<?xml version="1.0" encoding="UTF-8"?>
<testsuite xmlns:xsi="http://www.w3.org/2001/XMLSchema-instance" xsi:noNamespaceSchemaLocation="https://maven.apache.org/surefire/maven-surefire-plugin/xsd/surefire-test-report.xsd" name="org.apache.hadoop.ozone.container.common.statemachine.commandhandler.TestCloseContainerByPipeline" time="50.721" tests="3" errors="1" skipped="0" failures="0">
  <properties>
    <property name="awt.toolkit" value="sun.awt.X11.XToolkit"/>
    <property name="file.encoding.pkg" value="sun.io"/>
    <property name="java.specification.version" value="1.8"/>
    <property name="sun.cpu.isalist" value=""/>
    <property name="sun.jnu.encoding" value="UTF-8"/>
    <property name="java.class.path" value="/workdir/hadoop-ozone/integration-test/target/test-classes:/workdir/hadoop-ozone/integration-test/target/classes:/home/user/.m2/repository/org/apache/hadoop/hadoop-ozone-common/0.5.0-SNAPSHOT/hadoop-ozone-common-0.5.0-SNAPSHOT.jar:/home/user/.m2/repository/org/apache/commons/commons-compress/1.4.1/commons-compress-1.4.1.jar:/home/user/.m2/repository/org/tukaani/xz/1.0/xz-1.0.jar:/home/user/.m2/repository/org/apache/hadoop/hadoop-common/3.2.0/hadoop-common-3.2.0.jar:/home/user/.m2/repository/org/apache/hadoop/hadoop-hdfs/3.2.0/hadoop-hdfs-3.2.0.jar:/home/user/.m2/repository/org/apache/hadoop/hadoop-hdfs-client/3.2.0/hadoop-hdfs-client-3.2.0.jar:/home/user/.m2/repository/com/fasterxml/jackson/core/jackson-annotations/2.9.5/jackson-annotations-2.9.5.jar:/home/user/.m2/repository/org/apache/hadoop/hadoop-hdds-common/0.5.0-SNAPSHOT/hadoop-hdds-common-0.5.0-SNAPSHOT.jar:/home/user/.m2/repository/javax/annotation/javax.annotation-api/1.2/javax.annotation-api-1.2.jar:/home/user/.m2/repository/org/apache/ratis/ratis-server/0.4.0-2337318-SNAPSHOT/ratis-server-0.4.0-2337318-SNAPSHOT.jar:/home/user/.m2/repository/org/apache/ratis/ratis-thirdparty-misc/0.2.0/ratis-thirdparty-misc-0.2.0.jar:/home/user/.m2/repository/org/apache/ratis/ratis-proto/0.4.0-2337318-SNAPSHOT/ratis-proto-0.4.0-2337318-SNAPSHOT.jar:/home/user/.m2/repository/org/apache/ratis/ratis-common/0.4.0-2337318-SNAPSHOT/ratis-common-0.4.0-2337318-SNAPSHOT.jar:/home/user/.m2/repository/org/apache/ratis/ratis-client/0.4.0-2337318-SNAPSHOT/ratis-client-0.4.0-2337318-SNAPSHOT.jar:/home/user/.m2/repository/org/apache/ratis/ratis-metrics/0.4.0-2337318-SNAPSHOT/ratis-metrics-0.4.0-2337318-SNAPSHOT.jar:/home/user/.m2/repository/org/apache/ratis/ratis-netty/0.4.0-2337318-SNAPSHOT/ratis-netty-0.4.0-2337318-SNAPSHOT.jar:/home/user/.m2/repository/org/apache/ratis/ratis-grpc/0.4.0-2337318-SNAPSHOT/ratis-grpc-0.4.0-2337318-SNAPSHOT.jar:/home/user/.m2/repository/org/rocksdb/rocksdbjni/6.0.1/rocksdbjni-6.0.1.jar:/home/user/.m2/repository/org/apache/logging/log4j/log4j-api/2.11.0/log4j-api-2.11.0.jar:/home/user/.m2/repository/org/apache/logging/log4j/log4j-core/2.11.0/log4j-core-2.11.0.jar:/home/user/.m2/repository/com/lmax/disruptor/3.4.2/disruptor-3.4.2.jar:/home/user/.m2/repository/org/apache/commons/commons-pool2/2.6.0/commons-pool2-2.6.0.jar:/home/user/.m2/repository/org/bouncycastle/bcpkix-jdk15on/1.60/bcpkix-jdk15on-1.60.jar:/home/user/.m2/repository/commons-validator/commons-validator/1.6/commons-validator-1.6.jar:/home/user/.m2/repository/commons-digester/commons-digester/1.8.1/commons-digester-1.8.1.jar:/home/user/.m2/repository/io/jaegertracing/jaeger-client/0.33.1/jaeger-client-0.33.1.jar:/home/user/.m2/repository/io/jaegertracing/jaeger-thrift/0.33.1/jaeger-thrift-0.33.1.jar:/home/user/.m2/repository/org/apache/thrift/libthrift/0.11.0/libthrift-0.11.0.jar:/home/user/.m2/repository/com/squareup/okhttp3/okhttp/3.9.0/okhttp-3.9.0.jar:/home/user/.m2/repository/com/squareup/okio/okio/1.13.0/okio-1.13.0.jar:/home/user/.m2/repository/io/jaegertracing/jaeger-core/0.33.1/jaeger-core-0.33.1.jar:/home/user/.m2/repository/io/jaegertracing/jaeger-tracerresolver/0.33.1/jaeger-tracerresolver-0.33.1.jar:/home/user/.m2/repository/io/opentracing/contrib/opentracing-tracerresolver/0.1.5/opentracing-tracerresolver-0.1.5.jar:/home/user/.m2/repository/io/opentracing/opentracing-util/0.31.0/opentracing-util-0.31.0.jar:/home/user/.m2/repository/io/opentracing/opentracing-api/0.31.0/opentracing-api-0.31.0.jar:/home/user/.m2/repository/io/opentracing/opentracing-noop/0.31.0/opentracing-noop-0.31.0.jar:/home/user/.m2/repository/org/apache/hadoop/hadoop-hdds-server-framework/0.5.0-SNAPSHOT/hadoop-hdds-server-framework-0.5.0-SNAPSHOT.jar:/home/user/.m2/repository/org/apache/hadoop/hadoop-hdds-container-service/0.5.0-SNAPSHOT/hadoop-hdds-container-service-0.5.0-SNAPSHOT.jar:/home/user/.m2/repository/org/apache/hadoop/hadoop-hdds-client/0.5.0-SNAPSHOT/hadoop-hdds-client-0.5.0-SNAPSHOT.jar:/home/user/.m2/repository/org/apache/hadoop/hadoop-hdds-tools/0.5.0-SNAPSHOT/hadoop-hdds-tools-0.5.0-SNAPSHOT.jar:/home/user/.m2/repository/org/apache/hadoop/hadoop-hdds-server-scm/0.5.0-SNAPSHOT/hadoop-hdds-server-scm-0.5.0-SNAPSHOT.jar:/home/user/.m2/repository/org/apache/hadoop/hadoop-hdds-docs/0.5.0-SNAPSHOT/hadoop-hdds-docs-0.5.0-SNAPSHOT.jar:/home/user/.m2/repository/io/dropwizard/metrics/metrics-core/3.2.4/metrics-core-3.2.4.jar:/home/user/.m2/repository/org/hamcrest/hamcrest-all/1.3/hamcrest-all-1.3.jar:/home/user/.m2/repository/org/bouncycastle/bcprov-jdk15on/1.60/bcprov-jdk15on-1.60.jar:/home/user/.m2/repository/info/picocli/picocli/3.9.6/picocli-3.9.6.jar:/home/user/.m2/repository/com/google/protobuf/protobuf-java/2.5.0/protobuf-java-2.5.0.jar:/home/user/.m2/repository/com/google/guava/guava/11.0.2/guava-11.0.2.jar:/home/user/.m2/repository/org/apache/hadoop/hadoop-ozone-ozone-manager/0.5.0-SNAPSHOT/hadoop-ozone-ozone-manager-0.5.0-SNAPSHOT.jar:/home/user/.m2/repository/org/apache/hadoop/hadoop-minikdc/3.2.0/hadoop-minikdc-3.2.0.jar:/home/user/.m2/repository/commons-io/commons-io/2.5/commons-io-2.5.jar:/home/user/.m2/repository/org/apache/kerby/kerb-simplekdc/1.0.1/kerb-simplekdc-1.0.1.jar:/home/user/.m2/repository/org/apache/kerby/kerb-client/1.0.1/kerb-client-1.0.1.jar:/home/user/.m2/repository/org/apache/kerby/kerby-config/1.0.1/kerby-config-1.0.1.jar:/home/user/.m2/repository/org/apache/kerby/kerb-core/1.0.1/kerb-core-1.0.1.jar:/home/user/.m2/repository/org/apache/kerby/kerby-pkix/1.0.1/kerby-pkix-1.0.1.jar:/home/user/.m2/repository/org/apache/kerby/kerby-asn1/1.0.1/kerby-asn1-1.0.1.jar:/home/user/.m2/repository/org/apache/kerby/kerby-util/1.0.1/kerby-util-1.0.1.jar:/home/user/.m2/repository/org/apache/kerby/kerb-common/1.0.1/kerb-common-1.0.1.jar:/home/user/.m2/repository/org/apache/kerby/kerb-crypto/1.0.1/kerb-crypto-1.0.1.jar:/home/user/.m2/repository/org/apache/kerby/kerb-util/1.0.1/kerb-util-1.0.1.jar:/home/user/.m2/repository/org/apache/kerby/token-provider/1.0.1/token-provider-1.0.1.jar:/home/user/.m2/repository/org/apache/kerby/kerb-admin/1.0.1/kerb-admin-1.0.1.jar:/home/user/.m2/repository/org/apache/kerby/kerb-server/1.0.1/kerb-server-1.0.1.jar:/home/user/.m2/repository/org/apache/kerby/kerb-identity/1.0.1/kerb-identity-1.0.1.jar:/home/user/.m2/repository/org/apache/kerby/kerby-xdr/1.0.1/kerby-xdr-1.0.1.jar:/home/user/.m2/repository/org/slf4j/slf4j-log4j12/1.7.25/slf4j-log4j12-1.7.25.jar:/home/user/.m2/repository/org/apache/hadoop/hadoop-ozone-objectstore-service/0.5.0-SNAPSHOT/hadoop-ozone-objectstore-service-0.5.0-SNAPSHOT.jar:/home/user/.m2/repository/org/apache/hadoop/hadoop-ozone-s3gateway/0.5.0-SNAPSHOT/hadoop-ozone-s3gateway-0.5.0-SNAPSHOT.jar:/home/user/.m2/repository/org/jboss/weld/servlet/weld-servlet/2.4.7.Final/weld-servlet-2.4.7.Final.jar:/home/user/.m2/repository/org/glassfish/jersey/containers/jersey-container-servlet-core/2.27/jersey-container-servlet-core-2.27.jar:/home/user/.m2/repository/org/glassfish/hk2/external/javax.inject/2.5.0-b42/javax.inject-2.5.0-b42.jar:/home/user/.m2/repository/org/glassfish/jersey/core/jersey-common/2.27/jersey-common-2.27.jar:/home/user/.m2/repository/org/glassfish/hk2/osgi-resource-locator/1.0.1/osgi-resource-locator-1.0.1.jar:/home/user/.m2/repository/javax/ws/rs/javax.ws.rs-api/2.1/javax.ws.rs-api-2.1.jar:/home/user/.m2/repository/org/glassfish/jersey/ext/cdi/jersey-cdi1x/2.27/jersey-cdi1x-2.27.jar:/home/user/.m2/repository/org/glassfish/jersey/inject/jersey-hk2/2.27/jersey-hk2-2.27.jar:/home/user/.m2/repository/org/glassfish/hk2/hk2-locator/2.5.0-b42/hk2-locator-2.5.0-b42.jar:/home/user/.m2/repository/org/javassist/javassist/3.22.0-CR2/javassist-3.22.0-CR2.jar:/home/user/.m2/repository/org/glassfish/hk2/hk2-api/2.5.0/hk2-api-2.5.0.jar:/home/user/.m2/repository/org/glassfish/hk2/external/jakarta.inject/2.5.0/jakarta.inject-2.5.0.jar:/home/user/.m2/repository/org/glassfish/hk2/hk2-utils/2.5.0/hk2-utils-2.5.0.jar:/home/user/.m2/repository/jakarta/annotation/jakarta.annotation-api/1.3.4/jakarta.annotation-api-1.3.4.jar:/home/user/.m2/repository/org/glassfish/hk2/external/aopalliance-repackaged/2.5.0/aopalliance-repackaged-2.5.0.jar:/home/user/.m2/repository/com/fasterxml/jackson/dataformat/jackson-dataformat-xml/2.9.0/jackson-dataformat-xml-2.9.0.jar:/home/user/.m2/repository/com/fasterxml/jackson/core/jackson-core/2.9.5/jackson-core-2.9.5.jar:/home/user/.m2/repository/com/fasterxml/jackson/module/jackson-module-jaxb-annotations/2.9.5/jackson-module-jaxb-annotations-2.9.5.jar:/home/user/.m2/repository/javax/enterprise/cdi-api/1.2/cdi-api-1.2.jar:/home/user/.m2/repository/javax/el/javax.el-api/3.0.0/javax.el-api-3.0.0.jar:/home/user/.m2/repository/javax/interceptor/javax.interceptor-api/1.2/javax.interceptor-api-1.2.jar:/home/user/.m2/repository/javax/inject/javax.inject/1/javax.inject-1.jar:/home/user/.m2/repository/com/sun/xml/bind/jaxb-impl/2.3.0.1/jaxb-impl-2.3.0.1.jar:/home/user/.m2/repository/com/sun/xml/bind/jaxb-core/2.3.0.1/jaxb-core-2.3.0.1.jar:/home/user/.m2/repository/javax/xml/bind/jaxb-api/2.3.0/jaxb-api-2.3.0.jar:/home/user/.m2/repository/javax/activation/activation/1.1.1/activation-1.1.1.jar:/home/user/.m2/repository/org/apache/hadoop/hadoop-ozone-csi/0.5.0-SNAPSHOT/hadoop-ozone-csi-0.5.0-SNAPSHOT.jar:/home/user/.m2/repository/com/google/protobuf/protobuf-java-util/3.5.1/protobuf-java-util-3.5.1.jar:/home/user/.m2/repository/org/apache/hadoop/hadoop-hdds-config/0.5.0-SNAPSHOT/hadoop-hdds-config-0.5.0-SNAPSHOT.jar:/home/user/.m2/repository/io/grpc/grpc-netty/1.17.1/grpc-netty-1.17.1.jar:/home/user/.m2/repository/io/grpc/grpc-core/1.17.1/grpc-core-1.17.1.jar:/home/user/.m2/repository/io/grpc/grpc-context/1.17.1/grpc-context-1.17.1.jar:/home/user/.m2/repository/com/google/errorprone/error_prone_annotations/2.2.0/error_prone_annotations-2.2.0.jar:/home/user/.m2/repository/org/codehaus/mojo/animal-sniffer-annotations/1.17/animal-sniffer-annotations-1.17.jar:/home/user/.m2/repository/io/opencensus/opencensus-api/0.17.0/opencensus-api-0.17.0.jar:/home/user/.m2/repository/io/opencensus/opencensus-contrib-grpc-metrics/0.17.0/opencensus-contrib-grpc-metrics-0.17.0.jar:/home/user/.m2/repository/io/netty/netty-codec-http2/4.1.30.Final/netty-codec-http2-4.1.30.Final.jar:/home/user/.m2/repository/io/netty/netty-codec-http/4.1.30.Final/netty-codec-http-4.1.30.Final.jar:/home/user/.m2/repository/io/netty/netty-codec/4.1.30.Final/netty-codec-4.1.30.Final.jar:/home/user/.m2/repository/io/netty/netty-handler/4.1.30.Final/netty-handler-4.1.30.Final.jar:/home/user/.m2/repository/io/netty/netty-handler-proxy/4.1.30.Final/netty-handler-proxy-4.1.30.Final.jar:/home/user/.m2/repository/io/netty/netty-codec-socks/4.1.30.Final/netty-codec-socks-4.1.30.Final.jar:/home/user/.m2/repository/io/netty/netty-transport-native-epoll/4.1.30.Final/netty-transport-native-epoll-4.1.30.Final.jar:/home/user/.m2/repository/io/netty/netty-common/4.1.30.Final/netty-common-4.1.30.Final.jar:/home/user/.m2/repository/io/netty/netty-buffer/4.1.30.Final/netty-buffer-4.1.30.Final.jar:/home/user/.m2/repository/io/netty/netty-transport/4.1.30.Final/netty-transport-4.1.30.Final.jar:/home/user/.m2/repository/io/netty/netty-resolver/4.1.30.Final/netty-resolver-4.1.30.Final.jar:/home/user/.m2/repository/io/netty/netty-transport-native-unix-common/4.1.30.Final/netty-transport-native-unix-common-4.1.30.Final.jar:/home/user/.m2/repository/io/grpc/grpc-protobuf/1.17.1/grpc-protobuf-1.17.1.jar:/home/user/.m2/repository/com/google/api/grpc/proto-google-common-protos/1.0.0/proto-google-common-protos-1.0.0.jar:/home/user/.m2/repository/io/grpc/grpc-protobuf-lite/1.17.1/grpc-protobuf-lite-1.17.1.jar:/home/user/.m2/repository/io/grpc/grpc-stub/1.17.1/grpc-stub-1.17.1.jar:/home/user/.m2/repository/org/apache/hadoop/hadoop-ozone-recon/0.5.0-SNAPSHOT/hadoop-ozone-recon-0.5.0-SNAPSHOT.jar:/home/user/.m2/repository/org/apache/hadoop/hadoop-ozone-reconcodegen/0.5.0-SNAPSHOT/hadoop-ozone-reconcodegen-0.5.0-SNAPSHOT.jar:/home/user/.m2/repository/com/google/inject/extensions/guice-multibindings/4.0/guice-multibindings-4.0.jar:/home/user/.m2/repository/com/google/inject/guice/4.0/guice-4.0.jar:/home/user/.m2/repository/aopalliance/aopalliance/1.0/aopalliance-1.0.jar:/home/user/.m2/repository/com/google/inject/extensions/guice-servlet/4.0/guice-servlet-4.0.jar:/home/user/.m2/repository/org/glassfish/jersey/containers/jersey-container-servlet/2.27/jersey-container-servlet-2.27.jar:/home/user/.m2/repository/org/glassfish/hk2/guice-bridge/2.5.0/guice-bridge-2.5.0.jar:/home/user/.m2/repository/org/glassfish/jersey/core/jersey-server/2.27/jersey-server-2.27.jar:/home/user/.m2/repository/org/glassfish/jersey/core/jersey-client/2.27/jersey-client-2.27.jar:/home/user/.m2/repository/org/glassfish/jersey/media/jersey-media-jaxb/2.27/jersey-media-jaxb-2.27.jar:/home/user/.m2/repository/javax/validation/validation-api/1.1.0.Final/validation-api-1.1.0.Final.jar:/home/user/.m2/repository/org/glassfish/jersey/media/jersey-media-json-jackson/2.27/jersey-media-json-jackson-2.27.jar:/home/user/.m2/repository/org/glassfish/jersey/ext/jersey-entity-filtering/2.27/jersey-entity-filtering-2.27.jar:/home/user/.m2/repository/com/google/inject/extensions/guice-assistedinject/4.0/guice-assistedinject-4.0.jar:/home/user/.m2/repository/org/jooq/jooq/3.11.10/jooq-3.11.10.jar:/home/user/.m2/repository/org/jooq/jooq-meta/3.11.10/jooq-meta-3.11.10.jar:/home/user/.m2/repository/org/jooq/jooq-codegen/3.11.10/jooq-codegen-3.11.10.jar:/home/user/.m2/repository/com/jolbox/bonecp/0.8.0.RELEASE/bonecp-0.8.0.RELEASE.jar:/home/user/.m2/repository/org/xerial/sqlite-jdbc/3.25.2/sqlite-jdbc-3.25.2.jar:/home/user/.m2/repository/org/springframework/spring-jdbc/5.1.3.RELEASE/spring-jdbc-5.1.3.RELEASE.jar:/home/user/.m2/repository/org/springframework/spring-beans/5.1.3.RELEASE/spring-beans-5.1.3.RELEASE.jar:/home/user/.m2/repository/org/springframework/spring-core/5.1.3.RELEASE/spring-core-5.1.3.RELEASE.jar:/home/user/.m2/repository/org/springframework/spring-jcl/5.1.3.RELEASE/spring-jcl-5.1.3.RELEASE.jar:/home/user/.m2/repository/org/springframework/spring-tx/5.1.3.RELEASE/spring-tx-5.1.3.RELEASE.jar:/home/user/.m2/repository/org/apache/hadoop/hadoop-ozone-client/0.5.0-SNAPSHOT/hadoop-ozone-client-0.5.0-SNAPSHOT.jar:/home/user/.m2/repository/commons-lang/commons-lang/2.6/commons-lang-2.6.jar:/home/user/.m2/repository/org/apache/hadoop/hadoop-ozone-ozone-manager/0.5.0-SNAPSHOT/hadoop-ozone-ozone-manager-0.5.0-SNAPSHOT-tests.jar:/home/user/.m2/repository/junit/junit/4.11/junit-4.11.jar:/home/user/.m2/repository/org/hamcrest/hamcrest-core/1.3/hamcrest-core-1.3.jar:/home/user/.m2/repository/org/openjdk/jmh/jmh-core/1.19/jmh-core-1.19.jar:/home/user/.m2/repository/net/sf/jopt-simple/jopt-simple/4.6/jopt-simple-4.6.jar:/home/user/.m2/repository/org/apache/commons/commons-math3/3.1.1/commons-math3-3.1.1.jar:/home/user/.m2/repository/org/openjdk/jmh/jmh-generator-annprocess/1.19/jmh-generator-annprocess-1.19.jar:/home/user/.m2/repository/org/mockito/mockito-all/1.8.5/mockito-all-1.8.5.jar:/home/user/.m2/repository/org/apache/hadoop/hadoop-kms/3.2.0/hadoop-kms-3.2.0.jar:/home/user/.m2/repository/org/apache/hadoop/hadoop-auth/3.2.0/hadoop-auth-3.2.0.jar:/home/user/.m2/repository/com/nimbusds/nimbus-jose-jwt/4.41.1/nimbus-jose-jwt-4.41.1.jar:/home/user/.m2/repository/com/github/stephenc/jcip/jcip-annotations/1.0-1/jcip-annotations-1.0-1.jar:/home/user/.m2/repository/net/minidev/json-smart/2.3/json-smart-2.3.jar:/home/user/.m2/repository/net/minidev/accessors-smart/1.2/accessors-smart-1.2.jar:/home/user/.m2/repository/org/ow2/asm/asm/5.0.4/asm-5.0.4.jar:/home/user/.m2/repository/org/apache/curator/curator-framework/2.12.0/curator-framework-2.12.0.jar:/home/user/.m2/repository/com/sun/jersey/jersey-core/1.19/jersey-core-1.19.jar:/home/user/.m2/repository/javax/ws/rs/jsr311-api/1.1.1/jsr311-api-1.1.1.jar:/home/user/.m2/repository/com/sun/jersey/jersey-server/1.19/jersey-server-1.19.jar:/home/user/.m2/repository/javax/servlet/javax.servlet-api/3.1.0/javax.servlet-api-3.1.0.jar:/home/user/.m2/repository/org/eclipse/jetty/jetty-server/9.3.24.v20180605/jetty-server-9.3.24.v20180605.jar:/home/user/.m2/repository/org/eclipse/jetty/jetty-http/9.3.24.v20180605/jetty-http-9.3.24.v20180605.jar:/home/user/.m2/repository/org/eclipse/jetty/jetty-io/9.3.24.v20180605/jetty-io-9.3.24.v20180605.jar:/home/user/.m2/repository/org/eclipse/jetty/jetty-webapp/9.3.24.v20180605/jetty-webapp-9.3.24.v20180605.jar:/home/user/.m2/repository/org/eclipse/jetty/jetty-xml/9.3.24.v20180605/jetty-xml-9.3.24.v20180605.jar:/home/user/.m2/repository/log4j/log4j/1.2.17/log4j-1.2.17.jar:/home/user/.m2/repository/org/slf4j/slf4j-api/1.7.25/slf4j-api-1.7.25.jar:/home/user/.m2/repository/org/slf4j/jul-to-slf4j/1.7.25/jul-to-slf4j-1.7.25.jar:/home/user/.m2/repository/org/eclipse/jetty/jetty-util/9.3.24.v20180605/jetty-util-9.3.24.v20180605.jar:/home/user/.m2/repository/com/fasterxml/jackson/core/jackson-databind/2.9.5/jackson-databind-2.9.5.jar:/home/user/.m2/repository/org/apache/hadoop/hadoop-kms/3.2.0/hadoop-kms-3.2.0-tests.jar:/home/user/.m2/repository/org/apache/hadoop/hadoop-hdds-server-scm/0.5.0-SNAPSHOT/hadoop-hdds-server-scm-0.5.0-SNAPSHOT-tests.jar:/home/user/.m2/repository/org/apache/hadoop/hadoop-hdds-container-service/0.5.0-SNAPSHOT/hadoop-hdds-container-service-0.5.0-SNAPSHOT-tests.jar:/home/user/.m2/repository/org/yaml/snakeyaml/1.16/snakeyaml-1.16.jar:/home/user/.m2/repository/org/apache/hadoop/hadoop-common/3.2.0/hadoop-common-3.2.0-tests.jar:/home/user/.m2/repository/org/apache/hadoop/hadoop-annotations/3.2.0/hadoop-annotations-3.2.0.jar:/usr/lib/jvm/java-1.8-openjdk/jre/../lib/tools.jar:/home/user/.m2/repository/commons-cli/commons-cli/1.2/commons-cli-1.2.jar:/home/user/.m2/repository/org/apache/httpcomponents/httpclient/4.5.2/httpclient-4.5.2.jar:/home/user/.m2/repository/org/apache/httpcomponents/httpcore/4.4.4/httpcore-4.4.4.jar:/home/user/.m2/repository/commons-codec/commons-codec/1.11/commons-codec-1.11.jar:/home/user/.m2/repository/commons-net/commons-net/3.6/commons-net-3.6.jar:/home/user/.m2/repository/commons-collections/commons-collections/3.2.2/commons-collections-3.2.2.jar:/home/user/.m2/repository/org/eclipse/jetty/jetty-servlet/9.3.24.v20180605/jetty-servlet-9.3.24.v20180605.jar:/home/user/.m2/repository/org/eclipse/jetty/jetty-security/9.3.24.v20180605/jetty-security-9.3.24.v20180605.jar:/home/user/.m2/repository/javax/servlet/jsp/jsp-api/2.1/jsp-api-2.1.jar:/home/user/.m2/repository/com/sun/jersey/jersey-servlet/1.19/jersey-servlet-1.19.jar:/home/user/.m2/repository/com/sun/jersey/jersey-json/1.19/jersey-json-1.19.jar:/home/user/.m2/repository/org/codehaus/jettison/jettison/1.1/jettison-1.1.jar:/home/user/.m2/repository/org/codehaus/jackson/jackson-core-asl/1.9.13/jackson-core-asl-1.9.13.jar:/home/user/.m2/repository/org/codehaus/jackson/jackson-mapper-asl/1.9.13/jackson-mapper-asl-1.9.13.jar:/home/user/.m2/repository/org/codehaus/jackson/jackson-jaxrs/1.9.13/jackson-jaxrs-1.9.13.jar:/home/user/.m2/repository/org/codehaus/jackson/jackson-xc/1.9.13/jackson-xc-1.9.13.jar:/home/user/.m2/repository/commons-logging/commons-logging/1.1.3/commons-logging-1.1.3.jar:/home/user/.m2/repository/commons-beanutils/commons-beanutils/1.9.3/commons-beanutils-1.9.3.jar:/home/user/.m2/repository/org/apache/commons/commons-configuration2/2.1.1/commons-configuration2-2.1.1.jar:/home/user/.m2/repository/org/apache/commons/commons-lang3/3.7/commons-lang3-3.7.jar:/home/user/.m2/repository/org/apache/commons/commons-text/1.4/commons-text-1.4.jar:/home/user/.m2/repository/org/apache/avro/avro/1.7.7/avro-1.7.7.jar:/home/user/.m2/repository/com/thoughtworks/paranamer/paranamer/2.3/paranamer-2.3.jar:/home/user/.m2/repository/org/xerial/snappy/snappy-java/1.0.5/snappy-java-1.0.5.jar:/home/user/.m2/repository/com/google/re2j/re2j/1.1/re2j-1.1.jar:/home/user/.m2/repository/com/google/code/gson/gson/2.2.4/gson-2.2.4.jar:/home/user/.m2/repository/com/jcraft/jsch/0.1.54/jsch-0.1.54.jar:/home/user/.m2/repository/org/apache/curator/curator-client/2.12.0/curator-client-2.12.0.jar:/home/user/.m2/repository/org/apache/curator/curator-recipes/2.12.0/curator-recipes-2.12.0.jar:/home/user/.m2/repository/com/google/code/findbugs/jsr305/3.0.0/jsr305-3.0.0.jar:/home/user/.m2/repository/org/apache/htrace/htrace-core4/4.1.0-incubating/htrace-core4-4.1.0-incubating.jar:/home/user/.m2/repository/org/apache/zookeeper/zookeeper/3.4.13/zookeeper-3.4.13.jar:/home/user/.m2/repository/org/apache/yetus/audience-annotations/0.5.0/audience-annotations-0.5.0.jar:/home/user/.m2/repository/org/codehaus/woodstox/stax2-api/3.1.4/stax2-api-3.1.4.jar:/home/user/.m2/repository/com/fasterxml/woodstox/woodstox-core/5.0.3/woodstox-core-5.0.3.jar:/home/user/.m2/repository/dnsjava/dnsjava/2.1.7/dnsjava-2.1.7.jar:/home/user/.m2/repository/org/apache/hadoop/hadoop-hdfs/3.2.0/hadoop-hdfs-3.2.0-tests.jar:/home/user/.m2/repository/org/eclipse/jetty/jetty-util-ajax/9.3.24.v20180605/jetty-util-ajax-9.3.24.v20180605.jar:/home/user/.m2/repository/commons-daemon/commons-daemon/1.0.13/commons-daemon-1.0.13.jar:/home/user/.m2/repository/io/netty/netty/3.10.5.Final/netty-3.10.5.Final.jar:/home/user/.m2/repository/io/netty/netty-all/4.0.52.Final/netty-all-4.0.52.Final.jar:/home/user/.m2/repository/org/fusesource/leveldbjni/leveldbjni-all/1.8/leveldbjni-all-1.8.jar:"/>
    <property name="java.vm.vendor" value="IcedTea"/>
    <property name="sun.arch.data.model" value="64"/>
    <property name="test.build.dir" value="/workdir/hadoop-ozone/integration-test/target/test-dir"/>
    <property name="test.cache.data" value=""/>
    <property name="java.vendor.url" value="https://icedtea.classpath.org"/>
    <property name="user.timezone" value=""/>
    <property name="java.vm.specification.version" value="1.8"/>
    <property name="os.name" value="Linux"/>
    <property name="test.build.data" value="/workdir/hadoop-ozone/integration-test/target/test-dir"/>
    <property name="user.country" value="US"/>
    <property name="sun.java.launcher" value="SUN_STANDARD"/>
    <property name="sun.boot.library.path" value="/usr/lib/jvm/java-1.8-openjdk/jre/lib/amd64"/>
    <property name="sun.java.command" value="/workdir/hadoop-ozone/integration-test/target/surefire/surefirebooter6647077014097922837.jar /workdir/hadoop-ozone/integration-test/target/surefire 2019-09-12T10-07-27_366-jvmRun1 surefire4190350204580362133tmp surefire_906764162677233294490tmp"/>
    <property name="test" value="!TestMiniChaosOzoneCluster"/>
    <property name="surefire.test.class.path" value="/workdir/hadoop-ozone/integration-test/target/test-classes:/workdir/hadoop-ozone/integration-test/target/classes:/home/user/.m2/repository/org/apache/hadoop/hadoop-ozone-common/0.5.0-SNAPSHOT/hadoop-ozone-common-0.5.0-SNAPSHOT.jar:/home/user/.m2/repository/org/apache/commons/commons-compress/1.4.1/commons-compress-1.4.1.jar:/home/user/.m2/repository/org/tukaani/xz/1.0/xz-1.0.jar:/home/user/.m2/repository/org/apache/hadoop/hadoop-common/3.2.0/hadoop-common-3.2.0.jar:/home/user/.m2/repository/org/apache/hadoop/hadoop-hdfs/3.2.0/hadoop-hdfs-3.2.0.jar:/home/user/.m2/repository/org/apache/hadoop/hadoop-hdfs-client/3.2.0/hadoop-hdfs-client-3.2.0.jar:/home/user/.m2/repository/com/fasterxml/jackson/core/jackson-annotations/2.9.5/jackson-annotations-2.9.5.jar:/home/user/.m2/repository/org/apache/hadoop/hadoop-hdds-common/0.5.0-SNAPSHOT/hadoop-hdds-common-0.5.0-SNAPSHOT.jar:/home/user/.m2/repository/javax/annotation/javax.annotation-api/1.2/javax.annotation-api-1.2.jar:/home/user/.m2/repository/org/apache/ratis/ratis-server/0.4.0-2337318-SNAPSHOT/ratis-server-0.4.0-2337318-SNAPSHOT.jar:/home/user/.m2/repository/org/apache/ratis/ratis-thirdparty-misc/0.2.0/ratis-thirdparty-misc-0.2.0.jar:/home/user/.m2/repository/org/apache/ratis/ratis-proto/0.4.0-2337318-SNAPSHOT/ratis-proto-0.4.0-2337318-SNAPSHOT.jar:/home/user/.m2/repository/org/apache/ratis/ratis-common/0.4.0-2337318-SNAPSHOT/ratis-common-0.4.0-2337318-SNAPSHOT.jar:/home/user/.m2/repository/org/apache/ratis/ratis-client/0.4.0-2337318-SNAPSHOT/ratis-client-0.4.0-2337318-SNAPSHOT.jar:/home/user/.m2/repository/org/apache/ratis/ratis-metrics/0.4.0-2337318-SNAPSHOT/ratis-metrics-0.4.0-2337318-SNAPSHOT.jar:/home/user/.m2/repository/org/apache/ratis/ratis-netty/0.4.0-2337318-SNAPSHOT/ratis-netty-0.4.0-2337318-SNAPSHOT.jar:/home/user/.m2/repository/org/apache/ratis/ratis-grpc/0.4.0-2337318-SNAPSHOT/ratis-grpc-0.4.0-2337318-SNAPSHOT.jar:/home/user/.m2/repository/org/rocksdb/rocksdbjni/6.0.1/rocksdbjni-6.0.1.jar:/home/user/.m2/repository/org/apache/logging/log4j/log4j-api/2.11.0/log4j-api-2.11.0.jar:/home/user/.m2/repository/org/apache/logging/log4j/log4j-core/2.11.0/log4j-core-2.11.0.jar:/home/user/.m2/repository/com/lmax/disruptor/3.4.2/disruptor-3.4.2.jar:/home/user/.m2/repository/org/apache/commons/commons-pool2/2.6.0/commons-pool2-2.6.0.jar:/home/user/.m2/repository/org/bouncycastle/bcpkix-jdk15on/1.60/bcpkix-jdk15on-1.60.jar:/home/user/.m2/repository/commons-validator/commons-validator/1.6/commons-validator-1.6.jar:/home/user/.m2/repository/commons-digester/commons-digester/1.8.1/commons-digester-1.8.1.jar:/home/user/.m2/repository/io/jaegertracing/jaeger-client/0.33.1/jaeger-client-0.33.1.jar:/home/user/.m2/repository/io/jaegertracing/jaeger-thrift/0.33.1/jaeger-thrift-0.33.1.jar:/home/user/.m2/repository/org/apache/thrift/libthrift/0.11.0/libthrift-0.11.0.jar:/home/user/.m2/repository/com/squareup/okhttp3/okhttp/3.9.0/okhttp-3.9.0.jar:/home/user/.m2/repository/com/squareup/okio/okio/1.13.0/okio-1.13.0.jar:/home/user/.m2/repository/io/jaegertracing/jaeger-core/0.33.1/jaeger-core-0.33.1.jar:/home/user/.m2/repository/io/jaegertracing/jaeger-tracerresolver/0.33.1/jaeger-tracerresolver-0.33.1.jar:/home/user/.m2/repository/io/opentracing/contrib/opentracing-tracerresolver/0.1.5/opentracing-tracerresolver-0.1.5.jar:/home/user/.m2/repository/io/opentracing/opentracing-util/0.31.0/opentracing-util-0.31.0.jar:/home/user/.m2/repository/io/opentracing/opentracing-api/0.31.0/opentracing-api-0.31.0.jar:/home/user/.m2/repository/io/opentracing/opentracing-noop/0.31.0/opentracing-noop-0.31.0.jar:/home/user/.m2/repository/org/apache/hadoop/hadoop-hdds-server-framework/0.5.0-SNAPSHOT/hadoop-hdds-server-framework-0.5.0-SNAPSHOT.jar:/home/user/.m2/repository/org/apache/hadoop/hadoop-hdds-container-service/0.5.0-SNAPSHOT/hadoop-hdds-container-service-0.5.0-SNAPSHOT.jar:/home/user/.m2/repository/org/apache/hadoop/hadoop-hdds-client/0.5.0-SNAPSHOT/hadoop-hdds-client-0.5.0-SNAPSHOT.jar:/home/user/.m2/repository/org/apache/hadoop/hadoop-hdds-tools/0.5.0-SNAPSHOT/hadoop-hdds-tools-0.5.0-SNAPSHOT.jar:/home/user/.m2/repository/org/apache/hadoop/hadoop-hdds-server-scm/0.5.0-SNAPSHOT/hadoop-hdds-server-scm-0.5.0-SNAPSHOT.jar:/home/user/.m2/repository/org/apache/hadoop/hadoop-hdds-docs/0.5.0-SNAPSHOT/hadoop-hdds-docs-0.5.0-SNAPSHOT.jar:/home/user/.m2/repository/io/dropwizard/metrics/metrics-core/3.2.4/metrics-core-3.2.4.jar:/home/user/.m2/repository/org/hamcrest/hamcrest-all/1.3/hamcrest-all-1.3.jar:/home/user/.m2/repository/org/bouncycastle/bcprov-jdk15on/1.60/bcprov-jdk15on-1.60.jar:/home/user/.m2/repository/info/picocli/picocli/3.9.6/picocli-3.9.6.jar:/home/user/.m2/repository/com/google/protobuf/protobuf-java/2.5.0/protobuf-java-2.5.0.jar:/home/user/.m2/repository/com/google/guava/guava/11.0.2/guava-11.0.2.jar:/home/user/.m2/repository/org/apache/hadoop/hadoop-ozone-ozone-manager/0.5.0-SNAPSHOT/hadoop-ozone-ozone-manager-0.5.0-SNAPSHOT.jar:/home/user/.m2/repository/org/apache/hadoop/hadoop-minikdc/3.2.0/hadoop-minikdc-3.2.0.jar:/home/user/.m2/repository/commons-io/commons-io/2.5/commons-io-2.5.jar:/home/user/.m2/repository/org/apache/kerby/kerb-simplekdc/1.0.1/kerb-simplekdc-1.0.1.jar:/home/user/.m2/repository/org/apache/kerby/kerb-client/1.0.1/kerb-client-1.0.1.jar:/home/user/.m2/repository/org/apache/kerby/kerby-config/1.0.1/kerby-config-1.0.1.jar:/home/user/.m2/repository/org/apache/kerby/kerb-core/1.0.1/kerb-core-1.0.1.jar:/home/user/.m2/repository/org/apache/kerby/kerby-pkix/1.0.1/kerby-pkix-1.0.1.jar:/home/user/.m2/repository/org/apache/kerby/kerby-asn1/1.0.1/kerby-asn1-1.0.1.jar:/home/user/.m2/repository/org/apache/kerby/kerby-util/1.0.1/kerby-util-1.0.1.jar:/home/user/.m2/repository/org/apache/kerby/kerb-common/1.0.1/kerb-common-1.0.1.jar:/home/user/.m2/repository/org/apache/kerby/kerb-crypto/1.0.1/kerb-crypto-1.0.1.jar:/home/user/.m2/repository/org/apache/kerby/kerb-util/1.0.1/kerb-util-1.0.1.jar:/home/user/.m2/repository/org/apache/kerby/token-provider/1.0.1/token-provider-1.0.1.jar:/home/user/.m2/repository/org/apache/kerby/kerb-admin/1.0.1/kerb-admin-1.0.1.jar:/home/user/.m2/repository/org/apache/kerby/kerb-server/1.0.1/kerb-server-1.0.1.jar:/home/user/.m2/repository/org/apache/kerby/kerb-identity/1.0.1/kerb-identity-1.0.1.jar:/home/user/.m2/repository/org/apache/kerby/kerby-xdr/1.0.1/kerby-xdr-1.0.1.jar:/home/user/.m2/repository/org/slf4j/slf4j-log4j12/1.7.25/slf4j-log4j12-1.7.25.jar:/home/user/.m2/repository/org/apache/hadoop/hadoop-ozone-objectstore-service/0.5.0-SNAPSHOT/hadoop-ozone-objectstore-service-0.5.0-SNAPSHOT.jar:/home/user/.m2/repository/org/apache/hadoop/hadoop-ozone-s3gateway/0.5.0-SNAPSHOT/hadoop-ozone-s3gateway-0.5.0-SNAPSHOT.jar:/home/user/.m2/repository/org/jboss/weld/servlet/weld-servlet/2.4.7.Final/weld-servlet-2.4.7.Final.jar:/home/user/.m2/repository/org/glassfish/jersey/containers/jersey-container-servlet-core/2.27/jersey-container-servlet-core-2.27.jar:/home/user/.m2/repository/org/glassfish/hk2/external/javax.inject/2.5.0-b42/javax.inject-2.5.0-b42.jar:/home/user/.m2/repository/org/glassfish/jersey/core/jersey-common/2.27/jersey-common-2.27.jar:/home/user/.m2/repository/org/glassfish/hk2/osgi-resource-locator/1.0.1/osgi-resource-locator-1.0.1.jar:/home/user/.m2/repository/javax/ws/rs/javax.ws.rs-api/2.1/javax.ws.rs-api-2.1.jar:/home/user/.m2/repository/org/glassfish/jersey/ext/cdi/jersey-cdi1x/2.27/jersey-cdi1x-2.27.jar:/home/user/.m2/repository/org/glassfish/jersey/inject/jersey-hk2/2.27/jersey-hk2-2.27.jar:/home/user/.m2/repository/org/glassfish/hk2/hk2-locator/2.5.0-b42/hk2-locator-2.5.0-b42.jar:/home/user/.m2/repository/org/javassist/javassist/3.22.0-CR2/javassist-3.22.0-CR2.jar:/home/user/.m2/repository/org/glassfish/hk2/hk2-api/2.5.0/hk2-api-2.5.0.jar:/home/user/.m2/repository/org/glassfish/hk2/external/jakarta.inject/2.5.0/jakarta.inject-2.5.0.jar:/home/user/.m2/repository/org/glassfish/hk2/hk2-utils/2.5.0/hk2-utils-2.5.0.jar:/home/user/.m2/repository/jakarta/annotation/jakarta.annotation-api/1.3.4/jakarta.annotation-api-1.3.4.jar:/home/user/.m2/repository/org/glassfish/hk2/external/aopalliance-repackaged/2.5.0/aopalliance-repackaged-2.5.0.jar:/home/user/.m2/repository/com/fasterxml/jackson/dataformat/jackson-dataformat-xml/2.9.0/jackson-dataformat-xml-2.9.0.jar:/home/user/.m2/repository/com/fasterxml/jackson/core/jackson-core/2.9.5/jackson-core-2.9.5.jar:/home/user/.m2/repository/com/fasterxml/jackson/module/jackson-module-jaxb-annotations/2.9.5/jackson-module-jaxb-annotations-2.9.5.jar:/home/user/.m2/repository/javax/enterprise/cdi-api/1.2/cdi-api-1.2.jar:/home/user/.m2/repository/javax/el/javax.el-api/3.0.0/javax.el-api-3.0.0.jar:/home/user/.m2/repository/javax/interceptor/javax.interceptor-api/1.2/javax.interceptor-api-1.2.jar:/home/user/.m2/repository/javax/inject/javax.inject/1/javax.inject-1.jar:/home/user/.m2/repository/com/sun/xml/bind/jaxb-impl/2.3.0.1/jaxb-impl-2.3.0.1.jar:/home/user/.m2/repository/com/sun/xml/bind/jaxb-core/2.3.0.1/jaxb-core-2.3.0.1.jar:/home/user/.m2/repository/javax/xml/bind/jaxb-api/2.3.0/jaxb-api-2.3.0.jar:/home/user/.m2/repository/javax/activation/activation/1.1.1/activation-1.1.1.jar:/home/user/.m2/repository/org/apache/hadoop/hadoop-ozone-csi/0.5.0-SNAPSHOT/hadoop-ozone-csi-0.5.0-SNAPSHOT.jar:/home/user/.m2/repository/com/google/protobuf/protobuf-java-util/3.5.1/protobuf-java-util-3.5.1.jar:/home/user/.m2/repository/org/apache/hadoop/hadoop-hdds-config/0.5.0-SNAPSHOT/hadoop-hdds-config-0.5.0-SNAPSHOT.jar:/home/user/.m2/repository/io/grpc/grpc-netty/1.17.1/grpc-netty-1.17.1.jar:/home/user/.m2/repository/io/grpc/grpc-core/1.17.1/grpc-core-1.17.1.jar:/home/user/.m2/repository/io/grpc/grpc-context/1.17.1/grpc-context-1.17.1.jar:/home/user/.m2/repository/com/google/errorprone/error_prone_annotations/2.2.0/error_prone_annotations-2.2.0.jar:/home/user/.m2/repository/org/codehaus/mojo/animal-sniffer-annotations/1.17/animal-sniffer-annotations-1.17.jar:/home/user/.m2/repository/io/opencensus/opencensus-api/0.17.0/opencensus-api-0.17.0.jar:/home/user/.m2/repository/io/opencensus/opencensus-contrib-grpc-metrics/0.17.0/opencensus-contrib-grpc-metrics-0.17.0.jar:/home/user/.m2/repository/io/netty/netty-codec-http2/4.1.30.Final/netty-codec-http2-4.1.30.Final.jar:/home/user/.m2/repository/io/netty/netty-codec-http/4.1.30.Final/netty-codec-http-4.1.30.Final.jar:/home/user/.m2/repository/io/netty/netty-codec/4.1.30.Final/netty-codec-4.1.30.Final.jar:/home/user/.m2/repository/io/netty/netty-handler/4.1.30.Final/netty-handler-4.1.30.Final.jar:/home/user/.m2/repository/io/netty/netty-handler-proxy/4.1.30.Final/netty-handler-proxy-4.1.30.Final.jar:/home/user/.m2/repository/io/netty/netty-codec-socks/4.1.30.Final/netty-codec-socks-4.1.30.Final.jar:/home/user/.m2/repository/io/netty/netty-transport-native-epoll/4.1.30.Final/netty-transport-native-epoll-4.1.30.Final.jar:/home/user/.m2/repository/io/netty/netty-common/4.1.30.Final/netty-common-4.1.30.Final.jar:/home/user/.m2/repository/io/netty/netty-buffer/4.1.30.Final/netty-buffer-4.1.30.Final.jar:/home/user/.m2/repository/io/netty/netty-transport/4.1.30.Final/netty-transport-4.1.30.Final.jar:/home/user/.m2/repository/io/netty/netty-resolver/4.1.30.Final/netty-resolver-4.1.30.Final.jar:/home/user/.m2/repository/io/netty/netty-transport-native-unix-common/4.1.30.Final/netty-transport-native-unix-common-4.1.30.Final.jar:/home/user/.m2/repository/io/grpc/grpc-protobuf/1.17.1/grpc-protobuf-1.17.1.jar:/home/user/.m2/repository/com/google/api/grpc/proto-google-common-protos/1.0.0/proto-google-common-protos-1.0.0.jar:/home/user/.m2/repository/io/grpc/grpc-protobuf-lite/1.17.1/grpc-protobuf-lite-1.17.1.jar:/home/user/.m2/repository/io/grpc/grpc-stub/1.17.1/grpc-stub-1.17.1.jar:/home/user/.m2/repository/org/apache/hadoop/hadoop-ozone-recon/0.5.0-SNAPSHOT/hadoop-ozone-recon-0.5.0-SNAPSHOT.jar:/home/user/.m2/repository/org/apache/hadoop/hadoop-ozone-reconcodegen/0.5.0-SNAPSHOT/hadoop-ozone-reconcodegen-0.5.0-SNAPSHOT.jar:/home/user/.m2/repository/com/google/inject/extensions/guice-multibindings/4.0/guice-multibindings-4.0.jar:/home/user/.m2/repository/com/google/inject/guice/4.0/guice-4.0.jar:/home/user/.m2/repository/aopalliance/aopalliance/1.0/aopalliance-1.0.jar:/home/user/.m2/repository/com/google/inject/extensions/guice-servlet/4.0/guice-servlet-4.0.jar:/home/user/.m2/repository/org/glassfish/jersey/containers/jersey-container-servlet/2.27/jersey-container-servlet-2.27.jar:/home/user/.m2/repository/org/glassfish/hk2/guice-bridge/2.5.0/guice-bridge-2.5.0.jar:/home/user/.m2/repository/org/glassfish/jersey/core/jersey-server/2.27/jersey-server-2.27.jar:/home/user/.m2/repository/org/glassfish/jersey/core/jersey-client/2.27/jersey-client-2.27.jar:/home/user/.m2/repository/org/glassfish/jersey/media/jersey-media-jaxb/2.27/jersey-media-jaxb-2.27.jar:/home/user/.m2/repository/javax/validation/validation-api/1.1.0.Final/validation-api-1.1.0.Final.jar:/home/user/.m2/repository/org/glassfish/jersey/media/jersey-media-json-jackson/2.27/jersey-media-json-jackson-2.27.jar:/home/user/.m2/repository/org/glassfish/jersey/ext/jersey-entity-filtering/2.27/jersey-entity-filtering-2.27.jar:/home/user/.m2/repository/com/google/inject/extensions/guice-assistedinject/4.0/guice-assistedinject-4.0.jar:/home/user/.m2/repository/org/jooq/jooq/3.11.10/jooq-3.11.10.jar:/home/user/.m2/repository/org/jooq/jooq-meta/3.11.10/jooq-meta-3.11.10.jar:/home/user/.m2/repository/org/jooq/jooq-codegen/3.11.10/jooq-codegen-3.11.10.jar:/home/user/.m2/repository/com/jolbox/bonecp/0.8.0.RELEASE/bonecp-0.8.0.RELEASE.jar:/home/user/.m2/repository/org/xerial/sqlite-jdbc/3.25.2/sqlite-jdbc-3.25.2.jar:/home/user/.m2/repository/org/springframework/spring-jdbc/5.1.3.RELEASE/spring-jdbc-5.1.3.RELEASE.jar:/home/user/.m2/repository/org/springframework/spring-beans/5.1.3.RELEASE/spring-beans-5.1.3.RELEASE.jar:/home/user/.m2/repository/org/springframework/spring-core/5.1.3.RELEASE/spring-core-5.1.3.RELEASE.jar:/home/user/.m2/repository/org/springframework/spring-jcl/5.1.3.RELEASE/spring-jcl-5.1.3.RELEASE.jar:/home/user/.m2/repository/org/springframework/spring-tx/5.1.3.RELEASE/spring-tx-5.1.3.RELEASE.jar:/home/user/.m2/repository/org/apache/hadoop/hadoop-ozone-client/0.5.0-SNAPSHOT/hadoop-ozone-client-0.5.0-SNAPSHOT.jar:/home/user/.m2/repository/commons-lang/commons-lang/2.6/commons-lang-2.6.jar:/home/user/.m2/repository/org/apache/hadoop/hadoop-ozone-ozone-manager/0.5.0-SNAPSHOT/hadoop-ozone-ozone-manager-0.5.0-SNAPSHOT-tests.jar:/home/user/.m2/repository/junit/junit/4.11/junit-4.11.jar:/home/user/.m2/repository/org/hamcrest/hamcrest-core/1.3/hamcrest-core-1.3.jar:/home/user/.m2/repository/org/openjdk/jmh/jmh-core/1.19/jmh-core-1.19.jar:/home/user/.m2/repository/net/sf/jopt-simple/jopt-simple/4.6/jopt-simple-4.6.jar:/home/user/.m2/repository/org/apache/commons/commons-math3/3.1.1/commons-math3-3.1.1.jar:/home/user/.m2/repository/org/openjdk/jmh/jmh-generator-annprocess/1.19/jmh-generator-annprocess-1.19.jar:/home/user/.m2/repository/org/mockito/mockito-all/1.8.5/mockito-all-1.8.5.jar:/home/user/.m2/repository/org/apache/hadoop/hadoop-kms/3.2.0/hadoop-kms-3.2.0.jar:/home/user/.m2/repository/org/apache/hadoop/hadoop-auth/3.2.0/hadoop-auth-3.2.0.jar:/home/user/.m2/repository/com/nimbusds/nimbus-jose-jwt/4.41.1/nimbus-jose-jwt-4.41.1.jar:/home/user/.m2/repository/com/github/stephenc/jcip/jcip-annotations/1.0-1/jcip-annotations-1.0-1.jar:/home/user/.m2/repository/net/minidev/json-smart/2.3/json-smart-2.3.jar:/home/user/.m2/repository/net/minidev/accessors-smart/1.2/accessors-smart-1.2.jar:/home/user/.m2/repository/org/ow2/asm/asm/5.0.4/asm-5.0.4.jar:/home/user/.m2/repository/org/apache/curator/curator-framework/2.12.0/curator-framework-2.12.0.jar:/home/user/.m2/repository/com/sun/jersey/jersey-core/1.19/jersey-core-1.19.jar:/home/user/.m2/repository/javax/ws/rs/jsr311-api/1.1.1/jsr311-api-1.1.1.jar:/home/user/.m2/repository/com/sun/jersey/jersey-server/1.19/jersey-server-1.19.jar:/home/user/.m2/repository/javax/servlet/javax.servlet-api/3.1.0/javax.servlet-api-3.1.0.jar:/home/user/.m2/repository/org/eclipse/jetty/jetty-server/9.3.24.v20180605/jetty-server-9.3.24.v20180605.jar:/home/user/.m2/repository/org/eclipse/jetty/jetty-http/9.3.24.v20180605/jetty-http-9.3.24.v20180605.jar:/home/user/.m2/repository/org/eclipse/jetty/jetty-io/9.3.24.v20180605/jetty-io-9.3.24.v20180605.jar:/home/user/.m2/repository/org/eclipse/jetty/jetty-webapp/9.3.24.v20180605/jetty-webapp-9.3.24.v20180605.jar:/home/user/.m2/repository/org/eclipse/jetty/jetty-xml/9.3.24.v20180605/jetty-xml-9.3.24.v20180605.jar:/home/user/.m2/repository/log4j/log4j/1.2.17/log4j-1.2.17.jar:/home/user/.m2/repository/org/slf4j/slf4j-api/1.7.25/slf4j-api-1.7.25.jar:/home/user/.m2/repository/org/slf4j/jul-to-slf4j/1.7.25/jul-to-slf4j-1.7.25.jar:/home/user/.m2/repository/org/eclipse/jetty/jetty-util/9.3.24.v20180605/jetty-util-9.3.24.v20180605.jar:/home/user/.m2/repository/com/fasterxml/jackson/core/jackson-databind/2.9.5/jackson-databind-2.9.5.jar:/home/user/.m2/repository/org/apache/hadoop/hadoop-kms/3.2.0/hadoop-kms-3.2.0-tests.jar:/home/user/.m2/repository/org/apache/hadoop/hadoop-hdds-server-scm/0.5.0-SNAPSHOT/hadoop-hdds-server-scm-0.5.0-SNAPSHOT-tests.jar:/home/user/.m2/repository/org/apache/hadoop/hadoop-hdds-container-service/0.5.0-SNAPSHOT/hadoop-hdds-container-service-0.5.0-SNAPSHOT-tests.jar:/home/user/.m2/repository/org/yaml/snakeyaml/1.16/snakeyaml-1.16.jar:/home/user/.m2/repository/org/apache/hadoop/hadoop-common/3.2.0/hadoop-common-3.2.0-tests.jar:/home/user/.m2/repository/org/apache/hadoop/hadoop-annotations/3.2.0/hadoop-annotations-3.2.0.jar:/usr/lib/jvm/java-1.8-openjdk/jre/../lib/tools.jar:/home/user/.m2/repository/commons-cli/commons-cli/1.2/commons-cli-1.2.jar:/home/user/.m2/repository/org/apache/httpcomponents/httpclient/4.5.2/httpclient-4.5.2.jar:/home/user/.m2/repository/org/apache/httpcomponents/httpcore/4.4.4/httpcore-4.4.4.jar:/home/user/.m2/repository/commons-codec/commons-codec/1.11/commons-codec-1.11.jar:/home/user/.m2/repository/commons-net/commons-net/3.6/commons-net-3.6.jar:/home/user/.m2/repository/commons-collections/commons-collections/3.2.2/commons-collections-3.2.2.jar:/home/user/.m2/repository/org/eclipse/jetty/jetty-servlet/9.3.24.v20180605/jetty-servlet-9.3.24.v20180605.jar:/home/user/.m2/repository/org/eclipse/jetty/jetty-security/9.3.24.v20180605/jetty-security-9.3.24.v20180605.jar:/home/user/.m2/repository/javax/servlet/jsp/jsp-api/2.1/jsp-api-2.1.jar:/home/user/.m2/repository/com/sun/jersey/jersey-servlet/1.19/jersey-servlet-1.19.jar:/home/user/.m2/repository/com/sun/jersey/jersey-json/1.19/jersey-json-1.19.jar:/home/user/.m2/repository/org/codehaus/jettison/jettison/1.1/jettison-1.1.jar:/home/user/.m2/repository/org/codehaus/jackson/jackson-core-asl/1.9.13/jackson-core-asl-1.9.13.jar:/home/user/.m2/repository/org/codehaus/jackson/jackson-mapper-asl/1.9.13/jackson-mapper-asl-1.9.13.jar:/home/user/.m2/repository/org/codehaus/jackson/jackson-jaxrs/1.9.13/jackson-jaxrs-1.9.13.jar:/home/user/.m2/repository/org/codehaus/jackson/jackson-xc/1.9.13/jackson-xc-1.9.13.jar:/home/user/.m2/repository/commons-logging/commons-logging/1.1.3/commons-logging-1.1.3.jar:/home/user/.m2/repository/commons-beanutils/commons-beanutils/1.9.3/commons-beanutils-1.9.3.jar:/home/user/.m2/repository/org/apache/commons/commons-configuration2/2.1.1/commons-configuration2-2.1.1.jar:/home/user/.m2/repository/org/apache/commons/commons-lang3/3.7/commons-lang3-3.7.jar:/home/user/.m2/repository/org/apache/commons/commons-text/1.4/commons-text-1.4.jar:/home/user/.m2/repository/org/apache/avro/avro/1.7.7/avro-1.7.7.jar:/home/user/.m2/repository/com/thoughtworks/paranamer/paranamer/2.3/paranamer-2.3.jar:/home/user/.m2/repository/org/xerial/snappy/snappy-java/1.0.5/snappy-java-1.0.5.jar:/home/user/.m2/repository/com/google/re2j/re2j/1.1/re2j-1.1.jar:/home/user/.m2/repository/com/google/code/gson/gson/2.2.4/gson-2.2.4.jar:/home/user/.m2/repository/com/jcraft/jsch/0.1.54/jsch-0.1.54.jar:/home/user/.m2/repository/org/apache/curator/curator-client/2.12.0/curator-client-2.12.0.jar:/home/user/.m2/repository/org/apache/curator/curator-recipes/2.12.0/curator-recipes-2.12.0.jar:/home/user/.m2/repository/com/google/code/findbugs/jsr305/3.0.0/jsr305-3.0.0.jar:/home/user/.m2/repository/org/apache/htrace/htrace-core4/4.1.0-incubating/htrace-core4-4.1.0-incubating.jar:/home/user/.m2/repository/org/apache/zookeeper/zookeeper/3.4.13/zookeeper-3.4.13.jar:/home/user/.m2/repository/org/apache/yetus/audience-annotations/0.5.0/audience-annotations-0.5.0.jar:/home/user/.m2/repository/org/codehaus/woodstox/stax2-api/3.1.4/stax2-api-3.1.4.jar:/home/user/.m2/repository/com/fasterxml/woodstox/woodstox-core/5.0.3/woodstox-core-5.0.3.jar:/home/user/.m2/repository/dnsjava/dnsjava/2.1.7/dnsjava-2.1.7.jar:/home/user/.m2/repository/org/apache/hadoop/hadoop-hdfs/3.2.0/hadoop-hdfs-3.2.0-tests.jar:/home/user/.m2/repository/org/eclipse/jetty/jetty-util-ajax/9.3.24.v20180605/jetty-util-ajax-9.3.24.v20180605.jar:/home/user/.m2/repository/commons-daemon/commons-daemon/1.0.13/commons-daemon-1.0.13.jar:/home/user/.m2/repository/io/netty/netty/3.10.5.Final/netty-3.10.5.Final.jar:/home/user/.m2/repository/io/netty/netty-all/4.0.52.Final/netty-all-4.0.52.Final.jar:/home/user/.m2/repository/org/fusesource/leveldbjni/leveldbjni-all/1.8/leveldbjni-all-1.8.jar:"/>
    <property name="sun.cpu.endian" value="little"/>
    <property name="user.home" value="/home/user"/>
    <property name="user.language" value="en"/>
    <property name="java.specification.vendor" value="Oracle Corporation"/>
    <property name="java.home" value="/usr/lib/jvm/java-1.8-openjdk/jre"/>
    <property name="java.security.krb5.conf" value="/workdir/hadoop-ozone/integration-test/target/test-classes/krb5.conf"/>
    <property name="basedir" value="/workdir/hadoop-ozone/integration-test"/>
    <property name="file.separator" value="/"/>
    <property name="line.separator" value="&#10;"/>
    <property name="java.vm.specification.vendor" value="Oracle Corporation"/>
    <property name="java.specification.name" value="Java Platform API Specification"/>
    <property name="java.awt.graphicsenv" value="sun.awt.X11GraphicsEnvironment"/>
    <property name="surefire.real.class.path" value="/workdir/hadoop-ozone/integration-test/target/surefire/surefirebooter6647077014097922837.jar"/>
    <property name="hadoop.log.dir" value="/workdir/hadoop-ozone/integration-test/target/log"/>
    <property name="sun.boot.class.path" value="/usr/lib/jvm/java-1.8-openjdk/jre/lib/resources.jar:/usr/lib/jvm/java-1.8-openjdk/jre/lib/rt.jar:/usr/lib/jvm/java-1.8-openjdk/jre/lib/sunrsasign.jar:/usr/lib/jvm/java-1.8-openjdk/jre/lib/jsse.jar:/usr/lib/jvm/java-1.8-openjdk/jre/lib/jce.jar:/usr/lib/jvm/java-1.8-openjdk/jre/lib/charsets.jar:/usr/lib/jvm/java-1.8-openjdk/jre/lib/jfr.jar:/usr/lib/jvm/java-1.8-openjdk/jre/classes"/>
    <property name="sun.management.compiler" value="HotSpot 64-Bit Tiered Compilers"/>
    <property name="java.runtime.version" value="1.8.0_212-b04"/>
    <property name="java.net.preferIPv4Stack" value="true"/>
    <property name="user.name" value="jenkins1000"/>
    <property name="path.separator" value=":"/>
    <property name="java.security.egd" value="file:///dev/urandom"/>
    <property name="os.version" value="3.10.0-957.12.2.el7.x86_64"/>
    <property name="java.endorsed.dirs" value="/usr/lib/jvm/java-1.8-openjdk/jre/lib/endorsed"/>
    <property name="java.runtime.name" value="OpenJDK Runtime Environment"/>
    <property name="file.encoding" value="UTF-8"/>
    <property name="java.vm.name" value="OpenJDK 64-Bit Server VM"/>
    <property name="test.build.webapps" value=""/>
    <property name="localRepository" value="/home/user/.m2/repository"/>
    <property name="java.vendor.url.bug" value="https://icedtea.classpath.org/bugzilla"/>
    <property name="java.io.tmpdir" value="/tmp"/>
    <property name="require.test.libhadoop" value=""/>
    <property name="java.version" value="1.8.0_212"/>
    <property name="user.dir" value="/workdir/hadoop-ozone/integration-test"/>
    <property name="os.arch" value="amd64"/>
    <property name="java.vm.specification.name" value="Java Virtual Machine Specification"/>
    <property name="test.build.classes" value="/workdir/hadoop-ozone/integration-test/target/test-classes"/>
    <property name="java.awt.printerjob" value="sun.print.PSPrinterJob"/>
    <property name="sun.os.patch.level" value="unknown"/>
    <property name="hadoop.tmp.dir" value="/workdir/hadoop-ozone/integration-test/target/tmp"/>
    <property name="java.library.path" value="/usr/lib/jvm/java-1.8-openjdk/jre/lib/amd64/server:/usr/lib/jvm/java-1.8-openjdk/jre/lib/amd64:/usr/lib/jvm/java-1.8-openjdk/jre/../lib/amd64:/workdir/hadoop-ozone/integration-test/target/native/target/usr/local/lib:/workdir/hadoop-ozone/integration-test/../../hadoop-common-project/hadoop-common/target/native/target/usr/local/lib:/usr/java/packages/lib/amd64:/usr/lib64:/lib64:/lib:/usr/lib"/>
    <property name="java.vm.info" value="mixed mode"/>
    <property name="java.vendor" value="IcedTea"/>
    <property name="java.vm.version" value="25.212-b04"/>
    <property name="java.ext.dirs" value="/usr/lib/jvm/java-1.8-openjdk/jre/lib/ext:/usr/java/packages/lib/ext"/>
    <property name="sun.io.unicode.encoding" value="UnicodeLittle"/>
    <property name="java.class.version" value="52.0"/>
  </properties>
  <testcase name="testCloseContainerViaRatis" classname="org.apache.hadoop.ozone.container.common.statemachine.commandhandler.TestCloseContainerByPipeline" time="2.978">
    <error message="Allocated 0 blocks. Requested 1 blocks" type="INTERNAL_ERROR org.apache.hadoop.ozone.om.exceptions.OMException">INTERNAL_ERROR org.apache.hadoop.ozone.om.exceptions.OMException: Allocated 0 blocks. Requested 1 blocks
	at org.apache.hadoop.ozone.om.protocolPB.OzoneManagerProtocolClientSideTranslatorPB.handleError(OzoneManagerProtocolClientSideTranslatorPB.java:725)
	at org.apache.hadoop.ozone.om.protocolPB.OzoneManagerProtocolClientSideTranslatorPB.openKey(OzoneManagerProtocolClientSideTranslatorPB.java:716)
	at org.apache.hadoop.ozone.client.rpc.RpcClient.createKey(RpcClient.java:615)
	at org.apache.hadoop.ozone.client.OzoneBucket.createKey(OzoneBucket.java:323)
	at org.apache.hadoop.ozone.container.common.statemachine.commandhandler.TestCloseContainerByPipeline.testCloseContainerViaRatis(TestCloseContainerByPipeline.java:206)
	at sun.reflect.NativeMethodAccessorImpl.invoke0(Native Method)
	at sun.reflect.NativeMethodAccessorImpl.invoke(NativeMethodAccessorImpl.java:62)
	at sun.reflect.DelegatingMethodAccessorImpl.invoke(DelegatingMethodAccessorImpl.java:43)
	at java.lang.reflect.Method.invoke(Method.java:498)
	at org.junit.runners.model.FrameworkMethod$1.runReflectiveCall(FrameworkMethod.java:47)
	at org.junit.internal.runners.model.ReflectiveCallable.run(ReflectiveCallable.java:12)
	at org.junit.runners.model.FrameworkMethod.invokeExplosively(FrameworkMethod.java:44)
	at org.junit.internal.runners.statements.InvokeMethod.evaluate(InvokeMethod.java:17)
	at org.junit.runners.ParentRunner.runLeaf(ParentRunner.java:271)
	at org.junit.runners.BlockJUnit4ClassRunner.runChild(BlockJUnit4ClassRunner.java:70)
	at org.junit.runners.BlockJUnit4ClassRunner.runChild(BlockJUnit4ClassRunner.java:50)
	at org.junit.runners.ParentRunner$3.run(ParentRunner.java:238)
	at org.junit.runners.ParentRunner$1.schedule(ParentRunner.java:63)
	at org.junit.runners.ParentRunner.runChildren(ParentRunner.java:236)
	at org.junit.runners.ParentRunner.access$000(ParentRunner.java:53)
	at org.junit.runners.ParentRunner$2.evaluate(ParentRunner.java:229)
	at org.junit.internal.runners.statements.RunBefores.evaluate(RunBefores.java:26)
	at org.junit.internal.runners.statements.RunAfters.evaluate(RunAfters.java:27)
	at org.junit.runners.ParentRunner.run(ParentRunner.java:309)
	at org.apache.maven.surefire.junit4.JUnit4Provider.execute(JUnit4Provider.java:365)
	at org.apache.maven.surefire.junit4.JUnit4Provider.executeWithRerun(JUnit4Provider.java:273)
	at org.apache.maven.surefire.junit4.JUnit4Provider.executeTestSet(JUnit4Provider.java:238)
	at org.apache.maven.surefire.junit4.JUnit4Provider.invoke(JUnit4Provider.java:159)
	at org.apache.maven.surefire.booter.ForkedBooter.invokeProviderInSameClassLoader(ForkedBooter.java:384)
	at org.apache.maven.surefire.booter.ForkedBooter.runSuitesInProcess(ForkedBooter.java:345)
	at org.apache.maven.surefire.booter.ForkedBooter.execute(ForkedBooter.java:126)
	at org.apache.maven.surefire.booter.ForkedBooter.main(ForkedBooter.java:418)
</error>
    <system-out><![CDATA[2019-09-12 11:30:27,028 [main] WARN  server.ServerUtils (ServerUtils.java:getScmDbDir(145)) - ozone.scm.db.dirs is not configured. We recommend adding this setting. Falling back to ozone.metadata.dirs instead.
2019-09-12 11:30:27,141 [main] WARN  server.ServerUtils (ServerUtils.java:getScmDbDir(145)) - ozone.scm.db.dirs is not configured. We recommend adding this setting. Falling back to ozone.metadata.dirs instead.
2019-09-12 11:30:27,145 [main] WARN  server.ServerUtils (ServerUtils.java:getScmDbDir(145)) - ozone.scm.db.dirs is not configured. We recommend adding this setting. Falling back to ozone.metadata.dirs instead.
2019-09-12 11:30:27,167 [main] INFO  util.log (Log.java:initialized(192)) - Logging initialized @898ms
2019-09-12 11:30:27,281 [main] INFO  db.DBStoreBuilder (DBStoreBuilder.java:addTable(110)) - using custom profile for table: deletedBlocks
2019-09-12 11:30:27,282 [main] INFO  db.DBStoreBuilder (DBStoreBuilder.java:processTables(161)) - Using default column profile:DBProfile.DISK for Table:deletedBlocks
2019-09-12 11:30:27,282 [main] INFO  db.DBStoreBuilder (DBStoreBuilder.java:addTable(110)) - using custom profile for table: validCerts
2019-09-12 11:30:27,283 [main] INFO  db.DBStoreBuilder (DBStoreBuilder.java:processTables(161)) - Using default column profile:DBProfile.DISK for Table:validCerts
2019-09-12 11:30:27,283 [main] INFO  db.DBStoreBuilder (DBStoreBuilder.java:addTable(110)) - using custom profile for table: revokedCerts
2019-09-12 11:30:27,283 [main] INFO  db.DBStoreBuilder (DBStoreBuilder.java:processTables(161)) - Using default column profile:DBProfile.DISK for Table:revokedCerts
2019-09-12 11:30:27,299 [main] INFO  db.DBStoreBuilder (DBStoreBuilder.java:addTable(110)) - using custom profile for table: default
2019-09-12 11:30:27,300 [main] INFO  db.DBStoreBuilder (DBStoreBuilder.java:processTables(167)) - Using default column profile:DBProfile.DISK for Table:default
2019-09-12 11:30:27,301 [main] INFO  db.DBStoreBuilder (DBStoreBuilder.java:getDbProfile(198)) - Using default options. DBProfile.DISK
2019-09-12 11:30:27,508 [main] INFO  net.NodeSchemaLoader (NodeSchemaLoader.java:loadSchemaFromFile(125)) - Loading file from sun.misc.CompoundEnumeration@1dde4cb2
2019-09-12 11:30:27,511 [main] INFO  net.NodeSchemaLoader (NodeSchemaLoader.java:loadSchema(171)) - Loading network topology layer schema file
2019-09-12 11:30:27,594 [main] WARN  server.ServerUtils (ServerUtils.java:sanitizeUserArgs(70)) - ozone.scm.stale.node.interval value = 300000 is larger than max = 100000 based on the key value of ozone.scm.heartbeat.thread.interval, reset to the max value 100000.
2019-09-12 11:30:27,596 [main] WARN  server.ServerUtils (ServerUtils.java:sanitizeUserArgs(70)) - ozone.scm.stale.node.interval value = 300000 is larger than max = 100000 based on the key value of ozone.scm.heartbeat.thread.interval, reset to the max value 100000.
2019-09-12 11:30:27,598 [main] INFO  node.SCMNodeManager (SCMNodeManager.java:<init>(121)) - Entering startup safe mode.
2019-09-12 11:30:27,675 [main] INFO  algorithms.ContainerPlacementPolicyFactory (ContainerPlacementPolicyFactory.java:getPolicy(56)) - Create container placement policy of type org.apache.hadoop.hdds.scm.container.placement.algorithms.SCMContainerPlacementRandom
2019-09-12 11:30:27,691 [main] WARN  server.ServerUtils (ServerUtils.java:getScmDbDir(145)) - ozone.scm.db.dirs is not configured. We recommend adding this setting. Falling back to ozone.metadata.dirs instead.
2019-09-12 11:30:27,749 [main] INFO  pipeline.SCMPipelineManager (SCMPipelineManager.java:initializePipelineState(126)) - No pipeline exists in current db
2019-09-12 11:30:27,751 [main] WARN  server.ServerUtils (ServerUtils.java:getScmDbDir(145)) - ozone.scm.db.dirs is not configured. We recommend adding this setting. Falling back to ozone.metadata.dirs instead.
2019-09-12 11:30:27,870 [main] WARN  events.EventQueue (EventQueue.java:fireEvent(175)) - No event handler registered for event TypedEvent{payloadType=SafeModeStatus, name='SafeModeStatus'}
2019-09-12 11:30:28,357 [main] INFO  ipc.CallQueueManager (CallQueueManager.java:<init>(84)) - Using callQueue: class java.util.concurrent.LinkedBlockingQueue, queueCapacity: 2000, scheduler: class org.apache.hadoop.ipc.DefaultRpcScheduler, ipcBackoff: false.
2019-09-12 11:30:28,633 [Socket Reader #1 for port 38567] INFO  ipc.Server (Server.java:run(1074)) - Starting Socket Reader #1 for port 38567
2019-09-12 11:30:28,662 [main] INFO  ipc.CallQueueManager (CallQueueManager.java:<init>(84)) - Using callQueue: class java.util.concurrent.LinkedBlockingQueue, queueCapacity: 2000, scheduler: class org.apache.hadoop.ipc.DefaultRpcScheduler, ipcBackoff: false.
2019-09-12 11:30:28,663 [Socket Reader #1 for port 45554] INFO  ipc.Server (Server.java:run(1074)) - Starting Socket Reader #1 for port 45554
2019-09-12 11:30:28,672 [main] INFO  ipc.CallQueueManager (CallQueueManager.java:<init>(84)) - Using callQueue: class java.util.concurrent.LinkedBlockingQueue, queueCapacity: 2000, scheduler: class org.apache.hadoop.ipc.DefaultRpcScheduler, ipcBackoff: false.
2019-09-12 11:30:28,673 [Socket Reader #1 for port 33437] INFO  ipc.Server (Server.java:run(1074)) - Starting Socket Reader #1 for port 33437
2019-09-12 11:30:28,698 [main] INFO  hdfs.DFSUtil (DFSUtil.java:httpServerTemplateForNNAndJN(1641)) - Starting Web-server for scm at: http://0.0.0.0:0
2019-09-12 11:30:28,866 [main] INFO  server.AuthenticationFilter (AuthenticationFilter.java:constructSecretProvider(240)) - Unable to initialize FileSignerSecretProvider, falling back to use random secrets.
2019-09-12 11:30:28,874 [main] WARN  http.HttpRequestLog (HttpRequestLog.java:getRequestLog(97)) - Jetty request log can only be enabled using Log4j
2019-09-12 11:30:28,882 [main] INFO  http.HttpServer2 (HttpServer2.java:addGlobalFilter(975)) - Added global filter 'safety' (class=org.apache.hadoop.http.HttpServer2$QuotingInputFilter)
2019-09-12 11:30:28,885 [main] INFO  http.HttpServer2 (HttpServer2.java:addFilter(948)) - Added filter static_user_filter (class=org.apache.hadoop.http.lib.StaticUserWebFilter$StaticUserFilter) to context scm
2019-09-12 11:30:28,885 [main] INFO  http.HttpServer2 (HttpServer2.java:addFilter(958)) - Added filter static_user_filter (class=org.apache.hadoop.http.lib.StaticUserWebFilter$StaticUserFilter) to context static
2019-09-12 11:30:28,885 [main] INFO  http.HttpServer2 (HttpServer2.java:addFilter(958)) - Added filter static_user_filter (class=org.apache.hadoop.http.lib.StaticUserWebFilter$StaticUserFilter) to context logs
2019-09-12 11:30:28,913 [main] INFO  server.StorageContainerManager (StorageContainerManager.java:start(759)) - StorageContainerLocationProtocol RPC server is listening at /0.0.0.0:33437
2019-09-12 11:30:28,975 [main] WARN  impl.MetricsConfig (MetricsConfig.java:loadFirst(134)) - Cannot locate configuration: tried hadoop-metrics2-storagecontainermanager.properties,hadoop-metrics2.properties
2019-09-12 11:30:28,988 [main] INFO  impl.MetricsSystemImpl (MetricsSystemImpl.java:startTimer(374)) - Scheduled Metric snapshot period at 10 second(s).
2019-09-12 11:30:28,988 [main] INFO  impl.MetricsSystemImpl (MetricsSystemImpl.java:start(191)) - StorageContainerManager metrics system started
2019-09-12 11:30:29,250 [main] INFO  server.SCMClientProtocolServer (SCMClientProtocolServer.java:start(151)) - RPC server for Client  is listening at /0.0.0.0:33437
2019-09-12 11:30:29,251 [IPC Server Responder] INFO  ipc.Server (Server.java:run(1314)) - IPC Server Responder: starting
2019-09-12 11:30:29,251 [IPC Server listener on 33437] INFO  ipc.Server (Server.java:run(1153)) - IPC Server listener on 33437: starting
2019-09-12 11:30:29,254 [main] INFO  server.StorageContainerManager (StorageContainerManager.java:start(769)) - ScmBlockLocationProtocol RPC server is listening at /0.0.0.0:45554
2019-09-12 11:30:29,255 [main] INFO  server.SCMBlockProtocolServer (SCMBlockProtocolServer.java:start(140)) - RPC server for Block Protocol is listening at /0.0.0.0:45554
2019-09-12 11:30:29,256 [IPC Server Responder] INFO  ipc.Server (Server.java:run(1314)) - IPC Server Responder: starting
2019-09-12 11:30:29,256 [IPC Server listener on 45554] INFO  ipc.Server (Server.java:run(1153)) - IPC Server listener on 45554: starting
2019-09-12 11:30:29,260 [main] INFO  server.StorageContainerManager (StorageContainerManager.java:start(773)) - ScmDatanodeProtocl RPC server is listening at /0.0.0.0:38567
2019-09-12 11:30:29,261 [main] INFO  server.SCMDatanodeProtocolServer (SCMDatanodeProtocolServer.java:start(191)) - RPC server for DataNodes is listening at /0.0.0.0:38567
2019-09-12 11:30:29,261 [IPC Server Responder] INFO  ipc.Server (Server.java:run(1314)) - IPC Server Responder: starting
2019-09-12 11:30:29,261 [IPC Server listener on 38567] INFO  ipc.Server (Server.java:run(1153)) - IPC Server listener on 38567: starting
2019-09-12 11:30:29,267 [main] INFO  http.HttpServer2 (HttpServer2.java:bindListener(1191)) - Jetty bound to port 41219
2019-09-12 11:30:29,270 [main] INFO  server.Server (Server.java:doStart(351)) - jetty-9.3.24.v20180605, build timestamp: 2018-06-05T17:11:56Z, git hash: 84205aa28f11a4f31f2a3b86d1bba2cc8ab69827
2019-09-12 11:30:29,328 [main] INFO  handler.ContextHandler (ContextHandler.java:doStart(781)) - Started o.e.j.s.ServletContextHandler@63fdab07{/logs,file:///workdir/hadoop-ozone/integration-test/target/log,AVAILABLE}
2019-09-12 11:30:29,329 [main] INFO  handler.ContextHandler (ContextHandler.java:doStart(781)) - Started o.e.j.s.ServletContextHandler@5553d0f5{/static,file:///workdir/hadoop-ozone/integration-test/target/test-classes/webapps/static,AVAILABLE}
2019-09-12 11:30:29,372 [main] INFO  handler.ContextHandler (ContextHandler.java:doStart(781)) - Started o.e.j.w.WebAppContext@2f3c6ac4{/,file:///workdir/hadoop-ozone/integration-test/target/test-classes/webapps/scm/,AVAILABLE}{/scm}
2019-09-12 11:30:29,381 [main] INFO  server.AbstractConnector (AbstractConnector.java:doStart(278)) - Started ServerConnector@48f5bde6{HTTP/1.1,[http/1.1]}{0.0.0.0:41219}
2019-09-12 11:30:29,382 [main] INFO  server.Server (Server.java:doStart(419)) - Started @3113ms
2019-09-12 11:30:29,383 [main] INFO  server.BaseHttpServer (BaseHttpServer.java:updateConnectorAddress(213)) - HTTP server of SCM is listening at http://0.0.0.0:41219
2019-09-12 11:30:29,389 [org.apache.hadoop.util.JvmPauseMonitor$Monitor@6bc28a83] INFO  util.JvmPauseMonitor (JvmPauseMonitor.java:run(188)) - Starting JVM pause monitor
2019-09-12 11:30:29,393 [main] WARN  server.ServerUtils (ServerUtils.java:getDBPath(222)) - ozone.om.db.dirs is not configured. We recommend adding this setting. Falling back to ozone.metadata.dirs instead.
2019-09-12 11:30:29,500 [main] WARN  server.ServerUtils (ServerUtils.java:getDBPath(222)) - ozone.om.db.dirs is not configured. We recommend adding this setting. Falling back to ozone.metadata.dirs instead.
2019-09-12 11:30:29,500 [main] WARN  server.ServerUtils (ServerUtils.java:getDBPath(222)) - ozone.om.db.dirs is not configured. We recommend adding this setting. Falling back to ozone.metadata.dirs instead.
2019-09-12 11:30:29,501 [main] INFO  om.OzoneManager (OzoneManager.java:setOMNodeDetails(645)) - OM Service ID is not set. Setting it to the default ID: omServiceIdDefault
2019-09-12 11:30:29,501 [main] INFO  om.OzoneManager (OzoneManager.java:setOMNodeDetails(651)) - OM Node ID is not set. Setting it to the OmStorage's OmID: c3250be9-65ac-4343-8796-c5d22869eb88
2019-09-12 11:30:29,503 [main] INFO  om.OzoneManager (OzoneManager.java:loadOMHAConfigs(602)) - Found matching OM address with OMServiceId: null, OMNodeId: null, RPC Address: localhost:0 and Ratis port: 9872
2019-09-12 11:30:29,776 | INFO  | SCMAudit | user=jenkins1000 | ip=192.168.36.114 | op=GET_SCM_INFO null | ret=SUCCESS |  
2019-09-12 11:30:30,241 [main] WARN  server.ServerUtils (ServerUtils.java:getDBPath(222)) - ozone.om.db.dirs is not configured. We recommend adding this setting. Falling back to ozone.metadata.dirs instead.
2019-09-12 11:30:30,249 [main] INFO  db.DBStoreBuilder (DBStoreBuilder.java:addTable(110)) - using custom profile for table: userTable
2019-09-12 11:30:30,249 [main] INFO  db.DBStoreBuilder (DBStoreBuilder.java:processTables(161)) - Using default column profile:DBProfile.DISK for Table:userTable
2019-09-12 11:30:30,249 [main] INFO  db.DBStoreBuilder (DBStoreBuilder.java:addTable(110)) - using custom profile for table: volumeTable
2019-09-12 11:30:30,249 [main] INFO  db.DBStoreBuilder (DBStoreBuilder.java:processTables(161)) - Using default column profile:DBProfile.DISK for Table:volumeTable
2019-09-12 11:30:30,250 [main] INFO  db.DBStoreBuilder (DBStoreBuilder.java:addTable(110)) - using custom profile for table: bucketTable
2019-09-12 11:30:30,250 [main] INFO  db.DBStoreBuilder (DBStoreBuilder.java:processTables(161)) - Using default column profile:DBProfile.DISK for Table:bucketTable
2019-09-12 11:30:30,250 [main] INFO  db.DBStoreBuilder (DBStoreBuilder.java:addTable(110)) - using custom profile for table: keyTable
2019-09-12 11:30:30,250 [main] INFO  db.DBStoreBuilder (DBStoreBuilder.java:processTables(161)) - Using default column profile:DBProfile.DISK for Table:keyTable
2019-09-12 11:30:30,251 [main] INFO  db.DBStoreBuilder (DBStoreBuilder.java:addTable(110)) - using custom profile for table: deletedTable
2019-09-12 11:30:30,251 [main] INFO  db.DBStoreBuilder (DBStoreBuilder.java:processTables(161)) - Using default column profile:DBProfile.DISK for Table:deletedTable
2019-09-12 11:30:30,251 [main] INFO  db.DBStoreBuilder (DBStoreBuilder.java:addTable(110)) - using custom profile for table: openKeyTable
2019-09-12 11:30:30,251 [main] INFO  db.DBStoreBuilder (DBStoreBuilder.java:processTables(161)) - Using default column profile:DBProfile.DISK for Table:openKeyTable
2019-09-12 11:30:30,251 [main] INFO  db.DBStoreBuilder (DBStoreBuilder.java:addTable(110)) - using custom profile for table: s3Table
2019-09-12 11:30:30,252 [main] INFO  db.DBStoreBuilder (DBStoreBuilder.java:processTables(161)) - Using default column profile:DBProfile.DISK for Table:s3Table
2019-09-12 11:30:30,252 [main] INFO  db.DBStoreBuilder (DBStoreBuilder.java:addTable(110)) - using custom profile for table: multipartInfoTable
2019-09-12 11:30:30,252 [main] INFO  db.DBStoreBuilder (DBStoreBuilder.java:processTables(161)) - Using default column profile:DBProfile.DISK for Table:multipartInfoTable
2019-09-12 11:30:30,252 [main] INFO  db.DBStoreBuilder (DBStoreBuilder.java:addTable(110)) - using custom profile for table: dTokenTable
2019-09-12 11:30:30,253 [main] INFO  db.DBStoreBuilder (DBStoreBuilder.java:processTables(161)) - Using default column profile:DBProfile.DISK for Table:dTokenTable
2019-09-12 11:30:30,253 [main] INFO  db.DBStoreBuilder (DBStoreBuilder.java:addTable(110)) - using custom profile for table: s3SecretTable
2019-09-12 11:30:30,253 [main] INFO  db.DBStoreBuilder (DBStoreBuilder.java:processTables(161)) - Using default column profile:DBProfile.DISK for Table:s3SecretTable
2019-09-12 11:30:30,253 [main] INFO  db.DBStoreBuilder (DBStoreBuilder.java:addTable(110)) - using custom profile for table: prefixTable
2019-09-12 11:30:30,254 [main] INFO  db.DBStoreBuilder (DBStoreBuilder.java:processTables(161)) - Using default column profile:DBProfile.DISK for Table:prefixTable
2019-09-12 11:30:30,254 [main] INFO  db.DBStoreBuilder (DBStoreBuilder.java:addTable(110)) - using custom profile for table: default
2019-09-12 11:30:30,254 [main] INFO  db.DBStoreBuilder (DBStoreBuilder.java:processTables(167)) - Using default column profile:DBProfile.DISK for Table:default
2019-09-12 11:30:30,254 [main] INFO  db.DBStoreBuilder (DBStoreBuilder.java:getDbProfile(198)) - Using default options. DBProfile.DISK
2019-09-12 11:30:30,696 [main] INFO  ipc.CallQueueManager (CallQueueManager.java:<init>(84)) - Using callQueue: class java.util.concurrent.LinkedBlockingQueue, queueCapacity: 2000, scheduler: class org.apache.hadoop.ipc.DefaultRpcScheduler, ipcBackoff: false.
2019-09-12 11:30:30,697 [Socket Reader #1 for port 46289] INFO  ipc.Server (Server.java:run(1074)) - Starting Socket Reader #1 for port 46289
2019-09-12 11:30:30,721 [main] INFO  om.OzoneManager (OzoneManager.java:start(1256)) - OzoneManager RPC server is listening at localhost/127.0.0.1:46289
2019-09-12 11:30:30,721 [main] INFO  impl.MetricsSystemImpl (MetricsSystemImpl.java:init(158)) - OzoneManager metrics system started (again)
2019-09-12 11:30:30,723 [IPC Server Responder] INFO  ipc.Server (Server.java:run(1314)) - IPC Server Responder: starting
2019-09-12 11:30:30,723 [IPC Server listener on 46289] INFO  ipc.Server (Server.java:run(1153)) - IPC Server listener on 46289: starting
2019-09-12 11:30:30,728 [main] INFO  hdfs.DFSUtil (DFSUtil.java:httpServerTemplateForNNAndJN(1641)) - Starting Web-server for ozoneManager at: http://0.0.0.0:0
2019-09-12 11:30:30,729 [main] INFO  server.AuthenticationFilter (AuthenticationFilter.java:constructSecretProvider(240)) - Unable to initialize FileSignerSecretProvider, falling back to use random secrets.
2019-09-12 11:30:30,730 [main] WARN  http.HttpRequestLog (HttpRequestLog.java:getRequestLog(97)) - Jetty request log can only be enabled using Log4j
2019-09-12 11:30:30,732 [main] INFO  http.HttpServer2 (HttpServer2.java:addGlobalFilter(975)) - Added global filter 'safety' (class=org.apache.hadoop.http.HttpServer2$QuotingInputFilter)
2019-09-12 11:30:30,733 [main] INFO  http.HttpServer2 (HttpServer2.java:addFilter(948)) - Added filter static_user_filter (class=org.apache.hadoop.http.lib.StaticUserWebFilter$StaticUserFilter) to context ozoneManager
2019-09-12 11:30:30,733 [main] INFO  http.HttpServer2 (HttpServer2.java:addFilter(958)) - Added filter static_user_filter (class=org.apache.hadoop.http.lib.StaticUserWebFilter$StaticUserFilter) to context static
2019-09-12 11:30:30,733 [main] INFO  http.HttpServer2 (HttpServer2.java:addFilter(958)) - Added filter static_user_filter (class=org.apache.hadoop.http.lib.StaticUserWebFilter$StaticUserFilter) to context logs
2019-09-12 11:30:30,736 [main] INFO  http.HttpServer2 (HttpServer2.java:bindListener(1191)) - Jetty bound to port 42809
2019-09-12 11:30:30,736 [main] INFO  server.Server (Server.java:doStart(351)) - jetty-9.3.24.v20180605, build timestamp: 2018-06-05T17:11:56Z, git hash: 84205aa28f11a4f31f2a3b86d1bba2cc8ab69827
2019-09-12 11:30:30,738 [main] INFO  handler.ContextHandler (ContextHandler.java:doStart(781)) - Started o.e.j.s.ServletContextHandler@2c16fadb{/logs,file:///workdir/hadoop-ozone/integration-test/target/log,AVAILABLE}
2019-09-12 11:30:30,739 [main] INFO  handler.ContextHandler (ContextHandler.java:doStart(781)) - Started o.e.j.s.ServletContextHandler@2227a6c1{/static,file:///workdir/hadoop-ozone/integration-test/target/test-classes/webapps/static,AVAILABLE}
2019-09-12 11:30:30,744 [main] INFO  handler.ContextHandler (ContextHandler.java:doStart(781)) - Started o.e.j.w.WebAppContext@49601f82{/,file:///workdir/hadoop-ozone/integration-test/target/test-classes/webapps/ozoneManager/,AVAILABLE}{/ozoneManager}
2019-09-12 11:30:30,745 [main] INFO  server.AbstractConnector (AbstractConnector.java:doStart(278)) - Started ServerConnector@23e44287{HTTP/1.1,[http/1.1]}{0.0.0.0:42809}
2019-09-12 11:30:30,746 [main] INFO  server.Server (Server.java:doStart(419)) - Started @4476ms
2019-09-12 11:30:30,747 [main] INFO  server.BaseHttpServer (BaseHttpServer.java:updateConnectorAddress(213)) - HTTP server of OZONEMANAGER is listening at http://0.0.0.0:42809
2019-09-12 11:30:31,144 [main] INFO  impl.MetricsSystemImpl (MetricsSystemImpl.java:init(158)) - HddsDatanode metrics system started (again)
2019-09-12 11:30:31,288 [main] INFO  ozone.HddsDatanodeService (HddsDatanodeService.java:start(184)) - HddsDatanodeService host:pr-hdds-1569-58hkm-1881083799 ip:192.168.36.114
2019-09-12 11:30:31,327 [main] INFO  volume.HddsVolume (HddsVolume.java:<init>(176)) - Creating Volume: /workdir/hadoop-ozone/integration-test/target/test-dir/MiniOzoneClusterImpl-299c34b2-84c4-4da4-b63e-5faf1abba283/datanode-0/data/containers/hdds of  storage type : DISK and capacity : 1482555576320
2019-09-12 11:30:31,329 [main] INFO  volume.VolumeSet (VolumeSet.java:initializeVolumeSet(170)) - Added Volume : /workdir/hadoop-ozone/integration-test/target/test-dir/MiniOzoneClusterImpl-299c34b2-84c4-4da4-b63e-5faf1abba283/datanode-0/data/containers/hdds to VolumeSet
2019-09-12 11:30:31,332 [main] INFO  volume.ThrottledAsyncChecker (ThrottledAsyncChecker.java:schedule(140)) - Scheduling a check for org.apache.hadoop.ozone.container.common.volume.HddsVolume@2264e43c
2019-09-12 11:30:31,350 [main] INFO  volume.HddsVolumeChecker (HddsVolumeChecker.java:checkAllVolumes(203)) - Scheduled health check for volume org.apache.hadoop.ozone.container.common.volume.HddsVolume@2264e43c
2019-09-12 11:30:31,457 [main] INFO  impl.RaftServerProxy (ConfUtils.java:logGet(43)) - raft.rpc.type = GRPC (default)
2019-09-12 11:30:31,522 [main] INFO  grpc.GrpcFactory (GrpcFactory.java:checkPooledByteBufAllocatorUseCacheForAllThreads(45)) - PERFORMANCE WARNING: useCacheForAllThreads is true that may cause Netty to create a lot garbage objects and, as a result, trigger GC.
	It is recommended to disable useCacheForAllThreads by setting -Dorg.apache.ratis.thirdparty.io.netty.allocator.useCacheForAllThreads=false in command line.
2019-09-12 11:30:31,527 [main] INFO  grpc.GrpcConfigKeys$Server (ConfUtils.java:logGet(43)) - raft.grpc.server.port = 0 (default)
2019-09-12 11:30:31,528 [main] INFO  server.GrpcService (ConfUtils.java:logGet(43)) - raft.grpc.message.size.max = 33570816 (custom)
2019-09-12 11:30:31,530 [main] INFO  server.RaftServerConfigKeys (ConfUtils.java:logGet(43)) - raft.server.log.appender.buffer.byte-limit = 33554432 (custom)
2019-09-12 11:30:31,530 [main] INFO  server.GrpcService (ConfUtils.java:logGet(43)) - raft.grpc.flow.control.window = 1MB (=1048576) (default)
2019-09-12 11:30:31,531 [main] INFO  server.RaftServerConfigKeys (ConfUtils.java:logGet(43)) - raft.server.rpc.request.timeout = 3000ms (default)
2019-09-12 11:30:31,695 [main] INFO  server.RaftServerConfigKeys (ConfUtils.java:logGet(43)) - raft.server.storage.dir = [/workdir/hadoop-ozone/integration-test/target/test-dir/MiniOzoneClusterImpl-299c34b2-84c4-4da4-b63e-5faf1abba283/datanode-0/data/ratis] (custom)
2019-09-12 11:30:31,739 [main] INFO  replication.SimpleContainerDownloader (SimpleContainerDownloader.java:<init>(72)) - Starting container downloader service to copy containers to replicate.
2019-09-12 11:30:31,752 [main] INFO  hdfs.DFSUtil (DFSUtil.java:httpServerTemplateForNNAndJN(1641)) - Starting Web-server for hddsDatanode at: http://0.0.0.0:0
2019-09-12 11:30:31,755 [main] INFO  server.AuthenticationFilter (AuthenticationFilter.java:constructSecretProvider(240)) - Unable to initialize FileSignerSecretProvider, falling back to use random secrets.
2019-09-12 11:30:31,756 [main] WARN  http.HttpRequestLog (HttpRequestLog.java:getRequestLog(97)) - Jetty request log can only be enabled using Log4j
2019-09-12 11:30:31,758 [main] INFO  http.HttpServer2 (HttpServer2.java:addGlobalFilter(975)) - Added global filter 'safety' (class=org.apache.hadoop.http.HttpServer2$QuotingInputFilter)
2019-09-12 11:30:31,759 [main] INFO  http.HttpServer2 (HttpServer2.java:addFilter(948)) - Added filter static_user_filter (class=org.apache.hadoop.http.lib.StaticUserWebFilter$StaticUserFilter) to context hddsDatanode
2019-09-12 11:30:31,759 [main] INFO  http.HttpServer2 (HttpServer2.java:addFilter(958)) - Added filter static_user_filter (class=org.apache.hadoop.http.lib.StaticUserWebFilter$StaticUserFilter) to context static
2019-09-12 11:30:31,760 [main] INFO  http.HttpServer2 (HttpServer2.java:addFilter(958)) - Added filter static_user_filter (class=org.apache.hadoop.http.lib.StaticUserWebFilter$StaticUserFilter) to context logs
2019-09-12 11:30:31,761 [main] INFO  http.HttpServer2 (HttpServer2.java:bindListener(1191)) - Jetty bound to port 37530
2019-09-12 11:30:31,761 [main] INFO  server.Server (Server.java:doStart(351)) - jetty-9.3.24.v20180605, build timestamp: 2018-06-05T17:11:56Z, git hash: 84205aa28f11a4f31f2a3b86d1bba2cc8ab69827
2019-09-12 11:30:31,763 [main] INFO  handler.ContextHandler (ContextHandler.java:doStart(781)) - Started o.e.j.s.ServletContextHandler@22eaa86e{/logs,file:///workdir/hadoop-ozone/integration-test/target/log,AVAILABLE}
2019-09-12 11:30:31,764 [main] INFO  handler.ContextHandler (ContextHandler.java:doStart(781)) - Started o.e.j.s.ServletContextHandler@1cc680e{/static,jar:file:/home/user/.m2/repository/org/apache/hadoop/hadoop-hdds-container-service/0.5.0-SNAPSHOT/hadoop-hdds-container-service-0.5.0-SNAPSHOT.jar!/webapps/static,AVAILABLE}
2019-09-12 11:30:31,796 [main] INFO  handler.ContextHandler (ContextHandler.java:doStart(781)) - Started o.e.j.w.WebAppContext@a5272be{/,file:///tmp/jetty-0.0.0.0-37530-hddsDatanode-_-any-347689161750471962.dir/webapp/,AVAILABLE}{/hddsDatanode}
2019-09-12 11:30:31,797 [main] INFO  server.AbstractConnector (AbstractConnector.java:doStart(278)) - Started ServerConnector@58ba5b30{HTTP/1.1,[http/1.1]}{0.0.0.0:37530}
2019-09-12 11:30:31,798 [main] INFO  server.Server (Server.java:doStart(419)) - Started @5529ms
2019-09-12 11:30:31,799 [main] INFO  server.BaseHttpServer (BaseHttpServer.java:updateConnectorAddress(213)) - HTTP server of HDDSDATANODE is listening at http://0.0.0.0:37530
2019-09-12 11:30:33,063 | INFO  | ObjectStoreRestHttpServer | Listening HDDS REST traffic on /0.0.0.0:43690 |  
2019-09-12 11:30:33,065 [main] INFO  ozone.HddsDatanodeService (HddsDatanodeService.java:startPlugins(395)) - Started plug-in org.apache.hadoop.ozone.web.OzoneHddsDatanodeService@35787726
2019-09-12 11:30:33,066 [main] INFO  impl.MetricsSystemImpl (MetricsSystemImpl.java:init(158)) - HddsDatanode metrics system started (again)
2019-09-12 11:30:33,070 [main] INFO  ozone.HddsDatanodeService (HddsDatanodeService.java:start(184)) - HddsDatanodeService host:pr-hdds-1569-58hkm-1881083799 ip:192.168.36.114
2019-09-12 11:30:33,072 [org.apache.hadoop.util.JvmPauseMonitor$Monitor@7142fe1f] INFO  util.JvmPauseMonitor (JvmPauseMonitor.java:run(188)) - Starting JVM pause monitor
2019-09-12 11:30:33,079 [main] INFO  volume.HddsVolume (HddsVolume.java:<init>(176)) - Creating Volume: /workdir/hadoop-ozone/integration-test/target/test-dir/MiniOzoneClusterImpl-299c34b2-84c4-4da4-b63e-5faf1abba283/datanode-1/data/containers/hdds of  storage type : DISK and capacity : 1482555576320
2019-09-12 11:30:33,080 [main] INFO  volume.VolumeSet (VolumeSet.java:initializeVolumeSet(170)) - Added Volume : /workdir/hadoop-ozone/integration-test/target/test-dir/MiniOzoneClusterImpl-299c34b2-84c4-4da4-b63e-5faf1abba283/datanode-1/data/containers/hdds to VolumeSet
2019-09-12 11:30:33,080 [main] INFO  volume.ThrottledAsyncChecker (ThrottledAsyncChecker.java:schedule(140)) - Scheduling a check for org.apache.hadoop.ozone.container.common.volume.HddsVolume@565aa4ac
2019-09-12 11:30:33,081 [main] INFO  volume.HddsVolumeChecker (HddsVolumeChecker.java:checkAllVolumes(203)) - Scheduled health check for volume org.apache.hadoop.ozone.container.common.volume.HddsVolume@565aa4ac
2019-09-12 11:30:33,099 [main] INFO  impl.RaftServerProxy (ConfUtils.java:logGet(43)) - raft.rpc.type = GRPC (default)
2019-09-12 11:30:33,099 [main] INFO  grpc.GrpcFactory (GrpcFactory.java:checkPooledByteBufAllocatorUseCacheForAllThreads(45)) - PERFORMANCE WARNING: useCacheForAllThreads is true that may cause Netty to create a lot garbage objects and, as a result, trigger GC.
	It is recommended to disable useCacheForAllThreads by setting -Dorg.apache.ratis.thirdparty.io.netty.allocator.useCacheForAllThreads=false in command line.
2019-09-12 11:30:33,100 [main] INFO  grpc.GrpcConfigKeys$Server (ConfUtils.java:logGet(43)) - raft.grpc.server.port = 0 (default)
2019-09-12 11:30:33,100 [main] INFO  server.GrpcService (ConfUtils.java:logGet(43)) - raft.grpc.message.size.max = 33570816 (custom)
2019-09-12 11:30:33,100 [main] INFO  server.RaftServerConfigKeys (ConfUtils.java:logGet(43)) - raft.server.log.appender.buffer.byte-limit = 33554432 (custom)
2019-09-12 11:30:33,101 [main] INFO  server.GrpcService (ConfUtils.java:logGet(43)) - raft.grpc.flow.control.window = 1MB (=1048576) (default)
2019-09-12 11:30:33,101 [main] INFO  server.RaftServerConfigKeys (ConfUtils.java:logGet(43)) - raft.server.rpc.request.timeout = 3000ms (default)
2019-09-12 11:30:33,102 [main] INFO  server.RaftServerConfigKeys (ConfUtils.java:logGet(43)) - raft.server.storage.dir = [/workdir/hadoop-ozone/integration-test/target/test-dir/MiniOzoneClusterImpl-299c34b2-84c4-4da4-b63e-5faf1abba283/datanode-1/data/ratis] (custom)
2019-09-12 11:30:33,102 [main] INFO  replication.SimpleContainerDownloader (SimpleContainerDownloader.java:<init>(72)) - Starting container downloader service to copy containers to replicate.
2019-09-12 11:30:33,103 [main] INFO  hdfs.DFSUtil (DFSUtil.java:httpServerTemplateForNNAndJN(1641)) - Starting Web-server for hddsDatanode at: http://0.0.0.0:0
2019-09-12 11:30:33,105 [main] INFO  server.AuthenticationFilter (AuthenticationFilter.java:constructSecretProvider(240)) - Unable to initialize FileSignerSecretProvider, falling back to use random secrets.
2019-09-12 11:30:33,106 [main] WARN  http.HttpRequestLog (HttpRequestLog.java:getRequestLog(97)) - Jetty request log can only be enabled using Log4j
2019-09-12 11:30:33,108 [main] INFO  http.HttpServer2 (HttpServer2.java:addGlobalFilter(975)) - Added global filter 'safety' (class=org.apache.hadoop.http.HttpServer2$QuotingInputFilter)
2019-09-12 11:30:33,110 [main] INFO  http.HttpServer2 (HttpServer2.java:addFilter(948)) - Added filter static_user_filter (class=org.apache.hadoop.http.lib.StaticUserWebFilter$StaticUserFilter) to context hddsDatanode
2019-09-12 11:30:33,110 [main] INFO  http.HttpServer2 (HttpServer2.java:addFilter(958)) - Added filter static_user_filter (class=org.apache.hadoop.http.lib.StaticUserWebFilter$StaticUserFilter) to context static
2019-09-12 11:30:33,110 [main] INFO  http.HttpServer2 (HttpServer2.java:addFilter(958)) - Added filter static_user_filter (class=org.apache.hadoop.http.lib.StaticUserWebFilter$StaticUserFilter) to context logs
2019-09-12 11:30:33,112 [main] INFO  http.HttpServer2 (HttpServer2.java:bindListener(1191)) - Jetty bound to port 33344
2019-09-12 11:30:33,112 [main] INFO  server.Server (Server.java:doStart(351)) - jetty-9.3.24.v20180605, build timestamp: 2018-06-05T17:11:56Z, git hash: 84205aa28f11a4f31f2a3b86d1bba2cc8ab69827
2019-09-12 11:30:33,116 [main] INFO  handler.ContextHandler (ContextHandler.java:doStart(781)) - Started o.e.j.s.ServletContextHandler@46a795de{/logs,file:///workdir/hadoop-ozone/integration-test/target/log,AVAILABLE}
2019-09-12 11:30:33,117 [main] INFO  handler.ContextHandler (ContextHandler.java:doStart(781)) - Started o.e.j.s.ServletContextHandler@2f3928ac{/static,jar:file:/home/user/.m2/repository/org/apache/hadoop/hadoop-hdds-container-service/0.5.0-SNAPSHOT/hadoop-hdds-container-service-0.5.0-SNAPSHOT.jar!/webapps/static,AVAILABLE}
2019-09-12 11:30:33,160 [main] INFO  handler.ContextHandler (ContextHandler.java:doStart(781)) - Started o.e.j.w.WebAppContext@18d47df0{/,file:///tmp/jetty-0.0.0.0-33344-hddsDatanode-_-any-3675417367578669208.dir/webapp/,AVAILABLE}{/hddsDatanode}
2019-09-12 11:30:33,162 [main] INFO  server.AbstractConnector (AbstractConnector.java:doStart(278)) - Started ServerConnector@28393e82{HTTP/1.1,[http/1.1]}{0.0.0.0:33344}
2019-09-12 11:30:33,163 [main] INFO  server.Server (Server.java:doStart(419)) - Started @6894ms
2019-09-12 11:30:33,164 [main] INFO  server.BaseHttpServer (BaseHttpServer.java:updateConnectorAddress(213)) - HTTP server of HDDSDATANODE is listening at http://0.0.0.0:33344
2019-09-12 11:30:33,195 [Datanode State Machine Thread - 0] INFO  datanode.InitDatanodeState (InitDatanodeState.java:persistContainerDatanodeDetails(140)) - DatanodeDetails is persisted to /workdir/hadoop-ozone/integration-test/target/test-dir/MiniOzoneClusterImpl-299c34b2-84c4-4da4-b63e-5faf1abba283/datanode-0/meta/datanode.id
2019-09-12 11:30:33,338 | INFO  | ObjectStoreRestHttpServer | Listening HDDS REST traffic on /0.0.0.0:37262 |  
2019-09-12 11:30:33,338 [main] INFO  ozone.HddsDatanodeService (HddsDatanodeService.java:startPlugins(395)) - Started plug-in org.apache.hadoop.ozone.web.OzoneHddsDatanodeService@1f129467
2019-09-12 11:30:33,339 [main] INFO  impl.MetricsSystemImpl (MetricsSystemImpl.java:init(158)) - HddsDatanode metrics system started (again)
2019-09-12 11:30:33,342 [org.apache.hadoop.util.JvmPauseMonitor$Monitor@1b45645d] INFO  util.JvmPauseMonitor (JvmPauseMonitor.java:run(188)) - Starting JVM pause monitor
2019-09-12 11:30:33,342 [main] INFO  ozone.HddsDatanodeService (HddsDatanodeService.java:start(184)) - HddsDatanodeService host:pr-hdds-1569-58hkm-1881083799 ip:192.168.36.114
2019-09-12 11:30:33,349 [Datanode State Machine Thread - 0] INFO  datanode.InitDatanodeState (InitDatanodeState.java:persistContainerDatanodeDetails(140)) - DatanodeDetails is persisted to /workdir/hadoop-ozone/integration-test/target/test-dir/MiniOzoneClusterImpl-299c34b2-84c4-4da4-b63e-5faf1abba283/datanode-1/meta/datanode.id
2019-09-12 11:30:33,355 [main] INFO  volume.HddsVolume (HddsVolume.java:<init>(176)) - Creating Volume: /workdir/hadoop-ozone/integration-test/target/test-dir/MiniOzoneClusterImpl-299c34b2-84c4-4da4-b63e-5faf1abba283/datanode-2/data/containers/hdds of  storage type : DISK and capacity : 1482555576320
2019-09-12 11:30:33,355 [main] INFO  volume.VolumeSet (VolumeSet.java:initializeVolumeSet(170)) - Added Volume : /workdir/hadoop-ozone/integration-test/target/test-dir/MiniOzoneClusterImpl-299c34b2-84c4-4da4-b63e-5faf1abba283/datanode-2/data/containers/hdds to VolumeSet
2019-09-12 11:30:33,356 [main] INFO  volume.ThrottledAsyncChecker (ThrottledAsyncChecker.java:schedule(140)) - Scheduling a check for org.apache.hadoop.ozone.container.common.volume.HddsVolume@102c18e
2019-09-12 11:30:33,356 [main] INFO  volume.HddsVolumeChecker (HddsVolumeChecker.java:checkAllVolumes(203)) - Scheduled health check for volume org.apache.hadoop.ozone.container.common.volume.HddsVolume@102c18e
2019-09-12 11:30:33,374 [main] INFO  impl.RaftServerProxy (ConfUtils.java:logGet(43)) - raft.rpc.type = GRPC (default)
2019-09-12 11:30:33,375 [main] INFO  grpc.GrpcFactory (GrpcFactory.java:checkPooledByteBufAllocatorUseCacheForAllThreads(45)) - PERFORMANCE WARNING: useCacheForAllThreads is true that may cause Netty to create a lot garbage objects and, as a result, trigger GC.
	It is recommended to disable useCacheForAllThreads by setting -Dorg.apache.ratis.thirdparty.io.netty.allocator.useCacheForAllThreads=false in command line.
2019-09-12 11:30:33,375 [main] INFO  grpc.GrpcConfigKeys$Server (ConfUtils.java:logGet(43)) - raft.grpc.server.port = 0 (default)
2019-09-12 11:30:33,375 [main] INFO  server.GrpcService (ConfUtils.java:logGet(43)) - raft.grpc.message.size.max = 33570816 (custom)
2019-09-12 11:30:33,375 [main] INFO  server.RaftServerConfigKeys (ConfUtils.java:logGet(43)) - raft.server.log.appender.buffer.byte-limit = 33554432 (custom)
2019-09-12 11:30:33,376 [main] INFO  server.GrpcService (ConfUtils.java:logGet(43)) - raft.grpc.flow.control.window = 1MB (=1048576) (default)
2019-09-12 11:30:33,376 [main] INFO  server.RaftServerConfigKeys (ConfUtils.java:logGet(43)) - raft.server.rpc.request.timeout = 3000ms (default)
2019-09-12 11:30:33,376 [main] INFO  server.RaftServerConfigKeys (ConfUtils.java:logGet(43)) - raft.server.storage.dir = [/workdir/hadoop-ozone/integration-test/target/test-dir/MiniOzoneClusterImpl-299c34b2-84c4-4da4-b63e-5faf1abba283/datanode-2/data/ratis] (custom)
2019-09-12 11:30:33,377 [main] INFO  replication.SimpleContainerDownloader (SimpleContainerDownloader.java:<init>(72)) - Starting container downloader service to copy containers to replicate.
2019-09-12 11:30:33,379 [main] INFO  hdfs.DFSUtil (DFSUtil.java:httpServerTemplateForNNAndJN(1641)) - Starting Web-server for hddsDatanode at: http://0.0.0.0:0
2019-09-12 11:30:33,381 [main] INFO  server.AuthenticationFilter (AuthenticationFilter.java:constructSecretProvider(240)) - Unable to initialize FileSignerSecretProvider, falling back to use random secrets.
2019-09-12 11:30:33,381 [main] WARN  http.HttpRequestLog (HttpRequestLog.java:getRequestLog(97)) - Jetty request log can only be enabled using Log4j
2019-09-12 11:30:33,384 [main] INFO  http.HttpServer2 (HttpServer2.java:addGlobalFilter(975)) - Added global filter 'safety' (class=org.apache.hadoop.http.HttpServer2$QuotingInputFilter)
2019-09-12 11:30:33,384 [main] INFO  http.HttpServer2 (HttpServer2.java:addFilter(948)) - Added filter static_user_filter (class=org.apache.hadoop.http.lib.StaticUserWebFilter$StaticUserFilter) to context hddsDatanode
2019-09-12 11:30:33,385 [main] INFO  http.HttpServer2 (HttpServer2.java:addFilter(958)) - Added filter static_user_filter (class=org.apache.hadoop.http.lib.StaticUserWebFilter$StaticUserFilter) to context static
2019-09-12 11:30:33,385 [main] INFO  http.HttpServer2 (HttpServer2.java:addFilter(958)) - Added filter static_user_filter (class=org.apache.hadoop.http.lib.StaticUserWebFilter$StaticUserFilter) to context logs
2019-09-12 11:30:33,386 [main] INFO  http.HttpServer2 (HttpServer2.java:bindListener(1191)) - Jetty bound to port 43060
2019-09-12 11:30:33,386 [main] INFO  server.Server (Server.java:doStart(351)) - jetty-9.3.24.v20180605, build timestamp: 2018-06-05T17:11:56Z, git hash: 84205aa28f11a4f31f2a3b86d1bba2cc8ab69827
2019-09-12 11:30:33,389 [main] INFO  handler.ContextHandler (ContextHandler.java:doStart(781)) - Started o.e.j.s.ServletContextHandler@7f0f84d4{/logs,file:///workdir/hadoop-ozone/integration-test/target/log,AVAILABLE}
2019-09-12 11:30:33,389 [main] INFO  handler.ContextHandler (ContextHandler.java:doStart(781)) - Started o.e.j.s.ServletContextHandler@26e8ff8c{/static,jar:file:/home/user/.m2/repository/org/apache/hadoop/hadoop-hdds-container-service/0.5.0-SNAPSHOT/hadoop-hdds-container-service-0.5.0-SNAPSHOT.jar!/webapps/static,AVAILABLE}
2019-09-12 11:30:33,424 [main] INFO  handler.ContextHandler (ContextHandler.java:doStart(781)) - Started o.e.j.w.WebAppContext@10f405ff{/,file:///tmp/jetty-0.0.0.0-43060-hddsDatanode-_-any-569162859262849757.dir/webapp/,AVAILABLE}{/hddsDatanode}
2019-09-12 11:30:33,424 [main] INFO  server.AbstractConnector (AbstractConnector.java:doStart(278)) - Started ServerConnector@7f27f59b{HTTP/1.1,[http/1.1]}{0.0.0.0:43060}
2019-09-12 11:30:33,425 [main] INFO  server.Server (Server.java:doStart(419)) - Started @7156ms
2019-09-12 11:30:33,427 [main] INFO  server.BaseHttpServer (BaseHttpServer.java:updateConnectorAddress(213)) - HTTP server of HDDSDATANODE is listening at http://0.0.0.0:43060
2019-09-12 11:30:33,575 | INFO  | ObjectStoreRestHttpServer | Listening HDDS REST traffic on /0.0.0.0:40284 |  
2019-09-12 11:30:33,575 [main] INFO  ozone.HddsDatanodeService (HddsDatanodeService.java:startPlugins(395)) - Started plug-in org.apache.hadoop.ozone.web.OzoneHddsDatanodeService@37d28938
2019-09-12 11:30:33,576 [main] INFO  impl.MetricsSystemImpl (MetricsSystemImpl.java:init(158)) - HddsDatanode metrics system started (again)
2019-09-12 11:30:33,579 [org.apache.hadoop.util.JvmPauseMonitor$Monitor@2bbb0995] INFO  util.JvmPauseMonitor (JvmPauseMonitor.java:run(188)) - Starting JVM pause monitor
2019-09-12 11:30:33,580 [main] INFO  ozone.HddsDatanodeService (HddsDatanodeService.java:start(184)) - HddsDatanodeService host:pr-hdds-1569-58hkm-1881083799 ip:192.168.36.114
2019-09-12 11:30:33,582 [Datanode State Machine Thread - 0] INFO  datanode.InitDatanodeState (InitDatanodeState.java:persistContainerDatanodeDetails(140)) - DatanodeDetails is persisted to /workdir/hadoop-ozone/integration-test/target/test-dir/MiniOzoneClusterImpl-299c34b2-84c4-4da4-b63e-5faf1abba283/datanode-2/meta/datanode.id
2019-09-12 11:30:33,589 [main] INFO  volume.HddsVolume (HddsVolume.java:<init>(176)) - Creating Volume: /workdir/hadoop-ozone/integration-test/target/test-dir/MiniOzoneClusterImpl-299c34b2-84c4-4da4-b63e-5faf1abba283/datanode-3/data/containers/hdds of  storage type : DISK and capacity : 1482555576320
2019-09-12 11:30:33,589 [main] INFO  volume.VolumeSet (VolumeSet.java:initializeVolumeSet(170)) - Added Volume : /workdir/hadoop-ozone/integration-test/target/test-dir/MiniOzoneClusterImpl-299c34b2-84c4-4da4-b63e-5faf1abba283/datanode-3/data/containers/hdds to VolumeSet
2019-09-12 11:30:33,589 [main] INFO  volume.ThrottledAsyncChecker (ThrottledAsyncChecker.java:schedule(140)) - Scheduling a check for org.apache.hadoop.ozone.container.common.volume.HddsVolume@2506b881
2019-09-12 11:30:33,590 [main] INFO  volume.HddsVolumeChecker (HddsVolumeChecker.java:checkAllVolumes(203)) - Scheduled health check for volume org.apache.hadoop.ozone.container.common.volume.HddsVolume@2506b881
2019-09-12 11:30:33,611 [main] INFO  impl.RaftServerProxy (ConfUtils.java:logGet(43)) - raft.rpc.type = GRPC (default)
2019-09-12 11:30:33,611 [main] INFO  grpc.GrpcFactory (GrpcFactory.java:checkPooledByteBufAllocatorUseCacheForAllThreads(45)) - PERFORMANCE WARNING: useCacheForAllThreads is true that may cause Netty to create a lot garbage objects and, as a result, trigger GC.
	It is recommended to disable useCacheForAllThreads by setting -Dorg.apache.ratis.thirdparty.io.netty.allocator.useCacheForAllThreads=false in command line.
2019-09-12 11:30:33,612 [main] INFO  grpc.GrpcConfigKeys$Server (ConfUtils.java:logGet(43)) - raft.grpc.server.port = 0 (default)
2019-09-12 11:30:33,612 [main] INFO  server.GrpcService (ConfUtils.java:logGet(43)) - raft.grpc.message.size.max = 33570816 (custom)
2019-09-12 11:30:33,612 [main] INFO  server.RaftServerConfigKeys (ConfUtils.java:logGet(43)) - raft.server.log.appender.buffer.byte-limit = 33554432 (custom)
2019-09-12 11:30:33,613 [main] INFO  server.GrpcService (ConfUtils.java:logGet(43)) - raft.grpc.flow.control.window = 1MB (=1048576) (default)
2019-09-12 11:30:33,613 [main] INFO  server.RaftServerConfigKeys (ConfUtils.java:logGet(43)) - raft.server.rpc.request.timeout = 3000ms (default)
2019-09-12 11:30:33,614 [main] INFO  server.RaftServerConfigKeys (ConfUtils.java:logGet(43)) - raft.server.storage.dir = [/workdir/hadoop-ozone/integration-test/target/test-dir/MiniOzoneClusterImpl-299c34b2-84c4-4da4-b63e-5faf1abba283/datanode-3/data/ratis] (custom)
2019-09-12 11:30:33,614 [main] INFO  replication.SimpleContainerDownloader (SimpleContainerDownloader.java:<init>(72)) - Starting container downloader service to copy containers to replicate.
2019-09-12 11:30:33,616 [main] INFO  hdfs.DFSUtil (DFSUtil.java:httpServerTemplateForNNAndJN(1641)) - Starting Web-server for hddsDatanode at: http://0.0.0.0:0
2019-09-12 11:30:33,618 [main] INFO  server.AuthenticationFilter (AuthenticationFilter.java:constructSecretProvider(240)) - Unable to initialize FileSignerSecretProvider, falling back to use random secrets.
2019-09-12 11:30:33,619 [main] WARN  http.HttpRequestLog (HttpRequestLog.java:getRequestLog(97)) - Jetty request log can only be enabled using Log4j
2019-09-12 11:30:33,621 [main] INFO  http.HttpServer2 (HttpServer2.java:addGlobalFilter(975)) - Added global filter 'safety' (class=org.apache.hadoop.http.HttpServer2$QuotingInputFilter)
2019-09-12 11:30:33,622 [main] INFO  http.HttpServer2 (HttpServer2.java:addFilter(948)) - Added filter static_user_filter (class=org.apache.hadoop.http.lib.StaticUserWebFilter$StaticUserFilter) to context hddsDatanode
2019-09-12 11:30:33,623 [main] INFO  http.HttpServer2 (HttpServer2.java:addFilter(958)) - Added filter static_user_filter (class=org.apache.hadoop.http.lib.StaticUserWebFilter$StaticUserFilter) to context static
2019-09-12 11:30:33,623 [main] INFO  http.HttpServer2 (HttpServer2.java:addFilter(958)) - Added filter static_user_filter (class=org.apache.hadoop.http.lib.StaticUserWebFilter$StaticUserFilter) to context logs
2019-09-12 11:30:33,624 [main] INFO  http.HttpServer2 (HttpServer2.java:bindListener(1191)) - Jetty bound to port 39034
2019-09-12 11:30:33,624 [main] INFO  server.Server (Server.java:doStart(351)) - jetty-9.3.24.v20180605, build timestamp: 2018-06-05T17:11:56Z, git hash: 84205aa28f11a4f31f2a3b86d1bba2cc8ab69827
2019-09-12 11:30:33,629 [main] INFO  handler.ContextHandler (ContextHandler.java:doStart(781)) - Started o.e.j.s.ServletContextHandler@6d4a82{/logs,file:///workdir/hadoop-ozone/integration-test/target/log,AVAILABLE}
2019-09-12 11:30:33,630 [main] INFO  handler.ContextHandler (ContextHandler.java:doStart(781)) - Started o.e.j.s.ServletContextHandler@7a0ab480{/static,jar:file:/home/user/.m2/repository/org/apache/hadoop/hadoop-hdds-container-service/0.5.0-SNAPSHOT/hadoop-hdds-container-service-0.5.0-SNAPSHOT.jar!/webapps/static,AVAILABLE}
2019-09-12 11:30:33,671 [main] INFO  handler.ContextHandler (ContextHandler.java:doStart(781)) - Started o.e.j.w.WebAppContext@19b5214b{/,file:///tmp/jetty-0.0.0.0-39034-hddsDatanode-_-any-3501934539283163104.dir/webapp/,AVAILABLE}{/hddsDatanode}
2019-09-12 11:30:33,673 [main] INFO  server.AbstractConnector (AbstractConnector.java:doStart(278)) - Started ServerConnector@5fb3111a{HTTP/1.1,[http/1.1]}{0.0.0.0:39034}
2019-09-12 11:30:33,673 [main] INFO  server.Server (Server.java:doStart(419)) - Started @7404ms
2019-09-12 11:30:33,674 [main] INFO  server.BaseHttpServer (BaseHttpServer.java:updateConnectorAddress(213)) - HTTP server of HDDSDATANODE is listening at http://0.0.0.0:39034
2019-09-12 11:30:33,825 | INFO  | ObjectStoreRestHttpServer | Listening HDDS REST traffic on /0.0.0.0:41389 |  
2019-09-12 11:30:33,825 [main] INFO  ozone.HddsDatanodeService (HddsDatanodeService.java:startPlugins(395)) - Started plug-in org.apache.hadoop.ozone.web.OzoneHddsDatanodeService@27ab206
2019-09-12 11:30:33,825 [main] INFO  impl.MetricsSystemImpl (MetricsSystemImpl.java:init(158)) - HddsDatanode metrics system started (again)
2019-09-12 11:30:33,829 [org.apache.hadoop.util.JvmPauseMonitor$Monitor@64cfb71c] INFO  util.JvmPauseMonitor (JvmPauseMonitor.java:run(188)) - Starting JVM pause monitor
2019-09-12 11:30:33,829 [main] INFO  ozone.HddsDatanodeService (HddsDatanodeService.java:start(184)) - HddsDatanodeService host:pr-hdds-1569-58hkm-1881083799 ip:192.168.36.114
2019-09-12 11:30:33,831 [Datanode State Machine Thread - 0] INFO  datanode.InitDatanodeState (InitDatanodeState.java:persistContainerDatanodeDetails(140)) - DatanodeDetails is persisted to /workdir/hadoop-ozone/integration-test/target/test-dir/MiniOzoneClusterImpl-299c34b2-84c4-4da4-b63e-5faf1abba283/datanode-3/meta/datanode.id
2019-09-12 11:30:33,837 [main] INFO  volume.HddsVolume (HddsVolume.java:<init>(176)) - Creating Volume: /workdir/hadoop-ozone/integration-test/target/test-dir/MiniOzoneClusterImpl-299c34b2-84c4-4da4-b63e-5faf1abba283/datanode-4/data/containers/hdds of  storage type : DISK and capacity : 1482555576320
2019-09-12 11:30:33,838 [main] INFO  volume.VolumeSet (VolumeSet.java:initializeVolumeSet(170)) - Added Volume : /workdir/hadoop-ozone/integration-test/target/test-dir/MiniOzoneClusterImpl-299c34b2-84c4-4da4-b63e-5faf1abba283/datanode-4/data/containers/hdds to VolumeSet
2019-09-12 11:30:33,838 [main] INFO  volume.ThrottledAsyncChecker (ThrottledAsyncChecker.java:schedule(140)) - Scheduling a check for org.apache.hadoop.ozone.container.common.volume.HddsVolume@16e1219f
2019-09-12 11:30:33,838 [main] INFO  volume.HddsVolumeChecker (HddsVolumeChecker.java:checkAllVolumes(203)) - Scheduled health check for volume org.apache.hadoop.ozone.container.common.volume.HddsVolume@16e1219f
2019-09-12 11:30:33,853 [main] INFO  impl.RaftServerProxy (ConfUtils.java:logGet(43)) - raft.rpc.type = GRPC (default)
2019-09-12 11:30:33,853 [main] INFO  grpc.GrpcFactory (GrpcFactory.java:checkPooledByteBufAllocatorUseCacheForAllThreads(45)) - PERFORMANCE WARNING: useCacheForAllThreads is true that may cause Netty to create a lot garbage objects and, as a result, trigger GC.
	It is recommended to disable useCacheForAllThreads by setting -Dorg.apache.ratis.thirdparty.io.netty.allocator.useCacheForAllThreads=false in command line.
2019-09-12 11:30:33,854 [main] INFO  grpc.GrpcConfigKeys$Server (ConfUtils.java:logGet(43)) - raft.grpc.server.port = 0 (default)
2019-09-12 11:30:33,854 [main] INFO  server.GrpcService (ConfUtils.java:logGet(43)) - raft.grpc.message.size.max = 33570816 (custom)
2019-09-12 11:30:33,854 [main] INFO  server.RaftServerConfigKeys (ConfUtils.java:logGet(43)) - raft.server.log.appender.buffer.byte-limit = 33554432 (custom)
2019-09-12 11:30:33,854 [main] INFO  server.GrpcService (ConfUtils.java:logGet(43)) - raft.grpc.flow.control.window = 1MB (=1048576) (default)
2019-09-12 11:30:33,854 [main] INFO  server.RaftServerConfigKeys (ConfUtils.java:logGet(43)) - raft.server.rpc.request.timeout = 3000ms (default)
2019-09-12 11:30:33,855 [main] INFO  server.RaftServerConfigKeys (ConfUtils.java:logGet(43)) - raft.server.storage.dir = [/workdir/hadoop-ozone/integration-test/target/test-dir/MiniOzoneClusterImpl-299c34b2-84c4-4da4-b63e-5faf1abba283/datanode-4/data/ratis] (custom)
2019-09-12 11:30:33,855 [main] INFO  replication.SimpleContainerDownloader (SimpleContainerDownloader.java:<init>(72)) - Starting container downloader service to copy containers to replicate.
2019-09-12 11:30:33,857 [main] INFO  hdfs.DFSUtil (DFSUtil.java:httpServerTemplateForNNAndJN(1641)) - Starting Web-server for hddsDatanode at: http://0.0.0.0:0
2019-09-12 11:30:33,859 [main] INFO  server.AuthenticationFilter (AuthenticationFilter.java:constructSecretProvider(240)) - Unable to initialize FileSignerSecretProvider, falling back to use random secrets.
2019-09-12 11:30:33,860 [main] WARN  http.HttpRequestLog (HttpRequestLog.java:getRequestLog(97)) - Jetty request log can only be enabled using Log4j
2019-09-12 11:30:33,862 [main] INFO  http.HttpServer2 (HttpServer2.java:addGlobalFilter(975)) - Added global filter 'safety' (class=org.apache.hadoop.http.HttpServer2$QuotingInputFilter)
2019-09-12 11:30:33,863 [main] INFO  http.HttpServer2 (HttpServer2.java:addFilter(948)) - Added filter static_user_filter (class=org.apache.hadoop.http.lib.StaticUserWebFilter$StaticUserFilter) to context hddsDatanode
2019-09-12 11:30:33,864 [main] INFO  http.HttpServer2 (HttpServer2.java:addFilter(958)) - Added filter static_user_filter (class=org.apache.hadoop.http.lib.StaticUserWebFilter$StaticUserFilter) to context logs
2019-09-12 11:30:33,864 [main] INFO  http.HttpServer2 (HttpServer2.java:addFilter(958)) - Added filter static_user_filter (class=org.apache.hadoop.http.lib.StaticUserWebFilter$StaticUserFilter) to context static
2019-09-12 11:30:33,865 [main] INFO  http.HttpServer2 (HttpServer2.java:bindListener(1191)) - Jetty bound to port 39121
2019-09-12 11:30:33,865 [main] INFO  server.Server (Server.java:doStart(351)) - jetty-9.3.24.v20180605, build timestamp: 2018-06-05T17:11:56Z, git hash: 84205aa28f11a4f31f2a3b86d1bba2cc8ab69827
2019-09-12 11:30:33,868 [main] INFO  handler.ContextHandler (ContextHandler.java:doStart(781)) - Started o.e.j.s.ServletContextHandler@66713605{/logs,file:///workdir/hadoop-ozone/integration-test/target/log,AVAILABLE}
2019-09-12 11:30:33,869 [main] INFO  handler.ContextHandler (ContextHandler.java:doStart(781)) - Started o.e.j.s.ServletContextHandler@7d50f2a8{/static,jar:file:/home/user/.m2/repository/org/apache/hadoop/hadoop-hdds-container-service/0.5.0-SNAPSHOT/hadoop-hdds-container-service-0.5.0-SNAPSHOT.jar!/webapps/static,AVAILABLE}
2019-09-12 11:30:33,910 [main] INFO  handler.ContextHandler (ContextHandler.java:doStart(781)) - Started o.e.j.w.WebAppContext@54ccb3{/,file:///tmp/jetty-0.0.0.0-39121-hddsDatanode-_-any-8590907457902631784.dir/webapp/,AVAILABLE}{/hddsDatanode}
2019-09-12 11:30:33,910 [main] INFO  server.AbstractConnector (AbstractConnector.java:doStart(278)) - Started ServerConnector@9b2dc56{HTTP/1.1,[http/1.1]}{0.0.0.0:39121}
2019-09-12 11:30:33,912 [main] INFO  server.Server (Server.java:doStart(419)) - Started @7642ms
2019-09-12 11:30:33,913 [main] INFO  server.BaseHttpServer (BaseHttpServer.java:updateConnectorAddress(213)) - HTTP server of HDDSDATANODE is listening at http://0.0.0.0:39121
2019-09-12 11:30:34,076 | INFO  | ObjectStoreRestHttpServer | Listening HDDS REST traffic on /0.0.0.0:37841 |  
2019-09-12 11:30:34,076 [main] INFO  ozone.HddsDatanodeService (HddsDatanodeService.java:startPlugins(395)) - Started plug-in org.apache.hadoop.ozone.web.OzoneHddsDatanodeService@15369d73
2019-09-12 11:30:34,076 [main] INFO  impl.MetricsSystemImpl (MetricsSystemImpl.java:init(158)) - HddsDatanode metrics system started (again)
2019-09-12 11:30:34,080 [main] INFO  ozone.HddsDatanodeService (HddsDatanodeService.java:start(184)) - HddsDatanodeService host:pr-hdds-1569-58hkm-1881083799 ip:192.168.36.114
2019-09-12 11:30:34,080 [org.apache.hadoop.util.JvmPauseMonitor$Monitor@51ce5c16] INFO  util.JvmPauseMonitor (JvmPauseMonitor.java:run(188)) - Starting JVM pause monitor
2019-09-12 11:30:34,084 [Datanode State Machine Thread - 0] INFO  datanode.InitDatanodeState (InitDatanodeState.java:persistContainerDatanodeDetails(140)) - DatanodeDetails is persisted to /workdir/hadoop-ozone/integration-test/target/test-dir/MiniOzoneClusterImpl-299c34b2-84c4-4da4-b63e-5faf1abba283/datanode-4/meta/datanode.id
2019-09-12 11:30:34,089 [main] INFO  volume.HddsVolume (HddsVolume.java:<init>(176)) - Creating Volume: /workdir/hadoop-ozone/integration-test/target/test-dir/MiniOzoneClusterImpl-299c34b2-84c4-4da4-b63e-5faf1abba283/datanode-5/data/containers/hdds of  storage type : DISK and capacity : 1482555576320
2019-09-12 11:30:34,089 [main] INFO  volume.VolumeSet (VolumeSet.java:initializeVolumeSet(170)) - Added Volume : /workdir/hadoop-ozone/integration-test/target/test-dir/MiniOzoneClusterImpl-299c34b2-84c4-4da4-b63e-5faf1abba283/datanode-5/data/containers/hdds to VolumeSet
2019-09-12 11:30:34,089 [main] INFO  volume.ThrottledAsyncChecker (ThrottledAsyncChecker.java:schedule(140)) - Scheduling a check for org.apache.hadoop.ozone.container.common.volume.HddsVolume@7af1d072
2019-09-12 11:30:34,090 [main] INFO  volume.HddsVolumeChecker (HddsVolumeChecker.java:checkAllVolumes(203)) - Scheduled health check for volume org.apache.hadoop.ozone.container.common.volume.HddsVolume@7af1d072
2019-09-12 11:30:34,105 [main] INFO  impl.RaftServerProxy (ConfUtils.java:logGet(43)) - raft.rpc.type = GRPC (default)
2019-09-12 11:30:34,105 [main] INFO  grpc.GrpcFactory (GrpcFactory.java:checkPooledByteBufAllocatorUseCacheForAllThreads(45)) - PERFORMANCE WARNING: useCacheForAllThreads is true that may cause Netty to create a lot garbage objects and, as a result, trigger GC.
	It is recommended to disable useCacheForAllThreads by setting -Dorg.apache.ratis.thirdparty.io.netty.allocator.useCacheForAllThreads=false in command line.
2019-09-12 11:30:34,105 [main] INFO  grpc.GrpcConfigKeys$Server (ConfUtils.java:logGet(43)) - raft.grpc.server.port = 0 (default)
2019-09-12 11:30:34,105 [main] INFO  server.GrpcService (ConfUtils.java:logGet(43)) - raft.grpc.message.size.max = 33570816 (custom)
2019-09-12 11:30:34,106 [main] INFO  server.RaftServerConfigKeys (ConfUtils.java:logGet(43)) - raft.server.log.appender.buffer.byte-limit = 33554432 (custom)
2019-09-12 11:30:34,106 [main] INFO  server.GrpcService (ConfUtils.java:logGet(43)) - raft.grpc.flow.control.window = 1MB (=1048576) (default)
2019-09-12 11:30:34,106 [main] INFO  server.RaftServerConfigKeys (ConfUtils.java:logGet(43)) - raft.server.rpc.request.timeout = 3000ms (default)
2019-09-12 11:30:34,107 [main] INFO  server.RaftServerConfigKeys (ConfUtils.java:logGet(43)) - raft.server.storage.dir = [/workdir/hadoop-ozone/integration-test/target/test-dir/MiniOzoneClusterImpl-299c34b2-84c4-4da4-b63e-5faf1abba283/datanode-5/data/ratis] (custom)
2019-09-12 11:30:34,107 [main] INFO  replication.SimpleContainerDownloader (SimpleContainerDownloader.java:<init>(72)) - Starting container downloader service to copy containers to replicate.
2019-09-12 11:30:34,108 [main] INFO  hdfs.DFSUtil (DFSUtil.java:httpServerTemplateForNNAndJN(1641)) - Starting Web-server for hddsDatanode at: http://0.0.0.0:0
2019-09-12 11:30:34,110 [main] INFO  server.AuthenticationFilter (AuthenticationFilter.java:constructSecretProvider(240)) - Unable to initialize FileSignerSecretProvider, falling back to use random secrets.
2019-09-12 11:30:34,111 [main] WARN  http.HttpRequestLog (HttpRequestLog.java:getRequestLog(97)) - Jetty request log can only be enabled using Log4j
2019-09-12 11:30:34,113 [main] INFO  http.HttpServer2 (HttpServer2.java:addGlobalFilter(975)) - Added global filter 'safety' (class=org.apache.hadoop.http.HttpServer2$QuotingInputFilter)
2019-09-12 11:30:34,114 [main] INFO  http.HttpServer2 (HttpServer2.java:addFilter(948)) - Added filter static_user_filter (class=org.apache.hadoop.http.lib.StaticUserWebFilter$StaticUserFilter) to context hddsDatanode
2019-09-12 11:30:34,114 [main] INFO  http.HttpServer2 (HttpServer2.java:addFilter(958)) - Added filter static_user_filter (class=org.apache.hadoop.http.lib.StaticUserWebFilter$StaticUserFilter) to context static
2019-09-12 11:30:34,115 [main] INFO  http.HttpServer2 (HttpServer2.java:addFilter(958)) - Added filter static_user_filter (class=org.apache.hadoop.http.lib.StaticUserWebFilter$StaticUserFilter) to context logs
2019-09-12 11:30:34,115 [main] INFO  http.HttpServer2 (HttpServer2.java:bindListener(1191)) - Jetty bound to port 35393
2019-09-12 11:30:34,116 [main] INFO  server.Server (Server.java:doStart(351)) - jetty-9.3.24.v20180605, build timestamp: 2018-06-05T17:11:56Z, git hash: 84205aa28f11a4f31f2a3b86d1bba2cc8ab69827
2019-09-12 11:30:34,118 [main] INFO  handler.ContextHandler (ContextHandler.java:doStart(781)) - Started o.e.j.s.ServletContextHandler@33d230ce{/logs,file:///workdir/hadoop-ozone/integration-test/target/log,AVAILABLE}
2019-09-12 11:30:34,119 [main] INFO  handler.ContextHandler (ContextHandler.java:doStart(781)) - Started o.e.j.s.ServletContextHandler@a316f6b{/static,jar:file:/home/user/.m2/repository/org/apache/hadoop/hadoop-hdds-container-service/0.5.0-SNAPSHOT/hadoop-hdds-container-service-0.5.0-SNAPSHOT.jar!/webapps/static,AVAILABLE}
2019-09-12 11:30:34,158 [main] INFO  handler.ContextHandler (ContextHandler.java:doStart(781)) - Started o.e.j.w.WebAppContext@7bf018dd{/,file:///tmp/jetty-0.0.0.0-35393-hddsDatanode-_-any-7045972717409133881.dir/webapp/,AVAILABLE}{/hddsDatanode}
2019-09-12 11:30:34,159 [main] INFO  server.AbstractConnector (AbstractConnector.java:doStart(278)) - Started ServerConnector@15a8cebd{HTTP/1.1,[http/1.1]}{0.0.0.0:35393}
2019-09-12 11:30:34,160 [main] INFO  server.Server (Server.java:doStart(419)) - Started @7890ms
2019-09-12 11:30:34,160 [main] INFO  server.BaseHttpServer (BaseHttpServer.java:updateConnectorAddress(213)) - HTTP server of HDDSDATANODE is listening at http://0.0.0.0:35393
2019-09-12 11:30:34,373 | INFO  | ObjectStoreRestHttpServer | Listening HDDS REST traffic on /0.0.0.0:39538 |  
2019-09-12 11:30:34,373 [main] INFO  ozone.HddsDatanodeService (HddsDatanodeService.java:startPlugins(395)) - Started plug-in org.apache.hadoop.ozone.web.OzoneHddsDatanodeService@3a0896b3
2019-09-12 11:30:34,374 [main] INFO  impl.MetricsSystemImpl (MetricsSystemImpl.java:init(158)) - HddsDatanode metrics system started (again)
2019-09-12 11:30:34,378 [main] INFO  ozone.HddsDatanodeService (HddsDatanodeService.java:start(184)) - HddsDatanodeService host:pr-hdds-1569-58hkm-1881083799 ip:192.168.36.114
2019-09-12 11:30:34,378 [org.apache.hadoop.util.JvmPauseMonitor$Monitor@555458bc] INFO  util.JvmPauseMonitor (JvmPauseMonitor.java:run(188)) - Starting JVM pause monitor
2019-09-12 11:30:34,381 [Datanode State Machine Thread - 0] INFO  datanode.InitDatanodeState (InitDatanodeState.java:persistContainerDatanodeDetails(140)) - DatanodeDetails is persisted to /workdir/hadoop-ozone/integration-test/target/test-dir/MiniOzoneClusterImpl-299c34b2-84c4-4da4-b63e-5faf1abba283/datanode-5/meta/datanode.id
2019-09-12 11:30:34,387 [main] INFO  volume.HddsVolume (HddsVolume.java:<init>(176)) - Creating Volume: /workdir/hadoop-ozone/integration-test/target/test-dir/MiniOzoneClusterImpl-299c34b2-84c4-4da4-b63e-5faf1abba283/datanode-6/data/containers/hdds of  storage type : DISK and capacity : 1482555576320
2019-09-12 11:30:34,387 [main] INFO  volume.VolumeSet (VolumeSet.java:initializeVolumeSet(170)) - Added Volume : /workdir/hadoop-ozone/integration-test/target/test-dir/MiniOzoneClusterImpl-299c34b2-84c4-4da4-b63e-5faf1abba283/datanode-6/data/containers/hdds to VolumeSet
2019-09-12 11:30:34,387 [main] INFO  volume.ThrottledAsyncChecker (ThrottledAsyncChecker.java:schedule(140)) - Scheduling a check for org.apache.hadoop.ozone.container.common.volume.HddsVolume@1e6bd263
2019-09-12 11:30:34,388 [main] INFO  volume.HddsVolumeChecker (HddsVolumeChecker.java:checkAllVolumes(203)) - Scheduled health check for volume org.apache.hadoop.ozone.container.common.volume.HddsVolume@1e6bd263
2019-09-12 11:30:34,402 [main] INFO  impl.RaftServerProxy (ConfUtils.java:logGet(43)) - raft.rpc.type = GRPC (default)
2019-09-12 11:30:34,403 [main] INFO  grpc.GrpcFactory (GrpcFactory.java:checkPooledByteBufAllocatorUseCacheForAllThreads(45)) - PERFORMANCE WARNING: useCacheForAllThreads is true that may cause Netty to create a lot garbage objects and, as a result, trigger GC.
	It is recommended to disable useCacheForAllThreads by setting -Dorg.apache.ratis.thirdparty.io.netty.allocator.useCacheForAllThreads=false in command line.
2019-09-12 11:30:34,403 [main] INFO  grpc.GrpcConfigKeys$Server (ConfUtils.java:logGet(43)) - raft.grpc.server.port = 0 (default)
2019-09-12 11:30:34,403 [main] INFO  server.GrpcService (ConfUtils.java:logGet(43)) - raft.grpc.message.size.max = 33570816 (custom)
2019-09-12 11:30:34,403 [main] INFO  server.RaftServerConfigKeys (ConfUtils.java:logGet(43)) - raft.server.log.appender.buffer.byte-limit = 33554432 (custom)
2019-09-12 11:30:34,403 [main] INFO  server.GrpcService (ConfUtils.java:logGet(43)) - raft.grpc.flow.control.window = 1MB (=1048576) (default)
2019-09-12 11:30:34,404 [main] INFO  server.RaftServerConfigKeys (ConfUtils.java:logGet(43)) - raft.server.rpc.request.timeout = 3000ms (default)
2019-09-12 11:30:34,404 [main] INFO  server.RaftServerConfigKeys (ConfUtils.java:logGet(43)) - raft.server.storage.dir = [/workdir/hadoop-ozone/integration-test/target/test-dir/MiniOzoneClusterImpl-299c34b2-84c4-4da4-b63e-5faf1abba283/datanode-6/data/ratis] (custom)
2019-09-12 11:30:34,405 [main] INFO  replication.SimpleContainerDownloader (SimpleContainerDownloader.java:<init>(72)) - Starting container downloader service to copy containers to replicate.
2019-09-12 11:30:34,406 [main] INFO  hdfs.DFSUtil (DFSUtil.java:httpServerTemplateForNNAndJN(1641)) - Starting Web-server for hddsDatanode at: http://0.0.0.0:0
2019-09-12 11:30:34,408 [main] INFO  server.AuthenticationFilter (AuthenticationFilter.java:constructSecretProvider(240)) - Unable to initialize FileSignerSecretProvider, falling back to use random secrets.
2019-09-12 11:30:34,408 [main] WARN  http.HttpRequestLog (HttpRequestLog.java:getRequestLog(97)) - Jetty request log can only be enabled using Log4j
2019-09-12 11:30:34,410 [main] INFO  http.HttpServer2 (HttpServer2.java:addGlobalFilter(975)) - Added global filter 'safety' (class=org.apache.hadoop.http.HttpServer2$QuotingInputFilter)
2019-09-12 11:30:34,411 [main] INFO  http.HttpServer2 (HttpServer2.java:addFilter(948)) - Added filter static_user_filter (class=org.apache.hadoop.http.lib.StaticUserWebFilter$StaticUserFilter) to context hddsDatanode
2019-09-12 11:30:34,411 [main] INFO  http.HttpServer2 (HttpServer2.java:addFilter(958)) - Added filter static_user_filter (class=org.apache.hadoop.http.lib.StaticUserWebFilter$StaticUserFilter) to context static
2019-09-12 11:30:34,412 [main] INFO  http.HttpServer2 (HttpServer2.java:addFilter(958)) - Added filter static_user_filter (class=org.apache.hadoop.http.lib.StaticUserWebFilter$StaticUserFilter) to context logs
2019-09-12 11:30:34,412 [main] INFO  http.HttpServer2 (HttpServer2.java:bindListener(1191)) - Jetty bound to port 44276
2019-09-12 11:30:34,413 [main] INFO  server.Server (Server.java:doStart(351)) - jetty-9.3.24.v20180605, build timestamp: 2018-06-05T17:11:56Z, git hash: 84205aa28f11a4f31f2a3b86d1bba2cc8ab69827
2019-09-12 11:30:34,415 [main] INFO  handler.ContextHandler (ContextHandler.java:doStart(781)) - Started o.e.j.s.ServletContextHandler@a457c2b{/logs,file:///workdir/hadoop-ozone/integration-test/target/log,AVAILABLE}
2019-09-12 11:30:34,415 [main] INFO  handler.ContextHandler (ContextHandler.java:doStart(781)) - Started o.e.j.s.ServletContextHandler@5773d271{/static,jar:file:/home/user/.m2/repository/org/apache/hadoop/hadoop-hdds-container-service/0.5.0-SNAPSHOT/hadoop-hdds-container-service-0.5.0-SNAPSHOT.jar!/webapps/static,AVAILABLE}
2019-09-12 11:30:34,447 [main] INFO  handler.ContextHandler (ContextHandler.java:doStart(781)) - Started o.e.j.w.WebAppContext@474e34e4{/,file:///tmp/jetty-0.0.0.0-44276-hddsDatanode-_-any-2139341657113750732.dir/webapp/,AVAILABLE}{/hddsDatanode}
2019-09-12 11:30:34,447 [main] INFO  server.AbstractConnector (AbstractConnector.java:doStart(278)) - Started ServerConnector@7e2c6702{HTTP/1.1,[http/1.1]}{0.0.0.0:44276}
2019-09-12 11:30:34,449 [main] INFO  server.Server (Server.java:doStart(419)) - Started @8179ms
2019-09-12 11:30:34,449 [main] INFO  server.BaseHttpServer (BaseHttpServer.java:updateConnectorAddress(213)) - HTTP server of HDDSDATANODE is listening at http://0.0.0.0:44276
2019-09-12 11:30:34,569 | INFO  | ObjectStoreRestHttpServer | Listening HDDS REST traffic on /0.0.0.0:36373 |  
2019-09-12 11:30:34,569 [main] INFO  ozone.HddsDatanodeService (HddsDatanodeService.java:startPlugins(395)) - Started plug-in org.apache.hadoop.ozone.web.OzoneHddsDatanodeService@fabef2e
2019-09-12 11:30:34,570 [main] INFO  impl.MetricsSystemImpl (MetricsSystemImpl.java:init(158)) - HddsDatanode metrics system started (again)
2019-09-12 11:30:34,575 [org.apache.hadoop.util.JvmPauseMonitor$Monitor@a428a75] INFO  util.JvmPauseMonitor (JvmPauseMonitor.java:run(188)) - Starting JVM pause monitor
2019-09-12 11:30:34,576 [main] INFO  ozone.HddsDatanodeService (HddsDatanodeService.java:start(184)) - HddsDatanodeService host:pr-hdds-1569-58hkm-1881083799 ip:192.168.36.114
2019-09-12 11:30:34,579 [Datanode State Machine Thread - 0] INFO  datanode.InitDatanodeState (InitDatanodeState.java:persistContainerDatanodeDetails(140)) - DatanodeDetails is persisted to /workdir/hadoop-ozone/integration-test/target/test-dir/MiniOzoneClusterImpl-299c34b2-84c4-4da4-b63e-5faf1abba283/datanode-6/meta/datanode.id
2019-09-12 11:30:34,589 [main] INFO  volume.HddsVolume (HddsVolume.java:<init>(176)) - Creating Volume: /workdir/hadoop-ozone/integration-test/target/test-dir/MiniOzoneClusterImpl-299c34b2-84c4-4da4-b63e-5faf1abba283/datanode-7/data/containers/hdds of  storage type : DISK and capacity : 1482555576320
2019-09-12 11:30:34,589 [main] INFO  volume.VolumeSet (VolumeSet.java:initializeVolumeSet(170)) - Added Volume : /workdir/hadoop-ozone/integration-test/target/test-dir/MiniOzoneClusterImpl-299c34b2-84c4-4da4-b63e-5faf1abba283/datanode-7/data/containers/hdds to VolumeSet
2019-09-12 11:30:34,589 [main] INFO  volume.ThrottledAsyncChecker (ThrottledAsyncChecker.java:schedule(140)) - Scheduling a check for org.apache.hadoop.ozone.container.common.volume.HddsVolume@6658f08a
2019-09-12 11:30:34,590 [main] INFO  volume.HddsVolumeChecker (HddsVolumeChecker.java:checkAllVolumes(203)) - Scheduled health check for volume org.apache.hadoop.ozone.container.common.volume.HddsVolume@6658f08a
2019-09-12 11:30:34,611 [main] INFO  impl.RaftServerProxy (ConfUtils.java:logGet(43)) - raft.rpc.type = GRPC (default)
2019-09-12 11:30:34,612 [main] INFO  grpc.GrpcFactory (GrpcFactory.java:checkPooledByteBufAllocatorUseCacheForAllThreads(45)) - PERFORMANCE WARNING: useCacheForAllThreads is true that may cause Netty to create a lot garbage objects and, as a result, trigger GC.
	It is recommended to disable useCacheForAllThreads by setting -Dorg.apache.ratis.thirdparty.io.netty.allocator.useCacheForAllThreads=false in command line.
2019-09-12 11:30:34,612 [main] INFO  grpc.GrpcConfigKeys$Server (ConfUtils.java:logGet(43)) - raft.grpc.server.port = 0 (default)
2019-09-12 11:30:34,612 [main] INFO  server.GrpcService (ConfUtils.java:logGet(43)) - raft.grpc.message.size.max = 33570816 (custom)
2019-09-12 11:30:34,613 [main] INFO  server.RaftServerConfigKeys (ConfUtils.java:logGet(43)) - raft.server.log.appender.buffer.byte-limit = 33554432 (custom)
2019-09-12 11:30:34,613 [main] INFO  server.GrpcService (ConfUtils.java:logGet(43)) - raft.grpc.flow.control.window = 1MB (=1048576) (default)
2019-09-12 11:30:34,613 [main] INFO  server.RaftServerConfigKeys (ConfUtils.java:logGet(43)) - raft.server.rpc.request.timeout = 3000ms (default)
2019-09-12 11:30:34,614 [main] INFO  server.RaftServerConfigKeys (ConfUtils.java:logGet(43)) - raft.server.storage.dir = [/workdir/hadoop-ozone/integration-test/target/test-dir/MiniOzoneClusterImpl-299c34b2-84c4-4da4-b63e-5faf1abba283/datanode-7/data/ratis] (custom)
2019-09-12 11:30:34,615 [main] INFO  replication.SimpleContainerDownloader (SimpleContainerDownloader.java:<init>(72)) - Starting container downloader service to copy containers to replicate.
2019-09-12 11:30:34,616 [main] INFO  hdfs.DFSUtil (DFSUtil.java:httpServerTemplateForNNAndJN(1641)) - Starting Web-server for hddsDatanode at: http://0.0.0.0:0
2019-09-12 11:30:34,618 [main] INFO  server.AuthenticationFilter (AuthenticationFilter.java:constructSecretProvider(240)) - Unable to initialize FileSignerSecretProvider, falling back to use random secrets.
2019-09-12 11:30:34,619 [main] WARN  http.HttpRequestLog (HttpRequestLog.java:getRequestLog(97)) - Jetty request log can only be enabled using Log4j
2019-09-12 11:30:34,621 [main] INFO  http.HttpServer2 (HttpServer2.java:addGlobalFilter(975)) - Added global filter 'safety' (class=org.apache.hadoop.http.HttpServer2$QuotingInputFilter)
2019-09-12 11:30:34,621 [main] INFO  http.HttpServer2 (HttpServer2.java:addFilter(948)) - Added filter static_user_filter (class=org.apache.hadoop.http.lib.StaticUserWebFilter$StaticUserFilter) to context hddsDatanode
2019-09-12 11:30:34,622 [main] INFO  http.HttpServer2 (HttpServer2.java:addFilter(958)) - Added filter static_user_filter (class=org.apache.hadoop.http.lib.StaticUserWebFilter$StaticUserFilter) to context logs
2019-09-12 11:30:34,622 [main] INFO  http.HttpServer2 (HttpServer2.java:addFilter(958)) - Added filter static_user_filter (class=org.apache.hadoop.http.lib.StaticUserWebFilter$StaticUserFilter) to context static
2019-09-12 11:30:34,623 [main] INFO  http.HttpServer2 (HttpServer2.java:bindListener(1191)) - Jetty bound to port 43678
2019-09-12 11:30:34,623 [main] INFO  server.Server (Server.java:doStart(351)) - jetty-9.3.24.v20180605, build timestamp: 2018-06-05T17:11:56Z, git hash: 84205aa28f11a4f31f2a3b86d1bba2cc8ab69827
2019-09-12 11:30:34,625 [main] INFO  handler.ContextHandler (ContextHandler.java:doStart(781)) - Started o.e.j.s.ServletContextHandler@5f0677f3{/logs,file:///workdir/hadoop-ozone/integration-test/target/log,AVAILABLE}
2019-09-12 11:30:34,625 [main] INFO  handler.ContextHandler (ContextHandler.java:doStart(781)) - Started o.e.j.s.ServletContextHandler@4cd7d5e1{/static,jar:file:/home/user/.m2/repository/org/apache/hadoop/hadoop-hdds-container-service/0.5.0-SNAPSHOT/hadoop-hdds-container-service-0.5.0-SNAPSHOT.jar!/webapps/static,AVAILABLE}
2019-09-12 11:30:34,658 [main] INFO  handler.ContextHandler (ContextHandler.java:doStart(781)) - Started o.e.j.w.WebAppContext@46ab4efc{/,file:///tmp/jetty-0.0.0.0-43678-hddsDatanode-_-any-7494650310799298523.dir/webapp/,AVAILABLE}{/hddsDatanode}
2019-09-12 11:30:34,659 [main] INFO  server.AbstractConnector (AbstractConnector.java:doStart(278)) - Started ServerConnector@2ff498b0{HTTP/1.1,[http/1.1]}{0.0.0.0:43678}
2019-09-12 11:30:34,661 [main] INFO  server.Server (Server.java:doStart(419)) - Started @8391ms
2019-09-12 11:30:34,662 [main] INFO  server.BaseHttpServer (BaseHttpServer.java:updateConnectorAddress(213)) - HTTP server of HDDSDATANODE is listening at http://0.0.0.0:43678
2019-09-12 11:30:34,785 | INFO  | ObjectStoreRestHttpServer | Listening HDDS REST traffic on /0.0.0.0:46271 |  
2019-09-12 11:30:34,785 [main] INFO  ozone.HddsDatanodeService (HddsDatanodeService.java:startPlugins(395)) - Started plug-in org.apache.hadoop.ozone.web.OzoneHddsDatanodeService@59baf2c7
2019-09-12 11:30:34,786 [main] INFO  impl.MetricsSystemImpl (MetricsSystemImpl.java:init(158)) - HddsDatanode metrics system started (again)
2019-09-12 11:30:34,789 [org.apache.hadoop.util.JvmPauseMonitor$Monitor@c3b1df7] INFO  util.JvmPauseMonitor (JvmPauseMonitor.java:run(188)) - Starting JVM pause monitor
2019-09-12 11:30:34,789 [main] INFO  ozone.HddsDatanodeService (HddsDatanodeService.java:start(184)) - HddsDatanodeService host:pr-hdds-1569-58hkm-1881083799 ip:192.168.36.114
2019-09-12 11:30:34,791 [Datanode State Machine Thread - 0] INFO  datanode.InitDatanodeState (InitDatanodeState.java:persistContainerDatanodeDetails(140)) - DatanodeDetails is persisted to /workdir/hadoop-ozone/integration-test/target/test-dir/MiniOzoneClusterImpl-299c34b2-84c4-4da4-b63e-5faf1abba283/datanode-7/meta/datanode.id
2019-09-12 11:30:34,797 [main] INFO  volume.HddsVolume (HddsVolume.java:<init>(176)) - Creating Volume: /workdir/hadoop-ozone/integration-test/target/test-dir/MiniOzoneClusterImpl-299c34b2-84c4-4da4-b63e-5faf1abba283/datanode-8/data/containers/hdds of  storage type : DISK and capacity : 1482555576320
2019-09-12 11:30:34,797 [main] INFO  volume.VolumeSet (VolumeSet.java:initializeVolumeSet(170)) - Added Volume : /workdir/hadoop-ozone/integration-test/target/test-dir/MiniOzoneClusterImpl-299c34b2-84c4-4da4-b63e-5faf1abba283/datanode-8/data/containers/hdds to VolumeSet
2019-09-12 11:30:34,798 [main] INFO  volume.ThrottledAsyncChecker (ThrottledAsyncChecker.java:schedule(140)) - Scheduling a check for org.apache.hadoop.ozone.container.common.volume.HddsVolume@3866c96e
2019-09-12 11:30:34,798 [main] INFO  volume.HddsVolumeChecker (HddsVolumeChecker.java:checkAllVolumes(203)) - Scheduled health check for volume org.apache.hadoop.ozone.container.common.volume.HddsVolume@3866c96e
2019-09-12 11:30:34,811 [main] INFO  impl.RaftServerProxy (ConfUtils.java:logGet(43)) - raft.rpc.type = GRPC (default)
2019-09-12 11:30:34,812 [main] INFO  grpc.GrpcFactory (GrpcFactory.java:checkPooledByteBufAllocatorUseCacheForAllThreads(45)) - PERFORMANCE WARNING: useCacheForAllThreads is true that may cause Netty to create a lot garbage objects and, as a result, trigger GC.
	It is recommended to disable useCacheForAllThreads by setting -Dorg.apache.ratis.thirdparty.io.netty.allocator.useCacheForAllThreads=false in command line.
2019-09-12 11:30:34,812 [main] INFO  grpc.GrpcConfigKeys$Server (ConfUtils.java:logGet(43)) - raft.grpc.server.port = 0 (default)
2019-09-12 11:30:34,812 [main] INFO  server.GrpcService (ConfUtils.java:logGet(43)) - raft.grpc.message.size.max = 33570816 (custom)
2019-09-12 11:30:34,812 [main] INFO  server.RaftServerConfigKeys (ConfUtils.java:logGet(43)) - raft.server.log.appender.buffer.byte-limit = 33554432 (custom)
2019-09-12 11:30:34,813 [main] INFO  server.GrpcService (ConfUtils.java:logGet(43)) - raft.grpc.flow.control.window = 1MB (=1048576) (default)
2019-09-12 11:30:34,813 [main] INFO  server.RaftServerConfigKeys (ConfUtils.java:logGet(43)) - raft.server.rpc.request.timeout = 3000ms (default)
2019-09-12 11:30:34,813 [main] INFO  server.RaftServerConfigKeys (ConfUtils.java:logGet(43)) - raft.server.storage.dir = [/workdir/hadoop-ozone/integration-test/target/test-dir/MiniOzoneClusterImpl-299c34b2-84c4-4da4-b63e-5faf1abba283/datanode-8/data/ratis] (custom)
2019-09-12 11:30:34,814 [main] INFO  replication.SimpleContainerDownloader (SimpleContainerDownloader.java:<init>(72)) - Starting container downloader service to copy containers to replicate.
2019-09-12 11:30:34,815 [main] INFO  hdfs.DFSUtil (DFSUtil.java:httpServerTemplateForNNAndJN(1641)) - Starting Web-server for hddsDatanode at: http://0.0.0.0:0
2019-09-12 11:30:34,816 [main] INFO  server.AuthenticationFilter (AuthenticationFilter.java:constructSecretProvider(240)) - Unable to initialize FileSignerSecretProvider, falling back to use random secrets.
2019-09-12 11:30:34,816 [main] WARN  http.HttpRequestLog (HttpRequestLog.java:getRequestLog(97)) - Jetty request log can only be enabled using Log4j
2019-09-12 11:30:34,818 [main] INFO  http.HttpServer2 (HttpServer2.java:addGlobalFilter(975)) - Added global filter 'safety' (class=org.apache.hadoop.http.HttpServer2$QuotingInputFilter)
2019-09-12 11:30:34,818 [main] INFO  http.HttpServer2 (HttpServer2.java:addFilter(948)) - Added filter static_user_filter (class=org.apache.hadoop.http.lib.StaticUserWebFilter$StaticUserFilter) to context hddsDatanode
2019-09-12 11:30:34,818 [main] INFO  http.HttpServer2 (HttpServer2.java:addFilter(958)) - Added filter static_user_filter (class=org.apache.hadoop.http.lib.StaticUserWebFilter$StaticUserFilter) to context logs
2019-09-12 11:30:34,818 [main] INFO  http.HttpServer2 (HttpServer2.java:addFilter(958)) - Added filter static_user_filter (class=org.apache.hadoop.http.lib.StaticUserWebFilter$StaticUserFilter) to context static
2019-09-12 11:30:34,819 [main] INFO  http.HttpServer2 (HttpServer2.java:bindListener(1191)) - Jetty bound to port 46037
2019-09-12 11:30:34,819 [main] INFO  server.Server (Server.java:doStart(351)) - jetty-9.3.24.v20180605, build timestamp: 2018-06-05T17:11:56Z, git hash: 84205aa28f11a4f31f2a3b86d1bba2cc8ab69827
2019-09-12 11:30:34,821 [main] INFO  handler.ContextHandler (ContextHandler.java:doStart(781)) - Started o.e.j.s.ServletContextHandler@28dd81ad{/logs,file:///workdir/hadoop-ozone/integration-test/target/log,AVAILABLE}
2019-09-12 11:30:34,821 [main] INFO  handler.ContextHandler (ContextHandler.java:doStart(781)) - Started o.e.j.s.ServletContextHandler@5c9a4f3b{/static,jar:file:/home/user/.m2/repository/org/apache/hadoop/hadoop-hdds-container-service/0.5.0-SNAPSHOT/hadoop-hdds-container-service-0.5.0-SNAPSHOT.jar!/webapps/static,AVAILABLE}
2019-09-12 11:30:34,887 [main] INFO  handler.ContextHandler (ContextHandler.java:doStart(781)) - Started o.e.j.w.WebAppContext@502c2278{/,file:///tmp/jetty-0.0.0.0-46037-hddsDatanode-_-any-8785103182576026548.dir/webapp/,AVAILABLE}{/hddsDatanode}
2019-09-12 11:30:34,887 [main] INFO  server.AbstractConnector (AbstractConnector.java:doStart(278)) - Started ServerConnector@1209a0f{HTTP/1.1,[http/1.1]}{0.0.0.0:46037}
2019-09-12 11:30:34,888 [main] INFO  server.Server (Server.java:doStart(419)) - Started @8619ms
2019-09-12 11:30:34,889 [main] INFO  server.BaseHttpServer (BaseHttpServer.java:updateConnectorAddress(213)) - HTTP server of HDDSDATANODE is listening at http://0.0.0.0:46037
2019-09-12 11:30:35,002 | INFO  | ObjectStoreRestHttpServer | Listening HDDS REST traffic on /0.0.0.0:37317 |  
2019-09-12 11:30:35,002 [main] INFO  ozone.HddsDatanodeService (HddsDatanodeService.java:startPlugins(395)) - Started plug-in org.apache.hadoop.ozone.web.OzoneHddsDatanodeService@47198524
2019-09-12 11:30:35,003 [main] INFO  impl.MetricsSystemImpl (MetricsSystemImpl.java:init(158)) - HddsDatanode metrics system started (again)
2019-09-12 11:30:35,008 [org.apache.hadoop.util.JvmPauseMonitor$Monitor@9aa8ebd] INFO  util.JvmPauseMonitor (JvmPauseMonitor.java:run(188)) - Starting JVM pause monitor
2019-09-12 11:30:35,008 [main] INFO  ozone.HddsDatanodeService (HddsDatanodeService.java:start(184)) - HddsDatanodeService host:pr-hdds-1569-58hkm-1881083799 ip:192.168.36.114
2019-09-12 11:30:35,011 [Datanode State Machine Thread - 0] INFO  datanode.InitDatanodeState (InitDatanodeState.java:persistContainerDatanodeDetails(140)) - DatanodeDetails is persisted to /workdir/hadoop-ozone/integration-test/target/test-dir/MiniOzoneClusterImpl-299c34b2-84c4-4da4-b63e-5faf1abba283/datanode-8/meta/datanode.id
2019-09-12 11:30:35,017 [main] INFO  volume.HddsVolume (HddsVolume.java:<init>(176)) - Creating Volume: /workdir/hadoop-ozone/integration-test/target/test-dir/MiniOzoneClusterImpl-299c34b2-84c4-4da4-b63e-5faf1abba283/datanode-9/data/containers/hdds of  storage type : DISK and capacity : 1482555576320
2019-09-12 11:30:35,018 [main] INFO  volume.VolumeSet (VolumeSet.java:initializeVolumeSet(170)) - Added Volume : /workdir/hadoop-ozone/integration-test/target/test-dir/MiniOzoneClusterImpl-299c34b2-84c4-4da4-b63e-5faf1abba283/datanode-9/data/containers/hdds to VolumeSet
2019-09-12 11:30:35,018 [main] INFO  volume.ThrottledAsyncChecker (ThrottledAsyncChecker.java:schedule(140)) - Scheduling a check for org.apache.hadoop.ozone.container.common.volume.HddsVolume@28f05b0c
2019-09-12 11:30:35,019 [main] INFO  volume.HddsVolumeChecker (HddsVolumeChecker.java:checkAllVolumes(203)) - Scheduled health check for volume org.apache.hadoop.ozone.container.common.volume.HddsVolume@28f05b0c
2019-09-12 11:30:35,036 [main] INFO  impl.RaftServerProxy (ConfUtils.java:logGet(43)) - raft.rpc.type = GRPC (default)
2019-09-12 11:30:35,036 [main] INFO  grpc.GrpcFactory (GrpcFactory.java:checkPooledByteBufAllocatorUseCacheForAllThreads(45)) - PERFORMANCE WARNING: useCacheForAllThreads is true that may cause Netty to create a lot garbage objects and, as a result, trigger GC.
	It is recommended to disable useCacheForAllThreads by setting -Dorg.apache.ratis.thirdparty.io.netty.allocator.useCacheForAllThreads=false in command line.
2019-09-12 11:30:35,036 [main] INFO  grpc.GrpcConfigKeys$Server (ConfUtils.java:logGet(43)) - raft.grpc.server.port = 0 (default)
2019-09-12 11:30:35,036 [main] INFO  server.GrpcService (ConfUtils.java:logGet(43)) - raft.grpc.message.size.max = 33570816 (custom)
2019-09-12 11:30:35,037 [main] INFO  server.RaftServerConfigKeys (ConfUtils.java:logGet(43)) - raft.server.log.appender.buffer.byte-limit = 33554432 (custom)
2019-09-12 11:30:35,037 [main] INFO  server.GrpcService (ConfUtils.java:logGet(43)) - raft.grpc.flow.control.window = 1MB (=1048576) (default)
2019-09-12 11:30:35,037 [main] INFO  server.RaftServerConfigKeys (ConfUtils.java:logGet(43)) - raft.server.rpc.request.timeout = 3000ms (default)
2019-09-12 11:30:35,038 [main] INFO  server.RaftServerConfigKeys (ConfUtils.java:logGet(43)) - raft.server.storage.dir = [/workdir/hadoop-ozone/integration-test/target/test-dir/MiniOzoneClusterImpl-299c34b2-84c4-4da4-b63e-5faf1abba283/datanode-9/data/ratis] (custom)
2019-09-12 11:30:35,038 [main] INFO  replication.SimpleContainerDownloader (SimpleContainerDownloader.java:<init>(72)) - Starting container downloader service to copy containers to replicate.
2019-09-12 11:30:35,039 [main] INFO  hdfs.DFSUtil (DFSUtil.java:httpServerTemplateForNNAndJN(1641)) - Starting Web-server for hddsDatanode at: http://0.0.0.0:0
2019-09-12 11:30:35,041 [main] INFO  server.AuthenticationFilter (AuthenticationFilter.java:constructSecretProvider(240)) - Unable to initialize FileSignerSecretProvider, falling back to use random secrets.
2019-09-12 11:30:35,041 [main] WARN  http.HttpRequestLog (HttpRequestLog.java:getRequestLog(97)) - Jetty request log can only be enabled using Log4j
2019-09-12 11:30:35,043 [main] INFO  http.HttpServer2 (HttpServer2.java:addGlobalFilter(975)) - Added global filter 'safety' (class=org.apache.hadoop.http.HttpServer2$QuotingInputFilter)
2019-09-12 11:30:35,043 [main] INFO  http.HttpServer2 (HttpServer2.java:addFilter(948)) - Added filter static_user_filter (class=org.apache.hadoop.http.lib.StaticUserWebFilter$StaticUserFilter) to context hddsDatanode
2019-09-12 11:30:35,043 [main] INFO  http.HttpServer2 (HttpServer2.java:addFilter(958)) - Added filter static_user_filter (class=org.apache.hadoop.http.lib.StaticUserWebFilter$StaticUserFilter) to context static
2019-09-12 11:30:35,043 [main] INFO  http.HttpServer2 (HttpServer2.java:addFilter(958)) - Added filter static_user_filter (class=org.apache.hadoop.http.lib.StaticUserWebFilter$StaticUserFilter) to context logs
2019-09-12 11:30:35,044 [main] INFO  http.HttpServer2 (HttpServer2.java:bindListener(1191)) - Jetty bound to port 45722
2019-09-12 11:30:35,044 [main] INFO  server.Server (Server.java:doStart(351)) - jetty-9.3.24.v20180605, build timestamp: 2018-06-05T17:11:56Z, git hash: 84205aa28f11a4f31f2a3b86d1bba2cc8ab69827
2019-09-12 11:30:35,046 [main] INFO  handler.ContextHandler (ContextHandler.java:doStart(781)) - Started o.e.j.s.ServletContextHandler@5f3f3d00{/logs,file:///workdir/hadoop-ozone/integration-test/target/log,AVAILABLE}
2019-09-12 11:30:35,046 [main] INFO  handler.ContextHandler (ContextHandler.java:doStart(781)) - Started o.e.j.s.ServletContextHandler@31d4b3e8{/static,jar:file:/home/user/.m2/repository/org/apache/hadoop/hadoop-hdds-container-service/0.5.0-SNAPSHOT/hadoop-hdds-container-service-0.5.0-SNAPSHOT.jar!/webapps/static,AVAILABLE}
2019-09-12 11:30:35,100 [main] INFO  handler.ContextHandler (ContextHandler.java:doStart(781)) - Started o.e.j.w.WebAppContext@2a5c6b76{/,file:///tmp/jetty-0.0.0.0-45722-hddsDatanode-_-any-1619076642708205982.dir/webapp/,AVAILABLE}{/hddsDatanode}
2019-09-12 11:30:35,101 | INFO  | SCMAudit | user=jenkins1000 | ip=192.168.36.114 | op=GET_VERSION null | ret=SUCCESS |  
2019-09-12 11:30:35,101 [main] INFO  server.AbstractConnector (AbstractConnector.java:doStart(278)) - Started ServerConnector@ff1f465{HTTP/1.1,[http/1.1]}{0.0.0.0:45722}
2019-09-12 11:30:35,102 [main] INFO  server.Server (Server.java:doStart(419)) - Started @8833ms
2019-09-12 11:30:35,103 [main] INFO  server.BaseHttpServer (BaseHttpServer.java:updateConnectorAddress(213)) - HTTP server of HDDSDATANODE is listening at http://0.0.0.0:45722
2019-09-12 11:30:35,125 [Datanode State Machine Thread - 0] INFO  ozoneimpl.OzoneContainer (OzoneContainer.java:start(186)) - Attempting to start container services.
2019-09-12 11:30:35,129 [Datanode State Machine Thread - 0] INFO  ozoneimpl.OzoneContainer (OzoneContainer.java:startContainerScrub(160)) - Background container scrubber has been disabled by hdds.containerscrub.enabled
2019-09-12 11:30:35,129 [Datanode State Machine Thread - 0] INFO  ratis.XceiverServerRatis (XceiverServerRatis.java:start(404)) - Starting XceiverServerRatis 6cc98a42-1a7b-4e12-8153-9cd82e3a5d9f at port 0
2019-09-12 11:30:35,149 [Datanode State Machine Thread - 0] INFO  impl.RaftServerProxy (RaftServerProxy.java:lambda$start$3(299)) - 6cc98a42-1a7b-4e12-8153-9cd82e3a5d9f: start RPC server
2019-09-12 11:30:35,225 | INFO  | ObjectStoreRestHttpServer | Listening HDDS REST traffic on /0.0.0.0:35660 |  
2019-09-12 11:30:35,225 [main] INFO  ozone.HddsDatanodeService (HddsDatanodeService.java:startPlugins(395)) - Started plug-in org.apache.hadoop.ozone.web.OzoneHddsDatanodeService@69d667a5
2019-09-12 11:30:35,227 [main] INFO  ozone.MiniOzoneClusterImpl (MiniOzoneClusterImpl.java:lambda$waitForClusterToBeReady$0(142)) - Waiting for cluster to be ready. Got 0 of 10 DN Heartbeats.
2019-09-12 11:30:35,228 [org.apache.hadoop.util.JvmPauseMonitor$Monitor@1df027a6] INFO  util.JvmPauseMonitor (JvmPauseMonitor.java:run(188)) - Starting JVM pause monitor
2019-09-12 11:30:35,230 [Datanode State Machine Thread - 0] INFO  datanode.InitDatanodeState (InitDatanodeState.java:persistContainerDatanodeDetails(140)) - DatanodeDetails is persisted to /workdir/hadoop-ozone/integration-test/target/test-dir/MiniOzoneClusterImpl-299c34b2-84c4-4da4-b63e-5faf1abba283/datanode-9/meta/datanode.id
2019-09-12 11:30:35,278 [Datanode State Machine Thread - 0] INFO  server.GrpcService (GrpcService.java:startImpl(149)) - 6cc98a42-1a7b-4e12-8153-9cd82e3a5d9f: GrpcService started, listening on 0.0.0.0/0.0.0.0:43339
2019-09-12 11:30:35,279 [Datanode State Machine Thread - 0] INFO  ratis.XceiverServerRatis (XceiverServerRatis.java:start(414)) - XceiverServerRatis 6cc98a42-1a7b-4e12-8153-9cd82e3a5d9f is started using port 43339
2019-09-12 11:30:35,281 [Datanode State Machine Thread - 0] INFO  server.XceiverServerGrpc (XceiverServerGrpc.java:start(163)) - XceiverServerGrpc 6cc98a42-1a7b-4e12-8153-9cd82e3a5d9f is started using port 38861
2019-09-12 11:30:35,344 | INFO  | SCMAudit | user=jenkins1000 | ip=192.168.36.114 | op=GET_VERSION null | ret=SUCCESS |  
2019-09-12 11:30:35,359 [Datanode State Machine Thread - 0] INFO  ozoneimpl.OzoneContainer (OzoneContainer.java:start(186)) - Attempting to start container services.
2019-09-12 11:30:35,360 [Datanode State Machine Thread - 0] INFO  ozoneimpl.OzoneContainer (OzoneContainer.java:startContainerScrub(160)) - Background container scrubber has been disabled by hdds.containerscrub.enabled
2019-09-12 11:30:35,360 [Datanode State Machine Thread - 0] INFO  ratis.XceiverServerRatis (XceiverServerRatis.java:start(404)) - Starting XceiverServerRatis 953ad6b8-90f2-4ccf-a2c7-42d93886e77a at port 0
2019-09-12 11:30:35,370 [Datanode State Machine Thread - 0] INFO  impl.RaftServerProxy (RaftServerProxy.java:lambda$start$3(299)) - 953ad6b8-90f2-4ccf-a2c7-42d93886e77a: start RPC server
2019-09-12 11:30:35,375 [Datanode State Machine Thread - 0] INFO  server.GrpcService (GrpcService.java:startImpl(149)) - 953ad6b8-90f2-4ccf-a2c7-42d93886e77a: GrpcService started, listening on 0.0.0.0/0.0.0.0:39831
2019-09-12 11:30:35,376 [Datanode State Machine Thread - 0] INFO  ratis.XceiverServerRatis (XceiverServerRatis.java:start(414)) - XceiverServerRatis 953ad6b8-90f2-4ccf-a2c7-42d93886e77a is started using port 39831
2019-09-12 11:30:35,378 [Datanode State Machine Thread - 0] INFO  server.XceiverServerGrpc (XceiverServerGrpc.java:start(163)) - XceiverServerGrpc 953ad6b8-90f2-4ccf-a2c7-42d93886e77a is started using port 42899
2019-09-12 11:30:35,582 | INFO  | SCMAudit | user=jenkins1000 | ip=192.168.36.114 | op=GET_VERSION null | ret=SUCCESS |  
2019-09-12 11:30:35,598 [Datanode State Machine Thread - 0] INFO  ozoneimpl.OzoneContainer (OzoneContainer.java:start(186)) - Attempting to start container services.
2019-09-12 11:30:35,598 [Datanode State Machine Thread - 0] INFO  ozoneimpl.OzoneContainer (OzoneContainer.java:startContainerScrub(160)) - Background container scrubber has been disabled by hdds.containerscrub.enabled
2019-09-12 11:30:35,598 [Datanode State Machine Thread - 0] INFO  ratis.XceiverServerRatis (XceiverServerRatis.java:start(404)) - Starting XceiverServerRatis eff3a7ee-c843-4140-bba9-03f77ca50619 at port 0
2019-09-12 11:30:35,608 [Datanode State Machine Thread - 0] INFO  impl.RaftServerProxy (RaftServerProxy.java:lambda$start$3(299)) - eff3a7ee-c843-4140-bba9-03f77ca50619: start RPC server
2019-09-12 11:30:35,612 [Datanode State Machine Thread - 0] INFO  server.GrpcService (GrpcService.java:startImpl(149)) - eff3a7ee-c843-4140-bba9-03f77ca50619: GrpcService started, listening on 0.0.0.0/0.0.0.0:45501
2019-09-12 11:30:35,613 [Datanode State Machine Thread - 0] INFO  ratis.XceiverServerRatis (XceiverServerRatis.java:start(414)) - XceiverServerRatis eff3a7ee-c843-4140-bba9-03f77ca50619 is started using port 45501
2019-09-12 11:30:35,616 [Datanode State Machine Thread - 0] INFO  server.XceiverServerGrpc (XceiverServerGrpc.java:start(163)) - XceiverServerGrpc eff3a7ee-c843-4140-bba9-03f77ca50619 is started using port 35801
2019-09-12 11:30:35,832 | INFO  | SCMAudit | user=jenkins1000 | ip=192.168.36.114 | op=GET_VERSION null | ret=SUCCESS |  
2019-09-12 11:30:35,847 [Datanode State Machine Thread - 0] INFO  ozoneimpl.OzoneContainer (OzoneContainer.java:start(186)) - Attempting to start container services.
2019-09-12 11:30:35,848 [Datanode State Machine Thread - 0] INFO  ozoneimpl.OzoneContainer (OzoneContainer.java:startContainerScrub(160)) - Background container scrubber has been disabled by hdds.containerscrub.enabled
2019-09-12 11:30:35,848 [Datanode State Machine Thread - 0] INFO  ratis.XceiverServerRatis (XceiverServerRatis.java:start(404)) - Starting XceiverServerRatis 041153b1-579d-462a-9927-680735a5d567 at port 0
2019-09-12 11:30:35,857 [Datanode State Machine Thread - 0] INFO  impl.RaftServerProxy (RaftServerProxy.java:lambda$start$3(299)) - 041153b1-579d-462a-9927-680735a5d567: start RPC server
2019-09-12 11:30:35,861 [Datanode State Machine Thread - 0] INFO  server.GrpcService (GrpcService.java:startImpl(149)) - 041153b1-579d-462a-9927-680735a5d567: GrpcService started, listening on 0.0.0.0/0.0.0.0:36051
2019-09-12 11:30:35,862 [Datanode State Machine Thread - 0] INFO  ratis.XceiverServerRatis (XceiverServerRatis.java:start(414)) - XceiverServerRatis 041153b1-579d-462a-9927-680735a5d567 is started using port 36051
2019-09-12 11:30:35,865 [Datanode State Machine Thread - 0] INFO  server.XceiverServerGrpc (XceiverServerGrpc.java:start(163)) - XceiverServerGrpc 041153b1-579d-462a-9927-680735a5d567 is started using port 40098
2019-09-12 11:30:36,085 | INFO  | SCMAudit | user=jenkins1000 | ip=192.168.36.114 | op=GET_VERSION null | ret=SUCCESS |  
2019-09-12 11:30:36,099 [Datanode State Machine Thread - 0] INFO  ozoneimpl.OzoneContainer (OzoneContainer.java:start(186)) - Attempting to start container services.
2019-09-12 11:30:36,099 [Datanode State Machine Thread - 0] INFO  ozoneimpl.OzoneContainer (OzoneContainer.java:startContainerScrub(160)) - Background container scrubber has been disabled by hdds.containerscrub.enabled
2019-09-12 11:30:36,100 [Datanode State Machine Thread - 0] INFO  ratis.XceiverServerRatis (XceiverServerRatis.java:start(404)) - Starting XceiverServerRatis 55e84e38-2716-4d7a-ba5b-b02233998fb0 at port 0
2019-09-12 11:30:36,107 [Datanode State Machine Thread - 0] INFO  impl.RaftServerProxy (RaftServerProxy.java:lambda$start$3(299)) - 55e84e38-2716-4d7a-ba5b-b02233998fb0: start RPC server
2019-09-12 11:30:36,112 [Datanode State Machine Thread - 0] INFO  server.GrpcService (GrpcService.java:startImpl(149)) - 55e84e38-2716-4d7a-ba5b-b02233998fb0: GrpcService started, listening on 0.0.0.0/0.0.0.0:43799
2019-09-12 11:30:36,112 [Datanode State Machine Thread - 0] INFO  ratis.XceiverServerRatis (XceiverServerRatis.java:start(414)) - XceiverServerRatis 55e84e38-2716-4d7a-ba5b-b02233998fb0 is started using port 43799
2019-09-12 11:30:36,116 [Datanode State Machine Thread - 0] INFO  server.XceiverServerGrpc (XceiverServerGrpc.java:start(163)) - XceiverServerGrpc 55e84e38-2716-4d7a-ba5b-b02233998fb0 is started using port 35701
2019-09-12 11:30:36,228 [main] INFO  ozone.MiniOzoneClusterImpl (MiniOzoneClusterImpl.java:lambda$waitForClusterToBeReady$0(142)) - Waiting for cluster to be ready. Got 0 of 10 DN Heartbeats.
2019-09-12 11:30:36,382 | INFO  | SCMAudit | user=jenkins1000 | ip=192.168.36.114 | op=GET_VERSION null | ret=SUCCESS |  
2019-09-12 11:30:36,396 [Datanode State Machine Thread - 0] INFO  ozoneimpl.OzoneContainer (OzoneContainer.java:start(186)) - Attempting to start container services.
2019-09-12 11:30:36,397 [Datanode State Machine Thread - 0] INFO  ozoneimpl.OzoneContainer (OzoneContainer.java:startContainerScrub(160)) - Background container scrubber has been disabled by hdds.containerscrub.enabled
2019-09-12 11:30:36,397 [Datanode State Machine Thread - 0] INFO  ratis.XceiverServerRatis (XceiverServerRatis.java:start(404)) - Starting XceiverServerRatis dae80834-da68-4cdc-a6d1-3e383ebcc721 at port 0
2019-09-12 11:30:36,404 [Datanode State Machine Thread - 0] INFO  impl.RaftServerProxy (RaftServerProxy.java:lambda$start$3(299)) - dae80834-da68-4cdc-a6d1-3e383ebcc721: start RPC server
2019-09-12 11:30:36,409 [Datanode State Machine Thread - 0] INFO  server.GrpcService (GrpcService.java:startImpl(149)) - dae80834-da68-4cdc-a6d1-3e383ebcc721: GrpcService started, listening on 0.0.0.0/0.0.0.0:33665
2019-09-12 11:30:36,410 [Datanode State Machine Thread - 0] INFO  ratis.XceiverServerRatis (XceiverServerRatis.java:start(414)) - XceiverServerRatis dae80834-da68-4cdc-a6d1-3e383ebcc721 is started using port 33665
2019-09-12 11:30:36,413 [Datanode State Machine Thread - 0] INFO  server.XceiverServerGrpc (XceiverServerGrpc.java:start(163)) - XceiverServerGrpc dae80834-da68-4cdc-a6d1-3e383ebcc721 is started using port 46146
2019-09-12 11:30:36,580 | INFO  | SCMAudit | user=jenkins1000 | ip=192.168.36.114 | op=GET_VERSION null | ret=SUCCESS |  
2019-09-12 11:30:36,605 [Datanode State Machine Thread - 0] INFO  ozoneimpl.OzoneContainer (OzoneContainer.java:start(186)) - Attempting to start container services.
2019-09-12 11:30:36,606 [Datanode State Machine Thread - 0] INFO  ozoneimpl.OzoneContainer (OzoneContainer.java:startContainerScrub(160)) - Background container scrubber has been disabled by hdds.containerscrub.enabled
2019-09-12 11:30:36,606 [Datanode State Machine Thread - 0] INFO  ratis.XceiverServerRatis (XceiverServerRatis.java:start(404)) - Starting XceiverServerRatis 63a2c513-e651-4cfd-9092-3873a710e112 at port 0
2019-09-12 11:30:36,612 [Datanode State Machine Thread - 0] INFO  impl.RaftServerProxy (RaftServerProxy.java:lambda$start$3(299)) - 63a2c513-e651-4cfd-9092-3873a710e112: start RPC server
2019-09-12 11:30:36,617 [Datanode State Machine Thread - 0] INFO  server.GrpcService (GrpcService.java:startImpl(149)) - 63a2c513-e651-4cfd-9092-3873a710e112: GrpcService started, listening on 0.0.0.0/0.0.0.0:37233
2019-09-12 11:30:36,617 [Datanode State Machine Thread - 0] INFO  ratis.XceiverServerRatis (XceiverServerRatis.java:start(414)) - XceiverServerRatis 63a2c513-e651-4cfd-9092-3873a710e112 is started using port 37233
2019-09-12 11:30:36,621 [Datanode State Machine Thread - 0] INFO  server.XceiverServerGrpc (XceiverServerGrpc.java:start(163)) - XceiverServerGrpc 63a2c513-e651-4cfd-9092-3873a710e112 is started using port 40585
2019-09-12 11:30:36,792 | INFO  | SCMAudit | user=jenkins1000 | ip=192.168.36.114 | op=GET_VERSION null | ret=SUCCESS |  
2019-09-12 11:30:36,807 [Datanode State Machine Thread - 0] INFO  ozoneimpl.OzoneContainer (OzoneContainer.java:start(186)) - Attempting to start container services.
2019-09-12 11:30:36,807 [Datanode State Machine Thread - 0] INFO  ozoneimpl.OzoneContainer (OzoneContainer.java:startContainerScrub(160)) - Background container scrubber has been disabled by hdds.containerscrub.enabled
2019-09-12 11:30:36,807 [Datanode State Machine Thread - 0] INFO  ratis.XceiverServerRatis (XceiverServerRatis.java:start(404)) - Starting XceiverServerRatis faaae1d4-820a-4881-8cfe-c76293b91720 at port 0
2019-09-12 11:30:36,813 [Datanode State Machine Thread - 0] INFO  impl.RaftServerProxy (RaftServerProxy.java:lambda$start$3(299)) - faaae1d4-820a-4881-8cfe-c76293b91720: start RPC server
2019-09-12 11:30:36,818 [Datanode State Machine Thread - 0] INFO  server.GrpcService (GrpcService.java:startImpl(149)) - faaae1d4-820a-4881-8cfe-c76293b91720: GrpcService started, listening on 0.0.0.0/0.0.0.0:41147
2019-09-12 11:30:36,818 [Datanode State Machine Thread - 0] INFO  ratis.XceiverServerRatis (XceiverServerRatis.java:start(414)) - XceiverServerRatis faaae1d4-820a-4881-8cfe-c76293b91720 is started using port 41147
2019-09-12 11:30:36,823 [Datanode State Machine Thread - 0] INFO  server.XceiverServerGrpc (XceiverServerGrpc.java:start(163)) - XceiverServerGrpc faaae1d4-820a-4881-8cfe-c76293b91720 is started using port 44610
2019-09-12 11:30:37,014 | INFO  | SCMAudit | user=jenkins1000 | ip=192.168.36.114 | op=GET_VERSION null | ret=SUCCESS |  
2019-09-12 11:30:37,029 [Datanode State Machine Thread - 0] INFO  ozoneimpl.OzoneContainer (OzoneContainer.java:start(186)) - Attempting to start container services.
2019-09-12 11:30:37,029 [Datanode State Machine Thread - 0] INFO  ozoneimpl.OzoneContainer (OzoneContainer.java:startContainerScrub(160)) - Background container scrubber has been disabled by hdds.containerscrub.enabled
2019-09-12 11:30:37,029 [Datanode State Machine Thread - 0] INFO  ratis.XceiverServerRatis (XceiverServerRatis.java:start(404)) - Starting XceiverServerRatis 08a21858-3fe1-4902-a000-628c438c5bdb at port 0
2019-09-12 11:30:37,036 [Datanode State Machine Thread - 0] INFO  impl.RaftServerProxy (RaftServerProxy.java:lambda$start$3(299)) - 08a21858-3fe1-4902-a000-628c438c5bdb: start RPC server
2019-09-12 11:30:37,044 [Datanode State Machine Thread - 0] INFO  server.GrpcService (GrpcService.java:startImpl(149)) - 08a21858-3fe1-4902-a000-628c438c5bdb: GrpcService started, listening on 0.0.0.0/0.0.0.0:35829
2019-09-12 11:30:37,044 [Datanode State Machine Thread - 0] INFO  ratis.XceiverServerRatis (XceiverServerRatis.java:start(414)) - XceiverServerRatis 08a21858-3fe1-4902-a000-628c438c5bdb is started using port 35829
2019-09-12 11:30:37,049 [Datanode State Machine Thread - 0] INFO  server.XceiverServerGrpc (XceiverServerGrpc.java:start(163)) - XceiverServerGrpc 08a21858-3fe1-4902-a000-628c438c5bdb is started using port 41242
2019-09-12 11:30:37,118 [IPC Server handler 6 on 38567] INFO  net.NetworkTopology (NetworkTopologyImpl.java:add(110)) - Added a new node: /default-rack/6cc98a42-1a7b-4e12-8153-9cd82e3a5d9f
2019-09-12 11:30:37,118 [IPC Server handler 6 on 38567] INFO  node.SCMNodeManager (SCMNodeManager.java:register(273)) - Registered Data node : 6cc98a42-1a7b-4e12-8153-9cd82e3a5d9f{ip: 192.168.36.114, host: pr-hdds-1569-58hkm-1881083799, networkLocation: /default-rack, certSerialId: null}
2019-09-12 11:30:37,125 [EventQueue-NodeRegistrationContainerReportForDataNodeSafeModeRule] INFO  safemode.SCMSafeModeManager (DataNodeSafeModeRule.java:process(71)) - SCM in safe mode. 1 DataNodes registered, 1 required.
2019-09-12 11:30:37,125 [EventQueue-NodeRegistrationContainerReportForDataNodeSafeModeRule] INFO  safemode.SCMSafeModeManager (SCMSafeModeManager.java:validateSafeModeExitRules(177)) - ScmSafeModeManager, all rules are successfully validated
2019-09-12 11:30:37,125 [EventQueue-NodeRegistrationContainerReportForDataNodeSafeModeRule] INFO  safemode.SCMSafeModeManager (SCMSafeModeManager.java:exitSafeMode(193)) - SCM exiting safe mode.
2019-09-12 11:30:37,134 | INFO  | SCMAudit | user=jenkins1000 | ip=192.168.36.114 | op=REGISTER {datanodeDetails=6cc98a42-1a7b-4e12-8153-9cd82e3a5d9f{ip: 192.168.36.114, host: pr-hdds-1569-58hkm-1881083799, networkLocation: /default-rack, certSerialId: null}} | ret=SUCCESS |  
2019-09-12 11:30:37,231 [main] INFO  ozone.MiniOzoneClusterImpl (MiniOzoneClusterImpl.java:lambda$waitForClusterToBeReady$0(142)) - Waiting for cluster to be ready. Got 1 of 10 DN Heartbeats.
2019-09-12 11:30:37,232 | INFO  | SCMAudit | user=jenkins1000 | ip=192.168.36.114 | op=GET_VERSION null | ret=SUCCESS |  
2019-09-12 11:30:37,247 [Datanode State Machine Thread - 0] INFO  ozoneimpl.OzoneContainer (OzoneContainer.java:start(186)) - Attempting to start container services.
2019-09-12 11:30:37,248 [Datanode State Machine Thread - 0] INFO  ozoneimpl.OzoneContainer (OzoneContainer.java:startContainerScrub(160)) - Background container scrubber has been disabled by hdds.containerscrub.enabled
2019-09-12 11:30:37,248 [Datanode State Machine Thread - 0] INFO  ratis.XceiverServerRatis (XceiverServerRatis.java:start(404)) - Starting XceiverServerRatis b0998cbd-0da9-45e0-86de-67ec8cdedc86 at port 0
2019-09-12 11:30:37,253 [Datanode State Machine Thread - 0] INFO  impl.RaftServerProxy (RaftServerProxy.java:lambda$start$3(299)) - b0998cbd-0da9-45e0-86de-67ec8cdedc86: start RPC server
2019-09-12 11:30:37,268 [Datanode State Machine Thread - 0] INFO  server.GrpcService (GrpcService.java:startImpl(149)) - b0998cbd-0da9-45e0-86de-67ec8cdedc86: GrpcService started, listening on 0.0.0.0/0.0.0.0:46815
2019-09-12 11:30:37,269 [Datanode State Machine Thread - 0] INFO  ratis.XceiverServerRatis (XceiverServerRatis.java:start(414)) - XceiverServerRatis b0998cbd-0da9-45e0-86de-67ec8cdedc86 is started using port 46815
2019-09-12 11:30:37,291 [Datanode State Machine Thread - 0] INFO  server.XceiverServerGrpc (XceiverServerGrpc.java:start(163)) - XceiverServerGrpc b0998cbd-0da9-45e0-86de-67ec8cdedc86 is started using port 41594
2019-09-12 11:30:37,347 [IPC Server handler 4 on 38567] INFO  net.NetworkTopology (NetworkTopologyImpl.java:add(110)) - Added a new node: /default-rack/953ad6b8-90f2-4ccf-a2c7-42d93886e77a
2019-09-12 11:30:37,348 [IPC Server handler 4 on 38567] INFO  node.SCMNodeManager (SCMNodeManager.java:register(273)) - Registered Data node : 953ad6b8-90f2-4ccf-a2c7-42d93886e77a{ip: 192.168.36.114, host: pr-hdds-1569-58hkm-1881083799, networkLocation: /default-rack, certSerialId: null}
2019-09-12 11:30:37,348 | INFO  | SCMAudit | user=jenkins1000 | ip=192.168.36.114 | op=REGISTER {datanodeDetails=953ad6b8-90f2-4ccf-a2c7-42d93886e77a{ip: 192.168.36.114, host: pr-hdds-1569-58hkm-1881083799, networkLocation: /default-rack, certSerialId: null}} | ret=SUCCESS |  
2019-09-12 11:30:38,000 [IPC Server handler 15 on 38567] INFO  net.NetworkTopology (NetworkTopologyImpl.java:add(110)) - Added a new node: /default-rack/041153b1-579d-462a-9927-680735a5d567
2019-09-12 11:30:38,011 [IPC Server handler 15 on 38567] INFO  node.SCMNodeManager (SCMNodeManager.java:register(273)) - Registered Data node : 041153b1-579d-462a-9927-680735a5d567{ip: 192.168.36.114, host: pr-hdds-1569-58hkm-1881083799, networkLocation: /default-rack, certSerialId: null}
2019-09-12 11:30:38,014 | INFO  | SCMAudit | user=jenkins1000 | ip=192.168.36.114 | op=REGISTER {datanodeDetails=041153b1-579d-462a-9927-680735a5d567{ip: 192.168.36.114, host: pr-hdds-1569-58hkm-1881083799, networkLocation: /default-rack, certSerialId: null}} | ret=SUCCESS |  
2019-09-12 11:30:38,014 [IPC Server handler 6 on 38567] INFO  net.NetworkTopology (NetworkTopologyImpl.java:add(110)) - Added a new node: /default-rack/eff3a7ee-c843-4140-bba9-03f77ca50619
2019-09-12 11:30:38,014 [IPC Server handler 6 on 38567] INFO  node.SCMNodeManager (SCMNodeManager.java:register(273)) - Registered Data node : eff3a7ee-c843-4140-bba9-03f77ca50619{ip: 192.168.36.114, host: pr-hdds-1569-58hkm-1881083799, networkLocation: /default-rack, certSerialId: null}
2019-09-12 11:30:38,021 | INFO  | SCMAudit | user=jenkins1000 | ip=192.168.36.114 | op=REGISTER {datanodeDetails=eff3a7ee-c843-4140-bba9-03f77ca50619{ip: 192.168.36.114, host: pr-hdds-1569-58hkm-1881083799, networkLocation: /default-rack, certSerialId: null}} | ret=SUCCESS |  
2019-09-12 11:30:38,084 [IPC Server handler 16 on 38567] INFO  net.NetworkTopology (NetworkTopologyImpl.java:add(110)) - Added a new node: /default-rack/55e84e38-2716-4d7a-ba5b-b02233998fb0
2019-09-12 11:30:38,084 [IPC Server handler 16 on 38567] INFO  node.SCMNodeManager (SCMNodeManager.java:register(273)) - Registered Data node : 55e84e38-2716-4d7a-ba5b-b02233998fb0{ip: 192.168.36.114, host: pr-hdds-1569-58hkm-1881083799, networkLocation: /default-rack, certSerialId: null}
2019-09-12 11:30:38,084 | INFO  | SCMAudit | user=jenkins1000 | ip=192.168.36.114 | op=REGISTER {datanodeDetails=55e84e38-2716-4d7a-ba5b-b02233998fb0{ip: 192.168.36.114, host: pr-hdds-1569-58hkm-1881083799, networkLocation: /default-rack, certSerialId: null}} | ret=SUCCESS |  
2019-09-12 11:30:38,232 [main] INFO  ozone.MiniOzoneClusterImpl (MiniOzoneClusterImpl.java:lambda$waitForClusterToBeReady$0(142)) - Waiting for cluster to be ready. Got 5 of 10 DN Heartbeats.
2019-09-12 11:30:38,292 [grpc-default-executor-0] INFO  impl.RaftServerProxy (RaftServerProxy.java:addNew(89)) - 6cc98a42-1a7b-4e12-8153-9cd82e3a5d9f: addNew group-984A20F82FD1:[6cc98a42-1a7b-4e12-8153-9cd82e3a5d9f:192.168.36.114:43339] returns group-984A20F82FD1:java.util.concurrent.CompletableFuture@6c4758dc[Not completed]
2019-09-12 11:30:38,318 [pool-27-thread-1] INFO  impl.RaftServerImpl (RaftServerImpl.java:<init>(93)) - 6cc98a42-1a7b-4e12-8153-9cd82e3a5d9f: new RaftServerImpl for group-984A20F82FD1:[6cc98a42-1a7b-4e12-8153-9cd82e3a5d9f:192.168.36.114:43339] with ContainerStateMachine:uninitialized
2019-09-12 11:30:38,319 [pool-27-thread-1] INFO  server.RaftServerConfigKeys (ConfUtils.java:logGet(43)) - raft.server.rpc.timeout.min = 5s (custom)
2019-09-12 11:30:38,321 [pool-27-thread-1] INFO  server.RaftServerConfigKeys (ConfUtils.java:logGet(43)) - raft.server.rpc.timeout.max = 5200ms (custom)
2019-09-12 11:30:38,321 [pool-27-thread-1] INFO  server.RaftServerConfigKeys (ConfUtils.java:logGet(43)) - raft.server.rpcslowness.timeout = 120s (custom)
2019-09-12 11:30:38,322 [pool-27-thread-1] INFO  server.RaftServerConfigKeys (ConfUtils.java:logGet(43)) - raft.server.sleep.deviation.threshold = 300 (default)
2019-09-12 11:30:38,322 [pool-27-thread-1] INFO  server.RaftServerConfigKeys (ConfUtils.java:logGet(43)) - raft.server.log.appender.install.snapshot.enabled = false (custom)
2019-09-12 11:30:38,329 [pool-27-thread-1] INFO  impl.RaftServerImpl (ServerState.java:<init>(105)) - 6cc98a42-1a7b-4e12-8153-9cd82e3a5d9f:group-984A20F82FD1 ConfigurationManager, init=-1: [6cc98a42-1a7b-4e12-8153-9cd82e3a5d9f:192.168.36.114:43339], old=null, confs=<EMPTY_MAP>
2019-09-12 11:30:38,329 [pool-27-thread-1] INFO  server.RaftServerConfigKeys (ConfUtils.java:logGet(43)) - raft.server.storage.dir = [/workdir/hadoop-ozone/integration-test/target/test-dir/MiniOzoneClusterImpl-299c34b2-84c4-4da4-b63e-5faf1abba283/datanode-0/data/ratis] (custom)
2019-09-12 11:30:38,336 [pool-27-thread-1] INFO  storage.RaftStorageDirectory (RaftStorageDirectory.java:analyzeStorage(246)) - The storage directory /workdir/hadoop-ozone/integration-test/target/test-dir/MiniOzoneClusterImpl-299c34b2-84c4-4da4-b63e-5faf1abba283/datanode-0/data/ratis/63fac41e-5670-4a55-9ef7-984a20f82fd1 does not exist. Creating ...
2019-09-12 11:30:38,352 [pool-27-thread-1] INFO  storage.RaftStorageDirectory (RaftStorageDirectory.java:tryLock(328)) - Lock on /workdir/hadoop-ozone/integration-test/target/test-dir/MiniOzoneClusterImpl-299c34b2-84c4-4da4-b63e-5faf1abba283/datanode-0/data/ratis/63fac41e-5670-4a55-9ef7-984a20f82fd1/in_use.lock acquired by nodename 16167@pr-hdds-1569-58hkm-1881083799
2019-09-12 11:30:38,377 [pool-27-thread-1] INFO  storage.RaftStorage (RaftStorage.java:format(72)) - Storage directory /workdir/hadoop-ozone/integration-test/target/test-dir/MiniOzoneClusterImpl-299c34b2-84c4-4da4-b63e-5faf1abba283/datanode-0/data/ratis/63fac41e-5670-4a55-9ef7-984a20f82fd1 has been successfully formatted.
2019-09-12 11:30:38,382 [pool-27-thread-1] INFO  ratis.ContainerStateMachine (ContainerStateMachine.java:loadSnapshot(226)) - group-984A20F82FD1: The snapshot info is null. Setting the last applied indexto:(t:0, i:~)
2019-09-12 11:30:38,383 [IPC Server handler 2 on 38567] INFO  net.NetworkTopology (NetworkTopologyImpl.java:add(110)) - Added a new node: /default-rack/dae80834-da68-4cdc-a6d1-3e383ebcc721
2019-09-12 11:30:38,383 [pool-27-thread-1] INFO  server.RaftServerConfigKeys (ConfUtils.java:logGet(43)) - raft.server.leader.election.timeout = 120s (custom)
2019-09-12 11:30:38,383 [IPC Server handler 2 on 38567] INFO  node.SCMNodeManager (SCMNodeManager.java:register(273)) - Registered Data node : dae80834-da68-4cdc-a6d1-3e383ebcc721{ip: 192.168.36.114, host: pr-hdds-1569-58hkm-1881083799, networkLocation: /default-rack, certSerialId: null}
2019-09-12 11:30:38,384 | INFO  | SCMAudit | user=jenkins1000 | ip=192.168.36.114 | op=REGISTER {datanodeDetails=dae80834-da68-4cdc-a6d1-3e383ebcc721{ip: 192.168.36.114, host: pr-hdds-1569-58hkm-1881083799, networkLocation: /default-rack, certSerialId: null}} | ret=SUCCESS |  
2019-09-12 11:30:38,387 [pool-27-thread-1] INFO  server.RaftServerConfigKeys (ConfUtils.java:logGet(43)) - raft.server.log.use.memory = false (default)
2019-09-12 11:30:38,394 [pool-27-thread-1] INFO  server.RaftServerConfigKeys (ConfUtils.java:logGet(43)) - raft.server.log.purge.gap = 1000000 (custom)
2019-09-12 11:30:38,395 [pool-27-thread-1] INFO  server.RaftServerConfigKeys (ConfUtils.java:logGet(43)) - raft.server.log.appender.buffer.byte-limit = 33554432 (custom)
2019-09-12 11:30:38,397 [pool-27-thread-1] INFO  server.RaftServerConfigKeys (ConfUtils.java:logGet(43)) - raft.server.log.segment.size.max = 1048576 (custom)
2019-09-12 11:30:38,403 [pool-27-thread-1] INFO  server.RaftServerConfigKeys (ConfUtils.java:logGet(43)) - raft.server.log.segment.cache.num.max = 2 (custom)
2019-09-12 11:30:38,411 [pool-27-thread-1] INFO  segmented.SegmentedRaftLogWorker (SegmentedRaftLogWorker.java:<init>(172)) - new 6cc98a42-1a7b-4e12-8153-9cd82e3a5d9f-SegmentedRaftLogWorker:Storage Directory /workdir/hadoop-ozone/integration-test/target/test-dir/MiniOzoneClusterImpl-299c34b2-84c4-4da4-b63e-5faf1abba283/datanode-0/data/ratis/63fac41e-5670-4a55-9ef7-984a20f82fd1 for RaftStorage:Storage Directory /workdir/hadoop-ozone/integration-test/target/test-dir/MiniOzoneClusterImpl-299c34b2-84c4-4da4-b63e-5faf1abba283/datanode-0/data/ratis/63fac41e-5670-4a55-9ef7-984a20f82fd1
2019-09-12 11:30:38,426 [pool-27-thread-1] INFO  server.RaftServerConfigKeys (ConfUtils.java:logGet(43)) - raft.server.log.queue.byte-limit = 2147483647 (custom)
2019-09-12 11:30:38,426 [pool-27-thread-1] INFO  server.RaftServerConfigKeys (ConfUtils.java:logGet(43)) - raft.server.log.queue.element-limit = 1024 (custom)
2019-09-12 11:30:38,432 [pool-27-thread-1] INFO  server.RaftServerConfigKeys (ConfUtils.java:logGet(43)) - raft.server.log.segment.size.max = 1048576 (custom)
2019-09-12 11:30:38,432 [pool-27-thread-1] INFO  server.RaftServerConfigKeys (ConfUtils.java:logGet(43)) - raft.server.log.preallocated.size = 16384 (custom)
2019-09-12 11:30:38,433 [pool-27-thread-1] INFO  server.RaftServerConfigKeys (ConfUtils.java:logGet(43)) - raft.server.log.write.buffer.size = 33554432 (custom)
2019-09-12 11:30:38,433 [pool-27-thread-1] INFO  server.RaftServerConfigKeys (ConfUtils.java:logGet(43)) - raft.server.log.force.sync.num = 128 (default)
2019-09-12 11:30:38,434 [pool-27-thread-1] INFO  server.RaftServerConfigKeys (ConfUtils.java:logGet(43)) - raft.server.log.statemachine.data.sync = true (default)
2019-09-12 11:30:38,434 [pool-27-thread-1] INFO  server.RaftServerConfigKeys (ConfUtils.java:logGet(43)) - raft.server.log.statemachine.data.sync.timeout = 10s (default)
2019-09-12 11:30:38,435 [pool-27-thread-1] INFO  server.RaftServerConfigKeys (ConfUtils.java:logGet(43)) - raft.server.log.statemachine.data.sync.timeout.retry = -1 (default)
2019-09-12 11:30:38,445 [pool-27-thread-1] INFO  server.RaftServerConfigKeys (ConfUtils.java:logGet(43)) - raft.server.log.statemachine.data.caching.enabled = true (custom)
2019-09-12 11:30:38,450 [pool-27-thread-1] INFO  segmented.SegmentedRaftLogWorker (SegmentedRaftLogWorker.java:lambda$new$0(132)) - 6cc98a42-1a7b-4e12-8153-9cd82e3a5d9f-SegmentedRaftLogWorker:Storage Directory /workdir/hadoop-ozone/integration-test/target/test-dir/MiniOzoneClusterImpl-299c34b2-84c4-4da4-b63e-5faf1abba283/datanode-0/data/ratis/63fac41e-5670-4a55-9ef7-984a20f82fd1: flushIndex: setUnconditionally 0 -> -1
2019-09-12 11:30:38,455 [pool-27-thread-1] INFO  server.RaftServerConfigKeys (ConfUtils.java:logGet(43)) - raft.server.snapshot.auto.trigger.enabled = true (custom)
2019-09-12 11:30:38,456 [pool-27-thread-1] INFO  server.RaftServerConfigKeys (ConfUtils.java:logGet(43)) - raft.server.snapshot.auto.trigger.threshold = 10000 (custom)
2019-09-12 11:30:38,456 [pool-27-thread-1] INFO  server.RaftServerConfigKeys (ConfUtils.java:logGet(43)) - raft.server.retrycache.expirytime = 600000ms (custom)
2019-09-12 11:30:38,477 [pool-27-thread-1] INFO  impl.RaftServerImpl (RaftServerImpl.java:start(180)) - 6cc98a42-1a7b-4e12-8153-9cd82e3a5d9f: start group-984A20F82FD1
2019-09-12 11:30:38,478 [pool-27-thread-1] INFO  impl.RaftServerImpl (RaftServerImpl.java:setRole(171)) - 6cc98a42-1a7b-4e12-8153-9cd82e3a5d9f:group-984A20F82FD1 changes role from null to FOLLOWER at term 0 for startAsFollower
2019-09-12 11:30:38,480 [pool-27-thread-1] INFO  impl.RoleInfo (RoleInfo.java:updateAndGet(143)) - 6cc98a42-1a7b-4e12-8153-9cd82e3a5d9f: start FollowerState
2019-09-12 11:30:38,481 [pool-27-thread-1] INFO  util.JmxRegister (JmxRegister.java:tryRegister(44)) - Successfully registered JMX Bean with object name Ratis:service=RaftServer,group=group-984A20F82FD1,id=6cc98a42-1a7b-4e12-8153-9cd82e3a5d9f
2019-09-12 11:30:38,550 [RatisPipelineUtilsThread] INFO  pipeline.PipelineStateManager (PipelineStateManager.java:addPipeline(56)) - Created pipeline Pipeline[ Id: 63fac41e-5670-4a55-9ef7-984a20f82fd1, Nodes: 6cc98a42-1a7b-4e12-8153-9cd82e3a5d9f{ip: 192.168.36.114, host: pr-hdds-1569-58hkm-1881083799, networkLocation: /default-rack, certSerialId: null}, Type:RATIS, Factor:ONE, State:OPEN]
2019-09-12 11:30:38,582 [IPC Server handler 1 on 38567] INFO  net.NetworkTopology (NetworkTopologyImpl.java:add(110)) - Added a new node: /default-rack/63a2c513-e651-4cfd-9092-3873a710e112
2019-09-12 11:30:38,583 [IPC Server handler 1 on 38567] INFO  node.SCMNodeManager (SCMNodeManager.java:register(273)) - Registered Data node : 63a2c513-e651-4cfd-9092-3873a710e112{ip: 192.168.36.114, host: pr-hdds-1569-58hkm-1881083799, networkLocation: /default-rack, certSerialId: null}
2019-09-12 11:30:38,583 [grpc-default-executor-0] INFO  impl.RaftServerProxy (RaftServerProxy.java:addNew(89)) - 953ad6b8-90f2-4ccf-a2c7-42d93886e77a: addNew group-ADF8C9D7CBA5:[953ad6b8-90f2-4ccf-a2c7-42d93886e77a:192.168.36.114:39831] returns group-ADF8C9D7CBA5:java.util.concurrent.CompletableFuture@30cfc7f2[Not completed]
2019-09-12 11:30:38,583 | INFO  | SCMAudit | user=jenkins1000 | ip=192.168.36.114 | op=REGISTER {datanodeDetails=63a2c513-e651-4cfd-9092-3873a710e112{ip: 192.168.36.114, host: pr-hdds-1569-58hkm-1881083799, networkLocation: /default-rack, certSerialId: null}} | ret=SUCCESS |  
2019-09-12 11:30:38,646 [pool-38-thread-1] INFO  impl.RaftServerImpl (RaftServerImpl.java:<init>(93)) - 953ad6b8-90f2-4ccf-a2c7-42d93886e77a: new RaftServerImpl for group-ADF8C9D7CBA5:[953ad6b8-90f2-4ccf-a2c7-42d93886e77a:192.168.36.114:39831] with ContainerStateMachine:uninitialized
2019-09-12 11:30:38,648 [pool-38-thread-1] INFO  server.RaftServerConfigKeys (ConfUtils.java:logGet(43)) - raft.server.rpc.timeout.min = 5s (custom)
2019-09-12 11:30:38,648 [pool-38-thread-1] INFO  server.RaftServerConfigKeys (ConfUtils.java:logGet(43)) - raft.server.rpc.timeout.max = 5200ms (custom)
2019-09-12 11:30:38,648 [pool-38-thread-1] INFO  server.RaftServerConfigKeys (ConfUtils.java:logGet(43)) - raft.server.rpcslowness.timeout = 120s (custom)
2019-09-12 11:30:38,648 [pool-38-thread-1] INFO  server.RaftServerConfigKeys (ConfUtils.java:logGet(43)) - raft.server.sleep.deviation.threshold = 300 (default)
2019-09-12 11:30:38,648 [pool-38-thread-1] INFO  server.RaftServerConfigKeys (ConfUtils.java:logGet(43)) - raft.server.log.appender.install.snapshot.enabled = false (custom)
2019-09-12 11:30:38,649 [pool-38-thread-1] INFO  impl.RaftServerImpl (ServerState.java:<init>(105)) - 953ad6b8-90f2-4ccf-a2c7-42d93886e77a:group-ADF8C9D7CBA5 ConfigurationManager, init=-1: [953ad6b8-90f2-4ccf-a2c7-42d93886e77a:192.168.36.114:39831], old=null, confs=<EMPTY_MAP>
2019-09-12 11:30:38,649 [pool-38-thread-1] INFO  server.RaftServerConfigKeys (ConfUtils.java:logGet(43)) - raft.server.storage.dir = [/workdir/hadoop-ozone/integration-test/target/test-dir/MiniOzoneClusterImpl-299c34b2-84c4-4da4-b63e-5faf1abba283/datanode-1/data/ratis] (custom)
2019-09-12 11:30:38,649 [pool-38-thread-1] INFO  storage.RaftStorageDirectory (RaftStorageDirectory.java:analyzeStorage(246)) - The storage directory /workdir/hadoop-ozone/integration-test/target/test-dir/MiniOzoneClusterImpl-299c34b2-84c4-4da4-b63e-5faf1abba283/datanode-1/data/ratis/b2490460-f83c-4fcb-823b-adf8c9d7cba5 does not exist. Creating ...
2019-09-12 11:30:38,664 [pool-38-thread-1] INFO  storage.RaftStorageDirectory (RaftStorageDirectory.java:tryLock(328)) - Lock on /workdir/hadoop-ozone/integration-test/target/test-dir/MiniOzoneClusterImpl-299c34b2-84c4-4da4-b63e-5faf1abba283/datanode-1/data/ratis/b2490460-f83c-4fcb-823b-adf8c9d7cba5/in_use.lock acquired by nodename 16167@pr-hdds-1569-58hkm-1881083799
2019-09-12 11:30:38,689 [pool-38-thread-1] INFO  storage.RaftStorage (RaftStorage.java:format(72)) - Storage directory /workdir/hadoop-ozone/integration-test/target/test-dir/MiniOzoneClusterImpl-299c34b2-84c4-4da4-b63e-5faf1abba283/datanode-1/data/ratis/b2490460-f83c-4fcb-823b-adf8c9d7cba5 has been successfully formatted.
2019-09-12 11:30:38,692 [pool-38-thread-1] INFO  ratis.ContainerStateMachine (ContainerStateMachine.java:loadSnapshot(226)) - group-ADF8C9D7CBA5: The snapshot info is null. Setting the last applied indexto:(t:0, i:~)
2019-09-12 11:30:38,694 [pool-38-thread-1] INFO  server.RaftServerConfigKeys (ConfUtils.java:logGet(43)) - raft.server.leader.election.timeout = 120s (custom)
2019-09-12 11:30:38,694 [pool-38-thread-1] INFO  server.RaftServerConfigKeys (ConfUtils.java:logGet(43)) - raft.server.log.use.memory = false (default)
2019-09-12 11:30:38,694 [pool-38-thread-1] INFO  server.RaftServerConfigKeys (ConfUtils.java:logGet(43)) - raft.server.log.purge.gap = 1000000 (custom)
2019-09-12 11:30:38,695 [pool-38-thread-1] INFO  server.RaftServerConfigKeys (ConfUtils.java:logGet(43)) - raft.server.log.appender.buffer.byte-limit = 33554432 (custom)
2019-09-12 11:30:38,695 [pool-38-thread-1] INFO  server.RaftServerConfigKeys (ConfUtils.java:logGet(43)) - raft.server.log.segment.size.max = 1048576 (custom)
2019-09-12 11:30:38,695 [pool-38-thread-1] INFO  server.RaftServerConfigKeys (ConfUtils.java:logGet(43)) - raft.server.log.segment.cache.num.max = 2 (custom)
2019-09-12 11:30:38,695 [pool-38-thread-1] INFO  segmented.SegmentedRaftLogWorker (SegmentedRaftLogWorker.java:<init>(172)) - new 953ad6b8-90f2-4ccf-a2c7-42d93886e77a-SegmentedRaftLogWorker:Storage Directory /workdir/hadoop-ozone/integration-test/target/test-dir/MiniOzoneClusterImpl-299c34b2-84c4-4da4-b63e-5faf1abba283/datanode-1/data/ratis/b2490460-f83c-4fcb-823b-adf8c9d7cba5 for RaftStorage:Storage Directory /workdir/hadoop-ozone/integration-test/target/test-dir/MiniOzoneClusterImpl-299c34b2-84c4-4da4-b63e-5faf1abba283/datanode-1/data/ratis/b2490460-f83c-4fcb-823b-adf8c9d7cba5
2019-09-12 11:30:38,697 [pool-38-thread-1] INFO  server.RaftServerConfigKeys (ConfUtils.java:logGet(43)) - raft.server.log.queue.byte-limit = 2147483647 (custom)
2019-09-12 11:30:38,697 [pool-38-thread-1] INFO  server.RaftServerConfigKeys (ConfUtils.java:logGet(43)) - raft.server.log.queue.element-limit = 1024 (custom)
2019-09-12 11:30:38,698 [pool-38-thread-1] INFO  server.RaftServerConfigKeys (ConfUtils.java:logGet(43)) - raft.server.log.segment.size.max = 1048576 (custom)
2019-09-12 11:30:38,698 [pool-38-thread-1] INFO  server.RaftServerConfigKeys (ConfUtils.java:logGet(43)) - raft.server.log.preallocated.size = 16384 (custom)
2019-09-12 11:30:38,698 [pool-38-thread-1] INFO  server.RaftServerConfigKeys (ConfUtils.java:logGet(43)) - raft.server.log.write.buffer.size = 33554432 (custom)
2019-09-12 11:30:38,698 [pool-38-thread-1] INFO  server.RaftServerConfigKeys (ConfUtils.java:logGet(43)) - raft.server.log.force.sync.num = 128 (default)
2019-09-12 11:30:38,698 [pool-38-thread-1] INFO  server.RaftServerConfigKeys (ConfUtils.java:logGet(43)) - raft.server.log.statemachine.data.sync = true (default)
2019-09-12 11:30:38,699 [pool-38-thread-1] INFO  server.RaftServerConfigKeys (ConfUtils.java:logGet(43)) - raft.server.log.statemachine.data.sync.timeout = 10s (default)
2019-09-12 11:30:38,699 [pool-38-thread-1] INFO  server.RaftServerConfigKeys (ConfUtils.java:logGet(43)) - raft.server.log.statemachine.data.sync.timeout.retry = -1 (default)
2019-09-12 11:30:38,699 [pool-38-thread-1] INFO  server.RaftServerConfigKeys (ConfUtils.java:logGet(43)) - raft.server.log.statemachine.data.caching.enabled = true (custom)
2019-09-12 11:30:38,700 [pool-38-thread-1] INFO  segmented.SegmentedRaftLogWorker (SegmentedRaftLogWorker.java:lambda$new$0(132)) - 953ad6b8-90f2-4ccf-a2c7-42d93886e77a-SegmentedRaftLogWorker:Storage Directory /workdir/hadoop-ozone/integration-test/target/test-dir/MiniOzoneClusterImpl-299c34b2-84c4-4da4-b63e-5faf1abba283/datanode-1/data/ratis/b2490460-f83c-4fcb-823b-adf8c9d7cba5: flushIndex: setUnconditionally 0 -> -1
2019-09-12 11:30:38,700 [pool-38-thread-1] INFO  server.RaftServerConfigKeys (ConfUtils.java:logGet(43)) - raft.server.snapshot.auto.trigger.enabled = true (custom)
2019-09-12 11:30:38,700 [pool-38-thread-1] INFO  server.RaftServerConfigKeys (ConfUtils.java:logGet(43)) - raft.server.snapshot.auto.trigger.threshold = 10000 (custom)
2019-09-12 11:30:38,700 [pool-38-thread-1] INFO  server.RaftServerConfigKeys (ConfUtils.java:logGet(43)) - raft.server.retrycache.expirytime = 600000ms (custom)
2019-09-12 11:30:38,701 [pool-38-thread-1] INFO  impl.RaftServerImpl (RaftServerImpl.java:start(180)) - 953ad6b8-90f2-4ccf-a2c7-42d93886e77a: start group-ADF8C9D7CBA5
2019-09-12 11:30:38,701 [pool-38-thread-1] INFO  impl.RaftServerImpl (RaftServerImpl.java:setRole(171)) - 953ad6b8-90f2-4ccf-a2c7-42d93886e77a:group-ADF8C9D7CBA5 changes role from null to FOLLOWER at term 0 for startAsFollower
2019-09-12 11:30:38,701 [pool-38-thread-1] INFO  impl.RoleInfo (RoleInfo.java:updateAndGet(143)) - 953ad6b8-90f2-4ccf-a2c7-42d93886e77a: start FollowerState
2019-09-12 11:30:38,703 [pool-38-thread-1] INFO  util.JmxRegister (JmxRegister.java:tryRegister(44)) - Successfully registered JMX Bean with object name Ratis:service=RaftServer,group=group-ADF8C9D7CBA5,id=953ad6b8-90f2-4ccf-a2c7-42d93886e77a
2019-09-12 11:30:38,723 [RatisPipelineUtilsThread] INFO  pipeline.PipelineStateManager (PipelineStateManager.java:addPipeline(56)) - Created pipeline Pipeline[ Id: b2490460-f83c-4fcb-823b-adf8c9d7cba5, Nodes: 953ad6b8-90f2-4ccf-a2c7-42d93886e77a{ip: 192.168.36.114, host: pr-hdds-1569-58hkm-1881083799, networkLocation: /default-rack, certSerialId: null}, Type:RATIS, Factor:ONE, State:OPEN]
2019-09-12 11:30:38,744 [grpc-default-executor-0] INFO  impl.RaftServerProxy (RaftServerProxy.java:addNew(89)) - 6cc98a42-1a7b-4e12-8153-9cd82e3a5d9f: addNew group-D2643BFB462A:[6cc98a42-1a7b-4e12-8153-9cd82e3a5d9f:192.168.36.114:43339] returns group-D2643BFB462A:java.util.concurrent.CompletableFuture@d64bd89[Not completed]
2019-09-12 11:30:38,760 [pool-27-thread-1] INFO  impl.RaftServerImpl (RaftServerImpl.java:<init>(93)) - 6cc98a42-1a7b-4e12-8153-9cd82e3a5d9f: new RaftServerImpl for group-D2643BFB462A:[6cc98a42-1a7b-4e12-8153-9cd82e3a5d9f:192.168.36.114:43339] with ContainerStateMachine:uninitialized
2019-09-12 11:30:38,760 [pool-27-thread-1] INFO  server.RaftServerConfigKeys (ConfUtils.java:logGet(43)) - raft.server.rpc.timeout.min = 5s (custom)
2019-09-12 11:30:38,760 [pool-27-thread-1] INFO  server.RaftServerConfigKeys (ConfUtils.java:logGet(43)) - raft.server.rpc.timeout.max = 5200ms (custom)
2019-09-12 11:30:38,760 [pool-27-thread-1] INFO  server.RaftServerConfigKeys (ConfUtils.java:logGet(43)) - raft.server.rpcslowness.timeout = 120s (custom)
2019-09-12 11:30:38,761 [pool-27-thread-1] INFO  server.RaftServerConfigKeys (ConfUtils.java:logGet(43)) - raft.server.sleep.deviation.threshold = 300 (default)
2019-09-12 11:30:38,761 [pool-27-thread-1] INFO  server.RaftServerConfigKeys (ConfUtils.java:logGet(43)) - raft.server.log.appender.install.snapshot.enabled = false (custom)
2019-09-12 11:30:38,761 [pool-27-thread-1] INFO  impl.RaftServerImpl (ServerState.java:<init>(105)) - 6cc98a42-1a7b-4e12-8153-9cd82e3a5d9f:group-D2643BFB462A ConfigurationManager, init=-1: [6cc98a42-1a7b-4e12-8153-9cd82e3a5d9f:192.168.36.114:43339], old=null, confs=<EMPTY_MAP>
2019-09-12 11:30:38,761 [pool-27-thread-1] INFO  server.RaftServerConfigKeys (ConfUtils.java:logGet(43)) - raft.server.storage.dir = [/workdir/hadoop-ozone/integration-test/target/test-dir/MiniOzoneClusterImpl-299c34b2-84c4-4da4-b63e-5faf1abba283/datanode-0/data/ratis] (custom)
2019-09-12 11:30:38,762 [pool-27-thread-1] INFO  storage.RaftStorageDirectory (RaftStorageDirectory.java:analyzeStorage(246)) - The storage directory /workdir/hadoop-ozone/integration-test/target/test-dir/MiniOzoneClusterImpl-299c34b2-84c4-4da4-b63e-5faf1abba283/datanode-0/data/ratis/b7fbf390-01bc-4b33-8b67-d2643bfb462a does not exist. Creating ...
2019-09-12 11:30:38,775 [pool-27-thread-1] INFO  storage.RaftStorageDirectory (RaftStorageDirectory.java:tryLock(328)) - Lock on /workdir/hadoop-ozone/integration-test/target/test-dir/MiniOzoneClusterImpl-299c34b2-84c4-4da4-b63e-5faf1abba283/datanode-0/data/ratis/b7fbf390-01bc-4b33-8b67-d2643bfb462a/in_use.lock acquired by nodename 16167@pr-hdds-1569-58hkm-1881083799
2019-09-12 11:30:38,787 [pool-27-thread-1] INFO  storage.RaftStorage (RaftStorage.java:format(72)) - Storage directory /workdir/hadoop-ozone/integration-test/target/test-dir/MiniOzoneClusterImpl-299c34b2-84c4-4da4-b63e-5faf1abba283/datanode-0/data/ratis/b7fbf390-01bc-4b33-8b67-d2643bfb462a has been successfully formatted.
2019-09-12 11:30:38,787 [pool-27-thread-1] INFO  ratis.ContainerStateMachine (ContainerStateMachine.java:loadSnapshot(226)) - group-D2643BFB462A: The snapshot info is null. Setting the last applied indexto:(t:0, i:~)
2019-09-12 11:30:38,788 [pool-27-thread-1] INFO  server.RaftServerConfigKeys (ConfUtils.java:logGet(43)) - raft.server.leader.election.timeout = 120s (custom)
2019-09-12 11:30:38,788 [pool-27-thread-1] INFO  server.RaftServerConfigKeys (ConfUtils.java:logGet(43)) - raft.server.log.use.memory = false (default)
2019-09-12 11:30:38,788 [pool-27-thread-1] INFO  server.RaftServerConfigKeys (ConfUtils.java:logGet(43)) - raft.server.log.purge.gap = 1000000 (custom)
2019-09-12 11:30:38,788 [pool-27-thread-1] INFO  server.RaftServerConfigKeys (ConfUtils.java:logGet(43)) - raft.server.log.appender.buffer.byte-limit = 33554432 (custom)
2019-09-12 11:30:38,788 [pool-27-thread-1] INFO  server.RaftServerConfigKeys (ConfUtils.java:logGet(43)) - raft.server.log.segment.size.max = 1048576 (custom)
2019-09-12 11:30:38,788 [pool-27-thread-1] INFO  server.RaftServerConfigKeys (ConfUtils.java:logGet(43)) - raft.server.log.segment.cache.num.max = 2 (custom)
2019-09-12 11:30:38,788 [pool-27-thread-1] INFO  segmented.SegmentedRaftLogWorker (SegmentedRaftLogWorker.java:<init>(172)) - new 6cc98a42-1a7b-4e12-8153-9cd82e3a5d9f-SegmentedRaftLogWorker:Storage Directory /workdir/hadoop-ozone/integration-test/target/test-dir/MiniOzoneClusterImpl-299c34b2-84c4-4da4-b63e-5faf1abba283/datanode-0/data/ratis/b7fbf390-01bc-4b33-8b67-d2643bfb462a for RaftStorage:Storage Directory /workdir/hadoop-ozone/integration-test/target/test-dir/MiniOzoneClusterImpl-299c34b2-84c4-4da4-b63e-5faf1abba283/datanode-0/data/ratis/b7fbf390-01bc-4b33-8b67-d2643bfb462a
2019-09-12 11:30:38,788 [pool-27-thread-1] INFO  server.RaftServerConfigKeys (ConfUtils.java:logGet(43)) - raft.server.log.queue.byte-limit = 2147483647 (custom)
2019-09-12 11:30:38,789 [pool-27-thread-1] INFO  server.RaftServerConfigKeys (ConfUtils.java:logGet(43)) - raft.server.log.queue.element-limit = 1024 (custom)
2019-09-12 11:30:38,789 [pool-27-thread-1] INFO  server.RaftServerConfigKeys (ConfUtils.java:logGet(43)) - raft.server.log.segment.size.max = 1048576 (custom)
2019-09-12 11:30:38,789 [pool-27-thread-1] INFO  server.RaftServerConfigKeys (ConfUtils.java:logGet(43)) - raft.server.log.preallocated.size = 16384 (custom)
2019-09-12 11:30:38,789 [pool-27-thread-1] INFO  server.RaftServerConfigKeys (ConfUtils.java:logGet(43)) - raft.server.log.write.buffer.size = 33554432 (custom)
2019-09-12 11:30:38,789 [pool-27-thread-1] INFO  server.RaftServerConfigKeys (ConfUtils.java:logGet(43)) - raft.server.log.force.sync.num = 128 (default)
2019-09-12 11:30:38,789 [pool-27-thread-1] INFO  server.RaftServerConfigKeys (ConfUtils.java:logGet(43)) - raft.server.log.statemachine.data.sync = true (default)
2019-09-12 11:30:38,789 [pool-27-thread-1] INFO  server.RaftServerConfigKeys (ConfUtils.java:logGet(43)) - raft.server.log.statemachine.data.sync.timeout = 10s (default)
2019-09-12 11:30:38,789 [pool-27-thread-1] INFO  server.RaftServerConfigKeys (ConfUtils.java:logGet(43)) - raft.server.log.statemachine.data.sync.timeout.retry = -1 (default)
2019-09-12 11:30:38,790 [pool-27-thread-1] INFO  server.RaftServerConfigKeys (ConfUtils.java:logGet(43)) - raft.server.log.statemachine.data.caching.enabled = true (custom)
2019-09-12 11:30:38,790 [pool-27-thread-1] INFO  segmented.SegmentedRaftLogWorker (SegmentedRaftLogWorker.java:lambda$new$0(132)) - 6cc98a42-1a7b-4e12-8153-9cd82e3a5d9f-SegmentedRaftLogWorker:Storage Directory /workdir/hadoop-ozone/integration-test/target/test-dir/MiniOzoneClusterImpl-299c34b2-84c4-4da4-b63e-5faf1abba283/datanode-0/data/ratis/b7fbf390-01bc-4b33-8b67-d2643bfb462a: flushIndex: setUnconditionally 0 -> -1
2019-09-12 11:30:38,790 [pool-27-thread-1] INFO  server.RaftServerConfigKeys (ConfUtils.java:logGet(43)) - raft.server.snapshot.auto.trigger.enabled = true (custom)
2019-09-12 11:30:38,793 [pool-27-thread-1] INFO  server.RaftServerConfigKeys (ConfUtils.java:logGet(43)) - raft.server.snapshot.auto.trigger.threshold = 10000 (custom)
2019-09-12 11:30:38,793 [pool-27-thread-1] INFO  server.RaftServerConfigKeys (ConfUtils.java:logGet(43)) - raft.server.retrycache.expirytime = 600000ms (custom)
2019-09-12 11:30:38,794 [pool-27-thread-1] INFO  impl.RaftServerImpl (RaftServerImpl.java:start(180)) - 6cc98a42-1a7b-4e12-8153-9cd82e3a5d9f: start group-D2643BFB462A
2019-09-12 11:30:38,794 [pool-27-thread-1] INFO  impl.RaftServerImpl (RaftServerImpl.java:setRole(171)) - 6cc98a42-1a7b-4e12-8153-9cd82e3a5d9f:group-D2643BFB462A changes role from null to FOLLOWER at term 0 for startAsFollower
2019-09-12 11:30:38,794 [pool-27-thread-1] INFO  impl.RoleInfo (RoleInfo.java:updateAndGet(143)) - 6cc98a42-1a7b-4e12-8153-9cd82e3a5d9f: start FollowerState
2019-09-12 11:30:38,794 [IPC Server handler 15 on 38567] INFO  net.NetworkTopology (NetworkTopologyImpl.java:add(110)) - Added a new node: /default-rack/faaae1d4-820a-4881-8cfe-c76293b91720
2019-09-12 11:30:38,798 [pool-27-thread-1] INFO  util.JmxRegister (JmxRegister.java:tryRegister(44)) - Successfully registered JMX Bean with object name Ratis:service=RaftServer,group=group-D2643BFB462A,id=6cc98a42-1a7b-4e12-8153-9cd82e3a5d9f
2019-09-12 11:30:38,798 [IPC Server handler 15 on 38567] INFO  node.SCMNodeManager (SCMNodeManager.java:register(273)) - Registered Data node : faaae1d4-820a-4881-8cfe-c76293b91720{ip: 192.168.36.114, host: pr-hdds-1569-58hkm-1881083799, networkLocation: /default-rack, certSerialId: null}
2019-09-12 11:30:38,798 | INFO  | SCMAudit | user=jenkins1000 | ip=192.168.36.114 | op=REGISTER {datanodeDetails=faaae1d4-820a-4881-8cfe-c76293b91720{ip: 192.168.36.114, host: pr-hdds-1569-58hkm-1881083799, networkLocation: /default-rack, certSerialId: null}} | ret=SUCCESS |  
2019-09-12 11:30:38,809 [RatisPipelineUtilsThread] INFO  pipeline.PipelineStateManager (PipelineStateManager.java:addPipeline(56)) - Created pipeline Pipeline[ Id: b7fbf390-01bc-4b33-8b67-d2643bfb462a, Nodes: 6cc98a42-1a7b-4e12-8153-9cd82e3a5d9f{ip: 192.168.36.114, host: pr-hdds-1569-58hkm-1881083799, networkLocation: /default-rack, certSerialId: null}, Type:RATIS, Factor:ONE, State:OPEN]
2019-09-12 11:30:38,828 [grpc-default-executor-0] INFO  impl.RaftServerProxy (RaftServerProxy.java:addNew(89)) - eff3a7ee-c843-4140-bba9-03f77ca50619: addNew group-91D9D323BE1B:[eff3a7ee-c843-4140-bba9-03f77ca50619:192.168.36.114:45501] returns group-91D9D323BE1B:java.util.concurrent.CompletableFuture@1d094c80[Not completed]
2019-09-12 11:30:38,832 [pool-49-thread-1] INFO  impl.RaftServerImpl (RaftServerImpl.java:<init>(93)) - eff3a7ee-c843-4140-bba9-03f77ca50619: new RaftServerImpl for group-91D9D323BE1B:[eff3a7ee-c843-4140-bba9-03f77ca50619:192.168.36.114:45501] with ContainerStateMachine:uninitialized
2019-09-12 11:30:38,833 [pool-49-thread-1] INFO  server.RaftServerConfigKeys (ConfUtils.java:logGet(43)) - raft.server.rpc.timeout.min = 5s (custom)
2019-09-12 11:30:38,833 [pool-49-thread-1] INFO  server.RaftServerConfigKeys (ConfUtils.java:logGet(43)) - raft.server.rpc.timeout.max = 5200ms (custom)
2019-09-12 11:30:38,833 [pool-49-thread-1] INFO  server.RaftServerConfigKeys (ConfUtils.java:logGet(43)) - raft.server.rpcslowness.timeout = 120s (custom)
2019-09-12 11:30:38,833 [pool-49-thread-1] INFO  server.RaftServerConfigKeys (ConfUtils.java:logGet(43)) - raft.server.sleep.deviation.threshold = 300 (default)
2019-09-12 11:30:38,833 [pool-49-thread-1] INFO  server.RaftServerConfigKeys (ConfUtils.java:logGet(43)) - raft.server.log.appender.install.snapshot.enabled = false (custom)
2019-09-12 11:30:38,833 [pool-49-thread-1] INFO  impl.RaftServerImpl (ServerState.java:<init>(105)) - eff3a7ee-c843-4140-bba9-03f77ca50619:group-91D9D323BE1B ConfigurationManager, init=-1: [eff3a7ee-c843-4140-bba9-03f77ca50619:192.168.36.114:45501], old=null, confs=<EMPTY_MAP>
2019-09-12 11:30:38,833 [pool-49-thread-1] INFO  server.RaftServerConfigKeys (ConfUtils.java:logGet(43)) - raft.server.storage.dir = [/workdir/hadoop-ozone/integration-test/target/test-dir/MiniOzoneClusterImpl-299c34b2-84c4-4da4-b63e-5faf1abba283/datanode-2/data/ratis] (custom)
2019-09-12 11:30:38,834 [pool-49-thread-1] INFO  storage.RaftStorageDirectory (RaftStorageDirectory.java:analyzeStorage(246)) - The storage directory /workdir/hadoop-ozone/integration-test/target/test-dir/MiniOzoneClusterImpl-299c34b2-84c4-4da4-b63e-5faf1abba283/datanode-2/data/ratis/7e57c7ee-234a-42ee-9a50-91d9d323be1b does not exist. Creating ...
2019-09-12 11:30:38,846 [pool-49-thread-1] INFO  storage.RaftStorageDirectory (RaftStorageDirectory.java:tryLock(328)) - Lock on /workdir/hadoop-ozone/integration-test/target/test-dir/MiniOzoneClusterImpl-299c34b2-84c4-4da4-b63e-5faf1abba283/datanode-2/data/ratis/7e57c7ee-234a-42ee-9a50-91d9d323be1b/in_use.lock acquired by nodename 16167@pr-hdds-1569-58hkm-1881083799
2019-09-12 11:30:38,859 [pool-49-thread-1] INFO  storage.RaftStorage (RaftStorage.java:format(72)) - Storage directory /workdir/hadoop-ozone/integration-test/target/test-dir/MiniOzoneClusterImpl-299c34b2-84c4-4da4-b63e-5faf1abba283/datanode-2/data/ratis/7e57c7ee-234a-42ee-9a50-91d9d323be1b has been successfully formatted.
2019-09-12 11:30:38,859 [pool-49-thread-1] INFO  ratis.ContainerStateMachine (ContainerStateMachine.java:loadSnapshot(226)) - group-91D9D323BE1B: The snapshot info is null. Setting the last applied indexto:(t:0, i:~)
2019-09-12 11:30:38,859 [pool-49-thread-1] INFO  server.RaftServerConfigKeys (ConfUtils.java:logGet(43)) - raft.server.leader.election.timeout = 120s (custom)
2019-09-12 11:30:38,859 [pool-49-thread-1] INFO  server.RaftServerConfigKeys (ConfUtils.java:logGet(43)) - raft.server.log.use.memory = false (default)
2019-09-12 11:30:38,859 [pool-49-thread-1] INFO  server.RaftServerConfigKeys (ConfUtils.java:logGet(43)) - raft.server.log.purge.gap = 1000000 (custom)
2019-09-12 11:30:38,860 [pool-49-thread-1] INFO  server.RaftServerConfigKeys (ConfUtils.java:logGet(43)) - raft.server.log.appender.buffer.byte-limit = 33554432 (custom)
2019-09-12 11:30:38,860 [pool-49-thread-1] INFO  server.RaftServerConfigKeys (ConfUtils.java:logGet(43)) - raft.server.log.segment.size.max = 1048576 (custom)
2019-09-12 11:30:38,860 [pool-49-thread-1] INFO  server.RaftServerConfigKeys (ConfUtils.java:logGet(43)) - raft.server.log.segment.cache.num.max = 2 (custom)
2019-09-12 11:30:38,860 [pool-49-thread-1] INFO  segmented.SegmentedRaftLogWorker (SegmentedRaftLogWorker.java:<init>(172)) - new eff3a7ee-c843-4140-bba9-03f77ca50619-SegmentedRaftLogWorker:Storage Directory /workdir/hadoop-ozone/integration-test/target/test-dir/MiniOzoneClusterImpl-299c34b2-84c4-4da4-b63e-5faf1abba283/datanode-2/data/ratis/7e57c7ee-234a-42ee-9a50-91d9d323be1b for RaftStorage:Storage Directory /workdir/hadoop-ozone/integration-test/target/test-dir/MiniOzoneClusterImpl-299c34b2-84c4-4da4-b63e-5faf1abba283/datanode-2/data/ratis/7e57c7ee-234a-42ee-9a50-91d9d323be1b
2019-09-12 11:30:38,860 [pool-49-thread-1] INFO  server.RaftServerConfigKeys (ConfUtils.java:logGet(43)) - raft.server.log.queue.byte-limit = 2147483647 (custom)
2019-09-12 11:30:38,860 [pool-49-thread-1] INFO  server.RaftServerConfigKeys (ConfUtils.java:logGet(43)) - raft.server.log.queue.element-limit = 1024 (custom)
2019-09-12 11:30:38,860 [pool-49-thread-1] INFO  server.RaftServerConfigKeys (ConfUtils.java:logGet(43)) - raft.server.log.segment.size.max = 1048576 (custom)
2019-09-12 11:30:38,861 [pool-49-thread-1] INFO  server.RaftServerConfigKeys (ConfUtils.java:logGet(43)) - raft.server.log.preallocated.size = 16384 (custom)
2019-09-12 11:30:38,861 [pool-49-thread-1] INFO  server.RaftServerConfigKeys (ConfUtils.java:logGet(43)) - raft.server.log.write.buffer.size = 33554432 (custom)
2019-09-12 11:30:38,861 [pool-49-thread-1] INFO  server.RaftServerConfigKeys (ConfUtils.java:logGet(43)) - raft.server.log.force.sync.num = 128 (default)
2019-09-12 11:30:38,861 [pool-49-thread-1] INFO  server.RaftServerConfigKeys (ConfUtils.java:logGet(43)) - raft.server.log.statemachine.data.sync = true (default)
2019-09-12 11:30:38,861 [pool-49-thread-1] INFO  server.RaftServerConfigKeys (ConfUtils.java:logGet(43)) - raft.server.log.statemachine.data.sync.timeout = 10s (default)
2019-09-12 11:30:38,861 [pool-49-thread-1] INFO  server.RaftServerConfigKeys (ConfUtils.java:logGet(43)) - raft.server.log.statemachine.data.sync.timeout.retry = -1 (default)
2019-09-12 11:30:38,861 [pool-49-thread-1] INFO  server.RaftServerConfigKeys (ConfUtils.java:logGet(43)) - raft.server.log.statemachine.data.caching.enabled = true (custom)
2019-09-12 11:30:38,862 [pool-49-thread-1] INFO  segmented.SegmentedRaftLogWorker (SegmentedRaftLogWorker.java:lambda$new$0(132)) - eff3a7ee-c843-4140-bba9-03f77ca50619-SegmentedRaftLogWorker:Storage Directory /workdir/hadoop-ozone/integration-test/target/test-dir/MiniOzoneClusterImpl-299c34b2-84c4-4da4-b63e-5faf1abba283/datanode-2/data/ratis/7e57c7ee-234a-42ee-9a50-91d9d323be1b: flushIndex: setUnconditionally 0 -> -1
2019-09-12 11:30:38,862 [pool-49-thread-1] INFO  server.RaftServerConfigKeys (ConfUtils.java:logGet(43)) - raft.server.snapshot.auto.trigger.enabled = true (custom)
2019-09-12 11:30:38,862 [pool-49-thread-1] INFO  server.RaftServerConfigKeys (ConfUtils.java:logGet(43)) - raft.server.snapshot.auto.trigger.threshold = 10000 (custom)
2019-09-12 11:30:38,862 [pool-49-thread-1] INFO  server.RaftServerConfigKeys (ConfUtils.java:logGet(43)) - raft.server.retrycache.expirytime = 600000ms (custom)
2019-09-12 11:30:38,863 [pool-49-thread-1] INFO  impl.RaftServerImpl (RaftServerImpl.java:start(180)) - eff3a7ee-c843-4140-bba9-03f77ca50619: start group-91D9D323BE1B
2019-09-12 11:30:38,863 [pool-49-thread-1] INFO  impl.RaftServerImpl (RaftServerImpl.java:setRole(171)) - eff3a7ee-c843-4140-bba9-03f77ca50619:group-91D9D323BE1B changes role from null to FOLLOWER at term 0 for startAsFollower
2019-09-12 11:30:38,863 [pool-49-thread-1] INFO  impl.RoleInfo (RoleInfo.java:updateAndGet(143)) - eff3a7ee-c843-4140-bba9-03f77ca50619: start FollowerState
2019-09-12 11:30:38,863 [pool-49-thread-1] INFO  util.JmxRegister (JmxRegister.java:tryRegister(44)) - Successfully registered JMX Bean with object name Ratis:service=RaftServer,group=group-91D9D323BE1B,id=eff3a7ee-c843-4140-bba9-03f77ca50619
2019-09-12 11:30:38,883 [RatisPipelineUtilsThread] INFO  pipeline.PipelineStateManager (PipelineStateManager.java:addPipeline(56)) - Created pipeline Pipeline[ Id: 7e57c7ee-234a-42ee-9a50-91d9d323be1b, Nodes: eff3a7ee-c843-4140-bba9-03f77ca50619{ip: 192.168.36.114, host: pr-hdds-1569-58hkm-1881083799, networkLocation: /default-rack, certSerialId: null}, Type:RATIS, Factor:ONE, State:OPEN]
2019-09-12 11:30:38,904 [grpc-default-executor-0] INFO  impl.RaftServerProxy (RaftServerProxy.java:addNew(89)) - 041153b1-579d-462a-9927-680735a5d567: addNew group-49F659499F07:[041153b1-579d-462a-9927-680735a5d567:192.168.36.114:36051] returns group-49F659499F07:java.util.concurrent.CompletableFuture@ecb92ae[Not completed]
2019-09-12 11:30:38,910 [pool-60-thread-1] INFO  impl.RaftServerImpl (RaftServerImpl.java:<init>(93)) - 041153b1-579d-462a-9927-680735a5d567: new RaftServerImpl for group-49F659499F07:[041153b1-579d-462a-9927-680735a5d567:192.168.36.114:36051] with ContainerStateMachine:uninitialized
2019-09-12 11:30:38,910 [pool-60-thread-1] INFO  server.RaftServerConfigKeys (ConfUtils.java:logGet(43)) - raft.server.rpc.timeout.min = 5s (custom)
2019-09-12 11:30:38,910 [pool-60-thread-1] INFO  server.RaftServerConfigKeys (ConfUtils.java:logGet(43)) - raft.server.rpc.timeout.max = 5200ms (custom)
2019-09-12 11:30:38,910 [pool-60-thread-1] INFO  server.RaftServerConfigKeys (ConfUtils.java:logGet(43)) - raft.server.rpcslowness.timeout = 120s (custom)
2019-09-12 11:30:38,910 [pool-60-thread-1] INFO  server.RaftServerConfigKeys (ConfUtils.java:logGet(43)) - raft.server.sleep.deviation.threshold = 300 (default)
2019-09-12 11:30:38,910 [pool-60-thread-1] INFO  server.RaftServerConfigKeys (ConfUtils.java:logGet(43)) - raft.server.log.appender.install.snapshot.enabled = false (custom)
2019-09-12 11:30:38,910 [pool-60-thread-1] INFO  impl.RaftServerImpl (ServerState.java:<init>(105)) - 041153b1-579d-462a-9927-680735a5d567:group-49F659499F07 ConfigurationManager, init=-1: [041153b1-579d-462a-9927-680735a5d567:192.168.36.114:36051], old=null, confs=<EMPTY_MAP>
2019-09-12 11:30:38,911 [pool-60-thread-1] INFO  server.RaftServerConfigKeys (ConfUtils.java:logGet(43)) - raft.server.storage.dir = [/workdir/hadoop-ozone/integration-test/target/test-dir/MiniOzoneClusterImpl-299c34b2-84c4-4da4-b63e-5faf1abba283/datanode-3/data/ratis] (custom)
2019-09-12 11:30:38,911 [pool-60-thread-1] INFO  storage.RaftStorageDirectory (RaftStorageDirectory.java:analyzeStorage(246)) - The storage directory /workdir/hadoop-ozone/integration-test/target/test-dir/MiniOzoneClusterImpl-299c34b2-84c4-4da4-b63e-5faf1abba283/datanode-3/data/ratis/7627124d-701b-4e1f-954c-49f659499f07 does not exist. Creating ...
2019-09-12 11:30:38,936 [pool-60-thread-1] INFO  storage.RaftStorageDirectory (RaftStorageDirectory.java:tryLock(328)) - Lock on /workdir/hadoop-ozone/integration-test/target/test-dir/MiniOzoneClusterImpl-299c34b2-84c4-4da4-b63e-5faf1abba283/datanode-3/data/ratis/7627124d-701b-4e1f-954c-49f659499f07/in_use.lock acquired by nodename 16167@pr-hdds-1569-58hkm-1881083799
2019-09-12 11:30:38,949 [pool-60-thread-1] INFO  storage.RaftStorage (RaftStorage.java:format(72)) - Storage directory /workdir/hadoop-ozone/integration-test/target/test-dir/MiniOzoneClusterImpl-299c34b2-84c4-4da4-b63e-5faf1abba283/datanode-3/data/ratis/7627124d-701b-4e1f-954c-49f659499f07 has been successfully formatted.
2019-09-12 11:30:38,949 [pool-60-thread-1] INFO  ratis.ContainerStateMachine (ContainerStateMachine.java:loadSnapshot(226)) - group-49F659499F07: The snapshot info is null. Setting the last applied indexto:(t:0, i:~)
2019-09-12 11:30:38,949 [pool-60-thread-1] INFO  server.RaftServerConfigKeys (ConfUtils.java:logGet(43)) - raft.server.leader.election.timeout = 120s (custom)
2019-09-12 11:30:38,950 [pool-60-thread-1] INFO  server.RaftServerConfigKeys (ConfUtils.java:logGet(43)) - raft.server.log.use.memory = false (default)
2019-09-12 11:30:38,950 [pool-60-thread-1] INFO  server.RaftServerConfigKeys (ConfUtils.java:logGet(43)) - raft.server.log.purge.gap = 1000000 (custom)
2019-09-12 11:30:38,950 [pool-60-thread-1] INFO  server.RaftServerConfigKeys (ConfUtils.java:logGet(43)) - raft.server.log.appender.buffer.byte-limit = 33554432 (custom)
2019-09-12 11:30:38,950 [pool-60-thread-1] INFO  server.RaftServerConfigKeys (ConfUtils.java:logGet(43)) - raft.server.log.segment.size.max = 1048576 (custom)
2019-09-12 11:30:38,950 [pool-60-thread-1] INFO  server.RaftServerConfigKeys (ConfUtils.java:logGet(43)) - raft.server.log.segment.cache.num.max = 2 (custom)
2019-09-12 11:30:38,950 [pool-60-thread-1] INFO  segmented.SegmentedRaftLogWorker (SegmentedRaftLogWorker.java:<init>(172)) - new 041153b1-579d-462a-9927-680735a5d567-SegmentedRaftLogWorker:Storage Directory /workdir/hadoop-ozone/integration-test/target/test-dir/MiniOzoneClusterImpl-299c34b2-84c4-4da4-b63e-5faf1abba283/datanode-3/data/ratis/7627124d-701b-4e1f-954c-49f659499f07 for RaftStorage:Storage Directory /workdir/hadoop-ozone/integration-test/target/test-dir/MiniOzoneClusterImpl-299c34b2-84c4-4da4-b63e-5faf1abba283/datanode-3/data/ratis/7627124d-701b-4e1f-954c-49f659499f07
2019-09-12 11:30:38,951 [pool-60-thread-1] INFO  server.RaftServerConfigKeys (ConfUtils.java:logGet(43)) - raft.server.log.queue.byte-limit = 2147483647 (custom)
2019-09-12 11:30:38,951 [pool-60-thread-1] INFO  server.RaftServerConfigKeys (ConfUtils.java:logGet(43)) - raft.server.log.queue.element-limit = 1024 (custom)
2019-09-12 11:30:38,951 [pool-60-thread-1] INFO  server.RaftServerConfigKeys (ConfUtils.java:logGet(43)) - raft.server.log.segment.size.max = 1048576 (custom)
2019-09-12 11:30:38,951 [pool-60-thread-1] INFO  server.RaftServerConfigKeys (ConfUtils.java:logGet(43)) - raft.server.log.preallocated.size = 16384 (custom)
2019-09-12 11:30:38,951 [pool-60-thread-1] INFO  server.RaftServerConfigKeys (ConfUtils.java:logGet(43)) - raft.server.log.write.buffer.size = 33554432 (custom)
2019-09-12 11:30:38,951 [pool-60-thread-1] INFO  server.RaftServerConfigKeys (ConfUtils.java:logGet(43)) - raft.server.log.force.sync.num = 128 (default)
2019-09-12 11:30:38,951 [pool-60-thread-1] INFO  server.RaftServerConfigKeys (ConfUtils.java:logGet(43)) - raft.server.log.statemachine.data.sync = true (default)
2019-09-12 11:30:38,952 [pool-60-thread-1] INFO  server.RaftServerConfigKeys (ConfUtils.java:logGet(43)) - raft.server.log.statemachine.data.sync.timeout = 10s (default)
2019-09-12 11:30:38,952 [pool-60-thread-1] INFO  server.RaftServerConfigKeys (ConfUtils.java:logGet(43)) - raft.server.log.statemachine.data.sync.timeout.retry = -1 (default)
2019-09-12 11:30:38,952 [pool-60-thread-1] INFO  server.RaftServerConfigKeys (ConfUtils.java:logGet(43)) - raft.server.log.statemachine.data.caching.enabled = true (custom)
2019-09-12 11:30:38,952 [pool-60-thread-1] INFO  segmented.SegmentedRaftLogWorker (SegmentedRaftLogWorker.java:lambda$new$0(132)) - 041153b1-579d-462a-9927-680735a5d567-SegmentedRaftLogWorker:Storage Directory /workdir/hadoop-ozone/integration-test/target/test-dir/MiniOzoneClusterImpl-299c34b2-84c4-4da4-b63e-5faf1abba283/datanode-3/data/ratis/7627124d-701b-4e1f-954c-49f659499f07: flushIndex: setUnconditionally 0 -> -1
2019-09-12 11:30:38,953 [pool-60-thread-1] INFO  server.RaftServerConfigKeys (ConfUtils.java:logGet(43)) - raft.server.snapshot.auto.trigger.enabled = true (custom)
2019-09-12 11:30:38,953 [pool-60-thread-1] INFO  server.RaftServerConfigKeys (ConfUtils.java:logGet(43)) - raft.server.snapshot.auto.trigger.threshold = 10000 (custom)
2019-09-12 11:30:38,953 [pool-60-thread-1] INFO  server.RaftServerConfigKeys (ConfUtils.java:logGet(43)) - raft.server.retrycache.expirytime = 600000ms (custom)
2019-09-12 11:30:38,953 [pool-60-thread-1] INFO  impl.RaftServerImpl (RaftServerImpl.java:start(180)) - 041153b1-579d-462a-9927-680735a5d567: start group-49F659499F07
2019-09-12 11:30:38,953 [pool-60-thread-1] INFO  impl.RaftServerImpl (RaftServerImpl.java:setRole(171)) - 041153b1-579d-462a-9927-680735a5d567:group-49F659499F07 changes role from null to FOLLOWER at term 0 for startAsFollower
2019-09-12 11:30:38,953 [pool-60-thread-1] INFO  impl.RoleInfo (RoleInfo.java:updateAndGet(143)) - 041153b1-579d-462a-9927-680735a5d567: start FollowerState
2019-09-12 11:30:38,954 [pool-60-thread-1] INFO  util.JmxRegister (JmxRegister.java:tryRegister(44)) - Successfully registered JMX Bean with object name Ratis:service=RaftServer,group=group-49F659499F07,id=041153b1-579d-462a-9927-680735a5d567
2019-09-12 11:30:38,971 [RatisPipelineUtilsThread] INFO  pipeline.PipelineStateManager (PipelineStateManager.java:addPipeline(56)) - Created pipeline Pipeline[ Id: 7627124d-701b-4e1f-954c-49f659499f07, Nodes: 041153b1-579d-462a-9927-680735a5d567{ip: 192.168.36.114, host: pr-hdds-1569-58hkm-1881083799, networkLocation: /default-rack, certSerialId: null}, Type:RATIS, Factor:ONE, State:OPEN]
2019-09-12 11:30:38,991 [grpc-default-executor-0] INFO  impl.RaftServerProxy (RaftServerProxy.java:addNew(89)) - 953ad6b8-90f2-4ccf-a2c7-42d93886e77a: addNew group-0DED9A6C1402:[953ad6b8-90f2-4ccf-a2c7-42d93886e77a:192.168.36.114:39831] returns group-0DED9A6C1402:java.util.concurrent.CompletableFuture@2536d802[Not completed]
2019-09-12 11:30:38,994 [pool-38-thread-1] INFO  impl.RaftServerImpl (RaftServerImpl.java:<init>(93)) - 953ad6b8-90f2-4ccf-a2c7-42d93886e77a: new RaftServerImpl for group-0DED9A6C1402:[953ad6b8-90f2-4ccf-a2c7-42d93886e77a:192.168.36.114:39831] with ContainerStateMachine:uninitialized
2019-09-12 11:30:38,994 [pool-38-thread-1] INFO  server.RaftServerConfigKeys (ConfUtils.java:logGet(43)) - raft.server.rpc.timeout.min = 5s (custom)
2019-09-12 11:30:38,994 [pool-38-thread-1] INFO  server.RaftServerConfigKeys (ConfUtils.java:logGet(43)) - raft.server.rpc.timeout.max = 5200ms (custom)
2019-09-12 11:30:38,994 [pool-38-thread-1] INFO  server.RaftServerConfigKeys (ConfUtils.java:logGet(43)) - raft.server.rpcslowness.timeout = 120s (custom)
2019-09-12 11:30:38,994 [pool-38-thread-1] INFO  server.RaftServerConfigKeys (ConfUtils.java:logGet(43)) - raft.server.sleep.deviation.threshold = 300 (default)
2019-09-12 11:30:38,994 [pool-38-thread-1] INFO  server.RaftServerConfigKeys (ConfUtils.java:logGet(43)) - raft.server.log.appender.install.snapshot.enabled = false (custom)
2019-09-12 11:30:38,995 [pool-38-thread-1] INFO  impl.RaftServerImpl (ServerState.java:<init>(105)) - 953ad6b8-90f2-4ccf-a2c7-42d93886e77a:group-0DED9A6C1402 ConfigurationManager, init=-1: [953ad6b8-90f2-4ccf-a2c7-42d93886e77a:192.168.36.114:39831], old=null, confs=<EMPTY_MAP>
2019-09-12 11:30:38,995 [pool-38-thread-1] INFO  server.RaftServerConfigKeys (ConfUtils.java:logGet(43)) - raft.server.storage.dir = [/workdir/hadoop-ozone/integration-test/target/test-dir/MiniOzoneClusterImpl-299c34b2-84c4-4da4-b63e-5faf1abba283/datanode-1/data/ratis] (custom)
2019-09-12 11:30:38,995 [pool-38-thread-1] INFO  storage.RaftStorageDirectory (RaftStorageDirectory.java:analyzeStorage(246)) - The storage directory /workdir/hadoop-ozone/integration-test/target/test-dir/MiniOzoneClusterImpl-299c34b2-84c4-4da4-b63e-5faf1abba283/datanode-1/data/ratis/05d03c48-6a17-4995-b937-0ded9a6c1402 does not exist. Creating ...
2019-09-12 11:30:39,008 [pool-38-thread-1] INFO  storage.RaftStorageDirectory (RaftStorageDirectory.java:tryLock(328)) - Lock on /workdir/hadoop-ozone/integration-test/target/test-dir/MiniOzoneClusterImpl-299c34b2-84c4-4da4-b63e-5faf1abba283/datanode-1/data/ratis/05d03c48-6a17-4995-b937-0ded9a6c1402/in_use.lock acquired by nodename 16167@pr-hdds-1569-58hkm-1881083799
2019-09-12 11:30:39,013 [IPC Server handler 6 on 38567] INFO  net.NetworkTopology (NetworkTopologyImpl.java:add(110)) - Added a new node: /default-rack/08a21858-3fe1-4902-a000-628c438c5bdb
2019-09-12 11:30:39,013 [IPC Server handler 6 on 38567] INFO  node.SCMNodeManager (SCMNodeManager.java:register(273)) - Registered Data node : 08a21858-3fe1-4902-a000-628c438c5bdb{ip: 192.168.36.114, host: pr-hdds-1569-58hkm-1881083799, networkLocation: /default-rack, certSerialId: null}
2019-09-12 11:30:39,014 | INFO  | SCMAudit | user=jenkins1000 | ip=192.168.36.114 | op=REGISTER {datanodeDetails=08a21858-3fe1-4902-a000-628c438c5bdb{ip: 192.168.36.114, host: pr-hdds-1569-58hkm-1881083799, networkLocation: /default-rack, certSerialId: null}} | ret=SUCCESS |  
2019-09-12 11:30:39,021 [pool-38-thread-1] INFO  storage.RaftStorage (RaftStorage.java:format(72)) - Storage directory /workdir/hadoop-ozone/integration-test/target/test-dir/MiniOzoneClusterImpl-299c34b2-84c4-4da4-b63e-5faf1abba283/datanode-1/data/ratis/05d03c48-6a17-4995-b937-0ded9a6c1402 has been successfully formatted.
2019-09-12 11:30:39,021 [pool-38-thread-1] INFO  ratis.ContainerStateMachine (ContainerStateMachine.java:loadSnapshot(226)) - group-0DED9A6C1402: The snapshot info is null. Setting the last applied indexto:(t:0, i:~)
2019-09-12 11:30:39,021 [pool-38-thread-1] INFO  server.RaftServerConfigKeys (ConfUtils.java:logGet(43)) - raft.server.leader.election.timeout = 120s (custom)
2019-09-12 11:30:39,021 [pool-38-thread-1] INFO  server.RaftServerConfigKeys (ConfUtils.java:logGet(43)) - raft.server.log.use.memory = false (default)
2019-09-12 11:30:39,022 [pool-38-thread-1] INFO  server.RaftServerConfigKeys (ConfUtils.java:logGet(43)) - raft.server.log.purge.gap = 1000000 (custom)
2019-09-12 11:30:39,022 [pool-38-thread-1] INFO  server.RaftServerConfigKeys (ConfUtils.java:logGet(43)) - raft.server.log.appender.buffer.byte-limit = 33554432 (custom)
2019-09-12 11:30:39,022 [pool-38-thread-1] INFO  server.RaftServerConfigKeys (ConfUtils.java:logGet(43)) - raft.server.log.segment.size.max = 1048576 (custom)
2019-09-12 11:30:39,022 [pool-38-thread-1] INFO  server.RaftServerConfigKeys (ConfUtils.java:logGet(43)) - raft.server.log.segment.cache.num.max = 2 (custom)
2019-09-12 11:30:39,022 [pool-38-thread-1] INFO  segmented.SegmentedRaftLogWorker (SegmentedRaftLogWorker.java:<init>(172)) - new 953ad6b8-90f2-4ccf-a2c7-42d93886e77a-SegmentedRaftLogWorker:Storage Directory /workdir/hadoop-ozone/integration-test/target/test-dir/MiniOzoneClusterImpl-299c34b2-84c4-4da4-b63e-5faf1abba283/datanode-1/data/ratis/05d03c48-6a17-4995-b937-0ded9a6c1402 for RaftStorage:Storage Directory /workdir/hadoop-ozone/integration-test/target/test-dir/MiniOzoneClusterImpl-299c34b2-84c4-4da4-b63e-5faf1abba283/datanode-1/data/ratis/05d03c48-6a17-4995-b937-0ded9a6c1402
2019-09-12 11:30:39,022 [pool-38-thread-1] INFO  server.RaftServerConfigKeys (ConfUtils.java:logGet(43)) - raft.server.log.queue.byte-limit = 2147483647 (custom)
2019-09-12 11:30:39,023 [pool-38-thread-1] INFO  server.RaftServerConfigKeys (ConfUtils.java:logGet(43)) - raft.server.log.queue.element-limit = 1024 (custom)
2019-09-12 11:30:39,023 [pool-38-thread-1] INFO  server.RaftServerConfigKeys (ConfUtils.java:logGet(43)) - raft.server.log.segment.size.max = 1048576 (custom)
2019-09-12 11:30:39,023 [pool-38-thread-1] INFO  server.RaftServerConfigKeys (ConfUtils.java:logGet(43)) - raft.server.log.preallocated.size = 16384 (custom)
2019-09-12 11:30:39,023 [pool-38-thread-1] INFO  server.RaftServerConfigKeys (ConfUtils.java:logGet(43)) - raft.server.log.write.buffer.size = 33554432 (custom)
2019-09-12 11:30:39,023 [pool-38-thread-1] INFO  server.RaftServerConfigKeys (ConfUtils.java:logGet(43)) - raft.server.log.force.sync.num = 128 (default)
2019-09-12 11:30:39,023 [pool-38-thread-1] INFO  server.RaftServerConfigKeys (ConfUtils.java:logGet(43)) - raft.server.log.statemachine.data.sync = true (default)
2019-09-12 11:30:39,023 [pool-38-thread-1] INFO  server.RaftServerConfigKeys (ConfUtils.java:logGet(43)) - raft.server.log.statemachine.data.sync.timeout = 10s (default)
2019-09-12 11:30:39,024 [pool-38-thread-1] INFO  server.RaftServerConfigKeys (ConfUtils.java:logGet(43)) - raft.server.log.statemachine.data.sync.timeout.retry = -1 (default)
2019-09-12 11:30:39,024 [pool-38-thread-1] INFO  server.RaftServerConfigKeys (ConfUtils.java:logGet(43)) - raft.server.log.statemachine.data.caching.enabled = true (custom)
2019-09-12 11:30:39,024 [pool-38-thread-1] INFO  segmented.SegmentedRaftLogWorker (SegmentedRaftLogWorker.java:lambda$new$0(132)) - 953ad6b8-90f2-4ccf-a2c7-42d93886e77a-SegmentedRaftLogWorker:Storage Directory /workdir/hadoop-ozone/integration-test/target/test-dir/MiniOzoneClusterImpl-299c34b2-84c4-4da4-b63e-5faf1abba283/datanode-1/data/ratis/05d03c48-6a17-4995-b937-0ded9a6c1402: flushIndex: setUnconditionally 0 -> -1
2019-09-12 11:30:39,024 [pool-38-thread-1] INFO  server.RaftServerConfigKeys (ConfUtils.java:logGet(43)) - raft.server.snapshot.auto.trigger.enabled = true (custom)
2019-09-12 11:30:39,025 [pool-38-thread-1] INFO  server.RaftServerConfigKeys (ConfUtils.java:logGet(43)) - raft.server.snapshot.auto.trigger.threshold = 10000 (custom)
2019-09-12 11:30:39,025 [pool-38-thread-1] INFO  server.RaftServerConfigKeys (ConfUtils.java:logGet(43)) - raft.server.retrycache.expirytime = 600000ms (custom)
2019-09-12 11:30:39,025 [pool-38-thread-1] INFO  impl.RaftServerImpl (RaftServerImpl.java:start(180)) - 953ad6b8-90f2-4ccf-a2c7-42d93886e77a: start group-0DED9A6C1402
2019-09-12 11:30:39,025 [pool-38-thread-1] INFO  impl.RaftServerImpl (RaftServerImpl.java:setRole(171)) - 953ad6b8-90f2-4ccf-a2c7-42d93886e77a:group-0DED9A6C1402 changes role from null to FOLLOWER at term 0 for startAsFollower
2019-09-12 11:30:39,025 [pool-38-thread-1] INFO  impl.RoleInfo (RoleInfo.java:updateAndGet(143)) - 953ad6b8-90f2-4ccf-a2c7-42d93886e77a: start FollowerState
2019-09-12 11:30:39,026 [pool-38-thread-1] INFO  util.JmxRegister (JmxRegister.java:tryRegister(44)) - Successfully registered JMX Bean with object name Ratis:service=RaftServer,group=group-0DED9A6C1402,id=953ad6b8-90f2-4ccf-a2c7-42d93886e77a
2019-09-12 11:30:39,042 [RatisPipelineUtilsThread] INFO  pipeline.PipelineStateManager (PipelineStateManager.java:addPipeline(56)) - Created pipeline Pipeline[ Id: 05d03c48-6a17-4995-b937-0ded9a6c1402, Nodes: 953ad6b8-90f2-4ccf-a2c7-42d93886e77a{ip: 192.168.36.114, host: pr-hdds-1569-58hkm-1881083799, networkLocation: /default-rack, certSerialId: null}, Type:RATIS, Factor:ONE, State:OPEN]
2019-09-12 11:30:39,062 [grpc-default-executor-0] INFO  impl.RaftServerProxy (RaftServerProxy.java:addNew(89)) - 6cc98a42-1a7b-4e12-8153-9cd82e3a5d9f: addNew group-430358023043:[6cc98a42-1a7b-4e12-8153-9cd82e3a5d9f:192.168.36.114:43339] returns group-430358023043:java.util.concurrent.CompletableFuture@622e970e[Not completed]
2019-09-12 11:30:39,064 [pool-27-thread-1] INFO  impl.RaftServerImpl (RaftServerImpl.java:<init>(93)) - 6cc98a42-1a7b-4e12-8153-9cd82e3a5d9f: new RaftServerImpl for group-430358023043:[6cc98a42-1a7b-4e12-8153-9cd82e3a5d9f:192.168.36.114:43339] with ContainerStateMachine:uninitialized
2019-09-12 11:30:39,064 [pool-27-thread-1] INFO  server.RaftServerConfigKeys (ConfUtils.java:logGet(43)) - raft.server.rpc.timeout.min = 5s (custom)
2019-09-12 11:30:39,064 [pool-27-thread-1] INFO  server.RaftServerConfigKeys (ConfUtils.java:logGet(43)) - raft.server.rpc.timeout.max = 5200ms (custom)
2019-09-12 11:30:39,065 [pool-27-thread-1] INFO  server.RaftServerConfigKeys (ConfUtils.java:logGet(43)) - raft.server.rpcslowness.timeout = 120s (custom)
2019-09-12 11:30:39,065 [pool-27-thread-1] INFO  server.RaftServerConfigKeys (ConfUtils.java:logGet(43)) - raft.server.sleep.deviation.threshold = 300 (default)
2019-09-12 11:30:39,065 [pool-27-thread-1] INFO  server.RaftServerConfigKeys (ConfUtils.java:logGet(43)) - raft.server.log.appender.install.snapshot.enabled = false (custom)
2019-09-12 11:30:39,065 [pool-27-thread-1] INFO  impl.RaftServerImpl (ServerState.java:<init>(105)) - 6cc98a42-1a7b-4e12-8153-9cd82e3a5d9f:group-430358023043 ConfigurationManager, init=-1: [6cc98a42-1a7b-4e12-8153-9cd82e3a5d9f:192.168.36.114:43339], old=null, confs=<EMPTY_MAP>
2019-09-12 11:30:39,065 [pool-27-thread-1] INFO  server.RaftServerConfigKeys (ConfUtils.java:logGet(43)) - raft.server.storage.dir = [/workdir/hadoop-ozone/integration-test/target/test-dir/MiniOzoneClusterImpl-299c34b2-84c4-4da4-b63e-5faf1abba283/datanode-0/data/ratis] (custom)
2019-09-12 11:30:39,066 [pool-27-thread-1] INFO  storage.RaftStorageDirectory (RaftStorageDirectory.java:analyzeStorage(246)) - The storage directory /workdir/hadoop-ozone/integration-test/target/test-dir/MiniOzoneClusterImpl-299c34b2-84c4-4da4-b63e-5faf1abba283/datanode-0/data/ratis/71877d14-17b7-4172-8d6d-430358023043 does not exist. Creating ...
2019-09-12 11:30:39,079 [pool-27-thread-1] INFO  storage.RaftStorageDirectory (RaftStorageDirectory.java:tryLock(328)) - Lock on /workdir/hadoop-ozone/integration-test/target/test-dir/MiniOzoneClusterImpl-299c34b2-84c4-4da4-b63e-5faf1abba283/datanode-0/data/ratis/71877d14-17b7-4172-8d6d-430358023043/in_use.lock acquired by nodename 16167@pr-hdds-1569-58hkm-1881083799
2019-09-12 11:30:39,096 [pool-27-thread-1] INFO  storage.RaftStorage (RaftStorage.java:format(72)) - Storage directory /workdir/hadoop-ozone/integration-test/target/test-dir/MiniOzoneClusterImpl-299c34b2-84c4-4da4-b63e-5faf1abba283/datanode-0/data/ratis/71877d14-17b7-4172-8d6d-430358023043 has been successfully formatted.
2019-09-12 11:30:39,104 [pool-27-thread-1] INFO  ratis.ContainerStateMachine (ContainerStateMachine.java:loadSnapshot(226)) - group-430358023043: The snapshot info is null. Setting the last applied indexto:(t:0, i:~)
2019-09-12 11:30:39,104 [pool-27-thread-1] INFO  server.RaftServerConfigKeys (ConfUtils.java:logGet(43)) - raft.server.leader.election.timeout = 120s (custom)
2019-09-12 11:30:39,104 [pool-27-thread-1] INFO  server.RaftServerConfigKeys (ConfUtils.java:logGet(43)) - raft.server.log.use.memory = false (default)
2019-09-12 11:30:39,104 [pool-27-thread-1] INFO  server.RaftServerConfigKeys (ConfUtils.java:logGet(43)) - raft.server.log.purge.gap = 1000000 (custom)
2019-09-12 11:30:39,104 [pool-27-thread-1] INFO  server.RaftServerConfigKeys (ConfUtils.java:logGet(43)) - raft.server.log.appender.buffer.byte-limit = 33554432 (custom)
2019-09-12 11:30:39,105 [pool-27-thread-1] INFO  server.RaftServerConfigKeys (ConfUtils.java:logGet(43)) - raft.server.log.segment.size.max = 1048576 (custom)
2019-09-12 11:30:39,105 [pool-27-thread-1] INFO  server.RaftServerConfigKeys (ConfUtils.java:logGet(43)) - raft.server.log.segment.cache.num.max = 2 (custom)
2019-09-12 11:30:39,105 [pool-27-thread-1] INFO  segmented.SegmentedRaftLogWorker (SegmentedRaftLogWorker.java:<init>(172)) - new 6cc98a42-1a7b-4e12-8153-9cd82e3a5d9f-SegmentedRaftLogWorker:Storage Directory /workdir/hadoop-ozone/integration-test/target/test-dir/MiniOzoneClusterImpl-299c34b2-84c4-4da4-b63e-5faf1abba283/datanode-0/data/ratis/71877d14-17b7-4172-8d6d-430358023043 for RaftStorage:Storage Directory /workdir/hadoop-ozone/integration-test/target/test-dir/MiniOzoneClusterImpl-299c34b2-84c4-4da4-b63e-5faf1abba283/datanode-0/data/ratis/71877d14-17b7-4172-8d6d-430358023043
2019-09-12 11:30:39,105 [pool-27-thread-1] INFO  server.RaftServerConfigKeys (ConfUtils.java:logGet(43)) - raft.server.log.queue.byte-limit = 2147483647 (custom)
2019-09-12 11:30:39,105 [pool-27-thread-1] INFO  server.RaftServerConfigKeys (ConfUtils.java:logGet(43)) - raft.server.log.queue.element-limit = 1024 (custom)
2019-09-12 11:30:39,105 [pool-27-thread-1] INFO  server.RaftServerConfigKeys (ConfUtils.java:logGet(43)) - raft.server.log.segment.size.max = 1048576 (custom)
2019-09-12 11:30:39,105 [pool-27-thread-1] INFO  server.RaftServerConfigKeys (ConfUtils.java:logGet(43)) - raft.server.log.preallocated.size = 16384 (custom)
2019-09-12 11:30:39,106 [pool-27-thread-1] INFO  server.RaftServerConfigKeys (ConfUtils.java:logGet(43)) - raft.server.log.write.buffer.size = 33554432 (custom)
2019-09-12 11:30:39,106 [pool-27-thread-1] INFO  server.RaftServerConfigKeys (ConfUtils.java:logGet(43)) - raft.server.log.force.sync.num = 128 (default)
2019-09-12 11:30:39,106 [pool-27-thread-1] INFO  server.RaftServerConfigKeys (ConfUtils.java:logGet(43)) - raft.server.log.statemachine.data.sync = true (default)
2019-09-12 11:30:39,106 [pool-27-thread-1] INFO  server.RaftServerConfigKeys (ConfUtils.java:logGet(43)) - raft.server.log.statemachine.data.sync.timeout = 10s (default)
2019-09-12 11:30:39,106 [pool-27-thread-1] INFO  server.RaftServerConfigKeys (ConfUtils.java:logGet(43)) - raft.server.log.statemachine.data.sync.timeout.retry = -1 (default)
2019-09-12 11:30:39,106 [pool-27-thread-1] INFO  server.RaftServerConfigKeys (ConfUtils.java:logGet(43)) - raft.server.log.statemachine.data.caching.enabled = true (custom)
2019-09-12 11:30:39,107 [pool-27-thread-1] INFO  segmented.SegmentedRaftLogWorker (SegmentedRaftLogWorker.java:lambda$new$0(132)) - 6cc98a42-1a7b-4e12-8153-9cd82e3a5d9f-SegmentedRaftLogWorker:Storage Directory /workdir/hadoop-ozone/integration-test/target/test-dir/MiniOzoneClusterImpl-299c34b2-84c4-4da4-b63e-5faf1abba283/datanode-0/data/ratis/71877d14-17b7-4172-8d6d-430358023043: flushIndex: setUnconditionally 0 -> -1
2019-09-12 11:30:39,107 [pool-27-thread-1] INFO  server.RaftServerConfigKeys (ConfUtils.java:logGet(43)) - raft.server.snapshot.auto.trigger.enabled = true (custom)
2019-09-12 11:30:39,107 [pool-27-thread-1] INFO  server.RaftServerConfigKeys (ConfUtils.java:logGet(43)) - raft.server.snapshot.auto.trigger.threshold = 10000 (custom)
2019-09-12 11:30:39,107 [pool-27-thread-1] INFO  server.RaftServerConfigKeys (ConfUtils.java:logGet(43)) - raft.server.retrycache.expirytime = 600000ms (custom)
2019-09-12 11:30:39,107 [pool-27-thread-1] INFO  impl.RaftServerImpl (RaftServerImpl.java:start(180)) - 6cc98a42-1a7b-4e12-8153-9cd82e3a5d9f: start group-430358023043
2019-09-12 11:30:39,108 [pool-27-thread-1] INFO  impl.RaftServerImpl (RaftServerImpl.java:setRole(171)) - 6cc98a42-1a7b-4e12-8153-9cd82e3a5d9f:group-430358023043 changes role from null to FOLLOWER at term 0 for startAsFollower
2019-09-12 11:30:39,108 [pool-27-thread-1] INFO  impl.RoleInfo (RoleInfo.java:updateAndGet(143)) - 6cc98a42-1a7b-4e12-8153-9cd82e3a5d9f: start FollowerState
2019-09-12 11:30:39,108 [pool-27-thread-1] INFO  util.JmxRegister (JmxRegister.java:tryRegister(44)) - Successfully registered JMX Bean with object name Ratis:service=RaftServer,group=group-430358023043,id=6cc98a42-1a7b-4e12-8153-9cd82e3a5d9f
2019-09-12 11:30:39,112 | INFO  | SCMAudit | user=jenkins1000 | ip=192.168.36.114 | op=SEND_HEARTBEAT {datanodeUUID=6cc98a42-1a7b-4e12-8153-9cd82e3a5d9f, command=[]} | ret=SUCCESS |  
2019-09-12 11:30:39,127 [RatisPipelineUtilsThread] INFO  pipeline.PipelineStateManager (PipelineStateManager.java:addPipeline(56)) - Created pipeline Pipeline[ Id: 71877d14-17b7-4172-8d6d-430358023043, Nodes: 6cc98a42-1a7b-4e12-8153-9cd82e3a5d9f{ip: 192.168.36.114, host: pr-hdds-1569-58hkm-1881083799, networkLocation: /default-rack, certSerialId: null}, Type:RATIS, Factor:ONE, State:OPEN]
2019-09-12 11:30:39,143 [grpc-default-executor-0] INFO  impl.RaftServerProxy (RaftServerProxy.java:addNew(89)) - 953ad6b8-90f2-4ccf-a2c7-42d93886e77a: addNew group-FABC1B9B7BDF:[953ad6b8-90f2-4ccf-a2c7-42d93886e77a:192.168.36.114:39831] returns group-FABC1B9B7BDF:java.util.concurrent.CompletableFuture@25fb2d83[Not completed]
2019-09-12 11:30:39,145 [pool-38-thread-1] INFO  impl.RaftServerImpl (RaftServerImpl.java:<init>(93)) - 953ad6b8-90f2-4ccf-a2c7-42d93886e77a: new RaftServerImpl for group-FABC1B9B7BDF:[953ad6b8-90f2-4ccf-a2c7-42d93886e77a:192.168.36.114:39831] with ContainerStateMachine:uninitialized
2019-09-12 11:30:39,145 [pool-38-thread-1] INFO  server.RaftServerConfigKeys (ConfUtils.java:logGet(43)) - raft.server.rpc.timeout.min = 5s (custom)
2019-09-12 11:30:39,145 [pool-38-thread-1] INFO  server.RaftServerConfigKeys (ConfUtils.java:logGet(43)) - raft.server.rpc.timeout.max = 5200ms (custom)
2019-09-12 11:30:39,145 [pool-38-thread-1] INFO  server.RaftServerConfigKeys (ConfUtils.java:logGet(43)) - raft.server.rpcslowness.timeout = 120s (custom)
2019-09-12 11:30:39,145 [pool-38-thread-1] INFO  server.RaftServerConfigKeys (ConfUtils.java:logGet(43)) - raft.server.sleep.deviation.threshold = 300 (default)
2019-09-12 11:30:39,146 [pool-38-thread-1] INFO  server.RaftServerConfigKeys (ConfUtils.java:logGet(43)) - raft.server.log.appender.install.snapshot.enabled = false (custom)
2019-09-12 11:30:39,146 [pool-38-thread-1] INFO  impl.RaftServerImpl (ServerState.java:<init>(105)) - 953ad6b8-90f2-4ccf-a2c7-42d93886e77a:group-FABC1B9B7BDF ConfigurationManager, init=-1: [953ad6b8-90f2-4ccf-a2c7-42d93886e77a:192.168.36.114:39831], old=null, confs=<EMPTY_MAP>
2019-09-12 11:30:39,146 [pool-38-thread-1] INFO  server.RaftServerConfigKeys (ConfUtils.java:logGet(43)) - raft.server.storage.dir = [/workdir/hadoop-ozone/integration-test/target/test-dir/MiniOzoneClusterImpl-299c34b2-84c4-4da4-b63e-5faf1abba283/datanode-1/data/ratis] (custom)
2019-09-12 11:30:39,146 [pool-38-thread-1] INFO  storage.RaftStorageDirectory (RaftStorageDirectory.java:analyzeStorage(246)) - The storage directory /workdir/hadoop-ozone/integration-test/target/test-dir/MiniOzoneClusterImpl-299c34b2-84c4-4da4-b63e-5faf1abba283/datanode-1/data/ratis/0ccb1230-5cde-48b2-a59b-fabc1b9b7bdf does not exist. Creating ...
2019-09-12 11:30:39,158 [pool-38-thread-1] INFO  storage.RaftStorageDirectory (RaftStorageDirectory.java:tryLock(328)) - Lock on /workdir/hadoop-ozone/integration-test/target/test-dir/MiniOzoneClusterImpl-299c34b2-84c4-4da4-b63e-5faf1abba283/datanode-1/data/ratis/0ccb1230-5cde-48b2-a59b-fabc1b9b7bdf/in_use.lock acquired by nodename 16167@pr-hdds-1569-58hkm-1881083799
2019-09-12 11:30:39,179 [pool-38-thread-1] INFO  storage.RaftStorage (RaftStorage.java:format(72)) - Storage directory /workdir/hadoop-ozone/integration-test/target/test-dir/MiniOzoneClusterImpl-299c34b2-84c4-4da4-b63e-5faf1abba283/datanode-1/data/ratis/0ccb1230-5cde-48b2-a59b-fabc1b9b7bdf has been successfully formatted.
2019-09-12 11:30:39,179 [pool-38-thread-1] INFO  ratis.ContainerStateMachine (ContainerStateMachine.java:loadSnapshot(226)) - group-FABC1B9B7BDF: The snapshot info is null. Setting the last applied indexto:(t:0, i:~)
2019-09-12 11:30:39,179 [pool-38-thread-1] INFO  server.RaftServerConfigKeys (ConfUtils.java:logGet(43)) - raft.server.leader.election.timeout = 120s (custom)
2019-09-12 11:30:39,180 [pool-38-thread-1] INFO  server.RaftServerConfigKeys (ConfUtils.java:logGet(43)) - raft.server.log.use.memory = false (default)
2019-09-12 11:30:39,180 [pool-38-thread-1] INFO  server.RaftServerConfigKeys (ConfUtils.java:logGet(43)) - raft.server.log.purge.gap = 1000000 (custom)
2019-09-12 11:30:39,180 [pool-38-thread-1] INFO  server.RaftServerConfigKeys (ConfUtils.java:logGet(43)) - raft.server.log.appender.buffer.byte-limit = 33554432 (custom)
2019-09-12 11:30:39,180 [pool-38-thread-1] INFO  server.RaftServerConfigKeys (ConfUtils.java:logGet(43)) - raft.server.log.segment.size.max = 1048576 (custom)
2019-09-12 11:30:39,180 [pool-38-thread-1] INFO  server.RaftServerConfigKeys (ConfUtils.java:logGet(43)) - raft.server.log.segment.cache.num.max = 2 (custom)
2019-09-12 11:30:39,180 [pool-38-thread-1] INFO  segmented.SegmentedRaftLogWorker (SegmentedRaftLogWorker.java:<init>(172)) - new 953ad6b8-90f2-4ccf-a2c7-42d93886e77a-SegmentedRaftLogWorker:Storage Directory /workdir/hadoop-ozone/integration-test/target/test-dir/MiniOzoneClusterImpl-299c34b2-84c4-4da4-b63e-5faf1abba283/datanode-1/data/ratis/0ccb1230-5cde-48b2-a59b-fabc1b9b7bdf for RaftStorage:Storage Directory /workdir/hadoop-ozone/integration-test/target/test-dir/MiniOzoneClusterImpl-299c34b2-84c4-4da4-b63e-5faf1abba283/datanode-1/data/ratis/0ccb1230-5cde-48b2-a59b-fabc1b9b7bdf
2019-09-12 11:30:39,180 [pool-38-thread-1] INFO  server.RaftServerConfigKeys (ConfUtils.java:logGet(43)) - raft.server.log.queue.byte-limit = 2147483647 (custom)
2019-09-12 11:30:39,180 [pool-38-thread-1] INFO  server.RaftServerConfigKeys (ConfUtils.java:logGet(43)) - raft.server.log.queue.element-limit = 1024 (custom)
2019-09-12 11:30:39,181 [pool-38-thread-1] INFO  server.RaftServerConfigKeys (ConfUtils.java:logGet(43)) - raft.server.log.segment.size.max = 1048576 (custom)
2019-09-12 11:30:39,181 [pool-38-thread-1] INFO  server.RaftServerConfigKeys (ConfUtils.java:logGet(43)) - raft.server.log.preallocated.size = 16384 (custom)
2019-09-12 11:30:39,181 [pool-38-thread-1] INFO  server.RaftServerConfigKeys (ConfUtils.java:logGet(43)) - raft.server.log.write.buffer.size = 33554432 (custom)
2019-09-12 11:30:39,181 [pool-38-thread-1] INFO  server.RaftServerConfigKeys (ConfUtils.java:logGet(43)) - raft.server.log.force.sync.num = 128 (default)
2019-09-12 11:30:39,181 [pool-38-thread-1] INFO  server.RaftServerConfigKeys (ConfUtils.java:logGet(43)) - raft.server.log.statemachine.data.sync = true (default)
2019-09-12 11:30:39,181 [pool-38-thread-1] INFO  server.RaftServerConfigKeys (ConfUtils.java:logGet(43)) - raft.server.log.statemachine.data.sync.timeout = 10s (default)
2019-09-12 11:30:39,181 [pool-38-thread-1] INFO  server.RaftServerConfigKeys (ConfUtils.java:logGet(43)) - raft.server.log.statemachine.data.sync.timeout.retry = -1 (default)
2019-09-12 11:30:39,181 [pool-38-thread-1] INFO  server.RaftServerConfigKeys (ConfUtils.java:logGet(43)) - raft.server.log.statemachine.data.caching.enabled = true (custom)
2019-09-12 11:30:39,182 [pool-38-thread-1] INFO  segmented.SegmentedRaftLogWorker (SegmentedRaftLogWorker.java:lambda$new$0(132)) - 953ad6b8-90f2-4ccf-a2c7-42d93886e77a-SegmentedRaftLogWorker:Storage Directory /workdir/hadoop-ozone/integration-test/target/test-dir/MiniOzoneClusterImpl-299c34b2-84c4-4da4-b63e-5faf1abba283/datanode-1/data/ratis/0ccb1230-5cde-48b2-a59b-fabc1b9b7bdf: flushIndex: setUnconditionally 0 -> -1
2019-09-12 11:30:39,182 [pool-38-thread-1] INFO  server.RaftServerConfigKeys (ConfUtils.java:logGet(43)) - raft.server.snapshot.auto.trigger.enabled = true (custom)
2019-09-12 11:30:39,182 [pool-38-thread-1] INFO  server.RaftServerConfigKeys (ConfUtils.java:logGet(43)) - raft.server.snapshot.auto.trigger.threshold = 10000 (custom)
2019-09-12 11:30:39,182 [pool-38-thread-1] INFO  server.RaftServerConfigKeys (ConfUtils.java:logGet(43)) - raft.server.retrycache.expirytime = 600000ms (custom)
2019-09-12 11:30:39,182 [pool-38-thread-1] INFO  impl.RaftServerImpl (RaftServerImpl.java:start(180)) - 953ad6b8-90f2-4ccf-a2c7-42d93886e77a: start group-FABC1B9B7BDF
2019-09-12 11:30:39,183 [pool-38-thread-1] INFO  impl.RaftServerImpl (RaftServerImpl.java:setRole(171)) - 953ad6b8-90f2-4ccf-a2c7-42d93886e77a:group-FABC1B9B7BDF changes role from null to FOLLOWER at term 0 for startAsFollower
2019-09-12 11:30:39,183 [pool-38-thread-1] INFO  impl.RoleInfo (RoleInfo.java:updateAndGet(143)) - 953ad6b8-90f2-4ccf-a2c7-42d93886e77a: start FollowerState
2019-09-12 11:30:39,183 [pool-38-thread-1] INFO  util.JmxRegister (JmxRegister.java:tryRegister(44)) - Successfully registered JMX Bean with object name Ratis:service=RaftServer,group=group-FABC1B9B7BDF,id=953ad6b8-90f2-4ccf-a2c7-42d93886e77a
2019-09-12 11:30:39,200 [RatisPipelineUtilsThread] INFO  pipeline.PipelineStateManager (PipelineStateManager.java:addPipeline(56)) - Created pipeline Pipeline[ Id: 0ccb1230-5cde-48b2-a59b-fabc1b9b7bdf, Nodes: 953ad6b8-90f2-4ccf-a2c7-42d93886e77a{ip: 192.168.36.114, host: pr-hdds-1569-58hkm-1881083799, networkLocation: /default-rack, certSerialId: null}, Type:RATIS, Factor:ONE, State:OPEN]
2019-09-12 11:30:39,220 [grpc-default-executor-0] INFO  impl.RaftServerProxy (RaftServerProxy.java:addNew(89)) - 041153b1-579d-462a-9927-680735a5d567: addNew group-CF3F465FE3A4:[041153b1-579d-462a-9927-680735a5d567:192.168.36.114:36051] returns group-CF3F465FE3A4:java.util.concurrent.CompletableFuture@12120d1c[Not completed]
2019-09-12 11:30:39,222 [pool-60-thread-1] INFO  impl.RaftServerImpl (RaftServerImpl.java:<init>(93)) - 041153b1-579d-462a-9927-680735a5d567: new RaftServerImpl for group-CF3F465FE3A4:[041153b1-579d-462a-9927-680735a5d567:192.168.36.114:36051] with ContainerStateMachine:uninitialized
2019-09-12 11:30:39,222 [pool-60-thread-1] INFO  server.RaftServerConfigKeys (ConfUtils.java:logGet(43)) - raft.server.rpc.timeout.min = 5s (custom)
2019-09-12 11:30:39,223 [pool-60-thread-1] INFO  server.RaftServerConfigKeys (ConfUtils.java:logGet(43)) - raft.server.rpc.timeout.max = 5200ms (custom)
2019-09-12 11:30:39,223 [pool-60-thread-1] INFO  server.RaftServerConfigKeys (ConfUtils.java:logGet(43)) - raft.server.rpcslowness.timeout = 120s (custom)
2019-09-12 11:30:39,223 [pool-60-thread-1] INFO  server.RaftServerConfigKeys (ConfUtils.java:logGet(43)) - raft.server.sleep.deviation.threshold = 300 (default)
2019-09-12 11:30:39,223 [pool-60-thread-1] INFO  server.RaftServerConfigKeys (ConfUtils.java:logGet(43)) - raft.server.log.appender.install.snapshot.enabled = false (custom)
2019-09-12 11:30:39,223 [pool-60-thread-1] INFO  impl.RaftServerImpl (ServerState.java:<init>(105)) - 041153b1-579d-462a-9927-680735a5d567:group-CF3F465FE3A4 ConfigurationManager, init=-1: [041153b1-579d-462a-9927-680735a5d567:192.168.36.114:36051], old=null, confs=<EMPTY_MAP>
2019-09-12 11:30:39,223 [pool-60-thread-1] INFO  server.RaftServerConfigKeys (ConfUtils.java:logGet(43)) - raft.server.storage.dir = [/workdir/hadoop-ozone/integration-test/target/test-dir/MiniOzoneClusterImpl-299c34b2-84c4-4da4-b63e-5faf1abba283/datanode-3/data/ratis] (custom)
2019-09-12 11:30:39,224 [pool-60-thread-1] INFO  storage.RaftStorageDirectory (RaftStorageDirectory.java:analyzeStorage(246)) - The storage directory /workdir/hadoop-ozone/integration-test/target/test-dir/MiniOzoneClusterImpl-299c34b2-84c4-4da4-b63e-5faf1abba283/datanode-3/data/ratis/e887ad4d-3802-4321-95c7-cf3f465fe3a4 does not exist. Creating ...
2019-09-12 11:30:39,232 [IPC Server handler 10 on 38567] INFO  net.NetworkTopology (NetworkTopologyImpl.java:add(110)) - Added a new node: /default-rack/b0998cbd-0da9-45e0-86de-67ec8cdedc86
2019-09-12 11:30:39,232 [IPC Server handler 10 on 38567] INFO  node.SCMNodeManager (SCMNodeManager.java:register(273)) - Registered Data node : b0998cbd-0da9-45e0-86de-67ec8cdedc86{ip: 192.168.36.114, host: pr-hdds-1569-58hkm-1881083799, networkLocation: /default-rack, certSerialId: null}
2019-09-12 11:30:39,232 | INFO  | SCMAudit | user=jenkins1000 | ip=192.168.36.114 | op=REGISTER {datanodeDetails=b0998cbd-0da9-45e0-86de-67ec8cdedc86{ip: 192.168.36.114, host: pr-hdds-1569-58hkm-1881083799, networkLocation: /default-rack, certSerialId: null}} | ret=SUCCESS |  
2019-09-12 11:30:39,232 [main] INFO  ozone.MiniOzoneClusterImpl (MiniOzoneClusterImpl.java:lambda$waitForClusterToBeReady$0(142)) - Cluster is ready. Got 10 of 10 DN Heartbeats.
2019-09-12 11:30:39,237 [pool-60-thread-1] INFO  storage.RaftStorageDirectory (RaftStorageDirectory.java:tryLock(328)) - Lock on /workdir/hadoop-ozone/integration-test/target/test-dir/MiniOzoneClusterImpl-299c34b2-84c4-4da4-b63e-5faf1abba283/datanode-3/data/ratis/e887ad4d-3802-4321-95c7-cf3f465fe3a4/in_use.lock acquired by nodename 16167@pr-hdds-1569-58hkm-1881083799
2019-09-12 11:30:39,250 [pool-60-thread-1] INFO  storage.RaftStorage (RaftStorage.java:format(72)) - Storage directory /workdir/hadoop-ozone/integration-test/target/test-dir/MiniOzoneClusterImpl-299c34b2-84c4-4da4-b63e-5faf1abba283/datanode-3/data/ratis/e887ad4d-3802-4321-95c7-cf3f465fe3a4 has been successfully formatted.
2019-09-12 11:30:39,251 [pool-60-thread-1] INFO  ratis.ContainerStateMachine (ContainerStateMachine.java:loadSnapshot(226)) - group-CF3F465FE3A4: The snapshot info is null. Setting the last applied indexto:(t:0, i:~)
2019-09-12 11:30:39,251 [pool-60-thread-1] INFO  server.RaftServerConfigKeys (ConfUtils.java:logGet(43)) - raft.server.leader.election.timeout = 120s (custom)
2019-09-12 11:30:39,251 [pool-60-thread-1] INFO  server.RaftServerConfigKeys (ConfUtils.java:logGet(43)) - raft.server.log.use.memory = false (default)
2019-09-12 11:30:39,251 [pool-60-thread-1] INFO  server.RaftServerConfigKeys (ConfUtils.java:logGet(43)) - raft.server.log.purge.gap = 1000000 (custom)
2019-09-12 11:30:39,251 [pool-60-thread-1] INFO  server.RaftServerConfigKeys (ConfUtils.java:logGet(43)) - raft.server.log.appender.buffer.byte-limit = 33554432 (custom)
2019-09-12 11:30:39,252 [pool-60-thread-1] INFO  server.RaftServerConfigKeys (ConfUtils.java:logGet(43)) - raft.server.log.segment.size.max = 1048576 (custom)
2019-09-12 11:30:39,252 [pool-60-thread-1] INFO  server.RaftServerConfigKeys (ConfUtils.java:logGet(43)) - raft.server.log.segment.cache.num.max = 2 (custom)
2019-09-12 11:30:39,252 [pool-60-thread-1] INFO  segmented.SegmentedRaftLogWorker (SegmentedRaftLogWorker.java:<init>(172)) - new 041153b1-579d-462a-9927-680735a5d567-SegmentedRaftLogWorker:Storage Directory /workdir/hadoop-ozone/integration-test/target/test-dir/MiniOzoneClusterImpl-299c34b2-84c4-4da4-b63e-5faf1abba283/datanode-3/data/ratis/e887ad4d-3802-4321-95c7-cf3f465fe3a4 for RaftStorage:Storage Directory /workdir/hadoop-ozone/integration-test/target/test-dir/MiniOzoneClusterImpl-299c34b2-84c4-4da4-b63e-5faf1abba283/datanode-3/data/ratis/e887ad4d-3802-4321-95c7-cf3f465fe3a4
2019-09-12 11:30:39,252 [pool-60-thread-1] INFO  server.RaftServerConfigKeys (ConfUtils.java:logGet(43)) - raft.server.log.queue.byte-limit = 2147483647 (custom)
2019-09-12 11:30:39,253 [pool-60-thread-1] INFO  server.RaftServerConfigKeys (ConfUtils.java:logGet(43)) - raft.server.log.queue.element-limit = 1024 (custom)
2019-09-12 11:30:39,253 [pool-60-thread-1] INFO  server.RaftServerConfigKeys (ConfUtils.java:logGet(43)) - raft.server.log.segment.size.max = 1048576 (custom)
2019-09-12 11:30:39,253 [pool-60-thread-1] INFO  server.RaftServerConfigKeys (ConfUtils.java:logGet(43)) - raft.server.log.preallocated.size = 16384 (custom)
2019-09-12 11:30:39,253 [pool-60-thread-1] INFO  server.RaftServerConfigKeys (ConfUtils.java:logGet(43)) - raft.server.log.write.buffer.size = 33554432 (custom)
2019-09-12 11:30:39,253 [pool-60-thread-1] INFO  server.RaftServerConfigKeys (ConfUtils.java:logGet(43)) - raft.server.log.force.sync.num = 128 (default)
2019-09-12 11:30:39,254 [pool-60-thread-1] INFO  server.RaftServerConfigKeys (ConfUtils.java:logGet(43)) - raft.server.log.statemachine.data.sync = true (default)
2019-09-12 11:30:39,254 [pool-60-thread-1] INFO  server.RaftServerConfigKeys (ConfUtils.java:logGet(43)) - raft.server.log.statemachine.data.sync.timeout = 10s (default)
2019-09-12 11:30:39,254 [pool-60-thread-1] INFO  server.RaftServerConfigKeys (ConfUtils.java:logGet(43)) - raft.server.log.statemachine.data.sync.timeout.retry = -1 (default)
2019-09-12 11:30:39,254 [pool-60-thread-1] INFO  server.RaftServerConfigKeys (ConfUtils.java:logGet(43)) - raft.server.log.statemachine.data.caching.enabled = true (custom)
2019-09-12 11:30:39,255 [pool-60-thread-1] INFO  segmented.SegmentedRaftLogWorker (SegmentedRaftLogWorker.java:lambda$new$0(132)) - 041153b1-579d-462a-9927-680735a5d567-SegmentedRaftLogWorker:Storage Directory /workdir/hadoop-ozone/integration-test/target/test-dir/MiniOzoneClusterImpl-299c34b2-84c4-4da4-b63e-5faf1abba283/datanode-3/data/ratis/e887ad4d-3802-4321-95c7-cf3f465fe3a4: flushIndex: setUnconditionally 0 -> -1
2019-09-12 11:30:39,255 [pool-60-thread-1] INFO  server.RaftServerConfigKeys (ConfUtils.java:logGet(43)) - raft.server.snapshot.auto.trigger.enabled = true (custom)
2019-09-12 11:30:39,255 [pool-60-thread-1] INFO  server.RaftServerConfigKeys (ConfUtils.java:logGet(43)) - raft.server.snapshot.auto.trigger.threshold = 10000 (custom)
2019-09-12 11:30:39,256 [pool-60-thread-1] INFO  server.RaftServerConfigKeys (ConfUtils.java:logGet(43)) - raft.server.retrycache.expirytime = 600000ms (custom)
2019-09-12 11:30:39,256 [pool-60-thread-1] INFO  impl.RaftServerImpl (RaftServerImpl.java:start(180)) - 041153b1-579d-462a-9927-680735a5d567: start group-CF3F465FE3A4
2019-09-12 11:30:39,256 [pool-60-thread-1] INFO  impl.RaftServerImpl (RaftServerImpl.java:setRole(171)) - 041153b1-579d-462a-9927-680735a5d567:group-CF3F465FE3A4 changes role from null to FOLLOWER at term 0 for startAsFollower
2019-09-12 11:30:39,256 [pool-60-thread-1] INFO  impl.RoleInfo (RoleInfo.java:updateAndGet(143)) - 041153b1-579d-462a-9927-680735a5d567: start FollowerState
2019-09-12 11:30:39,257 [pool-60-thread-1] INFO  util.JmxRegister (JmxRegister.java:tryRegister(44)) - Successfully registered JMX Bean with object name Ratis:service=RaftServer,group=group-CF3F465FE3A4,id=041153b1-579d-462a-9927-680735a5d567
2019-09-12 11:30:39,290 [RatisPipelineUtilsThread] INFO  pipeline.PipelineStateManager (PipelineStateManager.java:addPipeline(56)) - Created pipeline Pipeline[ Id: e887ad4d-3802-4321-95c7-cf3f465fe3a4, Nodes: 041153b1-579d-462a-9927-680735a5d567{ip: 192.168.36.114, host: pr-hdds-1569-58hkm-1881083799, networkLocation: /default-rack, certSerialId: null}, Type:RATIS, Factor:ONE, State:OPEN]
2019-09-12 11:30:39,320 [grpc-default-executor-0] INFO  impl.RaftServerProxy (RaftServerProxy.java:addNew(89)) - 6cc98a42-1a7b-4e12-8153-9cd82e3a5d9f: addNew group-E94E00D081C6:[6cc98a42-1a7b-4e12-8153-9cd82e3a5d9f:192.168.36.114:43339] returns group-E94E00D081C6:java.util.concurrent.CompletableFuture@280d402b[Not completed]
2019-09-12 11:30:39,332 [pool-27-thread-1] INFO  impl.RaftServerImpl (RaftServerImpl.java:<init>(93)) - 6cc98a42-1a7b-4e12-8153-9cd82e3a5d9f: new RaftServerImpl for group-E94E00D081C6:[6cc98a42-1a7b-4e12-8153-9cd82e3a5d9f:192.168.36.114:43339] with ContainerStateMachine:uninitialized
2019-09-12 11:30:39,333 [pool-27-thread-1] INFO  server.RaftServerConfigKeys (ConfUtils.java:logGet(43)) - raft.server.rpc.timeout.min = 5s (custom)
2019-09-12 11:30:39,333 [pool-27-thread-1] INFO  server.RaftServerConfigKeys (ConfUtils.java:logGet(43)) - raft.server.rpc.timeout.max = 5200ms (custom)
2019-09-12 11:30:39,333 [pool-27-thread-1] INFO  server.RaftServerConfigKeys (ConfUtils.java:logGet(43)) - raft.server.rpcslowness.timeout = 120s (custom)
2019-09-12 11:30:39,333 [pool-27-thread-1] INFO  server.RaftServerConfigKeys (ConfUtils.java:logGet(43)) - raft.server.sleep.deviation.threshold = 300 (default)
2019-09-12 11:30:39,333 [pool-27-thread-1] INFO  server.RaftServerConfigKeys (ConfUtils.java:logGet(43)) - raft.server.log.appender.install.snapshot.enabled = false (custom)
2019-09-12 11:30:39,334 [pool-27-thread-1] INFO  impl.RaftServerImpl (ServerState.java:<init>(105)) - 6cc98a42-1a7b-4e12-8153-9cd82e3a5d9f:group-E94E00D081C6 ConfigurationManager, init=-1: [6cc98a42-1a7b-4e12-8153-9cd82e3a5d9f:192.168.36.114:43339], old=null, confs=<EMPTY_MAP>
2019-09-12 11:30:39,334 [pool-27-thread-1] INFO  server.RaftServerConfigKeys (ConfUtils.java:logGet(43)) - raft.server.storage.dir = [/workdir/hadoop-ozone/integration-test/target/test-dir/MiniOzoneClusterImpl-299c34b2-84c4-4da4-b63e-5faf1abba283/datanode-0/data/ratis] (custom)
2019-09-12 11:30:39,335 [pool-27-thread-1] INFO  storage.RaftStorageDirectory (RaftStorageDirectory.java:analyzeStorage(246)) - The storage directory /workdir/hadoop-ozone/integration-test/target/test-dir/MiniOzoneClusterImpl-299c34b2-84c4-4da4-b63e-5faf1abba283/datanode-0/data/ratis/f6c39e8d-d164-41dc-981b-e94e00d081c6 does not exist. Creating ...
2019-09-12 11:30:39,346 | INFO  | SCMAudit | user=jenkins1000 | ip=192.168.36.114 | op=SEND_HEARTBEAT {datanodeUUID=953ad6b8-90f2-4ccf-a2c7-42d93886e77a, command=[]} | ret=SUCCESS |  
2019-09-12 11:30:39,347 [pool-27-thread-1] INFO  storage.RaftStorageDirectory (RaftStorageDirectory.java:tryLock(328)) - Lock on /workdir/hadoop-ozone/integration-test/target/test-dir/MiniOzoneClusterImpl-299c34b2-84c4-4da4-b63e-5faf1abba283/datanode-0/data/ratis/f6c39e8d-d164-41dc-981b-e94e00d081c6/in_use.lock acquired by nodename 16167@pr-hdds-1569-58hkm-1881083799
2019-09-12 11:30:39,360 [pool-27-thread-1] INFO  storage.RaftStorage (RaftStorage.java:format(72)) - Storage directory /workdir/hadoop-ozone/integration-test/target/test-dir/MiniOzoneClusterImpl-299c34b2-84c4-4da4-b63e-5faf1abba283/datanode-0/data/ratis/f6c39e8d-d164-41dc-981b-e94e00d081c6 has been successfully formatted.
2019-09-12 11:30:39,361 [pool-27-thread-1] INFO  ratis.ContainerStateMachine (ContainerStateMachine.java:loadSnapshot(226)) - group-E94E00D081C6: The snapshot info is null. Setting the last applied indexto:(t:0, i:~)
2019-09-12 11:30:39,361 [pool-27-thread-1] INFO  server.RaftServerConfigKeys (ConfUtils.java:logGet(43)) - raft.server.leader.election.timeout = 120s (custom)
2019-09-12 11:30:39,361 [pool-27-thread-1] INFO  server.RaftServerConfigKeys (ConfUtils.java:logGet(43)) - raft.server.log.use.memory = false (default)
2019-09-12 11:30:39,361 [pool-27-thread-1] INFO  server.RaftServerConfigKeys (ConfUtils.java:logGet(43)) - raft.server.log.purge.gap = 1000000 (custom)
2019-09-12 11:30:39,362 [pool-27-thread-1] INFO  server.RaftServerConfigKeys (ConfUtils.java:logGet(43)) - raft.server.log.appender.buffer.byte-limit = 33554432 (custom)
2019-09-12 11:30:39,362 [pool-27-thread-1] INFO  server.RaftServerConfigKeys (ConfUtils.java:logGet(43)) - raft.server.log.segment.size.max = 1048576 (custom)
2019-09-12 11:30:39,362 [pool-27-thread-1] INFO  server.RaftServerConfigKeys (ConfUtils.java:logGet(43)) - raft.server.log.segment.cache.num.max = 2 (custom)
2019-09-12 11:30:39,362 [pool-27-thread-1] INFO  segmented.SegmentedRaftLogWorker (SegmentedRaftLogWorker.java:<init>(172)) - new 6cc98a42-1a7b-4e12-8153-9cd82e3a5d9f-SegmentedRaftLogWorker:Storage Directory /workdir/hadoop-ozone/integration-test/target/test-dir/MiniOzoneClusterImpl-299c34b2-84c4-4da4-b63e-5faf1abba283/datanode-0/data/ratis/f6c39e8d-d164-41dc-981b-e94e00d081c6 for RaftStorage:Storage Directory /workdir/hadoop-ozone/integration-test/target/test-dir/MiniOzoneClusterImpl-299c34b2-84c4-4da4-b63e-5faf1abba283/datanode-0/data/ratis/f6c39e8d-d164-41dc-981b-e94e00d081c6
2019-09-12 11:30:39,363 [pool-27-thread-1] INFO  server.RaftServerConfigKeys (ConfUtils.java:logGet(43)) - raft.server.log.queue.byte-limit = 2147483647 (custom)
2019-09-12 11:30:39,363 [pool-27-thread-1] INFO  server.RaftServerConfigKeys (ConfUtils.java:logGet(43)) - raft.server.log.queue.element-limit = 1024 (custom)
2019-09-12 11:30:39,363 [pool-27-thread-1] INFO  server.RaftServerConfigKeys (ConfUtils.java:logGet(43)) - raft.server.log.segment.size.max = 1048576 (custom)
2019-09-12 11:30:39,363 [pool-27-thread-1] INFO  server.RaftServerConfigKeys (ConfUtils.java:logGet(43)) - raft.server.log.preallocated.size = 16384 (custom)
2019-09-12 11:30:39,363 [pool-27-thread-1] INFO  server.RaftServerConfigKeys (ConfUtils.java:logGet(43)) - raft.server.log.write.buffer.size = 33554432 (custom)
2019-09-12 11:30:39,363 [pool-27-thread-1] INFO  server.RaftServerConfigKeys (ConfUtils.java:logGet(43)) - raft.server.log.force.sync.num = 128 (default)
2019-09-12 11:30:39,364 [pool-27-thread-1] INFO  server.RaftServerConfigKeys (ConfUtils.java:logGet(43)) - raft.server.log.statemachine.data.sync = true (default)
2019-09-12 11:30:39,364 [pool-27-thread-1] INFO  server.RaftServerConfigKeys (ConfUtils.java:logGet(43)) - raft.server.log.statemachine.data.sync.timeout = 10s (default)
2019-09-12 11:30:39,364 [pool-27-thread-1] INFO  server.RaftServerConfigKeys (ConfUtils.java:logGet(43)) - raft.server.log.statemachine.data.sync.timeout.retry = -1 (default)
2019-09-12 11:30:39,364 [pool-27-thread-1] INFO  server.RaftServerConfigKeys (ConfUtils.java:logGet(43)) - raft.server.log.statemachine.data.caching.enabled = true (custom)
2019-09-12 11:30:39,365 [pool-27-thread-1] INFO  segmented.SegmentedRaftLogWorker (SegmentedRaftLogWorker.java:lambda$new$0(132)) - 6cc98a42-1a7b-4e12-8153-9cd82e3a5d9f-SegmentedRaftLogWorker:Storage Directory /workdir/hadoop-ozone/integration-test/target/test-dir/MiniOzoneClusterImpl-299c34b2-84c4-4da4-b63e-5faf1abba283/datanode-0/data/ratis/f6c39e8d-d164-41dc-981b-e94e00d081c6: flushIndex: setUnconditionally 0 -> -1
2019-09-12 11:30:39,365 [pool-27-thread-1] INFO  server.RaftServerConfigKeys (ConfUtils.java:logGet(43)) - raft.server.snapshot.auto.trigger.enabled = true (custom)
2019-09-12 11:30:39,365 [pool-27-thread-1] INFO  server.RaftServerConfigKeys (ConfUtils.java:logGet(43)) - raft.server.snapshot.auto.trigger.threshold = 10000 (custom)
2019-09-12 11:30:39,368 [pool-27-thread-1] INFO  server.RaftServerConfigKeys (ConfUtils.java:logGet(43)) - raft.server.retrycache.expirytime = 600000ms (custom)
2019-09-12 11:30:39,368 [pool-27-thread-1] INFO  impl.RaftServerImpl (RaftServerImpl.java:start(180)) - 6cc98a42-1a7b-4e12-8153-9cd82e3a5d9f: start group-E94E00D081C6
2019-09-12 11:30:39,368 [pool-27-thread-1] INFO  impl.RaftServerImpl (RaftServerImpl.java:setRole(171)) - 6cc98a42-1a7b-4e12-8153-9cd82e3a5d9f:group-E94E00D081C6 changes role from null to FOLLOWER at term 0 for startAsFollower
2019-09-12 11:30:39,369 [pool-27-thread-1] INFO  impl.RoleInfo (RoleInfo.java:updateAndGet(143)) - 6cc98a42-1a7b-4e12-8153-9cd82e3a5d9f: start FollowerState
2019-09-12 11:30:39,369 [pool-27-thread-1] INFO  util.JmxRegister (JmxRegister.java:tryRegister(44)) - Successfully registered JMX Bean with object name Ratis:service=RaftServer,group=group-E94E00D081C6,id=6cc98a42-1a7b-4e12-8153-9cd82e3a5d9f
2019-09-12 11:30:39,381 [RatisPipelineUtilsThread] INFO  pipeline.PipelineStateManager (PipelineStateManager.java:addPipeline(56)) - Created pipeline Pipeline[ Id: f6c39e8d-d164-41dc-981b-e94e00d081c6, Nodes: 6cc98a42-1a7b-4e12-8153-9cd82e3a5d9f{ip: 192.168.36.114, host: pr-hdds-1569-58hkm-1881083799, networkLocation: /default-rack, certSerialId: null}, Type:RATIS, Factor:ONE, State:OPEN]
2019-09-12 11:30:39,398 [grpc-default-executor-0] INFO  impl.RaftServerProxy (RaftServerProxy.java:addNew(89)) - 6cc98a42-1a7b-4e12-8153-9cd82e3a5d9f: addNew group-7C9561971A62:[6cc98a42-1a7b-4e12-8153-9cd82e3a5d9f:192.168.36.114:43339] returns group-7C9561971A62:java.util.concurrent.CompletableFuture@3d937015[Not completed]
2019-09-12 11:30:39,402 [pool-27-thread-1] INFO  impl.RaftServerImpl (RaftServerImpl.java:<init>(93)) - 6cc98a42-1a7b-4e12-8153-9cd82e3a5d9f: new RaftServerImpl for group-7C9561971A62:[6cc98a42-1a7b-4e12-8153-9cd82e3a5d9f:192.168.36.114:43339] with ContainerStateMachine:uninitialized
2019-09-12 11:30:39,402 [pool-27-thread-1] INFO  server.RaftServerConfigKeys (ConfUtils.java:logGet(43)) - raft.server.rpc.timeout.min = 5s (custom)
2019-09-12 11:30:39,402 [pool-27-thread-1] INFO  server.RaftServerConfigKeys (ConfUtils.java:logGet(43)) - raft.server.rpc.timeout.max = 5200ms (custom)
2019-09-12 11:30:39,402 [pool-27-thread-1] INFO  server.RaftServerConfigKeys (ConfUtils.java:logGet(43)) - raft.server.rpcslowness.timeout = 120s (custom)
2019-09-12 11:30:39,403 [pool-27-thread-1] INFO  server.RaftServerConfigKeys (ConfUtils.java:logGet(43)) - raft.server.sleep.deviation.threshold = 300 (default)
2019-09-12 11:30:39,403 [pool-27-thread-1] INFO  server.RaftServerConfigKeys (ConfUtils.java:logGet(43)) - raft.server.log.appender.install.snapshot.enabled = false (custom)
2019-09-12 11:30:39,403 [pool-27-thread-1] INFO  impl.RaftServerImpl (ServerState.java:<init>(105)) - 6cc98a42-1a7b-4e12-8153-9cd82e3a5d9f:group-7C9561971A62 ConfigurationManager, init=-1: [6cc98a42-1a7b-4e12-8153-9cd82e3a5d9f:192.168.36.114:43339], old=null, confs=<EMPTY_MAP>
2019-09-12 11:30:39,403 [pool-27-thread-1] INFO  server.RaftServerConfigKeys (ConfUtils.java:logGet(43)) - raft.server.storage.dir = [/workdir/hadoop-ozone/integration-test/target/test-dir/MiniOzoneClusterImpl-299c34b2-84c4-4da4-b63e-5faf1abba283/datanode-0/data/ratis] (custom)
2019-09-12 11:30:39,404 [pool-27-thread-1] INFO  storage.RaftStorageDirectory (RaftStorageDirectory.java:analyzeStorage(246)) - The storage directory /workdir/hadoop-ozone/integration-test/target/test-dir/MiniOzoneClusterImpl-299c34b2-84c4-4da4-b63e-5faf1abba283/datanode-0/data/ratis/fa110bcb-6c4a-47f4-9a68-7c9561971a62 does not exist. Creating ...
2019-09-12 11:30:39,423 [pool-27-thread-1] INFO  storage.RaftStorageDirectory (RaftStorageDirectory.java:tryLock(328)) - Lock on /workdir/hadoop-ozone/integration-test/target/test-dir/MiniOzoneClusterImpl-299c34b2-84c4-4da4-b63e-5faf1abba283/datanode-0/data/ratis/fa110bcb-6c4a-47f4-9a68-7c9561971a62/in_use.lock acquired by nodename 16167@pr-hdds-1569-58hkm-1881083799
2019-09-12 11:30:39,431 [pool-27-thread-1] INFO  storage.RaftStorage (RaftStorage.java:format(72)) - Storage directory /workdir/hadoop-ozone/integration-test/target/test-dir/MiniOzoneClusterImpl-299c34b2-84c4-4da4-b63e-5faf1abba283/datanode-0/data/ratis/fa110bcb-6c4a-47f4-9a68-7c9561971a62 has been successfully formatted.
2019-09-12 11:30:39,431 [pool-27-thread-1] INFO  ratis.ContainerStateMachine (ContainerStateMachine.java:loadSnapshot(226)) - group-7C9561971A62: The snapshot info is null. Setting the last applied indexto:(t:0, i:~)
2019-09-12 11:30:39,431 [pool-27-thread-1] INFO  server.RaftServerConfigKeys (ConfUtils.java:logGet(43)) - raft.server.leader.election.timeout = 120s (custom)
2019-09-12 11:30:39,432 [pool-27-thread-1] INFO  server.RaftServerConfigKeys (ConfUtils.java:logGet(43)) - raft.server.log.use.memory = false (default)
2019-09-12 11:30:39,432 [pool-27-thread-1] INFO  server.RaftServerConfigKeys (ConfUtils.java:logGet(43)) - raft.server.log.purge.gap = 1000000 (custom)
2019-09-12 11:30:39,432 [pool-27-thread-1] INFO  server.RaftServerConfigKeys (ConfUtils.java:logGet(43)) - raft.server.log.appender.buffer.byte-limit = 33554432 (custom)
2019-09-12 11:30:39,432 [pool-27-thread-1] INFO  server.RaftServerConfigKeys (ConfUtils.java:logGet(43)) - raft.server.log.segment.size.max = 1048576 (custom)
2019-09-12 11:30:39,432 [pool-27-thread-1] INFO  server.RaftServerConfigKeys (ConfUtils.java:logGet(43)) - raft.server.log.segment.cache.num.max = 2 (custom)
2019-09-12 11:30:39,433 [pool-27-thread-1] INFO  segmented.SegmentedRaftLogWorker (SegmentedRaftLogWorker.java:<init>(172)) - new 6cc98a42-1a7b-4e12-8153-9cd82e3a5d9f-SegmentedRaftLogWorker:Storage Directory /workdir/hadoop-ozone/integration-test/target/test-dir/MiniOzoneClusterImpl-299c34b2-84c4-4da4-b63e-5faf1abba283/datanode-0/data/ratis/fa110bcb-6c4a-47f4-9a68-7c9561971a62 for RaftStorage:Storage Directory /workdir/hadoop-ozone/integration-test/target/test-dir/MiniOzoneClusterImpl-299c34b2-84c4-4da4-b63e-5faf1abba283/datanode-0/data/ratis/fa110bcb-6c4a-47f4-9a68-7c9561971a62
2019-09-12 11:30:39,433 [pool-27-thread-1] INFO  server.RaftServerConfigKeys (ConfUtils.java:logGet(43)) - raft.server.log.queue.byte-limit = 2147483647 (custom)
2019-09-12 11:30:39,433 [pool-27-thread-1] INFO  server.RaftServerConfigKeys (ConfUtils.java:logGet(43)) - raft.server.log.queue.element-limit = 1024 (custom)
2019-09-12 11:30:39,433 [pool-27-thread-1] INFO  server.RaftServerConfigKeys (ConfUtils.java:logGet(43)) - raft.server.log.segment.size.max = 1048576 (custom)
2019-09-12 11:30:39,433 [pool-27-thread-1] INFO  server.RaftServerConfigKeys (ConfUtils.java:logGet(43)) - raft.server.log.preallocated.size = 16384 (custom)
2019-09-12 11:30:39,434 [pool-27-thread-1] INFO  server.RaftServerConfigKeys (ConfUtils.java:logGet(43)) - raft.server.log.write.buffer.size = 33554432 (custom)
2019-09-12 11:30:39,434 [pool-27-thread-1] INFO  server.RaftServerConfigKeys (ConfUtils.java:logGet(43)) - raft.server.log.force.sync.num = 128 (default)
2019-09-12 11:30:39,434 [pool-27-thread-1] INFO  server.RaftServerConfigKeys (ConfUtils.java:logGet(43)) - raft.server.log.statemachine.data.sync = true (default)
2019-09-12 11:30:39,434 [pool-27-thread-1] INFO  server.RaftServerConfigKeys (ConfUtils.java:logGet(43)) - raft.server.log.statemachine.data.sync.timeout = 10s (default)
2019-09-12 11:30:39,434 [pool-27-thread-1] INFO  server.RaftServerConfigKeys (ConfUtils.java:logGet(43)) - raft.server.log.statemachine.data.sync.timeout.retry = -1 (default)
2019-09-12 11:30:39,435 [pool-27-thread-1] INFO  server.RaftServerConfigKeys (ConfUtils.java:logGet(43)) - raft.server.log.statemachine.data.caching.enabled = true (custom)
2019-09-12 11:30:39,435 [pool-27-thread-1] INFO  segmented.SegmentedRaftLogWorker (SegmentedRaftLogWorker.java:lambda$new$0(132)) - 6cc98a42-1a7b-4e12-8153-9cd82e3a5d9f-SegmentedRaftLogWorker:Storage Directory /workdir/hadoop-ozone/integration-test/target/test-dir/MiniOzoneClusterImpl-299c34b2-84c4-4da4-b63e-5faf1abba283/datanode-0/data/ratis/fa110bcb-6c4a-47f4-9a68-7c9561971a62: flushIndex: setUnconditionally 0 -> -1
2019-09-12 11:30:39,435 [pool-27-thread-1] INFO  server.RaftServerConfigKeys (ConfUtils.java:logGet(43)) - raft.server.snapshot.auto.trigger.enabled = true (custom)
2019-09-12 11:30:39,436 [pool-27-thread-1] INFO  server.RaftServerConfigKeys (ConfUtils.java:logGet(43)) - raft.server.snapshot.auto.trigger.threshold = 10000 (custom)
2019-09-12 11:30:39,436 [pool-27-thread-1] INFO  server.RaftServerConfigKeys (ConfUtils.java:logGet(43)) - raft.server.retrycache.expirytime = 600000ms (custom)
2019-09-12 11:30:39,436 [pool-27-thread-1] INFO  impl.RaftServerImpl (RaftServerImpl.java:start(180)) - 6cc98a42-1a7b-4e12-8153-9cd82e3a5d9f: start group-7C9561971A62
2019-09-12 11:30:39,436 [pool-27-thread-1] INFO  impl.RaftServerImpl (RaftServerImpl.java:setRole(171)) - 6cc98a42-1a7b-4e12-8153-9cd82e3a5d9f:group-7C9561971A62 changes role from null to FOLLOWER at term 0 for startAsFollower
2019-09-12 11:30:39,436 [pool-27-thread-1] INFO  impl.RoleInfo (RoleInfo.java:updateAndGet(143)) - 6cc98a42-1a7b-4e12-8153-9cd82e3a5d9f: start FollowerState
2019-09-12 11:30:39,437 [pool-27-thread-1] INFO  util.JmxRegister (JmxRegister.java:tryRegister(44)) - Successfully registered JMX Bean with object name Ratis:service=RaftServer,group=group-7C9561971A62,id=6cc98a42-1a7b-4e12-8153-9cd82e3a5d9f
2019-09-12 11:30:39,448 [RatisPipelineUtilsThread] INFO  pipeline.PipelineStateManager (PipelineStateManager.java:addPipeline(56)) - Created pipeline Pipeline[ Id: fa110bcb-6c4a-47f4-9a68-7c9561971a62, Nodes: 6cc98a42-1a7b-4e12-8153-9cd82e3a5d9f{ip: 192.168.36.114, host: pr-hdds-1569-58hkm-1881083799, networkLocation: /default-rack, certSerialId: null}, Type:RATIS, Factor:ONE, State:OPEN]
2019-09-12 11:30:39,461 [grpc-default-executor-0] INFO  impl.RaftServerProxy (RaftServerProxy.java:addNew(89)) - 041153b1-579d-462a-9927-680735a5d567: addNew group-DFFA3A34FDFE:[041153b1-579d-462a-9927-680735a5d567:192.168.36.114:36051] returns group-DFFA3A34FDFE:java.util.concurrent.CompletableFuture@1c182ebf[Not completed]
2019-09-12 11:30:39,463 [pool-60-thread-1] INFO  impl.RaftServerImpl (RaftServerImpl.java:<init>(93)) - 041153b1-579d-462a-9927-680735a5d567: new RaftServerImpl for group-DFFA3A34FDFE:[041153b1-579d-462a-9927-680735a5d567:192.168.36.114:36051] with ContainerStateMachine:uninitialized
2019-09-12 11:30:39,463 [pool-60-thread-1] INFO  server.RaftServerConfigKeys (ConfUtils.java:logGet(43)) - raft.server.rpc.timeout.min = 5s (custom)
2019-09-12 11:30:39,463 [pool-60-thread-1] INFO  server.RaftServerConfigKeys (ConfUtils.java:logGet(43)) - raft.server.rpc.timeout.max = 5200ms (custom)
2019-09-12 11:30:39,463 [pool-60-thread-1] INFO  server.RaftServerConfigKeys (ConfUtils.java:logGet(43)) - raft.server.rpcslowness.timeout = 120s (custom)
2019-09-12 11:30:39,463 [pool-60-thread-1] INFO  server.RaftServerConfigKeys (ConfUtils.java:logGet(43)) - raft.server.sleep.deviation.threshold = 300 (default)
2019-09-12 11:30:39,464 [pool-60-thread-1] INFO  server.RaftServerConfigKeys (ConfUtils.java:logGet(43)) - raft.server.log.appender.install.snapshot.enabled = false (custom)
2019-09-12 11:30:39,464 [pool-60-thread-1] INFO  impl.RaftServerImpl (ServerState.java:<init>(105)) - 041153b1-579d-462a-9927-680735a5d567:group-DFFA3A34FDFE ConfigurationManager, init=-1: [041153b1-579d-462a-9927-680735a5d567:192.168.36.114:36051], old=null, confs=<EMPTY_MAP>
2019-09-12 11:30:39,464 [pool-60-thread-1] INFO  server.RaftServerConfigKeys (ConfUtils.java:logGet(43)) - raft.server.storage.dir = [/workdir/hadoop-ozone/integration-test/target/test-dir/MiniOzoneClusterImpl-299c34b2-84c4-4da4-b63e-5faf1abba283/datanode-3/data/ratis] (custom)
2019-09-12 11:30:39,464 [pool-60-thread-1] INFO  storage.RaftStorageDirectory (RaftStorageDirectory.java:analyzeStorage(246)) - The storage directory /workdir/hadoop-ozone/integration-test/target/test-dir/MiniOzoneClusterImpl-299c34b2-84c4-4da4-b63e-5faf1abba283/datanode-3/data/ratis/6b9f7a77-5381-4b30-82b7-dffa3a34fdfe does not exist. Creating ...
2019-09-12 11:30:39,478 [pool-60-thread-1] INFO  storage.RaftStorageDirectory (RaftStorageDirectory.java:tryLock(328)) - Lock on /workdir/hadoop-ozone/integration-test/target/test-dir/MiniOzoneClusterImpl-299c34b2-84c4-4da4-b63e-5faf1abba283/datanode-3/data/ratis/6b9f7a77-5381-4b30-82b7-dffa3a34fdfe/in_use.lock acquired by nodename 16167@pr-hdds-1569-58hkm-1881083799
2019-09-12 11:30:39,490 [pool-60-thread-1] INFO  storage.RaftStorage (RaftStorage.java:format(72)) - Storage directory /workdir/hadoop-ozone/integration-test/target/test-dir/MiniOzoneClusterImpl-299c34b2-84c4-4da4-b63e-5faf1abba283/datanode-3/data/ratis/6b9f7a77-5381-4b30-82b7-dffa3a34fdfe has been successfully formatted.
2019-09-12 11:30:39,491 [pool-60-thread-1] INFO  ratis.ContainerStateMachine (ContainerStateMachine.java:loadSnapshot(226)) - group-DFFA3A34FDFE: The snapshot info is null. Setting the last applied indexto:(t:0, i:~)
2019-09-12 11:30:39,491 [pool-60-thread-1] INFO  server.RaftServerConfigKeys (ConfUtils.java:logGet(43)) - raft.server.leader.election.timeout = 120s (custom)
2019-09-12 11:30:39,491 [pool-60-thread-1] INFO  server.RaftServerConfigKeys (ConfUtils.java:logGet(43)) - raft.server.log.use.memory = false (default)
2019-09-12 11:30:39,491 [pool-60-thread-1] INFO  server.RaftServerConfigKeys (ConfUtils.java:logGet(43)) - raft.server.log.purge.gap = 1000000 (custom)
2019-09-12 11:30:39,492 [pool-60-thread-1] INFO  server.RaftServerConfigKeys (ConfUtils.java:logGet(43)) - raft.server.log.appender.buffer.byte-limit = 33554432 (custom)
2019-09-12 11:30:39,492 [pool-60-thread-1] INFO  server.RaftServerConfigKeys (ConfUtils.java:logGet(43)) - raft.server.log.segment.size.max = 1048576 (custom)
2019-09-12 11:30:39,492 [pool-60-thread-1] INFO  server.RaftServerConfigKeys (ConfUtils.java:logGet(43)) - raft.server.log.segment.cache.num.max = 2 (custom)
2019-09-12 11:30:39,492 [pool-60-thread-1] INFO  segmented.SegmentedRaftLogWorker (SegmentedRaftLogWorker.java:<init>(172)) - new 041153b1-579d-462a-9927-680735a5d567-SegmentedRaftLogWorker:Storage Directory /workdir/hadoop-ozone/integration-test/target/test-dir/MiniOzoneClusterImpl-299c34b2-84c4-4da4-b63e-5faf1abba283/datanode-3/data/ratis/6b9f7a77-5381-4b30-82b7-dffa3a34fdfe for RaftStorage:Storage Directory /workdir/hadoop-ozone/integration-test/target/test-dir/MiniOzoneClusterImpl-299c34b2-84c4-4da4-b63e-5faf1abba283/datanode-3/data/ratis/6b9f7a77-5381-4b30-82b7-dffa3a34fdfe
2019-09-12 11:30:39,492 [pool-60-thread-1] INFO  server.RaftServerConfigKeys (ConfUtils.java:logGet(43)) - raft.server.log.queue.byte-limit = 2147483647 (custom)
2019-09-12 11:30:39,493 [pool-60-thread-1] INFO  server.RaftServerConfigKeys (ConfUtils.java:logGet(43)) - raft.server.log.queue.element-limit = 1024 (custom)
2019-09-12 11:30:39,493 [pool-60-thread-1] INFO  server.RaftServerConfigKeys (ConfUtils.java:logGet(43)) - raft.server.log.segment.size.max = 1048576 (custom)
2019-09-12 11:30:39,493 [pool-60-thread-1] INFO  server.RaftServerConfigKeys (ConfUtils.java:logGet(43)) - raft.server.log.preallocated.size = 16384 (custom)
2019-09-12 11:30:39,493 [pool-60-thread-1] INFO  server.RaftServerConfigKeys (ConfUtils.java:logGet(43)) - raft.server.log.write.buffer.size = 33554432 (custom)
2019-09-12 11:30:39,493 [pool-60-thread-1] INFO  server.RaftServerConfigKeys (ConfUtils.java:logGet(43)) - raft.server.log.force.sync.num = 128 (default)
2019-09-12 11:30:39,494 [pool-60-thread-1] INFO  server.RaftServerConfigKeys (ConfUtils.java:logGet(43)) - raft.server.log.statemachine.data.sync = true (default)
2019-09-12 11:30:39,494 [pool-60-thread-1] INFO  server.RaftServerConfigKeys (ConfUtils.java:logGet(43)) - raft.server.log.statemachine.data.sync.timeout = 10s (default)
2019-09-12 11:30:39,494 [pool-60-thread-1] INFO  server.RaftServerConfigKeys (ConfUtils.java:logGet(43)) - raft.server.log.statemachine.data.sync.timeout.retry = -1 (default)
2019-09-12 11:30:39,494 [pool-60-thread-1] INFO  server.RaftServerConfigKeys (ConfUtils.java:logGet(43)) - raft.server.log.statemachine.data.caching.enabled = true (custom)
2019-09-12 11:30:39,495 [pool-60-thread-1] INFO  segmented.SegmentedRaftLogWorker (SegmentedRaftLogWorker.java:lambda$new$0(132)) - 041153b1-579d-462a-9927-680735a5d567-SegmentedRaftLogWorker:Storage Directory /workdir/hadoop-ozone/integration-test/target/test-dir/MiniOzoneClusterImpl-299c34b2-84c4-4da4-b63e-5faf1abba283/datanode-3/data/ratis/6b9f7a77-5381-4b30-82b7-dffa3a34fdfe: flushIndex: setUnconditionally 0 -> -1
2019-09-12 11:30:39,495 [pool-60-thread-1] INFO  server.RaftServerConfigKeys (ConfUtils.java:logGet(43)) - raft.server.snapshot.auto.trigger.enabled = true (custom)
2019-09-12 11:30:39,495 [pool-60-thread-1] INFO  server.RaftServerConfigKeys (ConfUtils.java:logGet(43)) - raft.server.snapshot.auto.trigger.threshold = 10000 (custom)
2019-09-12 11:30:39,495 [pool-60-thread-1] INFO  server.RaftServerConfigKeys (ConfUtils.java:logGet(43)) - raft.server.retrycache.expirytime = 600000ms (custom)
2019-09-12 11:30:39,496 [pool-60-thread-1] INFO  impl.RaftServerImpl (RaftServerImpl.java:start(180)) - 041153b1-579d-462a-9927-680735a5d567: start group-DFFA3A34FDFE
2019-09-12 11:30:39,496 [pool-60-thread-1] INFO  impl.RaftServerImpl (RaftServerImpl.java:setRole(171)) - 041153b1-579d-462a-9927-680735a5d567:group-DFFA3A34FDFE changes role from null to FOLLOWER at term 0 for startAsFollower
2019-09-12 11:30:39,496 [pool-60-thread-1] INFO  impl.RoleInfo (RoleInfo.java:updateAndGet(143)) - 041153b1-579d-462a-9927-680735a5d567: start FollowerState
2019-09-12 11:30:39,497 [pool-60-thread-1] INFO  util.JmxRegister (JmxRegister.java:tryRegister(44)) - Successfully registered JMX Bean with object name Ratis:service=RaftServer,group=group-DFFA3A34FDFE,id=041153b1-579d-462a-9927-680735a5d567
2019-09-12 11:30:39,511 [RatisPipelineUtilsThread] INFO  pipeline.PipelineStateManager (PipelineStateManager.java:addPipeline(56)) - Created pipeline Pipeline[ Id: 6b9f7a77-5381-4b30-82b7-dffa3a34fdfe, Nodes: 041153b1-579d-462a-9927-680735a5d567{ip: 192.168.36.114, host: pr-hdds-1569-58hkm-1881083799, networkLocation: /default-rack, certSerialId: null}, Type:RATIS, Factor:ONE, State:OPEN]
2019-09-12 11:30:39,524 [grpc-default-executor-0] INFO  impl.RaftServerProxy (RaftServerProxy.java:addNew(89)) - eff3a7ee-c843-4140-bba9-03f77ca50619: addNew group-273983C18839:[eff3a7ee-c843-4140-bba9-03f77ca50619:192.168.36.114:45501] returns group-273983C18839:java.util.concurrent.CompletableFuture@5a262a52[Not completed]
2019-09-12 11:30:39,527 [pool-49-thread-1] INFO  impl.RaftServerImpl (RaftServerImpl.java:<init>(93)) - eff3a7ee-c843-4140-bba9-03f77ca50619: new RaftServerImpl for group-273983C18839:[eff3a7ee-c843-4140-bba9-03f77ca50619:192.168.36.114:45501] with ContainerStateMachine:uninitialized
2019-09-12 11:30:39,527 [pool-49-thread-1] INFO  server.RaftServerConfigKeys (ConfUtils.java:logGet(43)) - raft.server.rpc.timeout.min = 5s (custom)
2019-09-12 11:30:39,527 [pool-49-thread-1] INFO  server.RaftServerConfigKeys (ConfUtils.java:logGet(43)) - raft.server.rpc.timeout.max = 5200ms (custom)
2019-09-12 11:30:39,527 [pool-49-thread-1] INFO  server.RaftServerConfigKeys (ConfUtils.java:logGet(43)) - raft.server.rpcslowness.timeout = 120s (custom)
2019-09-12 11:30:39,528 [pool-49-thread-1] INFO  server.RaftServerConfigKeys (ConfUtils.java:logGet(43)) - raft.server.sleep.deviation.threshold = 300 (default)
2019-09-12 11:30:39,528 [pool-49-thread-1] INFO  server.RaftServerConfigKeys (ConfUtils.java:logGet(43)) - raft.server.log.appender.install.snapshot.enabled = false (custom)
2019-09-12 11:30:39,528 [pool-49-thread-1] INFO  impl.RaftServerImpl (ServerState.java:<init>(105)) - eff3a7ee-c843-4140-bba9-03f77ca50619:group-273983C18839 ConfigurationManager, init=-1: [eff3a7ee-c843-4140-bba9-03f77ca50619:192.168.36.114:45501], old=null, confs=<EMPTY_MAP>
2019-09-12 11:30:39,528 [pool-49-thread-1] INFO  server.RaftServerConfigKeys (ConfUtils.java:logGet(43)) - raft.server.storage.dir = [/workdir/hadoop-ozone/integration-test/target/test-dir/MiniOzoneClusterImpl-299c34b2-84c4-4da4-b63e-5faf1abba283/datanode-2/data/ratis] (custom)
2019-09-12 11:30:39,529 [pool-49-thread-1] INFO  storage.RaftStorageDirectory (RaftStorageDirectory.java:analyzeStorage(246)) - The storage directory /workdir/hadoop-ozone/integration-test/target/test-dir/MiniOzoneClusterImpl-299c34b2-84c4-4da4-b63e-5faf1abba283/datanode-2/data/ratis/82984435-d978-4880-a944-273983c18839 does not exist. Creating ...
2019-09-12 11:30:39,541 [pool-49-thread-1] INFO  storage.RaftStorageDirectory (RaftStorageDirectory.java:tryLock(328)) - Lock on /workdir/hadoop-ozone/integration-test/target/test-dir/MiniOzoneClusterImpl-299c34b2-84c4-4da4-b63e-5faf1abba283/datanode-2/data/ratis/82984435-d978-4880-a944-273983c18839/in_use.lock acquired by nodename 16167@pr-hdds-1569-58hkm-1881083799
2019-09-12 11:30:39,563 [pool-49-thread-1] INFO  storage.RaftStorage (RaftStorage.java:format(72)) - Storage directory /workdir/hadoop-ozone/integration-test/target/test-dir/MiniOzoneClusterImpl-299c34b2-84c4-4da4-b63e-5faf1abba283/datanode-2/data/ratis/82984435-d978-4880-a944-273983c18839 has been successfully formatted.
2019-09-12 11:30:39,564 [pool-49-thread-1] INFO  ratis.ContainerStateMachine (ContainerStateMachine.java:loadSnapshot(226)) - group-273983C18839: The snapshot info is null. Setting the last applied indexto:(t:0, i:~)
2019-09-12 11:30:39,564 [pool-49-thread-1] INFO  server.RaftServerConfigKeys (ConfUtils.java:logGet(43)) - raft.server.leader.election.timeout = 120s (custom)
2019-09-12 11:30:39,564 [pool-49-thread-1] INFO  server.RaftServerConfigKeys (ConfUtils.java:logGet(43)) - raft.server.log.use.memory = false (default)
2019-09-12 11:30:39,564 [pool-49-thread-1] INFO  server.RaftServerConfigKeys (ConfUtils.java:logGet(43)) - raft.server.log.purge.gap = 1000000 (custom)
2019-09-12 11:30:39,564 [pool-49-thread-1] INFO  server.RaftServerConfigKeys (ConfUtils.java:logGet(43)) - raft.server.log.appender.buffer.byte-limit = 33554432 (custom)
2019-09-12 11:30:39,565 [pool-49-thread-1] INFO  server.RaftServerConfigKeys (ConfUtils.java:logGet(43)) - raft.server.log.segment.size.max = 1048576 (custom)
2019-09-12 11:30:39,565 [pool-49-thread-1] INFO  server.RaftServerConfigKeys (ConfUtils.java:logGet(43)) - raft.server.log.segment.cache.num.max = 2 (custom)
2019-09-12 11:30:39,565 [pool-49-thread-1] INFO  segmented.SegmentedRaftLogWorker (SegmentedRaftLogWorker.java:<init>(172)) - new eff3a7ee-c843-4140-bba9-03f77ca50619-SegmentedRaftLogWorker:Storage Directory /workdir/hadoop-ozone/integration-test/target/test-dir/MiniOzoneClusterImpl-299c34b2-84c4-4da4-b63e-5faf1abba283/datanode-2/data/ratis/82984435-d978-4880-a944-273983c18839 for RaftStorage:Storage Directory /workdir/hadoop-ozone/integration-test/target/test-dir/MiniOzoneClusterImpl-299c34b2-84c4-4da4-b63e-5faf1abba283/datanode-2/data/ratis/82984435-d978-4880-a944-273983c18839
2019-09-12 11:30:39,565 [pool-49-thread-1] INFO  server.RaftServerConfigKeys (ConfUtils.java:logGet(43)) - raft.server.log.queue.byte-limit = 2147483647 (custom)
2019-09-12 11:30:39,565 [pool-49-thread-1] INFO  server.RaftServerConfigKeys (ConfUtils.java:logGet(43)) - raft.server.log.queue.element-limit = 1024 (custom)
2019-09-12 11:30:39,566 [pool-49-thread-1] INFO  server.RaftServerConfigKeys (ConfUtils.java:logGet(43)) - raft.server.log.segment.size.max = 1048576 (custom)
2019-09-12 11:30:39,566 [pool-49-thread-1] INFO  server.RaftServerConfigKeys (ConfUtils.java:logGet(43)) - raft.server.log.preallocated.size = 16384 (custom)
2019-09-12 11:30:39,566 [pool-49-thread-1] INFO  server.RaftServerConfigKeys (ConfUtils.java:logGet(43)) - raft.server.log.write.buffer.size = 33554432 (custom)
2019-09-12 11:30:39,566 [pool-49-thread-1] INFO  server.RaftServerConfigKeys (ConfUtils.java:logGet(43)) - raft.server.log.force.sync.num = 128 (default)
2019-09-12 11:30:39,566 [pool-49-thread-1] INFO  server.RaftServerConfigKeys (ConfUtils.java:logGet(43)) - raft.server.log.statemachine.data.sync = true (default)
2019-09-12 11:30:39,567 [pool-49-thread-1] INFO  server.RaftServerConfigKeys (ConfUtils.java:logGet(43)) - raft.server.log.statemachine.data.sync.timeout = 10s (default)
2019-09-12 11:30:39,567 [pool-49-thread-1] INFO  server.RaftServerConfigKeys (ConfUtils.java:logGet(43)) - raft.server.log.statemachine.data.sync.timeout.retry = -1 (default)
2019-09-12 11:30:39,567 [pool-49-thread-1] INFO  server.RaftServerConfigKeys (ConfUtils.java:logGet(43)) - raft.server.log.statemachine.data.caching.enabled = true (custom)
2019-09-12 11:30:39,567 [pool-49-thread-1] INFO  segmented.SegmentedRaftLogWorker (SegmentedRaftLogWorker.java:lambda$new$0(132)) - eff3a7ee-c843-4140-bba9-03f77ca50619-SegmentedRaftLogWorker:Storage Directory /workdir/hadoop-ozone/integration-test/target/test-dir/MiniOzoneClusterImpl-299c34b2-84c4-4da4-b63e-5faf1abba283/datanode-2/data/ratis/82984435-d978-4880-a944-273983c18839: flushIndex: setUnconditionally 0 -> -1
2019-09-12 11:30:39,568 [pool-49-thread-1] INFO  server.RaftServerConfigKeys (ConfUtils.java:logGet(43)) - raft.server.snapshot.auto.trigger.enabled = true (custom)
2019-09-12 11:30:39,568 [pool-49-thread-1] INFO  server.RaftServerConfigKeys (ConfUtils.java:logGet(43)) - raft.server.snapshot.auto.trigger.threshold = 10000 (custom)
2019-09-12 11:30:39,568 [pool-49-thread-1] INFO  server.RaftServerConfigKeys (ConfUtils.java:logGet(43)) - raft.server.retrycache.expirytime = 600000ms (custom)
2019-09-12 11:30:39,569 [pool-49-thread-1] INFO  impl.RaftServerImpl (RaftServerImpl.java:start(180)) - eff3a7ee-c843-4140-bba9-03f77ca50619: start group-273983C18839
2019-09-12 11:30:39,569 [pool-49-thread-1] INFO  impl.RaftServerImpl (RaftServerImpl.java:setRole(171)) - eff3a7ee-c843-4140-bba9-03f77ca50619:group-273983C18839 changes role from null to FOLLOWER at term 0 for startAsFollower
2019-09-12 11:30:39,569 [pool-49-thread-1] INFO  impl.RoleInfo (RoleInfo.java:updateAndGet(143)) - eff3a7ee-c843-4140-bba9-03f77ca50619: start FollowerState
2019-09-12 11:30:39,569 [pool-49-thread-1] INFO  util.JmxRegister (JmxRegister.java:tryRegister(44)) - Successfully registered JMX Bean with object name Ratis:service=RaftServer,group=group-273983C18839,id=eff3a7ee-c843-4140-bba9-03f77ca50619
2019-09-12 11:30:39,581 [RatisPipelineUtilsThread] INFO  pipeline.PipelineStateManager (PipelineStateManager.java:addPipeline(56)) - Created pipeline Pipeline[ Id: 82984435-d978-4880-a944-273983c18839, Nodes: eff3a7ee-c843-4140-bba9-03f77ca50619{ip: 192.168.36.114, host: pr-hdds-1569-58hkm-1881083799, networkLocation: /default-rack, certSerialId: null}, Type:RATIS, Factor:ONE, State:OPEN]
2019-09-12 11:30:39,595 [grpc-default-executor-0] INFO  impl.RaftServerProxy (RaftServerProxy.java:addNew(89)) - 55e84e38-2716-4d7a-ba5b-b02233998fb0: addNew group-98D5DFBED377:[55e84e38-2716-4d7a-ba5b-b02233998fb0:192.168.36.114:43799] returns group-98D5DFBED377:java.util.concurrent.CompletableFuture@ba52905[Not completed]
2019-09-12 11:30:39,601 [pool-71-thread-1] INFO  impl.RaftServerImpl (RaftServerImpl.java:<init>(93)) - 55e84e38-2716-4d7a-ba5b-b02233998fb0: new RaftServerImpl for group-98D5DFBED377:[55e84e38-2716-4d7a-ba5b-b02233998fb0:192.168.36.114:43799] with ContainerStateMachine:uninitialized
2019-09-12 11:30:39,601 [pool-71-thread-1] INFO  server.RaftServerConfigKeys (ConfUtils.java:logGet(43)) - raft.server.rpc.timeout.min = 5s (custom)
2019-09-12 11:30:39,601 [pool-71-thread-1] INFO  server.RaftServerConfigKeys (ConfUtils.java:logGet(43)) - raft.server.rpc.timeout.max = 5200ms (custom)
2019-09-12 11:30:39,602 [pool-71-thread-1] INFO  server.RaftServerConfigKeys (ConfUtils.java:logGet(43)) - raft.server.rpcslowness.timeout = 120s (custom)
2019-09-12 11:30:39,602 [pool-71-thread-1] INFO  server.RaftServerConfigKeys (ConfUtils.java:logGet(43)) - raft.server.sleep.deviation.threshold = 300 (default)
2019-09-12 11:30:39,602 [pool-71-thread-1] INFO  server.RaftServerConfigKeys (ConfUtils.java:logGet(43)) - raft.server.log.appender.install.snapshot.enabled = false (custom)
2019-09-12 11:30:39,602 [pool-71-thread-1] INFO  impl.RaftServerImpl (ServerState.java:<init>(105)) - 55e84e38-2716-4d7a-ba5b-b02233998fb0:group-98D5DFBED377 ConfigurationManager, init=-1: [55e84e38-2716-4d7a-ba5b-b02233998fb0:192.168.36.114:43799], old=null, confs=<EMPTY_MAP>
2019-09-12 11:30:39,602 [pool-71-thread-1] INFO  server.RaftServerConfigKeys (ConfUtils.java:logGet(43)) - raft.server.storage.dir = [/workdir/hadoop-ozone/integration-test/target/test-dir/MiniOzoneClusterImpl-299c34b2-84c4-4da4-b63e-5faf1abba283/datanode-4/data/ratis] (custom)
2019-09-12 11:30:39,603 [pool-71-thread-1] INFO  storage.RaftStorageDirectory (RaftStorageDirectory.java:analyzeStorage(246)) - The storage directory /workdir/hadoop-ozone/integration-test/target/test-dir/MiniOzoneClusterImpl-299c34b2-84c4-4da4-b63e-5faf1abba283/datanode-4/data/ratis/fd83439c-5742-4189-b191-98d5dfbed377 does not exist. Creating ...
2019-09-12 11:30:39,618 [pool-71-thread-1] INFO  storage.RaftStorageDirectory (RaftStorageDirectory.java:tryLock(328)) - Lock on /workdir/hadoop-ozone/integration-test/target/test-dir/MiniOzoneClusterImpl-299c34b2-84c4-4da4-b63e-5faf1abba283/datanode-4/data/ratis/fd83439c-5742-4189-b191-98d5dfbed377/in_use.lock acquired by nodename 16167@pr-hdds-1569-58hkm-1881083799
2019-09-12 11:30:39,631 [pool-71-thread-1] INFO  storage.RaftStorage (RaftStorage.java:format(72)) - Storage directory /workdir/hadoop-ozone/integration-test/target/test-dir/MiniOzoneClusterImpl-299c34b2-84c4-4da4-b63e-5faf1abba283/datanode-4/data/ratis/fd83439c-5742-4189-b191-98d5dfbed377 has been successfully formatted.
2019-09-12 11:30:39,631 [pool-71-thread-1] INFO  ratis.ContainerStateMachine (ContainerStateMachine.java:loadSnapshot(226)) - group-98D5DFBED377: The snapshot info is null. Setting the last applied indexto:(t:0, i:~)
2019-09-12 11:30:39,632 [pool-71-thread-1] INFO  server.RaftServerConfigKeys (ConfUtils.java:logGet(43)) - raft.server.leader.election.timeout = 120s (custom)
2019-09-12 11:30:39,632 [pool-71-thread-1] INFO  server.RaftServerConfigKeys (ConfUtils.java:logGet(43)) - raft.server.log.use.memory = false (default)
2019-09-12 11:30:39,632 [pool-71-thread-1] INFO  server.RaftServerConfigKeys (ConfUtils.java:logGet(43)) - raft.server.log.purge.gap = 1000000 (custom)
2019-09-12 11:30:39,632 [pool-71-thread-1] INFO  server.RaftServerConfigKeys (ConfUtils.java:logGet(43)) - raft.server.log.appender.buffer.byte-limit = 33554432 (custom)
2019-09-12 11:30:39,633 [pool-71-thread-1] INFO  server.RaftServerConfigKeys (ConfUtils.java:logGet(43)) - raft.server.log.segment.size.max = 1048576 (custom)
2019-09-12 11:30:39,633 [pool-71-thread-1] INFO  server.RaftServerConfigKeys (ConfUtils.java:logGet(43)) - raft.server.log.segment.cache.num.max = 2 (custom)
2019-09-12 11:30:39,633 [pool-71-thread-1] INFO  segmented.SegmentedRaftLogWorker (SegmentedRaftLogWorker.java:<init>(172)) - new 55e84e38-2716-4d7a-ba5b-b02233998fb0-SegmentedRaftLogWorker:Storage Directory /workdir/hadoop-ozone/integration-test/target/test-dir/MiniOzoneClusterImpl-299c34b2-84c4-4da4-b63e-5faf1abba283/datanode-4/data/ratis/fd83439c-5742-4189-b191-98d5dfbed377 for RaftStorage:Storage Directory /workdir/hadoop-ozone/integration-test/target/test-dir/MiniOzoneClusterImpl-299c34b2-84c4-4da4-b63e-5faf1abba283/datanode-4/data/ratis/fd83439c-5742-4189-b191-98d5dfbed377
2019-09-12 11:30:39,633 [pool-71-thread-1] INFO  server.RaftServerConfigKeys (ConfUtils.java:logGet(43)) - raft.server.log.queue.byte-limit = 2147483647 (custom)
2019-09-12 11:30:39,633 [pool-71-thread-1] INFO  server.RaftServerConfigKeys (ConfUtils.java:logGet(43)) - raft.server.log.queue.element-limit = 1024 (custom)
2019-09-12 11:30:39,634 [pool-71-thread-1] INFO  server.RaftServerConfigKeys (ConfUtils.java:logGet(43)) - raft.server.log.segment.size.max = 1048576 (custom)
2019-09-12 11:30:39,634 [pool-71-thread-1] INFO  server.RaftServerConfigKeys (ConfUtils.java:logGet(43)) - raft.server.log.preallocated.size = 16384 (custom)
2019-09-12 11:30:39,634 [pool-71-thread-1] INFO  server.RaftServerConfigKeys (ConfUtils.java:logGet(43)) - raft.server.log.write.buffer.size = 33554432 (custom)
2019-09-12 11:30:39,634 [pool-71-thread-1] INFO  server.RaftServerConfigKeys (ConfUtils.java:logGet(43)) - raft.server.log.force.sync.num = 128 (default)
2019-09-12 11:30:39,635 [pool-71-thread-1] INFO  server.RaftServerConfigKeys (ConfUtils.java:logGet(43)) - raft.server.log.statemachine.data.sync = true (default)
2019-09-12 11:30:39,635 [pool-71-thread-1] INFO  server.RaftServerConfigKeys (ConfUtils.java:logGet(43)) - raft.server.log.statemachine.data.sync.timeout = 10s (default)
2019-09-12 11:30:39,635 [pool-71-thread-1] INFO  server.RaftServerConfigKeys (ConfUtils.java:logGet(43)) - raft.server.log.statemachine.data.sync.timeout.retry = -1 (default)
2019-09-12 11:30:39,635 [pool-71-thread-1] INFO  server.RaftServerConfigKeys (ConfUtils.java:logGet(43)) - raft.server.log.statemachine.data.caching.enabled = true (custom)
2019-09-12 11:30:39,636 [pool-71-thread-1] INFO  segmented.SegmentedRaftLogWorker (SegmentedRaftLogWorker.java:lambda$new$0(132)) - 55e84e38-2716-4d7a-ba5b-b02233998fb0-SegmentedRaftLogWorker:Storage Directory /workdir/hadoop-ozone/integration-test/target/test-dir/MiniOzoneClusterImpl-299c34b2-84c4-4da4-b63e-5faf1abba283/datanode-4/data/ratis/fd83439c-5742-4189-b191-98d5dfbed377: flushIndex: setUnconditionally 0 -> -1
2019-09-12 11:30:39,636 [pool-71-thread-1] INFO  server.RaftServerConfigKeys (ConfUtils.java:logGet(43)) - raft.server.snapshot.auto.trigger.enabled = true (custom)
2019-09-12 11:30:39,637 [pool-71-thread-1] INFO  server.RaftServerConfigKeys (ConfUtils.java:logGet(43)) - raft.server.snapshot.auto.trigger.threshold = 10000 (custom)
2019-09-12 11:30:39,637 [pool-71-thread-1] INFO  server.RaftServerConfigKeys (ConfUtils.java:logGet(43)) - raft.server.retrycache.expirytime = 600000ms (custom)
2019-09-12 11:30:39,637 [pool-71-thread-1] INFO  impl.RaftServerImpl (RaftServerImpl.java:start(180)) - 55e84e38-2716-4d7a-ba5b-b02233998fb0: start group-98D5DFBED377
2019-09-12 11:30:39,637 [pool-71-thread-1] INFO  impl.RaftServerImpl (RaftServerImpl.java:setRole(171)) - 55e84e38-2716-4d7a-ba5b-b02233998fb0:group-98D5DFBED377 changes role from null to FOLLOWER at term 0 for startAsFollower
2019-09-12 11:30:39,638 [pool-71-thread-1] INFO  impl.RoleInfo (RoleInfo.java:updateAndGet(143)) - 55e84e38-2716-4d7a-ba5b-b02233998fb0: start FollowerState
2019-09-12 11:30:39,638 [pool-71-thread-1] INFO  util.JmxRegister (JmxRegister.java:tryRegister(44)) - Successfully registered JMX Bean with object name Ratis:service=RaftServer,group=group-98D5DFBED377,id=55e84e38-2716-4d7a-ba5b-b02233998fb0
2019-09-12 11:30:39,667 [RatisPipelineUtilsThread] INFO  pipeline.PipelineStateManager (PipelineStateManager.java:addPipeline(56)) - Created pipeline Pipeline[ Id: fd83439c-5742-4189-b191-98d5dfbed377, Nodes: 55e84e38-2716-4d7a-ba5b-b02233998fb0{ip: 192.168.36.114, host: pr-hdds-1569-58hkm-1881083799, networkLocation: /default-rack, certSerialId: null}, Type:RATIS, Factor:ONE, State:OPEN]
2019-09-12 11:30:39,677 [main] INFO  rpc.RpcClient (RpcClient.java:createVolume(293)) - Creating Volume: test, with jenkins1000 as owner.
2019-09-12 11:30:39,679 [grpc-default-executor-0] INFO  impl.RaftServerProxy (RaftServerProxy.java:addNew(89)) - 6cc98a42-1a7b-4e12-8153-9cd82e3a5d9f: addNew group-C4AB90884D27:[6cc98a42-1a7b-4e12-8153-9cd82e3a5d9f:192.168.36.114:43339] returns group-C4AB90884D27:java.util.concurrent.CompletableFuture@7ad7e9ab[Not completed]
2019-09-12 11:30:39,681 [pool-27-thread-1] INFO  impl.RaftServerImpl (RaftServerImpl.java:<init>(93)) - 6cc98a42-1a7b-4e12-8153-9cd82e3a5d9f: new RaftServerImpl for group-C4AB90884D27:[6cc98a42-1a7b-4e12-8153-9cd82e3a5d9f:192.168.36.114:43339] with ContainerStateMachine:uninitialized
2019-09-12 11:30:39,682 [pool-27-thread-1] INFO  server.RaftServerConfigKeys (ConfUtils.java:logGet(43)) - raft.server.rpc.timeout.min = 5s (custom)
2019-09-12 11:30:39,682 [pool-27-thread-1] INFO  server.RaftServerConfigKeys (ConfUtils.java:logGet(43)) - raft.server.rpc.timeout.max = 5200ms (custom)
2019-09-12 11:30:39,682 [pool-27-thread-1] INFO  server.RaftServerConfigKeys (ConfUtils.java:logGet(43)) - raft.server.rpcslowness.timeout = 120s (custom)
2019-09-12 11:30:39,682 [pool-27-thread-1] INFO  server.RaftServerConfigKeys (ConfUtils.java:logGet(43)) - raft.server.sleep.deviation.threshold = 300 (default)
2019-09-12 11:30:39,682 [pool-27-thread-1] INFO  server.RaftServerConfigKeys (ConfUtils.java:logGet(43)) - raft.server.log.appender.install.snapshot.enabled = false (custom)
2019-09-12 11:30:39,683 [pool-27-thread-1] INFO  impl.RaftServerImpl (ServerState.java:<init>(105)) - 6cc98a42-1a7b-4e12-8153-9cd82e3a5d9f:group-C4AB90884D27 ConfigurationManager, init=-1: [6cc98a42-1a7b-4e12-8153-9cd82e3a5d9f:192.168.36.114:43339], old=null, confs=<EMPTY_MAP>
2019-09-12 11:30:39,683 [pool-27-thread-1] INFO  server.RaftServerConfigKeys (ConfUtils.java:logGet(43)) - raft.server.storage.dir = [/workdir/hadoop-ozone/integration-test/target/test-dir/MiniOzoneClusterImpl-299c34b2-84c4-4da4-b63e-5faf1abba283/datanode-0/data/ratis] (custom)
2019-09-12 11:30:39,683 [pool-27-thread-1] INFO  storage.RaftStorageDirectory (RaftStorageDirectory.java:analyzeStorage(246)) - The storage directory /workdir/hadoop-ozone/integration-test/target/test-dir/MiniOzoneClusterImpl-299c34b2-84c4-4da4-b63e-5faf1abba283/datanode-0/data/ratis/93ab9896-3f3d-4add-9595-c4ab90884d27 does not exist. Creating ...
2019-09-12 11:30:39,696 [pool-27-thread-1] INFO  storage.RaftStorageDirectory (RaftStorageDirectory.java:tryLock(328)) - Lock on /workdir/hadoop-ozone/integration-test/target/test-dir/MiniOzoneClusterImpl-299c34b2-84c4-4da4-b63e-5faf1abba283/datanode-0/data/ratis/93ab9896-3f3d-4add-9595-c4ab90884d27/in_use.lock acquired by nodename 16167@pr-hdds-1569-58hkm-1881083799
2019-09-12 11:30:39,708 | INFO  | OMAudit | user=jenkins1000 | ip=127.0.0.1 | op=CREATE_VOLUME {admin=jenkins1000, owner=jenkins1000, volume=test, creationTime=1568287839702, quotaInBytes=1152921504606846976} | ret=SUCCESS |  
2019-09-12 11:30:39,723 | INFO  | OMAudit | user=jenkins1000 | ip=127.0.0.1 | op=READ_VOLUME {volume=test} | ret=SUCCESS |  
2019-09-12 11:30:39,727 [pool-27-thread-1] INFO  storage.RaftStorage (RaftStorage.java:format(72)) - Storage directory /workdir/hadoop-ozone/integration-test/target/test-dir/MiniOzoneClusterImpl-299c34b2-84c4-4da4-b63e-5faf1abba283/datanode-0/data/ratis/93ab9896-3f3d-4add-9595-c4ab90884d27 has been successfully formatted.
2019-09-12 11:30:39,727 [pool-27-thread-1] INFO  ratis.ContainerStateMachine (ContainerStateMachine.java:loadSnapshot(226)) - group-C4AB90884D27: The snapshot info is null. Setting the last applied indexto:(t:0, i:~)
2019-09-12 11:30:39,727 [pool-27-thread-1] INFO  server.RaftServerConfigKeys (ConfUtils.java:logGet(43)) - raft.server.leader.election.timeout = 120s (custom)
2019-09-12 11:30:39,728 [pool-27-thread-1] INFO  server.RaftServerConfigKeys (ConfUtils.java:logGet(43)) - raft.server.log.use.memory = false (default)
2019-09-12 11:30:39,728 [pool-27-thread-1] INFO  server.RaftServerConfigKeys (ConfUtils.java:logGet(43)) - raft.server.log.purge.gap = 1000000 (custom)
2019-09-12 11:30:39,728 [pool-27-thread-1] INFO  server.RaftServerConfigKeys (ConfUtils.java:logGet(43)) - raft.server.log.appender.buffer.byte-limit = 33554432 (custom)
2019-09-12 11:30:39,728 [pool-27-thread-1] INFO  server.RaftServerConfigKeys (ConfUtils.java:logGet(43)) - raft.server.log.segment.size.max = 1048576 (custom)
2019-09-12 11:30:39,728 [pool-27-thread-1] INFO  server.RaftServerConfigKeys (ConfUtils.java:logGet(43)) - raft.server.log.segment.cache.num.max = 2 (custom)
2019-09-12 11:30:39,729 [pool-27-thread-1] INFO  segmented.SegmentedRaftLogWorker (SegmentedRaftLogWorker.java:<init>(172)) - new 6cc98a42-1a7b-4e12-8153-9cd82e3a5d9f-SegmentedRaftLogWorker:Storage Directory /workdir/hadoop-ozone/integration-test/target/test-dir/MiniOzoneClusterImpl-299c34b2-84c4-4da4-b63e-5faf1abba283/datanode-0/data/ratis/93ab9896-3f3d-4add-9595-c4ab90884d27 for RaftStorage:Storage Directory /workdir/hadoop-ozone/integration-test/target/test-dir/MiniOzoneClusterImpl-299c34b2-84c4-4da4-b63e-5faf1abba283/datanode-0/data/ratis/93ab9896-3f3d-4add-9595-c4ab90884d27
2019-09-12 11:30:39,729 [pool-27-thread-1] INFO  server.RaftServerConfigKeys (ConfUtils.java:logGet(43)) - raft.server.log.queue.byte-limit = 2147483647 (custom)
2019-09-12 11:30:39,729 [pool-27-thread-1] INFO  server.RaftServerConfigKeys (ConfUtils.java:logGet(43)) - raft.server.log.queue.element-limit = 1024 (custom)
2019-09-12 11:30:39,729 [pool-27-thread-1] INFO  server.RaftServerConfigKeys (ConfUtils.java:logGet(43)) - raft.server.log.segment.size.max = 1048576 (custom)
2019-09-12 11:30:39,729 [pool-27-thread-1] INFO  server.RaftServerConfigKeys (ConfUtils.java:logGet(43)) - raft.server.log.preallocated.size = 16384 (custom)
2019-09-12 11:30:39,729 [pool-27-thread-1] INFO  server.RaftServerConfigKeys (ConfUtils.java:logGet(43)) - raft.server.log.write.buffer.size = 33554432 (custom)
2019-09-12 11:30:39,730 [pool-27-thread-1] INFO  server.RaftServerConfigKeys (ConfUtils.java:logGet(43)) - raft.server.log.force.sync.num = 128 (default)
2019-09-12 11:30:39,730 [pool-27-thread-1] INFO  server.RaftServerConfigKeys (ConfUtils.java:logGet(43)) - raft.server.log.statemachine.data.sync = true (default)
2019-09-12 11:30:39,730 [pool-27-thread-1] INFO  server.RaftServerConfigKeys (ConfUtils.java:logGet(43)) - raft.server.log.statemachine.data.sync.timeout = 10s (default)
2019-09-12 11:30:39,730 [pool-27-thread-1] INFO  server.RaftServerConfigKeys (ConfUtils.java:logGet(43)) - raft.server.log.statemachine.data.sync.timeout.retry = -1 (default)
2019-09-12 11:30:39,730 [pool-27-thread-1] INFO  server.RaftServerConfigKeys (ConfUtils.java:logGet(43)) - raft.server.log.statemachine.data.caching.enabled = true (custom)
2019-09-12 11:30:39,731 [pool-27-thread-1] INFO  segmented.SegmentedRaftLogWorker (SegmentedRaftLogWorker.java:lambda$new$0(132)) - 6cc98a42-1a7b-4e12-8153-9cd82e3a5d9f-SegmentedRaftLogWorker:Storage Directory /workdir/hadoop-ozone/integration-test/target/test-dir/MiniOzoneClusterImpl-299c34b2-84c4-4da4-b63e-5faf1abba283/datanode-0/data/ratis/93ab9896-3f3d-4add-9595-c4ab90884d27: flushIndex: setUnconditionally 0 -> -1
2019-09-12 11:30:39,731 [main] INFO  rpc.RpcClient (RpcClient.java:createBucket(432)) - Creating Bucket: test/test, with Versioning false and Storage Type set to DISK and Encryption set to false 
2019-09-12 11:30:39,732 [pool-27-thread-1] INFO  server.RaftServerConfigKeys (ConfUtils.java:logGet(43)) - raft.server.snapshot.auto.trigger.enabled = true (custom)
2019-09-12 11:30:39,733 [pool-27-thread-1] INFO  server.RaftServerConfigKeys (ConfUtils.java:logGet(43)) - raft.server.snapshot.auto.trigger.threshold = 10000 (custom)
2019-09-12 11:30:39,733 [pool-27-thread-1] INFO  server.RaftServerConfigKeys (ConfUtils.java:logGet(43)) - raft.server.retrycache.expirytime = 600000ms (custom)
2019-09-12 11:30:39,733 [pool-27-thread-1] INFO  impl.RaftServerImpl (RaftServerImpl.java:start(180)) - 6cc98a42-1a7b-4e12-8153-9cd82e3a5d9f: start group-C4AB90884D27
2019-09-12 11:30:39,733 [pool-27-thread-1] INFO  impl.RaftServerImpl (RaftServerImpl.java:setRole(171)) - 6cc98a42-1a7b-4e12-8153-9cd82e3a5d9f:group-C4AB90884D27 changes role from null to FOLLOWER at term 0 for startAsFollower
2019-09-12 11:30:39,734 [pool-27-thread-1] INFO  impl.RoleInfo (RoleInfo.java:updateAndGet(143)) - 6cc98a42-1a7b-4e12-8153-9cd82e3a5d9f: start FollowerState
2019-09-12 11:30:39,734 [pool-27-thread-1] INFO  util.JmxRegister (JmxRegister.java:tryRegister(44)) - Successfully registered JMX Bean with object name Ratis:service=RaftServer,group=group-C4AB90884D27,id=6cc98a42-1a7b-4e12-8153-9cd82e3a5d9f
2019-09-12 11:30:39,740 [RatisPipelineUtilsThread] INFO  pipeline.PipelineStateManager (PipelineStateManager.java:addPipeline(56)) - Created pipeline Pipeline[ Id: 93ab9896-3f3d-4add-9595-c4ab90884d27, Nodes: 6cc98a42-1a7b-4e12-8153-9cd82e3a5d9f{ip: 192.168.36.114, host: pr-hdds-1569-58hkm-1881083799, networkLocation: /default-rack, certSerialId: null}, Type:RATIS, Factor:ONE, State:OPEN]
2019-09-12 11:30:39,740 [RatisPipelineUtilsThread] ERROR pipeline.PipelinePlacementPolicy (PipelinePlacementPolicy.java:meetCriteria(92)) - Pipeline Placement: Doesn't meet the criteria to be viable node. Heaviness: 6
2019-09-12 11:30:39,755 [grpc-default-executor-0] INFO  impl.RaftServerProxy (RaftServerProxy.java:addNew(89)) - 953ad6b8-90f2-4ccf-a2c7-42d93886e77a: addNew group-D13D4A8A1AB7:[953ad6b8-90f2-4ccf-a2c7-42d93886e77a:192.168.36.114:39831] returns group-D13D4A8A1AB7:java.util.concurrent.CompletableFuture@6895b8a3[Not completed]
2019-09-12 11:30:39,757 [pool-38-thread-1] INFO  impl.RaftServerImpl (RaftServerImpl.java:<init>(93)) - 953ad6b8-90f2-4ccf-a2c7-42d93886e77a: new RaftServerImpl for group-D13D4A8A1AB7:[953ad6b8-90f2-4ccf-a2c7-42d93886e77a:192.168.36.114:39831] with ContainerStateMachine:uninitialized
2019-09-12 11:30:39,757 [pool-38-thread-1] INFO  server.RaftServerConfigKeys (ConfUtils.java:logGet(43)) - raft.server.rpc.timeout.min = 5s (custom)
2019-09-12 11:30:39,757 [pool-38-thread-1] INFO  server.RaftServerConfigKeys (ConfUtils.java:logGet(43)) - raft.server.rpc.timeout.max = 5200ms (custom)
2019-09-12 11:30:39,758 [pool-38-thread-1] INFO  server.RaftServerConfigKeys (ConfUtils.java:logGet(43)) - raft.server.rpcslowness.timeout = 120s (custom)
2019-09-12 11:30:39,758 [pool-38-thread-1] INFO  server.RaftServerConfigKeys (ConfUtils.java:logGet(43)) - raft.server.sleep.deviation.threshold = 300 (default)
2019-09-12 11:30:39,758 [pool-38-thread-1] INFO  server.RaftServerConfigKeys (ConfUtils.java:logGet(43)) - raft.server.log.appender.install.snapshot.enabled = false (custom)
2019-09-12 11:30:39,758 [pool-38-thread-1] INFO  impl.RaftServerImpl (ServerState.java:<init>(105)) - 953ad6b8-90f2-4ccf-a2c7-42d93886e77a:group-D13D4A8A1AB7 ConfigurationManager, init=-1: [953ad6b8-90f2-4ccf-a2c7-42d93886e77a:192.168.36.114:39831], old=null, confs=<EMPTY_MAP>
2019-09-12 11:30:39,758 [pool-38-thread-1] INFO  server.RaftServerConfigKeys (ConfUtils.java:logGet(43)) - raft.server.storage.dir = [/workdir/hadoop-ozone/integration-test/target/test-dir/MiniOzoneClusterImpl-299c34b2-84c4-4da4-b63e-5faf1abba283/datanode-1/data/ratis] (custom)
2019-09-12 11:30:39,759 [pool-38-thread-1] INFO  storage.RaftStorageDirectory (RaftStorageDirectory.java:analyzeStorage(246)) - The storage directory /workdir/hadoop-ozone/integration-test/target/test-dir/MiniOzoneClusterImpl-299c34b2-84c4-4da4-b63e-5faf1abba283/datanode-1/data/ratis/32a23f6a-5f7b-42e2-8ad8-d13d4a8a1ab7 does not exist. Creating ...
2019-09-12 11:30:39,759 | INFO  | OMAudit | user=jenkins1000 | ip=127.0.0.1 | op=CREATE_BUCKET {volume=test, bucket=test, acls=[user:jenkins1000:a[ACCESS], group:default:a[ACCESS]], isVersionEnabled=false, storageType=DISK, creationTime=0} | ret=SUCCESS |  
2019-09-12 11:30:39,768 | INFO  | OMAudit | user=jenkins1000 | ip=127.0.0.1 | op=READ_VOLUME {volume=test} | ret=SUCCESS |  
2019-09-12 11:30:39,777 | INFO  | OMAudit | user=jenkins1000 | ip=127.0.0.1 | op=READ_BUCKET {volume=test, bucket=test} | ret=SUCCESS |  
2019-09-12 11:30:39,783 [pool-38-thread-1] INFO  storage.RaftStorageDirectory (RaftStorageDirectory.java:tryLock(328)) - Lock on /workdir/hadoop-ozone/integration-test/target/test-dir/MiniOzoneClusterImpl-299c34b2-84c4-4da4-b63e-5faf1abba283/datanode-1/data/ratis/32a23f6a-5f7b-42e2-8ad8-d13d4a8a1ab7/in_use.lock acquired by nodename 16167@pr-hdds-1569-58hkm-1881083799
2019-09-12 11:30:39,796 [pool-38-thread-1] INFO  storage.RaftStorage (RaftStorage.java:format(72)) - Storage directory /workdir/hadoop-ozone/integration-test/target/test-dir/MiniOzoneClusterImpl-299c34b2-84c4-4da4-b63e-5faf1abba283/datanode-1/data/ratis/32a23f6a-5f7b-42e2-8ad8-d13d4a8a1ab7 has been successfully formatted.
2019-09-12 11:30:39,796 [pool-38-thread-1] INFO  ratis.ContainerStateMachine (ContainerStateMachine.java:loadSnapshot(226)) - group-D13D4A8A1AB7: The snapshot info is null. Setting the last applied indexto:(t:0, i:~)
2019-09-12 11:30:39,796 [pool-38-thread-1] INFO  server.RaftServerConfigKeys (ConfUtils.java:logGet(43)) - raft.server.leader.election.timeout = 120s (custom)
2019-09-12 11:30:39,797 [pool-38-thread-1] INFO  server.RaftServerConfigKeys (ConfUtils.java:logGet(43)) - raft.server.log.use.memory = false (default)
2019-09-12 11:30:39,797 [pool-38-thread-1] INFO  server.RaftServerConfigKeys (ConfUtils.java:logGet(43)) - raft.server.log.purge.gap = 1000000 (custom)
2019-09-12 11:30:39,797 [pool-38-thread-1] INFO  server.RaftServerConfigKeys (ConfUtils.java:logGet(43)) - raft.server.log.appender.buffer.byte-limit = 33554432 (custom)
2019-09-12 11:30:39,797 [pool-38-thread-1] INFO  server.RaftServerConfigKeys (ConfUtils.java:logGet(43)) - raft.server.log.segment.size.max = 1048576 (custom)
2019-09-12 11:30:39,797 [pool-38-thread-1] INFO  server.RaftServerConfigKeys (ConfUtils.java:logGet(43)) - raft.server.log.segment.cache.num.max = 2 (custom)
2019-09-12 11:30:39,797 [pool-38-thread-1] INFO  segmented.SegmentedRaftLogWorker (SegmentedRaftLogWorker.java:<init>(172)) - new 953ad6b8-90f2-4ccf-a2c7-42d93886e77a-SegmentedRaftLogWorker:Storage Directory /workdir/hadoop-ozone/integration-test/target/test-dir/MiniOzoneClusterImpl-299c34b2-84c4-4da4-b63e-5faf1abba283/datanode-1/data/ratis/32a23f6a-5f7b-42e2-8ad8-d13d4a8a1ab7 for RaftStorage:Storage Directory /workdir/hadoop-ozone/integration-test/target/test-dir/MiniOzoneClusterImpl-299c34b2-84c4-4da4-b63e-5faf1abba283/datanode-1/data/ratis/32a23f6a-5f7b-42e2-8ad8-d13d4a8a1ab7
2019-09-12 11:30:39,798 [pool-38-thread-1] INFO  server.RaftServerConfigKeys (ConfUtils.java:logGet(43)) - raft.server.log.queue.byte-limit = 2147483647 (custom)
2019-09-12 11:30:39,798 [pool-38-thread-1] INFO  server.RaftServerConfigKeys (ConfUtils.java:logGet(43)) - raft.server.log.queue.element-limit = 1024 (custom)
2019-09-12 11:30:39,798 [pool-38-thread-1] INFO  server.RaftServerConfigKeys (ConfUtils.java:logGet(43)) - raft.server.log.segment.size.max = 1048576 (custom)
2019-09-12 11:30:39,798 [pool-38-thread-1] INFO  server.RaftServerConfigKeys (ConfUtils.java:logGet(43)) - raft.server.log.preallocated.size = 16384 (custom)
2019-09-12 11:30:39,798 [pool-38-thread-1] INFO  server.RaftServerConfigKeys (ConfUtils.java:logGet(43)) - raft.server.log.write.buffer.size = 33554432 (custom)
2019-09-12 11:30:39,798 [pool-38-thread-1] INFO  server.RaftServerConfigKeys (ConfUtils.java:logGet(43)) - raft.server.log.force.sync.num = 128 (default)
2019-09-12 11:30:39,799 [pool-38-thread-1] INFO  server.RaftServerConfigKeys (ConfUtils.java:logGet(43)) - raft.server.log.statemachine.data.sync = true (default)
2019-09-12 11:30:39,799 [pool-38-thread-1] INFO  server.RaftServerConfigKeys (ConfUtils.java:logGet(43)) - raft.server.log.statemachine.data.sync.timeout = 10s (default)
2019-09-12 11:30:39,799 [pool-38-thread-1] INFO  server.RaftServerConfigKeys (ConfUtils.java:logGet(43)) - raft.server.log.statemachine.data.sync.timeout.retry = -1 (default)
2019-09-12 11:30:39,799 [pool-38-thread-1] INFO  server.RaftServerConfigKeys (ConfUtils.java:logGet(43)) - raft.server.log.statemachine.data.caching.enabled = true (custom)
2019-09-12 11:30:39,800 [pool-38-thread-1] INFO  segmented.SegmentedRaftLogWorker (SegmentedRaftLogWorker.java:lambda$new$0(132)) - 953ad6b8-90f2-4ccf-a2c7-42d93886e77a-SegmentedRaftLogWorker:Storage Directory /workdir/hadoop-ozone/integration-test/target/test-dir/MiniOzoneClusterImpl-299c34b2-84c4-4da4-b63e-5faf1abba283/datanode-1/data/ratis/32a23f6a-5f7b-42e2-8ad8-d13d4a8a1ab7: flushIndex: setUnconditionally 0 -> -1
2019-09-12 11:30:39,800 [pool-38-thread-1] INFO  server.RaftServerConfigKeys (ConfUtils.java:logGet(43)) - raft.server.snapshot.auto.trigger.enabled = true (custom)
2019-09-12 11:30:39,800 [pool-38-thread-1] INFO  server.RaftServerConfigKeys (ConfUtils.java:logGet(43)) - raft.server.snapshot.auto.trigger.threshold = 10000 (custom)
2019-09-12 11:30:39,800 [pool-38-thread-1] INFO  server.RaftServerConfigKeys (ConfUtils.java:logGet(43)) - raft.server.retrycache.expirytime = 600000ms (custom)
2019-09-12 11:30:39,801 [pool-38-thread-1] INFO  impl.RaftServerImpl (RaftServerImpl.java:start(180)) - 953ad6b8-90f2-4ccf-a2c7-42d93886e77a: start group-D13D4A8A1AB7
2019-09-12 11:30:39,801 [pool-38-thread-1] INFO  impl.RaftServerImpl (RaftServerImpl.java:setRole(171)) - 953ad6b8-90f2-4ccf-a2c7-42d93886e77a:group-D13D4A8A1AB7 changes role from null to FOLLOWER at term 0 for startAsFollower
2019-09-12 11:30:39,801 [pool-38-thread-1] INFO  impl.RoleInfo (RoleInfo.java:updateAndGet(143)) - 953ad6b8-90f2-4ccf-a2c7-42d93886e77a: start FollowerState
2019-09-12 11:30:39,802 [pool-38-thread-1] INFO  util.JmxRegister (JmxRegister.java:tryRegister(44)) - Successfully registered JMX Bean with object name Ratis:service=RaftServer,group=group-D13D4A8A1AB7,id=953ad6b8-90f2-4ccf-a2c7-42d93886e77a
2019-09-12 11:30:39,807 [RatisPipelineUtilsThread] INFO  pipeline.PipelineStateManager (PipelineStateManager.java:addPipeline(56)) - Created pipeline Pipeline[ Id: 32a23f6a-5f7b-42e2-8ad8-d13d4a8a1ab7, Nodes: 953ad6b8-90f2-4ccf-a2c7-42d93886e77a{ip: 192.168.36.114, host: pr-hdds-1569-58hkm-1881083799, networkLocation: /default-rack, certSerialId: null}, Type:RATIS, Factor:ONE, State:OPEN]
2019-09-12 11:30:39,810 [RatisPipelineUtilsThread] ERROR pipeline.PipelinePlacementPolicy (PipelinePlacementPolicy.java:meetCriteria(92)) - Pipeline Placement: Doesn't meet the criteria to be viable node. Heaviness: 6
2019-09-12 11:30:39,828 [grpc-default-executor-0] INFO  impl.RaftServerProxy (RaftServerProxy.java:addNew(89)) - 953ad6b8-90f2-4ccf-a2c7-42d93886e77a: addNew group-74C1AB90D39D:[953ad6b8-90f2-4ccf-a2c7-42d93886e77a:192.168.36.114:39831] returns group-74C1AB90D39D:java.util.concurrent.CompletableFuture@35df4701[Not completed]
2019-09-12 11:30:39,829 [pool-38-thread-1] INFO  impl.RaftServerImpl (RaftServerImpl.java:<init>(93)) - 953ad6b8-90f2-4ccf-a2c7-42d93886e77a: new RaftServerImpl for group-74C1AB90D39D:[953ad6b8-90f2-4ccf-a2c7-42d93886e77a:192.168.36.114:39831] with ContainerStateMachine:uninitialized
2019-09-12 11:30:39,830 [pool-38-thread-1] INFO  server.RaftServerConfigKeys (ConfUtils.java:logGet(43)) - raft.server.rpc.timeout.min = 5s (custom)
2019-09-12 11:30:39,830 [pool-38-thread-1] INFO  server.RaftServerConfigKeys (ConfUtils.java:logGet(43)) - raft.server.rpc.timeout.max = 5200ms (custom)
2019-09-12 11:30:39,830 [pool-38-thread-1] INFO  server.RaftServerConfigKeys (ConfUtils.java:logGet(43)) - raft.server.rpcslowness.timeout = 120s (custom)
2019-09-12 11:30:39,830 [pool-38-thread-1] INFO  server.RaftServerConfigKeys (ConfUtils.java:logGet(43)) - raft.server.sleep.deviation.threshold = 300 (default)
2019-09-12 11:30:39,830 [pool-38-thread-1] INFO  server.RaftServerConfigKeys (ConfUtils.java:logGet(43)) - raft.server.log.appender.install.snapshot.enabled = false (custom)
2019-09-12 11:30:39,830 [pool-38-thread-1] INFO  impl.RaftServerImpl (ServerState.java:<init>(105)) - 953ad6b8-90f2-4ccf-a2c7-42d93886e77a:group-74C1AB90D39D ConfigurationManager, init=-1: [953ad6b8-90f2-4ccf-a2c7-42d93886e77a:192.168.36.114:39831], old=null, confs=<EMPTY_MAP>
2019-09-12 11:30:39,831 [pool-38-thread-1] INFO  server.RaftServerConfigKeys (ConfUtils.java:logGet(43)) - raft.server.storage.dir = [/workdir/hadoop-ozone/integration-test/target/test-dir/MiniOzoneClusterImpl-299c34b2-84c4-4da4-b63e-5faf1abba283/datanode-1/data/ratis] (custom)
2019-09-12 11:30:39,831 [pool-38-thread-1] INFO  storage.RaftStorageDirectory (RaftStorageDirectory.java:analyzeStorage(246)) - The storage directory /workdir/hadoop-ozone/integration-test/target/test-dir/MiniOzoneClusterImpl-299c34b2-84c4-4da4-b63e-5faf1abba283/datanode-1/data/ratis/f6933f57-7b4d-424b-b880-74c1ab90d39d does not exist. Creating ...
2019-09-12 11:30:39,844 [pool-38-thread-1] INFO  storage.RaftStorageDirectory (RaftStorageDirectory.java:tryLock(328)) - Lock on /workdir/hadoop-ozone/integration-test/target/test-dir/MiniOzoneClusterImpl-299c34b2-84c4-4da4-b63e-5faf1abba283/datanode-1/data/ratis/f6933f57-7b4d-424b-b880-74c1ab90d39d/in_use.lock acquired by nodename 16167@pr-hdds-1569-58hkm-1881083799
2019-09-12 11:30:39,857 [pool-38-thread-1] INFO  storage.RaftStorage (RaftStorage.java:format(72)) - Storage directory /workdir/hadoop-ozone/integration-test/target/test-dir/MiniOzoneClusterImpl-299c34b2-84c4-4da4-b63e-5faf1abba283/datanode-1/data/ratis/f6933f57-7b4d-424b-b880-74c1ab90d39d has been successfully formatted.
2019-09-12 11:30:39,857 [pool-38-thread-1] INFO  ratis.ContainerStateMachine (ContainerStateMachine.java:loadSnapshot(226)) - group-74C1AB90D39D: The snapshot info is null. Setting the last applied indexto:(t:0, i:~)
2019-09-12 11:30:39,858 [pool-38-thread-1] INFO  server.RaftServerConfigKeys (ConfUtils.java:logGet(43)) - raft.server.leader.election.timeout = 120s (custom)
2019-09-12 11:30:39,858 [pool-38-thread-1] INFO  server.RaftServerConfigKeys (ConfUtils.java:logGet(43)) - raft.server.log.use.memory = false (default)
2019-09-12 11:30:39,858 [pool-38-thread-1] INFO  server.RaftServerConfigKeys (ConfUtils.java:logGet(43)) - raft.server.log.purge.gap = 1000000 (custom)
2019-09-12 11:30:39,858 [pool-38-thread-1] INFO  server.RaftServerConfigKeys (ConfUtils.java:logGet(43)) - raft.server.log.appender.buffer.byte-limit = 33554432 (custom)
2019-09-12 11:30:39,858 [pool-38-thread-1] INFO  server.RaftServerConfigKeys (ConfUtils.java:logGet(43)) - raft.server.log.segment.size.max = 1048576 (custom)
2019-09-12 11:30:39,859 [pool-38-thread-1] INFO  server.RaftServerConfigKeys (ConfUtils.java:logGet(43)) - raft.server.log.segment.cache.num.max = 2 (custom)
2019-09-12 11:30:39,859 [pool-38-thread-1] INFO  segmented.SegmentedRaftLogWorker (SegmentedRaftLogWorker.java:<init>(172)) - new 953ad6b8-90f2-4ccf-a2c7-42d93886e77a-SegmentedRaftLogWorker:Storage Directory /workdir/hadoop-ozone/integration-test/target/test-dir/MiniOzoneClusterImpl-299c34b2-84c4-4da4-b63e-5faf1abba283/datanode-1/data/ratis/f6933f57-7b4d-424b-b880-74c1ab90d39d for RaftStorage:Storage Directory /workdir/hadoop-ozone/integration-test/target/test-dir/MiniOzoneClusterImpl-299c34b2-84c4-4da4-b63e-5faf1abba283/datanode-1/data/ratis/f6933f57-7b4d-424b-b880-74c1ab90d39d
2019-09-12 11:30:39,859 [pool-38-thread-1] INFO  server.RaftServerConfigKeys (ConfUtils.java:logGet(43)) - raft.server.log.queue.byte-limit = 2147483647 (custom)
2019-09-12 11:30:39,859 [pool-38-thread-1] INFO  server.RaftServerConfigKeys (ConfUtils.java:logGet(43)) - raft.server.log.queue.element-limit = 1024 (custom)
2019-09-12 11:30:39,859 [pool-38-thread-1] INFO  server.RaftServerConfigKeys (ConfUtils.java:logGet(43)) - raft.server.log.segment.size.max = 1048576 (custom)
2019-09-12 11:30:39,859 [pool-38-thread-1] INFO  server.RaftServerConfigKeys (ConfUtils.java:logGet(43)) - raft.server.log.preallocated.size = 16384 (custom)
2019-09-12 11:30:39,860 [pool-38-thread-1] INFO  server.RaftServerConfigKeys (ConfUtils.java:logGet(43)) - raft.server.log.write.buffer.size = 33554432 (custom)
2019-09-12 11:30:39,860 [pool-38-thread-1] INFO  server.RaftServerConfigKeys (ConfUtils.java:logGet(43)) - raft.server.log.force.sync.num = 128 (default)
2019-09-12 11:30:39,860 [pool-38-thread-1] INFO  server.RaftServerConfigKeys (ConfUtils.java:logGet(43)) - raft.server.log.statemachine.data.sync = true (default)
2019-09-12 11:30:39,860 [pool-38-thread-1] INFO  server.RaftServerConfigKeys (ConfUtils.java:logGet(43)) - raft.server.log.statemachine.data.sync.timeout = 10s (default)
2019-09-12 11:30:39,860 [pool-38-thread-1] INFO  server.RaftServerConfigKeys (ConfUtils.java:logGet(43)) - raft.server.log.statemachine.data.sync.timeout.retry = -1 (default)
2019-09-12 11:30:39,860 [pool-38-thread-1] INFO  server.RaftServerConfigKeys (ConfUtils.java:logGet(43)) - raft.server.log.statemachine.data.caching.enabled = true (custom)
2019-09-12 11:30:39,861 [pool-38-thread-1] INFO  segmented.SegmentedRaftLogWorker (SegmentedRaftLogWorker.java:lambda$new$0(132)) - 953ad6b8-90f2-4ccf-a2c7-42d93886e77a-SegmentedRaftLogWorker:Storage Directory /workdir/hadoop-ozone/integration-test/target/test-dir/MiniOzoneClusterImpl-299c34b2-84c4-4da4-b63e-5faf1abba283/datanode-1/data/ratis/f6933f57-7b4d-424b-b880-74c1ab90d39d: flushIndex: setUnconditionally 0 -> -1
2019-09-12 11:30:39,861 [pool-38-thread-1] INFO  server.RaftServerConfigKeys (ConfUtils.java:logGet(43)) - raft.server.snapshot.auto.trigger.enabled = true (custom)
2019-09-12 11:30:39,861 [pool-38-thread-1] INFO  server.RaftServerConfigKeys (ConfUtils.java:logGet(43)) - raft.server.snapshot.auto.trigger.threshold = 10000 (custom)
2019-09-12 11:30:39,862 [pool-38-thread-1] INFO  server.RaftServerConfigKeys (ConfUtils.java:logGet(43)) - raft.server.retrycache.expirytime = 600000ms (custom)
2019-09-12 11:30:39,862 [pool-38-thread-1] INFO  impl.RaftServerImpl (RaftServerImpl.java:start(180)) - 953ad6b8-90f2-4ccf-a2c7-42d93886e77a: start group-74C1AB90D39D
2019-09-12 11:30:39,862 [pool-38-thread-1] INFO  impl.RaftServerImpl (RaftServerImpl.java:setRole(171)) - 953ad6b8-90f2-4ccf-a2c7-42d93886e77a:group-74C1AB90D39D changes role from null to FOLLOWER at term 0 for startAsFollower
2019-09-12 11:30:39,862 [pool-38-thread-1] INFO  impl.RoleInfo (RoleInfo.java:updateAndGet(143)) - 953ad6b8-90f2-4ccf-a2c7-42d93886e77a: start FollowerState
2019-09-12 11:30:39,863 [pool-38-thread-1] INFO  util.JmxRegister (JmxRegister.java:tryRegister(44)) - Successfully registered JMX Bean with object name Ratis:service=RaftServer,group=group-74C1AB90D39D,id=953ad6b8-90f2-4ccf-a2c7-42d93886e77a
2019-09-12 11:30:39,869 [RatisPipelineUtilsThread] INFO  pipeline.PipelineStateManager (PipelineStateManager.java:addPipeline(56)) - Created pipeline Pipeline[ Id: f6933f57-7b4d-424b-b880-74c1ab90d39d, Nodes: 953ad6b8-90f2-4ccf-a2c7-42d93886e77a{ip: 192.168.36.114, host: pr-hdds-1569-58hkm-1881083799, networkLocation: /default-rack, certSerialId: null}, Type:RATIS, Factor:ONE, State:OPEN]
2019-09-12 11:30:39,871 [RatisPipelineUtilsThread] ERROR pipeline.PipelinePlacementPolicy (PipelinePlacementPolicy.java:meetCriteria(92)) - Pipeline Placement: Doesn't meet the criteria to be viable node. Heaviness: 6
2019-09-12 11:30:39,885 [grpc-default-executor-0] INFO  impl.RaftServerProxy (RaftServerProxy.java:addNew(89)) - dae80834-da68-4cdc-a6d1-3e383ebcc721: addNew group-5E1BB35CA6AD:[dae80834-da68-4cdc-a6d1-3e383ebcc721:192.168.36.114:33665] returns group-5E1BB35CA6AD:java.util.concurrent.CompletableFuture@1cda9b00[Not completed]
2019-09-12 11:30:39,891 [pool-82-thread-1] INFO  impl.RaftServerImpl (RaftServerImpl.java:<init>(93)) - dae80834-da68-4cdc-a6d1-3e383ebcc721: new RaftServerImpl for group-5E1BB35CA6AD:[dae80834-da68-4cdc-a6d1-3e383ebcc721:192.168.36.114:33665] with ContainerStateMachine:uninitialized
2019-09-12 11:30:39,891 [pool-82-thread-1] INFO  server.RaftServerConfigKeys (ConfUtils.java:logGet(43)) - raft.server.rpc.timeout.min = 5s (custom)
2019-09-12 11:30:39,891 [pool-82-thread-1] INFO  server.RaftServerConfigKeys (ConfUtils.java:logGet(43)) - raft.server.rpc.timeout.max = 5200ms (custom)
2019-09-12 11:30:39,891 [pool-82-thread-1] INFO  server.RaftServerConfigKeys (ConfUtils.java:logGet(43)) - raft.server.rpcslowness.timeout = 120s (custom)
2019-09-12 11:30:39,892 [pool-82-thread-1] INFO  server.RaftServerConfigKeys (ConfUtils.java:logGet(43)) - raft.server.sleep.deviation.threshold = 300 (default)
2019-09-12 11:30:39,892 [pool-82-thread-1] INFO  server.RaftServerConfigKeys (ConfUtils.java:logGet(43)) - raft.server.log.appender.install.snapshot.enabled = false (custom)
2019-09-12 11:30:39,892 [pool-82-thread-1] INFO  impl.RaftServerImpl (ServerState.java:<init>(105)) - dae80834-da68-4cdc-a6d1-3e383ebcc721:group-5E1BB35CA6AD ConfigurationManager, init=-1: [dae80834-da68-4cdc-a6d1-3e383ebcc721:192.168.36.114:33665], old=null, confs=<EMPTY_MAP>
2019-09-12 11:30:39,892 [pool-82-thread-1] INFO  server.RaftServerConfigKeys (ConfUtils.java:logGet(43)) - raft.server.storage.dir = [/workdir/hadoop-ozone/integration-test/target/test-dir/MiniOzoneClusterImpl-299c34b2-84c4-4da4-b63e-5faf1abba283/datanode-5/data/ratis] (custom)
2019-09-12 11:30:39,893 [pool-82-thread-1] INFO  storage.RaftStorageDirectory (RaftStorageDirectory.java:analyzeStorage(246)) - The storage directory /workdir/hadoop-ozone/integration-test/target/test-dir/MiniOzoneClusterImpl-299c34b2-84c4-4da4-b63e-5faf1abba283/datanode-5/data/ratis/85cf3600-927b-497b-afea-5e1bb35ca6ad does not exist. Creating ...
2019-09-12 11:30:39,906 [pool-82-thread-1] INFO  storage.RaftStorageDirectory (RaftStorageDirectory.java:tryLock(328)) - Lock on /workdir/hadoop-ozone/integration-test/target/test-dir/MiniOzoneClusterImpl-299c34b2-84c4-4da4-b63e-5faf1abba283/datanode-5/data/ratis/85cf3600-927b-497b-afea-5e1bb35ca6ad/in_use.lock acquired by nodename 16167@pr-hdds-1569-58hkm-1881083799
2019-09-12 11:30:39,930 [pool-82-thread-1] INFO  storage.RaftStorage (RaftStorage.java:format(72)) - Storage directory /workdir/hadoop-ozone/integration-test/target/test-dir/MiniOzoneClusterImpl-299c34b2-84c4-4da4-b63e-5faf1abba283/datanode-5/data/ratis/85cf3600-927b-497b-afea-5e1bb35ca6ad has been successfully formatted.
2019-09-12 11:30:39,931 [pool-82-thread-1] INFO  ratis.ContainerStateMachine (ContainerStateMachine.java:loadSnapshot(226)) - group-5E1BB35CA6AD: The snapshot info is null. Setting the last applied indexto:(t:0, i:~)
2019-09-12 11:30:39,931 [pool-82-thread-1] INFO  server.RaftServerConfigKeys (ConfUtils.java:logGet(43)) - raft.server.leader.election.timeout = 120s (custom)
2019-09-12 11:30:39,931 [pool-82-thread-1] INFO  server.RaftServerConfigKeys (ConfUtils.java:logGet(43)) - raft.server.log.use.memory = false (default)
2019-09-12 11:30:39,931 [pool-82-thread-1] INFO  server.RaftServerConfigKeys (ConfUtils.java:logGet(43)) - raft.server.log.purge.gap = 1000000 (custom)
2019-09-12 11:30:39,931 [pool-82-thread-1] INFO  server.RaftServerConfigKeys (ConfUtils.java:logGet(43)) - raft.server.log.appender.buffer.byte-limit = 33554432 (custom)
2019-09-12 11:30:39,931 [pool-82-thread-1] INFO  server.RaftServerConfigKeys (ConfUtils.java:logGet(43)) - raft.server.log.segment.size.max = 1048576 (custom)
2019-09-12 11:30:39,932 [pool-82-thread-1] INFO  server.RaftServerConfigKeys (ConfUtils.java:logGet(43)) - raft.server.log.segment.cache.num.max = 2 (custom)
2019-09-12 11:30:39,932 [pool-82-thread-1] INFO  segmented.SegmentedRaftLogWorker (SegmentedRaftLogWorker.java:<init>(172)) - new dae80834-da68-4cdc-a6d1-3e383ebcc721-SegmentedRaftLogWorker:Storage Directory /workdir/hadoop-ozone/integration-test/target/test-dir/MiniOzoneClusterImpl-299c34b2-84c4-4da4-b63e-5faf1abba283/datanode-5/data/ratis/85cf3600-927b-497b-afea-5e1bb35ca6ad for RaftStorage:Storage Directory /workdir/hadoop-ozone/integration-test/target/test-dir/MiniOzoneClusterImpl-299c34b2-84c4-4da4-b63e-5faf1abba283/datanode-5/data/ratis/85cf3600-927b-497b-afea-5e1bb35ca6ad
2019-09-12 11:30:39,932 [pool-82-thread-1] INFO  server.RaftServerConfigKeys (ConfUtils.java:logGet(43)) - raft.server.log.queue.byte-limit = 2147483647 (custom)
2019-09-12 11:30:39,932 [pool-82-thread-1] INFO  server.RaftServerConfigKeys (ConfUtils.java:logGet(43)) - raft.server.log.queue.element-limit = 1024 (custom)
2019-09-12 11:30:39,932 [pool-82-thread-1] INFO  server.RaftServerConfigKeys (ConfUtils.java:logGet(43)) - raft.server.log.segment.size.max = 1048576 (custom)
2019-09-12 11:30:39,933 [pool-82-thread-1] INFO  server.RaftServerConfigKeys (ConfUtils.java:logGet(43)) - raft.server.log.preallocated.size = 16384 (custom)
2019-09-12 11:30:39,933 [pool-82-thread-1] INFO  server.RaftServerConfigKeys (ConfUtils.java:logGet(43)) - raft.server.log.write.buffer.size = 33554432 (custom)
2019-09-12 11:30:39,933 [pool-82-thread-1] INFO  server.RaftServerConfigKeys (ConfUtils.java:logGet(43)) - raft.server.log.force.sync.num = 128 (default)
2019-09-12 11:30:39,933 [pool-82-thread-1] INFO  server.RaftServerConfigKeys (ConfUtils.java:logGet(43)) - raft.server.log.statemachine.data.sync = true (default)
2019-09-12 11:30:39,933 [pool-82-thread-1] INFO  server.RaftServerConfigKeys (ConfUtils.java:logGet(43)) - raft.server.log.statemachine.data.sync.timeout = 10s (default)
2019-09-12 11:30:39,933 [pool-82-thread-1] INFO  server.RaftServerConfigKeys (ConfUtils.java:logGet(43)) - raft.server.log.statemachine.data.sync.timeout.retry = -1 (default)
2019-09-12 11:30:39,933 [pool-82-thread-1] INFO  server.RaftServerConfigKeys (ConfUtils.java:logGet(43)) - raft.server.log.statemachine.data.caching.enabled = true (custom)
2019-09-12 11:30:39,934 [pool-82-thread-1] INFO  segmented.SegmentedRaftLogWorker (SegmentedRaftLogWorker.java:lambda$new$0(132)) - dae80834-da68-4cdc-a6d1-3e383ebcc721-SegmentedRaftLogWorker:Storage Directory /workdir/hadoop-ozone/integration-test/target/test-dir/MiniOzoneClusterImpl-299c34b2-84c4-4da4-b63e-5faf1abba283/datanode-5/data/ratis/85cf3600-927b-497b-afea-5e1bb35ca6ad: flushIndex: setUnconditionally 0 -> -1
2019-09-12 11:30:39,934 [pool-82-thread-1] INFO  server.RaftServerConfigKeys (ConfUtils.java:logGet(43)) - raft.server.snapshot.auto.trigger.enabled = true (custom)
2019-09-12 11:30:39,934 [pool-82-thread-1] INFO  server.RaftServerConfigKeys (ConfUtils.java:logGet(43)) - raft.server.snapshot.auto.trigger.threshold = 10000 (custom)
2019-09-12 11:30:39,934 [pool-82-thread-1] INFO  server.RaftServerConfigKeys (ConfUtils.java:logGet(43)) - raft.server.retrycache.expirytime = 600000ms (custom)
2019-09-12 11:30:39,935 [pool-82-thread-1] INFO  impl.RaftServerImpl (RaftServerImpl.java:start(180)) - dae80834-da68-4cdc-a6d1-3e383ebcc721: start group-5E1BB35CA6AD
2019-09-12 11:30:39,935 [pool-82-thread-1] INFO  impl.RaftServerImpl (RaftServerImpl.java:setRole(171)) - dae80834-da68-4cdc-a6d1-3e383ebcc721:group-5E1BB35CA6AD changes role from null to FOLLOWER at term 0 for startAsFollower
2019-09-12 11:30:39,935 [pool-82-thread-1] INFO  impl.RoleInfo (RoleInfo.java:updateAndGet(143)) - dae80834-da68-4cdc-a6d1-3e383ebcc721: start FollowerState
2019-09-12 11:30:39,935 [pool-82-thread-1] INFO  util.JmxRegister (JmxRegister.java:tryRegister(44)) - Successfully registered JMX Bean with object name Ratis:service=RaftServer,group=group-5E1BB35CA6AD,id=dae80834-da68-4cdc-a6d1-3e383ebcc721
2019-09-12 11:30:39,942 [RatisPipelineUtilsThread] INFO  pipeline.PipelineStateManager (PipelineStateManager.java:addPipeline(56)) - Created pipeline Pipeline[ Id: 85cf3600-927b-497b-afea-5e1bb35ca6ad, Nodes: dae80834-da68-4cdc-a6d1-3e383ebcc721{ip: 192.168.36.114, host: pr-hdds-1569-58hkm-1881083799, networkLocation: /default-rack, certSerialId: null}, Type:RATIS, Factor:ONE, State:OPEN]
2019-09-12 11:30:39,944 [RatisPipelineUtilsThread] ERROR pipeline.PipelinePlacementPolicy (PipelinePlacementPolicy.java:meetCriteria(92)) - Pipeline Placement: Doesn't meet the criteria to be viable node. Heaviness: 6
2019-09-12 11:30:39,958 [grpc-default-executor-0] INFO  impl.RaftServerProxy (RaftServerProxy.java:addNew(89)) - faaae1d4-820a-4881-8cfe-c76293b91720: addNew group-03BFFA88252B:[faaae1d4-820a-4881-8cfe-c76293b91720:192.168.36.114:41147] returns group-03BFFA88252B:java.util.concurrent.CompletableFuture@3941c5c7[Not completed]
2019-09-12 11:30:39,965 [pool-104-thread-1] INFO  impl.RaftServerImpl (RaftServerImpl.java:<init>(93)) - faaae1d4-820a-4881-8cfe-c76293b91720: new RaftServerImpl for group-03BFFA88252B:[faaae1d4-820a-4881-8cfe-c76293b91720:192.168.36.114:41147] with ContainerStateMachine:uninitialized
2019-09-12 11:30:39,965 [pool-104-thread-1] INFO  server.RaftServerConfigKeys (ConfUtils.java:logGet(43)) - raft.server.rpc.timeout.min = 5s (custom)
2019-09-12 11:30:39,965 [pool-104-thread-1] INFO  server.RaftServerConfigKeys (ConfUtils.java:logGet(43)) - raft.server.rpc.timeout.max = 5200ms (custom)
2019-09-12 11:30:39,965 [pool-104-thread-1] INFO  server.RaftServerConfigKeys (ConfUtils.java:logGet(43)) - raft.server.rpcslowness.timeout = 120s (custom)
2019-09-12 11:30:39,966 [pool-104-thread-1] INFO  server.RaftServerConfigKeys (ConfUtils.java:logGet(43)) - raft.server.sleep.deviation.threshold = 300 (default)
2019-09-12 11:30:39,966 [pool-104-thread-1] INFO  server.RaftServerConfigKeys (ConfUtils.java:logGet(43)) - raft.server.log.appender.install.snapshot.enabled = false (custom)
2019-09-12 11:30:39,966 [pool-104-thread-1] INFO  impl.RaftServerImpl (ServerState.java:<init>(105)) - faaae1d4-820a-4881-8cfe-c76293b91720:group-03BFFA88252B ConfigurationManager, init=-1: [faaae1d4-820a-4881-8cfe-c76293b91720:192.168.36.114:41147], old=null, confs=<EMPTY_MAP>
2019-09-12 11:30:39,966 [pool-104-thread-1] INFO  server.RaftServerConfigKeys (ConfUtils.java:logGet(43)) - raft.server.storage.dir = [/workdir/hadoop-ozone/integration-test/target/test-dir/MiniOzoneClusterImpl-299c34b2-84c4-4da4-b63e-5faf1abba283/datanode-7/data/ratis] (custom)
2019-09-12 11:30:39,967 [pool-104-thread-1] INFO  storage.RaftStorageDirectory (RaftStorageDirectory.java:analyzeStorage(246)) - The storage directory /workdir/hadoop-ozone/integration-test/target/test-dir/MiniOzoneClusterImpl-299c34b2-84c4-4da4-b63e-5faf1abba283/datanode-7/data/ratis/d2a187cd-3934-4cc5-8013-03bffa88252b does not exist. Creating ...
2019-09-12 11:30:39,986 | INFO  | SCMAudit | user=jenkins1000 | ip=192.168.36.114 | op=SEND_HEARTBEAT {datanodeUUID=041153b1-579d-462a-9927-680735a5d567, command=[]} | ret=SUCCESS |  
2019-09-12 11:30:39,987 | INFO  | SCMAudit | user=jenkins1000 | ip=192.168.36.114 | op=SEND_HEARTBEAT {datanodeUUID=eff3a7ee-c843-4140-bba9-03f77ca50619, command=[]} | ret=SUCCESS |  
2019-09-12 11:30:39,992 [pool-104-thread-1] INFO  storage.RaftStorageDirectory (RaftStorageDirectory.java:tryLock(328)) - Lock on /workdir/hadoop-ozone/integration-test/target/test-dir/MiniOzoneClusterImpl-299c34b2-84c4-4da4-b63e-5faf1abba283/datanode-7/data/ratis/d2a187cd-3934-4cc5-8013-03bffa88252b/in_use.lock acquired by nodename 16167@pr-hdds-1569-58hkm-1881083799
2019-09-12 11:30:40,005 [pool-104-thread-1] INFO  storage.RaftStorage (RaftStorage.java:format(72)) - Storage directory /workdir/hadoop-ozone/integration-test/target/test-dir/MiniOzoneClusterImpl-299c34b2-84c4-4da4-b63e-5faf1abba283/datanode-7/data/ratis/d2a187cd-3934-4cc5-8013-03bffa88252b has been successfully formatted.
2019-09-12 11:30:40,006 [pool-104-thread-1] INFO  ratis.ContainerStateMachine (ContainerStateMachine.java:loadSnapshot(226)) - group-03BFFA88252B: The snapshot info is null. Setting the last applied indexto:(t:0, i:~)
2019-09-12 11:30:40,006 [pool-104-thread-1] INFO  server.RaftServerConfigKeys (ConfUtils.java:logGet(43)) - raft.server.leader.election.timeout = 120s (custom)
2019-09-12 11:30:40,006 [pool-104-thread-1] INFO  server.RaftServerConfigKeys (ConfUtils.java:logGet(43)) - raft.server.log.use.memory = false (default)
2019-09-12 11:30:40,006 [pool-104-thread-1] INFO  server.RaftServerConfigKeys (ConfUtils.java:logGet(43)) - raft.server.log.purge.gap = 1000000 (custom)
2019-09-12 11:30:40,006 [pool-104-thread-1] INFO  server.RaftServerConfigKeys (ConfUtils.java:logGet(43)) - raft.server.log.appender.buffer.byte-limit = 33554432 (custom)
2019-09-12 11:30:40,007 [pool-104-thread-1] INFO  server.RaftServerConfigKeys (ConfUtils.java:logGet(43)) - raft.server.log.segment.size.max = 1048576 (custom)
2019-09-12 11:30:40,007 [pool-104-thread-1] INFO  server.RaftServerConfigKeys (ConfUtils.java:logGet(43)) - raft.server.log.segment.cache.num.max = 2 (custom)
2019-09-12 11:30:40,007 [pool-104-thread-1] INFO  segmented.SegmentedRaftLogWorker (SegmentedRaftLogWorker.java:<init>(172)) - new faaae1d4-820a-4881-8cfe-c76293b91720-SegmentedRaftLogWorker:Storage Directory /workdir/hadoop-ozone/integration-test/target/test-dir/MiniOzoneClusterImpl-299c34b2-84c4-4da4-b63e-5faf1abba283/datanode-7/data/ratis/d2a187cd-3934-4cc5-8013-03bffa88252b for RaftStorage:Storage Directory /workdir/hadoop-ozone/integration-test/target/test-dir/MiniOzoneClusterImpl-299c34b2-84c4-4da4-b63e-5faf1abba283/datanode-7/data/ratis/d2a187cd-3934-4cc5-8013-03bffa88252b
2019-09-12 11:30:40,007 [pool-104-thread-1] INFO  server.RaftServerConfigKeys (ConfUtils.java:logGet(43)) - raft.server.log.queue.byte-limit = 2147483647 (custom)
2019-09-12 11:30:40,007 [pool-104-thread-1] INFO  server.RaftServerConfigKeys (ConfUtils.java:logGet(43)) - raft.server.log.queue.element-limit = 1024 (custom)
2019-09-12 11:30:40,008 [pool-104-thread-1] INFO  server.RaftServerConfigKeys (ConfUtils.java:logGet(43)) - raft.server.log.segment.size.max = 1048576 (custom)
2019-09-12 11:30:40,008 [pool-104-thread-1] INFO  server.RaftServerConfigKeys (ConfUtils.java:logGet(43)) - raft.server.log.preallocated.size = 16384 (custom)
2019-09-12 11:30:40,008 [pool-104-thread-1] INFO  server.RaftServerConfigKeys (ConfUtils.java:logGet(43)) - raft.server.log.write.buffer.size = 33554432 (custom)
2019-09-12 11:30:40,008 [pool-104-thread-1] INFO  server.RaftServerConfigKeys (ConfUtils.java:logGet(43)) - raft.server.log.force.sync.num = 128 (default)
2019-09-12 11:30:40,008 [pool-104-thread-1] INFO  server.RaftServerConfigKeys (ConfUtils.java:logGet(43)) - raft.server.log.statemachine.data.sync = true (default)
2019-09-12 11:30:40,008 [pool-104-thread-1] INFO  server.RaftServerConfigKeys (ConfUtils.java:logGet(43)) - raft.server.log.statemachine.data.sync.timeout = 10s (default)
2019-09-12 11:30:40,008 [pool-104-thread-1] INFO  server.RaftServerConfigKeys (ConfUtils.java:logGet(43)) - raft.server.log.statemachine.data.sync.timeout.retry = -1 (default)
2019-09-12 11:30:40,009 [pool-104-thread-1] INFO  server.RaftServerConfigKeys (ConfUtils.java:logGet(43)) - raft.server.log.statemachine.data.caching.enabled = true (custom)
2019-09-12 11:30:40,009 [pool-104-thread-1] INFO  segmented.SegmentedRaftLogWorker (SegmentedRaftLogWorker.java:lambda$new$0(132)) - faaae1d4-820a-4881-8cfe-c76293b91720-SegmentedRaftLogWorker:Storage Directory /workdir/hadoop-ozone/integration-test/target/test-dir/MiniOzoneClusterImpl-299c34b2-84c4-4da4-b63e-5faf1abba283/datanode-7/data/ratis/d2a187cd-3934-4cc5-8013-03bffa88252b: flushIndex: setUnconditionally 0 -> -1
2019-09-12 11:30:40,010 [pool-104-thread-1] INFO  server.RaftServerConfigKeys (ConfUtils.java:logGet(43)) - raft.server.snapshot.auto.trigger.enabled = true (custom)
2019-09-12 11:30:40,010 [pool-104-thread-1] INFO  server.RaftServerConfigKeys (ConfUtils.java:logGet(43)) - raft.server.snapshot.auto.trigger.threshold = 10000 (custom)
2019-09-12 11:30:40,010 [pool-104-thread-1] INFO  server.RaftServerConfigKeys (ConfUtils.java:logGet(43)) - raft.server.retrycache.expirytime = 600000ms (custom)
2019-09-12 11:30:40,010 [pool-104-thread-1] INFO  impl.RaftServerImpl (RaftServerImpl.java:start(180)) - faaae1d4-820a-4881-8cfe-c76293b91720: start group-03BFFA88252B
2019-09-12 11:30:40,010 [pool-104-thread-1] INFO  impl.RaftServerImpl (RaftServerImpl.java:setRole(171)) - faaae1d4-820a-4881-8cfe-c76293b91720:group-03BFFA88252B changes role from null to FOLLOWER at term 0 for startAsFollower
2019-09-12 11:30:40,011 [pool-104-thread-1] INFO  impl.RoleInfo (RoleInfo.java:updateAndGet(143)) - faaae1d4-820a-4881-8cfe-c76293b91720: start FollowerState
2019-09-12 11:30:40,011 [pool-104-thread-1] INFO  util.JmxRegister (JmxRegister.java:tryRegister(44)) - Successfully registered JMX Bean with object name Ratis:service=RaftServer,group=group-03BFFA88252B,id=faaae1d4-820a-4881-8cfe-c76293b91720
2019-09-12 11:30:40,017 [RatisPipelineUtilsThread] INFO  pipeline.PipelineStateManager (PipelineStateManager.java:addPipeline(56)) - Created pipeline Pipeline[ Id: d2a187cd-3934-4cc5-8013-03bffa88252b, Nodes: faaae1d4-820a-4881-8cfe-c76293b91720{ip: 192.168.36.114, host: pr-hdds-1569-58hkm-1881083799, networkLocation: /default-rack, certSerialId: null}, Type:RATIS, Factor:ONE, State:OPEN]
2019-09-12 11:30:40,019 [RatisPipelineUtilsThread] ERROR pipeline.PipelinePlacementPolicy (PipelinePlacementPolicy.java:meetCriteria(92)) - Pipeline Placement: Doesn't meet the criteria to be viable node. Heaviness: 6
2019-09-12 11:30:40,061 [grpc-default-executor-0] INFO  impl.RaftServerProxy (RaftServerProxy.java:addNew(89)) - 55e84e38-2716-4d7a-ba5b-b02233998fb0: addNew group-43A100B9014E:[55e84e38-2716-4d7a-ba5b-b02233998fb0:192.168.36.114:43799] returns group-43A100B9014E:java.util.concurrent.CompletableFuture@33bda908[Not completed]
2019-09-12 11:30:40,063 [pool-71-thread-1] INFO  impl.RaftServerImpl (RaftServerImpl.java:<init>(93)) - 55e84e38-2716-4d7a-ba5b-b02233998fb0: new RaftServerImpl for group-43A100B9014E:[55e84e38-2716-4d7a-ba5b-b02233998fb0:192.168.36.114:43799] with ContainerStateMachine:uninitialized
2019-09-12 11:30:40,063 [pool-71-thread-1] INFO  server.RaftServerConfigKeys (ConfUtils.java:logGet(43)) - raft.server.rpc.timeout.min = 5s (custom)
2019-09-12 11:30:40,064 [pool-71-thread-1] INFO  server.RaftServerConfigKeys (ConfUtils.java:logGet(43)) - raft.server.rpc.timeout.max = 5200ms (custom)
2019-09-12 11:30:40,064 [pool-71-thread-1] INFO  server.RaftServerConfigKeys (ConfUtils.java:logGet(43)) - raft.server.rpcslowness.timeout = 120s (custom)
2019-09-12 11:30:40,064 [pool-71-thread-1] INFO  server.RaftServerConfigKeys (ConfUtils.java:logGet(43)) - raft.server.sleep.deviation.threshold = 300 (default)
2019-09-12 11:30:40,064 [pool-71-thread-1] INFO  server.RaftServerConfigKeys (ConfUtils.java:logGet(43)) - raft.server.log.appender.install.snapshot.enabled = false (custom)
2019-09-12 11:30:40,064 [pool-71-thread-1] INFO  impl.RaftServerImpl (ServerState.java:<init>(105)) - 55e84e38-2716-4d7a-ba5b-b02233998fb0:group-43A100B9014E ConfigurationManager, init=-1: [55e84e38-2716-4d7a-ba5b-b02233998fb0:192.168.36.114:43799], old=null, confs=<EMPTY_MAP>
2019-09-12 11:30:40,065 [pool-71-thread-1] INFO  server.RaftServerConfigKeys (ConfUtils.java:logGet(43)) - raft.server.storage.dir = [/workdir/hadoop-ozone/integration-test/target/test-dir/MiniOzoneClusterImpl-299c34b2-84c4-4da4-b63e-5faf1abba283/datanode-4/data/ratis] (custom)
2019-09-12 11:30:40,065 [pool-71-thread-1] INFO  storage.RaftStorageDirectory (RaftStorageDirectory.java:analyzeStorage(246)) - The storage directory /workdir/hadoop-ozone/integration-test/target/test-dir/MiniOzoneClusterImpl-299c34b2-84c4-4da4-b63e-5faf1abba283/datanode-4/data/ratis/ebd84e9d-8f47-48f1-b735-43a100b9014e does not exist. Creating ...
2019-09-12 11:30:40,078 | INFO  | SCMAudit | user=jenkins1000 | ip=192.168.36.114 | op=SEND_HEARTBEAT {datanodeUUID=6cc98a42-1a7b-4e12-8153-9cd82e3a5d9f, command=[]} | ret=SUCCESS |  
2019-09-12 11:30:40,080 [pool-71-thread-1] INFO  storage.RaftStorageDirectory (RaftStorageDirectory.java:tryLock(328)) - Lock on /workdir/hadoop-ozone/integration-test/target/test-dir/MiniOzoneClusterImpl-299c34b2-84c4-4da4-b63e-5faf1abba283/datanode-4/data/ratis/ebd84e9d-8f47-48f1-b735-43a100b9014e/in_use.lock acquired by nodename 16167@pr-hdds-1569-58hkm-1881083799
2019-09-12 11:30:40,084 | INFO  | SCMAudit | user=jenkins1000 | ip=192.168.36.114 | op=SEND_HEARTBEAT {datanodeUUID=55e84e38-2716-4d7a-ba5b-b02233998fb0, command=[]} | ret=SUCCESS |  
2019-09-12 11:30:40,096 [pool-71-thread-1] INFO  storage.RaftStorage (RaftStorage.java:format(72)) - Storage directory /workdir/hadoop-ozone/integration-test/target/test-dir/MiniOzoneClusterImpl-299c34b2-84c4-4da4-b63e-5faf1abba283/datanode-4/data/ratis/ebd84e9d-8f47-48f1-b735-43a100b9014e has been successfully formatted.
2019-09-12 11:30:40,096 [pool-71-thread-1] INFO  ratis.ContainerStateMachine (ContainerStateMachine.java:loadSnapshot(226)) - group-43A100B9014E: The snapshot info is null. Setting the last applied indexto:(t:0, i:~)
2019-09-12 11:30:40,096 [pool-71-thread-1] INFO  server.RaftServerConfigKeys (ConfUtils.java:logGet(43)) - raft.server.leader.election.timeout = 120s (custom)
2019-09-12 11:30:40,096 [pool-71-thread-1] INFO  server.RaftServerConfigKeys (ConfUtils.java:logGet(43)) - raft.server.log.use.memory = false (default)
2019-09-12 11:30:40,097 [pool-71-thread-1] INFO  server.RaftServerConfigKeys (ConfUtils.java:logGet(43)) - raft.server.log.purge.gap = 1000000 (custom)
2019-09-12 11:30:40,097 [pool-71-thread-1] INFO  server.RaftServerConfigKeys (ConfUtils.java:logGet(43)) - raft.server.log.appender.buffer.byte-limit = 33554432 (custom)
2019-09-12 11:30:40,097 [pool-71-thread-1] INFO  server.RaftServerConfigKeys (ConfUtils.java:logGet(43)) - raft.server.log.segment.size.max = 1048576 (custom)
2019-09-12 11:30:40,097 [pool-71-thread-1] INFO  server.RaftServerConfigKeys (ConfUtils.java:logGet(43)) - raft.server.log.segment.cache.num.max = 2 (custom)
2019-09-12 11:30:40,097 [pool-71-thread-1] INFO  segmented.SegmentedRaftLogWorker (SegmentedRaftLogWorker.java:<init>(172)) - new 55e84e38-2716-4d7a-ba5b-b02233998fb0-SegmentedRaftLogWorker:Storage Directory /workdir/hadoop-ozone/integration-test/target/test-dir/MiniOzoneClusterImpl-299c34b2-84c4-4da4-b63e-5faf1abba283/datanode-4/data/ratis/ebd84e9d-8f47-48f1-b735-43a100b9014e for RaftStorage:Storage Directory /workdir/hadoop-ozone/integration-test/target/test-dir/MiniOzoneClusterImpl-299c34b2-84c4-4da4-b63e-5faf1abba283/datanode-4/data/ratis/ebd84e9d-8f47-48f1-b735-43a100b9014e
2019-09-12 11:30:40,098 [pool-71-thread-1] INFO  server.RaftServerConfigKeys (ConfUtils.java:logGet(43)) - raft.server.log.queue.byte-limit = 2147483647 (custom)
2019-09-12 11:30:40,098 [pool-71-thread-1] INFO  server.RaftServerConfigKeys (ConfUtils.java:logGet(43)) - raft.server.log.queue.element-limit = 1024 (custom)
2019-09-12 11:30:40,098 [pool-71-thread-1] INFO  server.RaftServerConfigKeys (ConfUtils.java:logGet(43)) - raft.server.log.segment.size.max = 1048576 (custom)
2019-09-12 11:30:40,098 [pool-71-thread-1] INFO  server.RaftServerConfigKeys (ConfUtils.java:logGet(43)) - raft.server.log.preallocated.size = 16384 (custom)
2019-09-12 11:30:40,098 [pool-71-thread-1] INFO  server.RaftServerConfigKeys (ConfUtils.java:logGet(43)) - raft.server.log.write.buffer.size = 33554432 (custom)
2019-09-12 11:30:40,099 [pool-71-thread-1] INFO  server.RaftServerConfigKeys (ConfUtils.java:logGet(43)) - raft.server.log.force.sync.num = 128 (default)
2019-09-12 11:30:40,099 [pool-71-thread-1] INFO  server.RaftServerConfigKeys (ConfUtils.java:logGet(43)) - raft.server.log.statemachine.data.sync = true (default)
2019-09-12 11:30:40,099 [pool-71-thread-1] INFO  server.RaftServerConfigKeys (ConfUtils.java:logGet(43)) - raft.server.log.statemachine.data.sync.timeout = 10s (default)
2019-09-12 11:30:40,099 [pool-71-thread-1] INFO  server.RaftServerConfigKeys (ConfUtils.java:logGet(43)) - raft.server.log.statemachine.data.sync.timeout.retry = -1 (default)
2019-09-12 11:30:40,099 [pool-71-thread-1] INFO  server.RaftServerConfigKeys (ConfUtils.java:logGet(43)) - raft.server.log.statemachine.data.caching.enabled = true (custom)
2019-09-12 11:30:40,100 [pool-71-thread-1] INFO  segmented.SegmentedRaftLogWorker (SegmentedRaftLogWorker.java:lambda$new$0(132)) - 55e84e38-2716-4d7a-ba5b-b02233998fb0-SegmentedRaftLogWorker:Storage Directory /workdir/hadoop-ozone/integration-test/target/test-dir/MiniOzoneClusterImpl-299c34b2-84c4-4da4-b63e-5faf1abba283/datanode-4/data/ratis/ebd84e9d-8f47-48f1-b735-43a100b9014e: flushIndex: setUnconditionally 0 -> -1
2019-09-12 11:30:40,100 [pool-71-thread-1] INFO  server.RaftServerConfigKeys (ConfUtils.java:logGet(43)) - raft.server.snapshot.auto.trigger.enabled = true (custom)
2019-09-12 11:30:40,100 [pool-71-thread-1] INFO  server.RaftServerConfigKeys (ConfUtils.java:logGet(43)) - raft.server.snapshot.auto.trigger.threshold = 10000 (custom)
2019-09-12 11:30:40,101 [pool-71-thread-1] INFO  server.RaftServerConfigKeys (ConfUtils.java:logGet(43)) - raft.server.retrycache.expirytime = 600000ms (custom)
2019-09-12 11:30:40,101 [pool-71-thread-1] INFO  impl.RaftServerImpl (RaftServerImpl.java:start(180)) - 55e84e38-2716-4d7a-ba5b-b02233998fb0: start group-43A100B9014E
2019-09-12 11:30:40,101 [pool-71-thread-1] INFO  impl.RaftServerImpl (RaftServerImpl.java:setRole(171)) - 55e84e38-2716-4d7a-ba5b-b02233998fb0:group-43A100B9014E changes role from null to FOLLOWER at term 0 for startAsFollower
2019-09-12 11:30:40,101 [pool-71-thread-1] INFO  impl.RoleInfo (RoleInfo.java:updateAndGet(143)) - 55e84e38-2716-4d7a-ba5b-b02233998fb0: start FollowerState
2019-09-12 11:30:40,112 [pool-71-thread-1] INFO  util.JmxRegister (JmxRegister.java:tryRegister(44)) - Successfully registered JMX Bean with object name Ratis:service=RaftServer,group=group-43A100B9014E,id=55e84e38-2716-4d7a-ba5b-b02233998fb0
2019-09-12 11:30:40,133 [Thread-282] INFO  container.ReplicationManager (ReplicationManager.java:start(151)) - Starting Replication Monitor Thread.
2019-09-12 11:30:40,151 [ReplicationMonitor] INFO  container.ReplicationManager (ReplicationManager.java:run(214)) - Replication Monitor Thread took 0 milliseconds for processing 0 containers.
2019-09-12 11:30:40,153 [RatisPipelineUtilsThread] INFO  pipeline.PipelineStateManager (PipelineStateManager.java:addPipeline(56)) - Created pipeline Pipeline[ Id: ebd84e9d-8f47-48f1-b735-43a100b9014e, Nodes: 55e84e38-2716-4d7a-ba5b-b02233998fb0{ip: 192.168.36.114, host: pr-hdds-1569-58hkm-1881083799, networkLocation: /default-rack, certSerialId: null}, Type:RATIS, Factor:ONE, State:OPEN]
2019-09-12 11:30:40,153 [RatisPipelineUtilsThread] ERROR pipeline.PipelinePlacementPolicy (PipelinePlacementPolicy.java:meetCriteria(92)) - Pipeline Placement: Doesn't meet the criteria to be viable node. Heaviness: 6
2019-09-12 11:30:40,165 [grpc-default-executor-0] INFO  impl.RaftServerProxy (RaftServerProxy.java:addNew(89)) - 55e84e38-2716-4d7a-ba5b-b02233998fb0: addNew group-7F2CC526B921:[55e84e38-2716-4d7a-ba5b-b02233998fb0:192.168.36.114:43799] returns group-7F2CC526B921:java.util.concurrent.CompletableFuture@2c3544e0[Not completed]
2019-09-12 11:30:40,166 [pool-71-thread-1] INFO  impl.RaftServerImpl (RaftServerImpl.java:<init>(93)) - 55e84e38-2716-4d7a-ba5b-b02233998fb0: new RaftServerImpl for group-7F2CC526B921:[55e84e38-2716-4d7a-ba5b-b02233998fb0:192.168.36.114:43799] with ContainerStateMachine:uninitialized
2019-09-12 11:30:40,166 [pool-71-thread-1] INFO  server.RaftServerConfigKeys (ConfUtils.java:logGet(43)) - raft.server.rpc.timeout.min = 5s (custom)
2019-09-12 11:30:40,166 [pool-71-thread-1] INFO  server.RaftServerConfigKeys (ConfUtils.java:logGet(43)) - raft.server.rpc.timeout.max = 5200ms (custom)
2019-09-12 11:30:40,166 [pool-71-thread-1] INFO  server.RaftServerConfigKeys (ConfUtils.java:logGet(43)) - raft.server.rpcslowness.timeout = 120s (custom)
2019-09-12 11:30:40,167 [pool-71-thread-1] INFO  server.RaftServerConfigKeys (ConfUtils.java:logGet(43)) - raft.server.sleep.deviation.threshold = 300 (default)
2019-09-12 11:30:40,167 [pool-71-thread-1] INFO  server.RaftServerConfigKeys (ConfUtils.java:logGet(43)) - raft.server.log.appender.install.snapshot.enabled = false (custom)
2019-09-12 11:30:40,167 [pool-71-thread-1] INFO  impl.RaftServerImpl (ServerState.java:<init>(105)) - 55e84e38-2716-4d7a-ba5b-b02233998fb0:group-7F2CC526B921 ConfigurationManager, init=-1: [55e84e38-2716-4d7a-ba5b-b02233998fb0:192.168.36.114:43799], old=null, confs=<EMPTY_MAP>
2019-09-12 11:30:40,167 [pool-71-thread-1] INFO  server.RaftServerConfigKeys (ConfUtils.java:logGet(43)) - raft.server.storage.dir = [/workdir/hadoop-ozone/integration-test/target/test-dir/MiniOzoneClusterImpl-299c34b2-84c4-4da4-b63e-5faf1abba283/datanode-4/data/ratis] (custom)
2019-09-12 11:30:40,167 [pool-71-thread-1] INFO  storage.RaftStorageDirectory (RaftStorageDirectory.java:analyzeStorage(246)) - The storage directory /workdir/hadoop-ozone/integration-test/target/test-dir/MiniOzoneClusterImpl-299c34b2-84c4-4da4-b63e-5faf1abba283/datanode-4/data/ratis/a9c22dfc-acb8-4bcc-97ed-7f2cc526b921 does not exist. Creating ...
2019-09-12 11:30:40,180 [pool-71-thread-1] INFO  storage.RaftStorageDirectory (RaftStorageDirectory.java:tryLock(328)) - Lock on /workdir/hadoop-ozone/integration-test/target/test-dir/MiniOzoneClusterImpl-299c34b2-84c4-4da4-b63e-5faf1abba283/datanode-4/data/ratis/a9c22dfc-acb8-4bcc-97ed-7f2cc526b921/in_use.lock acquired by nodename 16167@pr-hdds-1569-58hkm-1881083799
2019-09-12 11:30:40,193 [pool-71-thread-1] INFO  storage.RaftStorage (RaftStorage.java:format(72)) - Storage directory /workdir/hadoop-ozone/integration-test/target/test-dir/MiniOzoneClusterImpl-299c34b2-84c4-4da4-b63e-5faf1abba283/datanode-4/data/ratis/a9c22dfc-acb8-4bcc-97ed-7f2cc526b921 has been successfully formatted.
2019-09-12 11:30:40,193 [pool-71-thread-1] INFO  ratis.ContainerStateMachine (ContainerStateMachine.java:loadSnapshot(226)) - group-7F2CC526B921: The snapshot info is null. Setting the last applied indexto:(t:0, i:~)
2019-09-12 11:30:40,193 [pool-71-thread-1] INFO  server.RaftServerConfigKeys (ConfUtils.java:logGet(43)) - raft.server.leader.election.timeout = 120s (custom)
2019-09-12 11:30:40,193 [pool-71-thread-1] INFO  server.RaftServerConfigKeys (ConfUtils.java:logGet(43)) - raft.server.log.use.memory = false (default)
2019-09-12 11:30:40,193 [pool-71-thread-1] INFO  server.RaftServerConfigKeys (ConfUtils.java:logGet(43)) - raft.server.log.purge.gap = 1000000 (custom)
2019-09-12 11:30:40,194 [pool-71-thread-1] INFO  server.RaftServerConfigKeys (ConfUtils.java:logGet(43)) - raft.server.log.appender.buffer.byte-limit = 33554432 (custom)
2019-09-12 11:30:40,194 [pool-71-thread-1] INFO  server.RaftServerConfigKeys (ConfUtils.java:logGet(43)) - raft.server.log.segment.size.max = 1048576 (custom)
2019-09-12 11:30:40,194 [pool-71-thread-1] INFO  server.RaftServerConfigKeys (ConfUtils.java:logGet(43)) - raft.server.log.segment.cache.num.max = 2 (custom)
2019-09-12 11:30:40,194 [pool-71-thread-1] INFO  segmented.SegmentedRaftLogWorker (SegmentedRaftLogWorker.java:<init>(172)) - new 55e84e38-2716-4d7a-ba5b-b02233998fb0-SegmentedRaftLogWorker:Storage Directory /workdir/hadoop-ozone/integration-test/target/test-dir/MiniOzoneClusterImpl-299c34b2-84c4-4da4-b63e-5faf1abba283/datanode-4/data/ratis/a9c22dfc-acb8-4bcc-97ed-7f2cc526b921 for RaftStorage:Storage Directory /workdir/hadoop-ozone/integration-test/target/test-dir/MiniOzoneClusterImpl-299c34b2-84c4-4da4-b63e-5faf1abba283/datanode-4/data/ratis/a9c22dfc-acb8-4bcc-97ed-7f2cc526b921
2019-09-12 11:30:40,194 [pool-71-thread-1] INFO  server.RaftServerConfigKeys (ConfUtils.java:logGet(43)) - raft.server.log.queue.byte-limit = 2147483647 (custom)
2019-09-12 11:30:40,194 [pool-71-thread-1] INFO  server.RaftServerConfigKeys (ConfUtils.java:logGet(43)) - raft.server.log.queue.element-limit = 1024 (custom)
2019-09-12 11:30:40,195 [pool-71-thread-1] INFO  server.RaftServerConfigKeys (ConfUtils.java:logGet(43)) - raft.server.log.segment.size.max = 1048576 (custom)
2019-09-12 11:30:40,195 [pool-71-thread-1] INFO  server.RaftServerConfigKeys (ConfUtils.java:logGet(43)) - raft.server.log.preallocated.size = 16384 (custom)
2019-09-12 11:30:40,195 [pool-71-thread-1] INFO  server.RaftServerConfigKeys (ConfUtils.java:logGet(43)) - raft.server.log.write.buffer.size = 33554432 (custom)
2019-09-12 11:30:40,195 [pool-71-thread-1] INFO  server.RaftServerConfigKeys (ConfUtils.java:logGet(43)) - raft.server.log.force.sync.num = 128 (default)
2019-09-12 11:30:40,195 [pool-71-thread-1] INFO  server.RaftServerConfigKeys (ConfUtils.java:logGet(43)) - raft.server.log.statemachine.data.sync = true (default)
2019-09-12 11:30:40,195 [pool-71-thread-1] INFO  server.RaftServerConfigKeys (ConfUtils.java:logGet(43)) - raft.server.log.statemachine.data.sync.timeout = 10s (default)
2019-09-12 11:30:40,195 [pool-71-thread-1] INFO  server.RaftServerConfigKeys (ConfUtils.java:logGet(43)) - raft.server.log.statemachine.data.sync.timeout.retry = -1 (default)
2019-09-12 11:30:40,196 [pool-71-thread-1] INFO  server.RaftServerConfigKeys (ConfUtils.java:logGet(43)) - raft.server.log.statemachine.data.caching.enabled = true (custom)
2019-09-12 11:30:40,196 [pool-71-thread-1] INFO  segmented.SegmentedRaftLogWorker (SegmentedRaftLogWorker.java:lambda$new$0(132)) - 55e84e38-2716-4d7a-ba5b-b02233998fb0-SegmentedRaftLogWorker:Storage Directory /workdir/hadoop-ozone/integration-test/target/test-dir/MiniOzoneClusterImpl-299c34b2-84c4-4da4-b63e-5faf1abba283/datanode-4/data/ratis/a9c22dfc-acb8-4bcc-97ed-7f2cc526b921: flushIndex: setUnconditionally 0 -> -1
2019-09-12 11:30:40,196 [pool-71-thread-1] INFO  server.RaftServerConfigKeys (ConfUtils.java:logGet(43)) - raft.server.snapshot.auto.trigger.enabled = true (custom)
2019-09-12 11:30:40,196 [pool-71-thread-1] INFO  server.RaftServerConfigKeys (ConfUtils.java:logGet(43)) - raft.server.snapshot.auto.trigger.threshold = 10000 (custom)
2019-09-12 11:30:40,197 [pool-71-thread-1] INFO  server.RaftServerConfigKeys (ConfUtils.java:logGet(43)) - raft.server.retrycache.expirytime = 600000ms (custom)
2019-09-12 11:30:40,197 [pool-71-thread-1] INFO  impl.RaftServerImpl (RaftServerImpl.java:start(180)) - 55e84e38-2716-4d7a-ba5b-b02233998fb0: start group-7F2CC526B921
2019-09-12 11:30:40,197 [pool-71-thread-1] INFO  impl.RaftServerImpl (RaftServerImpl.java:setRole(171)) - 55e84e38-2716-4d7a-ba5b-b02233998fb0:group-7F2CC526B921 changes role from null to FOLLOWER at term 0 for startAsFollower
2019-09-12 11:30:40,197 [pool-71-thread-1] INFO  impl.RoleInfo (RoleInfo.java:updateAndGet(143)) - 55e84e38-2716-4d7a-ba5b-b02233998fb0: start FollowerState
2019-09-12 11:30:40,198 [pool-71-thread-1] INFO  util.JmxRegister (JmxRegister.java:tryRegister(44)) - Successfully registered JMX Bean with object name Ratis:service=RaftServer,group=group-7F2CC526B921,id=55e84e38-2716-4d7a-ba5b-b02233998fb0
2019-09-12 11:30:40,204 [RatisPipelineUtilsThread] INFO  pipeline.PipelineStateManager (PipelineStateManager.java:addPipeline(56)) - Created pipeline Pipeline[ Id: a9c22dfc-acb8-4bcc-97ed-7f2cc526b921, Nodes: 55e84e38-2716-4d7a-ba5b-b02233998fb0{ip: 192.168.36.114, host: pr-hdds-1569-58hkm-1881083799, networkLocation: /default-rack, certSerialId: null}, Type:RATIS, Factor:ONE, State:OPEN]
2019-09-12 11:30:40,207 [RatisPipelineUtilsThread] ERROR pipeline.PipelinePlacementPolicy (PipelinePlacementPolicy.java:meetCriteria(92)) - Pipeline Placement: Doesn't meet the criteria to be viable node. Heaviness: 6
2019-09-12 11:30:40,219 [grpc-default-executor-0] INFO  impl.RaftServerProxy (RaftServerProxy.java:addNew(89)) - 953ad6b8-90f2-4ccf-a2c7-42d93886e77a: addNew group-E4475883638B:[953ad6b8-90f2-4ccf-a2c7-42d93886e77a:192.168.36.114:39831] returns group-E4475883638B:java.util.concurrent.CompletableFuture@59e566e1[Not completed]
2019-09-12 11:30:40,221 [pool-38-thread-1] INFO  impl.RaftServerImpl (RaftServerImpl.java:<init>(93)) - 953ad6b8-90f2-4ccf-a2c7-42d93886e77a: new RaftServerImpl for group-E4475883638B:[953ad6b8-90f2-4ccf-a2c7-42d93886e77a:192.168.36.114:39831] with ContainerStateMachine:uninitialized
2019-09-12 11:30:40,222 [pool-38-thread-1] INFO  server.RaftServerConfigKeys (ConfUtils.java:logGet(43)) - raft.server.rpc.timeout.min = 5s (custom)
2019-09-12 11:30:40,222 [pool-38-thread-1] INFO  server.RaftServerConfigKeys (ConfUtils.java:logGet(43)) - raft.server.rpc.timeout.max = 5200ms (custom)
2019-09-12 11:30:40,222 [pool-38-thread-1] INFO  server.RaftServerConfigKeys (ConfUtils.java:logGet(43)) - raft.server.rpcslowness.timeout = 120s (custom)
2019-09-12 11:30:40,222 [pool-38-thread-1] INFO  server.RaftServerConfigKeys (ConfUtils.java:logGet(43)) - raft.server.sleep.deviation.threshold = 300 (default)
2019-09-12 11:30:40,222 [pool-38-thread-1] INFO  server.RaftServerConfigKeys (ConfUtils.java:logGet(43)) - raft.server.log.appender.install.snapshot.enabled = false (custom)
2019-09-12 11:30:40,222 [pool-38-thread-1] INFO  impl.RaftServerImpl (ServerState.java:<init>(105)) - 953ad6b8-90f2-4ccf-a2c7-42d93886e77a:group-E4475883638B ConfigurationManager, init=-1: [953ad6b8-90f2-4ccf-a2c7-42d93886e77a:192.168.36.114:39831], old=null, confs=<EMPTY_MAP>
2019-09-12 11:30:40,223 [pool-38-thread-1] INFO  server.RaftServerConfigKeys (ConfUtils.java:logGet(43)) - raft.server.storage.dir = [/workdir/hadoop-ozone/integration-test/target/test-dir/MiniOzoneClusterImpl-299c34b2-84c4-4da4-b63e-5faf1abba283/datanode-1/data/ratis] (custom)
2019-09-12 11:30:40,223 [pool-38-thread-1] INFO  storage.RaftStorageDirectory (RaftStorageDirectory.java:analyzeStorage(246)) - The storage directory /workdir/hadoop-ozone/integration-test/target/test-dir/MiniOzoneClusterImpl-299c34b2-84c4-4da4-b63e-5faf1abba283/datanode-1/data/ratis/e7a4b799-d5f8-41e5-bf84-e4475883638b does not exist. Creating ...
2019-09-12 11:30:40,248 [pool-38-thread-1] INFO  storage.RaftStorageDirectory (RaftStorageDirectory.java:tryLock(328)) - Lock on /workdir/hadoop-ozone/integration-test/target/test-dir/MiniOzoneClusterImpl-299c34b2-84c4-4da4-b63e-5faf1abba283/datanode-1/data/ratis/e7a4b799-d5f8-41e5-bf84-e4475883638b/in_use.lock acquired by nodename 16167@pr-hdds-1569-58hkm-1881083799
2019-09-12 11:30:40,272 [pool-38-thread-1] INFO  storage.RaftStorage (RaftStorage.java:format(72)) - Storage directory /workdir/hadoop-ozone/integration-test/target/test-dir/MiniOzoneClusterImpl-299c34b2-84c4-4da4-b63e-5faf1abba283/datanode-1/data/ratis/e7a4b799-d5f8-41e5-bf84-e4475883638b has been successfully formatted.
2019-09-12 11:30:40,272 [pool-38-thread-1] INFO  ratis.ContainerStateMachine (ContainerStateMachine.java:loadSnapshot(226)) - group-E4475883638B: The snapshot info is null. Setting the last applied indexto:(t:0, i:~)
2019-09-12 11:30:40,273 [pool-38-thread-1] INFO  server.RaftServerConfigKeys (ConfUtils.java:logGet(43)) - raft.server.leader.election.timeout = 120s (custom)
2019-09-12 11:30:40,273 [pool-38-thread-1] INFO  server.RaftServerConfigKeys (ConfUtils.java:logGet(43)) - raft.server.log.use.memory = false (default)
2019-09-12 11:30:40,273 [pool-38-thread-1] INFO  server.RaftServerConfigKeys (ConfUtils.java:logGet(43)) - raft.server.log.purge.gap = 1000000 (custom)
2019-09-12 11:30:40,273 [pool-38-thread-1] INFO  server.RaftServerConfigKeys (ConfUtils.java:logGet(43)) - raft.server.log.appender.buffer.byte-limit = 33554432 (custom)
2019-09-12 11:30:40,273 [pool-38-thread-1] INFO  server.RaftServerConfigKeys (ConfUtils.java:logGet(43)) - raft.server.log.segment.size.max = 1048576 (custom)
2019-09-12 11:30:40,274 [pool-38-thread-1] INFO  server.RaftServerConfigKeys (ConfUtils.java:logGet(43)) - raft.server.log.segment.cache.num.max = 2 (custom)
2019-09-12 11:30:40,274 [pool-38-thread-1] INFO  segmented.SegmentedRaftLogWorker (SegmentedRaftLogWorker.java:<init>(172)) - new 953ad6b8-90f2-4ccf-a2c7-42d93886e77a-SegmentedRaftLogWorker:Storage Directory /workdir/hadoop-ozone/integration-test/target/test-dir/MiniOzoneClusterImpl-299c34b2-84c4-4da4-b63e-5faf1abba283/datanode-1/data/ratis/e7a4b799-d5f8-41e5-bf84-e4475883638b for RaftStorage:Storage Directory /workdir/hadoop-ozone/integration-test/target/test-dir/MiniOzoneClusterImpl-299c34b2-84c4-4da4-b63e-5faf1abba283/datanode-1/data/ratis/e7a4b799-d5f8-41e5-bf84-e4475883638b
2019-09-12 11:30:40,274 [pool-38-thread-1] INFO  server.RaftServerConfigKeys (ConfUtils.java:logGet(43)) - raft.server.log.queue.byte-limit = 2147483647 (custom)
2019-09-12 11:30:40,274 [pool-38-thread-1] INFO  server.RaftServerConfigKeys (ConfUtils.java:logGet(43)) - raft.server.log.queue.element-limit = 1024 (custom)
2019-09-12 11:30:40,274 [pool-38-thread-1] INFO  server.RaftServerConfigKeys (ConfUtils.java:logGet(43)) - raft.server.log.segment.size.max = 1048576 (custom)
2019-09-12 11:30:40,274 [pool-38-thread-1] INFO  server.RaftServerConfigKeys (ConfUtils.java:logGet(43)) - raft.server.log.preallocated.size = 16384 (custom)
2019-09-12 11:30:40,275 [pool-38-thread-1] INFO  server.RaftServerConfigKeys (ConfUtils.java:logGet(43)) - raft.server.log.write.buffer.size = 33554432 (custom)
2019-09-12 11:30:40,275 [pool-38-thread-1] INFO  server.RaftServerConfigKeys (ConfUtils.java:logGet(43)) - raft.server.log.force.sync.num = 128 (default)
2019-09-12 11:30:40,275 [pool-38-thread-1] INFO  server.RaftServerConfigKeys (ConfUtils.java:logGet(43)) - raft.server.log.statemachine.data.sync = true (default)
2019-09-12 11:30:40,275 [pool-38-thread-1] INFO  server.RaftServerConfigKeys (ConfUtils.java:logGet(43)) - raft.server.log.statemachine.data.sync.timeout = 10s (default)
2019-09-12 11:30:40,275 [pool-38-thread-1] INFO  server.RaftServerConfigKeys (ConfUtils.java:logGet(43)) - raft.server.log.statemachine.data.sync.timeout.retry = -1 (default)
2019-09-12 11:30:40,276 [pool-38-thread-1] INFO  server.RaftServerConfigKeys (ConfUtils.java:logGet(43)) - raft.server.log.statemachine.data.caching.enabled = true (custom)
2019-09-12 11:30:40,276 [pool-38-thread-1] INFO  segmented.SegmentedRaftLogWorker (SegmentedRaftLogWorker.java:lambda$new$0(132)) - 953ad6b8-90f2-4ccf-a2c7-42d93886e77a-SegmentedRaftLogWorker:Storage Directory /workdir/hadoop-ozone/integration-test/target/test-dir/MiniOzoneClusterImpl-299c34b2-84c4-4da4-b63e-5faf1abba283/datanode-1/data/ratis/e7a4b799-d5f8-41e5-bf84-e4475883638b: flushIndex: setUnconditionally 0 -> -1
2019-09-12 11:30:40,276 [pool-38-thread-1] INFO  server.RaftServerConfigKeys (ConfUtils.java:logGet(43)) - raft.server.snapshot.auto.trigger.enabled = true (custom)
2019-09-12 11:30:40,277 [pool-38-thread-1] INFO  server.RaftServerConfigKeys (ConfUtils.java:logGet(43)) - raft.server.snapshot.auto.trigger.threshold = 10000 (custom)
2019-09-12 11:30:40,277 [pool-38-thread-1] INFO  server.RaftServerConfigKeys (ConfUtils.java:logGet(43)) - raft.server.retrycache.expirytime = 600000ms (custom)
2019-09-12 11:30:40,277 [pool-38-thread-1] INFO  impl.RaftServerImpl (RaftServerImpl.java:start(180)) - 953ad6b8-90f2-4ccf-a2c7-42d93886e77a: start group-E4475883638B
2019-09-12 11:30:40,277 [pool-38-thread-1] INFO  impl.RaftServerImpl (RaftServerImpl.java:setRole(171)) - 953ad6b8-90f2-4ccf-a2c7-42d93886e77a:group-E4475883638B changes role from null to FOLLOWER at term 0 for startAsFollower
2019-09-12 11:30:40,277 [pool-38-thread-1] INFO  impl.RoleInfo (RoleInfo.java:updateAndGet(143)) - 953ad6b8-90f2-4ccf-a2c7-42d93886e77a: start FollowerState
2019-09-12 11:30:40,278 [pool-38-thread-1] INFO  util.JmxRegister (JmxRegister.java:tryRegister(44)) - Successfully registered JMX Bean with object name Ratis:service=RaftServer,group=group-E4475883638B,id=953ad6b8-90f2-4ccf-a2c7-42d93886e77a
2019-09-12 11:30:40,285 [RatisPipelineUtilsThread] INFO  pipeline.PipelineStateManager (PipelineStateManager.java:addPipeline(56)) - Created pipeline Pipeline[ Id: e7a4b799-d5f8-41e5-bf84-e4475883638b, Nodes: 953ad6b8-90f2-4ccf-a2c7-42d93886e77a{ip: 192.168.36.114, host: pr-hdds-1569-58hkm-1881083799, networkLocation: /default-rack, certSerialId: null}, Type:RATIS, Factor:ONE, State:OPEN]
2019-09-12 11:30:40,287 [RatisPipelineUtilsThread] ERROR pipeline.PipelinePlacementPolicy (PipelinePlacementPolicy.java:meetCriteria(92)) - Pipeline Placement: Doesn't meet the criteria to be viable node. Heaviness: 6
2019-09-12 11:30:40,287 [RatisPipelineUtilsThread] ERROR pipeline.PipelinePlacementPolicy (PipelinePlacementPolicy.java:meetCriteria(92)) - Pipeline Placement: Doesn't meet the criteria to be viable node. Heaviness: 6
2019-09-12 11:30:40,298 [grpc-default-executor-0] INFO  impl.RaftServerProxy (RaftServerProxy.java:addNew(89)) - eff3a7ee-c843-4140-bba9-03f77ca50619: addNew group-A9922A71893A:[eff3a7ee-c843-4140-bba9-03f77ca50619:192.168.36.114:45501] returns group-A9922A71893A:java.util.concurrent.CompletableFuture@2a4413b9[Not completed]
2019-09-12 11:30:40,300 [pool-49-thread-1] INFO  impl.RaftServerImpl (RaftServerImpl.java:<init>(93)) - eff3a7ee-c843-4140-bba9-03f77ca50619: new RaftServerImpl for group-A9922A71893A:[eff3a7ee-c843-4140-bba9-03f77ca50619:192.168.36.114:45501] with ContainerStateMachine:uninitialized
2019-09-12 11:30:40,300 [pool-49-thread-1] INFO  server.RaftServerConfigKeys (ConfUtils.java:logGet(43)) - raft.server.rpc.timeout.min = 5s (custom)
2019-09-12 11:30:40,300 [pool-49-thread-1] INFO  server.RaftServerConfigKeys (ConfUtils.java:logGet(43)) - raft.server.rpc.timeout.max = 5200ms (custom)
2019-09-12 11:30:40,301 [pool-49-thread-1] INFO  server.RaftServerConfigKeys (ConfUtils.java:logGet(43)) - raft.server.rpcslowness.timeout = 120s (custom)
2019-09-12 11:30:40,301 [pool-49-thread-1] INFO  server.RaftServerConfigKeys (ConfUtils.java:logGet(43)) - raft.server.sleep.deviation.threshold = 300 (default)
2019-09-12 11:30:40,301 [pool-49-thread-1] INFO  server.RaftServerConfigKeys (ConfUtils.java:logGet(43)) - raft.server.log.appender.install.snapshot.enabled = false (custom)
2019-09-12 11:30:40,301 [pool-49-thread-1] INFO  impl.RaftServerImpl (ServerState.java:<init>(105)) - eff3a7ee-c843-4140-bba9-03f77ca50619:group-A9922A71893A ConfigurationManager, init=-1: [eff3a7ee-c843-4140-bba9-03f77ca50619:192.168.36.114:45501], old=null, confs=<EMPTY_MAP>
2019-09-12 11:30:40,301 [pool-49-thread-1] INFO  server.RaftServerConfigKeys (ConfUtils.java:logGet(43)) - raft.server.storage.dir = [/workdir/hadoop-ozone/integration-test/target/test-dir/MiniOzoneClusterImpl-299c34b2-84c4-4da4-b63e-5faf1abba283/datanode-2/data/ratis] (custom)
2019-09-12 11:30:40,302 [pool-49-thread-1] INFO  storage.RaftStorageDirectory (RaftStorageDirectory.java:analyzeStorage(246)) - The storage directory /workdir/hadoop-ozone/integration-test/target/test-dir/MiniOzoneClusterImpl-299c34b2-84c4-4da4-b63e-5faf1abba283/datanode-2/data/ratis/e1e00f8d-13f0-46e0-bd3e-a9922a71893a does not exist. Creating ...
2019-09-12 11:30:40,315 [pool-49-thread-1] INFO  storage.RaftStorageDirectory (RaftStorageDirectory.java:tryLock(328)) - Lock on /workdir/hadoop-ozone/integration-test/target/test-dir/MiniOzoneClusterImpl-299c34b2-84c4-4da4-b63e-5faf1abba283/datanode-2/data/ratis/e1e00f8d-13f0-46e0-bd3e-a9922a71893a/in_use.lock acquired by nodename 16167@pr-hdds-1569-58hkm-1881083799
2019-09-12 11:30:40,327 [pool-49-thread-1] INFO  storage.RaftStorage (RaftStorage.java:format(72)) - Storage directory /workdir/hadoop-ozone/integration-test/target/test-dir/MiniOzoneClusterImpl-299c34b2-84c4-4da4-b63e-5faf1abba283/datanode-2/data/ratis/e1e00f8d-13f0-46e0-bd3e-a9922a71893a has been successfully formatted.
2019-09-12 11:30:40,328 [pool-49-thread-1] INFO  ratis.ContainerStateMachine (ContainerStateMachine.java:loadSnapshot(226)) - group-A9922A71893A: The snapshot info is null. Setting the last applied indexto:(t:0, i:~)
2019-09-12 11:30:40,328 [pool-49-thread-1] INFO  server.RaftServerConfigKeys (ConfUtils.java:logGet(43)) - raft.server.leader.election.timeout = 120s (custom)
2019-09-12 11:30:40,328 [pool-49-thread-1] INFO  server.RaftServerConfigKeys (ConfUtils.java:logGet(43)) - raft.server.log.use.memory = false (default)
2019-09-12 11:30:40,328 [pool-49-thread-1] INFO  server.RaftServerConfigKeys (ConfUtils.java:logGet(43)) - raft.server.log.purge.gap = 1000000 (custom)
2019-09-12 11:30:40,328 [pool-49-thread-1] INFO  server.RaftServerConfigKeys (ConfUtils.java:logGet(43)) - raft.server.log.appender.buffer.byte-limit = 33554432 (custom)
2019-09-12 11:30:40,328 [pool-49-thread-1] INFO  server.RaftServerConfigKeys (ConfUtils.java:logGet(43)) - raft.server.log.segment.size.max = 1048576 (custom)
2019-09-12 11:30:40,329 [pool-49-thread-1] INFO  server.RaftServerConfigKeys (ConfUtils.java:logGet(43)) - raft.server.log.segment.cache.num.max = 2 (custom)
2019-09-12 11:30:40,329 [pool-49-thread-1] INFO  segmented.SegmentedRaftLogWorker (SegmentedRaftLogWorker.java:<init>(172)) - new eff3a7ee-c843-4140-bba9-03f77ca50619-SegmentedRaftLogWorker:Storage Directory /workdir/hadoop-ozone/integration-test/target/test-dir/MiniOzoneClusterImpl-299c34b2-84c4-4da4-b63e-5faf1abba283/datanode-2/data/ratis/e1e00f8d-13f0-46e0-bd3e-a9922a71893a for RaftStorage:Storage Directory /workdir/hadoop-ozone/integration-test/target/test-dir/MiniOzoneClusterImpl-299c34b2-84c4-4da4-b63e-5faf1abba283/datanode-2/data/ratis/e1e00f8d-13f0-46e0-bd3e-a9922a71893a
2019-09-12 11:30:40,329 [pool-49-thread-1] INFO  server.RaftServerConfigKeys (ConfUtils.java:logGet(43)) - raft.server.log.queue.byte-limit = 2147483647 (custom)
2019-09-12 11:30:40,329 [pool-49-thread-1] INFO  server.RaftServerConfigKeys (ConfUtils.java:logGet(43)) - raft.server.log.queue.element-limit = 1024 (custom)
2019-09-12 11:30:40,329 [pool-49-thread-1] INFO  server.RaftServerConfigKeys (ConfUtils.java:logGet(43)) - raft.server.log.segment.size.max = 1048576 (custom)
2019-09-12 11:30:40,329 [pool-49-thread-1] INFO  server.RaftServerConfigKeys (ConfUtils.java:logGet(43)) - raft.server.log.preallocated.size = 16384 (custom)
2019-09-12 11:30:40,330 [pool-49-thread-1] INFO  server.RaftServerConfigKeys (ConfUtils.java:logGet(43)) - raft.server.log.write.buffer.size = 33554432 (custom)
2019-09-12 11:30:40,330 [pool-49-thread-1] INFO  server.RaftServerConfigKeys (ConfUtils.java:logGet(43)) - raft.server.log.force.sync.num = 128 (default)
2019-09-12 11:30:40,330 [pool-49-thread-1] INFO  server.RaftServerConfigKeys (ConfUtils.java:logGet(43)) - raft.server.log.statemachine.data.sync = true (default)
2019-09-12 11:30:40,330 [pool-49-thread-1] INFO  server.RaftServerConfigKeys (ConfUtils.java:logGet(43)) - raft.server.log.statemachine.data.sync.timeout = 10s (default)
2019-09-12 11:30:40,330 [pool-49-thread-1] INFO  server.RaftServerConfigKeys (ConfUtils.java:logGet(43)) - raft.server.log.statemachine.data.sync.timeout.retry = -1 (default)
2019-09-12 11:30:40,330 [pool-49-thread-1] INFO  server.RaftServerConfigKeys (ConfUtils.java:logGet(43)) - raft.server.log.statemachine.data.caching.enabled = true (custom)
2019-09-12 11:30:40,331 [pool-49-thread-1] INFO  segmented.SegmentedRaftLogWorker (SegmentedRaftLogWorker.java:lambda$new$0(132)) - eff3a7ee-c843-4140-bba9-03f77ca50619-SegmentedRaftLogWorker:Storage Directory /workdir/hadoop-ozone/integration-test/target/test-dir/MiniOzoneClusterImpl-299c34b2-84c4-4da4-b63e-5faf1abba283/datanode-2/data/ratis/e1e00f8d-13f0-46e0-bd3e-a9922a71893a: flushIndex: setUnconditionally 0 -> -1
2019-09-12 11:30:40,331 [pool-49-thread-1] INFO  server.RaftServerConfigKeys (ConfUtils.java:logGet(43)) - raft.server.snapshot.auto.trigger.enabled = true (custom)
2019-09-12 11:30:40,331 [pool-49-thread-1] INFO  server.RaftServerConfigKeys (ConfUtils.java:logGet(43)) - raft.server.snapshot.auto.trigger.threshold = 10000 (custom)
2019-09-12 11:30:40,332 [pool-49-thread-1] INFO  server.RaftServerConfigKeys (ConfUtils.java:logGet(43)) - raft.server.retrycache.expirytime = 600000ms (custom)
2019-09-12 11:30:40,332 [pool-49-thread-1] INFO  impl.RaftServerImpl (RaftServerImpl.java:start(180)) - eff3a7ee-c843-4140-bba9-03f77ca50619: start group-A9922A71893A
2019-09-12 11:30:40,332 [pool-49-thread-1] INFO  impl.RaftServerImpl (RaftServerImpl.java:setRole(171)) - eff3a7ee-c843-4140-bba9-03f77ca50619:group-A9922A71893A changes role from null to FOLLOWER at term 0 for startAsFollower
2019-09-12 11:30:40,332 [pool-49-thread-1] INFO  impl.RoleInfo (RoleInfo.java:updateAndGet(143)) - eff3a7ee-c843-4140-bba9-03f77ca50619: start FollowerState
2019-09-12 11:30:40,333 [pool-49-thread-1] INFO  util.JmxRegister (JmxRegister.java:tryRegister(44)) - Successfully registered JMX Bean with object name Ratis:service=RaftServer,group=group-A9922A71893A,id=eff3a7ee-c843-4140-bba9-03f77ca50619
2019-09-12 11:30:40,339 [RatisPipelineUtilsThread] INFO  pipeline.PipelineStateManager (PipelineStateManager.java:addPipeline(56)) - Created pipeline Pipeline[ Id: e1e00f8d-13f0-46e0-bd3e-a9922a71893a, Nodes: eff3a7ee-c843-4140-bba9-03f77ca50619{ip: 192.168.36.114, host: pr-hdds-1569-58hkm-1881083799, networkLocation: /default-rack, certSerialId: null}, Type:RATIS, Factor:ONE, State:OPEN]
2019-09-12 11:30:40,342 [RatisPipelineUtilsThread] ERROR pipeline.PipelinePlacementPolicy (PipelinePlacementPolicy.java:meetCriteria(92)) - Pipeline Placement: Doesn't meet the criteria to be viable node. Heaviness: 6
2019-09-12 11:30:40,342 [RatisPipelineUtilsThread] ERROR pipeline.PipelinePlacementPolicy (PipelinePlacementPolicy.java:meetCriteria(92)) - Pipeline Placement: Doesn't meet the criteria to be viable node. Heaviness: 6
2019-09-12 11:30:40,345 | INFO  | SCMAudit | user=jenkins1000 | ip=192.168.36.114 | op=SEND_HEARTBEAT {datanodeUUID=953ad6b8-90f2-4ccf-a2c7-42d93886e77a, command=[]} | ret=SUCCESS |  
2019-09-12 11:30:40,354 [grpc-default-executor-0] INFO  impl.RaftServerProxy (RaftServerProxy.java:addNew(89)) - 55e84e38-2716-4d7a-ba5b-b02233998fb0: addNew group-0C6126F25D2E:[55e84e38-2716-4d7a-ba5b-b02233998fb0:192.168.36.114:43799] returns group-0C6126F25D2E:java.util.concurrent.CompletableFuture@2c090af0[Not completed]
2019-09-12 11:30:40,356 [pool-71-thread-1] INFO  impl.RaftServerImpl (RaftServerImpl.java:<init>(93)) - 55e84e38-2716-4d7a-ba5b-b02233998fb0: new RaftServerImpl for group-0C6126F25D2E:[55e84e38-2716-4d7a-ba5b-b02233998fb0:192.168.36.114:43799] with ContainerStateMachine:uninitialized
2019-09-12 11:30:40,356 [pool-71-thread-1] INFO  server.RaftServerConfigKeys (ConfUtils.java:logGet(43)) - raft.server.rpc.timeout.min = 5s (custom)
2019-09-12 11:30:40,356 [pool-71-thread-1] INFO  server.RaftServerConfigKeys (ConfUtils.java:logGet(43)) - raft.server.rpc.timeout.max = 5200ms (custom)
2019-09-12 11:30:40,356 [pool-71-thread-1] INFO  server.RaftServerConfigKeys (ConfUtils.java:logGet(43)) - raft.server.rpcslowness.timeout = 120s (custom)
2019-09-12 11:30:40,357 [pool-71-thread-1] INFO  server.RaftServerConfigKeys (ConfUtils.java:logGet(43)) - raft.server.sleep.deviation.threshold = 300 (default)
2019-09-12 11:30:40,357 [pool-71-thread-1] INFO  server.RaftServerConfigKeys (ConfUtils.java:logGet(43)) - raft.server.log.appender.install.snapshot.enabled = false (custom)
2019-09-12 11:30:40,357 [pool-71-thread-1] INFO  impl.RaftServerImpl (ServerState.java:<init>(105)) - 55e84e38-2716-4d7a-ba5b-b02233998fb0:group-0C6126F25D2E ConfigurationManager, init=-1: [55e84e38-2716-4d7a-ba5b-b02233998fb0:192.168.36.114:43799], old=null, confs=<EMPTY_MAP>
2019-09-12 11:30:40,357 [pool-71-thread-1] INFO  server.RaftServerConfigKeys (ConfUtils.java:logGet(43)) - raft.server.storage.dir = [/workdir/hadoop-ozone/integration-test/target/test-dir/MiniOzoneClusterImpl-299c34b2-84c4-4da4-b63e-5faf1abba283/datanode-4/data/ratis] (custom)
2019-09-12 11:30:40,357 [pool-71-thread-1] INFO  storage.RaftStorageDirectory (RaftStorageDirectory.java:analyzeStorage(246)) - The storage directory /workdir/hadoop-ozone/integration-test/target/test-dir/MiniOzoneClusterImpl-299c34b2-84c4-4da4-b63e-5faf1abba283/datanode-4/data/ratis/40f4dc69-1ebe-4fe3-8341-0c6126f25d2e does not exist. Creating ...
2019-09-12 11:30:40,370 [pool-71-thread-1] INFO  storage.RaftStorageDirectory (RaftStorageDirectory.java:tryLock(328)) - Lock on /workdir/hadoop-ozone/integration-test/target/test-dir/MiniOzoneClusterImpl-299c34b2-84c4-4da4-b63e-5faf1abba283/datanode-4/data/ratis/40f4dc69-1ebe-4fe3-8341-0c6126f25d2e/in_use.lock acquired by nodename 16167@pr-hdds-1569-58hkm-1881083799
2019-09-12 11:30:40,381 | INFO  | SCMAudit | user=jenkins1000 | ip=192.168.36.114 | op=SEND_HEARTBEAT {datanodeUUID=dae80834-da68-4cdc-a6d1-3e383ebcc721, command=[]} | ret=SUCCESS |  
2019-09-12 11:30:40,383 [pool-71-thread-1] INFO  storage.RaftStorage (RaftStorage.java:format(72)) - Storage directory /workdir/hadoop-ozone/integration-test/target/test-dir/MiniOzoneClusterImpl-299c34b2-84c4-4da4-b63e-5faf1abba283/datanode-4/data/ratis/40f4dc69-1ebe-4fe3-8341-0c6126f25d2e has been successfully formatted.
2019-09-12 11:30:40,383 [pool-71-thread-1] INFO  ratis.ContainerStateMachine (ContainerStateMachine.java:loadSnapshot(226)) - group-0C6126F25D2E: The snapshot info is null. Setting the last applied indexto:(t:0, i:~)
2019-09-12 11:30:40,383 [pool-71-thread-1] INFO  server.RaftServerConfigKeys (ConfUtils.java:logGet(43)) - raft.server.leader.election.timeout = 120s (custom)
2019-09-12 11:30:40,383 [pool-71-thread-1] INFO  server.RaftServerConfigKeys (ConfUtils.java:logGet(43)) - raft.server.log.use.memory = false (default)
2019-09-12 11:30:40,384 [pool-71-thread-1] INFO  server.RaftServerConfigKeys (ConfUtils.java:logGet(43)) - raft.server.log.purge.gap = 1000000 (custom)
2019-09-12 11:30:40,384 [pool-71-thread-1] INFO  server.RaftServerConfigKeys (ConfUtils.java:logGet(43)) - raft.server.log.appender.buffer.byte-limit = 33554432 (custom)
2019-09-12 11:30:40,384 [pool-71-thread-1] INFO  server.RaftServerConfigKeys (ConfUtils.java:logGet(43)) - raft.server.log.segment.size.max = 1048576 (custom)
2019-09-12 11:30:40,384 [pool-71-thread-1] INFO  server.RaftServerConfigKeys (ConfUtils.java:logGet(43)) - raft.server.log.segment.cache.num.max = 2 (custom)
2019-09-12 11:30:40,384 [pool-71-thread-1] INFO  segmented.SegmentedRaftLogWorker (SegmentedRaftLogWorker.java:<init>(172)) - new 55e84e38-2716-4d7a-ba5b-b02233998fb0-SegmentedRaftLogWorker:Storage Directory /workdir/hadoop-ozone/integration-test/target/test-dir/MiniOzoneClusterImpl-299c34b2-84c4-4da4-b63e-5faf1abba283/datanode-4/data/ratis/40f4dc69-1ebe-4fe3-8341-0c6126f25d2e for RaftStorage:Storage Directory /workdir/hadoop-ozone/integration-test/target/test-dir/MiniOzoneClusterImpl-299c34b2-84c4-4da4-b63e-5faf1abba283/datanode-4/data/ratis/40f4dc69-1ebe-4fe3-8341-0c6126f25d2e
2019-09-12 11:30:40,384 [pool-71-thread-1] INFO  server.RaftServerConfigKeys (ConfUtils.java:logGet(43)) - raft.server.log.queue.byte-limit = 2147483647 (custom)
2019-09-12 11:30:40,385 [pool-71-thread-1] INFO  server.RaftServerConfigKeys (ConfUtils.java:logGet(43)) - raft.server.log.queue.element-limit = 1024 (custom)
2019-09-12 11:30:40,385 [pool-71-thread-1] INFO  server.RaftServerConfigKeys (ConfUtils.java:logGet(43)) - raft.server.log.segment.size.max = 1048576 (custom)
2019-09-12 11:30:40,385 [pool-71-thread-1] INFO  server.RaftServerConfigKeys (ConfUtils.java:logGet(43)) - raft.server.log.preallocated.size = 16384 (custom)
2019-09-12 11:30:40,385 [pool-71-thread-1] INFO  server.RaftServerConfigKeys (ConfUtils.java:logGet(43)) - raft.server.log.write.buffer.size = 33554432 (custom)
2019-09-12 11:30:40,385 [pool-71-thread-1] INFO  server.RaftServerConfigKeys (ConfUtils.java:logGet(43)) - raft.server.log.force.sync.num = 128 (default)
2019-09-12 11:30:40,385 [pool-71-thread-1] INFO  server.RaftServerConfigKeys (ConfUtils.java:logGet(43)) - raft.server.log.statemachine.data.sync = true (default)
2019-09-12 11:30:40,386 [pool-71-thread-1] INFO  server.RaftServerConfigKeys (ConfUtils.java:logGet(43)) - raft.server.log.statemachine.data.sync.timeout = 10s (default)
2019-09-12 11:30:40,386 [pool-71-thread-1] INFO  server.RaftServerConfigKeys (ConfUtils.java:logGet(43)) - raft.server.log.statemachine.data.sync.timeout.retry = -1 (default)
2019-09-12 11:30:40,386 [pool-71-thread-1] INFO  server.RaftServerConfigKeys (ConfUtils.java:logGet(43)) - raft.server.log.statemachine.data.caching.enabled = true (custom)
2019-09-12 11:30:40,386 [pool-71-thread-1] INFO  segmented.SegmentedRaftLogWorker (SegmentedRaftLogWorker.java:lambda$new$0(132)) - 55e84e38-2716-4d7a-ba5b-b02233998fb0-SegmentedRaftLogWorker:Storage Directory /workdir/hadoop-ozone/integration-test/target/test-dir/MiniOzoneClusterImpl-299c34b2-84c4-4da4-b63e-5faf1abba283/datanode-4/data/ratis/40f4dc69-1ebe-4fe3-8341-0c6126f25d2e: flushIndex: setUnconditionally 0 -> -1
2019-09-12 11:30:40,387 [pool-71-thread-1] INFO  server.RaftServerConfigKeys (ConfUtils.java:logGet(43)) - raft.server.snapshot.auto.trigger.enabled = true (custom)
2019-09-12 11:30:40,387 [pool-71-thread-1] INFO  server.RaftServerConfigKeys (ConfUtils.java:logGet(43)) - raft.server.snapshot.auto.trigger.threshold = 10000 (custom)
2019-09-12 11:30:40,387 [pool-71-thread-1] INFO  server.RaftServerConfigKeys (ConfUtils.java:logGet(43)) - raft.server.retrycache.expirytime = 600000ms (custom)
2019-09-12 11:30:40,387 [pool-71-thread-1] INFO  impl.RaftServerImpl (RaftServerImpl.java:start(180)) - 55e84e38-2716-4d7a-ba5b-b02233998fb0: start group-0C6126F25D2E
2019-09-12 11:30:40,387 [pool-71-thread-1] INFO  impl.RaftServerImpl (RaftServerImpl.java:setRole(171)) - 55e84e38-2716-4d7a-ba5b-b02233998fb0:group-0C6126F25D2E changes role from null to FOLLOWER at term 0 for startAsFollower
2019-09-12 11:30:40,388 [pool-71-thread-1] INFO  impl.RoleInfo (RoleInfo.java:updateAndGet(143)) - 55e84e38-2716-4d7a-ba5b-b02233998fb0: start FollowerState
2019-09-12 11:30:40,388 [pool-71-thread-1] INFO  util.JmxRegister (JmxRegister.java:tryRegister(44)) - Successfully registered JMX Bean with object name Ratis:service=RaftServer,group=group-0C6126F25D2E,id=55e84e38-2716-4d7a-ba5b-b02233998fb0
2019-09-12 11:30:40,394 [RatisPipelineUtilsThread] INFO  pipeline.PipelineStateManager (PipelineStateManager.java:addPipeline(56)) - Created pipeline Pipeline[ Id: 40f4dc69-1ebe-4fe3-8341-0c6126f25d2e, Nodes: 55e84e38-2716-4d7a-ba5b-b02233998fb0{ip: 192.168.36.114, host: pr-hdds-1569-58hkm-1881083799, networkLocation: /default-rack, certSerialId: null}, Type:RATIS, Factor:ONE, State:OPEN]
2019-09-12 11:30:40,396 [RatisPipelineUtilsThread] ERROR pipeline.PipelinePlacementPolicy (PipelinePlacementPolicy.java:meetCriteria(92)) - Pipeline Placement: Doesn't meet the criteria to be viable node. Heaviness: 6
2019-09-12 11:30:40,396 [RatisPipelineUtilsThread] ERROR pipeline.PipelinePlacementPolicy (PipelinePlacementPolicy.java:meetCriteria(92)) - Pipeline Placement: Doesn't meet the criteria to be viable node. Heaviness: 6
2019-09-12 11:30:40,406 [grpc-default-executor-0] INFO  impl.RaftServerProxy (RaftServerProxy.java:addNew(89)) - faaae1d4-820a-4881-8cfe-c76293b91720: addNew group-CABC5B35395D:[faaae1d4-820a-4881-8cfe-c76293b91720:192.168.36.114:41147] returns group-CABC5B35395D:java.util.concurrent.CompletableFuture@820b1a2[Not completed]
2019-09-12 11:30:40,408 [pool-104-thread-1] INFO  impl.RaftServerImpl (RaftServerImpl.java:<init>(93)) - faaae1d4-820a-4881-8cfe-c76293b91720: new RaftServerImpl for group-CABC5B35395D:[faaae1d4-820a-4881-8cfe-c76293b91720:192.168.36.114:41147] with ContainerStateMachine:uninitialized
2019-09-12 11:30:40,408 [pool-104-thread-1] INFO  server.RaftServerConfigKeys (ConfUtils.java:logGet(43)) - raft.server.rpc.timeout.min = 5s (custom)
2019-09-12 11:30:40,409 [pool-104-thread-1] INFO  server.RaftServerConfigKeys (ConfUtils.java:logGet(43)) - raft.server.rpc.timeout.max = 5200ms (custom)
2019-09-12 11:30:40,409 [pool-104-thread-1] INFO  server.RaftServerConfigKeys (ConfUtils.java:logGet(43)) - raft.server.rpcslowness.timeout = 120s (custom)
2019-09-12 11:30:40,409 [pool-104-thread-1] INFO  server.RaftServerConfigKeys (ConfUtils.java:logGet(43)) - raft.server.sleep.deviation.threshold = 300 (default)
2019-09-12 11:30:40,409 [pool-104-thread-1] INFO  server.RaftServerConfigKeys (ConfUtils.java:logGet(43)) - raft.server.log.appender.install.snapshot.enabled = false (custom)
2019-09-12 11:30:40,409 [pool-104-thread-1] INFO  impl.RaftServerImpl (ServerState.java:<init>(105)) - faaae1d4-820a-4881-8cfe-c76293b91720:group-CABC5B35395D ConfigurationManager, init=-1: [faaae1d4-820a-4881-8cfe-c76293b91720:192.168.36.114:41147], old=null, confs=<EMPTY_MAP>
2019-09-12 11:30:40,409 [pool-104-thread-1] INFO  server.RaftServerConfigKeys (ConfUtils.java:logGet(43)) - raft.server.storage.dir = [/workdir/hadoop-ozone/integration-test/target/test-dir/MiniOzoneClusterImpl-299c34b2-84c4-4da4-b63e-5faf1abba283/datanode-7/data/ratis] (custom)
2019-09-12 11:30:40,410 [pool-104-thread-1] INFO  storage.RaftStorageDirectory (RaftStorageDirectory.java:analyzeStorage(246)) - The storage directory /workdir/hadoop-ozone/integration-test/target/test-dir/MiniOzoneClusterImpl-299c34b2-84c4-4da4-b63e-5faf1abba283/datanode-7/data/ratis/a4ca7624-a967-4026-a5e3-cabc5b35395d does not exist. Creating ...
2019-09-12 11:30:40,422 [pool-104-thread-1] INFO  storage.RaftStorageDirectory (RaftStorageDirectory.java:tryLock(328)) - Lock on /workdir/hadoop-ozone/integration-test/target/test-dir/MiniOzoneClusterImpl-299c34b2-84c4-4da4-b63e-5faf1abba283/datanode-7/data/ratis/a4ca7624-a967-4026-a5e3-cabc5b35395d/in_use.lock acquired by nodename 16167@pr-hdds-1569-58hkm-1881083799
2019-09-12 11:30:40,435 [pool-104-thread-1] INFO  storage.RaftStorage (RaftStorage.java:format(72)) - Storage directory /workdir/hadoop-ozone/integration-test/target/test-dir/MiniOzoneClusterImpl-299c34b2-84c4-4da4-b63e-5faf1abba283/datanode-7/data/ratis/a4ca7624-a967-4026-a5e3-cabc5b35395d has been successfully formatted.
2019-09-12 11:30:40,435 [pool-104-thread-1] INFO  ratis.ContainerStateMachine (ContainerStateMachine.java:loadSnapshot(226)) - group-CABC5B35395D: The snapshot info is null. Setting the last applied indexto:(t:0, i:~)
2019-09-12 11:30:40,435 [pool-104-thread-1] INFO  server.RaftServerConfigKeys (ConfUtils.java:logGet(43)) - raft.server.leader.election.timeout = 120s (custom)
2019-09-12 11:30:40,435 [pool-104-thread-1] INFO  server.RaftServerConfigKeys (ConfUtils.java:logGet(43)) - raft.server.log.use.memory = false (default)
2019-09-12 11:30:40,436 [pool-104-thread-1] INFO  server.RaftServerConfigKeys (ConfUtils.java:logGet(43)) - raft.server.log.purge.gap = 1000000 (custom)
2019-09-12 11:30:40,436 [pool-104-thread-1] INFO  server.RaftServerConfigKeys (ConfUtils.java:logGet(43)) - raft.server.log.appender.buffer.byte-limit = 33554432 (custom)
2019-09-12 11:30:40,436 [pool-104-thread-1] INFO  server.RaftServerConfigKeys (ConfUtils.java:logGet(43)) - raft.server.log.segment.size.max = 1048576 (custom)
2019-09-12 11:30:40,436 [pool-104-thread-1] INFO  server.RaftServerConfigKeys (ConfUtils.java:logGet(43)) - raft.server.log.segment.cache.num.max = 2 (custom)
2019-09-12 11:30:40,436 [pool-104-thread-1] INFO  segmented.SegmentedRaftLogWorker (SegmentedRaftLogWorker.java:<init>(172)) - new faaae1d4-820a-4881-8cfe-c76293b91720-SegmentedRaftLogWorker:Storage Directory /workdir/hadoop-ozone/integration-test/target/test-dir/MiniOzoneClusterImpl-299c34b2-84c4-4da4-b63e-5faf1abba283/datanode-7/data/ratis/a4ca7624-a967-4026-a5e3-cabc5b35395d for RaftStorage:Storage Directory /workdir/hadoop-ozone/integration-test/target/test-dir/MiniOzoneClusterImpl-299c34b2-84c4-4da4-b63e-5faf1abba283/datanode-7/data/ratis/a4ca7624-a967-4026-a5e3-cabc5b35395d
2019-09-12 11:30:40,436 [pool-104-thread-1] INFO  server.RaftServerConfigKeys (ConfUtils.java:logGet(43)) - raft.server.log.queue.byte-limit = 2147483647 (custom)
2019-09-12 11:30:40,437 [pool-104-thread-1] INFO  server.RaftServerConfigKeys (ConfUtils.java:logGet(43)) - raft.server.log.queue.element-limit = 1024 (custom)
2019-09-12 11:30:40,437 [pool-104-thread-1] INFO  server.RaftServerConfigKeys (ConfUtils.java:logGet(43)) - raft.server.log.segment.size.max = 1048576 (custom)
2019-09-12 11:30:40,437 [pool-104-thread-1] INFO  server.RaftServerConfigKeys (ConfUtils.java:logGet(43)) - raft.server.log.preallocated.size = 16384 (custom)
2019-09-12 11:30:40,437 [pool-104-thread-1] INFO  server.RaftServerConfigKeys (ConfUtils.java:logGet(43)) - raft.server.log.write.buffer.size = 33554432 (custom)
2019-09-12 11:30:40,437 [pool-104-thread-1] INFO  server.RaftServerConfigKeys (ConfUtils.java:logGet(43)) - raft.server.log.force.sync.num = 128 (default)
2019-09-12 11:30:40,437 [pool-104-thread-1] INFO  server.RaftServerConfigKeys (ConfUtils.java:logGet(43)) - raft.server.log.statemachine.data.sync = true (default)
2019-09-12 11:30:40,437 [pool-104-thread-1] INFO  server.RaftServerConfigKeys (ConfUtils.java:logGet(43)) - raft.server.log.statemachine.data.sync.timeout = 10s (default)
2019-09-12 11:30:40,438 [pool-104-thread-1] INFO  server.RaftServerConfigKeys (ConfUtils.java:logGet(43)) - raft.server.log.statemachine.data.sync.timeout.retry = -1 (default)
2019-09-12 11:30:40,438 [pool-104-thread-1] INFO  server.RaftServerConfigKeys (ConfUtils.java:logGet(43)) - raft.server.log.statemachine.data.caching.enabled = true (custom)
2019-09-12 11:30:40,438 [pool-104-thread-1] INFO  segmented.SegmentedRaftLogWorker (SegmentedRaftLogWorker.java:lambda$new$0(132)) - faaae1d4-820a-4881-8cfe-c76293b91720-SegmentedRaftLogWorker:Storage Directory /workdir/hadoop-ozone/integration-test/target/test-dir/MiniOzoneClusterImpl-299c34b2-84c4-4da4-b63e-5faf1abba283/datanode-7/data/ratis/a4ca7624-a967-4026-a5e3-cabc5b35395d: flushIndex: setUnconditionally 0 -> -1
2019-09-12 11:30:40,438 [pool-104-thread-1] INFO  server.RaftServerConfigKeys (ConfUtils.java:logGet(43)) - raft.server.snapshot.auto.trigger.enabled = true (custom)
2019-09-12 11:30:40,439 [pool-104-thread-1] INFO  server.RaftServerConfigKeys (ConfUtils.java:logGet(43)) - raft.server.snapshot.auto.trigger.threshold = 10000 (custom)
2019-09-12 11:30:40,439 [pool-104-thread-1] INFO  server.RaftServerConfigKeys (ConfUtils.java:logGet(43)) - raft.server.retrycache.expirytime = 600000ms (custom)
2019-09-12 11:30:40,439 [pool-104-thread-1] INFO  impl.RaftServerImpl (RaftServerImpl.java:start(180)) - faaae1d4-820a-4881-8cfe-c76293b91720: start group-CABC5B35395D
2019-09-12 11:30:40,439 [pool-104-thread-1] INFO  impl.RaftServerImpl (RaftServerImpl.java:setRole(171)) - faaae1d4-820a-4881-8cfe-c76293b91720:group-CABC5B35395D changes role from null to FOLLOWER at term 0 for startAsFollower
2019-09-12 11:30:40,439 [pool-104-thread-1] INFO  impl.RoleInfo (RoleInfo.java:updateAndGet(143)) - faaae1d4-820a-4881-8cfe-c76293b91720: start FollowerState
2019-09-12 11:30:40,440 [pool-104-thread-1] INFO  util.JmxRegister (JmxRegister.java:tryRegister(44)) - Successfully registered JMX Bean with object name Ratis:service=RaftServer,group=group-CABC5B35395D,id=faaae1d4-820a-4881-8cfe-c76293b91720
2019-09-12 11:30:40,445 [RatisPipelineUtilsThread] INFO  pipeline.PipelineStateManager (PipelineStateManager.java:addPipeline(56)) - Created pipeline Pipeline[ Id: a4ca7624-a967-4026-a5e3-cabc5b35395d, Nodes: faaae1d4-820a-4881-8cfe-c76293b91720{ip: 192.168.36.114, host: pr-hdds-1569-58hkm-1881083799, networkLocation: /default-rack, certSerialId: null}, Type:RATIS, Factor:ONE, State:OPEN]
2019-09-12 11:30:40,448 [RatisPipelineUtilsThread] ERROR pipeline.PipelinePlacementPolicy (PipelinePlacementPolicy.java:meetCriteria(92)) - Pipeline Placement: Doesn't meet the criteria to be viable node. Heaviness: 6
2019-09-12 11:30:40,449 [RatisPipelineUtilsThread] ERROR pipeline.PipelinePlacementPolicy (PipelinePlacementPolicy.java:meetCriteria(92)) - Pipeline Placement: Doesn't meet the criteria to be viable node. Heaviness: 6
2019-09-12 11:30:40,460 [grpc-default-executor-0] INFO  impl.RaftServerProxy (RaftServerProxy.java:addNew(89)) - faaae1d4-820a-4881-8cfe-c76293b91720: addNew group-0631E1F2B9F2:[faaae1d4-820a-4881-8cfe-c76293b91720:192.168.36.114:41147] returns group-0631E1F2B9F2:java.util.concurrent.CompletableFuture@7fcd4e65[Not completed]
2019-09-12 11:30:40,462 [pool-104-thread-1] INFO  impl.RaftServerImpl (RaftServerImpl.java:<init>(93)) - faaae1d4-820a-4881-8cfe-c76293b91720: new RaftServerImpl for group-0631E1F2B9F2:[faaae1d4-820a-4881-8cfe-c76293b91720:192.168.36.114:41147] with ContainerStateMachine:uninitialized
2019-09-12 11:30:40,462 [pool-104-thread-1] INFO  server.RaftServerConfigKeys (ConfUtils.java:logGet(43)) - raft.server.rpc.timeout.min = 5s (custom)
2019-09-12 11:30:40,462 [pool-104-thread-1] INFO  server.RaftServerConfigKeys (ConfUtils.java:logGet(43)) - raft.server.rpc.timeout.max = 5200ms (custom)
2019-09-12 11:30:40,462 [pool-104-thread-1] INFO  server.RaftServerConfigKeys (ConfUtils.java:logGet(43)) - raft.server.rpcslowness.timeout = 120s (custom)
2019-09-12 11:30:40,462 [pool-104-thread-1] INFO  server.RaftServerConfigKeys (ConfUtils.java:logGet(43)) - raft.server.sleep.deviation.threshold = 300 (default)
2019-09-12 11:30:40,462 [pool-104-thread-1] INFO  server.RaftServerConfigKeys (ConfUtils.java:logGet(43)) - raft.server.log.appender.install.snapshot.enabled = false (custom)
2019-09-12 11:30:40,463 [pool-104-thread-1] INFO  impl.RaftServerImpl (ServerState.java:<init>(105)) - faaae1d4-820a-4881-8cfe-c76293b91720:group-0631E1F2B9F2 ConfigurationManager, init=-1: [faaae1d4-820a-4881-8cfe-c76293b91720:192.168.36.114:41147], old=null, confs=<EMPTY_MAP>
2019-09-12 11:30:40,463 [pool-104-thread-1] INFO  server.RaftServerConfigKeys (ConfUtils.java:logGet(43)) - raft.server.storage.dir = [/workdir/hadoop-ozone/integration-test/target/test-dir/MiniOzoneClusterImpl-299c34b2-84c4-4da4-b63e-5faf1abba283/datanode-7/data/ratis] (custom)
2019-09-12 11:30:40,463 [pool-104-thread-1] INFO  storage.RaftStorageDirectory (RaftStorageDirectory.java:analyzeStorage(246)) - The storage directory /workdir/hadoop-ozone/integration-test/target/test-dir/MiniOzoneClusterImpl-299c34b2-84c4-4da4-b63e-5faf1abba283/datanode-7/data/ratis/d47f1685-196a-433b-8ed6-0631e1f2b9f2 does not exist. Creating ...
2019-09-12 11:30:40,476 [pool-104-thread-1] INFO  storage.RaftStorageDirectory (RaftStorageDirectory.java:tryLock(328)) - Lock on /workdir/hadoop-ozone/integration-test/target/test-dir/MiniOzoneClusterImpl-299c34b2-84c4-4da4-b63e-5faf1abba283/datanode-7/data/ratis/d47f1685-196a-433b-8ed6-0631e1f2b9f2/in_use.lock acquired by nodename 16167@pr-hdds-1569-58hkm-1881083799
2019-09-12 11:30:40,521 [pool-104-thread-1] INFO  storage.RaftStorage (RaftStorage.java:format(72)) - Storage directory /workdir/hadoop-ozone/integration-test/target/test-dir/MiniOzoneClusterImpl-299c34b2-84c4-4da4-b63e-5faf1abba283/datanode-7/data/ratis/d47f1685-196a-433b-8ed6-0631e1f2b9f2 has been successfully formatted.
2019-09-12 11:30:40,522 [pool-104-thread-1] INFO  ratis.ContainerStateMachine (ContainerStateMachine.java:loadSnapshot(226)) - group-0631E1F2B9F2: The snapshot info is null. Setting the last applied indexto:(t:0, i:~)
2019-09-12 11:30:40,522 [pool-104-thread-1] INFO  server.RaftServerConfigKeys (ConfUtils.java:logGet(43)) - raft.server.leader.election.timeout = 120s (custom)
2019-09-12 11:30:40,522 [pool-104-thread-1] INFO  server.RaftServerConfigKeys (ConfUtils.java:logGet(43)) - raft.server.log.use.memory = false (default)
2019-09-12 11:30:40,522 [pool-104-thread-1] INFO  server.RaftServerConfigKeys (ConfUtils.java:logGet(43)) - raft.server.log.purge.gap = 1000000 (custom)
2019-09-12 11:30:40,522 [pool-104-thread-1] INFO  server.RaftServerConfigKeys (ConfUtils.java:logGet(43)) - raft.server.log.appender.buffer.byte-limit = 33554432 (custom)
2019-09-12 11:30:40,523 [pool-104-thread-1] INFO  server.RaftServerConfigKeys (ConfUtils.java:logGet(43)) - raft.server.log.segment.size.max = 1048576 (custom)
2019-09-12 11:30:40,523 [pool-104-thread-1] INFO  server.RaftServerConfigKeys (ConfUtils.java:logGet(43)) - raft.server.log.segment.cache.num.max = 2 (custom)
2019-09-12 11:30:40,523 [pool-104-thread-1] INFO  segmented.SegmentedRaftLogWorker (SegmentedRaftLogWorker.java:<init>(172)) - new faaae1d4-820a-4881-8cfe-c76293b91720-SegmentedRaftLogWorker:Storage Directory /workdir/hadoop-ozone/integration-test/target/test-dir/MiniOzoneClusterImpl-299c34b2-84c4-4da4-b63e-5faf1abba283/datanode-7/data/ratis/d47f1685-196a-433b-8ed6-0631e1f2b9f2 for RaftStorage:Storage Directory /workdir/hadoop-ozone/integration-test/target/test-dir/MiniOzoneClusterImpl-299c34b2-84c4-4da4-b63e-5faf1abba283/datanode-7/data/ratis/d47f1685-196a-433b-8ed6-0631e1f2b9f2
2019-09-12 11:30:40,523 [pool-104-thread-1] INFO  server.RaftServerConfigKeys (ConfUtils.java:logGet(43)) - raft.server.log.queue.byte-limit = 2147483647 (custom)
2019-09-12 11:30:40,524 [pool-104-thread-1] INFO  server.RaftServerConfigKeys (ConfUtils.java:logGet(43)) - raft.server.log.queue.element-limit = 1024 (custom)
2019-09-12 11:30:40,524 [pool-104-thread-1] INFO  server.RaftServerConfigKeys (ConfUtils.java:logGet(43)) - raft.server.log.segment.size.max = 1048576 (custom)
2019-09-12 11:30:40,524 [pool-104-thread-1] INFO  server.RaftServerConfigKeys (ConfUtils.java:logGet(43)) - raft.server.log.preallocated.size = 16384 (custom)
2019-09-12 11:30:40,524 [pool-104-thread-1] INFO  server.RaftServerConfigKeys (ConfUtils.java:logGet(43)) - raft.server.log.write.buffer.size = 33554432 (custom)
2019-09-12 11:30:40,524 [pool-104-thread-1] INFO  server.RaftServerConfigKeys (ConfUtils.java:logGet(43)) - raft.server.log.force.sync.num = 128 (default)
2019-09-12 11:30:40,525 [pool-104-thread-1] INFO  server.RaftServerConfigKeys (ConfUtils.java:logGet(43)) - raft.server.log.statemachine.data.sync = true (default)
2019-09-12 11:30:40,525 [pool-104-thread-1] INFO  server.RaftServerConfigKeys (ConfUtils.java:logGet(43)) - raft.server.log.statemachine.data.sync.timeout = 10s (default)
2019-09-12 11:30:40,525 [pool-104-thread-1] INFO  server.RaftServerConfigKeys (ConfUtils.java:logGet(43)) - raft.server.log.statemachine.data.sync.timeout.retry = -1 (default)
2019-09-12 11:30:40,525 [pool-104-thread-1] INFO  server.RaftServerConfigKeys (ConfUtils.java:logGet(43)) - raft.server.log.statemachine.data.caching.enabled = true (custom)
2019-09-12 11:30:40,526 [pool-104-thread-1] INFO  segmented.SegmentedRaftLogWorker (SegmentedRaftLogWorker.java:lambda$new$0(132)) - faaae1d4-820a-4881-8cfe-c76293b91720-SegmentedRaftLogWorker:Storage Directory /workdir/hadoop-ozone/integration-test/target/test-dir/MiniOzoneClusterImpl-299c34b2-84c4-4da4-b63e-5faf1abba283/datanode-7/data/ratis/d47f1685-196a-433b-8ed6-0631e1f2b9f2: flushIndex: setUnconditionally 0 -> -1
2019-09-12 11:30:40,526 [pool-104-thread-1] INFO  server.RaftServerConfigKeys (ConfUtils.java:logGet(43)) - raft.server.snapshot.auto.trigger.enabled = true (custom)
2019-09-12 11:30:40,526 [pool-104-thread-1] INFO  server.RaftServerConfigKeys (ConfUtils.java:logGet(43)) - raft.server.snapshot.auto.trigger.threshold = 10000 (custom)
2019-09-12 11:30:40,526 [pool-104-thread-1] INFO  server.RaftServerConfigKeys (ConfUtils.java:logGet(43)) - raft.server.retrycache.expirytime = 600000ms (custom)
2019-09-12 11:30:40,527 [pool-104-thread-1] INFO  impl.RaftServerImpl (RaftServerImpl.java:start(180)) - faaae1d4-820a-4881-8cfe-c76293b91720: start group-0631E1F2B9F2
2019-09-12 11:30:40,527 [pool-104-thread-1] INFO  impl.RaftServerImpl (RaftServerImpl.java:setRole(171)) - faaae1d4-820a-4881-8cfe-c76293b91720:group-0631E1F2B9F2 changes role from null to FOLLOWER at term 0 for startAsFollower
2019-09-12 11:30:40,527 [pool-104-thread-1] INFO  impl.RoleInfo (RoleInfo.java:updateAndGet(143)) - faaae1d4-820a-4881-8cfe-c76293b91720: start FollowerState
2019-09-12 11:30:40,528 [pool-104-thread-1] INFO  util.JmxRegister (JmxRegister.java:tryRegister(44)) - Successfully registered JMX Bean with object name Ratis:service=RaftServer,group=group-0631E1F2B9F2,id=faaae1d4-820a-4881-8cfe-c76293b91720
2019-09-12 11:30:40,534 [RatisPipelineUtilsThread] INFO  pipeline.PipelineStateManager (PipelineStateManager.java:addPipeline(56)) - Created pipeline Pipeline[ Id: d47f1685-196a-433b-8ed6-0631e1f2b9f2, Nodes: faaae1d4-820a-4881-8cfe-c76293b91720{ip: 192.168.36.114, host: pr-hdds-1569-58hkm-1881083799, networkLocation: /default-rack, certSerialId: null}, Type:RATIS, Factor:ONE, State:OPEN]
2019-09-12 11:30:40,537 [RatisPipelineUtilsThread] ERROR pipeline.PipelinePlacementPolicy (PipelinePlacementPolicy.java:meetCriteria(92)) - Pipeline Placement: Doesn't meet the criteria to be viable node. Heaviness: 6
2019-09-12 11:30:40,538 [RatisPipelineUtilsThread] ERROR pipeline.PipelinePlacementPolicy (PipelinePlacementPolicy.java:meetCriteria(92)) - Pipeline Placement: Doesn't meet the criteria to be viable node. Heaviness: 6
2019-09-12 11:30:40,549 [grpc-default-executor-0] INFO  impl.RaftServerProxy (RaftServerProxy.java:addNew(89)) - faaae1d4-820a-4881-8cfe-c76293b91720: addNew group-5A544575721A:[faaae1d4-820a-4881-8cfe-c76293b91720:192.168.36.114:41147] returns group-5A544575721A:java.util.concurrent.CompletableFuture@6d1dfdd5[Not completed]
2019-09-12 11:30:40,551 [pool-104-thread-1] INFO  impl.RaftServerImpl (RaftServerImpl.java:<init>(93)) - faaae1d4-820a-4881-8cfe-c76293b91720: new RaftServerImpl for group-5A544575721A:[faaae1d4-820a-4881-8cfe-c76293b91720:192.168.36.114:41147] with ContainerStateMachine:uninitialized
2019-09-12 11:30:40,551 [pool-104-thread-1] INFO  server.RaftServerConfigKeys (ConfUtils.java:logGet(43)) - raft.server.rpc.timeout.min = 5s (custom)
2019-09-12 11:30:40,552 [pool-104-thread-1] INFO  server.RaftServerConfigKeys (ConfUtils.java:logGet(43)) - raft.server.rpc.timeout.max = 5200ms (custom)
2019-09-12 11:30:40,552 [pool-104-thread-1] INFO  server.RaftServerConfigKeys (ConfUtils.java:logGet(43)) - raft.server.rpcslowness.timeout = 120s (custom)
2019-09-12 11:30:40,552 [pool-104-thread-1] INFO  server.RaftServerConfigKeys (ConfUtils.java:logGet(43)) - raft.server.sleep.deviation.threshold = 300 (default)
2019-09-12 11:30:40,552 [pool-104-thread-1] INFO  server.RaftServerConfigKeys (ConfUtils.java:logGet(43)) - raft.server.log.appender.install.snapshot.enabled = false (custom)
2019-09-12 11:30:40,552 [pool-104-thread-1] INFO  impl.RaftServerImpl (ServerState.java:<init>(105)) - faaae1d4-820a-4881-8cfe-c76293b91720:group-5A544575721A ConfigurationManager, init=-1: [faaae1d4-820a-4881-8cfe-c76293b91720:192.168.36.114:41147], old=null, confs=<EMPTY_MAP>
2019-09-12 11:30:40,553 [pool-104-thread-1] INFO  server.RaftServerConfigKeys (ConfUtils.java:logGet(43)) - raft.server.storage.dir = [/workdir/hadoop-ozone/integration-test/target/test-dir/MiniOzoneClusterImpl-299c34b2-84c4-4da4-b63e-5faf1abba283/datanode-7/data/ratis] (custom)
2019-09-12 11:30:40,553 [pool-104-thread-1] INFO  storage.RaftStorageDirectory (RaftStorageDirectory.java:analyzeStorage(246)) - The storage directory /workdir/hadoop-ozone/integration-test/target/test-dir/MiniOzoneClusterImpl-299c34b2-84c4-4da4-b63e-5faf1abba283/datanode-7/data/ratis/b2e0952f-091b-41ea-a318-5a544575721a does not exist. Creating ...
2019-09-12 11:30:40,566 [pool-104-thread-1] INFO  storage.RaftStorageDirectory (RaftStorageDirectory.java:tryLock(328)) - Lock on /workdir/hadoop-ozone/integration-test/target/test-dir/MiniOzoneClusterImpl-299c34b2-84c4-4da4-b63e-5faf1abba283/datanode-7/data/ratis/b2e0952f-091b-41ea-a318-5a544575721a/in_use.lock acquired by nodename 16167@pr-hdds-1569-58hkm-1881083799
2019-09-12 11:30:40,579 [pool-104-thread-1] INFO  storage.RaftStorage (RaftStorage.java:format(72)) - Storage directory /workdir/hadoop-ozone/integration-test/target/test-dir/MiniOzoneClusterImpl-299c34b2-84c4-4da4-b63e-5faf1abba283/datanode-7/data/ratis/b2e0952f-091b-41ea-a318-5a544575721a has been successfully formatted.
2019-09-12 11:30:40,579 | INFO  | SCMAudit | user=jenkins1000 | ip=192.168.36.114 | op=SEND_HEARTBEAT {datanodeUUID=63a2c513-e651-4cfd-9092-3873a710e112, command=[]} | ret=SUCCESS |  
2019-09-12 11:30:40,579 [pool-104-thread-1] INFO  ratis.ContainerStateMachine (ContainerStateMachine.java:loadSnapshot(226)) - group-5A544575721A: The snapshot info is null. Setting the last applied indexto:(t:0, i:~)
2019-09-12 11:30:40,579 [pool-104-thread-1] INFO  server.RaftServerConfigKeys (ConfUtils.java:logGet(43)) - raft.server.leader.election.timeout = 120s (custom)
2019-09-12 11:30:40,580 [pool-104-thread-1] INFO  server.RaftServerConfigKeys (ConfUtils.java:logGet(43)) - raft.server.log.use.memory = false (default)
2019-09-12 11:30:40,580 [pool-104-thread-1] INFO  server.RaftServerConfigKeys (ConfUtils.java:logGet(43)) - raft.server.log.purge.gap = 1000000 (custom)
2019-09-12 11:30:40,580 [pool-104-thread-1] INFO  server.RaftServerConfigKeys (ConfUtils.java:logGet(43)) - raft.server.log.appender.buffer.byte-limit = 33554432 (custom)
2019-09-12 11:30:40,580 [pool-104-thread-1] INFO  server.RaftServerConfigKeys (ConfUtils.java:logGet(43)) - raft.server.log.segment.size.max = 1048576 (custom)
2019-09-12 11:30:40,581 [pool-104-thread-1] INFO  server.RaftServerConfigKeys (ConfUtils.java:logGet(43)) - raft.server.log.segment.cache.num.max = 2 (custom)
2019-09-12 11:30:40,581 [pool-104-thread-1] INFO  segmented.SegmentedRaftLogWorker (SegmentedRaftLogWorker.java:<init>(172)) - new faaae1d4-820a-4881-8cfe-c76293b91720-SegmentedRaftLogWorker:Storage Directory /workdir/hadoop-ozone/integration-test/target/test-dir/MiniOzoneClusterImpl-299c34b2-84c4-4da4-b63e-5faf1abba283/datanode-7/data/ratis/b2e0952f-091b-41ea-a318-5a544575721a for RaftStorage:Storage Directory /workdir/hadoop-ozone/integration-test/target/test-dir/MiniOzoneClusterImpl-299c34b2-84c4-4da4-b63e-5faf1abba283/datanode-7/data/ratis/b2e0952f-091b-41ea-a318-5a544575721a
2019-09-12 11:30:40,581 [pool-104-thread-1] INFO  server.RaftServerConfigKeys (ConfUtils.java:logGet(43)) - raft.server.log.queue.byte-limit = 2147483647 (custom)
2019-09-12 11:30:40,581 [pool-104-thread-1] INFO  server.RaftServerConfigKeys (ConfUtils.java:logGet(43)) - raft.server.log.queue.element-limit = 1024 (custom)
2019-09-12 11:30:40,581 [pool-104-thread-1] INFO  server.RaftServerConfigKeys (ConfUtils.java:logGet(43)) - raft.server.log.segment.size.max = 1048576 (custom)
2019-09-12 11:30:40,582 [pool-104-thread-1] INFO  server.RaftServerConfigKeys (ConfUtils.java:logGet(43)) - raft.server.log.preallocated.size = 16384 (custom)
2019-09-12 11:30:40,582 [pool-104-thread-1] INFO  server.RaftServerConfigKeys (ConfUtils.java:logGet(43)) - raft.server.log.write.buffer.size = 33554432 (custom)
2019-09-12 11:30:40,582 [pool-104-thread-1] INFO  server.RaftServerConfigKeys (ConfUtils.java:logGet(43)) - raft.server.log.force.sync.num = 128 (default)
2019-09-12 11:30:40,582 [pool-104-thread-1] INFO  server.RaftServerConfigKeys (ConfUtils.java:logGet(43)) - raft.server.log.statemachine.data.sync = true (default)
2019-09-12 11:30:40,582 [pool-104-thread-1] INFO  server.RaftServerConfigKeys (ConfUtils.java:logGet(43)) - raft.server.log.statemachine.data.sync.timeout = 10s (default)
2019-09-12 11:30:40,583 [pool-104-thread-1] INFO  server.RaftServerConfigKeys (ConfUtils.java:logGet(43)) - raft.server.log.statemachine.data.sync.timeout.retry = -1 (default)
2019-09-12 11:30:40,583 [pool-104-thread-1] INFO  server.RaftServerConfigKeys (ConfUtils.java:logGet(43)) - raft.server.log.statemachine.data.caching.enabled = true (custom)
2019-09-12 11:30:40,583 [pool-104-thread-1] INFO  segmented.SegmentedRaftLogWorker (SegmentedRaftLogWorker.java:lambda$new$0(132)) - faaae1d4-820a-4881-8cfe-c76293b91720-SegmentedRaftLogWorker:Storage Directory /workdir/hadoop-ozone/integration-test/target/test-dir/MiniOzoneClusterImpl-299c34b2-84c4-4da4-b63e-5faf1abba283/datanode-7/data/ratis/b2e0952f-091b-41ea-a318-5a544575721a: flushIndex: setUnconditionally 0 -> -1
2019-09-12 11:30:40,584 [pool-104-thread-1] INFO  server.RaftServerConfigKeys (ConfUtils.java:logGet(43)) - raft.server.snapshot.auto.trigger.enabled = true (custom)
2019-09-12 11:30:40,584 [pool-104-thread-1] INFO  server.RaftServerConfigKeys (ConfUtils.java:logGet(43)) - raft.server.snapshot.auto.trigger.threshold = 10000 (custom)
2019-09-12 11:30:40,584 [pool-104-thread-1] INFO  server.RaftServerConfigKeys (ConfUtils.java:logGet(43)) - raft.server.retrycache.expirytime = 600000ms (custom)
2019-09-12 11:30:40,585 [pool-104-thread-1] INFO  impl.RaftServerImpl (RaftServerImpl.java:start(180)) - faaae1d4-820a-4881-8cfe-c76293b91720: start group-5A544575721A
2019-09-12 11:30:40,585 [pool-104-thread-1] INFO  impl.RaftServerImpl (RaftServerImpl.java:setRole(171)) - faaae1d4-820a-4881-8cfe-c76293b91720:group-5A544575721A changes role from null to FOLLOWER at term 0 for startAsFollower
2019-09-12 11:30:40,585 [pool-104-thread-1] INFO  impl.RoleInfo (RoleInfo.java:updateAndGet(143)) - faaae1d4-820a-4881-8cfe-c76293b91720: start FollowerState
2019-09-12 11:30:40,586 [pool-104-thread-1] INFO  util.JmxRegister (JmxRegister.java:tryRegister(44)) - Successfully registered JMX Bean with object name Ratis:service=RaftServer,group=group-5A544575721A,id=faaae1d4-820a-4881-8cfe-c76293b91720
2019-09-12 11:30:40,593 [RatisPipelineUtilsThread] INFO  pipeline.PipelineStateManager (PipelineStateManager.java:addPipeline(56)) - Created pipeline Pipeline[ Id: b2e0952f-091b-41ea-a318-5a544575721a, Nodes: faaae1d4-820a-4881-8cfe-c76293b91720{ip: 192.168.36.114, host: pr-hdds-1569-58hkm-1881083799, networkLocation: /default-rack, certSerialId: null}, Type:RATIS, Factor:ONE, State:OPEN]
2019-09-12 11:30:40,595 [RatisPipelineUtilsThread] ERROR pipeline.PipelinePlacementPolicy (PipelinePlacementPolicy.java:meetCriteria(92)) - Pipeline Placement: Doesn't meet the criteria to be viable node. Heaviness: 6
2019-09-12 11:30:40,595 [RatisPipelineUtilsThread] ERROR pipeline.PipelinePlacementPolicy (PipelinePlacementPolicy.java:meetCriteria(92)) - Pipeline Placement: Doesn't meet the criteria to be viable node. Heaviness: 6
2019-09-12 11:30:40,607 [grpc-default-executor-0] INFO  impl.RaftServerProxy (RaftServerProxy.java:addNew(89)) - 55e84e38-2716-4d7a-ba5b-b02233998fb0: addNew group-75C5CB365B88:[55e84e38-2716-4d7a-ba5b-b02233998fb0:192.168.36.114:43799] returns group-75C5CB365B88:java.util.concurrent.CompletableFuture@5fad1cc5[Not completed]
2019-09-12 11:30:40,609 [pool-71-thread-1] INFO  impl.RaftServerImpl (RaftServerImpl.java:<init>(93)) - 55e84e38-2716-4d7a-ba5b-b02233998fb0: new RaftServerImpl for group-75C5CB365B88:[55e84e38-2716-4d7a-ba5b-b02233998fb0:192.168.36.114:43799] with ContainerStateMachine:uninitialized
2019-09-12 11:30:40,609 [pool-71-thread-1] INFO  server.RaftServerConfigKeys (ConfUtils.java:logGet(43)) - raft.server.rpc.timeout.min = 5s (custom)
2019-09-12 11:30:40,609 [pool-71-thread-1] INFO  server.RaftServerConfigKeys (ConfUtils.java:logGet(43)) - raft.server.rpc.timeout.max = 5200ms (custom)
2019-09-12 11:30:40,609 [pool-71-thread-1] INFO  server.RaftServerConfigKeys (ConfUtils.java:logGet(43)) - raft.server.rpcslowness.timeout = 120s (custom)
2019-09-12 11:30:40,610 [pool-71-thread-1] INFO  server.RaftServerConfigKeys (ConfUtils.java:logGet(43)) - raft.server.sleep.deviation.threshold = 300 (default)
2019-09-12 11:30:40,610 [pool-71-thread-1] INFO  server.RaftServerConfigKeys (ConfUtils.java:logGet(43)) - raft.server.log.appender.install.snapshot.enabled = false (custom)
2019-09-12 11:30:40,610 [pool-71-thread-1] INFO  impl.RaftServerImpl (ServerState.java:<init>(105)) - 55e84e38-2716-4d7a-ba5b-b02233998fb0:group-75C5CB365B88 ConfigurationManager, init=-1: [55e84e38-2716-4d7a-ba5b-b02233998fb0:192.168.36.114:43799], old=null, confs=<EMPTY_MAP>
2019-09-12 11:30:40,610 [pool-71-thread-1] INFO  server.RaftServerConfigKeys (ConfUtils.java:logGet(43)) - raft.server.storage.dir = [/workdir/hadoop-ozone/integration-test/target/test-dir/MiniOzoneClusterImpl-299c34b2-84c4-4da4-b63e-5faf1abba283/datanode-4/data/ratis] (custom)
2019-09-12 11:30:40,611 [pool-71-thread-1] INFO  storage.RaftStorageDirectory (RaftStorageDirectory.java:analyzeStorage(246)) - The storage directory /workdir/hadoop-ozone/integration-test/target/test-dir/MiniOzoneClusterImpl-299c34b2-84c4-4da4-b63e-5faf1abba283/datanode-4/data/ratis/e418746c-2f95-49e2-91cc-75c5cb365b88 does not exist. Creating ...
2019-09-12 11:30:40,633 [pool-71-thread-1] INFO  storage.RaftStorageDirectory (RaftStorageDirectory.java:tryLock(328)) - Lock on /workdir/hadoop-ozone/integration-test/target/test-dir/MiniOzoneClusterImpl-299c34b2-84c4-4da4-b63e-5faf1abba283/datanode-4/data/ratis/e418746c-2f95-49e2-91cc-75c5cb365b88/in_use.lock acquired by nodename 16167@pr-hdds-1569-58hkm-1881083799
2019-09-12 11:30:40,646 [pool-71-thread-1] INFO  storage.RaftStorage (RaftStorage.java:format(72)) - Storage directory /workdir/hadoop-ozone/integration-test/target/test-dir/MiniOzoneClusterImpl-299c34b2-84c4-4da4-b63e-5faf1abba283/datanode-4/data/ratis/e418746c-2f95-49e2-91cc-75c5cb365b88 has been successfully formatted.
2019-09-12 11:30:40,647 [pool-71-thread-1] INFO  ratis.ContainerStateMachine (ContainerStateMachine.java:loadSnapshot(226)) - group-75C5CB365B88: The snapshot info is null. Setting the last applied indexto:(t:0, i:~)
2019-09-12 11:30:40,647 [pool-71-thread-1] INFO  server.RaftServerConfigKeys (ConfUtils.java:logGet(43)) - raft.server.leader.election.timeout = 120s (custom)
2019-09-12 11:30:40,647 [pool-71-thread-1] INFO  server.RaftServerConfigKeys (ConfUtils.java:logGet(43)) - raft.server.log.use.memory = false (default)
2019-09-12 11:30:40,647 [pool-71-thread-1] INFO  server.RaftServerConfigKeys (ConfUtils.java:logGet(43)) - raft.server.log.purge.gap = 1000000 (custom)
2019-09-12 11:30:40,647 [pool-71-thread-1] INFO  server.RaftServerConfigKeys (ConfUtils.java:logGet(43)) - raft.server.log.appender.buffer.byte-limit = 33554432 (custom)
2019-09-12 11:30:40,648 [pool-71-thread-1] INFO  server.RaftServerConfigKeys (ConfUtils.java:logGet(43)) - raft.server.log.segment.size.max = 1048576 (custom)
2019-09-12 11:30:40,648 [pool-71-thread-1] INFO  server.RaftServerConfigKeys (ConfUtils.java:logGet(43)) - raft.server.log.segment.cache.num.max = 2 (custom)
2019-09-12 11:30:40,648 [pool-71-thread-1] INFO  segmented.SegmentedRaftLogWorker (SegmentedRaftLogWorker.java:<init>(172)) - new 55e84e38-2716-4d7a-ba5b-b02233998fb0-SegmentedRaftLogWorker:Storage Directory /workdir/hadoop-ozone/integration-test/target/test-dir/MiniOzoneClusterImpl-299c34b2-84c4-4da4-b63e-5faf1abba283/datanode-4/data/ratis/e418746c-2f95-49e2-91cc-75c5cb365b88 for RaftStorage:Storage Directory /workdir/hadoop-ozone/integration-test/target/test-dir/MiniOzoneClusterImpl-299c34b2-84c4-4da4-b63e-5faf1abba283/datanode-4/data/ratis/e418746c-2f95-49e2-91cc-75c5cb365b88
2019-09-12 11:30:40,648 [pool-71-thread-1] INFO  server.RaftServerConfigKeys (ConfUtils.java:logGet(43)) - raft.server.log.queue.byte-limit = 2147483647 (custom)
2019-09-12 11:30:40,648 [pool-71-thread-1] INFO  server.RaftServerConfigKeys (ConfUtils.java:logGet(43)) - raft.server.log.queue.element-limit = 1024 (custom)
2019-09-12 11:30:40,649 [pool-71-thread-1] INFO  server.RaftServerConfigKeys (ConfUtils.java:logGet(43)) - raft.server.log.segment.size.max = 1048576 (custom)
2019-09-12 11:30:40,649 [pool-71-thread-1] INFO  server.RaftServerConfigKeys (ConfUtils.java:logGet(43)) - raft.server.log.preallocated.size = 16384 (custom)
2019-09-12 11:30:40,649 [pool-71-thread-1] INFO  server.RaftServerConfigKeys (ConfUtils.java:logGet(43)) - raft.server.log.write.buffer.size = 33554432 (custom)
2019-09-12 11:30:40,649 [pool-71-thread-1] INFO  server.RaftServerConfigKeys (ConfUtils.java:logGet(43)) - raft.server.log.force.sync.num = 128 (default)
2019-09-12 11:30:40,649 [pool-71-thread-1] INFO  server.RaftServerConfigKeys (ConfUtils.java:logGet(43)) - raft.server.log.statemachine.data.sync = true (default)
2019-09-12 11:30:40,649 [pool-71-thread-1] INFO  server.RaftServerConfigKeys (ConfUtils.java:logGet(43)) - raft.server.log.statemachine.data.sync.timeout = 10s (default)
2019-09-12 11:30:40,650 [pool-71-thread-1] INFO  server.RaftServerConfigKeys (ConfUtils.java:logGet(43)) - raft.server.log.statemachine.data.sync.timeout.retry = -1 (default)
2019-09-12 11:30:40,650 [pool-71-thread-1] INFO  server.RaftServerConfigKeys (ConfUtils.java:logGet(43)) - raft.server.log.statemachine.data.caching.enabled = true (custom)
2019-09-12 11:30:40,650 [pool-71-thread-1] INFO  segmented.SegmentedRaftLogWorker (SegmentedRaftLogWorker.java:lambda$new$0(132)) - 55e84e38-2716-4d7a-ba5b-b02233998fb0-SegmentedRaftLogWorker:Storage Directory /workdir/hadoop-ozone/integration-test/target/test-dir/MiniOzoneClusterImpl-299c34b2-84c4-4da4-b63e-5faf1abba283/datanode-4/data/ratis/e418746c-2f95-49e2-91cc-75c5cb365b88: flushIndex: setUnconditionally 0 -> -1
2019-09-12 11:30:40,651 [pool-71-thread-1] INFO  server.RaftServerConfigKeys (ConfUtils.java:logGet(43)) - raft.server.snapshot.auto.trigger.enabled = true (custom)
2019-09-12 11:30:40,651 [pool-71-thread-1] INFO  server.RaftServerConfigKeys (ConfUtils.java:logGet(43)) - raft.server.snapshot.auto.trigger.threshold = 10000 (custom)
2019-09-12 11:30:40,651 [pool-71-thread-1] INFO  server.RaftServerConfigKeys (ConfUtils.java:logGet(43)) - raft.server.retrycache.expirytime = 600000ms (custom)
2019-09-12 11:30:40,651 [pool-71-thread-1] INFO  impl.RaftServerImpl (RaftServerImpl.java:start(180)) - 55e84e38-2716-4d7a-ba5b-b02233998fb0: start group-75C5CB365B88
2019-09-12 11:30:40,651 [pool-71-thread-1] INFO  impl.RaftServerImpl (RaftServerImpl.java:setRole(171)) - 55e84e38-2716-4d7a-ba5b-b02233998fb0:group-75C5CB365B88 changes role from null to FOLLOWER at term 0 for startAsFollower
2019-09-12 11:30:40,652 [pool-71-thread-1] INFO  impl.RoleInfo (RoleInfo.java:updateAndGet(143)) - 55e84e38-2716-4d7a-ba5b-b02233998fb0: start FollowerState
2019-09-12 11:30:40,652 [pool-71-thread-1] INFO  util.JmxRegister (JmxRegister.java:tryRegister(44)) - Successfully registered JMX Bean with object name Ratis:service=RaftServer,group=group-75C5CB365B88,id=55e84e38-2716-4d7a-ba5b-b02233998fb0
2019-09-12 11:30:40,659 [RatisPipelineUtilsThread] INFO  pipeline.PipelineStateManager (PipelineStateManager.java:addPipeline(56)) - Created pipeline Pipeline[ Id: e418746c-2f95-49e2-91cc-75c5cb365b88, Nodes: 55e84e38-2716-4d7a-ba5b-b02233998fb0{ip: 192.168.36.114, host: pr-hdds-1569-58hkm-1881083799, networkLocation: /default-rack, certSerialId: null}, Type:RATIS, Factor:ONE, State:OPEN]
2019-09-12 11:30:40,662 [RatisPipelineUtilsThread] ERROR pipeline.PipelinePlacementPolicy (PipelinePlacementPolicy.java:meetCriteria(92)) - Pipeline Placement: Doesn't meet the criteria to be viable node. Heaviness: 6
2019-09-12 11:30:40,662 [RatisPipelineUtilsThread] ERROR pipeline.PipelinePlacementPolicy (PipelinePlacementPolicy.java:meetCriteria(92)) - Pipeline Placement: Doesn't meet the criteria to be viable node. Heaviness: 6
2019-09-12 11:30:40,677 [grpc-default-executor-0] INFO  impl.RaftServerProxy (RaftServerProxy.java:addNew(89)) - 63a2c513-e651-4cfd-9092-3873a710e112: addNew group-95FD387AAD58:[63a2c513-e651-4cfd-9092-3873a710e112:192.168.36.114:37233] returns group-95FD387AAD58:java.util.concurrent.CompletableFuture@2e168031[Not completed]
2019-09-12 11:30:40,684 [pool-93-thread-1] INFO  impl.RaftServerImpl (RaftServerImpl.java:<init>(93)) - 63a2c513-e651-4cfd-9092-3873a710e112: new RaftServerImpl for group-95FD387AAD58:[63a2c513-e651-4cfd-9092-3873a710e112:192.168.36.114:37233] with ContainerStateMachine:uninitialized
2019-09-12 11:30:40,684 [pool-93-thread-1] INFO  server.RaftServerConfigKeys (ConfUtils.java:logGet(43)) - raft.server.rpc.timeout.min = 5s (custom)
2019-09-12 11:30:40,684 [pool-93-thread-1] INFO  server.RaftServerConfigKeys (ConfUtils.java:logGet(43)) - raft.server.rpc.timeout.max = 5200ms (custom)
2019-09-12 11:30:40,684 [pool-93-thread-1] INFO  server.RaftServerConfigKeys (ConfUtils.java:logGet(43)) - raft.server.rpcslowness.timeout = 120s (custom)
2019-09-12 11:30:40,685 [pool-93-thread-1] INFO  server.RaftServerConfigKeys (ConfUtils.java:logGet(43)) - raft.server.sleep.deviation.threshold = 300 (default)
2019-09-12 11:30:40,685 [pool-93-thread-1] INFO  server.RaftServerConfigKeys (ConfUtils.java:logGet(43)) - raft.server.log.appender.install.snapshot.enabled = false (custom)
2019-09-12 11:30:40,685 [pool-93-thread-1] INFO  impl.RaftServerImpl (ServerState.java:<init>(105)) - 63a2c513-e651-4cfd-9092-3873a710e112:group-95FD387AAD58 ConfigurationManager, init=-1: [63a2c513-e651-4cfd-9092-3873a710e112:192.168.36.114:37233], old=null, confs=<EMPTY_MAP>
2019-09-12 11:30:40,685 [pool-93-thread-1] INFO  server.RaftServerConfigKeys (ConfUtils.java:logGet(43)) - raft.server.storage.dir = [/workdir/hadoop-ozone/integration-test/target/test-dir/MiniOzoneClusterImpl-299c34b2-84c4-4da4-b63e-5faf1abba283/datanode-6/data/ratis] (custom)
2019-09-12 11:30:40,686 [pool-93-thread-1] INFO  storage.RaftStorageDirectory (RaftStorageDirectory.java:analyzeStorage(246)) - The storage directory /workdir/hadoop-ozone/integration-test/target/test-dir/MiniOzoneClusterImpl-299c34b2-84c4-4da4-b63e-5faf1abba283/datanode-6/data/ratis/89126476-0909-4704-8e45-95fd387aad58 does not exist. Creating ...
2019-09-12 11:30:40,698 [pool-93-thread-1] INFO  storage.RaftStorageDirectory (RaftStorageDirectory.java:tryLock(328)) - Lock on /workdir/hadoop-ozone/integration-test/target/test-dir/MiniOzoneClusterImpl-299c34b2-84c4-4da4-b63e-5faf1abba283/datanode-6/data/ratis/89126476-0909-4704-8e45-95fd387aad58/in_use.lock acquired by nodename 16167@pr-hdds-1569-58hkm-1881083799
2019-09-12 11:30:40,712 [pool-93-thread-1] INFO  storage.RaftStorage (RaftStorage.java:format(72)) - Storage directory /workdir/hadoop-ozone/integration-test/target/test-dir/MiniOzoneClusterImpl-299c34b2-84c4-4da4-b63e-5faf1abba283/datanode-6/data/ratis/89126476-0909-4704-8e45-95fd387aad58 has been successfully formatted.
2019-09-12 11:30:40,712 [pool-93-thread-1] INFO  ratis.ContainerStateMachine (ContainerStateMachine.java:loadSnapshot(226)) - group-95FD387AAD58: The snapshot info is null. Setting the last applied indexto:(t:0, i:~)
2019-09-12 11:30:40,712 [pool-93-thread-1] INFO  server.RaftServerConfigKeys (ConfUtils.java:logGet(43)) - raft.server.leader.election.timeout = 120s (custom)
2019-09-12 11:30:40,713 [pool-93-thread-1] INFO  server.RaftServerConfigKeys (ConfUtils.java:logGet(43)) - raft.server.log.use.memory = false (default)
2019-09-12 11:30:40,713 [pool-93-thread-1] INFO  server.RaftServerConfigKeys (ConfUtils.java:logGet(43)) - raft.server.log.purge.gap = 1000000 (custom)
2019-09-12 11:30:40,713 [pool-93-thread-1] INFO  server.RaftServerConfigKeys (ConfUtils.java:logGet(43)) - raft.server.log.appender.buffer.byte-limit = 33554432 (custom)
2019-09-12 11:30:40,713 [pool-93-thread-1] INFO  server.RaftServerConfigKeys (ConfUtils.java:logGet(43)) - raft.server.log.segment.size.max = 1048576 (custom)
2019-09-12 11:30:40,713 [pool-93-thread-1] INFO  server.RaftServerConfigKeys (ConfUtils.java:logGet(43)) - raft.server.log.segment.cache.num.max = 2 (custom)
2019-09-12 11:30:40,714 [pool-93-thread-1] INFO  segmented.SegmentedRaftLogWorker (SegmentedRaftLogWorker.java:<init>(172)) - new 63a2c513-e651-4cfd-9092-3873a710e112-SegmentedRaftLogWorker:Storage Directory /workdir/hadoop-ozone/integration-test/target/test-dir/MiniOzoneClusterImpl-299c34b2-84c4-4da4-b63e-5faf1abba283/datanode-6/data/ratis/89126476-0909-4704-8e45-95fd387aad58 for RaftStorage:Storage Directory /workdir/hadoop-ozone/integration-test/target/test-dir/MiniOzoneClusterImpl-299c34b2-84c4-4da4-b63e-5faf1abba283/datanode-6/data/ratis/89126476-0909-4704-8e45-95fd387aad58
2019-09-12 11:30:40,714 [pool-93-thread-1] INFO  server.RaftServerConfigKeys (ConfUtils.java:logGet(43)) - raft.server.log.queue.byte-limit = 2147483647 (custom)
2019-09-12 11:30:40,714 [pool-93-thread-1] INFO  server.RaftServerConfigKeys (ConfUtils.java:logGet(43)) - raft.server.log.queue.element-limit = 1024 (custom)
2019-09-12 11:30:40,715 [pool-93-thread-1] INFO  server.RaftServerConfigKeys (ConfUtils.java:logGet(43)) - raft.server.log.segment.size.max = 1048576 (custom)
2019-09-12 11:30:40,715 [pool-93-thread-1] INFO  server.RaftServerConfigKeys (ConfUtils.java:logGet(43)) - raft.server.log.preallocated.size = 16384 (custom)
2019-09-12 11:30:40,715 [pool-93-thread-1] INFO  server.RaftServerConfigKeys (ConfUtils.java:logGet(43)) - raft.server.log.write.buffer.size = 33554432 (custom)
2019-09-12 11:30:40,715 [pool-93-thread-1] INFO  server.RaftServerConfigKeys (ConfUtils.java:logGet(43)) - raft.server.log.force.sync.num = 128 (default)
2019-09-12 11:30:40,715 [pool-93-thread-1] INFO  server.RaftServerConfigKeys (ConfUtils.java:logGet(43)) - raft.server.log.statemachine.data.sync = true (default)
2019-09-12 11:30:40,715 [pool-93-thread-1] INFO  server.RaftServerConfigKeys (ConfUtils.java:logGet(43)) - raft.server.log.statemachine.data.sync.timeout = 10s (default)
2019-09-12 11:30:40,716 [pool-93-thread-1] INFO  server.RaftServerConfigKeys (ConfUtils.java:logGet(43)) - raft.server.log.statemachine.data.sync.timeout.retry = -1 (default)
2019-09-12 11:30:40,716 [pool-93-thread-1] INFO  server.RaftServerConfigKeys (ConfUtils.java:logGet(43)) - raft.server.log.statemachine.data.caching.enabled = true (custom)
2019-09-12 11:30:40,716 [pool-93-thread-1] INFO  segmented.SegmentedRaftLogWorker (SegmentedRaftLogWorker.java:lambda$new$0(132)) - 63a2c513-e651-4cfd-9092-3873a710e112-SegmentedRaftLogWorker:Storage Directory /workdir/hadoop-ozone/integration-test/target/test-dir/MiniOzoneClusterImpl-299c34b2-84c4-4da4-b63e-5faf1abba283/datanode-6/data/ratis/89126476-0909-4704-8e45-95fd387aad58: flushIndex: setUnconditionally 0 -> -1
2019-09-12 11:30:40,717 [pool-93-thread-1] INFO  server.RaftServerConfigKeys (ConfUtils.java:logGet(43)) - raft.server.snapshot.auto.trigger.enabled = true (custom)
2019-09-12 11:30:40,717 [pool-93-thread-1] INFO  server.RaftServerConfigKeys (ConfUtils.java:logGet(43)) - raft.server.snapshot.auto.trigger.threshold = 10000 (custom)
2019-09-12 11:30:40,717 [pool-93-thread-1] INFO  server.RaftServerConfigKeys (ConfUtils.java:logGet(43)) - raft.server.retrycache.expirytime = 600000ms (custom)
2019-09-12 11:30:40,718 [pool-93-thread-1] INFO  impl.RaftServerImpl (RaftServerImpl.java:start(180)) - 63a2c513-e651-4cfd-9092-3873a710e112: start group-95FD387AAD58
2019-09-12 11:30:40,718 [pool-93-thread-1] INFO  impl.RaftServerImpl (RaftServerImpl.java:setRole(171)) - 63a2c513-e651-4cfd-9092-3873a710e112:group-95FD387AAD58 changes role from null to FOLLOWER at term 0 for startAsFollower
2019-09-12 11:30:40,718 [pool-93-thread-1] INFO  impl.RoleInfo (RoleInfo.java:updateAndGet(143)) - 63a2c513-e651-4cfd-9092-3873a710e112: start FollowerState
2019-09-12 11:30:40,718 [pool-93-thread-1] INFO  util.JmxRegister (JmxRegister.java:tryRegister(44)) - Successfully registered JMX Bean with object name Ratis:service=RaftServer,group=group-95FD387AAD58,id=63a2c513-e651-4cfd-9092-3873a710e112
2019-09-12 11:30:40,726 [RatisPipelineUtilsThread] INFO  pipeline.PipelineStateManager (PipelineStateManager.java:addPipeline(56)) - Created pipeline Pipeline[ Id: 89126476-0909-4704-8e45-95fd387aad58, Nodes: 63a2c513-e651-4cfd-9092-3873a710e112{ip: 192.168.36.114, host: pr-hdds-1569-58hkm-1881083799, networkLocation: /default-rack, certSerialId: null}, Type:RATIS, Factor:ONE, State:OPEN]
2019-09-12 11:30:40,729 [RatisPipelineUtilsThread] ERROR pipeline.PipelinePlacementPolicy (PipelinePlacementPolicy.java:meetCriteria(92)) - Pipeline Placement: Doesn't meet the criteria to be viable node. Heaviness: 6
2019-09-12 11:30:40,729 [RatisPipelineUtilsThread] ERROR pipeline.PipelinePlacementPolicy (PipelinePlacementPolicy.java:meetCriteria(92)) - Pipeline Placement: Doesn't meet the criteria to be viable node. Heaviness: 6
2019-09-12 11:30:40,741 [grpc-default-executor-0] INFO  impl.RaftServerProxy (RaftServerProxy.java:addNew(89)) - 041153b1-579d-462a-9927-680735a5d567: addNew group-C4F0B4D20F9C:[041153b1-579d-462a-9927-680735a5d567:192.168.36.114:36051] returns group-C4F0B4D20F9C:java.util.concurrent.CompletableFuture@40ca01ba[Not completed]
2019-09-12 11:30:40,743 [pool-60-thread-1] INFO  impl.RaftServerImpl (RaftServerImpl.java:<init>(93)) - 041153b1-579d-462a-9927-680735a5d567: new RaftServerImpl for group-C4F0B4D20F9C:[041153b1-579d-462a-9927-680735a5d567:192.168.36.114:36051] with ContainerStateMachine:uninitialized
2019-09-12 11:30:40,743 [pool-60-thread-1] INFO  server.RaftServerConfigKeys (ConfUtils.java:logGet(43)) - raft.server.rpc.timeout.min = 5s (custom)
2019-09-12 11:30:40,743 [pool-60-thread-1] INFO  server.RaftServerConfigKeys (ConfUtils.java:logGet(43)) - raft.server.rpc.timeout.max = 5200ms (custom)
2019-09-12 11:30:40,743 [pool-60-thread-1] INFO  server.RaftServerConfigKeys (ConfUtils.java:logGet(43)) - raft.server.rpcslowness.timeout = 120s (custom)
2019-09-12 11:30:40,743 [pool-60-thread-1] INFO  server.RaftServerConfigKeys (ConfUtils.java:logGet(43)) - raft.server.sleep.deviation.threshold = 300 (default)
2019-09-12 11:30:40,743 [pool-60-thread-1] INFO  server.RaftServerConfigKeys (ConfUtils.java:logGet(43)) - raft.server.log.appender.install.snapshot.enabled = false (custom)
2019-09-12 11:30:40,743 [pool-60-thread-1] INFO  impl.RaftServerImpl (ServerState.java:<init>(105)) - 041153b1-579d-462a-9927-680735a5d567:group-C4F0B4D20F9C ConfigurationManager, init=-1: [041153b1-579d-462a-9927-680735a5d567:192.168.36.114:36051], old=null, confs=<EMPTY_MAP>
2019-09-12 11:30:40,744 [pool-60-thread-1] INFO  server.RaftServerConfigKeys (ConfUtils.java:logGet(43)) - raft.server.storage.dir = [/workdir/hadoop-ozone/integration-test/target/test-dir/MiniOzoneClusterImpl-299c34b2-84c4-4da4-b63e-5faf1abba283/datanode-3/data/ratis] (custom)
2019-09-12 11:30:40,744 [pool-60-thread-1] INFO  storage.RaftStorageDirectory (RaftStorageDirectory.java:analyzeStorage(246)) - The storage directory /workdir/hadoop-ozone/integration-test/target/test-dir/MiniOzoneClusterImpl-299c34b2-84c4-4da4-b63e-5faf1abba283/datanode-3/data/ratis/f18da220-50a1-423b-bd91-c4f0b4d20f9c does not exist. Creating ...
2019-09-12 11:30:40,757 [pool-60-thread-1] INFO  storage.RaftStorageDirectory (RaftStorageDirectory.java:tryLock(328)) - Lock on /workdir/hadoop-ozone/integration-test/target/test-dir/MiniOzoneClusterImpl-299c34b2-84c4-4da4-b63e-5faf1abba283/datanode-3/data/ratis/f18da220-50a1-423b-bd91-c4f0b4d20f9c/in_use.lock acquired by nodename 16167@pr-hdds-1569-58hkm-1881083799
2019-09-12 11:30:40,786 [pool-60-thread-1] INFO  storage.RaftStorage (RaftStorage.java:format(72)) - Storage directory /workdir/hadoop-ozone/integration-test/target/test-dir/MiniOzoneClusterImpl-299c34b2-84c4-4da4-b63e-5faf1abba283/datanode-3/data/ratis/f18da220-50a1-423b-bd91-c4f0b4d20f9c has been successfully formatted.
2019-09-12 11:30:40,787 [pool-60-thread-1] INFO  ratis.ContainerStateMachine (ContainerStateMachine.java:loadSnapshot(226)) - group-C4F0B4D20F9C: The snapshot info is null. Setting the last applied indexto:(t:0, i:~)
2019-09-12 11:30:40,787 [pool-60-thread-1] INFO  server.RaftServerConfigKeys (ConfUtils.java:logGet(43)) - raft.server.leader.election.timeout = 120s (custom)
2019-09-12 11:30:40,787 [pool-60-thread-1] INFO  server.RaftServerConfigKeys (ConfUtils.java:logGet(43)) - raft.server.log.use.memory = false (default)
2019-09-12 11:30:40,787 [pool-60-thread-1] INFO  server.RaftServerConfigKeys (ConfUtils.java:logGet(43)) - raft.server.log.purge.gap = 1000000 (custom)
2019-09-12 11:30:40,787 [pool-60-thread-1] INFO  server.RaftServerConfigKeys (ConfUtils.java:logGet(43)) - raft.server.log.appender.buffer.byte-limit = 33554432 (custom)
2019-09-12 11:30:40,788 [pool-60-thread-1] INFO  server.RaftServerConfigKeys (ConfUtils.java:logGet(43)) - raft.server.log.segment.size.max = 1048576 (custom)
2019-09-12 11:30:40,788 [pool-60-thread-1] INFO  server.RaftServerConfigKeys (ConfUtils.java:logGet(43)) - raft.server.log.segment.cache.num.max = 2 (custom)
2019-09-12 11:30:40,788 [pool-60-thread-1] INFO  segmented.SegmentedRaftLogWorker (SegmentedRaftLogWorker.java:<init>(172)) - new 041153b1-579d-462a-9927-680735a5d567-SegmentedRaftLogWorker:Storage Directory /workdir/hadoop-ozone/integration-test/target/test-dir/MiniOzoneClusterImpl-299c34b2-84c4-4da4-b63e-5faf1abba283/datanode-3/data/ratis/f18da220-50a1-423b-bd91-c4f0b4d20f9c for RaftStorage:Storage Directory /workdir/hadoop-ozone/integration-test/target/test-dir/MiniOzoneClusterImpl-299c34b2-84c4-4da4-b63e-5faf1abba283/datanode-3/data/ratis/f18da220-50a1-423b-bd91-c4f0b4d20f9c
2019-09-12 11:30:40,788 [pool-60-thread-1] INFO  server.RaftServerConfigKeys (ConfUtils.java:logGet(43)) - raft.server.log.queue.byte-limit = 2147483647 (custom)
2019-09-12 11:30:40,788 [pool-60-thread-1] INFO  server.RaftServerConfigKeys (ConfUtils.java:logGet(43)) - raft.server.log.queue.element-limit = 1024 (custom)
2019-09-12 11:30:40,788 [pool-60-thread-1] INFO  server.RaftServerConfigKeys (ConfUtils.java:logGet(43)) - raft.server.log.segment.size.max = 1048576 (custom)
2019-09-12 11:30:40,788 [pool-60-thread-1] INFO  server.RaftServerConfigKeys (ConfUtils.java:logGet(43)) - raft.server.log.preallocated.size = 16384 (custom)
2019-09-12 11:30:40,789 [pool-60-thread-1] INFO  server.RaftServerConfigKeys (ConfUtils.java:logGet(43)) - raft.server.log.write.buffer.size = 33554432 (custom)
2019-09-12 11:30:40,789 [pool-60-thread-1] INFO  server.RaftServerConfigKeys (ConfUtils.java:logGet(43)) - raft.server.log.force.sync.num = 128 (default)
2019-09-12 11:30:40,789 [pool-60-thread-1] INFO  server.RaftServerConfigKeys (ConfUtils.java:logGet(43)) - raft.server.log.statemachine.data.sync = true (default)
2019-09-12 11:30:40,789 [pool-60-thread-1] INFO  server.RaftServerConfigKeys (ConfUtils.java:logGet(43)) - raft.server.log.statemachine.data.sync.timeout = 10s (default)
2019-09-12 11:30:40,789 [pool-60-thread-1] INFO  server.RaftServerConfigKeys (ConfUtils.java:logGet(43)) - raft.server.log.statemachine.data.sync.timeout.retry = -1 (default)
2019-09-12 11:30:40,789 [pool-60-thread-1] INFO  server.RaftServerConfigKeys (ConfUtils.java:logGet(43)) - raft.server.log.statemachine.data.caching.enabled = true (custom)
2019-09-12 11:30:40,790 [pool-60-thread-1] INFO  segmented.SegmentedRaftLogWorker (SegmentedRaftLogWorker.java:lambda$new$0(132)) - 041153b1-579d-462a-9927-680735a5d567-SegmentedRaftLogWorker:Storage Directory /workdir/hadoop-ozone/integration-test/target/test-dir/MiniOzoneClusterImpl-299c34b2-84c4-4da4-b63e-5faf1abba283/datanode-3/data/ratis/f18da220-50a1-423b-bd91-c4f0b4d20f9c: flushIndex: setUnconditionally 0 -> -1
2019-09-12 11:30:40,793 [pool-60-thread-1] INFO  server.RaftServerConfigKeys (ConfUtils.java:logGet(43)) - raft.server.snapshot.auto.trigger.enabled = true (custom)
2019-09-12 11:30:40,793 [pool-60-thread-1] INFO  server.RaftServerConfigKeys (ConfUtils.java:logGet(43)) - raft.server.snapshot.auto.trigger.threshold = 10000 (custom)
2019-09-12 11:30:40,793 [pool-60-thread-1] INFO  server.RaftServerConfigKeys (ConfUtils.java:logGet(43)) - raft.server.retrycache.expirytime = 600000ms (custom)
2019-09-12 11:30:40,794 [pool-60-thread-1] INFO  impl.RaftServerImpl (RaftServerImpl.java:start(180)) - 041153b1-579d-462a-9927-680735a5d567: start group-C4F0B4D20F9C
2019-09-12 11:30:40,794 [pool-60-thread-1] INFO  impl.RaftServerImpl (RaftServerImpl.java:setRole(171)) - 041153b1-579d-462a-9927-680735a5d567:group-C4F0B4D20F9C changes role from null to FOLLOWER at term 0 for startAsFollower
2019-09-12 11:30:40,794 [pool-60-thread-1] INFO  impl.RoleInfo (RoleInfo.java:updateAndGet(143)) - 041153b1-579d-462a-9927-680735a5d567: start FollowerState
2019-09-12 11:30:40,794 | INFO  | SCMAudit | user=jenkins1000 | ip=192.168.36.114 | op=SEND_HEARTBEAT {datanodeUUID=faaae1d4-820a-4881-8cfe-c76293b91720, command=[]} | ret=SUCCESS |  
2019-09-12 11:30:40,794 [pool-60-thread-1] INFO  util.JmxRegister (JmxRegister.java:tryRegister(44)) - Successfully registered JMX Bean with object name Ratis:service=RaftServer,group=group-C4F0B4D20F9C,id=041153b1-579d-462a-9927-680735a5d567
2019-09-12 11:30:40,801 [RatisPipelineUtilsThread] INFO  pipeline.PipelineStateManager (PipelineStateManager.java:addPipeline(56)) - Created pipeline Pipeline[ Id: f18da220-50a1-423b-bd91-c4f0b4d20f9c, Nodes: 041153b1-579d-462a-9927-680735a5d567{ip: 192.168.36.114, host: pr-hdds-1569-58hkm-1881083799, networkLocation: /default-rack, certSerialId: null}, Type:RATIS, Factor:ONE, State:OPEN]
2019-09-12 11:30:40,804 [RatisPipelineUtilsThread] ERROR pipeline.PipelinePlacementPolicy (PipelinePlacementPolicy.java:meetCriteria(92)) - Pipeline Placement: Doesn't meet the criteria to be viable node. Heaviness: 6
2019-09-12 11:30:40,804 [RatisPipelineUtilsThread] ERROR pipeline.PipelinePlacementPolicy (PipelinePlacementPolicy.java:meetCriteria(92)) - Pipeline Placement: Doesn't meet the criteria to be viable node. Heaviness: 6
2019-09-12 11:30:40,817 [grpc-default-executor-0] INFO  impl.RaftServerProxy (RaftServerProxy.java:addNew(89)) - 041153b1-579d-462a-9927-680735a5d567: addNew group-A6E411AB51B4:[041153b1-579d-462a-9927-680735a5d567:192.168.36.114:36051] returns group-A6E411AB51B4:java.util.concurrent.CompletableFuture@c7da593[Not completed]
2019-09-12 11:30:40,818 [pool-60-thread-1] INFO  impl.RaftServerImpl (RaftServerImpl.java:<init>(93)) - 041153b1-579d-462a-9927-680735a5d567: new RaftServerImpl for group-A6E411AB51B4:[041153b1-579d-462a-9927-680735a5d567:192.168.36.114:36051] with ContainerStateMachine:uninitialized
2019-09-12 11:30:40,818 [pool-60-thread-1] INFO  server.RaftServerConfigKeys (ConfUtils.java:logGet(43)) - raft.server.rpc.timeout.min = 5s (custom)
2019-09-12 11:30:40,819 [pool-60-thread-1] INFO  server.RaftServerConfigKeys (ConfUtils.java:logGet(43)) - raft.server.rpc.timeout.max = 5200ms (custom)
2019-09-12 11:30:40,819 [pool-60-thread-1] INFO  server.RaftServerConfigKeys (ConfUtils.java:logGet(43)) - raft.server.rpcslowness.timeout = 120s (custom)
2019-09-12 11:30:40,819 [pool-60-thread-1] INFO  server.RaftServerConfigKeys (ConfUtils.java:logGet(43)) - raft.server.sleep.deviation.threshold = 300 (default)
2019-09-12 11:30:40,819 [pool-60-thread-1] INFO  server.RaftServerConfigKeys (ConfUtils.java:logGet(43)) - raft.server.log.appender.install.snapshot.enabled = false (custom)
2019-09-12 11:30:40,819 [pool-60-thread-1] INFO  impl.RaftServerImpl (ServerState.java:<init>(105)) - 041153b1-579d-462a-9927-680735a5d567:group-A6E411AB51B4 ConfigurationManager, init=-1: [041153b1-579d-462a-9927-680735a5d567:192.168.36.114:36051], old=null, confs=<EMPTY_MAP>
2019-09-12 11:30:40,819 [pool-60-thread-1] INFO  server.RaftServerConfigKeys (ConfUtils.java:logGet(43)) - raft.server.storage.dir = [/workdir/hadoop-ozone/integration-test/target/test-dir/MiniOzoneClusterImpl-299c34b2-84c4-4da4-b63e-5faf1abba283/datanode-3/data/ratis] (custom)
2019-09-12 11:30:40,820 [pool-60-thread-1] INFO  storage.RaftStorageDirectory (RaftStorageDirectory.java:analyzeStorage(246)) - The storage directory /workdir/hadoop-ozone/integration-test/target/test-dir/MiniOzoneClusterImpl-299c34b2-84c4-4da4-b63e-5faf1abba283/datanode-3/data/ratis/b24b5689-8371-4abe-bc76-a6e411ab51b4 does not exist. Creating ...
2019-09-12 11:30:40,833 [pool-60-thread-1] INFO  storage.RaftStorageDirectory (RaftStorageDirectory.java:tryLock(328)) - Lock on /workdir/hadoop-ozone/integration-test/target/test-dir/MiniOzoneClusterImpl-299c34b2-84c4-4da4-b63e-5faf1abba283/datanode-3/data/ratis/b24b5689-8371-4abe-bc76-a6e411ab51b4/in_use.lock acquired by nodename 16167@pr-hdds-1569-58hkm-1881083799
2019-09-12 11:30:40,847 [pool-60-thread-1] INFO  storage.RaftStorage (RaftStorage.java:format(72)) - Storage directory /workdir/hadoop-ozone/integration-test/target/test-dir/MiniOzoneClusterImpl-299c34b2-84c4-4da4-b63e-5faf1abba283/datanode-3/data/ratis/b24b5689-8371-4abe-bc76-a6e411ab51b4 has been successfully formatted.
2019-09-12 11:30:40,847 [pool-60-thread-1] INFO  ratis.ContainerStateMachine (ContainerStateMachine.java:loadSnapshot(226)) - group-A6E411AB51B4: The snapshot info is null. Setting the last applied indexto:(t:0, i:~)
2019-09-12 11:30:40,847 [pool-60-thread-1] INFO  server.RaftServerConfigKeys (ConfUtils.java:logGet(43)) - raft.server.leader.election.timeout = 120s (custom)
2019-09-12 11:30:40,847 [pool-60-thread-1] INFO  server.RaftServerConfigKeys (ConfUtils.java:logGet(43)) - raft.server.log.use.memory = false (default)
2019-09-12 11:30:40,847 [pool-60-thread-1] INFO  server.RaftServerConfigKeys (ConfUtils.java:logGet(43)) - raft.server.log.purge.gap = 1000000 (custom)
2019-09-12 11:30:40,847 [pool-60-thread-1] INFO  server.RaftServerConfigKeys (ConfUtils.java:logGet(43)) - raft.server.log.appender.buffer.byte-limit = 33554432 (custom)
2019-09-12 11:30:40,848 [pool-60-thread-1] INFO  server.RaftServerConfigKeys (ConfUtils.java:logGet(43)) - raft.server.log.segment.size.max = 1048576 (custom)
2019-09-12 11:30:40,848 [pool-60-thread-1] INFO  server.RaftServerConfigKeys (ConfUtils.java:logGet(43)) - raft.server.log.segment.cache.num.max = 2 (custom)
2019-09-12 11:30:40,848 [pool-60-thread-1] INFO  segmented.SegmentedRaftLogWorker (SegmentedRaftLogWorker.java:<init>(172)) - new 041153b1-579d-462a-9927-680735a5d567-SegmentedRaftLogWorker:Storage Directory /workdir/hadoop-ozone/integration-test/target/test-dir/MiniOzoneClusterImpl-299c34b2-84c4-4da4-b63e-5faf1abba283/datanode-3/data/ratis/b24b5689-8371-4abe-bc76-a6e411ab51b4 for RaftStorage:Storage Directory /workdir/hadoop-ozone/integration-test/target/test-dir/MiniOzoneClusterImpl-299c34b2-84c4-4da4-b63e-5faf1abba283/datanode-3/data/ratis/b24b5689-8371-4abe-bc76-a6e411ab51b4
2019-09-12 11:30:40,848 [pool-60-thread-1] INFO  server.RaftServerConfigKeys (ConfUtils.java:logGet(43)) - raft.server.log.queue.byte-limit = 2147483647 (custom)
2019-09-12 11:30:40,848 [pool-60-thread-1] INFO  server.RaftServerConfigKeys (ConfUtils.java:logGet(43)) - raft.server.log.queue.element-limit = 1024 (custom)
2019-09-12 11:30:40,848 [pool-60-thread-1] INFO  server.RaftServerConfigKeys (ConfUtils.java:logGet(43)) - raft.server.log.segment.size.max = 1048576 (custom)
2019-09-12 11:30:40,848 [pool-60-thread-1] INFO  server.RaftServerConfigKeys (ConfUtils.java:logGet(43)) - raft.server.log.preallocated.size = 16384 (custom)
2019-09-12 11:30:40,849 [pool-60-thread-1] INFO  server.RaftServerConfigKeys (ConfUtils.java:logGet(43)) - raft.server.log.write.buffer.size = 33554432 (custom)
2019-09-12 11:30:40,849 [pool-60-thread-1] INFO  server.RaftServerConfigKeys (ConfUtils.java:logGet(43)) - raft.server.log.force.sync.num = 128 (default)
2019-09-12 11:30:40,849 [pool-60-thread-1] INFO  server.RaftServerConfigKeys (ConfUtils.java:logGet(43)) - raft.server.log.statemachine.data.sync = true (default)
2019-09-12 11:30:40,849 [pool-60-thread-1] INFO  server.RaftServerConfigKeys (ConfUtils.java:logGet(43)) - raft.server.log.statemachine.data.sync.timeout = 10s (default)
2019-09-12 11:30:40,849 [pool-60-thread-1] INFO  server.RaftServerConfigKeys (ConfUtils.java:logGet(43)) - raft.server.log.statemachine.data.sync.timeout.retry = -1 (default)
2019-09-12 11:30:40,849 [pool-60-thread-1] INFO  server.RaftServerConfigKeys (ConfUtils.java:logGet(43)) - raft.server.log.statemachine.data.caching.enabled = true (custom)
2019-09-12 11:30:40,850 [pool-60-thread-1] INFO  segmented.SegmentedRaftLogWorker (SegmentedRaftLogWorker.java:lambda$new$0(132)) - 041153b1-579d-462a-9927-680735a5d567-SegmentedRaftLogWorker:Storage Directory /workdir/hadoop-ozone/integration-test/target/test-dir/MiniOzoneClusterImpl-299c34b2-84c4-4da4-b63e-5faf1abba283/datanode-3/data/ratis/b24b5689-8371-4abe-bc76-a6e411ab51b4: flushIndex: setUnconditionally 0 -> -1
2019-09-12 11:30:40,850 [pool-60-thread-1] INFO  server.RaftServerConfigKeys (ConfUtils.java:logGet(43)) - raft.server.snapshot.auto.trigger.enabled = true (custom)
2019-09-12 11:30:40,850 [pool-60-thread-1] INFO  server.RaftServerConfigKeys (ConfUtils.java:logGet(43)) - raft.server.snapshot.auto.trigger.threshold = 10000 (custom)
2019-09-12 11:30:40,850 [pool-60-thread-1] INFO  server.RaftServerConfigKeys (ConfUtils.java:logGet(43)) - raft.server.retrycache.expirytime = 600000ms (custom)
2019-09-12 11:30:40,851 [pool-60-thread-1] INFO  impl.RaftServerImpl (RaftServerImpl.java:start(180)) - 041153b1-579d-462a-9927-680735a5d567: start group-A6E411AB51B4
2019-09-12 11:30:40,851 [pool-60-thread-1] INFO  impl.RaftServerImpl (RaftServerImpl.java:setRole(171)) - 041153b1-579d-462a-9927-680735a5d567:group-A6E411AB51B4 changes role from null to FOLLOWER at term 0 for startAsFollower
2019-09-12 11:30:40,851 [pool-60-thread-1] INFO  impl.RoleInfo (RoleInfo.java:updateAndGet(143)) - 041153b1-579d-462a-9927-680735a5d567: start FollowerState
2019-09-12 11:30:40,851 [pool-60-thread-1] INFO  util.JmxRegister (JmxRegister.java:tryRegister(44)) - Successfully registered JMX Bean with object name Ratis:service=RaftServer,group=group-A6E411AB51B4,id=041153b1-579d-462a-9927-680735a5d567
2019-09-12 11:30:40,857 [RatisPipelineUtilsThread] INFO  pipeline.PipelineStateManager (PipelineStateManager.java:addPipeline(56)) - Created pipeline Pipeline[ Id: b24b5689-8371-4abe-bc76-a6e411ab51b4, Nodes: 041153b1-579d-462a-9927-680735a5d567{ip: 192.168.36.114, host: pr-hdds-1569-58hkm-1881083799, networkLocation: /default-rack, certSerialId: null}, Type:RATIS, Factor:ONE, State:OPEN]
2019-09-12 11:30:40,860 [RatisPipelineUtilsThread] ERROR pipeline.PipelinePlacementPolicy (PipelinePlacementPolicy.java:meetCriteria(92)) - Pipeline Placement: Doesn't meet the criteria to be viable node. Heaviness: 6
2019-09-12 11:30:40,860 [RatisPipelineUtilsThread] ERROR pipeline.PipelinePlacementPolicy (PipelinePlacementPolicy.java:meetCriteria(92)) - Pipeline Placement: Doesn't meet the criteria to be viable node. Heaviness: 6
2019-09-12 11:30:40,872 [grpc-default-executor-0] INFO  impl.RaftServerProxy (RaftServerProxy.java:addNew(89)) - 041153b1-579d-462a-9927-680735a5d567: addNew group-AAF7BB3B9944:[041153b1-579d-462a-9927-680735a5d567:192.168.36.114:36051] returns group-AAF7BB3B9944:java.util.concurrent.CompletableFuture@525e6ade[Not completed]
2019-09-12 11:30:40,873 [pool-60-thread-1] INFO  impl.RaftServerImpl (RaftServerImpl.java:<init>(93)) - 041153b1-579d-462a-9927-680735a5d567: new RaftServerImpl for group-AAF7BB3B9944:[041153b1-579d-462a-9927-680735a5d567:192.168.36.114:36051] with ContainerStateMachine:uninitialized
2019-09-12 11:30:40,873 [pool-60-thread-1] INFO  server.RaftServerConfigKeys (ConfUtils.java:logGet(43)) - raft.server.rpc.timeout.min = 5s (custom)
2019-09-12 11:30:40,874 [pool-60-thread-1] INFO  server.RaftServerConfigKeys (ConfUtils.java:logGet(43)) - raft.server.rpc.timeout.max = 5200ms (custom)
2019-09-12 11:30:40,874 [pool-60-thread-1] INFO  server.RaftServerConfigKeys (ConfUtils.java:logGet(43)) - raft.server.rpcslowness.timeout = 120s (custom)
2019-09-12 11:30:40,874 [pool-60-thread-1] INFO  server.RaftServerConfigKeys (ConfUtils.java:logGet(43)) - raft.server.sleep.deviation.threshold = 300 (default)
2019-09-12 11:30:40,874 [pool-60-thread-1] INFO  server.RaftServerConfigKeys (ConfUtils.java:logGet(43)) - raft.server.log.appender.install.snapshot.enabled = false (custom)
2019-09-12 11:30:40,874 [pool-60-thread-1] INFO  impl.RaftServerImpl (ServerState.java:<init>(105)) - 041153b1-579d-462a-9927-680735a5d567:group-AAF7BB3B9944 ConfigurationManager, init=-1: [041153b1-579d-462a-9927-680735a5d567:192.168.36.114:36051], old=null, confs=<EMPTY_MAP>
2019-09-12 11:30:40,874 [pool-60-thread-1] INFO  server.RaftServerConfigKeys (ConfUtils.java:logGet(43)) - raft.server.storage.dir = [/workdir/hadoop-ozone/integration-test/target/test-dir/MiniOzoneClusterImpl-299c34b2-84c4-4da4-b63e-5faf1abba283/datanode-3/data/ratis] (custom)
2019-09-12 11:30:40,875 [pool-60-thread-1] INFO  storage.RaftStorageDirectory (RaftStorageDirectory.java:analyzeStorage(246)) - The storage directory /workdir/hadoop-ozone/integration-test/target/test-dir/MiniOzoneClusterImpl-299c34b2-84c4-4da4-b63e-5faf1abba283/datanode-3/data/ratis/fa9024ef-0ae1-49ed-9071-aaf7bb3b9944 does not exist. Creating ...
2019-09-12 11:30:40,887 [pool-60-thread-1] INFO  storage.RaftStorageDirectory (RaftStorageDirectory.java:tryLock(328)) - Lock on /workdir/hadoop-ozone/integration-test/target/test-dir/MiniOzoneClusterImpl-299c34b2-84c4-4da4-b63e-5faf1abba283/datanode-3/data/ratis/fa9024ef-0ae1-49ed-9071-aaf7bb3b9944/in_use.lock acquired by nodename 16167@pr-hdds-1569-58hkm-1881083799
2019-09-12 11:30:40,901 [pool-60-thread-1] INFO  storage.RaftStorage (RaftStorage.java:format(72)) - Storage directory /workdir/hadoop-ozone/integration-test/target/test-dir/MiniOzoneClusterImpl-299c34b2-84c4-4da4-b63e-5faf1abba283/datanode-3/data/ratis/fa9024ef-0ae1-49ed-9071-aaf7bb3b9944 has been successfully formatted.
2019-09-12 11:30:40,901 [pool-60-thread-1] INFO  ratis.ContainerStateMachine (ContainerStateMachine.java:loadSnapshot(226)) - group-AAF7BB3B9944: The snapshot info is null. Setting the last applied indexto:(t:0, i:~)
2019-09-12 11:30:40,901 [pool-60-thread-1] INFO  server.RaftServerConfigKeys (ConfUtils.java:logGet(43)) - raft.server.leader.election.timeout = 120s (custom)
2019-09-12 11:30:40,902 [pool-60-thread-1] INFO  server.RaftServerConfigKeys (ConfUtils.java:logGet(43)) - raft.server.log.use.memory = false (default)
2019-09-12 11:30:40,902 [pool-60-thread-1] INFO  server.RaftServerConfigKeys (ConfUtils.java:logGet(43)) - raft.server.log.purge.gap = 1000000 (custom)
2019-09-12 11:30:40,902 [pool-60-thread-1] INFO  server.RaftServerConfigKeys (ConfUtils.java:logGet(43)) - raft.server.log.appender.buffer.byte-limit = 33554432 (custom)
2019-09-12 11:30:40,902 [pool-60-thread-1] INFO  server.RaftServerConfigKeys (ConfUtils.java:logGet(43)) - raft.server.log.segment.size.max = 1048576 (custom)
2019-09-12 11:30:40,902 [pool-60-thread-1] INFO  server.RaftServerConfigKeys (ConfUtils.java:logGet(43)) - raft.server.log.segment.cache.num.max = 2 (custom)
2019-09-12 11:30:40,903 [pool-60-thread-1] INFO  segmented.SegmentedRaftLogWorker (SegmentedRaftLogWorker.java:<init>(172)) - new 041153b1-579d-462a-9927-680735a5d567-SegmentedRaftLogWorker:Storage Directory /workdir/hadoop-ozone/integration-test/target/test-dir/MiniOzoneClusterImpl-299c34b2-84c4-4da4-b63e-5faf1abba283/datanode-3/data/ratis/fa9024ef-0ae1-49ed-9071-aaf7bb3b9944 for RaftStorage:Storage Directory /workdir/hadoop-ozone/integration-test/target/test-dir/MiniOzoneClusterImpl-299c34b2-84c4-4da4-b63e-5faf1abba283/datanode-3/data/ratis/fa9024ef-0ae1-49ed-9071-aaf7bb3b9944
2019-09-12 11:30:40,903 [pool-60-thread-1] INFO  server.RaftServerConfigKeys (ConfUtils.java:logGet(43)) - raft.server.log.queue.byte-limit = 2147483647 (custom)
2019-09-12 11:30:40,903 [pool-60-thread-1] INFO  server.RaftServerConfigKeys (ConfUtils.java:logGet(43)) - raft.server.log.queue.element-limit = 1024 (custom)
2019-09-12 11:30:40,903 [pool-60-thread-1] INFO  server.RaftServerConfigKeys (ConfUtils.java:logGet(43)) - raft.server.log.segment.size.max = 1048576 (custom)
2019-09-12 11:30:40,903 [pool-60-thread-1] INFO  server.RaftServerConfigKeys (ConfUtils.java:logGet(43)) - raft.server.log.preallocated.size = 16384 (custom)
2019-09-12 11:30:40,904 [pool-60-thread-1] INFO  server.RaftServerConfigKeys (ConfUtils.java:logGet(43)) - raft.server.log.write.buffer.size = 33554432 (custom)
2019-09-12 11:30:40,904 [pool-60-thread-1] INFO  server.RaftServerConfigKeys (ConfUtils.java:logGet(43)) - raft.server.log.force.sync.num = 128 (default)
2019-09-12 11:30:40,904 [pool-60-thread-1] INFO  server.RaftServerConfigKeys (ConfUtils.java:logGet(43)) - raft.server.log.statemachine.data.sync = true (default)
2019-09-12 11:30:40,904 [pool-60-thread-1] INFO  server.RaftServerConfigKeys (ConfUtils.java:logGet(43)) - raft.server.log.statemachine.data.sync.timeout = 10s (default)
2019-09-12 11:30:40,904 [pool-60-thread-1] INFO  server.RaftServerConfigKeys (ConfUtils.java:logGet(43)) - raft.server.log.statemachine.data.sync.timeout.retry = -1 (default)
2019-09-12 11:30:40,905 [pool-60-thread-1] INFO  server.RaftServerConfigKeys (ConfUtils.java:logGet(43)) - raft.server.log.statemachine.data.caching.enabled = true (custom)
2019-09-12 11:30:40,905 [pool-60-thread-1] INFO  segmented.SegmentedRaftLogWorker (SegmentedRaftLogWorker.java:lambda$new$0(132)) - 041153b1-579d-462a-9927-680735a5d567-SegmentedRaftLogWorker:Storage Directory /workdir/hadoop-ozone/integration-test/target/test-dir/MiniOzoneClusterImpl-299c34b2-84c4-4da4-b63e-5faf1abba283/datanode-3/data/ratis/fa9024ef-0ae1-49ed-9071-aaf7bb3b9944: flushIndex: setUnconditionally 0 -> -1
2019-09-12 11:30:40,905 [pool-60-thread-1] INFO  server.RaftServerConfigKeys (ConfUtils.java:logGet(43)) - raft.server.snapshot.auto.trigger.enabled = true (custom)
2019-09-12 11:30:40,906 [pool-60-thread-1] INFO  server.RaftServerConfigKeys (ConfUtils.java:logGet(43)) - raft.server.snapshot.auto.trigger.threshold = 10000 (custom)
2019-09-12 11:30:40,906 [pool-60-thread-1] INFO  server.RaftServerConfigKeys (ConfUtils.java:logGet(43)) - raft.server.retrycache.expirytime = 600000ms (custom)
2019-09-12 11:30:40,906 [pool-60-thread-1] INFO  impl.RaftServerImpl (RaftServerImpl.java:start(180)) - 041153b1-579d-462a-9927-680735a5d567: start group-AAF7BB3B9944
2019-09-12 11:30:40,906 [pool-60-thread-1] INFO  impl.RaftServerImpl (RaftServerImpl.java:setRole(171)) - 041153b1-579d-462a-9927-680735a5d567:group-AAF7BB3B9944 changes role from null to FOLLOWER at term 0 for startAsFollower
2019-09-12 11:30:40,906 [pool-60-thread-1] INFO  impl.RoleInfo (RoleInfo.java:updateAndGet(143)) - 041153b1-579d-462a-9927-680735a5d567: start FollowerState
2019-09-12 11:30:40,907 [pool-60-thread-1] INFO  util.JmxRegister (JmxRegister.java:tryRegister(44)) - Successfully registered JMX Bean with object name Ratis:service=RaftServer,group=group-AAF7BB3B9944,id=041153b1-579d-462a-9927-680735a5d567
2019-09-12 11:30:40,913 [RatisPipelineUtilsThread] INFO  pipeline.PipelineStateManager (PipelineStateManager.java:addPipeline(56)) - Created pipeline Pipeline[ Id: fa9024ef-0ae1-49ed-9071-aaf7bb3b9944, Nodes: 041153b1-579d-462a-9927-680735a5d567{ip: 192.168.36.114, host: pr-hdds-1569-58hkm-1881083799, networkLocation: /default-rack, certSerialId: null}, Type:RATIS, Factor:ONE, State:OPEN]
2019-09-12 11:30:40,917 [RatisPipelineUtilsThread] ERROR pipeline.PipelinePlacementPolicy (PipelinePlacementPolicy.java:meetCriteria(92)) - Pipeline Placement: Doesn't meet the criteria to be viable node. Heaviness: 6
2019-09-12 11:30:40,917 [RatisPipelineUtilsThread] ERROR pipeline.PipelinePlacementPolicy (PipelinePlacementPolicy.java:meetCriteria(92)) - Pipeline Placement: Doesn't meet the criteria to be viable node. Heaviness: 6
2019-09-12 11:30:40,917 [RatisPipelineUtilsThread] ERROR pipeline.PipelinePlacementPolicy (PipelinePlacementPolicy.java:meetCriteria(92)) - Pipeline Placement: Doesn't meet the criteria to be viable node. Heaviness: 6
2019-09-12 11:30:40,928 [grpc-default-executor-0] INFO  impl.RaftServerProxy (RaftServerProxy.java:addNew(89)) - 63a2c513-e651-4cfd-9092-3873a710e112: addNew group-19B970D88395:[63a2c513-e651-4cfd-9092-3873a710e112:192.168.36.114:37233] returns group-19B970D88395:java.util.concurrent.CompletableFuture@20ce3fe8[Not completed]
2019-09-12 11:30:40,931 [pool-93-thread-1] INFO  impl.RaftServerImpl (RaftServerImpl.java:<init>(93)) - 63a2c513-e651-4cfd-9092-3873a710e112: new RaftServerImpl for group-19B970D88395:[63a2c513-e651-4cfd-9092-3873a710e112:192.168.36.114:37233] with ContainerStateMachine:uninitialized
2019-09-12 11:30:40,931 [pool-93-thread-1] INFO  server.RaftServerConfigKeys (ConfUtils.java:logGet(43)) - raft.server.rpc.timeout.min = 5s (custom)
2019-09-12 11:30:40,931 [pool-93-thread-1] INFO  server.RaftServerConfigKeys (ConfUtils.java:logGet(43)) - raft.server.rpc.timeout.max = 5200ms (custom)
2019-09-12 11:30:40,931 [pool-93-thread-1] INFO  server.RaftServerConfigKeys (ConfUtils.java:logGet(43)) - raft.server.rpcslowness.timeout = 120s (custom)
2019-09-12 11:30:40,931 [pool-93-thread-1] INFO  server.RaftServerConfigKeys (ConfUtils.java:logGet(43)) - raft.server.sleep.deviation.threshold = 300 (default)
2019-09-12 11:30:40,932 [pool-93-thread-1] INFO  server.RaftServerConfigKeys (ConfUtils.java:logGet(43)) - raft.server.log.appender.install.snapshot.enabled = false (custom)
2019-09-12 11:30:40,932 [pool-93-thread-1] INFO  impl.RaftServerImpl (ServerState.java:<init>(105)) - 63a2c513-e651-4cfd-9092-3873a710e112:group-19B970D88395 ConfigurationManager, init=-1: [63a2c513-e651-4cfd-9092-3873a710e112:192.168.36.114:37233], old=null, confs=<EMPTY_MAP>
2019-09-12 11:30:40,932 [pool-93-thread-1] INFO  server.RaftServerConfigKeys (ConfUtils.java:logGet(43)) - raft.server.storage.dir = [/workdir/hadoop-ozone/integration-test/target/test-dir/MiniOzoneClusterImpl-299c34b2-84c4-4da4-b63e-5faf1abba283/datanode-6/data/ratis] (custom)
2019-09-12 11:30:40,933 [pool-93-thread-1] INFO  storage.RaftStorageDirectory (RaftStorageDirectory.java:analyzeStorage(246)) - The storage directory /workdir/hadoop-ozone/integration-test/target/test-dir/MiniOzoneClusterImpl-299c34b2-84c4-4da4-b63e-5faf1abba283/datanode-6/data/ratis/3a6c1a8f-c1ac-40d5-bad7-19b970d88395 does not exist. Creating ...
2019-09-12 11:30:40,945 [pool-93-thread-1] INFO  storage.RaftStorageDirectory (RaftStorageDirectory.java:tryLock(328)) - Lock on /workdir/hadoop-ozone/integration-test/target/test-dir/MiniOzoneClusterImpl-299c34b2-84c4-4da4-b63e-5faf1abba283/datanode-6/data/ratis/3a6c1a8f-c1ac-40d5-bad7-19b970d88395/in_use.lock acquired by nodename 16167@pr-hdds-1569-58hkm-1881083799
2019-09-12 11:30:40,982 [pool-93-thread-1] INFO  storage.RaftStorage (RaftStorage.java:format(72)) - Storage directory /workdir/hadoop-ozone/integration-test/target/test-dir/MiniOzoneClusterImpl-299c34b2-84c4-4da4-b63e-5faf1abba283/datanode-6/data/ratis/3a6c1a8f-c1ac-40d5-bad7-19b970d88395 has been successfully formatted.
2019-09-12 11:30:40,982 [pool-93-thread-1] INFO  ratis.ContainerStateMachine (ContainerStateMachine.java:loadSnapshot(226)) - group-19B970D88395: The snapshot info is null. Setting the last applied indexto:(t:0, i:~)
2019-09-12 11:30:41,005 [pool-93-thread-1] INFO  server.RaftServerConfigKeys (ConfUtils.java:logGet(43)) - raft.server.leader.election.timeout = 120s (custom)
2019-09-12 11:30:41,005 [pool-93-thread-1] INFO  server.RaftServerConfigKeys (ConfUtils.java:logGet(43)) - raft.server.log.use.memory = false (default)
2019-09-12 11:30:41,006 [pool-93-thread-1] INFO  server.RaftServerConfigKeys (ConfUtils.java:logGet(43)) - raft.server.log.purge.gap = 1000000 (custom)
2019-09-12 11:30:41,006 | INFO  | SCMAudit | user=jenkins1000 | ip=192.168.36.114 | op=SEND_HEARTBEAT {datanodeUUID=041153b1-579d-462a-9927-680735a5d567, command=[]} | ret=SUCCESS |  
2019-09-12 11:30:41,006 [pool-93-thread-1] INFO  server.RaftServerConfigKeys (ConfUtils.java:logGet(43)) - raft.server.log.appender.buffer.byte-limit = 33554432 (custom)
2019-09-12 11:30:41,006 [pool-93-thread-1] INFO  server.RaftServerConfigKeys (ConfUtils.java:logGet(43)) - raft.server.log.segment.size.max = 1048576 (custom)
2019-09-12 11:30:41,006 | INFO  | SCMAudit | user=jenkins1000 | ip=192.168.36.114 | op=SEND_HEARTBEAT {datanodeUUID=eff3a7ee-c843-4140-bba9-03f77ca50619, command=[]} | ret=SUCCESS |  
2019-09-12 11:30:41,006 [pool-93-thread-1] INFO  server.RaftServerConfigKeys (ConfUtils.java:logGet(43)) - raft.server.log.segment.cache.num.max = 2 (custom)
2019-09-12 11:30:41,006 [pool-93-thread-1] INFO  segmented.SegmentedRaftLogWorker (SegmentedRaftLogWorker.java:<init>(172)) - new 63a2c513-e651-4cfd-9092-3873a710e112-SegmentedRaftLogWorker:Storage Directory /workdir/hadoop-ozone/integration-test/target/test-dir/MiniOzoneClusterImpl-299c34b2-84c4-4da4-b63e-5faf1abba283/datanode-6/data/ratis/3a6c1a8f-c1ac-40d5-bad7-19b970d88395 for RaftStorage:Storage Directory /workdir/hadoop-ozone/integration-test/target/test-dir/MiniOzoneClusterImpl-299c34b2-84c4-4da4-b63e-5faf1abba283/datanode-6/data/ratis/3a6c1a8f-c1ac-40d5-bad7-19b970d88395
2019-09-12 11:30:41,007 [pool-93-thread-1] INFO  server.RaftServerConfigKeys (ConfUtils.java:logGet(43)) - raft.server.log.queue.byte-limit = 2147483647 (custom)
2019-09-12 11:30:41,007 [pool-93-thread-1] INFO  server.RaftServerConfigKeys (ConfUtils.java:logGet(43)) - raft.server.log.queue.element-limit = 1024 (custom)
2019-09-12 11:30:41,007 [pool-93-thread-1] INFO  server.RaftServerConfigKeys (ConfUtils.java:logGet(43)) - raft.server.log.segment.size.max = 1048576 (custom)
2019-09-12 11:30:41,007 [pool-93-thread-1] INFO  server.RaftServerConfigKeys (ConfUtils.java:logGet(43)) - raft.server.log.preallocated.size = 16384 (custom)
2019-09-12 11:30:41,007 [pool-93-thread-1] INFO  server.RaftServerConfigKeys (ConfUtils.java:logGet(43)) - raft.server.log.write.buffer.size = 33554432 (custom)
2019-09-12 11:30:41,007 [pool-93-thread-1] INFO  server.RaftServerConfigKeys (ConfUtils.java:logGet(43)) - raft.server.log.force.sync.num = 128 (default)
2019-09-12 11:30:41,008 [pool-93-thread-1] INFO  server.RaftServerConfigKeys (ConfUtils.java:logGet(43)) - raft.server.log.statemachine.data.sync = true (default)
2019-09-12 11:30:41,008 [pool-93-thread-1] INFO  server.RaftServerConfigKeys (ConfUtils.java:logGet(43)) - raft.server.log.statemachine.data.sync.timeout = 10s (default)
2019-09-12 11:30:41,008 [pool-93-thread-1] INFO  server.RaftServerConfigKeys (ConfUtils.java:logGet(43)) - raft.server.log.statemachine.data.sync.timeout.retry = -1 (default)
2019-09-12 11:30:41,008 [pool-93-thread-1] INFO  server.RaftServerConfigKeys (ConfUtils.java:logGet(43)) - raft.server.log.statemachine.data.caching.enabled = true (custom)
2019-09-12 11:30:41,009 [pool-93-thread-1] INFO  segmented.SegmentedRaftLogWorker (SegmentedRaftLogWorker.java:lambda$new$0(132)) - 63a2c513-e651-4cfd-9092-3873a710e112-SegmentedRaftLogWorker:Storage Directory /workdir/hadoop-ozone/integration-test/target/test-dir/MiniOzoneClusterImpl-299c34b2-84c4-4da4-b63e-5faf1abba283/datanode-6/data/ratis/3a6c1a8f-c1ac-40d5-bad7-19b970d88395: flushIndex: setUnconditionally 0 -> -1
2019-09-12 11:30:41,009 [pool-93-thread-1] INFO  server.RaftServerConfigKeys (ConfUtils.java:logGet(43)) - raft.server.snapshot.auto.trigger.enabled = true (custom)
2019-09-12 11:30:41,009 [pool-93-thread-1] INFO  server.RaftServerConfigKeys (ConfUtils.java:logGet(43)) - raft.server.snapshot.auto.trigger.threshold = 10000 (custom)
2019-09-12 11:30:41,009 [pool-93-thread-1] INFO  server.RaftServerConfigKeys (ConfUtils.java:logGet(43)) - raft.server.retrycache.expirytime = 600000ms (custom)
2019-09-12 11:30:41,010 | INFO  | SCMAudit | user=jenkins1000 | ip=192.168.36.114 | op=SEND_HEARTBEAT {datanodeUUID=08a21858-3fe1-4902-a000-628c438c5bdb, command=[]} | ret=SUCCESS |  
2019-09-12 11:30:41,010 [pool-93-thread-1] INFO  impl.RaftServerImpl (RaftServerImpl.java:start(180)) - 63a2c513-e651-4cfd-9092-3873a710e112: start group-19B970D88395
2019-09-12 11:30:41,010 [pool-93-thread-1] INFO  impl.RaftServerImpl (RaftServerImpl.java:setRole(171)) - 63a2c513-e651-4cfd-9092-3873a710e112:group-19B970D88395 changes role from null to FOLLOWER at term 0 for startAsFollower
2019-09-12 11:30:41,010 [pool-93-thread-1] INFO  impl.RoleInfo (RoleInfo.java:updateAndGet(143)) - 63a2c513-e651-4cfd-9092-3873a710e112: start FollowerState
2019-09-12 11:30:41,010 [pool-93-thread-1] INFO  util.JmxRegister (JmxRegister.java:tryRegister(44)) - Successfully registered JMX Bean with object name Ratis:service=RaftServer,group=group-19B970D88395,id=63a2c513-e651-4cfd-9092-3873a710e112
2019-09-12 11:30:41,017 [RatisPipelineUtilsThread] INFO  pipeline.PipelineStateManager (PipelineStateManager.java:addPipeline(56)) - Created pipeline Pipeline[ Id: 3a6c1a8f-c1ac-40d5-bad7-19b970d88395, Nodes: 63a2c513-e651-4cfd-9092-3873a710e112{ip: 192.168.36.114, host: pr-hdds-1569-58hkm-1881083799, networkLocation: /default-rack, certSerialId: null}, Type:RATIS, Factor:ONE, State:OPEN]
2019-09-12 11:30:41,020 [RatisPipelineUtilsThread] ERROR pipeline.PipelinePlacementPolicy (PipelinePlacementPolicy.java:meetCriteria(92)) - Pipeline Placement: Doesn't meet the criteria to be viable node. Heaviness: 6
2019-09-12 11:30:41,021 [RatisPipelineUtilsThread] ERROR pipeline.PipelinePlacementPolicy (PipelinePlacementPolicy.java:meetCriteria(92)) - Pipeline Placement: Doesn't meet the criteria to be viable node. Heaviness: 6
2019-09-12 11:30:41,021 [RatisPipelineUtilsThread] ERROR pipeline.PipelinePlacementPolicy (PipelinePlacementPolicy.java:meetCriteria(92)) - Pipeline Placement: Doesn't meet the criteria to be viable node. Heaviness: 6
2019-09-12 11:30:41,033 [grpc-default-executor-0] INFO  impl.RaftServerProxy (RaftServerProxy.java:addNew(89)) - dae80834-da68-4cdc-a6d1-3e383ebcc721: addNew group-37E749E81A17:[dae80834-da68-4cdc-a6d1-3e383ebcc721:192.168.36.114:33665] returns group-37E749E81A17:java.util.concurrent.CompletableFuture@8c05628[Not completed]
2019-09-12 11:30:41,035 [pool-82-thread-1] INFO  impl.RaftServerImpl (RaftServerImpl.java:<init>(93)) - dae80834-da68-4cdc-a6d1-3e383ebcc721: new RaftServerImpl for group-37E749E81A17:[dae80834-da68-4cdc-a6d1-3e383ebcc721:192.168.36.114:33665] with ContainerStateMachine:uninitialized
2019-09-12 11:30:41,035 [pool-82-thread-1] INFO  server.RaftServerConfigKeys (ConfUtils.java:logGet(43)) - raft.server.rpc.timeout.min = 5s (custom)
2019-09-12 11:30:41,035 [pool-82-thread-1] INFO  server.RaftServerConfigKeys (ConfUtils.java:logGet(43)) - raft.server.rpc.timeout.max = 5200ms (custom)
2019-09-12 11:30:41,036 [pool-82-thread-1] INFO  server.RaftServerConfigKeys (ConfUtils.java:logGet(43)) - raft.server.rpcslowness.timeout = 120s (custom)
2019-09-12 11:30:41,036 [pool-82-thread-1] INFO  server.RaftServerConfigKeys (ConfUtils.java:logGet(43)) - raft.server.sleep.deviation.threshold = 300 (default)
2019-09-12 11:30:41,036 [pool-82-thread-1] INFO  server.RaftServerConfigKeys (ConfUtils.java:logGet(43)) - raft.server.log.appender.install.snapshot.enabled = false (custom)
2019-09-12 11:30:41,036 [pool-82-thread-1] INFO  impl.RaftServerImpl (ServerState.java:<init>(105)) - dae80834-da68-4cdc-a6d1-3e383ebcc721:group-37E749E81A17 ConfigurationManager, init=-1: [dae80834-da68-4cdc-a6d1-3e383ebcc721:192.168.36.114:33665], old=null, confs=<EMPTY_MAP>
2019-09-12 11:30:41,036 [pool-82-thread-1] INFO  server.RaftServerConfigKeys (ConfUtils.java:logGet(43)) - raft.server.storage.dir = [/workdir/hadoop-ozone/integration-test/target/test-dir/MiniOzoneClusterImpl-299c34b2-84c4-4da4-b63e-5faf1abba283/datanode-5/data/ratis] (custom)
2019-09-12 11:30:41,037 [pool-82-thread-1] INFO  storage.RaftStorageDirectory (RaftStorageDirectory.java:analyzeStorage(246)) - The storage directory /workdir/hadoop-ozone/integration-test/target/test-dir/MiniOzoneClusterImpl-299c34b2-84c4-4da4-b63e-5faf1abba283/datanode-5/data/ratis/05b00ea3-b558-489b-9bcb-37e749e81a17 does not exist. Creating ...
2019-09-12 11:30:41,051 [pool-82-thread-1] INFO  storage.RaftStorageDirectory (RaftStorageDirectory.java:tryLock(328)) - Lock on /workdir/hadoop-ozone/integration-test/target/test-dir/MiniOzoneClusterImpl-299c34b2-84c4-4da4-b63e-5faf1abba283/datanode-5/data/ratis/05b00ea3-b558-489b-9bcb-37e749e81a17/in_use.lock acquired by nodename 16167@pr-hdds-1569-58hkm-1881083799
2019-09-12 11:30:41,064 [pool-82-thread-1] INFO  storage.RaftStorage (RaftStorage.java:format(72)) - Storage directory /workdir/hadoop-ozone/integration-test/target/test-dir/MiniOzoneClusterImpl-299c34b2-84c4-4da4-b63e-5faf1abba283/datanode-5/data/ratis/05b00ea3-b558-489b-9bcb-37e749e81a17 has been successfully formatted.
2019-09-12 11:30:41,065 [pool-82-thread-1] INFO  ratis.ContainerStateMachine (ContainerStateMachine.java:loadSnapshot(226)) - group-37E749E81A17: The snapshot info is null. Setting the last applied indexto:(t:0, i:~)
2019-09-12 11:30:41,065 [pool-82-thread-1] INFO  server.RaftServerConfigKeys (ConfUtils.java:logGet(43)) - raft.server.leader.election.timeout = 120s (custom)
2019-09-12 11:30:41,065 [pool-82-thread-1] INFO  server.RaftServerConfigKeys (ConfUtils.java:logGet(43)) - raft.server.log.use.memory = false (default)
2019-09-12 11:30:41,065 [pool-82-thread-1] INFO  server.RaftServerConfigKeys (ConfUtils.java:logGet(43)) - raft.server.log.purge.gap = 1000000 (custom)
2019-09-12 11:30:41,065 [pool-82-thread-1] INFO  server.RaftServerConfigKeys (ConfUtils.java:logGet(43)) - raft.server.log.appender.buffer.byte-limit = 33554432 (custom)
2019-09-12 11:30:41,066 [pool-82-thread-1] INFO  server.RaftServerConfigKeys (ConfUtils.java:logGet(43)) - raft.server.log.segment.size.max = 1048576 (custom)
2019-09-12 11:30:41,066 [pool-82-thread-1] INFO  server.RaftServerConfigKeys (ConfUtils.java:logGet(43)) - raft.server.log.segment.cache.num.max = 2 (custom)
2019-09-12 11:30:41,066 [pool-82-thread-1] INFO  segmented.SegmentedRaftLogWorker (SegmentedRaftLogWorker.java:<init>(172)) - new dae80834-da68-4cdc-a6d1-3e383ebcc721-SegmentedRaftLogWorker:Storage Directory /workdir/hadoop-ozone/integration-test/target/test-dir/MiniOzoneClusterImpl-299c34b2-84c4-4da4-b63e-5faf1abba283/datanode-5/data/ratis/05b00ea3-b558-489b-9bcb-37e749e81a17 for RaftStorage:Storage Directory /workdir/hadoop-ozone/integration-test/target/test-dir/MiniOzoneClusterImpl-299c34b2-84c4-4da4-b63e-5faf1abba283/datanode-5/data/ratis/05b00ea3-b558-489b-9bcb-37e749e81a17
2019-09-12 11:30:41,066 [pool-82-thread-1] INFO  server.RaftServerConfigKeys (ConfUtils.java:logGet(43)) - raft.server.log.queue.byte-limit = 2147483647 (custom)
2019-09-12 11:30:41,067 [pool-82-thread-1] INFO  server.RaftServerConfigKeys (ConfUtils.java:logGet(43)) - raft.server.log.queue.element-limit = 1024 (custom)
2019-09-12 11:30:41,067 [pool-82-thread-1] INFO  server.RaftServerConfigKeys (ConfUtils.java:logGet(43)) - raft.server.log.segment.size.max = 1048576 (custom)
2019-09-12 11:30:41,067 [pool-82-thread-1] INFO  server.RaftServerConfigKeys (ConfUtils.java:logGet(43)) - raft.server.log.preallocated.size = 16384 (custom)
2019-09-12 11:30:41,067 [pool-82-thread-1] INFO  server.RaftServerConfigKeys (ConfUtils.java:logGet(43)) - raft.server.log.write.buffer.size = 33554432 (custom)
2019-09-12 11:30:41,067 [pool-82-thread-1] INFO  server.RaftServerConfigKeys (ConfUtils.java:logGet(43)) - raft.server.log.force.sync.num = 128 (default)
2019-09-12 11:30:41,068 [pool-82-thread-1] INFO  server.RaftServerConfigKeys (ConfUtils.java:logGet(43)) - raft.server.log.statemachine.data.sync = true (default)
2019-09-12 11:30:41,068 [pool-82-thread-1] INFO  server.RaftServerConfigKeys (ConfUtils.java:logGet(43)) - raft.server.log.statemachine.data.sync.timeout = 10s (default)
2019-09-12 11:30:41,068 [pool-82-thread-1] INFO  server.RaftServerConfigKeys (ConfUtils.java:logGet(43)) - raft.server.log.statemachine.data.sync.timeout.retry = -1 (default)
2019-09-12 11:30:41,068 [pool-82-thread-1] INFO  server.RaftServerConfigKeys (ConfUtils.java:logGet(43)) - raft.server.log.statemachine.data.caching.enabled = true (custom)
2019-09-12 11:30:41,069 [pool-82-thread-1] INFO  segmented.SegmentedRaftLogWorker (SegmentedRaftLogWorker.java:lambda$new$0(132)) - dae80834-da68-4cdc-a6d1-3e383ebcc721-SegmentedRaftLogWorker:Storage Directory /workdir/hadoop-ozone/integration-test/target/test-dir/MiniOzoneClusterImpl-299c34b2-84c4-4da4-b63e-5faf1abba283/datanode-5/data/ratis/05b00ea3-b558-489b-9bcb-37e749e81a17: flushIndex: setUnconditionally 0 -> -1
2019-09-12 11:30:41,069 [pool-82-thread-1] INFO  server.RaftServerConfigKeys (ConfUtils.java:logGet(43)) - raft.server.snapshot.auto.trigger.enabled = true (custom)
2019-09-12 11:30:41,070 [pool-82-thread-1] INFO  server.RaftServerConfigKeys (ConfUtils.java:logGet(43)) - raft.server.snapshot.auto.trigger.threshold = 10000 (custom)
2019-09-12 11:30:41,070 [pool-82-thread-1] INFO  server.RaftServerConfigKeys (ConfUtils.java:logGet(43)) - raft.server.retrycache.expirytime = 600000ms (custom)
2019-09-12 11:30:41,070 [pool-82-thread-1] INFO  impl.RaftServerImpl (RaftServerImpl.java:start(180)) - dae80834-da68-4cdc-a6d1-3e383ebcc721: start group-37E749E81A17
2019-09-12 11:30:41,070 [pool-82-thread-1] INFO  impl.RaftServerImpl (RaftServerImpl.java:setRole(171)) - dae80834-da68-4cdc-a6d1-3e383ebcc721:group-37E749E81A17 changes role from null to FOLLOWER at term 0 for startAsFollower
2019-09-12 11:30:41,071 [pool-82-thread-1] INFO  impl.RoleInfo (RoleInfo.java:updateAndGet(143)) - dae80834-da68-4cdc-a6d1-3e383ebcc721: start FollowerState
2019-09-12 11:30:41,071 [pool-82-thread-1] INFO  util.JmxRegister (JmxRegister.java:tryRegister(44)) - Successfully registered JMX Bean with object name Ratis:service=RaftServer,group=group-37E749E81A17,id=dae80834-da68-4cdc-a6d1-3e383ebcc721
2019-09-12 11:30:41,078 | INFO  | SCMAudit | user=jenkins1000 | ip=192.168.36.114 | op=SEND_HEARTBEAT {datanodeUUID=6cc98a42-1a7b-4e12-8153-9cd82e3a5d9f, command=[]} | ret=SUCCESS |  
2019-09-12 11:30:41,078 [RatisPipelineUtilsThread] INFO  pipeline.PipelineStateManager (PipelineStateManager.java:addPipeline(56)) - Created pipeline Pipeline[ Id: 05b00ea3-b558-489b-9bcb-37e749e81a17, Nodes: dae80834-da68-4cdc-a6d1-3e383ebcc721{ip: 192.168.36.114, host: pr-hdds-1569-58hkm-1881083799, networkLocation: /default-rack, certSerialId: null}, Type:RATIS, Factor:ONE, State:OPEN]
2019-09-12 11:30:41,082 [RatisPipelineUtilsThread] ERROR pipeline.PipelinePlacementPolicy (PipelinePlacementPolicy.java:meetCriteria(92)) - Pipeline Placement: Doesn't meet the criteria to be viable node. Heaviness: 6
2019-09-12 11:30:41,082 [RatisPipelineUtilsThread] ERROR pipeline.PipelinePlacementPolicy (PipelinePlacementPolicy.java:meetCriteria(92)) - Pipeline Placement: Doesn't meet the criteria to be viable node. Heaviness: 6
2019-09-12 11:30:41,082 [RatisPipelineUtilsThread] ERROR pipeline.PipelinePlacementPolicy (PipelinePlacementPolicy.java:meetCriteria(92)) - Pipeline Placement: Doesn't meet the criteria to be viable node. Heaviness: 6
2019-09-12 11:30:41,083 | INFO  | SCMAudit | user=jenkins1000 | ip=192.168.36.114 | op=SEND_HEARTBEAT {datanodeUUID=55e84e38-2716-4d7a-ba5b-b02233998fb0, command=[]} | ret=SUCCESS |  
2019-09-12 11:30:41,113 [grpc-default-executor-0] INFO  impl.RaftServerProxy (RaftServerProxy.java:addNew(89)) - 63a2c513-e651-4cfd-9092-3873a710e112: addNew group-A6B2327E277F:[63a2c513-e651-4cfd-9092-3873a710e112:192.168.36.114:37233] returns group-A6B2327E277F:java.util.concurrent.CompletableFuture@6a36b8a7[Not completed]
2019-09-12 11:30:41,115 [pool-93-thread-1] INFO  impl.RaftServerImpl (RaftServerImpl.java:<init>(93)) - 63a2c513-e651-4cfd-9092-3873a710e112: new RaftServerImpl for group-A6B2327E277F:[63a2c513-e651-4cfd-9092-3873a710e112:192.168.36.114:37233] with ContainerStateMachine:uninitialized
2019-09-12 11:30:41,115 [pool-93-thread-1] INFO  server.RaftServerConfigKeys (ConfUtils.java:logGet(43)) - raft.server.rpc.timeout.min = 5s (custom)
2019-09-12 11:30:41,116 [pool-93-thread-1] INFO  server.RaftServerConfigKeys (ConfUtils.java:logGet(43)) - raft.server.rpc.timeout.max = 5200ms (custom)
2019-09-12 11:30:41,116 [pool-93-thread-1] INFO  server.RaftServerConfigKeys (ConfUtils.java:logGet(43)) - raft.server.rpcslowness.timeout = 120s (custom)
2019-09-12 11:30:41,116 [pool-93-thread-1] INFO  server.RaftServerConfigKeys (ConfUtils.java:logGet(43)) - raft.server.sleep.deviation.threshold = 300 (default)
2019-09-12 11:30:41,116 [pool-93-thread-1] INFO  server.RaftServerConfigKeys (ConfUtils.java:logGet(43)) - raft.server.log.appender.install.snapshot.enabled = false (custom)
2019-09-12 11:30:41,116 [pool-93-thread-1] INFO  impl.RaftServerImpl (ServerState.java:<init>(105)) - 63a2c513-e651-4cfd-9092-3873a710e112:group-A6B2327E277F ConfigurationManager, init=-1: [63a2c513-e651-4cfd-9092-3873a710e112:192.168.36.114:37233], old=null, confs=<EMPTY_MAP>
2019-09-12 11:30:41,116 [pool-93-thread-1] INFO  server.RaftServerConfigKeys (ConfUtils.java:logGet(43)) - raft.server.storage.dir = [/workdir/hadoop-ozone/integration-test/target/test-dir/MiniOzoneClusterImpl-299c34b2-84c4-4da4-b63e-5faf1abba283/datanode-6/data/ratis] (custom)
2019-09-12 11:30:41,117 [pool-93-thread-1] INFO  storage.RaftStorageDirectory (RaftStorageDirectory.java:analyzeStorage(246)) - The storage directory /workdir/hadoop-ozone/integration-test/target/test-dir/MiniOzoneClusterImpl-299c34b2-84c4-4da4-b63e-5faf1abba283/datanode-6/data/ratis/d05714d9-c9e5-43f7-ad71-a6b2327e277f does not exist. Creating ...
2019-09-12 11:30:41,130 [pool-93-thread-1] INFO  storage.RaftStorageDirectory (RaftStorageDirectory.java:tryLock(328)) - Lock on /workdir/hadoop-ozone/integration-test/target/test-dir/MiniOzoneClusterImpl-299c34b2-84c4-4da4-b63e-5faf1abba283/datanode-6/data/ratis/d05714d9-c9e5-43f7-ad71-a6b2327e277f/in_use.lock acquired by nodename 16167@pr-hdds-1569-58hkm-1881083799
2019-09-12 11:30:41,143 [pool-93-thread-1] INFO  storage.RaftStorage (RaftStorage.java:format(72)) - Storage directory /workdir/hadoop-ozone/integration-test/target/test-dir/MiniOzoneClusterImpl-299c34b2-84c4-4da4-b63e-5faf1abba283/datanode-6/data/ratis/d05714d9-c9e5-43f7-ad71-a6b2327e277f has been successfully formatted.
2019-09-12 11:30:41,143 [pool-93-thread-1] INFO  ratis.ContainerStateMachine (ContainerStateMachine.java:loadSnapshot(226)) - group-A6B2327E277F: The snapshot info is null. Setting the last applied indexto:(t:0, i:~)
2019-09-12 11:30:41,143 [pool-93-thread-1] INFO  server.RaftServerConfigKeys (ConfUtils.java:logGet(43)) - raft.server.leader.election.timeout = 120s (custom)
2019-09-12 11:30:41,143 [pool-93-thread-1] INFO  server.RaftServerConfigKeys (ConfUtils.java:logGet(43)) - raft.server.log.use.memory = false (default)
2019-09-12 11:30:41,144 [pool-93-thread-1] INFO  server.RaftServerConfigKeys (ConfUtils.java:logGet(43)) - raft.server.log.purge.gap = 1000000 (custom)
2019-09-12 11:30:41,144 [pool-93-thread-1] INFO  server.RaftServerConfigKeys (ConfUtils.java:logGet(43)) - raft.server.log.appender.buffer.byte-limit = 33554432 (custom)
2019-09-12 11:30:41,144 [pool-93-thread-1] INFO  server.RaftServerConfigKeys (ConfUtils.java:logGet(43)) - raft.server.log.segment.size.max = 1048576 (custom)
2019-09-12 11:30:41,144 [pool-93-thread-1] INFO  server.RaftServerConfigKeys (ConfUtils.java:logGet(43)) - raft.server.log.segment.cache.num.max = 2 (custom)
2019-09-12 11:30:41,144 [pool-93-thread-1] INFO  segmented.SegmentedRaftLogWorker (SegmentedRaftLogWorker.java:<init>(172)) - new 63a2c513-e651-4cfd-9092-3873a710e112-SegmentedRaftLogWorker:Storage Directory /workdir/hadoop-ozone/integration-test/target/test-dir/MiniOzoneClusterImpl-299c34b2-84c4-4da4-b63e-5faf1abba283/datanode-6/data/ratis/d05714d9-c9e5-43f7-ad71-a6b2327e277f for RaftStorage:Storage Directory /workdir/hadoop-ozone/integration-test/target/test-dir/MiniOzoneClusterImpl-299c34b2-84c4-4da4-b63e-5faf1abba283/datanode-6/data/ratis/d05714d9-c9e5-43f7-ad71-a6b2327e277f
2019-09-12 11:30:41,144 [pool-93-thread-1] INFO  server.RaftServerConfigKeys (ConfUtils.java:logGet(43)) - raft.server.log.queue.byte-limit = 2147483647 (custom)
2019-09-12 11:30:41,144 [pool-93-thread-1] INFO  server.RaftServerConfigKeys (ConfUtils.java:logGet(43)) - raft.server.log.queue.element-limit = 1024 (custom)
2019-09-12 11:30:41,145 [pool-93-thread-1] INFO  server.RaftServerConfigKeys (ConfUtils.java:logGet(43)) - raft.server.log.segment.size.max = 1048576 (custom)
2019-09-12 11:30:41,145 [pool-93-thread-1] INFO  server.RaftServerConfigKeys (ConfUtils.java:logGet(43)) - raft.server.log.preallocated.size = 16384 (custom)
2019-09-12 11:30:41,145 [pool-93-thread-1] INFO  server.RaftServerConfigKeys (ConfUtils.java:logGet(43)) - raft.server.log.write.buffer.size = 33554432 (custom)
2019-09-12 11:30:41,145 [pool-93-thread-1] INFO  server.RaftServerConfigKeys (ConfUtils.java:logGet(43)) - raft.server.log.force.sync.num = 128 (default)
2019-09-12 11:30:41,145 [pool-93-thread-1] INFO  server.RaftServerConfigKeys (ConfUtils.java:logGet(43)) - raft.server.log.statemachine.data.sync = true (default)
2019-09-12 11:30:41,145 [pool-93-thread-1] INFO  server.RaftServerConfigKeys (ConfUtils.java:logGet(43)) - raft.server.log.statemachine.data.sync.timeout = 10s (default)
2019-09-12 11:30:41,145 [pool-93-thread-1] INFO  server.RaftServerConfigKeys (ConfUtils.java:logGet(43)) - raft.server.log.statemachine.data.sync.timeout.retry = -1 (default)
2019-09-12 11:30:41,145 [pool-93-thread-1] INFO  server.RaftServerConfigKeys (ConfUtils.java:logGet(43)) - raft.server.log.statemachine.data.caching.enabled = true (custom)
2019-09-12 11:30:41,146 [pool-93-thread-1] INFO  segmented.SegmentedRaftLogWorker (SegmentedRaftLogWorker.java:lambda$new$0(132)) - 63a2c513-e651-4cfd-9092-3873a710e112-SegmentedRaftLogWorker:Storage Directory /workdir/hadoop-ozone/integration-test/target/test-dir/MiniOzoneClusterImpl-299c34b2-84c4-4da4-b63e-5faf1abba283/datanode-6/data/ratis/d05714d9-c9e5-43f7-ad71-a6b2327e277f: flushIndex: setUnconditionally 0 -> -1
2019-09-12 11:30:41,146 [pool-93-thread-1] INFO  server.RaftServerConfigKeys (ConfUtils.java:logGet(43)) - raft.server.snapshot.auto.trigger.enabled = true (custom)
2019-09-12 11:30:41,146 [pool-93-thread-1] INFO  server.RaftServerConfigKeys (ConfUtils.java:logGet(43)) - raft.server.snapshot.auto.trigger.threshold = 10000 (custom)
2019-09-12 11:30:41,146 [pool-93-thread-1] INFO  server.RaftServerConfigKeys (ConfUtils.java:logGet(43)) - raft.server.retrycache.expirytime = 600000ms (custom)
2019-09-12 11:30:41,147 [pool-93-thread-1] INFO  impl.RaftServerImpl (RaftServerImpl.java:start(180)) - 63a2c513-e651-4cfd-9092-3873a710e112: start group-A6B2327E277F
2019-09-12 11:30:41,147 [pool-93-thread-1] INFO  impl.RaftServerImpl (RaftServerImpl.java:setRole(171)) - 63a2c513-e651-4cfd-9092-3873a710e112:group-A6B2327E277F changes role from null to FOLLOWER at term 0 for startAsFollower
2019-09-12 11:30:41,147 [pool-93-thread-1] INFO  impl.RoleInfo (RoleInfo.java:updateAndGet(143)) - 63a2c513-e651-4cfd-9092-3873a710e112: start FollowerState
2019-09-12 11:30:41,147 [pool-93-thread-1] INFO  util.JmxRegister (JmxRegister.java:tryRegister(44)) - Successfully registered JMX Bean with object name Ratis:service=RaftServer,group=group-A6B2327E277F,id=63a2c513-e651-4cfd-9092-3873a710e112
2019-09-12 11:30:41,158 [RatisPipelineUtilsThread] INFO  pipeline.PipelineStateManager (PipelineStateManager.java:addPipeline(56)) - Created pipeline Pipeline[ Id: d05714d9-c9e5-43f7-ad71-a6b2327e277f, Nodes: 63a2c513-e651-4cfd-9092-3873a710e112{ip: 192.168.36.114, host: pr-hdds-1569-58hkm-1881083799, networkLocation: /default-rack, certSerialId: null}, Type:RATIS, Factor:ONE, State:OPEN]
2019-09-12 11:30:41,160 [RatisPipelineUtilsThread] ERROR pipeline.PipelinePlacementPolicy (PipelinePlacementPolicy.java:meetCriteria(92)) - Pipeline Placement: Doesn't meet the criteria to be viable node. Heaviness: 6
2019-09-12 11:30:41,161 [RatisPipelineUtilsThread] ERROR pipeline.PipelinePlacementPolicy (PipelinePlacementPolicy.java:meetCriteria(92)) - Pipeline Placement: Doesn't meet the criteria to be viable node. Heaviness: 6
2019-09-12 11:30:41,161 [RatisPipelineUtilsThread] ERROR pipeline.PipelinePlacementPolicy (PipelinePlacementPolicy.java:meetCriteria(92)) - Pipeline Placement: Doesn't meet the criteria to be viable node. Heaviness: 6
2019-09-12 11:30:41,173 [grpc-default-executor-0] INFO  impl.RaftServerProxy (RaftServerProxy.java:addNew(89)) - eff3a7ee-c843-4140-bba9-03f77ca50619: addNew group-479D76FB1117:[eff3a7ee-c843-4140-bba9-03f77ca50619:192.168.36.114:45501] returns group-479D76FB1117:java.util.concurrent.CompletableFuture@7c97971[Not completed]
2019-09-12 11:30:41,175 [pool-49-thread-1] INFO  impl.RaftServerImpl (RaftServerImpl.java:<init>(93)) - eff3a7ee-c843-4140-bba9-03f77ca50619: new RaftServerImpl for group-479D76FB1117:[eff3a7ee-c843-4140-bba9-03f77ca50619:192.168.36.114:45501] with ContainerStateMachine:uninitialized
2019-09-12 11:30:41,176 [pool-49-thread-1] INFO  server.RaftServerConfigKeys (ConfUtils.java:logGet(43)) - raft.server.rpc.timeout.min = 5s (custom)
2019-09-12 11:30:41,176 [pool-49-thread-1] INFO  server.RaftServerConfigKeys (ConfUtils.java:logGet(43)) - raft.server.rpc.timeout.max = 5200ms (custom)
2019-09-12 11:30:41,176 [pool-49-thread-1] INFO  server.RaftServerConfigKeys (ConfUtils.java:logGet(43)) - raft.server.rpcslowness.timeout = 120s (custom)
2019-09-12 11:30:41,176 [pool-49-thread-1] INFO  server.RaftServerConfigKeys (ConfUtils.java:logGet(43)) - raft.server.sleep.deviation.threshold = 300 (default)
2019-09-12 11:30:41,176 [pool-49-thread-1] INFO  server.RaftServerConfigKeys (ConfUtils.java:logGet(43)) - raft.server.log.appender.install.snapshot.enabled = false (custom)
2019-09-12 11:30:41,177 [pool-49-thread-1] INFO  impl.RaftServerImpl (ServerState.java:<init>(105)) - eff3a7ee-c843-4140-bba9-03f77ca50619:group-479D76FB1117 ConfigurationManager, init=-1: [eff3a7ee-c843-4140-bba9-03f77ca50619:192.168.36.114:45501], old=null, confs=<EMPTY_MAP>
2019-09-12 11:30:41,177 [pool-49-thread-1] INFO  server.RaftServerConfigKeys (ConfUtils.java:logGet(43)) - raft.server.storage.dir = [/workdir/hadoop-ozone/integration-test/target/test-dir/MiniOzoneClusterImpl-299c34b2-84c4-4da4-b63e-5faf1abba283/datanode-2/data/ratis] (custom)
2019-09-12 11:30:41,178 [pool-49-thread-1] INFO  storage.RaftStorageDirectory (RaftStorageDirectory.java:analyzeStorage(246)) - The storage directory /workdir/hadoop-ozone/integration-test/target/test-dir/MiniOzoneClusterImpl-299c34b2-84c4-4da4-b63e-5faf1abba283/datanode-2/data/ratis/aba52b28-8d0c-4e2c-8edd-479d76fb1117 does not exist. Creating ...
2019-09-12 11:30:41,203 [pool-49-thread-1] INFO  storage.RaftStorageDirectory (RaftStorageDirectory.java:tryLock(328)) - Lock on /workdir/hadoop-ozone/integration-test/target/test-dir/MiniOzoneClusterImpl-299c34b2-84c4-4da4-b63e-5faf1abba283/datanode-2/data/ratis/aba52b28-8d0c-4e2c-8edd-479d76fb1117/in_use.lock acquired by nodename 16167@pr-hdds-1569-58hkm-1881083799
2019-09-12 11:30:41,216 [pool-49-thread-1] INFO  storage.RaftStorage (RaftStorage.java:format(72)) - Storage directory /workdir/hadoop-ozone/integration-test/target/test-dir/MiniOzoneClusterImpl-299c34b2-84c4-4da4-b63e-5faf1abba283/datanode-2/data/ratis/aba52b28-8d0c-4e2c-8edd-479d76fb1117 has been successfully formatted.
2019-09-12 11:30:41,217 [pool-49-thread-1] INFO  ratis.ContainerStateMachine (ContainerStateMachine.java:loadSnapshot(226)) - group-479D76FB1117: The snapshot info is null. Setting the last applied indexto:(t:0, i:~)
2019-09-12 11:30:41,217 [pool-49-thread-1] INFO  server.RaftServerConfigKeys (ConfUtils.java:logGet(43)) - raft.server.leader.election.timeout = 120s (custom)
2019-09-12 11:30:41,217 [pool-49-thread-1] INFO  server.RaftServerConfigKeys (ConfUtils.java:logGet(43)) - raft.server.log.use.memory = false (default)
2019-09-12 11:30:41,217 [pool-49-thread-1] INFO  server.RaftServerConfigKeys (ConfUtils.java:logGet(43)) - raft.server.log.purge.gap = 1000000 (custom)
2019-09-12 11:30:41,217 [pool-49-thread-1] INFO  server.RaftServerConfigKeys (ConfUtils.java:logGet(43)) - raft.server.log.appender.buffer.byte-limit = 33554432 (custom)
2019-09-12 11:30:41,218 [pool-49-thread-1] INFO  server.RaftServerConfigKeys (ConfUtils.java:logGet(43)) - raft.server.log.segment.size.max = 1048576 (custom)
2019-09-12 11:30:41,218 [pool-49-thread-1] INFO  server.RaftServerConfigKeys (ConfUtils.java:logGet(43)) - raft.server.log.segment.cache.num.max = 2 (custom)
2019-09-12 11:30:41,218 [pool-49-thread-1] INFO  segmented.SegmentedRaftLogWorker (SegmentedRaftLogWorker.java:<init>(172)) - new eff3a7ee-c843-4140-bba9-03f77ca50619-SegmentedRaftLogWorker:Storage Directory /workdir/hadoop-ozone/integration-test/target/test-dir/MiniOzoneClusterImpl-299c34b2-84c4-4da4-b63e-5faf1abba283/datanode-2/data/ratis/aba52b28-8d0c-4e2c-8edd-479d76fb1117 for RaftStorage:Storage Directory /workdir/hadoop-ozone/integration-test/target/test-dir/MiniOzoneClusterImpl-299c34b2-84c4-4da4-b63e-5faf1abba283/datanode-2/data/ratis/aba52b28-8d0c-4e2c-8edd-479d76fb1117
2019-09-12 11:30:41,218 [pool-49-thread-1] INFO  server.RaftServerConfigKeys (ConfUtils.java:logGet(43)) - raft.server.log.queue.byte-limit = 2147483647 (custom)
2019-09-12 11:30:41,218 [pool-49-thread-1] INFO  server.RaftServerConfigKeys (ConfUtils.java:logGet(43)) - raft.server.log.queue.element-limit = 1024 (custom)
2019-09-12 11:30:41,219 [pool-49-thread-1] INFO  server.RaftServerConfigKeys (ConfUtils.java:logGet(43)) - raft.server.log.segment.size.max = 1048576 (custom)
2019-09-12 11:30:41,219 [pool-49-thread-1] INFO  server.RaftServerConfigKeys (ConfUtils.java:logGet(43)) - raft.server.log.preallocated.size = 16384 (custom)
2019-09-12 11:30:41,219 [pool-49-thread-1] INFO  server.RaftServerConfigKeys (ConfUtils.java:logGet(43)) - raft.server.log.write.buffer.size = 33554432 (custom)
2019-09-12 11:30:41,219 [pool-49-thread-1] INFO  server.RaftServerConfigKeys (ConfUtils.java:logGet(43)) - raft.server.log.force.sync.num = 128 (default)
2019-09-12 11:30:41,219 [pool-49-thread-1] INFO  server.RaftServerConfigKeys (ConfUtils.java:logGet(43)) - raft.server.log.statemachine.data.sync = true (default)
2019-09-12 11:30:41,219 [pool-49-thread-1] INFO  server.RaftServerConfigKeys (ConfUtils.java:logGet(43)) - raft.server.log.statemachine.data.sync.timeout = 10s (default)
2019-09-12 11:30:41,220 [pool-49-thread-1] INFO  server.RaftServerConfigKeys (ConfUtils.java:logGet(43)) - raft.server.log.statemachine.data.sync.timeout.retry = -1 (default)
2019-09-12 11:30:41,220 [pool-49-thread-1] INFO  server.RaftServerConfigKeys (ConfUtils.java:logGet(43)) - raft.server.log.statemachine.data.caching.enabled = true (custom)
2019-09-12 11:30:41,220 [pool-49-thread-1] INFO  segmented.SegmentedRaftLogWorker (SegmentedRaftLogWorker.java:lambda$new$0(132)) - eff3a7ee-c843-4140-bba9-03f77ca50619-SegmentedRaftLogWorker:Storage Directory /workdir/hadoop-ozone/integration-test/target/test-dir/MiniOzoneClusterImpl-299c34b2-84c4-4da4-b63e-5faf1abba283/datanode-2/data/ratis/aba52b28-8d0c-4e2c-8edd-479d76fb1117: flushIndex: setUnconditionally 0 -> -1
2019-09-12 11:30:41,221 [pool-49-thread-1] INFO  server.RaftServerConfigKeys (ConfUtils.java:logGet(43)) - raft.server.snapshot.auto.trigger.enabled = true (custom)
2019-09-12 11:30:41,221 [pool-49-thread-1] INFO  server.RaftServerConfigKeys (ConfUtils.java:logGet(43)) - raft.server.snapshot.auto.trigger.threshold = 10000 (custom)
2019-09-12 11:30:41,221 [pool-49-thread-1] INFO  server.RaftServerConfigKeys (ConfUtils.java:logGet(43)) - raft.server.retrycache.expirytime = 600000ms (custom)
2019-09-12 11:30:41,222 [pool-49-thread-1] INFO  impl.RaftServerImpl (RaftServerImpl.java:start(180)) - eff3a7ee-c843-4140-bba9-03f77ca50619: start group-479D76FB1117
2019-09-12 11:30:41,222 [pool-49-thread-1] INFO  impl.RaftServerImpl (RaftServerImpl.java:setRole(171)) - eff3a7ee-c843-4140-bba9-03f77ca50619:group-479D76FB1117 changes role from null to FOLLOWER at term 0 for startAsFollower
2019-09-12 11:30:41,222 [pool-49-thread-1] INFO  impl.RoleInfo (RoleInfo.java:updateAndGet(143)) - eff3a7ee-c843-4140-bba9-03f77ca50619: start FollowerState
2019-09-12 11:30:41,223 [pool-49-thread-1] INFO  util.JmxRegister (JmxRegister.java:tryRegister(44)) - Successfully registered JMX Bean with object name Ratis:service=RaftServer,group=group-479D76FB1117,id=eff3a7ee-c843-4140-bba9-03f77ca50619
2019-09-12 11:30:41,230 | INFO  | SCMAudit | user=jenkins1000 | ip=192.168.36.114 | op=SEND_HEARTBEAT {datanodeUUID=b0998cbd-0da9-45e0-86de-67ec8cdedc86, command=[]} | ret=SUCCESS |  
2019-09-12 11:30:41,231 [RatisPipelineUtilsThread] INFO  pipeline.PipelineStateManager (PipelineStateManager.java:addPipeline(56)) - Created pipeline Pipeline[ Id: aba52b28-8d0c-4e2c-8edd-479d76fb1117, Nodes: eff3a7ee-c843-4140-bba9-03f77ca50619{ip: 192.168.36.114, host: pr-hdds-1569-58hkm-1881083799, networkLocation: /default-rack, certSerialId: null}, Type:RATIS, Factor:ONE, State:OPEN]
2019-09-12 11:30:41,234 [RatisPipelineUtilsThread] ERROR pipeline.PipelinePlacementPolicy (PipelinePlacementPolicy.java:meetCriteria(92)) - Pipeline Placement: Doesn't meet the criteria to be viable node. Heaviness: 6
2019-09-12 11:30:41,234 [RatisPipelineUtilsThread] ERROR pipeline.PipelinePlacementPolicy (PipelinePlacementPolicy.java:meetCriteria(92)) - Pipeline Placement: Doesn't meet the criteria to be viable node. Heaviness: 6
2019-09-12 11:30:41,234 [RatisPipelineUtilsThread] ERROR pipeline.PipelinePlacementPolicy (PipelinePlacementPolicy.java:meetCriteria(92)) - Pipeline Placement: Doesn't meet the criteria to be viable node. Heaviness: 6
2019-09-12 11:30:41,248 [grpc-default-executor-0] INFO  impl.RaftServerProxy (RaftServerProxy.java:addNew(89)) - eff3a7ee-c843-4140-bba9-03f77ca50619: addNew group-ECABBC03B574:[eff3a7ee-c843-4140-bba9-03f77ca50619:192.168.36.114:45501] returns group-ECABBC03B574:java.util.concurrent.CompletableFuture@54356637[Not completed]
2019-09-12 11:30:41,250 [pool-49-thread-1] INFO  impl.RaftServerImpl (RaftServerImpl.java:<init>(93)) - eff3a7ee-c843-4140-bba9-03f77ca50619: new RaftServerImpl for group-ECABBC03B574:[eff3a7ee-c843-4140-bba9-03f77ca50619:192.168.36.114:45501] with ContainerStateMachine:uninitialized
2019-09-12 11:30:41,250 [pool-49-thread-1] INFO  server.RaftServerConfigKeys (ConfUtils.java:logGet(43)) - raft.server.rpc.timeout.min = 5s (custom)
2019-09-12 11:30:41,250 [pool-49-thread-1] INFO  server.RaftServerConfigKeys (ConfUtils.java:logGet(43)) - raft.server.rpc.timeout.max = 5200ms (custom)
2019-09-12 11:30:41,250 [pool-49-thread-1] INFO  server.RaftServerConfigKeys (ConfUtils.java:logGet(43)) - raft.server.rpcslowness.timeout = 120s (custom)
2019-09-12 11:30:41,250 [pool-49-thread-1] INFO  server.RaftServerConfigKeys (ConfUtils.java:logGet(43)) - raft.server.sleep.deviation.threshold = 300 (default)
2019-09-12 11:30:41,251 [pool-49-thread-1] INFO  server.RaftServerConfigKeys (ConfUtils.java:logGet(43)) - raft.server.log.appender.install.snapshot.enabled = false (custom)
2019-09-12 11:30:41,251 [pool-49-thread-1] INFO  impl.RaftServerImpl (ServerState.java:<init>(105)) - eff3a7ee-c843-4140-bba9-03f77ca50619:group-ECABBC03B574 ConfigurationManager, init=-1: [eff3a7ee-c843-4140-bba9-03f77ca50619:192.168.36.114:45501], old=null, confs=<EMPTY_MAP>
2019-09-12 11:30:41,251 [pool-49-thread-1] INFO  server.RaftServerConfigKeys (ConfUtils.java:logGet(43)) - raft.server.storage.dir = [/workdir/hadoop-ozone/integration-test/target/test-dir/MiniOzoneClusterImpl-299c34b2-84c4-4da4-b63e-5faf1abba283/datanode-2/data/ratis] (custom)
2019-09-12 11:30:41,251 [pool-49-thread-1] INFO  storage.RaftStorageDirectory (RaftStorageDirectory.java:analyzeStorage(246)) - The storage directory /workdir/hadoop-ozone/integration-test/target/test-dir/MiniOzoneClusterImpl-299c34b2-84c4-4da4-b63e-5faf1abba283/datanode-2/data/ratis/587535ec-1b0c-45c7-b401-ecabbc03b574 does not exist. Creating ...
2019-09-12 11:30:41,263 [pool-49-thread-1] INFO  storage.RaftStorageDirectory (RaftStorageDirectory.java:tryLock(328)) - Lock on /workdir/hadoop-ozone/integration-test/target/test-dir/MiniOzoneClusterImpl-299c34b2-84c4-4da4-b63e-5faf1abba283/datanode-2/data/ratis/587535ec-1b0c-45c7-b401-ecabbc03b574/in_use.lock acquired by nodename 16167@pr-hdds-1569-58hkm-1881083799
2019-09-12 11:30:41,284 [pool-49-thread-1] INFO  storage.RaftStorage (RaftStorage.java:format(72)) - Storage directory /workdir/hadoop-ozone/integration-test/target/test-dir/MiniOzoneClusterImpl-299c34b2-84c4-4da4-b63e-5faf1abba283/datanode-2/data/ratis/587535ec-1b0c-45c7-b401-ecabbc03b574 has been successfully formatted.
2019-09-12 11:30:41,284 [pool-49-thread-1] INFO  ratis.ContainerStateMachine (ContainerStateMachine.java:loadSnapshot(226)) - group-ECABBC03B574: The snapshot info is null. Setting the last applied indexto:(t:0, i:~)
2019-09-12 11:30:41,284 [pool-49-thread-1] INFO  server.RaftServerConfigKeys (ConfUtils.java:logGet(43)) - raft.server.leader.election.timeout = 120s (custom)
2019-09-12 11:30:41,284 [pool-49-thread-1] INFO  server.RaftServerConfigKeys (ConfUtils.java:logGet(43)) - raft.server.log.use.memory = false (default)
2019-09-12 11:30:41,284 [pool-49-thread-1] INFO  server.RaftServerConfigKeys (ConfUtils.java:logGet(43)) - raft.server.log.purge.gap = 1000000 (custom)
2019-09-12 11:30:41,285 [pool-49-thread-1] INFO  server.RaftServerConfigKeys (ConfUtils.java:logGet(43)) - raft.server.log.appender.buffer.byte-limit = 33554432 (custom)
2019-09-12 11:30:41,285 [pool-49-thread-1] INFO  server.RaftServerConfigKeys (ConfUtils.java:logGet(43)) - raft.server.log.segment.size.max = 1048576 (custom)
2019-09-12 11:30:41,285 [pool-49-thread-1] INFO  server.RaftServerConfigKeys (ConfUtils.java:logGet(43)) - raft.server.log.segment.cache.num.max = 2 (custom)
2019-09-12 11:30:41,285 [pool-49-thread-1] INFO  segmented.SegmentedRaftLogWorker (SegmentedRaftLogWorker.java:<init>(172)) - new eff3a7ee-c843-4140-bba9-03f77ca50619-SegmentedRaftLogWorker:Storage Directory /workdir/hadoop-ozone/integration-test/target/test-dir/MiniOzoneClusterImpl-299c34b2-84c4-4da4-b63e-5faf1abba283/datanode-2/data/ratis/587535ec-1b0c-45c7-b401-ecabbc03b574 for RaftStorage:Storage Directory /workdir/hadoop-ozone/integration-test/target/test-dir/MiniOzoneClusterImpl-299c34b2-84c4-4da4-b63e-5faf1abba283/datanode-2/data/ratis/587535ec-1b0c-45c7-b401-ecabbc03b574
2019-09-12 11:30:41,285 [pool-49-thread-1] INFO  server.RaftServerConfigKeys (ConfUtils.java:logGet(43)) - raft.server.log.queue.byte-limit = 2147483647 (custom)
2019-09-12 11:30:41,285 [pool-49-thread-1] INFO  server.RaftServerConfigKeys (ConfUtils.java:logGet(43)) - raft.server.log.queue.element-limit = 1024 (custom)
2019-09-12 11:30:41,286 [pool-49-thread-1] INFO  server.RaftServerConfigKeys (ConfUtils.java:logGet(43)) - raft.server.log.segment.size.max = 1048576 (custom)
2019-09-12 11:30:41,286 [pool-49-thread-1] INFO  server.RaftServerConfigKeys (ConfUtils.java:logGet(43)) - raft.server.log.preallocated.size = 16384 (custom)
2019-09-12 11:30:41,286 [pool-49-thread-1] INFO  server.RaftServerConfigKeys (ConfUtils.java:logGet(43)) - raft.server.log.write.buffer.size = 33554432 (custom)
2019-09-12 11:30:41,286 [pool-49-thread-1] INFO  server.RaftServerConfigKeys (ConfUtils.java:logGet(43)) - raft.server.log.force.sync.num = 128 (default)
2019-09-12 11:30:41,286 [pool-49-thread-1] INFO  server.RaftServerConfigKeys (ConfUtils.java:logGet(43)) - raft.server.log.statemachine.data.sync = true (default)
2019-09-12 11:30:41,286 [pool-49-thread-1] INFO  server.RaftServerConfigKeys (ConfUtils.java:logGet(43)) - raft.server.log.statemachine.data.sync.timeout = 10s (default)
2019-09-12 11:30:41,287 [pool-49-thread-1] INFO  server.RaftServerConfigKeys (ConfUtils.java:logGet(43)) - raft.server.log.statemachine.data.sync.timeout.retry = -1 (default)
2019-09-12 11:30:41,287 [pool-49-thread-1] INFO  server.RaftServerConfigKeys (ConfUtils.java:logGet(43)) - raft.server.log.statemachine.data.caching.enabled = true (custom)
2019-09-12 11:30:41,287 [pool-49-thread-1] INFO  segmented.SegmentedRaftLogWorker (SegmentedRaftLogWorker.java:lambda$new$0(132)) - eff3a7ee-c843-4140-bba9-03f77ca50619-SegmentedRaftLogWorker:Storage Directory /workdir/hadoop-ozone/integration-test/target/test-dir/MiniOzoneClusterImpl-299c34b2-84c4-4da4-b63e-5faf1abba283/datanode-2/data/ratis/587535ec-1b0c-45c7-b401-ecabbc03b574: flushIndex: setUnconditionally 0 -> -1
2019-09-12 11:30:41,288 [pool-49-thread-1] INFO  server.RaftServerConfigKeys (ConfUtils.java:logGet(43)) - raft.server.snapshot.auto.trigger.enabled = true (custom)
2019-09-12 11:30:41,288 [pool-49-thread-1] INFO  server.RaftServerConfigKeys (ConfUtils.java:logGet(43)) - raft.server.snapshot.auto.trigger.threshold = 10000 (custom)
2019-09-12 11:30:41,288 [pool-49-thread-1] INFO  server.RaftServerConfigKeys (ConfUtils.java:logGet(43)) - raft.server.retrycache.expirytime = 600000ms (custom)
2019-09-12 11:30:41,288 [pool-49-thread-1] INFO  impl.RaftServerImpl (RaftServerImpl.java:start(180)) - eff3a7ee-c843-4140-bba9-03f77ca50619: start group-ECABBC03B574
2019-09-12 11:30:41,288 [pool-49-thread-1] INFO  impl.RaftServerImpl (RaftServerImpl.java:setRole(171)) - eff3a7ee-c843-4140-bba9-03f77ca50619:group-ECABBC03B574 changes role from null to FOLLOWER at term 0 for startAsFollower
2019-09-12 11:30:41,288 [pool-49-thread-1] INFO  impl.RoleInfo (RoleInfo.java:updateAndGet(143)) - eff3a7ee-c843-4140-bba9-03f77ca50619: start FollowerState
2019-09-12 11:30:41,289 [pool-49-thread-1] INFO  util.JmxRegister (JmxRegister.java:tryRegister(44)) - Successfully registered JMX Bean with object name Ratis:service=RaftServer,group=group-ECABBC03B574,id=eff3a7ee-c843-4140-bba9-03f77ca50619
2019-09-12 11:30:41,296 [RatisPipelineUtilsThread] INFO  pipeline.PipelineStateManager (PipelineStateManager.java:addPipeline(56)) - Created pipeline Pipeline[ Id: 587535ec-1b0c-45c7-b401-ecabbc03b574, Nodes: eff3a7ee-c843-4140-bba9-03f77ca50619{ip: 192.168.36.114, host: pr-hdds-1569-58hkm-1881083799, networkLocation: /default-rack, certSerialId: null}, Type:RATIS, Factor:ONE, State:OPEN]
2019-09-12 11:30:41,300 [RatisPipelineUtilsThread] ERROR pipeline.PipelinePlacementPolicy (PipelinePlacementPolicy.java:meetCriteria(92)) - Pipeline Placement: Doesn't meet the criteria to be viable node. Heaviness: 6
2019-09-12 11:30:41,300 [RatisPipelineUtilsThread] ERROR pipeline.PipelinePlacementPolicy (PipelinePlacementPolicy.java:meetCriteria(92)) - Pipeline Placement: Doesn't meet the criteria to be viable node. Heaviness: 6
2019-09-12 11:30:41,300 [RatisPipelineUtilsThread] ERROR pipeline.PipelinePlacementPolicy (PipelinePlacementPolicy.java:meetCriteria(92)) - Pipeline Placement: Doesn't meet the criteria to be viable node. Heaviness: 6
2019-09-12 11:30:41,319 [grpc-default-executor-0] INFO  impl.RaftServerProxy (RaftServerProxy.java:addNew(89)) - dae80834-da68-4cdc-a6d1-3e383ebcc721: addNew group-D73375AA41AC:[dae80834-da68-4cdc-a6d1-3e383ebcc721:192.168.36.114:33665] returns group-D73375AA41AC:java.util.concurrent.CompletableFuture@5ab1c23[Not completed]
2019-09-12 11:30:41,322 [pool-82-thread-1] INFO  impl.RaftServerImpl (RaftServerImpl.java:<init>(93)) - dae80834-da68-4cdc-a6d1-3e383ebcc721: new RaftServerImpl for group-D73375AA41AC:[dae80834-da68-4cdc-a6d1-3e383ebcc721:192.168.36.114:33665] with ContainerStateMachine:uninitialized
2019-09-12 11:30:41,322 [pool-82-thread-1] INFO  server.RaftServerConfigKeys (ConfUtils.java:logGet(43)) - raft.server.rpc.timeout.min = 5s (custom)
2019-09-12 11:30:41,322 [pool-82-thread-1] INFO  server.RaftServerConfigKeys (ConfUtils.java:logGet(43)) - raft.server.rpc.timeout.max = 5200ms (custom)
2019-09-12 11:30:41,322 [pool-82-thread-1] INFO  server.RaftServerConfigKeys (ConfUtils.java:logGet(43)) - raft.server.rpcslowness.timeout = 120s (custom)
2019-09-12 11:30:41,323 [pool-82-thread-1] INFO  server.RaftServerConfigKeys (ConfUtils.java:logGet(43)) - raft.server.sleep.deviation.threshold = 300 (default)
2019-09-12 11:30:41,323 [pool-82-thread-1] INFO  server.RaftServerConfigKeys (ConfUtils.java:logGet(43)) - raft.server.log.appender.install.snapshot.enabled = false (custom)
2019-09-12 11:30:41,323 [pool-82-thread-1] INFO  impl.RaftServerImpl (ServerState.java:<init>(105)) - dae80834-da68-4cdc-a6d1-3e383ebcc721:group-D73375AA41AC ConfigurationManager, init=-1: [dae80834-da68-4cdc-a6d1-3e383ebcc721:192.168.36.114:33665], old=null, confs=<EMPTY_MAP>
2019-09-12 11:30:41,323 [pool-82-thread-1] INFO  server.RaftServerConfigKeys (ConfUtils.java:logGet(43)) - raft.server.storage.dir = [/workdir/hadoop-ozone/integration-test/target/test-dir/MiniOzoneClusterImpl-299c34b2-84c4-4da4-b63e-5faf1abba283/datanode-5/data/ratis] (custom)
2019-09-12 11:30:41,324 [pool-82-thread-1] INFO  storage.RaftStorageDirectory (RaftStorageDirectory.java:analyzeStorage(246)) - The storage directory /workdir/hadoop-ozone/integration-test/target/test-dir/MiniOzoneClusterImpl-299c34b2-84c4-4da4-b63e-5faf1abba283/datanode-5/data/ratis/1f369004-ccd8-4475-9795-d73375aa41ac does not exist. Creating ...
2019-09-12 11:30:41,337 [pool-82-thread-1] INFO  storage.RaftStorageDirectory (RaftStorageDirectory.java:tryLock(328)) - Lock on /workdir/hadoop-ozone/integration-test/target/test-dir/MiniOzoneClusterImpl-299c34b2-84c4-4da4-b63e-5faf1abba283/datanode-5/data/ratis/1f369004-ccd8-4475-9795-d73375aa41ac/in_use.lock acquired by nodename 16167@pr-hdds-1569-58hkm-1881083799
2019-09-12 11:30:41,343 | INFO  | SCMAudit | user=jenkins1000 | ip=192.168.36.114 | op=SEND_HEARTBEAT {datanodeUUID=953ad6b8-90f2-4ccf-a2c7-42d93886e77a, command=[]} | ret=SUCCESS |  
2019-09-12 11:30:41,359 [pool-82-thread-1] INFO  storage.RaftStorage (RaftStorage.java:format(72)) - Storage directory /workdir/hadoop-ozone/integration-test/target/test-dir/MiniOzoneClusterImpl-299c34b2-84c4-4da4-b63e-5faf1abba283/datanode-5/data/ratis/1f369004-ccd8-4475-9795-d73375aa41ac has been successfully formatted.
2019-09-12 11:30:41,360 [pool-82-thread-1] INFO  ratis.ContainerStateMachine (ContainerStateMachine.java:loadSnapshot(226)) - group-D73375AA41AC: The snapshot info is null. Setting the last applied indexto:(t:0, i:~)
2019-09-12 11:30:41,360 [pool-82-thread-1] INFO  server.RaftServerConfigKeys (ConfUtils.java:logGet(43)) - raft.server.leader.election.timeout = 120s (custom)
2019-09-12 11:30:41,360 [pool-82-thread-1] INFO  server.RaftServerConfigKeys (ConfUtils.java:logGet(43)) - raft.server.log.use.memory = false (default)
2019-09-12 11:30:41,360 [pool-82-thread-1] INFO  server.RaftServerConfigKeys (ConfUtils.java:logGet(43)) - raft.server.log.purge.gap = 1000000 (custom)
2019-09-12 11:30:41,360 [pool-82-thread-1] INFO  server.RaftServerConfigKeys (ConfUtils.java:logGet(43)) - raft.server.log.appender.buffer.byte-limit = 33554432 (custom)
2019-09-12 11:30:41,360 [pool-82-thread-1] INFO  server.RaftServerConfigKeys (ConfUtils.java:logGet(43)) - raft.server.log.segment.size.max = 1048576 (custom)
2019-09-12 11:30:41,361 [pool-82-thread-1] INFO  server.RaftServerConfigKeys (ConfUtils.java:logGet(43)) - raft.server.log.segment.cache.num.max = 2 (custom)
2019-09-12 11:30:41,361 [pool-82-thread-1] INFO  segmented.SegmentedRaftLogWorker (SegmentedRaftLogWorker.java:<init>(172)) - new dae80834-da68-4cdc-a6d1-3e383ebcc721-SegmentedRaftLogWorker:Storage Directory /workdir/hadoop-ozone/integration-test/target/test-dir/MiniOzoneClusterImpl-299c34b2-84c4-4da4-b63e-5faf1abba283/datanode-5/data/ratis/1f369004-ccd8-4475-9795-d73375aa41ac for RaftStorage:Storage Directory /workdir/hadoop-ozone/integration-test/target/test-dir/MiniOzoneClusterImpl-299c34b2-84c4-4da4-b63e-5faf1abba283/datanode-5/data/ratis/1f369004-ccd8-4475-9795-d73375aa41ac
2019-09-12 11:30:41,361 [pool-82-thread-1] INFO  server.RaftServerConfigKeys (ConfUtils.java:logGet(43)) - raft.server.log.queue.byte-limit = 2147483647 (custom)
2019-09-12 11:30:41,361 [pool-82-thread-1] INFO  server.RaftServerConfigKeys (ConfUtils.java:logGet(43)) - raft.server.log.queue.element-limit = 1024 (custom)
2019-09-12 11:30:41,361 [pool-82-thread-1] INFO  server.RaftServerConfigKeys (ConfUtils.java:logGet(43)) - raft.server.log.segment.size.max = 1048576 (custom)
2019-09-12 11:30:41,362 [pool-82-thread-1] INFO  server.RaftServerConfigKeys (ConfUtils.java:logGet(43)) - raft.server.log.preallocated.size = 16384 (custom)
2019-09-12 11:30:41,362 [pool-82-thread-1] INFO  server.RaftServerConfigKeys (ConfUtils.java:logGet(43)) - raft.server.log.write.buffer.size = 33554432 (custom)
2019-09-12 11:30:41,362 [pool-82-thread-1] INFO  server.RaftServerConfigKeys (ConfUtils.java:logGet(43)) - raft.server.log.force.sync.num = 128 (default)
2019-09-12 11:30:41,362 [pool-82-thread-1] INFO  server.RaftServerConfigKeys (ConfUtils.java:logGet(43)) - raft.server.log.statemachine.data.sync = true (default)
2019-09-12 11:30:41,362 [pool-82-thread-1] INFO  server.RaftServerConfigKeys (ConfUtils.java:logGet(43)) - raft.server.log.statemachine.data.sync.timeout = 10s (default)
2019-09-12 11:30:41,362 [pool-82-thread-1] INFO  server.RaftServerConfigKeys (ConfUtils.java:logGet(43)) - raft.server.log.statemachine.data.sync.timeout.retry = -1 (default)
2019-09-12 11:30:41,363 [pool-82-thread-1] INFO  server.RaftServerConfigKeys (ConfUtils.java:logGet(43)) - raft.server.log.statemachine.data.caching.enabled = true (custom)
2019-09-12 11:30:41,363 [pool-82-thread-1] INFO  segmented.SegmentedRaftLogWorker (SegmentedRaftLogWorker.java:lambda$new$0(132)) - dae80834-da68-4cdc-a6d1-3e383ebcc721-SegmentedRaftLogWorker:Storage Directory /workdir/hadoop-ozone/integration-test/target/test-dir/MiniOzoneClusterImpl-299c34b2-84c4-4da4-b63e-5faf1abba283/datanode-5/data/ratis/1f369004-ccd8-4475-9795-d73375aa41ac: flushIndex: setUnconditionally 0 -> -1
2019-09-12 11:30:41,363 [pool-82-thread-1] INFO  server.RaftServerConfigKeys (ConfUtils.java:logGet(43)) - raft.server.snapshot.auto.trigger.enabled = true (custom)
2019-09-12 11:30:41,364 [pool-82-thread-1] INFO  server.RaftServerConfigKeys (ConfUtils.java:logGet(43)) - raft.server.snapshot.auto.trigger.threshold = 10000 (custom)
2019-09-12 11:30:41,364 [pool-82-thread-1] INFO  server.RaftServerConfigKeys (ConfUtils.java:logGet(43)) - raft.server.retrycache.expirytime = 600000ms (custom)
2019-09-12 11:30:41,364 [pool-82-thread-1] INFO  impl.RaftServerImpl (RaftServerImpl.java:start(180)) - dae80834-da68-4cdc-a6d1-3e383ebcc721: start group-D73375AA41AC
2019-09-12 11:30:41,364 [pool-82-thread-1] INFO  impl.RaftServerImpl (RaftServerImpl.java:setRole(171)) - dae80834-da68-4cdc-a6d1-3e383ebcc721:group-D73375AA41AC changes role from null to FOLLOWER at term 0 for startAsFollower
2019-09-12 11:30:41,364 [pool-82-thread-1] INFO  impl.RoleInfo (RoleInfo.java:updateAndGet(143)) - dae80834-da68-4cdc-a6d1-3e383ebcc721: start FollowerState
2019-09-12 11:30:41,365 [pool-82-thread-1] INFO  util.JmxRegister (JmxRegister.java:tryRegister(44)) - Successfully registered JMX Bean with object name Ratis:service=RaftServer,group=group-D73375AA41AC,id=dae80834-da68-4cdc-a6d1-3e383ebcc721
2019-09-12 11:30:41,372 [RatisPipelineUtilsThread] INFO  pipeline.PipelineStateManager (PipelineStateManager.java:addPipeline(56)) - Created pipeline Pipeline[ Id: 1f369004-ccd8-4475-9795-d73375aa41ac, Nodes: dae80834-da68-4cdc-a6d1-3e383ebcc721{ip: 192.168.36.114, host: pr-hdds-1569-58hkm-1881083799, networkLocation: /default-rack, certSerialId: null}, Type:RATIS, Factor:ONE, State:OPEN]
2019-09-12 11:30:41,375 [RatisPipelineUtilsThread] ERROR pipeline.PipelinePlacementPolicy (PipelinePlacementPolicy.java:meetCriteria(92)) - Pipeline Placement: Doesn't meet the criteria to be viable node. Heaviness: 6
2019-09-12 11:30:41,375 [RatisPipelineUtilsThread] ERROR pipeline.PipelinePlacementPolicy (PipelinePlacementPolicy.java:meetCriteria(92)) - Pipeline Placement: Doesn't meet the criteria to be viable node. Heaviness: 6
2019-09-12 11:30:41,375 [RatisPipelineUtilsThread] ERROR pipeline.PipelinePlacementPolicy (PipelinePlacementPolicy.java:meetCriteria(92)) - Pipeline Placement: Doesn't meet the criteria to be viable node. Heaviness: 6
2019-09-12 11:30:41,388 | INFO  | SCMAudit | user=jenkins1000 | ip=192.168.36.114 | op=SEND_HEARTBEAT {datanodeUUID=dae80834-da68-4cdc-a6d1-3e383ebcc721, command=[]} | ret=SUCCESS |  
2019-09-12 11:30:41,393 [grpc-default-executor-0] INFO  impl.RaftServerProxy (RaftServerProxy.java:addNew(89)) - eff3a7ee-c843-4140-bba9-03f77ca50619: addNew group-9EB0F194CC1B:[eff3a7ee-c843-4140-bba9-03f77ca50619:192.168.36.114:45501] returns group-9EB0F194CC1B:java.util.concurrent.CompletableFuture@39a9e85a[Not completed]
2019-09-12 11:30:41,395 [pool-49-thread-1] INFO  impl.RaftServerImpl (RaftServerImpl.java:<init>(93)) - eff3a7ee-c843-4140-bba9-03f77ca50619: new RaftServerImpl for group-9EB0F194CC1B:[eff3a7ee-c843-4140-bba9-03f77ca50619:192.168.36.114:45501] with ContainerStateMachine:uninitialized
2019-09-12 11:30:41,395 [pool-49-thread-1] INFO  server.RaftServerConfigKeys (ConfUtils.java:logGet(43)) - raft.server.rpc.timeout.min = 5s (custom)
2019-09-12 11:30:41,395 [pool-49-thread-1] INFO  server.RaftServerConfigKeys (ConfUtils.java:logGet(43)) - raft.server.rpc.timeout.max = 5200ms (custom)
2019-09-12 11:30:41,395 [pool-49-thread-1] INFO  server.RaftServerConfigKeys (ConfUtils.java:logGet(43)) - raft.server.rpcslowness.timeout = 120s (custom)
2019-09-12 11:30:41,395 [pool-49-thread-1] INFO  server.RaftServerConfigKeys (ConfUtils.java:logGet(43)) - raft.server.sleep.deviation.threshold = 300 (default)
2019-09-12 11:30:41,395 [pool-49-thread-1] INFO  server.RaftServerConfigKeys (ConfUtils.java:logGet(43)) - raft.server.log.appender.install.snapshot.enabled = false (custom)
2019-09-12 11:30:41,395 [pool-49-thread-1] INFO  impl.RaftServerImpl (ServerState.java:<init>(105)) - eff3a7ee-c843-4140-bba9-03f77ca50619:group-9EB0F194CC1B ConfigurationManager, init=-1: [eff3a7ee-c843-4140-bba9-03f77ca50619:192.168.36.114:45501], old=null, confs=<EMPTY_MAP>
2019-09-12 11:30:41,395 [pool-49-thread-1] INFO  server.RaftServerConfigKeys (ConfUtils.java:logGet(43)) - raft.server.storage.dir = [/workdir/hadoop-ozone/integration-test/target/test-dir/MiniOzoneClusterImpl-299c34b2-84c4-4da4-b63e-5faf1abba283/datanode-2/data/ratis] (custom)
2019-09-12 11:30:41,396 [pool-49-thread-1] INFO  storage.RaftStorageDirectory (RaftStorageDirectory.java:analyzeStorage(246)) - The storage directory /workdir/hadoop-ozone/integration-test/target/test-dir/MiniOzoneClusterImpl-299c34b2-84c4-4da4-b63e-5faf1abba283/datanode-2/data/ratis/bef3813c-fa23-4ac7-af7c-9eb0f194cc1b does not exist. Creating ...
2019-09-12 11:30:41,409 [pool-49-thread-1] INFO  storage.RaftStorageDirectory (RaftStorageDirectory.java:tryLock(328)) - Lock on /workdir/hadoop-ozone/integration-test/target/test-dir/MiniOzoneClusterImpl-299c34b2-84c4-4da4-b63e-5faf1abba283/datanode-2/data/ratis/bef3813c-fa23-4ac7-af7c-9eb0f194cc1b/in_use.lock acquired by nodename 16167@pr-hdds-1569-58hkm-1881083799
2019-09-12 11:30:41,422 [pool-49-thread-1] INFO  storage.RaftStorage (RaftStorage.java:format(72)) - Storage directory /workdir/hadoop-ozone/integration-test/target/test-dir/MiniOzoneClusterImpl-299c34b2-84c4-4da4-b63e-5faf1abba283/datanode-2/data/ratis/bef3813c-fa23-4ac7-af7c-9eb0f194cc1b has been successfully formatted.
2019-09-12 11:30:41,422 [pool-49-thread-1] INFO  ratis.ContainerStateMachine (ContainerStateMachine.java:loadSnapshot(226)) - group-9EB0F194CC1B: The snapshot info is null. Setting the last applied indexto:(t:0, i:~)
2019-09-12 11:30:41,422 [pool-49-thread-1] INFO  server.RaftServerConfigKeys (ConfUtils.java:logGet(43)) - raft.server.leader.election.timeout = 120s (custom)
2019-09-12 11:30:41,423 [pool-49-thread-1] INFO  server.RaftServerConfigKeys (ConfUtils.java:logGet(43)) - raft.server.log.use.memory = false (default)
2019-09-12 11:30:41,423 [pool-49-thread-1] INFO  server.RaftServerConfigKeys (ConfUtils.java:logGet(43)) - raft.server.log.purge.gap = 1000000 (custom)
2019-09-12 11:30:41,423 [pool-49-thread-1] INFO  server.RaftServerConfigKeys (ConfUtils.java:logGet(43)) - raft.server.log.appender.buffer.byte-limit = 33554432 (custom)
2019-09-12 11:30:41,423 [pool-49-thread-1] INFO  server.RaftServerConfigKeys (ConfUtils.java:logGet(43)) - raft.server.log.segment.size.max = 1048576 (custom)
2019-09-12 11:30:41,423 [pool-49-thread-1] INFO  server.RaftServerConfigKeys (ConfUtils.java:logGet(43)) - raft.server.log.segment.cache.num.max = 2 (custom)
2019-09-12 11:30:41,423 [pool-49-thread-1] INFO  segmented.SegmentedRaftLogWorker (SegmentedRaftLogWorker.java:<init>(172)) - new eff3a7ee-c843-4140-bba9-03f77ca50619-SegmentedRaftLogWorker:Storage Directory /workdir/hadoop-ozone/integration-test/target/test-dir/MiniOzoneClusterImpl-299c34b2-84c4-4da4-b63e-5faf1abba283/datanode-2/data/ratis/bef3813c-fa23-4ac7-af7c-9eb0f194cc1b for RaftStorage:Storage Directory /workdir/hadoop-ozone/integration-test/target/test-dir/MiniOzoneClusterImpl-299c34b2-84c4-4da4-b63e-5faf1abba283/datanode-2/data/ratis/bef3813c-fa23-4ac7-af7c-9eb0f194cc1b
2019-09-12 11:30:41,423 [pool-49-thread-1] INFO  server.RaftServerConfigKeys (ConfUtils.java:logGet(43)) - raft.server.log.queue.byte-limit = 2147483647 (custom)
2019-09-12 11:30:41,424 [pool-49-thread-1] INFO  server.RaftServerConfigKeys (ConfUtils.java:logGet(43)) - raft.server.log.queue.element-limit = 1024 (custom)
2019-09-12 11:30:41,424 [pool-49-thread-1] INFO  server.RaftServerConfigKeys (ConfUtils.java:logGet(43)) - raft.server.log.segment.size.max = 1048576 (custom)
2019-09-12 11:30:41,424 [pool-49-thread-1] INFO  server.RaftServerConfigKeys (ConfUtils.java:logGet(43)) - raft.server.log.preallocated.size = 16384 (custom)
2019-09-12 11:30:41,424 [pool-49-thread-1] INFO  server.RaftServerConfigKeys (ConfUtils.java:logGet(43)) - raft.server.log.write.buffer.size = 33554432 (custom)
2019-09-12 11:30:41,424 [pool-49-thread-1] INFO  server.RaftServerConfigKeys (ConfUtils.java:logGet(43)) - raft.server.log.force.sync.num = 128 (default)
2019-09-12 11:30:41,424 [pool-49-thread-1] INFO  server.RaftServerConfigKeys (ConfUtils.java:logGet(43)) - raft.server.log.statemachine.data.sync = true (default)
2019-09-12 11:30:41,424 [pool-49-thread-1] INFO  server.RaftServerConfigKeys (ConfUtils.java:logGet(43)) - raft.server.log.statemachine.data.sync.timeout = 10s (default)
2019-09-12 11:30:41,424 [pool-49-thread-1] INFO  server.RaftServerConfigKeys (ConfUtils.java:logGet(43)) - raft.server.log.statemachine.data.sync.timeout.retry = -1 (default)
2019-09-12 11:30:41,425 [pool-49-thread-1] INFO  server.RaftServerConfigKeys (ConfUtils.java:logGet(43)) - raft.server.log.statemachine.data.caching.enabled = true (custom)
2019-09-12 11:30:41,425 [pool-49-thread-1] INFO  segmented.SegmentedRaftLogWorker (SegmentedRaftLogWorker.java:lambda$new$0(132)) - eff3a7ee-c843-4140-bba9-03f77ca50619-SegmentedRaftLogWorker:Storage Directory /workdir/hadoop-ozone/integration-test/target/test-dir/MiniOzoneClusterImpl-299c34b2-84c4-4da4-b63e-5faf1abba283/datanode-2/data/ratis/bef3813c-fa23-4ac7-af7c-9eb0f194cc1b: flushIndex: setUnconditionally 0 -> -1
2019-09-12 11:30:41,425 [pool-49-thread-1] INFO  server.RaftServerConfigKeys (ConfUtils.java:logGet(43)) - raft.server.snapshot.auto.trigger.enabled = true (custom)
2019-09-12 11:30:41,425 [pool-49-thread-1] INFO  server.RaftServerConfigKeys (ConfUtils.java:logGet(43)) - raft.server.snapshot.auto.trigger.threshold = 10000 (custom)
2019-09-12 11:30:41,426 [pool-49-thread-1] INFO  server.RaftServerConfigKeys (ConfUtils.java:logGet(43)) - raft.server.retrycache.expirytime = 600000ms (custom)
2019-09-12 11:30:41,426 [pool-49-thread-1] INFO  impl.RaftServerImpl (RaftServerImpl.java:start(180)) - eff3a7ee-c843-4140-bba9-03f77ca50619: start group-9EB0F194CC1B
2019-09-12 11:30:41,426 [pool-49-thread-1] INFO  impl.RaftServerImpl (RaftServerImpl.java:setRole(171)) - eff3a7ee-c843-4140-bba9-03f77ca50619:group-9EB0F194CC1B changes role from null to FOLLOWER at term 0 for startAsFollower
2019-09-12 11:30:41,426 [pool-49-thread-1] INFO  impl.RoleInfo (RoleInfo.java:updateAndGet(143)) - eff3a7ee-c843-4140-bba9-03f77ca50619: start FollowerState
2019-09-12 11:30:41,427 [pool-49-thread-1] INFO  util.JmxRegister (JmxRegister.java:tryRegister(44)) - Successfully registered JMX Bean with object name Ratis:service=RaftServer,group=group-9EB0F194CC1B,id=eff3a7ee-c843-4140-bba9-03f77ca50619
2019-09-12 11:30:41,433 [RatisPipelineUtilsThread] INFO  pipeline.PipelineStateManager (PipelineStateManager.java:addPipeline(56)) - Created pipeline Pipeline[ Id: bef3813c-fa23-4ac7-af7c-9eb0f194cc1b, Nodes: eff3a7ee-c843-4140-bba9-03f77ca50619{ip: 192.168.36.114, host: pr-hdds-1569-58hkm-1881083799, networkLocation: /default-rack, certSerialId: null}, Type:RATIS, Factor:ONE, State:OPEN]
2019-09-12 11:30:41,452 [RatisPipelineUtilsThread] ERROR pipeline.PipelinePlacementPolicy (PipelinePlacementPolicy.java:meetCriteria(92)) - Pipeline Placement: Doesn't meet the criteria to be viable node. Heaviness: 6
2019-09-12 11:30:41,452 [RatisPipelineUtilsThread] ERROR pipeline.PipelinePlacementPolicy (PipelinePlacementPolicy.java:meetCriteria(92)) - Pipeline Placement: Doesn't meet the criteria to be viable node. Heaviness: 6
2019-09-12 11:30:41,452 [RatisPipelineUtilsThread] ERROR pipeline.PipelinePlacementPolicy (PipelinePlacementPolicy.java:meetCriteria(92)) - Pipeline Placement: Doesn't meet the criteria to be viable node. Heaviness: 6
2019-09-12 11:30:41,452 [RatisPipelineUtilsThread] ERROR pipeline.PipelinePlacementPolicy (PipelinePlacementPolicy.java:meetCriteria(92)) - Pipeline Placement: Doesn't meet the criteria to be viable node. Heaviness: 6
2019-09-12 11:30:41,479 [grpc-default-executor-0] INFO  impl.RaftServerProxy (RaftServerProxy.java:addNew(89)) - 55e84e38-2716-4d7a-ba5b-b02233998fb0: addNew group-65E3BBBE64D4:[55e84e38-2716-4d7a-ba5b-b02233998fb0:192.168.36.114:43799] returns group-65E3BBBE64D4:java.util.concurrent.CompletableFuture@209652a[Not completed]
2019-09-12 11:30:41,482 [pool-71-thread-1] INFO  impl.RaftServerImpl (RaftServerImpl.java:<init>(93)) - 55e84e38-2716-4d7a-ba5b-b02233998fb0: new RaftServerImpl for group-65E3BBBE64D4:[55e84e38-2716-4d7a-ba5b-b02233998fb0:192.168.36.114:43799] with ContainerStateMachine:uninitialized
2019-09-12 11:30:41,482 [pool-71-thread-1] INFO  server.RaftServerConfigKeys (ConfUtils.java:logGet(43)) - raft.server.rpc.timeout.min = 5s (custom)
2019-09-12 11:30:41,483 [pool-71-thread-1] INFO  server.RaftServerConfigKeys (ConfUtils.java:logGet(43)) - raft.server.rpc.timeout.max = 5200ms (custom)
2019-09-12 11:30:41,483 [pool-71-thread-1] INFO  server.RaftServerConfigKeys (ConfUtils.java:logGet(43)) - raft.server.rpcslowness.timeout = 120s (custom)
2019-09-12 11:30:41,483 [pool-71-thread-1] INFO  server.RaftServerConfigKeys (ConfUtils.java:logGet(43)) - raft.server.sleep.deviation.threshold = 300 (default)
2019-09-12 11:30:41,483 [pool-71-thread-1] INFO  server.RaftServerConfigKeys (ConfUtils.java:logGet(43)) - raft.server.log.appender.install.snapshot.enabled = false (custom)
2019-09-12 11:30:41,483 [pool-71-thread-1] INFO  impl.RaftServerImpl (ServerState.java:<init>(105)) - 55e84e38-2716-4d7a-ba5b-b02233998fb0:group-65E3BBBE64D4 ConfigurationManager, init=-1: [55e84e38-2716-4d7a-ba5b-b02233998fb0:192.168.36.114:43799], old=null, confs=<EMPTY_MAP>
2019-09-12 11:30:41,484 [pool-71-thread-1] INFO  server.RaftServerConfigKeys (ConfUtils.java:logGet(43)) - raft.server.storage.dir = [/workdir/hadoop-ozone/integration-test/target/test-dir/MiniOzoneClusterImpl-299c34b2-84c4-4da4-b63e-5faf1abba283/datanode-4/data/ratis] (custom)
2019-09-12 11:30:41,484 [pool-71-thread-1] INFO  storage.RaftStorageDirectory (RaftStorageDirectory.java:analyzeStorage(246)) - The storage directory /workdir/hadoop-ozone/integration-test/target/test-dir/MiniOzoneClusterImpl-299c34b2-84c4-4da4-b63e-5faf1abba283/datanode-4/data/ratis/36b61496-2e91-4b2a-9340-65e3bbbe64d4 does not exist. Creating ...
2019-09-12 11:30:41,498 [pool-71-thread-1] INFO  storage.RaftStorageDirectory (RaftStorageDirectory.java:tryLock(328)) - Lock on /workdir/hadoop-ozone/integration-test/target/test-dir/MiniOzoneClusterImpl-299c34b2-84c4-4da4-b63e-5faf1abba283/datanode-4/data/ratis/36b61496-2e91-4b2a-9340-65e3bbbe64d4/in_use.lock acquired by nodename 16167@pr-hdds-1569-58hkm-1881083799
2019-09-12 11:30:41,512 [pool-71-thread-1] INFO  storage.RaftStorage (RaftStorage.java:format(72)) - Storage directory /workdir/hadoop-ozone/integration-test/target/test-dir/MiniOzoneClusterImpl-299c34b2-84c4-4da4-b63e-5faf1abba283/datanode-4/data/ratis/36b61496-2e91-4b2a-9340-65e3bbbe64d4 has been successfully formatted.
2019-09-12 11:30:41,512 [pool-71-thread-1] INFO  ratis.ContainerStateMachine (ContainerStateMachine.java:loadSnapshot(226)) - group-65E3BBBE64D4: The snapshot info is null. Setting the last applied indexto:(t:0, i:~)
2019-09-12 11:30:41,512 [pool-71-thread-1] INFO  server.RaftServerConfigKeys (ConfUtils.java:logGet(43)) - raft.server.leader.election.timeout = 120s (custom)
2019-09-12 11:30:41,512 [pool-71-thread-1] INFO  server.RaftServerConfigKeys (ConfUtils.java:logGet(43)) - raft.server.log.use.memory = false (default)
2019-09-12 11:30:41,513 [pool-71-thread-1] INFO  server.RaftServerConfigKeys (ConfUtils.java:logGet(43)) - raft.server.log.purge.gap = 1000000 (custom)
2019-09-12 11:30:41,513 [pool-71-thread-1] INFO  server.RaftServerConfigKeys (ConfUtils.java:logGet(43)) - raft.server.log.appender.buffer.byte-limit = 33554432 (custom)
2019-09-12 11:30:41,513 [pool-71-thread-1] INFO  server.RaftServerConfigKeys (ConfUtils.java:logGet(43)) - raft.server.log.segment.size.max = 1048576 (custom)
2019-09-12 11:30:41,513 [pool-71-thread-1] INFO  server.RaftServerConfigKeys (ConfUtils.java:logGet(43)) - raft.server.log.segment.cache.num.max = 2 (custom)
2019-09-12 11:30:41,514 [pool-71-thread-1] INFO  segmented.SegmentedRaftLogWorker (SegmentedRaftLogWorker.java:<init>(172)) - new 55e84e38-2716-4d7a-ba5b-b02233998fb0-SegmentedRaftLogWorker:Storage Directory /workdir/hadoop-ozone/integration-test/target/test-dir/MiniOzoneClusterImpl-299c34b2-84c4-4da4-b63e-5faf1abba283/datanode-4/data/ratis/36b61496-2e91-4b2a-9340-65e3bbbe64d4 for RaftStorage:Storage Directory /workdir/hadoop-ozone/integration-test/target/test-dir/MiniOzoneClusterImpl-299c34b2-84c4-4da4-b63e-5faf1abba283/datanode-4/data/ratis/36b61496-2e91-4b2a-9340-65e3bbbe64d4
2019-09-12 11:30:41,514 [pool-71-thread-1] INFO  server.RaftServerConfigKeys (ConfUtils.java:logGet(43)) - raft.server.log.queue.byte-limit = 2147483647 (custom)
2019-09-12 11:30:41,514 [pool-71-thread-1] INFO  server.RaftServerConfigKeys (ConfUtils.java:logGet(43)) - raft.server.log.queue.element-limit = 1024 (custom)
2019-09-12 11:30:41,514 [pool-71-thread-1] INFO  server.RaftServerConfigKeys (ConfUtils.java:logGet(43)) - raft.server.log.segment.size.max = 1048576 (custom)
2019-09-12 11:30:41,514 [pool-71-thread-1] INFO  server.RaftServerConfigKeys (ConfUtils.java:logGet(43)) - raft.server.log.preallocated.size = 16384 (custom)
2019-09-12 11:30:41,515 [pool-71-thread-1] INFO  server.RaftServerConfigKeys (ConfUtils.java:logGet(43)) - raft.server.log.write.buffer.size = 33554432 (custom)
2019-09-12 11:30:41,515 [pool-71-thread-1] INFO  server.RaftServerConfigKeys (ConfUtils.java:logGet(43)) - raft.server.log.force.sync.num = 128 (default)
2019-09-12 11:30:41,515 [pool-71-thread-1] INFO  server.RaftServerConfigKeys (ConfUtils.java:logGet(43)) - raft.server.log.statemachine.data.sync = true (default)
2019-09-12 11:30:41,515 [pool-71-thread-1] INFO  server.RaftServerConfigKeys (ConfUtils.java:logGet(43)) - raft.server.log.statemachine.data.sync.timeout = 10s (default)
2019-09-12 11:30:41,515 [pool-71-thread-1] INFO  server.RaftServerConfigKeys (ConfUtils.java:logGet(43)) - raft.server.log.statemachine.data.sync.timeout.retry = -1 (default)
2019-09-12 11:30:41,516 [pool-71-thread-1] INFO  server.RaftServerConfigKeys (ConfUtils.java:logGet(43)) - raft.server.log.statemachine.data.caching.enabled = true (custom)
2019-09-12 11:30:41,516 [pool-71-thread-1] INFO  segmented.SegmentedRaftLogWorker (SegmentedRaftLogWorker.java:lambda$new$0(132)) - 55e84e38-2716-4d7a-ba5b-b02233998fb0-SegmentedRaftLogWorker:Storage Directory /workdir/hadoop-ozone/integration-test/target/test-dir/MiniOzoneClusterImpl-299c34b2-84c4-4da4-b63e-5faf1abba283/datanode-4/data/ratis/36b61496-2e91-4b2a-9340-65e3bbbe64d4: flushIndex: setUnconditionally 0 -> -1
2019-09-12 11:30:41,517 [pool-71-thread-1] INFO  server.RaftServerConfigKeys (ConfUtils.java:logGet(43)) - raft.server.snapshot.auto.trigger.enabled = true (custom)
2019-09-12 11:30:41,517 [pool-71-thread-1] INFO  server.RaftServerConfigKeys (ConfUtils.java:logGet(43)) - raft.server.snapshot.auto.trigger.threshold = 10000 (custom)
2019-09-12 11:30:41,517 [pool-71-thread-1] INFO  server.RaftServerConfigKeys (ConfUtils.java:logGet(43)) - raft.server.retrycache.expirytime = 600000ms (custom)
2019-09-12 11:30:41,518 [pool-71-thread-1] INFO  impl.RaftServerImpl (RaftServerImpl.java:start(180)) - 55e84e38-2716-4d7a-ba5b-b02233998fb0: start group-65E3BBBE64D4
2019-09-12 11:30:41,518 [pool-71-thread-1] INFO  impl.RaftServerImpl (RaftServerImpl.java:setRole(171)) - 55e84e38-2716-4d7a-ba5b-b02233998fb0:group-65E3BBBE64D4 changes role from null to FOLLOWER at term 0 for startAsFollower
2019-09-12 11:30:41,518 [pool-71-thread-1] INFO  impl.RoleInfo (RoleInfo.java:updateAndGet(143)) - 55e84e38-2716-4d7a-ba5b-b02233998fb0: start FollowerState
2019-09-12 11:30:41,529 [pool-71-thread-1] INFO  util.JmxRegister (JmxRegister.java:tryRegister(44)) - Successfully registered JMX Bean with object name Ratis:service=RaftServer,group=group-65E3BBBE64D4,id=55e84e38-2716-4d7a-ba5b-b02233998fb0
2019-09-12 11:30:41,551 [RatisPipelineUtilsThread] INFO  pipeline.PipelineStateManager (PipelineStateManager.java:addPipeline(56)) - Created pipeline Pipeline[ Id: 36b61496-2e91-4b2a-9340-65e3bbbe64d4, Nodes: 55e84e38-2716-4d7a-ba5b-b02233998fb0{ip: 192.168.36.114, host: pr-hdds-1569-58hkm-1881083799, networkLocation: /default-rack, certSerialId: null}, Type:RATIS, Factor:ONE, State:OPEN]
2019-09-12 11:30:41,552 [RatisPipelineUtilsThread] ERROR pipeline.PipelinePlacementPolicy (PipelinePlacementPolicy.java:meetCriteria(92)) - Pipeline Placement: Doesn't meet the criteria to be viable node. Heaviness: 6
2019-09-12 11:30:41,552 [RatisPipelineUtilsThread] ERROR pipeline.PipelinePlacementPolicy (PipelinePlacementPolicy.java:meetCriteria(92)) - Pipeline Placement: Doesn't meet the criteria to be viable node. Heaviness: 6
2019-09-12 11:30:41,552 [RatisPipelineUtilsThread] ERROR pipeline.PipelinePlacementPolicy (PipelinePlacementPolicy.java:meetCriteria(92)) - Pipeline Placement: Doesn't meet the criteria to be viable node. Heaviness: 6
2019-09-12 11:30:41,552 [RatisPipelineUtilsThread] ERROR pipeline.PipelinePlacementPolicy (PipelinePlacementPolicy.java:meetCriteria(92)) - Pipeline Placement: Doesn't meet the criteria to be viable node. Heaviness: 6
2019-09-12 11:30:41,552 [RatisPipelineUtilsThread] ERROR pipeline.PipelinePlacementPolicy (PipelinePlacementPolicy.java:meetCriteria(92)) - Pipeline Placement: Doesn't meet the criteria to be viable node. Heaviness: 6
2019-09-12 11:30:41,560 [grpc-default-executor-0] INFO  impl.RaftServerProxy (RaftServerProxy.java:addNew(89)) - faaae1d4-820a-4881-8cfe-c76293b91720: addNew group-5A8458C17090:[faaae1d4-820a-4881-8cfe-c76293b91720:192.168.36.114:41147] returns group-5A8458C17090:java.util.concurrent.CompletableFuture@23c25fb9[Not completed]
2019-09-12 11:30:41,562 [pool-104-thread-1] INFO  impl.RaftServerImpl (RaftServerImpl.java:<init>(93)) - faaae1d4-820a-4881-8cfe-c76293b91720: new RaftServerImpl for group-5A8458C17090:[faaae1d4-820a-4881-8cfe-c76293b91720:192.168.36.114:41147] with ContainerStateMachine:uninitialized
2019-09-12 11:30:41,562 [pool-104-thread-1] INFO  server.RaftServerConfigKeys (ConfUtils.java:logGet(43)) - raft.server.rpc.timeout.min = 5s (custom)
2019-09-12 11:30:41,562 [pool-104-thread-1] INFO  server.RaftServerConfigKeys (ConfUtils.java:logGet(43)) - raft.server.rpc.timeout.max = 5200ms (custom)
2019-09-12 11:30:41,562 [pool-104-thread-1] INFO  server.RaftServerConfigKeys (ConfUtils.java:logGet(43)) - raft.server.rpcslowness.timeout = 120s (custom)
2019-09-12 11:30:41,563 [pool-104-thread-1] INFO  server.RaftServerConfigKeys (ConfUtils.java:logGet(43)) - raft.server.sleep.deviation.threshold = 300 (default)
2019-09-12 11:30:41,563 [pool-104-thread-1] INFO  server.RaftServerConfigKeys (ConfUtils.java:logGet(43)) - raft.server.log.appender.install.snapshot.enabled = false (custom)
2019-09-12 11:30:41,563 [pool-104-thread-1] INFO  impl.RaftServerImpl (ServerState.java:<init>(105)) - faaae1d4-820a-4881-8cfe-c76293b91720:group-5A8458C17090 ConfigurationManager, init=-1: [faaae1d4-820a-4881-8cfe-c76293b91720:192.168.36.114:41147], old=null, confs=<EMPTY_MAP>
2019-09-12 11:30:41,563 [pool-104-thread-1] INFO  server.RaftServerConfigKeys (ConfUtils.java:logGet(43)) - raft.server.storage.dir = [/workdir/hadoop-ozone/integration-test/target/test-dir/MiniOzoneClusterImpl-299c34b2-84c4-4da4-b63e-5faf1abba283/datanode-7/data/ratis] (custom)
2019-09-12 11:30:41,564 [pool-104-thread-1] INFO  storage.RaftStorageDirectory (RaftStorageDirectory.java:analyzeStorage(246)) - The storage directory /workdir/hadoop-ozone/integration-test/target/test-dir/MiniOzoneClusterImpl-299c34b2-84c4-4da4-b63e-5faf1abba283/datanode-7/data/ratis/8a16bc48-0473-4d71-95e1-5a8458c17090 does not exist. Creating ...
2019-09-12 11:30:41,577 | INFO  | SCMAudit | user=jenkins1000 | ip=192.168.36.114 | op=SEND_HEARTBEAT {datanodeUUID=63a2c513-e651-4cfd-9092-3873a710e112, command=[]} | ret=SUCCESS |  
2019-09-12 11:30:41,593 [pool-104-thread-1] INFO  storage.RaftStorageDirectory (RaftStorageDirectory.java:tryLock(328)) - Lock on /workdir/hadoop-ozone/integration-test/target/test-dir/MiniOzoneClusterImpl-299c34b2-84c4-4da4-b63e-5faf1abba283/datanode-7/data/ratis/8a16bc48-0473-4d71-95e1-5a8458c17090/in_use.lock acquired by nodename 16167@pr-hdds-1569-58hkm-1881083799
2019-09-12 11:30:41,632 [pool-104-thread-1] INFO  storage.RaftStorage (RaftStorage.java:format(72)) - Storage directory /workdir/hadoop-ozone/integration-test/target/test-dir/MiniOzoneClusterImpl-299c34b2-84c4-4da4-b63e-5faf1abba283/datanode-7/data/ratis/8a16bc48-0473-4d71-95e1-5a8458c17090 has been successfully formatted.
2019-09-12 11:30:41,633 [pool-104-thread-1] INFO  ratis.ContainerStateMachine (ContainerStateMachine.java:loadSnapshot(226)) - group-5A8458C17090: The snapshot info is null. Setting the last applied indexto:(t:0, i:~)
2019-09-12 11:30:41,633 [pool-104-thread-1] INFO  server.RaftServerConfigKeys (ConfUtils.java:logGet(43)) - raft.server.leader.election.timeout = 120s (custom)
2019-09-12 11:30:41,633 [pool-104-thread-1] INFO  server.RaftServerConfigKeys (ConfUtils.java:logGet(43)) - raft.server.log.use.memory = false (default)
2019-09-12 11:30:41,633 [pool-104-thread-1] INFO  server.RaftServerConfigKeys (ConfUtils.java:logGet(43)) - raft.server.log.purge.gap = 1000000 (custom)
2019-09-12 11:30:41,633 [pool-104-thread-1] INFO  server.RaftServerConfigKeys (ConfUtils.java:logGet(43)) - raft.server.log.appender.buffer.byte-limit = 33554432 (custom)
2019-09-12 11:30:41,634 [pool-104-thread-1] INFO  server.RaftServerConfigKeys (ConfUtils.java:logGet(43)) - raft.server.log.segment.size.max = 1048576 (custom)
2019-09-12 11:30:41,634 [pool-104-thread-1] INFO  server.RaftServerConfigKeys (ConfUtils.java:logGet(43)) - raft.server.log.segment.cache.num.max = 2 (custom)
2019-09-12 11:30:41,634 [pool-104-thread-1] INFO  segmented.SegmentedRaftLogWorker (SegmentedRaftLogWorker.java:<init>(172)) - new faaae1d4-820a-4881-8cfe-c76293b91720-SegmentedRaftLogWorker:Storage Directory /workdir/hadoop-ozone/integration-test/target/test-dir/MiniOzoneClusterImpl-299c34b2-84c4-4da4-b63e-5faf1abba283/datanode-7/data/ratis/8a16bc48-0473-4d71-95e1-5a8458c17090 for RaftStorage:Storage Directory /workdir/hadoop-ozone/integration-test/target/test-dir/MiniOzoneClusterImpl-299c34b2-84c4-4da4-b63e-5faf1abba283/datanode-7/data/ratis/8a16bc48-0473-4d71-95e1-5a8458c17090
2019-09-12 11:30:41,634 [pool-104-thread-1] INFO  server.RaftServerConfigKeys (ConfUtils.java:logGet(43)) - raft.server.log.queue.byte-limit = 2147483647 (custom)
2019-09-12 11:30:41,634 [pool-104-thread-1] INFO  server.RaftServerConfigKeys (ConfUtils.java:logGet(43)) - raft.server.log.queue.element-limit = 1024 (custom)
2019-09-12 11:30:41,635 [pool-104-thread-1] INFO  server.RaftServerConfigKeys (ConfUtils.java:logGet(43)) - raft.server.log.segment.size.max = 1048576 (custom)
2019-09-12 11:30:41,635 [pool-104-thread-1] INFO  server.RaftServerConfigKeys (ConfUtils.java:logGet(43)) - raft.server.log.preallocated.size = 16384 (custom)
2019-09-12 11:30:41,635 [pool-104-thread-1] INFO  server.RaftServerConfigKeys (ConfUtils.java:logGet(43)) - raft.server.log.write.buffer.size = 33554432 (custom)
2019-09-12 11:30:41,635 [pool-104-thread-1] INFO  server.RaftServerConfigKeys (ConfUtils.java:logGet(43)) - raft.server.log.force.sync.num = 128 (default)
2019-09-12 11:30:41,635 [pool-104-thread-1] INFO  server.RaftServerConfigKeys (ConfUtils.java:logGet(43)) - raft.server.log.statemachine.data.sync = true (default)
2019-09-12 11:30:41,636 [pool-104-thread-1] INFO  server.RaftServerConfigKeys (ConfUtils.java:logGet(43)) - raft.server.log.statemachine.data.sync.timeout = 10s (default)
2019-09-12 11:30:41,636 [pool-104-thread-1] INFO  server.RaftServerConfigKeys (ConfUtils.java:logGet(43)) - raft.server.log.statemachine.data.sync.timeout.retry = -1 (default)
2019-09-12 11:30:41,636 [pool-104-thread-1] INFO  server.RaftServerConfigKeys (ConfUtils.java:logGet(43)) - raft.server.log.statemachine.data.caching.enabled = true (custom)
2019-09-12 11:30:41,637 [pool-104-thread-1] INFO  segmented.SegmentedRaftLogWorker (SegmentedRaftLogWorker.java:lambda$new$0(132)) - faaae1d4-820a-4881-8cfe-c76293b91720-SegmentedRaftLogWorker:Storage Directory /workdir/hadoop-ozone/integration-test/target/test-dir/MiniOzoneClusterImpl-299c34b2-84c4-4da4-b63e-5faf1abba283/datanode-7/data/ratis/8a16bc48-0473-4d71-95e1-5a8458c17090: flushIndex: setUnconditionally 0 -> -1
2019-09-12 11:30:41,637 [pool-104-thread-1] INFO  server.RaftServerConfigKeys (ConfUtils.java:logGet(43)) - raft.server.snapshot.auto.trigger.enabled = true (custom)
2019-09-12 11:30:41,637 [pool-104-thread-1] INFO  server.RaftServerConfigKeys (ConfUtils.java:logGet(43)) - raft.server.snapshot.auto.trigger.threshold = 10000 (custom)
2019-09-12 11:30:41,638 [pool-104-thread-1] INFO  server.RaftServerConfigKeys (ConfUtils.java:logGet(43)) - raft.server.retrycache.expirytime = 600000ms (custom)
2019-09-12 11:30:41,638 [pool-104-thread-1] INFO  impl.RaftServerImpl (RaftServerImpl.java:start(180)) - faaae1d4-820a-4881-8cfe-c76293b91720: start group-5A8458C17090
2019-09-12 11:30:41,638 [pool-104-thread-1] INFO  impl.RaftServerImpl (RaftServerImpl.java:setRole(171)) - faaae1d4-820a-4881-8cfe-c76293b91720:group-5A8458C17090 changes role from null to FOLLOWER at term 0 for startAsFollower
2019-09-12 11:30:41,638 [pool-104-thread-1] INFO  impl.RoleInfo (RoleInfo.java:updateAndGet(143)) - faaae1d4-820a-4881-8cfe-c76293b91720: start FollowerState
2019-09-12 11:30:41,639 [pool-104-thread-1] INFO  util.JmxRegister (JmxRegister.java:tryRegister(44)) - Successfully registered JMX Bean with object name Ratis:service=RaftServer,group=group-5A8458C17090,id=faaae1d4-820a-4881-8cfe-c76293b91720
2019-09-12 11:30:41,643 [RatisPipelineUtilsThread] INFO  pipeline.PipelineStateManager (PipelineStateManager.java:addPipeline(56)) - Created pipeline Pipeline[ Id: 8a16bc48-0473-4d71-95e1-5a8458c17090, Nodes: faaae1d4-820a-4881-8cfe-c76293b91720{ip: 192.168.36.114, host: pr-hdds-1569-58hkm-1881083799, networkLocation: /default-rack, certSerialId: null}, Type:RATIS, Factor:ONE, State:OPEN]
2019-09-12 11:30:41,644 [RatisPipelineUtilsThread] ERROR pipeline.PipelinePlacementPolicy (PipelinePlacementPolicy.java:meetCriteria(92)) - Pipeline Placement: Doesn't meet the criteria to be viable node. Heaviness: 6
2019-09-12 11:30:41,644 [RatisPipelineUtilsThread] ERROR pipeline.PipelinePlacementPolicy (PipelinePlacementPolicy.java:meetCriteria(92)) - Pipeline Placement: Doesn't meet the criteria to be viable node. Heaviness: 6
2019-09-12 11:30:41,644 [RatisPipelineUtilsThread] ERROR pipeline.PipelinePlacementPolicy (PipelinePlacementPolicy.java:meetCriteria(92)) - Pipeline Placement: Doesn't meet the criteria to be viable node. Heaviness: 6
2019-09-12 11:30:41,644 [RatisPipelineUtilsThread] ERROR pipeline.PipelinePlacementPolicy (PipelinePlacementPolicy.java:meetCriteria(92)) - Pipeline Placement: Doesn't meet the criteria to be viable node. Heaviness: 6
2019-09-12 11:30:41,645 [RatisPipelineUtilsThread] ERROR pipeline.PipelinePlacementPolicy (PipelinePlacementPolicy.java:meetCriteria(92)) - Pipeline Placement: Doesn't meet the criteria to be viable node. Heaviness: 6
2019-09-12 11:30:41,652 [grpc-default-executor-0] INFO  impl.RaftServerProxy (RaftServerProxy.java:addNew(89)) - dae80834-da68-4cdc-a6d1-3e383ebcc721: addNew group-7F6ABA648113:[dae80834-da68-4cdc-a6d1-3e383ebcc721:192.168.36.114:33665] returns group-7F6ABA648113:java.util.concurrent.CompletableFuture@449c96de[Not completed]
2019-09-12 11:30:41,654 [pool-82-thread-1] INFO  impl.RaftServerImpl (RaftServerImpl.java:<init>(93)) - dae80834-da68-4cdc-a6d1-3e383ebcc721: new RaftServerImpl for group-7F6ABA648113:[dae80834-da68-4cdc-a6d1-3e383ebcc721:192.168.36.114:33665] with ContainerStateMachine:uninitialized
2019-09-12 11:30:41,654 [pool-82-thread-1] INFO  server.RaftServerConfigKeys (ConfUtils.java:logGet(43)) - raft.server.rpc.timeout.min = 5s (custom)
2019-09-12 11:30:41,654 [pool-82-thread-1] INFO  server.RaftServerConfigKeys (ConfUtils.java:logGet(43)) - raft.server.rpc.timeout.max = 5200ms (custom)
2019-09-12 11:30:41,654 [pool-82-thread-1] INFO  server.RaftServerConfigKeys (ConfUtils.java:logGet(43)) - raft.server.rpcslowness.timeout = 120s (custom)
2019-09-12 11:30:41,654 [pool-82-thread-1] INFO  server.RaftServerConfigKeys (ConfUtils.java:logGet(43)) - raft.server.sleep.deviation.threshold = 300 (default)
2019-09-12 11:30:41,655 [pool-82-thread-1] INFO  server.RaftServerConfigKeys (ConfUtils.java:logGet(43)) - raft.server.log.appender.install.snapshot.enabled = false (custom)
2019-09-12 11:30:41,655 [pool-82-thread-1] INFO  impl.RaftServerImpl (ServerState.java:<init>(105)) - dae80834-da68-4cdc-a6d1-3e383ebcc721:group-7F6ABA648113 ConfigurationManager, init=-1: [dae80834-da68-4cdc-a6d1-3e383ebcc721:192.168.36.114:33665], old=null, confs=<EMPTY_MAP>
2019-09-12 11:30:41,655 [pool-82-thread-1] INFO  server.RaftServerConfigKeys (ConfUtils.java:logGet(43)) - raft.server.storage.dir = [/workdir/hadoop-ozone/integration-test/target/test-dir/MiniOzoneClusterImpl-299c34b2-84c4-4da4-b63e-5faf1abba283/datanode-5/data/ratis] (custom)
2019-09-12 11:30:41,655 [pool-82-thread-1] INFO  storage.RaftStorageDirectory (RaftStorageDirectory.java:analyzeStorage(246)) - The storage directory /workdir/hadoop-ozone/integration-test/target/test-dir/MiniOzoneClusterImpl-299c34b2-84c4-4da4-b63e-5faf1abba283/datanode-5/data/ratis/8505ccb1-40ef-419b-9d4b-7f6aba648113 does not exist. Creating ...
2019-09-12 11:30:41,668 [pool-82-thread-1] INFO  storage.RaftStorageDirectory (RaftStorageDirectory.java:tryLock(328)) - Lock on /workdir/hadoop-ozone/integration-test/target/test-dir/MiniOzoneClusterImpl-299c34b2-84c4-4da4-b63e-5faf1abba283/datanode-5/data/ratis/8505ccb1-40ef-419b-9d4b-7f6aba648113/in_use.lock acquired by nodename 16167@pr-hdds-1569-58hkm-1881083799
2019-09-12 11:30:41,681 [pool-82-thread-1] INFO  storage.RaftStorage (RaftStorage.java:format(72)) - Storage directory /workdir/hadoop-ozone/integration-test/target/test-dir/MiniOzoneClusterImpl-299c34b2-84c4-4da4-b63e-5faf1abba283/datanode-5/data/ratis/8505ccb1-40ef-419b-9d4b-7f6aba648113 has been successfully formatted.
2019-09-12 11:30:41,682 [pool-82-thread-1] INFO  ratis.ContainerStateMachine (ContainerStateMachine.java:loadSnapshot(226)) - group-7F6ABA648113: The snapshot info is null. Setting the last applied indexto:(t:0, i:~)
2019-09-12 11:30:41,682 [pool-82-thread-1] INFO  server.RaftServerConfigKeys (ConfUtils.java:logGet(43)) - raft.server.leader.election.timeout = 120s (custom)
2019-09-12 11:30:41,682 [pool-82-thread-1] INFO  server.RaftServerConfigKeys (ConfUtils.java:logGet(43)) - raft.server.log.use.memory = false (default)
2019-09-12 11:30:41,682 [pool-82-thread-1] INFO  server.RaftServerConfigKeys (ConfUtils.java:logGet(43)) - raft.server.log.purge.gap = 1000000 (custom)
2019-09-12 11:30:41,682 [pool-82-thread-1] INFO  server.RaftServerConfigKeys (ConfUtils.java:logGet(43)) - raft.server.log.appender.buffer.byte-limit = 33554432 (custom)
2019-09-12 11:30:41,683 [pool-82-thread-1] INFO  server.RaftServerConfigKeys (ConfUtils.java:logGet(43)) - raft.server.log.segment.size.max = 1048576 (custom)
2019-09-12 11:30:41,683 [pool-82-thread-1] INFO  server.RaftServerConfigKeys (ConfUtils.java:logGet(43)) - raft.server.log.segment.cache.num.max = 2 (custom)
2019-09-12 11:30:41,683 [pool-82-thread-1] INFO  segmented.SegmentedRaftLogWorker (SegmentedRaftLogWorker.java:<init>(172)) - new dae80834-da68-4cdc-a6d1-3e383ebcc721-SegmentedRaftLogWorker:Storage Directory /workdir/hadoop-ozone/integration-test/target/test-dir/MiniOzoneClusterImpl-299c34b2-84c4-4da4-b63e-5faf1abba283/datanode-5/data/ratis/8505ccb1-40ef-419b-9d4b-7f6aba648113 for RaftStorage:Storage Directory /workdir/hadoop-ozone/integration-test/target/test-dir/MiniOzoneClusterImpl-299c34b2-84c4-4da4-b63e-5faf1abba283/datanode-5/data/ratis/8505ccb1-40ef-419b-9d4b-7f6aba648113
2019-09-12 11:30:41,683 [pool-82-thread-1] INFO  server.RaftServerConfigKeys (ConfUtils.java:logGet(43)) - raft.server.log.queue.byte-limit = 2147483647 (custom)
2019-09-12 11:30:41,684 [pool-82-thread-1] INFO  server.RaftServerConfigKeys (ConfUtils.java:logGet(43)) - raft.server.log.queue.element-limit = 1024 (custom)
2019-09-12 11:30:41,684 [pool-82-thread-1] INFO  server.RaftServerConfigKeys (ConfUtils.java:logGet(43)) - raft.server.log.segment.size.max = 1048576 (custom)
2019-09-12 11:30:41,684 [pool-82-thread-1] INFO  server.RaftServerConfigKeys (ConfUtils.java:logGet(43)) - raft.server.log.preallocated.size = 16384 (custom)
2019-09-12 11:30:41,684 [pool-82-thread-1] INFO  server.RaftServerConfigKeys (ConfUtils.java:logGet(43)) - raft.server.log.write.buffer.size = 33554432 (custom)
2019-09-12 11:30:41,684 [pool-82-thread-1] INFO  server.RaftServerConfigKeys (ConfUtils.java:logGet(43)) - raft.server.log.force.sync.num = 128 (default)
2019-09-12 11:30:41,685 [pool-82-thread-1] INFO  server.RaftServerConfigKeys (ConfUtils.java:logGet(43)) - raft.server.log.statemachine.data.sync = true (default)
2019-09-12 11:30:41,685 [pool-82-thread-1] INFO  server.RaftServerConfigKeys (ConfUtils.java:logGet(43)) - raft.server.log.statemachine.data.sync.timeout = 10s (default)
2019-09-12 11:30:41,685 [pool-82-thread-1] INFO  server.RaftServerConfigKeys (ConfUtils.java:logGet(43)) - raft.server.log.statemachine.data.sync.timeout.retry = -1 (default)
2019-09-12 11:30:41,685 [pool-82-thread-1] INFO  server.RaftServerConfigKeys (ConfUtils.java:logGet(43)) - raft.server.log.statemachine.data.caching.enabled = true (custom)
2019-09-12 11:30:41,686 [pool-82-thread-1] INFO  segmented.SegmentedRaftLogWorker (SegmentedRaftLogWorker.java:lambda$new$0(132)) - dae80834-da68-4cdc-a6d1-3e383ebcc721-SegmentedRaftLogWorker:Storage Directory /workdir/hadoop-ozone/integration-test/target/test-dir/MiniOzoneClusterImpl-299c34b2-84c4-4da4-b63e-5faf1abba283/datanode-5/data/ratis/8505ccb1-40ef-419b-9d4b-7f6aba648113: flushIndex: setUnconditionally 0 -> -1
2019-09-12 11:30:41,686 [pool-82-thread-1] INFO  server.RaftServerConfigKeys (ConfUtils.java:logGet(43)) - raft.server.snapshot.auto.trigger.enabled = true (custom)
2019-09-12 11:30:41,687 [pool-82-thread-1] INFO  server.RaftServerConfigKeys (ConfUtils.java:logGet(43)) - raft.server.snapshot.auto.trigger.threshold = 10000 (custom)
2019-09-12 11:30:41,687 [pool-82-thread-1] INFO  server.RaftServerConfigKeys (ConfUtils.java:logGet(43)) - raft.server.retrycache.expirytime = 600000ms (custom)
2019-09-12 11:30:41,687 [pool-82-thread-1] INFO  impl.RaftServerImpl (RaftServerImpl.java:start(180)) - dae80834-da68-4cdc-a6d1-3e383ebcc721: start group-7F6ABA648113
2019-09-12 11:30:41,687 [pool-82-thread-1] INFO  impl.RaftServerImpl (RaftServerImpl.java:setRole(171)) - dae80834-da68-4cdc-a6d1-3e383ebcc721:group-7F6ABA648113 changes role from null to FOLLOWER at term 0 for startAsFollower
2019-09-12 11:30:41,688 [pool-82-thread-1] INFO  impl.RoleInfo (RoleInfo.java:updateAndGet(143)) - dae80834-da68-4cdc-a6d1-3e383ebcc721: start FollowerState
2019-09-12 11:30:41,688 [pool-82-thread-1] INFO  util.JmxRegister (JmxRegister.java:tryRegister(44)) - Successfully registered JMX Bean with object name Ratis:service=RaftServer,group=group-7F6ABA648113,id=dae80834-da68-4cdc-a6d1-3e383ebcc721
2019-09-12 11:30:41,692 [RatisPipelineUtilsThread] INFO  pipeline.PipelineStateManager (PipelineStateManager.java:addPipeline(56)) - Created pipeline Pipeline[ Id: 8505ccb1-40ef-419b-9d4b-7f6aba648113, Nodes: dae80834-da68-4cdc-a6d1-3e383ebcc721{ip: 192.168.36.114, host: pr-hdds-1569-58hkm-1881083799, networkLocation: /default-rack, certSerialId: null}, Type:RATIS, Factor:ONE, State:OPEN]
2019-09-12 11:30:41,692 [RatisPipelineUtilsThread] ERROR pipeline.PipelinePlacementPolicy (PipelinePlacementPolicy.java:meetCriteria(92)) - Pipeline Placement: Doesn't meet the criteria to be viable node. Heaviness: 6
2019-09-12 11:30:41,693 [RatisPipelineUtilsThread] ERROR pipeline.PipelinePlacementPolicy (PipelinePlacementPolicy.java:meetCriteria(92)) - Pipeline Placement: Doesn't meet the criteria to be viable node. Heaviness: 6
2019-09-12 11:30:41,693 [RatisPipelineUtilsThread] ERROR pipeline.PipelinePlacementPolicy (PipelinePlacementPolicy.java:meetCriteria(92)) - Pipeline Placement: Doesn't meet the criteria to be viable node. Heaviness: 6
2019-09-12 11:30:41,693 [RatisPipelineUtilsThread] ERROR pipeline.PipelinePlacementPolicy (PipelinePlacementPolicy.java:meetCriteria(92)) - Pipeline Placement: Doesn't meet the criteria to be viable node. Heaviness: 6
2019-09-12 11:30:41,693 [RatisPipelineUtilsThread] ERROR pipeline.PipelinePlacementPolicy (PipelinePlacementPolicy.java:meetCriteria(92)) - Pipeline Placement: Doesn't meet the criteria to be viable node. Heaviness: 6
2019-09-12 11:30:41,701 [grpc-default-executor-0] INFO  impl.RaftServerProxy (RaftServerProxy.java:addNew(89)) - 63a2c513-e651-4cfd-9092-3873a710e112: addNew group-6A80311AD8B4:[63a2c513-e651-4cfd-9092-3873a710e112:192.168.36.114:37233] returns group-6A80311AD8B4:java.util.concurrent.CompletableFuture@5cd7c12e[Not completed]
2019-09-12 11:30:41,702 [pool-93-thread-1] INFO  impl.RaftServerImpl (RaftServerImpl.java:<init>(93)) - 63a2c513-e651-4cfd-9092-3873a710e112: new RaftServerImpl for group-6A80311AD8B4:[63a2c513-e651-4cfd-9092-3873a710e112:192.168.36.114:37233] with ContainerStateMachine:uninitialized
2019-09-12 11:30:41,703 [pool-93-thread-1] INFO  server.RaftServerConfigKeys (ConfUtils.java:logGet(43)) - raft.server.rpc.timeout.min = 5s (custom)
2019-09-12 11:30:41,703 [pool-93-thread-1] INFO  server.RaftServerConfigKeys (ConfUtils.java:logGet(43)) - raft.server.rpc.timeout.max = 5200ms (custom)
2019-09-12 11:30:41,703 [pool-93-thread-1] INFO  server.RaftServerConfigKeys (ConfUtils.java:logGet(43)) - raft.server.rpcslowness.timeout = 120s (custom)
2019-09-12 11:30:41,703 [pool-93-thread-1] INFO  server.RaftServerConfigKeys (ConfUtils.java:logGet(43)) - raft.server.sleep.deviation.threshold = 300 (default)
2019-09-12 11:30:41,703 [pool-93-thread-1] INFO  server.RaftServerConfigKeys (ConfUtils.java:logGet(43)) - raft.server.log.appender.install.snapshot.enabled = false (custom)
2019-09-12 11:30:41,703 [pool-93-thread-1] INFO  impl.RaftServerImpl (ServerState.java:<init>(105)) - 63a2c513-e651-4cfd-9092-3873a710e112:group-6A80311AD8B4 ConfigurationManager, init=-1: [63a2c513-e651-4cfd-9092-3873a710e112:192.168.36.114:37233], old=null, confs=<EMPTY_MAP>
2019-09-12 11:30:41,704 [pool-93-thread-1] INFO  server.RaftServerConfigKeys (ConfUtils.java:logGet(43)) - raft.server.storage.dir = [/workdir/hadoop-ozone/integration-test/target/test-dir/MiniOzoneClusterImpl-299c34b2-84c4-4da4-b63e-5faf1abba283/datanode-6/data/ratis] (custom)
2019-09-12 11:30:41,704 [pool-93-thread-1] INFO  storage.RaftStorageDirectory (RaftStorageDirectory.java:analyzeStorage(246)) - The storage directory /workdir/hadoop-ozone/integration-test/target/test-dir/MiniOzoneClusterImpl-299c34b2-84c4-4da4-b63e-5faf1abba283/datanode-6/data/ratis/c2a904b9-2ed1-4ac0-8119-6a80311ad8b4 does not exist. Creating ...
2019-09-12 11:30:41,717 [pool-93-thread-1] INFO  storage.RaftStorageDirectory (RaftStorageDirectory.java:tryLock(328)) - Lock on /workdir/hadoop-ozone/integration-test/target/test-dir/MiniOzoneClusterImpl-299c34b2-84c4-4da4-b63e-5faf1abba283/datanode-6/data/ratis/c2a904b9-2ed1-4ac0-8119-6a80311ad8b4/in_use.lock acquired by nodename 16167@pr-hdds-1569-58hkm-1881083799
2019-09-12 11:30:41,730 [pool-93-thread-1] INFO  storage.RaftStorage (RaftStorage.java:format(72)) - Storage directory /workdir/hadoop-ozone/integration-test/target/test-dir/MiniOzoneClusterImpl-299c34b2-84c4-4da4-b63e-5faf1abba283/datanode-6/data/ratis/c2a904b9-2ed1-4ac0-8119-6a80311ad8b4 has been successfully formatted.
2019-09-12 11:30:41,730 [pool-93-thread-1] INFO  ratis.ContainerStateMachine (ContainerStateMachine.java:loadSnapshot(226)) - group-6A80311AD8B4: The snapshot info is null. Setting the last applied indexto:(t:0, i:~)
2019-09-12 11:30:41,731 [pool-93-thread-1] INFO  server.RaftServerConfigKeys (ConfUtils.java:logGet(43)) - raft.server.leader.election.timeout = 120s (custom)
2019-09-12 11:30:41,731 [pool-93-thread-1] INFO  server.RaftServerConfigKeys (ConfUtils.java:logGet(43)) - raft.server.log.use.memory = false (default)
2019-09-12 11:30:41,731 [pool-93-thread-1] INFO  server.RaftServerConfigKeys (ConfUtils.java:logGet(43)) - raft.server.log.purge.gap = 1000000 (custom)
2019-09-12 11:30:41,731 [pool-93-thread-1] INFO  server.RaftServerConfigKeys (ConfUtils.java:logGet(43)) - raft.server.log.appender.buffer.byte-limit = 33554432 (custom)
2019-09-12 11:30:41,731 [pool-93-thread-1] INFO  server.RaftServerConfigKeys (ConfUtils.java:logGet(43)) - raft.server.log.segment.size.max = 1048576 (custom)
2019-09-12 11:30:41,732 [pool-93-thread-1] INFO  server.RaftServerConfigKeys (ConfUtils.java:logGet(43)) - raft.server.log.segment.cache.num.max = 2 (custom)
2019-09-12 11:30:41,732 [pool-93-thread-1] INFO  segmented.SegmentedRaftLogWorker (SegmentedRaftLogWorker.java:<init>(172)) - new 63a2c513-e651-4cfd-9092-3873a710e112-SegmentedRaftLogWorker:Storage Directory /workdir/hadoop-ozone/integration-test/target/test-dir/MiniOzoneClusterImpl-299c34b2-84c4-4da4-b63e-5faf1abba283/datanode-6/data/ratis/c2a904b9-2ed1-4ac0-8119-6a80311ad8b4 for RaftStorage:Storage Directory /workdir/hadoop-ozone/integration-test/target/test-dir/MiniOzoneClusterImpl-299c34b2-84c4-4da4-b63e-5faf1abba283/datanode-6/data/ratis/c2a904b9-2ed1-4ac0-8119-6a80311ad8b4
2019-09-12 11:30:41,732 [pool-93-thread-1] INFO  server.RaftServerConfigKeys (ConfUtils.java:logGet(43)) - raft.server.log.queue.byte-limit = 2147483647 (custom)
2019-09-12 11:30:41,732 [pool-93-thread-1] INFO  server.RaftServerConfigKeys (ConfUtils.java:logGet(43)) - raft.server.log.queue.element-limit = 1024 (custom)
2019-09-12 11:30:41,732 [pool-93-thread-1] INFO  server.RaftServerConfigKeys (ConfUtils.java:logGet(43)) - raft.server.log.segment.size.max = 1048576 (custom)
2019-09-12 11:30:41,732 [pool-93-thread-1] INFO  server.RaftServerConfigKeys (ConfUtils.java:logGet(43)) - raft.server.log.preallocated.size = 16384 (custom)
2019-09-12 11:30:41,733 [pool-93-thread-1] INFO  server.RaftServerConfigKeys (ConfUtils.java:logGet(43)) - raft.server.log.write.buffer.size = 33554432 (custom)
2019-09-12 11:30:41,733 [pool-93-thread-1] INFO  server.RaftServerConfigKeys (ConfUtils.java:logGet(43)) - raft.server.log.force.sync.num = 128 (default)
2019-09-12 11:30:41,733 [pool-93-thread-1] INFO  server.RaftServerConfigKeys (ConfUtils.java:logGet(43)) - raft.server.log.statemachine.data.sync = true (default)
2019-09-12 11:30:41,733 [pool-93-thread-1] INFO  server.RaftServerConfigKeys (ConfUtils.java:logGet(43)) - raft.server.log.statemachine.data.sync.timeout = 10s (default)
2019-09-12 11:30:41,733 [pool-93-thread-1] INFO  server.RaftServerConfigKeys (ConfUtils.java:logGet(43)) - raft.server.log.statemachine.data.sync.timeout.retry = -1 (default)
2019-09-12 11:30:41,734 [pool-93-thread-1] INFO  server.RaftServerConfigKeys (ConfUtils.java:logGet(43)) - raft.server.log.statemachine.data.caching.enabled = true (custom)
2019-09-12 11:30:41,734 [pool-93-thread-1] INFO  segmented.SegmentedRaftLogWorker (SegmentedRaftLogWorker.java:lambda$new$0(132)) - 63a2c513-e651-4cfd-9092-3873a710e112-SegmentedRaftLogWorker:Storage Directory /workdir/hadoop-ozone/integration-test/target/test-dir/MiniOzoneClusterImpl-299c34b2-84c4-4da4-b63e-5faf1abba283/datanode-6/data/ratis/c2a904b9-2ed1-4ac0-8119-6a80311ad8b4: flushIndex: setUnconditionally 0 -> -1
2019-09-12 11:30:41,734 [pool-93-thread-1] INFO  server.RaftServerConfigKeys (ConfUtils.java:logGet(43)) - raft.server.snapshot.auto.trigger.enabled = true (custom)
2019-09-12 11:30:41,735 [pool-93-thread-1] INFO  server.RaftServerConfigKeys (ConfUtils.java:logGet(43)) - raft.server.snapshot.auto.trigger.threshold = 10000 (custom)
2019-09-12 11:30:41,735 [pool-93-thread-1] INFO  server.RaftServerConfigKeys (ConfUtils.java:logGet(43)) - raft.server.retrycache.expirytime = 600000ms (custom)
2019-09-12 11:30:41,735 [pool-93-thread-1] INFO  impl.RaftServerImpl (RaftServerImpl.java:start(180)) - 63a2c513-e651-4cfd-9092-3873a710e112: start group-6A80311AD8B4
2019-09-12 11:30:41,735 [pool-93-thread-1] INFO  impl.RaftServerImpl (RaftServerImpl.java:setRole(171)) - 63a2c513-e651-4cfd-9092-3873a710e112:group-6A80311AD8B4 changes role from null to FOLLOWER at term 0 for startAsFollower
2019-09-12 11:30:41,735 [pool-93-thread-1] INFO  impl.RoleInfo (RoleInfo.java:updateAndGet(143)) - 63a2c513-e651-4cfd-9092-3873a710e112: start FollowerState
2019-09-12 11:30:41,736 [pool-93-thread-1] INFO  util.JmxRegister (JmxRegister.java:tryRegister(44)) - Successfully registered JMX Bean with object name Ratis:service=RaftServer,group=group-6A80311AD8B4,id=63a2c513-e651-4cfd-9092-3873a710e112
2019-09-12 11:30:41,741 [RatisPipelineUtilsThread] INFO  pipeline.PipelineStateManager (PipelineStateManager.java:addPipeline(56)) - Created pipeline Pipeline[ Id: c2a904b9-2ed1-4ac0-8119-6a80311ad8b4, Nodes: 63a2c513-e651-4cfd-9092-3873a710e112{ip: 192.168.36.114, host: pr-hdds-1569-58hkm-1881083799, networkLocation: /default-rack, certSerialId: null}, Type:RATIS, Factor:ONE, State:OPEN]
2019-09-12 11:30:41,741 [RatisPipelineUtilsThread] ERROR pipeline.PipelinePlacementPolicy (PipelinePlacementPolicy.java:meetCriteria(92)) - Pipeline Placement: Doesn't meet the criteria to be viable node. Heaviness: 6
2019-09-12 11:30:41,741 [RatisPipelineUtilsThread] ERROR pipeline.PipelinePlacementPolicy (PipelinePlacementPolicy.java:meetCriteria(92)) - Pipeline Placement: Doesn't meet the criteria to be viable node. Heaviness: 6
2019-09-12 11:30:41,741 [RatisPipelineUtilsThread] ERROR pipeline.PipelinePlacementPolicy (PipelinePlacementPolicy.java:meetCriteria(92)) - Pipeline Placement: Doesn't meet the criteria to be viable node. Heaviness: 6
2019-09-12 11:30:41,741 [RatisPipelineUtilsThread] ERROR pipeline.PipelinePlacementPolicy (PipelinePlacementPolicy.java:meetCriteria(92)) - Pipeline Placement: Doesn't meet the criteria to be viable node. Heaviness: 6
2019-09-12 11:30:41,742 [RatisPipelineUtilsThread] ERROR pipeline.PipelinePlacementPolicy (PipelinePlacementPolicy.java:meetCriteria(92)) - Pipeline Placement: Doesn't meet the criteria to be viable node. Heaviness: 6
2019-09-12 11:30:41,748 [grpc-default-executor-0] INFO  impl.RaftServerProxy (RaftServerProxy.java:addNew(89)) - faaae1d4-820a-4881-8cfe-c76293b91720: addNew group-3456296AC179:[faaae1d4-820a-4881-8cfe-c76293b91720:192.168.36.114:41147] returns group-3456296AC179:java.util.concurrent.CompletableFuture@5d1a053b[Not completed]
2019-09-12 11:30:41,750 [pool-104-thread-1] INFO  impl.RaftServerImpl (RaftServerImpl.java:<init>(93)) - faaae1d4-820a-4881-8cfe-c76293b91720: new RaftServerImpl for group-3456296AC179:[faaae1d4-820a-4881-8cfe-c76293b91720:192.168.36.114:41147] with ContainerStateMachine:uninitialized
2019-09-12 11:30:41,750 [pool-104-thread-1] INFO  server.RaftServerConfigKeys (ConfUtils.java:logGet(43)) - raft.server.rpc.timeout.min = 5s (custom)
2019-09-12 11:30:41,750 [pool-104-thread-1] INFO  server.RaftServerConfigKeys (ConfUtils.java:logGet(43)) - raft.server.rpc.timeout.max = 5200ms (custom)
2019-09-12 11:30:41,750 [pool-104-thread-1] INFO  server.RaftServerConfigKeys (ConfUtils.java:logGet(43)) - raft.server.rpcslowness.timeout = 120s (custom)
2019-09-12 11:30:41,750 [pool-104-thread-1] INFO  server.RaftServerConfigKeys (ConfUtils.java:logGet(43)) - raft.server.sleep.deviation.threshold = 300 (default)
2019-09-12 11:30:41,750 [pool-104-thread-1] INFO  server.RaftServerConfigKeys (ConfUtils.java:logGet(43)) - raft.server.log.appender.install.snapshot.enabled = false (custom)
2019-09-12 11:30:41,751 [pool-104-thread-1] INFO  impl.RaftServerImpl (ServerState.java:<init>(105)) - faaae1d4-820a-4881-8cfe-c76293b91720:group-3456296AC179 ConfigurationManager, init=-1: [faaae1d4-820a-4881-8cfe-c76293b91720:192.168.36.114:41147], old=null, confs=<EMPTY_MAP>
2019-09-12 11:30:41,751 [pool-104-thread-1] INFO  server.RaftServerConfigKeys (ConfUtils.java:logGet(43)) - raft.server.storage.dir = [/workdir/hadoop-ozone/integration-test/target/test-dir/MiniOzoneClusterImpl-299c34b2-84c4-4da4-b63e-5faf1abba283/datanode-7/data/ratis] (custom)
2019-09-12 11:30:41,751 [pool-104-thread-1] INFO  storage.RaftStorageDirectory (RaftStorageDirectory.java:analyzeStorage(246)) - The storage directory /workdir/hadoop-ozone/integration-test/target/test-dir/MiniOzoneClusterImpl-299c34b2-84c4-4da4-b63e-5faf1abba283/datanode-7/data/ratis/2394c7b4-7363-4d4c-bd93-3456296ac179 does not exist. Creating ...
2019-09-12 11:30:41,764 [pool-104-thread-1] INFO  storage.RaftStorageDirectory (RaftStorageDirectory.java:tryLock(328)) - Lock on /workdir/hadoop-ozone/integration-test/target/test-dir/MiniOzoneClusterImpl-299c34b2-84c4-4da4-b63e-5faf1abba283/datanode-7/data/ratis/2394c7b4-7363-4d4c-bd93-3456296ac179/in_use.lock acquired by nodename 16167@pr-hdds-1569-58hkm-1881083799
2019-09-12 11:30:41,777 [pool-104-thread-1] INFO  storage.RaftStorage (RaftStorage.java:format(72)) - Storage directory /workdir/hadoop-ozone/integration-test/target/test-dir/MiniOzoneClusterImpl-299c34b2-84c4-4da4-b63e-5faf1abba283/datanode-7/data/ratis/2394c7b4-7363-4d4c-bd93-3456296ac179 has been successfully formatted.
2019-09-12 11:30:41,778 [pool-104-thread-1] INFO  ratis.ContainerStateMachine (ContainerStateMachine.java:loadSnapshot(226)) - group-3456296AC179: The snapshot info is null. Setting the last applied indexto:(t:0, i:~)
2019-09-12 11:30:41,778 [pool-104-thread-1] INFO  server.RaftServerConfigKeys (ConfUtils.java:logGet(43)) - raft.server.leader.election.timeout = 120s (custom)
2019-09-12 11:30:41,778 [pool-104-thread-1] INFO  server.RaftServerConfigKeys (ConfUtils.java:logGet(43)) - raft.server.log.use.memory = false (default)
2019-09-12 11:30:41,778 [pool-104-thread-1] INFO  server.RaftServerConfigKeys (ConfUtils.java:logGet(43)) - raft.server.log.purge.gap = 1000000 (custom)
2019-09-12 11:30:41,779 [pool-104-thread-1] INFO  server.RaftServerConfigKeys (ConfUtils.java:logGet(43)) - raft.server.log.appender.buffer.byte-limit = 33554432 (custom)
2019-09-12 11:30:41,779 [pool-104-thread-1] INFO  server.RaftServerConfigKeys (ConfUtils.java:logGet(43)) - raft.server.log.segment.size.max = 1048576 (custom)
2019-09-12 11:30:41,779 [pool-104-thread-1] INFO  server.RaftServerConfigKeys (ConfUtils.java:logGet(43)) - raft.server.log.segment.cache.num.max = 2 (custom)
2019-09-12 11:30:41,779 [pool-104-thread-1] INFO  segmented.SegmentedRaftLogWorker (SegmentedRaftLogWorker.java:<init>(172)) - new faaae1d4-820a-4881-8cfe-c76293b91720-SegmentedRaftLogWorker:Storage Directory /workdir/hadoop-ozone/integration-test/target/test-dir/MiniOzoneClusterImpl-299c34b2-84c4-4da4-b63e-5faf1abba283/datanode-7/data/ratis/2394c7b4-7363-4d4c-bd93-3456296ac179 for RaftStorage:Storage Directory /workdir/hadoop-ozone/integration-test/target/test-dir/MiniOzoneClusterImpl-299c34b2-84c4-4da4-b63e-5faf1abba283/datanode-7/data/ratis/2394c7b4-7363-4d4c-bd93-3456296ac179
2019-09-12 11:30:41,779 [pool-104-thread-1] INFO  server.RaftServerConfigKeys (ConfUtils.java:logGet(43)) - raft.server.log.queue.byte-limit = 2147483647 (custom)
2019-09-12 11:30:41,780 [pool-104-thread-1] INFO  server.RaftServerConfigKeys (ConfUtils.java:logGet(43)) - raft.server.log.queue.element-limit = 1024 (custom)
2019-09-12 11:30:41,780 [pool-104-thread-1] INFO  server.RaftServerConfigKeys (ConfUtils.java:logGet(43)) - raft.server.log.segment.size.max = 1048576 (custom)
2019-09-12 11:30:41,780 [pool-104-thread-1] INFO  server.RaftServerConfigKeys (ConfUtils.java:logGet(43)) - raft.server.log.preallocated.size = 16384 (custom)
2019-09-12 11:30:41,780 [pool-104-thread-1] INFO  server.RaftServerConfigKeys (ConfUtils.java:logGet(43)) - raft.server.log.write.buffer.size = 33554432 (custom)
2019-09-12 11:30:41,780 [pool-104-thread-1] INFO  server.RaftServerConfigKeys (ConfUtils.java:logGet(43)) - raft.server.log.force.sync.num = 128 (default)
2019-09-12 11:30:41,781 [pool-104-thread-1] INFO  server.RaftServerConfigKeys (ConfUtils.java:logGet(43)) - raft.server.log.statemachine.data.sync = true (default)
2019-09-12 11:30:41,781 [pool-104-thread-1] INFO  server.RaftServerConfigKeys (ConfUtils.java:logGet(43)) - raft.server.log.statemachine.data.sync.timeout = 10s (default)
2019-09-12 11:30:41,781 [pool-104-thread-1] INFO  server.RaftServerConfigKeys (ConfUtils.java:logGet(43)) - raft.server.log.statemachine.data.sync.timeout.retry = -1 (default)
2019-09-12 11:30:41,781 [pool-104-thread-1] INFO  server.RaftServerConfigKeys (ConfUtils.java:logGet(43)) - raft.server.log.statemachine.data.caching.enabled = true (custom)
2019-09-12 11:30:41,782 [pool-104-thread-1] INFO  segmented.SegmentedRaftLogWorker (SegmentedRaftLogWorker.java:lambda$new$0(132)) - faaae1d4-820a-4881-8cfe-c76293b91720-SegmentedRaftLogWorker:Storage Directory /workdir/hadoop-ozone/integration-test/target/test-dir/MiniOzoneClusterImpl-299c34b2-84c4-4da4-b63e-5faf1abba283/datanode-7/data/ratis/2394c7b4-7363-4d4c-bd93-3456296ac179: flushIndex: setUnconditionally 0 -> -1
2019-09-12 11:30:41,782 [pool-104-thread-1] INFO  server.RaftServerConfigKeys (ConfUtils.java:logGet(43)) - raft.server.snapshot.auto.trigger.enabled = true (custom)
2019-09-12 11:30:41,782 [pool-104-thread-1] INFO  server.RaftServerConfigKeys (ConfUtils.java:logGet(43)) - raft.server.snapshot.auto.trigger.threshold = 10000 (custom)
2019-09-12 11:30:41,782 [pool-104-thread-1] INFO  server.RaftServerConfigKeys (ConfUtils.java:logGet(43)) - raft.server.retrycache.expirytime = 600000ms (custom)
2019-09-12 11:30:41,783 [pool-104-thread-1] INFO  impl.RaftServerImpl (RaftServerImpl.java:start(180)) - faaae1d4-820a-4881-8cfe-c76293b91720: start group-3456296AC179
2019-09-12 11:30:41,783 [pool-104-thread-1] INFO  impl.RaftServerImpl (RaftServerImpl.java:setRole(171)) - faaae1d4-820a-4881-8cfe-c76293b91720:group-3456296AC179 changes role from null to FOLLOWER at term 0 for startAsFollower
2019-09-12 11:30:41,783 [pool-104-thread-1] INFO  impl.RoleInfo (RoleInfo.java:updateAndGet(143)) - faaae1d4-820a-4881-8cfe-c76293b91720: start FollowerState
2019-09-12 11:30:41,784 [pool-104-thread-1] INFO  util.JmxRegister (JmxRegister.java:tryRegister(44)) - Successfully registered JMX Bean with object name Ratis:service=RaftServer,group=group-3456296AC179,id=faaae1d4-820a-4881-8cfe-c76293b91720
2019-09-12 11:30:41,787 [RatisPipelineUtilsThread] INFO  pipeline.PipelineStateManager (PipelineStateManager.java:addPipeline(56)) - Created pipeline Pipeline[ Id: 2394c7b4-7363-4d4c-bd93-3456296ac179, Nodes: faaae1d4-820a-4881-8cfe-c76293b91720{ip: 192.168.36.114, host: pr-hdds-1569-58hkm-1881083799, networkLocation: /default-rack, certSerialId: null}, Type:RATIS, Factor:ONE, State:OPEN]
2019-09-12 11:30:41,787 [RatisPipelineUtilsThread] ERROR pipeline.PipelinePlacementPolicy (PipelinePlacementPolicy.java:meetCriteria(92)) - Pipeline Placement: Doesn't meet the criteria to be viable node. Heaviness: 6
2019-09-12 11:30:41,787 [RatisPipelineUtilsThread] ERROR pipeline.PipelinePlacementPolicy (PipelinePlacementPolicy.java:meetCriteria(92)) - Pipeline Placement: Doesn't meet the criteria to be viable node. Heaviness: 6
2019-09-12 11:30:41,788 [RatisPipelineUtilsThread] ERROR pipeline.PipelinePlacementPolicy (PipelinePlacementPolicy.java:meetCriteria(92)) - Pipeline Placement: Doesn't meet the criteria to be viable node. Heaviness: 6
2019-09-12 11:30:41,788 [RatisPipelineUtilsThread] ERROR pipeline.PipelinePlacementPolicy (PipelinePlacementPolicy.java:meetCriteria(92)) - Pipeline Placement: Doesn't meet the criteria to be viable node. Heaviness: 6
2019-09-12 11:30:41,788 [RatisPipelineUtilsThread] ERROR pipeline.PipelinePlacementPolicy (PipelinePlacementPolicy.java:meetCriteria(92)) - Pipeline Placement: Doesn't meet the criteria to be viable node. Heaviness: 6
2019-09-12 11:30:41,788 [RatisPipelineUtilsThread] ERROR pipeline.PipelinePlacementPolicy (PipelinePlacementPolicy.java:meetCriteria(92)) - Pipeline Placement: Doesn't meet the criteria to be viable node. Heaviness: 6
2019-09-12 11:30:41,791 | INFO  | SCMAudit | user=jenkins1000 | ip=192.168.36.114 | op=SEND_HEARTBEAT {datanodeUUID=faaae1d4-820a-4881-8cfe-c76293b91720, command=[]} | ret=SUCCESS |  
2019-09-12 11:30:41,794 [grpc-default-executor-0] INFO  impl.RaftServerProxy (RaftServerProxy.java:addNew(89)) - dae80834-da68-4cdc-a6d1-3e383ebcc721: addNew group-6DB489DC2C07:[dae80834-da68-4cdc-a6d1-3e383ebcc721:192.168.36.114:33665] returns group-6DB489DC2C07:java.util.concurrent.CompletableFuture@19fcbe78[Not completed]
2019-09-12 11:30:41,797 [pool-82-thread-1] INFO  impl.RaftServerImpl (RaftServerImpl.java:<init>(93)) - dae80834-da68-4cdc-a6d1-3e383ebcc721: new RaftServerImpl for group-6DB489DC2C07:[dae80834-da68-4cdc-a6d1-3e383ebcc721:192.168.36.114:33665] with ContainerStateMachine:uninitialized
2019-09-12 11:30:41,797 [pool-82-thread-1] INFO  server.RaftServerConfigKeys (ConfUtils.java:logGet(43)) - raft.server.rpc.timeout.min = 5s (custom)
2019-09-12 11:30:41,798 [pool-82-thread-1] INFO  server.RaftServerConfigKeys (ConfUtils.java:logGet(43)) - raft.server.rpc.timeout.max = 5200ms (custom)
2019-09-12 11:30:41,798 [pool-82-thread-1] INFO  server.RaftServerConfigKeys (ConfUtils.java:logGet(43)) - raft.server.rpcslowness.timeout = 120s (custom)
2019-09-12 11:30:41,798 [pool-82-thread-1] INFO  server.RaftServerConfigKeys (ConfUtils.java:logGet(43)) - raft.server.sleep.deviation.threshold = 300 (default)
2019-09-12 11:30:41,798 [pool-82-thread-1] INFO  server.RaftServerConfigKeys (ConfUtils.java:logGet(43)) - raft.server.log.appender.install.snapshot.enabled = false (custom)
2019-09-12 11:30:41,798 [pool-82-thread-1] INFO  impl.RaftServerImpl (ServerState.java:<init>(105)) - dae80834-da68-4cdc-a6d1-3e383ebcc721:group-6DB489DC2C07 ConfigurationManager, init=-1: [dae80834-da68-4cdc-a6d1-3e383ebcc721:192.168.36.114:33665], old=null, confs=<EMPTY_MAP>
2019-09-12 11:30:41,799 [pool-82-thread-1] INFO  server.RaftServerConfigKeys (ConfUtils.java:logGet(43)) - raft.server.storage.dir = [/workdir/hadoop-ozone/integration-test/target/test-dir/MiniOzoneClusterImpl-299c34b2-84c4-4da4-b63e-5faf1abba283/datanode-5/data/ratis] (custom)
2019-09-12 11:30:41,799 [pool-82-thread-1] INFO  storage.RaftStorageDirectory (RaftStorageDirectory.java:analyzeStorage(246)) - The storage directory /workdir/hadoop-ozone/integration-test/target/test-dir/MiniOzoneClusterImpl-299c34b2-84c4-4da4-b63e-5faf1abba283/datanode-5/data/ratis/0defadbf-626a-4925-a1e7-6db489dc2c07 does not exist. Creating ...
2019-09-12 11:30:41,813 [pool-82-thread-1] INFO  storage.RaftStorageDirectory (RaftStorageDirectory.java:tryLock(328)) - Lock on /workdir/hadoop-ozone/integration-test/target/test-dir/MiniOzoneClusterImpl-299c34b2-84c4-4da4-b63e-5faf1abba283/datanode-5/data/ratis/0defadbf-626a-4925-a1e7-6db489dc2c07/in_use.lock acquired by nodename 16167@pr-hdds-1569-58hkm-1881083799
2019-09-12 11:30:41,839 [pool-82-thread-1] INFO  storage.RaftStorage (RaftStorage.java:format(72)) - Storage directory /workdir/hadoop-ozone/integration-test/target/test-dir/MiniOzoneClusterImpl-299c34b2-84c4-4da4-b63e-5faf1abba283/datanode-5/data/ratis/0defadbf-626a-4925-a1e7-6db489dc2c07 has been successfully formatted.
2019-09-12 11:30:41,839 [pool-82-thread-1] INFO  ratis.ContainerStateMachine (ContainerStateMachine.java:loadSnapshot(226)) - group-6DB489DC2C07: The snapshot info is null. Setting the last applied indexto:(t:0, i:~)
2019-09-12 11:30:41,840 [pool-82-thread-1] INFO  server.RaftServerConfigKeys (ConfUtils.java:logGet(43)) - raft.server.leader.election.timeout = 120s (custom)
2019-09-12 11:30:41,840 [pool-82-thread-1] INFO  server.RaftServerConfigKeys (ConfUtils.java:logGet(43)) - raft.server.log.use.memory = false (default)
2019-09-12 11:30:41,840 [pool-82-thread-1] INFO  server.RaftServerConfigKeys (ConfUtils.java:logGet(43)) - raft.server.log.purge.gap = 1000000 (custom)
2019-09-12 11:30:41,840 [pool-82-thread-1] INFO  server.RaftServerConfigKeys (ConfUtils.java:logGet(43)) - raft.server.log.appender.buffer.byte-limit = 33554432 (custom)
2019-09-12 11:30:41,841 [pool-82-thread-1] INFO  server.RaftServerConfigKeys (ConfUtils.java:logGet(43)) - raft.server.log.segment.size.max = 1048576 (custom)
2019-09-12 11:30:41,841 [pool-82-thread-1] INFO  server.RaftServerConfigKeys (ConfUtils.java:logGet(43)) - raft.server.log.segment.cache.num.max = 2 (custom)
2019-09-12 11:30:41,841 [pool-82-thread-1] INFO  segmented.SegmentedRaftLogWorker (SegmentedRaftLogWorker.java:<init>(172)) - new dae80834-da68-4cdc-a6d1-3e383ebcc721-SegmentedRaftLogWorker:Storage Directory /workdir/hadoop-ozone/integration-test/target/test-dir/MiniOzoneClusterImpl-299c34b2-84c4-4da4-b63e-5faf1abba283/datanode-5/data/ratis/0defadbf-626a-4925-a1e7-6db489dc2c07 for RaftStorage:Storage Directory /workdir/hadoop-ozone/integration-test/target/test-dir/MiniOzoneClusterImpl-299c34b2-84c4-4da4-b63e-5faf1abba283/datanode-5/data/ratis/0defadbf-626a-4925-a1e7-6db489dc2c07
2019-09-12 11:30:41,841 [pool-82-thread-1] INFO  server.RaftServerConfigKeys (ConfUtils.java:logGet(43)) - raft.server.log.queue.byte-limit = 2147483647 (custom)
2019-09-12 11:30:41,841 [pool-82-thread-1] INFO  server.RaftServerConfigKeys (ConfUtils.java:logGet(43)) - raft.server.log.queue.element-limit = 1024 (custom)
2019-09-12 11:30:41,842 [pool-82-thread-1] INFO  server.RaftServerConfigKeys (ConfUtils.java:logGet(43)) - raft.server.log.segment.size.max = 1048576 (custom)
2019-09-12 11:30:41,842 [pool-82-thread-1] INFO  server.RaftServerConfigKeys (ConfUtils.java:logGet(43)) - raft.server.log.preallocated.size = 16384 (custom)
2019-09-12 11:30:41,842 [pool-82-thread-1] INFO  server.RaftServerConfigKeys (ConfUtils.java:logGet(43)) - raft.server.log.write.buffer.size = 33554432 (custom)
2019-09-12 11:30:41,842 [pool-82-thread-1] INFO  server.RaftServerConfigKeys (ConfUtils.java:logGet(43)) - raft.server.log.force.sync.num = 128 (default)
2019-09-12 11:30:41,843 [pool-82-thread-1] INFO  server.RaftServerConfigKeys (ConfUtils.java:logGet(43)) - raft.server.log.statemachine.data.sync = true (default)
2019-09-12 11:30:41,843 [pool-82-thread-1] INFO  server.RaftServerConfigKeys (ConfUtils.java:logGet(43)) - raft.server.log.statemachine.data.sync.timeout = 10s (default)
2019-09-12 11:30:41,843 [pool-82-thread-1] INFO  server.RaftServerConfigKeys (ConfUtils.java:logGet(43)) - raft.server.log.statemachine.data.sync.timeout.retry = -1 (default)
2019-09-12 11:30:41,843 [pool-82-thread-1] INFO  server.RaftServerConfigKeys (ConfUtils.java:logGet(43)) - raft.server.log.statemachine.data.caching.enabled = true (custom)
2019-09-12 11:30:41,844 [pool-82-thread-1] INFO  segmented.SegmentedRaftLogWorker (SegmentedRaftLogWorker.java:lambda$new$0(132)) - dae80834-da68-4cdc-a6d1-3e383ebcc721-SegmentedRaftLogWorker:Storage Directory /workdir/hadoop-ozone/integration-test/target/test-dir/MiniOzoneClusterImpl-299c34b2-84c4-4da4-b63e-5faf1abba283/datanode-5/data/ratis/0defadbf-626a-4925-a1e7-6db489dc2c07: flushIndex: setUnconditionally 0 -> -1
2019-09-12 11:30:41,845 [pool-82-thread-1] INFO  server.RaftServerConfigKeys (ConfUtils.java:logGet(43)) - raft.server.snapshot.auto.trigger.enabled = true (custom)
2019-09-12 11:30:41,845 [pool-82-thread-1] INFO  server.RaftServerConfigKeys (ConfUtils.java:logGet(43)) - raft.server.snapshot.auto.trigger.threshold = 10000 (custom)
2019-09-12 11:30:41,845 [pool-82-thread-1] INFO  server.RaftServerConfigKeys (ConfUtils.java:logGet(43)) - raft.server.retrycache.expirytime = 600000ms (custom)
2019-09-12 11:30:41,846 [pool-82-thread-1] INFO  impl.RaftServerImpl (RaftServerImpl.java:start(180)) - dae80834-da68-4cdc-a6d1-3e383ebcc721: start group-6DB489DC2C07
2019-09-12 11:30:41,846 [pool-82-thread-1] INFO  impl.RaftServerImpl (RaftServerImpl.java:setRole(171)) - dae80834-da68-4cdc-a6d1-3e383ebcc721:group-6DB489DC2C07 changes role from null to FOLLOWER at term 0 for startAsFollower
2019-09-12 11:30:41,846 [pool-82-thread-1] INFO  impl.RoleInfo (RoleInfo.java:updateAndGet(143)) - dae80834-da68-4cdc-a6d1-3e383ebcc721: start FollowerState
2019-09-12 11:30:41,847 [pool-82-thread-1] INFO  util.JmxRegister (JmxRegister.java:tryRegister(44)) - Successfully registered JMX Bean with object name Ratis:service=RaftServer,group=group-6DB489DC2C07,id=dae80834-da68-4cdc-a6d1-3e383ebcc721
2019-09-12 11:30:41,850 [RatisPipelineUtilsThread] INFO  pipeline.PipelineStateManager (PipelineStateManager.java:addPipeline(56)) - Created pipeline Pipeline[ Id: 0defadbf-626a-4925-a1e7-6db489dc2c07, Nodes: dae80834-da68-4cdc-a6d1-3e383ebcc721{ip: 192.168.36.114, host: pr-hdds-1569-58hkm-1881083799, networkLocation: /default-rack, certSerialId: null}, Type:RATIS, Factor:ONE, State:OPEN]
2019-09-12 11:30:41,851 [RatisPipelineUtilsThread] ERROR pipeline.PipelinePlacementPolicy (PipelinePlacementPolicy.java:meetCriteria(92)) - Pipeline Placement: Doesn't meet the criteria to be viable node. Heaviness: 6
2019-09-12 11:30:41,851 [RatisPipelineUtilsThread] ERROR pipeline.PipelinePlacementPolicy (PipelinePlacementPolicy.java:meetCriteria(92)) - Pipeline Placement: Doesn't meet the criteria to be viable node. Heaviness: 6
2019-09-12 11:30:41,851 [RatisPipelineUtilsThread] ERROR pipeline.PipelinePlacementPolicy (PipelinePlacementPolicy.java:meetCriteria(92)) - Pipeline Placement: Doesn't meet the criteria to be viable node. Heaviness: 6
2019-09-12 11:30:41,851 [RatisPipelineUtilsThread] ERROR pipeline.PipelinePlacementPolicy (PipelinePlacementPolicy.java:meetCriteria(92)) - Pipeline Placement: Doesn't meet the criteria to be viable node. Heaviness: 6
2019-09-12 11:30:41,852 [RatisPipelineUtilsThread] ERROR pipeline.PipelinePlacementPolicy (PipelinePlacementPolicy.java:meetCriteria(92)) - Pipeline Placement: Doesn't meet the criteria to be viable node. Heaviness: 6
2019-09-12 11:30:41,852 [RatisPipelineUtilsThread] ERROR pipeline.PipelinePlacementPolicy (PipelinePlacementPolicy.java:meetCriteria(92)) - Pipeline Placement: Doesn't meet the criteria to be viable node. Heaviness: 6
2019-09-12 11:30:41,858 [grpc-default-executor-0] INFO  impl.RaftServerProxy (RaftServerProxy.java:addNew(89)) - 63a2c513-e651-4cfd-9092-3873a710e112: addNew group-3F25CF2C6333:[63a2c513-e651-4cfd-9092-3873a710e112:192.168.36.114:37233] returns group-3F25CF2C6333:java.util.concurrent.CompletableFuture@6b9c200a[Not completed]
2019-09-12 11:30:41,860 [pool-93-thread-1] INFO  impl.RaftServerImpl (RaftServerImpl.java:<init>(93)) - 63a2c513-e651-4cfd-9092-3873a710e112: new RaftServerImpl for group-3F25CF2C6333:[63a2c513-e651-4cfd-9092-3873a710e112:192.168.36.114:37233] with ContainerStateMachine:uninitialized
2019-09-12 11:30:41,860 [pool-93-thread-1] INFO  server.RaftServerConfigKeys (ConfUtils.java:logGet(43)) - raft.server.rpc.timeout.min = 5s (custom)
2019-09-12 11:30:41,860 [pool-93-thread-1] INFO  server.RaftServerConfigKeys (ConfUtils.java:logGet(43)) - raft.server.rpc.timeout.max = 5200ms (custom)
2019-09-12 11:30:41,861 [pool-93-thread-1] INFO  server.RaftServerConfigKeys (ConfUtils.java:logGet(43)) - raft.server.rpcslowness.timeout = 120s (custom)
2019-09-12 11:30:41,861 [pool-93-thread-1] INFO  server.RaftServerConfigKeys (ConfUtils.java:logGet(43)) - raft.server.sleep.deviation.threshold = 300 (default)
2019-09-12 11:30:41,861 [pool-93-thread-1] INFO  server.RaftServerConfigKeys (ConfUtils.java:logGet(43)) - raft.server.log.appender.install.snapshot.enabled = false (custom)
2019-09-12 11:30:41,861 [pool-93-thread-1] INFO  impl.RaftServerImpl (ServerState.java:<init>(105)) - 63a2c513-e651-4cfd-9092-3873a710e112:group-3F25CF2C6333 ConfigurationManager, init=-1: [63a2c513-e651-4cfd-9092-3873a710e112:192.168.36.114:37233], old=null, confs=<EMPTY_MAP>
2019-09-12 11:30:41,861 [pool-93-thread-1] INFO  server.RaftServerConfigKeys (ConfUtils.java:logGet(43)) - raft.server.storage.dir = [/workdir/hadoop-ozone/integration-test/target/test-dir/MiniOzoneClusterImpl-299c34b2-84c4-4da4-b63e-5faf1abba283/datanode-6/data/ratis] (custom)
2019-09-12 11:30:41,862 [pool-93-thread-1] INFO  storage.RaftStorageDirectory (RaftStorageDirectory.java:analyzeStorage(246)) - The storage directory /workdir/hadoop-ozone/integration-test/target/test-dir/MiniOzoneClusterImpl-299c34b2-84c4-4da4-b63e-5faf1abba283/datanode-6/data/ratis/33ed322c-64ff-43e5-967f-3f25cf2c6333 does not exist. Creating ...
2019-09-12 11:30:41,875 [pool-93-thread-1] INFO  storage.RaftStorageDirectory (RaftStorageDirectory.java:tryLock(328)) - Lock on /workdir/hadoop-ozone/integration-test/target/test-dir/MiniOzoneClusterImpl-299c34b2-84c4-4da4-b63e-5faf1abba283/datanode-6/data/ratis/33ed322c-64ff-43e5-967f-3f25cf2c6333/in_use.lock acquired by nodename 16167@pr-hdds-1569-58hkm-1881083799
2019-09-12 11:30:41,888 [pool-93-thread-1] INFO  storage.RaftStorage (RaftStorage.java:format(72)) - Storage directory /workdir/hadoop-ozone/integration-test/target/test-dir/MiniOzoneClusterImpl-299c34b2-84c4-4da4-b63e-5faf1abba283/datanode-6/data/ratis/33ed322c-64ff-43e5-967f-3f25cf2c6333 has been successfully formatted.
2019-09-12 11:30:41,889 [pool-93-thread-1] INFO  ratis.ContainerStateMachine (ContainerStateMachine.java:loadSnapshot(226)) - group-3F25CF2C6333: The snapshot info is null. Setting the last applied indexto:(t:0, i:~)
2019-09-12 11:30:41,889 [pool-93-thread-1] INFO  server.RaftServerConfigKeys (ConfUtils.java:logGet(43)) - raft.server.leader.election.timeout = 120s (custom)
2019-09-12 11:30:41,889 [pool-93-thread-1] INFO  server.RaftServerConfigKeys (ConfUtils.java:logGet(43)) - raft.server.log.use.memory = false (default)
2019-09-12 11:30:41,889 [pool-93-thread-1] INFO  server.RaftServerConfigKeys (ConfUtils.java:logGet(43)) - raft.server.log.purge.gap = 1000000 (custom)
2019-09-12 11:30:41,889 [pool-93-thread-1] INFO  server.RaftServerConfigKeys (ConfUtils.java:logGet(43)) - raft.server.log.appender.buffer.byte-limit = 33554432 (custom)
2019-09-12 11:30:41,890 [pool-93-thread-1] INFO  server.RaftServerConfigKeys (ConfUtils.java:logGet(43)) - raft.server.log.segment.size.max = 1048576 (custom)
2019-09-12 11:30:41,890 [pool-93-thread-1] INFO  server.RaftServerConfigKeys (ConfUtils.java:logGet(43)) - raft.server.log.segment.cache.num.max = 2 (custom)
2019-09-12 11:30:41,890 [pool-93-thread-1] INFO  segmented.SegmentedRaftLogWorker (SegmentedRaftLogWorker.java:<init>(172)) - new 63a2c513-e651-4cfd-9092-3873a710e112-SegmentedRaftLogWorker:Storage Directory /workdir/hadoop-ozone/integration-test/target/test-dir/MiniOzoneClusterImpl-299c34b2-84c4-4da4-b63e-5faf1abba283/datanode-6/data/ratis/33ed322c-64ff-43e5-967f-3f25cf2c6333 for RaftStorage:Storage Directory /workdir/hadoop-ozone/integration-test/target/test-dir/MiniOzoneClusterImpl-299c34b2-84c4-4da4-b63e-5faf1abba283/datanode-6/data/ratis/33ed322c-64ff-43e5-967f-3f25cf2c6333
2019-09-12 11:30:41,890 [pool-93-thread-1] INFO  server.RaftServerConfigKeys (ConfUtils.java:logGet(43)) - raft.server.log.queue.byte-limit = 2147483647 (custom)
2019-09-12 11:30:41,890 [pool-93-thread-1] INFO  server.RaftServerConfigKeys (ConfUtils.java:logGet(43)) - raft.server.log.queue.element-limit = 1024 (custom)
2019-09-12 11:30:41,891 [pool-93-thread-1] INFO  server.RaftServerConfigKeys (ConfUtils.java:logGet(43)) - raft.server.log.segment.size.max = 1048576 (custom)
2019-09-12 11:30:41,891 [pool-93-thread-1] INFO  server.RaftServerConfigKeys (ConfUtils.java:logGet(43)) - raft.server.log.preallocated.size = 16384 (custom)
2019-09-12 11:30:41,891 [pool-93-thread-1] INFO  server.RaftServerConfigKeys (ConfUtils.java:logGet(43)) - raft.server.log.write.buffer.size = 33554432 (custom)
2019-09-12 11:30:41,891 [pool-93-thread-1] INFO  server.RaftServerConfigKeys (ConfUtils.java:logGet(43)) - raft.server.log.force.sync.num = 128 (default)
2019-09-12 11:30:41,891 [pool-93-thread-1] INFO  server.RaftServerConfigKeys (ConfUtils.java:logGet(43)) - raft.server.log.statemachine.data.sync = true (default)
2019-09-12 11:30:41,892 [pool-93-thread-1] INFO  server.RaftServerConfigKeys (ConfUtils.java:logGet(43)) - raft.server.log.statemachine.data.sync.timeout = 10s (default)
2019-09-12 11:30:41,892 [pool-93-thread-1] INFO  server.RaftServerConfigKeys (ConfUtils.java:logGet(43)) - raft.server.log.statemachine.data.sync.timeout.retry = -1 (default)
2019-09-12 11:30:41,892 [pool-93-thread-1] INFO  server.RaftServerConfigKeys (ConfUtils.java:logGet(43)) - raft.server.log.statemachine.data.caching.enabled = true (custom)
2019-09-12 11:30:41,892 [pool-93-thread-1] INFO  segmented.SegmentedRaftLogWorker (SegmentedRaftLogWorker.java:lambda$new$0(132)) - 63a2c513-e651-4cfd-9092-3873a710e112-SegmentedRaftLogWorker:Storage Directory /workdir/hadoop-ozone/integration-test/target/test-dir/MiniOzoneClusterImpl-299c34b2-84c4-4da4-b63e-5faf1abba283/datanode-6/data/ratis/33ed322c-64ff-43e5-967f-3f25cf2c6333: flushIndex: setUnconditionally 0 -> -1
2019-09-12 11:30:41,893 [pool-93-thread-1] INFO  server.RaftServerConfigKeys (ConfUtils.java:logGet(43)) - raft.server.snapshot.auto.trigger.enabled = true (custom)
2019-09-12 11:30:41,893 [pool-93-thread-1] INFO  server.RaftServerConfigKeys (ConfUtils.java:logGet(43)) - raft.server.snapshot.auto.trigger.threshold = 10000 (custom)
2019-09-12 11:30:41,893 [pool-93-thread-1] INFO  server.RaftServerConfigKeys (ConfUtils.java:logGet(43)) - raft.server.retrycache.expirytime = 600000ms (custom)
2019-09-12 11:30:41,893 [pool-93-thread-1] INFO  impl.RaftServerImpl (RaftServerImpl.java:start(180)) - 63a2c513-e651-4cfd-9092-3873a710e112: start group-3F25CF2C6333
2019-09-12 11:30:41,894 [pool-93-thread-1] INFO  impl.RaftServerImpl (RaftServerImpl.java:setRole(171)) - 63a2c513-e651-4cfd-9092-3873a710e112:group-3F25CF2C6333 changes role from null to FOLLOWER at term 0 for startAsFollower
2019-09-12 11:30:41,894 [pool-93-thread-1] INFO  impl.RoleInfo (RoleInfo.java:updateAndGet(143)) - 63a2c513-e651-4cfd-9092-3873a710e112: start FollowerState
2019-09-12 11:30:41,894 [pool-93-thread-1] INFO  util.JmxRegister (JmxRegister.java:tryRegister(44)) - Successfully registered JMX Bean with object name Ratis:service=RaftServer,group=group-3F25CF2C6333,id=63a2c513-e651-4cfd-9092-3873a710e112
2019-09-12 11:30:41,898 [RatisPipelineUtilsThread] INFO  pipeline.PipelineStateManager (PipelineStateManager.java:addPipeline(56)) - Created pipeline Pipeline[ Id: 33ed322c-64ff-43e5-967f-3f25cf2c6333, Nodes: 63a2c513-e651-4cfd-9092-3873a710e112{ip: 192.168.36.114, host: pr-hdds-1569-58hkm-1881083799, networkLocation: /default-rack, certSerialId: null}, Type:RATIS, Factor:ONE, State:OPEN]
2019-09-12 11:30:41,898 [RatisPipelineUtilsThread] ERROR pipeline.PipelinePlacementPolicy (PipelinePlacementPolicy.java:meetCriteria(92)) - Pipeline Placement: Doesn't meet the criteria to be viable node. Heaviness: 6
2019-09-12 11:30:41,898 [RatisPipelineUtilsThread] ERROR pipeline.PipelinePlacementPolicy (PipelinePlacementPolicy.java:meetCriteria(92)) - Pipeline Placement: Doesn't meet the criteria to be viable node. Heaviness: 6
2019-09-12 11:30:41,899 [RatisPipelineUtilsThread] ERROR pipeline.PipelinePlacementPolicy (PipelinePlacementPolicy.java:meetCriteria(92)) - Pipeline Placement: Doesn't meet the criteria to be viable node. Heaviness: 6
2019-09-12 11:30:41,899 [RatisPipelineUtilsThread] ERROR pipeline.PipelinePlacementPolicy (PipelinePlacementPolicy.java:meetCriteria(92)) - Pipeline Placement: Doesn't meet the criteria to be viable node. Heaviness: 6
2019-09-12 11:30:41,899 [RatisPipelineUtilsThread] ERROR pipeline.PipelinePlacementPolicy (PipelinePlacementPolicy.java:meetCriteria(92)) - Pipeline Placement: Doesn't meet the criteria to be viable node. Heaviness: 6
2019-09-12 11:30:41,899 [RatisPipelineUtilsThread] ERROR pipeline.PipelinePlacementPolicy (PipelinePlacementPolicy.java:meetCriteria(92)) - Pipeline Placement: Doesn't meet the criteria to be viable node. Heaviness: 6
2019-09-12 11:30:41,906 [grpc-default-executor-0] INFO  impl.RaftServerProxy (RaftServerProxy.java:addNew(89)) - dae80834-da68-4cdc-a6d1-3e383ebcc721: addNew group-222E5A494C5A:[dae80834-da68-4cdc-a6d1-3e383ebcc721:192.168.36.114:33665] returns group-222E5A494C5A:java.util.concurrent.CompletableFuture@6aa64c9c[Not completed]
2019-09-12 11:30:41,908 [pool-82-thread-1] INFO  impl.RaftServerImpl (RaftServerImpl.java:<init>(93)) - dae80834-da68-4cdc-a6d1-3e383ebcc721: new RaftServerImpl for group-222E5A494C5A:[dae80834-da68-4cdc-a6d1-3e383ebcc721:192.168.36.114:33665] with ContainerStateMachine:uninitialized
2019-09-12 11:30:41,909 [pool-82-thread-1] INFO  server.RaftServerConfigKeys (ConfUtils.java:logGet(43)) - raft.server.rpc.timeout.min = 5s (custom)
2019-09-12 11:30:41,909 [pool-82-thread-1] INFO  server.RaftServerConfigKeys (ConfUtils.java:logGet(43)) - raft.server.rpc.timeout.max = 5200ms (custom)
2019-09-12 11:30:41,909 [pool-82-thread-1] INFO  server.RaftServerConfigKeys (ConfUtils.java:logGet(43)) - raft.server.rpcslowness.timeout = 120s (custom)
2019-09-12 11:30:41,909 [pool-82-thread-1] INFO  server.RaftServerConfigKeys (ConfUtils.java:logGet(43)) - raft.server.sleep.deviation.threshold = 300 (default)
2019-09-12 11:30:41,909 [pool-82-thread-1] INFO  server.RaftServerConfigKeys (ConfUtils.java:logGet(43)) - raft.server.log.appender.install.snapshot.enabled = false (custom)
2019-09-12 11:30:41,910 [pool-82-thread-1] INFO  impl.RaftServerImpl (ServerState.java:<init>(105)) - dae80834-da68-4cdc-a6d1-3e383ebcc721:group-222E5A494C5A ConfigurationManager, init=-1: [dae80834-da68-4cdc-a6d1-3e383ebcc721:192.168.36.114:33665], old=null, confs=<EMPTY_MAP>
2019-09-12 11:30:41,910 [pool-82-thread-1] INFO  server.RaftServerConfigKeys (ConfUtils.java:logGet(43)) - raft.server.storage.dir = [/workdir/hadoop-ozone/integration-test/target/test-dir/MiniOzoneClusterImpl-299c34b2-84c4-4da4-b63e-5faf1abba283/datanode-5/data/ratis] (custom)
2019-09-12 11:30:41,910 [pool-82-thread-1] INFO  storage.RaftStorageDirectory (RaftStorageDirectory.java:analyzeStorage(246)) - The storage directory /workdir/hadoop-ozone/integration-test/target/test-dir/MiniOzoneClusterImpl-299c34b2-84c4-4da4-b63e-5faf1abba283/datanode-5/data/ratis/7900cfd5-f6f7-449b-ac09-222e5a494c5a does not exist. Creating ...
2019-09-12 11:30:41,923 [pool-82-thread-1] INFO  storage.RaftStorageDirectory (RaftStorageDirectory.java:tryLock(328)) - Lock on /workdir/hadoop-ozone/integration-test/target/test-dir/MiniOzoneClusterImpl-299c34b2-84c4-4da4-b63e-5faf1abba283/datanode-5/data/ratis/7900cfd5-f6f7-449b-ac09-222e5a494c5a/in_use.lock acquired by nodename 16167@pr-hdds-1569-58hkm-1881083799
2019-09-12 11:30:41,937 [pool-82-thread-1] INFO  storage.RaftStorage (RaftStorage.java:format(72)) - Storage directory /workdir/hadoop-ozone/integration-test/target/test-dir/MiniOzoneClusterImpl-299c34b2-84c4-4da4-b63e-5faf1abba283/datanode-5/data/ratis/7900cfd5-f6f7-449b-ac09-222e5a494c5a has been successfully formatted.
2019-09-12 11:30:41,937 [pool-82-thread-1] INFO  ratis.ContainerStateMachine (ContainerStateMachine.java:loadSnapshot(226)) - group-222E5A494C5A: The snapshot info is null. Setting the last applied indexto:(t:0, i:~)
2019-09-12 11:30:41,937 [pool-82-thread-1] INFO  server.RaftServerConfigKeys (ConfUtils.java:logGet(43)) - raft.server.leader.election.timeout = 120s (custom)
2019-09-12 11:30:41,937 [pool-82-thread-1] INFO  server.RaftServerConfigKeys (ConfUtils.java:logGet(43)) - raft.server.log.use.memory = false (default)
2019-09-12 11:30:41,938 [pool-82-thread-1] INFO  server.RaftServerConfigKeys (ConfUtils.java:logGet(43)) - raft.server.log.purge.gap = 1000000 (custom)
2019-09-12 11:30:41,938 [pool-82-thread-1] INFO  server.RaftServerConfigKeys (ConfUtils.java:logGet(43)) - raft.server.log.appender.buffer.byte-limit = 33554432 (custom)
2019-09-12 11:30:41,938 [pool-82-thread-1] INFO  server.RaftServerConfigKeys (ConfUtils.java:logGet(43)) - raft.server.log.segment.size.max = 1048576 (custom)
2019-09-12 11:30:41,938 [pool-82-thread-1] INFO  server.RaftServerConfigKeys (ConfUtils.java:logGet(43)) - raft.server.log.segment.cache.num.max = 2 (custom)
2019-09-12 11:30:41,939 [pool-82-thread-1] INFO  segmented.SegmentedRaftLogWorker (SegmentedRaftLogWorker.java:<init>(172)) - new dae80834-da68-4cdc-a6d1-3e383ebcc721-SegmentedRaftLogWorker:Storage Directory /workdir/hadoop-ozone/integration-test/target/test-dir/MiniOzoneClusterImpl-299c34b2-84c4-4da4-b63e-5faf1abba283/datanode-5/data/ratis/7900cfd5-f6f7-449b-ac09-222e5a494c5a for RaftStorage:Storage Directory /workdir/hadoop-ozone/integration-test/target/test-dir/MiniOzoneClusterImpl-299c34b2-84c4-4da4-b63e-5faf1abba283/datanode-5/data/ratis/7900cfd5-f6f7-449b-ac09-222e5a494c5a
2019-09-12 11:30:41,939 [pool-82-thread-1] INFO  server.RaftServerConfigKeys (ConfUtils.java:logGet(43)) - raft.server.log.queue.byte-limit = 2147483647 (custom)
2019-09-12 11:30:41,939 [pool-82-thread-1] INFO  server.RaftServerConfigKeys (ConfUtils.java:logGet(43)) - raft.server.log.queue.element-limit = 1024 (custom)
2019-09-12 11:30:41,939 [pool-82-thread-1] INFO  server.RaftServerConfigKeys (ConfUtils.java:logGet(43)) - raft.server.log.segment.size.max = 1048576 (custom)
2019-09-12 11:30:41,939 [pool-82-thread-1] INFO  server.RaftServerConfigKeys (ConfUtils.java:logGet(43)) - raft.server.log.preallocated.size = 16384 (custom)
2019-09-12 11:30:41,940 [pool-82-thread-1] INFO  server.RaftServerConfigKeys (ConfUtils.java:logGet(43)) - raft.server.log.write.buffer.size = 33554432 (custom)
2019-09-12 11:30:41,940 [pool-82-thread-1] INFO  server.RaftServerConfigKeys (ConfUtils.java:logGet(43)) - raft.server.log.force.sync.num = 128 (default)
2019-09-12 11:30:41,940 [pool-82-thread-1] INFO  server.RaftServerConfigKeys (ConfUtils.java:logGet(43)) - raft.server.log.statemachine.data.sync = true (default)
2019-09-12 11:30:41,940 [pool-82-thread-1] INFO  server.RaftServerConfigKeys (ConfUtils.java:logGet(43)) - raft.server.log.statemachine.data.sync.timeout = 10s (default)
2019-09-12 11:30:41,940 [pool-82-thread-1] INFO  server.RaftServerConfigKeys (ConfUtils.java:logGet(43)) - raft.server.log.statemachine.data.sync.timeout.retry = -1 (default)
2019-09-12 11:30:41,941 [pool-82-thread-1] INFO  server.RaftServerConfigKeys (ConfUtils.java:logGet(43)) - raft.server.log.statemachine.data.caching.enabled = true (custom)
2019-09-12 11:30:41,941 [pool-82-thread-1] INFO  segmented.SegmentedRaftLogWorker (SegmentedRaftLogWorker.java:lambda$new$0(132)) - dae80834-da68-4cdc-a6d1-3e383ebcc721-SegmentedRaftLogWorker:Storage Directory /workdir/hadoop-ozone/integration-test/target/test-dir/MiniOzoneClusterImpl-299c34b2-84c4-4da4-b63e-5faf1abba283/datanode-5/data/ratis/7900cfd5-f6f7-449b-ac09-222e5a494c5a: flushIndex: setUnconditionally 0 -> -1
2019-09-12 11:30:41,941 [pool-82-thread-1] INFO  server.RaftServerConfigKeys (ConfUtils.java:logGet(43)) - raft.server.snapshot.auto.trigger.enabled = true (custom)
2019-09-12 11:30:41,942 [pool-82-thread-1] INFO  server.RaftServerConfigKeys (ConfUtils.java:logGet(43)) - raft.server.snapshot.auto.trigger.threshold = 10000 (custom)
2019-09-12 11:30:41,942 [pool-82-thread-1] INFO  server.RaftServerConfigKeys (ConfUtils.java:logGet(43)) - raft.server.retrycache.expirytime = 600000ms (custom)
2019-09-12 11:30:41,942 [pool-82-thread-1] INFO  impl.RaftServerImpl (RaftServerImpl.java:start(180)) - dae80834-da68-4cdc-a6d1-3e383ebcc721: start group-222E5A494C5A
2019-09-12 11:30:41,942 [pool-82-thread-1] INFO  impl.RaftServerImpl (RaftServerImpl.java:setRole(171)) - dae80834-da68-4cdc-a6d1-3e383ebcc721:group-222E5A494C5A changes role from null to FOLLOWER at term 0 for startAsFollower
2019-09-12 11:30:41,943 [pool-82-thread-1] INFO  impl.RoleInfo (RoleInfo.java:updateAndGet(143)) - dae80834-da68-4cdc-a6d1-3e383ebcc721: start FollowerState
2019-09-12 11:30:41,943 [pool-82-thread-1] INFO  util.JmxRegister (JmxRegister.java:tryRegister(44)) - Successfully registered JMX Bean with object name Ratis:service=RaftServer,group=group-222E5A494C5A,id=dae80834-da68-4cdc-a6d1-3e383ebcc721
2019-09-12 11:30:41,947 [RatisPipelineUtilsThread] INFO  pipeline.PipelineStateManager (PipelineStateManager.java:addPipeline(56)) - Created pipeline Pipeline[ Id: 7900cfd5-f6f7-449b-ac09-222e5a494c5a, Nodes: dae80834-da68-4cdc-a6d1-3e383ebcc721{ip: 192.168.36.114, host: pr-hdds-1569-58hkm-1881083799, networkLocation: /default-rack, certSerialId: null}, Type:RATIS, Factor:ONE, State:OPEN]
2019-09-12 11:30:41,947 [RatisPipelineUtilsThread] ERROR pipeline.PipelinePlacementPolicy (PipelinePlacementPolicy.java:meetCriteria(92)) - Pipeline Placement: Doesn't meet the criteria to be viable node. Heaviness: 6
2019-09-12 11:30:41,947 [RatisPipelineUtilsThread] ERROR pipeline.PipelinePlacementPolicy (PipelinePlacementPolicy.java:meetCriteria(92)) - Pipeline Placement: Doesn't meet the criteria to be viable node. Heaviness: 6
2019-09-12 11:30:41,947 [RatisPipelineUtilsThread] ERROR pipeline.PipelinePlacementPolicy (PipelinePlacementPolicy.java:meetCriteria(92)) - Pipeline Placement: Doesn't meet the criteria to be viable node. Heaviness: 6
2019-09-12 11:30:41,948 [RatisPipelineUtilsThread] ERROR pipeline.PipelinePlacementPolicy (PipelinePlacementPolicy.java:meetCriteria(92)) - Pipeline Placement: Doesn't meet the criteria to be viable node. Heaviness: 6
2019-09-12 11:30:41,948 [RatisPipelineUtilsThread] ERROR pipeline.PipelinePlacementPolicy (PipelinePlacementPolicy.java:meetCriteria(92)) - Pipeline Placement: Doesn't meet the criteria to be viable node. Heaviness: 6
2019-09-12 11:30:41,948 [RatisPipelineUtilsThread] ERROR pipeline.PipelinePlacementPolicy (PipelinePlacementPolicy.java:meetCriteria(92)) - Pipeline Placement: Doesn't meet the criteria to be viable node. Heaviness: 6
2019-09-12 11:30:41,948 [RatisPipelineUtilsThread] ERROR pipeline.PipelinePlacementPolicy (PipelinePlacementPolicy.java:meetCriteria(92)) - Pipeline Placement: Doesn't meet the criteria to be viable node. Heaviness: 6
2019-09-12 11:30:41,955 [grpc-default-executor-0] INFO  impl.RaftServerProxy (RaftServerProxy.java:addNew(89)) - 63a2c513-e651-4cfd-9092-3873a710e112: addNew group-4C11911F8BB8:[63a2c513-e651-4cfd-9092-3873a710e112:192.168.36.114:37233] returns group-4C11911F8BB8:java.util.concurrent.CompletableFuture@10f39f54[Not completed]
2019-09-12 11:30:41,956 [pool-93-thread-1] INFO  impl.RaftServerImpl (RaftServerImpl.java:<init>(93)) - 63a2c513-e651-4cfd-9092-3873a710e112: new RaftServerImpl for group-4C11911F8BB8:[63a2c513-e651-4cfd-9092-3873a710e112:192.168.36.114:37233] with ContainerStateMachine:uninitialized
2019-09-12 11:30:41,957 [pool-93-thread-1] INFO  server.RaftServerConfigKeys (ConfUtils.java:logGet(43)) - raft.server.rpc.timeout.min = 5s (custom)
2019-09-12 11:30:41,957 [pool-93-thread-1] INFO  server.RaftServerConfigKeys (ConfUtils.java:logGet(43)) - raft.server.rpc.timeout.max = 5200ms (custom)
2019-09-12 11:30:41,957 [pool-93-thread-1] INFO  server.RaftServerConfigKeys (ConfUtils.java:logGet(43)) - raft.server.rpcslowness.timeout = 120s (custom)
2019-09-12 11:30:41,957 [pool-93-thread-1] INFO  server.RaftServerConfigKeys (ConfUtils.java:logGet(43)) - raft.server.sleep.deviation.threshold = 300 (default)
2019-09-12 11:30:41,957 [pool-93-thread-1] INFO  server.RaftServerConfigKeys (ConfUtils.java:logGet(43)) - raft.server.log.appender.install.snapshot.enabled = false (custom)
2019-09-12 11:30:41,957 [pool-93-thread-1] INFO  impl.RaftServerImpl (ServerState.java:<init>(105)) - 63a2c513-e651-4cfd-9092-3873a710e112:group-4C11911F8BB8 ConfigurationManager, init=-1: [63a2c513-e651-4cfd-9092-3873a710e112:192.168.36.114:37233], old=null, confs=<EMPTY_MAP>
2019-09-12 11:30:41,958 [pool-93-thread-1] INFO  server.RaftServerConfigKeys (ConfUtils.java:logGet(43)) - raft.server.storage.dir = [/workdir/hadoop-ozone/integration-test/target/test-dir/MiniOzoneClusterImpl-299c34b2-84c4-4da4-b63e-5faf1abba283/datanode-6/data/ratis] (custom)
2019-09-12 11:30:41,958 [pool-93-thread-1] INFO  storage.RaftStorageDirectory (RaftStorageDirectory.java:analyzeStorage(246)) - The storage directory /workdir/hadoop-ozone/integration-test/target/test-dir/MiniOzoneClusterImpl-299c34b2-84c4-4da4-b63e-5faf1abba283/datanode-6/data/ratis/001e4e7e-efce-4c7d-a49a-4c11911f8bb8 does not exist. Creating ...
2019-09-12 11:30:41,971 [pool-93-thread-1] INFO  storage.RaftStorageDirectory (RaftStorageDirectory.java:tryLock(328)) - Lock on /workdir/hadoop-ozone/integration-test/target/test-dir/MiniOzoneClusterImpl-299c34b2-84c4-4da4-b63e-5faf1abba283/datanode-6/data/ratis/001e4e7e-efce-4c7d-a49a-4c11911f8bb8/in_use.lock acquired by nodename 16167@pr-hdds-1569-58hkm-1881083799
2019-09-12 11:30:41,983 | INFO  | SCMAudit | user=jenkins1000 | ip=192.168.36.114 | op=SEND_HEARTBEAT {datanodeUUID=041153b1-579d-462a-9927-680735a5d567, command=[]} | ret=SUCCESS |  
2019-09-12 11:30:41,984 | INFO  | SCMAudit | user=jenkins1000 | ip=192.168.36.114 | op=SEND_HEARTBEAT {datanodeUUID=eff3a7ee-c843-4140-bba9-03f77ca50619, command=[]} | ret=SUCCESS |  
2019-09-12 11:30:41,984 [pool-93-thread-1] INFO  storage.RaftStorage (RaftStorage.java:format(72)) - Storage directory /workdir/hadoop-ozone/integration-test/target/test-dir/MiniOzoneClusterImpl-299c34b2-84c4-4da4-b63e-5faf1abba283/datanode-6/data/ratis/001e4e7e-efce-4c7d-a49a-4c11911f8bb8 has been successfully formatted.
2019-09-12 11:30:41,984 [pool-93-thread-1] INFO  ratis.ContainerStateMachine (ContainerStateMachine.java:loadSnapshot(226)) - group-4C11911F8BB8: The snapshot info is null. Setting the last applied indexto:(t:0, i:~)
2019-09-12 11:30:41,985 [pool-93-thread-1] INFO  server.RaftServerConfigKeys (ConfUtils.java:logGet(43)) - raft.server.leader.election.timeout = 120s (custom)
2019-09-12 11:30:41,985 [pool-93-thread-1] INFO  server.RaftServerConfigKeys (ConfUtils.java:logGet(43)) - raft.server.log.use.memory = false (default)
2019-09-12 11:30:41,985 [pool-93-thread-1] INFO  server.RaftServerConfigKeys (ConfUtils.java:logGet(43)) - raft.server.log.purge.gap = 1000000 (custom)
2019-09-12 11:30:41,985 [pool-93-thread-1] INFO  server.RaftServerConfigKeys (ConfUtils.java:logGet(43)) - raft.server.log.appender.buffer.byte-limit = 33554432 (custom)
2019-09-12 11:30:41,985 [pool-93-thread-1] INFO  server.RaftServerConfigKeys (ConfUtils.java:logGet(43)) - raft.server.log.segment.size.max = 1048576 (custom)
2019-09-12 11:30:41,986 [pool-93-thread-1] INFO  server.RaftServerConfigKeys (ConfUtils.java:logGet(43)) - raft.server.log.segment.cache.num.max = 2 (custom)
2019-09-12 11:30:41,986 [pool-93-thread-1] INFO  segmented.SegmentedRaftLogWorker (SegmentedRaftLogWorker.java:<init>(172)) - new 63a2c513-e651-4cfd-9092-3873a710e112-SegmentedRaftLogWorker:Storage Directory /workdir/hadoop-ozone/integration-test/target/test-dir/MiniOzoneClusterImpl-299c34b2-84c4-4da4-b63e-5faf1abba283/datanode-6/data/ratis/001e4e7e-efce-4c7d-a49a-4c11911f8bb8 for RaftStorage:Storage Directory /workdir/hadoop-ozone/integration-test/target/test-dir/MiniOzoneClusterImpl-299c34b2-84c4-4da4-b63e-5faf1abba283/datanode-6/data/ratis/001e4e7e-efce-4c7d-a49a-4c11911f8bb8
2019-09-12 11:30:41,986 [pool-93-thread-1] INFO  server.RaftServerConfigKeys (ConfUtils.java:logGet(43)) - raft.server.log.queue.byte-limit = 2147483647 (custom)
2019-09-12 11:30:41,986 [pool-93-thread-1] INFO  server.RaftServerConfigKeys (ConfUtils.java:logGet(43)) - raft.server.log.queue.element-limit = 1024 (custom)
2019-09-12 11:30:41,986 [pool-93-thread-1] INFO  server.RaftServerConfigKeys (ConfUtils.java:logGet(43)) - raft.server.log.segment.size.max = 1048576 (custom)
2019-09-12 11:30:41,987 [pool-93-thread-1] INFO  server.RaftServerConfigKeys (ConfUtils.java:logGet(43)) - raft.server.log.preallocated.size = 16384 (custom)
2019-09-12 11:30:41,987 [pool-93-thread-1] INFO  server.RaftServerConfigKeys (ConfUtils.java:logGet(43)) - raft.server.log.write.buffer.size = 33554432 (custom)
2019-09-12 11:30:41,987 [pool-93-thread-1] INFO  server.RaftServerConfigKeys (ConfUtils.java:logGet(43)) - raft.server.log.force.sync.num = 128 (default)
2019-09-12 11:30:41,987 [pool-93-thread-1] INFO  server.RaftServerConfigKeys (ConfUtils.java:logGet(43)) - raft.server.log.statemachine.data.sync = true (default)
2019-09-12 11:30:41,987 [pool-93-thread-1] INFO  server.RaftServerConfigKeys (ConfUtils.java:logGet(43)) - raft.server.log.statemachine.data.sync.timeout = 10s (default)
2019-09-12 11:30:41,987 [pool-93-thread-1] INFO  server.RaftServerConfigKeys (ConfUtils.java:logGet(43)) - raft.server.log.statemachine.data.sync.timeout.retry = -1 (default)
2019-09-12 11:30:41,988 [pool-93-thread-1] INFO  server.RaftServerConfigKeys (ConfUtils.java:logGet(43)) - raft.server.log.statemachine.data.caching.enabled = true (custom)
2019-09-12 11:30:41,988 [pool-93-thread-1] INFO  segmented.SegmentedRaftLogWorker (SegmentedRaftLogWorker.java:lambda$new$0(132)) - 63a2c513-e651-4cfd-9092-3873a710e112-SegmentedRaftLogWorker:Storage Directory /workdir/hadoop-ozone/integration-test/target/test-dir/MiniOzoneClusterImpl-299c34b2-84c4-4da4-b63e-5faf1abba283/datanode-6/data/ratis/001e4e7e-efce-4c7d-a49a-4c11911f8bb8: flushIndex: setUnconditionally 0 -> -1
2019-09-12 11:30:41,989 [pool-93-thread-1] INFO  server.RaftServerConfigKeys (ConfUtils.java:logGet(43)) - raft.server.snapshot.auto.trigger.enabled = true (custom)
2019-09-12 11:30:41,989 [pool-93-thread-1] INFO  server.RaftServerConfigKeys (ConfUtils.java:logGet(43)) - raft.server.snapshot.auto.trigger.threshold = 10000 (custom)
2019-09-12 11:30:41,989 [pool-93-thread-1] INFO  server.RaftServerConfigKeys (ConfUtils.java:logGet(43)) - raft.server.retrycache.expirytime = 600000ms (custom)
2019-09-12 11:30:41,989 [pool-93-thread-1] INFO  impl.RaftServerImpl (RaftServerImpl.java:start(180)) - 63a2c513-e651-4cfd-9092-3873a710e112: start group-4C11911F8BB8
2019-09-12 11:30:41,989 [pool-93-thread-1] INFO  impl.RaftServerImpl (RaftServerImpl.java:setRole(171)) - 63a2c513-e651-4cfd-9092-3873a710e112:group-4C11911F8BB8 changes role from null to FOLLOWER at term 0 for startAsFollower
2019-09-12 11:30:41,990 [pool-93-thread-1] INFO  impl.RoleInfo (RoleInfo.java:updateAndGet(143)) - 63a2c513-e651-4cfd-9092-3873a710e112: start FollowerState
2019-09-12 11:30:41,990 [pool-93-thread-1] INFO  util.JmxRegister (JmxRegister.java:tryRegister(44)) - Successfully registered JMX Bean with object name Ratis:service=RaftServer,group=group-4C11911F8BB8,id=63a2c513-e651-4cfd-9092-3873a710e112
2019-09-12 11:30:41,994 [RatisPipelineUtilsThread] INFO  pipeline.PipelineStateManager (PipelineStateManager.java:addPipeline(56)) - Created pipeline Pipeline[ Id: 001e4e7e-efce-4c7d-a49a-4c11911f8bb8, Nodes: 63a2c513-e651-4cfd-9092-3873a710e112{ip: 192.168.36.114, host: pr-hdds-1569-58hkm-1881083799, networkLocation: /default-rack, certSerialId: null}, Type:RATIS, Factor:ONE, State:OPEN]
2019-09-12 11:30:41,994 [RatisPipelineUtilsThread] ERROR pipeline.PipelinePlacementPolicy (PipelinePlacementPolicy.java:meetCriteria(92)) - Pipeline Placement: Doesn't meet the criteria to be viable node. Heaviness: 6
2019-09-12 11:30:41,994 [RatisPipelineUtilsThread] ERROR pipeline.PipelinePlacementPolicy (PipelinePlacementPolicy.java:meetCriteria(92)) - Pipeline Placement: Doesn't meet the criteria to be viable node. Heaviness: 6
2019-09-12 11:30:41,994 [RatisPipelineUtilsThread] ERROR pipeline.PipelinePlacementPolicy (PipelinePlacementPolicy.java:meetCriteria(92)) - Pipeline Placement: Doesn't meet the criteria to be viable node. Heaviness: 6
2019-09-12 11:30:41,994 [RatisPipelineUtilsThread] ERROR pipeline.PipelinePlacementPolicy (PipelinePlacementPolicy.java:meetCriteria(92)) - Pipeline Placement: Doesn't meet the criteria to be viable node. Heaviness: 6
2019-09-12 11:30:41,995 [RatisPipelineUtilsThread] ERROR pipeline.PipelinePlacementPolicy (PipelinePlacementPolicy.java:meetCriteria(92)) - Pipeline Placement: Doesn't meet the criteria to be viable node. Heaviness: 6
2019-09-12 11:30:41,995 [RatisPipelineUtilsThread] ERROR pipeline.PipelinePlacementPolicy (PipelinePlacementPolicy.java:meetCriteria(92)) - Pipeline Placement: Doesn't meet the criteria to be viable node. Heaviness: 6
2019-09-12 11:30:41,995 [RatisPipelineUtilsThread] ERROR pipeline.PipelinePlacementPolicy (PipelinePlacementPolicy.java:meetCriteria(92)) - Pipeline Placement: Doesn't meet the criteria to be viable node. Heaviness: 6
2019-09-12 11:30:41,995 [RatisPipelineUtilsThread] ERROR pipeline.PipelinePlacementPolicy (PipelinePlacementPolicy.java:meetCriteria(92)) - Pipeline Placement: Doesn't meet the criteria to be viable node. Heaviness: 6
2019-09-12 11:30:42,007 [grpc-default-executor-0] INFO  impl.RaftServerProxy (RaftServerProxy.java:addNew(89)) - b0998cbd-0da9-45e0-86de-67ec8cdedc86: addNew group-C28D3ADD1279:[b0998cbd-0da9-45e0-86de-67ec8cdedc86:192.168.36.114:46815] returns group-C28D3ADD1279:java.util.concurrent.CompletableFuture@46ae6e04[Not completed]
2019-09-12 11:30:42,015 [pool-126-thread-1] INFO  impl.RaftServerImpl (RaftServerImpl.java:<init>(93)) - b0998cbd-0da9-45e0-86de-67ec8cdedc86: new RaftServerImpl for group-C28D3ADD1279:[b0998cbd-0da9-45e0-86de-67ec8cdedc86:192.168.36.114:46815] with ContainerStateMachine:uninitialized
2019-09-12 11:30:42,015 [pool-126-thread-1] INFO  server.RaftServerConfigKeys (ConfUtils.java:logGet(43)) - raft.server.rpc.timeout.min = 5s (custom)
2019-09-12 11:30:42,015 [pool-126-thread-1] INFO  server.RaftServerConfigKeys (ConfUtils.java:logGet(43)) - raft.server.rpc.timeout.max = 5200ms (custom)
2019-09-12 11:30:42,015 [pool-126-thread-1] INFO  server.RaftServerConfigKeys (ConfUtils.java:logGet(43)) - raft.server.rpcslowness.timeout = 120s (custom)
2019-09-12 11:30:42,015 [pool-126-thread-1] INFO  server.RaftServerConfigKeys (ConfUtils.java:logGet(43)) - raft.server.sleep.deviation.threshold = 300 (default)
2019-09-12 11:30:42,015 [pool-126-thread-1] INFO  server.RaftServerConfigKeys (ConfUtils.java:logGet(43)) - raft.server.log.appender.install.snapshot.enabled = false (custom)
2019-09-12 11:30:42,016 [pool-126-thread-1] INFO  impl.RaftServerImpl (ServerState.java:<init>(105)) - b0998cbd-0da9-45e0-86de-67ec8cdedc86:group-C28D3ADD1279 ConfigurationManager, init=-1: [b0998cbd-0da9-45e0-86de-67ec8cdedc86:192.168.36.114:46815], old=null, confs=<EMPTY_MAP>
2019-09-12 11:30:42,016 | INFO  | SCMAudit | user=jenkins1000 | ip=192.168.36.114 | op=SEND_HEARTBEAT {datanodeUUID=08a21858-3fe1-4902-a000-628c438c5bdb, command=[]} | ret=SUCCESS |  
2019-09-12 11:30:42,016 [pool-126-thread-1] INFO  server.RaftServerConfigKeys (ConfUtils.java:logGet(43)) - raft.server.storage.dir = [/workdir/hadoop-ozone/integration-test/target/test-dir/MiniOzoneClusterImpl-299c34b2-84c4-4da4-b63e-5faf1abba283/datanode-9/data/ratis] (custom)
2019-09-12 11:30:42,016 [pool-126-thread-1] INFO  storage.RaftStorageDirectory (RaftStorageDirectory.java:analyzeStorage(246)) - The storage directory /workdir/hadoop-ozone/integration-test/target/test-dir/MiniOzoneClusterImpl-299c34b2-84c4-4da4-b63e-5faf1abba283/datanode-9/data/ratis/db02ed98-8715-4ee6-8b7c-c28d3add1279 does not exist. Creating ...
2019-09-12 11:30:42,029 [pool-126-thread-1] INFO  storage.RaftStorageDirectory (RaftStorageDirectory.java:tryLock(328)) - Lock on /workdir/hadoop-ozone/integration-test/target/test-dir/MiniOzoneClusterImpl-299c34b2-84c4-4da4-b63e-5faf1abba283/datanode-9/data/ratis/db02ed98-8715-4ee6-8b7c-c28d3add1279/in_use.lock acquired by nodename 16167@pr-hdds-1569-58hkm-1881083799
2019-09-12 11:30:42,042 [pool-126-thread-1] INFO  storage.RaftStorage (RaftStorage.java:format(72)) - Storage directory /workdir/hadoop-ozone/integration-test/target/test-dir/MiniOzoneClusterImpl-299c34b2-84c4-4da4-b63e-5faf1abba283/datanode-9/data/ratis/db02ed98-8715-4ee6-8b7c-c28d3add1279 has been successfully formatted.
2019-09-12 11:30:42,042 [pool-126-thread-1] INFO  ratis.ContainerStateMachine (ContainerStateMachine.java:loadSnapshot(226)) - group-C28D3ADD1279: The snapshot info is null. Setting the last applied indexto:(t:0, i:~)
2019-09-12 11:30:42,042 [pool-126-thread-1] INFO  server.RaftServerConfigKeys (ConfUtils.java:logGet(43)) - raft.server.leader.election.timeout = 120s (custom)
2019-09-12 11:30:42,043 [pool-126-thread-1] INFO  server.RaftServerConfigKeys (ConfUtils.java:logGet(43)) - raft.server.log.use.memory = false (default)
2019-09-12 11:30:42,043 [pool-126-thread-1] INFO  server.RaftServerConfigKeys (ConfUtils.java:logGet(43)) - raft.server.log.purge.gap = 1000000 (custom)
2019-09-12 11:30:42,043 [pool-126-thread-1] INFO  server.RaftServerConfigKeys (ConfUtils.java:logGet(43)) - raft.server.log.appender.buffer.byte-limit = 33554432 (custom)
2019-09-12 11:30:42,043 [pool-126-thread-1] INFO  server.RaftServerConfigKeys (ConfUtils.java:logGet(43)) - raft.server.log.segment.size.max = 1048576 (custom)
2019-09-12 11:30:42,043 [pool-126-thread-1] INFO  server.RaftServerConfigKeys (ConfUtils.java:logGet(43)) - raft.server.log.segment.cache.num.max = 2 (custom)
2019-09-12 11:30:42,044 [pool-126-thread-1] INFO  segmented.SegmentedRaftLogWorker (SegmentedRaftLogWorker.java:<init>(172)) - new b0998cbd-0da9-45e0-86de-67ec8cdedc86-SegmentedRaftLogWorker:Storage Directory /workdir/hadoop-ozone/integration-test/target/test-dir/MiniOzoneClusterImpl-299c34b2-84c4-4da4-b63e-5faf1abba283/datanode-9/data/ratis/db02ed98-8715-4ee6-8b7c-c28d3add1279 for RaftStorage:Storage Directory /workdir/hadoop-ozone/integration-test/target/test-dir/MiniOzoneClusterImpl-299c34b2-84c4-4da4-b63e-5faf1abba283/datanode-9/data/ratis/db02ed98-8715-4ee6-8b7c-c28d3add1279
2019-09-12 11:30:42,044 [pool-126-thread-1] INFO  server.RaftServerConfigKeys (ConfUtils.java:logGet(43)) - raft.server.log.queue.byte-limit = 2147483647 (custom)
2019-09-12 11:30:42,044 [pool-126-thread-1] INFO  server.RaftServerConfigKeys (ConfUtils.java:logGet(43)) - raft.server.log.queue.element-limit = 1024 (custom)
2019-09-12 11:30:42,044 [pool-126-thread-1] INFO  server.RaftServerConfigKeys (ConfUtils.java:logGet(43)) - raft.server.log.segment.size.max = 1048576 (custom)
2019-09-12 11:30:42,045 [pool-126-thread-1] INFO  server.RaftServerConfigKeys (ConfUtils.java:logGet(43)) - raft.server.log.preallocated.size = 16384 (custom)
2019-09-12 11:30:42,045 [pool-126-thread-1] INFO  server.RaftServerConfigKeys (ConfUtils.java:logGet(43)) - raft.server.log.write.buffer.size = 33554432 (custom)
2019-09-12 11:30:42,045 [pool-126-thread-1] INFO  server.RaftServerConfigKeys (ConfUtils.java:logGet(43)) - raft.server.log.force.sync.num = 128 (default)
2019-09-12 11:30:42,045 [pool-126-thread-1] INFO  server.RaftServerConfigKeys (ConfUtils.java:logGet(43)) - raft.server.log.statemachine.data.sync = true (default)
2019-09-12 11:30:42,046 [pool-126-thread-1] INFO  server.RaftServerConfigKeys (ConfUtils.java:logGet(43)) - raft.server.log.statemachine.data.sync.timeout = 10s (default)
2019-09-12 11:30:42,046 [pool-126-thread-1] INFO  server.RaftServerConfigKeys (ConfUtils.java:logGet(43)) - raft.server.log.statemachine.data.sync.timeout.retry = -1 (default)
2019-09-12 11:30:42,047 [pool-126-thread-1] INFO  server.RaftServerConfigKeys (ConfUtils.java:logGet(43)) - raft.server.log.statemachine.data.caching.enabled = true (custom)
2019-09-12 11:30:42,047 [pool-126-thread-1] INFO  segmented.SegmentedRaftLogWorker (SegmentedRaftLogWorker.java:lambda$new$0(132)) - b0998cbd-0da9-45e0-86de-67ec8cdedc86-SegmentedRaftLogWorker:Storage Directory /workdir/hadoop-ozone/integration-test/target/test-dir/MiniOzoneClusterImpl-299c34b2-84c4-4da4-b63e-5faf1abba283/datanode-9/data/ratis/db02ed98-8715-4ee6-8b7c-c28d3add1279: flushIndex: setUnconditionally 0 -> -1
2019-09-12 11:30:42,048 [pool-126-thread-1] INFO  server.RaftServerConfigKeys (ConfUtils.java:logGet(43)) - raft.server.snapshot.auto.trigger.enabled = true (custom)
2019-09-12 11:30:42,048 [pool-126-thread-1] INFO  server.RaftServerConfigKeys (ConfUtils.java:logGet(43)) - raft.server.snapshot.auto.trigger.threshold = 10000 (custom)
2019-09-12 11:30:42,048 [pool-126-thread-1] INFO  server.RaftServerConfigKeys (ConfUtils.java:logGet(43)) - raft.server.retrycache.expirytime = 600000ms (custom)
2019-09-12 11:30:42,049 [pool-126-thread-1] INFO  impl.RaftServerImpl (RaftServerImpl.java:start(180)) - b0998cbd-0da9-45e0-86de-67ec8cdedc86: start group-C28D3ADD1279
2019-09-12 11:30:42,049 [pool-126-thread-1] INFO  impl.RaftServerImpl (RaftServerImpl.java:setRole(171)) - b0998cbd-0da9-45e0-86de-67ec8cdedc86:group-C28D3ADD1279 changes role from null to FOLLOWER at term 0 for startAsFollower
2019-09-12 11:30:42,049 [pool-126-thread-1] INFO  impl.RoleInfo (RoleInfo.java:updateAndGet(143)) - b0998cbd-0da9-45e0-86de-67ec8cdedc86: start FollowerState
2019-09-12 11:30:42,050 [pool-126-thread-1] INFO  util.JmxRegister (JmxRegister.java:tryRegister(44)) - Successfully registered JMX Bean with object name Ratis:service=RaftServer,group=group-C28D3ADD1279,id=b0998cbd-0da9-45e0-86de-67ec8cdedc86
2019-09-12 11:30:42,053 [RatisPipelineUtilsThread] INFO  pipeline.PipelineStateManager (PipelineStateManager.java:addPipeline(56)) - Created pipeline Pipeline[ Id: db02ed98-8715-4ee6-8b7c-c28d3add1279, Nodes: b0998cbd-0da9-45e0-86de-67ec8cdedc86{ip: 192.168.36.114, host: pr-hdds-1569-58hkm-1881083799, networkLocation: /default-rack, certSerialId: null}, Type:RATIS, Factor:ONE, State:OPEN]
2019-09-12 11:30:42,054 [RatisPipelineUtilsThread] ERROR pipeline.PipelinePlacementPolicy (PipelinePlacementPolicy.java:meetCriteria(92)) - Pipeline Placement: Doesn't meet the criteria to be viable node. Heaviness: 6
2019-09-12 11:30:42,054 [RatisPipelineUtilsThread] ERROR pipeline.PipelinePlacementPolicy (PipelinePlacementPolicy.java:meetCriteria(92)) - Pipeline Placement: Doesn't meet the criteria to be viable node. Heaviness: 6
2019-09-12 11:30:42,054 [RatisPipelineUtilsThread] ERROR pipeline.PipelinePlacementPolicy (PipelinePlacementPolicy.java:meetCriteria(92)) - Pipeline Placement: Doesn't meet the criteria to be viable node. Heaviness: 6
2019-09-12 11:30:42,054 [RatisPipelineUtilsThread] ERROR pipeline.PipelinePlacementPolicy (PipelinePlacementPolicy.java:meetCriteria(92)) - Pipeline Placement: Doesn't meet the criteria to be viable node. Heaviness: 6
2019-09-12 11:30:42,055 [RatisPipelineUtilsThread] ERROR pipeline.PipelinePlacementPolicy (PipelinePlacementPolicy.java:meetCriteria(92)) - Pipeline Placement: Doesn't meet the criteria to be viable node. Heaviness: 6
2019-09-12 11:30:42,055 [RatisPipelineUtilsThread] ERROR pipeline.PipelinePlacementPolicy (PipelinePlacementPolicy.java:meetCriteria(92)) - Pipeline Placement: Doesn't meet the criteria to be viable node. Heaviness: 6
2019-09-12 11:30:42,055 [RatisPipelineUtilsThread] ERROR pipeline.PipelinePlacementPolicy (PipelinePlacementPolicy.java:meetCriteria(92)) - Pipeline Placement: Doesn't meet the criteria to be viable node. Heaviness: 6
2019-09-12 11:30:42,055 [RatisPipelineUtilsThread] ERROR pipeline.PipelinePlacementPolicy (PipelinePlacementPolicy.java:meetCriteria(92)) - Pipeline Placement: Doesn't meet the criteria to be viable node. Heaviness: 6
2019-09-12 11:30:42,071 [grpc-default-executor-0] INFO  impl.RaftServerProxy (RaftServerProxy.java:addNew(89)) - 08a21858-3fe1-4902-a000-628c438c5bdb: addNew group-BC9791D97F81:[08a21858-3fe1-4902-a000-628c438c5bdb:192.168.36.114:35829] returns group-BC9791D97F81:java.util.concurrent.CompletableFuture@41e4091a[Not completed]
2019-09-12 11:30:42,086 [pool-115-thread-1] INFO  impl.RaftServerImpl (RaftServerImpl.java:<init>(93)) - 08a21858-3fe1-4902-a000-628c438c5bdb: new RaftServerImpl for group-BC9791D97F81:[08a21858-3fe1-4902-a000-628c438c5bdb:192.168.36.114:35829] with ContainerStateMachine:uninitialized
2019-09-12 11:30:42,086 [pool-115-thread-1] INFO  server.RaftServerConfigKeys (ConfUtils.java:logGet(43)) - raft.server.rpc.timeout.min = 5s (custom)
2019-09-12 11:30:42,087 [pool-115-thread-1] INFO  server.RaftServerConfigKeys (ConfUtils.java:logGet(43)) - raft.server.rpc.timeout.max = 5200ms (custom)
2019-09-12 11:30:42,087 [pool-115-thread-1] INFO  server.RaftServerConfigKeys (ConfUtils.java:logGet(43)) - raft.server.rpcslowness.timeout = 120s (custom)
2019-09-12 11:30:42,087 [pool-115-thread-1] INFO  server.RaftServerConfigKeys (ConfUtils.java:logGet(43)) - raft.server.sleep.deviation.threshold = 300 (default)
2019-09-12 11:30:42,087 [pool-115-thread-1] INFO  server.RaftServerConfigKeys (ConfUtils.java:logGet(43)) - raft.server.log.appender.install.snapshot.enabled = false (custom)
2019-09-12 11:30:42,087 | INFO  | SCMAudit | user=jenkins1000 | ip=192.168.36.114 | op=SEND_HEARTBEAT {datanodeUUID=6cc98a42-1a7b-4e12-8153-9cd82e3a5d9f, command=[]} | ret=SUCCESS |  
2019-09-12 11:30:42,088 [pool-115-thread-1] INFO  impl.RaftServerImpl (ServerState.java:<init>(105)) - 08a21858-3fe1-4902-a000-628c438c5bdb:group-BC9791D97F81 ConfigurationManager, init=-1: [08a21858-3fe1-4902-a000-628c438c5bdb:192.168.36.114:35829], old=null, confs=<EMPTY_MAP>
2019-09-12 11:30:42,088 | INFO  | SCMAudit | user=jenkins1000 | ip=192.168.36.114 | op=SEND_HEARTBEAT {datanodeUUID=55e84e38-2716-4d7a-ba5b-b02233998fb0, command=[]} | ret=SUCCESS |  
2019-09-12 11:30:42,088 [pool-115-thread-1] INFO  server.RaftServerConfigKeys (ConfUtils.java:logGet(43)) - raft.server.storage.dir = [/workdir/hadoop-ozone/integration-test/target/test-dir/MiniOzoneClusterImpl-299c34b2-84c4-4da4-b63e-5faf1abba283/datanode-8/data/ratis] (custom)
2019-09-12 11:30:42,089 [pool-115-thread-1] INFO  storage.RaftStorageDirectory (RaftStorageDirectory.java:analyzeStorage(246)) - The storage directory /workdir/hadoop-ozone/integration-test/target/test-dir/MiniOzoneClusterImpl-299c34b2-84c4-4da4-b63e-5faf1abba283/datanode-8/data/ratis/19bb33dd-2fee-42b6-af29-bc9791d97f81 does not exist. Creating ...
2019-09-12 11:30:42,102 [pool-115-thread-1] INFO  storage.RaftStorageDirectory (RaftStorageDirectory.java:tryLock(328)) - Lock on /workdir/hadoop-ozone/integration-test/target/test-dir/MiniOzoneClusterImpl-299c34b2-84c4-4da4-b63e-5faf1abba283/datanode-8/data/ratis/19bb33dd-2fee-42b6-af29-bc9791d97f81/in_use.lock acquired by nodename 16167@pr-hdds-1569-58hkm-1881083799
2019-09-12 11:30:42,123 [pool-115-thread-1] INFO  storage.RaftStorage (RaftStorage.java:format(72)) - Storage directory /workdir/hadoop-ozone/integration-test/target/test-dir/MiniOzoneClusterImpl-299c34b2-84c4-4da4-b63e-5faf1abba283/datanode-8/data/ratis/19bb33dd-2fee-42b6-af29-bc9791d97f81 has been successfully formatted.
2019-09-12 11:30:42,123 [pool-115-thread-1] INFO  ratis.ContainerStateMachine (ContainerStateMachine.java:loadSnapshot(226)) - group-BC9791D97F81: The snapshot info is null. Setting the last applied indexto:(t:0, i:~)
2019-09-12 11:30:42,124 [pool-115-thread-1] INFO  server.RaftServerConfigKeys (ConfUtils.java:logGet(43)) - raft.server.leader.election.timeout = 120s (custom)
2019-09-12 11:30:42,124 [pool-115-thread-1] INFO  server.RaftServerConfigKeys (ConfUtils.java:logGet(43)) - raft.server.log.use.memory = false (default)
2019-09-12 11:30:42,124 [pool-115-thread-1] INFO  server.RaftServerConfigKeys (ConfUtils.java:logGet(43)) - raft.server.log.purge.gap = 1000000 (custom)
2019-09-12 11:30:42,124 [pool-115-thread-1] INFO  server.RaftServerConfigKeys (ConfUtils.java:logGet(43)) - raft.server.log.appender.buffer.byte-limit = 33554432 (custom)
2019-09-12 11:30:42,124 [pool-115-thread-1] INFO  server.RaftServerConfigKeys (ConfUtils.java:logGet(43)) - raft.server.log.segment.size.max = 1048576 (custom)
2019-09-12 11:30:42,125 [pool-115-thread-1] INFO  server.RaftServerConfigKeys (ConfUtils.java:logGet(43)) - raft.server.log.segment.cache.num.max = 2 (custom)
2019-09-12 11:30:42,125 [pool-115-thread-1] INFO  segmented.SegmentedRaftLogWorker (SegmentedRaftLogWorker.java:<init>(172)) - new 08a21858-3fe1-4902-a000-628c438c5bdb-SegmentedRaftLogWorker:Storage Directory /workdir/hadoop-ozone/integration-test/target/test-dir/MiniOzoneClusterImpl-299c34b2-84c4-4da4-b63e-5faf1abba283/datanode-8/data/ratis/19bb33dd-2fee-42b6-af29-bc9791d97f81 for RaftStorage:Storage Directory /workdir/hadoop-ozone/integration-test/target/test-dir/MiniOzoneClusterImpl-299c34b2-84c4-4da4-b63e-5faf1abba283/datanode-8/data/ratis/19bb33dd-2fee-42b6-af29-bc9791d97f81
2019-09-12 11:30:42,125 [pool-115-thread-1] INFO  server.RaftServerConfigKeys (ConfUtils.java:logGet(43)) - raft.server.log.queue.byte-limit = 2147483647 (custom)
2019-09-12 11:30:42,125 [pool-115-thread-1] INFO  server.RaftServerConfigKeys (ConfUtils.java:logGet(43)) - raft.server.log.queue.element-limit = 1024 (custom)
2019-09-12 11:30:42,126 [pool-115-thread-1] INFO  server.RaftServerConfigKeys (ConfUtils.java:logGet(43)) - raft.server.log.segment.size.max = 1048576 (custom)
2019-09-12 11:30:42,126 [pool-115-thread-1] INFO  server.RaftServerConfigKeys (ConfUtils.java:logGet(43)) - raft.server.log.preallocated.size = 16384 (custom)
2019-09-12 11:30:42,126 [pool-115-thread-1] INFO  server.RaftServerConfigKeys (ConfUtils.java:logGet(43)) - raft.server.log.write.buffer.size = 33554432 (custom)
2019-09-12 11:30:42,126 [pool-115-thread-1] INFO  server.RaftServerConfigKeys (ConfUtils.java:logGet(43)) - raft.server.log.force.sync.num = 128 (default)
2019-09-12 11:30:42,126 [pool-115-thread-1] INFO  server.RaftServerConfigKeys (ConfUtils.java:logGet(43)) - raft.server.log.statemachine.data.sync = true (default)
2019-09-12 11:30:42,126 [pool-115-thread-1] INFO  server.RaftServerConfigKeys (ConfUtils.java:logGet(43)) - raft.server.log.statemachine.data.sync.timeout = 10s (default)
2019-09-12 11:30:42,127 [pool-115-thread-1] INFO  server.RaftServerConfigKeys (ConfUtils.java:logGet(43)) - raft.server.log.statemachine.data.sync.timeout.retry = -1 (default)
2019-09-12 11:30:42,127 [pool-115-thread-1] INFO  server.RaftServerConfigKeys (ConfUtils.java:logGet(43)) - raft.server.log.statemachine.data.caching.enabled = true (custom)
2019-09-12 11:30:42,127 [pool-115-thread-1] INFO  segmented.SegmentedRaftLogWorker (SegmentedRaftLogWorker.java:lambda$new$0(132)) - 08a21858-3fe1-4902-a000-628c438c5bdb-SegmentedRaftLogWorker:Storage Directory /workdir/hadoop-ozone/integration-test/target/test-dir/MiniOzoneClusterImpl-299c34b2-84c4-4da4-b63e-5faf1abba283/datanode-8/data/ratis/19bb33dd-2fee-42b6-af29-bc9791d97f81: flushIndex: setUnconditionally 0 -> -1
2019-09-12 11:30:42,128 [pool-115-thread-1] INFO  server.RaftServerConfigKeys (ConfUtils.java:logGet(43)) - raft.server.snapshot.auto.trigger.enabled = true (custom)
2019-09-12 11:30:42,128 [pool-115-thread-1] INFO  server.RaftServerConfigKeys (ConfUtils.java:logGet(43)) - raft.server.snapshot.auto.trigger.threshold = 10000 (custom)
2019-09-12 11:30:42,128 [pool-115-thread-1] INFO  server.RaftServerConfigKeys (ConfUtils.java:logGet(43)) - raft.server.retrycache.expirytime = 600000ms (custom)
2019-09-12 11:30:42,129 [pool-115-thread-1] INFO  impl.RaftServerImpl (RaftServerImpl.java:start(180)) - 08a21858-3fe1-4902-a000-628c438c5bdb: start group-BC9791D97F81
2019-09-12 11:30:42,129 [pool-115-thread-1] INFO  impl.RaftServerImpl (RaftServerImpl.java:setRole(171)) - 08a21858-3fe1-4902-a000-628c438c5bdb:group-BC9791D97F81 changes role from null to FOLLOWER at term 0 for startAsFollower
2019-09-12 11:30:42,129 [pool-115-thread-1] INFO  impl.RoleInfo (RoleInfo.java:updateAndGet(143)) - 08a21858-3fe1-4902-a000-628c438c5bdb: start FollowerState
2019-09-12 11:30:42,130 [pool-115-thread-1] INFO  util.JmxRegister (JmxRegister.java:tryRegister(44)) - Successfully registered JMX Bean with object name Ratis:service=RaftServer,group=group-BC9791D97F81,id=08a21858-3fe1-4902-a000-628c438c5bdb
2019-09-12 11:30:42,134 [RatisPipelineUtilsThread] INFO  pipeline.PipelineStateManager (PipelineStateManager.java:addPipeline(56)) - Created pipeline Pipeline[ Id: 19bb33dd-2fee-42b6-af29-bc9791d97f81, Nodes: 08a21858-3fe1-4902-a000-628c438c5bdb{ip: 192.168.36.114, host: pr-hdds-1569-58hkm-1881083799, networkLocation: /default-rack, certSerialId: null}, Type:RATIS, Factor:ONE, State:OPEN]
2019-09-12 11:30:42,134 [RatisPipelineUtilsThread] ERROR pipeline.PipelinePlacementPolicy (PipelinePlacementPolicy.java:meetCriteria(92)) - Pipeline Placement: Doesn't meet the criteria to be viable node. Heaviness: 6
2019-09-12 11:30:42,134 [RatisPipelineUtilsThread] ERROR pipeline.PipelinePlacementPolicy (PipelinePlacementPolicy.java:meetCriteria(92)) - Pipeline Placement: Doesn't meet the criteria to be viable node. Heaviness: 6
2019-09-12 11:30:42,134 [RatisPipelineUtilsThread] ERROR pipeline.PipelinePlacementPolicy (PipelinePlacementPolicy.java:meetCriteria(92)) - Pipeline Placement: Doesn't meet the criteria to be viable node. Heaviness: 6
2019-09-12 11:30:42,134 [RatisPipelineUtilsThread] ERROR pipeline.PipelinePlacementPolicy (PipelinePlacementPolicy.java:meetCriteria(92)) - Pipeline Placement: Doesn't meet the criteria to be viable node. Heaviness: 6
2019-09-12 11:30:42,135 [RatisPipelineUtilsThread] ERROR pipeline.PipelinePlacementPolicy (PipelinePlacementPolicy.java:meetCriteria(92)) - Pipeline Placement: Doesn't meet the criteria to be viable node. Heaviness: 6
2019-09-12 11:30:42,135 [RatisPipelineUtilsThread] ERROR pipeline.PipelinePlacementPolicy (PipelinePlacementPolicy.java:meetCriteria(92)) - Pipeline Placement: Doesn't meet the criteria to be viable node. Heaviness: 6
2019-09-12 11:30:42,135 [RatisPipelineUtilsThread] ERROR pipeline.PipelinePlacementPolicy (PipelinePlacementPolicy.java:meetCriteria(92)) - Pipeline Placement: Doesn't meet the criteria to be viable node. Heaviness: 6
2019-09-12 11:30:42,135 [RatisPipelineUtilsThread] ERROR pipeline.PipelinePlacementPolicy (PipelinePlacementPolicy.java:meetCriteria(92)) - Pipeline Placement: Doesn't meet the criteria to be viable node. Heaviness: 6
2019-09-12 11:30:42,143 [grpc-default-executor-0] INFO  impl.RaftServerProxy (RaftServerProxy.java:addNew(89)) - 08a21858-3fe1-4902-a000-628c438c5bdb: addNew group-0293A45C7C4F:[08a21858-3fe1-4902-a000-628c438c5bdb:192.168.36.114:35829] returns group-0293A45C7C4F:java.util.concurrent.CompletableFuture@64b1b1d7[Not completed]
2019-09-12 11:30:42,144 [pool-115-thread-1] INFO  impl.RaftServerImpl (RaftServerImpl.java:<init>(93)) - 08a21858-3fe1-4902-a000-628c438c5bdb: new RaftServerImpl for group-0293A45C7C4F:[08a21858-3fe1-4902-a000-628c438c5bdb:192.168.36.114:35829] with ContainerStateMachine:uninitialized
2019-09-12 11:30:42,144 [pool-115-thread-1] INFO  server.RaftServerConfigKeys (ConfUtils.java:logGet(43)) - raft.server.rpc.timeout.min = 5s (custom)
2019-09-12 11:30:42,145 [pool-115-thread-1] INFO  server.RaftServerConfigKeys (ConfUtils.java:logGet(43)) - raft.server.rpc.timeout.max = 5200ms (custom)
2019-09-12 11:30:42,145 [pool-115-thread-1] INFO  server.RaftServerConfigKeys (ConfUtils.java:logGet(43)) - raft.server.rpcslowness.timeout = 120s (custom)
2019-09-12 11:30:42,145 [pool-115-thread-1] INFO  server.RaftServerConfigKeys (ConfUtils.java:logGet(43)) - raft.server.sleep.deviation.threshold = 300 (default)
2019-09-12 11:30:42,145 [pool-115-thread-1] INFO  server.RaftServerConfigKeys (ConfUtils.java:logGet(43)) - raft.server.log.appender.install.snapshot.enabled = false (custom)
2019-09-12 11:30:42,145 [pool-115-thread-1] INFO  impl.RaftServerImpl (ServerState.java:<init>(105)) - 08a21858-3fe1-4902-a000-628c438c5bdb:group-0293A45C7C4F ConfigurationManager, init=-1: [08a21858-3fe1-4902-a000-628c438c5bdb:192.168.36.114:35829], old=null, confs=<EMPTY_MAP>
2019-09-12 11:30:42,145 [pool-115-thread-1] INFO  server.RaftServerConfigKeys (ConfUtils.java:logGet(43)) - raft.server.storage.dir = [/workdir/hadoop-ozone/integration-test/target/test-dir/MiniOzoneClusterImpl-299c34b2-84c4-4da4-b63e-5faf1abba283/datanode-8/data/ratis] (custom)
2019-09-12 11:30:42,146 [pool-115-thread-1] INFO  storage.RaftStorageDirectory (RaftStorageDirectory.java:analyzeStorage(246)) - The storage directory /workdir/hadoop-ozone/integration-test/target/test-dir/MiniOzoneClusterImpl-299c34b2-84c4-4da4-b63e-5faf1abba283/datanode-8/data/ratis/01b18942-4f4a-4358-9209-0293a45c7c4f does not exist. Creating ...
2019-09-12 11:30:42,170 [pool-115-thread-1] INFO  storage.RaftStorageDirectory (RaftStorageDirectory.java:tryLock(328)) - Lock on /workdir/hadoop-ozone/integration-test/target/test-dir/MiniOzoneClusterImpl-299c34b2-84c4-4da4-b63e-5faf1abba283/datanode-8/data/ratis/01b18942-4f4a-4358-9209-0293a45c7c4f/in_use.lock acquired by nodename 16167@pr-hdds-1569-58hkm-1881083799
2019-09-12 11:30:42,183 [pool-115-thread-1] INFO  storage.RaftStorage (RaftStorage.java:format(72)) - Storage directory /workdir/hadoop-ozone/integration-test/target/test-dir/MiniOzoneClusterImpl-299c34b2-84c4-4da4-b63e-5faf1abba283/datanode-8/data/ratis/01b18942-4f4a-4358-9209-0293a45c7c4f has been successfully formatted.
2019-09-12 11:30:42,183 [pool-115-thread-1] INFO  ratis.ContainerStateMachine (ContainerStateMachine.java:loadSnapshot(226)) - group-0293A45C7C4F: The snapshot info is null. Setting the last applied indexto:(t:0, i:~)
2019-09-12 11:30:42,183 [pool-115-thread-1] INFO  server.RaftServerConfigKeys (ConfUtils.java:logGet(43)) - raft.server.leader.election.timeout = 120s (custom)
2019-09-12 11:30:42,184 [pool-115-thread-1] INFO  server.RaftServerConfigKeys (ConfUtils.java:logGet(43)) - raft.server.log.use.memory = false (default)
2019-09-12 11:30:42,184 [pool-115-thread-1] INFO  server.RaftServerConfigKeys (ConfUtils.java:logGet(43)) - raft.server.log.purge.gap = 1000000 (custom)
2019-09-12 11:30:42,184 [pool-115-thread-1] INFO  server.RaftServerConfigKeys (ConfUtils.java:logGet(43)) - raft.server.log.appender.buffer.byte-limit = 33554432 (custom)
2019-09-12 11:30:42,184 [pool-115-thread-1] INFO  server.RaftServerConfigKeys (ConfUtils.java:logGet(43)) - raft.server.log.segment.size.max = 1048576 (custom)
2019-09-12 11:30:42,184 [pool-115-thread-1] INFO  server.RaftServerConfigKeys (ConfUtils.java:logGet(43)) - raft.server.log.segment.cache.num.max = 2 (custom)
2019-09-12 11:30:42,185 [pool-115-thread-1] INFO  segmented.SegmentedRaftLogWorker (SegmentedRaftLogWorker.java:<init>(172)) - new 08a21858-3fe1-4902-a000-628c438c5bdb-SegmentedRaftLogWorker:Storage Directory /workdir/hadoop-ozone/integration-test/target/test-dir/MiniOzoneClusterImpl-299c34b2-84c4-4da4-b63e-5faf1abba283/datanode-8/data/ratis/01b18942-4f4a-4358-9209-0293a45c7c4f for RaftStorage:Storage Directory /workdir/hadoop-ozone/integration-test/target/test-dir/MiniOzoneClusterImpl-299c34b2-84c4-4da4-b63e-5faf1abba283/datanode-8/data/ratis/01b18942-4f4a-4358-9209-0293a45c7c4f
2019-09-12 11:30:42,185 [pool-115-thread-1] INFO  server.RaftServerConfigKeys (ConfUtils.java:logGet(43)) - raft.server.log.queue.byte-limit = 2147483647 (custom)
2019-09-12 11:30:42,185 [pool-115-thread-1] INFO  server.RaftServerConfigKeys (ConfUtils.java:logGet(43)) - raft.server.log.queue.element-limit = 1024 (custom)
2019-09-12 11:30:42,185 [pool-115-thread-1] INFO  server.RaftServerConfigKeys (ConfUtils.java:logGet(43)) - raft.server.log.segment.size.max = 1048576 (custom)
2019-09-12 11:30:42,185 [pool-115-thread-1] INFO  server.RaftServerConfigKeys (ConfUtils.java:logGet(43)) - raft.server.log.preallocated.size = 16384 (custom)
2019-09-12 11:30:42,186 [pool-115-thread-1] INFO  server.RaftServerConfigKeys (ConfUtils.java:logGet(43)) - raft.server.log.write.buffer.size = 33554432 (custom)
2019-09-12 11:30:42,186 [pool-115-thread-1] INFO  server.RaftServerConfigKeys (ConfUtils.java:logGet(43)) - raft.server.log.force.sync.num = 128 (default)
2019-09-12 11:30:42,186 [pool-115-thread-1] INFO  server.RaftServerConfigKeys (ConfUtils.java:logGet(43)) - raft.server.log.statemachine.data.sync = true (default)
2019-09-12 11:30:42,186 [pool-115-thread-1] INFO  server.RaftServerConfigKeys (ConfUtils.java:logGet(43)) - raft.server.log.statemachine.data.sync.timeout = 10s (default)
2019-09-12 11:30:42,186 [pool-115-thread-1] INFO  server.RaftServerConfigKeys (ConfUtils.java:logGet(43)) - raft.server.log.statemachine.data.sync.timeout.retry = -1 (default)
2019-09-12 11:30:42,187 [pool-115-thread-1] INFO  server.RaftServerConfigKeys (ConfUtils.java:logGet(43)) - raft.server.log.statemachine.data.caching.enabled = true (custom)
2019-09-12 11:30:42,187 [pool-115-thread-1] INFO  segmented.SegmentedRaftLogWorker (SegmentedRaftLogWorker.java:lambda$new$0(132)) - 08a21858-3fe1-4902-a000-628c438c5bdb-SegmentedRaftLogWorker:Storage Directory /workdir/hadoop-ozone/integration-test/target/test-dir/MiniOzoneClusterImpl-299c34b2-84c4-4da4-b63e-5faf1abba283/datanode-8/data/ratis/01b18942-4f4a-4358-9209-0293a45c7c4f: flushIndex: setUnconditionally 0 -> -1
2019-09-12 11:30:42,187 [pool-115-thread-1] INFO  server.RaftServerConfigKeys (ConfUtils.java:logGet(43)) - raft.server.snapshot.auto.trigger.enabled = true (custom)
2019-09-12 11:30:42,188 [pool-115-thread-1] INFO  server.RaftServerConfigKeys (ConfUtils.java:logGet(43)) - raft.server.snapshot.auto.trigger.threshold = 10000 (custom)
2019-09-12 11:30:42,188 [pool-115-thread-1] INFO  server.RaftServerConfigKeys (ConfUtils.java:logGet(43)) - raft.server.retrycache.expirytime = 600000ms (custom)
2019-09-12 11:30:42,188 [pool-115-thread-1] INFO  impl.RaftServerImpl (RaftServerImpl.java:start(180)) - 08a21858-3fe1-4902-a000-628c438c5bdb: start group-0293A45C7C4F
2019-09-12 11:30:42,188 [pool-115-thread-1] INFO  impl.RaftServerImpl (RaftServerImpl.java:setRole(171)) - 08a21858-3fe1-4902-a000-628c438c5bdb:group-0293A45C7C4F changes role from null to FOLLOWER at term 0 for startAsFollower
2019-09-12 11:30:42,188 [pool-115-thread-1] INFO  impl.RoleInfo (RoleInfo.java:updateAndGet(143)) - 08a21858-3fe1-4902-a000-628c438c5bdb: start FollowerState
2019-09-12 11:30:42,189 [pool-115-thread-1] INFO  util.JmxRegister (JmxRegister.java:tryRegister(44)) - Successfully registered JMX Bean with object name Ratis:service=RaftServer,group=group-0293A45C7C4F,id=08a21858-3fe1-4902-a000-628c438c5bdb
2019-09-12 11:30:42,192 [RatisPipelineUtilsThread] INFO  pipeline.PipelineStateManager (PipelineStateManager.java:addPipeline(56)) - Created pipeline Pipeline[ Id: 01b18942-4f4a-4358-9209-0293a45c7c4f, Nodes: 08a21858-3fe1-4902-a000-628c438c5bdb{ip: 192.168.36.114, host: pr-hdds-1569-58hkm-1881083799, networkLocation: /default-rack, certSerialId: null}, Type:RATIS, Factor:ONE, State:OPEN]
2019-09-12 11:30:42,192 [RatisPipelineUtilsThread] ERROR pipeline.PipelinePlacementPolicy (PipelinePlacementPolicy.java:meetCriteria(92)) - Pipeline Placement: Doesn't meet the criteria to be viable node. Heaviness: 6
2019-09-12 11:30:42,193 [RatisPipelineUtilsThread] ERROR pipeline.PipelinePlacementPolicy (PipelinePlacementPolicy.java:meetCriteria(92)) - Pipeline Placement: Doesn't meet the criteria to be viable node. Heaviness: 6
2019-09-12 11:30:42,193 [RatisPipelineUtilsThread] ERROR pipeline.PipelinePlacementPolicy (PipelinePlacementPolicy.java:meetCriteria(92)) - Pipeline Placement: Doesn't meet the criteria to be viable node. Heaviness: 6
2019-09-12 11:30:42,193 [RatisPipelineUtilsThread] ERROR pipeline.PipelinePlacementPolicy (PipelinePlacementPolicy.java:meetCriteria(92)) - Pipeline Placement: Doesn't meet the criteria to be viable node. Heaviness: 6
2019-09-12 11:30:42,193 [RatisPipelineUtilsThread] ERROR pipeline.PipelinePlacementPolicy (PipelinePlacementPolicy.java:meetCriteria(92)) - Pipeline Placement: Doesn't meet the criteria to be viable node. Heaviness: 6
2019-09-12 11:30:42,193 [RatisPipelineUtilsThread] ERROR pipeline.PipelinePlacementPolicy (PipelinePlacementPolicy.java:meetCriteria(92)) - Pipeline Placement: Doesn't meet the criteria to be viable node. Heaviness: 6
2019-09-12 11:30:42,193 [RatisPipelineUtilsThread] ERROR pipeline.PipelinePlacementPolicy (PipelinePlacementPolicy.java:meetCriteria(92)) - Pipeline Placement: Doesn't meet the criteria to be viable node. Heaviness: 6
2019-09-12 11:30:42,193 [RatisPipelineUtilsThread] ERROR pipeline.PipelinePlacementPolicy (PipelinePlacementPolicy.java:meetCriteria(92)) - Pipeline Placement: Doesn't meet the criteria to be viable node. Heaviness: 6
2019-09-12 11:30:42,199 [grpc-default-executor-0] INFO  impl.RaftServerProxy (RaftServerProxy.java:addNew(89)) - b0998cbd-0da9-45e0-86de-67ec8cdedc86: addNew group-456BA2997973:[b0998cbd-0da9-45e0-86de-67ec8cdedc86:192.168.36.114:46815] returns group-456BA2997973:java.util.concurrent.CompletableFuture@4b335628[Not completed]
2019-09-12 11:30:42,201 [pool-126-thread-1] INFO  impl.RaftServerImpl (RaftServerImpl.java:<init>(93)) - b0998cbd-0da9-45e0-86de-67ec8cdedc86: new RaftServerImpl for group-456BA2997973:[b0998cbd-0da9-45e0-86de-67ec8cdedc86:192.168.36.114:46815] with ContainerStateMachine:uninitialized
2019-09-12 11:30:42,201 [pool-126-thread-1] INFO  server.RaftServerConfigKeys (ConfUtils.java:logGet(43)) - raft.server.rpc.timeout.min = 5s (custom)
2019-09-12 11:30:42,201 [pool-126-thread-1] INFO  server.RaftServerConfigKeys (ConfUtils.java:logGet(43)) - raft.server.rpc.timeout.max = 5200ms (custom)
2019-09-12 11:30:42,201 [pool-126-thread-1] INFO  server.RaftServerConfigKeys (ConfUtils.java:logGet(43)) - raft.server.rpcslowness.timeout = 120s (custom)
2019-09-12 11:30:42,201 [pool-126-thread-1] INFO  server.RaftServerConfigKeys (ConfUtils.java:logGet(43)) - raft.server.sleep.deviation.threshold = 300 (default)
2019-09-12 11:30:42,202 [pool-126-thread-1] INFO  server.RaftServerConfigKeys (ConfUtils.java:logGet(43)) - raft.server.log.appender.install.snapshot.enabled = false (custom)
2019-09-12 11:30:42,202 [pool-126-thread-1] INFO  impl.RaftServerImpl (ServerState.java:<init>(105)) - b0998cbd-0da9-45e0-86de-67ec8cdedc86:group-456BA2997973 ConfigurationManager, init=-1: [b0998cbd-0da9-45e0-86de-67ec8cdedc86:192.168.36.114:46815], old=null, confs=<EMPTY_MAP>
2019-09-12 11:30:42,202 [pool-126-thread-1] INFO  server.RaftServerConfigKeys (ConfUtils.java:logGet(43)) - raft.server.storage.dir = [/workdir/hadoop-ozone/integration-test/target/test-dir/MiniOzoneClusterImpl-299c34b2-84c4-4da4-b63e-5faf1abba283/datanode-9/data/ratis] (custom)
2019-09-12 11:30:42,202 [pool-126-thread-1] INFO  storage.RaftStorageDirectory (RaftStorageDirectory.java:analyzeStorage(246)) - The storage directory /workdir/hadoop-ozone/integration-test/target/test-dir/MiniOzoneClusterImpl-299c34b2-84c4-4da4-b63e-5faf1abba283/datanode-9/data/ratis/44e19996-3417-4f10-9d93-456ba2997973 does not exist. Creating ...
2019-09-12 11:30:42,215 [pool-126-thread-1] INFO  storage.RaftStorageDirectory (RaftStorageDirectory.java:tryLock(328)) - Lock on /workdir/hadoop-ozone/integration-test/target/test-dir/MiniOzoneClusterImpl-299c34b2-84c4-4da4-b63e-5faf1abba283/datanode-9/data/ratis/44e19996-3417-4f10-9d93-456ba2997973/in_use.lock acquired by nodename 16167@pr-hdds-1569-58hkm-1881083799
2019-09-12 11:30:42,228 [pool-126-thread-1] INFO  storage.RaftStorage (RaftStorage.java:format(72)) - Storage directory /workdir/hadoop-ozone/integration-test/target/test-dir/MiniOzoneClusterImpl-299c34b2-84c4-4da4-b63e-5faf1abba283/datanode-9/data/ratis/44e19996-3417-4f10-9d93-456ba2997973 has been successfully formatted.
2019-09-12 11:30:42,229 [pool-126-thread-1] INFO  ratis.ContainerStateMachine (ContainerStateMachine.java:loadSnapshot(226)) - group-456BA2997973: The snapshot info is null. Setting the last applied indexto:(t:0, i:~)
2019-09-12 11:30:42,229 [pool-126-thread-1] INFO  server.RaftServerConfigKeys (ConfUtils.java:logGet(43)) - raft.server.leader.election.timeout = 120s (custom)
2019-09-12 11:30:42,229 [pool-126-thread-1] INFO  server.RaftServerConfigKeys (ConfUtils.java:logGet(43)) - raft.server.log.use.memory = false (default)
2019-09-12 11:30:42,229 [pool-126-thread-1] INFO  server.RaftServerConfigKeys (ConfUtils.java:logGet(43)) - raft.server.log.purge.gap = 1000000 (custom)
2019-09-12 11:30:42,230 [pool-126-thread-1] INFO  server.RaftServerConfigKeys (ConfUtils.java:logGet(43)) - raft.server.log.appender.buffer.byte-limit = 33554432 (custom)
2019-09-12 11:30:42,230 [pool-126-thread-1] INFO  server.RaftServerConfigKeys (ConfUtils.java:logGet(43)) - raft.server.log.segment.size.max = 1048576 (custom)
2019-09-12 11:30:42,230 [pool-126-thread-1] INFO  server.RaftServerConfigKeys (ConfUtils.java:logGet(43)) - raft.server.log.segment.cache.num.max = 2 (custom)
2019-09-12 11:30:42,230 [pool-126-thread-1] INFO  segmented.SegmentedRaftLogWorker (SegmentedRaftLogWorker.java:<init>(172)) - new b0998cbd-0da9-45e0-86de-67ec8cdedc86-SegmentedRaftLogWorker:Storage Directory /workdir/hadoop-ozone/integration-test/target/test-dir/MiniOzoneClusterImpl-299c34b2-84c4-4da4-b63e-5faf1abba283/datanode-9/data/ratis/44e19996-3417-4f10-9d93-456ba2997973 for RaftStorage:Storage Directory /workdir/hadoop-ozone/integration-test/target/test-dir/MiniOzoneClusterImpl-299c34b2-84c4-4da4-b63e-5faf1abba283/datanode-9/data/ratis/44e19996-3417-4f10-9d93-456ba2997973
2019-09-12 11:30:42,230 [pool-126-thread-1] INFO  server.RaftServerConfigKeys (ConfUtils.java:logGet(43)) - raft.server.log.queue.byte-limit = 2147483647 (custom)
2019-09-12 11:30:42,230 [pool-126-thread-1] INFO  server.RaftServerConfigKeys (ConfUtils.java:logGet(43)) - raft.server.log.queue.element-limit = 1024 (custom)
2019-09-12 11:30:42,231 [pool-126-thread-1] INFO  server.RaftServerConfigKeys (ConfUtils.java:logGet(43)) - raft.server.log.segment.size.max = 1048576 (custom)
2019-09-12 11:30:42,231 [pool-126-thread-1] INFO  server.RaftServerConfigKeys (ConfUtils.java:logGet(43)) - raft.server.log.preallocated.size = 16384 (custom)
2019-09-12 11:30:42,231 | INFO  | SCMAudit | user=jenkins1000 | ip=192.168.36.114 | op=SEND_HEARTBEAT {datanodeUUID=b0998cbd-0da9-45e0-86de-67ec8cdedc86, command=[]} | ret=SUCCESS |  
2019-09-12 11:30:42,231 [pool-126-thread-1] INFO  server.RaftServerConfigKeys (ConfUtils.java:logGet(43)) - raft.server.log.write.buffer.size = 33554432 (custom)
2019-09-12 11:30:42,231 [pool-126-thread-1] INFO  server.RaftServerConfigKeys (ConfUtils.java:logGet(43)) - raft.server.log.force.sync.num = 128 (default)
2019-09-12 11:30:42,231 [pool-126-thread-1] INFO  server.RaftServerConfigKeys (ConfUtils.java:logGet(43)) - raft.server.log.statemachine.data.sync = true (default)
2019-09-12 11:30:42,231 [pool-126-thread-1] INFO  server.RaftServerConfigKeys (ConfUtils.java:logGet(43)) - raft.server.log.statemachine.data.sync.timeout = 10s (default)
2019-09-12 11:30:42,232 [pool-126-thread-1] INFO  server.RaftServerConfigKeys (ConfUtils.java:logGet(43)) - raft.server.log.statemachine.data.sync.timeout.retry = -1 (default)
2019-09-12 11:30:42,232 [pool-126-thread-1] INFO  server.RaftServerConfigKeys (ConfUtils.java:logGet(43)) - raft.server.log.statemachine.data.caching.enabled = true (custom)
2019-09-12 11:30:42,232 [pool-126-thread-1] INFO  segmented.SegmentedRaftLogWorker (SegmentedRaftLogWorker.java:lambda$new$0(132)) - b0998cbd-0da9-45e0-86de-67ec8cdedc86-SegmentedRaftLogWorker:Storage Directory /workdir/hadoop-ozone/integration-test/target/test-dir/MiniOzoneClusterImpl-299c34b2-84c4-4da4-b63e-5faf1abba283/datanode-9/data/ratis/44e19996-3417-4f10-9d93-456ba2997973: flushIndex: setUnconditionally 0 -> -1
2019-09-12 11:30:42,233 [pool-126-thread-1] INFO  server.RaftServerConfigKeys (ConfUtils.java:logGet(43)) - raft.server.snapshot.auto.trigger.enabled = true (custom)
2019-09-12 11:30:42,233 [pool-126-thread-1] INFO  server.RaftServerConfigKeys (ConfUtils.java:logGet(43)) - raft.server.snapshot.auto.trigger.threshold = 10000 (custom)
2019-09-12 11:30:42,233 [pool-126-thread-1] INFO  server.RaftServerConfigKeys (ConfUtils.java:logGet(43)) - raft.server.retrycache.expirytime = 600000ms (custom)
2019-09-12 11:30:42,233 [pool-126-thread-1] INFO  impl.RaftServerImpl (RaftServerImpl.java:start(180)) - b0998cbd-0da9-45e0-86de-67ec8cdedc86: start group-456BA2997973
2019-09-12 11:30:42,233 [pool-126-thread-1] INFO  impl.RaftServerImpl (RaftServerImpl.java:setRole(171)) - b0998cbd-0da9-45e0-86de-67ec8cdedc86:group-456BA2997973 changes role from null to FOLLOWER at term 0 for startAsFollower
2019-09-12 11:30:42,234 [pool-126-thread-1] INFO  impl.RoleInfo (RoleInfo.java:updateAndGet(143)) - b0998cbd-0da9-45e0-86de-67ec8cdedc86: start FollowerState
2019-09-12 11:30:42,234 [pool-126-thread-1] INFO  util.JmxRegister (JmxRegister.java:tryRegister(44)) - Successfully registered JMX Bean with object name Ratis:service=RaftServer,group=group-456BA2997973,id=b0998cbd-0da9-45e0-86de-67ec8cdedc86
2019-09-12 11:30:42,237 [RatisPipelineUtilsThread] INFO  pipeline.PipelineStateManager (PipelineStateManager.java:addPipeline(56)) - Created pipeline Pipeline[ Id: 44e19996-3417-4f10-9d93-456ba2997973, Nodes: b0998cbd-0da9-45e0-86de-67ec8cdedc86{ip: 192.168.36.114, host: pr-hdds-1569-58hkm-1881083799, networkLocation: /default-rack, certSerialId: null}, Type:RATIS, Factor:ONE, State:OPEN]
2019-09-12 11:30:42,238 [RatisPipelineUtilsThread] ERROR pipeline.PipelinePlacementPolicy (PipelinePlacementPolicy.java:meetCriteria(92)) - Pipeline Placement: Doesn't meet the criteria to be viable node. Heaviness: 6
2019-09-12 11:30:42,238 [RatisPipelineUtilsThread] ERROR pipeline.PipelinePlacementPolicy (PipelinePlacementPolicy.java:meetCriteria(92)) - Pipeline Placement: Doesn't meet the criteria to be viable node. Heaviness: 6
2019-09-12 11:30:42,238 [RatisPipelineUtilsThread] ERROR pipeline.PipelinePlacementPolicy (PipelinePlacementPolicy.java:meetCriteria(92)) - Pipeline Placement: Doesn't meet the criteria to be viable node. Heaviness: 6
2019-09-12 11:30:42,238 [RatisPipelineUtilsThread] ERROR pipeline.PipelinePlacementPolicy (PipelinePlacementPolicy.java:meetCriteria(92)) - Pipeline Placement: Doesn't meet the criteria to be viable node. Heaviness: 6
2019-09-12 11:30:42,238 [RatisPipelineUtilsThread] ERROR pipeline.PipelinePlacementPolicy (PipelinePlacementPolicy.java:meetCriteria(92)) - Pipeline Placement: Doesn't meet the criteria to be viable node. Heaviness: 6
2019-09-12 11:30:42,238 [RatisPipelineUtilsThread] ERROR pipeline.PipelinePlacementPolicy (PipelinePlacementPolicy.java:meetCriteria(92)) - Pipeline Placement: Doesn't meet the criteria to be viable node. Heaviness: 6
2019-09-12 11:30:42,239 [RatisPipelineUtilsThread] ERROR pipeline.PipelinePlacementPolicy (PipelinePlacementPolicy.java:meetCriteria(92)) - Pipeline Placement: Doesn't meet the criteria to be viable node. Heaviness: 6
2019-09-12 11:30:42,239 [RatisPipelineUtilsThread] ERROR pipeline.PipelinePlacementPolicy (PipelinePlacementPolicy.java:meetCriteria(92)) - Pipeline Placement: Doesn't meet the criteria to be viable node. Heaviness: 6
2019-09-12 11:30:42,245 [grpc-default-executor-0] INFO  impl.RaftServerProxy (RaftServerProxy.java:addNew(89)) - 08a21858-3fe1-4902-a000-628c438c5bdb: addNew group-CFF0A45CCEE3:[08a21858-3fe1-4902-a000-628c438c5bdb:192.168.36.114:35829] returns group-CFF0A45CCEE3:java.util.concurrent.CompletableFuture@2ae9046a[Not completed]
2019-09-12 11:30:42,247 [pool-115-thread-1] INFO  impl.RaftServerImpl (RaftServerImpl.java:<init>(93)) - 08a21858-3fe1-4902-a000-628c438c5bdb: new RaftServerImpl for group-CFF0A45CCEE3:[08a21858-3fe1-4902-a000-628c438c5bdb:192.168.36.114:35829] with ContainerStateMachine:uninitialized
2019-09-12 11:30:42,247 [pool-115-thread-1] INFO  server.RaftServerConfigKeys (ConfUtils.java:logGet(43)) - raft.server.rpc.timeout.min = 5s (custom)
2019-09-12 11:30:42,247 [pool-115-thread-1] INFO  server.RaftServerConfigKeys (ConfUtils.java:logGet(43)) - raft.server.rpc.timeout.max = 5200ms (custom)
2019-09-12 11:30:42,247 [pool-115-thread-1] INFO  server.RaftServerConfigKeys (ConfUtils.java:logGet(43)) - raft.server.rpcslowness.timeout = 120s (custom)
2019-09-12 11:30:42,247 [pool-115-thread-1] INFO  server.RaftServerConfigKeys (ConfUtils.java:logGet(43)) - raft.server.sleep.deviation.threshold = 300 (default)
2019-09-12 11:30:42,247 [pool-115-thread-1] INFO  server.RaftServerConfigKeys (ConfUtils.java:logGet(43)) - raft.server.log.appender.install.snapshot.enabled = false (custom)
2019-09-12 11:30:42,248 [pool-115-thread-1] INFO  impl.RaftServerImpl (ServerState.java:<init>(105)) - 08a21858-3fe1-4902-a000-628c438c5bdb:group-CFF0A45CCEE3 ConfigurationManager, init=-1: [08a21858-3fe1-4902-a000-628c438c5bdb:192.168.36.114:35829], old=null, confs=<EMPTY_MAP>
2019-09-12 11:30:42,248 [pool-115-thread-1] INFO  server.RaftServerConfigKeys (ConfUtils.java:logGet(43)) - raft.server.storage.dir = [/workdir/hadoop-ozone/integration-test/target/test-dir/MiniOzoneClusterImpl-299c34b2-84c4-4da4-b63e-5faf1abba283/datanode-8/data/ratis] (custom)
2019-09-12 11:30:42,248 [pool-115-thread-1] INFO  storage.RaftStorageDirectory (RaftStorageDirectory.java:analyzeStorage(246)) - The storage directory /workdir/hadoop-ozone/integration-test/target/test-dir/MiniOzoneClusterImpl-299c34b2-84c4-4da4-b63e-5faf1abba283/datanode-8/data/ratis/e3aca523-f6e9-4885-b6f3-cff0a45ccee3 does not exist. Creating ...
2019-09-12 11:30:42,261 [pool-115-thread-1] INFO  storage.RaftStorageDirectory (RaftStorageDirectory.java:tryLock(328)) - Lock on /workdir/hadoop-ozone/integration-test/target/test-dir/MiniOzoneClusterImpl-299c34b2-84c4-4da4-b63e-5faf1abba283/datanode-8/data/ratis/e3aca523-f6e9-4885-b6f3-cff0a45ccee3/in_use.lock acquired by nodename 16167@pr-hdds-1569-58hkm-1881083799
2019-09-12 11:30:42,274 [pool-115-thread-1] INFO  storage.RaftStorage (RaftStorage.java:format(72)) - Storage directory /workdir/hadoop-ozone/integration-test/target/test-dir/MiniOzoneClusterImpl-299c34b2-84c4-4da4-b63e-5faf1abba283/datanode-8/data/ratis/e3aca523-f6e9-4885-b6f3-cff0a45ccee3 has been successfully formatted.
2019-09-12 11:30:42,274 [pool-115-thread-1] INFO  ratis.ContainerStateMachine (ContainerStateMachine.java:loadSnapshot(226)) - group-CFF0A45CCEE3: The snapshot info is null. Setting the last applied indexto:(t:0, i:~)
2019-09-12 11:30:42,274 [pool-115-thread-1] INFO  server.RaftServerConfigKeys (ConfUtils.java:logGet(43)) - raft.server.leader.election.timeout = 120s (custom)
2019-09-12 11:30:42,274 [pool-115-thread-1] INFO  server.RaftServerConfigKeys (ConfUtils.java:logGet(43)) - raft.server.log.use.memory = false (default)
2019-09-12 11:30:42,274 [pool-115-thread-1] INFO  server.RaftServerConfigKeys (ConfUtils.java:logGet(43)) - raft.server.log.purge.gap = 1000000 (custom)
2019-09-12 11:30:42,275 [pool-115-thread-1] INFO  server.RaftServerConfigKeys (ConfUtils.java:logGet(43)) - raft.server.log.appender.buffer.byte-limit = 33554432 (custom)
2019-09-12 11:30:42,275 [pool-115-thread-1] INFO  server.RaftServerConfigKeys (ConfUtils.java:logGet(43)) - raft.server.log.segment.size.max = 1048576 (custom)
2019-09-12 11:30:42,275 [pool-115-thread-1] INFO  server.RaftServerConfigKeys (ConfUtils.java:logGet(43)) - raft.server.log.segment.cache.num.max = 2 (custom)
2019-09-12 11:30:42,275 [pool-115-thread-1] INFO  segmented.SegmentedRaftLogWorker (SegmentedRaftLogWorker.java:<init>(172)) - new 08a21858-3fe1-4902-a000-628c438c5bdb-SegmentedRaftLogWorker:Storage Directory /workdir/hadoop-ozone/integration-test/target/test-dir/MiniOzoneClusterImpl-299c34b2-84c4-4da4-b63e-5faf1abba283/datanode-8/data/ratis/e3aca523-f6e9-4885-b6f3-cff0a45ccee3 for RaftStorage:Storage Directory /workdir/hadoop-ozone/integration-test/target/test-dir/MiniOzoneClusterImpl-299c34b2-84c4-4da4-b63e-5faf1abba283/datanode-8/data/ratis/e3aca523-f6e9-4885-b6f3-cff0a45ccee3
2019-09-12 11:30:42,275 [pool-115-thread-1] INFO  server.RaftServerConfigKeys (ConfUtils.java:logGet(43)) - raft.server.log.queue.byte-limit = 2147483647 (custom)
2019-09-12 11:30:42,275 [pool-115-thread-1] INFO  server.RaftServerConfigKeys (ConfUtils.java:logGet(43)) - raft.server.log.queue.element-limit = 1024 (custom)
2019-09-12 11:30:42,276 [pool-115-thread-1] INFO  server.RaftServerConfigKeys (ConfUtils.java:logGet(43)) - raft.server.log.segment.size.max = 1048576 (custom)
2019-09-12 11:30:42,276 [pool-115-thread-1] INFO  server.RaftServerConfigKeys (ConfUtils.java:logGet(43)) - raft.server.log.preallocated.size = 16384 (custom)
2019-09-12 11:30:42,276 [pool-115-thread-1] INFO  server.RaftServerConfigKeys (ConfUtils.java:logGet(43)) - raft.server.log.write.buffer.size = 33554432 (custom)
2019-09-12 11:30:42,276 [pool-115-thread-1] INFO  server.RaftServerConfigKeys (ConfUtils.java:logGet(43)) - raft.server.log.force.sync.num = 128 (default)
2019-09-12 11:30:42,276 [pool-115-thread-1] INFO  server.RaftServerConfigKeys (ConfUtils.java:logGet(43)) - raft.server.log.statemachine.data.sync = true (default)
2019-09-12 11:30:42,276 [pool-115-thread-1] INFO  server.RaftServerConfigKeys (ConfUtils.java:logGet(43)) - raft.server.log.statemachine.data.sync.timeout = 10s (default)
2019-09-12 11:30:42,277 [pool-115-thread-1] INFO  server.RaftServerConfigKeys (ConfUtils.java:logGet(43)) - raft.server.log.statemachine.data.sync.timeout.retry = -1 (default)
2019-09-12 11:30:42,277 [pool-115-thread-1] INFO  server.RaftServerConfigKeys (ConfUtils.java:logGet(43)) - raft.server.log.statemachine.data.caching.enabled = true (custom)
2019-09-12 11:30:42,277 [pool-115-thread-1] INFO  segmented.SegmentedRaftLogWorker (SegmentedRaftLogWorker.java:lambda$new$0(132)) - 08a21858-3fe1-4902-a000-628c438c5bdb-SegmentedRaftLogWorker:Storage Directory /workdir/hadoop-ozone/integration-test/target/test-dir/MiniOzoneClusterImpl-299c34b2-84c4-4da4-b63e-5faf1abba283/datanode-8/data/ratis/e3aca523-f6e9-4885-b6f3-cff0a45ccee3: flushIndex: setUnconditionally 0 -> -1
2019-09-12 11:30:42,277 [pool-115-thread-1] INFO  server.RaftServerConfigKeys (ConfUtils.java:logGet(43)) - raft.server.snapshot.auto.trigger.enabled = true (custom)
2019-09-12 11:30:42,278 [pool-115-thread-1] INFO  server.RaftServerConfigKeys (ConfUtils.java:logGet(43)) - raft.server.snapshot.auto.trigger.threshold = 10000 (custom)
2019-09-12 11:30:42,278 [pool-115-thread-1] INFO  server.RaftServerConfigKeys (ConfUtils.java:logGet(43)) - raft.server.retrycache.expirytime = 600000ms (custom)
2019-09-12 11:30:42,278 [pool-115-thread-1] INFO  impl.RaftServerImpl (RaftServerImpl.java:start(180)) - 08a21858-3fe1-4902-a000-628c438c5bdb: start group-CFF0A45CCEE3
2019-09-12 11:30:42,278 [pool-115-thread-1] INFO  impl.RaftServerImpl (RaftServerImpl.java:setRole(171)) - 08a21858-3fe1-4902-a000-628c438c5bdb:group-CFF0A45CCEE3 changes role from null to FOLLOWER at term 0 for startAsFollower
2019-09-12 11:30:42,278 [pool-115-thread-1] INFO  impl.RoleInfo (RoleInfo.java:updateAndGet(143)) - 08a21858-3fe1-4902-a000-628c438c5bdb: start FollowerState
2019-09-12 11:30:42,279 [pool-115-thread-1] INFO  util.JmxRegister (JmxRegister.java:tryRegister(44)) - Successfully registered JMX Bean with object name Ratis:service=RaftServer,group=group-CFF0A45CCEE3,id=08a21858-3fe1-4902-a000-628c438c5bdb
2019-09-12 11:30:42,282 [RatisPipelineUtilsThread] INFO  pipeline.PipelineStateManager (PipelineStateManager.java:addPipeline(56)) - Created pipeline Pipeline[ Id: e3aca523-f6e9-4885-b6f3-cff0a45ccee3, Nodes: 08a21858-3fe1-4902-a000-628c438c5bdb{ip: 192.168.36.114, host: pr-hdds-1569-58hkm-1881083799, networkLocation: /default-rack, certSerialId: null}, Type:RATIS, Factor:ONE, State:OPEN]
2019-09-12 11:30:42,282 [RatisPipelineUtilsThread] ERROR pipeline.PipelinePlacementPolicy (PipelinePlacementPolicy.java:meetCriteria(92)) - Pipeline Placement: Doesn't meet the criteria to be viable node. Heaviness: 6
2019-09-12 11:30:42,283 [RatisPipelineUtilsThread] ERROR pipeline.PipelinePlacementPolicy (PipelinePlacementPolicy.java:meetCriteria(92)) - Pipeline Placement: Doesn't meet the criteria to be viable node. Heaviness: 6
2019-09-12 11:30:42,283 [RatisPipelineUtilsThread] ERROR pipeline.PipelinePlacementPolicy (PipelinePlacementPolicy.java:meetCriteria(92)) - Pipeline Placement: Doesn't meet the criteria to be viable node. Heaviness: 6
2019-09-12 11:30:42,283 [RatisPipelineUtilsThread] ERROR pipeline.PipelinePlacementPolicy (PipelinePlacementPolicy.java:meetCriteria(92)) - Pipeline Placement: Doesn't meet the criteria to be viable node. Heaviness: 6
2019-09-12 11:30:42,283 [RatisPipelineUtilsThread] ERROR pipeline.PipelinePlacementPolicy (PipelinePlacementPolicy.java:meetCriteria(92)) - Pipeline Placement: Doesn't meet the criteria to be viable node. Heaviness: 6
2019-09-12 11:30:42,283 [RatisPipelineUtilsThread] ERROR pipeline.PipelinePlacementPolicy (PipelinePlacementPolicy.java:meetCriteria(92)) - Pipeline Placement: Doesn't meet the criteria to be viable node. Heaviness: 6
2019-09-12 11:30:42,284 [RatisPipelineUtilsThread] ERROR pipeline.PipelinePlacementPolicy (PipelinePlacementPolicy.java:meetCriteria(92)) - Pipeline Placement: Doesn't meet the criteria to be viable node. Heaviness: 6
2019-09-12 11:30:42,284 [RatisPipelineUtilsThread] ERROR pipeline.PipelinePlacementPolicy (PipelinePlacementPolicy.java:meetCriteria(92)) - Pipeline Placement: Doesn't meet the criteria to be viable node. Heaviness: 6
2019-09-12 11:30:42,290 [grpc-default-executor-0] INFO  impl.RaftServerProxy (RaftServerProxy.java:addNew(89)) - b0998cbd-0da9-45e0-86de-67ec8cdedc86: addNew group-4D550FF9D8E5:[b0998cbd-0da9-45e0-86de-67ec8cdedc86:192.168.36.114:46815] returns group-4D550FF9D8E5:java.util.concurrent.CompletableFuture@202a4694[Not completed]
2019-09-12 11:30:42,291 [pool-126-thread-1] INFO  impl.RaftServerImpl (RaftServerImpl.java:<init>(93)) - b0998cbd-0da9-45e0-86de-67ec8cdedc86: new RaftServerImpl for group-4D550FF9D8E5:[b0998cbd-0da9-45e0-86de-67ec8cdedc86:192.168.36.114:46815] with ContainerStateMachine:uninitialized
2019-09-12 11:30:42,291 [pool-126-thread-1] INFO  server.RaftServerConfigKeys (ConfUtils.java:logGet(43)) - raft.server.rpc.timeout.min = 5s (custom)
2019-09-12 11:30:42,291 [pool-126-thread-1] INFO  server.RaftServerConfigKeys (ConfUtils.java:logGet(43)) - raft.server.rpc.timeout.max = 5200ms (custom)
2019-09-12 11:30:42,292 [pool-126-thread-1] INFO  server.RaftServerConfigKeys (ConfUtils.java:logGet(43)) - raft.server.rpcslowness.timeout = 120s (custom)
2019-09-12 11:30:42,292 [pool-126-thread-1] INFO  server.RaftServerConfigKeys (ConfUtils.java:logGet(43)) - raft.server.sleep.deviation.threshold = 300 (default)
2019-09-12 11:30:42,292 [pool-126-thread-1] INFO  server.RaftServerConfigKeys (ConfUtils.java:logGet(43)) - raft.server.log.appender.install.snapshot.enabled = false (custom)
2019-09-12 11:30:42,292 [pool-126-thread-1] INFO  impl.RaftServerImpl (ServerState.java:<init>(105)) - b0998cbd-0da9-45e0-86de-67ec8cdedc86:group-4D550FF9D8E5 ConfigurationManager, init=-1: [b0998cbd-0da9-45e0-86de-67ec8cdedc86:192.168.36.114:46815], old=null, confs=<EMPTY_MAP>
2019-09-12 11:30:42,292 [pool-126-thread-1] INFO  server.RaftServerConfigKeys (ConfUtils.java:logGet(43)) - raft.server.storage.dir = [/workdir/hadoop-ozone/integration-test/target/test-dir/MiniOzoneClusterImpl-299c34b2-84c4-4da4-b63e-5faf1abba283/datanode-9/data/ratis] (custom)
2019-09-12 11:30:42,293 [pool-126-thread-1] INFO  storage.RaftStorageDirectory (RaftStorageDirectory.java:analyzeStorage(246)) - The storage directory /workdir/hadoop-ozone/integration-test/target/test-dir/MiniOzoneClusterImpl-299c34b2-84c4-4da4-b63e-5faf1abba283/datanode-9/data/ratis/6c78e09a-d03a-4ff7-b22f-4d550ff9d8e5 does not exist. Creating ...
2019-09-12 11:30:42,305 [pool-126-thread-1] INFO  storage.RaftStorageDirectory (RaftStorageDirectory.java:tryLock(328)) - Lock on /workdir/hadoop-ozone/integration-test/target/test-dir/MiniOzoneClusterImpl-299c34b2-84c4-4da4-b63e-5faf1abba283/datanode-9/data/ratis/6c78e09a-d03a-4ff7-b22f-4d550ff9d8e5/in_use.lock acquired by nodename 16167@pr-hdds-1569-58hkm-1881083799
2019-09-12 11:30:42,319 [pool-126-thread-1] INFO  storage.RaftStorage (RaftStorage.java:format(72)) - Storage directory /workdir/hadoop-ozone/integration-test/target/test-dir/MiniOzoneClusterImpl-299c34b2-84c4-4da4-b63e-5faf1abba283/datanode-9/data/ratis/6c78e09a-d03a-4ff7-b22f-4d550ff9d8e5 has been successfully formatted.
2019-09-12 11:30:42,319 [pool-126-thread-1] INFO  ratis.ContainerStateMachine (ContainerStateMachine.java:loadSnapshot(226)) - group-4D550FF9D8E5: The snapshot info is null. Setting the last applied indexto:(t:0, i:~)
2019-09-12 11:30:42,320 [pool-126-thread-1] INFO  server.RaftServerConfigKeys (ConfUtils.java:logGet(43)) - raft.server.leader.election.timeout = 120s (custom)
2019-09-12 11:30:42,320 [pool-126-thread-1] INFO  server.RaftServerConfigKeys (ConfUtils.java:logGet(43)) - raft.server.log.use.memory = false (default)
2019-09-12 11:30:42,320 [pool-126-thread-1] INFO  server.RaftServerConfigKeys (ConfUtils.java:logGet(43)) - raft.server.log.purge.gap = 1000000 (custom)
2019-09-12 11:30:42,320 [pool-126-thread-1] INFO  server.RaftServerConfigKeys (ConfUtils.java:logGet(43)) - raft.server.log.appender.buffer.byte-limit = 33554432 (custom)
2019-09-12 11:30:42,321 [pool-126-thread-1] INFO  server.RaftServerConfigKeys (ConfUtils.java:logGet(43)) - raft.server.log.segment.size.max = 1048576 (custom)
2019-09-12 11:30:42,321 [pool-126-thread-1] INFO  server.RaftServerConfigKeys (ConfUtils.java:logGet(43)) - raft.server.log.segment.cache.num.max = 2 (custom)
2019-09-12 11:30:42,321 [pool-126-thread-1] INFO  segmented.SegmentedRaftLogWorker (SegmentedRaftLogWorker.java:<init>(172)) - new b0998cbd-0da9-45e0-86de-67ec8cdedc86-SegmentedRaftLogWorker:Storage Directory /workdir/hadoop-ozone/integration-test/target/test-dir/MiniOzoneClusterImpl-299c34b2-84c4-4da4-b63e-5faf1abba283/datanode-9/data/ratis/6c78e09a-d03a-4ff7-b22f-4d550ff9d8e5 for RaftStorage:Storage Directory /workdir/hadoop-ozone/integration-test/target/test-dir/MiniOzoneClusterImpl-299c34b2-84c4-4da4-b63e-5faf1abba283/datanode-9/data/ratis/6c78e09a-d03a-4ff7-b22f-4d550ff9d8e5
2019-09-12 11:30:42,321 [pool-126-thread-1] INFO  server.RaftServerConfigKeys (ConfUtils.java:logGet(43)) - raft.server.log.queue.byte-limit = 2147483647 (custom)
2019-09-12 11:30:42,322 [pool-126-thread-1] INFO  server.RaftServerConfigKeys (ConfUtils.java:logGet(43)) - raft.server.log.queue.element-limit = 1024 (custom)
2019-09-12 11:30:42,322 [pool-126-thread-1] INFO  server.RaftServerConfigKeys (ConfUtils.java:logGet(43)) - raft.server.log.segment.size.max = 1048576 (custom)
2019-09-12 11:30:42,322 [pool-126-thread-1] INFO  server.RaftServerConfigKeys (ConfUtils.java:logGet(43)) - raft.server.log.preallocated.size = 16384 (custom)
2019-09-12 11:30:42,322 [pool-126-thread-1] INFO  server.RaftServerConfigKeys (ConfUtils.java:logGet(43)) - raft.server.log.write.buffer.size = 33554432 (custom)
2019-09-12 11:30:42,322 [pool-126-thread-1] INFO  server.RaftServerConfigKeys (ConfUtils.java:logGet(43)) - raft.server.log.force.sync.num = 128 (default)
2019-09-12 11:30:42,323 [pool-126-thread-1] INFO  server.RaftServerConfigKeys (ConfUtils.java:logGet(43)) - raft.server.log.statemachine.data.sync = true (default)
2019-09-12 11:30:42,323 [pool-126-thread-1] INFO  server.RaftServerConfigKeys (ConfUtils.java:logGet(43)) - raft.server.log.statemachine.data.sync.timeout = 10s (default)
2019-09-12 11:30:42,323 [pool-126-thread-1] INFO  server.RaftServerConfigKeys (ConfUtils.java:logGet(43)) - raft.server.log.statemachine.data.sync.timeout.retry = -1 (default)
2019-09-12 11:30:42,323 [pool-126-thread-1] INFO  server.RaftServerConfigKeys (ConfUtils.java:logGet(43)) - raft.server.log.statemachine.data.caching.enabled = true (custom)
2019-09-12 11:30:42,324 [pool-126-thread-1] INFO  segmented.SegmentedRaftLogWorker (SegmentedRaftLogWorker.java:lambda$new$0(132)) - b0998cbd-0da9-45e0-86de-67ec8cdedc86-SegmentedRaftLogWorker:Storage Directory /workdir/hadoop-ozone/integration-test/target/test-dir/MiniOzoneClusterImpl-299c34b2-84c4-4da4-b63e-5faf1abba283/datanode-9/data/ratis/6c78e09a-d03a-4ff7-b22f-4d550ff9d8e5: flushIndex: setUnconditionally 0 -> -1
2019-09-12 11:30:42,324 [pool-126-thread-1] INFO  server.RaftServerConfigKeys (ConfUtils.java:logGet(43)) - raft.server.snapshot.auto.trigger.enabled = true (custom)
2019-09-12 11:30:42,325 [pool-126-thread-1] INFO  server.RaftServerConfigKeys (ConfUtils.java:logGet(43)) - raft.server.snapshot.auto.trigger.threshold = 10000 (custom)
2019-09-12 11:30:42,325 [pool-126-thread-1] INFO  server.RaftServerConfigKeys (ConfUtils.java:logGet(43)) - raft.server.retrycache.expirytime = 600000ms (custom)
2019-09-12 11:30:42,325 [pool-126-thread-1] INFO  impl.RaftServerImpl (RaftServerImpl.java:start(180)) - b0998cbd-0da9-45e0-86de-67ec8cdedc86: start group-4D550FF9D8E5
2019-09-12 11:30:42,325 [pool-126-thread-1] INFO  impl.RaftServerImpl (RaftServerImpl.java:setRole(171)) - b0998cbd-0da9-45e0-86de-67ec8cdedc86:group-4D550FF9D8E5 changes role from null to FOLLOWER at term 0 for startAsFollower
2019-09-12 11:30:42,325 [pool-126-thread-1] INFO  impl.RoleInfo (RoleInfo.java:updateAndGet(143)) - b0998cbd-0da9-45e0-86de-67ec8cdedc86: start FollowerState
2019-09-12 11:30:42,326 [pool-126-thread-1] INFO  util.JmxRegister (JmxRegister.java:tryRegister(44)) - Successfully registered JMX Bean with object name Ratis:service=RaftServer,group=group-4D550FF9D8E5,id=b0998cbd-0da9-45e0-86de-67ec8cdedc86
2019-09-12 11:30:42,333 [RatisPipelineUtilsThread] INFO  pipeline.PipelineStateManager (PipelineStateManager.java:addPipeline(56)) - Created pipeline Pipeline[ Id: 6c78e09a-d03a-4ff7-b22f-4d550ff9d8e5, Nodes: b0998cbd-0da9-45e0-86de-67ec8cdedc86{ip: 192.168.36.114, host: pr-hdds-1569-58hkm-1881083799, networkLocation: /default-rack, certSerialId: null}, Type:RATIS, Factor:ONE, State:OPEN]
2019-09-12 11:30:42,333 [RatisPipelineUtilsThread] ERROR pipeline.PipelinePlacementPolicy (PipelinePlacementPolicy.java:meetCriteria(92)) - Pipeline Placement: Doesn't meet the criteria to be viable node. Heaviness: 6
2019-09-12 11:30:42,334 [RatisPipelineUtilsThread] ERROR pipeline.PipelinePlacementPolicy (PipelinePlacementPolicy.java:meetCriteria(92)) - Pipeline Placement: Doesn't meet the criteria to be viable node. Heaviness: 6
2019-09-12 11:30:42,334 [RatisPipelineUtilsThread] ERROR pipeline.PipelinePlacementPolicy (PipelinePlacementPolicy.java:meetCriteria(92)) - Pipeline Placement: Doesn't meet the criteria to be viable node. Heaviness: 6
2019-09-12 11:30:42,334 [RatisPipelineUtilsThread] ERROR pipeline.PipelinePlacementPolicy (PipelinePlacementPolicy.java:meetCriteria(92)) - Pipeline Placement: Doesn't meet the criteria to be viable node. Heaviness: 6
2019-09-12 11:30:42,334 [RatisPipelineUtilsThread] ERROR pipeline.PipelinePlacementPolicy (PipelinePlacementPolicy.java:meetCriteria(92)) - Pipeline Placement: Doesn't meet the criteria to be viable node. Heaviness: 6
2019-09-12 11:30:42,335 [RatisPipelineUtilsThread] ERROR pipeline.PipelinePlacementPolicy (PipelinePlacementPolicy.java:meetCriteria(92)) - Pipeline Placement: Doesn't meet the criteria to be viable node. Heaviness: 6
2019-09-12 11:30:42,335 [RatisPipelineUtilsThread] ERROR pipeline.PipelinePlacementPolicy (PipelinePlacementPolicy.java:meetCriteria(92)) - Pipeline Placement: Doesn't meet the criteria to be viable node. Heaviness: 6
2019-09-12 11:30:42,335 [RatisPipelineUtilsThread] ERROR pipeline.PipelinePlacementPolicy (PipelinePlacementPolicy.java:meetCriteria(92)) - Pipeline Placement: Doesn't meet the criteria to be viable node. Heaviness: 6
2019-09-12 11:30:42,342 [grpc-default-executor-0] INFO  impl.RaftServerProxy (RaftServerProxy.java:addNew(89)) - 08a21858-3fe1-4902-a000-628c438c5bdb: addNew group-B8948AB23C28:[08a21858-3fe1-4902-a000-628c438c5bdb:192.168.36.114:35829] returns group-B8948AB23C28:java.util.concurrent.CompletableFuture@78518411[Not completed]
2019-09-12 11:30:42,343 | INFO  | SCMAudit | user=jenkins1000 | ip=192.168.36.114 | op=SEND_HEARTBEAT {datanodeUUID=953ad6b8-90f2-4ccf-a2c7-42d93886e77a, command=[]} | ret=SUCCESS |  
2019-09-12 11:30:42,345 [pool-115-thread-1] INFO  impl.RaftServerImpl (RaftServerImpl.java:<init>(93)) - 08a21858-3fe1-4902-a000-628c438c5bdb: new RaftServerImpl for group-B8948AB23C28:[08a21858-3fe1-4902-a000-628c438c5bdb:192.168.36.114:35829] with ContainerStateMachine:uninitialized
2019-09-12 11:30:42,345 [pool-115-thread-1] INFO  server.RaftServerConfigKeys (ConfUtils.java:logGet(43)) - raft.server.rpc.timeout.min = 5s (custom)
2019-09-12 11:30:42,346 [pool-115-thread-1] INFO  server.RaftServerConfigKeys (ConfUtils.java:logGet(43)) - raft.server.rpc.timeout.max = 5200ms (custom)
2019-09-12 11:30:42,346 [pool-115-thread-1] INFO  server.RaftServerConfigKeys (ConfUtils.java:logGet(43)) - raft.server.rpcslowness.timeout = 120s (custom)
2019-09-12 11:30:42,346 [pool-115-thread-1] INFO  server.RaftServerConfigKeys (ConfUtils.java:logGet(43)) - raft.server.sleep.deviation.threshold = 300 (default)
2019-09-12 11:30:42,346 [pool-115-thread-1] INFO  server.RaftServerConfigKeys (ConfUtils.java:logGet(43)) - raft.server.log.appender.install.snapshot.enabled = false (custom)
2019-09-12 11:30:42,346 [pool-115-thread-1] INFO  impl.RaftServerImpl (ServerState.java:<init>(105)) - 08a21858-3fe1-4902-a000-628c438c5bdb:group-B8948AB23C28 ConfigurationManager, init=-1: [08a21858-3fe1-4902-a000-628c438c5bdb:192.168.36.114:35829], old=null, confs=<EMPTY_MAP>
2019-09-12 11:30:42,347 [pool-115-thread-1] INFO  server.RaftServerConfigKeys (ConfUtils.java:logGet(43)) - raft.server.storage.dir = [/workdir/hadoop-ozone/integration-test/target/test-dir/MiniOzoneClusterImpl-299c34b2-84c4-4da4-b63e-5faf1abba283/datanode-8/data/ratis] (custom)
2019-09-12 11:30:42,347 [pool-115-thread-1] INFO  storage.RaftStorageDirectory (RaftStorageDirectory.java:analyzeStorage(246)) - The storage directory /workdir/hadoop-ozone/integration-test/target/test-dir/MiniOzoneClusterImpl-299c34b2-84c4-4da4-b63e-5faf1abba283/datanode-8/data/ratis/d8a4097d-1577-4ca4-827f-b8948ab23c28 does not exist. Creating ...
2019-09-12 11:30:42,360 [pool-115-thread-1] INFO  storage.RaftStorageDirectory (RaftStorageDirectory.java:tryLock(328)) - Lock on /workdir/hadoop-ozone/integration-test/target/test-dir/MiniOzoneClusterImpl-299c34b2-84c4-4da4-b63e-5faf1abba283/datanode-8/data/ratis/d8a4097d-1577-4ca4-827f-b8948ab23c28/in_use.lock acquired by nodename 16167@pr-hdds-1569-58hkm-1881083799
2019-09-12 11:30:42,389 | INFO  | SCMAudit | user=jenkins1000 | ip=192.168.36.114 | op=SEND_HEARTBEAT {datanodeUUID=dae80834-da68-4cdc-a6d1-3e383ebcc721, command=[]} | ret=SUCCESS |  
2019-09-12 11:30:42,390 [pool-115-thread-1] INFO  storage.RaftStorage (RaftStorage.java:format(72)) - Storage directory /workdir/hadoop-ozone/integration-test/target/test-dir/MiniOzoneClusterImpl-299c34b2-84c4-4da4-b63e-5faf1abba283/datanode-8/data/ratis/d8a4097d-1577-4ca4-827f-b8948ab23c28 has been successfully formatted.
2019-09-12 11:30:42,390 [pool-115-thread-1] INFO  ratis.ContainerStateMachine (ContainerStateMachine.java:loadSnapshot(226)) - group-B8948AB23C28: The snapshot info is null. Setting the last applied indexto:(t:0, i:~)
2019-09-12 11:30:42,390 [pool-115-thread-1] INFO  server.RaftServerConfigKeys (ConfUtils.java:logGet(43)) - raft.server.leader.election.timeout = 120s (custom)
2019-09-12 11:30:42,390 [pool-115-thread-1] INFO  server.RaftServerConfigKeys (ConfUtils.java:logGet(43)) - raft.server.log.use.memory = false (default)
2019-09-12 11:30:42,391 [pool-115-thread-1] INFO  server.RaftServerConfigKeys (ConfUtils.java:logGet(43)) - raft.server.log.purge.gap = 1000000 (custom)
2019-09-12 11:30:42,391 [pool-115-thread-1] INFO  server.RaftServerConfigKeys (ConfUtils.java:logGet(43)) - raft.server.log.appender.buffer.byte-limit = 33554432 (custom)
2019-09-12 11:30:42,391 [pool-115-thread-1] INFO  server.RaftServerConfigKeys (ConfUtils.java:logGet(43)) - raft.server.log.segment.size.max = 1048576 (custom)
2019-09-12 11:30:42,391 [pool-115-thread-1] INFO  server.RaftServerConfigKeys (ConfUtils.java:logGet(43)) - raft.server.log.segment.cache.num.max = 2 (custom)
2019-09-12 11:30:42,391 [pool-115-thread-1] INFO  segmented.SegmentedRaftLogWorker (SegmentedRaftLogWorker.java:<init>(172)) - new 08a21858-3fe1-4902-a000-628c438c5bdb-SegmentedRaftLogWorker:Storage Directory /workdir/hadoop-ozone/integration-test/target/test-dir/MiniOzoneClusterImpl-299c34b2-84c4-4da4-b63e-5faf1abba283/datanode-8/data/ratis/d8a4097d-1577-4ca4-827f-b8948ab23c28 for RaftStorage:Storage Directory /workdir/hadoop-ozone/integration-test/target/test-dir/MiniOzoneClusterImpl-299c34b2-84c4-4da4-b63e-5faf1abba283/datanode-8/data/ratis/d8a4097d-1577-4ca4-827f-b8948ab23c28
2019-09-12 11:30:42,391 [pool-115-thread-1] INFO  server.RaftServerConfigKeys (ConfUtils.java:logGet(43)) - raft.server.log.queue.byte-limit = 2147483647 (custom)
2019-09-12 11:30:42,391 [pool-115-thread-1] INFO  server.RaftServerConfigKeys (ConfUtils.java:logGet(43)) - raft.server.log.queue.element-limit = 1024 (custom)
2019-09-12 11:30:42,391 [pool-115-thread-1] INFO  server.RaftServerConfigKeys (ConfUtils.java:logGet(43)) - raft.server.log.segment.size.max = 1048576 (custom)
2019-09-12 11:30:42,391 [pool-115-thread-1] INFO  server.RaftServerConfigKeys (ConfUtils.java:logGet(43)) - raft.server.log.preallocated.size = 16384 (custom)
2019-09-12 11:30:42,392 [pool-115-thread-1] INFO  server.RaftServerConfigKeys (ConfUtils.java:logGet(43)) - raft.server.log.write.buffer.size = 33554432 (custom)
2019-09-12 11:30:42,392 [pool-115-thread-1] INFO  server.RaftServerConfigKeys (ConfUtils.java:logGet(43)) - raft.server.log.force.sync.num = 128 (default)
2019-09-12 11:30:42,392 [pool-115-thread-1] INFO  server.RaftServerConfigKeys (ConfUtils.java:logGet(43)) - raft.server.log.statemachine.data.sync = true (default)
2019-09-12 11:30:42,392 [pool-115-thread-1] INFO  server.RaftServerConfigKeys (ConfUtils.java:logGet(43)) - raft.server.log.statemachine.data.sync.timeout = 10s (default)
2019-09-12 11:30:42,392 [pool-115-thread-1] INFO  server.RaftServerConfigKeys (ConfUtils.java:logGet(43)) - raft.server.log.statemachine.data.sync.timeout.retry = -1 (default)
2019-09-12 11:30:42,392 [pool-115-thread-1] INFO  server.RaftServerConfigKeys (ConfUtils.java:logGet(43)) - raft.server.log.statemachine.data.caching.enabled = true (custom)
2019-09-12 11:30:42,392 [pool-115-thread-1] INFO  segmented.SegmentedRaftLogWorker (SegmentedRaftLogWorker.java:lambda$new$0(132)) - 08a21858-3fe1-4902-a000-628c438c5bdb-SegmentedRaftLogWorker:Storage Directory /workdir/hadoop-ozone/integration-test/target/test-dir/MiniOzoneClusterImpl-299c34b2-84c4-4da4-b63e-5faf1abba283/datanode-8/data/ratis/d8a4097d-1577-4ca4-827f-b8948ab23c28: flushIndex: setUnconditionally 0 -> -1
2019-09-12 11:30:42,393 [pool-115-thread-1] INFO  server.RaftServerConfigKeys (ConfUtils.java:logGet(43)) - raft.server.snapshot.auto.trigger.enabled = true (custom)
2019-09-12 11:30:42,393 [pool-115-thread-1] INFO  server.RaftServerConfigKeys (ConfUtils.java:logGet(43)) - raft.server.snapshot.auto.trigger.threshold = 10000 (custom)
2019-09-12 11:30:42,393 [pool-115-thread-1] INFO  server.RaftServerConfigKeys (ConfUtils.java:logGet(43)) - raft.server.retrycache.expirytime = 600000ms (custom)
2019-09-12 11:30:42,393 [pool-115-thread-1] INFO  impl.RaftServerImpl (RaftServerImpl.java:start(180)) - 08a21858-3fe1-4902-a000-628c438c5bdb: start group-B8948AB23C28
2019-09-12 11:30:42,393 [pool-115-thread-1] INFO  impl.RaftServerImpl (RaftServerImpl.java:setRole(171)) - 08a21858-3fe1-4902-a000-628c438c5bdb:group-B8948AB23C28 changes role from null to FOLLOWER at term 0 for startAsFollower
2019-09-12 11:30:42,393 [pool-115-thread-1] INFO  impl.RoleInfo (RoleInfo.java:updateAndGet(143)) - 08a21858-3fe1-4902-a000-628c438c5bdb: start FollowerState
2019-09-12 11:30:42,394 [pool-115-thread-1] INFO  util.JmxRegister (JmxRegister.java:tryRegister(44)) - Successfully registered JMX Bean with object name Ratis:service=RaftServer,group=group-B8948AB23C28,id=08a21858-3fe1-4902-a000-628c438c5bdb
2019-09-12 11:30:42,398 [RatisPipelineUtilsThread] INFO  pipeline.PipelineStateManager (PipelineStateManager.java:addPipeline(56)) - Created pipeline Pipeline[ Id: d8a4097d-1577-4ca4-827f-b8948ab23c28, Nodes: 08a21858-3fe1-4902-a000-628c438c5bdb{ip: 192.168.36.114, host: pr-hdds-1569-58hkm-1881083799, networkLocation: /default-rack, certSerialId: null}, Type:RATIS, Factor:ONE, State:OPEN]
2019-09-12 11:30:42,398 [RatisPipelineUtilsThread] ERROR pipeline.PipelinePlacementPolicy (PipelinePlacementPolicy.java:meetCriteria(92)) - Pipeline Placement: Doesn't meet the criteria to be viable node. Heaviness: 6
2019-09-12 11:30:42,398 [RatisPipelineUtilsThread] ERROR pipeline.PipelinePlacementPolicy (PipelinePlacementPolicy.java:meetCriteria(92)) - Pipeline Placement: Doesn't meet the criteria to be viable node. Heaviness: 6
2019-09-12 11:30:42,398 [RatisPipelineUtilsThread] ERROR pipeline.PipelinePlacementPolicy (PipelinePlacementPolicy.java:meetCriteria(92)) - Pipeline Placement: Doesn't meet the criteria to be viable node. Heaviness: 6
2019-09-12 11:30:42,398 [RatisPipelineUtilsThread] ERROR pipeline.PipelinePlacementPolicy (PipelinePlacementPolicy.java:meetCriteria(92)) - Pipeline Placement: Doesn't meet the criteria to be viable node. Heaviness: 6
2019-09-12 11:30:42,398 [RatisPipelineUtilsThread] ERROR pipeline.PipelinePlacementPolicy (PipelinePlacementPolicy.java:meetCriteria(92)) - Pipeline Placement: Doesn't meet the criteria to be viable node. Heaviness: 6
2019-09-12 11:30:42,399 [RatisPipelineUtilsThread] ERROR pipeline.PipelinePlacementPolicy (PipelinePlacementPolicy.java:meetCriteria(92)) - Pipeline Placement: Doesn't meet the criteria to be viable node. Heaviness: 6
2019-09-12 11:30:42,399 [RatisPipelineUtilsThread] ERROR pipeline.PipelinePlacementPolicy (PipelinePlacementPolicy.java:meetCriteria(92)) - Pipeline Placement: Doesn't meet the criteria to be viable node. Heaviness: 6
2019-09-12 11:30:42,399 [RatisPipelineUtilsThread] ERROR pipeline.PipelinePlacementPolicy (PipelinePlacementPolicy.java:meetCriteria(92)) - Pipeline Placement: Doesn't meet the criteria to be viable node. Heaviness: 6
2019-09-12 11:30:42,405 [grpc-default-executor-0] INFO  impl.RaftServerProxy (RaftServerProxy.java:addNew(89)) - b0998cbd-0da9-45e0-86de-67ec8cdedc86: addNew group-EFD14B5A1B28:[b0998cbd-0da9-45e0-86de-67ec8cdedc86:192.168.36.114:46815] returns group-EFD14B5A1B28:java.util.concurrent.CompletableFuture@359f02f6[Not completed]
2019-09-12 11:30:42,407 [pool-126-thread-1] INFO  impl.RaftServerImpl (RaftServerImpl.java:<init>(93)) - b0998cbd-0da9-45e0-86de-67ec8cdedc86: new RaftServerImpl for group-EFD14B5A1B28:[b0998cbd-0da9-45e0-86de-67ec8cdedc86:192.168.36.114:46815] with ContainerStateMachine:uninitialized
2019-09-12 11:30:42,408 [pool-126-thread-1] INFO  server.RaftServerConfigKeys (ConfUtils.java:logGet(43)) - raft.server.rpc.timeout.min = 5s (custom)
2019-09-12 11:30:42,408 [pool-126-thread-1] INFO  server.RaftServerConfigKeys (ConfUtils.java:logGet(43)) - raft.server.rpc.timeout.max = 5200ms (custom)
2019-09-12 11:30:42,408 [pool-126-thread-1] INFO  server.RaftServerConfigKeys (ConfUtils.java:logGet(43)) - raft.server.rpcslowness.timeout = 120s (custom)
2019-09-12 11:30:42,408 [pool-126-thread-1] INFO  server.RaftServerConfigKeys (ConfUtils.java:logGet(43)) - raft.server.sleep.deviation.threshold = 300 (default)
2019-09-12 11:30:42,408 [pool-126-thread-1] INFO  server.RaftServerConfigKeys (ConfUtils.java:logGet(43)) - raft.server.log.appender.install.snapshot.enabled = false (custom)
2019-09-12 11:30:42,409 [pool-126-thread-1] INFO  impl.RaftServerImpl (ServerState.java:<init>(105)) - b0998cbd-0da9-45e0-86de-67ec8cdedc86:group-EFD14B5A1B28 ConfigurationManager, init=-1: [b0998cbd-0da9-45e0-86de-67ec8cdedc86:192.168.36.114:46815], old=null, confs=<EMPTY_MAP>
2019-09-12 11:30:42,409 [pool-126-thread-1] INFO  server.RaftServerConfigKeys (ConfUtils.java:logGet(43)) - raft.server.storage.dir = [/workdir/hadoop-ozone/integration-test/target/test-dir/MiniOzoneClusterImpl-299c34b2-84c4-4da4-b63e-5faf1abba283/datanode-9/data/ratis] (custom)
2019-09-12 11:30:42,409 [pool-126-thread-1] INFO  storage.RaftStorageDirectory (RaftStorageDirectory.java:analyzeStorage(246)) - The storage directory /workdir/hadoop-ozone/integration-test/target/test-dir/MiniOzoneClusterImpl-299c34b2-84c4-4da4-b63e-5faf1abba283/datanode-9/data/ratis/d0cc548d-3081-410f-aa9e-efd14b5a1b28 does not exist. Creating ...
2019-09-12 11:30:42,423 [pool-126-thread-1] INFO  storage.RaftStorageDirectory (RaftStorageDirectory.java:tryLock(328)) - Lock on /workdir/hadoop-ozone/integration-test/target/test-dir/MiniOzoneClusterImpl-299c34b2-84c4-4da4-b63e-5faf1abba283/datanode-9/data/ratis/d0cc548d-3081-410f-aa9e-efd14b5a1b28/in_use.lock acquired by nodename 16167@pr-hdds-1569-58hkm-1881083799
2019-09-12 11:30:42,438 [pool-126-thread-1] INFO  storage.RaftStorage (RaftStorage.java:format(72)) - Storage directory /workdir/hadoop-ozone/integration-test/target/test-dir/MiniOzoneClusterImpl-299c34b2-84c4-4da4-b63e-5faf1abba283/datanode-9/data/ratis/d0cc548d-3081-410f-aa9e-efd14b5a1b28 has been successfully formatted.
2019-09-12 11:30:42,438 [pool-126-thread-1] INFO  ratis.ContainerStateMachine (ContainerStateMachine.java:loadSnapshot(226)) - group-EFD14B5A1B28: The snapshot info is null. Setting the last applied indexto:(t:0, i:~)
2019-09-12 11:30:42,439 [pool-126-thread-1] INFO  server.RaftServerConfigKeys (ConfUtils.java:logGet(43)) - raft.server.leader.election.timeout = 120s (custom)
2019-09-12 11:30:42,439 [pool-126-thread-1] INFO  server.RaftServerConfigKeys (ConfUtils.java:logGet(43)) - raft.server.log.use.memory = false (default)
2019-09-12 11:30:42,439 [pool-126-thread-1] INFO  server.RaftServerConfigKeys (ConfUtils.java:logGet(43)) - raft.server.log.purge.gap = 1000000 (custom)
2019-09-12 11:30:42,439 [pool-126-thread-1] INFO  server.RaftServerConfigKeys (ConfUtils.java:logGet(43)) - raft.server.log.appender.buffer.byte-limit = 33554432 (custom)
2019-09-12 11:30:42,439 [pool-126-thread-1] INFO  server.RaftServerConfigKeys (ConfUtils.java:logGet(43)) - raft.server.log.segment.size.max = 1048576 (custom)
2019-09-12 11:30:42,440 [pool-126-thread-1] INFO  server.RaftServerConfigKeys (ConfUtils.java:logGet(43)) - raft.server.log.segment.cache.num.max = 2 (custom)
2019-09-12 11:30:42,440 [pool-126-thread-1] INFO  segmented.SegmentedRaftLogWorker (SegmentedRaftLogWorker.java:<init>(172)) - new b0998cbd-0da9-45e0-86de-67ec8cdedc86-SegmentedRaftLogWorker:Storage Directory /workdir/hadoop-ozone/integration-test/target/test-dir/MiniOzoneClusterImpl-299c34b2-84c4-4da4-b63e-5faf1abba283/datanode-9/data/ratis/d0cc548d-3081-410f-aa9e-efd14b5a1b28 for RaftStorage:Storage Directory /workdir/hadoop-ozone/integration-test/target/test-dir/MiniOzoneClusterImpl-299c34b2-84c4-4da4-b63e-5faf1abba283/datanode-9/data/ratis/d0cc548d-3081-410f-aa9e-efd14b5a1b28
2019-09-12 11:30:42,440 [pool-126-thread-1] INFO  server.RaftServerConfigKeys (ConfUtils.java:logGet(43)) - raft.server.log.queue.byte-limit = 2147483647 (custom)
2019-09-12 11:30:42,440 [pool-126-thread-1] INFO  server.RaftServerConfigKeys (ConfUtils.java:logGet(43)) - raft.server.log.queue.element-limit = 1024 (custom)
2019-09-12 11:30:42,440 [pool-126-thread-1] INFO  server.RaftServerConfigKeys (ConfUtils.java:logGet(43)) - raft.server.log.segment.size.max = 1048576 (custom)
2019-09-12 11:30:42,441 [pool-126-thread-1] INFO  server.RaftServerConfigKeys (ConfUtils.java:logGet(43)) - raft.server.log.preallocated.size = 16384 (custom)
2019-09-12 11:30:42,441 [pool-126-thread-1] INFO  server.RaftServerConfigKeys (ConfUtils.java:logGet(43)) - raft.server.log.write.buffer.size = 33554432 (custom)
2019-09-12 11:30:42,441 [pool-126-thread-1] INFO  server.RaftServerConfigKeys (ConfUtils.java:logGet(43)) - raft.server.log.force.sync.num = 128 (default)
2019-09-12 11:30:42,441 [pool-126-thread-1] INFO  server.RaftServerConfigKeys (ConfUtils.java:logGet(43)) - raft.server.log.statemachine.data.sync = true (default)
2019-09-12 11:30:42,441 [pool-126-thread-1] INFO  server.RaftServerConfigKeys (ConfUtils.java:logGet(43)) - raft.server.log.statemachine.data.sync.timeout = 10s (default)
2019-09-12 11:30:42,441 [pool-126-thread-1] INFO  server.RaftServerConfigKeys (ConfUtils.java:logGet(43)) - raft.server.log.statemachine.data.sync.timeout.retry = -1 (default)
2019-09-12 11:30:42,442 [pool-126-thread-1] INFO  server.RaftServerConfigKeys (ConfUtils.java:logGet(43)) - raft.server.log.statemachine.data.caching.enabled = true (custom)
2019-09-12 11:30:42,442 [pool-126-thread-1] INFO  segmented.SegmentedRaftLogWorker (SegmentedRaftLogWorker.java:lambda$new$0(132)) - b0998cbd-0da9-45e0-86de-67ec8cdedc86-SegmentedRaftLogWorker:Storage Directory /workdir/hadoop-ozone/integration-test/target/test-dir/MiniOzoneClusterImpl-299c34b2-84c4-4da4-b63e-5faf1abba283/datanode-9/data/ratis/d0cc548d-3081-410f-aa9e-efd14b5a1b28: flushIndex: setUnconditionally 0 -> -1
2019-09-12 11:30:42,442 [pool-126-thread-1] INFO  server.RaftServerConfigKeys (ConfUtils.java:logGet(43)) - raft.server.snapshot.auto.trigger.enabled = true (custom)
2019-09-12 11:30:42,443 [pool-126-thread-1] INFO  server.RaftServerConfigKeys (ConfUtils.java:logGet(43)) - raft.server.snapshot.auto.trigger.threshold = 10000 (custom)
2019-09-12 11:30:42,443 [pool-126-thread-1] INFO  server.RaftServerConfigKeys (ConfUtils.java:logGet(43)) - raft.server.retrycache.expirytime = 600000ms (custom)
2019-09-12 11:30:42,443 [pool-126-thread-1] INFO  impl.RaftServerImpl (RaftServerImpl.java:start(180)) - b0998cbd-0da9-45e0-86de-67ec8cdedc86: start group-EFD14B5A1B28
2019-09-12 11:30:42,443 [pool-126-thread-1] INFO  impl.RaftServerImpl (RaftServerImpl.java:setRole(171)) - b0998cbd-0da9-45e0-86de-67ec8cdedc86:group-EFD14B5A1B28 changes role from null to FOLLOWER at term 0 for startAsFollower
2019-09-12 11:30:42,444 [pool-126-thread-1] INFO  impl.RoleInfo (RoleInfo.java:updateAndGet(143)) - b0998cbd-0da9-45e0-86de-67ec8cdedc86: start FollowerState
2019-09-12 11:30:42,444 [pool-126-thread-1] INFO  util.JmxRegister (JmxRegister.java:tryRegister(44)) - Successfully registered JMX Bean with object name Ratis:service=RaftServer,group=group-EFD14B5A1B28,id=b0998cbd-0da9-45e0-86de-67ec8cdedc86
2019-09-12 11:30:42,447 [RatisPipelineUtilsThread] INFO  pipeline.PipelineStateManager (PipelineStateManager.java:addPipeline(56)) - Created pipeline Pipeline[ Id: d0cc548d-3081-410f-aa9e-efd14b5a1b28, Nodes: b0998cbd-0da9-45e0-86de-67ec8cdedc86{ip: 192.168.36.114, host: pr-hdds-1569-58hkm-1881083799, networkLocation: /default-rack, certSerialId: null}, Type:RATIS, Factor:ONE, State:OPEN]
2019-09-12 11:30:42,448 [RatisPipelineUtilsThread] ERROR pipeline.PipelinePlacementPolicy (PipelinePlacementPolicy.java:meetCriteria(92)) - Pipeline Placement: Doesn't meet the criteria to be viable node. Heaviness: 6
2019-09-12 11:30:42,448 [RatisPipelineUtilsThread] ERROR pipeline.PipelinePlacementPolicy (PipelinePlacementPolicy.java:meetCriteria(92)) - Pipeline Placement: Doesn't meet the criteria to be viable node. Heaviness: 6
2019-09-12 11:30:42,448 [RatisPipelineUtilsThread] ERROR pipeline.PipelinePlacementPolicy (PipelinePlacementPolicy.java:meetCriteria(92)) - Pipeline Placement: Doesn't meet the criteria to be viable node. Heaviness: 6
2019-09-12 11:30:42,448 [RatisPipelineUtilsThread] ERROR pipeline.PipelinePlacementPolicy (PipelinePlacementPolicy.java:meetCriteria(92)) - Pipeline Placement: Doesn't meet the criteria to be viable node. Heaviness: 6
2019-09-12 11:30:42,448 [RatisPipelineUtilsThread] ERROR pipeline.PipelinePlacementPolicy (PipelinePlacementPolicy.java:meetCriteria(92)) - Pipeline Placement: Doesn't meet the criteria to be viable node. Heaviness: 6
2019-09-12 11:30:42,448 [RatisPipelineUtilsThread] ERROR pipeline.PipelinePlacementPolicy (PipelinePlacementPolicy.java:meetCriteria(92)) - Pipeline Placement: Doesn't meet the criteria to be viable node. Heaviness: 6
2019-09-12 11:30:42,448 [RatisPipelineUtilsThread] ERROR pipeline.PipelinePlacementPolicy (PipelinePlacementPolicy.java:meetCriteria(92)) - Pipeline Placement: Doesn't meet the criteria to be viable node. Heaviness: 6
2019-09-12 11:30:42,448 [RatisPipelineUtilsThread] ERROR pipeline.PipelinePlacementPolicy (PipelinePlacementPolicy.java:meetCriteria(92)) - Pipeline Placement: Doesn't meet the criteria to be viable node. Heaviness: 6
2019-09-12 11:30:42,454 [grpc-default-executor-0] INFO  impl.RaftServerProxy (RaftServerProxy.java:addNew(89)) - 08a21858-3fe1-4902-a000-628c438c5bdb: addNew group-6AB7F9E33F20:[08a21858-3fe1-4902-a000-628c438c5bdb:192.168.36.114:35829] returns group-6AB7F9E33F20:java.util.concurrent.CompletableFuture@13face5e[Not completed]
2019-09-12 11:30:42,456 [pool-115-thread-1] INFO  impl.RaftServerImpl (RaftServerImpl.java:<init>(93)) - 08a21858-3fe1-4902-a000-628c438c5bdb: new RaftServerImpl for group-6AB7F9E33F20:[08a21858-3fe1-4902-a000-628c438c5bdb:192.168.36.114:35829] with ContainerStateMachine:uninitialized
2019-09-12 11:30:42,456 [pool-115-thread-1] INFO  server.RaftServerConfigKeys (ConfUtils.java:logGet(43)) - raft.server.rpc.timeout.min = 5s (custom)
2019-09-12 11:30:42,456 [pool-115-thread-1] INFO  server.RaftServerConfigKeys (ConfUtils.java:logGet(43)) - raft.server.rpc.timeout.max = 5200ms (custom)
2019-09-12 11:30:42,456 [pool-115-thread-1] INFO  server.RaftServerConfigKeys (ConfUtils.java:logGet(43)) - raft.server.rpcslowness.timeout = 120s (custom)
2019-09-12 11:30:42,457 [pool-115-thread-1] INFO  server.RaftServerConfigKeys (ConfUtils.java:logGet(43)) - raft.server.sleep.deviation.threshold = 300 (default)
2019-09-12 11:30:42,457 [pool-115-thread-1] INFO  server.RaftServerConfigKeys (ConfUtils.java:logGet(43)) - raft.server.log.appender.install.snapshot.enabled = false (custom)
2019-09-12 11:30:42,457 [pool-115-thread-1] INFO  impl.RaftServerImpl (ServerState.java:<init>(105)) - 08a21858-3fe1-4902-a000-628c438c5bdb:group-6AB7F9E33F20 ConfigurationManager, init=-1: [08a21858-3fe1-4902-a000-628c438c5bdb:192.168.36.114:35829], old=null, confs=<EMPTY_MAP>
2019-09-12 11:30:42,457 [pool-115-thread-1] INFO  server.RaftServerConfigKeys (ConfUtils.java:logGet(43)) - raft.server.storage.dir = [/workdir/hadoop-ozone/integration-test/target/test-dir/MiniOzoneClusterImpl-299c34b2-84c4-4da4-b63e-5faf1abba283/datanode-8/data/ratis] (custom)
2019-09-12 11:30:42,458 [pool-115-thread-1] INFO  storage.RaftStorageDirectory (RaftStorageDirectory.java:analyzeStorage(246)) - The storage directory /workdir/hadoop-ozone/integration-test/target/test-dir/MiniOzoneClusterImpl-299c34b2-84c4-4da4-b63e-5faf1abba283/datanode-8/data/ratis/888c1080-0a81-4229-b7db-6ab7f9e33f20 does not exist. Creating ...
2019-09-12 11:30:42,483 [pool-115-thread-1] INFO  storage.RaftStorageDirectory (RaftStorageDirectory.java:tryLock(328)) - Lock on /workdir/hadoop-ozone/integration-test/target/test-dir/MiniOzoneClusterImpl-299c34b2-84c4-4da4-b63e-5faf1abba283/datanode-8/data/ratis/888c1080-0a81-4229-b7db-6ab7f9e33f20/in_use.lock acquired by nodename 16167@pr-hdds-1569-58hkm-1881083799
2019-09-12 11:30:42,496 [pool-115-thread-1] INFO  storage.RaftStorage (RaftStorage.java:format(72)) - Storage directory /workdir/hadoop-ozone/integration-test/target/test-dir/MiniOzoneClusterImpl-299c34b2-84c4-4da4-b63e-5faf1abba283/datanode-8/data/ratis/888c1080-0a81-4229-b7db-6ab7f9e33f20 has been successfully formatted.
2019-09-12 11:30:42,497 [pool-115-thread-1] INFO  ratis.ContainerStateMachine (ContainerStateMachine.java:loadSnapshot(226)) - group-6AB7F9E33F20: The snapshot info is null. Setting the last applied indexto:(t:0, i:~)
2019-09-12 11:30:42,497 [pool-115-thread-1] INFO  server.RaftServerConfigKeys (ConfUtils.java:logGet(43)) - raft.server.leader.election.timeout = 120s (custom)
2019-09-12 11:30:42,497 [pool-115-thread-1] INFO  server.RaftServerConfigKeys (ConfUtils.java:logGet(43)) - raft.server.log.use.memory = false (default)
2019-09-12 11:30:42,497 [pool-115-thread-1] INFO  server.RaftServerConfigKeys (ConfUtils.java:logGet(43)) - raft.server.log.purge.gap = 1000000 (custom)
2019-09-12 11:30:42,497 [pool-115-thread-1] INFO  server.RaftServerConfigKeys (ConfUtils.java:logGet(43)) - raft.server.log.appender.buffer.byte-limit = 33554432 (custom)
2019-09-12 11:30:42,498 [pool-115-thread-1] INFO  server.RaftServerConfigKeys (ConfUtils.java:logGet(43)) - raft.server.log.segment.size.max = 1048576 (custom)
2019-09-12 11:30:42,498 [pool-115-thread-1] INFO  server.RaftServerConfigKeys (ConfUtils.java:logGet(43)) - raft.server.log.segment.cache.num.max = 2 (custom)
2019-09-12 11:30:42,498 [pool-115-thread-1] INFO  segmented.SegmentedRaftLogWorker (SegmentedRaftLogWorker.java:<init>(172)) - new 08a21858-3fe1-4902-a000-628c438c5bdb-SegmentedRaftLogWorker:Storage Directory /workdir/hadoop-ozone/integration-test/target/test-dir/MiniOzoneClusterImpl-299c34b2-84c4-4da4-b63e-5faf1abba283/datanode-8/data/ratis/888c1080-0a81-4229-b7db-6ab7f9e33f20 for RaftStorage:Storage Directory /workdir/hadoop-ozone/integration-test/target/test-dir/MiniOzoneClusterImpl-299c34b2-84c4-4da4-b63e-5faf1abba283/datanode-8/data/ratis/888c1080-0a81-4229-b7db-6ab7f9e33f20
2019-09-12 11:30:42,498 [pool-115-thread-1] INFO  server.RaftServerConfigKeys (ConfUtils.java:logGet(43)) - raft.server.log.queue.byte-limit = 2147483647 (custom)
2019-09-12 11:30:42,498 [pool-115-thread-1] INFO  server.RaftServerConfigKeys (ConfUtils.java:logGet(43)) - raft.server.log.queue.element-limit = 1024 (custom)
2019-09-12 11:30:42,498 [pool-115-thread-1] INFO  server.RaftServerConfigKeys (ConfUtils.java:logGet(43)) - raft.server.log.segment.size.max = 1048576 (custom)
2019-09-12 11:30:42,499 [pool-115-thread-1] INFO  server.RaftServerConfigKeys (ConfUtils.java:logGet(43)) - raft.server.log.preallocated.size = 16384 (custom)
2019-09-12 11:30:42,499 [pool-115-thread-1] INFO  server.RaftServerConfigKeys (ConfUtils.java:logGet(43)) - raft.server.log.write.buffer.size = 33554432 (custom)
2019-09-12 11:30:42,499 [pool-115-thread-1] INFO  server.RaftServerConfigKeys (ConfUtils.java:logGet(43)) - raft.server.log.force.sync.num = 128 (default)
2019-09-12 11:30:42,499 [pool-115-thread-1] INFO  server.RaftServerConfigKeys (ConfUtils.java:logGet(43)) - raft.server.log.statemachine.data.sync = true (default)
2019-09-12 11:30:42,499 [pool-115-thread-1] INFO  server.RaftServerConfigKeys (ConfUtils.java:logGet(43)) - raft.server.log.statemachine.data.sync.timeout = 10s (default)
2019-09-12 11:30:42,499 [pool-115-thread-1] INFO  server.RaftServerConfigKeys (ConfUtils.java:logGet(43)) - raft.server.log.statemachine.data.sync.timeout.retry = -1 (default)
2019-09-12 11:30:42,500 [pool-115-thread-1] INFO  server.RaftServerConfigKeys (ConfUtils.java:logGet(43)) - raft.server.log.statemachine.data.caching.enabled = true (custom)
2019-09-12 11:30:42,500 [pool-115-thread-1] INFO  segmented.SegmentedRaftLogWorker (SegmentedRaftLogWorker.java:lambda$new$0(132)) - 08a21858-3fe1-4902-a000-628c438c5bdb-SegmentedRaftLogWorker:Storage Directory /workdir/hadoop-ozone/integration-test/target/test-dir/MiniOzoneClusterImpl-299c34b2-84c4-4da4-b63e-5faf1abba283/datanode-8/data/ratis/888c1080-0a81-4229-b7db-6ab7f9e33f20: flushIndex: setUnconditionally 0 -> -1
2019-09-12 11:30:42,500 [pool-115-thread-1] INFO  server.RaftServerConfigKeys (ConfUtils.java:logGet(43)) - raft.server.snapshot.auto.trigger.enabled = true (custom)
2019-09-12 11:30:42,500 [pool-115-thread-1] INFO  server.RaftServerConfigKeys (ConfUtils.java:logGet(43)) - raft.server.snapshot.auto.trigger.threshold = 10000 (custom)
2019-09-12 11:30:42,501 [pool-115-thread-1] INFO  server.RaftServerConfigKeys (ConfUtils.java:logGet(43)) - raft.server.retrycache.expirytime = 600000ms (custom)
2019-09-12 11:30:42,501 [pool-115-thread-1] INFO  impl.RaftServerImpl (RaftServerImpl.java:start(180)) - 08a21858-3fe1-4902-a000-628c438c5bdb: start group-6AB7F9E33F20
2019-09-12 11:30:42,501 [pool-115-thread-1] INFO  impl.RaftServerImpl (RaftServerImpl.java:setRole(171)) - 08a21858-3fe1-4902-a000-628c438c5bdb:group-6AB7F9E33F20 changes role from null to FOLLOWER at term 0 for startAsFollower
2019-09-12 11:30:42,501 [pool-115-thread-1] INFO  impl.RoleInfo (RoleInfo.java:updateAndGet(143)) - 08a21858-3fe1-4902-a000-628c438c5bdb: start FollowerState
2019-09-12 11:30:42,502 [pool-115-thread-1] INFO  util.JmxRegister (JmxRegister.java:tryRegister(44)) - Successfully registered JMX Bean with object name Ratis:service=RaftServer,group=group-6AB7F9E33F20,id=08a21858-3fe1-4902-a000-628c438c5bdb
2019-09-12 11:30:42,506 [RatisPipelineUtilsThread] INFO  pipeline.PipelineStateManager (PipelineStateManager.java:addPipeline(56)) - Created pipeline Pipeline[ Id: 888c1080-0a81-4229-b7db-6ab7f9e33f20, Nodes: 08a21858-3fe1-4902-a000-628c438c5bdb{ip: 192.168.36.114, host: pr-hdds-1569-58hkm-1881083799, networkLocation: /default-rack, certSerialId: null}, Type:RATIS, Factor:ONE, State:OPEN]
2019-09-12 11:30:42,506 [RatisPipelineUtilsThread] ERROR pipeline.PipelinePlacementPolicy (PipelinePlacementPolicy.java:meetCriteria(92)) - Pipeline Placement: Doesn't meet the criteria to be viable node. Heaviness: 6
2019-09-12 11:30:42,506 [RatisPipelineUtilsThread] ERROR pipeline.PipelinePlacementPolicy (PipelinePlacementPolicy.java:meetCriteria(92)) - Pipeline Placement: Doesn't meet the criteria to be viable node. Heaviness: 6
2019-09-12 11:30:42,506 [RatisPipelineUtilsThread] ERROR pipeline.PipelinePlacementPolicy (PipelinePlacementPolicy.java:meetCriteria(92)) - Pipeline Placement: Doesn't meet the criteria to be viable node. Heaviness: 6
2019-09-12 11:30:42,507 [RatisPipelineUtilsThread] ERROR pipeline.PipelinePlacementPolicy (PipelinePlacementPolicy.java:meetCriteria(92)) - Pipeline Placement: Doesn't meet the criteria to be viable node. Heaviness: 6
2019-09-12 11:30:42,507 [RatisPipelineUtilsThread] ERROR pipeline.PipelinePlacementPolicy (PipelinePlacementPolicy.java:meetCriteria(92)) - Pipeline Placement: Doesn't meet the criteria to be viable node. Heaviness: 6
2019-09-12 11:30:42,507 [RatisPipelineUtilsThread] ERROR pipeline.PipelinePlacementPolicy (PipelinePlacementPolicy.java:meetCriteria(92)) - Pipeline Placement: Doesn't meet the criteria to be viable node. Heaviness: 6
2019-09-12 11:30:42,507 [RatisPipelineUtilsThread] ERROR pipeline.PipelinePlacementPolicy (PipelinePlacementPolicy.java:meetCriteria(92)) - Pipeline Placement: Doesn't meet the criteria to be viable node. Heaviness: 6
2019-09-12 11:30:42,507 [RatisPipelineUtilsThread] ERROR pipeline.PipelinePlacementPolicy (PipelinePlacementPolicy.java:meetCriteria(92)) - Pipeline Placement: Doesn't meet the criteria to be viable node. Heaviness: 6
2019-09-12 11:30:42,514 [grpc-default-executor-0] INFO  impl.RaftServerProxy (RaftServerProxy.java:addNew(89)) - 08a21858-3fe1-4902-a000-628c438c5bdb: addNew group-CF434E71B95E:[08a21858-3fe1-4902-a000-628c438c5bdb:192.168.36.114:35829] returns group-CF434E71B95E:java.util.concurrent.CompletableFuture@6872dc5[Not completed]
2019-09-12 11:30:42,515 [pool-115-thread-1] INFO  impl.RaftServerImpl (RaftServerImpl.java:<init>(93)) - 08a21858-3fe1-4902-a000-628c438c5bdb: new RaftServerImpl for group-CF434E71B95E:[08a21858-3fe1-4902-a000-628c438c5bdb:192.168.36.114:35829] with ContainerStateMachine:uninitialized
2019-09-12 11:30:42,515 [pool-115-thread-1] INFO  server.RaftServerConfigKeys (ConfUtils.java:logGet(43)) - raft.server.rpc.timeout.min = 5s (custom)
2019-09-12 11:30:42,515 [pool-115-thread-1] INFO  server.RaftServerConfigKeys (ConfUtils.java:logGet(43)) - raft.server.rpc.timeout.max = 5200ms (custom)
2019-09-12 11:30:42,516 [pool-115-thread-1] INFO  server.RaftServerConfigKeys (ConfUtils.java:logGet(43)) - raft.server.rpcslowness.timeout = 120s (custom)
2019-09-12 11:30:42,516 [pool-115-thread-1] INFO  server.RaftServerConfigKeys (ConfUtils.java:logGet(43)) - raft.server.sleep.deviation.threshold = 300 (default)
2019-09-12 11:30:42,516 [pool-115-thread-1] INFO  server.RaftServerConfigKeys (ConfUtils.java:logGet(43)) - raft.server.log.appender.install.snapshot.enabled = false (custom)
2019-09-12 11:30:42,516 [pool-115-thread-1] INFO  impl.RaftServerImpl (ServerState.java:<init>(105)) - 08a21858-3fe1-4902-a000-628c438c5bdb:group-CF434E71B95E ConfigurationManager, init=-1: [08a21858-3fe1-4902-a000-628c438c5bdb:192.168.36.114:35829], old=null, confs=<EMPTY_MAP>
2019-09-12 11:30:42,516 [pool-115-thread-1] INFO  server.RaftServerConfigKeys (ConfUtils.java:logGet(43)) - raft.server.storage.dir = [/workdir/hadoop-ozone/integration-test/target/test-dir/MiniOzoneClusterImpl-299c34b2-84c4-4da4-b63e-5faf1abba283/datanode-8/data/ratis] (custom)
2019-09-12 11:30:42,517 [pool-115-thread-1] INFO  storage.RaftStorageDirectory (RaftStorageDirectory.java:analyzeStorage(246)) - The storage directory /workdir/hadoop-ozone/integration-test/target/test-dir/MiniOzoneClusterImpl-299c34b2-84c4-4da4-b63e-5faf1abba283/datanode-8/data/ratis/ef7f4a0c-c28d-4c4d-8c65-cf434e71b95e does not exist. Creating ...
2019-09-12 11:30:42,529 [pool-115-thread-1] INFO  storage.RaftStorageDirectory (RaftStorageDirectory.java:tryLock(328)) - Lock on /workdir/hadoop-ozone/integration-test/target/test-dir/MiniOzoneClusterImpl-299c34b2-84c4-4da4-b63e-5faf1abba283/datanode-8/data/ratis/ef7f4a0c-c28d-4c4d-8c65-cf434e71b95e/in_use.lock acquired by nodename 16167@pr-hdds-1569-58hkm-1881083799
2019-09-12 11:30:42,542 [pool-115-thread-1] INFO  storage.RaftStorage (RaftStorage.java:format(72)) - Storage directory /workdir/hadoop-ozone/integration-test/target/test-dir/MiniOzoneClusterImpl-299c34b2-84c4-4da4-b63e-5faf1abba283/datanode-8/data/ratis/ef7f4a0c-c28d-4c4d-8c65-cf434e71b95e has been successfully formatted.
2019-09-12 11:30:42,543 [pool-115-thread-1] INFO  ratis.ContainerStateMachine (ContainerStateMachine.java:loadSnapshot(226)) - group-CF434E71B95E: The snapshot info is null. Setting the last applied indexto:(t:0, i:~)
2019-09-12 11:30:42,543 [pool-115-thread-1] INFO  server.RaftServerConfigKeys (ConfUtils.java:logGet(43)) - raft.server.leader.election.timeout = 120s (custom)
2019-09-12 11:30:42,543 [pool-115-thread-1] INFO  server.RaftServerConfigKeys (ConfUtils.java:logGet(43)) - raft.server.log.use.memory = false (default)
2019-09-12 11:30:42,543 [pool-115-thread-1] INFO  server.RaftServerConfigKeys (ConfUtils.java:logGet(43)) - raft.server.log.purge.gap = 1000000 (custom)
2019-09-12 11:30:42,543 [pool-115-thread-1] INFO  server.RaftServerConfigKeys (ConfUtils.java:logGet(43)) - raft.server.log.appender.buffer.byte-limit = 33554432 (custom)
2019-09-12 11:30:42,543 [pool-115-thread-1] INFO  server.RaftServerConfigKeys (ConfUtils.java:logGet(43)) - raft.server.log.segment.size.max = 1048576 (custom)
2019-09-12 11:30:42,544 [pool-115-thread-1] INFO  server.RaftServerConfigKeys (ConfUtils.java:logGet(43)) - raft.server.log.segment.cache.num.max = 2 (custom)
2019-09-12 11:30:42,544 [pool-115-thread-1] INFO  segmented.SegmentedRaftLogWorker (SegmentedRaftLogWorker.java:<init>(172)) - new 08a21858-3fe1-4902-a000-628c438c5bdb-SegmentedRaftLogWorker:Storage Directory /workdir/hadoop-ozone/integration-test/target/test-dir/MiniOzoneClusterImpl-299c34b2-84c4-4da4-b63e-5faf1abba283/datanode-8/data/ratis/ef7f4a0c-c28d-4c4d-8c65-cf434e71b95e for RaftStorage:Storage Directory /workdir/hadoop-ozone/integration-test/target/test-dir/MiniOzoneClusterImpl-299c34b2-84c4-4da4-b63e-5faf1abba283/datanode-8/data/ratis/ef7f4a0c-c28d-4c4d-8c65-cf434e71b95e
2019-09-12 11:30:42,544 [pool-115-thread-1] INFO  server.RaftServerConfigKeys (ConfUtils.java:logGet(43)) - raft.server.log.queue.byte-limit = 2147483647 (custom)
2019-09-12 11:30:42,544 [pool-115-thread-1] INFO  server.RaftServerConfigKeys (ConfUtils.java:logGet(43)) - raft.server.log.queue.element-limit = 1024 (custom)
2019-09-12 11:30:42,544 [pool-115-thread-1] INFO  server.RaftServerConfigKeys (ConfUtils.java:logGet(43)) - raft.server.log.segment.size.max = 1048576 (custom)
2019-09-12 11:30:42,544 [pool-115-thread-1] INFO  server.RaftServerConfigKeys (ConfUtils.java:logGet(43)) - raft.server.log.preallocated.size = 16384 (custom)
2019-09-12 11:30:42,545 [pool-115-thread-1] INFO  server.RaftServerConfigKeys (ConfUtils.java:logGet(43)) - raft.server.log.write.buffer.size = 33554432 (custom)
2019-09-12 11:30:42,545 [pool-115-thread-1] INFO  server.RaftServerConfigKeys (ConfUtils.java:logGet(43)) - raft.server.log.force.sync.num = 128 (default)
2019-09-12 11:30:42,545 [pool-115-thread-1] INFO  server.RaftServerConfigKeys (ConfUtils.java:logGet(43)) - raft.server.log.statemachine.data.sync = true (default)
2019-09-12 11:30:42,545 [pool-115-thread-1] INFO  server.RaftServerConfigKeys (ConfUtils.java:logGet(43)) - raft.server.log.statemachine.data.sync.timeout = 10s (default)
2019-09-12 11:30:42,545 [pool-115-thread-1] INFO  server.RaftServerConfigKeys (ConfUtils.java:logGet(43)) - raft.server.log.statemachine.data.sync.timeout.retry = -1 (default)
2019-09-12 11:30:42,545 [pool-115-thread-1] INFO  server.RaftServerConfigKeys (ConfUtils.java:logGet(43)) - raft.server.log.statemachine.data.caching.enabled = true (custom)
2019-09-12 11:30:42,546 [pool-115-thread-1] INFO  segmented.SegmentedRaftLogWorker (SegmentedRaftLogWorker.java:lambda$new$0(132)) - 08a21858-3fe1-4902-a000-628c438c5bdb-SegmentedRaftLogWorker:Storage Directory /workdir/hadoop-ozone/integration-test/target/test-dir/MiniOzoneClusterImpl-299c34b2-84c4-4da4-b63e-5faf1abba283/datanode-8/data/ratis/ef7f4a0c-c28d-4c4d-8c65-cf434e71b95e: flushIndex: setUnconditionally 0 -> -1
2019-09-12 11:30:42,546 [pool-115-thread-1] INFO  server.RaftServerConfigKeys (ConfUtils.java:logGet(43)) - raft.server.snapshot.auto.trigger.enabled = true (custom)
2019-09-12 11:30:42,546 [pool-115-thread-1] INFO  server.RaftServerConfigKeys (ConfUtils.java:logGet(43)) - raft.server.snapshot.auto.trigger.threshold = 10000 (custom)
2019-09-12 11:30:42,547 [pool-115-thread-1] INFO  server.RaftServerConfigKeys (ConfUtils.java:logGet(43)) - raft.server.retrycache.expirytime = 600000ms (custom)
2019-09-12 11:30:42,547 [pool-115-thread-1] INFO  impl.RaftServerImpl (RaftServerImpl.java:start(180)) - 08a21858-3fe1-4902-a000-628c438c5bdb: start group-CF434E71B95E
2019-09-12 11:30:42,547 [pool-115-thread-1] INFO  impl.RaftServerImpl (RaftServerImpl.java:setRole(171)) - 08a21858-3fe1-4902-a000-628c438c5bdb:group-CF434E71B95E changes role from null to FOLLOWER at term 0 for startAsFollower
2019-09-12 11:30:42,547 [pool-115-thread-1] INFO  impl.RoleInfo (RoleInfo.java:updateAndGet(143)) - 08a21858-3fe1-4902-a000-628c438c5bdb: start FollowerState
2019-09-12 11:30:42,548 [pool-115-thread-1] INFO  util.JmxRegister (JmxRegister.java:tryRegister(44)) - Successfully registered JMX Bean with object name Ratis:service=RaftServer,group=group-CF434E71B95E,id=08a21858-3fe1-4902-a000-628c438c5bdb
2019-09-12 11:30:42,551 [RatisPipelineUtilsThread] INFO  pipeline.PipelineStateManager (PipelineStateManager.java:addPipeline(56)) - Created pipeline Pipeline[ Id: ef7f4a0c-c28d-4c4d-8c65-cf434e71b95e, Nodes: 08a21858-3fe1-4902-a000-628c438c5bdb{ip: 192.168.36.114, host: pr-hdds-1569-58hkm-1881083799, networkLocation: /default-rack, certSerialId: null}, Type:RATIS, Factor:ONE, State:OPEN]
2019-09-12 11:30:42,551 [RatisPipelineUtilsThread] ERROR pipeline.PipelinePlacementPolicy (PipelinePlacementPolicy.java:meetCriteria(92)) - Pipeline Placement: Doesn't meet the criteria to be viable node. Heaviness: 6
2019-09-12 11:30:42,551 [RatisPipelineUtilsThread] ERROR pipeline.PipelinePlacementPolicy (PipelinePlacementPolicy.java:meetCriteria(92)) - Pipeline Placement: Doesn't meet the criteria to be viable node. Heaviness: 6
2019-09-12 11:30:42,552 [RatisPipelineUtilsThread] ERROR pipeline.PipelinePlacementPolicy (PipelinePlacementPolicy.java:meetCriteria(92)) - Pipeline Placement: Doesn't meet the criteria to be viable node. Heaviness: 6
2019-09-12 11:30:42,552 [RatisPipelineUtilsThread] ERROR pipeline.PipelinePlacementPolicy (PipelinePlacementPolicy.java:meetCriteria(92)) - Pipeline Placement: Doesn't meet the criteria to be viable node. Heaviness: 6
2019-09-12 11:30:42,552 [RatisPipelineUtilsThread] ERROR pipeline.PipelinePlacementPolicy (PipelinePlacementPolicy.java:meetCriteria(92)) - Pipeline Placement: Doesn't meet the criteria to be viable node. Heaviness: 6
2019-09-12 11:30:42,552 [RatisPipelineUtilsThread] ERROR pipeline.PipelinePlacementPolicy (PipelinePlacementPolicy.java:meetCriteria(92)) - Pipeline Placement: Doesn't meet the criteria to be viable node. Heaviness: 6
2019-09-12 11:30:42,552 [RatisPipelineUtilsThread] ERROR pipeline.PipelinePlacementPolicy (PipelinePlacementPolicy.java:meetCriteria(92)) - Pipeline Placement: Doesn't meet the criteria to be viable node. Heaviness: 6
2019-09-12 11:30:42,552 [RatisPipelineUtilsThread] ERROR pipeline.PipelinePlacementPolicy (PipelinePlacementPolicy.java:meetCriteria(92)) - Pipeline Placement: Doesn't meet the criteria to be viable node. Heaviness: 6
2019-09-12 11:30:42,552 [RatisPipelineUtilsThread] ERROR pipeline.PipelinePlacementPolicy (PipelinePlacementPolicy.java:meetCriteria(92)) - Pipeline Placement: Doesn't meet the criteria to be viable node. Heaviness: 6
2019-09-12 11:30:42,559 [grpc-default-executor-0] INFO  impl.RaftServerProxy (RaftServerProxy.java:addNew(89)) - b0998cbd-0da9-45e0-86de-67ec8cdedc86: addNew group-2FB51CD4A2A5:[b0998cbd-0da9-45e0-86de-67ec8cdedc86:192.168.36.114:46815] returns group-2FB51CD4A2A5:java.util.concurrent.CompletableFuture@59d25585[Not completed]
2019-09-12 11:30:42,561 [pool-126-thread-1] INFO  impl.RaftServerImpl (RaftServerImpl.java:<init>(93)) - b0998cbd-0da9-45e0-86de-67ec8cdedc86: new RaftServerImpl for group-2FB51CD4A2A5:[b0998cbd-0da9-45e0-86de-67ec8cdedc86:192.168.36.114:46815] with ContainerStateMachine:uninitialized
2019-09-12 11:30:42,561 [pool-126-thread-1] INFO  server.RaftServerConfigKeys (ConfUtils.java:logGet(43)) - raft.server.rpc.timeout.min = 5s (custom)
2019-09-12 11:30:42,561 [pool-126-thread-1] INFO  server.RaftServerConfigKeys (ConfUtils.java:logGet(43)) - raft.server.rpc.timeout.max = 5200ms (custom)
2019-09-12 11:30:42,561 [pool-126-thread-1] INFO  server.RaftServerConfigKeys (ConfUtils.java:logGet(43)) - raft.server.rpcslowness.timeout = 120s (custom)
2019-09-12 11:30:42,562 [pool-126-thread-1] INFO  server.RaftServerConfigKeys (ConfUtils.java:logGet(43)) - raft.server.sleep.deviation.threshold = 300 (default)
2019-09-12 11:30:42,562 [pool-126-thread-1] INFO  server.RaftServerConfigKeys (ConfUtils.java:logGet(43)) - raft.server.log.appender.install.snapshot.enabled = false (custom)
2019-09-12 11:30:42,562 [pool-126-thread-1] INFO  impl.RaftServerImpl (ServerState.java:<init>(105)) - b0998cbd-0da9-45e0-86de-67ec8cdedc86:group-2FB51CD4A2A5 ConfigurationManager, init=-1: [b0998cbd-0da9-45e0-86de-67ec8cdedc86:192.168.36.114:46815], old=null, confs=<EMPTY_MAP>
2019-09-12 11:30:42,562 [pool-126-thread-1] INFO  server.RaftServerConfigKeys (ConfUtils.java:logGet(43)) - raft.server.storage.dir = [/workdir/hadoop-ozone/integration-test/target/test-dir/MiniOzoneClusterImpl-299c34b2-84c4-4da4-b63e-5faf1abba283/datanode-9/data/ratis] (custom)
2019-09-12 11:30:42,563 [pool-126-thread-1] INFO  storage.RaftStorageDirectory (RaftStorageDirectory.java:analyzeStorage(246)) - The storage directory /workdir/hadoop-ozone/integration-test/target/test-dir/MiniOzoneClusterImpl-299c34b2-84c4-4da4-b63e-5faf1abba283/datanode-9/data/ratis/76abbdaf-ebb9-42de-8dc7-2fb51cd4a2a5 does not exist. Creating ...
2019-09-12 11:30:42,575 [pool-126-thread-1] INFO  storage.RaftStorageDirectory (RaftStorageDirectory.java:tryLock(328)) - Lock on /workdir/hadoop-ozone/integration-test/target/test-dir/MiniOzoneClusterImpl-299c34b2-84c4-4da4-b63e-5faf1abba283/datanode-9/data/ratis/76abbdaf-ebb9-42de-8dc7-2fb51cd4a2a5/in_use.lock acquired by nodename 16167@pr-hdds-1569-58hkm-1881083799
2019-09-12 11:30:42,576 | INFO  | SCMAudit | user=jenkins1000 | ip=192.168.36.114 | op=SEND_HEARTBEAT {datanodeUUID=63a2c513-e651-4cfd-9092-3873a710e112, command=[]} | ret=SUCCESS |  
2019-09-12 11:30:42,587 [pool-126-thread-1] INFO  storage.RaftStorage (RaftStorage.java:format(72)) - Storage directory /workdir/hadoop-ozone/integration-test/target/test-dir/MiniOzoneClusterImpl-299c34b2-84c4-4da4-b63e-5faf1abba283/datanode-9/data/ratis/76abbdaf-ebb9-42de-8dc7-2fb51cd4a2a5 has been successfully formatted.
2019-09-12 11:30:42,588 [pool-126-thread-1] INFO  ratis.ContainerStateMachine (ContainerStateMachine.java:loadSnapshot(226)) - group-2FB51CD4A2A5: The snapshot info is null. Setting the last applied indexto:(t:0, i:~)
2019-09-12 11:30:42,588 [pool-126-thread-1] INFO  server.RaftServerConfigKeys (ConfUtils.java:logGet(43)) - raft.server.leader.election.timeout = 120s (custom)
2019-09-12 11:30:42,588 [pool-126-thread-1] INFO  server.RaftServerConfigKeys (ConfUtils.java:logGet(43)) - raft.server.log.use.memory = false (default)
2019-09-12 11:30:42,588 [pool-126-thread-1] INFO  server.RaftServerConfigKeys (ConfUtils.java:logGet(43)) - raft.server.log.purge.gap = 1000000 (custom)
2019-09-12 11:30:42,588 [pool-126-thread-1] INFO  server.RaftServerConfigKeys (ConfUtils.java:logGet(43)) - raft.server.log.appender.buffer.byte-limit = 33554432 (custom)
2019-09-12 11:30:42,588 [pool-126-thread-1] INFO  server.RaftServerConfigKeys (ConfUtils.java:logGet(43)) - raft.server.log.segment.size.max = 1048576 (custom)
2019-09-12 11:30:42,589 [pool-126-thread-1] INFO  server.RaftServerConfigKeys (ConfUtils.java:logGet(43)) - raft.server.log.segment.cache.num.max = 2 (custom)
2019-09-12 11:30:42,589 [pool-126-thread-1] INFO  segmented.SegmentedRaftLogWorker (SegmentedRaftLogWorker.java:<init>(172)) - new b0998cbd-0da9-45e0-86de-67ec8cdedc86-SegmentedRaftLogWorker:Storage Directory /workdir/hadoop-ozone/integration-test/target/test-dir/MiniOzoneClusterImpl-299c34b2-84c4-4da4-b63e-5faf1abba283/datanode-9/data/ratis/76abbdaf-ebb9-42de-8dc7-2fb51cd4a2a5 for RaftStorage:Storage Directory /workdir/hadoop-ozone/integration-test/target/test-dir/MiniOzoneClusterImpl-299c34b2-84c4-4da4-b63e-5faf1abba283/datanode-9/data/ratis/76abbdaf-ebb9-42de-8dc7-2fb51cd4a2a5
2019-09-12 11:30:42,589 [pool-126-thread-1] INFO  server.RaftServerConfigKeys (ConfUtils.java:logGet(43)) - raft.server.log.queue.byte-limit = 2147483647 (custom)
2019-09-12 11:30:42,589 [pool-126-thread-1] INFO  server.RaftServerConfigKeys (ConfUtils.java:logGet(43)) - raft.server.log.queue.element-limit = 1024 (custom)
2019-09-12 11:30:42,589 [pool-126-thread-1] INFO  server.RaftServerConfigKeys (ConfUtils.java:logGet(43)) - raft.server.log.segment.size.max = 1048576 (custom)
2019-09-12 11:30:42,590 [pool-126-thread-1] INFO  server.RaftServerConfigKeys (ConfUtils.java:logGet(43)) - raft.server.log.preallocated.size = 16384 (custom)
2019-09-12 11:30:42,590 [pool-126-thread-1] INFO  server.RaftServerConfigKeys (ConfUtils.java:logGet(43)) - raft.server.log.write.buffer.size = 33554432 (custom)
2019-09-12 11:30:42,590 [pool-126-thread-1] INFO  server.RaftServerConfigKeys (ConfUtils.java:logGet(43)) - raft.server.log.force.sync.num = 128 (default)
2019-09-12 11:30:42,590 [pool-126-thread-1] INFO  server.RaftServerConfigKeys (ConfUtils.java:logGet(43)) - raft.server.log.statemachine.data.sync = true (default)
2019-09-12 11:30:42,590 [pool-126-thread-1] INFO  server.RaftServerConfigKeys (ConfUtils.java:logGet(43)) - raft.server.log.statemachine.data.sync.timeout = 10s (default)
2019-09-12 11:30:42,590 [pool-126-thread-1] INFO  server.RaftServerConfigKeys (ConfUtils.java:logGet(43)) - raft.server.log.statemachine.data.sync.timeout.retry = -1 (default)
2019-09-12 11:30:42,591 [pool-126-thread-1] INFO  server.RaftServerConfigKeys (ConfUtils.java:logGet(43)) - raft.server.log.statemachine.data.caching.enabled = true (custom)
2019-09-12 11:30:42,591 [pool-126-thread-1] INFO  segmented.SegmentedRaftLogWorker (SegmentedRaftLogWorker.java:lambda$new$0(132)) - b0998cbd-0da9-45e0-86de-67ec8cdedc86-SegmentedRaftLogWorker:Storage Directory /workdir/hadoop-ozone/integration-test/target/test-dir/MiniOzoneClusterImpl-299c34b2-84c4-4da4-b63e-5faf1abba283/datanode-9/data/ratis/76abbdaf-ebb9-42de-8dc7-2fb51cd4a2a5: flushIndex: setUnconditionally 0 -> -1
2019-09-12 11:30:42,591 [pool-126-thread-1] INFO  server.RaftServerConfigKeys (ConfUtils.java:logGet(43)) - raft.server.snapshot.auto.trigger.enabled = true (custom)
2019-09-12 11:30:42,592 [pool-126-thread-1] INFO  server.RaftServerConfigKeys (ConfUtils.java:logGet(43)) - raft.server.snapshot.auto.trigger.threshold = 10000 (custom)
2019-09-12 11:30:42,592 [pool-126-thread-1] INFO  server.RaftServerConfigKeys (ConfUtils.java:logGet(43)) - raft.server.retrycache.expirytime = 600000ms (custom)
2019-09-12 11:30:42,592 [pool-126-thread-1] INFO  impl.RaftServerImpl (RaftServerImpl.java:start(180)) - b0998cbd-0da9-45e0-86de-67ec8cdedc86: start group-2FB51CD4A2A5
2019-09-12 11:30:42,592 [pool-126-thread-1] INFO  impl.RaftServerImpl (RaftServerImpl.java:setRole(171)) - b0998cbd-0da9-45e0-86de-67ec8cdedc86:group-2FB51CD4A2A5 changes role from null to FOLLOWER at term 0 for startAsFollower
2019-09-12 11:30:42,592 [pool-126-thread-1] INFO  impl.RoleInfo (RoleInfo.java:updateAndGet(143)) - b0998cbd-0da9-45e0-86de-67ec8cdedc86: start FollowerState
2019-09-12 11:30:42,593 [pool-126-thread-1] INFO  util.JmxRegister (JmxRegister.java:tryRegister(44)) - Successfully registered JMX Bean with object name Ratis:service=RaftServer,group=group-2FB51CD4A2A5,id=b0998cbd-0da9-45e0-86de-67ec8cdedc86
2019-09-12 11:30:42,596 [RatisPipelineUtilsThread] INFO  pipeline.PipelineStateManager (PipelineStateManager.java:addPipeline(56)) - Created pipeline Pipeline[ Id: 76abbdaf-ebb9-42de-8dc7-2fb51cd4a2a5, Nodes: b0998cbd-0da9-45e0-86de-67ec8cdedc86{ip: 192.168.36.114, host: pr-hdds-1569-58hkm-1881083799, networkLocation: /default-rack, certSerialId: null}, Type:RATIS, Factor:ONE, State:OPEN]
2019-09-12 11:30:42,597 [RatisPipelineUtilsThread] ERROR pipeline.PipelinePlacementPolicy (PipelinePlacementPolicy.java:meetCriteria(92)) - Pipeline Placement: Doesn't meet the criteria to be viable node. Heaviness: 6
2019-09-12 11:30:42,597 [RatisPipelineUtilsThread] ERROR pipeline.PipelinePlacementPolicy (PipelinePlacementPolicy.java:meetCriteria(92)) - Pipeline Placement: Doesn't meet the criteria to be viable node. Heaviness: 6
2019-09-12 11:30:42,597 [RatisPipelineUtilsThread] ERROR pipeline.PipelinePlacementPolicy (PipelinePlacementPolicy.java:meetCriteria(92)) - Pipeline Placement: Doesn't meet the criteria to be viable node. Heaviness: 6
2019-09-12 11:30:42,597 [RatisPipelineUtilsThread] ERROR pipeline.PipelinePlacementPolicy (PipelinePlacementPolicy.java:meetCriteria(92)) - Pipeline Placement: Doesn't meet the criteria to be viable node. Heaviness: 6
2019-09-12 11:30:42,597 [RatisPipelineUtilsThread] ERROR pipeline.PipelinePlacementPolicy (PipelinePlacementPolicy.java:meetCriteria(92)) - Pipeline Placement: Doesn't meet the criteria to be viable node. Heaviness: 6
2019-09-12 11:30:42,597 [RatisPipelineUtilsThread] ERROR pipeline.PipelinePlacementPolicy (PipelinePlacementPolicy.java:meetCriteria(92)) - Pipeline Placement: Doesn't meet the criteria to be viable node. Heaviness: 6
2019-09-12 11:30:42,598 [RatisPipelineUtilsThread] ERROR pipeline.PipelinePlacementPolicy (PipelinePlacementPolicy.java:meetCriteria(92)) - Pipeline Placement: Doesn't meet the criteria to be viable node. Heaviness: 6
2019-09-12 11:30:42,598 [RatisPipelineUtilsThread] ERROR pipeline.PipelinePlacementPolicy (PipelinePlacementPolicy.java:meetCriteria(92)) - Pipeline Placement: Doesn't meet the criteria to be viable node. Heaviness: 6
2019-09-12 11:30:42,598 [RatisPipelineUtilsThread] ERROR pipeline.PipelinePlacementPolicy (PipelinePlacementPolicy.java:meetCriteria(92)) - Pipeline Placement: Doesn't meet the criteria to be viable node. Heaviness: 6
2019-09-12 11:30:42,604 [grpc-default-executor-0] INFO  impl.RaftServerProxy (RaftServerProxy.java:addNew(89)) - b0998cbd-0da9-45e0-86de-67ec8cdedc86: addNew group-241EE77FD014:[b0998cbd-0da9-45e0-86de-67ec8cdedc86:192.168.36.114:46815] returns group-241EE77FD014:java.util.concurrent.CompletableFuture@3dea5107[Not completed]
2019-09-12 11:30:42,605 [pool-126-thread-1] INFO  impl.RaftServerImpl (RaftServerImpl.java:<init>(93)) - b0998cbd-0da9-45e0-86de-67ec8cdedc86: new RaftServerImpl for group-241EE77FD014:[b0998cbd-0da9-45e0-86de-67ec8cdedc86:192.168.36.114:46815] with ContainerStateMachine:uninitialized
2019-09-12 11:30:42,605 [pool-126-thread-1] INFO  server.RaftServerConfigKeys (ConfUtils.java:logGet(43)) - raft.server.rpc.timeout.min = 5s (custom)
2019-09-12 11:30:42,605 [pool-126-thread-1] INFO  server.RaftServerConfigKeys (ConfUtils.java:logGet(43)) - raft.server.rpc.timeout.max = 5200ms (custom)
2019-09-12 11:30:42,605 [pool-126-thread-1] INFO  server.RaftServerConfigKeys (ConfUtils.java:logGet(43)) - raft.server.rpcslowness.timeout = 120s (custom)
2019-09-12 11:30:42,606 [pool-126-thread-1] INFO  server.RaftServerConfigKeys (ConfUtils.java:logGet(43)) - raft.server.sleep.deviation.threshold = 300 (default)
2019-09-12 11:30:42,606 [pool-126-thread-1] INFO  server.RaftServerConfigKeys (ConfUtils.java:logGet(43)) - raft.server.log.appender.install.snapshot.enabled = false (custom)
2019-09-12 11:30:42,606 [pool-126-thread-1] INFO  impl.RaftServerImpl (ServerState.java:<init>(105)) - b0998cbd-0da9-45e0-86de-67ec8cdedc86:group-241EE77FD014 ConfigurationManager, init=-1: [b0998cbd-0da9-45e0-86de-67ec8cdedc86:192.168.36.114:46815], old=null, confs=<EMPTY_MAP>
2019-09-12 11:30:42,606 [pool-126-thread-1] INFO  server.RaftServerConfigKeys (ConfUtils.java:logGet(43)) - raft.server.storage.dir = [/workdir/hadoop-ozone/integration-test/target/test-dir/MiniOzoneClusterImpl-299c34b2-84c4-4da4-b63e-5faf1abba283/datanode-9/data/ratis] (custom)
2019-09-12 11:30:42,606 [pool-126-thread-1] INFO  storage.RaftStorageDirectory (RaftStorageDirectory.java:analyzeStorage(246)) - The storage directory /workdir/hadoop-ozone/integration-test/target/test-dir/MiniOzoneClusterImpl-299c34b2-84c4-4da4-b63e-5faf1abba283/datanode-9/data/ratis/78fa5c4a-a09d-4894-9c15-241ee77fd014 does not exist. Creating ...
2019-09-12 11:30:42,640 [pool-126-thread-1] INFO  storage.RaftStorageDirectory (RaftStorageDirectory.java:tryLock(328)) - Lock on /workdir/hadoop-ozone/integration-test/target/test-dir/MiniOzoneClusterImpl-299c34b2-84c4-4da4-b63e-5faf1abba283/datanode-9/data/ratis/78fa5c4a-a09d-4894-9c15-241ee77fd014/in_use.lock acquired by nodename 16167@pr-hdds-1569-58hkm-1881083799
2019-09-12 11:30:42,679 [pool-126-thread-1] INFO  storage.RaftStorage (RaftStorage.java:format(72)) - Storage directory /workdir/hadoop-ozone/integration-test/target/test-dir/MiniOzoneClusterImpl-299c34b2-84c4-4da4-b63e-5faf1abba283/datanode-9/data/ratis/78fa5c4a-a09d-4894-9c15-241ee77fd014 has been successfully formatted.
2019-09-12 11:30:42,680 [pool-126-thread-1] INFO  ratis.ContainerStateMachine (ContainerStateMachine.java:loadSnapshot(226)) - group-241EE77FD014: The snapshot info is null. Setting the last applied indexto:(t:0, i:~)
2019-09-12 11:30:42,680 [pool-126-thread-1] INFO  server.RaftServerConfigKeys (ConfUtils.java:logGet(43)) - raft.server.leader.election.timeout = 120s (custom)
2019-09-12 11:30:42,680 [pool-126-thread-1] INFO  server.RaftServerConfigKeys (ConfUtils.java:logGet(43)) - raft.server.log.use.memory = false (default)
2019-09-12 11:30:42,680 [pool-126-thread-1] INFO  server.RaftServerConfigKeys (ConfUtils.java:logGet(43)) - raft.server.log.purge.gap = 1000000 (custom)
2019-09-12 11:30:42,680 [pool-126-thread-1] INFO  server.RaftServerConfigKeys (ConfUtils.java:logGet(43)) - raft.server.log.appender.buffer.byte-limit = 33554432 (custom)
2019-09-12 11:30:42,681 [pool-126-thread-1] INFO  server.RaftServerConfigKeys (ConfUtils.java:logGet(43)) - raft.server.log.segment.size.max = 1048576 (custom)
2019-09-12 11:30:42,681 [pool-126-thread-1] INFO  server.RaftServerConfigKeys (ConfUtils.java:logGet(43)) - raft.server.log.segment.cache.num.max = 2 (custom)
2019-09-12 11:30:42,681 [pool-126-thread-1] INFO  segmented.SegmentedRaftLogWorker (SegmentedRaftLogWorker.java:<init>(172)) - new b0998cbd-0da9-45e0-86de-67ec8cdedc86-SegmentedRaftLogWorker:Storage Directory /workdir/hadoop-ozone/integration-test/target/test-dir/MiniOzoneClusterImpl-299c34b2-84c4-4da4-b63e-5faf1abba283/datanode-9/data/ratis/78fa5c4a-a09d-4894-9c15-241ee77fd014 for RaftStorage:Storage Directory /workdir/hadoop-ozone/integration-test/target/test-dir/MiniOzoneClusterImpl-299c34b2-84c4-4da4-b63e-5faf1abba283/datanode-9/data/ratis/78fa5c4a-a09d-4894-9c15-241ee77fd014
2019-09-12 11:30:42,681 [pool-126-thread-1] INFO  server.RaftServerConfigKeys (ConfUtils.java:logGet(43)) - raft.server.log.queue.byte-limit = 2147483647 (custom)
2019-09-12 11:30:42,681 [pool-126-thread-1] INFO  server.RaftServerConfigKeys (ConfUtils.java:logGet(43)) - raft.server.log.queue.element-limit = 1024 (custom)
2019-09-12 11:30:42,681 [pool-126-thread-1] INFO  server.RaftServerConfigKeys (ConfUtils.java:logGet(43)) - raft.server.log.segment.size.max = 1048576 (custom)
2019-09-12 11:30:42,682 [pool-126-thread-1] INFO  server.RaftServerConfigKeys (ConfUtils.java:logGet(43)) - raft.server.log.preallocated.size = 16384 (custom)
2019-09-12 11:30:42,682 [pool-126-thread-1] INFO  server.RaftServerConfigKeys (ConfUtils.java:logGet(43)) - raft.server.log.write.buffer.size = 33554432 (custom)
2019-09-12 11:30:42,682 [pool-126-thread-1] INFO  server.RaftServerConfigKeys (ConfUtils.java:logGet(43)) - raft.server.log.force.sync.num = 128 (default)
2019-09-12 11:30:42,682 [pool-126-thread-1] INFO  server.RaftServerConfigKeys (ConfUtils.java:logGet(43)) - raft.server.log.statemachine.data.sync = true (default)
2019-09-12 11:30:42,682 [pool-126-thread-1] INFO  server.RaftServerConfigKeys (ConfUtils.java:logGet(43)) - raft.server.log.statemachine.data.sync.timeout = 10s (default)
2019-09-12 11:30:42,682 [pool-126-thread-1] INFO  server.RaftServerConfigKeys (ConfUtils.java:logGet(43)) - raft.server.log.statemachine.data.sync.timeout.retry = -1 (default)
2019-09-12 11:30:42,683 [pool-126-thread-1] INFO  server.RaftServerConfigKeys (ConfUtils.java:logGet(43)) - raft.server.log.statemachine.data.caching.enabled = true (custom)
2019-09-12 11:30:42,683 [pool-126-thread-1] INFO  segmented.SegmentedRaftLogWorker (SegmentedRaftLogWorker.java:lambda$new$0(132)) - b0998cbd-0da9-45e0-86de-67ec8cdedc86-SegmentedRaftLogWorker:Storage Directory /workdir/hadoop-ozone/integration-test/target/test-dir/MiniOzoneClusterImpl-299c34b2-84c4-4da4-b63e-5faf1abba283/datanode-9/data/ratis/78fa5c4a-a09d-4894-9c15-241ee77fd014: flushIndex: setUnconditionally 0 -> -1
2019-09-12 11:30:42,683 [pool-126-thread-1] INFO  server.RaftServerConfigKeys (ConfUtils.java:logGet(43)) - raft.server.snapshot.auto.trigger.enabled = true (custom)
2019-09-12 11:30:42,684 [pool-126-thread-1] INFO  server.RaftServerConfigKeys (ConfUtils.java:logGet(43)) - raft.server.snapshot.auto.trigger.threshold = 10000 (custom)
2019-09-12 11:30:42,684 [pool-126-thread-1] INFO  server.RaftServerConfigKeys (ConfUtils.java:logGet(43)) - raft.server.retrycache.expirytime = 600000ms (custom)
2019-09-12 11:30:42,684 [pool-126-thread-1] INFO  impl.RaftServerImpl (RaftServerImpl.java:start(180)) - b0998cbd-0da9-45e0-86de-67ec8cdedc86: start group-241EE77FD014
2019-09-12 11:30:42,684 [pool-126-thread-1] INFO  impl.RaftServerImpl (RaftServerImpl.java:setRole(171)) - b0998cbd-0da9-45e0-86de-67ec8cdedc86:group-241EE77FD014 changes role from null to FOLLOWER at term 0 for startAsFollower
2019-09-12 11:30:42,684 [pool-126-thread-1] INFO  impl.RoleInfo (RoleInfo.java:updateAndGet(143)) - b0998cbd-0da9-45e0-86de-67ec8cdedc86: start FollowerState
2019-09-12 11:30:42,685 [pool-126-thread-1] INFO  util.JmxRegister (JmxRegister.java:tryRegister(44)) - Successfully registered JMX Bean with object name Ratis:service=RaftServer,group=group-241EE77FD014,id=b0998cbd-0da9-45e0-86de-67ec8cdedc86
2019-09-12 11:30:42,688 [RatisPipelineUtilsThread] INFO  pipeline.PipelineStateManager (PipelineStateManager.java:addPipeline(56)) - Created pipeline Pipeline[ Id: 78fa5c4a-a09d-4894-9c15-241ee77fd014, Nodes: b0998cbd-0da9-45e0-86de-67ec8cdedc86{ip: 192.168.36.114, host: pr-hdds-1569-58hkm-1881083799, networkLocation: /default-rack, certSerialId: null}, Type:RATIS, Factor:ONE, State:OPEN]
2019-09-12 11:30:42,688 [RatisPipelineUtilsThread] ERROR pipeline.PipelinePlacementPolicy (PipelinePlacementPolicy.java:meetCriteria(92)) - Pipeline Placement: Doesn't meet the criteria to be viable node. Heaviness: 6
2019-09-12 11:30:42,688 [RatisPipelineUtilsThread] ERROR pipeline.PipelinePlacementPolicy (PipelinePlacementPolicy.java:meetCriteria(92)) - Pipeline Placement: Doesn't meet the criteria to be viable node. Heaviness: 6
2019-09-12 11:30:42,688 [RatisPipelineUtilsThread] ERROR pipeline.PipelinePlacementPolicy (PipelinePlacementPolicy.java:meetCriteria(92)) - Pipeline Placement: Doesn't meet the criteria to be viable node. Heaviness: 6
2019-09-12 11:30:42,689 [RatisPipelineUtilsThread] ERROR pipeline.PipelinePlacementPolicy (PipelinePlacementPolicy.java:meetCriteria(92)) - Pipeline Placement: Doesn't meet the criteria to be viable node. Heaviness: 6
2019-09-12 11:30:42,689 [RatisPipelineUtilsThread] ERROR pipeline.PipelinePlacementPolicy (PipelinePlacementPolicy.java:meetCriteria(92)) - Pipeline Placement: Doesn't meet the criteria to be viable node. Heaviness: 6
2019-09-12 11:30:42,689 [RatisPipelineUtilsThread] ERROR pipeline.PipelinePlacementPolicy (PipelinePlacementPolicy.java:meetCriteria(92)) - Pipeline Placement: Doesn't meet the criteria to be viable node. Heaviness: 6
2019-09-12 11:30:42,689 [RatisPipelineUtilsThread] ERROR pipeline.PipelinePlacementPolicy (PipelinePlacementPolicy.java:meetCriteria(92)) - Pipeline Placement: Doesn't meet the criteria to be viable node. Heaviness: 6
2019-09-12 11:30:42,689 [RatisPipelineUtilsThread] ERROR pipeline.PipelinePlacementPolicy (PipelinePlacementPolicy.java:meetCriteria(92)) - Pipeline Placement: Doesn't meet the criteria to be viable node. Heaviness: 6
2019-09-12 11:30:42,689 [RatisPipelineUtilsThread] ERROR pipeline.PipelinePlacementPolicy (PipelinePlacementPolicy.java:meetCriteria(92)) - Pipeline Placement: Doesn't meet the criteria to be viable node. Heaviness: 6
2019-09-12 11:30:42,689 [RatisPipelineUtilsThread] ERROR pipeline.PipelinePlacementPolicy (PipelinePlacementPolicy.java:meetCriteria(92)) - Pipeline Placement: Doesn't meet the criteria to be viable node. Heaviness: 6
2019-09-12 11:30:42,690 [RatisPipelineUtilsThread] ERROR pipeline.PipelinePlacementPolicy (PipelinePlacementPolicy.java:filterViableNodes(147)) - Unable to find enough nodes that meet the criteria that cannot engage in more than 5 pipelines. Nodes required: 1 Found: 0, healthy nodes count inNodeManager: 10.
2019-09-12 11:30:42,691 [RatisPipelineUtilsThread] ERROR pipeline.SCMPipelineManager (SCMPipelineManager.java:createPipeline(161)) - Pipeline creation failed due to exception: Unable to find enough nodes that meet the criteria that cannot engage in more than 5 pipelines. Nodes required: 1 Found: 0, healthy nodes count inNodeManager: 10.
2019-09-12 11:30:42,691 [RatisPipelineUtilsThread] ERROR pipeline.PipelinePlacementPolicy (PipelinePlacementPolicy.java:meetCriteria(92)) - Pipeline Placement: Doesn't meet the criteria to be viable node. Heaviness: 6
2019-09-12 11:30:42,692 [RatisPipelineUtilsThread] ERROR pipeline.PipelinePlacementPolicy (PipelinePlacementPolicy.java:meetCriteria(92)) - Pipeline Placement: Doesn't meet the criteria to be viable node. Heaviness: 6
2019-09-12 11:30:42,692 [RatisPipelineUtilsThread] ERROR pipeline.PipelinePlacementPolicy (PipelinePlacementPolicy.java:meetCriteria(92)) - Pipeline Placement: Doesn't meet the criteria to be viable node. Heaviness: 6
2019-09-12 11:30:42,692 [RatisPipelineUtilsThread] ERROR pipeline.PipelinePlacementPolicy (PipelinePlacementPolicy.java:meetCriteria(92)) - Pipeline Placement: Doesn't meet the criteria to be viable node. Heaviness: 6
2019-09-12 11:30:42,692 [RatisPipelineUtilsThread] ERROR pipeline.PipelinePlacementPolicy (PipelinePlacementPolicy.java:meetCriteria(92)) - Pipeline Placement: Doesn't meet the criteria to be viable node. Heaviness: 6
2019-09-12 11:30:42,692 [RatisPipelineUtilsThread] ERROR pipeline.PipelinePlacementPolicy (PipelinePlacementPolicy.java:meetCriteria(92)) - Pipeline Placement: Doesn't meet the criteria to be viable node. Heaviness: 6
2019-09-12 11:30:42,692 [RatisPipelineUtilsThread] ERROR pipeline.PipelinePlacementPolicy (PipelinePlacementPolicy.java:meetCriteria(92)) - Pipeline Placement: Doesn't meet the criteria to be viable node. Heaviness: 6
2019-09-12 11:30:42,693 [RatisPipelineUtilsThread] ERROR pipeline.PipelinePlacementPolicy (PipelinePlacementPolicy.java:meetCriteria(92)) - Pipeline Placement: Doesn't meet the criteria to be viable node. Heaviness: 6
2019-09-12 11:30:42,693 [RatisPipelineUtilsThread] ERROR pipeline.PipelinePlacementPolicy (PipelinePlacementPolicy.java:meetCriteria(92)) - Pipeline Placement: Doesn't meet the criteria to be viable node. Heaviness: 6
2019-09-12 11:30:42,693 [RatisPipelineUtilsThread] ERROR pipeline.PipelinePlacementPolicy (PipelinePlacementPolicy.java:meetCriteria(92)) - Pipeline Placement: Doesn't meet the criteria to be viable node. Heaviness: 6
2019-09-12 11:30:42,693 [RatisPipelineUtilsThread] ERROR pipeline.PipelinePlacementPolicy (PipelinePlacementPolicy.java:filterViableNodes(147)) - Unable to find enough nodes that meet the criteria that cannot engage in more than 5 pipelines. Nodes required: 3 Found: 0, healthy nodes count inNodeManager: 10.
2019-09-12 11:30:42,693 [RatisPipelineUtilsThread] ERROR pipeline.SCMPipelineManager (SCMPipelineManager.java:createPipeline(161)) - Pipeline creation failed due to exception: Unable to find enough nodes that meet the criteria that cannot engage in more than 5 pipelines. Nodes required: 3 Found: 0, healthy nodes count inNodeManager: 10.
2019-09-12 11:30:42,695 [RatisPipelineUtilsThread] ERROR pipeline.PipelinePlacementPolicy (PipelinePlacementPolicy.java:meetCriteria(92)) - Pipeline Placement: Doesn't meet the criteria to be viable node. Heaviness: 6
2019-09-12 11:30:42,695 [RatisPipelineUtilsThread] ERROR pipeline.PipelinePlacementPolicy (PipelinePlacementPolicy.java:meetCriteria(92)) - Pipeline Placement: Doesn't meet the criteria to be viable node. Heaviness: 6
2019-09-12 11:30:42,695 [RatisPipelineUtilsThread] ERROR pipeline.PipelinePlacementPolicy (PipelinePlacementPolicy.java:meetCriteria(92)) - Pipeline Placement: Doesn't meet the criteria to be viable node. Heaviness: 6
2019-09-12 11:30:42,695 [RatisPipelineUtilsThread] ERROR pipeline.PipelinePlacementPolicy (PipelinePlacementPolicy.java:meetCriteria(92)) - Pipeline Placement: Doesn't meet the criteria to be viable node. Heaviness: 6
2019-09-12 11:30:42,696 [RatisPipelineUtilsThread] ERROR pipeline.PipelinePlacementPolicy (PipelinePlacementPolicy.java:meetCriteria(92)) - Pipeline Placement: Doesn't meet the criteria to be viable node. Heaviness: 6
2019-09-12 11:30:42,696 [RatisPipelineUtilsThread] ERROR pipeline.PipelinePlacementPolicy (PipelinePlacementPolicy.java:meetCriteria(92)) - Pipeline Placement: Doesn't meet the criteria to be viable node. Heaviness: 6
2019-09-12 11:30:42,696 [RatisPipelineUtilsThread] ERROR pipeline.PipelinePlacementPolicy (PipelinePlacementPolicy.java:meetCriteria(92)) - Pipeline Placement: Doesn't meet the criteria to be viable node. Heaviness: 6
2019-09-12 11:30:42,696 [RatisPipelineUtilsThread] ERROR pipeline.PipelinePlacementPolicy (PipelinePlacementPolicy.java:meetCriteria(92)) - Pipeline Placement: Doesn't meet the criteria to be viable node. Heaviness: 6
2019-09-12 11:30:42,696 [RatisPipelineUtilsThread] ERROR pipeline.PipelinePlacementPolicy (PipelinePlacementPolicy.java:meetCriteria(92)) - Pipeline Placement: Doesn't meet the criteria to be viable node. Heaviness: 6
2019-09-12 11:30:42,696 [RatisPipelineUtilsThread] ERROR pipeline.PipelinePlacementPolicy (PipelinePlacementPolicy.java:meetCriteria(92)) - Pipeline Placement: Doesn't meet the criteria to be viable node. Heaviness: 6
2019-09-12 11:30:42,697 [RatisPipelineUtilsThread] ERROR pipeline.PipelinePlacementPolicy (PipelinePlacementPolicy.java:filterViableNodes(147)) - Unable to find enough nodes that meet the criteria that cannot engage in more than 5 pipelines. Nodes required: 1 Found: 0, healthy nodes count inNodeManager: 10.
2019-09-12 11:30:42,697 [RatisPipelineUtilsThread] ERROR pipeline.SCMPipelineManager (SCMPipelineManager.java:createPipeline(161)) - Pipeline creation failed due to exception: Unable to find enough nodes that meet the criteria that cannot engage in more than 5 pipelines. Nodes required: 1 Found: 0, healthy nodes count inNodeManager: 10.
2019-09-12 11:30:42,697 [RatisPipelineUtilsThread] ERROR pipeline.PipelinePlacementPolicy (PipelinePlacementPolicy.java:meetCriteria(92)) - Pipeline Placement: Doesn't meet the criteria to be viable node. Heaviness: 6
2019-09-12 11:30:42,697 [RatisPipelineUtilsThread] ERROR pipeline.PipelinePlacementPolicy (PipelinePlacementPolicy.java:meetCriteria(92)) - Pipeline Placement: Doesn't meet the criteria to be viable node. Heaviness: 6
2019-09-12 11:30:42,697 [RatisPipelineUtilsThread] ERROR pipeline.PipelinePlacementPolicy (PipelinePlacementPolicy.java:meetCriteria(92)) - Pipeline Placement: Doesn't meet the criteria to be viable node. Heaviness: 6
2019-09-12 11:30:42,697 [RatisPipelineUtilsThread] ERROR pipeline.PipelinePlacementPolicy (PipelinePlacementPolicy.java:meetCriteria(92)) - Pipeline Placement: Doesn't meet the criteria to be viable node. Heaviness: 6
2019-09-12 11:30:42,698 [RatisPipelineUtilsThread] ERROR pipeline.PipelinePlacementPolicy (PipelinePlacementPolicy.java:meetCriteria(92)) - Pipeline Placement: Doesn't meet the criteria to be viable node. Heaviness: 6
2019-09-12 11:30:42,698 [RatisPipelineUtilsThread] ERROR pipeline.PipelinePlacementPolicy (PipelinePlacementPolicy.java:meetCriteria(92)) - Pipeline Placement: Doesn't meet the criteria to be viable node. Heaviness: 6
2019-09-12 11:30:42,698 [RatisPipelineUtilsThread] ERROR pipeline.PipelinePlacementPolicy (PipelinePlacementPolicy.java:meetCriteria(92)) - Pipeline Placement: Doesn't meet the criteria to be viable node. Heaviness: 6
2019-09-12 11:30:42,698 [RatisPipelineUtilsThread] ERROR pipeline.PipelinePlacementPolicy (PipelinePlacementPolicy.java:meetCriteria(92)) - Pipeline Placement: Doesn't meet the criteria to be viable node. Heaviness: 6
2019-09-12 11:30:42,698 [RatisPipelineUtilsThread] ERROR pipeline.PipelinePlacementPolicy (PipelinePlacementPolicy.java:meetCriteria(92)) - Pipeline Placement: Doesn't meet the criteria to be viable node. Heaviness: 6
2019-09-12 11:30:42,698 [RatisPipelineUtilsThread] ERROR pipeline.PipelinePlacementPolicy (PipelinePlacementPolicy.java:meetCriteria(92)) - Pipeline Placement: Doesn't meet the criteria to be viable node. Heaviness: 6
2019-09-12 11:30:42,698 [RatisPipelineUtilsThread] ERROR pipeline.PipelinePlacementPolicy (PipelinePlacementPolicy.java:filterViableNodes(147)) - Unable to find enough nodes that meet the criteria that cannot engage in more than 5 pipelines. Nodes required: 3 Found: 0, healthy nodes count inNodeManager: 10.
2019-09-12 11:30:42,699 [RatisPipelineUtilsThread] ERROR pipeline.SCMPipelineManager (SCMPipelineManager.java:createPipeline(161)) - Pipeline creation failed due to exception: Unable to find enough nodes that meet the criteria that cannot engage in more than 5 pipelines. Nodes required: 3 Found: 0, healthy nodes count inNodeManager: 10.
2019-09-12 11:30:42,699 [IPC Server handler 0 on 45554] ERROR pipeline.PipelinePlacementPolicy (PipelinePlacementPolicy.java:meetCriteria(92)) - Pipeline Placement: Doesn't meet the criteria to be viable node. Heaviness: 6
2019-09-12 11:30:42,699 [IPC Server handler 0 on 45554] ERROR pipeline.PipelinePlacementPolicy (PipelinePlacementPolicy.java:meetCriteria(92)) - Pipeline Placement: Doesn't meet the criteria to be viable node. Heaviness: 6
2019-09-12 11:30:42,699 [IPC Server handler 0 on 45554] ERROR pipeline.PipelinePlacementPolicy (PipelinePlacementPolicy.java:meetCriteria(92)) - Pipeline Placement: Doesn't meet the criteria to be viable node. Heaviness: 6
2019-09-12 11:30:42,699 [IPC Server handler 0 on 45554] ERROR pipeline.PipelinePlacementPolicy (PipelinePlacementPolicy.java:meetCriteria(92)) - Pipeline Placement: Doesn't meet the criteria to be viable node. Heaviness: 6
2019-09-12 11:30:42,699 [IPC Server handler 0 on 45554] ERROR pipeline.PipelinePlacementPolicy (PipelinePlacementPolicy.java:meetCriteria(92)) - Pipeline Placement: Doesn't meet the criteria to be viable node. Heaviness: 6
2019-09-12 11:30:42,700 [IPC Server handler 0 on 45554] ERROR pipeline.PipelinePlacementPolicy (PipelinePlacementPolicy.java:meetCriteria(92)) - Pipeline Placement: Doesn't meet the criteria to be viable node. Heaviness: 6
2019-09-12 11:30:42,700 [IPC Server handler 0 on 45554] ERROR pipeline.PipelinePlacementPolicy (PipelinePlacementPolicy.java:meetCriteria(92)) - Pipeline Placement: Doesn't meet the criteria to be viable node. Heaviness: 6
2019-09-12 11:30:42,700 [IPC Server handler 0 on 45554] ERROR pipeline.PipelinePlacementPolicy (PipelinePlacementPolicy.java:meetCriteria(92)) - Pipeline Placement: Doesn't meet the criteria to be viable node. Heaviness: 6
2019-09-12 11:30:42,700 [IPC Server handler 0 on 45554] ERROR pipeline.PipelinePlacementPolicy (PipelinePlacementPolicy.java:meetCriteria(92)) - Pipeline Placement: Doesn't meet the criteria to be viable node. Heaviness: 6
2019-09-12 11:30:42,700 [IPC Server handler 0 on 45554] ERROR pipeline.PipelinePlacementPolicy (PipelinePlacementPolicy.java:meetCriteria(92)) - Pipeline Placement: Doesn't meet the criteria to be viable node. Heaviness: 6
2019-09-12 11:30:42,700 [IPC Server handler 0 on 45554] ERROR pipeline.PipelinePlacementPolicy (PipelinePlacementPolicy.java:filterViableNodes(147)) - Unable to find enough nodes that meet the criteria that cannot engage in more than 5 pipelines. Nodes required: 3 Found: 0, healthy nodes count inNodeManager: 10.
2019-09-12 11:30:42,700 [IPC Server handler 0 on 45554] ERROR pipeline.SCMPipelineManager (SCMPipelineManager.java:createPipeline(161)) - Pipeline creation failed due to exception: Unable to find enough nodes that meet the criteria that cannot engage in more than 5 pipelines. Nodes required: 3 Found: 0, healthy nodes count inNodeManager: 10.
2019-09-12 11:30:42,701 [IPC Server handler 0 on 45554] WARN  block.BlockManagerImpl (BlockManagerImpl.java:allocateBlock(192)) - Pipeline creation failed for type:RATIS factor:THREE. Retrying get pipelines call once.
org.apache.hadoop.hdds.scm.exceptions.SCMException: Unable to find enough nodes that meet the criteria that cannot engage in more than 5 pipelines. Nodes required: 3 Found: 0, healthy nodes count inNodeManager: 10.
	at org.apache.hadoop.hdds.scm.pipeline.PipelinePlacementPolicy.filterViableNodes(PipelinePlacementPolicy.java:148)
	at org.apache.hadoop.hdds.scm.pipeline.PipelinePlacementPolicy.chooseDatanodes(PipelinePlacementPolicy.java:171)
	at org.apache.hadoop.hdds.scm.pipeline.RatisPipelineProvider.create(RatisPipelineProvider.java:100)
	at org.apache.hadoop.hdds.scm.pipeline.PipelineFactory.create(PipelineFactory.java:57)
	at org.apache.hadoop.hdds.scm.pipeline.SCMPipelineManager.createPipeline(SCMPipelineManager.java:149)
	at org.apache.hadoop.hdds.scm.block.BlockManagerImpl.allocateBlock(BlockManagerImpl.java:190)
	at org.apache.hadoop.hdds.scm.server.SCMBlockProtocolServer.allocateBlock(SCMBlockProtocolServer.java:175)
	at org.apache.hadoop.ozone.protocolPB.ScmBlockLocationProtocolServerSideTranslatorPB.allocateScmBlock(ScmBlockLocationProtocolServerSideTranslatorPB.java:153)
	at org.apache.hadoop.ozone.protocolPB.ScmBlockLocationProtocolServerSideTranslatorPB.send(ScmBlockLocationProtocolServerSideTranslatorPB.java:112)
	at org.apache.hadoop.hdds.protocol.proto.ScmBlockLocationProtocolProtos$ScmBlockLocationProtocolService$2.callBlockingMethod(ScmBlockLocationProtocolProtos.java:13157)
	at org.apache.hadoop.ipc.ProtobufRpcEngine$Server$ProtoBufRpcInvoker.call(ProtobufRpcEngine.java:524)
	at org.apache.hadoop.ipc.RPC$Server.call(RPC.java:1025)
	at org.apache.hadoop.ipc.Server$RpcCall.run(Server.java:876)
	at org.apache.hadoop.ipc.Server$RpcCall.run(Server.java:822)
	at java.security.AccessController.doPrivileged(Native Method)
	at javax.security.auth.Subject.doAs(Subject.java:422)
	at org.apache.hadoop.security.UserGroupInformation.doAs(UserGroupInformation.java:1730)
	at org.apache.hadoop.ipc.Server$Handler.run(Server.java:2682)
2019-09-12 11:30:42,707 [IPC Server handler 0 on 45554] INFO  block.BlockManagerImpl (BlockManagerImpl.java:allocateBlock(198)) - Could not find available pipeline of type:RATIS and factor:THREE even after retrying
2019-09-12 11:30:42,708 [IPC Server handler 0 on 45554] ERROR block.BlockManagerImpl (BlockManagerImpl.java:allocateBlock(222)) - Unable to allocate a block for the size: 4194304, type: RATIS, factor: THREE
2019-09-12 11:30:42,708 | INFO  | SCMAudit | user=jenkins1000 | ip=192.168.36.114 | op=ALLOCATE_BLOCK {owner=c3250be9-65ac-4343-8796-c5d22869eb88, size=4194304, type=RATIS, factor=THREE} | ret=SUCCESS |  
2019-09-12 11:30:42,712 | ERROR | OMAudit | user=jenkins1000 | ip=127.0.0.1 | op=ALLOCATE_KEY {volume=test, bucket=test, key=ratis, dataSize=1024, replicationType=RATIS, replicationFactor=THREE, keyLocationInfo=null} | ret=FAILURE | org.apache.hadoop.hdds.scm.exceptions.SCMException: Allocated 0 blocks. Requested 1 blocks
	at org.apache.hadoop.hdds.scm.protocolPB.ScmBlockLocationProtocolClientSideTranslatorPB.handleError(ScmBlockLocationProtocolClientSideTranslatorPB.java:118)
	at org.apache.hadoop.hdds.scm.protocolPB.ScmBlockLocationProtocolClientSideTranslatorPB.allocateBlock(ScmBlockLocationProtocolClientSideTranslatorPB.java:156) 
]]></system-out>
    <system-err><![CDATA[Sep 12, 2019 11:30:32 AM com.sun.jersey.server.impl.application.WebApplicationImpl _initiate
INFO: Initiating Jersey application, version 'Jersey: 1.19 02/11/2015 03:25 AM'
Sep 12, 2019 11:30:33 AM com.sun.jersey.server.impl.application.WebApplicationImpl _initiate
INFO: Initiating Jersey application, version 'Jersey: 1.19 02/11/2015 03:25 AM'
Sep 12, 2019 11:30:33 AM com.sun.jersey.server.impl.application.WebApplicationImpl _initiate
INFO: Initiating Jersey application, version 'Jersey: 1.19 02/11/2015 03:25 AM'
Sep 12, 2019 11:30:33 AM com.sun.jersey.server.impl.application.WebApplicationImpl _initiate
INFO: Initiating Jersey application, version 'Jersey: 1.19 02/11/2015 03:25 AM'
Sep 12, 2019 11:30:33 AM com.sun.jersey.server.impl.application.WebApplicationImpl _initiate
INFO: Initiating Jersey application, version 'Jersey: 1.19 02/11/2015 03:25 AM'
Sep 12, 2019 11:30:34 AM com.sun.jersey.server.impl.application.WebApplicationImpl _initiate
INFO: Initiating Jersey application, version 'Jersey: 1.19 02/11/2015 03:25 AM'
Sep 12, 2019 11:30:34 AM com.sun.jersey.server.impl.application.WebApplicationImpl _initiate
INFO: Initiating Jersey application, version 'Jersey: 1.19 02/11/2015 03:25 AM'
Sep 12, 2019 11:30:34 AM com.sun.jersey.server.impl.application.WebApplicationImpl _initiate
INFO: Initiating Jersey application, version 'Jersey: 1.19 02/11/2015 03:25 AM'
Sep 12, 2019 11:30:34 AM com.sun.jersey.server.impl.application.WebApplicationImpl _initiate
INFO: Initiating Jersey application, version 'Jersey: 1.19 02/11/2015 03:25 AM'
Sep 12, 2019 11:30:35 AM com.sun.jersey.server.impl.application.WebApplicationImpl _initiate
INFO: Initiating Jersey application, version 'Jersey: 1.19 02/11/2015 03:25 AM'
]]></system-err>
  </testcase>
  <testcase name="testCloseContainerViaStandAlone" classname="org.apache.hadoop.ozone.container.common.statemachine.commandhandler.TestCloseContainerByPipeline" time="6.979"/>
  <testcase name="testIfCloseContainerCommandHandlerIsInvoked" classname="org.apache.hadoop.ozone.container.common.statemachine.commandhandler.TestCloseContainerByPipeline" time="1.726"/>
</testsuite>