<?xml version="1.0" encoding="UTF-8"?>
<testsuite xmlns:xsi="http://www.w3.org/2001/XMLSchema-instance" xsi:noNamespaceSchemaLocation="https://maven.apache.org/surefire/maven-surefire-plugin/xsd/surefire-test-report.xsd" name="org.apache.hadoop.hdds.scm.pipeline.TestPipelineClose" time="78.469" tests="4" errors="0" skipped="0" failures="1">
  <properties>
    <property name="awt.toolkit" value="sun.awt.X11.XToolkit"/>
    <property name="file.encoding.pkg" value="sun.io"/>
    <property name="java.specification.version" value="1.8"/>
    <property name="sun.cpu.isalist" value=""/>
    <property name="sun.jnu.encoding" value="UTF-8"/>
    <property name="java.class.path" value="/workdir/hadoop-ozone/integration-test/target/test-classes:/workdir/hadoop-ozone/integration-test/target/classes:/home/user/.m2/repository/org/apache/hadoop/hadoop-ozone-common/0.5.0-SNAPSHOT/hadoop-ozone-common-0.5.0-SNAPSHOT.jar:/home/user/.m2/repository/org/apache/commons/commons-compress/1.4.1/commons-compress-1.4.1.jar:/home/user/.m2/repository/org/tukaani/xz/1.0/xz-1.0.jar:/home/user/.m2/repository/org/apache/hadoop/hadoop-common/3.2.0/hadoop-common-3.2.0.jar:/home/user/.m2/repository/org/apache/hadoop/hadoop-hdfs/3.2.0/hadoop-hdfs-3.2.0.jar:/home/user/.m2/repository/org/apache/hadoop/hadoop-hdfs-client/3.2.0/hadoop-hdfs-client-3.2.0.jar:/home/user/.m2/repository/com/fasterxml/jackson/core/jackson-annotations/2.9.5/jackson-annotations-2.9.5.jar:/home/user/.m2/repository/org/apache/hadoop/hadoop-hdds-common/0.5.0-SNAPSHOT/hadoop-hdds-common-0.5.0-SNAPSHOT.jar:/home/user/.m2/repository/javax/annotation/javax.annotation-api/1.2/javax.annotation-api-1.2.jar:/home/user/.m2/repository/org/apache/ratis/ratis-server/0.4.0-2337318-SNAPSHOT/ratis-server-0.4.0-2337318-SNAPSHOT.jar:/home/user/.m2/repository/org/apache/ratis/ratis-thirdparty-misc/0.2.0/ratis-thirdparty-misc-0.2.0.jar:/home/user/.m2/repository/org/apache/ratis/ratis-proto/0.4.0-2337318-SNAPSHOT/ratis-proto-0.4.0-2337318-SNAPSHOT.jar:/home/user/.m2/repository/org/apache/ratis/ratis-common/0.4.0-2337318-SNAPSHOT/ratis-common-0.4.0-2337318-SNAPSHOT.jar:/home/user/.m2/repository/org/apache/ratis/ratis-client/0.4.0-2337318-SNAPSHOT/ratis-client-0.4.0-2337318-SNAPSHOT.jar:/home/user/.m2/repository/org/apache/ratis/ratis-metrics/0.4.0-2337318-SNAPSHOT/ratis-metrics-0.4.0-2337318-SNAPSHOT.jar:/home/user/.m2/repository/org/apache/ratis/ratis-netty/0.4.0-2337318-SNAPSHOT/ratis-netty-0.4.0-2337318-SNAPSHOT.jar:/home/user/.m2/repository/org/apache/ratis/ratis-grpc/0.4.0-2337318-SNAPSHOT/ratis-grpc-0.4.0-2337318-SNAPSHOT.jar:/home/user/.m2/repository/org/rocksdb/rocksdbjni/6.0.1/rocksdbjni-6.0.1.jar:/home/user/.m2/repository/org/apache/logging/log4j/log4j-api/2.11.0/log4j-api-2.11.0.jar:/home/user/.m2/repository/org/apache/logging/log4j/log4j-core/2.11.0/log4j-core-2.11.0.jar:/home/user/.m2/repository/com/lmax/disruptor/3.4.2/disruptor-3.4.2.jar:/home/user/.m2/repository/org/apache/commons/commons-pool2/2.6.0/commons-pool2-2.6.0.jar:/home/user/.m2/repository/org/bouncycastle/bcpkix-jdk15on/1.60/bcpkix-jdk15on-1.60.jar:/home/user/.m2/repository/commons-validator/commons-validator/1.6/commons-validator-1.6.jar:/home/user/.m2/repository/commons-digester/commons-digester/1.8.1/commons-digester-1.8.1.jar:/home/user/.m2/repository/io/jaegertracing/jaeger-client/0.33.1/jaeger-client-0.33.1.jar:/home/user/.m2/repository/io/jaegertracing/jaeger-thrift/0.33.1/jaeger-thrift-0.33.1.jar:/home/user/.m2/repository/org/apache/thrift/libthrift/0.11.0/libthrift-0.11.0.jar:/home/user/.m2/repository/com/squareup/okhttp3/okhttp/3.9.0/okhttp-3.9.0.jar:/home/user/.m2/repository/com/squareup/okio/okio/1.13.0/okio-1.13.0.jar:/home/user/.m2/repository/io/jaegertracing/jaeger-core/0.33.1/jaeger-core-0.33.1.jar:/home/user/.m2/repository/io/jaegertracing/jaeger-tracerresolver/0.33.1/jaeger-tracerresolver-0.33.1.jar:/home/user/.m2/repository/io/opentracing/contrib/opentracing-tracerresolver/0.1.5/opentracing-tracerresolver-0.1.5.jar:/home/user/.m2/repository/io/opentracing/opentracing-util/0.31.0/opentracing-util-0.31.0.jar:/home/user/.m2/repository/io/opentracing/opentracing-api/0.31.0/opentracing-api-0.31.0.jar:/home/user/.m2/repository/io/opentracing/opentracing-noop/0.31.0/opentracing-noop-0.31.0.jar:/home/user/.m2/repository/org/apache/hadoop/hadoop-hdds-server-framework/0.5.0-SNAPSHOT/hadoop-hdds-server-framework-0.5.0-SNAPSHOT.jar:/home/user/.m2/repository/org/apache/hadoop/hadoop-hdds-container-service/0.5.0-SNAPSHOT/hadoop-hdds-container-service-0.5.0-SNAPSHOT.jar:/home/user/.m2/repository/org/apache/hadoop/hadoop-hdds-client/0.5.0-SNAPSHOT/hadoop-hdds-client-0.5.0-SNAPSHOT.jar:/home/user/.m2/repository/org/apache/hadoop/hadoop-hdds-tools/0.5.0-SNAPSHOT/hadoop-hdds-tools-0.5.0-SNAPSHOT.jar:/home/user/.m2/repository/org/apache/hadoop/hadoop-hdds-server-scm/0.5.0-SNAPSHOT/hadoop-hdds-server-scm-0.5.0-SNAPSHOT.jar:/home/user/.m2/repository/org/apache/hadoop/hadoop-hdds-docs/0.5.0-SNAPSHOT/hadoop-hdds-docs-0.5.0-SNAPSHOT.jar:/home/user/.m2/repository/io/dropwizard/metrics/metrics-core/3.2.4/metrics-core-3.2.4.jar:/home/user/.m2/repository/org/hamcrest/hamcrest-all/1.3/hamcrest-all-1.3.jar:/home/user/.m2/repository/org/bouncycastle/bcprov-jdk15on/1.60/bcprov-jdk15on-1.60.jar:/home/user/.m2/repository/info/picocli/picocli/3.9.6/picocli-3.9.6.jar:/home/user/.m2/repository/com/google/protobuf/protobuf-java/2.5.0/protobuf-java-2.5.0.jar:/home/user/.m2/repository/com/google/guava/guava/11.0.2/guava-11.0.2.jar:/home/user/.m2/repository/org/apache/hadoop/hadoop-ozone-ozone-manager/0.5.0-SNAPSHOT/hadoop-ozone-ozone-manager-0.5.0-SNAPSHOT.jar:/home/user/.m2/repository/org/apache/hadoop/hadoop-minikdc/3.2.0/hadoop-minikdc-3.2.0.jar:/home/user/.m2/repository/commons-io/commons-io/2.5/commons-io-2.5.jar:/home/user/.m2/repository/org/apache/kerby/kerb-simplekdc/1.0.1/kerb-simplekdc-1.0.1.jar:/home/user/.m2/repository/org/apache/kerby/kerb-client/1.0.1/kerb-client-1.0.1.jar:/home/user/.m2/repository/org/apache/kerby/kerby-config/1.0.1/kerby-config-1.0.1.jar:/home/user/.m2/repository/org/apache/kerby/kerb-core/1.0.1/kerb-core-1.0.1.jar:/home/user/.m2/repository/org/apache/kerby/kerby-pkix/1.0.1/kerby-pkix-1.0.1.jar:/home/user/.m2/repository/org/apache/kerby/kerby-asn1/1.0.1/kerby-asn1-1.0.1.jar:/home/user/.m2/repository/org/apache/kerby/kerby-util/1.0.1/kerby-util-1.0.1.jar:/home/user/.m2/repository/org/apache/kerby/kerb-common/1.0.1/kerb-common-1.0.1.jar:/home/user/.m2/repository/org/apache/kerby/kerb-crypto/1.0.1/kerb-crypto-1.0.1.jar:/home/user/.m2/repository/org/apache/kerby/kerb-util/1.0.1/kerb-util-1.0.1.jar:/home/user/.m2/repository/org/apache/kerby/token-provider/1.0.1/token-provider-1.0.1.jar:/home/user/.m2/repository/org/apache/kerby/kerb-admin/1.0.1/kerb-admin-1.0.1.jar:/home/user/.m2/repository/org/apache/kerby/kerb-server/1.0.1/kerb-server-1.0.1.jar:/home/user/.m2/repository/org/apache/kerby/kerb-identity/1.0.1/kerb-identity-1.0.1.jar:/home/user/.m2/repository/org/apache/kerby/kerby-xdr/1.0.1/kerby-xdr-1.0.1.jar:/home/user/.m2/repository/org/slf4j/slf4j-log4j12/1.7.25/slf4j-log4j12-1.7.25.jar:/home/user/.m2/repository/org/apache/hadoop/hadoop-ozone-objectstore-service/0.5.0-SNAPSHOT/hadoop-ozone-objectstore-service-0.5.0-SNAPSHOT.jar:/home/user/.m2/repository/org/apache/hadoop/hadoop-ozone-s3gateway/0.5.0-SNAPSHOT/hadoop-ozone-s3gateway-0.5.0-SNAPSHOT.jar:/home/user/.m2/repository/org/jboss/weld/servlet/weld-servlet/2.4.7.Final/weld-servlet-2.4.7.Final.jar:/home/user/.m2/repository/org/glassfish/jersey/containers/jersey-container-servlet-core/2.27/jersey-container-servlet-core-2.27.jar:/home/user/.m2/repository/org/glassfish/hk2/external/javax.inject/2.5.0-b42/javax.inject-2.5.0-b42.jar:/home/user/.m2/repository/org/glassfish/jersey/core/jersey-common/2.27/jersey-common-2.27.jar:/home/user/.m2/repository/org/glassfish/hk2/osgi-resource-locator/1.0.1/osgi-resource-locator-1.0.1.jar:/home/user/.m2/repository/javax/ws/rs/javax.ws.rs-api/2.1/javax.ws.rs-api-2.1.jar:/home/user/.m2/repository/org/glassfish/jersey/ext/cdi/jersey-cdi1x/2.27/jersey-cdi1x-2.27.jar:/home/user/.m2/repository/org/glassfish/jersey/inject/jersey-hk2/2.27/jersey-hk2-2.27.jar:/home/user/.m2/repository/org/glassfish/hk2/hk2-locator/2.5.0-b42/hk2-locator-2.5.0-b42.jar:/home/user/.m2/repository/org/javassist/javassist/3.22.0-CR2/javassist-3.22.0-CR2.jar:/home/user/.m2/repository/org/glassfish/hk2/hk2-api/2.5.0/hk2-api-2.5.0.jar:/home/user/.m2/repository/org/glassfish/hk2/external/jakarta.inject/2.5.0/jakarta.inject-2.5.0.jar:/home/user/.m2/repository/org/glassfish/hk2/hk2-utils/2.5.0/hk2-utils-2.5.0.jar:/home/user/.m2/repository/jakarta/annotation/jakarta.annotation-api/1.3.4/jakarta.annotation-api-1.3.4.jar:/home/user/.m2/repository/org/glassfish/hk2/external/aopalliance-repackaged/2.5.0/aopalliance-repackaged-2.5.0.jar:/home/user/.m2/repository/com/fasterxml/jackson/dataformat/jackson-dataformat-xml/2.9.0/jackson-dataformat-xml-2.9.0.jar:/home/user/.m2/repository/com/fasterxml/jackson/core/jackson-core/2.9.5/jackson-core-2.9.5.jar:/home/user/.m2/repository/com/fasterxml/jackson/module/jackson-module-jaxb-annotations/2.9.5/jackson-module-jaxb-annotations-2.9.5.jar:/home/user/.m2/repository/javax/enterprise/cdi-api/1.2/cdi-api-1.2.jar:/home/user/.m2/repository/javax/el/javax.el-api/3.0.0/javax.el-api-3.0.0.jar:/home/user/.m2/repository/javax/interceptor/javax.interceptor-api/1.2/javax.interceptor-api-1.2.jar:/home/user/.m2/repository/javax/inject/javax.inject/1/javax.inject-1.jar:/home/user/.m2/repository/com/sun/xml/bind/jaxb-impl/2.3.0.1/jaxb-impl-2.3.0.1.jar:/home/user/.m2/repository/com/sun/xml/bind/jaxb-core/2.3.0.1/jaxb-core-2.3.0.1.jar:/home/user/.m2/repository/javax/xml/bind/jaxb-api/2.3.0/jaxb-api-2.3.0.jar:/home/user/.m2/repository/javax/activation/activation/1.1.1/activation-1.1.1.jar:/home/user/.m2/repository/org/apache/hadoop/hadoop-ozone-csi/0.5.0-SNAPSHOT/hadoop-ozone-csi-0.5.0-SNAPSHOT.jar:/home/user/.m2/repository/com/google/protobuf/protobuf-java-util/3.5.1/protobuf-java-util-3.5.1.jar:/home/user/.m2/repository/org/apache/hadoop/hadoop-hdds-config/0.5.0-SNAPSHOT/hadoop-hdds-config-0.5.0-SNAPSHOT.jar:/home/user/.m2/repository/io/grpc/grpc-netty/1.17.1/grpc-netty-1.17.1.jar:/home/user/.m2/repository/io/grpc/grpc-core/1.17.1/grpc-core-1.17.1.jar:/home/user/.m2/repository/io/grpc/grpc-context/1.17.1/grpc-context-1.17.1.jar:/home/user/.m2/repository/com/google/errorprone/error_prone_annotations/2.2.0/error_prone_annotations-2.2.0.jar:/home/user/.m2/repository/org/codehaus/mojo/animal-sniffer-annotations/1.17/animal-sniffer-annotations-1.17.jar:/home/user/.m2/repository/io/opencensus/opencensus-api/0.17.0/opencensus-api-0.17.0.jar:/home/user/.m2/repository/io/opencensus/opencensus-contrib-grpc-metrics/0.17.0/opencensus-contrib-grpc-metrics-0.17.0.jar:/home/user/.m2/repository/io/netty/netty-codec-http2/4.1.30.Final/netty-codec-http2-4.1.30.Final.jar:/home/user/.m2/repository/io/netty/netty-codec-http/4.1.30.Final/netty-codec-http-4.1.30.Final.jar:/home/user/.m2/repository/io/netty/netty-codec/4.1.30.Final/netty-codec-4.1.30.Final.jar:/home/user/.m2/repository/io/netty/netty-handler/4.1.30.Final/netty-handler-4.1.30.Final.jar:/home/user/.m2/repository/io/netty/netty-handler-proxy/4.1.30.Final/netty-handler-proxy-4.1.30.Final.jar:/home/user/.m2/repository/io/netty/netty-codec-socks/4.1.30.Final/netty-codec-socks-4.1.30.Final.jar:/home/user/.m2/repository/io/netty/netty-transport-native-epoll/4.1.30.Final/netty-transport-native-epoll-4.1.30.Final.jar:/home/user/.m2/repository/io/netty/netty-common/4.1.30.Final/netty-common-4.1.30.Final.jar:/home/user/.m2/repository/io/netty/netty-buffer/4.1.30.Final/netty-buffer-4.1.30.Final.jar:/home/user/.m2/repository/io/netty/netty-transport/4.1.30.Final/netty-transport-4.1.30.Final.jar:/home/user/.m2/repository/io/netty/netty-resolver/4.1.30.Final/netty-resolver-4.1.30.Final.jar:/home/user/.m2/repository/io/netty/netty-transport-native-unix-common/4.1.30.Final/netty-transport-native-unix-common-4.1.30.Final.jar:/home/user/.m2/repository/io/grpc/grpc-protobuf/1.17.1/grpc-protobuf-1.17.1.jar:/home/user/.m2/repository/com/google/api/grpc/proto-google-common-protos/1.0.0/proto-google-common-protos-1.0.0.jar:/home/user/.m2/repository/io/grpc/grpc-protobuf-lite/1.17.1/grpc-protobuf-lite-1.17.1.jar:/home/user/.m2/repository/io/grpc/grpc-stub/1.17.1/grpc-stub-1.17.1.jar:/home/user/.m2/repository/org/apache/hadoop/hadoop-ozone-recon/0.5.0-SNAPSHOT/hadoop-ozone-recon-0.5.0-SNAPSHOT.jar:/home/user/.m2/repository/org/apache/hadoop/hadoop-ozone-reconcodegen/0.5.0-SNAPSHOT/hadoop-ozone-reconcodegen-0.5.0-SNAPSHOT.jar:/home/user/.m2/repository/com/google/inject/extensions/guice-multibindings/4.0/guice-multibindings-4.0.jar:/home/user/.m2/repository/com/google/inject/guice/4.0/guice-4.0.jar:/home/user/.m2/repository/aopalliance/aopalliance/1.0/aopalliance-1.0.jar:/home/user/.m2/repository/com/google/inject/extensions/guice-servlet/4.0/guice-servlet-4.0.jar:/home/user/.m2/repository/org/glassfish/jersey/containers/jersey-container-servlet/2.27/jersey-container-servlet-2.27.jar:/home/user/.m2/repository/org/glassfish/hk2/guice-bridge/2.5.0/guice-bridge-2.5.0.jar:/home/user/.m2/repository/org/glassfish/jersey/core/jersey-server/2.27/jersey-server-2.27.jar:/home/user/.m2/repository/org/glassfish/jersey/core/jersey-client/2.27/jersey-client-2.27.jar:/home/user/.m2/repository/org/glassfish/jersey/media/jersey-media-jaxb/2.27/jersey-media-jaxb-2.27.jar:/home/user/.m2/repository/javax/validation/validation-api/1.1.0.Final/validation-api-1.1.0.Final.jar:/home/user/.m2/repository/org/glassfish/jersey/media/jersey-media-json-jackson/2.27/jersey-media-json-jackson-2.27.jar:/home/user/.m2/repository/org/glassfish/jersey/ext/jersey-entity-filtering/2.27/jersey-entity-filtering-2.27.jar:/home/user/.m2/repository/com/google/inject/extensions/guice-assistedinject/4.0/guice-assistedinject-4.0.jar:/home/user/.m2/repository/org/jooq/jooq/3.11.10/jooq-3.11.10.jar:/home/user/.m2/repository/org/jooq/jooq-meta/3.11.10/jooq-meta-3.11.10.jar:/home/user/.m2/repository/org/jooq/jooq-codegen/3.11.10/jooq-codegen-3.11.10.jar:/home/user/.m2/repository/com/jolbox/bonecp/0.8.0.RELEASE/bonecp-0.8.0.RELEASE.jar:/home/user/.m2/repository/org/xerial/sqlite-jdbc/3.25.2/sqlite-jdbc-3.25.2.jar:/home/user/.m2/repository/org/springframework/spring-jdbc/5.1.3.RELEASE/spring-jdbc-5.1.3.RELEASE.jar:/home/user/.m2/repository/org/springframework/spring-beans/5.1.3.RELEASE/spring-beans-5.1.3.RELEASE.jar:/home/user/.m2/repository/org/springframework/spring-core/5.1.3.RELEASE/spring-core-5.1.3.RELEASE.jar:/home/user/.m2/repository/org/springframework/spring-jcl/5.1.3.RELEASE/spring-jcl-5.1.3.RELEASE.jar:/home/user/.m2/repository/org/springframework/spring-tx/5.1.3.RELEASE/spring-tx-5.1.3.RELEASE.jar:/home/user/.m2/repository/org/apache/hadoop/hadoop-ozone-client/0.5.0-SNAPSHOT/hadoop-ozone-client-0.5.0-SNAPSHOT.jar:/home/user/.m2/repository/commons-lang/commons-lang/2.6/commons-lang-2.6.jar:/home/user/.m2/repository/org/apache/hadoop/hadoop-ozone-ozone-manager/0.5.0-SNAPSHOT/hadoop-ozone-ozone-manager-0.5.0-SNAPSHOT-tests.jar:/home/user/.m2/repository/junit/junit/4.11/junit-4.11.jar:/home/user/.m2/repository/org/hamcrest/hamcrest-core/1.3/hamcrest-core-1.3.jar:/home/user/.m2/repository/org/openjdk/jmh/jmh-core/1.19/jmh-core-1.19.jar:/home/user/.m2/repository/net/sf/jopt-simple/jopt-simple/4.6/jopt-simple-4.6.jar:/home/user/.m2/repository/org/apache/commons/commons-math3/3.1.1/commons-math3-3.1.1.jar:/home/user/.m2/repository/org/openjdk/jmh/jmh-generator-annprocess/1.19/jmh-generator-annprocess-1.19.jar:/home/user/.m2/repository/org/mockito/mockito-all/1.8.5/mockito-all-1.8.5.jar:/home/user/.m2/repository/org/apache/hadoop/hadoop-kms/3.2.0/hadoop-kms-3.2.0.jar:/home/user/.m2/repository/org/apache/hadoop/hadoop-auth/3.2.0/hadoop-auth-3.2.0.jar:/home/user/.m2/repository/com/nimbusds/nimbus-jose-jwt/4.41.1/nimbus-jose-jwt-4.41.1.jar:/home/user/.m2/repository/com/github/stephenc/jcip/jcip-annotations/1.0-1/jcip-annotations-1.0-1.jar:/home/user/.m2/repository/net/minidev/json-smart/2.3/json-smart-2.3.jar:/home/user/.m2/repository/net/minidev/accessors-smart/1.2/accessors-smart-1.2.jar:/home/user/.m2/repository/org/ow2/asm/asm/5.0.4/asm-5.0.4.jar:/home/user/.m2/repository/org/apache/curator/curator-framework/2.12.0/curator-framework-2.12.0.jar:/home/user/.m2/repository/com/sun/jersey/jersey-core/1.19/jersey-core-1.19.jar:/home/user/.m2/repository/javax/ws/rs/jsr311-api/1.1.1/jsr311-api-1.1.1.jar:/home/user/.m2/repository/com/sun/jersey/jersey-server/1.19/jersey-server-1.19.jar:/home/user/.m2/repository/javax/servlet/javax.servlet-api/3.1.0/javax.servlet-api-3.1.0.jar:/home/user/.m2/repository/org/eclipse/jetty/jetty-server/9.3.24.v20180605/jetty-server-9.3.24.v20180605.jar:/home/user/.m2/repository/org/eclipse/jetty/jetty-http/9.3.24.v20180605/jetty-http-9.3.24.v20180605.jar:/home/user/.m2/repository/org/eclipse/jetty/jetty-io/9.3.24.v20180605/jetty-io-9.3.24.v20180605.jar:/home/user/.m2/repository/org/eclipse/jetty/jetty-webapp/9.3.24.v20180605/jetty-webapp-9.3.24.v20180605.jar:/home/user/.m2/repository/org/eclipse/jetty/jetty-xml/9.3.24.v20180605/jetty-xml-9.3.24.v20180605.jar:/home/user/.m2/repository/log4j/log4j/1.2.17/log4j-1.2.17.jar:/home/user/.m2/repository/org/slf4j/slf4j-api/1.7.25/slf4j-api-1.7.25.jar:/home/user/.m2/repository/org/slf4j/jul-to-slf4j/1.7.25/jul-to-slf4j-1.7.25.jar:/home/user/.m2/repository/org/eclipse/jetty/jetty-util/9.3.24.v20180605/jetty-util-9.3.24.v20180605.jar:/home/user/.m2/repository/com/fasterxml/jackson/core/jackson-databind/2.9.5/jackson-databind-2.9.5.jar:/home/user/.m2/repository/org/apache/hadoop/hadoop-kms/3.2.0/hadoop-kms-3.2.0-tests.jar:/home/user/.m2/repository/org/apache/hadoop/hadoop-hdds-server-scm/0.5.0-SNAPSHOT/hadoop-hdds-server-scm-0.5.0-SNAPSHOT-tests.jar:/home/user/.m2/repository/org/apache/hadoop/hadoop-hdds-container-service/0.5.0-SNAPSHOT/hadoop-hdds-container-service-0.5.0-SNAPSHOT-tests.jar:/home/user/.m2/repository/org/yaml/snakeyaml/1.16/snakeyaml-1.16.jar:/home/user/.m2/repository/org/apache/hadoop/hadoop-common/3.2.0/hadoop-common-3.2.0-tests.jar:/home/user/.m2/repository/org/apache/hadoop/hadoop-annotations/3.2.0/hadoop-annotations-3.2.0.jar:/usr/lib/jvm/java-1.8-openjdk/jre/../lib/tools.jar:/home/user/.m2/repository/commons-cli/commons-cli/1.2/commons-cli-1.2.jar:/home/user/.m2/repository/org/apache/httpcomponents/httpclient/4.5.2/httpclient-4.5.2.jar:/home/user/.m2/repository/org/apache/httpcomponents/httpcore/4.4.4/httpcore-4.4.4.jar:/home/user/.m2/repository/commons-codec/commons-codec/1.11/commons-codec-1.11.jar:/home/user/.m2/repository/commons-net/commons-net/3.6/commons-net-3.6.jar:/home/user/.m2/repository/commons-collections/commons-collections/3.2.2/commons-collections-3.2.2.jar:/home/user/.m2/repository/org/eclipse/jetty/jetty-servlet/9.3.24.v20180605/jetty-servlet-9.3.24.v20180605.jar:/home/user/.m2/repository/org/eclipse/jetty/jetty-security/9.3.24.v20180605/jetty-security-9.3.24.v20180605.jar:/home/user/.m2/repository/javax/servlet/jsp/jsp-api/2.1/jsp-api-2.1.jar:/home/user/.m2/repository/com/sun/jersey/jersey-servlet/1.19/jersey-servlet-1.19.jar:/home/user/.m2/repository/com/sun/jersey/jersey-json/1.19/jersey-json-1.19.jar:/home/user/.m2/repository/org/codehaus/jettison/jettison/1.1/jettison-1.1.jar:/home/user/.m2/repository/org/codehaus/jackson/jackson-core-asl/1.9.13/jackson-core-asl-1.9.13.jar:/home/user/.m2/repository/org/codehaus/jackson/jackson-mapper-asl/1.9.13/jackson-mapper-asl-1.9.13.jar:/home/user/.m2/repository/org/codehaus/jackson/jackson-jaxrs/1.9.13/jackson-jaxrs-1.9.13.jar:/home/user/.m2/repository/org/codehaus/jackson/jackson-xc/1.9.13/jackson-xc-1.9.13.jar:/home/user/.m2/repository/commons-logging/commons-logging/1.1.3/commons-logging-1.1.3.jar:/home/user/.m2/repository/commons-beanutils/commons-beanutils/1.9.3/commons-beanutils-1.9.3.jar:/home/user/.m2/repository/org/apache/commons/commons-configuration2/2.1.1/commons-configuration2-2.1.1.jar:/home/user/.m2/repository/org/apache/commons/commons-lang3/3.7/commons-lang3-3.7.jar:/home/user/.m2/repository/org/apache/commons/commons-text/1.4/commons-text-1.4.jar:/home/user/.m2/repository/org/apache/avro/avro/1.7.7/avro-1.7.7.jar:/home/user/.m2/repository/com/thoughtworks/paranamer/paranamer/2.3/paranamer-2.3.jar:/home/user/.m2/repository/org/xerial/snappy/snappy-java/1.0.5/snappy-java-1.0.5.jar:/home/user/.m2/repository/com/google/re2j/re2j/1.1/re2j-1.1.jar:/home/user/.m2/repository/com/google/code/gson/gson/2.2.4/gson-2.2.4.jar:/home/user/.m2/repository/com/jcraft/jsch/0.1.54/jsch-0.1.54.jar:/home/user/.m2/repository/org/apache/curator/curator-client/2.12.0/curator-client-2.12.0.jar:/home/user/.m2/repository/org/apache/curator/curator-recipes/2.12.0/curator-recipes-2.12.0.jar:/home/user/.m2/repository/com/google/code/findbugs/jsr305/3.0.0/jsr305-3.0.0.jar:/home/user/.m2/repository/org/apache/htrace/htrace-core4/4.1.0-incubating/htrace-core4-4.1.0-incubating.jar:/home/user/.m2/repository/org/apache/zookeeper/zookeeper/3.4.13/zookeeper-3.4.13.jar:/home/user/.m2/repository/org/apache/yetus/audience-annotations/0.5.0/audience-annotations-0.5.0.jar:/home/user/.m2/repository/org/codehaus/woodstox/stax2-api/3.1.4/stax2-api-3.1.4.jar:/home/user/.m2/repository/com/fasterxml/woodstox/woodstox-core/5.0.3/woodstox-core-5.0.3.jar:/home/user/.m2/repository/dnsjava/dnsjava/2.1.7/dnsjava-2.1.7.jar:/home/user/.m2/repository/org/apache/hadoop/hadoop-hdfs/3.2.0/hadoop-hdfs-3.2.0-tests.jar:/home/user/.m2/repository/org/eclipse/jetty/jetty-util-ajax/9.3.24.v20180605/jetty-util-ajax-9.3.24.v20180605.jar:/home/user/.m2/repository/commons-daemon/commons-daemon/1.0.13/commons-daemon-1.0.13.jar:/home/user/.m2/repository/io/netty/netty/3.10.5.Final/netty-3.10.5.Final.jar:/home/user/.m2/repository/io/netty/netty-all/4.0.52.Final/netty-all-4.0.52.Final.jar:/home/user/.m2/repository/org/fusesource/leveldbjni/leveldbjni-all/1.8/leveldbjni-all-1.8.jar:"/>
    <property name="java.vm.vendor" value="IcedTea"/>
    <property name="sun.arch.data.model" value="64"/>
    <property name="test.build.dir" value="/workdir/hadoop-ozone/integration-test/target/test-dir"/>
    <property name="test.cache.data" value=""/>
    <property name="java.vendor.url" value="https://icedtea.classpath.org"/>
    <property name="user.timezone" value=""/>
    <property name="java.vm.specification.version" value="1.8"/>
    <property name="os.name" value="Linux"/>
    <property name="test.build.data" value="/workdir/hadoop-ozone/integration-test/target/test-dir"/>
    <property name="user.country" value="US"/>
    <property name="sun.java.launcher" value="SUN_STANDARD"/>
    <property name="sun.boot.library.path" value="/usr/lib/jvm/java-1.8-openjdk/jre/lib/amd64"/>
    <property name="sun.java.command" value="/workdir/hadoop-ozone/integration-test/target/surefire/surefirebooter4481091537782178764.jar /workdir/hadoop-ozone/integration-test/target/surefire 2019-08-21T07-04-17_065-jvmRun1 surefire518395188450331065tmp surefire_956352748773608677649tmp"/>
    <property name="surefire.test.class.path" value="/workdir/hadoop-ozone/integration-test/target/test-classes:/workdir/hadoop-ozone/integration-test/target/classes:/home/user/.m2/repository/org/apache/hadoop/hadoop-ozone-common/0.5.0-SNAPSHOT/hadoop-ozone-common-0.5.0-SNAPSHOT.jar:/home/user/.m2/repository/org/apache/commons/commons-compress/1.4.1/commons-compress-1.4.1.jar:/home/user/.m2/repository/org/tukaani/xz/1.0/xz-1.0.jar:/home/user/.m2/repository/org/apache/hadoop/hadoop-common/3.2.0/hadoop-common-3.2.0.jar:/home/user/.m2/repository/org/apache/hadoop/hadoop-hdfs/3.2.0/hadoop-hdfs-3.2.0.jar:/home/user/.m2/repository/org/apache/hadoop/hadoop-hdfs-client/3.2.0/hadoop-hdfs-client-3.2.0.jar:/home/user/.m2/repository/com/fasterxml/jackson/core/jackson-annotations/2.9.5/jackson-annotations-2.9.5.jar:/home/user/.m2/repository/org/apache/hadoop/hadoop-hdds-common/0.5.0-SNAPSHOT/hadoop-hdds-common-0.5.0-SNAPSHOT.jar:/home/user/.m2/repository/javax/annotation/javax.annotation-api/1.2/javax.annotation-api-1.2.jar:/home/user/.m2/repository/org/apache/ratis/ratis-server/0.4.0-2337318-SNAPSHOT/ratis-server-0.4.0-2337318-SNAPSHOT.jar:/home/user/.m2/repository/org/apache/ratis/ratis-thirdparty-misc/0.2.0/ratis-thirdparty-misc-0.2.0.jar:/home/user/.m2/repository/org/apache/ratis/ratis-proto/0.4.0-2337318-SNAPSHOT/ratis-proto-0.4.0-2337318-SNAPSHOT.jar:/home/user/.m2/repository/org/apache/ratis/ratis-common/0.4.0-2337318-SNAPSHOT/ratis-common-0.4.0-2337318-SNAPSHOT.jar:/home/user/.m2/repository/org/apache/ratis/ratis-client/0.4.0-2337318-SNAPSHOT/ratis-client-0.4.0-2337318-SNAPSHOT.jar:/home/user/.m2/repository/org/apache/ratis/ratis-metrics/0.4.0-2337318-SNAPSHOT/ratis-metrics-0.4.0-2337318-SNAPSHOT.jar:/home/user/.m2/repository/org/apache/ratis/ratis-netty/0.4.0-2337318-SNAPSHOT/ratis-netty-0.4.0-2337318-SNAPSHOT.jar:/home/user/.m2/repository/org/apache/ratis/ratis-grpc/0.4.0-2337318-SNAPSHOT/ratis-grpc-0.4.0-2337318-SNAPSHOT.jar:/home/user/.m2/repository/org/rocksdb/rocksdbjni/6.0.1/rocksdbjni-6.0.1.jar:/home/user/.m2/repository/org/apache/logging/log4j/log4j-api/2.11.0/log4j-api-2.11.0.jar:/home/user/.m2/repository/org/apache/logging/log4j/log4j-core/2.11.0/log4j-core-2.11.0.jar:/home/user/.m2/repository/com/lmax/disruptor/3.4.2/disruptor-3.4.2.jar:/home/user/.m2/repository/org/apache/commons/commons-pool2/2.6.0/commons-pool2-2.6.0.jar:/home/user/.m2/repository/org/bouncycastle/bcpkix-jdk15on/1.60/bcpkix-jdk15on-1.60.jar:/home/user/.m2/repository/commons-validator/commons-validator/1.6/commons-validator-1.6.jar:/home/user/.m2/repository/commons-digester/commons-digester/1.8.1/commons-digester-1.8.1.jar:/home/user/.m2/repository/io/jaegertracing/jaeger-client/0.33.1/jaeger-client-0.33.1.jar:/home/user/.m2/repository/io/jaegertracing/jaeger-thrift/0.33.1/jaeger-thrift-0.33.1.jar:/home/user/.m2/repository/org/apache/thrift/libthrift/0.11.0/libthrift-0.11.0.jar:/home/user/.m2/repository/com/squareup/okhttp3/okhttp/3.9.0/okhttp-3.9.0.jar:/home/user/.m2/repository/com/squareup/okio/okio/1.13.0/okio-1.13.0.jar:/home/user/.m2/repository/io/jaegertracing/jaeger-core/0.33.1/jaeger-core-0.33.1.jar:/home/user/.m2/repository/io/jaegertracing/jaeger-tracerresolver/0.33.1/jaeger-tracerresolver-0.33.1.jar:/home/user/.m2/repository/io/opentracing/contrib/opentracing-tracerresolver/0.1.5/opentracing-tracerresolver-0.1.5.jar:/home/user/.m2/repository/io/opentracing/opentracing-util/0.31.0/opentracing-util-0.31.0.jar:/home/user/.m2/repository/io/opentracing/opentracing-api/0.31.0/opentracing-api-0.31.0.jar:/home/user/.m2/repository/io/opentracing/opentracing-noop/0.31.0/opentracing-noop-0.31.0.jar:/home/user/.m2/repository/org/apache/hadoop/hadoop-hdds-server-framework/0.5.0-SNAPSHOT/hadoop-hdds-server-framework-0.5.0-SNAPSHOT.jar:/home/user/.m2/repository/org/apache/hadoop/hadoop-hdds-container-service/0.5.0-SNAPSHOT/hadoop-hdds-container-service-0.5.0-SNAPSHOT.jar:/home/user/.m2/repository/org/apache/hadoop/hadoop-hdds-client/0.5.0-SNAPSHOT/hadoop-hdds-client-0.5.0-SNAPSHOT.jar:/home/user/.m2/repository/org/apache/hadoop/hadoop-hdds-tools/0.5.0-SNAPSHOT/hadoop-hdds-tools-0.5.0-SNAPSHOT.jar:/home/user/.m2/repository/org/apache/hadoop/hadoop-hdds-server-scm/0.5.0-SNAPSHOT/hadoop-hdds-server-scm-0.5.0-SNAPSHOT.jar:/home/user/.m2/repository/org/apache/hadoop/hadoop-hdds-docs/0.5.0-SNAPSHOT/hadoop-hdds-docs-0.5.0-SNAPSHOT.jar:/home/user/.m2/repository/io/dropwizard/metrics/metrics-core/3.2.4/metrics-core-3.2.4.jar:/home/user/.m2/repository/org/hamcrest/hamcrest-all/1.3/hamcrest-all-1.3.jar:/home/user/.m2/repository/org/bouncycastle/bcprov-jdk15on/1.60/bcprov-jdk15on-1.60.jar:/home/user/.m2/repository/info/picocli/picocli/3.9.6/picocli-3.9.6.jar:/home/user/.m2/repository/com/google/protobuf/protobuf-java/2.5.0/protobuf-java-2.5.0.jar:/home/user/.m2/repository/com/google/guava/guava/11.0.2/guava-11.0.2.jar:/home/user/.m2/repository/org/apache/hadoop/hadoop-ozone-ozone-manager/0.5.0-SNAPSHOT/hadoop-ozone-ozone-manager-0.5.0-SNAPSHOT.jar:/home/user/.m2/repository/org/apache/hadoop/hadoop-minikdc/3.2.0/hadoop-minikdc-3.2.0.jar:/home/user/.m2/repository/commons-io/commons-io/2.5/commons-io-2.5.jar:/home/user/.m2/repository/org/apache/kerby/kerb-simplekdc/1.0.1/kerb-simplekdc-1.0.1.jar:/home/user/.m2/repository/org/apache/kerby/kerb-client/1.0.1/kerb-client-1.0.1.jar:/home/user/.m2/repository/org/apache/kerby/kerby-config/1.0.1/kerby-config-1.0.1.jar:/home/user/.m2/repository/org/apache/kerby/kerb-core/1.0.1/kerb-core-1.0.1.jar:/home/user/.m2/repository/org/apache/kerby/kerby-pkix/1.0.1/kerby-pkix-1.0.1.jar:/home/user/.m2/repository/org/apache/kerby/kerby-asn1/1.0.1/kerby-asn1-1.0.1.jar:/home/user/.m2/repository/org/apache/kerby/kerby-util/1.0.1/kerby-util-1.0.1.jar:/home/user/.m2/repository/org/apache/kerby/kerb-common/1.0.1/kerb-common-1.0.1.jar:/home/user/.m2/repository/org/apache/kerby/kerb-crypto/1.0.1/kerb-crypto-1.0.1.jar:/home/user/.m2/repository/org/apache/kerby/kerb-util/1.0.1/kerb-util-1.0.1.jar:/home/user/.m2/repository/org/apache/kerby/token-provider/1.0.1/token-provider-1.0.1.jar:/home/user/.m2/repository/org/apache/kerby/kerb-admin/1.0.1/kerb-admin-1.0.1.jar:/home/user/.m2/repository/org/apache/kerby/kerb-server/1.0.1/kerb-server-1.0.1.jar:/home/user/.m2/repository/org/apache/kerby/kerb-identity/1.0.1/kerb-identity-1.0.1.jar:/home/user/.m2/repository/org/apache/kerby/kerby-xdr/1.0.1/kerby-xdr-1.0.1.jar:/home/user/.m2/repository/org/slf4j/slf4j-log4j12/1.7.25/slf4j-log4j12-1.7.25.jar:/home/user/.m2/repository/org/apache/hadoop/hadoop-ozone-objectstore-service/0.5.0-SNAPSHOT/hadoop-ozone-objectstore-service-0.5.0-SNAPSHOT.jar:/home/user/.m2/repository/org/apache/hadoop/hadoop-ozone-s3gateway/0.5.0-SNAPSHOT/hadoop-ozone-s3gateway-0.5.0-SNAPSHOT.jar:/home/user/.m2/repository/org/jboss/weld/servlet/weld-servlet/2.4.7.Final/weld-servlet-2.4.7.Final.jar:/home/user/.m2/repository/org/glassfish/jersey/containers/jersey-container-servlet-core/2.27/jersey-container-servlet-core-2.27.jar:/home/user/.m2/repository/org/glassfish/hk2/external/javax.inject/2.5.0-b42/javax.inject-2.5.0-b42.jar:/home/user/.m2/repository/org/glassfish/jersey/core/jersey-common/2.27/jersey-common-2.27.jar:/home/user/.m2/repository/org/glassfish/hk2/osgi-resource-locator/1.0.1/osgi-resource-locator-1.0.1.jar:/home/user/.m2/repository/javax/ws/rs/javax.ws.rs-api/2.1/javax.ws.rs-api-2.1.jar:/home/user/.m2/repository/org/glassfish/jersey/ext/cdi/jersey-cdi1x/2.27/jersey-cdi1x-2.27.jar:/home/user/.m2/repository/org/glassfish/jersey/inject/jersey-hk2/2.27/jersey-hk2-2.27.jar:/home/user/.m2/repository/org/glassfish/hk2/hk2-locator/2.5.0-b42/hk2-locator-2.5.0-b42.jar:/home/user/.m2/repository/org/javassist/javassist/3.22.0-CR2/javassist-3.22.0-CR2.jar:/home/user/.m2/repository/org/glassfish/hk2/hk2-api/2.5.0/hk2-api-2.5.0.jar:/home/user/.m2/repository/org/glassfish/hk2/external/jakarta.inject/2.5.0/jakarta.inject-2.5.0.jar:/home/user/.m2/repository/org/glassfish/hk2/hk2-utils/2.5.0/hk2-utils-2.5.0.jar:/home/user/.m2/repository/jakarta/annotation/jakarta.annotation-api/1.3.4/jakarta.annotation-api-1.3.4.jar:/home/user/.m2/repository/org/glassfish/hk2/external/aopalliance-repackaged/2.5.0/aopalliance-repackaged-2.5.0.jar:/home/user/.m2/repository/com/fasterxml/jackson/dataformat/jackson-dataformat-xml/2.9.0/jackson-dataformat-xml-2.9.0.jar:/home/user/.m2/repository/com/fasterxml/jackson/core/jackson-core/2.9.5/jackson-core-2.9.5.jar:/home/user/.m2/repository/com/fasterxml/jackson/module/jackson-module-jaxb-annotations/2.9.5/jackson-module-jaxb-annotations-2.9.5.jar:/home/user/.m2/repository/javax/enterprise/cdi-api/1.2/cdi-api-1.2.jar:/home/user/.m2/repository/javax/el/javax.el-api/3.0.0/javax.el-api-3.0.0.jar:/home/user/.m2/repository/javax/interceptor/javax.interceptor-api/1.2/javax.interceptor-api-1.2.jar:/home/user/.m2/repository/javax/inject/javax.inject/1/javax.inject-1.jar:/home/user/.m2/repository/com/sun/xml/bind/jaxb-impl/2.3.0.1/jaxb-impl-2.3.0.1.jar:/home/user/.m2/repository/com/sun/xml/bind/jaxb-core/2.3.0.1/jaxb-core-2.3.0.1.jar:/home/user/.m2/repository/javax/xml/bind/jaxb-api/2.3.0/jaxb-api-2.3.0.jar:/home/user/.m2/repository/javax/activation/activation/1.1.1/activation-1.1.1.jar:/home/user/.m2/repository/org/apache/hadoop/hadoop-ozone-csi/0.5.0-SNAPSHOT/hadoop-ozone-csi-0.5.0-SNAPSHOT.jar:/home/user/.m2/repository/com/google/protobuf/protobuf-java-util/3.5.1/protobuf-java-util-3.5.1.jar:/home/user/.m2/repository/org/apache/hadoop/hadoop-hdds-config/0.5.0-SNAPSHOT/hadoop-hdds-config-0.5.0-SNAPSHOT.jar:/home/user/.m2/repository/io/grpc/grpc-netty/1.17.1/grpc-netty-1.17.1.jar:/home/user/.m2/repository/io/grpc/grpc-core/1.17.1/grpc-core-1.17.1.jar:/home/user/.m2/repository/io/grpc/grpc-context/1.17.1/grpc-context-1.17.1.jar:/home/user/.m2/repository/com/google/errorprone/error_prone_annotations/2.2.0/error_prone_annotations-2.2.0.jar:/home/user/.m2/repository/org/codehaus/mojo/animal-sniffer-annotations/1.17/animal-sniffer-annotations-1.17.jar:/home/user/.m2/repository/io/opencensus/opencensus-api/0.17.0/opencensus-api-0.17.0.jar:/home/user/.m2/repository/io/opencensus/opencensus-contrib-grpc-metrics/0.17.0/opencensus-contrib-grpc-metrics-0.17.0.jar:/home/user/.m2/repository/io/netty/netty-codec-http2/4.1.30.Final/netty-codec-http2-4.1.30.Final.jar:/home/user/.m2/repository/io/netty/netty-codec-http/4.1.30.Final/netty-codec-http-4.1.30.Final.jar:/home/user/.m2/repository/io/netty/netty-codec/4.1.30.Final/netty-codec-4.1.30.Final.jar:/home/user/.m2/repository/io/netty/netty-handler/4.1.30.Final/netty-handler-4.1.30.Final.jar:/home/user/.m2/repository/io/netty/netty-handler-proxy/4.1.30.Final/netty-handler-proxy-4.1.30.Final.jar:/home/user/.m2/repository/io/netty/netty-codec-socks/4.1.30.Final/netty-codec-socks-4.1.30.Final.jar:/home/user/.m2/repository/io/netty/netty-transport-native-epoll/4.1.30.Final/netty-transport-native-epoll-4.1.30.Final.jar:/home/user/.m2/repository/io/netty/netty-common/4.1.30.Final/netty-common-4.1.30.Final.jar:/home/user/.m2/repository/io/netty/netty-buffer/4.1.30.Final/netty-buffer-4.1.30.Final.jar:/home/user/.m2/repository/io/netty/netty-transport/4.1.30.Final/netty-transport-4.1.30.Final.jar:/home/user/.m2/repository/io/netty/netty-resolver/4.1.30.Final/netty-resolver-4.1.30.Final.jar:/home/user/.m2/repository/io/netty/netty-transport-native-unix-common/4.1.30.Final/netty-transport-native-unix-common-4.1.30.Final.jar:/home/user/.m2/repository/io/grpc/grpc-protobuf/1.17.1/grpc-protobuf-1.17.1.jar:/home/user/.m2/repository/com/google/api/grpc/proto-google-common-protos/1.0.0/proto-google-common-protos-1.0.0.jar:/home/user/.m2/repository/io/grpc/grpc-protobuf-lite/1.17.1/grpc-protobuf-lite-1.17.1.jar:/home/user/.m2/repository/io/grpc/grpc-stub/1.17.1/grpc-stub-1.17.1.jar:/home/user/.m2/repository/org/apache/hadoop/hadoop-ozone-recon/0.5.0-SNAPSHOT/hadoop-ozone-recon-0.5.0-SNAPSHOT.jar:/home/user/.m2/repository/org/apache/hadoop/hadoop-ozone-reconcodegen/0.5.0-SNAPSHOT/hadoop-ozone-reconcodegen-0.5.0-SNAPSHOT.jar:/home/user/.m2/repository/com/google/inject/extensions/guice-multibindings/4.0/guice-multibindings-4.0.jar:/home/user/.m2/repository/com/google/inject/guice/4.0/guice-4.0.jar:/home/user/.m2/repository/aopalliance/aopalliance/1.0/aopalliance-1.0.jar:/home/user/.m2/repository/com/google/inject/extensions/guice-servlet/4.0/guice-servlet-4.0.jar:/home/user/.m2/repository/org/glassfish/jersey/containers/jersey-container-servlet/2.27/jersey-container-servlet-2.27.jar:/home/user/.m2/repository/org/glassfish/hk2/guice-bridge/2.5.0/guice-bridge-2.5.0.jar:/home/user/.m2/repository/org/glassfish/jersey/core/jersey-server/2.27/jersey-server-2.27.jar:/home/user/.m2/repository/org/glassfish/jersey/core/jersey-client/2.27/jersey-client-2.27.jar:/home/user/.m2/repository/org/glassfish/jersey/media/jersey-media-jaxb/2.27/jersey-media-jaxb-2.27.jar:/home/user/.m2/repository/javax/validation/validation-api/1.1.0.Final/validation-api-1.1.0.Final.jar:/home/user/.m2/repository/org/glassfish/jersey/media/jersey-media-json-jackson/2.27/jersey-media-json-jackson-2.27.jar:/home/user/.m2/repository/org/glassfish/jersey/ext/jersey-entity-filtering/2.27/jersey-entity-filtering-2.27.jar:/home/user/.m2/repository/com/google/inject/extensions/guice-assistedinject/4.0/guice-assistedinject-4.0.jar:/home/user/.m2/repository/org/jooq/jooq/3.11.10/jooq-3.11.10.jar:/home/user/.m2/repository/org/jooq/jooq-meta/3.11.10/jooq-meta-3.11.10.jar:/home/user/.m2/repository/org/jooq/jooq-codegen/3.11.10/jooq-codegen-3.11.10.jar:/home/user/.m2/repository/com/jolbox/bonecp/0.8.0.RELEASE/bonecp-0.8.0.RELEASE.jar:/home/user/.m2/repository/org/xerial/sqlite-jdbc/3.25.2/sqlite-jdbc-3.25.2.jar:/home/user/.m2/repository/org/springframework/spring-jdbc/5.1.3.RELEASE/spring-jdbc-5.1.3.RELEASE.jar:/home/user/.m2/repository/org/springframework/spring-beans/5.1.3.RELEASE/spring-beans-5.1.3.RELEASE.jar:/home/user/.m2/repository/org/springframework/spring-core/5.1.3.RELEASE/spring-core-5.1.3.RELEASE.jar:/home/user/.m2/repository/org/springframework/spring-jcl/5.1.3.RELEASE/spring-jcl-5.1.3.RELEASE.jar:/home/user/.m2/repository/org/springframework/spring-tx/5.1.3.RELEASE/spring-tx-5.1.3.RELEASE.jar:/home/user/.m2/repository/org/apache/hadoop/hadoop-ozone-client/0.5.0-SNAPSHOT/hadoop-ozone-client-0.5.0-SNAPSHOT.jar:/home/user/.m2/repository/commons-lang/commons-lang/2.6/commons-lang-2.6.jar:/home/user/.m2/repository/org/apache/hadoop/hadoop-ozone-ozone-manager/0.5.0-SNAPSHOT/hadoop-ozone-ozone-manager-0.5.0-SNAPSHOT-tests.jar:/home/user/.m2/repository/junit/junit/4.11/junit-4.11.jar:/home/user/.m2/repository/org/hamcrest/hamcrest-core/1.3/hamcrest-core-1.3.jar:/home/user/.m2/repository/org/openjdk/jmh/jmh-core/1.19/jmh-core-1.19.jar:/home/user/.m2/repository/net/sf/jopt-simple/jopt-simple/4.6/jopt-simple-4.6.jar:/home/user/.m2/repository/org/apache/commons/commons-math3/3.1.1/commons-math3-3.1.1.jar:/home/user/.m2/repository/org/openjdk/jmh/jmh-generator-annprocess/1.19/jmh-generator-annprocess-1.19.jar:/home/user/.m2/repository/org/mockito/mockito-all/1.8.5/mockito-all-1.8.5.jar:/home/user/.m2/repository/org/apache/hadoop/hadoop-kms/3.2.0/hadoop-kms-3.2.0.jar:/home/user/.m2/repository/org/apache/hadoop/hadoop-auth/3.2.0/hadoop-auth-3.2.0.jar:/home/user/.m2/repository/com/nimbusds/nimbus-jose-jwt/4.41.1/nimbus-jose-jwt-4.41.1.jar:/home/user/.m2/repository/com/github/stephenc/jcip/jcip-annotations/1.0-1/jcip-annotations-1.0-1.jar:/home/user/.m2/repository/net/minidev/json-smart/2.3/json-smart-2.3.jar:/home/user/.m2/repository/net/minidev/accessors-smart/1.2/accessors-smart-1.2.jar:/home/user/.m2/repository/org/ow2/asm/asm/5.0.4/asm-5.0.4.jar:/home/user/.m2/repository/org/apache/curator/curator-framework/2.12.0/curator-framework-2.12.0.jar:/home/user/.m2/repository/com/sun/jersey/jersey-core/1.19/jersey-core-1.19.jar:/home/user/.m2/repository/javax/ws/rs/jsr311-api/1.1.1/jsr311-api-1.1.1.jar:/home/user/.m2/repository/com/sun/jersey/jersey-server/1.19/jersey-server-1.19.jar:/home/user/.m2/repository/javax/servlet/javax.servlet-api/3.1.0/javax.servlet-api-3.1.0.jar:/home/user/.m2/repository/org/eclipse/jetty/jetty-server/9.3.24.v20180605/jetty-server-9.3.24.v20180605.jar:/home/user/.m2/repository/org/eclipse/jetty/jetty-http/9.3.24.v20180605/jetty-http-9.3.24.v20180605.jar:/home/user/.m2/repository/org/eclipse/jetty/jetty-io/9.3.24.v20180605/jetty-io-9.3.24.v20180605.jar:/home/user/.m2/repository/org/eclipse/jetty/jetty-webapp/9.3.24.v20180605/jetty-webapp-9.3.24.v20180605.jar:/home/user/.m2/repository/org/eclipse/jetty/jetty-xml/9.3.24.v20180605/jetty-xml-9.3.24.v20180605.jar:/home/user/.m2/repository/log4j/log4j/1.2.17/log4j-1.2.17.jar:/home/user/.m2/repository/org/slf4j/slf4j-api/1.7.25/slf4j-api-1.7.25.jar:/home/user/.m2/repository/org/slf4j/jul-to-slf4j/1.7.25/jul-to-slf4j-1.7.25.jar:/home/user/.m2/repository/org/eclipse/jetty/jetty-util/9.3.24.v20180605/jetty-util-9.3.24.v20180605.jar:/home/user/.m2/repository/com/fasterxml/jackson/core/jackson-databind/2.9.5/jackson-databind-2.9.5.jar:/home/user/.m2/repository/org/apache/hadoop/hadoop-kms/3.2.0/hadoop-kms-3.2.0-tests.jar:/home/user/.m2/repository/org/apache/hadoop/hadoop-hdds-server-scm/0.5.0-SNAPSHOT/hadoop-hdds-server-scm-0.5.0-SNAPSHOT-tests.jar:/home/user/.m2/repository/org/apache/hadoop/hadoop-hdds-container-service/0.5.0-SNAPSHOT/hadoop-hdds-container-service-0.5.0-SNAPSHOT-tests.jar:/home/user/.m2/repository/org/yaml/snakeyaml/1.16/snakeyaml-1.16.jar:/home/user/.m2/repository/org/apache/hadoop/hadoop-common/3.2.0/hadoop-common-3.2.0-tests.jar:/home/user/.m2/repository/org/apache/hadoop/hadoop-annotations/3.2.0/hadoop-annotations-3.2.0.jar:/usr/lib/jvm/java-1.8-openjdk/jre/../lib/tools.jar:/home/user/.m2/repository/commons-cli/commons-cli/1.2/commons-cli-1.2.jar:/home/user/.m2/repository/org/apache/httpcomponents/httpclient/4.5.2/httpclient-4.5.2.jar:/home/user/.m2/repository/org/apache/httpcomponents/httpcore/4.4.4/httpcore-4.4.4.jar:/home/user/.m2/repository/commons-codec/commons-codec/1.11/commons-codec-1.11.jar:/home/user/.m2/repository/commons-net/commons-net/3.6/commons-net-3.6.jar:/home/user/.m2/repository/commons-collections/commons-collections/3.2.2/commons-collections-3.2.2.jar:/home/user/.m2/repository/org/eclipse/jetty/jetty-servlet/9.3.24.v20180605/jetty-servlet-9.3.24.v20180605.jar:/home/user/.m2/repository/org/eclipse/jetty/jetty-security/9.3.24.v20180605/jetty-security-9.3.24.v20180605.jar:/home/user/.m2/repository/javax/servlet/jsp/jsp-api/2.1/jsp-api-2.1.jar:/home/user/.m2/repository/com/sun/jersey/jersey-servlet/1.19/jersey-servlet-1.19.jar:/home/user/.m2/repository/com/sun/jersey/jersey-json/1.19/jersey-json-1.19.jar:/home/user/.m2/repository/org/codehaus/jettison/jettison/1.1/jettison-1.1.jar:/home/user/.m2/repository/org/codehaus/jackson/jackson-core-asl/1.9.13/jackson-core-asl-1.9.13.jar:/home/user/.m2/repository/org/codehaus/jackson/jackson-mapper-asl/1.9.13/jackson-mapper-asl-1.9.13.jar:/home/user/.m2/repository/org/codehaus/jackson/jackson-jaxrs/1.9.13/jackson-jaxrs-1.9.13.jar:/home/user/.m2/repository/org/codehaus/jackson/jackson-xc/1.9.13/jackson-xc-1.9.13.jar:/home/user/.m2/repository/commons-logging/commons-logging/1.1.3/commons-logging-1.1.3.jar:/home/user/.m2/repository/commons-beanutils/commons-beanutils/1.9.3/commons-beanutils-1.9.3.jar:/home/user/.m2/repository/org/apache/commons/commons-configuration2/2.1.1/commons-configuration2-2.1.1.jar:/home/user/.m2/repository/org/apache/commons/commons-lang3/3.7/commons-lang3-3.7.jar:/home/user/.m2/repository/org/apache/commons/commons-text/1.4/commons-text-1.4.jar:/home/user/.m2/repository/org/apache/avro/avro/1.7.7/avro-1.7.7.jar:/home/user/.m2/repository/com/thoughtworks/paranamer/paranamer/2.3/paranamer-2.3.jar:/home/user/.m2/repository/org/xerial/snappy/snappy-java/1.0.5/snappy-java-1.0.5.jar:/home/user/.m2/repository/com/google/re2j/re2j/1.1/re2j-1.1.jar:/home/user/.m2/repository/com/google/code/gson/gson/2.2.4/gson-2.2.4.jar:/home/user/.m2/repository/com/jcraft/jsch/0.1.54/jsch-0.1.54.jar:/home/user/.m2/repository/org/apache/curator/curator-client/2.12.0/curator-client-2.12.0.jar:/home/user/.m2/repository/org/apache/curator/curator-recipes/2.12.0/curator-recipes-2.12.0.jar:/home/user/.m2/repository/com/google/code/findbugs/jsr305/3.0.0/jsr305-3.0.0.jar:/home/user/.m2/repository/org/apache/htrace/htrace-core4/4.1.0-incubating/htrace-core4-4.1.0-incubating.jar:/home/user/.m2/repository/org/apache/zookeeper/zookeeper/3.4.13/zookeeper-3.4.13.jar:/home/user/.m2/repository/org/apache/yetus/audience-annotations/0.5.0/audience-annotations-0.5.0.jar:/home/user/.m2/repository/org/codehaus/woodstox/stax2-api/3.1.4/stax2-api-3.1.4.jar:/home/user/.m2/repository/com/fasterxml/woodstox/woodstox-core/5.0.3/woodstox-core-5.0.3.jar:/home/user/.m2/repository/dnsjava/dnsjava/2.1.7/dnsjava-2.1.7.jar:/home/user/.m2/repository/org/apache/hadoop/hadoop-hdfs/3.2.0/hadoop-hdfs-3.2.0-tests.jar:/home/user/.m2/repository/org/eclipse/jetty/jetty-util-ajax/9.3.24.v20180605/jetty-util-ajax-9.3.24.v20180605.jar:/home/user/.m2/repository/commons-daemon/commons-daemon/1.0.13/commons-daemon-1.0.13.jar:/home/user/.m2/repository/io/netty/netty/3.10.5.Final/netty-3.10.5.Final.jar:/home/user/.m2/repository/io/netty/netty-all/4.0.52.Final/netty-all-4.0.52.Final.jar:/home/user/.m2/repository/org/fusesource/leveldbjni/leveldbjni-all/1.8/leveldbjni-all-1.8.jar:"/>
    <property name="sun.cpu.endian" value="little"/>
    <property name="user.home" value="/home/user"/>
    <property name="user.language" value="en"/>
    <property name="java.specification.vendor" value="Oracle Corporation"/>
    <property name="java.home" value="/usr/lib/jvm/java-1.8-openjdk/jre"/>
    <property name="java.security.krb5.conf" value="/workdir/hadoop-ozone/integration-test/target/test-classes/krb5.conf"/>
    <property name="basedir" value="/workdir/hadoop-ozone/integration-test"/>
    <property name="file.separator" value="/"/>
    <property name="line.separator" value="&#10;"/>
    <property name="java.vm.specification.vendor" value="Oracle Corporation"/>
    <property name="java.specification.name" value="Java Platform API Specification"/>
    <property name="java.awt.graphicsenv" value="sun.awt.X11GraphicsEnvironment"/>
    <property name="surefire.real.class.path" value="/workdir/hadoop-ozone/integration-test/target/surefire/surefirebooter4481091537782178764.jar"/>
    <property name="hadoop.log.dir" value="/workdir/hadoop-ozone/integration-test/target/log"/>
    <property name="sun.boot.class.path" value="/usr/lib/jvm/java-1.8-openjdk/jre/lib/resources.jar:/usr/lib/jvm/java-1.8-openjdk/jre/lib/rt.jar:/usr/lib/jvm/java-1.8-openjdk/jre/lib/sunrsasign.jar:/usr/lib/jvm/java-1.8-openjdk/jre/lib/jsse.jar:/usr/lib/jvm/java-1.8-openjdk/jre/lib/jce.jar:/usr/lib/jvm/java-1.8-openjdk/jre/lib/charsets.jar:/usr/lib/jvm/java-1.8-openjdk/jre/lib/jfr.jar:/usr/lib/jvm/java-1.8-openjdk/jre/classes"/>
    <property name="sun.management.compiler" value="HotSpot 64-Bit Tiered Compilers"/>
    <property name="java.runtime.version" value="1.8.0_212-b04"/>
    <property name="java.net.preferIPv4Stack" value="true"/>
    <property name="user.name" value="jenkins1000"/>
    <property name="path.separator" value=":"/>
    <property name="java.security.egd" value="file:///dev/urandom"/>
    <property name="os.version" value="3.10.0-957.12.2.el7.x86_64"/>
    <property name="java.endorsed.dirs" value="/usr/lib/jvm/java-1.8-openjdk/jre/lib/endorsed"/>
    <property name="java.runtime.name" value="OpenJDK Runtime Environment"/>
    <property name="file.encoding" value="UTF-8"/>
    <property name="java.vm.name" value="OpenJDK 64-Bit Server VM"/>
    <property name="test.build.webapps" value=""/>
    <property name="localRepository" value="/home/user/.m2/repository"/>
    <property name="java.vendor.url.bug" value="https://icedtea.classpath.org/bugzilla"/>
    <property name="java.io.tmpdir" value="/tmp"/>
    <property name="require.test.libhadoop" value=""/>
    <property name="java.version" value="1.8.0_212"/>
    <property name="user.dir" value="/workdir/hadoop-ozone/integration-test"/>
    <property name="os.arch" value="amd64"/>
    <property name="java.vm.specification.name" value="Java Virtual Machine Specification"/>
    <property name="test.build.classes" value="/workdir/hadoop-ozone/integration-test/target/test-classes"/>
    <property name="java.awt.printerjob" value="sun.print.PSPrinterJob"/>
    <property name="sun.os.patch.level" value="unknown"/>
    <property name="hadoop.tmp.dir" value="/workdir/hadoop-ozone/integration-test/target/tmp"/>
    <property name="java.library.path" value="/usr/lib/jvm/java-1.8-openjdk/jre/lib/amd64/server:/usr/lib/jvm/java-1.8-openjdk/jre/lib/amd64:/usr/lib/jvm/java-1.8-openjdk/jre/../lib/amd64:/workdir/hadoop-ozone/integration-test/target/native/target/usr/local/lib:/workdir/hadoop-ozone/integration-test/../../hadoop-common-project/hadoop-common/target/native/target/usr/local/lib:/usr/java/packages/lib/amd64:/usr/lib64:/lib64:/lib:/usr/lib"/>
    <property name="java.vm.info" value="mixed mode"/>
    <property name="java.vendor" value="IcedTea"/>
    <property name="java.vm.version" value="25.212-b04"/>
    <property name="java.ext.dirs" value="/usr/lib/jvm/java-1.8-openjdk/jre/lib/ext:/usr/java/packages/lib/ext"/>
    <property name="sun.io.unicode.encoding" value="UnicodeLittle"/>
    <property name="java.class.version" value="52.0"/>
  </properties>
  <testcase name="testPipelineCloseWithPipelineAction" classname="org.apache.hadoop.hdds.scm.pipeline.TestPipelineClose" time="27.524">
    <failure message="Values should be different. Actual: PipelineID=7d4d64f9-a5ac-41c6-8edc-883676c37e0a" type="java.lang.AssertionError">java.lang.AssertionError: Values should be different. Actual: PipelineID=7d4d64f9-a5ac-41c6-8edc-883676c37e0a
	at org.junit.Assert.fail(Assert.java:88)
	at org.junit.Assert.failEquals(Assert.java:185)
	at org.junit.Assert.assertNotEquals(Assert.java:161)
	at org.junit.Assert.assertNotEquals(Assert.java:175)
	at org.apache.hadoop.hdds.scm.pipeline.TestPipelineClose.testPipelineCloseWithPipelineAction(TestPipelineClose.java:180)
	at sun.reflect.NativeMethodAccessorImpl.invoke0(Native Method)
	at sun.reflect.NativeMethodAccessorImpl.invoke(NativeMethodAccessorImpl.java:62)
	at sun.reflect.DelegatingMethodAccessorImpl.invoke(DelegatingMethodAccessorImpl.java:43)
	at java.lang.reflect.Method.invoke(Method.java:498)
	at org.junit.runners.model.FrameworkMethod$1.runReflectiveCall(FrameworkMethod.java:47)
	at org.junit.internal.runners.model.ReflectiveCallable.run(ReflectiveCallable.java:12)
	at org.junit.runners.model.FrameworkMethod.invokeExplosively(FrameworkMethod.java:44)
	at org.junit.internal.runners.statements.InvokeMethod.evaluate(InvokeMethod.java:17)
	at org.junit.internal.runners.statements.RunBefores.evaluate(RunBefores.java:26)
	at org.junit.internal.runners.statements.RunAfters.evaluate(RunAfters.java:27)
	at org.junit.runners.ParentRunner.runLeaf(ParentRunner.java:271)
	at org.junit.runners.BlockJUnit4ClassRunner.runChild(BlockJUnit4ClassRunner.java:70)
	at org.junit.runners.BlockJUnit4ClassRunner.runChild(BlockJUnit4ClassRunner.java:50)
	at org.junit.runners.ParentRunner$3.run(ParentRunner.java:238)
	at org.junit.runners.ParentRunner$1.schedule(ParentRunner.java:63)
	at org.junit.runners.ParentRunner.runChildren(ParentRunner.java:236)
	at org.junit.runners.ParentRunner.access$000(ParentRunner.java:53)
	at org.junit.runners.ParentRunner$2.evaluate(ParentRunner.java:229)
	at org.junit.runners.ParentRunner.run(ParentRunner.java:309)
	at org.apache.maven.surefire.junit4.JUnit4Provider.execute(JUnit4Provider.java:365)
	at org.apache.maven.surefire.junit4.JUnit4Provider.executeWithRerun(JUnit4Provider.java:273)
	at org.apache.maven.surefire.junit4.JUnit4Provider.executeTestSet(JUnit4Provider.java:238)
	at org.apache.maven.surefire.junit4.JUnit4Provider.invoke(JUnit4Provider.java:159)
	at org.apache.maven.surefire.booter.ForkedBooter.invokeProviderInSameClassLoader(ForkedBooter.java:384)
	at org.apache.maven.surefire.booter.ForkedBooter.runSuitesInProcess(ForkedBooter.java:345)
	at org.apache.maven.surefire.booter.ForkedBooter.execute(ForkedBooter.java:126)
	at org.apache.maven.surefire.booter.ForkedBooter.main(ForkedBooter.java:418)
</failure>
    <system-out><![CDATA[2019-08-21 08:22:08,067 WARN  server.ServerUtils (ServerUtils.java:getScmDbDir(145)) - ozone.scm.db.dirs is not configured. We recommend adding this setting. Falling back to ozone.metadata.dirs instead.
2019-08-21 08:22:08,180 WARN  server.ServerUtils (ServerUtils.java:getScmDbDir(145)) - ozone.scm.db.dirs is not configured. We recommend adding this setting. Falling back to ozone.metadata.dirs instead.
2019-08-21 08:22:08,183 WARN  server.ServerUtils (ServerUtils.java:getScmDbDir(145)) - ozone.scm.db.dirs is not configured. We recommend adding this setting. Falling back to ozone.metadata.dirs instead.
2019-08-21 08:22:08,201 INFO  util.log (Log.java:initialized(192)) - Logging initialized @932ms
2019-08-21 08:22:08,304 INFO  db.DBStoreBuilder (DBStoreBuilder.java:addTable(110)) - using custom profile for table: deletedBlocks
2019-08-21 08:22:08,305 INFO  db.DBStoreBuilder (DBStoreBuilder.java:processTables(161)) - Using default column profile:DBProfile.DISK for Table:deletedBlocks
2019-08-21 08:22:08,306 INFO  db.DBStoreBuilder (DBStoreBuilder.java:addTable(110)) - using custom profile for table: validCerts
2019-08-21 08:22:08,306 INFO  db.DBStoreBuilder (DBStoreBuilder.java:processTables(161)) - Using default column profile:DBProfile.DISK for Table:validCerts
2019-08-21 08:22:08,306 INFO  db.DBStoreBuilder (DBStoreBuilder.java:addTable(110)) - using custom profile for table: revokedCerts
2019-08-21 08:22:08,306 INFO  db.DBStoreBuilder (DBStoreBuilder.java:processTables(161)) - Using default column profile:DBProfile.DISK for Table:revokedCerts
2019-08-21 08:22:08,319 INFO  db.DBStoreBuilder (DBStoreBuilder.java:addTable(110)) - using custom profile for table: default
2019-08-21 08:22:08,319 INFO  db.DBStoreBuilder (DBStoreBuilder.java:processTables(167)) - Using default column profile:DBProfile.DISK for Table:default
2019-08-21 08:22:08,321 INFO  db.DBStoreBuilder (DBStoreBuilder.java:getDbProfile(198)) - Using default options. DBProfile.DISK
2019-08-21 08:22:08,575 INFO  net.NodeSchemaLoader (NodeSchemaLoader.java:loadSchemaFromFile(125)) - Loading file from sun.misc.CompoundEnumeration@3270d194
2019-08-21 08:22:08,577 INFO  net.NodeSchemaLoader (NodeSchemaLoader.java:loadSchema(171)) - Loading network topology layer schema file
2019-08-21 08:22:08,646 WARN  server.ServerUtils (ServerUtils.java:sanitizeUserArgs(70)) - ozone.scm.stale.node.interval value = 300000 is larger than max = 100000 based on the key value of ozone.scm.heartbeat.thread.interval, reset to the max value 100000.
2019-08-21 08:22:08,648 WARN  server.ServerUtils (ServerUtils.java:sanitizeUserArgs(70)) - ozone.scm.stale.node.interval value = 300000 is larger than max = 100000 based on the key value of ozone.scm.heartbeat.thread.interval, reset to the max value 100000.
2019-08-21 08:22:08,650 INFO  node.SCMNodeManager (SCMNodeManager.java:<init>(114)) - Entering startup safe mode.
2019-08-21 08:22:08,736 WARN  server.ServerUtils (ServerUtils.java:getScmDbDir(145)) - ozone.scm.db.dirs is not configured. We recommend adding this setting. Falling back to ozone.metadata.dirs instead.
2019-08-21 08:22:08,928 INFO  pipeline.SCMPipelineManager (SCMPipelineManager.java:initializePipelineState(126)) - No pipeline exists in current db
2019-08-21 08:22:08,930 WARN  server.ServerUtils (ServerUtils.java:getScmDbDir(145)) - ozone.scm.db.dirs is not configured. We recommend adding this setting. Falling back to ozone.metadata.dirs instead.
2019-08-21 08:22:09,017 WARN  events.EventQueue (EventQueue.java:fireEvent(183)) - No event handler registered for event TypedEvent{payloadType=SafeModeStatus, name='SafeModeStatus'}
2019-08-21 08:22:09,368 INFO  ipc.CallQueueManager (CallQueueManager.java:<init>(84)) - Using callQueue: class java.util.concurrent.LinkedBlockingQueue, queueCapacity: 2000, scheduler: class org.apache.hadoop.ipc.DefaultRpcScheduler, ipcBackoff: false.
2019-08-21 08:22:09,396 INFO  ipc.Server (Server.java:run(1074)) - Starting Socket Reader #1 for port 41754
2019-08-21 08:22:09,508 INFO  ipc.CallQueueManager (CallQueueManager.java:<init>(84)) - Using callQueue: class java.util.concurrent.LinkedBlockingQueue, queueCapacity: 2000, scheduler: class org.apache.hadoop.ipc.DefaultRpcScheduler, ipcBackoff: false.
2019-08-21 08:22:09,509 INFO  ipc.Server (Server.java:run(1074)) - Starting Socket Reader #1 for port 39137
2019-08-21 08:22:09,516 INFO  ipc.CallQueueManager (CallQueueManager.java:<init>(84)) - Using callQueue: class java.util.concurrent.LinkedBlockingQueue, queueCapacity: 2000, scheduler: class org.apache.hadoop.ipc.DefaultRpcScheduler, ipcBackoff: false.
2019-08-21 08:22:09,517 INFO  ipc.Server (Server.java:run(1074)) - Starting Socket Reader #1 for port 40268
2019-08-21 08:22:09,537 INFO  hdfs.DFSUtil (DFSUtil.java:httpServerTemplateForNNAndJN(1641)) - Starting Web-server for scm at: http://0.0.0.0:0
2019-08-21 08:22:09,668 INFO  server.AuthenticationFilter (AuthenticationFilter.java:constructSecretProvider(240)) - Unable to initialize FileSignerSecretProvider, falling back to use random secrets.
2019-08-21 08:22:09,676 WARN  http.HttpRequestLog (HttpRequestLog.java:getRequestLog(97)) - Jetty request log can only be enabled using Log4j
2019-08-21 08:22:09,687 INFO  http.HttpServer2 (HttpServer2.java:addGlobalFilter(975)) - Added global filter 'safety' (class=org.apache.hadoop.http.HttpServer2$QuotingInputFilter)
2019-08-21 08:22:09,692 INFO  http.HttpServer2 (HttpServer2.java:addFilter(948)) - Added filter static_user_filter (class=org.apache.hadoop.http.lib.StaticUserWebFilter$StaticUserFilter) to context scm
2019-08-21 08:22:09,692 INFO  http.HttpServer2 (HttpServer2.java:addFilter(958)) - Added filter static_user_filter (class=org.apache.hadoop.http.lib.StaticUserWebFilter$StaticUserFilter) to context logs
2019-08-21 08:22:09,692 INFO  http.HttpServer2 (HttpServer2.java:addFilter(958)) - Added filter static_user_filter (class=org.apache.hadoop.http.lib.StaticUserWebFilter$StaticUserFilter) to context static
2019-08-21 08:22:09,734 INFO  server.StorageContainerManager (StorageContainerManager.java:start(758)) - StorageContainerLocationProtocol RPC server is listening at /0.0.0.0:40268
2019-08-21 08:22:09,792 WARN  impl.MetricsConfig (MetricsConfig.java:loadFirst(134)) - Cannot locate configuration: tried hadoop-metrics2-storagecontainermanager.properties,hadoop-metrics2.properties
2019-08-21 08:22:09,803 INFO  impl.MetricsSystemImpl (MetricsSystemImpl.java:startTimer(374)) - Scheduled Metric snapshot period at 10 second(s).
2019-08-21 08:22:09,803 INFO  impl.MetricsSystemImpl (MetricsSystemImpl.java:start(191)) - StorageContainerManager metrics system started
2019-08-21 08:22:09,997 INFO  server.SCMClientProtocolServer (SCMClientProtocolServer.java:start(151)) - RPC server for Client  is listening at /0.0.0.0:40268
2019-08-21 08:22:09,998 INFO  ipc.Server (Server.java:run(1153)) - IPC Server listener on 40268: starting
2019-08-21 08:22:09,998 INFO  ipc.Server (Server.java:run(1314)) - IPC Server Responder: starting
2019-08-21 08:22:10,001 INFO  server.StorageContainerManager (StorageContainerManager.java:start(768)) - ScmBlockLocationProtocol RPC server is listening at /0.0.0.0:39137
2019-08-21 08:22:10,003 INFO  server.SCMBlockProtocolServer (SCMBlockProtocolServer.java:start(146)) - RPC server for Block Protocol is listening at /0.0.0.0:39137
2019-08-21 08:22:10,004 INFO  ipc.Server (Server.java:run(1314)) - IPC Server Responder: starting
2019-08-21 08:22:10,004 INFO  ipc.Server (Server.java:run(1153)) - IPC Server listener on 39137: starting
2019-08-21 08:22:10,007 INFO  server.StorageContainerManager (StorageContainerManager.java:start(772)) - ScmDatanodeProtocl RPC server is listening at /0.0.0.0:41754
2019-08-21 08:22:10,007 INFO  server.SCMDatanodeProtocolServer (SCMDatanodeProtocolServer.java:start(191)) - RPC server for DataNodes is listening at /0.0.0.0:41754
2019-08-21 08:22:10,008 INFO  ipc.Server (Server.java:run(1314)) - IPC Server Responder: starting
2019-08-21 08:22:10,008 INFO  ipc.Server (Server.java:run(1153)) - IPC Server listener on 41754: starting
2019-08-21 08:22:10,012 INFO  http.HttpServer2 (HttpServer2.java:bindListener(1191)) - Jetty bound to port 46232
2019-08-21 08:22:10,015 INFO  server.Server (Server.java:doStart(351)) - jetty-9.3.24.v20180605, build timestamp: 2018-06-05T17:11:56Z, git hash: 84205aa28f11a4f31f2a3b86d1bba2cc8ab69827
2019-08-21 08:22:10,066 INFO  handler.ContextHandler (ContextHandler.java:doStart(781)) - Started o.e.j.s.ServletContextHandler@6ff65192{/logs,file:///workdir/hadoop-ozone/integration-test/target/log,AVAILABLE}
2019-08-21 08:22:10,067 INFO  handler.ContextHandler (ContextHandler.java:doStart(781)) - Started o.e.j.s.ServletContextHandler@4af0df05{/static,file:///workdir/hadoop-ozone/integration-test/target/test-classes/webapps/static,AVAILABLE}
2019-08-21 08:22:10,104 INFO  handler.ContextHandler (ContextHandler.java:doStart(781)) - Started o.e.j.w.WebAppContext@2c4ca0f9{/,file:///workdir/hadoop-ozone/integration-test/target/test-classes/webapps/scm/,AVAILABLE}{/scm}
2019-08-21 08:22:10,110 INFO  server.AbstractConnector (AbstractConnector.java:doStart(278)) - Started ServerConnector@7555b920{HTTP/1.1,[http/1.1]}{0.0.0.0:46232}
2019-08-21 08:22:10,111 INFO  server.Server (Server.java:doStart(419)) - Started @2842ms
2019-08-21 08:22:10,113 INFO  impl.MetricsSinkAdapter (MetricsSinkAdapter.java:start(204)) - Sink prometheus started
2019-08-21 08:22:10,113 INFO  impl.MetricsSystemImpl (MetricsSystemImpl.java:registerSink(301)) - Registered sink prometheus
2019-08-21 08:22:10,115 INFO  server.BaseHttpServer (BaseHttpServer.java:updateConnectorAddress(215)) - HTTP server of SCM is listening at http://0.0.0.0:46232
2019-08-21 08:22:10,121 INFO  util.JvmPauseMonitor (JvmPauseMonitor.java:run(188)) - Starting JVM pause monitor
2019-08-21 08:22:10,126 WARN  server.ServerUtils (ServerUtils.java:getDBPath(222)) - ozone.om.db.dirs is not configured. We recommend adding this setting. Falling back to ozone.metadata.dirs instead.
2019-08-21 08:22:10,242 WARN  server.ServerUtils (ServerUtils.java:getDBPath(222)) - ozone.om.db.dirs is not configured. We recommend adding this setting. Falling back to ozone.metadata.dirs instead.
2019-08-21 08:22:10,243 WARN  server.ServerUtils (ServerUtils.java:getDBPath(222)) - ozone.om.db.dirs is not configured. We recommend adding this setting. Falling back to ozone.metadata.dirs instead.
2019-08-21 08:22:10,244 INFO  om.OzoneManager (OzoneManager.java:setOMNodeDetails(654)) - OM Service ID is not set. Setting it to the default ID: omServiceIdDefault
2019-08-21 08:22:10,245 INFO  om.OzoneManager (OzoneManager.java:setOMNodeDetails(660)) - OM Node ID is not set. Setting it to the OmStorage's OmID: 2f238d06-d2e0-45e4-a52c-d357c63f0853
2019-08-21 08:22:10,246 INFO  om.OzoneManager (OzoneManager.java:loadOMHAConfigs(611)) - Found matching OM address with OMServiceId: null, OMNodeId: null, RPC Address: localhost:0 and Ratis port: 9872
2019-08-21 08:22:10,990 WARN  server.ServerUtils (ServerUtils.java:getDBPath(222)) - ozone.om.db.dirs is not configured. We recommend adding this setting. Falling back to ozone.metadata.dirs instead.
2019-08-21 08:22:10,998 INFO  db.DBStoreBuilder (DBStoreBuilder.java:addTable(110)) - using custom profile for table: userTable
2019-08-21 08:22:10,998 INFO  db.DBStoreBuilder (DBStoreBuilder.java:processTables(161)) - Using default column profile:DBProfile.DISK for Table:userTable
2019-08-21 08:22:10,998 INFO  db.DBStoreBuilder (DBStoreBuilder.java:addTable(110)) - using custom profile for table: volumeTable
2019-08-21 08:22:10,998 INFO  db.DBStoreBuilder (DBStoreBuilder.java:processTables(161)) - Using default column profile:DBProfile.DISK for Table:volumeTable
2019-08-21 08:22:10,999 INFO  db.DBStoreBuilder (DBStoreBuilder.java:addTable(110)) - using custom profile for table: bucketTable
2019-08-21 08:22:10,999 INFO  db.DBStoreBuilder (DBStoreBuilder.java:processTables(161)) - Using default column profile:DBProfile.DISK for Table:bucketTable
2019-08-21 08:22:10,999 INFO  db.DBStoreBuilder (DBStoreBuilder.java:addTable(110)) - using custom profile for table: keyTable
2019-08-21 08:22:11,000 INFO  db.DBStoreBuilder (DBStoreBuilder.java:processTables(161)) - Using default column profile:DBProfile.DISK for Table:keyTable
2019-08-21 08:22:11,000 INFO  db.DBStoreBuilder (DBStoreBuilder.java:addTable(110)) - using custom profile for table: deletedTable
2019-08-21 08:22:11,000 INFO  db.DBStoreBuilder (DBStoreBuilder.java:processTables(161)) - Using default column profile:DBProfile.DISK for Table:deletedTable
2019-08-21 08:22:11,000 INFO  db.DBStoreBuilder (DBStoreBuilder.java:addTable(110)) - using custom profile for table: openKeyTable
2019-08-21 08:22:11,001 INFO  db.DBStoreBuilder (DBStoreBuilder.java:processTables(161)) - Using default column profile:DBProfile.DISK for Table:openKeyTable
2019-08-21 08:22:11,001 INFO  db.DBStoreBuilder (DBStoreBuilder.java:addTable(110)) - using custom profile for table: s3Table
2019-08-21 08:22:11,001 INFO  db.DBStoreBuilder (DBStoreBuilder.java:processTables(161)) - Using default column profile:DBProfile.DISK for Table:s3Table
2019-08-21 08:22:11,001 INFO  db.DBStoreBuilder (DBStoreBuilder.java:addTable(110)) - using custom profile for table: multipartInfoTable
2019-08-21 08:22:11,002 INFO  db.DBStoreBuilder (DBStoreBuilder.java:processTables(161)) - Using default column profile:DBProfile.DISK for Table:multipartInfoTable
2019-08-21 08:22:11,002 INFO  db.DBStoreBuilder (DBStoreBuilder.java:addTable(110)) - using custom profile for table: dTokenTable
2019-08-21 08:22:11,002 INFO  db.DBStoreBuilder (DBStoreBuilder.java:processTables(161)) - Using default column profile:DBProfile.DISK for Table:dTokenTable
2019-08-21 08:22:11,002 INFO  db.DBStoreBuilder (DBStoreBuilder.java:addTable(110)) - using custom profile for table: s3SecretTable
2019-08-21 08:22:11,003 INFO  db.DBStoreBuilder (DBStoreBuilder.java:processTables(161)) - Using default column profile:DBProfile.DISK for Table:s3SecretTable
2019-08-21 08:22:11,003 INFO  db.DBStoreBuilder (DBStoreBuilder.java:addTable(110)) - using custom profile for table: prefixTable
2019-08-21 08:22:11,003 INFO  db.DBStoreBuilder (DBStoreBuilder.java:processTables(161)) - Using default column profile:DBProfile.DISK for Table:prefixTable
2019-08-21 08:22:11,003 INFO  db.DBStoreBuilder (DBStoreBuilder.java:addTable(110)) - using custom profile for table: default
2019-08-21 08:22:11,004 INFO  db.DBStoreBuilder (DBStoreBuilder.java:processTables(167)) - Using default column profile:DBProfile.DISK for Table:default
2019-08-21 08:22:11,004 INFO  db.DBStoreBuilder (DBStoreBuilder.java:getDbProfile(198)) - Using default options. DBProfile.DISK
2019-08-21 08:22:11,462 INFO  ipc.CallQueueManager (CallQueueManager.java:<init>(84)) - Using callQueue: class java.util.concurrent.LinkedBlockingQueue, queueCapacity: 2000, scheduler: class org.apache.hadoop.ipc.DefaultRpcScheduler, ipcBackoff: false.
2019-08-21 08:22:11,463 INFO  ipc.Server (Server.java:run(1074)) - Starting Socket Reader #1 for port 45153
2019-08-21 08:22:11,484 INFO  om.OzoneManager (OzoneManager.java:start(1268)) - OzoneManager RPC server is listening at localhost/127.0.0.1:45153
2019-08-21 08:22:11,485 INFO  impl.MetricsSystemImpl (MetricsSystemImpl.java:init(158)) - OzoneManager metrics system started (again)
2019-08-21 08:22:11,486 INFO  ipc.Server (Server.java:run(1314)) - IPC Server Responder: starting
2019-08-21 08:22:11,486 INFO  ipc.Server (Server.java:run(1153)) - IPC Server listener on 45153: starting
2019-08-21 08:22:11,491 INFO  hdfs.DFSUtil (DFSUtil.java:httpServerTemplateForNNAndJN(1641)) - Starting Web-server for ozoneManager at: http://0.0.0.0:0
2019-08-21 08:22:11,492 INFO  server.AuthenticationFilter (AuthenticationFilter.java:constructSecretProvider(240)) - Unable to initialize FileSignerSecretProvider, falling back to use random secrets.
2019-08-21 08:22:11,493 WARN  http.HttpRequestLog (HttpRequestLog.java:getRequestLog(97)) - Jetty request log can only be enabled using Log4j
2019-08-21 08:22:11,495 INFO  http.HttpServer2 (HttpServer2.java:addGlobalFilter(975)) - Added global filter 'safety' (class=org.apache.hadoop.http.HttpServer2$QuotingInputFilter)
2019-08-21 08:22:11,496 INFO  http.HttpServer2 (HttpServer2.java:addFilter(948)) - Added filter static_user_filter (class=org.apache.hadoop.http.lib.StaticUserWebFilter$StaticUserFilter) to context ozoneManager
2019-08-21 08:22:11,496 INFO  http.HttpServer2 (HttpServer2.java:addFilter(958)) - Added filter static_user_filter (class=org.apache.hadoop.http.lib.StaticUserWebFilter$StaticUserFilter) to context static
2019-08-21 08:22:11,496 INFO  http.HttpServer2 (HttpServer2.java:addFilter(958)) - Added filter static_user_filter (class=org.apache.hadoop.http.lib.StaticUserWebFilter$StaticUserFilter) to context logs
2019-08-21 08:22:11,499 INFO  http.HttpServer2 (HttpServer2.java:bindListener(1191)) - Jetty bound to port 40148
2019-08-21 08:22:11,499 INFO  server.Server (Server.java:doStart(351)) - jetty-9.3.24.v20180605, build timestamp: 2018-06-05T17:11:56Z, git hash: 84205aa28f11a4f31f2a3b86d1bba2cc8ab69827
2019-08-21 08:22:11,501 INFO  handler.ContextHandler (ContextHandler.java:doStart(781)) - Started o.e.j.s.ServletContextHandler@76954a33{/logs,file:///workdir/hadoop-ozone/integration-test/target/log,AVAILABLE}
2019-08-21 08:22:11,502 INFO  handler.ContextHandler (ContextHandler.java:doStart(781)) - Started o.e.j.s.ServletContextHandler@982bb90{/static,file:///workdir/hadoop-ozone/integration-test/target/test-classes/webapps/static,AVAILABLE}
2019-08-21 08:22:11,508 INFO  handler.ContextHandler (ContextHandler.java:doStart(781)) - Started o.e.j.w.WebAppContext@1bc425e7{/,file:///workdir/hadoop-ozone/integration-test/target/test-classes/webapps/ozoneManager/,AVAILABLE}{/ozoneManager}
2019-08-21 08:22:11,509 INFO  server.AbstractConnector (AbstractConnector.java:doStart(278)) - Started ServerConnector@4b2a30d{HTTP/1.1,[http/1.1]}{0.0.0.0:40148}
2019-08-21 08:22:11,510 INFO  server.Server (Server.java:doStart(419)) - Started @4241ms
2019-08-21 08:22:11,510 WARN  impl.MetricsSystemImpl (MetricsSystemImpl.java:register(276)) - Sink prometheus already exists!
2019-08-21 08:22:11,511 INFO  server.BaseHttpServer (BaseHttpServer.java:updateConnectorAddress(215)) - HTTP server of OZONEMANAGER is listening at http://0.0.0.0:40148
2019-08-21 08:22:11,783 INFO  impl.MetricsSystemImpl (MetricsSystemImpl.java:init(158)) - HddsDatanode metrics system started (again)
2019-08-21 08:22:11,832 INFO  ozone.HddsDatanodeService (HddsDatanodeService.java:start(184)) - HddsDatanodeService host:pr-hdds-1935-7zzrp-4268841518 ip:192.168.5.147
2019-08-21 08:22:11,861 INFO  volume.HddsVolume (HddsVolume.java:<init>(176)) - Creating Volume: /workdir/hadoop-ozone/integration-test/target/test-dir/MiniOzoneClusterImpl-3166a320-3ece-43b3-a0c7-a35313954d70/datanode-0/data/containers/hdds of  storage type : DISK and capacity : 1482555576320
2019-08-21 08:22:11,864 INFO  volume.VolumeSet (VolumeSet.java:initializeVolumeSet(170)) - Added Volume : /workdir/hadoop-ozone/integration-test/target/test-dir/MiniOzoneClusterImpl-3166a320-3ece-43b3-a0c7-a35313954d70/datanode-0/data/containers/hdds to VolumeSet
2019-08-21 08:22:11,867 INFO  volume.ThrottledAsyncChecker (ThrottledAsyncChecker.java:schedule(140)) - Scheduling a check for org.apache.hadoop.ozone.container.common.volume.HddsVolume@24e08d59
2019-08-21 08:22:11,887 INFO  volume.HddsVolumeChecker (HddsVolumeChecker.java:checkAllVolumes(203)) - Scheduled health check for volume org.apache.hadoop.ozone.container.common.volume.HddsVolume@24e08d59
2019-08-21 08:22:12,032 INFO  impl.RaftServerProxy (ConfUtils.java:logGet(43)) - raft.rpc.type = GRPC (default)
2019-08-21 08:22:12,097 INFO  grpc.GrpcFactory (GrpcFactory.java:checkPooledByteBufAllocatorUseCacheForAllThreads(45)) - PERFORMANCE WARNING: useCacheForAllThreads is true that may cause Netty to create a lot garbage objects and, as a result, trigger GC.
	It is recommended to disable useCacheForAllThreads by setting -Dorg.apache.ratis.thirdparty.io.netty.allocator.useCacheForAllThreads=false in command line.
2019-08-21 08:22:12,102 INFO  grpc.GrpcConfigKeys$Server (ConfUtils.java:logGet(43)) - raft.grpc.server.port = 0 (default)
2019-08-21 08:22:12,102 INFO  server.GrpcService (ConfUtils.java:logGet(43)) - raft.grpc.message.size.max = 33570816 (custom)
2019-08-21 08:22:12,104 INFO  server.RaftServerConfigKeys (ConfUtils.java:logGet(43)) - raft.server.log.appender.buffer.byte-limit = 33554432 (custom)
2019-08-21 08:22:12,105 INFO  server.GrpcService (ConfUtils.java:logGet(43)) - raft.grpc.flow.control.window = 1MB (=1048576) (default)
2019-08-21 08:22:12,106 INFO  server.RaftServerConfigKeys (ConfUtils.java:logGet(43)) - raft.server.rpc.request.timeout = 3000ms (default)
2019-08-21 08:22:12,282 INFO  server.RaftServerConfigKeys (ConfUtils.java:logGet(43)) - raft.server.storage.dir = [/workdir/hadoop-ozone/integration-test/target/test-dir/MiniOzoneClusterImpl-3166a320-3ece-43b3-a0c7-a35313954d70/datanode-0/data/ratis] (custom)
2019-08-21 08:22:12,318 INFO  replication.SimpleContainerDownloader (SimpleContainerDownloader.java:<init>(72)) - Starting container downloader service to copy containers to replicate.
2019-08-21 08:22:12,333 INFO  hdfs.DFSUtil (DFSUtil.java:httpServerTemplateForNNAndJN(1641)) - Starting Web-server for hddsDatanode at: http://0.0.0.0:0
2019-08-21 08:22:12,335 INFO  server.AuthenticationFilter (AuthenticationFilter.java:constructSecretProvider(240)) - Unable to initialize FileSignerSecretProvider, falling back to use random secrets.
2019-08-21 08:22:12,336 WARN  http.HttpRequestLog (HttpRequestLog.java:getRequestLog(97)) - Jetty request log can only be enabled using Log4j
2019-08-21 08:22:12,338 INFO  http.HttpServer2 (HttpServer2.java:addGlobalFilter(975)) - Added global filter 'safety' (class=org.apache.hadoop.http.HttpServer2$QuotingInputFilter)
2019-08-21 08:22:12,338 INFO  http.HttpServer2 (HttpServer2.java:addFilter(948)) - Added filter static_user_filter (class=org.apache.hadoop.http.lib.StaticUserWebFilter$StaticUserFilter) to context hddsDatanode
2019-08-21 08:22:12,338 INFO  http.HttpServer2 (HttpServer2.java:addFilter(958)) - Added filter static_user_filter (class=org.apache.hadoop.http.lib.StaticUserWebFilter$StaticUserFilter) to context logs
2019-08-21 08:22:12,339 INFO  http.HttpServer2 (HttpServer2.java:addFilter(958)) - Added filter static_user_filter (class=org.apache.hadoop.http.lib.StaticUserWebFilter$StaticUserFilter) to context static
2019-08-21 08:22:12,340 INFO  http.HttpServer2 (HttpServer2.java:bindListener(1191)) - Jetty bound to port 43768
2019-08-21 08:22:12,340 INFO  server.Server (Server.java:doStart(351)) - jetty-9.3.24.v20180605, build timestamp: 2018-06-05T17:11:56Z, git hash: 84205aa28f11a4f31f2a3b86d1bba2cc8ab69827
2019-08-21 08:22:12,342 INFO  handler.ContextHandler (ContextHandler.java:doStart(781)) - Started o.e.j.s.ServletContextHandler@52e04737{/logs,file:///workdir/hadoop-ozone/integration-test/target/log,AVAILABLE}
2019-08-21 08:22:12,343 INFO  handler.ContextHandler (ContextHandler.java:doStart(781)) - Started o.e.j.s.ServletContextHandler@1a4d1ab7{/static,jar:file:/home/user/.m2/repository/org/apache/hadoop/hadoop-hdds-container-service/0.5.0-SNAPSHOT/hadoop-hdds-container-service-0.5.0-SNAPSHOT.jar!/webapps/static,AVAILABLE}
2019-08-21 08:22:12,373 INFO  handler.ContextHandler (ContextHandler.java:doStart(781)) - Started o.e.j.w.WebAppContext@14b789f6{/,file:///tmp/jetty-0.0.0.0-43768-hddsDatanode-_-any-1045350722554513682.dir/webapp/,AVAILABLE}{/hddsDatanode}
2019-08-21 08:22:12,375 INFO  server.AbstractConnector (AbstractConnector.java:doStart(278)) - Started ServerConnector@6eb17ec8{HTTP/1.1,[http/1.1]}{0.0.0.0:43768}
2019-08-21 08:22:12,375 INFO  server.Server (Server.java:doStart(419)) - Started @5107ms
2019-08-21 08:22:12,376 WARN  impl.MetricsSystemImpl (MetricsSystemImpl.java:register(276)) - Sink prometheus already exists!
2019-08-21 08:22:12,376 INFO  server.BaseHttpServer (BaseHttpServer.java:updateConnectorAddress(215)) - HTTP server of HDDSDATANODE is listening at http://0.0.0.0:43768
2019-08-21 08:22:13,444 INFO  ozone.HddsDatanodeService (HddsDatanodeService.java:startPlugins(395)) - Started plug-in org.apache.hadoop.ozone.web.OzoneHddsDatanodeService@36c7cbe1
2019-08-21 08:22:13,446 INFO  impl.MetricsSystemImpl (MetricsSystemImpl.java:init(158)) - HddsDatanode metrics system started (again)
2019-08-21 08:22:13,449 INFO  ozone.HddsDatanodeService (HddsDatanodeService.java:start(184)) - HddsDatanodeService host:pr-hdds-1935-7zzrp-4268841518 ip:192.168.5.147
2019-08-21 08:22:13,451 INFO  util.JvmPauseMonitor (JvmPauseMonitor.java:run(188)) - Starting JVM pause monitor
2019-08-21 08:22:13,458 INFO  volume.HddsVolume (HddsVolume.java:<init>(176)) - Creating Volume: /workdir/hadoop-ozone/integration-test/target/test-dir/MiniOzoneClusterImpl-3166a320-3ece-43b3-a0c7-a35313954d70/datanode-1/data/containers/hdds of  storage type : DISK and capacity : 1482555576320
2019-08-21 08:22:13,458 INFO  volume.VolumeSet (VolumeSet.java:initializeVolumeSet(170)) - Added Volume : /workdir/hadoop-ozone/integration-test/target/test-dir/MiniOzoneClusterImpl-3166a320-3ece-43b3-a0c7-a35313954d70/datanode-1/data/containers/hdds to VolumeSet
2019-08-21 08:22:13,459 INFO  volume.ThrottledAsyncChecker (ThrottledAsyncChecker.java:schedule(140)) - Scheduling a check for org.apache.hadoop.ozone.container.common.volume.HddsVolume@6dca31eb
2019-08-21 08:22:13,460 INFO  volume.HddsVolumeChecker (HddsVolumeChecker.java:checkAllVolumes(203)) - Scheduled health check for volume org.apache.hadoop.ozone.container.common.volume.HddsVolume@6dca31eb
2019-08-21 08:22:13,477 INFO  impl.RaftServerProxy (ConfUtils.java:logGet(43)) - raft.rpc.type = GRPC (default)
2019-08-21 08:22:13,478 INFO  grpc.GrpcFactory (GrpcFactory.java:checkPooledByteBufAllocatorUseCacheForAllThreads(45)) - PERFORMANCE WARNING: useCacheForAllThreads is true that may cause Netty to create a lot garbage objects and, as a result, trigger GC.
	It is recommended to disable useCacheForAllThreads by setting -Dorg.apache.ratis.thirdparty.io.netty.allocator.useCacheForAllThreads=false in command line.
2019-08-21 08:22:13,478 INFO  grpc.GrpcConfigKeys$Server (ConfUtils.java:logGet(43)) - raft.grpc.server.port = 0 (default)
2019-08-21 08:22:13,478 INFO  server.GrpcService (ConfUtils.java:logGet(43)) - raft.grpc.message.size.max = 33570816 (custom)
2019-08-21 08:22:13,478 INFO  server.RaftServerConfigKeys (ConfUtils.java:logGet(43)) - raft.server.log.appender.buffer.byte-limit = 33554432 (custom)
2019-08-21 08:22:13,478 INFO  server.GrpcService (ConfUtils.java:logGet(43)) - raft.grpc.flow.control.window = 1MB (=1048576) (default)
2019-08-21 08:22:13,479 INFO  server.RaftServerConfigKeys (ConfUtils.java:logGet(43)) - raft.server.rpc.request.timeout = 3000ms (default)
2019-08-21 08:22:13,479 INFO  server.RaftServerConfigKeys (ConfUtils.java:logGet(43)) - raft.server.storage.dir = [/workdir/hadoop-ozone/integration-test/target/test-dir/MiniOzoneClusterImpl-3166a320-3ece-43b3-a0c7-a35313954d70/datanode-1/data/ratis] (custom)
2019-08-21 08:22:13,480 INFO  replication.SimpleContainerDownloader (SimpleContainerDownloader.java:<init>(72)) - Starting container downloader service to copy containers to replicate.
2019-08-21 08:22:13,481 INFO  hdfs.DFSUtil (DFSUtil.java:httpServerTemplateForNNAndJN(1641)) - Starting Web-server for hddsDatanode at: http://0.0.0.0:0
2019-08-21 08:22:13,483 INFO  server.AuthenticationFilter (AuthenticationFilter.java:constructSecretProvider(240)) - Unable to initialize FileSignerSecretProvider, falling back to use random secrets.
2019-08-21 08:22:13,483 WARN  http.HttpRequestLog (HttpRequestLog.java:getRequestLog(97)) - Jetty request log can only be enabled using Log4j
2019-08-21 08:22:13,485 INFO  http.HttpServer2 (HttpServer2.java:addGlobalFilter(975)) - Added global filter 'safety' (class=org.apache.hadoop.http.HttpServer2$QuotingInputFilter)
2019-08-21 08:22:13,486 INFO  http.HttpServer2 (HttpServer2.java:addFilter(948)) - Added filter static_user_filter (class=org.apache.hadoop.http.lib.StaticUserWebFilter$StaticUserFilter) to context hddsDatanode
2019-08-21 08:22:13,486 INFO  http.HttpServer2 (HttpServer2.java:addFilter(958)) - Added filter static_user_filter (class=org.apache.hadoop.http.lib.StaticUserWebFilter$StaticUserFilter) to context logs
2019-08-21 08:22:13,486 INFO  http.HttpServer2 (HttpServer2.java:addFilter(958)) - Added filter static_user_filter (class=org.apache.hadoop.http.lib.StaticUserWebFilter$StaticUserFilter) to context static
2019-08-21 08:22:13,487 INFO  http.HttpServer2 (HttpServer2.java:bindListener(1191)) - Jetty bound to port 33943
2019-08-21 08:22:13,487 INFO  server.Server (Server.java:doStart(351)) - jetty-9.3.24.v20180605, build timestamp: 2018-06-05T17:11:56Z, git hash: 84205aa28f11a4f31f2a3b86d1bba2cc8ab69827
2019-08-21 08:22:13,491 INFO  handler.ContextHandler (ContextHandler.java:doStart(781)) - Started o.e.j.s.ServletContextHandler@4d4436d0{/logs,file:///workdir/hadoop-ozone/integration-test/target/log,AVAILABLE}
2019-08-21 08:22:13,492 INFO  handler.ContextHandler (ContextHandler.java:doStart(781)) - Started o.e.j.s.ServletContextHandler@2443abd6{/static,jar:file:/home/user/.m2/repository/org/apache/hadoop/hadoop-hdds-container-service/0.5.0-SNAPSHOT/hadoop-hdds-container-service-0.5.0-SNAPSHOT.jar!/webapps/static,AVAILABLE}
2019-08-21 08:22:13,518 INFO  handler.ContextHandler (ContextHandler.java:doStart(781)) - Started o.e.j.w.WebAppContext@4e80a001{/,file:///tmp/jetty-0.0.0.0-33943-hddsDatanode-_-any-6281164253931107039.dir/webapp/,AVAILABLE}{/hddsDatanode}
2019-08-21 08:22:13,518 INFO  server.AbstractConnector (AbstractConnector.java:doStart(278)) - Started ServerConnector@624b523{HTTP/1.1,[http/1.1]}{0.0.0.0:33943}
2019-08-21 08:22:13,519 INFO  server.Server (Server.java:doStart(419)) - Started @6251ms
2019-08-21 08:22:13,520 WARN  impl.MetricsSystemImpl (MetricsSystemImpl.java:register(276)) - Sink prometheus already exists!
2019-08-21 08:22:13,521 INFO  server.BaseHttpServer (BaseHttpServer.java:updateConnectorAddress(215)) - HTTP server of HDDSDATANODE is listening at http://0.0.0.0:33943
2019-08-21 08:22:13,548 INFO  datanode.InitDatanodeState (InitDatanodeState.java:persistContainerDatanodeDetails(140)) - DatanodeDetails is persisted to /workdir/hadoop-ozone/integration-test/target/test-dir/MiniOzoneClusterImpl-3166a320-3ece-43b3-a0c7-a35313954d70/datanode-0/meta/datanode.id
2019-08-21 08:22:13,645 INFO  ozone.HddsDatanodeService (HddsDatanodeService.java:startPlugins(395)) - Started plug-in org.apache.hadoop.ozone.web.OzoneHddsDatanodeService@2c3158e0
2019-08-21 08:22:13,645 INFO  impl.MetricsSystemImpl (MetricsSystemImpl.java:init(158)) - HddsDatanode metrics system started (again)
2019-08-21 08:22:13,648 INFO  ozone.HddsDatanodeService (HddsDatanodeService.java:start(184)) - HddsDatanodeService host:pr-hdds-1935-7zzrp-4268841518 ip:192.168.5.147
2019-08-21 08:22:13,648 INFO  util.JvmPauseMonitor (JvmPauseMonitor.java:run(188)) - Starting JVM pause monitor
2019-08-21 08:22:13,656 INFO  volume.HddsVolume (HddsVolume.java:<init>(176)) - Creating Volume: /workdir/hadoop-ozone/integration-test/target/test-dir/MiniOzoneClusterImpl-3166a320-3ece-43b3-a0c7-a35313954d70/datanode-2/data/containers/hdds of  storage type : DISK and capacity : 1482555576320
2019-08-21 08:22:13,656 INFO  volume.VolumeSet (VolumeSet.java:initializeVolumeSet(170)) - Added Volume : /workdir/hadoop-ozone/integration-test/target/test-dir/MiniOzoneClusterImpl-3166a320-3ece-43b3-a0c7-a35313954d70/datanode-2/data/containers/hdds to VolumeSet
2019-08-21 08:22:13,656 INFO  volume.ThrottledAsyncChecker (ThrottledAsyncChecker.java:schedule(140)) - Scheduling a check for org.apache.hadoop.ozone.container.common.volume.HddsVolume@31834a2b
2019-08-21 08:22:13,657 INFO  datanode.InitDatanodeState (InitDatanodeState.java:persistContainerDatanodeDetails(140)) - DatanodeDetails is persisted to /workdir/hadoop-ozone/integration-test/target/test-dir/MiniOzoneClusterImpl-3166a320-3ece-43b3-a0c7-a35313954d70/datanode-1/meta/datanode.id
2019-08-21 08:22:13,657 INFO  volume.HddsVolumeChecker (HddsVolumeChecker.java:checkAllVolumes(203)) - Scheduled health check for volume org.apache.hadoop.ozone.container.common.volume.HddsVolume@31834a2b
2019-08-21 08:22:13,671 INFO  impl.RaftServerProxy (ConfUtils.java:logGet(43)) - raft.rpc.type = GRPC (default)
2019-08-21 08:22:13,671 INFO  grpc.GrpcFactory (GrpcFactory.java:checkPooledByteBufAllocatorUseCacheForAllThreads(45)) - PERFORMANCE WARNING: useCacheForAllThreads is true that may cause Netty to create a lot garbage objects and, as a result, trigger GC.
	It is recommended to disable useCacheForAllThreads by setting -Dorg.apache.ratis.thirdparty.io.netty.allocator.useCacheForAllThreads=false in command line.
2019-08-21 08:22:13,671 INFO  grpc.GrpcConfigKeys$Server (ConfUtils.java:logGet(43)) - raft.grpc.server.port = 0 (default)
2019-08-21 08:22:13,671 INFO  server.GrpcService (ConfUtils.java:logGet(43)) - raft.grpc.message.size.max = 33570816 (custom)
2019-08-21 08:22:13,672 INFO  server.RaftServerConfigKeys (ConfUtils.java:logGet(43)) - raft.server.log.appender.buffer.byte-limit = 33554432 (custom)
2019-08-21 08:22:13,672 INFO  server.GrpcService (ConfUtils.java:logGet(43)) - raft.grpc.flow.control.window = 1MB (=1048576) (default)
2019-08-21 08:22:13,672 INFO  server.RaftServerConfigKeys (ConfUtils.java:logGet(43)) - raft.server.rpc.request.timeout = 3000ms (default)
2019-08-21 08:22:13,673 INFO  server.RaftServerConfigKeys (ConfUtils.java:logGet(43)) - raft.server.storage.dir = [/workdir/hadoop-ozone/integration-test/target/test-dir/MiniOzoneClusterImpl-3166a320-3ece-43b3-a0c7-a35313954d70/datanode-2/data/ratis] (custom)
2019-08-21 08:22:13,673 INFO  replication.SimpleContainerDownloader (SimpleContainerDownloader.java:<init>(72)) - Starting container downloader service to copy containers to replicate.
2019-08-21 08:22:13,674 INFO  hdfs.DFSUtil (DFSUtil.java:httpServerTemplateForNNAndJN(1641)) - Starting Web-server for hddsDatanode at: http://0.0.0.0:0
2019-08-21 08:22:13,675 INFO  server.AuthenticationFilter (AuthenticationFilter.java:constructSecretProvider(240)) - Unable to initialize FileSignerSecretProvider, falling back to use random secrets.
2019-08-21 08:22:13,676 WARN  http.HttpRequestLog (HttpRequestLog.java:getRequestLog(97)) - Jetty request log can only be enabled using Log4j
2019-08-21 08:22:13,677 INFO  http.HttpServer2 (HttpServer2.java:addGlobalFilter(975)) - Added global filter 'safety' (class=org.apache.hadoop.http.HttpServer2$QuotingInputFilter)
2019-08-21 08:22:13,678 INFO  http.HttpServer2 (HttpServer2.java:addFilter(948)) - Added filter static_user_filter (class=org.apache.hadoop.http.lib.StaticUserWebFilter$StaticUserFilter) to context hddsDatanode
2019-08-21 08:22:13,678 INFO  http.HttpServer2 (HttpServer2.java:addFilter(958)) - Added filter static_user_filter (class=org.apache.hadoop.http.lib.StaticUserWebFilter$StaticUserFilter) to context logs
2019-08-21 08:22:13,678 INFO  http.HttpServer2 (HttpServer2.java:addFilter(958)) - Added filter static_user_filter (class=org.apache.hadoop.http.lib.StaticUserWebFilter$StaticUserFilter) to context static
2019-08-21 08:22:13,679 INFO  http.HttpServer2 (HttpServer2.java:bindListener(1191)) - Jetty bound to port 45326
2019-08-21 08:22:13,679 INFO  server.Server (Server.java:doStart(351)) - jetty-9.3.24.v20180605, build timestamp: 2018-06-05T17:11:56Z, git hash: 84205aa28f11a4f31f2a3b86d1bba2cc8ab69827
2019-08-21 08:22:13,681 INFO  handler.ContextHandler (ContextHandler.java:doStart(781)) - Started o.e.j.s.ServletContextHandler@79957f11{/logs,file:///workdir/hadoop-ozone/integration-test/target/log,AVAILABLE}
2019-08-21 08:22:13,681 INFO  handler.ContextHandler (ContextHandler.java:doStart(781)) - Started o.e.j.s.ServletContextHandler@4b41587d{/static,jar:file:/home/user/.m2/repository/org/apache/hadoop/hadoop-hdds-container-service/0.5.0-SNAPSHOT/hadoop-hdds-container-service-0.5.0-SNAPSHOT.jar!/webapps/static,AVAILABLE}
2019-08-21 08:22:13,708 INFO  handler.ContextHandler (ContextHandler.java:doStart(781)) - Started o.e.j.w.WebAppContext@1e545821{/,file:///tmp/jetty-0.0.0.0-45326-hddsDatanode-_-any-4109697455599618085.dir/webapp/,AVAILABLE}{/hddsDatanode}
2019-08-21 08:22:13,709 INFO  server.AbstractConnector (AbstractConnector.java:doStart(278)) - Started ServerConnector@12952aff{HTTP/1.1,[http/1.1]}{0.0.0.0:45326}
2019-08-21 08:22:13,709 INFO  server.Server (Server.java:doStart(419)) - Started @6441ms
2019-08-21 08:22:13,710 WARN  impl.MetricsSystemImpl (MetricsSystemImpl.java:register(276)) - Sink prometheus already exists!
2019-08-21 08:22:13,711 INFO  server.BaseHttpServer (BaseHttpServer.java:updateConnectorAddress(215)) - HTTP server of HDDSDATANODE is listening at http://0.0.0.0:45326
2019-08-21 08:22:13,840 INFO  ozone.HddsDatanodeService (HddsDatanodeService.java:startPlugins(395)) - Started plug-in org.apache.hadoop.ozone.web.OzoneHddsDatanodeService@7a84788f
2019-08-21 08:22:13,842 INFO  ozone.MiniOzoneClusterImpl (MiniOzoneClusterImpl.java:lambda$waitForClusterToBeReady$0(142)) - Waiting for cluster to be ready. Got 0 of 3 DN Heartbeats.
2019-08-21 08:22:13,843 INFO  util.JvmPauseMonitor (JvmPauseMonitor.java:run(188)) - Starting JVM pause monitor
2019-08-21 08:22:13,846 INFO  datanode.InitDatanodeState (InitDatanodeState.java:persistContainerDatanodeDetails(140)) - DatanodeDetails is persisted to /workdir/hadoop-ozone/integration-test/target/test-dir/MiniOzoneClusterImpl-3166a320-3ece-43b3-a0c7-a35313954d70/datanode-2/meta/datanode.id
2019-08-21 08:22:14,842 INFO  ozone.MiniOzoneClusterImpl (MiniOzoneClusterImpl.java:lambda$waitForClusterToBeReady$0(142)) - Waiting for cluster to be ready. Got 0 of 3 DN Heartbeats.
2019-08-21 08:22:15,513 INFO  ozoneimpl.OzoneContainer (OzoneContainer.java:start(186)) - Attempting to start container services.
2019-08-21 08:22:15,515 INFO  ozoneimpl.OzoneContainer (OzoneContainer.java:startContainerScrub(160)) - Background container scrubber has been disabled by hdds.containerscrub.enabled
2019-08-21 08:22:15,515 INFO  ratis.XceiverServerRatis (XceiverServerRatis.java:start(404)) - Starting XceiverServerRatis fda0b0df-3d63-46d9-9a4a-066f69f39b29 at port 0
2019-08-21 08:22:15,539 INFO  impl.RaftServerProxy (RaftServerProxy.java:lambda$start$3(299)) - fda0b0df-3d63-46d9-9a4a-066f69f39b29: start RPC server
2019-08-21 08:22:15,666 INFO  ozoneimpl.OzoneContainer (OzoneContainer.java:start(186)) - Attempting to start container services.
2019-08-21 08:22:15,668 INFO  ozoneimpl.OzoneContainer (OzoneContainer.java:startContainerScrub(160)) - Background container scrubber has been disabled by hdds.containerscrub.enabled
2019-08-21 08:22:15,668 INFO  ratis.XceiverServerRatis (XceiverServerRatis.java:start(404)) - Starting XceiverServerRatis bf931159-0a76-4a4b-b495-fcc6525eaf18 at port 0
2019-08-21 08:22:15,671 INFO  server.GrpcService (GrpcService.java:startImpl(149)) - fda0b0df-3d63-46d9-9a4a-066f69f39b29: GrpcService started, listening on 0.0.0.0/0.0.0.0:40585
2019-08-21 08:22:15,672 INFO  ratis.XceiverServerRatis (XceiverServerRatis.java:start(414)) - XceiverServerRatis fda0b0df-3d63-46d9-9a4a-066f69f39b29 is started using port 40585
2019-08-21 08:22:15,674 INFO  server.XceiverServerGrpc (XceiverServerGrpc.java:start(161)) - XceiverServerGrpc fda0b0df-3d63-46d9-9a4a-066f69f39b29 is started using port 41880
2019-08-21 08:22:15,679 INFO  impl.RaftServerProxy (RaftServerProxy.java:lambda$start$3(299)) - bf931159-0a76-4a4b-b495-fcc6525eaf18: start RPC server
2019-08-21 08:22:15,683 INFO  server.GrpcService (GrpcService.java:startImpl(149)) - bf931159-0a76-4a4b-b495-fcc6525eaf18: GrpcService started, listening on 0.0.0.0/0.0.0.0:35317
2019-08-21 08:22:15,683 INFO  ratis.XceiverServerRatis (XceiverServerRatis.java:start(414)) - XceiverServerRatis bf931159-0a76-4a4b-b495-fcc6525eaf18 is started using port 35317
2019-08-21 08:22:15,685 INFO  server.XceiverServerGrpc (XceiverServerGrpc.java:start(161)) - XceiverServerGrpc bf931159-0a76-4a4b-b495-fcc6525eaf18 is started using port 45872
2019-08-21 08:22:15,843 INFO  ozone.MiniOzoneClusterImpl (MiniOzoneClusterImpl.java:lambda$waitForClusterToBeReady$0(142)) - Waiting for cluster to be ready. Got 0 of 3 DN Heartbeats.
2019-08-21 08:22:15,860 INFO  ozoneimpl.OzoneContainer (OzoneContainer.java:start(186)) - Attempting to start container services.
2019-08-21 08:22:15,862 INFO  ozoneimpl.OzoneContainer (OzoneContainer.java:startContainerScrub(160)) - Background container scrubber has been disabled by hdds.containerscrub.enabled
2019-08-21 08:22:15,862 INFO  ratis.XceiverServerRatis (XceiverServerRatis.java:start(404)) - Starting XceiverServerRatis 37e8f1f0-3e67-43f4-ab2f-f76d6b860a7e at port 0
2019-08-21 08:22:15,870 INFO  impl.RaftServerProxy (RaftServerProxy.java:lambda$start$3(299)) - 37e8f1f0-3e67-43f4-ab2f-f76d6b860a7e: start RPC server
2019-08-21 08:22:15,873 INFO  server.GrpcService (GrpcService.java:startImpl(149)) - 37e8f1f0-3e67-43f4-ab2f-f76d6b860a7e: GrpcService started, listening on 0.0.0.0/0.0.0.0:44591
2019-08-21 08:22:15,873 INFO  ratis.XceiverServerRatis (XceiverServerRatis.java:start(414)) - XceiverServerRatis 37e8f1f0-3e67-43f4-ab2f-f76d6b860a7e is started using port 44591
2019-08-21 08:22:15,876 INFO  server.XceiverServerGrpc (XceiverServerGrpc.java:start(161)) - XceiverServerGrpc 37e8f1f0-3e67-43f4-ab2f-f76d6b860a7e is started using port 37403
2019-08-21 08:22:16,844 INFO  ozone.MiniOzoneClusterImpl (MiniOzoneClusterImpl.java:lambda$waitForClusterToBeReady$0(142)) - Waiting for cluster to be ready. Got 0 of 3 DN Heartbeats.
2019-08-21 08:22:17,482 INFO  net.NetworkTopology (NetworkTopologyImpl.java:add(110)) - Added a new node: /default-rack/fda0b0df-3d63-46d9-9a4a-066f69f39b29
2019-08-21 08:22:17,483 INFO  node.SCMNodeManager (SCMNodeManager.java:register(266)) - Registered Data node : fda0b0df-3d63-46d9-9a4a-066f69f39b29{ip: 192.168.5.147, host: pr-hdds-1935-7zzrp-4268841518, networkLocation: /default-rack, certSerialId: null}
2019-08-21 08:22:17,486 INFO  safemode.SCMSafeModeManager (DataNodeSafeModeRule.java:process(71)) - SCM in safe mode. 1 DataNodes registered, 1 required.
2019-08-21 08:22:17,486 INFO  safemode.SCMSafeModeManager (SCMSafeModeManager.java:validateSafeModeExitRules(177)) - ScmSafeModeManager, all rules are successfully validated
2019-08-21 08:22:17,487 INFO  safemode.SCMSafeModeManager (SCMSafeModeManager.java:exitSafeMode(193)) - SCM exiting safe mode.
2019-08-21 08:22:17,656 INFO  net.NetworkTopology (NetworkTopologyImpl.java:add(110)) - Added a new node: /default-rack/bf931159-0a76-4a4b-b495-fcc6525eaf18
2019-08-21 08:22:17,656 INFO  node.SCMNodeManager (SCMNodeManager.java:register(266)) - Registered Data node : bf931159-0a76-4a4b-b495-fcc6525eaf18{ip: 192.168.5.147, host: pr-hdds-1935-7zzrp-4268841518, networkLocation: /default-rack, certSerialId: null}
2019-08-21 08:22:17,846 INFO  ozone.MiniOzoneClusterImpl (MiniOzoneClusterImpl.java:lambda$waitForClusterToBeReady$0(142)) - Waiting for cluster to be ready. Got 2 of 3 DN Heartbeats.
2019-08-21 08:22:17,847 INFO  net.NetworkTopology (NetworkTopologyImpl.java:add(110)) - Added a new node: /default-rack/37e8f1f0-3e67-43f4-ab2f-f76d6b860a7e
2019-08-21 08:22:17,848 INFO  node.SCMNodeManager (SCMNodeManager.java:register(266)) - Registered Data node : 37e8f1f0-3e67-43f4-ab2f-f76d6b860a7e{ip: 192.168.5.147, host: pr-hdds-1935-7zzrp-4268841518, networkLocation: /default-rack, certSerialId: null}
2019-08-21 08:22:18,006 INFO  impl.RaftServerProxy (RaftServerProxy.java:addNew(89)) - fda0b0df-3d63-46d9-9a4a-066f69f39b29: addNew group-B3813AB17CD2:[fda0b0df-3d63-46d9-9a4a-066f69f39b29:192.168.5.147:40585] returns group-B3813AB17CD2:java.util.concurrent.CompletableFuture@15c9c784[Not completed]
2019-08-21 08:22:18,026 INFO  impl.RaftServerImpl (RaftServerImpl.java:<init>(93)) - fda0b0df-3d63-46d9-9a4a-066f69f39b29: new RaftServerImpl for group-B3813AB17CD2:[fda0b0df-3d63-46d9-9a4a-066f69f39b29:192.168.5.147:40585] with ContainerStateMachine:uninitialized
2019-08-21 08:22:18,029 INFO  server.RaftServerConfigKeys (ConfUtils.java:logGet(43)) - raft.server.rpc.timeout.min = 5s (custom)
2019-08-21 08:22:18,030 INFO  server.RaftServerConfigKeys (ConfUtils.java:logGet(43)) - raft.server.rpc.timeout.max = 5200ms (custom)
2019-08-21 08:22:18,031 INFO  server.RaftServerConfigKeys (ConfUtils.java:logGet(43)) - raft.server.rpcslowness.timeout = 120s (custom)
2019-08-21 08:22:18,031 INFO  server.RaftServerConfigKeys (ConfUtils.java:logGet(43)) - raft.server.sleep.deviation.threshold = 300 (default)
2019-08-21 08:22:18,032 INFO  server.RaftServerConfigKeys (ConfUtils.java:logGet(43)) - raft.server.log.appender.install.snapshot.enabled = false (custom)
2019-08-21 08:22:18,349 INFO  impl.RaftServerImpl (ServerState.java:<init>(105)) - fda0b0df-3d63-46d9-9a4a-066f69f39b29:group-B3813AB17CD2 ConfigurationManager, init=-1: [fda0b0df-3d63-46d9-9a4a-066f69f39b29:192.168.5.147:40585], old=null, confs=<EMPTY_MAP>
2019-08-21 08:22:18,351 INFO  server.RaftServerConfigKeys (ConfUtils.java:logGet(43)) - raft.server.storage.dir = [/workdir/hadoop-ozone/integration-test/target/test-dir/MiniOzoneClusterImpl-3166a320-3ece-43b3-a0c7-a35313954d70/datanode-0/data/ratis] (custom)
2019-08-21 08:22:18,370 INFO  storage.RaftStorageDirectory (RaftStorageDirectory.java:analyzeStorage(246)) - The storage directory /workdir/hadoop-ozone/integration-test/target/test-dir/MiniOzoneClusterImpl-3166a320-3ece-43b3-a0c7-a35313954d70/datanode-0/data/ratis/b2412358-733b-41d2-a9bb-b3813ab17cd2 does not exist. Creating ...
2019-08-21 08:22:18,388 INFO  storage.RaftStorageDirectory (RaftStorageDirectory.java:tryLock(328)) - Lock on /workdir/hadoop-ozone/integration-test/target/test-dir/MiniOzoneClusterImpl-3166a320-3ece-43b3-a0c7-a35313954d70/datanode-0/data/ratis/b2412358-733b-41d2-a9bb-b3813ab17cd2/in_use.lock acquired by nodename 21770@pr-hdds-1935-7zzrp-4268841518
2019-08-21 08:22:18,406 INFO  storage.RaftStorage (RaftStorage.java:format(72)) - Storage directory /workdir/hadoop-ozone/integration-test/target/test-dir/MiniOzoneClusterImpl-3166a320-3ece-43b3-a0c7-a35313954d70/datanode-0/data/ratis/b2412358-733b-41d2-a9bb-b3813ab17cd2 has been successfully formatted.
2019-08-21 08:22:18,409 INFO  ratis.ContainerStateMachine (ContainerStateMachine.java:loadSnapshot(222)) - group-B3813AB17CD2: The snapshot info is null. Setting the last applied indexto:(t:0, i:~)
2019-08-21 08:22:18,410 INFO  server.RaftServerConfigKeys (ConfUtils.java:logGet(43)) - raft.server.leader.election.timeout = 120s (custom)
2019-08-21 08:22:18,412 INFO  server.RaftServerConfigKeys (ConfUtils.java:logGet(43)) - raft.server.log.use.memory = false (default)
2019-08-21 08:22:18,420 INFO  server.RaftServerConfigKeys (ConfUtils.java:logGet(43)) - raft.server.log.purge.gap = 1000000000 (custom)
2019-08-21 08:22:18,420 INFO  server.RaftServerConfigKeys (ConfUtils.java:logGet(43)) - raft.server.log.appender.buffer.byte-limit = 33554432 (custom)
2019-08-21 08:22:18,422 INFO  server.RaftServerConfigKeys (ConfUtils.java:logGet(43)) - raft.server.log.segment.size.max = 1048576 (custom)
2019-08-21 08:22:18,429 INFO  server.RaftServerConfigKeys (ConfUtils.java:logGet(43)) - raft.server.log.segment.cache.num.max = 2 (custom)
2019-08-21 08:22:18,436 INFO  segmented.SegmentedRaftLogWorker (SegmentedRaftLogWorker.java:<init>(172)) - new fda0b0df-3d63-46d9-9a4a-066f69f39b29-SegmentedRaftLogWorker:Storage Directory /workdir/hadoop-ozone/integration-test/target/test-dir/MiniOzoneClusterImpl-3166a320-3ece-43b3-a0c7-a35313954d70/datanode-0/data/ratis/b2412358-733b-41d2-a9bb-b3813ab17cd2 for RaftStorage:Storage Directory /workdir/hadoop-ozone/integration-test/target/test-dir/MiniOzoneClusterImpl-3166a320-3ece-43b3-a0c7-a35313954d70/datanode-0/data/ratis/b2412358-733b-41d2-a9bb-b3813ab17cd2
2019-08-21 08:22:18,451 INFO  server.RaftServerConfigKeys (ConfUtils.java:logGet(43)) - raft.server.log.queue.byte-limit = 2147483647 (custom)
2019-08-21 08:22:18,451 INFO  server.RaftServerConfigKeys (ConfUtils.java:logGet(43)) - raft.server.log.queue.element-limit = 1024 (custom)
2019-08-21 08:22:18,457 INFO  server.RaftServerConfigKeys (ConfUtils.java:logGet(43)) - raft.server.log.segment.size.max = 1048576 (custom)
2019-08-21 08:22:18,457 INFO  server.RaftServerConfigKeys (ConfUtils.java:logGet(43)) - raft.server.log.preallocated.size = 16384 (custom)
2019-08-21 08:22:18,458 INFO  server.RaftServerConfigKeys (ConfUtils.java:logGet(43)) - raft.server.log.write.buffer.size = 33554432 (custom)
2019-08-21 08:22:18,458 INFO  server.RaftServerConfigKeys (ConfUtils.java:logGet(43)) - raft.server.log.force.sync.num = 128 (default)
2019-08-21 08:22:18,459 INFO  server.RaftServerConfigKeys (ConfUtils.java:logGet(43)) - raft.server.log.statemachine.data.sync = true (default)
2019-08-21 08:22:18,460 INFO  server.RaftServerConfigKeys (ConfUtils.java:logGet(43)) - raft.server.log.statemachine.data.sync.timeout = 10s (default)
2019-08-21 08:22:18,460 INFO  server.RaftServerConfigKeys (ConfUtils.java:logGet(43)) - raft.server.log.statemachine.data.sync.timeout.retry = -1 (default)
2019-08-21 08:22:18,469 INFO  server.RaftServerConfigKeys (ConfUtils.java:logGet(43)) - raft.server.log.statemachine.data.caching.enabled = true (custom)
2019-08-21 08:22:18,474 INFO  segmented.SegmentedRaftLogWorker (SegmentedRaftLogWorker.java:lambda$new$0(132)) - fda0b0df-3d63-46d9-9a4a-066f69f39b29-SegmentedRaftLogWorker:Storage Directory /workdir/hadoop-ozone/integration-test/target/test-dir/MiniOzoneClusterImpl-3166a320-3ece-43b3-a0c7-a35313954d70/datanode-0/data/ratis/b2412358-733b-41d2-a9bb-b3813ab17cd2: flushIndex: setUnconditionally 0 -> -1
2019-08-21 08:22:18,478 INFO  server.RaftServerConfigKeys (ConfUtils.java:logGet(43)) - raft.server.snapshot.auto.trigger.enabled = true (custom)
2019-08-21 08:22:18,479 INFO  server.RaftServerConfigKeys (ConfUtils.java:logGet(43)) - raft.server.snapshot.auto.trigger.threshold = 10000 (custom)
2019-08-21 08:22:18,480 INFO  server.RaftServerConfigKeys (ConfUtils.java:logGet(43)) - raft.server.retrycache.expirytime = 600000ms (custom)
2019-08-21 08:22:18,500 INFO  impl.RaftServerImpl (RaftServerImpl.java:start(180)) - fda0b0df-3d63-46d9-9a4a-066f69f39b29: start group-B3813AB17CD2
2019-08-21 08:22:18,501 INFO  impl.RaftServerImpl (RaftServerImpl.java:setRole(171)) - fda0b0df-3d63-46d9-9a4a-066f69f39b29:group-B3813AB17CD2 changes role from null to FOLLOWER at term 0 for startAsFollower
2019-08-21 08:22:18,502 INFO  impl.RoleInfo (RoleInfo.java:updateAndGet(143)) - fda0b0df-3d63-46d9-9a4a-066f69f39b29: start FollowerState
2019-08-21 08:22:18,503 INFO  util.JmxRegister (JmxRegister.java:tryRegister(44)) - Successfully registered JMX Bean with object name Ratis:service=RaftServer,group=group-B3813AB17CD2,id=fda0b0df-3d63-46d9-9a4a-066f69f39b29
2019-08-21 08:22:18,556 INFO  pipeline.PipelineStateManager (PipelineStateManager.java:addPipeline(56)) - Created pipeline Pipeline[ Id: b2412358-733b-41d2-a9bb-b3813ab17cd2, Nodes: fda0b0df-3d63-46d9-9a4a-066f69f39b29{ip: 192.168.5.147, host: pr-hdds-1935-7zzrp-4268841518, networkLocation: /default-rack, certSerialId: null}, Type:RATIS, Factor:ONE, State:OPEN]
2019-08-21 08:22:18,574 INFO  impl.RaftServerProxy (RaftServerProxy.java:addNew(89)) - 37e8f1f0-3e67-43f4-ab2f-f76d6b860a7e: addNew group-5C589AC60636:[37e8f1f0-3e67-43f4-ab2f-f76d6b860a7e:192.168.5.147:44591] returns group-5C589AC60636:java.util.concurrent.CompletableFuture@46553b10[Not completed]
2019-08-21 08:22:18,598 INFO  impl.RaftServerImpl (RaftServerImpl.java:<init>(93)) - 37e8f1f0-3e67-43f4-ab2f-f76d6b860a7e: new RaftServerImpl for group-5C589AC60636:[37e8f1f0-3e67-43f4-ab2f-f76d6b860a7e:192.168.5.147:44591] with ContainerStateMachine:uninitialized
2019-08-21 08:22:18,600 INFO  server.RaftServerConfigKeys (ConfUtils.java:logGet(43)) - raft.server.rpc.timeout.min = 5s (custom)
2019-08-21 08:22:18,600 INFO  server.RaftServerConfigKeys (ConfUtils.java:logGet(43)) - raft.server.rpc.timeout.max = 5200ms (custom)
2019-08-21 08:22:18,600 INFO  server.RaftServerConfigKeys (ConfUtils.java:logGet(43)) - raft.server.rpcslowness.timeout = 120s (custom)
2019-08-21 08:22:18,600 INFO  server.RaftServerConfigKeys (ConfUtils.java:logGet(43)) - raft.server.sleep.deviation.threshold = 300 (default)
2019-08-21 08:22:18,601 INFO  server.RaftServerConfigKeys (ConfUtils.java:logGet(43)) - raft.server.log.appender.install.snapshot.enabled = false (custom)
2019-08-21 08:22:18,601 INFO  impl.RaftServerImpl (ServerState.java:<init>(105)) - 37e8f1f0-3e67-43f4-ab2f-f76d6b860a7e:group-5C589AC60636 ConfigurationManager, init=-1: [37e8f1f0-3e67-43f4-ab2f-f76d6b860a7e:192.168.5.147:44591], old=null, confs=<EMPTY_MAP>
2019-08-21 08:22:18,601 INFO  server.RaftServerConfigKeys (ConfUtils.java:logGet(43)) - raft.server.storage.dir = [/workdir/hadoop-ozone/integration-test/target/test-dir/MiniOzoneClusterImpl-3166a320-3ece-43b3-a0c7-a35313954d70/datanode-2/data/ratis] (custom)
2019-08-21 08:22:18,601 INFO  storage.RaftStorageDirectory (RaftStorageDirectory.java:analyzeStorage(246)) - The storage directory /workdir/hadoop-ozone/integration-test/target/test-dir/MiniOzoneClusterImpl-3166a320-3ece-43b3-a0c7-a35313954d70/datanode-2/data/ratis/da9e0efc-8614-4c56-822a-5c589ac60636 does not exist. Creating ...
2019-08-21 08:22:18,616 INFO  storage.RaftStorageDirectory (RaftStorageDirectory.java:tryLock(328)) - Lock on /workdir/hadoop-ozone/integration-test/target/test-dir/MiniOzoneClusterImpl-3166a320-3ece-43b3-a0c7-a35313954d70/datanode-2/data/ratis/da9e0efc-8614-4c56-822a-5c589ac60636/in_use.lock acquired by nodename 21770@pr-hdds-1935-7zzrp-4268841518
2019-08-21 08:22:18,629 INFO  storage.RaftStorage (RaftStorage.java:format(72)) - Storage directory /workdir/hadoop-ozone/integration-test/target/test-dir/MiniOzoneClusterImpl-3166a320-3ece-43b3-a0c7-a35313954d70/datanode-2/data/ratis/da9e0efc-8614-4c56-822a-5c589ac60636 has been successfully formatted.
2019-08-21 08:22:18,630 INFO  ratis.ContainerStateMachine (ContainerStateMachine.java:loadSnapshot(222)) - group-5C589AC60636: The snapshot info is null. Setting the last applied indexto:(t:0, i:~)
2019-08-21 08:22:18,631 INFO  server.RaftServerConfigKeys (ConfUtils.java:logGet(43)) - raft.server.leader.election.timeout = 120s (custom)
2019-08-21 08:22:18,631 INFO  server.RaftServerConfigKeys (ConfUtils.java:logGet(43)) - raft.server.log.use.memory = false (default)
2019-08-21 08:22:18,631 INFO  server.RaftServerConfigKeys (ConfUtils.java:logGet(43)) - raft.server.log.purge.gap = 1000000000 (custom)
2019-08-21 08:22:18,632 INFO  server.RaftServerConfigKeys (ConfUtils.java:logGet(43)) - raft.server.log.appender.buffer.byte-limit = 33554432 (custom)
2019-08-21 08:22:18,632 INFO  server.RaftServerConfigKeys (ConfUtils.java:logGet(43)) - raft.server.log.segment.size.max = 1048576 (custom)
2019-08-21 08:22:18,632 INFO  server.RaftServerConfigKeys (ConfUtils.java:logGet(43)) - raft.server.log.segment.cache.num.max = 2 (custom)
2019-08-21 08:22:18,632 INFO  segmented.SegmentedRaftLogWorker (SegmentedRaftLogWorker.java:<init>(172)) - new 37e8f1f0-3e67-43f4-ab2f-f76d6b860a7e-SegmentedRaftLogWorker:Storage Directory /workdir/hadoop-ozone/integration-test/target/test-dir/MiniOzoneClusterImpl-3166a320-3ece-43b3-a0c7-a35313954d70/datanode-2/data/ratis/da9e0efc-8614-4c56-822a-5c589ac60636 for RaftStorage:Storage Directory /workdir/hadoop-ozone/integration-test/target/test-dir/MiniOzoneClusterImpl-3166a320-3ece-43b3-a0c7-a35313954d70/datanode-2/data/ratis/da9e0efc-8614-4c56-822a-5c589ac60636
2019-08-21 08:22:18,633 INFO  server.RaftServerConfigKeys (ConfUtils.java:logGet(43)) - raft.server.log.queue.byte-limit = 2147483647 (custom)
2019-08-21 08:22:18,633 INFO  server.RaftServerConfigKeys (ConfUtils.java:logGet(43)) - raft.server.log.queue.element-limit = 1024 (custom)
2019-08-21 08:22:18,633 INFO  server.RaftServerConfigKeys (ConfUtils.java:logGet(43)) - raft.server.log.segment.size.max = 1048576 (custom)
2019-08-21 08:22:18,633 INFO  server.RaftServerConfigKeys (ConfUtils.java:logGet(43)) - raft.server.log.preallocated.size = 16384 (custom)
2019-08-21 08:22:18,634 INFO  server.RaftServerConfigKeys (ConfUtils.java:logGet(43)) - raft.server.log.write.buffer.size = 33554432 (custom)
2019-08-21 08:22:18,634 INFO  server.RaftServerConfigKeys (ConfUtils.java:logGet(43)) - raft.server.log.force.sync.num = 128 (default)
2019-08-21 08:22:18,634 INFO  server.RaftServerConfigKeys (ConfUtils.java:logGet(43)) - raft.server.log.statemachine.data.sync = true (default)
2019-08-21 08:22:18,634 INFO  server.RaftServerConfigKeys (ConfUtils.java:logGet(43)) - raft.server.log.statemachine.data.sync.timeout = 10s (default)
2019-08-21 08:22:18,634 INFO  server.RaftServerConfigKeys (ConfUtils.java:logGet(43)) - raft.server.log.statemachine.data.sync.timeout.retry = -1 (default)
2019-08-21 08:22:18,634 INFO  server.RaftServerConfigKeys (ConfUtils.java:logGet(43)) - raft.server.log.statemachine.data.caching.enabled = true (custom)
2019-08-21 08:22:18,635 INFO  segmented.SegmentedRaftLogWorker (SegmentedRaftLogWorker.java:lambda$new$0(132)) - 37e8f1f0-3e67-43f4-ab2f-f76d6b860a7e-SegmentedRaftLogWorker:Storage Directory /workdir/hadoop-ozone/integration-test/target/test-dir/MiniOzoneClusterImpl-3166a320-3ece-43b3-a0c7-a35313954d70/datanode-2/data/ratis/da9e0efc-8614-4c56-822a-5c589ac60636: flushIndex: setUnconditionally 0 -> -1
2019-08-21 08:22:18,635 INFO  server.RaftServerConfigKeys (ConfUtils.java:logGet(43)) - raft.server.snapshot.auto.trigger.enabled = true (custom)
2019-08-21 08:22:18,635 INFO  server.RaftServerConfigKeys (ConfUtils.java:logGet(43)) - raft.server.snapshot.auto.trigger.threshold = 10000 (custom)
2019-08-21 08:22:18,636 INFO  server.RaftServerConfigKeys (ConfUtils.java:logGet(43)) - raft.server.retrycache.expirytime = 600000ms (custom)
2019-08-21 08:22:18,636 INFO  impl.RaftServerImpl (RaftServerImpl.java:start(180)) - 37e8f1f0-3e67-43f4-ab2f-f76d6b860a7e: start group-5C589AC60636
2019-08-21 08:22:18,636 INFO  impl.RaftServerImpl (RaftServerImpl.java:setRole(171)) - 37e8f1f0-3e67-43f4-ab2f-f76d6b860a7e:group-5C589AC60636 changes role from null to FOLLOWER at term 0 for startAsFollower
2019-08-21 08:22:18,636 INFO  impl.RoleInfo (RoleInfo.java:updateAndGet(143)) - 37e8f1f0-3e67-43f4-ab2f-f76d6b860a7e: start FollowerState
2019-08-21 08:22:18,637 INFO  util.JmxRegister (JmxRegister.java:tryRegister(44)) - Successfully registered JMX Bean with object name Ratis:service=RaftServer,group=group-5C589AC60636,id=37e8f1f0-3e67-43f4-ab2f-f76d6b860a7e
2019-08-21 08:22:18,648 INFO  pipeline.PipelineStateManager (PipelineStateManager.java:addPipeline(56)) - Created pipeline Pipeline[ Id: da9e0efc-8614-4c56-822a-5c589ac60636, Nodes: 37e8f1f0-3e67-43f4-ab2f-f76d6b860a7e{ip: 192.168.5.147, host: pr-hdds-1935-7zzrp-4268841518, networkLocation: /default-rack, certSerialId: null}, Type:RATIS, Factor:ONE, State:OPEN]
2019-08-21 08:22:18,669 INFO  impl.RaftServerProxy (RaftServerProxy.java:addNew(89)) - bf931159-0a76-4a4b-b495-fcc6525eaf18: addNew group-A65A6299FB65:[bf931159-0a76-4a4b-b495-fcc6525eaf18:192.168.5.147:35317] returns group-A65A6299FB65:java.util.concurrent.CompletableFuture@27e9369c[Not completed]
2019-08-21 08:22:18,675 INFO  impl.RaftServerImpl (RaftServerImpl.java:<init>(93)) - bf931159-0a76-4a4b-b495-fcc6525eaf18: new RaftServerImpl for group-A65A6299FB65:[bf931159-0a76-4a4b-b495-fcc6525eaf18:192.168.5.147:35317] with ContainerStateMachine:uninitialized
2019-08-21 08:22:18,676 INFO  server.RaftServerConfigKeys (ConfUtils.java:logGet(43)) - raft.server.rpc.timeout.min = 5s (custom)
2019-08-21 08:22:18,676 INFO  server.RaftServerConfigKeys (ConfUtils.java:logGet(43)) - raft.server.rpc.timeout.max = 5200ms (custom)
2019-08-21 08:22:18,676 INFO  server.RaftServerConfigKeys (ConfUtils.java:logGet(43)) - raft.server.rpcslowness.timeout = 120s (custom)
2019-08-21 08:22:18,677 INFO  server.RaftServerConfigKeys (ConfUtils.java:logGet(43)) - raft.server.sleep.deviation.threshold = 300 (default)
2019-08-21 08:22:18,677 INFO  server.RaftServerConfigKeys (ConfUtils.java:logGet(43)) - raft.server.log.appender.install.snapshot.enabled = false (custom)
2019-08-21 08:22:18,677 INFO  impl.RaftServerImpl (ServerState.java:<init>(105)) - bf931159-0a76-4a4b-b495-fcc6525eaf18:group-A65A6299FB65 ConfigurationManager, init=-1: [bf931159-0a76-4a4b-b495-fcc6525eaf18:192.168.5.147:35317], old=null, confs=<EMPTY_MAP>
2019-08-21 08:22:18,677 INFO  server.RaftServerConfigKeys (ConfUtils.java:logGet(43)) - raft.server.storage.dir = [/workdir/hadoop-ozone/integration-test/target/test-dir/MiniOzoneClusterImpl-3166a320-3ece-43b3-a0c7-a35313954d70/datanode-1/data/ratis] (custom)
2019-08-21 08:22:18,678 INFO  storage.RaftStorageDirectory (RaftStorageDirectory.java:analyzeStorage(246)) - The storage directory /workdir/hadoop-ozone/integration-test/target/test-dir/MiniOzoneClusterImpl-3166a320-3ece-43b3-a0c7-a35313954d70/datanode-1/data/ratis/af1f7b4d-ad0a-458e-92c1-a65a6299fb65 does not exist. Creating ...
2019-08-21 08:22:18,690 INFO  storage.RaftStorageDirectory (RaftStorageDirectory.java:tryLock(328)) - Lock on /workdir/hadoop-ozone/integration-test/target/test-dir/MiniOzoneClusterImpl-3166a320-3ece-43b3-a0c7-a35313954d70/datanode-1/data/ratis/af1f7b4d-ad0a-458e-92c1-a65a6299fb65/in_use.lock acquired by nodename 21770@pr-hdds-1935-7zzrp-4268841518
2019-08-21 08:22:18,704 INFO  storage.RaftStorage (RaftStorage.java:format(72)) - Storage directory /workdir/hadoop-ozone/integration-test/target/test-dir/MiniOzoneClusterImpl-3166a320-3ece-43b3-a0c7-a35313954d70/datanode-1/data/ratis/af1f7b4d-ad0a-458e-92c1-a65a6299fb65 has been successfully formatted.
2019-08-21 08:22:18,704 INFO  ratis.ContainerStateMachine (ContainerStateMachine.java:loadSnapshot(222)) - group-A65A6299FB65: The snapshot info is null. Setting the last applied indexto:(t:0, i:~)
2019-08-21 08:22:18,704 INFO  server.RaftServerConfigKeys (ConfUtils.java:logGet(43)) - raft.server.leader.election.timeout = 120s (custom)
2019-08-21 08:22:18,704 INFO  server.RaftServerConfigKeys (ConfUtils.java:logGet(43)) - raft.server.log.use.memory = false (default)
2019-08-21 08:22:18,705 INFO  server.RaftServerConfigKeys (ConfUtils.java:logGet(43)) - raft.server.log.purge.gap = 1000000000 (custom)
2019-08-21 08:22:18,705 INFO  server.RaftServerConfigKeys (ConfUtils.java:logGet(43)) - raft.server.log.appender.buffer.byte-limit = 33554432 (custom)
2019-08-21 08:22:18,705 INFO  server.RaftServerConfigKeys (ConfUtils.java:logGet(43)) - raft.server.log.segment.size.max = 1048576 (custom)
2019-08-21 08:22:18,705 INFO  server.RaftServerConfigKeys (ConfUtils.java:logGet(43)) - raft.server.log.segment.cache.num.max = 2 (custom)
2019-08-21 08:22:18,705 INFO  segmented.SegmentedRaftLogWorker (SegmentedRaftLogWorker.java:<init>(172)) - new bf931159-0a76-4a4b-b495-fcc6525eaf18-SegmentedRaftLogWorker:Storage Directory /workdir/hadoop-ozone/integration-test/target/test-dir/MiniOzoneClusterImpl-3166a320-3ece-43b3-a0c7-a35313954d70/datanode-1/data/ratis/af1f7b4d-ad0a-458e-92c1-a65a6299fb65 for RaftStorage:Storage Directory /workdir/hadoop-ozone/integration-test/target/test-dir/MiniOzoneClusterImpl-3166a320-3ece-43b3-a0c7-a35313954d70/datanode-1/data/ratis/af1f7b4d-ad0a-458e-92c1-a65a6299fb65
2019-08-21 08:22:18,706 INFO  server.RaftServerConfigKeys (ConfUtils.java:logGet(43)) - raft.server.log.queue.byte-limit = 2147483647 (custom)
2019-08-21 08:22:18,706 INFO  server.RaftServerConfigKeys (ConfUtils.java:logGet(43)) - raft.server.log.queue.element-limit = 1024 (custom)
2019-08-21 08:22:18,706 INFO  server.RaftServerConfigKeys (ConfUtils.java:logGet(43)) - raft.server.log.segment.size.max = 1048576 (custom)
2019-08-21 08:22:18,706 INFO  server.RaftServerConfigKeys (ConfUtils.java:logGet(43)) - raft.server.log.preallocated.size = 16384 (custom)
2019-08-21 08:22:18,706 INFO  server.RaftServerConfigKeys (ConfUtils.java:logGet(43)) - raft.server.log.write.buffer.size = 33554432 (custom)
2019-08-21 08:22:18,707 INFO  server.RaftServerConfigKeys (ConfUtils.java:logGet(43)) - raft.server.log.force.sync.num = 128 (default)
2019-08-21 08:22:18,707 INFO  server.RaftServerConfigKeys (ConfUtils.java:logGet(43)) - raft.server.log.statemachine.data.sync = true (default)
2019-08-21 08:22:18,707 INFO  server.RaftServerConfigKeys (ConfUtils.java:logGet(43)) - raft.server.log.statemachine.data.sync.timeout = 10s (default)
2019-08-21 08:22:18,707 INFO  server.RaftServerConfigKeys (ConfUtils.java:logGet(43)) - raft.server.log.statemachine.data.sync.timeout.retry = -1 (default)
2019-08-21 08:22:18,708 INFO  server.RaftServerConfigKeys (ConfUtils.java:logGet(43)) - raft.server.log.statemachine.data.caching.enabled = true (custom)
2019-08-21 08:22:18,708 INFO  segmented.SegmentedRaftLogWorker (SegmentedRaftLogWorker.java:lambda$new$0(132)) - bf931159-0a76-4a4b-b495-fcc6525eaf18-SegmentedRaftLogWorker:Storage Directory /workdir/hadoop-ozone/integration-test/target/test-dir/MiniOzoneClusterImpl-3166a320-3ece-43b3-a0c7-a35313954d70/datanode-1/data/ratis/af1f7b4d-ad0a-458e-92c1-a65a6299fb65: flushIndex: setUnconditionally 0 -> -1
2019-08-21 08:22:18,708 INFO  server.RaftServerConfigKeys (ConfUtils.java:logGet(43)) - raft.server.snapshot.auto.trigger.enabled = true (custom)
2019-08-21 08:22:18,708 INFO  server.RaftServerConfigKeys (ConfUtils.java:logGet(43)) - raft.server.snapshot.auto.trigger.threshold = 10000 (custom)
2019-08-21 08:22:18,709 INFO  server.RaftServerConfigKeys (ConfUtils.java:logGet(43)) - raft.server.retrycache.expirytime = 600000ms (custom)
2019-08-21 08:22:18,709 INFO  impl.RaftServerImpl (RaftServerImpl.java:start(180)) - bf931159-0a76-4a4b-b495-fcc6525eaf18: start group-A65A6299FB65
2019-08-21 08:22:18,709 INFO  impl.RaftServerImpl (RaftServerImpl.java:setRole(171)) - bf931159-0a76-4a4b-b495-fcc6525eaf18:group-A65A6299FB65 changes role from null to FOLLOWER at term 0 for startAsFollower
2019-08-21 08:22:18,709 INFO  impl.RoleInfo (RoleInfo.java:updateAndGet(143)) - bf931159-0a76-4a4b-b495-fcc6525eaf18: start FollowerState
2019-08-21 08:22:18,710 INFO  util.JmxRegister (JmxRegister.java:tryRegister(44)) - Successfully registered JMX Bean with object name Ratis:service=RaftServer,group=group-A65A6299FB65,id=bf931159-0a76-4a4b-b495-fcc6525eaf18
2019-08-21 08:22:18,721 INFO  pipeline.PipelineStateManager (PipelineStateManager.java:addPipeline(56)) - Created pipeline Pipeline[ Id: af1f7b4d-ad0a-458e-92c1-a65a6299fb65, Nodes: bf931159-0a76-4a4b-b495-fcc6525eaf18{ip: 192.168.5.147, host: pr-hdds-1935-7zzrp-4268841518, networkLocation: /default-rack, certSerialId: null}, Type:RATIS, Factor:ONE, State:OPEN]
2019-08-21 08:22:18,766 INFO  impl.RaftServerProxy (RaftServerProxy.java:addNew(89)) - bf931159-0a76-4a4b-b495-fcc6525eaf18: addNew group-883676C37E0A:[37e8f1f0-3e67-43f4-ab2f-f76d6b860a7e:192.168.5.147:44591, bf931159-0a76-4a4b-b495-fcc6525eaf18:192.168.5.147:35317, fda0b0df-3d63-46d9-9a4a-066f69f39b29:192.168.5.147:40585] returns group-883676C37E0A:java.util.concurrent.CompletableFuture@49f2728d[Not completed]
2019-08-21 08:22:18,766 INFO  impl.RaftServerProxy (RaftServerProxy.java:addNew(89)) - 37e8f1f0-3e67-43f4-ab2f-f76d6b860a7e: addNew group-883676C37E0A:[37e8f1f0-3e67-43f4-ab2f-f76d6b860a7e:192.168.5.147:44591, bf931159-0a76-4a4b-b495-fcc6525eaf18:192.168.5.147:35317, fda0b0df-3d63-46d9-9a4a-066f69f39b29:192.168.5.147:40585] returns group-883676C37E0A:java.util.concurrent.CompletableFuture@5b386776[Not completed]
2019-08-21 08:22:18,766 INFO  impl.RaftServerProxy (RaftServerProxy.java:addNew(89)) - fda0b0df-3d63-46d9-9a4a-066f69f39b29: addNew group-883676C37E0A:[37e8f1f0-3e67-43f4-ab2f-f76d6b860a7e:192.168.5.147:44591, bf931159-0a76-4a4b-b495-fcc6525eaf18:192.168.5.147:35317, fda0b0df-3d63-46d9-9a4a-066f69f39b29:192.168.5.147:40585] returns group-883676C37E0A:java.util.concurrent.CompletableFuture@130147b0[Not completed]
2019-08-21 08:22:18,768 INFO  impl.RaftServerImpl (RaftServerImpl.java:<init>(93)) - bf931159-0a76-4a4b-b495-fcc6525eaf18: new RaftServerImpl for group-883676C37E0A:[37e8f1f0-3e67-43f4-ab2f-f76d6b860a7e:192.168.5.147:44591, bf931159-0a76-4a4b-b495-fcc6525eaf18:192.168.5.147:35317, fda0b0df-3d63-46d9-9a4a-066f69f39b29:192.168.5.147:40585] with ContainerStateMachine:uninitialized
2019-08-21 08:22:18,768 INFO  server.RaftServerConfigKeys (ConfUtils.java:logGet(43)) - raft.server.rpc.timeout.min = 5s (custom)
2019-08-21 08:22:18,768 INFO  server.RaftServerConfigKeys (ConfUtils.java:logGet(43)) - raft.server.rpc.timeout.max = 5200ms (custom)
2019-08-21 08:22:18,768 INFO  server.RaftServerConfigKeys (ConfUtils.java:logGet(43)) - raft.server.rpcslowness.timeout = 120s (custom)
2019-08-21 08:22:18,768 INFO  server.RaftServerConfigKeys (ConfUtils.java:logGet(43)) - raft.server.sleep.deviation.threshold = 300 (default)
2019-08-21 08:22:18,769 INFO  server.RaftServerConfigKeys (ConfUtils.java:logGet(43)) - raft.server.log.appender.install.snapshot.enabled = false (custom)
2019-08-21 08:22:18,769 INFO  impl.RaftServerImpl (ServerState.java:<init>(105)) - bf931159-0a76-4a4b-b495-fcc6525eaf18:group-883676C37E0A ConfigurationManager, init=-1: [37e8f1f0-3e67-43f4-ab2f-f76d6b860a7e:192.168.5.147:44591, bf931159-0a76-4a4b-b495-fcc6525eaf18:192.168.5.147:35317, fda0b0df-3d63-46d9-9a4a-066f69f39b29:192.168.5.147:40585], old=null, confs=<EMPTY_MAP>
2019-08-21 08:22:18,769 INFO  server.RaftServerConfigKeys (ConfUtils.java:logGet(43)) - raft.server.storage.dir = [/workdir/hadoop-ozone/integration-test/target/test-dir/MiniOzoneClusterImpl-3166a320-3ece-43b3-a0c7-a35313954d70/datanode-1/data/ratis] (custom)
2019-08-21 08:22:18,769 INFO  impl.RaftServerImpl (RaftServerImpl.java:<init>(93)) - fda0b0df-3d63-46d9-9a4a-066f69f39b29: new RaftServerImpl for group-883676C37E0A:[37e8f1f0-3e67-43f4-ab2f-f76d6b860a7e:192.168.5.147:44591, bf931159-0a76-4a4b-b495-fcc6525eaf18:192.168.5.147:35317, fda0b0df-3d63-46d9-9a4a-066f69f39b29:192.168.5.147:40585] with ContainerStateMachine:uninitialized
2019-08-21 08:22:18,769 INFO  storage.RaftStorageDirectory (RaftStorageDirectory.java:analyzeStorage(246)) - The storage directory /workdir/hadoop-ozone/integration-test/target/test-dir/MiniOzoneClusterImpl-3166a320-3ece-43b3-a0c7-a35313954d70/datanode-1/data/ratis/7d4d64f9-a5ac-41c6-8edc-883676c37e0a does not exist. Creating ...
2019-08-21 08:22:18,769 INFO  server.RaftServerConfigKeys (ConfUtils.java:logGet(43)) - raft.server.rpc.timeout.min = 5s (custom)
2019-08-21 08:22:18,770 INFO  server.RaftServerConfigKeys (ConfUtils.java:logGet(43)) - raft.server.rpc.timeout.max = 5200ms (custom)
2019-08-21 08:22:18,770 INFO  server.RaftServerConfigKeys (ConfUtils.java:logGet(43)) - raft.server.rpcslowness.timeout = 120s (custom)
2019-08-21 08:22:18,770 INFO  server.RaftServerConfigKeys (ConfUtils.java:logGet(43)) - raft.server.sleep.deviation.threshold = 300 (default)
2019-08-21 08:22:18,770 INFO  impl.RaftServerImpl (RaftServerImpl.java:<init>(93)) - 37e8f1f0-3e67-43f4-ab2f-f76d6b860a7e: new RaftServerImpl for group-883676C37E0A:[37e8f1f0-3e67-43f4-ab2f-f76d6b860a7e:192.168.5.147:44591, bf931159-0a76-4a4b-b495-fcc6525eaf18:192.168.5.147:35317, fda0b0df-3d63-46d9-9a4a-066f69f39b29:192.168.5.147:40585] with ContainerStateMachine:uninitialized
2019-08-21 08:22:18,770 INFO  server.RaftServerConfigKeys (ConfUtils.java:logGet(43)) - raft.server.log.appender.install.snapshot.enabled = false (custom)
2019-08-21 08:22:18,770 INFO  server.RaftServerConfigKeys (ConfUtils.java:logGet(43)) - raft.server.rpc.timeout.min = 5s (custom)
2019-08-21 08:22:18,771 INFO  impl.RaftServerImpl (ServerState.java:<init>(105)) - fda0b0df-3d63-46d9-9a4a-066f69f39b29:group-883676C37E0A ConfigurationManager, init=-1: [37e8f1f0-3e67-43f4-ab2f-f76d6b860a7e:192.168.5.147:44591, bf931159-0a76-4a4b-b495-fcc6525eaf18:192.168.5.147:35317, fda0b0df-3d63-46d9-9a4a-066f69f39b29:192.168.5.147:40585], old=null, confs=<EMPTY_MAP>
2019-08-21 08:22:18,771 INFO  server.RaftServerConfigKeys (ConfUtils.java:logGet(43)) - raft.server.rpc.timeout.max = 5200ms (custom)
2019-08-21 08:22:18,771 INFO  server.RaftServerConfigKeys (ConfUtils.java:logGet(43)) - raft.server.storage.dir = [/workdir/hadoop-ozone/integration-test/target/test-dir/MiniOzoneClusterImpl-3166a320-3ece-43b3-a0c7-a35313954d70/datanode-0/data/ratis] (custom)
2019-08-21 08:22:18,771 INFO  server.RaftServerConfigKeys (ConfUtils.java:logGet(43)) - raft.server.rpcslowness.timeout = 120s (custom)
2019-08-21 08:22:18,771 INFO  server.RaftServerConfigKeys (ConfUtils.java:logGet(43)) - raft.server.sleep.deviation.threshold = 300 (default)
2019-08-21 08:22:18,771 INFO  storage.RaftStorageDirectory (RaftStorageDirectory.java:analyzeStorage(246)) - The storage directory /workdir/hadoop-ozone/integration-test/target/test-dir/MiniOzoneClusterImpl-3166a320-3ece-43b3-a0c7-a35313954d70/datanode-0/data/ratis/7d4d64f9-a5ac-41c6-8edc-883676c37e0a does not exist. Creating ...
2019-08-21 08:22:18,772 INFO  server.RaftServerConfigKeys (ConfUtils.java:logGet(43)) - raft.server.log.appender.install.snapshot.enabled = false (custom)
2019-08-21 08:22:18,772 INFO  impl.RaftServerImpl (ServerState.java:<init>(105)) - 37e8f1f0-3e67-43f4-ab2f-f76d6b860a7e:group-883676C37E0A ConfigurationManager, init=-1: [37e8f1f0-3e67-43f4-ab2f-f76d6b860a7e:192.168.5.147:44591, bf931159-0a76-4a4b-b495-fcc6525eaf18:192.168.5.147:35317, fda0b0df-3d63-46d9-9a4a-066f69f39b29:192.168.5.147:40585], old=null, confs=<EMPTY_MAP>
2019-08-21 08:22:18,772 INFO  server.RaftServerConfigKeys (ConfUtils.java:logGet(43)) - raft.server.storage.dir = [/workdir/hadoop-ozone/integration-test/target/test-dir/MiniOzoneClusterImpl-3166a320-3ece-43b3-a0c7-a35313954d70/datanode-2/data/ratis] (custom)
2019-08-21 08:22:18,773 INFO  storage.RaftStorageDirectory (RaftStorageDirectory.java:analyzeStorage(246)) - The storage directory /workdir/hadoop-ozone/integration-test/target/test-dir/MiniOzoneClusterImpl-3166a320-3ece-43b3-a0c7-a35313954d70/datanode-2/data/ratis/7d4d64f9-a5ac-41c6-8edc-883676c37e0a does not exist. Creating ...
2019-08-21 08:22:18,782 INFO  storage.RaftStorageDirectory (RaftStorageDirectory.java:tryLock(328)) - Lock on /workdir/hadoop-ozone/integration-test/target/test-dir/MiniOzoneClusterImpl-3166a320-3ece-43b3-a0c7-a35313954d70/datanode-2/data/ratis/7d4d64f9-a5ac-41c6-8edc-883676c37e0a/in_use.lock acquired by nodename 21770@pr-hdds-1935-7zzrp-4268841518
2019-08-21 08:22:18,782 INFO  storage.RaftStorageDirectory (RaftStorageDirectory.java:tryLock(328)) - Lock on /workdir/hadoop-ozone/integration-test/target/test-dir/MiniOzoneClusterImpl-3166a320-3ece-43b3-a0c7-a35313954d70/datanode-0/data/ratis/7d4d64f9-a5ac-41c6-8edc-883676c37e0a/in_use.lock acquired by nodename 21770@pr-hdds-1935-7zzrp-4268841518
2019-08-21 08:22:18,782 INFO  storage.RaftStorageDirectory (RaftStorageDirectory.java:tryLock(328)) - Lock on /workdir/hadoop-ozone/integration-test/target/test-dir/MiniOzoneClusterImpl-3166a320-3ece-43b3-a0c7-a35313954d70/datanode-1/data/ratis/7d4d64f9-a5ac-41c6-8edc-883676c37e0a/in_use.lock acquired by nodename 21770@pr-hdds-1935-7zzrp-4268841518
2019-08-21 08:22:18,804 INFO  storage.RaftStorage (RaftStorage.java:format(72)) - Storage directory /workdir/hadoop-ozone/integration-test/target/test-dir/MiniOzoneClusterImpl-3166a320-3ece-43b3-a0c7-a35313954d70/datanode-2/data/ratis/7d4d64f9-a5ac-41c6-8edc-883676c37e0a has been successfully formatted.
2019-08-21 08:22:18,804 INFO  storage.RaftStorage (RaftStorage.java:format(72)) - Storage directory /workdir/hadoop-ozone/integration-test/target/test-dir/MiniOzoneClusterImpl-3166a320-3ece-43b3-a0c7-a35313954d70/datanode-0/data/ratis/7d4d64f9-a5ac-41c6-8edc-883676c37e0a has been successfully formatted.
2019-08-21 08:22:18,804 INFO  storage.RaftStorage (RaftStorage.java:format(72)) - Storage directory /workdir/hadoop-ozone/integration-test/target/test-dir/MiniOzoneClusterImpl-3166a320-3ece-43b3-a0c7-a35313954d70/datanode-1/data/ratis/7d4d64f9-a5ac-41c6-8edc-883676c37e0a has been successfully formatted.
2019-08-21 08:22:18,805 INFO  ratis.ContainerStateMachine (ContainerStateMachine.java:loadSnapshot(222)) - group-883676C37E0A: The snapshot info is null. Setting the last applied indexto:(t:0, i:~)
2019-08-21 08:22:18,805 INFO  ratis.ContainerStateMachine (ContainerStateMachine.java:loadSnapshot(222)) - group-883676C37E0A: The snapshot info is null. Setting the last applied indexto:(t:0, i:~)
2019-08-21 08:22:18,805 INFO  ratis.ContainerStateMachine (ContainerStateMachine.java:loadSnapshot(222)) - group-883676C37E0A: The snapshot info is null. Setting the last applied indexto:(t:0, i:~)
2019-08-21 08:22:18,805 INFO  server.RaftServerConfigKeys (ConfUtils.java:logGet(43)) - raft.server.leader.election.timeout = 120s (custom)
2019-08-21 08:22:18,806 INFO  server.RaftServerConfigKeys (ConfUtils.java:logGet(43)) - raft.server.leader.election.timeout = 120s (custom)
2019-08-21 08:22:18,805 INFO  server.RaftServerConfigKeys (ConfUtils.java:logGet(43)) - raft.server.leader.election.timeout = 120s (custom)
2019-08-21 08:22:18,806 INFO  server.RaftServerConfigKeys (ConfUtils.java:logGet(43)) - raft.server.log.use.memory = false (default)
2019-08-21 08:22:18,806 INFO  server.RaftServerConfigKeys (ConfUtils.java:logGet(43)) - raft.server.log.use.memory = false (default)
2019-08-21 08:22:18,806 INFO  server.RaftServerConfigKeys (ConfUtils.java:logGet(43)) - raft.server.log.purge.gap = 1000000000 (custom)
2019-08-21 08:22:18,806 INFO  server.RaftServerConfigKeys (ConfUtils.java:logGet(43)) - raft.server.log.use.memory = false (default)
2019-08-21 08:22:18,807 INFO  server.RaftServerConfigKeys (ConfUtils.java:logGet(43)) - raft.server.log.appender.buffer.byte-limit = 33554432 (custom)
2019-08-21 08:22:18,806 INFO  server.RaftServerConfigKeys (ConfUtils.java:logGet(43)) - raft.server.log.purge.gap = 1000000000 (custom)
2019-08-21 08:22:18,807 INFO  server.RaftServerConfigKeys (ConfUtils.java:logGet(43)) - raft.server.log.segment.size.max = 1048576 (custom)
2019-08-21 08:22:18,807 INFO  server.RaftServerConfigKeys (ConfUtils.java:logGet(43)) - raft.server.log.purge.gap = 1000000000 (custom)
2019-08-21 08:22:18,807 INFO  server.RaftServerConfigKeys (ConfUtils.java:logGet(43)) - raft.server.log.segment.cache.num.max = 2 (custom)
2019-08-21 08:22:18,807 INFO  server.RaftServerConfigKeys (ConfUtils.java:logGet(43)) - raft.server.log.appender.buffer.byte-limit = 33554432 (custom)
2019-08-21 08:22:18,808 INFO  segmented.SegmentedRaftLogWorker (SegmentedRaftLogWorker.java:<init>(172)) - new bf931159-0a76-4a4b-b495-fcc6525eaf18-SegmentedRaftLogWorker:Storage Directory /workdir/hadoop-ozone/integration-test/target/test-dir/MiniOzoneClusterImpl-3166a320-3ece-43b3-a0c7-a35313954d70/datanode-1/data/ratis/7d4d64f9-a5ac-41c6-8edc-883676c37e0a for RaftStorage:Storage Directory /workdir/hadoop-ozone/integration-test/target/test-dir/MiniOzoneClusterImpl-3166a320-3ece-43b3-a0c7-a35313954d70/datanode-1/data/ratis/7d4d64f9-a5ac-41c6-8edc-883676c37e0a
2019-08-21 08:22:18,807 INFO  server.RaftServerConfigKeys (ConfUtils.java:logGet(43)) - raft.server.log.appender.buffer.byte-limit = 33554432 (custom)
2019-08-21 08:22:18,808 INFO  server.RaftServerConfigKeys (ConfUtils.java:logGet(43)) - raft.server.log.queue.byte-limit = 2147483647 (custom)
2019-08-21 08:22:18,808 INFO  server.RaftServerConfigKeys (ConfUtils.java:logGet(43)) - raft.server.log.segment.size.max = 1048576 (custom)
2019-08-21 08:22:18,810 INFO  server.RaftServerConfigKeys (ConfUtils.java:logGet(43)) - raft.server.log.queue.element-limit = 1024 (custom)
2019-08-21 08:22:18,809 INFO  server.RaftServerConfigKeys (ConfUtils.java:logGet(43)) - raft.server.log.segment.size.max = 1048576 (custom)
2019-08-21 08:22:18,810 INFO  server.RaftServerConfigKeys (ConfUtils.java:logGet(43)) - raft.server.log.segment.size.max = 1048576 (custom)
2019-08-21 08:22:18,810 INFO  server.RaftServerConfigKeys (ConfUtils.java:logGet(43)) - raft.server.log.segment.cache.num.max = 2 (custom)
2019-08-21 08:22:18,810 INFO  server.RaftServerConfigKeys (ConfUtils.java:logGet(43)) - raft.server.log.preallocated.size = 16384 (custom)
2019-08-21 08:22:18,810 INFO  server.RaftServerConfigKeys (ConfUtils.java:logGet(43)) - raft.server.log.segment.cache.num.max = 2 (custom)
2019-08-21 08:22:18,811 INFO  server.RaftServerConfigKeys (ConfUtils.java:logGet(43)) - raft.server.log.write.buffer.size = 33554432 (custom)
2019-08-21 08:22:18,811 INFO  segmented.SegmentedRaftLogWorker (SegmentedRaftLogWorker.java:<init>(172)) - new 37e8f1f0-3e67-43f4-ab2f-f76d6b860a7e-SegmentedRaftLogWorker:Storage Directory /workdir/hadoop-ozone/integration-test/target/test-dir/MiniOzoneClusterImpl-3166a320-3ece-43b3-a0c7-a35313954d70/datanode-2/data/ratis/7d4d64f9-a5ac-41c6-8edc-883676c37e0a for RaftStorage:Storage Directory /workdir/hadoop-ozone/integration-test/target/test-dir/MiniOzoneClusterImpl-3166a320-3ece-43b3-a0c7-a35313954d70/datanode-2/data/ratis/7d4d64f9-a5ac-41c6-8edc-883676c37e0a
2019-08-21 08:22:18,811 INFO  server.RaftServerConfigKeys (ConfUtils.java:logGet(43)) - raft.server.log.force.sync.num = 128 (default)
2019-08-21 08:22:18,811 INFO  segmented.SegmentedRaftLogWorker (SegmentedRaftLogWorker.java:<init>(172)) - new fda0b0df-3d63-46d9-9a4a-066f69f39b29-SegmentedRaftLogWorker:Storage Directory /workdir/hadoop-ozone/integration-test/target/test-dir/MiniOzoneClusterImpl-3166a320-3ece-43b3-a0c7-a35313954d70/datanode-0/data/ratis/7d4d64f9-a5ac-41c6-8edc-883676c37e0a for RaftStorage:Storage Directory /workdir/hadoop-ozone/integration-test/target/test-dir/MiniOzoneClusterImpl-3166a320-3ece-43b3-a0c7-a35313954d70/datanode-0/data/ratis/7d4d64f9-a5ac-41c6-8edc-883676c37e0a
2019-08-21 08:22:18,812 INFO  server.RaftServerConfigKeys (ConfUtils.java:logGet(43)) - raft.server.log.statemachine.data.sync = true (default)
2019-08-21 08:22:18,811 INFO  server.RaftServerConfigKeys (ConfUtils.java:logGet(43)) - raft.server.log.queue.byte-limit = 2147483647 (custom)
2019-08-21 08:22:18,814 INFO  server.RaftServerConfigKeys (ConfUtils.java:logGet(43)) - raft.server.log.statemachine.data.sync.timeout = 10s (default)
2019-08-21 08:22:18,813 INFO  server.RaftServerConfigKeys (ConfUtils.java:logGet(43)) - raft.server.log.queue.byte-limit = 2147483647 (custom)
2019-08-21 08:22:18,815 INFO  server.RaftServerConfigKeys (ConfUtils.java:logGet(43)) - raft.server.log.statemachine.data.sync.timeout.retry = -1 (default)
2019-08-21 08:22:18,814 INFO  server.RaftServerConfigKeys (ConfUtils.java:logGet(43)) - raft.server.log.queue.element-limit = 1024 (custom)
2019-08-21 08:22:18,815 INFO  server.RaftServerConfigKeys (ConfUtils.java:logGet(43)) - raft.server.log.statemachine.data.caching.enabled = true (custom)
2019-08-21 08:22:18,815 INFO  server.RaftServerConfigKeys (ConfUtils.java:logGet(43)) - raft.server.log.queue.element-limit = 1024 (custom)
2019-08-21 08:22:18,815 INFO  server.RaftServerConfigKeys (ConfUtils.java:logGet(43)) - raft.server.log.segment.size.max = 1048576 (custom)
2019-08-21 08:22:18,816 INFO  segmented.SegmentedRaftLogWorker (SegmentedRaftLogWorker.java:lambda$new$0(132)) - bf931159-0a76-4a4b-b495-fcc6525eaf18-SegmentedRaftLogWorker:Storage Directory /workdir/hadoop-ozone/integration-test/target/test-dir/MiniOzoneClusterImpl-3166a320-3ece-43b3-a0c7-a35313954d70/datanode-1/data/ratis/7d4d64f9-a5ac-41c6-8edc-883676c37e0a: flushIndex: setUnconditionally 0 -> -1
2019-08-21 08:22:18,816 INFO  server.RaftServerConfigKeys (ConfUtils.java:logGet(43)) - raft.server.log.segment.size.max = 1048576 (custom)
2019-08-21 08:22:18,816 INFO  server.RaftServerConfigKeys (ConfUtils.java:logGet(43)) - raft.server.log.preallocated.size = 16384 (custom)
2019-08-21 08:22:18,816 INFO  server.RaftServerConfigKeys (ConfUtils.java:logGet(43)) - raft.server.log.preallocated.size = 16384 (custom)
2019-08-21 08:22:18,816 INFO  server.RaftServerConfigKeys (ConfUtils.java:logGet(43)) - raft.server.snapshot.auto.trigger.enabled = true (custom)
2019-08-21 08:22:18,817 INFO  server.RaftServerConfigKeys (ConfUtils.java:logGet(43)) - raft.server.log.write.buffer.size = 33554432 (custom)
2019-08-21 08:22:18,816 INFO  server.RaftServerConfigKeys (ConfUtils.java:logGet(43)) - raft.server.log.write.buffer.size = 33554432 (custom)
2019-08-21 08:22:18,817 INFO  server.RaftServerConfigKeys (ConfUtils.java:logGet(43)) - raft.server.log.force.sync.num = 128 (default)
2019-08-21 08:22:18,817 INFO  server.RaftServerConfigKeys (ConfUtils.java:logGet(43)) - raft.server.snapshot.auto.trigger.threshold = 10000 (custom)
2019-08-21 08:22:18,817 INFO  server.RaftServerConfigKeys (ConfUtils.java:logGet(43)) - raft.server.log.statemachine.data.sync = true (default)
2019-08-21 08:22:18,817 INFO  server.RaftServerConfigKeys (ConfUtils.java:logGet(43)) - raft.server.log.force.sync.num = 128 (default)
2019-08-21 08:22:18,818 INFO  server.RaftServerConfigKeys (ConfUtils.java:logGet(43)) - raft.server.log.statemachine.data.sync.timeout = 10s (default)
2019-08-21 08:22:18,818 INFO  server.RaftServerConfigKeys (ConfUtils.java:logGet(43)) - raft.server.retrycache.expirytime = 600000ms (custom)
2019-08-21 08:22:18,818 INFO  server.RaftServerConfigKeys (ConfUtils.java:logGet(43)) - raft.server.log.statemachine.data.sync.timeout.retry = -1 (default)
2019-08-21 08:22:18,818 INFO  server.RaftServerConfigKeys (ConfUtils.java:logGet(43)) - raft.server.log.statemachine.data.sync = true (default)
2019-08-21 08:22:18,819 INFO  server.RaftServerConfigKeys (ConfUtils.java:logGet(43)) - raft.server.log.statemachine.data.caching.enabled = true (custom)
2019-08-21 08:22:18,819 INFO  impl.RaftServerImpl (RaftServerImpl.java:start(180)) - bf931159-0a76-4a4b-b495-fcc6525eaf18: start group-883676C37E0A
2019-08-21 08:22:18,819 INFO  server.RaftServerConfigKeys (ConfUtils.java:logGet(43)) - raft.server.log.statemachine.data.sync.timeout = 10s (default)
2019-08-21 08:22:18,819 INFO  impl.RaftServerImpl (RaftServerImpl.java:setRole(171)) - bf931159-0a76-4a4b-b495-fcc6525eaf18:group-883676C37E0A changes role from null to FOLLOWER at term 0 for startAsFollower
2019-08-21 08:22:18,819 INFO  server.RaftServerConfigKeys (ConfUtils.java:logGet(43)) - raft.server.log.statemachine.data.sync.timeout.retry = -1 (default)
2019-08-21 08:22:18,819 INFO  segmented.SegmentedRaftLogWorker (SegmentedRaftLogWorker.java:lambda$new$0(132)) - fda0b0df-3d63-46d9-9a4a-066f69f39b29-SegmentedRaftLogWorker:Storage Directory /workdir/hadoop-ozone/integration-test/target/test-dir/MiniOzoneClusterImpl-3166a320-3ece-43b3-a0c7-a35313954d70/datanode-0/data/ratis/7d4d64f9-a5ac-41c6-8edc-883676c37e0a: flushIndex: setUnconditionally 0 -> -1
2019-08-21 08:22:18,820 INFO  server.RaftServerConfigKeys (ConfUtils.java:logGet(43)) - raft.server.log.statemachine.data.caching.enabled = true (custom)
2019-08-21 08:22:18,820 INFO  impl.RoleInfo (RoleInfo.java:updateAndGet(143)) - bf931159-0a76-4a4b-b495-fcc6525eaf18: start FollowerState
2019-08-21 08:22:18,820 INFO  server.RaftServerConfigKeys (ConfUtils.java:logGet(43)) - raft.server.snapshot.auto.trigger.enabled = true (custom)
2019-08-21 08:22:18,820 INFO  segmented.SegmentedRaftLogWorker (SegmentedRaftLogWorker.java:lambda$new$0(132)) - 37e8f1f0-3e67-43f4-ab2f-f76d6b860a7e-SegmentedRaftLogWorker:Storage Directory /workdir/hadoop-ozone/integration-test/target/test-dir/MiniOzoneClusterImpl-3166a320-3ece-43b3-a0c7-a35313954d70/datanode-2/data/ratis/7d4d64f9-a5ac-41c6-8edc-883676c37e0a: flushIndex: setUnconditionally 0 -> -1
2019-08-21 08:22:18,820 INFO  server.RaftServerConfigKeys (ConfUtils.java:logGet(43)) - raft.server.snapshot.auto.trigger.threshold = 10000 (custom)
2019-08-21 08:22:18,821 INFO  util.JmxRegister (JmxRegister.java:tryRegister(44)) - Successfully registered JMX Bean with object name Ratis:service=RaftServer,group=group-883676C37E0A,id=bf931159-0a76-4a4b-b495-fcc6525eaf18
2019-08-21 08:22:18,821 INFO  server.RaftServerConfigKeys (ConfUtils.java:logGet(43)) - raft.server.retrycache.expirytime = 600000ms (custom)
2019-08-21 08:22:18,821 INFO  server.RaftServerConfigKeys (ConfUtils.java:logGet(43)) - raft.server.snapshot.auto.trigger.enabled = true (custom)
2019-08-21 08:22:18,821 INFO  impl.RaftServerImpl (RaftServerImpl.java:start(180)) - fda0b0df-3d63-46d9-9a4a-066f69f39b29: start group-883676C37E0A
2019-08-21 08:22:18,821 INFO  server.RaftServerConfigKeys (ConfUtils.java:logGet(43)) - raft.server.snapshot.auto.trigger.threshold = 10000 (custom)
2019-08-21 08:22:18,822 INFO  impl.RaftServerImpl (RaftServerImpl.java:setRole(171)) - fda0b0df-3d63-46d9-9a4a-066f69f39b29:group-883676C37E0A changes role from null to FOLLOWER at term 0 for startAsFollower
2019-08-21 08:22:18,822 INFO  server.RaftServerConfigKeys (ConfUtils.java:logGet(43)) - raft.server.retrycache.expirytime = 600000ms (custom)
2019-08-21 08:22:18,822 INFO  impl.RoleInfo (RoleInfo.java:updateAndGet(143)) - fda0b0df-3d63-46d9-9a4a-066f69f39b29: start FollowerState
2019-08-21 08:22:18,822 INFO  impl.RaftServerImpl (RaftServerImpl.java:start(180)) - 37e8f1f0-3e67-43f4-ab2f-f76d6b860a7e: start group-883676C37E0A
2019-08-21 08:22:18,824 INFO  util.JmxRegister (JmxRegister.java:tryRegister(44)) - Successfully registered JMX Bean with object name Ratis:service=RaftServer,group=group-883676C37E0A,id=fda0b0df-3d63-46d9-9a4a-066f69f39b29
2019-08-21 08:22:18,825 INFO  impl.RaftServerImpl (RaftServerImpl.java:setRole(171)) - 37e8f1f0-3e67-43f4-ab2f-f76d6b860a7e:group-883676C37E0A changes role from null to FOLLOWER at term 0 for startAsFollower
2019-08-21 08:22:18,826 INFO  impl.RoleInfo (RoleInfo.java:updateAndGet(143)) - 37e8f1f0-3e67-43f4-ab2f-f76d6b860a7e: start FollowerState
2019-08-21 08:22:18,827 INFO  util.JmxRegister (JmxRegister.java:tryRegister(44)) - Successfully registered JMX Bean with object name Ratis:service=RaftServer,group=group-883676C37E0A,id=37e8f1f0-3e67-43f4-ab2f-f76d6b860a7e
2019-08-21 08:22:18,847 INFO  ozone.MiniOzoneClusterImpl (MiniOzoneClusterImpl.java:lambda$waitForClusterToBeReady$0(142)) - Cluster is ready. Got 3 of 3 DN Heartbeats.
2019-08-21 08:22:18,853 INFO  pipeline.PipelineStateManager (PipelineStateManager.java:addPipeline(56)) - Created pipeline Pipeline[ Id: 7d4d64f9-a5ac-41c6-8edc-883676c37e0a, Nodes: 37e8f1f0-3e67-43f4-ab2f-f76d6b860a7e{ip: 192.168.5.147, host: pr-hdds-1935-7zzrp-4268841518, networkLocation: /default-rack, certSerialId: null}bf931159-0a76-4a4b-b495-fcc6525eaf18{ip: 192.168.5.147, host: pr-hdds-1935-7zzrp-4268841518, networkLocation: /default-rack, certSerialId: null}fda0b0df-3d63-46d9-9a4a-066f69f39b29{ip: 192.168.5.147, host: pr-hdds-1935-7zzrp-4268841518, networkLocation: /default-rack, certSerialId: null}, Type:RATIS, Factor:THREE, State:OPEN]
2019-08-21 08:22:18,880 INFO  pipeline.PipelineActionHandler (PipelineActionHandler.java:onMessage(60)) - Received pipeline action CLOSE for Pipeline[ Id: 7d4d64f9-a5ac-41c6-8edc-883676c37e0a, Nodes: 37e8f1f0-3e67-43f4-ab2f-f76d6b860a7e{ip: 192.168.5.147, host: pr-hdds-1935-7zzrp-4268841518, networkLocation: /default-rack, certSerialId: null}bf931159-0a76-4a4b-b495-fcc6525eaf18{ip: 192.168.5.147, host: pr-hdds-1935-7zzrp-4268841518, networkLocation: /default-rack, certSerialId: null}fda0b0df-3d63-46d9-9a4a-066f69f39b29{ip: 192.168.5.147, host: pr-hdds-1935-7zzrp-4268841518, networkLocation: /default-rack, certSerialId: null}, Type:RATIS, Factor:THREE, State:OPEN] from datanode 37e8f1f0-3e67-43f4-ab2f-f76d6b860a7e{ip: 192.168.5.147, host: pr-hdds-1935-7zzrp-4268841518, networkLocation: /default-rack, certSerialId: null}. Reason : 
2019-08-21 08:22:20,493 INFO  container.ReplicationManager (ReplicationManager.java:start(164)) - Starting Replication Monitor Thread.
2019-08-21 08:22:20,503 INFO  container.ReplicationManager (ReplicationManager.java:run(216)) - Replication Monitor Thread took 8 milliseconds for processing 1 containers.
2019-08-21 08:22:23,661 INFO  impl.FollowerState (FollowerState.java:run(106)) - fda0b0df-3d63-46d9-9a4a-066f69f39b29:group-B3813AB17CD2 changes to CANDIDATE, lastRpcTime:5158, electionTimeout:5158ms
2019-08-21 08:22:23,661 INFO  impl.RoleInfo (RoleInfo.java:shutdownFollowerState(121)) - fda0b0df-3d63-46d9-9a4a-066f69f39b29: shutdown FollowerState
2019-08-21 08:22:23,661 INFO  impl.RaftServerImpl (RaftServerImpl.java:setRole(171)) - fda0b0df-3d63-46d9-9a4a-066f69f39b29:group-B3813AB17CD2 changes role from FOLLOWER to CANDIDATE at term 0 for changeToCandidate
2019-08-21 08:22:23,666 INFO  impl.RoleInfo (RoleInfo.java:updateAndGet(143)) - fda0b0df-3d63-46d9-9a4a-066f69f39b29: start LeaderElection
2019-08-21 08:22:23,674 INFO  impl.LeaderElection (LeaderElection.java:askForVotes(181)) - fda0b0df-3d63-46d9-9a4a-066f69f39b29:group-B3813AB17CD2:LeaderElection1: begin an election at term 1 for -1: [fda0b0df-3d63-46d9-9a4a-066f69f39b29:192.168.5.147:40585], old=null
2019-08-21 08:22:23,676 INFO  impl.RoleInfo (RoleInfo.java:shutdownLeaderElection(134)) - fda0b0df-3d63-46d9-9a4a-066f69f39b29: shutdown LeaderElection
2019-08-21 08:22:23,676 INFO  impl.RaftServerImpl (RaftServerImpl.java:setRole(171)) - fda0b0df-3d63-46d9-9a4a-066f69f39b29:group-B3813AB17CD2 changes role from CANDIDATE to LEADER at term 1 for changeToLeader
2019-08-21 08:22:23,676 INFO  impl.RaftServerImpl (ServerState.java:setLeader(263)) - fda0b0df-3d63-46d9-9a4a-066f69f39b29:group-B3813AB17CD2 change Leader from null to fda0b0df-3d63-46d9-9a4a-066f69f39b29 at term 1 for becomeLeader, leader elected after 5266ms
2019-08-21 08:22:23,683 INFO  server.RaftServerConfigKeys (ConfUtils.java:logGet(43)) - raft.server.staging.catchup.gap = 1000 (default)
2019-08-21 08:22:23,684 INFO  server.RaftServerConfigKeys (ConfUtils.java:logGet(43)) - raft.server.rpc.sleep.time = 25ms (default)
2019-08-21 08:22:23,687 INFO  server.RaftServerConfigKeys (ConfUtils.java:logGet(43)) - raft.server.write.element-limit = 4096 (default)
2019-08-21 08:22:23,689 INFO  server.RaftServerConfigKeys (ConfUtils.java:logGet(43)) - raft.server.watch.timeout = 10s (default)
2019-08-21 08:22:23,690 INFO  server.RaftServerConfigKeys (ConfUtils.java:logGet(43)) - raft.server.watch.timeout.denomination = 1s (default)
2019-08-21 08:22:23,691 INFO  server.RaftServerConfigKeys (ConfUtils.java:logGet(43)) - raft.server.watch.element-limit = 65536 (default)
2019-08-21 08:22:23,700 INFO  impl.RoleInfo (RoleInfo.java:updateAndGet(143)) - fda0b0df-3d63-46d9-9a4a-066f69f39b29: start LeaderState
2019-08-21 08:22:23,721 INFO  segmented.SegmentedRaftLogWorker (SegmentedRaftLogWorker.java:startLogSegment(380)) - fda0b0df-3d63-46d9-9a4a-066f69f39b29-SegmentedRaftLogWorker:Storage Directory /workdir/hadoop-ozone/integration-test/target/test-dir/MiniOzoneClusterImpl-3166a320-3ece-43b3-a0c7-a35313954d70/datanode-0/data/ratis/b2412358-733b-41d2-a9bb-b3813ab17cd2: Starting segment from index:0
2019-08-21 08:22:23,729 INFO  impl.RaftServerImpl (ServerState.java:setRaftConf(361)) - fda0b0df-3d63-46d9-9a4a-066f69f39b29:group-B3813AB17CD2 set configuration 0: [fda0b0df-3d63-46d9-9a4a-066f69f39b29:192.168.5.147:40585], old=null at 0
2019-08-21 08:22:23,742 INFO  impl.FollowerState (FollowerState.java:run(106)) - bf931159-0a76-4a4b-b495-fcc6525eaf18:group-A65A6299FB65 changes to CANDIDATE, lastRpcTime:5032, electionTimeout:5032ms
2019-08-21 08:22:23,743 INFO  impl.RoleInfo (RoleInfo.java:shutdownFollowerState(121)) - bf931159-0a76-4a4b-b495-fcc6525eaf18: shutdown FollowerState
2019-08-21 08:22:23,743 INFO  impl.RaftServerImpl (RaftServerImpl.java:setRole(171)) - bf931159-0a76-4a4b-b495-fcc6525eaf18:group-A65A6299FB65 changes role from FOLLOWER to CANDIDATE at term 0 for changeToCandidate
2019-08-21 08:22:23,743 INFO  impl.RoleInfo (RoleInfo.java:updateAndGet(143)) - bf931159-0a76-4a4b-b495-fcc6525eaf18: start LeaderElection
2019-08-21 08:22:23,759 INFO  impl.LeaderElection (LeaderElection.java:askForVotes(181)) - bf931159-0a76-4a4b-b495-fcc6525eaf18:group-A65A6299FB65:LeaderElection2: begin an election at term 1 for -1: [bf931159-0a76-4a4b-b495-fcc6525eaf18:192.168.5.147:35317], old=null
2019-08-21 08:22:23,760 INFO  impl.RoleInfo (RoleInfo.java:shutdownLeaderElection(134)) - bf931159-0a76-4a4b-b495-fcc6525eaf18: shutdown LeaderElection
2019-08-21 08:22:23,760 INFO  impl.RaftServerImpl (RaftServerImpl.java:setRole(171)) - bf931159-0a76-4a4b-b495-fcc6525eaf18:group-A65A6299FB65 changes role from CANDIDATE to LEADER at term 1 for changeToLeader
2019-08-21 08:22:23,760 INFO  impl.RaftServerImpl (ServerState.java:setLeader(263)) - bf931159-0a76-4a4b-b495-fcc6525eaf18:group-A65A6299FB65 change Leader from null to bf931159-0a76-4a4b-b495-fcc6525eaf18 at term 1 for becomeLeader, leader elected after 5055ms
2019-08-21 08:22:23,760 INFO  server.RaftServerConfigKeys (ConfUtils.java:logGet(43)) - raft.server.staging.catchup.gap = 1000 (default)
2019-08-21 08:22:23,760 INFO  server.RaftServerConfigKeys (ConfUtils.java:logGet(43)) - raft.server.rpc.sleep.time = 25ms (default)
2019-08-21 08:22:23,761 INFO  server.RaftServerConfigKeys (ConfUtils.java:logGet(43)) - raft.server.write.element-limit = 4096 (default)
2019-08-21 08:22:23,761 INFO  server.RaftServerConfigKeys (ConfUtils.java:logGet(43)) - raft.server.watch.timeout = 10s (default)
2019-08-21 08:22:23,761 INFO  server.RaftServerConfigKeys (ConfUtils.java:logGet(43)) - raft.server.watch.timeout.denomination = 1s (default)
2019-08-21 08:22:23,761 INFO  server.RaftServerConfigKeys (ConfUtils.java:logGet(43)) - raft.server.watch.element-limit = 65536 (default)
2019-08-21 08:22:23,761 INFO  impl.RoleInfo (RoleInfo.java:updateAndGet(143)) - bf931159-0a76-4a4b-b495-fcc6525eaf18: start LeaderState
2019-08-21 08:22:23,761 INFO  segmented.SegmentedRaftLogWorker (SegmentedRaftLogWorker.java:startLogSegment(380)) - bf931159-0a76-4a4b-b495-fcc6525eaf18-SegmentedRaftLogWorker:Storage Directory /workdir/hadoop-ozone/integration-test/target/test-dir/MiniOzoneClusterImpl-3166a320-3ece-43b3-a0c7-a35313954d70/datanode-1/data/ratis/af1f7b4d-ad0a-458e-92c1-a65a6299fb65: Starting segment from index:0
2019-08-21 08:22:23,762 INFO  impl.RaftServerImpl (ServerState.java:setRaftConf(361)) - bf931159-0a76-4a4b-b495-fcc6525eaf18:group-A65A6299FB65 set configuration 0: [bf931159-0a76-4a4b-b495-fcc6525eaf18:192.168.5.147:35317], old=null at 0
2019-08-21 08:22:23,834 INFO  impl.FollowerState (FollowerState.java:run(106)) - 37e8f1f0-3e67-43f4-ab2f-f76d6b860a7e:group-5C589AC60636 changes to CANDIDATE, lastRpcTime:5198, electionTimeout:5197ms
2019-08-21 08:22:23,834 INFO  impl.RoleInfo (RoleInfo.java:shutdownFollowerState(121)) - 37e8f1f0-3e67-43f4-ab2f-f76d6b860a7e: shutdown FollowerState
2019-08-21 08:22:23,834 INFO  impl.RaftServerImpl (RaftServerImpl.java:setRole(171)) - 37e8f1f0-3e67-43f4-ab2f-f76d6b860a7e:group-5C589AC60636 changes role from FOLLOWER to CANDIDATE at term 0 for changeToCandidate
2019-08-21 08:22:23,835 INFO  impl.RoleInfo (RoleInfo.java:updateAndGet(143)) - 37e8f1f0-3e67-43f4-ab2f-f76d6b860a7e: start LeaderElection
2019-08-21 08:22:23,852 INFO  impl.LeaderElection (LeaderElection.java:askForVotes(181)) - 37e8f1f0-3e67-43f4-ab2f-f76d6b860a7e:group-5C589AC60636:LeaderElection3: begin an election at term 1 for -1: [37e8f1f0-3e67-43f4-ab2f-f76d6b860a7e:192.168.5.147:44591], old=null
2019-08-21 08:22:23,853 INFO  impl.RoleInfo (RoleInfo.java:shutdownLeaderElection(134)) - 37e8f1f0-3e67-43f4-ab2f-f76d6b860a7e: shutdown LeaderElection
2019-08-21 08:22:23,853 INFO  impl.RaftServerImpl (RaftServerImpl.java:setRole(171)) - 37e8f1f0-3e67-43f4-ab2f-f76d6b860a7e:group-5C589AC60636 changes role from CANDIDATE to LEADER at term 1 for changeToLeader
2019-08-21 08:22:23,853 INFO  impl.RaftServerImpl (ServerState.java:setLeader(263)) - 37e8f1f0-3e67-43f4-ab2f-f76d6b860a7e:group-5C589AC60636 change Leader from null to 37e8f1f0-3e67-43f4-ab2f-f76d6b860a7e at term 1 for becomeLeader, leader elected after 5221ms
2019-08-21 08:22:23,853 INFO  server.RaftServerConfigKeys (ConfUtils.java:logGet(43)) - raft.server.staging.catchup.gap = 1000 (default)
2019-08-21 08:22:23,853 INFO  server.RaftServerConfigKeys (ConfUtils.java:logGet(43)) - raft.server.rpc.sleep.time = 25ms (default)
2019-08-21 08:22:23,853 INFO  server.RaftServerConfigKeys (ConfUtils.java:logGet(43)) - raft.server.write.element-limit = 4096 (default)
2019-08-21 08:22:23,854 INFO  server.RaftServerConfigKeys (ConfUtils.java:logGet(43)) - raft.server.watch.timeout = 10s (default)
2019-08-21 08:22:23,854 INFO  server.RaftServerConfigKeys (ConfUtils.java:logGet(43)) - raft.server.watch.timeout.denomination = 1s (default)
2019-08-21 08:22:23,854 INFO  server.RaftServerConfigKeys (ConfUtils.java:logGet(43)) - raft.server.watch.element-limit = 65536 (default)
2019-08-21 08:22:23,854 INFO  impl.RoleInfo (RoleInfo.java:updateAndGet(143)) - 37e8f1f0-3e67-43f4-ab2f-f76d6b860a7e: start LeaderState
2019-08-21 08:22:23,855 INFO  segmented.SegmentedRaftLogWorker (SegmentedRaftLogWorker.java:startLogSegment(380)) - 37e8f1f0-3e67-43f4-ab2f-f76d6b860a7e-SegmentedRaftLogWorker:Storage Directory /workdir/hadoop-ozone/integration-test/target/test-dir/MiniOzoneClusterImpl-3166a320-3ece-43b3-a0c7-a35313954d70/datanode-2/data/ratis/da9e0efc-8614-4c56-822a-5c589ac60636: Starting segment from index:0
2019-08-21 08:22:23,855 INFO  impl.RaftServerImpl (ServerState.java:setRaftConf(361)) - 37e8f1f0-3e67-43f4-ab2f-f76d6b860a7e:group-5C589AC60636 set configuration 0: [37e8f1f0-3e67-43f4-ab2f-f76d6b860a7e:192.168.5.147:44591], old=null at 0
2019-08-21 08:22:23,891 INFO  impl.FollowerState (FollowerState.java:run(106)) - bf931159-0a76-4a4b-b495-fcc6525eaf18:group-883676C37E0A changes to CANDIDATE, lastRpcTime:5071, electionTimeout:5070ms
2019-08-21 08:22:23,891 INFO  impl.RoleInfo (RoleInfo.java:shutdownFollowerState(121)) - bf931159-0a76-4a4b-b495-fcc6525eaf18: shutdown FollowerState
2019-08-21 08:22:23,891 INFO  impl.RaftServerImpl (RaftServerImpl.java:setRole(171)) - bf931159-0a76-4a4b-b495-fcc6525eaf18:group-883676C37E0A changes role from FOLLOWER to CANDIDATE at term 0 for changeToCandidate
2019-08-21 08:22:23,891 INFO  impl.RoleInfo (RoleInfo.java:updateAndGet(143)) - bf931159-0a76-4a4b-b495-fcc6525eaf18: start LeaderElection
2019-08-21 08:22:23,908 INFO  impl.LeaderElection (LeaderElection.java:askForVotes(181)) - bf931159-0a76-4a4b-b495-fcc6525eaf18:group-883676C37E0A:LeaderElection4: begin an election at term 1 for -1: [37e8f1f0-3e67-43f4-ab2f-f76d6b860a7e:192.168.5.147:44591, bf931159-0a76-4a4b-b495-fcc6525eaf18:192.168.5.147:35317, fda0b0df-3d63-46d9-9a4a-066f69f39b29:192.168.5.147:40585], old=null
2019-08-21 08:22:23,909 INFO  segmented.SegmentedRaftLogWorker (SegmentedRaftLogWorker.java:execute(569)) - 37e8f1f0-3e67-43f4-ab2f-f76d6b860a7e-SegmentedRaftLogWorker:Storage Directory /workdir/hadoop-ozone/integration-test/target/test-dir/MiniOzoneClusterImpl-3166a320-3ece-43b3-a0c7-a35313954d70/datanode-2/data/ratis/da9e0efc-8614-4c56-822a-5c589ac60636: created new log segment /workdir/hadoop-ozone/integration-test/target/test-dir/MiniOzoneClusterImpl-3166a320-3ece-43b3-a0c7-a35313954d70/datanode-2/data/ratis/da9e0efc-8614-4c56-822a-5c589ac60636/current/log_inprogress_0
2019-08-21 08:22:23,909 INFO  segmented.SegmentedRaftLogWorker (SegmentedRaftLogWorker.java:execute(569)) - bf931159-0a76-4a4b-b495-fcc6525eaf18-SegmentedRaftLogWorker:Storage Directory /workdir/hadoop-ozone/integration-test/target/test-dir/MiniOzoneClusterImpl-3166a320-3ece-43b3-a0c7-a35313954d70/datanode-1/data/ratis/af1f7b4d-ad0a-458e-92c1-a65a6299fb65: created new log segment /workdir/hadoop-ozone/integration-test/target/test-dir/MiniOzoneClusterImpl-3166a320-3ece-43b3-a0c7-a35313954d70/datanode-1/data/ratis/af1f7b4d-ad0a-458e-92c1-a65a6299fb65/current/log_inprogress_0
2019-08-21 08:22:23,909 INFO  segmented.SegmentedRaftLogWorker (SegmentedRaftLogWorker.java:execute(569)) - fda0b0df-3d63-46d9-9a4a-066f69f39b29-SegmentedRaftLogWorker:Storage Directory /workdir/hadoop-ozone/integration-test/target/test-dir/MiniOzoneClusterImpl-3166a320-3ece-43b3-a0c7-a35313954d70/datanode-0/data/ratis/b2412358-733b-41d2-a9bb-b3813ab17cd2: created new log segment /workdir/hadoop-ozone/integration-test/target/test-dir/MiniOzoneClusterImpl-3166a320-3ece-43b3-a0c7-a35313954d70/datanode-0/data/ratis/b2412358-733b-41d2-a9bb-b3813ab17cd2/current/log_inprogress_0
2019-08-21 08:22:23,939 INFO  impl.RaftServerImpl (RaftServerImpl.java:setRole(171)) - 37e8f1f0-3e67-43f4-ab2f-f76d6b860a7e:group-883676C37E0A changes role from FOLLOWER to FOLLOWER at term 1 for recognizeCandidate:bf931159-0a76-4a4b-b495-fcc6525eaf18
2019-08-21 08:22:23,939 INFO  impl.RaftServerImpl (RaftServerImpl.java:setRole(171)) - fda0b0df-3d63-46d9-9a4a-066f69f39b29:group-883676C37E0A changes role from FOLLOWER to FOLLOWER at term 1 for recognizeCandidate:bf931159-0a76-4a4b-b495-fcc6525eaf18
2019-08-21 08:22:23,939 INFO  impl.RoleInfo (RoleInfo.java:shutdownFollowerState(121)) - 37e8f1f0-3e67-43f4-ab2f-f76d6b860a7e: shutdown FollowerState
2019-08-21 08:22:23,940 INFO  impl.RoleInfo (RoleInfo.java:shutdownFollowerState(121)) - fda0b0df-3d63-46d9-9a4a-066f69f39b29: shutdown FollowerState
2019-08-21 08:22:23,940 INFO  impl.RoleInfo (RoleInfo.java:updateAndGet(143)) - 37e8f1f0-3e67-43f4-ab2f-f76d6b860a7e: start FollowerState
2019-08-21 08:22:23,941 INFO  impl.RoleInfo (RoleInfo.java:updateAndGet(143)) - fda0b0df-3d63-46d9-9a4a-066f69f39b29: start FollowerState
2019-08-21 08:22:23,941 INFO  impl.FollowerState (FollowerState.java:run(114)) - 37e8f1f0-3e67-43f4-ab2f-f76d6b860a7e: FollowerState was interrupted: java.lang.InterruptedException: sleep interrupted
2019-08-21 08:22:23,941 INFO  impl.FollowerState (FollowerState.java:run(114)) - fda0b0df-3d63-46d9-9a4a-066f69f39b29: FollowerState was interrupted: java.lang.InterruptedException: sleep interrupted
2019-08-21 08:22:23,958 INFO  impl.LeaderElection (LeaderElection.java:logAndReturn(56)) - bf931159-0a76-4a4b-b495-fcc6525eaf18:group-883676C37E0A:LeaderElection4: Election PASSED; received 1 response(s) [bf931159-0a76-4a4b-b495-fcc6525eaf18<-fda0b0df-3d63-46d9-9a4a-066f69f39b29#0:OK-t1] and 0 exception(s); bf931159-0a76-4a4b-b495-fcc6525eaf18:t1, leader=null, voted=bf931159-0a76-4a4b-b495-fcc6525eaf18, raftlog=bf931159-0a76-4a4b-b495-fcc6525eaf18-SegmentedRaftLog:OPENED:c-1,f-1,i0, conf=-1: [37e8f1f0-3e67-43f4-ab2f-f76d6b860a7e:192.168.5.147:44591, bf931159-0a76-4a4b-b495-fcc6525eaf18:192.168.5.147:35317, fda0b0df-3d63-46d9-9a4a-066f69f39b29:192.168.5.147:40585], old=null
2019-08-21 08:22:23,958 INFO  impl.RoleInfo (RoleInfo.java:shutdownLeaderElection(134)) - bf931159-0a76-4a4b-b495-fcc6525eaf18: shutdown LeaderElection
2019-08-21 08:22:23,959 INFO  impl.RaftServerImpl (RaftServerImpl.java:setRole(171)) - bf931159-0a76-4a4b-b495-fcc6525eaf18:group-883676C37E0A changes role from CANDIDATE to LEADER at term 1 for changeToLeader
2019-08-21 08:22:23,959 INFO  impl.RaftServerImpl (ServerState.java:setLeader(263)) - bf931159-0a76-4a4b-b495-fcc6525eaf18:group-883676C37E0A change Leader from null to bf931159-0a76-4a4b-b495-fcc6525eaf18 at term 1 for becomeLeader, leader elected after 5153ms
2019-08-21 08:22:23,959 INFO  server.RaftServerConfigKeys (ConfUtils.java:logGet(43)) - raft.server.staging.catchup.gap = 1000 (default)
2019-08-21 08:22:23,959 INFO  server.RaftServerConfigKeys (ConfUtils.java:logGet(43)) - raft.server.rpc.sleep.time = 25ms (default)
2019-08-21 08:22:23,960 INFO  server.RaftServerConfigKeys (ConfUtils.java:logGet(43)) - raft.server.write.element-limit = 4096 (default)
2019-08-21 08:22:23,960 INFO  server.RaftServerConfigKeys (ConfUtils.java:logGet(43)) - raft.server.watch.timeout = 10s (default)
2019-08-21 08:22:23,960 INFO  server.RaftServerConfigKeys (ConfUtils.java:logGet(43)) - raft.server.watch.timeout.denomination = 1s (default)
2019-08-21 08:22:23,960 INFO  server.RaftServerConfigKeys (ConfUtils.java:logGet(43)) - raft.server.watch.element-limit = 65536 (default)
2019-08-21 08:22:23,962 INFO  server.RaftServerConfigKeys (ConfUtils.java:logGet(43)) - raft.server.log.appender.snapshot.chunk.size.max = 16MB (=16777216) (default)
2019-08-21 08:22:23,962 INFO  server.RaftServerConfigKeys (ConfUtils.java:logGet(43)) - raft.server.log.appender.buffer.byte-limit = 33554432 (custom)
2019-08-21 08:22:23,963 INFO  server.RaftServerConfigKeys (ConfUtils.java:logGet(43)) - raft.server.log.appender.buffer.element-limit = 1 (custom)
2019-08-21 08:22:23,965 INFO  grpc.GrpcConfigKeys$Server (ConfUtils.java:logGet(43)) - raft.grpc.server.leader.outstanding.appends.max = 128 (default)
2019-08-21 08:22:23,966 INFO  server.RaftServerConfigKeys (ConfUtils.java:logGet(43)) - raft.server.rpc.request.timeout = 3000ms (default)
2019-08-21 08:22:23,966 INFO  server.RaftServerConfigKeys (ConfUtils.java:logGet(43)) - raft.server.log.appender.install.snapshot.enabled = false (custom)
2019-08-21 08:22:23,967 INFO  server.RaftServerConfigKeys (ConfUtils.java:logGet(43)) - raft.server.log.appender.snapshot.chunk.size.max = 16MB (=16777216) (default)
2019-08-21 08:22:23,967 INFO  server.RaftServerConfigKeys (ConfUtils.java:logGet(43)) - raft.server.log.appender.buffer.byte-limit = 33554432 (custom)
2019-08-21 08:22:23,967 INFO  server.RaftServerConfigKeys (ConfUtils.java:logGet(43)) - raft.server.log.appender.buffer.element-limit = 1 (custom)
2019-08-21 08:22:23,967 INFO  grpc.GrpcConfigKeys$Server (ConfUtils.java:logGet(43)) - raft.grpc.server.leader.outstanding.appends.max = 128 (default)
2019-08-21 08:22:23,967 INFO  server.RaftServerConfigKeys (ConfUtils.java:logGet(43)) - raft.server.rpc.request.timeout = 3000ms (default)
2019-08-21 08:22:23,967 INFO  server.RaftServerConfigKeys (ConfUtils.java:logGet(43)) - raft.server.log.appender.install.snapshot.enabled = false (custom)
2019-08-21 08:22:23,970 INFO  impl.RoleInfo (RoleInfo.java:updateAndGet(143)) - bf931159-0a76-4a4b-b495-fcc6525eaf18: start LeaderState
2019-08-21 08:22:23,970 INFO  segmented.SegmentedRaftLogWorker (SegmentedRaftLogWorker.java:startLogSegment(380)) - bf931159-0a76-4a4b-b495-fcc6525eaf18-SegmentedRaftLogWorker:Storage Directory /workdir/hadoop-ozone/integration-test/target/test-dir/MiniOzoneClusterImpl-3166a320-3ece-43b3-a0c7-a35313954d70/datanode-1/data/ratis/7d4d64f9-a5ac-41c6-8edc-883676c37e0a: Starting segment from index:0
2019-08-21 08:22:23,971 INFO  impl.RaftServerImpl (ServerState.java:setRaftConf(361)) - bf931159-0a76-4a4b-b495-fcc6525eaf18:group-883676C37E0A set configuration 0: [37e8f1f0-3e67-43f4-ab2f-f76d6b860a7e:192.168.5.147:44591, bf931159-0a76-4a4b-b495-fcc6525eaf18:192.168.5.147:35317, fda0b0df-3d63-46d9-9a4a-066f69f39b29:192.168.5.147:40585], old=null at 0
2019-08-21 08:22:24,004 INFO  segmented.SegmentedRaftLogWorker (SegmentedRaftLogWorker.java:execute(569)) - bf931159-0a76-4a4b-b495-fcc6525eaf18-SegmentedRaftLogWorker:Storage Directory /workdir/hadoop-ozone/integration-test/target/test-dir/MiniOzoneClusterImpl-3166a320-3ece-43b3-a0c7-a35313954d70/datanode-1/data/ratis/7d4d64f9-a5ac-41c6-8edc-883676c37e0a: created new log segment /workdir/hadoop-ozone/integration-test/target/test-dir/MiniOzoneClusterImpl-3166a320-3ece-43b3-a0c7-a35313954d70/datanode-1/data/ratis/7d4d64f9-a5ac-41c6-8edc-883676c37e0a/current/log_inprogress_0
2019-08-21 08:22:24,017 INFO  impl.RaftServerImpl (ServerState.java:setLeader(263)) - fda0b0df-3d63-46d9-9a4a-066f69f39b29:group-883676C37E0A change Leader from null to bf931159-0a76-4a4b-b495-fcc6525eaf18 at term 1 for appendEntries, leader elected after 5211ms
2019-08-21 08:22:24,017 INFO  impl.RaftServerImpl (ServerState.java:setLeader(263)) - 37e8f1f0-3e67-43f4-ab2f-f76d6b860a7e:group-883676C37E0A change Leader from null to bf931159-0a76-4a4b-b495-fcc6525eaf18 at term 1 for appendEntries, leader elected after 5212ms
2019-08-21 08:22:24,041 INFO  impl.RaftServerImpl (ServerState.java:setRaftConf(361)) - fda0b0df-3d63-46d9-9a4a-066f69f39b29:group-883676C37E0A set configuration 0: [37e8f1f0-3e67-43f4-ab2f-f76d6b860a7e:192.168.5.147:44591, bf931159-0a76-4a4b-b495-fcc6525eaf18:192.168.5.147:35317, fda0b0df-3d63-46d9-9a4a-066f69f39b29:192.168.5.147:40585], old=null at 0
2019-08-21 08:22:24,041 INFO  impl.RaftServerImpl (ServerState.java:setRaftConf(361)) - 37e8f1f0-3e67-43f4-ab2f-f76d6b860a7e:group-883676C37E0A set configuration 0: [37e8f1f0-3e67-43f4-ab2f-f76d6b860a7e:192.168.5.147:44591, bf931159-0a76-4a4b-b495-fcc6525eaf18:192.168.5.147:35317, fda0b0df-3d63-46d9-9a4a-066f69f39b29:192.168.5.147:40585], old=null at 0
2019-08-21 08:22:24,041 INFO  segmented.SegmentedRaftLogWorker (SegmentedRaftLogWorker.java:startLogSegment(380)) - fda0b0df-3d63-46d9-9a4a-066f69f39b29-SegmentedRaftLogWorker:Storage Directory /workdir/hadoop-ozone/integration-test/target/test-dir/MiniOzoneClusterImpl-3166a320-3ece-43b3-a0c7-a35313954d70/datanode-0/data/ratis/7d4d64f9-a5ac-41c6-8edc-883676c37e0a: Starting segment from index:0
2019-08-21 08:22:24,042 INFO  segmented.SegmentedRaftLogWorker (SegmentedRaftLogWorker.java:startLogSegment(380)) - 37e8f1f0-3e67-43f4-ab2f-f76d6b860a7e-SegmentedRaftLogWorker:Storage Directory /workdir/hadoop-ozone/integration-test/target/test-dir/MiniOzoneClusterImpl-3166a320-3ece-43b3-a0c7-a35313954d70/datanode-2/data/ratis/7d4d64f9-a5ac-41c6-8edc-883676c37e0a: Starting segment from index:0
2019-08-21 08:22:24,073 INFO  segmented.SegmentedRaftLogWorker (SegmentedRaftLogWorker.java:execute(569)) - fda0b0df-3d63-46d9-9a4a-066f69f39b29-SegmentedRaftLogWorker:Storage Directory /workdir/hadoop-ozone/integration-test/target/test-dir/MiniOzoneClusterImpl-3166a320-3ece-43b3-a0c7-a35313954d70/datanode-0/data/ratis/7d4d64f9-a5ac-41c6-8edc-883676c37e0a: created new log segment /workdir/hadoop-ozone/integration-test/target/test-dir/MiniOzoneClusterImpl-3166a320-3ece-43b3-a0c7-a35313954d70/datanode-0/data/ratis/7d4d64f9-a5ac-41c6-8edc-883676c37e0a/current/log_inprogress_0
2019-08-21 08:22:24,086 INFO  segmented.SegmentedRaftLogWorker (SegmentedRaftLogWorker.java:execute(569)) - 37e8f1f0-3e67-43f4-ab2f-f76d6b860a7e-SegmentedRaftLogWorker:Storage Directory /workdir/hadoop-ozone/integration-test/target/test-dir/MiniOzoneClusterImpl-3166a320-3ece-43b3-a0c7-a35313954d70/datanode-2/data/ratis/7d4d64f9-a5ac-41c6-8edc-883676c37e0a: created new log segment /workdir/hadoop-ozone/integration-test/target/test-dir/MiniOzoneClusterImpl-3166a320-3ece-43b3-a0c7-a35313954d70/datanode-2/data/ratis/7d4d64f9-a5ac-41c6-8edc-883676c37e0a/current/log_inprogress_0
2019-08-21 08:22:24,885 INFO  ozone.MiniOzoneClusterImpl (MiniOzoneClusterImpl.java:shutdown(321)) - Shutting down the Mini Ozone Cluster
2019-08-21 08:22:24,887 INFO  ozone.MiniOzoneClusterImpl (MiniOzoneClusterImpl.java:stop(336)) - Stopping the Mini Ozone Cluster
2019-08-21 08:22:24,887 INFO  ozone.MiniOzoneClusterImpl (MiniOzoneClusterImpl.java:stop(338)) - Stopping the OzoneManager
2019-08-21 08:22:24,888 INFO  ipc.Server (Server.java:stop(3082)) - Stopping server on 45153
2019-08-21 08:22:24,899 INFO  ipc.Server (Server.java:run(1185)) - Stopping IPC Server listener on 45153
2019-08-21 08:22:24,902 INFO  ratis.OzoneManagerDoubleBuffer (OzoneManagerDoubleBuffer.java:stop(248)) - Stopping OMDoubleBuffer flush thread
2019-08-21 08:22:24,904 INFO  ipc.Server (Server.java:run(1319)) - Stopping IPC Server Responder
2019-08-21 08:22:24,911 INFO  ratis.OzoneManagerDoubleBuffer (OzoneManagerDoubleBuffer.java:flushTransactions(191)) - OMDoubleBuffer flush thread OMDoubleBufferFlushThread is interrupted and will exit. OMDoubleBufferFlushThread
2019-08-21 08:22:24,913 INFO  utils.BackgroundService (BackgroundService.java:shutdown(148)) - Shutting down service KeyDeletingService
2019-08-21 08:22:24,917 INFO  handler.ContextHandler (ContextHandler.java:doStop(910)) - Stopped o.e.j.w.WebAppContext@1bc425e7{/,null,UNAVAILABLE}{/ozoneManager}
2019-08-21 08:22:24,923 INFO  server.AbstractConnector (AbstractConnector.java:doStop(318)) - Stopped ServerConnector@4b2a30d{HTTP/1.1,[http/1.1]}{0.0.0.0:0}
2019-08-21 08:22:24,923 INFO  handler.ContextHandler (ContextHandler.java:doStop(910)) - Stopped o.e.j.s.ServletContextHandler@982bb90{/static,file:///workdir/hadoop-ozone/integration-test/target/test-classes/webapps/static,UNAVAILABLE}
2019-08-21 08:22:24,924 INFO  handler.ContextHandler (ContextHandler.java:doStop(910)) - Stopped o.e.j.s.ServletContextHandler@76954a33{/logs,file:///workdir/hadoop-ozone/integration-test/target/log,UNAVAILABLE}
2019-08-21 08:22:24,930 INFO  ozone.MiniOzoneClusterImpl (MiniOzoneClusterImpl.java:stop(344)) - Shutting the HddsDatanodes
2019-08-21 08:22:24,931 INFO  datanode.ObjectStoreHandler (ObjectStoreHandler.java:close(155)) - Closing ObjectStoreHandler.
2019-08-21 08:22:24,931 INFO  datanode.ObjectStoreHandler (ObjectStoreHandler.java:close(155)) - Closing ObjectStoreHandler.
2019-08-21 08:22:24,942 INFO  ozone.HddsDatanodeService (HddsDatanodeService.java:stop(451)) - Stopped plug-in org.apache.hadoop.ozone.web.OzoneHddsDatanodeService@2c3158e0
2019-08-21 08:22:24,942 INFO  ozone.HddsDatanodeService (HddsDatanodeService.java:stop(451)) - Stopped plug-in org.apache.hadoop.ozone.web.OzoneHddsDatanodeService@36c7cbe1
2019-08-21 08:22:25,452 INFO  statemachine.DatanodeStateMachine (DatanodeStateMachine.java:lambda$startDaemon$0(350)) - Ozone container server started.
2019-08-21 08:22:25,648 INFO  statemachine.DatanodeStateMachine (DatanodeStateMachine.java:lambda$startDaemon$0(350)) - Ozone container server started.
2019-08-21 08:22:29,947 INFO  ozoneimpl.OzoneContainer (OzoneContainer.java:stop(199)) - Attempting to stop container services.
2019-08-21 08:22:29,947 INFO  ozoneimpl.OzoneContainer (OzoneContainer.java:stop(199)) - Attempting to stop container services.
2019-08-21 08:22:29,949 INFO  impl.RaftServerProxy (RaftServerProxy.java:lambda$close$4(314)) - bf931159-0a76-4a4b-b495-fcc6525eaf18: close
2019-08-21 08:22:29,949 INFO  impl.RaftServerProxy (RaftServerProxy.java:lambda$close$4(314)) - fda0b0df-3d63-46d9-9a4a-066f69f39b29: close
2019-08-21 08:22:29,952 INFO  impl.RaftServerImpl (RaftServerImpl.java:lambda$shutdown$3(245)) - fda0b0df-3d63-46d9-9a4a-066f69f39b29: shutdown group-B3813AB17CD2
2019-08-21 08:22:29,952 INFO  impl.RaftServerImpl (RaftServerImpl.java:lambda$shutdown$3(245)) - bf931159-0a76-4a4b-b495-fcc6525eaf18: shutdown group-A65A6299FB65
2019-08-21 08:22:29,953 INFO  util.JmxRegister (JmxRegister.java:unregister(73)) - Successfully un-registered JMX Bean with object name Ratis:service=RaftServer,group=group-B3813AB17CD2,id=fda0b0df-3d63-46d9-9a4a-066f69f39b29
2019-08-21 08:22:29,953 INFO  util.JmxRegister (JmxRegister.java:unregister(73)) - Successfully un-registered JMX Bean with object name Ratis:service=RaftServer,group=group-A65A6299FB65,id=bf931159-0a76-4a4b-b495-fcc6525eaf18
2019-08-21 08:22:29,954 INFO  impl.RoleInfo (RoleInfo.java:shutdownLeaderState(104)) - fda0b0df-3d63-46d9-9a4a-066f69f39b29: shutdown LeaderState
2019-08-21 08:22:29,954 INFO  impl.RoleInfo (RoleInfo.java:shutdownLeaderState(104)) - bf931159-0a76-4a4b-b495-fcc6525eaf18: shutdown LeaderState
2019-08-21 08:22:29,955 INFO  impl.PendingRequests (PendingRequests.java:sendNotLeaderResponses(202)) - fda0b0df-3d63-46d9-9a4a-066f69f39b29-PendingRequests: sendNotLeaderResponses
2019-08-21 08:22:29,955 INFO  impl.PendingRequests (PendingRequests.java:sendNotLeaderResponses(202)) - bf931159-0a76-4a4b-b495-fcc6525eaf18-PendingRequests: sendNotLeaderResponses
2019-08-21 08:22:29,959 INFO  impl.StateMachineUpdater (StateMachineUpdater.java:stopAndJoin(115)) - StateMachineUpdater:fda0b0df-3d63-46d9-9a4a-066f69f39b29:group-B3813AB17CD2: set stopIndex = 0
2019-08-21 08:22:29,959 INFO  impl.StateMachineUpdater (StateMachineUpdater.java:stopAndJoin(115)) - StateMachineUpdater:bf931159-0a76-4a4b-b495-fcc6525eaf18:group-A65A6299FB65: set stopIndex = 0
2019-08-21 08:22:29,962 INFO  impl.RaftServerImpl (ServerState.java:close(394)) - fda0b0df-3d63-46d9-9a4a-066f69f39b29:group-B3813AB17CD2 closes. The last applied log index is 0
2019-08-21 08:22:29,962 INFO  impl.RaftServerImpl (ServerState.java:close(394)) - bf931159-0a76-4a4b-b495-fcc6525eaf18:group-A65A6299FB65 closes. The last applied log index is 0
2019-08-21 08:22:29,965 INFO  segmented.SegmentedRaftLogWorker (SegmentedRaftLogWorker.java:run(313)) - fda0b0df-3d63-46d9-9a4a-066f69f39b29-SegmentedRaftLogWorker:Storage Directory /workdir/hadoop-ozone/integration-test/target/test-dir/MiniOzoneClusterImpl-3166a320-3ece-43b3-a0c7-a35313954d70/datanode-0/data/ratis/b2412358-733b-41d2-a9bb-b3813ab17cd2 was interrupted, exiting. There are 0 tasks remaining in the queue.
2019-08-21 08:22:29,965 INFO  segmented.SegmentedRaftLogWorker (SegmentedRaftLogWorker.java:run(313)) - bf931159-0a76-4a4b-b495-fcc6525eaf18-SegmentedRaftLogWorker:Storage Directory /workdir/hadoop-ozone/integration-test/target/test-dir/MiniOzoneClusterImpl-3166a320-3ece-43b3-a0c7-a35313954d70/datanode-1/data/ratis/af1f7b4d-ad0a-458e-92c1-a65a6299fb65 was interrupted, exiting. There are 0 tasks remaining in the queue.
2019-08-21 08:22:29,972 INFO  segmented.SegmentedRaftLogWorker (SegmentedRaftLogWorker.java:close(228)) - fda0b0df-3d63-46d9-9a4a-066f69f39b29-SegmentedRaftLogWorker:Storage Directory /workdir/hadoop-ozone/integration-test/target/test-dir/MiniOzoneClusterImpl-3166a320-3ece-43b3-a0c7-a35313954d70/datanode-0/data/ratis/b2412358-733b-41d2-a9bb-b3813ab17cd2 close()
2019-08-21 08:22:29,972 INFO  segmented.SegmentedRaftLogWorker (SegmentedRaftLogWorker.java:close(228)) - bf931159-0a76-4a4b-b495-fcc6525eaf18-SegmentedRaftLogWorker:Storage Directory /workdir/hadoop-ozone/integration-test/target/test-dir/MiniOzoneClusterImpl-3166a320-3ece-43b3-a0c7-a35313954d70/datanode-1/data/ratis/af1f7b4d-ad0a-458e-92c1-a65a6299fb65 close()
2019-08-21 08:22:29,975 INFO  impl.RaftServerImpl (RaftServerImpl.java:lambda$shutdown$3(245)) - fda0b0df-3d63-46d9-9a4a-066f69f39b29: shutdown group-883676C37E0A
2019-08-21 08:22:29,977 INFO  impl.RaftServerImpl (RaftServerImpl.java:lambda$shutdown$3(245)) - bf931159-0a76-4a4b-b495-fcc6525eaf18: shutdown group-883676C37E0A
2019-08-21 08:22:29,977 INFO  util.JmxRegister (JmxRegister.java:unregister(73)) - Successfully un-registered JMX Bean with object name Ratis:service=RaftServer,group=group-883676C37E0A,id=fda0b0df-3d63-46d9-9a4a-066f69f39b29
2019-08-21 08:22:29,977 INFO  util.JmxRegister (JmxRegister.java:unregister(73)) - Successfully un-registered JMX Bean with object name Ratis:service=RaftServer,group=group-883676C37E0A,id=bf931159-0a76-4a4b-b495-fcc6525eaf18
2019-08-21 08:22:29,977 INFO  impl.RoleInfo (RoleInfo.java:shutdownFollowerState(121)) - fda0b0df-3d63-46d9-9a4a-066f69f39b29: shutdown FollowerState
2019-08-21 08:22:29,978 INFO  impl.RoleInfo (RoleInfo.java:shutdownLeaderState(104)) - bf931159-0a76-4a4b-b495-fcc6525eaf18: shutdown LeaderState
2019-08-21 08:22:29,978 INFO  impl.StateMachineUpdater (StateMachineUpdater.java:stopAndJoin(115)) - StateMachineUpdater:fda0b0df-3d63-46d9-9a4a-066f69f39b29:group-883676C37E0A: set stopIndex = 0
2019-08-21 08:22:29,981 INFO  impl.RaftServerImpl (ServerState.java:close(394)) - fda0b0df-3d63-46d9-9a4a-066f69f39b29:group-883676C37E0A closes. The last applied log index is 0
2019-08-21 08:22:29,978 INFO  impl.FollowerState (FollowerState.java:run(114)) - fda0b0df-3d63-46d9-9a4a-066f69f39b29: FollowerState was interrupted: java.lang.InterruptedException: sleep interrupted
2019-08-21 08:22:29,983 INFO  segmented.SegmentedRaftLogWorker (SegmentedRaftLogWorker.java:run(313)) - fda0b0df-3d63-46d9-9a4a-066f69f39b29-SegmentedRaftLogWorker:Storage Directory /workdir/hadoop-ozone/integration-test/target/test-dir/MiniOzoneClusterImpl-3166a320-3ece-43b3-a0c7-a35313954d70/datanode-0/data/ratis/7d4d64f9-a5ac-41c6-8edc-883676c37e0a was interrupted, exiting. There are 0 tasks remaining in the queue.
2019-08-21 08:22:29,981 WARN  server.GrpcLogAppender (GrpcLogAppender.java:mayWait(143)) - GrpcLogAppender(bf931159-0a76-4a4b-b495-fcc6525eaf18->fda0b0df-3d63-46d9-9a4a-066f69f39b29): Wait interrupted by java.lang.InterruptedException
2019-08-21 08:22:29,981 WARN  server.GrpcLogAppender (GrpcLogAppender.java:mayWait(143)) - GrpcLogAppender(bf931159-0a76-4a4b-b495-fcc6525eaf18->37e8f1f0-3e67-43f4-ab2f-f76d6b860a7e): Wait interrupted by java.lang.InterruptedException
2019-08-21 08:22:29,981 INFO  impl.PendingRequests (PendingRequests.java:sendNotLeaderResponses(202)) - bf931159-0a76-4a4b-b495-fcc6525eaf18-PendingRequests: sendNotLeaderResponses
2019-08-21 08:22:29,986 INFO  segmented.SegmentedRaftLogWorker (SegmentedRaftLogWorker.java:close(228)) - fda0b0df-3d63-46d9-9a4a-066f69f39b29-SegmentedRaftLogWorker:Storage Directory /workdir/hadoop-ozone/integration-test/target/test-dir/MiniOzoneClusterImpl-3166a320-3ece-43b3-a0c7-a35313954d70/datanode-0/data/ratis/7d4d64f9-a5ac-41c6-8edc-883676c37e0a close()
2019-08-21 08:22:29,986 INFO  impl.StateMachineUpdater (StateMachineUpdater.java:stopAndJoin(115)) - StateMachineUpdater:bf931159-0a76-4a4b-b495-fcc6525eaf18:group-883676C37E0A: set stopIndex = 0
2019-08-21 08:22:29,994 INFO  impl.RaftServerImpl (ServerState.java:close(394)) - bf931159-0a76-4a4b-b495-fcc6525eaf18:group-883676C37E0A closes. The last applied log index is 0
2019-08-21 08:22:29,995 INFO  server.GrpcServerProtocolService (GrpcServerProtocolService.java:onCompleted(104)) - 37e8f1f0-3e67-43f4-ab2f-f76d6b860a7e: appendEntries completed
2019-08-21 08:22:29,996 INFO  segmented.SegmentedRaftLogWorker (SegmentedRaftLogWorker.java:run(313)) - bf931159-0a76-4a4b-b495-fcc6525eaf18-SegmentedRaftLogWorker:Storage Directory /workdir/hadoop-ozone/integration-test/target/test-dir/MiniOzoneClusterImpl-3166a320-3ece-43b3-a0c7-a35313954d70/datanode-1/data/ratis/7d4d64f9-a5ac-41c6-8edc-883676c37e0a was interrupted, exiting. There are 0 tasks remaining in the queue.
2019-08-21 08:22:29,996 INFO  server.GrpcService (GrpcService.java:closeImpl(155)) - fda0b0df-3d63-46d9-9a4a-066f69f39b29: shutdown server with port 40585 now
2019-08-21 08:22:29,997 INFO  segmented.SegmentedRaftLogWorker (SegmentedRaftLogWorker.java:close(228)) - bf931159-0a76-4a4b-b495-fcc6525eaf18-SegmentedRaftLogWorker:Storage Directory /workdir/hadoop-ozone/integration-test/target/test-dir/MiniOzoneClusterImpl-3166a320-3ece-43b3-a0c7-a35313954d70/datanode-1/data/ratis/7d4d64f9-a5ac-41c6-8edc-883676c37e0a close()
2019-08-21 08:22:29,995 INFO  server.GrpcServerProtocolService (GrpcServerProtocolService.java:onCompleted(104)) - fda0b0df-3d63-46d9-9a4a-066f69f39b29: appendEntries completed
2019-08-21 08:22:29,999 INFO  server.GrpcService (GrpcService.java:closeImpl(155)) - bf931159-0a76-4a4b-b495-fcc6525eaf18: shutdown server with port 35317 now
2019-08-21 08:22:30,001 INFO  server.GrpcLogAppender (GrpcLogAppender.java:onCompleted(292)) - bf931159-0a76-4a4b-b495-fcc6525eaf18->fda0b0df-3d63-46d9-9a4a-066f69f39b29: follower responses appendEntries COMPLETED
2019-08-21 08:22:30,001 INFO  server.GrpcLogAppender (GrpcLogAppender.java:onCompleted(292)) - bf931159-0a76-4a4b-b495-fcc6525eaf18->37e8f1f0-3e67-43f4-ab2f-f76d6b860a7e: follower responses appendEntries COMPLETED
2019-08-21 08:22:30,004 INFO  server.GrpcService (GrpcService.java:closeImpl(163)) - bf931159-0a76-4a4b-b495-fcc6525eaf18: shutdown server with port 35317 successfully
2019-08-21 08:22:30,006 INFO  impl.FollowerInfo (FollowerInfo.java:lambda$new$0(50)) - bf931159-0a76-4a4b-b495-fcc6525eaf18->fda0b0df-3d63-46d9-9a4a-066f69f39b29: nextIndex: updateUnconditionally 1 -> 0
2019-08-21 08:22:30,006 INFO  impl.FollowerInfo (FollowerInfo.java:lambda$new$0(50)) - bf931159-0a76-4a4b-b495-fcc6525eaf18->37e8f1f0-3e67-43f4-ab2f-f76d6b860a7e: nextIndex: updateUnconditionally 1 -> 0
2019-08-21 08:22:30,007 INFO  server.GrpcService (GrpcService.java:closeImpl(163)) - fda0b0df-3d63-46d9-9a4a-066f69f39b29: shutdown server with port 40585 successfully
2019-08-21 08:22:30,008 INFO  utils.BackgroundService (BackgroundService.java:shutdown(148)) - Shutting down service BlockDeletingService
2019-08-21 08:22:30,009 INFO  utils.BackgroundService (BackgroundService.java:shutdown(148)) - Shutting down service BlockDeletingService
2019-08-21 08:22:30,009 WARN  fs.CachingGetSpaceUsed (CachingGetSpaceUsed.java:run(183)) - Thread Interrupted waiting to refresh disk information: sleep interrupted
2019-08-21 08:22:30,014 WARN  fs.CachingGetSpaceUsed (CachingGetSpaceUsed.java:run(183)) - Thread Interrupted waiting to refresh disk information: sleep interrupted
2019-08-21 08:22:30,040 INFO  statemachine.DatanodeStateMachine (DatanodeStateMachine.java:stopDaemon(395)) - Ozone container server stopped.
2019-08-21 08:22:30,041 INFO  handler.ContextHandler (ContextHandler.java:doStop(910)) - Stopped o.e.j.w.WebAppContext@4e80a001{/,null,UNAVAILABLE}{/hddsDatanode}
2019-08-21 08:22:30,042 INFO  server.AbstractConnector (AbstractConnector.java:doStop(318)) - Stopped ServerConnector@624b523{HTTP/1.1,[http/1.1]}{0.0.0.0:0}
2019-08-21 08:22:30,042 INFO  handler.ContextHandler (ContextHandler.java:doStop(910)) - Stopped o.e.j.s.ServletContextHandler@2443abd6{/static,jar:file:/home/user/.m2/repository/org/apache/hadoop/hadoop-hdds-container-service/0.5.0-SNAPSHOT/hadoop-hdds-container-service-0.5.0-SNAPSHOT.jar!/webapps/static,UNAVAILABLE}
2019-08-21 08:22:30,043 INFO  handler.ContextHandler (ContextHandler.java:doStop(910)) - Stopped o.e.j.s.ServletContextHandler@4d4436d0{/logs,file:///workdir/hadoop-ozone/integration-test/target/log,UNAVAILABLE}
2019-08-21 08:22:30,045 INFO  statemachine.DatanodeStateMachine (DatanodeStateMachine.java:stopDaemon(395)) - Ozone container server stopped.
2019-08-21 08:22:30,047 INFO  datanode.ObjectStoreHandler (ObjectStoreHandler.java:close(155)) - Closing ObjectStoreHandler.
2019-08-21 08:22:30,048 INFO  ozone.HddsDatanodeService (HddsDatanodeService.java:stop(451)) - Stopped plug-in org.apache.hadoop.ozone.web.OzoneHddsDatanodeService@7a84788f
2019-08-21 08:22:30,048 INFO  handler.ContextHandler (ContextHandler.java:doStop(910)) - Stopped o.e.j.w.WebAppContext@14b789f6{/,null,UNAVAILABLE}{/hddsDatanode}
2019-08-21 08:22:30,049 INFO  server.AbstractConnector (AbstractConnector.java:doStop(318)) - Stopped ServerConnector@6eb17ec8{HTTP/1.1,[http/1.1]}{0.0.0.0:0}
2019-08-21 08:22:30,050 INFO  handler.ContextHandler (ContextHandler.java:doStop(910)) - Stopped o.e.j.s.ServletContextHandler@1a4d1ab7{/static,jar:file:/home/user/.m2/repository/org/apache/hadoop/hadoop-hdds-container-service/0.5.0-SNAPSHOT/hadoop-hdds-container-service-0.5.0-SNAPSHOT.jar!/webapps/static,UNAVAILABLE}
2019-08-21 08:22:30,051 INFO  handler.ContextHandler (ContextHandler.java:doStop(910)) - Stopped o.e.j.s.ServletContextHandler@52e04737{/logs,file:///workdir/hadoop-ozone/integration-test/target/log,UNAVAILABLE}
2019-08-21 08:22:30,846 INFO  statemachine.DatanodeStateMachine (DatanodeStateMachine.java:lambda$startDaemon$0(350)) - Ozone container server started.
2019-08-21 08:22:35,049 INFO  ozoneimpl.OzoneContainer (OzoneContainer.java:stop(199)) - Attempting to stop container services.
2019-08-21 08:22:35,050 INFO  impl.RaftServerProxy (RaftServerProxy.java:lambda$close$4(314)) - 37e8f1f0-3e67-43f4-ab2f-f76d6b860a7e: close
2019-08-21 08:22:35,051 INFO  impl.RaftServerImpl (RaftServerImpl.java:lambda$shutdown$3(245)) - 37e8f1f0-3e67-43f4-ab2f-f76d6b860a7e: shutdown group-5C589AC60636
2019-08-21 08:22:35,051 INFO  impl.RaftServerImpl (RaftServerImpl.java:lambda$shutdown$3(245)) - 37e8f1f0-3e67-43f4-ab2f-f76d6b860a7e: shutdown group-883676C37E0A
2019-08-21 08:22:35,052 INFO  util.JmxRegister (JmxRegister.java:unregister(73)) - Successfully un-registered JMX Bean with object name Ratis:service=RaftServer,group=group-5C589AC60636,id=37e8f1f0-3e67-43f4-ab2f-f76d6b860a7e
2019-08-21 08:22:35,052 INFO  util.JmxRegister (JmxRegister.java:unregister(73)) - Successfully un-registered JMX Bean with object name Ratis:service=RaftServer,group=group-883676C37E0A,id=37e8f1f0-3e67-43f4-ab2f-f76d6b860a7e
2019-08-21 08:22:35,052 INFO  impl.RoleInfo (RoleInfo.java:shutdownLeaderState(104)) - 37e8f1f0-3e67-43f4-ab2f-f76d6b860a7e: shutdown LeaderState
2019-08-21 08:22:35,053 INFO  impl.RoleInfo (RoleInfo.java:shutdownFollowerState(121)) - 37e8f1f0-3e67-43f4-ab2f-f76d6b860a7e: shutdown FollowerState
2019-08-21 08:22:35,053 INFO  impl.PendingRequests (PendingRequests.java:sendNotLeaderResponses(202)) - 37e8f1f0-3e67-43f4-ab2f-f76d6b860a7e-PendingRequests: sendNotLeaderResponses
2019-08-21 08:22:35,053 INFO  impl.FollowerState (FollowerState.java:run(114)) - 37e8f1f0-3e67-43f4-ab2f-f76d6b860a7e: FollowerState was interrupted: java.lang.InterruptedException: sleep interrupted
2019-08-21 08:22:35,053 INFO  impl.StateMachineUpdater (StateMachineUpdater.java:stopAndJoin(115)) - StateMachineUpdater:37e8f1f0-3e67-43f4-ab2f-f76d6b860a7e:group-883676C37E0A: set stopIndex = 0
2019-08-21 08:22:35,056 INFO  impl.StateMachineUpdater (StateMachineUpdater.java:stopAndJoin(115)) - StateMachineUpdater:37e8f1f0-3e67-43f4-ab2f-f76d6b860a7e:group-5C589AC60636: set stopIndex = 0
2019-08-21 08:22:35,056 INFO  impl.RaftServerImpl (ServerState.java:close(394)) - 37e8f1f0-3e67-43f4-ab2f-f76d6b860a7e:group-883676C37E0A closes. The last applied log index is 0
2019-08-21 08:22:35,057 INFO  impl.RaftServerImpl (ServerState.java:close(394)) - 37e8f1f0-3e67-43f4-ab2f-f76d6b860a7e:group-5C589AC60636 closes. The last applied log index is 0
2019-08-21 08:22:35,058 INFO  segmented.SegmentedRaftLogWorker (SegmentedRaftLogWorker.java:run(313)) - 37e8f1f0-3e67-43f4-ab2f-f76d6b860a7e-SegmentedRaftLogWorker:Storage Directory /workdir/hadoop-ozone/integration-test/target/test-dir/MiniOzoneClusterImpl-3166a320-3ece-43b3-a0c7-a35313954d70/datanode-2/data/ratis/7d4d64f9-a5ac-41c6-8edc-883676c37e0a was interrupted, exiting. There are 0 tasks remaining in the queue.
2019-08-21 08:22:35,058 INFO  segmented.SegmentedRaftLogWorker (SegmentedRaftLogWorker.java:run(313)) - 37e8f1f0-3e67-43f4-ab2f-f76d6b860a7e-SegmentedRaftLogWorker:Storage Directory /workdir/hadoop-ozone/integration-test/target/test-dir/MiniOzoneClusterImpl-3166a320-3ece-43b3-a0c7-a35313954d70/datanode-2/data/ratis/da9e0efc-8614-4c56-822a-5c589ac60636 was interrupted, exiting. There are 0 tasks remaining in the queue.
2019-08-21 08:22:35,059 INFO  segmented.SegmentedRaftLogWorker (SegmentedRaftLogWorker.java:close(228)) - 37e8f1f0-3e67-43f4-ab2f-f76d6b860a7e-SegmentedRaftLogWorker:Storage Directory /workdir/hadoop-ozone/integration-test/target/test-dir/MiniOzoneClusterImpl-3166a320-3ece-43b3-a0c7-a35313954d70/datanode-2/data/ratis/7d4d64f9-a5ac-41c6-8edc-883676c37e0a close()
2019-08-21 08:22:35,060 INFO  segmented.SegmentedRaftLogWorker (SegmentedRaftLogWorker.java:close(228)) - 37e8f1f0-3e67-43f4-ab2f-f76d6b860a7e-SegmentedRaftLogWorker:Storage Directory /workdir/hadoop-ozone/integration-test/target/test-dir/MiniOzoneClusterImpl-3166a320-3ece-43b3-a0c7-a35313954d70/datanode-2/data/ratis/da9e0efc-8614-4c56-822a-5c589ac60636 close()
2019-08-21 08:22:35,063 INFO  server.GrpcService (GrpcService.java:closeImpl(155)) - 37e8f1f0-3e67-43f4-ab2f-f76d6b860a7e: shutdown server with port 44591 now
2019-08-21 08:22:35,064 INFO  server.GrpcService (GrpcService.java:closeImpl(163)) - 37e8f1f0-3e67-43f4-ab2f-f76d6b860a7e: shutdown server with port 44591 successfully
2019-08-21 08:22:35,068 INFO  utils.BackgroundService (BackgroundService.java:shutdown(148)) - Shutting down service BlockDeletingService
2019-08-21 08:22:35,069 WARN  fs.CachingGetSpaceUsed (CachingGetSpaceUsed.java:run(183)) - Thread Interrupted waiting to refresh disk information: sleep interrupted
2019-08-21 08:22:35,092 INFO  statemachine.DatanodeStateMachine (DatanodeStateMachine.java:stopDaemon(395)) - Ozone container server stopped.
2019-08-21 08:22:35,093 INFO  handler.ContextHandler (ContextHandler.java:doStop(910)) - Stopped o.e.j.w.WebAppContext@1e545821{/,null,UNAVAILABLE}{/hddsDatanode}
2019-08-21 08:22:35,094 INFO  server.AbstractConnector (AbstractConnector.java:doStop(318)) - Stopped ServerConnector@12952aff{HTTP/1.1,[http/1.1]}{0.0.0.0:0}
2019-08-21 08:22:35,095 INFO  handler.ContextHandler (ContextHandler.java:doStop(910)) - Stopped o.e.j.s.ServletContextHandler@4b41587d{/static,jar:file:/home/user/.m2/repository/org/apache/hadoop/hadoop-hdds-container-service/0.5.0-SNAPSHOT/hadoop-hdds-container-service-0.5.0-SNAPSHOT.jar!/webapps/static,UNAVAILABLE}
2019-08-21 08:22:35,095 INFO  handler.ContextHandler (ContextHandler.java:doStop(910)) - Stopped o.e.j.s.ServletContextHandler@79957f11{/logs,file:///workdir/hadoop-ozone/integration-test/target/log,UNAVAILABLE}
2019-08-21 08:22:35,096 INFO  ozone.MiniOzoneClusterImpl (MiniOzoneClusterImpl.java:stop(353)) - Stopping the StorageContainerManager
2019-08-21 08:22:35,096 INFO  server.StorageContainerManager (StorageContainerManager.java:stop(796)) - Stopping Replication Manager Service.
2019-08-21 08:22:35,097 INFO  container.ReplicationManager (ReplicationManager.java:stop(196)) - Stopping Replication Monitor Thread.
2019-08-21 08:22:35,097 INFO  server.StorageContainerManager (StorageContainerManager.java:stop(803)) - Stopping Lease Manager of the command watchers
2019-08-21 08:22:35,097 INFO  server.StorageContainerManager (StorageContainerManager.java:stop(810)) - Stopping datanode service RPC server
2019-08-21 08:22:35,097 INFO  server.SCMDatanodeProtocolServer (SCMDatanodeProtocolServer.java:stop(367)) - Stopping the RPC server for DataNodes
2019-08-21 08:22:35,098 INFO  ipc.Server (Server.java:stop(3082)) - Stopping server on 41754
2019-08-21 08:22:35,099 INFO  ipc.Server (Server.java:run(1185)) - Stopping IPC Server listener on 41754
2019-08-21 08:22:35,100 INFO  ipc.Server (Server.java:run(1319)) - Stopping IPC Server Responder
2019-08-21 08:22:35,128 WARN  node.NodeStateManager (NodeStateManager.java:scheduleNextHealthCheck(631)) - Current Thread is interrupted, shutting down HB processing thread for Node Manager.
2019-08-21 08:22:35,128 INFO  server.StorageContainerManager (StorageContainerManager.java:stop(818)) - Stopping block service RPC server
2019-08-21 08:22:35,128 INFO  server.SCMBlockProtocolServer (SCMBlockProtocolServer.java:stop(155)) - Stopping the RPC server for Block Protocol
2019-08-21 08:22:35,128 INFO  ipc.Server (Server.java:stop(3082)) - Stopping server on 39137
2019-08-21 08:22:35,129 INFO  server.StorageContainerManager (StorageContainerManager.java:stop(825)) - Stopping the StorageContainerLocationProtocol RPC server
2019-08-21 08:22:35,130 INFO  server.SCMClientProtocolServer (SCMClientProtocolServer.java:stop(159)) - Stopping the RPC server for Client Protocol
2019-08-21 08:22:35,130 INFO  ipc.Server (Server.java:run(1185)) - Stopping IPC Server listener on 39137
2019-08-21 08:22:35,130 INFO  ipc.Server (Server.java:stop(3082)) - Stopping server on 40268
2019-08-21 08:22:35,130 INFO  ipc.Server (Server.java:run(1319)) - Stopping IPC Server Responder
2019-08-21 08:22:35,133 INFO  ipc.Server (Server.java:run(1185)) - Stopping IPC Server listener on 40268
2019-08-21 08:22:35,133 INFO  server.StorageContainerManager (StorageContainerManager.java:stop(832)) - Stopping Storage Container Manager HTTP server.
2019-08-21 08:22:35,133 INFO  ipc.Server (Server.java:run(1319)) - Stopping IPC Server Responder
2019-08-21 08:22:35,134 INFO  handler.ContextHandler (ContextHandler.java:doStop(910)) - Stopped o.e.j.w.WebAppContext@2c4ca0f9{/,null,UNAVAILABLE}{/scm}
2019-08-21 08:22:35,135 INFO  server.AbstractConnector (AbstractConnector.java:doStop(318)) - Stopped ServerConnector@7555b920{HTTP/1.1,[http/1.1]}{0.0.0.0:0}
2019-08-21 08:22:35,136 INFO  handler.ContextHandler (ContextHandler.java:doStop(910)) - Stopped o.e.j.s.ServletContextHandler@4af0df05{/static,file:///workdir/hadoop-ozone/integration-test/target/test-classes/webapps/static,UNAVAILABLE}
2019-08-21 08:22:35,136 INFO  handler.ContextHandler (ContextHandler.java:doStop(910)) - Stopped o.e.j.s.ServletContextHandler@6ff65192{/logs,file:///workdir/hadoop-ozone/integration-test/target/log,UNAVAILABLE}
2019-08-21 08:22:35,139 INFO  server.StorageContainerManager (StorageContainerManager.java:stop(843)) - Stopping Block Manager Service.
2019-08-21 08:22:35,139 INFO  utils.BackgroundService (BackgroundService.java:shutdown(148)) - Shutting down service SCMBlockDeletingService
2019-08-21 08:22:35,140 INFO  utils.BackgroundService (BackgroundService.java:shutdown(148)) - Shutting down service SCMBlockDeletingService
2019-08-21 08:22:35,141 INFO  server.StorageContainerManager (StorageContainerManager.java:stop(865)) - Stopping SCM Event Queue.
2019-08-21 08:22:35,150 INFO  impl.MetricsSystemImpl (MetricsSystemImpl.java:stop(210)) - Stopping HddsDatanode metrics system...
2019-08-21 08:22:35,154 INFO  impl.MetricsSinkAdapter (MetricsSinkAdapter.java:publishMetricsFromQueue(141)) - prometheus thread interrupted.
2019-08-21 08:22:35,154 INFO  impl.MetricsSystemImpl (MetricsSystemImpl.java:stop(216)) - HddsDatanode metrics system stopped.
]]></system-out>
    <system-err><![CDATA[ERROR StatusLogger No Log4j 2 configuration file found. Using default configuration (logging only errors to the console), or user programmatically provided configurations. Set system property 'log4j2.debug' to show Log4j 2 internal initialization logging. See https://logging.apache.org/log4j/2.x/manual/configuration.html for instructions on how to configure Log4j 2
Aug 21, 2019 8:22:12 AM com.sun.jersey.server.impl.application.WebApplicationImpl _initiate
INFO: Initiating Jersey application, version 'Jersey: 1.19 02/11/2015 03:25 AM'
Aug 21, 2019 8:22:13 AM com.sun.jersey.server.impl.application.WebApplicationImpl _initiate
INFO: Initiating Jersey application, version 'Jersey: 1.19 02/11/2015 03:25 AM'
Aug 21, 2019 8:22:13 AM com.sun.jersey.server.impl.application.WebApplicationImpl _initiate
INFO: Initiating Jersey application, version 'Jersey: 1.19 02/11/2015 03:25 AM'
]]></system-err>
  </testcase>
  <testcase name="testPipelineCloseWithOpenContainer" classname="org.apache.hadoop.hdds.scm.pipeline.TestPipelineClose" time="16.975"/>
  <testcase name="testPipelineCloseWithClosedContainer" classname="org.apache.hadoop.hdds.scm.pipeline.TestPipelineClose" time="16.897"/>
  <testcase name="testPipelineCloseWithLogFailure" classname="org.apache.hadoop.hdds.scm.pipeline.TestPipelineClose" time="16.993"/>
</testsuite>