<?xml version="1.0" encoding="UTF-8"?>
<testsuite xmlns:xsi="http://www.w3.org/2001/XMLSchema-instance" xsi:noNamespaceSchemaLocation="https://maven.apache.org/surefire/maven-surefire-plugin/xsd/surefire-test-report.xsd" name="org.apache.hadoop.ozone.client.rpc.TestMultiBlockWritesWithDnFailures" time="20.852" tests="1" errors="1" skipped="0" failures="0">
  <properties>
    <property name="awt.toolkit" value="sun.awt.X11.XToolkit"/>
    <property name="file.encoding.pkg" value="sun.io"/>
    <property name="java.specification.version" value="1.8"/>
    <property name="sun.cpu.isalist" value=""/>
    <property name="sun.jnu.encoding" value="UTF-8"/>
    <property name="java.class.path" value="/workdir/hadoop-ozone/integration-test/target/test-classes:/workdir/hadoop-ozone/integration-test/target/classes:/home/user/.m2/repository/org/apache/hadoop/hadoop-ozone-common/0.5.0-SNAPSHOT/hadoop-ozone-common-0.5.0-SNAPSHOT.jar:/home/user/.m2/repository/org/apache/commons/commons-compress/1.4.1/commons-compress-1.4.1.jar:/home/user/.m2/repository/org/tukaani/xz/1.0/xz-1.0.jar:/home/user/.m2/repository/org/apache/hadoop/hadoop-common/3.2.0/hadoop-common-3.2.0.jar:/home/user/.m2/repository/org/apache/hadoop/hadoop-hdfs/3.2.0/hadoop-hdfs-3.2.0.jar:/home/user/.m2/repository/org/apache/hadoop/hadoop-hdfs-client/3.2.0/hadoop-hdfs-client-3.2.0.jar:/home/user/.m2/repository/com/fasterxml/jackson/core/jackson-annotations/2.9.5/jackson-annotations-2.9.5.jar:/home/user/.m2/repository/org/apache/hadoop/hadoop-hdds-common/0.5.0-SNAPSHOT/hadoop-hdds-common-0.5.0-SNAPSHOT.jar:/home/user/.m2/repository/javax/annotation/javax.annotation-api/1.2/javax.annotation-api-1.2.jar:/home/user/.m2/repository/org/apache/ratis/ratis-server/0.4.0-2337318-SNAPSHOT/ratis-server-0.4.0-2337318-SNAPSHOT.jar:/home/user/.m2/repository/org/apache/ratis/ratis-thirdparty-misc/0.2.0/ratis-thirdparty-misc-0.2.0.jar:/home/user/.m2/repository/org/apache/ratis/ratis-proto/0.4.0-2337318-SNAPSHOT/ratis-proto-0.4.0-2337318-SNAPSHOT.jar:/home/user/.m2/repository/org/apache/ratis/ratis-common/0.4.0-2337318-SNAPSHOT/ratis-common-0.4.0-2337318-SNAPSHOT.jar:/home/user/.m2/repository/org/apache/ratis/ratis-client/0.4.0-2337318-SNAPSHOT/ratis-client-0.4.0-2337318-SNAPSHOT.jar:/home/user/.m2/repository/org/apache/ratis/ratis-metrics/0.4.0-2337318-SNAPSHOT/ratis-metrics-0.4.0-2337318-SNAPSHOT.jar:/home/user/.m2/repository/org/apache/ratis/ratis-netty/0.4.0-2337318-SNAPSHOT/ratis-netty-0.4.0-2337318-SNAPSHOT.jar:/home/user/.m2/repository/org/apache/ratis/ratis-grpc/0.4.0-2337318-SNAPSHOT/ratis-grpc-0.4.0-2337318-SNAPSHOT.jar:/home/user/.m2/repository/org/rocksdb/rocksdbjni/6.0.1/rocksdbjni-6.0.1.jar:/home/user/.m2/repository/org/apache/logging/log4j/log4j-api/2.11.0/log4j-api-2.11.0.jar:/home/user/.m2/repository/org/apache/logging/log4j/log4j-core/2.11.0/log4j-core-2.11.0.jar:/home/user/.m2/repository/com/lmax/disruptor/3.4.2/disruptor-3.4.2.jar:/home/user/.m2/repository/org/apache/commons/commons-pool2/2.6.0/commons-pool2-2.6.0.jar:/home/user/.m2/repository/org/bouncycastle/bcpkix-jdk15on/1.60/bcpkix-jdk15on-1.60.jar:/home/user/.m2/repository/commons-validator/commons-validator/1.6/commons-validator-1.6.jar:/home/user/.m2/repository/commons-digester/commons-digester/1.8.1/commons-digester-1.8.1.jar:/home/user/.m2/repository/io/jaegertracing/jaeger-client/0.33.1/jaeger-client-0.33.1.jar:/home/user/.m2/repository/io/jaegertracing/jaeger-thrift/0.33.1/jaeger-thrift-0.33.1.jar:/home/user/.m2/repository/org/apache/thrift/libthrift/0.11.0/libthrift-0.11.0.jar:/home/user/.m2/repository/com/squareup/okhttp3/okhttp/3.9.0/okhttp-3.9.0.jar:/home/user/.m2/repository/com/squareup/okio/okio/1.13.0/okio-1.13.0.jar:/home/user/.m2/repository/io/jaegertracing/jaeger-core/0.33.1/jaeger-core-0.33.1.jar:/home/user/.m2/repository/io/jaegertracing/jaeger-tracerresolver/0.33.1/jaeger-tracerresolver-0.33.1.jar:/home/user/.m2/repository/io/opentracing/contrib/opentracing-tracerresolver/0.1.5/opentracing-tracerresolver-0.1.5.jar:/home/user/.m2/repository/io/opentracing/opentracing-util/0.31.0/opentracing-util-0.31.0.jar:/home/user/.m2/repository/io/opentracing/opentracing-api/0.31.0/opentracing-api-0.31.0.jar:/home/user/.m2/repository/io/opentracing/opentracing-noop/0.31.0/opentracing-noop-0.31.0.jar:/home/user/.m2/repository/org/apache/hadoop/hadoop-hdds-server-framework/0.5.0-SNAPSHOT/hadoop-hdds-server-framework-0.5.0-SNAPSHOT.jar:/home/user/.m2/repository/org/apache/hadoop/hadoop-hdds-container-service/0.5.0-SNAPSHOT/hadoop-hdds-container-service-0.5.0-SNAPSHOT.jar:/home/user/.m2/repository/org/apache/hadoop/hadoop-hdds-client/0.5.0-SNAPSHOT/hadoop-hdds-client-0.5.0-SNAPSHOT.jar:/home/user/.m2/repository/org/apache/hadoop/hadoop-hdds-tools/0.5.0-SNAPSHOT/hadoop-hdds-tools-0.5.0-SNAPSHOT.jar:/home/user/.m2/repository/org/apache/hadoop/hadoop-hdds-server-scm/0.5.0-SNAPSHOT/hadoop-hdds-server-scm-0.5.0-SNAPSHOT.jar:/home/user/.m2/repository/org/apache/hadoop/hadoop-hdds-docs/0.5.0-SNAPSHOT/hadoop-hdds-docs-0.5.0-SNAPSHOT.jar:/home/user/.m2/repository/io/dropwizard/metrics/metrics-core/3.2.4/metrics-core-3.2.4.jar:/home/user/.m2/repository/org/hamcrest/hamcrest-all/1.3/hamcrest-all-1.3.jar:/home/user/.m2/repository/org/bouncycastle/bcprov-jdk15on/1.60/bcprov-jdk15on-1.60.jar:/home/user/.m2/repository/info/picocli/picocli/3.9.6/picocli-3.9.6.jar:/home/user/.m2/repository/com/google/protobuf/protobuf-java/2.5.0/protobuf-java-2.5.0.jar:/home/user/.m2/repository/com/google/guava/guava/11.0.2/guava-11.0.2.jar:/home/user/.m2/repository/org/apache/hadoop/hadoop-ozone-ozone-manager/0.5.0-SNAPSHOT/hadoop-ozone-ozone-manager-0.5.0-SNAPSHOT.jar:/home/user/.m2/repository/org/apache/hadoop/hadoop-minikdc/3.2.0/hadoop-minikdc-3.2.0.jar:/home/user/.m2/repository/commons-io/commons-io/2.5/commons-io-2.5.jar:/home/user/.m2/repository/org/apache/kerby/kerb-simplekdc/1.0.1/kerb-simplekdc-1.0.1.jar:/home/user/.m2/repository/org/apache/kerby/kerb-client/1.0.1/kerb-client-1.0.1.jar:/home/user/.m2/repository/org/apache/kerby/kerby-config/1.0.1/kerby-config-1.0.1.jar:/home/user/.m2/repository/org/apache/kerby/kerb-core/1.0.1/kerb-core-1.0.1.jar:/home/user/.m2/repository/org/apache/kerby/kerby-pkix/1.0.1/kerby-pkix-1.0.1.jar:/home/user/.m2/repository/org/apache/kerby/kerby-asn1/1.0.1/kerby-asn1-1.0.1.jar:/home/user/.m2/repository/org/apache/kerby/kerby-util/1.0.1/kerby-util-1.0.1.jar:/home/user/.m2/repository/org/apache/kerby/kerb-common/1.0.1/kerb-common-1.0.1.jar:/home/user/.m2/repository/org/apache/kerby/kerb-crypto/1.0.1/kerb-crypto-1.0.1.jar:/home/user/.m2/repository/org/apache/kerby/kerb-util/1.0.1/kerb-util-1.0.1.jar:/home/user/.m2/repository/org/apache/kerby/token-provider/1.0.1/token-provider-1.0.1.jar:/home/user/.m2/repository/org/apache/kerby/kerb-admin/1.0.1/kerb-admin-1.0.1.jar:/home/user/.m2/repository/org/apache/kerby/kerb-server/1.0.1/kerb-server-1.0.1.jar:/home/user/.m2/repository/org/apache/kerby/kerb-identity/1.0.1/kerb-identity-1.0.1.jar:/home/user/.m2/repository/org/apache/kerby/kerby-xdr/1.0.1/kerby-xdr-1.0.1.jar:/home/user/.m2/repository/org/slf4j/slf4j-log4j12/1.7.25/slf4j-log4j12-1.7.25.jar:/home/user/.m2/repository/org/apache/hadoop/hadoop-ozone-objectstore-service/0.5.0-SNAPSHOT/hadoop-ozone-objectstore-service-0.5.0-SNAPSHOT.jar:/home/user/.m2/repository/org/apache/hadoop/hadoop-ozone-s3gateway/0.5.0-SNAPSHOT/hadoop-ozone-s3gateway-0.5.0-SNAPSHOT.jar:/home/user/.m2/repository/org/jboss/weld/servlet/weld-servlet/2.4.7.Final/weld-servlet-2.4.7.Final.jar:/home/user/.m2/repository/org/glassfish/jersey/containers/jersey-container-servlet-core/2.27/jersey-container-servlet-core-2.27.jar:/home/user/.m2/repository/org/glassfish/hk2/external/javax.inject/2.5.0-b42/javax.inject-2.5.0-b42.jar:/home/user/.m2/repository/org/glassfish/jersey/core/jersey-common/2.27/jersey-common-2.27.jar:/home/user/.m2/repository/org/glassfish/hk2/osgi-resource-locator/1.0.1/osgi-resource-locator-1.0.1.jar:/home/user/.m2/repository/javax/ws/rs/javax.ws.rs-api/2.1/javax.ws.rs-api-2.1.jar:/home/user/.m2/repository/org/glassfish/jersey/ext/cdi/jersey-cdi1x/2.27/jersey-cdi1x-2.27.jar:/home/user/.m2/repository/org/glassfish/jersey/inject/jersey-hk2/2.27/jersey-hk2-2.27.jar:/home/user/.m2/repository/org/glassfish/hk2/hk2-locator/2.5.0-b42/hk2-locator-2.5.0-b42.jar:/home/user/.m2/repository/org/javassist/javassist/3.22.0-CR2/javassist-3.22.0-CR2.jar:/home/user/.m2/repository/org/glassfish/hk2/hk2-api/2.5.0/hk2-api-2.5.0.jar:/home/user/.m2/repository/org/glassfish/hk2/external/jakarta.inject/2.5.0/jakarta.inject-2.5.0.jar:/home/user/.m2/repository/org/glassfish/hk2/hk2-utils/2.5.0/hk2-utils-2.5.0.jar:/home/user/.m2/repository/jakarta/annotation/jakarta.annotation-api/1.3.4/jakarta.annotation-api-1.3.4.jar:/home/user/.m2/repository/org/glassfish/hk2/external/aopalliance-repackaged/2.5.0/aopalliance-repackaged-2.5.0.jar:/home/user/.m2/repository/com/fasterxml/jackson/dataformat/jackson-dataformat-xml/2.9.0/jackson-dataformat-xml-2.9.0.jar:/home/user/.m2/repository/com/fasterxml/jackson/core/jackson-core/2.9.5/jackson-core-2.9.5.jar:/home/user/.m2/repository/com/fasterxml/jackson/module/jackson-module-jaxb-annotations/2.9.5/jackson-module-jaxb-annotations-2.9.5.jar:/home/user/.m2/repository/javax/enterprise/cdi-api/1.2/cdi-api-1.2.jar:/home/user/.m2/repository/javax/el/javax.el-api/3.0.0/javax.el-api-3.0.0.jar:/home/user/.m2/repository/javax/interceptor/javax.interceptor-api/1.2/javax.interceptor-api-1.2.jar:/home/user/.m2/repository/javax/inject/javax.inject/1/javax.inject-1.jar:/home/user/.m2/repository/com/sun/xml/bind/jaxb-impl/2.3.0.1/jaxb-impl-2.3.0.1.jar:/home/user/.m2/repository/com/sun/xml/bind/jaxb-core/2.3.0.1/jaxb-core-2.3.0.1.jar:/home/user/.m2/repository/javax/xml/bind/jaxb-api/2.3.0/jaxb-api-2.3.0.jar:/home/user/.m2/repository/javax/activation/activation/1.1.1/activation-1.1.1.jar:/home/user/.m2/repository/org/apache/hadoop/hadoop-ozone-csi/0.5.0-SNAPSHOT/hadoop-ozone-csi-0.5.0-SNAPSHOT.jar:/home/user/.m2/repository/com/google/protobuf/protobuf-java-util/3.5.1/protobuf-java-util-3.5.1.jar:/home/user/.m2/repository/org/apache/hadoop/hadoop-hdds-config/0.5.0-SNAPSHOT/hadoop-hdds-config-0.5.0-SNAPSHOT.jar:/home/user/.m2/repository/io/grpc/grpc-netty/1.17.1/grpc-netty-1.17.1.jar:/home/user/.m2/repository/io/grpc/grpc-core/1.17.1/grpc-core-1.17.1.jar:/home/user/.m2/repository/io/grpc/grpc-context/1.17.1/grpc-context-1.17.1.jar:/home/user/.m2/repository/com/google/errorprone/error_prone_annotations/2.2.0/error_prone_annotations-2.2.0.jar:/home/user/.m2/repository/org/codehaus/mojo/animal-sniffer-annotations/1.17/animal-sniffer-annotations-1.17.jar:/home/user/.m2/repository/io/opencensus/opencensus-api/0.17.0/opencensus-api-0.17.0.jar:/home/user/.m2/repository/io/opencensus/opencensus-contrib-grpc-metrics/0.17.0/opencensus-contrib-grpc-metrics-0.17.0.jar:/home/user/.m2/repository/io/netty/netty-codec-http2/4.1.30.Final/netty-codec-http2-4.1.30.Final.jar:/home/user/.m2/repository/io/netty/netty-codec-http/4.1.30.Final/netty-codec-http-4.1.30.Final.jar:/home/user/.m2/repository/io/netty/netty-codec/4.1.30.Final/netty-codec-4.1.30.Final.jar:/home/user/.m2/repository/io/netty/netty-handler/4.1.30.Final/netty-handler-4.1.30.Final.jar:/home/user/.m2/repository/io/netty/netty-handler-proxy/4.1.30.Final/netty-handler-proxy-4.1.30.Final.jar:/home/user/.m2/repository/io/netty/netty-codec-socks/4.1.30.Final/netty-codec-socks-4.1.30.Final.jar:/home/user/.m2/repository/io/netty/netty-transport-native-epoll/4.1.30.Final/netty-transport-native-epoll-4.1.30.Final.jar:/home/user/.m2/repository/io/netty/netty-common/4.1.30.Final/netty-common-4.1.30.Final.jar:/home/user/.m2/repository/io/netty/netty-buffer/4.1.30.Final/netty-buffer-4.1.30.Final.jar:/home/user/.m2/repository/io/netty/netty-transport/4.1.30.Final/netty-transport-4.1.30.Final.jar:/home/user/.m2/repository/io/netty/netty-resolver/4.1.30.Final/netty-resolver-4.1.30.Final.jar:/home/user/.m2/repository/io/netty/netty-transport-native-unix-common/4.1.30.Final/netty-transport-native-unix-common-4.1.30.Final.jar:/home/user/.m2/repository/io/grpc/grpc-protobuf/1.17.1/grpc-protobuf-1.17.1.jar:/home/user/.m2/repository/com/google/api/grpc/proto-google-common-protos/1.0.0/proto-google-common-protos-1.0.0.jar:/home/user/.m2/repository/io/grpc/grpc-protobuf-lite/1.17.1/grpc-protobuf-lite-1.17.1.jar:/home/user/.m2/repository/io/grpc/grpc-stub/1.17.1/grpc-stub-1.17.1.jar:/home/user/.m2/repository/org/apache/hadoop/hadoop-ozone-recon/0.5.0-SNAPSHOT/hadoop-ozone-recon-0.5.0-SNAPSHOT.jar:/home/user/.m2/repository/org/apache/hadoop/hadoop-ozone-reconcodegen/0.5.0-SNAPSHOT/hadoop-ozone-reconcodegen-0.5.0-SNAPSHOT.jar:/home/user/.m2/repository/com/google/inject/extensions/guice-multibindings/4.0/guice-multibindings-4.0.jar:/home/user/.m2/repository/com/google/inject/guice/4.0/guice-4.0.jar:/home/user/.m2/repository/aopalliance/aopalliance/1.0/aopalliance-1.0.jar:/home/user/.m2/repository/com/google/inject/extensions/guice-servlet/4.0/guice-servlet-4.0.jar:/home/user/.m2/repository/org/glassfish/jersey/containers/jersey-container-servlet/2.27/jersey-container-servlet-2.27.jar:/home/user/.m2/repository/org/glassfish/hk2/guice-bridge/2.5.0/guice-bridge-2.5.0.jar:/home/user/.m2/repository/org/glassfish/jersey/core/jersey-server/2.27/jersey-server-2.27.jar:/home/user/.m2/repository/org/glassfish/jersey/core/jersey-client/2.27/jersey-client-2.27.jar:/home/user/.m2/repository/org/glassfish/jersey/media/jersey-media-jaxb/2.27/jersey-media-jaxb-2.27.jar:/home/user/.m2/repository/javax/validation/validation-api/1.1.0.Final/validation-api-1.1.0.Final.jar:/home/user/.m2/repository/org/glassfish/jersey/media/jersey-media-json-jackson/2.27/jersey-media-json-jackson-2.27.jar:/home/user/.m2/repository/org/glassfish/jersey/ext/jersey-entity-filtering/2.27/jersey-entity-filtering-2.27.jar:/home/user/.m2/repository/com/google/inject/extensions/guice-assistedinject/4.0/guice-assistedinject-4.0.jar:/home/user/.m2/repository/org/jooq/jooq/3.11.10/jooq-3.11.10.jar:/home/user/.m2/repository/org/jooq/jooq-meta/3.11.10/jooq-meta-3.11.10.jar:/home/user/.m2/repository/org/jooq/jooq-codegen/3.11.10/jooq-codegen-3.11.10.jar:/home/user/.m2/repository/com/jolbox/bonecp/0.8.0.RELEASE/bonecp-0.8.0.RELEASE.jar:/home/user/.m2/repository/org/xerial/sqlite-jdbc/3.25.2/sqlite-jdbc-3.25.2.jar:/home/user/.m2/repository/org/springframework/spring-jdbc/5.1.3.RELEASE/spring-jdbc-5.1.3.RELEASE.jar:/home/user/.m2/repository/org/springframework/spring-beans/5.1.3.RELEASE/spring-beans-5.1.3.RELEASE.jar:/home/user/.m2/repository/org/springframework/spring-core/5.1.3.RELEASE/spring-core-5.1.3.RELEASE.jar:/home/user/.m2/repository/org/springframework/spring-jcl/5.1.3.RELEASE/spring-jcl-5.1.3.RELEASE.jar:/home/user/.m2/repository/org/springframework/spring-tx/5.1.3.RELEASE/spring-tx-5.1.3.RELEASE.jar:/home/user/.m2/repository/org/apache/hadoop/hadoop-ozone-client/0.5.0-SNAPSHOT/hadoop-ozone-client-0.5.0-SNAPSHOT.jar:/home/user/.m2/repository/commons-lang/commons-lang/2.6/commons-lang-2.6.jar:/home/user/.m2/repository/org/apache/hadoop/hadoop-ozone-ozone-manager/0.5.0-SNAPSHOT/hadoop-ozone-ozone-manager-0.5.0-SNAPSHOT-tests.jar:/home/user/.m2/repository/junit/junit/4.11/junit-4.11.jar:/home/user/.m2/repository/org/hamcrest/hamcrest-core/1.3/hamcrest-core-1.3.jar:/home/user/.m2/repository/org/openjdk/jmh/jmh-core/1.19/jmh-core-1.19.jar:/home/user/.m2/repository/net/sf/jopt-simple/jopt-simple/4.6/jopt-simple-4.6.jar:/home/user/.m2/repository/org/apache/commons/commons-math3/3.1.1/commons-math3-3.1.1.jar:/home/user/.m2/repository/org/openjdk/jmh/jmh-generator-annprocess/1.19/jmh-generator-annprocess-1.19.jar:/home/user/.m2/repository/org/mockito/mockito-all/1.8.5/mockito-all-1.8.5.jar:/home/user/.m2/repository/org/apache/hadoop/hadoop-kms/3.2.0/hadoop-kms-3.2.0.jar:/home/user/.m2/repository/org/apache/hadoop/hadoop-auth/3.2.0/hadoop-auth-3.2.0.jar:/home/user/.m2/repository/com/nimbusds/nimbus-jose-jwt/4.41.1/nimbus-jose-jwt-4.41.1.jar:/home/user/.m2/repository/com/github/stephenc/jcip/jcip-annotations/1.0-1/jcip-annotations-1.0-1.jar:/home/user/.m2/repository/net/minidev/json-smart/2.3/json-smart-2.3.jar:/home/user/.m2/repository/net/minidev/accessors-smart/1.2/accessors-smart-1.2.jar:/home/user/.m2/repository/org/ow2/asm/asm/5.0.4/asm-5.0.4.jar:/home/user/.m2/repository/org/apache/curator/curator-framework/2.12.0/curator-framework-2.12.0.jar:/home/user/.m2/repository/com/sun/jersey/jersey-core/1.19/jersey-core-1.19.jar:/home/user/.m2/repository/javax/ws/rs/jsr311-api/1.1.1/jsr311-api-1.1.1.jar:/home/user/.m2/repository/com/sun/jersey/jersey-server/1.19/jersey-server-1.19.jar:/home/user/.m2/repository/javax/servlet/javax.servlet-api/3.1.0/javax.servlet-api-3.1.0.jar:/home/user/.m2/repository/org/eclipse/jetty/jetty-server/9.3.24.v20180605/jetty-server-9.3.24.v20180605.jar:/home/user/.m2/repository/org/eclipse/jetty/jetty-http/9.3.24.v20180605/jetty-http-9.3.24.v20180605.jar:/home/user/.m2/repository/org/eclipse/jetty/jetty-io/9.3.24.v20180605/jetty-io-9.3.24.v20180605.jar:/home/user/.m2/repository/org/eclipse/jetty/jetty-webapp/9.3.24.v20180605/jetty-webapp-9.3.24.v20180605.jar:/home/user/.m2/repository/org/eclipse/jetty/jetty-xml/9.3.24.v20180605/jetty-xml-9.3.24.v20180605.jar:/home/user/.m2/repository/log4j/log4j/1.2.17/log4j-1.2.17.jar:/home/user/.m2/repository/org/slf4j/slf4j-api/1.7.25/slf4j-api-1.7.25.jar:/home/user/.m2/repository/org/slf4j/jul-to-slf4j/1.7.25/jul-to-slf4j-1.7.25.jar:/home/user/.m2/repository/org/eclipse/jetty/jetty-util/9.3.24.v20180605/jetty-util-9.3.24.v20180605.jar:/home/user/.m2/repository/com/fasterxml/jackson/core/jackson-databind/2.9.5/jackson-databind-2.9.5.jar:/home/user/.m2/repository/org/apache/hadoop/hadoop-kms/3.2.0/hadoop-kms-3.2.0-tests.jar:/home/user/.m2/repository/org/apache/hadoop/hadoop-hdds-server-scm/0.5.0-SNAPSHOT/hadoop-hdds-server-scm-0.5.0-SNAPSHOT-tests.jar:/home/user/.m2/repository/org/apache/hadoop/hadoop-hdds-container-service/0.5.0-SNAPSHOT/hadoop-hdds-container-service-0.5.0-SNAPSHOT-tests.jar:/home/user/.m2/repository/org/yaml/snakeyaml/1.16/snakeyaml-1.16.jar:/home/user/.m2/repository/org/apache/hadoop/hadoop-common/3.2.0/hadoop-common-3.2.0-tests.jar:/home/user/.m2/repository/org/apache/hadoop/hadoop-annotations/3.2.0/hadoop-annotations-3.2.0.jar:/usr/lib/jvm/java-1.8-openjdk/jre/../lib/tools.jar:/home/user/.m2/repository/commons-cli/commons-cli/1.2/commons-cli-1.2.jar:/home/user/.m2/repository/org/apache/httpcomponents/httpclient/4.5.2/httpclient-4.5.2.jar:/home/user/.m2/repository/org/apache/httpcomponents/httpcore/4.4.4/httpcore-4.4.4.jar:/home/user/.m2/repository/commons-codec/commons-codec/1.11/commons-codec-1.11.jar:/home/user/.m2/repository/commons-net/commons-net/3.6/commons-net-3.6.jar:/home/user/.m2/repository/commons-collections/commons-collections/3.2.2/commons-collections-3.2.2.jar:/home/user/.m2/repository/org/eclipse/jetty/jetty-servlet/9.3.24.v20180605/jetty-servlet-9.3.24.v20180605.jar:/home/user/.m2/repository/org/eclipse/jetty/jetty-security/9.3.24.v20180605/jetty-security-9.3.24.v20180605.jar:/home/user/.m2/repository/javax/servlet/jsp/jsp-api/2.1/jsp-api-2.1.jar:/home/user/.m2/repository/com/sun/jersey/jersey-servlet/1.19/jersey-servlet-1.19.jar:/home/user/.m2/repository/com/sun/jersey/jersey-json/1.19/jersey-json-1.19.jar:/home/user/.m2/repository/org/codehaus/jettison/jettison/1.1/jettison-1.1.jar:/home/user/.m2/repository/org/codehaus/jackson/jackson-core-asl/1.9.13/jackson-core-asl-1.9.13.jar:/home/user/.m2/repository/org/codehaus/jackson/jackson-mapper-asl/1.9.13/jackson-mapper-asl-1.9.13.jar:/home/user/.m2/repository/org/codehaus/jackson/jackson-jaxrs/1.9.13/jackson-jaxrs-1.9.13.jar:/home/user/.m2/repository/org/codehaus/jackson/jackson-xc/1.9.13/jackson-xc-1.9.13.jar:/home/user/.m2/repository/commons-logging/commons-logging/1.1.3/commons-logging-1.1.3.jar:/home/user/.m2/repository/commons-beanutils/commons-beanutils/1.9.3/commons-beanutils-1.9.3.jar:/home/user/.m2/repository/org/apache/commons/commons-configuration2/2.1.1/commons-configuration2-2.1.1.jar:/home/user/.m2/repository/org/apache/commons/commons-lang3/3.7/commons-lang3-3.7.jar:/home/user/.m2/repository/org/apache/commons/commons-text/1.4/commons-text-1.4.jar:/home/user/.m2/repository/org/apache/avro/avro/1.7.7/avro-1.7.7.jar:/home/user/.m2/repository/com/thoughtworks/paranamer/paranamer/2.3/paranamer-2.3.jar:/home/user/.m2/repository/org/xerial/snappy/snappy-java/1.0.5/snappy-java-1.0.5.jar:/home/user/.m2/repository/com/google/re2j/re2j/1.1/re2j-1.1.jar:/home/user/.m2/repository/com/google/code/gson/gson/2.2.4/gson-2.2.4.jar:/home/user/.m2/repository/com/jcraft/jsch/0.1.54/jsch-0.1.54.jar:/home/user/.m2/repository/org/apache/curator/curator-client/2.12.0/curator-client-2.12.0.jar:/home/user/.m2/repository/org/apache/curator/curator-recipes/2.12.0/curator-recipes-2.12.0.jar:/home/user/.m2/repository/com/google/code/findbugs/jsr305/3.0.0/jsr305-3.0.0.jar:/home/user/.m2/repository/org/apache/htrace/htrace-core4/4.1.0-incubating/htrace-core4-4.1.0-incubating.jar:/home/user/.m2/repository/org/apache/zookeeper/zookeeper/3.4.13/zookeeper-3.4.13.jar:/home/user/.m2/repository/org/apache/yetus/audience-annotations/0.5.0/audience-annotations-0.5.0.jar:/home/user/.m2/repository/org/codehaus/woodstox/stax2-api/3.1.4/stax2-api-3.1.4.jar:/home/user/.m2/repository/com/fasterxml/woodstox/woodstox-core/5.0.3/woodstox-core-5.0.3.jar:/home/user/.m2/repository/dnsjava/dnsjava/2.1.7/dnsjava-2.1.7.jar:/home/user/.m2/repository/org/apache/hadoop/hadoop-hdfs/3.2.0/hadoop-hdfs-3.2.0-tests.jar:/home/user/.m2/repository/org/eclipse/jetty/jetty-util-ajax/9.3.24.v20180605/jetty-util-ajax-9.3.24.v20180605.jar:/home/user/.m2/repository/commons-daemon/commons-daemon/1.0.13/commons-daemon-1.0.13.jar:/home/user/.m2/repository/io/netty/netty/3.10.5.Final/netty-3.10.5.Final.jar:/home/user/.m2/repository/io/netty/netty-all/4.0.52.Final/netty-all-4.0.52.Final.jar:/home/user/.m2/repository/org/fusesource/leveldbjni/leveldbjni-all/1.8/leveldbjni-all-1.8.jar:"/>
    <property name="java.vm.vendor" value="IcedTea"/>
    <property name="sun.arch.data.model" value="64"/>
    <property name="test.build.dir" value="/workdir/hadoop-ozone/integration-test/target/test-dir"/>
    <property name="test.cache.data" value=""/>
    <property name="java.vendor.url" value="https://icedtea.classpath.org"/>
    <property name="user.timezone" value=""/>
    <property name="java.vm.specification.version" value="1.8"/>
    <property name="os.name" value="Linux"/>
    <property name="test.build.data" value="/workdir/hadoop-ozone/integration-test/target/test-dir"/>
    <property name="user.country" value="US"/>
    <property name="sun.java.launcher" value="SUN_STANDARD"/>
    <property name="sun.boot.library.path" value="/usr/lib/jvm/java-1.8-openjdk/jre/lib/amd64"/>
    <property name="sun.java.command" value="/workdir/hadoop-ozone/integration-test/target/surefire/surefirebooter7264064500334227446.jar /workdir/hadoop-ozone/integration-test/target/surefire 2019-08-21T07-04-17_065-jvmRun1 surefire6099701152439744187tmp surefire_291463096359038209713tmp"/>
    <property name="surefire.test.class.path" value="/workdir/hadoop-ozone/integration-test/target/test-classes:/workdir/hadoop-ozone/integration-test/target/classes:/home/user/.m2/repository/org/apache/hadoop/hadoop-ozone-common/0.5.0-SNAPSHOT/hadoop-ozone-common-0.5.0-SNAPSHOT.jar:/home/user/.m2/repository/org/apache/commons/commons-compress/1.4.1/commons-compress-1.4.1.jar:/home/user/.m2/repository/org/tukaani/xz/1.0/xz-1.0.jar:/home/user/.m2/repository/org/apache/hadoop/hadoop-common/3.2.0/hadoop-common-3.2.0.jar:/home/user/.m2/repository/org/apache/hadoop/hadoop-hdfs/3.2.0/hadoop-hdfs-3.2.0.jar:/home/user/.m2/repository/org/apache/hadoop/hadoop-hdfs-client/3.2.0/hadoop-hdfs-client-3.2.0.jar:/home/user/.m2/repository/com/fasterxml/jackson/core/jackson-annotations/2.9.5/jackson-annotations-2.9.5.jar:/home/user/.m2/repository/org/apache/hadoop/hadoop-hdds-common/0.5.0-SNAPSHOT/hadoop-hdds-common-0.5.0-SNAPSHOT.jar:/home/user/.m2/repository/javax/annotation/javax.annotation-api/1.2/javax.annotation-api-1.2.jar:/home/user/.m2/repository/org/apache/ratis/ratis-server/0.4.0-2337318-SNAPSHOT/ratis-server-0.4.0-2337318-SNAPSHOT.jar:/home/user/.m2/repository/org/apache/ratis/ratis-thirdparty-misc/0.2.0/ratis-thirdparty-misc-0.2.0.jar:/home/user/.m2/repository/org/apache/ratis/ratis-proto/0.4.0-2337318-SNAPSHOT/ratis-proto-0.4.0-2337318-SNAPSHOT.jar:/home/user/.m2/repository/org/apache/ratis/ratis-common/0.4.0-2337318-SNAPSHOT/ratis-common-0.4.0-2337318-SNAPSHOT.jar:/home/user/.m2/repository/org/apache/ratis/ratis-client/0.4.0-2337318-SNAPSHOT/ratis-client-0.4.0-2337318-SNAPSHOT.jar:/home/user/.m2/repository/org/apache/ratis/ratis-metrics/0.4.0-2337318-SNAPSHOT/ratis-metrics-0.4.0-2337318-SNAPSHOT.jar:/home/user/.m2/repository/org/apache/ratis/ratis-netty/0.4.0-2337318-SNAPSHOT/ratis-netty-0.4.0-2337318-SNAPSHOT.jar:/home/user/.m2/repository/org/apache/ratis/ratis-grpc/0.4.0-2337318-SNAPSHOT/ratis-grpc-0.4.0-2337318-SNAPSHOT.jar:/home/user/.m2/repository/org/rocksdb/rocksdbjni/6.0.1/rocksdbjni-6.0.1.jar:/home/user/.m2/repository/org/apache/logging/log4j/log4j-api/2.11.0/log4j-api-2.11.0.jar:/home/user/.m2/repository/org/apache/logging/log4j/log4j-core/2.11.0/log4j-core-2.11.0.jar:/home/user/.m2/repository/com/lmax/disruptor/3.4.2/disruptor-3.4.2.jar:/home/user/.m2/repository/org/apache/commons/commons-pool2/2.6.0/commons-pool2-2.6.0.jar:/home/user/.m2/repository/org/bouncycastle/bcpkix-jdk15on/1.60/bcpkix-jdk15on-1.60.jar:/home/user/.m2/repository/commons-validator/commons-validator/1.6/commons-validator-1.6.jar:/home/user/.m2/repository/commons-digester/commons-digester/1.8.1/commons-digester-1.8.1.jar:/home/user/.m2/repository/io/jaegertracing/jaeger-client/0.33.1/jaeger-client-0.33.1.jar:/home/user/.m2/repository/io/jaegertracing/jaeger-thrift/0.33.1/jaeger-thrift-0.33.1.jar:/home/user/.m2/repository/org/apache/thrift/libthrift/0.11.0/libthrift-0.11.0.jar:/home/user/.m2/repository/com/squareup/okhttp3/okhttp/3.9.0/okhttp-3.9.0.jar:/home/user/.m2/repository/com/squareup/okio/okio/1.13.0/okio-1.13.0.jar:/home/user/.m2/repository/io/jaegertracing/jaeger-core/0.33.1/jaeger-core-0.33.1.jar:/home/user/.m2/repository/io/jaegertracing/jaeger-tracerresolver/0.33.1/jaeger-tracerresolver-0.33.1.jar:/home/user/.m2/repository/io/opentracing/contrib/opentracing-tracerresolver/0.1.5/opentracing-tracerresolver-0.1.5.jar:/home/user/.m2/repository/io/opentracing/opentracing-util/0.31.0/opentracing-util-0.31.0.jar:/home/user/.m2/repository/io/opentracing/opentracing-api/0.31.0/opentracing-api-0.31.0.jar:/home/user/.m2/repository/io/opentracing/opentracing-noop/0.31.0/opentracing-noop-0.31.0.jar:/home/user/.m2/repository/org/apache/hadoop/hadoop-hdds-server-framework/0.5.0-SNAPSHOT/hadoop-hdds-server-framework-0.5.0-SNAPSHOT.jar:/home/user/.m2/repository/org/apache/hadoop/hadoop-hdds-container-service/0.5.0-SNAPSHOT/hadoop-hdds-container-service-0.5.0-SNAPSHOT.jar:/home/user/.m2/repository/org/apache/hadoop/hadoop-hdds-client/0.5.0-SNAPSHOT/hadoop-hdds-client-0.5.0-SNAPSHOT.jar:/home/user/.m2/repository/org/apache/hadoop/hadoop-hdds-tools/0.5.0-SNAPSHOT/hadoop-hdds-tools-0.5.0-SNAPSHOT.jar:/home/user/.m2/repository/org/apache/hadoop/hadoop-hdds-server-scm/0.5.0-SNAPSHOT/hadoop-hdds-server-scm-0.5.0-SNAPSHOT.jar:/home/user/.m2/repository/org/apache/hadoop/hadoop-hdds-docs/0.5.0-SNAPSHOT/hadoop-hdds-docs-0.5.0-SNAPSHOT.jar:/home/user/.m2/repository/io/dropwizard/metrics/metrics-core/3.2.4/metrics-core-3.2.4.jar:/home/user/.m2/repository/org/hamcrest/hamcrest-all/1.3/hamcrest-all-1.3.jar:/home/user/.m2/repository/org/bouncycastle/bcprov-jdk15on/1.60/bcprov-jdk15on-1.60.jar:/home/user/.m2/repository/info/picocli/picocli/3.9.6/picocli-3.9.6.jar:/home/user/.m2/repository/com/google/protobuf/protobuf-java/2.5.0/protobuf-java-2.5.0.jar:/home/user/.m2/repository/com/google/guava/guava/11.0.2/guava-11.0.2.jar:/home/user/.m2/repository/org/apache/hadoop/hadoop-ozone-ozone-manager/0.5.0-SNAPSHOT/hadoop-ozone-ozone-manager-0.5.0-SNAPSHOT.jar:/home/user/.m2/repository/org/apache/hadoop/hadoop-minikdc/3.2.0/hadoop-minikdc-3.2.0.jar:/home/user/.m2/repository/commons-io/commons-io/2.5/commons-io-2.5.jar:/home/user/.m2/repository/org/apache/kerby/kerb-simplekdc/1.0.1/kerb-simplekdc-1.0.1.jar:/home/user/.m2/repository/org/apache/kerby/kerb-client/1.0.1/kerb-client-1.0.1.jar:/home/user/.m2/repository/org/apache/kerby/kerby-config/1.0.1/kerby-config-1.0.1.jar:/home/user/.m2/repository/org/apache/kerby/kerb-core/1.0.1/kerb-core-1.0.1.jar:/home/user/.m2/repository/org/apache/kerby/kerby-pkix/1.0.1/kerby-pkix-1.0.1.jar:/home/user/.m2/repository/org/apache/kerby/kerby-asn1/1.0.1/kerby-asn1-1.0.1.jar:/home/user/.m2/repository/org/apache/kerby/kerby-util/1.0.1/kerby-util-1.0.1.jar:/home/user/.m2/repository/org/apache/kerby/kerb-common/1.0.1/kerb-common-1.0.1.jar:/home/user/.m2/repository/org/apache/kerby/kerb-crypto/1.0.1/kerb-crypto-1.0.1.jar:/home/user/.m2/repository/org/apache/kerby/kerb-util/1.0.1/kerb-util-1.0.1.jar:/home/user/.m2/repository/org/apache/kerby/token-provider/1.0.1/token-provider-1.0.1.jar:/home/user/.m2/repository/org/apache/kerby/kerb-admin/1.0.1/kerb-admin-1.0.1.jar:/home/user/.m2/repository/org/apache/kerby/kerb-server/1.0.1/kerb-server-1.0.1.jar:/home/user/.m2/repository/org/apache/kerby/kerb-identity/1.0.1/kerb-identity-1.0.1.jar:/home/user/.m2/repository/org/apache/kerby/kerby-xdr/1.0.1/kerby-xdr-1.0.1.jar:/home/user/.m2/repository/org/slf4j/slf4j-log4j12/1.7.25/slf4j-log4j12-1.7.25.jar:/home/user/.m2/repository/org/apache/hadoop/hadoop-ozone-objectstore-service/0.5.0-SNAPSHOT/hadoop-ozone-objectstore-service-0.5.0-SNAPSHOT.jar:/home/user/.m2/repository/org/apache/hadoop/hadoop-ozone-s3gateway/0.5.0-SNAPSHOT/hadoop-ozone-s3gateway-0.5.0-SNAPSHOT.jar:/home/user/.m2/repository/org/jboss/weld/servlet/weld-servlet/2.4.7.Final/weld-servlet-2.4.7.Final.jar:/home/user/.m2/repository/org/glassfish/jersey/containers/jersey-container-servlet-core/2.27/jersey-container-servlet-core-2.27.jar:/home/user/.m2/repository/org/glassfish/hk2/external/javax.inject/2.5.0-b42/javax.inject-2.5.0-b42.jar:/home/user/.m2/repository/org/glassfish/jersey/core/jersey-common/2.27/jersey-common-2.27.jar:/home/user/.m2/repository/org/glassfish/hk2/osgi-resource-locator/1.0.1/osgi-resource-locator-1.0.1.jar:/home/user/.m2/repository/javax/ws/rs/javax.ws.rs-api/2.1/javax.ws.rs-api-2.1.jar:/home/user/.m2/repository/org/glassfish/jersey/ext/cdi/jersey-cdi1x/2.27/jersey-cdi1x-2.27.jar:/home/user/.m2/repository/org/glassfish/jersey/inject/jersey-hk2/2.27/jersey-hk2-2.27.jar:/home/user/.m2/repository/org/glassfish/hk2/hk2-locator/2.5.0-b42/hk2-locator-2.5.0-b42.jar:/home/user/.m2/repository/org/javassist/javassist/3.22.0-CR2/javassist-3.22.0-CR2.jar:/home/user/.m2/repository/org/glassfish/hk2/hk2-api/2.5.0/hk2-api-2.5.0.jar:/home/user/.m2/repository/org/glassfish/hk2/external/jakarta.inject/2.5.0/jakarta.inject-2.5.0.jar:/home/user/.m2/repository/org/glassfish/hk2/hk2-utils/2.5.0/hk2-utils-2.5.0.jar:/home/user/.m2/repository/jakarta/annotation/jakarta.annotation-api/1.3.4/jakarta.annotation-api-1.3.4.jar:/home/user/.m2/repository/org/glassfish/hk2/external/aopalliance-repackaged/2.5.0/aopalliance-repackaged-2.5.0.jar:/home/user/.m2/repository/com/fasterxml/jackson/dataformat/jackson-dataformat-xml/2.9.0/jackson-dataformat-xml-2.9.0.jar:/home/user/.m2/repository/com/fasterxml/jackson/core/jackson-core/2.9.5/jackson-core-2.9.5.jar:/home/user/.m2/repository/com/fasterxml/jackson/module/jackson-module-jaxb-annotations/2.9.5/jackson-module-jaxb-annotations-2.9.5.jar:/home/user/.m2/repository/javax/enterprise/cdi-api/1.2/cdi-api-1.2.jar:/home/user/.m2/repository/javax/el/javax.el-api/3.0.0/javax.el-api-3.0.0.jar:/home/user/.m2/repository/javax/interceptor/javax.interceptor-api/1.2/javax.interceptor-api-1.2.jar:/home/user/.m2/repository/javax/inject/javax.inject/1/javax.inject-1.jar:/home/user/.m2/repository/com/sun/xml/bind/jaxb-impl/2.3.0.1/jaxb-impl-2.3.0.1.jar:/home/user/.m2/repository/com/sun/xml/bind/jaxb-core/2.3.0.1/jaxb-core-2.3.0.1.jar:/home/user/.m2/repository/javax/xml/bind/jaxb-api/2.3.0/jaxb-api-2.3.0.jar:/home/user/.m2/repository/javax/activation/activation/1.1.1/activation-1.1.1.jar:/home/user/.m2/repository/org/apache/hadoop/hadoop-ozone-csi/0.5.0-SNAPSHOT/hadoop-ozone-csi-0.5.0-SNAPSHOT.jar:/home/user/.m2/repository/com/google/protobuf/protobuf-java-util/3.5.1/protobuf-java-util-3.5.1.jar:/home/user/.m2/repository/org/apache/hadoop/hadoop-hdds-config/0.5.0-SNAPSHOT/hadoop-hdds-config-0.5.0-SNAPSHOT.jar:/home/user/.m2/repository/io/grpc/grpc-netty/1.17.1/grpc-netty-1.17.1.jar:/home/user/.m2/repository/io/grpc/grpc-core/1.17.1/grpc-core-1.17.1.jar:/home/user/.m2/repository/io/grpc/grpc-context/1.17.1/grpc-context-1.17.1.jar:/home/user/.m2/repository/com/google/errorprone/error_prone_annotations/2.2.0/error_prone_annotations-2.2.0.jar:/home/user/.m2/repository/org/codehaus/mojo/animal-sniffer-annotations/1.17/animal-sniffer-annotations-1.17.jar:/home/user/.m2/repository/io/opencensus/opencensus-api/0.17.0/opencensus-api-0.17.0.jar:/home/user/.m2/repository/io/opencensus/opencensus-contrib-grpc-metrics/0.17.0/opencensus-contrib-grpc-metrics-0.17.0.jar:/home/user/.m2/repository/io/netty/netty-codec-http2/4.1.30.Final/netty-codec-http2-4.1.30.Final.jar:/home/user/.m2/repository/io/netty/netty-codec-http/4.1.30.Final/netty-codec-http-4.1.30.Final.jar:/home/user/.m2/repository/io/netty/netty-codec/4.1.30.Final/netty-codec-4.1.30.Final.jar:/home/user/.m2/repository/io/netty/netty-handler/4.1.30.Final/netty-handler-4.1.30.Final.jar:/home/user/.m2/repository/io/netty/netty-handler-proxy/4.1.30.Final/netty-handler-proxy-4.1.30.Final.jar:/home/user/.m2/repository/io/netty/netty-codec-socks/4.1.30.Final/netty-codec-socks-4.1.30.Final.jar:/home/user/.m2/repository/io/netty/netty-transport-native-epoll/4.1.30.Final/netty-transport-native-epoll-4.1.30.Final.jar:/home/user/.m2/repository/io/netty/netty-common/4.1.30.Final/netty-common-4.1.30.Final.jar:/home/user/.m2/repository/io/netty/netty-buffer/4.1.30.Final/netty-buffer-4.1.30.Final.jar:/home/user/.m2/repository/io/netty/netty-transport/4.1.30.Final/netty-transport-4.1.30.Final.jar:/home/user/.m2/repository/io/netty/netty-resolver/4.1.30.Final/netty-resolver-4.1.30.Final.jar:/home/user/.m2/repository/io/netty/netty-transport-native-unix-common/4.1.30.Final/netty-transport-native-unix-common-4.1.30.Final.jar:/home/user/.m2/repository/io/grpc/grpc-protobuf/1.17.1/grpc-protobuf-1.17.1.jar:/home/user/.m2/repository/com/google/api/grpc/proto-google-common-protos/1.0.0/proto-google-common-protos-1.0.0.jar:/home/user/.m2/repository/io/grpc/grpc-protobuf-lite/1.17.1/grpc-protobuf-lite-1.17.1.jar:/home/user/.m2/repository/io/grpc/grpc-stub/1.17.1/grpc-stub-1.17.1.jar:/home/user/.m2/repository/org/apache/hadoop/hadoop-ozone-recon/0.5.0-SNAPSHOT/hadoop-ozone-recon-0.5.0-SNAPSHOT.jar:/home/user/.m2/repository/org/apache/hadoop/hadoop-ozone-reconcodegen/0.5.0-SNAPSHOT/hadoop-ozone-reconcodegen-0.5.0-SNAPSHOT.jar:/home/user/.m2/repository/com/google/inject/extensions/guice-multibindings/4.0/guice-multibindings-4.0.jar:/home/user/.m2/repository/com/google/inject/guice/4.0/guice-4.0.jar:/home/user/.m2/repository/aopalliance/aopalliance/1.0/aopalliance-1.0.jar:/home/user/.m2/repository/com/google/inject/extensions/guice-servlet/4.0/guice-servlet-4.0.jar:/home/user/.m2/repository/org/glassfish/jersey/containers/jersey-container-servlet/2.27/jersey-container-servlet-2.27.jar:/home/user/.m2/repository/org/glassfish/hk2/guice-bridge/2.5.0/guice-bridge-2.5.0.jar:/home/user/.m2/repository/org/glassfish/jersey/core/jersey-server/2.27/jersey-server-2.27.jar:/home/user/.m2/repository/org/glassfish/jersey/core/jersey-client/2.27/jersey-client-2.27.jar:/home/user/.m2/repository/org/glassfish/jersey/media/jersey-media-jaxb/2.27/jersey-media-jaxb-2.27.jar:/home/user/.m2/repository/javax/validation/validation-api/1.1.0.Final/validation-api-1.1.0.Final.jar:/home/user/.m2/repository/org/glassfish/jersey/media/jersey-media-json-jackson/2.27/jersey-media-json-jackson-2.27.jar:/home/user/.m2/repository/org/glassfish/jersey/ext/jersey-entity-filtering/2.27/jersey-entity-filtering-2.27.jar:/home/user/.m2/repository/com/google/inject/extensions/guice-assistedinject/4.0/guice-assistedinject-4.0.jar:/home/user/.m2/repository/org/jooq/jooq/3.11.10/jooq-3.11.10.jar:/home/user/.m2/repository/org/jooq/jooq-meta/3.11.10/jooq-meta-3.11.10.jar:/home/user/.m2/repository/org/jooq/jooq-codegen/3.11.10/jooq-codegen-3.11.10.jar:/home/user/.m2/repository/com/jolbox/bonecp/0.8.0.RELEASE/bonecp-0.8.0.RELEASE.jar:/home/user/.m2/repository/org/xerial/sqlite-jdbc/3.25.2/sqlite-jdbc-3.25.2.jar:/home/user/.m2/repository/org/springframework/spring-jdbc/5.1.3.RELEASE/spring-jdbc-5.1.3.RELEASE.jar:/home/user/.m2/repository/org/springframework/spring-beans/5.1.3.RELEASE/spring-beans-5.1.3.RELEASE.jar:/home/user/.m2/repository/org/springframework/spring-core/5.1.3.RELEASE/spring-core-5.1.3.RELEASE.jar:/home/user/.m2/repository/org/springframework/spring-jcl/5.1.3.RELEASE/spring-jcl-5.1.3.RELEASE.jar:/home/user/.m2/repository/org/springframework/spring-tx/5.1.3.RELEASE/spring-tx-5.1.3.RELEASE.jar:/home/user/.m2/repository/org/apache/hadoop/hadoop-ozone-client/0.5.0-SNAPSHOT/hadoop-ozone-client-0.5.0-SNAPSHOT.jar:/home/user/.m2/repository/commons-lang/commons-lang/2.6/commons-lang-2.6.jar:/home/user/.m2/repository/org/apache/hadoop/hadoop-ozone-ozone-manager/0.5.0-SNAPSHOT/hadoop-ozone-ozone-manager-0.5.0-SNAPSHOT-tests.jar:/home/user/.m2/repository/junit/junit/4.11/junit-4.11.jar:/home/user/.m2/repository/org/hamcrest/hamcrest-core/1.3/hamcrest-core-1.3.jar:/home/user/.m2/repository/org/openjdk/jmh/jmh-core/1.19/jmh-core-1.19.jar:/home/user/.m2/repository/net/sf/jopt-simple/jopt-simple/4.6/jopt-simple-4.6.jar:/home/user/.m2/repository/org/apache/commons/commons-math3/3.1.1/commons-math3-3.1.1.jar:/home/user/.m2/repository/org/openjdk/jmh/jmh-generator-annprocess/1.19/jmh-generator-annprocess-1.19.jar:/home/user/.m2/repository/org/mockito/mockito-all/1.8.5/mockito-all-1.8.5.jar:/home/user/.m2/repository/org/apache/hadoop/hadoop-kms/3.2.0/hadoop-kms-3.2.0.jar:/home/user/.m2/repository/org/apache/hadoop/hadoop-auth/3.2.0/hadoop-auth-3.2.0.jar:/home/user/.m2/repository/com/nimbusds/nimbus-jose-jwt/4.41.1/nimbus-jose-jwt-4.41.1.jar:/home/user/.m2/repository/com/github/stephenc/jcip/jcip-annotations/1.0-1/jcip-annotations-1.0-1.jar:/home/user/.m2/repository/net/minidev/json-smart/2.3/json-smart-2.3.jar:/home/user/.m2/repository/net/minidev/accessors-smart/1.2/accessors-smart-1.2.jar:/home/user/.m2/repository/org/ow2/asm/asm/5.0.4/asm-5.0.4.jar:/home/user/.m2/repository/org/apache/curator/curator-framework/2.12.0/curator-framework-2.12.0.jar:/home/user/.m2/repository/com/sun/jersey/jersey-core/1.19/jersey-core-1.19.jar:/home/user/.m2/repository/javax/ws/rs/jsr311-api/1.1.1/jsr311-api-1.1.1.jar:/home/user/.m2/repository/com/sun/jersey/jersey-server/1.19/jersey-server-1.19.jar:/home/user/.m2/repository/javax/servlet/javax.servlet-api/3.1.0/javax.servlet-api-3.1.0.jar:/home/user/.m2/repository/org/eclipse/jetty/jetty-server/9.3.24.v20180605/jetty-server-9.3.24.v20180605.jar:/home/user/.m2/repository/org/eclipse/jetty/jetty-http/9.3.24.v20180605/jetty-http-9.3.24.v20180605.jar:/home/user/.m2/repository/org/eclipse/jetty/jetty-io/9.3.24.v20180605/jetty-io-9.3.24.v20180605.jar:/home/user/.m2/repository/org/eclipse/jetty/jetty-webapp/9.3.24.v20180605/jetty-webapp-9.3.24.v20180605.jar:/home/user/.m2/repository/org/eclipse/jetty/jetty-xml/9.3.24.v20180605/jetty-xml-9.3.24.v20180605.jar:/home/user/.m2/repository/log4j/log4j/1.2.17/log4j-1.2.17.jar:/home/user/.m2/repository/org/slf4j/slf4j-api/1.7.25/slf4j-api-1.7.25.jar:/home/user/.m2/repository/org/slf4j/jul-to-slf4j/1.7.25/jul-to-slf4j-1.7.25.jar:/home/user/.m2/repository/org/eclipse/jetty/jetty-util/9.3.24.v20180605/jetty-util-9.3.24.v20180605.jar:/home/user/.m2/repository/com/fasterxml/jackson/core/jackson-databind/2.9.5/jackson-databind-2.9.5.jar:/home/user/.m2/repository/org/apache/hadoop/hadoop-kms/3.2.0/hadoop-kms-3.2.0-tests.jar:/home/user/.m2/repository/org/apache/hadoop/hadoop-hdds-server-scm/0.5.0-SNAPSHOT/hadoop-hdds-server-scm-0.5.0-SNAPSHOT-tests.jar:/home/user/.m2/repository/org/apache/hadoop/hadoop-hdds-container-service/0.5.0-SNAPSHOT/hadoop-hdds-container-service-0.5.0-SNAPSHOT-tests.jar:/home/user/.m2/repository/org/yaml/snakeyaml/1.16/snakeyaml-1.16.jar:/home/user/.m2/repository/org/apache/hadoop/hadoop-common/3.2.0/hadoop-common-3.2.0-tests.jar:/home/user/.m2/repository/org/apache/hadoop/hadoop-annotations/3.2.0/hadoop-annotations-3.2.0.jar:/usr/lib/jvm/java-1.8-openjdk/jre/../lib/tools.jar:/home/user/.m2/repository/commons-cli/commons-cli/1.2/commons-cli-1.2.jar:/home/user/.m2/repository/org/apache/httpcomponents/httpclient/4.5.2/httpclient-4.5.2.jar:/home/user/.m2/repository/org/apache/httpcomponents/httpcore/4.4.4/httpcore-4.4.4.jar:/home/user/.m2/repository/commons-codec/commons-codec/1.11/commons-codec-1.11.jar:/home/user/.m2/repository/commons-net/commons-net/3.6/commons-net-3.6.jar:/home/user/.m2/repository/commons-collections/commons-collections/3.2.2/commons-collections-3.2.2.jar:/home/user/.m2/repository/org/eclipse/jetty/jetty-servlet/9.3.24.v20180605/jetty-servlet-9.3.24.v20180605.jar:/home/user/.m2/repository/org/eclipse/jetty/jetty-security/9.3.24.v20180605/jetty-security-9.3.24.v20180605.jar:/home/user/.m2/repository/javax/servlet/jsp/jsp-api/2.1/jsp-api-2.1.jar:/home/user/.m2/repository/com/sun/jersey/jersey-servlet/1.19/jersey-servlet-1.19.jar:/home/user/.m2/repository/com/sun/jersey/jersey-json/1.19/jersey-json-1.19.jar:/home/user/.m2/repository/org/codehaus/jettison/jettison/1.1/jettison-1.1.jar:/home/user/.m2/repository/org/codehaus/jackson/jackson-core-asl/1.9.13/jackson-core-asl-1.9.13.jar:/home/user/.m2/repository/org/codehaus/jackson/jackson-mapper-asl/1.9.13/jackson-mapper-asl-1.9.13.jar:/home/user/.m2/repository/org/codehaus/jackson/jackson-jaxrs/1.9.13/jackson-jaxrs-1.9.13.jar:/home/user/.m2/repository/org/codehaus/jackson/jackson-xc/1.9.13/jackson-xc-1.9.13.jar:/home/user/.m2/repository/commons-logging/commons-logging/1.1.3/commons-logging-1.1.3.jar:/home/user/.m2/repository/commons-beanutils/commons-beanutils/1.9.3/commons-beanutils-1.9.3.jar:/home/user/.m2/repository/org/apache/commons/commons-configuration2/2.1.1/commons-configuration2-2.1.1.jar:/home/user/.m2/repository/org/apache/commons/commons-lang3/3.7/commons-lang3-3.7.jar:/home/user/.m2/repository/org/apache/commons/commons-text/1.4/commons-text-1.4.jar:/home/user/.m2/repository/org/apache/avro/avro/1.7.7/avro-1.7.7.jar:/home/user/.m2/repository/com/thoughtworks/paranamer/paranamer/2.3/paranamer-2.3.jar:/home/user/.m2/repository/org/xerial/snappy/snappy-java/1.0.5/snappy-java-1.0.5.jar:/home/user/.m2/repository/com/google/re2j/re2j/1.1/re2j-1.1.jar:/home/user/.m2/repository/com/google/code/gson/gson/2.2.4/gson-2.2.4.jar:/home/user/.m2/repository/com/jcraft/jsch/0.1.54/jsch-0.1.54.jar:/home/user/.m2/repository/org/apache/curator/curator-client/2.12.0/curator-client-2.12.0.jar:/home/user/.m2/repository/org/apache/curator/curator-recipes/2.12.0/curator-recipes-2.12.0.jar:/home/user/.m2/repository/com/google/code/findbugs/jsr305/3.0.0/jsr305-3.0.0.jar:/home/user/.m2/repository/org/apache/htrace/htrace-core4/4.1.0-incubating/htrace-core4-4.1.0-incubating.jar:/home/user/.m2/repository/org/apache/zookeeper/zookeeper/3.4.13/zookeeper-3.4.13.jar:/home/user/.m2/repository/org/apache/yetus/audience-annotations/0.5.0/audience-annotations-0.5.0.jar:/home/user/.m2/repository/org/codehaus/woodstox/stax2-api/3.1.4/stax2-api-3.1.4.jar:/home/user/.m2/repository/com/fasterxml/woodstox/woodstox-core/5.0.3/woodstox-core-5.0.3.jar:/home/user/.m2/repository/dnsjava/dnsjava/2.1.7/dnsjava-2.1.7.jar:/home/user/.m2/repository/org/apache/hadoop/hadoop-hdfs/3.2.0/hadoop-hdfs-3.2.0-tests.jar:/home/user/.m2/repository/org/eclipse/jetty/jetty-util-ajax/9.3.24.v20180605/jetty-util-ajax-9.3.24.v20180605.jar:/home/user/.m2/repository/commons-daemon/commons-daemon/1.0.13/commons-daemon-1.0.13.jar:/home/user/.m2/repository/io/netty/netty/3.10.5.Final/netty-3.10.5.Final.jar:/home/user/.m2/repository/io/netty/netty-all/4.0.52.Final/netty-all-4.0.52.Final.jar:/home/user/.m2/repository/org/fusesource/leveldbjni/leveldbjni-all/1.8/leveldbjni-all-1.8.jar:"/>
    <property name="sun.cpu.endian" value="little"/>
    <property name="user.home" value="/home/user"/>
    <property name="user.language" value="en"/>
    <property name="java.specification.vendor" value="Oracle Corporation"/>
    <property name="java.home" value="/usr/lib/jvm/java-1.8-openjdk/jre"/>
    <property name="java.security.krb5.conf" value="/workdir/hadoop-ozone/integration-test/target/test-classes/krb5.conf"/>
    <property name="basedir" value="/workdir/hadoop-ozone/integration-test"/>
    <property name="file.separator" value="/"/>
    <property name="line.separator" value="&#10;"/>
    <property name="java.vm.specification.vendor" value="Oracle Corporation"/>
    <property name="java.specification.name" value="Java Platform API Specification"/>
    <property name="java.awt.graphicsenv" value="sun.awt.X11GraphicsEnvironment"/>
    <property name="surefire.real.class.path" value="/workdir/hadoop-ozone/integration-test/target/surefire/surefirebooter7264064500334227446.jar"/>
    <property name="hadoop.log.dir" value="/workdir/hadoop-ozone/integration-test/target/log"/>
    <property name="sun.boot.class.path" value="/usr/lib/jvm/java-1.8-openjdk/jre/lib/resources.jar:/usr/lib/jvm/java-1.8-openjdk/jre/lib/rt.jar:/usr/lib/jvm/java-1.8-openjdk/jre/lib/sunrsasign.jar:/usr/lib/jvm/java-1.8-openjdk/jre/lib/jsse.jar:/usr/lib/jvm/java-1.8-openjdk/jre/lib/jce.jar:/usr/lib/jvm/java-1.8-openjdk/jre/lib/charsets.jar:/usr/lib/jvm/java-1.8-openjdk/jre/lib/jfr.jar:/usr/lib/jvm/java-1.8-openjdk/jre/classes"/>
    <property name="sun.management.compiler" value="HotSpot 64-Bit Tiered Compilers"/>
    <property name="java.runtime.version" value="1.8.0_212-b04"/>
    <property name="java.net.preferIPv4Stack" value="true"/>
    <property name="user.name" value="jenkins1000"/>
    <property name="path.separator" value=":"/>
    <property name="java.security.egd" value="file:///dev/urandom"/>
    <property name="os.version" value="3.10.0-957.12.2.el7.x86_64"/>
    <property name="java.endorsed.dirs" value="/usr/lib/jvm/java-1.8-openjdk/jre/lib/endorsed"/>
    <property name="java.runtime.name" value="OpenJDK Runtime Environment"/>
    <property name="file.encoding" value="UTF-8"/>
    <property name="java.vm.name" value="OpenJDK 64-Bit Server VM"/>
    <property name="test.build.webapps" value=""/>
    <property name="localRepository" value="/home/user/.m2/repository"/>
    <property name="java.vendor.url.bug" value="https://icedtea.classpath.org/bugzilla"/>
    <property name="java.io.tmpdir" value="/tmp"/>
    <property name="require.test.libhadoop" value=""/>
    <property name="java.version" value="1.8.0_212"/>
    <property name="user.dir" value="/workdir/hadoop-ozone/integration-test"/>
    <property name="os.arch" value="amd64"/>
    <property name="java.vm.specification.name" value="Java Virtual Machine Specification"/>
    <property name="test.build.classes" value="/workdir/hadoop-ozone/integration-test/target/test-classes"/>
    <property name="java.awt.printerjob" value="sun.print.PSPrinterJob"/>
    <property name="sun.os.patch.level" value="unknown"/>
    <property name="hadoop.tmp.dir" value="/workdir/hadoop-ozone/integration-test/target/tmp"/>
    <property name="java.library.path" value="/usr/lib/jvm/java-1.8-openjdk/jre/lib/amd64/server:/usr/lib/jvm/java-1.8-openjdk/jre/lib/amd64:/usr/lib/jvm/java-1.8-openjdk/jre/../lib/amd64:/workdir/hadoop-ozone/integration-test/target/native/target/usr/local/lib:/workdir/hadoop-ozone/integration-test/../../hadoop-common-project/hadoop-common/target/native/target/usr/local/lib:/usr/java/packages/lib/amd64:/usr/lib64:/lib64:/lib:/usr/lib"/>
    <property name="java.vm.info" value="mixed mode"/>
    <property name="java.vendor" value="IcedTea"/>
    <property name="java.vm.version" value="25.212-b04"/>
    <property name="java.ext.dirs" value="/usr/lib/jvm/java-1.8-openjdk/jre/lib/ext:/usr/java/packages/lib/ext"/>
    <property name="sun.io.unicode.encoding" value="UnicodeLittle"/>
    <property name="java.class.version" value="52.0"/>
  </properties>
  <testcase name="testMultiBlockWritesWithDnFailures" classname="org.apache.hadoop.ozone.client.rpc.TestMultiBlockWritesWithDnFailures" time="20.789">
    <error message="Allocated 0 blocks. Requested 1 blocks" type="INTERNAL_ERROR org.apache.hadoop.ozone.om.exceptions.OMException">INTERNAL_ERROR org.apache.hadoop.ozone.om.exceptions.OMException: Allocated 0 blocks. Requested 1 blocks
	at org.apache.hadoop.ozone.om.protocolPB.OzoneManagerProtocolClientSideTranslatorPB.handleError(OzoneManagerProtocolClientSideTranslatorPB.java:720)
	at org.apache.hadoop.ozone.om.protocolPB.OzoneManagerProtocolClientSideTranslatorPB.allocateBlock(OzoneManagerProtocolClientSideTranslatorPB.java:752)
	at org.apache.hadoop.ozone.client.io.BlockOutputStreamEntryPool.allocateNewBlock(BlockOutputStreamEntryPool.java:248)
	at org.apache.hadoop.ozone.client.io.BlockOutputStreamEntryPool.allocateBlockIfNeeded(BlockOutputStreamEntryPool.java:296)
	at org.apache.hadoop.ozone.client.io.KeyOutputStream.handleWrite(KeyOutputStream.java:201)
	at org.apache.hadoop.ozone.client.io.KeyOutputStream.handleRetry(KeyOutputStream.java:376)
	at org.apache.hadoop.ozone.client.io.KeyOutputStream.handleException(KeyOutputStream.java:325)
	at org.apache.hadoop.ozone.client.io.KeyOutputStream.handleWrite(KeyOutputStream.java:231)
	at org.apache.hadoop.ozone.client.io.KeyOutputStream.handleRetry(KeyOutputStream.java:376)
	at org.apache.hadoop.ozone.client.io.KeyOutputStream.handleException(KeyOutputStream.java:325)
	at org.apache.hadoop.ozone.client.io.KeyOutputStream.handleWrite(KeyOutputStream.java:231)
	at org.apache.hadoop.ozone.client.io.KeyOutputStream.write(KeyOutputStream.java:193)
	at org.apache.hadoop.ozone.client.io.OzoneOutputStream.write(OzoneOutputStream.java:49)
	at java.io.OutputStream.write(OutputStream.java:75)
	at org.apache.hadoop.ozone.client.rpc.TestMultiBlockWritesWithDnFailures.testMultiBlockWritesWithDnFailures(TestMultiBlockWritesWithDnFailures.java:122)
	at sun.reflect.NativeMethodAccessorImpl.invoke0(Native Method)
	at sun.reflect.NativeMethodAccessorImpl.invoke(NativeMethodAccessorImpl.java:62)
	at sun.reflect.DelegatingMethodAccessorImpl.invoke(DelegatingMethodAccessorImpl.java:43)
	at java.lang.reflect.Method.invoke(Method.java:498)
	at org.junit.runners.model.FrameworkMethod$1.runReflectiveCall(FrameworkMethod.java:47)
	at org.junit.internal.runners.model.ReflectiveCallable.run(ReflectiveCallable.java:12)
	at org.junit.runners.model.FrameworkMethod.invokeExplosively(FrameworkMethod.java:44)
	at org.junit.internal.runners.statements.InvokeMethod.evaluate(InvokeMethod.java:17)
	at org.junit.runners.ParentRunner.runLeaf(ParentRunner.java:271)
	at org.junit.runners.BlockJUnit4ClassRunner.runChild(BlockJUnit4ClassRunner.java:70)
	at org.junit.runners.BlockJUnit4ClassRunner.runChild(BlockJUnit4ClassRunner.java:50)
	at org.junit.runners.ParentRunner$3.run(ParentRunner.java:238)
	at org.junit.runners.ParentRunner$1.schedule(ParentRunner.java:63)
	at org.junit.runners.ParentRunner.runChildren(ParentRunner.java:236)
	at org.junit.runners.ParentRunner.access$000(ParentRunner.java:53)
	at org.junit.runners.ParentRunner$2.evaluate(ParentRunner.java:229)
	at org.junit.runners.ParentRunner.run(ParentRunner.java:309)
	at org.apache.maven.surefire.junit4.JUnit4Provider.execute(JUnit4Provider.java:365)
	at org.apache.maven.surefire.junit4.JUnit4Provider.executeWithRerun(JUnit4Provider.java:273)
	at org.apache.maven.surefire.junit4.JUnit4Provider.executeTestSet(JUnit4Provider.java:238)
	at org.apache.maven.surefire.junit4.JUnit4Provider.invoke(JUnit4Provider.java:159)
	at org.apache.maven.surefire.booter.ForkedBooter.invokeProviderInSameClassLoader(ForkedBooter.java:384)
	at org.apache.maven.surefire.booter.ForkedBooter.runSuitesInProcess(ForkedBooter.java:345)
	at org.apache.maven.surefire.booter.ForkedBooter.execute(ForkedBooter.java:126)
	at org.apache.maven.surefire.booter.ForkedBooter.main(ForkedBooter.java:418)
</error>
    <system-out><![CDATA[2019-08-21 07:45:11,987 WARN  server.ServerUtils (ServerUtils.java:getScmDbDir(145)) - ozone.scm.db.dirs is not configured. We recommend adding this setting. Falling back to ozone.metadata.dirs instead.
2019-08-21 07:45:12,152 WARN  server.ServerUtils (ServerUtils.java:getScmDbDir(145)) - ozone.scm.db.dirs is not configured. We recommend adding this setting. Falling back to ozone.metadata.dirs instead.
2019-08-21 07:45:12,156 WARN  server.ServerUtils (ServerUtils.java:getScmDbDir(145)) - ozone.scm.db.dirs is not configured. We recommend adding this setting. Falling back to ozone.metadata.dirs instead.
2019-08-21 07:45:12,174 INFO  util.log (Log.java:initialized(192)) - Logging initialized @944ms
2019-08-21 07:45:12,276 INFO  db.DBStoreBuilder (DBStoreBuilder.java:addTable(110)) - using custom profile for table: deletedBlocks
2019-08-21 07:45:12,277 INFO  db.DBStoreBuilder (DBStoreBuilder.java:processTables(161)) - Using default column profile:DBProfile.DISK for Table:deletedBlocks
2019-08-21 07:45:12,277 INFO  db.DBStoreBuilder (DBStoreBuilder.java:addTable(110)) - using custom profile for table: validCerts
2019-08-21 07:45:12,277 INFO  db.DBStoreBuilder (DBStoreBuilder.java:processTables(161)) - Using default column profile:DBProfile.DISK for Table:validCerts
2019-08-21 07:45:12,278 INFO  db.DBStoreBuilder (DBStoreBuilder.java:addTable(110)) - using custom profile for table: revokedCerts
2019-08-21 07:45:12,278 INFO  db.DBStoreBuilder (DBStoreBuilder.java:processTables(161)) - Using default column profile:DBProfile.DISK for Table:revokedCerts
2019-08-21 07:45:12,290 INFO  db.DBStoreBuilder (DBStoreBuilder.java:addTable(110)) - using custom profile for table: default
2019-08-21 07:45:12,290 INFO  db.DBStoreBuilder (DBStoreBuilder.java:processTables(167)) - Using default column profile:DBProfile.DISK for Table:default
2019-08-21 07:45:12,291 INFO  db.DBStoreBuilder (DBStoreBuilder.java:getDbProfile(198)) - Using default options. DBProfile.DISK
2019-08-21 07:45:12,516 INFO  net.NodeSchemaLoader (NodeSchemaLoader.java:loadSchemaFromFile(125)) - Loading file from sun.misc.CompoundEnumeration@7c7b252e
2019-08-21 07:45:12,518 INFO  net.NodeSchemaLoader (NodeSchemaLoader.java:loadSchema(171)) - Loading network topology layer schema file
2019-08-21 07:45:12,589 INFO  node.SCMNodeManager (SCMNodeManager.java:<init>(114)) - Entering startup safe mode.
2019-08-21 07:45:12,692 WARN  server.ServerUtils (ServerUtils.java:getScmDbDir(145)) - ozone.scm.db.dirs is not configured. We recommend adding this setting. Falling back to ozone.metadata.dirs instead.
2019-08-21 07:45:12,756 INFO  pipeline.SCMPipelineManager (SCMPipelineManager.java:initializePipelineState(126)) - No pipeline exists in current db
2019-08-21 07:45:12,759 WARN  server.ServerUtils (ServerUtils.java:getScmDbDir(145)) - ozone.scm.db.dirs is not configured. We recommend adding this setting. Falling back to ozone.metadata.dirs instead.
2019-08-21 07:45:12,872 WARN  events.EventQueue (EventQueue.java:fireEvent(183)) - No event handler registered for event TypedEvent{payloadType=SafeModeStatus, name='SafeModeStatus'}
2019-08-21 07:45:13,219 INFO  ipc.CallQueueManager (CallQueueManager.java:<init>(84)) - Using callQueue: class java.util.concurrent.LinkedBlockingQueue, queueCapacity: 2000, scheduler: class org.apache.hadoop.ipc.DefaultRpcScheduler, ipcBackoff: false.
2019-08-21 07:45:13,247 INFO  ipc.Server (Server.java:run(1074)) - Starting Socket Reader #1 for port 33837
2019-08-21 07:45:13,402 INFO  ipc.CallQueueManager (CallQueueManager.java:<init>(84)) - Using callQueue: class java.util.concurrent.LinkedBlockingQueue, queueCapacity: 2000, scheduler: class org.apache.hadoop.ipc.DefaultRpcScheduler, ipcBackoff: false.
2019-08-21 07:45:13,404 INFO  ipc.Server (Server.java:run(1074)) - Starting Socket Reader #1 for port 39497
2019-08-21 07:45:13,414 INFO  ipc.CallQueueManager (CallQueueManager.java:<init>(84)) - Using callQueue: class java.util.concurrent.LinkedBlockingQueue, queueCapacity: 2000, scheduler: class org.apache.hadoop.ipc.DefaultRpcScheduler, ipcBackoff: false.
2019-08-21 07:45:13,415 INFO  ipc.Server (Server.java:run(1074)) - Starting Socket Reader #1 for port 38681
2019-08-21 07:45:13,440 INFO  hdfs.DFSUtil (DFSUtil.java:httpServerTemplateForNNAndJN(1641)) - Starting Web-server for scm at: http://0.0.0.0:0
2019-08-21 07:45:13,608 INFO  server.AuthenticationFilter (AuthenticationFilter.java:constructSecretProvider(240)) - Unable to initialize FileSignerSecretProvider, falling back to use random secrets.
2019-08-21 07:45:13,621 WARN  http.HttpRequestLog (HttpRequestLog.java:getRequestLog(97)) - Jetty request log can only be enabled using Log4j
2019-08-21 07:45:13,635 INFO  http.HttpServer2 (HttpServer2.java:addGlobalFilter(975)) - Added global filter 'safety' (class=org.apache.hadoop.http.HttpServer2$QuotingInputFilter)
2019-08-21 07:45:13,639 INFO  http.HttpServer2 (HttpServer2.java:addFilter(948)) - Added filter static_user_filter (class=org.apache.hadoop.http.lib.StaticUserWebFilter$StaticUserFilter) to context scm
2019-08-21 07:45:13,639 INFO  http.HttpServer2 (HttpServer2.java:addFilter(958)) - Added filter static_user_filter (class=org.apache.hadoop.http.lib.StaticUserWebFilter$StaticUserFilter) to context logs
2019-08-21 07:45:13,640 INFO  http.HttpServer2 (HttpServer2.java:addFilter(958)) - Added filter static_user_filter (class=org.apache.hadoop.http.lib.StaticUserWebFilter$StaticUserFilter) to context static
2019-08-21 07:45:13,681 INFO  server.StorageContainerManager (StorageContainerManager.java:start(758)) - StorageContainerLocationProtocol RPC server is listening at /0.0.0.0:38681
2019-08-21 07:45:13,754 WARN  impl.MetricsConfig (MetricsConfig.java:loadFirst(134)) - Cannot locate configuration: tried hadoop-metrics2-storagecontainermanager.properties,hadoop-metrics2.properties
2019-08-21 07:45:13,769 INFO  impl.MetricsSystemImpl (MetricsSystemImpl.java:startTimer(374)) - Scheduled Metric snapshot period at 10 second(s).
2019-08-21 07:45:13,769 INFO  impl.MetricsSystemImpl (MetricsSystemImpl.java:start(191)) - StorageContainerManager metrics system started
2019-08-21 07:45:14,020 INFO  server.SCMClientProtocolServer (SCMClientProtocolServer.java:start(151)) - RPC server for Client  is listening at /0.0.0.0:38681
2019-08-21 07:45:14,021 INFO  ipc.Server (Server.java:run(1153)) - IPC Server listener on 38681: starting
2019-08-21 07:45:14,021 INFO  ipc.Server (Server.java:run(1314)) - IPC Server Responder: starting
2019-08-21 07:45:14,025 INFO  server.StorageContainerManager (StorageContainerManager.java:start(768)) - ScmBlockLocationProtocol RPC server is listening at /0.0.0.0:39497
2019-08-21 07:45:14,027 INFO  server.SCMBlockProtocolServer (SCMBlockProtocolServer.java:start(146)) - RPC server for Block Protocol is listening at /0.0.0.0:39497
2019-08-21 07:45:14,028 INFO  ipc.Server (Server.java:run(1314)) - IPC Server Responder: starting
2019-08-21 07:45:14,028 INFO  ipc.Server (Server.java:run(1153)) - IPC Server listener on 39497: starting
2019-08-21 07:45:14,035 INFO  server.StorageContainerManager (StorageContainerManager.java:start(772)) - ScmDatanodeProtocl RPC server is listening at /0.0.0.0:33837
2019-08-21 07:45:14,035 INFO  server.SCMDatanodeProtocolServer (SCMDatanodeProtocolServer.java:start(191)) - RPC server for DataNodes is listening at /0.0.0.0:33837
2019-08-21 07:45:14,037 INFO  ipc.Server (Server.java:run(1314)) - IPC Server Responder: starting
2019-08-21 07:45:14,037 INFO  ipc.Server (Server.java:run(1153)) - IPC Server listener on 33837: starting
2019-08-21 07:45:14,048 INFO  http.HttpServer2 (HttpServer2.java:bindListener(1191)) - Jetty bound to port 33857
2019-08-21 07:45:14,050 INFO  server.Server (Server.java:doStart(351)) - jetty-9.3.24.v20180605, build timestamp: 2018-06-05T17:11:56Z, git hash: 84205aa28f11a4f31f2a3b86d1bba2cc8ab69827
2019-08-21 07:45:14,092 INFO  handler.ContextHandler (ContextHandler.java:doStart(781)) - Started o.e.j.s.ServletContextHandler@4af0df05{/logs,file:///workdir/hadoop-ozone/integration-test/target/log,AVAILABLE}
2019-08-21 07:45:14,093 INFO  handler.ContextHandler (ContextHandler.java:doStart(781)) - Started o.e.j.s.ServletContextHandler@acdb094{/static,file:///workdir/hadoop-ozone/integration-test/target/test-classes/webapps/static,AVAILABLE}
2019-08-21 07:45:14,127 INFO  handler.ContextHandler (ContextHandler.java:doStart(781)) - Started o.e.j.w.WebAppContext@7df587ef{/,file:///workdir/hadoop-ozone/integration-test/target/test-classes/webapps/scm/,AVAILABLE}{/scm}
2019-08-21 07:45:14,133 INFO  server.AbstractConnector (AbstractConnector.java:doStart(278)) - Started ServerConnector@3591009c{HTTP/1.1,[http/1.1]}{0.0.0.0:33857}
2019-08-21 07:45:14,133 INFO  server.Server (Server.java:doStart(419)) - Started @2903ms
2019-08-21 07:45:14,135 INFO  impl.MetricsSinkAdapter (MetricsSinkAdapter.java:start(204)) - Sink prometheus started
2019-08-21 07:45:14,135 INFO  impl.MetricsSystemImpl (MetricsSystemImpl.java:registerSink(301)) - Registered sink prometheus
2019-08-21 07:45:14,137 INFO  server.BaseHttpServer (BaseHttpServer.java:updateConnectorAddress(215)) - HTTP server of SCM is listening at http://0.0.0.0:33857
2019-08-21 07:45:14,144 INFO  util.JvmPauseMonitor (JvmPauseMonitor.java:run(188)) - Starting JVM pause monitor
2019-08-21 07:45:14,148 WARN  server.ServerUtils (ServerUtils.java:getDBPath(222)) - ozone.om.db.dirs is not configured. We recommend adding this setting. Falling back to ozone.metadata.dirs instead.
2019-08-21 07:45:14,268 WARN  server.ServerUtils (ServerUtils.java:getDBPath(222)) - ozone.om.db.dirs is not configured. We recommend adding this setting. Falling back to ozone.metadata.dirs instead.
2019-08-21 07:45:14,269 WARN  server.ServerUtils (ServerUtils.java:getDBPath(222)) - ozone.om.db.dirs is not configured. We recommend adding this setting. Falling back to ozone.metadata.dirs instead.
2019-08-21 07:45:14,270 INFO  om.OzoneManager (OzoneManager.java:setOMNodeDetails(654)) - OM Service ID is not set. Setting it to the default ID: omServiceIdDefault
2019-08-21 07:45:14,270 INFO  om.OzoneManager (OzoneManager.java:setOMNodeDetails(660)) - OM Node ID is not set. Setting it to the OmStorage's OmID: 3983370f-113d-4052-978a-a7d3a690407d
2019-08-21 07:45:14,271 INFO  om.OzoneManager (OzoneManager.java:loadOMHAConfigs(611)) - Found matching OM address with OMServiceId: null, OMNodeId: null, RPC Address: localhost:0 and Ratis port: 9872
2019-08-21 07:45:15,004 WARN  server.ServerUtils (ServerUtils.java:getDBPath(222)) - ozone.om.db.dirs is not configured. We recommend adding this setting. Falling back to ozone.metadata.dirs instead.
2019-08-21 07:45:15,014 INFO  db.DBStoreBuilder (DBStoreBuilder.java:addTable(110)) - using custom profile for table: userTable
2019-08-21 07:45:15,015 INFO  db.DBStoreBuilder (DBStoreBuilder.java:processTables(161)) - Using default column profile:DBProfile.DISK for Table:userTable
2019-08-21 07:45:15,015 INFO  db.DBStoreBuilder (DBStoreBuilder.java:addTable(110)) - using custom profile for table: volumeTable
2019-08-21 07:45:15,015 INFO  db.DBStoreBuilder (DBStoreBuilder.java:processTables(161)) - Using default column profile:DBProfile.DISK for Table:volumeTable
2019-08-21 07:45:15,016 INFO  db.DBStoreBuilder (DBStoreBuilder.java:addTable(110)) - using custom profile for table: bucketTable
2019-08-21 07:45:15,016 INFO  db.DBStoreBuilder (DBStoreBuilder.java:processTables(161)) - Using default column profile:DBProfile.DISK for Table:bucketTable
2019-08-21 07:45:15,017 INFO  db.DBStoreBuilder (DBStoreBuilder.java:addTable(110)) - using custom profile for table: keyTable
2019-08-21 07:45:15,017 INFO  db.DBStoreBuilder (DBStoreBuilder.java:processTables(161)) - Using default column profile:DBProfile.DISK for Table:keyTable
2019-08-21 07:45:15,017 INFO  db.DBStoreBuilder (DBStoreBuilder.java:addTable(110)) - using custom profile for table: deletedTable
2019-08-21 07:45:15,018 INFO  db.DBStoreBuilder (DBStoreBuilder.java:processTables(161)) - Using default column profile:DBProfile.DISK for Table:deletedTable
2019-08-21 07:45:15,018 INFO  db.DBStoreBuilder (DBStoreBuilder.java:addTable(110)) - using custom profile for table: openKeyTable
2019-08-21 07:45:15,018 INFO  db.DBStoreBuilder (DBStoreBuilder.java:processTables(161)) - Using default column profile:DBProfile.DISK for Table:openKeyTable
2019-08-21 07:45:15,019 INFO  db.DBStoreBuilder (DBStoreBuilder.java:addTable(110)) - using custom profile for table: s3Table
2019-08-21 07:45:15,019 INFO  db.DBStoreBuilder (DBStoreBuilder.java:processTables(161)) - Using default column profile:DBProfile.DISK for Table:s3Table
2019-08-21 07:45:15,020 INFO  db.DBStoreBuilder (DBStoreBuilder.java:addTable(110)) - using custom profile for table: multipartInfoTable
2019-08-21 07:45:15,020 INFO  db.DBStoreBuilder (DBStoreBuilder.java:processTables(161)) - Using default column profile:DBProfile.DISK for Table:multipartInfoTable
2019-08-21 07:45:15,020 INFO  db.DBStoreBuilder (DBStoreBuilder.java:addTable(110)) - using custom profile for table: dTokenTable
2019-08-21 07:45:15,021 INFO  db.DBStoreBuilder (DBStoreBuilder.java:processTables(161)) - Using default column profile:DBProfile.DISK for Table:dTokenTable
2019-08-21 07:45:15,021 INFO  db.DBStoreBuilder (DBStoreBuilder.java:addTable(110)) - using custom profile for table: s3SecretTable
2019-08-21 07:45:15,021 INFO  db.DBStoreBuilder (DBStoreBuilder.java:processTables(161)) - Using default column profile:DBProfile.DISK for Table:s3SecretTable
2019-08-21 07:45:15,022 INFO  db.DBStoreBuilder (DBStoreBuilder.java:addTable(110)) - using custom profile for table: prefixTable
2019-08-21 07:45:15,022 INFO  db.DBStoreBuilder (DBStoreBuilder.java:processTables(161)) - Using default column profile:DBProfile.DISK for Table:prefixTable
2019-08-21 07:45:15,023 INFO  db.DBStoreBuilder (DBStoreBuilder.java:addTable(110)) - using custom profile for table: default
2019-08-21 07:45:15,023 INFO  db.DBStoreBuilder (DBStoreBuilder.java:processTables(167)) - Using default column profile:DBProfile.DISK for Table:default
2019-08-21 07:45:15,023 INFO  db.DBStoreBuilder (DBStoreBuilder.java:getDbProfile(198)) - Using default options. DBProfile.DISK
2019-08-21 07:45:15,485 INFO  ipc.CallQueueManager (CallQueueManager.java:<init>(84)) - Using callQueue: class java.util.concurrent.LinkedBlockingQueue, queueCapacity: 2000, scheduler: class org.apache.hadoop.ipc.DefaultRpcScheduler, ipcBackoff: false.
2019-08-21 07:45:15,487 INFO  ipc.Server (Server.java:run(1074)) - Starting Socket Reader #1 for port 42104
2019-08-21 07:45:15,511 INFO  om.OzoneManager (OzoneManager.java:start(1268)) - OzoneManager RPC server is listening at localhost/127.0.0.1:42104
2019-08-21 07:45:15,511 INFO  impl.MetricsSystemImpl (MetricsSystemImpl.java:init(158)) - OzoneManager metrics system started (again)
2019-08-21 07:45:15,512 INFO  ipc.Server (Server.java:run(1314)) - IPC Server Responder: starting
2019-08-21 07:45:15,513 INFO  ipc.Server (Server.java:run(1153)) - IPC Server listener on 42104: starting
2019-08-21 07:45:15,523 INFO  hdfs.DFSUtil (DFSUtil.java:httpServerTemplateForNNAndJN(1641)) - Starting Web-server for ozoneManager at: http://0.0.0.0:0
2019-08-21 07:45:15,525 INFO  server.AuthenticationFilter (AuthenticationFilter.java:constructSecretProvider(240)) - Unable to initialize FileSignerSecretProvider, falling back to use random secrets.
2019-08-21 07:45:15,526 WARN  http.HttpRequestLog (HttpRequestLog.java:getRequestLog(97)) - Jetty request log can only be enabled using Log4j
2019-08-21 07:45:15,529 INFO  http.HttpServer2 (HttpServer2.java:addGlobalFilter(975)) - Added global filter 'safety' (class=org.apache.hadoop.http.HttpServer2$QuotingInputFilter)
2019-08-21 07:45:15,530 INFO  http.HttpServer2 (HttpServer2.java:addFilter(948)) - Added filter static_user_filter (class=org.apache.hadoop.http.lib.StaticUserWebFilter$StaticUserFilter) to context ozoneManager
2019-08-21 07:45:15,531 INFO  http.HttpServer2 (HttpServer2.java:addFilter(958)) - Added filter static_user_filter (class=org.apache.hadoop.http.lib.StaticUserWebFilter$StaticUserFilter) to context logs
2019-08-21 07:45:15,531 INFO  http.HttpServer2 (HttpServer2.java:addFilter(958)) - Added filter static_user_filter (class=org.apache.hadoop.http.lib.StaticUserWebFilter$StaticUserFilter) to context static
2019-08-21 07:45:15,535 INFO  http.HttpServer2 (HttpServer2.java:bindListener(1191)) - Jetty bound to port 42187
2019-08-21 07:45:15,535 INFO  server.Server (Server.java:doStart(351)) - jetty-9.3.24.v20180605, build timestamp: 2018-06-05T17:11:56Z, git hash: 84205aa28f11a4f31f2a3b86d1bba2cc8ab69827
2019-08-21 07:45:15,538 INFO  handler.ContextHandler (ContextHandler.java:doStart(781)) - Started o.e.j.s.ServletContextHandler@7bef452c{/logs,file:///workdir/hadoop-ozone/integration-test/target/log,AVAILABLE}
2019-08-21 07:45:15,539 INFO  handler.ContextHandler (ContextHandler.java:doStart(781)) - Started o.e.j.s.ServletContextHandler@57fae983{/static,file:///workdir/hadoop-ozone/integration-test/target/test-classes/webapps/static,AVAILABLE}
2019-08-21 07:45:15,547 INFO  handler.ContextHandler (ContextHandler.java:doStart(781)) - Started o.e.j.w.WebAppContext@6ceb7b5e{/,file:///workdir/hadoop-ozone/integration-test/target/test-classes/webapps/ozoneManager/,AVAILABLE}{/ozoneManager}
2019-08-21 07:45:15,548 INFO  server.AbstractConnector (AbstractConnector.java:doStart(278)) - Started ServerConnector@7dd00705{HTTP/1.1,[http/1.1]}{0.0.0.0:42187}
2019-08-21 07:45:15,549 INFO  server.Server (Server.java:doStart(419)) - Started @4318ms
2019-08-21 07:45:15,550 WARN  impl.MetricsSystemImpl (MetricsSystemImpl.java:register(276)) - Sink prometheus already exists!
2019-08-21 07:45:15,551 INFO  server.BaseHttpServer (BaseHttpServer.java:updateConnectorAddress(215)) - HTTP server of OZONEMANAGER is listening at http://0.0.0.0:42187
2019-08-21 07:45:15,908 INFO  impl.MetricsSystemImpl (MetricsSystemImpl.java:init(158)) - HddsDatanode metrics system started (again)
2019-08-21 07:45:15,979 INFO  ozone.HddsDatanodeService (HddsDatanodeService.java:start(184)) - HddsDatanodeService host:pr-hdds-1935-7zzrp-4268841518 ip:192.168.5.147
2019-08-21 07:45:16,017 INFO  volume.HddsVolume (HddsVolume.java:<init>(176)) - Creating Volume: /workdir/hadoop-ozone/integration-test/target/test-dir/MiniOzoneClusterImpl-21103cdb-0298-4d99-8525-2fbf5bad4ea2/datanode-0/data/containers/hdds of  storage type : DISK and capacity : 1482555576320
2019-08-21 07:45:16,019 INFO  volume.VolumeSet (VolumeSet.java:initializeVolumeSet(170)) - Added Volume : /workdir/hadoop-ozone/integration-test/target/test-dir/MiniOzoneClusterImpl-21103cdb-0298-4d99-8525-2fbf5bad4ea2/datanode-0/data/containers/hdds to VolumeSet
2019-08-21 07:45:16,022 INFO  volume.ThrottledAsyncChecker (ThrottledAsyncChecker.java:schedule(140)) - Scheduling a check for org.apache.hadoop.ozone.container.common.volume.HddsVolume@16ade133
2019-08-21 07:45:16,040 INFO  volume.HddsVolumeChecker (HddsVolumeChecker.java:checkAllVolumes(203)) - Scheduled health check for volume org.apache.hadoop.ozone.container.common.volume.HddsVolume@16ade133
2019-08-21 07:45:16,154 INFO  impl.RaftServerProxy (ConfUtils.java:logGet(43)) - raft.rpc.type = GRPC (default)
2019-08-21 07:45:16,218 INFO  grpc.GrpcFactory (GrpcFactory.java:checkPooledByteBufAllocatorUseCacheForAllThreads(45)) - PERFORMANCE WARNING: useCacheForAllThreads is true that may cause Netty to create a lot garbage objects and, as a result, trigger GC.
	It is recommended to disable useCacheForAllThreads by setting -Dorg.apache.ratis.thirdparty.io.netty.allocator.useCacheForAllThreads=false in command line.
2019-08-21 07:45:16,222 INFO  grpc.GrpcConfigKeys$Server (ConfUtils.java:logGet(43)) - raft.grpc.server.port = 0 (default)
2019-08-21 07:45:16,223 INFO  server.GrpcService (ConfUtils.java:logGet(43)) - raft.grpc.message.size.max = 33570816 (custom)
2019-08-21 07:45:16,225 INFO  server.RaftServerConfigKeys (ConfUtils.java:logGet(43)) - raft.server.log.appender.buffer.byte-limit = 33554432 (custom)
2019-08-21 07:45:16,226 INFO  server.GrpcService (ConfUtils.java:logGet(43)) - raft.grpc.flow.control.window = 1MB (=1048576) (default)
2019-08-21 07:45:16,227 INFO  server.RaftServerConfigKeys (ConfUtils.java:logGet(43)) - raft.server.rpc.request.timeout = 3000ms (default)
2019-08-21 07:45:16,382 INFO  server.RaftServerConfigKeys (ConfUtils.java:logGet(43)) - raft.server.storage.dir = [/workdir/hadoop-ozone/integration-test/target/test-dir/MiniOzoneClusterImpl-21103cdb-0298-4d99-8525-2fbf5bad4ea2/datanode-0/data/ratis] (custom)
2019-08-21 07:45:16,417 INFO  replication.SimpleContainerDownloader (SimpleContainerDownloader.java:<init>(72)) - Starting container downloader service to copy containers to replicate.
2019-08-21 07:45:16,429 INFO  hdfs.DFSUtil (DFSUtil.java:httpServerTemplateForNNAndJN(1641)) - Starting Web-server for hddsDatanode at: http://0.0.0.0:0
2019-08-21 07:45:16,433 INFO  server.AuthenticationFilter (AuthenticationFilter.java:constructSecretProvider(240)) - Unable to initialize FileSignerSecretProvider, falling back to use random secrets.
2019-08-21 07:45:16,434 WARN  http.HttpRequestLog (HttpRequestLog.java:getRequestLog(97)) - Jetty request log can only be enabled using Log4j
2019-08-21 07:45:16,437 INFO  http.HttpServer2 (HttpServer2.java:addGlobalFilter(975)) - Added global filter 'safety' (class=org.apache.hadoop.http.HttpServer2$QuotingInputFilter)
2019-08-21 07:45:16,438 INFO  http.HttpServer2 (HttpServer2.java:addFilter(948)) - Added filter static_user_filter (class=org.apache.hadoop.http.lib.StaticUserWebFilter$StaticUserFilter) to context hddsDatanode
2019-08-21 07:45:16,439 INFO  http.HttpServer2 (HttpServer2.java:addFilter(958)) - Added filter static_user_filter (class=org.apache.hadoop.http.lib.StaticUserWebFilter$StaticUserFilter) to context static
2019-08-21 07:45:16,439 INFO  http.HttpServer2 (HttpServer2.java:addFilter(958)) - Added filter static_user_filter (class=org.apache.hadoop.http.lib.StaticUserWebFilter$StaticUserFilter) to context logs
2019-08-21 07:45:16,442 INFO  http.HttpServer2 (HttpServer2.java:bindListener(1191)) - Jetty bound to port 43524
2019-08-21 07:45:16,442 INFO  server.Server (Server.java:doStart(351)) - jetty-9.3.24.v20180605, build timestamp: 2018-06-05T17:11:56Z, git hash: 84205aa28f11a4f31f2a3b86d1bba2cc8ab69827
2019-08-21 07:45:16,446 INFO  handler.ContextHandler (ContextHandler.java:doStart(781)) - Started o.e.j.s.ServletContextHandler@60783105{/logs,file:///workdir/hadoop-ozone/integration-test/target/log,AVAILABLE}
2019-08-21 07:45:16,447 INFO  handler.ContextHandler (ContextHandler.java:doStart(781)) - Started o.e.j.s.ServletContextHandler@35d5ac51{/static,jar:file:/home/user/.m2/repository/org/apache/hadoop/hadoop-hdds-container-service/0.5.0-SNAPSHOT/hadoop-hdds-container-service-0.5.0-SNAPSHOT.jar!/webapps/static,AVAILABLE}
2019-08-21 07:45:16,498 INFO  handler.ContextHandler (ContextHandler.java:doStart(781)) - Started o.e.j.w.WebAppContext@6a094db2{/,file:///tmp/jetty-0.0.0.0-43524-hddsDatanode-_-any-257386004404987918.dir/webapp/,AVAILABLE}{/hddsDatanode}
2019-08-21 07:45:16,499 INFO  server.AbstractConnector (AbstractConnector.java:doStart(278)) - Started ServerConnector@65bdd558{HTTP/1.1,[http/1.1]}{0.0.0.0:43524}
2019-08-21 07:45:16,500 INFO  server.Server (Server.java:doStart(419)) - Started @5269ms
2019-08-21 07:45:16,501 WARN  impl.MetricsSystemImpl (MetricsSystemImpl.java:register(276)) - Sink prometheus already exists!
2019-08-21 07:45:16,502 INFO  server.BaseHttpServer (BaseHttpServer.java:updateConnectorAddress(215)) - HTTP server of HDDSDATANODE is listening at http://0.0.0.0:43524
2019-08-21 07:45:17,566 INFO  ozone.HddsDatanodeService (HddsDatanodeService.java:startPlugins(395)) - Started plug-in org.apache.hadoop.ozone.web.OzoneHddsDatanodeService@36c7cbe1
2019-08-21 07:45:17,567 INFO  impl.MetricsSystemImpl (MetricsSystemImpl.java:init(158)) - HddsDatanode metrics system started (again)
2019-08-21 07:45:17,569 INFO  ozone.HddsDatanodeService (HddsDatanodeService.java:start(184)) - HddsDatanodeService host:pr-hdds-1935-7zzrp-4268841518 ip:192.168.5.147
2019-08-21 07:45:17,577 INFO  util.JvmPauseMonitor (JvmPauseMonitor.java:run(188)) - Starting JVM pause monitor
2019-08-21 07:45:17,578 INFO  volume.HddsVolume (HddsVolume.java:<init>(176)) - Creating Volume: /workdir/hadoop-ozone/integration-test/target/test-dir/MiniOzoneClusterImpl-21103cdb-0298-4d99-8525-2fbf5bad4ea2/datanode-1/data/containers/hdds of  storage type : DISK and capacity : 1482555576320
2019-08-21 07:45:17,579 INFO  volume.VolumeSet (VolumeSet.java:initializeVolumeSet(170)) - Added Volume : /workdir/hadoop-ozone/integration-test/target/test-dir/MiniOzoneClusterImpl-21103cdb-0298-4d99-8525-2fbf5bad4ea2/datanode-1/data/containers/hdds to VolumeSet
2019-08-21 07:45:17,579 INFO  volume.ThrottledAsyncChecker (ThrottledAsyncChecker.java:schedule(140)) - Scheduling a check for org.apache.hadoop.ozone.container.common.volume.HddsVolume@64502326
2019-08-21 07:45:17,580 INFO  volume.HddsVolumeChecker (HddsVolumeChecker.java:checkAllVolumes(203)) - Scheduled health check for volume org.apache.hadoop.ozone.container.common.volume.HddsVolume@64502326
2019-08-21 07:45:17,598 INFO  impl.RaftServerProxy (ConfUtils.java:logGet(43)) - raft.rpc.type = GRPC (default)
2019-08-21 07:45:17,598 INFO  grpc.GrpcFactory (GrpcFactory.java:checkPooledByteBufAllocatorUseCacheForAllThreads(45)) - PERFORMANCE WARNING: useCacheForAllThreads is true that may cause Netty to create a lot garbage objects and, as a result, trigger GC.
	It is recommended to disable useCacheForAllThreads by setting -Dorg.apache.ratis.thirdparty.io.netty.allocator.useCacheForAllThreads=false in command line.
2019-08-21 07:45:17,598 INFO  grpc.GrpcConfigKeys$Server (ConfUtils.java:logGet(43)) - raft.grpc.server.port = 0 (default)
2019-08-21 07:45:17,598 INFO  server.GrpcService (ConfUtils.java:logGet(43)) - raft.grpc.message.size.max = 33570816 (custom)
2019-08-21 07:45:17,599 INFO  server.RaftServerConfigKeys (ConfUtils.java:logGet(43)) - raft.server.log.appender.buffer.byte-limit = 33554432 (custom)
2019-08-21 07:45:17,599 INFO  server.GrpcService (ConfUtils.java:logGet(43)) - raft.grpc.flow.control.window = 1MB (=1048576) (default)
2019-08-21 07:45:17,599 INFO  server.RaftServerConfigKeys (ConfUtils.java:logGet(43)) - raft.server.rpc.request.timeout = 3000ms (default)
2019-08-21 07:45:17,600 INFO  server.RaftServerConfigKeys (ConfUtils.java:logGet(43)) - raft.server.storage.dir = [/workdir/hadoop-ozone/integration-test/target/test-dir/MiniOzoneClusterImpl-21103cdb-0298-4d99-8525-2fbf5bad4ea2/datanode-1/data/ratis] (custom)
2019-08-21 07:45:17,600 INFO  replication.SimpleContainerDownloader (SimpleContainerDownloader.java:<init>(72)) - Starting container downloader service to copy containers to replicate.
2019-08-21 07:45:17,601 INFO  hdfs.DFSUtil (DFSUtil.java:httpServerTemplateForNNAndJN(1641)) - Starting Web-server for hddsDatanode at: http://0.0.0.0:0
2019-08-21 07:45:17,603 INFO  server.AuthenticationFilter (AuthenticationFilter.java:constructSecretProvider(240)) - Unable to initialize FileSignerSecretProvider, falling back to use random secrets.
2019-08-21 07:45:17,605 WARN  http.HttpRequestLog (HttpRequestLog.java:getRequestLog(97)) - Jetty request log can only be enabled using Log4j
2019-08-21 07:45:17,607 INFO  http.HttpServer2 (HttpServer2.java:addGlobalFilter(975)) - Added global filter 'safety' (class=org.apache.hadoop.http.HttpServer2$QuotingInputFilter)
2019-08-21 07:45:17,608 INFO  http.HttpServer2 (HttpServer2.java:addFilter(948)) - Added filter static_user_filter (class=org.apache.hadoop.http.lib.StaticUserWebFilter$StaticUserFilter) to context hddsDatanode
2019-08-21 07:45:17,609 INFO  http.HttpServer2 (HttpServer2.java:addFilter(958)) - Added filter static_user_filter (class=org.apache.hadoop.http.lib.StaticUserWebFilter$StaticUserFilter) to context static
2019-08-21 07:45:17,609 INFO  http.HttpServer2 (HttpServer2.java:addFilter(958)) - Added filter static_user_filter (class=org.apache.hadoop.http.lib.StaticUserWebFilter$StaticUserFilter) to context logs
2019-08-21 07:45:17,610 INFO  http.HttpServer2 (HttpServer2.java:bindListener(1191)) - Jetty bound to port 33710
2019-08-21 07:45:17,611 INFO  server.Server (Server.java:doStart(351)) - jetty-9.3.24.v20180605, build timestamp: 2018-06-05T17:11:56Z, git hash: 84205aa28f11a4f31f2a3b86d1bba2cc8ab69827
2019-08-21 07:45:17,615 INFO  handler.ContextHandler (ContextHandler.java:doStart(781)) - Started o.e.j.s.ServletContextHandler@71664560{/logs,file:///workdir/hadoop-ozone/integration-test/target/log,AVAILABLE}
2019-08-21 07:45:17,616 INFO  handler.ContextHandler (ContextHandler.java:doStart(781)) - Started o.e.j.s.ServletContextHandler@39da5e49{/static,jar:file:/home/user/.m2/repository/org/apache/hadoop/hadoop-hdds-container-service/0.5.0-SNAPSHOT/hadoop-hdds-container-service-0.5.0-SNAPSHOT.jar!/webapps/static,AVAILABLE}
2019-08-21 07:45:17,661 INFO  handler.ContextHandler (ContextHandler.java:doStart(781)) - Started o.e.j.w.WebAppContext@5f726750{/,file:///tmp/jetty-0.0.0.0-33710-hddsDatanode-_-any-4523397237569076368.dir/webapp/,AVAILABLE}{/hddsDatanode}
2019-08-21 07:45:17,661 INFO  server.AbstractConnector (AbstractConnector.java:doStart(278)) - Started ServerConnector@4e80a001{HTTP/1.1,[http/1.1]}{0.0.0.0:33710}
2019-08-21 07:45:17,662 INFO  server.Server (Server.java:doStart(419)) - Started @6432ms
2019-08-21 07:45:17,664 WARN  impl.MetricsSystemImpl (MetricsSystemImpl.java:register(276)) - Sink prometheus already exists!
2019-08-21 07:45:17,665 INFO  server.BaseHttpServer (BaseHttpServer.java:updateConnectorAddress(215)) - HTTP server of HDDSDATANODE is listening at http://0.0.0.0:33710
2019-08-21 07:45:17,702 INFO  datanode.InitDatanodeState (InitDatanodeState.java:persistContainerDatanodeDetails(140)) - DatanodeDetails is persisted to /workdir/hadoop-ozone/integration-test/target/test-dir/MiniOzoneClusterImpl-21103cdb-0298-4d99-8525-2fbf5bad4ea2/datanode-0/meta/datanode.id
2019-08-21 07:45:17,832 INFO  ozone.HddsDatanodeService (HddsDatanodeService.java:startPlugins(395)) - Started plug-in org.apache.hadoop.ozone.web.OzoneHddsDatanodeService@153cb763
2019-08-21 07:45:17,832 INFO  impl.MetricsSystemImpl (MetricsSystemImpl.java:init(158)) - HddsDatanode metrics system started (again)
2019-08-21 07:45:17,835 INFO  ozone.HddsDatanodeService (HddsDatanodeService.java:start(184)) - HddsDatanodeService host:pr-hdds-1935-7zzrp-4268841518 ip:192.168.5.147
2019-08-21 07:45:17,836 INFO  util.JvmPauseMonitor (JvmPauseMonitor.java:run(188)) - Starting JVM pause monitor
2019-08-21 07:45:17,845 INFO  volume.HddsVolume (HddsVolume.java:<init>(176)) - Creating Volume: /workdir/hadoop-ozone/integration-test/target/test-dir/MiniOzoneClusterImpl-21103cdb-0298-4d99-8525-2fbf5bad4ea2/datanode-2/data/containers/hdds of  storage type : DISK and capacity : 1482555576320
2019-08-21 07:45:17,845 INFO  volume.VolumeSet (VolumeSet.java:initializeVolumeSet(170)) - Added Volume : /workdir/hadoop-ozone/integration-test/target/test-dir/MiniOzoneClusterImpl-21103cdb-0298-4d99-8525-2fbf5bad4ea2/datanode-2/data/containers/hdds to VolumeSet
2019-08-21 07:45:17,845 INFO  volume.ThrottledAsyncChecker (ThrottledAsyncChecker.java:schedule(140)) - Scheduling a check for org.apache.hadoop.ozone.container.common.volume.HddsVolume@31834a2b
2019-08-21 07:45:17,846 INFO  volume.HddsVolumeChecker (HddsVolumeChecker.java:checkAllVolumes(203)) - Scheduled health check for volume org.apache.hadoop.ozone.container.common.volume.HddsVolume@31834a2b
2019-08-21 07:45:17,846 INFO  datanode.InitDatanodeState (InitDatanodeState.java:persistContainerDatanodeDetails(140)) - DatanodeDetails is persisted to /workdir/hadoop-ozone/integration-test/target/test-dir/MiniOzoneClusterImpl-21103cdb-0298-4d99-8525-2fbf5bad4ea2/datanode-1/meta/datanode.id
2019-08-21 07:45:17,862 INFO  impl.RaftServerProxy (ConfUtils.java:logGet(43)) - raft.rpc.type = GRPC (default)
2019-08-21 07:45:17,862 INFO  grpc.GrpcFactory (GrpcFactory.java:checkPooledByteBufAllocatorUseCacheForAllThreads(45)) - PERFORMANCE WARNING: useCacheForAllThreads is true that may cause Netty to create a lot garbage objects and, as a result, trigger GC.
	It is recommended to disable useCacheForAllThreads by setting -Dorg.apache.ratis.thirdparty.io.netty.allocator.useCacheForAllThreads=false in command line.
2019-08-21 07:45:17,862 INFO  grpc.GrpcConfigKeys$Server (ConfUtils.java:logGet(43)) - raft.grpc.server.port = 0 (default)
2019-08-21 07:45:17,862 INFO  server.GrpcService (ConfUtils.java:logGet(43)) - raft.grpc.message.size.max = 33570816 (custom)
2019-08-21 07:45:17,863 INFO  server.RaftServerConfigKeys (ConfUtils.java:logGet(43)) - raft.server.log.appender.buffer.byte-limit = 33554432 (custom)
2019-08-21 07:45:17,863 INFO  server.GrpcService (ConfUtils.java:logGet(43)) - raft.grpc.flow.control.window = 1MB (=1048576) (default)
2019-08-21 07:45:17,863 INFO  server.RaftServerConfigKeys (ConfUtils.java:logGet(43)) - raft.server.rpc.request.timeout = 3000ms (default)
2019-08-21 07:45:17,864 INFO  server.RaftServerConfigKeys (ConfUtils.java:logGet(43)) - raft.server.storage.dir = [/workdir/hadoop-ozone/integration-test/target/test-dir/MiniOzoneClusterImpl-21103cdb-0298-4d99-8525-2fbf5bad4ea2/datanode-2/data/ratis] (custom)
2019-08-21 07:45:17,865 INFO  replication.SimpleContainerDownloader (SimpleContainerDownloader.java:<init>(72)) - Starting container downloader service to copy containers to replicate.
2019-08-21 07:45:17,866 INFO  hdfs.DFSUtil (DFSUtil.java:httpServerTemplateForNNAndJN(1641)) - Starting Web-server for hddsDatanode at: http://0.0.0.0:0
2019-08-21 07:45:17,867 INFO  server.AuthenticationFilter (AuthenticationFilter.java:constructSecretProvider(240)) - Unable to initialize FileSignerSecretProvider, falling back to use random secrets.
2019-08-21 07:45:17,867 WARN  http.HttpRequestLog (HttpRequestLog.java:getRequestLog(97)) - Jetty request log can only be enabled using Log4j
2019-08-21 07:45:17,869 INFO  http.HttpServer2 (HttpServer2.java:addGlobalFilter(975)) - Added global filter 'safety' (class=org.apache.hadoop.http.HttpServer2$QuotingInputFilter)
2019-08-21 07:45:17,870 INFO  http.HttpServer2 (HttpServer2.java:addFilter(948)) - Added filter static_user_filter (class=org.apache.hadoop.http.lib.StaticUserWebFilter$StaticUserFilter) to context hddsDatanode
2019-08-21 07:45:17,870 INFO  http.HttpServer2 (HttpServer2.java:addFilter(958)) - Added filter static_user_filter (class=org.apache.hadoop.http.lib.StaticUserWebFilter$StaticUserFilter) to context logs
2019-08-21 07:45:17,870 INFO  http.HttpServer2 (HttpServer2.java:addFilter(958)) - Added filter static_user_filter (class=org.apache.hadoop.http.lib.StaticUserWebFilter$StaticUserFilter) to context static
2019-08-21 07:45:17,871 INFO  http.HttpServer2 (HttpServer2.java:bindListener(1191)) - Jetty bound to port 36328
2019-08-21 07:45:17,871 INFO  server.Server (Server.java:doStart(351)) - jetty-9.3.24.v20180605, build timestamp: 2018-06-05T17:11:56Z, git hash: 84205aa28f11a4f31f2a3b86d1bba2cc8ab69827
2019-08-21 07:45:17,873 INFO  handler.ContextHandler (ContextHandler.java:doStart(781)) - Started o.e.j.s.ServletContextHandler@79957f11{/logs,file:///workdir/hadoop-ozone/integration-test/target/log,AVAILABLE}
2019-08-21 07:45:17,873 INFO  handler.ContextHandler (ContextHandler.java:doStart(781)) - Started o.e.j.s.ServletContextHandler@4b41587d{/static,jar:file:/home/user/.m2/repository/org/apache/hadoop/hadoop-hdds-container-service/0.5.0-SNAPSHOT/hadoop-hdds-container-service-0.5.0-SNAPSHOT.jar!/webapps/static,AVAILABLE}
2019-08-21 07:45:17,902 INFO  handler.ContextHandler (ContextHandler.java:doStart(781)) - Started o.e.j.w.WebAppContext@1e545821{/,file:///tmp/jetty-0.0.0.0-36328-hddsDatanode-_-any-8058610139166067606.dir/webapp/,AVAILABLE}{/hddsDatanode}
2019-08-21 07:45:17,902 INFO  server.AbstractConnector (AbstractConnector.java:doStart(278)) - Started ServerConnector@12952aff{HTTP/1.1,[http/1.1]}{0.0.0.0:36328}
2019-08-21 07:45:17,904 INFO  server.Server (Server.java:doStart(419)) - Started @6673ms
2019-08-21 07:45:17,906 WARN  impl.MetricsSystemImpl (MetricsSystemImpl.java:register(276)) - Sink prometheus already exists!
2019-08-21 07:45:17,907 INFO  server.BaseHttpServer (BaseHttpServer.java:updateConnectorAddress(215)) - HTTP server of HDDSDATANODE is listening at http://0.0.0.0:36328
2019-08-21 07:45:18,064 INFO  ozone.HddsDatanodeService (HddsDatanodeService.java:startPlugins(395)) - Started plug-in org.apache.hadoop.ozone.web.OzoneHddsDatanodeService@7a84788f
2019-08-21 07:45:18,064 INFO  impl.MetricsSystemImpl (MetricsSystemImpl.java:init(158)) - HddsDatanode metrics system started (again)
2019-08-21 07:45:18,067 INFO  ozone.HddsDatanodeService (HddsDatanodeService.java:start(184)) - HddsDatanodeService host:pr-hdds-1935-7zzrp-4268841518 ip:192.168.5.147
2019-08-21 07:45:18,068 INFO  util.JvmPauseMonitor (JvmPauseMonitor.java:run(188)) - Starting JVM pause monitor
2019-08-21 07:45:18,071 INFO  datanode.InitDatanodeState (InitDatanodeState.java:persistContainerDatanodeDetails(140)) - DatanodeDetails is persisted to /workdir/hadoop-ozone/integration-test/target/test-dir/MiniOzoneClusterImpl-21103cdb-0298-4d99-8525-2fbf5bad4ea2/datanode-2/meta/datanode.id
2019-08-21 07:45:18,074 INFO  volume.HddsVolume (HddsVolume.java:<init>(176)) - Creating Volume: /workdir/hadoop-ozone/integration-test/target/test-dir/MiniOzoneClusterImpl-21103cdb-0298-4d99-8525-2fbf5bad4ea2/datanode-3/data/containers/hdds of  storage type : DISK and capacity : 1482555576320
2019-08-21 07:45:18,075 INFO  volume.VolumeSet (VolumeSet.java:initializeVolumeSet(170)) - Added Volume : /workdir/hadoop-ozone/integration-test/target/test-dir/MiniOzoneClusterImpl-21103cdb-0298-4d99-8525-2fbf5bad4ea2/datanode-3/data/containers/hdds to VolumeSet
2019-08-21 07:45:18,075 INFO  volume.ThrottledAsyncChecker (ThrottledAsyncChecker.java:schedule(140)) - Scheduling a check for org.apache.hadoop.ozone.container.common.volume.HddsVolume@22d477c2
2019-08-21 07:45:18,076 INFO  volume.HddsVolumeChecker (HddsVolumeChecker.java:checkAllVolumes(203)) - Scheduled health check for volume org.apache.hadoop.ozone.container.common.volume.HddsVolume@22d477c2
2019-08-21 07:45:18,090 INFO  impl.RaftServerProxy (ConfUtils.java:logGet(43)) - raft.rpc.type = GRPC (default)
2019-08-21 07:45:18,090 INFO  grpc.GrpcFactory (GrpcFactory.java:checkPooledByteBufAllocatorUseCacheForAllThreads(45)) - PERFORMANCE WARNING: useCacheForAllThreads is true that may cause Netty to create a lot garbage objects and, as a result, trigger GC.
	It is recommended to disable useCacheForAllThreads by setting -Dorg.apache.ratis.thirdparty.io.netty.allocator.useCacheForAllThreads=false in command line.
2019-08-21 07:45:18,091 INFO  grpc.GrpcConfigKeys$Server (ConfUtils.java:logGet(43)) - raft.grpc.server.port = 0 (default)
2019-08-21 07:45:18,091 INFO  server.GrpcService (ConfUtils.java:logGet(43)) - raft.grpc.message.size.max = 33570816 (custom)
2019-08-21 07:45:18,091 INFO  server.RaftServerConfigKeys (ConfUtils.java:logGet(43)) - raft.server.log.appender.buffer.byte-limit = 33554432 (custom)
2019-08-21 07:45:18,091 INFO  server.GrpcService (ConfUtils.java:logGet(43)) - raft.grpc.flow.control.window = 1MB (=1048576) (default)
2019-08-21 07:45:18,091 INFO  server.RaftServerConfigKeys (ConfUtils.java:logGet(43)) - raft.server.rpc.request.timeout = 3000ms (default)
2019-08-21 07:45:18,092 INFO  server.RaftServerConfigKeys (ConfUtils.java:logGet(43)) - raft.server.storage.dir = [/workdir/hadoop-ozone/integration-test/target/test-dir/MiniOzoneClusterImpl-21103cdb-0298-4d99-8525-2fbf5bad4ea2/datanode-3/data/ratis] (custom)
2019-08-21 07:45:18,092 INFO  replication.SimpleContainerDownloader (SimpleContainerDownloader.java:<init>(72)) - Starting container downloader service to copy containers to replicate.
2019-08-21 07:45:18,094 INFO  hdfs.DFSUtil (DFSUtil.java:httpServerTemplateForNNAndJN(1641)) - Starting Web-server for hddsDatanode at: http://0.0.0.0:0
2019-08-21 07:45:18,095 INFO  server.AuthenticationFilter (AuthenticationFilter.java:constructSecretProvider(240)) - Unable to initialize FileSignerSecretProvider, falling back to use random secrets.
2019-08-21 07:45:18,095 WARN  http.HttpRequestLog (HttpRequestLog.java:getRequestLog(97)) - Jetty request log can only be enabled using Log4j
2019-08-21 07:45:18,097 INFO  http.HttpServer2 (HttpServer2.java:addGlobalFilter(975)) - Added global filter 'safety' (class=org.apache.hadoop.http.HttpServer2$QuotingInputFilter)
2019-08-21 07:45:18,097 INFO  http.HttpServer2 (HttpServer2.java:addFilter(948)) - Added filter static_user_filter (class=org.apache.hadoop.http.lib.StaticUserWebFilter$StaticUserFilter) to context hddsDatanode
2019-08-21 07:45:18,097 INFO  http.HttpServer2 (HttpServer2.java:addFilter(958)) - Added filter static_user_filter (class=org.apache.hadoop.http.lib.StaticUserWebFilter$StaticUserFilter) to context static
2019-08-21 07:45:18,098 INFO  http.HttpServer2 (HttpServer2.java:addFilter(958)) - Added filter static_user_filter (class=org.apache.hadoop.http.lib.StaticUserWebFilter$StaticUserFilter) to context logs
2019-08-21 07:45:18,098 INFO  http.HttpServer2 (HttpServer2.java:bindListener(1191)) - Jetty bound to port 41253
2019-08-21 07:45:18,099 INFO  server.Server (Server.java:doStart(351)) - jetty-9.3.24.v20180605, build timestamp: 2018-06-05T17:11:56Z, git hash: 84205aa28f11a4f31f2a3b86d1bba2cc8ab69827
2019-08-21 07:45:18,102 INFO  handler.ContextHandler (ContextHandler.java:doStart(781)) - Started o.e.j.s.ServletContextHandler@7e5efcab{/logs,file:///workdir/hadoop-ozone/integration-test/target/log,AVAILABLE}
2019-08-21 07:45:18,103 INFO  handler.ContextHandler (ContextHandler.java:doStart(781)) - Started o.e.j.s.ServletContextHandler@1d2fb82{/static,jar:file:/home/user/.m2/repository/org/apache/hadoop/hadoop-hdds-container-service/0.5.0-SNAPSHOT/hadoop-hdds-container-service-0.5.0-SNAPSHOT.jar!/webapps/static,AVAILABLE}
2019-08-21 07:45:18,130 INFO  handler.ContextHandler (ContextHandler.java:doStart(781)) - Started o.e.j.w.WebAppContext@3b11620a{/,file:///tmp/jetty-0.0.0.0-41253-hddsDatanode-_-any-1834228364376019963.dir/webapp/,AVAILABLE}{/hddsDatanode}
2019-08-21 07:45:18,131 INFO  server.AbstractConnector (AbstractConnector.java:doStart(278)) - Started ServerConnector@2fd1ad8a{HTTP/1.1,[http/1.1]}{0.0.0.0:41253}
2019-08-21 07:45:18,132 INFO  server.Server (Server.java:doStart(419)) - Started @6901ms
2019-08-21 07:45:18,132 WARN  impl.MetricsSystemImpl (MetricsSystemImpl.java:register(276)) - Sink prometheus already exists!
2019-08-21 07:45:18,133 INFO  server.BaseHttpServer (BaseHttpServer.java:updateConnectorAddress(215)) - HTTP server of HDDSDATANODE is listening at http://0.0.0.0:41253
2019-08-21 07:45:18,275 INFO  ozone.HddsDatanodeService (HddsDatanodeService.java:startPlugins(395)) - Started plug-in org.apache.hadoop.ozone.web.OzoneHddsDatanodeService@7b9088f2
2019-08-21 07:45:18,275 INFO  impl.MetricsSystemImpl (MetricsSystemImpl.java:init(158)) - HddsDatanode metrics system started (again)
2019-08-21 07:45:18,279 INFO  ozone.HddsDatanodeService (HddsDatanodeService.java:start(184)) - HddsDatanodeService host:pr-hdds-1935-7zzrp-4268841518 ip:192.168.5.147
2019-08-21 07:45:18,279 INFO  util.JvmPauseMonitor (JvmPauseMonitor.java:run(188)) - Starting JVM pause monitor
2019-08-21 07:45:18,282 INFO  datanode.InitDatanodeState (InitDatanodeState.java:persistContainerDatanodeDetails(140)) - DatanodeDetails is persisted to /workdir/hadoop-ozone/integration-test/target/test-dir/MiniOzoneClusterImpl-21103cdb-0298-4d99-8525-2fbf5bad4ea2/datanode-3/meta/datanode.id
2019-08-21 07:45:18,288 INFO  volume.HddsVolume (HddsVolume.java:<init>(176)) - Creating Volume: /workdir/hadoop-ozone/integration-test/target/test-dir/MiniOzoneClusterImpl-21103cdb-0298-4d99-8525-2fbf5bad4ea2/datanode-4/data/containers/hdds of  storage type : DISK and capacity : 1482555576320
2019-08-21 07:45:18,289 INFO  volume.VolumeSet (VolumeSet.java:initializeVolumeSet(170)) - Added Volume : /workdir/hadoop-ozone/integration-test/target/test-dir/MiniOzoneClusterImpl-21103cdb-0298-4d99-8525-2fbf5bad4ea2/datanode-4/data/containers/hdds to VolumeSet
2019-08-21 07:45:18,289 INFO  volume.ThrottledAsyncChecker (ThrottledAsyncChecker.java:schedule(140)) - Scheduling a check for org.apache.hadoop.ozone.container.common.volume.HddsVolume@12192604
2019-08-21 07:45:18,290 INFO  volume.HddsVolumeChecker (HddsVolumeChecker.java:checkAllVolumes(203)) - Scheduled health check for volume org.apache.hadoop.ozone.container.common.volume.HddsVolume@12192604
2019-08-21 07:45:18,305 INFO  impl.RaftServerProxy (ConfUtils.java:logGet(43)) - raft.rpc.type = GRPC (default)
2019-08-21 07:45:18,305 INFO  grpc.GrpcFactory (GrpcFactory.java:checkPooledByteBufAllocatorUseCacheForAllThreads(45)) - PERFORMANCE WARNING: useCacheForAllThreads is true that may cause Netty to create a lot garbage objects and, as a result, trigger GC.
	It is recommended to disable useCacheForAllThreads by setting -Dorg.apache.ratis.thirdparty.io.netty.allocator.useCacheForAllThreads=false in command line.
2019-08-21 07:45:18,305 INFO  grpc.GrpcConfigKeys$Server (ConfUtils.java:logGet(43)) - raft.grpc.server.port = 0 (default)
2019-08-21 07:45:18,306 INFO  server.GrpcService (ConfUtils.java:logGet(43)) - raft.grpc.message.size.max = 33570816 (custom)
2019-08-21 07:45:18,306 INFO  server.RaftServerConfigKeys (ConfUtils.java:logGet(43)) - raft.server.log.appender.buffer.byte-limit = 33554432 (custom)
2019-08-21 07:45:18,306 INFO  server.GrpcService (ConfUtils.java:logGet(43)) - raft.grpc.flow.control.window = 1MB (=1048576) (default)
2019-08-21 07:45:18,306 INFO  server.RaftServerConfigKeys (ConfUtils.java:logGet(43)) - raft.server.rpc.request.timeout = 3000ms (default)
2019-08-21 07:45:18,307 INFO  server.RaftServerConfigKeys (ConfUtils.java:logGet(43)) - raft.server.storage.dir = [/workdir/hadoop-ozone/integration-test/target/test-dir/MiniOzoneClusterImpl-21103cdb-0298-4d99-8525-2fbf5bad4ea2/datanode-4/data/ratis] (custom)
2019-08-21 07:45:18,308 INFO  replication.SimpleContainerDownloader (SimpleContainerDownloader.java:<init>(72)) - Starting container downloader service to copy containers to replicate.
2019-08-21 07:45:18,309 INFO  hdfs.DFSUtil (DFSUtil.java:httpServerTemplateForNNAndJN(1641)) - Starting Web-server for hddsDatanode at: http://0.0.0.0:0
2019-08-21 07:45:18,310 INFO  server.AuthenticationFilter (AuthenticationFilter.java:constructSecretProvider(240)) - Unable to initialize FileSignerSecretProvider, falling back to use random secrets.
2019-08-21 07:45:18,310 WARN  http.HttpRequestLog (HttpRequestLog.java:getRequestLog(97)) - Jetty request log can only be enabled using Log4j
2019-08-21 07:45:18,312 INFO  http.HttpServer2 (HttpServer2.java:addGlobalFilter(975)) - Added global filter 'safety' (class=org.apache.hadoop.http.HttpServer2$QuotingInputFilter)
2019-08-21 07:45:18,312 INFO  http.HttpServer2 (HttpServer2.java:addFilter(948)) - Added filter static_user_filter (class=org.apache.hadoop.http.lib.StaticUserWebFilter$StaticUserFilter) to context hddsDatanode
2019-08-21 07:45:18,313 INFO  http.HttpServer2 (HttpServer2.java:addFilter(958)) - Added filter static_user_filter (class=org.apache.hadoop.http.lib.StaticUserWebFilter$StaticUserFilter) to context logs
2019-08-21 07:45:18,313 INFO  http.HttpServer2 (HttpServer2.java:addFilter(958)) - Added filter static_user_filter (class=org.apache.hadoop.http.lib.StaticUserWebFilter$StaticUserFilter) to context static
2019-08-21 07:45:18,313 INFO  http.HttpServer2 (HttpServer2.java:bindListener(1191)) - Jetty bound to port 35149
2019-08-21 07:45:18,314 INFO  server.Server (Server.java:doStart(351)) - jetty-9.3.24.v20180605, build timestamp: 2018-06-05T17:11:56Z, git hash: 84205aa28f11a4f31f2a3b86d1bba2cc8ab69827
2019-08-21 07:45:18,316 INFO  handler.ContextHandler (ContextHandler.java:doStart(781)) - Started o.e.j.s.ServletContextHandler@581c9bb7{/logs,file:///workdir/hadoop-ozone/integration-test/target/log,AVAILABLE}
2019-08-21 07:45:18,316 INFO  handler.ContextHandler (ContextHandler.java:doStart(781)) - Started o.e.j.s.ServletContextHandler@212fafd1{/static,jar:file:/home/user/.m2/repository/org/apache/hadoop/hadoop-hdds-container-service/0.5.0-SNAPSHOT/hadoop-hdds-container-service-0.5.0-SNAPSHOT.jar!/webapps/static,AVAILABLE}
2019-08-21 07:45:18,344 INFO  handler.ContextHandler (ContextHandler.java:doStart(781)) - Started o.e.j.w.WebAppContext@33e4b9c4{/,file:///tmp/jetty-0.0.0.0-35149-hddsDatanode-_-any-676761326531019777.dir/webapp/,AVAILABLE}{/hddsDatanode}
2019-08-21 07:45:18,344 INFO  server.AbstractConnector (AbstractConnector.java:doStart(278)) - Started ServerConnector@5cff729b{HTTP/1.1,[http/1.1]}{0.0.0.0:35149}
2019-08-21 07:45:18,345 INFO  server.Server (Server.java:doStart(419)) - Started @7115ms
2019-08-21 07:45:18,345 WARN  impl.MetricsSystemImpl (MetricsSystemImpl.java:register(276)) - Sink prometheus already exists!
2019-08-21 07:45:18,346 INFO  server.BaseHttpServer (BaseHttpServer.java:updateConnectorAddress(215)) - HTTP server of HDDSDATANODE is listening at http://0.0.0.0:35149
2019-08-21 07:45:18,489 INFO  ozone.HddsDatanodeService (HddsDatanodeService.java:startPlugins(395)) - Started plug-in org.apache.hadoop.ozone.web.OzoneHddsDatanodeService@7f22687e
2019-08-21 07:45:18,490 INFO  impl.MetricsSystemImpl (MetricsSystemImpl.java:init(158)) - HddsDatanode metrics system started (again)
2019-08-21 07:45:18,494 INFO  ozone.HddsDatanodeService (HddsDatanodeService.java:start(184)) - HddsDatanodeService host:pr-hdds-1935-7zzrp-4268841518 ip:192.168.5.147
2019-08-21 07:45:18,494 INFO  util.JvmPauseMonitor (JvmPauseMonitor.java:run(188)) - Starting JVM pause monitor
2019-08-21 07:45:18,497 INFO  datanode.InitDatanodeState (InitDatanodeState.java:persistContainerDatanodeDetails(140)) - DatanodeDetails is persisted to /workdir/hadoop-ozone/integration-test/target/test-dir/MiniOzoneClusterImpl-21103cdb-0298-4d99-8525-2fbf5bad4ea2/datanode-4/meta/datanode.id
2019-08-21 07:45:18,502 INFO  volume.HddsVolume (HddsVolume.java:<init>(176)) - Creating Volume: /workdir/hadoop-ozone/integration-test/target/test-dir/MiniOzoneClusterImpl-21103cdb-0298-4d99-8525-2fbf5bad4ea2/datanode-5/data/containers/hdds of  storage type : DISK and capacity : 1482555576320
2019-08-21 07:45:18,502 INFO  volume.VolumeSet (VolumeSet.java:initializeVolumeSet(170)) - Added Volume : /workdir/hadoop-ozone/integration-test/target/test-dir/MiniOzoneClusterImpl-21103cdb-0298-4d99-8525-2fbf5bad4ea2/datanode-5/data/containers/hdds to VolumeSet
2019-08-21 07:45:18,503 INFO  volume.ThrottledAsyncChecker (ThrottledAsyncChecker.java:schedule(140)) - Scheduling a check for org.apache.hadoop.ozone.container.common.volume.HddsVolume@7dbae40
2019-08-21 07:45:18,503 INFO  volume.HddsVolumeChecker (HddsVolumeChecker.java:checkAllVolumes(203)) - Scheduled health check for volume org.apache.hadoop.ozone.container.common.volume.HddsVolume@7dbae40
2019-08-21 07:45:18,518 INFO  impl.RaftServerProxy (ConfUtils.java:logGet(43)) - raft.rpc.type = GRPC (default)
2019-08-21 07:45:18,518 INFO  grpc.GrpcFactory (GrpcFactory.java:checkPooledByteBufAllocatorUseCacheForAllThreads(45)) - PERFORMANCE WARNING: useCacheForAllThreads is true that may cause Netty to create a lot garbage objects and, as a result, trigger GC.
	It is recommended to disable useCacheForAllThreads by setting -Dorg.apache.ratis.thirdparty.io.netty.allocator.useCacheForAllThreads=false in command line.
2019-08-21 07:45:18,519 INFO  grpc.GrpcConfigKeys$Server (ConfUtils.java:logGet(43)) - raft.grpc.server.port = 0 (default)
2019-08-21 07:45:18,519 INFO  server.GrpcService (ConfUtils.java:logGet(43)) - raft.grpc.message.size.max = 33570816 (custom)
2019-08-21 07:45:18,519 INFO  server.RaftServerConfigKeys (ConfUtils.java:logGet(43)) - raft.server.log.appender.buffer.byte-limit = 33554432 (custom)
2019-08-21 07:45:18,519 INFO  server.GrpcService (ConfUtils.java:logGet(43)) - raft.grpc.flow.control.window = 1MB (=1048576) (default)
2019-08-21 07:45:18,519 INFO  server.RaftServerConfigKeys (ConfUtils.java:logGet(43)) - raft.server.rpc.request.timeout = 3000ms (default)
2019-08-21 07:45:18,520 INFO  server.RaftServerConfigKeys (ConfUtils.java:logGet(43)) - raft.server.storage.dir = [/workdir/hadoop-ozone/integration-test/target/test-dir/MiniOzoneClusterImpl-21103cdb-0298-4d99-8525-2fbf5bad4ea2/datanode-5/data/ratis] (custom)
2019-08-21 07:45:18,521 INFO  replication.SimpleContainerDownloader (SimpleContainerDownloader.java:<init>(72)) - Starting container downloader service to copy containers to replicate.
2019-08-21 07:45:18,522 INFO  hdfs.DFSUtil (DFSUtil.java:httpServerTemplateForNNAndJN(1641)) - Starting Web-server for hddsDatanode at: http://0.0.0.0:0
2019-08-21 07:45:18,523 INFO  server.AuthenticationFilter (AuthenticationFilter.java:constructSecretProvider(240)) - Unable to initialize FileSignerSecretProvider, falling back to use random secrets.
2019-08-21 07:45:18,523 WARN  http.HttpRequestLog (HttpRequestLog.java:getRequestLog(97)) - Jetty request log can only be enabled using Log4j
2019-08-21 07:45:18,525 INFO  http.HttpServer2 (HttpServer2.java:addGlobalFilter(975)) - Added global filter 'safety' (class=org.apache.hadoop.http.HttpServer2$QuotingInputFilter)
2019-08-21 07:45:18,525 INFO  http.HttpServer2 (HttpServer2.java:addFilter(948)) - Added filter static_user_filter (class=org.apache.hadoop.http.lib.StaticUserWebFilter$StaticUserFilter) to context hddsDatanode
2019-08-21 07:45:18,525 INFO  http.HttpServer2 (HttpServer2.java:addFilter(958)) - Added filter static_user_filter (class=org.apache.hadoop.http.lib.StaticUserWebFilter$StaticUserFilter) to context logs
2019-08-21 07:45:18,526 INFO  http.HttpServer2 (HttpServer2.java:addFilter(958)) - Added filter static_user_filter (class=org.apache.hadoop.http.lib.StaticUserWebFilter$StaticUserFilter) to context static
2019-08-21 07:45:18,526 INFO  http.HttpServer2 (HttpServer2.java:bindListener(1191)) - Jetty bound to port 36790
2019-08-21 07:45:18,527 INFO  server.Server (Server.java:doStart(351)) - jetty-9.3.24.v20180605, build timestamp: 2018-06-05T17:11:56Z, git hash: 84205aa28f11a4f31f2a3b86d1bba2cc8ab69827
2019-08-21 07:45:18,528 INFO  handler.ContextHandler (ContextHandler.java:doStart(781)) - Started o.e.j.s.ServletContextHandler@37ca3ca8{/logs,file:///workdir/hadoop-ozone/integration-test/target/log,AVAILABLE}
2019-08-21 07:45:18,529 INFO  handler.ContextHandler (ContextHandler.java:doStart(781)) - Started o.e.j.s.ServletContextHandler@6321a5aa{/static,jar:file:/home/user/.m2/repository/org/apache/hadoop/hadoop-hdds-container-service/0.5.0-SNAPSHOT/hadoop-hdds-container-service-0.5.0-SNAPSHOT.jar!/webapps/static,AVAILABLE}
2019-08-21 07:45:18,556 INFO  handler.ContextHandler (ContextHandler.java:doStart(781)) - Started o.e.j.w.WebAppContext@5520f675{/,file:///tmp/jetty-0.0.0.0-36790-hddsDatanode-_-any-5933159469863391080.dir/webapp/,AVAILABLE}{/hddsDatanode}
2019-08-21 07:45:18,557 INFO  server.AbstractConnector (AbstractConnector.java:doStart(278)) - Started ServerConnector@2d237460{HTTP/1.1,[http/1.1]}{0.0.0.0:36790}
2019-08-21 07:45:18,558 INFO  server.Server (Server.java:doStart(419)) - Started @7328ms
2019-08-21 07:45:18,559 WARN  impl.MetricsSystemImpl (MetricsSystemImpl.java:register(276)) - Sink prometheus already exists!
2019-08-21 07:45:18,559 INFO  server.BaseHttpServer (BaseHttpServer.java:updateConnectorAddress(215)) - HTTP server of HDDSDATANODE is listening at http://0.0.0.0:36790
2019-08-21 07:45:18,744 INFO  ozone.HddsDatanodeService (HddsDatanodeService.java:startPlugins(395)) - Started plug-in org.apache.hadoop.ozone.web.OzoneHddsDatanodeService@15369d73
2019-08-21 07:45:18,748 INFO  ozone.MiniOzoneClusterImpl (MiniOzoneClusterImpl.java:lambda$waitForClusterToBeReady$0(142)) - Waiting for cluster to be ready. Got 0 of 6 DN Heartbeats.
2019-08-21 07:45:18,750 INFO  util.JvmPauseMonitor (JvmPauseMonitor.java:run(188)) - Starting JVM pause monitor
2019-08-21 07:45:18,767 INFO  datanode.InitDatanodeState (InitDatanodeState.java:persistContainerDatanodeDetails(140)) - DatanodeDetails is persisted to /workdir/hadoop-ozone/integration-test/target/test-dir/MiniOzoneClusterImpl-21103cdb-0298-4d99-8525-2fbf5bad4ea2/datanode-5/meta/datanode.id
2019-08-21 07:45:19,630 INFO  ozoneimpl.OzoneContainer (OzoneContainer.java:start(186)) - Attempting to start container services.
2019-08-21 07:45:19,632 INFO  ozoneimpl.OzoneContainer (OzoneContainer.java:startContainerScrub(160)) - Background container scrubber has been disabled by hdds.containerscrub.enabled
2019-08-21 07:45:19,632 INFO  ratis.XceiverServerRatis (XceiverServerRatis.java:start(404)) - Starting XceiverServerRatis 642257af-9613-4e6b-91ab-7af7f840dc20 at port 0
2019-08-21 07:45:19,653 INFO  impl.RaftServerProxy (RaftServerProxy.java:lambda$start$3(299)) - 642257af-9613-4e6b-91ab-7af7f840dc20: start RPC server
2019-08-21 07:45:19,749 INFO  ozone.MiniOzoneClusterImpl (MiniOzoneClusterImpl.java:lambda$waitForClusterToBeReady$0(142)) - Waiting for cluster to be ready. Got 0 of 6 DN Heartbeats.
2019-08-21 07:45:19,771 INFO  server.GrpcService (GrpcService.java:startImpl(149)) - 642257af-9613-4e6b-91ab-7af7f840dc20: GrpcService started, listening on 0.0.0.0/0.0.0.0:37049
2019-08-21 07:45:19,772 INFO  ratis.XceiverServerRatis (XceiverServerRatis.java:start(414)) - XceiverServerRatis 642257af-9613-4e6b-91ab-7af7f840dc20 is started using port 37049
2019-08-21 07:45:19,774 INFO  server.XceiverServerGrpc (XceiverServerGrpc.java:start(161)) - XceiverServerGrpc 642257af-9613-4e6b-91ab-7af7f840dc20 is started using port 42237
2019-08-21 07:45:19,852 INFO  ozoneimpl.OzoneContainer (OzoneContainer.java:start(186)) - Attempting to start container services.
2019-08-21 07:45:19,855 INFO  ozoneimpl.OzoneContainer (OzoneContainer.java:startContainerScrub(160)) - Background container scrubber has been disabled by hdds.containerscrub.enabled
2019-08-21 07:45:19,855 INFO  ratis.XceiverServerRatis (XceiverServerRatis.java:start(404)) - Starting XceiverServerRatis aa56a20f-82b3-410f-97c8-395f4663f16a at port 0
2019-08-21 07:45:19,864 INFO  impl.RaftServerProxy (RaftServerProxy.java:lambda$start$3(299)) - aa56a20f-82b3-410f-97c8-395f4663f16a: start RPC server
2019-08-21 07:45:19,868 INFO  server.GrpcService (GrpcService.java:startImpl(149)) - aa56a20f-82b3-410f-97c8-395f4663f16a: GrpcService started, listening on 0.0.0.0/0.0.0.0:32982
2019-08-21 07:45:19,868 INFO  ratis.XceiverServerRatis (XceiverServerRatis.java:start(414)) - XceiverServerRatis aa56a20f-82b3-410f-97c8-395f4663f16a is started using port 32982
2019-08-21 07:45:19,870 INFO  server.XceiverServerGrpc (XceiverServerGrpc.java:start(161)) - XceiverServerGrpc aa56a20f-82b3-410f-97c8-395f4663f16a is started using port 39639
2019-08-21 07:45:20,083 INFO  ozoneimpl.OzoneContainer (OzoneContainer.java:start(186)) - Attempting to start container services.
2019-08-21 07:45:20,085 INFO  ozoneimpl.OzoneContainer (OzoneContainer.java:startContainerScrub(160)) - Background container scrubber has been disabled by hdds.containerscrub.enabled
2019-08-21 07:45:20,085 INFO  ratis.XceiverServerRatis (XceiverServerRatis.java:start(404)) - Starting XceiverServerRatis 326330d3-abae-4e18-920c-9856df15a682 at port 0
2019-08-21 07:45:20,093 INFO  impl.RaftServerProxy (RaftServerProxy.java:lambda$start$3(299)) - 326330d3-abae-4e18-920c-9856df15a682: start RPC server
2019-08-21 07:45:20,096 INFO  server.GrpcService (GrpcService.java:startImpl(149)) - 326330d3-abae-4e18-920c-9856df15a682: GrpcService started, listening on 0.0.0.0/0.0.0.0:37766
2019-08-21 07:45:20,096 INFO  ratis.XceiverServerRatis (XceiverServerRatis.java:start(414)) - XceiverServerRatis 326330d3-abae-4e18-920c-9856df15a682 is started using port 37766
2019-08-21 07:45:20,099 INFO  server.XceiverServerGrpc (XceiverServerGrpc.java:start(161)) - XceiverServerGrpc 326330d3-abae-4e18-920c-9856df15a682 is started using port 45671
2019-08-21 07:45:20,296 INFO  ozoneimpl.OzoneContainer (OzoneContainer.java:start(186)) - Attempting to start container services.
2019-08-21 07:45:20,302 INFO  ozoneimpl.OzoneContainer (OzoneContainer.java:startContainerScrub(160)) - Background container scrubber has been disabled by hdds.containerscrub.enabled
2019-08-21 07:45:20,302 INFO  ratis.XceiverServerRatis (XceiverServerRatis.java:start(404)) - Starting XceiverServerRatis 5fec7d9c-d2d9-4eac-a798-0c765a6cd15b at port 0
2019-08-21 07:45:20,313 INFO  impl.RaftServerProxy (RaftServerProxy.java:lambda$start$3(299)) - 5fec7d9c-d2d9-4eac-a798-0c765a6cd15b: start RPC server
2019-08-21 07:45:20,317 INFO  server.GrpcService (GrpcService.java:startImpl(149)) - 5fec7d9c-d2d9-4eac-a798-0c765a6cd15b: GrpcService started, listening on 0.0.0.0/0.0.0.0:33210
2019-08-21 07:45:20,317 INFO  ratis.XceiverServerRatis (XceiverServerRatis.java:start(414)) - XceiverServerRatis 5fec7d9c-d2d9-4eac-a798-0c765a6cd15b is started using port 33210
2019-08-21 07:45:20,320 INFO  server.XceiverServerGrpc (XceiverServerGrpc.java:start(161)) - XceiverServerGrpc 5fec7d9c-d2d9-4eac-a798-0c765a6cd15b is started using port 42799
2019-08-21 07:45:20,520 INFO  ozoneimpl.OzoneContainer (OzoneContainer.java:start(186)) - Attempting to start container services.
2019-08-21 07:45:20,520 INFO  ozoneimpl.OzoneContainer (OzoneContainer.java:startContainerScrub(160)) - Background container scrubber has been disabled by hdds.containerscrub.enabled
2019-08-21 07:45:20,520 INFO  ratis.XceiverServerRatis (XceiverServerRatis.java:start(404)) - Starting XceiverServerRatis 02fdd9ac-9b8e-435f-9af0-776cbf0977b1 at port 0
2019-08-21 07:45:20,531 INFO  impl.RaftServerProxy (RaftServerProxy.java:lambda$start$3(299)) - 02fdd9ac-9b8e-435f-9af0-776cbf0977b1: start RPC server
2019-08-21 07:45:20,535 INFO  server.GrpcService (GrpcService.java:startImpl(149)) - 02fdd9ac-9b8e-435f-9af0-776cbf0977b1: GrpcService started, listening on 0.0.0.0/0.0.0.0:35516
2019-08-21 07:45:20,536 INFO  ratis.XceiverServerRatis (XceiverServerRatis.java:start(414)) - XceiverServerRatis 02fdd9ac-9b8e-435f-9af0-776cbf0977b1 is started using port 35516
2019-08-21 07:45:20,539 INFO  server.XceiverServerGrpc (XceiverServerGrpc.java:start(161)) - XceiverServerGrpc 02fdd9ac-9b8e-435f-9af0-776cbf0977b1 is started using port 44113
2019-08-21 07:45:20,749 INFO  ozone.MiniOzoneClusterImpl (MiniOzoneClusterImpl.java:lambda$waitForClusterToBeReady$0(142)) - Waiting for cluster to be ready. Got 0 of 6 DN Heartbeats.
2019-08-21 07:45:20,768 INFO  ozoneimpl.OzoneContainer (OzoneContainer.java:start(186)) - Attempting to start container services.
2019-08-21 07:45:20,768 INFO  ozoneimpl.OzoneContainer (OzoneContainer.java:startContainerScrub(160)) - Background container scrubber has been disabled by hdds.containerscrub.enabled
2019-08-21 07:45:20,768 INFO  ratis.XceiverServerRatis (XceiverServerRatis.java:start(404)) - Starting XceiverServerRatis 77ee72d3-27fc-41fa-81d0-884f4ef5f930 at port 0
2019-08-21 07:45:20,781 INFO  impl.RaftServerProxy (RaftServerProxy.java:lambda$start$3(299)) - 77ee72d3-27fc-41fa-81d0-884f4ef5f930: start RPC server
2019-08-21 07:45:20,786 INFO  server.GrpcService (GrpcService.java:startImpl(149)) - 77ee72d3-27fc-41fa-81d0-884f4ef5f930: GrpcService started, listening on 0.0.0.0/0.0.0.0:36334
2019-08-21 07:45:20,786 INFO  ratis.XceiverServerRatis (XceiverServerRatis.java:start(414)) - XceiverServerRatis 77ee72d3-27fc-41fa-81d0-884f4ef5f930 is started using port 36334
2019-08-21 07:45:20,790 INFO  server.XceiverServerGrpc (XceiverServerGrpc.java:start(161)) - XceiverServerGrpc 77ee72d3-27fc-41fa-81d0-884f4ef5f930 is started using port 42299
2019-08-21 07:45:21,624 INFO  net.NetworkTopology (NetworkTopologyImpl.java:add(110)) - Added a new node: /default-rack/642257af-9613-4e6b-91ab-7af7f840dc20
2019-08-21 07:45:21,625 INFO  node.SCMNodeManager (SCMNodeManager.java:register(266)) - Registered Data node : 642257af-9613-4e6b-91ab-7af7f840dc20{ip: 192.168.5.147, host: pr-hdds-1935-7zzrp-4268841518, networkLocation: /default-rack, certSerialId: null}
2019-08-21 07:45:21,631 INFO  safemode.SCMSafeModeManager (DataNodeSafeModeRule.java:process(71)) - SCM in safe mode. 1 DataNodes registered, 1 required.
2019-08-21 07:45:21,631 INFO  safemode.SCMSafeModeManager (SCMSafeModeManager.java:validateSafeModeExitRules(177)) - ScmSafeModeManager, all rules are successfully validated
2019-08-21 07:45:21,631 INFO  safemode.SCMSafeModeManager (SCMSafeModeManager.java:exitSafeMode(193)) - SCM exiting safe mode.
2019-08-21 07:45:21,753 INFO  ozone.MiniOzoneClusterImpl (MiniOzoneClusterImpl.java:lambda$waitForClusterToBeReady$0(142)) - Waiting for cluster to be ready. Got 1 of 6 DN Heartbeats.
2019-08-21 07:45:21,841 INFO  net.NetworkTopology (NetworkTopologyImpl.java:add(110)) - Added a new node: /default-rack/aa56a20f-82b3-410f-97c8-395f4663f16a
2019-08-21 07:45:21,842 INFO  node.SCMNodeManager (SCMNodeManager.java:register(266)) - Registered Data node : aa56a20f-82b3-410f-97c8-395f4663f16a{ip: 192.168.5.147, host: pr-hdds-1935-7zzrp-4268841518, networkLocation: /default-rack, certSerialId: null}
2019-08-21 07:45:22,070 INFO  net.NetworkTopology (NetworkTopologyImpl.java:add(110)) - Added a new node: /default-rack/326330d3-abae-4e18-920c-9856df15a682
2019-08-21 07:45:22,071 INFO  node.SCMNodeManager (SCMNodeManager.java:register(266)) - Registered Data node : 326330d3-abae-4e18-920c-9856df15a682{ip: 192.168.5.147, host: pr-hdds-1935-7zzrp-4268841518, networkLocation: /default-rack, certSerialId: null}
2019-08-21 07:45:22,499 INFO  net.NetworkTopology (NetworkTopologyImpl.java:add(110)) - Added a new node: /default-rack/5fec7d9c-d2d9-4eac-a798-0c765a6cd15b
2019-08-21 07:45:22,499 INFO  net.NetworkTopology (NetworkTopologyImpl.java:add(110)) - Added a new node: /default-rack/02fdd9ac-9b8e-435f-9af0-776cbf0977b1
2019-08-21 07:45:22,499 INFO  node.SCMNodeManager (SCMNodeManager.java:register(266)) - Registered Data node : 5fec7d9c-d2d9-4eac-a798-0c765a6cd15b{ip: 192.168.5.147, host: pr-hdds-1935-7zzrp-4268841518, networkLocation: /default-rack, certSerialId: null}
2019-08-21 07:45:22,500 INFO  node.SCMNodeManager (SCMNodeManager.java:register(266)) - Registered Data node : 02fdd9ac-9b8e-435f-9af0-776cbf0977b1{ip: 192.168.5.147, host: pr-hdds-1935-7zzrp-4268841518, networkLocation: /default-rack, certSerialId: null}
2019-08-21 07:45:22,509 INFO  impl.RaftServerProxy (RaftServerProxy.java:addNew(89)) - 642257af-9613-4e6b-91ab-7af7f840dc20: addNew group-82214B1F2174:[642257af-9613-4e6b-91ab-7af7f840dc20:192.168.5.147:37049] returns group-82214B1F2174:java.util.concurrent.CompletableFuture@131fc7cb[Not completed]
2019-08-21 07:45:22,529 INFO  impl.RaftServerImpl (RaftServerImpl.java:<init>(93)) - 642257af-9613-4e6b-91ab-7af7f840dc20: new RaftServerImpl for group-82214B1F2174:[642257af-9613-4e6b-91ab-7af7f840dc20:192.168.5.147:37049] with ContainerStateMachine:uninitialized
2019-08-21 07:45:22,531 INFO  server.RaftServerConfigKeys (ConfUtils.java:logGet(43)) - raft.server.rpc.timeout.min = 5s (custom)
2019-08-21 07:45:22,533 INFO  server.RaftServerConfigKeys (ConfUtils.java:logGet(43)) - raft.server.rpc.timeout.max = 5200ms (custom)
2019-08-21 07:45:22,533 INFO  server.RaftServerConfigKeys (ConfUtils.java:logGet(43)) - raft.server.rpcslowness.timeout = 120s (custom)
2019-08-21 07:45:22,534 INFO  server.RaftServerConfigKeys (ConfUtils.java:logGet(43)) - raft.server.sleep.deviation.threshold = 300 (default)
2019-08-21 07:45:22,535 INFO  server.RaftServerConfigKeys (ConfUtils.java:logGet(43)) - raft.server.log.appender.install.snapshot.enabled = false (custom)
2019-08-21 07:45:22,544 INFO  impl.RaftServerImpl (ServerState.java:<init>(105)) - 642257af-9613-4e6b-91ab-7af7f840dc20:group-82214B1F2174 ConfigurationManager, init=-1: [642257af-9613-4e6b-91ab-7af7f840dc20:192.168.5.147:37049], old=null, confs=<EMPTY_MAP>
2019-08-21 07:45:22,544 INFO  server.RaftServerConfigKeys (ConfUtils.java:logGet(43)) - raft.server.storage.dir = [/workdir/hadoop-ozone/integration-test/target/test-dir/MiniOzoneClusterImpl-21103cdb-0298-4d99-8525-2fbf5bad4ea2/datanode-0/data/ratis] (custom)
2019-08-21 07:45:22,552 INFO  storage.RaftStorageDirectory (RaftStorageDirectory.java:analyzeStorage(246)) - The storage directory /workdir/hadoop-ozone/integration-test/target/test-dir/MiniOzoneClusterImpl-21103cdb-0298-4d99-8525-2fbf5bad4ea2/datanode-0/data/ratis/bc79fe05-762c-4546-925c-82214b1f2174 does not exist. Creating ...
2019-08-21 07:45:22,570 INFO  storage.RaftStorageDirectory (RaftStorageDirectory.java:tryLock(328)) - Lock on /workdir/hadoop-ozone/integration-test/target/test-dir/MiniOzoneClusterImpl-21103cdb-0298-4d99-8525-2fbf5bad4ea2/datanode-0/data/ratis/bc79fe05-762c-4546-925c-82214b1f2174/in_use.lock acquired by nodename 340@pr-hdds-1935-7zzrp-4268841518
2019-08-21 07:45:22,586 INFO  storage.RaftStorage (RaftStorage.java:format(72)) - Storage directory /workdir/hadoop-ozone/integration-test/target/test-dir/MiniOzoneClusterImpl-21103cdb-0298-4d99-8525-2fbf5bad4ea2/datanode-0/data/ratis/bc79fe05-762c-4546-925c-82214b1f2174 has been successfully formatted.
2019-08-21 07:45:22,588 INFO  ratis.ContainerStateMachine (ContainerStateMachine.java:loadSnapshot(222)) - group-82214B1F2174: The snapshot info is null. Setting the last applied indexto:(t:0, i:~)
2019-08-21 07:45:22,588 INFO  server.RaftServerConfigKeys (ConfUtils.java:logGet(43)) - raft.server.leader.election.timeout = 120s (custom)
2019-08-21 07:45:22,590 INFO  server.RaftServerConfigKeys (ConfUtils.java:logGet(43)) - raft.server.log.use.memory = false (default)
2019-08-21 07:45:22,596 INFO  server.RaftServerConfigKeys (ConfUtils.java:logGet(43)) - raft.server.log.purge.gap = 1000000000 (custom)
2019-08-21 07:45:22,597 INFO  server.RaftServerConfigKeys (ConfUtils.java:logGet(43)) - raft.server.log.appender.buffer.byte-limit = 33554432 (custom)
2019-08-21 07:45:22,598 INFO  server.RaftServerConfigKeys (ConfUtils.java:logGet(43)) - raft.server.log.segment.size.max = 1048576 (custom)
2019-08-21 07:45:22,602 INFO  server.RaftServerConfigKeys (ConfUtils.java:logGet(43)) - raft.server.log.segment.cache.num.max = 2 (custom)
2019-08-21 07:45:22,607 INFO  segmented.SegmentedRaftLogWorker (SegmentedRaftLogWorker.java:<init>(172)) - new 642257af-9613-4e6b-91ab-7af7f840dc20-SegmentedRaftLogWorker:Storage Directory /workdir/hadoop-ozone/integration-test/target/test-dir/MiniOzoneClusterImpl-21103cdb-0298-4d99-8525-2fbf5bad4ea2/datanode-0/data/ratis/bc79fe05-762c-4546-925c-82214b1f2174 for RaftStorage:Storage Directory /workdir/hadoop-ozone/integration-test/target/test-dir/MiniOzoneClusterImpl-21103cdb-0298-4d99-8525-2fbf5bad4ea2/datanode-0/data/ratis/bc79fe05-762c-4546-925c-82214b1f2174
2019-08-21 07:45:22,618 INFO  server.RaftServerConfigKeys (ConfUtils.java:logGet(43)) - raft.server.log.queue.byte-limit = 2147483647 (custom)
2019-08-21 07:45:22,618 INFO  server.RaftServerConfigKeys (ConfUtils.java:logGet(43)) - raft.server.log.queue.element-limit = 1024 (custom)
2019-08-21 07:45:22,623 INFO  server.RaftServerConfigKeys (ConfUtils.java:logGet(43)) - raft.server.log.segment.size.max = 1048576 (custom)
2019-08-21 07:45:22,623 INFO  server.RaftServerConfigKeys (ConfUtils.java:logGet(43)) - raft.server.log.preallocated.size = 16384 (custom)
2019-08-21 07:45:22,624 INFO  server.RaftServerConfigKeys (ConfUtils.java:logGet(43)) - raft.server.log.write.buffer.size = 33554432 (custom)
2019-08-21 07:45:22,624 INFO  server.RaftServerConfigKeys (ConfUtils.java:logGet(43)) - raft.server.log.force.sync.num = 128 (default)
2019-08-21 07:45:22,625 INFO  server.RaftServerConfigKeys (ConfUtils.java:logGet(43)) - raft.server.log.statemachine.data.sync = true (default)
2019-08-21 07:45:22,625 INFO  server.RaftServerConfigKeys (ConfUtils.java:logGet(43)) - raft.server.log.statemachine.data.sync.timeout = 10s (default)
2019-08-21 07:45:22,626 INFO  server.RaftServerConfigKeys (ConfUtils.java:logGet(43)) - raft.server.log.statemachine.data.sync.timeout.retry = -1 (default)
2019-08-21 07:45:22,634 INFO  server.RaftServerConfigKeys (ConfUtils.java:logGet(43)) - raft.server.log.statemachine.data.caching.enabled = true (custom)
2019-08-21 07:45:22,638 INFO  segmented.SegmentedRaftLogWorker (SegmentedRaftLogWorker.java:lambda$new$0(132)) - 642257af-9613-4e6b-91ab-7af7f840dc20-SegmentedRaftLogWorker:Storage Directory /workdir/hadoop-ozone/integration-test/target/test-dir/MiniOzoneClusterImpl-21103cdb-0298-4d99-8525-2fbf5bad4ea2/datanode-0/data/ratis/bc79fe05-762c-4546-925c-82214b1f2174: flushIndex: setUnconditionally 0 -> -1
2019-08-21 07:45:22,641 INFO  server.RaftServerConfigKeys (ConfUtils.java:logGet(43)) - raft.server.snapshot.auto.trigger.enabled = true (custom)
2019-08-21 07:45:22,642 INFO  server.RaftServerConfigKeys (ConfUtils.java:logGet(43)) - raft.server.snapshot.auto.trigger.threshold = 10000 (custom)
2019-08-21 07:45:22,643 INFO  server.RaftServerConfigKeys (ConfUtils.java:logGet(43)) - raft.server.retrycache.expirytime = 600000ms (custom)
2019-08-21 07:45:22,661 INFO  impl.RaftServerImpl (RaftServerImpl.java:start(180)) - 642257af-9613-4e6b-91ab-7af7f840dc20: start group-82214B1F2174
2019-08-21 07:45:22,662 INFO  impl.RaftServerImpl (RaftServerImpl.java:setRole(171)) - 642257af-9613-4e6b-91ab-7af7f840dc20:group-82214B1F2174 changes role from null to FOLLOWER at term 0 for startAsFollower
2019-08-21 07:45:22,663 INFO  impl.RoleInfo (RoleInfo.java:updateAndGet(143)) - 642257af-9613-4e6b-91ab-7af7f840dc20: start FollowerState
2019-08-21 07:45:22,665 INFO  util.JmxRegister (JmxRegister.java:tryRegister(44)) - Successfully registered JMX Bean with object name Ratis:service=RaftServer,group=group-82214B1F2174,id=642257af-9613-4e6b-91ab-7af7f840dc20
2019-08-21 07:45:22,729 INFO  pipeline.PipelineStateManager (PipelineStateManager.java:addPipeline(56)) - Created pipeline Pipeline[ Id: bc79fe05-762c-4546-925c-82214b1f2174, Nodes: 642257af-9613-4e6b-91ab-7af7f840dc20{ip: 192.168.5.147, host: pr-hdds-1935-7zzrp-4268841518, networkLocation: /default-rack, certSerialId: null}, Type:RATIS, Factor:ONE, State:OPEN]
2019-08-21 07:45:22,753 INFO  impl.RaftServerProxy (RaftServerProxy.java:addNew(89)) - 02fdd9ac-9b8e-435f-9af0-776cbf0977b1: addNew group-007379BFA7B3:[02fdd9ac-9b8e-435f-9af0-776cbf0977b1:192.168.5.147:35516] returns group-007379BFA7B3:java.util.concurrent.CompletableFuture@39e1b470[Not completed]
2019-08-21 07:45:22,753 INFO  net.NetworkTopology (NetworkTopologyImpl.java:add(110)) - Added a new node: /default-rack/77ee72d3-27fc-41fa-81d0-884f4ef5f930
2019-08-21 07:45:22,754 INFO  node.SCMNodeManager (SCMNodeManager.java:register(266)) - Registered Data node : 77ee72d3-27fc-41fa-81d0-884f4ef5f930{ip: 192.168.5.147, host: pr-hdds-1935-7zzrp-4268841518, networkLocation: /default-rack, certSerialId: null}
2019-08-21 07:45:22,756 INFO  ozone.MiniOzoneClusterImpl (MiniOzoneClusterImpl.java:lambda$waitForClusterToBeReady$0(142)) - Cluster is ready. Got 6 of 6 DN Heartbeats.
2019-08-21 07:45:22,797 INFO  impl.RaftServerImpl (RaftServerImpl.java:<init>(93)) - 02fdd9ac-9b8e-435f-9af0-776cbf0977b1: new RaftServerImpl for group-007379BFA7B3:[02fdd9ac-9b8e-435f-9af0-776cbf0977b1:192.168.5.147:35516] with ContainerStateMachine:uninitialized
2019-08-21 07:45:22,798 INFO  server.RaftServerConfigKeys (ConfUtils.java:logGet(43)) - raft.server.rpc.timeout.min = 5s (custom)
2019-08-21 07:45:22,798 INFO  server.RaftServerConfigKeys (ConfUtils.java:logGet(43)) - raft.server.rpc.timeout.max = 5200ms (custom)
2019-08-21 07:45:22,798 INFO  server.RaftServerConfigKeys (ConfUtils.java:logGet(43)) - raft.server.rpcslowness.timeout = 120s (custom)
2019-08-21 07:45:22,798 INFO  server.RaftServerConfigKeys (ConfUtils.java:logGet(43)) - raft.server.sleep.deviation.threshold = 300 (default)
2019-08-21 07:45:22,799 INFO  server.RaftServerConfigKeys (ConfUtils.java:logGet(43)) - raft.server.log.appender.install.snapshot.enabled = false (custom)
2019-08-21 07:45:22,799 INFO  impl.RaftServerImpl (ServerState.java:<init>(105)) - 02fdd9ac-9b8e-435f-9af0-776cbf0977b1:group-007379BFA7B3 ConfigurationManager, init=-1: [02fdd9ac-9b8e-435f-9af0-776cbf0977b1:192.168.5.147:35516], old=null, confs=<EMPTY_MAP>
2019-08-21 07:45:22,799 INFO  server.RaftServerConfigKeys (ConfUtils.java:logGet(43)) - raft.server.storage.dir = [/workdir/hadoop-ozone/integration-test/target/test-dir/MiniOzoneClusterImpl-21103cdb-0298-4d99-8525-2fbf5bad4ea2/datanode-4/data/ratis] (custom)
2019-08-21 07:45:22,800 INFO  storage.RaftStorageDirectory (RaftStorageDirectory.java:analyzeStorage(246)) - The storage directory /workdir/hadoop-ozone/integration-test/target/test-dir/MiniOzoneClusterImpl-21103cdb-0298-4d99-8525-2fbf5bad4ea2/datanode-4/data/ratis/ee8fde78-81f8-4671-bd33-007379bfa7b3 does not exist. Creating ...
2019-08-21 07:45:22,815 INFO  storage.RaftStorageDirectory (RaftStorageDirectory.java:tryLock(328)) - Lock on /workdir/hadoop-ozone/integration-test/target/test-dir/MiniOzoneClusterImpl-21103cdb-0298-4d99-8525-2fbf5bad4ea2/datanode-4/data/ratis/ee8fde78-81f8-4671-bd33-007379bfa7b3/in_use.lock acquired by nodename 340@pr-hdds-1935-7zzrp-4268841518
2019-08-21 07:45:22,828 INFO  storage.RaftStorage (RaftStorage.java:format(72)) - Storage directory /workdir/hadoop-ozone/integration-test/target/test-dir/MiniOzoneClusterImpl-21103cdb-0298-4d99-8525-2fbf5bad4ea2/datanode-4/data/ratis/ee8fde78-81f8-4671-bd33-007379bfa7b3 has been successfully formatted.
2019-08-21 07:45:22,836 INFO  ratis.ContainerStateMachine (ContainerStateMachine.java:loadSnapshot(222)) - group-007379BFA7B3: The snapshot info is null. Setting the last applied indexto:(t:0, i:~)
2019-08-21 07:45:22,838 INFO  server.RaftServerConfigKeys (ConfUtils.java:logGet(43)) - raft.server.leader.election.timeout = 120s (custom)
2019-08-21 07:45:22,839 INFO  server.RaftServerConfigKeys (ConfUtils.java:logGet(43)) - raft.server.log.use.memory = false (default)
2019-08-21 07:45:22,839 INFO  server.RaftServerConfigKeys (ConfUtils.java:logGet(43)) - raft.server.log.purge.gap = 1000000000 (custom)
2019-08-21 07:45:22,839 INFO  server.RaftServerConfigKeys (ConfUtils.java:logGet(43)) - raft.server.log.appender.buffer.byte-limit = 33554432 (custom)
2019-08-21 07:45:22,839 INFO  server.RaftServerConfigKeys (ConfUtils.java:logGet(43)) - raft.server.log.segment.size.max = 1048576 (custom)
2019-08-21 07:45:22,840 INFO  server.RaftServerConfigKeys (ConfUtils.java:logGet(43)) - raft.server.log.segment.cache.num.max = 2 (custom)
2019-08-21 07:45:22,840 INFO  segmented.SegmentedRaftLogWorker (SegmentedRaftLogWorker.java:<init>(172)) - new 02fdd9ac-9b8e-435f-9af0-776cbf0977b1-SegmentedRaftLogWorker:Storage Directory /workdir/hadoop-ozone/integration-test/target/test-dir/MiniOzoneClusterImpl-21103cdb-0298-4d99-8525-2fbf5bad4ea2/datanode-4/data/ratis/ee8fde78-81f8-4671-bd33-007379bfa7b3 for RaftStorage:Storage Directory /workdir/hadoop-ozone/integration-test/target/test-dir/MiniOzoneClusterImpl-21103cdb-0298-4d99-8525-2fbf5bad4ea2/datanode-4/data/ratis/ee8fde78-81f8-4671-bd33-007379bfa7b3
2019-08-21 07:45:22,842 INFO  server.RaftServerConfigKeys (ConfUtils.java:logGet(43)) - raft.server.log.queue.byte-limit = 2147483647 (custom)
2019-08-21 07:45:22,842 INFO  server.RaftServerConfigKeys (ConfUtils.java:logGet(43)) - raft.server.log.queue.element-limit = 1024 (custom)
2019-08-21 07:45:22,842 INFO  server.RaftServerConfigKeys (ConfUtils.java:logGet(43)) - raft.server.log.segment.size.max = 1048576 (custom)
2019-08-21 07:45:22,842 INFO  server.RaftServerConfigKeys (ConfUtils.java:logGet(43)) - raft.server.log.preallocated.size = 16384 (custom)
2019-08-21 07:45:22,843 INFO  server.RaftServerConfigKeys (ConfUtils.java:logGet(43)) - raft.server.log.write.buffer.size = 33554432 (custom)
2019-08-21 07:45:22,843 INFO  server.RaftServerConfigKeys (ConfUtils.java:logGet(43)) - raft.server.log.force.sync.num = 128 (default)
2019-08-21 07:45:22,843 INFO  server.RaftServerConfigKeys (ConfUtils.java:logGet(43)) - raft.server.log.statemachine.data.sync = true (default)
2019-08-21 07:45:22,843 INFO  server.RaftServerConfigKeys (ConfUtils.java:logGet(43)) - raft.server.log.statemachine.data.sync.timeout = 10s (default)
2019-08-21 07:45:22,853 INFO  server.RaftServerConfigKeys (ConfUtils.java:logGet(43)) - raft.server.log.statemachine.data.sync.timeout.retry = -1 (default)
2019-08-21 07:45:22,853 INFO  server.RaftServerConfigKeys (ConfUtils.java:logGet(43)) - raft.server.log.statemachine.data.caching.enabled = true (custom)
2019-08-21 07:45:22,854 INFO  segmented.SegmentedRaftLogWorker (SegmentedRaftLogWorker.java:lambda$new$0(132)) - 02fdd9ac-9b8e-435f-9af0-776cbf0977b1-SegmentedRaftLogWorker:Storage Directory /workdir/hadoop-ozone/integration-test/target/test-dir/MiniOzoneClusterImpl-21103cdb-0298-4d99-8525-2fbf5bad4ea2/datanode-4/data/ratis/ee8fde78-81f8-4671-bd33-007379bfa7b3: flushIndex: setUnconditionally 0 -> -1
2019-08-21 07:45:22,854 INFO  server.RaftServerConfigKeys (ConfUtils.java:logGet(43)) - raft.server.snapshot.auto.trigger.enabled = true (custom)
2019-08-21 07:45:22,854 INFO  server.RaftServerConfigKeys (ConfUtils.java:logGet(43)) - raft.server.snapshot.auto.trigger.threshold = 10000 (custom)
2019-08-21 07:45:22,855 INFO  server.RaftServerConfigKeys (ConfUtils.java:logGet(43)) - raft.server.retrycache.expirytime = 600000ms (custom)
2019-08-21 07:45:22,855 INFO  impl.RaftServerImpl (RaftServerImpl.java:start(180)) - 02fdd9ac-9b8e-435f-9af0-776cbf0977b1: start group-007379BFA7B3
2019-08-21 07:45:22,855 INFO  impl.RaftServerImpl (RaftServerImpl.java:setRole(171)) - 02fdd9ac-9b8e-435f-9af0-776cbf0977b1:group-007379BFA7B3 changes role from null to FOLLOWER at term 0 for startAsFollower
2019-08-21 07:45:22,855 INFO  impl.RoleInfo (RoleInfo.java:updateAndGet(143)) - 02fdd9ac-9b8e-435f-9af0-776cbf0977b1: start FollowerState
2019-08-21 07:45:22,857 INFO  util.JmxRegister (JmxRegister.java:tryRegister(44)) - Successfully registered JMX Bean with object name Ratis:service=RaftServer,group=group-007379BFA7B3,id=02fdd9ac-9b8e-435f-9af0-776cbf0977b1
2019-08-21 07:45:22,887 INFO  pipeline.PipelineStateManager (PipelineStateManager.java:addPipeline(56)) - Created pipeline Pipeline[ Id: ee8fde78-81f8-4671-bd33-007379bfa7b3, Nodes: 02fdd9ac-9b8e-435f-9af0-776cbf0977b1{ip: 192.168.5.147, host: pr-hdds-1935-7zzrp-4268841518, networkLocation: /default-rack, certSerialId: null}, Type:RATIS, Factor:ONE, State:OPEN]
2019-08-21 07:45:22,911 INFO  impl.RaftServerProxy (RaftServerProxy.java:addNew(89)) - 77ee72d3-27fc-41fa-81d0-884f4ef5f930: addNew group-7DB94C53992C:[77ee72d3-27fc-41fa-81d0-884f4ef5f930:192.168.5.147:36334] returns group-7DB94C53992C:java.util.concurrent.CompletableFuture@360fb4cf[Not completed]
2019-08-21 07:45:22,923 INFO  impl.RaftServerImpl (RaftServerImpl.java:<init>(93)) - 77ee72d3-27fc-41fa-81d0-884f4ef5f930: new RaftServerImpl for group-7DB94C53992C:[77ee72d3-27fc-41fa-81d0-884f4ef5f930:192.168.5.147:36334] with ContainerStateMachine:uninitialized
2019-08-21 07:45:22,923 INFO  server.RaftServerConfigKeys (ConfUtils.java:logGet(43)) - raft.server.rpc.timeout.min = 5s (custom)
2019-08-21 07:45:22,924 INFO  server.RaftServerConfigKeys (ConfUtils.java:logGet(43)) - raft.server.rpc.timeout.max = 5200ms (custom)
2019-08-21 07:45:22,924 INFO  server.RaftServerConfigKeys (ConfUtils.java:logGet(43)) - raft.server.rpcslowness.timeout = 120s (custom)
2019-08-21 07:45:22,924 INFO  server.RaftServerConfigKeys (ConfUtils.java:logGet(43)) - raft.server.sleep.deviation.threshold = 300 (default)
2019-08-21 07:45:22,924 INFO  server.RaftServerConfigKeys (ConfUtils.java:logGet(43)) - raft.server.log.appender.install.snapshot.enabled = false (custom)
2019-08-21 07:45:22,924 INFO  impl.RaftServerImpl (ServerState.java:<init>(105)) - 77ee72d3-27fc-41fa-81d0-884f4ef5f930:group-7DB94C53992C ConfigurationManager, init=-1: [77ee72d3-27fc-41fa-81d0-884f4ef5f930:192.168.5.147:36334], old=null, confs=<EMPTY_MAP>
2019-08-21 07:45:22,925 INFO  server.RaftServerConfigKeys (ConfUtils.java:logGet(43)) - raft.server.storage.dir = [/workdir/hadoop-ozone/integration-test/target/test-dir/MiniOzoneClusterImpl-21103cdb-0298-4d99-8525-2fbf5bad4ea2/datanode-5/data/ratis] (custom)
2019-08-21 07:45:22,925 INFO  storage.RaftStorageDirectory (RaftStorageDirectory.java:analyzeStorage(246)) - The storage directory /workdir/hadoop-ozone/integration-test/target/test-dir/MiniOzoneClusterImpl-21103cdb-0298-4d99-8525-2fbf5bad4ea2/datanode-5/data/ratis/5657935d-21b8-4f86-9d39-7db94c53992c does not exist. Creating ...
2019-08-21 07:45:22,939 INFO  storage.RaftStorageDirectory (RaftStorageDirectory.java:tryLock(328)) - Lock on /workdir/hadoop-ozone/integration-test/target/test-dir/MiniOzoneClusterImpl-21103cdb-0298-4d99-8525-2fbf5bad4ea2/datanode-5/data/ratis/5657935d-21b8-4f86-9d39-7db94c53992c/in_use.lock acquired by nodename 340@pr-hdds-1935-7zzrp-4268841518
2019-08-21 07:45:22,953 INFO  storage.RaftStorage (RaftStorage.java:format(72)) - Storage directory /workdir/hadoop-ozone/integration-test/target/test-dir/MiniOzoneClusterImpl-21103cdb-0298-4d99-8525-2fbf5bad4ea2/datanode-5/data/ratis/5657935d-21b8-4f86-9d39-7db94c53992c has been successfully formatted.
2019-08-21 07:45:22,953 INFO  ratis.ContainerStateMachine (ContainerStateMachine.java:loadSnapshot(222)) - group-7DB94C53992C: The snapshot info is null. Setting the last applied indexto:(t:0, i:~)
2019-08-21 07:45:22,953 INFO  server.RaftServerConfigKeys (ConfUtils.java:logGet(43)) - raft.server.leader.election.timeout = 120s (custom)
2019-08-21 07:45:22,953 INFO  server.RaftServerConfigKeys (ConfUtils.java:logGet(43)) - raft.server.log.use.memory = false (default)
2019-08-21 07:45:22,953 INFO  server.RaftServerConfigKeys (ConfUtils.java:logGet(43)) - raft.server.log.purge.gap = 1000000000 (custom)
2019-08-21 07:45:22,954 INFO  server.RaftServerConfigKeys (ConfUtils.java:logGet(43)) - raft.server.log.appender.buffer.byte-limit = 33554432 (custom)
2019-08-21 07:45:22,954 INFO  server.RaftServerConfigKeys (ConfUtils.java:logGet(43)) - raft.server.log.segment.size.max = 1048576 (custom)
2019-08-21 07:45:22,954 INFO  server.RaftServerConfigKeys (ConfUtils.java:logGet(43)) - raft.server.log.segment.cache.num.max = 2 (custom)
2019-08-21 07:45:22,954 INFO  segmented.SegmentedRaftLogWorker (SegmentedRaftLogWorker.java:<init>(172)) - new 77ee72d3-27fc-41fa-81d0-884f4ef5f930-SegmentedRaftLogWorker:Storage Directory /workdir/hadoop-ozone/integration-test/target/test-dir/MiniOzoneClusterImpl-21103cdb-0298-4d99-8525-2fbf5bad4ea2/datanode-5/data/ratis/5657935d-21b8-4f86-9d39-7db94c53992c for RaftStorage:Storage Directory /workdir/hadoop-ozone/integration-test/target/test-dir/MiniOzoneClusterImpl-21103cdb-0298-4d99-8525-2fbf5bad4ea2/datanode-5/data/ratis/5657935d-21b8-4f86-9d39-7db94c53992c
2019-08-21 07:45:22,954 INFO  server.RaftServerConfigKeys (ConfUtils.java:logGet(43)) - raft.server.log.queue.byte-limit = 2147483647 (custom)
2019-08-21 07:45:22,955 INFO  server.RaftServerConfigKeys (ConfUtils.java:logGet(43)) - raft.server.log.queue.element-limit = 1024 (custom)
2019-08-21 07:45:22,955 INFO  server.RaftServerConfigKeys (ConfUtils.java:logGet(43)) - raft.server.log.segment.size.max = 1048576 (custom)
2019-08-21 07:45:22,955 INFO  server.RaftServerConfigKeys (ConfUtils.java:logGet(43)) - raft.server.log.preallocated.size = 16384 (custom)
2019-08-21 07:45:22,955 INFO  server.RaftServerConfigKeys (ConfUtils.java:logGet(43)) - raft.server.log.write.buffer.size = 33554432 (custom)
2019-08-21 07:45:22,956 INFO  server.RaftServerConfigKeys (ConfUtils.java:logGet(43)) - raft.server.log.force.sync.num = 128 (default)
2019-08-21 07:45:22,956 INFO  server.RaftServerConfigKeys (ConfUtils.java:logGet(43)) - raft.server.log.statemachine.data.sync = true (default)
2019-08-21 07:45:22,956 INFO  server.RaftServerConfigKeys (ConfUtils.java:logGet(43)) - raft.server.log.statemachine.data.sync.timeout = 10s (default)
2019-08-21 07:45:22,956 INFO  server.RaftServerConfigKeys (ConfUtils.java:logGet(43)) - raft.server.log.statemachine.data.sync.timeout.retry = -1 (default)
2019-08-21 07:45:22,956 INFO  server.RaftServerConfigKeys (ConfUtils.java:logGet(43)) - raft.server.log.statemachine.data.caching.enabled = true (custom)
2019-08-21 07:45:22,957 INFO  segmented.SegmentedRaftLogWorker (SegmentedRaftLogWorker.java:lambda$new$0(132)) - 77ee72d3-27fc-41fa-81d0-884f4ef5f930-SegmentedRaftLogWorker:Storage Directory /workdir/hadoop-ozone/integration-test/target/test-dir/MiniOzoneClusterImpl-21103cdb-0298-4d99-8525-2fbf5bad4ea2/datanode-5/data/ratis/5657935d-21b8-4f86-9d39-7db94c53992c: flushIndex: setUnconditionally 0 -> -1
2019-08-21 07:45:22,957 INFO  server.RaftServerConfigKeys (ConfUtils.java:logGet(43)) - raft.server.snapshot.auto.trigger.enabled = true (custom)
2019-08-21 07:45:22,957 INFO  server.RaftServerConfigKeys (ConfUtils.java:logGet(43)) - raft.server.snapshot.auto.trigger.threshold = 10000 (custom)
2019-08-21 07:45:22,958 INFO  server.RaftServerConfigKeys (ConfUtils.java:logGet(43)) - raft.server.retrycache.expirytime = 600000ms (custom)
2019-08-21 07:45:22,958 INFO  impl.RaftServerImpl (RaftServerImpl.java:start(180)) - 77ee72d3-27fc-41fa-81d0-884f4ef5f930: start group-7DB94C53992C
2019-08-21 07:45:22,958 INFO  impl.RaftServerImpl (RaftServerImpl.java:setRole(171)) - 77ee72d3-27fc-41fa-81d0-884f4ef5f930:group-7DB94C53992C changes role from null to FOLLOWER at term 0 for startAsFollower
2019-08-21 07:45:22,958 INFO  impl.RoleInfo (RoleInfo.java:updateAndGet(143)) - 77ee72d3-27fc-41fa-81d0-884f4ef5f930: start FollowerState
2019-08-21 07:45:22,959 INFO  util.JmxRegister (JmxRegister.java:tryRegister(44)) - Successfully registered JMX Bean with object name Ratis:service=RaftServer,group=group-7DB94C53992C,id=77ee72d3-27fc-41fa-81d0-884f4ef5f930
2019-08-21 07:45:22,973 INFO  pipeline.PipelineStateManager (PipelineStateManager.java:addPipeline(56)) - Created pipeline Pipeline[ Id: 5657935d-21b8-4f86-9d39-7db94c53992c, Nodes: 77ee72d3-27fc-41fa-81d0-884f4ef5f930{ip: 192.168.5.147, host: pr-hdds-1935-7zzrp-4268841518, networkLocation: /default-rack, certSerialId: null}, Type:RATIS, Factor:ONE, State:OPEN]
2019-08-21 07:45:23,001 INFO  impl.RaftServerProxy (RaftServerProxy.java:addNew(89)) - aa56a20f-82b3-410f-97c8-395f4663f16a: addNew group-80EB44B8C30E:[aa56a20f-82b3-410f-97c8-395f4663f16a:192.168.5.147:32982] returns group-80EB44B8C30E:java.util.concurrent.CompletableFuture@1a839f37[Not completed]
2019-08-21 07:45:23,003 INFO  impl.RaftServerImpl (RaftServerImpl.java:<init>(93)) - aa56a20f-82b3-410f-97c8-395f4663f16a: new RaftServerImpl for group-80EB44B8C30E:[aa56a20f-82b3-410f-97c8-395f4663f16a:192.168.5.147:32982] with ContainerStateMachine:uninitialized
2019-08-21 07:45:23,003 INFO  server.RaftServerConfigKeys (ConfUtils.java:logGet(43)) - raft.server.rpc.timeout.min = 5s (custom)
2019-08-21 07:45:23,003 INFO  server.RaftServerConfigKeys (ConfUtils.java:logGet(43)) - raft.server.rpc.timeout.max = 5200ms (custom)
2019-08-21 07:45:23,003 INFO  server.RaftServerConfigKeys (ConfUtils.java:logGet(43)) - raft.server.rpcslowness.timeout = 120s (custom)
2019-08-21 07:45:23,003 INFO  server.RaftServerConfigKeys (ConfUtils.java:logGet(43)) - raft.server.sleep.deviation.threshold = 300 (default)
2019-08-21 07:45:23,003 INFO  server.RaftServerConfigKeys (ConfUtils.java:logGet(43)) - raft.server.log.appender.install.snapshot.enabled = false (custom)
2019-08-21 07:45:23,004 INFO  impl.RaftServerImpl (ServerState.java:<init>(105)) - aa56a20f-82b3-410f-97c8-395f4663f16a:group-80EB44B8C30E ConfigurationManager, init=-1: [aa56a20f-82b3-410f-97c8-395f4663f16a:192.168.5.147:32982], old=null, confs=<EMPTY_MAP>
2019-08-21 07:45:23,004 INFO  server.RaftServerConfigKeys (ConfUtils.java:logGet(43)) - raft.server.storage.dir = [/workdir/hadoop-ozone/integration-test/target/test-dir/MiniOzoneClusterImpl-21103cdb-0298-4d99-8525-2fbf5bad4ea2/datanode-1/data/ratis] (custom)
2019-08-21 07:45:23,004 INFO  storage.RaftStorageDirectory (RaftStorageDirectory.java:analyzeStorage(246)) - The storage directory /workdir/hadoop-ozone/integration-test/target/test-dir/MiniOzoneClusterImpl-21103cdb-0298-4d99-8525-2fbf5bad4ea2/datanode-1/data/ratis/854b58aa-5f38-4966-9a4c-80eb44b8c30e does not exist. Creating ...
2019-08-21 07:45:23,017 INFO  storage.RaftStorageDirectory (RaftStorageDirectory.java:tryLock(328)) - Lock on /workdir/hadoop-ozone/integration-test/target/test-dir/MiniOzoneClusterImpl-21103cdb-0298-4d99-8525-2fbf5bad4ea2/datanode-1/data/ratis/854b58aa-5f38-4966-9a4c-80eb44b8c30e/in_use.lock acquired by nodename 340@pr-hdds-1935-7zzrp-4268841518
2019-08-21 07:45:23,031 INFO  storage.RaftStorage (RaftStorage.java:format(72)) - Storage directory /workdir/hadoop-ozone/integration-test/target/test-dir/MiniOzoneClusterImpl-21103cdb-0298-4d99-8525-2fbf5bad4ea2/datanode-1/data/ratis/854b58aa-5f38-4966-9a4c-80eb44b8c30e has been successfully formatted.
2019-08-21 07:45:23,031 INFO  ratis.ContainerStateMachine (ContainerStateMachine.java:loadSnapshot(222)) - group-80EB44B8C30E: The snapshot info is null. Setting the last applied indexto:(t:0, i:~)
2019-08-21 07:45:23,031 INFO  server.RaftServerConfigKeys (ConfUtils.java:logGet(43)) - raft.server.leader.election.timeout = 120s (custom)
2019-08-21 07:45:23,032 INFO  server.RaftServerConfigKeys (ConfUtils.java:logGet(43)) - raft.server.log.use.memory = false (default)
2019-08-21 07:45:23,032 INFO  server.RaftServerConfigKeys (ConfUtils.java:logGet(43)) - raft.server.log.purge.gap = 1000000000 (custom)
2019-08-21 07:45:23,032 INFO  server.RaftServerConfigKeys (ConfUtils.java:logGet(43)) - raft.server.log.appender.buffer.byte-limit = 33554432 (custom)
2019-08-21 07:45:23,033 INFO  server.RaftServerConfigKeys (ConfUtils.java:logGet(43)) - raft.server.log.segment.size.max = 1048576 (custom)
2019-08-21 07:45:23,033 INFO  server.RaftServerConfigKeys (ConfUtils.java:logGet(43)) - raft.server.log.segment.cache.num.max = 2 (custom)
2019-08-21 07:45:23,033 INFO  segmented.SegmentedRaftLogWorker (SegmentedRaftLogWorker.java:<init>(172)) - new aa56a20f-82b3-410f-97c8-395f4663f16a-SegmentedRaftLogWorker:Storage Directory /workdir/hadoop-ozone/integration-test/target/test-dir/MiniOzoneClusterImpl-21103cdb-0298-4d99-8525-2fbf5bad4ea2/datanode-1/data/ratis/854b58aa-5f38-4966-9a4c-80eb44b8c30e for RaftStorage:Storage Directory /workdir/hadoop-ozone/integration-test/target/test-dir/MiniOzoneClusterImpl-21103cdb-0298-4d99-8525-2fbf5bad4ea2/datanode-1/data/ratis/854b58aa-5f38-4966-9a4c-80eb44b8c30e
2019-08-21 07:45:23,034 INFO  server.RaftServerConfigKeys (ConfUtils.java:logGet(43)) - raft.server.log.queue.byte-limit = 2147483647 (custom)
2019-08-21 07:45:23,034 INFO  server.RaftServerConfigKeys (ConfUtils.java:logGet(43)) - raft.server.log.queue.element-limit = 1024 (custom)
2019-08-21 07:45:23,035 INFO  server.RaftServerConfigKeys (ConfUtils.java:logGet(43)) - raft.server.log.segment.size.max = 1048576 (custom)
2019-08-21 07:45:23,035 INFO  server.RaftServerConfigKeys (ConfUtils.java:logGet(43)) - raft.server.log.preallocated.size = 16384 (custom)
2019-08-21 07:45:23,035 INFO  server.RaftServerConfigKeys (ConfUtils.java:logGet(43)) - raft.server.log.write.buffer.size = 33554432 (custom)
2019-08-21 07:45:23,035 INFO  server.RaftServerConfigKeys (ConfUtils.java:logGet(43)) - raft.server.log.force.sync.num = 128 (default)
2019-08-21 07:45:23,036 INFO  server.RaftServerConfigKeys (ConfUtils.java:logGet(43)) - raft.server.log.statemachine.data.sync = true (default)
2019-08-21 07:45:23,036 INFO  server.RaftServerConfigKeys (ConfUtils.java:logGet(43)) - raft.server.log.statemachine.data.sync.timeout = 10s (default)
2019-08-21 07:45:23,036 INFO  server.RaftServerConfigKeys (ConfUtils.java:logGet(43)) - raft.server.log.statemachine.data.sync.timeout.retry = -1 (default)
2019-08-21 07:45:23,037 INFO  server.RaftServerConfigKeys (ConfUtils.java:logGet(43)) - raft.server.log.statemachine.data.caching.enabled = true (custom)
2019-08-21 07:45:23,037 INFO  segmented.SegmentedRaftLogWorker (SegmentedRaftLogWorker.java:lambda$new$0(132)) - aa56a20f-82b3-410f-97c8-395f4663f16a-SegmentedRaftLogWorker:Storage Directory /workdir/hadoop-ozone/integration-test/target/test-dir/MiniOzoneClusterImpl-21103cdb-0298-4d99-8525-2fbf5bad4ea2/datanode-1/data/ratis/854b58aa-5f38-4966-9a4c-80eb44b8c30e: flushIndex: setUnconditionally 0 -> -1
2019-08-21 07:45:23,038 INFO  server.RaftServerConfigKeys (ConfUtils.java:logGet(43)) - raft.server.snapshot.auto.trigger.enabled = true (custom)
2019-08-21 07:45:23,038 INFO  server.RaftServerConfigKeys (ConfUtils.java:logGet(43)) - raft.server.snapshot.auto.trigger.threshold = 10000 (custom)
2019-08-21 07:45:23,038 INFO  server.RaftServerConfigKeys (ConfUtils.java:logGet(43)) - raft.server.retrycache.expirytime = 600000ms (custom)
2019-08-21 07:45:23,039 INFO  impl.RaftServerImpl (RaftServerImpl.java:start(180)) - aa56a20f-82b3-410f-97c8-395f4663f16a: start group-80EB44B8C30E
2019-08-21 07:45:23,039 INFO  impl.RaftServerImpl (RaftServerImpl.java:setRole(171)) - aa56a20f-82b3-410f-97c8-395f4663f16a:group-80EB44B8C30E changes role from null to FOLLOWER at term 0 for startAsFollower
2019-08-21 07:45:23,039 INFO  impl.RoleInfo (RoleInfo.java:updateAndGet(143)) - aa56a20f-82b3-410f-97c8-395f4663f16a: start FollowerState
2019-08-21 07:45:23,040 INFO  util.JmxRegister (JmxRegister.java:tryRegister(44)) - Successfully registered JMX Bean with object name Ratis:service=RaftServer,group=group-80EB44B8C30E,id=aa56a20f-82b3-410f-97c8-395f4663f16a
2019-08-21 07:45:23,055 INFO  pipeline.PipelineStateManager (PipelineStateManager.java:addPipeline(56)) - Created pipeline Pipeline[ Id: 854b58aa-5f38-4966-9a4c-80eb44b8c30e, Nodes: aa56a20f-82b3-410f-97c8-395f4663f16a{ip: 192.168.5.147, host: pr-hdds-1935-7zzrp-4268841518, networkLocation: /default-rack, certSerialId: null}, Type:RATIS, Factor:ONE, State:OPEN]
2019-08-21 07:45:23,083 INFO  impl.RaftServerProxy (RaftServerProxy.java:addNew(89)) - 326330d3-abae-4e18-920c-9856df15a682: addNew group-BE1D9C153443:[326330d3-abae-4e18-920c-9856df15a682:192.168.5.147:37766] returns group-BE1D9C153443:java.util.concurrent.CompletableFuture@218669af[Not completed]
2019-08-21 07:45:23,086 INFO  impl.RaftServerImpl (RaftServerImpl.java:<init>(93)) - 326330d3-abae-4e18-920c-9856df15a682: new RaftServerImpl for group-BE1D9C153443:[326330d3-abae-4e18-920c-9856df15a682:192.168.5.147:37766] with ContainerStateMachine:uninitialized
2019-08-21 07:45:23,087 INFO  server.RaftServerConfigKeys (ConfUtils.java:logGet(43)) - raft.server.rpc.timeout.min = 5s (custom)
2019-08-21 07:45:23,087 INFO  server.RaftServerConfigKeys (ConfUtils.java:logGet(43)) - raft.server.rpc.timeout.max = 5200ms (custom)
2019-08-21 07:45:23,087 INFO  server.RaftServerConfigKeys (ConfUtils.java:logGet(43)) - raft.server.rpcslowness.timeout = 120s (custom)
2019-08-21 07:45:23,088 INFO  server.RaftServerConfigKeys (ConfUtils.java:logGet(43)) - raft.server.sleep.deviation.threshold = 300 (default)
2019-08-21 07:45:23,088 INFO  server.RaftServerConfigKeys (ConfUtils.java:logGet(43)) - raft.server.log.appender.install.snapshot.enabled = false (custom)
2019-08-21 07:45:23,088 INFO  impl.RaftServerImpl (ServerState.java:<init>(105)) - 326330d3-abae-4e18-920c-9856df15a682:group-BE1D9C153443 ConfigurationManager, init=-1: [326330d3-abae-4e18-920c-9856df15a682:192.168.5.147:37766], old=null, confs=<EMPTY_MAP>
2019-08-21 07:45:23,088 INFO  server.RaftServerConfigKeys (ConfUtils.java:logGet(43)) - raft.server.storage.dir = [/workdir/hadoop-ozone/integration-test/target/test-dir/MiniOzoneClusterImpl-21103cdb-0298-4d99-8525-2fbf5bad4ea2/datanode-2/data/ratis] (custom)
2019-08-21 07:45:23,089 INFO  storage.RaftStorageDirectory (RaftStorageDirectory.java:analyzeStorage(246)) - The storage directory /workdir/hadoop-ozone/integration-test/target/test-dir/MiniOzoneClusterImpl-21103cdb-0298-4d99-8525-2fbf5bad4ea2/datanode-2/data/ratis/800a66a5-526d-476b-829c-be1d9c153443 does not exist. Creating ...
2019-08-21 07:45:23,111 INFO  storage.RaftStorageDirectory (RaftStorageDirectory.java:tryLock(328)) - Lock on /workdir/hadoop-ozone/integration-test/target/test-dir/MiniOzoneClusterImpl-21103cdb-0298-4d99-8525-2fbf5bad4ea2/datanode-2/data/ratis/800a66a5-526d-476b-829c-be1d9c153443/in_use.lock acquired by nodename 340@pr-hdds-1935-7zzrp-4268841518
2019-08-21 07:45:23,132 INFO  storage.RaftStorage (RaftStorage.java:format(72)) - Storage directory /workdir/hadoop-ozone/integration-test/target/test-dir/MiniOzoneClusterImpl-21103cdb-0298-4d99-8525-2fbf5bad4ea2/datanode-2/data/ratis/800a66a5-526d-476b-829c-be1d9c153443 has been successfully formatted.
2019-08-21 07:45:23,132 INFO  ratis.ContainerStateMachine (ContainerStateMachine.java:loadSnapshot(222)) - group-BE1D9C153443: The snapshot info is null. Setting the last applied indexto:(t:0, i:~)
2019-08-21 07:45:23,132 INFO  server.RaftServerConfigKeys (ConfUtils.java:logGet(43)) - raft.server.leader.election.timeout = 120s (custom)
2019-08-21 07:45:23,133 INFO  server.RaftServerConfigKeys (ConfUtils.java:logGet(43)) - raft.server.log.use.memory = false (default)
2019-08-21 07:45:23,133 INFO  server.RaftServerConfigKeys (ConfUtils.java:logGet(43)) - raft.server.log.purge.gap = 1000000000 (custom)
2019-08-21 07:45:23,133 INFO  server.RaftServerConfigKeys (ConfUtils.java:logGet(43)) - raft.server.log.appender.buffer.byte-limit = 33554432 (custom)
2019-08-21 07:45:23,133 INFO  server.RaftServerConfigKeys (ConfUtils.java:logGet(43)) - raft.server.log.segment.size.max = 1048576 (custom)
2019-08-21 07:45:23,133 INFO  server.RaftServerConfigKeys (ConfUtils.java:logGet(43)) - raft.server.log.segment.cache.num.max = 2 (custom)
2019-08-21 07:45:23,134 INFO  segmented.SegmentedRaftLogWorker (SegmentedRaftLogWorker.java:<init>(172)) - new 326330d3-abae-4e18-920c-9856df15a682-SegmentedRaftLogWorker:Storage Directory /workdir/hadoop-ozone/integration-test/target/test-dir/MiniOzoneClusterImpl-21103cdb-0298-4d99-8525-2fbf5bad4ea2/datanode-2/data/ratis/800a66a5-526d-476b-829c-be1d9c153443 for RaftStorage:Storage Directory /workdir/hadoop-ozone/integration-test/target/test-dir/MiniOzoneClusterImpl-21103cdb-0298-4d99-8525-2fbf5bad4ea2/datanode-2/data/ratis/800a66a5-526d-476b-829c-be1d9c153443
2019-08-21 07:45:23,134 INFO  server.RaftServerConfigKeys (ConfUtils.java:logGet(43)) - raft.server.log.queue.byte-limit = 2147483647 (custom)
2019-08-21 07:45:23,134 INFO  server.RaftServerConfigKeys (ConfUtils.java:logGet(43)) - raft.server.log.queue.element-limit = 1024 (custom)
2019-08-21 07:45:23,134 INFO  server.RaftServerConfigKeys (ConfUtils.java:logGet(43)) - raft.server.log.segment.size.max = 1048576 (custom)
2019-08-21 07:45:23,135 INFO  server.RaftServerConfigKeys (ConfUtils.java:logGet(43)) - raft.server.log.preallocated.size = 16384 (custom)
2019-08-21 07:45:23,135 INFO  server.RaftServerConfigKeys (ConfUtils.java:logGet(43)) - raft.server.log.write.buffer.size = 33554432 (custom)
2019-08-21 07:45:23,135 INFO  server.RaftServerConfigKeys (ConfUtils.java:logGet(43)) - raft.server.log.force.sync.num = 128 (default)
2019-08-21 07:45:23,135 INFO  server.RaftServerConfigKeys (ConfUtils.java:logGet(43)) - raft.server.log.statemachine.data.sync = true (default)
2019-08-21 07:45:23,135 INFO  server.RaftServerConfigKeys (ConfUtils.java:logGet(43)) - raft.server.log.statemachine.data.sync.timeout = 10s (default)
2019-08-21 07:45:23,136 INFO  server.RaftServerConfigKeys (ConfUtils.java:logGet(43)) - raft.server.log.statemachine.data.sync.timeout.retry = -1 (default)
2019-08-21 07:45:23,136 INFO  server.RaftServerConfigKeys (ConfUtils.java:logGet(43)) - raft.server.log.statemachine.data.caching.enabled = true (custom)
2019-08-21 07:45:23,137 INFO  segmented.SegmentedRaftLogWorker (SegmentedRaftLogWorker.java:lambda$new$0(132)) - 326330d3-abae-4e18-920c-9856df15a682-SegmentedRaftLogWorker:Storage Directory /workdir/hadoop-ozone/integration-test/target/test-dir/MiniOzoneClusterImpl-21103cdb-0298-4d99-8525-2fbf5bad4ea2/datanode-2/data/ratis/800a66a5-526d-476b-829c-be1d9c153443: flushIndex: setUnconditionally 0 -> -1
2019-08-21 07:45:23,137 INFO  server.RaftServerConfigKeys (ConfUtils.java:logGet(43)) - raft.server.snapshot.auto.trigger.enabled = true (custom)
2019-08-21 07:45:23,137 INFO  server.RaftServerConfigKeys (ConfUtils.java:logGet(43)) - raft.server.snapshot.auto.trigger.threshold = 10000 (custom)
2019-08-21 07:45:23,137 INFO  server.RaftServerConfigKeys (ConfUtils.java:logGet(43)) - raft.server.retrycache.expirytime = 600000ms (custom)
2019-08-21 07:45:23,138 INFO  impl.RaftServerImpl (RaftServerImpl.java:start(180)) - 326330d3-abae-4e18-920c-9856df15a682: start group-BE1D9C153443
2019-08-21 07:45:23,138 INFO  impl.RaftServerImpl (RaftServerImpl.java:setRole(171)) - 326330d3-abae-4e18-920c-9856df15a682:group-BE1D9C153443 changes role from null to FOLLOWER at term 0 for startAsFollower
2019-08-21 07:45:23,138 INFO  impl.RoleInfo (RoleInfo.java:updateAndGet(143)) - 326330d3-abae-4e18-920c-9856df15a682: start FollowerState
2019-08-21 07:45:23,139 INFO  util.JmxRegister (JmxRegister.java:tryRegister(44)) - Successfully registered JMX Bean with object name Ratis:service=RaftServer,group=group-BE1D9C153443,id=326330d3-abae-4e18-920c-9856df15a682
2019-08-21 07:45:23,153 INFO  pipeline.PipelineStateManager (PipelineStateManager.java:addPipeline(56)) - Created pipeline Pipeline[ Id: 800a66a5-526d-476b-829c-be1d9c153443, Nodes: 326330d3-abae-4e18-920c-9856df15a682{ip: 192.168.5.147, host: pr-hdds-1935-7zzrp-4268841518, networkLocation: /default-rack, certSerialId: null}, Type:RATIS, Factor:ONE, State:OPEN]
2019-08-21 07:45:23,184 INFO  impl.RaftServerProxy (RaftServerProxy.java:addNew(89)) - 5fec7d9c-d2d9-4eac-a798-0c765a6cd15b: addNew group-6BD037BD542D:[5fec7d9c-d2d9-4eac-a798-0c765a6cd15b:192.168.5.147:33210] returns group-6BD037BD542D:java.util.concurrent.CompletableFuture@51b45676[Not completed]
2019-08-21 07:45:23,189 INFO  impl.RaftServerImpl (RaftServerImpl.java:<init>(93)) - 5fec7d9c-d2d9-4eac-a798-0c765a6cd15b: new RaftServerImpl for group-6BD037BD542D:[5fec7d9c-d2d9-4eac-a798-0c765a6cd15b:192.168.5.147:33210] with ContainerStateMachine:uninitialized
2019-08-21 07:45:23,190 INFO  server.RaftServerConfigKeys (ConfUtils.java:logGet(43)) - raft.server.rpc.timeout.min = 5s (custom)
2019-08-21 07:45:23,190 INFO  server.RaftServerConfigKeys (ConfUtils.java:logGet(43)) - raft.server.rpc.timeout.max = 5200ms (custom)
2019-08-21 07:45:23,190 INFO  server.RaftServerConfigKeys (ConfUtils.java:logGet(43)) - raft.server.rpcslowness.timeout = 120s (custom)
2019-08-21 07:45:23,190 INFO  server.RaftServerConfigKeys (ConfUtils.java:logGet(43)) - raft.server.sleep.deviation.threshold = 300 (default)
2019-08-21 07:45:23,190 INFO  server.RaftServerConfigKeys (ConfUtils.java:logGet(43)) - raft.server.log.appender.install.snapshot.enabled = false (custom)
2019-08-21 07:45:23,191 INFO  impl.RaftServerImpl (ServerState.java:<init>(105)) - 5fec7d9c-d2d9-4eac-a798-0c765a6cd15b:group-6BD037BD542D ConfigurationManager, init=-1: [5fec7d9c-d2d9-4eac-a798-0c765a6cd15b:192.168.5.147:33210], old=null, confs=<EMPTY_MAP>
2019-08-21 07:45:23,191 INFO  server.RaftServerConfigKeys (ConfUtils.java:logGet(43)) - raft.server.storage.dir = [/workdir/hadoop-ozone/integration-test/target/test-dir/MiniOzoneClusterImpl-21103cdb-0298-4d99-8525-2fbf5bad4ea2/datanode-3/data/ratis] (custom)
2019-08-21 07:45:23,191 INFO  storage.RaftStorageDirectory (RaftStorageDirectory.java:analyzeStorage(246)) - The storage directory /workdir/hadoop-ozone/integration-test/target/test-dir/MiniOzoneClusterImpl-21103cdb-0298-4d99-8525-2fbf5bad4ea2/datanode-3/data/ratis/291bfcbc-a75c-4fd5-ba71-6bd037bd542d does not exist. Creating ...
2019-08-21 07:45:23,205 INFO  storage.RaftStorageDirectory (RaftStorageDirectory.java:tryLock(328)) - Lock on /workdir/hadoop-ozone/integration-test/target/test-dir/MiniOzoneClusterImpl-21103cdb-0298-4d99-8525-2fbf5bad4ea2/datanode-3/data/ratis/291bfcbc-a75c-4fd5-ba71-6bd037bd542d/in_use.lock acquired by nodename 340@pr-hdds-1935-7zzrp-4268841518
2019-08-21 07:45:23,218 INFO  storage.RaftStorage (RaftStorage.java:format(72)) - Storage directory /workdir/hadoop-ozone/integration-test/target/test-dir/MiniOzoneClusterImpl-21103cdb-0298-4d99-8525-2fbf5bad4ea2/datanode-3/data/ratis/291bfcbc-a75c-4fd5-ba71-6bd037bd542d has been successfully formatted.
2019-08-21 07:45:23,219 INFO  ratis.ContainerStateMachine (ContainerStateMachine.java:loadSnapshot(222)) - group-6BD037BD542D: The snapshot info is null. Setting the last applied indexto:(t:0, i:~)
2019-08-21 07:45:23,219 INFO  server.RaftServerConfigKeys (ConfUtils.java:logGet(43)) - raft.server.leader.election.timeout = 120s (custom)
2019-08-21 07:45:23,219 INFO  server.RaftServerConfigKeys (ConfUtils.java:logGet(43)) - raft.server.log.use.memory = false (default)
2019-08-21 07:45:23,219 INFO  server.RaftServerConfigKeys (ConfUtils.java:logGet(43)) - raft.server.log.purge.gap = 1000000000 (custom)
2019-08-21 07:45:23,221 INFO  server.RaftServerConfigKeys (ConfUtils.java:logGet(43)) - raft.server.log.appender.buffer.byte-limit = 33554432 (custom)
2019-08-21 07:45:23,221 INFO  server.RaftServerConfigKeys (ConfUtils.java:logGet(43)) - raft.server.log.segment.size.max = 1048576 (custom)
2019-08-21 07:45:23,222 INFO  server.RaftServerConfigKeys (ConfUtils.java:logGet(43)) - raft.server.log.segment.cache.num.max = 2 (custom)
2019-08-21 07:45:23,222 INFO  segmented.SegmentedRaftLogWorker (SegmentedRaftLogWorker.java:<init>(172)) - new 5fec7d9c-d2d9-4eac-a798-0c765a6cd15b-SegmentedRaftLogWorker:Storage Directory /workdir/hadoop-ozone/integration-test/target/test-dir/MiniOzoneClusterImpl-21103cdb-0298-4d99-8525-2fbf5bad4ea2/datanode-3/data/ratis/291bfcbc-a75c-4fd5-ba71-6bd037bd542d for RaftStorage:Storage Directory /workdir/hadoop-ozone/integration-test/target/test-dir/MiniOzoneClusterImpl-21103cdb-0298-4d99-8525-2fbf5bad4ea2/datanode-3/data/ratis/291bfcbc-a75c-4fd5-ba71-6bd037bd542d
2019-08-21 07:45:23,222 INFO  server.RaftServerConfigKeys (ConfUtils.java:logGet(43)) - raft.server.log.queue.byte-limit = 2147483647 (custom)
2019-08-21 07:45:23,222 INFO  server.RaftServerConfigKeys (ConfUtils.java:logGet(43)) - raft.server.log.queue.element-limit = 1024 (custom)
2019-08-21 07:45:23,229 INFO  server.RaftServerConfigKeys (ConfUtils.java:logGet(43)) - raft.server.log.segment.size.max = 1048576 (custom)
2019-08-21 07:45:23,235 INFO  server.RaftServerConfigKeys (ConfUtils.java:logGet(43)) - raft.server.log.preallocated.size = 16384 (custom)
2019-08-21 07:45:23,235 INFO  server.RaftServerConfigKeys (ConfUtils.java:logGet(43)) - raft.server.log.write.buffer.size = 33554432 (custom)
2019-08-21 07:45:23,235 INFO  server.RaftServerConfigKeys (ConfUtils.java:logGet(43)) - raft.server.log.force.sync.num = 128 (default)
2019-08-21 07:45:23,235 INFO  server.RaftServerConfigKeys (ConfUtils.java:logGet(43)) - raft.server.log.statemachine.data.sync = true (default)
2019-08-21 07:45:23,236 INFO  server.RaftServerConfigKeys (ConfUtils.java:logGet(43)) - raft.server.log.statemachine.data.sync.timeout = 10s (default)
2019-08-21 07:45:23,236 INFO  server.RaftServerConfigKeys (ConfUtils.java:logGet(43)) - raft.server.log.statemachine.data.sync.timeout.retry = -1 (default)
2019-08-21 07:45:23,236 INFO  server.RaftServerConfigKeys (ConfUtils.java:logGet(43)) - raft.server.log.statemachine.data.caching.enabled = true (custom)
2019-08-21 07:45:23,237 INFO  segmented.SegmentedRaftLogWorker (SegmentedRaftLogWorker.java:lambda$new$0(132)) - 5fec7d9c-d2d9-4eac-a798-0c765a6cd15b-SegmentedRaftLogWorker:Storage Directory /workdir/hadoop-ozone/integration-test/target/test-dir/MiniOzoneClusterImpl-21103cdb-0298-4d99-8525-2fbf5bad4ea2/datanode-3/data/ratis/291bfcbc-a75c-4fd5-ba71-6bd037bd542d: flushIndex: setUnconditionally 0 -> -1
2019-08-21 07:45:23,237 INFO  server.RaftServerConfigKeys (ConfUtils.java:logGet(43)) - raft.server.snapshot.auto.trigger.enabled = true (custom)
2019-08-21 07:45:23,237 INFO  server.RaftServerConfigKeys (ConfUtils.java:logGet(43)) - raft.server.snapshot.auto.trigger.threshold = 10000 (custom)
2019-08-21 07:45:23,238 INFO  server.RaftServerConfigKeys (ConfUtils.java:logGet(43)) - raft.server.retrycache.expirytime = 600000ms (custom)
2019-08-21 07:45:23,238 INFO  impl.RaftServerImpl (RaftServerImpl.java:start(180)) - 5fec7d9c-d2d9-4eac-a798-0c765a6cd15b: start group-6BD037BD542D
2019-08-21 07:45:23,238 INFO  impl.RaftServerImpl (RaftServerImpl.java:setRole(171)) - 5fec7d9c-d2d9-4eac-a798-0c765a6cd15b:group-6BD037BD542D changes role from null to FOLLOWER at term 0 for startAsFollower
2019-08-21 07:45:23,238 INFO  impl.RoleInfo (RoleInfo.java:updateAndGet(143)) - 5fec7d9c-d2d9-4eac-a798-0c765a6cd15b: start FollowerState
2019-08-21 07:45:23,239 INFO  util.JmxRegister (JmxRegister.java:tryRegister(44)) - Successfully registered JMX Bean with object name Ratis:service=RaftServer,group=group-6BD037BD542D,id=5fec7d9c-d2d9-4eac-a798-0c765a6cd15b
2019-08-21 07:45:23,251 INFO  pipeline.PipelineStateManager (PipelineStateManager.java:addPipeline(56)) - Created pipeline Pipeline[ Id: 291bfcbc-a75c-4fd5-ba71-6bd037bd542d, Nodes: 5fec7d9c-d2d9-4eac-a798-0c765a6cd15b{ip: 192.168.5.147, host: pr-hdds-1935-7zzrp-4268841518, networkLocation: /default-rack, certSerialId: null}, Type:RATIS, Factor:ONE, State:OPEN]
2019-08-21 07:45:23,293 INFO  impl.RaftServerProxy (RaftServerProxy.java:addNew(89)) - 02fdd9ac-9b8e-435f-9af0-776cbf0977b1: addNew group-26758F5694AC:[642257af-9613-4e6b-91ab-7af7f840dc20:192.168.5.147:37049, 77ee72d3-27fc-41fa-81d0-884f4ef5f930:192.168.5.147:36334, 02fdd9ac-9b8e-435f-9af0-776cbf0977b1:192.168.5.147:35516] returns group-26758F5694AC:java.util.concurrent.CompletableFuture@2282c6b8[Not completed]
2019-08-21 07:45:23,293 INFO  impl.RaftServerProxy (RaftServerProxy.java:addNew(89)) - 77ee72d3-27fc-41fa-81d0-884f4ef5f930: addNew group-26758F5694AC:[642257af-9613-4e6b-91ab-7af7f840dc20:192.168.5.147:37049, 77ee72d3-27fc-41fa-81d0-884f4ef5f930:192.168.5.147:36334, 02fdd9ac-9b8e-435f-9af0-776cbf0977b1:192.168.5.147:35516] returns group-26758F5694AC:java.util.concurrent.CompletableFuture@2101cb32[Not completed]
2019-08-21 07:45:23,295 INFO  impl.RaftServerImpl (RaftServerImpl.java:<init>(93)) - 02fdd9ac-9b8e-435f-9af0-776cbf0977b1: new RaftServerImpl for group-26758F5694AC:[642257af-9613-4e6b-91ab-7af7f840dc20:192.168.5.147:37049, 77ee72d3-27fc-41fa-81d0-884f4ef5f930:192.168.5.147:36334, 02fdd9ac-9b8e-435f-9af0-776cbf0977b1:192.168.5.147:35516] with ContainerStateMachine:uninitialized
2019-08-21 07:45:23,296 INFO  server.RaftServerConfigKeys (ConfUtils.java:logGet(43)) - raft.server.rpc.timeout.min = 5s (custom)
2019-08-21 07:45:23,296 INFO  server.RaftServerConfigKeys (ConfUtils.java:logGet(43)) - raft.server.rpc.timeout.max = 5200ms (custom)
2019-08-21 07:45:23,296 INFO  server.RaftServerConfigKeys (ConfUtils.java:logGet(43)) - raft.server.rpcslowness.timeout = 120s (custom)
2019-08-21 07:45:23,296 INFO  server.RaftServerConfigKeys (ConfUtils.java:logGet(43)) - raft.server.sleep.deviation.threshold = 300 (default)
2019-08-21 07:45:23,296 INFO  impl.RaftServerProxy (RaftServerProxy.java:addNew(89)) - 642257af-9613-4e6b-91ab-7af7f840dc20: addNew group-26758F5694AC:[642257af-9613-4e6b-91ab-7af7f840dc20:192.168.5.147:37049, 77ee72d3-27fc-41fa-81d0-884f4ef5f930:192.168.5.147:36334, 02fdd9ac-9b8e-435f-9af0-776cbf0977b1:192.168.5.147:35516] returns group-26758F5694AC:java.util.concurrent.CompletableFuture@253e4bca[Not completed]
2019-08-21 07:45:23,297 INFO  server.RaftServerConfigKeys (ConfUtils.java:logGet(43)) - raft.server.log.appender.install.snapshot.enabled = false (custom)
2019-08-21 07:45:23,297 INFO  impl.RaftServerImpl (ServerState.java:<init>(105)) - 02fdd9ac-9b8e-435f-9af0-776cbf0977b1:group-26758F5694AC ConfigurationManager, init=-1: [642257af-9613-4e6b-91ab-7af7f840dc20:192.168.5.147:37049, 77ee72d3-27fc-41fa-81d0-884f4ef5f930:192.168.5.147:36334, 02fdd9ac-9b8e-435f-9af0-776cbf0977b1:192.168.5.147:35516], old=null, confs=<EMPTY_MAP>
2019-08-21 07:45:23,297 INFO  impl.RaftServerImpl (RaftServerImpl.java:<init>(93)) - 77ee72d3-27fc-41fa-81d0-884f4ef5f930: new RaftServerImpl for group-26758F5694AC:[642257af-9613-4e6b-91ab-7af7f840dc20:192.168.5.147:37049, 77ee72d3-27fc-41fa-81d0-884f4ef5f930:192.168.5.147:36334, 02fdd9ac-9b8e-435f-9af0-776cbf0977b1:192.168.5.147:35516] with ContainerStateMachine:uninitialized
2019-08-21 07:45:23,297 INFO  server.RaftServerConfigKeys (ConfUtils.java:logGet(43)) - raft.server.storage.dir = [/workdir/hadoop-ozone/integration-test/target/test-dir/MiniOzoneClusterImpl-21103cdb-0298-4d99-8525-2fbf5bad4ea2/datanode-4/data/ratis] (custom)
2019-08-21 07:45:23,297 INFO  server.RaftServerConfigKeys (ConfUtils.java:logGet(43)) - raft.server.rpc.timeout.min = 5s (custom)
2019-08-21 07:45:23,298 INFO  server.RaftServerConfigKeys (ConfUtils.java:logGet(43)) - raft.server.rpc.timeout.max = 5200ms (custom)
2019-08-21 07:45:23,298 INFO  storage.RaftStorageDirectory (RaftStorageDirectory.java:analyzeStorage(246)) - The storage directory /workdir/hadoop-ozone/integration-test/target/test-dir/MiniOzoneClusterImpl-21103cdb-0298-4d99-8525-2fbf5bad4ea2/datanode-4/data/ratis/33244a7d-b6dd-41df-98ba-26758f5694ac does not exist. Creating ...
2019-08-21 07:45:23,298 INFO  server.RaftServerConfigKeys (ConfUtils.java:logGet(43)) - raft.server.rpcslowness.timeout = 120s (custom)
2019-08-21 07:45:23,298 INFO  server.RaftServerConfigKeys (ConfUtils.java:logGet(43)) - raft.server.sleep.deviation.threshold = 300 (default)
2019-08-21 07:45:23,298 INFO  server.RaftServerConfigKeys (ConfUtils.java:logGet(43)) - raft.server.log.appender.install.snapshot.enabled = false (custom)
2019-08-21 07:45:23,301 INFO  impl.RaftServerImpl (ServerState.java:<init>(105)) - 77ee72d3-27fc-41fa-81d0-884f4ef5f930:group-26758F5694AC ConfigurationManager, init=-1: [642257af-9613-4e6b-91ab-7af7f840dc20:192.168.5.147:37049, 77ee72d3-27fc-41fa-81d0-884f4ef5f930:192.168.5.147:36334, 02fdd9ac-9b8e-435f-9af0-776cbf0977b1:192.168.5.147:35516], old=null, confs=<EMPTY_MAP>
2019-08-21 07:45:23,301 INFO  server.RaftServerConfigKeys (ConfUtils.java:logGet(43)) - raft.server.storage.dir = [/workdir/hadoop-ozone/integration-test/target/test-dir/MiniOzoneClusterImpl-21103cdb-0298-4d99-8525-2fbf5bad4ea2/datanode-5/data/ratis] (custom)
2019-08-21 07:45:23,301 INFO  impl.RaftServerImpl (RaftServerImpl.java:<init>(93)) - 642257af-9613-4e6b-91ab-7af7f840dc20: new RaftServerImpl for group-26758F5694AC:[642257af-9613-4e6b-91ab-7af7f840dc20:192.168.5.147:37049, 77ee72d3-27fc-41fa-81d0-884f4ef5f930:192.168.5.147:36334, 02fdd9ac-9b8e-435f-9af0-776cbf0977b1:192.168.5.147:35516] with ContainerStateMachine:uninitialized
2019-08-21 07:45:23,301 INFO  server.RaftServerConfigKeys (ConfUtils.java:logGet(43)) - raft.server.rpc.timeout.min = 5s (custom)
2019-08-21 07:45:23,301 INFO  storage.RaftStorageDirectory (RaftStorageDirectory.java:analyzeStorage(246)) - The storage directory /workdir/hadoop-ozone/integration-test/target/test-dir/MiniOzoneClusterImpl-21103cdb-0298-4d99-8525-2fbf5bad4ea2/datanode-5/data/ratis/33244a7d-b6dd-41df-98ba-26758f5694ac does not exist. Creating ...
2019-08-21 07:45:23,302 INFO  server.RaftServerConfigKeys (ConfUtils.java:logGet(43)) - raft.server.rpc.timeout.max = 5200ms (custom)
2019-08-21 07:45:23,302 INFO  server.RaftServerConfigKeys (ConfUtils.java:logGet(43)) - raft.server.rpcslowness.timeout = 120s (custom)
2019-08-21 07:45:23,302 INFO  server.RaftServerConfigKeys (ConfUtils.java:logGet(43)) - raft.server.sleep.deviation.threshold = 300 (default)
2019-08-21 07:45:23,302 INFO  server.RaftServerConfigKeys (ConfUtils.java:logGet(43)) - raft.server.log.appender.install.snapshot.enabled = false (custom)
2019-08-21 07:45:23,302 INFO  impl.RaftServerImpl (ServerState.java:<init>(105)) - 642257af-9613-4e6b-91ab-7af7f840dc20:group-26758F5694AC ConfigurationManager, init=-1: [642257af-9613-4e6b-91ab-7af7f840dc20:192.168.5.147:37049, 77ee72d3-27fc-41fa-81d0-884f4ef5f930:192.168.5.147:36334, 02fdd9ac-9b8e-435f-9af0-776cbf0977b1:192.168.5.147:35516], old=null, confs=<EMPTY_MAP>
2019-08-21 07:45:23,303 INFO  server.RaftServerConfigKeys (ConfUtils.java:logGet(43)) - raft.server.storage.dir = [/workdir/hadoop-ozone/integration-test/target/test-dir/MiniOzoneClusterImpl-21103cdb-0298-4d99-8525-2fbf5bad4ea2/datanode-0/data/ratis] (custom)
2019-08-21 07:45:23,303 INFO  storage.RaftStorageDirectory (RaftStorageDirectory.java:analyzeStorage(246)) - The storage directory /workdir/hadoop-ozone/integration-test/target/test-dir/MiniOzoneClusterImpl-21103cdb-0298-4d99-8525-2fbf5bad4ea2/datanode-0/data/ratis/33244a7d-b6dd-41df-98ba-26758f5694ac does not exist. Creating ...
2019-08-21 07:45:23,311 INFO  storage.RaftStorageDirectory (RaftStorageDirectory.java:tryLock(328)) - Lock on /workdir/hadoop-ozone/integration-test/target/test-dir/MiniOzoneClusterImpl-21103cdb-0298-4d99-8525-2fbf5bad4ea2/datanode-4/data/ratis/33244a7d-b6dd-41df-98ba-26758f5694ac/in_use.lock acquired by nodename 340@pr-hdds-1935-7zzrp-4268841518
2019-08-21 07:45:23,311 INFO  storage.RaftStorageDirectory (RaftStorageDirectory.java:tryLock(328)) - Lock on /workdir/hadoop-ozone/integration-test/target/test-dir/MiniOzoneClusterImpl-21103cdb-0298-4d99-8525-2fbf5bad4ea2/datanode-5/data/ratis/33244a7d-b6dd-41df-98ba-26758f5694ac/in_use.lock acquired by nodename 340@pr-hdds-1935-7zzrp-4268841518
2019-08-21 07:45:23,311 INFO  storage.RaftStorageDirectory (RaftStorageDirectory.java:tryLock(328)) - Lock on /workdir/hadoop-ozone/integration-test/target/test-dir/MiniOzoneClusterImpl-21103cdb-0298-4d99-8525-2fbf5bad4ea2/datanode-0/data/ratis/33244a7d-b6dd-41df-98ba-26758f5694ac/in_use.lock acquired by nodename 340@pr-hdds-1935-7zzrp-4268841518
2019-08-21 07:45:23,326 INFO  storage.RaftStorage (RaftStorage.java:format(72)) - Storage directory /workdir/hadoop-ozone/integration-test/target/test-dir/MiniOzoneClusterImpl-21103cdb-0298-4d99-8525-2fbf5bad4ea2/datanode-5/data/ratis/33244a7d-b6dd-41df-98ba-26758f5694ac has been successfully formatted.
2019-08-21 07:45:23,326 INFO  storage.RaftStorage (RaftStorage.java:format(72)) - Storage directory /workdir/hadoop-ozone/integration-test/target/test-dir/MiniOzoneClusterImpl-21103cdb-0298-4d99-8525-2fbf5bad4ea2/datanode-0/data/ratis/33244a7d-b6dd-41df-98ba-26758f5694ac has been successfully formatted.
2019-08-21 07:45:23,326 INFO  ratis.ContainerStateMachine (ContainerStateMachine.java:loadSnapshot(222)) - group-26758F5694AC: The snapshot info is null. Setting the last applied indexto:(t:0, i:~)
2019-08-21 07:45:23,326 INFO  storage.RaftStorage (RaftStorage.java:format(72)) - Storage directory /workdir/hadoop-ozone/integration-test/target/test-dir/MiniOzoneClusterImpl-21103cdb-0298-4d99-8525-2fbf5bad4ea2/datanode-4/data/ratis/33244a7d-b6dd-41df-98ba-26758f5694ac has been successfully formatted.
2019-08-21 07:45:23,326 INFO  server.RaftServerConfigKeys (ConfUtils.java:logGet(43)) - raft.server.leader.election.timeout = 120s (custom)
2019-08-21 07:45:23,326 INFO  ratis.ContainerStateMachine (ContainerStateMachine.java:loadSnapshot(222)) - group-26758F5694AC: The snapshot info is null. Setting the last applied indexto:(t:0, i:~)
2019-08-21 07:45:23,326 INFO  server.RaftServerConfigKeys (ConfUtils.java:logGet(43)) - raft.server.log.use.memory = false (default)
2019-08-21 07:45:23,326 INFO  ratis.ContainerStateMachine (ContainerStateMachine.java:loadSnapshot(222)) - group-26758F5694AC: The snapshot info is null. Setting the last applied indexto:(t:0, i:~)
2019-08-21 07:45:23,327 INFO  server.RaftServerConfigKeys (ConfUtils.java:logGet(43)) - raft.server.log.purge.gap = 1000000000 (custom)
2019-08-21 07:45:23,327 INFO  server.RaftServerConfigKeys (ConfUtils.java:logGet(43)) - raft.server.leader.election.timeout = 120s (custom)
2019-08-21 07:45:23,327 INFO  server.RaftServerConfigKeys (ConfUtils.java:logGet(43)) - raft.server.log.appender.buffer.byte-limit = 33554432 (custom)
2019-08-21 07:45:23,327 INFO  server.RaftServerConfigKeys (ConfUtils.java:logGet(43)) - raft.server.leader.election.timeout = 120s (custom)
2019-08-21 07:45:23,327 INFO  server.RaftServerConfigKeys (ConfUtils.java:logGet(43)) - raft.server.log.segment.size.max = 1048576 (custom)
2019-08-21 07:45:23,327 INFO  server.RaftServerConfigKeys (ConfUtils.java:logGet(43)) - raft.server.log.use.memory = false (default)
2019-08-21 07:45:23,327 INFO  server.RaftServerConfigKeys (ConfUtils.java:logGet(43)) - raft.server.log.segment.cache.num.max = 2 (custom)
2019-08-21 07:45:23,327 INFO  server.RaftServerConfigKeys (ConfUtils.java:logGet(43)) - raft.server.log.use.memory = false (default)
2019-08-21 07:45:23,328 INFO  segmented.SegmentedRaftLogWorker (SegmentedRaftLogWorker.java:<init>(172)) - new 77ee72d3-27fc-41fa-81d0-884f4ef5f930-SegmentedRaftLogWorker:Storage Directory /workdir/hadoop-ozone/integration-test/target/test-dir/MiniOzoneClusterImpl-21103cdb-0298-4d99-8525-2fbf5bad4ea2/datanode-5/data/ratis/33244a7d-b6dd-41df-98ba-26758f5694ac for RaftStorage:Storage Directory /workdir/hadoop-ozone/integration-test/target/test-dir/MiniOzoneClusterImpl-21103cdb-0298-4d99-8525-2fbf5bad4ea2/datanode-5/data/ratis/33244a7d-b6dd-41df-98ba-26758f5694ac
2019-08-21 07:45:23,328 INFO  server.RaftServerConfigKeys (ConfUtils.java:logGet(43)) - raft.server.log.purge.gap = 1000000000 (custom)
2019-08-21 07:45:23,328 INFO  server.RaftServerConfigKeys (ConfUtils.java:logGet(43)) - raft.server.log.queue.byte-limit = 2147483647 (custom)
2019-08-21 07:45:23,328 INFO  server.RaftServerConfigKeys (ConfUtils.java:logGet(43)) - raft.server.log.appender.buffer.byte-limit = 33554432 (custom)
2019-08-21 07:45:23,328 INFO  server.RaftServerConfigKeys (ConfUtils.java:logGet(43)) - raft.server.log.purge.gap = 1000000000 (custom)
2019-08-21 07:45:23,330 INFO  server.RaftServerConfigKeys (ConfUtils.java:logGet(43)) - raft.server.log.segment.size.max = 1048576 (custom)
2019-08-21 07:45:23,330 INFO  server.RaftServerConfigKeys (ConfUtils.java:logGet(43)) - raft.server.log.queue.element-limit = 1024 (custom)
2019-08-21 07:45:23,330 INFO  server.RaftServerConfigKeys (ConfUtils.java:logGet(43)) - raft.server.log.segment.cache.num.max = 2 (custom)
2019-08-21 07:45:23,330 INFO  server.RaftServerConfigKeys (ConfUtils.java:logGet(43)) - raft.server.log.appender.buffer.byte-limit = 33554432 (custom)
2019-08-21 07:45:23,330 INFO  segmented.SegmentedRaftLogWorker (SegmentedRaftLogWorker.java:<init>(172)) - new 642257af-9613-4e6b-91ab-7af7f840dc20-SegmentedRaftLogWorker:Storage Directory /workdir/hadoop-ozone/integration-test/target/test-dir/MiniOzoneClusterImpl-21103cdb-0298-4d99-8525-2fbf5bad4ea2/datanode-0/data/ratis/33244a7d-b6dd-41df-98ba-26758f5694ac for RaftStorage:Storage Directory /workdir/hadoop-ozone/integration-test/target/test-dir/MiniOzoneClusterImpl-21103cdb-0298-4d99-8525-2fbf5bad4ea2/datanode-0/data/ratis/33244a7d-b6dd-41df-98ba-26758f5694ac
2019-08-21 07:45:23,330 INFO  server.RaftServerConfigKeys (ConfUtils.java:logGet(43)) - raft.server.log.segment.size.max = 1048576 (custom)
2019-08-21 07:45:23,331 INFO  server.RaftServerConfigKeys (ConfUtils.java:logGet(43)) - raft.server.log.queue.byte-limit = 2147483647 (custom)
2019-08-21 07:45:23,330 INFO  server.RaftServerConfigKeys (ConfUtils.java:logGet(43)) - raft.server.log.segment.size.max = 1048576 (custom)
2019-08-21 07:45:23,332 INFO  server.RaftServerConfigKeys (ConfUtils.java:logGet(43)) - raft.server.log.queue.element-limit = 1024 (custom)
2019-08-21 07:45:23,331 INFO  server.RaftServerConfigKeys (ConfUtils.java:logGet(43)) - raft.server.log.preallocated.size = 16384 (custom)
2019-08-21 07:45:23,342 INFO  server.RaftServerConfigKeys (ConfUtils.java:logGet(43)) - raft.server.log.segment.size.max = 1048576 (custom)
2019-08-21 07:45:23,332 INFO  server.RaftServerConfigKeys (ConfUtils.java:logGet(43)) - raft.server.log.segment.cache.num.max = 2 (custom)
2019-08-21 07:45:23,342 INFO  server.RaftServerConfigKeys (ConfUtils.java:logGet(43)) - raft.server.log.preallocated.size = 16384 (custom)
2019-08-21 07:45:23,342 INFO  server.RaftServerConfigKeys (ConfUtils.java:logGet(43)) - raft.server.log.write.buffer.size = 33554432 (custom)
2019-08-21 07:45:23,342 INFO  server.RaftServerConfigKeys (ConfUtils.java:logGet(43)) - raft.server.log.write.buffer.size = 33554432 (custom)
2019-08-21 07:45:23,342 INFO  segmented.SegmentedRaftLogWorker (SegmentedRaftLogWorker.java:<init>(172)) - new 02fdd9ac-9b8e-435f-9af0-776cbf0977b1-SegmentedRaftLogWorker:Storage Directory /workdir/hadoop-ozone/integration-test/target/test-dir/MiniOzoneClusterImpl-21103cdb-0298-4d99-8525-2fbf5bad4ea2/datanode-4/data/ratis/33244a7d-b6dd-41df-98ba-26758f5694ac for RaftStorage:Storage Directory /workdir/hadoop-ozone/integration-test/target/test-dir/MiniOzoneClusterImpl-21103cdb-0298-4d99-8525-2fbf5bad4ea2/datanode-4/data/ratis/33244a7d-b6dd-41df-98ba-26758f5694ac
2019-08-21 07:45:23,343 INFO  server.RaftServerConfigKeys (ConfUtils.java:logGet(43)) - raft.server.log.force.sync.num = 128 (default)
2019-08-21 07:45:23,342 INFO  server.RaftServerConfigKeys (ConfUtils.java:logGet(43)) - raft.server.log.force.sync.num = 128 (default)
2019-08-21 07:45:23,343 INFO  server.RaftServerConfigKeys (ConfUtils.java:logGet(43)) - raft.server.log.statemachine.data.sync = true (default)
2019-08-21 07:45:23,343 INFO  server.RaftServerConfigKeys (ConfUtils.java:logGet(43)) - raft.server.log.queue.byte-limit = 2147483647 (custom)
2019-08-21 07:45:23,345 INFO  server.RaftServerConfigKeys (ConfUtils.java:logGet(43)) - raft.server.log.statemachine.data.sync.timeout = 10s (default)
2019-08-21 07:45:23,344 INFO  server.RaftServerConfigKeys (ConfUtils.java:logGet(43)) - raft.server.log.statemachine.data.sync = true (default)
2019-08-21 07:45:23,345 INFO  server.RaftServerConfigKeys (ConfUtils.java:logGet(43)) - raft.server.log.statemachine.data.sync.timeout.retry = -1 (default)
2019-08-21 07:45:23,345 INFO  server.RaftServerConfigKeys (ConfUtils.java:logGet(43)) - raft.server.log.queue.element-limit = 1024 (custom)
2019-08-21 07:45:23,345 INFO  server.RaftServerConfigKeys (ConfUtils.java:logGet(43)) - raft.server.log.statemachine.data.sync.timeout = 10s (default)
2019-08-21 07:45:23,345 INFO  server.RaftServerConfigKeys (ConfUtils.java:logGet(43)) - raft.server.log.segment.size.max = 1048576 (custom)
2019-08-21 07:45:23,345 INFO  server.RaftServerConfigKeys (ConfUtils.java:logGet(43)) - raft.server.log.statemachine.data.caching.enabled = true (custom)
2019-08-21 07:45:23,346 INFO  server.RaftServerConfigKeys (ConfUtils.java:logGet(43)) - raft.server.log.preallocated.size = 16384 (custom)
2019-08-21 07:45:23,346 INFO  server.RaftServerConfigKeys (ConfUtils.java:logGet(43)) - raft.server.log.statemachine.data.sync.timeout.retry = -1 (default)
2019-08-21 07:45:23,346 INFO  server.RaftServerConfigKeys (ConfUtils.java:logGet(43)) - raft.server.log.write.buffer.size = 33554432 (custom)
2019-08-21 07:45:23,346 INFO  server.RaftServerConfigKeys (ConfUtils.java:logGet(43)) - raft.server.log.statemachine.data.caching.enabled = true (custom)
2019-08-21 07:45:23,346 INFO  segmented.SegmentedRaftLogWorker (SegmentedRaftLogWorker.java:lambda$new$0(132)) - 642257af-9613-4e6b-91ab-7af7f840dc20-SegmentedRaftLogWorker:Storage Directory /workdir/hadoop-ozone/integration-test/target/test-dir/MiniOzoneClusterImpl-21103cdb-0298-4d99-8525-2fbf5bad4ea2/datanode-0/data/ratis/33244a7d-b6dd-41df-98ba-26758f5694ac: flushIndex: setUnconditionally 0 -> -1
2019-08-21 07:45:23,346 INFO  server.RaftServerConfigKeys (ConfUtils.java:logGet(43)) - raft.server.log.force.sync.num = 128 (default)
2019-08-21 07:45:23,347 INFO  segmented.SegmentedRaftLogWorker (SegmentedRaftLogWorker.java:lambda$new$0(132)) - 77ee72d3-27fc-41fa-81d0-884f4ef5f930-SegmentedRaftLogWorker:Storage Directory /workdir/hadoop-ozone/integration-test/target/test-dir/MiniOzoneClusterImpl-21103cdb-0298-4d99-8525-2fbf5bad4ea2/datanode-5/data/ratis/33244a7d-b6dd-41df-98ba-26758f5694ac: flushIndex: setUnconditionally 0 -> -1
2019-08-21 07:45:23,347 INFO  server.RaftServerConfigKeys (ConfUtils.java:logGet(43)) - raft.server.snapshot.auto.trigger.enabled = true (custom)
2019-08-21 07:45:23,347 INFO  server.RaftServerConfigKeys (ConfUtils.java:logGet(43)) - raft.server.log.statemachine.data.sync = true (default)
2019-08-21 07:45:23,347 INFO  server.RaftServerConfigKeys (ConfUtils.java:logGet(43)) - raft.server.snapshot.auto.trigger.threshold = 10000 (custom)
2019-08-21 07:45:23,347 INFO  server.RaftServerConfigKeys (ConfUtils.java:logGet(43)) - raft.server.snapshot.auto.trigger.enabled = true (custom)
2019-08-21 07:45:23,347 INFO  server.RaftServerConfigKeys (ConfUtils.java:logGet(43)) - raft.server.retrycache.expirytime = 600000ms (custom)
2019-08-21 07:45:23,347 INFO  server.RaftServerConfigKeys (ConfUtils.java:logGet(43)) - raft.server.log.statemachine.data.sync.timeout = 10s (default)
2019-08-21 07:45:23,347 INFO  server.RaftServerConfigKeys (ConfUtils.java:logGet(43)) - raft.server.snapshot.auto.trigger.threshold = 10000 (custom)
2019-08-21 07:45:23,348 INFO  impl.RaftServerImpl (RaftServerImpl.java:start(180)) - 642257af-9613-4e6b-91ab-7af7f840dc20: start group-26758F5694AC
2019-08-21 07:45:23,348 INFO  server.RaftServerConfigKeys (ConfUtils.java:logGet(43)) - raft.server.log.statemachine.data.sync.timeout.retry = -1 (default)
2019-08-21 07:45:23,348 INFO  server.RaftServerConfigKeys (ConfUtils.java:logGet(43)) - raft.server.retrycache.expirytime = 600000ms (custom)
2019-08-21 07:45:23,348 INFO  impl.RaftServerImpl (RaftServerImpl.java:setRole(171)) - 642257af-9613-4e6b-91ab-7af7f840dc20:group-26758F5694AC changes role from null to FOLLOWER at term 0 for startAsFollower
2019-08-21 07:45:23,348 INFO  impl.RaftServerImpl (RaftServerImpl.java:start(180)) - 77ee72d3-27fc-41fa-81d0-884f4ef5f930: start group-26758F5694AC
2019-08-21 07:45:23,348 INFO  server.RaftServerConfigKeys (ConfUtils.java:logGet(43)) - raft.server.log.statemachine.data.caching.enabled = true (custom)
2019-08-21 07:45:23,349 INFO  impl.RaftServerImpl (RaftServerImpl.java:setRole(171)) - 77ee72d3-27fc-41fa-81d0-884f4ef5f930:group-26758F5694AC changes role from null to FOLLOWER at term 0 for startAsFollower
2019-08-21 07:45:23,348 INFO  impl.RoleInfo (RoleInfo.java:updateAndGet(143)) - 642257af-9613-4e6b-91ab-7af7f840dc20: start FollowerState
2019-08-21 07:45:23,349 INFO  impl.RoleInfo (RoleInfo.java:updateAndGet(143)) - 77ee72d3-27fc-41fa-81d0-884f4ef5f930: start FollowerState
2019-08-21 07:45:23,349 INFO  segmented.SegmentedRaftLogWorker (SegmentedRaftLogWorker.java:lambda$new$0(132)) - 02fdd9ac-9b8e-435f-9af0-776cbf0977b1-SegmentedRaftLogWorker:Storage Directory /workdir/hadoop-ozone/integration-test/target/test-dir/MiniOzoneClusterImpl-21103cdb-0298-4d99-8525-2fbf5bad4ea2/datanode-4/data/ratis/33244a7d-b6dd-41df-98ba-26758f5694ac: flushIndex: setUnconditionally 0 -> -1
2019-08-21 07:45:23,349 INFO  rpc.RpcClient (RpcClient.java:createVolume(288)) - Creating Volume: datanodefailurehandlingtest, with jenkins1000 as owner.
2019-08-21 07:45:23,349 INFO  util.JmxRegister (JmxRegister.java:tryRegister(44)) - Successfully registered JMX Bean with object name Ratis:service=RaftServer,group=group-26758F5694AC,id=642257af-9613-4e6b-91ab-7af7f840dc20
2019-08-21 07:45:23,349 INFO  server.RaftServerConfigKeys (ConfUtils.java:logGet(43)) - raft.server.snapshot.auto.trigger.enabled = true (custom)
2019-08-21 07:45:23,350 INFO  util.JmxRegister (JmxRegister.java:tryRegister(44)) - Successfully registered JMX Bean with object name Ratis:service=RaftServer,group=group-26758F5694AC,id=77ee72d3-27fc-41fa-81d0-884f4ef5f930
2019-08-21 07:45:23,350 INFO  server.RaftServerConfigKeys (ConfUtils.java:logGet(43)) - raft.server.snapshot.auto.trigger.threshold = 10000 (custom)
2019-08-21 07:45:23,350 INFO  server.RaftServerConfigKeys (ConfUtils.java:logGet(43)) - raft.server.retrycache.expirytime = 600000ms (custom)
2019-08-21 07:45:23,350 INFO  impl.RaftServerImpl (RaftServerImpl.java:start(180)) - 02fdd9ac-9b8e-435f-9af0-776cbf0977b1: start group-26758F5694AC
2019-08-21 07:45:23,350 INFO  impl.RaftServerImpl (RaftServerImpl.java:setRole(171)) - 02fdd9ac-9b8e-435f-9af0-776cbf0977b1:group-26758F5694AC changes role from null to FOLLOWER at term 0 for startAsFollower
2019-08-21 07:45:23,350 INFO  impl.RoleInfo (RoleInfo.java:updateAndGet(143)) - 02fdd9ac-9b8e-435f-9af0-776cbf0977b1: start FollowerState
2019-08-21 07:45:23,352 INFO  util.JmxRegister (JmxRegister.java:tryRegister(44)) - Successfully registered JMX Bean with object name Ratis:service=RaftServer,group=group-26758F5694AC,id=02fdd9ac-9b8e-435f-9af0-776cbf0977b1
2019-08-21 07:45:23,373 INFO  pipeline.PipelineStateManager (PipelineStateManager.java:addPipeline(56)) - Created pipeline Pipeline[ Id: 33244a7d-b6dd-41df-98ba-26758f5694ac, Nodes: 77ee72d3-27fc-41fa-81d0-884f4ef5f930{ip: 192.168.5.147, host: pr-hdds-1935-7zzrp-4268841518, networkLocation: /default-rack, certSerialId: null}02fdd9ac-9b8e-435f-9af0-776cbf0977b1{ip: 192.168.5.147, host: pr-hdds-1935-7zzrp-4268841518, networkLocation: /default-rack, certSerialId: null}642257af-9613-4e6b-91ab-7af7f840dc20{ip: 192.168.5.147, host: pr-hdds-1935-7zzrp-4268841518, networkLocation: /default-rack, certSerialId: null}, Type:RATIS, Factor:THREE, State:OPEN]
2019-08-21 07:45:23,398 INFO  impl.RaftServerProxy (RaftServerProxy.java:addNew(89)) - 326330d3-abae-4e18-920c-9856df15a682: addNew group-34FEA2764325:[aa56a20f-82b3-410f-97c8-395f4663f16a:192.168.5.147:32982, 5fec7d9c-d2d9-4eac-a798-0c765a6cd15b:192.168.5.147:33210, 326330d3-abae-4e18-920c-9856df15a682:192.168.5.147:37766] returns group-34FEA2764325:java.util.concurrent.CompletableFuture@7e61fe44[Not completed]
2019-08-21 07:45:23,398 INFO  impl.RaftServerProxy (RaftServerProxy.java:addNew(89)) - 5fec7d9c-d2d9-4eac-a798-0c765a6cd15b: addNew group-34FEA2764325:[aa56a20f-82b3-410f-97c8-395f4663f16a:192.168.5.147:32982, 5fec7d9c-d2d9-4eac-a798-0c765a6cd15b:192.168.5.147:33210, 326330d3-abae-4e18-920c-9856df15a682:192.168.5.147:37766] returns group-34FEA2764325:java.util.concurrent.CompletableFuture@3a5ab19a[Not completed]
2019-08-21 07:45:23,400 INFO  impl.RaftServerProxy (RaftServerProxy.java:addNew(89)) - aa56a20f-82b3-410f-97c8-395f4663f16a: addNew group-34FEA2764325:[aa56a20f-82b3-410f-97c8-395f4663f16a:192.168.5.147:32982, 5fec7d9c-d2d9-4eac-a798-0c765a6cd15b:192.168.5.147:33210, 326330d3-abae-4e18-920c-9856df15a682:192.168.5.147:37766] returns group-34FEA2764325:java.util.concurrent.CompletableFuture@1ae9b959[Not completed]
2019-08-21 07:45:23,402 INFO  impl.RaftServerImpl (RaftServerImpl.java:<init>(93)) - 326330d3-abae-4e18-920c-9856df15a682: new RaftServerImpl for group-34FEA2764325:[aa56a20f-82b3-410f-97c8-395f4663f16a:192.168.5.147:32982, 5fec7d9c-d2d9-4eac-a798-0c765a6cd15b:192.168.5.147:33210, 326330d3-abae-4e18-920c-9856df15a682:192.168.5.147:37766] with ContainerStateMachine:uninitialized
2019-08-21 07:45:23,402 INFO  server.RaftServerConfigKeys (ConfUtils.java:logGet(43)) - raft.server.rpc.timeout.min = 5s (custom)
2019-08-21 07:45:23,402 INFO  server.RaftServerConfigKeys (ConfUtils.java:logGet(43)) - raft.server.rpc.timeout.max = 5200ms (custom)
2019-08-21 07:45:23,402 INFO  server.RaftServerConfigKeys (ConfUtils.java:logGet(43)) - raft.server.rpcslowness.timeout = 120s (custom)
2019-08-21 07:45:23,402 INFO  server.RaftServerConfigKeys (ConfUtils.java:logGet(43)) - raft.server.sleep.deviation.threshold = 300 (default)
2019-08-21 07:45:23,402 INFO  impl.RaftServerImpl (RaftServerImpl.java:<init>(93)) - 5fec7d9c-d2d9-4eac-a798-0c765a6cd15b: new RaftServerImpl for group-34FEA2764325:[aa56a20f-82b3-410f-97c8-395f4663f16a:192.168.5.147:32982, 5fec7d9c-d2d9-4eac-a798-0c765a6cd15b:192.168.5.147:33210, 326330d3-abae-4e18-920c-9856df15a682:192.168.5.147:37766] with ContainerStateMachine:uninitialized
2019-08-21 07:45:23,403 INFO  server.RaftServerConfigKeys (ConfUtils.java:logGet(43)) - raft.server.log.appender.install.snapshot.enabled = false (custom)
2019-08-21 07:45:23,403 INFO  server.RaftServerConfigKeys (ConfUtils.java:logGet(43)) - raft.server.rpc.timeout.min = 5s (custom)
2019-08-21 07:45:23,403 INFO  impl.RaftServerImpl (ServerState.java:<init>(105)) - 326330d3-abae-4e18-920c-9856df15a682:group-34FEA2764325 ConfigurationManager, init=-1: [aa56a20f-82b3-410f-97c8-395f4663f16a:192.168.5.147:32982, 5fec7d9c-d2d9-4eac-a798-0c765a6cd15b:192.168.5.147:33210, 326330d3-abae-4e18-920c-9856df15a682:192.168.5.147:37766], old=null, confs=<EMPTY_MAP>
2019-08-21 07:45:23,403 INFO  server.RaftServerConfigKeys (ConfUtils.java:logGet(43)) - raft.server.rpc.timeout.max = 5200ms (custom)
2019-08-21 07:45:23,403 INFO  server.RaftServerConfigKeys (ConfUtils.java:logGet(43)) - raft.server.storage.dir = [/workdir/hadoop-ozone/integration-test/target/test-dir/MiniOzoneClusterImpl-21103cdb-0298-4d99-8525-2fbf5bad4ea2/datanode-2/data/ratis] (custom)
2019-08-21 07:45:23,403 INFO  impl.RaftServerImpl (RaftServerImpl.java:<init>(93)) - aa56a20f-82b3-410f-97c8-395f4663f16a: new RaftServerImpl for group-34FEA2764325:[aa56a20f-82b3-410f-97c8-395f4663f16a:192.168.5.147:32982, 5fec7d9c-d2d9-4eac-a798-0c765a6cd15b:192.168.5.147:33210, 326330d3-abae-4e18-920c-9856df15a682:192.168.5.147:37766] with ContainerStateMachine:uninitialized
2019-08-21 07:45:23,403 INFO  server.RaftServerConfigKeys (ConfUtils.java:logGet(43)) - raft.server.rpcslowness.timeout = 120s (custom)
2019-08-21 07:45:23,404 INFO  server.RaftServerConfigKeys (ConfUtils.java:logGet(43)) - raft.server.rpc.timeout.min = 5s (custom)
2019-08-21 07:45:23,404 INFO  storage.RaftStorageDirectory (RaftStorageDirectory.java:analyzeStorage(246)) - The storage directory /workdir/hadoop-ozone/integration-test/target/test-dir/MiniOzoneClusterImpl-21103cdb-0298-4d99-8525-2fbf5bad4ea2/datanode-2/data/ratis/4566f340-dae5-4e0e-9fd9-34fea2764325 does not exist. Creating ...
2019-08-21 07:45:23,404 INFO  server.RaftServerConfigKeys (ConfUtils.java:logGet(43)) - raft.server.rpc.timeout.max = 5200ms (custom)
2019-08-21 07:45:23,404 INFO  server.RaftServerConfigKeys (ConfUtils.java:logGet(43)) - raft.server.sleep.deviation.threshold = 300 (default)
2019-08-21 07:45:23,404 INFO  server.RaftServerConfigKeys (ConfUtils.java:logGet(43)) - raft.server.rpcslowness.timeout = 120s (custom)
2019-08-21 07:45:23,404 INFO  server.RaftServerConfigKeys (ConfUtils.java:logGet(43)) - raft.server.log.appender.install.snapshot.enabled = false (custom)
2019-08-21 07:45:23,404 INFO  server.RaftServerConfigKeys (ConfUtils.java:logGet(43)) - raft.server.sleep.deviation.threshold = 300 (default)
2019-08-21 07:45:23,404 INFO  impl.RaftServerImpl (ServerState.java:<init>(105)) - 5fec7d9c-d2d9-4eac-a798-0c765a6cd15b:group-34FEA2764325 ConfigurationManager, init=-1: [aa56a20f-82b3-410f-97c8-395f4663f16a:192.168.5.147:32982, 5fec7d9c-d2d9-4eac-a798-0c765a6cd15b:192.168.5.147:33210, 326330d3-abae-4e18-920c-9856df15a682:192.168.5.147:37766], old=null, confs=<EMPTY_MAP>
2019-08-21 07:45:23,405 INFO  server.RaftServerConfigKeys (ConfUtils.java:logGet(43)) - raft.server.log.appender.install.snapshot.enabled = false (custom)
2019-08-21 07:45:23,405 INFO  server.RaftServerConfigKeys (ConfUtils.java:logGet(43)) - raft.server.storage.dir = [/workdir/hadoop-ozone/integration-test/target/test-dir/MiniOzoneClusterImpl-21103cdb-0298-4d99-8525-2fbf5bad4ea2/datanode-3/data/ratis] (custom)
2019-08-21 07:45:23,405 INFO  impl.RaftServerImpl (ServerState.java:<init>(105)) - aa56a20f-82b3-410f-97c8-395f4663f16a:group-34FEA2764325 ConfigurationManager, init=-1: [aa56a20f-82b3-410f-97c8-395f4663f16a:192.168.5.147:32982, 5fec7d9c-d2d9-4eac-a798-0c765a6cd15b:192.168.5.147:33210, 326330d3-abae-4e18-920c-9856df15a682:192.168.5.147:37766], old=null, confs=<EMPTY_MAP>
2019-08-21 07:45:23,405 INFO  server.RaftServerConfigKeys (ConfUtils.java:logGet(43)) - raft.server.storage.dir = [/workdir/hadoop-ozone/integration-test/target/test-dir/MiniOzoneClusterImpl-21103cdb-0298-4d99-8525-2fbf5bad4ea2/datanode-1/data/ratis] (custom)
2019-08-21 07:45:23,405 INFO  storage.RaftStorageDirectory (RaftStorageDirectory.java:analyzeStorage(246)) - The storage directory /workdir/hadoop-ozone/integration-test/target/test-dir/MiniOzoneClusterImpl-21103cdb-0298-4d99-8525-2fbf5bad4ea2/datanode-3/data/ratis/4566f340-dae5-4e0e-9fd9-34fea2764325 does not exist. Creating ...
2019-08-21 07:45:23,405 INFO  storage.RaftStorageDirectory (RaftStorageDirectory.java:analyzeStorage(246)) - The storage directory /workdir/hadoop-ozone/integration-test/target/test-dir/MiniOzoneClusterImpl-21103cdb-0298-4d99-8525-2fbf5bad4ea2/datanode-1/data/ratis/4566f340-dae5-4e0e-9fd9-34fea2764325 does not exist. Creating ...
2019-08-21 07:45:23,416 INFO  storage.RaftStorageDirectory (RaftStorageDirectory.java:tryLock(328)) - Lock on /workdir/hadoop-ozone/integration-test/target/test-dir/MiniOzoneClusterImpl-21103cdb-0298-4d99-8525-2fbf5bad4ea2/datanode-3/data/ratis/4566f340-dae5-4e0e-9fd9-34fea2764325/in_use.lock acquired by nodename 340@pr-hdds-1935-7zzrp-4268841518
2019-08-21 07:45:23,416 INFO  storage.RaftStorageDirectory (RaftStorageDirectory.java:tryLock(328)) - Lock on /workdir/hadoop-ozone/integration-test/target/test-dir/MiniOzoneClusterImpl-21103cdb-0298-4d99-8525-2fbf5bad4ea2/datanode-1/data/ratis/4566f340-dae5-4e0e-9fd9-34fea2764325/in_use.lock acquired by nodename 340@pr-hdds-1935-7zzrp-4268841518
2019-08-21 07:45:23,416 INFO  storage.RaftStorageDirectory (RaftStorageDirectory.java:tryLock(328)) - Lock on /workdir/hadoop-ozone/integration-test/target/test-dir/MiniOzoneClusterImpl-21103cdb-0298-4d99-8525-2fbf5bad4ea2/datanode-2/data/ratis/4566f340-dae5-4e0e-9fd9-34fea2764325/in_use.lock acquired by nodename 340@pr-hdds-1935-7zzrp-4268841518
2019-08-21 07:45:23,419 INFO  rpc.RpcClient (RpcClient.java:createBucket(425)) - Creating Bucket: datanodefailurehandlingtest/datanodefailurehandlingtest, with Versioning false and Storage Type set to DISK and Encryption set to false 
2019-08-21 07:45:23,430 INFO  storage.RaftStorage (RaftStorage.java:format(72)) - Storage directory /workdir/hadoop-ozone/integration-test/target/test-dir/MiniOzoneClusterImpl-21103cdb-0298-4d99-8525-2fbf5bad4ea2/datanode-1/data/ratis/4566f340-dae5-4e0e-9fd9-34fea2764325 has been successfully formatted.
2019-08-21 07:45:23,430 INFO  storage.RaftStorage (RaftStorage.java:format(72)) - Storage directory /workdir/hadoop-ozone/integration-test/target/test-dir/MiniOzoneClusterImpl-21103cdb-0298-4d99-8525-2fbf5bad4ea2/datanode-3/data/ratis/4566f340-dae5-4e0e-9fd9-34fea2764325 has been successfully formatted.
2019-08-21 07:45:23,430 INFO  ratis.ContainerStateMachine (ContainerStateMachine.java:loadSnapshot(222)) - group-34FEA2764325: The snapshot info is null. Setting the last applied indexto:(t:0, i:~)
2019-08-21 07:45:23,430 INFO  storage.RaftStorage (RaftStorage.java:format(72)) - Storage directory /workdir/hadoop-ozone/integration-test/target/test-dir/MiniOzoneClusterImpl-21103cdb-0298-4d99-8525-2fbf5bad4ea2/datanode-2/data/ratis/4566f340-dae5-4e0e-9fd9-34fea2764325 has been successfully formatted.
2019-08-21 07:45:23,430 INFO  ratis.ContainerStateMachine (ContainerStateMachine.java:loadSnapshot(222)) - group-34FEA2764325: The snapshot info is null. Setting the last applied indexto:(t:0, i:~)
2019-08-21 07:45:23,430 INFO  server.RaftServerConfigKeys (ConfUtils.java:logGet(43)) - raft.server.leader.election.timeout = 120s (custom)
2019-08-21 07:45:23,430 INFO  server.RaftServerConfigKeys (ConfUtils.java:logGet(43)) - raft.server.leader.election.timeout = 120s (custom)
2019-08-21 07:45:23,430 INFO  ratis.ContainerStateMachine (ContainerStateMachine.java:loadSnapshot(222)) - group-34FEA2764325: The snapshot info is null. Setting the last applied indexto:(t:0, i:~)
2019-08-21 07:45:23,431 INFO  server.RaftServerConfigKeys (ConfUtils.java:logGet(43)) - raft.server.log.use.memory = false (default)
2019-08-21 07:45:23,430 INFO  server.RaftServerConfigKeys (ConfUtils.java:logGet(43)) - raft.server.log.use.memory = false (default)
2019-08-21 07:45:23,431 INFO  server.RaftServerConfigKeys (ConfUtils.java:logGet(43)) - raft.server.log.purge.gap = 1000000000 (custom)
2019-08-21 07:45:23,431 INFO  server.RaftServerConfigKeys (ConfUtils.java:logGet(43)) - raft.server.leader.election.timeout = 120s (custom)
2019-08-21 07:45:23,431 INFO  server.RaftServerConfigKeys (ConfUtils.java:logGet(43)) - raft.server.log.appender.buffer.byte-limit = 33554432 (custom)
2019-08-21 07:45:23,431 INFO  server.RaftServerConfigKeys (ConfUtils.java:logGet(43)) - raft.server.log.purge.gap = 1000000000 (custom)
2019-08-21 07:45:23,432 INFO  server.RaftServerConfigKeys (ConfUtils.java:logGet(43)) - raft.server.log.segment.size.max = 1048576 (custom)
2019-08-21 07:45:23,431 INFO  server.RaftServerConfigKeys (ConfUtils.java:logGet(43)) - raft.server.log.use.memory = false (default)
2019-08-21 07:45:23,432 INFO  server.RaftServerConfigKeys (ConfUtils.java:logGet(43)) - raft.server.log.segment.cache.num.max = 2 (custom)
2019-08-21 07:45:23,432 INFO  server.RaftServerConfigKeys (ConfUtils.java:logGet(43)) - raft.server.log.appender.buffer.byte-limit = 33554432 (custom)
2019-08-21 07:45:23,432 INFO  segmented.SegmentedRaftLogWorker (SegmentedRaftLogWorker.java:<init>(172)) - new 5fec7d9c-d2d9-4eac-a798-0c765a6cd15b-SegmentedRaftLogWorker:Storage Directory /workdir/hadoop-ozone/integration-test/target/test-dir/MiniOzoneClusterImpl-21103cdb-0298-4d99-8525-2fbf5bad4ea2/datanode-3/data/ratis/4566f340-dae5-4e0e-9fd9-34fea2764325 for RaftStorage:Storage Directory /workdir/hadoop-ozone/integration-test/target/test-dir/MiniOzoneClusterImpl-21103cdb-0298-4d99-8525-2fbf5bad4ea2/datanode-3/data/ratis/4566f340-dae5-4e0e-9fd9-34fea2764325
2019-08-21 07:45:23,432 INFO  server.RaftServerConfigKeys (ConfUtils.java:logGet(43)) - raft.server.log.purge.gap = 1000000000 (custom)
2019-08-21 07:45:23,432 INFO  server.RaftServerConfigKeys (ConfUtils.java:logGet(43)) - raft.server.log.queue.byte-limit = 2147483647 (custom)
2019-08-21 07:45:23,432 INFO  server.RaftServerConfigKeys (ConfUtils.java:logGet(43)) - raft.server.log.segment.size.max = 1048576 (custom)
2019-08-21 07:45:23,434 INFO  server.RaftServerConfigKeys (ConfUtils.java:logGet(43)) - raft.server.log.queue.element-limit = 1024 (custom)
2019-08-21 07:45:23,434 INFO  server.RaftServerConfigKeys (ConfUtils.java:logGet(43)) - raft.server.log.appender.buffer.byte-limit = 33554432 (custom)
2019-08-21 07:45:23,434 INFO  server.RaftServerConfigKeys (ConfUtils.java:logGet(43)) - raft.server.log.segment.size.max = 1048576 (custom)
2019-08-21 07:45:23,434 INFO  server.RaftServerConfigKeys (ConfUtils.java:logGet(43)) - raft.server.log.segment.cache.num.max = 2 (custom)
2019-08-21 07:45:23,435 INFO  server.RaftServerConfigKeys (ConfUtils.java:logGet(43)) - raft.server.log.preallocated.size = 16384 (custom)
2019-08-21 07:45:23,434 INFO  server.RaftServerConfigKeys (ConfUtils.java:logGet(43)) - raft.server.log.segment.size.max = 1048576 (custom)
2019-08-21 07:45:23,435 INFO  server.RaftServerConfigKeys (ConfUtils.java:logGet(43)) - raft.server.log.write.buffer.size = 33554432 (custom)
2019-08-21 07:45:23,435 INFO  segmented.SegmentedRaftLogWorker (SegmentedRaftLogWorker.java:<init>(172)) - new aa56a20f-82b3-410f-97c8-395f4663f16a-SegmentedRaftLogWorker:Storage Directory /workdir/hadoop-ozone/integration-test/target/test-dir/MiniOzoneClusterImpl-21103cdb-0298-4d99-8525-2fbf5bad4ea2/datanode-1/data/ratis/4566f340-dae5-4e0e-9fd9-34fea2764325 for RaftStorage:Storage Directory /workdir/hadoop-ozone/integration-test/target/test-dir/MiniOzoneClusterImpl-21103cdb-0298-4d99-8525-2fbf5bad4ea2/datanode-1/data/ratis/4566f340-dae5-4e0e-9fd9-34fea2764325
2019-08-21 07:45:23,435 INFO  server.RaftServerConfigKeys (ConfUtils.java:logGet(43)) - raft.server.log.force.sync.num = 128 (default)
2019-08-21 07:45:23,435 INFO  server.RaftServerConfigKeys (ConfUtils.java:logGet(43)) - raft.server.log.segment.cache.num.max = 2 (custom)
2019-08-21 07:45:23,436 INFO  server.RaftServerConfigKeys (ConfUtils.java:logGet(43)) - raft.server.log.statemachine.data.sync = true (default)
2019-08-21 07:45:23,435 INFO  server.RaftServerConfigKeys (ConfUtils.java:logGet(43)) - raft.server.log.queue.byte-limit = 2147483647 (custom)
2019-08-21 07:45:23,437 INFO  server.RaftServerConfigKeys (ConfUtils.java:logGet(43)) - raft.server.log.statemachine.data.sync.timeout = 10s (default)
2019-08-21 07:45:23,437 INFO  segmented.SegmentedRaftLogWorker (SegmentedRaftLogWorker.java:<init>(172)) - new 326330d3-abae-4e18-920c-9856df15a682-SegmentedRaftLogWorker:Storage Directory /workdir/hadoop-ozone/integration-test/target/test-dir/MiniOzoneClusterImpl-21103cdb-0298-4d99-8525-2fbf5bad4ea2/datanode-2/data/ratis/4566f340-dae5-4e0e-9fd9-34fea2764325 for RaftStorage:Storage Directory /workdir/hadoop-ozone/integration-test/target/test-dir/MiniOzoneClusterImpl-21103cdb-0298-4d99-8525-2fbf5bad4ea2/datanode-2/data/ratis/4566f340-dae5-4e0e-9fd9-34fea2764325
2019-08-21 07:45:23,438 INFO  server.RaftServerConfigKeys (ConfUtils.java:logGet(43)) - raft.server.log.statemachine.data.sync.timeout.retry = -1 (default)
2019-08-21 07:45:23,437 INFO  server.RaftServerConfigKeys (ConfUtils.java:logGet(43)) - raft.server.log.queue.element-limit = 1024 (custom)
2019-08-21 07:45:23,438 INFO  server.RaftServerConfigKeys (ConfUtils.java:logGet(43)) - raft.server.log.queue.byte-limit = 2147483647 (custom)
2019-08-21 07:45:23,439 INFO  server.RaftServerConfigKeys (ConfUtils.java:logGet(43)) - raft.server.log.segment.size.max = 1048576 (custom)
2019-08-21 07:45:23,439 INFO  server.RaftServerConfigKeys (ConfUtils.java:logGet(43)) - raft.server.log.statemachine.data.caching.enabled = true (custom)
2019-08-21 07:45:23,440 INFO  server.RaftServerConfigKeys (ConfUtils.java:logGet(43)) - raft.server.log.preallocated.size = 16384 (custom)
2019-08-21 07:45:23,439 INFO  server.RaftServerConfigKeys (ConfUtils.java:logGet(43)) - raft.server.log.queue.element-limit = 1024 (custom)
2019-08-21 07:45:23,440 INFO  segmented.SegmentedRaftLogWorker (SegmentedRaftLogWorker.java:lambda$new$0(132)) - 5fec7d9c-d2d9-4eac-a798-0c765a6cd15b-SegmentedRaftLogWorker:Storage Directory /workdir/hadoop-ozone/integration-test/target/test-dir/MiniOzoneClusterImpl-21103cdb-0298-4d99-8525-2fbf5bad4ea2/datanode-3/data/ratis/4566f340-dae5-4e0e-9fd9-34fea2764325: flushIndex: setUnconditionally 0 -> -1
2019-08-21 07:45:23,440 INFO  server.RaftServerConfigKeys (ConfUtils.java:logGet(43)) - raft.server.log.write.buffer.size = 33554432 (custom)
2019-08-21 07:45:23,441 INFO  server.RaftServerConfigKeys (ConfUtils.java:logGet(43)) - raft.server.log.segment.size.max = 1048576 (custom)
2019-08-21 07:45:23,441 INFO  server.RaftServerConfigKeys (ConfUtils.java:logGet(43)) - raft.server.log.force.sync.num = 128 (default)
2019-08-21 07:45:23,442 INFO  server.RaftServerConfigKeys (ConfUtils.java:logGet(43)) - raft.server.log.preallocated.size = 16384 (custom)
2019-08-21 07:45:23,442 INFO  server.RaftServerConfigKeys (ConfUtils.java:logGet(43)) - raft.server.snapshot.auto.trigger.enabled = true (custom)
2019-08-21 07:45:23,442 INFO  server.RaftServerConfigKeys (ConfUtils.java:logGet(43)) - raft.server.log.write.buffer.size = 33554432 (custom)
2019-08-21 07:45:23,442 INFO  server.RaftServerConfigKeys (ConfUtils.java:logGet(43)) - raft.server.log.statemachine.data.sync = true (default)
2019-08-21 07:45:23,442 INFO  server.RaftServerConfigKeys (ConfUtils.java:logGet(43)) - raft.server.log.force.sync.num = 128 (default)
2019-08-21 07:45:23,442 INFO  server.RaftServerConfigKeys (ConfUtils.java:logGet(43)) - raft.server.snapshot.auto.trigger.threshold = 10000 (custom)
2019-08-21 07:45:23,442 INFO  server.RaftServerConfigKeys (ConfUtils.java:logGet(43)) - raft.server.log.statemachine.data.sync = true (default)
2019-08-21 07:45:23,442 INFO  server.RaftServerConfigKeys (ConfUtils.java:logGet(43)) - raft.server.log.statemachine.data.sync.timeout = 10s (default)
2019-08-21 07:45:23,443 INFO  server.RaftServerConfigKeys (ConfUtils.java:logGet(43)) - raft.server.log.statemachine.data.sync.timeout = 10s (default)
2019-08-21 07:45:23,443 INFO  server.RaftServerConfigKeys (ConfUtils.java:logGet(43)) - raft.server.retrycache.expirytime = 600000ms (custom)
2019-08-21 07:45:23,443 INFO  server.RaftServerConfigKeys (ConfUtils.java:logGet(43)) - raft.server.log.statemachine.data.sync.timeout.retry = -1 (default)
2019-08-21 07:45:23,443 INFO  impl.RaftServerImpl (RaftServerImpl.java:start(180)) - 5fec7d9c-d2d9-4eac-a798-0c765a6cd15b: start group-34FEA2764325
2019-08-21 07:45:23,443 INFO  server.RaftServerConfigKeys (ConfUtils.java:logGet(43)) - raft.server.log.statemachine.data.sync.timeout.retry = -1 (default)
2019-08-21 07:45:23,444 INFO  impl.RaftServerImpl (RaftServerImpl.java:setRole(171)) - 5fec7d9c-d2d9-4eac-a798-0c765a6cd15b:group-34FEA2764325 changes role from null to FOLLOWER at term 0 for startAsFollower
2019-08-21 07:45:23,444 INFO  server.RaftServerConfigKeys (ConfUtils.java:logGet(43)) - raft.server.log.statemachine.data.caching.enabled = true (custom)
2019-08-21 07:45:23,444 INFO  impl.RoleInfo (RoleInfo.java:updateAndGet(143)) - 5fec7d9c-d2d9-4eac-a798-0c765a6cd15b: start FollowerState
2019-08-21 07:45:23,444 INFO  server.RaftServerConfigKeys (ConfUtils.java:logGet(43)) - raft.server.log.statemachine.data.caching.enabled = true (custom)
2019-08-21 07:45:23,444 INFO  segmented.SegmentedRaftLogWorker (SegmentedRaftLogWorker.java:lambda$new$0(132)) - 326330d3-abae-4e18-920c-9856df15a682-SegmentedRaftLogWorker:Storage Directory /workdir/hadoop-ozone/integration-test/target/test-dir/MiniOzoneClusterImpl-21103cdb-0298-4d99-8525-2fbf5bad4ea2/datanode-2/data/ratis/4566f340-dae5-4e0e-9fd9-34fea2764325: flushIndex: setUnconditionally 0 -> -1
2019-08-21 07:45:23,447 INFO  util.JmxRegister (JmxRegister.java:tryRegister(44)) - Successfully registered JMX Bean with object name Ratis:service=RaftServer,group=group-34FEA2764325,id=5fec7d9c-d2d9-4eac-a798-0c765a6cd15b
2019-08-21 07:45:23,447 INFO  segmented.SegmentedRaftLogWorker (SegmentedRaftLogWorker.java:lambda$new$0(132)) - aa56a20f-82b3-410f-97c8-395f4663f16a-SegmentedRaftLogWorker:Storage Directory /workdir/hadoop-ozone/integration-test/target/test-dir/MiniOzoneClusterImpl-21103cdb-0298-4d99-8525-2fbf5bad4ea2/datanode-1/data/ratis/4566f340-dae5-4e0e-9fd9-34fea2764325: flushIndex: setUnconditionally 0 -> -1
2019-08-21 07:45:23,447 INFO  server.RaftServerConfigKeys (ConfUtils.java:logGet(43)) - raft.server.snapshot.auto.trigger.enabled = true (custom)
2019-08-21 07:45:23,447 INFO  server.RaftServerConfigKeys (ConfUtils.java:logGet(43)) - raft.server.snapshot.auto.trigger.threshold = 10000 (custom)
2019-08-21 07:45:23,447 INFO  server.RaftServerConfigKeys (ConfUtils.java:logGet(43)) - raft.server.snapshot.auto.trigger.enabled = true (custom)
2019-08-21 07:45:23,447 INFO  server.RaftServerConfigKeys (ConfUtils.java:logGet(43)) - raft.server.snapshot.auto.trigger.threshold = 10000 (custom)
2019-08-21 07:45:23,447 INFO  server.RaftServerConfigKeys (ConfUtils.java:logGet(43)) - raft.server.retrycache.expirytime = 600000ms (custom)
2019-08-21 07:45:23,448 INFO  server.RaftServerConfigKeys (ConfUtils.java:logGet(43)) - raft.server.retrycache.expirytime = 600000ms (custom)
2019-08-21 07:45:23,448 INFO  impl.RaftServerImpl (RaftServerImpl.java:start(180)) - 326330d3-abae-4e18-920c-9856df15a682: start group-34FEA2764325
2019-08-21 07:45:23,448 INFO  impl.RaftServerImpl (RaftServerImpl.java:start(180)) - aa56a20f-82b3-410f-97c8-395f4663f16a: start group-34FEA2764325
2019-08-21 07:45:23,448 INFO  impl.RaftServerImpl (RaftServerImpl.java:setRole(171)) - 326330d3-abae-4e18-920c-9856df15a682:group-34FEA2764325 changes role from null to FOLLOWER at term 0 for startAsFollower
2019-08-21 07:45:23,448 INFO  impl.RaftServerImpl (RaftServerImpl.java:setRole(171)) - aa56a20f-82b3-410f-97c8-395f4663f16a:group-34FEA2764325 changes role from null to FOLLOWER at term 0 for startAsFollower
2019-08-21 07:45:23,448 INFO  impl.RoleInfo (RoleInfo.java:updateAndGet(143)) - 326330d3-abae-4e18-920c-9856df15a682: start FollowerState
2019-08-21 07:45:23,448 INFO  impl.RoleInfo (RoleInfo.java:updateAndGet(143)) - aa56a20f-82b3-410f-97c8-395f4663f16a: start FollowerState
2019-08-21 07:45:23,450 INFO  util.JmxRegister (JmxRegister.java:tryRegister(44)) - Successfully registered JMX Bean with object name Ratis:service=RaftServer,group=group-34FEA2764325,id=326330d3-abae-4e18-920c-9856df15a682
2019-08-21 07:45:23,450 INFO  util.JmxRegister (JmxRegister.java:tryRegister(44)) - Successfully registered JMX Bean with object name Ratis:service=RaftServer,group=group-34FEA2764325,id=aa56a20f-82b3-410f-97c8-395f4663f16a
2019-08-21 07:45:23,471 INFO  pipeline.PipelineStateManager (PipelineStateManager.java:addPipeline(56)) - Created pipeline Pipeline[ Id: 4566f340-dae5-4e0e-9fd9-34fea2764325, Nodes: aa56a20f-82b3-410f-97c8-395f4663f16a{ip: 192.168.5.147, host: pr-hdds-1935-7zzrp-4268841518, networkLocation: /default-rack, certSerialId: null}326330d3-abae-4e18-920c-9856df15a682{ip: 192.168.5.147, host: pr-hdds-1935-7zzrp-4268841518, networkLocation: /default-rack, certSerialId: null}5fec7d9c-d2d9-4eac-a798-0c765a6cd15b{ip: 192.168.5.147, host: pr-hdds-1935-7zzrp-4268841518, networkLocation: /default-rack, certSerialId: null}, Type:RATIS, Factor:THREE, State:OPEN]
2019-08-21 07:45:23,682 INFO  impl.MetricsSystemImpl (MetricsSystemImpl.java:init(158)) - XceiverClientMetrics metrics system started (again)
2019-08-21 07:45:23,898 INFO  client.GrpcClientProtocolClient (GrpcClientProtocolClient.java:onNext(255)) - client-20D8BA493898->aa56a20f-82b3-410f-97c8-395f4663f16a: receive RaftClientReply:client-20D8BA493898->aa56a20f-82b3-410f-97c8-395f4663f16a@group-34FEA2764325, cid=12, FAILED org.apache.ratis.protocol.NotLeaderException: Server aa56a20f-82b3-410f-97c8-395f4663f16a is not the leader (null). Request must be sent to leader., logIndex=0, commits[aa56a20f-82b3-410f-97c8-395f4663f16a:c-1]
2019-08-21 07:45:24,639 INFO  container.ReplicationManager (ReplicationManager.java:start(164)) - Starting Replication Monitor Thread.
2019-08-21 07:45:24,644 INFO  container.ReplicationManager (ReplicationManager.java:run(216)) - Replication Monitor Thread took 4 milliseconds for processing 1 containers.
2019-08-21 07:45:24,983 INFO  client.GrpcClientProtocolClient (GrpcClientProtocolClient.java:onNext(255)) - client-20D8BA493898->5fec7d9c-d2d9-4eac-a798-0c765a6cd15b: receive RaftClientReply:client-20D8BA493898->5fec7d9c-d2d9-4eac-a798-0c765a6cd15b@group-34FEA2764325, cid=12, FAILED org.apache.ratis.protocol.NotLeaderException: Server 5fec7d9c-d2d9-4eac-a798-0c765a6cd15b is not the leader (null). Request must be sent to leader., logIndex=0, commits[5fec7d9c-d2d9-4eac-a798-0c765a6cd15b:c-1]
2019-08-21 07:45:26,018 INFO  client.GrpcClientProtocolClient (GrpcClientProtocolClient.java:onNext(255)) - client-20D8BA493898->326330d3-abae-4e18-920c-9856df15a682: receive RaftClientReply:client-20D8BA493898->326330d3-abae-4e18-920c-9856df15a682@group-34FEA2764325, cid=12, FAILED org.apache.ratis.protocol.NotLeaderException: Server 326330d3-abae-4e18-920c-9856df15a682 is not the leader (null). Request must be sent to leader., logIndex=0, commits[326330d3-abae-4e18-920c-9856df15a682:c-1]
2019-08-21 07:45:27,057 INFO  client.GrpcClientProtocolClient (GrpcClientProtocolClient.java:onNext(255)) - client-20D8BA493898->aa56a20f-82b3-410f-97c8-395f4663f16a: receive RaftClientReply:client-20D8BA493898->aa56a20f-82b3-410f-97c8-395f4663f16a@group-34FEA2764325, cid=12, FAILED org.apache.ratis.protocol.NotLeaderException: Server aa56a20f-82b3-410f-97c8-395f4663f16a is not the leader (null). Request must be sent to leader., logIndex=0, commits[aa56a20f-82b3-410f-97c8-395f4663f16a:c-1]
2019-08-21 07:45:27,733 INFO  impl.FollowerState (FollowerState.java:run(106)) - 642257af-9613-4e6b-91ab-7af7f840dc20:group-82214B1F2174 changes to CANDIDATE, lastRpcTime:5070, electionTimeout:5069ms
2019-08-21 07:45:27,733 INFO  impl.RoleInfo (RoleInfo.java:shutdownFollowerState(121)) - 642257af-9613-4e6b-91ab-7af7f840dc20: shutdown FollowerState
2019-08-21 07:45:27,734 INFO  impl.RaftServerImpl (RaftServerImpl.java:setRole(171)) - 642257af-9613-4e6b-91ab-7af7f840dc20:group-82214B1F2174 changes role from FOLLOWER to CANDIDATE at term 0 for changeToCandidate
2019-08-21 07:45:27,741 INFO  impl.RoleInfo (RoleInfo.java:updateAndGet(143)) - 642257af-9613-4e6b-91ab-7af7f840dc20: start LeaderElection
2019-08-21 07:45:27,762 INFO  impl.LeaderElection (LeaderElection.java:askForVotes(181)) - 642257af-9613-4e6b-91ab-7af7f840dc20:group-82214B1F2174:LeaderElection1: begin an election at term 1 for -1: [642257af-9613-4e6b-91ab-7af7f840dc20:192.168.5.147:37049], old=null
2019-08-21 07:45:27,764 INFO  impl.RoleInfo (RoleInfo.java:shutdownLeaderElection(134)) - 642257af-9613-4e6b-91ab-7af7f840dc20: shutdown LeaderElection
2019-08-21 07:45:27,765 INFO  impl.RaftServerImpl (RaftServerImpl.java:setRole(171)) - 642257af-9613-4e6b-91ab-7af7f840dc20:group-82214B1F2174 changes role from CANDIDATE to LEADER at term 1 for changeToLeader
2019-08-21 07:45:27,765 INFO  impl.RaftServerImpl (ServerState.java:setLeader(263)) - 642257af-9613-4e6b-91ab-7af7f840dc20:group-82214B1F2174 change Leader from null to 642257af-9613-4e6b-91ab-7af7f840dc20 at term 1 for becomeLeader, leader elected after 5176ms
2019-08-21 07:45:27,774 INFO  server.RaftServerConfigKeys (ConfUtils.java:logGet(43)) - raft.server.staging.catchup.gap = 1000 (default)
2019-08-21 07:45:27,774 INFO  server.RaftServerConfigKeys (ConfUtils.java:logGet(43)) - raft.server.rpc.sleep.time = 25ms (default)
2019-08-21 07:45:27,777 INFO  server.RaftServerConfigKeys (ConfUtils.java:logGet(43)) - raft.server.write.element-limit = 4096 (default)
2019-08-21 07:45:27,780 INFO  server.RaftServerConfigKeys (ConfUtils.java:logGet(43)) - raft.server.watch.timeout = 10s (default)
2019-08-21 07:45:27,780 INFO  server.RaftServerConfigKeys (ConfUtils.java:logGet(43)) - raft.server.watch.timeout.denomination = 1s (default)
2019-08-21 07:45:27,781 INFO  server.RaftServerConfigKeys (ConfUtils.java:logGet(43)) - raft.server.watch.element-limit = 65536 (default)
2019-08-21 07:45:27,791 INFO  impl.RoleInfo (RoleInfo.java:updateAndGet(143)) - 642257af-9613-4e6b-91ab-7af7f840dc20: start LeaderState
2019-08-21 07:45:27,814 INFO  segmented.SegmentedRaftLogWorker (SegmentedRaftLogWorker.java:startLogSegment(380)) - 642257af-9613-4e6b-91ab-7af7f840dc20-SegmentedRaftLogWorker:Storage Directory /workdir/hadoop-ozone/integration-test/target/test-dir/MiniOzoneClusterImpl-21103cdb-0298-4d99-8525-2fbf5bad4ea2/datanode-0/data/ratis/bc79fe05-762c-4546-925c-82214b1f2174: Starting segment from index:0
2019-08-21 07:45:27,823 INFO  impl.RaftServerImpl (ServerState.java:setRaftConf(361)) - 642257af-9613-4e6b-91ab-7af7f840dc20:group-82214B1F2174 set configuration 0: [642257af-9613-4e6b-91ab-7af7f840dc20:192.168.5.147:37049], old=null at 0
2019-08-21 07:45:27,866 INFO  impl.FollowerState (FollowerState.java:run(106)) - 02fdd9ac-9b8e-435f-9af0-776cbf0977b1:group-007379BFA7B3 changes to CANDIDATE, lastRpcTime:5010, electionTimeout:5009ms
2019-08-21 07:45:27,868 INFO  impl.RoleInfo (RoleInfo.java:shutdownFollowerState(121)) - 02fdd9ac-9b8e-435f-9af0-776cbf0977b1: shutdown FollowerState
2019-08-21 07:45:27,868 INFO  impl.RaftServerImpl (RaftServerImpl.java:setRole(171)) - 02fdd9ac-9b8e-435f-9af0-776cbf0977b1:group-007379BFA7B3 changes role from FOLLOWER to CANDIDATE at term 0 for changeToCandidate
2019-08-21 07:45:27,868 INFO  impl.RoleInfo (RoleInfo.java:updateAndGet(143)) - 02fdd9ac-9b8e-435f-9af0-776cbf0977b1: start LeaderElection
2019-08-21 07:45:27,887 INFO  impl.LeaderElection (LeaderElection.java:askForVotes(181)) - 02fdd9ac-9b8e-435f-9af0-776cbf0977b1:group-007379BFA7B3:LeaderElection2: begin an election at term 1 for -1: [02fdd9ac-9b8e-435f-9af0-776cbf0977b1:192.168.5.147:35516], old=null
2019-08-21 07:45:27,889 INFO  impl.RoleInfo (RoleInfo.java:shutdownLeaderElection(134)) - 02fdd9ac-9b8e-435f-9af0-776cbf0977b1: shutdown LeaderElection
2019-08-21 07:45:27,889 INFO  impl.RaftServerImpl (RaftServerImpl.java:setRole(171)) - 02fdd9ac-9b8e-435f-9af0-776cbf0977b1:group-007379BFA7B3 changes role from CANDIDATE to LEADER at term 1 for changeToLeader
2019-08-21 07:45:27,889 INFO  impl.RaftServerImpl (ServerState.java:setLeader(263)) - 02fdd9ac-9b8e-435f-9af0-776cbf0977b1:group-007379BFA7B3 change Leader from null to 02fdd9ac-9b8e-435f-9af0-776cbf0977b1 at term 1 for becomeLeader, leader elected after 5050ms
2019-08-21 07:45:27,891 INFO  server.RaftServerConfigKeys (ConfUtils.java:logGet(43)) - raft.server.staging.catchup.gap = 1000 (default)
2019-08-21 07:45:27,891 INFO  server.RaftServerConfigKeys (ConfUtils.java:logGet(43)) - raft.server.rpc.sleep.time = 25ms (default)
2019-08-21 07:45:27,891 INFO  server.RaftServerConfigKeys (ConfUtils.java:logGet(43)) - raft.server.write.element-limit = 4096 (default)
2019-08-21 07:45:27,892 INFO  server.RaftServerConfigKeys (ConfUtils.java:logGet(43)) - raft.server.watch.timeout = 10s (default)
2019-08-21 07:45:27,892 INFO  server.RaftServerConfigKeys (ConfUtils.java:logGet(43)) - raft.server.watch.timeout.denomination = 1s (default)
2019-08-21 07:45:27,892 INFO  server.RaftServerConfigKeys (ConfUtils.java:logGet(43)) - raft.server.watch.element-limit = 65536 (default)
2019-08-21 07:45:27,892 INFO  impl.RoleInfo (RoleInfo.java:updateAndGet(143)) - 02fdd9ac-9b8e-435f-9af0-776cbf0977b1: start LeaderState
2019-08-21 07:45:27,893 INFO  segmented.SegmentedRaftLogWorker (SegmentedRaftLogWorker.java:startLogSegment(380)) - 02fdd9ac-9b8e-435f-9af0-776cbf0977b1-SegmentedRaftLogWorker:Storage Directory /workdir/hadoop-ozone/integration-test/target/test-dir/MiniOzoneClusterImpl-21103cdb-0298-4d99-8525-2fbf5bad4ea2/datanode-4/data/ratis/ee8fde78-81f8-4671-bd33-007379bfa7b3: Starting segment from index:0
2019-08-21 07:45:27,893 INFO  impl.RaftServerImpl (ServerState.java:setRaftConf(361)) - 02fdd9ac-9b8e-435f-9af0-776cbf0977b1:group-007379BFA7B3 set configuration 0: [02fdd9ac-9b8e-435f-9af0-776cbf0977b1:192.168.5.147:35516], old=null at 0
2019-08-21 07:45:28,067 INFO  impl.FollowerState (FollowerState.java:run(106)) - aa56a20f-82b3-410f-97c8-395f4663f16a:group-80EB44B8C30E changes to CANDIDATE, lastRpcTime:5027, electionTimeout:5027ms
2019-08-21 07:45:28,067 INFO  impl.RoleInfo (RoleInfo.java:shutdownFollowerState(121)) - aa56a20f-82b3-410f-97c8-395f4663f16a: shutdown FollowerState
2019-08-21 07:45:28,067 INFO  impl.RaftServerImpl (RaftServerImpl.java:setRole(171)) - aa56a20f-82b3-410f-97c8-395f4663f16a:group-80EB44B8C30E changes role from FOLLOWER to CANDIDATE at term 0 for changeToCandidate
2019-08-21 07:45:28,068 INFO  impl.RoleInfo (RoleInfo.java:updateAndGet(143)) - aa56a20f-82b3-410f-97c8-395f4663f16a: start LeaderElection
2019-08-21 07:45:28,074 INFO  segmented.SegmentedRaftLogWorker (SegmentedRaftLogWorker.java:execute(569)) - 02fdd9ac-9b8e-435f-9af0-776cbf0977b1-SegmentedRaftLogWorker:Storage Directory /workdir/hadoop-ozone/integration-test/target/test-dir/MiniOzoneClusterImpl-21103cdb-0298-4d99-8525-2fbf5bad4ea2/datanode-4/data/ratis/ee8fde78-81f8-4671-bd33-007379bfa7b3: created new log segment /workdir/hadoop-ozone/integration-test/target/test-dir/MiniOzoneClusterImpl-21103cdb-0298-4d99-8525-2fbf5bad4ea2/datanode-4/data/ratis/ee8fde78-81f8-4671-bd33-007379bfa7b3/current/log_inprogress_0
2019-08-21 07:45:28,074 INFO  segmented.SegmentedRaftLogWorker (SegmentedRaftLogWorker.java:execute(569)) - 642257af-9613-4e6b-91ab-7af7f840dc20-SegmentedRaftLogWorker:Storage Directory /workdir/hadoop-ozone/integration-test/target/test-dir/MiniOzoneClusterImpl-21103cdb-0298-4d99-8525-2fbf5bad4ea2/datanode-0/data/ratis/bc79fe05-762c-4546-925c-82214b1f2174: created new log segment /workdir/hadoop-ozone/integration-test/target/test-dir/MiniOzoneClusterImpl-21103cdb-0298-4d99-8525-2fbf5bad4ea2/datanode-0/data/ratis/bc79fe05-762c-4546-925c-82214b1f2174/current/log_inprogress_0
2019-08-21 07:45:28,088 INFO  impl.LeaderElection (LeaderElection.java:askForVotes(181)) - aa56a20f-82b3-410f-97c8-395f4663f16a:group-80EB44B8C30E:LeaderElection3: begin an election at term 1 for -1: [aa56a20f-82b3-410f-97c8-395f4663f16a:192.168.5.147:32982], old=null
2019-08-21 07:45:28,090 INFO  impl.RoleInfo (RoleInfo.java:shutdownLeaderElection(134)) - aa56a20f-82b3-410f-97c8-395f4663f16a: shutdown LeaderElection
2019-08-21 07:45:28,090 INFO  impl.RaftServerImpl (RaftServerImpl.java:setRole(171)) - aa56a20f-82b3-410f-97c8-395f4663f16a:group-80EB44B8C30E changes role from CANDIDATE to LEADER at term 1 for changeToLeader
2019-08-21 07:45:28,090 INFO  impl.RaftServerImpl (ServerState.java:setLeader(263)) - aa56a20f-82b3-410f-97c8-395f4663f16a:group-80EB44B8C30E change Leader from null to aa56a20f-82b3-410f-97c8-395f4663f16a at term 1 for becomeLeader, leader elected after 5058ms
2019-08-21 07:45:28,092 INFO  server.RaftServerConfigKeys (ConfUtils.java:logGet(43)) - raft.server.staging.catchup.gap = 1000 (default)
2019-08-21 07:45:28,092 INFO  server.RaftServerConfigKeys (ConfUtils.java:logGet(43)) - raft.server.rpc.sleep.time = 25ms (default)
2019-08-21 07:45:28,092 INFO  server.RaftServerConfigKeys (ConfUtils.java:logGet(43)) - raft.server.write.element-limit = 4096 (default)
2019-08-21 07:45:28,093 INFO  server.RaftServerConfigKeys (ConfUtils.java:logGet(43)) - raft.server.watch.timeout = 10s (default)
2019-08-21 07:45:28,093 INFO  server.RaftServerConfigKeys (ConfUtils.java:logGet(43)) - raft.server.watch.timeout.denomination = 1s (default)
2019-08-21 07:45:28,093 INFO  server.RaftServerConfigKeys (ConfUtils.java:logGet(43)) - raft.server.watch.element-limit = 65536 (default)
2019-08-21 07:45:28,093 INFO  impl.RoleInfo (RoleInfo.java:updateAndGet(143)) - aa56a20f-82b3-410f-97c8-395f4663f16a: start LeaderState
2019-08-21 07:45:28,094 INFO  segmented.SegmentedRaftLogWorker (SegmentedRaftLogWorker.java:startLogSegment(380)) - aa56a20f-82b3-410f-97c8-395f4663f16a-SegmentedRaftLogWorker:Storage Directory /workdir/hadoop-ozone/integration-test/target/test-dir/MiniOzoneClusterImpl-21103cdb-0298-4d99-8525-2fbf5bad4ea2/datanode-1/data/ratis/854b58aa-5f38-4966-9a4c-80eb44b8c30e: Starting segment from index:0
2019-08-21 07:45:28,094 INFO  impl.RaftServerImpl (ServerState.java:setRaftConf(361)) - aa56a20f-82b3-410f-97c8-395f4663f16a:group-80EB44B8C30E set configuration 0: [aa56a20f-82b3-410f-97c8-395f4663f16a:192.168.5.147:32982], old=null at 0
2019-08-21 07:45:28,122 INFO  client.GrpcClientProtocolClient (GrpcClientProtocolClient.java:onNext(255)) - client-20D8BA493898->326330d3-abae-4e18-920c-9856df15a682: receive RaftClientReply:client-20D8BA493898->326330d3-abae-4e18-920c-9856df15a682@group-34FEA2764325, cid=12, FAILED org.apache.ratis.protocol.NotLeaderException: Server 326330d3-abae-4e18-920c-9856df15a682 is not the leader (null). Request must be sent to leader., logIndex=0, commits[326330d3-abae-4e18-920c-9856df15a682:c-1]
2019-08-21 07:45:28,125 INFO  segmented.SegmentedRaftLogWorker (SegmentedRaftLogWorker.java:execute(569)) - aa56a20f-82b3-410f-97c8-395f4663f16a-SegmentedRaftLogWorker:Storage Directory /workdir/hadoop-ozone/integration-test/target/test-dir/MiniOzoneClusterImpl-21103cdb-0298-4d99-8525-2fbf5bad4ea2/datanode-1/data/ratis/854b58aa-5f38-4966-9a4c-80eb44b8c30e: created new log segment /workdir/hadoop-ozone/integration-test/target/test-dir/MiniOzoneClusterImpl-21103cdb-0298-4d99-8525-2fbf5bad4ea2/datanode-1/data/ratis/854b58aa-5f38-4966-9a4c-80eb44b8c30e/current/log_inprogress_0
2019-08-21 07:45:28,143 WARN  io.KeyOutputStream (KeyOutputStream.java:handleException(276)) - Encountered exception java.io.IOException: Unexpected Storage Container Exception: java.util.concurrent.CompletionException: java.util.concurrent.CompletionException: org.apache.ratis.protocol.RaftRetryFailureException: Failed RaftClientRequest:client-20D8BA493898->326330d3-abae-4e18-920c-9856df15a682@group-34FEA2764325, cid=12, seq=1*, RW, org.apache.hadoop.hdds.scm.XceiverClientRatis$$Lambda$317/686275377@4967453a for 5 attempts with RetryLimited(maxAttempts=5, sleepTime=1000ms) on the pipeline Pipeline[ Id: 4566f340-dae5-4e0e-9fd9-34fea2764325, Nodes: aa56a20f-82b3-410f-97c8-395f4663f16a{ip: 192.168.5.147, host: pr-hdds-1935-7zzrp-4268841518, networkLocation: /default-rack, certSerialId: null}326330d3-abae-4e18-920c-9856df15a682{ip: 192.168.5.147, host: pr-hdds-1935-7zzrp-4268841518, networkLocation: /default-rack, certSerialId: null}5fec7d9c-d2d9-4eac-a798-0c765a6cd15b{ip: 192.168.5.147, host: pr-hdds-1935-7zzrp-4268841518, networkLocation: /default-rack, certSerialId: null}, Type:RATIS, Factor:THREE, State:OPEN]. The last committed block length is 0, uncommitted data length is 2097152 retry count 0
2019-08-21 07:45:28,157 INFO  impl.FollowerState (FollowerState.java:run(106)) - 77ee72d3-27fc-41fa-81d0-884f4ef5f930:group-7DB94C53992C changes to CANDIDATE, lastRpcTime:5198, electionTimeout:5198ms
2019-08-21 07:45:28,159 INFO  impl.RoleInfo (RoleInfo.java:shutdownFollowerState(121)) - 77ee72d3-27fc-41fa-81d0-884f4ef5f930: shutdown FollowerState
2019-08-21 07:45:28,159 INFO  impl.RaftServerImpl (RaftServerImpl.java:setRole(171)) - 77ee72d3-27fc-41fa-81d0-884f4ef5f930:group-7DB94C53992C changes role from FOLLOWER to CANDIDATE at term 0 for changeToCandidate
2019-08-21 07:45:28,159 INFO  impl.RoleInfo (RoleInfo.java:updateAndGet(143)) - 77ee72d3-27fc-41fa-81d0-884f4ef5f930: start LeaderElection
2019-08-21 07:45:28,176 INFO  impl.LeaderElection (LeaderElection.java:askForVotes(181)) - 77ee72d3-27fc-41fa-81d0-884f4ef5f930:group-7DB94C53992C:LeaderElection4: begin an election at term 1 for -1: [77ee72d3-27fc-41fa-81d0-884f4ef5f930:192.168.5.147:36334], old=null
2019-08-21 07:45:28,177 INFO  impl.RoleInfo (RoleInfo.java:shutdownLeaderElection(134)) - 77ee72d3-27fc-41fa-81d0-884f4ef5f930: shutdown LeaderElection
2019-08-21 07:45:28,177 INFO  impl.RaftServerImpl (RaftServerImpl.java:setRole(171)) - 77ee72d3-27fc-41fa-81d0-884f4ef5f930:group-7DB94C53992C changes role from CANDIDATE to LEADER at term 1 for changeToLeader
2019-08-21 07:45:28,178 INFO  impl.RaftServerImpl (ServerState.java:setLeader(263)) - 77ee72d3-27fc-41fa-81d0-884f4ef5f930:group-7DB94C53992C change Leader from null to 77ee72d3-27fc-41fa-81d0-884f4ef5f930 at term 1 for becomeLeader, leader elected after 5224ms
2019-08-21 07:45:28,179 INFO  server.RaftServerConfigKeys (ConfUtils.java:logGet(43)) - raft.server.staging.catchup.gap = 1000 (default)
2019-08-21 07:45:28,179 INFO  server.RaftServerConfigKeys (ConfUtils.java:logGet(43)) - raft.server.rpc.sleep.time = 25ms (default)
2019-08-21 07:45:28,179 INFO  server.RaftServerConfigKeys (ConfUtils.java:logGet(43)) - raft.server.write.element-limit = 4096 (default)
2019-08-21 07:45:28,180 INFO  server.RaftServerConfigKeys (ConfUtils.java:logGet(43)) - raft.server.watch.timeout = 10s (default)
2019-08-21 07:45:28,180 INFO  server.RaftServerConfigKeys (ConfUtils.java:logGet(43)) - raft.server.watch.timeout.denomination = 1s (default)
2019-08-21 07:45:28,180 INFO  server.RaftServerConfigKeys (ConfUtils.java:logGet(43)) - raft.server.watch.element-limit = 65536 (default)
2019-08-21 07:45:28,180 INFO  impl.RoleInfo (RoleInfo.java:updateAndGet(143)) - 77ee72d3-27fc-41fa-81d0-884f4ef5f930: start LeaderState
2019-08-21 07:45:28,180 INFO  segmented.SegmentedRaftLogWorker (SegmentedRaftLogWorker.java:startLogSegment(380)) - 77ee72d3-27fc-41fa-81d0-884f4ef5f930-SegmentedRaftLogWorker:Storage Directory /workdir/hadoop-ozone/integration-test/target/test-dir/MiniOzoneClusterImpl-21103cdb-0298-4d99-8525-2fbf5bad4ea2/datanode-5/data/ratis/5657935d-21b8-4f86-9d39-7db94c53992c: Starting segment from index:0
2019-08-21 07:45:28,181 INFO  impl.RaftServerImpl (ServerState.java:setRaftConf(361)) - 77ee72d3-27fc-41fa-81d0-884f4ef5f930:group-7DB94C53992C set configuration 0: [77ee72d3-27fc-41fa-81d0-884f4ef5f930:192.168.5.147:36334], old=null at 0
2019-08-21 07:45:28,202 INFO  segmented.SegmentedRaftLogWorker (SegmentedRaftLogWorker.java:execute(569)) - 77ee72d3-27fc-41fa-81d0-884f4ef5f930-SegmentedRaftLogWorker:Storage Directory /workdir/hadoop-ozone/integration-test/target/test-dir/MiniOzoneClusterImpl-21103cdb-0298-4d99-8525-2fbf5bad4ea2/datanode-5/data/ratis/5657935d-21b8-4f86-9d39-7db94c53992c: created new log segment /workdir/hadoop-ozone/integration-test/target/test-dir/MiniOzoneClusterImpl-21103cdb-0298-4d99-8525-2fbf5bad4ea2/datanode-5/data/ratis/5657935d-21b8-4f86-9d39-7db94c53992c/current/log_inprogress_0
2019-08-21 07:45:28,227 INFO  client.GrpcClientProtocolClient (GrpcClientProtocolClient.java:onNext(255)) - client-9751E7A1DE71->77ee72d3-27fc-41fa-81d0-884f4ef5f930: receive RaftClientReply:client-9751E7A1DE71->77ee72d3-27fc-41fa-81d0-884f4ef5f930@group-26758F5694AC, cid=16, FAILED org.apache.ratis.protocol.NotLeaderException: Server 77ee72d3-27fc-41fa-81d0-884f4ef5f930 is not the leader (null). Request must be sent to leader., logIndex=0, commits[77ee72d3-27fc-41fa-81d0-884f4ef5f930:c-1]
2019-08-21 07:45:28,337 INFO  impl.FollowerState (FollowerState.java:run(106)) - 326330d3-abae-4e18-920c-9856df15a682:group-BE1D9C153443 changes to CANDIDATE, lastRpcTime:5198, electionTimeout:5198ms
2019-08-21 07:45:28,338 INFO  impl.RoleInfo (RoleInfo.java:shutdownFollowerState(121)) - 326330d3-abae-4e18-920c-9856df15a682: shutdown FollowerState
2019-08-21 07:45:28,338 INFO  impl.RaftServerImpl (RaftServerImpl.java:setRole(171)) - 326330d3-abae-4e18-920c-9856df15a682:group-BE1D9C153443 changes role from FOLLOWER to CANDIDATE at term 0 for changeToCandidate
2019-08-21 07:45:28,339 INFO  impl.RoleInfo (RoleInfo.java:updateAndGet(143)) - 326330d3-abae-4e18-920c-9856df15a682: start LeaderElection
2019-08-21 07:45:28,356 INFO  impl.LeaderElection (LeaderElection.java:askForVotes(181)) - 326330d3-abae-4e18-920c-9856df15a682:group-BE1D9C153443:LeaderElection5: begin an election at term 1 for -1: [326330d3-abae-4e18-920c-9856df15a682:192.168.5.147:37766], old=null
2019-08-21 07:45:28,356 INFO  impl.RoleInfo (RoleInfo.java:shutdownLeaderElection(134)) - 326330d3-abae-4e18-920c-9856df15a682: shutdown LeaderElection
2019-08-21 07:45:28,356 INFO  impl.RaftServerImpl (RaftServerImpl.java:setRole(171)) - 326330d3-abae-4e18-920c-9856df15a682:group-BE1D9C153443 changes role from CANDIDATE to LEADER at term 1 for changeToLeader
2019-08-21 07:45:28,356 INFO  impl.RaftServerImpl (ServerState.java:setLeader(263)) - 326330d3-abae-4e18-920c-9856df15a682:group-BE1D9C153443 change Leader from null to 326330d3-abae-4e18-920c-9856df15a682 at term 1 for becomeLeader, leader elected after 5224ms
2019-08-21 07:45:28,358 INFO  server.RaftServerConfigKeys (ConfUtils.java:logGet(43)) - raft.server.staging.catchup.gap = 1000 (default)
2019-08-21 07:45:28,358 INFO  server.RaftServerConfigKeys (ConfUtils.java:logGet(43)) - raft.server.rpc.sleep.time = 25ms (default)
2019-08-21 07:45:28,358 INFO  server.RaftServerConfigKeys (ConfUtils.java:logGet(43)) - raft.server.write.element-limit = 4096 (default)
2019-08-21 07:45:28,358 INFO  server.RaftServerConfigKeys (ConfUtils.java:logGet(43)) - raft.server.watch.timeout = 10s (default)
2019-08-21 07:45:28,359 INFO  server.RaftServerConfigKeys (ConfUtils.java:logGet(43)) - raft.server.watch.timeout.denomination = 1s (default)
2019-08-21 07:45:28,359 INFO  server.RaftServerConfigKeys (ConfUtils.java:logGet(43)) - raft.server.watch.element-limit = 65536 (default)
2019-08-21 07:45:28,359 INFO  impl.RoleInfo (RoleInfo.java:updateAndGet(143)) - 326330d3-abae-4e18-920c-9856df15a682: start LeaderState
2019-08-21 07:45:28,359 INFO  segmented.SegmentedRaftLogWorker (SegmentedRaftLogWorker.java:startLogSegment(380)) - 326330d3-abae-4e18-920c-9856df15a682-SegmentedRaftLogWorker:Storage Directory /workdir/hadoop-ozone/integration-test/target/test-dir/MiniOzoneClusterImpl-21103cdb-0298-4d99-8525-2fbf5bad4ea2/datanode-2/data/ratis/800a66a5-526d-476b-829c-be1d9c153443: Starting segment from index:0
2019-08-21 07:45:28,360 INFO  impl.RaftServerImpl (ServerState.java:setRaftConf(361)) - 326330d3-abae-4e18-920c-9856df15a682:group-BE1D9C153443 set configuration 0: [326330d3-abae-4e18-920c-9856df15a682:192.168.5.147:37766], old=null at 0
2019-08-21 07:45:28,399 INFO  impl.FollowerState (FollowerState.java:run(106)) - 02fdd9ac-9b8e-435f-9af0-776cbf0977b1:group-26758F5694AC changes to CANDIDATE, lastRpcTime:5048, electionTimeout:5025ms
2019-08-21 07:45:28,399 INFO  impl.FollowerState (FollowerState.java:run(106)) - 77ee72d3-27fc-41fa-81d0-884f4ef5f930:group-26758F5694AC changes to CANDIDATE, lastRpcTime:5049, electionTimeout:5049ms
2019-08-21 07:45:28,399 INFO  impl.RoleInfo (RoleInfo.java:shutdownFollowerState(121)) - 02fdd9ac-9b8e-435f-9af0-776cbf0977b1: shutdown FollowerState
2019-08-21 07:45:28,399 INFO  impl.RoleInfo (RoleInfo.java:shutdownFollowerState(121)) - 77ee72d3-27fc-41fa-81d0-884f4ef5f930: shutdown FollowerState
2019-08-21 07:45:28,399 INFO  impl.RaftServerImpl (RaftServerImpl.java:setRole(171)) - 02fdd9ac-9b8e-435f-9af0-776cbf0977b1:group-26758F5694AC changes role from FOLLOWER to CANDIDATE at term 0 for changeToCandidate
2019-08-21 07:45:28,399 INFO  impl.RaftServerImpl (RaftServerImpl.java:setRole(171)) - 77ee72d3-27fc-41fa-81d0-884f4ef5f930:group-26758F5694AC changes role from FOLLOWER to CANDIDATE at term 0 for changeToCandidate
2019-08-21 07:45:28,400 INFO  impl.RoleInfo (RoleInfo.java:updateAndGet(143)) - 02fdd9ac-9b8e-435f-9af0-776cbf0977b1: start LeaderElection
2019-08-21 07:45:28,400 INFO  impl.RoleInfo (RoleInfo.java:updateAndGet(143)) - 77ee72d3-27fc-41fa-81d0-884f4ef5f930: start LeaderElection
2019-08-21 07:45:28,412 INFO  segmented.SegmentedRaftLogWorker (SegmentedRaftLogWorker.java:execute(569)) - 326330d3-abae-4e18-920c-9856df15a682-SegmentedRaftLogWorker:Storage Directory /workdir/hadoop-ozone/integration-test/target/test-dir/MiniOzoneClusterImpl-21103cdb-0298-4d99-8525-2fbf5bad4ea2/datanode-2/data/ratis/800a66a5-526d-476b-829c-be1d9c153443: created new log segment /workdir/hadoop-ozone/integration-test/target/test-dir/MiniOzoneClusterImpl-21103cdb-0298-4d99-8525-2fbf5bad4ea2/datanode-2/data/ratis/800a66a5-526d-476b-829c-be1d9c153443/current/log_inprogress_0
2019-08-21 07:45:28,412 INFO  impl.LeaderElection (LeaderElection.java:askForVotes(181)) - 77ee72d3-27fc-41fa-81d0-884f4ef5f930:group-26758F5694AC:LeaderElection7: begin an election at term 1 for -1: [642257af-9613-4e6b-91ab-7af7f840dc20:192.168.5.147:37049, 77ee72d3-27fc-41fa-81d0-884f4ef5f930:192.168.5.147:36334, 02fdd9ac-9b8e-435f-9af0-776cbf0977b1:192.168.5.147:35516], old=null
2019-08-21 07:45:28,412 INFO  impl.LeaderElection (LeaderElection.java:askForVotes(181)) - 02fdd9ac-9b8e-435f-9af0-776cbf0977b1:group-26758F5694AC:LeaderElection6: begin an election at term 1 for -1: [642257af-9613-4e6b-91ab-7af7f840dc20:192.168.5.147:37049, 77ee72d3-27fc-41fa-81d0-884f4ef5f930:192.168.5.147:36334, 02fdd9ac-9b8e-435f-9af0-776cbf0977b1:192.168.5.147:35516], old=null
2019-08-21 07:45:28,419 INFO  impl.FollowerState (FollowerState.java:run(106)) - 642257af-9613-4e6b-91ab-7af7f840dc20:group-26758F5694AC changes to CANDIDATE, lastRpcTime:5070, electionTimeout:5069ms
2019-08-21 07:45:28,420 INFO  impl.RoleInfo (RoleInfo.java:shutdownFollowerState(121)) - 642257af-9613-4e6b-91ab-7af7f840dc20: shutdown FollowerState
2019-08-21 07:45:28,420 INFO  impl.FollowerState (FollowerState.java:run(106)) - 5fec7d9c-d2d9-4eac-a798-0c765a6cd15b:group-6BD037BD542D changes to CANDIDATE, lastRpcTime:5181, electionTimeout:5181ms
2019-08-21 07:45:28,420 INFO  impl.RaftServerImpl (RaftServerImpl.java:setRole(171)) - 642257af-9613-4e6b-91ab-7af7f840dc20:group-26758F5694AC changes role from FOLLOWER to CANDIDATE at term 0 for changeToCandidate
2019-08-21 07:45:28,420 INFO  impl.RoleInfo (RoleInfo.java:shutdownFollowerState(121)) - 5fec7d9c-d2d9-4eac-a798-0c765a6cd15b: shutdown FollowerState
2019-08-21 07:45:28,421 INFO  impl.RoleInfo (RoleInfo.java:updateAndGet(143)) - 642257af-9613-4e6b-91ab-7af7f840dc20: start LeaderElection
2019-08-21 07:45:28,421 INFO  impl.RaftServerImpl (RaftServerImpl.java:setRole(171)) - 5fec7d9c-d2d9-4eac-a798-0c765a6cd15b:group-6BD037BD542D changes role from FOLLOWER to CANDIDATE at term 0 for changeToCandidate
2019-08-21 07:45:28,422 INFO  impl.RoleInfo (RoleInfo.java:updateAndGet(143)) - 5fec7d9c-d2d9-4eac-a798-0c765a6cd15b: start LeaderElection
2019-08-21 07:45:28,433 INFO  impl.LeaderElection (LeaderElection.java:askForVotes(181)) - 642257af-9613-4e6b-91ab-7af7f840dc20:group-26758F5694AC:LeaderElection8: begin an election at term 1 for -1: [642257af-9613-4e6b-91ab-7af7f840dc20:192.168.5.147:37049, 77ee72d3-27fc-41fa-81d0-884f4ef5f930:192.168.5.147:36334, 02fdd9ac-9b8e-435f-9af0-776cbf0977b1:192.168.5.147:35516], old=null
2019-08-21 07:45:28,433 INFO  impl.LeaderElection (LeaderElection.java:askForVotes(181)) - 5fec7d9c-d2d9-4eac-a798-0c765a6cd15b:group-6BD037BD542D:LeaderElection9: begin an election at term 1 for -1: [5fec7d9c-d2d9-4eac-a798-0c765a6cd15b:192.168.5.147:33210], old=null
2019-08-21 07:45:28,434 INFO  impl.RoleInfo (RoleInfo.java:shutdownLeaderElection(134)) - 5fec7d9c-d2d9-4eac-a798-0c765a6cd15b: shutdown LeaderElection
2019-08-21 07:45:28,434 INFO  impl.RaftServerImpl (RaftServerImpl.java:setRole(171)) - 5fec7d9c-d2d9-4eac-a798-0c765a6cd15b:group-6BD037BD542D changes role from CANDIDATE to LEADER at term 1 for changeToLeader
2019-08-21 07:45:28,434 INFO  impl.RaftServerImpl (ServerState.java:setLeader(263)) - 5fec7d9c-d2d9-4eac-a798-0c765a6cd15b:group-6BD037BD542D change Leader from null to 5fec7d9c-d2d9-4eac-a798-0c765a6cd15b at term 1 for becomeLeader, leader elected after 5215ms
2019-08-21 07:45:28,435 INFO  server.RaftServerConfigKeys (ConfUtils.java:logGet(43)) - raft.server.staging.catchup.gap = 1000 (default)
2019-08-21 07:45:28,436 INFO  server.RaftServerConfigKeys (ConfUtils.java:logGet(43)) - raft.server.rpc.sleep.time = 25ms (default)
2019-08-21 07:45:28,436 INFO  server.RaftServerConfigKeys (ConfUtils.java:logGet(43)) - raft.server.write.element-limit = 4096 (default)
2019-08-21 07:45:28,436 INFO  server.RaftServerConfigKeys (ConfUtils.java:logGet(43)) - raft.server.watch.timeout = 10s (default)
2019-08-21 07:45:28,436 INFO  server.RaftServerConfigKeys (ConfUtils.java:logGet(43)) - raft.server.watch.timeout.denomination = 1s (default)
2019-08-21 07:45:28,437 INFO  server.RaftServerConfigKeys (ConfUtils.java:logGet(43)) - raft.server.watch.element-limit = 65536 (default)
2019-08-21 07:45:28,437 INFO  impl.RoleInfo (RoleInfo.java:updateAndGet(143)) - 5fec7d9c-d2d9-4eac-a798-0c765a6cd15b: start LeaderState
2019-08-21 07:45:28,437 INFO  segmented.SegmentedRaftLogWorker (SegmentedRaftLogWorker.java:startLogSegment(380)) - 5fec7d9c-d2d9-4eac-a798-0c765a6cd15b-SegmentedRaftLogWorker:Storage Directory /workdir/hadoop-ozone/integration-test/target/test-dir/MiniOzoneClusterImpl-21103cdb-0298-4d99-8525-2fbf5bad4ea2/datanode-3/data/ratis/291bfcbc-a75c-4fd5-ba71-6bd037bd542d: Starting segment from index:0
2019-08-21 07:45:28,438 INFO  impl.RaftServerImpl (ServerState.java:setRaftConf(361)) - 5fec7d9c-d2d9-4eac-a798-0c765a6cd15b:group-6BD037BD542D set configuration 0: [5fec7d9c-d2d9-4eac-a798-0c765a6cd15b:192.168.5.147:33210], old=null at 0
2019-08-21 07:45:28,480 INFO  segmented.SegmentedRaftLogWorker (SegmentedRaftLogWorker.java:execute(569)) - 5fec7d9c-d2d9-4eac-a798-0c765a6cd15b-SegmentedRaftLogWorker:Storage Directory /workdir/hadoop-ozone/integration-test/target/test-dir/MiniOzoneClusterImpl-21103cdb-0298-4d99-8525-2fbf5bad4ea2/datanode-3/data/ratis/291bfcbc-a75c-4fd5-ba71-6bd037bd542d: created new log segment /workdir/hadoop-ozone/integration-test/target/test-dir/MiniOzoneClusterImpl-21103cdb-0298-4d99-8525-2fbf5bad4ea2/datanode-3/data/ratis/291bfcbc-a75c-4fd5-ba71-6bd037bd542d/current/log_inprogress_0
2019-08-21 07:45:28,514 INFO  impl.LeaderElection (LeaderElection.java:logAndReturn(56)) - 02fdd9ac-9b8e-435f-9af0-776cbf0977b1:group-26758F5694AC:LeaderElection6: Election REJECTED; received 2 response(s) [02fdd9ac-9b8e-435f-9af0-776cbf0977b1<-642257af-9613-4e6b-91ab-7af7f840dc20#0:FAIL-t1, 02fdd9ac-9b8e-435f-9af0-776cbf0977b1<-77ee72d3-27fc-41fa-81d0-884f4ef5f930#0:FAIL-t1] and 0 exception(s); 02fdd9ac-9b8e-435f-9af0-776cbf0977b1:t1, leader=null, voted=02fdd9ac-9b8e-435f-9af0-776cbf0977b1, raftlog=02fdd9ac-9b8e-435f-9af0-776cbf0977b1-SegmentedRaftLog:OPENED:c-1,f-1,i0, conf=-1: [642257af-9613-4e6b-91ab-7af7f840dc20:192.168.5.147:37049, 77ee72d3-27fc-41fa-81d0-884f4ef5f930:192.168.5.147:36334, 02fdd9ac-9b8e-435f-9af0-776cbf0977b1:192.168.5.147:35516], old=null
2019-08-21 07:45:28,514 INFO  impl.LeaderElection (LeaderElection.java:logAndReturn(56)) - 642257af-9613-4e6b-91ab-7af7f840dc20:group-26758F5694AC:LeaderElection8: Election REJECTED; received 2 response(s) [642257af-9613-4e6b-91ab-7af7f840dc20<-77ee72d3-27fc-41fa-81d0-884f4ef5f930#0:FAIL-t1, 642257af-9613-4e6b-91ab-7af7f840dc20<-02fdd9ac-9b8e-435f-9af0-776cbf0977b1#0:FAIL-t1] and 0 exception(s); 642257af-9613-4e6b-91ab-7af7f840dc20:t1, leader=null, voted=642257af-9613-4e6b-91ab-7af7f840dc20, raftlog=642257af-9613-4e6b-91ab-7af7f840dc20-SegmentedRaftLog:OPENED:c-1,f-1,i0, conf=-1: [642257af-9613-4e6b-91ab-7af7f840dc20:192.168.5.147:37049, 77ee72d3-27fc-41fa-81d0-884f4ef5f930:192.168.5.147:36334, 02fdd9ac-9b8e-435f-9af0-776cbf0977b1:192.168.5.147:35516], old=null
2019-08-21 07:45:28,514 INFO  impl.LeaderElection (LeaderElection.java:logAndReturn(56)) - 77ee72d3-27fc-41fa-81d0-884f4ef5f930:group-26758F5694AC:LeaderElection7: Election REJECTED; received 2 response(s) [77ee72d3-27fc-41fa-81d0-884f4ef5f930<-642257af-9613-4e6b-91ab-7af7f840dc20#0:FAIL-t1, 77ee72d3-27fc-41fa-81d0-884f4ef5f930<-02fdd9ac-9b8e-435f-9af0-776cbf0977b1#0:FAIL-t1] and 0 exception(s); 77ee72d3-27fc-41fa-81d0-884f4ef5f930:t1, leader=null, voted=77ee72d3-27fc-41fa-81d0-884f4ef5f930, raftlog=77ee72d3-27fc-41fa-81d0-884f4ef5f930-SegmentedRaftLog:OPENED:c-1,f-1,i0, conf=-1: [642257af-9613-4e6b-91ab-7af7f840dc20:192.168.5.147:37049, 77ee72d3-27fc-41fa-81d0-884f4ef5f930:192.168.5.147:36334, 02fdd9ac-9b8e-435f-9af0-776cbf0977b1:192.168.5.147:35516], old=null
2019-08-21 07:45:28,523 INFO  impl.RaftServerImpl (RaftServerImpl.java:setRole(171)) - 02fdd9ac-9b8e-435f-9af0-776cbf0977b1:group-26758F5694AC changes role from CANDIDATE to FOLLOWER at term 1 for DISCOVERED_A_NEW_TERM
2019-08-21 07:45:28,528 INFO  impl.RaftServerImpl (RaftServerImpl.java:setRole(171)) - 77ee72d3-27fc-41fa-81d0-884f4ef5f930:group-26758F5694AC changes role from CANDIDATE to FOLLOWER at term 1 for DISCOVERED_A_NEW_TERM
2019-08-21 07:45:28,529 INFO  impl.RoleInfo (RoleInfo.java:shutdownLeaderElection(134)) - 02fdd9ac-9b8e-435f-9af0-776cbf0977b1: shutdown LeaderElection
2019-08-21 07:45:28,526 INFO  impl.RaftServerImpl (RaftServerImpl.java:setRole(171)) - 642257af-9613-4e6b-91ab-7af7f840dc20:group-26758F5694AC changes role from CANDIDATE to FOLLOWER at term 1 for DISCOVERED_A_NEW_TERM
2019-08-21 07:45:28,525 INFO  impl.FollowerState (FollowerState.java:run(106)) - 326330d3-abae-4e18-920c-9856df15a682:group-34FEA2764325 changes to CANDIDATE, lastRpcTime:5076, electionTimeout:5074ms
2019-08-21 07:45:28,530 INFO  impl.RoleInfo (RoleInfo.java:shutdownLeaderElection(134)) - 642257af-9613-4e6b-91ab-7af7f840dc20: shutdown LeaderElection
2019-08-21 07:45:28,530 INFO  impl.RoleInfo (RoleInfo.java:updateAndGet(143)) - 02fdd9ac-9b8e-435f-9af0-776cbf0977b1: start FollowerState
2019-08-21 07:45:28,530 INFO  impl.RoleInfo (RoleInfo.java:shutdownLeaderElection(134)) - 77ee72d3-27fc-41fa-81d0-884f4ef5f930: shutdown LeaderElection
2019-08-21 07:45:28,530 INFO  impl.RoleInfo (RoleInfo.java:updateAndGet(143)) - 642257af-9613-4e6b-91ab-7af7f840dc20: start FollowerState
2019-08-21 07:45:28,532 INFO  impl.RoleInfo (RoleInfo.java:updateAndGet(143)) - 77ee72d3-27fc-41fa-81d0-884f4ef5f930: start FollowerState
2019-08-21 07:45:28,530 INFO  impl.RoleInfo (RoleInfo.java:shutdownFollowerState(121)) - 326330d3-abae-4e18-920c-9856df15a682: shutdown FollowerState
2019-08-21 07:45:28,532 INFO  impl.RaftServerImpl (RaftServerImpl.java:setRole(171)) - 326330d3-abae-4e18-920c-9856df15a682:group-34FEA2764325 changes role from FOLLOWER to CANDIDATE at term 0 for changeToCandidate
2019-08-21 07:45:28,535 INFO  impl.RoleInfo (RoleInfo.java:updateAndGet(143)) - 326330d3-abae-4e18-920c-9856df15a682: start LeaderElection
2019-08-21 07:45:28,548 INFO  impl.FollowerState (FollowerState.java:run(106)) - aa56a20f-82b3-410f-97c8-395f4663f16a:group-34FEA2764325 changes to CANDIDATE, lastRpcTime:5099, electionTimeout:5097ms
2019-08-21 07:45:28,548 INFO  impl.RoleInfo (RoleInfo.java:shutdownFollowerState(121)) - aa56a20f-82b3-410f-97c8-395f4663f16a: shutdown FollowerState
2019-08-21 07:45:28,548 INFO  impl.RaftServerImpl (RaftServerImpl.java:setRole(171)) - aa56a20f-82b3-410f-97c8-395f4663f16a:group-34FEA2764325 changes role from FOLLOWER to CANDIDATE at term 0 for changeToCandidate
2019-08-21 07:45:28,548 INFO  impl.RoleInfo (RoleInfo.java:updateAndGet(143)) - aa56a20f-82b3-410f-97c8-395f4663f16a: start LeaderElection
2019-08-21 07:45:28,553 INFO  impl.LeaderElection (LeaderElection.java:askForVotes(181)) - 326330d3-abae-4e18-920c-9856df15a682:group-34FEA2764325:LeaderElection10: begin an election at term 1 for -1: [aa56a20f-82b3-410f-97c8-395f4663f16a:192.168.5.147:32982, 5fec7d9c-d2d9-4eac-a798-0c765a6cd15b:192.168.5.147:33210, 326330d3-abae-4e18-920c-9856df15a682:192.168.5.147:37766], old=null
2019-08-21 07:45:28,566 INFO  impl.RaftServerImpl (RaftServerImpl.java:setRole(171)) - 5fec7d9c-d2d9-4eac-a798-0c765a6cd15b:group-34FEA2764325 changes role from FOLLOWER to FOLLOWER at term 1 for recognizeCandidate:326330d3-abae-4e18-920c-9856df15a682
2019-08-21 07:45:28,566 INFO  impl.RoleInfo (RoleInfo.java:shutdownFollowerState(121)) - 5fec7d9c-d2d9-4eac-a798-0c765a6cd15b: shutdown FollowerState
2019-08-21 07:45:28,566 INFO  impl.RoleInfo (RoleInfo.java:updateAndGet(143)) - 5fec7d9c-d2d9-4eac-a798-0c765a6cd15b: start FollowerState
2019-08-21 07:45:28,566 INFO  impl.FollowerState (FollowerState.java:run(114)) - 5fec7d9c-d2d9-4eac-a798-0c765a6cd15b: FollowerState was interrupted: java.lang.InterruptedException: sleep interrupted
2019-08-21 07:45:28,568 INFO  impl.LeaderElection (LeaderElection.java:askForVotes(181)) - aa56a20f-82b3-410f-97c8-395f4663f16a:group-34FEA2764325:LeaderElection11: begin an election at term 1 for -1: [aa56a20f-82b3-410f-97c8-395f4663f16a:192.168.5.147:32982, 5fec7d9c-d2d9-4eac-a798-0c765a6cd15b:192.168.5.147:33210, 326330d3-abae-4e18-920c-9856df15a682:192.168.5.147:37766], old=null
2019-08-21 07:45:28,590 INFO  impl.LeaderElection (LeaderElection.java:logAndReturn(56)) - 326330d3-abae-4e18-920c-9856df15a682:group-34FEA2764325:LeaderElection10: Election PASSED; received 2 response(s) [326330d3-abae-4e18-920c-9856df15a682<-aa56a20f-82b3-410f-97c8-395f4663f16a#0:FAIL-t1, 326330d3-abae-4e18-920c-9856df15a682<-5fec7d9c-d2d9-4eac-a798-0c765a6cd15b#0:OK-t1] and 0 exception(s); 326330d3-abae-4e18-920c-9856df15a682:t1, leader=null, voted=326330d3-abae-4e18-920c-9856df15a682, raftlog=326330d3-abae-4e18-920c-9856df15a682-SegmentedRaftLog:OPENED:c-1,f-1,i0, conf=-1: [aa56a20f-82b3-410f-97c8-395f4663f16a:192.168.5.147:32982, 5fec7d9c-d2d9-4eac-a798-0c765a6cd15b:192.168.5.147:33210, 326330d3-abae-4e18-920c-9856df15a682:192.168.5.147:37766], old=null
2019-08-21 07:45:28,590 INFO  impl.LeaderElection (LeaderElection.java:logAndReturn(56)) - aa56a20f-82b3-410f-97c8-395f4663f16a:group-34FEA2764325:LeaderElection11: Election REJECTED; received 2 response(s) [aa56a20f-82b3-410f-97c8-395f4663f16a<-5fec7d9c-d2d9-4eac-a798-0c765a6cd15b#0:FAIL-t1, aa56a20f-82b3-410f-97c8-395f4663f16a<-326330d3-abae-4e18-920c-9856df15a682#0:FAIL-t1] and 0 exception(s); aa56a20f-82b3-410f-97c8-395f4663f16a:t1, leader=null, voted=aa56a20f-82b3-410f-97c8-395f4663f16a, raftlog=aa56a20f-82b3-410f-97c8-395f4663f16a-SegmentedRaftLog:OPENED:c-1,f-1,i0, conf=-1: [aa56a20f-82b3-410f-97c8-395f4663f16a:192.168.5.147:32982, 5fec7d9c-d2d9-4eac-a798-0c765a6cd15b:192.168.5.147:33210, 326330d3-abae-4e18-920c-9856df15a682:192.168.5.147:37766], old=null
2019-08-21 07:45:28,591 INFO  impl.RoleInfo (RoleInfo.java:shutdownLeaderElection(134)) - 326330d3-abae-4e18-920c-9856df15a682: shutdown LeaderElection
2019-08-21 07:45:28,594 INFO  impl.RaftServerImpl (RaftServerImpl.java:setRole(171)) - aa56a20f-82b3-410f-97c8-395f4663f16a:group-34FEA2764325 changes role from CANDIDATE to FOLLOWER at term 1 for DISCOVERED_A_NEW_TERM
2019-08-21 07:45:28,595 INFO  impl.RaftServerImpl (RaftServerImpl.java:setRole(171)) - 326330d3-abae-4e18-920c-9856df15a682:group-34FEA2764325 changes role from CANDIDATE to LEADER at term 1 for changeToLeader
2019-08-21 07:45:28,596 INFO  impl.RoleInfo (RoleInfo.java:shutdownLeaderElection(134)) - aa56a20f-82b3-410f-97c8-395f4663f16a: shutdown LeaderElection
2019-08-21 07:45:28,596 INFO  impl.RaftServerImpl (ServerState.java:setLeader(263)) - 326330d3-abae-4e18-920c-9856df15a682:group-34FEA2764325 change Leader from null to 326330d3-abae-4e18-920c-9856df15a682 at term 1 for becomeLeader, leader elected after 5165ms
2019-08-21 07:45:28,597 INFO  impl.RoleInfo (RoleInfo.java:updateAndGet(143)) - aa56a20f-82b3-410f-97c8-395f4663f16a: start FollowerState
2019-08-21 07:45:28,597 INFO  server.RaftServerConfigKeys (ConfUtils.java:logGet(43)) - raft.server.staging.catchup.gap = 1000 (default)
2019-08-21 07:45:28,602 INFO  server.RaftServerConfigKeys (ConfUtils.java:logGet(43)) - raft.server.rpc.sleep.time = 25ms (default)
2019-08-21 07:45:28,602 INFO  server.RaftServerConfigKeys (ConfUtils.java:logGet(43)) - raft.server.write.element-limit = 4096 (default)
2019-08-21 07:45:28,602 INFO  server.RaftServerConfigKeys (ConfUtils.java:logGet(43)) - raft.server.watch.timeout = 10s (default)
2019-08-21 07:45:28,602 INFO  server.RaftServerConfigKeys (ConfUtils.java:logGet(43)) - raft.server.watch.timeout.denomination = 1s (default)
2019-08-21 07:45:28,602 INFO  server.RaftServerConfigKeys (ConfUtils.java:logGet(43)) - raft.server.watch.element-limit = 65536 (default)
2019-08-21 07:45:28,605 INFO  server.RaftServerConfigKeys (ConfUtils.java:logGet(43)) - raft.server.log.appender.snapshot.chunk.size.max = 16MB (=16777216) (default)
2019-08-21 07:45:28,605 INFO  server.RaftServerConfigKeys (ConfUtils.java:logGet(43)) - raft.server.log.appender.buffer.byte-limit = 33554432 (custom)
2019-08-21 07:45:28,606 INFO  server.RaftServerConfigKeys (ConfUtils.java:logGet(43)) - raft.server.log.appender.buffer.element-limit = 1 (custom)
2019-08-21 07:45:28,609 INFO  grpc.GrpcConfigKeys$Server (ConfUtils.java:logGet(43)) - raft.grpc.server.leader.outstanding.appends.max = 128 (default)
2019-08-21 07:45:28,611 INFO  server.RaftServerConfigKeys (ConfUtils.java:logGet(43)) - raft.server.rpc.request.timeout = 3000ms (default)
2019-08-21 07:45:28,611 INFO  server.RaftServerConfigKeys (ConfUtils.java:logGet(43)) - raft.server.log.appender.install.snapshot.enabled = false (custom)
2019-08-21 07:45:28,611 INFO  server.RaftServerConfigKeys (ConfUtils.java:logGet(43)) - raft.server.log.appender.snapshot.chunk.size.max = 16MB (=16777216) (default)
2019-08-21 07:45:28,611 INFO  server.RaftServerConfigKeys (ConfUtils.java:logGet(43)) - raft.server.log.appender.buffer.byte-limit = 33554432 (custom)
2019-08-21 07:45:28,611 INFO  server.RaftServerConfigKeys (ConfUtils.java:logGet(43)) - raft.server.log.appender.buffer.element-limit = 1 (custom)
2019-08-21 07:45:28,612 INFO  grpc.GrpcConfigKeys$Server (ConfUtils.java:logGet(43)) - raft.grpc.server.leader.outstanding.appends.max = 128 (default)
2019-08-21 07:45:28,612 INFO  server.RaftServerConfigKeys (ConfUtils.java:logGet(43)) - raft.server.rpc.request.timeout = 3000ms (default)
2019-08-21 07:45:28,612 INFO  server.RaftServerConfigKeys (ConfUtils.java:logGet(43)) - raft.server.log.appender.install.snapshot.enabled = false (custom)
2019-08-21 07:45:28,614 INFO  impl.RoleInfo (RoleInfo.java:updateAndGet(143)) - 326330d3-abae-4e18-920c-9856df15a682: start LeaderState
2019-08-21 07:45:28,614 INFO  segmented.SegmentedRaftLogWorker (SegmentedRaftLogWorker.java:startLogSegment(380)) - 326330d3-abae-4e18-920c-9856df15a682-SegmentedRaftLogWorker:Storage Directory /workdir/hadoop-ozone/integration-test/target/test-dir/MiniOzoneClusterImpl-21103cdb-0298-4d99-8525-2fbf5bad4ea2/datanode-2/data/ratis/4566f340-dae5-4e0e-9fd9-34fea2764325: Starting segment from index:0
2019-08-21 07:45:28,615 INFO  impl.RaftServerImpl (ServerState.java:setRaftConf(361)) - 326330d3-abae-4e18-920c-9856df15a682:group-34FEA2764325 set configuration 0: [aa56a20f-82b3-410f-97c8-395f4663f16a:192.168.5.147:32982, 5fec7d9c-d2d9-4eac-a798-0c765a6cd15b:192.168.5.147:33210, 326330d3-abae-4e18-920c-9856df15a682:192.168.5.147:37766], old=null at 0
2019-08-21 07:45:28,660 INFO  segmented.SegmentedRaftLogWorker (SegmentedRaftLogWorker.java:execute(569)) - 326330d3-abae-4e18-920c-9856df15a682-SegmentedRaftLogWorker:Storage Directory /workdir/hadoop-ozone/integration-test/target/test-dir/MiniOzoneClusterImpl-21103cdb-0298-4d99-8525-2fbf5bad4ea2/datanode-2/data/ratis/4566f340-dae5-4e0e-9fd9-34fea2764325: created new log segment /workdir/hadoop-ozone/integration-test/target/test-dir/MiniOzoneClusterImpl-21103cdb-0298-4d99-8525-2fbf5bad4ea2/datanode-2/data/ratis/4566f340-dae5-4e0e-9fd9-34fea2764325/current/log_inprogress_0
2019-08-21 07:45:28,668 INFO  impl.RaftServerImpl (ServerState.java:setLeader(263)) - aa56a20f-82b3-410f-97c8-395f4663f16a:group-34FEA2764325 change Leader from null to 326330d3-abae-4e18-920c-9856df15a682 at term 1 for appendEntries, leader elected after 5238ms
2019-08-21 07:45:28,669 INFO  impl.RaftServerImpl (ServerState.java:setLeader(263)) - 5fec7d9c-d2d9-4eac-a798-0c765a6cd15b:group-34FEA2764325 change Leader from null to 326330d3-abae-4e18-920c-9856df15a682 at term 1 for appendEntries, leader elected after 5238ms
2019-08-21 07:45:28,708 INFO  impl.RaftServerImpl (ServerState.java:setRaftConf(361)) - aa56a20f-82b3-410f-97c8-395f4663f16a:group-34FEA2764325 set configuration 0: [aa56a20f-82b3-410f-97c8-395f4663f16a:192.168.5.147:32982, 5fec7d9c-d2d9-4eac-a798-0c765a6cd15b:192.168.5.147:33210, 326330d3-abae-4e18-920c-9856df15a682:192.168.5.147:37766], old=null at 0
2019-08-21 07:45:28,708 INFO  impl.RaftServerImpl (ServerState.java:setRaftConf(361)) - 5fec7d9c-d2d9-4eac-a798-0c765a6cd15b:group-34FEA2764325 set configuration 0: [aa56a20f-82b3-410f-97c8-395f4663f16a:192.168.5.147:32982, 5fec7d9c-d2d9-4eac-a798-0c765a6cd15b:192.168.5.147:33210, 326330d3-abae-4e18-920c-9856df15a682:192.168.5.147:37766], old=null at 0
2019-08-21 07:45:28,708 INFO  segmented.SegmentedRaftLogWorker (SegmentedRaftLogWorker.java:startLogSegment(380)) - aa56a20f-82b3-410f-97c8-395f4663f16a-SegmentedRaftLogWorker:Storage Directory /workdir/hadoop-ozone/integration-test/target/test-dir/MiniOzoneClusterImpl-21103cdb-0298-4d99-8525-2fbf5bad4ea2/datanode-1/data/ratis/4566f340-dae5-4e0e-9fd9-34fea2764325: Starting segment from index:0
2019-08-21 07:45:28,708 INFO  segmented.SegmentedRaftLogWorker (SegmentedRaftLogWorker.java:startLogSegment(380)) - 5fec7d9c-d2d9-4eac-a798-0c765a6cd15b-SegmentedRaftLogWorker:Storage Directory /workdir/hadoop-ozone/integration-test/target/test-dir/MiniOzoneClusterImpl-21103cdb-0298-4d99-8525-2fbf5bad4ea2/datanode-3/data/ratis/4566f340-dae5-4e0e-9fd9-34fea2764325: Starting segment from index:0
2019-08-21 07:45:28,767 INFO  segmented.SegmentedRaftLogWorker (SegmentedRaftLogWorker.java:execute(569)) - 5fec7d9c-d2d9-4eac-a798-0c765a6cd15b-SegmentedRaftLogWorker:Storage Directory /workdir/hadoop-ozone/integration-test/target/test-dir/MiniOzoneClusterImpl-21103cdb-0298-4d99-8525-2fbf5bad4ea2/datanode-3/data/ratis/4566f340-dae5-4e0e-9fd9-34fea2764325: created new log segment /workdir/hadoop-ozone/integration-test/target/test-dir/MiniOzoneClusterImpl-21103cdb-0298-4d99-8525-2fbf5bad4ea2/datanode-3/data/ratis/4566f340-dae5-4e0e-9fd9-34fea2764325/current/log_inprogress_0
2019-08-21 07:45:28,767 INFO  segmented.SegmentedRaftLogWorker (SegmentedRaftLogWorker.java:execute(569)) - aa56a20f-82b3-410f-97c8-395f4663f16a-SegmentedRaftLogWorker:Storage Directory /workdir/hadoop-ozone/integration-test/target/test-dir/MiniOzoneClusterImpl-21103cdb-0298-4d99-8525-2fbf5bad4ea2/datanode-1/data/ratis/4566f340-dae5-4e0e-9fd9-34fea2764325: created new log segment /workdir/hadoop-ozone/integration-test/target/test-dir/MiniOzoneClusterImpl-21103cdb-0298-4d99-8525-2fbf5bad4ea2/datanode-1/data/ratis/4566f340-dae5-4e0e-9fd9-34fea2764325/current/log_inprogress_0
2019-08-21 07:45:29,266 INFO  client.GrpcClientProtocolClient (GrpcClientProtocolClient.java:onNext(255)) - client-9751E7A1DE71->642257af-9613-4e6b-91ab-7af7f840dc20: receive RaftClientReply:client-9751E7A1DE71->642257af-9613-4e6b-91ab-7af7f840dc20@group-26758F5694AC, cid=16, FAILED org.apache.ratis.protocol.NotLeaderException: Server 642257af-9613-4e6b-91ab-7af7f840dc20 is not the leader (null). Request must be sent to leader., logIndex=0, commits[642257af-9613-4e6b-91ab-7af7f840dc20:c-1]
2019-08-21 07:45:30,299 INFO  client.GrpcClientProtocolClient (GrpcClientProtocolClient.java:onNext(255)) - client-9751E7A1DE71->02fdd9ac-9b8e-435f-9af0-776cbf0977b1: receive RaftClientReply:client-9751E7A1DE71->02fdd9ac-9b8e-435f-9af0-776cbf0977b1@group-26758F5694AC, cid=16, FAILED org.apache.ratis.protocol.NotLeaderException: Server 02fdd9ac-9b8e-435f-9af0-776cbf0977b1 is not the leader (null). Request must be sent to leader., logIndex=0, commits[02fdd9ac-9b8e-435f-9af0-776cbf0977b1:c-1]
2019-08-21 07:45:31,331 INFO  client.GrpcClientProtocolClient (GrpcClientProtocolClient.java:onNext(255)) - client-9751E7A1DE71->77ee72d3-27fc-41fa-81d0-884f4ef5f930: receive RaftClientReply:client-9751E7A1DE71->77ee72d3-27fc-41fa-81d0-884f4ef5f930@group-26758F5694AC, cid=16, FAILED org.apache.ratis.protocol.NotLeaderException: Server 77ee72d3-27fc-41fa-81d0-884f4ef5f930 is not the leader (null). Request must be sent to leader., logIndex=0, commits[77ee72d3-27fc-41fa-81d0-884f4ef5f930:c-1]
2019-08-21 07:45:32,362 INFO  client.GrpcClientProtocolClient (GrpcClientProtocolClient.java:onNext(255)) - client-9751E7A1DE71->02fdd9ac-9b8e-435f-9af0-776cbf0977b1: receive RaftClientReply:client-9751E7A1DE71->02fdd9ac-9b8e-435f-9af0-776cbf0977b1@group-26758F5694AC, cid=16, FAILED org.apache.ratis.protocol.NotLeaderException: Server 02fdd9ac-9b8e-435f-9af0-776cbf0977b1 is not the leader (null). Request must be sent to leader., logIndex=0, commits[02fdd9ac-9b8e-435f-9af0-776cbf0977b1:c-1]
2019-08-21 07:45:32,374 WARN  io.KeyOutputStream (KeyOutputStream.java:handleException(276)) - Encountered exception java.io.IOException: Unexpected Storage Container Exception: java.util.concurrent.CompletionException: java.util.concurrent.CompletionException: org.apache.ratis.protocol.RaftRetryFailureException: Failed RaftClientRequest:client-9751E7A1DE71->02fdd9ac-9b8e-435f-9af0-776cbf0977b1@group-26758F5694AC, cid=16, seq=1*, RW, org.apache.hadoop.hdds.scm.XceiverClientRatis$$Lambda$317/686275377@38d21588 for 5 attempts with RetryLimited(maxAttempts=5, sleepTime=1000ms) on the pipeline Pipeline[ Id: 33244a7d-b6dd-41df-98ba-26758f5694ac, Nodes: 77ee72d3-27fc-41fa-81d0-884f4ef5f930{ip: 192.168.5.147, host: pr-hdds-1935-7zzrp-4268841518, networkLocation: /default-rack, certSerialId: null}02fdd9ac-9b8e-435f-9af0-776cbf0977b1{ip: 192.168.5.147, host: pr-hdds-1935-7zzrp-4268841518, networkLocation: /default-rack, certSerialId: null}642257af-9613-4e6b-91ab-7af7f840dc20{ip: 192.168.5.147, host: pr-hdds-1935-7zzrp-4268841518, networkLocation: /default-rack, certSerialId: null}, Type:RATIS, Factor:THREE, State:OPEN]. The last committed block length is 0, uncommitted data length is 2097152 retry count 1
2019-08-21 07:45:32,389 WARN  block.BlockManagerImpl (BlockManagerImpl.java:allocateBlock(192)) - Pipeline creation failed for type:RATIS factor:THREE. Retrying get pipelines call once.
org.apache.hadoop.hdds.scm.pipeline.InsufficientDatanodesException: Cannot create pipeline of factor 3 using 0 nodes.
	at org.apache.hadoop.hdds.scm.pipeline.RatisPipelineProvider.create(RatisPipelineProvider.java:151)
	at org.apache.hadoop.hdds.scm.pipeline.PipelineFactory.create(PipelineFactory.java:57)
	at org.apache.hadoop.hdds.scm.pipeline.SCMPipelineManager.createPipeline(SCMPipelineManager.java:149)
	at org.apache.hadoop.hdds.scm.block.BlockManagerImpl.allocateBlock(BlockManagerImpl.java:190)
	at org.apache.hadoop.hdds.scm.server.SCMBlockProtocolServer.allocateBlock(SCMBlockProtocolServer.java:182)
	at org.apache.hadoop.ozone.protocolPB.ScmBlockLocationProtocolServerSideTranslatorPB.allocateScmBlock(ScmBlockLocationProtocolServerSideTranslatorPB.java:191)
	at org.apache.hadoop.ozone.protocolPB.ScmBlockLocationProtocolServerSideTranslatorPB.processMessage(ScmBlockLocationProtocolServerSideTranslatorPB.java:141)
	at org.apache.hadoop.ozone.protocolPB.ScmBlockLocationProtocolServerSideTranslatorPB.send(ScmBlockLocationProtocolServerSideTranslatorPB.java:116)
	at org.apache.hadoop.hdds.protocol.proto.ScmBlockLocationProtocolProtos$ScmBlockLocationProtocolService$2.callBlockingMethod(ScmBlockLocationProtocolProtos.java:13157)
	at org.apache.hadoop.ipc.ProtobufRpcEngine$Server$ProtoBufRpcInvoker.call(ProtobufRpcEngine.java:524)
	at org.apache.hadoop.ipc.RPC$Server.call(RPC.java:1025)
	at org.apache.hadoop.ipc.Server$RpcCall.run(Server.java:876)
	at org.apache.hadoop.ipc.Server$RpcCall.run(Server.java:822)
	at java.security.AccessController.doPrivileged(Native Method)
	at javax.security.auth.Subject.doAs(Subject.java:422)
	at org.apache.hadoop.security.UserGroupInformation.doAs(UserGroupInformation.java:1730)
	at org.apache.hadoop.ipc.Server$Handler.run(Server.java:2682)
2019-08-21 07:45:32,393 INFO  block.BlockManagerImpl (BlockManagerImpl.java:allocateBlock(198)) - Could not find available pipeline of type:RATIS and factor:THREE even after retrying
2019-08-21 07:45:32,393 ERROR block.BlockManagerImpl (BlockManagerImpl.java:allocateBlock(222)) - Unable to allocate a block for the size: 4194304, type: RATIS, factor: THREE
07:45:32.398 [IPC Server handler 1 on 42104] ERROR OMAudit - user=jenkins1000 | ip=127.0.0.1 | op=ALLOCATE_BLOCK {volume=datanodefailurehandlingtest, bucket=datanodefailurehandlingtest, key=ratis3, dataSize=0, replicationType=null, replicationFactor=null, keyLocationInfo=null, clientID=102653855235309568} | ret=FAILURE
org.apache.hadoop.hdds.scm.exceptions.SCMException: Allocated 0 blocks. Requested 1 blocks
	at org.apache.hadoop.hdds.scm.protocolPB.ScmBlockLocationProtocolClientSideTranslatorPB.handleError(ScmBlockLocationProtocolClientSideTranslatorPB.java:118) ~[hadoop-hdds-common-0.5.0-SNAPSHOT.jar:?]
	at org.apache.hadoop.hdds.scm.protocolPB.ScmBlockLocationProtocolClientSideTranslatorPB.allocateBlock(ScmBlockLocationProtocolClientSideTranslatorPB.java:156) ~[hadoop-hdds-common-0.5.0-SNAPSHOT.jar:?]
	at sun.reflect.NativeMethodAccessorImpl.invoke0(Native Method) ~[?:1.8.0_212]
	at sun.reflect.NativeMethodAccessorImpl.invoke(NativeMethodAccessorImpl.java:62) ~[?:1.8.0_212]
	at sun.reflect.DelegatingMethodAccessorImpl.invoke(DelegatingMethodAccessorImpl.java:43) ~[?:1.8.0_212]
	at java.lang.reflect.Method.invoke(Method.java:498) ~[?:1.8.0_212]
	at org.apache.hadoop.hdds.tracing.TraceAllMethod.invoke(TraceAllMethod.java:66) ~[hadoop-hdds-common-0.5.0-SNAPSHOT.jar:?]
	at com.sun.proxy.$Proxy25.allocateBlock(Unknown Source) ~[?:?]
	at org.apache.hadoop.ozone.om.KeyManagerImpl.allocateBlock(KeyManagerImpl.java:333) ~[hadoop-ozone-ozone-manager-0.5.0-SNAPSHOT.jar:?]
	at org.apache.hadoop.ozone.om.KeyManagerImpl.allocateBlock(KeyManagerImpl.java:304) ~[hadoop-ozone-ozone-manager-0.5.0-SNAPSHOT.jar:?]
	at org.apache.hadoop.ozone.om.OzoneManager.allocateBlock(OzoneManager.java:2308) [hadoop-ozone-ozone-manager-0.5.0-SNAPSHOT.jar:?]
	at org.apache.hadoop.ozone.protocolPB.OzoneManagerRequestHandler.allocateBlock(OzoneManagerRequestHandler.java:740) [hadoop-ozone-ozone-manager-0.5.0-SNAPSHOT.jar:?]
	at org.apache.hadoop.ozone.protocolPB.OzoneManagerRequestHandler.handle(OzoneManagerRequestHandler.java:243) [hadoop-ozone-ozone-manager-0.5.0-SNAPSHOT.jar:?]
	at org.apache.hadoop.ozone.protocolPB.OzoneManagerProtocolServerSideTranslatorPB.submitRequestDirectlyToOM(OzoneManagerProtocolServerSideTranslatorPB.java:233) [hadoop-ozone-ozone-manager-0.5.0-SNAPSHOT.jar:?]
	at org.apache.hadoop.ozone.protocolPB.OzoneManagerProtocolServerSideTranslatorPB.processRequest(OzoneManagerProtocolServerSideTranslatorPB.java:151) [hadoop-ozone-ozone-manager-0.5.0-SNAPSHOT.jar:?]
	at org.apache.hadoop.ozone.protocolPB.OzoneManagerProtocolServerSideTranslatorPB.submitRequest(OzoneManagerProtocolServerSideTranslatorPB.java:105) [hadoop-ozone-ozone-manager-0.5.0-SNAPSHOT.jar:?]
	at org.apache.hadoop.ozone.protocol.proto.OzoneManagerProtocolProtos$OzoneManagerService$2.callBlockingMethod(OzoneManagerProtocolProtos.java) [hadoop-ozone-common-0.5.0-SNAPSHOT.jar:?]
	at org.apache.hadoop.ipc.ProtobufRpcEngine$Server$ProtoBufRpcInvoker.call(ProtobufRpcEngine.java:524) [hadoop-common-3.2.0.jar:?]
	at org.apache.hadoop.ipc.RPC$Server.call(RPC.java:1025) [hadoop-common-3.2.0.jar:?]
	at org.apache.hadoop.ipc.Server$RpcCall.run(Server.java:876) [hadoop-common-3.2.0.jar:?]
	at org.apache.hadoop.ipc.Server$RpcCall.run(Server.java:822) [hadoop-common-3.2.0.jar:?]
	at java.security.AccessController.doPrivileged(Native Method) [?:1.8.0_212]
	at javax.security.auth.Subject.doAs(Subject.java:422) [?:1.8.0_212]
	at org.apache.hadoop.security.UserGroupInformation.doAs(UserGroupInformation.java:1730) [hadoop-common-3.2.0.jar:?]
	at org.apache.hadoop.ipc.Server$Handler.run(Server.java:2682) [hadoop-common-3.2.0.jar:?]
2019-08-21 07:45:32,416 ERROR io.BlockOutputStreamEntryPool (BlockOutputStreamEntryPool.java:allocateBlockIfNeeded(299)) - Try to allocate more blocks for write failed, already allocated 0 blocks for this write.
INTERNAL_ERROR org.apache.hadoop.ozone.om.exceptions.OMException: Allocated 0 blocks. Requested 1 blocks
	at org.apache.hadoop.ozone.om.protocolPB.OzoneManagerProtocolClientSideTranslatorPB.handleError(OzoneManagerProtocolClientSideTranslatorPB.java:720)
	at org.apache.hadoop.ozone.om.protocolPB.OzoneManagerProtocolClientSideTranslatorPB.allocateBlock(OzoneManagerProtocolClientSideTranslatorPB.java:752)
	at org.apache.hadoop.ozone.client.io.BlockOutputStreamEntryPool.allocateNewBlock(BlockOutputStreamEntryPool.java:248)
	at org.apache.hadoop.ozone.client.io.BlockOutputStreamEntryPool.allocateBlockIfNeeded(BlockOutputStreamEntryPool.java:296)
	at org.apache.hadoop.ozone.client.io.KeyOutputStream.handleWrite(KeyOutputStream.java:201)
	at org.apache.hadoop.ozone.client.io.KeyOutputStream.handleRetry(KeyOutputStream.java:376)
	at org.apache.hadoop.ozone.client.io.KeyOutputStream.handleException(KeyOutputStream.java:325)
	at org.apache.hadoop.ozone.client.io.KeyOutputStream.handleWrite(KeyOutputStream.java:231)
	at org.apache.hadoop.ozone.client.io.KeyOutputStream.handleRetry(KeyOutputStream.java:376)
	at org.apache.hadoop.ozone.client.io.KeyOutputStream.handleException(KeyOutputStream.java:325)
	at org.apache.hadoop.ozone.client.io.KeyOutputStream.handleWrite(KeyOutputStream.java:231)
	at org.apache.hadoop.ozone.client.io.KeyOutputStream.write(KeyOutputStream.java:193)
	at org.apache.hadoop.ozone.client.io.OzoneOutputStream.write(OzoneOutputStream.java:49)
	at java.io.OutputStream.write(OutputStream.java:75)
	at org.apache.hadoop.ozone.client.rpc.TestMultiBlockWritesWithDnFailures.testMultiBlockWritesWithDnFailures(TestMultiBlockWritesWithDnFailures.java:122)
	at sun.reflect.NativeMethodAccessorImpl.invoke0(Native Method)
	at sun.reflect.NativeMethodAccessorImpl.invoke(NativeMethodAccessorImpl.java:62)
	at sun.reflect.DelegatingMethodAccessorImpl.invoke(DelegatingMethodAccessorImpl.java:43)
	at java.lang.reflect.Method.invoke(Method.java:498)
	at org.junit.runners.model.FrameworkMethod$1.runReflectiveCall(FrameworkMethod.java:47)
	at org.junit.internal.runners.model.ReflectiveCallable.run(ReflectiveCallable.java:12)
	at org.junit.runners.model.FrameworkMethod.invokeExplosively(FrameworkMethod.java:44)
	at org.junit.internal.runners.statements.InvokeMethod.evaluate(InvokeMethod.java:17)
	at org.junit.runners.ParentRunner.runLeaf(ParentRunner.java:271)
	at org.junit.runners.BlockJUnit4ClassRunner.runChild(BlockJUnit4ClassRunner.java:70)
	at org.junit.runners.BlockJUnit4ClassRunner.runChild(BlockJUnit4ClassRunner.java:50)
	at org.junit.runners.ParentRunner$3.run(ParentRunner.java:238)
	at org.junit.runners.ParentRunner$1.schedule(ParentRunner.java:63)
	at org.junit.runners.ParentRunner.runChildren(ParentRunner.java:236)
	at org.junit.runners.ParentRunner.access$000(ParentRunner.java:53)
	at org.junit.runners.ParentRunner$2.evaluate(ParentRunner.java:229)
	at org.junit.runners.ParentRunner.run(ParentRunner.java:309)
	at org.apache.maven.surefire.junit4.JUnit4Provider.execute(JUnit4Provider.java:365)
	at org.apache.maven.surefire.junit4.JUnit4Provider.executeWithRerun(JUnit4Provider.java:273)
	at org.apache.maven.surefire.junit4.JUnit4Provider.executeTestSet(JUnit4Provider.java:238)
	at org.apache.maven.surefire.junit4.JUnit4Provider.invoke(JUnit4Provider.java:159)
	at org.apache.maven.surefire.booter.ForkedBooter.invokeProviderInSameClassLoader(ForkedBooter.java:384)
	at org.apache.maven.surefire.booter.ForkedBooter.runSuitesInProcess(ForkedBooter.java:345)
	at org.apache.maven.surefire.booter.ForkedBooter.execute(ForkedBooter.java:126)
	at org.apache.maven.surefire.booter.ForkedBooter.main(ForkedBooter.java:418)
]]></system-out>
    <system-err><![CDATA[ERROR StatusLogger No Log4j 2 configuration file found. Using default configuration (logging only errors to the console), or user programmatically provided configurations. Set system property 'log4j2.debug' to show Log4j 2 internal initialization logging. See https://logging.apache.org/log4j/2.x/manual/configuration.html for instructions on how to configure Log4j 2
Aug 21, 2019 7:45:16 AM com.sun.jersey.server.impl.application.WebApplicationImpl _initiate
INFO: Initiating Jersey application, version 'Jersey: 1.19 02/11/2015 03:25 AM'
Aug 21, 2019 7:45:17 AM com.sun.jersey.server.impl.application.WebApplicationImpl _initiate
INFO: Initiating Jersey application, version 'Jersey: 1.19 02/11/2015 03:25 AM'
Aug 21, 2019 7:45:17 AM com.sun.jersey.server.impl.application.WebApplicationImpl _initiate
INFO: Initiating Jersey application, version 'Jersey: 1.19 02/11/2015 03:25 AM'
Aug 21, 2019 7:45:18 AM com.sun.jersey.server.impl.application.WebApplicationImpl _initiate
INFO: Initiating Jersey application, version 'Jersey: 1.19 02/11/2015 03:25 AM'
Aug 21, 2019 7:45:18 AM com.sun.jersey.server.impl.application.WebApplicationImpl _initiate
INFO: Initiating Jersey application, version 'Jersey: 1.19 02/11/2015 03:25 AM'
Aug 21, 2019 7:45:18 AM com.sun.jersey.server.impl.application.WebApplicationImpl _initiate
INFO: Initiating Jersey application, version 'Jersey: 1.19 02/11/2015 03:25 AM'
]]></system-err>
  </testcase>
</testsuite>