<?xml version="1.0" encoding="UTF-8"?>
<testsuite xmlns:xsi="http://www.w3.org/2001/XMLSchema-instance" xsi:noNamespaceSchemaLocation="https://maven.apache.org/surefire/maven-surefire-plugin/xsd/surefire-test-report.xsd" name="org.apache.hadoop.ozone.client.rpc.TestBlockOutputStreamWithFailures" time="742.521" tests="8" errors="0" skipped="0" failures="1">
  <properties>
    <property name="awt.toolkit" value="sun.awt.X11.XToolkit"/>
    <property name="file.encoding.pkg" value="sun.io"/>
    <property name="java.specification.version" value="1.8"/>
    <property name="sun.cpu.isalist" value=""/>
    <property name="sun.jnu.encoding" value="UTF-8"/>
    <property name="java.class.path" value="/workdir/hadoop-ozone/integration-test/target/test-classes:/workdir/hadoop-ozone/integration-test/target/classes:/home/user/.m2/repository/org/apache/hadoop/hadoop-ozone-common/0.5.0-SNAPSHOT/hadoop-ozone-common-0.5.0-SNAPSHOT.jar:/home/user/.m2/repository/org/apache/commons/commons-compress/1.4.1/commons-compress-1.4.1.jar:/home/user/.m2/repository/org/tukaani/xz/1.0/xz-1.0.jar:/home/user/.m2/repository/org/apache/hadoop/hadoop-common/3.2.0/hadoop-common-3.2.0.jar:/home/user/.m2/repository/org/apache/hadoop/hadoop-hdfs/3.2.0/hadoop-hdfs-3.2.0.jar:/home/user/.m2/repository/org/apache/hadoop/hadoop-hdfs-client/3.2.0/hadoop-hdfs-client-3.2.0.jar:/home/user/.m2/repository/com/fasterxml/jackson/core/jackson-annotations/2.9.5/jackson-annotations-2.9.5.jar:/home/user/.m2/repository/org/apache/hadoop/hadoop-hdds-common/0.5.0-SNAPSHOT/hadoop-hdds-common-0.5.0-SNAPSHOT.jar:/home/user/.m2/repository/javax/annotation/javax.annotation-api/1.2/javax.annotation-api-1.2.jar:/home/user/.m2/repository/org/apache/ratis/ratis-server/0.4.0-2337318-SNAPSHOT/ratis-server-0.4.0-2337318-SNAPSHOT.jar:/home/user/.m2/repository/org/apache/ratis/ratis-thirdparty-misc/0.2.0/ratis-thirdparty-misc-0.2.0.jar:/home/user/.m2/repository/org/apache/ratis/ratis-proto/0.4.0-2337318-SNAPSHOT/ratis-proto-0.4.0-2337318-SNAPSHOT.jar:/home/user/.m2/repository/org/apache/ratis/ratis-common/0.4.0-2337318-SNAPSHOT/ratis-common-0.4.0-2337318-SNAPSHOT.jar:/home/user/.m2/repository/org/apache/ratis/ratis-client/0.4.0-2337318-SNAPSHOT/ratis-client-0.4.0-2337318-SNAPSHOT.jar:/home/user/.m2/repository/org/apache/ratis/ratis-metrics/0.4.0-2337318-SNAPSHOT/ratis-metrics-0.4.0-2337318-SNAPSHOT.jar:/home/user/.m2/repository/org/apache/ratis/ratis-netty/0.4.0-2337318-SNAPSHOT/ratis-netty-0.4.0-2337318-SNAPSHOT.jar:/home/user/.m2/repository/org/apache/ratis/ratis-grpc/0.4.0-2337318-SNAPSHOT/ratis-grpc-0.4.0-2337318-SNAPSHOT.jar:/home/user/.m2/repository/org/rocksdb/rocksdbjni/6.0.1/rocksdbjni-6.0.1.jar:/home/user/.m2/repository/org/apache/logging/log4j/log4j-api/2.11.0/log4j-api-2.11.0.jar:/home/user/.m2/repository/org/apache/logging/log4j/log4j-core/2.11.0/log4j-core-2.11.0.jar:/home/user/.m2/repository/com/lmax/disruptor/3.4.2/disruptor-3.4.2.jar:/home/user/.m2/repository/org/apache/commons/commons-pool2/2.6.0/commons-pool2-2.6.0.jar:/home/user/.m2/repository/org/bouncycastle/bcpkix-jdk15on/1.60/bcpkix-jdk15on-1.60.jar:/home/user/.m2/repository/commons-validator/commons-validator/1.6/commons-validator-1.6.jar:/home/user/.m2/repository/commons-digester/commons-digester/1.8.1/commons-digester-1.8.1.jar:/home/user/.m2/repository/io/jaegertracing/jaeger-client/0.33.1/jaeger-client-0.33.1.jar:/home/user/.m2/repository/io/jaegertracing/jaeger-thrift/0.33.1/jaeger-thrift-0.33.1.jar:/home/user/.m2/repository/org/apache/thrift/libthrift/0.11.0/libthrift-0.11.0.jar:/home/user/.m2/repository/com/squareup/okhttp3/okhttp/3.9.0/okhttp-3.9.0.jar:/home/user/.m2/repository/com/squareup/okio/okio/1.13.0/okio-1.13.0.jar:/home/user/.m2/repository/io/jaegertracing/jaeger-core/0.33.1/jaeger-core-0.33.1.jar:/home/user/.m2/repository/io/jaegertracing/jaeger-tracerresolver/0.33.1/jaeger-tracerresolver-0.33.1.jar:/home/user/.m2/repository/io/opentracing/contrib/opentracing-tracerresolver/0.1.5/opentracing-tracerresolver-0.1.5.jar:/home/user/.m2/repository/io/opentracing/opentracing-util/0.31.0/opentracing-util-0.31.0.jar:/home/user/.m2/repository/io/opentracing/opentracing-api/0.31.0/opentracing-api-0.31.0.jar:/home/user/.m2/repository/io/opentracing/opentracing-noop/0.31.0/opentracing-noop-0.31.0.jar:/home/user/.m2/repository/org/apache/hadoop/hadoop-hdds-server-framework/0.5.0-SNAPSHOT/hadoop-hdds-server-framework-0.5.0-SNAPSHOT.jar:/home/user/.m2/repository/org/apache/hadoop/hadoop-hdds-container-service/0.5.0-SNAPSHOT/hadoop-hdds-container-service-0.5.0-SNAPSHOT.jar:/home/user/.m2/repository/org/apache/hadoop/hadoop-hdds-client/0.5.0-SNAPSHOT/hadoop-hdds-client-0.5.0-SNAPSHOT.jar:/home/user/.m2/repository/org/apache/hadoop/hadoop-hdds-tools/0.5.0-SNAPSHOT/hadoop-hdds-tools-0.5.0-SNAPSHOT.jar:/home/user/.m2/repository/org/apache/hadoop/hadoop-hdds-server-scm/0.5.0-SNAPSHOT/hadoop-hdds-server-scm-0.5.0-SNAPSHOT.jar:/home/user/.m2/repository/org/apache/hadoop/hadoop-hdds-docs/0.5.0-SNAPSHOT/hadoop-hdds-docs-0.5.0-SNAPSHOT.jar:/home/user/.m2/repository/io/dropwizard/metrics/metrics-core/3.2.4/metrics-core-3.2.4.jar:/home/user/.m2/repository/org/hamcrest/hamcrest-all/1.3/hamcrest-all-1.3.jar:/home/user/.m2/repository/org/bouncycastle/bcprov-jdk15on/1.60/bcprov-jdk15on-1.60.jar:/home/user/.m2/repository/info/picocli/picocli/3.9.6/picocli-3.9.6.jar:/home/user/.m2/repository/com/google/protobuf/protobuf-java/2.5.0/protobuf-java-2.5.0.jar:/home/user/.m2/repository/com/google/guava/guava/11.0.2/guava-11.0.2.jar:/home/user/.m2/repository/org/apache/hadoop/hadoop-ozone-ozone-manager/0.5.0-SNAPSHOT/hadoop-ozone-ozone-manager-0.5.0-SNAPSHOT.jar:/home/user/.m2/repository/org/apache/hadoop/hadoop-minikdc/3.2.0/hadoop-minikdc-3.2.0.jar:/home/user/.m2/repository/commons-io/commons-io/2.5/commons-io-2.5.jar:/home/user/.m2/repository/org/apache/kerby/kerb-simplekdc/1.0.1/kerb-simplekdc-1.0.1.jar:/home/user/.m2/repository/org/apache/kerby/kerb-client/1.0.1/kerb-client-1.0.1.jar:/home/user/.m2/repository/org/apache/kerby/kerby-config/1.0.1/kerby-config-1.0.1.jar:/home/user/.m2/repository/org/apache/kerby/kerb-core/1.0.1/kerb-core-1.0.1.jar:/home/user/.m2/repository/org/apache/kerby/kerby-pkix/1.0.1/kerby-pkix-1.0.1.jar:/home/user/.m2/repository/org/apache/kerby/kerby-asn1/1.0.1/kerby-asn1-1.0.1.jar:/home/user/.m2/repository/org/apache/kerby/kerby-util/1.0.1/kerby-util-1.0.1.jar:/home/user/.m2/repository/org/apache/kerby/kerb-common/1.0.1/kerb-common-1.0.1.jar:/home/user/.m2/repository/org/apache/kerby/kerb-crypto/1.0.1/kerb-crypto-1.0.1.jar:/home/user/.m2/repository/org/apache/kerby/kerb-util/1.0.1/kerb-util-1.0.1.jar:/home/user/.m2/repository/org/apache/kerby/token-provider/1.0.1/token-provider-1.0.1.jar:/home/user/.m2/repository/org/apache/kerby/kerb-admin/1.0.1/kerb-admin-1.0.1.jar:/home/user/.m2/repository/org/apache/kerby/kerb-server/1.0.1/kerb-server-1.0.1.jar:/home/user/.m2/repository/org/apache/kerby/kerb-identity/1.0.1/kerb-identity-1.0.1.jar:/home/user/.m2/repository/org/apache/kerby/kerby-xdr/1.0.1/kerby-xdr-1.0.1.jar:/home/user/.m2/repository/org/slf4j/slf4j-log4j12/1.7.25/slf4j-log4j12-1.7.25.jar:/home/user/.m2/repository/org/apache/hadoop/hadoop-ozone-objectstore-service/0.5.0-SNAPSHOT/hadoop-ozone-objectstore-service-0.5.0-SNAPSHOT.jar:/home/user/.m2/repository/org/apache/hadoop/hadoop-ozone-s3gateway/0.5.0-SNAPSHOT/hadoop-ozone-s3gateway-0.5.0-SNAPSHOT.jar:/home/user/.m2/repository/org/jboss/weld/servlet/weld-servlet/2.4.7.Final/weld-servlet-2.4.7.Final.jar:/home/user/.m2/repository/org/glassfish/jersey/containers/jersey-container-servlet-core/2.27/jersey-container-servlet-core-2.27.jar:/home/user/.m2/repository/org/glassfish/hk2/external/javax.inject/2.5.0-b42/javax.inject-2.5.0-b42.jar:/home/user/.m2/repository/org/glassfish/jersey/core/jersey-common/2.27/jersey-common-2.27.jar:/home/user/.m2/repository/org/glassfish/hk2/osgi-resource-locator/1.0.1/osgi-resource-locator-1.0.1.jar:/home/user/.m2/repository/javax/ws/rs/javax.ws.rs-api/2.1/javax.ws.rs-api-2.1.jar:/home/user/.m2/repository/org/glassfish/jersey/ext/cdi/jersey-cdi1x/2.27/jersey-cdi1x-2.27.jar:/home/user/.m2/repository/org/glassfish/jersey/inject/jersey-hk2/2.27/jersey-hk2-2.27.jar:/home/user/.m2/repository/org/glassfish/hk2/hk2-locator/2.5.0-b42/hk2-locator-2.5.0-b42.jar:/home/user/.m2/repository/org/javassist/javassist/3.22.0-CR2/javassist-3.22.0-CR2.jar:/home/user/.m2/repository/org/glassfish/hk2/hk2-api/2.5.0/hk2-api-2.5.0.jar:/home/user/.m2/repository/org/glassfish/hk2/external/jakarta.inject/2.5.0/jakarta.inject-2.5.0.jar:/home/user/.m2/repository/org/glassfish/hk2/hk2-utils/2.5.0/hk2-utils-2.5.0.jar:/home/user/.m2/repository/jakarta/annotation/jakarta.annotation-api/1.3.4/jakarta.annotation-api-1.3.4.jar:/home/user/.m2/repository/org/glassfish/hk2/external/aopalliance-repackaged/2.5.0/aopalliance-repackaged-2.5.0.jar:/home/user/.m2/repository/com/fasterxml/jackson/dataformat/jackson-dataformat-xml/2.9.0/jackson-dataformat-xml-2.9.0.jar:/home/user/.m2/repository/com/fasterxml/jackson/core/jackson-core/2.9.5/jackson-core-2.9.5.jar:/home/user/.m2/repository/com/fasterxml/jackson/module/jackson-module-jaxb-annotations/2.9.5/jackson-module-jaxb-annotations-2.9.5.jar:/home/user/.m2/repository/javax/enterprise/cdi-api/1.2/cdi-api-1.2.jar:/home/user/.m2/repository/javax/el/javax.el-api/3.0.0/javax.el-api-3.0.0.jar:/home/user/.m2/repository/javax/interceptor/javax.interceptor-api/1.2/javax.interceptor-api-1.2.jar:/home/user/.m2/repository/javax/inject/javax.inject/1/javax.inject-1.jar:/home/user/.m2/repository/com/sun/xml/bind/jaxb-impl/2.3.0.1/jaxb-impl-2.3.0.1.jar:/home/user/.m2/repository/com/sun/xml/bind/jaxb-core/2.3.0.1/jaxb-core-2.3.0.1.jar:/home/user/.m2/repository/javax/xml/bind/jaxb-api/2.3.0/jaxb-api-2.3.0.jar:/home/user/.m2/repository/javax/activation/activation/1.1.1/activation-1.1.1.jar:/home/user/.m2/repository/org/apache/hadoop/hadoop-ozone-csi/0.5.0-SNAPSHOT/hadoop-ozone-csi-0.5.0-SNAPSHOT.jar:/home/user/.m2/repository/com/google/protobuf/protobuf-java-util/3.5.1/protobuf-java-util-3.5.1.jar:/home/user/.m2/repository/org/apache/hadoop/hadoop-hdds-config/0.5.0-SNAPSHOT/hadoop-hdds-config-0.5.0-SNAPSHOT.jar:/home/user/.m2/repository/io/grpc/grpc-netty/1.17.1/grpc-netty-1.17.1.jar:/home/user/.m2/repository/io/grpc/grpc-core/1.17.1/grpc-core-1.17.1.jar:/home/user/.m2/repository/io/grpc/grpc-context/1.17.1/grpc-context-1.17.1.jar:/home/user/.m2/repository/com/google/errorprone/error_prone_annotations/2.2.0/error_prone_annotations-2.2.0.jar:/home/user/.m2/repository/org/codehaus/mojo/animal-sniffer-annotations/1.17/animal-sniffer-annotations-1.17.jar:/home/user/.m2/repository/io/opencensus/opencensus-api/0.17.0/opencensus-api-0.17.0.jar:/home/user/.m2/repository/io/opencensus/opencensus-contrib-grpc-metrics/0.17.0/opencensus-contrib-grpc-metrics-0.17.0.jar:/home/user/.m2/repository/io/netty/netty-codec-http2/4.1.30.Final/netty-codec-http2-4.1.30.Final.jar:/home/user/.m2/repository/io/netty/netty-codec-http/4.1.30.Final/netty-codec-http-4.1.30.Final.jar:/home/user/.m2/repository/io/netty/netty-codec/4.1.30.Final/netty-codec-4.1.30.Final.jar:/home/user/.m2/repository/io/netty/netty-handler/4.1.30.Final/netty-handler-4.1.30.Final.jar:/home/user/.m2/repository/io/netty/netty-handler-proxy/4.1.30.Final/netty-handler-proxy-4.1.30.Final.jar:/home/user/.m2/repository/io/netty/netty-codec-socks/4.1.30.Final/netty-codec-socks-4.1.30.Final.jar:/home/user/.m2/repository/io/netty/netty-transport-native-epoll/4.1.30.Final/netty-transport-native-epoll-4.1.30.Final.jar:/home/user/.m2/repository/io/netty/netty-common/4.1.30.Final/netty-common-4.1.30.Final.jar:/home/user/.m2/repository/io/netty/netty-buffer/4.1.30.Final/netty-buffer-4.1.30.Final.jar:/home/user/.m2/repository/io/netty/netty-transport/4.1.30.Final/netty-transport-4.1.30.Final.jar:/home/user/.m2/repository/io/netty/netty-resolver/4.1.30.Final/netty-resolver-4.1.30.Final.jar:/home/user/.m2/repository/io/netty/netty-transport-native-unix-common/4.1.30.Final/netty-transport-native-unix-common-4.1.30.Final.jar:/home/user/.m2/repository/io/grpc/grpc-protobuf/1.17.1/grpc-protobuf-1.17.1.jar:/home/user/.m2/repository/com/google/api/grpc/proto-google-common-protos/1.0.0/proto-google-common-protos-1.0.0.jar:/home/user/.m2/repository/io/grpc/grpc-protobuf-lite/1.17.1/grpc-protobuf-lite-1.17.1.jar:/home/user/.m2/repository/io/grpc/grpc-stub/1.17.1/grpc-stub-1.17.1.jar:/home/user/.m2/repository/org/apache/hadoop/hadoop-ozone-recon/0.5.0-SNAPSHOT/hadoop-ozone-recon-0.5.0-SNAPSHOT.jar:/home/user/.m2/repository/org/apache/hadoop/hadoop-ozone-reconcodegen/0.5.0-SNAPSHOT/hadoop-ozone-reconcodegen-0.5.0-SNAPSHOT.jar:/home/user/.m2/repository/com/google/inject/extensions/guice-multibindings/4.0/guice-multibindings-4.0.jar:/home/user/.m2/repository/com/google/inject/guice/4.0/guice-4.0.jar:/home/user/.m2/repository/aopalliance/aopalliance/1.0/aopalliance-1.0.jar:/home/user/.m2/repository/com/google/inject/extensions/guice-servlet/4.0/guice-servlet-4.0.jar:/home/user/.m2/repository/org/glassfish/jersey/containers/jersey-container-servlet/2.27/jersey-container-servlet-2.27.jar:/home/user/.m2/repository/org/glassfish/hk2/guice-bridge/2.5.0/guice-bridge-2.5.0.jar:/home/user/.m2/repository/org/glassfish/jersey/core/jersey-server/2.27/jersey-server-2.27.jar:/home/user/.m2/repository/org/glassfish/jersey/core/jersey-client/2.27/jersey-client-2.27.jar:/home/user/.m2/repository/org/glassfish/jersey/media/jersey-media-jaxb/2.27/jersey-media-jaxb-2.27.jar:/home/user/.m2/repository/javax/validation/validation-api/1.1.0.Final/validation-api-1.1.0.Final.jar:/home/user/.m2/repository/org/glassfish/jersey/media/jersey-media-json-jackson/2.27/jersey-media-json-jackson-2.27.jar:/home/user/.m2/repository/org/glassfish/jersey/ext/jersey-entity-filtering/2.27/jersey-entity-filtering-2.27.jar:/home/user/.m2/repository/com/google/inject/extensions/guice-assistedinject/4.0/guice-assistedinject-4.0.jar:/home/user/.m2/repository/org/jooq/jooq/3.11.10/jooq-3.11.10.jar:/home/user/.m2/repository/org/jooq/jooq-meta/3.11.10/jooq-meta-3.11.10.jar:/home/user/.m2/repository/org/jooq/jooq-codegen/3.11.10/jooq-codegen-3.11.10.jar:/home/user/.m2/repository/com/jolbox/bonecp/0.8.0.RELEASE/bonecp-0.8.0.RELEASE.jar:/home/user/.m2/repository/org/xerial/sqlite-jdbc/3.25.2/sqlite-jdbc-3.25.2.jar:/home/user/.m2/repository/org/springframework/spring-jdbc/5.1.3.RELEASE/spring-jdbc-5.1.3.RELEASE.jar:/home/user/.m2/repository/org/springframework/spring-beans/5.1.3.RELEASE/spring-beans-5.1.3.RELEASE.jar:/home/user/.m2/repository/org/springframework/spring-core/5.1.3.RELEASE/spring-core-5.1.3.RELEASE.jar:/home/user/.m2/repository/org/springframework/spring-jcl/5.1.3.RELEASE/spring-jcl-5.1.3.RELEASE.jar:/home/user/.m2/repository/org/springframework/spring-tx/5.1.3.RELEASE/spring-tx-5.1.3.RELEASE.jar:/home/user/.m2/repository/org/apache/hadoop/hadoop-ozone-client/0.5.0-SNAPSHOT/hadoop-ozone-client-0.5.0-SNAPSHOT.jar:/home/user/.m2/repository/commons-lang/commons-lang/2.6/commons-lang-2.6.jar:/home/user/.m2/repository/org/apache/hadoop/hadoop-ozone-ozone-manager/0.5.0-SNAPSHOT/hadoop-ozone-ozone-manager-0.5.0-SNAPSHOT-tests.jar:/home/user/.m2/repository/junit/junit/4.11/junit-4.11.jar:/home/user/.m2/repository/org/hamcrest/hamcrest-core/1.3/hamcrest-core-1.3.jar:/home/user/.m2/repository/org/openjdk/jmh/jmh-core/1.19/jmh-core-1.19.jar:/home/user/.m2/repository/net/sf/jopt-simple/jopt-simple/4.6/jopt-simple-4.6.jar:/home/user/.m2/repository/org/apache/commons/commons-math3/3.1.1/commons-math3-3.1.1.jar:/home/user/.m2/repository/org/openjdk/jmh/jmh-generator-annprocess/1.19/jmh-generator-annprocess-1.19.jar:/home/user/.m2/repository/org/mockito/mockito-all/1.8.5/mockito-all-1.8.5.jar:/home/user/.m2/repository/org/apache/hadoop/hadoop-kms/3.2.0/hadoop-kms-3.2.0.jar:/home/user/.m2/repository/org/apache/hadoop/hadoop-auth/3.2.0/hadoop-auth-3.2.0.jar:/home/user/.m2/repository/com/nimbusds/nimbus-jose-jwt/4.41.1/nimbus-jose-jwt-4.41.1.jar:/home/user/.m2/repository/com/github/stephenc/jcip/jcip-annotations/1.0-1/jcip-annotations-1.0-1.jar:/home/user/.m2/repository/net/minidev/json-smart/2.3/json-smart-2.3.jar:/home/user/.m2/repository/net/minidev/accessors-smart/1.2/accessors-smart-1.2.jar:/home/user/.m2/repository/org/ow2/asm/asm/5.0.4/asm-5.0.4.jar:/home/user/.m2/repository/org/apache/curator/curator-framework/2.12.0/curator-framework-2.12.0.jar:/home/user/.m2/repository/com/sun/jersey/jersey-core/1.19/jersey-core-1.19.jar:/home/user/.m2/repository/javax/ws/rs/jsr311-api/1.1.1/jsr311-api-1.1.1.jar:/home/user/.m2/repository/com/sun/jersey/jersey-server/1.19/jersey-server-1.19.jar:/home/user/.m2/repository/javax/servlet/javax.servlet-api/3.1.0/javax.servlet-api-3.1.0.jar:/home/user/.m2/repository/org/eclipse/jetty/jetty-server/9.3.24.v20180605/jetty-server-9.3.24.v20180605.jar:/home/user/.m2/repository/org/eclipse/jetty/jetty-http/9.3.24.v20180605/jetty-http-9.3.24.v20180605.jar:/home/user/.m2/repository/org/eclipse/jetty/jetty-io/9.3.24.v20180605/jetty-io-9.3.24.v20180605.jar:/home/user/.m2/repository/org/eclipse/jetty/jetty-webapp/9.3.24.v20180605/jetty-webapp-9.3.24.v20180605.jar:/home/user/.m2/repository/org/eclipse/jetty/jetty-xml/9.3.24.v20180605/jetty-xml-9.3.24.v20180605.jar:/home/user/.m2/repository/log4j/log4j/1.2.17/log4j-1.2.17.jar:/home/user/.m2/repository/org/slf4j/slf4j-api/1.7.25/slf4j-api-1.7.25.jar:/home/user/.m2/repository/org/slf4j/jul-to-slf4j/1.7.25/jul-to-slf4j-1.7.25.jar:/home/user/.m2/repository/org/eclipse/jetty/jetty-util/9.3.24.v20180605/jetty-util-9.3.24.v20180605.jar:/home/user/.m2/repository/com/fasterxml/jackson/core/jackson-databind/2.9.5/jackson-databind-2.9.5.jar:/home/user/.m2/repository/org/apache/hadoop/hadoop-kms/3.2.0/hadoop-kms-3.2.0-tests.jar:/home/user/.m2/repository/org/apache/hadoop/hadoop-hdds-server-scm/0.5.0-SNAPSHOT/hadoop-hdds-server-scm-0.5.0-SNAPSHOT-tests.jar:/home/user/.m2/repository/org/apache/hadoop/hadoop-hdds-container-service/0.5.0-SNAPSHOT/hadoop-hdds-container-service-0.5.0-SNAPSHOT-tests.jar:/home/user/.m2/repository/org/yaml/snakeyaml/1.16/snakeyaml-1.16.jar:/home/user/.m2/repository/org/apache/hadoop/hadoop-common/3.2.0/hadoop-common-3.2.0-tests.jar:/home/user/.m2/repository/org/apache/hadoop/hadoop-annotations/3.2.0/hadoop-annotations-3.2.0.jar:/usr/lib/jvm/java-1.8-openjdk/jre/../lib/tools.jar:/home/user/.m2/repository/commons-cli/commons-cli/1.2/commons-cli-1.2.jar:/home/user/.m2/repository/org/apache/httpcomponents/httpclient/4.5.2/httpclient-4.5.2.jar:/home/user/.m2/repository/org/apache/httpcomponents/httpcore/4.4.4/httpcore-4.4.4.jar:/home/user/.m2/repository/commons-codec/commons-codec/1.11/commons-codec-1.11.jar:/home/user/.m2/repository/commons-net/commons-net/3.6/commons-net-3.6.jar:/home/user/.m2/repository/commons-collections/commons-collections/3.2.2/commons-collections-3.2.2.jar:/home/user/.m2/repository/org/eclipse/jetty/jetty-servlet/9.3.24.v20180605/jetty-servlet-9.3.24.v20180605.jar:/home/user/.m2/repository/org/eclipse/jetty/jetty-security/9.3.24.v20180605/jetty-security-9.3.24.v20180605.jar:/home/user/.m2/repository/javax/servlet/jsp/jsp-api/2.1/jsp-api-2.1.jar:/home/user/.m2/repository/com/sun/jersey/jersey-servlet/1.19/jersey-servlet-1.19.jar:/home/user/.m2/repository/com/sun/jersey/jersey-json/1.19/jersey-json-1.19.jar:/home/user/.m2/repository/org/codehaus/jettison/jettison/1.1/jettison-1.1.jar:/home/user/.m2/repository/org/codehaus/jackson/jackson-core-asl/1.9.13/jackson-core-asl-1.9.13.jar:/home/user/.m2/repository/org/codehaus/jackson/jackson-mapper-asl/1.9.13/jackson-mapper-asl-1.9.13.jar:/home/user/.m2/repository/org/codehaus/jackson/jackson-jaxrs/1.9.13/jackson-jaxrs-1.9.13.jar:/home/user/.m2/repository/org/codehaus/jackson/jackson-xc/1.9.13/jackson-xc-1.9.13.jar:/home/user/.m2/repository/commons-logging/commons-logging/1.1.3/commons-logging-1.1.3.jar:/home/user/.m2/repository/commons-beanutils/commons-beanutils/1.9.3/commons-beanutils-1.9.3.jar:/home/user/.m2/repository/org/apache/commons/commons-configuration2/2.1.1/commons-configuration2-2.1.1.jar:/home/user/.m2/repository/org/apache/commons/commons-lang3/3.7/commons-lang3-3.7.jar:/home/user/.m2/repository/org/apache/commons/commons-text/1.4/commons-text-1.4.jar:/home/user/.m2/repository/org/apache/avro/avro/1.7.7/avro-1.7.7.jar:/home/user/.m2/repository/com/thoughtworks/paranamer/paranamer/2.3/paranamer-2.3.jar:/home/user/.m2/repository/org/xerial/snappy/snappy-java/1.0.5/snappy-java-1.0.5.jar:/home/user/.m2/repository/com/google/re2j/re2j/1.1/re2j-1.1.jar:/home/user/.m2/repository/com/google/code/gson/gson/2.2.4/gson-2.2.4.jar:/home/user/.m2/repository/com/jcraft/jsch/0.1.54/jsch-0.1.54.jar:/home/user/.m2/repository/org/apache/curator/curator-client/2.12.0/curator-client-2.12.0.jar:/home/user/.m2/repository/org/apache/curator/curator-recipes/2.12.0/curator-recipes-2.12.0.jar:/home/user/.m2/repository/com/google/code/findbugs/jsr305/3.0.0/jsr305-3.0.0.jar:/home/user/.m2/repository/org/apache/htrace/htrace-core4/4.1.0-incubating/htrace-core4-4.1.0-incubating.jar:/home/user/.m2/repository/org/apache/zookeeper/zookeeper/3.4.13/zookeeper-3.4.13.jar:/home/user/.m2/repository/org/apache/yetus/audience-annotations/0.5.0/audience-annotations-0.5.0.jar:/home/user/.m2/repository/org/codehaus/woodstox/stax2-api/3.1.4/stax2-api-3.1.4.jar:/home/user/.m2/repository/com/fasterxml/woodstox/woodstox-core/5.0.3/woodstox-core-5.0.3.jar:/home/user/.m2/repository/dnsjava/dnsjava/2.1.7/dnsjava-2.1.7.jar:/home/user/.m2/repository/org/apache/hadoop/hadoop-hdfs/3.2.0/hadoop-hdfs-3.2.0-tests.jar:/home/user/.m2/repository/org/eclipse/jetty/jetty-util-ajax/9.3.24.v20180605/jetty-util-ajax-9.3.24.v20180605.jar:/home/user/.m2/repository/commons-daemon/commons-daemon/1.0.13/commons-daemon-1.0.13.jar:/home/user/.m2/repository/io/netty/netty/3.10.5.Final/netty-3.10.5.Final.jar:/home/user/.m2/repository/io/netty/netty-all/4.0.52.Final/netty-all-4.0.52.Final.jar:/home/user/.m2/repository/org/fusesource/leveldbjni/leveldbjni-all/1.8/leveldbjni-all-1.8.jar:"/>
    <property name="java.vm.vendor" value="IcedTea"/>
    <property name="sun.arch.data.model" value="64"/>
    <property name="test.build.dir" value="/workdir/hadoop-ozone/integration-test/target/test-dir"/>
    <property name="test.cache.data" value=""/>
    <property name="java.vendor.url" value="https://icedtea.classpath.org"/>
    <property name="user.timezone" value=""/>
    <property name="java.vm.specification.version" value="1.8"/>
    <property name="os.name" value="Linux"/>
    <property name="test.build.data" value="/workdir/hadoop-ozone/integration-test/target/test-dir"/>
    <property name="user.country" value="US"/>
    <property name="sun.java.launcher" value="SUN_STANDARD"/>
    <property name="sun.boot.library.path" value="/usr/lib/jvm/java-1.8-openjdk/jre/lib/amd64"/>
    <property name="sun.java.command" value="/workdir/hadoop-ozone/integration-test/target/surefire/surefirebooter8070979227030271227.jar /workdir/hadoop-ozone/integration-test/target/surefire 2019-08-28T09-05-35_651-jvmRun1 surefire7874955872362390345tmp surefire_205617535605293286608tmp"/>
    <property name="test" value="!TestMiniChaosOzoneCluster"/>
    <property name="surefire.test.class.path" value="/workdir/hadoop-ozone/integration-test/target/test-classes:/workdir/hadoop-ozone/integration-test/target/classes:/home/user/.m2/repository/org/apache/hadoop/hadoop-ozone-common/0.5.0-SNAPSHOT/hadoop-ozone-common-0.5.0-SNAPSHOT.jar:/home/user/.m2/repository/org/apache/commons/commons-compress/1.4.1/commons-compress-1.4.1.jar:/home/user/.m2/repository/org/tukaani/xz/1.0/xz-1.0.jar:/home/user/.m2/repository/org/apache/hadoop/hadoop-common/3.2.0/hadoop-common-3.2.0.jar:/home/user/.m2/repository/org/apache/hadoop/hadoop-hdfs/3.2.0/hadoop-hdfs-3.2.0.jar:/home/user/.m2/repository/org/apache/hadoop/hadoop-hdfs-client/3.2.0/hadoop-hdfs-client-3.2.0.jar:/home/user/.m2/repository/com/fasterxml/jackson/core/jackson-annotations/2.9.5/jackson-annotations-2.9.5.jar:/home/user/.m2/repository/org/apache/hadoop/hadoop-hdds-common/0.5.0-SNAPSHOT/hadoop-hdds-common-0.5.0-SNAPSHOT.jar:/home/user/.m2/repository/javax/annotation/javax.annotation-api/1.2/javax.annotation-api-1.2.jar:/home/user/.m2/repository/org/apache/ratis/ratis-server/0.4.0-2337318-SNAPSHOT/ratis-server-0.4.0-2337318-SNAPSHOT.jar:/home/user/.m2/repository/org/apache/ratis/ratis-thirdparty-misc/0.2.0/ratis-thirdparty-misc-0.2.0.jar:/home/user/.m2/repository/org/apache/ratis/ratis-proto/0.4.0-2337318-SNAPSHOT/ratis-proto-0.4.0-2337318-SNAPSHOT.jar:/home/user/.m2/repository/org/apache/ratis/ratis-common/0.4.0-2337318-SNAPSHOT/ratis-common-0.4.0-2337318-SNAPSHOT.jar:/home/user/.m2/repository/org/apache/ratis/ratis-client/0.4.0-2337318-SNAPSHOT/ratis-client-0.4.0-2337318-SNAPSHOT.jar:/home/user/.m2/repository/org/apache/ratis/ratis-metrics/0.4.0-2337318-SNAPSHOT/ratis-metrics-0.4.0-2337318-SNAPSHOT.jar:/home/user/.m2/repository/org/apache/ratis/ratis-netty/0.4.0-2337318-SNAPSHOT/ratis-netty-0.4.0-2337318-SNAPSHOT.jar:/home/user/.m2/repository/org/apache/ratis/ratis-grpc/0.4.0-2337318-SNAPSHOT/ratis-grpc-0.4.0-2337318-SNAPSHOT.jar:/home/user/.m2/repository/org/rocksdb/rocksdbjni/6.0.1/rocksdbjni-6.0.1.jar:/home/user/.m2/repository/org/apache/logging/log4j/log4j-api/2.11.0/log4j-api-2.11.0.jar:/home/user/.m2/repository/org/apache/logging/log4j/log4j-core/2.11.0/log4j-core-2.11.0.jar:/home/user/.m2/repository/com/lmax/disruptor/3.4.2/disruptor-3.4.2.jar:/home/user/.m2/repository/org/apache/commons/commons-pool2/2.6.0/commons-pool2-2.6.0.jar:/home/user/.m2/repository/org/bouncycastle/bcpkix-jdk15on/1.60/bcpkix-jdk15on-1.60.jar:/home/user/.m2/repository/commons-validator/commons-validator/1.6/commons-validator-1.6.jar:/home/user/.m2/repository/commons-digester/commons-digester/1.8.1/commons-digester-1.8.1.jar:/home/user/.m2/repository/io/jaegertracing/jaeger-client/0.33.1/jaeger-client-0.33.1.jar:/home/user/.m2/repository/io/jaegertracing/jaeger-thrift/0.33.1/jaeger-thrift-0.33.1.jar:/home/user/.m2/repository/org/apache/thrift/libthrift/0.11.0/libthrift-0.11.0.jar:/home/user/.m2/repository/com/squareup/okhttp3/okhttp/3.9.0/okhttp-3.9.0.jar:/home/user/.m2/repository/com/squareup/okio/okio/1.13.0/okio-1.13.0.jar:/home/user/.m2/repository/io/jaegertracing/jaeger-core/0.33.1/jaeger-core-0.33.1.jar:/home/user/.m2/repository/io/jaegertracing/jaeger-tracerresolver/0.33.1/jaeger-tracerresolver-0.33.1.jar:/home/user/.m2/repository/io/opentracing/contrib/opentracing-tracerresolver/0.1.5/opentracing-tracerresolver-0.1.5.jar:/home/user/.m2/repository/io/opentracing/opentracing-util/0.31.0/opentracing-util-0.31.0.jar:/home/user/.m2/repository/io/opentracing/opentracing-api/0.31.0/opentracing-api-0.31.0.jar:/home/user/.m2/repository/io/opentracing/opentracing-noop/0.31.0/opentracing-noop-0.31.0.jar:/home/user/.m2/repository/org/apache/hadoop/hadoop-hdds-server-framework/0.5.0-SNAPSHOT/hadoop-hdds-server-framework-0.5.0-SNAPSHOT.jar:/home/user/.m2/repository/org/apache/hadoop/hadoop-hdds-container-service/0.5.0-SNAPSHOT/hadoop-hdds-container-service-0.5.0-SNAPSHOT.jar:/home/user/.m2/repository/org/apache/hadoop/hadoop-hdds-client/0.5.0-SNAPSHOT/hadoop-hdds-client-0.5.0-SNAPSHOT.jar:/home/user/.m2/repository/org/apache/hadoop/hadoop-hdds-tools/0.5.0-SNAPSHOT/hadoop-hdds-tools-0.5.0-SNAPSHOT.jar:/home/user/.m2/repository/org/apache/hadoop/hadoop-hdds-server-scm/0.5.0-SNAPSHOT/hadoop-hdds-server-scm-0.5.0-SNAPSHOT.jar:/home/user/.m2/repository/org/apache/hadoop/hadoop-hdds-docs/0.5.0-SNAPSHOT/hadoop-hdds-docs-0.5.0-SNAPSHOT.jar:/home/user/.m2/repository/io/dropwizard/metrics/metrics-core/3.2.4/metrics-core-3.2.4.jar:/home/user/.m2/repository/org/hamcrest/hamcrest-all/1.3/hamcrest-all-1.3.jar:/home/user/.m2/repository/org/bouncycastle/bcprov-jdk15on/1.60/bcprov-jdk15on-1.60.jar:/home/user/.m2/repository/info/picocli/picocli/3.9.6/picocli-3.9.6.jar:/home/user/.m2/repository/com/google/protobuf/protobuf-java/2.5.0/protobuf-java-2.5.0.jar:/home/user/.m2/repository/com/google/guava/guava/11.0.2/guava-11.0.2.jar:/home/user/.m2/repository/org/apache/hadoop/hadoop-ozone-ozone-manager/0.5.0-SNAPSHOT/hadoop-ozone-ozone-manager-0.5.0-SNAPSHOT.jar:/home/user/.m2/repository/org/apache/hadoop/hadoop-minikdc/3.2.0/hadoop-minikdc-3.2.0.jar:/home/user/.m2/repository/commons-io/commons-io/2.5/commons-io-2.5.jar:/home/user/.m2/repository/org/apache/kerby/kerb-simplekdc/1.0.1/kerb-simplekdc-1.0.1.jar:/home/user/.m2/repository/org/apache/kerby/kerb-client/1.0.1/kerb-client-1.0.1.jar:/home/user/.m2/repository/org/apache/kerby/kerby-config/1.0.1/kerby-config-1.0.1.jar:/home/user/.m2/repository/org/apache/kerby/kerb-core/1.0.1/kerb-core-1.0.1.jar:/home/user/.m2/repository/org/apache/kerby/kerby-pkix/1.0.1/kerby-pkix-1.0.1.jar:/home/user/.m2/repository/org/apache/kerby/kerby-asn1/1.0.1/kerby-asn1-1.0.1.jar:/home/user/.m2/repository/org/apache/kerby/kerby-util/1.0.1/kerby-util-1.0.1.jar:/home/user/.m2/repository/org/apache/kerby/kerb-common/1.0.1/kerb-common-1.0.1.jar:/home/user/.m2/repository/org/apache/kerby/kerb-crypto/1.0.1/kerb-crypto-1.0.1.jar:/home/user/.m2/repository/org/apache/kerby/kerb-util/1.0.1/kerb-util-1.0.1.jar:/home/user/.m2/repository/org/apache/kerby/token-provider/1.0.1/token-provider-1.0.1.jar:/home/user/.m2/repository/org/apache/kerby/kerb-admin/1.0.1/kerb-admin-1.0.1.jar:/home/user/.m2/repository/org/apache/kerby/kerb-server/1.0.1/kerb-server-1.0.1.jar:/home/user/.m2/repository/org/apache/kerby/kerb-identity/1.0.1/kerb-identity-1.0.1.jar:/home/user/.m2/repository/org/apache/kerby/kerby-xdr/1.0.1/kerby-xdr-1.0.1.jar:/home/user/.m2/repository/org/slf4j/slf4j-log4j12/1.7.25/slf4j-log4j12-1.7.25.jar:/home/user/.m2/repository/org/apache/hadoop/hadoop-ozone-objectstore-service/0.5.0-SNAPSHOT/hadoop-ozone-objectstore-service-0.5.0-SNAPSHOT.jar:/home/user/.m2/repository/org/apache/hadoop/hadoop-ozone-s3gateway/0.5.0-SNAPSHOT/hadoop-ozone-s3gateway-0.5.0-SNAPSHOT.jar:/home/user/.m2/repository/org/jboss/weld/servlet/weld-servlet/2.4.7.Final/weld-servlet-2.4.7.Final.jar:/home/user/.m2/repository/org/glassfish/jersey/containers/jersey-container-servlet-core/2.27/jersey-container-servlet-core-2.27.jar:/home/user/.m2/repository/org/glassfish/hk2/external/javax.inject/2.5.0-b42/javax.inject-2.5.0-b42.jar:/home/user/.m2/repository/org/glassfish/jersey/core/jersey-common/2.27/jersey-common-2.27.jar:/home/user/.m2/repository/org/glassfish/hk2/osgi-resource-locator/1.0.1/osgi-resource-locator-1.0.1.jar:/home/user/.m2/repository/javax/ws/rs/javax.ws.rs-api/2.1/javax.ws.rs-api-2.1.jar:/home/user/.m2/repository/org/glassfish/jersey/ext/cdi/jersey-cdi1x/2.27/jersey-cdi1x-2.27.jar:/home/user/.m2/repository/org/glassfish/jersey/inject/jersey-hk2/2.27/jersey-hk2-2.27.jar:/home/user/.m2/repository/org/glassfish/hk2/hk2-locator/2.5.0-b42/hk2-locator-2.5.0-b42.jar:/home/user/.m2/repository/org/javassist/javassist/3.22.0-CR2/javassist-3.22.0-CR2.jar:/home/user/.m2/repository/org/glassfish/hk2/hk2-api/2.5.0/hk2-api-2.5.0.jar:/home/user/.m2/repository/org/glassfish/hk2/external/jakarta.inject/2.5.0/jakarta.inject-2.5.0.jar:/home/user/.m2/repository/org/glassfish/hk2/hk2-utils/2.5.0/hk2-utils-2.5.0.jar:/home/user/.m2/repository/jakarta/annotation/jakarta.annotation-api/1.3.4/jakarta.annotation-api-1.3.4.jar:/home/user/.m2/repository/org/glassfish/hk2/external/aopalliance-repackaged/2.5.0/aopalliance-repackaged-2.5.0.jar:/home/user/.m2/repository/com/fasterxml/jackson/dataformat/jackson-dataformat-xml/2.9.0/jackson-dataformat-xml-2.9.0.jar:/home/user/.m2/repository/com/fasterxml/jackson/core/jackson-core/2.9.5/jackson-core-2.9.5.jar:/home/user/.m2/repository/com/fasterxml/jackson/module/jackson-module-jaxb-annotations/2.9.5/jackson-module-jaxb-annotations-2.9.5.jar:/home/user/.m2/repository/javax/enterprise/cdi-api/1.2/cdi-api-1.2.jar:/home/user/.m2/repository/javax/el/javax.el-api/3.0.0/javax.el-api-3.0.0.jar:/home/user/.m2/repository/javax/interceptor/javax.interceptor-api/1.2/javax.interceptor-api-1.2.jar:/home/user/.m2/repository/javax/inject/javax.inject/1/javax.inject-1.jar:/home/user/.m2/repository/com/sun/xml/bind/jaxb-impl/2.3.0.1/jaxb-impl-2.3.0.1.jar:/home/user/.m2/repository/com/sun/xml/bind/jaxb-core/2.3.0.1/jaxb-core-2.3.0.1.jar:/home/user/.m2/repository/javax/xml/bind/jaxb-api/2.3.0/jaxb-api-2.3.0.jar:/home/user/.m2/repository/javax/activation/activation/1.1.1/activation-1.1.1.jar:/home/user/.m2/repository/org/apache/hadoop/hadoop-ozone-csi/0.5.0-SNAPSHOT/hadoop-ozone-csi-0.5.0-SNAPSHOT.jar:/home/user/.m2/repository/com/google/protobuf/protobuf-java-util/3.5.1/protobuf-java-util-3.5.1.jar:/home/user/.m2/repository/org/apache/hadoop/hadoop-hdds-config/0.5.0-SNAPSHOT/hadoop-hdds-config-0.5.0-SNAPSHOT.jar:/home/user/.m2/repository/io/grpc/grpc-netty/1.17.1/grpc-netty-1.17.1.jar:/home/user/.m2/repository/io/grpc/grpc-core/1.17.1/grpc-core-1.17.1.jar:/home/user/.m2/repository/io/grpc/grpc-context/1.17.1/grpc-context-1.17.1.jar:/home/user/.m2/repository/com/google/errorprone/error_prone_annotations/2.2.0/error_prone_annotations-2.2.0.jar:/home/user/.m2/repository/org/codehaus/mojo/animal-sniffer-annotations/1.17/animal-sniffer-annotations-1.17.jar:/home/user/.m2/repository/io/opencensus/opencensus-api/0.17.0/opencensus-api-0.17.0.jar:/home/user/.m2/repository/io/opencensus/opencensus-contrib-grpc-metrics/0.17.0/opencensus-contrib-grpc-metrics-0.17.0.jar:/home/user/.m2/repository/io/netty/netty-codec-http2/4.1.30.Final/netty-codec-http2-4.1.30.Final.jar:/home/user/.m2/repository/io/netty/netty-codec-http/4.1.30.Final/netty-codec-http-4.1.30.Final.jar:/home/user/.m2/repository/io/netty/netty-codec/4.1.30.Final/netty-codec-4.1.30.Final.jar:/home/user/.m2/repository/io/netty/netty-handler/4.1.30.Final/netty-handler-4.1.30.Final.jar:/home/user/.m2/repository/io/netty/netty-handler-proxy/4.1.30.Final/netty-handler-proxy-4.1.30.Final.jar:/home/user/.m2/repository/io/netty/netty-codec-socks/4.1.30.Final/netty-codec-socks-4.1.30.Final.jar:/home/user/.m2/repository/io/netty/netty-transport-native-epoll/4.1.30.Final/netty-transport-native-epoll-4.1.30.Final.jar:/home/user/.m2/repository/io/netty/netty-common/4.1.30.Final/netty-common-4.1.30.Final.jar:/home/user/.m2/repository/io/netty/netty-buffer/4.1.30.Final/netty-buffer-4.1.30.Final.jar:/home/user/.m2/repository/io/netty/netty-transport/4.1.30.Final/netty-transport-4.1.30.Final.jar:/home/user/.m2/repository/io/netty/netty-resolver/4.1.30.Final/netty-resolver-4.1.30.Final.jar:/home/user/.m2/repository/io/netty/netty-transport-native-unix-common/4.1.30.Final/netty-transport-native-unix-common-4.1.30.Final.jar:/home/user/.m2/repository/io/grpc/grpc-protobuf/1.17.1/grpc-protobuf-1.17.1.jar:/home/user/.m2/repository/com/google/api/grpc/proto-google-common-protos/1.0.0/proto-google-common-protos-1.0.0.jar:/home/user/.m2/repository/io/grpc/grpc-protobuf-lite/1.17.1/grpc-protobuf-lite-1.17.1.jar:/home/user/.m2/repository/io/grpc/grpc-stub/1.17.1/grpc-stub-1.17.1.jar:/home/user/.m2/repository/org/apache/hadoop/hadoop-ozone-recon/0.5.0-SNAPSHOT/hadoop-ozone-recon-0.5.0-SNAPSHOT.jar:/home/user/.m2/repository/org/apache/hadoop/hadoop-ozone-reconcodegen/0.5.0-SNAPSHOT/hadoop-ozone-reconcodegen-0.5.0-SNAPSHOT.jar:/home/user/.m2/repository/com/google/inject/extensions/guice-multibindings/4.0/guice-multibindings-4.0.jar:/home/user/.m2/repository/com/google/inject/guice/4.0/guice-4.0.jar:/home/user/.m2/repository/aopalliance/aopalliance/1.0/aopalliance-1.0.jar:/home/user/.m2/repository/com/google/inject/extensions/guice-servlet/4.0/guice-servlet-4.0.jar:/home/user/.m2/repository/org/glassfish/jersey/containers/jersey-container-servlet/2.27/jersey-container-servlet-2.27.jar:/home/user/.m2/repository/org/glassfish/hk2/guice-bridge/2.5.0/guice-bridge-2.5.0.jar:/home/user/.m2/repository/org/glassfish/jersey/core/jersey-server/2.27/jersey-server-2.27.jar:/home/user/.m2/repository/org/glassfish/jersey/core/jersey-client/2.27/jersey-client-2.27.jar:/home/user/.m2/repository/org/glassfish/jersey/media/jersey-media-jaxb/2.27/jersey-media-jaxb-2.27.jar:/home/user/.m2/repository/javax/validation/validation-api/1.1.0.Final/validation-api-1.1.0.Final.jar:/home/user/.m2/repository/org/glassfish/jersey/media/jersey-media-json-jackson/2.27/jersey-media-json-jackson-2.27.jar:/home/user/.m2/repository/org/glassfish/jersey/ext/jersey-entity-filtering/2.27/jersey-entity-filtering-2.27.jar:/home/user/.m2/repository/com/google/inject/extensions/guice-assistedinject/4.0/guice-assistedinject-4.0.jar:/home/user/.m2/repository/org/jooq/jooq/3.11.10/jooq-3.11.10.jar:/home/user/.m2/repository/org/jooq/jooq-meta/3.11.10/jooq-meta-3.11.10.jar:/home/user/.m2/repository/org/jooq/jooq-codegen/3.11.10/jooq-codegen-3.11.10.jar:/home/user/.m2/repository/com/jolbox/bonecp/0.8.0.RELEASE/bonecp-0.8.0.RELEASE.jar:/home/user/.m2/repository/org/xerial/sqlite-jdbc/3.25.2/sqlite-jdbc-3.25.2.jar:/home/user/.m2/repository/org/springframework/spring-jdbc/5.1.3.RELEASE/spring-jdbc-5.1.3.RELEASE.jar:/home/user/.m2/repository/org/springframework/spring-beans/5.1.3.RELEASE/spring-beans-5.1.3.RELEASE.jar:/home/user/.m2/repository/org/springframework/spring-core/5.1.3.RELEASE/spring-core-5.1.3.RELEASE.jar:/home/user/.m2/repository/org/springframework/spring-jcl/5.1.3.RELEASE/spring-jcl-5.1.3.RELEASE.jar:/home/user/.m2/repository/org/springframework/spring-tx/5.1.3.RELEASE/spring-tx-5.1.3.RELEASE.jar:/home/user/.m2/repository/org/apache/hadoop/hadoop-ozone-client/0.5.0-SNAPSHOT/hadoop-ozone-client-0.5.0-SNAPSHOT.jar:/home/user/.m2/repository/commons-lang/commons-lang/2.6/commons-lang-2.6.jar:/home/user/.m2/repository/org/apache/hadoop/hadoop-ozone-ozone-manager/0.5.0-SNAPSHOT/hadoop-ozone-ozone-manager-0.5.0-SNAPSHOT-tests.jar:/home/user/.m2/repository/junit/junit/4.11/junit-4.11.jar:/home/user/.m2/repository/org/hamcrest/hamcrest-core/1.3/hamcrest-core-1.3.jar:/home/user/.m2/repository/org/openjdk/jmh/jmh-core/1.19/jmh-core-1.19.jar:/home/user/.m2/repository/net/sf/jopt-simple/jopt-simple/4.6/jopt-simple-4.6.jar:/home/user/.m2/repository/org/apache/commons/commons-math3/3.1.1/commons-math3-3.1.1.jar:/home/user/.m2/repository/org/openjdk/jmh/jmh-generator-annprocess/1.19/jmh-generator-annprocess-1.19.jar:/home/user/.m2/repository/org/mockito/mockito-all/1.8.5/mockito-all-1.8.5.jar:/home/user/.m2/repository/org/apache/hadoop/hadoop-kms/3.2.0/hadoop-kms-3.2.0.jar:/home/user/.m2/repository/org/apache/hadoop/hadoop-auth/3.2.0/hadoop-auth-3.2.0.jar:/home/user/.m2/repository/com/nimbusds/nimbus-jose-jwt/4.41.1/nimbus-jose-jwt-4.41.1.jar:/home/user/.m2/repository/com/github/stephenc/jcip/jcip-annotations/1.0-1/jcip-annotations-1.0-1.jar:/home/user/.m2/repository/net/minidev/json-smart/2.3/json-smart-2.3.jar:/home/user/.m2/repository/net/minidev/accessors-smart/1.2/accessors-smart-1.2.jar:/home/user/.m2/repository/org/ow2/asm/asm/5.0.4/asm-5.0.4.jar:/home/user/.m2/repository/org/apache/curator/curator-framework/2.12.0/curator-framework-2.12.0.jar:/home/user/.m2/repository/com/sun/jersey/jersey-core/1.19/jersey-core-1.19.jar:/home/user/.m2/repository/javax/ws/rs/jsr311-api/1.1.1/jsr311-api-1.1.1.jar:/home/user/.m2/repository/com/sun/jersey/jersey-server/1.19/jersey-server-1.19.jar:/home/user/.m2/repository/javax/servlet/javax.servlet-api/3.1.0/javax.servlet-api-3.1.0.jar:/home/user/.m2/repository/org/eclipse/jetty/jetty-server/9.3.24.v20180605/jetty-server-9.3.24.v20180605.jar:/home/user/.m2/repository/org/eclipse/jetty/jetty-http/9.3.24.v20180605/jetty-http-9.3.24.v20180605.jar:/home/user/.m2/repository/org/eclipse/jetty/jetty-io/9.3.24.v20180605/jetty-io-9.3.24.v20180605.jar:/home/user/.m2/repository/org/eclipse/jetty/jetty-webapp/9.3.24.v20180605/jetty-webapp-9.3.24.v20180605.jar:/home/user/.m2/repository/org/eclipse/jetty/jetty-xml/9.3.24.v20180605/jetty-xml-9.3.24.v20180605.jar:/home/user/.m2/repository/log4j/log4j/1.2.17/log4j-1.2.17.jar:/home/user/.m2/repository/org/slf4j/slf4j-api/1.7.25/slf4j-api-1.7.25.jar:/home/user/.m2/repository/org/slf4j/jul-to-slf4j/1.7.25/jul-to-slf4j-1.7.25.jar:/home/user/.m2/repository/org/eclipse/jetty/jetty-util/9.3.24.v20180605/jetty-util-9.3.24.v20180605.jar:/home/user/.m2/repository/com/fasterxml/jackson/core/jackson-databind/2.9.5/jackson-databind-2.9.5.jar:/home/user/.m2/repository/org/apache/hadoop/hadoop-kms/3.2.0/hadoop-kms-3.2.0-tests.jar:/home/user/.m2/repository/org/apache/hadoop/hadoop-hdds-server-scm/0.5.0-SNAPSHOT/hadoop-hdds-server-scm-0.5.0-SNAPSHOT-tests.jar:/home/user/.m2/repository/org/apache/hadoop/hadoop-hdds-container-service/0.5.0-SNAPSHOT/hadoop-hdds-container-service-0.5.0-SNAPSHOT-tests.jar:/home/user/.m2/repository/org/yaml/snakeyaml/1.16/snakeyaml-1.16.jar:/home/user/.m2/repository/org/apache/hadoop/hadoop-common/3.2.0/hadoop-common-3.2.0-tests.jar:/home/user/.m2/repository/org/apache/hadoop/hadoop-annotations/3.2.0/hadoop-annotations-3.2.0.jar:/usr/lib/jvm/java-1.8-openjdk/jre/../lib/tools.jar:/home/user/.m2/repository/commons-cli/commons-cli/1.2/commons-cli-1.2.jar:/home/user/.m2/repository/org/apache/httpcomponents/httpclient/4.5.2/httpclient-4.5.2.jar:/home/user/.m2/repository/org/apache/httpcomponents/httpcore/4.4.4/httpcore-4.4.4.jar:/home/user/.m2/repository/commons-codec/commons-codec/1.11/commons-codec-1.11.jar:/home/user/.m2/repository/commons-net/commons-net/3.6/commons-net-3.6.jar:/home/user/.m2/repository/commons-collections/commons-collections/3.2.2/commons-collections-3.2.2.jar:/home/user/.m2/repository/org/eclipse/jetty/jetty-servlet/9.3.24.v20180605/jetty-servlet-9.3.24.v20180605.jar:/home/user/.m2/repository/org/eclipse/jetty/jetty-security/9.3.24.v20180605/jetty-security-9.3.24.v20180605.jar:/home/user/.m2/repository/javax/servlet/jsp/jsp-api/2.1/jsp-api-2.1.jar:/home/user/.m2/repository/com/sun/jersey/jersey-servlet/1.19/jersey-servlet-1.19.jar:/home/user/.m2/repository/com/sun/jersey/jersey-json/1.19/jersey-json-1.19.jar:/home/user/.m2/repository/org/codehaus/jettison/jettison/1.1/jettison-1.1.jar:/home/user/.m2/repository/org/codehaus/jackson/jackson-core-asl/1.9.13/jackson-core-asl-1.9.13.jar:/home/user/.m2/repository/org/codehaus/jackson/jackson-mapper-asl/1.9.13/jackson-mapper-asl-1.9.13.jar:/home/user/.m2/repository/org/codehaus/jackson/jackson-jaxrs/1.9.13/jackson-jaxrs-1.9.13.jar:/home/user/.m2/repository/org/codehaus/jackson/jackson-xc/1.9.13/jackson-xc-1.9.13.jar:/home/user/.m2/repository/commons-logging/commons-logging/1.1.3/commons-logging-1.1.3.jar:/home/user/.m2/repository/commons-beanutils/commons-beanutils/1.9.3/commons-beanutils-1.9.3.jar:/home/user/.m2/repository/org/apache/commons/commons-configuration2/2.1.1/commons-configuration2-2.1.1.jar:/home/user/.m2/repository/org/apache/commons/commons-lang3/3.7/commons-lang3-3.7.jar:/home/user/.m2/repository/org/apache/commons/commons-text/1.4/commons-text-1.4.jar:/home/user/.m2/repository/org/apache/avro/avro/1.7.7/avro-1.7.7.jar:/home/user/.m2/repository/com/thoughtworks/paranamer/paranamer/2.3/paranamer-2.3.jar:/home/user/.m2/repository/org/xerial/snappy/snappy-java/1.0.5/snappy-java-1.0.5.jar:/home/user/.m2/repository/com/google/re2j/re2j/1.1/re2j-1.1.jar:/home/user/.m2/repository/com/google/code/gson/gson/2.2.4/gson-2.2.4.jar:/home/user/.m2/repository/com/jcraft/jsch/0.1.54/jsch-0.1.54.jar:/home/user/.m2/repository/org/apache/curator/curator-client/2.12.0/curator-client-2.12.0.jar:/home/user/.m2/repository/org/apache/curator/curator-recipes/2.12.0/curator-recipes-2.12.0.jar:/home/user/.m2/repository/com/google/code/findbugs/jsr305/3.0.0/jsr305-3.0.0.jar:/home/user/.m2/repository/org/apache/htrace/htrace-core4/4.1.0-incubating/htrace-core4-4.1.0-incubating.jar:/home/user/.m2/repository/org/apache/zookeeper/zookeeper/3.4.13/zookeeper-3.4.13.jar:/home/user/.m2/repository/org/apache/yetus/audience-annotations/0.5.0/audience-annotations-0.5.0.jar:/home/user/.m2/repository/org/codehaus/woodstox/stax2-api/3.1.4/stax2-api-3.1.4.jar:/home/user/.m2/repository/com/fasterxml/woodstox/woodstox-core/5.0.3/woodstox-core-5.0.3.jar:/home/user/.m2/repository/dnsjava/dnsjava/2.1.7/dnsjava-2.1.7.jar:/home/user/.m2/repository/org/apache/hadoop/hadoop-hdfs/3.2.0/hadoop-hdfs-3.2.0-tests.jar:/home/user/.m2/repository/org/eclipse/jetty/jetty-util-ajax/9.3.24.v20180605/jetty-util-ajax-9.3.24.v20180605.jar:/home/user/.m2/repository/commons-daemon/commons-daemon/1.0.13/commons-daemon-1.0.13.jar:/home/user/.m2/repository/io/netty/netty/3.10.5.Final/netty-3.10.5.Final.jar:/home/user/.m2/repository/io/netty/netty-all/4.0.52.Final/netty-all-4.0.52.Final.jar:/home/user/.m2/repository/org/fusesource/leveldbjni/leveldbjni-all/1.8/leveldbjni-all-1.8.jar:"/>
    <property name="sun.cpu.endian" value="little"/>
    <property name="user.home" value="/home/user"/>
    <property name="user.language" value="en"/>
    <property name="java.specification.vendor" value="Oracle Corporation"/>
    <property name="java.home" value="/usr/lib/jvm/java-1.8-openjdk/jre"/>
    <property name="java.security.krb5.conf" value="/workdir/hadoop-ozone/integration-test/target/test-classes/krb5.conf"/>
    <property name="basedir" value="/workdir/hadoop-ozone/integration-test"/>
    <property name="file.separator" value="/"/>
    <property name="line.separator" value="&#10;"/>
    <property name="java.vm.specification.vendor" value="Oracle Corporation"/>
    <property name="java.specification.name" value="Java Platform API Specification"/>
    <property name="java.awt.graphicsenv" value="sun.awt.X11GraphicsEnvironment"/>
    <property name="surefire.real.class.path" value="/workdir/hadoop-ozone/integration-test/target/surefire/surefirebooter8070979227030271227.jar"/>
    <property name="hadoop.log.dir" value="/workdir/hadoop-ozone/integration-test/target/log"/>
    <property name="sun.boot.class.path" value="/usr/lib/jvm/java-1.8-openjdk/jre/lib/resources.jar:/usr/lib/jvm/java-1.8-openjdk/jre/lib/rt.jar:/usr/lib/jvm/java-1.8-openjdk/jre/lib/sunrsasign.jar:/usr/lib/jvm/java-1.8-openjdk/jre/lib/jsse.jar:/usr/lib/jvm/java-1.8-openjdk/jre/lib/jce.jar:/usr/lib/jvm/java-1.8-openjdk/jre/lib/charsets.jar:/usr/lib/jvm/java-1.8-openjdk/jre/lib/jfr.jar:/usr/lib/jvm/java-1.8-openjdk/jre/classes"/>
    <property name="sun.management.compiler" value="HotSpot 64-Bit Tiered Compilers"/>
    <property name="java.runtime.version" value="1.8.0_212-b04"/>
    <property name="java.net.preferIPv4Stack" value="true"/>
    <property name="user.name" value="jenkins1000"/>
    <property name="path.separator" value=":"/>
    <property name="java.security.egd" value="file:///dev/urandom"/>
    <property name="os.version" value="3.10.0-957.12.2.el7.x86_64"/>
    <property name="java.endorsed.dirs" value="/usr/lib/jvm/java-1.8-openjdk/jre/lib/endorsed"/>
    <property name="java.runtime.name" value="OpenJDK Runtime Environment"/>
    <property name="file.encoding" value="UTF-8"/>
    <property name="java.vm.name" value="OpenJDK 64-Bit Server VM"/>
    <property name="test.build.webapps" value=""/>
    <property name="localRepository" value="/home/user/.m2/repository"/>
    <property name="java.vendor.url.bug" value="https://icedtea.classpath.org/bugzilla"/>
    <property name="java.io.tmpdir" value="/tmp"/>
    <property name="require.test.libhadoop" value=""/>
    <property name="java.version" value="1.8.0_212"/>
    <property name="user.dir" value="/workdir/hadoop-ozone/integration-test"/>
    <property name="os.arch" value="amd64"/>
    <property name="java.vm.specification.name" value="Java Virtual Machine Specification"/>
    <property name="test.build.classes" value="/workdir/hadoop-ozone/integration-test/target/test-classes"/>
    <property name="java.awt.printerjob" value="sun.print.PSPrinterJob"/>
    <property name="sun.os.patch.level" value="unknown"/>
    <property name="hadoop.tmp.dir" value="/workdir/hadoop-ozone/integration-test/target/tmp"/>
    <property name="java.library.path" value="/usr/lib/jvm/java-1.8-openjdk/jre/lib/amd64/server:/usr/lib/jvm/java-1.8-openjdk/jre/lib/amd64:/usr/lib/jvm/java-1.8-openjdk/jre/../lib/amd64:/workdir/hadoop-ozone/integration-test/target/native/target/usr/local/lib:/workdir/hadoop-ozone/integration-test/../../hadoop-common-project/hadoop-common/target/native/target/usr/local/lib:/usr/java/packages/lib/amd64:/usr/lib64:/lib64:/lib:/usr/lib"/>
    <property name="java.vm.info" value="mixed mode"/>
    <property name="java.vendor" value="IcedTea"/>
    <property name="java.vm.version" value="25.212-b04"/>
    <property name="java.ext.dirs" value="/usr/lib/jvm/java-1.8-openjdk/jre/lib/ext:/usr/java/packages/lib/ext"/>
    <property name="sun.io.unicode.encoding" value="UnicodeLittle"/>
    <property name="java.class.version" value="52.0"/>
  </properties>
  <testcase name="test2DatanodesFailure" classname="org.apache.hadoop.ozone.client.rpc.TestBlockOutputStreamWithFailures" time="109.836"/>
  <testcase name="testDatanodeFailureWithPreAllocation" classname="org.apache.hadoop.ozone.client.rpc.TestBlockOutputStreamWithFailures" time="224.912"/>
  <testcase name="testDatanodeFailureWithSingleNodeRatis" classname="org.apache.hadoop.ozone.client.rpc.TestBlockOutputStreamWithFailures" time="224.998"/>
  <testcase name="testWatchForCommitWithSingleNodeRatis" classname="org.apache.hadoop.ozone.client.rpc.TestBlockOutputStreamWithFailures" time="35.603"/>
  <testcase name="testWatchForCommitDatanodeFailure" classname="org.apache.hadoop.ozone.client.rpc.TestBlockOutputStreamWithFailures" time="42.632">
    <failure message="expected:&lt;2&gt; but was:&lt;3&gt;" type="java.lang.AssertionError"><![CDATA[java.lang.AssertionError: expected:<2> but was:<3>
	at org.junit.Assert.fail(Assert.java:88)
	at org.junit.Assert.failNotEquals(Assert.java:743)
	at org.junit.Assert.assertEquals(Assert.java:118)
	at org.junit.Assert.assertEquals(Assert.java:555)
	at org.junit.Assert.assertEquals(Assert.java:542)
	at org.apache.hadoop.ozone.client.rpc.TestBlockOutputStreamWithFailures.testWatchForCommitDatanodeFailure(TestBlockOutputStreamWithFailures.java:366)
	at sun.reflect.NativeMethodAccessorImpl.invoke0(Native Method)
	at sun.reflect.NativeMethodAccessorImpl.invoke(NativeMethodAccessorImpl.java:62)
	at sun.reflect.DelegatingMethodAccessorImpl.invoke(DelegatingMethodAccessorImpl.java:43)
	at java.lang.reflect.Method.invoke(Method.java:498)
	at org.junit.runners.model.FrameworkMethod$1.runReflectiveCall(FrameworkMethod.java:47)
	at org.junit.internal.runners.model.ReflectiveCallable.run(ReflectiveCallable.java:12)
	at org.junit.runners.model.FrameworkMethod.invokeExplosively(FrameworkMethod.java:44)
	at org.junit.internal.runners.statements.InvokeMethod.evaluate(InvokeMethod.java:17)
	at org.junit.internal.runners.statements.RunBefores.evaluate(RunBefores.java:26)
	at org.junit.internal.runners.statements.RunAfters.evaluate(RunAfters.java:27)
	at org.junit.runners.ParentRunner.runLeaf(ParentRunner.java:271)
	at org.junit.runners.BlockJUnit4ClassRunner.runChild(BlockJUnit4ClassRunner.java:70)
	at org.junit.runners.BlockJUnit4ClassRunner.runChild(BlockJUnit4ClassRunner.java:50)
	at org.junit.runners.ParentRunner$3.run(ParentRunner.java:238)
	at org.junit.runners.ParentRunner$1.schedule(ParentRunner.java:63)
	at org.junit.runners.ParentRunner.runChildren(ParentRunner.java:236)
	at org.junit.runners.ParentRunner.access$000(ParentRunner.java:53)
	at org.junit.runners.ParentRunner$2.evaluate(ParentRunner.java:229)
	at org.junit.runners.ParentRunner.run(ParentRunner.java:309)
	at org.apache.maven.surefire.junit4.JUnit4Provider.execute(JUnit4Provider.java:365)
	at org.apache.maven.surefire.junit4.JUnit4Provider.executeWithRerun(JUnit4Provider.java:273)
	at org.apache.maven.surefire.junit4.JUnit4Provider.executeTestSet(JUnit4Provider.java:238)
	at org.apache.maven.surefire.junit4.JUnit4Provider.invoke(JUnit4Provider.java:159)
	at org.apache.maven.surefire.booter.ForkedBooter.invokeProviderInSameClassLoader(ForkedBooter.java:384)
	at org.apache.maven.surefire.booter.ForkedBooter.runSuitesInProcess(ForkedBooter.java:345)
	at org.apache.maven.surefire.booter.ForkedBooter.execute(ForkedBooter.java:126)
	at org.apache.maven.surefire.booter.ForkedBooter.main(ForkedBooter.java:418)
]]></failure>
    <system-out><![CDATA[2019-08-28 09:23:21,204 [main] WARN  server.ServerUtils (ServerUtils.java:getScmDbDir(145)) - ozone.scm.db.dirs is not configured. We recommend adding this setting. Falling back to ozone.metadata.dirs instead.
2019-08-28 09:23:21,241 [main] WARN  server.ServerUtils (ServerUtils.java:getScmDbDir(145)) - ozone.scm.db.dirs is not configured. We recommend adding this setting. Falling back to ozone.metadata.dirs instead.
2019-08-28 09:23:21,241 [main] WARN  server.ServerUtils (ServerUtils.java:getScmDbDir(145)) - ozone.scm.db.dirs is not configured. We recommend adding this setting. Falling back to ozone.metadata.dirs instead.
2019-08-28 09:23:21,242 [main] INFO  db.DBStoreBuilder (DBStoreBuilder.java:addTable(110)) - using custom profile for table: deletedBlocks
2019-08-28 09:23:21,242 [main] INFO  db.DBStoreBuilder (DBStoreBuilder.java:processTables(161)) - Using default column profile:DBProfile.DISK for Table:deletedBlocks
2019-08-28 09:23:21,242 [main] INFO  db.DBStoreBuilder (DBStoreBuilder.java:addTable(110)) - using custom profile for table: validCerts
2019-08-28 09:23:21,243 [main] INFO  db.DBStoreBuilder (DBStoreBuilder.java:processTables(161)) - Using default column profile:DBProfile.DISK for Table:validCerts
2019-08-28 09:23:21,243 [main] INFO  db.DBStoreBuilder (DBStoreBuilder.java:addTable(110)) - using custom profile for table: revokedCerts
2019-08-28 09:23:21,243 [main] INFO  db.DBStoreBuilder (DBStoreBuilder.java:processTables(161)) - Using default column profile:DBProfile.DISK for Table:revokedCerts
2019-08-28 09:23:21,244 [main] INFO  db.DBStoreBuilder (DBStoreBuilder.java:addTable(110)) - using custom profile for table: default
2019-08-28 09:23:21,244 [main] INFO  db.DBStoreBuilder (DBStoreBuilder.java:processTables(167)) - Using default column profile:DBProfile.DISK for Table:default
2019-08-28 09:23:21,244 [main] INFO  db.DBStoreBuilder (DBStoreBuilder.java:getDbProfile(198)) - Using default options. DBProfile.DISK
2019-08-28 09:23:21,422 [main] INFO  net.NodeSchemaLoader (NodeSchemaLoader.java:loadSchemaFromFile(125)) - Loading file from sun.misc.CompoundEnumeration@3f3abe67
2019-08-28 09:23:21,423 [main] INFO  net.NodeSchemaLoader (NodeSchemaLoader.java:loadSchema(171)) - Loading network topology layer schema file
2019-08-28 09:23:21,429 [main] INFO  node.SCMNodeManager (SCMNodeManager.java:<init>(121)) - Entering startup safe mode.
2019-08-28 09:23:21,430 [main] INFO  algorithms.ContainerPlacementPolicyFactory (ContainerPlacementPolicyFactory.java:getPolicy(55)) - Create container placement policy of type org.apache.hadoop.hdds.scm.container.placement.algorithms.SCMContainerPlacementRandom
2019-08-28 09:23:21,430 [main] WARN  server.ServerUtils (ServerUtils.java:getScmDbDir(145)) - ozone.scm.db.dirs is not configured. We recommend adding this setting. Falling back to ozone.metadata.dirs instead.
2019-08-28 09:23:21,481 [main] INFO  pipeline.SCMPipelineManager (SCMPipelineManager.java:initializePipelineState(126)) - No pipeline exists in current db
2019-08-28 09:23:21,481 [main] WARN  server.ServerUtils (ServerUtils.java:getScmDbDir(145)) - ozone.scm.db.dirs is not configured. We recommend adding this setting. Falling back to ozone.metadata.dirs instead.
2019-08-28 09:23:21,536 [main] WARN  events.EventQueue (EventQueue.java:fireEvent(175)) - No event handler registered for event TypedEvent{payloadType=SafeModeStatus, name='SafeModeStatus'}
2019-08-28 09:23:21,537 [main] INFO  ipc.CallQueueManager (CallQueueManager.java:<init>(84)) - Using callQueue: class java.util.concurrent.LinkedBlockingQueue, queueCapacity: 2000, scheduler: class org.apache.hadoop.ipc.DefaultRpcScheduler, ipcBackoff: false.
2019-08-28 09:23:21,538 [Socket Reader #1 for port 46584] INFO  ipc.Server (Server.java:run(1074)) - Starting Socket Reader #1 for port 46584
2019-08-28 09:23:21,541 [main] INFO  ipc.CallQueueManager (CallQueueManager.java:<init>(84)) - Using callQueue: class java.util.concurrent.LinkedBlockingQueue, queueCapacity: 2000, scheduler: class org.apache.hadoop.ipc.DefaultRpcScheduler, ipcBackoff: false.
2019-08-28 09:23:21,541 [Socket Reader #1 for port 45227] INFO  ipc.Server (Server.java:run(1074)) - Starting Socket Reader #1 for port 45227
2019-08-28 09:23:21,543 [main] INFO  ipc.CallQueueManager (CallQueueManager.java:<init>(84)) - Using callQueue: class java.util.concurrent.LinkedBlockingQueue, queueCapacity: 2000, scheduler: class org.apache.hadoop.ipc.DefaultRpcScheduler, ipcBackoff: false.
2019-08-28 09:23:21,544 [Socket Reader #1 for port 46609] INFO  ipc.Server (Server.java:run(1074)) - Starting Socket Reader #1 for port 46609
2019-08-28 09:23:21,546 [main] INFO  hdfs.DFSUtil (DFSUtil.java:httpServerTemplateForNNAndJN(1641)) - Starting Web-server for scm at: http://0.0.0.0:0
2019-08-28 09:23:21,549 [main] INFO  server.AuthenticationFilter (AuthenticationFilter.java:constructSecretProvider(240)) - Unable to initialize FileSignerSecretProvider, falling back to use random secrets.
2019-08-28 09:23:21,550 [main] WARN  http.HttpRequestLog (HttpRequestLog.java:getRequestLog(97)) - Jetty request log can only be enabled using Log4j
2019-08-28 09:23:21,552 [main] INFO  http.HttpServer2 (HttpServer2.java:addGlobalFilter(975)) - Added global filter 'safety' (class=org.apache.hadoop.http.HttpServer2$QuotingInputFilter)
2019-08-28 09:23:21,553 [main] INFO  http.HttpServer2 (HttpServer2.java:addFilter(948)) - Added filter static_user_filter (class=org.apache.hadoop.http.lib.StaticUserWebFilter$StaticUserFilter) to context scm
2019-08-28 09:23:21,553 [main] INFO  http.HttpServer2 (HttpServer2.java:addFilter(958)) - Added filter static_user_filter (class=org.apache.hadoop.http.lib.StaticUserWebFilter$StaticUserFilter) to context logs
2019-08-28 09:23:21,554 [main] INFO  http.HttpServer2 (HttpServer2.java:addFilter(958)) - Added filter static_user_filter (class=org.apache.hadoop.http.lib.StaticUserWebFilter$StaticUserFilter) to context static
2019-08-28 09:23:21,556 [main] INFO  server.StorageContainerManager (StorageContainerManager.java:start(759)) - StorageContainerLocationProtocol RPC server is listening at /0.0.0.0:46609
2019-08-28 09:23:21,559 [main] WARN  impl.MetricsConfig (MetricsConfig.java:loadFirst(134)) - Cannot locate configuration: tried hadoop-metrics2-storagecontainermanager.properties,hadoop-metrics2.properties
2019-08-28 09:23:21,560 [main] INFO  impl.MetricsSystemImpl (MetricsSystemImpl.java:startTimer(374)) - Scheduled Metric snapshot period at 10 second(s).
2019-08-28 09:23:21,560 [main] INFO  impl.MetricsSystemImpl (MetricsSystemImpl.java:start(191)) - StorageContainerManager metrics system started
2019-08-28 09:23:21,647 [main] INFO  server.SCMClientProtocolServer (SCMClientProtocolServer.java:start(151)) - RPC server for Client  is listening at /0.0.0.0:46609
2019-08-28 09:23:21,648 [IPC Server Responder] INFO  ipc.Server (Server.java:run(1314)) - IPC Server Responder: starting
2019-08-28 09:23:21,648 [IPC Server listener on 46609] INFO  ipc.Server (Server.java:run(1153)) - IPC Server listener on 46609: starting
2019-08-28 09:23:21,651 [main] INFO  server.StorageContainerManager (StorageContainerManager.java:start(769)) - ScmBlockLocationProtocol RPC server is listening at /0.0.0.0:45227
2019-08-28 09:23:21,651 [main] INFO  server.SCMBlockProtocolServer (SCMBlockProtocolServer.java:start(140)) - RPC server for Block Protocol is listening at /0.0.0.0:45227
2019-08-28 09:23:21,652 [IPC Server listener on 45227] INFO  ipc.Server (Server.java:run(1153)) - IPC Server listener on 45227: starting
2019-08-28 09:23:21,652 [IPC Server Responder] INFO  ipc.Server (Server.java:run(1314)) - IPC Server Responder: starting
2019-08-28 09:23:21,655 [main] INFO  server.StorageContainerManager (StorageContainerManager.java:start(773)) - ScmDatanodeProtocl RPC server is listening at /0.0.0.0:46584
2019-08-28 09:23:21,655 [main] INFO  server.SCMDatanodeProtocolServer (SCMDatanodeProtocolServer.java:start(191)) - RPC server for DataNodes is listening at /0.0.0.0:46584
2019-08-28 09:23:21,655 [IPC Server Responder] INFO  ipc.Server (Server.java:run(1314)) - IPC Server Responder: starting
2019-08-28 09:23:21,656 [IPC Server listener on 46584] INFO  ipc.Server (Server.java:run(1153)) - IPC Server listener on 46584: starting
2019-08-28 09:23:21,659 [main] INFO  http.HttpServer2 (HttpServer2.java:bindListener(1191)) - Jetty bound to port 40426
2019-08-28 09:23:21,659 [main] INFO  server.Server (Server.java:doStart(351)) - jetty-9.3.24.v20180605, build timestamp: 2018-06-05T17:11:56Z, git hash: 84205aa28f11a4f31f2a3b86d1bba2cc8ab69827
2019-08-28 09:23:21,661 [main] INFO  handler.ContextHandler (ContextHandler.java:doStart(781)) - Started o.e.j.s.ServletContextHandler@655875bb{/logs,file:///workdir/hadoop-ozone/integration-test/target/log,AVAILABLE}
2019-08-28 09:23:21,661 [main] INFO  handler.ContextHandler (ContextHandler.java:doStart(781)) - Started o.e.j.s.ServletContextHandler@6b72c62{/static,file:///workdir/hadoop-ozone/integration-test/target/test-classes/webapps/static,AVAILABLE}
2019-08-28 09:23:21,665 [main] INFO  handler.ContextHandler (ContextHandler.java:doStart(781)) - Started o.e.j.w.WebAppContext@7b8d1537{/,file:///workdir/hadoop-ozone/integration-test/target/test-classes/webapps/scm/,AVAILABLE}{/scm}
2019-08-28 09:23:21,666 [main] INFO  server.AbstractConnector (AbstractConnector.java:doStart(278)) - Started ServerConnector@497cf31a{HTTP/1.1,[http/1.1]}{0.0.0.0:40426}
2019-08-28 09:23:21,667 [main] INFO  server.Server (Server.java:doStart(419)) - Started @596451ms
2019-08-28 09:23:21,668 [main] INFO  server.BaseHttpServer (BaseHttpServer.java:updateConnectorAddress(213)) - HTTP server of SCM is listening at http://0.0.0.0:40426
2019-08-28 09:23:21,668 [main] WARN  server.ServerUtils (ServerUtils.java:getDBPath(222)) - ozone.om.db.dirs is not configured. We recommend adding this setting. Falling back to ozone.metadata.dirs instead.
2019-08-28 09:23:21,669 [org.apache.hadoop.util.JvmPauseMonitor$Monitor@593d0173] INFO  util.JvmPauseMonitor (JvmPauseMonitor.java:run(188)) - Starting JVM pause monitor
2019-08-28 09:23:21,682 [main] WARN  server.ServerUtils (ServerUtils.java:getDBPath(222)) - ozone.om.db.dirs is not configured. We recommend adding this setting. Falling back to ozone.metadata.dirs instead.
2019-08-28 09:23:21,683 [main] WARN  server.ServerUtils (ServerUtils.java:getDBPath(222)) - ozone.om.db.dirs is not configured. We recommend adding this setting. Falling back to ozone.metadata.dirs instead.
2019-08-28 09:23:21,683 [main] INFO  om.OzoneManager (OzoneManager.java:setOMNodeDetails(645)) - OM Service ID is not set. Setting it to the default ID: omServiceIdDefault
2019-08-28 09:23:21,683 [main] INFO  om.OzoneManager (OzoneManager.java:setOMNodeDetails(651)) - OM Node ID is not set. Setting it to the OmStorage's OmID: 1c6879a1-61e5-493f-921e-6fea70943c70
2019-08-28 09:23:21,683 [main] INFO  om.OzoneManager (OzoneManager.java:loadOMHAConfigs(602)) - Found matching OM address with OMServiceId: null, OMNodeId: null, RPC Address: localhost:0 and Ratis port: 9872
2019-08-28 09:23:21,687 | INFO  | SCMAudit | user=jenkins1000 | ip=192.168.69.108 | op=GET_SCM_INFO null | ret=SUCCESS |  
2019-08-28 09:23:21,689 [main] WARN  server.ServerUtils (ServerUtils.java:getDBPath(222)) - ozone.om.db.dirs is not configured. We recommend adding this setting. Falling back to ozone.metadata.dirs instead.
2019-08-28 09:23:21,690 [main] INFO  db.DBStoreBuilder (DBStoreBuilder.java:addTable(110)) - using custom profile for table: userTable
2019-08-28 09:23:21,690 [main] INFO  db.DBStoreBuilder (DBStoreBuilder.java:processTables(161)) - Using default column profile:DBProfile.DISK for Table:userTable
2019-08-28 09:23:21,690 [main] INFO  db.DBStoreBuilder (DBStoreBuilder.java:addTable(110)) - using custom profile for table: volumeTable
2019-08-28 09:23:21,690 [main] INFO  db.DBStoreBuilder (DBStoreBuilder.java:processTables(161)) - Using default column profile:DBProfile.DISK for Table:volumeTable
2019-08-28 09:23:21,690 [main] INFO  db.DBStoreBuilder (DBStoreBuilder.java:addTable(110)) - using custom profile for table: bucketTable
2019-08-28 09:23:21,691 [main] INFO  db.DBStoreBuilder (DBStoreBuilder.java:processTables(161)) - Using default column profile:DBProfile.DISK for Table:bucketTable
2019-08-28 09:23:21,691 [main] INFO  db.DBStoreBuilder (DBStoreBuilder.java:addTable(110)) - using custom profile for table: keyTable
2019-08-28 09:23:21,691 [main] INFO  db.DBStoreBuilder (DBStoreBuilder.java:processTables(161)) - Using default column profile:DBProfile.DISK for Table:keyTable
2019-08-28 09:23:21,691 [main] INFO  db.DBStoreBuilder (DBStoreBuilder.java:addTable(110)) - using custom profile for table: deletedTable
2019-08-28 09:23:21,691 [main] INFO  db.DBStoreBuilder (DBStoreBuilder.java:processTables(161)) - Using default column profile:DBProfile.DISK for Table:deletedTable
2019-08-28 09:23:21,691 [main] INFO  db.DBStoreBuilder (DBStoreBuilder.java:addTable(110)) - using custom profile for table: openKeyTable
2019-08-28 09:23:21,692 [main] INFO  db.DBStoreBuilder (DBStoreBuilder.java:processTables(161)) - Using default column profile:DBProfile.DISK for Table:openKeyTable
2019-08-28 09:23:21,692 [main] INFO  db.DBStoreBuilder (DBStoreBuilder.java:addTable(110)) - using custom profile for table: s3Table
2019-08-28 09:23:21,692 [main] INFO  db.DBStoreBuilder (DBStoreBuilder.java:processTables(161)) - Using default column profile:DBProfile.DISK for Table:s3Table
2019-08-28 09:23:21,692 [main] INFO  db.DBStoreBuilder (DBStoreBuilder.java:addTable(110)) - using custom profile for table: multipartInfoTable
2019-08-28 09:23:21,692 [main] INFO  db.DBStoreBuilder (DBStoreBuilder.java:processTables(161)) - Using default column profile:DBProfile.DISK for Table:multipartInfoTable
2019-08-28 09:23:21,692 [main] INFO  db.DBStoreBuilder (DBStoreBuilder.java:addTable(110)) - using custom profile for table: dTokenTable
2019-08-28 09:23:21,693 [main] INFO  db.DBStoreBuilder (DBStoreBuilder.java:processTables(161)) - Using default column profile:DBProfile.DISK for Table:dTokenTable
2019-08-28 09:23:21,693 [main] INFO  db.DBStoreBuilder (DBStoreBuilder.java:addTable(110)) - using custom profile for table: s3SecretTable
2019-08-28 09:23:21,693 [main] INFO  db.DBStoreBuilder (DBStoreBuilder.java:processTables(161)) - Using default column profile:DBProfile.DISK for Table:s3SecretTable
2019-08-28 09:23:21,693 [main] INFO  db.DBStoreBuilder (DBStoreBuilder.java:addTable(110)) - using custom profile for table: prefixTable
2019-08-28 09:23:21,693 [main] INFO  db.DBStoreBuilder (DBStoreBuilder.java:processTables(161)) - Using default column profile:DBProfile.DISK for Table:prefixTable
2019-08-28 09:23:21,693 [main] INFO  db.DBStoreBuilder (DBStoreBuilder.java:addTable(110)) - using custom profile for table: default
2019-08-28 09:23:21,693 [main] INFO  db.DBStoreBuilder (DBStoreBuilder.java:processTables(167)) - Using default column profile:DBProfile.DISK for Table:default
2019-08-28 09:23:21,694 [main] INFO  db.DBStoreBuilder (DBStoreBuilder.java:getDbProfile(198)) - Using default options. DBProfile.DISK
2019-08-28 09:23:22,189 [main] INFO  ipc.CallQueueManager (CallQueueManager.java:<init>(84)) - Using callQueue: class java.util.concurrent.LinkedBlockingQueue, queueCapacity: 2000, scheduler: class org.apache.hadoop.ipc.DefaultRpcScheduler, ipcBackoff: false.
2019-08-28 09:23:22,191 [Socket Reader #1 for port 33454] INFO  ipc.Server (Server.java:run(1074)) - Starting Socket Reader #1 for port 33454
2019-08-28 09:23:22,205 [main] INFO  om.OzoneManager (OzoneManager.java:start(1256)) - OzoneManager RPC server is listening at localhost/127.0.0.1:33454
2019-08-28 09:23:22,205 [main] INFO  impl.MetricsSystemImpl (MetricsSystemImpl.java:init(158)) - OzoneManager metrics system started (again)
2019-08-28 09:23:22,206 [IPC Server Responder] INFO  ipc.Server (Server.java:run(1314)) - IPC Server Responder: starting
2019-08-28 09:23:22,206 [IPC Server listener on 33454] INFO  ipc.Server (Server.java:run(1153)) - IPC Server listener on 33454: starting
2019-08-28 09:23:22,212 [main] INFO  hdfs.DFSUtil (DFSUtil.java:httpServerTemplateForNNAndJN(1641)) - Starting Web-server for ozoneManager at: http://0.0.0.0:0
2019-08-28 09:23:22,215 [main] INFO  server.AuthenticationFilter (AuthenticationFilter.java:constructSecretProvider(240)) - Unable to initialize FileSignerSecretProvider, falling back to use random secrets.
2019-08-28 09:23:22,215 [main] WARN  http.HttpRequestLog (HttpRequestLog.java:getRequestLog(97)) - Jetty request log can only be enabled using Log4j
2019-08-28 09:23:22,218 [main] INFO  http.HttpServer2 (HttpServer2.java:addGlobalFilter(975)) - Added global filter 'safety' (class=org.apache.hadoop.http.HttpServer2$QuotingInputFilter)
2019-08-28 09:23:22,219 [main] INFO  http.HttpServer2 (HttpServer2.java:addFilter(948)) - Added filter static_user_filter (class=org.apache.hadoop.http.lib.StaticUserWebFilter$StaticUserFilter) to context ozoneManager
2019-08-28 09:23:22,219 [main] INFO  http.HttpServer2 (HttpServer2.java:addFilter(958)) - Added filter static_user_filter (class=org.apache.hadoop.http.lib.StaticUserWebFilter$StaticUserFilter) to context logs
2019-08-28 09:23:22,219 [main] INFO  http.HttpServer2 (HttpServer2.java:addFilter(958)) - Added filter static_user_filter (class=org.apache.hadoop.http.lib.StaticUserWebFilter$StaticUserFilter) to context static
2019-08-28 09:23:22,220 [main] INFO  http.HttpServer2 (HttpServer2.java:bindListener(1191)) - Jetty bound to port 34107
2019-08-28 09:23:22,220 [main] INFO  server.Server (Server.java:doStart(351)) - jetty-9.3.24.v20180605, build timestamp: 2018-06-05T17:11:56Z, git hash: 84205aa28f11a4f31f2a3b86d1bba2cc8ab69827
2019-08-28 09:23:22,223 [main] INFO  handler.ContextHandler (ContextHandler.java:doStart(781)) - Started o.e.j.s.ServletContextHandler@54e39504{/logs,file:///workdir/hadoop-ozone/integration-test/target/log,AVAILABLE}
2019-08-28 09:23:22,223 [main] INFO  handler.ContextHandler (ContextHandler.java:doStart(781)) - Started o.e.j.s.ServletContextHandler@13ac1657{/static,file:///workdir/hadoop-ozone/integration-test/target/test-classes/webapps/static,AVAILABLE}
2019-08-28 09:23:22,229 [main] INFO  handler.ContextHandler (ContextHandler.java:doStart(781)) - Started o.e.j.w.WebAppContext@7a4c1a6c{/,file:///workdir/hadoop-ozone/integration-test/target/test-classes/webapps/ozoneManager/,AVAILABLE}{/ozoneManager}
2019-08-28 09:23:22,230 [main] INFO  server.AbstractConnector (AbstractConnector.java:doStart(278)) - Started ServerConnector@123a21ad{HTTP/1.1,[http/1.1]}{0.0.0.0:34107}
2019-08-28 09:23:22,231 [main] INFO  server.Server (Server.java:doStart(419)) - Started @597016ms
2019-08-28 09:23:22,232 [main] INFO  server.BaseHttpServer (BaseHttpServer.java:updateConnectorAddress(213)) - HTTP server of OZONEMANAGER is listening at http://0.0.0.0:34107
2019-08-28 09:23:22,251 [main] INFO  impl.MetricsSystemImpl (MetricsSystemImpl.java:init(158)) - HddsDatanode metrics system started (again)
2019-08-28 09:23:22,254 [main] INFO  ozone.HddsDatanodeService (HddsDatanodeService.java:start(184)) - HddsDatanodeService host:pr-hdds-1094-85qxc-974882988 ip:192.168.69.108
2019-08-28 09:23:22,266 [main] INFO  volume.HddsVolume (HddsVolume.java:<init>(176)) - Creating Volume: /workdir/hadoop-ozone/integration-test/target/test-dir/MiniOzoneClusterImpl-4cacb774-3eea-4282-9e15-e206378f9ec3/datanode-0/data/containers/hdds of  storage type : DISK and capacity : 1482555576320
2019-08-28 09:23:22,267 [main] INFO  volume.VolumeSet (VolumeSet.java:initializeVolumeSet(170)) - Added Volume : /workdir/hadoop-ozone/integration-test/target/test-dir/MiniOzoneClusterImpl-4cacb774-3eea-4282-9e15-e206378f9ec3/datanode-0/data/containers/hdds to VolumeSet
2019-08-28 09:23:22,267 [main] INFO  volume.ThrottledAsyncChecker (ThrottledAsyncChecker.java:schedule(140)) - Scheduling a check for org.apache.hadoop.ozone.container.common.volume.HddsVolume@4ed7db72
2019-08-28 09:23:22,268 [main] INFO  volume.HddsVolumeChecker (HddsVolumeChecker.java:checkAllVolumes(203)) - Scheduled health check for volume org.apache.hadoop.ozone.container.common.volume.HddsVolume@4ed7db72
2019-08-28 09:23:22,286 [main] INFO  impl.RaftServerProxy (ConfUtils.java:logGet(43)) - raft.rpc.type = GRPC (default)
2019-08-28 09:23:22,286 [main] INFO  grpc.GrpcFactory (GrpcFactory.java:checkPooledByteBufAllocatorUseCacheForAllThreads(45)) - PERFORMANCE WARNING: useCacheForAllThreads is true that may cause Netty to create a lot garbage objects and, as a result, trigger GC.
	It is recommended to disable useCacheForAllThreads by setting -Dorg.apache.ratis.thirdparty.io.netty.allocator.useCacheForAllThreads=false in command line.
2019-08-28 09:23:22,287 [main] INFO  grpc.GrpcConfigKeys$Server (ConfUtils.java:logGet(43)) - raft.grpc.server.port = 0 (default)
2019-08-28 09:23:22,287 [main] INFO  server.GrpcService (ConfUtils.java:logGet(43)) - raft.grpc.message.size.max = 33570816 (custom)
2019-08-28 09:23:22,287 [main] INFO  server.RaftServerConfigKeys (ConfUtils.java:logGet(43)) - raft.server.log.appender.buffer.byte-limit = 33554432 (custom)
2019-08-28 09:23:22,288 [main] INFO  server.GrpcService (ConfUtils.java:logGet(43)) - raft.grpc.flow.control.window = 1MB (=1048576) (default)
2019-08-28 09:23:22,288 [main] INFO  server.RaftServerConfigKeys (ConfUtils.java:logGet(43)) - raft.server.rpc.request.timeout = 3000ms (default)
2019-08-28 09:23:22,289 [main] INFO  server.RaftServerConfigKeys (ConfUtils.java:logGet(43)) - raft.server.storage.dir = [/workdir/hadoop-ozone/integration-test/target/test-dir/MiniOzoneClusterImpl-4cacb774-3eea-4282-9e15-e206378f9ec3/datanode-0/data/ratis] (custom)
2019-08-28 09:23:22,290 [main] INFO  replication.SimpleContainerDownloader (SimpleContainerDownloader.java:<init>(72)) - Starting container downloader service to copy containers to replicate.
2019-08-28 09:23:22,291 [main] INFO  hdfs.DFSUtil (DFSUtil.java:httpServerTemplateForNNAndJN(1641)) - Starting Web-server for hddsDatanode at: http://0.0.0.0:0
2019-08-28 09:23:22,293 [main] INFO  server.AuthenticationFilter (AuthenticationFilter.java:constructSecretProvider(240)) - Unable to initialize FileSignerSecretProvider, falling back to use random secrets.
2019-08-28 09:23:22,293 [main] WARN  http.HttpRequestLog (HttpRequestLog.java:getRequestLog(97)) - Jetty request log can only be enabled using Log4j
2019-08-28 09:23:22,295 [main] INFO  http.HttpServer2 (HttpServer2.java:addGlobalFilter(975)) - Added global filter 'safety' (class=org.apache.hadoop.http.HttpServer2$QuotingInputFilter)
2019-08-28 09:23:22,296 [main] INFO  http.HttpServer2 (HttpServer2.java:addFilter(948)) - Added filter static_user_filter (class=org.apache.hadoop.http.lib.StaticUserWebFilter$StaticUserFilter) to context hddsDatanode
2019-08-28 09:23:22,296 [main] INFO  http.HttpServer2 (HttpServer2.java:addFilter(958)) - Added filter static_user_filter (class=org.apache.hadoop.http.lib.StaticUserWebFilter$StaticUserFilter) to context static
2019-08-28 09:23:22,296 [main] INFO  http.HttpServer2 (HttpServer2.java:addFilter(958)) - Added filter static_user_filter (class=org.apache.hadoop.http.lib.StaticUserWebFilter$StaticUserFilter) to context logs
2019-08-28 09:23:22,297 [main] INFO  http.HttpServer2 (HttpServer2.java:bindListener(1191)) - Jetty bound to port 42198
2019-08-28 09:23:22,298 [main] INFO  server.Server (Server.java:doStart(351)) - jetty-9.3.24.v20180605, build timestamp: 2018-06-05T17:11:56Z, git hash: 84205aa28f11a4f31f2a3b86d1bba2cc8ab69827
2019-08-28 09:23:22,299 [main] INFO  handler.ContextHandler (ContextHandler.java:doStart(781)) - Started o.e.j.s.ServletContextHandler@6e43c01f{/logs,file:///workdir/hadoop-ozone/integration-test/target/log,AVAILABLE}
2019-08-28 09:23:22,300 [main] INFO  handler.ContextHandler (ContextHandler.java:doStart(781)) - Started o.e.j.s.ServletContextHandler@5350a926{/static,jar:file:/home/user/.m2/repository/org/apache/hadoop/hadoop-hdds-container-service/0.5.0-SNAPSHOT/hadoop-hdds-container-service-0.5.0-SNAPSHOT.jar!/webapps/static,AVAILABLE}
2019-08-28 09:23:22,346 [main] INFO  handler.ContextHandler (ContextHandler.java:doStart(781)) - Started o.e.j.w.WebAppContext@326489c4{/,file:///tmp/jetty-0.0.0.0-42198-hddsDatanode-_-any-8075911487420460837.dir/webapp/,AVAILABLE}{/hddsDatanode}
2019-08-28 09:23:22,347 [main] INFO  server.AbstractConnector (AbstractConnector.java:doStart(278)) - Started ServerConnector@50165a6d{HTTP/1.1,[http/1.1]}{0.0.0.0:42198}
2019-08-28 09:23:22,348 [main] INFO  server.Server (Server.java:doStart(419)) - Started @597133ms
2019-08-28 09:23:22,349 [main] INFO  server.BaseHttpServer (BaseHttpServer.java:updateConnectorAddress(213)) - HTTP server of HDDSDATANODE is listening at http://0.0.0.0:42198
2019-08-28 09:23:22,543 | INFO  | ObjectStoreRestHttpServer | Listening HDDS REST traffic on /0.0.0.0:40289 |  
2019-08-28 09:23:22,544 [main] INFO  ozone.HddsDatanodeService (HddsDatanodeService.java:startPlugins(395)) - Started plug-in org.apache.hadoop.ozone.web.OzoneHddsDatanodeService@51751265
2019-08-28 09:23:22,544 [main] INFO  impl.MetricsSystemImpl (MetricsSystemImpl.java:init(158)) - HddsDatanode metrics system started (again)
2019-08-28 09:23:22,547 [org.apache.hadoop.util.JvmPauseMonitor$Monitor@24d8454f] INFO  util.JvmPauseMonitor (JvmPauseMonitor.java:run(188)) - Starting JVM pause monitor
2019-08-28 09:23:22,547 [main] INFO  ozone.HddsDatanodeService (HddsDatanodeService.java:start(184)) - HddsDatanodeService host:pr-hdds-1094-85qxc-974882988 ip:192.168.69.108
2019-08-28 09:23:22,549 [Datanode State Machine Thread - 0] INFO  datanode.InitDatanodeState (InitDatanodeState.java:persistContainerDatanodeDetails(140)) - DatanodeDetails is persisted to /workdir/hadoop-ozone/integration-test/target/test-dir/MiniOzoneClusterImpl-4cacb774-3eea-4282-9e15-e206378f9ec3/datanode-0/meta/datanode.id
2019-08-28 09:23:22,559 [main] INFO  volume.HddsVolume (HddsVolume.java:<init>(176)) - Creating Volume: /workdir/hadoop-ozone/integration-test/target/test-dir/MiniOzoneClusterImpl-4cacb774-3eea-4282-9e15-e206378f9ec3/datanode-1/data/containers/hdds of  storage type : DISK and capacity : 1482555576320
2019-08-28 09:23:22,559 [main] INFO  volume.VolumeSet (VolumeSet.java:initializeVolumeSet(170)) - Added Volume : /workdir/hadoop-ozone/integration-test/target/test-dir/MiniOzoneClusterImpl-4cacb774-3eea-4282-9e15-e206378f9ec3/datanode-1/data/containers/hdds to VolumeSet
2019-08-28 09:23:22,560 [main] INFO  volume.ThrottledAsyncChecker (ThrottledAsyncChecker.java:schedule(140)) - Scheduling a check for org.apache.hadoop.ozone.container.common.volume.HddsVolume@65d3e2ba
2019-08-28 09:23:22,560 [main] INFO  volume.HddsVolumeChecker (HddsVolumeChecker.java:checkAllVolumes(203)) - Scheduled health check for volume org.apache.hadoop.ozone.container.common.volume.HddsVolume@65d3e2ba
2019-08-28 09:23:22,576 [main] INFO  impl.RaftServerProxy (ConfUtils.java:logGet(43)) - raft.rpc.type = GRPC (default)
2019-08-28 09:23:22,576 [main] INFO  grpc.GrpcFactory (GrpcFactory.java:checkPooledByteBufAllocatorUseCacheForAllThreads(45)) - PERFORMANCE WARNING: useCacheForAllThreads is true that may cause Netty to create a lot garbage objects and, as a result, trigger GC.
	It is recommended to disable useCacheForAllThreads by setting -Dorg.apache.ratis.thirdparty.io.netty.allocator.useCacheForAllThreads=false in command line.
2019-08-28 09:23:22,577 [main] INFO  grpc.GrpcConfigKeys$Server (ConfUtils.java:logGet(43)) - raft.grpc.server.port = 0 (default)
2019-08-28 09:23:22,577 [main] INFO  server.GrpcService (ConfUtils.java:logGet(43)) - raft.grpc.message.size.max = 33570816 (custom)
2019-08-28 09:23:22,577 [main] INFO  server.RaftServerConfigKeys (ConfUtils.java:logGet(43)) - raft.server.log.appender.buffer.byte-limit = 33554432 (custom)
2019-08-28 09:23:22,577 [main] INFO  server.GrpcService (ConfUtils.java:logGet(43)) - raft.grpc.flow.control.window = 1MB (=1048576) (default)
2019-08-28 09:23:22,577 [main] INFO  server.RaftServerConfigKeys (ConfUtils.java:logGet(43)) - raft.server.rpc.request.timeout = 3000ms (default)
2019-08-28 09:23:22,578 [main] INFO  server.RaftServerConfigKeys (ConfUtils.java:logGet(43)) - raft.server.storage.dir = [/workdir/hadoop-ozone/integration-test/target/test-dir/MiniOzoneClusterImpl-4cacb774-3eea-4282-9e15-e206378f9ec3/datanode-1/data/ratis] (custom)
2019-08-28 09:23:22,578 [main] INFO  replication.SimpleContainerDownloader (SimpleContainerDownloader.java:<init>(72)) - Starting container downloader service to copy containers to replicate.
2019-08-28 09:23:22,579 [main] INFO  hdfs.DFSUtil (DFSUtil.java:httpServerTemplateForNNAndJN(1641)) - Starting Web-server for hddsDatanode at: http://0.0.0.0:0
2019-08-28 09:23:22,582 [main] INFO  server.AuthenticationFilter (AuthenticationFilter.java:constructSecretProvider(240)) - Unable to initialize FileSignerSecretProvider, falling back to use random secrets.
2019-08-28 09:23:22,582 [main] WARN  http.HttpRequestLog (HttpRequestLog.java:getRequestLog(97)) - Jetty request log can only be enabled using Log4j
2019-08-28 09:23:22,585 [main] INFO  http.HttpServer2 (HttpServer2.java:addGlobalFilter(975)) - Added global filter 'safety' (class=org.apache.hadoop.http.HttpServer2$QuotingInputFilter)
2019-08-28 09:23:22,585 [main] INFO  http.HttpServer2 (HttpServer2.java:addFilter(948)) - Added filter static_user_filter (class=org.apache.hadoop.http.lib.StaticUserWebFilter$StaticUserFilter) to context hddsDatanode
2019-08-28 09:23:22,586 [main] INFO  http.HttpServer2 (HttpServer2.java:addFilter(958)) - Added filter static_user_filter (class=org.apache.hadoop.http.lib.StaticUserWebFilter$StaticUserFilter) to context static
2019-08-28 09:23:22,586 [main] INFO  http.HttpServer2 (HttpServer2.java:addFilter(958)) - Added filter static_user_filter (class=org.apache.hadoop.http.lib.StaticUserWebFilter$StaticUserFilter) to context logs
2019-08-28 09:23:22,587 [main] INFO  http.HttpServer2 (HttpServer2.java:bindListener(1191)) - Jetty bound to port 36060
2019-08-28 09:23:22,587 [main] INFO  server.Server (Server.java:doStart(351)) - jetty-9.3.24.v20180605, build timestamp: 2018-06-05T17:11:56Z, git hash: 84205aa28f11a4f31f2a3b86d1bba2cc8ab69827
2019-08-28 09:23:22,589 [main] INFO  handler.ContextHandler (ContextHandler.java:doStart(781)) - Started o.e.j.s.ServletContextHandler@179e8859{/logs,file:///workdir/hadoop-ozone/integration-test/target/log,AVAILABLE}
2019-08-28 09:23:22,590 [main] INFO  handler.ContextHandler (ContextHandler.java:doStart(781)) - Started o.e.j.s.ServletContextHandler@781ecbac{/static,jar:file:/home/user/.m2/repository/org/apache/hadoop/hadoop-hdds-container-service/0.5.0-SNAPSHOT/hadoop-hdds-container-service-0.5.0-SNAPSHOT.jar!/webapps/static,AVAILABLE}
2019-08-28 09:23:22,634 [main] INFO  handler.ContextHandler (ContextHandler.java:doStart(781)) - Started o.e.j.w.WebAppContext@39cf7f3c{/,file:///tmp/jetty-0.0.0.0-36060-hddsDatanode-_-any-5965387811025930697.dir/webapp/,AVAILABLE}{/hddsDatanode}
2019-08-28 09:23:22,635 [main] INFO  server.AbstractConnector (AbstractConnector.java:doStart(278)) - Started ServerConnector@25df95b{HTTP/1.1,[http/1.1]}{0.0.0.0:36060}
2019-08-28 09:23:22,635 [main] INFO  server.Server (Server.java:doStart(419)) - Started @597420ms
2019-08-28 09:23:22,636 [main] INFO  server.BaseHttpServer (BaseHttpServer.java:updateConnectorAddress(213)) - HTTP server of HDDSDATANODE is listening at http://0.0.0.0:36060
2019-08-28 09:23:23,128 | INFO  | ObjectStoreRestHttpServer | Listening HDDS REST traffic on /0.0.0.0:33440 |  
2019-08-28 09:23:23,128 [main] INFO  ozone.HddsDatanodeService (HddsDatanodeService.java:startPlugins(395)) - Started plug-in org.apache.hadoop.ozone.web.OzoneHddsDatanodeService@63fcc21
2019-08-28 09:23:23,129 [main] INFO  impl.MetricsSystemImpl (MetricsSystemImpl.java:init(158)) - HddsDatanode metrics system started (again)
2019-08-28 09:23:23,132 [main] INFO  ozone.HddsDatanodeService (HddsDatanodeService.java:start(184)) - HddsDatanodeService host:pr-hdds-1094-85qxc-974882988 ip:192.168.69.108
2019-08-28 09:23:23,132 [org.apache.hadoop.util.JvmPauseMonitor$Monitor@51d08a11] INFO  util.JvmPauseMonitor (JvmPauseMonitor.java:run(188)) - Starting JVM pause monitor
2019-08-28 09:23:23,133 [Datanode State Machine Thread - 0] INFO  datanode.InitDatanodeState (InitDatanodeState.java:persistContainerDatanodeDetails(140)) - DatanodeDetails is persisted to /workdir/hadoop-ozone/integration-test/target/test-dir/MiniOzoneClusterImpl-4cacb774-3eea-4282-9e15-e206378f9ec3/datanode-1/meta/datanode.id
2019-08-28 09:23:23,144 [main] INFO  volume.HddsVolume (HddsVolume.java:<init>(176)) - Creating Volume: /workdir/hadoop-ozone/integration-test/target/test-dir/MiniOzoneClusterImpl-4cacb774-3eea-4282-9e15-e206378f9ec3/datanode-2/data/containers/hdds of  storage type : DISK and capacity : 1482555576320
2019-08-28 09:23:23,144 [main] INFO  volume.VolumeSet (VolumeSet.java:initializeVolumeSet(170)) - Added Volume : /workdir/hadoop-ozone/integration-test/target/test-dir/MiniOzoneClusterImpl-4cacb774-3eea-4282-9e15-e206378f9ec3/datanode-2/data/containers/hdds to VolumeSet
2019-08-28 09:23:23,145 [main] INFO  volume.ThrottledAsyncChecker (ThrottledAsyncChecker.java:schedule(140)) - Scheduling a check for org.apache.hadoop.ozone.container.common.volume.HddsVolume@4f876114
2019-08-28 09:23:23,145 [main] INFO  volume.HddsVolumeChecker (HddsVolumeChecker.java:checkAllVolumes(203)) - Scheduled health check for volume org.apache.hadoop.ozone.container.common.volume.HddsVolume@4f876114
2019-08-28 09:23:23,158 [main] INFO  impl.RaftServerProxy (ConfUtils.java:logGet(43)) - raft.rpc.type = GRPC (default)
2019-08-28 09:23:23,159 [main] INFO  grpc.GrpcFactory (GrpcFactory.java:checkPooledByteBufAllocatorUseCacheForAllThreads(45)) - PERFORMANCE WARNING: useCacheForAllThreads is true that may cause Netty to create a lot garbage objects and, as a result, trigger GC.
	It is recommended to disable useCacheForAllThreads by setting -Dorg.apache.ratis.thirdparty.io.netty.allocator.useCacheForAllThreads=false in command line.
2019-08-28 09:23:23,159 [main] INFO  grpc.GrpcConfigKeys$Server (ConfUtils.java:logGet(43)) - raft.grpc.server.port = 0 (default)
2019-08-28 09:23:23,159 [main] INFO  server.GrpcService (ConfUtils.java:logGet(43)) - raft.grpc.message.size.max = 33570816 (custom)
2019-08-28 09:23:23,159 [main] INFO  server.RaftServerConfigKeys (ConfUtils.java:logGet(43)) - raft.server.log.appender.buffer.byte-limit = 33554432 (custom)
2019-08-28 09:23:23,160 [main] INFO  server.GrpcService (ConfUtils.java:logGet(43)) - raft.grpc.flow.control.window = 1MB (=1048576) (default)
2019-08-28 09:23:23,160 [main] INFO  server.RaftServerConfigKeys (ConfUtils.java:logGet(43)) - raft.server.rpc.request.timeout = 3000ms (default)
2019-08-28 09:23:23,160 [main] INFO  server.RaftServerConfigKeys (ConfUtils.java:logGet(43)) - raft.server.storage.dir = [/workdir/hadoop-ozone/integration-test/target/test-dir/MiniOzoneClusterImpl-4cacb774-3eea-4282-9e15-e206378f9ec3/datanode-2/data/ratis] (custom)
2019-08-28 09:23:23,161 [main] INFO  replication.SimpleContainerDownloader (SimpleContainerDownloader.java:<init>(72)) - Starting container downloader service to copy containers to replicate.
2019-08-28 09:23:23,162 [main] INFO  hdfs.DFSUtil (DFSUtil.java:httpServerTemplateForNNAndJN(1641)) - Starting Web-server for hddsDatanode at: http://0.0.0.0:0
2019-08-28 09:23:23,164 [main] INFO  server.AuthenticationFilter (AuthenticationFilter.java:constructSecretProvider(240)) - Unable to initialize FileSignerSecretProvider, falling back to use random secrets.
2019-08-28 09:23:23,165 [main] WARN  http.HttpRequestLog (HttpRequestLog.java:getRequestLog(97)) - Jetty request log can only be enabled using Log4j
2019-08-28 09:23:23,167 [main] INFO  http.HttpServer2 (HttpServer2.java:addGlobalFilter(975)) - Added global filter 'safety' (class=org.apache.hadoop.http.HttpServer2$QuotingInputFilter)
2019-08-28 09:23:23,168 [main] INFO  http.HttpServer2 (HttpServer2.java:addFilter(948)) - Added filter static_user_filter (class=org.apache.hadoop.http.lib.StaticUserWebFilter$StaticUserFilter) to context hddsDatanode
2019-08-28 09:23:23,168 [main] INFO  http.HttpServer2 (HttpServer2.java:addFilter(958)) - Added filter static_user_filter (class=org.apache.hadoop.http.lib.StaticUserWebFilter$StaticUserFilter) to context static
2019-08-28 09:23:23,169 [main] INFO  http.HttpServer2 (HttpServer2.java:addFilter(958)) - Added filter static_user_filter (class=org.apache.hadoop.http.lib.StaticUserWebFilter$StaticUserFilter) to context logs
2019-08-28 09:23:23,170 [main] INFO  http.HttpServer2 (HttpServer2.java:bindListener(1191)) - Jetty bound to port 38151
2019-08-28 09:23:23,170 [main] INFO  server.Server (Server.java:doStart(351)) - jetty-9.3.24.v20180605, build timestamp: 2018-06-05T17:11:56Z, git hash: 84205aa28f11a4f31f2a3b86d1bba2cc8ab69827
2019-08-28 09:23:23,172 [main] INFO  handler.ContextHandler (ContextHandler.java:doStart(781)) - Started o.e.j.s.ServletContextHandler@561b4c61{/logs,file:///workdir/hadoop-ozone/integration-test/target/log,AVAILABLE}
2019-08-28 09:23:23,175 [main] INFO  handler.ContextHandler (ContextHandler.java:doStart(781)) - Started o.e.j.s.ServletContextHandler@63fef83c{/static,jar:file:/home/user/.m2/repository/org/apache/hadoop/hadoop-hdds-container-service/0.5.0-SNAPSHOT/hadoop-hdds-container-service-0.5.0-SNAPSHOT.jar!/webapps/static,AVAILABLE}
2019-08-28 09:23:23,216 [main] INFO  handler.ContextHandler (ContextHandler.java:doStart(781)) - Started o.e.j.w.WebAppContext@26c349fc{/,file:///tmp/jetty-0.0.0.0-38151-hddsDatanode-_-any-8763428603383877623.dir/webapp/,AVAILABLE}{/hddsDatanode}
2019-08-28 09:23:23,217 [main] INFO  server.AbstractConnector (AbstractConnector.java:doStart(278)) - Started ServerConnector@54d0d561{HTTP/1.1,[http/1.1]}{0.0.0.0:38151}
2019-08-28 09:23:23,217 [main] INFO  server.Server (Server.java:doStart(419)) - Started @598002ms
2019-08-28 09:23:23,219 [main] INFO  server.BaseHttpServer (BaseHttpServer.java:updateConnectorAddress(213)) - HTTP server of HDDSDATANODE is listening at http://0.0.0.0:38151
2019-08-28 09:23:23,363 | INFO  | ObjectStoreRestHttpServer | Listening HDDS REST traffic on /0.0.0.0:39412 |  
2019-08-28 09:23:23,363 [main] INFO  ozone.HddsDatanodeService (HddsDatanodeService.java:startPlugins(395)) - Started plug-in org.apache.hadoop.ozone.web.OzoneHddsDatanodeService@5d87c8af
2019-08-28 09:23:23,363 [main] INFO  impl.MetricsSystemImpl (MetricsSystemImpl.java:init(158)) - HddsDatanode metrics system started (again)
2019-08-28 09:23:23,366 [main] INFO  ozone.HddsDatanodeService (HddsDatanodeService.java:start(184)) - HddsDatanodeService host:pr-hdds-1094-85qxc-974882988 ip:192.168.69.108
2019-08-28 09:23:23,366 [org.apache.hadoop.util.JvmPauseMonitor$Monitor@42580723] INFO  util.JvmPauseMonitor (JvmPauseMonitor.java:run(188)) - Starting JVM pause monitor
2019-08-28 09:23:23,367 [Datanode State Machine Thread - 0] INFO  datanode.InitDatanodeState (InitDatanodeState.java:persistContainerDatanodeDetails(140)) - DatanodeDetails is persisted to /workdir/hadoop-ozone/integration-test/target/test-dir/MiniOzoneClusterImpl-4cacb774-3eea-4282-9e15-e206378f9ec3/datanode-2/meta/datanode.id
2019-08-28 09:23:23,378 [main] INFO  volume.HddsVolume (HddsVolume.java:<init>(176)) - Creating Volume: /workdir/hadoop-ozone/integration-test/target/test-dir/MiniOzoneClusterImpl-4cacb774-3eea-4282-9e15-e206378f9ec3/datanode-3/data/containers/hdds of  storage type : DISK and capacity : 1482555576320
2019-08-28 09:23:23,378 [main] INFO  volume.VolumeSet (VolumeSet.java:initializeVolumeSet(170)) - Added Volume : /workdir/hadoop-ozone/integration-test/target/test-dir/MiniOzoneClusterImpl-4cacb774-3eea-4282-9e15-e206378f9ec3/datanode-3/data/containers/hdds to VolumeSet
2019-08-28 09:23:23,378 [main] INFO  volume.ThrottledAsyncChecker (ThrottledAsyncChecker.java:schedule(140)) - Scheduling a check for org.apache.hadoop.ozone.container.common.volume.HddsVolume@39d6504b
2019-08-28 09:23:23,378 [main] INFO  volume.HddsVolumeChecker (HddsVolumeChecker.java:checkAllVolumes(203)) - Scheduled health check for volume org.apache.hadoop.ozone.container.common.volume.HddsVolume@39d6504b
2019-08-28 09:23:23,395 [main] INFO  impl.RaftServerProxy (ConfUtils.java:logGet(43)) - raft.rpc.type = GRPC (default)
2019-08-28 09:23:23,395 [main] INFO  grpc.GrpcFactory (GrpcFactory.java:checkPooledByteBufAllocatorUseCacheForAllThreads(45)) - PERFORMANCE WARNING: useCacheForAllThreads is true that may cause Netty to create a lot garbage objects and, as a result, trigger GC.
	It is recommended to disable useCacheForAllThreads by setting -Dorg.apache.ratis.thirdparty.io.netty.allocator.useCacheForAllThreads=false in command line.
2019-08-28 09:23:23,395 [main] INFO  grpc.GrpcConfigKeys$Server (ConfUtils.java:logGet(43)) - raft.grpc.server.port = 0 (default)
2019-08-28 09:23:23,395 [main] INFO  server.GrpcService (ConfUtils.java:logGet(43)) - raft.grpc.message.size.max = 33570816 (custom)
2019-08-28 09:23:23,396 [main] INFO  server.RaftServerConfigKeys (ConfUtils.java:logGet(43)) - raft.server.log.appender.buffer.byte-limit = 33554432 (custom)
2019-08-28 09:23:23,396 [main] INFO  server.GrpcService (ConfUtils.java:logGet(43)) - raft.grpc.flow.control.window = 1MB (=1048576) (default)
2019-08-28 09:23:23,396 [main] INFO  server.RaftServerConfigKeys (ConfUtils.java:logGet(43)) - raft.server.rpc.request.timeout = 3000ms (default)
2019-08-28 09:23:23,396 [main] INFO  server.RaftServerConfigKeys (ConfUtils.java:logGet(43)) - raft.server.storage.dir = [/workdir/hadoop-ozone/integration-test/target/test-dir/MiniOzoneClusterImpl-4cacb774-3eea-4282-9e15-e206378f9ec3/datanode-3/data/ratis] (custom)
2019-08-28 09:23:23,397 [main] INFO  replication.SimpleContainerDownloader (SimpleContainerDownloader.java:<init>(72)) - Starting container downloader service to copy containers to replicate.
2019-08-28 09:23:23,398 [main] INFO  hdfs.DFSUtil (DFSUtil.java:httpServerTemplateForNNAndJN(1641)) - Starting Web-server for hddsDatanode at: http://0.0.0.0:0
2019-08-28 09:23:23,400 [main] INFO  server.AuthenticationFilter (AuthenticationFilter.java:constructSecretProvider(240)) - Unable to initialize FileSignerSecretProvider, falling back to use random secrets.
2019-08-28 09:23:23,400 [main] WARN  http.HttpRequestLog (HttpRequestLog.java:getRequestLog(97)) - Jetty request log can only be enabled using Log4j
2019-08-28 09:23:23,401 [main] INFO  http.HttpServer2 (HttpServer2.java:addGlobalFilter(975)) - Added global filter 'safety' (class=org.apache.hadoop.http.HttpServer2$QuotingInputFilter)
2019-08-28 09:23:23,402 [main] INFO  http.HttpServer2 (HttpServer2.java:addFilter(948)) - Added filter static_user_filter (class=org.apache.hadoop.http.lib.StaticUserWebFilter$StaticUserFilter) to context hddsDatanode
2019-08-28 09:23:23,402 [main] INFO  http.HttpServer2 (HttpServer2.java:addFilter(958)) - Added filter static_user_filter (class=org.apache.hadoop.http.lib.StaticUserWebFilter$StaticUserFilter) to context static
2019-08-28 09:23:23,402 [main] INFO  http.HttpServer2 (HttpServer2.java:addFilter(958)) - Added filter static_user_filter (class=org.apache.hadoop.http.lib.StaticUserWebFilter$StaticUserFilter) to context logs
2019-08-28 09:23:23,403 [main] INFO  http.HttpServer2 (HttpServer2.java:bindListener(1191)) - Jetty bound to port 41509
2019-08-28 09:23:23,403 [main] INFO  server.Server (Server.java:doStart(351)) - jetty-9.3.24.v20180605, build timestamp: 2018-06-05T17:11:56Z, git hash: 84205aa28f11a4f31f2a3b86d1bba2cc8ab69827
2019-08-28 09:23:23,405 [main] INFO  handler.ContextHandler (ContextHandler.java:doStart(781)) - Started o.e.j.s.ServletContextHandler@10c11e36{/logs,file:///workdir/hadoop-ozone/integration-test/target/log,AVAILABLE}
2019-08-28 09:23:23,405 [main] INFO  handler.ContextHandler (ContextHandler.java:doStart(781)) - Started o.e.j.s.ServletContextHandler@10f64bc3{/static,jar:file:/home/user/.m2/repository/org/apache/hadoop/hadoop-hdds-container-service/0.5.0-SNAPSHOT/hadoop-hdds-container-service-0.5.0-SNAPSHOT.jar!/webapps/static,AVAILABLE}
2019-08-28 09:23:23,432 [main] INFO  handler.ContextHandler (ContextHandler.java:doStart(781)) - Started o.e.j.w.WebAppContext@2b3ac26d{/,file:///tmp/jetty-0.0.0.0-41509-hddsDatanode-_-any-7305445330084437862.dir/webapp/,AVAILABLE}{/hddsDatanode}
2019-08-28 09:23:23,433 [main] INFO  server.AbstractConnector (AbstractConnector.java:doStart(278)) - Started ServerConnector@13515709{HTTP/1.1,[http/1.1]}{0.0.0.0:41509}
2019-08-28 09:23:23,434 [main] INFO  server.Server (Server.java:doStart(419)) - Started @598219ms
2019-08-28 09:23:23,435 [main] INFO  server.BaseHttpServer (BaseHttpServer.java:updateConnectorAddress(213)) - HTTP server of HDDSDATANODE is listening at http://0.0.0.0:41509
2019-08-28 09:23:23,557 | INFO  | ObjectStoreRestHttpServer | Listening HDDS REST traffic on /0.0.0.0:44638 |  
2019-08-28 09:23:23,557 [main] INFO  ozone.HddsDatanodeService (HddsDatanodeService.java:startPlugins(395)) - Started plug-in org.apache.hadoop.ozone.web.OzoneHddsDatanodeService@626edbe0
2019-08-28 09:23:23,557 [main] INFO  impl.MetricsSystemImpl (MetricsSystemImpl.java:init(158)) - HddsDatanode metrics system started (again)
2019-08-28 09:23:23,561 [org.apache.hadoop.util.JvmPauseMonitor$Monitor@7234c029] INFO  util.JvmPauseMonitor (JvmPauseMonitor.java:run(188)) - Starting JVM pause monitor
2019-08-28 09:23:23,561 [main] INFO  ozone.HddsDatanodeService (HddsDatanodeService.java:start(184)) - HddsDatanodeService host:pr-hdds-1094-85qxc-974882988 ip:192.168.69.108
2019-08-28 09:23:23,562 [Datanode State Machine Thread - 0] INFO  datanode.InitDatanodeState (InitDatanodeState.java:persistContainerDatanodeDetails(140)) - DatanodeDetails is persisted to /workdir/hadoop-ozone/integration-test/target/test-dir/MiniOzoneClusterImpl-4cacb774-3eea-4282-9e15-e206378f9ec3/datanode-3/meta/datanode.id
2019-08-28 09:23:23,573 [main] INFO  volume.HddsVolume (HddsVolume.java:<init>(176)) - Creating Volume: /workdir/hadoop-ozone/integration-test/target/test-dir/MiniOzoneClusterImpl-4cacb774-3eea-4282-9e15-e206378f9ec3/datanode-4/data/containers/hdds of  storage type : DISK and capacity : 1482555576320
2019-08-28 09:23:23,573 [main] INFO  volume.VolumeSet (VolumeSet.java:initializeVolumeSet(170)) - Added Volume : /workdir/hadoop-ozone/integration-test/target/test-dir/MiniOzoneClusterImpl-4cacb774-3eea-4282-9e15-e206378f9ec3/datanode-4/data/containers/hdds to VolumeSet
2019-08-28 09:23:23,574 [main] INFO  volume.ThrottledAsyncChecker (ThrottledAsyncChecker.java:schedule(140)) - Scheduling a check for org.apache.hadoop.ozone.container.common.volume.HddsVolume@156b31d
2019-08-28 09:23:23,574 [main] INFO  volume.HddsVolumeChecker (HddsVolumeChecker.java:checkAllVolumes(203)) - Scheduled health check for volume org.apache.hadoop.ozone.container.common.volume.HddsVolume@156b31d
2019-08-28 09:23:23,587 [main] INFO  impl.RaftServerProxy (ConfUtils.java:logGet(43)) - raft.rpc.type = GRPC (default)
2019-08-28 09:23:23,587 [main] INFO  grpc.GrpcFactory (GrpcFactory.java:checkPooledByteBufAllocatorUseCacheForAllThreads(45)) - PERFORMANCE WARNING: useCacheForAllThreads is true that may cause Netty to create a lot garbage objects and, as a result, trigger GC.
	It is recommended to disable useCacheForAllThreads by setting -Dorg.apache.ratis.thirdparty.io.netty.allocator.useCacheForAllThreads=false in command line.
2019-08-28 09:23:23,587 [main] INFO  grpc.GrpcConfigKeys$Server (ConfUtils.java:logGet(43)) - raft.grpc.server.port = 0 (default)
2019-08-28 09:23:23,587 [main] INFO  server.GrpcService (ConfUtils.java:logGet(43)) - raft.grpc.message.size.max = 33570816 (custom)
2019-08-28 09:23:23,587 [main] INFO  server.RaftServerConfigKeys (ConfUtils.java:logGet(43)) - raft.server.log.appender.buffer.byte-limit = 33554432 (custom)
2019-08-28 09:23:23,588 [main] INFO  server.GrpcService (ConfUtils.java:logGet(43)) - raft.grpc.flow.control.window = 1MB (=1048576) (default)
2019-08-28 09:23:23,588 [main] INFO  server.RaftServerConfigKeys (ConfUtils.java:logGet(43)) - raft.server.rpc.request.timeout = 3000ms (default)
2019-08-28 09:23:23,588 [main] INFO  server.RaftServerConfigKeys (ConfUtils.java:logGet(43)) - raft.server.storage.dir = [/workdir/hadoop-ozone/integration-test/target/test-dir/MiniOzoneClusterImpl-4cacb774-3eea-4282-9e15-e206378f9ec3/datanode-4/data/ratis] (custom)
2019-08-28 09:23:23,589 [main] INFO  replication.SimpleContainerDownloader (SimpleContainerDownloader.java:<init>(72)) - Starting container downloader service to copy containers to replicate.
2019-08-28 09:23:23,593 [main] INFO  hdfs.DFSUtil (DFSUtil.java:httpServerTemplateForNNAndJN(1641)) - Starting Web-server for hddsDatanode at: http://0.0.0.0:0
2019-08-28 09:23:23,594 [main] INFO  server.AuthenticationFilter (AuthenticationFilter.java:constructSecretProvider(240)) - Unable to initialize FileSignerSecretProvider, falling back to use random secrets.
2019-08-28 09:23:23,595 [main] WARN  http.HttpRequestLog (HttpRequestLog.java:getRequestLog(97)) - Jetty request log can only be enabled using Log4j
2019-08-28 09:23:23,596 [main] INFO  http.HttpServer2 (HttpServer2.java:addGlobalFilter(975)) - Added global filter 'safety' (class=org.apache.hadoop.http.HttpServer2$QuotingInputFilter)
2019-08-28 09:23:23,596 [main] INFO  http.HttpServer2 (HttpServer2.java:addFilter(948)) - Added filter static_user_filter (class=org.apache.hadoop.http.lib.StaticUserWebFilter$StaticUserFilter) to context hddsDatanode
2019-08-28 09:23:23,597 [main] INFO  http.HttpServer2 (HttpServer2.java:addFilter(958)) - Added filter static_user_filter (class=org.apache.hadoop.http.lib.StaticUserWebFilter$StaticUserFilter) to context logs
2019-08-28 09:23:23,597 [main] INFO  http.HttpServer2 (HttpServer2.java:addFilter(958)) - Added filter static_user_filter (class=org.apache.hadoop.http.lib.StaticUserWebFilter$StaticUserFilter) to context static
2019-08-28 09:23:23,597 [main] INFO  http.HttpServer2 (HttpServer2.java:bindListener(1191)) - Jetty bound to port 46064
2019-08-28 09:23:23,597 [main] INFO  server.Server (Server.java:doStart(351)) - jetty-9.3.24.v20180605, build timestamp: 2018-06-05T17:11:56Z, git hash: 84205aa28f11a4f31f2a3b86d1bba2cc8ab69827
2019-08-28 09:23:23,599 [main] INFO  handler.ContextHandler (ContextHandler.java:doStart(781)) - Started o.e.j.s.ServletContextHandler@59ac94ad{/logs,file:///workdir/hadoop-ozone/integration-test/target/log,AVAILABLE}
2019-08-28 09:23:23,599 [main] INFO  handler.ContextHandler (ContextHandler.java:doStart(781)) - Started o.e.j.s.ServletContextHandler@1179731c{/static,jar:file:/home/user/.m2/repository/org/apache/hadoop/hadoop-hdds-container-service/0.5.0-SNAPSHOT/hadoop-hdds-container-service-0.5.0-SNAPSHOT.jar!/webapps/static,AVAILABLE}
2019-08-28 09:23:23,626 [main] INFO  handler.ContextHandler (ContextHandler.java:doStart(781)) - Started o.e.j.w.WebAppContext@5854e526{/,file:///tmp/jetty-0.0.0.0-46064-hddsDatanode-_-any-5750037694497572495.dir/webapp/,AVAILABLE}{/hddsDatanode}
2019-08-28 09:23:23,627 [main] INFO  server.AbstractConnector (AbstractConnector.java:doStart(278)) - Started ServerConnector@289fff3c{HTTP/1.1,[http/1.1]}{0.0.0.0:46064}
2019-08-28 09:23:23,627 [main] INFO  server.Server (Server.java:doStart(419)) - Started @598412ms
2019-08-28 09:23:23,628 [main] INFO  server.BaseHttpServer (BaseHttpServer.java:updateConnectorAddress(213)) - HTTP server of HDDSDATANODE is listening at http://0.0.0.0:46064
2019-08-28 09:23:23,773 | INFO  | ObjectStoreRestHttpServer | Listening HDDS REST traffic on /0.0.0.0:40280 |  
2019-08-28 09:23:23,774 [main] INFO  ozone.HddsDatanodeService (HddsDatanodeService.java:startPlugins(395)) - Started plug-in org.apache.hadoop.ozone.web.OzoneHddsDatanodeService@465eb466
2019-08-28 09:23:23,774 [main] INFO  impl.MetricsSystemImpl (MetricsSystemImpl.java:init(158)) - HddsDatanode metrics system started (again)
2019-08-28 09:23:23,781 [org.apache.hadoop.util.JvmPauseMonitor$Monitor@15314b7c] INFO  util.JvmPauseMonitor (JvmPauseMonitor.java:run(188)) - Starting JVM pause monitor
2019-08-28 09:23:23,782 [main] INFO  ozone.HddsDatanodeService (HddsDatanodeService.java:start(184)) - HddsDatanodeService host:pr-hdds-1094-85qxc-974882988 ip:192.168.69.108
2019-08-28 09:23:23,784 [Datanode State Machine Thread - 0] INFO  datanode.InitDatanodeState (InitDatanodeState.java:persistContainerDatanodeDetails(140)) - DatanodeDetails is persisted to /workdir/hadoop-ozone/integration-test/target/test-dir/MiniOzoneClusterImpl-4cacb774-3eea-4282-9e15-e206378f9ec3/datanode-4/meta/datanode.id
2019-08-28 09:23:23,794 [main] INFO  volume.HddsVolume (HddsVolume.java:<init>(176)) - Creating Volume: /workdir/hadoop-ozone/integration-test/target/test-dir/MiniOzoneClusterImpl-4cacb774-3eea-4282-9e15-e206378f9ec3/datanode-5/data/containers/hdds of  storage type : DISK and capacity : 1482555576320
2019-08-28 09:23:23,794 [main] INFO  volume.VolumeSet (VolumeSet.java:initializeVolumeSet(170)) - Added Volume : /workdir/hadoop-ozone/integration-test/target/test-dir/MiniOzoneClusterImpl-4cacb774-3eea-4282-9e15-e206378f9ec3/datanode-5/data/containers/hdds to VolumeSet
2019-08-28 09:23:23,795 [main] INFO  volume.ThrottledAsyncChecker (ThrottledAsyncChecker.java:schedule(140)) - Scheduling a check for org.apache.hadoop.ozone.container.common.volume.HddsVolume@5ce593bc
2019-08-28 09:23:23,795 [main] INFO  volume.HddsVolumeChecker (HddsVolumeChecker.java:checkAllVolumes(203)) - Scheduled health check for volume org.apache.hadoop.ozone.container.common.volume.HddsVolume@5ce593bc
2019-08-28 09:23:23,811 [main] INFO  impl.RaftServerProxy (ConfUtils.java:logGet(43)) - raft.rpc.type = GRPC (default)
2019-08-28 09:23:23,811 [main] INFO  grpc.GrpcFactory (GrpcFactory.java:checkPooledByteBufAllocatorUseCacheForAllThreads(45)) - PERFORMANCE WARNING: useCacheForAllThreads is true that may cause Netty to create a lot garbage objects and, as a result, trigger GC.
	It is recommended to disable useCacheForAllThreads by setting -Dorg.apache.ratis.thirdparty.io.netty.allocator.useCacheForAllThreads=false in command line.
2019-08-28 09:23:23,812 [main] INFO  grpc.GrpcConfigKeys$Server (ConfUtils.java:logGet(43)) - raft.grpc.server.port = 0 (default)
2019-08-28 09:23:23,812 [main] INFO  server.GrpcService (ConfUtils.java:logGet(43)) - raft.grpc.message.size.max = 33570816 (custom)
2019-08-28 09:23:23,812 [main] INFO  server.RaftServerConfigKeys (ConfUtils.java:logGet(43)) - raft.server.log.appender.buffer.byte-limit = 33554432 (custom)
2019-08-28 09:23:23,812 [main] INFO  server.GrpcService (ConfUtils.java:logGet(43)) - raft.grpc.flow.control.window = 1MB (=1048576) (default)
2019-08-28 09:23:23,812 [main] INFO  server.RaftServerConfigKeys (ConfUtils.java:logGet(43)) - raft.server.rpc.request.timeout = 3000ms (default)
2019-08-28 09:23:23,813 [main] INFO  server.RaftServerConfigKeys (ConfUtils.java:logGet(43)) - raft.server.storage.dir = [/workdir/hadoop-ozone/integration-test/target/test-dir/MiniOzoneClusterImpl-4cacb774-3eea-4282-9e15-e206378f9ec3/datanode-5/data/ratis] (custom)
2019-08-28 09:23:23,814 [main] INFO  replication.SimpleContainerDownloader (SimpleContainerDownloader.java:<init>(72)) - Starting container downloader service to copy containers to replicate.
2019-08-28 09:23:23,815 [main] INFO  hdfs.DFSUtil (DFSUtil.java:httpServerTemplateForNNAndJN(1641)) - Starting Web-server for hddsDatanode at: http://0.0.0.0:0
2019-08-28 09:23:23,817 [main] INFO  server.AuthenticationFilter (AuthenticationFilter.java:constructSecretProvider(240)) - Unable to initialize FileSignerSecretProvider, falling back to use random secrets.
2019-08-28 09:23:23,817 [main] WARN  http.HttpRequestLog (HttpRequestLog.java:getRequestLog(97)) - Jetty request log can only be enabled using Log4j
2019-08-28 09:23:23,819 [main] INFO  http.HttpServer2 (HttpServer2.java:addGlobalFilter(975)) - Added global filter 'safety' (class=org.apache.hadoop.http.HttpServer2$QuotingInputFilter)
2019-08-28 09:23:23,819 [main] INFO  http.HttpServer2 (HttpServer2.java:addFilter(948)) - Added filter static_user_filter (class=org.apache.hadoop.http.lib.StaticUserWebFilter$StaticUserFilter) to context hddsDatanode
2019-08-28 09:23:23,819 [main] INFO  http.HttpServer2 (HttpServer2.java:addFilter(958)) - Added filter static_user_filter (class=org.apache.hadoop.http.lib.StaticUserWebFilter$StaticUserFilter) to context logs
2019-08-28 09:23:23,819 [main] INFO  http.HttpServer2 (HttpServer2.java:addFilter(958)) - Added filter static_user_filter (class=org.apache.hadoop.http.lib.StaticUserWebFilter$StaticUserFilter) to context static
2019-08-28 09:23:23,820 [main] INFO  http.HttpServer2 (HttpServer2.java:bindListener(1191)) - Jetty bound to port 43491
2019-08-28 09:23:23,820 [main] INFO  server.Server (Server.java:doStart(351)) - jetty-9.3.24.v20180605, build timestamp: 2018-06-05T17:11:56Z, git hash: 84205aa28f11a4f31f2a3b86d1bba2cc8ab69827
2019-08-28 09:23:23,823 [main] INFO  handler.ContextHandler (ContextHandler.java:doStart(781)) - Started o.e.j.s.ServletContextHandler@4ab1ff80{/logs,file:///workdir/hadoop-ozone/integration-test/target/log,AVAILABLE}
2019-08-28 09:23:23,823 [main] INFO  handler.ContextHandler (ContextHandler.java:doStart(781)) - Started o.e.j.s.ServletContextHandler@13c79e0d{/static,jar:file:/home/user/.m2/repository/org/apache/hadoop/hadoop-hdds-container-service/0.5.0-SNAPSHOT/hadoop-hdds-container-service-0.5.0-SNAPSHOT.jar!/webapps/static,AVAILABLE}
2019-08-28 09:23:23,851 [main] INFO  handler.ContextHandler (ContextHandler.java:doStart(781)) - Started o.e.j.w.WebAppContext@353ac1ef{/,file:///tmp/jetty-0.0.0.0-43491-hddsDatanode-_-any-1974754619166511901.dir/webapp/,AVAILABLE}{/hddsDatanode}
2019-08-28 09:23:23,852 [main] INFO  server.AbstractConnector (AbstractConnector.java:doStart(278)) - Started ServerConnector@72c8de78{HTTP/1.1,[http/1.1]}{0.0.0.0:43491}
2019-08-28 09:23:23,852 [main] INFO  server.Server (Server.java:doStart(419)) - Started @598637ms
2019-08-28 09:23:23,854 [main] INFO  server.BaseHttpServer (BaseHttpServer.java:updateConnectorAddress(213)) - HTTP server of HDDSDATANODE is listening at http://0.0.0.0:43491
2019-08-28 09:23:24,024 | INFO  | ObjectStoreRestHttpServer | Listening HDDS REST traffic on /0.0.0.0:40462 |  
2019-08-28 09:23:24,024 [main] INFO  ozone.HddsDatanodeService (HddsDatanodeService.java:startPlugins(395)) - Started plug-in org.apache.hadoop.ozone.web.OzoneHddsDatanodeService@40fd9358
2019-08-28 09:23:24,025 [main] INFO  impl.MetricsSystemImpl (MetricsSystemImpl.java:init(158)) - HddsDatanode metrics system started (again)
2019-08-28 09:23:24,030 [org.apache.hadoop.util.JvmPauseMonitor$Monitor@f908d76] INFO  util.JvmPauseMonitor (JvmPauseMonitor.java:run(188)) - Starting JVM pause monitor
2019-08-28 09:23:24,030 [main] INFO  ozone.HddsDatanodeService (HddsDatanodeService.java:start(184)) - HddsDatanodeService host:pr-hdds-1094-85qxc-974882988 ip:192.168.69.108
2019-08-28 09:23:24,032 [Datanode State Machine Thread - 0] INFO  datanode.InitDatanodeState (InitDatanodeState.java:persistContainerDatanodeDetails(140)) - DatanodeDetails is persisted to /workdir/hadoop-ozone/integration-test/target/test-dir/MiniOzoneClusterImpl-4cacb774-3eea-4282-9e15-e206378f9ec3/datanode-5/meta/datanode.id
2019-08-28 09:23:24,044 [main] INFO  volume.HddsVolume (HddsVolume.java:<init>(176)) - Creating Volume: /workdir/hadoop-ozone/integration-test/target/test-dir/MiniOzoneClusterImpl-4cacb774-3eea-4282-9e15-e206378f9ec3/datanode-6/data/containers/hdds of  storage type : DISK and capacity : 1482555576320
2019-08-28 09:23:24,044 [main] INFO  volume.VolumeSet (VolumeSet.java:initializeVolumeSet(170)) - Added Volume : /workdir/hadoop-ozone/integration-test/target/test-dir/MiniOzoneClusterImpl-4cacb774-3eea-4282-9e15-e206378f9ec3/datanode-6/data/containers/hdds to VolumeSet
2019-08-28 09:23:24,044 [main] INFO  volume.ThrottledAsyncChecker (ThrottledAsyncChecker.java:schedule(140)) - Scheduling a check for org.apache.hadoop.ozone.container.common.volume.HddsVolume@2b55ac77
2019-08-28 09:23:24,046 [main] INFO  volume.HddsVolumeChecker (HddsVolumeChecker.java:checkAllVolumes(203)) - Scheduled health check for volume org.apache.hadoop.ozone.container.common.volume.HddsVolume@2b55ac77
2019-08-28 09:23:24,062 [main] INFO  impl.RaftServerProxy (ConfUtils.java:logGet(43)) - raft.rpc.type = GRPC (default)
2019-08-28 09:23:24,062 [main] INFO  grpc.GrpcFactory (GrpcFactory.java:checkPooledByteBufAllocatorUseCacheForAllThreads(45)) - PERFORMANCE WARNING: useCacheForAllThreads is true that may cause Netty to create a lot garbage objects and, as a result, trigger GC.
	It is recommended to disable useCacheForAllThreads by setting -Dorg.apache.ratis.thirdparty.io.netty.allocator.useCacheForAllThreads=false in command line.
2019-08-28 09:23:24,062 [main] INFO  grpc.GrpcConfigKeys$Server (ConfUtils.java:logGet(43)) - raft.grpc.server.port = 0 (default)
2019-08-28 09:23:24,063 [main] INFO  server.GrpcService (ConfUtils.java:logGet(43)) - raft.grpc.message.size.max = 33570816 (custom)
2019-08-28 09:23:24,063 [main] INFO  server.RaftServerConfigKeys (ConfUtils.java:logGet(43)) - raft.server.log.appender.buffer.byte-limit = 33554432 (custom)
2019-08-28 09:23:24,063 [main] INFO  server.GrpcService (ConfUtils.java:logGet(43)) - raft.grpc.flow.control.window = 1MB (=1048576) (default)
2019-08-28 09:23:24,063 [main] INFO  server.RaftServerConfigKeys (ConfUtils.java:logGet(43)) - raft.server.rpc.request.timeout = 3000ms (default)
2019-08-28 09:23:24,064 [main] INFO  server.RaftServerConfigKeys (ConfUtils.java:logGet(43)) - raft.server.storage.dir = [/workdir/hadoop-ozone/integration-test/target/test-dir/MiniOzoneClusterImpl-4cacb774-3eea-4282-9e15-e206378f9ec3/datanode-6/data/ratis] (custom)
2019-08-28 09:23:24,065 [main] INFO  replication.SimpleContainerDownloader (SimpleContainerDownloader.java:<init>(72)) - Starting container downloader service to copy containers to replicate.
2019-08-28 09:23:24,066 [main] INFO  hdfs.DFSUtil (DFSUtil.java:httpServerTemplateForNNAndJN(1641)) - Starting Web-server for hddsDatanode at: http://0.0.0.0:0
2019-08-28 09:23:24,068 [main] INFO  server.AuthenticationFilter (AuthenticationFilter.java:constructSecretProvider(240)) - Unable to initialize FileSignerSecretProvider, falling back to use random secrets.
2019-08-28 09:23:24,069 [main] WARN  http.HttpRequestLog (HttpRequestLog.java:getRequestLog(97)) - Jetty request log can only be enabled using Log4j
2019-08-28 09:23:24,072 [main] INFO  http.HttpServer2 (HttpServer2.java:addGlobalFilter(975)) - Added global filter 'safety' (class=org.apache.hadoop.http.HttpServer2$QuotingInputFilter)
2019-08-28 09:23:24,073 [main] INFO  http.HttpServer2 (HttpServer2.java:addFilter(948)) - Added filter static_user_filter (class=org.apache.hadoop.http.lib.StaticUserWebFilter$StaticUserFilter) to context hddsDatanode
2019-08-28 09:23:24,073 [main] INFO  http.HttpServer2 (HttpServer2.java:addFilter(958)) - Added filter static_user_filter (class=org.apache.hadoop.http.lib.StaticUserWebFilter$StaticUserFilter) to context static
2019-08-28 09:23:24,073 [main] INFO  http.HttpServer2 (HttpServer2.java:addFilter(958)) - Added filter static_user_filter (class=org.apache.hadoop.http.lib.StaticUserWebFilter$StaticUserFilter) to context logs
2019-08-28 09:23:24,074 [main] INFO  http.HttpServer2 (HttpServer2.java:bindListener(1191)) - Jetty bound to port 41512
2019-08-28 09:23:24,075 [main] INFO  server.Server (Server.java:doStart(351)) - jetty-9.3.24.v20180605, build timestamp: 2018-06-05T17:11:56Z, git hash: 84205aa28f11a4f31f2a3b86d1bba2cc8ab69827
2019-08-28 09:23:24,077 [main] INFO  handler.ContextHandler (ContextHandler.java:doStart(781)) - Started o.e.j.s.ServletContextHandler@3f8961fc{/logs,file:///workdir/hadoop-ozone/integration-test/target/log,AVAILABLE}
2019-08-28 09:23:24,078 [main] INFO  handler.ContextHandler (ContextHandler.java:doStart(781)) - Started o.e.j.s.ServletContextHandler@5d5b07e9{/static,jar:file:/home/user/.m2/repository/org/apache/hadoop/hadoop-hdds-container-service/0.5.0-SNAPSHOT/hadoop-hdds-container-service-0.5.0-SNAPSHOT.jar!/webapps/static,AVAILABLE}
2019-08-28 09:23:24,119 [main] INFO  handler.ContextHandler (ContextHandler.java:doStart(781)) - Started o.e.j.w.WebAppContext@6c152246{/,file:///tmp/jetty-0.0.0.0-41512-hddsDatanode-_-any-5367082210353124831.dir/webapp/,AVAILABLE}{/hddsDatanode}
2019-08-28 09:23:24,120 [main] INFO  server.AbstractConnector (AbstractConnector.java:doStart(278)) - Started ServerConnector@65067d90{HTTP/1.1,[http/1.1]}{0.0.0.0:41512}
2019-08-28 09:23:24,125 [main] INFO  server.Server (Server.java:doStart(419)) - Started @598910ms
2019-08-28 09:23:24,126 [main] INFO  server.BaseHttpServer (BaseHttpServer.java:updateConnectorAddress(213)) - HTTP server of HDDSDATANODE is listening at http://0.0.0.0:41512
2019-08-28 09:23:24,287 | INFO  | ObjectStoreRestHttpServer | Listening HDDS REST traffic on /0.0.0.0:37526 |  
2019-08-28 09:23:24,288 [main] INFO  ozone.HddsDatanodeService (HddsDatanodeService.java:startPlugins(395)) - Started plug-in org.apache.hadoop.ozone.web.OzoneHddsDatanodeService@2a6dfbb2
2019-08-28 09:23:24,288 [main] INFO  ozone.MiniOzoneClusterImpl (MiniOzoneClusterImpl.java:lambda$waitForClusterToBeReady$0(142)) - Waiting for cluster to be ready. Got 0 of 7 DN Heartbeats.
2019-08-28 09:23:24,290 [org.apache.hadoop.util.JvmPauseMonitor$Monitor@41ec9ad6] INFO  util.JvmPauseMonitor (JvmPauseMonitor.java:run(188)) - Starting JVM pause monitor
2019-08-28 09:23:24,293 [Datanode State Machine Thread - 0] INFO  datanode.InitDatanodeState (InitDatanodeState.java:persistContainerDatanodeDetails(140)) - DatanodeDetails is persisted to /workdir/hadoop-ozone/integration-test/target/test-dir/MiniOzoneClusterImpl-4cacb774-3eea-4282-9e15-e206378f9ec3/datanode-6/meta/datanode.id
2019-08-28 09:23:24,554 | INFO  | SCMAudit | user=jenkins1000 | ip=192.168.69.108 | op=GET_VERSION null | ret=SUCCESS |  
2019-08-28 09:23:24,584 [Datanode State Machine Thread - 0] INFO  ozoneimpl.OzoneContainer (OzoneContainer.java:start(201)) - Attempting to start container services.
2019-08-28 09:23:24,584 [Datanode State Machine Thread - 0] INFO  ozoneimpl.OzoneContainer (OzoneContainer.java:startContainerScrub(175)) - Background container scrubber has been disabled by hdds.containerscrub.enabled
2019-08-28 09:23:24,584 [Datanode State Machine Thread - 0] INFO  ratis.XceiverServerRatis (XceiverServerRatis.java:start(393)) - Starting XceiverServerRatis 4c101d29-ab5d-4405-8c94-5188adf0a1db at port 0
2019-08-28 09:23:24,595 [Datanode State Machine Thread - 0] INFO  impl.RaftServerProxy (RaftServerProxy.java:lambda$start$3(299)) - 4c101d29-ab5d-4405-8c94-5188adf0a1db: start RPC server
2019-08-28 09:23:24,598 [Datanode State Machine Thread - 0] INFO  server.GrpcService (GrpcService.java:startImpl(149)) - 4c101d29-ab5d-4405-8c94-5188adf0a1db: GrpcService started, listening on 0.0.0.0/0.0.0.0:38927
2019-08-28 09:23:24,598 [Datanode State Machine Thread - 0] INFO  ratis.XceiverServerRatis (XceiverServerRatis.java:start(403)) - XceiverServerRatis 4c101d29-ab5d-4405-8c94-5188adf0a1db is started using port 38927
2019-08-28 09:23:24,598 [Datanode State Machine Thread - 0] INFO  server.XceiverServerGrpc (XceiverServerGrpc.java:start(163)) - XceiverServerGrpc 4c101d29-ab5d-4405-8c94-5188adf0a1db is started using port 42977
2019-08-28 09:23:25,133 | INFO  | SCMAudit | user=jenkins1000 | ip=192.168.69.108 | op=GET_VERSION null | ret=SUCCESS |  
2019-08-28 09:23:25,147 [Datanode State Machine Thread - 0] INFO  ozoneimpl.OzoneContainer (OzoneContainer.java:start(201)) - Attempting to start container services.
2019-08-28 09:23:25,147 [Datanode State Machine Thread - 0] INFO  ozoneimpl.OzoneContainer (OzoneContainer.java:startContainerScrub(175)) - Background container scrubber has been disabled by hdds.containerscrub.enabled
2019-08-28 09:23:25,148 [Datanode State Machine Thread - 0] INFO  ratis.XceiverServerRatis (XceiverServerRatis.java:start(393)) - Starting XceiverServerRatis ad0778d6-c482-4acd-9633-82ac923362d1 at port 0
2019-08-28 09:23:25,157 [Datanode State Machine Thread - 0] INFO  impl.RaftServerProxy (RaftServerProxy.java:lambda$start$3(299)) - ad0778d6-c482-4acd-9633-82ac923362d1: start RPC server
2019-08-28 09:23:25,160 [Datanode State Machine Thread - 0] INFO  server.GrpcService (GrpcService.java:startImpl(149)) - ad0778d6-c482-4acd-9633-82ac923362d1: GrpcService started, listening on 0.0.0.0/0.0.0.0:45006
2019-08-28 09:23:25,160 [Datanode State Machine Thread - 0] INFO  ratis.XceiverServerRatis (XceiverServerRatis.java:start(403)) - XceiverServerRatis ad0778d6-c482-4acd-9633-82ac923362d1 is started using port 45006
2019-08-28 09:23:25,162 [Datanode State Machine Thread - 0] INFO  server.XceiverServerGrpc (XceiverServerGrpc.java:start(163)) - XceiverServerGrpc ad0778d6-c482-4acd-9633-82ac923362d1 is started using port 44329
2019-08-28 09:23:25,289 [main] INFO  ozone.MiniOzoneClusterImpl (MiniOzoneClusterImpl.java:lambda$waitForClusterToBeReady$0(142)) - Waiting for cluster to be ready. Got 0 of 7 DN Heartbeats.
2019-08-28 09:23:25,367 | INFO  | SCMAudit | user=jenkins1000 | ip=192.168.69.108 | op=GET_VERSION null | ret=SUCCESS |  
2019-08-28 09:23:25,383 [Datanode State Machine Thread - 0] INFO  ozoneimpl.OzoneContainer (OzoneContainer.java:start(201)) - Attempting to start container services.
2019-08-28 09:23:25,383 [Datanode State Machine Thread - 0] INFO  ozoneimpl.OzoneContainer (OzoneContainer.java:startContainerScrub(175)) - Background container scrubber has been disabled by hdds.containerscrub.enabled
2019-08-28 09:23:25,383 [Datanode State Machine Thread - 0] INFO  ratis.XceiverServerRatis (XceiverServerRatis.java:start(393)) - Starting XceiverServerRatis 65fb3b38-2216-4039-8b36-ca2cf4ff56b9 at port 0
2019-08-28 09:23:25,392 [Datanode State Machine Thread - 0] INFO  impl.RaftServerProxy (RaftServerProxy.java:lambda$start$3(299)) - 65fb3b38-2216-4039-8b36-ca2cf4ff56b9: start RPC server
2019-08-28 09:23:25,393 [Datanode State Machine Thread - 0] INFO  server.GrpcService (GrpcService.java:startImpl(149)) - 65fb3b38-2216-4039-8b36-ca2cf4ff56b9: GrpcService started, listening on 0.0.0.0/0.0.0.0:45850
2019-08-28 09:23:25,393 [Datanode State Machine Thread - 0] INFO  ratis.XceiverServerRatis (XceiverServerRatis.java:start(403)) - XceiverServerRatis 65fb3b38-2216-4039-8b36-ca2cf4ff56b9 is started using port 45850
2019-08-28 09:23:25,394 [Datanode State Machine Thread - 0] INFO  server.XceiverServerGrpc (XceiverServerGrpc.java:start(163)) - XceiverServerGrpc 65fb3b38-2216-4039-8b36-ca2cf4ff56b9 is started using port 41493
2019-08-28 09:23:25,562 | INFO  | SCMAudit | user=jenkins1000 | ip=192.168.69.108 | op=GET_VERSION null | ret=SUCCESS |  
2019-08-28 09:23:25,576 [Datanode State Machine Thread - 0] INFO  ozoneimpl.OzoneContainer (OzoneContainer.java:start(201)) - Attempting to start container services.
2019-08-28 09:23:25,577 [Datanode State Machine Thread - 0] INFO  ozoneimpl.OzoneContainer (OzoneContainer.java:startContainerScrub(175)) - Background container scrubber has been disabled by hdds.containerscrub.enabled
2019-08-28 09:23:25,577 [Datanode State Machine Thread - 0] INFO  ratis.XceiverServerRatis (XceiverServerRatis.java:start(393)) - Starting XceiverServerRatis e27b78fe-542d-4189-a93b-0fd90f2d778c at port 0
2019-08-28 09:23:25,587 [Datanode State Machine Thread - 0] INFO  impl.RaftServerProxy (RaftServerProxy.java:lambda$start$3(299)) - e27b78fe-542d-4189-a93b-0fd90f2d778c: start RPC server
2019-08-28 09:23:25,588 [Datanode State Machine Thread - 0] INFO  server.GrpcService (GrpcService.java:startImpl(149)) - e27b78fe-542d-4189-a93b-0fd90f2d778c: GrpcService started, listening on 0.0.0.0/0.0.0.0:41923
2019-08-28 09:23:25,588 [Datanode State Machine Thread - 0] INFO  ratis.XceiverServerRatis (XceiverServerRatis.java:start(403)) - XceiverServerRatis e27b78fe-542d-4189-a93b-0fd90f2d778c is started using port 41923
2019-08-28 09:23:25,588 [Datanode State Machine Thread - 0] INFO  server.XceiverServerGrpc (XceiverServerGrpc.java:start(163)) - XceiverServerGrpc e27b78fe-542d-4189-a93b-0fd90f2d778c is started using port 46262
2019-08-28 09:23:25,781 | INFO  | SCMAudit | user=jenkins1000 | ip=192.168.69.108 | op=GET_VERSION null | ret=SUCCESS |  
2019-08-28 09:23:25,795 [Datanode State Machine Thread - 0] INFO  ozoneimpl.OzoneContainer (OzoneContainer.java:start(201)) - Attempting to start container services.
2019-08-28 09:23:25,795 [Datanode State Machine Thread - 0] INFO  ozoneimpl.OzoneContainer (OzoneContainer.java:startContainerScrub(175)) - Background container scrubber has been disabled by hdds.containerscrub.enabled
2019-08-28 09:23:25,795 [Datanode State Machine Thread - 0] INFO  ratis.XceiverServerRatis (XceiverServerRatis.java:start(393)) - Starting XceiverServerRatis 017c1bfe-8ef1-45e4-8827-c462f0c7cc3d at port 0
2019-08-28 09:23:25,805 [Datanode State Machine Thread - 0] INFO  impl.RaftServerProxy (RaftServerProxy.java:lambda$start$3(299)) - 017c1bfe-8ef1-45e4-8827-c462f0c7cc3d: start RPC server
2019-08-28 09:23:25,806 [Datanode State Machine Thread - 0] INFO  server.GrpcService (GrpcService.java:startImpl(149)) - 017c1bfe-8ef1-45e4-8827-c462f0c7cc3d: GrpcService started, listening on 0.0.0.0/0.0.0.0:32916
2019-08-28 09:23:25,806 [Datanode State Machine Thread - 0] INFO  ratis.XceiverServerRatis (XceiverServerRatis.java:start(403)) - XceiverServerRatis 017c1bfe-8ef1-45e4-8827-c462f0c7cc3d is started using port 32916
2019-08-28 09:23:25,809 [Datanode State Machine Thread - 0] INFO  server.XceiverServerGrpc (XceiverServerGrpc.java:start(163)) - XceiverServerGrpc 017c1bfe-8ef1-45e4-8827-c462f0c7cc3d is started using port 35782
2019-08-28 09:23:26,030 | INFO  | SCMAudit | user=jenkins1000 | ip=192.168.69.108 | op=GET_VERSION null | ret=SUCCESS |  
2019-08-28 09:23:26,038 [Datanode State Machine Thread - 0] INFO  ozoneimpl.OzoneContainer (OzoneContainer.java:start(201)) - Attempting to start container services.
2019-08-28 09:23:26,038 [Datanode State Machine Thread - 0] INFO  ozoneimpl.OzoneContainer (OzoneContainer.java:startContainerScrub(175)) - Background container scrubber has been disabled by hdds.containerscrub.enabled
2019-08-28 09:23:26,038 [Datanode State Machine Thread - 0] INFO  ratis.XceiverServerRatis (XceiverServerRatis.java:start(393)) - Starting XceiverServerRatis da0956ba-7c1a-43bf-a8fb-6e60171b4062 at port 0
2019-08-28 09:23:26,047 [Datanode State Machine Thread - 0] INFO  impl.RaftServerProxy (RaftServerProxy.java:lambda$start$3(299)) - da0956ba-7c1a-43bf-a8fb-6e60171b4062: start RPC server
2019-08-28 09:23:26,050 [Datanode State Machine Thread - 0] INFO  server.GrpcService (GrpcService.java:startImpl(149)) - da0956ba-7c1a-43bf-a8fb-6e60171b4062: GrpcService started, listening on 0.0.0.0/0.0.0.0:43508
2019-08-28 09:23:26,051 [Datanode State Machine Thread - 0] INFO  ratis.XceiverServerRatis (XceiverServerRatis.java:start(403)) - XceiverServerRatis da0956ba-7c1a-43bf-a8fb-6e60171b4062 is started using port 43508
2019-08-28 09:23:26,051 [Datanode State Machine Thread - 0] INFO  server.XceiverServerGrpc (XceiverServerGrpc.java:start(163)) - XceiverServerGrpc da0956ba-7c1a-43bf-a8fb-6e60171b4062 is started using port 41972
2019-08-28 09:23:26,289 [main] INFO  ozone.MiniOzoneClusterImpl (MiniOzoneClusterImpl.java:lambda$waitForClusterToBeReady$0(142)) - Waiting for cluster to be ready. Got 0 of 7 DN Heartbeats.
2019-08-28 09:23:26,291 | INFO  | SCMAudit | user=jenkins1000 | ip=192.168.69.108 | op=GET_VERSION null | ret=SUCCESS |  
2019-08-28 09:23:26,296 [Datanode State Machine Thread - 0] INFO  ozoneimpl.OzoneContainer (OzoneContainer.java:start(201)) - Attempting to start container services.
2019-08-28 09:23:26,296 [Datanode State Machine Thread - 0] INFO  ozoneimpl.OzoneContainer (OzoneContainer.java:startContainerScrub(175)) - Background container scrubber has been disabled by hdds.containerscrub.enabled
2019-08-28 09:23:26,296 [Datanode State Machine Thread - 0] INFO  ratis.XceiverServerRatis (XceiverServerRatis.java:start(393)) - Starting XceiverServerRatis 30d18fd4-258c-4095-afd7-e4002ec9de67 at port 0
2019-08-28 09:23:26,305 [Datanode State Machine Thread - 0] INFO  impl.RaftServerProxy (RaftServerProxy.java:lambda$start$3(299)) - 30d18fd4-258c-4095-afd7-e4002ec9de67: start RPC server
2019-08-28 09:23:26,306 [Datanode State Machine Thread - 0] INFO  server.GrpcService (GrpcService.java:startImpl(149)) - 30d18fd4-258c-4095-afd7-e4002ec9de67: GrpcService started, listening on 0.0.0.0/0.0.0.0:39030
2019-08-28 09:23:26,306 [Datanode State Machine Thread - 0] INFO  ratis.XceiverServerRatis (XceiverServerRatis.java:start(403)) - XceiverServerRatis 30d18fd4-258c-4095-afd7-e4002ec9de67 is started using port 39030
2019-08-28 09:23:26,307 [Datanode State Machine Thread - 0] INFO  server.XceiverServerGrpc (XceiverServerGrpc.java:start(163)) - XceiverServerGrpc 30d18fd4-258c-4095-afd7-e4002ec9de67 is started using port 43315
2019-08-28 09:23:26,551 [IPC Server handler 1 on 46584] INFO  net.NetworkTopology (NetworkTopologyImpl.java:add(110)) - Added a new node: /default-rack/4c101d29-ab5d-4405-8c94-5188adf0a1db
2019-08-28 09:23:26,553 [IPC Server handler 1 on 46584] INFO  node.SCMNodeManager (SCMNodeManager.java:register(273)) - Registered Data node : 4c101d29-ab5d-4405-8c94-5188adf0a1db{ip: 192.168.69.108, host: pr-hdds-1094-85qxc-974882988, networkLocation: /default-rack, certSerialId: null}
2019-08-28 09:23:26,554 [EventQueue-NodeRegistrationContainerReportForDataNodeSafeModeRule] INFO  safemode.SCMSafeModeManager (DataNodeSafeModeRule.java:process(71)) - SCM in safe mode. 1 DataNodes registered, 1 required.
2019-08-28 09:23:26,554 | INFO  | SCMAudit | user=jenkins1000 | ip=192.168.69.108 | op=REGISTER {datanodeDetails=4c101d29-ab5d-4405-8c94-5188adf0a1db{ip: 192.168.69.108, host: pr-hdds-1094-85qxc-974882988, networkLocation: /default-rack, certSerialId: null}} | ret=SUCCESS |  
2019-08-28 09:23:26,556 [EventQueue-NodeRegistrationContainerReportForDataNodeSafeModeRule] INFO  safemode.SCMSafeModeManager (SCMSafeModeManager.java:validateSafeModeExitRules(177)) - ScmSafeModeManager, all rules are successfully validated
2019-08-28 09:23:26,556 [EventQueue-NodeRegistrationContainerReportForDataNodeSafeModeRule] INFO  safemode.SCMSafeModeManager (SCMSafeModeManager.java:exitSafeMode(193)) - SCM exiting safe mode.
2019-08-28 09:23:26,582 [grpc-default-executor-8] INFO  impl.RaftServerProxy (RaftServerProxy.java:addNew(89)) - 4c101d29-ab5d-4405-8c94-5188adf0a1db: addNew group-4F7B46D62857:[4c101d29-ab5d-4405-8c94-5188adf0a1db:192.168.69.108:38927] returns group-4F7B46D62857:java.util.concurrent.CompletableFuture@7d2eab85[Not completed]
2019-08-28 09:23:26,583 [pool-439-thread-1] INFO  impl.RaftServerImpl (RaftServerImpl.java:<init>(93)) - 4c101d29-ab5d-4405-8c94-5188adf0a1db: new RaftServerImpl for group-4F7B46D62857:[4c101d29-ab5d-4405-8c94-5188adf0a1db:192.168.69.108:38927] with ContainerStateMachine:uninitialized
2019-08-28 09:23:26,584 [pool-439-thread-1] INFO  server.RaftServerConfigKeys (ConfUtils.java:logGet(43)) - raft.server.rpc.timeout.min = 5s (custom)
2019-08-28 09:23:26,584 [pool-439-thread-1] INFO  server.RaftServerConfigKeys (ConfUtils.java:logGet(43)) - raft.server.rpc.timeout.max = 5200ms (custom)
2019-08-28 09:23:26,584 [pool-439-thread-1] INFO  server.RaftServerConfigKeys (ConfUtils.java:logGet(43)) - raft.server.rpcslowness.timeout = 120s (custom)
2019-08-28 09:23:26,584 [pool-439-thread-1] INFO  server.RaftServerConfigKeys (ConfUtils.java:logGet(43)) - raft.server.sleep.deviation.threshold = 300 (default)
2019-08-28 09:23:26,584 [pool-439-thread-1] INFO  server.RaftServerConfigKeys (ConfUtils.java:logGet(43)) - raft.server.log.appender.install.snapshot.enabled = false (custom)
2019-08-28 09:23:26,584 [pool-439-thread-1] INFO  impl.RaftServerImpl (ServerState.java:<init>(105)) - 4c101d29-ab5d-4405-8c94-5188adf0a1db:group-4F7B46D62857 ConfigurationManager, init=-1: [4c101d29-ab5d-4405-8c94-5188adf0a1db:192.168.69.108:38927], old=null, confs=<EMPTY_MAP>
2019-08-28 09:23:26,585 [pool-439-thread-1] INFO  server.RaftServerConfigKeys (ConfUtils.java:logGet(43)) - raft.server.storage.dir = [/workdir/hadoop-ozone/integration-test/target/test-dir/MiniOzoneClusterImpl-4cacb774-3eea-4282-9e15-e206378f9ec3/datanode-0/data/ratis] (custom)
2019-08-28 09:23:26,585 [pool-439-thread-1] INFO  storage.RaftStorageDirectory (RaftStorageDirectory.java:analyzeStorage(246)) - The storage directory /workdir/hadoop-ozone/integration-test/target/test-dir/MiniOzoneClusterImpl-4cacb774-3eea-4282-9e15-e206378f9ec3/datanode-0/data/ratis/fc898743-33ce-4b5a-ba60-4f7b46d62857 does not exist. Creating ...
2019-08-28 09:23:26,599 [pool-439-thread-1] INFO  storage.RaftStorageDirectory (RaftStorageDirectory.java:tryLock(328)) - Lock on /workdir/hadoop-ozone/integration-test/target/test-dir/MiniOzoneClusterImpl-4cacb774-3eea-4282-9e15-e206378f9ec3/datanode-0/data/ratis/fc898743-33ce-4b5a-ba60-4f7b46d62857/in_use.lock acquired by nodename 17002@pr-hdds-1094-85qxc-974882988
2019-08-28 09:23:26,612 [pool-439-thread-1] INFO  storage.RaftStorage (RaftStorage.java:format(72)) - Storage directory /workdir/hadoop-ozone/integration-test/target/test-dir/MiniOzoneClusterImpl-4cacb774-3eea-4282-9e15-e206378f9ec3/datanode-0/data/ratis/fc898743-33ce-4b5a-ba60-4f7b46d62857 has been successfully formatted.
2019-08-28 09:23:26,613 [pool-439-thread-1] INFO  ratis.ContainerStateMachine (ContainerStateMachine.java:loadSnapshot(227)) - group-4F7B46D62857: The snapshot info is null. Setting the last applied indexto:(t:0, i:~)
2019-08-28 09:23:26,613 [pool-439-thread-1] INFO  server.RaftServerConfigKeys (ConfUtils.java:logGet(43)) - raft.server.leader.election.timeout = 120s (custom)
2019-08-28 09:23:26,613 [pool-439-thread-1] INFO  server.RaftServerConfigKeys (ConfUtils.java:logGet(43)) - raft.server.log.use.memory = false (default)
2019-08-28 09:23:26,613 [pool-439-thread-1] INFO  server.RaftServerConfigKeys (ConfUtils.java:logGet(43)) - raft.server.log.purge.gap = 1000000 (custom)
2019-08-28 09:23:26,614 [pool-439-thread-1] INFO  server.RaftServerConfigKeys (ConfUtils.java:logGet(43)) - raft.server.log.appender.buffer.byte-limit = 33554432 (custom)
2019-08-28 09:23:26,614 [pool-439-thread-1] INFO  server.RaftServerConfigKeys (ConfUtils.java:logGet(43)) - raft.server.log.segment.size.max = 1048576 (custom)
2019-08-28 09:23:26,614 [pool-439-thread-1] INFO  server.RaftServerConfigKeys (ConfUtils.java:logGet(43)) - raft.server.log.segment.cache.num.max = 2 (custom)
2019-08-28 09:23:26,614 [pool-439-thread-1] INFO  segmented.SegmentedRaftLogWorker (SegmentedRaftLogWorker.java:<init>(172)) - new 4c101d29-ab5d-4405-8c94-5188adf0a1db-SegmentedRaftLogWorker:Storage Directory /workdir/hadoop-ozone/integration-test/target/test-dir/MiniOzoneClusterImpl-4cacb774-3eea-4282-9e15-e206378f9ec3/datanode-0/data/ratis/fc898743-33ce-4b5a-ba60-4f7b46d62857 for RaftStorage:Storage Directory /workdir/hadoop-ozone/integration-test/target/test-dir/MiniOzoneClusterImpl-4cacb774-3eea-4282-9e15-e206378f9ec3/datanode-0/data/ratis/fc898743-33ce-4b5a-ba60-4f7b46d62857
2019-08-28 09:23:26,614 [pool-439-thread-1] INFO  server.RaftServerConfigKeys (ConfUtils.java:logGet(43)) - raft.server.log.queue.byte-limit = 2147483647 (custom)
2019-08-28 09:23:26,615 [pool-439-thread-1] INFO  server.RaftServerConfigKeys (ConfUtils.java:logGet(43)) - raft.server.log.queue.element-limit = 1024 (custom)
2019-08-28 09:23:26,615 [pool-439-thread-1] INFO  server.RaftServerConfigKeys (ConfUtils.java:logGet(43)) - raft.server.log.segment.size.max = 1048576 (custom)
2019-08-28 09:23:26,615 [pool-439-thread-1] INFO  server.RaftServerConfigKeys (ConfUtils.java:logGet(43)) - raft.server.log.preallocated.size = 16384 (custom)
2019-08-28 09:23:26,615 [pool-439-thread-1] INFO  server.RaftServerConfigKeys (ConfUtils.java:logGet(43)) - raft.server.log.write.buffer.size = 33554432 (custom)
2019-08-28 09:23:26,616 [pool-439-thread-1] INFO  server.RaftServerConfigKeys (ConfUtils.java:logGet(43)) - raft.server.log.force.sync.num = 128 (default)
2019-08-28 09:23:26,616 [pool-439-thread-1] INFO  server.RaftServerConfigKeys (ConfUtils.java:logGet(43)) - raft.server.log.statemachine.data.sync = true (default)
2019-08-28 09:23:26,616 [pool-439-thread-1] INFO  server.RaftServerConfigKeys (ConfUtils.java:logGet(43)) - raft.server.log.statemachine.data.sync.timeout = 10s (default)
2019-08-28 09:23:26,616 [pool-439-thread-1] INFO  server.RaftServerConfigKeys (ConfUtils.java:logGet(43)) - raft.server.log.statemachine.data.sync.timeout.retry = -1 (default)
2019-08-28 09:23:26,616 [pool-439-thread-1] INFO  server.RaftServerConfigKeys (ConfUtils.java:logGet(43)) - raft.server.log.statemachine.data.caching.enabled = true (custom)
2019-08-28 09:23:26,617 [pool-439-thread-1] INFO  segmented.SegmentedRaftLogWorker (SegmentedRaftLogWorker.java:lambda$new$0(132)) - 4c101d29-ab5d-4405-8c94-5188adf0a1db-SegmentedRaftLogWorker:Storage Directory /workdir/hadoop-ozone/integration-test/target/test-dir/MiniOzoneClusterImpl-4cacb774-3eea-4282-9e15-e206378f9ec3/datanode-0/data/ratis/fc898743-33ce-4b5a-ba60-4f7b46d62857: flushIndex: setUnconditionally 0 -> -1
2019-08-28 09:23:26,617 [pool-439-thread-1] INFO  server.RaftServerConfigKeys (ConfUtils.java:logGet(43)) - raft.server.snapshot.auto.trigger.enabled = true (custom)
2019-08-28 09:23:26,617 [pool-439-thread-1] INFO  server.RaftServerConfigKeys (ConfUtils.java:logGet(43)) - raft.server.snapshot.auto.trigger.threshold = 10000 (custom)
2019-08-28 09:23:26,618 [pool-439-thread-1] INFO  server.RaftServerConfigKeys (ConfUtils.java:logGet(43)) - raft.server.retrycache.expirytime = 600000ms (custom)
2019-08-28 09:23:26,618 [pool-439-thread-1] INFO  impl.RaftServerImpl (RaftServerImpl.java:start(180)) - 4c101d29-ab5d-4405-8c94-5188adf0a1db: start group-4F7B46D62857
2019-08-28 09:23:26,618 [pool-439-thread-1] INFO  impl.RaftServerImpl (RaftServerImpl.java:setRole(171)) - 4c101d29-ab5d-4405-8c94-5188adf0a1db:group-4F7B46D62857 changes role from null to FOLLOWER at term 0 for startAsFollower
2019-08-28 09:23:26,618 [pool-439-thread-1] INFO  impl.RoleInfo (RoleInfo.java:updateAndGet(143)) - 4c101d29-ab5d-4405-8c94-5188adf0a1db: start FollowerState
2019-08-28 09:23:26,620 [pool-439-thread-1] INFO  util.JmxRegister (JmxRegister.java:tryRegister(44)) - Successfully registered JMX Bean with object name Ratis:service=RaftServer,group=group-4F7B46D62857,id=4c101d29-ab5d-4405-8c94-5188adf0a1db
2019-08-28 09:23:26,626 [RatisPipelineUtilsThread] INFO  pipeline.PipelineStateManager (PipelineStateManager.java:addPipeline(56)) - Created pipeline Pipeline[ Id: fc898743-33ce-4b5a-ba60-4f7b46d62857, Nodes: 4c101d29-ab5d-4405-8c94-5188adf0a1db{ip: 192.168.69.108, host: pr-hdds-1094-85qxc-974882988, networkLocation: /default-rack, certSerialId: null}, Type:RATIS, Factor:ONE, State:OPEN]
2019-08-28 09:23:27,133 [IPC Server handler 3 on 46584] INFO  net.NetworkTopology (NetworkTopologyImpl.java:add(110)) - Added a new node: /default-rack/ad0778d6-c482-4acd-9633-82ac923362d1
2019-08-28 09:23:27,134 [IPC Server handler 3 on 46584] INFO  node.SCMNodeManager (SCMNodeManager.java:register(273)) - Registered Data node : ad0778d6-c482-4acd-9633-82ac923362d1{ip: 192.168.69.108, host: pr-hdds-1094-85qxc-974882988, networkLocation: /default-rack, certSerialId: null}
2019-08-28 09:23:27,134 | INFO  | SCMAudit | user=jenkins1000 | ip=192.168.69.108 | op=REGISTER {datanodeDetails=ad0778d6-c482-4acd-9633-82ac923362d1{ip: 192.168.69.108, host: pr-hdds-1094-85qxc-974882988, networkLocation: /default-rack, certSerialId: null}} | ret=SUCCESS |  
2019-08-28 09:23:27,144 [grpc-default-executor-8] INFO  impl.RaftServerProxy (RaftServerProxy.java:addNew(89)) - ad0778d6-c482-4acd-9633-82ac923362d1: addNew group-3AEBEC27C5C7:[ad0778d6-c482-4acd-9633-82ac923362d1:192.168.69.108:45006] returns group-3AEBEC27C5C7:java.util.concurrent.CompletableFuture@4ae9cae9[Not completed]
2019-08-28 09:23:27,145 [pool-450-thread-1] INFO  impl.RaftServerImpl (RaftServerImpl.java:<init>(93)) - ad0778d6-c482-4acd-9633-82ac923362d1: new RaftServerImpl for group-3AEBEC27C5C7:[ad0778d6-c482-4acd-9633-82ac923362d1:192.168.69.108:45006] with ContainerStateMachine:uninitialized
2019-08-28 09:23:27,145 [pool-450-thread-1] INFO  server.RaftServerConfigKeys (ConfUtils.java:logGet(43)) - raft.server.rpc.timeout.min = 5s (custom)
2019-08-28 09:23:27,145 [pool-450-thread-1] INFO  server.RaftServerConfigKeys (ConfUtils.java:logGet(43)) - raft.server.rpc.timeout.max = 5200ms (custom)
2019-08-28 09:23:27,146 [pool-450-thread-1] INFO  server.RaftServerConfigKeys (ConfUtils.java:logGet(43)) - raft.server.rpcslowness.timeout = 120s (custom)
2019-08-28 09:23:27,146 [pool-450-thread-1] INFO  server.RaftServerConfigKeys (ConfUtils.java:logGet(43)) - raft.server.sleep.deviation.threshold = 300 (default)
2019-08-28 09:23:27,146 [pool-450-thread-1] INFO  server.RaftServerConfigKeys (ConfUtils.java:logGet(43)) - raft.server.log.appender.install.snapshot.enabled = false (custom)
2019-08-28 09:23:27,146 [pool-450-thread-1] INFO  impl.RaftServerImpl (ServerState.java:<init>(105)) - ad0778d6-c482-4acd-9633-82ac923362d1:group-3AEBEC27C5C7 ConfigurationManager, init=-1: [ad0778d6-c482-4acd-9633-82ac923362d1:192.168.69.108:45006], old=null, confs=<EMPTY_MAP>
2019-08-28 09:23:27,146 [pool-450-thread-1] INFO  server.RaftServerConfigKeys (ConfUtils.java:logGet(43)) - raft.server.storage.dir = [/workdir/hadoop-ozone/integration-test/target/test-dir/MiniOzoneClusterImpl-4cacb774-3eea-4282-9e15-e206378f9ec3/datanode-1/data/ratis] (custom)
2019-08-28 09:23:27,147 [pool-450-thread-1] INFO  storage.RaftStorageDirectory (RaftStorageDirectory.java:analyzeStorage(246)) - The storage directory /workdir/hadoop-ozone/integration-test/target/test-dir/MiniOzoneClusterImpl-4cacb774-3eea-4282-9e15-e206378f9ec3/datanode-1/data/ratis/76bb1a99-af6c-42f3-a1d6-3aebec27c5c7 does not exist. Creating ...
2019-08-28 09:23:27,160 [pool-450-thread-1] INFO  storage.RaftStorageDirectory (RaftStorageDirectory.java:tryLock(328)) - Lock on /workdir/hadoop-ozone/integration-test/target/test-dir/MiniOzoneClusterImpl-4cacb774-3eea-4282-9e15-e206378f9ec3/datanode-1/data/ratis/76bb1a99-af6c-42f3-a1d6-3aebec27c5c7/in_use.lock acquired by nodename 17002@pr-hdds-1094-85qxc-974882988
2019-08-28 09:23:27,174 [pool-450-thread-1] INFO  storage.RaftStorage (RaftStorage.java:format(72)) - Storage directory /workdir/hadoop-ozone/integration-test/target/test-dir/MiniOzoneClusterImpl-4cacb774-3eea-4282-9e15-e206378f9ec3/datanode-1/data/ratis/76bb1a99-af6c-42f3-a1d6-3aebec27c5c7 has been successfully formatted.
2019-08-28 09:23:27,174 [pool-450-thread-1] INFO  ratis.ContainerStateMachine (ContainerStateMachine.java:loadSnapshot(227)) - group-3AEBEC27C5C7: The snapshot info is null. Setting the last applied indexto:(t:0, i:~)
2019-08-28 09:23:27,175 [pool-450-thread-1] INFO  server.RaftServerConfigKeys (ConfUtils.java:logGet(43)) - raft.server.leader.election.timeout = 120s (custom)
2019-08-28 09:23:27,175 [pool-450-thread-1] INFO  server.RaftServerConfigKeys (ConfUtils.java:logGet(43)) - raft.server.log.use.memory = false (default)
2019-08-28 09:23:27,175 [pool-450-thread-1] INFO  server.RaftServerConfigKeys (ConfUtils.java:logGet(43)) - raft.server.log.purge.gap = 1000000 (custom)
2019-08-28 09:23:27,175 [pool-450-thread-1] INFO  server.RaftServerConfigKeys (ConfUtils.java:logGet(43)) - raft.server.log.appender.buffer.byte-limit = 33554432 (custom)
2019-08-28 09:23:27,175 [pool-450-thread-1] INFO  server.RaftServerConfigKeys (ConfUtils.java:logGet(43)) - raft.server.log.segment.size.max = 1048576 (custom)
2019-08-28 09:23:27,175 [pool-450-thread-1] INFO  server.RaftServerConfigKeys (ConfUtils.java:logGet(43)) - raft.server.log.segment.cache.num.max = 2 (custom)
2019-08-28 09:23:27,176 [pool-450-thread-1] INFO  segmented.SegmentedRaftLogWorker (SegmentedRaftLogWorker.java:<init>(172)) - new ad0778d6-c482-4acd-9633-82ac923362d1-SegmentedRaftLogWorker:Storage Directory /workdir/hadoop-ozone/integration-test/target/test-dir/MiniOzoneClusterImpl-4cacb774-3eea-4282-9e15-e206378f9ec3/datanode-1/data/ratis/76bb1a99-af6c-42f3-a1d6-3aebec27c5c7 for RaftStorage:Storage Directory /workdir/hadoop-ozone/integration-test/target/test-dir/MiniOzoneClusterImpl-4cacb774-3eea-4282-9e15-e206378f9ec3/datanode-1/data/ratis/76bb1a99-af6c-42f3-a1d6-3aebec27c5c7
2019-08-28 09:23:27,176 [pool-450-thread-1] INFO  server.RaftServerConfigKeys (ConfUtils.java:logGet(43)) - raft.server.log.queue.byte-limit = 2147483647 (custom)
2019-08-28 09:23:27,176 [pool-450-thread-1] INFO  server.RaftServerConfigKeys (ConfUtils.java:logGet(43)) - raft.server.log.queue.element-limit = 1024 (custom)
2019-08-28 09:23:27,176 [pool-450-thread-1] INFO  server.RaftServerConfigKeys (ConfUtils.java:logGet(43)) - raft.server.log.segment.size.max = 1048576 (custom)
2019-08-28 09:23:27,176 [pool-450-thread-1] INFO  server.RaftServerConfigKeys (ConfUtils.java:logGet(43)) - raft.server.log.preallocated.size = 16384 (custom)
2019-08-28 09:23:27,177 [pool-450-thread-1] INFO  server.RaftServerConfigKeys (ConfUtils.java:logGet(43)) - raft.server.log.write.buffer.size = 33554432 (custom)
2019-08-28 09:23:27,177 [pool-450-thread-1] INFO  server.RaftServerConfigKeys (ConfUtils.java:logGet(43)) - raft.server.log.force.sync.num = 128 (default)
2019-08-28 09:23:27,177 [pool-450-thread-1] INFO  server.RaftServerConfigKeys (ConfUtils.java:logGet(43)) - raft.server.log.statemachine.data.sync = true (default)
2019-08-28 09:23:27,177 [pool-450-thread-1] INFO  server.RaftServerConfigKeys (ConfUtils.java:logGet(43)) - raft.server.log.statemachine.data.sync.timeout = 10s (default)
2019-08-28 09:23:27,177 [pool-450-thread-1] INFO  server.RaftServerConfigKeys (ConfUtils.java:logGet(43)) - raft.server.log.statemachine.data.sync.timeout.retry = -1 (default)
2019-08-28 09:23:27,178 [pool-450-thread-1] INFO  server.RaftServerConfigKeys (ConfUtils.java:logGet(43)) - raft.server.log.statemachine.data.caching.enabled = true (custom)
2019-08-28 09:23:27,179 [pool-450-thread-1] INFO  segmented.SegmentedRaftLogWorker (SegmentedRaftLogWorker.java:lambda$new$0(132)) - ad0778d6-c482-4acd-9633-82ac923362d1-SegmentedRaftLogWorker:Storage Directory /workdir/hadoop-ozone/integration-test/target/test-dir/MiniOzoneClusterImpl-4cacb774-3eea-4282-9e15-e206378f9ec3/datanode-1/data/ratis/76bb1a99-af6c-42f3-a1d6-3aebec27c5c7: flushIndex: setUnconditionally 0 -> -1
2019-08-28 09:23:27,180 [pool-450-thread-1] INFO  server.RaftServerConfigKeys (ConfUtils.java:logGet(43)) - raft.server.snapshot.auto.trigger.enabled = true (custom)
2019-08-28 09:23:27,180 [pool-450-thread-1] INFO  server.RaftServerConfigKeys (ConfUtils.java:logGet(43)) - raft.server.snapshot.auto.trigger.threshold = 10000 (custom)
2019-08-28 09:23:27,180 [pool-450-thread-1] INFO  server.RaftServerConfigKeys (ConfUtils.java:logGet(43)) - raft.server.retrycache.expirytime = 600000ms (custom)
2019-08-28 09:23:27,180 [pool-450-thread-1] INFO  impl.RaftServerImpl (RaftServerImpl.java:start(180)) - ad0778d6-c482-4acd-9633-82ac923362d1: start group-3AEBEC27C5C7
2019-08-28 09:23:27,180 [pool-450-thread-1] INFO  impl.RaftServerImpl (RaftServerImpl.java:setRole(171)) - ad0778d6-c482-4acd-9633-82ac923362d1:group-3AEBEC27C5C7 changes role from null to FOLLOWER at term 0 for startAsFollower
2019-08-28 09:23:27,181 [pool-450-thread-1] INFO  impl.RoleInfo (RoleInfo.java:updateAndGet(143)) - ad0778d6-c482-4acd-9633-82ac923362d1: start FollowerState
2019-08-28 09:23:27,181 [pool-450-thread-1] INFO  util.JmxRegister (JmxRegister.java:tryRegister(44)) - Successfully registered JMX Bean with object name Ratis:service=RaftServer,group=group-3AEBEC27C5C7,id=ad0778d6-c482-4acd-9633-82ac923362d1
2019-08-28 09:23:27,186 [RatisPipelineUtilsThread] INFO  pipeline.PipelineStateManager (PipelineStateManager.java:addPipeline(56)) - Created pipeline Pipeline[ Id: 76bb1a99-af6c-42f3-a1d6-3aebec27c5c7, Nodes: ad0778d6-c482-4acd-9633-82ac923362d1{ip: 192.168.69.108, host: pr-hdds-1094-85qxc-974882988, networkLocation: /default-rack, certSerialId: null}, Type:RATIS, Factor:ONE, State:OPEN]
2019-08-28 09:23:27,290 [main] INFO  ozone.MiniOzoneClusterImpl (MiniOzoneClusterImpl.java:lambda$waitForClusterToBeReady$0(142)) - Waiting for cluster to be ready. Got 2 of 7 DN Heartbeats.
2019-08-28 09:23:27,367 [IPC Server handler 1 on 46584] INFO  net.NetworkTopology (NetworkTopologyImpl.java:add(110)) - Added a new node: /default-rack/65fb3b38-2216-4039-8b36-ca2cf4ff56b9
2019-08-28 09:23:27,367 [IPC Server handler 1 on 46584] INFO  node.SCMNodeManager (SCMNodeManager.java:register(273)) - Registered Data node : 65fb3b38-2216-4039-8b36-ca2cf4ff56b9{ip: 192.168.69.108, host: pr-hdds-1094-85qxc-974882988, networkLocation: /default-rack, certSerialId: null}
2019-08-28 09:23:27,367 | INFO  | SCMAudit | user=jenkins1000 | ip=192.168.69.108 | op=REGISTER {datanodeDetails=65fb3b38-2216-4039-8b36-ca2cf4ff56b9{ip: 192.168.69.108, host: pr-hdds-1094-85qxc-974882988, networkLocation: /default-rack, certSerialId: null}} | ret=SUCCESS |  
2019-08-28 09:23:27,375 [grpc-default-executor-8] INFO  impl.RaftServerProxy (RaftServerProxy.java:addNew(89)) - 65fb3b38-2216-4039-8b36-ca2cf4ff56b9: addNew group-3C62DA4FBC53:[65fb3b38-2216-4039-8b36-ca2cf4ff56b9:192.168.69.108:45850] returns group-3C62DA4FBC53:java.util.concurrent.CompletableFuture@148e33a8[Not completed]
2019-08-28 09:23:27,376 [pool-461-thread-1] INFO  impl.RaftServerImpl (RaftServerImpl.java:<init>(93)) - 65fb3b38-2216-4039-8b36-ca2cf4ff56b9: new RaftServerImpl for group-3C62DA4FBC53:[65fb3b38-2216-4039-8b36-ca2cf4ff56b9:192.168.69.108:45850] with ContainerStateMachine:uninitialized
2019-08-28 09:23:27,376 [pool-461-thread-1] INFO  server.RaftServerConfigKeys (ConfUtils.java:logGet(43)) - raft.server.rpc.timeout.min = 5s (custom)
2019-08-28 09:23:27,377 [pool-461-thread-1] INFO  server.RaftServerConfigKeys (ConfUtils.java:logGet(43)) - raft.server.rpc.timeout.max = 5200ms (custom)
2019-08-28 09:23:27,377 [pool-461-thread-1] INFO  server.RaftServerConfigKeys (ConfUtils.java:logGet(43)) - raft.server.rpcslowness.timeout = 120s (custom)
2019-08-28 09:23:27,377 [pool-461-thread-1] INFO  server.RaftServerConfigKeys (ConfUtils.java:logGet(43)) - raft.server.sleep.deviation.threshold = 300 (default)
2019-08-28 09:23:27,377 [pool-461-thread-1] INFO  server.RaftServerConfigKeys (ConfUtils.java:logGet(43)) - raft.server.log.appender.install.snapshot.enabled = false (custom)
2019-08-28 09:23:27,377 [pool-461-thread-1] INFO  impl.RaftServerImpl (ServerState.java:<init>(105)) - 65fb3b38-2216-4039-8b36-ca2cf4ff56b9:group-3C62DA4FBC53 ConfigurationManager, init=-1: [65fb3b38-2216-4039-8b36-ca2cf4ff56b9:192.168.69.108:45850], old=null, confs=<EMPTY_MAP>
2019-08-28 09:23:27,377 [pool-461-thread-1] INFO  server.RaftServerConfigKeys (ConfUtils.java:logGet(43)) - raft.server.storage.dir = [/workdir/hadoop-ozone/integration-test/target/test-dir/MiniOzoneClusterImpl-4cacb774-3eea-4282-9e15-e206378f9ec3/datanode-2/data/ratis] (custom)
2019-08-28 09:23:27,378 [pool-461-thread-1] INFO  storage.RaftStorageDirectory (RaftStorageDirectory.java:analyzeStorage(246)) - The storage directory /workdir/hadoop-ozone/integration-test/target/test-dir/MiniOzoneClusterImpl-4cacb774-3eea-4282-9e15-e206378f9ec3/datanode-2/data/ratis/4c7be126-7277-40f8-9e69-3c62da4fbc53 does not exist. Creating ...
2019-08-28 09:23:27,391 [pool-461-thread-1] INFO  storage.RaftStorageDirectory (RaftStorageDirectory.java:tryLock(328)) - Lock on /workdir/hadoop-ozone/integration-test/target/test-dir/MiniOzoneClusterImpl-4cacb774-3eea-4282-9e15-e206378f9ec3/datanode-2/data/ratis/4c7be126-7277-40f8-9e69-3c62da4fbc53/in_use.lock acquired by nodename 17002@pr-hdds-1094-85qxc-974882988
2019-08-28 09:23:27,405 [pool-461-thread-1] INFO  storage.RaftStorage (RaftStorage.java:format(72)) - Storage directory /workdir/hadoop-ozone/integration-test/target/test-dir/MiniOzoneClusterImpl-4cacb774-3eea-4282-9e15-e206378f9ec3/datanode-2/data/ratis/4c7be126-7277-40f8-9e69-3c62da4fbc53 has been successfully formatted.
2019-08-28 09:23:27,405 [pool-461-thread-1] INFO  ratis.ContainerStateMachine (ContainerStateMachine.java:loadSnapshot(227)) - group-3C62DA4FBC53: The snapshot info is null. Setting the last applied indexto:(t:0, i:~)
2019-08-28 09:23:27,406 [pool-461-thread-1] INFO  server.RaftServerConfigKeys (ConfUtils.java:logGet(43)) - raft.server.leader.election.timeout = 120s (custom)
2019-08-28 09:23:27,406 [pool-461-thread-1] INFO  server.RaftServerConfigKeys (ConfUtils.java:logGet(43)) - raft.server.log.use.memory = false (default)
2019-08-28 09:23:27,406 [pool-461-thread-1] INFO  server.RaftServerConfigKeys (ConfUtils.java:logGet(43)) - raft.server.log.purge.gap = 1000000 (custom)
2019-08-28 09:23:27,406 [pool-461-thread-1] INFO  server.RaftServerConfigKeys (ConfUtils.java:logGet(43)) - raft.server.log.appender.buffer.byte-limit = 33554432 (custom)
2019-08-28 09:23:27,406 [pool-461-thread-1] INFO  server.RaftServerConfigKeys (ConfUtils.java:logGet(43)) - raft.server.log.segment.size.max = 1048576 (custom)
2019-08-28 09:23:27,406 [pool-461-thread-1] INFO  server.RaftServerConfigKeys (ConfUtils.java:logGet(43)) - raft.server.log.segment.cache.num.max = 2 (custom)
2019-08-28 09:23:27,407 [pool-461-thread-1] INFO  segmented.SegmentedRaftLogWorker (SegmentedRaftLogWorker.java:<init>(172)) - new 65fb3b38-2216-4039-8b36-ca2cf4ff56b9-SegmentedRaftLogWorker:Storage Directory /workdir/hadoop-ozone/integration-test/target/test-dir/MiniOzoneClusterImpl-4cacb774-3eea-4282-9e15-e206378f9ec3/datanode-2/data/ratis/4c7be126-7277-40f8-9e69-3c62da4fbc53 for RaftStorage:Storage Directory /workdir/hadoop-ozone/integration-test/target/test-dir/MiniOzoneClusterImpl-4cacb774-3eea-4282-9e15-e206378f9ec3/datanode-2/data/ratis/4c7be126-7277-40f8-9e69-3c62da4fbc53
2019-08-28 09:23:27,407 [pool-461-thread-1] INFO  server.RaftServerConfigKeys (ConfUtils.java:logGet(43)) - raft.server.log.queue.byte-limit = 2147483647 (custom)
2019-08-28 09:23:27,407 [pool-461-thread-1] INFO  server.RaftServerConfigKeys (ConfUtils.java:logGet(43)) - raft.server.log.queue.element-limit = 1024 (custom)
2019-08-28 09:23:27,407 [pool-461-thread-1] INFO  server.RaftServerConfigKeys (ConfUtils.java:logGet(43)) - raft.server.log.segment.size.max = 1048576 (custom)
2019-08-28 09:23:27,407 [pool-461-thread-1] INFO  server.RaftServerConfigKeys (ConfUtils.java:logGet(43)) - raft.server.log.preallocated.size = 16384 (custom)
2019-08-28 09:23:27,408 [pool-461-thread-1] INFO  server.RaftServerConfigKeys (ConfUtils.java:logGet(43)) - raft.server.log.write.buffer.size = 33554432 (custom)
2019-08-28 09:23:27,408 [pool-461-thread-1] INFO  server.RaftServerConfigKeys (ConfUtils.java:logGet(43)) - raft.server.log.force.sync.num = 128 (default)
2019-08-28 09:23:27,408 [pool-461-thread-1] INFO  server.RaftServerConfigKeys (ConfUtils.java:logGet(43)) - raft.server.log.statemachine.data.sync = true (default)
2019-08-28 09:23:27,408 [pool-461-thread-1] INFO  server.RaftServerConfigKeys (ConfUtils.java:logGet(43)) - raft.server.log.statemachine.data.sync.timeout = 10s (default)
2019-08-28 09:23:27,408 [pool-461-thread-1] INFO  server.RaftServerConfigKeys (ConfUtils.java:logGet(43)) - raft.server.log.statemachine.data.sync.timeout.retry = -1 (default)
2019-08-28 09:23:27,409 [pool-461-thread-1] INFO  server.RaftServerConfigKeys (ConfUtils.java:logGet(43)) - raft.server.log.statemachine.data.caching.enabled = true (custom)
2019-08-28 09:23:27,409 [pool-461-thread-1] INFO  segmented.SegmentedRaftLogWorker (SegmentedRaftLogWorker.java:lambda$new$0(132)) - 65fb3b38-2216-4039-8b36-ca2cf4ff56b9-SegmentedRaftLogWorker:Storage Directory /workdir/hadoop-ozone/integration-test/target/test-dir/MiniOzoneClusterImpl-4cacb774-3eea-4282-9e15-e206378f9ec3/datanode-2/data/ratis/4c7be126-7277-40f8-9e69-3c62da4fbc53: flushIndex: setUnconditionally 0 -> -1
2019-08-28 09:23:27,409 [pool-461-thread-1] INFO  server.RaftServerConfigKeys (ConfUtils.java:logGet(43)) - raft.server.snapshot.auto.trigger.enabled = true (custom)
2019-08-28 09:23:27,409 [pool-461-thread-1] INFO  server.RaftServerConfigKeys (ConfUtils.java:logGet(43)) - raft.server.snapshot.auto.trigger.threshold = 10000 (custom)
2019-08-28 09:23:27,410 [pool-461-thread-1] INFO  server.RaftServerConfigKeys (ConfUtils.java:logGet(43)) - raft.server.retrycache.expirytime = 600000ms (custom)
2019-08-28 09:23:27,410 [pool-461-thread-1] INFO  impl.RaftServerImpl (RaftServerImpl.java:start(180)) - 65fb3b38-2216-4039-8b36-ca2cf4ff56b9: start group-3C62DA4FBC53
2019-08-28 09:23:27,410 [pool-461-thread-1] INFO  impl.RaftServerImpl (RaftServerImpl.java:setRole(171)) - 65fb3b38-2216-4039-8b36-ca2cf4ff56b9:group-3C62DA4FBC53 changes role from null to FOLLOWER at term 0 for startAsFollower
2019-08-28 09:23:27,410 [pool-461-thread-1] INFO  impl.RoleInfo (RoleInfo.java:updateAndGet(143)) - 65fb3b38-2216-4039-8b36-ca2cf4ff56b9: start FollowerState
2019-08-28 09:23:27,411 [pool-461-thread-1] INFO  util.JmxRegister (JmxRegister.java:tryRegister(44)) - Successfully registered JMX Bean with object name Ratis:service=RaftServer,group=group-3C62DA4FBC53,id=65fb3b38-2216-4039-8b36-ca2cf4ff56b9
2019-08-28 09:23:27,417 [RatisPipelineUtilsThread] INFO  pipeline.PipelineStateManager (PipelineStateManager.java:addPipeline(56)) - Created pipeline Pipeline[ Id: 4c7be126-7277-40f8-9e69-3c62da4fbc53, Nodes: 65fb3b38-2216-4039-8b36-ca2cf4ff56b9{ip: 192.168.69.108, host: pr-hdds-1094-85qxc-974882988, networkLocation: /default-rack, certSerialId: null}, Type:RATIS, Factor:ONE, State:OPEN]
2019-08-28 09:23:27,432 [grpc-default-executor-8] INFO  impl.RaftServerProxy (RaftServerProxy.java:addNew(89)) - 4c101d29-ab5d-4405-8c94-5188adf0a1db: addNew group-7093D4EDF2B7:[65fb3b38-2216-4039-8b36-ca2cf4ff56b9:192.168.69.108:45850, ad0778d6-c482-4acd-9633-82ac923362d1:192.168.69.108:45006, 4c101d29-ab5d-4405-8c94-5188adf0a1db:192.168.69.108:38927] returns group-7093D4EDF2B7:java.util.concurrent.CompletableFuture@4b69ab44[Not completed]
2019-08-28 09:23:27,432 [grpc-default-executor-10] INFO  impl.RaftServerProxy (RaftServerProxy.java:addNew(89)) - ad0778d6-c482-4acd-9633-82ac923362d1: addNew group-7093D4EDF2B7:[65fb3b38-2216-4039-8b36-ca2cf4ff56b9:192.168.69.108:45850, ad0778d6-c482-4acd-9633-82ac923362d1:192.168.69.108:45006, 4c101d29-ab5d-4405-8c94-5188adf0a1db:192.168.69.108:38927] returns group-7093D4EDF2B7:java.util.concurrent.CompletableFuture@5c600e2e[Not completed]
2019-08-28 09:23:27,434 [pool-439-thread-1] INFO  impl.RaftServerImpl (RaftServerImpl.java:<init>(93)) - 4c101d29-ab5d-4405-8c94-5188adf0a1db: new RaftServerImpl for group-7093D4EDF2B7:[65fb3b38-2216-4039-8b36-ca2cf4ff56b9:192.168.69.108:45850, ad0778d6-c482-4acd-9633-82ac923362d1:192.168.69.108:45006, 4c101d29-ab5d-4405-8c94-5188adf0a1db:192.168.69.108:38927] with ContainerStateMachine:uninitialized
2019-08-28 09:23:27,434 [pool-439-thread-1] INFO  server.RaftServerConfigKeys (ConfUtils.java:logGet(43)) - raft.server.rpc.timeout.min = 5s (custom)
2019-08-28 09:23:27,434 [grpc-default-executor-8] INFO  impl.RaftServerProxy (RaftServerProxy.java:addNew(89)) - 65fb3b38-2216-4039-8b36-ca2cf4ff56b9: addNew group-7093D4EDF2B7:[65fb3b38-2216-4039-8b36-ca2cf4ff56b9:192.168.69.108:45850, ad0778d6-c482-4acd-9633-82ac923362d1:192.168.69.108:45006, 4c101d29-ab5d-4405-8c94-5188adf0a1db:192.168.69.108:38927] returns group-7093D4EDF2B7:java.util.concurrent.CompletableFuture@65fa4c1e[Not completed]
2019-08-28 09:23:27,434 [pool-439-thread-1] INFO  server.RaftServerConfigKeys (ConfUtils.java:logGet(43)) - raft.server.rpc.timeout.max = 5200ms (custom)
2019-08-28 09:23:27,435 [pool-439-thread-1] INFO  server.RaftServerConfigKeys (ConfUtils.java:logGet(43)) - raft.server.rpcslowness.timeout = 120s (custom)
2019-08-28 09:23:27,435 [pool-439-thread-1] INFO  server.RaftServerConfigKeys (ConfUtils.java:logGet(43)) - raft.server.sleep.deviation.threshold = 300 (default)
2019-08-28 09:23:27,435 [pool-439-thread-1] INFO  server.RaftServerConfigKeys (ConfUtils.java:logGet(43)) - raft.server.log.appender.install.snapshot.enabled = false (custom)
2019-08-28 09:23:27,435 [pool-439-thread-1] INFO  impl.RaftServerImpl (ServerState.java:<init>(105)) - 4c101d29-ab5d-4405-8c94-5188adf0a1db:group-7093D4EDF2B7 ConfigurationManager, init=-1: [65fb3b38-2216-4039-8b36-ca2cf4ff56b9:192.168.69.108:45850, ad0778d6-c482-4acd-9633-82ac923362d1:192.168.69.108:45006, 4c101d29-ab5d-4405-8c94-5188adf0a1db:192.168.69.108:38927], old=null, confs=<EMPTY_MAP>
2019-08-28 09:23:27,435 [pool-439-thread-1] INFO  server.RaftServerConfigKeys (ConfUtils.java:logGet(43)) - raft.server.storage.dir = [/workdir/hadoop-ozone/integration-test/target/test-dir/MiniOzoneClusterImpl-4cacb774-3eea-4282-9e15-e206378f9ec3/datanode-0/data/ratis] (custom)
2019-08-28 09:23:27,435 [pool-450-thread-1] INFO  impl.RaftServerImpl (RaftServerImpl.java:<init>(93)) - ad0778d6-c482-4acd-9633-82ac923362d1: new RaftServerImpl for group-7093D4EDF2B7:[65fb3b38-2216-4039-8b36-ca2cf4ff56b9:192.168.69.108:45850, ad0778d6-c482-4acd-9633-82ac923362d1:192.168.69.108:45006, 4c101d29-ab5d-4405-8c94-5188adf0a1db:192.168.69.108:38927] with ContainerStateMachine:uninitialized
2019-08-28 09:23:27,436 [pool-450-thread-1] INFO  server.RaftServerConfigKeys (ConfUtils.java:logGet(43)) - raft.server.rpc.timeout.min = 5s (custom)
2019-08-28 09:23:27,436 [pool-439-thread-1] INFO  storage.RaftStorageDirectory (RaftStorageDirectory.java:analyzeStorage(246)) - The storage directory /workdir/hadoop-ozone/integration-test/target/test-dir/MiniOzoneClusterImpl-4cacb774-3eea-4282-9e15-e206378f9ec3/datanode-0/data/ratis/65536866-5c8f-422b-896a-7093d4edf2b7 does not exist. Creating ...
2019-08-28 09:23:27,436 [pool-450-thread-1] INFO  server.RaftServerConfigKeys (ConfUtils.java:logGet(43)) - raft.server.rpc.timeout.max = 5200ms (custom)
2019-08-28 09:23:27,436 [pool-461-thread-1] INFO  impl.RaftServerImpl (RaftServerImpl.java:<init>(93)) - 65fb3b38-2216-4039-8b36-ca2cf4ff56b9: new RaftServerImpl for group-7093D4EDF2B7:[65fb3b38-2216-4039-8b36-ca2cf4ff56b9:192.168.69.108:45850, ad0778d6-c482-4acd-9633-82ac923362d1:192.168.69.108:45006, 4c101d29-ab5d-4405-8c94-5188adf0a1db:192.168.69.108:38927] with ContainerStateMachine:uninitialized
2019-08-28 09:23:27,436 [pool-450-thread-1] INFO  server.RaftServerConfigKeys (ConfUtils.java:logGet(43)) - raft.server.rpcslowness.timeout = 120s (custom)
2019-08-28 09:23:27,436 [pool-461-thread-1] INFO  server.RaftServerConfigKeys (ConfUtils.java:logGet(43)) - raft.server.rpc.timeout.min = 5s (custom)
2019-08-28 09:23:27,436 [pool-450-thread-1] INFO  server.RaftServerConfigKeys (ConfUtils.java:logGet(43)) - raft.server.sleep.deviation.threshold = 300 (default)
2019-08-28 09:23:27,436 [pool-461-thread-1] INFO  server.RaftServerConfigKeys (ConfUtils.java:logGet(43)) - raft.server.rpc.timeout.max = 5200ms (custom)
2019-08-28 09:23:27,437 [pool-450-thread-1] INFO  server.RaftServerConfigKeys (ConfUtils.java:logGet(43)) - raft.server.log.appender.install.snapshot.enabled = false (custom)
2019-08-28 09:23:27,437 [pool-461-thread-1] INFO  server.RaftServerConfigKeys (ConfUtils.java:logGet(43)) - raft.server.rpcslowness.timeout = 120s (custom)
2019-08-28 09:23:27,437 [pool-450-thread-1] INFO  impl.RaftServerImpl (ServerState.java:<init>(105)) - ad0778d6-c482-4acd-9633-82ac923362d1:group-7093D4EDF2B7 ConfigurationManager, init=-1: [65fb3b38-2216-4039-8b36-ca2cf4ff56b9:192.168.69.108:45850, ad0778d6-c482-4acd-9633-82ac923362d1:192.168.69.108:45006, 4c101d29-ab5d-4405-8c94-5188adf0a1db:192.168.69.108:38927], old=null, confs=<EMPTY_MAP>
2019-08-28 09:23:27,437 [pool-461-thread-1] INFO  server.RaftServerConfigKeys (ConfUtils.java:logGet(43)) - raft.server.sleep.deviation.threshold = 300 (default)
2019-08-28 09:23:27,437 [pool-450-thread-1] INFO  server.RaftServerConfigKeys (ConfUtils.java:logGet(43)) - raft.server.storage.dir = [/workdir/hadoop-ozone/integration-test/target/test-dir/MiniOzoneClusterImpl-4cacb774-3eea-4282-9e15-e206378f9ec3/datanode-1/data/ratis] (custom)
2019-08-28 09:23:27,437 [pool-461-thread-1] INFO  server.RaftServerConfigKeys (ConfUtils.java:logGet(43)) - raft.server.log.appender.install.snapshot.enabled = false (custom)
2019-08-28 09:23:27,437 [pool-461-thread-1] INFO  impl.RaftServerImpl (ServerState.java:<init>(105)) - 65fb3b38-2216-4039-8b36-ca2cf4ff56b9:group-7093D4EDF2B7 ConfigurationManager, init=-1: [65fb3b38-2216-4039-8b36-ca2cf4ff56b9:192.168.69.108:45850, ad0778d6-c482-4acd-9633-82ac923362d1:192.168.69.108:45006, 4c101d29-ab5d-4405-8c94-5188adf0a1db:192.168.69.108:38927], old=null, confs=<EMPTY_MAP>
2019-08-28 09:23:27,438 [pool-450-thread-1] INFO  storage.RaftStorageDirectory (RaftStorageDirectory.java:analyzeStorage(246)) - The storage directory /workdir/hadoop-ozone/integration-test/target/test-dir/MiniOzoneClusterImpl-4cacb774-3eea-4282-9e15-e206378f9ec3/datanode-1/data/ratis/65536866-5c8f-422b-896a-7093d4edf2b7 does not exist. Creating ...
2019-08-28 09:23:27,438 [pool-461-thread-1] INFO  server.RaftServerConfigKeys (ConfUtils.java:logGet(43)) - raft.server.storage.dir = [/workdir/hadoop-ozone/integration-test/target/test-dir/MiniOzoneClusterImpl-4cacb774-3eea-4282-9e15-e206378f9ec3/datanode-2/data/ratis] (custom)
2019-08-28 09:23:27,438 [pool-461-thread-1] INFO  storage.RaftStorageDirectory (RaftStorageDirectory.java:analyzeStorage(246)) - The storage directory /workdir/hadoop-ozone/integration-test/target/test-dir/MiniOzoneClusterImpl-4cacb774-3eea-4282-9e15-e206378f9ec3/datanode-2/data/ratis/65536866-5c8f-422b-896a-7093d4edf2b7 does not exist. Creating ...
2019-08-28 09:23:27,450 [pool-450-thread-1] INFO  storage.RaftStorageDirectory (RaftStorageDirectory.java:tryLock(328)) - Lock on /workdir/hadoop-ozone/integration-test/target/test-dir/MiniOzoneClusterImpl-4cacb774-3eea-4282-9e15-e206378f9ec3/datanode-1/data/ratis/65536866-5c8f-422b-896a-7093d4edf2b7/in_use.lock acquired by nodename 17002@pr-hdds-1094-85qxc-974882988
2019-08-28 09:23:27,450 [pool-439-thread-1] INFO  storage.RaftStorageDirectory (RaftStorageDirectory.java:tryLock(328)) - Lock on /workdir/hadoop-ozone/integration-test/target/test-dir/MiniOzoneClusterImpl-4cacb774-3eea-4282-9e15-e206378f9ec3/datanode-0/data/ratis/65536866-5c8f-422b-896a-7093d4edf2b7/in_use.lock acquired by nodename 17002@pr-hdds-1094-85qxc-974882988
2019-08-28 09:23:27,450 [pool-461-thread-1] INFO  storage.RaftStorageDirectory (RaftStorageDirectory.java:tryLock(328)) - Lock on /workdir/hadoop-ozone/integration-test/target/test-dir/MiniOzoneClusterImpl-4cacb774-3eea-4282-9e15-e206378f9ec3/datanode-2/data/ratis/65536866-5c8f-422b-896a-7093d4edf2b7/in_use.lock acquired by nodename 17002@pr-hdds-1094-85qxc-974882988
2019-08-28 09:23:27,464 [pool-450-thread-1] INFO  storage.RaftStorage (RaftStorage.java:format(72)) - Storage directory /workdir/hadoop-ozone/integration-test/target/test-dir/MiniOzoneClusterImpl-4cacb774-3eea-4282-9e15-e206378f9ec3/datanode-1/data/ratis/65536866-5c8f-422b-896a-7093d4edf2b7 has been successfully formatted.
2019-08-28 09:23:27,464 [pool-461-thread-1] INFO  storage.RaftStorage (RaftStorage.java:format(72)) - Storage directory /workdir/hadoop-ozone/integration-test/target/test-dir/MiniOzoneClusterImpl-4cacb774-3eea-4282-9e15-e206378f9ec3/datanode-2/data/ratis/65536866-5c8f-422b-896a-7093d4edf2b7 has been successfully formatted.
2019-08-28 09:23:27,464 [pool-439-thread-1] INFO  storage.RaftStorage (RaftStorage.java:format(72)) - Storage directory /workdir/hadoop-ozone/integration-test/target/test-dir/MiniOzoneClusterImpl-4cacb774-3eea-4282-9e15-e206378f9ec3/datanode-0/data/ratis/65536866-5c8f-422b-896a-7093d4edf2b7 has been successfully formatted.
2019-08-28 09:23:27,464 [pool-461-thread-1] INFO  ratis.ContainerStateMachine (ContainerStateMachine.java:loadSnapshot(227)) - group-7093D4EDF2B7: The snapshot info is null. Setting the last applied indexto:(t:0, i:~)
2019-08-28 09:23:27,464 [pool-450-thread-1] INFO  ratis.ContainerStateMachine (ContainerStateMachine.java:loadSnapshot(227)) - group-7093D4EDF2B7: The snapshot info is null. Setting the last applied indexto:(t:0, i:~)
2019-08-28 09:23:27,464 [pool-461-thread-1] INFO  server.RaftServerConfigKeys (ConfUtils.java:logGet(43)) - raft.server.leader.election.timeout = 120s (custom)
2019-08-28 09:23:27,464 [pool-439-thread-1] INFO  ratis.ContainerStateMachine (ContainerStateMachine.java:loadSnapshot(227)) - group-7093D4EDF2B7: The snapshot info is null. Setting the last applied indexto:(t:0, i:~)
2019-08-28 09:23:27,464 [pool-461-thread-1] INFO  server.RaftServerConfigKeys (ConfUtils.java:logGet(43)) - raft.server.log.use.memory = false (default)
2019-08-28 09:23:27,464 [pool-450-thread-1] INFO  server.RaftServerConfigKeys (ConfUtils.java:logGet(43)) - raft.server.leader.election.timeout = 120s (custom)
2019-08-28 09:23:27,465 [pool-461-thread-1] INFO  server.RaftServerConfigKeys (ConfUtils.java:logGet(43)) - raft.server.log.purge.gap = 1000000 (custom)
2019-08-28 09:23:27,465 [pool-439-thread-1] INFO  server.RaftServerConfigKeys (ConfUtils.java:logGet(43)) - raft.server.leader.election.timeout = 120s (custom)
2019-08-28 09:23:27,465 [pool-461-thread-1] INFO  server.RaftServerConfigKeys (ConfUtils.java:logGet(43)) - raft.server.log.appender.buffer.byte-limit = 33554432 (custom)
2019-08-28 09:23:27,465 [pool-450-thread-1] INFO  server.RaftServerConfigKeys (ConfUtils.java:logGet(43)) - raft.server.log.use.memory = false (default)
2019-08-28 09:23:27,465 [pool-461-thread-1] INFO  server.RaftServerConfigKeys (ConfUtils.java:logGet(43)) - raft.server.log.segment.size.max = 1048576 (custom)
2019-08-28 09:23:27,465 [pool-439-thread-1] INFO  server.RaftServerConfigKeys (ConfUtils.java:logGet(43)) - raft.server.log.use.memory = false (default)
2019-08-28 09:23:27,466 [pool-461-thread-1] INFO  server.RaftServerConfigKeys (ConfUtils.java:logGet(43)) - raft.server.log.segment.cache.num.max = 2 (custom)
2019-08-28 09:23:27,465 [pool-450-thread-1] INFO  server.RaftServerConfigKeys (ConfUtils.java:logGet(43)) - raft.server.log.purge.gap = 1000000 (custom)
2019-08-28 09:23:27,466 [pool-461-thread-1] INFO  segmented.SegmentedRaftLogWorker (SegmentedRaftLogWorker.java:<init>(172)) - new 65fb3b38-2216-4039-8b36-ca2cf4ff56b9-SegmentedRaftLogWorker:Storage Directory /workdir/hadoop-ozone/integration-test/target/test-dir/MiniOzoneClusterImpl-4cacb774-3eea-4282-9e15-e206378f9ec3/datanode-2/data/ratis/65536866-5c8f-422b-896a-7093d4edf2b7 for RaftStorage:Storage Directory /workdir/hadoop-ozone/integration-test/target/test-dir/MiniOzoneClusterImpl-4cacb774-3eea-4282-9e15-e206378f9ec3/datanode-2/data/ratis/65536866-5c8f-422b-896a-7093d4edf2b7
2019-08-28 09:23:27,466 [pool-439-thread-1] INFO  server.RaftServerConfigKeys (ConfUtils.java:logGet(43)) - raft.server.log.purge.gap = 1000000 (custom)
2019-08-28 09:23:27,466 [pool-461-thread-1] INFO  server.RaftServerConfigKeys (ConfUtils.java:logGet(43)) - raft.server.log.queue.byte-limit = 2147483647 (custom)
2019-08-28 09:23:27,466 [pool-450-thread-1] INFO  server.RaftServerConfigKeys (ConfUtils.java:logGet(43)) - raft.server.log.appender.buffer.byte-limit = 33554432 (custom)
2019-08-28 09:23:27,466 [pool-461-thread-1] INFO  server.RaftServerConfigKeys (ConfUtils.java:logGet(43)) - raft.server.log.queue.element-limit = 1024 (custom)
2019-08-28 09:23:27,466 [pool-439-thread-1] INFO  server.RaftServerConfigKeys (ConfUtils.java:logGet(43)) - raft.server.log.appender.buffer.byte-limit = 33554432 (custom)
2019-08-28 09:23:27,467 [pool-461-thread-1] INFO  server.RaftServerConfigKeys (ConfUtils.java:logGet(43)) - raft.server.log.segment.size.max = 1048576 (custom)
2019-08-28 09:23:27,466 [pool-450-thread-1] INFO  server.RaftServerConfigKeys (ConfUtils.java:logGet(43)) - raft.server.log.segment.size.max = 1048576 (custom)
2019-08-28 09:23:27,467 [pool-461-thread-1] INFO  server.RaftServerConfigKeys (ConfUtils.java:logGet(43)) - raft.server.log.preallocated.size = 16384 (custom)
2019-08-28 09:23:27,467 [pool-461-thread-1] INFO  server.RaftServerConfigKeys (ConfUtils.java:logGet(43)) - raft.server.log.write.buffer.size = 33554432 (custom)
2019-08-28 09:23:27,467 [pool-439-thread-1] INFO  server.RaftServerConfigKeys (ConfUtils.java:logGet(43)) - raft.server.log.segment.size.max = 1048576 (custom)
2019-08-28 09:23:27,467 [pool-461-thread-1] INFO  server.RaftServerConfigKeys (ConfUtils.java:logGet(43)) - raft.server.log.force.sync.num = 128 (default)
2019-08-28 09:23:27,467 [pool-450-thread-1] INFO  server.RaftServerConfigKeys (ConfUtils.java:logGet(43)) - raft.server.log.segment.cache.num.max = 2 (custom)
2019-08-28 09:23:27,468 [pool-461-thread-1] INFO  server.RaftServerConfigKeys (ConfUtils.java:logGet(43)) - raft.server.log.statemachine.data.sync = true (default)
2019-08-28 09:23:27,468 [pool-439-thread-1] INFO  server.RaftServerConfigKeys (ConfUtils.java:logGet(43)) - raft.server.log.segment.cache.num.max = 2 (custom)
2019-08-28 09:23:27,468 [pool-461-thread-1] INFO  server.RaftServerConfigKeys (ConfUtils.java:logGet(43)) - raft.server.log.statemachine.data.sync.timeout = 10s (default)
2019-08-28 09:23:27,468 [pool-461-thread-1] INFO  server.RaftServerConfigKeys (ConfUtils.java:logGet(43)) - raft.server.log.statemachine.data.sync.timeout.retry = -1 (default)
2019-08-28 09:23:27,468 [pool-450-thread-1] INFO  segmented.SegmentedRaftLogWorker (SegmentedRaftLogWorker.java:<init>(172)) - new ad0778d6-c482-4acd-9633-82ac923362d1-SegmentedRaftLogWorker:Storage Directory /workdir/hadoop-ozone/integration-test/target/test-dir/MiniOzoneClusterImpl-4cacb774-3eea-4282-9e15-e206378f9ec3/datanode-1/data/ratis/65536866-5c8f-422b-896a-7093d4edf2b7 for RaftStorage:Storage Directory /workdir/hadoop-ozone/integration-test/target/test-dir/MiniOzoneClusterImpl-4cacb774-3eea-4282-9e15-e206378f9ec3/datanode-1/data/ratis/65536866-5c8f-422b-896a-7093d4edf2b7
2019-08-28 09:23:27,468 [pool-461-thread-1] INFO  server.RaftServerConfigKeys (ConfUtils.java:logGet(43)) - raft.server.log.statemachine.data.caching.enabled = true (custom)
2019-08-28 09:23:27,468 [pool-439-thread-1] INFO  segmented.SegmentedRaftLogWorker (SegmentedRaftLogWorker.java:<init>(172)) - new 4c101d29-ab5d-4405-8c94-5188adf0a1db-SegmentedRaftLogWorker:Storage Directory /workdir/hadoop-ozone/integration-test/target/test-dir/MiniOzoneClusterImpl-4cacb774-3eea-4282-9e15-e206378f9ec3/datanode-0/data/ratis/65536866-5c8f-422b-896a-7093d4edf2b7 for RaftStorage:Storage Directory /workdir/hadoop-ozone/integration-test/target/test-dir/MiniOzoneClusterImpl-4cacb774-3eea-4282-9e15-e206378f9ec3/datanode-0/data/ratis/65536866-5c8f-422b-896a-7093d4edf2b7
2019-08-28 09:23:27,469 [pool-461-thread-1] INFO  segmented.SegmentedRaftLogWorker (SegmentedRaftLogWorker.java:lambda$new$0(132)) - 65fb3b38-2216-4039-8b36-ca2cf4ff56b9-SegmentedRaftLogWorker:Storage Directory /workdir/hadoop-ozone/integration-test/target/test-dir/MiniOzoneClusterImpl-4cacb774-3eea-4282-9e15-e206378f9ec3/datanode-2/data/ratis/65536866-5c8f-422b-896a-7093d4edf2b7: flushIndex: setUnconditionally 0 -> -1
2019-08-28 09:23:27,469 [pool-450-thread-1] INFO  server.RaftServerConfigKeys (ConfUtils.java:logGet(43)) - raft.server.log.queue.byte-limit = 2147483647 (custom)
2019-08-28 09:23:27,469 [pool-439-thread-1] INFO  server.RaftServerConfigKeys (ConfUtils.java:logGet(43)) - raft.server.log.queue.byte-limit = 2147483647 (custom)
2019-08-28 09:23:27,469 [pool-461-thread-1] INFO  server.RaftServerConfigKeys (ConfUtils.java:logGet(43)) - raft.server.snapshot.auto.trigger.enabled = true (custom)
2019-08-28 09:23:27,469 [pool-450-thread-1] INFO  server.RaftServerConfigKeys (ConfUtils.java:logGet(43)) - raft.server.log.queue.element-limit = 1024 (custom)
2019-08-28 09:23:27,469 [pool-461-thread-1] INFO  server.RaftServerConfigKeys (ConfUtils.java:logGet(43)) - raft.server.snapshot.auto.trigger.threshold = 10000 (custom)
2019-08-28 09:23:27,469 [pool-439-thread-1] INFO  server.RaftServerConfigKeys (ConfUtils.java:logGet(43)) - raft.server.log.queue.element-limit = 1024 (custom)
2019-08-28 09:23:27,470 [pool-461-thread-1] INFO  server.RaftServerConfigKeys (ConfUtils.java:logGet(43)) - raft.server.retrycache.expirytime = 600000ms (custom)
2019-08-28 09:23:27,470 [pool-450-thread-1] INFO  server.RaftServerConfigKeys (ConfUtils.java:logGet(43)) - raft.server.log.segment.size.max = 1048576 (custom)
2019-08-28 09:23:27,470 [pool-461-thread-1] INFO  impl.RaftServerImpl (RaftServerImpl.java:start(180)) - 65fb3b38-2216-4039-8b36-ca2cf4ff56b9: start group-7093D4EDF2B7
2019-08-28 09:23:27,470 [pool-439-thread-1] INFO  server.RaftServerConfigKeys (ConfUtils.java:logGet(43)) - raft.server.log.segment.size.max = 1048576 (custom)
2019-08-28 09:23:27,470 [pool-461-thread-1] INFO  impl.RaftServerImpl (RaftServerImpl.java:setRole(171)) - 65fb3b38-2216-4039-8b36-ca2cf4ff56b9:group-7093D4EDF2B7 changes role from null to FOLLOWER at term 0 for startAsFollower
2019-08-28 09:23:27,470 [pool-450-thread-1] INFO  server.RaftServerConfigKeys (ConfUtils.java:logGet(43)) - raft.server.log.preallocated.size = 16384 (custom)
2019-08-28 09:23:27,471 [pool-461-thread-1] INFO  impl.RoleInfo (RoleInfo.java:updateAndGet(143)) - 65fb3b38-2216-4039-8b36-ca2cf4ff56b9: start FollowerState
2019-08-28 09:23:27,470 [pool-439-thread-1] INFO  server.RaftServerConfigKeys (ConfUtils.java:logGet(43)) - raft.server.log.preallocated.size = 16384 (custom)
2019-08-28 09:23:27,471 [pool-450-thread-1] INFO  server.RaftServerConfigKeys (ConfUtils.java:logGet(43)) - raft.server.log.write.buffer.size = 33554432 (custom)
2019-08-28 09:23:27,471 [pool-439-thread-1] INFO  server.RaftServerConfigKeys (ConfUtils.java:logGet(43)) - raft.server.log.write.buffer.size = 33554432 (custom)
2019-08-28 09:23:27,482 [pool-461-thread-1] INFO  util.JmxRegister (JmxRegister.java:tryRegister(44)) - Successfully registered JMX Bean with object name Ratis:service=RaftServer,group=group-7093D4EDF2B7,id=65fb3b38-2216-4039-8b36-ca2cf4ff56b9
2019-08-28 09:23:27,471 [pool-450-thread-1] INFO  server.RaftServerConfigKeys (ConfUtils.java:logGet(43)) - raft.server.log.force.sync.num = 128 (default)
2019-08-28 09:23:27,482 [pool-439-thread-1] INFO  server.RaftServerConfigKeys (ConfUtils.java:logGet(43)) - raft.server.log.force.sync.num = 128 (default)
2019-08-28 09:23:27,482 [pool-450-thread-1] INFO  server.RaftServerConfigKeys (ConfUtils.java:logGet(43)) - raft.server.log.statemachine.data.sync = true (default)
2019-08-28 09:23:27,483 [pool-439-thread-1] INFO  server.RaftServerConfigKeys (ConfUtils.java:logGet(43)) - raft.server.log.statemachine.data.sync = true (default)
2019-08-28 09:23:27,487 [pool-450-thread-1] INFO  server.RaftServerConfigKeys (ConfUtils.java:logGet(43)) - raft.server.log.statemachine.data.sync.timeout = 10s (default)
2019-08-28 09:23:27,488 [pool-439-thread-1] INFO  server.RaftServerConfigKeys (ConfUtils.java:logGet(43)) - raft.server.log.statemachine.data.sync.timeout = 10s (default)
2019-08-28 09:23:27,488 [pool-450-thread-1] INFO  server.RaftServerConfigKeys (ConfUtils.java:logGet(43)) - raft.server.log.statemachine.data.sync.timeout.retry = -1 (default)
2019-08-28 09:23:27,488 [pool-439-thread-1] INFO  server.RaftServerConfigKeys (ConfUtils.java:logGet(43)) - raft.server.log.statemachine.data.sync.timeout.retry = -1 (default)
2019-08-28 09:23:27,488 [pool-450-thread-1] INFO  server.RaftServerConfigKeys (ConfUtils.java:logGet(43)) - raft.server.log.statemachine.data.caching.enabled = true (custom)
2019-08-28 09:23:27,488 [pool-439-thread-1] INFO  server.RaftServerConfigKeys (ConfUtils.java:logGet(43)) - raft.server.log.statemachine.data.caching.enabled = true (custom)
2019-08-28 09:23:27,490 [pool-450-thread-1] INFO  segmented.SegmentedRaftLogWorker (SegmentedRaftLogWorker.java:lambda$new$0(132)) - ad0778d6-c482-4acd-9633-82ac923362d1-SegmentedRaftLogWorker:Storage Directory /workdir/hadoop-ozone/integration-test/target/test-dir/MiniOzoneClusterImpl-4cacb774-3eea-4282-9e15-e206378f9ec3/datanode-1/data/ratis/65536866-5c8f-422b-896a-7093d4edf2b7: flushIndex: setUnconditionally 0 -> -1
2019-08-28 09:23:27,490 [pool-439-thread-1] INFO  segmented.SegmentedRaftLogWorker (SegmentedRaftLogWorker.java:lambda$new$0(132)) - 4c101d29-ab5d-4405-8c94-5188adf0a1db-SegmentedRaftLogWorker:Storage Directory /workdir/hadoop-ozone/integration-test/target/test-dir/MiniOzoneClusterImpl-4cacb774-3eea-4282-9e15-e206378f9ec3/datanode-0/data/ratis/65536866-5c8f-422b-896a-7093d4edf2b7: flushIndex: setUnconditionally 0 -> -1
2019-08-28 09:23:27,490 [pool-450-thread-1] INFO  server.RaftServerConfigKeys (ConfUtils.java:logGet(43)) - raft.server.snapshot.auto.trigger.enabled = true (custom)
2019-08-28 09:23:27,490 [pool-450-thread-1] INFO  server.RaftServerConfigKeys (ConfUtils.java:logGet(43)) - raft.server.snapshot.auto.trigger.threshold = 10000 (custom)
2019-08-28 09:23:27,490 [pool-439-thread-1] INFO  server.RaftServerConfigKeys (ConfUtils.java:logGet(43)) - raft.server.snapshot.auto.trigger.enabled = true (custom)
2019-08-28 09:23:27,490 [pool-450-thread-1] INFO  server.RaftServerConfigKeys (ConfUtils.java:logGet(43)) - raft.server.retrycache.expirytime = 600000ms (custom)
2019-08-28 09:23:27,490 [pool-439-thread-1] INFO  server.RaftServerConfigKeys (ConfUtils.java:logGet(43)) - raft.server.snapshot.auto.trigger.threshold = 10000 (custom)
2019-08-28 09:23:27,490 [pool-450-thread-1] INFO  impl.RaftServerImpl (RaftServerImpl.java:start(180)) - ad0778d6-c482-4acd-9633-82ac923362d1: start group-7093D4EDF2B7
2019-08-28 09:23:27,491 [pool-439-thread-1] INFO  server.RaftServerConfigKeys (ConfUtils.java:logGet(43)) - raft.server.retrycache.expirytime = 600000ms (custom)
2019-08-28 09:23:27,491 [pool-450-thread-1] INFO  impl.RaftServerImpl (RaftServerImpl.java:setRole(171)) - ad0778d6-c482-4acd-9633-82ac923362d1:group-7093D4EDF2B7 changes role from null to FOLLOWER at term 0 for startAsFollower
2019-08-28 09:23:27,491 [pool-439-thread-1] INFO  impl.RaftServerImpl (RaftServerImpl.java:start(180)) - 4c101d29-ab5d-4405-8c94-5188adf0a1db: start group-7093D4EDF2B7
2019-08-28 09:23:27,491 [pool-450-thread-1] INFO  impl.RoleInfo (RoleInfo.java:updateAndGet(143)) - ad0778d6-c482-4acd-9633-82ac923362d1: start FollowerState
2019-08-28 09:23:27,491 [pool-439-thread-1] INFO  impl.RaftServerImpl (RaftServerImpl.java:setRole(171)) - 4c101d29-ab5d-4405-8c94-5188adf0a1db:group-7093D4EDF2B7 changes role from null to FOLLOWER at term 0 for startAsFollower
2019-08-28 09:23:27,491 [pool-439-thread-1] INFO  impl.RoleInfo (RoleInfo.java:updateAndGet(143)) - 4c101d29-ab5d-4405-8c94-5188adf0a1db: start FollowerState
2019-08-28 09:23:27,491 [pool-450-thread-1] INFO  util.JmxRegister (JmxRegister.java:tryRegister(44)) - Successfully registered JMX Bean with object name Ratis:service=RaftServer,group=group-7093D4EDF2B7,id=ad0778d6-c482-4acd-9633-82ac923362d1
2019-08-28 09:23:27,492 [pool-439-thread-1] INFO  util.JmxRegister (JmxRegister.java:tryRegister(44)) - Successfully registered JMX Bean with object name Ratis:service=RaftServer,group=group-7093D4EDF2B7,id=4c101d29-ab5d-4405-8c94-5188adf0a1db
2019-08-28 09:23:27,496 [RatisPipelineUtilsThread] INFO  pipeline.PipelineStateManager (PipelineStateManager.java:addPipeline(56)) - Created pipeline Pipeline[ Id: 65536866-5c8f-422b-896a-7093d4edf2b7, Nodes: 65fb3b38-2216-4039-8b36-ca2cf4ff56b9{ip: 192.168.69.108, host: pr-hdds-1094-85qxc-974882988, networkLocation: /default-rack, certSerialId: null}ad0778d6-c482-4acd-9633-82ac923362d1{ip: 192.168.69.108, host: pr-hdds-1094-85qxc-974882988, networkLocation: /default-rack, certSerialId: null}4c101d29-ab5d-4405-8c94-5188adf0a1db{ip: 192.168.69.108, host: pr-hdds-1094-85qxc-974882988, networkLocation: /default-rack, certSerialId: null}, Type:RATIS, Factor:THREE, State:OPEN]
2019-08-28 09:23:27,562 [IPC Server handler 4 on 46584] INFO  net.NetworkTopology (NetworkTopologyImpl.java:add(110)) - Added a new node: /default-rack/e27b78fe-542d-4189-a93b-0fd90f2d778c
2019-08-28 09:23:27,563 [IPC Server handler 4 on 46584] INFO  node.SCMNodeManager (SCMNodeManager.java:register(273)) - Registered Data node : e27b78fe-542d-4189-a93b-0fd90f2d778c{ip: 192.168.69.108, host: pr-hdds-1094-85qxc-974882988, networkLocation: /default-rack, certSerialId: null}
2019-08-28 09:23:27,564 | INFO  | SCMAudit | user=jenkins1000 | ip=192.168.69.108 | op=REGISTER {datanodeDetails=e27b78fe-542d-4189-a93b-0fd90f2d778c{ip: 192.168.69.108, host: pr-hdds-1094-85qxc-974882988, networkLocation: /default-rack, certSerialId: null}} | ret=SUCCESS |  
2019-08-28 09:23:27,571 [grpc-default-executor-8] INFO  impl.RaftServerProxy (RaftServerProxy.java:addNew(89)) - e27b78fe-542d-4189-a93b-0fd90f2d778c: addNew group-C26FD840D92A:[e27b78fe-542d-4189-a93b-0fd90f2d778c:192.168.69.108:41923] returns group-C26FD840D92A:java.util.concurrent.CompletableFuture@36574d77[Not completed]
2019-08-28 09:23:27,573 [pool-472-thread-1] INFO  impl.RaftServerImpl (RaftServerImpl.java:<init>(93)) - e27b78fe-542d-4189-a93b-0fd90f2d778c: new RaftServerImpl for group-C26FD840D92A:[e27b78fe-542d-4189-a93b-0fd90f2d778c:192.168.69.108:41923] with ContainerStateMachine:uninitialized
2019-08-28 09:23:27,573 [pool-472-thread-1] INFO  server.RaftServerConfigKeys (ConfUtils.java:logGet(43)) - raft.server.rpc.timeout.min = 5s (custom)
2019-08-28 09:23:27,573 [pool-472-thread-1] INFO  server.RaftServerConfigKeys (ConfUtils.java:logGet(43)) - raft.server.rpc.timeout.max = 5200ms (custom)
2019-08-28 09:23:27,574 [pool-472-thread-1] INFO  server.RaftServerConfigKeys (ConfUtils.java:logGet(43)) - raft.server.rpcslowness.timeout = 120s (custom)
2019-08-28 09:23:27,574 [pool-472-thread-1] INFO  server.RaftServerConfigKeys (ConfUtils.java:logGet(43)) - raft.server.sleep.deviation.threshold = 300 (default)
2019-08-28 09:23:27,574 [pool-472-thread-1] INFO  server.RaftServerConfigKeys (ConfUtils.java:logGet(43)) - raft.server.log.appender.install.snapshot.enabled = false (custom)
2019-08-28 09:23:27,574 [pool-472-thread-1] INFO  impl.RaftServerImpl (ServerState.java:<init>(105)) - e27b78fe-542d-4189-a93b-0fd90f2d778c:group-C26FD840D92A ConfigurationManager, init=-1: [e27b78fe-542d-4189-a93b-0fd90f2d778c:192.168.69.108:41923], old=null, confs=<EMPTY_MAP>
2019-08-28 09:23:27,574 [pool-472-thread-1] INFO  server.RaftServerConfigKeys (ConfUtils.java:logGet(43)) - raft.server.storage.dir = [/workdir/hadoop-ozone/integration-test/target/test-dir/MiniOzoneClusterImpl-4cacb774-3eea-4282-9e15-e206378f9ec3/datanode-3/data/ratis] (custom)
2019-08-28 09:23:27,575 [pool-472-thread-1] INFO  storage.RaftStorageDirectory (RaftStorageDirectory.java:analyzeStorage(246)) - The storage directory /workdir/hadoop-ozone/integration-test/target/test-dir/MiniOzoneClusterImpl-4cacb774-3eea-4282-9e15-e206378f9ec3/datanode-3/data/ratis/69b84e9d-a5cb-459d-84f6-c26fd840d92a does not exist. Creating ...
2019-08-28 09:23:27,588 [pool-472-thread-1] INFO  storage.RaftStorageDirectory (RaftStorageDirectory.java:tryLock(328)) - Lock on /workdir/hadoop-ozone/integration-test/target/test-dir/MiniOzoneClusterImpl-4cacb774-3eea-4282-9e15-e206378f9ec3/datanode-3/data/ratis/69b84e9d-a5cb-459d-84f6-c26fd840d92a/in_use.lock acquired by nodename 17002@pr-hdds-1094-85qxc-974882988
2019-08-28 09:23:27,602 [pool-472-thread-1] INFO  storage.RaftStorage (RaftStorage.java:format(72)) - Storage directory /workdir/hadoop-ozone/integration-test/target/test-dir/MiniOzoneClusterImpl-4cacb774-3eea-4282-9e15-e206378f9ec3/datanode-3/data/ratis/69b84e9d-a5cb-459d-84f6-c26fd840d92a has been successfully formatted.
2019-08-28 09:23:27,602 [pool-472-thread-1] INFO  ratis.ContainerStateMachine (ContainerStateMachine.java:loadSnapshot(227)) - group-C26FD840D92A: The snapshot info is null. Setting the last applied indexto:(t:0, i:~)
2019-08-28 09:23:27,602 [pool-472-thread-1] INFO  server.RaftServerConfigKeys (ConfUtils.java:logGet(43)) - raft.server.leader.election.timeout = 120s (custom)
2019-08-28 09:23:27,602 [pool-472-thread-1] INFO  server.RaftServerConfigKeys (ConfUtils.java:logGet(43)) - raft.server.log.use.memory = false (default)
2019-08-28 09:23:27,602 [pool-472-thread-1] INFO  server.RaftServerConfigKeys (ConfUtils.java:logGet(43)) - raft.server.log.purge.gap = 1000000 (custom)
2019-08-28 09:23:27,602 [pool-472-thread-1] INFO  server.RaftServerConfigKeys (ConfUtils.java:logGet(43)) - raft.server.log.appender.buffer.byte-limit = 33554432 (custom)
2019-08-28 09:23:27,603 [pool-472-thread-1] INFO  server.RaftServerConfigKeys (ConfUtils.java:logGet(43)) - raft.server.log.segment.size.max = 1048576 (custom)
2019-08-28 09:23:27,603 [pool-472-thread-1] INFO  server.RaftServerConfigKeys (ConfUtils.java:logGet(43)) - raft.server.log.segment.cache.num.max = 2 (custom)
2019-08-28 09:23:27,603 [pool-472-thread-1] INFO  segmented.SegmentedRaftLogWorker (SegmentedRaftLogWorker.java:<init>(172)) - new e27b78fe-542d-4189-a93b-0fd90f2d778c-SegmentedRaftLogWorker:Storage Directory /workdir/hadoop-ozone/integration-test/target/test-dir/MiniOzoneClusterImpl-4cacb774-3eea-4282-9e15-e206378f9ec3/datanode-3/data/ratis/69b84e9d-a5cb-459d-84f6-c26fd840d92a for RaftStorage:Storage Directory /workdir/hadoop-ozone/integration-test/target/test-dir/MiniOzoneClusterImpl-4cacb774-3eea-4282-9e15-e206378f9ec3/datanode-3/data/ratis/69b84e9d-a5cb-459d-84f6-c26fd840d92a
2019-08-28 09:23:27,603 [pool-472-thread-1] INFO  server.RaftServerConfigKeys (ConfUtils.java:logGet(43)) - raft.server.log.queue.byte-limit = 2147483647 (custom)
2019-08-28 09:23:27,603 [pool-472-thread-1] INFO  server.RaftServerConfigKeys (ConfUtils.java:logGet(43)) - raft.server.log.queue.element-limit = 1024 (custom)
2019-08-28 09:23:27,603 [pool-472-thread-1] INFO  server.RaftServerConfigKeys (ConfUtils.java:logGet(43)) - raft.server.log.segment.size.max = 1048576 (custom)
2019-08-28 09:23:27,604 [pool-472-thread-1] INFO  server.RaftServerConfigKeys (ConfUtils.java:logGet(43)) - raft.server.log.preallocated.size = 16384 (custom)
2019-08-28 09:23:27,604 [pool-472-thread-1] INFO  server.RaftServerConfigKeys (ConfUtils.java:logGet(43)) - raft.server.log.write.buffer.size = 33554432 (custom)
2019-08-28 09:23:27,604 [pool-472-thread-1] INFO  server.RaftServerConfigKeys (ConfUtils.java:logGet(43)) - raft.server.log.force.sync.num = 128 (default)
2019-08-28 09:23:27,604 [pool-472-thread-1] INFO  server.RaftServerConfigKeys (ConfUtils.java:logGet(43)) - raft.server.log.statemachine.data.sync = true (default)
2019-08-28 09:23:27,604 [pool-472-thread-1] INFO  server.RaftServerConfigKeys (ConfUtils.java:logGet(43)) - raft.server.log.statemachine.data.sync.timeout = 10s (default)
2019-08-28 09:23:27,604 [pool-472-thread-1] INFO  server.RaftServerConfigKeys (ConfUtils.java:logGet(43)) - raft.server.log.statemachine.data.sync.timeout.retry = -1 (default)
2019-08-28 09:23:27,605 [pool-472-thread-1] INFO  server.RaftServerConfigKeys (ConfUtils.java:logGet(43)) - raft.server.log.statemachine.data.caching.enabled = true (custom)
2019-08-28 09:23:27,605 [pool-472-thread-1] INFO  segmented.SegmentedRaftLogWorker (SegmentedRaftLogWorker.java:lambda$new$0(132)) - e27b78fe-542d-4189-a93b-0fd90f2d778c-SegmentedRaftLogWorker:Storage Directory /workdir/hadoop-ozone/integration-test/target/test-dir/MiniOzoneClusterImpl-4cacb774-3eea-4282-9e15-e206378f9ec3/datanode-3/data/ratis/69b84e9d-a5cb-459d-84f6-c26fd840d92a: flushIndex: setUnconditionally 0 -> -1
2019-08-28 09:23:27,605 [pool-472-thread-1] INFO  server.RaftServerConfigKeys (ConfUtils.java:logGet(43)) - raft.server.snapshot.auto.trigger.enabled = true (custom)
2019-08-28 09:23:27,605 [pool-472-thread-1] INFO  server.RaftServerConfigKeys (ConfUtils.java:logGet(43)) - raft.server.snapshot.auto.trigger.threshold = 10000 (custom)
2019-08-28 09:23:27,606 [pool-472-thread-1] INFO  server.RaftServerConfigKeys (ConfUtils.java:logGet(43)) - raft.server.retrycache.expirytime = 600000ms (custom)
2019-08-28 09:23:27,606 [pool-472-thread-1] INFO  impl.RaftServerImpl (RaftServerImpl.java:start(180)) - e27b78fe-542d-4189-a93b-0fd90f2d778c: start group-C26FD840D92A
2019-08-28 09:23:27,606 [pool-472-thread-1] INFO  impl.RaftServerImpl (RaftServerImpl.java:setRole(171)) - e27b78fe-542d-4189-a93b-0fd90f2d778c:group-C26FD840D92A changes role from null to FOLLOWER at term 0 for startAsFollower
2019-08-28 09:23:27,606 [pool-472-thread-1] INFO  impl.RoleInfo (RoleInfo.java:updateAndGet(143)) - e27b78fe-542d-4189-a93b-0fd90f2d778c: start FollowerState
2019-08-28 09:23:27,606 [pool-472-thread-1] INFO  util.JmxRegister (JmxRegister.java:tryRegister(44)) - Successfully registered JMX Bean with object name Ratis:service=RaftServer,group=group-C26FD840D92A,id=e27b78fe-542d-4189-a93b-0fd90f2d778c
2019-08-28 09:23:27,611 [RatisPipelineUtilsThread] INFO  pipeline.PipelineStateManager (PipelineStateManager.java:addPipeline(56)) - Created pipeline Pipeline[ Id: 69b84e9d-a5cb-459d-84f6-c26fd840d92a, Nodes: e27b78fe-542d-4189-a93b-0fd90f2d778c{ip: 192.168.69.108, host: pr-hdds-1094-85qxc-974882988, networkLocation: /default-rack, certSerialId: null}, Type:RATIS, Factor:ONE, State:OPEN]
2019-08-28 09:23:27,782 [IPC Server handler 2 on 46584] INFO  net.NetworkTopology (NetworkTopologyImpl.java:add(110)) - Added a new node: /default-rack/017c1bfe-8ef1-45e4-8827-c462f0c7cc3d
2019-08-28 09:23:27,782 [IPC Server handler 2 on 46584] INFO  node.SCMNodeManager (SCMNodeManager.java:register(273)) - Registered Data node : 017c1bfe-8ef1-45e4-8827-c462f0c7cc3d{ip: 192.168.69.108, host: pr-hdds-1094-85qxc-974882988, networkLocation: /default-rack, certSerialId: null}
2019-08-28 09:23:27,782 | INFO  | SCMAudit | user=jenkins1000 | ip=192.168.69.108 | op=REGISTER {datanodeDetails=017c1bfe-8ef1-45e4-8827-c462f0c7cc3d{ip: 192.168.69.108, host: pr-hdds-1094-85qxc-974882988, networkLocation: /default-rack, certSerialId: null}} | ret=SUCCESS |  
2019-08-28 09:23:27,789 [grpc-default-executor-8] INFO  impl.RaftServerProxy (RaftServerProxy.java:addNew(89)) - 017c1bfe-8ef1-45e4-8827-c462f0c7cc3d: addNew group-4AE533A1FB1B:[017c1bfe-8ef1-45e4-8827-c462f0c7cc3d:192.168.69.108:32916] returns group-4AE533A1FB1B:java.util.concurrent.CompletableFuture@474c32df[Not completed]
2019-08-28 09:23:27,790 [pool-483-thread-1] INFO  impl.RaftServerImpl (RaftServerImpl.java:<init>(93)) - 017c1bfe-8ef1-45e4-8827-c462f0c7cc3d: new RaftServerImpl for group-4AE533A1FB1B:[017c1bfe-8ef1-45e4-8827-c462f0c7cc3d:192.168.69.108:32916] with ContainerStateMachine:uninitialized
2019-08-28 09:23:27,790 [pool-483-thread-1] INFO  server.RaftServerConfigKeys (ConfUtils.java:logGet(43)) - raft.server.rpc.timeout.min = 5s (custom)
2019-08-28 09:23:27,790 [pool-483-thread-1] INFO  server.RaftServerConfigKeys (ConfUtils.java:logGet(43)) - raft.server.rpc.timeout.max = 5200ms (custom)
2019-08-28 09:23:27,790 [pool-483-thread-1] INFO  server.RaftServerConfigKeys (ConfUtils.java:logGet(43)) - raft.server.rpcslowness.timeout = 120s (custom)
2019-08-28 09:23:27,790 [pool-483-thread-1] INFO  server.RaftServerConfigKeys (ConfUtils.java:logGet(43)) - raft.server.sleep.deviation.threshold = 300 (default)
2019-08-28 09:23:27,791 [pool-483-thread-1] INFO  server.RaftServerConfigKeys (ConfUtils.java:logGet(43)) - raft.server.log.appender.install.snapshot.enabled = false (custom)
2019-08-28 09:23:27,791 [pool-483-thread-1] INFO  impl.RaftServerImpl (ServerState.java:<init>(105)) - 017c1bfe-8ef1-45e4-8827-c462f0c7cc3d:group-4AE533A1FB1B ConfigurationManager, init=-1: [017c1bfe-8ef1-45e4-8827-c462f0c7cc3d:192.168.69.108:32916], old=null, confs=<EMPTY_MAP>
2019-08-28 09:23:27,791 [pool-483-thread-1] INFO  server.RaftServerConfigKeys (ConfUtils.java:logGet(43)) - raft.server.storage.dir = [/workdir/hadoop-ozone/integration-test/target/test-dir/MiniOzoneClusterImpl-4cacb774-3eea-4282-9e15-e206378f9ec3/datanode-4/data/ratis] (custom)
2019-08-28 09:23:27,791 [pool-483-thread-1] INFO  storage.RaftStorageDirectory (RaftStorageDirectory.java:analyzeStorage(246)) - The storage directory /workdir/hadoop-ozone/integration-test/target/test-dir/MiniOzoneClusterImpl-4cacb774-3eea-4282-9e15-e206378f9ec3/datanode-4/data/ratis/1304128b-cb1c-4d4e-8c70-4ae533a1fb1b does not exist. Creating ...
2019-08-28 09:23:27,805 [pool-483-thread-1] INFO  storage.RaftStorageDirectory (RaftStorageDirectory.java:tryLock(328)) - Lock on /workdir/hadoop-ozone/integration-test/target/test-dir/MiniOzoneClusterImpl-4cacb774-3eea-4282-9e15-e206378f9ec3/datanode-4/data/ratis/1304128b-cb1c-4d4e-8c70-4ae533a1fb1b/in_use.lock acquired by nodename 17002@pr-hdds-1094-85qxc-974882988
2019-08-28 09:23:27,819 [pool-483-thread-1] INFO  storage.RaftStorage (RaftStorage.java:format(72)) - Storage directory /workdir/hadoop-ozone/integration-test/target/test-dir/MiniOzoneClusterImpl-4cacb774-3eea-4282-9e15-e206378f9ec3/datanode-4/data/ratis/1304128b-cb1c-4d4e-8c70-4ae533a1fb1b has been successfully formatted.
2019-08-28 09:23:27,819 [pool-483-thread-1] INFO  ratis.ContainerStateMachine (ContainerStateMachine.java:loadSnapshot(227)) - group-4AE533A1FB1B: The snapshot info is null. Setting the last applied indexto:(t:0, i:~)
2019-08-28 09:23:27,819 [pool-483-thread-1] INFO  server.RaftServerConfigKeys (ConfUtils.java:logGet(43)) - raft.server.leader.election.timeout = 120s (custom)
2019-08-28 09:23:27,820 [pool-483-thread-1] INFO  server.RaftServerConfigKeys (ConfUtils.java:logGet(43)) - raft.server.log.use.memory = false (default)
2019-08-28 09:23:27,820 [pool-483-thread-1] INFO  server.RaftServerConfigKeys (ConfUtils.java:logGet(43)) - raft.server.log.purge.gap = 1000000 (custom)
2019-08-28 09:23:27,820 [pool-483-thread-1] INFO  server.RaftServerConfigKeys (ConfUtils.java:logGet(43)) - raft.server.log.appender.buffer.byte-limit = 33554432 (custom)
2019-08-28 09:23:27,820 [pool-483-thread-1] INFO  server.RaftServerConfigKeys (ConfUtils.java:logGet(43)) - raft.server.log.segment.size.max = 1048576 (custom)
2019-08-28 09:23:27,820 [pool-483-thread-1] INFO  server.RaftServerConfigKeys (ConfUtils.java:logGet(43)) - raft.server.log.segment.cache.num.max = 2 (custom)
2019-08-28 09:23:27,820 [pool-483-thread-1] INFO  segmented.SegmentedRaftLogWorker (SegmentedRaftLogWorker.java:<init>(172)) - new 017c1bfe-8ef1-45e4-8827-c462f0c7cc3d-SegmentedRaftLogWorker:Storage Directory /workdir/hadoop-ozone/integration-test/target/test-dir/MiniOzoneClusterImpl-4cacb774-3eea-4282-9e15-e206378f9ec3/datanode-4/data/ratis/1304128b-cb1c-4d4e-8c70-4ae533a1fb1b for RaftStorage:Storage Directory /workdir/hadoop-ozone/integration-test/target/test-dir/MiniOzoneClusterImpl-4cacb774-3eea-4282-9e15-e206378f9ec3/datanode-4/data/ratis/1304128b-cb1c-4d4e-8c70-4ae533a1fb1b
2019-08-28 09:23:27,821 [pool-483-thread-1] INFO  server.RaftServerConfigKeys (ConfUtils.java:logGet(43)) - raft.server.log.queue.byte-limit = 2147483647 (custom)
2019-08-28 09:23:27,821 [pool-483-thread-1] INFO  server.RaftServerConfigKeys (ConfUtils.java:logGet(43)) - raft.server.log.queue.element-limit = 1024 (custom)
2019-08-28 09:23:27,821 [pool-483-thread-1] INFO  server.RaftServerConfigKeys (ConfUtils.java:logGet(43)) - raft.server.log.segment.size.max = 1048576 (custom)
2019-08-28 09:23:27,821 [pool-483-thread-1] INFO  server.RaftServerConfigKeys (ConfUtils.java:logGet(43)) - raft.server.log.preallocated.size = 16384 (custom)
2019-08-28 09:23:27,821 [pool-483-thread-1] INFO  server.RaftServerConfigKeys (ConfUtils.java:logGet(43)) - raft.server.log.write.buffer.size = 33554432 (custom)
2019-08-28 09:23:27,821 [pool-483-thread-1] INFO  server.RaftServerConfigKeys (ConfUtils.java:logGet(43)) - raft.server.log.force.sync.num = 128 (default)
2019-08-28 09:23:27,822 [pool-483-thread-1] INFO  server.RaftServerConfigKeys (ConfUtils.java:logGet(43)) - raft.server.log.statemachine.data.sync = true (default)
2019-08-28 09:23:27,822 [pool-483-thread-1] INFO  server.RaftServerConfigKeys (ConfUtils.java:logGet(43)) - raft.server.log.statemachine.data.sync.timeout = 10s (default)
2019-08-28 09:23:27,822 [pool-483-thread-1] INFO  server.RaftServerConfigKeys (ConfUtils.java:logGet(43)) - raft.server.log.statemachine.data.sync.timeout.retry = -1 (default)
2019-08-28 09:23:27,822 [pool-483-thread-1] INFO  server.RaftServerConfigKeys (ConfUtils.java:logGet(43)) - raft.server.log.statemachine.data.caching.enabled = true (custom)
2019-08-28 09:23:27,823 [pool-483-thread-1] INFO  segmented.SegmentedRaftLogWorker (SegmentedRaftLogWorker.java:lambda$new$0(132)) - 017c1bfe-8ef1-45e4-8827-c462f0c7cc3d-SegmentedRaftLogWorker:Storage Directory /workdir/hadoop-ozone/integration-test/target/test-dir/MiniOzoneClusterImpl-4cacb774-3eea-4282-9e15-e206378f9ec3/datanode-4/data/ratis/1304128b-cb1c-4d4e-8c70-4ae533a1fb1b: flushIndex: setUnconditionally 0 -> -1
2019-08-28 09:23:27,823 [pool-483-thread-1] INFO  server.RaftServerConfigKeys (ConfUtils.java:logGet(43)) - raft.server.snapshot.auto.trigger.enabled = true (custom)
2019-08-28 09:23:27,823 [pool-483-thread-1] INFO  server.RaftServerConfigKeys (ConfUtils.java:logGet(43)) - raft.server.snapshot.auto.trigger.threshold = 10000 (custom)
2019-08-28 09:23:27,823 [pool-483-thread-1] INFO  server.RaftServerConfigKeys (ConfUtils.java:logGet(43)) - raft.server.retrycache.expirytime = 600000ms (custom)
2019-08-28 09:23:27,824 [pool-483-thread-1] INFO  impl.RaftServerImpl (RaftServerImpl.java:start(180)) - 017c1bfe-8ef1-45e4-8827-c462f0c7cc3d: start group-4AE533A1FB1B
2019-08-28 09:23:27,824 [pool-483-thread-1] INFO  impl.RaftServerImpl (RaftServerImpl.java:setRole(171)) - 017c1bfe-8ef1-45e4-8827-c462f0c7cc3d:group-4AE533A1FB1B changes role from null to FOLLOWER at term 0 for startAsFollower
2019-08-28 09:23:27,824 [pool-483-thread-1] INFO  impl.RoleInfo (RoleInfo.java:updateAndGet(143)) - 017c1bfe-8ef1-45e4-8827-c462f0c7cc3d: start FollowerState
2019-08-28 09:23:27,824 [pool-483-thread-1] INFO  util.JmxRegister (JmxRegister.java:tryRegister(44)) - Successfully registered JMX Bean with object name Ratis:service=RaftServer,group=group-4AE533A1FB1B,id=017c1bfe-8ef1-45e4-8827-c462f0c7cc3d
2019-08-28 09:23:27,829 [RatisPipelineUtilsThread] INFO  pipeline.PipelineStateManager (PipelineStateManager.java:addPipeline(56)) - Created pipeline Pipeline[ Id: 1304128b-cb1c-4d4e-8c70-4ae533a1fb1b, Nodes: 017c1bfe-8ef1-45e4-8827-c462f0c7cc3d{ip: 192.168.69.108, host: pr-hdds-1094-85qxc-974882988, networkLocation: /default-rack, certSerialId: null}, Type:RATIS, Factor:ONE, State:OPEN]
2019-08-28 09:23:28,031 [IPC Server handler 3 on 46584] INFO  net.NetworkTopology (NetworkTopologyImpl.java:add(110)) - Added a new node: /default-rack/da0956ba-7c1a-43bf-a8fb-6e60171b4062
2019-08-28 09:23:28,031 [IPC Server handler 3 on 46584] INFO  node.SCMNodeManager (SCMNodeManager.java:register(273)) - Registered Data node : da0956ba-7c1a-43bf-a8fb-6e60171b4062{ip: 192.168.69.108, host: pr-hdds-1094-85qxc-974882988, networkLocation: /default-rack, certSerialId: null}
2019-08-28 09:23:28,032 | INFO  | SCMAudit | user=jenkins1000 | ip=192.168.69.108 | op=REGISTER {datanodeDetails=da0956ba-7c1a-43bf-a8fb-6e60171b4062{ip: 192.168.69.108, host: pr-hdds-1094-85qxc-974882988, networkLocation: /default-rack, certSerialId: null}} | ret=SUCCESS |  
2019-08-28 09:23:28,039 [grpc-default-executor-8] INFO  impl.RaftServerProxy (RaftServerProxy.java:addNew(89)) - da0956ba-7c1a-43bf-a8fb-6e60171b4062: addNew group-97184ECAC395:[da0956ba-7c1a-43bf-a8fb-6e60171b4062:192.168.69.108:43508] returns group-97184ECAC395:java.util.concurrent.CompletableFuture@597d2d1e[Not completed]
2019-08-28 09:23:28,041 [pool-494-thread-1] INFO  impl.RaftServerImpl (RaftServerImpl.java:<init>(93)) - da0956ba-7c1a-43bf-a8fb-6e60171b4062: new RaftServerImpl for group-97184ECAC395:[da0956ba-7c1a-43bf-a8fb-6e60171b4062:192.168.69.108:43508] with ContainerStateMachine:uninitialized
2019-08-28 09:23:28,041 [pool-494-thread-1] INFO  server.RaftServerConfigKeys (ConfUtils.java:logGet(43)) - raft.server.rpc.timeout.min = 5s (custom)
2019-08-28 09:23:28,041 [pool-494-thread-1] INFO  server.RaftServerConfigKeys (ConfUtils.java:logGet(43)) - raft.server.rpc.timeout.max = 5200ms (custom)
2019-08-28 09:23:28,041 [pool-494-thread-1] INFO  server.RaftServerConfigKeys (ConfUtils.java:logGet(43)) - raft.server.rpcslowness.timeout = 120s (custom)
2019-08-28 09:23:28,041 [pool-494-thread-1] INFO  server.RaftServerConfigKeys (ConfUtils.java:logGet(43)) - raft.server.sleep.deviation.threshold = 300 (default)
2019-08-28 09:23:28,041 [pool-494-thread-1] INFO  server.RaftServerConfigKeys (ConfUtils.java:logGet(43)) - raft.server.log.appender.install.snapshot.enabled = false (custom)
2019-08-28 09:23:28,042 [pool-494-thread-1] INFO  impl.RaftServerImpl (ServerState.java:<init>(105)) - da0956ba-7c1a-43bf-a8fb-6e60171b4062:group-97184ECAC395 ConfigurationManager, init=-1: [da0956ba-7c1a-43bf-a8fb-6e60171b4062:192.168.69.108:43508], old=null, confs=<EMPTY_MAP>
2019-08-28 09:23:28,042 [pool-494-thread-1] INFO  server.RaftServerConfigKeys (ConfUtils.java:logGet(43)) - raft.server.storage.dir = [/workdir/hadoop-ozone/integration-test/target/test-dir/MiniOzoneClusterImpl-4cacb774-3eea-4282-9e15-e206378f9ec3/datanode-5/data/ratis] (custom)
2019-08-28 09:23:28,042 [pool-494-thread-1] INFO  storage.RaftStorageDirectory (RaftStorageDirectory.java:analyzeStorage(246)) - The storage directory /workdir/hadoop-ozone/integration-test/target/test-dir/MiniOzoneClusterImpl-4cacb774-3eea-4282-9e15-e206378f9ec3/datanode-5/data/ratis/c2e8e319-4eaf-4080-92e4-97184ecac395 does not exist. Creating ...
2019-08-28 09:23:28,055 [pool-494-thread-1] INFO  storage.RaftStorageDirectory (RaftStorageDirectory.java:tryLock(328)) - Lock on /workdir/hadoop-ozone/integration-test/target/test-dir/MiniOzoneClusterImpl-4cacb774-3eea-4282-9e15-e206378f9ec3/datanode-5/data/ratis/c2e8e319-4eaf-4080-92e4-97184ecac395/in_use.lock acquired by nodename 17002@pr-hdds-1094-85qxc-974882988
2019-08-28 09:23:28,070 [pool-494-thread-1] INFO  storage.RaftStorage (RaftStorage.java:format(72)) - Storage directory /workdir/hadoop-ozone/integration-test/target/test-dir/MiniOzoneClusterImpl-4cacb774-3eea-4282-9e15-e206378f9ec3/datanode-5/data/ratis/c2e8e319-4eaf-4080-92e4-97184ecac395 has been successfully formatted.
2019-08-28 09:23:28,070 [pool-494-thread-1] INFO  ratis.ContainerStateMachine (ContainerStateMachine.java:loadSnapshot(227)) - group-97184ECAC395: The snapshot info is null. Setting the last applied indexto:(t:0, i:~)
2019-08-28 09:23:28,070 [pool-494-thread-1] INFO  server.RaftServerConfigKeys (ConfUtils.java:logGet(43)) - raft.server.leader.election.timeout = 120s (custom)
2019-08-28 09:23:28,070 [pool-494-thread-1] INFO  server.RaftServerConfigKeys (ConfUtils.java:logGet(43)) - raft.server.log.use.memory = false (default)
2019-08-28 09:23:28,071 [pool-494-thread-1] INFO  server.RaftServerConfigKeys (ConfUtils.java:logGet(43)) - raft.server.log.purge.gap = 1000000 (custom)
2019-08-28 09:23:28,071 [pool-494-thread-1] INFO  server.RaftServerConfigKeys (ConfUtils.java:logGet(43)) - raft.server.log.appender.buffer.byte-limit = 33554432 (custom)
2019-08-28 09:23:28,071 [pool-494-thread-1] INFO  server.RaftServerConfigKeys (ConfUtils.java:logGet(43)) - raft.server.log.segment.size.max = 1048576 (custom)
2019-08-28 09:23:28,071 [pool-494-thread-1] INFO  server.RaftServerConfigKeys (ConfUtils.java:logGet(43)) - raft.server.log.segment.cache.num.max = 2 (custom)
2019-08-28 09:23:28,071 [pool-494-thread-1] INFO  segmented.SegmentedRaftLogWorker (SegmentedRaftLogWorker.java:<init>(172)) - new da0956ba-7c1a-43bf-a8fb-6e60171b4062-SegmentedRaftLogWorker:Storage Directory /workdir/hadoop-ozone/integration-test/target/test-dir/MiniOzoneClusterImpl-4cacb774-3eea-4282-9e15-e206378f9ec3/datanode-5/data/ratis/c2e8e319-4eaf-4080-92e4-97184ecac395 for RaftStorage:Storage Directory /workdir/hadoop-ozone/integration-test/target/test-dir/MiniOzoneClusterImpl-4cacb774-3eea-4282-9e15-e206378f9ec3/datanode-5/data/ratis/c2e8e319-4eaf-4080-92e4-97184ecac395
2019-08-28 09:23:28,071 [pool-494-thread-1] INFO  server.RaftServerConfigKeys (ConfUtils.java:logGet(43)) - raft.server.log.queue.byte-limit = 2147483647 (custom)
2019-08-28 09:23:28,072 [pool-494-thread-1] INFO  server.RaftServerConfigKeys (ConfUtils.java:logGet(43)) - raft.server.log.queue.element-limit = 1024 (custom)
2019-08-28 09:23:28,072 [pool-494-thread-1] INFO  server.RaftServerConfigKeys (ConfUtils.java:logGet(43)) - raft.server.log.segment.size.max = 1048576 (custom)
2019-08-28 09:23:28,072 [pool-494-thread-1] INFO  server.RaftServerConfigKeys (ConfUtils.java:logGet(43)) - raft.server.log.preallocated.size = 16384 (custom)
2019-08-28 09:23:28,072 [pool-494-thread-1] INFO  server.RaftServerConfigKeys (ConfUtils.java:logGet(43)) - raft.server.log.write.buffer.size = 33554432 (custom)
2019-08-28 09:23:28,073 [pool-494-thread-1] INFO  server.RaftServerConfigKeys (ConfUtils.java:logGet(43)) - raft.server.log.force.sync.num = 128 (default)
2019-08-28 09:23:28,073 [pool-494-thread-1] INFO  server.RaftServerConfigKeys (ConfUtils.java:logGet(43)) - raft.server.log.statemachine.data.sync = true (default)
2019-08-28 09:23:28,073 [pool-494-thread-1] INFO  server.RaftServerConfigKeys (ConfUtils.java:logGet(43)) - raft.server.log.statemachine.data.sync.timeout = 10s (default)
2019-08-28 09:23:28,073 [pool-494-thread-1] INFO  server.RaftServerConfigKeys (ConfUtils.java:logGet(43)) - raft.server.log.statemachine.data.sync.timeout.retry = -1 (default)
2019-08-28 09:23:28,074 [pool-494-thread-1] INFO  server.RaftServerConfigKeys (ConfUtils.java:logGet(43)) - raft.server.log.statemachine.data.caching.enabled = true (custom)
2019-08-28 09:23:28,074 [pool-494-thread-1] INFO  segmented.SegmentedRaftLogWorker (SegmentedRaftLogWorker.java:lambda$new$0(132)) - da0956ba-7c1a-43bf-a8fb-6e60171b4062-SegmentedRaftLogWorker:Storage Directory /workdir/hadoop-ozone/integration-test/target/test-dir/MiniOzoneClusterImpl-4cacb774-3eea-4282-9e15-e206378f9ec3/datanode-5/data/ratis/c2e8e319-4eaf-4080-92e4-97184ecac395: flushIndex: setUnconditionally 0 -> -1
2019-08-28 09:23:28,075 [pool-494-thread-1] INFO  server.RaftServerConfigKeys (ConfUtils.java:logGet(43)) - raft.server.snapshot.auto.trigger.enabled = true (custom)
2019-08-28 09:23:28,075 [pool-494-thread-1] INFO  server.RaftServerConfigKeys (ConfUtils.java:logGet(43)) - raft.server.snapshot.auto.trigger.threshold = 10000 (custom)
2019-08-28 09:23:28,075 [pool-494-thread-1] INFO  server.RaftServerConfigKeys (ConfUtils.java:logGet(43)) - raft.server.retrycache.expirytime = 600000ms (custom)
2019-08-28 09:23:28,075 [pool-494-thread-1] INFO  impl.RaftServerImpl (RaftServerImpl.java:start(180)) - da0956ba-7c1a-43bf-a8fb-6e60171b4062: start group-97184ECAC395
2019-08-28 09:23:28,076 [pool-494-thread-1] INFO  impl.RaftServerImpl (RaftServerImpl.java:setRole(171)) - da0956ba-7c1a-43bf-a8fb-6e60171b4062:group-97184ECAC395 changes role from null to FOLLOWER at term 0 for startAsFollower
2019-08-28 09:23:28,076 [pool-494-thread-1] INFO  impl.RoleInfo (RoleInfo.java:updateAndGet(143)) - da0956ba-7c1a-43bf-a8fb-6e60171b4062: start FollowerState
2019-08-28 09:23:28,076 [pool-494-thread-1] INFO  util.JmxRegister (JmxRegister.java:tryRegister(44)) - Successfully registered JMX Bean with object name Ratis:service=RaftServer,group=group-97184ECAC395,id=da0956ba-7c1a-43bf-a8fb-6e60171b4062
2019-08-28 09:23:28,085 [RatisPipelineUtilsThread] INFO  pipeline.PipelineStateManager (PipelineStateManager.java:addPipeline(56)) - Created pipeline Pipeline[ Id: c2e8e319-4eaf-4080-92e4-97184ecac395, Nodes: da0956ba-7c1a-43bf-a8fb-6e60171b4062{ip: 192.168.69.108, host: pr-hdds-1094-85qxc-974882988, networkLocation: /default-rack, certSerialId: null}, Type:RATIS, Factor:ONE, State:OPEN]
2019-08-28 09:23:28,095 [grpc-default-executor-8] INFO  impl.RaftServerProxy (RaftServerProxy.java:addNew(89)) - 017c1bfe-8ef1-45e4-8827-c462f0c7cc3d: addNew group-65EE5C83E742:[e27b78fe-542d-4189-a93b-0fd90f2d778c:192.168.69.108:41923, da0956ba-7c1a-43bf-a8fb-6e60171b4062:192.168.69.108:43508, 017c1bfe-8ef1-45e4-8827-c462f0c7cc3d:192.168.69.108:32916] returns group-65EE5C83E742:java.util.concurrent.CompletableFuture@534c8b33[Not completed]
2019-08-28 09:23:28,095 [grpc-default-executor-5] INFO  impl.RaftServerProxy (RaftServerProxy.java:addNew(89)) - e27b78fe-542d-4189-a93b-0fd90f2d778c: addNew group-65EE5C83E742:[e27b78fe-542d-4189-a93b-0fd90f2d778c:192.168.69.108:41923, da0956ba-7c1a-43bf-a8fb-6e60171b4062:192.168.69.108:43508, 017c1bfe-8ef1-45e4-8827-c462f0c7cc3d:192.168.69.108:32916] returns group-65EE5C83E742:java.util.concurrent.CompletableFuture@283ec8a1[Not completed]
2019-08-28 09:23:28,095 [grpc-default-executor-10] INFO  impl.RaftServerProxy (RaftServerProxy.java:addNew(89)) - da0956ba-7c1a-43bf-a8fb-6e60171b4062: addNew group-65EE5C83E742:[e27b78fe-542d-4189-a93b-0fd90f2d778c:192.168.69.108:41923, da0956ba-7c1a-43bf-a8fb-6e60171b4062:192.168.69.108:43508, 017c1bfe-8ef1-45e4-8827-c462f0c7cc3d:192.168.69.108:32916] returns group-65EE5C83E742:java.util.concurrent.CompletableFuture@1d5d0415[Not completed]
2019-08-28 09:23:28,096 [pool-483-thread-1] INFO  impl.RaftServerImpl (RaftServerImpl.java:<init>(93)) - 017c1bfe-8ef1-45e4-8827-c462f0c7cc3d: new RaftServerImpl for group-65EE5C83E742:[e27b78fe-542d-4189-a93b-0fd90f2d778c:192.168.69.108:41923, da0956ba-7c1a-43bf-a8fb-6e60171b4062:192.168.69.108:43508, 017c1bfe-8ef1-45e4-8827-c462f0c7cc3d:192.168.69.108:32916] with ContainerStateMachine:uninitialized
2019-08-28 09:23:28,097 [pool-483-thread-1] INFO  server.RaftServerConfigKeys (ConfUtils.java:logGet(43)) - raft.server.rpc.timeout.min = 5s (custom)
2019-08-28 09:23:28,097 [pool-494-thread-1] INFO  impl.RaftServerImpl (RaftServerImpl.java:<init>(93)) - da0956ba-7c1a-43bf-a8fb-6e60171b4062: new RaftServerImpl for group-65EE5C83E742:[e27b78fe-542d-4189-a93b-0fd90f2d778c:192.168.69.108:41923, da0956ba-7c1a-43bf-a8fb-6e60171b4062:192.168.69.108:43508, 017c1bfe-8ef1-45e4-8827-c462f0c7cc3d:192.168.69.108:32916] with ContainerStateMachine:uninitialized
2019-08-28 09:23:28,097 [pool-483-thread-1] INFO  server.RaftServerConfigKeys (ConfUtils.java:logGet(43)) - raft.server.rpc.timeout.max = 5200ms (custom)
2019-08-28 09:23:28,097 [pool-494-thread-1] INFO  server.RaftServerConfigKeys (ConfUtils.java:logGet(43)) - raft.server.rpc.timeout.min = 5s (custom)
2019-08-28 09:23:28,097 [pool-483-thread-1] INFO  server.RaftServerConfigKeys (ConfUtils.java:logGet(43)) - raft.server.rpcslowness.timeout = 120s (custom)
2019-08-28 09:23:28,097 [pool-472-thread-1] INFO  impl.RaftServerImpl (RaftServerImpl.java:<init>(93)) - e27b78fe-542d-4189-a93b-0fd90f2d778c: new RaftServerImpl for group-65EE5C83E742:[e27b78fe-542d-4189-a93b-0fd90f2d778c:192.168.69.108:41923, da0956ba-7c1a-43bf-a8fb-6e60171b4062:192.168.69.108:43508, 017c1bfe-8ef1-45e4-8827-c462f0c7cc3d:192.168.69.108:32916] with ContainerStateMachine:uninitialized
2019-08-28 09:23:28,097 [pool-494-thread-1] INFO  server.RaftServerConfigKeys (ConfUtils.java:logGet(43)) - raft.server.rpc.timeout.max = 5200ms (custom)
2019-08-28 09:23:28,097 [pool-472-thread-1] INFO  server.RaftServerConfigKeys (ConfUtils.java:logGet(43)) - raft.server.rpc.timeout.min = 5s (custom)
2019-08-28 09:23:28,097 [pool-483-thread-1] INFO  server.RaftServerConfigKeys (ConfUtils.java:logGet(43)) - raft.server.sleep.deviation.threshold = 300 (default)
2019-08-28 09:23:28,098 [pool-472-thread-1] INFO  server.RaftServerConfigKeys (ConfUtils.java:logGet(43)) - raft.server.rpc.timeout.max = 5200ms (custom)
2019-08-28 09:23:28,098 [pool-483-thread-1] INFO  server.RaftServerConfigKeys (ConfUtils.java:logGet(43)) - raft.server.log.appender.install.snapshot.enabled = false (custom)
2019-08-28 09:23:28,098 [pool-494-thread-1] INFO  server.RaftServerConfigKeys (ConfUtils.java:logGet(43)) - raft.server.rpcslowness.timeout = 120s (custom)
2019-08-28 09:23:28,098 [pool-483-thread-1] INFO  impl.RaftServerImpl (ServerState.java:<init>(105)) - 017c1bfe-8ef1-45e4-8827-c462f0c7cc3d:group-65EE5C83E742 ConfigurationManager, init=-1: [e27b78fe-542d-4189-a93b-0fd90f2d778c:192.168.69.108:41923, da0956ba-7c1a-43bf-a8fb-6e60171b4062:192.168.69.108:43508, 017c1bfe-8ef1-45e4-8827-c462f0c7cc3d:192.168.69.108:32916], old=null, confs=<EMPTY_MAP>
2019-08-28 09:23:28,098 [pool-472-thread-1] INFO  server.RaftServerConfigKeys (ConfUtils.java:logGet(43)) - raft.server.rpcslowness.timeout = 120s (custom)
2019-08-28 09:23:28,098 [pool-483-thread-1] INFO  server.RaftServerConfigKeys (ConfUtils.java:logGet(43)) - raft.server.storage.dir = [/workdir/hadoop-ozone/integration-test/target/test-dir/MiniOzoneClusterImpl-4cacb774-3eea-4282-9e15-e206378f9ec3/datanode-4/data/ratis] (custom)
2019-08-28 09:23:28,098 [pool-494-thread-1] INFO  server.RaftServerConfigKeys (ConfUtils.java:logGet(43)) - raft.server.sleep.deviation.threshold = 300 (default)
2019-08-28 09:23:28,098 [pool-472-thread-1] INFO  server.RaftServerConfigKeys (ConfUtils.java:logGet(43)) - raft.server.sleep.deviation.threshold = 300 (default)
2019-08-28 09:23:28,099 [pool-494-thread-1] INFO  server.RaftServerConfigKeys (ConfUtils.java:logGet(43)) - raft.server.log.appender.install.snapshot.enabled = false (custom)
2019-08-28 09:23:28,099 [pool-483-thread-1] INFO  storage.RaftStorageDirectory (RaftStorageDirectory.java:analyzeStorage(246)) - The storage directory /workdir/hadoop-ozone/integration-test/target/test-dir/MiniOzoneClusterImpl-4cacb774-3eea-4282-9e15-e206378f9ec3/datanode-4/data/ratis/a79fd952-7c2f-42b3-b017-65ee5c83e742 does not exist. Creating ...
2019-08-28 09:23:28,099 [pool-472-thread-1] INFO  server.RaftServerConfigKeys (ConfUtils.java:logGet(43)) - raft.server.log.appender.install.snapshot.enabled = false (custom)
2019-08-28 09:23:28,099 [pool-494-thread-1] INFO  impl.RaftServerImpl (ServerState.java:<init>(105)) - da0956ba-7c1a-43bf-a8fb-6e60171b4062:group-65EE5C83E742 ConfigurationManager, init=-1: [e27b78fe-542d-4189-a93b-0fd90f2d778c:192.168.69.108:41923, da0956ba-7c1a-43bf-a8fb-6e60171b4062:192.168.69.108:43508, 017c1bfe-8ef1-45e4-8827-c462f0c7cc3d:192.168.69.108:32916], old=null, confs=<EMPTY_MAP>
2019-08-28 09:23:28,099 [pool-472-thread-1] INFO  impl.RaftServerImpl (ServerState.java:<init>(105)) - e27b78fe-542d-4189-a93b-0fd90f2d778c:group-65EE5C83E742 ConfigurationManager, init=-1: [e27b78fe-542d-4189-a93b-0fd90f2d778c:192.168.69.108:41923, da0956ba-7c1a-43bf-a8fb-6e60171b4062:192.168.69.108:43508, 017c1bfe-8ef1-45e4-8827-c462f0c7cc3d:192.168.69.108:32916], old=null, confs=<EMPTY_MAP>
2019-08-28 09:23:28,099 [pool-494-thread-1] INFO  server.RaftServerConfigKeys (ConfUtils.java:logGet(43)) - raft.server.storage.dir = [/workdir/hadoop-ozone/integration-test/target/test-dir/MiniOzoneClusterImpl-4cacb774-3eea-4282-9e15-e206378f9ec3/datanode-5/data/ratis] (custom)
2019-08-28 09:23:28,100 [pool-472-thread-1] INFO  server.RaftServerConfigKeys (ConfUtils.java:logGet(43)) - raft.server.storage.dir = [/workdir/hadoop-ozone/integration-test/target/test-dir/MiniOzoneClusterImpl-4cacb774-3eea-4282-9e15-e206378f9ec3/datanode-3/data/ratis] (custom)
2019-08-28 09:23:28,100 [pool-494-thread-1] INFO  storage.RaftStorageDirectory (RaftStorageDirectory.java:analyzeStorage(246)) - The storage directory /workdir/hadoop-ozone/integration-test/target/test-dir/MiniOzoneClusterImpl-4cacb774-3eea-4282-9e15-e206378f9ec3/datanode-5/data/ratis/a79fd952-7c2f-42b3-b017-65ee5c83e742 does not exist. Creating ...
2019-08-28 09:23:28,100 [pool-472-thread-1] INFO  storage.RaftStorageDirectory (RaftStorageDirectory.java:analyzeStorage(246)) - The storage directory /workdir/hadoop-ozone/integration-test/target/test-dir/MiniOzoneClusterImpl-4cacb774-3eea-4282-9e15-e206378f9ec3/datanode-3/data/ratis/a79fd952-7c2f-42b3-b017-65ee5c83e742 does not exist. Creating ...
2019-08-28 09:23:28,114 [pool-494-thread-1] INFO  storage.RaftStorageDirectory (RaftStorageDirectory.java:tryLock(328)) - Lock on /workdir/hadoop-ozone/integration-test/target/test-dir/MiniOzoneClusterImpl-4cacb774-3eea-4282-9e15-e206378f9ec3/datanode-5/data/ratis/a79fd952-7c2f-42b3-b017-65ee5c83e742/in_use.lock acquired by nodename 17002@pr-hdds-1094-85qxc-974882988
2019-08-28 09:23:28,114 [pool-483-thread-1] INFO  storage.RaftStorageDirectory (RaftStorageDirectory.java:tryLock(328)) - Lock on /workdir/hadoop-ozone/integration-test/target/test-dir/MiniOzoneClusterImpl-4cacb774-3eea-4282-9e15-e206378f9ec3/datanode-4/data/ratis/a79fd952-7c2f-42b3-b017-65ee5c83e742/in_use.lock acquired by nodename 17002@pr-hdds-1094-85qxc-974882988
2019-08-28 09:23:28,114 [pool-472-thread-1] INFO  storage.RaftStorageDirectory (RaftStorageDirectory.java:tryLock(328)) - Lock on /workdir/hadoop-ozone/integration-test/target/test-dir/MiniOzoneClusterImpl-4cacb774-3eea-4282-9e15-e206378f9ec3/datanode-3/data/ratis/a79fd952-7c2f-42b3-b017-65ee5c83e742/in_use.lock acquired by nodename 17002@pr-hdds-1094-85qxc-974882988
2019-08-28 09:23:28,129 [pool-494-thread-1] INFO  storage.RaftStorage (RaftStorage.java:format(72)) - Storage directory /workdir/hadoop-ozone/integration-test/target/test-dir/MiniOzoneClusterImpl-4cacb774-3eea-4282-9e15-e206378f9ec3/datanode-5/data/ratis/a79fd952-7c2f-42b3-b017-65ee5c83e742 has been successfully formatted.
2019-08-28 09:23:28,129 [pool-472-thread-1] INFO  storage.RaftStorage (RaftStorage.java:format(72)) - Storage directory /workdir/hadoop-ozone/integration-test/target/test-dir/MiniOzoneClusterImpl-4cacb774-3eea-4282-9e15-e206378f9ec3/datanode-3/data/ratis/a79fd952-7c2f-42b3-b017-65ee5c83e742 has been successfully formatted.
2019-08-28 09:23:28,129 [pool-483-thread-1] INFO  storage.RaftStorage (RaftStorage.java:format(72)) - Storage directory /workdir/hadoop-ozone/integration-test/target/test-dir/MiniOzoneClusterImpl-4cacb774-3eea-4282-9e15-e206378f9ec3/datanode-4/data/ratis/a79fd952-7c2f-42b3-b017-65ee5c83e742 has been successfully formatted.
2019-08-28 09:23:28,129 [pool-472-thread-1] INFO  ratis.ContainerStateMachine (ContainerStateMachine.java:loadSnapshot(227)) - group-65EE5C83E742: The snapshot info is null. Setting the last applied indexto:(t:0, i:~)
2019-08-28 09:23:28,129 [pool-494-thread-1] INFO  ratis.ContainerStateMachine (ContainerStateMachine.java:loadSnapshot(227)) - group-65EE5C83E742: The snapshot info is null. Setting the last applied indexto:(t:0, i:~)
2019-08-28 09:23:28,129 [pool-472-thread-1] INFO  server.RaftServerConfigKeys (ConfUtils.java:logGet(43)) - raft.server.leader.election.timeout = 120s (custom)
2019-08-28 09:23:28,129 [pool-483-thread-1] INFO  ratis.ContainerStateMachine (ContainerStateMachine.java:loadSnapshot(227)) - group-65EE5C83E742: The snapshot info is null. Setting the last applied indexto:(t:0, i:~)
2019-08-28 09:23:28,129 [pool-472-thread-1] INFO  server.RaftServerConfigKeys (ConfUtils.java:logGet(43)) - raft.server.log.use.memory = false (default)
2019-08-28 09:23:28,129 [pool-494-thread-1] INFO  server.RaftServerConfigKeys (ConfUtils.java:logGet(43)) - raft.server.leader.election.timeout = 120s (custom)
2019-08-28 09:23:28,130 [pool-472-thread-1] INFO  server.RaftServerConfigKeys (ConfUtils.java:logGet(43)) - raft.server.log.purge.gap = 1000000 (custom)
2019-08-28 09:23:28,130 [pool-483-thread-1] INFO  server.RaftServerConfigKeys (ConfUtils.java:logGet(43)) - raft.server.leader.election.timeout = 120s (custom)
2019-08-28 09:23:28,130 [pool-472-thread-1] INFO  server.RaftServerConfigKeys (ConfUtils.java:logGet(43)) - raft.server.log.appender.buffer.byte-limit = 33554432 (custom)
2019-08-28 09:23:28,130 [pool-494-thread-1] INFO  server.RaftServerConfigKeys (ConfUtils.java:logGet(43)) - raft.server.log.use.memory = false (default)
2019-08-28 09:23:28,130 [pool-472-thread-1] INFO  server.RaftServerConfigKeys (ConfUtils.java:logGet(43)) - raft.server.log.segment.size.max = 1048576 (custom)
2019-08-28 09:23:28,130 [pool-483-thread-1] INFO  server.RaftServerConfigKeys (ConfUtils.java:logGet(43)) - raft.server.log.use.memory = false (default)
2019-08-28 09:23:28,130 [pool-472-thread-1] INFO  server.RaftServerConfigKeys (ConfUtils.java:logGet(43)) - raft.server.log.segment.cache.num.max = 2 (custom)
2019-08-28 09:23:28,130 [pool-494-thread-1] INFO  server.RaftServerConfigKeys (ConfUtils.java:logGet(43)) - raft.server.log.purge.gap = 1000000 (custom)
2019-08-28 09:23:28,131 [pool-472-thread-1] INFO  segmented.SegmentedRaftLogWorker (SegmentedRaftLogWorker.java:<init>(172)) - new e27b78fe-542d-4189-a93b-0fd90f2d778c-SegmentedRaftLogWorker:Storage Directory /workdir/hadoop-ozone/integration-test/target/test-dir/MiniOzoneClusterImpl-4cacb774-3eea-4282-9e15-e206378f9ec3/datanode-3/data/ratis/a79fd952-7c2f-42b3-b017-65ee5c83e742 for RaftStorage:Storage Directory /workdir/hadoop-ozone/integration-test/target/test-dir/MiniOzoneClusterImpl-4cacb774-3eea-4282-9e15-e206378f9ec3/datanode-3/data/ratis/a79fd952-7c2f-42b3-b017-65ee5c83e742
2019-08-28 09:23:28,131 [pool-483-thread-1] INFO  server.RaftServerConfigKeys (ConfUtils.java:logGet(43)) - raft.server.log.purge.gap = 1000000 (custom)
2019-08-28 09:23:28,131 [pool-472-thread-1] INFO  server.RaftServerConfigKeys (ConfUtils.java:logGet(43)) - raft.server.log.queue.byte-limit = 2147483647 (custom)
2019-08-28 09:23:28,131 [pool-472-thread-1] INFO  server.RaftServerConfigKeys (ConfUtils.java:logGet(43)) - raft.server.log.queue.element-limit = 1024 (custom)
2019-08-28 09:23:28,131 [pool-494-thread-1] INFO  server.RaftServerConfigKeys (ConfUtils.java:logGet(43)) - raft.server.log.appender.buffer.byte-limit = 33554432 (custom)
2019-08-28 09:23:28,131 [pool-472-thread-1] INFO  server.RaftServerConfigKeys (ConfUtils.java:logGet(43)) - raft.server.log.segment.size.max = 1048576 (custom)
2019-08-28 09:23:28,131 [pool-483-thread-1] INFO  server.RaftServerConfigKeys (ConfUtils.java:logGet(43)) - raft.server.log.appender.buffer.byte-limit = 33554432 (custom)
2019-08-28 09:23:28,132 [pool-472-thread-1] INFO  server.RaftServerConfigKeys (ConfUtils.java:logGet(43)) - raft.server.log.preallocated.size = 16384 (custom)
2019-08-28 09:23:28,132 [pool-472-thread-1] INFO  server.RaftServerConfigKeys (ConfUtils.java:logGet(43)) - raft.server.log.write.buffer.size = 33554432 (custom)
2019-08-28 09:23:28,131 [pool-494-thread-1] INFO  server.RaftServerConfigKeys (ConfUtils.java:logGet(43)) - raft.server.log.segment.size.max = 1048576 (custom)
2019-08-28 09:23:28,132 [pool-472-thread-1] INFO  server.RaftServerConfigKeys (ConfUtils.java:logGet(43)) - raft.server.log.force.sync.num = 128 (default)
2019-08-28 09:23:28,132 [pool-472-thread-1] INFO  server.RaftServerConfigKeys (ConfUtils.java:logGet(43)) - raft.server.log.statemachine.data.sync = true (default)
2019-08-28 09:23:28,132 [pool-483-thread-1] INFO  server.RaftServerConfigKeys (ConfUtils.java:logGet(43)) - raft.server.log.segment.size.max = 1048576 (custom)
2019-08-28 09:23:28,132 [pool-472-thread-1] INFO  server.RaftServerConfigKeys (ConfUtils.java:logGet(43)) - raft.server.log.statemachine.data.sync.timeout = 10s (default)
2019-08-28 09:23:28,132 [pool-494-thread-1] INFO  server.RaftServerConfigKeys (ConfUtils.java:logGet(43)) - raft.server.log.segment.cache.num.max = 2 (custom)
2019-08-28 09:23:28,133 [pool-472-thread-1] INFO  server.RaftServerConfigKeys (ConfUtils.java:logGet(43)) - raft.server.log.statemachine.data.sync.timeout.retry = -1 (default)
2019-08-28 09:23:28,133 [pool-483-thread-1] INFO  server.RaftServerConfigKeys (ConfUtils.java:logGet(43)) - raft.server.log.segment.cache.num.max = 2 (custom)
2019-08-28 09:23:28,133 [pool-472-thread-1] INFO  server.RaftServerConfigKeys (ConfUtils.java:logGet(43)) - raft.server.log.statemachine.data.caching.enabled = true (custom)
2019-08-28 09:23:28,133 [pool-494-thread-1] INFO  segmented.SegmentedRaftLogWorker (SegmentedRaftLogWorker.java:<init>(172)) - new da0956ba-7c1a-43bf-a8fb-6e60171b4062-SegmentedRaftLogWorker:Storage Directory /workdir/hadoop-ozone/integration-test/target/test-dir/MiniOzoneClusterImpl-4cacb774-3eea-4282-9e15-e206378f9ec3/datanode-5/data/ratis/a79fd952-7c2f-42b3-b017-65ee5c83e742 for RaftStorage:Storage Directory /workdir/hadoop-ozone/integration-test/target/test-dir/MiniOzoneClusterImpl-4cacb774-3eea-4282-9e15-e206378f9ec3/datanode-5/data/ratis/a79fd952-7c2f-42b3-b017-65ee5c83e742
2019-08-28 09:23:28,133 [pool-483-thread-1] INFO  segmented.SegmentedRaftLogWorker (SegmentedRaftLogWorker.java:<init>(172)) - new 017c1bfe-8ef1-45e4-8827-c462f0c7cc3d-SegmentedRaftLogWorker:Storage Directory /workdir/hadoop-ozone/integration-test/target/test-dir/MiniOzoneClusterImpl-4cacb774-3eea-4282-9e15-e206378f9ec3/datanode-4/data/ratis/a79fd952-7c2f-42b3-b017-65ee5c83e742 for RaftStorage:Storage Directory /workdir/hadoop-ozone/integration-test/target/test-dir/MiniOzoneClusterImpl-4cacb774-3eea-4282-9e15-e206378f9ec3/datanode-4/data/ratis/a79fd952-7c2f-42b3-b017-65ee5c83e742
2019-08-28 09:23:28,133 [pool-472-thread-1] INFO  segmented.SegmentedRaftLogWorker (SegmentedRaftLogWorker.java:lambda$new$0(132)) - e27b78fe-542d-4189-a93b-0fd90f2d778c-SegmentedRaftLogWorker:Storage Directory /workdir/hadoop-ozone/integration-test/target/test-dir/MiniOzoneClusterImpl-4cacb774-3eea-4282-9e15-e206378f9ec3/datanode-3/data/ratis/a79fd952-7c2f-42b3-b017-65ee5c83e742: flushIndex: setUnconditionally 0 -> -1
2019-08-28 09:23:28,133 [pool-494-thread-1] INFO  server.RaftServerConfigKeys (ConfUtils.java:logGet(43)) - raft.server.log.queue.byte-limit = 2147483647 (custom)
2019-08-28 09:23:28,133 [pool-483-thread-1] INFO  server.RaftServerConfigKeys (ConfUtils.java:logGet(43)) - raft.server.log.queue.byte-limit = 2147483647 (custom)
2019-08-28 09:23:28,134 [pool-494-thread-1] INFO  server.RaftServerConfigKeys (ConfUtils.java:logGet(43)) - raft.server.log.queue.element-limit = 1024 (custom)
2019-08-28 09:23:28,134 [pool-472-thread-1] INFO  server.RaftServerConfigKeys (ConfUtils.java:logGet(43)) - raft.server.snapshot.auto.trigger.enabled = true (custom)
2019-08-28 09:23:28,134 [pool-483-thread-1] INFO  server.RaftServerConfigKeys (ConfUtils.java:logGet(43)) - raft.server.log.queue.element-limit = 1024 (custom)
2019-08-28 09:23:28,134 [pool-472-thread-1] INFO  server.RaftServerConfigKeys (ConfUtils.java:logGet(43)) - raft.server.snapshot.auto.trigger.threshold = 10000 (custom)
2019-08-28 09:23:28,134 [pool-494-thread-1] INFO  server.RaftServerConfigKeys (ConfUtils.java:logGet(43)) - raft.server.log.segment.size.max = 1048576 (custom)
2019-08-28 09:23:28,134 [pool-472-thread-1] INFO  server.RaftServerConfigKeys (ConfUtils.java:logGet(43)) - raft.server.retrycache.expirytime = 600000ms (custom)
2019-08-28 09:23:28,134 [pool-483-thread-1] INFO  server.RaftServerConfigKeys (ConfUtils.java:logGet(43)) - raft.server.log.segment.size.max = 1048576 (custom)
2019-08-28 09:23:28,135 [pool-472-thread-1] INFO  impl.RaftServerImpl (RaftServerImpl.java:start(180)) - e27b78fe-542d-4189-a93b-0fd90f2d778c: start group-65EE5C83E742
2019-08-28 09:23:28,134 [pool-494-thread-1] INFO  server.RaftServerConfigKeys (ConfUtils.java:logGet(43)) - raft.server.log.preallocated.size = 16384 (custom)
2019-08-28 09:23:28,135 [pool-472-thread-1] INFO  impl.RaftServerImpl (RaftServerImpl.java:setRole(171)) - e27b78fe-542d-4189-a93b-0fd90f2d778c:group-65EE5C83E742 changes role from null to FOLLOWER at term 0 for startAsFollower
2019-08-28 09:23:28,135 [pool-483-thread-1] INFO  server.RaftServerConfigKeys (ConfUtils.java:logGet(43)) - raft.server.log.preallocated.size = 16384 (custom)
2019-08-28 09:23:28,135 [pool-472-thread-1] INFO  impl.RoleInfo (RoleInfo.java:updateAndGet(143)) - e27b78fe-542d-4189-a93b-0fd90f2d778c: start FollowerState
2019-08-28 09:23:28,135 [pool-494-thread-1] INFO  server.RaftServerConfigKeys (ConfUtils.java:logGet(43)) - raft.server.log.write.buffer.size = 33554432 (custom)
2019-08-28 09:23:28,135 [pool-483-thread-1] INFO  server.RaftServerConfigKeys (ConfUtils.java:logGet(43)) - raft.server.log.write.buffer.size = 33554432 (custom)
2019-08-28 09:23:28,135 [pool-494-thread-1] INFO  server.RaftServerConfigKeys (ConfUtils.java:logGet(43)) - raft.server.log.force.sync.num = 128 (default)
2019-08-28 09:23:28,135 [pool-472-thread-1] INFO  util.JmxRegister (JmxRegister.java:tryRegister(44)) - Successfully registered JMX Bean with object name Ratis:service=RaftServer,group=group-65EE5C83E742,id=e27b78fe-542d-4189-a93b-0fd90f2d778c
2019-08-28 09:23:28,135 [pool-483-thread-1] INFO  server.RaftServerConfigKeys (ConfUtils.java:logGet(43)) - raft.server.log.force.sync.num = 128 (default)
2019-08-28 09:23:28,136 [pool-494-thread-1] INFO  server.RaftServerConfigKeys (ConfUtils.java:logGet(43)) - raft.server.log.statemachine.data.sync = true (default)
2019-08-28 09:23:28,136 [pool-483-thread-1] INFO  server.RaftServerConfigKeys (ConfUtils.java:logGet(43)) - raft.server.log.statemachine.data.sync = true (default)
2019-08-28 09:23:28,136 [pool-494-thread-1] INFO  server.RaftServerConfigKeys (ConfUtils.java:logGet(43)) - raft.server.log.statemachine.data.sync.timeout = 10s (default)
2019-08-28 09:23:28,136 [pool-483-thread-1] INFO  server.RaftServerConfigKeys (ConfUtils.java:logGet(43)) - raft.server.log.statemachine.data.sync.timeout = 10s (default)
2019-08-28 09:23:28,136 [pool-494-thread-1] INFO  server.RaftServerConfigKeys (ConfUtils.java:logGet(43)) - raft.server.log.statemachine.data.sync.timeout.retry = -1 (default)
2019-08-28 09:23:28,136 [pool-483-thread-1] INFO  server.RaftServerConfigKeys (ConfUtils.java:logGet(43)) - raft.server.log.statemachine.data.sync.timeout.retry = -1 (default)
2019-08-28 09:23:28,136 [pool-494-thread-1] INFO  server.RaftServerConfigKeys (ConfUtils.java:logGet(43)) - raft.server.log.statemachine.data.caching.enabled = true (custom)
2019-08-28 09:23:28,136 [pool-483-thread-1] INFO  server.RaftServerConfigKeys (ConfUtils.java:logGet(43)) - raft.server.log.statemachine.data.caching.enabled = true (custom)
2019-08-28 09:23:28,137 [pool-494-thread-1] INFO  segmented.SegmentedRaftLogWorker (SegmentedRaftLogWorker.java:lambda$new$0(132)) - da0956ba-7c1a-43bf-a8fb-6e60171b4062-SegmentedRaftLogWorker:Storage Directory /workdir/hadoop-ozone/integration-test/target/test-dir/MiniOzoneClusterImpl-4cacb774-3eea-4282-9e15-e206378f9ec3/datanode-5/data/ratis/a79fd952-7c2f-42b3-b017-65ee5c83e742: flushIndex: setUnconditionally 0 -> -1
2019-08-28 09:23:28,137 [pool-483-thread-1] INFO  segmented.SegmentedRaftLogWorker (SegmentedRaftLogWorker.java:lambda$new$0(132)) - 017c1bfe-8ef1-45e4-8827-c462f0c7cc3d-SegmentedRaftLogWorker:Storage Directory /workdir/hadoop-ozone/integration-test/target/test-dir/MiniOzoneClusterImpl-4cacb774-3eea-4282-9e15-e206378f9ec3/datanode-4/data/ratis/a79fd952-7c2f-42b3-b017-65ee5c83e742: flushIndex: setUnconditionally 0 -> -1
2019-08-28 09:23:28,137 [pool-494-thread-1] INFO  server.RaftServerConfigKeys (ConfUtils.java:logGet(43)) - raft.server.snapshot.auto.trigger.enabled = true (custom)
2019-08-28 09:23:28,137 [pool-494-thread-1] INFO  server.RaftServerConfigKeys (ConfUtils.java:logGet(43)) - raft.server.snapshot.auto.trigger.threshold = 10000 (custom)
2019-08-28 09:23:28,140 [pool-483-thread-1] INFO  server.RaftServerConfigKeys (ConfUtils.java:logGet(43)) - raft.server.snapshot.auto.trigger.enabled = true (custom)
2019-08-28 09:23:28,140 [pool-494-thread-1] INFO  server.RaftServerConfigKeys (ConfUtils.java:logGet(43)) - raft.server.retrycache.expirytime = 600000ms (custom)
2019-08-28 09:23:28,140 [pool-483-thread-1] INFO  server.RaftServerConfigKeys (ConfUtils.java:logGet(43)) - raft.server.snapshot.auto.trigger.threshold = 10000 (custom)
2019-08-28 09:23:28,140 [pool-494-thread-1] INFO  impl.RaftServerImpl (RaftServerImpl.java:start(180)) - da0956ba-7c1a-43bf-a8fb-6e60171b4062: start group-65EE5C83E742
2019-08-28 09:23:28,140 [pool-483-thread-1] INFO  server.RaftServerConfigKeys (ConfUtils.java:logGet(43)) - raft.server.retrycache.expirytime = 600000ms (custom)
2019-08-28 09:23:28,140 [pool-494-thread-1] INFO  impl.RaftServerImpl (RaftServerImpl.java:setRole(171)) - da0956ba-7c1a-43bf-a8fb-6e60171b4062:group-65EE5C83E742 changes role from null to FOLLOWER at term 0 for startAsFollower
2019-08-28 09:23:28,140 [pool-483-thread-1] INFO  impl.RaftServerImpl (RaftServerImpl.java:start(180)) - 017c1bfe-8ef1-45e4-8827-c462f0c7cc3d: start group-65EE5C83E742
2019-08-28 09:23:28,140 [pool-494-thread-1] INFO  impl.RoleInfo (RoleInfo.java:updateAndGet(143)) - da0956ba-7c1a-43bf-a8fb-6e60171b4062: start FollowerState
2019-08-28 09:23:28,141 [pool-483-thread-1] INFO  impl.RaftServerImpl (RaftServerImpl.java:setRole(171)) - 017c1bfe-8ef1-45e4-8827-c462f0c7cc3d:group-65EE5C83E742 changes role from null to FOLLOWER at term 0 for startAsFollower
2019-08-28 09:23:28,141 [pool-483-thread-1] INFO  impl.RoleInfo (RoleInfo.java:updateAndGet(143)) - 017c1bfe-8ef1-45e4-8827-c462f0c7cc3d: start FollowerState
2019-08-28 09:23:28,141 [pool-494-thread-1] INFO  util.JmxRegister (JmxRegister.java:tryRegister(44)) - Successfully registered JMX Bean with object name Ratis:service=RaftServer,group=group-65EE5C83E742,id=da0956ba-7c1a-43bf-a8fb-6e60171b4062
2019-08-28 09:23:28,141 [pool-483-thread-1] INFO  util.JmxRegister (JmxRegister.java:tryRegister(44)) - Successfully registered JMX Bean with object name Ratis:service=RaftServer,group=group-65EE5C83E742,id=017c1bfe-8ef1-45e4-8827-c462f0c7cc3d
2019-08-28 09:23:28,148 [RatisPipelineUtilsThread] INFO  pipeline.PipelineStateManager (PipelineStateManager.java:addPipeline(56)) - Created pipeline Pipeline[ Id: a79fd952-7c2f-42b3-b017-65ee5c83e742, Nodes: e27b78fe-542d-4189-a93b-0fd90f2d778c{ip: 192.168.69.108, host: pr-hdds-1094-85qxc-974882988, networkLocation: /default-rack, certSerialId: null}da0956ba-7c1a-43bf-a8fb-6e60171b4062{ip: 192.168.69.108, host: pr-hdds-1094-85qxc-974882988, networkLocation: /default-rack, certSerialId: null}017c1bfe-8ef1-45e4-8827-c462f0c7cc3d{ip: 192.168.69.108, host: pr-hdds-1094-85qxc-974882988, networkLocation: /default-rack, certSerialId: null}, Type:RATIS, Factor:THREE, State:OPEN]
2019-08-28 09:23:28,290 [main] INFO  ozone.MiniOzoneClusterImpl (MiniOzoneClusterImpl.java:lambda$waitForClusterToBeReady$0(142)) - Waiting for cluster to be ready. Got 6 of 7 DN Heartbeats.
2019-08-28 09:23:28,292 [IPC Server handler 1 on 46584] INFO  net.NetworkTopology (NetworkTopologyImpl.java:add(110)) - Added a new node: /default-rack/30d18fd4-258c-4095-afd7-e4002ec9de67
2019-08-28 09:23:28,292 [IPC Server handler 1 on 46584] INFO  node.SCMNodeManager (SCMNodeManager.java:register(273)) - Registered Data node : 30d18fd4-258c-4095-afd7-e4002ec9de67{ip: 192.168.69.108, host: pr-hdds-1094-85qxc-974882988, networkLocation: /default-rack, certSerialId: null}
2019-08-28 09:23:28,292 | INFO  | SCMAudit | user=jenkins1000 | ip=192.168.69.108 | op=REGISTER {datanodeDetails=30d18fd4-258c-4095-afd7-e4002ec9de67{ip: 192.168.69.108, host: pr-hdds-1094-85qxc-974882988, networkLocation: /default-rack, certSerialId: null}} | ret=SUCCESS |  
2019-08-28 09:23:28,299 [grpc-default-executor-10] INFO  impl.RaftServerProxy (RaftServerProxy.java:addNew(89)) - 30d18fd4-258c-4095-afd7-e4002ec9de67: addNew group-F8B30A31675D:[30d18fd4-258c-4095-afd7-e4002ec9de67:192.168.69.108:39030] returns group-F8B30A31675D:java.util.concurrent.CompletableFuture@8fa2bfc[Not completed]
2019-08-28 09:23:28,301 [pool-505-thread-1] INFO  impl.RaftServerImpl (RaftServerImpl.java:<init>(93)) - 30d18fd4-258c-4095-afd7-e4002ec9de67: new RaftServerImpl for group-F8B30A31675D:[30d18fd4-258c-4095-afd7-e4002ec9de67:192.168.69.108:39030] with ContainerStateMachine:uninitialized
2019-08-28 09:23:28,301 [pool-505-thread-1] INFO  server.RaftServerConfigKeys (ConfUtils.java:logGet(43)) - raft.server.rpc.timeout.min = 5s (custom)
2019-08-28 09:23:28,301 [pool-505-thread-1] INFO  server.RaftServerConfigKeys (ConfUtils.java:logGet(43)) - raft.server.rpc.timeout.max = 5200ms (custom)
2019-08-28 09:23:28,301 [pool-505-thread-1] INFO  server.RaftServerConfigKeys (ConfUtils.java:logGet(43)) - raft.server.rpcslowness.timeout = 120s (custom)
2019-08-28 09:23:28,301 [pool-505-thread-1] INFO  server.RaftServerConfigKeys (ConfUtils.java:logGet(43)) - raft.server.sleep.deviation.threshold = 300 (default)
2019-08-28 09:23:28,301 [pool-505-thread-1] INFO  server.RaftServerConfigKeys (ConfUtils.java:logGet(43)) - raft.server.log.appender.install.snapshot.enabled = false (custom)
2019-08-28 09:23:28,302 [pool-505-thread-1] INFO  impl.RaftServerImpl (ServerState.java:<init>(105)) - 30d18fd4-258c-4095-afd7-e4002ec9de67:group-F8B30A31675D ConfigurationManager, init=-1: [30d18fd4-258c-4095-afd7-e4002ec9de67:192.168.69.108:39030], old=null, confs=<EMPTY_MAP>
2019-08-28 09:23:28,302 [pool-505-thread-1] INFO  server.RaftServerConfigKeys (ConfUtils.java:logGet(43)) - raft.server.storage.dir = [/workdir/hadoop-ozone/integration-test/target/test-dir/MiniOzoneClusterImpl-4cacb774-3eea-4282-9e15-e206378f9ec3/datanode-6/data/ratis] (custom)
2019-08-28 09:23:28,302 [pool-505-thread-1] INFO  storage.RaftStorageDirectory (RaftStorageDirectory.java:analyzeStorage(246)) - The storage directory /workdir/hadoop-ozone/integration-test/target/test-dir/MiniOzoneClusterImpl-4cacb774-3eea-4282-9e15-e206378f9ec3/datanode-6/data/ratis/7754d697-38a7-4546-8bad-f8b30a31675d does not exist. Creating ...
2019-08-28 09:23:28,315 [pool-505-thread-1] INFO  storage.RaftStorageDirectory (RaftStorageDirectory.java:tryLock(328)) - Lock on /workdir/hadoop-ozone/integration-test/target/test-dir/MiniOzoneClusterImpl-4cacb774-3eea-4282-9e15-e206378f9ec3/datanode-6/data/ratis/7754d697-38a7-4546-8bad-f8b30a31675d/in_use.lock acquired by nodename 17002@pr-hdds-1094-85qxc-974882988
2019-08-28 09:23:28,350 [pool-505-thread-1] INFO  storage.RaftStorage (RaftStorage.java:format(72)) - Storage directory /workdir/hadoop-ozone/integration-test/target/test-dir/MiniOzoneClusterImpl-4cacb774-3eea-4282-9e15-e206378f9ec3/datanode-6/data/ratis/7754d697-38a7-4546-8bad-f8b30a31675d has been successfully formatted.
2019-08-28 09:23:28,350 [pool-505-thread-1] INFO  ratis.ContainerStateMachine (ContainerStateMachine.java:loadSnapshot(227)) - group-F8B30A31675D: The snapshot info is null. Setting the last applied indexto:(t:0, i:~)
2019-08-28 09:23:28,350 [pool-505-thread-1] INFO  server.RaftServerConfigKeys (ConfUtils.java:logGet(43)) - raft.server.leader.election.timeout = 120s (custom)
2019-08-28 09:23:28,350 [pool-505-thread-1] INFO  server.RaftServerConfigKeys (ConfUtils.java:logGet(43)) - raft.server.log.use.memory = false (default)
2019-08-28 09:23:28,351 [pool-505-thread-1] INFO  server.RaftServerConfigKeys (ConfUtils.java:logGet(43)) - raft.server.log.purge.gap = 1000000 (custom)
2019-08-28 09:23:28,351 [pool-505-thread-1] INFO  server.RaftServerConfigKeys (ConfUtils.java:logGet(43)) - raft.server.log.appender.buffer.byte-limit = 33554432 (custom)
2019-08-28 09:23:28,351 [pool-505-thread-1] INFO  server.RaftServerConfigKeys (ConfUtils.java:logGet(43)) - raft.server.log.segment.size.max = 1048576 (custom)
2019-08-28 09:23:28,351 [pool-505-thread-1] INFO  server.RaftServerConfigKeys (ConfUtils.java:logGet(43)) - raft.server.log.segment.cache.num.max = 2 (custom)
2019-08-28 09:23:28,351 [pool-505-thread-1] INFO  segmented.SegmentedRaftLogWorker (SegmentedRaftLogWorker.java:<init>(172)) - new 30d18fd4-258c-4095-afd7-e4002ec9de67-SegmentedRaftLogWorker:Storage Directory /workdir/hadoop-ozone/integration-test/target/test-dir/MiniOzoneClusterImpl-4cacb774-3eea-4282-9e15-e206378f9ec3/datanode-6/data/ratis/7754d697-38a7-4546-8bad-f8b30a31675d for RaftStorage:Storage Directory /workdir/hadoop-ozone/integration-test/target/test-dir/MiniOzoneClusterImpl-4cacb774-3eea-4282-9e15-e206378f9ec3/datanode-6/data/ratis/7754d697-38a7-4546-8bad-f8b30a31675d
2019-08-28 09:23:28,351 [pool-505-thread-1] INFO  server.RaftServerConfigKeys (ConfUtils.java:logGet(43)) - raft.server.log.queue.byte-limit = 2147483647 (custom)
2019-08-28 09:23:28,352 [pool-505-thread-1] INFO  server.RaftServerConfigKeys (ConfUtils.java:logGet(43)) - raft.server.log.queue.element-limit = 1024 (custom)
2019-08-28 09:23:28,352 [pool-505-thread-1] INFO  server.RaftServerConfigKeys (ConfUtils.java:logGet(43)) - raft.server.log.segment.size.max = 1048576 (custom)
2019-08-28 09:23:28,352 [pool-505-thread-1] INFO  server.RaftServerConfigKeys (ConfUtils.java:logGet(43)) - raft.server.log.preallocated.size = 16384 (custom)
2019-08-28 09:23:28,352 [pool-505-thread-1] INFO  server.RaftServerConfigKeys (ConfUtils.java:logGet(43)) - raft.server.log.write.buffer.size = 33554432 (custom)
2019-08-28 09:23:28,352 [pool-505-thread-1] INFO  server.RaftServerConfigKeys (ConfUtils.java:logGet(43)) - raft.server.log.force.sync.num = 128 (default)
2019-08-28 09:23:28,353 [pool-505-thread-1] INFO  server.RaftServerConfigKeys (ConfUtils.java:logGet(43)) - raft.server.log.statemachine.data.sync = true (default)
2019-08-28 09:23:28,353 [pool-505-thread-1] INFO  server.RaftServerConfigKeys (ConfUtils.java:logGet(43)) - raft.server.log.statemachine.data.sync.timeout = 10s (default)
2019-08-28 09:23:28,353 [pool-505-thread-1] INFO  server.RaftServerConfigKeys (ConfUtils.java:logGet(43)) - raft.server.log.statemachine.data.sync.timeout.retry = -1 (default)
2019-08-28 09:23:28,353 [pool-505-thread-1] INFO  server.RaftServerConfigKeys (ConfUtils.java:logGet(43)) - raft.server.log.statemachine.data.caching.enabled = true (custom)
2019-08-28 09:23:28,354 [pool-505-thread-1] INFO  segmented.SegmentedRaftLogWorker (SegmentedRaftLogWorker.java:lambda$new$0(132)) - 30d18fd4-258c-4095-afd7-e4002ec9de67-SegmentedRaftLogWorker:Storage Directory /workdir/hadoop-ozone/integration-test/target/test-dir/MiniOzoneClusterImpl-4cacb774-3eea-4282-9e15-e206378f9ec3/datanode-6/data/ratis/7754d697-38a7-4546-8bad-f8b30a31675d: flushIndex: setUnconditionally 0 -> -1
2019-08-28 09:23:28,354 [pool-505-thread-1] INFO  server.RaftServerConfigKeys (ConfUtils.java:logGet(43)) - raft.server.snapshot.auto.trigger.enabled = true (custom)
2019-08-28 09:23:28,354 [pool-505-thread-1] INFO  server.RaftServerConfigKeys (ConfUtils.java:logGet(43)) - raft.server.snapshot.auto.trigger.threshold = 10000 (custom)
2019-08-28 09:23:28,354 [pool-505-thread-1] INFO  server.RaftServerConfigKeys (ConfUtils.java:logGet(43)) - raft.server.retrycache.expirytime = 600000ms (custom)
2019-08-28 09:23:28,355 [pool-505-thread-1] INFO  impl.RaftServerImpl (RaftServerImpl.java:start(180)) - 30d18fd4-258c-4095-afd7-e4002ec9de67: start group-F8B30A31675D
2019-08-28 09:23:28,355 [pool-505-thread-1] INFO  impl.RaftServerImpl (RaftServerImpl.java:setRole(171)) - 30d18fd4-258c-4095-afd7-e4002ec9de67:group-F8B30A31675D changes role from null to FOLLOWER at term 0 for startAsFollower
2019-08-28 09:23:28,355 [pool-505-thread-1] INFO  impl.RoleInfo (RoleInfo.java:updateAndGet(143)) - 30d18fd4-258c-4095-afd7-e4002ec9de67: start FollowerState
2019-08-28 09:23:28,355 [pool-505-thread-1] INFO  util.JmxRegister (JmxRegister.java:tryRegister(44)) - Successfully registered JMX Bean with object name Ratis:service=RaftServer,group=group-F8B30A31675D,id=30d18fd4-258c-4095-afd7-e4002ec9de67
2019-08-28 09:23:28,360 [RatisPipelineUtilsThread] INFO  pipeline.PipelineStateManager (PipelineStateManager.java:addPipeline(56)) - Created pipeline Pipeline[ Id: 7754d697-38a7-4546-8bad-f8b30a31675d, Nodes: 30d18fd4-258c-4095-afd7-e4002ec9de67{ip: 192.168.69.108, host: pr-hdds-1094-85qxc-974882988, networkLocation: /default-rack, certSerialId: null}, Type:RATIS, Factor:ONE, State:OPEN]
2019-08-28 09:23:28,547 | INFO  | SCMAudit | user=jenkins1000 | ip=192.168.69.108 | op=SEND_HEARTBEAT {datanodeUUID=4c101d29-ab5d-4405-8c94-5188adf0a1db, command=[]} | ret=SUCCESS |  
2019-08-28 09:23:29,133 | INFO  | SCMAudit | user=jenkins1000 | ip=192.168.69.108 | op=SEND_HEARTBEAT {datanodeUUID=ad0778d6-c482-4acd-9633-82ac923362d1, command=[]} | ret=SUCCESS |  
2019-08-28 09:23:29,291 [main] INFO  ozone.MiniOzoneClusterImpl (MiniOzoneClusterImpl.java:lambda$waitForClusterToBeReady$0(142)) - Cluster is ready. Got 7 of 7 DN Heartbeats.
2019-08-28 09:23:29,333 [main] INFO  rpc.RpcClient (RpcClient.java:createVolume(293)) - Creating Volume: testblockoutputstream, with jenkins1000 as owner.
2019-08-28 09:23:29,336 | INFO  | OMAudit | user=jenkins1000 | ip=127.0.0.1 | op=CREATE_VOLUME {admin=jenkins1000, owner=jenkins1000, volume=testblockoutputstream, creationTime=1566984209335, quotaInBytes=1152921504606846976} | ret=SUCCESS |  
2019-08-28 09:23:29,348 | INFO  | OMAudit | user=jenkins1000 | ip=127.0.0.1 | op=READ_VOLUME {volume=testblockoutputstream} | ret=SUCCESS |  
2019-08-28 09:23:29,349 [main] INFO  rpc.RpcClient (RpcClient.java:createBucket(432)) - Creating Bucket: testblockoutputstream/testblockoutputstream, with Versioning false and Storage Type set to DISK and Encryption set to false 
2019-08-28 09:23:29,353 | INFO  | OMAudit | user=jenkins1000 | ip=127.0.0.1 | op=CREATE_BUCKET {volume=testblockoutputstream, bucket=testblockoutputstream, acls=[user:jenkins1000:a[ACCESS], group:default:a[ACCESS]], isVersionEnabled=false, storageType=DISK, creationTime=0} | ret=SUCCESS |  
2019-08-28 09:23:29,355 | INFO  | OMAudit | user=jenkins1000 | ip=127.0.0.1 | op=READ_VOLUME {volume=testblockoutputstream} | ret=SUCCESS |  
2019-08-28 09:23:29,356 | INFO  | OMAudit | user=jenkins1000 | ip=127.0.0.1 | op=READ_BUCKET {volume=testblockoutputstream, bucket=testblockoutputstream} | ret=SUCCESS |  
2019-08-28 09:23:29,361 | INFO  | SCMAudit | user=jenkins1000 | ip=192.168.69.108 | op=ALLOCATE_BLOCK {owner=1c6879a1-61e5-493f-921e-6fea70943c70, size=800, type=RATIS, factor=THREE} | ret=SUCCESS |  
2019-08-28 09:23:29,365 | INFO  | OMAudit | user=jenkins1000 | ip=127.0.0.1 | op=ALLOCATE_KEY {volume=testblockoutputstream, bucket=testblockoutputstream, key=60cf33a9-a4b7-49c2-930d-328a47021c69, dataSize=0, replicationType=RATIS, replicationFactor=THREE, keyLocationInfo=null} | ret=SUCCESS |  
2019-08-28 09:23:29,366 | INFO  | SCMAudit | user=jenkins1000 | ip=192.168.69.108 | op=SEND_HEARTBEAT {datanodeUUID=65fb3b38-2216-4039-8b36-ca2cf4ff56b9, command=[]} | ret=SUCCESS |  
2019-08-28 09:23:29,386 [grpc-default-executor-5] INFO  client.GrpcClientProtocolClient (GrpcClientProtocolClient.java:onNext(255)) - client-169FAED5DDD0->65fb3b38-2216-4039-8b36-ca2cf4ff56b9: receive RaftClientReply:client-169FAED5DDD0->65fb3b38-2216-4039-8b36-ca2cf4ff56b9@group-7093D4EDF2B7, cid=183, FAILED org.apache.ratis.protocol.NotLeaderException: Server 65fb3b38-2216-4039-8b36-ca2cf4ff56b9 is not the leader (null). Request must be sent to leader., logIndex=0, commits[65fb3b38-2216-4039-8b36-ca2cf4ff56b9:c-1]
2019-08-28 09:23:29,547 | INFO  | SCMAudit | user=jenkins1000 | ip=192.168.69.108 | op=SEND_HEARTBEAT {datanodeUUID=4c101d29-ab5d-4405-8c94-5188adf0a1db, command=[]} | ret=SUCCESS |  
2019-08-28 09:23:29,557 [Thread-3535] INFO  container.ReplicationManager (ReplicationManager.java:start(152)) - Starting Replication Monitor Thread.
2019-08-28 09:23:29,562 [ReplicationMonitor] INFO  container.ReplicationManager (ReplicationManager.java:run(215)) - Replication Monitor Thread took 0 milliseconds for processing 1 containers.
2019-08-28 09:23:29,562 | INFO  | SCMAudit | user=jenkins1000 | ip=192.168.69.108 | op=SEND_HEARTBEAT {datanodeUUID=e27b78fe-542d-4189-a93b-0fd90f2d778c, command=[]} | ret=SUCCESS |  
2019-08-28 09:23:29,782 | INFO  | SCMAudit | user=jenkins1000 | ip=192.168.69.108 | op=SEND_HEARTBEAT {datanodeUUID=017c1bfe-8ef1-45e4-8827-c462f0c7cc3d, command=[]} | ret=SUCCESS |  
2019-08-28 09:23:30,030 | INFO  | SCMAudit | user=jenkins1000 | ip=192.168.69.108 | op=SEND_HEARTBEAT {datanodeUUID=da0956ba-7c1a-43bf-a8fb-6e60171b4062, command=[]} | ret=SUCCESS |  
2019-08-28 09:23:30,133 | INFO  | SCMAudit | user=jenkins1000 | ip=192.168.69.108 | op=SEND_HEARTBEAT {datanodeUUID=ad0778d6-c482-4acd-9633-82ac923362d1, command=[]} | ret=SUCCESS |  
2019-08-28 09:23:30,292 | INFO  | SCMAudit | user=jenkins1000 | ip=192.168.69.108 | op=SEND_HEARTBEAT {datanodeUUID=30d18fd4-258c-4095-afd7-e4002ec9de67, command=[]} | ret=SUCCESS |  
2019-08-28 09:23:30,366 | INFO  | SCMAudit | user=jenkins1000 | ip=192.168.69.108 | op=SEND_HEARTBEAT {datanodeUUID=65fb3b38-2216-4039-8b36-ca2cf4ff56b9, command=[]} | ret=SUCCESS |  
2019-08-28 09:23:30,403 [grpc-default-executor-10] INFO  client.GrpcClientProtocolClient (GrpcClientProtocolClient.java:onNext(255)) - client-169FAED5DDD0->ad0778d6-c482-4acd-9633-82ac923362d1: receive RaftClientReply:client-169FAED5DDD0->ad0778d6-c482-4acd-9633-82ac923362d1@group-7093D4EDF2B7, cid=183, FAILED org.apache.ratis.protocol.NotLeaderException: Server ad0778d6-c482-4acd-9633-82ac923362d1 is not the leader (null). Request must be sent to leader., logIndex=0, commits[ad0778d6-c482-4acd-9633-82ac923362d1:c-1]
2019-08-28 09:23:30,548 | INFO  | SCMAudit | user=jenkins1000 | ip=192.168.69.108 | op=SEND_HEARTBEAT {datanodeUUID=4c101d29-ab5d-4405-8c94-5188adf0a1db, command=[]} | ret=SUCCESS |  
2019-08-28 09:23:30,563 | INFO  | SCMAudit | user=jenkins1000 | ip=192.168.69.108 | op=SEND_HEARTBEAT {datanodeUUID=e27b78fe-542d-4189-a93b-0fd90f2d778c, command=[]} | ret=SUCCESS |  
2019-08-28 09:23:30,782 | INFO  | SCMAudit | user=jenkins1000 | ip=192.168.69.108 | op=SEND_HEARTBEAT {datanodeUUID=017c1bfe-8ef1-45e4-8827-c462f0c7cc3d, command=[]} | ret=SUCCESS |  
2019-08-28 09:23:31,030 | INFO  | SCMAudit | user=jenkins1000 | ip=192.168.69.108 | op=SEND_HEARTBEAT {datanodeUUID=da0956ba-7c1a-43bf-a8fb-6e60171b4062, command=[]} | ret=SUCCESS |  
2019-08-28 09:23:31,133 | INFO  | SCMAudit | user=jenkins1000 | ip=192.168.69.108 | op=SEND_HEARTBEAT {datanodeUUID=ad0778d6-c482-4acd-9633-82ac923362d1, command=[]} | ret=SUCCESS |  
2019-08-28 09:23:31,292 | INFO  | SCMAudit | user=jenkins1000 | ip=192.168.69.108 | op=SEND_HEARTBEAT {datanodeUUID=30d18fd4-258c-4095-afd7-e4002ec9de67, command=[]} | ret=SUCCESS |  
2019-08-28 09:23:31,368 | INFO  | SCMAudit | user=jenkins1000 | ip=192.168.69.108 | op=SEND_HEARTBEAT {datanodeUUID=65fb3b38-2216-4039-8b36-ca2cf4ff56b9, command=[]} | ret=SUCCESS |  
2019-08-28 09:23:31,419 [grpc-default-executor-10] INFO  client.GrpcClientProtocolClient (GrpcClientProtocolClient.java:onNext(255)) - client-169FAED5DDD0->4c101d29-ab5d-4405-8c94-5188adf0a1db: receive RaftClientReply:client-169FAED5DDD0->4c101d29-ab5d-4405-8c94-5188adf0a1db@group-7093D4EDF2B7, cid=183, FAILED org.apache.ratis.protocol.NotLeaderException: Server 4c101d29-ab5d-4405-8c94-5188adf0a1db is not the leader (null). Request must be sent to leader., logIndex=0, commits[4c101d29-ab5d-4405-8c94-5188adf0a1db:c-1]
2019-08-28 09:23:31,548 | INFO  | SCMAudit | user=jenkins1000 | ip=192.168.69.108 | op=SEND_HEARTBEAT {datanodeUUID=4c101d29-ab5d-4405-8c94-5188adf0a1db, command=[]} | ret=SUCCESS |  
2019-08-28 09:23:31,562 | INFO  | SCMAudit | user=jenkins1000 | ip=192.168.69.108 | op=SEND_HEARTBEAT {datanodeUUID=e27b78fe-542d-4189-a93b-0fd90f2d778c, command=[]} | ret=SUCCESS |  
2019-08-28 09:23:31,697 [Thread-3537] INFO  impl.FollowerState (FollowerState.java:run(106)) - 4c101d29-ab5d-4405-8c94-5188adf0a1db:group-4F7B46D62857 changes to CANDIDATE, lastRpcTime:5078, electionTimeout:5078ms
2019-08-28 09:23:31,697 [Thread-3537] INFO  impl.RoleInfo (RoleInfo.java:shutdownFollowerState(121)) - 4c101d29-ab5d-4405-8c94-5188adf0a1db: shutdown FollowerState
2019-08-28 09:23:31,697 [Thread-3537] INFO  impl.RaftServerImpl (RaftServerImpl.java:setRole(171)) - 4c101d29-ab5d-4405-8c94-5188adf0a1db:group-4F7B46D62857 changes role from FOLLOWER to CANDIDATE at term 0 for changeToCandidate
2019-08-28 09:23:31,698 [Thread-3537] INFO  impl.RoleInfo (RoleInfo.java:updateAndGet(143)) - 4c101d29-ab5d-4405-8c94-5188adf0a1db: start LeaderElection
2019-08-28 09:23:31,725 [4c101d29-ab5d-4405-8c94-5188adf0a1db:group-4F7B46D62857:LeaderElection68] INFO  impl.LeaderElection (LeaderElection.java:askForVotes(181)) - 4c101d29-ab5d-4405-8c94-5188adf0a1db:group-4F7B46D62857:LeaderElection68: begin an election at term 1 for -1: [4c101d29-ab5d-4405-8c94-5188adf0a1db:192.168.69.108:38927], old=null
2019-08-28 09:23:31,725 [4c101d29-ab5d-4405-8c94-5188adf0a1db:group-4F7B46D62857:LeaderElection68] INFO  impl.RoleInfo (RoleInfo.java:shutdownLeaderElection(134)) - 4c101d29-ab5d-4405-8c94-5188adf0a1db: shutdown LeaderElection
2019-08-28 09:23:31,725 [4c101d29-ab5d-4405-8c94-5188adf0a1db:group-4F7B46D62857:LeaderElection68] INFO  impl.RaftServerImpl (RaftServerImpl.java:setRole(171)) - 4c101d29-ab5d-4405-8c94-5188adf0a1db:group-4F7B46D62857 changes role from CANDIDATE to LEADER at term 1 for changeToLeader
2019-08-28 09:23:31,725 [4c101d29-ab5d-4405-8c94-5188adf0a1db:group-4F7B46D62857:LeaderElection68] INFO  impl.RaftServerImpl (ServerState.java:setLeader(263)) - 4c101d29-ab5d-4405-8c94-5188adf0a1db:group-4F7B46D62857 change Leader from null to 4c101d29-ab5d-4405-8c94-5188adf0a1db at term 1 for becomeLeader, leader elected after 5112ms
2019-08-28 09:23:31,725 [4c101d29-ab5d-4405-8c94-5188adf0a1db:group-4F7B46D62857:LeaderElection68] INFO  server.RaftServerConfigKeys (ConfUtils.java:logGet(43)) - raft.server.staging.catchup.gap = 1000 (default)
2019-08-28 09:23:31,726 [4c101d29-ab5d-4405-8c94-5188adf0a1db:group-4F7B46D62857:LeaderElection68] INFO  server.RaftServerConfigKeys (ConfUtils.java:logGet(43)) - raft.server.rpc.sleep.time = 25ms (default)
2019-08-28 09:23:31,726 [4c101d29-ab5d-4405-8c94-5188adf0a1db:group-4F7B46D62857:LeaderElection68] INFO  server.RaftServerConfigKeys (ConfUtils.java:logGet(43)) - raft.server.write.element-limit = 4096 (default)
2019-08-28 09:23:31,726 [4c101d29-ab5d-4405-8c94-5188adf0a1db:group-4F7B46D62857:LeaderElection68] INFO  server.RaftServerConfigKeys (ConfUtils.java:logGet(43)) - raft.server.watch.timeout = 10s (default)
2019-08-28 09:23:31,726 [4c101d29-ab5d-4405-8c94-5188adf0a1db:group-4F7B46D62857:LeaderElection68] INFO  server.RaftServerConfigKeys (ConfUtils.java:logGet(43)) - raft.server.watch.timeout.denomination = 1s (default)
2019-08-28 09:23:31,726 [4c101d29-ab5d-4405-8c94-5188adf0a1db:group-4F7B46D62857:LeaderElection68] INFO  server.RaftServerConfigKeys (ConfUtils.java:logGet(43)) - raft.server.watch.element-limit = 65536 (default)
2019-08-28 09:23:31,727 [4c101d29-ab5d-4405-8c94-5188adf0a1db:group-4F7B46D62857:LeaderElection68] INFO  impl.RoleInfo (RoleInfo.java:updateAndGet(143)) - 4c101d29-ab5d-4405-8c94-5188adf0a1db: start LeaderState
2019-08-28 09:23:31,727 [4c101d29-ab5d-4405-8c94-5188adf0a1db:group-4F7B46D62857:LeaderElection68] INFO  segmented.SegmentedRaftLogWorker (SegmentedRaftLogWorker.java:startLogSegment(380)) - 4c101d29-ab5d-4405-8c94-5188adf0a1db-SegmentedRaftLogWorker:Storage Directory /workdir/hadoop-ozone/integration-test/target/test-dir/MiniOzoneClusterImpl-4cacb774-3eea-4282-9e15-e206378f9ec3/datanode-0/data/ratis/fc898743-33ce-4b5a-ba60-4f7b46d62857: Starting segment from index:0
2019-08-28 09:23:31,728 [4c101d29-ab5d-4405-8c94-5188adf0a1db:group-4F7B46D62857:LeaderElection68] INFO  impl.RaftServerImpl (ServerState.java:setRaftConf(361)) - 4c101d29-ab5d-4405-8c94-5188adf0a1db:group-4F7B46D62857 set configuration 0: [4c101d29-ab5d-4405-8c94-5188adf0a1db:192.168.69.108:38927], old=null at 0
2019-08-28 09:23:31,770 [4c101d29-ab5d-4405-8c94-5188adf0a1db-SegmentedRaftLogWorker:Storage Directory /workdir/hadoop-ozone/integration-test/target/test-dir/MiniOzoneClusterImpl-4cacb774-3eea-4282-9e15-e206378f9ec3/datanode-0/data/ratis/fc898743-33ce-4b5a-ba60-4f7b46d62857] INFO  segmented.SegmentedRaftLogWorker (SegmentedRaftLogWorker.java:execute(569)) - 4c101d29-ab5d-4405-8c94-5188adf0a1db-SegmentedRaftLogWorker:Storage Directory /workdir/hadoop-ozone/integration-test/target/test-dir/MiniOzoneClusterImpl-4cacb774-3eea-4282-9e15-e206378f9ec3/datanode-0/data/ratis/fc898743-33ce-4b5a-ba60-4f7b46d62857: created new log segment /workdir/hadoop-ozone/integration-test/target/test-dir/MiniOzoneClusterImpl-4cacb774-3eea-4282-9e15-e206378f9ec3/datanode-0/data/ratis/fc898743-33ce-4b5a-ba60-4f7b46d62857/current/log_inprogress_0
2019-08-28 09:23:31,782 | INFO  | SCMAudit | user=jenkins1000 | ip=192.168.69.108 | op=SEND_HEARTBEAT {datanodeUUID=017c1bfe-8ef1-45e4-8827-c462f0c7cc3d, command=[]} | ret=SUCCESS |  
2019-08-28 09:23:32,031 | INFO  | SCMAudit | user=jenkins1000 | ip=192.168.69.108 | op=SEND_HEARTBEAT {datanodeUUID=da0956ba-7c1a-43bf-a8fb-6e60171b4062, command=[]} | ret=SUCCESS |  
2019-08-28 09:23:32,133 | INFO  | SCMAudit | user=jenkins1000 | ip=192.168.69.108 | op=SEND_HEARTBEAT {datanodeUUID=ad0778d6-c482-4acd-9633-82ac923362d1, command=[]} | ret=SUCCESS |  
2019-08-28 09:23:32,287 [Thread-3540] INFO  impl.FollowerState (FollowerState.java:run(106)) - ad0778d6-c482-4acd-9633-82ac923362d1:group-3AEBEC27C5C7 changes to CANDIDATE, lastRpcTime:5106, electionTimeout:5106ms
2019-08-28 09:23:32,287 [Thread-3540] INFO  impl.RoleInfo (RoleInfo.java:shutdownFollowerState(121)) - ad0778d6-c482-4acd-9633-82ac923362d1: shutdown FollowerState
2019-08-28 09:23:32,288 [Thread-3540] INFO  impl.RaftServerImpl (RaftServerImpl.java:setRole(171)) - ad0778d6-c482-4acd-9633-82ac923362d1:group-3AEBEC27C5C7 changes role from FOLLOWER to CANDIDATE at term 0 for changeToCandidate
2019-08-28 09:23:32,288 [Thread-3540] INFO  impl.RoleInfo (RoleInfo.java:updateAndGet(143)) - ad0778d6-c482-4acd-9633-82ac923362d1: start LeaderElection
2019-08-28 09:23:32,295 | INFO  | SCMAudit | user=jenkins1000 | ip=192.168.69.108 | op=SEND_HEARTBEAT {datanodeUUID=30d18fd4-258c-4095-afd7-e4002ec9de67, command=[]} | ret=SUCCESS |  
2019-08-28 09:23:32,309 [ad0778d6-c482-4acd-9633-82ac923362d1:group-3AEBEC27C5C7:LeaderElection69] INFO  impl.LeaderElection (LeaderElection.java:askForVotes(181)) - ad0778d6-c482-4acd-9633-82ac923362d1:group-3AEBEC27C5C7:LeaderElection69: begin an election at term 1 for -1: [ad0778d6-c482-4acd-9633-82ac923362d1:192.168.69.108:45006], old=null
2019-08-28 09:23:32,309 [ad0778d6-c482-4acd-9633-82ac923362d1:group-3AEBEC27C5C7:LeaderElection69] INFO  impl.RoleInfo (RoleInfo.java:shutdownLeaderElection(134)) - ad0778d6-c482-4acd-9633-82ac923362d1: shutdown LeaderElection
2019-08-28 09:23:32,309 [ad0778d6-c482-4acd-9633-82ac923362d1:group-3AEBEC27C5C7:LeaderElection69] INFO  impl.RaftServerImpl (RaftServerImpl.java:setRole(171)) - ad0778d6-c482-4acd-9633-82ac923362d1:group-3AEBEC27C5C7 changes role from CANDIDATE to LEADER at term 1 for changeToLeader
2019-08-28 09:23:32,309 [ad0778d6-c482-4acd-9633-82ac923362d1:group-3AEBEC27C5C7:LeaderElection69] INFO  impl.RaftServerImpl (ServerState.java:setLeader(263)) - ad0778d6-c482-4acd-9633-82ac923362d1:group-3AEBEC27C5C7 change Leader from null to ad0778d6-c482-4acd-9633-82ac923362d1 at term 1 for becomeLeader, leader elected after 5134ms
2019-08-28 09:23:32,309 [ad0778d6-c482-4acd-9633-82ac923362d1:group-3AEBEC27C5C7:LeaderElection69] INFO  server.RaftServerConfigKeys (ConfUtils.java:logGet(43)) - raft.server.staging.catchup.gap = 1000 (default)
2019-08-28 09:23:32,309 [ad0778d6-c482-4acd-9633-82ac923362d1:group-3AEBEC27C5C7:LeaderElection69] INFO  server.RaftServerConfigKeys (ConfUtils.java:logGet(43)) - raft.server.rpc.sleep.time = 25ms (default)
2019-08-28 09:23:32,310 [ad0778d6-c482-4acd-9633-82ac923362d1:group-3AEBEC27C5C7:LeaderElection69] INFO  server.RaftServerConfigKeys (ConfUtils.java:logGet(43)) - raft.server.write.element-limit = 4096 (default)
2019-08-28 09:23:32,310 [ad0778d6-c482-4acd-9633-82ac923362d1:group-3AEBEC27C5C7:LeaderElection69] INFO  server.RaftServerConfigKeys (ConfUtils.java:logGet(43)) - raft.server.watch.timeout = 10s (default)
2019-08-28 09:23:32,310 [ad0778d6-c482-4acd-9633-82ac923362d1:group-3AEBEC27C5C7:LeaderElection69] INFO  server.RaftServerConfigKeys (ConfUtils.java:logGet(43)) - raft.server.watch.timeout.denomination = 1s (default)
2019-08-28 09:23:32,310 [ad0778d6-c482-4acd-9633-82ac923362d1:group-3AEBEC27C5C7:LeaderElection69] INFO  server.RaftServerConfigKeys (ConfUtils.java:logGet(43)) - raft.server.watch.element-limit = 65536 (default)
2019-08-28 09:23:32,310 [ad0778d6-c482-4acd-9633-82ac923362d1:group-3AEBEC27C5C7:LeaderElection69] INFO  impl.RoleInfo (RoleInfo.java:updateAndGet(143)) - ad0778d6-c482-4acd-9633-82ac923362d1: start LeaderState
2019-08-28 09:23:32,311 [ad0778d6-c482-4acd-9633-82ac923362d1:group-3AEBEC27C5C7:LeaderElection69] INFO  segmented.SegmentedRaftLogWorker (SegmentedRaftLogWorker.java:startLogSegment(380)) - ad0778d6-c482-4acd-9633-82ac923362d1-SegmentedRaftLogWorker:Storage Directory /workdir/hadoop-ozone/integration-test/target/test-dir/MiniOzoneClusterImpl-4cacb774-3eea-4282-9e15-e206378f9ec3/datanode-1/data/ratis/76bb1a99-af6c-42f3-a1d6-3aebec27c5c7: Starting segment from index:0
2019-08-28 09:23:32,311 [ad0778d6-c482-4acd-9633-82ac923362d1:group-3AEBEC27C5C7:LeaderElection69] INFO  impl.RaftServerImpl (ServerState.java:setRaftConf(361)) - ad0778d6-c482-4acd-9633-82ac923362d1:group-3AEBEC27C5C7 set configuration 0: [ad0778d6-c482-4acd-9633-82ac923362d1:192.168.69.108:45006], old=null at 0
2019-08-28 09:23:32,364 [ad0778d6-c482-4acd-9633-82ac923362d1-SegmentedRaftLogWorker:Storage Directory /workdir/hadoop-ozone/integration-test/target/test-dir/MiniOzoneClusterImpl-4cacb774-3eea-4282-9e15-e206378f9ec3/datanode-1/data/ratis/76bb1a99-af6c-42f3-a1d6-3aebec27c5c7] INFO  segmented.SegmentedRaftLogWorker (SegmentedRaftLogWorker.java:execute(569)) - ad0778d6-c482-4acd-9633-82ac923362d1-SegmentedRaftLogWorker:Storage Directory /workdir/hadoop-ozone/integration-test/target/test-dir/MiniOzoneClusterImpl-4cacb774-3eea-4282-9e15-e206378f9ec3/datanode-1/data/ratis/76bb1a99-af6c-42f3-a1d6-3aebec27c5c7: created new log segment /workdir/hadoop-ozone/integration-test/target/test-dir/MiniOzoneClusterImpl-4cacb774-3eea-4282-9e15-e206378f9ec3/datanode-1/data/ratis/76bb1a99-af6c-42f3-a1d6-3aebec27c5c7/current/log_inprogress_0
2019-08-28 09:23:32,368 | INFO  | SCMAudit | user=jenkins1000 | ip=192.168.69.108 | op=SEND_HEARTBEAT {datanodeUUID=65fb3b38-2216-4039-8b36-ca2cf4ff56b9, command=[]} | ret=SUCCESS |  
2019-08-28 09:23:32,431 [grpc-default-executor-10] INFO  client.GrpcClientProtocolClient (GrpcClientProtocolClient.java:onNext(255)) - client-169FAED5DDD0->65fb3b38-2216-4039-8b36-ca2cf4ff56b9: receive RaftClientReply:client-169FAED5DDD0->65fb3b38-2216-4039-8b36-ca2cf4ff56b9@group-7093D4EDF2B7, cid=183, FAILED org.apache.ratis.protocol.NotLeaderException: Server 65fb3b38-2216-4039-8b36-ca2cf4ff56b9 is not the leader (null). Request must be sent to leader., logIndex=0, commits[65fb3b38-2216-4039-8b36-ca2cf4ff56b9:c-1]
2019-08-28 09:23:32,548 | INFO  | SCMAudit | user=jenkins1000 | ip=192.168.69.108 | op=SEND_HEARTBEAT {datanodeUUID=4c101d29-ab5d-4405-8c94-5188adf0a1db, command=[]} | ret=SUCCESS |  
2019-08-28 09:23:32,550 [Thread-3546] INFO  impl.FollowerState (FollowerState.java:run(106)) - 65fb3b38-2216-4039-8b36-ca2cf4ff56b9:group-7093D4EDF2B7 changes to CANDIDATE, lastRpcTime:5079, electionTimeout:5079ms
2019-08-28 09:23:32,550 [Thread-3546] INFO  impl.RoleInfo (RoleInfo.java:shutdownFollowerState(121)) - 65fb3b38-2216-4039-8b36-ca2cf4ff56b9: shutdown FollowerState
2019-08-28 09:23:32,551 [Thread-3546] INFO  impl.RaftServerImpl (RaftServerImpl.java:setRole(171)) - 65fb3b38-2216-4039-8b36-ca2cf4ff56b9:group-7093D4EDF2B7 changes role from FOLLOWER to CANDIDATE at term 0 for changeToCandidate
2019-08-28 09:23:32,551 [Thread-3546] INFO  impl.RoleInfo (RoleInfo.java:updateAndGet(143)) - 65fb3b38-2216-4039-8b36-ca2cf4ff56b9: start LeaderElection
2019-08-28 09:23:32,562 | INFO  | SCMAudit | user=jenkins1000 | ip=192.168.69.108 | op=SEND_HEARTBEAT {datanodeUUID=e27b78fe-542d-4189-a93b-0fd90f2d778c, command=[]} | ret=SUCCESS |  
2019-08-28 09:23:32,569 [65fb3b38-2216-4039-8b36-ca2cf4ff56b9:group-7093D4EDF2B7:LeaderElection70] INFO  impl.LeaderElection (LeaderElection.java:askForVotes(181)) - 65fb3b38-2216-4039-8b36-ca2cf4ff56b9:group-7093D4EDF2B7:LeaderElection70: begin an election at term 1 for -1: [65fb3b38-2216-4039-8b36-ca2cf4ff56b9:192.168.69.108:45850, ad0778d6-c482-4acd-9633-82ac923362d1:192.168.69.108:45006, 4c101d29-ab5d-4405-8c94-5188adf0a1db:192.168.69.108:38927], old=null
2019-08-28 09:23:32,574 [grpc-default-executor-10] INFO  impl.RaftServerImpl (RaftServerImpl.java:setRole(171)) - ad0778d6-c482-4acd-9633-82ac923362d1:group-7093D4EDF2B7 changes role from FOLLOWER to FOLLOWER at term 1 for recognizeCandidate:65fb3b38-2216-4039-8b36-ca2cf4ff56b9
2019-08-28 09:23:32,574 [grpc-default-executor-10] INFO  impl.RoleInfo (RoleInfo.java:shutdownFollowerState(121)) - ad0778d6-c482-4acd-9633-82ac923362d1: shutdown FollowerState
2019-08-28 09:23:32,574 [grpc-default-executor-5] INFO  impl.RaftServerImpl (RaftServerImpl.java:setRole(171)) - 4c101d29-ab5d-4405-8c94-5188adf0a1db:group-7093D4EDF2B7 changes role from FOLLOWER to FOLLOWER at term 1 for recognizeCandidate:65fb3b38-2216-4039-8b36-ca2cf4ff56b9
2019-08-28 09:23:32,574 [Thread-3550] INFO  impl.FollowerState (FollowerState.java:run(114)) - ad0778d6-c482-4acd-9633-82ac923362d1: FollowerState was interrupted: java.lang.InterruptedException: sleep interrupted
2019-08-28 09:23:32,574 [grpc-default-executor-10] INFO  impl.RoleInfo (RoleInfo.java:updateAndGet(143)) - ad0778d6-c482-4acd-9633-82ac923362d1: start FollowerState
2019-08-28 09:23:32,575 [grpc-default-executor-5] INFO  impl.RoleInfo (RoleInfo.java:shutdownFollowerState(121)) - 4c101d29-ab5d-4405-8c94-5188adf0a1db: shutdown FollowerState
2019-08-28 09:23:32,577 [grpc-default-executor-5] INFO  impl.RoleInfo (RoleInfo.java:updateAndGet(143)) - 4c101d29-ab5d-4405-8c94-5188adf0a1db: start FollowerState
2019-08-28 09:23:32,577 [Thread-3551] INFO  impl.FollowerState (FollowerState.java:run(114)) - 4c101d29-ab5d-4405-8c94-5188adf0a1db: FollowerState was interrupted: java.lang.InterruptedException: sleep interrupted
2019-08-28 09:23:32,588 [Thread-3543] INFO  impl.FollowerState (FollowerState.java:run(106)) - 65fb3b38-2216-4039-8b36-ca2cf4ff56b9:group-3C62DA4FBC53 changes to CANDIDATE, lastRpcTime:5177, electionTimeout:5177ms
2019-08-28 09:23:32,588 [Thread-3543] INFO  impl.RoleInfo (RoleInfo.java:shutdownFollowerState(121)) - 65fb3b38-2216-4039-8b36-ca2cf4ff56b9: shutdown FollowerState
2019-08-28 09:23:32,588 [Thread-3543] INFO  impl.RaftServerImpl (RaftServerImpl.java:setRole(171)) - 65fb3b38-2216-4039-8b36-ca2cf4ff56b9:group-3C62DA4FBC53 changes role from FOLLOWER to CANDIDATE at term 0 for changeToCandidate
2019-08-28 09:23:32,588 [Thread-3543] INFO  impl.RoleInfo (RoleInfo.java:updateAndGet(143)) - 65fb3b38-2216-4039-8b36-ca2cf4ff56b9: start LeaderElection
2019-08-28 09:23:32,597 [65fb3b38-2216-4039-8b36-ca2cf4ff56b9:group-3C62DA4FBC53:LeaderElection71] INFO  impl.LeaderElection (LeaderElection.java:askForVotes(181)) - 65fb3b38-2216-4039-8b36-ca2cf4ff56b9:group-3C62DA4FBC53:LeaderElection71: begin an election at term 1 for -1: [65fb3b38-2216-4039-8b36-ca2cf4ff56b9:192.168.69.108:45850], old=null
2019-08-28 09:23:32,597 [65fb3b38-2216-4039-8b36-ca2cf4ff56b9:group-3C62DA4FBC53:LeaderElection71] INFO  impl.RoleInfo (RoleInfo.java:shutdownLeaderElection(134)) - 65fb3b38-2216-4039-8b36-ca2cf4ff56b9: shutdown LeaderElection
2019-08-28 09:23:32,597 [65fb3b38-2216-4039-8b36-ca2cf4ff56b9:group-3C62DA4FBC53:LeaderElection71] INFO  impl.RaftServerImpl (RaftServerImpl.java:setRole(171)) - 65fb3b38-2216-4039-8b36-ca2cf4ff56b9:group-3C62DA4FBC53 changes role from CANDIDATE to LEADER at term 1 for changeToLeader
2019-08-28 09:23:32,598 [65fb3b38-2216-4039-8b36-ca2cf4ff56b9:group-3C62DA4FBC53:LeaderElection71] INFO  impl.RaftServerImpl (ServerState.java:setLeader(263)) - 65fb3b38-2216-4039-8b36-ca2cf4ff56b9:group-3C62DA4FBC53 change Leader from null to 65fb3b38-2216-4039-8b36-ca2cf4ff56b9 at term 1 for becomeLeader, leader elected after 5191ms
2019-08-28 09:23:32,598 [65fb3b38-2216-4039-8b36-ca2cf4ff56b9:group-3C62DA4FBC53:LeaderElection71] INFO  server.RaftServerConfigKeys (ConfUtils.java:logGet(43)) - raft.server.staging.catchup.gap = 1000 (default)
2019-08-28 09:23:32,598 [65fb3b38-2216-4039-8b36-ca2cf4ff56b9:group-3C62DA4FBC53:LeaderElection71] INFO  server.RaftServerConfigKeys (ConfUtils.java:logGet(43)) - raft.server.rpc.sleep.time = 25ms (default)
2019-08-28 09:23:32,602 [65fb3b38-2216-4039-8b36-ca2cf4ff56b9:group-3C62DA4FBC53:LeaderElection71] INFO  server.RaftServerConfigKeys (ConfUtils.java:logGet(43)) - raft.server.write.element-limit = 4096 (default)
2019-08-28 09:23:32,602 [65fb3b38-2216-4039-8b36-ca2cf4ff56b9:group-3C62DA4FBC53:LeaderElection71] INFO  server.RaftServerConfigKeys (ConfUtils.java:logGet(43)) - raft.server.watch.timeout = 10s (default)
2019-08-28 09:23:32,603 [65fb3b38-2216-4039-8b36-ca2cf4ff56b9:group-7093D4EDF2B7:LeaderElection70] INFO  impl.LeaderElection (LeaderElection.java:logAndReturn(56)) - 65fb3b38-2216-4039-8b36-ca2cf4ff56b9:group-7093D4EDF2B7:LeaderElection70: Election PASSED; received 1 response(s) [65fb3b38-2216-4039-8b36-ca2cf4ff56b9<-ad0778d6-c482-4acd-9633-82ac923362d1#0:OK-t1] and 0 exception(s); 65fb3b38-2216-4039-8b36-ca2cf4ff56b9:t1, leader=null, voted=65fb3b38-2216-4039-8b36-ca2cf4ff56b9, raftlog=65fb3b38-2216-4039-8b36-ca2cf4ff56b9-SegmentedRaftLog:OPENED:c-1,f-1,i0, conf=-1: [65fb3b38-2216-4039-8b36-ca2cf4ff56b9:192.168.69.108:45850, ad0778d6-c482-4acd-9633-82ac923362d1:192.168.69.108:45006, 4c101d29-ab5d-4405-8c94-5188adf0a1db:192.168.69.108:38927], old=null
2019-08-28 09:23:32,603 [65fb3b38-2216-4039-8b36-ca2cf4ff56b9:group-3C62DA4FBC53:LeaderElection71] INFO  server.RaftServerConfigKeys (ConfUtils.java:logGet(43)) - raft.server.watch.timeout.denomination = 1s (default)
2019-08-28 09:23:32,603 [65fb3b38-2216-4039-8b36-ca2cf4ff56b9:group-7093D4EDF2B7:LeaderElection70] INFO  impl.RoleInfo (RoleInfo.java:shutdownLeaderElection(134)) - 65fb3b38-2216-4039-8b36-ca2cf4ff56b9: shutdown LeaderElection
2019-08-28 09:23:32,603 [65fb3b38-2216-4039-8b36-ca2cf4ff56b9:group-3C62DA4FBC53:LeaderElection71] INFO  server.RaftServerConfigKeys (ConfUtils.java:logGet(43)) - raft.server.watch.element-limit = 65536 (default)
2019-08-28 09:23:32,603 [65fb3b38-2216-4039-8b36-ca2cf4ff56b9:group-7093D4EDF2B7:LeaderElection70] INFO  impl.RaftServerImpl (RaftServerImpl.java:setRole(171)) - 65fb3b38-2216-4039-8b36-ca2cf4ff56b9:group-7093D4EDF2B7 changes role from CANDIDATE to LEADER at term 1 for changeToLeader
2019-08-28 09:23:32,603 [65fb3b38-2216-4039-8b36-ca2cf4ff56b9:group-3C62DA4FBC53:LeaderElection71] INFO  impl.RoleInfo (RoleInfo.java:updateAndGet(143)) - 65fb3b38-2216-4039-8b36-ca2cf4ff56b9: start LeaderState
2019-08-28 09:23:32,603 [65fb3b38-2216-4039-8b36-ca2cf4ff56b9:group-7093D4EDF2B7:LeaderElection70] INFO  impl.RaftServerImpl (ServerState.java:setLeader(263)) - 65fb3b38-2216-4039-8b36-ca2cf4ff56b9:group-7093D4EDF2B7 change Leader from null to 65fb3b38-2216-4039-8b36-ca2cf4ff56b9 at term 1 for becomeLeader, leader elected after 5138ms
2019-08-28 09:23:32,603 [65fb3b38-2216-4039-8b36-ca2cf4ff56b9:group-3C62DA4FBC53:LeaderElection71] INFO  segmented.SegmentedRaftLogWorker (SegmentedRaftLogWorker.java:startLogSegment(380)) - 65fb3b38-2216-4039-8b36-ca2cf4ff56b9-SegmentedRaftLogWorker:Storage Directory /workdir/hadoop-ozone/integration-test/target/test-dir/MiniOzoneClusterImpl-4cacb774-3eea-4282-9e15-e206378f9ec3/datanode-2/data/ratis/4c7be126-7277-40f8-9e69-3c62da4fbc53: Starting segment from index:0
2019-08-28 09:23:32,603 [65fb3b38-2216-4039-8b36-ca2cf4ff56b9:group-7093D4EDF2B7:LeaderElection70] INFO  server.RaftServerConfigKeys (ConfUtils.java:logGet(43)) - raft.server.staging.catchup.gap = 1000 (default)
2019-08-28 09:23:32,604 [65fb3b38-2216-4039-8b36-ca2cf4ff56b9:group-7093D4EDF2B7:LeaderElection70] INFO  server.RaftServerConfigKeys (ConfUtils.java:logGet(43)) - raft.server.rpc.sleep.time = 25ms (default)
2019-08-28 09:23:32,604 [65fb3b38-2216-4039-8b36-ca2cf4ff56b9:group-7093D4EDF2B7:LeaderElection70] INFO  server.RaftServerConfigKeys (ConfUtils.java:logGet(43)) - raft.server.write.element-limit = 4096 (default)
2019-08-28 09:23:32,604 [65fb3b38-2216-4039-8b36-ca2cf4ff56b9:group-3C62DA4FBC53:LeaderElection71] INFO  impl.RaftServerImpl (ServerState.java:setRaftConf(361)) - 65fb3b38-2216-4039-8b36-ca2cf4ff56b9:group-3C62DA4FBC53 set configuration 0: [65fb3b38-2216-4039-8b36-ca2cf4ff56b9:192.168.69.108:45850], old=null at 0
2019-08-28 09:23:32,604 [65fb3b38-2216-4039-8b36-ca2cf4ff56b9:group-7093D4EDF2B7:LeaderElection70] INFO  server.RaftServerConfigKeys (ConfUtils.java:logGet(43)) - raft.server.watch.timeout = 10s (default)
2019-08-28 09:23:32,646 [65fb3b38-2216-4039-8b36-ca2cf4ff56b9:group-7093D4EDF2B7:LeaderElection70] INFO  server.RaftServerConfigKeys (ConfUtils.java:logGet(43)) - raft.server.watch.timeout.denomination = 1s (default)
2019-08-28 09:23:32,646 [65fb3b38-2216-4039-8b36-ca2cf4ff56b9:group-7093D4EDF2B7:LeaderElection70] INFO  server.RaftServerConfigKeys (ConfUtils.java:logGet(43)) - raft.server.watch.element-limit = 65536 (default)
2019-08-28 09:23:32,646 [65fb3b38-2216-4039-8b36-ca2cf4ff56b9:group-7093D4EDF2B7:LeaderElection70] INFO  server.RaftServerConfigKeys (ConfUtils.java:logGet(43)) - raft.server.log.appender.snapshot.chunk.size.max = 16MB (=16777216) (default)
2019-08-28 09:23:32,647 [65fb3b38-2216-4039-8b36-ca2cf4ff56b9:group-7093D4EDF2B7:LeaderElection70] INFO  server.RaftServerConfigKeys (ConfUtils.java:logGet(43)) - raft.server.log.appender.buffer.byte-limit = 33554432 (custom)
2019-08-28 09:23:32,647 [65fb3b38-2216-4039-8b36-ca2cf4ff56b9:group-7093D4EDF2B7:LeaderElection70] INFO  server.RaftServerConfigKeys (ConfUtils.java:logGet(43)) - raft.server.log.appender.buffer.element-limit = 1 (custom)
2019-08-28 09:23:32,647 [65fb3b38-2216-4039-8b36-ca2cf4ff56b9:group-7093D4EDF2B7:LeaderElection70] INFO  grpc.GrpcConfigKeys$Server (ConfUtils.java:logGet(43)) - raft.grpc.server.leader.outstanding.appends.max = 128 (default)
2019-08-28 09:23:32,647 [65fb3b38-2216-4039-8b36-ca2cf4ff56b9:group-7093D4EDF2B7:LeaderElection70] INFO  server.RaftServerConfigKeys (ConfUtils.java:logGet(43)) - raft.server.rpc.request.timeout = 3000ms (default)
2019-08-28 09:23:32,648 [65fb3b38-2216-4039-8b36-ca2cf4ff56b9:group-7093D4EDF2B7:LeaderElection70] INFO  server.RaftServerConfigKeys (ConfUtils.java:logGet(43)) - raft.server.log.appender.install.snapshot.enabled = false (custom)
2019-08-28 09:23:32,648 [65fb3b38-2216-4039-8b36-ca2cf4ff56b9:group-7093D4EDF2B7:LeaderElection70] INFO  server.RaftServerConfigKeys (ConfUtils.java:logGet(43)) - raft.server.log.appender.snapshot.chunk.size.max = 16MB (=16777216) (default)
2019-08-28 09:23:32,648 [65fb3b38-2216-4039-8b36-ca2cf4ff56b9:group-7093D4EDF2B7:LeaderElection70] INFO  server.RaftServerConfigKeys (ConfUtils.java:logGet(43)) - raft.server.log.appender.buffer.byte-limit = 33554432 (custom)
2019-08-28 09:23:32,648 [65fb3b38-2216-4039-8b36-ca2cf4ff56b9:group-7093D4EDF2B7:LeaderElection70] INFO  server.RaftServerConfigKeys (ConfUtils.java:logGet(43)) - raft.server.log.appender.buffer.element-limit = 1 (custom)
2019-08-28 09:23:32,648 [65fb3b38-2216-4039-8b36-ca2cf4ff56b9:group-7093D4EDF2B7:LeaderElection70] INFO  grpc.GrpcConfigKeys$Server (ConfUtils.java:logGet(43)) - raft.grpc.server.leader.outstanding.appends.max = 128 (default)
2019-08-28 09:23:32,649 [65fb3b38-2216-4039-8b36-ca2cf4ff56b9:group-7093D4EDF2B7:LeaderElection70] INFO  server.RaftServerConfigKeys (ConfUtils.java:logGet(43)) - raft.server.rpc.request.timeout = 3000ms (default)
2019-08-28 09:23:32,649 [65fb3b38-2216-4039-8b36-ca2cf4ff56b9:group-7093D4EDF2B7:LeaderElection70] INFO  server.RaftServerConfigKeys (ConfUtils.java:logGet(43)) - raft.server.log.appender.install.snapshot.enabled = false (custom)
2019-08-28 09:23:32,649 [65fb3b38-2216-4039-8b36-ca2cf4ff56b9:group-7093D4EDF2B7:LeaderElection70] INFO  impl.RoleInfo (RoleInfo.java:updateAndGet(143)) - 65fb3b38-2216-4039-8b36-ca2cf4ff56b9: start LeaderState
2019-08-28 09:23:32,649 [65fb3b38-2216-4039-8b36-ca2cf4ff56b9:group-7093D4EDF2B7:LeaderElection70] INFO  segmented.SegmentedRaftLogWorker (SegmentedRaftLogWorker.java:startLogSegment(380)) - 65fb3b38-2216-4039-8b36-ca2cf4ff56b9-SegmentedRaftLogWorker:Storage Directory /workdir/hadoop-ozone/integration-test/target/test-dir/MiniOzoneClusterImpl-4cacb774-3eea-4282-9e15-e206378f9ec3/datanode-2/data/ratis/65536866-5c8f-422b-896a-7093d4edf2b7: Starting segment from index:0
2019-08-28 09:23:32,650 [65fb3b38-2216-4039-8b36-ca2cf4ff56b9:group-7093D4EDF2B7:LeaderElection70] INFO  impl.RaftServerImpl (ServerState.java:setRaftConf(361)) - 65fb3b38-2216-4039-8b36-ca2cf4ff56b9:group-7093D4EDF2B7 set configuration 0: [65fb3b38-2216-4039-8b36-ca2cf4ff56b9:192.168.69.108:45850, ad0778d6-c482-4acd-9633-82ac923362d1:192.168.69.108:45006, 4c101d29-ab5d-4405-8c94-5188adf0a1db:192.168.69.108:38927], old=null at 0
2019-08-28 09:23:32,694 [65fb3b38-2216-4039-8b36-ca2cf4ff56b9-SegmentedRaftLogWorker:Storage Directory /workdir/hadoop-ozone/integration-test/target/test-dir/MiniOzoneClusterImpl-4cacb774-3eea-4282-9e15-e206378f9ec3/datanode-2/data/ratis/4c7be126-7277-40f8-9e69-3c62da4fbc53] INFO  segmented.SegmentedRaftLogWorker (SegmentedRaftLogWorker.java:execute(569)) - 65fb3b38-2216-4039-8b36-ca2cf4ff56b9-SegmentedRaftLogWorker:Storage Directory /workdir/hadoop-ozone/integration-test/target/test-dir/MiniOzoneClusterImpl-4cacb774-3eea-4282-9e15-e206378f9ec3/datanode-2/data/ratis/4c7be126-7277-40f8-9e69-3c62da4fbc53: created new log segment /workdir/hadoop-ozone/integration-test/target/test-dir/MiniOzoneClusterImpl-4cacb774-3eea-4282-9e15-e206378f9ec3/datanode-2/data/ratis/4c7be126-7277-40f8-9e69-3c62da4fbc53/current/log_inprogress_0
2019-08-28 09:23:32,695 [grpc-default-executor-10] INFO  impl.RaftServerImpl (ServerState.java:setLeader(263)) - ad0778d6-c482-4acd-9633-82ac923362d1:group-7093D4EDF2B7 change Leader from null to 65fb3b38-2216-4039-8b36-ca2cf4ff56b9 at term 1 for appendEntries, leader elected after 5230ms
2019-08-28 09:23:32,699 [grpc-default-executor-5] INFO  impl.RaftServerImpl (ServerState.java:setLeader(263)) - 4c101d29-ab5d-4405-8c94-5188adf0a1db:group-7093D4EDF2B7 change Leader from null to 65fb3b38-2216-4039-8b36-ca2cf4ff56b9 at term 1 for appendEntries, leader elected after 5234ms
2019-08-28 09:23:32,713 [65fb3b38-2216-4039-8b36-ca2cf4ff56b9-SegmentedRaftLogWorker:Storage Directory /workdir/hadoop-ozone/integration-test/target/test-dir/MiniOzoneClusterImpl-4cacb774-3eea-4282-9e15-e206378f9ec3/datanode-2/data/ratis/65536866-5c8f-422b-896a-7093d4edf2b7] INFO  segmented.SegmentedRaftLogWorker (SegmentedRaftLogWorker.java:execute(569)) - 65fb3b38-2216-4039-8b36-ca2cf4ff56b9-SegmentedRaftLogWorker:Storage Directory /workdir/hadoop-ozone/integration-test/target/test-dir/MiniOzoneClusterImpl-4cacb774-3eea-4282-9e15-e206378f9ec3/datanode-2/data/ratis/65536866-5c8f-422b-896a-7093d4edf2b7: created new log segment /workdir/hadoop-ozone/integration-test/target/test-dir/MiniOzoneClusterImpl-4cacb774-3eea-4282-9e15-e206378f9ec3/datanode-2/data/ratis/65536866-5c8f-422b-896a-7093d4edf2b7/current/log_inprogress_0
2019-08-28 09:23:32,715 [grpc-default-executor-5] INFO  impl.RaftServerImpl (ServerState.java:setRaftConf(361)) - ad0778d6-c482-4acd-9633-82ac923362d1:group-7093D4EDF2B7 set configuration 0: [65fb3b38-2216-4039-8b36-ca2cf4ff56b9:192.168.69.108:45850, ad0778d6-c482-4acd-9633-82ac923362d1:192.168.69.108:45006, 4c101d29-ab5d-4405-8c94-5188adf0a1db:192.168.69.108:38927], old=null at 0
2019-08-28 09:23:32,715 [grpc-default-executor-5] INFO  segmented.SegmentedRaftLogWorker (SegmentedRaftLogWorker.java:startLogSegment(380)) - ad0778d6-c482-4acd-9633-82ac923362d1-SegmentedRaftLogWorker:Storage Directory /workdir/hadoop-ozone/integration-test/target/test-dir/MiniOzoneClusterImpl-4cacb774-3eea-4282-9e15-e206378f9ec3/datanode-1/data/ratis/65536866-5c8f-422b-896a-7093d4edf2b7: Starting segment from index:0
2019-08-28 09:23:32,717 [grpc-default-executor-10] INFO  impl.RaftServerImpl (ServerState.java:setRaftConf(361)) - 4c101d29-ab5d-4405-8c94-5188adf0a1db:group-7093D4EDF2B7 set configuration 0: [65fb3b38-2216-4039-8b36-ca2cf4ff56b9:192.168.69.108:45850, ad0778d6-c482-4acd-9633-82ac923362d1:192.168.69.108:45006, 4c101d29-ab5d-4405-8c94-5188adf0a1db:192.168.69.108:38927], old=null at 0
2019-08-28 09:23:32,718 [grpc-default-executor-10] INFO  segmented.SegmentedRaftLogWorker (SegmentedRaftLogWorker.java:startLogSegment(380)) - 4c101d29-ab5d-4405-8c94-5188adf0a1db-SegmentedRaftLogWorker:Storage Directory /workdir/hadoop-ozone/integration-test/target/test-dir/MiniOzoneClusterImpl-4cacb774-3eea-4282-9e15-e206378f9ec3/datanode-0/data/ratis/65536866-5c8f-422b-896a-7093d4edf2b7: Starting segment from index:0
2019-08-28 09:23:32,769 [ad0778d6-c482-4acd-9633-82ac923362d1-SegmentedRaftLogWorker:Storage Directory /workdir/hadoop-ozone/integration-test/target/test-dir/MiniOzoneClusterImpl-4cacb774-3eea-4282-9e15-e206378f9ec3/datanode-1/data/ratis/65536866-5c8f-422b-896a-7093d4edf2b7] INFO  segmented.SegmentedRaftLogWorker (SegmentedRaftLogWorker.java:execute(569)) - ad0778d6-c482-4acd-9633-82ac923362d1-SegmentedRaftLogWorker:Storage Directory /workdir/hadoop-ozone/integration-test/target/test-dir/MiniOzoneClusterImpl-4cacb774-3eea-4282-9e15-e206378f9ec3/datanode-1/data/ratis/65536866-5c8f-422b-896a-7093d4edf2b7: created new log segment /workdir/hadoop-ozone/integration-test/target/test-dir/MiniOzoneClusterImpl-4cacb774-3eea-4282-9e15-e206378f9ec3/datanode-1/data/ratis/65536866-5c8f-422b-896a-7093d4edf2b7/current/log_inprogress_0
2019-08-28 09:23:32,769 [4c101d29-ab5d-4405-8c94-5188adf0a1db-SegmentedRaftLogWorker:Storage Directory /workdir/hadoop-ozone/integration-test/target/test-dir/MiniOzoneClusterImpl-4cacb774-3eea-4282-9e15-e206378f9ec3/datanode-0/data/ratis/65536866-5c8f-422b-896a-7093d4edf2b7] INFO  segmented.SegmentedRaftLogWorker (SegmentedRaftLogWorker.java:execute(569)) - 4c101d29-ab5d-4405-8c94-5188adf0a1db-SegmentedRaftLogWorker:Storage Directory /workdir/hadoop-ozone/integration-test/target/test-dir/MiniOzoneClusterImpl-4cacb774-3eea-4282-9e15-e206378f9ec3/datanode-0/data/ratis/65536866-5c8f-422b-896a-7093d4edf2b7: created new log segment /workdir/hadoop-ozone/integration-test/target/test-dir/MiniOzoneClusterImpl-4cacb774-3eea-4282-9e15-e206378f9ec3/datanode-0/data/ratis/65536866-5c8f-422b-896a-7093d4edf2b7/current/log_inprogress_0
2019-08-28 09:23:32,782 | INFO  | SCMAudit | user=jenkins1000 | ip=192.168.69.108 | op=SEND_HEARTBEAT {datanodeUUID=017c1bfe-8ef1-45e4-8827-c462f0c7cc3d, command=[]} | ret=SUCCESS |  
2019-08-28 09:23:32,786 [Thread-3555] INFO  impl.FollowerState (FollowerState.java:run(106)) - e27b78fe-542d-4189-a93b-0fd90f2d778c:group-C26FD840D92A changes to CANDIDATE, lastRpcTime:5179, electionTimeout:5179ms
2019-08-28 09:23:32,786 [Thread-3555] INFO  impl.RoleInfo (RoleInfo.java:shutdownFollowerState(121)) - e27b78fe-542d-4189-a93b-0fd90f2d778c: shutdown FollowerState
2019-08-28 09:23:32,786 [Thread-3555] INFO  impl.RaftServerImpl (RaftServerImpl.java:setRole(171)) - e27b78fe-542d-4189-a93b-0fd90f2d778c:group-C26FD840D92A changes role from FOLLOWER to CANDIDATE at term 0 for changeToCandidate
2019-08-28 09:23:32,786 [Thread-3555] INFO  impl.RoleInfo (RoleInfo.java:updateAndGet(143)) - e27b78fe-542d-4189-a93b-0fd90f2d778c: start LeaderElection
2019-08-28 09:23:32,806 [e27b78fe-542d-4189-a93b-0fd90f2d778c:group-C26FD840D92A:LeaderElection72] INFO  impl.LeaderElection (LeaderElection.java:askForVotes(181)) - e27b78fe-542d-4189-a93b-0fd90f2d778c:group-C26FD840D92A:LeaderElection72: begin an election at term 1 for -1: [e27b78fe-542d-4189-a93b-0fd90f2d778c:192.168.69.108:41923], old=null
2019-08-28 09:23:32,806 [e27b78fe-542d-4189-a93b-0fd90f2d778c:group-C26FD840D92A:LeaderElection72] INFO  impl.RoleInfo (RoleInfo.java:shutdownLeaderElection(134)) - e27b78fe-542d-4189-a93b-0fd90f2d778c: shutdown LeaderElection
2019-08-28 09:23:32,806 [e27b78fe-542d-4189-a93b-0fd90f2d778c:group-C26FD840D92A:LeaderElection72] INFO  impl.RaftServerImpl (RaftServerImpl.java:setRole(171)) - e27b78fe-542d-4189-a93b-0fd90f2d778c:group-C26FD840D92A changes role from CANDIDATE to LEADER at term 1 for changeToLeader
2019-08-28 09:23:32,806 [e27b78fe-542d-4189-a93b-0fd90f2d778c:group-C26FD840D92A:LeaderElection72] INFO  impl.RaftServerImpl (ServerState.java:setLeader(263)) - e27b78fe-542d-4189-a93b-0fd90f2d778c:group-C26FD840D92A change Leader from null to e27b78fe-542d-4189-a93b-0fd90f2d778c at term 1 for becomeLeader, leader elected after 5204ms
2019-08-28 09:23:32,807 [e27b78fe-542d-4189-a93b-0fd90f2d778c:group-C26FD840D92A:LeaderElection72] INFO  server.RaftServerConfigKeys (ConfUtils.java:logGet(43)) - raft.server.staging.catchup.gap = 1000 (default)
2019-08-28 09:23:32,807 [e27b78fe-542d-4189-a93b-0fd90f2d778c:group-C26FD840D92A:LeaderElection72] INFO  server.RaftServerConfigKeys (ConfUtils.java:logGet(43)) - raft.server.rpc.sleep.time = 25ms (default)
2019-08-28 09:23:32,807 [e27b78fe-542d-4189-a93b-0fd90f2d778c:group-C26FD840D92A:LeaderElection72] INFO  server.RaftServerConfigKeys (ConfUtils.java:logGet(43)) - raft.server.write.element-limit = 4096 (default)
2019-08-28 09:23:32,807 [e27b78fe-542d-4189-a93b-0fd90f2d778c:group-C26FD840D92A:LeaderElection72] INFO  server.RaftServerConfigKeys (ConfUtils.java:logGet(43)) - raft.server.watch.timeout = 10s (default)
2019-08-28 09:23:32,807 [e27b78fe-542d-4189-a93b-0fd90f2d778c:group-C26FD840D92A:LeaderElection72] INFO  server.RaftServerConfigKeys (ConfUtils.java:logGet(43)) - raft.server.watch.timeout.denomination = 1s (default)
2019-08-28 09:23:32,807 [e27b78fe-542d-4189-a93b-0fd90f2d778c:group-C26FD840D92A:LeaderElection72] INFO  server.RaftServerConfigKeys (ConfUtils.java:logGet(43)) - raft.server.watch.element-limit = 65536 (default)
2019-08-28 09:23:32,807 [e27b78fe-542d-4189-a93b-0fd90f2d778c:group-C26FD840D92A:LeaderElection72] INFO  impl.RoleInfo (RoleInfo.java:updateAndGet(143)) - e27b78fe-542d-4189-a93b-0fd90f2d778c: start LeaderState
2019-08-28 09:23:32,808 [e27b78fe-542d-4189-a93b-0fd90f2d778c:group-C26FD840D92A:LeaderElection72] INFO  segmented.SegmentedRaftLogWorker (SegmentedRaftLogWorker.java:startLogSegment(380)) - e27b78fe-542d-4189-a93b-0fd90f2d778c-SegmentedRaftLogWorker:Storage Directory /workdir/hadoop-ozone/integration-test/target/test-dir/MiniOzoneClusterImpl-4cacb774-3eea-4282-9e15-e206378f9ec3/datanode-3/data/ratis/69b84e9d-a5cb-459d-84f6-c26fd840d92a: Starting segment from index:0
2019-08-28 09:23:32,808 [e27b78fe-542d-4189-a93b-0fd90f2d778c:group-C26FD840D92A:LeaderElection72] INFO  impl.RaftServerImpl (ServerState.java:setRaftConf(361)) - e27b78fe-542d-4189-a93b-0fd90f2d778c:group-C26FD840D92A set configuration 0: [e27b78fe-542d-4189-a93b-0fd90f2d778c:192.168.69.108:41923], old=null at 0
2019-08-28 09:23:32,853 [e27b78fe-542d-4189-a93b-0fd90f2d778c-SegmentedRaftLogWorker:Storage Directory /workdir/hadoop-ozone/integration-test/target/test-dir/MiniOzoneClusterImpl-4cacb774-3eea-4282-9e15-e206378f9ec3/datanode-3/data/ratis/69b84e9d-a5cb-459d-84f6-c26fd840d92a] INFO  segmented.SegmentedRaftLogWorker (SegmentedRaftLogWorker.java:execute(569)) - e27b78fe-542d-4189-a93b-0fd90f2d778c-SegmentedRaftLogWorker:Storage Directory /workdir/hadoop-ozone/integration-test/target/test-dir/MiniOzoneClusterImpl-4cacb774-3eea-4282-9e15-e206378f9ec3/datanode-3/data/ratis/69b84e9d-a5cb-459d-84f6-c26fd840d92a: created new log segment /workdir/hadoop-ozone/integration-test/target/test-dir/MiniOzoneClusterImpl-4cacb774-3eea-4282-9e15-e206378f9ec3/datanode-3/data/ratis/69b84e9d-a5cb-459d-84f6-c26fd840d92a/current/log_inprogress_0
2019-08-28 09:23:32,908 [Thread-3558] INFO  impl.FollowerState (FollowerState.java:run(106)) - 017c1bfe-8ef1-45e4-8827-c462f0c7cc3d:group-4AE533A1FB1B changes to CANDIDATE, lastRpcTime:5084, electionTimeout:5084ms
2019-08-28 09:23:32,909 [Thread-3558] INFO  impl.RoleInfo (RoleInfo.java:shutdownFollowerState(121)) - 017c1bfe-8ef1-45e4-8827-c462f0c7cc3d: shutdown FollowerState
2019-08-28 09:23:32,909 [Thread-3558] INFO  impl.RaftServerImpl (RaftServerImpl.java:setRole(171)) - 017c1bfe-8ef1-45e4-8827-c462f0c7cc3d:group-4AE533A1FB1B changes role from FOLLOWER to CANDIDATE at term 0 for changeToCandidate
2019-08-28 09:23:32,909 [Thread-3558] INFO  impl.RoleInfo (RoleInfo.java:updateAndGet(143)) - 017c1bfe-8ef1-45e4-8827-c462f0c7cc3d: start LeaderElection
2019-08-28 09:23:32,928 [017c1bfe-8ef1-45e4-8827-c462f0c7cc3d:group-4AE533A1FB1B:LeaderElection73] INFO  impl.LeaderElection (LeaderElection.java:askForVotes(181)) - 017c1bfe-8ef1-45e4-8827-c462f0c7cc3d:group-4AE533A1FB1B:LeaderElection73: begin an election at term 1 for -1: [017c1bfe-8ef1-45e4-8827-c462f0c7cc3d:192.168.69.108:32916], old=null
2019-08-28 09:23:32,929 [017c1bfe-8ef1-45e4-8827-c462f0c7cc3d:group-4AE533A1FB1B:LeaderElection73] INFO  impl.RoleInfo (RoleInfo.java:shutdownLeaderElection(134)) - 017c1bfe-8ef1-45e4-8827-c462f0c7cc3d: shutdown LeaderElection
2019-08-28 09:23:32,929 [017c1bfe-8ef1-45e4-8827-c462f0c7cc3d:group-4AE533A1FB1B:LeaderElection73] INFO  impl.RaftServerImpl (RaftServerImpl.java:setRole(171)) - 017c1bfe-8ef1-45e4-8827-c462f0c7cc3d:group-4AE533A1FB1B changes role from CANDIDATE to LEADER at term 1 for changeToLeader
2019-08-28 09:23:32,929 [017c1bfe-8ef1-45e4-8827-c462f0c7cc3d:group-4AE533A1FB1B:LeaderElection73] INFO  impl.RaftServerImpl (ServerState.java:setLeader(263)) - 017c1bfe-8ef1-45e4-8827-c462f0c7cc3d:group-4AE533A1FB1B change Leader from null to 017c1bfe-8ef1-45e4-8827-c462f0c7cc3d at term 1 for becomeLeader, leader elected after 5109ms
2019-08-28 09:23:32,929 [017c1bfe-8ef1-45e4-8827-c462f0c7cc3d:group-4AE533A1FB1B:LeaderElection73] INFO  server.RaftServerConfigKeys (ConfUtils.java:logGet(43)) - raft.server.staging.catchup.gap = 1000 (default)
2019-08-28 09:23:32,930 [017c1bfe-8ef1-45e4-8827-c462f0c7cc3d:group-4AE533A1FB1B:LeaderElection73] INFO  server.RaftServerConfigKeys (ConfUtils.java:logGet(43)) - raft.server.rpc.sleep.time = 25ms (default)
2019-08-28 09:23:32,930 [017c1bfe-8ef1-45e4-8827-c462f0c7cc3d:group-4AE533A1FB1B:LeaderElection73] INFO  server.RaftServerConfigKeys (ConfUtils.java:logGet(43)) - raft.server.write.element-limit = 4096 (default)
2019-08-28 09:23:32,930 [017c1bfe-8ef1-45e4-8827-c462f0c7cc3d:group-4AE533A1FB1B:LeaderElection73] INFO  server.RaftServerConfigKeys (ConfUtils.java:logGet(43)) - raft.server.watch.timeout = 10s (default)
2019-08-28 09:23:32,930 [017c1bfe-8ef1-45e4-8827-c462f0c7cc3d:group-4AE533A1FB1B:LeaderElection73] INFO  server.RaftServerConfigKeys (ConfUtils.java:logGet(43)) - raft.server.watch.timeout.denomination = 1s (default)
2019-08-28 09:23:32,930 [017c1bfe-8ef1-45e4-8827-c462f0c7cc3d:group-4AE533A1FB1B:LeaderElection73] INFO  server.RaftServerConfigKeys (ConfUtils.java:logGet(43)) - raft.server.watch.element-limit = 65536 (default)
2019-08-28 09:23:32,931 [017c1bfe-8ef1-45e4-8827-c462f0c7cc3d:group-4AE533A1FB1B:LeaderElection73] INFO  impl.RoleInfo (RoleInfo.java:updateAndGet(143)) - 017c1bfe-8ef1-45e4-8827-c462f0c7cc3d: start LeaderState
2019-08-28 09:23:32,931 [017c1bfe-8ef1-45e4-8827-c462f0c7cc3d:group-4AE533A1FB1B:LeaderElection73] INFO  segmented.SegmentedRaftLogWorker (SegmentedRaftLogWorker.java:startLogSegment(380)) - 017c1bfe-8ef1-45e4-8827-c462f0c7cc3d-SegmentedRaftLogWorker:Storage Directory /workdir/hadoop-ozone/integration-test/target/test-dir/MiniOzoneClusterImpl-4cacb774-3eea-4282-9e15-e206378f9ec3/datanode-4/data/ratis/1304128b-cb1c-4d4e-8c70-4ae533a1fb1b: Starting segment from index:0
2019-08-28 09:23:32,932 [017c1bfe-8ef1-45e4-8827-c462f0c7cc3d:group-4AE533A1FB1B:LeaderElection73] INFO  impl.RaftServerImpl (ServerState.java:setRaftConf(361)) - 017c1bfe-8ef1-45e4-8827-c462f0c7cc3d:group-4AE533A1FB1B set configuration 0: [017c1bfe-8ef1-45e4-8827-c462f0c7cc3d:192.168.69.108:32916], old=null at 0
2019-08-28 09:23:32,976 [017c1bfe-8ef1-45e4-8827-c462f0c7cc3d-SegmentedRaftLogWorker:Storage Directory /workdir/hadoop-ozone/integration-test/target/test-dir/MiniOzoneClusterImpl-4cacb774-3eea-4282-9e15-e206378f9ec3/datanode-4/data/ratis/1304128b-cb1c-4d4e-8c70-4ae533a1fb1b] INFO  segmented.SegmentedRaftLogWorker (SegmentedRaftLogWorker.java:execute(569)) - 017c1bfe-8ef1-45e4-8827-c462f0c7cc3d-SegmentedRaftLogWorker:Storage Directory /workdir/hadoop-ozone/integration-test/target/test-dir/MiniOzoneClusterImpl-4cacb774-3eea-4282-9e15-e206378f9ec3/datanode-4/data/ratis/1304128b-cb1c-4d4e-8c70-4ae533a1fb1b: created new log segment /workdir/hadoop-ozone/integration-test/target/test-dir/MiniOzoneClusterImpl-4cacb774-3eea-4282-9e15-e206378f9ec3/datanode-4/data/ratis/1304128b-cb1c-4d4e-8c70-4ae533a1fb1b/current/log_inprogress_0
2019-08-28 09:23:33,031 | INFO  | SCMAudit | user=jenkins1000 | ip=192.168.69.108 | op=SEND_HEARTBEAT {datanodeUUID=da0956ba-7c1a-43bf-a8fb-6e60171b4062, command=[]} | ret=SUCCESS |  
2019-08-28 09:23:33,133 | INFO  | SCMAudit | user=jenkins1000 | ip=192.168.69.108 | op=SEND_HEARTBEAT {datanodeUUID=ad0778d6-c482-4acd-9633-82ac923362d1, command=[]} | ret=SUCCESS |  
2019-08-28 09:23:33,146 [Thread-3564] INFO  impl.FollowerState (FollowerState.java:run(106)) - e27b78fe-542d-4189-a93b-0fd90f2d778c:group-65EE5C83E742 changes to CANDIDATE, lastRpcTime:5010, electionTimeout:5010ms
2019-08-28 09:23:33,146 [Thread-3564] INFO  impl.RoleInfo (RoleInfo.java:shutdownFollowerState(121)) - e27b78fe-542d-4189-a93b-0fd90f2d778c: shutdown FollowerState
2019-08-28 09:23:33,146 [Thread-3564] INFO  impl.RaftServerImpl (RaftServerImpl.java:setRole(171)) - e27b78fe-542d-4189-a93b-0fd90f2d778c:group-65EE5C83E742 changes role from FOLLOWER to CANDIDATE at term 0 for changeToCandidate
2019-08-28 09:23:33,146 [Thread-3564] INFO  impl.RoleInfo (RoleInfo.java:updateAndGet(143)) - e27b78fe-542d-4189-a93b-0fd90f2d778c: start LeaderElection
2019-08-28 09:23:33,163 [e27b78fe-542d-4189-a93b-0fd90f2d778c:group-65EE5C83E742:LeaderElection74] INFO  impl.LeaderElection (LeaderElection.java:askForVotes(181)) - e27b78fe-542d-4189-a93b-0fd90f2d778c:group-65EE5C83E742:LeaderElection74: begin an election at term 1 for -1: [e27b78fe-542d-4189-a93b-0fd90f2d778c:192.168.69.108:41923, da0956ba-7c1a-43bf-a8fb-6e60171b4062:192.168.69.108:43508, 017c1bfe-8ef1-45e4-8827-c462f0c7cc3d:192.168.69.108:32916], old=null
2019-08-28 09:23:33,167 [grpc-default-executor-10] INFO  impl.RaftServerImpl (RaftServerImpl.java:setRole(171)) - da0956ba-7c1a-43bf-a8fb-6e60171b4062:group-65EE5C83E742 changes role from FOLLOWER to FOLLOWER at term 1 for recognizeCandidate:e27b78fe-542d-4189-a93b-0fd90f2d778c
2019-08-28 09:23:33,167 [grpc-default-executor-5] INFO  impl.RaftServerImpl (RaftServerImpl.java:setRole(171)) - 017c1bfe-8ef1-45e4-8827-c462f0c7cc3d:group-65EE5C83E742 changes role from FOLLOWER to FOLLOWER at term 1 for recognizeCandidate:e27b78fe-542d-4189-a93b-0fd90f2d778c
2019-08-28 09:23:33,168 [grpc-default-executor-10] INFO  impl.RoleInfo (RoleInfo.java:shutdownFollowerState(121)) - da0956ba-7c1a-43bf-a8fb-6e60171b4062: shutdown FollowerState
2019-08-28 09:23:33,168 [grpc-default-executor-5] INFO  impl.RoleInfo (RoleInfo.java:shutdownFollowerState(121)) - 017c1bfe-8ef1-45e4-8827-c462f0c7cc3d: shutdown FollowerState
2019-08-28 09:23:33,168 [Thread-3568] INFO  impl.FollowerState (FollowerState.java:run(114)) - da0956ba-7c1a-43bf-a8fb-6e60171b4062: FollowerState was interrupted: java.lang.InterruptedException: sleep interrupted
2019-08-28 09:23:33,168 [grpc-default-executor-10] INFO  impl.RoleInfo (RoleInfo.java:updateAndGet(143)) - da0956ba-7c1a-43bf-a8fb-6e60171b4062: start FollowerState
2019-08-28 09:23:33,168 [grpc-default-executor-5] INFO  impl.RoleInfo (RoleInfo.java:updateAndGet(143)) - 017c1bfe-8ef1-45e4-8827-c462f0c7cc3d: start FollowerState
2019-08-28 09:23:33,171 [Thread-3569] INFO  impl.FollowerState (FollowerState.java:run(114)) - 017c1bfe-8ef1-45e4-8827-c462f0c7cc3d: FollowerState was interrupted: java.lang.InterruptedException: sleep interrupted
2019-08-28 09:23:33,194 [e27b78fe-542d-4189-a93b-0fd90f2d778c:group-65EE5C83E742:LeaderElection74] INFO  impl.LeaderElection (LeaderElection.java:logAndReturn(56)) - e27b78fe-542d-4189-a93b-0fd90f2d778c:group-65EE5C83E742:LeaderElection74: Election PASSED; received 1 response(s) [e27b78fe-542d-4189-a93b-0fd90f2d778c<-017c1bfe-8ef1-45e4-8827-c462f0c7cc3d#0:OK-t1] and 0 exception(s); e27b78fe-542d-4189-a93b-0fd90f2d778c:t1, leader=null, voted=e27b78fe-542d-4189-a93b-0fd90f2d778c, raftlog=e27b78fe-542d-4189-a93b-0fd90f2d778c-SegmentedRaftLog:OPENED:c-1,f-1,i0, conf=-1: [e27b78fe-542d-4189-a93b-0fd90f2d778c:192.168.69.108:41923, da0956ba-7c1a-43bf-a8fb-6e60171b4062:192.168.69.108:43508, 017c1bfe-8ef1-45e4-8827-c462f0c7cc3d:192.168.69.108:32916], old=null
2019-08-28 09:23:33,194 [e27b78fe-542d-4189-a93b-0fd90f2d778c:group-65EE5C83E742:LeaderElection74] INFO  impl.RoleInfo (RoleInfo.java:shutdownLeaderElection(134)) - e27b78fe-542d-4189-a93b-0fd90f2d778c: shutdown LeaderElection
2019-08-28 09:23:33,194 [e27b78fe-542d-4189-a93b-0fd90f2d778c:group-65EE5C83E742:LeaderElection74] INFO  impl.RaftServerImpl (RaftServerImpl.java:setRole(171)) - e27b78fe-542d-4189-a93b-0fd90f2d778c:group-65EE5C83E742 changes role from CANDIDATE to LEADER at term 1 for changeToLeader
2019-08-28 09:23:33,194 [e27b78fe-542d-4189-a93b-0fd90f2d778c:group-65EE5C83E742:LeaderElection74] INFO  impl.RaftServerImpl (ServerState.java:setLeader(263)) - e27b78fe-542d-4189-a93b-0fd90f2d778c:group-65EE5C83E742 change Leader from null to e27b78fe-542d-4189-a93b-0fd90f2d778c at term 1 for becomeLeader, leader elected after 5065ms
2019-08-28 09:23:33,194 [e27b78fe-542d-4189-a93b-0fd90f2d778c:group-65EE5C83E742:LeaderElection74] INFO  server.RaftServerConfigKeys (ConfUtils.java:logGet(43)) - raft.server.staging.catchup.gap = 1000 (default)
2019-08-28 09:23:33,195 [e27b78fe-542d-4189-a93b-0fd90f2d778c:group-65EE5C83E742:LeaderElection74] INFO  server.RaftServerConfigKeys (ConfUtils.java:logGet(43)) - raft.server.rpc.sleep.time = 25ms (default)
2019-08-28 09:23:33,195 [e27b78fe-542d-4189-a93b-0fd90f2d778c:group-65EE5C83E742:LeaderElection74] INFO  server.RaftServerConfigKeys (ConfUtils.java:logGet(43)) - raft.server.write.element-limit = 4096 (default)
2019-08-28 09:23:33,195 [e27b78fe-542d-4189-a93b-0fd90f2d778c:group-65EE5C83E742:LeaderElection74] INFO  server.RaftServerConfigKeys (ConfUtils.java:logGet(43)) - raft.server.watch.timeout = 10s (default)
2019-08-28 09:23:33,195 [e27b78fe-542d-4189-a93b-0fd90f2d778c:group-65EE5C83E742:LeaderElection74] INFO  server.RaftServerConfigKeys (ConfUtils.java:logGet(43)) - raft.server.watch.timeout.denomination = 1s (default)
2019-08-28 09:23:33,195 [e27b78fe-542d-4189-a93b-0fd90f2d778c:group-65EE5C83E742:LeaderElection74] INFO  server.RaftServerConfigKeys (ConfUtils.java:logGet(43)) - raft.server.watch.element-limit = 65536 (default)
2019-08-28 09:23:33,196 [e27b78fe-542d-4189-a93b-0fd90f2d778c:group-65EE5C83E742:LeaderElection74] INFO  server.RaftServerConfigKeys (ConfUtils.java:logGet(43)) - raft.server.log.appender.snapshot.chunk.size.max = 16MB (=16777216) (default)
2019-08-28 09:23:33,196 [e27b78fe-542d-4189-a93b-0fd90f2d778c:group-65EE5C83E742:LeaderElection74] INFO  server.RaftServerConfigKeys (ConfUtils.java:logGet(43)) - raft.server.log.appender.buffer.byte-limit = 33554432 (custom)
2019-08-28 09:23:33,196 [e27b78fe-542d-4189-a93b-0fd90f2d778c:group-65EE5C83E742:LeaderElection74] INFO  server.RaftServerConfigKeys (ConfUtils.java:logGet(43)) - raft.server.log.appender.buffer.element-limit = 1 (custom)
2019-08-28 09:23:33,196 [e27b78fe-542d-4189-a93b-0fd90f2d778c:group-65EE5C83E742:LeaderElection74] INFO  grpc.GrpcConfigKeys$Server (ConfUtils.java:logGet(43)) - raft.grpc.server.leader.outstanding.appends.max = 128 (default)
2019-08-28 09:23:33,196 [e27b78fe-542d-4189-a93b-0fd90f2d778c:group-65EE5C83E742:LeaderElection74] INFO  server.RaftServerConfigKeys (ConfUtils.java:logGet(43)) - raft.server.rpc.request.timeout = 3000ms (default)
2019-08-28 09:23:33,197 [e27b78fe-542d-4189-a93b-0fd90f2d778c:group-65EE5C83E742:LeaderElection74] INFO  server.RaftServerConfigKeys (ConfUtils.java:logGet(43)) - raft.server.log.appender.install.snapshot.enabled = false (custom)
2019-08-28 09:23:33,197 [e27b78fe-542d-4189-a93b-0fd90f2d778c:group-65EE5C83E742:LeaderElection74] INFO  server.RaftServerConfigKeys (ConfUtils.java:logGet(43)) - raft.server.log.appender.snapshot.chunk.size.max = 16MB (=16777216) (default)
2019-08-28 09:23:33,197 [e27b78fe-542d-4189-a93b-0fd90f2d778c:group-65EE5C83E742:LeaderElection74] INFO  server.RaftServerConfigKeys (ConfUtils.java:logGet(43)) - raft.server.log.appender.buffer.byte-limit = 33554432 (custom)
2019-08-28 09:23:33,197 [e27b78fe-542d-4189-a93b-0fd90f2d778c:group-65EE5C83E742:LeaderElection74] INFO  server.RaftServerConfigKeys (ConfUtils.java:logGet(43)) - raft.server.log.appender.buffer.element-limit = 1 (custom)
2019-08-28 09:23:33,197 [e27b78fe-542d-4189-a93b-0fd90f2d778c:group-65EE5C83E742:LeaderElection74] INFO  grpc.GrpcConfigKeys$Server (ConfUtils.java:logGet(43)) - raft.grpc.server.leader.outstanding.appends.max = 128 (default)
2019-08-28 09:23:33,198 [e27b78fe-542d-4189-a93b-0fd90f2d778c:group-65EE5C83E742:LeaderElection74] INFO  server.RaftServerConfigKeys (ConfUtils.java:logGet(43)) - raft.server.rpc.request.timeout = 3000ms (default)
2019-08-28 09:23:33,198 [e27b78fe-542d-4189-a93b-0fd90f2d778c:group-65EE5C83E742:LeaderElection74] INFO  server.RaftServerConfigKeys (ConfUtils.java:logGet(43)) - raft.server.log.appender.install.snapshot.enabled = false (custom)
2019-08-28 09:23:33,198 [e27b78fe-542d-4189-a93b-0fd90f2d778c:group-65EE5C83E742:LeaderElection74] INFO  impl.RoleInfo (RoleInfo.java:updateAndGet(143)) - e27b78fe-542d-4189-a93b-0fd90f2d778c: start LeaderState
2019-08-28 09:23:33,198 [e27b78fe-542d-4189-a93b-0fd90f2d778c:group-65EE5C83E742:LeaderElection74] INFO  segmented.SegmentedRaftLogWorker (SegmentedRaftLogWorker.java:startLogSegment(380)) - e27b78fe-542d-4189-a93b-0fd90f2d778c-SegmentedRaftLogWorker:Storage Directory /workdir/hadoop-ozone/integration-test/target/test-dir/MiniOzoneClusterImpl-4cacb774-3eea-4282-9e15-e206378f9ec3/datanode-3/data/ratis/a79fd952-7c2f-42b3-b017-65ee5c83e742: Starting segment from index:0
2019-08-28 09:23:33,200 [e27b78fe-542d-4189-a93b-0fd90f2d778c:group-65EE5C83E742:LeaderElection74] INFO  impl.RaftServerImpl (ServerState.java:setRaftConf(361)) - e27b78fe-542d-4189-a93b-0fd90f2d778c:group-65EE5C83E742 set configuration 0: [e27b78fe-542d-4189-a93b-0fd90f2d778c:192.168.69.108:41923, da0956ba-7c1a-43bf-a8fb-6e60171b4062:192.168.69.108:43508, 017c1bfe-8ef1-45e4-8827-c462f0c7cc3d:192.168.69.108:32916], old=null at 0
2019-08-28 09:23:33,225 [Thread-3561] INFO  impl.FollowerState (FollowerState.java:run(106)) - da0956ba-7c1a-43bf-a8fb-6e60171b4062:group-97184ECAC395 changes to CANDIDATE, lastRpcTime:5149, electionTimeout:5148ms
2019-08-28 09:23:33,225 [Thread-3561] INFO  impl.RoleInfo (RoleInfo.java:shutdownFollowerState(121)) - da0956ba-7c1a-43bf-a8fb-6e60171b4062: shutdown FollowerState
2019-08-28 09:23:33,225 [Thread-3561] INFO  impl.RaftServerImpl (RaftServerImpl.java:setRole(171)) - da0956ba-7c1a-43bf-a8fb-6e60171b4062:group-97184ECAC395 changes role from FOLLOWER to CANDIDATE at term 0 for changeToCandidate
2019-08-28 09:23:33,226 [Thread-3561] INFO  impl.RoleInfo (RoleInfo.java:updateAndGet(143)) - da0956ba-7c1a-43bf-a8fb-6e60171b4062: start LeaderElection
2019-08-28 09:23:33,233 [grpc-default-executor-10] INFO  impl.RaftServerImpl (ServerState.java:setLeader(263)) - 017c1bfe-8ef1-45e4-8827-c462f0c7cc3d:group-65EE5C83E742 change Leader from null to e27b78fe-542d-4189-a93b-0fd90f2d778c at term 1 for appendEntries, leader elected after 5103ms
2019-08-28 09:23:33,236 [grpc-default-executor-5] INFO  impl.RaftServerImpl (ServerState.java:setLeader(263)) - da0956ba-7c1a-43bf-a8fb-6e60171b4062:group-65EE5C83E742 change Leader from null to e27b78fe-542d-4189-a93b-0fd90f2d778c at term 1 for appendEntries, leader elected after 5106ms
2019-08-28 09:23:33,239 [e27b78fe-542d-4189-a93b-0fd90f2d778c-SegmentedRaftLogWorker:Storage Directory /workdir/hadoop-ozone/integration-test/target/test-dir/MiniOzoneClusterImpl-4cacb774-3eea-4282-9e15-e206378f9ec3/datanode-3/data/ratis/a79fd952-7c2f-42b3-b017-65ee5c83e742] INFO  segmented.SegmentedRaftLogWorker (SegmentedRaftLogWorker.java:execute(569)) - e27b78fe-542d-4189-a93b-0fd90f2d778c-SegmentedRaftLogWorker:Storage Directory /workdir/hadoop-ozone/integration-test/target/test-dir/MiniOzoneClusterImpl-4cacb774-3eea-4282-9e15-e206378f9ec3/datanode-3/data/ratis/a79fd952-7c2f-42b3-b017-65ee5c83e742: created new log segment /workdir/hadoop-ozone/integration-test/target/test-dir/MiniOzoneClusterImpl-4cacb774-3eea-4282-9e15-e206378f9ec3/datanode-3/data/ratis/a79fd952-7c2f-42b3-b017-65ee5c83e742/current/log_inprogress_0
2019-08-28 09:23:33,240 [grpc-default-executor-10] INFO  impl.RaftServerImpl (ServerState.java:setRaftConf(361)) - 017c1bfe-8ef1-45e4-8827-c462f0c7cc3d:group-65EE5C83E742 set configuration 0: [e27b78fe-542d-4189-a93b-0fd90f2d778c:192.168.69.108:41923, da0956ba-7c1a-43bf-a8fb-6e60171b4062:192.168.69.108:43508, 017c1bfe-8ef1-45e4-8827-c462f0c7cc3d:192.168.69.108:32916], old=null at 0
2019-08-28 09:23:33,240 [da0956ba-7c1a-43bf-a8fb-6e60171b4062:group-97184ECAC395:LeaderElection75] INFO  impl.LeaderElection (LeaderElection.java:askForVotes(181)) - da0956ba-7c1a-43bf-a8fb-6e60171b4062:group-97184ECAC395:LeaderElection75: begin an election at term 1 for -1: [da0956ba-7c1a-43bf-a8fb-6e60171b4062:192.168.69.108:43508], old=null
2019-08-28 09:23:33,240 [grpc-default-executor-10] INFO  segmented.SegmentedRaftLogWorker (SegmentedRaftLogWorker.java:startLogSegment(380)) - 017c1bfe-8ef1-45e4-8827-c462f0c7cc3d-SegmentedRaftLogWorker:Storage Directory /workdir/hadoop-ozone/integration-test/target/test-dir/MiniOzoneClusterImpl-4cacb774-3eea-4282-9e15-e206378f9ec3/datanode-4/data/ratis/a79fd952-7c2f-42b3-b017-65ee5c83e742: Starting segment from index:0
2019-08-28 09:23:33,242 [grpc-default-executor-5] INFO  impl.RaftServerImpl (ServerState.java:setRaftConf(361)) - da0956ba-7c1a-43bf-a8fb-6e60171b4062:group-65EE5C83E742 set configuration 0: [e27b78fe-542d-4189-a93b-0fd90f2d778c:192.168.69.108:41923, da0956ba-7c1a-43bf-a8fb-6e60171b4062:192.168.69.108:43508, 017c1bfe-8ef1-45e4-8827-c462f0c7cc3d:192.168.69.108:32916], old=null at 0
2019-08-28 09:23:33,242 [da0956ba-7c1a-43bf-a8fb-6e60171b4062:group-97184ECAC395:LeaderElection75] INFO  impl.RoleInfo (RoleInfo.java:shutdownLeaderElection(134)) - da0956ba-7c1a-43bf-a8fb-6e60171b4062: shutdown LeaderElection
2019-08-28 09:23:33,242 [grpc-default-executor-5] INFO  segmented.SegmentedRaftLogWorker (SegmentedRaftLogWorker.java:startLogSegment(380)) - da0956ba-7c1a-43bf-a8fb-6e60171b4062-SegmentedRaftLogWorker:Storage Directory /workdir/hadoop-ozone/integration-test/target/test-dir/MiniOzoneClusterImpl-4cacb774-3eea-4282-9e15-e206378f9ec3/datanode-5/data/ratis/a79fd952-7c2f-42b3-b017-65ee5c83e742: Starting segment from index:0
2019-08-28 09:23:33,242 [da0956ba-7c1a-43bf-a8fb-6e60171b4062:group-97184ECAC395:LeaderElection75] INFO  impl.RaftServerImpl (RaftServerImpl.java:setRole(171)) - da0956ba-7c1a-43bf-a8fb-6e60171b4062:group-97184ECAC395 changes role from CANDIDATE to LEADER at term 1 for changeToLeader
2019-08-28 09:23:33,243 [da0956ba-7c1a-43bf-a8fb-6e60171b4062:group-97184ECAC395:LeaderElection75] INFO  impl.RaftServerImpl (ServerState.java:setLeader(263)) - da0956ba-7c1a-43bf-a8fb-6e60171b4062:group-97184ECAC395 change Leader from null to da0956ba-7c1a-43bf-a8fb-6e60171b4062 at term 1 for becomeLeader, leader elected after 5172ms
2019-08-28 09:23:33,243 [da0956ba-7c1a-43bf-a8fb-6e60171b4062:group-97184ECAC395:LeaderElection75] INFO  server.RaftServerConfigKeys (ConfUtils.java:logGet(43)) - raft.server.staging.catchup.gap = 1000 (default)
2019-08-28 09:23:33,243 [da0956ba-7c1a-43bf-a8fb-6e60171b4062:group-97184ECAC395:LeaderElection75] INFO  server.RaftServerConfigKeys (ConfUtils.java:logGet(43)) - raft.server.rpc.sleep.time = 25ms (default)
2019-08-28 09:23:33,243 [da0956ba-7c1a-43bf-a8fb-6e60171b4062:group-97184ECAC395:LeaderElection75] INFO  server.RaftServerConfigKeys (ConfUtils.java:logGet(43)) - raft.server.write.element-limit = 4096 (default)
2019-08-28 09:23:33,243 [da0956ba-7c1a-43bf-a8fb-6e60171b4062:group-97184ECAC395:LeaderElection75] INFO  server.RaftServerConfigKeys (ConfUtils.java:logGet(43)) - raft.server.watch.timeout = 10s (default)
2019-08-28 09:23:33,243 [da0956ba-7c1a-43bf-a8fb-6e60171b4062:group-97184ECAC395:LeaderElection75] INFO  server.RaftServerConfigKeys (ConfUtils.java:logGet(43)) - raft.server.watch.timeout.denomination = 1s (default)
2019-08-28 09:23:33,243 [da0956ba-7c1a-43bf-a8fb-6e60171b4062:group-97184ECAC395:LeaderElection75] INFO  server.RaftServerConfigKeys (ConfUtils.java:logGet(43)) - raft.server.watch.element-limit = 65536 (default)
2019-08-28 09:23:33,244 [da0956ba-7c1a-43bf-a8fb-6e60171b4062:group-97184ECAC395:LeaderElection75] INFO  impl.RoleInfo (RoleInfo.java:updateAndGet(143)) - da0956ba-7c1a-43bf-a8fb-6e60171b4062: start LeaderState
2019-08-28 09:23:33,244 [da0956ba-7c1a-43bf-a8fb-6e60171b4062:group-97184ECAC395:LeaderElection75] INFO  segmented.SegmentedRaftLogWorker (SegmentedRaftLogWorker.java:startLogSegment(380)) - da0956ba-7c1a-43bf-a8fb-6e60171b4062-SegmentedRaftLogWorker:Storage Directory /workdir/hadoop-ozone/integration-test/target/test-dir/MiniOzoneClusterImpl-4cacb774-3eea-4282-9e15-e206378f9ec3/datanode-5/data/ratis/c2e8e319-4eaf-4080-92e4-97184ecac395: Starting segment from index:0
2019-08-28 09:23:33,244 [da0956ba-7c1a-43bf-a8fb-6e60171b4062:group-97184ECAC395:LeaderElection75] INFO  impl.RaftServerImpl (ServerState.java:setRaftConf(361)) - da0956ba-7c1a-43bf-a8fb-6e60171b4062:group-97184ECAC395 set configuration 0: [da0956ba-7c1a-43bf-a8fb-6e60171b4062:192.168.69.108:43508], old=null at 0
2019-08-28 09:23:33,288 [017c1bfe-8ef1-45e4-8827-c462f0c7cc3d-SegmentedRaftLogWorker:Storage Directory /workdir/hadoop-ozone/integration-test/target/test-dir/MiniOzoneClusterImpl-4cacb774-3eea-4282-9e15-e206378f9ec3/datanode-4/data/ratis/a79fd952-7c2f-42b3-b017-65ee5c83e742] INFO  segmented.SegmentedRaftLogWorker (SegmentedRaftLogWorker.java:execute(569)) - 017c1bfe-8ef1-45e4-8827-c462f0c7cc3d-SegmentedRaftLogWorker:Storage Directory /workdir/hadoop-ozone/integration-test/target/test-dir/MiniOzoneClusterImpl-4cacb774-3eea-4282-9e15-e206378f9ec3/datanode-4/data/ratis/a79fd952-7c2f-42b3-b017-65ee5c83e742: created new log segment /workdir/hadoop-ozone/integration-test/target/test-dir/MiniOzoneClusterImpl-4cacb774-3eea-4282-9e15-e206378f9ec3/datanode-4/data/ratis/a79fd952-7c2f-42b3-b017-65ee5c83e742/current/log_inprogress_0
2019-08-28 09:23:33,288 [da0956ba-7c1a-43bf-a8fb-6e60171b4062-SegmentedRaftLogWorker:Storage Directory /workdir/hadoop-ozone/integration-test/target/test-dir/MiniOzoneClusterImpl-4cacb774-3eea-4282-9e15-e206378f9ec3/datanode-5/data/ratis/c2e8e319-4eaf-4080-92e4-97184ecac395] INFO  segmented.SegmentedRaftLogWorker (SegmentedRaftLogWorker.java:execute(569)) - da0956ba-7c1a-43bf-a8fb-6e60171b4062-SegmentedRaftLogWorker:Storage Directory /workdir/hadoop-ozone/integration-test/target/test-dir/MiniOzoneClusterImpl-4cacb774-3eea-4282-9e15-e206378f9ec3/datanode-5/data/ratis/c2e8e319-4eaf-4080-92e4-97184ecac395: created new log segment /workdir/hadoop-ozone/integration-test/target/test-dir/MiniOzoneClusterImpl-4cacb774-3eea-4282-9e15-e206378f9ec3/datanode-5/data/ratis/c2e8e319-4eaf-4080-92e4-97184ecac395/current/log_inprogress_0
2019-08-28 09:23:33,288 [da0956ba-7c1a-43bf-a8fb-6e60171b4062-SegmentedRaftLogWorker:Storage Directory /workdir/hadoop-ozone/integration-test/target/test-dir/MiniOzoneClusterImpl-4cacb774-3eea-4282-9e15-e206378f9ec3/datanode-5/data/ratis/a79fd952-7c2f-42b3-b017-65ee5c83e742] INFO  segmented.SegmentedRaftLogWorker (SegmentedRaftLogWorker.java:execute(569)) - da0956ba-7c1a-43bf-a8fb-6e60171b4062-SegmentedRaftLogWorker:Storage Directory /workdir/hadoop-ozone/integration-test/target/test-dir/MiniOzoneClusterImpl-4cacb774-3eea-4282-9e15-e206378f9ec3/datanode-5/data/ratis/a79fd952-7c2f-42b3-b017-65ee5c83e742: created new log segment /workdir/hadoop-ozone/integration-test/target/test-dir/MiniOzoneClusterImpl-4cacb774-3eea-4282-9e15-e206378f9ec3/datanode-5/data/ratis/a79fd952-7c2f-42b3-b017-65ee5c83e742/current/log_inprogress_0
2019-08-28 09:23:33,293 | INFO  | SCMAudit | user=jenkins1000 | ip=192.168.69.108 | op=SEND_HEARTBEAT {datanodeUUID=30d18fd4-258c-4095-afd7-e4002ec9de67, command=[]} | ret=SUCCESS |  
2019-08-28 09:23:33,368 | INFO  | SCMAudit | user=jenkins1000 | ip=192.168.69.108 | op=SEND_HEARTBEAT {datanodeUUID=65fb3b38-2216-4039-8b36-ca2cf4ff56b9, command=[]} | ret=SUCCESS |  
2019-08-28 09:23:33,443 [grpc-default-executor-5] INFO  client.GrpcClientProtocolClient (GrpcClientProtocolClient.java:onNext(255)) - client-169FAED5DDD0->ad0778d6-c482-4acd-9633-82ac923362d1: receive RaftClientReply:client-169FAED5DDD0->ad0778d6-c482-4acd-9633-82ac923362d1@group-7093D4EDF2B7, cid=183, FAILED org.apache.ratis.protocol.NotLeaderException: Server ad0778d6-c482-4acd-9633-82ac923362d1 is not the leader (65fb3b38-2216-4039-8b36-ca2cf4ff56b9:192.168.69.108:45850). Request must be sent to leader., logIndex=0, commits[ad0778d6-c482-4acd-9633-82ac923362d1:c-1, 65fb3b38-2216-4039-8b36-ca2cf4ff56b9:c-1, 4c101d29-ab5d-4405-8c94-5188adf0a1db:c-1]
2019-08-28 09:23:33,540 [Thread-3573] INFO  impl.FollowerState (FollowerState.java:run(106)) - 30d18fd4-258c-4095-afd7-e4002ec9de67:group-F8B30A31675D changes to CANDIDATE, lastRpcTime:5184, electionTimeout:5184ms
2019-08-28 09:23:33,540 [Thread-3573] INFO  impl.RoleInfo (RoleInfo.java:shutdownFollowerState(121)) - 30d18fd4-258c-4095-afd7-e4002ec9de67: shutdown FollowerState
2019-08-28 09:23:33,540 [Thread-3573] INFO  impl.RaftServerImpl (RaftServerImpl.java:setRole(171)) - 30d18fd4-258c-4095-afd7-e4002ec9de67:group-F8B30A31675D changes role from FOLLOWER to CANDIDATE at term 0 for changeToCandidate
2019-08-28 09:23:33,540 [Thread-3573] INFO  impl.RoleInfo (RoleInfo.java:updateAndGet(143)) - 30d18fd4-258c-4095-afd7-e4002ec9de67: start LeaderElection
2019-08-28 09:23:33,548 | INFO  | SCMAudit | user=jenkins1000 | ip=192.168.69.108 | op=SEND_HEARTBEAT {datanodeUUID=4c101d29-ab5d-4405-8c94-5188adf0a1db, command=[]} | ret=SUCCESS |  
2019-08-28 09:23:33,549 [30d18fd4-258c-4095-afd7-e4002ec9de67:group-F8B30A31675D:LeaderElection76] INFO  impl.LeaderElection (LeaderElection.java:askForVotes(181)) - 30d18fd4-258c-4095-afd7-e4002ec9de67:group-F8B30A31675D:LeaderElection76: begin an election at term 1 for -1: [30d18fd4-258c-4095-afd7-e4002ec9de67:192.168.69.108:39030], old=null
2019-08-28 09:23:33,549 [30d18fd4-258c-4095-afd7-e4002ec9de67:group-F8B30A31675D:LeaderElection76] INFO  impl.RoleInfo (RoleInfo.java:shutdownLeaderElection(134)) - 30d18fd4-258c-4095-afd7-e4002ec9de67: shutdown LeaderElection
2019-08-28 09:23:33,550 [30d18fd4-258c-4095-afd7-e4002ec9de67:group-F8B30A31675D:LeaderElection76] INFO  impl.RaftServerImpl (RaftServerImpl.java:setRole(171)) - 30d18fd4-258c-4095-afd7-e4002ec9de67:group-F8B30A31675D changes role from CANDIDATE to LEADER at term 1 for changeToLeader
2019-08-28 09:23:33,550 [30d18fd4-258c-4095-afd7-e4002ec9de67:group-F8B30A31675D:LeaderElection76] INFO  impl.RaftServerImpl (ServerState.java:setLeader(263)) - 30d18fd4-258c-4095-afd7-e4002ec9de67:group-F8B30A31675D change Leader from null to 30d18fd4-258c-4095-afd7-e4002ec9de67 at term 1 for becomeLeader, leader elected after 5199ms
2019-08-28 09:23:33,550 [30d18fd4-258c-4095-afd7-e4002ec9de67:group-F8B30A31675D:LeaderElection76] INFO  server.RaftServerConfigKeys (ConfUtils.java:logGet(43)) - raft.server.staging.catchup.gap = 1000 (default)
2019-08-28 09:23:33,550 [30d18fd4-258c-4095-afd7-e4002ec9de67:group-F8B30A31675D:LeaderElection76] INFO  server.RaftServerConfigKeys (ConfUtils.java:logGet(43)) - raft.server.rpc.sleep.time = 25ms (default)
2019-08-28 09:23:33,550 [30d18fd4-258c-4095-afd7-e4002ec9de67:group-F8B30A31675D:LeaderElection76] INFO  server.RaftServerConfigKeys (ConfUtils.java:logGet(43)) - raft.server.write.element-limit = 4096 (default)
2019-08-28 09:23:33,550 [30d18fd4-258c-4095-afd7-e4002ec9de67:group-F8B30A31675D:LeaderElection76] INFO  server.RaftServerConfigKeys (ConfUtils.java:logGet(43)) - raft.server.watch.timeout = 10s (default)
2019-08-28 09:23:33,551 [30d18fd4-258c-4095-afd7-e4002ec9de67:group-F8B30A31675D:LeaderElection76] INFO  server.RaftServerConfigKeys (ConfUtils.java:logGet(43)) - raft.server.watch.timeout.denomination = 1s (default)
2019-08-28 09:23:33,551 [30d18fd4-258c-4095-afd7-e4002ec9de67:group-F8B30A31675D:LeaderElection76] INFO  server.RaftServerConfigKeys (ConfUtils.java:logGet(43)) - raft.server.watch.element-limit = 65536 (default)
2019-08-28 09:23:33,551 [30d18fd4-258c-4095-afd7-e4002ec9de67:group-F8B30A31675D:LeaderElection76] INFO  impl.RoleInfo (RoleInfo.java:updateAndGet(143)) - 30d18fd4-258c-4095-afd7-e4002ec9de67: start LeaderState
2019-08-28 09:23:33,551 [30d18fd4-258c-4095-afd7-e4002ec9de67:group-F8B30A31675D:LeaderElection76] INFO  segmented.SegmentedRaftLogWorker (SegmentedRaftLogWorker.java:startLogSegment(380)) - 30d18fd4-258c-4095-afd7-e4002ec9de67-SegmentedRaftLogWorker:Storage Directory /workdir/hadoop-ozone/integration-test/target/test-dir/MiniOzoneClusterImpl-4cacb774-3eea-4282-9e15-e206378f9ec3/datanode-6/data/ratis/7754d697-38a7-4546-8bad-f8b30a31675d: Starting segment from index:0
2019-08-28 09:23:33,552 [30d18fd4-258c-4095-afd7-e4002ec9de67:group-F8B30A31675D:LeaderElection76] INFO  impl.RaftServerImpl (ServerState.java:setRaftConf(361)) - 30d18fd4-258c-4095-afd7-e4002ec9de67:group-F8B30A31675D set configuration 0: [30d18fd4-258c-4095-afd7-e4002ec9de67:192.168.69.108:39030], old=null at 0
2019-08-28 09:23:33,583 | INFO  | SCMAudit | user=jenkins1000 | ip=192.168.69.108 | op=SEND_HEARTBEAT {datanodeUUID=e27b78fe-542d-4189-a93b-0fd90f2d778c, command=[]} | ret=SUCCESS |  
2019-08-28 09:23:33,585 [30d18fd4-258c-4095-afd7-e4002ec9de67-SegmentedRaftLogWorker:Storage Directory /workdir/hadoop-ozone/integration-test/target/test-dir/MiniOzoneClusterImpl-4cacb774-3eea-4282-9e15-e206378f9ec3/datanode-6/data/ratis/7754d697-38a7-4546-8bad-f8b30a31675d] INFO  segmented.SegmentedRaftLogWorker (SegmentedRaftLogWorker.java:execute(569)) - 30d18fd4-258c-4095-afd7-e4002ec9de67-SegmentedRaftLogWorker:Storage Directory /workdir/hadoop-ozone/integration-test/target/test-dir/MiniOzoneClusterImpl-4cacb774-3eea-4282-9e15-e206378f9ec3/datanode-6/data/ratis/7754d697-38a7-4546-8bad-f8b30a31675d: created new log segment /workdir/hadoop-ozone/integration-test/target/test-dir/MiniOzoneClusterImpl-4cacb774-3eea-4282-9e15-e206378f9ec3/datanode-6/data/ratis/7754d697-38a7-4546-8bad-f8b30a31675d/current/log_inprogress_0
2019-08-28 09:23:33,596 | INFO  | DNAudit | user=null | ip=null | op=WRITE_CHUNK {blockData=conID: 1 locID: 102693877144682510 bcsId: 0} | ret=SUCCESS |  
2019-08-28 09:23:33,596 | INFO  | DNAudit | user=null | ip=null | op=WRITE_CHUNK {blockData=conID: 1 locID: 102693877144682510 bcsId: 0} | ret=SUCCESS |  
2019-08-28 09:23:33,598 | INFO  | DNAudit | user=null | ip=null | op=WRITE_CHUNK {blockData=conID: 1 locID: 102693877144682510 bcsId: 0} | ret=SUCCESS |  
2019-08-28 09:23:33,599 | INFO  | SCMAudit | user=jenkins1000 | ip=192.168.69.108 | op=SEND_HEARTBEAT {datanodeUUID=ad0778d6-c482-4acd-9633-82ac923362d1, command=[]} | ret=SUCCESS |  
2019-08-28 09:23:33,599 | INFO  | SCMAudit | user=jenkins1000 | ip=192.168.69.108 | op=SEND_HEARTBEAT {datanodeUUID=65fb3b38-2216-4039-8b36-ca2cf4ff56b9, command=[]} | ret=SUCCESS |  
2019-08-28 09:23:33,599 | INFO  | SCMAudit | user=jenkins1000 | ip=192.168.69.108 | op=SEND_HEARTBEAT {datanodeUUID=4c101d29-ab5d-4405-8c94-5188adf0a1db, command=[]} | ret=SUCCESS |  
2019-08-28 09:23:33,603 | INFO  | DNAudit | user=null | ip=null | op=WRITE_CHUNK {blockData=conID: 1 locID: 102693877144682510 bcsId: 0} | ret=SUCCESS |  
2019-08-28 09:23:33,614 | INFO  | DNAudit | user=null | ip=null | op=WRITE_CHUNK {blockData=conID: 1 locID: 102693877144682510 bcsId: 0} | ret=SUCCESS |  
2019-08-28 09:23:33,614 | INFO  | DNAudit | user=null | ip=null | op=WRITE_CHUNK {blockData=conID: 1 locID: 102693877144682510 bcsId: 0} | ret=SUCCESS |  
2019-08-28 09:23:33,614 [grpc-default-executor-10] INFO  client.GrpcClientProtocolClient (GrpcClientProtocolClient.java:onNext(255)) - client-169FAED5DDD0->65fb3b38-2216-4039-8b36-ca2cf4ff56b9: receive RaftClientReply:client-169FAED5DDD0->65fb3b38-2216-4039-8b36-ca2cf4ff56b9@group-7093D4EDF2B7, cid=183, SUCCESS, logIndex=1, commits[65fb3b38-2216-4039-8b36-ca2cf4ff56b9:c1, ad0778d6-c482-4acd-9633-82ac923362d1:c0, 4c101d29-ab5d-4405-8c94-5188adf0a1db:c0]
2019-08-28 09:23:33,617 | INFO  | DNAudit | user=null | ip=null | op=WRITE_CHUNK {blockData=conID: 1 locID: 102693877144682510 bcsId: 0} | ret=SUCCESS |  
2019-08-28 09:23:33,618 | INFO  | DNAudit | user=null | ip=null | op=WRITE_CHUNK {blockData=conID: 1 locID: 102693877144682510 bcsId: 0} | ret=SUCCESS |  
2019-08-28 09:23:33,618 | INFO  | DNAudit | user=null | ip=null | op=WRITE_CHUNK {blockData=conID: 1 locID: 102693877144682510 bcsId: 0} | ret=SUCCESS |  
2019-08-28 09:23:33,619 | INFO  | DNAudit | user=null | ip=null | op=WRITE_CHUNK {blockData=conID: 1 locID: 102693877144682510 bcsId: 0} | ret=SUCCESS |  
2019-08-28 09:23:33,620 | INFO  | DNAudit | user=null | ip=null | op=WRITE_CHUNK {blockData=conID: 1 locID: 102693877144682510 bcsId: 0} | ret=SUCCESS |  
2019-08-28 09:23:33,621 | INFO  | DNAudit | user=null | ip=null | op=WRITE_CHUNK {blockData=conID: 1 locID: 102693877144682510 bcsId: 0} | ret=SUCCESS |  
2019-08-28 09:23:33,621 | INFO  | DNAudit | user=null | ip=null | op=WRITE_CHUNK {blockData=conID: 1 locID: 102693877144682510 bcsId: 0} | ret=SUCCESS |  
2019-08-28 09:23:33,622 | INFO  | DNAudit | user=null | ip=null | op=WRITE_CHUNK {blockData=conID: 1 locID: 102693877144682510 bcsId: 0} | ret=SUCCESS |  
2019-08-28 09:23:33,622 | INFO  | DNAudit | user=null | ip=null | op=WRITE_CHUNK {blockData=conID: 1 locID: 102693877144682510 bcsId: 0} | ret=SUCCESS |  
2019-08-28 09:23:33,622 | INFO  | DNAudit | user=null | ip=null | op=WRITE_CHUNK {blockData=conID: 1 locID: 102693877144682510 bcsId: 0} | ret=SUCCESS |  
2019-08-28 09:23:33,626 [grpc-default-executor-10] INFO  client.GrpcClientProtocolClient (GrpcClientProtocolClient.java:onNext(255)) - client-169FAED5DDD0->65fb3b38-2216-4039-8b36-ca2cf4ff56b9: receive RaftClientReply:client-169FAED5DDD0->65fb3b38-2216-4039-8b36-ca2cf4ff56b9@group-7093D4EDF2B7, cid=184, SUCCESS, logIndex=3, commits[65fb3b38-2216-4039-8b36-ca2cf4ff56b9:c4, ad0778d6-c482-4acd-9633-82ac923362d1:c2, 4c101d29-ab5d-4405-8c94-5188adf0a1db:c2]
2019-08-28 09:23:33,629 | INFO  | DNAudit | user=null | ip=null | op=WRITE_CHUNK {blockData=conID: 1 locID: 102693877144682510 bcsId: 0} | ret=SUCCESS |  
2019-08-28 09:23:33,630 | INFO  | DNAudit | user=null | ip=null | op=WRITE_CHUNK {blockData=conID: 1 locID: 102693877144682510 bcsId: 0} | ret=SUCCESS |  
2019-08-28 09:23:33,653 | INFO  | DNAudit | user=null | ip=null | op=PUT_BLOCK {blockData=[blockId=conID: 1 locID: 102693877144682510 bcsId: 0,size=200]} | ret=SUCCESS |  
2019-08-28 09:23:33,655 | INFO  | DNAudit | user=null | ip=null | op=WRITE_CHUNK {blockData=conID: 1 locID: 102693877144682510 bcsId: 0} | ret=SUCCESS |  
2019-08-28 09:23:33,657 | INFO  | DNAudit | user=null | ip=null | op=WRITE_CHUNK {blockData=conID: 1 locID: 102693877144682510 bcsId: 0} | ret=SUCCESS |  
2019-08-28 09:23:33,656 [grpc-default-executor-9] INFO  client.GrpcClientProtocolClient (GrpcClientProtocolClient.java:onNext(255)) - client-169FAED5DDD0->65fb3b38-2216-4039-8b36-ca2cf4ff56b9: receive RaftClientReply:client-169FAED5DDD0->65fb3b38-2216-4039-8b36-ca2cf4ff56b9@group-7093D4EDF2B7, cid=185, SUCCESS, logIndex=4, commits[65fb3b38-2216-4039-8b36-ca2cf4ff56b9:c12, ad0778d6-c482-4acd-9633-82ac923362d1:c7, 4c101d29-ab5d-4405-8c94-5188adf0a1db:c7]
2019-08-28 09:23:33,657 [grpc-default-executor-9] INFO  client.GrpcClientProtocolClient (GrpcClientProtocolClient.java:onNext(255)) - client-169FAED5DDD0->65fb3b38-2216-4039-8b36-ca2cf4ff56b9: receive RaftClientReply:client-169FAED5DDD0->65fb3b38-2216-4039-8b36-ca2cf4ff56b9@group-7093D4EDF2B7, cid=186, SUCCESS, logIndex=5, commits[65fb3b38-2216-4039-8b36-ca2cf4ff56b9:c12, ad0778d6-c482-4acd-9633-82ac923362d1:c7, 4c101d29-ab5d-4405-8c94-5188adf0a1db:c7]
2019-08-28 09:23:33,658 [grpc-default-executor-9] INFO  client.GrpcClientProtocolClient (GrpcClientProtocolClient.java:onNext(255)) - client-169FAED5DDD0->65fb3b38-2216-4039-8b36-ca2cf4ff56b9: receive RaftClientReply:client-169FAED5DDD0->65fb3b38-2216-4039-8b36-ca2cf4ff56b9@group-7093D4EDF2B7, cid=187, SUCCESS, logIndex=6, commits[65fb3b38-2216-4039-8b36-ca2cf4ff56b9:c12, ad0778d6-c482-4acd-9633-82ac923362d1:c7, 4c101d29-ab5d-4405-8c94-5188adf0a1db:c7]
2019-08-28 09:23:33,674 | INFO  | DNAudit | user=null | ip=null | op=PUT_BLOCK {blockData=[blockId=conID: 1 locID: 102693877144682510 bcsId: 0,size=200]} | ret=SUCCESS |  
2019-08-28 09:23:33,675 | INFO  | DNAudit | user=null | ip=null | op=WRITE_CHUNK {blockData=conID: 1 locID: 102693877144682510 bcsId: 0} | ret=SUCCESS |  
2019-08-28 09:23:33,675 | INFO  | DNAudit | user=null | ip=null | op=WRITE_CHUNK {blockData=conID: 1 locID: 102693877144682510 bcsId: 0} | ret=SUCCESS |  
2019-08-28 09:23:33,712 | INFO  | DNAudit | user=null | ip=null | op=PUT_BLOCK {blockData=[blockId=conID: 1 locID: 102693877144682510 bcsId: 0,size=400]} | ret=SUCCESS |  
2019-08-28 09:23:33,712 | INFO  | DNAudit | user=null | ip=null | op=PUT_BLOCK {blockData=[blockId=conID: 1 locID: 102693877144682510 bcsId: 0,size=400]} | ret=SUCCESS |  
2019-08-28 09:23:33,713 | INFO  | DNAudit | user=null | ip=null | op=PUT_BLOCK {blockData=[blockId=conID: 1 locID: 102693877144682510 bcsId: 0,size=200]} | ret=SUCCESS |  
2019-08-28 09:23:33,714 | INFO  | DNAudit | user=null | ip=null | op=WRITE_CHUNK {blockData=conID: 1 locID: 102693877144682510 bcsId: 0} | ret=SUCCESS |  
2019-08-28 09:23:33,714 | INFO  | DNAudit | user=null | ip=null | op=WRITE_CHUNK {blockData=conID: 1 locID: 102693877144682510 bcsId: 0} | ret=SUCCESS |  
2019-08-28 09:23:33,715 | INFO  | DNAudit | user=null | ip=null | op=PUT_BLOCK {blockData=[blockId=conID: 1 locID: 102693877144682510 bcsId: 0,size=400]} | ret=SUCCESS |  
2019-08-28 09:23:33,715 [grpc-default-executor-9] INFO  client.GrpcClientProtocolClient (GrpcClientProtocolClient.java:onNext(255)) - client-169FAED5DDD0->65fb3b38-2216-4039-8b36-ca2cf4ff56b9: receive RaftClientReply:client-169FAED5DDD0->65fb3b38-2216-4039-8b36-ca2cf4ff56b9@group-7093D4EDF2B7, cid=188, SUCCESS, logIndex=7, commits[65fb3b38-2216-4039-8b36-ca2cf4ff56b9:c12, ad0778d6-c482-4acd-9633-82ac923362d1:c7, 4c101d29-ab5d-4405-8c94-5188adf0a1db:c7]
2019-08-28 09:23:33,720 | INFO  | DNAudit | user=null | ip=null | op=WRITE_CHUNK {blockData=conID: 1 locID: 102693877144682510 bcsId: 7} | ret=SUCCESS |  
2019-08-28 09:23:33,721 | INFO  | DNAudit | user=null | ip=null | op=WRITE_CHUNK {blockData=conID: 1 locID: 102693877144682510 bcsId: 7} | ret=SUCCESS |  
2019-08-28 09:23:33,721 | INFO  | DNAudit | user=null | ip=null | op=WRITE_CHUNK {blockData=conID: 1 locID: 102693877144682510 bcsId: 7} | ret=SUCCESS |  
2019-08-28 09:23:33,734 | INFO  | DNAudit | user=null | ip=null | op=WRITE_CHUNK {blockData=conID: 1 locID: 102693877144682510 bcsId: 7} | ret=SUCCESS |  
2019-08-28 09:23:33,735 | INFO  | DNAudit | user=null | ip=null | op=PUT_BLOCK {blockData=[blockId=conID: 1 locID: 102693877144682510 bcsId: 0,size=450]} | ret=SUCCESS |  
2019-08-28 09:23:33,736 [grpc-default-executor-9] INFO  client.GrpcClientProtocolClient (GrpcClientProtocolClient.java:onNext(255)) - client-169FAED5DDD0->65fb3b38-2216-4039-8b36-ca2cf4ff56b9: receive RaftClientReply:client-169FAED5DDD0->65fb3b38-2216-4039-8b36-ca2cf4ff56b9@group-7093D4EDF2B7, cid=189, SUCCESS, logIndex=13, commits[65fb3b38-2216-4039-8b36-ca2cf4ff56b9:c14, ad0778d6-c482-4acd-9633-82ac923362d1:c12, 4c101d29-ab5d-4405-8c94-5188adf0a1db:c12]
2019-08-28 09:23:33,737 [grpc-default-executor-9] INFO  client.GrpcClientProtocolClient (GrpcClientProtocolClient.java:onNext(255)) - client-169FAED5DDD0->65fb3b38-2216-4039-8b36-ca2cf4ff56b9: receive RaftClientReply:client-169FAED5DDD0->65fb3b38-2216-4039-8b36-ca2cf4ff56b9@group-7093D4EDF2B7, cid=190, SUCCESS, logIndex=14, commits[65fb3b38-2216-4039-8b36-ca2cf4ff56b9:c14, ad0778d6-c482-4acd-9633-82ac923362d1:c12, 4c101d29-ab5d-4405-8c94-5188adf0a1db:c12]
2019-08-28 09:23:33,746 | INFO  | DNAudit | user=null | ip=null | op=WRITE_CHUNK {blockData=conID: 1 locID: 102693877144682510 bcsId: 7} | ret=SUCCESS |  
2019-08-28 09:23:33,746 | INFO  | DNAudit | user=null | ip=null | op=WRITE_CHUNK {blockData=conID: 1 locID: 102693877144682510 bcsId: 7} | ret=SUCCESS |  
2019-08-28 09:23:33,747 | INFO  | DNAudit | user=null | ip=null | op=PUT_BLOCK {blockData=[blockId=conID: 1 locID: 102693877144682510 bcsId: 0,size=450]} | ret=SUCCESS |  
2019-08-28 09:23:33,748 | INFO  | DNAudit | user=null | ip=null | op=PUT_BLOCK {blockData=[blockId=conID: 1 locID: 102693877144682510 bcsId: 0,size=450]} | ret=SUCCESS |  
2019-08-28 09:23:33,752 [grpc-default-executor-9] INFO  client.GrpcClientProtocolClient (GrpcClientProtocolClient.java:onNext(255)) - client-169FAED5DDD0->65fb3b38-2216-4039-8b36-ca2cf4ff56b9: receive RaftClientReply:client-169FAED5DDD0->65fb3b38-2216-4039-8b36-ca2cf4ff56b9@group-7093D4EDF2B7, cid=191, SUCCESS, logIndex=0, commits[65fb3b38-2216-4039-8b36-ca2cf4ff56b9:c16, ad0778d6-c482-4acd-9633-82ac923362d1:c14, 4c101d29-ab5d-4405-8c94-5188adf0a1db:c14]
2019-08-28 09:23:33,752 [main] INFO  datanode.ObjectStoreHandler (ObjectStoreHandler.java:close(155)) - Closing ObjectStoreHandler.
2019-08-28 09:23:33,753 [main] INFO  ozone.HddsDatanodeService (HddsDatanodeService.java:stop(451)) - Stopped plug-in org.apache.hadoop.ozone.web.OzoneHddsDatanodeService@5d87c8af
2019-08-28 09:23:33,783 | INFO  | SCMAudit | user=jenkins1000 | ip=192.168.69.108 | op=SEND_HEARTBEAT {datanodeUUID=017c1bfe-8ef1-45e4-8827-c462f0c7cc3d, command=[]} | ret=SUCCESS |  
2019-08-28 09:23:34,031 | INFO  | SCMAudit | user=jenkins1000 | ip=192.168.69.108 | op=SEND_HEARTBEAT {datanodeUUID=da0956ba-7c1a-43bf-a8fb-6e60171b4062, command=[]} | ret=SUCCESS |  
2019-08-28 09:23:34,294 | INFO  | SCMAudit | user=jenkins1000 | ip=192.168.69.108 | op=SEND_HEARTBEAT {datanodeUUID=30d18fd4-258c-4095-afd7-e4002ec9de67, command=[]} | ret=SUCCESS |  
2019-08-28 09:23:34,582 | INFO  | SCMAudit | user=jenkins1000 | ip=192.168.69.108 | op=SEND_HEARTBEAT {datanodeUUID=e27b78fe-542d-4189-a93b-0fd90f2d778c, command=[]} | ret=SUCCESS |  
2019-08-28 09:23:34,592 [Datanode State Machine Thread - 0] INFO  statemachine.DatanodeStateMachine (DatanodeStateMachine.java:lambda$startDaemon$0(350)) - Ozone container server started.
2019-08-28 09:23:34,592 | INFO  | SCMAudit | user=jenkins1000 | ip=192.168.69.108 | op=SEND_HEARTBEAT {datanodeUUID=4c101d29-ab5d-4405-8c94-5188adf0a1db, command=[]} | ret=SUCCESS |  
2019-08-28 09:23:34,594 | INFO  | SCMAudit | user=jenkins1000 | ip=192.168.69.108 | op=SEND_HEARTBEAT {datanodeUUID=ad0778d6-c482-4acd-9633-82ac923362d1, command=[]} | ret=SUCCESS |  
2019-08-28 09:23:34,782 | INFO  | SCMAudit | user=jenkins1000 | ip=192.168.69.108 | op=SEND_HEARTBEAT {datanodeUUID=017c1bfe-8ef1-45e4-8827-c462f0c7cc3d, command=[]} | ret=SUCCESS |  
2019-08-28 09:23:35,032 | INFO  | SCMAudit | user=jenkins1000 | ip=192.168.69.108 | op=SEND_HEARTBEAT {datanodeUUID=da0956ba-7c1a-43bf-a8fb-6e60171b4062, command=[]} | ret=SUCCESS |  
2019-08-28 09:23:35,293 | INFO  | SCMAudit | user=jenkins1000 | ip=192.168.69.108 | op=SEND_HEARTBEAT {datanodeUUID=30d18fd4-258c-4095-afd7-e4002ec9de67, command=[]} | ret=SUCCESS |  
2019-08-28 09:23:35,583 | INFO  | SCMAudit | user=jenkins1000 | ip=192.168.69.108 | op=SEND_HEARTBEAT {datanodeUUID=e27b78fe-542d-4189-a93b-0fd90f2d778c, command=[]} | ret=SUCCESS |  
2019-08-28 09:23:35,593 | INFO  | SCMAudit | user=jenkins1000 | ip=192.168.69.108 | op=SEND_HEARTBEAT {datanodeUUID=4c101d29-ab5d-4405-8c94-5188adf0a1db, command=[]} | ret=SUCCESS |  
2019-08-28 09:23:35,595 | INFO  | SCMAudit | user=jenkins1000 | ip=192.168.69.108 | op=SEND_HEARTBEAT {datanodeUUID=ad0778d6-c482-4acd-9633-82ac923362d1, command=[]} | ret=SUCCESS |  
2019-08-28 09:23:35,782 | INFO  | SCMAudit | user=jenkins1000 | ip=192.168.69.108 | op=SEND_HEARTBEAT {datanodeUUID=017c1bfe-8ef1-45e4-8827-c462f0c7cc3d, command=[]} | ret=SUCCESS |  
2019-08-28 09:23:36,032 | INFO  | SCMAudit | user=jenkins1000 | ip=192.168.69.108 | op=SEND_HEARTBEAT {datanodeUUID=da0956ba-7c1a-43bf-a8fb-6e60171b4062, command=[]} | ret=SUCCESS |  
2019-08-28 09:23:36,293 | INFO  | SCMAudit | user=jenkins1000 | ip=192.168.69.108 | op=SEND_HEARTBEAT {datanodeUUID=30d18fd4-258c-4095-afd7-e4002ec9de67, command=[]} | ret=SUCCESS |  
2019-08-28 09:23:36,582 | INFO  | SCMAudit | user=jenkins1000 | ip=192.168.69.108 | op=SEND_HEARTBEAT {datanodeUUID=e27b78fe-542d-4189-a93b-0fd90f2d778c, command=[]} | ret=SUCCESS |  
2019-08-28 09:23:36,593 | INFO  | SCMAudit | user=jenkins1000 | ip=192.168.69.108 | op=SEND_HEARTBEAT {datanodeUUID=4c101d29-ab5d-4405-8c94-5188adf0a1db, command=[]} | ret=SUCCESS |  
2019-08-28 09:23:36,594 | INFO  | SCMAudit | user=jenkins1000 | ip=192.168.69.108 | op=SEND_HEARTBEAT {datanodeUUID=ad0778d6-c482-4acd-9633-82ac923362d1, command=[]} | ret=SUCCESS |  
2019-08-28 09:23:36,782 | INFO  | SCMAudit | user=jenkins1000 | ip=192.168.69.108 | op=SEND_HEARTBEAT {datanodeUUID=017c1bfe-8ef1-45e4-8827-c462f0c7cc3d, command=[]} | ret=SUCCESS |  
2019-08-28 09:23:37,032 | INFO  | SCMAudit | user=jenkins1000 | ip=192.168.69.108 | op=SEND_HEARTBEAT {datanodeUUID=da0956ba-7c1a-43bf-a8fb-6e60171b4062, command=[]} | ret=SUCCESS |  
2019-08-28 09:23:37,294 | INFO  | SCMAudit | user=jenkins1000 | ip=192.168.69.108 | op=SEND_HEARTBEAT {datanodeUUID=30d18fd4-258c-4095-afd7-e4002ec9de67, command=[]} | ret=SUCCESS |  
2019-08-28 09:23:37,583 | INFO  | SCMAudit | user=jenkins1000 | ip=192.168.69.108 | op=SEND_HEARTBEAT {datanodeUUID=e27b78fe-542d-4189-a93b-0fd90f2d778c, command=[]} | ret=SUCCESS |  
2019-08-28 09:23:37,593 | INFO  | SCMAudit | user=jenkins1000 | ip=192.168.69.108 | op=SEND_HEARTBEAT {datanodeUUID=4c101d29-ab5d-4405-8c94-5188adf0a1db, command=[]} | ret=SUCCESS |  
2019-08-28 09:23:37,594 | INFO  | SCMAudit | user=jenkins1000 | ip=192.168.69.108 | op=SEND_HEARTBEAT {datanodeUUID=ad0778d6-c482-4acd-9633-82ac923362d1, command=[]} | ret=SUCCESS |  
2019-08-28 09:23:37,783 | INFO  | SCMAudit | user=jenkins1000 | ip=192.168.69.108 | op=SEND_HEARTBEAT {datanodeUUID=017c1bfe-8ef1-45e4-8827-c462f0c7cc3d, command=[]} | ret=SUCCESS |  
2019-08-28 09:23:38,033 | INFO  | SCMAudit | user=jenkins1000 | ip=192.168.69.108 | op=SEND_HEARTBEAT {datanodeUUID=da0956ba-7c1a-43bf-a8fb-6e60171b4062, command=[]} | ret=SUCCESS |  
2019-08-28 09:23:38,293 | INFO  | SCMAudit | user=jenkins1000 | ip=192.168.69.108 | op=SEND_HEARTBEAT {datanodeUUID=30d18fd4-258c-4095-afd7-e4002ec9de67, command=[]} | ret=SUCCESS |  
2019-08-28 09:23:38,582 | INFO  | SCMAudit | user=jenkins1000 | ip=192.168.69.108 | op=SEND_HEARTBEAT {datanodeUUID=e27b78fe-542d-4189-a93b-0fd90f2d778c, command=[]} | ret=SUCCESS |  
2019-08-28 09:23:38,593 | INFO  | SCMAudit | user=jenkins1000 | ip=192.168.69.108 | op=SEND_HEARTBEAT {datanodeUUID=4c101d29-ab5d-4405-8c94-5188adf0a1db, command=[]} | ret=SUCCESS |  
2019-08-28 09:23:38,594 | INFO  | SCMAudit | user=jenkins1000 | ip=192.168.69.108 | op=SEND_HEARTBEAT {datanodeUUID=ad0778d6-c482-4acd-9633-82ac923362d1, command=[]} | ret=SUCCESS |  
2019-08-28 09:23:38,603 [EventQueue-StaleNodeForStaleNodeHandler] INFO  node.StaleNodeHandler (StaleNodeHandler.java:onMessage(58)) - Datanode 65fb3b38-2216-4039-8b36-ca2cf4ff56b9{ip: 192.168.69.108, host: pr-hdds-1094-85qxc-974882988, networkLocation: /default-rack, certSerialId: null} moved to stale state. Finalizing its pipelines [PipelineID=65536866-5c8f-422b-896a-7093d4edf2b7, PipelineID=4c7be126-7277-40f8-9e69-3c62da4fbc53]
2019-08-28 09:23:38,604 [EventQueue-StaleNodeForStaleNodeHandler] INFO  pipeline.SCMPipelineManager (SCMPipelineManager.java:finalizeAndDestroyPipeline(309)) - destroying pipeline:Pipeline[ Id: 65536866-5c8f-422b-896a-7093d4edf2b7, Nodes: 65fb3b38-2216-4039-8b36-ca2cf4ff56b9{ip: 192.168.69.108, host: pr-hdds-1094-85qxc-974882988, networkLocation: /default-rack, certSerialId: null}ad0778d6-c482-4acd-9633-82ac923362d1{ip: 192.168.69.108, host: pr-hdds-1094-85qxc-974882988, networkLocation: /default-rack, certSerialId: null}4c101d29-ab5d-4405-8c94-5188adf0a1db{ip: 192.168.69.108, host: pr-hdds-1094-85qxc-974882988, networkLocation: /default-rack, certSerialId: null}, Type:RATIS, Factor:THREE, State:OPEN]
2019-08-28 09:23:38,604 [EventQueue-StaleNodeForStaleNodeHandler] INFO  pipeline.PipelineStateManager (PipelineStateManager.java:finalizePipeline(123)) - Pipeline Pipeline[ Id: 65536866-5c8f-422b-896a-7093d4edf2b7, Nodes: 65fb3b38-2216-4039-8b36-ca2cf4ff56b9{ip: 192.168.69.108, host: pr-hdds-1094-85qxc-974882988, networkLocation: /default-rack, certSerialId: null}ad0778d6-c482-4acd-9633-82ac923362d1{ip: 192.168.69.108, host: pr-hdds-1094-85qxc-974882988, networkLocation: /default-rack, certSerialId: null}4c101d29-ab5d-4405-8c94-5188adf0a1db{ip: 192.168.69.108, host: pr-hdds-1094-85qxc-974882988, networkLocation: /default-rack, certSerialId: null}, Type:RATIS, Factor:THREE, State:CLOSED] moved to CLOSED state
2019-08-28 09:23:38,604 [EventQueue-StaleNodeForStaleNodeHandler] INFO  pipeline.SCMPipelineManager (SCMPipelineManager.java:finalizeAndDestroyPipeline(309)) - destroying pipeline:Pipeline[ Id: 4c7be126-7277-40f8-9e69-3c62da4fbc53, Nodes: 65fb3b38-2216-4039-8b36-ca2cf4ff56b9{ip: 192.168.69.108, host: pr-hdds-1094-85qxc-974882988, networkLocation: /default-rack, certSerialId: null}, Type:RATIS, Factor:ONE, State:OPEN]
2019-08-28 09:23:38,605 [EventQueue-CloseContainerForCloseContainerEventHandler] INFO  container.CloseContainerEventHandler (CloseContainerEventHandler.java:onMessage(61)) - Close container Event triggered for container : #1
2019-08-28 09:23:38,605 [EventQueue-StaleNodeForStaleNodeHandler] INFO  pipeline.PipelineStateManager (PipelineStateManager.java:finalizePipeline(123)) - Pipeline Pipeline[ Id: 4c7be126-7277-40f8-9e69-3c62da4fbc53, Nodes: 65fb3b38-2216-4039-8b36-ca2cf4ff56b9{ip: 192.168.69.108, host: pr-hdds-1094-85qxc-974882988, networkLocation: /default-rack, certSerialId: null}, Type:RATIS, Factor:ONE, State:CLOSED] moved to CLOSED state
2019-08-28 09:23:38,756 [main] INFO  ozoneimpl.OzoneContainer (OzoneContainer.java:stop(215)) - Attempting to stop container services.
2019-08-28 09:23:38,757 [main] INFO  impl.RaftServerProxy (RaftServerProxy.java:lambda$close$4(314)) - 65fb3b38-2216-4039-8b36-ca2cf4ff56b9: close
2019-08-28 09:23:38,758 [main] INFO  impl.RaftServerImpl (RaftServerImpl.java:lambda$shutdown$3(245)) - 65fb3b38-2216-4039-8b36-ca2cf4ff56b9: shutdown group-7093D4EDF2B7
2019-08-28 09:23:38,758 [main] INFO  util.JmxRegister (JmxRegister.java:unregister(73)) - Successfully un-registered JMX Bean with object name Ratis:service=RaftServer,group=group-7093D4EDF2B7,id=65fb3b38-2216-4039-8b36-ca2cf4ff56b9
2019-08-28 09:23:38,759 [main] INFO  impl.RoleInfo (RoleInfo.java:shutdownLeaderState(104)) - 65fb3b38-2216-4039-8b36-ca2cf4ff56b9: shutdown LeaderState
2019-08-28 09:23:38,764 [org.apache.ratis.server.impl.LogAppender$AppenderDaemon$$Lambda$484/285280687@41a17551] WARN  server.GrpcLogAppender (GrpcLogAppender.java:mayWait(143)) - GrpcLogAppender(65fb3b38-2216-4039-8b36-ca2cf4ff56b9->ad0778d6-c482-4acd-9633-82ac923362d1): Wait interrupted by java.lang.InterruptedException
2019-08-28 09:23:38,764 [org.apache.ratis.server.impl.LogAppender$AppenderDaemon$$Lambda$484/285280687@4a3e301] WARN  server.GrpcLogAppender (GrpcLogAppender.java:mayWait(143)) - GrpcLogAppender(65fb3b38-2216-4039-8b36-ca2cf4ff56b9->4c101d29-ab5d-4405-8c94-5188adf0a1db): Wait interrupted by java.lang.InterruptedException
2019-08-28 09:23:38,764 [main] INFO  impl.PendingRequests (PendingRequests.java:sendNotLeaderResponses(202)) - 65fb3b38-2216-4039-8b36-ca2cf4ff56b9-PendingRequests: sendNotLeaderResponses
2019-08-28 09:23:38,764 [grpc-default-executor-9] INFO  server.GrpcServerProtocolService (GrpcServerProtocolService.java:onCompleted(104)) - 4c101d29-ab5d-4405-8c94-5188adf0a1db: appendEntries completed
2019-08-28 09:23:38,764 [grpc-default-executor-10] INFO  server.GrpcServerProtocolService (GrpcServerProtocolService.java:onCompleted(104)) - ad0778d6-c482-4acd-9633-82ac923362d1: appendEntries completed
2019-08-28 09:23:38,769 [main] INFO  impl.StateMachineUpdater (StateMachineUpdater.java:stopAndJoin(115)) - StateMachineUpdater:65fb3b38-2216-4039-8b36-ca2cf4ff56b9:group-7093D4EDF2B7: set stopIndex = 16
2019-08-28 09:23:38,770 [grpc-default-executor-10] INFO  server.GrpcLogAppender (GrpcLogAppender.java:onCompleted(292)) - 65fb3b38-2216-4039-8b36-ca2cf4ff56b9->ad0778d6-c482-4acd-9633-82ac923362d1: follower responses appendEntries COMPLETED
2019-08-28 09:23:38,770 [grpc-default-executor-9] INFO  server.GrpcLogAppender (GrpcLogAppender.java:onCompleted(292)) - 65fb3b38-2216-4039-8b36-ca2cf4ff56b9->4c101d29-ab5d-4405-8c94-5188adf0a1db: follower responses appendEntries COMPLETED
2019-08-28 09:23:38,770 [grpc-default-executor-10] INFO  impl.FollowerInfo (FollowerInfo.java:lambda$new$0(50)) - 65fb3b38-2216-4039-8b36-ca2cf4ff56b9->ad0778d6-c482-4acd-9633-82ac923362d1: nextIndex: updateUnconditionally 17 -> 16
2019-08-28 09:23:38,769 [StateMachineUpdater:65fb3b38-2216-4039-8b36-ca2cf4ff56b9:group-7093D4EDF2B7] INFO  ratis.ContainerStateMachine (ContainerStateMachine.java:takeSnapshot(284)) - group-7093D4EDF2B7: Taking a snapshot at:(t:1, i:14) file /workdir/hadoop-ozone/integration-test/target/test-dir/MiniOzoneClusterImpl-4cacb774-3eea-4282-9e15-e206378f9ec3/datanode-2/data/ratis/65536866-5c8f-422b-896a-7093d4edf2b7/sm/snapshot.1_14
2019-08-28 09:23:38,771 [grpc-default-executor-9] INFO  impl.FollowerInfo (FollowerInfo.java:lambda$new$0(50)) - 65fb3b38-2216-4039-8b36-ca2cf4ff56b9->4c101d29-ab5d-4405-8c94-5188adf0a1db: nextIndex: updateUnconditionally 17 -> 16
2019-08-28 09:23:38,782 | INFO  | SCMAudit | user=jenkins1000 | ip=192.168.69.108 | op=SEND_HEARTBEAT {datanodeUUID=017c1bfe-8ef1-45e4-8827-c462f0c7cc3d, command=[]} | ret=SUCCESS |  
2019-08-28 09:23:38,785 [StateMachineUpdater:65fb3b38-2216-4039-8b36-ca2cf4ff56b9:group-7093D4EDF2B7] INFO  ratis.ContainerStateMachine (ContainerStateMachine.java:takeSnapshot(295)) - group-7093D4EDF2B7: Finished taking a snapshot at:(t:1, i:14) file:/workdir/hadoop-ozone/integration-test/target/test-dir/MiniOzoneClusterImpl-4cacb774-3eea-4282-9e15-e206378f9ec3/datanode-2/data/ratis/65536866-5c8f-422b-896a-7093d4edf2b7/sm/snapshot.1_14 time:16
2019-08-28 09:23:38,785 [StateMachineUpdater:65fb3b38-2216-4039-8b36-ca2cf4ff56b9:group-7093D4EDF2B7] INFO  impl.StateMachineUpdater (StateMachineUpdater.java:takeSnapshot(242)) - StateMachineUpdater:65fb3b38-2216-4039-8b36-ca2cf4ff56b9:group-7093D4EDF2B7: Took a snapshot at index 14
2019-08-28 09:23:38,786 [StateMachineUpdater:65fb3b38-2216-4039-8b36-ca2cf4ff56b9:group-7093D4EDF2B7] INFO  impl.StateMachineUpdater (StateMachineUpdater.java:lambda$new$0(80)) - StateMachineUpdater:65fb3b38-2216-4039-8b36-ca2cf4ff56b9:group-7093D4EDF2B7: snapshotIndex: updateIncreasingly -1 -> 14
2019-08-28 09:23:38,786 [main] INFO  impl.RaftServerImpl (ServerState.java:close(394)) - 65fb3b38-2216-4039-8b36-ca2cf4ff56b9:group-7093D4EDF2B7 closes. The last applied log index is 16
2019-08-28 09:23:38,787 [65fb3b38-2216-4039-8b36-ca2cf4ff56b9-SegmentedRaftLogWorker:Storage Directory /workdir/hadoop-ozone/integration-test/target/test-dir/MiniOzoneClusterImpl-4cacb774-3eea-4282-9e15-e206378f9ec3/datanode-2/data/ratis/65536866-5c8f-422b-896a-7093d4edf2b7] INFO  segmented.SegmentedRaftLogWorker (SegmentedRaftLogWorker.java:run(313)) - 65fb3b38-2216-4039-8b36-ca2cf4ff56b9-SegmentedRaftLogWorker:Storage Directory /workdir/hadoop-ozone/integration-test/target/test-dir/MiniOzoneClusterImpl-4cacb774-3eea-4282-9e15-e206378f9ec3/datanode-2/data/ratis/65536866-5c8f-422b-896a-7093d4edf2b7 was interrupted, exiting. There are 0 tasks remaining in the queue.
2019-08-28 09:23:38,789 [main] INFO  segmented.SegmentedRaftLogWorker (SegmentedRaftLogWorker.java:close(228)) - 65fb3b38-2216-4039-8b36-ca2cf4ff56b9-SegmentedRaftLogWorker:Storage Directory /workdir/hadoop-ozone/integration-test/target/test-dir/MiniOzoneClusterImpl-4cacb774-3eea-4282-9e15-e206378f9ec3/datanode-2/data/ratis/65536866-5c8f-422b-896a-7093d4edf2b7 close()
2019-08-28 09:23:38,794 [main] INFO  impl.RaftServerImpl (RaftServerImpl.java:lambda$shutdown$3(245)) - 65fb3b38-2216-4039-8b36-ca2cf4ff56b9: shutdown group-3C62DA4FBC53
2019-08-28 09:23:38,794 [main] INFO  util.JmxRegister (JmxRegister.java:unregister(73)) - Successfully un-registered JMX Bean with object name Ratis:service=RaftServer,group=group-3C62DA4FBC53,id=65fb3b38-2216-4039-8b36-ca2cf4ff56b9
2019-08-28 09:23:38,795 [main] INFO  impl.RoleInfo (RoleInfo.java:shutdownLeaderState(104)) - 65fb3b38-2216-4039-8b36-ca2cf4ff56b9: shutdown LeaderState
2019-08-28 09:23:38,795 [main] INFO  impl.PendingRequests (PendingRequests.java:sendNotLeaderResponses(202)) - 65fb3b38-2216-4039-8b36-ca2cf4ff56b9-PendingRequests: sendNotLeaderResponses
2019-08-28 09:23:38,796 [main] INFO  impl.StateMachineUpdater (StateMachineUpdater.java:stopAndJoin(115)) - StateMachineUpdater:65fb3b38-2216-4039-8b36-ca2cf4ff56b9:group-3C62DA4FBC53: set stopIndex = 0
2019-08-28 09:23:38,796 [main] INFO  impl.RaftServerImpl (ServerState.java:close(394)) - 65fb3b38-2216-4039-8b36-ca2cf4ff56b9:group-3C62DA4FBC53 closes. The last applied log index is 0
2019-08-28 09:23:38,796 [65fb3b38-2216-4039-8b36-ca2cf4ff56b9-SegmentedRaftLogWorker:Storage Directory /workdir/hadoop-ozone/integration-test/target/test-dir/MiniOzoneClusterImpl-4cacb774-3eea-4282-9e15-e206378f9ec3/datanode-2/data/ratis/4c7be126-7277-40f8-9e69-3c62da4fbc53] INFO  segmented.SegmentedRaftLogWorker (SegmentedRaftLogWorker.java:run(313)) - 65fb3b38-2216-4039-8b36-ca2cf4ff56b9-SegmentedRaftLogWorker:Storage Directory /workdir/hadoop-ozone/integration-test/target/test-dir/MiniOzoneClusterImpl-4cacb774-3eea-4282-9e15-e206378f9ec3/datanode-2/data/ratis/4c7be126-7277-40f8-9e69-3c62da4fbc53 was interrupted, exiting. There are 0 tasks remaining in the queue.
2019-08-28 09:23:38,799 [main] INFO  segmented.SegmentedRaftLogWorker (SegmentedRaftLogWorker.java:close(228)) - 65fb3b38-2216-4039-8b36-ca2cf4ff56b9-SegmentedRaftLogWorker:Storage Directory /workdir/hadoop-ozone/integration-test/target/test-dir/MiniOzoneClusterImpl-4cacb774-3eea-4282-9e15-e206378f9ec3/datanode-2/data/ratis/4c7be126-7277-40f8-9e69-3c62da4fbc53 close()
2019-08-28 09:23:38,804 [main] INFO  server.GrpcService (GrpcService.java:closeImpl(155)) - 65fb3b38-2216-4039-8b36-ca2cf4ff56b9: shutdown server with port 45850 now
2019-08-28 09:23:38,805 [grpc-default-executor-10] WARN  client.GrpcClientProtocolService (LogUtils.java:warn(134)) - 3-UnorderedRequestStreamObserver3: onError: org.apache.ratis.thirdparty.io.grpc.StatusRuntimeException: CANCELLED: cancelled before receiving half close
2019-08-28 09:23:38,805 [main] INFO  server.GrpcService (GrpcService.java:closeImpl(163)) - 65fb3b38-2216-4039-8b36-ca2cf4ff56b9: shutdown server with port 45850 successfully
2019-08-28 09:23:38,807 [refreshUsed-/workdir/hadoop-ozone/integration-test/target/test-dir/MiniOzoneClusterImpl-4cacb774-3eea-4282-9e15-e206378f9ec3/datanode-2/data/containers] WARN  fs.CachingGetSpaceUsed (CachingGetSpaceUsed.java:run(183)) - Thread Interrupted waiting to refresh disk information: sleep interrupted
2019-08-28 09:23:38,824 [main] INFO  utils.BackgroundService (BackgroundService.java:shutdown(148)) - Shutting down service BlockDeletingService
2019-08-28 09:23:38,830 [main] INFO  statemachine.DatanodeStateMachine (DatanodeStateMachine.java:stopDaemon(395)) - Ozone container server stopped.
2019-08-28 09:23:38,832 [main] INFO  handler.ContextHandler (ContextHandler.java:doStop(910)) - Stopped o.e.j.w.WebAppContext@26c349fc{/,null,UNAVAILABLE}{/hddsDatanode}
2019-08-28 09:23:38,833 [main] INFO  server.AbstractConnector (AbstractConnector.java:doStop(318)) - Stopped ServerConnector@54d0d561{HTTP/1.1,[http/1.1]}{0.0.0.0:0}
2019-08-28 09:23:38,833 [main] INFO  handler.ContextHandler (ContextHandler.java:doStop(910)) - Stopped o.e.j.s.ServletContextHandler@63fef83c{/static,jar:file:/home/user/.m2/repository/org/apache/hadoop/hadoop-hdds-container-service/0.5.0-SNAPSHOT/hadoop-hdds-container-service-0.5.0-SNAPSHOT.jar!/webapps/static,UNAVAILABLE}
2019-08-28 09:23:38,834 [main] INFO  handler.ContextHandler (ContextHandler.java:doStop(910)) - Stopped o.e.j.s.ServletContextHandler@561b4c61{/logs,file:///workdir/hadoop-ozone/integration-test/target/log,UNAVAILABLE}
2019-08-28 09:23:39,032 | INFO  | SCMAudit | user=jenkins1000 | ip=192.168.69.108 | op=SEND_HEARTBEAT {datanodeUUID=da0956ba-7c1a-43bf-a8fb-6e60171b4062, command=[]} | ret=SUCCESS |  
2019-08-28 09:23:39,294 | INFO  | SCMAudit | user=jenkins1000 | ip=192.168.69.108 | op=SEND_HEARTBEAT {datanodeUUID=30d18fd4-258c-4095-afd7-e4002ec9de67, command=[]} | ret=SUCCESS |  
2019-08-28 09:23:39,583 | INFO  | SCMAudit | user=jenkins1000 | ip=192.168.69.108 | op=SEND_HEARTBEAT {datanodeUUID=e27b78fe-542d-4189-a93b-0fd90f2d778c, command=[]} | ret=SUCCESS |  
2019-08-28 09:23:39,594 | INFO  | SCMAudit | user=jenkins1000 | ip=192.168.69.108 | op=SEND_HEARTBEAT {datanodeUUID=4c101d29-ab5d-4405-8c94-5188adf0a1db, command=[commandType: closeContainerCommand closeContainerCommandProto { containerID: 1 pipelineID { id: "65536866-5c8f-422b-896a-7093d4edf2b7" } cmdId: 1 force: false } ]} | ret=SUCCESS |  
2019-08-28 09:23:39,594 | INFO  | SCMAudit | user=jenkins1000 | ip=192.168.69.108 | op=SEND_HEARTBEAT {datanodeUUID=ad0778d6-c482-4acd-9633-82ac923362d1, command=[commandType: closeContainerCommand closeContainerCommandProto { containerID: 1 pipelineID { id: "65536866-5c8f-422b-896a-7093d4edf2b7" } cmdId: 1 force: false } ]} | ret=SUCCESS |  
2019-08-28 09:23:39,782 | INFO  | SCMAudit | user=jenkins1000 | ip=192.168.69.108 | op=SEND_HEARTBEAT {datanodeUUID=017c1bfe-8ef1-45e4-8827-c462f0c7cc3d, command=[]} | ret=SUCCESS |  
2019-08-28 09:23:40,032 | INFO  | SCMAudit | user=jenkins1000 | ip=192.168.69.108 | op=SEND_HEARTBEAT {datanodeUUID=da0956ba-7c1a-43bf-a8fb-6e60171b4062, command=[]} | ret=SUCCESS |  
2019-08-28 09:23:40,293 | INFO  | SCMAudit | user=jenkins1000 | ip=192.168.69.108 | op=SEND_HEARTBEAT {datanodeUUID=30d18fd4-258c-4095-afd7-e4002ec9de67, command=[]} | ret=SUCCESS |  
2019-08-28 09:23:40,582 | INFO  | SCMAudit | user=jenkins1000 | ip=192.168.69.108 | op=SEND_HEARTBEAT {datanodeUUID=e27b78fe-542d-4189-a93b-0fd90f2d778c, command=[]} | ret=SUCCESS |  
2019-08-28 09:23:40,594 | INFO  | SCMAudit | user=jenkins1000 | ip=192.168.69.108 | op=SEND_HEARTBEAT {datanodeUUID=4c101d29-ab5d-4405-8c94-5188adf0a1db, command=[]} | ret=SUCCESS |  
2019-08-28 09:23:40,594 | INFO  | SCMAudit | user=jenkins1000 | ip=192.168.69.108 | op=SEND_HEARTBEAT {datanodeUUID=ad0778d6-c482-4acd-9633-82ac923362d1, command=[]} | ret=SUCCESS |  
2019-08-28 09:23:40,611 | INFO  | SCMAudit | user=jenkins1000 | ip=192.168.69.108 | op=SEND_HEARTBEAT {datanodeUUID=ad0778d6-c482-4acd-9633-82ac923362d1, command=[]} | ret=SUCCESS |  
2019-08-28 09:23:40,782 | INFO  | SCMAudit | user=jenkins1000 | ip=192.168.69.108 | op=SEND_HEARTBEAT {datanodeUUID=017c1bfe-8ef1-45e4-8827-c462f0c7cc3d, command=[]} | ret=SUCCESS |  
2019-08-28 09:23:40,850 [grpc-default-executor-10] INFO  client.GrpcClientProtocolClient (GrpcClientProtocolClient.java:onNext(255)) - client-169FAED5DDD0->4c101d29-ab5d-4405-8c94-5188adf0a1db: receive RaftClientReply:client-169FAED5DDD0->4c101d29-ab5d-4405-8c94-5188adf0a1db@group-7093D4EDF2B7, cid=192, FAILED org.apache.ratis.protocol.NotLeaderException: Server 4c101d29-ab5d-4405-8c94-5188adf0a1db is not the leader (65fb3b38-2216-4039-8b36-ca2cf4ff56b9:192.168.69.108:45850). Request must be sent to leader., logIndex=0, commits[4c101d29-ab5d-4405-8c94-5188adf0a1db:c16, 65fb3b38-2216-4039-8b36-ca2cf4ff56b9:c16, ad0778d6-c482-4acd-9633-82ac923362d1:c16]
2019-08-28 09:23:41,032 | INFO  | SCMAudit | user=jenkins1000 | ip=192.168.69.108 | op=SEND_HEARTBEAT {datanodeUUID=da0956ba-7c1a-43bf-a8fb-6e60171b4062, command=[]} | ret=SUCCESS |  
2019-08-28 09:23:41,293 | INFO  | SCMAudit | user=jenkins1000 | ip=192.168.69.108 | op=SEND_HEARTBEAT {datanodeUUID=30d18fd4-258c-4095-afd7-e4002ec9de67, command=[]} | ret=SUCCESS |  
2019-08-28 09:23:41,583 | INFO  | SCMAudit | user=jenkins1000 | ip=192.168.69.108 | op=SEND_HEARTBEAT {datanodeUUID=e27b78fe-542d-4189-a93b-0fd90f2d778c, command=[]} | ret=SUCCESS |  
2019-08-28 09:23:41,593 | INFO  | SCMAudit | user=jenkins1000 | ip=192.168.69.108 | op=SEND_HEARTBEAT {datanodeUUID=4c101d29-ab5d-4405-8c94-5188adf0a1db, command=[]} | ret=SUCCESS |  
2019-08-28 09:23:41,609 | INFO  | SCMAudit | user=jenkins1000 | ip=192.168.69.108 | op=SEND_HEARTBEAT {datanodeUUID=4c101d29-ab5d-4405-8c94-5188adf0a1db, command=[]} | ret=SUCCESS |  
2019-08-28 09:23:41,610 | INFO  | SCMAudit | user=jenkins1000 | ip=192.168.69.108 | op=SEND_HEARTBEAT {datanodeUUID=ad0778d6-c482-4acd-9633-82ac923362d1, command=[]} | ret=SUCCESS |  
2019-08-28 09:23:41,783 | INFO  | SCMAudit | user=jenkins1000 | ip=192.168.69.108 | op=SEND_HEARTBEAT {datanodeUUID=017c1bfe-8ef1-45e4-8827-c462f0c7cc3d, command=[]} | ret=SUCCESS |  
2019-08-28 09:23:41,876 [grpc-default-executor-9] INFO  client.GrpcClientProtocolClient (GrpcClientProtocolClient.java:onNext(255)) - client-169FAED5DDD0->4c101d29-ab5d-4405-8c94-5188adf0a1db: receive RaftClientReply:client-169FAED5DDD0->4c101d29-ab5d-4405-8c94-5188adf0a1db@group-7093D4EDF2B7, cid=192, FAILED org.apache.ratis.protocol.NotLeaderException: Server 4c101d29-ab5d-4405-8c94-5188adf0a1db is not the leader (65fb3b38-2216-4039-8b36-ca2cf4ff56b9:192.168.69.108:45850). Request must be sent to leader., logIndex=0, commits[4c101d29-ab5d-4405-8c94-5188adf0a1db:c16, 65fb3b38-2216-4039-8b36-ca2cf4ff56b9:c16, ad0778d6-c482-4acd-9633-82ac923362d1:c16]
2019-08-28 09:23:42,033 | INFO  | SCMAudit | user=jenkins1000 | ip=192.168.69.108 | op=SEND_HEARTBEAT {datanodeUUID=da0956ba-7c1a-43bf-a8fb-6e60171b4062, command=[]} | ret=SUCCESS |  
2019-08-28 09:23:42,293 | INFO  | SCMAudit | user=jenkins1000 | ip=192.168.69.108 | op=SEND_HEARTBEAT {datanodeUUID=30d18fd4-258c-4095-afd7-e4002ec9de67, command=[]} | ret=SUCCESS |  
2019-08-28 09:23:42,582 | INFO  | SCMAudit | user=jenkins1000 | ip=192.168.69.108 | op=SEND_HEARTBEAT {datanodeUUID=e27b78fe-542d-4189-a93b-0fd90f2d778c, command=[]} | ret=SUCCESS |  
2019-08-28 09:23:42,609 | INFO  | SCMAudit | user=jenkins1000 | ip=192.168.69.108 | op=SEND_HEARTBEAT {datanodeUUID=4c101d29-ab5d-4405-8c94-5188adf0a1db, command=[]} | ret=SUCCESS |  
2019-08-28 09:23:42,610 | INFO  | SCMAudit | user=jenkins1000 | ip=192.168.69.108 | op=SEND_HEARTBEAT {datanodeUUID=ad0778d6-c482-4acd-9633-82ac923362d1, command=[]} | ret=SUCCESS |  
2019-08-28 09:23:42,782 | INFO  | SCMAudit | user=jenkins1000 | ip=192.168.69.108 | op=SEND_HEARTBEAT {datanodeUUID=017c1bfe-8ef1-45e4-8827-c462f0c7cc3d, command=[]} | ret=SUCCESS |  
2019-08-28 09:23:42,901 [grpc-default-executor-8] INFO  client.GrpcClientProtocolClient (GrpcClientProtocolClient.java:onNext(255)) - client-169FAED5DDD0->4c101d29-ab5d-4405-8c94-5188adf0a1db: receive RaftClientReply:client-169FAED5DDD0->4c101d29-ab5d-4405-8c94-5188adf0a1db@group-7093D4EDF2B7, cid=192, FAILED org.apache.ratis.protocol.NotLeaderException: Server 4c101d29-ab5d-4405-8c94-5188adf0a1db is not the leader (65fb3b38-2216-4039-8b36-ca2cf4ff56b9:192.168.69.108:45850). Request must be sent to leader., logIndex=0, commits[4c101d29-ab5d-4405-8c94-5188adf0a1db:c16, 65fb3b38-2216-4039-8b36-ca2cf4ff56b9:c16, ad0778d6-c482-4acd-9633-82ac923362d1:c16]
2019-08-28 09:23:43,032 | INFO  | SCMAudit | user=jenkins1000 | ip=192.168.69.108 | op=SEND_HEARTBEAT {datanodeUUID=da0956ba-7c1a-43bf-a8fb-6e60171b4062, command=[]} | ret=SUCCESS |  
2019-08-28 09:23:43,293 | INFO  | SCMAudit | user=jenkins1000 | ip=192.168.69.108 | op=SEND_HEARTBEAT {datanodeUUID=30d18fd4-258c-4095-afd7-e4002ec9de67, command=[]} | ret=SUCCESS |  
2019-08-28 09:23:43,583 | INFO  | SCMAudit | user=jenkins1000 | ip=192.168.69.108 | op=SEND_HEARTBEAT {datanodeUUID=e27b78fe-542d-4189-a93b-0fd90f2d778c, command=[]} | ret=SUCCESS |  
2019-08-28 09:23:43,609 | INFO  | SCMAudit | user=jenkins1000 | ip=192.168.69.108 | op=SEND_HEARTBEAT {datanodeUUID=4c101d29-ab5d-4405-8c94-5188adf0a1db, command=[]} | ret=SUCCESS |  
2019-08-28 09:23:43,610 | INFO  | SCMAudit | user=jenkins1000 | ip=192.168.69.108 | op=SEND_HEARTBEAT {datanodeUUID=ad0778d6-c482-4acd-9633-82ac923362d1, command=[]} | ret=SUCCESS |  
2019-08-28 09:23:43,782 | INFO  | SCMAudit | user=jenkins1000 | ip=192.168.69.108 | op=SEND_HEARTBEAT {datanodeUUID=017c1bfe-8ef1-45e4-8827-c462f0c7cc3d, command=[]} | ret=SUCCESS |  
2019-08-28 09:23:43,917 [grpc-default-executor-10] INFO  client.GrpcClientProtocolClient (GrpcClientProtocolClient.java:onNext(255)) - client-169FAED5DDD0->4c101d29-ab5d-4405-8c94-5188adf0a1db: receive RaftClientReply:client-169FAED5DDD0->4c101d29-ab5d-4405-8c94-5188adf0a1db@group-7093D4EDF2B7, cid=192, FAILED org.apache.ratis.protocol.NotLeaderException: Server 4c101d29-ab5d-4405-8c94-5188adf0a1db is not the leader (65fb3b38-2216-4039-8b36-ca2cf4ff56b9:192.168.69.108:45850). Request must be sent to leader., logIndex=0, commits[4c101d29-ab5d-4405-8c94-5188adf0a1db:c16, 65fb3b38-2216-4039-8b36-ca2cf4ff56b9:c16, ad0778d6-c482-4acd-9633-82ac923362d1:c16]
2019-08-28 09:23:44,032 | INFO  | SCMAudit | user=jenkins1000 | ip=192.168.69.108 | op=SEND_HEARTBEAT {datanodeUUID=da0956ba-7c1a-43bf-a8fb-6e60171b4062, command=[]} | ret=SUCCESS |  
2019-08-28 09:23:44,293 | INFO  | SCMAudit | user=jenkins1000 | ip=192.168.69.108 | op=SEND_HEARTBEAT {datanodeUUID=30d18fd4-258c-4095-afd7-e4002ec9de67, command=[]} | ret=SUCCESS |  
2019-08-28 09:23:44,582 | INFO  | SCMAudit | user=jenkins1000 | ip=192.168.69.108 | op=SEND_HEARTBEAT {datanodeUUID=e27b78fe-542d-4189-a93b-0fd90f2d778c, command=[]} | ret=SUCCESS |  
2019-08-28 09:23:44,610 | INFO  | SCMAudit | user=jenkins1000 | ip=192.168.69.108 | op=SEND_HEARTBEAT {datanodeUUID=4c101d29-ab5d-4405-8c94-5188adf0a1db, command=[]} | ret=SUCCESS |  
2019-08-28 09:23:44,610 | INFO  | SCMAudit | user=jenkins1000 | ip=192.168.69.108 | op=SEND_HEARTBEAT {datanodeUUID=ad0778d6-c482-4acd-9633-82ac923362d1, command=[]} | ret=SUCCESS |  
2019-08-28 09:23:44,782 | INFO  | SCMAudit | user=jenkins1000 | ip=192.168.69.108 | op=SEND_HEARTBEAT {datanodeUUID=017c1bfe-8ef1-45e4-8827-c462f0c7cc3d, command=[]} | ret=SUCCESS |  
2019-08-28 09:23:44,934 [grpc-default-executor-8] INFO  client.GrpcClientProtocolClient (GrpcClientProtocolClient.java:onNext(255)) - client-169FAED5DDD0->4c101d29-ab5d-4405-8c94-5188adf0a1db: receive RaftClientReply:client-169FAED5DDD0->4c101d29-ab5d-4405-8c94-5188adf0a1db@group-7093D4EDF2B7, cid=192, FAILED org.apache.ratis.protocol.NotLeaderException: Server 4c101d29-ab5d-4405-8c94-5188adf0a1db is not the leader (65fb3b38-2216-4039-8b36-ca2cf4ff56b9:192.168.69.108:45850). Request must be sent to leader., logIndex=0, commits[4c101d29-ab5d-4405-8c94-5188adf0a1db:c16, 65fb3b38-2216-4039-8b36-ca2cf4ff56b9:c16, ad0778d6-c482-4acd-9633-82ac923362d1:c16]
2019-08-28 09:23:45,032 | INFO  | SCMAudit | user=jenkins1000 | ip=192.168.69.108 | op=SEND_HEARTBEAT {datanodeUUID=da0956ba-7c1a-43bf-a8fb-6e60171b4062, command=[]} | ret=SUCCESS |  
2019-08-28 09:23:45,294 | INFO  | SCMAudit | user=jenkins1000 | ip=192.168.69.108 | op=SEND_HEARTBEAT {datanodeUUID=30d18fd4-258c-4095-afd7-e4002ec9de67, command=[]} | ret=SUCCESS |  
2019-08-28 09:23:45,583 | INFO  | SCMAudit | user=jenkins1000 | ip=192.168.69.108 | op=SEND_HEARTBEAT {datanodeUUID=e27b78fe-542d-4189-a93b-0fd90f2d778c, command=[]} | ret=SUCCESS |  
2019-08-28 09:23:45,610 | INFO  | SCMAudit | user=jenkins1000 | ip=192.168.69.108 | op=SEND_HEARTBEAT {datanodeUUID=4c101d29-ab5d-4405-8c94-5188adf0a1db, command=[]} | ret=SUCCESS |  
2019-08-28 09:23:45,610 | INFO  | SCMAudit | user=jenkins1000 | ip=192.168.69.108 | op=SEND_HEARTBEAT {datanodeUUID=ad0778d6-c482-4acd-9633-82ac923362d1, command=[]} | ret=SUCCESS |  
2019-08-28 09:23:45,783 | INFO  | SCMAudit | user=jenkins1000 | ip=192.168.69.108 | op=SEND_HEARTBEAT {datanodeUUID=017c1bfe-8ef1-45e4-8827-c462f0c7cc3d, command=[]} | ret=SUCCESS |  
2019-08-28 09:23:45,948 [grpc-default-executor-10] INFO  client.GrpcClientProtocolClient (GrpcClientProtocolClient.java:onNext(255)) - client-169FAED5DDD0->ad0778d6-c482-4acd-9633-82ac923362d1: receive RaftClientReply:client-169FAED5DDD0->ad0778d6-c482-4acd-9633-82ac923362d1@group-7093D4EDF2B7, cid=192, FAILED org.apache.ratis.protocol.NotLeaderException: Server ad0778d6-c482-4acd-9633-82ac923362d1 is not the leader (65fb3b38-2216-4039-8b36-ca2cf4ff56b9:192.168.69.108:45850). Request must be sent to leader., logIndex=0, commits[ad0778d6-c482-4acd-9633-82ac923362d1:c16, 65fb3b38-2216-4039-8b36-ca2cf4ff56b9:c16, 4c101d29-ab5d-4405-8c94-5188adf0a1db:c16]
2019-08-28 09:23:46,033 | INFO  | SCMAudit | user=jenkins1000 | ip=192.168.69.108 | op=SEND_HEARTBEAT {datanodeUUID=da0956ba-7c1a-43bf-a8fb-6e60171b4062, command=[]} | ret=SUCCESS |  
2019-08-28 09:23:46,293 | INFO  | SCMAudit | user=jenkins1000 | ip=192.168.69.108 | op=SEND_HEARTBEAT {datanodeUUID=30d18fd4-258c-4095-afd7-e4002ec9de67, command=[]} | ret=SUCCESS |  
2019-08-28 09:23:46,582 | INFO  | SCMAudit | user=jenkins1000 | ip=192.168.69.108 | op=SEND_HEARTBEAT {datanodeUUID=e27b78fe-542d-4189-a93b-0fd90f2d778c, command=[]} | ret=SUCCESS |  
2019-08-28 09:23:46,610 | INFO  | SCMAudit | user=jenkins1000 | ip=192.168.69.108 | op=SEND_HEARTBEAT {datanodeUUID=4c101d29-ab5d-4405-8c94-5188adf0a1db, command=[]} | ret=SUCCESS |  
2019-08-28 09:23:46,610 | INFO  | SCMAudit | user=jenkins1000 | ip=192.168.69.108 | op=SEND_HEARTBEAT {datanodeUUID=ad0778d6-c482-4acd-9633-82ac923362d1, command=[]} | ret=SUCCESS |  
2019-08-28 09:23:46,783 | INFO  | SCMAudit | user=jenkins1000 | ip=192.168.69.108 | op=SEND_HEARTBEAT {datanodeUUID=017c1bfe-8ef1-45e4-8827-c462f0c7cc3d, command=[]} | ret=SUCCESS |  
2019-08-28 09:23:46,961 [grpc-default-executor-9] INFO  client.GrpcClientProtocolClient (GrpcClientProtocolClient.java:onNext(255)) - client-169FAED5DDD0->4c101d29-ab5d-4405-8c94-5188adf0a1db: receive RaftClientReply:client-169FAED5DDD0->4c101d29-ab5d-4405-8c94-5188adf0a1db@group-7093D4EDF2B7, cid=192, FAILED org.apache.ratis.protocol.NotLeaderException: Server 4c101d29-ab5d-4405-8c94-5188adf0a1db is not the leader (65fb3b38-2216-4039-8b36-ca2cf4ff56b9:192.168.69.108:45850). Request must be sent to leader., logIndex=0, commits[4c101d29-ab5d-4405-8c94-5188adf0a1db:c16, 65fb3b38-2216-4039-8b36-ca2cf4ff56b9:c16, ad0778d6-c482-4acd-9633-82ac923362d1:c16]
2019-08-28 09:23:47,032 | INFO  | SCMAudit | user=jenkins1000 | ip=192.168.69.108 | op=SEND_HEARTBEAT {datanodeUUID=da0956ba-7c1a-43bf-a8fb-6e60171b4062, command=[]} | ret=SUCCESS |  
2019-08-28 09:23:47,293 | INFO  | SCMAudit | user=jenkins1000 | ip=192.168.69.108 | op=SEND_HEARTBEAT {datanodeUUID=30d18fd4-258c-4095-afd7-e4002ec9de67, command=[]} | ret=SUCCESS |  
2019-08-28 09:23:47,582 | INFO  | SCMAudit | user=jenkins1000 | ip=192.168.69.108 | op=SEND_HEARTBEAT {datanodeUUID=e27b78fe-542d-4189-a93b-0fd90f2d778c, command=[]} | ret=SUCCESS |  
2019-08-28 09:23:47,611 | INFO  | SCMAudit | user=jenkins1000 | ip=192.168.69.108 | op=SEND_HEARTBEAT {datanodeUUID=4c101d29-ab5d-4405-8c94-5188adf0a1db, command=[]} | ret=SUCCESS |  
2019-08-28 09:23:47,612 | INFO  | SCMAudit | user=jenkins1000 | ip=192.168.69.108 | op=SEND_HEARTBEAT {datanodeUUID=ad0778d6-c482-4acd-9633-82ac923362d1, command=[]} | ret=SUCCESS |  
2019-08-28 09:23:47,783 | INFO  | SCMAudit | user=jenkins1000 | ip=192.168.69.108 | op=SEND_HEARTBEAT {datanodeUUID=017c1bfe-8ef1-45e4-8827-c462f0c7cc3d, command=[]} | ret=SUCCESS |  
2019-08-28 09:23:47,793 [Thread-3598] INFO  impl.FollowerState (FollowerState.java:run(106)) - 4c101d29-ab5d-4405-8c94-5188adf0a1db:group-7093D4EDF2B7 changes to CANDIDATE, lastRpcTime:9041, electionTimeout:5036ms
2019-08-28 09:23:47,794 [Thread-3598] INFO  impl.RoleInfo (RoleInfo.java:shutdownFollowerState(121)) - 4c101d29-ab5d-4405-8c94-5188adf0a1db: shutdown FollowerState
2019-08-28 09:23:47,794 [Thread-3598] INFO  impl.RaftServerImpl (RaftServerImpl.java:setRole(171)) - 4c101d29-ab5d-4405-8c94-5188adf0a1db:group-7093D4EDF2B7 changes role from FOLLOWER to CANDIDATE at term 1 for changeToCandidate
2019-08-28 09:23:47,794 [Thread-3598] INFO  impl.RoleInfo (RoleInfo.java:updateAndGet(143)) - 4c101d29-ab5d-4405-8c94-5188adf0a1db: start LeaderElection
2019-08-28 09:23:47,797 [4c101d29-ab5d-4405-8c94-5188adf0a1db:group-7093D4EDF2B7:LeaderElection77] INFO  impl.RaftServerImpl (ServerState.java:setLeader(263)) - 4c101d29-ab5d-4405-8c94-5188adf0a1db:group-7093D4EDF2B7 change Leader from 65fb3b38-2216-4039-8b36-ca2cf4ff56b9 to null at term 1 for initElection
2019-08-28 09:23:47,811 [4c101d29-ab5d-4405-8c94-5188adf0a1db:group-7093D4EDF2B7:LeaderElection77] INFO  impl.LeaderElection (LeaderElection.java:askForVotes(181)) - 4c101d29-ab5d-4405-8c94-5188adf0a1db:group-7093D4EDF2B7:LeaderElection77: begin an election at term 2 for 0: [65fb3b38-2216-4039-8b36-ca2cf4ff56b9:192.168.69.108:45850, ad0778d6-c482-4acd-9633-82ac923362d1:192.168.69.108:45006, 4c101d29-ab5d-4405-8c94-5188adf0a1db:192.168.69.108:38927], old=null
2019-08-28 09:23:47,813 [4c101d29-ab5d-4405-8c94-5188adf0a1db:group-7093D4EDF2B7:LeaderElection77] INFO  impl.LeaderElection (LogUtils.java:infoOrTrace(149)) - 4c101d29-ab5d-4405-8c94-5188adf0a1db:group-7093D4EDF2B7:LeaderElection77 got exception when requesting votes: {}
java.util.concurrent.ExecutionException: org.apache.ratis.thirdparty.io.grpc.StatusRuntimeException: UNAVAILABLE: io exception
	at java.util.concurrent.FutureTask.report(FutureTask.java:122)
	at java.util.concurrent.FutureTask.get(FutureTask.java:192)
	at org.apache.ratis.server.impl.LeaderElection.waitForResults(LeaderElection.java:262)
	at org.apache.ratis.server.impl.LeaderElection.askForVotes(LeaderElection.java:200)
	at org.apache.ratis.server.impl.LeaderElection.run(LeaderElection.java:130)
	at java.lang.Thread.run(Thread.java:748)
Caused by: org.apache.ratis.thirdparty.io.grpc.StatusRuntimeException: UNAVAILABLE: io exception
	at org.apache.ratis.thirdparty.io.grpc.stub.ClientCalls.toStatusRuntimeException(ClientCalls.java:233)
	at org.apache.ratis.thirdparty.io.grpc.stub.ClientCalls.getUnchecked(ClientCalls.java:214)
	at org.apache.ratis.thirdparty.io.grpc.stub.ClientCalls.blockingUnaryCall(ClientCalls.java:139)
	at org.apache.ratis.proto.grpc.RaftServerProtocolServiceGrpc$RaftServerProtocolServiceBlockingStub.requestVote(RaftServerProtocolServiceGrpc.java:265)
	at org.apache.ratis.grpc.server.GrpcServerProtocolClient.requestVote(GrpcServerProtocolClient.java:83)
	at org.apache.ratis.grpc.server.GrpcService.requestVote(GrpcService.java:195)
	at org.apache.ratis.server.impl.LeaderElection.lambda$submitRequests$1(LeaderElection.java:237)
	at java.util.concurrent.FutureTask.run(FutureTask.java:266)
	at java.util.concurrent.Executors$RunnableAdapter.call(Executors.java:511)
	at java.util.concurrent.FutureTask.run(FutureTask.java:266)
	at java.util.concurrent.ThreadPoolExecutor.runWorker(ThreadPoolExecutor.java:1149)
	at java.util.concurrent.ThreadPoolExecutor$Worker.run(ThreadPoolExecutor.java:624)
	... 1 more
Caused by: org.apache.ratis.thirdparty.io.netty.channel.AbstractChannel$AnnotatedConnectException: Connection refused: /192.168.69.108:45850
	at sun.nio.ch.SocketChannelImpl.checkConnect(Native Method)
	at sun.nio.ch.SocketChannelImpl.finishConnect(SocketChannelImpl.java:717)
	at org.apache.ratis.thirdparty.io.netty.channel.socket.nio.NioSocketChannel.doFinishConnect(NioSocketChannel.java:327)
	at org.apache.ratis.thirdparty.io.netty.channel.nio.AbstractNioChannel$AbstractNioUnsafe.finishConnect(AbstractNioChannel.java:340)
	at org.apache.ratis.thirdparty.io.netty.channel.nio.NioEventLoop.processSelectedKey(NioEventLoop.java:632)
	at org.apache.ratis.thirdparty.io.netty.channel.nio.NioEventLoop.processSelectedKeysOptimized(NioEventLoop.java:579)
	at org.apache.ratis.thirdparty.io.netty.channel.nio.NioEventLoop.processSelectedKeys(NioEventLoop.java:496)
	at org.apache.ratis.thirdparty.io.netty.channel.nio.NioEventLoop.run(NioEventLoop.java:458)
	at org.apache.ratis.thirdparty.io.netty.util.concurrent.SingleThreadEventExecutor$5.run(SingleThreadEventExecutor.java:897)
	at org.apache.ratis.thirdparty.io.netty.util.concurrent.FastThreadLocalRunnable.run(FastThreadLocalRunnable.java:30)
	... 1 more
Caused by: java.net.ConnectException: Connection refused
	... 11 more
2019-08-28 09:23:47,819 [grpc-default-executor-9] INFO  impl.RaftServerImpl (ServerState.java:setLeader(263)) - ad0778d6-c482-4acd-9633-82ac923362d1:group-7093D4EDF2B7 change Leader from 65fb3b38-2216-4039-8b36-ca2cf4ff56b9 to null at term 2 for updateCurrentTerm
2019-08-28 09:23:47,819 [grpc-default-executor-9] INFO  impl.RaftServerImpl (RaftServerImpl.java:setRole(171)) - ad0778d6-c482-4acd-9633-82ac923362d1:group-7093D4EDF2B7 changes role from FOLLOWER to FOLLOWER at term 2 for recognizeCandidate:4c101d29-ab5d-4405-8c94-5188adf0a1db
2019-08-28 09:23:47,819 [grpc-default-executor-9] INFO  impl.RoleInfo (RoleInfo.java:shutdownFollowerState(121)) - ad0778d6-c482-4acd-9633-82ac923362d1: shutdown FollowerState
2019-08-28 09:23:47,819 [grpc-default-executor-9] INFO  impl.RoleInfo (RoleInfo.java:updateAndGet(143)) - ad0778d6-c482-4acd-9633-82ac923362d1: start FollowerState
2019-08-28 09:23:47,819 [Thread-3597] INFO  impl.FollowerState (FollowerState.java:run(114)) - ad0778d6-c482-4acd-9633-82ac923362d1: FollowerState was interrupted: java.lang.InterruptedException: sleep interrupted
2019-08-28 09:23:47,838 [4c101d29-ab5d-4405-8c94-5188adf0a1db:group-7093D4EDF2B7:LeaderElection77] INFO  impl.LeaderElection (LeaderElection.java:logAndReturn(56)) - 4c101d29-ab5d-4405-8c94-5188adf0a1db:group-7093D4EDF2B7:LeaderElection77: Election PASSED; received 1 response(s) [4c101d29-ab5d-4405-8c94-5188adf0a1db<-ad0778d6-c482-4acd-9633-82ac923362d1#0:OK-t2] and 1 exception(s); 4c101d29-ab5d-4405-8c94-5188adf0a1db:t2, leader=null, voted=4c101d29-ab5d-4405-8c94-5188adf0a1db, raftlog=4c101d29-ab5d-4405-8c94-5188adf0a1db-SegmentedRaftLog:OPENED:c16,f16,i16, conf=0: [65fb3b38-2216-4039-8b36-ca2cf4ff56b9:192.168.69.108:45850, ad0778d6-c482-4acd-9633-82ac923362d1:192.168.69.108:45006, 4c101d29-ab5d-4405-8c94-5188adf0a1db:192.168.69.108:38927], old=null
2019-08-28 09:23:47,838 [4c101d29-ab5d-4405-8c94-5188adf0a1db:group-7093D4EDF2B7:LeaderElection77] INFO  impl.LeaderElection (LogUtils.java:infoOrTrace(149)) -   Exception 0: {}
java.util.concurrent.ExecutionException: org.apache.ratis.thirdparty.io.grpc.StatusRuntimeException: UNAVAILABLE: io exception
	at java.util.concurrent.FutureTask.report(FutureTask.java:122)
	at java.util.concurrent.FutureTask.get(FutureTask.java:192)
	at org.apache.ratis.server.impl.LeaderElection.waitForResults(LeaderElection.java:262)
	at org.apache.ratis.server.impl.LeaderElection.askForVotes(LeaderElection.java:200)
	at org.apache.ratis.server.impl.LeaderElection.run(LeaderElection.java:130)
	at java.lang.Thread.run(Thread.java:748)
Caused by: org.apache.ratis.thirdparty.io.grpc.StatusRuntimeException: UNAVAILABLE: io exception
	at org.apache.ratis.thirdparty.io.grpc.stub.ClientCalls.toStatusRuntimeException(ClientCalls.java:233)
	at org.apache.ratis.thirdparty.io.grpc.stub.ClientCalls.getUnchecked(ClientCalls.java:214)
	at org.apache.ratis.thirdparty.io.grpc.stub.ClientCalls.blockingUnaryCall(ClientCalls.java:139)
	at org.apache.ratis.proto.grpc.RaftServerProtocolServiceGrpc$RaftServerProtocolServiceBlockingStub.requestVote(RaftServerProtocolServiceGrpc.java:265)
	at org.apache.ratis.grpc.server.GrpcServerProtocolClient.requestVote(GrpcServerProtocolClient.java:83)
	at org.apache.ratis.grpc.server.GrpcService.requestVote(GrpcService.java:195)
	at org.apache.ratis.server.impl.LeaderElection.lambda$submitRequests$1(LeaderElection.java:237)
	at java.util.concurrent.FutureTask.run(FutureTask.java:266)
	at java.util.concurrent.Executors$RunnableAdapter.call(Executors.java:511)
	at java.util.concurrent.FutureTask.run(FutureTask.java:266)
	at java.util.concurrent.ThreadPoolExecutor.runWorker(ThreadPoolExecutor.java:1149)
	at java.util.concurrent.ThreadPoolExecutor$Worker.run(ThreadPoolExecutor.java:624)
	... 1 more
Caused by: org.apache.ratis.thirdparty.io.netty.channel.AbstractChannel$AnnotatedConnectException: Connection refused: /192.168.69.108:45850
	at sun.nio.ch.SocketChannelImpl.checkConnect(Native Method)
	at sun.nio.ch.SocketChannelImpl.finishConnect(SocketChannelImpl.java:717)
	at org.apache.ratis.thirdparty.io.netty.channel.socket.nio.NioSocketChannel.doFinishConnect(NioSocketChannel.java:327)
	at org.apache.ratis.thirdparty.io.netty.channel.nio.AbstractNioChannel$AbstractNioUnsafe.finishConnect(AbstractNioChannel.java:340)
	at org.apache.ratis.thirdparty.io.netty.channel.nio.NioEventLoop.processSelectedKey(NioEventLoop.java:632)
	at org.apache.ratis.thirdparty.io.netty.channel.nio.NioEventLoop.processSelectedKeysOptimized(NioEventLoop.java:579)
	at org.apache.ratis.thirdparty.io.netty.channel.nio.NioEventLoop.processSelectedKeys(NioEventLoop.java:496)
	at org.apache.ratis.thirdparty.io.netty.channel.nio.NioEventLoop.run(NioEventLoop.java:458)
	at org.apache.ratis.thirdparty.io.netty.util.concurrent.SingleThreadEventExecutor$5.run(SingleThreadEventExecutor.java:897)
	at org.apache.ratis.thirdparty.io.netty.util.concurrent.FastThreadLocalRunnable.run(FastThreadLocalRunnable.java:30)
	... 1 more
Caused by: java.net.ConnectException: Connection refused
	... 11 more
2019-08-28 09:23:47,838 [4c101d29-ab5d-4405-8c94-5188adf0a1db:group-7093D4EDF2B7:LeaderElection77] INFO  impl.RoleInfo (RoleInfo.java:shutdownLeaderElection(134)) - 4c101d29-ab5d-4405-8c94-5188adf0a1db: shutdown LeaderElection
2019-08-28 09:23:47,838 [4c101d29-ab5d-4405-8c94-5188adf0a1db:group-7093D4EDF2B7:LeaderElection77] INFO  impl.RaftServerImpl (RaftServerImpl.java:setRole(171)) - 4c101d29-ab5d-4405-8c94-5188adf0a1db:group-7093D4EDF2B7 changes role from CANDIDATE to LEADER at term 2 for changeToLeader
2019-08-28 09:23:47,838 [4c101d29-ab5d-4405-8c94-5188adf0a1db:group-7093D4EDF2B7:LeaderElection77] INFO  impl.RaftServerImpl (ServerState.java:setLeader(263)) - 4c101d29-ab5d-4405-8c94-5188adf0a1db:group-7093D4EDF2B7 change Leader from null to 4c101d29-ab5d-4405-8c94-5188adf0a1db at term 2 for becomeLeader, leader elected after 41ms
2019-08-28 09:23:47,839 [4c101d29-ab5d-4405-8c94-5188adf0a1db:group-7093D4EDF2B7:LeaderElection77] INFO  server.RaftServerConfigKeys (ConfUtils.java:logGet(43)) - raft.server.staging.catchup.gap = 1000 (default)
2019-08-28 09:23:47,839 [4c101d29-ab5d-4405-8c94-5188adf0a1db:group-7093D4EDF2B7:LeaderElection77] INFO  server.RaftServerConfigKeys (ConfUtils.java:logGet(43)) - raft.server.rpc.sleep.time = 25ms (default)
2019-08-28 09:23:47,839 [4c101d29-ab5d-4405-8c94-5188adf0a1db:group-7093D4EDF2B7:LeaderElection77] INFO  server.RaftServerConfigKeys (ConfUtils.java:logGet(43)) - raft.server.write.element-limit = 4096 (default)
2019-08-28 09:23:47,839 [4c101d29-ab5d-4405-8c94-5188adf0a1db:group-7093D4EDF2B7:LeaderElection77] INFO  server.RaftServerConfigKeys (ConfUtils.java:logGet(43)) - raft.server.watch.timeout = 10s (default)
2019-08-28 09:23:47,839 [4c101d29-ab5d-4405-8c94-5188adf0a1db:group-7093D4EDF2B7:LeaderElection77] INFO  server.RaftServerConfigKeys (ConfUtils.java:logGet(43)) - raft.server.watch.timeout.denomination = 1s (default)
2019-08-28 09:23:47,839 [4c101d29-ab5d-4405-8c94-5188adf0a1db:group-7093D4EDF2B7:LeaderElection77] INFO  server.RaftServerConfigKeys (ConfUtils.java:logGet(43)) - raft.server.watch.element-limit = 65536 (default)
2019-08-28 09:23:47,840 [4c101d29-ab5d-4405-8c94-5188adf0a1db:group-7093D4EDF2B7:LeaderElection77] INFO  server.RaftServerConfigKeys (ConfUtils.java:logGet(43)) - raft.server.log.appender.snapshot.chunk.size.max = 16MB (=16777216) (default)
2019-08-28 09:23:47,840 [4c101d29-ab5d-4405-8c94-5188adf0a1db:group-7093D4EDF2B7:LeaderElection77] INFO  server.RaftServerConfigKeys (ConfUtils.java:logGet(43)) - raft.server.log.appender.buffer.byte-limit = 33554432 (custom)
2019-08-28 09:23:47,840 [4c101d29-ab5d-4405-8c94-5188adf0a1db:group-7093D4EDF2B7:LeaderElection77] INFO  server.RaftServerConfigKeys (ConfUtils.java:logGet(43)) - raft.server.log.appender.buffer.element-limit = 1 (custom)
2019-08-28 09:23:47,841 [4c101d29-ab5d-4405-8c94-5188adf0a1db:group-7093D4EDF2B7:LeaderElection77] INFO  grpc.GrpcConfigKeys$Server (ConfUtils.java:logGet(43)) - raft.grpc.server.leader.outstanding.appends.max = 128 (default)
2019-08-28 09:23:47,841 [4c101d29-ab5d-4405-8c94-5188adf0a1db:group-7093D4EDF2B7:LeaderElection77] INFO  server.RaftServerConfigKeys (ConfUtils.java:logGet(43)) - raft.server.rpc.request.timeout = 3000ms (default)
2019-08-28 09:23:47,841 [4c101d29-ab5d-4405-8c94-5188adf0a1db:group-7093D4EDF2B7:LeaderElection77] INFO  server.RaftServerConfigKeys (ConfUtils.java:logGet(43)) - raft.server.log.appender.install.snapshot.enabled = false (custom)
2019-08-28 09:23:47,842 [4c101d29-ab5d-4405-8c94-5188adf0a1db:group-7093D4EDF2B7:LeaderElection77] INFO  server.RaftServerConfigKeys (ConfUtils.java:logGet(43)) - raft.server.log.appender.snapshot.chunk.size.max = 16MB (=16777216) (default)
2019-08-28 09:23:47,842 [4c101d29-ab5d-4405-8c94-5188adf0a1db:group-7093D4EDF2B7:LeaderElection77] INFO  server.RaftServerConfigKeys (ConfUtils.java:logGet(43)) - raft.server.log.appender.buffer.byte-limit = 33554432 (custom)
2019-08-28 09:23:47,842 [4c101d29-ab5d-4405-8c94-5188adf0a1db:group-7093D4EDF2B7:LeaderElection77] INFO  server.RaftServerConfigKeys (ConfUtils.java:logGet(43)) - raft.server.log.appender.buffer.element-limit = 1 (custom)
2019-08-28 09:23:47,842 [4c101d29-ab5d-4405-8c94-5188adf0a1db:group-7093D4EDF2B7:LeaderElection77] INFO  grpc.GrpcConfigKeys$Server (ConfUtils.java:logGet(43)) - raft.grpc.server.leader.outstanding.appends.max = 128 (default)
2019-08-28 09:23:47,843 [4c101d29-ab5d-4405-8c94-5188adf0a1db:group-7093D4EDF2B7:LeaderElection77] INFO  server.RaftServerConfigKeys (ConfUtils.java:logGet(43)) - raft.server.rpc.request.timeout = 3000ms (default)
2019-08-28 09:23:47,843 [4c101d29-ab5d-4405-8c94-5188adf0a1db:group-7093D4EDF2B7:LeaderElection77] INFO  server.RaftServerConfigKeys (ConfUtils.java:logGet(43)) - raft.server.log.appender.install.snapshot.enabled = false (custom)
2019-08-28 09:23:47,843 [4c101d29-ab5d-4405-8c94-5188adf0a1db:group-7093D4EDF2B7:LeaderElection77] INFO  impl.RoleInfo (RoleInfo.java:updateAndGet(143)) - 4c101d29-ab5d-4405-8c94-5188adf0a1db: start LeaderState
2019-08-28 09:23:47,844 [4c101d29-ab5d-4405-8c94-5188adf0a1db:group-7093D4EDF2B7:LeaderElection77] INFO  segmented.SegmentedRaftLogWorker (SegmentedRaftLogWorker.java:rollLogSegment(385)) - 4c101d29-ab5d-4405-8c94-5188adf0a1db-SegmentedRaftLogWorker:Storage Directory /workdir/hadoop-ozone/integration-test/target/test-dir/MiniOzoneClusterImpl-4cacb774-3eea-4282-9e15-e206378f9ec3/datanode-0/data/ratis/65536866-5c8f-422b-896a-7093d4edf2b7: Rolling segment log-0_16 to index:16
2019-08-28 09:23:47,845 [4c101d29-ab5d-4405-8c94-5188adf0a1db-SegmentedRaftLogWorker:Storage Directory /workdir/hadoop-ozone/integration-test/target/test-dir/MiniOzoneClusterImpl-4cacb774-3eea-4282-9e15-e206378f9ec3/datanode-0/data/ratis/65536866-5c8f-422b-896a-7093d4edf2b7] INFO  segmented.SegmentedRaftLogWorker (SegmentedRaftLogWorker.java:execute(526)) - 4c101d29-ab5d-4405-8c94-5188adf0a1db-SegmentedRaftLogWorker:Storage Directory /workdir/hadoop-ozone/integration-test/target/test-dir/MiniOzoneClusterImpl-4cacb774-3eea-4282-9e15-e206378f9ec3/datanode-0/data/ratis/65536866-5c8f-422b-896a-7093d4edf2b7: Rolled log segment from /workdir/hadoop-ozone/integration-test/target/test-dir/MiniOzoneClusterImpl-4cacb774-3eea-4282-9e15-e206378f9ec3/datanode-0/data/ratis/65536866-5c8f-422b-896a-7093d4edf2b7/current/log_inprogress_0 to /workdir/hadoop-ozone/integration-test/target/test-dir/MiniOzoneClusterImpl-4cacb774-3eea-4282-9e15-e206378f9ec3/datanode-0/data/ratis/65536866-5c8f-422b-896a-7093d4edf2b7/current/log_0-16
2019-08-28 09:23:47,845 [4c101d29-ab5d-4405-8c94-5188adf0a1db:group-7093D4EDF2B7:LeaderElection77] INFO  impl.RaftServerImpl (ServerState.java:setRaftConf(361)) - 4c101d29-ab5d-4405-8c94-5188adf0a1db:group-7093D4EDF2B7 set configuration 17: [65fb3b38-2216-4039-8b36-ca2cf4ff56b9:192.168.69.108:45850, ad0778d6-c482-4acd-9633-82ac923362d1:192.168.69.108:45006, 4c101d29-ab5d-4405-8c94-5188adf0a1db:192.168.69.108:38927], old=null at 17
2019-08-28 09:23:47,845 [grpc-default-executor-9] WARN  server.GrpcLogAppender (LogUtils.java:warn(134)) - 4c101d29-ab5d-4405-8c94-5188adf0a1db->65fb3b38-2216-4039-8b36-ca2cf4ff56b9: Failed appendEntries: org.apache.ratis.thirdparty.io.grpc.StatusRuntimeException: UNAVAILABLE: io exception
2019-08-28 09:23:47,845 [grpc-default-executor-9] INFO  impl.FollowerInfo (FollowerInfo.java:lambda$new$0(50)) - 4c101d29-ab5d-4405-8c94-5188adf0a1db->65fb3b38-2216-4039-8b36-ca2cf4ff56b9: nextIndex: updateUnconditionally 17 -> 1
2019-08-28 09:23:47,846 [grpc-default-executor-9] INFO  impl.RaftServerImpl (ServerState.java:setLeader(263)) - ad0778d6-c482-4acd-9633-82ac923362d1:group-7093D4EDF2B7 change Leader from null to 4c101d29-ab5d-4405-8c94-5188adf0a1db at term 2 for appendEntries, leader elected after 27ms
2019-08-28 09:23:47,849 [grpc-default-executor-9] INFO  impl.RaftServerImpl (ServerState.java:setRaftConf(361)) - ad0778d6-c482-4acd-9633-82ac923362d1:group-7093D4EDF2B7 set configuration 17: [65fb3b38-2216-4039-8b36-ca2cf4ff56b9:192.168.69.108:45850, ad0778d6-c482-4acd-9633-82ac923362d1:192.168.69.108:45006, 4c101d29-ab5d-4405-8c94-5188adf0a1db:192.168.69.108:38927], old=null at 17
2019-08-28 09:23:47,849 [grpc-default-executor-9] INFO  segmented.SegmentedRaftLogWorker (SegmentedRaftLogWorker.java:rollLogSegment(385)) - ad0778d6-c482-4acd-9633-82ac923362d1-SegmentedRaftLogWorker:Storage Directory /workdir/hadoop-ozone/integration-test/target/test-dir/MiniOzoneClusterImpl-4cacb774-3eea-4282-9e15-e206378f9ec3/datanode-1/data/ratis/65536866-5c8f-422b-896a-7093d4edf2b7: Rolling segment log-0_16 to index:16
2019-08-28 09:23:47,850 [ad0778d6-c482-4acd-9633-82ac923362d1-SegmentedRaftLogWorker:Storage Directory /workdir/hadoop-ozone/integration-test/target/test-dir/MiniOzoneClusterImpl-4cacb774-3eea-4282-9e15-e206378f9ec3/datanode-1/data/ratis/65536866-5c8f-422b-896a-7093d4edf2b7] INFO  segmented.SegmentedRaftLogWorker (SegmentedRaftLogWorker.java:execute(526)) - ad0778d6-c482-4acd-9633-82ac923362d1-SegmentedRaftLogWorker:Storage Directory /workdir/hadoop-ozone/integration-test/target/test-dir/MiniOzoneClusterImpl-4cacb774-3eea-4282-9e15-e206378f9ec3/datanode-1/data/ratis/65536866-5c8f-422b-896a-7093d4edf2b7: Rolled log segment from /workdir/hadoop-ozone/integration-test/target/test-dir/MiniOzoneClusterImpl-4cacb774-3eea-4282-9e15-e206378f9ec3/datanode-1/data/ratis/65536866-5c8f-422b-896a-7093d4edf2b7/current/log_inprogress_0 to /workdir/hadoop-ozone/integration-test/target/test-dir/MiniOzoneClusterImpl-4cacb774-3eea-4282-9e15-e206378f9ec3/datanode-1/data/ratis/65536866-5c8f-422b-896a-7093d4edf2b7/current/log_0-16
2019-08-28 09:23:47,901 [ad0778d6-c482-4acd-9633-82ac923362d1-SegmentedRaftLogWorker:Storage Directory /workdir/hadoop-ozone/integration-test/target/test-dir/MiniOzoneClusterImpl-4cacb774-3eea-4282-9e15-e206378f9ec3/datanode-1/data/ratis/65536866-5c8f-422b-896a-7093d4edf2b7] INFO  segmented.SegmentedRaftLogWorker (SegmentedRaftLogWorker.java:execute(569)) - ad0778d6-c482-4acd-9633-82ac923362d1-SegmentedRaftLogWorker:Storage Directory /workdir/hadoop-ozone/integration-test/target/test-dir/MiniOzoneClusterImpl-4cacb774-3eea-4282-9e15-e206378f9ec3/datanode-1/data/ratis/65536866-5c8f-422b-896a-7093d4edf2b7: created new log segment /workdir/hadoop-ozone/integration-test/target/test-dir/MiniOzoneClusterImpl-4cacb774-3eea-4282-9e15-e206378f9ec3/datanode-1/data/ratis/65536866-5c8f-422b-896a-7093d4edf2b7/current/log_inprogress_17
2019-08-28 09:23:47,901 [4c101d29-ab5d-4405-8c94-5188adf0a1db-SegmentedRaftLogWorker:Storage Directory /workdir/hadoop-ozone/integration-test/target/test-dir/MiniOzoneClusterImpl-4cacb774-3eea-4282-9e15-e206378f9ec3/datanode-0/data/ratis/65536866-5c8f-422b-896a-7093d4edf2b7] INFO  segmented.SegmentedRaftLogWorker (SegmentedRaftLogWorker.java:execute(569)) - 4c101d29-ab5d-4405-8c94-5188adf0a1db-SegmentedRaftLogWorker:Storage Directory /workdir/hadoop-ozone/integration-test/target/test-dir/MiniOzoneClusterImpl-4cacb774-3eea-4282-9e15-e206378f9ec3/datanode-0/data/ratis/65536866-5c8f-422b-896a-7093d4edf2b7: created new log segment /workdir/hadoop-ozone/integration-test/target/test-dir/MiniOzoneClusterImpl-4cacb774-3eea-4282-9e15-e206378f9ec3/datanode-0/data/ratis/65536866-5c8f-422b-896a-7093d4edf2b7/current/log_inprogress_17
2019-08-28 09:23:47,921 | INFO  | DNAudit | user=null | ip=null | op=READ_CHUNK {blockData=conID: 1 locID: 102693877144682510 bcsId: 0} | ret=SUCCESS |  
2019-08-28 09:23:47,924 [grpc-default-executor-10] WARN  server.GrpcLogAppender (LogUtils.java:warn(134)) - 4c101d29-ab5d-4405-8c94-5188adf0a1db->65fb3b38-2216-4039-8b36-ca2cf4ff56b9: Failed appendEntries: org.apache.ratis.thirdparty.io.grpc.StatusRuntimeException: UNAVAILABLE: io exception
2019-08-28 09:23:47,925 [grpc-default-executor-10] INFO  impl.FollowerInfo (FollowerInfo.java:lambda$new$0(50)) - 4c101d29-ab5d-4405-8c94-5188adf0a1db->65fb3b38-2216-4039-8b36-ca2cf4ff56b9: nextIndex: updateUnconditionally 2 -> 1
2019-08-28 09:23:47,935 [grpc-default-executor-8] WARN  server.GrpcLogAppender (LogUtils.java:warn(134)) - 4c101d29-ab5d-4405-8c94-5188adf0a1db->65fb3b38-2216-4039-8b36-ca2cf4ff56b9: Failed appendEntries: org.apache.ratis.thirdparty.io.grpc.StatusRuntimeException: UNAVAILABLE: io exception
2019-08-28 09:23:47,936 [grpc-default-executor-8] INFO  impl.FollowerInfo (FollowerInfo.java:lambda$new$0(50)) - 4c101d29-ab5d-4405-8c94-5188adf0a1db->65fb3b38-2216-4039-8b36-ca2cf4ff56b9: nextIndex: updateUnconditionally 2 -> 1
2019-08-28 09:23:47,975 [grpc-default-executor-8] INFO  client.GrpcClientProtocolClient (GrpcClientProtocolClient.java:onNext(255)) - client-169FAED5DDD0->ad0778d6-c482-4acd-9633-82ac923362d1: receive RaftClientReply:client-169FAED5DDD0->ad0778d6-c482-4acd-9633-82ac923362d1@group-7093D4EDF2B7, cid=192, FAILED org.apache.ratis.protocol.NotLeaderException: Server ad0778d6-c482-4acd-9633-82ac923362d1 is not the leader (4c101d29-ab5d-4405-8c94-5188adf0a1db:192.168.69.108:38927). Request must be sent to leader., logIndex=0, commits[ad0778d6-c482-4acd-9633-82ac923362d1:c17, 65fb3b38-2216-4039-8b36-ca2cf4ff56b9:c16, 4c101d29-ab5d-4405-8c94-5188adf0a1db:c17]
2019-08-28 09:23:47,982 | ERROR | DNAudit | user=null | ip=null | op=WRITE_CHUNK {blockData=conID: 1 locID: 102693877144682510 bcsId: 14} | ret=FAILURE | org.apache.hadoop.hdds.scm.container.common.helpers.ContainerNotOpenException: Container 1 in CLOSING state
	at org.apache.hadoop.ozone.container.common.impl.HddsDispatcher.validateContainerCommand(HddsDispatcher.java:408)
	at org.apache.hadoop.ozone.container.common.transport.server.ratis.ContainerStateMachine.startTransaction(ContainerStateMachine.java:310) 
2019-08-28 09:23:47,992 [grpc-default-executor-10] INFO  client.GrpcClientProtocolClient (GrpcClientProtocolClient.java:onNext(255)) - client-169FAED5DDD0->4c101d29-ab5d-4405-8c94-5188adf0a1db: receive RaftClientReply:client-169FAED5DDD0->4c101d29-ab5d-4405-8c94-5188adf0a1db@group-7093D4EDF2B7, cid=192, FAILED org.apache.ratis.protocol.StateMachineException: org.apache.hadoop.hdds.scm.container.common.helpers.ContainerNotOpenException from Server 4c101d29-ab5d-4405-8c94-5188adf0a1db: Container 1 in CLOSING state, logIndex=0, commits[4c101d29-ab5d-4405-8c94-5188adf0a1db:c18, 65fb3b38-2216-4039-8b36-ca2cf4ff56b9:c16, ad0778d6-c482-4acd-9633-82ac923362d1:c17]
2019-08-28 09:23:47,994 | ERROR | DNAudit | user=null | ip=null | op=WRITE_CHUNK {blockData=conID: 1 locID: 102693877144682510 bcsId: 14} | ret=FAILURE | org.apache.hadoop.hdds.scm.container.common.helpers.ContainerNotOpenException: Container 1 in CLOSING state
	at org.apache.hadoop.ozone.container.common.impl.HddsDispatcher.validateContainerCommand(HddsDispatcher.java:408)
	at org.apache.hadoop.ozone.container.common.transport.server.ratis.ContainerStateMachine.startTransaction(ContainerStateMachine.java:310) 
2019-08-28 09:23:48,000 | ERROR | DNAudit | user=null | ip=null | op=PUT_BLOCK {blockData=[blockId=conID: 1 locID: 102693877144682510 bcsId: 0,size=650]} | ret=FAILURE | org.apache.hadoop.hdds.scm.container.common.helpers.ContainerNotOpenException: Container 1 in CLOSING state
	at org.apache.hadoop.ozone.container.common.impl.HddsDispatcher.validateContainerCommand(HddsDispatcher.java:408)
	at org.apache.hadoop.ozone.container.common.transport.server.ratis.ContainerStateMachine.startTransaction(ContainerStateMachine.java:310) 
2019-08-28 09:23:48,001 [grpc-default-executor-10] INFO  client.GrpcClientProtocolClient (GrpcClientProtocolClient.java:onNext(255)) - client-169FAED5DDD0->4c101d29-ab5d-4405-8c94-5188adf0a1db: receive RaftClientReply:client-169FAED5DDD0->4c101d29-ab5d-4405-8c94-5188adf0a1db@group-7093D4EDF2B7, cid=193, FAILED org.apache.ratis.protocol.StateMachineException: org.apache.hadoop.hdds.scm.container.common.helpers.ContainerNotOpenException from Server 4c101d29-ab5d-4405-8c94-5188adf0a1db: Container 1 in CLOSING state, logIndex=0, commits[4c101d29-ab5d-4405-8c94-5188adf0a1db:c18, 65fb3b38-2216-4039-8b36-ca2cf4ff56b9:c16, ad0778d6-c482-4acd-9633-82ac923362d1:c17]
2019-08-28 09:23:48,006 | ERROR | DNAudit | user=null | ip=null | op=WRITE_CHUNK {blockData=conID: 1 locID: 102693877144682510 bcsId: 14} | ret=FAILURE | org.apache.hadoop.hdds.scm.container.common.helpers.ContainerNotOpenException: Container 1 in CLOSING state
	at org.apache.hadoop.ozone.container.common.impl.HddsDispatcher.validateContainerCommand(HddsDispatcher.java:408)
	at org.apache.hadoop.ozone.container.common.transport.server.ratis.ContainerStateMachine.startTransaction(ContainerStateMachine.java:310) 
2019-08-28 09:23:48,009 [grpc-default-executor-10] INFO  client.GrpcClientProtocolClient (GrpcClientProtocolClient.java:onNext(255)) - client-169FAED5DDD0->4c101d29-ab5d-4405-8c94-5188adf0a1db: receive RaftClientReply:client-169FAED5DDD0->4c101d29-ab5d-4405-8c94-5188adf0a1db@group-7093D4EDF2B7, cid=194, FAILED org.apache.ratis.protocol.StateMachineException: org.apache.hadoop.hdds.scm.container.common.helpers.ContainerNotOpenException from Server 4c101d29-ab5d-4405-8c94-5188adf0a1db: Container 1 in CLOSING state, logIndex=0, commits[4c101d29-ab5d-4405-8c94-5188adf0a1db:c18, 65fb3b38-2216-4039-8b36-ca2cf4ff56b9:c16, ad0778d6-c482-4acd-9633-82ac923362d1:c17]
2019-08-28 09:23:48,010 | ERROR | DNAudit | user=null | ip=null | op=WRITE_CHUNK {blockData=conID: 1 locID: 102693877144682510 bcsId: 14} | ret=FAILURE | org.apache.hadoop.hdds.scm.container.common.helpers.ContainerNotOpenException: Container 1 in CLOSING state
	at org.apache.hadoop.ozone.container.common.impl.HddsDispatcher.validateContainerCommand(HddsDispatcher.java:408)
	at org.apache.hadoop.ozone.container.common.transport.server.ratis.ContainerStateMachine.startTransaction(ContainerStateMachine.java:310) 
2019-08-28 09:23:48,010 [grpc-default-executor-10] INFO  client.GrpcClientProtocolClient (GrpcClientProtocolClient.java:onNext(255)) - client-169FAED5DDD0->4c101d29-ab5d-4405-8c94-5188adf0a1db: receive RaftClientReply:client-169FAED5DDD0->4c101d29-ab5d-4405-8c94-5188adf0a1db@group-7093D4EDF2B7, cid=195, FAILED org.apache.ratis.protocol.StateMachineException: org.apache.hadoop.hdds.scm.container.common.helpers.ContainerNotOpenException from Server 4c101d29-ab5d-4405-8c94-5188adf0a1db: Container 1 in CLOSING state, logIndex=0, commits[4c101d29-ab5d-4405-8c94-5188adf0a1db:c18, 65fb3b38-2216-4039-8b36-ca2cf4ff56b9:c16, ad0778d6-c482-4acd-9633-82ac923362d1:c17]
2019-08-28 09:23:48,018 | ERROR | DNAudit | user=null | ip=null | op=PUT_BLOCK {blockData=[blockId=conID: 1 locID: 102693877144682510 bcsId: 0,size=800]} | ret=FAILURE | org.apache.hadoop.hdds.scm.container.common.helpers.ContainerNotOpenException: Container 1 in CLOSING state
	at org.apache.hadoop.ozone.container.common.impl.HddsDispatcher.validateContainerCommand(HddsDispatcher.java:408)
	at org.apache.hadoop.ozone.container.common.transport.server.ratis.ContainerStateMachine.startTransaction(ContainerStateMachine.java:310) 
2019-08-28 09:23:48,018 [grpc-default-executor-10] INFO  client.GrpcClientProtocolClient (GrpcClientProtocolClient.java:onNext(255)) - client-169FAED5DDD0->4c101d29-ab5d-4405-8c94-5188adf0a1db: receive RaftClientReply:client-169FAED5DDD0->4c101d29-ab5d-4405-8c94-5188adf0a1db@group-7093D4EDF2B7, cid=196, FAILED org.apache.ratis.protocol.StateMachineException: org.apache.hadoop.hdds.scm.container.common.helpers.ContainerNotOpenException from Server 4c101d29-ab5d-4405-8c94-5188adf0a1db: Container 1 in CLOSING state, logIndex=0, commits[4c101d29-ab5d-4405-8c94-5188adf0a1db:c18, 65fb3b38-2216-4039-8b36-ca2cf4ff56b9:c16, ad0778d6-c482-4acd-9633-82ac923362d1:c17]
2019-08-28 09:23:48,024 [grpc-default-executor-8] INFO  client.GrpcClientProtocolClient (GrpcClientProtocolClient.java:onNext(255)) - client-169FAED5DDD0->4c101d29-ab5d-4405-8c94-5188adf0a1db: receive RaftClientReply:client-169FAED5DDD0->4c101d29-ab5d-4405-8c94-5188adf0a1db@group-7093D4EDF2B7, cid=197, FAILED org.apache.ratis.protocol.StateMachineException: org.apache.hadoop.hdds.scm.container.common.helpers.ContainerNotOpenException from Server 4c101d29-ab5d-4405-8c94-5188adf0a1db: Container 1 in CLOSING state, logIndex=0, commits[4c101d29-ab5d-4405-8c94-5188adf0a1db:c18, 65fb3b38-2216-4039-8b36-ca2cf4ff56b9:c16, ad0778d6-c482-4acd-9633-82ac923362d1:c17]
2019-08-28 09:23:48,035 | INFO  | SCMAudit | user=jenkins1000 | ip=192.168.69.108 | op=SEND_HEARTBEAT {datanodeUUID=da0956ba-7c1a-43bf-a8fb-6e60171b4062, command=[]} | ret=SUCCESS |  
2019-08-28 09:23:48,055 | INFO  | SCMAudit | user=jenkins1000 | ip=192.168.69.108 | op=ALLOCATE_BLOCK {owner=1c6879a1-61e5-493f-921e-6fea70943c70, size=800, type=RATIS, factor=THREE} | ret=SUCCESS |  
2019-08-28 09:23:48,057 | INFO  | OMAudit | user=jenkins1000 | ip=127.0.0.1 | op=ALLOCATE_BLOCK {volume=testblockoutputstream, bucket=testblockoutputstream, key=60cf33a9-a4b7-49c2-930d-328a47021c69, dataSize=0, replicationType=null, replicationFactor=null, keyLocationInfo=null, clientID=102693877144485901} | ret=SUCCESS |  
2019-08-28 09:23:48,175 | INFO  | DNAudit | user=null | ip=null | op=WRITE_CHUNK {blockData=conID: 2 locID: 102693878369812495 bcsId: 0} | ret=SUCCESS |  
2019-08-28 09:23:48,175 | INFO  | DNAudit | user=null | ip=null | op=WRITE_CHUNK {blockData=conID: 2 locID: 102693878369812495 bcsId: 0} | ret=SUCCESS |  
2019-08-28 09:23:48,175 | INFO  | DNAudit | user=null | ip=null | op=WRITE_CHUNK {blockData=conID: 2 locID: 102693878369812495 bcsId: 0} | ret=SUCCESS |  
2019-08-28 09:23:48,175 | INFO  | SCMAudit | user=jenkins1000 | ip=192.168.69.108 | op=SEND_HEARTBEAT {datanodeUUID=da0956ba-7c1a-43bf-a8fb-6e60171b4062, command=[]} | ret=SUCCESS |  
2019-08-28 09:23:48,175 | INFO  | SCMAudit | user=jenkins1000 | ip=192.168.69.108 | op=SEND_HEARTBEAT {datanodeUUID=e27b78fe-542d-4189-a93b-0fd90f2d778c, command=[]} | ret=SUCCESS |  
2019-08-28 09:23:48,175 | INFO  | SCMAudit | user=jenkins1000 | ip=192.168.69.108 | op=SEND_HEARTBEAT {datanodeUUID=017c1bfe-8ef1-45e4-8827-c462f0c7cc3d, command=[]} | ret=SUCCESS |  
2019-08-28 09:23:48,189 | INFO  | DNAudit | user=null | ip=null | op=WRITE_CHUNK {blockData=conID: 2 locID: 102693878369812495 bcsId: 0} | ret=SUCCESS |  
2019-08-28 09:23:48,198 [grpc-default-executor-10] INFO  client.GrpcClientProtocolClient (GrpcClientProtocolClient.java:onNext(255)) - client-21E8E23CAEAC->e27b78fe-542d-4189-a93b-0fd90f2d778c: receive RaftClientReply:client-21E8E23CAEAC->e27b78fe-542d-4189-a93b-0fd90f2d778c@group-65EE5C83E742, cid=198, SUCCESS, logIndex=1, commits[e27b78fe-542d-4189-a93b-0fd90f2d778c:c1, da0956ba-7c1a-43bf-a8fb-6e60171b4062:c0, 017c1bfe-8ef1-45e4-8827-c462f0c7cc3d:c0]
2019-08-28 09:23:48,205 | INFO  | DNAudit | user=null | ip=null | op=WRITE_CHUNK {blockData=conID: 2 locID: 102693878369812495 bcsId: 0} | ret=SUCCESS |  
2019-08-28 09:23:48,205 | INFO  | DNAudit | user=null | ip=null | op=WRITE_CHUNK {blockData=conID: 2 locID: 102693878369812495 bcsId: 0} | ret=SUCCESS |  
2019-08-28 09:23:48,205 | INFO  | DNAudit | user=null | ip=null | op=WRITE_CHUNK {blockData=conID: 2 locID: 102693878369812495 bcsId: 0} | ret=SUCCESS |  
2019-08-28 09:23:48,206 | INFO  | DNAudit | user=null | ip=null | op=WRITE_CHUNK {blockData=conID: 2 locID: 102693878369812495 bcsId: 0} | ret=SUCCESS |  
2019-08-28 09:23:48,206 | INFO  | DNAudit | user=null | ip=null | op=WRITE_CHUNK {blockData=conID: 2 locID: 102693878369812495 bcsId: 0} | ret=SUCCESS |  
2019-08-28 09:23:48,206 | INFO  | DNAudit | user=null | ip=null | op=WRITE_CHUNK {blockData=conID: 2 locID: 102693878369812495 bcsId: 0} | ret=SUCCESS |  
2019-08-28 09:23:48,207 | INFO  | DNAudit | user=null | ip=null | op=WRITE_CHUNK {blockData=conID: 2 locID: 102693878369812495 bcsId: 0} | ret=SUCCESS |  
2019-08-28 09:23:48,207 | INFO  | DNAudit | user=null | ip=null | op=WRITE_CHUNK {blockData=conID: 2 locID: 102693878369812495 bcsId: 0} | ret=SUCCESS |  
2019-08-28 09:23:48,207 | INFO  | DNAudit | user=null | ip=null | op=WRITE_CHUNK {blockData=conID: 2 locID: 102693878369812495 bcsId: 0} | ret=SUCCESS |  
2019-08-28 09:23:48,208 | INFO  | DNAudit | user=null | ip=null | op=WRITE_CHUNK {blockData=conID: 2 locID: 102693878369812495 bcsId: 0} | ret=SUCCESS |  
2019-08-28 09:23:48,208 | INFO  | DNAudit | user=null | ip=null | op=WRITE_CHUNK {blockData=conID: 2 locID: 102693878369812495 bcsId: 0} | ret=SUCCESS |  
2019-08-28 09:23:48,223 | INFO  | DNAudit | user=null | ip=null | op=WRITE_CHUNK {blockData=conID: 2 locID: 102693878369812495 bcsId: 0} | ret=SUCCESS |  
2019-08-28 09:23:48,227 [grpc-default-executor-10] INFO  client.GrpcClientProtocolClient (GrpcClientProtocolClient.java:onNext(255)) - client-21E8E23CAEAC->e27b78fe-542d-4189-a93b-0fd90f2d778c: receive RaftClientReply:client-21E8E23CAEAC->e27b78fe-542d-4189-a93b-0fd90f2d778c@group-65EE5C83E742, cid=199, SUCCESS, logIndex=3, commits[e27b78fe-542d-4189-a93b-0fd90f2d778c:c4, da0956ba-7c1a-43bf-a8fb-6e60171b4062:c2, 017c1bfe-8ef1-45e4-8827-c462f0c7cc3d:c2]
2019-08-28 09:23:48,233 | INFO  | DNAudit | user=null | ip=null | op=WRITE_CHUNK {blockData=conID: 2 locID: 102693878369812495 bcsId: 0} | ret=SUCCESS |  
2019-08-28 09:23:48,233 | INFO  | DNAudit | user=null | ip=null | op=WRITE_CHUNK {blockData=conID: 2 locID: 102693878369812495 bcsId: 0} | ret=SUCCESS |  
2019-08-28 09:23:48,247 | INFO  | DNAudit | user=null | ip=null | op=PUT_BLOCK {blockData=[blockId=conID: 2 locID: 102693878369812495 bcsId: 0,size=200]} | ret=SUCCESS |  
2019-08-28 09:23:48,250 | INFO  | DNAudit | user=null | ip=null | op=WRITE_CHUNK {blockData=conID: 2 locID: 102693878369812495 bcsId: 0} | ret=SUCCESS |  
2019-08-28 09:23:48,250 [grpc-default-executor-10] INFO  client.GrpcClientProtocolClient (GrpcClientProtocolClient.java:onNext(255)) - client-21E8E23CAEAC->e27b78fe-542d-4189-a93b-0fd90f2d778c: receive RaftClientReply:client-21E8E23CAEAC->e27b78fe-542d-4189-a93b-0fd90f2d778c@group-65EE5C83E742, cid=200, SUCCESS, logIndex=4, commits[e27b78fe-542d-4189-a93b-0fd90f2d778c:c12, da0956ba-7c1a-43bf-a8fb-6e60171b4062:c7, 017c1bfe-8ef1-45e4-8827-c462f0c7cc3d:c7]
2019-08-28 09:23:48,251 | INFO  | DNAudit | user=null | ip=null | op=WRITE_CHUNK {blockData=conID: 2 locID: 102693878369812495 bcsId: 0} | ret=SUCCESS |  
2019-08-28 09:23:48,251 [grpc-default-executor-10] INFO  client.GrpcClientProtocolClient (GrpcClientProtocolClient.java:onNext(255)) - client-21E8E23CAEAC->e27b78fe-542d-4189-a93b-0fd90f2d778c: receive RaftClientReply:client-21E8E23CAEAC->e27b78fe-542d-4189-a93b-0fd90f2d778c@group-65EE5C83E742, cid=201, SUCCESS, logIndex=5, commits[e27b78fe-542d-4189-a93b-0fd90f2d778c:c12, da0956ba-7c1a-43bf-a8fb-6e60171b4062:c7, 017c1bfe-8ef1-45e4-8827-c462f0c7cc3d:c7]
2019-08-28 09:23:48,252 [grpc-default-executor-10] INFO  client.GrpcClientProtocolClient (GrpcClientProtocolClient.java:onNext(255)) - client-21E8E23CAEAC->e27b78fe-542d-4189-a93b-0fd90f2d778c: receive RaftClientReply:client-21E8E23CAEAC->e27b78fe-542d-4189-a93b-0fd90f2d778c@group-65EE5C83E742, cid=202, SUCCESS, logIndex=6, commits[e27b78fe-542d-4189-a93b-0fd90f2d778c:c12, da0956ba-7c1a-43bf-a8fb-6e60171b4062:c7, 017c1bfe-8ef1-45e4-8827-c462f0c7cc3d:c7]
2019-08-28 09:23:48,265 | INFO  | DNAudit | user=null | ip=null | op=PUT_BLOCK {blockData=[blockId=conID: 2 locID: 102693878369812495 bcsId: 0,size=200]} | ret=SUCCESS |  
2019-08-28 09:23:48,265 | INFO  | DNAudit | user=null | ip=null | op=WRITE_CHUNK {blockData=conID: 2 locID: 102693878369812495 bcsId: 0} | ret=SUCCESS |  
2019-08-28 09:23:48,266 | INFO  | DNAudit | user=null | ip=null | op=WRITE_CHUNK {blockData=conID: 2 locID: 102693878369812495 bcsId: 0} | ret=SUCCESS |  
2019-08-28 09:23:48,292 | INFO  | DNAudit | user=null | ip=null | op=PUT_BLOCK {blockData=[blockId=conID: 2 locID: 102693878369812495 bcsId: 0,size=400]} | ret=SUCCESS |  
2019-08-28 09:23:48,292 | INFO  | DNAudit | user=null | ip=null | op=PUT_BLOCK {blockData=[blockId=conID: 2 locID: 102693878369812495 bcsId: 0,size=400]} | ret=SUCCESS |  
2019-08-28 09:23:48,295 | INFO  | DNAudit | user=null | ip=null | op=PUT_BLOCK {blockData=[blockId=conID: 2 locID: 102693878369812495 bcsId: 0,size=200]} | ret=SUCCESS |  
2019-08-28 09:23:48,296 | INFO  | DNAudit | user=null | ip=null | op=WRITE_CHUNK {blockData=conID: 2 locID: 102693878369812495 bcsId: 0} | ret=SUCCESS |  
2019-08-28 09:23:48,296 | INFO  | SCMAudit | user=jenkins1000 | ip=192.168.69.108 | op=SEND_HEARTBEAT {datanodeUUID=30d18fd4-258c-4095-afd7-e4002ec9de67, command=[]} | ret=SUCCESS |  
2019-08-28 09:23:48,296 | INFO  | DNAudit | user=null | ip=null | op=WRITE_CHUNK {blockData=conID: 2 locID: 102693878369812495 bcsId: 0} | ret=SUCCESS |  
2019-08-28 09:23:48,296 [grpc-default-executor-10] INFO  client.GrpcClientProtocolClient (GrpcClientProtocolClient.java:onNext(255)) - client-21E8E23CAEAC->e27b78fe-542d-4189-a93b-0fd90f2d778c: receive RaftClientReply:client-21E8E23CAEAC->e27b78fe-542d-4189-a93b-0fd90f2d778c@group-65EE5C83E742, cid=203, SUCCESS, logIndex=7, commits[e27b78fe-542d-4189-a93b-0fd90f2d778c:c12, da0956ba-7c1a-43bf-a8fb-6e60171b4062:c7, 017c1bfe-8ef1-45e4-8827-c462f0c7cc3d:c7]
2019-08-28 09:23:48,297 | INFO  | DNAudit | user=null | ip=null | op=PUT_BLOCK {blockData=[blockId=conID: 2 locID: 102693878369812495 bcsId: 0,size=400]} | ret=SUCCESS |  
2019-08-28 09:23:48,299 | INFO  | DNAudit | user=null | ip=null | op=WRITE_CHUNK {blockData=conID: 2 locID: 102693878369812495 bcsId: 7} | ret=SUCCESS |  
2019-08-28 09:23:48,300 | INFO  | DNAudit | user=null | ip=null | op=WRITE_CHUNK {blockData=conID: 2 locID: 102693878369812495 bcsId: 7} | ret=SUCCESS |  
2019-08-28 09:23:48,300 | INFO  | DNAudit | user=null | ip=null | op=WRITE_CHUNK {blockData=conID: 2 locID: 102693878369812495 bcsId: 7} | ret=SUCCESS |  
2019-08-28 09:23:48,309 | INFO  | DNAudit | user=null | ip=null | op=WRITE_CHUNK {blockData=conID: 2 locID: 102693878369812495 bcsId: 7} | ret=SUCCESS |  
2019-08-28 09:23:48,310 | INFO  | DNAudit | user=null | ip=null | op=PUT_BLOCK {blockData=[blockId=conID: 2 locID: 102693878369812495 bcsId: 0,size=450]} | ret=SUCCESS |  
2019-08-28 09:23:48,311 [grpc-default-executor-5] INFO  client.GrpcClientProtocolClient (GrpcClientProtocolClient.java:onNext(255)) - client-21E8E23CAEAC->e27b78fe-542d-4189-a93b-0fd90f2d778c: receive RaftClientReply:client-21E8E23CAEAC->e27b78fe-542d-4189-a93b-0fd90f2d778c@group-65EE5C83E742, cid=204, SUCCESS, logIndex=13, commits[e27b78fe-542d-4189-a93b-0fd90f2d778c:c14, da0956ba-7c1a-43bf-a8fb-6e60171b4062:c12, 017c1bfe-8ef1-45e4-8827-c462f0c7cc3d:c12]
2019-08-28 09:23:48,312 [grpc-default-executor-5] INFO  client.GrpcClientProtocolClient (GrpcClientProtocolClient.java:onNext(255)) - client-21E8E23CAEAC->e27b78fe-542d-4189-a93b-0fd90f2d778c: receive RaftClientReply:client-21E8E23CAEAC->e27b78fe-542d-4189-a93b-0fd90f2d778c@group-65EE5C83E742, cid=205, SUCCESS, logIndex=14, commits[e27b78fe-542d-4189-a93b-0fd90f2d778c:c14, da0956ba-7c1a-43bf-a8fb-6e60171b4062:c12, 017c1bfe-8ef1-45e4-8827-c462f0c7cc3d:c12]
2019-08-28 09:23:48,321 | INFO  | DNAudit | user=null | ip=null | op=WRITE_CHUNK {blockData=conID: 2 locID: 102693878369812495 bcsId: 7} | ret=SUCCESS |  
2019-08-28 09:23:48,321 | INFO  | DNAudit | user=null | ip=null | op=WRITE_CHUNK {blockData=conID: 2 locID: 102693878369812495 bcsId: 7} | ret=SUCCESS |  
2019-08-28 09:23:48,322 | INFO  | DNAudit | user=null | ip=null | op=PUT_BLOCK {blockData=[blockId=conID: 2 locID: 102693878369812495 bcsId: 0,size=450]} | ret=SUCCESS |  
2019-08-28 09:23:48,326 | INFO  | DNAudit | user=null | ip=null | op=PUT_BLOCK {blockData=[blockId=conID: 2 locID: 102693878369812495 bcsId: 0,size=450]} | ret=SUCCESS |  
2019-08-28 09:23:48,327 [grpc-default-executor-5] INFO  client.GrpcClientProtocolClient (GrpcClientProtocolClient.java:onNext(255)) - client-21E8E23CAEAC->e27b78fe-542d-4189-a93b-0fd90f2d778c: receive RaftClientReply:client-21E8E23CAEAC->e27b78fe-542d-4189-a93b-0fd90f2d778c@group-65EE5C83E742, cid=206, SUCCESS, logIndex=0, commits[e27b78fe-542d-4189-a93b-0fd90f2d778c:c15, da0956ba-7c1a-43bf-a8fb-6e60171b4062:c14, 017c1bfe-8ef1-45e4-8827-c462f0c7cc3d:c14]
2019-08-28 09:23:48,328 [main] INFO  ozone.MiniOzoneClusterImpl (MiniOzoneClusterImpl.java:shutdown(321)) - Shutting down the Mini Ozone Cluster
2019-08-28 09:23:48,329 | INFO  | SCMAudit | user=null | ip=null | op=GET_SCM_INFO null | ret=SUCCESS |  
2019-08-28 09:23:48,329 [main] INFO  ozone.MiniOzoneClusterImpl (MiniOzoneClusterImpl.java:stop(336)) - Stopping the Mini Ozone Cluster
2019-08-28 09:23:48,329 [main] INFO  ozone.MiniOzoneClusterImpl (MiniOzoneClusterImpl.java:stop(338)) - Stopping the OzoneManager
2019-08-28 09:23:48,329 [main] INFO  ipc.Server (Server.java:stop(3082)) - Stopping server on 33454
2019-08-28 09:23:48,348 [IPC Server listener on 33454] INFO  ipc.Server (Server.java:run(1185)) - Stopping IPC Server listener on 33454
2019-08-28 09:23:48,351 [main] INFO  ratis.OzoneManagerDoubleBuffer (OzoneManagerDoubleBuffer.java:stop(248)) - Stopping OMDoubleBuffer flush thread
2019-08-28 09:23:48,351 [IPC Server Responder] INFO  ipc.Server (Server.java:run(1319)) - Stopping IPC Server Responder
2019-08-28 09:23:48,359 [OMDoubleBufferFlushThread] INFO  ratis.OzoneManagerDoubleBuffer (OzoneManagerDoubleBuffer.java:flushTransactions(191)) - OMDoubleBuffer flush thread OMDoubleBufferFlushThread is interrupted and will exit. OMDoubleBufferFlushThread
2019-08-28 09:23:48,359 [main] INFO  utils.BackgroundService (BackgroundService.java:shutdown(148)) - Shutting down service KeyDeletingService
2019-08-28 09:23:48,361 [main] INFO  handler.ContextHandler (ContextHandler.java:doStop(910)) - Stopped o.e.j.w.WebAppContext@7a4c1a6c{/,null,UNAVAILABLE}{/ozoneManager}
2019-08-28 09:23:48,362 [main] INFO  server.AbstractConnector (AbstractConnector.java:doStop(318)) - Stopped ServerConnector@123a21ad{HTTP/1.1,[http/1.1]}{0.0.0.0:0}
2019-08-28 09:23:48,362 [main] INFO  handler.ContextHandler (ContextHandler.java:doStop(910)) - Stopped o.e.j.s.ServletContextHandler@13ac1657{/static,file:///workdir/hadoop-ozone/integration-test/target/test-classes/webapps/static,UNAVAILABLE}
2019-08-28 09:23:48,363 [main] INFO  handler.ContextHandler (ContextHandler.java:doStop(910)) - Stopped o.e.j.s.ServletContextHandler@54e39504{/logs,file:///workdir/hadoop-ozone/integration-test/target/log,UNAVAILABLE}
2019-08-28 09:23:48,366 [main] INFO  ozone.MiniOzoneClusterImpl (MiniOzoneClusterImpl.java:stop(344)) - Shutting the HddsDatanodes
2019-08-28 09:23:48,366 [main] INFO  datanode.ObjectStoreHandler (ObjectStoreHandler.java:close(155)) - Closing ObjectStoreHandler.
2019-08-28 09:23:48,366 [ForkJoinPool.commonPool-worker-1] INFO  datanode.ObjectStoreHandler (ObjectStoreHandler.java:close(155)) - Closing ObjectStoreHandler.
2019-08-28 09:23:48,366 [main] INFO  ozone.HddsDatanodeService (HddsDatanodeService.java:stop(451)) - Stopped plug-in org.apache.hadoop.ozone.web.OzoneHddsDatanodeService@465eb466
2019-08-28 09:23:48,367 [ForkJoinPool.commonPool-worker-1] INFO  ozone.HddsDatanodeService (HddsDatanodeService.java:stop(451)) - Stopped plug-in org.apache.hadoop.ozone.web.OzoneHddsDatanodeService@63fcc21
2019-08-28 09:23:48,611 | INFO  | SCMAudit | user=jenkins1000 | ip=192.168.69.108 | op=SEND_HEARTBEAT {datanodeUUID=4c101d29-ab5d-4405-8c94-5188adf0a1db, command=[]} | ret=SUCCESS |  
2019-08-28 09:23:48,612 [Datanode State Machine Thread - 0] INFO  statemachine.DatanodeStateMachine (DatanodeStateMachine.java:lambda$startDaemon$0(350)) - Ozone container server started.
2019-08-28 09:23:49,171 [Datanode State Machine Thread - 0] INFO  statemachine.DatanodeStateMachine (DatanodeStateMachine.java:lambda$startDaemon$0(350)) - Ozone container server started.
2019-08-28 09:23:49,172 | INFO  | SCMAudit | user=jenkins1000 | ip=192.168.69.108 | op=SEND_HEARTBEAT {datanodeUUID=da0956ba-7c1a-43bf-a8fb-6e60171b4062, command=[]} | ret=SUCCESS |  
2019-08-28 09:23:49,172 | INFO  | SCMAudit | user=jenkins1000 | ip=192.168.69.108 | op=SEND_HEARTBEAT {datanodeUUID=e27b78fe-542d-4189-a93b-0fd90f2d778c, command=[]} | ret=SUCCESS |  
2019-08-28 09:23:49,296 | INFO  | SCMAudit | user=jenkins1000 | ip=192.168.69.108 | op=SEND_HEARTBEAT {datanodeUUID=30d18fd4-258c-4095-afd7-e4002ec9de67, command=[]} | ret=SUCCESS |  
2019-08-28 09:23:49,612 | INFO  | SCMAudit | user=jenkins1000 | ip=192.168.69.108 | op=SEND_HEARTBEAT {datanodeUUID=4c101d29-ab5d-4405-8c94-5188adf0a1db, command=[]} | ret=SUCCESS |  
2019-08-28 09:23:50,171 | INFO  | SCMAudit | user=jenkins1000 | ip=192.168.69.108 | op=SEND_HEARTBEAT {datanodeUUID=e27b78fe-542d-4189-a93b-0fd90f2d778c, command=[]} | ret=SUCCESS |  
2019-08-28 09:23:50,171 | INFO  | SCMAudit | user=jenkins1000 | ip=192.168.69.108 | op=SEND_HEARTBEAT {datanodeUUID=da0956ba-7c1a-43bf-a8fb-6e60171b4062, command=[]} | ret=SUCCESS |  
2019-08-28 09:23:50,296 | INFO  | SCMAudit | user=jenkins1000 | ip=192.168.69.108 | op=SEND_HEARTBEAT {datanodeUUID=30d18fd4-258c-4095-afd7-e4002ec9de67, command=[]} | ret=SUCCESS |  
2019-08-28 09:23:50,436 [grpc-default-executor-10] WARN  server.GrpcLogAppender (LogUtils.java:warn(134)) - 4c101d29-ab5d-4405-8c94-5188adf0a1db->65fb3b38-2216-4039-8b36-ca2cf4ff56b9: Failed appendEntries: org.apache.ratis.thirdparty.io.grpc.StatusRuntimeException: UNAVAILABLE: io exception
2019-08-28 09:23:50,436 [grpc-default-executor-10] INFO  impl.FollowerInfo (FollowerInfo.java:lambda$new$0(50)) - 4c101d29-ab5d-4405-8c94-5188adf0a1db->65fb3b38-2216-4039-8b36-ca2cf4ff56b9: nextIndex: updateUnconditionally 1 -> 0
2019-08-28 09:23:50,611 | INFO  | SCMAudit | user=jenkins1000 | ip=192.168.69.108 | op=SEND_HEARTBEAT {datanodeUUID=4c101d29-ab5d-4405-8c94-5188adf0a1db, command=[]} | ret=SUCCESS |  
2019-08-28 09:23:51,172 | INFO  | SCMAudit | user=jenkins1000 | ip=192.168.69.108 | op=SEND_HEARTBEAT {datanodeUUID=da0956ba-7c1a-43bf-a8fb-6e60171b4062, command=[]} | ret=SUCCESS |  
2019-08-28 09:23:51,172 | INFO  | SCMAudit | user=jenkins1000 | ip=192.168.69.108 | op=SEND_HEARTBEAT {datanodeUUID=e27b78fe-542d-4189-a93b-0fd90f2d778c, command=[]} | ret=SUCCESS |  
2019-08-28 09:23:51,297 | INFO  | SCMAudit | user=jenkins1000 | ip=192.168.69.108 | op=SEND_HEARTBEAT {datanodeUUID=30d18fd4-258c-4095-afd7-e4002ec9de67, command=[]} | ret=SUCCESS |  
2019-08-28 09:23:51,612 | INFO  | SCMAudit | user=jenkins1000 | ip=192.168.69.108 | op=SEND_HEARTBEAT {datanodeUUID=4c101d29-ab5d-4405-8c94-5188adf0a1db, command=[]} | ret=SUCCESS |  
2019-08-28 09:23:52,171 | INFO  | SCMAudit | user=jenkins1000 | ip=192.168.69.108 | op=SEND_HEARTBEAT {datanodeUUID=e27b78fe-542d-4189-a93b-0fd90f2d778c, command=[]} | ret=SUCCESS |  
2019-08-28 09:23:52,171 | INFO  | SCMAudit | user=jenkins1000 | ip=192.168.69.108 | op=SEND_HEARTBEAT {datanodeUUID=da0956ba-7c1a-43bf-a8fb-6e60171b4062, command=[]} | ret=SUCCESS |  
2019-08-28 09:23:52,296 | INFO  | SCMAudit | user=jenkins1000 | ip=192.168.69.108 | op=SEND_HEARTBEAT {datanodeUUID=30d18fd4-258c-4095-afd7-e4002ec9de67, command=[]} | ret=SUCCESS |  
2019-08-28 09:23:52,612 | INFO  | SCMAudit | user=jenkins1000 | ip=192.168.69.108 | op=SEND_HEARTBEAT {datanodeUUID=4c101d29-ab5d-4405-8c94-5188adf0a1db, command=[]} | ret=SUCCESS |  
2019-08-28 09:23:52,632 [EventQueue-StaleNodeForStaleNodeHandler] INFO  node.StaleNodeHandler (StaleNodeHandler.java:onMessage(58)) - Datanode ad0778d6-c482-4acd-9633-82ac923362d1{ip: 192.168.69.108, host: pr-hdds-1094-85qxc-974882988, networkLocation: /default-rack, certSerialId: null} moved to stale state. Finalizing its pipelines [PipelineID=76bb1a99-af6c-42f3-a1d6-3aebec27c5c7, PipelineID=65536866-5c8f-422b-896a-7093d4edf2b7]
2019-08-28 09:23:52,632 [EventQueue-StaleNodeForStaleNodeHandler] INFO  pipeline.SCMPipelineManager (SCMPipelineManager.java:finalizeAndDestroyPipeline(309)) - destroying pipeline:Pipeline[ Id: 76bb1a99-af6c-42f3-a1d6-3aebec27c5c7, Nodes: ad0778d6-c482-4acd-9633-82ac923362d1{ip: 192.168.69.108, host: pr-hdds-1094-85qxc-974882988, networkLocation: /default-rack, certSerialId: null}, Type:RATIS, Factor:ONE, State:OPEN]
2019-08-28 09:23:52,633 [EventQueue-StaleNodeForStaleNodeHandler] INFO  pipeline.PipelineStateManager (PipelineStateManager.java:finalizePipeline(123)) - Pipeline Pipeline[ Id: 76bb1a99-af6c-42f3-a1d6-3aebec27c5c7, Nodes: ad0778d6-c482-4acd-9633-82ac923362d1{ip: 192.168.69.108, host: pr-hdds-1094-85qxc-974882988, networkLocation: /default-rack, certSerialId: null}, Type:RATIS, Factor:ONE, State:CLOSED] moved to CLOSED state
2019-08-28 09:23:52,633 [EventQueue-StaleNodeForStaleNodeHandler] INFO  pipeline.SCMPipelineManager (SCMPipelineManager.java:finalizeAndDestroyPipeline(309)) - destroying pipeline:Pipeline[ Id: 65536866-5c8f-422b-896a-7093d4edf2b7, Nodes: 65fb3b38-2216-4039-8b36-ca2cf4ff56b9{ip: 192.168.69.108, host: pr-hdds-1094-85qxc-974882988, networkLocation: /default-rack, certSerialId: null}ad0778d6-c482-4acd-9633-82ac923362d1{ip: 192.168.69.108, host: pr-hdds-1094-85qxc-974882988, networkLocation: /default-rack, certSerialId: null}4c101d29-ab5d-4405-8c94-5188adf0a1db{ip: 192.168.69.108, host: pr-hdds-1094-85qxc-974882988, networkLocation: /default-rack, certSerialId: null}, Type:RATIS, Factor:THREE, State:CLOSED]
2019-08-28 09:23:52,937 [grpc-default-executor-5] WARN  server.GrpcLogAppender (LogUtils.java:warn(134)) - 4c101d29-ab5d-4405-8c94-5188adf0a1db->65fb3b38-2216-4039-8b36-ca2cf4ff56b9: Failed appendEntries: org.apache.ratis.thirdparty.io.grpc.StatusRuntimeException: UNAVAILABLE: io exception
2019-08-28 09:23:52,937 [grpc-default-executor-5] INFO  impl.FollowerInfo (FollowerInfo.java:lambda$new$0(50)) - 4c101d29-ab5d-4405-8c94-5188adf0a1db->65fb3b38-2216-4039-8b36-ca2cf4ff56b9: nextIndex: updateUnconditionally 0 -> 0
2019-08-28 09:23:53,171 | INFO  | SCMAudit | user=jenkins1000 | ip=192.168.69.108 | op=SEND_HEARTBEAT {datanodeUUID=e27b78fe-542d-4189-a93b-0fd90f2d778c, command=[]} | ret=SUCCESS |  
2019-08-28 09:23:53,171 | INFO  | SCMAudit | user=jenkins1000 | ip=192.168.69.108 | op=SEND_HEARTBEAT {datanodeUUID=da0956ba-7c1a-43bf-a8fb-6e60171b4062, command=[]} | ret=SUCCESS |  
2019-08-28 09:23:53,233 [EventQueue-StaleNodeForStaleNodeHandler] INFO  node.StaleNodeHandler (StaleNodeHandler.java:onMessage(58)) - Datanode 017c1bfe-8ef1-45e4-8827-c462f0c7cc3d{ip: 192.168.69.108, host: pr-hdds-1094-85qxc-974882988, networkLocation: /default-rack, certSerialId: null} moved to stale state. Finalizing its pipelines [PipelineID=1304128b-cb1c-4d4e-8c70-4ae533a1fb1b, PipelineID=a79fd952-7c2f-42b3-b017-65ee5c83e742]
2019-08-28 09:23:53,233 [EventQueue-StaleNodeForStaleNodeHandler] INFO  pipeline.SCMPipelineManager (SCMPipelineManager.java:finalizeAndDestroyPipeline(309)) - destroying pipeline:Pipeline[ Id: 1304128b-cb1c-4d4e-8c70-4ae533a1fb1b, Nodes: 017c1bfe-8ef1-45e4-8827-c462f0c7cc3d{ip: 192.168.69.108, host: pr-hdds-1094-85qxc-974882988, networkLocation: /default-rack, certSerialId: null}, Type:RATIS, Factor:ONE, State:OPEN]
2019-08-28 09:23:53,233 [EventQueue-StaleNodeForStaleNodeHandler] INFO  pipeline.PipelineStateManager (PipelineStateManager.java:finalizePipeline(123)) - Pipeline Pipeline[ Id: 1304128b-cb1c-4d4e-8c70-4ae533a1fb1b, Nodes: 017c1bfe-8ef1-45e4-8827-c462f0c7cc3d{ip: 192.168.69.108, host: pr-hdds-1094-85qxc-974882988, networkLocation: /default-rack, certSerialId: null}, Type:RATIS, Factor:ONE, State:CLOSED] moved to CLOSED state
2019-08-28 09:23:53,234 [EventQueue-StaleNodeForStaleNodeHandler] INFO  pipeline.SCMPipelineManager (SCMPipelineManager.java:finalizeAndDestroyPipeline(309)) - destroying pipeline:Pipeline[ Id: a79fd952-7c2f-42b3-b017-65ee5c83e742, Nodes: e27b78fe-542d-4189-a93b-0fd90f2d778c{ip: 192.168.69.108, host: pr-hdds-1094-85qxc-974882988, networkLocation: /default-rack, certSerialId: null}da0956ba-7c1a-43bf-a8fb-6e60171b4062{ip: 192.168.69.108, host: pr-hdds-1094-85qxc-974882988, networkLocation: /default-rack, certSerialId: null}017c1bfe-8ef1-45e4-8827-c462f0c7cc3d{ip: 192.168.69.108, host: pr-hdds-1094-85qxc-974882988, networkLocation: /default-rack, certSerialId: null}, Type:RATIS, Factor:THREE, State:OPEN]
2019-08-28 09:23:53,234 [EventQueue-StaleNodeForStaleNodeHandler] INFO  pipeline.PipelineStateManager (PipelineStateManager.java:finalizePipeline(123)) - Pipeline Pipeline[ Id: a79fd952-7c2f-42b3-b017-65ee5c83e742, Nodes: e27b78fe-542d-4189-a93b-0fd90f2d778c{ip: 192.168.69.108, host: pr-hdds-1094-85qxc-974882988, networkLocation: /default-rack, certSerialId: null}da0956ba-7c1a-43bf-a8fb-6e60171b4062{ip: 192.168.69.108, host: pr-hdds-1094-85qxc-974882988, networkLocation: /default-rack, certSerialId: null}017c1bfe-8ef1-45e4-8827-c462f0c7cc3d{ip: 192.168.69.108, host: pr-hdds-1094-85qxc-974882988, networkLocation: /default-rack, certSerialId: null}, Type:RATIS, Factor:THREE, State:CLOSED] moved to CLOSED state
2019-08-28 09:23:53,234 [EventQueue-CloseContainerForCloseContainerEventHandler] INFO  container.CloseContainerEventHandler (CloseContainerEventHandler.java:onMessage(61)) - Close container Event triggered for container : #2
2019-08-28 09:23:53,297 | INFO  | SCMAudit | user=jenkins1000 | ip=192.168.69.108 | op=SEND_HEARTBEAT {datanodeUUID=30d18fd4-258c-4095-afd7-e4002ec9de67, command=[]} | ret=SUCCESS |  
2019-08-28 09:23:53,367 [main] INFO  ozoneimpl.OzoneContainer (OzoneContainer.java:stop(215)) - Attempting to stop container services.
2019-08-28 09:23:53,368 [ForkJoinPool.commonPool-worker-1] INFO  ozoneimpl.OzoneContainer (OzoneContainer.java:stop(215)) - Attempting to stop container services.
2019-08-28 09:23:53,368 [main] INFO  impl.RaftServerProxy (RaftServerProxy.java:lambda$close$4(314)) - 017c1bfe-8ef1-45e4-8827-c462f0c7cc3d: close
2019-08-28 09:23:53,368 [ForkJoinPool.commonPool-worker-1] INFO  impl.RaftServerProxy (RaftServerProxy.java:lambda$close$4(314)) - ad0778d6-c482-4acd-9633-82ac923362d1: close
2019-08-28 09:23:53,369 [main] INFO  impl.RaftServerImpl (RaftServerImpl.java:lambda$shutdown$3(245)) - 017c1bfe-8ef1-45e4-8827-c462f0c7cc3d: shutdown group-4AE533A1FB1B
2019-08-28 09:23:53,369 [ForkJoinPool.commonPool-worker-1] INFO  impl.RaftServerImpl (RaftServerImpl.java:lambda$shutdown$3(245)) - ad0778d6-c482-4acd-9633-82ac923362d1: shutdown group-3AEBEC27C5C7
2019-08-28 09:23:53,369 [main] INFO  util.JmxRegister (JmxRegister.java:unregister(73)) - Successfully un-registered JMX Bean with object name Ratis:service=RaftServer,group=group-4AE533A1FB1B,id=017c1bfe-8ef1-45e4-8827-c462f0c7cc3d
2019-08-28 09:23:53,370 [main] INFO  impl.RoleInfo (RoleInfo.java:shutdownLeaderState(104)) - 017c1bfe-8ef1-45e4-8827-c462f0c7cc3d: shutdown LeaderState
2019-08-28 09:23:53,369 [ForkJoinPool.commonPool-worker-1] INFO  util.JmxRegister (JmxRegister.java:unregister(73)) - Successfully un-registered JMX Bean with object name Ratis:service=RaftServer,group=group-3AEBEC27C5C7,id=ad0778d6-c482-4acd-9633-82ac923362d1
2019-08-28 09:23:53,370 [main] INFO  impl.PendingRequests (PendingRequests.java:sendNotLeaderResponses(202)) - 017c1bfe-8ef1-45e4-8827-c462f0c7cc3d-PendingRequests: sendNotLeaderResponses
2019-08-28 09:23:53,371 [ForkJoinPool.commonPool-worker-1] INFO  impl.RoleInfo (RoleInfo.java:shutdownLeaderState(104)) - ad0778d6-c482-4acd-9633-82ac923362d1: shutdown LeaderState
2019-08-28 09:23:53,371 [main] INFO  impl.StateMachineUpdater (StateMachineUpdater.java:stopAndJoin(115)) - StateMachineUpdater:017c1bfe-8ef1-45e4-8827-c462f0c7cc3d:group-4AE533A1FB1B: set stopIndex = 0
2019-08-28 09:23:53,372 [main] INFO  impl.RaftServerImpl (ServerState.java:close(394)) - 017c1bfe-8ef1-45e4-8827-c462f0c7cc3d:group-4AE533A1FB1B closes. The last applied log index is 0
2019-08-28 09:23:53,372 [ForkJoinPool.commonPool-worker-1] INFO  impl.PendingRequests (PendingRequests.java:sendNotLeaderResponses(202)) - ad0778d6-c482-4acd-9633-82ac923362d1-PendingRequests: sendNotLeaderResponses
2019-08-28 09:23:53,373 [017c1bfe-8ef1-45e4-8827-c462f0c7cc3d-SegmentedRaftLogWorker:Storage Directory /workdir/hadoop-ozone/integration-test/target/test-dir/MiniOzoneClusterImpl-4cacb774-3eea-4282-9e15-e206378f9ec3/datanode-4/data/ratis/1304128b-cb1c-4d4e-8c70-4ae533a1fb1b] INFO  segmented.SegmentedRaftLogWorker (SegmentedRaftLogWorker.java:run(313)) - 017c1bfe-8ef1-45e4-8827-c462f0c7cc3d-SegmentedRaftLogWorker:Storage Directory /workdir/hadoop-ozone/integration-test/target/test-dir/MiniOzoneClusterImpl-4cacb774-3eea-4282-9e15-e206378f9ec3/datanode-4/data/ratis/1304128b-cb1c-4d4e-8c70-4ae533a1fb1b was interrupted, exiting. There are 0 tasks remaining in the queue.
2019-08-28 09:23:53,373 [ForkJoinPool.commonPool-worker-1] INFO  impl.StateMachineUpdater (StateMachineUpdater.java:stopAndJoin(115)) - StateMachineUpdater:ad0778d6-c482-4acd-9633-82ac923362d1:group-3AEBEC27C5C7: set stopIndex = 0
2019-08-28 09:23:53,376 [main] INFO  segmented.SegmentedRaftLogWorker (SegmentedRaftLogWorker.java:close(228)) - 017c1bfe-8ef1-45e4-8827-c462f0c7cc3d-SegmentedRaftLogWorker:Storage Directory /workdir/hadoop-ozone/integration-test/target/test-dir/MiniOzoneClusterImpl-4cacb774-3eea-4282-9e15-e206378f9ec3/datanode-4/data/ratis/1304128b-cb1c-4d4e-8c70-4ae533a1fb1b close()
2019-08-28 09:23:53,376 [ForkJoinPool.commonPool-worker-1] INFO  impl.RaftServerImpl (ServerState.java:close(394)) - ad0778d6-c482-4acd-9633-82ac923362d1:group-3AEBEC27C5C7 closes. The last applied log index is 0
2019-08-28 09:23:53,381 [main] INFO  impl.RaftServerImpl (RaftServerImpl.java:lambda$shutdown$3(245)) - 017c1bfe-8ef1-45e4-8827-c462f0c7cc3d: shutdown group-65EE5C83E742
2019-08-28 09:23:53,381 [ad0778d6-c482-4acd-9633-82ac923362d1-SegmentedRaftLogWorker:Storage Directory /workdir/hadoop-ozone/integration-test/target/test-dir/MiniOzoneClusterImpl-4cacb774-3eea-4282-9e15-e206378f9ec3/datanode-1/data/ratis/76bb1a99-af6c-42f3-a1d6-3aebec27c5c7] INFO  segmented.SegmentedRaftLogWorker (SegmentedRaftLogWorker.java:run(313)) - ad0778d6-c482-4acd-9633-82ac923362d1-SegmentedRaftLogWorker:Storage Directory /workdir/hadoop-ozone/integration-test/target/test-dir/MiniOzoneClusterImpl-4cacb774-3eea-4282-9e15-e206378f9ec3/datanode-1/data/ratis/76bb1a99-af6c-42f3-a1d6-3aebec27c5c7 was interrupted, exiting. There are 0 tasks remaining in the queue.
2019-08-28 09:23:53,381 [main] INFO  util.JmxRegister (JmxRegister.java:unregister(73)) - Successfully un-registered JMX Bean with object name Ratis:service=RaftServer,group=group-65EE5C83E742,id=017c1bfe-8ef1-45e4-8827-c462f0c7cc3d
2019-08-28 09:23:53,384 [ForkJoinPool.commonPool-worker-1] INFO  segmented.SegmentedRaftLogWorker (SegmentedRaftLogWorker.java:close(228)) - ad0778d6-c482-4acd-9633-82ac923362d1-SegmentedRaftLogWorker:Storage Directory /workdir/hadoop-ozone/integration-test/target/test-dir/MiniOzoneClusterImpl-4cacb774-3eea-4282-9e15-e206378f9ec3/datanode-1/data/ratis/76bb1a99-af6c-42f3-a1d6-3aebec27c5c7 close()
2019-08-28 09:23:53,384 [main] INFO  impl.RoleInfo (RoleInfo.java:shutdownFollowerState(121)) - 017c1bfe-8ef1-45e4-8827-c462f0c7cc3d: shutdown FollowerState
2019-08-28 09:23:53,389 [ForkJoinPool.commonPool-worker-1] INFO  impl.RaftServerImpl (RaftServerImpl.java:lambda$shutdown$3(245)) - ad0778d6-c482-4acd-9633-82ac923362d1: shutdown group-7093D4EDF2B7
2019-08-28 09:23:53,389 [Thread-3618] INFO  impl.FollowerState (FollowerState.java:run(114)) - 017c1bfe-8ef1-45e4-8827-c462f0c7cc3d: FollowerState was interrupted: java.lang.InterruptedException: sleep interrupted
2019-08-28 09:23:53,389 [StateMachineUpdater:017c1bfe-8ef1-45e4-8827-c462f0c7cc3d:group-65EE5C83E742] INFO  ratis.ContainerStateMachine (ContainerStateMachine.java:takeSnapshot(284)) - group-65EE5C83E742: Taking a snapshot at:(t:1, i:14) file /workdir/hadoop-ozone/integration-test/target/test-dir/MiniOzoneClusterImpl-4cacb774-3eea-4282-9e15-e206378f9ec3/datanode-4/data/ratis/a79fd952-7c2f-42b3-b017-65ee5c83e742/sm/snapshot.1_14
2019-08-28 09:23:53,389 [main] INFO  impl.StateMachineUpdater (StateMachineUpdater.java:stopAndJoin(115)) - StateMachineUpdater:017c1bfe-8ef1-45e4-8827-c462f0c7cc3d:group-65EE5C83E742: set stopIndex = 16
2019-08-28 09:23:53,389 [ForkJoinPool.commonPool-worker-1] INFO  util.JmxRegister (JmxRegister.java:unregister(73)) - Successfully un-registered JMX Bean with object name Ratis:service=RaftServer,group=group-7093D4EDF2B7,id=ad0778d6-c482-4acd-9633-82ac923362d1
2019-08-28 09:23:53,393 [ForkJoinPool.commonPool-worker-1] INFO  impl.RoleInfo (RoleInfo.java:shutdownFollowerState(121)) - ad0778d6-c482-4acd-9633-82ac923362d1: shutdown FollowerState
2019-08-28 09:23:53,393 [ForkJoinPool.commonPool-worker-1] INFO  impl.StateMachineUpdater (StateMachineUpdater.java:stopAndJoin(115)) - StateMachineUpdater:ad0778d6-c482-4acd-9633-82ac923362d1:group-7093D4EDF2B7: set stopIndex = 18
2019-08-28 09:23:53,393 [StateMachineUpdater:ad0778d6-c482-4acd-9633-82ac923362d1:group-7093D4EDF2B7] INFO  ratis.ContainerStateMachine (ContainerStateMachine.java:takeSnapshot(284)) - group-7093D4EDF2B7: Taking a snapshot at:(t:1, i:14) file /workdir/hadoop-ozone/integration-test/target/test-dir/MiniOzoneClusterImpl-4cacb774-3eea-4282-9e15-e206378f9ec3/datanode-1/data/ratis/65536866-5c8f-422b-896a-7093d4edf2b7/sm/snapshot.1_14
2019-08-28 09:23:53,393 [Thread-3740] INFO  impl.FollowerState (FollowerState.java:run(114)) - ad0778d6-c482-4acd-9633-82ac923362d1: FollowerState was interrupted: java.lang.InterruptedException: sleep interrupted
2019-08-28 09:23:53,405 [StateMachineUpdater:ad0778d6-c482-4acd-9633-82ac923362d1:group-7093D4EDF2B7] INFO  ratis.ContainerStateMachine (ContainerStateMachine.java:takeSnapshot(295)) - group-7093D4EDF2B7: Finished taking a snapshot at:(t:1, i:14) file:/workdir/hadoop-ozone/integration-test/target/test-dir/MiniOzoneClusterImpl-4cacb774-3eea-4282-9e15-e206378f9ec3/datanode-1/data/ratis/65536866-5c8f-422b-896a-7093d4edf2b7/sm/snapshot.1_14 time:12
2019-08-28 09:23:53,405 [StateMachineUpdater:017c1bfe-8ef1-45e4-8827-c462f0c7cc3d:group-65EE5C83E742] INFO  ratis.ContainerStateMachine (ContainerStateMachine.java:takeSnapshot(295)) - group-65EE5C83E742: Finished taking a snapshot at:(t:1, i:14) file:/workdir/hadoop-ozone/integration-test/target/test-dir/MiniOzoneClusterImpl-4cacb774-3eea-4282-9e15-e206378f9ec3/datanode-4/data/ratis/a79fd952-7c2f-42b3-b017-65ee5c83e742/sm/snapshot.1_14 time:16
2019-08-28 09:23:53,405 [StateMachineUpdater:ad0778d6-c482-4acd-9633-82ac923362d1:group-7093D4EDF2B7] INFO  impl.StateMachineUpdater (StateMachineUpdater.java:takeSnapshot(242)) - StateMachineUpdater:ad0778d6-c482-4acd-9633-82ac923362d1:group-7093D4EDF2B7: Took a snapshot at index 14
2019-08-28 09:23:53,405 [StateMachineUpdater:017c1bfe-8ef1-45e4-8827-c462f0c7cc3d:group-65EE5C83E742] INFO  impl.StateMachineUpdater (StateMachineUpdater.java:takeSnapshot(242)) - StateMachineUpdater:017c1bfe-8ef1-45e4-8827-c462f0c7cc3d:group-65EE5C83E742: Took a snapshot at index 14
2019-08-28 09:23:53,406 [StateMachineUpdater:ad0778d6-c482-4acd-9633-82ac923362d1:group-7093D4EDF2B7] INFO  impl.StateMachineUpdater (StateMachineUpdater.java:lambda$new$0(80)) - StateMachineUpdater:ad0778d6-c482-4acd-9633-82ac923362d1:group-7093D4EDF2B7: snapshotIndex: updateIncreasingly -1 -> 14
2019-08-28 09:23:53,406 [StateMachineUpdater:017c1bfe-8ef1-45e4-8827-c462f0c7cc3d:group-65EE5C83E742] INFO  impl.StateMachineUpdater (StateMachineUpdater.java:lambda$new$0(80)) - StateMachineUpdater:017c1bfe-8ef1-45e4-8827-c462f0c7cc3d:group-65EE5C83E742: snapshotIndex: updateIncreasingly -1 -> 14
2019-08-28 09:23:53,406 [ForkJoinPool.commonPool-worker-1] INFO  impl.RaftServerImpl (ServerState.java:close(394)) - ad0778d6-c482-4acd-9633-82ac923362d1:group-7093D4EDF2B7 closes. The last applied log index is 18
2019-08-28 09:23:53,406 [main] INFO  impl.RaftServerImpl (ServerState.java:close(394)) - 017c1bfe-8ef1-45e4-8827-c462f0c7cc3d:group-65EE5C83E742 closes. The last applied log index is 16
2019-08-28 09:23:53,407 [ad0778d6-c482-4acd-9633-82ac923362d1-SegmentedRaftLogWorker:Storage Directory /workdir/hadoop-ozone/integration-test/target/test-dir/MiniOzoneClusterImpl-4cacb774-3eea-4282-9e15-e206378f9ec3/datanode-1/data/ratis/65536866-5c8f-422b-896a-7093d4edf2b7] INFO  segmented.SegmentedRaftLogWorker (SegmentedRaftLogWorker.java:run(313)) - ad0778d6-c482-4acd-9633-82ac923362d1-SegmentedRaftLogWorker:Storage Directory /workdir/hadoop-ozone/integration-test/target/test-dir/MiniOzoneClusterImpl-4cacb774-3eea-4282-9e15-e206378f9ec3/datanode-1/data/ratis/65536866-5c8f-422b-896a-7093d4edf2b7 was interrupted, exiting. There are 0 tasks remaining in the queue.
2019-08-28 09:23:53,407 [017c1bfe-8ef1-45e4-8827-c462f0c7cc3d-SegmentedRaftLogWorker:Storage Directory /workdir/hadoop-ozone/integration-test/target/test-dir/MiniOzoneClusterImpl-4cacb774-3eea-4282-9e15-e206378f9ec3/datanode-4/data/ratis/a79fd952-7c2f-42b3-b017-65ee5c83e742] INFO  segmented.SegmentedRaftLogWorker (SegmentedRaftLogWorker.java:run(313)) - 017c1bfe-8ef1-45e4-8827-c462f0c7cc3d-SegmentedRaftLogWorker:Storage Directory /workdir/hadoop-ozone/integration-test/target/test-dir/MiniOzoneClusterImpl-4cacb774-3eea-4282-9e15-e206378f9ec3/datanode-4/data/ratis/a79fd952-7c2f-42b3-b017-65ee5c83e742 was interrupted, exiting. There are 0 tasks remaining in the queue.
2019-08-28 09:23:53,411 [ForkJoinPool.commonPool-worker-1] INFO  segmented.SegmentedRaftLogWorker (SegmentedRaftLogWorker.java:close(228)) - ad0778d6-c482-4acd-9633-82ac923362d1-SegmentedRaftLogWorker:Storage Directory /workdir/hadoop-ozone/integration-test/target/test-dir/MiniOzoneClusterImpl-4cacb774-3eea-4282-9e15-e206378f9ec3/datanode-1/data/ratis/65536866-5c8f-422b-896a-7093d4edf2b7 close()
2019-08-28 09:23:53,411 [main] INFO  segmented.SegmentedRaftLogWorker (SegmentedRaftLogWorker.java:close(228)) - 017c1bfe-8ef1-45e4-8827-c462f0c7cc3d-SegmentedRaftLogWorker:Storage Directory /workdir/hadoop-ozone/integration-test/target/test-dir/MiniOzoneClusterImpl-4cacb774-3eea-4282-9e15-e206378f9ec3/datanode-4/data/ratis/a79fd952-7c2f-42b3-b017-65ee5c83e742 close()
2019-08-28 09:23:53,417 [ForkJoinPool.commonPool-worker-1] INFO  server.GrpcService (GrpcService.java:closeImpl(155)) - ad0778d6-c482-4acd-9633-82ac923362d1: shutdown server with port 45006 now
2019-08-28 09:23:53,424 [main] INFO  server.GrpcService (GrpcService.java:closeImpl(155)) - 017c1bfe-8ef1-45e4-8827-c462f0c7cc3d: shutdown server with port 32916 now
2019-08-28 09:23:53,425 [grpc-default-executor-5] WARN  server.GrpcServerProtocolService (LogUtils.java:warn(134)) - ad0778d6-c482-4acd-9633-82ac923362d1: appendEntries onError: org.apache.ratis.thirdparty.io.grpc.StatusRuntimeException: CANCELLED: cancelled before receiving half close
2019-08-28 09:23:53,425 [ForkJoinPool.commonPool-worker-1] INFO  server.GrpcService (GrpcService.java:closeImpl(163)) - ad0778d6-c482-4acd-9633-82ac923362d1: shutdown server with port 45006 successfully
2019-08-28 09:23:53,425 [grpc-default-executor-6] WARN  server.GrpcServerProtocolService (LogUtils.java:warn(134)) - 017c1bfe-8ef1-45e4-8827-c462f0c7cc3d: appendEntries onError: org.apache.ratis.thirdparty.io.grpc.StatusRuntimeException: CANCELLED: cancelled before receiving half close
2019-08-28 09:23:53,425 [grpc-default-executor-9] WARN  server.GrpcLogAppender (LogUtils.java:warn(134)) - 4c101d29-ab5d-4405-8c94-5188adf0a1db->ad0778d6-c482-4acd-9633-82ac923362d1: Failed appendEntries: org.apache.ratis.thirdparty.io.grpc.StatusRuntimeException: CANCELLED: HTTP/2 error code: CANCEL
Received Rst Stream
2019-08-28 09:23:53,426 [grpc-default-executor-5] WARN  server.GrpcLogAppender (LogUtils.java:warn(134)) - e27b78fe-542d-4189-a93b-0fd90f2d778c->017c1bfe-8ef1-45e4-8827-c462f0c7cc3d: Failed appendEntries: org.apache.ratis.thirdparty.io.grpc.StatusRuntimeException: CANCELLED: HTTP/2 error code: CANCEL
Received Rst Stream
2019-08-28 09:23:53,425 [main] INFO  server.GrpcService (GrpcService.java:closeImpl(163)) - 017c1bfe-8ef1-45e4-8827-c462f0c7cc3d: shutdown server with port 32916 successfully
2019-08-28 09:23:53,427 [grpc-default-executor-5] INFO  impl.FollowerInfo (FollowerInfo.java:lambda$new$0(50)) - e27b78fe-542d-4189-a93b-0fd90f2d778c->017c1bfe-8ef1-45e4-8827-c462f0c7cc3d: nextIndex: updateUnconditionally 17 -> 16
2019-08-28 09:23:53,426 [grpc-default-executor-9] INFO  impl.FollowerInfo (FollowerInfo.java:lambda$new$0(50)) - 4c101d29-ab5d-4405-8c94-5188adf0a1db->ad0778d6-c482-4acd-9633-82ac923362d1: nextIndex: updateUnconditionally 19 -> 18
2019-08-28 09:23:53,428 [refreshUsed-/workdir/hadoop-ozone/integration-test/target/test-dir/MiniOzoneClusterImpl-4cacb774-3eea-4282-9e15-e206378f9ec3/datanode-1/data/containers] WARN  fs.CachingGetSpaceUsed (CachingGetSpaceUsed.java:run(183)) - Thread Interrupted waiting to refresh disk information: sleep interrupted
2019-08-28 09:23:53,436 [refreshUsed-/workdir/hadoop-ozone/integration-test/target/test-dir/MiniOzoneClusterImpl-4cacb774-3eea-4282-9e15-e206378f9ec3/datanode-4/data/containers] WARN  fs.CachingGetSpaceUsed (CachingGetSpaceUsed.java:run(183)) - Thread Interrupted waiting to refresh disk information: sleep interrupted
2019-08-28 09:23:53,450 [ForkJoinPool.commonPool-worker-1] INFO  utils.BackgroundService (BackgroundService.java:shutdown(148)) - Shutting down service BlockDeletingService
2019-08-28 09:23:53,450 [main] INFO  utils.BackgroundService (BackgroundService.java:shutdown(148)) - Shutting down service BlockDeletingService
2019-08-28 09:23:53,457 [ForkJoinPool.commonPool-worker-1] INFO  statemachine.DatanodeStateMachine (DatanodeStateMachine.java:stopDaemon(395)) - Ozone container server stopped.
2019-08-28 09:23:53,462 [main] INFO  statemachine.DatanodeStateMachine (DatanodeStateMachine.java:stopDaemon(395)) - Ozone container server stopped.
2019-08-28 09:23:53,466 [ForkJoinPool.commonPool-worker-1] INFO  handler.ContextHandler (ContextHandler.java:doStop(910)) - Stopped o.e.j.w.WebAppContext@39cf7f3c{/,null,UNAVAILABLE}{/hddsDatanode}
2019-08-28 09:23:53,466 [main] INFO  handler.ContextHandler (ContextHandler.java:doStop(910)) - Stopped o.e.j.w.WebAppContext@5854e526{/,null,UNAVAILABLE}{/hddsDatanode}
2019-08-28 09:23:53,466 [ForkJoinPool.commonPool-worker-1] INFO  server.AbstractConnector (AbstractConnector.java:doStop(318)) - Stopped ServerConnector@25df95b{HTTP/1.1,[http/1.1]}{0.0.0.0:0}
2019-08-28 09:23:53,469 [ForkJoinPool.commonPool-worker-1] INFO  handler.ContextHandler (ContextHandler.java:doStop(910)) - Stopped o.e.j.s.ServletContextHandler@781ecbac{/static,jar:file:/home/user/.m2/repository/org/apache/hadoop/hadoop-hdds-container-service/0.5.0-SNAPSHOT/hadoop-hdds-container-service-0.5.0-SNAPSHOT.jar!/webapps/static,UNAVAILABLE}
2019-08-28 09:23:53,469 [main] INFO  server.AbstractConnector (AbstractConnector.java:doStop(318)) - Stopped ServerConnector@289fff3c{HTTP/1.1,[http/1.1]}{0.0.0.0:0}
2019-08-28 09:23:53,471 [ForkJoinPool.commonPool-worker-1] INFO  handler.ContextHandler (ContextHandler.java:doStop(910)) - Stopped o.e.j.s.ServletContextHandler@179e8859{/logs,file:///workdir/hadoop-ozone/integration-test/target/log,UNAVAILABLE}
2019-08-28 09:23:53,472 [main] INFO  handler.ContextHandler (ContextHandler.java:doStop(910)) - Stopped o.e.j.s.ServletContextHandler@1179731c{/static,jar:file:/home/user/.m2/repository/org/apache/hadoop/hadoop-hdds-container-service/0.5.0-SNAPSHOT/hadoop-hdds-container-service-0.5.0-SNAPSHOT.jar!/webapps/static,UNAVAILABLE}
2019-08-28 09:23:53,473 [main] INFO  handler.ContextHandler (ContextHandler.java:doStop(910)) - Stopped o.e.j.s.ServletContextHandler@59ac94ad{/logs,file:///workdir/hadoop-ozone/integration-test/target/log,UNAVAILABLE}
2019-08-28 09:23:53,473 [ForkJoinPool.commonPool-worker-1] INFO  datanode.ObjectStoreHandler (ObjectStoreHandler.java:close(155)) - Closing ObjectStoreHandler.
2019-08-28 09:23:53,474 [ForkJoinPool.commonPool-worker-1] INFO  ozone.HddsDatanodeService (HddsDatanodeService.java:stop(451)) - Stopped plug-in org.apache.hadoop.ozone.web.OzoneHddsDatanodeService@51751265
2019-08-28 09:23:53,474 [main] INFO  datanode.ObjectStoreHandler (ObjectStoreHandler.java:close(155)) - Closing ObjectStoreHandler.
2019-08-28 09:23:53,474 [main] INFO  ozone.HddsDatanodeService (HddsDatanodeService.java:stop(451)) - Stopped plug-in org.apache.hadoop.ozone.web.OzoneHddsDatanodeService@626edbe0
2019-08-28 09:23:53,611 [Datanode State Machine Thread - 0] INFO  statemachine.DatanodeStateMachine (DatanodeStateMachine.java:lambda$startDaemon$0(350)) - Ozone container server started.
2019-08-28 09:23:54,170 [Datanode State Machine Thread - 0] INFO  statemachine.DatanodeStateMachine (DatanodeStateMachine.java:lambda$startDaemon$0(350)) - Ozone container server started.
2019-08-28 09:23:54,171 | INFO  | SCMAudit | user=jenkins1000 | ip=192.168.69.108 | op=SEND_HEARTBEAT {datanodeUUID=da0956ba-7c1a-43bf-a8fb-6e60171b4062, command=[commandType: closeContainerCommand closeContainerCommandProto { containerID: 2 pipelineID { id: "a79fd952-7c2f-42b3-b017-65ee5c83e742" } cmdId: 2 force: false } ]} | ret=SUCCESS |  
2019-08-28 09:23:54,296 | INFO  | SCMAudit | user=jenkins1000 | ip=192.168.69.108 | op=SEND_HEARTBEAT {datanodeUUID=30d18fd4-258c-4095-afd7-e4002ec9de67, command=[]} | ret=SUCCESS |  
2019-08-28 09:23:55,171 | INFO  | SCMAudit | user=jenkins1000 | ip=192.168.69.108 | op=SEND_HEARTBEAT {datanodeUUID=da0956ba-7c1a-43bf-a8fb-6e60171b4062, command=[]} | ret=SUCCESS |  
2019-08-28 09:23:55,296 | INFO  | SCMAudit | user=jenkins1000 | ip=192.168.69.108 | op=SEND_HEARTBEAT {datanodeUUID=30d18fd4-258c-4095-afd7-e4002ec9de67, command=[]} | ret=SUCCESS |  
2019-08-28 09:23:55,437 [grpc-default-executor-5] WARN  server.GrpcLogAppender (LogUtils.java:warn(134)) - 4c101d29-ab5d-4405-8c94-5188adf0a1db->ad0778d6-c482-4acd-9633-82ac923362d1: Failed appendEntries: org.apache.ratis.thirdparty.io.grpc.StatusRuntimeException: UNAVAILABLE: io exception
2019-08-28 09:23:55,437 [grpc-default-executor-6] WARN  server.GrpcLogAppender (LogUtils.java:warn(134)) - 4c101d29-ab5d-4405-8c94-5188adf0a1db->65fb3b38-2216-4039-8b36-ca2cf4ff56b9: Failed appendEntries: org.apache.ratis.thirdparty.io.grpc.StatusRuntimeException: UNAVAILABLE: io exception
2019-08-28 09:23:55,438 [grpc-default-executor-5] INFO  impl.FollowerInfo (FollowerInfo.java:lambda$new$0(50)) - 4c101d29-ab5d-4405-8c94-5188adf0a1db->ad0778d6-c482-4acd-9633-82ac923362d1: nextIndex: updateUnconditionally 18 -> 17
2019-08-28 09:23:55,438 [grpc-default-executor-6] INFO  impl.FollowerInfo (FollowerInfo.java:lambda$new$0(50)) - 4c101d29-ab5d-4405-8c94-5188adf0a1db->65fb3b38-2216-4039-8b36-ca2cf4ff56b9: nextIndex: updateUnconditionally 0 -> 0
2019-08-28 09:23:55,833 [grpc-default-executor-10] WARN  server.GrpcLogAppender (LogUtils.java:warn(134)) - e27b78fe-542d-4189-a93b-0fd90f2d778c->017c1bfe-8ef1-45e4-8827-c462f0c7cc3d: Failed appendEntries: org.apache.ratis.thirdparty.io.grpc.StatusRuntimeException: UNAVAILABLE: io exception
2019-08-28 09:23:55,834 [grpc-default-executor-10] INFO  impl.FollowerInfo (FollowerInfo.java:lambda$new$0(50)) - e27b78fe-542d-4189-a93b-0fd90f2d778c->017c1bfe-8ef1-45e4-8827-c462f0c7cc3d: nextIndex: updateUnconditionally 16 -> 15
2019-08-28 09:23:56,172 | INFO  | SCMAudit | user=jenkins1000 | ip=192.168.69.108 | op=SEND_HEARTBEAT {datanodeUUID=da0956ba-7c1a-43bf-a8fb-6e60171b4062, command=[]} | ret=SUCCESS |  
2019-08-28 09:23:56,188 | INFO  | SCMAudit | user=jenkins1000 | ip=192.168.69.108 | op=SEND_HEARTBEAT {datanodeUUID=da0956ba-7c1a-43bf-a8fb-6e60171b4062, command=[]} | ret=SUCCESS |  
2019-08-28 09:23:56,297 | INFO  | SCMAudit | user=jenkins1000 | ip=192.168.69.108 | op=SEND_HEARTBEAT {datanodeUUID=30d18fd4-258c-4095-afd7-e4002ec9de67, command=[]} | ret=SUCCESS |  
2019-08-28 09:23:57,187 | INFO  | SCMAudit | user=jenkins1000 | ip=192.168.69.108 | op=SEND_HEARTBEAT {datanodeUUID=da0956ba-7c1a-43bf-a8fb-6e60171b4062, command=[]} | ret=SUCCESS |  
2019-08-28 09:23:57,297 | INFO  | SCMAudit | user=jenkins1000 | ip=192.168.69.108 | op=SEND_HEARTBEAT {datanodeUUID=30d18fd4-258c-4095-afd7-e4002ec9de67, command=[]} | ret=SUCCESS |  
2019-08-28 09:23:57,638 [EventQueue-StaleNodeForStaleNodeHandler] INFO  node.StaleNodeHandler (StaleNodeHandler.java:onMessage(58)) - Datanode 4c101d29-ab5d-4405-8c94-5188adf0a1db{ip: 192.168.69.108, host: pr-hdds-1094-85qxc-974882988, networkLocation: /default-rack, certSerialId: null} moved to stale state. Finalizing its pipelines [PipelineID=65536866-5c8f-422b-896a-7093d4edf2b7, PipelineID=fc898743-33ce-4b5a-ba60-4f7b46d62857]
2019-08-28 09:23:57,639 [EventQueue-StaleNodeForStaleNodeHandler] INFO  pipeline.SCMPipelineManager (SCMPipelineManager.java:finalizeAndDestroyPipeline(309)) - destroying pipeline:Pipeline[ Id: 65536866-5c8f-422b-896a-7093d4edf2b7, Nodes: 65fb3b38-2216-4039-8b36-ca2cf4ff56b9{ip: 192.168.69.108, host: pr-hdds-1094-85qxc-974882988, networkLocation: /default-rack, certSerialId: null}ad0778d6-c482-4acd-9633-82ac923362d1{ip: 192.168.69.108, host: pr-hdds-1094-85qxc-974882988, networkLocation: /default-rack, certSerialId: null}4c101d29-ab5d-4405-8c94-5188adf0a1db{ip: 192.168.69.108, host: pr-hdds-1094-85qxc-974882988, networkLocation: /default-rack, certSerialId: null}, Type:RATIS, Factor:THREE, State:CLOSED]
2019-08-28 09:23:57,639 [EventQueue-StaleNodeForStaleNodeHandler] INFO  pipeline.SCMPipelineManager (SCMPipelineManager.java:finalizeAndDestroyPipeline(309)) - destroying pipeline:Pipeline[ Id: fc898743-33ce-4b5a-ba60-4f7b46d62857, Nodes: 4c101d29-ab5d-4405-8c94-5188adf0a1db{ip: 192.168.69.108, host: pr-hdds-1094-85qxc-974882988, networkLocation: /default-rack, certSerialId: null}, Type:RATIS, Factor:ONE, State:OPEN]
2019-08-28 09:23:57,639 [EventQueue-StaleNodeForStaleNodeHandler] INFO  pipeline.PipelineStateManager (PipelineStateManager.java:finalizePipeline(123)) - Pipeline Pipeline[ Id: fc898743-33ce-4b5a-ba60-4f7b46d62857, Nodes: 4c101d29-ab5d-4405-8c94-5188adf0a1db{ip: 192.168.69.108, host: pr-hdds-1094-85qxc-974882988, networkLocation: /default-rack, certSerialId: null}, Type:RATIS, Factor:ONE, State:CLOSED] moved to CLOSED state
2019-08-28 09:23:57,938 [grpc-default-executor-6] WARN  server.GrpcLogAppender (LogUtils.java:warn(134)) - 4c101d29-ab5d-4405-8c94-5188adf0a1db->65fb3b38-2216-4039-8b36-ca2cf4ff56b9: Failed appendEntries: org.apache.ratis.thirdparty.io.grpc.StatusRuntimeException: UNAVAILABLE: io exception
2019-08-28 09:23:57,938 [grpc-default-executor-8] WARN  server.GrpcLogAppender (LogUtils.java:warn(134)) - 4c101d29-ab5d-4405-8c94-5188adf0a1db->ad0778d6-c482-4acd-9633-82ac923362d1: Failed appendEntries: org.apache.ratis.thirdparty.io.grpc.StatusRuntimeException: UNAVAILABLE: io exception
2019-08-28 09:23:57,939 [grpc-default-executor-6] INFO  impl.FollowerInfo (FollowerInfo.java:lambda$new$0(50)) - 4c101d29-ab5d-4405-8c94-5188adf0a1db->65fb3b38-2216-4039-8b36-ca2cf4ff56b9: nextIndex: updateUnconditionally 0 -> 0
2019-08-28 09:23:57,939 [grpc-default-executor-8] INFO  impl.FollowerInfo (FollowerInfo.java:lambda$new$0(50)) - 4c101d29-ab5d-4405-8c94-5188adf0a1db->ad0778d6-c482-4acd-9633-82ac923362d1: nextIndex: updateUnconditionally 17 -> 16
2019-08-28 09:23:58,188 | INFO  | SCMAudit | user=jenkins1000 | ip=192.168.69.108 | op=SEND_HEARTBEAT {datanodeUUID=da0956ba-7c1a-43bf-a8fb-6e60171b4062, command=[]} | ret=SUCCESS |  
2019-08-28 09:23:58,240 [EventQueue-StaleNodeForStaleNodeHandler] INFO  node.StaleNodeHandler (StaleNodeHandler.java:onMessage(58)) - Datanode e27b78fe-542d-4189-a93b-0fd90f2d778c{ip: 192.168.69.108, host: pr-hdds-1094-85qxc-974882988, networkLocation: /default-rack, certSerialId: null} moved to stale state. Finalizing its pipelines [PipelineID=69b84e9d-a5cb-459d-84f6-c26fd840d92a, PipelineID=a79fd952-7c2f-42b3-b017-65ee5c83e742]
2019-08-28 09:23:58,240 [EventQueue-StaleNodeForStaleNodeHandler] INFO  pipeline.SCMPipelineManager (SCMPipelineManager.java:finalizeAndDestroyPipeline(309)) - destroying pipeline:Pipeline[ Id: 69b84e9d-a5cb-459d-84f6-c26fd840d92a, Nodes: e27b78fe-542d-4189-a93b-0fd90f2d778c{ip: 192.168.69.108, host: pr-hdds-1094-85qxc-974882988, networkLocation: /default-rack, certSerialId: null}, Type:RATIS, Factor:ONE, State:OPEN]
2019-08-28 09:23:58,241 [EventQueue-StaleNodeForStaleNodeHandler] INFO  pipeline.PipelineStateManager (PipelineStateManager.java:finalizePipeline(123)) - Pipeline Pipeline[ Id: 69b84e9d-a5cb-459d-84f6-c26fd840d92a, Nodes: e27b78fe-542d-4189-a93b-0fd90f2d778c{ip: 192.168.69.108, host: pr-hdds-1094-85qxc-974882988, networkLocation: /default-rack, certSerialId: null}, Type:RATIS, Factor:ONE, State:CLOSED] moved to CLOSED state
2019-08-28 09:23:58,241 [EventQueue-StaleNodeForStaleNodeHandler] INFO  pipeline.SCMPipelineManager (SCMPipelineManager.java:finalizeAndDestroyPipeline(309)) - destroying pipeline:Pipeline[ Id: a79fd952-7c2f-42b3-b017-65ee5c83e742, Nodes: e27b78fe-542d-4189-a93b-0fd90f2d778c{ip: 192.168.69.108, host: pr-hdds-1094-85qxc-974882988, networkLocation: /default-rack, certSerialId: null}da0956ba-7c1a-43bf-a8fb-6e60171b4062{ip: 192.168.69.108, host: pr-hdds-1094-85qxc-974882988, networkLocation: /default-rack, certSerialId: null}017c1bfe-8ef1-45e4-8827-c462f0c7cc3d{ip: 192.168.69.108, host: pr-hdds-1094-85qxc-974882988, networkLocation: /default-rack, certSerialId: null}, Type:RATIS, Factor:THREE, State:CLOSED]
2019-08-28 09:23:58,297 | INFO  | SCMAudit | user=jenkins1000 | ip=192.168.69.108 | op=SEND_HEARTBEAT {datanodeUUID=30d18fd4-258c-4095-afd7-e4002ec9de67, command=[]} | ret=SUCCESS |  
2019-08-28 09:23:58,336 [grpc-default-executor-8] WARN  server.GrpcLogAppender (LogUtils.java:warn(134)) - e27b78fe-542d-4189-a93b-0fd90f2d778c->017c1bfe-8ef1-45e4-8827-c462f0c7cc3d: Failed appendEntries: org.apache.ratis.thirdparty.io.grpc.StatusRuntimeException: UNAVAILABLE: io exception
2019-08-28 09:23:58,337 [grpc-default-executor-8] INFO  impl.FollowerInfo (FollowerInfo.java:lambda$new$0(50)) - e27b78fe-542d-4189-a93b-0fd90f2d778c->017c1bfe-8ef1-45e4-8827-c462f0c7cc3d: nextIndex: updateUnconditionally 15 -> 14
2019-08-28 09:23:58,475 [ForkJoinPool.commonPool-worker-1] INFO  ozoneimpl.OzoneContainer (OzoneContainer.java:stop(215)) - Attempting to stop container services.
2019-08-28 09:23:58,475 [main] INFO  ozoneimpl.OzoneContainer (OzoneContainer.java:stop(215)) - Attempting to stop container services.
2019-08-28 09:23:58,476 [ForkJoinPool.commonPool-worker-1] INFO  impl.RaftServerProxy (RaftServerProxy.java:lambda$close$4(314)) - 4c101d29-ab5d-4405-8c94-5188adf0a1db: close
2019-08-28 09:23:58,477 [main] INFO  impl.RaftServerProxy (RaftServerProxy.java:lambda$close$4(314)) - e27b78fe-542d-4189-a93b-0fd90f2d778c: close
2019-08-28 09:23:58,477 [ForkJoinPool.commonPool-worker-1] INFO  impl.RaftServerImpl (RaftServerImpl.java:lambda$shutdown$3(245)) - 4c101d29-ab5d-4405-8c94-5188adf0a1db: shutdown group-7093D4EDF2B7
2019-08-28 09:23:58,477 [main] INFO  impl.RaftServerImpl (RaftServerImpl.java:lambda$shutdown$3(245)) - e27b78fe-542d-4189-a93b-0fd90f2d778c: shutdown group-C26FD840D92A
2019-08-28 09:23:58,478 [ForkJoinPool.commonPool-worker-1] INFO  util.JmxRegister (JmxRegister.java:unregister(73)) - Successfully un-registered JMX Bean with object name Ratis:service=RaftServer,group=group-7093D4EDF2B7,id=4c101d29-ab5d-4405-8c94-5188adf0a1db
2019-08-28 09:23:58,478 [main] INFO  util.JmxRegister (JmxRegister.java:unregister(73)) - Successfully un-registered JMX Bean with object name Ratis:service=RaftServer,group=group-C26FD840D92A,id=e27b78fe-542d-4189-a93b-0fd90f2d778c
2019-08-28 09:23:58,478 [ForkJoinPool.commonPool-worker-1] INFO  impl.RoleInfo (RoleInfo.java:shutdownLeaderState(104)) - 4c101d29-ab5d-4405-8c94-5188adf0a1db: shutdown LeaderState
2019-08-28 09:23:58,479 [main] INFO  impl.RoleInfo (RoleInfo.java:shutdownLeaderState(104)) - e27b78fe-542d-4189-a93b-0fd90f2d778c: shutdown LeaderState
2019-08-28 09:23:58,486 [org.apache.ratis.server.impl.LogAppender$AppenderDaemon$$Lambda$484/285280687@348ba236] WARN  server.GrpcLogAppender (GrpcLogAppender.java:mayWait(143)) - GrpcLogAppender(4c101d29-ab5d-4405-8c94-5188adf0a1db->ad0778d6-c482-4acd-9633-82ac923362d1): Wait interrupted by java.lang.InterruptedException
2019-08-28 09:23:58,486 [org.apache.ratis.server.impl.LogAppender$AppenderDaemon$$Lambda$484/285280687@388c4095] WARN  server.GrpcLogAppender (GrpcLogAppender.java:mayWait(143)) - GrpcLogAppender(4c101d29-ab5d-4405-8c94-5188adf0a1db->65fb3b38-2216-4039-8b36-ca2cf4ff56b9): Wait interrupted by java.lang.InterruptedException
2019-08-28 09:23:58,486 [ForkJoinPool.commonPool-worker-1] INFO  impl.PendingRequests (PendingRequests.java:sendNotLeaderResponses(202)) - 4c101d29-ab5d-4405-8c94-5188adf0a1db-PendingRequests: sendNotLeaderResponses
2019-08-28 09:23:58,486 [main] INFO  impl.PendingRequests (PendingRequests.java:sendNotLeaderResponses(202)) - e27b78fe-542d-4189-a93b-0fd90f2d778c-PendingRequests: sendNotLeaderResponses
2019-08-28 09:23:58,487 [ForkJoinPool.commonPool-worker-1] INFO  impl.StateMachineUpdater (StateMachineUpdater.java:stopAndJoin(115)) - StateMachineUpdater:4c101d29-ab5d-4405-8c94-5188adf0a1db:group-7093D4EDF2B7: set stopIndex = 18
2019-08-28 09:23:58,488 [main] INFO  impl.StateMachineUpdater (StateMachineUpdater.java:stopAndJoin(115)) - StateMachineUpdater:e27b78fe-542d-4189-a93b-0fd90f2d778c:group-C26FD840D92A: set stopIndex = 0
2019-08-28 09:23:58,488 [main] INFO  impl.RaftServerImpl (ServerState.java:close(394)) - e27b78fe-542d-4189-a93b-0fd90f2d778c:group-C26FD840D92A closes. The last applied log index is 0
2019-08-28 09:23:58,487 [StateMachineUpdater:4c101d29-ab5d-4405-8c94-5188adf0a1db:group-7093D4EDF2B7] INFO  ratis.ContainerStateMachine (ContainerStateMachine.java:takeSnapshot(284)) - group-7093D4EDF2B7: Taking a snapshot at:(t:1, i:14) file /workdir/hadoop-ozone/integration-test/target/test-dir/MiniOzoneClusterImpl-4cacb774-3eea-4282-9e15-e206378f9ec3/datanode-0/data/ratis/65536866-5c8f-422b-896a-7093d4edf2b7/sm/snapshot.1_14
2019-08-28 09:23:58,489 [e27b78fe-542d-4189-a93b-0fd90f2d778c-SegmentedRaftLogWorker:Storage Directory /workdir/hadoop-ozone/integration-test/target/test-dir/MiniOzoneClusterImpl-4cacb774-3eea-4282-9e15-e206378f9ec3/datanode-3/data/ratis/69b84e9d-a5cb-459d-84f6-c26fd840d92a] INFO  segmented.SegmentedRaftLogWorker (SegmentedRaftLogWorker.java:run(313)) - e27b78fe-542d-4189-a93b-0fd90f2d778c-SegmentedRaftLogWorker:Storage Directory /workdir/hadoop-ozone/integration-test/target/test-dir/MiniOzoneClusterImpl-4cacb774-3eea-4282-9e15-e206378f9ec3/datanode-3/data/ratis/69b84e9d-a5cb-459d-84f6-c26fd840d92a was interrupted, exiting. There are 0 tasks remaining in the queue.
2019-08-28 09:23:58,491 [main] INFO  segmented.SegmentedRaftLogWorker (SegmentedRaftLogWorker.java:close(228)) - e27b78fe-542d-4189-a93b-0fd90f2d778c-SegmentedRaftLogWorker:Storage Directory /workdir/hadoop-ozone/integration-test/target/test-dir/MiniOzoneClusterImpl-4cacb774-3eea-4282-9e15-e206378f9ec3/datanode-3/data/ratis/69b84e9d-a5cb-459d-84f6-c26fd840d92a close()
2019-08-28 09:23:58,494 [main] INFO  impl.RaftServerImpl (RaftServerImpl.java:lambda$shutdown$3(245)) - e27b78fe-542d-4189-a93b-0fd90f2d778c: shutdown group-65EE5C83E742
2019-08-28 09:23:58,495 [main] INFO  util.JmxRegister (JmxRegister.java:unregister(73)) - Successfully un-registered JMX Bean with object name Ratis:service=RaftServer,group=group-65EE5C83E742,id=e27b78fe-542d-4189-a93b-0fd90f2d778c
2019-08-28 09:23:58,495 [main] INFO  impl.RoleInfo (RoleInfo.java:shutdownLeaderState(104)) - e27b78fe-542d-4189-a93b-0fd90f2d778c: shutdown LeaderState
2019-08-28 09:23:58,499 [main] INFO  impl.PendingRequests (PendingRequests.java:sendNotLeaderResponses(202)) - e27b78fe-542d-4189-a93b-0fd90f2d778c-PendingRequests: sendNotLeaderResponses
2019-08-28 09:23:58,499 [org.apache.ratis.server.impl.LogAppender$AppenderDaemon$$Lambda$484/285280687@5539ae71] WARN  server.GrpcLogAppender (GrpcLogAppender.java:mayWait(143)) - GrpcLogAppender(e27b78fe-542d-4189-a93b-0fd90f2d778c->017c1bfe-8ef1-45e4-8827-c462f0c7cc3d): Wait interrupted by java.lang.InterruptedException
2019-08-28 09:23:58,499 [org.apache.ratis.server.impl.LogAppender$AppenderDaemon$$Lambda$484/285280687@103b3212] WARN  server.GrpcLogAppender (GrpcLogAppender.java:mayWait(143)) - GrpcLogAppender(e27b78fe-542d-4189-a93b-0fd90f2d778c->da0956ba-7c1a-43bf-a8fb-6e60171b4062): Wait interrupted by java.lang.InterruptedException
2019-08-28 09:23:58,502 [main] INFO  impl.StateMachineUpdater (StateMachineUpdater.java:stopAndJoin(115)) - StateMachineUpdater:e27b78fe-542d-4189-a93b-0fd90f2d778c:group-65EE5C83E742: set stopIndex = 16
2019-08-28 09:23:58,503 [StateMachineUpdater:e27b78fe-542d-4189-a93b-0fd90f2d778c:group-65EE5C83E742] INFO  ratis.ContainerStateMachine (ContainerStateMachine.java:takeSnapshot(284)) - group-65EE5C83E742: Taking a snapshot at:(t:1, i:14) file /workdir/hadoop-ozone/integration-test/target/test-dir/MiniOzoneClusterImpl-4cacb774-3eea-4282-9e15-e206378f9ec3/datanode-3/data/ratis/a79fd952-7c2f-42b3-b017-65ee5c83e742/sm/snapshot.1_14
2019-08-28 09:23:58,503 [grpc-default-executor-8] INFO  server.GrpcServerProtocolService (GrpcServerProtocolService.java:onCompleted(104)) - da0956ba-7c1a-43bf-a8fb-6e60171b4062: appendEntries completed
2019-08-28 09:23:58,504 [grpc-default-executor-8] INFO  server.GrpcLogAppender (GrpcLogAppender.java:onCompleted(292)) - e27b78fe-542d-4189-a93b-0fd90f2d778c->da0956ba-7c1a-43bf-a8fb-6e60171b4062: follower responses appendEntries COMPLETED
2019-08-28 09:23:58,504 [grpc-default-executor-8] INFO  impl.FollowerInfo (FollowerInfo.java:lambda$new$0(50)) - e27b78fe-542d-4189-a93b-0fd90f2d778c->da0956ba-7c1a-43bf-a8fb-6e60171b4062: nextIndex: updateUnconditionally 17 -> 16
2019-08-28 09:23:58,504 [StateMachineUpdater:4c101d29-ab5d-4405-8c94-5188adf0a1db:group-7093D4EDF2B7] INFO  ratis.ContainerStateMachine (ContainerStateMachine.java:takeSnapshot(295)) - group-7093D4EDF2B7: Finished taking a snapshot at:(t:1, i:14) file:/workdir/hadoop-ozone/integration-test/target/test-dir/MiniOzoneClusterImpl-4cacb774-3eea-4282-9e15-e206378f9ec3/datanode-0/data/ratis/65536866-5c8f-422b-896a-7093d4edf2b7/sm/snapshot.1_14 time:17
2019-08-28 09:23:58,505 [StateMachineUpdater:4c101d29-ab5d-4405-8c94-5188adf0a1db:group-7093D4EDF2B7] INFO  impl.StateMachineUpdater (StateMachineUpdater.java:takeSnapshot(242)) - StateMachineUpdater:4c101d29-ab5d-4405-8c94-5188adf0a1db:group-7093D4EDF2B7: Took a snapshot at index 14
2019-08-28 09:23:58,505 [StateMachineUpdater:4c101d29-ab5d-4405-8c94-5188adf0a1db:group-7093D4EDF2B7] INFO  impl.StateMachineUpdater (StateMachineUpdater.java:lambda$new$0(80)) - StateMachineUpdater:4c101d29-ab5d-4405-8c94-5188adf0a1db:group-7093D4EDF2B7: snapshotIndex: updateIncreasingly -1 -> 14
2019-08-28 09:23:58,505 [ForkJoinPool.commonPool-worker-1] INFO  impl.RaftServerImpl (ServerState.java:close(394)) - 4c101d29-ab5d-4405-8c94-5188adf0a1db:group-7093D4EDF2B7 closes. The last applied log index is 18
2019-08-28 09:23:58,506 [4c101d29-ab5d-4405-8c94-5188adf0a1db-SegmentedRaftLogWorker:Storage Directory /workdir/hadoop-ozone/integration-test/target/test-dir/MiniOzoneClusterImpl-4cacb774-3eea-4282-9e15-e206378f9ec3/datanode-0/data/ratis/65536866-5c8f-422b-896a-7093d4edf2b7] INFO  segmented.SegmentedRaftLogWorker (SegmentedRaftLogWorker.java:run(313)) - 4c101d29-ab5d-4405-8c94-5188adf0a1db-SegmentedRaftLogWorker:Storage Directory /workdir/hadoop-ozone/integration-test/target/test-dir/MiniOzoneClusterImpl-4cacb774-3eea-4282-9e15-e206378f9ec3/datanode-0/data/ratis/65536866-5c8f-422b-896a-7093d4edf2b7 was interrupted, exiting. There are 0 tasks remaining in the queue.
2019-08-28 09:23:58,508 [StateMachineUpdater:e27b78fe-542d-4189-a93b-0fd90f2d778c:group-65EE5C83E742] INFO  ratis.ContainerStateMachine (ContainerStateMachine.java:takeSnapshot(295)) - group-65EE5C83E742: Finished taking a snapshot at:(t:1, i:14) file:/workdir/hadoop-ozone/integration-test/target/test-dir/MiniOzoneClusterImpl-4cacb774-3eea-4282-9e15-e206378f9ec3/datanode-3/data/ratis/a79fd952-7c2f-42b3-b017-65ee5c83e742/sm/snapshot.1_14 time:4
2019-08-28 09:23:58,508 [ForkJoinPool.commonPool-worker-1] INFO  segmented.SegmentedRaftLogWorker (SegmentedRaftLogWorker.java:close(228)) - 4c101d29-ab5d-4405-8c94-5188adf0a1db-SegmentedRaftLogWorker:Storage Directory /workdir/hadoop-ozone/integration-test/target/test-dir/MiniOzoneClusterImpl-4cacb774-3eea-4282-9e15-e206378f9ec3/datanode-0/data/ratis/65536866-5c8f-422b-896a-7093d4edf2b7 close()
2019-08-28 09:23:58,508 [StateMachineUpdater:e27b78fe-542d-4189-a93b-0fd90f2d778c:group-65EE5C83E742] INFO  impl.StateMachineUpdater (StateMachineUpdater.java:takeSnapshot(242)) - StateMachineUpdater:e27b78fe-542d-4189-a93b-0fd90f2d778c:group-65EE5C83E742: Took a snapshot at index 14
2019-08-28 09:23:58,511 [ForkJoinPool.commonPool-worker-1] INFO  impl.RaftServerImpl (RaftServerImpl.java:lambda$shutdown$3(245)) - 4c101d29-ab5d-4405-8c94-5188adf0a1db: shutdown group-4F7B46D62857
2019-08-28 09:23:58,511 [StateMachineUpdater:e27b78fe-542d-4189-a93b-0fd90f2d778c:group-65EE5C83E742] INFO  impl.StateMachineUpdater (StateMachineUpdater.java:lambda$new$0(80)) - StateMachineUpdater:e27b78fe-542d-4189-a93b-0fd90f2d778c:group-65EE5C83E742: snapshotIndex: updateIncreasingly -1 -> 14
2019-08-28 09:23:58,511 [ForkJoinPool.commonPool-worker-1] INFO  util.JmxRegister (JmxRegister.java:unregister(73)) - Successfully un-registered JMX Bean with object name Ratis:service=RaftServer,group=group-4F7B46D62857,id=4c101d29-ab5d-4405-8c94-5188adf0a1db
2019-08-28 09:23:58,512 [main] INFO  impl.RaftServerImpl (ServerState.java:close(394)) - e27b78fe-542d-4189-a93b-0fd90f2d778c:group-65EE5C83E742 closes. The last applied log index is 16
2019-08-28 09:23:58,512 [ForkJoinPool.commonPool-worker-1] INFO  impl.RoleInfo (RoleInfo.java:shutdownLeaderState(104)) - 4c101d29-ab5d-4405-8c94-5188adf0a1db: shutdown LeaderState
2019-08-28 09:23:58,513 [e27b78fe-542d-4189-a93b-0fd90f2d778c-SegmentedRaftLogWorker:Storage Directory /workdir/hadoop-ozone/integration-test/target/test-dir/MiniOzoneClusterImpl-4cacb774-3eea-4282-9e15-e206378f9ec3/datanode-3/data/ratis/a79fd952-7c2f-42b3-b017-65ee5c83e742] INFO  segmented.SegmentedRaftLogWorker (SegmentedRaftLogWorker.java:run(313)) - e27b78fe-542d-4189-a93b-0fd90f2d778c-SegmentedRaftLogWorker:Storage Directory /workdir/hadoop-ozone/integration-test/target/test-dir/MiniOzoneClusterImpl-4cacb774-3eea-4282-9e15-e206378f9ec3/datanode-3/data/ratis/a79fd952-7c2f-42b3-b017-65ee5c83e742 was interrupted, exiting. There are 0 tasks remaining in the queue.
2019-08-28 09:23:58,513 [ForkJoinPool.commonPool-worker-1] INFO  impl.PendingRequests (PendingRequests.java:sendNotLeaderResponses(202)) - 4c101d29-ab5d-4405-8c94-5188adf0a1db-PendingRequests: sendNotLeaderResponses
2019-08-28 09:23:58,514 [main] INFO  segmented.SegmentedRaftLogWorker (SegmentedRaftLogWorker.java:close(228)) - e27b78fe-542d-4189-a93b-0fd90f2d778c-SegmentedRaftLogWorker:Storage Directory /workdir/hadoop-ozone/integration-test/target/test-dir/MiniOzoneClusterImpl-4cacb774-3eea-4282-9e15-e206378f9ec3/datanode-3/data/ratis/a79fd952-7c2f-42b3-b017-65ee5c83e742 close()
2019-08-28 09:23:58,515 [ForkJoinPool.commonPool-worker-1] INFO  impl.StateMachineUpdater (StateMachineUpdater.java:stopAndJoin(115)) - StateMachineUpdater:4c101d29-ab5d-4405-8c94-5188adf0a1db:group-4F7B46D62857: set stopIndex = 0
2019-08-28 09:23:58,518 [main] INFO  server.GrpcService (GrpcService.java:closeImpl(155)) - e27b78fe-542d-4189-a93b-0fd90f2d778c: shutdown server with port 41923 now
2019-08-28 09:23:58,518 [ForkJoinPool.commonPool-worker-1] INFO  impl.RaftServerImpl (ServerState.java:close(394)) - 4c101d29-ab5d-4405-8c94-5188adf0a1db:group-4F7B46D62857 closes. The last applied log index is 0
2019-08-28 09:23:58,519 [4c101d29-ab5d-4405-8c94-5188adf0a1db-SegmentedRaftLogWorker:Storage Directory /workdir/hadoop-ozone/integration-test/target/test-dir/MiniOzoneClusterImpl-4cacb774-3eea-4282-9e15-e206378f9ec3/datanode-0/data/ratis/fc898743-33ce-4b5a-ba60-4f7b46d62857] INFO  segmented.SegmentedRaftLogWorker (SegmentedRaftLogWorker.java:run(313)) - 4c101d29-ab5d-4405-8c94-5188adf0a1db-SegmentedRaftLogWorker:Storage Directory /workdir/hadoop-ozone/integration-test/target/test-dir/MiniOzoneClusterImpl-4cacb774-3eea-4282-9e15-e206378f9ec3/datanode-0/data/ratis/fc898743-33ce-4b5a-ba60-4f7b46d62857 was interrupted, exiting. There are 0 tasks remaining in the queue.
2019-08-28 09:23:58,519 [grpc-default-executor-6] WARN  client.GrpcClientProtocolService (LogUtils.java:warn(134)) - 1-UnorderedRequestStreamObserver1: onError: org.apache.ratis.thirdparty.io.grpc.StatusRuntimeException: CANCELLED: cancelled before receiving half close
2019-08-28 09:23:58,521 [main] INFO  server.GrpcService (GrpcService.java:closeImpl(163)) - e27b78fe-542d-4189-a93b-0fd90f2d778c: shutdown server with port 41923 successfully
2019-08-28 09:23:58,521 [ForkJoinPool.commonPool-worker-1] INFO  segmented.SegmentedRaftLogWorker (SegmentedRaftLogWorker.java:close(228)) - 4c101d29-ab5d-4405-8c94-5188adf0a1db-SegmentedRaftLogWorker:Storage Directory /workdir/hadoop-ozone/integration-test/target/test-dir/MiniOzoneClusterImpl-4cacb774-3eea-4282-9e15-e206378f9ec3/datanode-0/data/ratis/fc898743-33ce-4b5a-ba60-4f7b46d62857 close()
2019-08-28 09:23:58,526 [ForkJoinPool.commonPool-worker-1] INFO  server.GrpcService (GrpcService.java:closeImpl(155)) - 4c101d29-ab5d-4405-8c94-5188adf0a1db: shutdown server with port 38927 now
2019-08-28 09:23:58,526 [ForkJoinPool.commonPool-worker-1] INFO  server.GrpcService (GrpcService.java:closeImpl(163)) - 4c101d29-ab5d-4405-8c94-5188adf0a1db: shutdown server with port 38927 successfully
2019-08-28 09:23:58,528 [refreshUsed-/workdir/hadoop-ozone/integration-test/target/test-dir/MiniOzoneClusterImpl-4cacb774-3eea-4282-9e15-e206378f9ec3/datanode-3/data/containers] WARN  fs.CachingGetSpaceUsed (CachingGetSpaceUsed.java:run(183)) - Thread Interrupted waiting to refresh disk information: sleep interrupted
2019-08-28 09:23:58,534 [refreshUsed-/workdir/hadoop-ozone/integration-test/target/test-dir/MiniOzoneClusterImpl-4cacb774-3eea-4282-9e15-e206378f9ec3/datanode-0/data/containers] WARN  fs.CachingGetSpaceUsed (CachingGetSpaceUsed.java:run(183)) - Thread Interrupted waiting to refresh disk information: sleep interrupted
2019-08-28 09:23:58,553 [ForkJoinPool.commonPool-worker-1] INFO  utils.BackgroundService (BackgroundService.java:shutdown(148)) - Shutting down service BlockDeletingService
2019-08-28 09:23:58,553 [main] INFO  utils.BackgroundService (BackgroundService.java:shutdown(148)) - Shutting down service BlockDeletingService
2019-08-28 09:23:58,557 [ForkJoinPool.commonPool-worker-1] INFO  statemachine.DatanodeStateMachine (DatanodeStateMachine.java:stopDaemon(395)) - Ozone container server stopped.
2019-08-28 09:23:58,563 [main] INFO  statemachine.DatanodeStateMachine (DatanodeStateMachine.java:stopDaemon(395)) - Ozone container server stopped.
2019-08-28 09:23:58,565 [ForkJoinPool.commonPool-worker-1] INFO  handler.ContextHandler (ContextHandler.java:doStop(910)) - Stopped o.e.j.w.WebAppContext@326489c4{/,null,UNAVAILABLE}{/hddsDatanode}
2019-08-28 09:23:58,566 [main] INFO  handler.ContextHandler (ContextHandler.java:doStop(910)) - Stopped o.e.j.w.WebAppContext@2b3ac26d{/,null,UNAVAILABLE}{/hddsDatanode}
2019-08-28 09:23:58,566 [ForkJoinPool.commonPool-worker-1] INFO  server.AbstractConnector (AbstractConnector.java:doStop(318)) - Stopped ServerConnector@50165a6d{HTTP/1.1,[http/1.1]}{0.0.0.0:0}
2019-08-28 09:23:58,568 [ForkJoinPool.commonPool-worker-1] INFO  handler.ContextHandler (ContextHandler.java:doStop(910)) - Stopped o.e.j.s.ServletContextHandler@5350a926{/static,jar:file:/home/user/.m2/repository/org/apache/hadoop/hadoop-hdds-container-service/0.5.0-SNAPSHOT/hadoop-hdds-container-service-0.5.0-SNAPSHOT.jar!/webapps/static,UNAVAILABLE}
2019-08-28 09:23:58,568 [main] INFO  server.AbstractConnector (AbstractConnector.java:doStop(318)) - Stopped ServerConnector@13515709{HTTP/1.1,[http/1.1]}{0.0.0.0:0}
2019-08-28 09:23:58,570 [ForkJoinPool.commonPool-worker-1] INFO  handler.ContextHandler (ContextHandler.java:doStop(910)) - Stopped o.e.j.s.ServletContextHandler@6e43c01f{/logs,file:///workdir/hadoop-ozone/integration-test/target/log,UNAVAILABLE}
2019-08-28 09:23:58,570 [main] INFO  handler.ContextHandler (ContextHandler.java:doStop(910)) - Stopped o.e.j.s.ServletContextHandler@10f64bc3{/static,jar:file:/home/user/.m2/repository/org/apache/hadoop/hadoop-hdds-container-service/0.5.0-SNAPSHOT/hadoop-hdds-container-service-0.5.0-SNAPSHOT.jar!/webapps/static,UNAVAILABLE}
2019-08-28 09:23:58,571 [main] INFO  handler.ContextHandler (ContextHandler.java:doStop(910)) - Stopped o.e.j.s.ServletContextHandler@10c11e36{/logs,file:///workdir/hadoop-ozone/integration-test/target/log,UNAVAILABLE}
2019-08-28 09:23:58,571 [ForkJoinPool.commonPool-worker-1] INFO  datanode.ObjectStoreHandler (ObjectStoreHandler.java:close(155)) - Closing ObjectStoreHandler.
2019-08-28 09:23:58,572 [main] INFO  datanode.ObjectStoreHandler (ObjectStoreHandler.java:close(155)) - Closing ObjectStoreHandler.
2019-08-28 09:23:58,572 [ForkJoinPool.commonPool-worker-1] INFO  ozone.HddsDatanodeService (HddsDatanodeService.java:stop(451)) - Stopped plug-in org.apache.hadoop.ozone.web.OzoneHddsDatanodeService@2a6dfbb2
2019-08-28 09:23:58,573 [main] INFO  ozone.HddsDatanodeService (HddsDatanodeService.java:stop(451)) - Stopped plug-in org.apache.hadoop.ozone.web.OzoneHddsDatanodeService@40fd9358
2019-08-28 09:23:59,186 [Datanode State Machine Thread - 0] INFO  statemachine.DatanodeStateMachine (DatanodeStateMachine.java:lambda$startDaemon$0(350)) - Ozone container server started.
2019-08-28 09:23:59,297 [Datanode State Machine Thread - 0] INFO  statemachine.DatanodeStateMachine (DatanodeStateMachine.java:lambda$startDaemon$0(350)) - Ozone container server started.
2019-08-28 09:24:03,246 [EventQueue-StaleNodeForStaleNodeHandler] INFO  node.StaleNodeHandler (StaleNodeHandler.java:onMessage(58)) - Datanode da0956ba-7c1a-43bf-a8fb-6e60171b4062{ip: 192.168.69.108, host: pr-hdds-1094-85qxc-974882988, networkLocation: /default-rack, certSerialId: null} moved to stale state. Finalizing its pipelines [PipelineID=a79fd952-7c2f-42b3-b017-65ee5c83e742, PipelineID=c2e8e319-4eaf-4080-92e4-97184ecac395]
2019-08-28 09:24:03,246 [EventQueue-StaleNodeForStaleNodeHandler] INFO  pipeline.SCMPipelineManager (SCMPipelineManager.java:finalizeAndDestroyPipeline(309)) - destroying pipeline:Pipeline[ Id: a79fd952-7c2f-42b3-b017-65ee5c83e742, Nodes: e27b78fe-542d-4189-a93b-0fd90f2d778c{ip: 192.168.69.108, host: pr-hdds-1094-85qxc-974882988, networkLocation: /default-rack, certSerialId: null}da0956ba-7c1a-43bf-a8fb-6e60171b4062{ip: 192.168.69.108, host: pr-hdds-1094-85qxc-974882988, networkLocation: /default-rack, certSerialId: null}017c1bfe-8ef1-45e4-8827-c462f0c7cc3d{ip: 192.168.69.108, host: pr-hdds-1094-85qxc-974882988, networkLocation: /default-rack, certSerialId: null}, Type:RATIS, Factor:THREE, State:CLOSED]
2019-08-28 09:24:03,247 [EventQueue-StaleNodeForStaleNodeHandler] INFO  pipeline.SCMPipelineManager (SCMPipelineManager.java:finalizeAndDestroyPipeline(309)) - destroying pipeline:Pipeline[ Id: c2e8e319-4eaf-4080-92e4-97184ecac395, Nodes: da0956ba-7c1a-43bf-a8fb-6e60171b4062{ip: 192.168.69.108, host: pr-hdds-1094-85qxc-974882988, networkLocation: /default-rack, certSerialId: null}, Type:RATIS, Factor:ONE, State:OPEN]
2019-08-28 09:24:03,247 [EventQueue-StaleNodeForStaleNodeHandler] INFO  pipeline.PipelineStateManager (PipelineStateManager.java:finalizePipeline(123)) - Pipeline Pipeline[ Id: c2e8e319-4eaf-4080-92e4-97184ecac395, Nodes: da0956ba-7c1a-43bf-a8fb-6e60171b4062{ip: 192.168.69.108, host: pr-hdds-1094-85qxc-974882988, networkLocation: /default-rack, certSerialId: null}, Type:RATIS, Factor:ONE, State:CLOSED] moved to CLOSED state
2019-08-28 09:24:03,346 [EventQueue-StaleNodeForStaleNodeHandler] INFO  node.StaleNodeHandler (StaleNodeHandler.java:onMessage(58)) - Datanode 30d18fd4-258c-4095-afd7-e4002ec9de67{ip: 192.168.69.108, host: pr-hdds-1094-85qxc-974882988, networkLocation: /default-rack, certSerialId: null} moved to stale state. Finalizing its pipelines [PipelineID=7754d697-38a7-4546-8bad-f8b30a31675d]
2019-08-28 09:24:03,346 [EventQueue-StaleNodeForStaleNodeHandler] INFO  pipeline.SCMPipelineManager (SCMPipelineManager.java:finalizeAndDestroyPipeline(309)) - destroying pipeline:Pipeline[ Id: 7754d697-38a7-4546-8bad-f8b30a31675d, Nodes: 30d18fd4-258c-4095-afd7-e4002ec9de67{ip: 192.168.69.108, host: pr-hdds-1094-85qxc-974882988, networkLocation: /default-rack, certSerialId: null}, Type:RATIS, Factor:ONE, State:OPEN]
2019-08-28 09:24:03,346 [EventQueue-StaleNodeForStaleNodeHandler] INFO  pipeline.PipelineStateManager (PipelineStateManager.java:finalizePipeline(123)) - Pipeline Pipeline[ Id: 7754d697-38a7-4546-8bad-f8b30a31675d, Nodes: 30d18fd4-258c-4095-afd7-e4002ec9de67{ip: 192.168.69.108, host: pr-hdds-1094-85qxc-974882988, networkLocation: /default-rack, certSerialId: null}, Type:RATIS, Factor:ONE, State:CLOSED] moved to CLOSED state
2019-08-28 09:24:03,573 [main] INFO  ozoneimpl.OzoneContainer (OzoneContainer.java:stop(215)) - Attempting to stop container services.
2019-08-28 09:24:03,574 [ForkJoinPool.commonPool-worker-1] INFO  ozoneimpl.OzoneContainer (OzoneContainer.java:stop(215)) - Attempting to stop container services.
2019-08-28 09:24:03,574 [main] INFO  impl.RaftServerProxy (RaftServerProxy.java:lambda$close$4(314)) - da0956ba-7c1a-43bf-a8fb-6e60171b4062: close
2019-08-28 09:24:03,574 [ForkJoinPool.commonPool-worker-1] INFO  impl.RaftServerProxy (RaftServerProxy.java:lambda$close$4(314)) - 30d18fd4-258c-4095-afd7-e4002ec9de67: close
2019-08-28 09:24:03,574 [main] INFO  impl.RaftServerImpl (RaftServerImpl.java:lambda$shutdown$3(245)) - da0956ba-7c1a-43bf-a8fb-6e60171b4062: shutdown group-65EE5C83E742
2019-08-28 09:24:03,574 [ForkJoinPool.commonPool-worker-1] INFO  impl.RaftServerImpl (RaftServerImpl.java:lambda$shutdown$3(245)) - 30d18fd4-258c-4095-afd7-e4002ec9de67: shutdown group-F8B30A31675D
2019-08-28 09:24:03,575 [main] INFO  util.JmxRegister (JmxRegister.java:unregister(73)) - Successfully un-registered JMX Bean with object name Ratis:service=RaftServer,group=group-65EE5C83E742,id=da0956ba-7c1a-43bf-a8fb-6e60171b4062
2019-08-28 09:24:03,575 [ForkJoinPool.commonPool-worker-1] INFO  util.JmxRegister (JmxRegister.java:unregister(73)) - Successfully un-registered JMX Bean with object name Ratis:service=RaftServer,group=group-F8B30A31675D,id=30d18fd4-258c-4095-afd7-e4002ec9de67
2019-08-28 09:24:03,575 [main] INFO  impl.RoleInfo (RoleInfo.java:shutdownFollowerState(121)) - da0956ba-7c1a-43bf-a8fb-6e60171b4062: shutdown FollowerState
2019-08-28 09:24:03,575 [ForkJoinPool.commonPool-worker-1] INFO  impl.RoleInfo (RoleInfo.java:shutdownLeaderState(104)) - 30d18fd4-258c-4095-afd7-e4002ec9de67: shutdown LeaderState
2019-08-28 09:24:03,576 [Thread-3617] INFO  impl.FollowerState (FollowerState.java:run(114)) - da0956ba-7c1a-43bf-a8fb-6e60171b4062: FollowerState was interrupted: java.lang.InterruptedException: sleep interrupted
2019-08-28 09:24:03,576 [StateMachineUpdater:da0956ba-7c1a-43bf-a8fb-6e60171b4062:group-65EE5C83E742] INFO  ratis.ContainerStateMachine (ContainerStateMachine.java:takeSnapshot(284)) - group-65EE5C83E742: Taking a snapshot at:(t:1, i:14) file /workdir/hadoop-ozone/integration-test/target/test-dir/MiniOzoneClusterImpl-4cacb774-3eea-4282-9e15-e206378f9ec3/datanode-5/data/ratis/a79fd952-7c2f-42b3-b017-65ee5c83e742/sm/snapshot.1_14
2019-08-28 09:24:03,576 [main] INFO  impl.StateMachineUpdater (StateMachineUpdater.java:stopAndJoin(115)) - StateMachineUpdater:da0956ba-7c1a-43bf-a8fb-6e60171b4062:group-65EE5C83E742: set stopIndex = 16
2019-08-28 09:24:03,576 [ForkJoinPool.commonPool-worker-1] INFO  impl.PendingRequests (PendingRequests.java:sendNotLeaderResponses(202)) - 30d18fd4-258c-4095-afd7-e4002ec9de67-PendingRequests: sendNotLeaderResponses
2019-08-28 09:24:03,578 [ForkJoinPool.commonPool-worker-1] INFO  impl.StateMachineUpdater (StateMachineUpdater.java:stopAndJoin(115)) - StateMachineUpdater:30d18fd4-258c-4095-afd7-e4002ec9de67:group-F8B30A31675D: set stopIndex = 0
2019-08-28 09:24:03,579 [ForkJoinPool.commonPool-worker-1] INFO  impl.RaftServerImpl (ServerState.java:close(394)) - 30d18fd4-258c-4095-afd7-e4002ec9de67:group-F8B30A31675D closes. The last applied log index is 0
2019-08-28 09:24:03,579 [30d18fd4-258c-4095-afd7-e4002ec9de67-SegmentedRaftLogWorker:Storage Directory /workdir/hadoop-ozone/integration-test/target/test-dir/MiniOzoneClusterImpl-4cacb774-3eea-4282-9e15-e206378f9ec3/datanode-6/data/ratis/7754d697-38a7-4546-8bad-f8b30a31675d] INFO  segmented.SegmentedRaftLogWorker (SegmentedRaftLogWorker.java:run(313)) - 30d18fd4-258c-4095-afd7-e4002ec9de67-SegmentedRaftLogWorker:Storage Directory /workdir/hadoop-ozone/integration-test/target/test-dir/MiniOzoneClusterImpl-4cacb774-3eea-4282-9e15-e206378f9ec3/datanode-6/data/ratis/7754d697-38a7-4546-8bad-f8b30a31675d was interrupted, exiting. There are 0 tasks remaining in the queue.
2019-08-28 09:24:03,590 [ForkJoinPool.commonPool-worker-1] INFO  segmented.SegmentedRaftLogWorker (SegmentedRaftLogWorker.java:close(228)) - 30d18fd4-258c-4095-afd7-e4002ec9de67-SegmentedRaftLogWorker:Storage Directory /workdir/hadoop-ozone/integration-test/target/test-dir/MiniOzoneClusterImpl-4cacb774-3eea-4282-9e15-e206378f9ec3/datanode-6/data/ratis/7754d697-38a7-4546-8bad-f8b30a31675d close()
2019-08-28 09:24:03,592 [ForkJoinPool.commonPool-worker-1] INFO  server.GrpcService (GrpcService.java:closeImpl(155)) - 30d18fd4-258c-4095-afd7-e4002ec9de67: shutdown server with port 39030 now
2019-08-28 09:24:03,593 [StateMachineUpdater:da0956ba-7c1a-43bf-a8fb-6e60171b4062:group-65EE5C83E742] INFO  ratis.ContainerStateMachine (ContainerStateMachine.java:takeSnapshot(295)) - group-65EE5C83E742: Finished taking a snapshot at:(t:1, i:14) file:/workdir/hadoop-ozone/integration-test/target/test-dir/MiniOzoneClusterImpl-4cacb774-3eea-4282-9e15-e206378f9ec3/datanode-5/data/ratis/a79fd952-7c2f-42b3-b017-65ee5c83e742/sm/snapshot.1_14 time:16
2019-08-28 09:24:03,593 [StateMachineUpdater:da0956ba-7c1a-43bf-a8fb-6e60171b4062:group-65EE5C83E742] INFO  impl.StateMachineUpdater (StateMachineUpdater.java:takeSnapshot(242)) - StateMachineUpdater:da0956ba-7c1a-43bf-a8fb-6e60171b4062:group-65EE5C83E742: Took a snapshot at index 14
2019-08-28 09:24:03,593 [StateMachineUpdater:da0956ba-7c1a-43bf-a8fb-6e60171b4062:group-65EE5C83E742] INFO  impl.StateMachineUpdater (StateMachineUpdater.java:lambda$new$0(80)) - StateMachineUpdater:da0956ba-7c1a-43bf-a8fb-6e60171b4062:group-65EE5C83E742: snapshotIndex: updateIncreasingly -1 -> 14
2019-08-28 09:24:03,594 [ForkJoinPool.commonPool-worker-1] INFO  server.GrpcService (GrpcService.java:closeImpl(163)) - 30d18fd4-258c-4095-afd7-e4002ec9de67: shutdown server with port 39030 successfully
2019-08-28 09:24:03,594 [main] INFO  impl.RaftServerImpl (ServerState.java:close(394)) - da0956ba-7c1a-43bf-a8fb-6e60171b4062:group-65EE5C83E742 closes. The last applied log index is 16
2019-08-28 09:24:03,595 [da0956ba-7c1a-43bf-a8fb-6e60171b4062-SegmentedRaftLogWorker:Storage Directory /workdir/hadoop-ozone/integration-test/target/test-dir/MiniOzoneClusterImpl-4cacb774-3eea-4282-9e15-e206378f9ec3/datanode-5/data/ratis/a79fd952-7c2f-42b3-b017-65ee5c83e742] INFO  segmented.SegmentedRaftLogWorker (SegmentedRaftLogWorker.java:run(313)) - da0956ba-7c1a-43bf-a8fb-6e60171b4062-SegmentedRaftLogWorker:Storage Directory /workdir/hadoop-ozone/integration-test/target/test-dir/MiniOzoneClusterImpl-4cacb774-3eea-4282-9e15-e206378f9ec3/datanode-5/data/ratis/a79fd952-7c2f-42b3-b017-65ee5c83e742 was interrupted, exiting. There are 0 tasks remaining in the queue.
2019-08-28 09:24:03,597 [main] INFO  segmented.SegmentedRaftLogWorker (SegmentedRaftLogWorker.java:close(228)) - da0956ba-7c1a-43bf-a8fb-6e60171b4062-SegmentedRaftLogWorker:Storage Directory /workdir/hadoop-ozone/integration-test/target/test-dir/MiniOzoneClusterImpl-4cacb774-3eea-4282-9e15-e206378f9ec3/datanode-5/data/ratis/a79fd952-7c2f-42b3-b017-65ee5c83e742 close()
2019-08-28 09:24:03,607 [main] INFO  impl.RaftServerImpl (RaftServerImpl.java:lambda$shutdown$3(245)) - da0956ba-7c1a-43bf-a8fb-6e60171b4062: shutdown group-97184ECAC395
2019-08-28 09:24:03,608 [main] INFO  util.JmxRegister (JmxRegister.java:unregister(73)) - Successfully un-registered JMX Bean with object name Ratis:service=RaftServer,group=group-97184ECAC395,id=da0956ba-7c1a-43bf-a8fb-6e60171b4062
2019-08-28 09:24:03,608 [refreshUsed-/workdir/hadoop-ozone/integration-test/target/test-dir/MiniOzoneClusterImpl-4cacb774-3eea-4282-9e15-e206378f9ec3/datanode-6/data/containers] WARN  fs.CachingGetSpaceUsed (CachingGetSpaceUsed.java:run(183)) - Thread Interrupted waiting to refresh disk information: sleep interrupted
2019-08-28 09:24:03,608 [main] INFO  impl.RoleInfo (RoleInfo.java:shutdownLeaderState(104)) - da0956ba-7c1a-43bf-a8fb-6e60171b4062: shutdown LeaderState
2019-08-28 09:24:03,610 [main] INFO  impl.PendingRequests (PendingRequests.java:sendNotLeaderResponses(202)) - da0956ba-7c1a-43bf-a8fb-6e60171b4062-PendingRequests: sendNotLeaderResponses
2019-08-28 09:24:03,611 [main] INFO  impl.StateMachineUpdater (StateMachineUpdater.java:stopAndJoin(115)) - StateMachineUpdater:da0956ba-7c1a-43bf-a8fb-6e60171b4062:group-97184ECAC395: set stopIndex = 0
2019-08-28 09:24:03,611 [main] INFO  impl.RaftServerImpl (ServerState.java:close(394)) - da0956ba-7c1a-43bf-a8fb-6e60171b4062:group-97184ECAC395 closes. The last applied log index is 0
2019-08-28 09:24:03,612 [da0956ba-7c1a-43bf-a8fb-6e60171b4062-SegmentedRaftLogWorker:Storage Directory /workdir/hadoop-ozone/integration-test/target/test-dir/MiniOzoneClusterImpl-4cacb774-3eea-4282-9e15-e206378f9ec3/datanode-5/data/ratis/c2e8e319-4eaf-4080-92e4-97184ecac395] INFO  segmented.SegmentedRaftLogWorker (SegmentedRaftLogWorker.java:run(313)) - da0956ba-7c1a-43bf-a8fb-6e60171b4062-SegmentedRaftLogWorker:Storage Directory /workdir/hadoop-ozone/integration-test/target/test-dir/MiniOzoneClusterImpl-4cacb774-3eea-4282-9e15-e206378f9ec3/datanode-5/data/ratis/c2e8e319-4eaf-4080-92e4-97184ecac395 was interrupted, exiting. There are 0 tasks remaining in the queue.
2019-08-28 09:24:03,612 [main] INFO  segmented.SegmentedRaftLogWorker (SegmentedRaftLogWorker.java:close(228)) - da0956ba-7c1a-43bf-a8fb-6e60171b4062-SegmentedRaftLogWorker:Storage Directory /workdir/hadoop-ozone/integration-test/target/test-dir/MiniOzoneClusterImpl-4cacb774-3eea-4282-9e15-e206378f9ec3/datanode-5/data/ratis/c2e8e319-4eaf-4080-92e4-97184ecac395 close()
2019-08-28 09:24:03,614 [main] INFO  server.GrpcService (GrpcService.java:closeImpl(155)) - da0956ba-7c1a-43bf-a8fb-6e60171b4062: shutdown server with port 43508 now
2019-08-28 09:24:03,614 [main] INFO  server.GrpcService (GrpcService.java:closeImpl(163)) - da0956ba-7c1a-43bf-a8fb-6e60171b4062: shutdown server with port 43508 successfully
2019-08-28 09:24:03,616 [refreshUsed-/workdir/hadoop-ozone/integration-test/target/test-dir/MiniOzoneClusterImpl-4cacb774-3eea-4282-9e15-e206378f9ec3/datanode-5/data/containers] WARN  fs.CachingGetSpaceUsed (CachingGetSpaceUsed.java:run(183)) - Thread Interrupted waiting to refresh disk information: sleep interrupted
2019-08-28 09:24:03,631 [ForkJoinPool.commonPool-worker-1] INFO  utils.BackgroundService (BackgroundService.java:shutdown(148)) - Shutting down service BlockDeletingService
2019-08-28 09:24:03,635 [ForkJoinPool.commonPool-worker-1] INFO  statemachine.DatanodeStateMachine (DatanodeStateMachine.java:stopDaemon(395)) - Ozone container server stopped.
2019-08-28 09:24:03,638 [ForkJoinPool.commonPool-worker-1] INFO  handler.ContextHandler (ContextHandler.java:doStop(910)) - Stopped o.e.j.w.WebAppContext@6c152246{/,null,UNAVAILABLE}{/hddsDatanode}
2019-08-28 09:24:03,639 [ForkJoinPool.commonPool-worker-1] INFO  server.AbstractConnector (AbstractConnector.java:doStop(318)) - Stopped ServerConnector@65067d90{HTTP/1.1,[http/1.1]}{0.0.0.0:0}
2019-08-28 09:24:03,640 [ForkJoinPool.commonPool-worker-1] INFO  handler.ContextHandler (ContextHandler.java:doStop(910)) - Stopped o.e.j.s.ServletContextHandler@5d5b07e9{/static,jar:file:/home/user/.m2/repository/org/apache/hadoop/hadoop-hdds-container-service/0.5.0-SNAPSHOT/hadoop-hdds-container-service-0.5.0-SNAPSHOT.jar!/webapps/static,UNAVAILABLE}
2019-08-28 09:24:03,641 [ForkJoinPool.commonPool-worker-1] INFO  handler.ContextHandler (ContextHandler.java:doStop(910)) - Stopped o.e.j.s.ServletContextHandler@3f8961fc{/logs,file:///workdir/hadoop-ozone/integration-test/target/log,UNAVAILABLE}
2019-08-28 09:24:03,643 [main] INFO  utils.BackgroundService (BackgroundService.java:shutdown(148)) - Shutting down service BlockDeletingService
2019-08-28 09:24:03,645 [main] INFO  statemachine.DatanodeStateMachine (DatanodeStateMachine.java:stopDaemon(395)) - Ozone container server stopped.
2019-08-28 09:24:03,646 [main] INFO  handler.ContextHandler (ContextHandler.java:doStop(910)) - Stopped o.e.j.w.WebAppContext@353ac1ef{/,null,UNAVAILABLE}{/hddsDatanode}
2019-08-28 09:24:03,647 [main] INFO  server.AbstractConnector (AbstractConnector.java:doStop(318)) - Stopped ServerConnector@72c8de78{HTTP/1.1,[http/1.1]}{0.0.0.0:0}
2019-08-28 09:24:03,648 [main] INFO  handler.ContextHandler (ContextHandler.java:doStop(910)) - Stopped o.e.j.s.ServletContextHandler@13c79e0d{/static,jar:file:/home/user/.m2/repository/org/apache/hadoop/hadoop-hdds-container-service/0.5.0-SNAPSHOT/hadoop-hdds-container-service-0.5.0-SNAPSHOT.jar!/webapps/static,UNAVAILABLE}
2019-08-28 09:24:03,648 [main] INFO  handler.ContextHandler (ContextHandler.java:doStop(910)) - Stopped o.e.j.s.ServletContextHandler@4ab1ff80{/logs,file:///workdir/hadoop-ozone/integration-test/target/log,UNAVAILABLE}
2019-08-28 09:24:03,649 [main] INFO  ozone.MiniOzoneClusterImpl (MiniOzoneClusterImpl.java:stop(353)) - Stopping the StorageContainerManager
2019-08-28 09:24:03,649 [main] INFO  server.StorageContainerManager (StorageContainerManager.java:stop(797)) - Stopping Replication Manager Service.
2019-08-28 09:24:03,649 [main] INFO  container.ReplicationManager (ReplicationManager.java:stop(193)) - Stopping Replication Monitor Thread.
2019-08-28 09:24:03,649 [main] INFO  server.StorageContainerManager (StorageContainerManager.java:stop(804)) - Stopping Lease Manager of the command watchers
2019-08-28 09:24:03,650 [main] INFO  server.StorageContainerManager (StorageContainerManager.java:stop(811)) - Stopping datanode service RPC server
2019-08-28 09:24:03,650 [main] INFO  server.SCMDatanodeProtocolServer (SCMDatanodeProtocolServer.java:stop(367)) - Stopping the RPC server for DataNodes
2019-08-28 09:24:03,650 [main] INFO  ipc.Server (Server.java:stop(3082)) - Stopping server on 46584
2019-08-28 09:24:03,651 [IPC Server listener on 46584] INFO  ipc.Server (Server.java:run(1185)) - Stopping IPC Server listener on 46584
2019-08-28 09:24:03,653 [IPC Server Responder] INFO  ipc.Server (Server.java:run(1319)) - Stopping IPC Server Responder
2019-08-28 09:24:03,746 [SCM Heartbeat Processing Thread - 0] WARN  node.NodeStateManager (NodeStateManager.java:scheduleNextHealthCheck(646)) - Current Thread is interrupted, shutting down HB processing thread for Node Manager.
2019-08-28 09:24:03,747 [main] INFO  server.StorageContainerManager (StorageContainerManager.java:stop(819)) - Stopping block service RPC server
2019-08-28 09:24:03,747 [main] INFO  server.SCMBlockProtocolServer (SCMBlockProtocolServer.java:stop(148)) - Stopping the RPC server for Block Protocol
2019-08-28 09:24:03,747 [main] INFO  ipc.Server (Server.java:stop(3082)) - Stopping server on 45227
2019-08-28 09:24:03,749 [IPC Server listener on 45227] INFO  ipc.Server (Server.java:run(1185)) - Stopping IPC Server listener on 45227
2019-08-28 09:24:03,750 [main] INFO  server.StorageContainerManager (StorageContainerManager.java:stop(826)) - Stopping the StorageContainerLocationProtocol RPC server
2019-08-28 09:24:03,751 [main] INFO  server.SCMClientProtocolServer (SCMClientProtocolServer.java:stop(159)) - Stopping the RPC server for Client Protocol
2019-08-28 09:24:03,751 [main] INFO  ipc.Server (Server.java:stop(3082)) - Stopping server on 46609
2019-08-28 09:24:03,751 [IPC Server Responder] INFO  ipc.Server (Server.java:run(1319)) - Stopping IPC Server Responder
2019-08-28 09:24:03,753 [IPC Server listener on 46609] INFO  ipc.Server (Server.java:run(1185)) - Stopping IPC Server listener on 46609
2019-08-28 09:24:03,753 [main] INFO  server.StorageContainerManager (StorageContainerManager.java:stop(833)) - Stopping Storage Container Manager HTTP server.
2019-08-28 09:24:03,755 [IPC Server Responder] INFO  ipc.Server (Server.java:run(1319)) - Stopping IPC Server Responder
2019-08-28 09:24:03,756 [main] INFO  handler.ContextHandler (ContextHandler.java:doStop(910)) - Stopped o.e.j.w.WebAppContext@7b8d1537{/,null,UNAVAILABLE}{/scm}
2019-08-28 09:24:03,757 [main] INFO  server.AbstractConnector (AbstractConnector.java:doStop(318)) - Stopped ServerConnector@497cf31a{HTTP/1.1,[http/1.1]}{0.0.0.0:0}
2019-08-28 09:24:03,757 [main] INFO  handler.ContextHandler (ContextHandler.java:doStop(910)) - Stopped o.e.j.s.ServletContextHandler@6b72c62{/static,file:///workdir/hadoop-ozone/integration-test/target/test-classes/webapps/static,UNAVAILABLE}
2019-08-28 09:24:03,757 [main] INFO  handler.ContextHandler (ContextHandler.java:doStop(910)) - Stopped o.e.j.s.ServletContextHandler@655875bb{/logs,file:///workdir/hadoop-ozone/integration-test/target/log,UNAVAILABLE}
2019-08-28 09:24:03,759 [main] INFO  server.StorageContainerManager (StorageContainerManager.java:stop(844)) - Stopping Block Manager Service.
2019-08-28 09:24:03,759 [main] INFO  utils.BackgroundService (BackgroundService.java:shutdown(148)) - Shutting down service SCMBlockDeletingService
2019-08-28 09:24:03,759 [main] INFO  utils.BackgroundService (BackgroundService.java:shutdown(148)) - Shutting down service SCMBlockDeletingService
2019-08-28 09:24:03,760 [main] INFO  server.StorageContainerManager (StorageContainerManager.java:stop(866)) - Stopping SCM Event Queue.
2019-08-28 09:24:03,765 [main] INFO  impl.MetricsSystemImpl (MetricsSystemImpl.java:stop(210)) - Stopping HddsDatanode metrics system...
2019-08-28 09:24:03,777 [main] INFO  impl.MetricsSystemImpl (MetricsSystemImpl.java:stop(216)) - HddsDatanode metrics system stopped.
]]></system-out>
    <system-err><![CDATA[Aug 28, 2019 9:23:22 AM com.sun.jersey.server.impl.application.WebApplicationImpl _initiate
INFO: Initiating Jersey application, version 'Jersey: 1.19 02/11/2015 03:25 AM'
Aug 28, 2019 9:23:22 AM com.sun.jersey.server.impl.application.WebApplicationImpl _initiate
INFO: Initiating Jersey application, version 'Jersey: 1.19 02/11/2015 03:25 AM'
Aug 28, 2019 9:23:23 AM com.sun.jersey.server.impl.application.WebApplicationImpl _initiate
INFO: Initiating Jersey application, version 'Jersey: 1.19 02/11/2015 03:25 AM'
Aug 28, 2019 9:23:23 AM com.sun.jersey.server.impl.application.WebApplicationImpl _initiate
INFO: Initiating Jersey application, version 'Jersey: 1.19 02/11/2015 03:25 AM'
Aug 28, 2019 9:23:23 AM com.sun.jersey.server.impl.application.WebApplicationImpl _initiate
INFO: Initiating Jersey application, version 'Jersey: 1.19 02/11/2015 03:25 AM'
Aug 28, 2019 9:23:23 AM com.sun.jersey.server.impl.application.WebApplicationImpl _initiate
INFO: Initiating Jersey application, version 'Jersey: 1.19 02/11/2015 03:25 AM'
Aug 28, 2019 9:23:24 AM com.sun.jersey.server.impl.application.WebApplicationImpl _initiate
INFO: Initiating Jersey application, version 'Jersey: 1.19 02/11/2015 03:25 AM'
Aug 28, 2019 9:23:26 AM org.apache.ratis.thirdparty.io.grpc.internal.ManagedChannelOrphanWrapper$ManagedChannelReference cleanQueue
SEVERE: *~*~*~ Channel ManagedChannelImpl{logId=2745, target=192.168.69.108:40281} was not shutdown properly!!! ~*~*~*
    Make sure to call shutdown()/shutdownNow() and wait until awaitTermination() returns true.
java.lang.RuntimeException: ManagedChannel allocation site
	at org.apache.ratis.thirdparty.io.grpc.internal.ManagedChannelOrphanWrapper$ManagedChannelReference.<init>(ManagedChannelOrphanWrapper.java:103)
	at org.apache.ratis.thirdparty.io.grpc.internal.ManagedChannelOrphanWrapper.<init>(ManagedChannelOrphanWrapper.java:53)
	at org.apache.ratis.thirdparty.io.grpc.internal.ManagedChannelOrphanWrapper.<init>(ManagedChannelOrphanWrapper.java:44)
	at org.apache.ratis.thirdparty.io.grpc.internal.AbstractManagedChannelImplBuilder.build(AbstractManagedChannelImplBuilder.java:411)
	at org.apache.hadoop.hdds.scm.XceiverClientGrpc.connectToDatanode(XceiverClientGrpc.java:175)
	at org.apache.hadoop.hdds.scm.XceiverClientGrpc.reconnect(XceiverClientGrpc.java:423)
	at org.apache.hadoop.hdds.scm.XceiverClientGrpc.sendCommandAsync(XceiverClientGrpc.java:372)
	at org.apache.hadoop.hdds.scm.XceiverClientGrpc.sendCommandWithRetry(XceiverClientGrpc.java:285)
	at org.apache.hadoop.hdds.scm.XceiverClientGrpc.sendCommandWithTraceIDAndRetry(XceiverClientGrpc.java:251)
	at org.apache.hadoop.hdds.scm.XceiverClientGrpc.sendCommand(XceiverClientGrpc.java:234)
	at org.apache.hadoop.hdds.scm.storage.ContainerProtocolCalls.getBlock(ContainerProtocolCalls.java:118)
	at org.apache.hadoop.hdds.scm.storage.BlockInputStream.getChunkInfos(BlockInputStream.java:167)
	at org.apache.hadoop.hdds.scm.storage.BlockInputStream.initialize(BlockInputStream.java:118)
	at org.apache.hadoop.hdds.scm.storage.BlockInputStream.read(BlockInputStream.java:222)
	at org.apache.hadoop.ozone.client.io.KeyInputStream.read(KeyInputStream.java:171)
	at org.apache.hadoop.ozone.client.io.OzoneInputStream.read(OzoneInputStream.java:47)
	at java.io.InputStream.read(InputStream.java:101)
	at org.apache.hadoop.ozone.container.ContainerTestHelper.validateData(ContainerTestHelper.java:714)
	at org.apache.hadoop.ozone.client.rpc.TestBlockOutputStreamWithFailures.validateData(TestBlockOutputStreamWithFailures.java:1216)
	at org.apache.hadoop.ozone.client.rpc.TestBlockOutputStreamWithFailures.testDatanodeFailureWithSingleNodeRatis(TestBlockOutputStreamWithFailures.java:1058)
	at sun.reflect.NativeMethodAccessorImpl.invoke0(Native Method)
	at sun.reflect.NativeMethodAccessorImpl.invoke(NativeMethodAccessorImpl.java:62)
	at sun.reflect.DelegatingMethodAccessorImpl.invoke(DelegatingMethodAccessorImpl.java:43)
	at java.lang.reflect.Method.invoke(Method.java:498)
	at org.junit.runners.model.FrameworkMethod$1.runReflectiveCall(FrameworkMethod.java:47)
	at org.junit.internal.runners.model.ReflectiveCallable.run(ReflectiveCallable.java:12)
	at org.junit.runners.model.FrameworkMethod.invokeExplosively(FrameworkMethod.java:44)
	at org.junit.internal.runners.statements.InvokeMethod.evaluate(InvokeMethod.java:17)
	at org.junit.internal.runners.statements.RunBefores.evaluate(RunBefores.java:26)
	at org.junit.internal.runners.statements.RunAfters.evaluate(RunAfters.java:27)
	at org.junit.runners.ParentRunner.runLeaf(ParentRunner.java:271)
	at org.junit.runners.BlockJUnit4ClassRunner.runChild(BlockJUnit4ClassRunner.java:70)
	at org.junit.runners.BlockJUnit4ClassRunner.runChild(BlockJUnit4ClassRunner.java:50)
	at org.junit.runners.ParentRunner$3.run(ParentRunner.java:238)
	at org.junit.runners.ParentRunner$1.schedule(ParentRunner.java:63)
	at org.junit.runners.ParentRunner.runChildren(ParentRunner.java:236)
	at org.junit.runners.ParentRunner.access$000(ParentRunner.java:53)
	at org.junit.runners.ParentRunner$2.evaluate(ParentRunner.java:229)
	at org.junit.runners.ParentRunner.run(ParentRunner.java:309)
	at org.apache.maven.surefire.junit4.JUnit4Provider.execute(JUnit4Provider.java:365)
	at org.apache.maven.surefire.junit4.JUnit4Provider.executeWithRerun(JUnit4Provider.java:273)
	at org.apache.maven.surefire.junit4.JUnit4Provider.executeTestSet(JUnit4Provider.java:238)
	at org.apache.maven.surefire.junit4.JUnit4Provider.invoke(JUnit4Provider.java:159)
	at org.apache.maven.surefire.booter.ForkedBooter.invokeProviderInSameClassLoader(ForkedBooter.java:384)
	at org.apache.maven.surefire.booter.ForkedBooter.runSuitesInProcess(ForkedBooter.java:345)
	at org.apache.maven.surefire.booter.ForkedBooter.execute(ForkedBooter.java:126)
	at org.apache.maven.surefire.booter.ForkedBooter.main(ForkedBooter.java:418)

Aug 28, 2019 9:23:26 AM org.apache.ratis.thirdparty.io.grpc.internal.ManagedChannelOrphanWrapper$ManagedChannelReference cleanQueue
SEVERE: *~*~*~ Channel ManagedChannelImpl{logId=2925, target=192.168.69.108:42932} was not shutdown properly!!! ~*~*~*
    Make sure to call shutdown()/shutdownNow() and wait until awaitTermination() returns true.
java.lang.RuntimeException: ManagedChannel allocation site
	at org.apache.ratis.thirdparty.io.grpc.internal.ManagedChannelOrphanWrapper$ManagedChannelReference.<init>(ManagedChannelOrphanWrapper.java:103)
	at org.apache.ratis.thirdparty.io.grpc.internal.ManagedChannelOrphanWrapper.<init>(ManagedChannelOrphanWrapper.java:53)
	at org.apache.ratis.thirdparty.io.grpc.internal.ManagedChannelOrphanWrapper.<init>(ManagedChannelOrphanWrapper.java:44)
	at org.apache.ratis.thirdparty.io.grpc.internal.AbstractManagedChannelImplBuilder.build(AbstractManagedChannelImplBuilder.java:411)
	at org.apache.hadoop.hdds.scm.XceiverClientGrpc.connectToDatanode(XceiverClientGrpc.java:175)
	at org.apache.hadoop.hdds.scm.XceiverClientGrpc.reconnect(XceiverClientGrpc.java:423)
	at org.apache.hadoop.hdds.scm.XceiverClientGrpc.sendCommandAsync(XceiverClientGrpc.java:372)
	at org.apache.hadoop.hdds.scm.XceiverClientGrpc.sendCommandWithRetry(XceiverClientGrpc.java:285)
	at org.apache.hadoop.hdds.scm.XceiverClientGrpc.sendCommandWithTraceIDAndRetry(XceiverClientGrpc.java:251)
	at org.apache.hadoop.hdds.scm.XceiverClientGrpc.sendCommand(XceiverClientGrpc.java:234)
	at org.apache.hadoop.hdds.scm.storage.ContainerProtocolCalls.getBlock(ContainerProtocolCalls.java:118)
	at org.apache.hadoop.hdds.scm.storage.BlockInputStream.getChunkInfos(BlockInputStream.java:167)
	at org.apache.hadoop.hdds.scm.storage.BlockInputStream.initialize(BlockInputStream.java:118)
	at org.apache.hadoop.hdds.scm.storage.BlockInputStream.read(BlockInputStream.java:222)
	at org.apache.hadoop.ozone.client.io.KeyInputStream.read(KeyInputStream.java:171)
	at org.apache.hadoop.ozone.client.io.OzoneInputStream.read(OzoneInputStream.java:47)
	at java.io.InputStream.read(InputStream.java:101)
	at org.apache.hadoop.ozone.container.ContainerTestHelper.validateData(ContainerTestHelper.java:714)
	at org.apache.hadoop.ozone.client.rpc.TestBlockOutputStreamWithFailures.validateData(TestBlockOutputStreamWithFailures.java:1216)
	at org.apache.hadoop.ozone.client.rpc.TestBlockOutputStreamWithFailures.testWatchForCommitWithSingleNodeRatis(TestBlockOutputStreamWithFailures.java:918)
	at sun.reflect.NativeMethodAccessorImpl.invoke0(Native Method)
	at sun.reflect.NativeMethodAccessorImpl.invoke(NativeMethodAccessorImpl.java:62)
	at sun.reflect.DelegatingMethodAccessorImpl.invoke(DelegatingMethodAccessorImpl.java:43)
	at java.lang.reflect.Method.invoke(Method.java:498)
	at org.junit.runners.model.FrameworkMethod$1.runReflectiveCall(FrameworkMethod.java:47)
	at org.junit.internal.runners.model.ReflectiveCallable.run(ReflectiveCallable.java:12)
	at org.junit.runners.model.FrameworkMethod.invokeExplosively(FrameworkMethod.java:44)
	at org.junit.internal.runners.statements.InvokeMethod.evaluate(InvokeMethod.java:17)
	at org.junit.internal.runners.statements.RunBefores.evaluate(RunBefores.java:26)
	at org.junit.internal.runners.statements.RunAfters.evaluate(RunAfters.java:27)
	at org.junit.runners.ParentRunner.runLeaf(ParentRunner.java:271)
	at org.junit.runners.BlockJUnit4ClassRunner.runChild(BlockJUnit4ClassRunner.java:70)
	at org.junit.runners.BlockJUnit4ClassRunner.runChild(BlockJUnit4ClassRunner.java:50)
	at org.junit.runners.ParentRunner$3.run(ParentRunner.java:238)
	at org.junit.runners.ParentRunner$1.schedule(ParentRunner.java:63)
	at org.junit.runners.ParentRunner.runChildren(ParentRunner.java:236)
	at org.junit.runners.ParentRunner.access$000(ParentRunner.java:53)
	at org.junit.runners.ParentRunner$2.evaluate(ParentRunner.java:229)
	at org.junit.runners.ParentRunner.run(ParentRunner.java:309)
	at org.apache.maven.surefire.junit4.JUnit4Provider.execute(JUnit4Provider.java:365)
	at org.apache.maven.surefire.junit4.JUnit4Provider.executeWithRerun(JUnit4Provider.java:273)
	at org.apache.maven.surefire.junit4.JUnit4Provider.executeTestSet(JUnit4Provider.java:238)
	at org.apache.maven.surefire.junit4.JUnit4Provider.invoke(JUnit4Provider.java:159)
	at org.apache.maven.surefire.booter.ForkedBooter.invokeProviderInSameClassLoader(ForkedBooter.java:384)
	at org.apache.maven.surefire.booter.ForkedBooter.runSuitesInProcess(ForkedBooter.java:345)
	at org.apache.maven.surefire.booter.ForkedBooter.execute(ForkedBooter.java:126)
	at org.apache.maven.surefire.booter.ForkedBooter.main(ForkedBooter.java:418)

Aug 28, 2019 9:23:26 AM org.apache.ratis.thirdparty.io.grpc.internal.ManagedChannelOrphanWrapper$ManagedChannelReference cleanQueue
SEVERE: *~*~*~ Channel ManagedChannelImpl{logId=2920, target=192.168.69.108:46809} was not shutdown properly!!! ~*~*~*
    Make sure to call shutdown()/shutdownNow() and wait until awaitTermination() returns true.
java.lang.RuntimeException: ManagedChannel allocation site
	at org.apache.ratis.thirdparty.io.grpc.internal.ManagedChannelOrphanWrapper$ManagedChannelReference.<init>(ManagedChannelOrphanWrapper.java:103)
	at org.apache.ratis.thirdparty.io.grpc.internal.ManagedChannelOrphanWrapper.<init>(ManagedChannelOrphanWrapper.java:53)
	at org.apache.ratis.thirdparty.io.grpc.internal.ManagedChannelOrphanWrapper.<init>(ManagedChannelOrphanWrapper.java:44)
	at org.apache.ratis.thirdparty.io.grpc.internal.AbstractManagedChannelImplBuilder.build(AbstractManagedChannelImplBuilder.java:411)
	at org.apache.ratis.grpc.client.GrpcClientProtocolClient.<init>(GrpcClientProtocolClient.java:119)
	at org.apache.ratis.grpc.client.GrpcClientRpc.lambda$new$0(GrpcClientRpc.java:55)
	at org.apache.ratis.util.PeerProxyMap$PeerAndProxy.lambda$getProxy$0(PeerProxyMap.java:61)
	at org.apache.ratis.util.LifeCycle.startAndTransition(LifeCycle.java:202)
	at org.apache.ratis.util.PeerProxyMap$PeerAndProxy.getProxy(PeerProxyMap.java:60)
	at org.apache.ratis.util.PeerProxyMap.getProxy(PeerProxyMap.java:107)
	at org.apache.ratis.grpc.client.GrpcClientRpc.sendRequestAsync(GrpcClientRpc.java:66)
	at org.apache.ratis.client.impl.OrderedAsync.sendRequest(OrderedAsync.java:208)
	at org.apache.ratis.client.impl.OrderedAsync.sendRequestWithRetry(OrderedAsync.java:169)
	at org.apache.ratis.util.SlidingWindow$Client.sendOrDelayRequest(SlidingWindow.java:278)
	at org.apache.ratis.util.SlidingWindow$Client.retry(SlidingWindow.java:294)
	at org.apache.ratis.client.impl.OrderedAsync.lambda$scheduleWithTimeout$7(OrderedAsync.java:195)
	at org.apache.ratis.util.TimeoutScheduler.lambda$onTimeout$0(TimeoutScheduler.java:85)
	at org.apache.ratis.util.TimeoutScheduler.lambda$onTimeout$1(TimeoutScheduler.java:104)
	at org.apache.ratis.util.LogUtils.runAndLog(LogUtils.java:50)
	at org.apache.ratis.util.LogUtils$1.run(LogUtils.java:91)
	at java.util.concurrent.Executors$RunnableAdapter.call(Executors.java:511)
	at java.util.concurrent.FutureTask.run(FutureTask.java:266)
	at java.util.concurrent.ScheduledThreadPoolExecutor$ScheduledFutureTask.access$201(ScheduledThreadPoolExecutor.java:180)
	at java.util.concurrent.ScheduledThreadPoolExecutor$ScheduledFutureTask.run(ScheduledThreadPoolExecutor.java:293)
	at java.util.concurrent.ThreadPoolExecutor.runWorker(ThreadPoolExecutor.java:1149)
	at java.util.concurrent.ThreadPoolExecutor$Worker.run(ThreadPoolExecutor.java:624)
	at java.lang.Thread.run(Thread.java:748)

Aug 28, 2019 9:23:26 AM org.apache.ratis.thirdparty.io.grpc.internal.ManagedChannelOrphanWrapper$ManagedChannelReference cleanQueue
SEVERE: *~*~*~ Channel ManagedChannelImpl{logId=2930, target=192.168.69.108:42932} was not shutdown properly!!! ~*~*~*
    Make sure to call shutdown()/shutdownNow() and wait until awaitTermination() returns true.
java.lang.RuntimeException: ManagedChannel allocation site
	at org.apache.ratis.thirdparty.io.grpc.internal.ManagedChannelOrphanWrapper$ManagedChannelReference.<init>(ManagedChannelOrphanWrapper.java:103)
	at org.apache.ratis.thirdparty.io.grpc.internal.ManagedChannelOrphanWrapper.<init>(ManagedChannelOrphanWrapper.java:53)
	at org.apache.ratis.thirdparty.io.grpc.internal.ManagedChannelOrphanWrapper.<init>(ManagedChannelOrphanWrapper.java:44)
	at org.apache.ratis.thirdparty.io.grpc.internal.AbstractManagedChannelImplBuilder.build(AbstractManagedChannelImplBuilder.java:411)
	at org.apache.hadoop.hdds.scm.XceiverClientGrpc.connectToDatanode(XceiverClientGrpc.java:175)
	at org.apache.hadoop.hdds.scm.XceiverClientGrpc.reconnect(XceiverClientGrpc.java:423)
	at org.apache.hadoop.hdds.scm.XceiverClientGrpc.sendCommandAsync(XceiverClientGrpc.java:372)
	at org.apache.hadoop.hdds.scm.XceiverClientGrpc.sendCommandWithRetry(XceiverClientGrpc.java:285)
	at org.apache.hadoop.hdds.scm.XceiverClientGrpc.sendCommandWithTraceIDAndRetry(XceiverClientGrpc.java:251)
	at org.apache.hadoop.hdds.scm.XceiverClientGrpc.sendCommand(XceiverClientGrpc.java:234)
	at org.apache.hadoop.hdds.scm.storage.ContainerProtocolCalls.getBlock(ContainerProtocolCalls.java:118)
	at org.apache.hadoop.hdds.scm.storage.BlockInputStream.getChunkInfos(BlockInputStream.java:167)
	at org.apache.hadoop.hdds.scm.storage.BlockInputStream.initialize(BlockInputStream.java:118)
	at org.apache.hadoop.hdds.scm.storage.BlockInputStream.read(BlockInputStream.java:222)
	at org.apache.hadoop.ozone.client.io.KeyInputStream.read(KeyInputStream.java:171)
	at org.apache.hadoop.ozone.client.io.OzoneInputStream.read(OzoneInputStream.java:47)
	at java.io.InputStream.read(InputStream.java:101)
	at org.apache.hadoop.ozone.container.ContainerTestHelper.validateData(ContainerTestHelper.java:714)
	at org.apache.hadoop.ozone.client.rpc.TestBlockOutputStreamWithFailures.validateData(TestBlockOutputStreamWithFailures.java:1216)
	at org.apache.hadoop.ozone.client.rpc.TestBlockOutputStreamWithFailures.testWatchForCommitWithSingleNodeRatis(TestBlockOutputStreamWithFailures.java:918)
	at sun.reflect.NativeMethodAccessorImpl.invoke0(Native Method)
	at sun.reflect.NativeMethodAccessorImpl.invoke(NativeMethodAccessorImpl.java:62)
	at sun.reflect.DelegatingMethodAccessorImpl.invoke(DelegatingMethodAccessorImpl.java:43)
	at java.lang.reflect.Method.invoke(Method.java:498)
	at org.junit.runners.model.FrameworkMethod$1.runReflectiveCall(FrameworkMethod.java:47)
	at org.junit.internal.runners.model.ReflectiveCallable.run(ReflectiveCallable.java:12)
	at org.junit.runners.model.FrameworkMethod.invokeExplosively(FrameworkMethod.java:44)
	at org.junit.internal.runners.statements.InvokeMethod.evaluate(InvokeMethod.java:17)
	at org.junit.internal.runners.statements.RunBefores.evaluate(RunBefores.java:26)
	at org.junit.internal.runners.statements.RunAfters.evaluate(RunAfters.java:27)
	at org.junit.runners.ParentRunner.runLeaf(ParentRunner.java:271)
	at org.junit.runners.BlockJUnit4ClassRunner.runChild(BlockJUnit4ClassRunner.java:70)
	at org.junit.runners.BlockJUnit4ClassRunner.runChild(BlockJUnit4ClassRunner.java:50)
	at org.junit.runners.ParentRunner$3.run(ParentRunner.java:238)
	at org.junit.runners.ParentRunner$1.schedule(ParentRunner.java:63)
	at org.junit.runners.ParentRunner.runChildren(ParentRunner.java:236)
	at org.junit.runners.ParentRunner.access$000(ParentRunner.java:53)
	at org.junit.runners.ParentRunner$2.evaluate(ParentRunner.java:229)
	at org.junit.runners.ParentRunner.run(ParentRunner.java:309)
	at org.apache.maven.surefire.junit4.JUnit4Provider.execute(JUnit4Provider.java:365)
	at org.apache.maven.surefire.junit4.JUnit4Provider.executeWithRerun(JUnit4Provider.java:273)
	at org.apache.maven.surefire.junit4.JUnit4Provider.executeTestSet(JUnit4Provider.java:238)
	at org.apache.maven.surefire.junit4.JUnit4Provider.invoke(JUnit4Provider.java:159)
	at org.apache.maven.surefire.booter.ForkedBooter.invokeProviderInSameClassLoader(ForkedBooter.java:384)
	at org.apache.maven.surefire.booter.ForkedBooter.runSuitesInProcess(ForkedBooter.java:345)
	at org.apache.maven.surefire.booter.ForkedBooter.execute(ForkedBooter.java:126)
	at org.apache.maven.surefire.booter.ForkedBooter.main(ForkedBooter.java:418)

Aug 28, 2019 9:23:26 AM org.apache.ratis.thirdparty.io.grpc.internal.ManagedChannelOrphanWrapper$ManagedChannelReference cleanQueue
SEVERE: *~*~*~ Channel ManagedChannelImpl{logId=2740, target=192.168.69.108:43820} was not shutdown properly!!! ~*~*~*
    Make sure to call shutdown()/shutdownNow() and wait until awaitTermination() returns true.
java.lang.RuntimeException: ManagedChannel allocation site
	at org.apache.ratis.thirdparty.io.grpc.internal.ManagedChannelOrphanWrapper$ManagedChannelReference.<init>(ManagedChannelOrphanWrapper.java:103)
	at org.apache.ratis.thirdparty.io.grpc.internal.ManagedChannelOrphanWrapper.<init>(ManagedChannelOrphanWrapper.java:53)
	at org.apache.ratis.thirdparty.io.grpc.internal.ManagedChannelOrphanWrapper.<init>(ManagedChannelOrphanWrapper.java:44)
	at org.apache.ratis.thirdparty.io.grpc.internal.AbstractManagedChannelImplBuilder.build(AbstractManagedChannelImplBuilder.java:411)
	at org.apache.hadoop.hdds.scm.XceiverClientGrpc.connectToDatanode(XceiverClientGrpc.java:175)
	at org.apache.hadoop.hdds.scm.XceiverClientGrpc.reconnect(XceiverClientGrpc.java:423)
	at org.apache.hadoop.hdds.scm.XceiverClientGrpc.sendCommandAsync(XceiverClientGrpc.java:372)
	at org.apache.hadoop.hdds.scm.XceiverClientGrpc.sendCommandWithRetry(XceiverClientGrpc.java:285)
	at org.apache.hadoop.hdds.scm.XceiverClientGrpc.sendCommandWithTraceIDAndRetry(XceiverClientGrpc.java:251)
	at org.apache.hadoop.hdds.scm.XceiverClientGrpc.sendCommand(XceiverClientGrpc.java:234)
	at org.apache.hadoop.hdds.scm.storage.ContainerProtocolCalls.getBlock(ContainerProtocolCalls.java:118)
	at org.apache.hadoop.hdds.scm.storage.BlockInputStream.getChunkInfos(BlockInputStream.java:167)
	at org.apache.hadoop.hdds.scm.storage.BlockInputStream.initialize(BlockInputStream.java:118)
	at org.apache.hadoop.hdds.scm.storage.BlockInputStream.read(BlockInputStream.java:222)
	at org.apache.hadoop.ozone.client.io.KeyInputStream.read(KeyInputStream.java:171)
	at org.apache.hadoop.ozone.client.io.OzoneInputStream.read(OzoneInputStream.java:47)
	at java.io.InputStream.read(InputStream.java:101)
	at org.apache.hadoop.ozone.container.ContainerTestHelper.validateData(ContainerTestHelper.java:714)
	at org.apache.hadoop.ozone.client.rpc.TestBlockOutputStreamWithFailures.validateData(TestBlockOutputStreamWithFailures.java:1216)
	at org.apache.hadoop.ozone.client.rpc.TestBlockOutputStreamWithFailures.testDatanodeFailureWithSingleNodeRatis(TestBlockOutputStreamWithFailures.java:1058)
	at sun.reflect.NativeMethodAccessorImpl.invoke0(Native Method)
	at sun.reflect.NativeMethodAccessorImpl.invoke(NativeMethodAccessorImpl.java:62)
	at sun.reflect.DelegatingMethodAccessorImpl.invoke(DelegatingMethodAccessorImpl.java:43)
	at java.lang.reflect.Method.invoke(Method.java:498)
	at org.junit.runners.model.FrameworkMethod$1.runReflectiveCall(FrameworkMethod.java:47)
	at org.junit.internal.runners.model.ReflectiveCallable.run(ReflectiveCallable.java:12)
	at org.junit.runners.model.FrameworkMethod.invokeExplosively(FrameworkMethod.java:44)
	at org.junit.internal.runners.statements.InvokeMethod.evaluate(InvokeMethod.java:17)
	at org.junit.internal.runners.statements.RunBefores.evaluate(RunBefores.java:26)
	at org.junit.internal.runners.statements.RunAfters.evaluate(RunAfters.java:27)
	at org.junit.runners.ParentRunner.runLeaf(ParentRunner.java:271)
	at org.junit.runners.BlockJUnit4ClassRunner.runChild(BlockJUnit4ClassRunner.java:70)
	at org.junit.runners.BlockJUnit4ClassRunner.runChild(BlockJUnit4ClassRunner.java:50)
	at org.junit.runners.ParentRunner$3.run(ParentRunner.java:238)
	at org.junit.runners.ParentRunner$1.schedule(ParentRunner.java:63)
	at org.junit.runners.ParentRunner.runChildren(ParentRunner.java:236)
	at org.junit.runners.ParentRunner.access$000(ParentRunner.java:53)
	at org.junit.runners.ParentRunner$2.evaluate(ParentRunner.java:229)
	at org.junit.runners.ParentRunner.run(ParentRunner.java:309)
	at org.apache.maven.surefire.junit4.JUnit4Provider.execute(JUnit4Provider.java:365)
	at org.apache.maven.surefire.junit4.JUnit4Provider.executeWithRerun(JUnit4Provider.java:273)
	at org.apache.maven.surefire.junit4.JUnit4Provider.executeTestSet(JUnit4Provider.java:238)
	at org.apache.maven.surefire.junit4.JUnit4Provider.invoke(JUnit4Provider.java:159)
	at org.apache.maven.surefire.booter.ForkedBooter.invokeProviderInSameClassLoader(ForkedBooter.java:384)
	at org.apache.maven.surefire.booter.ForkedBooter.runSuitesInProcess(ForkedBooter.java:345)
	at org.apache.maven.surefire.booter.ForkedBooter.execute(ForkedBooter.java:126)
	at org.apache.maven.surefire.booter.ForkedBooter.main(ForkedBooter.java:418)

Aug 28, 2019 9:23:26 AM org.apache.ratis.thirdparty.io.grpc.internal.ManagedChannelOrphanWrapper$ManagedChannelReference cleanQueue
SEVERE: *~*~*~ Channel ManagedChannelImpl{logId=2713, target=192.168.69.108:43966} was not shutdown properly!!! ~*~*~*
    Make sure to call shutdown()/shutdownNow() and wait until awaitTermination() returns true.
java.lang.RuntimeException: ManagedChannel allocation site
	at org.apache.ratis.thirdparty.io.grpc.internal.ManagedChannelOrphanWrapper$ManagedChannelReference.<init>(ManagedChannelOrphanWrapper.java:103)
	at org.apache.ratis.thirdparty.io.grpc.internal.ManagedChannelOrphanWrapper.<init>(ManagedChannelOrphanWrapper.java:53)
	at org.apache.ratis.thirdparty.io.grpc.internal.ManagedChannelOrphanWrapper.<init>(ManagedChannelOrphanWrapper.java:44)
	at org.apache.ratis.thirdparty.io.grpc.internal.AbstractManagedChannelImplBuilder.build(AbstractManagedChannelImplBuilder.java:411)
	at org.apache.ratis.grpc.client.GrpcClientProtocolClient.<init>(GrpcClientProtocolClient.java:119)
	at org.apache.ratis.grpc.client.GrpcClientRpc.lambda$new$0(GrpcClientRpc.java:55)
	at org.apache.ratis.util.PeerProxyMap$PeerAndProxy.lambda$getProxy$0(PeerProxyMap.java:61)
	at org.apache.ratis.util.LifeCycle.startAndTransition(LifeCycle.java:202)
	at org.apache.ratis.util.PeerProxyMap$PeerAndProxy.getProxy(PeerProxyMap.java:60)
	at org.apache.ratis.util.PeerProxyMap.getProxy(PeerProxyMap.java:107)
	at org.apache.ratis.grpc.client.GrpcClientRpc.sendRequestAsync(GrpcClientRpc.java:66)
	at org.apache.ratis.client.impl.OrderedAsync.sendRequest(OrderedAsync.java:208)
	at org.apache.ratis.client.impl.OrderedAsync.sendRequestWithRetry(OrderedAsync.java:169)
	at org.apache.ratis.util.SlidingWindow$Client.sendOrDelayRequest(SlidingWindow.java:278)
	at org.apache.ratis.util.SlidingWindow$Client.submitNewRequest(SlidingWindow.java:257)
	at org.apache.ratis.client.impl.OrderedAsync.send(OrderedAsync.java:155)
	at org.apache.ratis.client.impl.RaftClientImpl.sendAsync(RaftClientImpl.java:145)
	at org.apache.ratis.client.impl.RaftClientImpl.sendAsync(RaftClientImpl.java:125)
	at org.apache.hadoop.hdds.scm.XceiverClientRatis.sendRequestAsync(XceiverClientRatis.java:224)
	at org.apache.hadoop.hdds.scm.XceiverClientRatis.sendCommandAsync(XceiverClientRatis.java:302)
	at org.apache.hadoop.hdds.scm.storage.ContainerProtocolCalls.writeChunkAsync(ContainerProtocolCalls.java:310)
	at org.apache.hadoop.hdds.scm.storage.BlockOutputStream.writeChunkToContainer(BlockOutputStream.java:601)
	at org.apache.hadoop.hdds.scm.storage.BlockOutputStream.writeChunk(BlockOutputStream.java:459)
	at org.apache.hadoop.hdds.scm.storage.BlockOutputStream.writeOnRetry(BlockOutputStream.java:285)
	at org.apache.hadoop.ozone.client.io.BlockOutputStreamEntry.writeOnRetry(BlockOutputStreamEntry.java:200)
	at org.apache.hadoop.ozone.client.io.KeyOutputStream.handleWrite(KeyOutputStream.java:209)
	at org.apache.hadoop.ozone.client.io.KeyOutputStream.handleRetry(KeyOutputStream.java:376)
	at org.apache.hadoop.ozone.client.io.KeyOutputStream.handleException(KeyOutputStream.java:325)
	at org.apache.hadoop.ozone.client.io.KeyOutputStream.handleFlushOrClose(KeyOutputStream.java:448)
	at org.apache.hadoop.ozone.client.io.KeyOutputStream.handleWrite(KeyOutputStream.java:235)
	at org.apache.hadoop.ozone.client.io.KeyOutputStream.write(KeyOutputStream.java:193)
	at org.apache.hadoop.ozone.client.io.OzoneOutputStream.write(OzoneOutputStream.java:49)
	at java.io.OutputStream.write(OutputStream.java:75)
	at org.apache.hadoop.ozone.client.rpc.TestBlockOutputStreamWithFailures.testDatanodeFailureWithSingleNodeRatis(TestBlockOutputStreamWithFailures.java:1021)
	at sun.reflect.NativeMethodAccessorImpl.invoke0(Native Method)
	at sun.reflect.NativeMethodAccessorImpl.invoke(NativeMethodAccessorImpl.java:62)
	at sun.reflect.DelegatingMethodAccessorImpl.invoke(DelegatingMethodAccessorImpl.java:43)
	at java.lang.reflect.Method.invoke(Method.java:498)
	at org.junit.runners.model.FrameworkMethod$1.runReflectiveCall(FrameworkMethod.java:47)
	at org.junit.internal.runners.model.ReflectiveCallable.run(ReflectiveCallable.java:12)
	at org.junit.runners.model.FrameworkMethod.invokeExplosively(FrameworkMethod.java:44)
	at org.junit.internal.runners.statements.InvokeMethod.evaluate(InvokeMethod.java:17)
	at org.junit.internal.runners.statements.RunBefores.evaluate(RunBefores.java:26)
	at org.junit.internal.runners.statements.RunAfters.evaluate(RunAfters.java:27)
	at org.junit.runners.ParentRunner.runLeaf(ParentRunner.java:271)
	at org.junit.runners.BlockJUnit4ClassRunner.runChild(BlockJUnit4ClassRunner.java:70)
	at org.junit.runners.BlockJUnit4ClassRunner.runChild(BlockJUnit4ClassRunner.java:50)
	at org.junit.runners.ParentRunner$3.run(ParentRunner.java:238)
	at org.junit.runners.ParentRunner$1.schedule(ParentRunner.java:63)
	at org.junit.runners.ParentRunner.runChildren(ParentRunner.java:236)
	at org.junit.runners.ParentRunner.access$000(ParentRunner.java:53)
	at org.junit.runners.ParentRunner$2.evaluate(ParentRunner.java:229)
	at org.junit.runners.ParentRunner.run(ParentRunner.java:309)
	at org.apache.maven.surefire.junit4.JUnit4Provider.execute(JUnit4Provider.java:365)
	at org.apache.maven.surefire.junit4.JUnit4Provider.executeWithRerun(JUnit4Provider.java:273)
	at org.apache.maven.surefire.junit4.JUnit4Provider.executeTestSet(JUnit4Provider.java:238)
	at org.apache.maven.surefire.junit4.JUnit4Provider.invoke(JUnit4Provider.java:159)
	at org.apache.maven.surefire.booter.ForkedBooter.invokeProviderInSameClassLoader(ForkedBooter.java:384)
	at org.apache.maven.surefire.booter.ForkedBooter.runSuitesInProcess(ForkedBooter.java:345)
	at org.apache.maven.surefire.booter.ForkedBooter.execute(ForkedBooter.java:126)
	at org.apache.maven.surefire.booter.ForkedBooter.main(ForkedBooter.java:418)

]]></system-err>
  </testcase>
  <testcase name="testFailureWithPrimeSizedData" classname="org.apache.hadoop.ozone.client.rpc.TestBlockOutputStreamWithFailures" time="33.789"/>
  <testcase name="testWatchForCommitWithCloseContainerException" classname="org.apache.hadoop.ozone.client.rpc.TestBlockOutputStreamWithFailures" time="35.262"/>
  <testcase name="testExceptionDuringClose" classname="org.apache.hadoop.ozone.client.rpc.TestBlockOutputStreamWithFailures" time="35.239"/>
</testsuite>