<?xml version="1.0" encoding="UTF-8"?>
<testsuite xmlns:xsi="http://www.w3.org/2001/XMLSchema-instance" xsi:noNamespaceSchemaLocation="https://maven.apache.org/surefire/maven-surefire-plugin/xsd/surefire-test-report.xsd" name="org.apache.hadoop.ozone.client.rpc.TestContainerStateMachineFailures" time="94.312" tests="3" errors="1" skipped="0" failures="0">
  <properties>
    <property name="awt.toolkit" value="sun.awt.X11.XToolkit"/>
    <property name="file.encoding.pkg" value="sun.io"/>
    <property name="java.specification.version" value="1.8"/>
    <property name="sun.cpu.isalist" value=""/>
    <property name="sun.jnu.encoding" value="UTF-8"/>
    <property name="java.class.path" value="/workdir/hadoop-ozone/integration-test/target/test-classes:/workdir/hadoop-ozone/integration-test/target/classes:/home/user/.m2/repository/org/apache/hadoop/hadoop-ozone-common/0.5.0-SNAPSHOT/hadoop-ozone-common-0.5.0-SNAPSHOT.jar:/home/user/.m2/repository/org/apache/commons/commons-compress/1.4.1/commons-compress-1.4.1.jar:/home/user/.m2/repository/org/tukaani/xz/1.0/xz-1.0.jar:/home/user/.m2/repository/org/apache/hadoop/hadoop-common/3.2.0/hadoop-common-3.2.0.jar:/home/user/.m2/repository/org/apache/hadoop/hadoop-hdfs/3.2.0/hadoop-hdfs-3.2.0.jar:/home/user/.m2/repository/org/apache/hadoop/hadoop-hdfs-client/3.2.0/hadoop-hdfs-client-3.2.0.jar:/home/user/.m2/repository/com/fasterxml/jackson/core/jackson-annotations/2.9.5/jackson-annotations-2.9.5.jar:/home/user/.m2/repository/org/apache/hadoop/hadoop-hdds-common/0.5.0-SNAPSHOT/hadoop-hdds-common-0.5.0-SNAPSHOT.jar:/home/user/.m2/repository/javax/annotation/javax.annotation-api/1.2/javax.annotation-api-1.2.jar:/home/user/.m2/repository/org/apache/ratis/ratis-server/0.4.0-2337318-SNAPSHOT/ratis-server-0.4.0-2337318-SNAPSHOT.jar:/home/user/.m2/repository/org/apache/ratis/ratis-thirdparty-misc/0.2.0/ratis-thirdparty-misc-0.2.0.jar:/home/user/.m2/repository/org/apache/ratis/ratis-proto/0.4.0-2337318-SNAPSHOT/ratis-proto-0.4.0-2337318-SNAPSHOT.jar:/home/user/.m2/repository/org/apache/ratis/ratis-common/0.4.0-2337318-SNAPSHOT/ratis-common-0.4.0-2337318-SNAPSHOT.jar:/home/user/.m2/repository/org/apache/ratis/ratis-client/0.4.0-2337318-SNAPSHOT/ratis-client-0.4.0-2337318-SNAPSHOT.jar:/home/user/.m2/repository/org/apache/ratis/ratis-metrics/0.4.0-2337318-SNAPSHOT/ratis-metrics-0.4.0-2337318-SNAPSHOT.jar:/home/user/.m2/repository/org/apache/ratis/ratis-netty/0.4.0-2337318-SNAPSHOT/ratis-netty-0.4.0-2337318-SNAPSHOT.jar:/home/user/.m2/repository/org/apache/ratis/ratis-grpc/0.4.0-2337318-SNAPSHOT/ratis-grpc-0.4.0-2337318-SNAPSHOT.jar:/home/user/.m2/repository/org/rocksdb/rocksdbjni/6.0.1/rocksdbjni-6.0.1.jar:/home/user/.m2/repository/org/apache/logging/log4j/log4j-api/2.11.0/log4j-api-2.11.0.jar:/home/user/.m2/repository/org/apache/logging/log4j/log4j-core/2.11.0/log4j-core-2.11.0.jar:/home/user/.m2/repository/com/lmax/disruptor/3.4.2/disruptor-3.4.2.jar:/home/user/.m2/repository/org/apache/commons/commons-pool2/2.6.0/commons-pool2-2.6.0.jar:/home/user/.m2/repository/org/bouncycastle/bcpkix-jdk15on/1.60/bcpkix-jdk15on-1.60.jar:/home/user/.m2/repository/commons-validator/commons-validator/1.6/commons-validator-1.6.jar:/home/user/.m2/repository/commons-digester/commons-digester/1.8.1/commons-digester-1.8.1.jar:/home/user/.m2/repository/io/jaegertracing/jaeger-client/0.33.1/jaeger-client-0.33.1.jar:/home/user/.m2/repository/io/jaegertracing/jaeger-thrift/0.33.1/jaeger-thrift-0.33.1.jar:/home/user/.m2/repository/org/apache/thrift/libthrift/0.11.0/libthrift-0.11.0.jar:/home/user/.m2/repository/com/squareup/okhttp3/okhttp/3.9.0/okhttp-3.9.0.jar:/home/user/.m2/repository/com/squareup/okio/okio/1.13.0/okio-1.13.0.jar:/home/user/.m2/repository/io/jaegertracing/jaeger-core/0.33.1/jaeger-core-0.33.1.jar:/home/user/.m2/repository/io/jaegertracing/jaeger-tracerresolver/0.33.1/jaeger-tracerresolver-0.33.1.jar:/home/user/.m2/repository/io/opentracing/contrib/opentracing-tracerresolver/0.1.5/opentracing-tracerresolver-0.1.5.jar:/home/user/.m2/repository/io/opentracing/opentracing-util/0.31.0/opentracing-util-0.31.0.jar:/home/user/.m2/repository/io/opentracing/opentracing-api/0.31.0/opentracing-api-0.31.0.jar:/home/user/.m2/repository/io/opentracing/opentracing-noop/0.31.0/opentracing-noop-0.31.0.jar:/home/user/.m2/repository/org/apache/hadoop/hadoop-hdds-server-framework/0.5.0-SNAPSHOT/hadoop-hdds-server-framework-0.5.0-SNAPSHOT.jar:/home/user/.m2/repository/org/apache/hadoop/hadoop-hdds-container-service/0.5.0-SNAPSHOT/hadoop-hdds-container-service-0.5.0-SNAPSHOT.jar:/home/user/.m2/repository/org/apache/hadoop/hadoop-hdds-client/0.5.0-SNAPSHOT/hadoop-hdds-client-0.5.0-SNAPSHOT.jar:/home/user/.m2/repository/org/apache/hadoop/hadoop-hdds-tools/0.5.0-SNAPSHOT/hadoop-hdds-tools-0.5.0-SNAPSHOT.jar:/home/user/.m2/repository/org/apache/hadoop/hadoop-hdds-server-scm/0.5.0-SNAPSHOT/hadoop-hdds-server-scm-0.5.0-SNAPSHOT.jar:/home/user/.m2/repository/org/apache/hadoop/hadoop-hdds-docs/0.5.0-SNAPSHOT/hadoop-hdds-docs-0.5.0-SNAPSHOT.jar:/home/user/.m2/repository/io/dropwizard/metrics/metrics-core/3.2.4/metrics-core-3.2.4.jar:/home/user/.m2/repository/org/hamcrest/hamcrest-all/1.3/hamcrest-all-1.3.jar:/home/user/.m2/repository/org/bouncycastle/bcprov-jdk15on/1.60/bcprov-jdk15on-1.60.jar:/home/user/.m2/repository/info/picocli/picocli/3.9.6/picocli-3.9.6.jar:/home/user/.m2/repository/com/google/protobuf/protobuf-java/2.5.0/protobuf-java-2.5.0.jar:/home/user/.m2/repository/com/google/guava/guava/11.0.2/guava-11.0.2.jar:/home/user/.m2/repository/org/apache/hadoop/hadoop-ozone-ozone-manager/0.5.0-SNAPSHOT/hadoop-ozone-ozone-manager-0.5.0-SNAPSHOT.jar:/home/user/.m2/repository/org/apache/hadoop/hadoop-minikdc/3.2.0/hadoop-minikdc-3.2.0.jar:/home/user/.m2/repository/commons-io/commons-io/2.5/commons-io-2.5.jar:/home/user/.m2/repository/org/apache/kerby/kerb-simplekdc/1.0.1/kerb-simplekdc-1.0.1.jar:/home/user/.m2/repository/org/apache/kerby/kerb-client/1.0.1/kerb-client-1.0.1.jar:/home/user/.m2/repository/org/apache/kerby/kerby-config/1.0.1/kerby-config-1.0.1.jar:/home/user/.m2/repository/org/apache/kerby/kerb-core/1.0.1/kerb-core-1.0.1.jar:/home/user/.m2/repository/org/apache/kerby/kerby-pkix/1.0.1/kerby-pkix-1.0.1.jar:/home/user/.m2/repository/org/apache/kerby/kerby-asn1/1.0.1/kerby-asn1-1.0.1.jar:/home/user/.m2/repository/org/apache/kerby/kerby-util/1.0.1/kerby-util-1.0.1.jar:/home/user/.m2/repository/org/apache/kerby/kerb-common/1.0.1/kerb-common-1.0.1.jar:/home/user/.m2/repository/org/apache/kerby/kerb-crypto/1.0.1/kerb-crypto-1.0.1.jar:/home/user/.m2/repository/org/apache/kerby/kerb-util/1.0.1/kerb-util-1.0.1.jar:/home/user/.m2/repository/org/apache/kerby/token-provider/1.0.1/token-provider-1.0.1.jar:/home/user/.m2/repository/org/apache/kerby/kerb-admin/1.0.1/kerb-admin-1.0.1.jar:/home/user/.m2/repository/org/apache/kerby/kerb-server/1.0.1/kerb-server-1.0.1.jar:/home/user/.m2/repository/org/apache/kerby/kerb-identity/1.0.1/kerb-identity-1.0.1.jar:/home/user/.m2/repository/org/apache/kerby/kerby-xdr/1.0.1/kerby-xdr-1.0.1.jar:/home/user/.m2/repository/org/slf4j/slf4j-log4j12/1.7.25/slf4j-log4j12-1.7.25.jar:/home/user/.m2/repository/org/apache/hadoop/hadoop-ozone-objectstore-service/0.5.0-SNAPSHOT/hadoop-ozone-objectstore-service-0.5.0-SNAPSHOT.jar:/home/user/.m2/repository/org/apache/hadoop/hadoop-ozone-s3gateway/0.5.0-SNAPSHOT/hadoop-ozone-s3gateway-0.5.0-SNAPSHOT.jar:/home/user/.m2/repository/org/jboss/weld/servlet/weld-servlet/2.4.7.Final/weld-servlet-2.4.7.Final.jar:/home/user/.m2/repository/org/glassfish/jersey/containers/jersey-container-servlet-core/2.27/jersey-container-servlet-core-2.27.jar:/home/user/.m2/repository/org/glassfish/hk2/external/javax.inject/2.5.0-b42/javax.inject-2.5.0-b42.jar:/home/user/.m2/repository/org/glassfish/jersey/core/jersey-common/2.27/jersey-common-2.27.jar:/home/user/.m2/repository/org/glassfish/hk2/osgi-resource-locator/1.0.1/osgi-resource-locator-1.0.1.jar:/home/user/.m2/repository/javax/ws/rs/javax.ws.rs-api/2.1/javax.ws.rs-api-2.1.jar:/home/user/.m2/repository/org/glassfish/jersey/ext/cdi/jersey-cdi1x/2.27/jersey-cdi1x-2.27.jar:/home/user/.m2/repository/org/glassfish/jersey/inject/jersey-hk2/2.27/jersey-hk2-2.27.jar:/home/user/.m2/repository/org/glassfish/hk2/hk2-locator/2.5.0-b42/hk2-locator-2.5.0-b42.jar:/home/user/.m2/repository/org/javassist/javassist/3.22.0-CR2/javassist-3.22.0-CR2.jar:/home/user/.m2/repository/org/glassfish/hk2/hk2-api/2.5.0/hk2-api-2.5.0.jar:/home/user/.m2/repository/org/glassfish/hk2/external/jakarta.inject/2.5.0/jakarta.inject-2.5.0.jar:/home/user/.m2/repository/org/glassfish/hk2/hk2-utils/2.5.0/hk2-utils-2.5.0.jar:/home/user/.m2/repository/jakarta/annotation/jakarta.annotation-api/1.3.4/jakarta.annotation-api-1.3.4.jar:/home/user/.m2/repository/org/glassfish/hk2/external/aopalliance-repackaged/2.5.0/aopalliance-repackaged-2.5.0.jar:/home/user/.m2/repository/com/fasterxml/jackson/dataformat/jackson-dataformat-xml/2.9.0/jackson-dataformat-xml-2.9.0.jar:/home/user/.m2/repository/com/fasterxml/jackson/core/jackson-core/2.9.5/jackson-core-2.9.5.jar:/home/user/.m2/repository/com/fasterxml/jackson/module/jackson-module-jaxb-annotations/2.9.5/jackson-module-jaxb-annotations-2.9.5.jar:/home/user/.m2/repository/javax/enterprise/cdi-api/1.2/cdi-api-1.2.jar:/home/user/.m2/repository/javax/el/javax.el-api/3.0.0/javax.el-api-3.0.0.jar:/home/user/.m2/repository/javax/interceptor/javax.interceptor-api/1.2/javax.interceptor-api-1.2.jar:/home/user/.m2/repository/javax/inject/javax.inject/1/javax.inject-1.jar:/home/user/.m2/repository/com/sun/xml/bind/jaxb-impl/2.3.0.1/jaxb-impl-2.3.0.1.jar:/home/user/.m2/repository/com/sun/xml/bind/jaxb-core/2.3.0.1/jaxb-core-2.3.0.1.jar:/home/user/.m2/repository/javax/xml/bind/jaxb-api/2.3.0/jaxb-api-2.3.0.jar:/home/user/.m2/repository/javax/activation/activation/1.1.1/activation-1.1.1.jar:/home/user/.m2/repository/org/apache/hadoop/hadoop-ozone-csi/0.5.0-SNAPSHOT/hadoop-ozone-csi-0.5.0-SNAPSHOT.jar:/home/user/.m2/repository/com/google/protobuf/protobuf-java-util/3.5.1/protobuf-java-util-3.5.1.jar:/home/user/.m2/repository/org/apache/hadoop/hadoop-hdds-config/0.5.0-SNAPSHOT/hadoop-hdds-config-0.5.0-SNAPSHOT.jar:/home/user/.m2/repository/io/grpc/grpc-netty/1.17.1/grpc-netty-1.17.1.jar:/home/user/.m2/repository/io/grpc/grpc-core/1.17.1/grpc-core-1.17.1.jar:/home/user/.m2/repository/io/grpc/grpc-context/1.17.1/grpc-context-1.17.1.jar:/home/user/.m2/repository/com/google/errorprone/error_prone_annotations/2.2.0/error_prone_annotations-2.2.0.jar:/home/user/.m2/repository/org/codehaus/mojo/animal-sniffer-annotations/1.17/animal-sniffer-annotations-1.17.jar:/home/user/.m2/repository/io/opencensus/opencensus-api/0.17.0/opencensus-api-0.17.0.jar:/home/user/.m2/repository/io/opencensus/opencensus-contrib-grpc-metrics/0.17.0/opencensus-contrib-grpc-metrics-0.17.0.jar:/home/user/.m2/repository/io/netty/netty-codec-http2/4.1.30.Final/netty-codec-http2-4.1.30.Final.jar:/home/user/.m2/repository/io/netty/netty-codec-http/4.1.30.Final/netty-codec-http-4.1.30.Final.jar:/home/user/.m2/repository/io/netty/netty-codec/4.1.30.Final/netty-codec-4.1.30.Final.jar:/home/user/.m2/repository/io/netty/netty-handler/4.1.30.Final/netty-handler-4.1.30.Final.jar:/home/user/.m2/repository/io/netty/netty-handler-proxy/4.1.30.Final/netty-handler-proxy-4.1.30.Final.jar:/home/user/.m2/repository/io/netty/netty-codec-socks/4.1.30.Final/netty-codec-socks-4.1.30.Final.jar:/home/user/.m2/repository/io/netty/netty-transport-native-epoll/4.1.30.Final/netty-transport-native-epoll-4.1.30.Final.jar:/home/user/.m2/repository/io/netty/netty-common/4.1.30.Final/netty-common-4.1.30.Final.jar:/home/user/.m2/repository/io/netty/netty-buffer/4.1.30.Final/netty-buffer-4.1.30.Final.jar:/home/user/.m2/repository/io/netty/netty-transport/4.1.30.Final/netty-transport-4.1.30.Final.jar:/home/user/.m2/repository/io/netty/netty-resolver/4.1.30.Final/netty-resolver-4.1.30.Final.jar:/home/user/.m2/repository/io/netty/netty-transport-native-unix-common/4.1.30.Final/netty-transport-native-unix-common-4.1.30.Final.jar:/home/user/.m2/repository/io/grpc/grpc-protobuf/1.17.1/grpc-protobuf-1.17.1.jar:/home/user/.m2/repository/com/google/api/grpc/proto-google-common-protos/1.0.0/proto-google-common-protos-1.0.0.jar:/home/user/.m2/repository/io/grpc/grpc-protobuf-lite/1.17.1/grpc-protobuf-lite-1.17.1.jar:/home/user/.m2/repository/io/grpc/grpc-stub/1.17.1/grpc-stub-1.17.1.jar:/home/user/.m2/repository/org/apache/hadoop/hadoop-ozone-recon/0.5.0-SNAPSHOT/hadoop-ozone-recon-0.5.0-SNAPSHOT.jar:/home/user/.m2/repository/org/apache/hadoop/hadoop-ozone-reconcodegen/0.5.0-SNAPSHOT/hadoop-ozone-reconcodegen-0.5.0-SNAPSHOT.jar:/home/user/.m2/repository/com/google/inject/extensions/guice-multibindings/4.0/guice-multibindings-4.0.jar:/home/user/.m2/repository/com/google/inject/guice/4.0/guice-4.0.jar:/home/user/.m2/repository/aopalliance/aopalliance/1.0/aopalliance-1.0.jar:/home/user/.m2/repository/com/google/inject/extensions/guice-servlet/4.0/guice-servlet-4.0.jar:/home/user/.m2/repository/org/glassfish/jersey/containers/jersey-container-servlet/2.27/jersey-container-servlet-2.27.jar:/home/user/.m2/repository/org/glassfish/hk2/guice-bridge/2.5.0/guice-bridge-2.5.0.jar:/home/user/.m2/repository/org/glassfish/jersey/core/jersey-server/2.27/jersey-server-2.27.jar:/home/user/.m2/repository/org/glassfish/jersey/core/jersey-client/2.27/jersey-client-2.27.jar:/home/user/.m2/repository/org/glassfish/jersey/media/jersey-media-jaxb/2.27/jersey-media-jaxb-2.27.jar:/home/user/.m2/repository/javax/validation/validation-api/1.1.0.Final/validation-api-1.1.0.Final.jar:/home/user/.m2/repository/org/glassfish/jersey/media/jersey-media-json-jackson/2.27/jersey-media-json-jackson-2.27.jar:/home/user/.m2/repository/org/glassfish/jersey/ext/jersey-entity-filtering/2.27/jersey-entity-filtering-2.27.jar:/home/user/.m2/repository/com/google/inject/extensions/guice-assistedinject/4.0/guice-assistedinject-4.0.jar:/home/user/.m2/repository/org/jooq/jooq/3.11.10/jooq-3.11.10.jar:/home/user/.m2/repository/org/jooq/jooq-meta/3.11.10/jooq-meta-3.11.10.jar:/home/user/.m2/repository/org/jooq/jooq-codegen/3.11.10/jooq-codegen-3.11.10.jar:/home/user/.m2/repository/com/jolbox/bonecp/0.8.0.RELEASE/bonecp-0.8.0.RELEASE.jar:/home/user/.m2/repository/org/xerial/sqlite-jdbc/3.25.2/sqlite-jdbc-3.25.2.jar:/home/user/.m2/repository/org/springframework/spring-jdbc/5.1.3.RELEASE/spring-jdbc-5.1.3.RELEASE.jar:/home/user/.m2/repository/org/springframework/spring-beans/5.1.3.RELEASE/spring-beans-5.1.3.RELEASE.jar:/home/user/.m2/repository/org/springframework/spring-core/5.1.3.RELEASE/spring-core-5.1.3.RELEASE.jar:/home/user/.m2/repository/org/springframework/spring-jcl/5.1.3.RELEASE/spring-jcl-5.1.3.RELEASE.jar:/home/user/.m2/repository/org/springframework/spring-tx/5.1.3.RELEASE/spring-tx-5.1.3.RELEASE.jar:/home/user/.m2/repository/org/apache/hadoop/hadoop-ozone-client/0.5.0-SNAPSHOT/hadoop-ozone-client-0.5.0-SNAPSHOT.jar:/home/user/.m2/repository/commons-lang/commons-lang/2.6/commons-lang-2.6.jar:/home/user/.m2/repository/org/apache/hadoop/hadoop-ozone-ozone-manager/0.5.0-SNAPSHOT/hadoop-ozone-ozone-manager-0.5.0-SNAPSHOT-tests.jar:/home/user/.m2/repository/junit/junit/4.11/junit-4.11.jar:/home/user/.m2/repository/org/hamcrest/hamcrest-core/1.3/hamcrest-core-1.3.jar:/home/user/.m2/repository/org/openjdk/jmh/jmh-core/1.19/jmh-core-1.19.jar:/home/user/.m2/repository/net/sf/jopt-simple/jopt-simple/4.6/jopt-simple-4.6.jar:/home/user/.m2/repository/org/apache/commons/commons-math3/3.1.1/commons-math3-3.1.1.jar:/home/user/.m2/repository/org/openjdk/jmh/jmh-generator-annprocess/1.19/jmh-generator-annprocess-1.19.jar:/home/user/.m2/repository/org/mockito/mockito-all/1.8.5/mockito-all-1.8.5.jar:/home/user/.m2/repository/org/apache/hadoop/hadoop-kms/3.2.0/hadoop-kms-3.2.0.jar:/home/user/.m2/repository/org/apache/hadoop/hadoop-auth/3.2.0/hadoop-auth-3.2.0.jar:/home/user/.m2/repository/com/nimbusds/nimbus-jose-jwt/4.41.1/nimbus-jose-jwt-4.41.1.jar:/home/user/.m2/repository/com/github/stephenc/jcip/jcip-annotations/1.0-1/jcip-annotations-1.0-1.jar:/home/user/.m2/repository/net/minidev/json-smart/2.3/json-smart-2.3.jar:/home/user/.m2/repository/net/minidev/accessors-smart/1.2/accessors-smart-1.2.jar:/home/user/.m2/repository/org/ow2/asm/asm/5.0.4/asm-5.0.4.jar:/home/user/.m2/repository/org/apache/curator/curator-framework/2.12.0/curator-framework-2.12.0.jar:/home/user/.m2/repository/com/sun/jersey/jersey-core/1.19/jersey-core-1.19.jar:/home/user/.m2/repository/javax/ws/rs/jsr311-api/1.1.1/jsr311-api-1.1.1.jar:/home/user/.m2/repository/com/sun/jersey/jersey-server/1.19/jersey-server-1.19.jar:/home/user/.m2/repository/javax/servlet/javax.servlet-api/3.1.0/javax.servlet-api-3.1.0.jar:/home/user/.m2/repository/org/eclipse/jetty/jetty-server/9.3.24.v20180605/jetty-server-9.3.24.v20180605.jar:/home/user/.m2/repository/org/eclipse/jetty/jetty-http/9.3.24.v20180605/jetty-http-9.3.24.v20180605.jar:/home/user/.m2/repository/org/eclipse/jetty/jetty-io/9.3.24.v20180605/jetty-io-9.3.24.v20180605.jar:/home/user/.m2/repository/org/eclipse/jetty/jetty-webapp/9.3.24.v20180605/jetty-webapp-9.3.24.v20180605.jar:/home/user/.m2/repository/org/eclipse/jetty/jetty-xml/9.3.24.v20180605/jetty-xml-9.3.24.v20180605.jar:/home/user/.m2/repository/log4j/log4j/1.2.17/log4j-1.2.17.jar:/home/user/.m2/repository/org/slf4j/slf4j-api/1.7.25/slf4j-api-1.7.25.jar:/home/user/.m2/repository/org/slf4j/jul-to-slf4j/1.7.25/jul-to-slf4j-1.7.25.jar:/home/user/.m2/repository/org/eclipse/jetty/jetty-util/9.3.24.v20180605/jetty-util-9.3.24.v20180605.jar:/home/user/.m2/repository/com/fasterxml/jackson/core/jackson-databind/2.9.5/jackson-databind-2.9.5.jar:/home/user/.m2/repository/org/apache/hadoop/hadoop-kms/3.2.0/hadoop-kms-3.2.0-tests.jar:/home/user/.m2/repository/org/apache/hadoop/hadoop-hdds-server-scm/0.5.0-SNAPSHOT/hadoop-hdds-server-scm-0.5.0-SNAPSHOT-tests.jar:/home/user/.m2/repository/org/apache/hadoop/hadoop-hdds-container-service/0.5.0-SNAPSHOT/hadoop-hdds-container-service-0.5.0-SNAPSHOT-tests.jar:/home/user/.m2/repository/org/yaml/snakeyaml/1.16/snakeyaml-1.16.jar:/home/user/.m2/repository/org/apache/hadoop/hadoop-common/3.2.0/hadoop-common-3.2.0-tests.jar:/home/user/.m2/repository/org/apache/hadoop/hadoop-annotations/3.2.0/hadoop-annotations-3.2.0.jar:/usr/lib/jvm/java-1.8-openjdk/jre/../lib/tools.jar:/home/user/.m2/repository/commons-cli/commons-cli/1.2/commons-cli-1.2.jar:/home/user/.m2/repository/org/apache/httpcomponents/httpclient/4.5.2/httpclient-4.5.2.jar:/home/user/.m2/repository/org/apache/httpcomponents/httpcore/4.4.4/httpcore-4.4.4.jar:/home/user/.m2/repository/commons-codec/commons-codec/1.11/commons-codec-1.11.jar:/home/user/.m2/repository/commons-net/commons-net/3.6/commons-net-3.6.jar:/home/user/.m2/repository/commons-collections/commons-collections/3.2.2/commons-collections-3.2.2.jar:/home/user/.m2/repository/org/eclipse/jetty/jetty-servlet/9.3.24.v20180605/jetty-servlet-9.3.24.v20180605.jar:/home/user/.m2/repository/org/eclipse/jetty/jetty-security/9.3.24.v20180605/jetty-security-9.3.24.v20180605.jar:/home/user/.m2/repository/javax/servlet/jsp/jsp-api/2.1/jsp-api-2.1.jar:/home/user/.m2/repository/com/sun/jersey/jersey-servlet/1.19/jersey-servlet-1.19.jar:/home/user/.m2/repository/com/sun/jersey/jersey-json/1.19/jersey-json-1.19.jar:/home/user/.m2/repository/org/codehaus/jettison/jettison/1.1/jettison-1.1.jar:/home/user/.m2/repository/org/codehaus/jackson/jackson-core-asl/1.9.13/jackson-core-asl-1.9.13.jar:/home/user/.m2/repository/org/codehaus/jackson/jackson-mapper-asl/1.9.13/jackson-mapper-asl-1.9.13.jar:/home/user/.m2/repository/org/codehaus/jackson/jackson-jaxrs/1.9.13/jackson-jaxrs-1.9.13.jar:/home/user/.m2/repository/org/codehaus/jackson/jackson-xc/1.9.13/jackson-xc-1.9.13.jar:/home/user/.m2/repository/commons-logging/commons-logging/1.1.3/commons-logging-1.1.3.jar:/home/user/.m2/repository/commons-beanutils/commons-beanutils/1.9.3/commons-beanutils-1.9.3.jar:/home/user/.m2/repository/org/apache/commons/commons-configuration2/2.1.1/commons-configuration2-2.1.1.jar:/home/user/.m2/repository/org/apache/commons/commons-lang3/3.7/commons-lang3-3.7.jar:/home/user/.m2/repository/org/apache/commons/commons-text/1.4/commons-text-1.4.jar:/home/user/.m2/repository/org/apache/avro/avro/1.7.7/avro-1.7.7.jar:/home/user/.m2/repository/com/thoughtworks/paranamer/paranamer/2.3/paranamer-2.3.jar:/home/user/.m2/repository/org/xerial/snappy/snappy-java/1.0.5/snappy-java-1.0.5.jar:/home/user/.m2/repository/com/google/re2j/re2j/1.1/re2j-1.1.jar:/home/user/.m2/repository/com/google/code/gson/gson/2.2.4/gson-2.2.4.jar:/home/user/.m2/repository/com/jcraft/jsch/0.1.54/jsch-0.1.54.jar:/home/user/.m2/repository/org/apache/curator/curator-client/2.12.0/curator-client-2.12.0.jar:/home/user/.m2/repository/org/apache/curator/curator-recipes/2.12.0/curator-recipes-2.12.0.jar:/home/user/.m2/repository/com/google/code/findbugs/jsr305/3.0.0/jsr305-3.0.0.jar:/home/user/.m2/repository/org/apache/htrace/htrace-core4/4.1.0-incubating/htrace-core4-4.1.0-incubating.jar:/home/user/.m2/repository/org/apache/zookeeper/zookeeper/3.4.13/zookeeper-3.4.13.jar:/home/user/.m2/repository/org/apache/yetus/audience-annotations/0.5.0/audience-annotations-0.5.0.jar:/home/user/.m2/repository/org/codehaus/woodstox/stax2-api/3.1.4/stax2-api-3.1.4.jar:/home/user/.m2/repository/com/fasterxml/woodstox/woodstox-core/5.0.3/woodstox-core-5.0.3.jar:/home/user/.m2/repository/dnsjava/dnsjava/2.1.7/dnsjava-2.1.7.jar:/home/user/.m2/repository/org/apache/hadoop/hadoop-hdfs/3.2.0/hadoop-hdfs-3.2.0-tests.jar:/home/user/.m2/repository/org/eclipse/jetty/jetty-util-ajax/9.3.24.v20180605/jetty-util-ajax-9.3.24.v20180605.jar:/home/user/.m2/repository/commons-daemon/commons-daemon/1.0.13/commons-daemon-1.0.13.jar:/home/user/.m2/repository/io/netty/netty/3.10.5.Final/netty-3.10.5.Final.jar:/home/user/.m2/repository/io/netty/netty-all/4.0.52.Final/netty-all-4.0.52.Final.jar:/home/user/.m2/repository/org/fusesource/leveldbjni/leveldbjni-all/1.8/leveldbjni-all-1.8.jar:"/>
    <property name="java.vm.vendor" value="IcedTea"/>
    <property name="sun.arch.data.model" value="64"/>
    <property name="test.build.dir" value="/workdir/hadoop-ozone/integration-test/target/test-dir"/>
    <property name="test.cache.data" value=""/>
    <property name="java.vendor.url" value="https://icedtea.classpath.org"/>
    <property name="user.timezone" value=""/>
    <property name="java.vm.specification.version" value="1.8"/>
    <property name="os.name" value="Linux"/>
    <property name="test.build.data" value="/workdir/hadoop-ozone/integration-test/target/test-dir"/>
    <property name="user.country" value="US"/>
    <property name="sun.java.launcher" value="SUN_STANDARD"/>
    <property name="sun.boot.library.path" value="/usr/lib/jvm/java-1.8-openjdk/jre/lib/amd64"/>
    <property name="sun.java.command" value="/workdir/hadoop-ozone/integration-test/target/surefire/surefirebooter4276693562565197522.jar /workdir/hadoop-ozone/integration-test/target/surefire 2019-08-28T09-05-35_651-jvmRun1 surefire7282368678800692864tmp surefire_218154900264248529083tmp"/>
    <property name="test" value="!TestMiniChaosOzoneCluster"/>
    <property name="surefire.test.class.path" value="/workdir/hadoop-ozone/integration-test/target/test-classes:/workdir/hadoop-ozone/integration-test/target/classes:/home/user/.m2/repository/org/apache/hadoop/hadoop-ozone-common/0.5.0-SNAPSHOT/hadoop-ozone-common-0.5.0-SNAPSHOT.jar:/home/user/.m2/repository/org/apache/commons/commons-compress/1.4.1/commons-compress-1.4.1.jar:/home/user/.m2/repository/org/tukaani/xz/1.0/xz-1.0.jar:/home/user/.m2/repository/org/apache/hadoop/hadoop-common/3.2.0/hadoop-common-3.2.0.jar:/home/user/.m2/repository/org/apache/hadoop/hadoop-hdfs/3.2.0/hadoop-hdfs-3.2.0.jar:/home/user/.m2/repository/org/apache/hadoop/hadoop-hdfs-client/3.2.0/hadoop-hdfs-client-3.2.0.jar:/home/user/.m2/repository/com/fasterxml/jackson/core/jackson-annotations/2.9.5/jackson-annotations-2.9.5.jar:/home/user/.m2/repository/org/apache/hadoop/hadoop-hdds-common/0.5.0-SNAPSHOT/hadoop-hdds-common-0.5.0-SNAPSHOT.jar:/home/user/.m2/repository/javax/annotation/javax.annotation-api/1.2/javax.annotation-api-1.2.jar:/home/user/.m2/repository/org/apache/ratis/ratis-server/0.4.0-2337318-SNAPSHOT/ratis-server-0.4.0-2337318-SNAPSHOT.jar:/home/user/.m2/repository/org/apache/ratis/ratis-thirdparty-misc/0.2.0/ratis-thirdparty-misc-0.2.0.jar:/home/user/.m2/repository/org/apache/ratis/ratis-proto/0.4.0-2337318-SNAPSHOT/ratis-proto-0.4.0-2337318-SNAPSHOT.jar:/home/user/.m2/repository/org/apache/ratis/ratis-common/0.4.0-2337318-SNAPSHOT/ratis-common-0.4.0-2337318-SNAPSHOT.jar:/home/user/.m2/repository/org/apache/ratis/ratis-client/0.4.0-2337318-SNAPSHOT/ratis-client-0.4.0-2337318-SNAPSHOT.jar:/home/user/.m2/repository/org/apache/ratis/ratis-metrics/0.4.0-2337318-SNAPSHOT/ratis-metrics-0.4.0-2337318-SNAPSHOT.jar:/home/user/.m2/repository/org/apache/ratis/ratis-netty/0.4.0-2337318-SNAPSHOT/ratis-netty-0.4.0-2337318-SNAPSHOT.jar:/home/user/.m2/repository/org/apache/ratis/ratis-grpc/0.4.0-2337318-SNAPSHOT/ratis-grpc-0.4.0-2337318-SNAPSHOT.jar:/home/user/.m2/repository/org/rocksdb/rocksdbjni/6.0.1/rocksdbjni-6.0.1.jar:/home/user/.m2/repository/org/apache/logging/log4j/log4j-api/2.11.0/log4j-api-2.11.0.jar:/home/user/.m2/repository/org/apache/logging/log4j/log4j-core/2.11.0/log4j-core-2.11.0.jar:/home/user/.m2/repository/com/lmax/disruptor/3.4.2/disruptor-3.4.2.jar:/home/user/.m2/repository/org/apache/commons/commons-pool2/2.6.0/commons-pool2-2.6.0.jar:/home/user/.m2/repository/org/bouncycastle/bcpkix-jdk15on/1.60/bcpkix-jdk15on-1.60.jar:/home/user/.m2/repository/commons-validator/commons-validator/1.6/commons-validator-1.6.jar:/home/user/.m2/repository/commons-digester/commons-digester/1.8.1/commons-digester-1.8.1.jar:/home/user/.m2/repository/io/jaegertracing/jaeger-client/0.33.1/jaeger-client-0.33.1.jar:/home/user/.m2/repository/io/jaegertracing/jaeger-thrift/0.33.1/jaeger-thrift-0.33.1.jar:/home/user/.m2/repository/org/apache/thrift/libthrift/0.11.0/libthrift-0.11.0.jar:/home/user/.m2/repository/com/squareup/okhttp3/okhttp/3.9.0/okhttp-3.9.0.jar:/home/user/.m2/repository/com/squareup/okio/okio/1.13.0/okio-1.13.0.jar:/home/user/.m2/repository/io/jaegertracing/jaeger-core/0.33.1/jaeger-core-0.33.1.jar:/home/user/.m2/repository/io/jaegertracing/jaeger-tracerresolver/0.33.1/jaeger-tracerresolver-0.33.1.jar:/home/user/.m2/repository/io/opentracing/contrib/opentracing-tracerresolver/0.1.5/opentracing-tracerresolver-0.1.5.jar:/home/user/.m2/repository/io/opentracing/opentracing-util/0.31.0/opentracing-util-0.31.0.jar:/home/user/.m2/repository/io/opentracing/opentracing-api/0.31.0/opentracing-api-0.31.0.jar:/home/user/.m2/repository/io/opentracing/opentracing-noop/0.31.0/opentracing-noop-0.31.0.jar:/home/user/.m2/repository/org/apache/hadoop/hadoop-hdds-server-framework/0.5.0-SNAPSHOT/hadoop-hdds-server-framework-0.5.0-SNAPSHOT.jar:/home/user/.m2/repository/org/apache/hadoop/hadoop-hdds-container-service/0.5.0-SNAPSHOT/hadoop-hdds-container-service-0.5.0-SNAPSHOT.jar:/home/user/.m2/repository/org/apache/hadoop/hadoop-hdds-client/0.5.0-SNAPSHOT/hadoop-hdds-client-0.5.0-SNAPSHOT.jar:/home/user/.m2/repository/org/apache/hadoop/hadoop-hdds-tools/0.5.0-SNAPSHOT/hadoop-hdds-tools-0.5.0-SNAPSHOT.jar:/home/user/.m2/repository/org/apache/hadoop/hadoop-hdds-server-scm/0.5.0-SNAPSHOT/hadoop-hdds-server-scm-0.5.0-SNAPSHOT.jar:/home/user/.m2/repository/org/apache/hadoop/hadoop-hdds-docs/0.5.0-SNAPSHOT/hadoop-hdds-docs-0.5.0-SNAPSHOT.jar:/home/user/.m2/repository/io/dropwizard/metrics/metrics-core/3.2.4/metrics-core-3.2.4.jar:/home/user/.m2/repository/org/hamcrest/hamcrest-all/1.3/hamcrest-all-1.3.jar:/home/user/.m2/repository/org/bouncycastle/bcprov-jdk15on/1.60/bcprov-jdk15on-1.60.jar:/home/user/.m2/repository/info/picocli/picocli/3.9.6/picocli-3.9.6.jar:/home/user/.m2/repository/com/google/protobuf/protobuf-java/2.5.0/protobuf-java-2.5.0.jar:/home/user/.m2/repository/com/google/guava/guava/11.0.2/guava-11.0.2.jar:/home/user/.m2/repository/org/apache/hadoop/hadoop-ozone-ozone-manager/0.5.0-SNAPSHOT/hadoop-ozone-ozone-manager-0.5.0-SNAPSHOT.jar:/home/user/.m2/repository/org/apache/hadoop/hadoop-minikdc/3.2.0/hadoop-minikdc-3.2.0.jar:/home/user/.m2/repository/commons-io/commons-io/2.5/commons-io-2.5.jar:/home/user/.m2/repository/org/apache/kerby/kerb-simplekdc/1.0.1/kerb-simplekdc-1.0.1.jar:/home/user/.m2/repository/org/apache/kerby/kerb-client/1.0.1/kerb-client-1.0.1.jar:/home/user/.m2/repository/org/apache/kerby/kerby-config/1.0.1/kerby-config-1.0.1.jar:/home/user/.m2/repository/org/apache/kerby/kerb-core/1.0.1/kerb-core-1.0.1.jar:/home/user/.m2/repository/org/apache/kerby/kerby-pkix/1.0.1/kerby-pkix-1.0.1.jar:/home/user/.m2/repository/org/apache/kerby/kerby-asn1/1.0.1/kerby-asn1-1.0.1.jar:/home/user/.m2/repository/org/apache/kerby/kerby-util/1.0.1/kerby-util-1.0.1.jar:/home/user/.m2/repository/org/apache/kerby/kerb-common/1.0.1/kerb-common-1.0.1.jar:/home/user/.m2/repository/org/apache/kerby/kerb-crypto/1.0.1/kerb-crypto-1.0.1.jar:/home/user/.m2/repository/org/apache/kerby/kerb-util/1.0.1/kerb-util-1.0.1.jar:/home/user/.m2/repository/org/apache/kerby/token-provider/1.0.1/token-provider-1.0.1.jar:/home/user/.m2/repository/org/apache/kerby/kerb-admin/1.0.1/kerb-admin-1.0.1.jar:/home/user/.m2/repository/org/apache/kerby/kerb-server/1.0.1/kerb-server-1.0.1.jar:/home/user/.m2/repository/org/apache/kerby/kerb-identity/1.0.1/kerb-identity-1.0.1.jar:/home/user/.m2/repository/org/apache/kerby/kerby-xdr/1.0.1/kerby-xdr-1.0.1.jar:/home/user/.m2/repository/org/slf4j/slf4j-log4j12/1.7.25/slf4j-log4j12-1.7.25.jar:/home/user/.m2/repository/org/apache/hadoop/hadoop-ozone-objectstore-service/0.5.0-SNAPSHOT/hadoop-ozone-objectstore-service-0.5.0-SNAPSHOT.jar:/home/user/.m2/repository/org/apache/hadoop/hadoop-ozone-s3gateway/0.5.0-SNAPSHOT/hadoop-ozone-s3gateway-0.5.0-SNAPSHOT.jar:/home/user/.m2/repository/org/jboss/weld/servlet/weld-servlet/2.4.7.Final/weld-servlet-2.4.7.Final.jar:/home/user/.m2/repository/org/glassfish/jersey/containers/jersey-container-servlet-core/2.27/jersey-container-servlet-core-2.27.jar:/home/user/.m2/repository/org/glassfish/hk2/external/javax.inject/2.5.0-b42/javax.inject-2.5.0-b42.jar:/home/user/.m2/repository/org/glassfish/jersey/core/jersey-common/2.27/jersey-common-2.27.jar:/home/user/.m2/repository/org/glassfish/hk2/osgi-resource-locator/1.0.1/osgi-resource-locator-1.0.1.jar:/home/user/.m2/repository/javax/ws/rs/javax.ws.rs-api/2.1/javax.ws.rs-api-2.1.jar:/home/user/.m2/repository/org/glassfish/jersey/ext/cdi/jersey-cdi1x/2.27/jersey-cdi1x-2.27.jar:/home/user/.m2/repository/org/glassfish/jersey/inject/jersey-hk2/2.27/jersey-hk2-2.27.jar:/home/user/.m2/repository/org/glassfish/hk2/hk2-locator/2.5.0-b42/hk2-locator-2.5.0-b42.jar:/home/user/.m2/repository/org/javassist/javassist/3.22.0-CR2/javassist-3.22.0-CR2.jar:/home/user/.m2/repository/org/glassfish/hk2/hk2-api/2.5.0/hk2-api-2.5.0.jar:/home/user/.m2/repository/org/glassfish/hk2/external/jakarta.inject/2.5.0/jakarta.inject-2.5.0.jar:/home/user/.m2/repository/org/glassfish/hk2/hk2-utils/2.5.0/hk2-utils-2.5.0.jar:/home/user/.m2/repository/jakarta/annotation/jakarta.annotation-api/1.3.4/jakarta.annotation-api-1.3.4.jar:/home/user/.m2/repository/org/glassfish/hk2/external/aopalliance-repackaged/2.5.0/aopalliance-repackaged-2.5.0.jar:/home/user/.m2/repository/com/fasterxml/jackson/dataformat/jackson-dataformat-xml/2.9.0/jackson-dataformat-xml-2.9.0.jar:/home/user/.m2/repository/com/fasterxml/jackson/core/jackson-core/2.9.5/jackson-core-2.9.5.jar:/home/user/.m2/repository/com/fasterxml/jackson/module/jackson-module-jaxb-annotations/2.9.5/jackson-module-jaxb-annotations-2.9.5.jar:/home/user/.m2/repository/javax/enterprise/cdi-api/1.2/cdi-api-1.2.jar:/home/user/.m2/repository/javax/el/javax.el-api/3.0.0/javax.el-api-3.0.0.jar:/home/user/.m2/repository/javax/interceptor/javax.interceptor-api/1.2/javax.interceptor-api-1.2.jar:/home/user/.m2/repository/javax/inject/javax.inject/1/javax.inject-1.jar:/home/user/.m2/repository/com/sun/xml/bind/jaxb-impl/2.3.0.1/jaxb-impl-2.3.0.1.jar:/home/user/.m2/repository/com/sun/xml/bind/jaxb-core/2.3.0.1/jaxb-core-2.3.0.1.jar:/home/user/.m2/repository/javax/xml/bind/jaxb-api/2.3.0/jaxb-api-2.3.0.jar:/home/user/.m2/repository/javax/activation/activation/1.1.1/activation-1.1.1.jar:/home/user/.m2/repository/org/apache/hadoop/hadoop-ozone-csi/0.5.0-SNAPSHOT/hadoop-ozone-csi-0.5.0-SNAPSHOT.jar:/home/user/.m2/repository/com/google/protobuf/protobuf-java-util/3.5.1/protobuf-java-util-3.5.1.jar:/home/user/.m2/repository/org/apache/hadoop/hadoop-hdds-config/0.5.0-SNAPSHOT/hadoop-hdds-config-0.5.0-SNAPSHOT.jar:/home/user/.m2/repository/io/grpc/grpc-netty/1.17.1/grpc-netty-1.17.1.jar:/home/user/.m2/repository/io/grpc/grpc-core/1.17.1/grpc-core-1.17.1.jar:/home/user/.m2/repository/io/grpc/grpc-context/1.17.1/grpc-context-1.17.1.jar:/home/user/.m2/repository/com/google/errorprone/error_prone_annotations/2.2.0/error_prone_annotations-2.2.0.jar:/home/user/.m2/repository/org/codehaus/mojo/animal-sniffer-annotations/1.17/animal-sniffer-annotations-1.17.jar:/home/user/.m2/repository/io/opencensus/opencensus-api/0.17.0/opencensus-api-0.17.0.jar:/home/user/.m2/repository/io/opencensus/opencensus-contrib-grpc-metrics/0.17.0/opencensus-contrib-grpc-metrics-0.17.0.jar:/home/user/.m2/repository/io/netty/netty-codec-http2/4.1.30.Final/netty-codec-http2-4.1.30.Final.jar:/home/user/.m2/repository/io/netty/netty-codec-http/4.1.30.Final/netty-codec-http-4.1.30.Final.jar:/home/user/.m2/repository/io/netty/netty-codec/4.1.30.Final/netty-codec-4.1.30.Final.jar:/home/user/.m2/repository/io/netty/netty-handler/4.1.30.Final/netty-handler-4.1.30.Final.jar:/home/user/.m2/repository/io/netty/netty-handler-proxy/4.1.30.Final/netty-handler-proxy-4.1.30.Final.jar:/home/user/.m2/repository/io/netty/netty-codec-socks/4.1.30.Final/netty-codec-socks-4.1.30.Final.jar:/home/user/.m2/repository/io/netty/netty-transport-native-epoll/4.1.30.Final/netty-transport-native-epoll-4.1.30.Final.jar:/home/user/.m2/repository/io/netty/netty-common/4.1.30.Final/netty-common-4.1.30.Final.jar:/home/user/.m2/repository/io/netty/netty-buffer/4.1.30.Final/netty-buffer-4.1.30.Final.jar:/home/user/.m2/repository/io/netty/netty-transport/4.1.30.Final/netty-transport-4.1.30.Final.jar:/home/user/.m2/repository/io/netty/netty-resolver/4.1.30.Final/netty-resolver-4.1.30.Final.jar:/home/user/.m2/repository/io/netty/netty-transport-native-unix-common/4.1.30.Final/netty-transport-native-unix-common-4.1.30.Final.jar:/home/user/.m2/repository/io/grpc/grpc-protobuf/1.17.1/grpc-protobuf-1.17.1.jar:/home/user/.m2/repository/com/google/api/grpc/proto-google-common-protos/1.0.0/proto-google-common-protos-1.0.0.jar:/home/user/.m2/repository/io/grpc/grpc-protobuf-lite/1.17.1/grpc-protobuf-lite-1.17.1.jar:/home/user/.m2/repository/io/grpc/grpc-stub/1.17.1/grpc-stub-1.17.1.jar:/home/user/.m2/repository/org/apache/hadoop/hadoop-ozone-recon/0.5.0-SNAPSHOT/hadoop-ozone-recon-0.5.0-SNAPSHOT.jar:/home/user/.m2/repository/org/apache/hadoop/hadoop-ozone-reconcodegen/0.5.0-SNAPSHOT/hadoop-ozone-reconcodegen-0.5.0-SNAPSHOT.jar:/home/user/.m2/repository/com/google/inject/extensions/guice-multibindings/4.0/guice-multibindings-4.0.jar:/home/user/.m2/repository/com/google/inject/guice/4.0/guice-4.0.jar:/home/user/.m2/repository/aopalliance/aopalliance/1.0/aopalliance-1.0.jar:/home/user/.m2/repository/com/google/inject/extensions/guice-servlet/4.0/guice-servlet-4.0.jar:/home/user/.m2/repository/org/glassfish/jersey/containers/jersey-container-servlet/2.27/jersey-container-servlet-2.27.jar:/home/user/.m2/repository/org/glassfish/hk2/guice-bridge/2.5.0/guice-bridge-2.5.0.jar:/home/user/.m2/repository/org/glassfish/jersey/core/jersey-server/2.27/jersey-server-2.27.jar:/home/user/.m2/repository/org/glassfish/jersey/core/jersey-client/2.27/jersey-client-2.27.jar:/home/user/.m2/repository/org/glassfish/jersey/media/jersey-media-jaxb/2.27/jersey-media-jaxb-2.27.jar:/home/user/.m2/repository/javax/validation/validation-api/1.1.0.Final/validation-api-1.1.0.Final.jar:/home/user/.m2/repository/org/glassfish/jersey/media/jersey-media-json-jackson/2.27/jersey-media-json-jackson-2.27.jar:/home/user/.m2/repository/org/glassfish/jersey/ext/jersey-entity-filtering/2.27/jersey-entity-filtering-2.27.jar:/home/user/.m2/repository/com/google/inject/extensions/guice-assistedinject/4.0/guice-assistedinject-4.0.jar:/home/user/.m2/repository/org/jooq/jooq/3.11.10/jooq-3.11.10.jar:/home/user/.m2/repository/org/jooq/jooq-meta/3.11.10/jooq-meta-3.11.10.jar:/home/user/.m2/repository/org/jooq/jooq-codegen/3.11.10/jooq-codegen-3.11.10.jar:/home/user/.m2/repository/com/jolbox/bonecp/0.8.0.RELEASE/bonecp-0.8.0.RELEASE.jar:/home/user/.m2/repository/org/xerial/sqlite-jdbc/3.25.2/sqlite-jdbc-3.25.2.jar:/home/user/.m2/repository/org/springframework/spring-jdbc/5.1.3.RELEASE/spring-jdbc-5.1.3.RELEASE.jar:/home/user/.m2/repository/org/springframework/spring-beans/5.1.3.RELEASE/spring-beans-5.1.3.RELEASE.jar:/home/user/.m2/repository/org/springframework/spring-core/5.1.3.RELEASE/spring-core-5.1.3.RELEASE.jar:/home/user/.m2/repository/org/springframework/spring-jcl/5.1.3.RELEASE/spring-jcl-5.1.3.RELEASE.jar:/home/user/.m2/repository/org/springframework/spring-tx/5.1.3.RELEASE/spring-tx-5.1.3.RELEASE.jar:/home/user/.m2/repository/org/apache/hadoop/hadoop-ozone-client/0.5.0-SNAPSHOT/hadoop-ozone-client-0.5.0-SNAPSHOT.jar:/home/user/.m2/repository/commons-lang/commons-lang/2.6/commons-lang-2.6.jar:/home/user/.m2/repository/org/apache/hadoop/hadoop-ozone-ozone-manager/0.5.0-SNAPSHOT/hadoop-ozone-ozone-manager-0.5.0-SNAPSHOT-tests.jar:/home/user/.m2/repository/junit/junit/4.11/junit-4.11.jar:/home/user/.m2/repository/org/hamcrest/hamcrest-core/1.3/hamcrest-core-1.3.jar:/home/user/.m2/repository/org/openjdk/jmh/jmh-core/1.19/jmh-core-1.19.jar:/home/user/.m2/repository/net/sf/jopt-simple/jopt-simple/4.6/jopt-simple-4.6.jar:/home/user/.m2/repository/org/apache/commons/commons-math3/3.1.1/commons-math3-3.1.1.jar:/home/user/.m2/repository/org/openjdk/jmh/jmh-generator-annprocess/1.19/jmh-generator-annprocess-1.19.jar:/home/user/.m2/repository/org/mockito/mockito-all/1.8.5/mockito-all-1.8.5.jar:/home/user/.m2/repository/org/apache/hadoop/hadoop-kms/3.2.0/hadoop-kms-3.2.0.jar:/home/user/.m2/repository/org/apache/hadoop/hadoop-auth/3.2.0/hadoop-auth-3.2.0.jar:/home/user/.m2/repository/com/nimbusds/nimbus-jose-jwt/4.41.1/nimbus-jose-jwt-4.41.1.jar:/home/user/.m2/repository/com/github/stephenc/jcip/jcip-annotations/1.0-1/jcip-annotations-1.0-1.jar:/home/user/.m2/repository/net/minidev/json-smart/2.3/json-smart-2.3.jar:/home/user/.m2/repository/net/minidev/accessors-smart/1.2/accessors-smart-1.2.jar:/home/user/.m2/repository/org/ow2/asm/asm/5.0.4/asm-5.0.4.jar:/home/user/.m2/repository/org/apache/curator/curator-framework/2.12.0/curator-framework-2.12.0.jar:/home/user/.m2/repository/com/sun/jersey/jersey-core/1.19/jersey-core-1.19.jar:/home/user/.m2/repository/javax/ws/rs/jsr311-api/1.1.1/jsr311-api-1.1.1.jar:/home/user/.m2/repository/com/sun/jersey/jersey-server/1.19/jersey-server-1.19.jar:/home/user/.m2/repository/javax/servlet/javax.servlet-api/3.1.0/javax.servlet-api-3.1.0.jar:/home/user/.m2/repository/org/eclipse/jetty/jetty-server/9.3.24.v20180605/jetty-server-9.3.24.v20180605.jar:/home/user/.m2/repository/org/eclipse/jetty/jetty-http/9.3.24.v20180605/jetty-http-9.3.24.v20180605.jar:/home/user/.m2/repository/org/eclipse/jetty/jetty-io/9.3.24.v20180605/jetty-io-9.3.24.v20180605.jar:/home/user/.m2/repository/org/eclipse/jetty/jetty-webapp/9.3.24.v20180605/jetty-webapp-9.3.24.v20180605.jar:/home/user/.m2/repository/org/eclipse/jetty/jetty-xml/9.3.24.v20180605/jetty-xml-9.3.24.v20180605.jar:/home/user/.m2/repository/log4j/log4j/1.2.17/log4j-1.2.17.jar:/home/user/.m2/repository/org/slf4j/slf4j-api/1.7.25/slf4j-api-1.7.25.jar:/home/user/.m2/repository/org/slf4j/jul-to-slf4j/1.7.25/jul-to-slf4j-1.7.25.jar:/home/user/.m2/repository/org/eclipse/jetty/jetty-util/9.3.24.v20180605/jetty-util-9.3.24.v20180605.jar:/home/user/.m2/repository/com/fasterxml/jackson/core/jackson-databind/2.9.5/jackson-databind-2.9.5.jar:/home/user/.m2/repository/org/apache/hadoop/hadoop-kms/3.2.0/hadoop-kms-3.2.0-tests.jar:/home/user/.m2/repository/org/apache/hadoop/hadoop-hdds-server-scm/0.5.0-SNAPSHOT/hadoop-hdds-server-scm-0.5.0-SNAPSHOT-tests.jar:/home/user/.m2/repository/org/apache/hadoop/hadoop-hdds-container-service/0.5.0-SNAPSHOT/hadoop-hdds-container-service-0.5.0-SNAPSHOT-tests.jar:/home/user/.m2/repository/org/yaml/snakeyaml/1.16/snakeyaml-1.16.jar:/home/user/.m2/repository/org/apache/hadoop/hadoop-common/3.2.0/hadoop-common-3.2.0-tests.jar:/home/user/.m2/repository/org/apache/hadoop/hadoop-annotations/3.2.0/hadoop-annotations-3.2.0.jar:/usr/lib/jvm/java-1.8-openjdk/jre/../lib/tools.jar:/home/user/.m2/repository/commons-cli/commons-cli/1.2/commons-cli-1.2.jar:/home/user/.m2/repository/org/apache/httpcomponents/httpclient/4.5.2/httpclient-4.5.2.jar:/home/user/.m2/repository/org/apache/httpcomponents/httpcore/4.4.4/httpcore-4.4.4.jar:/home/user/.m2/repository/commons-codec/commons-codec/1.11/commons-codec-1.11.jar:/home/user/.m2/repository/commons-net/commons-net/3.6/commons-net-3.6.jar:/home/user/.m2/repository/commons-collections/commons-collections/3.2.2/commons-collections-3.2.2.jar:/home/user/.m2/repository/org/eclipse/jetty/jetty-servlet/9.3.24.v20180605/jetty-servlet-9.3.24.v20180605.jar:/home/user/.m2/repository/org/eclipse/jetty/jetty-security/9.3.24.v20180605/jetty-security-9.3.24.v20180605.jar:/home/user/.m2/repository/javax/servlet/jsp/jsp-api/2.1/jsp-api-2.1.jar:/home/user/.m2/repository/com/sun/jersey/jersey-servlet/1.19/jersey-servlet-1.19.jar:/home/user/.m2/repository/com/sun/jersey/jersey-json/1.19/jersey-json-1.19.jar:/home/user/.m2/repository/org/codehaus/jettison/jettison/1.1/jettison-1.1.jar:/home/user/.m2/repository/org/codehaus/jackson/jackson-core-asl/1.9.13/jackson-core-asl-1.9.13.jar:/home/user/.m2/repository/org/codehaus/jackson/jackson-mapper-asl/1.9.13/jackson-mapper-asl-1.9.13.jar:/home/user/.m2/repository/org/codehaus/jackson/jackson-jaxrs/1.9.13/jackson-jaxrs-1.9.13.jar:/home/user/.m2/repository/org/codehaus/jackson/jackson-xc/1.9.13/jackson-xc-1.9.13.jar:/home/user/.m2/repository/commons-logging/commons-logging/1.1.3/commons-logging-1.1.3.jar:/home/user/.m2/repository/commons-beanutils/commons-beanutils/1.9.3/commons-beanutils-1.9.3.jar:/home/user/.m2/repository/org/apache/commons/commons-configuration2/2.1.1/commons-configuration2-2.1.1.jar:/home/user/.m2/repository/org/apache/commons/commons-lang3/3.7/commons-lang3-3.7.jar:/home/user/.m2/repository/org/apache/commons/commons-text/1.4/commons-text-1.4.jar:/home/user/.m2/repository/org/apache/avro/avro/1.7.7/avro-1.7.7.jar:/home/user/.m2/repository/com/thoughtworks/paranamer/paranamer/2.3/paranamer-2.3.jar:/home/user/.m2/repository/org/xerial/snappy/snappy-java/1.0.5/snappy-java-1.0.5.jar:/home/user/.m2/repository/com/google/re2j/re2j/1.1/re2j-1.1.jar:/home/user/.m2/repository/com/google/code/gson/gson/2.2.4/gson-2.2.4.jar:/home/user/.m2/repository/com/jcraft/jsch/0.1.54/jsch-0.1.54.jar:/home/user/.m2/repository/org/apache/curator/curator-client/2.12.0/curator-client-2.12.0.jar:/home/user/.m2/repository/org/apache/curator/curator-recipes/2.12.0/curator-recipes-2.12.0.jar:/home/user/.m2/repository/com/google/code/findbugs/jsr305/3.0.0/jsr305-3.0.0.jar:/home/user/.m2/repository/org/apache/htrace/htrace-core4/4.1.0-incubating/htrace-core4-4.1.0-incubating.jar:/home/user/.m2/repository/org/apache/zookeeper/zookeeper/3.4.13/zookeeper-3.4.13.jar:/home/user/.m2/repository/org/apache/yetus/audience-annotations/0.5.0/audience-annotations-0.5.0.jar:/home/user/.m2/repository/org/codehaus/woodstox/stax2-api/3.1.4/stax2-api-3.1.4.jar:/home/user/.m2/repository/com/fasterxml/woodstox/woodstox-core/5.0.3/woodstox-core-5.0.3.jar:/home/user/.m2/repository/dnsjava/dnsjava/2.1.7/dnsjava-2.1.7.jar:/home/user/.m2/repository/org/apache/hadoop/hadoop-hdfs/3.2.0/hadoop-hdfs-3.2.0-tests.jar:/home/user/.m2/repository/org/eclipse/jetty/jetty-util-ajax/9.3.24.v20180605/jetty-util-ajax-9.3.24.v20180605.jar:/home/user/.m2/repository/commons-daemon/commons-daemon/1.0.13/commons-daemon-1.0.13.jar:/home/user/.m2/repository/io/netty/netty/3.10.5.Final/netty-3.10.5.Final.jar:/home/user/.m2/repository/io/netty/netty-all/4.0.52.Final/netty-all-4.0.52.Final.jar:/home/user/.m2/repository/org/fusesource/leveldbjni/leveldbjni-all/1.8/leveldbjni-all-1.8.jar:"/>
    <property name="sun.cpu.endian" value="little"/>
    <property name="user.home" value="/home/user"/>
    <property name="user.language" value="en"/>
    <property name="java.specification.vendor" value="Oracle Corporation"/>
    <property name="java.home" value="/usr/lib/jvm/java-1.8-openjdk/jre"/>
    <property name="java.security.krb5.conf" value="/workdir/hadoop-ozone/integration-test/target/test-classes/krb5.conf"/>
    <property name="basedir" value="/workdir/hadoop-ozone/integration-test"/>
    <property name="file.separator" value="/"/>
    <property name="line.separator" value="&#10;"/>
    <property name="java.vm.specification.vendor" value="Oracle Corporation"/>
    <property name="java.specification.name" value="Java Platform API Specification"/>
    <property name="java.awt.graphicsenv" value="sun.awt.X11GraphicsEnvironment"/>
    <property name="surefire.real.class.path" value="/workdir/hadoop-ozone/integration-test/target/surefire/surefirebooter4276693562565197522.jar"/>
    <property name="hadoop.log.dir" value="/workdir/hadoop-ozone/integration-test/target/log"/>
    <property name="sun.boot.class.path" value="/usr/lib/jvm/java-1.8-openjdk/jre/lib/resources.jar:/usr/lib/jvm/java-1.8-openjdk/jre/lib/rt.jar:/usr/lib/jvm/java-1.8-openjdk/jre/lib/sunrsasign.jar:/usr/lib/jvm/java-1.8-openjdk/jre/lib/jsse.jar:/usr/lib/jvm/java-1.8-openjdk/jre/lib/jce.jar:/usr/lib/jvm/java-1.8-openjdk/jre/lib/charsets.jar:/usr/lib/jvm/java-1.8-openjdk/jre/lib/jfr.jar:/usr/lib/jvm/java-1.8-openjdk/jre/classes"/>
    <property name="sun.management.compiler" value="HotSpot 64-Bit Tiered Compilers"/>
    <property name="java.runtime.version" value="1.8.0_212-b04"/>
    <property name="java.net.preferIPv4Stack" value="true"/>
    <property name="user.name" value="jenkins1000"/>
    <property name="path.separator" value=":"/>
    <property name="java.security.egd" value="file:///dev/urandom"/>
    <property name="os.version" value="3.10.0-957.12.2.el7.x86_64"/>
    <property name="java.endorsed.dirs" value="/usr/lib/jvm/java-1.8-openjdk/jre/lib/endorsed"/>
    <property name="java.runtime.name" value="OpenJDK Runtime Environment"/>
    <property name="file.encoding" value="UTF-8"/>
    <property name="java.vm.name" value="OpenJDK 64-Bit Server VM"/>
    <property name="test.build.webapps" value=""/>
    <property name="localRepository" value="/home/user/.m2/repository"/>
    <property name="java.vendor.url.bug" value="https://icedtea.classpath.org/bugzilla"/>
    <property name="java.io.tmpdir" value="/tmp"/>
    <property name="require.test.libhadoop" value=""/>
    <property name="java.version" value="1.8.0_212"/>
    <property name="user.dir" value="/workdir/hadoop-ozone/integration-test"/>
    <property name="os.arch" value="amd64"/>
    <property name="java.vm.specification.name" value="Java Virtual Machine Specification"/>
    <property name="test.build.classes" value="/workdir/hadoop-ozone/integration-test/target/test-classes"/>
    <property name="java.awt.printerjob" value="sun.print.PSPrinterJob"/>
    <property name="sun.os.patch.level" value="unknown"/>
    <property name="hadoop.tmp.dir" value="/workdir/hadoop-ozone/integration-test/target/tmp"/>
    <property name="java.library.path" value="/usr/lib/jvm/java-1.8-openjdk/jre/lib/amd64/server:/usr/lib/jvm/java-1.8-openjdk/jre/lib/amd64:/usr/lib/jvm/java-1.8-openjdk/jre/../lib/amd64:/workdir/hadoop-ozone/integration-test/target/native/target/usr/local/lib:/workdir/hadoop-ozone/integration-test/../../hadoop-common-project/hadoop-common/target/native/target/usr/local/lib:/usr/java/packages/lib/amd64:/usr/lib64:/lib64:/lib:/usr/lib"/>
    <property name="java.vm.info" value="mixed mode"/>
    <property name="java.vendor" value="IcedTea"/>
    <property name="java.vm.version" value="25.212-b04"/>
    <property name="java.ext.dirs" value="/usr/lib/jvm/java-1.8-openjdk/jre/lib/ext:/usr/java/packages/lib/ext"/>
    <property name="sun.io.unicode.encoding" value="UnicodeLittle"/>
    <property name="java.class.version" value="52.0"/>
  </properties>
  <testcase name="testContainerStateMachineFailures" classname="org.apache.hadoop.ozone.client.rpc.TestContainerStateMachineFailures" time="35.482"/>
  <testcase name="testUnhealthyContainer" classname="org.apache.hadoop.ozone.client.rpc.TestContainerStateMachineFailures" time="35.001"/>
  <testcase name="testApplyTransactionFailure" classname="org.apache.hadoop.ozone.client.rpc.TestContainerStateMachineFailures" time="6.428">
    <error message="Failed to command cmdType: CloseContainer&#10;containerID: 5&#10;datanodeUuid: &quot;60b8c34d-93e1-43c3-92e0-ac45aa8da79c&quot;&#10;closeContainer {&#10;}&#10;" type="java.io.IOException">java.io.IOException: 
Failed to command cmdType: CloseContainer
containerID: 5
datanodeUuid: "60b8c34d-93e1-43c3-92e0-ac45aa8da79c"
closeContainer {
}

	at org.apache.hadoop.hdds.scm.XceiverClientSpi.sendCommand(XceiverClientSpi.java:113)
	at org.apache.hadoop.ozone.client.rpc.TestContainerStateMachineFailures.testApplyTransactionFailure(TestContainerStateMachineFailures.java:329)
	at sun.reflect.NativeMethodAccessorImpl.invoke0(Native Method)
	at sun.reflect.NativeMethodAccessorImpl.invoke(NativeMethodAccessorImpl.java:62)
	at sun.reflect.DelegatingMethodAccessorImpl.invoke(DelegatingMethodAccessorImpl.java:43)
	at java.lang.reflect.Method.invoke(Method.java:498)
	at org.junit.runners.model.FrameworkMethod$1.runReflectiveCall(FrameworkMethod.java:47)
	at org.junit.internal.runners.model.ReflectiveCallable.run(ReflectiveCallable.java:12)
	at org.junit.runners.model.FrameworkMethod.invokeExplosively(FrameworkMethod.java:44)
	at org.junit.internal.runners.statements.InvokeMethod.evaluate(InvokeMethod.java:17)
	at org.junit.runners.ParentRunner.runLeaf(ParentRunner.java:271)
	at org.junit.runners.BlockJUnit4ClassRunner.runChild(BlockJUnit4ClassRunner.java:70)
	at org.junit.runners.BlockJUnit4ClassRunner.runChild(BlockJUnit4ClassRunner.java:50)
	at org.junit.runners.ParentRunner$3.run(ParentRunner.java:238)
	at org.junit.runners.ParentRunner$1.schedule(ParentRunner.java:63)
	at org.junit.runners.ParentRunner.runChildren(ParentRunner.java:236)
	at org.junit.runners.ParentRunner.access$000(ParentRunner.java:53)
	at org.junit.runners.ParentRunner$2.evaluate(ParentRunner.java:229)
	at org.junit.internal.runners.statements.RunBefores.evaluate(RunBefores.java:26)
	at org.junit.internal.runners.statements.RunAfters.evaluate(RunAfters.java:27)
	at org.junit.runners.ParentRunner.run(ParentRunner.java:309)
	at org.apache.maven.surefire.junit4.JUnit4Provider.execute(JUnit4Provider.java:365)
	at org.apache.maven.surefire.junit4.JUnit4Provider.executeWithRerun(JUnit4Provider.java:273)
	at org.apache.maven.surefire.junit4.JUnit4Provider.executeTestSet(JUnit4Provider.java:238)
	at org.apache.maven.surefire.junit4.JUnit4Provider.invoke(JUnit4Provider.java:159)
	at org.apache.maven.surefire.booter.ForkedBooter.invokeProviderInSameClassLoader(ForkedBooter.java:384)
	at org.apache.maven.surefire.booter.ForkedBooter.runSuitesInProcess(ForkedBooter.java:345)
	at org.apache.maven.surefire.booter.ForkedBooter.execute(ForkedBooter.java:126)
	at org.apache.maven.surefire.booter.ForkedBooter.main(ForkedBooter.java:418)
Caused by: java.util.concurrent.ExecutionException: org.apache.ratis.protocol.StateMachineException: org.apache.hadoop.hdds.scm.container.common.helpers.StorageContainerException: Error while creating/ updating .container file. ContainerID: 5
	at java.util.concurrent.CompletableFuture.reportGet(CompletableFuture.java:357)
	at java.util.concurrent.CompletableFuture.get(CompletableFuture.java:1895)
	at org.apache.hadoop.hdds.scm.XceiverClientSpi.sendCommand(XceiverClientSpi.java:110)
	... 28 more
Caused by: org.apache.ratis.protocol.StateMachineException: org.apache.hadoop.hdds.scm.container.common.helpers.StorageContainerException: Error while creating/ updating .container file. ContainerID: 5
	at org.apache.hadoop.ozone.container.common.transport.server.ratis.ContainerStateMachine.lambda$applyTransaction$7(ContainerStateMachine.java:709)
	at java.util.concurrent.CompletableFuture.uniApply(CompletableFuture.java:602)
	at java.util.concurrent.CompletableFuture$UniApply.tryFire(CompletableFuture.java:577)
	at java.util.concurrent.CompletableFuture.postComplete(CompletableFuture.java:474)
	at java.util.concurrent.CompletableFuture$AsyncSupply.run(CompletableFuture.java:1595)
	at java.util.concurrent.ThreadPoolExecutor.runWorker(ThreadPoolExecutor.java:1149)
	at java.util.concurrent.ThreadPoolExecutor$Worker.run(ThreadPoolExecutor.java:624)
	at java.lang.Thread.run(Thread.java:748)
</error>
    <system-out><![CDATA[2019-08-28 09:27:11,875 | INFO  | OMAudit | user=jenkins1000 | ip=127.0.0.1 | op=READ_VOLUME {volume=testcontainerstatemachinefailures} | ret=SUCCESS |  
2019-08-28 09:27:11,878 | INFO  | OMAudit | user=jenkins1000 | ip=127.0.0.1 | op=READ_BUCKET {volume=testcontainerstatemachinefailures, bucket=testcontainerstatemachinefailures} | ret=SUCCESS |  
2019-08-28 09:27:11,880 | INFO  | SCMAudit | user=jenkins1000 | ip=192.168.69.108 | op=SEND_HEARTBEAT {datanodeUUID=60b8c34d-93e1-43c3-92e0-ac45aa8da79c, command=[]} | ret=SUCCESS |  
2019-08-28 09:27:11,880 [EventQueue-CloseContainerForCloseContainerEventHandler] INFO  container.CloseContainerEventHandler (CloseContainerEventHandler.java:onMessage(61)) - Close container Event triggered for container : #3
2019-08-28 09:27:11,891 | INFO  | SCMAudit | user=jenkins1000 | ip=192.168.69.108 | op=ALLOCATE_BLOCK {owner=e86660fa-6db6-43d5-a55e-5ec02a18af0a, size=4194304, type=RATIS, factor=ONE} | ret=SUCCESS |  
2019-08-28 09:27:11,893 | INFO  | OMAudit | user=jenkins1000 | ip=127.0.0.1 | op=ALLOCATE_KEY {volume=testcontainerstatemachinefailures, bucket=testcontainerstatemachinefailures, key=ratis, dataSize=1024, replicationType=RATIS, replicationFactor=ONE, keyLocationInfo=null} | ret=SUCCESS |  
2019-08-28 09:27:11,913 [grpc-default-executor-1] INFO  client.GrpcClientProtocolClient (GrpcClientProtocolClient.java:onNext(255)) - client-BC1CF48B689E->60b8c34d-93e1-43c3-92e0-ac45aa8da79c: receive RaftClientReply:client-BC1CF48B689E->60b8c34d-93e1-43c3-92e0-ac45aa8da79c@group-FC7BB7D135BD, cid=22, FAILED org.apache.ratis.protocol.NotLeaderException: Server 60b8c34d-93e1-43c3-92e0-ac45aa8da79c is not the leader (null). Request must be sent to leader., logIndex=0, commits[60b8c34d-93e1-43c3-92e0-ac45aa8da79c:c-1]
2019-08-28 09:27:11,992 [Thread-301] INFO  impl.FollowerState (FollowerState.java:run(106)) - 60b8c34d-93e1-43c3-92e0-ac45aa8da79c:group-FE0D5618F444 changes to CANDIDATE, lastRpcTime:5115, electionTimeout:5115ms
2019-08-28 09:27:11,992 [Thread-301] INFO  impl.RoleInfo (RoleInfo.java:shutdownFollowerState(121)) - 60b8c34d-93e1-43c3-92e0-ac45aa8da79c: shutdown FollowerState
2019-08-28 09:27:11,992 [Thread-301] INFO  impl.RaftServerImpl (RaftServerImpl.java:setRole(171)) - 60b8c34d-93e1-43c3-92e0-ac45aa8da79c:group-FE0D5618F444 changes role from FOLLOWER to CANDIDATE at term 1 for changeToCandidate
2019-08-28 09:27:11,992 [Thread-301] INFO  impl.RoleInfo (RoleInfo.java:updateAndGet(143)) - 60b8c34d-93e1-43c3-92e0-ac45aa8da79c: start LeaderElection
2019-08-28 09:27:12,009 [60b8c34d-93e1-43c3-92e0-ac45aa8da79c:group-FE0D5618F444:LeaderElection6] INFO  impl.LeaderElection (LeaderElection.java:askForVotes(181)) - 60b8c34d-93e1-43c3-92e0-ac45aa8da79c:group-FE0D5618F444:LeaderElection6: begin an election at term 2 for 0: [60b8c34d-93e1-43c3-92e0-ac45aa8da79c:192.168.69.108:43568], old=null
2019-08-28 09:27:12,010 [60b8c34d-93e1-43c3-92e0-ac45aa8da79c:group-FE0D5618F444:LeaderElection6] INFO  impl.RoleInfo (RoleInfo.java:shutdownLeaderElection(134)) - 60b8c34d-93e1-43c3-92e0-ac45aa8da79c: shutdown LeaderElection
2019-08-28 09:27:12,010 [60b8c34d-93e1-43c3-92e0-ac45aa8da79c:group-FE0D5618F444:LeaderElection6] INFO  impl.RaftServerImpl (RaftServerImpl.java:setRole(171)) - 60b8c34d-93e1-43c3-92e0-ac45aa8da79c:group-FE0D5618F444 changes role from CANDIDATE to LEADER at term 2 for changeToLeader
2019-08-28 09:27:12,010 [60b8c34d-93e1-43c3-92e0-ac45aa8da79c:group-FE0D5618F444:LeaderElection6] INFO  impl.RaftServerImpl (ServerState.java:setLeader(263)) - 60b8c34d-93e1-43c3-92e0-ac45aa8da79c:group-FE0D5618F444 change Leader from null to 60b8c34d-93e1-43c3-92e0-ac45aa8da79c at term 2 for becomeLeader, leader elected after 7365ms
2019-08-28 09:27:12,010 [60b8c34d-93e1-43c3-92e0-ac45aa8da79c:group-FE0D5618F444:LeaderElection6] INFO  server.RaftServerConfigKeys (ConfUtils.java:logGet(43)) - raft.server.staging.catchup.gap = 1000 (default)
2019-08-28 09:27:12,010 [60b8c34d-93e1-43c3-92e0-ac45aa8da79c:group-FE0D5618F444:LeaderElection6] INFO  server.RaftServerConfigKeys (ConfUtils.java:logGet(43)) - raft.server.rpc.sleep.time = 25ms (default)
2019-08-28 09:27:12,010 [60b8c34d-93e1-43c3-92e0-ac45aa8da79c:group-FE0D5618F444:LeaderElection6] INFO  server.RaftServerConfigKeys (ConfUtils.java:logGet(43)) - raft.server.write.element-limit = 4096 (default)
2019-08-28 09:27:12,011 [60b8c34d-93e1-43c3-92e0-ac45aa8da79c:group-FE0D5618F444:LeaderElection6] INFO  server.RaftServerConfigKeys (ConfUtils.java:logGet(43)) - raft.server.watch.timeout = 10s (default)
2019-08-28 09:27:12,011 [60b8c34d-93e1-43c3-92e0-ac45aa8da79c:group-FE0D5618F444:LeaderElection6] INFO  server.RaftServerConfigKeys (ConfUtils.java:logGet(43)) - raft.server.watch.timeout.denomination = 1s (default)
2019-08-28 09:27:12,011 [60b8c34d-93e1-43c3-92e0-ac45aa8da79c:group-FE0D5618F444:LeaderElection6] INFO  server.RaftServerConfigKeys (ConfUtils.java:logGet(43)) - raft.server.watch.element-limit = 65536 (default)
2019-08-28 09:27:12,011 [60b8c34d-93e1-43c3-92e0-ac45aa8da79c:group-FE0D5618F444:LeaderElection6] INFO  impl.RoleInfo (RoleInfo.java:updateAndGet(143)) - 60b8c34d-93e1-43c3-92e0-ac45aa8da79c: start LeaderState
2019-08-28 09:27:12,012 [60b8c34d-93e1-43c3-92e0-ac45aa8da79c:group-FE0D5618F444:LeaderElection6] INFO  segmented.SegmentedRaftLogWorker (SegmentedRaftLogWorker.java:rollLogSegment(385)) - 60b8c34d-93e1-43c3-92e0-ac45aa8da79c-SegmentedRaftLogWorker:Storage Directory /workdir/hadoop-ozone/integration-test/target/test-dir/MiniOzoneClusterImpl-81fb31f3-2d00-4001-aea2-7e0e6d74e0cb/datanode-0/data/ratis/3fa42058-90a4-46c6-909b-fe0d5618f444: Rolling segment log-0_4 to index:4
2019-08-28 09:27:12,013 [60b8c34d-93e1-43c3-92e0-ac45aa8da79c:group-FE0D5618F444:LeaderElection6] INFO  impl.RaftServerImpl (ServerState.java:setRaftConf(361)) - 60b8c34d-93e1-43c3-92e0-ac45aa8da79c:group-FE0D5618F444 set configuration 5: [60b8c34d-93e1-43c3-92e0-ac45aa8da79c:192.168.69.108:43568], old=null at 5
2019-08-28 09:27:12,013 [60b8c34d-93e1-43c3-92e0-ac45aa8da79c-SegmentedRaftLogWorker:Storage Directory /workdir/hadoop-ozone/integration-test/target/test-dir/MiniOzoneClusterImpl-81fb31f3-2d00-4001-aea2-7e0e6d74e0cb/datanode-0/data/ratis/3fa42058-90a4-46c6-909b-fe0d5618f444] INFO  segmented.SegmentedRaftLogWorker (SegmentedRaftLogWorker.java:execute(526)) - 60b8c34d-93e1-43c3-92e0-ac45aa8da79c-SegmentedRaftLogWorker:Storage Directory /workdir/hadoop-ozone/integration-test/target/test-dir/MiniOzoneClusterImpl-81fb31f3-2d00-4001-aea2-7e0e6d74e0cb/datanode-0/data/ratis/3fa42058-90a4-46c6-909b-fe0d5618f444: Rolled log segment from /workdir/hadoop-ozone/integration-test/target/test-dir/MiniOzoneClusterImpl-81fb31f3-2d00-4001-aea2-7e0e6d74e0cb/datanode-0/data/ratis/3fa42058-90a4-46c6-909b-fe0d5618f444/current/log_inprogress_0 to /workdir/hadoop-ozone/integration-test/target/test-dir/MiniOzoneClusterImpl-81fb31f3-2d00-4001-aea2-7e0e6d74e0cb/datanode-0/data/ratis/3fa42058-90a4-46c6-909b-fe0d5618f444/current/log_0-4
2019-08-28 09:27:12,064 [60b8c34d-93e1-43c3-92e0-ac45aa8da79c-SegmentedRaftLogWorker:Storage Directory /workdir/hadoop-ozone/integration-test/target/test-dir/MiniOzoneClusterImpl-81fb31f3-2d00-4001-aea2-7e0e6d74e0cb/datanode-0/data/ratis/3fa42058-90a4-46c6-909b-fe0d5618f444] INFO  segmented.SegmentedRaftLogWorker (SegmentedRaftLogWorker.java:execute(569)) - 60b8c34d-93e1-43c3-92e0-ac45aa8da79c-SegmentedRaftLogWorker:Storage Directory /workdir/hadoop-ozone/integration-test/target/test-dir/MiniOzoneClusterImpl-81fb31f3-2d00-4001-aea2-7e0e6d74e0cb/datanode-0/data/ratis/3fa42058-90a4-46c6-909b-fe0d5618f444: created new log segment /workdir/hadoop-ozone/integration-test/target/test-dir/MiniOzoneClusterImpl-81fb31f3-2d00-4001-aea2-7e0e6d74e0cb/datanode-0/data/ratis/3fa42058-90a4-46c6-909b-fe0d5618f444/current/log_inprogress_5
2019-08-28 09:27:12,076 [StateMachineUpdater:60b8c34d-93e1-43c3-92e0-ac45aa8da79c:group-FE0D5618F444] INFO  ratis.ContainerStateMachine (ContainerStateMachine.java:takeSnapshot(284)) - group-FE0D5618F444: Taking a snapshot at:(t:1, i:3) file /workdir/hadoop-ozone/integration-test/target/test-dir/MiniOzoneClusterImpl-81fb31f3-2d00-4001-aea2-7e0e6d74e0cb/datanode-0/data/ratis/3fa42058-90a4-46c6-909b-fe0d5618f444/sm/snapshot.1_3
2019-08-28 09:27:12,081 | INFO  | SCMAudit | user=jenkins1000 | ip=192.168.69.108 | op=SEND_HEARTBEAT {datanodeUUID=60b8c34d-93e1-43c3-92e0-ac45aa8da79c, command=[commandType: closeContainerCommand closeContainerCommandProto { containerID: 3 pipelineID { id: "d486069b-0e2d-4e12-9285-665c0216f175" } cmdId: 3 force: false } ]} | ret=SUCCESS |  
2019-08-28 09:27:12,088 [StateMachineUpdater:60b8c34d-93e1-43c3-92e0-ac45aa8da79c:group-FE0D5618F444] INFO  ratis.ContainerStateMachine (ContainerStateMachine.java:takeSnapshot(295)) - group-FE0D5618F444: Finished taking a snapshot at:(t:1, i:3) file:/workdir/hadoop-ozone/integration-test/target/test-dir/MiniOzoneClusterImpl-81fb31f3-2d00-4001-aea2-7e0e6d74e0cb/datanode-0/data/ratis/3fa42058-90a4-46c6-909b-fe0d5618f444/sm/snapshot.1_3 time:12
2019-08-28 09:27:12,089 [StateMachineUpdater:60b8c34d-93e1-43c3-92e0-ac45aa8da79c:group-FE0D5618F444] INFO  impl.StateMachineUpdater (StateMachineUpdater.java:takeSnapshot(242)) - StateMachineUpdater:60b8c34d-93e1-43c3-92e0-ac45aa8da79c:group-FE0D5618F444: Took a snapshot at index 3
2019-08-28 09:27:12,089 [StateMachineUpdater:60b8c34d-93e1-43c3-92e0-ac45aa8da79c:group-FE0D5618F444] INFO  impl.StateMachineUpdater (StateMachineUpdater.java:lambda$new$0(80)) - StateMachineUpdater:60b8c34d-93e1-43c3-92e0-ac45aa8da79c:group-FE0D5618F444: snapshotIndex: updateIncreasingly 3 -> 3
2019-08-28 09:27:12,089 [StateMachineUpdater:60b8c34d-93e1-43c3-92e0-ac45aa8da79c:group-FE0D5618F444] INFO  ratis.ContainerStateMachine (ContainerStateMachine.java:takeSnapshot(284)) - group-FE0D5618F444: Taking a snapshot at:(t:1, i:3) file /workdir/hadoop-ozone/integration-test/target/test-dir/MiniOzoneClusterImpl-81fb31f3-2d00-4001-aea2-7e0e6d74e0cb/datanode-0/data/ratis/3fa42058-90a4-46c6-909b-fe0d5618f444/sm/snapshot.1_3
2019-08-28 09:27:12,102 [StateMachineUpdater:60b8c34d-93e1-43c3-92e0-ac45aa8da79c:group-FE0D5618F444] INFO  ratis.ContainerStateMachine (ContainerStateMachine.java:takeSnapshot(295)) - group-FE0D5618F444: Finished taking a snapshot at:(t:1, i:3) file:/workdir/hadoop-ozone/integration-test/target/test-dir/MiniOzoneClusterImpl-81fb31f3-2d00-4001-aea2-7e0e6d74e0cb/datanode-0/data/ratis/3fa42058-90a4-46c6-909b-fe0d5618f444/sm/snapshot.1_3 time:12
2019-08-28 09:27:12,102 [StateMachineUpdater:60b8c34d-93e1-43c3-92e0-ac45aa8da79c:group-FE0D5618F444] INFO  impl.StateMachineUpdater (StateMachineUpdater.java:takeSnapshot(242)) - StateMachineUpdater:60b8c34d-93e1-43c3-92e0-ac45aa8da79c:group-FE0D5618F444: Took a snapshot at index 3
2019-08-28 09:27:12,102 [StateMachineUpdater:60b8c34d-93e1-43c3-92e0-ac45aa8da79c:group-FE0D5618F444] INFO  impl.StateMachineUpdater (StateMachineUpdater.java:lambda$new$0(80)) - StateMachineUpdater:60b8c34d-93e1-43c3-92e0-ac45aa8da79c:group-FE0D5618F444: snapshotIndex: updateIncreasingly 3 -> 3
2019-08-28 09:27:12,281 | INFO  | SCMAudit | user=jenkins1000 | ip=192.168.69.108 | op=SEND_HEARTBEAT {datanodeUUID=60b8c34d-93e1-43c3-92e0-ac45aa8da79c, command=[]} | ret=SUCCESS |  
2019-08-28 09:27:12,482 | INFO  | SCMAudit | user=jenkins1000 | ip=192.168.69.108 | op=SEND_HEARTBEAT {datanodeUUID=60b8c34d-93e1-43c3-92e0-ac45aa8da79c, command=[]} | ret=SUCCESS |  
2019-08-28 09:27:12,496 [grpc-default-executor-1] INFO  impl.RaftServerProxy (RaftServerProxy.java:remove(95)) - 60b8c34d-93e1-43c3-92e0-ac45aa8da79c: remove   LEADER group-FE0D5618F444 60b8c34d-93e1-43c3-92e0-ac45aa8da79c:t2, leader=60b8c34d-93e1-43c3-92e0-ac45aa8da79c, voted=60b8c34d-93e1-43c3-92e0-ac45aa8da79c, raftlog=60b8c34d-93e1-43c3-92e0-ac45aa8da79c-SegmentedRaftLog:OPENED:c6,f6,i6, conf=5: [60b8c34d-93e1-43c3-92e0-ac45aa8da79c:192.168.69.108:43568], old=null RUNNING
2019-08-28 09:27:12,497 [grpc-default-executor-1] INFO  impl.RaftServerImpl (RaftServerImpl.java:lambda$shutdown$3(245)) - 60b8c34d-93e1-43c3-92e0-ac45aa8da79c: shutdown group-FE0D5618F444
2019-08-28 09:27:12,497 [grpc-default-executor-1] INFO  util.JmxRegister (JmxRegister.java:unregister(73)) - Successfully un-registered JMX Bean with object name Ratis:service=RaftServer,group=group-FE0D5618F444,id=60b8c34d-93e1-43c3-92e0-ac45aa8da79c
2019-08-28 09:27:12,498 [grpc-default-executor-1] INFO  impl.RoleInfo (RoleInfo.java:shutdownLeaderState(104)) - 60b8c34d-93e1-43c3-92e0-ac45aa8da79c: shutdown LeaderState
2019-08-28 09:27:12,498 [grpc-default-executor-1] INFO  impl.PendingRequests (PendingRequests.java:sendNotLeaderResponses(202)) - 60b8c34d-93e1-43c3-92e0-ac45aa8da79c-PendingRequests: sendNotLeaderResponses
2019-08-28 09:27:12,502 [grpc-default-executor-1] INFO  impl.StateMachineUpdater (StateMachineUpdater.java:stopAndJoin(115)) - StateMachineUpdater:60b8c34d-93e1-43c3-92e0-ac45aa8da79c:group-FE0D5618F444: set stopIndex = 6
2019-08-28 09:27:12,502 [StateMachineUpdater:60b8c34d-93e1-43c3-92e0-ac45aa8da79c:group-FE0D5618F444] INFO  ratis.ContainerStateMachine (ContainerStateMachine.java:takeSnapshot(284)) - group-FE0D5618F444: Taking a snapshot at:(t:1, i:3) file /workdir/hadoop-ozone/integration-test/target/test-dir/MiniOzoneClusterImpl-81fb31f3-2d00-4001-aea2-7e0e6d74e0cb/datanode-0/data/ratis/3fa42058-90a4-46c6-909b-fe0d5618f444/sm/snapshot.1_3
2019-08-28 09:27:12,515 [StateMachineUpdater:60b8c34d-93e1-43c3-92e0-ac45aa8da79c:group-FE0D5618F444] INFO  ratis.ContainerStateMachine (ContainerStateMachine.java:takeSnapshot(295)) - group-FE0D5618F444: Finished taking a snapshot at:(t:1, i:3) file:/workdir/hadoop-ozone/integration-test/target/test-dir/MiniOzoneClusterImpl-81fb31f3-2d00-4001-aea2-7e0e6d74e0cb/datanode-0/data/ratis/3fa42058-90a4-46c6-909b-fe0d5618f444/sm/snapshot.1_3 time:13
2019-08-28 09:27:12,515 [StateMachineUpdater:60b8c34d-93e1-43c3-92e0-ac45aa8da79c:group-FE0D5618F444] INFO  impl.StateMachineUpdater (StateMachineUpdater.java:takeSnapshot(242)) - StateMachineUpdater:60b8c34d-93e1-43c3-92e0-ac45aa8da79c:group-FE0D5618F444: Took a snapshot at index 3
2019-08-28 09:27:12,515 [StateMachineUpdater:60b8c34d-93e1-43c3-92e0-ac45aa8da79c:group-FE0D5618F444] INFO  impl.StateMachineUpdater (StateMachineUpdater.java:lambda$new$0(80)) - StateMachineUpdater:60b8c34d-93e1-43c3-92e0-ac45aa8da79c:group-FE0D5618F444: snapshotIndex: updateIncreasingly 3 -> 3
2019-08-28 09:27:12,516 [grpc-default-executor-1] INFO  impl.RaftServerImpl (ServerState.java:close(394)) - 60b8c34d-93e1-43c3-92e0-ac45aa8da79c:group-FE0D5618F444 closes. The last applied log index is 6
2019-08-28 09:27:12,516 [60b8c34d-93e1-43c3-92e0-ac45aa8da79c-SegmentedRaftLogWorker:Storage Directory /workdir/hadoop-ozone/integration-test/target/test-dir/MiniOzoneClusterImpl-81fb31f3-2d00-4001-aea2-7e0e6d74e0cb/datanode-0/data/ratis/3fa42058-90a4-46c6-909b-fe0d5618f444] INFO  segmented.SegmentedRaftLogWorker (SegmentedRaftLogWorker.java:run(313)) - 60b8c34d-93e1-43c3-92e0-ac45aa8da79c-SegmentedRaftLogWorker:Storage Directory /workdir/hadoop-ozone/integration-test/target/test-dir/MiniOzoneClusterImpl-81fb31f3-2d00-4001-aea2-7e0e6d74e0cb/datanode-0/data/ratis/3fa42058-90a4-46c6-909b-fe0d5618f444 was interrupted, exiting. There are 0 tasks remaining in the queue.
2019-08-28 09:27:12,518 [grpc-default-executor-1] INFO  segmented.SegmentedRaftLogWorker (SegmentedRaftLogWorker.java:close(228)) - 60b8c34d-93e1-43c3-92e0-ac45aa8da79c-SegmentedRaftLogWorker:Storage Directory /workdir/hadoop-ozone/integration-test/target/test-dir/MiniOzoneClusterImpl-81fb31f3-2d00-4001-aea2-7e0e6d74e0cb/datanode-0/data/ratis/3fa42058-90a4-46c6-909b-fe0d5618f444 close()
2019-08-28 09:27:12,530 [RatisPipelineUtilsThread] INFO  pipeline.PipelineStateManager (PipelineStateManager.java:removePipeline(108)) - Pipeline Pipeline[ Id: 3fa42058-90a4-46c6-909b-fe0d5618f444, Nodes: 60b8c34d-93e1-43c3-92e0-ac45aa8da79c{ip: 192.168.69.108, host: pr-hdds-1094-85qxc-974882988, networkLocation: /default-rack, certSerialId: null}, Type:RATIS, Factor:ONE, State:CLOSED] removed from db
2019-08-28 09:27:12,682 | INFO  | SCMAudit | user=jenkins1000 | ip=192.168.69.108 | op=SEND_HEARTBEAT {datanodeUUID=60b8c34d-93e1-43c3-92e0-ac45aa8da79c, command=[]} | ret=SUCCESS |  
2019-08-28 09:27:12,882 | INFO  | SCMAudit | user=jenkins1000 | ip=192.168.69.108 | op=SEND_HEARTBEAT {datanodeUUID=60b8c34d-93e1-43c3-92e0-ac45aa8da79c, command=[]} | ret=SUCCESS |  
2019-08-28 09:27:13,079 [Command processor thread] ERROR commandhandler.CloseContainerCommandHandler (CloseContainerCommandHandler.java:handle(124)) - Can't close container #3
org.apache.hadoop.hdds.scm.container.common.helpers.StorageContainerException: Cannot quasi close container #3 while in UNHEALTHY state.
	at org.apache.hadoop.ozone.container.keyvalue.KeyValueHandler.quasiCloseContainer(KeyValueHandler.java:906)
	at org.apache.hadoop.ozone.container.ozoneimpl.ContainerController.quasiCloseContainer(ContainerController.java:107)
	at org.apache.hadoop.ozone.container.common.statemachine.commandhandler.CloseContainerCommandHandler.handle(CloseContainerCommandHandler.java:116)
	at org.apache.hadoop.ozone.container.common.statemachine.commandhandler.CommandDispatcher.handle(CommandDispatcher.java:99)
	at org.apache.hadoop.ozone.container.common.statemachine.DatanodeStateMachine.lambda$initCommandHandlerThread$1(DatanodeStateMachine.java:432)
	at java.lang.Thread.run(Thread.java:748)
2019-08-28 09:27:13,083 | INFO  | SCMAudit | user=jenkins1000 | ip=192.168.69.108 | op=SEND_HEARTBEAT {datanodeUUID=60b8c34d-93e1-43c3-92e0-ac45aa8da79c, command=[]} | ret=SUCCESS |  
2019-08-28 09:27:13,283 | INFO  | SCMAudit | user=jenkins1000 | ip=192.168.69.108 | op=SEND_HEARTBEAT {datanodeUUID=60b8c34d-93e1-43c3-92e0-ac45aa8da79c, command=[]} | ret=SUCCESS |  
2019-08-28 09:27:13,483 | INFO  | SCMAudit | user=jenkins1000 | ip=192.168.69.108 | op=SEND_HEARTBEAT {datanodeUUID=60b8c34d-93e1-43c3-92e0-ac45aa8da79c, command=[]} | ret=SUCCESS |  
2019-08-28 09:27:13,683 | INFO  | SCMAudit | user=jenkins1000 | ip=192.168.69.108 | op=SEND_HEARTBEAT {datanodeUUID=60b8c34d-93e1-43c3-92e0-ac45aa8da79c, command=[]} | ret=SUCCESS |  
2019-08-28 09:27:13,883 | INFO  | SCMAudit | user=jenkins1000 | ip=192.168.69.108 | op=SEND_HEARTBEAT {datanodeUUID=60b8c34d-93e1-43c3-92e0-ac45aa8da79c, command=[]} | ret=SUCCESS |  
2019-08-28 09:27:13,938 [grpc-default-executor-0] INFO  client.GrpcClientProtocolClient (GrpcClientProtocolClient.java:onNext(255)) - client-BC1CF48B689E->60b8c34d-93e1-43c3-92e0-ac45aa8da79c: receive RaftClientReply:client-BC1CF48B689E->60b8c34d-93e1-43c3-92e0-ac45aa8da79c@group-FC7BB7D135BD, cid=22, FAILED org.apache.ratis.protocol.NotLeaderException: Server 60b8c34d-93e1-43c3-92e0-ac45aa8da79c is not the leader (null). Request must be sent to leader., logIndex=0, commits[60b8c34d-93e1-43c3-92e0-ac45aa8da79c:c-1]
2019-08-28 09:27:14,083 | INFO  | SCMAudit | user=jenkins1000 | ip=192.168.69.108 | op=SEND_HEARTBEAT {datanodeUUID=60b8c34d-93e1-43c3-92e0-ac45aa8da79c, command=[]} | ret=SUCCESS |  
2019-08-28 09:27:14,283 | INFO  | SCMAudit | user=jenkins1000 | ip=192.168.69.108 | op=SEND_HEARTBEAT {datanodeUUID=60b8c34d-93e1-43c3-92e0-ac45aa8da79c, command=[]} | ret=SUCCESS |  
2019-08-28 09:27:14,483 | INFO  | SCMAudit | user=jenkins1000 | ip=192.168.69.108 | op=SEND_HEARTBEAT {datanodeUUID=60b8c34d-93e1-43c3-92e0-ac45aa8da79c, command=[]} | ret=SUCCESS |  
2019-08-28 09:27:14,683 | INFO  | SCMAudit | user=jenkins1000 | ip=192.168.69.108 | op=SEND_HEARTBEAT {datanodeUUID=60b8c34d-93e1-43c3-92e0-ac45aa8da79c, command=[]} | ret=SUCCESS |  
2019-08-28 09:27:14,883 | INFO  | SCMAudit | user=jenkins1000 | ip=192.168.69.108 | op=SEND_HEARTBEAT {datanodeUUID=60b8c34d-93e1-43c3-92e0-ac45aa8da79c, command=[]} | ret=SUCCESS |  
2019-08-28 09:27:15,083 | INFO  | SCMAudit | user=jenkins1000 | ip=192.168.69.108 | op=SEND_HEARTBEAT {datanodeUUID=60b8c34d-93e1-43c3-92e0-ac45aa8da79c, command=[]} | ret=SUCCESS |  
2019-08-28 09:27:15,283 | INFO  | SCMAudit | user=jenkins1000 | ip=192.168.69.108 | op=SEND_HEARTBEAT {datanodeUUID=60b8c34d-93e1-43c3-92e0-ac45aa8da79c, command=[]} | ret=SUCCESS |  
2019-08-28 09:27:15,483 | INFO  | SCMAudit | user=jenkins1000 | ip=192.168.69.108 | op=SEND_HEARTBEAT {datanodeUUID=60b8c34d-93e1-43c3-92e0-ac45aa8da79c, command=[]} | ret=SUCCESS |  
2019-08-28 09:27:15,683 | INFO  | SCMAudit | user=jenkins1000 | ip=192.168.69.108 | op=SEND_HEARTBEAT {datanodeUUID=60b8c34d-93e1-43c3-92e0-ac45aa8da79c, command=[]} | ret=SUCCESS |  
2019-08-28 09:27:15,884 | INFO  | SCMAudit | user=jenkins1000 | ip=192.168.69.108 | op=SEND_HEARTBEAT {datanodeUUID=60b8c34d-93e1-43c3-92e0-ac45aa8da79c, command=[]} | ret=SUCCESS |  
2019-08-28 09:27:15,963 [grpc-default-executor-0] INFO  client.GrpcClientProtocolClient (GrpcClientProtocolClient.java:onNext(255)) - client-BC1CF48B689E->60b8c34d-93e1-43c3-92e0-ac45aa8da79c: receive RaftClientReply:client-BC1CF48B689E->60b8c34d-93e1-43c3-92e0-ac45aa8da79c@group-FC7BB7D135BD, cid=22, FAILED org.apache.ratis.protocol.NotLeaderException: Server 60b8c34d-93e1-43c3-92e0-ac45aa8da79c is not the leader (null). Request must be sent to leader., logIndex=0, commits[60b8c34d-93e1-43c3-92e0-ac45aa8da79c:c-1]
2019-08-28 09:27:16,008 [Thread-305] INFO  impl.FollowerState (FollowerState.java:run(106)) - 60b8c34d-93e1-43c3-92e0-ac45aa8da79c:group-FC7BB7D135BD changes to CANDIDATE, lastRpcTime:5058, electionTimeout:5058ms
2019-08-28 09:27:16,009 [Thread-305] INFO  impl.RoleInfo (RoleInfo.java:shutdownFollowerState(121)) - 60b8c34d-93e1-43c3-92e0-ac45aa8da79c: shutdown FollowerState
2019-08-28 09:27:16,009 [Thread-305] INFO  impl.RaftServerImpl (RaftServerImpl.java:setRole(171)) - 60b8c34d-93e1-43c3-92e0-ac45aa8da79c:group-FC7BB7D135BD changes role from FOLLOWER to CANDIDATE at term 0 for changeToCandidate
2019-08-28 09:27:16,009 [Thread-305] INFO  impl.RoleInfo (RoleInfo.java:updateAndGet(143)) - 60b8c34d-93e1-43c3-92e0-ac45aa8da79c: start LeaderElection
2019-08-28 09:27:16,026 [60b8c34d-93e1-43c3-92e0-ac45aa8da79c:group-FC7BB7D135BD:LeaderElection7] INFO  impl.LeaderElection (LeaderElection.java:askForVotes(181)) - 60b8c34d-93e1-43c3-92e0-ac45aa8da79c:group-FC7BB7D135BD:LeaderElection7: begin an election at term 1 for -1: [60b8c34d-93e1-43c3-92e0-ac45aa8da79c:192.168.69.108:43568], old=null
2019-08-28 09:27:16,027 [60b8c34d-93e1-43c3-92e0-ac45aa8da79c:group-FC7BB7D135BD:LeaderElection7] INFO  impl.RoleInfo (RoleInfo.java:shutdownLeaderElection(134)) - 60b8c34d-93e1-43c3-92e0-ac45aa8da79c: shutdown LeaderElection
2019-08-28 09:27:16,027 [60b8c34d-93e1-43c3-92e0-ac45aa8da79c:group-FC7BB7D135BD:LeaderElection7] INFO  impl.RaftServerImpl (RaftServerImpl.java:setRole(171)) - 60b8c34d-93e1-43c3-92e0-ac45aa8da79c:group-FC7BB7D135BD changes role from CANDIDATE to LEADER at term 1 for changeToLeader
2019-08-28 09:27:16,027 [60b8c34d-93e1-43c3-92e0-ac45aa8da79c:group-FC7BB7D135BD:LeaderElection7] INFO  impl.RaftServerImpl (ServerState.java:setLeader(263)) - 60b8c34d-93e1-43c3-92e0-ac45aa8da79c:group-FC7BB7D135BD change Leader from null to 60b8c34d-93e1-43c3-92e0-ac45aa8da79c at term 1 for becomeLeader, leader elected after 5083ms
2019-08-28 09:27:16,028 [60b8c34d-93e1-43c3-92e0-ac45aa8da79c:group-FC7BB7D135BD:LeaderElection7] INFO  server.RaftServerConfigKeys (ConfUtils.java:logGet(43)) - raft.server.staging.catchup.gap = 1000 (default)
2019-08-28 09:27:16,028 [60b8c34d-93e1-43c3-92e0-ac45aa8da79c:group-FC7BB7D135BD:LeaderElection7] INFO  server.RaftServerConfigKeys (ConfUtils.java:logGet(43)) - raft.server.rpc.sleep.time = 25ms (default)
2019-08-28 09:27:16,028 [60b8c34d-93e1-43c3-92e0-ac45aa8da79c:group-FC7BB7D135BD:LeaderElection7] INFO  server.RaftServerConfigKeys (ConfUtils.java:logGet(43)) - raft.server.write.element-limit = 4096 (default)
2019-08-28 09:27:16,028 [60b8c34d-93e1-43c3-92e0-ac45aa8da79c:group-FC7BB7D135BD:LeaderElection7] INFO  server.RaftServerConfigKeys (ConfUtils.java:logGet(43)) - raft.server.watch.timeout = 10s (default)
2019-08-28 09:27:16,028 [60b8c34d-93e1-43c3-92e0-ac45aa8da79c:group-FC7BB7D135BD:LeaderElection7] INFO  server.RaftServerConfigKeys (ConfUtils.java:logGet(43)) - raft.server.watch.timeout.denomination = 1s (default)
2019-08-28 09:27:16,029 [60b8c34d-93e1-43c3-92e0-ac45aa8da79c:group-FC7BB7D135BD:LeaderElection7] INFO  server.RaftServerConfigKeys (ConfUtils.java:logGet(43)) - raft.server.watch.element-limit = 65536 (default)
2019-08-28 09:27:16,029 [60b8c34d-93e1-43c3-92e0-ac45aa8da79c:group-FC7BB7D135BD:LeaderElection7] INFO  impl.RoleInfo (RoleInfo.java:updateAndGet(143)) - 60b8c34d-93e1-43c3-92e0-ac45aa8da79c: start LeaderState
2019-08-28 09:27:16,029 [60b8c34d-93e1-43c3-92e0-ac45aa8da79c:group-FC7BB7D135BD:LeaderElection7] INFO  segmented.SegmentedRaftLogWorker (SegmentedRaftLogWorker.java:startLogSegment(380)) - 60b8c34d-93e1-43c3-92e0-ac45aa8da79c-SegmentedRaftLogWorker:Storage Directory /workdir/hadoop-ozone/integration-test/target/test-dir/MiniOzoneClusterImpl-81fb31f3-2d00-4001-aea2-7e0e6d74e0cb/datanode-0/data/ratis/ff9d4623-a8d1-4a52-a17d-fc7bb7d135bd: Starting segment from index:0
2019-08-28 09:27:16,030 [60b8c34d-93e1-43c3-92e0-ac45aa8da79c:group-FC7BB7D135BD:LeaderElection7] INFO  impl.RaftServerImpl (ServerState.java:setRaftConf(361)) - 60b8c34d-93e1-43c3-92e0-ac45aa8da79c:group-FC7BB7D135BD set configuration 0: [60b8c34d-93e1-43c3-92e0-ac45aa8da79c:192.168.69.108:43568], old=null at 0
2019-08-28 09:27:16,082 [60b8c34d-93e1-43c3-92e0-ac45aa8da79c-SegmentedRaftLogWorker:Storage Directory /workdir/hadoop-ozone/integration-test/target/test-dir/MiniOzoneClusterImpl-81fb31f3-2d00-4001-aea2-7e0e6d74e0cb/datanode-0/data/ratis/ff9d4623-a8d1-4a52-a17d-fc7bb7d135bd] INFO  segmented.SegmentedRaftLogWorker (SegmentedRaftLogWorker.java:execute(569)) - 60b8c34d-93e1-43c3-92e0-ac45aa8da79c-SegmentedRaftLogWorker:Storage Directory /workdir/hadoop-ozone/integration-test/target/test-dir/MiniOzoneClusterImpl-81fb31f3-2d00-4001-aea2-7e0e6d74e0cb/datanode-0/data/ratis/ff9d4623-a8d1-4a52-a17d-fc7bb7d135bd: created new log segment /workdir/hadoop-ozone/integration-test/target/test-dir/MiniOzoneClusterImpl-81fb31f3-2d00-4001-aea2-7e0e6d74e0cb/datanode-0/data/ratis/ff9d4623-a8d1-4a52-a17d-fc7bb7d135bd/current/log_inprogress_0
2019-08-28 09:27:16,084 | INFO  | SCMAudit | user=jenkins1000 | ip=192.168.69.108 | op=SEND_HEARTBEAT {datanodeUUID=60b8c34d-93e1-43c3-92e0-ac45aa8da79c, command=[]} | ret=SUCCESS |  
2019-08-28 09:27:16,284 | INFO  | SCMAudit | user=jenkins1000 | ip=192.168.69.108 | op=SEND_HEARTBEAT {datanodeUUID=60b8c34d-93e1-43c3-92e0-ac45aa8da79c, command=[]} | ret=SUCCESS |  
2019-08-28 09:27:16,483 | INFO  | SCMAudit | user=jenkins1000 | ip=192.168.69.108 | op=SEND_HEARTBEAT {datanodeUUID=60b8c34d-93e1-43c3-92e0-ac45aa8da79c, command=[]} | ret=SUCCESS |  
2019-08-28 09:27:16,684 | INFO  | SCMAudit | user=jenkins1000 | ip=192.168.69.108 | op=SEND_HEARTBEAT {datanodeUUID=60b8c34d-93e1-43c3-92e0-ac45aa8da79c, command=[]} | ret=SUCCESS |  
2019-08-28 09:27:16,884 | INFO  | SCMAudit | user=jenkins1000 | ip=192.168.69.108 | op=SEND_HEARTBEAT {datanodeUUID=60b8c34d-93e1-43c3-92e0-ac45aa8da79c, command=[]} | ret=SUCCESS |  
2019-08-28 09:27:17,084 | INFO  | SCMAudit | user=jenkins1000 | ip=192.168.69.108 | op=SEND_HEARTBEAT {datanodeUUID=60b8c34d-93e1-43c3-92e0-ac45aa8da79c, command=[]} | ret=SUCCESS |  
2019-08-28 09:27:17,285 | INFO  | SCMAudit | user=jenkins1000 | ip=192.168.69.108 | op=SEND_HEARTBEAT {datanodeUUID=60b8c34d-93e1-43c3-92e0-ac45aa8da79c, command=[]} | ret=SUCCESS |  
2019-08-28 09:27:17,484 | INFO  | SCMAudit | user=jenkins1000 | ip=192.168.69.108 | op=SEND_HEARTBEAT {datanodeUUID=60b8c34d-93e1-43c3-92e0-ac45aa8da79c, command=[]} | ret=SUCCESS |  
2019-08-28 09:27:17,684 | INFO  | SCMAudit | user=jenkins1000 | ip=192.168.69.108 | op=SEND_HEARTBEAT {datanodeUUID=60b8c34d-93e1-43c3-92e0-ac45aa8da79c, command=[]} | ret=SUCCESS |  
2019-08-28 09:27:17,884 | INFO  | SCMAudit | user=jenkins1000 | ip=192.168.69.108 | op=SEND_HEARTBEAT {datanodeUUID=60b8c34d-93e1-43c3-92e0-ac45aa8da79c, command=[]} | ret=SUCCESS |  
2019-08-28 09:27:18,055 | INFO  | DNAudit | user=null | ip=null | op=WRITE_CHUNK {blockData=conID: 5 locID: 102693891728408583 bcsId: 0} | ret=SUCCESS |  
2019-08-28 09:27:18,055 | INFO  | SCMAudit | user=jenkins1000 | ip=192.168.69.108 | op=SEND_HEARTBEAT {datanodeUUID=60b8c34d-93e1-43c3-92e0-ac45aa8da79c, command=[]} | ret=SUCCESS |  
2019-08-28 09:27:18,069 | INFO  | DNAudit | user=null | ip=null | op=WRITE_CHUNK {blockData=conID: 5 locID: 102693891728408583 bcsId: 0} | ret=SUCCESS |  
2019-08-28 09:27:18,071 [StateMachineUpdater:60b8c34d-93e1-43c3-92e0-ac45aa8da79c:group-FC7BB7D135BD] INFO  ratis.ContainerStateMachine (ContainerStateMachine.java:takeSnapshot(284)) - group-FC7BB7D135BD: Taking a snapshot at:(t:1, i:1) file /workdir/hadoop-ozone/integration-test/target/test-dir/MiniOzoneClusterImpl-81fb31f3-2d00-4001-aea2-7e0e6d74e0cb/datanode-0/data/ratis/ff9d4623-a8d1-4a52-a17d-fc7bb7d135bd/sm/snapshot.1_1
2019-08-28 09:27:18,076 [grpc-default-executor-1] INFO  client.GrpcClientProtocolClient (GrpcClientProtocolClient.java:onNext(255)) - client-BC1CF48B689E->60b8c34d-93e1-43c3-92e0-ac45aa8da79c: receive RaftClientReply:client-BC1CF48B689E->60b8c34d-93e1-43c3-92e0-ac45aa8da79c@group-FC7BB7D135BD, cid=22, SUCCESS, logIndex=1, commits[60b8c34d-93e1-43c3-92e0-ac45aa8da79c:c1]
2019-08-28 09:27:18,080 [StateMachineUpdater:60b8c34d-93e1-43c3-92e0-ac45aa8da79c:group-FC7BB7D135BD] INFO  ratis.ContainerStateMachine (ContainerStateMachine.java:takeSnapshot(295)) - group-FC7BB7D135BD: Finished taking a snapshot at:(t:1, i:1) file:/workdir/hadoop-ozone/integration-test/target/test-dir/MiniOzoneClusterImpl-81fb31f3-2d00-4001-aea2-7e0e6d74e0cb/datanode-0/data/ratis/ff9d4623-a8d1-4a52-a17d-fc7bb7d135bd/sm/snapshot.1_1 time:9
2019-08-28 09:27:18,082 [StateMachineUpdater:60b8c34d-93e1-43c3-92e0-ac45aa8da79c:group-FC7BB7D135BD] INFO  impl.StateMachineUpdater (StateMachineUpdater.java:takeSnapshot(242)) - StateMachineUpdater:60b8c34d-93e1-43c3-92e0-ac45aa8da79c:group-FC7BB7D135BD: Took a snapshot at index 1
2019-08-28 09:27:18,082 [StateMachineUpdater:60b8c34d-93e1-43c3-92e0-ac45aa8da79c:group-FC7BB7D135BD] INFO  impl.StateMachineUpdater (StateMachineUpdater.java:lambda$new$0(80)) - StateMachineUpdater:60b8c34d-93e1-43c3-92e0-ac45aa8da79c:group-FC7BB7D135BD: snapshotIndex: updateIncreasingly -1 -> 1
2019-08-28 09:27:18,082 [StateMachineUpdater:60b8c34d-93e1-43c3-92e0-ac45aa8da79c:group-FC7BB7D135BD] INFO  ratis.ContainerStateMachine (ContainerStateMachine.java:takeSnapshot(284)) - group-FC7BB7D135BD: Taking a snapshot at:(t:1, i:1) file /workdir/hadoop-ozone/integration-test/target/test-dir/MiniOzoneClusterImpl-81fb31f3-2d00-4001-aea2-7e0e6d74e0cb/datanode-0/data/ratis/ff9d4623-a8d1-4a52-a17d-fc7bb7d135bd/sm/snapshot.1_1
2019-08-28 09:27:18,096 [StateMachineUpdater:60b8c34d-93e1-43c3-92e0-ac45aa8da79c:group-FC7BB7D135BD] INFO  ratis.ContainerStateMachine (ContainerStateMachine.java:takeSnapshot(295)) - group-FC7BB7D135BD: Finished taking a snapshot at:(t:1, i:1) file:/workdir/hadoop-ozone/integration-test/target/test-dir/MiniOzoneClusterImpl-81fb31f3-2d00-4001-aea2-7e0e6d74e0cb/datanode-0/data/ratis/ff9d4623-a8d1-4a52-a17d-fc7bb7d135bd/sm/snapshot.1_1 time:13
2019-08-28 09:27:18,096 [StateMachineUpdater:60b8c34d-93e1-43c3-92e0-ac45aa8da79c:group-FC7BB7D135BD] INFO  impl.StateMachineUpdater (StateMachineUpdater.java:takeSnapshot(242)) - StateMachineUpdater:60b8c34d-93e1-43c3-92e0-ac45aa8da79c:group-FC7BB7D135BD: Took a snapshot at index 1
2019-08-28 09:27:18,096 [StateMachineUpdater:60b8c34d-93e1-43c3-92e0-ac45aa8da79c:group-FC7BB7D135BD] INFO  impl.StateMachineUpdater (StateMachineUpdater.java:lambda$new$0(80)) - StateMachineUpdater:60b8c34d-93e1-43c3-92e0-ac45aa8da79c:group-FC7BB7D135BD: snapshotIndex: updateIncreasingly 1 -> 1
2019-08-28 09:27:18,147 | INFO  | DNAudit | user=null | ip=null | op=PUT_BLOCK {blockData=[blockId=conID: 5 locID: 102693891728408583 bcsId: 0,size=5]} | ret=SUCCESS |  
2019-08-28 09:27:18,149 [StateMachineUpdater:60b8c34d-93e1-43c3-92e0-ac45aa8da79c:group-FC7BB7D135BD] INFO  ratis.ContainerStateMachine (ContainerStateMachine.java:takeSnapshot(284)) - group-FC7BB7D135BD: Taking a snapshot at:(t:1, i:3) file /workdir/hadoop-ozone/integration-test/target/test-dir/MiniOzoneClusterImpl-81fb31f3-2d00-4001-aea2-7e0e6d74e0cb/datanode-0/data/ratis/ff9d4623-a8d1-4a52-a17d-fc7bb7d135bd/sm/snapshot.1_3
2019-08-28 09:27:18,152 [grpc-default-executor-1] INFO  client.GrpcClientProtocolClient (GrpcClientProtocolClient.java:onNext(255)) - client-BC1CF48B689E->60b8c34d-93e1-43c3-92e0-ac45aa8da79c: receive RaftClientReply:client-BC1CF48B689E->60b8c34d-93e1-43c3-92e0-ac45aa8da79c@group-FC7BB7D135BD, cid=23, SUCCESS, logIndex=3, commits[60b8c34d-93e1-43c3-92e0-ac45aa8da79c:c4]
2019-08-28 09:27:18,157 | INFO  | DNAudit | user=null | ip=null | op=WRITE_CHUNK {blockData=conID: 5 locID: 102693891728408583 bcsId: 3} | ret=SUCCESS |  
2019-08-28 09:27:18,162 [StateMachineUpdater:60b8c34d-93e1-43c3-92e0-ac45aa8da79c:group-FC7BB7D135BD] INFO  ratis.ContainerStateMachine (ContainerStateMachine.java:takeSnapshot(295)) - group-FC7BB7D135BD: Finished taking a snapshot at:(t:1, i:3) file:/workdir/hadoop-ozone/integration-test/target/test-dir/MiniOzoneClusterImpl-81fb31f3-2d00-4001-aea2-7e0e6d74e0cb/datanode-0/data/ratis/ff9d4623-a8d1-4a52-a17d-fc7bb7d135bd/sm/snapshot.1_3 time:14
2019-08-28 09:27:18,163 [StateMachineUpdater:60b8c34d-93e1-43c3-92e0-ac45aa8da79c:group-FC7BB7D135BD] INFO  impl.StateMachineUpdater (StateMachineUpdater.java:takeSnapshot(242)) - StateMachineUpdater:60b8c34d-93e1-43c3-92e0-ac45aa8da79c:group-FC7BB7D135BD: Took a snapshot at index 3
2019-08-28 09:27:18,163 [StateMachineUpdater:60b8c34d-93e1-43c3-92e0-ac45aa8da79c:group-FC7BB7D135BD] INFO  impl.StateMachineUpdater (StateMachineUpdater.java:lambda$new$0(80)) - StateMachineUpdater:60b8c34d-93e1-43c3-92e0-ac45aa8da79c:group-FC7BB7D135BD: snapshotIndex: updateIncreasingly 1 -> 3
2019-08-28 09:27:18,164 | INFO  | DNAudit | user=null | ip=null | op=WRITE_CHUNK {blockData=conID: 5 locID: 102693891728408583 bcsId: 3} | ret=SUCCESS |  
2019-08-28 09:27:18,166 | INFO  | DNAudit | user=null | ip=null | op=PUT_BLOCK {blockData=[blockId=conID: 5 locID: 102693891728408583 bcsId: 0,size=10]} | ret=SUCCESS |  
2019-08-28 09:27:18,167 [StateMachineUpdater:60b8c34d-93e1-43c3-92e0-ac45aa8da79c:group-FC7BB7D135BD] INFO  ratis.ContainerStateMachine (ContainerStateMachine.java:takeSnapshot(284)) - group-FC7BB7D135BD: Taking a snapshot at:(t:1, i:7) file /workdir/hadoop-ozone/integration-test/target/test-dir/MiniOzoneClusterImpl-81fb31f3-2d00-4001-aea2-7e0e6d74e0cb/datanode-0/data/ratis/ff9d4623-a8d1-4a52-a17d-fc7bb7d135bd/sm/snapshot.1_7
2019-08-28 09:27:18,167 [grpc-default-executor-1] INFO  client.GrpcClientProtocolClient (GrpcClientProtocolClient.java:onNext(255)) - client-BC1CF48B689E->60b8c34d-93e1-43c3-92e0-ac45aa8da79c: receive RaftClientReply:client-BC1CF48B689E->60b8c34d-93e1-43c3-92e0-ac45aa8da79c@group-FC7BB7D135BD, cid=25, SUCCESS, logIndex=5, commits[60b8c34d-93e1-43c3-92e0-ac45aa8da79c:c7]
2019-08-28 09:27:18,169 [grpc-default-executor-1] INFO  client.GrpcClientProtocolClient (GrpcClientProtocolClient.java:onNext(255)) - client-BC1CF48B689E->60b8c34d-93e1-43c3-92e0-ac45aa8da79c: receive RaftClientReply:client-BC1CF48B689E->60b8c34d-93e1-43c3-92e0-ac45aa8da79c@group-FC7BB7D135BD, cid=26, SUCCESS, logIndex=6, commits[60b8c34d-93e1-43c3-92e0-ac45aa8da79c:c7]
2019-08-28 09:27:18,175 | INFO  | OMAudit | user=jenkins1000 | ip=127.0.0.1 | op=COMMIT_KEY {volume=testcontainerstatemachinefailures, bucket=testcontainerstatemachinefailures, key=ratis, dataSize=10, replicationType=null, replicationFactor=null, keyLocationInfo=[{blockID={containerID=5, localID=102693891728408583}, length=10, offset=0, token=null, pipeline=Pipeline[ Id: ff9d4623-a8d1-4a52-a17d-fc7bb7d135bd, Nodes: 60b8c34d-93e1-43c3-92e0-ac45aa8da79c{ip: 192.168.69.108, host: pr-hdds-1094-85qxc-974882988, networkLocation: /default-rack, certSerialId: null}, Type:RATIS, Factor:ONE, State:OPEN], createVersion=0}], clientID=102693891728015366} | ret=SUCCESS |  
2019-08-28 09:27:18,180 [StateMachineUpdater:60b8c34d-93e1-43c3-92e0-ac45aa8da79c:group-FC7BB7D135BD] INFO  ratis.ContainerStateMachine (ContainerStateMachine.java:takeSnapshot(295)) - group-FC7BB7D135BD: Finished taking a snapshot at:(t:1, i:7) file:/workdir/hadoop-ozone/integration-test/target/test-dir/MiniOzoneClusterImpl-81fb31f3-2d00-4001-aea2-7e0e6d74e0cb/datanode-0/data/ratis/ff9d4623-a8d1-4a52-a17d-fc7bb7d135bd/sm/snapshot.1_7 time:14
2019-08-28 09:27:18,180 [StateMachineUpdater:60b8c34d-93e1-43c3-92e0-ac45aa8da79c:group-FC7BB7D135BD] INFO  impl.StateMachineUpdater (StateMachineUpdater.java:takeSnapshot(242)) - StateMachineUpdater:60b8c34d-93e1-43c3-92e0-ac45aa8da79c:group-FC7BB7D135BD: Took a snapshot at index 7
2019-08-28 09:27:18,180 [StateMachineUpdater:60b8c34d-93e1-43c3-92e0-ac45aa8da79c:group-FC7BB7D135BD] INFO  impl.StateMachineUpdater (StateMachineUpdater.java:lambda$new$0(80)) - StateMachineUpdater:60b8c34d-93e1-43c3-92e0-ac45aa8da79c:group-FC7BB7D135BD: snapshotIndex: updateIncreasingly 3 -> 7
2019-08-28 09:27:18,185 [main] INFO  ozone.MiniOzoneClusterImpl (MiniOzoneClusterImpl.java:getStorageContainerLocationClient(241)) - Creating StorageContainerLocationProtocol RPC client with address /0.0.0.0:44236
2019-08-28 09:27:18,193 | INFO  | SCMAudit | user=jenkins1000 | ip=192.168.69.108 | op=GET_CONTAINER_WITH_PIPELINE {containerID=#5} | ret=SUCCESS |  
2019-08-28 09:27:18,222 [RatisApplyTransactionExecutor 5] INFO  keyvalue.KeyValueHandler (ContainerUtils.java:logAndReturnError(146)) - Operation: CloseContainer : Trace ID: 6a07a97c8993a9c3:6a07a97c8993a9c3:0:0 : Message: Error while creating/ updating .container file. ContainerID: 5 : Result: CONTAINER_FILES_CREATE_ERROR
2019-08-28 09:27:18,224 [RatisApplyTransactionExecutor 5] WARN  keyvalue.KeyValueHandler (KeyValueHandler.java:markContainerUnhealthy(885)) - Unexpected error while marking container 5 as unhealthy
org.apache.hadoop.hdds.scm.container.common.helpers.StorageContainerException: Error while creating/ updating .container file. ContainerID: 5
	at org.apache.hadoop.ozone.container.keyvalue.KeyValueContainer.writeToContainerFile(KeyValueContainer.java:233)
	at org.apache.hadoop.ozone.container.keyvalue.KeyValueContainer.updateContainerFile(KeyValueContainer.java:253)
	at org.apache.hadoop.ozone.container.keyvalue.KeyValueContainer.updateContainerData(KeyValueContainer.java:349)
	at org.apache.hadoop.ozone.container.keyvalue.KeyValueContainer.markContainerUnhealthy(KeyValueContainer.java:294)
	at org.apache.hadoop.ozone.container.keyvalue.KeyValueHandler.markContainerUnhealthy(KeyValueHandler.java:880)
	at org.apache.hadoop.ozone.container.common.impl.HddsDispatcher.dispatchRequest(HddsDispatcher.java:303)
	at org.apache.hadoop.ozone.container.common.impl.HddsDispatcher.dispatch(HddsDispatcher.java:148)
	at org.apache.hadoop.ozone.container.common.transport.server.ratis.ContainerStateMachine.dispatchCommand(ContainerStateMachine.java:396)
	at org.apache.hadoop.ozone.container.common.transport.server.ratis.ContainerStateMachine.runCommand(ContainerStateMachine.java:404)
	at org.apache.hadoop.ozone.container.common.transport.server.ratis.ContainerStateMachine.lambda$applyTransaction$6(ContainerStateMachine.java:699)
	at java.util.concurrent.CompletableFuture$AsyncSupply.run(CompletableFuture.java:1590)
	at java.util.concurrent.ThreadPoolExecutor.runWorker(ThreadPoolExecutor.java:1149)
	at java.util.concurrent.ThreadPoolExecutor$Worker.run(ThreadPoolExecutor.java:624)
	at java.lang.Thread.run(Thread.java:748)
Caused by: java.io.IOException: No such file or directory
	at java.io.UnixFileSystem.createFileExclusively(Native Method)
	at java.io.File.createTempFile(File.java:2024)
	at org.apache.hadoop.ozone.container.keyvalue.KeyValueContainer.createTempFile(KeyValueContainer.java:733)
	at org.apache.hadoop.ozone.container.keyvalue.KeyValueContainer.writeToContainerFile(KeyValueContainer.java:218)
	... 13 more
2019-08-28 09:27:18,225 | ERROR | DNAudit | user=null | ip=null | op=CLOSE_CONTAINER {containerID=5} | ret=FAILURE | java.lang.Exception: Error while creating/ updating .container file. ContainerID: 5
	at org.apache.hadoop.ozone.container.common.impl.HddsDispatcher.dispatchRequest(HddsDispatcher.java:320)
	at org.apache.hadoop.ozone.container.common.impl.HddsDispatcher.dispatch(HddsDispatcher.java:148) 
2019-08-28 09:27:18,226 [RatisApplyTransactionExecutor 5] ERROR ratis.ContainerStateMachine (ContainerStateMachine.java:lambda$applyTransaction$7(710)) - gid group-FC7BB7D135BD : ApplyTransaction failed. cmd CloseContainer logIndex 8 msg : Error while creating/ updating .container file. ContainerID: 5 Container Result: CONTAINER_FILES_CREATE_ERROR
2019-08-28 09:27:18,233 | INFO  | SCMAudit | user=jenkins1000 | ip=192.168.69.108 | op=SEND_HEARTBEAT {datanodeUUID=60b8c34d-93e1-43c3-92e0-ac45aa8da79c, command=[]} | ret=SUCCESS |  
2019-08-28 09:27:18,228 [StateMachineUpdater:60b8c34d-93e1-43c3-92e0-ac45aa8da79c:group-FC7BB7D135BD] ERROR impl.StateMachineUpdater (StateMachineUpdater.java:run(168)) - StateMachineUpdater:60b8c34d-93e1-43c3-92e0-ac45aa8da79c:group-FC7BB7D135BD: the StateMachineUpdater hits Throwable
java.util.concurrent.ExecutionException: org.apache.hadoop.hdds.scm.container.common.helpers.StorageContainerException: Error while creating/ updating .container file. ContainerID: 5
	at java.util.concurrent.CompletableFuture.reportGet(CompletableFuture.java:357)
	at java.util.concurrent.CompletableFuture.get(CompletableFuture.java:1895)
	at org.apache.ratis.server.impl.StateMachineUpdater.run(StateMachineUpdater.java:149)
	at java.lang.Thread.run(Thread.java:748)
Caused by: org.apache.hadoop.hdds.scm.container.common.helpers.StorageContainerException: Error while creating/ updating .container file. ContainerID: 5
	at org.apache.hadoop.ozone.container.common.transport.server.ratis.ContainerStateMachine.lambda$applyTransaction$7(ContainerStateMachine.java:709)
	at java.util.concurrent.CompletableFuture.uniApply(CompletableFuture.java:602)
	at java.util.concurrent.CompletableFuture$UniApply.tryFire(CompletableFuture.java:577)
	at java.util.concurrent.CompletableFuture.postComplete(CompletableFuture.java:474)
	at java.util.concurrent.CompletableFuture$AsyncSupply.run(CompletableFuture.java:1595)
	at java.util.concurrent.ThreadPoolExecutor.runWorker(ThreadPoolExecutor.java:1149)
	at java.util.concurrent.ThreadPoolExecutor$Worker.run(ThreadPoolExecutor.java:624)
	... 1 more
2019-08-28 09:27:18,233 [EventQueue-IncrementalContainerReportForIncrementalContainerReportHandler] WARN  container.IncrementalContainerReportHandler (AbstractContainerReportHandler.java:updateContainerState(143)) - Container #5 is in OPEN state, but the datanode 60b8c34d-93e1-43c3-92e0-ac45aa8da79c{ip: 192.168.69.108, host: pr-hdds-1094-85qxc-974882988, networkLocation: /default-rack, certSerialId: null} reports an UNHEALTHY replica.
2019-08-28 09:27:18,233 [EventQueue-CloseContainerForCloseContainerEventHandler] INFO  container.CloseContainerEventHandler (CloseContainerEventHandler.java:onMessage(61)) - Close container Event triggered for container : #5
2019-08-28 09:27:18,233 [RatisApplyTransactionExecutor 5] ERROR ratis.XceiverServerRatis (XceiverServerRatis.java:triggerPipelineClose(557)) - pipeline Action CLOSE  on pipeline PipelineID=ff9d4623-a8d1-4a52-a17d-fc7bb7d135bd.Reason : Ratis Transaction failure in datanode 60b8c34d-93e1-43c3-92e0-ac45aa8da79c with role LEADER .Triggering pipeline close action.
2019-08-28 09:27:18,238 [StateMachineUpdater:60b8c34d-93e1-43c3-92e0-ac45aa8da79c:group-FC7BB7D135BD] INFO  impl.RaftServerImpl (RaftServerImpl.java:lambda$shutdown$3(245)) - 60b8c34d-93e1-43c3-92e0-ac45aa8da79c: shutdown group-FC7BB7D135BD
2019-08-28 09:27:18,240 [StateMachineUpdater:60b8c34d-93e1-43c3-92e0-ac45aa8da79c:group-FC7BB7D135BD] INFO  util.JmxRegister (JmxRegister.java:unregister(73)) - Successfully un-registered JMX Bean with object name Ratis:service=RaftServer,group=group-FC7BB7D135BD,id=60b8c34d-93e1-43c3-92e0-ac45aa8da79c
2019-08-28 09:27:18,240 [EventQueue-PipelineActionsForPipelineActionHandler] ERROR pipeline.PipelineActionHandler (PipelineActionHandler.java:onMessage(60)) - Received pipeline action CLOSE for Pipeline[ Id: ff9d4623-a8d1-4a52-a17d-fc7bb7d135bd, Nodes: 60b8c34d-93e1-43c3-92e0-ac45aa8da79c{ip: 192.168.69.108, host: pr-hdds-1094-85qxc-974882988, networkLocation: /default-rack, certSerialId: null}, Type:RATIS, Factor:ONE, State:OPEN] from datanode 60b8c34d-93e1-43c3-92e0-ac45aa8da79c{ip: 192.168.69.108, host: pr-hdds-1094-85qxc-974882988, networkLocation: /default-rack, certSerialId: null}. Reason : Ratis Transaction failure in datanode 60b8c34d-93e1-43c3-92e0-ac45aa8da79c with role LEADER .Triggering pipeline close action.
2019-08-28 09:27:18,240 [StateMachineUpdater:60b8c34d-93e1-43c3-92e0-ac45aa8da79c:group-FC7BB7D135BD] INFO  impl.RoleInfo (RoleInfo.java:shutdownLeaderState(104)) - 60b8c34d-93e1-43c3-92e0-ac45aa8da79c: shutdown LeaderState
2019-08-28 09:27:18,241 [EventQueue-PipelineActionsForPipelineActionHandler] INFO  pipeline.SCMPipelineManager (SCMPipelineManager.java:finalizeAndDestroyPipeline(309)) - destroying pipeline:Pipeline[ Id: ff9d4623-a8d1-4a52-a17d-fc7bb7d135bd, Nodes: 60b8c34d-93e1-43c3-92e0-ac45aa8da79c{ip: 192.168.69.108, host: pr-hdds-1094-85qxc-974882988, networkLocation: /default-rack, certSerialId: null}, Type:RATIS, Factor:ONE, State:OPEN]
2019-08-28 09:27:18,242 | INFO  | SCMAudit | user=jenkins1000 | ip=192.168.69.108 | op=SEND_HEARTBEAT {datanodeUUID=60b8c34d-93e1-43c3-92e0-ac45aa8da79c, command=[commandType: closeContainerCommand closeContainerCommandProto { containerID: 5 pipelineID { id: "ff9d4623-a8d1-4a52-a17d-fc7bb7d135bd" } cmdId: 5 force: false } ]} | ret=SUCCESS |  
2019-08-28 09:27:18,243 [StateMachineUpdater:60b8c34d-93e1-43c3-92e0-ac45aa8da79c:group-FC7BB7D135BD] INFO  impl.PendingRequests (PendingRequests.java:sendNotLeaderResponses(202)) - 60b8c34d-93e1-43c3-92e0-ac45aa8da79c-PendingRequests: sendNotLeaderResponses
2019-08-28 09:27:18,243 [EventQueue-PipelineActionsForPipelineActionHandler] INFO  pipeline.PipelineStateManager (PipelineStateManager.java:finalizePipeline(123)) - Pipeline Pipeline[ Id: ff9d4623-a8d1-4a52-a17d-fc7bb7d135bd, Nodes: 60b8c34d-93e1-43c3-92e0-ac45aa8da79c{ip: 192.168.69.108, host: pr-hdds-1094-85qxc-974882988, networkLocation: /default-rack, certSerialId: null}, Type:RATIS, Factor:ONE, State:CLOSED] moved to CLOSED state
2019-08-28 09:27:18,252 [StateMachineUpdater:60b8c34d-93e1-43c3-92e0-ac45aa8da79c:group-FC7BB7D135BD] INFO  impl.StateMachineUpdater (StateMachineUpdater.java:stopAndJoin(115)) - StateMachineUpdater:60b8c34d-93e1-43c3-92e0-ac45aa8da79c:group-FC7BB7D135BD: set stopIndex = 9
2019-08-28 09:27:18,254 [grpc-default-executor-1] INFO  client.GrpcClientProtocolClient (GrpcClientProtocolClient.java:onNext(255)) - client-D7823E76B0BA->60b8c34d-93e1-43c3-92e0-ac45aa8da79c: receive RaftClientReply:client-D7823E76B0BA->60b8c34d-93e1-43c3-92e0-ac45aa8da79c@group-FC7BB7D135BD, cid=27, FAILED org.apache.ratis.protocol.StateMachineException: org.apache.hadoop.hdds.scm.container.common.helpers.StorageContainerException: Error while creating/ updating .container file. ContainerID: 5, logIndex=8, commits[60b8c34d-93e1-43c3-92e0-ac45aa8da79c:c9]
]]></system-out>
  </testcase>
</testsuite>