<?xml version="1.0" encoding="UTF-8"?>
<testsuite xmlns:xsi="http://www.w3.org/2001/XMLSchema-instance" xsi:noNamespaceSchemaLocation="https://maven.apache.org/surefire/maven-surefire-plugin/xsd/surefire-test-report.xsd" name="org.apache.hadoop.ozone.freon.TestDataValidateWithSafeByteOperations" time="58.655" tests="3" errors="3" skipped="0" failures="0">
  <properties>
    <property name="awt.toolkit" value="sun.awt.X11.XToolkit"/>
    <property name="file.encoding.pkg" value="sun.io"/>
    <property name="java.specification.version" value="1.8"/>
    <property name="sun.cpu.isalist" value=""/>
    <property name="sun.jnu.encoding" value="UTF-8"/>
    <property name="java.class.path" value="/workdir/hadoop-ozone/tools/target/test-classes:/workdir/hadoop-ozone/tools/target/classes:/home/user/.m2/repository/org/apache/hadoop/hadoop-ozone-ozone-manager/0.5.0-SNAPSHOT/hadoop-ozone-ozone-manager-0.5.0-SNAPSHOT.jar:/home/user/.m2/repository/org/apache/hadoop/hadoop-hdds-docs/0.5.0-SNAPSHOT/hadoop-hdds-docs-0.5.0-SNAPSHOT.jar:/home/user/.m2/repository/org/bouncycastle/bcprov-jdk15on/1.60/bcprov-jdk15on-1.60.jar:/home/user/.m2/repository/org/apache/hadoop/hadoop-ozone-common/0.5.0-SNAPSHOT/hadoop-ozone-common-0.5.0-SNAPSHOT.jar:/home/user/.m2/repository/org/apache/commons/commons-compress/1.4.1/commons-compress-1.4.1.jar:/home/user/.m2/repository/org/tukaani/xz/1.0/xz-1.0.jar:/home/user/.m2/repository/org/apache/hadoop/hadoop-hdfs-client/3.2.0/hadoop-hdfs-client-3.2.0.jar:/home/user/.m2/repository/com/fasterxml/jackson/core/jackson-annotations/2.9.5/jackson-annotations-2.9.5.jar:/home/user/.m2/repository/org/apache/hadoop/hadoop-hdds-common/0.5.0-SNAPSHOT/hadoop-hdds-common-0.5.0-SNAPSHOT.jar:/home/user/.m2/repository/org/apache/hadoop/hadoop-hdds-config/0.5.0-SNAPSHOT/hadoop-hdds-config-0.5.0-SNAPSHOT.jar:/home/user/.m2/repository/javax/annotation/javax.annotation-api/1.2/javax.annotation-api-1.2.jar:/home/user/.m2/repository/org/apache/ratis/ratis-server/0.4.0-2337318-SNAPSHOT/ratis-server-0.4.0-2337318-SNAPSHOT.jar:/home/user/.m2/repository/org/apache/ratis/ratis-thirdparty-misc/0.2.0/ratis-thirdparty-misc-0.2.0.jar:/home/user/.m2/repository/org/apache/ratis/ratis-proto/0.4.0-2337318-SNAPSHOT/ratis-proto-0.4.0-2337318-SNAPSHOT.jar:/home/user/.m2/repository/org/apache/ratis/ratis-common/0.4.0-2337318-SNAPSHOT/ratis-common-0.4.0-2337318-SNAPSHOT.jar:/home/user/.m2/repository/org/apache/ratis/ratis-client/0.4.0-2337318-SNAPSHOT/ratis-client-0.4.0-2337318-SNAPSHOT.jar:/home/user/.m2/repository/org/apache/ratis/ratis-metrics/0.4.0-2337318-SNAPSHOT/ratis-metrics-0.4.0-2337318-SNAPSHOT.jar:/home/user/.m2/repository/org/apache/ratis/ratis-netty/0.4.0-2337318-SNAPSHOT/ratis-netty-0.4.0-2337318-SNAPSHOT.jar:/home/user/.m2/repository/org/apache/ratis/ratis-grpc/0.4.0-2337318-SNAPSHOT/ratis-grpc-0.4.0-2337318-SNAPSHOT.jar:/home/user/.m2/repository/org/rocksdb/rocksdbjni/6.0.1/rocksdbjni-6.0.1.jar:/home/user/.m2/repository/org/apache/logging/log4j/log4j-api/2.11.0/log4j-api-2.11.0.jar:/home/user/.m2/repository/org/apache/logging/log4j/log4j-core/2.11.0/log4j-core-2.11.0.jar:/home/user/.m2/repository/com/lmax/disruptor/3.4.2/disruptor-3.4.2.jar:/home/user/.m2/repository/org/apache/commons/commons-pool2/2.6.0/commons-pool2-2.6.0.jar:/home/user/.m2/repository/org/bouncycastle/bcpkix-jdk15on/1.60/bcpkix-jdk15on-1.60.jar:/home/user/.m2/repository/commons-validator/commons-validator/1.6/commons-validator-1.6.jar:/home/user/.m2/repository/commons-digester/commons-digester/1.8.1/commons-digester-1.8.1.jar:/home/user/.m2/repository/io/jaegertracing/jaeger-client/0.33.1/jaeger-client-0.33.1.jar:/home/user/.m2/repository/io/jaegertracing/jaeger-thrift/0.33.1/jaeger-thrift-0.33.1.jar:/home/user/.m2/repository/org/apache/thrift/libthrift/0.11.0/libthrift-0.11.0.jar:/home/user/.m2/repository/com/squareup/okhttp3/okhttp/3.9.0/okhttp-3.9.0.jar:/home/user/.m2/repository/com/squareup/okio/okio/1.13.0/okio-1.13.0.jar:/home/user/.m2/repository/io/jaegertracing/jaeger-core/0.33.1/jaeger-core-0.33.1.jar:/home/user/.m2/repository/io/jaegertracing/jaeger-tracerresolver/0.33.1/jaeger-tracerresolver-0.33.1.jar:/home/user/.m2/repository/io/opentracing/contrib/opentracing-tracerresolver/0.1.5/opentracing-tracerresolver-0.1.5.jar:/home/user/.m2/repository/io/opentracing/opentracing-util/0.31.0/opentracing-util-0.31.0.jar:/home/user/.m2/repository/io/opentracing/opentracing-api/0.31.0/opentracing-api-0.31.0.jar:/home/user/.m2/repository/io/opentracing/opentracing-noop/0.31.0/opentracing-noop-0.31.0.jar:/home/user/.m2/repository/org/yaml/snakeyaml/1.16/snakeyaml-1.16.jar:/home/user/.m2/repository/org/apache/hadoop/hadoop-hdds-container-service/0.5.0-SNAPSHOT/hadoop-hdds-container-service-0.5.0-SNAPSHOT.jar:/home/user/.m2/repository/org/apache/hadoop/hadoop-hdds-client/0.5.0-SNAPSHOT/hadoop-hdds-client-0.5.0-SNAPSHOT.jar:/home/user/.m2/repository/org/apache/hadoop/hadoop-hdds-tools/0.5.0-SNAPSHOT/hadoop-hdds-tools-0.5.0-SNAPSHOT.jar:/home/user/.m2/repository/org/xerial/sqlite-jdbc/3.25.2/sqlite-jdbc-3.25.2.jar:/home/user/.m2/repository/org/apache/hadoop/hadoop-hdds-server-scm/0.5.0-SNAPSHOT/hadoop-hdds-server-scm-0.5.0-SNAPSHOT.jar:/home/user/.m2/repository/org/hamcrest/hamcrest-all/1.3/hamcrest-all-1.3.jar:/home/user/.m2/repository/info/picocli/picocli/3.9.6/picocli-3.9.6.jar:/home/user/.m2/repository/com/google/protobuf/protobuf-java/2.5.0/protobuf-java-2.5.0.jar:/home/user/.m2/repository/com/google/guava/guava/11.0.2/guava-11.0.2.jar:/home/user/.m2/repository/org/apache/hadoop/hadoop-ozone-client/0.5.0-SNAPSHOT/hadoop-ozone-client-0.5.0-SNAPSHOT.jar:/workdir/hadoop-ozone/ozonefs/target/classes:/home/user/.m2/repository/org/apache/hadoop/hadoop-hdds-server-framework/0.5.0-SNAPSHOT/hadoop-hdds-server-framework-0.5.0-SNAPSHOT.jar:/home/user/.m2/repository/org/apache/hadoop/hadoop-common/3.2.0/hadoop-common-3.2.0.jar:/home/user/.m2/repository/org/apache/hadoop/hadoop-annotations/3.2.0/hadoop-annotations-3.2.0.jar:/usr/lib/jvm/java-1.8-openjdk/jre/../lib/tools.jar:/home/user/.m2/repository/commons-cli/commons-cli/1.2/commons-cli-1.2.jar:/home/user/.m2/repository/org/apache/commons/commons-math3/3.1.1/commons-math3-3.1.1.jar:/home/user/.m2/repository/org/apache/httpcomponents/httpclient/4.5.2/httpclient-4.5.2.jar:/home/user/.m2/repository/org/apache/httpcomponents/httpcore/4.4.4/httpcore-4.4.4.jar:/home/user/.m2/repository/commons-codec/commons-codec/1.11/commons-codec-1.11.jar:/home/user/.m2/repository/commons-io/commons-io/2.5/commons-io-2.5.jar:/home/user/.m2/repository/commons-net/commons-net/3.6/commons-net-3.6.jar:/home/user/.m2/repository/commons-collections/commons-collections/3.2.2/commons-collections-3.2.2.jar:/home/user/.m2/repository/javax/servlet/javax.servlet-api/3.1.0/javax.servlet-api-3.1.0.jar:/home/user/.m2/repository/org/eclipse/jetty/jetty-server/9.3.24.v20180605/jetty-server-9.3.24.v20180605.jar:/home/user/.m2/repository/org/eclipse/jetty/jetty-http/9.3.24.v20180605/jetty-http-9.3.24.v20180605.jar:/home/user/.m2/repository/org/eclipse/jetty/jetty-io/9.3.24.v20180605/jetty-io-9.3.24.v20180605.jar:/home/user/.m2/repository/org/eclipse/jetty/jetty-util/9.3.24.v20180605/jetty-util-9.3.24.v20180605.jar:/home/user/.m2/repository/org/eclipse/jetty/jetty-servlet/9.3.24.v20180605/jetty-servlet-9.3.24.v20180605.jar:/home/user/.m2/repository/org/eclipse/jetty/jetty-security/9.3.24.v20180605/jetty-security-9.3.24.v20180605.jar:/home/user/.m2/repository/org/eclipse/jetty/jetty-webapp/9.3.24.v20180605/jetty-webapp-9.3.24.v20180605.jar:/home/user/.m2/repository/org/eclipse/jetty/jetty-xml/9.3.24.v20180605/jetty-xml-9.3.24.v20180605.jar:/home/user/.m2/repository/javax/servlet/jsp/jsp-api/2.1/jsp-api-2.1.jar:/home/user/.m2/repository/com/sun/jersey/jersey-core/1.19/jersey-core-1.19.jar:/home/user/.m2/repository/javax/ws/rs/jsr311-api/1.1.1/jsr311-api-1.1.1.jar:/home/user/.m2/repository/com/sun/jersey/jersey-servlet/1.19/jersey-servlet-1.19.jar:/home/user/.m2/repository/com/sun/jersey/jersey-json/1.19/jersey-json-1.19.jar:/home/user/.m2/repository/org/codehaus/jettison/jettison/1.1/jettison-1.1.jar:/home/user/.m2/repository/com/sun/xml/bind/jaxb-impl/2.3.0.1/jaxb-impl-2.3.0.1.jar:/home/user/.m2/repository/org/codehaus/jackson/jackson-core-asl/1.9.13/jackson-core-asl-1.9.13.jar:/home/user/.m2/repository/org/codehaus/jackson/jackson-mapper-asl/1.9.13/jackson-mapper-asl-1.9.13.jar:/home/user/.m2/repository/org/codehaus/jackson/jackson-jaxrs/1.9.13/jackson-jaxrs-1.9.13.jar:/home/user/.m2/repository/org/codehaus/jackson/jackson-xc/1.9.13/jackson-xc-1.9.13.jar:/home/user/.m2/repository/com/sun/jersey/jersey-server/1.19/jersey-server-1.19.jar:/home/user/.m2/repository/commons-logging/commons-logging/1.1.3/commons-logging-1.1.3.jar:/home/user/.m2/repository/log4j/log4j/1.2.17/log4j-1.2.17.jar:/home/user/.m2/repository/commons-beanutils/commons-beanutils/1.9.3/commons-beanutils-1.9.3.jar:/home/user/.m2/repository/org/apache/commons/commons-configuration2/2.1.1/commons-configuration2-2.1.1.jar:/home/user/.m2/repository/org/apache/commons/commons-lang3/3.7/commons-lang3-3.7.jar:/home/user/.m2/repository/org/apache/commons/commons-text/1.4/commons-text-1.4.jar:/home/user/.m2/repository/org/slf4j/slf4j-api/1.7.25/slf4j-api-1.7.25.jar:/home/user/.m2/repository/org/slf4j/slf4j-log4j12/1.7.25/slf4j-log4j12-1.7.25.jar:/home/user/.m2/repository/org/apache/avro/avro/1.7.7/avro-1.7.7.jar:/home/user/.m2/repository/com/thoughtworks/paranamer/paranamer/2.3/paranamer-2.3.jar:/home/user/.m2/repository/org/xerial/snappy/snappy-java/1.0.5/snappy-java-1.0.5.jar:/home/user/.m2/repository/com/google/re2j/re2j/1.1/re2j-1.1.jar:/home/user/.m2/repository/com/google/code/gson/gson/2.2.4/gson-2.2.4.jar:/home/user/.m2/repository/org/apache/hadoop/hadoop-auth/3.2.0/hadoop-auth-3.2.0.jar:/home/user/.m2/repository/com/nimbusds/nimbus-jose-jwt/4.41.1/nimbus-jose-jwt-4.41.1.jar:/home/user/.m2/repository/com/github/stephenc/jcip/jcip-annotations/1.0-1/jcip-annotations-1.0-1.jar:/home/user/.m2/repository/net/minidev/json-smart/2.3/json-smart-2.3.jar:/home/user/.m2/repository/net/minidev/accessors-smart/1.2/accessors-smart-1.2.jar:/home/user/.m2/repository/org/apache/curator/curator-framework/2.12.0/curator-framework-2.12.0.jar:/home/user/.m2/repository/com/jcraft/jsch/0.1.54/jsch-0.1.54.jar:/home/user/.m2/repository/org/apache/curator/curator-client/2.12.0/curator-client-2.12.0.jar:/home/user/.m2/repository/org/apache/curator/curator-recipes/2.12.0/curator-recipes-2.12.0.jar:/home/user/.m2/repository/com/google/code/findbugs/jsr305/3.0.0/jsr305-3.0.0.jar:/home/user/.m2/repository/org/apache/htrace/htrace-core4/4.1.0-incubating/htrace-core4-4.1.0-incubating.jar:/home/user/.m2/repository/org/apache/zookeeper/zookeeper/3.4.13/zookeeper-3.4.13.jar:/home/user/.m2/repository/org/apache/yetus/audience-annotations/0.5.0/audience-annotations-0.5.0.jar:/home/user/.m2/repository/org/apache/kerby/kerb-simplekdc/1.0.1/kerb-simplekdc-1.0.1.jar:/home/user/.m2/repository/org/apache/kerby/kerb-client/1.0.1/kerb-client-1.0.1.jar:/home/user/.m2/repository/org/apache/kerby/kerby-config/1.0.1/kerby-config-1.0.1.jar:/home/user/.m2/repository/org/apache/kerby/kerb-core/1.0.1/kerb-core-1.0.1.jar:/home/user/.m2/repository/org/apache/kerby/kerby-pkix/1.0.1/kerby-pkix-1.0.1.jar:/home/user/.m2/repository/org/apache/kerby/kerby-asn1/1.0.1/kerby-asn1-1.0.1.jar:/home/user/.m2/repository/org/apache/kerby/kerby-util/1.0.1/kerby-util-1.0.1.jar:/home/user/.m2/repository/org/apache/kerby/kerb-common/1.0.1/kerb-common-1.0.1.jar:/home/user/.m2/repository/org/apache/kerby/kerb-crypto/1.0.1/kerb-crypto-1.0.1.jar:/home/user/.m2/repository/org/apache/kerby/kerb-util/1.0.1/kerb-util-1.0.1.jar:/home/user/.m2/repository/org/apache/kerby/token-provider/1.0.1/token-provider-1.0.1.jar:/home/user/.m2/repository/org/apache/kerby/kerb-admin/1.0.1/kerb-admin-1.0.1.jar:/home/user/.m2/repository/org/apache/kerby/kerb-server/1.0.1/kerb-server-1.0.1.jar:/home/user/.m2/repository/org/apache/kerby/kerb-identity/1.0.1/kerb-identity-1.0.1.jar:/home/user/.m2/repository/org/apache/kerby/kerby-xdr/1.0.1/kerby-xdr-1.0.1.jar:/home/user/.m2/repository/com/fasterxml/jackson/core/jackson-databind/2.9.5/jackson-databind-2.9.5.jar:/home/user/.m2/repository/com/fasterxml/jackson/core/jackson-core/2.9.5/jackson-core-2.9.5.jar:/home/user/.m2/repository/org/codehaus/woodstox/stax2-api/3.1.4/stax2-api-3.1.4.jar:/home/user/.m2/repository/com/fasterxml/woodstox/woodstox-core/5.0.3/woodstox-core-5.0.3.jar:/home/user/.m2/repository/dnsjava/dnsjava/2.1.7/dnsjava-2.1.7.jar:/home/user/.m2/repository/org/apache/hadoop/hadoop-hdfs/3.2.0/hadoop-hdfs-3.2.0.jar:/home/user/.m2/repository/org/eclipse/jetty/jetty-util-ajax/9.3.24.v20180605/jetty-util-ajax-9.3.24.v20180605.jar:/home/user/.m2/repository/commons-daemon/commons-daemon/1.0.13/commons-daemon-1.0.13.jar:/home/user/.m2/repository/io/netty/netty/3.10.5.Final/netty-3.10.5.Final.jar:/home/user/.m2/repository/io/netty/netty-all/4.0.52.Final/netty-all-4.0.52.Final.jar:/home/user/.m2/repository/org/fusesource/leveldbjni/leveldbjni-all/1.8/leveldbjni-all-1.8.jar:/home/user/.m2/repository/com/sun/xml/bind/jaxb-core/2.3.0.1/jaxb-core-2.3.0.1.jar:/home/user/.m2/repository/javax/xml/bind/jaxb-api/2.3.0/jaxb-api-2.3.0.jar:/home/user/.m2/repository/javax/activation/activation/1.1.1/activation-1.1.1.jar:/home/user/.m2/repository/io/dropwizard/metrics/metrics-core/3.2.4/metrics-core-3.2.4.jar:/home/user/.m2/repository/org/openjdk/jmh/jmh-core/1.19/jmh-core-1.19.jar:/home/user/.m2/repository/net/sf/jopt-simple/jopt-simple/4.6/jopt-simple-4.6.jar:/home/user/.m2/repository/org/openjdk/jmh/jmh-generator-annprocess/1.19/jmh-generator-annprocess-1.19.jar:/home/user/.m2/repository/com/google/code/findbugs/findbugs/3.0.1/findbugs-3.0.1.jar:/home/user/.m2/repository/net/jcip/jcip-annotations/1.0/jcip-annotations-1.0.jar:/home/user/.m2/repository/com/google/code/findbugs/bcel-findbugs/6.0/bcel-findbugs-6.0.jar:/home/user/.m2/repository/com/google/code/findbugs/jFormatString/2.0.1/jFormatString-2.0.1.jar:/home/user/.m2/repository/dom4j/dom4j/1.6.1/dom4j-1.6.1.jar:/home/user/.m2/repository/xml-apis/xml-apis/1.0.b2/xml-apis-1.0.b2.jar:/home/user/.m2/repository/org/ow2/asm/asm-debug-all/5.0.2/asm-debug-all-5.0.2.jar:/home/user/.m2/repository/org/ow2/asm/asm-commons/5.0.2/asm-commons-5.0.2.jar:/home/user/.m2/repository/org/ow2/asm/asm-tree/5.0.2/asm-tree-5.0.2.jar:/home/user/.m2/repository/org/ow2/asm/asm/5.0.4/asm-5.0.4.jar:/home/user/.m2/repository/commons-lang/commons-lang/2.6/commons-lang-2.6.jar:/home/user/.m2/repository/com/apple/AppleJavaExtensions/1.4/AppleJavaExtensions-1.4.jar:/home/user/.m2/repository/jaxen/jaxen/1.1.6/jaxen-1.1.6.jar:/home/user/.m2/repository/junit/junit/4.11/junit-4.11.jar:/home/user/.m2/repository/org/hamcrest/hamcrest-core/1.3/hamcrest-core-1.3.jar:/home/user/.m2/repository/org/apache/hadoop/hadoop-common/3.2.0/hadoop-common-3.2.0-tests.jar:/workdir/hadoop-ozone/integration-test/target/test-classes:/home/user/.m2/repository/org/apache/hadoop/hadoop-ozone-objectstore-service/0.5.0-SNAPSHOT/hadoop-ozone-objectstore-service-0.5.0-SNAPSHOT.jar:/home/user/.m2/repository/org/apache/hadoop/hadoop-ozone-s3gateway/0.5.0-SNAPSHOT/hadoop-ozone-s3gateway-0.5.0-SNAPSHOT.jar:/home/user/.m2/repository/org/jboss/weld/servlet/weld-servlet/2.4.7.Final/weld-servlet-2.4.7.Final.jar:/home/user/.m2/repository/org/glassfish/jersey/containers/jersey-container-servlet-core/2.27/jersey-container-servlet-core-2.27.jar:/home/user/.m2/repository/org/glassfish/hk2/external/javax.inject/2.5.0-b42/javax.inject-2.5.0-b42.jar:/home/user/.m2/repository/org/glassfish/jersey/core/jersey-common/2.27/jersey-common-2.27.jar:/home/user/.m2/repository/org/glassfish/hk2/osgi-resource-locator/1.0.1/osgi-resource-locator-1.0.1.jar:/home/user/.m2/repository/javax/ws/rs/javax.ws.rs-api/2.1/javax.ws.rs-api-2.1.jar:/home/user/.m2/repository/org/glassfish/jersey/ext/cdi/jersey-cdi1x/2.27/jersey-cdi1x-2.27.jar:/home/user/.m2/repository/org/glassfish/jersey/inject/jersey-hk2/2.27/jersey-hk2-2.27.jar:/home/user/.m2/repository/org/glassfish/hk2/hk2-locator/2.5.0-b42/hk2-locator-2.5.0-b42.jar:/home/user/.m2/repository/org/javassist/javassist/3.22.0-CR2/javassist-3.22.0-CR2.jar:/home/user/.m2/repository/org/glassfish/hk2/hk2-api/2.5.0/hk2-api-2.5.0.jar:/home/user/.m2/repository/org/glassfish/hk2/external/jakarta.inject/2.5.0/jakarta.inject-2.5.0.jar:/home/user/.m2/repository/org/glassfish/hk2/hk2-utils/2.5.0/hk2-utils-2.5.0.jar:/home/user/.m2/repository/jakarta/annotation/jakarta.annotation-api/1.3.4/jakarta.annotation-api-1.3.4.jar:/home/user/.m2/repository/org/glassfish/hk2/external/aopalliance-repackaged/2.5.0/aopalliance-repackaged-2.5.0.jar:/home/user/.m2/repository/com/fasterxml/jackson/dataformat/jackson-dataformat-xml/2.9.0/jackson-dataformat-xml-2.9.0.jar:/home/user/.m2/repository/com/fasterxml/jackson/module/jackson-module-jaxb-annotations/2.9.5/jackson-module-jaxb-annotations-2.9.5.jar:/home/user/.m2/repository/javax/enterprise/cdi-api/1.2/cdi-api-1.2.jar:/home/user/.m2/repository/javax/el/javax.el-api/3.0.0/javax.el-api-3.0.0.jar:/home/user/.m2/repository/javax/interceptor/javax.interceptor-api/1.2/javax.interceptor-api-1.2.jar:/home/user/.m2/repository/javax/inject/javax.inject/1/javax.inject-1.jar:/home/user/.m2/repository/org/apache/hadoop/hadoop-ozone-csi/0.5.0-SNAPSHOT/hadoop-ozone-csi-0.5.0-SNAPSHOT.jar:/home/user/.m2/repository/com/google/protobuf/protobuf-java-util/3.5.1/protobuf-java-util-3.5.1.jar:/home/user/.m2/repository/io/grpc/grpc-netty/1.17.1/grpc-netty-1.17.1.jar:/home/user/.m2/repository/io/grpc/grpc-core/1.17.1/grpc-core-1.17.1.jar:/home/user/.m2/repository/io/grpc/grpc-context/1.17.1/grpc-context-1.17.1.jar:/home/user/.m2/repository/com/google/errorprone/error_prone_annotations/2.2.0/error_prone_annotations-2.2.0.jar:/home/user/.m2/repository/org/codehaus/mojo/animal-sniffer-annotations/1.17/animal-sniffer-annotations-1.17.jar:/home/user/.m2/repository/io/opencensus/opencensus-api/0.17.0/opencensus-api-0.17.0.jar:/home/user/.m2/repository/io/opencensus/opencensus-contrib-grpc-metrics/0.17.0/opencensus-contrib-grpc-metrics-0.17.0.jar:/home/user/.m2/repository/io/netty/netty-codec-http2/4.1.30.Final/netty-codec-http2-4.1.30.Final.jar:/home/user/.m2/repository/io/netty/netty-codec-http/4.1.30.Final/netty-codec-http-4.1.30.Final.jar:/home/user/.m2/repository/io/netty/netty-codec/4.1.30.Final/netty-codec-4.1.30.Final.jar:/home/user/.m2/repository/io/netty/netty-handler/4.1.30.Final/netty-handler-4.1.30.Final.jar:/home/user/.m2/repository/io/netty/netty-handler-proxy/4.1.30.Final/netty-handler-proxy-4.1.30.Final.jar:/home/user/.m2/repository/io/netty/netty-codec-socks/4.1.30.Final/netty-codec-socks-4.1.30.Final.jar:/home/user/.m2/repository/io/netty/netty-transport-native-epoll/4.1.30.Final/netty-transport-native-epoll-4.1.30.Final.jar:/home/user/.m2/repository/io/netty/netty-common/4.1.30.Final/netty-common-4.1.30.Final.jar:/home/user/.m2/repository/io/netty/netty-buffer/4.1.30.Final/netty-buffer-4.1.30.Final.jar:/home/user/.m2/repository/io/netty/netty-transport/4.1.30.Final/netty-transport-4.1.30.Final.jar:/home/user/.m2/repository/io/netty/netty-resolver/4.1.30.Final/netty-resolver-4.1.30.Final.jar:/home/user/.m2/repository/io/netty/netty-transport-native-unix-common/4.1.30.Final/netty-transport-native-unix-common-4.1.30.Final.jar:/home/user/.m2/repository/io/grpc/grpc-protobuf/1.17.1/grpc-protobuf-1.17.1.jar:/home/user/.m2/repository/com/google/api/grpc/proto-google-common-protos/1.0.0/proto-google-common-protos-1.0.0.jar:/home/user/.m2/repository/io/grpc/grpc-protobuf-lite/1.17.1/grpc-protobuf-lite-1.17.1.jar:/home/user/.m2/repository/io/grpc/grpc-stub/1.17.1/grpc-stub-1.17.1.jar:/home/user/.m2/repository/org/apache/hadoop/hadoop-ozone-recon/0.5.0-SNAPSHOT/hadoop-ozone-recon-0.5.0-SNAPSHOT.jar:/home/user/.m2/repository/org/apache/hadoop/hadoop-ozone-reconcodegen/0.5.0-SNAPSHOT/hadoop-ozone-reconcodegen-0.5.0-SNAPSHOT.jar:/home/user/.m2/repository/com/google/inject/extensions/guice-multibindings/4.0/guice-multibindings-4.0.jar:/home/user/.m2/repository/com/google/inject/guice/4.0/guice-4.0.jar:/home/user/.m2/repository/aopalliance/aopalliance/1.0/aopalliance-1.0.jar:/home/user/.m2/repository/com/google/inject/extensions/guice-servlet/4.0/guice-servlet-4.0.jar:/home/user/.m2/repository/org/glassfish/jersey/containers/jersey-container-servlet/2.27/jersey-container-servlet-2.27.jar:/home/user/.m2/repository/org/glassfish/hk2/guice-bridge/2.5.0/guice-bridge-2.5.0.jar:/home/user/.m2/repository/org/glassfish/jersey/core/jersey-server/2.27/jersey-server-2.27.jar:/home/user/.m2/repository/org/glassfish/jersey/core/jersey-client/2.27/jersey-client-2.27.jar:/home/user/.m2/repository/org/glassfish/jersey/media/jersey-media-jaxb/2.27/jersey-media-jaxb-2.27.jar:/home/user/.m2/repository/javax/validation/validation-api/1.1.0.Final/validation-api-1.1.0.Final.jar:/home/user/.m2/repository/org/glassfish/jersey/media/jersey-media-json-jackson/2.27/jersey-media-json-jackson-2.27.jar:/home/user/.m2/repository/org/glassfish/jersey/ext/jersey-entity-filtering/2.27/jersey-entity-filtering-2.27.jar:/home/user/.m2/repository/com/google/inject/extensions/guice-assistedinject/4.0/guice-assistedinject-4.0.jar:/home/user/.m2/repository/org/jooq/jooq/3.11.10/jooq-3.11.10.jar:/home/user/.m2/repository/org/jooq/jooq-meta/3.11.10/jooq-meta-3.11.10.jar:/home/user/.m2/repository/org/jooq/jooq-codegen/3.11.10/jooq-codegen-3.11.10.jar:/home/user/.m2/repository/com/jolbox/bonecp/0.8.0.RELEASE/bonecp-0.8.0.RELEASE.jar:/home/user/.m2/repository/org/springframework/spring-jdbc/5.1.3.RELEASE/spring-jdbc-5.1.3.RELEASE.jar:/home/user/.m2/repository/org/springframework/spring-beans/5.1.3.RELEASE/spring-beans-5.1.3.RELEASE.jar:/home/user/.m2/repository/org/springframework/spring-core/5.1.3.RELEASE/spring-core-5.1.3.RELEASE.jar:/home/user/.m2/repository/org/springframework/spring-jcl/5.1.3.RELEASE/spring-jcl-5.1.3.RELEASE.jar:/home/user/.m2/repository/org/springframework/spring-tx/5.1.3.RELEASE/spring-tx-5.1.3.RELEASE.jar:/home/user/.m2/repository/org/mockito/mockito-core/2.15.0/mockito-core-2.15.0.jar:/home/user/.m2/repository/net/bytebuddy/byte-buddy/1.7.9/byte-buddy-1.7.9.jar:/home/user/.m2/repository/net/bytebuddy/byte-buddy-agent/1.7.9/byte-buddy-agent-1.7.9.jar:/home/user/.m2/repository/org/objenesis/objenesis/1.0/objenesis-1.0.jar:"/>
    <property name="java.vm.vendor" value="IcedTea"/>
    <property name="sun.arch.data.model" value="64"/>
    <property name="test.build.dir" value="/workdir/hadoop-ozone/tools/target/test-dir"/>
    <property name="test.cache.data" value=""/>
    <property name="java.vendor.url" value="https://icedtea.classpath.org"/>
    <property name="user.timezone" value=""/>
    <property name="java.vm.specification.version" value="1.8"/>
    <property name="os.name" value="Linux"/>
    <property name="test.build.data" value="/workdir/hadoop-ozone/tools/target/test-dir"/>
    <property name="user.country" value="US"/>
    <property name="sun.java.launcher" value="SUN_STANDARD"/>
    <property name="sun.boot.library.path" value="/usr/lib/jvm/java-1.8-openjdk/jre/lib/amd64"/>
    <property name="sun.java.command" value="/workdir/hadoop-ozone/tools/target/surefire/surefirebooter1458365247095144446.jar /workdir/hadoop-ozone/tools/target/surefire 2019-09-12T10-13-21_360-jvmRun1 surefire3622165266038696295tmp surefire_11529543927606497594tmp"/>
    <property name="test" value="!TestMiniChaosOzoneCluster"/>
    <property name="surefire.test.class.path" value="/workdir/hadoop-ozone/tools/target/test-classes:/workdir/hadoop-ozone/tools/target/classes:/home/user/.m2/repository/org/apache/hadoop/hadoop-ozone-ozone-manager/0.5.0-SNAPSHOT/hadoop-ozone-ozone-manager-0.5.0-SNAPSHOT.jar:/home/user/.m2/repository/org/apache/hadoop/hadoop-hdds-docs/0.5.0-SNAPSHOT/hadoop-hdds-docs-0.5.0-SNAPSHOT.jar:/home/user/.m2/repository/org/bouncycastle/bcprov-jdk15on/1.60/bcprov-jdk15on-1.60.jar:/home/user/.m2/repository/org/apache/hadoop/hadoop-ozone-common/0.5.0-SNAPSHOT/hadoop-ozone-common-0.5.0-SNAPSHOT.jar:/home/user/.m2/repository/org/apache/commons/commons-compress/1.4.1/commons-compress-1.4.1.jar:/home/user/.m2/repository/org/tukaani/xz/1.0/xz-1.0.jar:/home/user/.m2/repository/org/apache/hadoop/hadoop-hdfs-client/3.2.0/hadoop-hdfs-client-3.2.0.jar:/home/user/.m2/repository/com/fasterxml/jackson/core/jackson-annotations/2.9.5/jackson-annotations-2.9.5.jar:/home/user/.m2/repository/org/apache/hadoop/hadoop-hdds-common/0.5.0-SNAPSHOT/hadoop-hdds-common-0.5.0-SNAPSHOT.jar:/home/user/.m2/repository/org/apache/hadoop/hadoop-hdds-config/0.5.0-SNAPSHOT/hadoop-hdds-config-0.5.0-SNAPSHOT.jar:/home/user/.m2/repository/javax/annotation/javax.annotation-api/1.2/javax.annotation-api-1.2.jar:/home/user/.m2/repository/org/apache/ratis/ratis-server/0.4.0-2337318-SNAPSHOT/ratis-server-0.4.0-2337318-SNAPSHOT.jar:/home/user/.m2/repository/org/apache/ratis/ratis-thirdparty-misc/0.2.0/ratis-thirdparty-misc-0.2.0.jar:/home/user/.m2/repository/org/apache/ratis/ratis-proto/0.4.0-2337318-SNAPSHOT/ratis-proto-0.4.0-2337318-SNAPSHOT.jar:/home/user/.m2/repository/org/apache/ratis/ratis-common/0.4.0-2337318-SNAPSHOT/ratis-common-0.4.0-2337318-SNAPSHOT.jar:/home/user/.m2/repository/org/apache/ratis/ratis-client/0.4.0-2337318-SNAPSHOT/ratis-client-0.4.0-2337318-SNAPSHOT.jar:/home/user/.m2/repository/org/apache/ratis/ratis-metrics/0.4.0-2337318-SNAPSHOT/ratis-metrics-0.4.0-2337318-SNAPSHOT.jar:/home/user/.m2/repository/org/apache/ratis/ratis-netty/0.4.0-2337318-SNAPSHOT/ratis-netty-0.4.0-2337318-SNAPSHOT.jar:/home/user/.m2/repository/org/apache/ratis/ratis-grpc/0.4.0-2337318-SNAPSHOT/ratis-grpc-0.4.0-2337318-SNAPSHOT.jar:/home/user/.m2/repository/org/rocksdb/rocksdbjni/6.0.1/rocksdbjni-6.0.1.jar:/home/user/.m2/repository/org/apache/logging/log4j/log4j-api/2.11.0/log4j-api-2.11.0.jar:/home/user/.m2/repository/org/apache/logging/log4j/log4j-core/2.11.0/log4j-core-2.11.0.jar:/home/user/.m2/repository/com/lmax/disruptor/3.4.2/disruptor-3.4.2.jar:/home/user/.m2/repository/org/apache/commons/commons-pool2/2.6.0/commons-pool2-2.6.0.jar:/home/user/.m2/repository/org/bouncycastle/bcpkix-jdk15on/1.60/bcpkix-jdk15on-1.60.jar:/home/user/.m2/repository/commons-validator/commons-validator/1.6/commons-validator-1.6.jar:/home/user/.m2/repository/commons-digester/commons-digester/1.8.1/commons-digester-1.8.1.jar:/home/user/.m2/repository/io/jaegertracing/jaeger-client/0.33.1/jaeger-client-0.33.1.jar:/home/user/.m2/repository/io/jaegertracing/jaeger-thrift/0.33.1/jaeger-thrift-0.33.1.jar:/home/user/.m2/repository/org/apache/thrift/libthrift/0.11.0/libthrift-0.11.0.jar:/home/user/.m2/repository/com/squareup/okhttp3/okhttp/3.9.0/okhttp-3.9.0.jar:/home/user/.m2/repository/com/squareup/okio/okio/1.13.0/okio-1.13.0.jar:/home/user/.m2/repository/io/jaegertracing/jaeger-core/0.33.1/jaeger-core-0.33.1.jar:/home/user/.m2/repository/io/jaegertracing/jaeger-tracerresolver/0.33.1/jaeger-tracerresolver-0.33.1.jar:/home/user/.m2/repository/io/opentracing/contrib/opentracing-tracerresolver/0.1.5/opentracing-tracerresolver-0.1.5.jar:/home/user/.m2/repository/io/opentracing/opentracing-util/0.31.0/opentracing-util-0.31.0.jar:/home/user/.m2/repository/io/opentracing/opentracing-api/0.31.0/opentracing-api-0.31.0.jar:/home/user/.m2/repository/io/opentracing/opentracing-noop/0.31.0/opentracing-noop-0.31.0.jar:/home/user/.m2/repository/org/yaml/snakeyaml/1.16/snakeyaml-1.16.jar:/home/user/.m2/repository/org/apache/hadoop/hadoop-hdds-container-service/0.5.0-SNAPSHOT/hadoop-hdds-container-service-0.5.0-SNAPSHOT.jar:/home/user/.m2/repository/org/apache/hadoop/hadoop-hdds-client/0.5.0-SNAPSHOT/hadoop-hdds-client-0.5.0-SNAPSHOT.jar:/home/user/.m2/repository/org/apache/hadoop/hadoop-hdds-tools/0.5.0-SNAPSHOT/hadoop-hdds-tools-0.5.0-SNAPSHOT.jar:/home/user/.m2/repository/org/xerial/sqlite-jdbc/3.25.2/sqlite-jdbc-3.25.2.jar:/home/user/.m2/repository/org/apache/hadoop/hadoop-hdds-server-scm/0.5.0-SNAPSHOT/hadoop-hdds-server-scm-0.5.0-SNAPSHOT.jar:/home/user/.m2/repository/org/hamcrest/hamcrest-all/1.3/hamcrest-all-1.3.jar:/home/user/.m2/repository/info/picocli/picocli/3.9.6/picocli-3.9.6.jar:/home/user/.m2/repository/com/google/protobuf/protobuf-java/2.5.0/protobuf-java-2.5.0.jar:/home/user/.m2/repository/com/google/guava/guava/11.0.2/guava-11.0.2.jar:/home/user/.m2/repository/org/apache/hadoop/hadoop-ozone-client/0.5.0-SNAPSHOT/hadoop-ozone-client-0.5.0-SNAPSHOT.jar:/workdir/hadoop-ozone/ozonefs/target/classes:/home/user/.m2/repository/org/apache/hadoop/hadoop-hdds-server-framework/0.5.0-SNAPSHOT/hadoop-hdds-server-framework-0.5.0-SNAPSHOT.jar:/home/user/.m2/repository/org/apache/hadoop/hadoop-common/3.2.0/hadoop-common-3.2.0.jar:/home/user/.m2/repository/org/apache/hadoop/hadoop-annotations/3.2.0/hadoop-annotations-3.2.0.jar:/usr/lib/jvm/java-1.8-openjdk/jre/../lib/tools.jar:/home/user/.m2/repository/commons-cli/commons-cli/1.2/commons-cli-1.2.jar:/home/user/.m2/repository/org/apache/commons/commons-math3/3.1.1/commons-math3-3.1.1.jar:/home/user/.m2/repository/org/apache/httpcomponents/httpclient/4.5.2/httpclient-4.5.2.jar:/home/user/.m2/repository/org/apache/httpcomponents/httpcore/4.4.4/httpcore-4.4.4.jar:/home/user/.m2/repository/commons-codec/commons-codec/1.11/commons-codec-1.11.jar:/home/user/.m2/repository/commons-io/commons-io/2.5/commons-io-2.5.jar:/home/user/.m2/repository/commons-net/commons-net/3.6/commons-net-3.6.jar:/home/user/.m2/repository/commons-collections/commons-collections/3.2.2/commons-collections-3.2.2.jar:/home/user/.m2/repository/javax/servlet/javax.servlet-api/3.1.0/javax.servlet-api-3.1.0.jar:/home/user/.m2/repository/org/eclipse/jetty/jetty-server/9.3.24.v20180605/jetty-server-9.3.24.v20180605.jar:/home/user/.m2/repository/org/eclipse/jetty/jetty-http/9.3.24.v20180605/jetty-http-9.3.24.v20180605.jar:/home/user/.m2/repository/org/eclipse/jetty/jetty-io/9.3.24.v20180605/jetty-io-9.3.24.v20180605.jar:/home/user/.m2/repository/org/eclipse/jetty/jetty-util/9.3.24.v20180605/jetty-util-9.3.24.v20180605.jar:/home/user/.m2/repository/org/eclipse/jetty/jetty-servlet/9.3.24.v20180605/jetty-servlet-9.3.24.v20180605.jar:/home/user/.m2/repository/org/eclipse/jetty/jetty-security/9.3.24.v20180605/jetty-security-9.3.24.v20180605.jar:/home/user/.m2/repository/org/eclipse/jetty/jetty-webapp/9.3.24.v20180605/jetty-webapp-9.3.24.v20180605.jar:/home/user/.m2/repository/org/eclipse/jetty/jetty-xml/9.3.24.v20180605/jetty-xml-9.3.24.v20180605.jar:/home/user/.m2/repository/javax/servlet/jsp/jsp-api/2.1/jsp-api-2.1.jar:/home/user/.m2/repository/com/sun/jersey/jersey-core/1.19/jersey-core-1.19.jar:/home/user/.m2/repository/javax/ws/rs/jsr311-api/1.1.1/jsr311-api-1.1.1.jar:/home/user/.m2/repository/com/sun/jersey/jersey-servlet/1.19/jersey-servlet-1.19.jar:/home/user/.m2/repository/com/sun/jersey/jersey-json/1.19/jersey-json-1.19.jar:/home/user/.m2/repository/org/codehaus/jettison/jettison/1.1/jettison-1.1.jar:/home/user/.m2/repository/com/sun/xml/bind/jaxb-impl/2.3.0.1/jaxb-impl-2.3.0.1.jar:/home/user/.m2/repository/org/codehaus/jackson/jackson-core-asl/1.9.13/jackson-core-asl-1.9.13.jar:/home/user/.m2/repository/org/codehaus/jackson/jackson-mapper-asl/1.9.13/jackson-mapper-asl-1.9.13.jar:/home/user/.m2/repository/org/codehaus/jackson/jackson-jaxrs/1.9.13/jackson-jaxrs-1.9.13.jar:/home/user/.m2/repository/org/codehaus/jackson/jackson-xc/1.9.13/jackson-xc-1.9.13.jar:/home/user/.m2/repository/com/sun/jersey/jersey-server/1.19/jersey-server-1.19.jar:/home/user/.m2/repository/commons-logging/commons-logging/1.1.3/commons-logging-1.1.3.jar:/home/user/.m2/repository/log4j/log4j/1.2.17/log4j-1.2.17.jar:/home/user/.m2/repository/commons-beanutils/commons-beanutils/1.9.3/commons-beanutils-1.9.3.jar:/home/user/.m2/repository/org/apache/commons/commons-configuration2/2.1.1/commons-configuration2-2.1.1.jar:/home/user/.m2/repository/org/apache/commons/commons-lang3/3.7/commons-lang3-3.7.jar:/home/user/.m2/repository/org/apache/commons/commons-text/1.4/commons-text-1.4.jar:/home/user/.m2/repository/org/slf4j/slf4j-api/1.7.25/slf4j-api-1.7.25.jar:/home/user/.m2/repository/org/slf4j/slf4j-log4j12/1.7.25/slf4j-log4j12-1.7.25.jar:/home/user/.m2/repository/org/apache/avro/avro/1.7.7/avro-1.7.7.jar:/home/user/.m2/repository/com/thoughtworks/paranamer/paranamer/2.3/paranamer-2.3.jar:/home/user/.m2/repository/org/xerial/snappy/snappy-java/1.0.5/snappy-java-1.0.5.jar:/home/user/.m2/repository/com/google/re2j/re2j/1.1/re2j-1.1.jar:/home/user/.m2/repository/com/google/code/gson/gson/2.2.4/gson-2.2.4.jar:/home/user/.m2/repository/org/apache/hadoop/hadoop-auth/3.2.0/hadoop-auth-3.2.0.jar:/home/user/.m2/repository/com/nimbusds/nimbus-jose-jwt/4.41.1/nimbus-jose-jwt-4.41.1.jar:/home/user/.m2/repository/com/github/stephenc/jcip/jcip-annotations/1.0-1/jcip-annotations-1.0-1.jar:/home/user/.m2/repository/net/minidev/json-smart/2.3/json-smart-2.3.jar:/home/user/.m2/repository/net/minidev/accessors-smart/1.2/accessors-smart-1.2.jar:/home/user/.m2/repository/org/apache/curator/curator-framework/2.12.0/curator-framework-2.12.0.jar:/home/user/.m2/repository/com/jcraft/jsch/0.1.54/jsch-0.1.54.jar:/home/user/.m2/repository/org/apache/curator/curator-client/2.12.0/curator-client-2.12.0.jar:/home/user/.m2/repository/org/apache/curator/curator-recipes/2.12.0/curator-recipes-2.12.0.jar:/home/user/.m2/repository/com/google/code/findbugs/jsr305/3.0.0/jsr305-3.0.0.jar:/home/user/.m2/repository/org/apache/htrace/htrace-core4/4.1.0-incubating/htrace-core4-4.1.0-incubating.jar:/home/user/.m2/repository/org/apache/zookeeper/zookeeper/3.4.13/zookeeper-3.4.13.jar:/home/user/.m2/repository/org/apache/yetus/audience-annotations/0.5.0/audience-annotations-0.5.0.jar:/home/user/.m2/repository/org/apache/kerby/kerb-simplekdc/1.0.1/kerb-simplekdc-1.0.1.jar:/home/user/.m2/repository/org/apache/kerby/kerb-client/1.0.1/kerb-client-1.0.1.jar:/home/user/.m2/repository/org/apache/kerby/kerby-config/1.0.1/kerby-config-1.0.1.jar:/home/user/.m2/repository/org/apache/kerby/kerb-core/1.0.1/kerb-core-1.0.1.jar:/home/user/.m2/repository/org/apache/kerby/kerby-pkix/1.0.1/kerby-pkix-1.0.1.jar:/home/user/.m2/repository/org/apache/kerby/kerby-asn1/1.0.1/kerby-asn1-1.0.1.jar:/home/user/.m2/repository/org/apache/kerby/kerby-util/1.0.1/kerby-util-1.0.1.jar:/home/user/.m2/repository/org/apache/kerby/kerb-common/1.0.1/kerb-common-1.0.1.jar:/home/user/.m2/repository/org/apache/kerby/kerb-crypto/1.0.1/kerb-crypto-1.0.1.jar:/home/user/.m2/repository/org/apache/kerby/kerb-util/1.0.1/kerb-util-1.0.1.jar:/home/user/.m2/repository/org/apache/kerby/token-provider/1.0.1/token-provider-1.0.1.jar:/home/user/.m2/repository/org/apache/kerby/kerb-admin/1.0.1/kerb-admin-1.0.1.jar:/home/user/.m2/repository/org/apache/kerby/kerb-server/1.0.1/kerb-server-1.0.1.jar:/home/user/.m2/repository/org/apache/kerby/kerb-identity/1.0.1/kerb-identity-1.0.1.jar:/home/user/.m2/repository/org/apache/kerby/kerby-xdr/1.0.1/kerby-xdr-1.0.1.jar:/home/user/.m2/repository/com/fasterxml/jackson/core/jackson-databind/2.9.5/jackson-databind-2.9.5.jar:/home/user/.m2/repository/com/fasterxml/jackson/core/jackson-core/2.9.5/jackson-core-2.9.5.jar:/home/user/.m2/repository/org/codehaus/woodstox/stax2-api/3.1.4/stax2-api-3.1.4.jar:/home/user/.m2/repository/com/fasterxml/woodstox/woodstox-core/5.0.3/woodstox-core-5.0.3.jar:/home/user/.m2/repository/dnsjava/dnsjava/2.1.7/dnsjava-2.1.7.jar:/home/user/.m2/repository/org/apache/hadoop/hadoop-hdfs/3.2.0/hadoop-hdfs-3.2.0.jar:/home/user/.m2/repository/org/eclipse/jetty/jetty-util-ajax/9.3.24.v20180605/jetty-util-ajax-9.3.24.v20180605.jar:/home/user/.m2/repository/commons-daemon/commons-daemon/1.0.13/commons-daemon-1.0.13.jar:/home/user/.m2/repository/io/netty/netty/3.10.5.Final/netty-3.10.5.Final.jar:/home/user/.m2/repository/io/netty/netty-all/4.0.52.Final/netty-all-4.0.52.Final.jar:/home/user/.m2/repository/org/fusesource/leveldbjni/leveldbjni-all/1.8/leveldbjni-all-1.8.jar:/home/user/.m2/repository/com/sun/xml/bind/jaxb-core/2.3.0.1/jaxb-core-2.3.0.1.jar:/home/user/.m2/repository/javax/xml/bind/jaxb-api/2.3.0/jaxb-api-2.3.0.jar:/home/user/.m2/repository/javax/activation/activation/1.1.1/activation-1.1.1.jar:/home/user/.m2/repository/io/dropwizard/metrics/metrics-core/3.2.4/metrics-core-3.2.4.jar:/home/user/.m2/repository/org/openjdk/jmh/jmh-core/1.19/jmh-core-1.19.jar:/home/user/.m2/repository/net/sf/jopt-simple/jopt-simple/4.6/jopt-simple-4.6.jar:/home/user/.m2/repository/org/openjdk/jmh/jmh-generator-annprocess/1.19/jmh-generator-annprocess-1.19.jar:/home/user/.m2/repository/com/google/code/findbugs/findbugs/3.0.1/findbugs-3.0.1.jar:/home/user/.m2/repository/net/jcip/jcip-annotations/1.0/jcip-annotations-1.0.jar:/home/user/.m2/repository/com/google/code/findbugs/bcel-findbugs/6.0/bcel-findbugs-6.0.jar:/home/user/.m2/repository/com/google/code/findbugs/jFormatString/2.0.1/jFormatString-2.0.1.jar:/home/user/.m2/repository/dom4j/dom4j/1.6.1/dom4j-1.6.1.jar:/home/user/.m2/repository/xml-apis/xml-apis/1.0.b2/xml-apis-1.0.b2.jar:/home/user/.m2/repository/org/ow2/asm/asm-debug-all/5.0.2/asm-debug-all-5.0.2.jar:/home/user/.m2/repository/org/ow2/asm/asm-commons/5.0.2/asm-commons-5.0.2.jar:/home/user/.m2/repository/org/ow2/asm/asm-tree/5.0.2/asm-tree-5.0.2.jar:/home/user/.m2/repository/org/ow2/asm/asm/5.0.4/asm-5.0.4.jar:/home/user/.m2/repository/commons-lang/commons-lang/2.6/commons-lang-2.6.jar:/home/user/.m2/repository/com/apple/AppleJavaExtensions/1.4/AppleJavaExtensions-1.4.jar:/home/user/.m2/repository/jaxen/jaxen/1.1.6/jaxen-1.1.6.jar:/home/user/.m2/repository/junit/junit/4.11/junit-4.11.jar:/home/user/.m2/repository/org/hamcrest/hamcrest-core/1.3/hamcrest-core-1.3.jar:/home/user/.m2/repository/org/apache/hadoop/hadoop-common/3.2.0/hadoop-common-3.2.0-tests.jar:/workdir/hadoop-ozone/integration-test/target/test-classes:/home/user/.m2/repository/org/apache/hadoop/hadoop-ozone-objectstore-service/0.5.0-SNAPSHOT/hadoop-ozone-objectstore-service-0.5.0-SNAPSHOT.jar:/home/user/.m2/repository/org/apache/hadoop/hadoop-ozone-s3gateway/0.5.0-SNAPSHOT/hadoop-ozone-s3gateway-0.5.0-SNAPSHOT.jar:/home/user/.m2/repository/org/jboss/weld/servlet/weld-servlet/2.4.7.Final/weld-servlet-2.4.7.Final.jar:/home/user/.m2/repository/org/glassfish/jersey/containers/jersey-container-servlet-core/2.27/jersey-container-servlet-core-2.27.jar:/home/user/.m2/repository/org/glassfish/hk2/external/javax.inject/2.5.0-b42/javax.inject-2.5.0-b42.jar:/home/user/.m2/repository/org/glassfish/jersey/core/jersey-common/2.27/jersey-common-2.27.jar:/home/user/.m2/repository/org/glassfish/hk2/osgi-resource-locator/1.0.1/osgi-resource-locator-1.0.1.jar:/home/user/.m2/repository/javax/ws/rs/javax.ws.rs-api/2.1/javax.ws.rs-api-2.1.jar:/home/user/.m2/repository/org/glassfish/jersey/ext/cdi/jersey-cdi1x/2.27/jersey-cdi1x-2.27.jar:/home/user/.m2/repository/org/glassfish/jersey/inject/jersey-hk2/2.27/jersey-hk2-2.27.jar:/home/user/.m2/repository/org/glassfish/hk2/hk2-locator/2.5.0-b42/hk2-locator-2.5.0-b42.jar:/home/user/.m2/repository/org/javassist/javassist/3.22.0-CR2/javassist-3.22.0-CR2.jar:/home/user/.m2/repository/org/glassfish/hk2/hk2-api/2.5.0/hk2-api-2.5.0.jar:/home/user/.m2/repository/org/glassfish/hk2/external/jakarta.inject/2.5.0/jakarta.inject-2.5.0.jar:/home/user/.m2/repository/org/glassfish/hk2/hk2-utils/2.5.0/hk2-utils-2.5.0.jar:/home/user/.m2/repository/jakarta/annotation/jakarta.annotation-api/1.3.4/jakarta.annotation-api-1.3.4.jar:/home/user/.m2/repository/org/glassfish/hk2/external/aopalliance-repackaged/2.5.0/aopalliance-repackaged-2.5.0.jar:/home/user/.m2/repository/com/fasterxml/jackson/dataformat/jackson-dataformat-xml/2.9.0/jackson-dataformat-xml-2.9.0.jar:/home/user/.m2/repository/com/fasterxml/jackson/module/jackson-module-jaxb-annotations/2.9.5/jackson-module-jaxb-annotations-2.9.5.jar:/home/user/.m2/repository/javax/enterprise/cdi-api/1.2/cdi-api-1.2.jar:/home/user/.m2/repository/javax/el/javax.el-api/3.0.0/javax.el-api-3.0.0.jar:/home/user/.m2/repository/javax/interceptor/javax.interceptor-api/1.2/javax.interceptor-api-1.2.jar:/home/user/.m2/repository/javax/inject/javax.inject/1/javax.inject-1.jar:/home/user/.m2/repository/org/apache/hadoop/hadoop-ozone-csi/0.5.0-SNAPSHOT/hadoop-ozone-csi-0.5.0-SNAPSHOT.jar:/home/user/.m2/repository/com/google/protobuf/protobuf-java-util/3.5.1/protobuf-java-util-3.5.1.jar:/home/user/.m2/repository/io/grpc/grpc-netty/1.17.1/grpc-netty-1.17.1.jar:/home/user/.m2/repository/io/grpc/grpc-core/1.17.1/grpc-core-1.17.1.jar:/home/user/.m2/repository/io/grpc/grpc-context/1.17.1/grpc-context-1.17.1.jar:/home/user/.m2/repository/com/google/errorprone/error_prone_annotations/2.2.0/error_prone_annotations-2.2.0.jar:/home/user/.m2/repository/org/codehaus/mojo/animal-sniffer-annotations/1.17/animal-sniffer-annotations-1.17.jar:/home/user/.m2/repository/io/opencensus/opencensus-api/0.17.0/opencensus-api-0.17.0.jar:/home/user/.m2/repository/io/opencensus/opencensus-contrib-grpc-metrics/0.17.0/opencensus-contrib-grpc-metrics-0.17.0.jar:/home/user/.m2/repository/io/netty/netty-codec-http2/4.1.30.Final/netty-codec-http2-4.1.30.Final.jar:/home/user/.m2/repository/io/netty/netty-codec-http/4.1.30.Final/netty-codec-http-4.1.30.Final.jar:/home/user/.m2/repository/io/netty/netty-codec/4.1.30.Final/netty-codec-4.1.30.Final.jar:/home/user/.m2/repository/io/netty/netty-handler/4.1.30.Final/netty-handler-4.1.30.Final.jar:/home/user/.m2/repository/io/netty/netty-handler-proxy/4.1.30.Final/netty-handler-proxy-4.1.30.Final.jar:/home/user/.m2/repository/io/netty/netty-codec-socks/4.1.30.Final/netty-codec-socks-4.1.30.Final.jar:/home/user/.m2/repository/io/netty/netty-transport-native-epoll/4.1.30.Final/netty-transport-native-epoll-4.1.30.Final.jar:/home/user/.m2/repository/io/netty/netty-common/4.1.30.Final/netty-common-4.1.30.Final.jar:/home/user/.m2/repository/io/netty/netty-buffer/4.1.30.Final/netty-buffer-4.1.30.Final.jar:/home/user/.m2/repository/io/netty/netty-transport/4.1.30.Final/netty-transport-4.1.30.Final.jar:/home/user/.m2/repository/io/netty/netty-resolver/4.1.30.Final/netty-resolver-4.1.30.Final.jar:/home/user/.m2/repository/io/netty/netty-transport-native-unix-common/4.1.30.Final/netty-transport-native-unix-common-4.1.30.Final.jar:/home/user/.m2/repository/io/grpc/grpc-protobuf/1.17.1/grpc-protobuf-1.17.1.jar:/home/user/.m2/repository/com/google/api/grpc/proto-google-common-protos/1.0.0/proto-google-common-protos-1.0.0.jar:/home/user/.m2/repository/io/grpc/grpc-protobuf-lite/1.17.1/grpc-protobuf-lite-1.17.1.jar:/home/user/.m2/repository/io/grpc/grpc-stub/1.17.1/grpc-stub-1.17.1.jar:/home/user/.m2/repository/org/apache/hadoop/hadoop-ozone-recon/0.5.0-SNAPSHOT/hadoop-ozone-recon-0.5.0-SNAPSHOT.jar:/home/user/.m2/repository/org/apache/hadoop/hadoop-ozone-reconcodegen/0.5.0-SNAPSHOT/hadoop-ozone-reconcodegen-0.5.0-SNAPSHOT.jar:/home/user/.m2/repository/com/google/inject/extensions/guice-multibindings/4.0/guice-multibindings-4.0.jar:/home/user/.m2/repository/com/google/inject/guice/4.0/guice-4.0.jar:/home/user/.m2/repository/aopalliance/aopalliance/1.0/aopalliance-1.0.jar:/home/user/.m2/repository/com/google/inject/extensions/guice-servlet/4.0/guice-servlet-4.0.jar:/home/user/.m2/repository/org/glassfish/jersey/containers/jersey-container-servlet/2.27/jersey-container-servlet-2.27.jar:/home/user/.m2/repository/org/glassfish/hk2/guice-bridge/2.5.0/guice-bridge-2.5.0.jar:/home/user/.m2/repository/org/glassfish/jersey/core/jersey-server/2.27/jersey-server-2.27.jar:/home/user/.m2/repository/org/glassfish/jersey/core/jersey-client/2.27/jersey-client-2.27.jar:/home/user/.m2/repository/org/glassfish/jersey/media/jersey-media-jaxb/2.27/jersey-media-jaxb-2.27.jar:/home/user/.m2/repository/javax/validation/validation-api/1.1.0.Final/validation-api-1.1.0.Final.jar:/home/user/.m2/repository/org/glassfish/jersey/media/jersey-media-json-jackson/2.27/jersey-media-json-jackson-2.27.jar:/home/user/.m2/repository/org/glassfish/jersey/ext/jersey-entity-filtering/2.27/jersey-entity-filtering-2.27.jar:/home/user/.m2/repository/com/google/inject/extensions/guice-assistedinject/4.0/guice-assistedinject-4.0.jar:/home/user/.m2/repository/org/jooq/jooq/3.11.10/jooq-3.11.10.jar:/home/user/.m2/repository/org/jooq/jooq-meta/3.11.10/jooq-meta-3.11.10.jar:/home/user/.m2/repository/org/jooq/jooq-codegen/3.11.10/jooq-codegen-3.11.10.jar:/home/user/.m2/repository/com/jolbox/bonecp/0.8.0.RELEASE/bonecp-0.8.0.RELEASE.jar:/home/user/.m2/repository/org/springframework/spring-jdbc/5.1.3.RELEASE/spring-jdbc-5.1.3.RELEASE.jar:/home/user/.m2/repository/org/springframework/spring-beans/5.1.3.RELEASE/spring-beans-5.1.3.RELEASE.jar:/home/user/.m2/repository/org/springframework/spring-core/5.1.3.RELEASE/spring-core-5.1.3.RELEASE.jar:/home/user/.m2/repository/org/springframework/spring-jcl/5.1.3.RELEASE/spring-jcl-5.1.3.RELEASE.jar:/home/user/.m2/repository/org/springframework/spring-tx/5.1.3.RELEASE/spring-tx-5.1.3.RELEASE.jar:/home/user/.m2/repository/org/mockito/mockito-core/2.15.0/mockito-core-2.15.0.jar:/home/user/.m2/repository/net/bytebuddy/byte-buddy/1.7.9/byte-buddy-1.7.9.jar:/home/user/.m2/repository/net/bytebuddy/byte-buddy-agent/1.7.9/byte-buddy-agent-1.7.9.jar:/home/user/.m2/repository/org/objenesis/objenesis/1.0/objenesis-1.0.jar:"/>
    <property name="sun.cpu.endian" value="little"/>
    <property name="user.home" value="/home/user"/>
    <property name="user.language" value="en"/>
    <property name="java.specification.vendor" value="Oracle Corporation"/>
    <property name="java.home" value="/usr/lib/jvm/java-1.8-openjdk/jre"/>
    <property name="java.security.krb5.conf" value="/workdir/hadoop-ozone/tools/target/test-classes/krb5.conf"/>
    <property name="basedir" value="/workdir/hadoop-ozone/tools"/>
    <property name="file.separator" value="/"/>
    <property name="line.separator" value="&#10;"/>
    <property name="java.vm.specification.vendor" value="Oracle Corporation"/>
    <property name="java.specification.name" value="Java Platform API Specification"/>
    <property name="java.awt.graphicsenv" value="sun.awt.X11GraphicsEnvironment"/>
    <property name="surefire.real.class.path" value="/workdir/hadoop-ozone/tools/target/surefire/surefirebooter1458365247095144446.jar"/>
    <property name="hadoop.log.dir" value="/workdir/hadoop-ozone/tools/target/log"/>
    <property name="sun.boot.class.path" value="/usr/lib/jvm/java-1.8-openjdk/jre/lib/resources.jar:/usr/lib/jvm/java-1.8-openjdk/jre/lib/rt.jar:/usr/lib/jvm/java-1.8-openjdk/jre/lib/sunrsasign.jar:/usr/lib/jvm/java-1.8-openjdk/jre/lib/jsse.jar:/usr/lib/jvm/java-1.8-openjdk/jre/lib/jce.jar:/usr/lib/jvm/java-1.8-openjdk/jre/lib/charsets.jar:/usr/lib/jvm/java-1.8-openjdk/jre/lib/jfr.jar:/usr/lib/jvm/java-1.8-openjdk/jre/classes"/>
    <property name="sun.management.compiler" value="HotSpot 64-Bit Tiered Compilers"/>
    <property name="java.runtime.version" value="1.8.0_212-b04"/>
    <property name="java.net.preferIPv4Stack" value="true"/>
    <property name="user.name" value="jenkins1000"/>
    <property name="path.separator" value=":"/>
    <property name="java.security.egd" value="file:///dev/urandom"/>
    <property name="os.version" value="3.10.0-957.12.2.el7.x86_64"/>
    <property name="java.endorsed.dirs" value="/usr/lib/jvm/java-1.8-openjdk/jre/lib/endorsed"/>
    <property name="java.runtime.name" value="OpenJDK Runtime Environment"/>
    <property name="file.encoding" value="UTF-8"/>
    <property name="java.vm.name" value="OpenJDK 64-Bit Server VM"/>
    <property name="test.build.webapps" value=""/>
    <property name="localRepository" value="/home/user/.m2/repository"/>
    <property name="java.vendor.url.bug" value="https://icedtea.classpath.org/bugzilla"/>
    <property name="java.io.tmpdir" value="/tmp"/>
    <property name="require.test.libhadoop" value=""/>
    <property name="java.version" value="1.8.0_212"/>
    <property name="user.dir" value="/workdir/hadoop-ozone/tools"/>
    <property name="os.arch" value="amd64"/>
    <property name="java.vm.specification.name" value="Java Virtual Machine Specification"/>
    <property name="test.build.classes" value="/workdir/hadoop-ozone/tools/target/test-classes"/>
    <property name="java.awt.printerjob" value="sun.print.PSPrinterJob"/>
    <property name="sun.os.patch.level" value="unknown"/>
    <property name="hadoop.tmp.dir" value="/workdir/hadoop-ozone/tools/target/tmp"/>
    <property name="java.library.path" value="/usr/lib/jvm/java-1.8-openjdk/jre/lib/amd64/server:/usr/lib/jvm/java-1.8-openjdk/jre/lib/amd64:/usr/lib/jvm/java-1.8-openjdk/jre/../lib/amd64:/workdir/hadoop-ozone/tools/target/native/target/usr/local/lib:/workdir/hadoop-ozone/tools/../../hadoop-common-project/hadoop-common/target/native/target/usr/local/lib:/usr/java/packages/lib/amd64:/usr/lib64:/lib64:/lib:/usr/lib"/>
    <property name="java.vm.info" value="mixed mode"/>
    <property name="java.vendor" value="IcedTea"/>
    <property name="java.vm.version" value="25.212-b04"/>
    <property name="java.ext.dirs" value="/usr/lib/jvm/java-1.8-openjdk/jre/lib/ext:/usr/java/packages/lib/ext"/>
    <property name="sun.io.unicode.encoding" value="UnicodeLittle"/>
    <property name="java.class.version" value="52.0"/>
  </properties>
  <testcase name="ratisTestLargeKey" classname="org.apache.hadoop.ozone.freon.TestDataValidateWithSafeByteOperations" time="10.563">
    <error message="Allocated 0 blocks. Requested 5 blocks" type="INTERNAL_ERROR org.apache.hadoop.ozone.om.exceptions.OMException">INTERNAL_ERROR org.apache.hadoop.ozone.om.exceptions.OMException: Allocated 0 blocks. Requested 5 blocks
	at org.apache.hadoop.ozone.om.protocolPB.OzoneManagerProtocolClientSideTranslatorPB.handleError(OzoneManagerProtocolClientSideTranslatorPB.java:725)
	at org.apache.hadoop.ozone.om.protocolPB.OzoneManagerProtocolClientSideTranslatorPB.openKey(OzoneManagerProtocolClientSideTranslatorPB.java:716)
	at org.apache.hadoop.ozone.client.rpc.RpcClient.createKey(RpcClient.java:615)
	at org.apache.hadoop.ozone.client.OzoneBucket.createKey(OzoneBucket.java:323)
	at org.apache.hadoop.ozone.freon.RandomKeyGenerator.createKey(RandomKeyGenerator.java:686)
	at org.apache.hadoop.ozone.freon.RandomKeyGenerator.access$1100(RandomKeyGenerator.java:87)
	at org.apache.hadoop.ozone.freon.RandomKeyGenerator$ObjectCreator.run(RandomKeyGenerator.java:606)
	at java.util.concurrent.Executors$RunnableAdapter.call(Executors.java:511)
	at java.util.concurrent.FutureTask.run(FutureTask.java:266)
	at java.util.concurrent.ThreadPoolExecutor.runWorker(ThreadPoolExecutor.java:1149)
	at java.util.concurrent.ThreadPoolExecutor$Worker.run(ThreadPoolExecutor.java:624)
	at java.lang.Thread.run(Thread.java:748)
</error>
    <system-out><![CDATA[2019-09-12 11:53:12,591 [main] WARN  server.ServerUtils (ServerUtils.java:getScmDbDir(145)) - ozone.scm.db.dirs is not configured. We recommend adding this setting. Falling back to ozone.metadata.dirs instead.
2019-09-12 11:53:12,715 [main] WARN  server.ServerUtils (ServerUtils.java:getScmDbDir(145)) - ozone.scm.db.dirs is not configured. We recommend adding this setting. Falling back to ozone.metadata.dirs instead.
2019-09-12 11:53:12,718 [main] WARN  server.ServerUtils (ServerUtils.java:getScmDbDir(145)) - ozone.scm.db.dirs is not configured. We recommend adding this setting. Falling back to ozone.metadata.dirs instead.
2019-09-12 11:53:12,735 [main] INFO  util.log (Log.java:initialized(192)) - Logging initialized @891ms
2019-09-12 11:53:12,819 [main] INFO  db.DBStoreBuilder (DBStoreBuilder.java:addTable(110)) - using custom profile for table: deletedBlocks
2019-09-12 11:53:12,820 [main] INFO  db.DBStoreBuilder (DBStoreBuilder.java:processTables(161)) - Using default column profile:DBProfile.DISK for Table:deletedBlocks
2019-09-12 11:53:12,820 [main] INFO  db.DBStoreBuilder (DBStoreBuilder.java:addTable(110)) - using custom profile for table: validCerts
2019-09-12 11:53:12,820 [main] INFO  db.DBStoreBuilder (DBStoreBuilder.java:processTables(161)) - Using default column profile:DBProfile.DISK for Table:validCerts
2019-09-12 11:53:12,820 [main] INFO  db.DBStoreBuilder (DBStoreBuilder.java:addTable(110)) - using custom profile for table: revokedCerts
2019-09-12 11:53:12,821 [main] INFO  db.DBStoreBuilder (DBStoreBuilder.java:processTables(161)) - Using default column profile:DBProfile.DISK for Table:revokedCerts
2019-09-12 11:53:12,831 [main] INFO  db.DBStoreBuilder (DBStoreBuilder.java:addTable(110)) - using custom profile for table: default
2019-09-12 11:53:12,831 [main] INFO  db.DBStoreBuilder (DBStoreBuilder.java:processTables(167)) - Using default column profile:DBProfile.DISK for Table:default
2019-09-12 11:53:12,832 [main] INFO  db.DBStoreBuilder (DBStoreBuilder.java:getDbProfile(198)) - Using default options. DBProfile.DISK
2019-09-12 11:53:13,031 [main] INFO  net.NodeSchemaLoader (NodeSchemaLoader.java:loadSchemaFromFile(125)) - Loading file from sun.misc.CompoundEnumeration@3835c46
2019-09-12 11:53:13,034 [main] INFO  net.NodeSchemaLoader (NodeSchemaLoader.java:loadSchema(171)) - Loading network topology layer schema file
2019-09-12 11:53:13,125 [main] WARN  server.ServerUtils (ServerUtils.java:sanitizeUserArgs(70)) - ozone.scm.stale.node.interval value = 300000 is larger than max = 100000 based on the key value of ozone.scm.heartbeat.thread.interval, reset to the max value 100000.
2019-09-12 11:53:13,127 [main] WARN  server.ServerUtils (ServerUtils.java:sanitizeUserArgs(70)) - ozone.scm.stale.node.interval value = 300000 is larger than max = 100000 based on the key value of ozone.scm.heartbeat.thread.interval, reset to the max value 100000.
2019-09-12 11:53:13,131 [main] INFO  node.SCMNodeManager (SCMNodeManager.java:<init>(121)) - Entering startup safe mode.
2019-09-12 11:53:13,208 [main] INFO  algorithms.ContainerPlacementPolicyFactory (ContainerPlacementPolicyFactory.java:getPolicy(56)) - Create container placement policy of type org.apache.hadoop.hdds.scm.container.placement.algorithms.SCMContainerPlacementRandom
2019-09-12 11:53:13,223 [main] WARN  server.ServerUtils (ServerUtils.java:getScmDbDir(145)) - ozone.scm.db.dirs is not configured. We recommend adding this setting. Falling back to ozone.metadata.dirs instead.
2019-09-12 11:53:13,297 [main] INFO  pipeline.SCMPipelineManager (SCMPipelineManager.java:initializePipelineState(126)) - No pipeline exists in current db
2019-09-12 11:53:13,300 [main] WARN  server.ServerUtils (ServerUtils.java:getScmDbDir(145)) - ozone.scm.db.dirs is not configured. We recommend adding this setting. Falling back to ozone.metadata.dirs instead.
2019-09-12 11:53:13,455 [main] WARN  events.EventQueue (EventQueue.java:fireEvent(175)) - No event handler registered for event TypedEvent{payloadType=SafeModeStatus, name='SafeModeStatus'}
2019-09-12 11:53:14,004 [main] INFO  ipc.CallQueueManager (CallQueueManager.java:<init>(84)) - Using callQueue: class java.util.concurrent.LinkedBlockingQueue, queueCapacity: 2000, scheduler: class org.apache.hadoop.ipc.DefaultRpcScheduler, ipcBackoff: false.
2019-09-12 11:53:14,254 [Socket Reader #1 for port 46599] INFO  ipc.Server (Server.java:run(1074)) - Starting Socket Reader #1 for port 46599
2019-09-12 11:53:14,289 [main] INFO  ipc.CallQueueManager (CallQueueManager.java:<init>(84)) - Using callQueue: class java.util.concurrent.LinkedBlockingQueue, queueCapacity: 2000, scheduler: class org.apache.hadoop.ipc.DefaultRpcScheduler, ipcBackoff: false.
2019-09-12 11:53:14,290 [Socket Reader #1 for port 37459] INFO  ipc.Server (Server.java:run(1074)) - Starting Socket Reader #1 for port 37459
2019-09-12 11:53:14,299 [main] INFO  ipc.CallQueueManager (CallQueueManager.java:<init>(84)) - Using callQueue: class java.util.concurrent.LinkedBlockingQueue, queueCapacity: 2000, scheduler: class org.apache.hadoop.ipc.DefaultRpcScheduler, ipcBackoff: false.
2019-09-12 11:53:14,300 [Socket Reader #1 for port 42587] INFO  ipc.Server (Server.java:run(1074)) - Starting Socket Reader #1 for port 42587
2019-09-12 11:53:14,324 [main] INFO  hdfs.DFSUtil (DFSUtil.java:httpServerTemplateForNNAndJN(1641)) - Starting Web-server for scm at: http://0.0.0.0:0
2019-09-12 11:53:14,451 [main] INFO  server.AuthenticationFilter (AuthenticationFilter.java:constructSecretProvider(240)) - Unable to initialize FileSignerSecretProvider, falling back to use random secrets.
2019-09-12 11:53:14,467 [main] WARN  http.HttpRequestLog (HttpRequestLog.java:getRequestLog(97)) - Jetty request log can only be enabled using Log4j
2019-09-12 11:53:14,477 [main] INFO  http.HttpServer2 (HttpServer2.java:addGlobalFilter(975)) - Added global filter 'safety' (class=org.apache.hadoop.http.HttpServer2$QuotingInputFilter)
2019-09-12 11:53:14,480 [main] INFO  http.HttpServer2 (HttpServer2.java:addFilter(948)) - Added filter static_user_filter (class=org.apache.hadoop.http.lib.StaticUserWebFilter$StaticUserFilter) to context scm
2019-09-12 11:53:14,480 [main] INFO  http.HttpServer2 (HttpServer2.java:addFilter(958)) - Added filter static_user_filter (class=org.apache.hadoop.http.lib.StaticUserWebFilter$StaticUserFilter) to context logs
2019-09-12 11:53:14,480 [main] INFO  http.HttpServer2 (HttpServer2.java:addFilter(958)) - Added filter static_user_filter (class=org.apache.hadoop.http.lib.StaticUserWebFilter$StaticUserFilter) to context static
2019-09-12 11:53:14,507 [main] INFO  server.StorageContainerManager (StorageContainerManager.java:start(759)) - StorageContainerLocationProtocol RPC server is listening at /0.0.0.0:42587
2019-09-12 11:53:14,560 [main] WARN  impl.MetricsConfig (MetricsConfig.java:loadFirst(134)) - Cannot locate configuration: tried hadoop-metrics2-storagecontainermanager.properties,hadoop-metrics2.properties
2019-09-12 11:53:14,573 [main] INFO  impl.MetricsSystemImpl (MetricsSystemImpl.java:startTimer(374)) - Scheduled Metric snapshot period at 10 second(s).
2019-09-12 11:53:14,573 [main] INFO  impl.MetricsSystemImpl (MetricsSystemImpl.java:start(191)) - StorageContainerManager metrics system started
2019-09-12 11:53:14,841 [main] INFO  server.SCMClientProtocolServer (SCMClientProtocolServer.java:start(151)) - RPC server for Client  is listening at /0.0.0.0:42587
2019-09-12 11:53:14,842 [IPC Server Responder] INFO  ipc.Server (Server.java:run(1314)) - IPC Server Responder: starting
2019-09-12 11:53:14,842 [IPC Server listener on 42587] INFO  ipc.Server (Server.java:run(1153)) - IPC Server listener on 42587: starting
2019-09-12 11:53:14,845 [main] INFO  server.StorageContainerManager (StorageContainerManager.java:start(769)) - ScmBlockLocationProtocol RPC server is listening at /0.0.0.0:37459
2019-09-12 11:53:14,845 [main] INFO  server.SCMBlockProtocolServer (SCMBlockProtocolServer.java:start(140)) - RPC server for Block Protocol is listening at /0.0.0.0:37459
2019-09-12 11:53:14,846 [IPC Server Responder] INFO  ipc.Server (Server.java:run(1314)) - IPC Server Responder: starting
2019-09-12 11:53:14,846 [IPC Server listener on 37459] INFO  ipc.Server (Server.java:run(1153)) - IPC Server listener on 37459: starting
2019-09-12 11:53:14,848 [main] INFO  server.StorageContainerManager (StorageContainerManager.java:start(773)) - ScmDatanodeProtocl RPC server is listening at /0.0.0.0:46599
2019-09-12 11:53:14,848 [main] INFO  server.SCMDatanodeProtocolServer (SCMDatanodeProtocolServer.java:start(191)) - RPC server for DataNodes is listening at /0.0.0.0:46599
2019-09-12 11:53:14,849 [IPC Server Responder] INFO  ipc.Server (Server.java:run(1314)) - IPC Server Responder: starting
2019-09-12 11:53:14,849 [IPC Server listener on 46599] INFO  ipc.Server (Server.java:run(1153)) - IPC Server listener on 46599: starting
2019-09-12 11:53:14,853 [main] INFO  http.HttpServer2 (HttpServer2.java:bindListener(1191)) - Jetty bound to port 46107
2019-09-12 11:53:14,856 [main] INFO  server.Server (Server.java:doStart(351)) - jetty-9.3.24.v20180605, build timestamp: 2018-06-05T17:11:56Z, git hash: 84205aa28f11a4f31f2a3b86d1bba2cc8ab69827
2019-09-12 11:53:14,894 [main] INFO  handler.ContextHandler (ContextHandler.java:doStart(781)) - Started o.e.j.s.ServletContextHandler@4e70a728{/logs,file:///workdir/hadoop-ozone/tools/target/log,AVAILABLE}
2019-09-12 11:53:14,895 [main] INFO  handler.ContextHandler (ContextHandler.java:doStart(781)) - Started o.e.j.s.ServletContextHandler@1c3146bc{/static,jar:file:/home/user/.m2/repository/org/apache/hadoop/hadoop-hdds-server-scm/0.5.0-SNAPSHOT/hadoop-hdds-server-scm-0.5.0-SNAPSHOT.jar!/webapps/static,AVAILABLE}
2019-09-12 11:53:14,970 [main] INFO  handler.ContextHandler (ContextHandler.java:doStart(781)) - Started o.e.j.w.WebAppContext@72efb5c1{/,file:///tmp/jetty-0.0.0.0-46107-scm-_-any-2305778828940208621.dir/webapp/,AVAILABLE}{/scm}
2019-09-12 11:53:14,976 [main] INFO  server.AbstractConnector (AbstractConnector.java:doStart(278)) - Started ServerConnector@7a0e1b5e{HTTP/1.1,[http/1.1]}{0.0.0.0:46107}
2019-09-12 11:53:14,976 [main] INFO  server.Server (Server.java:doStart(419)) - Started @3132ms
2019-09-12 11:53:14,977 [main] INFO  server.BaseHttpServer (BaseHttpServer.java:updateConnectorAddress(213)) - HTTP server of SCM is listening at http://0.0.0.0:46107
2019-09-12 11:53:14,983 [org.apache.hadoop.util.JvmPauseMonitor$Monitor@15bcf458] INFO  util.JvmPauseMonitor (JvmPauseMonitor.java:run(188)) - Starting JVM pause monitor
2019-09-12 11:53:14,986 [main] WARN  server.ServerUtils (ServerUtils.java:getDBPath(222)) - ozone.om.db.dirs is not configured. We recommend adding this setting. Falling back to ozone.metadata.dirs instead.
2019-09-12 11:53:15,085 [main] WARN  server.ServerUtils (ServerUtils.java:getDBPath(222)) - ozone.om.db.dirs is not configured. We recommend adding this setting. Falling back to ozone.metadata.dirs instead.
2019-09-12 11:53:15,086 [main] WARN  server.ServerUtils (ServerUtils.java:getDBPath(222)) - ozone.om.db.dirs is not configured. We recommend adding this setting. Falling back to ozone.metadata.dirs instead.
2019-09-12 11:53:15,087 [main] INFO  om.OzoneManager (OzoneManager.java:setOMNodeDetails(645)) - OM Service ID is not set. Setting it to the default ID: omServiceIdDefault
2019-09-12 11:53:15,087 [main] INFO  om.OzoneManager (OzoneManager.java:setOMNodeDetails(651)) - OM Node ID is not set. Setting it to the OmStorage's OmID: 49403385-f916-4dd7-890f-60418ff3d1f3
2019-09-12 11:53:15,088 [main] INFO  om.OzoneManager (OzoneManager.java:loadOMHAConfigs(602)) - Found matching OM address with OMServiceId: null, OMNodeId: null, RPC Address: localhost:0 and Ratis port: 9872
2019-09-12 11:53:15,348 | INFO  | SCMAudit | user=jenkins1000 | ip=192.168.157.195 | op=GET_SCM_INFO null | ret=SUCCESS |  
2019-09-12 11:53:15,830 [main] WARN  server.ServerUtils (ServerUtils.java:getDBPath(222)) - ozone.om.db.dirs is not configured. We recommend adding this setting. Falling back to ozone.metadata.dirs instead.
2019-09-12 11:53:15,838 [main] INFO  db.DBStoreBuilder (DBStoreBuilder.java:addTable(110)) - using custom profile for table: userTable
2019-09-12 11:53:15,838 [main] INFO  db.DBStoreBuilder (DBStoreBuilder.java:processTables(161)) - Using default column profile:DBProfile.DISK for Table:userTable
2019-09-12 11:53:15,838 [main] INFO  db.DBStoreBuilder (DBStoreBuilder.java:addTable(110)) - using custom profile for table: volumeTable
2019-09-12 11:53:15,838 [main] INFO  db.DBStoreBuilder (DBStoreBuilder.java:processTables(161)) - Using default column profile:DBProfile.DISK for Table:volumeTable
2019-09-12 11:53:15,839 [main] INFO  db.DBStoreBuilder (DBStoreBuilder.java:addTable(110)) - using custom profile for table: bucketTable
2019-09-12 11:53:15,839 [main] INFO  db.DBStoreBuilder (DBStoreBuilder.java:processTables(161)) - Using default column profile:DBProfile.DISK for Table:bucketTable
2019-09-12 11:53:15,839 [main] INFO  db.DBStoreBuilder (DBStoreBuilder.java:addTable(110)) - using custom profile for table: keyTable
2019-09-12 11:53:15,839 [main] INFO  db.DBStoreBuilder (DBStoreBuilder.java:processTables(161)) - Using default column profile:DBProfile.DISK for Table:keyTable
2019-09-12 11:53:15,840 [main] INFO  db.DBStoreBuilder (DBStoreBuilder.java:addTable(110)) - using custom profile for table: deletedTable
2019-09-12 11:53:15,840 [main] INFO  db.DBStoreBuilder (DBStoreBuilder.java:processTables(161)) - Using default column profile:DBProfile.DISK for Table:deletedTable
2019-09-12 11:53:15,840 [main] INFO  db.DBStoreBuilder (DBStoreBuilder.java:addTable(110)) - using custom profile for table: openKeyTable
2019-09-12 11:53:15,840 [main] INFO  db.DBStoreBuilder (DBStoreBuilder.java:processTables(161)) - Using default column profile:DBProfile.DISK for Table:openKeyTable
2019-09-12 11:53:15,840 [main] INFO  db.DBStoreBuilder (DBStoreBuilder.java:addTable(110)) - using custom profile for table: s3Table
2019-09-12 11:53:15,841 [main] INFO  db.DBStoreBuilder (DBStoreBuilder.java:processTables(161)) - Using default column profile:DBProfile.DISK for Table:s3Table
2019-09-12 11:53:15,841 [main] INFO  db.DBStoreBuilder (DBStoreBuilder.java:addTable(110)) - using custom profile for table: multipartInfoTable
2019-09-12 11:53:15,841 [main] INFO  db.DBStoreBuilder (DBStoreBuilder.java:processTables(161)) - Using default column profile:DBProfile.DISK for Table:multipartInfoTable
2019-09-12 11:53:15,841 [main] INFO  db.DBStoreBuilder (DBStoreBuilder.java:addTable(110)) - using custom profile for table: dTokenTable
2019-09-12 11:53:15,842 [main] INFO  db.DBStoreBuilder (DBStoreBuilder.java:processTables(161)) - Using default column profile:DBProfile.DISK for Table:dTokenTable
2019-09-12 11:53:15,842 [main] INFO  db.DBStoreBuilder (DBStoreBuilder.java:addTable(110)) - using custom profile for table: s3SecretTable
2019-09-12 11:53:15,842 [main] INFO  db.DBStoreBuilder (DBStoreBuilder.java:processTables(161)) - Using default column profile:DBProfile.DISK for Table:s3SecretTable
2019-09-12 11:53:15,842 [main] INFO  db.DBStoreBuilder (DBStoreBuilder.java:addTable(110)) - using custom profile for table: prefixTable
2019-09-12 11:53:15,843 [main] INFO  db.DBStoreBuilder (DBStoreBuilder.java:processTables(161)) - Using default column profile:DBProfile.DISK for Table:prefixTable
2019-09-12 11:53:15,843 [main] INFO  db.DBStoreBuilder (DBStoreBuilder.java:addTable(110)) - using custom profile for table: default
2019-09-12 11:53:15,843 [main] INFO  db.DBStoreBuilder (DBStoreBuilder.java:processTables(167)) - Using default column profile:DBProfile.DISK for Table:default
2019-09-12 11:53:15,843 [main] INFO  db.DBStoreBuilder (DBStoreBuilder.java:getDbProfile(198)) - Using default options. DBProfile.DISK
2019-09-12 11:53:16,323 [main] INFO  ipc.CallQueueManager (CallQueueManager.java:<init>(84)) - Using callQueue: class java.util.concurrent.LinkedBlockingQueue, queueCapacity: 2000, scheduler: class org.apache.hadoop.ipc.DefaultRpcScheduler, ipcBackoff: false.
2019-09-12 11:53:16,323 [Socket Reader #1 for port 40943] INFO  ipc.Server (Server.java:run(1074)) - Starting Socket Reader #1 for port 40943
2019-09-12 11:53:16,345 [main] INFO  om.OzoneManager (OzoneManager.java:start(1256)) - OzoneManager RPC server is listening at localhost/127.0.0.1:40943
2019-09-12 11:53:16,345 [main] INFO  impl.MetricsSystemImpl (MetricsSystemImpl.java:init(158)) - OzoneManager metrics system started (again)
2019-09-12 11:53:16,347 [IPC Server Responder] INFO  ipc.Server (Server.java:run(1314)) - IPC Server Responder: starting
2019-09-12 11:53:16,347 [IPC Server listener on 40943] INFO  ipc.Server (Server.java:run(1153)) - IPC Server listener on 40943: starting
2019-09-12 11:53:16,351 [main] INFO  hdfs.DFSUtil (DFSUtil.java:httpServerTemplateForNNAndJN(1641)) - Starting Web-server for ozoneManager at: http://0.0.0.0:0
2019-09-12 11:53:16,353 [main] INFO  server.AuthenticationFilter (AuthenticationFilter.java:constructSecretProvider(240)) - Unable to initialize FileSignerSecretProvider, falling back to use random secrets.
2019-09-12 11:53:16,354 [main] WARN  http.HttpRequestLog (HttpRequestLog.java:getRequestLog(97)) - Jetty request log can only be enabled using Log4j
2019-09-12 11:53:16,356 [main] INFO  http.HttpServer2 (HttpServer2.java:addGlobalFilter(975)) - Added global filter 'safety' (class=org.apache.hadoop.http.HttpServer2$QuotingInputFilter)
2019-09-12 11:53:16,356 [main] INFO  http.HttpServer2 (HttpServer2.java:addFilter(948)) - Added filter static_user_filter (class=org.apache.hadoop.http.lib.StaticUserWebFilter$StaticUserFilter) to context ozoneManager
2019-09-12 11:53:16,357 [main] INFO  http.HttpServer2 (HttpServer2.java:addFilter(958)) - Added filter static_user_filter (class=org.apache.hadoop.http.lib.StaticUserWebFilter$StaticUserFilter) to context logs
2019-09-12 11:53:16,357 [main] INFO  http.HttpServer2 (HttpServer2.java:addFilter(958)) - Added filter static_user_filter (class=org.apache.hadoop.http.lib.StaticUserWebFilter$StaticUserFilter) to context static
2019-09-12 11:53:16,503 [main] INFO  http.HttpServer2 (HttpServer2.java:bindListener(1191)) - Jetty bound to port 44824
2019-09-12 11:53:16,504 [main] INFO  server.Server (Server.java:doStart(351)) - jetty-9.3.24.v20180605, build timestamp: 2018-06-05T17:11:56Z, git hash: 84205aa28f11a4f31f2a3b86d1bba2cc8ab69827
2019-09-12 11:53:16,512 [main] INFO  handler.ContextHandler (ContextHandler.java:doStart(781)) - Started o.e.j.s.ServletContextHandler@782168b7{/logs,file:///workdir/hadoop-ozone/tools/target/log,AVAILABLE}
2019-09-12 11:53:16,513 [main] INFO  handler.ContextHandler (ContextHandler.java:doStart(781)) - Started o.e.j.s.ServletContextHandler@7435a578{/static,jar:file:/home/user/.m2/repository/org/apache/hadoop/hadoop-ozone-ozone-manager/0.5.0-SNAPSHOT/hadoop-ozone-ozone-manager-0.5.0-SNAPSHOT.jar!/webapps/static,AVAILABLE}
2019-09-12 11:53:16,576 [main] INFO  handler.ContextHandler (ContextHandler.java:doStart(781)) - Started o.e.j.w.WebAppContext@10876a6{/,file:///tmp/jetty-0.0.0.0-44824-ozoneManager-_-any-4163551126869105618.dir/webapp/,AVAILABLE}{/ozoneManager}
2019-09-12 11:53:16,577 [main] INFO  server.AbstractConnector (AbstractConnector.java:doStart(278)) - Started ServerConnector@71870da7{HTTP/1.1,[http/1.1]}{0.0.0.0:44824}
2019-09-12 11:53:16,578 [main] INFO  server.Server (Server.java:doStart(419)) - Started @4734ms
2019-09-12 11:53:16,579 [main] INFO  server.BaseHttpServer (BaseHttpServer.java:updateConnectorAddress(213)) - HTTP server of OZONEMANAGER is listening at http://0.0.0.0:44824
2019-09-12 11:53:16,743 [main] INFO  impl.MetricsSystemImpl (MetricsSystemImpl.java:init(158)) - HddsDatanode metrics system started (again)
2019-09-12 11:53:16,840 [main] INFO  ozone.HddsDatanodeService (HddsDatanodeService.java:start(184)) - HddsDatanodeService host:pr-hdds-1569-xtfnx-3545843844 ip:192.168.157.195
2019-09-12 11:53:16,886 [main] INFO  volume.HddsVolume (HddsVolume.java:<init>(176)) - Creating Volume: /workdir/hadoop-ozone/tools/target/test-dir/MiniOzoneClusterImpl-2c48e7f1-ac08-442f-970e-1944cf2eec25/datanode-0/data/containers/hdds of  storage type : DISK and capacity : 1482555576320
2019-09-12 11:53:16,889 [main] INFO  volume.VolumeSet (VolumeSet.java:initializeVolumeSet(170)) - Added Volume : /workdir/hadoop-ozone/tools/target/test-dir/MiniOzoneClusterImpl-2c48e7f1-ac08-442f-970e-1944cf2eec25/datanode-0/data/containers/hdds to VolumeSet
2019-09-12 11:53:16,893 [main] INFO  volume.ThrottledAsyncChecker (ThrottledAsyncChecker.java:schedule(140)) - Scheduling a check for org.apache.hadoop.ozone.container.common.volume.HddsVolume@ce9b9a9
2019-09-12 11:53:16,913 [main] INFO  volume.HddsVolumeChecker (HddsVolumeChecker.java:checkAllVolumes(203)) - Scheduled health check for volume org.apache.hadoop.ozone.container.common.volume.HddsVolume@ce9b9a9
2019-09-12 11:53:17,010 [main] INFO  impl.RaftServerProxy (ConfUtils.java:logGet(43)) - raft.rpc.type = GRPC (default)
2019-09-12 11:53:17,102 [main] INFO  grpc.GrpcFactory (GrpcFactory.java:checkPooledByteBufAllocatorUseCacheForAllThreads(45)) - PERFORMANCE WARNING: useCacheForAllThreads is true that may cause Netty to create a lot garbage objects and, as a result, trigger GC.
	It is recommended to disable useCacheForAllThreads by setting -Dorg.apache.ratis.thirdparty.io.netty.allocator.useCacheForAllThreads=false in command line.
2019-09-12 11:53:17,108 [main] INFO  grpc.GrpcConfigKeys$Server (ConfUtils.java:logGet(43)) - raft.grpc.server.port = 0 (default)
2019-09-12 11:53:17,109 [main] INFO  server.GrpcService (ConfUtils.java:logGet(43)) - raft.grpc.message.size.max = 33570816 (custom)
2019-09-12 11:53:17,110 [main] INFO  server.RaftServerConfigKeys (ConfUtils.java:logGet(43)) - raft.server.log.appender.buffer.byte-limit = 33554432 (custom)
2019-09-12 11:53:17,111 [main] INFO  server.GrpcService (ConfUtils.java:logGet(43)) - raft.grpc.flow.control.window = 1MB (=1048576) (default)
2019-09-12 11:53:17,112 [main] INFO  server.RaftServerConfigKeys (ConfUtils.java:logGet(43)) - raft.server.rpc.request.timeout = 3000ms (default)
2019-09-12 11:53:17,294 [main] INFO  server.RaftServerConfigKeys (ConfUtils.java:logGet(43)) - raft.server.storage.dir = [/workdir/hadoop-ozone/tools/target/test-dir/MiniOzoneClusterImpl-2c48e7f1-ac08-442f-970e-1944cf2eec25/datanode-0/data/ratis] (custom)
2019-09-12 11:53:17,350 [main] INFO  replication.SimpleContainerDownloader (SimpleContainerDownloader.java:<init>(72)) - Starting container downloader service to copy containers to replicate.
2019-09-12 11:53:17,366 [main] INFO  hdfs.DFSUtil (DFSUtil.java:httpServerTemplateForNNAndJN(1641)) - Starting Web-server for hddsDatanode at: http://0.0.0.0:0
2019-09-12 11:53:17,370 [main] INFO  server.AuthenticationFilter (AuthenticationFilter.java:constructSecretProvider(240)) - Unable to initialize FileSignerSecretProvider, falling back to use random secrets.
2019-09-12 11:53:17,371 [main] WARN  http.HttpRequestLog (HttpRequestLog.java:getRequestLog(97)) - Jetty request log can only be enabled using Log4j
2019-09-12 11:53:17,374 [main] INFO  http.HttpServer2 (HttpServer2.java:addGlobalFilter(975)) - Added global filter 'safety' (class=org.apache.hadoop.http.HttpServer2$QuotingInputFilter)
2019-09-12 11:53:17,376 [main] INFO  http.HttpServer2 (HttpServer2.java:addFilter(948)) - Added filter static_user_filter (class=org.apache.hadoop.http.lib.StaticUserWebFilter$StaticUserFilter) to context hddsDatanode
2019-09-12 11:53:17,376 [main] INFO  http.HttpServer2 (HttpServer2.java:addFilter(958)) - Added filter static_user_filter (class=org.apache.hadoop.http.lib.StaticUserWebFilter$StaticUserFilter) to context logs
2019-09-12 11:53:17,376 [main] INFO  http.HttpServer2 (HttpServer2.java:addFilter(958)) - Added filter static_user_filter (class=org.apache.hadoop.http.lib.StaticUserWebFilter$StaticUserFilter) to context static
2019-09-12 11:53:17,378 [main] INFO  http.HttpServer2 (HttpServer2.java:bindListener(1191)) - Jetty bound to port 46111
2019-09-12 11:53:17,378 [main] INFO  server.Server (Server.java:doStart(351)) - jetty-9.3.24.v20180605, build timestamp: 2018-06-05T17:11:56Z, git hash: 84205aa28f11a4f31f2a3b86d1bba2cc8ab69827
2019-09-12 11:53:17,381 [main] INFO  handler.ContextHandler (ContextHandler.java:doStart(781)) - Started o.e.j.s.ServletContextHandler@75d982d3{/logs,file:///workdir/hadoop-ozone/tools/target/log,AVAILABLE}
2019-09-12 11:53:17,382 [main] INFO  handler.ContextHandler (ContextHandler.java:doStart(781)) - Started o.e.j.s.ServletContextHandler@618ff5c2{/static,jar:file:/home/user/.m2/repository/org/apache/hadoop/hadoop-hdds-container-service/0.5.0-SNAPSHOT/hadoop-hdds-container-service-0.5.0-SNAPSHOT.jar!/webapps/static,AVAILABLE}
2019-09-12 11:53:17,427 [main] INFO  handler.ContextHandler (ContextHandler.java:doStart(781)) - Started o.e.j.w.WebAppContext@74ea46e2{/,file:///tmp/jetty-0.0.0.0-46111-hddsDatanode-_-any-3266472614841662503.dir/webapp/,AVAILABLE}{/hddsDatanode}
2019-09-12 11:53:17,429 [main] INFO  server.AbstractConnector (AbstractConnector.java:doStart(278)) - Started ServerConnector@6f911326{HTTP/1.1,[http/1.1]}{0.0.0.0:46111}
2019-09-12 11:53:17,429 [main] INFO  server.Server (Server.java:doStart(419)) - Started @5585ms
2019-09-12 11:53:17,431 [main] INFO  server.BaseHttpServer (BaseHttpServer.java:updateConnectorAddress(213)) - HTTP server of HDDSDATANODE is listening at http://0.0.0.0:46111
2019-09-12 11:53:18,564 | INFO  | ObjectStoreRestHttpServer | Listening HDDS REST traffic on /0.0.0.0:35962 |  
2019-09-12 11:53:18,566 [main] INFO  ozone.HddsDatanodeService (HddsDatanodeService.java:startPlugins(395)) - Started plug-in org.apache.hadoop.ozone.web.OzoneHddsDatanodeService@644d1b61
2019-09-12 11:53:18,568 [main] INFO  impl.MetricsSystemImpl (MetricsSystemImpl.java:init(158)) - HddsDatanode metrics system started (again)
2019-09-12 11:53:18,573 [main] INFO  ozone.HddsDatanodeService (HddsDatanodeService.java:start(184)) - HddsDatanodeService host:pr-hdds-1569-xtfnx-3545843844 ip:192.168.157.195
2019-09-12 11:53:18,577 [org.apache.hadoop.util.JvmPauseMonitor$Monitor@8d257a0] INFO  util.JvmPauseMonitor (JvmPauseMonitor.java:run(188)) - Starting JVM pause monitor
2019-09-12 11:53:18,590 [main] INFO  volume.HddsVolume (HddsVolume.java:<init>(176)) - Creating Volume: /workdir/hadoop-ozone/tools/target/test-dir/MiniOzoneClusterImpl-2c48e7f1-ac08-442f-970e-1944cf2eec25/datanode-1/data/containers/hdds of  storage type : DISK and capacity : 1482555576320
2019-09-12 11:53:18,591 [main] INFO  volume.VolumeSet (VolumeSet.java:initializeVolumeSet(170)) - Added Volume : /workdir/hadoop-ozone/tools/target/test-dir/MiniOzoneClusterImpl-2c48e7f1-ac08-442f-970e-1944cf2eec25/datanode-1/data/containers/hdds to VolumeSet
2019-09-12 11:53:18,591 [main] INFO  volume.ThrottledAsyncChecker (ThrottledAsyncChecker.java:schedule(140)) - Scheduling a check for org.apache.hadoop.ozone.container.common.volume.HddsVolume@6371cf2f
2019-09-12 11:53:18,592 [main] INFO  volume.HddsVolumeChecker (HddsVolumeChecker.java:checkAllVolumes(203)) - Scheduled health check for volume org.apache.hadoop.ozone.container.common.volume.HddsVolume@6371cf2f
2019-09-12 11:53:18,614 [main] INFO  impl.RaftServerProxy (ConfUtils.java:logGet(43)) - raft.rpc.type = GRPC (default)
2019-09-12 11:53:18,615 [main] INFO  grpc.GrpcFactory (GrpcFactory.java:checkPooledByteBufAllocatorUseCacheForAllThreads(45)) - PERFORMANCE WARNING: useCacheForAllThreads is true that may cause Netty to create a lot garbage objects and, as a result, trigger GC.
	It is recommended to disable useCacheForAllThreads by setting -Dorg.apache.ratis.thirdparty.io.netty.allocator.useCacheForAllThreads=false in command line.
2019-09-12 11:53:18,615 [main] INFO  grpc.GrpcConfigKeys$Server (ConfUtils.java:logGet(43)) - raft.grpc.server.port = 0 (default)
2019-09-12 11:53:18,615 [main] INFO  server.GrpcService (ConfUtils.java:logGet(43)) - raft.grpc.message.size.max = 33570816 (custom)
2019-09-12 11:53:18,616 [main] INFO  server.RaftServerConfigKeys (ConfUtils.java:logGet(43)) - raft.server.log.appender.buffer.byte-limit = 33554432 (custom)
2019-09-12 11:53:18,616 [main] INFO  server.GrpcService (ConfUtils.java:logGet(43)) - raft.grpc.flow.control.window = 1MB (=1048576) (default)
2019-09-12 11:53:18,616 [main] INFO  server.RaftServerConfigKeys (ConfUtils.java:logGet(43)) - raft.server.rpc.request.timeout = 3000ms (default)
2019-09-12 11:53:18,617 [main] INFO  server.RaftServerConfigKeys (ConfUtils.java:logGet(43)) - raft.server.storage.dir = [/workdir/hadoop-ozone/tools/target/test-dir/MiniOzoneClusterImpl-2c48e7f1-ac08-442f-970e-1944cf2eec25/datanode-1/data/ratis] (custom)
2019-09-12 11:53:18,618 [main] INFO  replication.SimpleContainerDownloader (SimpleContainerDownloader.java:<init>(72)) - Starting container downloader service to copy containers to replicate.
2019-09-12 11:53:18,619 [main] INFO  hdfs.DFSUtil (DFSUtil.java:httpServerTemplateForNNAndJN(1641)) - Starting Web-server for hddsDatanode at: http://0.0.0.0:0
2019-09-12 11:53:18,621 [main] INFO  server.AuthenticationFilter (AuthenticationFilter.java:constructSecretProvider(240)) - Unable to initialize FileSignerSecretProvider, falling back to use random secrets.
2019-09-12 11:53:18,622 [main] WARN  http.HttpRequestLog (HttpRequestLog.java:getRequestLog(97)) - Jetty request log can only be enabled using Log4j
2019-09-12 11:53:18,624 [main] INFO  http.HttpServer2 (HttpServer2.java:addGlobalFilter(975)) - Added global filter 'safety' (class=org.apache.hadoop.http.HttpServer2$QuotingInputFilter)
2019-09-12 11:53:18,625 [main] INFO  http.HttpServer2 (HttpServer2.java:addFilter(948)) - Added filter static_user_filter (class=org.apache.hadoop.http.lib.StaticUserWebFilter$StaticUserFilter) to context hddsDatanode
2019-09-12 11:53:18,625 [main] INFO  http.HttpServer2 (HttpServer2.java:addFilter(958)) - Added filter static_user_filter (class=org.apache.hadoop.http.lib.StaticUserWebFilter$StaticUserFilter) to context logs
2019-09-12 11:53:18,625 [main] INFO  http.HttpServer2 (HttpServer2.java:addFilter(958)) - Added filter static_user_filter (class=org.apache.hadoop.http.lib.StaticUserWebFilter$StaticUserFilter) to context static
2019-09-12 11:53:18,626 [main] INFO  http.HttpServer2 (HttpServer2.java:bindListener(1191)) - Jetty bound to port 44499
2019-09-12 11:53:18,627 [main] INFO  server.Server (Server.java:doStart(351)) - jetty-9.3.24.v20180605, build timestamp: 2018-06-05T17:11:56Z, git hash: 84205aa28f11a4f31f2a3b86d1bba2cc8ab69827
2019-09-12 11:53:18,631 [main] INFO  handler.ContextHandler (ContextHandler.java:doStart(781)) - Started o.e.j.s.ServletContextHandler@3b97907c{/logs,file:///workdir/hadoop-ozone/tools/target/log,AVAILABLE}
2019-09-12 11:53:18,631 [main] INFO  handler.ContextHandler (ContextHandler.java:doStart(781)) - Started o.e.j.s.ServletContextHandler@631c6d11{/static,jar:file:/home/user/.m2/repository/org/apache/hadoop/hadoop-hdds-container-service/0.5.0-SNAPSHOT/hadoop-hdds-container-service-0.5.0-SNAPSHOT.jar!/webapps/static,AVAILABLE}
2019-09-12 11:53:18,662 [main] INFO  handler.ContextHandler (ContextHandler.java:doStart(781)) - Started o.e.j.w.WebAppContext@61608e1a{/,file:///tmp/jetty-0.0.0.0-44499-hddsDatanode-_-any-2974663087230276079.dir/webapp/,AVAILABLE}{/hddsDatanode}
2019-09-12 11:53:18,662 [main] INFO  server.AbstractConnector (AbstractConnector.java:doStart(278)) - Started ServerConnector@7c46c9c3{HTTP/1.1,[http/1.1]}{0.0.0.0:44499}
2019-09-12 11:53:18,663 [main] INFO  server.Server (Server.java:doStart(419)) - Started @6819ms
2019-09-12 11:53:18,665 [main] INFO  server.BaseHttpServer (BaseHttpServer.java:updateConnectorAddress(213)) - HTTP server of HDDSDATANODE is listening at http://0.0.0.0:44499
2019-09-12 11:53:18,675 [Datanode State Machine Thread - 0] INFO  datanode.InitDatanodeState (InitDatanodeState.java:persistContainerDatanodeDetails(140)) - DatanodeDetails is persisted to /workdir/hadoop-ozone/tools/target/test-dir/MiniOzoneClusterImpl-2c48e7f1-ac08-442f-970e-1944cf2eec25/datanode-0/meta/datanode.id
2019-09-12 11:53:18,818 | INFO  | ObjectStoreRestHttpServer | Listening HDDS REST traffic on /0.0.0.0:34562 |  
2019-09-12 11:53:18,819 [main] INFO  ozone.HddsDatanodeService (HddsDatanodeService.java:startPlugins(395)) - Started plug-in org.apache.hadoop.ozone.web.OzoneHddsDatanodeService@12fcb2c3
2019-09-12 11:53:18,819 [main] INFO  impl.MetricsSystemImpl (MetricsSystemImpl.java:init(158)) - HddsDatanode metrics system started (again)
2019-09-12 11:53:18,822 [org.apache.hadoop.util.JvmPauseMonitor$Monitor@5e1d13d5] INFO  util.JvmPauseMonitor (JvmPauseMonitor.java:run(188)) - Starting JVM pause monitor
2019-09-12 11:53:18,822 [main] INFO  ozone.HddsDatanodeService (HddsDatanodeService.java:start(184)) - HddsDatanodeService host:pr-hdds-1569-xtfnx-3545843844 ip:192.168.157.195
2019-09-12 11:53:18,832 [main] INFO  volume.HddsVolume (HddsVolume.java:<init>(176)) - Creating Volume: /workdir/hadoop-ozone/tools/target/test-dir/MiniOzoneClusterImpl-2c48e7f1-ac08-442f-970e-1944cf2eec25/datanode-2/data/containers/hdds of  storage type : DISK and capacity : 1482555576320
2019-09-12 11:53:18,833 [main] INFO  volume.VolumeSet (VolumeSet.java:initializeVolumeSet(170)) - Added Volume : /workdir/hadoop-ozone/tools/target/test-dir/MiniOzoneClusterImpl-2c48e7f1-ac08-442f-970e-1944cf2eec25/datanode-2/data/containers/hdds to VolumeSet
2019-09-12 11:53:18,833 [main] INFO  volume.ThrottledAsyncChecker (ThrottledAsyncChecker.java:schedule(140)) - Scheduling a check for org.apache.hadoop.ozone.container.common.volume.HddsVolume@474749b8
2019-09-12 11:53:18,834 [main] INFO  volume.HddsVolumeChecker (HddsVolumeChecker.java:checkAllVolumes(203)) - Scheduled health check for volume org.apache.hadoop.ozone.container.common.volume.HddsVolume@474749b8
2019-09-12 11:53:18,834 [Datanode State Machine Thread - 0] INFO  datanode.InitDatanodeState (InitDatanodeState.java:persistContainerDatanodeDetails(140)) - DatanodeDetails is persisted to /workdir/hadoop-ozone/tools/target/test-dir/MiniOzoneClusterImpl-2c48e7f1-ac08-442f-970e-1944cf2eec25/datanode-1/meta/datanode.id
2019-09-12 11:53:18,860 [main] INFO  impl.RaftServerProxy (ConfUtils.java:logGet(43)) - raft.rpc.type = GRPC (default)
2019-09-12 11:53:18,860 [main] INFO  grpc.GrpcFactory (GrpcFactory.java:checkPooledByteBufAllocatorUseCacheForAllThreads(45)) - PERFORMANCE WARNING: useCacheForAllThreads is true that may cause Netty to create a lot garbage objects and, as a result, trigger GC.
	It is recommended to disable useCacheForAllThreads by setting -Dorg.apache.ratis.thirdparty.io.netty.allocator.useCacheForAllThreads=false in command line.
2019-09-12 11:53:18,861 [main] INFO  grpc.GrpcConfigKeys$Server (ConfUtils.java:logGet(43)) - raft.grpc.server.port = 0 (default)
2019-09-12 11:53:18,861 [main] INFO  server.GrpcService (ConfUtils.java:logGet(43)) - raft.grpc.message.size.max = 33570816 (custom)
2019-09-12 11:53:18,861 [main] INFO  server.RaftServerConfigKeys (ConfUtils.java:logGet(43)) - raft.server.log.appender.buffer.byte-limit = 33554432 (custom)
2019-09-12 11:53:18,862 [main] INFO  server.GrpcService (ConfUtils.java:logGet(43)) - raft.grpc.flow.control.window = 1MB (=1048576) (default)
2019-09-12 11:53:18,862 [main] INFO  server.RaftServerConfigKeys (ConfUtils.java:logGet(43)) - raft.server.rpc.request.timeout = 3000ms (default)
2019-09-12 11:53:18,863 [main] INFO  server.RaftServerConfigKeys (ConfUtils.java:logGet(43)) - raft.server.storage.dir = [/workdir/hadoop-ozone/tools/target/test-dir/MiniOzoneClusterImpl-2c48e7f1-ac08-442f-970e-1944cf2eec25/datanode-2/data/ratis] (custom)
2019-09-12 11:53:18,864 [main] INFO  replication.SimpleContainerDownloader (SimpleContainerDownloader.java:<init>(72)) - Starting container downloader service to copy containers to replicate.
2019-09-12 11:53:18,865 [main] INFO  hdfs.DFSUtil (DFSUtil.java:httpServerTemplateForNNAndJN(1641)) - Starting Web-server for hddsDatanode at: http://0.0.0.0:0
2019-09-12 11:53:18,867 [main] INFO  server.AuthenticationFilter (AuthenticationFilter.java:constructSecretProvider(240)) - Unable to initialize FileSignerSecretProvider, falling back to use random secrets.
2019-09-12 11:53:18,867 [main] WARN  http.HttpRequestLog (HttpRequestLog.java:getRequestLog(97)) - Jetty request log can only be enabled using Log4j
2019-09-12 11:53:18,869 [main] INFO  http.HttpServer2 (HttpServer2.java:addGlobalFilter(975)) - Added global filter 'safety' (class=org.apache.hadoop.http.HttpServer2$QuotingInputFilter)
2019-09-12 11:53:18,869 [main] INFO  http.HttpServer2 (HttpServer2.java:addFilter(948)) - Added filter static_user_filter (class=org.apache.hadoop.http.lib.StaticUserWebFilter$StaticUserFilter) to context hddsDatanode
2019-09-12 11:53:18,870 [main] INFO  http.HttpServer2 (HttpServer2.java:addFilter(958)) - Added filter static_user_filter (class=org.apache.hadoop.http.lib.StaticUserWebFilter$StaticUserFilter) to context logs
2019-09-12 11:53:18,870 [main] INFO  http.HttpServer2 (HttpServer2.java:addFilter(958)) - Added filter static_user_filter (class=org.apache.hadoop.http.lib.StaticUserWebFilter$StaticUserFilter) to context static
2019-09-12 11:53:18,871 [main] INFO  http.HttpServer2 (HttpServer2.java:bindListener(1191)) - Jetty bound to port 38927
2019-09-12 11:53:18,871 [main] INFO  server.Server (Server.java:doStart(351)) - jetty-9.3.24.v20180605, build timestamp: 2018-06-05T17:11:56Z, git hash: 84205aa28f11a4f31f2a3b86d1bba2cc8ab69827
2019-09-12 11:53:18,873 [main] INFO  handler.ContextHandler (ContextHandler.java:doStart(781)) - Started o.e.j.s.ServletContextHandler@5db948c9{/logs,file:///workdir/hadoop-ozone/tools/target/log,AVAILABLE}
2019-09-12 11:53:18,873 [main] INFO  handler.ContextHandler (ContextHandler.java:doStart(781)) - Started o.e.j.s.ServletContextHandler@357c9bd9{/static,jar:file:/home/user/.m2/repository/org/apache/hadoop/hadoop-hdds-container-service/0.5.0-SNAPSHOT/hadoop-hdds-container-service-0.5.0-SNAPSHOT.jar!/webapps/static,AVAILABLE}
2019-09-12 11:53:18,901 [main] INFO  handler.ContextHandler (ContextHandler.java:doStart(781)) - Started o.e.j.w.WebAppContext@3a3b10f4{/,file:///tmp/jetty-0.0.0.0-38927-hddsDatanode-_-any-7633047916384519418.dir/webapp/,AVAILABLE}{/hddsDatanode}
2019-09-12 11:53:18,901 [main] INFO  server.AbstractConnector (AbstractConnector.java:doStart(278)) - Started ServerConnector@49580ca8{HTTP/1.1,[http/1.1]}{0.0.0.0:38927}
2019-09-12 11:53:18,902 [main] INFO  server.Server (Server.java:doStart(419)) - Started @7058ms
2019-09-12 11:53:18,903 [main] INFO  server.BaseHttpServer (BaseHttpServer.java:updateConnectorAddress(213)) - HTTP server of HDDSDATANODE is listening at http://0.0.0.0:38927
2019-09-12 11:53:19,054 | INFO  | ObjectStoreRestHttpServer | Listening HDDS REST traffic on /0.0.0.0:33159 |  
2019-09-12 11:53:19,055 [main] INFO  ozone.HddsDatanodeService (HddsDatanodeService.java:startPlugins(395)) - Started plug-in org.apache.hadoop.ozone.web.OzoneHddsDatanodeService@637c840d
2019-09-12 11:53:19,055 [main] INFO  impl.MetricsSystemImpl (MetricsSystemImpl.java:init(158)) - HddsDatanode metrics system started (again)
2019-09-12 11:53:19,059 [org.apache.hadoop.util.JvmPauseMonitor$Monitor@60de40a2] INFO  util.JvmPauseMonitor (JvmPauseMonitor.java:run(188)) - Starting JVM pause monitor
2019-09-12 11:53:19,059 [main] INFO  ozone.HddsDatanodeService (HddsDatanodeService.java:start(184)) - HddsDatanodeService host:pr-hdds-1569-xtfnx-3545843844 ip:192.168.157.195
2019-09-12 11:53:19,061 [Datanode State Machine Thread - 0] INFO  datanode.InitDatanodeState (InitDatanodeState.java:persistContainerDatanodeDetails(140)) - DatanodeDetails is persisted to /workdir/hadoop-ozone/tools/target/test-dir/MiniOzoneClusterImpl-2c48e7f1-ac08-442f-970e-1944cf2eec25/datanode-2/meta/datanode.id
2019-09-12 11:53:19,066 [main] INFO  volume.HddsVolume (HddsVolume.java:<init>(176)) - Creating Volume: /workdir/hadoop-ozone/tools/target/test-dir/MiniOzoneClusterImpl-2c48e7f1-ac08-442f-970e-1944cf2eec25/datanode-3/data/containers/hdds of  storage type : DISK and capacity : 1482555576320
2019-09-12 11:53:19,067 [main] INFO  volume.VolumeSet (VolumeSet.java:initializeVolumeSet(170)) - Added Volume : /workdir/hadoop-ozone/tools/target/test-dir/MiniOzoneClusterImpl-2c48e7f1-ac08-442f-970e-1944cf2eec25/datanode-3/data/containers/hdds to VolumeSet
2019-09-12 11:53:19,067 [main] INFO  volume.ThrottledAsyncChecker (ThrottledAsyncChecker.java:schedule(140)) - Scheduling a check for org.apache.hadoop.ozone.container.common.volume.HddsVolume@256bb5be
2019-09-12 11:53:19,068 [main] INFO  volume.HddsVolumeChecker (HddsVolumeChecker.java:checkAllVolumes(203)) - Scheduled health check for volume org.apache.hadoop.ozone.container.common.volume.HddsVolume@256bb5be
2019-09-12 11:53:19,087 [main] INFO  impl.RaftServerProxy (ConfUtils.java:logGet(43)) - raft.rpc.type = GRPC (default)
2019-09-12 11:53:19,087 [main] INFO  grpc.GrpcFactory (GrpcFactory.java:checkPooledByteBufAllocatorUseCacheForAllThreads(45)) - PERFORMANCE WARNING: useCacheForAllThreads is true that may cause Netty to create a lot garbage objects and, as a result, trigger GC.
	It is recommended to disable useCacheForAllThreads by setting -Dorg.apache.ratis.thirdparty.io.netty.allocator.useCacheForAllThreads=false in command line.
2019-09-12 11:53:19,087 [main] INFO  grpc.GrpcConfigKeys$Server (ConfUtils.java:logGet(43)) - raft.grpc.server.port = 0 (default)
2019-09-12 11:53:19,088 [main] INFO  server.GrpcService (ConfUtils.java:logGet(43)) - raft.grpc.message.size.max = 33570816 (custom)
2019-09-12 11:53:19,088 [main] INFO  server.RaftServerConfigKeys (ConfUtils.java:logGet(43)) - raft.server.log.appender.buffer.byte-limit = 33554432 (custom)
2019-09-12 11:53:19,088 [main] INFO  server.GrpcService (ConfUtils.java:logGet(43)) - raft.grpc.flow.control.window = 1MB (=1048576) (default)
2019-09-12 11:53:19,088 [main] INFO  server.RaftServerConfigKeys (ConfUtils.java:logGet(43)) - raft.server.rpc.request.timeout = 3000ms (default)
2019-09-12 11:53:19,089 [main] INFO  server.RaftServerConfigKeys (ConfUtils.java:logGet(43)) - raft.server.storage.dir = [/workdir/hadoop-ozone/tools/target/test-dir/MiniOzoneClusterImpl-2c48e7f1-ac08-442f-970e-1944cf2eec25/datanode-3/data/ratis] (custom)
2019-09-12 11:53:19,090 [main] INFO  replication.SimpleContainerDownloader (SimpleContainerDownloader.java:<init>(72)) - Starting container downloader service to copy containers to replicate.
2019-09-12 11:53:19,091 [main] INFO  hdfs.DFSUtil (DFSUtil.java:httpServerTemplateForNNAndJN(1641)) - Starting Web-server for hddsDatanode at: http://0.0.0.0:0
2019-09-12 11:53:19,093 [main] INFO  server.AuthenticationFilter (AuthenticationFilter.java:constructSecretProvider(240)) - Unable to initialize FileSignerSecretProvider, falling back to use random secrets.
2019-09-12 11:53:19,093 [main] WARN  http.HttpRequestLog (HttpRequestLog.java:getRequestLog(97)) - Jetty request log can only be enabled using Log4j
2019-09-12 11:53:19,096 [main] INFO  http.HttpServer2 (HttpServer2.java:addGlobalFilter(975)) - Added global filter 'safety' (class=org.apache.hadoop.http.HttpServer2$QuotingInputFilter)
2019-09-12 11:53:19,097 [main] INFO  http.HttpServer2 (HttpServer2.java:addFilter(948)) - Added filter static_user_filter (class=org.apache.hadoop.http.lib.StaticUserWebFilter$StaticUserFilter) to context hddsDatanode
2019-09-12 11:53:19,097 [main] INFO  http.HttpServer2 (HttpServer2.java:addFilter(958)) - Added filter static_user_filter (class=org.apache.hadoop.http.lib.StaticUserWebFilter$StaticUserFilter) to context static
2019-09-12 11:53:19,097 [main] INFO  http.HttpServer2 (HttpServer2.java:addFilter(958)) - Added filter static_user_filter (class=org.apache.hadoop.http.lib.StaticUserWebFilter$StaticUserFilter) to context logs
2019-09-12 11:53:19,098 [main] INFO  http.HttpServer2 (HttpServer2.java:bindListener(1191)) - Jetty bound to port 46240
2019-09-12 11:53:19,098 [main] INFO  server.Server (Server.java:doStart(351)) - jetty-9.3.24.v20180605, build timestamp: 2018-06-05T17:11:56Z, git hash: 84205aa28f11a4f31f2a3b86d1bba2cc8ab69827
2019-09-12 11:53:19,102 [main] INFO  handler.ContextHandler (ContextHandler.java:doStart(781)) - Started o.e.j.s.ServletContextHandler@691567ea{/logs,file:///workdir/hadoop-ozone/tools/target/log,AVAILABLE}
2019-09-12 11:53:19,102 [main] INFO  handler.ContextHandler (ContextHandler.java:doStart(781)) - Started o.e.j.s.ServletContextHandler@5c8d58ed{/static,jar:file:/home/user/.m2/repository/org/apache/hadoop/hadoop-hdds-container-service/0.5.0-SNAPSHOT/hadoop-hdds-container-service-0.5.0-SNAPSHOT.jar!/webapps/static,AVAILABLE}
2019-09-12 11:53:19,131 [main] INFO  handler.ContextHandler (ContextHandler.java:doStart(781)) - Started o.e.j.w.WebAppContext@27a9f025{/,file:///tmp/jetty-0.0.0.0-46240-hddsDatanode-_-any-7249936019077985475.dir/webapp/,AVAILABLE}{/hddsDatanode}
2019-09-12 11:53:19,133 [main] INFO  server.AbstractConnector (AbstractConnector.java:doStart(278)) - Started ServerConnector@71936a92{HTTP/1.1,[http/1.1]}{0.0.0.0:46240}
2019-09-12 11:53:19,133 [main] INFO  server.Server (Server.java:doStart(419)) - Started @7289ms
2019-09-12 11:53:19,134 [main] INFO  server.BaseHttpServer (BaseHttpServer.java:updateConnectorAddress(213)) - HTTP server of HDDSDATANODE is listening at http://0.0.0.0:46240
2019-09-12 11:53:19,318 | INFO  | ObjectStoreRestHttpServer | Listening HDDS REST traffic on /0.0.0.0:36298 |  
2019-09-12 11:53:19,318 [main] INFO  ozone.HddsDatanodeService (HddsDatanodeService.java:startPlugins(395)) - Started plug-in org.apache.hadoop.ozone.web.OzoneHddsDatanodeService@545d2560
2019-09-12 11:53:19,319 [main] INFO  impl.MetricsSystemImpl (MetricsSystemImpl.java:init(158)) - HddsDatanode metrics system started (again)
2019-09-12 11:53:19,323 [org.apache.hadoop.util.JvmPauseMonitor$Monitor@225cead4] INFO  util.JvmPauseMonitor (JvmPauseMonitor.java:run(188)) - Starting JVM pause monitor
2019-09-12 11:53:19,323 [main] INFO  ozone.HddsDatanodeService (HddsDatanodeService.java:start(184)) - HddsDatanodeService host:pr-hdds-1569-xtfnx-3545843844 ip:192.168.157.195
2019-09-12 11:53:19,326 [Datanode State Machine Thread - 0] INFO  datanode.InitDatanodeState (InitDatanodeState.java:persistContainerDatanodeDetails(140)) - DatanodeDetails is persisted to /workdir/hadoop-ozone/tools/target/test-dir/MiniOzoneClusterImpl-2c48e7f1-ac08-442f-970e-1944cf2eec25/datanode-3/meta/datanode.id
2019-09-12 11:53:19,332 [main] INFO  volume.HddsVolume (HddsVolume.java:<init>(176)) - Creating Volume: /workdir/hadoop-ozone/tools/target/test-dir/MiniOzoneClusterImpl-2c48e7f1-ac08-442f-970e-1944cf2eec25/datanode-4/data/containers/hdds of  storage type : DISK and capacity : 1482555576320
2019-09-12 11:53:19,333 [main] INFO  volume.VolumeSet (VolumeSet.java:initializeVolumeSet(170)) - Added Volume : /workdir/hadoop-ozone/tools/target/test-dir/MiniOzoneClusterImpl-2c48e7f1-ac08-442f-970e-1944cf2eec25/datanode-4/data/containers/hdds to VolumeSet
2019-09-12 11:53:19,333 [main] INFO  volume.ThrottledAsyncChecker (ThrottledAsyncChecker.java:schedule(140)) - Scheduling a check for org.apache.hadoop.ozone.container.common.volume.HddsVolume@284990de
2019-09-12 11:53:19,334 [main] INFO  volume.HddsVolumeChecker (HddsVolumeChecker.java:checkAllVolumes(203)) - Scheduled health check for volume org.apache.hadoop.ozone.container.common.volume.HddsVolume@284990de
2019-09-12 11:53:19,359 [main] INFO  impl.RaftServerProxy (ConfUtils.java:logGet(43)) - raft.rpc.type = GRPC (default)
2019-09-12 11:53:19,359 [main] INFO  grpc.GrpcFactory (GrpcFactory.java:checkPooledByteBufAllocatorUseCacheForAllThreads(45)) - PERFORMANCE WARNING: useCacheForAllThreads is true that may cause Netty to create a lot garbage objects and, as a result, trigger GC.
	It is recommended to disable useCacheForAllThreads by setting -Dorg.apache.ratis.thirdparty.io.netty.allocator.useCacheForAllThreads=false in command line.
2019-09-12 11:53:19,360 [main] INFO  grpc.GrpcConfigKeys$Server (ConfUtils.java:logGet(43)) - raft.grpc.server.port = 0 (default)
2019-09-12 11:53:19,360 [main] INFO  server.GrpcService (ConfUtils.java:logGet(43)) - raft.grpc.message.size.max = 33570816 (custom)
2019-09-12 11:53:19,360 [main] INFO  server.RaftServerConfigKeys (ConfUtils.java:logGet(43)) - raft.server.log.appender.buffer.byte-limit = 33554432 (custom)
2019-09-12 11:53:19,361 [main] INFO  server.GrpcService (ConfUtils.java:logGet(43)) - raft.grpc.flow.control.window = 1MB (=1048576) (default)
2019-09-12 11:53:19,361 [main] INFO  server.RaftServerConfigKeys (ConfUtils.java:logGet(43)) - raft.server.rpc.request.timeout = 3000ms (default)
2019-09-12 11:53:19,362 [main] INFO  server.RaftServerConfigKeys (ConfUtils.java:logGet(43)) - raft.server.storage.dir = [/workdir/hadoop-ozone/tools/target/test-dir/MiniOzoneClusterImpl-2c48e7f1-ac08-442f-970e-1944cf2eec25/datanode-4/data/ratis] (custom)
2019-09-12 11:53:19,362 [main] INFO  replication.SimpleContainerDownloader (SimpleContainerDownloader.java:<init>(72)) - Starting container downloader service to copy containers to replicate.
2019-09-12 11:53:19,364 [main] INFO  hdfs.DFSUtil (DFSUtil.java:httpServerTemplateForNNAndJN(1641)) - Starting Web-server for hddsDatanode at: http://0.0.0.0:0
2019-09-12 11:53:19,366 [main] INFO  server.AuthenticationFilter (AuthenticationFilter.java:constructSecretProvider(240)) - Unable to initialize FileSignerSecretProvider, falling back to use random secrets.
2019-09-12 11:53:19,367 [main] WARN  http.HttpRequestLog (HttpRequestLog.java:getRequestLog(97)) - Jetty request log can only be enabled using Log4j
2019-09-12 11:53:19,370 [main] INFO  http.HttpServer2 (HttpServer2.java:addGlobalFilter(975)) - Added global filter 'safety' (class=org.apache.hadoop.http.HttpServer2$QuotingInputFilter)
2019-09-12 11:53:19,371 [main] INFO  http.HttpServer2 (HttpServer2.java:addFilter(948)) - Added filter static_user_filter (class=org.apache.hadoop.http.lib.StaticUserWebFilter$StaticUserFilter) to context hddsDatanode
2019-09-12 11:53:19,371 [main] INFO  http.HttpServer2 (HttpServer2.java:addFilter(958)) - Added filter static_user_filter (class=org.apache.hadoop.http.lib.StaticUserWebFilter$StaticUserFilter) to context static
2019-09-12 11:53:19,371 [main] INFO  http.HttpServer2 (HttpServer2.java:addFilter(958)) - Added filter static_user_filter (class=org.apache.hadoop.http.lib.StaticUserWebFilter$StaticUserFilter) to context logs
2019-09-12 11:53:19,373 [main] INFO  http.HttpServer2 (HttpServer2.java:bindListener(1191)) - Jetty bound to port 37763
2019-09-12 11:53:19,373 [main] INFO  server.Server (Server.java:doStart(351)) - jetty-9.3.24.v20180605, build timestamp: 2018-06-05T17:11:56Z, git hash: 84205aa28f11a4f31f2a3b86d1bba2cc8ab69827
2019-09-12 11:53:19,376 [main] INFO  handler.ContextHandler (ContextHandler.java:doStart(781)) - Started o.e.j.s.ServletContextHandler@723742b2{/logs,file:///workdir/hadoop-ozone/tools/target/log,AVAILABLE}
2019-09-12 11:53:19,376 [main] INFO  handler.ContextHandler (ContextHandler.java:doStart(781)) - Started o.e.j.s.ServletContextHandler@34c76167{/static,jar:file:/home/user/.m2/repository/org/apache/hadoop/hadoop-hdds-container-service/0.5.0-SNAPSHOT/hadoop-hdds-container-service-0.5.0-SNAPSHOT.jar!/webapps/static,AVAILABLE}
2019-09-12 11:53:19,417 [main] INFO  handler.ContextHandler (ContextHandler.java:doStart(781)) - Started o.e.j.w.WebAppContext@4bc9ca97{/,file:///tmp/jetty-0.0.0.0-37763-hddsDatanode-_-any-6068696930592165239.dir/webapp/,AVAILABLE}{/hddsDatanode}
2019-09-12 11:53:19,418 [main] INFO  server.AbstractConnector (AbstractConnector.java:doStart(278)) - Started ServerConnector@3e43f049{HTTP/1.1,[http/1.1]}{0.0.0.0:37763}
2019-09-12 11:53:19,419 [main] INFO  server.Server (Server.java:doStart(419)) - Started @7575ms
2019-09-12 11:53:19,420 [main] INFO  server.BaseHttpServer (BaseHttpServer.java:updateConnectorAddress(213)) - HTTP server of HDDSDATANODE is listening at http://0.0.0.0:37763
2019-09-12 11:53:19,589 | INFO  | ObjectStoreRestHttpServer | Listening HDDS REST traffic on /0.0.0.0:41454 |  
2019-09-12 11:53:19,590 [main] INFO  ozone.HddsDatanodeService (HddsDatanodeService.java:startPlugins(395)) - Started plug-in org.apache.hadoop.ozone.web.OzoneHddsDatanodeService@7db5b890
2019-09-12 11:53:19,592 [main] INFO  ozone.MiniOzoneClusterImpl (MiniOzoneClusterImpl.java:lambda$waitForClusterToBeReady$0(142)) - Waiting for cluster to be ready. Got 0 of 5 DN Heartbeats.
2019-09-12 11:53:19,593 [org.apache.hadoop.util.JvmPauseMonitor$Monitor@65579fa1] INFO  util.JvmPauseMonitor (JvmPauseMonitor.java:run(188)) - Starting JVM pause monitor
2019-09-12 11:53:19,595 [Datanode State Machine Thread - 0] INFO  datanode.InitDatanodeState (InitDatanodeState.java:persistContainerDatanodeDetails(140)) - DatanodeDetails is persisted to /workdir/hadoop-ozone/tools/target/test-dir/MiniOzoneClusterImpl-2c48e7f1-ac08-442f-970e-1944cf2eec25/datanode-4/meta/datanode.id
2019-09-12 11:53:20,592 [main] INFO  ozone.MiniOzoneClusterImpl (MiniOzoneClusterImpl.java:lambda$waitForClusterToBeReady$0(142)) - Waiting for cluster to be ready. Got 0 of 5 DN Heartbeats.
2019-09-12 11:53:20,610 | INFO  | SCMAudit | user=jenkins1000 | ip=192.168.157.195 | op=GET_VERSION null | ret=SUCCESS |  
2019-09-12 11:53:20,641 [Datanode State Machine Thread - 0] INFO  ozoneimpl.OzoneContainer (OzoneContainer.java:start(186)) - Attempting to start container services.
2019-09-12 11:53:20,642 [Datanode State Machine Thread - 0] INFO  ozoneimpl.OzoneContainer (OzoneContainer.java:startContainerScrub(160)) - Background container scrubber has been disabled by hdds.containerscrub.enabled
2019-09-12 11:53:20,642 [Datanode State Machine Thread - 0] INFO  ratis.XceiverServerRatis (XceiverServerRatis.java:start(404)) - Starting XceiverServerRatis 61a9fc65-5e41-4283-98a8-259f9227054d at port 0
2019-09-12 11:53:20,664 [Datanode State Machine Thread - 0] INFO  impl.RaftServerProxy (RaftServerProxy.java:lambda$start$3(299)) - 61a9fc65-5e41-4283-98a8-259f9227054d: start RPC server
2019-09-12 11:53:20,794 [Datanode State Machine Thread - 0] INFO  server.GrpcService (GrpcService.java:startImpl(149)) - 61a9fc65-5e41-4283-98a8-259f9227054d: GrpcService started, listening on 0.0.0.0/0.0.0.0:36251
2019-09-12 11:53:20,795 [Datanode State Machine Thread - 0] INFO  ratis.XceiverServerRatis (XceiverServerRatis.java:start(414)) - XceiverServerRatis 61a9fc65-5e41-4283-98a8-259f9227054d is started using port 36251
2019-09-12 11:53:20,797 [Datanode State Machine Thread - 0] INFO  server.XceiverServerGrpc (XceiverServerGrpc.java:start(163)) - XceiverServerGrpc 61a9fc65-5e41-4283-98a8-259f9227054d is started using port 35378
2019-09-12 11:53:20,825 | INFO  | SCMAudit | user=jenkins1000 | ip=192.168.157.195 | op=GET_VERSION null | ret=SUCCESS |  
2019-09-12 11:53:20,840 [Datanode State Machine Thread - 0] INFO  ozoneimpl.OzoneContainer (OzoneContainer.java:start(186)) - Attempting to start container services.
2019-09-12 11:53:20,843 [Datanode State Machine Thread - 0] INFO  ozoneimpl.OzoneContainer (OzoneContainer.java:startContainerScrub(160)) - Background container scrubber has been disabled by hdds.containerscrub.enabled
2019-09-12 11:53:20,843 [Datanode State Machine Thread - 0] INFO  ratis.XceiverServerRatis (XceiverServerRatis.java:start(404)) - Starting XceiverServerRatis e686195f-5212-4098-b2ad-e713a3c4587f at port 0
2019-09-12 11:53:20,908 [Datanode State Machine Thread - 0] INFO  impl.RaftServerProxy (RaftServerProxy.java:lambda$start$3(299)) - e686195f-5212-4098-b2ad-e713a3c4587f: start RPC server
2019-09-12 11:53:20,914 [Datanode State Machine Thread - 0] INFO  server.GrpcService (GrpcService.java:startImpl(149)) - e686195f-5212-4098-b2ad-e713a3c4587f: GrpcService started, listening on 0.0.0.0/0.0.0.0:42300
2019-09-12 11:53:20,915 [Datanode State Machine Thread - 0] INFO  ratis.XceiverServerRatis (XceiverServerRatis.java:start(414)) - XceiverServerRatis e686195f-5212-4098-b2ad-e713a3c4587f is started using port 42300
2019-09-12 11:53:20,917 [Datanode State Machine Thread - 0] INFO  server.XceiverServerGrpc (XceiverServerGrpc.java:start(163)) - XceiverServerGrpc e686195f-5212-4098-b2ad-e713a3c4587f is started using port 41039
2019-09-12 11:53:21,061 | INFO  | SCMAudit | user=jenkins1000 | ip=192.168.157.195 | op=GET_VERSION null | ret=SUCCESS |  
2019-09-12 11:53:21,076 [Datanode State Machine Thread - 0] INFO  ozoneimpl.OzoneContainer (OzoneContainer.java:start(186)) - Attempting to start container services.
2019-09-12 11:53:21,078 [Datanode State Machine Thread - 0] INFO  ozoneimpl.OzoneContainer (OzoneContainer.java:startContainerScrub(160)) - Background container scrubber has been disabled by hdds.containerscrub.enabled
2019-09-12 11:53:21,079 [Datanode State Machine Thread - 0] INFO  ratis.XceiverServerRatis (XceiverServerRatis.java:start(404)) - Starting XceiverServerRatis 483993a0-3055-479d-b58b-b02682c97e4b at port 0
2019-09-12 11:53:21,087 [Datanode State Machine Thread - 0] INFO  impl.RaftServerProxy (RaftServerProxy.java:lambda$start$3(299)) - 483993a0-3055-479d-b58b-b02682c97e4b: start RPC server
2019-09-12 11:53:21,091 [Datanode State Machine Thread - 0] INFO  server.GrpcService (GrpcService.java:startImpl(149)) - 483993a0-3055-479d-b58b-b02682c97e4b: GrpcService started, listening on 0.0.0.0/0.0.0.0:38762
2019-09-12 11:53:21,091 [Datanode State Machine Thread - 0] INFO  ratis.XceiverServerRatis (XceiverServerRatis.java:start(414)) - XceiverServerRatis 483993a0-3055-479d-b58b-b02682c97e4b is started using port 38762
2019-09-12 11:53:21,095 [Datanode State Machine Thread - 0] INFO  server.XceiverServerGrpc (XceiverServerGrpc.java:start(163)) - XceiverServerGrpc 483993a0-3055-479d-b58b-b02682c97e4b is started using port 37185
2019-09-12 11:53:21,331 | INFO  | SCMAudit | user=jenkins1000 | ip=192.168.157.195 | op=GET_VERSION null | ret=SUCCESS |  
2019-09-12 11:53:21,345 [Datanode State Machine Thread - 0] INFO  ozoneimpl.OzoneContainer (OzoneContainer.java:start(186)) - Attempting to start container services.
2019-09-12 11:53:21,347 [Datanode State Machine Thread - 0] INFO  ozoneimpl.OzoneContainer (OzoneContainer.java:startContainerScrub(160)) - Background container scrubber has been disabled by hdds.containerscrub.enabled
2019-09-12 11:53:21,347 [Datanode State Machine Thread - 0] INFO  ratis.XceiverServerRatis (XceiverServerRatis.java:start(404)) - Starting XceiverServerRatis 028783e7-22fc-47b5-934a-5e8bf88f7fe6 at port 0
2019-09-12 11:53:21,356 [Datanode State Machine Thread - 0] INFO  impl.RaftServerProxy (RaftServerProxy.java:lambda$start$3(299)) - 028783e7-22fc-47b5-934a-5e8bf88f7fe6: start RPC server
2019-09-12 11:53:21,359 [Datanode State Machine Thread - 0] INFO  server.GrpcService (GrpcService.java:startImpl(149)) - 028783e7-22fc-47b5-934a-5e8bf88f7fe6: GrpcService started, listening on 0.0.0.0/0.0.0.0:38713
2019-09-12 11:53:21,359 [Datanode State Machine Thread - 0] INFO  ratis.XceiverServerRatis (XceiverServerRatis.java:start(414)) - XceiverServerRatis 028783e7-22fc-47b5-934a-5e8bf88f7fe6 is started using port 38713
2019-09-12 11:53:21,361 [Datanode State Machine Thread - 0] INFO  server.XceiverServerGrpc (XceiverServerGrpc.java:start(163)) - XceiverServerGrpc 028783e7-22fc-47b5-934a-5e8bf88f7fe6 is started using port 40629
2019-09-12 11:53:21,593 [main] INFO  ozone.MiniOzoneClusterImpl (MiniOzoneClusterImpl.java:lambda$waitForClusterToBeReady$0(142)) - Waiting for cluster to be ready. Got 0 of 5 DN Heartbeats.
2019-09-12 11:53:21,596 | INFO  | SCMAudit | user=jenkins1000 | ip=192.168.157.195 | op=GET_VERSION null | ret=SUCCESS |  
2019-09-12 11:53:21,611 [Datanode State Machine Thread - 0] INFO  ozoneimpl.OzoneContainer (OzoneContainer.java:start(186)) - Attempting to start container services.
2019-09-12 11:53:21,617 [Datanode State Machine Thread - 0] INFO  ozoneimpl.OzoneContainer (OzoneContainer.java:startContainerScrub(160)) - Background container scrubber has been disabled by hdds.containerscrub.enabled
2019-09-12 11:53:21,617 [Datanode State Machine Thread - 0] INFO  ratis.XceiverServerRatis (XceiverServerRatis.java:start(404)) - Starting XceiverServerRatis 7741e6cf-6131-4fc6-8612-36509ed6293c at port 0
2019-09-12 11:53:21,627 [Datanode State Machine Thread - 0] INFO  impl.RaftServerProxy (RaftServerProxy.java:lambda$start$3(299)) - 7741e6cf-6131-4fc6-8612-36509ed6293c: start RPC server
2019-09-12 11:53:21,630 [Datanode State Machine Thread - 0] INFO  server.GrpcService (GrpcService.java:startImpl(149)) - 7741e6cf-6131-4fc6-8612-36509ed6293c: GrpcService started, listening on 0.0.0.0/0.0.0.0:34114
2019-09-12 11:53:21,630 [Datanode State Machine Thread - 0] INFO  ratis.XceiverServerRatis (XceiverServerRatis.java:start(414)) - XceiverServerRatis 7741e6cf-6131-4fc6-8612-36509ed6293c is started using port 34114
2019-09-12 11:53:21,634 [Datanode State Machine Thread - 0] INFO  server.XceiverServerGrpc (XceiverServerGrpc.java:start(163)) - XceiverServerGrpc 7741e6cf-6131-4fc6-8612-36509ed6293c is started using port 46234
2019-09-12 11:53:22,593 [main] INFO  ozone.MiniOzoneClusterImpl (MiniOzoneClusterImpl.java:lambda$waitForClusterToBeReady$0(142)) - Waiting for cluster to be ready. Got 0 of 5 DN Heartbeats.
2019-09-12 11:53:22,622 [IPC Server handler 3 on 46599] INFO  net.NetworkTopology (NetworkTopologyImpl.java:add(110)) - Added a new node: /default-rack/61a9fc65-5e41-4283-98a8-259f9227054d
2019-09-12 11:53:22,623 [IPC Server handler 3 on 46599] INFO  node.SCMNodeManager (SCMNodeManager.java:register(273)) - Registered Data node : 61a9fc65-5e41-4283-98a8-259f9227054d{ip: 192.168.157.195, host: pr-hdds-1569-xtfnx-3545843844, networkLocation: /default-rack, certSerialId: null}
2019-09-12 11:53:22,628 [EventQueue-NodeRegistrationContainerReportForDataNodeSafeModeRule] INFO  safemode.SCMSafeModeManager (DataNodeSafeModeRule.java:process(71)) - SCM in safe mode. 1 DataNodes registered, 1 required.
2019-09-12 11:53:22,628 [EventQueue-NodeRegistrationContainerReportForDataNodeSafeModeRule] INFO  safemode.SCMSafeModeManager (SCMSafeModeManager.java:validateSafeModeExitRules(177)) - ScmSafeModeManager, all rules are successfully validated
2019-09-12 11:53:22,629 [EventQueue-NodeRegistrationContainerReportForDataNodeSafeModeRule] INFO  safemode.SCMSafeModeManager (SCMSafeModeManager.java:exitSafeMode(193)) - SCM exiting safe mode.
2019-09-12 11:53:22,637 | INFO  | SCMAudit | user=jenkins1000 | ip=192.168.157.195 | op=REGISTER {datanodeDetails=61a9fc65-5e41-4283-98a8-259f9227054d{ip: 192.168.157.195, host: pr-hdds-1569-xtfnx-3545843844, networkLocation: /default-rack, certSerialId: null}} | ret=SUCCESS |  
2019-09-12 11:53:22,826 [IPC Server handler 4 on 46599] INFO  net.NetworkTopology (NetworkTopologyImpl.java:add(110)) - Added a new node: /default-rack/e686195f-5212-4098-b2ad-e713a3c4587f
2019-09-12 11:53:22,826 [IPC Server handler 4 on 46599] INFO  node.SCMNodeManager (SCMNodeManager.java:register(273)) - Registered Data node : e686195f-5212-4098-b2ad-e713a3c4587f{ip: 192.168.157.195, host: pr-hdds-1569-xtfnx-3545843844, networkLocation: /default-rack, certSerialId: null}
2019-09-12 11:53:22,827 | INFO  | SCMAudit | user=jenkins1000 | ip=192.168.157.195 | op=REGISTER {datanodeDetails=e686195f-5212-4098-b2ad-e713a3c4587f{ip: 192.168.157.195, host: pr-hdds-1569-xtfnx-3545843844, networkLocation: /default-rack, certSerialId: null}} | ret=SUCCESS |  
2019-09-12 11:53:23,062 [IPC Server handler 2 on 46599] INFO  net.NetworkTopology (NetworkTopologyImpl.java:add(110)) - Added a new node: /default-rack/483993a0-3055-479d-b58b-b02682c97e4b
2019-09-12 11:53:23,063 [IPC Server handler 2 on 46599] INFO  node.SCMNodeManager (SCMNodeManager.java:register(273)) - Registered Data node : 483993a0-3055-479d-b58b-b02682c97e4b{ip: 192.168.157.195, host: pr-hdds-1569-xtfnx-3545843844, networkLocation: /default-rack, certSerialId: null}
2019-09-12 11:53:23,063 | INFO  | SCMAudit | user=jenkins1000 | ip=192.168.157.195 | op=REGISTER {datanodeDetails=483993a0-3055-479d-b58b-b02682c97e4b{ip: 192.168.157.195, host: pr-hdds-1569-xtfnx-3545843844, networkLocation: /default-rack, certSerialId: null}} | ret=SUCCESS |  
2019-09-12 11:53:23,444 [IPC Server handler 0 on 46599] INFO  net.NetworkTopology (NetworkTopologyImpl.java:add(110)) - Added a new node: /default-rack/028783e7-22fc-47b5-934a-5e8bf88f7fe6
2019-09-12 11:53:23,445 [IPC Server handler 0 on 46599] INFO  node.SCMNodeManager (SCMNodeManager.java:register(273)) - Registered Data node : 028783e7-22fc-47b5-934a-5e8bf88f7fe6{ip: 192.168.157.195, host: pr-hdds-1569-xtfnx-3545843844, networkLocation: /default-rack, certSerialId: null}
2019-09-12 11:53:23,445 | INFO  | SCMAudit | user=jenkins1000 | ip=192.168.157.195 | op=REGISTER {datanodeDetails=028783e7-22fc-47b5-934a-5e8bf88f7fe6{ip: 192.168.157.195, host: pr-hdds-1569-xtfnx-3545843844, networkLocation: /default-rack, certSerialId: null}} | ret=SUCCESS |  
2019-09-12 11:53:23,519 [grpc-default-executor-0] INFO  impl.RaftServerProxy (RaftServerProxy.java:addNew(89)) - 61a9fc65-5e41-4283-98a8-259f9227054d: addNew group-F9BE187A1FA7:[61a9fc65-5e41-4283-98a8-259f9227054d:192.168.157.195:36251] returns group-F9BE187A1FA7:java.util.concurrent.CompletableFuture@292fcd65[Not completed]
2019-09-12 11:53:23,540 [pool-27-thread-1] INFO  impl.RaftServerImpl (RaftServerImpl.java:<init>(93)) - 61a9fc65-5e41-4283-98a8-259f9227054d: new RaftServerImpl for group-F9BE187A1FA7:[61a9fc65-5e41-4283-98a8-259f9227054d:192.168.157.195:36251] with ContainerStateMachine:uninitialized
2019-09-12 11:53:23,542 [pool-27-thread-1] INFO  server.RaftServerConfigKeys (ConfUtils.java:logGet(43)) - raft.server.rpc.timeout.min = 5s (custom)
2019-09-12 11:53:23,544 [pool-27-thread-1] INFO  server.RaftServerConfigKeys (ConfUtils.java:logGet(43)) - raft.server.rpc.timeout.max = 5200ms (custom)
2019-09-12 11:53:23,544 [pool-27-thread-1] INFO  server.RaftServerConfigKeys (ConfUtils.java:logGet(43)) - raft.server.rpcslowness.timeout = 120s (custom)
2019-09-12 11:53:23,545 [pool-27-thread-1] INFO  server.RaftServerConfigKeys (ConfUtils.java:logGet(43)) - raft.server.sleep.deviation.threshold = 300 (default)
2019-09-12 11:53:23,546 [pool-27-thread-1] INFO  server.RaftServerConfigKeys (ConfUtils.java:logGet(43)) - raft.server.log.appender.install.snapshot.enabled = false (custom)
2019-09-12 11:53:23,556 [pool-27-thread-1] INFO  impl.RaftServerImpl (ServerState.java:<init>(105)) - 61a9fc65-5e41-4283-98a8-259f9227054d:group-F9BE187A1FA7 ConfigurationManager, init=-1: [61a9fc65-5e41-4283-98a8-259f9227054d:192.168.157.195:36251], old=null, confs=<EMPTY_MAP>
2019-09-12 11:53:23,556 [pool-27-thread-1] INFO  server.RaftServerConfigKeys (ConfUtils.java:logGet(43)) - raft.server.storage.dir = [/workdir/hadoop-ozone/tools/target/test-dir/MiniOzoneClusterImpl-2c48e7f1-ac08-442f-970e-1944cf2eec25/datanode-0/data/ratis] (custom)
2019-09-12 11:53:23,566 [pool-27-thread-1] INFO  storage.RaftStorageDirectory (RaftStorageDirectory.java:analyzeStorage(246)) - The storage directory /workdir/hadoop-ozone/tools/target/test-dir/MiniOzoneClusterImpl-2c48e7f1-ac08-442f-970e-1944cf2eec25/datanode-0/data/ratis/cc2cfa84-1717-4410-9ef4-f9be187a1fa7 does not exist. Creating ...
2019-09-12 11:53:23,584 [pool-27-thread-1] INFO  storage.RaftStorageDirectory (RaftStorageDirectory.java:tryLock(328)) - Lock on /workdir/hadoop-ozone/tools/target/test-dir/MiniOzoneClusterImpl-2c48e7f1-ac08-442f-970e-1944cf2eec25/datanode-0/data/ratis/cc2cfa84-1717-4410-9ef4-f9be187a1fa7/in_use.lock acquired by nodename 17412@pr-hdds-1569-xtfnx-3545843844
2019-09-12 11:53:23,594 [main] INFO  ozone.MiniOzoneClusterImpl (MiniOzoneClusterImpl.java:lambda$waitForClusterToBeReady$0(142)) - Waiting for cluster to be ready. Got 4 of 5 DN Heartbeats.
2019-09-12 11:53:23,597 [IPC Server handler 3 on 46599] INFO  net.NetworkTopology (NetworkTopologyImpl.java:add(110)) - Added a new node: /default-rack/7741e6cf-6131-4fc6-8612-36509ed6293c
2019-09-12 11:53:23,597 [IPC Server handler 3 on 46599] INFO  node.SCMNodeManager (SCMNodeManager.java:register(273)) - Registered Data node : 7741e6cf-6131-4fc6-8612-36509ed6293c{ip: 192.168.157.195, host: pr-hdds-1569-xtfnx-3545843844, networkLocation: /default-rack, certSerialId: null}
2019-09-12 11:53:23,598 | INFO  | SCMAudit | user=jenkins1000 | ip=192.168.157.195 | op=REGISTER {datanodeDetails=7741e6cf-6131-4fc6-8612-36509ed6293c{ip: 192.168.157.195, host: pr-hdds-1569-xtfnx-3545843844, networkLocation: /default-rack, certSerialId: null}} | ret=SUCCESS |  
2019-09-12 11:53:23,600 [pool-27-thread-1] INFO  storage.RaftStorage (RaftStorage.java:format(72)) - Storage directory /workdir/hadoop-ozone/tools/target/test-dir/MiniOzoneClusterImpl-2c48e7f1-ac08-442f-970e-1944cf2eec25/datanode-0/data/ratis/cc2cfa84-1717-4410-9ef4-f9be187a1fa7 has been successfully formatted.
2019-09-12 11:53:23,602 [pool-27-thread-1] INFO  ratis.ContainerStateMachine (ContainerStateMachine.java:loadSnapshot(226)) - group-F9BE187A1FA7: The snapshot info is null. Setting the last applied indexto:(t:0, i:~)
2019-09-12 11:53:23,602 [pool-27-thread-1] INFO  server.RaftServerConfigKeys (ConfUtils.java:logGet(43)) - raft.server.leader.election.timeout = 120s (custom)
2019-09-12 11:53:23,605 [pool-27-thread-1] INFO  server.RaftServerConfigKeys (ConfUtils.java:logGet(43)) - raft.server.log.use.memory = false (default)
2019-09-12 11:53:23,611 [pool-27-thread-1] INFO  server.RaftServerConfigKeys (ConfUtils.java:logGet(43)) - raft.server.log.purge.gap = 1000000 (custom)
2019-09-12 11:53:23,611 [pool-27-thread-1] INFO  server.RaftServerConfigKeys (ConfUtils.java:logGet(43)) - raft.server.log.appender.buffer.byte-limit = 33554432 (custom)
2019-09-12 11:53:23,612 [pool-27-thread-1] INFO  server.RaftServerConfigKeys (ConfUtils.java:logGet(43)) - raft.server.log.segment.size.max = 1048576 (custom)
2019-09-12 11:53:23,617 [pool-27-thread-1] INFO  server.RaftServerConfigKeys (ConfUtils.java:logGet(43)) - raft.server.log.segment.cache.num.max = 2 (custom)
2019-09-12 11:53:23,622 [pool-27-thread-1] INFO  segmented.SegmentedRaftLogWorker (SegmentedRaftLogWorker.java:<init>(172)) - new 61a9fc65-5e41-4283-98a8-259f9227054d-SegmentedRaftLogWorker:Storage Directory /workdir/hadoop-ozone/tools/target/test-dir/MiniOzoneClusterImpl-2c48e7f1-ac08-442f-970e-1944cf2eec25/datanode-0/data/ratis/cc2cfa84-1717-4410-9ef4-f9be187a1fa7 for RaftStorage:Storage Directory /workdir/hadoop-ozone/tools/target/test-dir/MiniOzoneClusterImpl-2c48e7f1-ac08-442f-970e-1944cf2eec25/datanode-0/data/ratis/cc2cfa84-1717-4410-9ef4-f9be187a1fa7
2019-09-12 11:53:23,635 [pool-27-thread-1] INFO  server.RaftServerConfigKeys (ConfUtils.java:logGet(43)) - raft.server.log.queue.byte-limit = 2147483647 (custom)
2019-09-12 11:53:23,635 [pool-27-thread-1] INFO  server.RaftServerConfigKeys (ConfUtils.java:logGet(43)) - raft.server.log.queue.element-limit = 1024 (custom)
2019-09-12 11:53:23,640 [pool-27-thread-1] INFO  server.RaftServerConfigKeys (ConfUtils.java:logGet(43)) - raft.server.log.segment.size.max = 1048576 (custom)
2019-09-12 11:53:23,641 [pool-27-thread-1] INFO  server.RaftServerConfigKeys (ConfUtils.java:logGet(43)) - raft.server.log.preallocated.size = 16384 (custom)
2019-09-12 11:53:23,641 [pool-27-thread-1] INFO  server.RaftServerConfigKeys (ConfUtils.java:logGet(43)) - raft.server.log.write.buffer.size = 33554432 (custom)
2019-09-12 11:53:23,642 [pool-27-thread-1] INFO  server.RaftServerConfigKeys (ConfUtils.java:logGet(43)) - raft.server.log.force.sync.num = 128 (default)
2019-09-12 11:53:23,643 [pool-27-thread-1] INFO  server.RaftServerConfigKeys (ConfUtils.java:logGet(43)) - raft.server.log.statemachine.data.sync = true (default)
2019-09-12 11:53:23,643 [pool-27-thread-1] INFO  server.RaftServerConfigKeys (ConfUtils.java:logGet(43)) - raft.server.log.statemachine.data.sync.timeout = 10s (default)
2019-09-12 11:53:23,643 [pool-27-thread-1] INFO  server.RaftServerConfigKeys (ConfUtils.java:logGet(43)) - raft.server.log.statemachine.data.sync.timeout.retry = -1 (default)
2019-09-12 11:53:23,653 [pool-27-thread-1] INFO  server.RaftServerConfigKeys (ConfUtils.java:logGet(43)) - raft.server.log.statemachine.data.caching.enabled = true (custom)
2019-09-12 11:53:23,658 [pool-27-thread-1] INFO  segmented.SegmentedRaftLogWorker (SegmentedRaftLogWorker.java:lambda$new$0(132)) - 61a9fc65-5e41-4283-98a8-259f9227054d-SegmentedRaftLogWorker:Storage Directory /workdir/hadoop-ozone/tools/target/test-dir/MiniOzoneClusterImpl-2c48e7f1-ac08-442f-970e-1944cf2eec25/datanode-0/data/ratis/cc2cfa84-1717-4410-9ef4-f9be187a1fa7: flushIndex: setUnconditionally 0 -> -1
2019-09-12 11:53:23,662 [pool-27-thread-1] INFO  server.RaftServerConfigKeys (ConfUtils.java:logGet(43)) - raft.server.snapshot.auto.trigger.enabled = true (custom)
2019-09-12 11:53:23,662 [pool-27-thread-1] INFO  server.RaftServerConfigKeys (ConfUtils.java:logGet(43)) - raft.server.snapshot.auto.trigger.threshold = 10000 (custom)
2019-09-12 11:53:23,663 [pool-27-thread-1] INFO  server.RaftServerConfigKeys (ConfUtils.java:logGet(43)) - raft.server.retrycache.expirytime = 600000ms (custom)
2019-09-12 11:53:23,686 [pool-27-thread-1] INFO  impl.RaftServerImpl (RaftServerImpl.java:start(180)) - 61a9fc65-5e41-4283-98a8-259f9227054d: start group-F9BE187A1FA7
2019-09-12 11:53:23,687 [pool-27-thread-1] INFO  impl.RaftServerImpl (RaftServerImpl.java:setRole(171)) - 61a9fc65-5e41-4283-98a8-259f9227054d:group-F9BE187A1FA7 changes role from null to FOLLOWER at term 0 for startAsFollower
2019-09-12 11:53:23,689 [pool-27-thread-1] INFO  impl.RoleInfo (RoleInfo.java:updateAndGet(143)) - 61a9fc65-5e41-4283-98a8-259f9227054d: start FollowerState
2019-09-12 11:53:23,691 [pool-27-thread-1] INFO  util.JmxRegister (JmxRegister.java:tryRegister(44)) - Successfully registered JMX Bean with object name Ratis:service=RaftServer,group=group-F9BE187A1FA7,id=61a9fc65-5e41-4283-98a8-259f9227054d
2019-09-12 11:53:23,758 [RatisPipelineUtilsThread] INFO  pipeline.PipelineStateManager (PipelineStateManager.java:addPipeline(56)) - Created pipeline Pipeline[ Id: cc2cfa84-1717-4410-9ef4-f9be187a1fa7, Nodes: 61a9fc65-5e41-4283-98a8-259f9227054d{ip: 192.168.157.195, host: pr-hdds-1569-xtfnx-3545843844, networkLocation: /default-rack, certSerialId: null}, Type:RATIS, Factor:ONE, State:OPEN]
2019-09-12 11:53:23,786 [grpc-default-executor-0] INFO  impl.RaftServerProxy (RaftServerProxy.java:addNew(89)) - 61a9fc65-5e41-4283-98a8-259f9227054d: addNew group-EAFBD8757FAA:[61a9fc65-5e41-4283-98a8-259f9227054d:192.168.157.195:36251] returns group-EAFBD8757FAA:java.util.concurrent.CompletableFuture@268e3e34[Not completed]
2019-09-12 11:53:23,790 [pool-27-thread-1] INFO  impl.RaftServerImpl (RaftServerImpl.java:<init>(93)) - 61a9fc65-5e41-4283-98a8-259f9227054d: new RaftServerImpl for group-EAFBD8757FAA:[61a9fc65-5e41-4283-98a8-259f9227054d:192.168.157.195:36251] with ContainerStateMachine:uninitialized
2019-09-12 11:53:23,790 [pool-27-thread-1] INFO  server.RaftServerConfigKeys (ConfUtils.java:logGet(43)) - raft.server.rpc.timeout.min = 5s (custom)
2019-09-12 11:53:23,790 [pool-27-thread-1] INFO  server.RaftServerConfigKeys (ConfUtils.java:logGet(43)) - raft.server.rpc.timeout.max = 5200ms (custom)
2019-09-12 11:53:23,790 [pool-27-thread-1] INFO  server.RaftServerConfigKeys (ConfUtils.java:logGet(43)) - raft.server.rpcslowness.timeout = 120s (custom)
2019-09-12 11:53:23,791 [pool-27-thread-1] INFO  server.RaftServerConfigKeys (ConfUtils.java:logGet(43)) - raft.server.sleep.deviation.threshold = 300 (default)
2019-09-12 11:53:23,791 [pool-27-thread-1] INFO  server.RaftServerConfigKeys (ConfUtils.java:logGet(43)) - raft.server.log.appender.install.snapshot.enabled = false (custom)
2019-09-12 11:53:23,791 [pool-27-thread-1] INFO  impl.RaftServerImpl (ServerState.java:<init>(105)) - 61a9fc65-5e41-4283-98a8-259f9227054d:group-EAFBD8757FAA ConfigurationManager, init=-1: [61a9fc65-5e41-4283-98a8-259f9227054d:192.168.157.195:36251], old=null, confs=<EMPTY_MAP>
2019-09-12 11:53:23,792 [pool-27-thread-1] INFO  server.RaftServerConfigKeys (ConfUtils.java:logGet(43)) - raft.server.storage.dir = [/workdir/hadoop-ozone/tools/target/test-dir/MiniOzoneClusterImpl-2c48e7f1-ac08-442f-970e-1944cf2eec25/datanode-0/data/ratis] (custom)
2019-09-12 11:53:23,792 [pool-27-thread-1] INFO  storage.RaftStorageDirectory (RaftStorageDirectory.java:analyzeStorage(246)) - The storage directory /workdir/hadoop-ozone/tools/target/test-dir/MiniOzoneClusterImpl-2c48e7f1-ac08-442f-970e-1944cf2eec25/datanode-0/data/ratis/fe731c09-4e6d-4612-9660-eafbd8757faa does not exist. Creating ...
2019-09-12 11:53:23,806 [pool-27-thread-1] INFO  storage.RaftStorageDirectory (RaftStorageDirectory.java:tryLock(328)) - Lock on /workdir/hadoop-ozone/tools/target/test-dir/MiniOzoneClusterImpl-2c48e7f1-ac08-442f-970e-1944cf2eec25/datanode-0/data/ratis/fe731c09-4e6d-4612-9660-eafbd8757faa/in_use.lock acquired by nodename 17412@pr-hdds-1569-xtfnx-3545843844
2019-09-12 11:53:23,819 [pool-27-thread-1] INFO  storage.RaftStorage (RaftStorage.java:format(72)) - Storage directory /workdir/hadoop-ozone/tools/target/test-dir/MiniOzoneClusterImpl-2c48e7f1-ac08-442f-970e-1944cf2eec25/datanode-0/data/ratis/fe731c09-4e6d-4612-9660-eafbd8757faa has been successfully formatted.
2019-09-12 11:53:23,819 [pool-27-thread-1] INFO  ratis.ContainerStateMachine (ContainerStateMachine.java:loadSnapshot(226)) - group-EAFBD8757FAA: The snapshot info is null. Setting the last applied indexto:(t:0, i:~)
2019-09-12 11:53:23,819 [pool-27-thread-1] INFO  server.RaftServerConfigKeys (ConfUtils.java:logGet(43)) - raft.server.leader.election.timeout = 120s (custom)
2019-09-12 11:53:23,819 [pool-27-thread-1] INFO  server.RaftServerConfigKeys (ConfUtils.java:logGet(43)) - raft.server.log.use.memory = false (default)
2019-09-12 11:53:23,820 [pool-27-thread-1] INFO  server.RaftServerConfigKeys (ConfUtils.java:logGet(43)) - raft.server.log.purge.gap = 1000000 (custom)
2019-09-12 11:53:23,820 [pool-27-thread-1] INFO  server.RaftServerConfigKeys (ConfUtils.java:logGet(43)) - raft.server.log.appender.buffer.byte-limit = 33554432 (custom)
2019-09-12 11:53:23,820 [pool-27-thread-1] INFO  server.RaftServerConfigKeys (ConfUtils.java:logGet(43)) - raft.server.log.segment.size.max = 1048576 (custom)
2019-09-12 11:53:23,820 [pool-27-thread-1] INFO  server.RaftServerConfigKeys (ConfUtils.java:logGet(43)) - raft.server.log.segment.cache.num.max = 2 (custom)
2019-09-12 11:53:23,820 [pool-27-thread-1] INFO  segmented.SegmentedRaftLogWorker (SegmentedRaftLogWorker.java:<init>(172)) - new 61a9fc65-5e41-4283-98a8-259f9227054d-SegmentedRaftLogWorker:Storage Directory /workdir/hadoop-ozone/tools/target/test-dir/MiniOzoneClusterImpl-2c48e7f1-ac08-442f-970e-1944cf2eec25/datanode-0/data/ratis/fe731c09-4e6d-4612-9660-eafbd8757faa for RaftStorage:Storage Directory /workdir/hadoop-ozone/tools/target/test-dir/MiniOzoneClusterImpl-2c48e7f1-ac08-442f-970e-1944cf2eec25/datanode-0/data/ratis/fe731c09-4e6d-4612-9660-eafbd8757faa
2019-09-12 11:53:23,820 [pool-27-thread-1] INFO  server.RaftServerConfigKeys (ConfUtils.java:logGet(43)) - raft.server.log.queue.byte-limit = 2147483647 (custom)
2019-09-12 11:53:23,820 [pool-27-thread-1] INFO  server.RaftServerConfigKeys (ConfUtils.java:logGet(43)) - raft.server.log.queue.element-limit = 1024 (custom)
2019-09-12 11:53:23,821 [pool-27-thread-1] INFO  server.RaftServerConfigKeys (ConfUtils.java:logGet(43)) - raft.server.log.segment.size.max = 1048576 (custom)
2019-09-12 11:53:23,821 [pool-27-thread-1] INFO  server.RaftServerConfigKeys (ConfUtils.java:logGet(43)) - raft.server.log.preallocated.size = 16384 (custom)
2019-09-12 11:53:23,821 [pool-27-thread-1] INFO  server.RaftServerConfigKeys (ConfUtils.java:logGet(43)) - raft.server.log.write.buffer.size = 33554432 (custom)
2019-09-12 11:53:23,821 [pool-27-thread-1] INFO  server.RaftServerConfigKeys (ConfUtils.java:logGet(43)) - raft.server.log.force.sync.num = 128 (default)
2019-09-12 11:53:23,821 [pool-27-thread-1] INFO  server.RaftServerConfigKeys (ConfUtils.java:logGet(43)) - raft.server.log.statemachine.data.sync = true (default)
2019-09-12 11:53:23,821 [pool-27-thread-1] INFO  server.RaftServerConfigKeys (ConfUtils.java:logGet(43)) - raft.server.log.statemachine.data.sync.timeout = 10s (default)
2019-09-12 11:53:23,821 [pool-27-thread-1] INFO  server.RaftServerConfigKeys (ConfUtils.java:logGet(43)) - raft.server.log.statemachine.data.sync.timeout.retry = -1 (default)
2019-09-12 11:53:23,822 [pool-27-thread-1] INFO  server.RaftServerConfigKeys (ConfUtils.java:logGet(43)) - raft.server.log.statemachine.data.caching.enabled = true (custom)
2019-09-12 11:53:23,822 [pool-27-thread-1] INFO  segmented.SegmentedRaftLogWorker (SegmentedRaftLogWorker.java:lambda$new$0(132)) - 61a9fc65-5e41-4283-98a8-259f9227054d-SegmentedRaftLogWorker:Storage Directory /workdir/hadoop-ozone/tools/target/test-dir/MiniOzoneClusterImpl-2c48e7f1-ac08-442f-970e-1944cf2eec25/datanode-0/data/ratis/fe731c09-4e6d-4612-9660-eafbd8757faa: flushIndex: setUnconditionally 0 -> -1
2019-09-12 11:53:23,822 [pool-27-thread-1] INFO  server.RaftServerConfigKeys (ConfUtils.java:logGet(43)) - raft.server.snapshot.auto.trigger.enabled = true (custom)
2019-09-12 11:53:23,823 [pool-27-thread-1] INFO  server.RaftServerConfigKeys (ConfUtils.java:logGet(43)) - raft.server.snapshot.auto.trigger.threshold = 10000 (custom)
2019-09-12 11:53:23,823 [pool-27-thread-1] INFO  server.RaftServerConfigKeys (ConfUtils.java:logGet(43)) - raft.server.retrycache.expirytime = 600000ms (custom)
2019-09-12 11:53:23,823 [pool-27-thread-1] INFO  impl.RaftServerImpl (RaftServerImpl.java:start(180)) - 61a9fc65-5e41-4283-98a8-259f9227054d: start group-EAFBD8757FAA
2019-09-12 11:53:23,823 [pool-27-thread-1] INFO  impl.RaftServerImpl (RaftServerImpl.java:setRole(171)) - 61a9fc65-5e41-4283-98a8-259f9227054d:group-EAFBD8757FAA changes role from null to FOLLOWER at term 0 for startAsFollower
2019-09-12 11:53:23,823 [pool-27-thread-1] INFO  impl.RoleInfo (RoleInfo.java:updateAndGet(143)) - 61a9fc65-5e41-4283-98a8-259f9227054d: start FollowerState
2019-09-12 11:53:23,824 [pool-27-thread-1] INFO  util.JmxRegister (JmxRegister.java:tryRegister(44)) - Successfully registered JMX Bean with object name Ratis:service=RaftServer,group=group-EAFBD8757FAA,id=61a9fc65-5e41-4283-98a8-259f9227054d
2019-09-12 11:53:23,843 [RatisPipelineUtilsThread] INFO  pipeline.PipelineStateManager (PipelineStateManager.java:addPipeline(56)) - Created pipeline Pipeline[ Id: fe731c09-4e6d-4612-9660-eafbd8757faa, Nodes: 61a9fc65-5e41-4283-98a8-259f9227054d{ip: 192.168.157.195, host: pr-hdds-1569-xtfnx-3545843844, networkLocation: /default-rack, certSerialId: null}, Type:RATIS, Factor:ONE, State:OPEN]
2019-09-12 11:53:23,863 [grpc-default-executor-0] INFO  impl.RaftServerProxy (RaftServerProxy.java:addNew(89)) - 483993a0-3055-479d-b58b-b02682c97e4b: addNew group-CFA8C83A5A2D:[483993a0-3055-479d-b58b-b02682c97e4b:192.168.157.195:38762] returns group-CFA8C83A5A2D:java.util.concurrent.CompletableFuture@f7a6479[Not completed]
2019-09-12 11:53:23,907 [pool-49-thread-1] INFO  impl.RaftServerImpl (RaftServerImpl.java:<init>(93)) - 483993a0-3055-479d-b58b-b02682c97e4b: new RaftServerImpl for group-CFA8C83A5A2D:[483993a0-3055-479d-b58b-b02682c97e4b:192.168.157.195:38762] with ContainerStateMachine:uninitialized
2019-09-12 11:53:23,908 [pool-49-thread-1] INFO  server.RaftServerConfigKeys (ConfUtils.java:logGet(43)) - raft.server.rpc.timeout.min = 5s (custom)
2019-09-12 11:53:23,908 [pool-49-thread-1] INFO  server.RaftServerConfigKeys (ConfUtils.java:logGet(43)) - raft.server.rpc.timeout.max = 5200ms (custom)
2019-09-12 11:53:23,909 [pool-49-thread-1] INFO  server.RaftServerConfigKeys (ConfUtils.java:logGet(43)) - raft.server.rpcslowness.timeout = 120s (custom)
2019-09-12 11:53:23,909 [pool-49-thread-1] INFO  server.RaftServerConfigKeys (ConfUtils.java:logGet(43)) - raft.server.sleep.deviation.threshold = 300 (default)
2019-09-12 11:53:23,909 [pool-49-thread-1] INFO  server.RaftServerConfigKeys (ConfUtils.java:logGet(43)) - raft.server.log.appender.install.snapshot.enabled = false (custom)
2019-09-12 11:53:23,909 [pool-49-thread-1] INFO  impl.RaftServerImpl (ServerState.java:<init>(105)) - 483993a0-3055-479d-b58b-b02682c97e4b:group-CFA8C83A5A2D ConfigurationManager, init=-1: [483993a0-3055-479d-b58b-b02682c97e4b:192.168.157.195:38762], old=null, confs=<EMPTY_MAP>
2019-09-12 11:53:23,909 [pool-49-thread-1] INFO  server.RaftServerConfigKeys (ConfUtils.java:logGet(43)) - raft.server.storage.dir = [/workdir/hadoop-ozone/tools/target/test-dir/MiniOzoneClusterImpl-2c48e7f1-ac08-442f-970e-1944cf2eec25/datanode-2/data/ratis] (custom)
2019-09-12 11:53:23,910 [pool-49-thread-1] INFO  storage.RaftStorageDirectory (RaftStorageDirectory.java:analyzeStorage(246)) - The storage directory /workdir/hadoop-ozone/tools/target/test-dir/MiniOzoneClusterImpl-2c48e7f1-ac08-442f-970e-1944cf2eec25/datanode-2/data/ratis/9cc82669-6be8-4bd3-afa6-cfa8c83a5a2d does not exist. Creating ...
2019-09-12 11:53:23,924 [pool-49-thread-1] INFO  storage.RaftStorageDirectory (RaftStorageDirectory.java:tryLock(328)) - Lock on /workdir/hadoop-ozone/tools/target/test-dir/MiniOzoneClusterImpl-2c48e7f1-ac08-442f-970e-1944cf2eec25/datanode-2/data/ratis/9cc82669-6be8-4bd3-afa6-cfa8c83a5a2d/in_use.lock acquired by nodename 17412@pr-hdds-1569-xtfnx-3545843844
2019-09-12 11:53:23,938 [pool-49-thread-1] INFO  storage.RaftStorage (RaftStorage.java:format(72)) - Storage directory /workdir/hadoop-ozone/tools/target/test-dir/MiniOzoneClusterImpl-2c48e7f1-ac08-442f-970e-1944cf2eec25/datanode-2/data/ratis/9cc82669-6be8-4bd3-afa6-cfa8c83a5a2d has been successfully formatted.
2019-09-12 11:53:23,939 [pool-49-thread-1] INFO  ratis.ContainerStateMachine (ContainerStateMachine.java:loadSnapshot(226)) - group-CFA8C83A5A2D: The snapshot info is null. Setting the last applied indexto:(t:0, i:~)
2019-09-12 11:53:23,941 [pool-49-thread-1] INFO  server.RaftServerConfigKeys (ConfUtils.java:logGet(43)) - raft.server.leader.election.timeout = 120s (custom)
2019-09-12 11:53:23,941 [pool-49-thread-1] INFO  server.RaftServerConfigKeys (ConfUtils.java:logGet(43)) - raft.server.log.use.memory = false (default)
2019-09-12 11:53:23,941 [pool-49-thread-1] INFO  server.RaftServerConfigKeys (ConfUtils.java:logGet(43)) - raft.server.log.purge.gap = 1000000 (custom)
2019-09-12 11:53:23,941 [pool-49-thread-1] INFO  server.RaftServerConfigKeys (ConfUtils.java:logGet(43)) - raft.server.log.appender.buffer.byte-limit = 33554432 (custom)
2019-09-12 11:53:23,941 [pool-49-thread-1] INFO  server.RaftServerConfigKeys (ConfUtils.java:logGet(43)) - raft.server.log.segment.size.max = 1048576 (custom)
2019-09-12 11:53:23,942 [pool-49-thread-1] INFO  server.RaftServerConfigKeys (ConfUtils.java:logGet(43)) - raft.server.log.segment.cache.num.max = 2 (custom)
2019-09-12 11:53:23,942 [pool-49-thread-1] INFO  segmented.SegmentedRaftLogWorker (SegmentedRaftLogWorker.java:<init>(172)) - new 483993a0-3055-479d-b58b-b02682c97e4b-SegmentedRaftLogWorker:Storage Directory /workdir/hadoop-ozone/tools/target/test-dir/MiniOzoneClusterImpl-2c48e7f1-ac08-442f-970e-1944cf2eec25/datanode-2/data/ratis/9cc82669-6be8-4bd3-afa6-cfa8c83a5a2d for RaftStorage:Storage Directory /workdir/hadoop-ozone/tools/target/test-dir/MiniOzoneClusterImpl-2c48e7f1-ac08-442f-970e-1944cf2eec25/datanode-2/data/ratis/9cc82669-6be8-4bd3-afa6-cfa8c83a5a2d
2019-09-12 11:53:23,944 [pool-49-thread-1] INFO  server.RaftServerConfigKeys (ConfUtils.java:logGet(43)) - raft.server.log.queue.byte-limit = 2147483647 (custom)
2019-09-12 11:53:23,944 [pool-49-thread-1] INFO  server.RaftServerConfigKeys (ConfUtils.java:logGet(43)) - raft.server.log.queue.element-limit = 1024 (custom)
2019-09-12 11:53:23,944 [pool-49-thread-1] INFO  server.RaftServerConfigKeys (ConfUtils.java:logGet(43)) - raft.server.log.segment.size.max = 1048576 (custom)
2019-09-12 11:53:23,944 [pool-49-thread-1] INFO  server.RaftServerConfigKeys (ConfUtils.java:logGet(43)) - raft.server.log.preallocated.size = 16384 (custom)
2019-09-12 11:53:23,945 [pool-49-thread-1] INFO  server.RaftServerConfigKeys (ConfUtils.java:logGet(43)) - raft.server.log.write.buffer.size = 33554432 (custom)
2019-09-12 11:53:23,945 [pool-49-thread-1] INFO  server.RaftServerConfigKeys (ConfUtils.java:logGet(43)) - raft.server.log.force.sync.num = 128 (default)
2019-09-12 11:53:23,945 [pool-49-thread-1] INFO  server.RaftServerConfigKeys (ConfUtils.java:logGet(43)) - raft.server.log.statemachine.data.sync = true (default)
2019-09-12 11:53:23,945 [pool-49-thread-1] INFO  server.RaftServerConfigKeys (ConfUtils.java:logGet(43)) - raft.server.log.statemachine.data.sync.timeout = 10s (default)
2019-09-12 11:53:23,945 [pool-49-thread-1] INFO  server.RaftServerConfigKeys (ConfUtils.java:logGet(43)) - raft.server.log.statemachine.data.sync.timeout.retry = -1 (default)
2019-09-12 11:53:23,946 [pool-49-thread-1] INFO  server.RaftServerConfigKeys (ConfUtils.java:logGet(43)) - raft.server.log.statemachine.data.caching.enabled = true (custom)
2019-09-12 11:53:23,946 [pool-49-thread-1] INFO  segmented.SegmentedRaftLogWorker (SegmentedRaftLogWorker.java:lambda$new$0(132)) - 483993a0-3055-479d-b58b-b02682c97e4b-SegmentedRaftLogWorker:Storage Directory /workdir/hadoop-ozone/tools/target/test-dir/MiniOzoneClusterImpl-2c48e7f1-ac08-442f-970e-1944cf2eec25/datanode-2/data/ratis/9cc82669-6be8-4bd3-afa6-cfa8c83a5a2d: flushIndex: setUnconditionally 0 -> -1
2019-09-12 11:53:23,946 [pool-49-thread-1] INFO  server.RaftServerConfigKeys (ConfUtils.java:logGet(43)) - raft.server.snapshot.auto.trigger.enabled = true (custom)
2019-09-12 11:53:23,947 [pool-49-thread-1] INFO  server.RaftServerConfigKeys (ConfUtils.java:logGet(43)) - raft.server.snapshot.auto.trigger.threshold = 10000 (custom)
2019-09-12 11:53:23,947 [pool-49-thread-1] INFO  server.RaftServerConfigKeys (ConfUtils.java:logGet(43)) - raft.server.retrycache.expirytime = 600000ms (custom)
2019-09-12 11:53:23,947 [pool-49-thread-1] INFO  impl.RaftServerImpl (RaftServerImpl.java:start(180)) - 483993a0-3055-479d-b58b-b02682c97e4b: start group-CFA8C83A5A2D
2019-09-12 11:53:23,947 [pool-49-thread-1] INFO  impl.RaftServerImpl (RaftServerImpl.java:setRole(171)) - 483993a0-3055-479d-b58b-b02682c97e4b:group-CFA8C83A5A2D changes role from null to FOLLOWER at term 0 for startAsFollower
2019-09-12 11:53:23,948 [pool-49-thread-1] INFO  impl.RoleInfo (RoleInfo.java:updateAndGet(143)) - 483993a0-3055-479d-b58b-b02682c97e4b: start FollowerState
2019-09-12 11:53:23,949 [pool-49-thread-1] INFO  util.JmxRegister (JmxRegister.java:tryRegister(44)) - Successfully registered JMX Bean with object name Ratis:service=RaftServer,group=group-CFA8C83A5A2D,id=483993a0-3055-479d-b58b-b02682c97e4b
2019-09-12 11:53:23,963 [RatisPipelineUtilsThread] INFO  pipeline.PipelineStateManager (PipelineStateManager.java:addPipeline(56)) - Created pipeline Pipeline[ Id: 9cc82669-6be8-4bd3-afa6-cfa8c83a5a2d, Nodes: 483993a0-3055-479d-b58b-b02682c97e4b{ip: 192.168.157.195, host: pr-hdds-1569-xtfnx-3545843844, networkLocation: /default-rack, certSerialId: null}, Type:RATIS, Factor:ONE, State:OPEN]
2019-09-12 11:53:23,986 [grpc-default-executor-0] INFO  impl.RaftServerProxy (RaftServerProxy.java:addNew(89)) - 028783e7-22fc-47b5-934a-5e8bf88f7fe6: addNew group-885B17640540:[028783e7-22fc-47b5-934a-5e8bf88f7fe6:192.168.157.195:38713] returns group-885B17640540:java.util.concurrent.CompletableFuture@79385f8b[Not completed]
2019-09-12 11:53:23,997 [pool-60-thread-1] INFO  impl.RaftServerImpl (RaftServerImpl.java:<init>(93)) - 028783e7-22fc-47b5-934a-5e8bf88f7fe6: new RaftServerImpl for group-885B17640540:[028783e7-22fc-47b5-934a-5e8bf88f7fe6:192.168.157.195:38713] with ContainerStateMachine:uninitialized
2019-09-12 11:53:23,997 [pool-60-thread-1] INFO  server.RaftServerConfigKeys (ConfUtils.java:logGet(43)) - raft.server.rpc.timeout.min = 5s (custom)
2019-09-12 11:53:23,998 [pool-60-thread-1] INFO  server.RaftServerConfigKeys (ConfUtils.java:logGet(43)) - raft.server.rpc.timeout.max = 5200ms (custom)
2019-09-12 11:53:23,998 [pool-60-thread-1] INFO  server.RaftServerConfigKeys (ConfUtils.java:logGet(43)) - raft.server.rpcslowness.timeout = 120s (custom)
2019-09-12 11:53:23,998 [pool-60-thread-1] INFO  server.RaftServerConfigKeys (ConfUtils.java:logGet(43)) - raft.server.sleep.deviation.threshold = 300 (default)
2019-09-12 11:53:23,998 [pool-60-thread-1] INFO  server.RaftServerConfigKeys (ConfUtils.java:logGet(43)) - raft.server.log.appender.install.snapshot.enabled = false (custom)
2019-09-12 11:53:23,998 [pool-60-thread-1] INFO  impl.RaftServerImpl (ServerState.java:<init>(105)) - 028783e7-22fc-47b5-934a-5e8bf88f7fe6:group-885B17640540 ConfigurationManager, init=-1: [028783e7-22fc-47b5-934a-5e8bf88f7fe6:192.168.157.195:38713], old=null, confs=<EMPTY_MAP>
2019-09-12 11:53:23,999 [pool-60-thread-1] INFO  server.RaftServerConfigKeys (ConfUtils.java:logGet(43)) - raft.server.storage.dir = [/workdir/hadoop-ozone/tools/target/test-dir/MiniOzoneClusterImpl-2c48e7f1-ac08-442f-970e-1944cf2eec25/datanode-3/data/ratis] (custom)
2019-09-12 11:53:23,999 [pool-60-thread-1] INFO  storage.RaftStorageDirectory (RaftStorageDirectory.java:analyzeStorage(246)) - The storage directory /workdir/hadoop-ozone/tools/target/test-dir/MiniOzoneClusterImpl-2c48e7f1-ac08-442f-970e-1944cf2eec25/datanode-3/data/ratis/f8b58fa9-d424-4bbc-b6bd-885b17640540 does not exist. Creating ...
2019-09-12 11:53:24,012 [pool-60-thread-1] INFO  storage.RaftStorageDirectory (RaftStorageDirectory.java:tryLock(328)) - Lock on /workdir/hadoop-ozone/tools/target/test-dir/MiniOzoneClusterImpl-2c48e7f1-ac08-442f-970e-1944cf2eec25/datanode-3/data/ratis/f8b58fa9-d424-4bbc-b6bd-885b17640540/in_use.lock acquired by nodename 17412@pr-hdds-1569-xtfnx-3545843844
2019-09-12 11:53:24,026 [pool-60-thread-1] INFO  storage.RaftStorage (RaftStorage.java:format(72)) - Storage directory /workdir/hadoop-ozone/tools/target/test-dir/MiniOzoneClusterImpl-2c48e7f1-ac08-442f-970e-1944cf2eec25/datanode-3/data/ratis/f8b58fa9-d424-4bbc-b6bd-885b17640540 has been successfully formatted.
2019-09-12 11:53:24,026 [pool-60-thread-1] INFO  ratis.ContainerStateMachine (ContainerStateMachine.java:loadSnapshot(226)) - group-885B17640540: The snapshot info is null. Setting the last applied indexto:(t:0, i:~)
2019-09-12 11:53:24,026 [pool-60-thread-1] INFO  server.RaftServerConfigKeys (ConfUtils.java:logGet(43)) - raft.server.leader.election.timeout = 120s (custom)
2019-09-12 11:53:24,027 [pool-60-thread-1] INFO  server.RaftServerConfigKeys (ConfUtils.java:logGet(43)) - raft.server.log.use.memory = false (default)
2019-09-12 11:53:24,027 [pool-60-thread-1] INFO  server.RaftServerConfigKeys (ConfUtils.java:logGet(43)) - raft.server.log.purge.gap = 1000000 (custom)
2019-09-12 11:53:24,027 [pool-60-thread-1] INFO  server.RaftServerConfigKeys (ConfUtils.java:logGet(43)) - raft.server.log.appender.buffer.byte-limit = 33554432 (custom)
2019-09-12 11:53:24,027 [pool-60-thread-1] INFO  server.RaftServerConfigKeys (ConfUtils.java:logGet(43)) - raft.server.log.segment.size.max = 1048576 (custom)
2019-09-12 11:53:24,027 [pool-60-thread-1] INFO  server.RaftServerConfigKeys (ConfUtils.java:logGet(43)) - raft.server.log.segment.cache.num.max = 2 (custom)
2019-09-12 11:53:24,028 [pool-60-thread-1] INFO  segmented.SegmentedRaftLogWorker (SegmentedRaftLogWorker.java:<init>(172)) - new 028783e7-22fc-47b5-934a-5e8bf88f7fe6-SegmentedRaftLogWorker:Storage Directory /workdir/hadoop-ozone/tools/target/test-dir/MiniOzoneClusterImpl-2c48e7f1-ac08-442f-970e-1944cf2eec25/datanode-3/data/ratis/f8b58fa9-d424-4bbc-b6bd-885b17640540 for RaftStorage:Storage Directory /workdir/hadoop-ozone/tools/target/test-dir/MiniOzoneClusterImpl-2c48e7f1-ac08-442f-970e-1944cf2eec25/datanode-3/data/ratis/f8b58fa9-d424-4bbc-b6bd-885b17640540
2019-09-12 11:53:24,028 [pool-60-thread-1] INFO  server.RaftServerConfigKeys (ConfUtils.java:logGet(43)) - raft.server.log.queue.byte-limit = 2147483647 (custom)
2019-09-12 11:53:24,028 [pool-60-thread-1] INFO  server.RaftServerConfigKeys (ConfUtils.java:logGet(43)) - raft.server.log.queue.element-limit = 1024 (custom)
2019-09-12 11:53:24,028 [pool-60-thread-1] INFO  server.RaftServerConfigKeys (ConfUtils.java:logGet(43)) - raft.server.log.segment.size.max = 1048576 (custom)
2019-09-12 11:53:24,028 [pool-60-thread-1] INFO  server.RaftServerConfigKeys (ConfUtils.java:logGet(43)) - raft.server.log.preallocated.size = 16384 (custom)
2019-09-12 11:53:24,029 [pool-60-thread-1] INFO  server.RaftServerConfigKeys (ConfUtils.java:logGet(43)) - raft.server.log.write.buffer.size = 33554432 (custom)
2019-09-12 11:53:24,029 [pool-60-thread-1] INFO  server.RaftServerConfigKeys (ConfUtils.java:logGet(43)) - raft.server.log.force.sync.num = 128 (default)
2019-09-12 11:53:24,029 [pool-60-thread-1] INFO  server.RaftServerConfigKeys (ConfUtils.java:logGet(43)) - raft.server.log.statemachine.data.sync = true (default)
2019-09-12 11:53:24,029 [pool-60-thread-1] INFO  server.RaftServerConfigKeys (ConfUtils.java:logGet(43)) - raft.server.log.statemachine.data.sync.timeout = 10s (default)
2019-09-12 11:53:24,029 [pool-60-thread-1] INFO  server.RaftServerConfigKeys (ConfUtils.java:logGet(43)) - raft.server.log.statemachine.data.sync.timeout.retry = -1 (default)
2019-09-12 11:53:24,030 [pool-60-thread-1] INFO  server.RaftServerConfigKeys (ConfUtils.java:logGet(43)) - raft.server.log.statemachine.data.caching.enabled = true (custom)
2019-09-12 11:53:24,030 [pool-60-thread-1] INFO  segmented.SegmentedRaftLogWorker (SegmentedRaftLogWorker.java:lambda$new$0(132)) - 028783e7-22fc-47b5-934a-5e8bf88f7fe6-SegmentedRaftLogWorker:Storage Directory /workdir/hadoop-ozone/tools/target/test-dir/MiniOzoneClusterImpl-2c48e7f1-ac08-442f-970e-1944cf2eec25/datanode-3/data/ratis/f8b58fa9-d424-4bbc-b6bd-885b17640540: flushIndex: setUnconditionally 0 -> -1
2019-09-12 11:53:24,031 [pool-60-thread-1] INFO  server.RaftServerConfigKeys (ConfUtils.java:logGet(43)) - raft.server.snapshot.auto.trigger.enabled = true (custom)
2019-09-12 11:53:24,031 [pool-60-thread-1] INFO  server.RaftServerConfigKeys (ConfUtils.java:logGet(43)) - raft.server.snapshot.auto.trigger.threshold = 10000 (custom)
2019-09-12 11:53:24,031 [pool-60-thread-1] INFO  server.RaftServerConfigKeys (ConfUtils.java:logGet(43)) - raft.server.retrycache.expirytime = 600000ms (custom)
2019-09-12 11:53:24,031 [pool-60-thread-1] INFO  impl.RaftServerImpl (RaftServerImpl.java:start(180)) - 028783e7-22fc-47b5-934a-5e8bf88f7fe6: start group-885B17640540
2019-09-12 11:53:24,031 [pool-60-thread-1] INFO  impl.RaftServerImpl (RaftServerImpl.java:setRole(171)) - 028783e7-22fc-47b5-934a-5e8bf88f7fe6:group-885B17640540 changes role from null to FOLLOWER at term 0 for startAsFollower
2019-09-12 11:53:24,032 [pool-60-thread-1] INFO  impl.RoleInfo (RoleInfo.java:updateAndGet(143)) - 028783e7-22fc-47b5-934a-5e8bf88f7fe6: start FollowerState
2019-09-12 11:53:24,032 [pool-60-thread-1] INFO  util.JmxRegister (JmxRegister.java:tryRegister(44)) - Successfully registered JMX Bean with object name Ratis:service=RaftServer,group=group-885B17640540,id=028783e7-22fc-47b5-934a-5e8bf88f7fe6
2019-09-12 11:53:24,046 [RatisPipelineUtilsThread] INFO  pipeline.PipelineStateManager (PipelineStateManager.java:addPipeline(56)) - Created pipeline Pipeline[ Id: f8b58fa9-d424-4bbc-b6bd-885b17640540, Nodes: 028783e7-22fc-47b5-934a-5e8bf88f7fe6{ip: 192.168.157.195, host: pr-hdds-1569-xtfnx-3545843844, networkLocation: /default-rack, certSerialId: null}, Type:RATIS, Factor:ONE, State:OPEN]
2019-09-12 11:53:24,069 [grpc-default-executor-0] INFO  impl.RaftServerProxy (RaftServerProxy.java:addNew(89)) - 483993a0-3055-479d-b58b-b02682c97e4b: addNew group-1FC22F1FD621:[483993a0-3055-479d-b58b-b02682c97e4b:192.168.157.195:38762] returns group-1FC22F1FD621:java.util.concurrent.CompletableFuture@69822696[Not completed]
2019-09-12 11:53:24,071 [pool-49-thread-1] INFO  impl.RaftServerImpl (RaftServerImpl.java:<init>(93)) - 483993a0-3055-479d-b58b-b02682c97e4b: new RaftServerImpl for group-1FC22F1FD621:[483993a0-3055-479d-b58b-b02682c97e4b:192.168.157.195:38762] with ContainerStateMachine:uninitialized
2019-09-12 11:53:24,071 [pool-49-thread-1] INFO  server.RaftServerConfigKeys (ConfUtils.java:logGet(43)) - raft.server.rpc.timeout.min = 5s (custom)
2019-09-12 11:53:24,071 [pool-49-thread-1] INFO  server.RaftServerConfigKeys (ConfUtils.java:logGet(43)) - raft.server.rpc.timeout.max = 5200ms (custom)
2019-09-12 11:53:24,071 [pool-49-thread-1] INFO  server.RaftServerConfigKeys (ConfUtils.java:logGet(43)) - raft.server.rpcslowness.timeout = 120s (custom)
2019-09-12 11:53:24,071 [pool-49-thread-1] INFO  server.RaftServerConfigKeys (ConfUtils.java:logGet(43)) - raft.server.sleep.deviation.threshold = 300 (default)
2019-09-12 11:53:24,071 [pool-49-thread-1] INFO  server.RaftServerConfigKeys (ConfUtils.java:logGet(43)) - raft.server.log.appender.install.snapshot.enabled = false (custom)
2019-09-12 11:53:24,072 [pool-49-thread-1] INFO  impl.RaftServerImpl (ServerState.java:<init>(105)) - 483993a0-3055-479d-b58b-b02682c97e4b:group-1FC22F1FD621 ConfigurationManager, init=-1: [483993a0-3055-479d-b58b-b02682c97e4b:192.168.157.195:38762], old=null, confs=<EMPTY_MAP>
2019-09-12 11:53:24,072 [pool-49-thread-1] INFO  server.RaftServerConfigKeys (ConfUtils.java:logGet(43)) - raft.server.storage.dir = [/workdir/hadoop-ozone/tools/target/test-dir/MiniOzoneClusterImpl-2c48e7f1-ac08-442f-970e-1944cf2eec25/datanode-2/data/ratis] (custom)
2019-09-12 11:53:24,072 [pool-49-thread-1] INFO  storage.RaftStorageDirectory (RaftStorageDirectory.java:analyzeStorage(246)) - The storage directory /workdir/hadoop-ozone/tools/target/test-dir/MiniOzoneClusterImpl-2c48e7f1-ac08-442f-970e-1944cf2eec25/datanode-2/data/ratis/ad58dbcb-ee7e-4222-b688-1fc22f1fd621 does not exist. Creating ...
2019-09-12 11:53:24,085 [pool-49-thread-1] INFO  storage.RaftStorageDirectory (RaftStorageDirectory.java:tryLock(328)) - Lock on /workdir/hadoop-ozone/tools/target/test-dir/MiniOzoneClusterImpl-2c48e7f1-ac08-442f-970e-1944cf2eec25/datanode-2/data/ratis/ad58dbcb-ee7e-4222-b688-1fc22f1fd621/in_use.lock acquired by nodename 17412@pr-hdds-1569-xtfnx-3545843844
2019-09-12 11:53:24,098 [pool-49-thread-1] INFO  storage.RaftStorage (RaftStorage.java:format(72)) - Storage directory /workdir/hadoop-ozone/tools/target/test-dir/MiniOzoneClusterImpl-2c48e7f1-ac08-442f-970e-1944cf2eec25/datanode-2/data/ratis/ad58dbcb-ee7e-4222-b688-1fc22f1fd621 has been successfully formatted.
2019-09-12 11:53:24,098 [pool-49-thread-1] INFO  ratis.ContainerStateMachine (ContainerStateMachine.java:loadSnapshot(226)) - group-1FC22F1FD621: The snapshot info is null. Setting the last applied indexto:(t:0, i:~)
2019-09-12 11:53:24,098 [pool-49-thread-1] INFO  server.RaftServerConfigKeys (ConfUtils.java:logGet(43)) - raft.server.leader.election.timeout = 120s (custom)
2019-09-12 11:53:24,098 [pool-49-thread-1] INFO  server.RaftServerConfigKeys (ConfUtils.java:logGet(43)) - raft.server.log.use.memory = false (default)
2019-09-12 11:53:24,099 [pool-49-thread-1] INFO  server.RaftServerConfigKeys (ConfUtils.java:logGet(43)) - raft.server.log.purge.gap = 1000000 (custom)
2019-09-12 11:53:24,099 [pool-49-thread-1] INFO  server.RaftServerConfigKeys (ConfUtils.java:logGet(43)) - raft.server.log.appender.buffer.byte-limit = 33554432 (custom)
2019-09-12 11:53:24,099 [pool-49-thread-1] INFO  server.RaftServerConfigKeys (ConfUtils.java:logGet(43)) - raft.server.log.segment.size.max = 1048576 (custom)
2019-09-12 11:53:24,099 [pool-49-thread-1] INFO  server.RaftServerConfigKeys (ConfUtils.java:logGet(43)) - raft.server.log.segment.cache.num.max = 2 (custom)
2019-09-12 11:53:24,099 [pool-49-thread-1] INFO  segmented.SegmentedRaftLogWorker (SegmentedRaftLogWorker.java:<init>(172)) - new 483993a0-3055-479d-b58b-b02682c97e4b-SegmentedRaftLogWorker:Storage Directory /workdir/hadoop-ozone/tools/target/test-dir/MiniOzoneClusterImpl-2c48e7f1-ac08-442f-970e-1944cf2eec25/datanode-2/data/ratis/ad58dbcb-ee7e-4222-b688-1fc22f1fd621 for RaftStorage:Storage Directory /workdir/hadoop-ozone/tools/target/test-dir/MiniOzoneClusterImpl-2c48e7f1-ac08-442f-970e-1944cf2eec25/datanode-2/data/ratis/ad58dbcb-ee7e-4222-b688-1fc22f1fd621
2019-09-12 11:53:24,099 [pool-49-thread-1] INFO  server.RaftServerConfigKeys (ConfUtils.java:logGet(43)) - raft.server.log.queue.byte-limit = 2147483647 (custom)
2019-09-12 11:53:24,100 [pool-49-thread-1] INFO  server.RaftServerConfigKeys (ConfUtils.java:logGet(43)) - raft.server.log.queue.element-limit = 1024 (custom)
2019-09-12 11:53:24,100 [pool-49-thread-1] INFO  server.RaftServerConfigKeys (ConfUtils.java:logGet(43)) - raft.server.log.segment.size.max = 1048576 (custom)
2019-09-12 11:53:24,100 [pool-49-thread-1] INFO  server.RaftServerConfigKeys (ConfUtils.java:logGet(43)) - raft.server.log.preallocated.size = 16384 (custom)
2019-09-12 11:53:24,100 [pool-49-thread-1] INFO  server.RaftServerConfigKeys (ConfUtils.java:logGet(43)) - raft.server.log.write.buffer.size = 33554432 (custom)
2019-09-12 11:53:24,101 [pool-49-thread-1] INFO  server.RaftServerConfigKeys (ConfUtils.java:logGet(43)) - raft.server.log.force.sync.num = 128 (default)
2019-09-12 11:53:24,101 [pool-49-thread-1] INFO  server.RaftServerConfigKeys (ConfUtils.java:logGet(43)) - raft.server.log.statemachine.data.sync = true (default)
2019-09-12 11:53:24,101 [pool-49-thread-1] INFO  server.RaftServerConfigKeys (ConfUtils.java:logGet(43)) - raft.server.log.statemachine.data.sync.timeout = 10s (default)
2019-09-12 11:53:24,101 [pool-49-thread-1] INFO  server.RaftServerConfigKeys (ConfUtils.java:logGet(43)) - raft.server.log.statemachine.data.sync.timeout.retry = -1 (default)
2019-09-12 11:53:24,101 [pool-49-thread-1] INFO  server.RaftServerConfigKeys (ConfUtils.java:logGet(43)) - raft.server.log.statemachine.data.caching.enabled = true (custom)
2019-09-12 11:53:24,102 [pool-49-thread-1] INFO  segmented.SegmentedRaftLogWorker (SegmentedRaftLogWorker.java:lambda$new$0(132)) - 483993a0-3055-479d-b58b-b02682c97e4b-SegmentedRaftLogWorker:Storage Directory /workdir/hadoop-ozone/tools/target/test-dir/MiniOzoneClusterImpl-2c48e7f1-ac08-442f-970e-1944cf2eec25/datanode-2/data/ratis/ad58dbcb-ee7e-4222-b688-1fc22f1fd621: flushIndex: setUnconditionally 0 -> -1
2019-09-12 11:53:24,102 [pool-49-thread-1] INFO  server.RaftServerConfigKeys (ConfUtils.java:logGet(43)) - raft.server.snapshot.auto.trigger.enabled = true (custom)
2019-09-12 11:53:24,102 [pool-49-thread-1] INFO  server.RaftServerConfigKeys (ConfUtils.java:logGet(43)) - raft.server.snapshot.auto.trigger.threshold = 10000 (custom)
2019-09-12 11:53:24,103 [pool-49-thread-1] INFO  server.RaftServerConfigKeys (ConfUtils.java:logGet(43)) - raft.server.retrycache.expirytime = 600000ms (custom)
2019-09-12 11:53:24,103 [pool-49-thread-1] INFO  impl.RaftServerImpl (RaftServerImpl.java:start(180)) - 483993a0-3055-479d-b58b-b02682c97e4b: start group-1FC22F1FD621
2019-09-12 11:53:24,103 [pool-49-thread-1] INFO  impl.RaftServerImpl (RaftServerImpl.java:setRole(171)) - 483993a0-3055-479d-b58b-b02682c97e4b:group-1FC22F1FD621 changes role from null to FOLLOWER at term 0 for startAsFollower
2019-09-12 11:53:24,103 [pool-49-thread-1] INFO  impl.RoleInfo (RoleInfo.java:updateAndGet(143)) - 483993a0-3055-479d-b58b-b02682c97e4b: start FollowerState
2019-09-12 11:53:24,104 [pool-49-thread-1] INFO  util.JmxRegister (JmxRegister.java:tryRegister(44)) - Successfully registered JMX Bean with object name Ratis:service=RaftServer,group=group-1FC22F1FD621,id=483993a0-3055-479d-b58b-b02682c97e4b
2019-09-12 11:53:24,116 [RatisPipelineUtilsThread] INFO  pipeline.PipelineStateManager (PipelineStateManager.java:addPipeline(56)) - Created pipeline Pipeline[ Id: ad58dbcb-ee7e-4222-b688-1fc22f1fd621, Nodes: 483993a0-3055-479d-b58b-b02682c97e4b{ip: 192.168.157.195, host: pr-hdds-1569-xtfnx-3545843844, networkLocation: /default-rack, certSerialId: null}, Type:RATIS, Factor:ONE, State:OPEN]
2019-09-12 11:53:24,138 [grpc-default-executor-0] INFO  impl.RaftServerProxy (RaftServerProxy.java:addNew(89)) - e686195f-5212-4098-b2ad-e713a3c4587f: addNew group-9DF8022B5FF7:[e686195f-5212-4098-b2ad-e713a3c4587f:192.168.157.195:42300] returns group-9DF8022B5FF7:java.util.concurrent.CompletableFuture@7cbdb738[Not completed]
2019-09-12 11:53:24,140 [pool-38-thread-1] INFO  impl.RaftServerImpl (RaftServerImpl.java:<init>(93)) - e686195f-5212-4098-b2ad-e713a3c4587f: new RaftServerImpl for group-9DF8022B5FF7:[e686195f-5212-4098-b2ad-e713a3c4587f:192.168.157.195:42300] with ContainerStateMachine:uninitialized
2019-09-12 11:53:24,140 [pool-38-thread-1] INFO  server.RaftServerConfigKeys (ConfUtils.java:logGet(43)) - raft.server.rpc.timeout.min = 5s (custom)
2019-09-12 11:53:24,140 [pool-38-thread-1] INFO  server.RaftServerConfigKeys (ConfUtils.java:logGet(43)) - raft.server.rpc.timeout.max = 5200ms (custom)
2019-09-12 11:53:24,140 [pool-38-thread-1] INFO  server.RaftServerConfigKeys (ConfUtils.java:logGet(43)) - raft.server.rpcslowness.timeout = 120s (custom)
2019-09-12 11:53:24,140 [pool-38-thread-1] INFO  server.RaftServerConfigKeys (ConfUtils.java:logGet(43)) - raft.server.sleep.deviation.threshold = 300 (default)
2019-09-12 11:53:24,140 [pool-38-thread-1] INFO  server.RaftServerConfigKeys (ConfUtils.java:logGet(43)) - raft.server.log.appender.install.snapshot.enabled = false (custom)
2019-09-12 11:53:24,140 [pool-38-thread-1] INFO  impl.RaftServerImpl (ServerState.java:<init>(105)) - e686195f-5212-4098-b2ad-e713a3c4587f:group-9DF8022B5FF7 ConfigurationManager, init=-1: [e686195f-5212-4098-b2ad-e713a3c4587f:192.168.157.195:42300], old=null, confs=<EMPTY_MAP>
2019-09-12 11:53:24,141 [pool-38-thread-1] INFO  server.RaftServerConfigKeys (ConfUtils.java:logGet(43)) - raft.server.storage.dir = [/workdir/hadoop-ozone/tools/target/test-dir/MiniOzoneClusterImpl-2c48e7f1-ac08-442f-970e-1944cf2eec25/datanode-1/data/ratis] (custom)
2019-09-12 11:53:24,141 [pool-38-thread-1] INFO  storage.RaftStorageDirectory (RaftStorageDirectory.java:analyzeStorage(246)) - The storage directory /workdir/hadoop-ozone/tools/target/test-dir/MiniOzoneClusterImpl-2c48e7f1-ac08-442f-970e-1944cf2eec25/datanode-1/data/ratis/ce9076d3-91c8-4698-a524-9df8022b5ff7 does not exist. Creating ...
2019-09-12 11:53:24,154 [pool-38-thread-1] INFO  storage.RaftStorageDirectory (RaftStorageDirectory.java:tryLock(328)) - Lock on /workdir/hadoop-ozone/tools/target/test-dir/MiniOzoneClusterImpl-2c48e7f1-ac08-442f-970e-1944cf2eec25/datanode-1/data/ratis/ce9076d3-91c8-4698-a524-9df8022b5ff7/in_use.lock acquired by nodename 17412@pr-hdds-1569-xtfnx-3545843844
2019-09-12 11:53:24,167 [pool-38-thread-1] INFO  storage.RaftStorage (RaftStorage.java:format(72)) - Storage directory /workdir/hadoop-ozone/tools/target/test-dir/MiniOzoneClusterImpl-2c48e7f1-ac08-442f-970e-1944cf2eec25/datanode-1/data/ratis/ce9076d3-91c8-4698-a524-9df8022b5ff7 has been successfully formatted.
2019-09-12 11:53:24,167 [pool-38-thread-1] INFO  ratis.ContainerStateMachine (ContainerStateMachine.java:loadSnapshot(226)) - group-9DF8022B5FF7: The snapshot info is null. Setting the last applied indexto:(t:0, i:~)
2019-09-12 11:53:24,168 [pool-38-thread-1] INFO  server.RaftServerConfigKeys (ConfUtils.java:logGet(43)) - raft.server.leader.election.timeout = 120s (custom)
2019-09-12 11:53:24,168 [pool-38-thread-1] INFO  server.RaftServerConfigKeys (ConfUtils.java:logGet(43)) - raft.server.log.use.memory = false (default)
2019-09-12 11:53:24,168 [pool-38-thread-1] INFO  server.RaftServerConfigKeys (ConfUtils.java:logGet(43)) - raft.server.log.purge.gap = 1000000 (custom)
2019-09-12 11:53:24,168 [pool-38-thread-1] INFO  server.RaftServerConfigKeys (ConfUtils.java:logGet(43)) - raft.server.log.appender.buffer.byte-limit = 33554432 (custom)
2019-09-12 11:53:24,168 [pool-38-thread-1] INFO  server.RaftServerConfigKeys (ConfUtils.java:logGet(43)) - raft.server.log.segment.size.max = 1048576 (custom)
2019-09-12 11:53:24,168 [pool-38-thread-1] INFO  server.RaftServerConfigKeys (ConfUtils.java:logGet(43)) - raft.server.log.segment.cache.num.max = 2 (custom)
2019-09-12 11:53:24,169 [pool-38-thread-1] INFO  segmented.SegmentedRaftLogWorker (SegmentedRaftLogWorker.java:<init>(172)) - new e686195f-5212-4098-b2ad-e713a3c4587f-SegmentedRaftLogWorker:Storage Directory /workdir/hadoop-ozone/tools/target/test-dir/MiniOzoneClusterImpl-2c48e7f1-ac08-442f-970e-1944cf2eec25/datanode-1/data/ratis/ce9076d3-91c8-4698-a524-9df8022b5ff7 for RaftStorage:Storage Directory /workdir/hadoop-ozone/tools/target/test-dir/MiniOzoneClusterImpl-2c48e7f1-ac08-442f-970e-1944cf2eec25/datanode-1/data/ratis/ce9076d3-91c8-4698-a524-9df8022b5ff7
2019-09-12 11:53:24,169 [pool-38-thread-1] INFO  server.RaftServerConfigKeys (ConfUtils.java:logGet(43)) - raft.server.log.queue.byte-limit = 2147483647 (custom)
2019-09-12 11:53:24,169 [pool-38-thread-1] INFO  server.RaftServerConfigKeys (ConfUtils.java:logGet(43)) - raft.server.log.queue.element-limit = 1024 (custom)
2019-09-12 11:53:24,169 [pool-38-thread-1] INFO  server.RaftServerConfigKeys (ConfUtils.java:logGet(43)) - raft.server.log.segment.size.max = 1048576 (custom)
2019-09-12 11:53:24,169 [pool-38-thread-1] INFO  server.RaftServerConfigKeys (ConfUtils.java:logGet(43)) - raft.server.log.preallocated.size = 16384 (custom)
2019-09-12 11:53:24,169 [pool-38-thread-1] INFO  server.RaftServerConfigKeys (ConfUtils.java:logGet(43)) - raft.server.log.write.buffer.size = 33554432 (custom)
2019-09-12 11:53:24,170 [pool-38-thread-1] INFO  server.RaftServerConfigKeys (ConfUtils.java:logGet(43)) - raft.server.log.force.sync.num = 128 (default)
2019-09-12 11:53:24,170 [pool-38-thread-1] INFO  server.RaftServerConfigKeys (ConfUtils.java:logGet(43)) - raft.server.log.statemachine.data.sync = true (default)
2019-09-12 11:53:24,170 [pool-38-thread-1] INFO  server.RaftServerConfigKeys (ConfUtils.java:logGet(43)) - raft.server.log.statemachine.data.sync.timeout = 10s (default)
2019-09-12 11:53:24,170 [pool-38-thread-1] INFO  server.RaftServerConfigKeys (ConfUtils.java:logGet(43)) - raft.server.log.statemachine.data.sync.timeout.retry = -1 (default)
2019-09-12 11:53:24,170 [pool-38-thread-1] INFO  server.RaftServerConfigKeys (ConfUtils.java:logGet(43)) - raft.server.log.statemachine.data.caching.enabled = true (custom)
2019-09-12 11:53:24,171 [pool-38-thread-1] INFO  segmented.SegmentedRaftLogWorker (SegmentedRaftLogWorker.java:lambda$new$0(132)) - e686195f-5212-4098-b2ad-e713a3c4587f-SegmentedRaftLogWorker:Storage Directory /workdir/hadoop-ozone/tools/target/test-dir/MiniOzoneClusterImpl-2c48e7f1-ac08-442f-970e-1944cf2eec25/datanode-1/data/ratis/ce9076d3-91c8-4698-a524-9df8022b5ff7: flushIndex: setUnconditionally 0 -> -1
2019-09-12 11:53:24,171 [pool-38-thread-1] INFO  server.RaftServerConfigKeys (ConfUtils.java:logGet(43)) - raft.server.snapshot.auto.trigger.enabled = true (custom)
2019-09-12 11:53:24,171 [pool-38-thread-1] INFO  server.RaftServerConfigKeys (ConfUtils.java:logGet(43)) - raft.server.snapshot.auto.trigger.threshold = 10000 (custom)
2019-09-12 11:53:24,171 [pool-38-thread-1] INFO  server.RaftServerConfigKeys (ConfUtils.java:logGet(43)) - raft.server.retrycache.expirytime = 600000ms (custom)
2019-09-12 11:53:24,172 [pool-38-thread-1] INFO  impl.RaftServerImpl (RaftServerImpl.java:start(180)) - e686195f-5212-4098-b2ad-e713a3c4587f: start group-9DF8022B5FF7
2019-09-12 11:53:24,172 [pool-38-thread-1] INFO  impl.RaftServerImpl (RaftServerImpl.java:setRole(171)) - e686195f-5212-4098-b2ad-e713a3c4587f:group-9DF8022B5FF7 changes role from null to FOLLOWER at term 0 for startAsFollower
2019-09-12 11:53:24,172 [pool-38-thread-1] INFO  impl.RoleInfo (RoleInfo.java:updateAndGet(143)) - e686195f-5212-4098-b2ad-e713a3c4587f: start FollowerState
2019-09-12 11:53:24,172 [pool-38-thread-1] INFO  util.JmxRegister (JmxRegister.java:tryRegister(44)) - Successfully registered JMX Bean with object name Ratis:service=RaftServer,group=group-9DF8022B5FF7,id=e686195f-5212-4098-b2ad-e713a3c4587f
2019-09-12 11:53:24,187 [RatisPipelineUtilsThread] INFO  pipeline.PipelineStateManager (PipelineStateManager.java:addPipeline(56)) - Created pipeline Pipeline[ Id: ce9076d3-91c8-4698-a524-9df8022b5ff7, Nodes: e686195f-5212-4098-b2ad-e713a3c4587f{ip: 192.168.157.195, host: pr-hdds-1569-xtfnx-3545843844, networkLocation: /default-rack, certSerialId: null}, Type:RATIS, Factor:ONE, State:OPEN]
2019-09-12 11:53:24,202 [grpc-default-executor-0] INFO  impl.RaftServerProxy (RaftServerProxy.java:addNew(89)) - e686195f-5212-4098-b2ad-e713a3c4587f: addNew group-896494B98437:[e686195f-5212-4098-b2ad-e713a3c4587f:192.168.157.195:42300] returns group-896494B98437:java.util.concurrent.CompletableFuture@6b46228e[Not completed]
2019-09-12 11:53:24,203 [pool-38-thread-1] INFO  impl.RaftServerImpl (RaftServerImpl.java:<init>(93)) - e686195f-5212-4098-b2ad-e713a3c4587f: new RaftServerImpl for group-896494B98437:[e686195f-5212-4098-b2ad-e713a3c4587f:192.168.157.195:42300] with ContainerStateMachine:uninitialized
2019-09-12 11:53:24,203 [pool-38-thread-1] INFO  server.RaftServerConfigKeys (ConfUtils.java:logGet(43)) - raft.server.rpc.timeout.min = 5s (custom)
2019-09-12 11:53:24,204 [pool-38-thread-1] INFO  server.RaftServerConfigKeys (ConfUtils.java:logGet(43)) - raft.server.rpc.timeout.max = 5200ms (custom)
2019-09-12 11:53:24,204 [pool-38-thread-1] INFO  server.RaftServerConfigKeys (ConfUtils.java:logGet(43)) - raft.server.rpcslowness.timeout = 120s (custom)
2019-09-12 11:53:24,204 [pool-38-thread-1] INFO  server.RaftServerConfigKeys (ConfUtils.java:logGet(43)) - raft.server.sleep.deviation.threshold = 300 (default)
2019-09-12 11:53:24,204 [pool-38-thread-1] INFO  server.RaftServerConfigKeys (ConfUtils.java:logGet(43)) - raft.server.log.appender.install.snapshot.enabled = false (custom)
2019-09-12 11:53:24,204 [pool-38-thread-1] INFO  impl.RaftServerImpl (ServerState.java:<init>(105)) - e686195f-5212-4098-b2ad-e713a3c4587f:group-896494B98437 ConfigurationManager, init=-1: [e686195f-5212-4098-b2ad-e713a3c4587f:192.168.157.195:42300], old=null, confs=<EMPTY_MAP>
2019-09-12 11:53:24,204 [pool-38-thread-1] INFO  server.RaftServerConfigKeys (ConfUtils.java:logGet(43)) - raft.server.storage.dir = [/workdir/hadoop-ozone/tools/target/test-dir/MiniOzoneClusterImpl-2c48e7f1-ac08-442f-970e-1944cf2eec25/datanode-1/data/ratis] (custom)
2019-09-12 11:53:24,204 [pool-38-thread-1] INFO  storage.RaftStorageDirectory (RaftStorageDirectory.java:analyzeStorage(246)) - The storage directory /workdir/hadoop-ozone/tools/target/test-dir/MiniOzoneClusterImpl-2c48e7f1-ac08-442f-970e-1944cf2eec25/datanode-1/data/ratis/41aaae73-29ac-4a4b-9dcf-896494b98437 does not exist. Creating ...
2019-09-12 11:53:24,217 [pool-38-thread-1] INFO  storage.RaftStorageDirectory (RaftStorageDirectory.java:tryLock(328)) - Lock on /workdir/hadoop-ozone/tools/target/test-dir/MiniOzoneClusterImpl-2c48e7f1-ac08-442f-970e-1944cf2eec25/datanode-1/data/ratis/41aaae73-29ac-4a4b-9dcf-896494b98437/in_use.lock acquired by nodename 17412@pr-hdds-1569-xtfnx-3545843844
2019-09-12 11:53:24,230 [pool-38-thread-1] INFO  storage.RaftStorage (RaftStorage.java:format(72)) - Storage directory /workdir/hadoop-ozone/tools/target/test-dir/MiniOzoneClusterImpl-2c48e7f1-ac08-442f-970e-1944cf2eec25/datanode-1/data/ratis/41aaae73-29ac-4a4b-9dcf-896494b98437 has been successfully formatted.
2019-09-12 11:53:24,230 [pool-38-thread-1] INFO  ratis.ContainerStateMachine (ContainerStateMachine.java:loadSnapshot(226)) - group-896494B98437: The snapshot info is null. Setting the last applied indexto:(t:0, i:~)
2019-09-12 11:53:24,231 [pool-38-thread-1] INFO  server.RaftServerConfigKeys (ConfUtils.java:logGet(43)) - raft.server.leader.election.timeout = 120s (custom)
2019-09-12 11:53:24,231 [pool-38-thread-1] INFO  server.RaftServerConfigKeys (ConfUtils.java:logGet(43)) - raft.server.log.use.memory = false (default)
2019-09-12 11:53:24,231 [pool-38-thread-1] INFO  server.RaftServerConfigKeys (ConfUtils.java:logGet(43)) - raft.server.log.purge.gap = 1000000 (custom)
2019-09-12 11:53:24,231 [pool-38-thread-1] INFO  server.RaftServerConfigKeys (ConfUtils.java:logGet(43)) - raft.server.log.appender.buffer.byte-limit = 33554432 (custom)
2019-09-12 11:53:24,231 [pool-38-thread-1] INFO  server.RaftServerConfigKeys (ConfUtils.java:logGet(43)) - raft.server.log.segment.size.max = 1048576 (custom)
2019-09-12 11:53:24,231 [pool-38-thread-1] INFO  server.RaftServerConfigKeys (ConfUtils.java:logGet(43)) - raft.server.log.segment.cache.num.max = 2 (custom)
2019-09-12 11:53:24,231 [pool-38-thread-1] INFO  segmented.SegmentedRaftLogWorker (SegmentedRaftLogWorker.java:<init>(172)) - new e686195f-5212-4098-b2ad-e713a3c4587f-SegmentedRaftLogWorker:Storage Directory /workdir/hadoop-ozone/tools/target/test-dir/MiniOzoneClusterImpl-2c48e7f1-ac08-442f-970e-1944cf2eec25/datanode-1/data/ratis/41aaae73-29ac-4a4b-9dcf-896494b98437 for RaftStorage:Storage Directory /workdir/hadoop-ozone/tools/target/test-dir/MiniOzoneClusterImpl-2c48e7f1-ac08-442f-970e-1944cf2eec25/datanode-1/data/ratis/41aaae73-29ac-4a4b-9dcf-896494b98437
2019-09-12 11:53:24,232 [pool-38-thread-1] INFO  server.RaftServerConfigKeys (ConfUtils.java:logGet(43)) - raft.server.log.queue.byte-limit = 2147483647 (custom)
2019-09-12 11:53:24,232 [pool-38-thread-1] INFO  server.RaftServerConfigKeys (ConfUtils.java:logGet(43)) - raft.server.log.queue.element-limit = 1024 (custom)
2019-09-12 11:53:24,232 [pool-38-thread-1] INFO  server.RaftServerConfigKeys (ConfUtils.java:logGet(43)) - raft.server.log.segment.size.max = 1048576 (custom)
2019-09-12 11:53:24,232 [pool-38-thread-1] INFO  server.RaftServerConfigKeys (ConfUtils.java:logGet(43)) - raft.server.log.preallocated.size = 16384 (custom)
2019-09-12 11:53:24,232 [pool-38-thread-1] INFO  server.RaftServerConfigKeys (ConfUtils.java:logGet(43)) - raft.server.log.write.buffer.size = 33554432 (custom)
2019-09-12 11:53:24,232 [pool-38-thread-1] INFO  server.RaftServerConfigKeys (ConfUtils.java:logGet(43)) - raft.server.log.force.sync.num = 128 (default)
2019-09-12 11:53:24,232 [pool-38-thread-1] INFO  server.RaftServerConfigKeys (ConfUtils.java:logGet(43)) - raft.server.log.statemachine.data.sync = true (default)
2019-09-12 11:53:24,232 [pool-38-thread-1] INFO  server.RaftServerConfigKeys (ConfUtils.java:logGet(43)) - raft.server.log.statemachine.data.sync.timeout = 10s (default)
2019-09-12 11:53:24,233 [pool-38-thread-1] INFO  server.RaftServerConfigKeys (ConfUtils.java:logGet(43)) - raft.server.log.statemachine.data.sync.timeout.retry = -1 (default)
2019-09-12 11:53:24,233 [pool-38-thread-1] INFO  server.RaftServerConfigKeys (ConfUtils.java:logGet(43)) - raft.server.log.statemachine.data.caching.enabled = true (custom)
2019-09-12 11:53:24,233 [pool-38-thread-1] INFO  segmented.SegmentedRaftLogWorker (SegmentedRaftLogWorker.java:lambda$new$0(132)) - e686195f-5212-4098-b2ad-e713a3c4587f-SegmentedRaftLogWorker:Storage Directory /workdir/hadoop-ozone/tools/target/test-dir/MiniOzoneClusterImpl-2c48e7f1-ac08-442f-970e-1944cf2eec25/datanode-1/data/ratis/41aaae73-29ac-4a4b-9dcf-896494b98437: flushIndex: setUnconditionally 0 -> -1
2019-09-12 11:53:24,233 [pool-38-thread-1] INFO  server.RaftServerConfigKeys (ConfUtils.java:logGet(43)) - raft.server.snapshot.auto.trigger.enabled = true (custom)
2019-09-12 11:53:24,234 [pool-38-thread-1] INFO  server.RaftServerConfigKeys (ConfUtils.java:logGet(43)) - raft.server.snapshot.auto.trigger.threshold = 10000 (custom)
2019-09-12 11:53:24,234 [pool-38-thread-1] INFO  server.RaftServerConfigKeys (ConfUtils.java:logGet(43)) - raft.server.retrycache.expirytime = 600000ms (custom)
2019-09-12 11:53:24,234 [pool-38-thread-1] INFO  impl.RaftServerImpl (RaftServerImpl.java:start(180)) - e686195f-5212-4098-b2ad-e713a3c4587f: start group-896494B98437
2019-09-12 11:53:24,234 [pool-38-thread-1] INFO  impl.RaftServerImpl (RaftServerImpl.java:setRole(171)) - e686195f-5212-4098-b2ad-e713a3c4587f:group-896494B98437 changes role from null to FOLLOWER at term 0 for startAsFollower
2019-09-12 11:53:24,234 [pool-38-thread-1] INFO  impl.RoleInfo (RoleInfo.java:updateAndGet(143)) - e686195f-5212-4098-b2ad-e713a3c4587f: start FollowerState
2019-09-12 11:53:24,235 [pool-38-thread-1] INFO  util.JmxRegister (JmxRegister.java:tryRegister(44)) - Successfully registered JMX Bean with object name Ratis:service=RaftServer,group=group-896494B98437,id=e686195f-5212-4098-b2ad-e713a3c4587f
2019-09-12 11:53:24,248 [RatisPipelineUtilsThread] INFO  pipeline.PipelineStateManager (PipelineStateManager.java:addPipeline(56)) - Created pipeline Pipeline[ Id: 41aaae73-29ac-4a4b-9dcf-896494b98437, Nodes: e686195f-5212-4098-b2ad-e713a3c4587f{ip: 192.168.157.195, host: pr-hdds-1569-xtfnx-3545843844, networkLocation: /default-rack, certSerialId: null}, Type:RATIS, Factor:ONE, State:OPEN]
2019-09-12 11:53:24,263 [grpc-default-executor-0] INFO  impl.RaftServerProxy (RaftServerProxy.java:addNew(89)) - 028783e7-22fc-47b5-934a-5e8bf88f7fe6: addNew group-32748BBE3AF4:[028783e7-22fc-47b5-934a-5e8bf88f7fe6:192.168.157.195:38713] returns group-32748BBE3AF4:java.util.concurrent.CompletableFuture@50cf28f8[Not completed]
2019-09-12 11:53:24,264 [pool-60-thread-1] INFO  impl.RaftServerImpl (RaftServerImpl.java:<init>(93)) - 028783e7-22fc-47b5-934a-5e8bf88f7fe6: new RaftServerImpl for group-32748BBE3AF4:[028783e7-22fc-47b5-934a-5e8bf88f7fe6:192.168.157.195:38713] with ContainerStateMachine:uninitialized
2019-09-12 11:53:24,265 [pool-60-thread-1] INFO  server.RaftServerConfigKeys (ConfUtils.java:logGet(43)) - raft.server.rpc.timeout.min = 5s (custom)
2019-09-12 11:53:24,265 [pool-60-thread-1] INFO  server.RaftServerConfigKeys (ConfUtils.java:logGet(43)) - raft.server.rpc.timeout.max = 5200ms (custom)
2019-09-12 11:53:24,265 [pool-60-thread-1] INFO  server.RaftServerConfigKeys (ConfUtils.java:logGet(43)) - raft.server.rpcslowness.timeout = 120s (custom)
2019-09-12 11:53:24,265 [pool-60-thread-1] INFO  server.RaftServerConfigKeys (ConfUtils.java:logGet(43)) - raft.server.sleep.deviation.threshold = 300 (default)
2019-09-12 11:53:24,265 [pool-60-thread-1] INFO  server.RaftServerConfigKeys (ConfUtils.java:logGet(43)) - raft.server.log.appender.install.snapshot.enabled = false (custom)
2019-09-12 11:53:24,265 [pool-60-thread-1] INFO  impl.RaftServerImpl (ServerState.java:<init>(105)) - 028783e7-22fc-47b5-934a-5e8bf88f7fe6:group-32748BBE3AF4 ConfigurationManager, init=-1: [028783e7-22fc-47b5-934a-5e8bf88f7fe6:192.168.157.195:38713], old=null, confs=<EMPTY_MAP>
2019-09-12 11:53:24,266 [pool-60-thread-1] INFO  server.RaftServerConfigKeys (ConfUtils.java:logGet(43)) - raft.server.storage.dir = [/workdir/hadoop-ozone/tools/target/test-dir/MiniOzoneClusterImpl-2c48e7f1-ac08-442f-970e-1944cf2eec25/datanode-3/data/ratis] (custom)
2019-09-12 11:53:24,266 [pool-60-thread-1] INFO  storage.RaftStorageDirectory (RaftStorageDirectory.java:analyzeStorage(246)) - The storage directory /workdir/hadoop-ozone/tools/target/test-dir/MiniOzoneClusterImpl-2c48e7f1-ac08-442f-970e-1944cf2eec25/datanode-3/data/ratis/6f872d39-dda7-458e-a6fb-32748bbe3af4 does not exist. Creating ...
2019-09-12 11:53:24,279 [pool-60-thread-1] INFO  storage.RaftStorageDirectory (RaftStorageDirectory.java:tryLock(328)) - Lock on /workdir/hadoop-ozone/tools/target/test-dir/MiniOzoneClusterImpl-2c48e7f1-ac08-442f-970e-1944cf2eec25/datanode-3/data/ratis/6f872d39-dda7-458e-a6fb-32748bbe3af4/in_use.lock acquired by nodename 17412@pr-hdds-1569-xtfnx-3545843844
2019-09-12 11:53:24,292 [pool-60-thread-1] INFO  storage.RaftStorage (RaftStorage.java:format(72)) - Storage directory /workdir/hadoop-ozone/tools/target/test-dir/MiniOzoneClusterImpl-2c48e7f1-ac08-442f-970e-1944cf2eec25/datanode-3/data/ratis/6f872d39-dda7-458e-a6fb-32748bbe3af4 has been successfully formatted.
2019-09-12 11:53:24,292 [pool-60-thread-1] INFO  ratis.ContainerStateMachine (ContainerStateMachine.java:loadSnapshot(226)) - group-32748BBE3AF4: The snapshot info is null. Setting the last applied indexto:(t:0, i:~)
2019-09-12 11:53:24,292 [pool-60-thread-1] INFO  server.RaftServerConfigKeys (ConfUtils.java:logGet(43)) - raft.server.leader.election.timeout = 120s (custom)
2019-09-12 11:53:24,293 [pool-60-thread-1] INFO  server.RaftServerConfigKeys (ConfUtils.java:logGet(43)) - raft.server.log.use.memory = false (default)
2019-09-12 11:53:24,293 [pool-60-thread-1] INFO  server.RaftServerConfigKeys (ConfUtils.java:logGet(43)) - raft.server.log.purge.gap = 1000000 (custom)
2019-09-12 11:53:24,293 [pool-60-thread-1] INFO  server.RaftServerConfigKeys (ConfUtils.java:logGet(43)) - raft.server.log.appender.buffer.byte-limit = 33554432 (custom)
2019-09-12 11:53:24,293 [pool-60-thread-1] INFO  server.RaftServerConfigKeys (ConfUtils.java:logGet(43)) - raft.server.log.segment.size.max = 1048576 (custom)
2019-09-12 11:53:24,293 [pool-60-thread-1] INFO  server.RaftServerConfigKeys (ConfUtils.java:logGet(43)) - raft.server.log.segment.cache.num.max = 2 (custom)
2019-09-12 11:53:24,293 [pool-60-thread-1] INFO  segmented.SegmentedRaftLogWorker (SegmentedRaftLogWorker.java:<init>(172)) - new 028783e7-22fc-47b5-934a-5e8bf88f7fe6-SegmentedRaftLogWorker:Storage Directory /workdir/hadoop-ozone/tools/target/test-dir/MiniOzoneClusterImpl-2c48e7f1-ac08-442f-970e-1944cf2eec25/datanode-3/data/ratis/6f872d39-dda7-458e-a6fb-32748bbe3af4 for RaftStorage:Storage Directory /workdir/hadoop-ozone/tools/target/test-dir/MiniOzoneClusterImpl-2c48e7f1-ac08-442f-970e-1944cf2eec25/datanode-3/data/ratis/6f872d39-dda7-458e-a6fb-32748bbe3af4
2019-09-12 11:53:24,294 [pool-60-thread-1] INFO  server.RaftServerConfigKeys (ConfUtils.java:logGet(43)) - raft.server.log.queue.byte-limit = 2147483647 (custom)
2019-09-12 11:53:24,294 [pool-60-thread-1] INFO  server.RaftServerConfigKeys (ConfUtils.java:logGet(43)) - raft.server.log.queue.element-limit = 1024 (custom)
2019-09-12 11:53:24,294 [pool-60-thread-1] INFO  server.RaftServerConfigKeys (ConfUtils.java:logGet(43)) - raft.server.log.segment.size.max = 1048576 (custom)
2019-09-12 11:53:24,294 [pool-60-thread-1] INFO  server.RaftServerConfigKeys (ConfUtils.java:logGet(43)) - raft.server.log.preallocated.size = 16384 (custom)
2019-09-12 11:53:24,294 [pool-60-thread-1] INFO  server.RaftServerConfigKeys (ConfUtils.java:logGet(43)) - raft.server.log.write.buffer.size = 33554432 (custom)
2019-09-12 11:53:24,294 [pool-60-thread-1] INFO  server.RaftServerConfigKeys (ConfUtils.java:logGet(43)) - raft.server.log.force.sync.num = 128 (default)
2019-09-12 11:53:24,295 [pool-60-thread-1] INFO  server.RaftServerConfigKeys (ConfUtils.java:logGet(43)) - raft.server.log.statemachine.data.sync = true (default)
2019-09-12 11:53:24,295 [pool-60-thread-1] INFO  server.RaftServerConfigKeys (ConfUtils.java:logGet(43)) - raft.server.log.statemachine.data.sync.timeout = 10s (default)
2019-09-12 11:53:24,295 [pool-60-thread-1] INFO  server.RaftServerConfigKeys (ConfUtils.java:logGet(43)) - raft.server.log.statemachine.data.sync.timeout.retry = -1 (default)
2019-09-12 11:53:24,295 [pool-60-thread-1] INFO  server.RaftServerConfigKeys (ConfUtils.java:logGet(43)) - raft.server.log.statemachine.data.caching.enabled = true (custom)
2019-09-12 11:53:24,295 [pool-60-thread-1] INFO  segmented.SegmentedRaftLogWorker (SegmentedRaftLogWorker.java:lambda$new$0(132)) - 028783e7-22fc-47b5-934a-5e8bf88f7fe6-SegmentedRaftLogWorker:Storage Directory /workdir/hadoop-ozone/tools/target/test-dir/MiniOzoneClusterImpl-2c48e7f1-ac08-442f-970e-1944cf2eec25/datanode-3/data/ratis/6f872d39-dda7-458e-a6fb-32748bbe3af4: flushIndex: setUnconditionally 0 -> -1
2019-09-12 11:53:24,296 [pool-60-thread-1] INFO  server.RaftServerConfigKeys (ConfUtils.java:logGet(43)) - raft.server.snapshot.auto.trigger.enabled = true (custom)
2019-09-12 11:53:24,296 [pool-60-thread-1] INFO  server.RaftServerConfigKeys (ConfUtils.java:logGet(43)) - raft.server.snapshot.auto.trigger.threshold = 10000 (custom)
2019-09-12 11:53:24,296 [pool-60-thread-1] INFO  server.RaftServerConfigKeys (ConfUtils.java:logGet(43)) - raft.server.retrycache.expirytime = 600000ms (custom)
2019-09-12 11:53:24,296 [pool-60-thread-1] INFO  impl.RaftServerImpl (RaftServerImpl.java:start(180)) - 028783e7-22fc-47b5-934a-5e8bf88f7fe6: start group-32748BBE3AF4
2019-09-12 11:53:24,296 [pool-60-thread-1] INFO  impl.RaftServerImpl (RaftServerImpl.java:setRole(171)) - 028783e7-22fc-47b5-934a-5e8bf88f7fe6:group-32748BBE3AF4 changes role from null to FOLLOWER at term 0 for startAsFollower
2019-09-12 11:53:24,297 [pool-60-thread-1] INFO  impl.RoleInfo (RoleInfo.java:updateAndGet(143)) - 028783e7-22fc-47b5-934a-5e8bf88f7fe6: start FollowerState
2019-09-12 11:53:24,297 [pool-60-thread-1] INFO  util.JmxRegister (JmxRegister.java:tryRegister(44)) - Successfully registered JMX Bean with object name Ratis:service=RaftServer,group=group-32748BBE3AF4,id=028783e7-22fc-47b5-934a-5e8bf88f7fe6
2019-09-12 11:53:24,307 [RatisPipelineUtilsThread] INFO  pipeline.PipelineStateManager (PipelineStateManager.java:addPipeline(56)) - Created pipeline Pipeline[ Id: 6f872d39-dda7-458e-a6fb-32748bbe3af4, Nodes: 028783e7-22fc-47b5-934a-5e8bf88f7fe6{ip: 192.168.157.195, host: pr-hdds-1569-xtfnx-3545843844, networkLocation: /default-rack, certSerialId: null}, Type:RATIS, Factor:ONE, State:OPEN]
2019-09-12 11:53:24,321 [grpc-default-executor-0] INFO  impl.RaftServerProxy (RaftServerProxy.java:addNew(89)) - e686195f-5212-4098-b2ad-e713a3c4587f: addNew group-6EA878E6E2FF:[e686195f-5212-4098-b2ad-e713a3c4587f:192.168.157.195:42300] returns group-6EA878E6E2FF:java.util.concurrent.CompletableFuture@12696d6e[Not completed]
2019-09-12 11:53:24,323 [pool-38-thread-1] INFO  impl.RaftServerImpl (RaftServerImpl.java:<init>(93)) - e686195f-5212-4098-b2ad-e713a3c4587f: new RaftServerImpl for group-6EA878E6E2FF:[e686195f-5212-4098-b2ad-e713a3c4587f:192.168.157.195:42300] with ContainerStateMachine:uninitialized
2019-09-12 11:53:24,323 [pool-38-thread-1] INFO  server.RaftServerConfigKeys (ConfUtils.java:logGet(43)) - raft.server.rpc.timeout.min = 5s (custom)
2019-09-12 11:53:24,323 [pool-38-thread-1] INFO  server.RaftServerConfigKeys (ConfUtils.java:logGet(43)) - raft.server.rpc.timeout.max = 5200ms (custom)
2019-09-12 11:53:24,323 [pool-38-thread-1] INFO  server.RaftServerConfigKeys (ConfUtils.java:logGet(43)) - raft.server.rpcslowness.timeout = 120s (custom)
2019-09-12 11:53:24,323 [pool-38-thread-1] INFO  server.RaftServerConfigKeys (ConfUtils.java:logGet(43)) - raft.server.sleep.deviation.threshold = 300 (default)
2019-09-12 11:53:24,324 [pool-38-thread-1] INFO  server.RaftServerConfigKeys (ConfUtils.java:logGet(43)) - raft.server.log.appender.install.snapshot.enabled = false (custom)
2019-09-12 11:53:24,324 [pool-38-thread-1] INFO  impl.RaftServerImpl (ServerState.java:<init>(105)) - e686195f-5212-4098-b2ad-e713a3c4587f:group-6EA878E6E2FF ConfigurationManager, init=-1: [e686195f-5212-4098-b2ad-e713a3c4587f:192.168.157.195:42300], old=null, confs=<EMPTY_MAP>
2019-09-12 11:53:24,324 [pool-38-thread-1] INFO  server.RaftServerConfigKeys (ConfUtils.java:logGet(43)) - raft.server.storage.dir = [/workdir/hadoop-ozone/tools/target/test-dir/MiniOzoneClusterImpl-2c48e7f1-ac08-442f-970e-1944cf2eec25/datanode-1/data/ratis] (custom)
2019-09-12 11:53:24,324 [pool-38-thread-1] INFO  storage.RaftStorageDirectory (RaftStorageDirectory.java:analyzeStorage(246)) - The storage directory /workdir/hadoop-ozone/tools/target/test-dir/MiniOzoneClusterImpl-2c48e7f1-ac08-442f-970e-1944cf2eec25/datanode-1/data/ratis/b283c41a-2c4c-4c1a-801c-6ea878e6e2ff does not exist. Creating ...
2019-09-12 11:53:24,337 [pool-38-thread-1] INFO  storage.RaftStorageDirectory (RaftStorageDirectory.java:tryLock(328)) - Lock on /workdir/hadoop-ozone/tools/target/test-dir/MiniOzoneClusterImpl-2c48e7f1-ac08-442f-970e-1944cf2eec25/datanode-1/data/ratis/b283c41a-2c4c-4c1a-801c-6ea878e6e2ff/in_use.lock acquired by nodename 17412@pr-hdds-1569-xtfnx-3545843844
2019-09-12 11:53:24,350 [pool-38-thread-1] INFO  storage.RaftStorage (RaftStorage.java:format(72)) - Storage directory /workdir/hadoop-ozone/tools/target/test-dir/MiniOzoneClusterImpl-2c48e7f1-ac08-442f-970e-1944cf2eec25/datanode-1/data/ratis/b283c41a-2c4c-4c1a-801c-6ea878e6e2ff has been successfully formatted.
2019-09-12 11:53:24,351 [pool-38-thread-1] INFO  ratis.ContainerStateMachine (ContainerStateMachine.java:loadSnapshot(226)) - group-6EA878E6E2FF: The snapshot info is null. Setting the last applied indexto:(t:0, i:~)
2019-09-12 11:53:24,351 [pool-38-thread-1] INFO  server.RaftServerConfigKeys (ConfUtils.java:logGet(43)) - raft.server.leader.election.timeout = 120s (custom)
2019-09-12 11:53:24,351 [pool-38-thread-1] INFO  server.RaftServerConfigKeys (ConfUtils.java:logGet(43)) - raft.server.log.use.memory = false (default)
2019-09-12 11:53:24,351 [pool-38-thread-1] INFO  server.RaftServerConfigKeys (ConfUtils.java:logGet(43)) - raft.server.log.purge.gap = 1000000 (custom)
2019-09-12 11:53:24,351 [pool-38-thread-1] INFO  server.RaftServerConfigKeys (ConfUtils.java:logGet(43)) - raft.server.log.appender.buffer.byte-limit = 33554432 (custom)
2019-09-12 11:53:24,351 [pool-38-thread-1] INFO  server.RaftServerConfigKeys (ConfUtils.java:logGet(43)) - raft.server.log.segment.size.max = 1048576 (custom)
2019-09-12 11:53:24,352 [pool-38-thread-1] INFO  server.RaftServerConfigKeys (ConfUtils.java:logGet(43)) - raft.server.log.segment.cache.num.max = 2 (custom)
2019-09-12 11:53:24,352 [pool-38-thread-1] INFO  segmented.SegmentedRaftLogWorker (SegmentedRaftLogWorker.java:<init>(172)) - new e686195f-5212-4098-b2ad-e713a3c4587f-SegmentedRaftLogWorker:Storage Directory /workdir/hadoop-ozone/tools/target/test-dir/MiniOzoneClusterImpl-2c48e7f1-ac08-442f-970e-1944cf2eec25/datanode-1/data/ratis/b283c41a-2c4c-4c1a-801c-6ea878e6e2ff for RaftStorage:Storage Directory /workdir/hadoop-ozone/tools/target/test-dir/MiniOzoneClusterImpl-2c48e7f1-ac08-442f-970e-1944cf2eec25/datanode-1/data/ratis/b283c41a-2c4c-4c1a-801c-6ea878e6e2ff
2019-09-12 11:53:24,352 [pool-38-thread-1] INFO  server.RaftServerConfigKeys (ConfUtils.java:logGet(43)) - raft.server.log.queue.byte-limit = 2147483647 (custom)
2019-09-12 11:53:24,352 [pool-38-thread-1] INFO  server.RaftServerConfigKeys (ConfUtils.java:logGet(43)) - raft.server.log.queue.element-limit = 1024 (custom)
2019-09-12 11:53:24,352 [pool-38-thread-1] INFO  server.RaftServerConfigKeys (ConfUtils.java:logGet(43)) - raft.server.log.segment.size.max = 1048576 (custom)
2019-09-12 11:53:24,353 [pool-38-thread-1] INFO  server.RaftServerConfigKeys (ConfUtils.java:logGet(43)) - raft.server.log.preallocated.size = 16384 (custom)
2019-09-12 11:53:24,353 [pool-38-thread-1] INFO  server.RaftServerConfigKeys (ConfUtils.java:logGet(43)) - raft.server.log.write.buffer.size = 33554432 (custom)
2019-09-12 11:53:24,353 [pool-38-thread-1] INFO  server.RaftServerConfigKeys (ConfUtils.java:logGet(43)) - raft.server.log.force.sync.num = 128 (default)
2019-09-12 11:53:24,353 [pool-38-thread-1] INFO  server.RaftServerConfigKeys (ConfUtils.java:logGet(43)) - raft.server.log.statemachine.data.sync = true (default)
2019-09-12 11:53:24,353 [pool-38-thread-1] INFO  server.RaftServerConfigKeys (ConfUtils.java:logGet(43)) - raft.server.log.statemachine.data.sync.timeout = 10s (default)
2019-09-12 11:53:24,353 [pool-38-thread-1] INFO  server.RaftServerConfigKeys (ConfUtils.java:logGet(43)) - raft.server.log.statemachine.data.sync.timeout.retry = -1 (default)
2019-09-12 11:53:24,354 [pool-38-thread-1] INFO  server.RaftServerConfigKeys (ConfUtils.java:logGet(43)) - raft.server.log.statemachine.data.caching.enabled = true (custom)
2019-09-12 11:53:24,354 [pool-38-thread-1] INFO  segmented.SegmentedRaftLogWorker (SegmentedRaftLogWorker.java:lambda$new$0(132)) - e686195f-5212-4098-b2ad-e713a3c4587f-SegmentedRaftLogWorker:Storage Directory /workdir/hadoop-ozone/tools/target/test-dir/MiniOzoneClusterImpl-2c48e7f1-ac08-442f-970e-1944cf2eec25/datanode-1/data/ratis/b283c41a-2c4c-4c1a-801c-6ea878e6e2ff: flushIndex: setUnconditionally 0 -> -1
2019-09-12 11:53:24,354 [pool-38-thread-1] INFO  server.RaftServerConfigKeys (ConfUtils.java:logGet(43)) - raft.server.snapshot.auto.trigger.enabled = true (custom)
2019-09-12 11:53:24,354 [pool-38-thread-1] INFO  server.RaftServerConfigKeys (ConfUtils.java:logGet(43)) - raft.server.snapshot.auto.trigger.threshold = 10000 (custom)
2019-09-12 11:53:24,355 [pool-38-thread-1] INFO  server.RaftServerConfigKeys (ConfUtils.java:logGet(43)) - raft.server.retrycache.expirytime = 600000ms (custom)
2019-09-12 11:53:24,355 [pool-38-thread-1] INFO  impl.RaftServerImpl (RaftServerImpl.java:start(180)) - e686195f-5212-4098-b2ad-e713a3c4587f: start group-6EA878E6E2FF
2019-09-12 11:53:24,355 [pool-38-thread-1] INFO  impl.RaftServerImpl (RaftServerImpl.java:setRole(171)) - e686195f-5212-4098-b2ad-e713a3c4587f:group-6EA878E6E2FF changes role from null to FOLLOWER at term 0 for startAsFollower
2019-09-12 11:53:24,355 [pool-38-thread-1] INFO  impl.RoleInfo (RoleInfo.java:updateAndGet(143)) - e686195f-5212-4098-b2ad-e713a3c4587f: start FollowerState
2019-09-12 11:53:24,356 [pool-38-thread-1] INFO  util.JmxRegister (JmxRegister.java:tryRegister(44)) - Successfully registered JMX Bean with object name Ratis:service=RaftServer,group=group-6EA878E6E2FF,id=e686195f-5212-4098-b2ad-e713a3c4587f
2019-09-12 11:53:24,366 [RatisPipelineUtilsThread] INFO  pipeline.PipelineStateManager (PipelineStateManager.java:addPipeline(56)) - Created pipeline Pipeline[ Id: b283c41a-2c4c-4c1a-801c-6ea878e6e2ff, Nodes: e686195f-5212-4098-b2ad-e713a3c4587f{ip: 192.168.157.195, host: pr-hdds-1569-xtfnx-3545843844, networkLocation: /default-rack, certSerialId: null}, Type:RATIS, Factor:ONE, State:OPEN]
2019-09-12 11:53:24,381 [grpc-default-executor-0] INFO  impl.RaftServerProxy (RaftServerProxy.java:addNew(89)) - 483993a0-3055-479d-b58b-b02682c97e4b: addNew group-FEAE5FE30304:[483993a0-3055-479d-b58b-b02682c97e4b:192.168.157.195:38762] returns group-FEAE5FE30304:java.util.concurrent.CompletableFuture@281d6a3b[Not completed]
2019-09-12 11:53:24,382 [pool-49-thread-1] INFO  impl.RaftServerImpl (RaftServerImpl.java:<init>(93)) - 483993a0-3055-479d-b58b-b02682c97e4b: new RaftServerImpl for group-FEAE5FE30304:[483993a0-3055-479d-b58b-b02682c97e4b:192.168.157.195:38762] with ContainerStateMachine:uninitialized
2019-09-12 11:53:24,382 [pool-49-thread-1] INFO  server.RaftServerConfigKeys (ConfUtils.java:logGet(43)) - raft.server.rpc.timeout.min = 5s (custom)
2019-09-12 11:53:24,382 [pool-49-thread-1] INFO  server.RaftServerConfigKeys (ConfUtils.java:logGet(43)) - raft.server.rpc.timeout.max = 5200ms (custom)
2019-09-12 11:53:24,383 [pool-49-thread-1] INFO  server.RaftServerConfigKeys (ConfUtils.java:logGet(43)) - raft.server.rpcslowness.timeout = 120s (custom)
2019-09-12 11:53:24,383 [pool-49-thread-1] INFO  server.RaftServerConfigKeys (ConfUtils.java:logGet(43)) - raft.server.sleep.deviation.threshold = 300 (default)
2019-09-12 11:53:24,383 [pool-49-thread-1] INFO  server.RaftServerConfigKeys (ConfUtils.java:logGet(43)) - raft.server.log.appender.install.snapshot.enabled = false (custom)
2019-09-12 11:53:24,383 [pool-49-thread-1] INFO  impl.RaftServerImpl (ServerState.java:<init>(105)) - 483993a0-3055-479d-b58b-b02682c97e4b:group-FEAE5FE30304 ConfigurationManager, init=-1: [483993a0-3055-479d-b58b-b02682c97e4b:192.168.157.195:38762], old=null, confs=<EMPTY_MAP>
2019-09-12 11:53:24,383 [pool-49-thread-1] INFO  server.RaftServerConfigKeys (ConfUtils.java:logGet(43)) - raft.server.storage.dir = [/workdir/hadoop-ozone/tools/target/test-dir/MiniOzoneClusterImpl-2c48e7f1-ac08-442f-970e-1944cf2eec25/datanode-2/data/ratis] (custom)
2019-09-12 11:53:24,384 [pool-49-thread-1] INFO  storage.RaftStorageDirectory (RaftStorageDirectory.java:analyzeStorage(246)) - The storage directory /workdir/hadoop-ozone/tools/target/test-dir/MiniOzoneClusterImpl-2c48e7f1-ac08-442f-970e-1944cf2eec25/datanode-2/data/ratis/f1c91d47-0727-4d6c-a1ec-feae5fe30304 does not exist. Creating ...
2019-09-12 11:53:24,396 [pool-49-thread-1] INFO  storage.RaftStorageDirectory (RaftStorageDirectory.java:tryLock(328)) - Lock on /workdir/hadoop-ozone/tools/target/test-dir/MiniOzoneClusterImpl-2c48e7f1-ac08-442f-970e-1944cf2eec25/datanode-2/data/ratis/f1c91d47-0727-4d6c-a1ec-feae5fe30304/in_use.lock acquired by nodename 17412@pr-hdds-1569-xtfnx-3545843844
2019-09-12 11:53:24,409 [pool-49-thread-1] INFO  storage.RaftStorage (RaftStorage.java:format(72)) - Storage directory /workdir/hadoop-ozone/tools/target/test-dir/MiniOzoneClusterImpl-2c48e7f1-ac08-442f-970e-1944cf2eec25/datanode-2/data/ratis/f1c91d47-0727-4d6c-a1ec-feae5fe30304 has been successfully formatted.
2019-09-12 11:53:24,409 [pool-49-thread-1] INFO  ratis.ContainerStateMachine (ContainerStateMachine.java:loadSnapshot(226)) - group-FEAE5FE30304: The snapshot info is null. Setting the last applied indexto:(t:0, i:~)
2019-09-12 11:53:24,409 [pool-49-thread-1] INFO  server.RaftServerConfigKeys (ConfUtils.java:logGet(43)) - raft.server.leader.election.timeout = 120s (custom)
2019-09-12 11:53:24,409 [pool-49-thread-1] INFO  server.RaftServerConfigKeys (ConfUtils.java:logGet(43)) - raft.server.log.use.memory = false (default)
2019-09-12 11:53:24,410 [pool-49-thread-1] INFO  server.RaftServerConfigKeys (ConfUtils.java:logGet(43)) - raft.server.log.purge.gap = 1000000 (custom)
2019-09-12 11:53:24,410 [pool-49-thread-1] INFO  server.RaftServerConfigKeys (ConfUtils.java:logGet(43)) - raft.server.log.appender.buffer.byte-limit = 33554432 (custom)
2019-09-12 11:53:24,410 [pool-49-thread-1] INFO  server.RaftServerConfigKeys (ConfUtils.java:logGet(43)) - raft.server.log.segment.size.max = 1048576 (custom)
2019-09-12 11:53:24,410 [pool-49-thread-1] INFO  server.RaftServerConfigKeys (ConfUtils.java:logGet(43)) - raft.server.log.segment.cache.num.max = 2 (custom)
2019-09-12 11:53:24,410 [pool-49-thread-1] INFO  segmented.SegmentedRaftLogWorker (SegmentedRaftLogWorker.java:<init>(172)) - new 483993a0-3055-479d-b58b-b02682c97e4b-SegmentedRaftLogWorker:Storage Directory /workdir/hadoop-ozone/tools/target/test-dir/MiniOzoneClusterImpl-2c48e7f1-ac08-442f-970e-1944cf2eec25/datanode-2/data/ratis/f1c91d47-0727-4d6c-a1ec-feae5fe30304 for RaftStorage:Storage Directory /workdir/hadoop-ozone/tools/target/test-dir/MiniOzoneClusterImpl-2c48e7f1-ac08-442f-970e-1944cf2eec25/datanode-2/data/ratis/f1c91d47-0727-4d6c-a1ec-feae5fe30304
2019-09-12 11:53:24,410 [pool-49-thread-1] INFO  server.RaftServerConfigKeys (ConfUtils.java:logGet(43)) - raft.server.log.queue.byte-limit = 2147483647 (custom)
2019-09-12 11:53:24,411 [pool-49-thread-1] INFO  server.RaftServerConfigKeys (ConfUtils.java:logGet(43)) - raft.server.log.queue.element-limit = 1024 (custom)
2019-09-12 11:53:24,411 [pool-49-thread-1] INFO  server.RaftServerConfigKeys (ConfUtils.java:logGet(43)) - raft.server.log.segment.size.max = 1048576 (custom)
2019-09-12 11:53:24,411 [pool-49-thread-1] INFO  server.RaftServerConfigKeys (ConfUtils.java:logGet(43)) - raft.server.log.preallocated.size = 16384 (custom)
2019-09-12 11:53:24,411 [pool-49-thread-1] INFO  server.RaftServerConfigKeys (ConfUtils.java:logGet(43)) - raft.server.log.write.buffer.size = 33554432 (custom)
2019-09-12 11:53:24,411 [pool-49-thread-1] INFO  server.RaftServerConfigKeys (ConfUtils.java:logGet(43)) - raft.server.log.force.sync.num = 128 (default)
2019-09-12 11:53:24,411 [pool-49-thread-1] INFO  server.RaftServerConfigKeys (ConfUtils.java:logGet(43)) - raft.server.log.statemachine.data.sync = true (default)
2019-09-12 11:53:24,412 [pool-49-thread-1] INFO  server.RaftServerConfigKeys (ConfUtils.java:logGet(43)) - raft.server.log.statemachine.data.sync.timeout = 10s (default)
2019-09-12 11:53:24,412 [pool-49-thread-1] INFO  server.RaftServerConfigKeys (ConfUtils.java:logGet(43)) - raft.server.log.statemachine.data.sync.timeout.retry = -1 (default)
2019-09-12 11:53:24,412 [pool-49-thread-1] INFO  server.RaftServerConfigKeys (ConfUtils.java:logGet(43)) - raft.server.log.statemachine.data.caching.enabled = true (custom)
2019-09-12 11:53:24,412 [pool-49-thread-1] INFO  segmented.SegmentedRaftLogWorker (SegmentedRaftLogWorker.java:lambda$new$0(132)) - 483993a0-3055-479d-b58b-b02682c97e4b-SegmentedRaftLogWorker:Storage Directory /workdir/hadoop-ozone/tools/target/test-dir/MiniOzoneClusterImpl-2c48e7f1-ac08-442f-970e-1944cf2eec25/datanode-2/data/ratis/f1c91d47-0727-4d6c-a1ec-feae5fe30304: flushIndex: setUnconditionally 0 -> -1
2019-09-12 11:53:24,413 [pool-49-thread-1] INFO  server.RaftServerConfigKeys (ConfUtils.java:logGet(43)) - raft.server.snapshot.auto.trigger.enabled = true (custom)
2019-09-12 11:53:24,413 [pool-49-thread-1] INFO  server.RaftServerConfigKeys (ConfUtils.java:logGet(43)) - raft.server.snapshot.auto.trigger.threshold = 10000 (custom)
2019-09-12 11:53:24,413 [pool-49-thread-1] INFO  server.RaftServerConfigKeys (ConfUtils.java:logGet(43)) - raft.server.retrycache.expirytime = 600000ms (custom)
2019-09-12 11:53:24,413 [pool-49-thread-1] INFO  impl.RaftServerImpl (RaftServerImpl.java:start(180)) - 483993a0-3055-479d-b58b-b02682c97e4b: start group-FEAE5FE30304
2019-09-12 11:53:24,413 [pool-49-thread-1] INFO  impl.RaftServerImpl (RaftServerImpl.java:setRole(171)) - 483993a0-3055-479d-b58b-b02682c97e4b:group-FEAE5FE30304 changes role from null to FOLLOWER at term 0 for startAsFollower
2019-09-12 11:53:24,414 [pool-49-thread-1] INFO  impl.RoleInfo (RoleInfo.java:updateAndGet(143)) - 483993a0-3055-479d-b58b-b02682c97e4b: start FollowerState
2019-09-12 11:53:24,414 [pool-49-thread-1] INFO  util.JmxRegister (JmxRegister.java:tryRegister(44)) - Successfully registered JMX Bean with object name Ratis:service=RaftServer,group=group-FEAE5FE30304,id=483993a0-3055-479d-b58b-b02682c97e4b
2019-09-12 11:53:24,423 [RatisPipelineUtilsThread] INFO  pipeline.PipelineStateManager (PipelineStateManager.java:addPipeline(56)) - Created pipeline Pipeline[ Id: f1c91d47-0727-4d6c-a1ec-feae5fe30304, Nodes: 483993a0-3055-479d-b58b-b02682c97e4b{ip: 192.168.157.195, host: pr-hdds-1569-xtfnx-3545843844, networkLocation: /default-rack, certSerialId: null}, Type:RATIS, Factor:ONE, State:OPEN]
2019-09-12 11:53:24,438 [grpc-default-executor-0] INFO  impl.RaftServerProxy (RaftServerProxy.java:addNew(89)) - 483993a0-3055-479d-b58b-b02682c97e4b: addNew group-8C9177103584:[483993a0-3055-479d-b58b-b02682c97e4b:192.168.157.195:38762] returns group-8C9177103584:java.util.concurrent.CompletableFuture@3241ad82[Not completed]
2019-09-12 11:53:24,440 [pool-49-thread-1] INFO  impl.RaftServerImpl (RaftServerImpl.java:<init>(93)) - 483993a0-3055-479d-b58b-b02682c97e4b: new RaftServerImpl for group-8C9177103584:[483993a0-3055-479d-b58b-b02682c97e4b:192.168.157.195:38762] with ContainerStateMachine:uninitialized
2019-09-12 11:53:24,440 [pool-49-thread-1] INFO  server.RaftServerConfigKeys (ConfUtils.java:logGet(43)) - raft.server.rpc.timeout.min = 5s (custom)
2019-09-12 11:53:24,440 [pool-49-thread-1] INFO  server.RaftServerConfigKeys (ConfUtils.java:logGet(43)) - raft.server.rpc.timeout.max = 5200ms (custom)
2019-09-12 11:53:24,440 [pool-49-thread-1] INFO  server.RaftServerConfigKeys (ConfUtils.java:logGet(43)) - raft.server.rpcslowness.timeout = 120s (custom)
2019-09-12 11:53:24,440 [pool-49-thread-1] INFO  server.RaftServerConfigKeys (ConfUtils.java:logGet(43)) - raft.server.sleep.deviation.threshold = 300 (default)
2019-09-12 11:53:24,440 [pool-49-thread-1] INFO  server.RaftServerConfigKeys (ConfUtils.java:logGet(43)) - raft.server.log.appender.install.snapshot.enabled = false (custom)
2019-09-12 11:53:24,441 [pool-49-thread-1] INFO  impl.RaftServerImpl (ServerState.java:<init>(105)) - 483993a0-3055-479d-b58b-b02682c97e4b:group-8C9177103584 ConfigurationManager, init=-1: [483993a0-3055-479d-b58b-b02682c97e4b:192.168.157.195:38762], old=null, confs=<EMPTY_MAP>
2019-09-12 11:53:24,441 [pool-49-thread-1] INFO  server.RaftServerConfigKeys (ConfUtils.java:logGet(43)) - raft.server.storage.dir = [/workdir/hadoop-ozone/tools/target/test-dir/MiniOzoneClusterImpl-2c48e7f1-ac08-442f-970e-1944cf2eec25/datanode-2/data/ratis] (custom)
2019-09-12 11:53:24,441 [pool-49-thread-1] INFO  storage.RaftStorageDirectory (RaftStorageDirectory.java:analyzeStorage(246)) - The storage directory /workdir/hadoop-ozone/tools/target/test-dir/MiniOzoneClusterImpl-2c48e7f1-ac08-442f-970e-1944cf2eec25/datanode-2/data/ratis/cd666baa-d930-4d8c-9414-8c9177103584 does not exist. Creating ...
2019-09-12 11:53:24,455 [pool-49-thread-1] INFO  storage.RaftStorageDirectory (RaftStorageDirectory.java:tryLock(328)) - Lock on /workdir/hadoop-ozone/tools/target/test-dir/MiniOzoneClusterImpl-2c48e7f1-ac08-442f-970e-1944cf2eec25/datanode-2/data/ratis/cd666baa-d930-4d8c-9414-8c9177103584/in_use.lock acquired by nodename 17412@pr-hdds-1569-xtfnx-3545843844
2019-09-12 11:53:24,469 [pool-49-thread-1] INFO  storage.RaftStorage (RaftStorage.java:format(72)) - Storage directory /workdir/hadoop-ozone/tools/target/test-dir/MiniOzoneClusterImpl-2c48e7f1-ac08-442f-970e-1944cf2eec25/datanode-2/data/ratis/cd666baa-d930-4d8c-9414-8c9177103584 has been successfully formatted.
2019-09-12 11:53:24,469 [pool-49-thread-1] INFO  ratis.ContainerStateMachine (ContainerStateMachine.java:loadSnapshot(226)) - group-8C9177103584: The snapshot info is null. Setting the last applied indexto:(t:0, i:~)
2019-09-12 11:53:24,469 [pool-49-thread-1] INFO  server.RaftServerConfigKeys (ConfUtils.java:logGet(43)) - raft.server.leader.election.timeout = 120s (custom)
2019-09-12 11:53:24,469 [pool-49-thread-1] INFO  server.RaftServerConfigKeys (ConfUtils.java:logGet(43)) - raft.server.log.use.memory = false (default)
2019-09-12 11:53:24,469 [pool-49-thread-1] INFO  server.RaftServerConfigKeys (ConfUtils.java:logGet(43)) - raft.server.log.purge.gap = 1000000 (custom)
2019-09-12 11:53:24,470 [pool-49-thread-1] INFO  server.RaftServerConfigKeys (ConfUtils.java:logGet(43)) - raft.server.log.appender.buffer.byte-limit = 33554432 (custom)
2019-09-12 11:53:24,470 [pool-49-thread-1] INFO  server.RaftServerConfigKeys (ConfUtils.java:logGet(43)) - raft.server.log.segment.size.max = 1048576 (custom)
2019-09-12 11:53:24,470 [pool-49-thread-1] INFO  server.RaftServerConfigKeys (ConfUtils.java:logGet(43)) - raft.server.log.segment.cache.num.max = 2 (custom)
2019-09-12 11:53:24,470 [pool-49-thread-1] INFO  segmented.SegmentedRaftLogWorker (SegmentedRaftLogWorker.java:<init>(172)) - new 483993a0-3055-479d-b58b-b02682c97e4b-SegmentedRaftLogWorker:Storage Directory /workdir/hadoop-ozone/tools/target/test-dir/MiniOzoneClusterImpl-2c48e7f1-ac08-442f-970e-1944cf2eec25/datanode-2/data/ratis/cd666baa-d930-4d8c-9414-8c9177103584 for RaftStorage:Storage Directory /workdir/hadoop-ozone/tools/target/test-dir/MiniOzoneClusterImpl-2c48e7f1-ac08-442f-970e-1944cf2eec25/datanode-2/data/ratis/cd666baa-d930-4d8c-9414-8c9177103584
2019-09-12 11:53:24,470 [pool-49-thread-1] INFO  server.RaftServerConfigKeys (ConfUtils.java:logGet(43)) - raft.server.log.queue.byte-limit = 2147483647 (custom)
2019-09-12 11:53:24,470 [pool-49-thread-1] INFO  server.RaftServerConfigKeys (ConfUtils.java:logGet(43)) - raft.server.log.queue.element-limit = 1024 (custom)
2019-09-12 11:53:24,471 [pool-49-thread-1] INFO  server.RaftServerConfigKeys (ConfUtils.java:logGet(43)) - raft.server.log.segment.size.max = 1048576 (custom)
2019-09-12 11:53:24,471 [pool-49-thread-1] INFO  server.RaftServerConfigKeys (ConfUtils.java:logGet(43)) - raft.server.log.preallocated.size = 16384 (custom)
2019-09-12 11:53:24,471 [pool-49-thread-1] INFO  server.RaftServerConfigKeys (ConfUtils.java:logGet(43)) - raft.server.log.write.buffer.size = 33554432 (custom)
2019-09-12 11:53:24,471 [pool-49-thread-1] INFO  server.RaftServerConfigKeys (ConfUtils.java:logGet(43)) - raft.server.log.force.sync.num = 128 (default)
2019-09-12 11:53:24,471 [pool-49-thread-1] INFO  server.RaftServerConfigKeys (ConfUtils.java:logGet(43)) - raft.server.log.statemachine.data.sync = true (default)
2019-09-12 11:53:24,471 [pool-49-thread-1] INFO  server.RaftServerConfigKeys (ConfUtils.java:logGet(43)) - raft.server.log.statemachine.data.sync.timeout = 10s (default)
2019-09-12 11:53:24,472 [pool-49-thread-1] INFO  server.RaftServerConfigKeys (ConfUtils.java:logGet(43)) - raft.server.log.statemachine.data.sync.timeout.retry = -1 (default)
2019-09-12 11:53:24,472 [pool-49-thread-1] INFO  server.RaftServerConfigKeys (ConfUtils.java:logGet(43)) - raft.server.log.statemachine.data.caching.enabled = true (custom)
2019-09-12 11:53:24,472 [pool-49-thread-1] INFO  segmented.SegmentedRaftLogWorker (SegmentedRaftLogWorker.java:lambda$new$0(132)) - 483993a0-3055-479d-b58b-b02682c97e4b-SegmentedRaftLogWorker:Storage Directory /workdir/hadoop-ozone/tools/target/test-dir/MiniOzoneClusterImpl-2c48e7f1-ac08-442f-970e-1944cf2eec25/datanode-2/data/ratis/cd666baa-d930-4d8c-9414-8c9177103584: flushIndex: setUnconditionally 0 -> -1
2019-09-12 11:53:24,473 [pool-49-thread-1] INFO  server.RaftServerConfigKeys (ConfUtils.java:logGet(43)) - raft.server.snapshot.auto.trigger.enabled = true (custom)
2019-09-12 11:53:24,473 [pool-49-thread-1] INFO  server.RaftServerConfigKeys (ConfUtils.java:logGet(43)) - raft.server.snapshot.auto.trigger.threshold = 10000 (custom)
2019-09-12 11:53:24,473 [pool-49-thread-1] INFO  server.RaftServerConfigKeys (ConfUtils.java:logGet(43)) - raft.server.retrycache.expirytime = 600000ms (custom)
2019-09-12 11:53:24,473 [pool-49-thread-1] INFO  impl.RaftServerImpl (RaftServerImpl.java:start(180)) - 483993a0-3055-479d-b58b-b02682c97e4b: start group-8C9177103584
2019-09-12 11:53:24,473 [pool-49-thread-1] INFO  impl.RaftServerImpl (RaftServerImpl.java:setRole(171)) - 483993a0-3055-479d-b58b-b02682c97e4b:group-8C9177103584 changes role from null to FOLLOWER at term 0 for startAsFollower
2019-09-12 11:53:24,473 [pool-49-thread-1] INFO  impl.RoleInfo (RoleInfo.java:updateAndGet(143)) - 483993a0-3055-479d-b58b-b02682c97e4b: start FollowerState
2019-09-12 11:53:24,474 [pool-49-thread-1] INFO  util.JmxRegister (JmxRegister.java:tryRegister(44)) - Successfully registered JMX Bean with object name Ratis:service=RaftServer,group=group-8C9177103584,id=483993a0-3055-479d-b58b-b02682c97e4b
2019-09-12 11:53:24,482 [RatisPipelineUtilsThread] INFO  pipeline.PipelineStateManager (PipelineStateManager.java:addPipeline(56)) - Created pipeline Pipeline[ Id: cd666baa-d930-4d8c-9414-8c9177103584, Nodes: 483993a0-3055-479d-b58b-b02682c97e4b{ip: 192.168.157.195, host: pr-hdds-1569-xtfnx-3545843844, networkLocation: /default-rack, certSerialId: null}, Type:RATIS, Factor:ONE, State:OPEN]
2019-09-12 11:53:24,494 [grpc-default-executor-0] INFO  impl.RaftServerProxy (RaftServerProxy.java:addNew(89)) - 61a9fc65-5e41-4283-98a8-259f9227054d: addNew group-90C6DC690265:[61a9fc65-5e41-4283-98a8-259f9227054d:192.168.157.195:36251] returns group-90C6DC690265:java.util.concurrent.CompletableFuture@10c3495c[Not completed]
2019-09-12 11:53:24,496 [pool-27-thread-1] INFO  impl.RaftServerImpl (RaftServerImpl.java:<init>(93)) - 61a9fc65-5e41-4283-98a8-259f9227054d: new RaftServerImpl for group-90C6DC690265:[61a9fc65-5e41-4283-98a8-259f9227054d:192.168.157.195:36251] with ContainerStateMachine:uninitialized
2019-09-12 11:53:24,496 [pool-27-thread-1] INFO  server.RaftServerConfigKeys (ConfUtils.java:logGet(43)) - raft.server.rpc.timeout.min = 5s (custom)
2019-09-12 11:53:24,496 [pool-27-thread-1] INFO  server.RaftServerConfigKeys (ConfUtils.java:logGet(43)) - raft.server.rpc.timeout.max = 5200ms (custom)
2019-09-12 11:53:24,496 [pool-27-thread-1] INFO  server.RaftServerConfigKeys (ConfUtils.java:logGet(43)) - raft.server.rpcslowness.timeout = 120s (custom)
2019-09-12 11:53:24,496 [pool-27-thread-1] INFO  server.RaftServerConfigKeys (ConfUtils.java:logGet(43)) - raft.server.sleep.deviation.threshold = 300 (default)
2019-09-12 11:53:24,497 [pool-27-thread-1] INFO  server.RaftServerConfigKeys (ConfUtils.java:logGet(43)) - raft.server.log.appender.install.snapshot.enabled = false (custom)
2019-09-12 11:53:24,497 [pool-27-thread-1] INFO  impl.RaftServerImpl (ServerState.java:<init>(105)) - 61a9fc65-5e41-4283-98a8-259f9227054d:group-90C6DC690265 ConfigurationManager, init=-1: [61a9fc65-5e41-4283-98a8-259f9227054d:192.168.157.195:36251], old=null, confs=<EMPTY_MAP>
2019-09-12 11:53:24,497 [pool-27-thread-1] INFO  server.RaftServerConfigKeys (ConfUtils.java:logGet(43)) - raft.server.storage.dir = [/workdir/hadoop-ozone/tools/target/test-dir/MiniOzoneClusterImpl-2c48e7f1-ac08-442f-970e-1944cf2eec25/datanode-0/data/ratis] (custom)
2019-09-12 11:53:24,497 [pool-27-thread-1] INFO  storage.RaftStorageDirectory (RaftStorageDirectory.java:analyzeStorage(246)) - The storage directory /workdir/hadoop-ozone/tools/target/test-dir/MiniOzoneClusterImpl-2c48e7f1-ac08-442f-970e-1944cf2eec25/datanode-0/data/ratis/911fc25f-e78c-4b45-a751-90c6dc690265 does not exist. Creating ...
2019-09-12 11:53:24,511 [pool-27-thread-1] INFO  storage.RaftStorageDirectory (RaftStorageDirectory.java:tryLock(328)) - Lock on /workdir/hadoop-ozone/tools/target/test-dir/MiniOzoneClusterImpl-2c48e7f1-ac08-442f-970e-1944cf2eec25/datanode-0/data/ratis/911fc25f-e78c-4b45-a751-90c6dc690265/in_use.lock acquired by nodename 17412@pr-hdds-1569-xtfnx-3545843844
2019-09-12 11:53:24,524 [pool-27-thread-1] INFO  storage.RaftStorage (RaftStorage.java:format(72)) - Storage directory /workdir/hadoop-ozone/tools/target/test-dir/MiniOzoneClusterImpl-2c48e7f1-ac08-442f-970e-1944cf2eec25/datanode-0/data/ratis/911fc25f-e78c-4b45-a751-90c6dc690265 has been successfully formatted.
2019-09-12 11:53:24,524 [pool-27-thread-1] INFO  ratis.ContainerStateMachine (ContainerStateMachine.java:loadSnapshot(226)) - group-90C6DC690265: The snapshot info is null. Setting the last applied indexto:(t:0, i:~)
2019-09-12 11:53:24,524 [pool-27-thread-1] INFO  server.RaftServerConfigKeys (ConfUtils.java:logGet(43)) - raft.server.leader.election.timeout = 120s (custom)
2019-09-12 11:53:24,524 [pool-27-thread-1] INFO  server.RaftServerConfigKeys (ConfUtils.java:logGet(43)) - raft.server.log.use.memory = false (default)
2019-09-12 11:53:24,525 [pool-27-thread-1] INFO  server.RaftServerConfigKeys (ConfUtils.java:logGet(43)) - raft.server.log.purge.gap = 1000000 (custom)
2019-09-12 11:53:24,525 [pool-27-thread-1] INFO  server.RaftServerConfigKeys (ConfUtils.java:logGet(43)) - raft.server.log.appender.buffer.byte-limit = 33554432 (custom)
2019-09-12 11:53:24,525 [pool-27-thread-1] INFO  server.RaftServerConfigKeys (ConfUtils.java:logGet(43)) - raft.server.log.segment.size.max = 1048576 (custom)
2019-09-12 11:53:24,525 [pool-27-thread-1] INFO  server.RaftServerConfigKeys (ConfUtils.java:logGet(43)) - raft.server.log.segment.cache.num.max = 2 (custom)
2019-09-12 11:53:24,525 [pool-27-thread-1] INFO  segmented.SegmentedRaftLogWorker (SegmentedRaftLogWorker.java:<init>(172)) - new 61a9fc65-5e41-4283-98a8-259f9227054d-SegmentedRaftLogWorker:Storage Directory /workdir/hadoop-ozone/tools/target/test-dir/MiniOzoneClusterImpl-2c48e7f1-ac08-442f-970e-1944cf2eec25/datanode-0/data/ratis/911fc25f-e78c-4b45-a751-90c6dc690265 for RaftStorage:Storage Directory /workdir/hadoop-ozone/tools/target/test-dir/MiniOzoneClusterImpl-2c48e7f1-ac08-442f-970e-1944cf2eec25/datanode-0/data/ratis/911fc25f-e78c-4b45-a751-90c6dc690265
2019-09-12 11:53:24,525 [pool-27-thread-1] INFO  server.RaftServerConfigKeys (ConfUtils.java:logGet(43)) - raft.server.log.queue.byte-limit = 2147483647 (custom)
2019-09-12 11:53:24,526 [pool-27-thread-1] INFO  server.RaftServerConfigKeys (ConfUtils.java:logGet(43)) - raft.server.log.queue.element-limit = 1024 (custom)
2019-09-12 11:53:24,526 [pool-27-thread-1] INFO  server.RaftServerConfigKeys (ConfUtils.java:logGet(43)) - raft.server.log.segment.size.max = 1048576 (custom)
2019-09-12 11:53:24,526 [pool-27-thread-1] INFO  server.RaftServerConfigKeys (ConfUtils.java:logGet(43)) - raft.server.log.preallocated.size = 16384 (custom)
2019-09-12 11:53:24,526 [pool-27-thread-1] INFO  server.RaftServerConfigKeys (ConfUtils.java:logGet(43)) - raft.server.log.write.buffer.size = 33554432 (custom)
2019-09-12 11:53:24,526 [pool-27-thread-1] INFO  server.RaftServerConfigKeys (ConfUtils.java:logGet(43)) - raft.server.log.force.sync.num = 128 (default)
2019-09-12 11:53:24,527 [pool-27-thread-1] INFO  server.RaftServerConfigKeys (ConfUtils.java:logGet(43)) - raft.server.log.statemachine.data.sync = true (default)
2019-09-12 11:53:24,527 [pool-27-thread-1] INFO  server.RaftServerConfigKeys (ConfUtils.java:logGet(43)) - raft.server.log.statemachine.data.sync.timeout = 10s (default)
2019-09-12 11:53:24,527 [pool-27-thread-1] INFO  server.RaftServerConfigKeys (ConfUtils.java:logGet(43)) - raft.server.log.statemachine.data.sync.timeout.retry = -1 (default)
2019-09-12 11:53:24,527 [pool-27-thread-1] INFO  server.RaftServerConfigKeys (ConfUtils.java:logGet(43)) - raft.server.log.statemachine.data.caching.enabled = true (custom)
2019-09-12 11:53:24,528 [pool-27-thread-1] INFO  segmented.SegmentedRaftLogWorker (SegmentedRaftLogWorker.java:lambda$new$0(132)) - 61a9fc65-5e41-4283-98a8-259f9227054d-SegmentedRaftLogWorker:Storage Directory /workdir/hadoop-ozone/tools/target/test-dir/MiniOzoneClusterImpl-2c48e7f1-ac08-442f-970e-1944cf2eec25/datanode-0/data/ratis/911fc25f-e78c-4b45-a751-90c6dc690265: flushIndex: setUnconditionally 0 -> -1
2019-09-12 11:53:24,528 [pool-27-thread-1] INFO  server.RaftServerConfigKeys (ConfUtils.java:logGet(43)) - raft.server.snapshot.auto.trigger.enabled = true (custom)
2019-09-12 11:53:24,528 [pool-27-thread-1] INFO  server.RaftServerConfigKeys (ConfUtils.java:logGet(43)) - raft.server.snapshot.auto.trigger.threshold = 10000 (custom)
2019-09-12 11:53:24,528 [pool-27-thread-1] INFO  server.RaftServerConfigKeys (ConfUtils.java:logGet(43)) - raft.server.retrycache.expirytime = 600000ms (custom)
2019-09-12 11:53:24,529 [pool-27-thread-1] INFO  impl.RaftServerImpl (RaftServerImpl.java:start(180)) - 61a9fc65-5e41-4283-98a8-259f9227054d: start group-90C6DC690265
2019-09-12 11:53:24,529 [pool-27-thread-1] INFO  impl.RaftServerImpl (RaftServerImpl.java:setRole(171)) - 61a9fc65-5e41-4283-98a8-259f9227054d:group-90C6DC690265 changes role from null to FOLLOWER at term 0 for startAsFollower
2019-09-12 11:53:24,529 [pool-27-thread-1] INFO  impl.RoleInfo (RoleInfo.java:updateAndGet(143)) - 61a9fc65-5e41-4283-98a8-259f9227054d: start FollowerState
2019-09-12 11:53:24,529 [pool-27-thread-1] INFO  util.JmxRegister (JmxRegister.java:tryRegister(44)) - Successfully registered JMX Bean with object name Ratis:service=RaftServer,group=group-90C6DC690265,id=61a9fc65-5e41-4283-98a8-259f9227054d
2019-09-12 11:53:24,539 [RatisPipelineUtilsThread] INFO  pipeline.PipelineStateManager (PipelineStateManager.java:addPipeline(56)) - Created pipeline Pipeline[ Id: 911fc25f-e78c-4b45-a751-90c6dc690265, Nodes: 61a9fc65-5e41-4283-98a8-259f9227054d{ip: 192.168.157.195, host: pr-hdds-1569-xtfnx-3545843844, networkLocation: /default-rack, certSerialId: null}, Type:RATIS, Factor:ONE, State:OPEN]
2019-09-12 11:53:24,553 [grpc-default-executor-0] INFO  impl.RaftServerProxy (RaftServerProxy.java:addNew(89)) - e686195f-5212-4098-b2ad-e713a3c4587f: addNew group-D98B1BA21F10:[e686195f-5212-4098-b2ad-e713a3c4587f:192.168.157.195:42300] returns group-D98B1BA21F10:java.util.concurrent.CompletableFuture@11098785[Not completed]
2019-09-12 11:53:24,554 [pool-38-thread-1] INFO  impl.RaftServerImpl (RaftServerImpl.java:<init>(93)) - e686195f-5212-4098-b2ad-e713a3c4587f: new RaftServerImpl for group-D98B1BA21F10:[e686195f-5212-4098-b2ad-e713a3c4587f:192.168.157.195:42300] with ContainerStateMachine:uninitialized
2019-09-12 11:53:24,554 [pool-38-thread-1] INFO  server.RaftServerConfigKeys (ConfUtils.java:logGet(43)) - raft.server.rpc.timeout.min = 5s (custom)
2019-09-12 11:53:24,555 [pool-38-thread-1] INFO  server.RaftServerConfigKeys (ConfUtils.java:logGet(43)) - raft.server.rpc.timeout.max = 5200ms (custom)
2019-09-12 11:53:24,555 [pool-38-thread-1] INFO  server.RaftServerConfigKeys (ConfUtils.java:logGet(43)) - raft.server.rpcslowness.timeout = 120s (custom)
2019-09-12 11:53:24,555 [pool-38-thread-1] INFO  server.RaftServerConfigKeys (ConfUtils.java:logGet(43)) - raft.server.sleep.deviation.threshold = 300 (default)
2019-09-12 11:53:24,555 [pool-38-thread-1] INFO  server.RaftServerConfigKeys (ConfUtils.java:logGet(43)) - raft.server.log.appender.install.snapshot.enabled = false (custom)
2019-09-12 11:53:24,555 [pool-38-thread-1] INFO  impl.RaftServerImpl (ServerState.java:<init>(105)) - e686195f-5212-4098-b2ad-e713a3c4587f:group-D98B1BA21F10 ConfigurationManager, init=-1: [e686195f-5212-4098-b2ad-e713a3c4587f:192.168.157.195:42300], old=null, confs=<EMPTY_MAP>
2019-09-12 11:53:24,555 [pool-38-thread-1] INFO  server.RaftServerConfigKeys (ConfUtils.java:logGet(43)) - raft.server.storage.dir = [/workdir/hadoop-ozone/tools/target/test-dir/MiniOzoneClusterImpl-2c48e7f1-ac08-442f-970e-1944cf2eec25/datanode-1/data/ratis] (custom)
2019-09-12 11:53:24,556 [pool-38-thread-1] INFO  storage.RaftStorageDirectory (RaftStorageDirectory.java:analyzeStorage(246)) - The storage directory /workdir/hadoop-ozone/tools/target/test-dir/MiniOzoneClusterImpl-2c48e7f1-ac08-442f-970e-1944cf2eec25/datanode-1/data/ratis/40cd95d0-750b-4faa-88b0-d98b1ba21f10 does not exist. Creating ...
2019-09-12 11:53:24,569 [pool-38-thread-1] INFO  storage.RaftStorageDirectory (RaftStorageDirectory.java:tryLock(328)) - Lock on /workdir/hadoop-ozone/tools/target/test-dir/MiniOzoneClusterImpl-2c48e7f1-ac08-442f-970e-1944cf2eec25/datanode-1/data/ratis/40cd95d0-750b-4faa-88b0-d98b1ba21f10/in_use.lock acquired by nodename 17412@pr-hdds-1569-xtfnx-3545843844
2019-09-12 11:53:24,582 [pool-38-thread-1] INFO  storage.RaftStorage (RaftStorage.java:format(72)) - Storage directory /workdir/hadoop-ozone/tools/target/test-dir/MiniOzoneClusterImpl-2c48e7f1-ac08-442f-970e-1944cf2eec25/datanode-1/data/ratis/40cd95d0-750b-4faa-88b0-d98b1ba21f10 has been successfully formatted.
2019-09-12 11:53:24,582 [pool-38-thread-1] INFO  ratis.ContainerStateMachine (ContainerStateMachine.java:loadSnapshot(226)) - group-D98B1BA21F10: The snapshot info is null. Setting the last applied indexto:(t:0, i:~)
2019-09-12 11:53:24,582 [pool-38-thread-1] INFO  server.RaftServerConfigKeys (ConfUtils.java:logGet(43)) - raft.server.leader.election.timeout = 120s (custom)
2019-09-12 11:53:24,583 [pool-38-thread-1] INFO  server.RaftServerConfigKeys (ConfUtils.java:logGet(43)) - raft.server.log.use.memory = false (default)
2019-09-12 11:53:24,583 [pool-38-thread-1] INFO  server.RaftServerConfigKeys (ConfUtils.java:logGet(43)) - raft.server.log.purge.gap = 1000000 (custom)
2019-09-12 11:53:24,583 [pool-38-thread-1] INFO  server.RaftServerConfigKeys (ConfUtils.java:logGet(43)) - raft.server.log.appender.buffer.byte-limit = 33554432 (custom)
2019-09-12 11:53:24,583 [pool-38-thread-1] INFO  server.RaftServerConfigKeys (ConfUtils.java:logGet(43)) - raft.server.log.segment.size.max = 1048576 (custom)
2019-09-12 11:53:24,583 [pool-38-thread-1] INFO  server.RaftServerConfigKeys (ConfUtils.java:logGet(43)) - raft.server.log.segment.cache.num.max = 2 (custom)
2019-09-12 11:53:24,583 [pool-38-thread-1] INFO  segmented.SegmentedRaftLogWorker (SegmentedRaftLogWorker.java:<init>(172)) - new e686195f-5212-4098-b2ad-e713a3c4587f-SegmentedRaftLogWorker:Storage Directory /workdir/hadoop-ozone/tools/target/test-dir/MiniOzoneClusterImpl-2c48e7f1-ac08-442f-970e-1944cf2eec25/datanode-1/data/ratis/40cd95d0-750b-4faa-88b0-d98b1ba21f10 for RaftStorage:Storage Directory /workdir/hadoop-ozone/tools/target/test-dir/MiniOzoneClusterImpl-2c48e7f1-ac08-442f-970e-1944cf2eec25/datanode-1/data/ratis/40cd95d0-750b-4faa-88b0-d98b1ba21f10
2019-09-12 11:53:24,584 [pool-38-thread-1] INFO  server.RaftServerConfigKeys (ConfUtils.java:logGet(43)) - raft.server.log.queue.byte-limit = 2147483647 (custom)
2019-09-12 11:53:24,584 [pool-38-thread-1] INFO  server.RaftServerConfigKeys (ConfUtils.java:logGet(43)) - raft.server.log.queue.element-limit = 1024 (custom)
2019-09-12 11:53:24,584 [pool-38-thread-1] INFO  server.RaftServerConfigKeys (ConfUtils.java:logGet(43)) - raft.server.log.segment.size.max = 1048576 (custom)
2019-09-12 11:53:24,584 [pool-38-thread-1] INFO  server.RaftServerConfigKeys (ConfUtils.java:logGet(43)) - raft.server.log.preallocated.size = 16384 (custom)
2019-09-12 11:53:24,584 [pool-38-thread-1] INFO  server.RaftServerConfigKeys (ConfUtils.java:logGet(43)) - raft.server.log.write.buffer.size = 33554432 (custom)
2019-09-12 11:53:24,584 [pool-38-thread-1] INFO  server.RaftServerConfigKeys (ConfUtils.java:logGet(43)) - raft.server.log.force.sync.num = 128 (default)
2019-09-12 11:53:24,585 [pool-38-thread-1] INFO  server.RaftServerConfigKeys (ConfUtils.java:logGet(43)) - raft.server.log.statemachine.data.sync = true (default)
2019-09-12 11:53:24,585 [pool-38-thread-1] INFO  server.RaftServerConfigKeys (ConfUtils.java:logGet(43)) - raft.server.log.statemachine.data.sync.timeout = 10s (default)
2019-09-12 11:53:24,585 [pool-38-thread-1] INFO  server.RaftServerConfigKeys (ConfUtils.java:logGet(43)) - raft.server.log.statemachine.data.sync.timeout.retry = -1 (default)
2019-09-12 11:53:24,585 [pool-38-thread-1] INFO  server.RaftServerConfigKeys (ConfUtils.java:logGet(43)) - raft.server.log.statemachine.data.caching.enabled = true (custom)
2019-09-12 11:53:24,586 [pool-38-thread-1] INFO  segmented.SegmentedRaftLogWorker (SegmentedRaftLogWorker.java:lambda$new$0(132)) - e686195f-5212-4098-b2ad-e713a3c4587f-SegmentedRaftLogWorker:Storage Directory /workdir/hadoop-ozone/tools/target/test-dir/MiniOzoneClusterImpl-2c48e7f1-ac08-442f-970e-1944cf2eec25/datanode-1/data/ratis/40cd95d0-750b-4faa-88b0-d98b1ba21f10: flushIndex: setUnconditionally 0 -> -1
2019-09-12 11:53:24,586 [pool-38-thread-1] INFO  server.RaftServerConfigKeys (ConfUtils.java:logGet(43)) - raft.server.snapshot.auto.trigger.enabled = true (custom)
2019-09-12 11:53:24,586 [pool-38-thread-1] INFO  server.RaftServerConfigKeys (ConfUtils.java:logGet(43)) - raft.server.snapshot.auto.trigger.threshold = 10000 (custom)
2019-09-12 11:53:24,586 [pool-38-thread-1] INFO  server.RaftServerConfigKeys (ConfUtils.java:logGet(43)) - raft.server.retrycache.expirytime = 600000ms (custom)
2019-09-12 11:53:24,586 [pool-38-thread-1] INFO  impl.RaftServerImpl (RaftServerImpl.java:start(180)) - e686195f-5212-4098-b2ad-e713a3c4587f: start group-D98B1BA21F10
2019-09-12 11:53:24,587 [pool-38-thread-1] INFO  impl.RaftServerImpl (RaftServerImpl.java:setRole(171)) - e686195f-5212-4098-b2ad-e713a3c4587f:group-D98B1BA21F10 changes role from null to FOLLOWER at term 0 for startAsFollower
2019-09-12 11:53:24,587 [pool-38-thread-1] INFO  impl.RoleInfo (RoleInfo.java:updateAndGet(143)) - e686195f-5212-4098-b2ad-e713a3c4587f: start FollowerState
2019-09-12 11:53:24,587 [pool-38-thread-1] INFO  util.JmxRegister (JmxRegister.java:tryRegister(44)) - Successfully registered JMX Bean with object name Ratis:service=RaftServer,group=group-D98B1BA21F10,id=e686195f-5212-4098-b2ad-e713a3c4587f
2019-09-12 11:53:24,595 [main] INFO  ozone.MiniOzoneClusterImpl (MiniOzoneClusterImpl.java:lambda$waitForClusterToBeReady$0(142)) - Cluster is ready. Got 5 of 5 DN Heartbeats.
2019-09-12 11:53:24,600 [RatisPipelineUtilsThread] INFO  pipeline.PipelineStateManager (PipelineStateManager.java:addPipeline(56)) - Created pipeline Pipeline[ Id: 40cd95d0-750b-4faa-88b0-d98b1ba21f10, Nodes: e686195f-5212-4098-b2ad-e713a3c4587f{ip: 192.168.157.195, host: pr-hdds-1569-xtfnx-3545843844, networkLocation: /default-rack, certSerialId: null}, Type:RATIS, Factor:ONE, State:OPEN]
2019-09-12 11:53:24,609 | INFO  | SCMAudit | user=jenkins1000 | ip=192.168.157.195 | op=SEND_HEARTBEAT {datanodeUUID=61a9fc65-5e41-4283-98a8-259f9227054d, command=[]} | ret=SUCCESS |  
2019-09-12 11:53:24,614 [grpc-default-executor-0] INFO  impl.RaftServerProxy (RaftServerProxy.java:addNew(89)) - e686195f-5212-4098-b2ad-e713a3c4587f: addNew group-3766F225A21D:[e686195f-5212-4098-b2ad-e713a3c4587f:192.168.157.195:42300] returns group-3766F225A21D:java.util.concurrent.CompletableFuture@2d1dddd3[Not completed]
2019-09-12 11:53:24,615 [pool-38-thread-1] INFO  impl.RaftServerImpl (RaftServerImpl.java:<init>(93)) - e686195f-5212-4098-b2ad-e713a3c4587f: new RaftServerImpl for group-3766F225A21D:[e686195f-5212-4098-b2ad-e713a3c4587f:192.168.157.195:42300] with ContainerStateMachine:uninitialized
2019-09-12 11:53:24,615 [pool-38-thread-1] INFO  server.RaftServerConfigKeys (ConfUtils.java:logGet(43)) - raft.server.rpc.timeout.min = 5s (custom)
2019-09-12 11:53:24,616 [pool-38-thread-1] INFO  server.RaftServerConfigKeys (ConfUtils.java:logGet(43)) - raft.server.rpc.timeout.max = 5200ms (custom)
2019-09-12 11:53:24,616 [pool-38-thread-1] INFO  server.RaftServerConfigKeys (ConfUtils.java:logGet(43)) - raft.server.rpcslowness.timeout = 120s (custom)
2019-09-12 11:53:24,616 [pool-38-thread-1] INFO  server.RaftServerConfigKeys (ConfUtils.java:logGet(43)) - raft.server.sleep.deviation.threshold = 300 (default)
2019-09-12 11:53:24,616 [pool-38-thread-1] INFO  server.RaftServerConfigKeys (ConfUtils.java:logGet(43)) - raft.server.log.appender.install.snapshot.enabled = false (custom)
2019-09-12 11:53:24,616 [pool-38-thread-1] INFO  impl.RaftServerImpl (ServerState.java:<init>(105)) - e686195f-5212-4098-b2ad-e713a3c4587f:group-3766F225A21D ConfigurationManager, init=-1: [e686195f-5212-4098-b2ad-e713a3c4587f:192.168.157.195:42300], old=null, confs=<EMPTY_MAP>
2019-09-12 11:53:24,616 [pool-38-thread-1] INFO  server.RaftServerConfigKeys (ConfUtils.java:logGet(43)) - raft.server.storage.dir = [/workdir/hadoop-ozone/tools/target/test-dir/MiniOzoneClusterImpl-2c48e7f1-ac08-442f-970e-1944cf2eec25/datanode-1/data/ratis] (custom)
2019-09-12 11:53:24,617 [pool-38-thread-1] INFO  storage.RaftStorageDirectory (RaftStorageDirectory.java:analyzeStorage(246)) - The storage directory /workdir/hadoop-ozone/tools/target/test-dir/MiniOzoneClusterImpl-2c48e7f1-ac08-442f-970e-1944cf2eec25/datanode-1/data/ratis/9acd452e-f97f-403d-bc34-3766f225a21d does not exist. Creating ...
2019-09-12 11:53:24,630 [pool-38-thread-1] INFO  storage.RaftStorageDirectory (RaftStorageDirectory.java:tryLock(328)) - Lock on /workdir/hadoop-ozone/tools/target/test-dir/MiniOzoneClusterImpl-2c48e7f1-ac08-442f-970e-1944cf2eec25/datanode-1/data/ratis/9acd452e-f97f-403d-bc34-3766f225a21d/in_use.lock acquired by nodename 17412@pr-hdds-1569-xtfnx-3545843844
2019-09-12 11:53:24,643 [pool-38-thread-1] INFO  storage.RaftStorage (RaftStorage.java:format(72)) - Storage directory /workdir/hadoop-ozone/tools/target/test-dir/MiniOzoneClusterImpl-2c48e7f1-ac08-442f-970e-1944cf2eec25/datanode-1/data/ratis/9acd452e-f97f-403d-bc34-3766f225a21d has been successfully formatted.
2019-09-12 11:53:24,643 [pool-38-thread-1] INFO  ratis.ContainerStateMachine (ContainerStateMachine.java:loadSnapshot(226)) - group-3766F225A21D: The snapshot info is null. Setting the last applied indexto:(t:0, i:~)
2019-09-12 11:53:24,643 [pool-38-thread-1] INFO  server.RaftServerConfigKeys (ConfUtils.java:logGet(43)) - raft.server.leader.election.timeout = 120s (custom)
2019-09-12 11:53:24,644 [pool-38-thread-1] INFO  server.RaftServerConfigKeys (ConfUtils.java:logGet(43)) - raft.server.log.use.memory = false (default)
2019-09-12 11:53:24,644 [pool-38-thread-1] INFO  server.RaftServerConfigKeys (ConfUtils.java:logGet(43)) - raft.server.log.purge.gap = 1000000 (custom)
2019-09-12 11:53:24,644 [pool-38-thread-1] INFO  server.RaftServerConfigKeys (ConfUtils.java:logGet(43)) - raft.server.log.appender.buffer.byte-limit = 33554432 (custom)
2019-09-12 11:53:24,644 [pool-38-thread-1] INFO  server.RaftServerConfigKeys (ConfUtils.java:logGet(43)) - raft.server.log.segment.size.max = 1048576 (custom)
2019-09-12 11:53:24,644 [pool-38-thread-1] INFO  server.RaftServerConfigKeys (ConfUtils.java:logGet(43)) - raft.server.log.segment.cache.num.max = 2 (custom)
2019-09-12 11:53:24,644 [pool-38-thread-1] INFO  segmented.SegmentedRaftLogWorker (SegmentedRaftLogWorker.java:<init>(172)) - new e686195f-5212-4098-b2ad-e713a3c4587f-SegmentedRaftLogWorker:Storage Directory /workdir/hadoop-ozone/tools/target/test-dir/MiniOzoneClusterImpl-2c48e7f1-ac08-442f-970e-1944cf2eec25/datanode-1/data/ratis/9acd452e-f97f-403d-bc34-3766f225a21d for RaftStorage:Storage Directory /workdir/hadoop-ozone/tools/target/test-dir/MiniOzoneClusterImpl-2c48e7f1-ac08-442f-970e-1944cf2eec25/datanode-1/data/ratis/9acd452e-f97f-403d-bc34-3766f225a21d
2019-09-12 11:53:24,644 [pool-38-thread-1] INFO  server.RaftServerConfigKeys (ConfUtils.java:logGet(43)) - raft.server.log.queue.byte-limit = 2147483647 (custom)
2019-09-12 11:53:24,645 [pool-38-thread-1] INFO  server.RaftServerConfigKeys (ConfUtils.java:logGet(43)) - raft.server.log.queue.element-limit = 1024 (custom)
2019-09-12 11:53:24,645 [pool-38-thread-1] INFO  server.RaftServerConfigKeys (ConfUtils.java:logGet(43)) - raft.server.log.segment.size.max = 1048576 (custom)
2019-09-12 11:53:24,645 [pool-38-thread-1] INFO  server.RaftServerConfigKeys (ConfUtils.java:logGet(43)) - raft.server.log.preallocated.size = 16384 (custom)
2019-09-12 11:53:24,645 [pool-38-thread-1] INFO  server.RaftServerConfigKeys (ConfUtils.java:logGet(43)) - raft.server.log.write.buffer.size = 33554432 (custom)
2019-09-12 11:53:24,645 [pool-38-thread-1] INFO  server.RaftServerConfigKeys (ConfUtils.java:logGet(43)) - raft.server.log.force.sync.num = 128 (default)
2019-09-12 11:53:24,645 [pool-38-thread-1] INFO  server.RaftServerConfigKeys (ConfUtils.java:logGet(43)) - raft.server.log.statemachine.data.sync = true (default)
2019-09-12 11:53:24,646 [pool-38-thread-1] INFO  server.RaftServerConfigKeys (ConfUtils.java:logGet(43)) - raft.server.log.statemachine.data.sync.timeout = 10s (default)
2019-09-12 11:53:24,646 [pool-38-thread-1] INFO  server.RaftServerConfigKeys (ConfUtils.java:logGet(43)) - raft.server.log.statemachine.data.sync.timeout.retry = -1 (default)
2019-09-12 11:53:24,646 [pool-38-thread-1] INFO  server.RaftServerConfigKeys (ConfUtils.java:logGet(43)) - raft.server.log.statemachine.data.caching.enabled = true (custom)
2019-09-12 11:53:24,646 [pool-38-thread-1] INFO  segmented.SegmentedRaftLogWorker (SegmentedRaftLogWorker.java:lambda$new$0(132)) - e686195f-5212-4098-b2ad-e713a3c4587f-SegmentedRaftLogWorker:Storage Directory /workdir/hadoop-ozone/tools/target/test-dir/MiniOzoneClusterImpl-2c48e7f1-ac08-442f-970e-1944cf2eec25/datanode-1/data/ratis/9acd452e-f97f-403d-bc34-3766f225a21d: flushIndex: setUnconditionally 0 -> -1
2019-09-12 11:53:24,647 [pool-38-thread-1] INFO  server.RaftServerConfigKeys (ConfUtils.java:logGet(43)) - raft.server.snapshot.auto.trigger.enabled = true (custom)
2019-09-12 11:53:24,647 [pool-38-thread-1] INFO  server.RaftServerConfigKeys (ConfUtils.java:logGet(43)) - raft.server.snapshot.auto.trigger.threshold = 10000 (custom)
2019-09-12 11:53:24,647 [pool-38-thread-1] INFO  server.RaftServerConfigKeys (ConfUtils.java:logGet(43)) - raft.server.retrycache.expirytime = 600000ms (custom)
2019-09-12 11:53:24,647 [pool-38-thread-1] INFO  impl.RaftServerImpl (RaftServerImpl.java:start(180)) - e686195f-5212-4098-b2ad-e713a3c4587f: start group-3766F225A21D
2019-09-12 11:53:24,647 [pool-38-thread-1] INFO  impl.RaftServerImpl (RaftServerImpl.java:setRole(171)) - e686195f-5212-4098-b2ad-e713a3c4587f:group-3766F225A21D changes role from null to FOLLOWER at term 0 for startAsFollower
2019-09-12 11:53:24,648 [pool-38-thread-1] INFO  impl.RoleInfo (RoleInfo.java:updateAndGet(143)) - e686195f-5212-4098-b2ad-e713a3c4587f: start FollowerState
2019-09-12 11:53:24,648 [pool-38-thread-1] INFO  util.JmxRegister (JmxRegister.java:tryRegister(44)) - Successfully registered JMX Bean with object name Ratis:service=RaftServer,group=group-3766F225A21D,id=e686195f-5212-4098-b2ad-e713a3c4587f
2019-09-12 11:53:24,661 [RatisPipelineUtilsThread] INFO  pipeline.PipelineStateManager (PipelineStateManager.java:addPipeline(56)) - Created pipeline Pipeline[ Id: 9acd452e-f97f-403d-bc34-3766f225a21d, Nodes: e686195f-5212-4098-b2ad-e713a3c4587f{ip: 192.168.157.195, host: pr-hdds-1569-xtfnx-3545843844, networkLocation: /default-rack, certSerialId: null}, Type:RATIS, Factor:ONE, State:OPEN]
2019-09-12 11:53:24,679 [grpc-default-executor-0] INFO  impl.RaftServerProxy (RaftServerProxy.java:addNew(89)) - e686195f-5212-4098-b2ad-e713a3c4587f: addNew group-1209CB2C007C:[e686195f-5212-4098-b2ad-e713a3c4587f:192.168.157.195:42300] returns group-1209CB2C007C:java.util.concurrent.CompletableFuture@68b8b85[Not completed]
2019-09-12 11:53:24,680 [pool-38-thread-1] INFO  impl.RaftServerImpl (RaftServerImpl.java:<init>(93)) - e686195f-5212-4098-b2ad-e713a3c4587f: new RaftServerImpl for group-1209CB2C007C:[e686195f-5212-4098-b2ad-e713a3c4587f:192.168.157.195:42300] with ContainerStateMachine:uninitialized
2019-09-12 11:53:24,681 [pool-38-thread-1] INFO  server.RaftServerConfigKeys (ConfUtils.java:logGet(43)) - raft.server.rpc.timeout.min = 5s (custom)
2019-09-12 11:53:24,683 [pool-38-thread-1] INFO  server.RaftServerConfigKeys (ConfUtils.java:logGet(43)) - raft.server.rpc.timeout.max = 5200ms (custom)
2019-09-12 11:53:24,685 [pool-38-thread-1] INFO  server.RaftServerConfigKeys (ConfUtils.java:logGet(43)) - raft.server.rpcslowness.timeout = 120s (custom)
2019-09-12 11:53:24,685 [pool-38-thread-1] INFO  server.RaftServerConfigKeys (ConfUtils.java:logGet(43)) - raft.server.sleep.deviation.threshold = 300 (default)
2019-09-12 11:53:24,685 [pool-38-thread-1] INFO  server.RaftServerConfigKeys (ConfUtils.java:logGet(43)) - raft.server.log.appender.install.snapshot.enabled = false (custom)
2019-09-12 11:53:24,686 [pool-38-thread-1] INFO  impl.RaftServerImpl (ServerState.java:<init>(105)) - e686195f-5212-4098-b2ad-e713a3c4587f:group-1209CB2C007C ConfigurationManager, init=-1: [e686195f-5212-4098-b2ad-e713a3c4587f:192.168.157.195:42300], old=null, confs=<EMPTY_MAP>
2019-09-12 11:53:24,686 [pool-38-thread-1] INFO  server.RaftServerConfigKeys (ConfUtils.java:logGet(43)) - raft.server.storage.dir = [/workdir/hadoop-ozone/tools/target/test-dir/MiniOzoneClusterImpl-2c48e7f1-ac08-442f-970e-1944cf2eec25/datanode-1/data/ratis] (custom)
2019-09-12 11:53:24,686 [pool-38-thread-1] INFO  storage.RaftStorageDirectory (RaftStorageDirectory.java:analyzeStorage(246)) - The storage directory /workdir/hadoop-ozone/tools/target/test-dir/MiniOzoneClusterImpl-2c48e7f1-ac08-442f-970e-1944cf2eec25/datanode-1/data/ratis/2aaf5784-ff26-479f-9f55-1209cb2c007c does not exist. Creating ...
2019-09-12 11:53:24,699 [pool-38-thread-1] INFO  storage.RaftStorageDirectory (RaftStorageDirectory.java:tryLock(328)) - Lock on /workdir/hadoop-ozone/tools/target/test-dir/MiniOzoneClusterImpl-2c48e7f1-ac08-442f-970e-1944cf2eec25/datanode-1/data/ratis/2aaf5784-ff26-479f-9f55-1209cb2c007c/in_use.lock acquired by nodename 17412@pr-hdds-1569-xtfnx-3545843844
2019-09-12 11:53:24,711 [pool-38-thread-1] INFO  storage.RaftStorage (RaftStorage.java:format(72)) - Storage directory /workdir/hadoop-ozone/tools/target/test-dir/MiniOzoneClusterImpl-2c48e7f1-ac08-442f-970e-1944cf2eec25/datanode-1/data/ratis/2aaf5784-ff26-479f-9f55-1209cb2c007c has been successfully formatted.
2019-09-12 11:53:24,712 [pool-38-thread-1] INFO  ratis.ContainerStateMachine (ContainerStateMachine.java:loadSnapshot(226)) - group-1209CB2C007C: The snapshot info is null. Setting the last applied indexto:(t:0, i:~)
2019-09-12 11:53:24,712 [pool-38-thread-1] INFO  server.RaftServerConfigKeys (ConfUtils.java:logGet(43)) - raft.server.leader.election.timeout = 120s (custom)
2019-09-12 11:53:24,712 [pool-38-thread-1] INFO  server.RaftServerConfigKeys (ConfUtils.java:logGet(43)) - raft.server.log.use.memory = false (default)
2019-09-12 11:53:24,712 [pool-38-thread-1] INFO  server.RaftServerConfigKeys (ConfUtils.java:logGet(43)) - raft.server.log.purge.gap = 1000000 (custom)
2019-09-12 11:53:24,712 [pool-38-thread-1] INFO  server.RaftServerConfigKeys (ConfUtils.java:logGet(43)) - raft.server.log.appender.buffer.byte-limit = 33554432 (custom)
2019-09-12 11:53:24,713 [pool-38-thread-1] INFO  server.RaftServerConfigKeys (ConfUtils.java:logGet(43)) - raft.server.log.segment.size.max = 1048576 (custom)
2019-09-12 11:53:24,713 [pool-38-thread-1] INFO  server.RaftServerConfigKeys (ConfUtils.java:logGet(43)) - raft.server.log.segment.cache.num.max = 2 (custom)
2019-09-12 11:53:24,713 [pool-38-thread-1] INFO  segmented.SegmentedRaftLogWorker (SegmentedRaftLogWorker.java:<init>(172)) - new e686195f-5212-4098-b2ad-e713a3c4587f-SegmentedRaftLogWorker:Storage Directory /workdir/hadoop-ozone/tools/target/test-dir/MiniOzoneClusterImpl-2c48e7f1-ac08-442f-970e-1944cf2eec25/datanode-1/data/ratis/2aaf5784-ff26-479f-9f55-1209cb2c007c for RaftStorage:Storage Directory /workdir/hadoop-ozone/tools/target/test-dir/MiniOzoneClusterImpl-2c48e7f1-ac08-442f-970e-1944cf2eec25/datanode-1/data/ratis/2aaf5784-ff26-479f-9f55-1209cb2c007c
2019-09-12 11:53:24,713 [pool-38-thread-1] INFO  server.RaftServerConfigKeys (ConfUtils.java:logGet(43)) - raft.server.log.queue.byte-limit = 2147483647 (custom)
2019-09-12 11:53:24,713 [pool-38-thread-1] INFO  server.RaftServerConfigKeys (ConfUtils.java:logGet(43)) - raft.server.log.queue.element-limit = 1024 (custom)
2019-09-12 11:53:24,714 [pool-38-thread-1] INFO  server.RaftServerConfigKeys (ConfUtils.java:logGet(43)) - raft.server.log.segment.size.max = 1048576 (custom)
2019-09-12 11:53:24,714 [pool-38-thread-1] INFO  server.RaftServerConfigKeys (ConfUtils.java:logGet(43)) - raft.server.log.preallocated.size = 16384 (custom)
2019-09-12 11:53:24,714 [pool-38-thread-1] INFO  server.RaftServerConfigKeys (ConfUtils.java:logGet(43)) - raft.server.log.write.buffer.size = 33554432 (custom)
2019-09-12 11:53:24,714 [pool-38-thread-1] INFO  server.RaftServerConfigKeys (ConfUtils.java:logGet(43)) - raft.server.log.force.sync.num = 128 (default)
2019-09-12 11:53:24,714 [pool-38-thread-1] INFO  server.RaftServerConfigKeys (ConfUtils.java:logGet(43)) - raft.server.log.statemachine.data.sync = true (default)
2019-09-12 11:53:24,714 [pool-38-thread-1] INFO  server.RaftServerConfigKeys (ConfUtils.java:logGet(43)) - raft.server.log.statemachine.data.sync.timeout = 10s (default)
2019-09-12 11:53:24,714 [pool-38-thread-1] INFO  server.RaftServerConfigKeys (ConfUtils.java:logGet(43)) - raft.server.log.statemachine.data.sync.timeout.retry = -1 (default)
2019-09-12 11:53:24,715 [pool-38-thread-1] INFO  server.RaftServerConfigKeys (ConfUtils.java:logGet(43)) - raft.server.log.statemachine.data.caching.enabled = true (custom)
2019-09-12 11:53:24,715 [pool-38-thread-1] INFO  segmented.SegmentedRaftLogWorker (SegmentedRaftLogWorker.java:lambda$new$0(132)) - e686195f-5212-4098-b2ad-e713a3c4587f-SegmentedRaftLogWorker:Storage Directory /workdir/hadoop-ozone/tools/target/test-dir/MiniOzoneClusterImpl-2c48e7f1-ac08-442f-970e-1944cf2eec25/datanode-1/data/ratis/2aaf5784-ff26-479f-9f55-1209cb2c007c: flushIndex: setUnconditionally 0 -> -1
2019-09-12 11:53:24,715 [pool-38-thread-1] INFO  server.RaftServerConfigKeys (ConfUtils.java:logGet(43)) - raft.server.snapshot.auto.trigger.enabled = true (custom)
2019-09-12 11:53:24,716 [pool-38-thread-1] INFO  server.RaftServerConfigKeys (ConfUtils.java:logGet(43)) - raft.server.snapshot.auto.trigger.threshold = 10000 (custom)
2019-09-12 11:53:24,716 [pool-38-thread-1] INFO  server.RaftServerConfigKeys (ConfUtils.java:logGet(43)) - raft.server.retrycache.expirytime = 600000ms (custom)
2019-09-12 11:53:24,716 [pool-38-thread-1] INFO  impl.RaftServerImpl (RaftServerImpl.java:start(180)) - e686195f-5212-4098-b2ad-e713a3c4587f: start group-1209CB2C007C
2019-09-12 11:53:24,716 [pool-38-thread-1] INFO  impl.RaftServerImpl (RaftServerImpl.java:setRole(171)) - e686195f-5212-4098-b2ad-e713a3c4587f:group-1209CB2C007C changes role from null to FOLLOWER at term 0 for startAsFollower
2019-09-12 11:53:24,716 [pool-38-thread-1] INFO  impl.RoleInfo (RoleInfo.java:updateAndGet(143)) - e686195f-5212-4098-b2ad-e713a3c4587f: start FollowerState
2019-09-12 11:53:24,717 [pool-38-thread-1] INFO  util.JmxRegister (JmxRegister.java:tryRegister(44)) - Successfully registered JMX Bean with object name Ratis:service=RaftServer,group=group-1209CB2C007C,id=e686195f-5212-4098-b2ad-e713a3c4587f
2019-09-12 11:53:24,723 [RatisPipelineUtilsThread] INFO  pipeline.PipelineStateManager (PipelineStateManager.java:addPipeline(56)) - Created pipeline Pipeline[ Id: 2aaf5784-ff26-479f-9f55-1209cb2c007c, Nodes: e686195f-5212-4098-b2ad-e713a3c4587f{ip: 192.168.157.195, host: pr-hdds-1569-xtfnx-3545843844, networkLocation: /default-rack, certSerialId: null}, Type:RATIS, Factor:ONE, State:OPEN]
2019-09-12 11:53:24,725 [RatisPipelineUtilsThread] ERROR pipeline.PipelinePlacementPolicy (PipelinePlacementPolicy.java:meetCriteria(91)) - Pipeline Placement: Doesn't meet the criteria to be viable node. Heaviness: 6
2019-09-12 11:53:24,738 [grpc-default-executor-0] INFO  impl.RaftServerProxy (RaftServerProxy.java:addNew(89)) - 028783e7-22fc-47b5-934a-5e8bf88f7fe6: addNew group-D4F2CB172502:[028783e7-22fc-47b5-934a-5e8bf88f7fe6:192.168.157.195:38713] returns group-D4F2CB172502:java.util.concurrent.CompletableFuture@c406d8e[Not completed]
2019-09-12 11:53:24,740 [pool-60-thread-1] INFO  impl.RaftServerImpl (RaftServerImpl.java:<init>(93)) - 028783e7-22fc-47b5-934a-5e8bf88f7fe6: new RaftServerImpl for group-D4F2CB172502:[028783e7-22fc-47b5-934a-5e8bf88f7fe6:192.168.157.195:38713] with ContainerStateMachine:uninitialized
2019-09-12 11:53:24,741 [pool-60-thread-1] INFO  server.RaftServerConfigKeys (ConfUtils.java:logGet(43)) - raft.server.rpc.timeout.min = 5s (custom)
2019-09-12 11:53:24,741 [pool-60-thread-1] INFO  server.RaftServerConfigKeys (ConfUtils.java:logGet(43)) - raft.server.rpc.timeout.max = 5200ms (custom)
2019-09-12 11:53:24,741 [pool-60-thread-1] INFO  server.RaftServerConfigKeys (ConfUtils.java:logGet(43)) - raft.server.rpcslowness.timeout = 120s (custom)
2019-09-12 11:53:24,741 [pool-60-thread-1] INFO  server.RaftServerConfigKeys (ConfUtils.java:logGet(43)) - raft.server.sleep.deviation.threshold = 300 (default)
2019-09-12 11:53:24,741 [pool-60-thread-1] INFO  server.RaftServerConfigKeys (ConfUtils.java:logGet(43)) - raft.server.log.appender.install.snapshot.enabled = false (custom)
2019-09-12 11:53:24,741 [pool-60-thread-1] INFO  impl.RaftServerImpl (ServerState.java:<init>(105)) - 028783e7-22fc-47b5-934a-5e8bf88f7fe6:group-D4F2CB172502 ConfigurationManager, init=-1: [028783e7-22fc-47b5-934a-5e8bf88f7fe6:192.168.157.195:38713], old=null, confs=<EMPTY_MAP>
2019-09-12 11:53:24,741 [pool-60-thread-1] INFO  server.RaftServerConfigKeys (ConfUtils.java:logGet(43)) - raft.server.storage.dir = [/workdir/hadoop-ozone/tools/target/test-dir/MiniOzoneClusterImpl-2c48e7f1-ac08-442f-970e-1944cf2eec25/datanode-3/data/ratis] (custom)
2019-09-12 11:53:24,742 [pool-60-thread-1] INFO  storage.RaftStorageDirectory (RaftStorageDirectory.java:analyzeStorage(246)) - The storage directory /workdir/hadoop-ozone/tools/target/test-dir/MiniOzoneClusterImpl-2c48e7f1-ac08-442f-970e-1944cf2eec25/datanode-3/data/ratis/aef9920f-1100-4bbd-a86d-d4f2cb172502 does not exist. Creating ...
2019-09-12 11:53:24,755 [pool-60-thread-1] INFO  storage.RaftStorageDirectory (RaftStorageDirectory.java:tryLock(328)) - Lock on /workdir/hadoop-ozone/tools/target/test-dir/MiniOzoneClusterImpl-2c48e7f1-ac08-442f-970e-1944cf2eec25/datanode-3/data/ratis/aef9920f-1100-4bbd-a86d-d4f2cb172502/in_use.lock acquired by nodename 17412@pr-hdds-1569-xtfnx-3545843844
2019-09-12 11:53:24,768 [pool-60-thread-1] INFO  storage.RaftStorage (RaftStorage.java:format(72)) - Storage directory /workdir/hadoop-ozone/tools/target/test-dir/MiniOzoneClusterImpl-2c48e7f1-ac08-442f-970e-1944cf2eec25/datanode-3/data/ratis/aef9920f-1100-4bbd-a86d-d4f2cb172502 has been successfully formatted.
2019-09-12 11:53:24,768 [pool-60-thread-1] INFO  ratis.ContainerStateMachine (ContainerStateMachine.java:loadSnapshot(226)) - group-D4F2CB172502: The snapshot info is null. Setting the last applied indexto:(t:0, i:~)
2019-09-12 11:53:24,768 [pool-60-thread-1] INFO  server.RaftServerConfigKeys (ConfUtils.java:logGet(43)) - raft.server.leader.election.timeout = 120s (custom)
2019-09-12 11:53:24,769 [pool-60-thread-1] INFO  server.RaftServerConfigKeys (ConfUtils.java:logGet(43)) - raft.server.log.use.memory = false (default)
2019-09-12 11:53:24,769 [pool-60-thread-1] INFO  server.RaftServerConfigKeys (ConfUtils.java:logGet(43)) - raft.server.log.purge.gap = 1000000 (custom)
2019-09-12 11:53:24,769 [pool-60-thread-1] INFO  server.RaftServerConfigKeys (ConfUtils.java:logGet(43)) - raft.server.log.appender.buffer.byte-limit = 33554432 (custom)
2019-09-12 11:53:24,769 [pool-60-thread-1] INFO  server.RaftServerConfigKeys (ConfUtils.java:logGet(43)) - raft.server.log.segment.size.max = 1048576 (custom)
2019-09-12 11:53:24,769 [pool-60-thread-1] INFO  server.RaftServerConfigKeys (ConfUtils.java:logGet(43)) - raft.server.log.segment.cache.num.max = 2 (custom)
2019-09-12 11:53:24,769 [pool-60-thread-1] INFO  segmented.SegmentedRaftLogWorker (SegmentedRaftLogWorker.java:<init>(172)) - new 028783e7-22fc-47b5-934a-5e8bf88f7fe6-SegmentedRaftLogWorker:Storage Directory /workdir/hadoop-ozone/tools/target/test-dir/MiniOzoneClusterImpl-2c48e7f1-ac08-442f-970e-1944cf2eec25/datanode-3/data/ratis/aef9920f-1100-4bbd-a86d-d4f2cb172502 for RaftStorage:Storage Directory /workdir/hadoop-ozone/tools/target/test-dir/MiniOzoneClusterImpl-2c48e7f1-ac08-442f-970e-1944cf2eec25/datanode-3/data/ratis/aef9920f-1100-4bbd-a86d-d4f2cb172502
2019-09-12 11:53:24,769 [pool-60-thread-1] INFO  server.RaftServerConfigKeys (ConfUtils.java:logGet(43)) - raft.server.log.queue.byte-limit = 2147483647 (custom)
2019-09-12 11:53:24,770 [pool-60-thread-1] INFO  server.RaftServerConfigKeys (ConfUtils.java:logGet(43)) - raft.server.log.queue.element-limit = 1024 (custom)
2019-09-12 11:53:24,770 [pool-60-thread-1] INFO  server.RaftServerConfigKeys (ConfUtils.java:logGet(43)) - raft.server.log.segment.size.max = 1048576 (custom)
2019-09-12 11:53:24,770 [pool-60-thread-1] INFO  server.RaftServerConfigKeys (ConfUtils.java:logGet(43)) - raft.server.log.preallocated.size = 16384 (custom)
2019-09-12 11:53:24,770 [pool-60-thread-1] INFO  server.RaftServerConfigKeys (ConfUtils.java:logGet(43)) - raft.server.log.write.buffer.size = 33554432 (custom)
2019-09-12 11:53:24,770 [pool-60-thread-1] INFO  server.RaftServerConfigKeys (ConfUtils.java:logGet(43)) - raft.server.log.force.sync.num = 128 (default)
2019-09-12 11:53:24,770 [pool-60-thread-1] INFO  server.RaftServerConfigKeys (ConfUtils.java:logGet(43)) - raft.server.log.statemachine.data.sync = true (default)
2019-09-12 11:53:24,770 [pool-60-thread-1] INFO  server.RaftServerConfigKeys (ConfUtils.java:logGet(43)) - raft.server.log.statemachine.data.sync.timeout = 10s (default)
2019-09-12 11:53:24,770 [pool-60-thread-1] INFO  server.RaftServerConfigKeys (ConfUtils.java:logGet(43)) - raft.server.log.statemachine.data.sync.timeout.retry = -1 (default)
2019-09-12 11:53:24,771 [pool-60-thread-1] INFO  server.RaftServerConfigKeys (ConfUtils.java:logGet(43)) - raft.server.log.statemachine.data.caching.enabled = true (custom)
2019-09-12 11:53:24,771 [pool-60-thread-1] INFO  segmented.SegmentedRaftLogWorker (SegmentedRaftLogWorker.java:lambda$new$0(132)) - 028783e7-22fc-47b5-934a-5e8bf88f7fe6-SegmentedRaftLogWorker:Storage Directory /workdir/hadoop-ozone/tools/target/test-dir/MiniOzoneClusterImpl-2c48e7f1-ac08-442f-970e-1944cf2eec25/datanode-3/data/ratis/aef9920f-1100-4bbd-a86d-d4f2cb172502: flushIndex: setUnconditionally 0 -> -1
2019-09-12 11:53:24,771 [pool-60-thread-1] INFO  server.RaftServerConfigKeys (ConfUtils.java:logGet(43)) - raft.server.snapshot.auto.trigger.enabled = true (custom)
2019-09-12 11:53:24,771 [pool-60-thread-1] INFO  server.RaftServerConfigKeys (ConfUtils.java:logGet(43)) - raft.server.snapshot.auto.trigger.threshold = 10000 (custom)
2019-09-12 11:53:24,771 [pool-60-thread-1] INFO  server.RaftServerConfigKeys (ConfUtils.java:logGet(43)) - raft.server.retrycache.expirytime = 600000ms (custom)
2019-09-12 11:53:24,772 [pool-60-thread-1] INFO  impl.RaftServerImpl (RaftServerImpl.java:start(180)) - 028783e7-22fc-47b5-934a-5e8bf88f7fe6: start group-D4F2CB172502
2019-09-12 11:53:24,772 [pool-60-thread-1] INFO  impl.RaftServerImpl (RaftServerImpl.java:setRole(171)) - 028783e7-22fc-47b5-934a-5e8bf88f7fe6:group-D4F2CB172502 changes role from null to FOLLOWER at term 0 for startAsFollower
2019-09-12 11:53:24,772 [pool-60-thread-1] INFO  impl.RoleInfo (RoleInfo.java:updateAndGet(143)) - 028783e7-22fc-47b5-934a-5e8bf88f7fe6: start FollowerState
2019-09-12 11:53:24,772 [pool-60-thread-1] INFO  util.JmxRegister (JmxRegister.java:tryRegister(44)) - Successfully registered JMX Bean with object name Ratis:service=RaftServer,group=group-D4F2CB172502,id=028783e7-22fc-47b5-934a-5e8bf88f7fe6
2019-09-12 11:53:24,778 [RatisPipelineUtilsThread] INFO  pipeline.PipelineStateManager (PipelineStateManager.java:addPipeline(56)) - Created pipeline Pipeline[ Id: aef9920f-1100-4bbd-a86d-d4f2cb172502, Nodes: 028783e7-22fc-47b5-934a-5e8bf88f7fe6{ip: 192.168.157.195, host: pr-hdds-1569-xtfnx-3545843844, networkLocation: /default-rack, certSerialId: null}, Type:RATIS, Factor:ONE, State:OPEN]
2019-09-12 11:53:24,780 [RatisPipelineUtilsThread] ERROR pipeline.PipelinePlacementPolicy (PipelinePlacementPolicy.java:meetCriteria(91)) - Pipeline Placement: Doesn't meet the criteria to be viable node. Heaviness: 6
2019-09-12 11:53:24,790 [grpc-default-executor-0] INFO  impl.RaftServerProxy (RaftServerProxy.java:addNew(89)) - 483993a0-3055-479d-b58b-b02682c97e4b: addNew group-0DFB4C93B19A:[483993a0-3055-479d-b58b-b02682c97e4b:192.168.157.195:38762] returns group-0DFB4C93B19A:java.util.concurrent.CompletableFuture@4a543a17[Not completed]
2019-09-12 11:53:24,791 [pool-49-thread-1] INFO  impl.RaftServerImpl (RaftServerImpl.java:<init>(93)) - 483993a0-3055-479d-b58b-b02682c97e4b: new RaftServerImpl for group-0DFB4C93B19A:[483993a0-3055-479d-b58b-b02682c97e4b:192.168.157.195:38762] with ContainerStateMachine:uninitialized
2019-09-12 11:53:24,791 [pool-49-thread-1] INFO  server.RaftServerConfigKeys (ConfUtils.java:logGet(43)) - raft.server.rpc.timeout.min = 5s (custom)
2019-09-12 11:53:24,791 [pool-49-thread-1] INFO  server.RaftServerConfigKeys (ConfUtils.java:logGet(43)) - raft.server.rpc.timeout.max = 5200ms (custom)
2019-09-12 11:53:24,791 [pool-49-thread-1] INFO  server.RaftServerConfigKeys (ConfUtils.java:logGet(43)) - raft.server.rpcslowness.timeout = 120s (custom)
2019-09-12 11:53:24,791 [pool-49-thread-1] INFO  server.RaftServerConfigKeys (ConfUtils.java:logGet(43)) - raft.server.sleep.deviation.threshold = 300 (default)
2019-09-12 11:53:24,792 [pool-49-thread-1] INFO  server.RaftServerConfigKeys (ConfUtils.java:logGet(43)) - raft.server.log.appender.install.snapshot.enabled = false (custom)
2019-09-12 11:53:24,792 [pool-49-thread-1] INFO  impl.RaftServerImpl (ServerState.java:<init>(105)) - 483993a0-3055-479d-b58b-b02682c97e4b:group-0DFB4C93B19A ConfigurationManager, init=-1: [483993a0-3055-479d-b58b-b02682c97e4b:192.168.157.195:38762], old=null, confs=<EMPTY_MAP>
2019-09-12 11:53:24,792 [pool-49-thread-1] INFO  server.RaftServerConfigKeys (ConfUtils.java:logGet(43)) - raft.server.storage.dir = [/workdir/hadoop-ozone/tools/target/test-dir/MiniOzoneClusterImpl-2c48e7f1-ac08-442f-970e-1944cf2eec25/datanode-2/data/ratis] (custom)
2019-09-12 11:53:24,792 [pool-49-thread-1] INFO  storage.RaftStorageDirectory (RaftStorageDirectory.java:analyzeStorage(246)) - The storage directory /workdir/hadoop-ozone/tools/target/test-dir/MiniOzoneClusterImpl-2c48e7f1-ac08-442f-970e-1944cf2eec25/datanode-2/data/ratis/0bd242fb-c7b9-4895-b25b-0dfb4c93b19a does not exist. Creating ...
2019-09-12 11:53:24,805 [pool-49-thread-1] INFO  storage.RaftStorageDirectory (RaftStorageDirectory.java:tryLock(328)) - Lock on /workdir/hadoop-ozone/tools/target/test-dir/MiniOzoneClusterImpl-2c48e7f1-ac08-442f-970e-1944cf2eec25/datanode-2/data/ratis/0bd242fb-c7b9-4895-b25b-0dfb4c93b19a/in_use.lock acquired by nodename 17412@pr-hdds-1569-xtfnx-3545843844
2019-09-12 11:53:24,817 [pool-49-thread-1] INFO  storage.RaftStorage (RaftStorage.java:format(72)) - Storage directory /workdir/hadoop-ozone/tools/target/test-dir/MiniOzoneClusterImpl-2c48e7f1-ac08-442f-970e-1944cf2eec25/datanode-2/data/ratis/0bd242fb-c7b9-4895-b25b-0dfb4c93b19a has been successfully formatted.
2019-09-12 11:53:24,818 [pool-49-thread-1] INFO  ratis.ContainerStateMachine (ContainerStateMachine.java:loadSnapshot(226)) - group-0DFB4C93B19A: The snapshot info is null. Setting the last applied indexto:(t:0, i:~)
2019-09-12 11:53:24,818 [pool-49-thread-1] INFO  server.RaftServerConfigKeys (ConfUtils.java:logGet(43)) - raft.server.leader.election.timeout = 120s (custom)
2019-09-12 11:53:24,818 [pool-49-thread-1] INFO  server.RaftServerConfigKeys (ConfUtils.java:logGet(43)) - raft.server.log.use.memory = false (default)
2019-09-12 11:53:24,818 [pool-49-thread-1] INFO  server.RaftServerConfigKeys (ConfUtils.java:logGet(43)) - raft.server.log.purge.gap = 1000000 (custom)
2019-09-12 11:53:24,818 [pool-49-thread-1] INFO  server.RaftServerConfigKeys (ConfUtils.java:logGet(43)) - raft.server.log.appender.buffer.byte-limit = 33554432 (custom)
2019-09-12 11:53:24,818 [pool-49-thread-1] INFO  server.RaftServerConfigKeys (ConfUtils.java:logGet(43)) - raft.server.log.segment.size.max = 1048576 (custom)
2019-09-12 11:53:24,818 [pool-49-thread-1] INFO  server.RaftServerConfigKeys (ConfUtils.java:logGet(43)) - raft.server.log.segment.cache.num.max = 2 (custom)
2019-09-12 11:53:24,818 [pool-49-thread-1] INFO  segmented.SegmentedRaftLogWorker (SegmentedRaftLogWorker.java:<init>(172)) - new 483993a0-3055-479d-b58b-b02682c97e4b-SegmentedRaftLogWorker:Storage Directory /workdir/hadoop-ozone/tools/target/test-dir/MiniOzoneClusterImpl-2c48e7f1-ac08-442f-970e-1944cf2eec25/datanode-2/data/ratis/0bd242fb-c7b9-4895-b25b-0dfb4c93b19a for RaftStorage:Storage Directory /workdir/hadoop-ozone/tools/target/test-dir/MiniOzoneClusterImpl-2c48e7f1-ac08-442f-970e-1944cf2eec25/datanode-2/data/ratis/0bd242fb-c7b9-4895-b25b-0dfb4c93b19a
2019-09-12 11:53:24,819 [pool-49-thread-1] INFO  server.RaftServerConfigKeys (ConfUtils.java:logGet(43)) - raft.server.log.queue.byte-limit = 2147483647 (custom)
2019-09-12 11:53:24,819 [pool-49-thread-1] INFO  server.RaftServerConfigKeys (ConfUtils.java:logGet(43)) - raft.server.log.queue.element-limit = 1024 (custom)
2019-09-12 11:53:24,819 [pool-49-thread-1] INFO  server.RaftServerConfigKeys (ConfUtils.java:logGet(43)) - raft.server.log.segment.size.max = 1048576 (custom)
2019-09-12 11:53:24,819 [pool-49-thread-1] INFO  server.RaftServerConfigKeys (ConfUtils.java:logGet(43)) - raft.server.log.preallocated.size = 16384 (custom)
2019-09-12 11:53:24,819 [pool-49-thread-1] INFO  server.RaftServerConfigKeys (ConfUtils.java:logGet(43)) - raft.server.log.write.buffer.size = 33554432 (custom)
2019-09-12 11:53:24,819 [pool-49-thread-1] INFO  server.RaftServerConfigKeys (ConfUtils.java:logGet(43)) - raft.server.log.force.sync.num = 128 (default)
2019-09-12 11:53:24,819 [pool-49-thread-1] INFO  server.RaftServerConfigKeys (ConfUtils.java:logGet(43)) - raft.server.log.statemachine.data.sync = true (default)
2019-09-12 11:53:24,819 [pool-49-thread-1] INFO  server.RaftServerConfigKeys (ConfUtils.java:logGet(43)) - raft.server.log.statemachine.data.sync.timeout = 10s (default)
2019-09-12 11:53:24,819 [pool-49-thread-1] INFO  server.RaftServerConfigKeys (ConfUtils.java:logGet(43)) - raft.server.log.statemachine.data.sync.timeout.retry = -1 (default)
2019-09-12 11:53:24,820 [pool-49-thread-1] INFO  server.RaftServerConfigKeys (ConfUtils.java:logGet(43)) - raft.server.log.statemachine.data.caching.enabled = true (custom)
2019-09-12 11:53:24,820 [pool-49-thread-1] INFO  segmented.SegmentedRaftLogWorker (SegmentedRaftLogWorker.java:lambda$new$0(132)) - 483993a0-3055-479d-b58b-b02682c97e4b-SegmentedRaftLogWorker:Storage Directory /workdir/hadoop-ozone/tools/target/test-dir/MiniOzoneClusterImpl-2c48e7f1-ac08-442f-970e-1944cf2eec25/datanode-2/data/ratis/0bd242fb-c7b9-4895-b25b-0dfb4c93b19a: flushIndex: setUnconditionally 0 -> -1
2019-09-12 11:53:24,820 [pool-49-thread-1] INFO  server.RaftServerConfigKeys (ConfUtils.java:logGet(43)) - raft.server.snapshot.auto.trigger.enabled = true (custom)
2019-09-12 11:53:24,820 [pool-49-thread-1] INFO  server.RaftServerConfigKeys (ConfUtils.java:logGet(43)) - raft.server.snapshot.auto.trigger.threshold = 10000 (custom)
2019-09-12 11:53:24,820 [pool-49-thread-1] INFO  server.RaftServerConfigKeys (ConfUtils.java:logGet(43)) - raft.server.retrycache.expirytime = 600000ms (custom)
2019-09-12 11:53:24,820 [pool-49-thread-1] INFO  impl.RaftServerImpl (RaftServerImpl.java:start(180)) - 483993a0-3055-479d-b58b-b02682c97e4b: start group-0DFB4C93B19A
2019-09-12 11:53:24,821 [pool-49-thread-1] INFO  impl.RaftServerImpl (RaftServerImpl.java:setRole(171)) - 483993a0-3055-479d-b58b-b02682c97e4b:group-0DFB4C93B19A changes role from null to FOLLOWER at term 0 for startAsFollower
2019-09-12 11:53:24,821 [pool-49-thread-1] INFO  impl.RoleInfo (RoleInfo.java:updateAndGet(143)) - 483993a0-3055-479d-b58b-b02682c97e4b: start FollowerState
2019-09-12 11:53:24,821 [pool-49-thread-1] INFO  util.JmxRegister (JmxRegister.java:tryRegister(44)) - Successfully registered JMX Bean with object name Ratis:service=RaftServer,group=group-0DFB4C93B19A,id=483993a0-3055-479d-b58b-b02682c97e4b
2019-09-12 11:53:24,827 [RatisPipelineUtilsThread] INFO  pipeline.PipelineStateManager (PipelineStateManager.java:addPipeline(56)) - Created pipeline Pipeline[ Id: 0bd242fb-c7b9-4895-b25b-0dfb4c93b19a, Nodes: 483993a0-3055-479d-b58b-b02682c97e4b{ip: 192.168.157.195, host: pr-hdds-1569-xtfnx-3545843844, networkLocation: /default-rack, certSerialId: null}, Type:RATIS, Factor:ONE, State:OPEN]
2019-09-12 11:53:24,829 [RatisPipelineUtilsThread] ERROR pipeline.PipelinePlacementPolicy (PipelinePlacementPolicy.java:meetCriteria(91)) - Pipeline Placement: Doesn't meet the criteria to be viable node. Heaviness: 6
2019-09-12 11:53:24,830 | INFO  | SCMAudit | user=jenkins1000 | ip=192.168.157.195 | op=SEND_HEARTBEAT {datanodeUUID=e686195f-5212-4098-b2ad-e713a3c4587f, command=[]} | ret=SUCCESS |  
2019-09-12 11:53:24,840 [grpc-default-executor-0] INFO  impl.RaftServerProxy (RaftServerProxy.java:addNew(89)) - 61a9fc65-5e41-4283-98a8-259f9227054d: addNew group-0ADF330E2070:[61a9fc65-5e41-4283-98a8-259f9227054d:192.168.157.195:36251] returns group-0ADF330E2070:java.util.concurrent.CompletableFuture@7b1fc1a3[Not completed]
2019-09-12 11:53:24,841 [pool-27-thread-1] INFO  impl.RaftServerImpl (RaftServerImpl.java:<init>(93)) - 61a9fc65-5e41-4283-98a8-259f9227054d: new RaftServerImpl for group-0ADF330E2070:[61a9fc65-5e41-4283-98a8-259f9227054d:192.168.157.195:36251] with ContainerStateMachine:uninitialized
2019-09-12 11:53:24,841 [pool-27-thread-1] INFO  server.RaftServerConfigKeys (ConfUtils.java:logGet(43)) - raft.server.rpc.timeout.min = 5s (custom)
2019-09-12 11:53:24,842 [pool-27-thread-1] INFO  server.RaftServerConfigKeys (ConfUtils.java:logGet(43)) - raft.server.rpc.timeout.max = 5200ms (custom)
2019-09-12 11:53:24,842 [pool-27-thread-1] INFO  server.RaftServerConfigKeys (ConfUtils.java:logGet(43)) - raft.server.rpcslowness.timeout = 120s (custom)
2019-09-12 11:53:24,842 [pool-27-thread-1] INFO  server.RaftServerConfigKeys (ConfUtils.java:logGet(43)) - raft.server.sleep.deviation.threshold = 300 (default)
2019-09-12 11:53:24,842 [pool-27-thread-1] INFO  server.RaftServerConfigKeys (ConfUtils.java:logGet(43)) - raft.server.log.appender.install.snapshot.enabled = false (custom)
2019-09-12 11:53:24,842 [pool-27-thread-1] INFO  impl.RaftServerImpl (ServerState.java:<init>(105)) - 61a9fc65-5e41-4283-98a8-259f9227054d:group-0ADF330E2070 ConfigurationManager, init=-1: [61a9fc65-5e41-4283-98a8-259f9227054d:192.168.157.195:36251], old=null, confs=<EMPTY_MAP>
2019-09-12 11:53:24,842 [pool-27-thread-1] INFO  server.RaftServerConfigKeys (ConfUtils.java:logGet(43)) - raft.server.storage.dir = [/workdir/hadoop-ozone/tools/target/test-dir/MiniOzoneClusterImpl-2c48e7f1-ac08-442f-970e-1944cf2eec25/datanode-0/data/ratis] (custom)
2019-09-12 11:53:24,843 [pool-27-thread-1] INFO  storage.RaftStorageDirectory (RaftStorageDirectory.java:analyzeStorage(246)) - The storage directory /workdir/hadoop-ozone/tools/target/test-dir/MiniOzoneClusterImpl-2c48e7f1-ac08-442f-970e-1944cf2eec25/datanode-0/data/ratis/ff459dd8-88e6-4c13-a406-0adf330e2070 does not exist. Creating ...
2019-09-12 11:53:24,855 [pool-27-thread-1] INFO  storage.RaftStorageDirectory (RaftStorageDirectory.java:tryLock(328)) - Lock on /workdir/hadoop-ozone/tools/target/test-dir/MiniOzoneClusterImpl-2c48e7f1-ac08-442f-970e-1944cf2eec25/datanode-0/data/ratis/ff459dd8-88e6-4c13-a406-0adf330e2070/in_use.lock acquired by nodename 17412@pr-hdds-1569-xtfnx-3545843844
2019-09-12 11:53:24,868 [pool-27-thread-1] INFO  storage.RaftStorage (RaftStorage.java:format(72)) - Storage directory /workdir/hadoop-ozone/tools/target/test-dir/MiniOzoneClusterImpl-2c48e7f1-ac08-442f-970e-1944cf2eec25/datanode-0/data/ratis/ff459dd8-88e6-4c13-a406-0adf330e2070 has been successfully formatted.
2019-09-12 11:53:24,868 [pool-27-thread-1] INFO  ratis.ContainerStateMachine (ContainerStateMachine.java:loadSnapshot(226)) - group-0ADF330E2070: The snapshot info is null. Setting the last applied indexto:(t:0, i:~)
2019-09-12 11:53:24,868 [pool-27-thread-1] INFO  server.RaftServerConfigKeys (ConfUtils.java:logGet(43)) - raft.server.leader.election.timeout = 120s (custom)
2019-09-12 11:53:24,868 [pool-27-thread-1] INFO  server.RaftServerConfigKeys (ConfUtils.java:logGet(43)) - raft.server.log.use.memory = false (default)
2019-09-12 11:53:24,869 [pool-27-thread-1] INFO  server.RaftServerConfigKeys (ConfUtils.java:logGet(43)) - raft.server.log.purge.gap = 1000000 (custom)
2019-09-12 11:53:24,869 [pool-27-thread-1] INFO  server.RaftServerConfigKeys (ConfUtils.java:logGet(43)) - raft.server.log.appender.buffer.byte-limit = 33554432 (custom)
2019-09-12 11:53:24,869 [pool-27-thread-1] INFO  server.RaftServerConfigKeys (ConfUtils.java:logGet(43)) - raft.server.log.segment.size.max = 1048576 (custom)
2019-09-12 11:53:24,869 [pool-27-thread-1] INFO  server.RaftServerConfigKeys (ConfUtils.java:logGet(43)) - raft.server.log.segment.cache.num.max = 2 (custom)
2019-09-12 11:53:24,869 [pool-27-thread-1] INFO  segmented.SegmentedRaftLogWorker (SegmentedRaftLogWorker.java:<init>(172)) - new 61a9fc65-5e41-4283-98a8-259f9227054d-SegmentedRaftLogWorker:Storage Directory /workdir/hadoop-ozone/tools/target/test-dir/MiniOzoneClusterImpl-2c48e7f1-ac08-442f-970e-1944cf2eec25/datanode-0/data/ratis/ff459dd8-88e6-4c13-a406-0adf330e2070 for RaftStorage:Storage Directory /workdir/hadoop-ozone/tools/target/test-dir/MiniOzoneClusterImpl-2c48e7f1-ac08-442f-970e-1944cf2eec25/datanode-0/data/ratis/ff459dd8-88e6-4c13-a406-0adf330e2070
2019-09-12 11:53:24,869 [pool-27-thread-1] INFO  server.RaftServerConfigKeys (ConfUtils.java:logGet(43)) - raft.server.log.queue.byte-limit = 2147483647 (custom)
2019-09-12 11:53:24,870 [pool-27-thread-1] INFO  server.RaftServerConfigKeys (ConfUtils.java:logGet(43)) - raft.server.log.queue.element-limit = 1024 (custom)
2019-09-12 11:53:24,870 [pool-27-thread-1] INFO  server.RaftServerConfigKeys (ConfUtils.java:logGet(43)) - raft.server.log.segment.size.max = 1048576 (custom)
2019-09-12 11:53:24,870 [pool-27-thread-1] INFO  server.RaftServerConfigKeys (ConfUtils.java:logGet(43)) - raft.server.log.preallocated.size = 16384 (custom)
2019-09-12 11:53:24,870 [pool-27-thread-1] INFO  server.RaftServerConfigKeys (ConfUtils.java:logGet(43)) - raft.server.log.write.buffer.size = 33554432 (custom)
2019-09-12 11:53:24,870 [pool-27-thread-1] INFO  server.RaftServerConfigKeys (ConfUtils.java:logGet(43)) - raft.server.log.force.sync.num = 128 (default)
2019-09-12 11:53:24,871 [pool-27-thread-1] INFO  server.RaftServerConfigKeys (ConfUtils.java:logGet(43)) - raft.server.log.statemachine.data.sync = true (default)
2019-09-12 11:53:24,871 [pool-27-thread-1] INFO  server.RaftServerConfigKeys (ConfUtils.java:logGet(43)) - raft.server.log.statemachine.data.sync.timeout = 10s (default)
2019-09-12 11:53:24,871 [pool-27-thread-1] INFO  server.RaftServerConfigKeys (ConfUtils.java:logGet(43)) - raft.server.log.statemachine.data.sync.timeout.retry = -1 (default)
2019-09-12 11:53:24,871 [pool-27-thread-1] INFO  server.RaftServerConfigKeys (ConfUtils.java:logGet(43)) - raft.server.log.statemachine.data.caching.enabled = true (custom)
2019-09-12 11:53:24,872 [pool-27-thread-1] INFO  segmented.SegmentedRaftLogWorker (SegmentedRaftLogWorker.java:lambda$new$0(132)) - 61a9fc65-5e41-4283-98a8-259f9227054d-SegmentedRaftLogWorker:Storage Directory /workdir/hadoop-ozone/tools/target/test-dir/MiniOzoneClusterImpl-2c48e7f1-ac08-442f-970e-1944cf2eec25/datanode-0/data/ratis/ff459dd8-88e6-4c13-a406-0adf330e2070: flushIndex: setUnconditionally 0 -> -1
2019-09-12 11:53:24,872 [pool-27-thread-1] INFO  server.RaftServerConfigKeys (ConfUtils.java:logGet(43)) - raft.server.snapshot.auto.trigger.enabled = true (custom)
2019-09-12 11:53:24,872 [pool-27-thread-1] INFO  server.RaftServerConfigKeys (ConfUtils.java:logGet(43)) - raft.server.snapshot.auto.trigger.threshold = 10000 (custom)
2019-09-12 11:53:24,872 [pool-27-thread-1] INFO  server.RaftServerConfigKeys (ConfUtils.java:logGet(43)) - raft.server.retrycache.expirytime = 600000ms (custom)
2019-09-12 11:53:24,873 [pool-27-thread-1] INFO  impl.RaftServerImpl (RaftServerImpl.java:start(180)) - 61a9fc65-5e41-4283-98a8-259f9227054d: start group-0ADF330E2070
2019-09-12 11:53:24,873 [pool-27-thread-1] INFO  impl.RaftServerImpl (RaftServerImpl.java:setRole(171)) - 61a9fc65-5e41-4283-98a8-259f9227054d:group-0ADF330E2070 changes role from null to FOLLOWER at term 0 for startAsFollower
2019-09-12 11:53:24,873 [pool-27-thread-1] INFO  impl.RoleInfo (RoleInfo.java:updateAndGet(143)) - 61a9fc65-5e41-4283-98a8-259f9227054d: start FollowerState
2019-09-12 11:53:24,873 [pool-27-thread-1] INFO  util.JmxRegister (JmxRegister.java:tryRegister(44)) - Successfully registered JMX Bean with object name Ratis:service=RaftServer,group=group-0ADF330E2070,id=61a9fc65-5e41-4283-98a8-259f9227054d
2019-09-12 11:53:24,878 [RatisPipelineUtilsThread] INFO  pipeline.PipelineStateManager (PipelineStateManager.java:addPipeline(56)) - Created pipeline Pipeline[ Id: ff459dd8-88e6-4c13-a406-0adf330e2070, Nodes: 61a9fc65-5e41-4283-98a8-259f9227054d{ip: 192.168.157.195, host: pr-hdds-1569-xtfnx-3545843844, networkLocation: /default-rack, certSerialId: null}, Type:RATIS, Factor:ONE, State:OPEN]
2019-09-12 11:53:24,880 [RatisPipelineUtilsThread] ERROR pipeline.PipelinePlacementPolicy (PipelinePlacementPolicy.java:meetCriteria(91)) - Pipeline Placement: Doesn't meet the criteria to be viable node. Heaviness: 6
2019-09-12 11:53:24,890 [grpc-default-executor-0] INFO  impl.RaftServerProxy (RaftServerProxy.java:addNew(89)) - 483993a0-3055-479d-b58b-b02682c97e4b: addNew group-A16C839BF34D:[483993a0-3055-479d-b58b-b02682c97e4b:192.168.157.195:38762] returns group-A16C839BF34D:java.util.concurrent.CompletableFuture@f02765b[Not completed]
2019-09-12 11:53:24,891 [pool-49-thread-1] INFO  impl.RaftServerImpl (RaftServerImpl.java:<init>(93)) - 483993a0-3055-479d-b58b-b02682c97e4b: new RaftServerImpl for group-A16C839BF34D:[483993a0-3055-479d-b58b-b02682c97e4b:192.168.157.195:38762] with ContainerStateMachine:uninitialized
2019-09-12 11:53:24,892 [pool-49-thread-1] INFO  server.RaftServerConfigKeys (ConfUtils.java:logGet(43)) - raft.server.rpc.timeout.min = 5s (custom)
2019-09-12 11:53:24,892 [pool-49-thread-1] INFO  server.RaftServerConfigKeys (ConfUtils.java:logGet(43)) - raft.server.rpc.timeout.max = 5200ms (custom)
2019-09-12 11:53:24,892 [pool-49-thread-1] INFO  server.RaftServerConfigKeys (ConfUtils.java:logGet(43)) - raft.server.rpcslowness.timeout = 120s (custom)
2019-09-12 11:53:24,892 [pool-49-thread-1] INFO  server.RaftServerConfigKeys (ConfUtils.java:logGet(43)) - raft.server.sleep.deviation.threshold = 300 (default)
2019-09-12 11:53:24,892 [pool-49-thread-1] INFO  server.RaftServerConfigKeys (ConfUtils.java:logGet(43)) - raft.server.log.appender.install.snapshot.enabled = false (custom)
2019-09-12 11:53:24,892 [pool-49-thread-1] INFO  impl.RaftServerImpl (ServerState.java:<init>(105)) - 483993a0-3055-479d-b58b-b02682c97e4b:group-A16C839BF34D ConfigurationManager, init=-1: [483993a0-3055-479d-b58b-b02682c97e4b:192.168.157.195:38762], old=null, confs=<EMPTY_MAP>
2019-09-12 11:53:24,892 [pool-49-thread-1] INFO  server.RaftServerConfigKeys (ConfUtils.java:logGet(43)) - raft.server.storage.dir = [/workdir/hadoop-ozone/tools/target/test-dir/MiniOzoneClusterImpl-2c48e7f1-ac08-442f-970e-1944cf2eec25/datanode-2/data/ratis] (custom)
2019-09-12 11:53:24,892 [pool-49-thread-1] INFO  storage.RaftStorageDirectory (RaftStorageDirectory.java:analyzeStorage(246)) - The storage directory /workdir/hadoop-ozone/tools/target/test-dir/MiniOzoneClusterImpl-2c48e7f1-ac08-442f-970e-1944cf2eec25/datanode-2/data/ratis/b2da6dc3-8c3e-4f7c-9078-a16c839bf34d does not exist. Creating ...
2019-09-12 11:53:24,906 [pool-49-thread-1] INFO  storage.RaftStorageDirectory (RaftStorageDirectory.java:tryLock(328)) - Lock on /workdir/hadoop-ozone/tools/target/test-dir/MiniOzoneClusterImpl-2c48e7f1-ac08-442f-970e-1944cf2eec25/datanode-2/data/ratis/b2da6dc3-8c3e-4f7c-9078-a16c839bf34d/in_use.lock acquired by nodename 17412@pr-hdds-1569-xtfnx-3545843844
2019-09-12 11:53:24,923 [pool-49-thread-1] INFO  storage.RaftStorage (RaftStorage.java:format(72)) - Storage directory /workdir/hadoop-ozone/tools/target/test-dir/MiniOzoneClusterImpl-2c48e7f1-ac08-442f-970e-1944cf2eec25/datanode-2/data/ratis/b2da6dc3-8c3e-4f7c-9078-a16c839bf34d has been successfully formatted.
2019-09-12 11:53:24,923 [pool-49-thread-1] INFO  ratis.ContainerStateMachine (ContainerStateMachine.java:loadSnapshot(226)) - group-A16C839BF34D: The snapshot info is null. Setting the last applied indexto:(t:0, i:~)
2019-09-12 11:53:24,923 [pool-49-thread-1] INFO  server.RaftServerConfigKeys (ConfUtils.java:logGet(43)) - raft.server.leader.election.timeout = 120s (custom)
2019-09-12 11:53:24,924 [pool-49-thread-1] INFO  server.RaftServerConfigKeys (ConfUtils.java:logGet(43)) - raft.server.log.use.memory = false (default)
2019-09-12 11:53:24,924 [pool-49-thread-1] INFO  server.RaftServerConfigKeys (ConfUtils.java:logGet(43)) - raft.server.log.purge.gap = 1000000 (custom)
2019-09-12 11:53:24,924 [pool-49-thread-1] INFO  server.RaftServerConfigKeys (ConfUtils.java:logGet(43)) - raft.server.log.appender.buffer.byte-limit = 33554432 (custom)
2019-09-12 11:53:24,924 [pool-49-thread-1] INFO  server.RaftServerConfigKeys (ConfUtils.java:logGet(43)) - raft.server.log.segment.size.max = 1048576 (custom)
2019-09-12 11:53:24,924 [pool-49-thread-1] INFO  server.RaftServerConfigKeys (ConfUtils.java:logGet(43)) - raft.server.log.segment.cache.num.max = 2 (custom)
2019-09-12 11:53:24,925 [pool-49-thread-1] INFO  segmented.SegmentedRaftLogWorker (SegmentedRaftLogWorker.java:<init>(172)) - new 483993a0-3055-479d-b58b-b02682c97e4b-SegmentedRaftLogWorker:Storage Directory /workdir/hadoop-ozone/tools/target/test-dir/MiniOzoneClusterImpl-2c48e7f1-ac08-442f-970e-1944cf2eec25/datanode-2/data/ratis/b2da6dc3-8c3e-4f7c-9078-a16c839bf34d for RaftStorage:Storage Directory /workdir/hadoop-ozone/tools/target/test-dir/MiniOzoneClusterImpl-2c48e7f1-ac08-442f-970e-1944cf2eec25/datanode-2/data/ratis/b2da6dc3-8c3e-4f7c-9078-a16c839bf34d
2019-09-12 11:53:24,925 [pool-49-thread-1] INFO  server.RaftServerConfigKeys (ConfUtils.java:logGet(43)) - raft.server.log.queue.byte-limit = 2147483647 (custom)
2019-09-12 11:53:24,925 [pool-49-thread-1] INFO  server.RaftServerConfigKeys (ConfUtils.java:logGet(43)) - raft.server.log.queue.element-limit = 1024 (custom)
2019-09-12 11:53:24,925 [pool-49-thread-1] INFO  server.RaftServerConfigKeys (ConfUtils.java:logGet(43)) - raft.server.log.segment.size.max = 1048576 (custom)
2019-09-12 11:53:24,925 [pool-49-thread-1] INFO  server.RaftServerConfigKeys (ConfUtils.java:logGet(43)) - raft.server.log.preallocated.size = 16384 (custom)
2019-09-12 11:53:24,925 [pool-49-thread-1] INFO  server.RaftServerConfigKeys (ConfUtils.java:logGet(43)) - raft.server.log.write.buffer.size = 33554432 (custom)
2019-09-12 11:53:24,926 [pool-49-thread-1] INFO  server.RaftServerConfigKeys (ConfUtils.java:logGet(43)) - raft.server.log.force.sync.num = 128 (default)
2019-09-12 11:53:24,926 [pool-49-thread-1] INFO  server.RaftServerConfigKeys (ConfUtils.java:logGet(43)) - raft.server.log.statemachine.data.sync = true (default)
2019-09-12 11:53:24,926 [pool-49-thread-1] INFO  server.RaftServerConfigKeys (ConfUtils.java:logGet(43)) - raft.server.log.statemachine.data.sync.timeout = 10s (default)
2019-09-12 11:53:24,926 [pool-49-thread-1] INFO  server.RaftServerConfigKeys (ConfUtils.java:logGet(43)) - raft.server.log.statemachine.data.sync.timeout.retry = -1 (default)
2019-09-12 11:53:24,926 [pool-49-thread-1] INFO  server.RaftServerConfigKeys (ConfUtils.java:logGet(43)) - raft.server.log.statemachine.data.caching.enabled = true (custom)
2019-09-12 11:53:24,927 [pool-49-thread-1] INFO  segmented.SegmentedRaftLogWorker (SegmentedRaftLogWorker.java:lambda$new$0(132)) - 483993a0-3055-479d-b58b-b02682c97e4b-SegmentedRaftLogWorker:Storage Directory /workdir/hadoop-ozone/tools/target/test-dir/MiniOzoneClusterImpl-2c48e7f1-ac08-442f-970e-1944cf2eec25/datanode-2/data/ratis/b2da6dc3-8c3e-4f7c-9078-a16c839bf34d: flushIndex: setUnconditionally 0 -> -1
2019-09-12 11:53:24,927 [pool-49-thread-1] INFO  server.RaftServerConfigKeys (ConfUtils.java:logGet(43)) - raft.server.snapshot.auto.trigger.enabled = true (custom)
2019-09-12 11:53:24,927 [pool-49-thread-1] INFO  server.RaftServerConfigKeys (ConfUtils.java:logGet(43)) - raft.server.snapshot.auto.trigger.threshold = 10000 (custom)
2019-09-12 11:53:24,927 [pool-49-thread-1] INFO  server.RaftServerConfigKeys (ConfUtils.java:logGet(43)) - raft.server.retrycache.expirytime = 600000ms (custom)
2019-09-12 11:53:24,928 [pool-49-thread-1] INFO  impl.RaftServerImpl (RaftServerImpl.java:start(180)) - 483993a0-3055-479d-b58b-b02682c97e4b: start group-A16C839BF34D
2019-09-12 11:53:24,928 [pool-49-thread-1] INFO  impl.RaftServerImpl (RaftServerImpl.java:setRole(171)) - 483993a0-3055-479d-b58b-b02682c97e4b:group-A16C839BF34D changes role from null to FOLLOWER at term 0 for startAsFollower
2019-09-12 11:53:24,928 [pool-49-thread-1] INFO  impl.RoleInfo (RoleInfo.java:updateAndGet(143)) - 483993a0-3055-479d-b58b-b02682c97e4b: start FollowerState
2019-09-12 11:53:24,929 [pool-49-thread-1] INFO  util.JmxRegister (JmxRegister.java:tryRegister(44)) - Successfully registered JMX Bean with object name Ratis:service=RaftServer,group=group-A16C839BF34D,id=483993a0-3055-479d-b58b-b02682c97e4b
2019-09-12 11:53:24,934 [RatisPipelineUtilsThread] INFO  pipeline.PipelineStateManager (PipelineStateManager.java:addPipeline(56)) - Created pipeline Pipeline[ Id: b2da6dc3-8c3e-4f7c-9078-a16c839bf34d, Nodes: 483993a0-3055-479d-b58b-b02682c97e4b{ip: 192.168.157.195, host: pr-hdds-1569-xtfnx-3545843844, networkLocation: /default-rack, certSerialId: null}, Type:RATIS, Factor:ONE, State:OPEN]
2019-09-12 11:53:24,935 [RatisPipelineUtilsThread] ERROR pipeline.PipelinePlacementPolicy (PipelinePlacementPolicy.java:meetCriteria(91)) - Pipeline Placement: Doesn't meet the criteria to be viable node. Heaviness: 6
2019-09-12 11:53:24,936 [RatisPipelineUtilsThread] ERROR pipeline.PipelinePlacementPolicy (PipelinePlacementPolicy.java:meetCriteria(91)) - Pipeline Placement: Doesn't meet the criteria to be viable node. Heaviness: 6
2019-09-12 11:53:24,958 [grpc-default-executor-0] INFO  impl.RaftServerProxy (RaftServerProxy.java:addNew(89)) - 61a9fc65-5e41-4283-98a8-259f9227054d: addNew group-7C9CDD0A8C0E:[61a9fc65-5e41-4283-98a8-259f9227054d:192.168.157.195:36251] returns group-7C9CDD0A8C0E:java.util.concurrent.CompletableFuture@194fa0ab[Not completed]
2019-09-12 11:53:24,960 [pool-27-thread-1] INFO  impl.RaftServerImpl (RaftServerImpl.java:<init>(93)) - 61a9fc65-5e41-4283-98a8-259f9227054d: new RaftServerImpl for group-7C9CDD0A8C0E:[61a9fc65-5e41-4283-98a8-259f9227054d:192.168.157.195:36251] with ContainerStateMachine:uninitialized
2019-09-12 11:53:24,960 [pool-27-thread-1] INFO  server.RaftServerConfigKeys (ConfUtils.java:logGet(43)) - raft.server.rpc.timeout.min = 5s (custom)
2019-09-12 11:53:24,960 [pool-27-thread-1] INFO  server.RaftServerConfigKeys (ConfUtils.java:logGet(43)) - raft.server.rpc.timeout.max = 5200ms (custom)
2019-09-12 11:53:24,960 [pool-27-thread-1] INFO  server.RaftServerConfigKeys (ConfUtils.java:logGet(43)) - raft.server.rpcslowness.timeout = 120s (custom)
2019-09-12 11:53:24,961 [pool-27-thread-1] INFO  server.RaftServerConfigKeys (ConfUtils.java:logGet(43)) - raft.server.sleep.deviation.threshold = 300 (default)
2019-09-12 11:53:24,961 [pool-27-thread-1] INFO  server.RaftServerConfigKeys (ConfUtils.java:logGet(43)) - raft.server.log.appender.install.snapshot.enabled = false (custom)
2019-09-12 11:53:24,961 [pool-27-thread-1] INFO  impl.RaftServerImpl (ServerState.java:<init>(105)) - 61a9fc65-5e41-4283-98a8-259f9227054d:group-7C9CDD0A8C0E ConfigurationManager, init=-1: [61a9fc65-5e41-4283-98a8-259f9227054d:192.168.157.195:36251], old=null, confs=<EMPTY_MAP>
2019-09-12 11:53:24,961 [pool-27-thread-1] INFO  server.RaftServerConfigKeys (ConfUtils.java:logGet(43)) - raft.server.storage.dir = [/workdir/hadoop-ozone/tools/target/test-dir/MiniOzoneClusterImpl-2c48e7f1-ac08-442f-970e-1944cf2eec25/datanode-0/data/ratis] (custom)
2019-09-12 11:53:24,962 [pool-27-thread-1] INFO  storage.RaftStorageDirectory (RaftStorageDirectory.java:analyzeStorage(246)) - The storage directory /workdir/hadoop-ozone/tools/target/test-dir/MiniOzoneClusterImpl-2c48e7f1-ac08-442f-970e-1944cf2eec25/datanode-0/data/ratis/0b3efd2f-178a-4b2d-91c0-7c9cdd0a8c0e does not exist. Creating ...
2019-09-12 11:53:24,975 [pool-27-thread-1] INFO  storage.RaftStorageDirectory (RaftStorageDirectory.java:tryLock(328)) - Lock on /workdir/hadoop-ozone/tools/target/test-dir/MiniOzoneClusterImpl-2c48e7f1-ac08-442f-970e-1944cf2eec25/datanode-0/data/ratis/0b3efd2f-178a-4b2d-91c0-7c9cdd0a8c0e/in_use.lock acquired by nodename 17412@pr-hdds-1569-xtfnx-3545843844
2019-09-12 11:53:24,993 [pool-27-thread-1] INFO  storage.RaftStorage (RaftStorage.java:format(72)) - Storage directory /workdir/hadoop-ozone/tools/target/test-dir/MiniOzoneClusterImpl-2c48e7f1-ac08-442f-970e-1944cf2eec25/datanode-0/data/ratis/0b3efd2f-178a-4b2d-91c0-7c9cdd0a8c0e has been successfully formatted.
2019-09-12 11:53:24,994 [pool-27-thread-1] INFO  ratis.ContainerStateMachine (ContainerStateMachine.java:loadSnapshot(226)) - group-7C9CDD0A8C0E: The snapshot info is null. Setting the last applied indexto:(t:0, i:~)
2019-09-12 11:53:24,994 [pool-27-thread-1] INFO  server.RaftServerConfigKeys (ConfUtils.java:logGet(43)) - raft.server.leader.election.timeout = 120s (custom)
2019-09-12 11:53:24,994 [pool-27-thread-1] INFO  server.RaftServerConfigKeys (ConfUtils.java:logGet(43)) - raft.server.log.use.memory = false (default)
2019-09-12 11:53:24,994 [pool-27-thread-1] INFO  server.RaftServerConfigKeys (ConfUtils.java:logGet(43)) - raft.server.log.purge.gap = 1000000 (custom)
2019-09-12 11:53:24,994 [pool-27-thread-1] INFO  server.RaftServerConfigKeys (ConfUtils.java:logGet(43)) - raft.server.log.appender.buffer.byte-limit = 33554432 (custom)
2019-09-12 11:53:24,995 [pool-27-thread-1] INFO  server.RaftServerConfigKeys (ConfUtils.java:logGet(43)) - raft.server.log.segment.size.max = 1048576 (custom)
2019-09-12 11:53:24,995 [pool-27-thread-1] INFO  server.RaftServerConfigKeys (ConfUtils.java:logGet(43)) - raft.server.log.segment.cache.num.max = 2 (custom)
2019-09-12 11:53:24,995 [pool-27-thread-1] INFO  segmented.SegmentedRaftLogWorker (SegmentedRaftLogWorker.java:<init>(172)) - new 61a9fc65-5e41-4283-98a8-259f9227054d-SegmentedRaftLogWorker:Storage Directory /workdir/hadoop-ozone/tools/target/test-dir/MiniOzoneClusterImpl-2c48e7f1-ac08-442f-970e-1944cf2eec25/datanode-0/data/ratis/0b3efd2f-178a-4b2d-91c0-7c9cdd0a8c0e for RaftStorage:Storage Directory /workdir/hadoop-ozone/tools/target/test-dir/MiniOzoneClusterImpl-2c48e7f1-ac08-442f-970e-1944cf2eec25/datanode-0/data/ratis/0b3efd2f-178a-4b2d-91c0-7c9cdd0a8c0e
2019-09-12 11:53:24,995 [pool-27-thread-1] INFO  server.RaftServerConfigKeys (ConfUtils.java:logGet(43)) - raft.server.log.queue.byte-limit = 2147483647 (custom)
2019-09-12 11:53:24,995 [pool-27-thread-1] INFO  server.RaftServerConfigKeys (ConfUtils.java:logGet(43)) - raft.server.log.queue.element-limit = 1024 (custom)
2019-09-12 11:53:24,996 [pool-27-thread-1] INFO  server.RaftServerConfigKeys (ConfUtils.java:logGet(43)) - raft.server.log.segment.size.max = 1048576 (custom)
2019-09-12 11:53:24,996 [pool-27-thread-1] INFO  server.RaftServerConfigKeys (ConfUtils.java:logGet(43)) - raft.server.log.preallocated.size = 16384 (custom)
2019-09-12 11:53:24,996 [pool-27-thread-1] INFO  server.RaftServerConfigKeys (ConfUtils.java:logGet(43)) - raft.server.log.write.buffer.size = 33554432 (custom)
2019-09-12 11:53:24,996 [pool-27-thread-1] INFO  server.RaftServerConfigKeys (ConfUtils.java:logGet(43)) - raft.server.log.force.sync.num = 128 (default)
2019-09-12 11:53:24,996 [pool-27-thread-1] INFO  server.RaftServerConfigKeys (ConfUtils.java:logGet(43)) - raft.server.log.statemachine.data.sync = true (default)
2019-09-12 11:53:24,997 [pool-27-thread-1] INFO  server.RaftServerConfigKeys (ConfUtils.java:logGet(43)) - raft.server.log.statemachine.data.sync.timeout = 10s (default)
2019-09-12 11:53:24,997 [pool-27-thread-1] INFO  server.RaftServerConfigKeys (ConfUtils.java:logGet(43)) - raft.server.log.statemachine.data.sync.timeout.retry = -1 (default)
2019-09-12 11:53:24,997 [pool-27-thread-1] INFO  server.RaftServerConfigKeys (ConfUtils.java:logGet(43)) - raft.server.log.statemachine.data.caching.enabled = true (custom)
2019-09-12 11:53:24,997 [pool-27-thread-1] INFO  segmented.SegmentedRaftLogWorker (SegmentedRaftLogWorker.java:lambda$new$0(132)) - 61a9fc65-5e41-4283-98a8-259f9227054d-SegmentedRaftLogWorker:Storage Directory /workdir/hadoop-ozone/tools/target/test-dir/MiniOzoneClusterImpl-2c48e7f1-ac08-442f-970e-1944cf2eec25/datanode-0/data/ratis/0b3efd2f-178a-4b2d-91c0-7c9cdd0a8c0e: flushIndex: setUnconditionally 0 -> -1
2019-09-12 11:53:24,998 [pool-27-thread-1] INFO  server.RaftServerConfigKeys (ConfUtils.java:logGet(43)) - raft.server.snapshot.auto.trigger.enabled = true (custom)
2019-09-12 11:53:24,998 [pool-27-thread-1] INFO  server.RaftServerConfigKeys (ConfUtils.java:logGet(43)) - raft.server.snapshot.auto.trigger.threshold = 10000 (custom)
2019-09-12 11:53:24,998 [pool-27-thread-1] INFO  server.RaftServerConfigKeys (ConfUtils.java:logGet(43)) - raft.server.retrycache.expirytime = 600000ms (custom)
2019-09-12 11:53:24,999 [pool-27-thread-1] INFO  impl.RaftServerImpl (RaftServerImpl.java:start(180)) - 61a9fc65-5e41-4283-98a8-259f9227054d: start group-7C9CDD0A8C0E
2019-09-12 11:53:24,999 [pool-27-thread-1] INFO  impl.RaftServerImpl (RaftServerImpl.java:setRole(171)) - 61a9fc65-5e41-4283-98a8-259f9227054d:group-7C9CDD0A8C0E changes role from null to FOLLOWER at term 0 for startAsFollower
2019-09-12 11:53:24,999 [pool-27-thread-1] INFO  impl.RoleInfo (RoleInfo.java:updateAndGet(143)) - 61a9fc65-5e41-4283-98a8-259f9227054d: start FollowerState
2019-09-12 11:53:25,005 [pool-27-thread-1] INFO  util.JmxRegister (JmxRegister.java:tryRegister(44)) - Successfully registered JMX Bean with object name Ratis:service=RaftServer,group=group-7C9CDD0A8C0E,id=61a9fc65-5e41-4283-98a8-259f9227054d
2019-09-12 11:53:25,020 [RatisPipelineUtilsThread] INFO  pipeline.PipelineStateManager (PipelineStateManager.java:addPipeline(56)) - Created pipeline Pipeline[ Id: 0b3efd2f-178a-4b2d-91c0-7c9cdd0a8c0e, Nodes: 61a9fc65-5e41-4283-98a8-259f9227054d{ip: 192.168.157.195, host: pr-hdds-1569-xtfnx-3545843844, networkLocation: /default-rack, certSerialId: null}, Type:RATIS, Factor:ONE, State:OPEN]
2019-09-12 11:53:25,025 [RatisPipelineUtilsThread] ERROR pipeline.PipelinePlacementPolicy (PipelinePlacementPolicy.java:meetCriteria(91)) - Pipeline Placement: Doesn't meet the criteria to be viable node. Heaviness: 6
2019-09-12 11:53:25,025 [RatisPipelineUtilsThread] ERROR pipeline.PipelinePlacementPolicy (PipelinePlacementPolicy.java:meetCriteria(91)) - Pipeline Placement: Doesn't meet the criteria to be viable node. Heaviness: 6
2019-09-12 11:53:25,035 [grpc-default-executor-0] INFO  impl.RaftServerProxy (RaftServerProxy.java:addNew(89)) - 028783e7-22fc-47b5-934a-5e8bf88f7fe6: addNew group-9869ED4AB637:[028783e7-22fc-47b5-934a-5e8bf88f7fe6:192.168.157.195:38713] returns group-9869ED4AB637:java.util.concurrent.CompletableFuture@a63d419[Not completed]
2019-09-12 11:53:25,038 [pool-60-thread-1] INFO  impl.RaftServerImpl (RaftServerImpl.java:<init>(93)) - 028783e7-22fc-47b5-934a-5e8bf88f7fe6: new RaftServerImpl for group-9869ED4AB637:[028783e7-22fc-47b5-934a-5e8bf88f7fe6:192.168.157.195:38713] with ContainerStateMachine:uninitialized
2019-09-12 11:53:25,038 [pool-60-thread-1] INFO  server.RaftServerConfigKeys (ConfUtils.java:logGet(43)) - raft.server.rpc.timeout.min = 5s (custom)
2019-09-12 11:53:25,038 [pool-60-thread-1] INFO  server.RaftServerConfigKeys (ConfUtils.java:logGet(43)) - raft.server.rpc.timeout.max = 5200ms (custom)
2019-09-12 11:53:25,038 [pool-60-thread-1] INFO  server.RaftServerConfigKeys (ConfUtils.java:logGet(43)) - raft.server.rpcslowness.timeout = 120s (custom)
2019-09-12 11:53:25,038 [pool-60-thread-1] INFO  server.RaftServerConfigKeys (ConfUtils.java:logGet(43)) - raft.server.sleep.deviation.threshold = 300 (default)
2019-09-12 11:53:25,038 [pool-60-thread-1] INFO  server.RaftServerConfigKeys (ConfUtils.java:logGet(43)) - raft.server.log.appender.install.snapshot.enabled = false (custom)
2019-09-12 11:53:25,038 [pool-60-thread-1] INFO  impl.RaftServerImpl (ServerState.java:<init>(105)) - 028783e7-22fc-47b5-934a-5e8bf88f7fe6:group-9869ED4AB637 ConfigurationManager, init=-1: [028783e7-22fc-47b5-934a-5e8bf88f7fe6:192.168.157.195:38713], old=null, confs=<EMPTY_MAP>
2019-09-12 11:53:25,039 [pool-60-thread-1] INFO  server.RaftServerConfigKeys (ConfUtils.java:logGet(43)) - raft.server.storage.dir = [/workdir/hadoop-ozone/tools/target/test-dir/MiniOzoneClusterImpl-2c48e7f1-ac08-442f-970e-1944cf2eec25/datanode-3/data/ratis] (custom)
2019-09-12 11:53:25,039 [pool-60-thread-1] INFO  storage.RaftStorageDirectory (RaftStorageDirectory.java:analyzeStorage(246)) - The storage directory /workdir/hadoop-ozone/tools/target/test-dir/MiniOzoneClusterImpl-2c48e7f1-ac08-442f-970e-1944cf2eec25/datanode-3/data/ratis/4613602c-fd6b-4ed0-ae95-9869ed4ab637 does not exist. Creating ...
2019-09-12 11:53:25,052 [pool-60-thread-1] INFO  storage.RaftStorageDirectory (RaftStorageDirectory.java:tryLock(328)) - Lock on /workdir/hadoop-ozone/tools/target/test-dir/MiniOzoneClusterImpl-2c48e7f1-ac08-442f-970e-1944cf2eec25/datanode-3/data/ratis/4613602c-fd6b-4ed0-ae95-9869ed4ab637/in_use.lock acquired by nodename 17412@pr-hdds-1569-xtfnx-3545843844
2019-09-12 11:53:25,062 | INFO  | SCMAudit | user=jenkins1000 | ip=192.168.157.195 | op=SEND_HEARTBEAT {datanodeUUID=483993a0-3055-479d-b58b-b02682c97e4b, command=[]} | ret=SUCCESS |  
2019-09-12 11:53:25,066 [pool-60-thread-1] INFO  storage.RaftStorage (RaftStorage.java:format(72)) - Storage directory /workdir/hadoop-ozone/tools/target/test-dir/MiniOzoneClusterImpl-2c48e7f1-ac08-442f-970e-1944cf2eec25/datanode-3/data/ratis/4613602c-fd6b-4ed0-ae95-9869ed4ab637 has been successfully formatted.
2019-09-12 11:53:25,067 [pool-60-thread-1] INFO  ratis.ContainerStateMachine (ContainerStateMachine.java:loadSnapshot(226)) - group-9869ED4AB637: The snapshot info is null. Setting the last applied indexto:(t:0, i:~)
2019-09-12 11:53:25,067 [pool-60-thread-1] INFO  server.RaftServerConfigKeys (ConfUtils.java:logGet(43)) - raft.server.leader.election.timeout = 120s (custom)
2019-09-12 11:53:25,067 [pool-60-thread-1] INFO  server.RaftServerConfigKeys (ConfUtils.java:logGet(43)) - raft.server.log.use.memory = false (default)
2019-09-12 11:53:25,067 [pool-60-thread-1] INFO  server.RaftServerConfigKeys (ConfUtils.java:logGet(43)) - raft.server.log.purge.gap = 1000000 (custom)
2019-09-12 11:53:25,067 [pool-60-thread-1] INFO  server.RaftServerConfigKeys (ConfUtils.java:logGet(43)) - raft.server.log.appender.buffer.byte-limit = 33554432 (custom)
2019-09-12 11:53:25,067 [pool-60-thread-1] INFO  server.RaftServerConfigKeys (ConfUtils.java:logGet(43)) - raft.server.log.segment.size.max = 1048576 (custom)
2019-09-12 11:53:25,068 [pool-60-thread-1] INFO  server.RaftServerConfigKeys (ConfUtils.java:logGet(43)) - raft.server.log.segment.cache.num.max = 2 (custom)
2019-09-12 11:53:25,068 [pool-60-thread-1] INFO  segmented.SegmentedRaftLogWorker (SegmentedRaftLogWorker.java:<init>(172)) - new 028783e7-22fc-47b5-934a-5e8bf88f7fe6-SegmentedRaftLogWorker:Storage Directory /workdir/hadoop-ozone/tools/target/test-dir/MiniOzoneClusterImpl-2c48e7f1-ac08-442f-970e-1944cf2eec25/datanode-3/data/ratis/4613602c-fd6b-4ed0-ae95-9869ed4ab637 for RaftStorage:Storage Directory /workdir/hadoop-ozone/tools/target/test-dir/MiniOzoneClusterImpl-2c48e7f1-ac08-442f-970e-1944cf2eec25/datanode-3/data/ratis/4613602c-fd6b-4ed0-ae95-9869ed4ab637
2019-09-12 11:53:25,068 [pool-60-thread-1] INFO  server.RaftServerConfigKeys (ConfUtils.java:logGet(43)) - raft.server.log.queue.byte-limit = 2147483647 (custom)
2019-09-12 11:53:25,068 [pool-60-thread-1] INFO  server.RaftServerConfigKeys (ConfUtils.java:logGet(43)) - raft.server.log.queue.element-limit = 1024 (custom)
2019-09-12 11:53:25,068 [pool-60-thread-1] INFO  server.RaftServerConfigKeys (ConfUtils.java:logGet(43)) - raft.server.log.segment.size.max = 1048576 (custom)
2019-09-12 11:53:25,068 [pool-60-thread-1] INFO  server.RaftServerConfigKeys (ConfUtils.java:logGet(43)) - raft.server.log.preallocated.size = 16384 (custom)
2019-09-12 11:53:25,069 [pool-60-thread-1] INFO  server.RaftServerConfigKeys (ConfUtils.java:logGet(43)) - raft.server.log.write.buffer.size = 33554432 (custom)
2019-09-12 11:53:25,069 [pool-60-thread-1] INFO  server.RaftServerConfigKeys (ConfUtils.java:logGet(43)) - raft.server.log.force.sync.num = 128 (default)
2019-09-12 11:53:25,069 [pool-60-thread-1] INFO  server.RaftServerConfigKeys (ConfUtils.java:logGet(43)) - raft.server.log.statemachine.data.sync = true (default)
2019-09-12 11:53:25,069 [pool-60-thread-1] INFO  server.RaftServerConfigKeys (ConfUtils.java:logGet(43)) - raft.server.log.statemachine.data.sync.timeout = 10s (default)
2019-09-12 11:53:25,069 [pool-60-thread-1] INFO  server.RaftServerConfigKeys (ConfUtils.java:logGet(43)) - raft.server.log.statemachine.data.sync.timeout.retry = -1 (default)
2019-09-12 11:53:25,069 [pool-60-thread-1] INFO  server.RaftServerConfigKeys (ConfUtils.java:logGet(43)) - raft.server.log.statemachine.data.caching.enabled = true (custom)
2019-09-12 11:53:25,070 [pool-60-thread-1] INFO  segmented.SegmentedRaftLogWorker (SegmentedRaftLogWorker.java:lambda$new$0(132)) - 028783e7-22fc-47b5-934a-5e8bf88f7fe6-SegmentedRaftLogWorker:Storage Directory /workdir/hadoop-ozone/tools/target/test-dir/MiniOzoneClusterImpl-2c48e7f1-ac08-442f-970e-1944cf2eec25/datanode-3/data/ratis/4613602c-fd6b-4ed0-ae95-9869ed4ab637: flushIndex: setUnconditionally 0 -> -1
2019-09-12 11:53:25,070 [pool-60-thread-1] INFO  server.RaftServerConfigKeys (ConfUtils.java:logGet(43)) - raft.server.snapshot.auto.trigger.enabled = true (custom)
2019-09-12 11:53:25,070 [pool-60-thread-1] INFO  server.RaftServerConfigKeys (ConfUtils.java:logGet(43)) - raft.server.snapshot.auto.trigger.threshold = 10000 (custom)
2019-09-12 11:53:25,071 [pool-60-thread-1] INFO  server.RaftServerConfigKeys (ConfUtils.java:logGet(43)) - raft.server.retrycache.expirytime = 600000ms (custom)
2019-09-12 11:53:25,071 [pool-60-thread-1] INFO  impl.RaftServerImpl (RaftServerImpl.java:start(180)) - 028783e7-22fc-47b5-934a-5e8bf88f7fe6: start group-9869ED4AB637
2019-09-12 11:53:25,071 [pool-60-thread-1] INFO  impl.RaftServerImpl (RaftServerImpl.java:setRole(171)) - 028783e7-22fc-47b5-934a-5e8bf88f7fe6:group-9869ED4AB637 changes role from null to FOLLOWER at term 0 for startAsFollower
2019-09-12 11:53:25,071 [pool-60-thread-1] INFO  impl.RoleInfo (RoleInfo.java:updateAndGet(143)) - 028783e7-22fc-47b5-934a-5e8bf88f7fe6: start FollowerState
2019-09-12 11:53:25,072 [pool-60-thread-1] INFO  util.JmxRegister (JmxRegister.java:tryRegister(44)) - Successfully registered JMX Bean with object name Ratis:service=RaftServer,group=group-9869ED4AB637,id=028783e7-22fc-47b5-934a-5e8bf88f7fe6
2019-09-12 11:53:25,078 [RatisPipelineUtilsThread] INFO  pipeline.PipelineStateManager (PipelineStateManager.java:addPipeline(56)) - Created pipeline Pipeline[ Id: 4613602c-fd6b-4ed0-ae95-9869ed4ab637, Nodes: 028783e7-22fc-47b5-934a-5e8bf88f7fe6{ip: 192.168.157.195, host: pr-hdds-1569-xtfnx-3545843844, networkLocation: /default-rack, certSerialId: null}, Type:RATIS, Factor:ONE, State:OPEN]
2019-09-12 11:53:25,079 [RatisPipelineUtilsThread] ERROR pipeline.PipelinePlacementPolicy (PipelinePlacementPolicy.java:meetCriteria(91)) - Pipeline Placement: Doesn't meet the criteria to be viable node. Heaviness: 6
2019-09-12 11:53:25,079 [RatisPipelineUtilsThread] ERROR pipeline.PipelinePlacementPolicy (PipelinePlacementPolicy.java:meetCriteria(91)) - Pipeline Placement: Doesn't meet the criteria to be viable node. Heaviness: 6
2019-09-12 11:53:25,088 [grpc-default-executor-0] INFO  impl.RaftServerProxy (RaftServerProxy.java:addNew(89)) - 61a9fc65-5e41-4283-98a8-259f9227054d: addNew group-C6E0A396E43B:[61a9fc65-5e41-4283-98a8-259f9227054d:192.168.157.195:36251] returns group-C6E0A396E43B:java.util.concurrent.CompletableFuture@31085f40[Not completed]
2019-09-12 11:53:25,090 [pool-27-thread-1] INFO  impl.RaftServerImpl (RaftServerImpl.java:<init>(93)) - 61a9fc65-5e41-4283-98a8-259f9227054d: new RaftServerImpl for group-C6E0A396E43B:[61a9fc65-5e41-4283-98a8-259f9227054d:192.168.157.195:36251] with ContainerStateMachine:uninitialized
2019-09-12 11:53:25,090 [pool-27-thread-1] INFO  server.RaftServerConfigKeys (ConfUtils.java:logGet(43)) - raft.server.rpc.timeout.min = 5s (custom)
2019-09-12 11:53:25,090 [pool-27-thread-1] INFO  server.RaftServerConfigKeys (ConfUtils.java:logGet(43)) - raft.server.rpc.timeout.max = 5200ms (custom)
2019-09-12 11:53:25,090 [pool-27-thread-1] INFO  server.RaftServerConfigKeys (ConfUtils.java:logGet(43)) - raft.server.rpcslowness.timeout = 120s (custom)
2019-09-12 11:53:25,090 [pool-27-thread-1] INFO  server.RaftServerConfigKeys (ConfUtils.java:logGet(43)) - raft.server.sleep.deviation.threshold = 300 (default)
2019-09-12 11:53:25,090 [pool-27-thread-1] INFO  server.RaftServerConfigKeys (ConfUtils.java:logGet(43)) - raft.server.log.appender.install.snapshot.enabled = false (custom)
2019-09-12 11:53:25,091 [pool-27-thread-1] INFO  impl.RaftServerImpl (ServerState.java:<init>(105)) - 61a9fc65-5e41-4283-98a8-259f9227054d:group-C6E0A396E43B ConfigurationManager, init=-1: [61a9fc65-5e41-4283-98a8-259f9227054d:192.168.157.195:36251], old=null, confs=<EMPTY_MAP>
2019-09-12 11:53:25,091 [pool-27-thread-1] INFO  server.RaftServerConfigKeys (ConfUtils.java:logGet(43)) - raft.server.storage.dir = [/workdir/hadoop-ozone/tools/target/test-dir/MiniOzoneClusterImpl-2c48e7f1-ac08-442f-970e-1944cf2eec25/datanode-0/data/ratis] (custom)
2019-09-12 11:53:25,091 [pool-27-thread-1] INFO  storage.RaftStorageDirectory (RaftStorageDirectory.java:analyzeStorage(246)) - The storage directory /workdir/hadoop-ozone/tools/target/test-dir/MiniOzoneClusterImpl-2c48e7f1-ac08-442f-970e-1944cf2eec25/datanode-0/data/ratis/4d07c37e-e5d6-45bc-8260-c6e0a396e43b does not exist. Creating ...
2019-09-12 11:53:25,104 [pool-27-thread-1] INFO  storage.RaftStorageDirectory (RaftStorageDirectory.java:tryLock(328)) - Lock on /workdir/hadoop-ozone/tools/target/test-dir/MiniOzoneClusterImpl-2c48e7f1-ac08-442f-970e-1944cf2eec25/datanode-0/data/ratis/4d07c37e-e5d6-45bc-8260-c6e0a396e43b/in_use.lock acquired by nodename 17412@pr-hdds-1569-xtfnx-3545843844
2019-09-12 11:53:25,118 [pool-27-thread-1] INFO  storage.RaftStorage (RaftStorage.java:format(72)) - Storage directory /workdir/hadoop-ozone/tools/target/test-dir/MiniOzoneClusterImpl-2c48e7f1-ac08-442f-970e-1944cf2eec25/datanode-0/data/ratis/4d07c37e-e5d6-45bc-8260-c6e0a396e43b has been successfully formatted.
2019-09-12 11:53:25,118 [pool-27-thread-1] INFO  ratis.ContainerStateMachine (ContainerStateMachine.java:loadSnapshot(226)) - group-C6E0A396E43B: The snapshot info is null. Setting the last applied indexto:(t:0, i:~)
2019-09-12 11:53:25,118 [pool-27-thread-1] INFO  server.RaftServerConfigKeys (ConfUtils.java:logGet(43)) - raft.server.leader.election.timeout = 120s (custom)
2019-09-12 11:53:25,119 [pool-27-thread-1] INFO  server.RaftServerConfigKeys (ConfUtils.java:logGet(43)) - raft.server.log.use.memory = false (default)
2019-09-12 11:53:25,119 [pool-27-thread-1] INFO  server.RaftServerConfigKeys (ConfUtils.java:logGet(43)) - raft.server.log.purge.gap = 1000000 (custom)
2019-09-12 11:53:25,119 [pool-27-thread-1] INFO  server.RaftServerConfigKeys (ConfUtils.java:logGet(43)) - raft.server.log.appender.buffer.byte-limit = 33554432 (custom)
2019-09-12 11:53:25,119 [pool-27-thread-1] INFO  server.RaftServerConfigKeys (ConfUtils.java:logGet(43)) - raft.server.log.segment.size.max = 1048576 (custom)
2019-09-12 11:53:25,119 [pool-27-thread-1] INFO  server.RaftServerConfigKeys (ConfUtils.java:logGet(43)) - raft.server.log.segment.cache.num.max = 2 (custom)
2019-09-12 11:53:25,119 [pool-27-thread-1] INFO  segmented.SegmentedRaftLogWorker (SegmentedRaftLogWorker.java:<init>(172)) - new 61a9fc65-5e41-4283-98a8-259f9227054d-SegmentedRaftLogWorker:Storage Directory /workdir/hadoop-ozone/tools/target/test-dir/MiniOzoneClusterImpl-2c48e7f1-ac08-442f-970e-1944cf2eec25/datanode-0/data/ratis/4d07c37e-e5d6-45bc-8260-c6e0a396e43b for RaftStorage:Storage Directory /workdir/hadoop-ozone/tools/target/test-dir/MiniOzoneClusterImpl-2c48e7f1-ac08-442f-970e-1944cf2eec25/datanode-0/data/ratis/4d07c37e-e5d6-45bc-8260-c6e0a396e43b
2019-09-12 11:53:25,120 [pool-27-thread-1] INFO  server.RaftServerConfigKeys (ConfUtils.java:logGet(43)) - raft.server.log.queue.byte-limit = 2147483647 (custom)
2019-09-12 11:53:25,120 [pool-27-thread-1] INFO  server.RaftServerConfigKeys (ConfUtils.java:logGet(43)) - raft.server.log.queue.element-limit = 1024 (custom)
2019-09-12 11:53:25,120 [pool-27-thread-1] INFO  server.RaftServerConfigKeys (ConfUtils.java:logGet(43)) - raft.server.log.segment.size.max = 1048576 (custom)
2019-09-12 11:53:25,120 [pool-27-thread-1] INFO  server.RaftServerConfigKeys (ConfUtils.java:logGet(43)) - raft.server.log.preallocated.size = 16384 (custom)
2019-09-12 11:53:25,120 [pool-27-thread-1] INFO  server.RaftServerConfigKeys (ConfUtils.java:logGet(43)) - raft.server.log.write.buffer.size = 33554432 (custom)
2019-09-12 11:53:25,121 [pool-27-thread-1] INFO  server.RaftServerConfigKeys (ConfUtils.java:logGet(43)) - raft.server.log.force.sync.num = 128 (default)
2019-09-12 11:53:25,121 [pool-27-thread-1] INFO  server.RaftServerConfigKeys (ConfUtils.java:logGet(43)) - raft.server.log.statemachine.data.sync = true (default)
2019-09-12 11:53:25,121 [pool-27-thread-1] INFO  server.RaftServerConfigKeys (ConfUtils.java:logGet(43)) - raft.server.log.statemachine.data.sync.timeout = 10s (default)
2019-09-12 11:53:25,121 [pool-27-thread-1] INFO  server.RaftServerConfigKeys (ConfUtils.java:logGet(43)) - raft.server.log.statemachine.data.sync.timeout.retry = -1 (default)
2019-09-12 11:53:25,121 [pool-27-thread-1] INFO  server.RaftServerConfigKeys (ConfUtils.java:logGet(43)) - raft.server.log.statemachine.data.caching.enabled = true (custom)
2019-09-12 11:53:25,122 [pool-27-thread-1] INFO  segmented.SegmentedRaftLogWorker (SegmentedRaftLogWorker.java:lambda$new$0(132)) - 61a9fc65-5e41-4283-98a8-259f9227054d-SegmentedRaftLogWorker:Storage Directory /workdir/hadoop-ozone/tools/target/test-dir/MiniOzoneClusterImpl-2c48e7f1-ac08-442f-970e-1944cf2eec25/datanode-0/data/ratis/4d07c37e-e5d6-45bc-8260-c6e0a396e43b: flushIndex: setUnconditionally 0 -> -1
2019-09-12 11:53:25,122 [pool-27-thread-1] INFO  server.RaftServerConfigKeys (ConfUtils.java:logGet(43)) - raft.server.snapshot.auto.trigger.enabled = true (custom)
2019-09-12 11:53:25,122 [pool-27-thread-1] INFO  server.RaftServerConfigKeys (ConfUtils.java:logGet(43)) - raft.server.snapshot.auto.trigger.threshold = 10000 (custom)
2019-09-12 11:53:25,123 [pool-27-thread-1] INFO  server.RaftServerConfigKeys (ConfUtils.java:logGet(43)) - raft.server.retrycache.expirytime = 600000ms (custom)
2019-09-12 11:53:25,123 [pool-27-thread-1] INFO  impl.RaftServerImpl (RaftServerImpl.java:start(180)) - 61a9fc65-5e41-4283-98a8-259f9227054d: start group-C6E0A396E43B
2019-09-12 11:53:25,123 [pool-27-thread-1] INFO  impl.RaftServerImpl (RaftServerImpl.java:setRole(171)) - 61a9fc65-5e41-4283-98a8-259f9227054d:group-C6E0A396E43B changes role from null to FOLLOWER at term 0 for startAsFollower
2019-09-12 11:53:25,123 [pool-27-thread-1] INFO  impl.RoleInfo (RoleInfo.java:updateAndGet(143)) - 61a9fc65-5e41-4283-98a8-259f9227054d: start FollowerState
2019-09-12 11:53:25,124 [pool-27-thread-1] INFO  util.JmxRegister (JmxRegister.java:tryRegister(44)) - Successfully registered JMX Bean with object name Ratis:service=RaftServer,group=group-C6E0A396E43B,id=61a9fc65-5e41-4283-98a8-259f9227054d
2019-09-12 11:53:25,129 [RatisPipelineUtilsThread] INFO  pipeline.PipelineStateManager (PipelineStateManager.java:addPipeline(56)) - Created pipeline Pipeline[ Id: 4d07c37e-e5d6-45bc-8260-c6e0a396e43b, Nodes: 61a9fc65-5e41-4283-98a8-259f9227054d{ip: 192.168.157.195, host: pr-hdds-1569-xtfnx-3545843844, networkLocation: /default-rack, certSerialId: null}, Type:RATIS, Factor:ONE, State:OPEN]
2019-09-12 11:53:25,131 [RatisPipelineUtilsThread] ERROR pipeline.PipelinePlacementPolicy (PipelinePlacementPolicy.java:meetCriteria(91)) - Pipeline Placement: Doesn't meet the criteria to be viable node. Heaviness: 6
2019-09-12 11:53:25,131 [RatisPipelineUtilsThread] ERROR pipeline.PipelinePlacementPolicy (PipelinePlacementPolicy.java:meetCriteria(91)) - Pipeline Placement: Doesn't meet the criteria to be viable node. Heaviness: 6
2019-09-12 11:53:25,131 [RatisPipelineUtilsThread] ERROR pipeline.PipelinePlacementPolicy (PipelinePlacementPolicy.java:meetCriteria(91)) - Pipeline Placement: Doesn't meet the criteria to be viable node. Heaviness: 6
2019-09-12 11:53:25,140 [grpc-default-executor-0] INFO  impl.RaftServerProxy (RaftServerProxy.java:addNew(89)) - 028783e7-22fc-47b5-934a-5e8bf88f7fe6: addNew group-6C60227418AA:[028783e7-22fc-47b5-934a-5e8bf88f7fe6:192.168.157.195:38713] returns group-6C60227418AA:java.util.concurrent.CompletableFuture@4d39638c[Not completed]
2019-09-12 11:53:25,142 [pool-60-thread-1] INFO  impl.RaftServerImpl (RaftServerImpl.java:<init>(93)) - 028783e7-22fc-47b5-934a-5e8bf88f7fe6: new RaftServerImpl for group-6C60227418AA:[028783e7-22fc-47b5-934a-5e8bf88f7fe6:192.168.157.195:38713] with ContainerStateMachine:uninitialized
2019-09-12 11:53:25,142 [pool-60-thread-1] INFO  server.RaftServerConfigKeys (ConfUtils.java:logGet(43)) - raft.server.rpc.timeout.min = 5s (custom)
2019-09-12 11:53:25,142 [pool-60-thread-1] INFO  server.RaftServerConfigKeys (ConfUtils.java:logGet(43)) - raft.server.rpc.timeout.max = 5200ms (custom)
2019-09-12 11:53:25,142 [pool-60-thread-1] INFO  server.RaftServerConfigKeys (ConfUtils.java:logGet(43)) - raft.server.rpcslowness.timeout = 120s (custom)
2019-09-12 11:53:25,142 [pool-60-thread-1] INFO  server.RaftServerConfigKeys (ConfUtils.java:logGet(43)) - raft.server.sleep.deviation.threshold = 300 (default)
2019-09-12 11:53:25,142 [pool-60-thread-1] INFO  server.RaftServerConfigKeys (ConfUtils.java:logGet(43)) - raft.server.log.appender.install.snapshot.enabled = false (custom)
2019-09-12 11:53:25,143 [pool-60-thread-1] INFO  impl.RaftServerImpl (ServerState.java:<init>(105)) - 028783e7-22fc-47b5-934a-5e8bf88f7fe6:group-6C60227418AA ConfigurationManager, init=-1: [028783e7-22fc-47b5-934a-5e8bf88f7fe6:192.168.157.195:38713], old=null, confs=<EMPTY_MAP>
2019-09-12 11:53:25,143 [pool-60-thread-1] INFO  server.RaftServerConfigKeys (ConfUtils.java:logGet(43)) - raft.server.storage.dir = [/workdir/hadoop-ozone/tools/target/test-dir/MiniOzoneClusterImpl-2c48e7f1-ac08-442f-970e-1944cf2eec25/datanode-3/data/ratis] (custom)
2019-09-12 11:53:25,143 [pool-60-thread-1] INFO  storage.RaftStorageDirectory (RaftStorageDirectory.java:analyzeStorage(246)) - The storage directory /workdir/hadoop-ozone/tools/target/test-dir/MiniOzoneClusterImpl-2c48e7f1-ac08-442f-970e-1944cf2eec25/datanode-3/data/ratis/35a762ea-d314-4c2e-8acd-6c60227418aa does not exist. Creating ...
2019-09-12 11:53:25,150 [main] INFO  freon.RandomKeyGenerator (RandomKeyGenerator.java:call(275)) - Number of Threads: 10
2019-09-12 11:53:25,151 [main] INFO  freon.RandomKeyGenerator (RandomKeyGenerator.java:call(280)) - Number of Volumes: 1.
2019-09-12 11:53:25,151 [main] INFO  freon.RandomKeyGenerator (RandomKeyGenerator.java:call(281)) - Number of Buckets per Volume: 1.
2019-09-12 11:53:25,151 [main] INFO  freon.RandomKeyGenerator (RandomKeyGenerator.java:call(282)) - Number of Keys per Bucket: 1.
2019-09-12 11:53:25,152 [main] INFO  freon.RandomKeyGenerator (RandomKeyGenerator.java:call(283)) - Key size: 20971520 bytes
2019-09-12 11:53:25,152 [main] INFO  freon.RandomKeyGenerator (RandomKeyGenerator.java:call(284)) - Buffer size: 4096 bytes
2019-09-12 11:53:25,155 [pool-60-thread-1] INFO  storage.RaftStorageDirectory (RaftStorageDirectory.java:tryLock(328)) - Lock on /workdir/hadoop-ozone/tools/target/test-dir/MiniOzoneClusterImpl-2c48e7f1-ac08-442f-970e-1944cf2eec25/datanode-3/data/ratis/35a762ea-d314-4c2e-8acd-6c60227418aa/in_use.lock acquired by nodename 17412@pr-hdds-1569-xtfnx-3545843844
2019-09-12 11:53:25,156 [main] INFO  freon.RandomKeyGenerator (RandomKeyGenerator.java:call(298)) - Data validation is enabled.
2019-09-12 11:53:25,158 [main] INFO  freon.RandomKeyGenerator (RandomKeyGenerator.java:call(304)) - Starting progress bar Thread.

 0.00% |█                                                                                                    |  0/1 Time: 0:00:002019-09-12 11:53:25,169 [pool-60-thread-1] INFO  storage.RaftStorage (RaftStorage.java:format(72)) - Storage directory /workdir/hadoop-ozone/tools/target/test-dir/MiniOzoneClusterImpl-2c48e7f1-ac08-442f-970e-1944cf2eec25/datanode-3/data/ratis/35a762ea-d314-4c2e-8acd-6c60227418aa has been successfully formatted.
2019-09-12 11:53:25,170 [pool-60-thread-1] INFO  ratis.ContainerStateMachine (ContainerStateMachine.java:loadSnapshot(226)) - group-6C60227418AA: The snapshot info is null. Setting the last applied indexto:(t:0, i:~)
2019-09-12 11:53:25,170 [pool-60-thread-1] INFO  server.RaftServerConfigKeys (ConfUtils.java:logGet(43)) - raft.server.leader.election.timeout = 120s (custom)
2019-09-12 11:53:25,170 [pool-60-thread-1] INFO  server.RaftServerConfigKeys (ConfUtils.java:logGet(43)) - raft.server.log.use.memory = false (default)
2019-09-12 11:53:25,170 [pool-60-thread-1] INFO  server.RaftServerConfigKeys (ConfUtils.java:logGet(43)) - raft.server.log.purge.gap = 1000000 (custom)
2019-09-12 11:53:25,170 [pool-60-thread-1] INFO  server.RaftServerConfigKeys (ConfUtils.java:logGet(43)) - raft.server.log.appender.buffer.byte-limit = 33554432 (custom)
2019-09-12 11:53:25,171 [pool-60-thread-1] INFO  server.RaftServerConfigKeys (ConfUtils.java:logGet(43)) - raft.server.log.segment.size.max = 1048576 (custom)
2019-09-12 11:53:25,186 [pool-60-thread-1] INFO  server.RaftServerConfigKeys (ConfUtils.java:logGet(43)) - raft.server.log.segment.cache.num.max = 2 (custom)
2019-09-12 11:53:25,186 [pool-60-thread-1] INFO  segmented.SegmentedRaftLogWorker (SegmentedRaftLogWorker.java:<init>(172)) - new 028783e7-22fc-47b5-934a-5e8bf88f7fe6-SegmentedRaftLogWorker:Storage Directory /workdir/hadoop-ozone/tools/target/test-dir/MiniOzoneClusterImpl-2c48e7f1-ac08-442f-970e-1944cf2eec25/datanode-3/data/ratis/35a762ea-d314-4c2e-8acd-6c60227418aa for RaftStorage:Storage Directory /workdir/hadoop-ozone/tools/target/test-dir/MiniOzoneClusterImpl-2c48e7f1-ac08-442f-970e-1944cf2eec25/datanode-3/data/ratis/35a762ea-d314-4c2e-8acd-6c60227418aa
2019-09-12 11:53:25,186 [pool-60-thread-1] INFO  server.RaftServerConfigKeys (ConfUtils.java:logGet(43)) - raft.server.log.queue.byte-limit = 2147483647 (custom)
2019-09-12 11:53:25,187 [pool-60-thread-1] INFO  server.RaftServerConfigKeys (ConfUtils.java:logGet(43)) - raft.server.log.queue.element-limit = 1024 (custom)
2019-09-12 11:53:25,187 [pool-60-thread-1] INFO  server.RaftServerConfigKeys (ConfUtils.java:logGet(43)) - raft.server.log.segment.size.max = 1048576 (custom)
2019-09-12 11:53:25,187 [pool-60-thread-1] INFO  server.RaftServerConfigKeys (ConfUtils.java:logGet(43)) - raft.server.log.preallocated.size = 16384 (custom)
2019-09-12 11:53:25,187 [pool-60-thread-1] INFO  server.RaftServerConfigKeys (ConfUtils.java:logGet(43)) - raft.server.log.write.buffer.size = 33554432 (custom)
2019-09-12 11:53:25,187 [pool-60-thread-1] INFO  server.RaftServerConfigKeys (ConfUtils.java:logGet(43)) - raft.server.log.force.sync.num = 128 (default)
2019-09-12 11:53:25,187 [pool-60-thread-1] INFO  server.RaftServerConfigKeys (ConfUtils.java:logGet(43)) - raft.server.log.statemachine.data.sync = true (default)
2019-09-12 11:53:25,188 [pool-60-thread-1] INFO  server.RaftServerConfigKeys (ConfUtils.java:logGet(43)) - raft.server.log.statemachine.data.sync.timeout = 10s (default)
2019-09-12 11:53:25,188 [pool-60-thread-1] INFO  server.RaftServerConfigKeys (ConfUtils.java:logGet(43)) - raft.server.log.statemachine.data.sync.timeout.retry = -1 (default)
2019-09-12 11:53:25,188 [pool-60-thread-1] INFO  server.RaftServerConfigKeys (ConfUtils.java:logGet(43)) - raft.server.log.statemachine.data.caching.enabled = true (custom)
2019-09-12 11:53:25,188 [pool-60-thread-1] INFO  segmented.SegmentedRaftLogWorker (SegmentedRaftLogWorker.java:lambda$new$0(132)) - 028783e7-22fc-47b5-934a-5e8bf88f7fe6-SegmentedRaftLogWorker:Storage Directory /workdir/hadoop-ozone/tools/target/test-dir/MiniOzoneClusterImpl-2c48e7f1-ac08-442f-970e-1944cf2eec25/datanode-3/data/ratis/35a762ea-d314-4c2e-8acd-6c60227418aa: flushIndex: setUnconditionally 0 -> -1
2019-09-12 11:53:25,189 [pool-60-thread-1] INFO  server.RaftServerConfigKeys (ConfUtils.java:logGet(43)) - raft.server.snapshot.auto.trigger.enabled = true (custom)
2019-09-12 11:53:25,189 [pool-60-thread-1] INFO  server.RaftServerConfigKeys (ConfUtils.java:logGet(43)) - raft.server.snapshot.auto.trigger.threshold = 10000 (custom)
2019-09-12 11:53:25,189 [pool-60-thread-1] INFO  server.RaftServerConfigKeys (ConfUtils.java:logGet(43)) - raft.server.retrycache.expirytime = 600000ms (custom)
2019-09-12 11:53:25,189 [pool-60-thread-1] INFO  impl.RaftServerImpl (RaftServerImpl.java:start(180)) - 028783e7-22fc-47b5-934a-5e8bf88f7fe6: start group-6C60227418AA
2019-09-12 11:53:25,190 [pool-60-thread-1] INFO  impl.RaftServerImpl (RaftServerImpl.java:setRole(171)) - 028783e7-22fc-47b5-934a-5e8bf88f7fe6:group-6C60227418AA changes role from null to FOLLOWER at term 0 for startAsFollower
2019-09-12 11:53:25,190 [pool-60-thread-1] INFO  impl.RoleInfo (RoleInfo.java:updateAndGet(143)) - 028783e7-22fc-47b5-934a-5e8bf88f7fe6: start FollowerState
2019-09-12 11:53:25,193 [pool-60-thread-1] INFO  util.JmxRegister (JmxRegister.java:tryRegister(44)) - Successfully registered JMX Bean with object name Ratis:service=RaftServer,group=group-6C60227418AA,id=028783e7-22fc-47b5-934a-5e8bf88f7fe6
2019-09-12 11:53:25,197 [pool-78-thread-1] INFO  rpc.RpcClient (RpcClient.java:createVolume(293)) - Creating Volume: vol-0-25878, with jenkins1000 as owner.
2019-09-12 11:53:25,199 [RatisPipelineUtilsThread] INFO  pipeline.PipelineStateManager (PipelineStateManager.java:addPipeline(56)) - Created pipeline Pipeline[ Id: 35a762ea-d314-4c2e-8acd-6c60227418aa, Nodes: 028783e7-22fc-47b5-934a-5e8bf88f7fe6{ip: 192.168.157.195, host: pr-hdds-1569-xtfnx-3545843844, networkLocation: /default-rack, certSerialId: null}, Type:RATIS, Factor:ONE, State:OPEN]
2019-09-12 11:53:25,199 [RatisPipelineUtilsThread] ERROR pipeline.PipelinePlacementPolicy (PipelinePlacementPolicy.java:meetCriteria(91)) - Pipeline Placement: Doesn't meet the criteria to be viable node. Heaviness: 6
2019-09-12 11:53:25,199 [RatisPipelineUtilsThread] ERROR pipeline.PipelinePlacementPolicy (PipelinePlacementPolicy.java:meetCriteria(91)) - Pipeline Placement: Doesn't meet the criteria to be viable node. Heaviness: 6
2019-09-12 11:53:25,200 [RatisPipelineUtilsThread] ERROR pipeline.PipelinePlacementPolicy (PipelinePlacementPolicy.java:meetCriteria(91)) - Pipeline Placement: Doesn't meet the criteria to be viable node. Heaviness: 6
2019-09-12 11:53:25,211 [grpc-default-executor-0] INFO  impl.RaftServerProxy (RaftServerProxy.java:addNew(89)) - 028783e7-22fc-47b5-934a-5e8bf88f7fe6: addNew group-184FCA8C3C84:[028783e7-22fc-47b5-934a-5e8bf88f7fe6:192.168.157.195:38713] returns group-184FCA8C3C84:java.util.concurrent.CompletableFuture@5c4106a4[Not completed]
2019-09-12 11:53:25,212 [pool-60-thread-1] INFO  impl.RaftServerImpl (RaftServerImpl.java:<init>(93)) - 028783e7-22fc-47b5-934a-5e8bf88f7fe6: new RaftServerImpl for group-184FCA8C3C84:[028783e7-22fc-47b5-934a-5e8bf88f7fe6:192.168.157.195:38713] with ContainerStateMachine:uninitialized
2019-09-12 11:53:25,213 [pool-60-thread-1] INFO  server.RaftServerConfigKeys (ConfUtils.java:logGet(43)) - raft.server.rpc.timeout.min = 5s (custom)
2019-09-12 11:53:25,213 [pool-60-thread-1] INFO  server.RaftServerConfigKeys (ConfUtils.java:logGet(43)) - raft.server.rpc.timeout.max = 5200ms (custom)
2019-09-12 11:53:25,213 [pool-60-thread-1] INFO  server.RaftServerConfigKeys (ConfUtils.java:logGet(43)) - raft.server.rpcslowness.timeout = 120s (custom)
2019-09-12 11:53:25,213 [pool-60-thread-1] INFO  server.RaftServerConfigKeys (ConfUtils.java:logGet(43)) - raft.server.sleep.deviation.threshold = 300 (default)
2019-09-12 11:53:25,213 [pool-60-thread-1] INFO  server.RaftServerConfigKeys (ConfUtils.java:logGet(43)) - raft.server.log.appender.install.snapshot.enabled = false (custom)
2019-09-12 11:53:25,213 [pool-60-thread-1] INFO  impl.RaftServerImpl (ServerState.java:<init>(105)) - 028783e7-22fc-47b5-934a-5e8bf88f7fe6:group-184FCA8C3C84 ConfigurationManager, init=-1: [028783e7-22fc-47b5-934a-5e8bf88f7fe6:192.168.157.195:38713], old=null, confs=<EMPTY_MAP>
2019-09-12 11:53:25,214 [pool-60-thread-1] INFO  server.RaftServerConfigKeys (ConfUtils.java:logGet(43)) - raft.server.storage.dir = [/workdir/hadoop-ozone/tools/target/test-dir/MiniOzoneClusterImpl-2c48e7f1-ac08-442f-970e-1944cf2eec25/datanode-3/data/ratis] (custom)
2019-09-12 11:53:25,214 [pool-60-thread-1] INFO  storage.RaftStorageDirectory (RaftStorageDirectory.java:analyzeStorage(246)) - The storage directory /workdir/hadoop-ozone/tools/target/test-dir/MiniOzoneClusterImpl-2c48e7f1-ac08-442f-970e-1944cf2eec25/datanode-3/data/ratis/40814d08-aae6-4dd0-8430-184fca8c3c84 does not exist. Creating ...
2019-09-12 11:53:25,227 [pool-60-thread-1] INFO  storage.RaftStorageDirectory (RaftStorageDirectory.java:tryLock(328)) - Lock on /workdir/hadoop-ozone/tools/target/test-dir/MiniOzoneClusterImpl-2c48e7f1-ac08-442f-970e-1944cf2eec25/datanode-3/data/ratis/40814d08-aae6-4dd0-8430-184fca8c3c84/in_use.lock acquired by nodename 17412@pr-hdds-1569-xtfnx-3545843844
2019-09-12 11:53:25,231 | INFO  | OMAudit | user=jenkins1000 | ip=127.0.0.1 | op=CREATE_VOLUME {admin=jenkins1000, owner=jenkins1000, volume=vol-0-25878, creationTime=1568289205225, quotaInBytes=1152921504606846976} | ret=SUCCESS |  
2019-09-12 11:53:25,245 | INFO  | OMAudit | user=jenkins1000 | ip=127.0.0.1 | op=READ_VOLUME {volume=vol-0-25878} | ret=SUCCESS |  
2019-09-12 11:53:25,252 [pool-60-thread-1] INFO  storage.RaftStorage (RaftStorage.java:format(72)) - Storage directory /workdir/hadoop-ozone/tools/target/test-dir/MiniOzoneClusterImpl-2c48e7f1-ac08-442f-970e-1944cf2eec25/datanode-3/data/ratis/40814d08-aae6-4dd0-8430-184fca8c3c84 has been successfully formatted.
2019-09-12 11:53:25,252 [pool-60-thread-1] INFO  ratis.ContainerStateMachine (ContainerStateMachine.java:loadSnapshot(226)) - group-184FCA8C3C84: The snapshot info is null. Setting the last applied indexto:(t:0, i:~)
2019-09-12 11:53:25,252 [pool-60-thread-1] INFO  server.RaftServerConfigKeys (ConfUtils.java:logGet(43)) - raft.server.leader.election.timeout = 120s (custom)
2019-09-12 11:53:25,252 [pool-60-thread-1] INFO  server.RaftServerConfigKeys (ConfUtils.java:logGet(43)) - raft.server.log.use.memory = false (default)
2019-09-12 11:53:25,253 [pool-60-thread-1] INFO  server.RaftServerConfigKeys (ConfUtils.java:logGet(43)) - raft.server.log.purge.gap = 1000000 (custom)
2019-09-12 11:53:25,253 [pool-60-thread-1] INFO  server.RaftServerConfigKeys (ConfUtils.java:logGet(43)) - raft.server.log.appender.buffer.byte-limit = 33554432 (custom)
2019-09-12 11:53:25,253 [pool-60-thread-1] INFO  server.RaftServerConfigKeys (ConfUtils.java:logGet(43)) - raft.server.log.segment.size.max = 1048576 (custom)
2019-09-12 11:53:25,253 [pool-60-thread-1] INFO  server.RaftServerConfigKeys (ConfUtils.java:logGet(43)) - raft.server.log.segment.cache.num.max = 2 (custom)
2019-09-12 11:53:25,253 [pool-60-thread-1] INFO  segmented.SegmentedRaftLogWorker (SegmentedRaftLogWorker.java:<init>(172)) - new 028783e7-22fc-47b5-934a-5e8bf88f7fe6-SegmentedRaftLogWorker:Storage Directory /workdir/hadoop-ozone/tools/target/test-dir/MiniOzoneClusterImpl-2c48e7f1-ac08-442f-970e-1944cf2eec25/datanode-3/data/ratis/40814d08-aae6-4dd0-8430-184fca8c3c84 for RaftStorage:Storage Directory /workdir/hadoop-ozone/tools/target/test-dir/MiniOzoneClusterImpl-2c48e7f1-ac08-442f-970e-1944cf2eec25/datanode-3/data/ratis/40814d08-aae6-4dd0-8430-184fca8c3c84
2019-09-12 11:53:25,253 [pool-60-thread-1] INFO  server.RaftServerConfigKeys (ConfUtils.java:logGet(43)) - raft.server.log.queue.byte-limit = 2147483647 (custom)
2019-09-12 11:53:25,254 [pool-60-thread-1] INFO  server.RaftServerConfigKeys (ConfUtils.java:logGet(43)) - raft.server.log.queue.element-limit = 1024 (custom)
2019-09-12 11:53:25,254 [pool-60-thread-1] INFO  server.RaftServerConfigKeys (ConfUtils.java:logGet(43)) - raft.server.log.segment.size.max = 1048576 (custom)
2019-09-12 11:53:25,254 [pool-60-thread-1] INFO  server.RaftServerConfigKeys (ConfUtils.java:logGet(43)) - raft.server.log.preallocated.size = 16384 (custom)
2019-09-12 11:53:25,254 [pool-60-thread-1] INFO  server.RaftServerConfigKeys (ConfUtils.java:logGet(43)) - raft.server.log.write.buffer.size = 33554432 (custom)
2019-09-12 11:53:25,254 [pool-60-thread-1] INFO  server.RaftServerConfigKeys (ConfUtils.java:logGet(43)) - raft.server.log.force.sync.num = 128 (default)
2019-09-12 11:53:25,254 [pool-60-thread-1] INFO  server.RaftServerConfigKeys (ConfUtils.java:logGet(43)) - raft.server.log.statemachine.data.sync = true (default)
2019-09-12 11:53:25,254 [pool-60-thread-1] INFO  server.RaftServerConfigKeys (ConfUtils.java:logGet(43)) - raft.server.log.statemachine.data.sync.timeout = 10s (default)
2019-09-12 11:53:25,255 [pool-60-thread-1] INFO  server.RaftServerConfigKeys (ConfUtils.java:logGet(43)) - raft.server.log.statemachine.data.sync.timeout.retry = -1 (default)
2019-09-12 11:53:25,255 [pool-60-thread-1] INFO  server.RaftServerConfigKeys (ConfUtils.java:logGet(43)) - raft.server.log.statemachine.data.caching.enabled = true (custom)
2019-09-12 11:53:25,255 [pool-60-thread-1] INFO  segmented.SegmentedRaftLogWorker (SegmentedRaftLogWorker.java:lambda$new$0(132)) - 028783e7-22fc-47b5-934a-5e8bf88f7fe6-SegmentedRaftLogWorker:Storage Directory /workdir/hadoop-ozone/tools/target/test-dir/MiniOzoneClusterImpl-2c48e7f1-ac08-442f-970e-1944cf2eec25/datanode-3/data/ratis/40814d08-aae6-4dd0-8430-184fca8c3c84: flushIndex: setUnconditionally 0 -> -1
2019-09-12 11:53:25,256 [pool-60-thread-1] INFO  server.RaftServerConfigKeys (ConfUtils.java:logGet(43)) - raft.server.snapshot.auto.trigger.enabled = true (custom)
2019-09-12 11:53:25,256 [pool-60-thread-1] INFO  server.RaftServerConfigKeys (ConfUtils.java:logGet(43)) - raft.server.snapshot.auto.trigger.threshold = 10000 (custom)
2019-09-12 11:53:25,256 [pool-60-thread-1] INFO  server.RaftServerConfigKeys (ConfUtils.java:logGet(43)) - raft.server.retrycache.expirytime = 600000ms (custom)
2019-09-12 11:53:25,257 [pool-60-thread-1] INFO  impl.RaftServerImpl (RaftServerImpl.java:start(180)) - 028783e7-22fc-47b5-934a-5e8bf88f7fe6: start group-184FCA8C3C84
2019-09-12 11:53:25,257 [pool-60-thread-1] INFO  impl.RaftServerImpl (RaftServerImpl.java:setRole(171)) - 028783e7-22fc-47b5-934a-5e8bf88f7fe6:group-184FCA8C3C84 changes role from null to FOLLOWER at term 0 for startAsFollower
2019-09-12 11:53:25,257 [pool-60-thread-1] INFO  impl.RoleInfo (RoleInfo.java:updateAndGet(143)) - 028783e7-22fc-47b5-934a-5e8bf88f7fe6: start FollowerState
2019-09-12 11:53:25,258 [pool-60-thread-1] INFO  util.JmxRegister (JmxRegister.java:tryRegister(44)) - Successfully registered JMX Bean with object name Ratis:service=RaftServer,group=group-184FCA8C3C84,id=028783e7-22fc-47b5-934a-5e8bf88f7fe6
2019-09-12 11:53:25,260 [pool-78-thread-2] INFO  rpc.RpcClient (RpcClient.java:createBucket(432)) - Creating Bucket: vol-0-25878/bucket-0-06977, with Versioning false and Storage Type set to DISK and Encryption set to false 
2019-09-12 11:53:25,265 [RatisPipelineUtilsThread] INFO  pipeline.PipelineStateManager (PipelineStateManager.java:addPipeline(56)) - Created pipeline Pipeline[ Id: 40814d08-aae6-4dd0-8430-184fca8c3c84, Nodes: 028783e7-22fc-47b5-934a-5e8bf88f7fe6{ip: 192.168.157.195, host: pr-hdds-1569-xtfnx-3545843844, networkLocation: /default-rack, certSerialId: null}, Type:RATIS, Factor:ONE, State:OPEN]
2019-09-12 11:53:25,266 [RatisPipelineUtilsThread] ERROR pipeline.PipelinePlacementPolicy (PipelinePlacementPolicy.java:meetCriteria(91)) - Pipeline Placement: Doesn't meet the criteria to be viable node. Heaviness: 6
2019-09-12 11:53:25,266 [RatisPipelineUtilsThread] ERROR pipeline.PipelinePlacementPolicy (PipelinePlacementPolicy.java:meetCriteria(91)) - Pipeline Placement: Doesn't meet the criteria to be viable node. Heaviness: 6
2019-09-12 11:53:25,266 [RatisPipelineUtilsThread] ERROR pipeline.PipelinePlacementPolicy (PipelinePlacementPolicy.java:meetCriteria(91)) - Pipeline Placement: Doesn't meet the criteria to be viable node. Heaviness: 6
2019-09-12 11:53:25,266 [RatisPipelineUtilsThread] ERROR pipeline.PipelinePlacementPolicy (PipelinePlacementPolicy.java:meetCriteria(91)) - Pipeline Placement: Doesn't meet the criteria to be viable node. Heaviness: 6
2019-09-12 11:53:25,279 [grpc-default-executor-0] INFO  impl.RaftServerProxy (RaftServerProxy.java:addNew(89)) - 7741e6cf-6131-4fc6-8612-36509ed6293c: addNew group-AC3A85B69AD7:[7741e6cf-6131-4fc6-8612-36509ed6293c:192.168.157.195:34114] returns group-AC3A85B69AD7:java.util.concurrent.CompletableFuture@5c056ba1[Not completed]
2019-09-12 11:53:25,283 [pool-71-thread-1] INFO  impl.RaftServerImpl (RaftServerImpl.java:<init>(93)) - 7741e6cf-6131-4fc6-8612-36509ed6293c: new RaftServerImpl for group-AC3A85B69AD7:[7741e6cf-6131-4fc6-8612-36509ed6293c:192.168.157.195:34114] with ContainerStateMachine:uninitialized
2019-09-12 11:53:25,283 [pool-71-thread-1] INFO  server.RaftServerConfigKeys (ConfUtils.java:logGet(43)) - raft.server.rpc.timeout.min = 5s (custom)
2019-09-12 11:53:25,284 [pool-71-thread-1] INFO  server.RaftServerConfigKeys (ConfUtils.java:logGet(43)) - raft.server.rpc.timeout.max = 5200ms (custom)
2019-09-12 11:53:25,284 [pool-71-thread-1] INFO  server.RaftServerConfigKeys (ConfUtils.java:logGet(43)) - raft.server.rpcslowness.timeout = 120s (custom)
2019-09-12 11:53:25,284 [pool-71-thread-1] INFO  server.RaftServerConfigKeys (ConfUtils.java:logGet(43)) - raft.server.sleep.deviation.threshold = 300 (default)
2019-09-12 11:53:25,284 [pool-71-thread-1] INFO  server.RaftServerConfigKeys (ConfUtils.java:logGet(43)) - raft.server.log.appender.install.snapshot.enabled = false (custom)
2019-09-12 11:53:25,284 [pool-71-thread-1] INFO  impl.RaftServerImpl (ServerState.java:<init>(105)) - 7741e6cf-6131-4fc6-8612-36509ed6293c:group-AC3A85B69AD7 ConfigurationManager, init=-1: [7741e6cf-6131-4fc6-8612-36509ed6293c:192.168.157.195:34114], old=null, confs=<EMPTY_MAP>
2019-09-12 11:53:25,285 [pool-71-thread-1] INFO  server.RaftServerConfigKeys (ConfUtils.java:logGet(43)) - raft.server.storage.dir = [/workdir/hadoop-ozone/tools/target/test-dir/MiniOzoneClusterImpl-2c48e7f1-ac08-442f-970e-1944cf2eec25/datanode-4/data/ratis] (custom)
2019-09-12 11:53:25,285 [pool-71-thread-1] INFO  storage.RaftStorageDirectory (RaftStorageDirectory.java:analyzeStorage(246)) - The storage directory /workdir/hadoop-ozone/tools/target/test-dir/MiniOzoneClusterImpl-2c48e7f1-ac08-442f-970e-1944cf2eec25/datanode-4/data/ratis/92fa249d-fcbb-4060-afd6-ac3a85b69ad7 does not exist. Creating ...
2019-09-12 11:53:25,287 | INFO  | OMAudit | user=jenkins1000 | ip=127.0.0.1 | op=CREATE_BUCKET {volume=vol-0-25878, bucket=bucket-0-06977, acls=[user:jenkins1000:a[ACCESS], group:default:a[ACCESS]], isVersionEnabled=false, storageType=DISK, creationTime=0} | ret=SUCCESS |  
2019-09-12 11:53:25,294 | INFO  | OMAudit | user=jenkins1000 | ip=127.0.0.1 | op=READ_BUCKET {volume=vol-0-25878, bucket=bucket-0-06977} | ret=SUCCESS |  
2019-09-12 11:53:25,299 [pool-71-thread-1] INFO  storage.RaftStorageDirectory (RaftStorageDirectory.java:tryLock(328)) - Lock on /workdir/hadoop-ozone/tools/target/test-dir/MiniOzoneClusterImpl-2c48e7f1-ac08-442f-970e-1944cf2eec25/datanode-4/data/ratis/92fa249d-fcbb-4060-afd6-ac3a85b69ad7/in_use.lock acquired by nodename 17412@pr-hdds-1569-xtfnx-3545843844
2019-09-12 11:53:25,312 [pool-71-thread-1] INFO  storage.RaftStorage (RaftStorage.java:format(72)) - Storage directory /workdir/hadoop-ozone/tools/target/test-dir/MiniOzoneClusterImpl-2c48e7f1-ac08-442f-970e-1944cf2eec25/datanode-4/data/ratis/92fa249d-fcbb-4060-afd6-ac3a85b69ad7 has been successfully formatted.
2019-09-12 11:53:25,313 [pool-71-thread-1] INFO  ratis.ContainerStateMachine (ContainerStateMachine.java:loadSnapshot(226)) - group-AC3A85B69AD7: The snapshot info is null. Setting the last applied indexto:(t:0, i:~)
2019-09-12 11:53:25,313 [pool-71-thread-1] INFO  server.RaftServerConfigKeys (ConfUtils.java:logGet(43)) - raft.server.leader.election.timeout = 120s (custom)
2019-09-12 11:53:25,313 [pool-71-thread-1] INFO  server.RaftServerConfigKeys (ConfUtils.java:logGet(43)) - raft.server.log.use.memory = false (default)
2019-09-12 11:53:25,313 [pool-71-thread-1] INFO  server.RaftServerConfigKeys (ConfUtils.java:logGet(43)) - raft.server.log.purge.gap = 1000000 (custom)
2019-09-12 11:53:25,314 [pool-71-thread-1] INFO  server.RaftServerConfigKeys (ConfUtils.java:logGet(43)) - raft.server.log.appender.buffer.byte-limit = 33554432 (custom)
2019-09-12 11:53:25,314 [pool-71-thread-1] INFO  server.RaftServerConfigKeys (ConfUtils.java:logGet(43)) - raft.server.log.segment.size.max = 1048576 (custom)
2019-09-12 11:53:25,314 [pool-71-thread-1] INFO  server.RaftServerConfigKeys (ConfUtils.java:logGet(43)) - raft.server.log.segment.cache.num.max = 2 (custom)
2019-09-12 11:53:25,314 [pool-71-thread-1] INFO  segmented.SegmentedRaftLogWorker (SegmentedRaftLogWorker.java:<init>(172)) - new 7741e6cf-6131-4fc6-8612-36509ed6293c-SegmentedRaftLogWorker:Storage Directory /workdir/hadoop-ozone/tools/target/test-dir/MiniOzoneClusterImpl-2c48e7f1-ac08-442f-970e-1944cf2eec25/datanode-4/data/ratis/92fa249d-fcbb-4060-afd6-ac3a85b69ad7 for RaftStorage:Storage Directory /workdir/hadoop-ozone/tools/target/test-dir/MiniOzoneClusterImpl-2c48e7f1-ac08-442f-970e-1944cf2eec25/datanode-4/data/ratis/92fa249d-fcbb-4060-afd6-ac3a85b69ad7
2019-09-12 11:53:25,314 [pool-71-thread-1] INFO  server.RaftServerConfigKeys (ConfUtils.java:logGet(43)) - raft.server.log.queue.byte-limit = 2147483647 (custom)
2019-09-12 11:53:25,315 [pool-71-thread-1] INFO  server.RaftServerConfigKeys (ConfUtils.java:logGet(43)) - raft.server.log.queue.element-limit = 1024 (custom)
2019-09-12 11:53:25,315 [pool-71-thread-1] INFO  server.RaftServerConfigKeys (ConfUtils.java:logGet(43)) - raft.server.log.segment.size.max = 1048576 (custom)
2019-09-12 11:53:25,315 [pool-71-thread-1] INFO  server.RaftServerConfigKeys (ConfUtils.java:logGet(43)) - raft.server.log.preallocated.size = 16384 (custom)
2019-09-12 11:53:25,315 [pool-71-thread-1] INFO  server.RaftServerConfigKeys (ConfUtils.java:logGet(43)) - raft.server.log.write.buffer.size = 33554432 (custom)
2019-09-12 11:53:25,315 [pool-71-thread-1] INFO  server.RaftServerConfigKeys (ConfUtils.java:logGet(43)) - raft.server.log.force.sync.num = 128 (default)
2019-09-12 11:53:25,316 [pool-71-thread-1] INFO  server.RaftServerConfigKeys (ConfUtils.java:logGet(43)) - raft.server.log.statemachine.data.sync = true (default)
2019-09-12 11:53:25,325 [pool-71-thread-1] INFO  server.RaftServerConfigKeys (ConfUtils.java:logGet(43)) - raft.server.log.statemachine.data.sync.timeout = 10s (default)
2019-09-12 11:53:25,325 [pool-71-thread-1] INFO  server.RaftServerConfigKeys (ConfUtils.java:logGet(43)) - raft.server.log.statemachine.data.sync.timeout.retry = -1 (default)
2019-09-12 11:53:25,326 [pool-71-thread-1] INFO  server.RaftServerConfigKeys (ConfUtils.java:logGet(43)) - raft.server.log.statemachine.data.caching.enabled = true (custom)
2019-09-12 11:53:25,326 [pool-71-thread-1] INFO  segmented.SegmentedRaftLogWorker (SegmentedRaftLogWorker.java:lambda$new$0(132)) - 7741e6cf-6131-4fc6-8612-36509ed6293c-SegmentedRaftLogWorker:Storage Directory /workdir/hadoop-ozone/tools/target/test-dir/MiniOzoneClusterImpl-2c48e7f1-ac08-442f-970e-1944cf2eec25/datanode-4/data/ratis/92fa249d-fcbb-4060-afd6-ac3a85b69ad7: flushIndex: setUnconditionally 0 -> -1
2019-09-12 11:53:25,327 [pool-71-thread-1] INFO  server.RaftServerConfigKeys (ConfUtils.java:logGet(43)) - raft.server.snapshot.auto.trigger.enabled = true (custom)
2019-09-12 11:53:25,327 [pool-71-thread-1] INFO  server.RaftServerConfigKeys (ConfUtils.java:logGet(43)) - raft.server.snapshot.auto.trigger.threshold = 10000 (custom)
2019-09-12 11:53:25,327 [pool-71-thread-1] INFO  server.RaftServerConfigKeys (ConfUtils.java:logGet(43)) - raft.server.retrycache.expirytime = 600000ms (custom)
2019-09-12 11:53:25,327 [pool-71-thread-1] INFO  impl.RaftServerImpl (RaftServerImpl.java:start(180)) - 7741e6cf-6131-4fc6-8612-36509ed6293c: start group-AC3A85B69AD7
2019-09-12 11:53:25,327 [pool-71-thread-1] INFO  impl.RaftServerImpl (RaftServerImpl.java:setRole(171)) - 7741e6cf-6131-4fc6-8612-36509ed6293c:group-AC3A85B69AD7 changes role from null to FOLLOWER at term 0 for startAsFollower
2019-09-12 11:53:25,328 [pool-71-thread-1] INFO  impl.RoleInfo (RoleInfo.java:updateAndGet(143)) - 7741e6cf-6131-4fc6-8612-36509ed6293c: start FollowerState
2019-09-12 11:53:25,328 [pool-71-thread-1] INFO  util.JmxRegister (JmxRegister.java:tryRegister(44)) - Successfully registered JMX Bean with object name Ratis:service=RaftServer,group=group-AC3A85B69AD7,id=7741e6cf-6131-4fc6-8612-36509ed6293c
2019-09-12 11:53:25,333 [RatisPipelineUtilsThread] INFO  pipeline.PipelineStateManager (PipelineStateManager.java:addPipeline(56)) - Created pipeline Pipeline[ Id: 92fa249d-fcbb-4060-afd6-ac3a85b69ad7, Nodes: 7741e6cf-6131-4fc6-8612-36509ed6293c{ip: 192.168.157.195, host: pr-hdds-1569-xtfnx-3545843844, networkLocation: /default-rack, certSerialId: null}, Type:RATIS, Factor:ONE, State:OPEN]
2019-09-12 11:53:25,334 [RatisPipelineUtilsThread] ERROR pipeline.PipelinePlacementPolicy (PipelinePlacementPolicy.java:meetCriteria(91)) - Pipeline Placement: Doesn't meet the criteria to be viable node. Heaviness: 6
2019-09-12 11:53:25,335 [RatisPipelineUtilsThread] ERROR pipeline.PipelinePlacementPolicy (PipelinePlacementPolicy.java:meetCriteria(91)) - Pipeline Placement: Doesn't meet the criteria to be viable node. Heaviness: 6
2019-09-12 11:53:25,335 [RatisPipelineUtilsThread] ERROR pipeline.PipelinePlacementPolicy (PipelinePlacementPolicy.java:meetCriteria(91)) - Pipeline Placement: Doesn't meet the criteria to be viable node. Heaviness: 6
2019-09-12 11:53:25,335 [RatisPipelineUtilsThread] ERROR pipeline.PipelinePlacementPolicy (PipelinePlacementPolicy.java:meetCriteria(91)) - Pipeline Placement: Doesn't meet the criteria to be viable node. Heaviness: 6
2019-09-12 11:53:25,344 [grpc-default-executor-0] INFO  impl.RaftServerProxy (RaftServerProxy.java:addNew(89)) - 7741e6cf-6131-4fc6-8612-36509ed6293c: addNew group-D6FFAABA26CE:[7741e6cf-6131-4fc6-8612-36509ed6293c:192.168.157.195:34114] returns group-D6FFAABA26CE:java.util.concurrent.CompletableFuture@a517409[Not completed]
2019-09-12 11:53:25,346 [pool-71-thread-1] INFO  impl.RaftServerImpl (RaftServerImpl.java:<init>(93)) - 7741e6cf-6131-4fc6-8612-36509ed6293c: new RaftServerImpl for group-D6FFAABA26CE:[7741e6cf-6131-4fc6-8612-36509ed6293c:192.168.157.195:34114] with ContainerStateMachine:uninitialized
2019-09-12 11:53:25,346 [pool-71-thread-1] INFO  server.RaftServerConfigKeys (ConfUtils.java:logGet(43)) - raft.server.rpc.timeout.min = 5s (custom)
2019-09-12 11:53:25,347 [pool-71-thread-1] INFO  server.RaftServerConfigKeys (ConfUtils.java:logGet(43)) - raft.server.rpc.timeout.max = 5200ms (custom)
2019-09-12 11:53:25,350 [pool-71-thread-1] INFO  server.RaftServerConfigKeys (ConfUtils.java:logGet(43)) - raft.server.rpcslowness.timeout = 120s (custom)
2019-09-12 11:53:25,350 [pool-71-thread-1] INFO  server.RaftServerConfigKeys (ConfUtils.java:logGet(43)) - raft.server.sleep.deviation.threshold = 300 (default)
2019-09-12 11:53:25,351 [pool-71-thread-1] INFO  server.RaftServerConfigKeys (ConfUtils.java:logGet(43)) - raft.server.log.appender.install.snapshot.enabled = false (custom)
2019-09-12 11:53:25,351 [pool-71-thread-1] INFO  impl.RaftServerImpl (ServerState.java:<init>(105)) - 7741e6cf-6131-4fc6-8612-36509ed6293c:group-D6FFAABA26CE ConfigurationManager, init=-1: [7741e6cf-6131-4fc6-8612-36509ed6293c:192.168.157.195:34114], old=null, confs=<EMPTY_MAP>
2019-09-12 11:53:25,351 [pool-71-thread-1] INFO  server.RaftServerConfigKeys (ConfUtils.java:logGet(43)) - raft.server.storage.dir = [/workdir/hadoop-ozone/tools/target/test-dir/MiniOzoneClusterImpl-2c48e7f1-ac08-442f-970e-1944cf2eec25/datanode-4/data/ratis] (custom)
2019-09-12 11:53:25,351 [pool-71-thread-1] INFO  storage.RaftStorageDirectory (RaftStorageDirectory.java:analyzeStorage(246)) - The storage directory /workdir/hadoop-ozone/tools/target/test-dir/MiniOzoneClusterImpl-2c48e7f1-ac08-442f-970e-1944cf2eec25/datanode-4/data/ratis/1bf60dbe-aa14-4ac5-9562-d6ffaaba26ce does not exist. Creating ...
2019-09-12 11:53:25,365 [pool-71-thread-1] INFO  storage.RaftStorageDirectory (RaftStorageDirectory.java:tryLock(328)) - Lock on /workdir/hadoop-ozone/tools/target/test-dir/MiniOzoneClusterImpl-2c48e7f1-ac08-442f-970e-1944cf2eec25/datanode-4/data/ratis/1bf60dbe-aa14-4ac5-9562-d6ffaaba26ce/in_use.lock acquired by nodename 17412@pr-hdds-1569-xtfnx-3545843844
2019-09-12 11:53:25,378 [pool-71-thread-1] INFO  storage.RaftStorage (RaftStorage.java:format(72)) - Storage directory /workdir/hadoop-ozone/tools/target/test-dir/MiniOzoneClusterImpl-2c48e7f1-ac08-442f-970e-1944cf2eec25/datanode-4/data/ratis/1bf60dbe-aa14-4ac5-9562-d6ffaaba26ce has been successfully formatted.
2019-09-12 11:53:25,378 [pool-71-thread-1] INFO  ratis.ContainerStateMachine (ContainerStateMachine.java:loadSnapshot(226)) - group-D6FFAABA26CE: The snapshot info is null. Setting the last applied indexto:(t:0, i:~)
2019-09-12 11:53:25,378 [pool-71-thread-1] INFO  server.RaftServerConfigKeys (ConfUtils.java:logGet(43)) - raft.server.leader.election.timeout = 120s (custom)
2019-09-12 11:53:25,378 [pool-71-thread-1] INFO  server.RaftServerConfigKeys (ConfUtils.java:logGet(43)) - raft.server.log.use.memory = false (default)
2019-09-12 11:53:25,379 [pool-71-thread-1] INFO  server.RaftServerConfigKeys (ConfUtils.java:logGet(43)) - raft.server.log.purge.gap = 1000000 (custom)
2019-09-12 11:53:25,379 [pool-71-thread-1] INFO  server.RaftServerConfigKeys (ConfUtils.java:logGet(43)) - raft.server.log.appender.buffer.byte-limit = 33554432 (custom)
2019-09-12 11:53:25,379 [pool-71-thread-1] INFO  server.RaftServerConfigKeys (ConfUtils.java:logGet(43)) - raft.server.log.segment.size.max = 1048576 (custom)
2019-09-12 11:53:25,379 [pool-71-thread-1] INFO  server.RaftServerConfigKeys (ConfUtils.java:logGet(43)) - raft.server.log.segment.cache.num.max = 2 (custom)
2019-09-12 11:53:25,379 [pool-71-thread-1] INFO  segmented.SegmentedRaftLogWorker (SegmentedRaftLogWorker.java:<init>(172)) - new 7741e6cf-6131-4fc6-8612-36509ed6293c-SegmentedRaftLogWorker:Storage Directory /workdir/hadoop-ozone/tools/target/test-dir/MiniOzoneClusterImpl-2c48e7f1-ac08-442f-970e-1944cf2eec25/datanode-4/data/ratis/1bf60dbe-aa14-4ac5-9562-d6ffaaba26ce for RaftStorage:Storage Directory /workdir/hadoop-ozone/tools/target/test-dir/MiniOzoneClusterImpl-2c48e7f1-ac08-442f-970e-1944cf2eec25/datanode-4/data/ratis/1bf60dbe-aa14-4ac5-9562-d6ffaaba26ce
2019-09-12 11:53:25,379 [pool-71-thread-1] INFO  server.RaftServerConfigKeys (ConfUtils.java:logGet(43)) - raft.server.log.queue.byte-limit = 2147483647 (custom)
2019-09-12 11:53:25,379 [pool-71-thread-1] INFO  server.RaftServerConfigKeys (ConfUtils.java:logGet(43)) - raft.server.log.queue.element-limit = 1024 (custom)
2019-09-12 11:53:25,380 [pool-71-thread-1] INFO  server.RaftServerConfigKeys (ConfUtils.java:logGet(43)) - raft.server.log.segment.size.max = 1048576 (custom)
2019-09-12 11:53:25,380 [pool-71-thread-1] INFO  server.RaftServerConfigKeys (ConfUtils.java:logGet(43)) - raft.server.log.preallocated.size = 16384 (custom)
2019-09-12 11:53:25,380 [pool-71-thread-1] INFO  server.RaftServerConfigKeys (ConfUtils.java:logGet(43)) - raft.server.log.write.buffer.size = 33554432 (custom)
2019-09-12 11:53:25,380 [pool-71-thread-1] INFO  server.RaftServerConfigKeys (ConfUtils.java:logGet(43)) - raft.server.log.force.sync.num = 128 (default)
2019-09-12 11:53:25,380 [pool-71-thread-1] INFO  server.RaftServerConfigKeys (ConfUtils.java:logGet(43)) - raft.server.log.statemachine.data.sync = true (default)
2019-09-12 11:53:25,380 [pool-71-thread-1] INFO  server.RaftServerConfigKeys (ConfUtils.java:logGet(43)) - raft.server.log.statemachine.data.sync.timeout = 10s (default)
2019-09-12 11:53:25,380 [pool-71-thread-1] INFO  server.RaftServerConfigKeys (ConfUtils.java:logGet(43)) - raft.server.log.statemachine.data.sync.timeout.retry = -1 (default)
2019-09-12 11:53:25,381 [pool-71-thread-1] INFO  server.RaftServerConfigKeys (ConfUtils.java:logGet(43)) - raft.server.log.statemachine.data.caching.enabled = true (custom)
2019-09-12 11:53:25,381 [pool-71-thread-1] INFO  segmented.SegmentedRaftLogWorker (SegmentedRaftLogWorker.java:lambda$new$0(132)) - 7741e6cf-6131-4fc6-8612-36509ed6293c-SegmentedRaftLogWorker:Storage Directory /workdir/hadoop-ozone/tools/target/test-dir/MiniOzoneClusterImpl-2c48e7f1-ac08-442f-970e-1944cf2eec25/datanode-4/data/ratis/1bf60dbe-aa14-4ac5-9562-d6ffaaba26ce: flushIndex: setUnconditionally 0 -> -1
2019-09-12 11:53:25,381 [pool-71-thread-1] INFO  server.RaftServerConfigKeys (ConfUtils.java:logGet(43)) - raft.server.snapshot.auto.trigger.enabled = true (custom)
2019-09-12 11:53:25,381 [pool-71-thread-1] INFO  server.RaftServerConfigKeys (ConfUtils.java:logGet(43)) - raft.server.snapshot.auto.trigger.threshold = 10000 (custom)
2019-09-12 11:53:25,381 [pool-71-thread-1] INFO  server.RaftServerConfigKeys (ConfUtils.java:logGet(43)) - raft.server.retrycache.expirytime = 600000ms (custom)
2019-09-12 11:53:25,382 [pool-71-thread-1] INFO  impl.RaftServerImpl (RaftServerImpl.java:start(180)) - 7741e6cf-6131-4fc6-8612-36509ed6293c: start group-D6FFAABA26CE
2019-09-12 11:53:25,382 [pool-71-thread-1] INFO  impl.RaftServerImpl (RaftServerImpl.java:setRole(171)) - 7741e6cf-6131-4fc6-8612-36509ed6293c:group-D6FFAABA26CE changes role from null to FOLLOWER at term 0 for startAsFollower
2019-09-12 11:53:25,382 [pool-71-thread-1] INFO  impl.RoleInfo (RoleInfo.java:updateAndGet(143)) - 7741e6cf-6131-4fc6-8612-36509ed6293c: start FollowerState
2019-09-12 11:53:25,382 [pool-71-thread-1] INFO  util.JmxRegister (JmxRegister.java:tryRegister(44)) - Successfully registered JMX Bean with object name Ratis:service=RaftServer,group=group-D6FFAABA26CE,id=7741e6cf-6131-4fc6-8612-36509ed6293c
2019-09-12 11:53:25,387 [RatisPipelineUtilsThread] INFO  pipeline.PipelineStateManager (PipelineStateManager.java:addPipeline(56)) - Created pipeline Pipeline[ Id: 1bf60dbe-aa14-4ac5-9562-d6ffaaba26ce, Nodes: 7741e6cf-6131-4fc6-8612-36509ed6293c{ip: 192.168.157.195, host: pr-hdds-1569-xtfnx-3545843844, networkLocation: /default-rack, certSerialId: null}, Type:RATIS, Factor:ONE, State:OPEN]
2019-09-12 11:53:25,389 [RatisPipelineUtilsThread] ERROR pipeline.PipelinePlacementPolicy (PipelinePlacementPolicy.java:meetCriteria(91)) - Pipeline Placement: Doesn't meet the criteria to be viable node. Heaviness: 6
2019-09-12 11:53:25,389 [RatisPipelineUtilsThread] ERROR pipeline.PipelinePlacementPolicy (PipelinePlacementPolicy.java:meetCriteria(91)) - Pipeline Placement: Doesn't meet the criteria to be viable node. Heaviness: 6
2019-09-12 11:53:25,389 [RatisPipelineUtilsThread] ERROR pipeline.PipelinePlacementPolicy (PipelinePlacementPolicy.java:meetCriteria(91)) - Pipeline Placement: Doesn't meet the criteria to be viable node. Heaviness: 6
2019-09-12 11:53:25,389 [RatisPipelineUtilsThread] ERROR pipeline.PipelinePlacementPolicy (PipelinePlacementPolicy.java:meetCriteria(91)) - Pipeline Placement: Doesn't meet the criteria to be viable node. Heaviness: 6
2019-09-12 11:53:25,399 [grpc-default-executor-0] INFO  impl.RaftServerProxy (RaftServerProxy.java:addNew(89)) - 7741e6cf-6131-4fc6-8612-36509ed6293c: addNew group-9ACFADBB680D:[7741e6cf-6131-4fc6-8612-36509ed6293c:192.168.157.195:34114] returns group-9ACFADBB680D:java.util.concurrent.CompletableFuture@607294b4[Not completed]
2019-09-12 11:53:25,400 [pool-71-thread-1] INFO  impl.RaftServerImpl (RaftServerImpl.java:<init>(93)) - 7741e6cf-6131-4fc6-8612-36509ed6293c: new RaftServerImpl for group-9ACFADBB680D:[7741e6cf-6131-4fc6-8612-36509ed6293c:192.168.157.195:34114] with ContainerStateMachine:uninitialized
2019-09-12 11:53:25,400 [pool-71-thread-1] INFO  server.RaftServerConfigKeys (ConfUtils.java:logGet(43)) - raft.server.rpc.timeout.min = 5s (custom)
2019-09-12 11:53:25,400 [pool-71-thread-1] INFO  server.RaftServerConfigKeys (ConfUtils.java:logGet(43)) - raft.server.rpc.timeout.max = 5200ms (custom)
2019-09-12 11:53:25,400 [pool-71-thread-1] INFO  server.RaftServerConfigKeys (ConfUtils.java:logGet(43)) - raft.server.rpcslowness.timeout = 120s (custom)
2019-09-12 11:53:25,400 [pool-71-thread-1] INFO  server.RaftServerConfigKeys (ConfUtils.java:logGet(43)) - raft.server.sleep.deviation.threshold = 300 (default)
2019-09-12 11:53:25,400 [pool-71-thread-1] INFO  server.RaftServerConfigKeys (ConfUtils.java:logGet(43)) - raft.server.log.appender.install.snapshot.enabled = false (custom)
2019-09-12 11:53:25,401 [pool-71-thread-1] INFO  impl.RaftServerImpl (ServerState.java:<init>(105)) - 7741e6cf-6131-4fc6-8612-36509ed6293c:group-9ACFADBB680D ConfigurationManager, init=-1: [7741e6cf-6131-4fc6-8612-36509ed6293c:192.168.157.195:34114], old=null, confs=<EMPTY_MAP>
2019-09-12 11:53:25,401 [pool-71-thread-1] INFO  server.RaftServerConfigKeys (ConfUtils.java:logGet(43)) - raft.server.storage.dir = [/workdir/hadoop-ozone/tools/target/test-dir/MiniOzoneClusterImpl-2c48e7f1-ac08-442f-970e-1944cf2eec25/datanode-4/data/ratis] (custom)
2019-09-12 11:53:25,401 [pool-71-thread-1] INFO  storage.RaftStorageDirectory (RaftStorageDirectory.java:analyzeStorage(246)) - The storage directory /workdir/hadoop-ozone/tools/target/test-dir/MiniOzoneClusterImpl-2c48e7f1-ac08-442f-970e-1944cf2eec25/datanode-4/data/ratis/54b26ed5-fe32-4694-ae1c-9acfadbb680d does not exist. Creating ...
2019-09-12 11:53:25,413 [pool-71-thread-1] INFO  storage.RaftStorageDirectory (RaftStorageDirectory.java:tryLock(328)) - Lock on /workdir/hadoop-ozone/tools/target/test-dir/MiniOzoneClusterImpl-2c48e7f1-ac08-442f-970e-1944cf2eec25/datanode-4/data/ratis/54b26ed5-fe32-4694-ae1c-9acfadbb680d/in_use.lock acquired by nodename 17412@pr-hdds-1569-xtfnx-3545843844
2019-09-12 11:53:25,426 [pool-71-thread-1] INFO  storage.RaftStorage (RaftStorage.java:format(72)) - Storage directory /workdir/hadoop-ozone/tools/target/test-dir/MiniOzoneClusterImpl-2c48e7f1-ac08-442f-970e-1944cf2eec25/datanode-4/data/ratis/54b26ed5-fe32-4694-ae1c-9acfadbb680d has been successfully formatted.
2019-09-12 11:53:25,426 [pool-71-thread-1] INFO  ratis.ContainerStateMachine (ContainerStateMachine.java:loadSnapshot(226)) - group-9ACFADBB680D: The snapshot info is null. Setting the last applied indexto:(t:0, i:~)
2019-09-12 11:53:25,426 [pool-71-thread-1] INFO  server.RaftServerConfigKeys (ConfUtils.java:logGet(43)) - raft.server.leader.election.timeout = 120s (custom)
2019-09-12 11:53:25,426 [pool-71-thread-1] INFO  server.RaftServerConfigKeys (ConfUtils.java:logGet(43)) - raft.server.log.use.memory = false (default)
2019-09-12 11:53:25,426 [pool-71-thread-1] INFO  server.RaftServerConfigKeys (ConfUtils.java:logGet(43)) - raft.server.log.purge.gap = 1000000 (custom)
2019-09-12 11:53:25,426 [pool-71-thread-1] INFO  server.RaftServerConfigKeys (ConfUtils.java:logGet(43)) - raft.server.log.appender.buffer.byte-limit = 33554432 (custom)
2019-09-12 11:53:25,427 [pool-71-thread-1] INFO  server.RaftServerConfigKeys (ConfUtils.java:logGet(43)) - raft.server.log.segment.size.max = 1048576 (custom)
2019-09-12 11:53:25,427 [pool-71-thread-1] INFO  server.RaftServerConfigKeys (ConfUtils.java:logGet(43)) - raft.server.log.segment.cache.num.max = 2 (custom)
2019-09-12 11:53:25,427 [pool-71-thread-1] INFO  segmented.SegmentedRaftLogWorker (SegmentedRaftLogWorker.java:<init>(172)) - new 7741e6cf-6131-4fc6-8612-36509ed6293c-SegmentedRaftLogWorker:Storage Directory /workdir/hadoop-ozone/tools/target/test-dir/MiniOzoneClusterImpl-2c48e7f1-ac08-442f-970e-1944cf2eec25/datanode-4/data/ratis/54b26ed5-fe32-4694-ae1c-9acfadbb680d for RaftStorage:Storage Directory /workdir/hadoop-ozone/tools/target/test-dir/MiniOzoneClusterImpl-2c48e7f1-ac08-442f-970e-1944cf2eec25/datanode-4/data/ratis/54b26ed5-fe32-4694-ae1c-9acfadbb680d
2019-09-12 11:53:25,427 [pool-71-thread-1] INFO  server.RaftServerConfigKeys (ConfUtils.java:logGet(43)) - raft.server.log.queue.byte-limit = 2147483647 (custom)
2019-09-12 11:53:25,427 [pool-71-thread-1] INFO  server.RaftServerConfigKeys (ConfUtils.java:logGet(43)) - raft.server.log.queue.element-limit = 1024 (custom)
2019-09-12 11:53:25,427 [pool-71-thread-1] INFO  server.RaftServerConfigKeys (ConfUtils.java:logGet(43)) - raft.server.log.segment.size.max = 1048576 (custom)
2019-09-12 11:53:25,427 [pool-71-thread-1] INFO  server.RaftServerConfigKeys (ConfUtils.java:logGet(43)) - raft.server.log.preallocated.size = 16384 (custom)
2019-09-12 11:53:25,428 [pool-71-thread-1] INFO  server.RaftServerConfigKeys (ConfUtils.java:logGet(43)) - raft.server.log.write.buffer.size = 33554432 (custom)
2019-09-12 11:53:25,428 [pool-71-thread-1] INFO  server.RaftServerConfigKeys (ConfUtils.java:logGet(43)) - raft.server.log.force.sync.num = 128 (default)
2019-09-12 11:53:25,428 [pool-71-thread-1] INFO  server.RaftServerConfigKeys (ConfUtils.java:logGet(43)) - raft.server.log.statemachine.data.sync = true (default)
2019-09-12 11:53:25,428 [pool-71-thread-1] INFO  server.RaftServerConfigKeys (ConfUtils.java:logGet(43)) - raft.server.log.statemachine.data.sync.timeout = 10s (default)
2019-09-12 11:53:25,428 [pool-71-thread-1] INFO  server.RaftServerConfigKeys (ConfUtils.java:logGet(43)) - raft.server.log.statemachine.data.sync.timeout.retry = -1 (default)
2019-09-12 11:53:25,428 [pool-71-thread-1] INFO  server.RaftServerConfigKeys (ConfUtils.java:logGet(43)) - raft.server.log.statemachine.data.caching.enabled = true (custom)
2019-09-12 11:53:25,429 [pool-71-thread-1] INFO  segmented.SegmentedRaftLogWorker (SegmentedRaftLogWorker.java:lambda$new$0(132)) - 7741e6cf-6131-4fc6-8612-36509ed6293c-SegmentedRaftLogWorker:Storage Directory /workdir/hadoop-ozone/tools/target/test-dir/MiniOzoneClusterImpl-2c48e7f1-ac08-442f-970e-1944cf2eec25/datanode-4/data/ratis/54b26ed5-fe32-4694-ae1c-9acfadbb680d: flushIndex: setUnconditionally 0 -> -1
2019-09-12 11:53:25,429 [pool-71-thread-1] INFO  server.RaftServerConfigKeys (ConfUtils.java:logGet(43)) - raft.server.snapshot.auto.trigger.enabled = true (custom)
2019-09-12 11:53:25,429 [pool-71-thread-1] INFO  server.RaftServerConfigKeys (ConfUtils.java:logGet(43)) - raft.server.snapshot.auto.trigger.threshold = 10000 (custom)
2019-09-12 11:53:25,429 [pool-71-thread-1] INFO  server.RaftServerConfigKeys (ConfUtils.java:logGet(43)) - raft.server.retrycache.expirytime = 600000ms (custom)
2019-09-12 11:53:25,429 [pool-71-thread-1] INFO  impl.RaftServerImpl (RaftServerImpl.java:start(180)) - 7741e6cf-6131-4fc6-8612-36509ed6293c: start group-9ACFADBB680D
2019-09-12 11:53:25,429 [pool-71-thread-1] INFO  impl.RaftServerImpl (RaftServerImpl.java:setRole(171)) - 7741e6cf-6131-4fc6-8612-36509ed6293c:group-9ACFADBB680D changes role from null to FOLLOWER at term 0 for startAsFollower
2019-09-12 11:53:25,430 [pool-71-thread-1] INFO  impl.RoleInfo (RoleInfo.java:updateAndGet(143)) - 7741e6cf-6131-4fc6-8612-36509ed6293c: start FollowerState
2019-09-12 11:53:25,430 [pool-71-thread-1] INFO  util.JmxRegister (JmxRegister.java:tryRegister(44)) - Successfully registered JMX Bean with object name Ratis:service=RaftServer,group=group-9ACFADBB680D,id=7741e6cf-6131-4fc6-8612-36509ed6293c
2019-09-12 11:53:25,435 [RatisPipelineUtilsThread] INFO  pipeline.PipelineStateManager (PipelineStateManager.java:addPipeline(56)) - Created pipeline Pipeline[ Id: 54b26ed5-fe32-4694-ae1c-9acfadbb680d, Nodes: 7741e6cf-6131-4fc6-8612-36509ed6293c{ip: 192.168.157.195, host: pr-hdds-1569-xtfnx-3545843844, networkLocation: /default-rack, certSerialId: null}, Type:RATIS, Factor:ONE, State:OPEN]
2019-09-12 11:53:25,436 [RatisPipelineUtilsThread] ERROR pipeline.PipelinePlacementPolicy (PipelinePlacementPolicy.java:meetCriteria(91)) - Pipeline Placement: Doesn't meet the criteria to be viable node. Heaviness: 6
2019-09-12 11:53:25,437 [RatisPipelineUtilsThread] ERROR pipeline.PipelinePlacementPolicy (PipelinePlacementPolicy.java:meetCriteria(91)) - Pipeline Placement: Doesn't meet the criteria to be viable node. Heaviness: 6
2019-09-12 11:53:25,437 [RatisPipelineUtilsThread] ERROR pipeline.PipelinePlacementPolicy (PipelinePlacementPolicy.java:meetCriteria(91)) - Pipeline Placement: Doesn't meet the criteria to be viable node. Heaviness: 6
2019-09-12 11:53:25,437 [RatisPipelineUtilsThread] ERROR pipeline.PipelinePlacementPolicy (PipelinePlacementPolicy.java:meetCriteria(91)) - Pipeline Placement: Doesn't meet the criteria to be viable node. Heaviness: 6
2019-09-12 11:53:25,443 | INFO  | SCMAudit | user=jenkins1000 | ip=192.168.157.195 | op=SEND_HEARTBEAT {datanodeUUID=028783e7-22fc-47b5-934a-5e8bf88f7fe6, command=[]} | ret=SUCCESS |  
2019-09-12 11:53:25,449 [grpc-default-executor-0] INFO  impl.RaftServerProxy (RaftServerProxy.java:addNew(89)) - 7741e6cf-6131-4fc6-8612-36509ed6293c: addNew group-E7A9E55B2C86:[7741e6cf-6131-4fc6-8612-36509ed6293c:192.168.157.195:34114] returns group-E7A9E55B2C86:java.util.concurrent.CompletableFuture@4013c73a[Not completed]
2019-09-12 11:53:25,450 [pool-71-thread-1] INFO  impl.RaftServerImpl (RaftServerImpl.java:<init>(93)) - 7741e6cf-6131-4fc6-8612-36509ed6293c: new RaftServerImpl for group-E7A9E55B2C86:[7741e6cf-6131-4fc6-8612-36509ed6293c:192.168.157.195:34114] with ContainerStateMachine:uninitialized
2019-09-12 11:53:25,450 [pool-71-thread-1] INFO  server.RaftServerConfigKeys (ConfUtils.java:logGet(43)) - raft.server.rpc.timeout.min = 5s (custom)
2019-09-12 11:53:25,450 [pool-71-thread-1] INFO  server.RaftServerConfigKeys (ConfUtils.java:logGet(43)) - raft.server.rpc.timeout.max = 5200ms (custom)
2019-09-12 11:53:25,450 [pool-71-thread-1] INFO  server.RaftServerConfigKeys (ConfUtils.java:logGet(43)) - raft.server.rpcslowness.timeout = 120s (custom)
2019-09-12 11:53:25,450 [pool-71-thread-1] INFO  server.RaftServerConfigKeys (ConfUtils.java:logGet(43)) - raft.server.sleep.deviation.threshold = 300 (default)
2019-09-12 11:53:25,450 [pool-71-thread-1] INFO  server.RaftServerConfigKeys (ConfUtils.java:logGet(43)) - raft.server.log.appender.install.snapshot.enabled = false (custom)
2019-09-12 11:53:25,450 [pool-71-thread-1] INFO  impl.RaftServerImpl (ServerState.java:<init>(105)) - 7741e6cf-6131-4fc6-8612-36509ed6293c:group-E7A9E55B2C86 ConfigurationManager, init=-1: [7741e6cf-6131-4fc6-8612-36509ed6293c:192.168.157.195:34114], old=null, confs=<EMPTY_MAP>
2019-09-12 11:53:25,451 [pool-71-thread-1] INFO  server.RaftServerConfigKeys (ConfUtils.java:logGet(43)) - raft.server.storage.dir = [/workdir/hadoop-ozone/tools/target/test-dir/MiniOzoneClusterImpl-2c48e7f1-ac08-442f-970e-1944cf2eec25/datanode-4/data/ratis] (custom)
2019-09-12 11:53:25,451 [pool-71-thread-1] INFO  storage.RaftStorageDirectory (RaftStorageDirectory.java:analyzeStorage(246)) - The storage directory /workdir/hadoop-ozone/tools/target/test-dir/MiniOzoneClusterImpl-2c48e7f1-ac08-442f-970e-1944cf2eec25/datanode-4/data/ratis/f94bf964-cf6d-4df4-b60a-e7a9e55b2c86 does not exist. Creating ...
2019-09-12 11:53:25,464 [pool-71-thread-1] INFO  storage.RaftStorageDirectory (RaftStorageDirectory.java:tryLock(328)) - Lock on /workdir/hadoop-ozone/tools/target/test-dir/MiniOzoneClusterImpl-2c48e7f1-ac08-442f-970e-1944cf2eec25/datanode-4/data/ratis/f94bf964-cf6d-4df4-b60a-e7a9e55b2c86/in_use.lock acquired by nodename 17412@pr-hdds-1569-xtfnx-3545843844
2019-09-12 11:53:25,477 [pool-71-thread-1] INFO  storage.RaftStorage (RaftStorage.java:format(72)) - Storage directory /workdir/hadoop-ozone/tools/target/test-dir/MiniOzoneClusterImpl-2c48e7f1-ac08-442f-970e-1944cf2eec25/datanode-4/data/ratis/f94bf964-cf6d-4df4-b60a-e7a9e55b2c86 has been successfully formatted.
2019-09-12 11:53:25,478 [pool-71-thread-1] INFO  ratis.ContainerStateMachine (ContainerStateMachine.java:loadSnapshot(226)) - group-E7A9E55B2C86: The snapshot info is null. Setting the last applied indexto:(t:0, i:~)
2019-09-12 11:53:25,478 [pool-71-thread-1] INFO  server.RaftServerConfigKeys (ConfUtils.java:logGet(43)) - raft.server.leader.election.timeout = 120s (custom)
2019-09-12 11:53:25,478 [pool-71-thread-1] INFO  server.RaftServerConfigKeys (ConfUtils.java:logGet(43)) - raft.server.log.use.memory = false (default)
2019-09-12 11:53:25,478 [pool-71-thread-1] INFO  server.RaftServerConfigKeys (ConfUtils.java:logGet(43)) - raft.server.log.purge.gap = 1000000 (custom)
2019-09-12 11:53:25,478 [pool-71-thread-1] INFO  server.RaftServerConfigKeys (ConfUtils.java:logGet(43)) - raft.server.log.appender.buffer.byte-limit = 33554432 (custom)
2019-09-12 11:53:25,479 [pool-71-thread-1] INFO  server.RaftServerConfigKeys (ConfUtils.java:logGet(43)) - raft.server.log.segment.size.max = 1048576 (custom)
2019-09-12 11:53:25,479 [pool-71-thread-1] INFO  server.RaftServerConfigKeys (ConfUtils.java:logGet(43)) - raft.server.log.segment.cache.num.max = 2 (custom)
2019-09-12 11:53:25,479 [pool-71-thread-1] INFO  segmented.SegmentedRaftLogWorker (SegmentedRaftLogWorker.java:<init>(172)) - new 7741e6cf-6131-4fc6-8612-36509ed6293c-SegmentedRaftLogWorker:Storage Directory /workdir/hadoop-ozone/tools/target/test-dir/MiniOzoneClusterImpl-2c48e7f1-ac08-442f-970e-1944cf2eec25/datanode-4/data/ratis/f94bf964-cf6d-4df4-b60a-e7a9e55b2c86 for RaftStorage:Storage Directory /workdir/hadoop-ozone/tools/target/test-dir/MiniOzoneClusterImpl-2c48e7f1-ac08-442f-970e-1944cf2eec25/datanode-4/data/ratis/f94bf964-cf6d-4df4-b60a-e7a9e55b2c86
2019-09-12 11:53:25,479 [pool-71-thread-1] INFO  server.RaftServerConfigKeys (ConfUtils.java:logGet(43)) - raft.server.log.queue.byte-limit = 2147483647 (custom)
2019-09-12 11:53:25,479 [pool-71-thread-1] INFO  server.RaftServerConfigKeys (ConfUtils.java:logGet(43)) - raft.server.log.queue.element-limit = 1024 (custom)
2019-09-12 11:53:25,479 [pool-71-thread-1] INFO  server.RaftServerConfigKeys (ConfUtils.java:logGet(43)) - raft.server.log.segment.size.max = 1048576 (custom)
2019-09-12 11:53:25,480 [pool-71-thread-1] INFO  server.RaftServerConfigKeys (ConfUtils.java:logGet(43)) - raft.server.log.preallocated.size = 16384 (custom)
2019-09-12 11:53:25,480 [pool-71-thread-1] INFO  server.RaftServerConfigKeys (ConfUtils.java:logGet(43)) - raft.server.log.write.buffer.size = 33554432 (custom)
2019-09-12 11:53:25,480 [pool-71-thread-1] INFO  server.RaftServerConfigKeys (ConfUtils.java:logGet(43)) - raft.server.log.force.sync.num = 128 (default)
2019-09-12 11:53:25,480 [pool-71-thread-1] INFO  server.RaftServerConfigKeys (ConfUtils.java:logGet(43)) - raft.server.log.statemachine.data.sync = true (default)
2019-09-12 11:53:25,480 [pool-71-thread-1] INFO  server.RaftServerConfigKeys (ConfUtils.java:logGet(43)) - raft.server.log.statemachine.data.sync.timeout = 10s (default)
2019-09-12 11:53:25,480 [pool-71-thread-1] INFO  server.RaftServerConfigKeys (ConfUtils.java:logGet(43)) - raft.server.log.statemachine.data.sync.timeout.retry = -1 (default)
2019-09-12 11:53:25,481 [pool-71-thread-1] INFO  server.RaftServerConfigKeys (ConfUtils.java:logGet(43)) - raft.server.log.statemachine.data.caching.enabled = true (custom)
2019-09-12 11:53:25,481 [pool-71-thread-1] INFO  segmented.SegmentedRaftLogWorker (SegmentedRaftLogWorker.java:lambda$new$0(132)) - 7741e6cf-6131-4fc6-8612-36509ed6293c-SegmentedRaftLogWorker:Storage Directory /workdir/hadoop-ozone/tools/target/test-dir/MiniOzoneClusterImpl-2c48e7f1-ac08-442f-970e-1944cf2eec25/datanode-4/data/ratis/f94bf964-cf6d-4df4-b60a-e7a9e55b2c86: flushIndex: setUnconditionally 0 -> -1
2019-09-12 11:53:25,481 [pool-71-thread-1] INFO  server.RaftServerConfigKeys (ConfUtils.java:logGet(43)) - raft.server.snapshot.auto.trigger.enabled = true (custom)
2019-09-12 11:53:25,482 [pool-71-thread-1] INFO  server.RaftServerConfigKeys (ConfUtils.java:logGet(43)) - raft.server.snapshot.auto.trigger.threshold = 10000 (custom)
2019-09-12 11:53:25,482 [pool-71-thread-1] INFO  server.RaftServerConfigKeys (ConfUtils.java:logGet(43)) - raft.server.retrycache.expirytime = 600000ms (custom)
2019-09-12 11:53:25,482 [pool-71-thread-1] INFO  impl.RaftServerImpl (RaftServerImpl.java:start(180)) - 7741e6cf-6131-4fc6-8612-36509ed6293c: start group-E7A9E55B2C86
2019-09-12 11:53:25,482 [pool-71-thread-1] INFO  impl.RaftServerImpl (RaftServerImpl.java:setRole(171)) - 7741e6cf-6131-4fc6-8612-36509ed6293c:group-E7A9E55B2C86 changes role from null to FOLLOWER at term 0 for startAsFollower
2019-09-12 11:53:25,482 [pool-71-thread-1] INFO  impl.RoleInfo (RoleInfo.java:updateAndGet(143)) - 7741e6cf-6131-4fc6-8612-36509ed6293c: start FollowerState
2019-09-12 11:53:25,483 [pool-71-thread-1] INFO  util.JmxRegister (JmxRegister.java:tryRegister(44)) - Successfully registered JMX Bean with object name Ratis:service=RaftServer,group=group-E7A9E55B2C86,id=7741e6cf-6131-4fc6-8612-36509ed6293c
2019-09-12 11:53:25,487 [RatisPipelineUtilsThread] INFO  pipeline.PipelineStateManager (PipelineStateManager.java:addPipeline(56)) - Created pipeline Pipeline[ Id: f94bf964-cf6d-4df4-b60a-e7a9e55b2c86, Nodes: 7741e6cf-6131-4fc6-8612-36509ed6293c{ip: 192.168.157.195, host: pr-hdds-1569-xtfnx-3545843844, networkLocation: /default-rack, certSerialId: null}, Type:RATIS, Factor:ONE, State:OPEN]
2019-09-12 11:53:25,489 [RatisPipelineUtilsThread] ERROR pipeline.PipelinePlacementPolicy (PipelinePlacementPolicy.java:meetCriteria(91)) - Pipeline Placement: Doesn't meet the criteria to be viable node. Heaviness: 6
2019-09-12 11:53:25,489 [RatisPipelineUtilsThread] ERROR pipeline.PipelinePlacementPolicy (PipelinePlacementPolicy.java:meetCriteria(91)) - Pipeline Placement: Doesn't meet the criteria to be viable node. Heaviness: 6
2019-09-12 11:53:25,490 [RatisPipelineUtilsThread] ERROR pipeline.PipelinePlacementPolicy (PipelinePlacementPolicy.java:meetCriteria(91)) - Pipeline Placement: Doesn't meet the criteria to be viable node. Heaviness: 6
2019-09-12 11:53:25,490 [RatisPipelineUtilsThread] ERROR pipeline.PipelinePlacementPolicy (PipelinePlacementPolicy.java:meetCriteria(91)) - Pipeline Placement: Doesn't meet the criteria to be viable node. Heaviness: 6
2019-09-12 11:53:25,499 [grpc-default-executor-0] INFO  impl.RaftServerProxy (RaftServerProxy.java:addNew(89)) - 7741e6cf-6131-4fc6-8612-36509ed6293c: addNew group-6756D3DDB241:[7741e6cf-6131-4fc6-8612-36509ed6293c:192.168.157.195:34114] returns group-6756D3DDB241:java.util.concurrent.CompletableFuture@4efb4f3b[Not completed]
2019-09-12 11:53:25,501 [pool-71-thread-1] INFO  impl.RaftServerImpl (RaftServerImpl.java:<init>(93)) - 7741e6cf-6131-4fc6-8612-36509ed6293c: new RaftServerImpl for group-6756D3DDB241:[7741e6cf-6131-4fc6-8612-36509ed6293c:192.168.157.195:34114] with ContainerStateMachine:uninitialized
2019-09-12 11:53:25,501 [pool-71-thread-1] INFO  server.RaftServerConfigKeys (ConfUtils.java:logGet(43)) - raft.server.rpc.timeout.min = 5s (custom)
2019-09-12 11:53:25,501 [pool-71-thread-1] INFO  server.RaftServerConfigKeys (ConfUtils.java:logGet(43)) - raft.server.rpc.timeout.max = 5200ms (custom)
2019-09-12 11:53:25,501 [pool-71-thread-1] INFO  server.RaftServerConfigKeys (ConfUtils.java:logGet(43)) - raft.server.rpcslowness.timeout = 120s (custom)
2019-09-12 11:53:25,501 [pool-71-thread-1] INFO  server.RaftServerConfigKeys (ConfUtils.java:logGet(43)) - raft.server.sleep.deviation.threshold = 300 (default)
2019-09-12 11:53:25,501 [pool-71-thread-1] INFO  server.RaftServerConfigKeys (ConfUtils.java:logGet(43)) - raft.server.log.appender.install.snapshot.enabled = false (custom)
2019-09-12 11:53:25,501 [pool-71-thread-1] INFO  impl.RaftServerImpl (ServerState.java:<init>(105)) - 7741e6cf-6131-4fc6-8612-36509ed6293c:group-6756D3DDB241 ConfigurationManager, init=-1: [7741e6cf-6131-4fc6-8612-36509ed6293c:192.168.157.195:34114], old=null, confs=<EMPTY_MAP>
2019-09-12 11:53:25,502 [pool-71-thread-1] INFO  server.RaftServerConfigKeys (ConfUtils.java:logGet(43)) - raft.server.storage.dir = [/workdir/hadoop-ozone/tools/target/test-dir/MiniOzoneClusterImpl-2c48e7f1-ac08-442f-970e-1944cf2eec25/datanode-4/data/ratis] (custom)
2019-09-12 11:53:25,502 [pool-71-thread-1] INFO  storage.RaftStorageDirectory (RaftStorageDirectory.java:analyzeStorage(246)) - The storage directory /workdir/hadoop-ozone/tools/target/test-dir/MiniOzoneClusterImpl-2c48e7f1-ac08-442f-970e-1944cf2eec25/datanode-4/data/ratis/e10b0f13-0c6a-4a6b-bb0e-6756d3ddb241 does not exist. Creating ...
2019-09-12 11:53:25,509 [pool-71-thread-1] INFO  storage.RaftStorageDirectory (RaftStorageDirectory.java:tryLock(328)) - Lock on /workdir/hadoop-ozone/tools/target/test-dir/MiniOzoneClusterImpl-2c48e7f1-ac08-442f-970e-1944cf2eec25/datanode-4/data/ratis/e10b0f13-0c6a-4a6b-bb0e-6756d3ddb241/in_use.lock acquired by nodename 17412@pr-hdds-1569-xtfnx-3545843844
2019-09-12 11:53:25,523 [pool-71-thread-1] INFO  storage.RaftStorage (RaftStorage.java:format(72)) - Storage directory /workdir/hadoop-ozone/tools/target/test-dir/MiniOzoneClusterImpl-2c48e7f1-ac08-442f-970e-1944cf2eec25/datanode-4/data/ratis/e10b0f13-0c6a-4a6b-bb0e-6756d3ddb241 has been successfully formatted.
2019-09-12 11:53:25,524 [pool-71-thread-1] INFO  ratis.ContainerStateMachine (ContainerStateMachine.java:loadSnapshot(226)) - group-6756D3DDB241: The snapshot info is null. Setting the last applied indexto:(t:0, i:~)
2019-09-12 11:53:25,524 [pool-71-thread-1] INFO  server.RaftServerConfigKeys (ConfUtils.java:logGet(43)) - raft.server.leader.election.timeout = 120s (custom)
2019-09-12 11:53:25,524 [pool-71-thread-1] INFO  server.RaftServerConfigKeys (ConfUtils.java:logGet(43)) - raft.server.log.use.memory = false (default)
2019-09-12 11:53:25,524 [pool-71-thread-1] INFO  server.RaftServerConfigKeys (ConfUtils.java:logGet(43)) - raft.server.log.purge.gap = 1000000 (custom)
2019-09-12 11:53:25,524 [pool-71-thread-1] INFO  server.RaftServerConfigKeys (ConfUtils.java:logGet(43)) - raft.server.log.appender.buffer.byte-limit = 33554432 (custom)
2019-09-12 11:53:25,524 [pool-71-thread-1] INFO  server.RaftServerConfigKeys (ConfUtils.java:logGet(43)) - raft.server.log.segment.size.max = 1048576 (custom)
2019-09-12 11:53:25,525 [pool-71-thread-1] INFO  server.RaftServerConfigKeys (ConfUtils.java:logGet(43)) - raft.server.log.segment.cache.num.max = 2 (custom)
2019-09-12 11:53:25,525 [pool-71-thread-1] INFO  segmented.SegmentedRaftLogWorker (SegmentedRaftLogWorker.java:<init>(172)) - new 7741e6cf-6131-4fc6-8612-36509ed6293c-SegmentedRaftLogWorker:Storage Directory /workdir/hadoop-ozone/tools/target/test-dir/MiniOzoneClusterImpl-2c48e7f1-ac08-442f-970e-1944cf2eec25/datanode-4/data/ratis/e10b0f13-0c6a-4a6b-bb0e-6756d3ddb241 for RaftStorage:Storage Directory /workdir/hadoop-ozone/tools/target/test-dir/MiniOzoneClusterImpl-2c48e7f1-ac08-442f-970e-1944cf2eec25/datanode-4/data/ratis/e10b0f13-0c6a-4a6b-bb0e-6756d3ddb241
2019-09-12 11:53:25,525 [pool-71-thread-1] INFO  server.RaftServerConfigKeys (ConfUtils.java:logGet(43)) - raft.server.log.queue.byte-limit = 2147483647 (custom)
2019-09-12 11:53:25,525 [pool-71-thread-1] INFO  server.RaftServerConfigKeys (ConfUtils.java:logGet(43)) - raft.server.log.queue.element-limit = 1024 (custom)
2019-09-12 11:53:25,525 [pool-71-thread-1] INFO  server.RaftServerConfigKeys (ConfUtils.java:logGet(43)) - raft.server.log.segment.size.max = 1048576 (custom)
2019-09-12 11:53:25,525 [pool-71-thread-1] INFO  server.RaftServerConfigKeys (ConfUtils.java:logGet(43)) - raft.server.log.preallocated.size = 16384 (custom)
2019-09-12 11:53:25,526 [pool-71-thread-1] INFO  server.RaftServerConfigKeys (ConfUtils.java:logGet(43)) - raft.server.log.write.buffer.size = 33554432 (custom)
2019-09-12 11:53:25,526 [pool-71-thread-1] INFO  server.RaftServerConfigKeys (ConfUtils.java:logGet(43)) - raft.server.log.force.sync.num = 128 (default)
2019-09-12 11:53:25,526 [pool-71-thread-1] INFO  server.RaftServerConfigKeys (ConfUtils.java:logGet(43)) - raft.server.log.statemachine.data.sync = true (default)
2019-09-12 11:53:25,526 [pool-71-thread-1] INFO  server.RaftServerConfigKeys (ConfUtils.java:logGet(43)) - raft.server.log.statemachine.data.sync.timeout = 10s (default)
2019-09-12 11:53:25,526 [pool-71-thread-1] INFO  server.RaftServerConfigKeys (ConfUtils.java:logGet(43)) - raft.server.log.statemachine.data.sync.timeout.retry = -1 (default)
2019-09-12 11:53:25,526 [pool-71-thread-1] INFO  server.RaftServerConfigKeys (ConfUtils.java:logGet(43)) - raft.server.log.statemachine.data.caching.enabled = true (custom)
2019-09-12 11:53:25,527 [pool-71-thread-1] INFO  segmented.SegmentedRaftLogWorker (SegmentedRaftLogWorker.java:lambda$new$0(132)) - 7741e6cf-6131-4fc6-8612-36509ed6293c-SegmentedRaftLogWorker:Storage Directory /workdir/hadoop-ozone/tools/target/test-dir/MiniOzoneClusterImpl-2c48e7f1-ac08-442f-970e-1944cf2eec25/datanode-4/data/ratis/e10b0f13-0c6a-4a6b-bb0e-6756d3ddb241: flushIndex: setUnconditionally 0 -> -1
2019-09-12 11:53:25,527 [pool-71-thread-1] INFO  server.RaftServerConfigKeys (ConfUtils.java:logGet(43)) - raft.server.snapshot.auto.trigger.enabled = true (custom)
2019-09-12 11:53:25,527 [pool-71-thread-1] INFO  server.RaftServerConfigKeys (ConfUtils.java:logGet(43)) - raft.server.snapshot.auto.trigger.threshold = 10000 (custom)
2019-09-12 11:53:25,527 [pool-71-thread-1] INFO  server.RaftServerConfigKeys (ConfUtils.java:logGet(43)) - raft.server.retrycache.expirytime = 600000ms (custom)
2019-09-12 11:53:25,528 [pool-71-thread-1] INFO  impl.RaftServerImpl (RaftServerImpl.java:start(180)) - 7741e6cf-6131-4fc6-8612-36509ed6293c: start group-6756D3DDB241
2019-09-12 11:53:25,528 [pool-71-thread-1] INFO  impl.RaftServerImpl (RaftServerImpl.java:setRole(171)) - 7741e6cf-6131-4fc6-8612-36509ed6293c:group-6756D3DDB241 changes role from null to FOLLOWER at term 0 for startAsFollower
2019-09-12 11:53:25,528 [pool-71-thread-1] INFO  impl.RoleInfo (RoleInfo.java:updateAndGet(143)) - 7741e6cf-6131-4fc6-8612-36509ed6293c: start FollowerState
2019-09-12 11:53:25,529 [pool-71-thread-1] INFO  util.JmxRegister (JmxRegister.java:tryRegister(44)) - Successfully registered JMX Bean with object name Ratis:service=RaftServer,group=group-6756D3DDB241,id=7741e6cf-6131-4fc6-8612-36509ed6293c
2019-09-12 11:53:25,533 [RatisPipelineUtilsThread] INFO  pipeline.PipelineStateManager (PipelineStateManager.java:addPipeline(56)) - Created pipeline Pipeline[ Id: e10b0f13-0c6a-4a6b-bb0e-6756d3ddb241, Nodes: 7741e6cf-6131-4fc6-8612-36509ed6293c{ip: 192.168.157.195, host: pr-hdds-1569-xtfnx-3545843844, networkLocation: /default-rack, certSerialId: null}, Type:RATIS, Factor:ONE, State:OPEN]
2019-09-12 11:53:25,535 [RatisPipelineUtilsThread] ERROR pipeline.PipelinePlacementPolicy (PipelinePlacementPolicy.java:meetCriteria(91)) - Pipeline Placement: Doesn't meet the criteria to be viable node. Heaviness: 6
2019-09-12 11:53:25,535 [RatisPipelineUtilsThread] ERROR pipeline.PipelinePlacementPolicy (PipelinePlacementPolicy.java:meetCriteria(91)) - Pipeline Placement: Doesn't meet the criteria to be viable node. Heaviness: 6
2019-09-12 11:53:25,535 [RatisPipelineUtilsThread] ERROR pipeline.PipelinePlacementPolicy (PipelinePlacementPolicy.java:meetCriteria(91)) - Pipeline Placement: Doesn't meet the criteria to be viable node. Heaviness: 6
2019-09-12 11:53:25,535 [RatisPipelineUtilsThread] ERROR pipeline.PipelinePlacementPolicy (PipelinePlacementPolicy.java:meetCriteria(91)) - Pipeline Placement: Doesn't meet the criteria to be viable node. Heaviness: 6
2019-09-12 11:53:25,544 [grpc-default-executor-0] INFO  impl.RaftServerProxy (RaftServerProxy.java:addNew(89)) - 7741e6cf-6131-4fc6-8612-36509ed6293c: addNew group-7F68497C1D87:[7741e6cf-6131-4fc6-8612-36509ed6293c:192.168.157.195:34114] returns group-7F68497C1D87:java.util.concurrent.CompletableFuture@49a4118a[Not completed]
2019-09-12 11:53:25,546 [pool-71-thread-1] INFO  impl.RaftServerImpl (RaftServerImpl.java:<init>(93)) - 7741e6cf-6131-4fc6-8612-36509ed6293c: new RaftServerImpl for group-7F68497C1D87:[7741e6cf-6131-4fc6-8612-36509ed6293c:192.168.157.195:34114] with ContainerStateMachine:uninitialized
2019-09-12 11:53:25,546 [pool-71-thread-1] INFO  server.RaftServerConfigKeys (ConfUtils.java:logGet(43)) - raft.server.rpc.timeout.min = 5s (custom)
2019-09-12 11:53:25,546 [pool-71-thread-1] INFO  server.RaftServerConfigKeys (ConfUtils.java:logGet(43)) - raft.server.rpc.timeout.max = 5200ms (custom)
2019-09-12 11:53:25,546 [pool-71-thread-1] INFO  server.RaftServerConfigKeys (ConfUtils.java:logGet(43)) - raft.server.rpcslowness.timeout = 120s (custom)
2019-09-12 11:53:25,546 [pool-71-thread-1] INFO  server.RaftServerConfigKeys (ConfUtils.java:logGet(43)) - raft.server.sleep.deviation.threshold = 300 (default)
2019-09-12 11:53:25,546 [pool-71-thread-1] INFO  server.RaftServerConfigKeys (ConfUtils.java:logGet(43)) - raft.server.log.appender.install.snapshot.enabled = false (custom)
2019-09-12 11:53:25,546 [pool-71-thread-1] INFO  impl.RaftServerImpl (ServerState.java:<init>(105)) - 7741e6cf-6131-4fc6-8612-36509ed6293c:group-7F68497C1D87 ConfigurationManager, init=-1: [7741e6cf-6131-4fc6-8612-36509ed6293c:192.168.157.195:34114], old=null, confs=<EMPTY_MAP>
2019-09-12 11:53:25,547 [pool-71-thread-1] INFO  server.RaftServerConfigKeys (ConfUtils.java:logGet(43)) - raft.server.storage.dir = [/workdir/hadoop-ozone/tools/target/test-dir/MiniOzoneClusterImpl-2c48e7f1-ac08-442f-970e-1944cf2eec25/datanode-4/data/ratis] (custom)
2019-09-12 11:53:25,547 [pool-71-thread-1] INFO  storage.RaftStorageDirectory (RaftStorageDirectory.java:analyzeStorage(246)) - The storage directory /workdir/hadoop-ozone/tools/target/test-dir/MiniOzoneClusterImpl-2c48e7f1-ac08-442f-970e-1944cf2eec25/datanode-4/data/ratis/4be2a4c5-fd3d-4828-b5b8-7f68497c1d87 does not exist. Creating ...
2019-09-12 11:53:25,560 [pool-71-thread-1] INFO  storage.RaftStorageDirectory (RaftStorageDirectory.java:tryLock(328)) - Lock on /workdir/hadoop-ozone/tools/target/test-dir/MiniOzoneClusterImpl-2c48e7f1-ac08-442f-970e-1944cf2eec25/datanode-4/data/ratis/4be2a4c5-fd3d-4828-b5b8-7f68497c1d87/in_use.lock acquired by nodename 17412@pr-hdds-1569-xtfnx-3545843844
2019-09-12 11:53:25,573 [pool-71-thread-1] INFO  storage.RaftStorage (RaftStorage.java:format(72)) - Storage directory /workdir/hadoop-ozone/tools/target/test-dir/MiniOzoneClusterImpl-2c48e7f1-ac08-442f-970e-1944cf2eec25/datanode-4/data/ratis/4be2a4c5-fd3d-4828-b5b8-7f68497c1d87 has been successfully formatted.
2019-09-12 11:53:25,574 [pool-71-thread-1] INFO  ratis.ContainerStateMachine (ContainerStateMachine.java:loadSnapshot(226)) - group-7F68497C1D87: The snapshot info is null. Setting the last applied indexto:(t:0, i:~)
2019-09-12 11:53:25,574 [pool-71-thread-1] INFO  server.RaftServerConfigKeys (ConfUtils.java:logGet(43)) - raft.server.leader.election.timeout = 120s (custom)
2019-09-12 11:53:25,574 [pool-71-thread-1] INFO  server.RaftServerConfigKeys (ConfUtils.java:logGet(43)) - raft.server.log.use.memory = false (default)
2019-09-12 11:53:25,574 [pool-71-thread-1] INFO  server.RaftServerConfigKeys (ConfUtils.java:logGet(43)) - raft.server.log.purge.gap = 1000000 (custom)
2019-09-12 11:53:25,574 [pool-71-thread-1] INFO  server.RaftServerConfigKeys (ConfUtils.java:logGet(43)) - raft.server.log.appender.buffer.byte-limit = 33554432 (custom)
2019-09-12 11:53:25,574 [pool-71-thread-1] INFO  server.RaftServerConfigKeys (ConfUtils.java:logGet(43)) - raft.server.log.segment.size.max = 1048576 (custom)
2019-09-12 11:53:25,575 [pool-71-thread-1] INFO  server.RaftServerConfigKeys (ConfUtils.java:logGet(43)) - raft.server.log.segment.cache.num.max = 2 (custom)
2019-09-12 11:53:25,575 [pool-71-thread-1] INFO  segmented.SegmentedRaftLogWorker (SegmentedRaftLogWorker.java:<init>(172)) - new 7741e6cf-6131-4fc6-8612-36509ed6293c-SegmentedRaftLogWorker:Storage Directory /workdir/hadoop-ozone/tools/target/test-dir/MiniOzoneClusterImpl-2c48e7f1-ac08-442f-970e-1944cf2eec25/datanode-4/data/ratis/4be2a4c5-fd3d-4828-b5b8-7f68497c1d87 for RaftStorage:Storage Directory /workdir/hadoop-ozone/tools/target/test-dir/MiniOzoneClusterImpl-2c48e7f1-ac08-442f-970e-1944cf2eec25/datanode-4/data/ratis/4be2a4c5-fd3d-4828-b5b8-7f68497c1d87
2019-09-12 11:53:25,575 [pool-71-thread-1] INFO  server.RaftServerConfigKeys (ConfUtils.java:logGet(43)) - raft.server.log.queue.byte-limit = 2147483647 (custom)
2019-09-12 11:53:25,575 [pool-71-thread-1] INFO  server.RaftServerConfigKeys (ConfUtils.java:logGet(43)) - raft.server.log.queue.element-limit = 1024 (custom)
2019-09-12 11:53:25,575 [pool-71-thread-1] INFO  server.RaftServerConfigKeys (ConfUtils.java:logGet(43)) - raft.server.log.segment.size.max = 1048576 (custom)
2019-09-12 11:53:25,575 [pool-71-thread-1] INFO  server.RaftServerConfigKeys (ConfUtils.java:logGet(43)) - raft.server.log.preallocated.size = 16384 (custom)
2019-09-12 11:53:25,575 [pool-71-thread-1] INFO  server.RaftServerConfigKeys (ConfUtils.java:logGet(43)) - raft.server.log.write.buffer.size = 33554432 (custom)
2019-09-12 11:53:25,576 [pool-71-thread-1] INFO  server.RaftServerConfigKeys (ConfUtils.java:logGet(43)) - raft.server.log.force.sync.num = 128 (default)
2019-09-12 11:53:25,576 [pool-71-thread-1] INFO  server.RaftServerConfigKeys (ConfUtils.java:logGet(43)) - raft.server.log.statemachine.data.sync = true (default)
2019-09-12 11:53:25,576 [pool-71-thread-1] INFO  server.RaftServerConfigKeys (ConfUtils.java:logGet(43)) - raft.server.log.statemachine.data.sync.timeout = 10s (default)
2019-09-12 11:53:25,576 [pool-71-thread-1] INFO  server.RaftServerConfigKeys (ConfUtils.java:logGet(43)) - raft.server.log.statemachine.data.sync.timeout.retry = -1 (default)
2019-09-12 11:53:25,576 [pool-71-thread-1] INFO  server.RaftServerConfigKeys (ConfUtils.java:logGet(43)) - raft.server.log.statemachine.data.caching.enabled = true (custom)
2019-09-12 11:53:25,577 [pool-71-thread-1] INFO  segmented.SegmentedRaftLogWorker (SegmentedRaftLogWorker.java:lambda$new$0(132)) - 7741e6cf-6131-4fc6-8612-36509ed6293c-SegmentedRaftLogWorker:Storage Directory /workdir/hadoop-ozone/tools/target/test-dir/MiniOzoneClusterImpl-2c48e7f1-ac08-442f-970e-1944cf2eec25/datanode-4/data/ratis/4be2a4c5-fd3d-4828-b5b8-7f68497c1d87: flushIndex: setUnconditionally 0 -> -1
2019-09-12 11:53:25,577 [pool-71-thread-1] INFO  server.RaftServerConfigKeys (ConfUtils.java:logGet(43)) - raft.server.snapshot.auto.trigger.enabled = true (custom)
2019-09-12 11:53:25,577 [pool-71-thread-1] INFO  server.RaftServerConfigKeys (ConfUtils.java:logGet(43)) - raft.server.snapshot.auto.trigger.threshold = 10000 (custom)
2019-09-12 11:53:25,577 [pool-71-thread-1] INFO  server.RaftServerConfigKeys (ConfUtils.java:logGet(43)) - raft.server.retrycache.expirytime = 600000ms (custom)
2019-09-12 11:53:25,579 [pool-71-thread-1] INFO  impl.RaftServerImpl (RaftServerImpl.java:start(180)) - 7741e6cf-6131-4fc6-8612-36509ed6293c: start group-7F68497C1D87
2019-09-12 11:53:25,579 [pool-71-thread-1] INFO  impl.RaftServerImpl (RaftServerImpl.java:setRole(171)) - 7741e6cf-6131-4fc6-8612-36509ed6293c:group-7F68497C1D87 changes role from null to FOLLOWER at term 0 for startAsFollower
2019-09-12 11:53:25,580 [pool-71-thread-1] INFO  impl.RoleInfo (RoleInfo.java:updateAndGet(143)) - 7741e6cf-6131-4fc6-8612-36509ed6293c: start FollowerState
2019-09-12 11:53:25,580 | INFO  | SCMAudit | user=jenkins1000 | ip=192.168.157.195 | op=SEND_HEARTBEAT {datanodeUUID=61a9fc65-5e41-4283-98a8-259f9227054d, command=[]} | ret=SUCCESS |  
2019-09-12 11:53:25,580 [pool-71-thread-1] INFO  util.JmxRegister (JmxRegister.java:tryRegister(44)) - Successfully registered JMX Bean with object name Ratis:service=RaftServer,group=group-7F68497C1D87,id=7741e6cf-6131-4fc6-8612-36509ed6293c
2019-09-12 11:53:25,584 [RatisPipelineUtilsThread] INFO  pipeline.PipelineStateManager (PipelineStateManager.java:addPipeline(56)) - Created pipeline Pipeline[ Id: 4be2a4c5-fd3d-4828-b5b8-7f68497c1d87, Nodes: 7741e6cf-6131-4fc6-8612-36509ed6293c{ip: 192.168.157.195, host: pr-hdds-1569-xtfnx-3545843844, networkLocation: /default-rack, certSerialId: null}, Type:RATIS, Factor:ONE, State:OPEN]
2019-09-12 11:53:25,586 [RatisPipelineUtilsThread] ERROR pipeline.PipelinePlacementPolicy (PipelinePlacementPolicy.java:meetCriteria(91)) - Pipeline Placement: Doesn't meet the criteria to be viable node. Heaviness: 6
2019-09-12 11:53:25,586 [RatisPipelineUtilsThread] ERROR pipeline.PipelinePlacementPolicy (PipelinePlacementPolicy.java:meetCriteria(91)) - Pipeline Placement: Doesn't meet the criteria to be viable node. Heaviness: 6
2019-09-12 11:53:25,586 [RatisPipelineUtilsThread] ERROR pipeline.PipelinePlacementPolicy (PipelinePlacementPolicy.java:meetCriteria(91)) - Pipeline Placement: Doesn't meet the criteria to be viable node. Heaviness: 6
2019-09-12 11:53:25,587 [RatisPipelineUtilsThread] ERROR pipeline.PipelinePlacementPolicy (PipelinePlacementPolicy.java:meetCriteria(91)) - Pipeline Placement: Doesn't meet the criteria to be viable node. Heaviness: 6
2019-09-12 11:53:25,587 [RatisPipelineUtilsThread] ERROR pipeline.PipelinePlacementPolicy (PipelinePlacementPolicy.java:meetCriteria(91)) - Pipeline Placement: Doesn't meet the criteria to be viable node. Heaviness: 6
2019-09-12 11:53:25,587 [RatisPipelineUtilsThread] ERROR pipeline.PipelinePlacementPolicy (PipelinePlacementPolicy.java:filterViableNodes(146)) - Unable to find enough nodes that meet the criteria that cannot engage in more than 5 pipelines. Nodes required: 1 Found: 0, healthy nodes count inNodeManager: 5.
2019-09-12 11:53:25,589 [RatisPipelineUtilsThread] ERROR pipeline.SCMPipelineManager (SCMPipelineManager.java:createPipeline(161)) - Pipeline creation failed due to exception: Unable to find enough nodes that meet the criteria that cannot engage in more than 5 pipelines. Nodes required: 1 Found: 0, healthy nodes count inNodeManager: 5.
2019-09-12 11:53:25,589 [RatisPipelineUtilsThread] ERROR pipeline.PipelinePlacementPolicy (PipelinePlacementPolicy.java:meetCriteria(91)) - Pipeline Placement: Doesn't meet the criteria to be viable node. Heaviness: 6
2019-09-12 11:53:25,589 [RatisPipelineUtilsThread] ERROR pipeline.PipelinePlacementPolicy (PipelinePlacementPolicy.java:meetCriteria(91)) - Pipeline Placement: Doesn't meet the criteria to be viable node. Heaviness: 6
2019-09-12 11:53:25,589 [RatisPipelineUtilsThread] ERROR pipeline.PipelinePlacementPolicy (PipelinePlacementPolicy.java:meetCriteria(91)) - Pipeline Placement: Doesn't meet the criteria to be viable node. Heaviness: 6
2019-09-12 11:53:25,589 [RatisPipelineUtilsThread] ERROR pipeline.PipelinePlacementPolicy (PipelinePlacementPolicy.java:meetCriteria(91)) - Pipeline Placement: Doesn't meet the criteria to be viable node. Heaviness: 6
2019-09-12 11:53:25,589 [RatisPipelineUtilsThread] ERROR pipeline.PipelinePlacementPolicy (PipelinePlacementPolicy.java:meetCriteria(91)) - Pipeline Placement: Doesn't meet the criteria to be viable node. Heaviness: 6
2019-09-12 11:53:25,590 [RatisPipelineUtilsThread] ERROR pipeline.PipelinePlacementPolicy (PipelinePlacementPolicy.java:filterViableNodes(146)) - Unable to find enough nodes that meet the criteria that cannot engage in more than 5 pipelines. Nodes required: 3 Found: 0, healthy nodes count inNodeManager: 5.
2019-09-12 11:53:25,590 [RatisPipelineUtilsThread] ERROR pipeline.SCMPipelineManager (SCMPipelineManager.java:createPipeline(161)) - Pipeline creation failed due to exception: Unable to find enough nodes that meet the criteria that cannot engage in more than 5 pipelines. Nodes required: 3 Found: 0, healthy nodes count inNodeManager: 5.
2019-09-12 11:53:25,592 [RatisPipelineUtilsThread] ERROR pipeline.PipelinePlacementPolicy (PipelinePlacementPolicy.java:meetCriteria(91)) - Pipeline Placement: Doesn't meet the criteria to be viable node. Heaviness: 6
2019-09-12 11:53:25,592 [RatisPipelineUtilsThread] ERROR pipeline.PipelinePlacementPolicy (PipelinePlacementPolicy.java:meetCriteria(91)) - Pipeline Placement: Doesn't meet the criteria to be viable node. Heaviness: 6
2019-09-12 11:53:25,592 [RatisPipelineUtilsThread] ERROR pipeline.PipelinePlacementPolicy (PipelinePlacementPolicy.java:meetCriteria(91)) - Pipeline Placement: Doesn't meet the criteria to be viable node. Heaviness: 6
2019-09-12 11:53:25,592 [RatisPipelineUtilsThread] ERROR pipeline.PipelinePlacementPolicy (PipelinePlacementPolicy.java:meetCriteria(91)) - Pipeline Placement: Doesn't meet the criteria to be viable node. Heaviness: 6
2019-09-12 11:53:25,592 [RatisPipelineUtilsThread] ERROR pipeline.PipelinePlacementPolicy (PipelinePlacementPolicy.java:meetCriteria(91)) - Pipeline Placement: Doesn't meet the criteria to be viable node. Heaviness: 6
2019-09-12 11:53:25,593 [RatisPipelineUtilsThread] ERROR pipeline.PipelinePlacementPolicy (PipelinePlacementPolicy.java:filterViableNodes(146)) - Unable to find enough nodes that meet the criteria that cannot engage in more than 5 pipelines. Nodes required: 1 Found: 0, healthy nodes count inNodeManager: 5.
2019-09-12 11:53:25,593 [RatisPipelineUtilsThread] ERROR pipeline.SCMPipelineManager (SCMPipelineManager.java:createPipeline(161)) - Pipeline creation failed due to exception: Unable to find enough nodes that meet the criteria that cannot engage in more than 5 pipelines. Nodes required: 1 Found: 0, healthy nodes count inNodeManager: 5.
2019-09-12 11:53:25,593 [RatisPipelineUtilsThread] ERROR pipeline.PipelinePlacementPolicy (PipelinePlacementPolicy.java:meetCriteria(91)) - Pipeline Placement: Doesn't meet the criteria to be viable node. Heaviness: 6
2019-09-12 11:53:25,593 [RatisPipelineUtilsThread] ERROR pipeline.PipelinePlacementPolicy (PipelinePlacementPolicy.java:meetCriteria(91)) - Pipeline Placement: Doesn't meet the criteria to be viable node. Heaviness: 6
2019-09-12 11:53:25,593 [RatisPipelineUtilsThread] ERROR pipeline.PipelinePlacementPolicy (PipelinePlacementPolicy.java:meetCriteria(91)) - Pipeline Placement: Doesn't meet the criteria to be viable node. Heaviness: 6
2019-09-12 11:53:25,593 [RatisPipelineUtilsThread] ERROR pipeline.PipelinePlacementPolicy (PipelinePlacementPolicy.java:meetCriteria(91)) - Pipeline Placement: Doesn't meet the criteria to be viable node. Heaviness: 6
2019-09-12 11:53:25,594 [RatisPipelineUtilsThread] ERROR pipeline.PipelinePlacementPolicy (PipelinePlacementPolicy.java:meetCriteria(91)) - Pipeline Placement: Doesn't meet the criteria to be viable node. Heaviness: 6
2019-09-12 11:53:25,594 [RatisPipelineUtilsThread] ERROR pipeline.PipelinePlacementPolicy (PipelinePlacementPolicy.java:filterViableNodes(146)) - Unable to find enough nodes that meet the criteria that cannot engage in more than 5 pipelines. Nodes required: 3 Found: 0, healthy nodes count inNodeManager: 5.
2019-09-12 11:53:25,594 [RatisPipelineUtilsThread] ERROR pipeline.SCMPipelineManager (SCMPipelineManager.java:createPipeline(161)) - Pipeline creation failed due to exception: Unable to find enough nodes that meet the criteria that cannot engage in more than 5 pipelines. Nodes required: 3 Found: 0, healthy nodes count inNodeManager: 5.
2019-09-12 11:53:25,594 [IPC Server handler 0 on 37459] ERROR pipeline.PipelinePlacementPolicy (PipelinePlacementPolicy.java:meetCriteria(91)) - Pipeline Placement: Doesn't meet the criteria to be viable node. Heaviness: 6
2019-09-12 11:53:25,594 [IPC Server handler 0 on 37459] ERROR pipeline.PipelinePlacementPolicy (PipelinePlacementPolicy.java:meetCriteria(91)) - Pipeline Placement: Doesn't meet the criteria to be viable node. Heaviness: 6
2019-09-12 11:53:25,596 [IPC Server handler 0 on 37459] ERROR pipeline.PipelinePlacementPolicy (PipelinePlacementPolicy.java:meetCriteria(91)) - Pipeline Placement: Doesn't meet the criteria to be viable node. Heaviness: 6
2019-09-12 11:53:25,596 [IPC Server handler 0 on 37459] ERROR pipeline.PipelinePlacementPolicy (PipelinePlacementPolicy.java:meetCriteria(91)) - Pipeline Placement: Doesn't meet the criteria to be viable node. Heaviness: 6
2019-09-12 11:53:25,596 [IPC Server handler 0 on 37459] ERROR pipeline.PipelinePlacementPolicy (PipelinePlacementPolicy.java:meetCriteria(91)) - Pipeline Placement: Doesn't meet the criteria to be viable node. Heaviness: 6
2019-09-12 11:53:25,597 [IPC Server handler 0 on 37459] ERROR pipeline.PipelinePlacementPolicy (PipelinePlacementPolicy.java:filterViableNodes(146)) - Unable to find enough nodes that meet the criteria that cannot engage in more than 5 pipelines. Nodes required: 3 Found: 0, healthy nodes count inNodeManager: 5.
2019-09-12 11:53:25,597 | INFO  | SCMAudit | user=jenkins1000 | ip=192.168.157.195 | op=SEND_HEARTBEAT {datanodeUUID=7741e6cf-6131-4fc6-8612-36509ed6293c, command=[]} | ret=SUCCESS |  
2019-09-12 11:53:25,597 [IPC Server handler 0 on 37459] ERROR pipeline.SCMPipelineManager (SCMPipelineManager.java:createPipeline(161)) - Pipeline creation failed due to exception: Unable to find enough nodes that meet the criteria that cannot engage in more than 5 pipelines. Nodes required: 3 Found: 0, healthy nodes count inNodeManager: 5.
2019-09-12 11:53:25,598 [IPC Server handler 0 on 37459] WARN  block.BlockManagerImpl (BlockManagerImpl.java:allocateBlock(192)) - Pipeline creation failed for type:RATIS factor:THREE. Retrying get pipelines call once.
org.apache.hadoop.hdds.scm.exceptions.SCMException: Unable to find enough nodes that meet the criteria that cannot engage in more than 5 pipelines. Nodes required: 3 Found: 0, healthy nodes count inNodeManager: 5.
	at org.apache.hadoop.hdds.scm.pipeline.PipelinePlacementPolicy.filterViableNodes(PipelinePlacementPolicy.java:147)
	at org.apache.hadoop.hdds.scm.pipeline.PipelinePlacementPolicy.chooseDatanodes(PipelinePlacementPolicy.java:170)
	at org.apache.hadoop.hdds.scm.pipeline.RatisPipelineProvider.create(RatisPipelineProvider.java:92)
	at org.apache.hadoop.hdds.scm.pipeline.PipelineFactory.create(PipelineFactory.java:57)
	at org.apache.hadoop.hdds.scm.pipeline.SCMPipelineManager.createPipeline(SCMPipelineManager.java:149)
	at org.apache.hadoop.hdds.scm.block.BlockManagerImpl.allocateBlock(BlockManagerImpl.java:190)
	at org.apache.hadoop.hdds.scm.server.SCMBlockProtocolServer.allocateBlock(SCMBlockProtocolServer.java:175)
	at org.apache.hadoop.ozone.protocolPB.ScmBlockLocationProtocolServerSideTranslatorPB.allocateScmBlock(ScmBlockLocationProtocolServerSideTranslatorPB.java:153)
	at org.apache.hadoop.ozone.protocolPB.ScmBlockLocationProtocolServerSideTranslatorPB.send(ScmBlockLocationProtocolServerSideTranslatorPB.java:112)
	at org.apache.hadoop.hdds.protocol.proto.ScmBlockLocationProtocolProtos$ScmBlockLocationProtocolService$2.callBlockingMethod(ScmBlockLocationProtocolProtos.java:13157)
	at org.apache.hadoop.ipc.ProtobufRpcEngine$Server$ProtoBufRpcInvoker.call(ProtobufRpcEngine.java:524)
	at org.apache.hadoop.ipc.RPC$Server.call(RPC.java:1025)
	at org.apache.hadoop.ipc.Server$RpcCall.run(Server.java:876)
	at org.apache.hadoop.ipc.Server$RpcCall.run(Server.java:822)
	at java.security.AccessController.doPrivileged(Native Method)
	at javax.security.auth.Subject.doAs(Subject.java:422)
	at org.apache.hadoop.security.UserGroupInformation.doAs(UserGroupInformation.java:1730)
	at org.apache.hadoop.ipc.Server$Handler.run(Server.java:2682)
2019-09-12 11:53:25,600 [IPC Server handler 0 on 37459] INFO  block.BlockManagerImpl (BlockManagerImpl.java:allocateBlock(198)) - Could not find available pipeline of type:RATIS and factor:THREE even after retrying
2019-09-12 11:53:25,600 [IPC Server handler 0 on 37459] ERROR block.BlockManagerImpl (BlockManagerImpl.java:allocateBlock(222)) - Unable to allocate a block for the size: 4194304, type: RATIS, factor: THREE
2019-09-12 11:53:25,600 [IPC Server handler 0 on 37459] ERROR pipeline.PipelinePlacementPolicy (PipelinePlacementPolicy.java:meetCriteria(91)) - Pipeline Placement: Doesn't meet the criteria to be viable node. Heaviness: 6
2019-09-12 11:53:25,600 [IPC Server handler 0 on 37459] ERROR pipeline.PipelinePlacementPolicy (PipelinePlacementPolicy.java:meetCriteria(91)) - Pipeline Placement: Doesn't meet the criteria to be viable node. Heaviness: 6
2019-09-12 11:53:25,600 [IPC Server handler 0 on 37459] ERROR pipeline.PipelinePlacementPolicy (PipelinePlacementPolicy.java:meetCriteria(91)) - Pipeline Placement: Doesn't meet the criteria to be viable node. Heaviness: 6
2019-09-12 11:53:25,600 [IPC Server handler 0 on 37459] ERROR pipeline.PipelinePlacementPolicy (PipelinePlacementPolicy.java:meetCriteria(91)) - Pipeline Placement: Doesn't meet the criteria to be viable node. Heaviness: 6
2019-09-12 11:53:25,601 [IPC Server handler 0 on 37459] ERROR pipeline.PipelinePlacementPolicy (PipelinePlacementPolicy.java:meetCriteria(91)) - Pipeline Placement: Doesn't meet the criteria to be viable node. Heaviness: 6
2019-09-12 11:53:25,601 [IPC Server handler 0 on 37459] ERROR pipeline.PipelinePlacementPolicy (PipelinePlacementPolicy.java:filterViableNodes(146)) - Unable to find enough nodes that meet the criteria that cannot engage in more than 5 pipelines. Nodes required: 3 Found: 0, healthy nodes count inNodeManager: 5.
2019-09-12 11:53:25,601 [IPC Server handler 0 on 37459] ERROR pipeline.SCMPipelineManager (SCMPipelineManager.java:createPipeline(161)) - Pipeline creation failed due to exception: Unable to find enough nodes that meet the criteria that cannot engage in more than 5 pipelines. Nodes required: 3 Found: 0, healthy nodes count inNodeManager: 5.
2019-09-12 11:53:25,601 [IPC Server handler 0 on 37459] WARN  block.BlockManagerImpl (BlockManagerImpl.java:allocateBlock(192)) - Pipeline creation failed for type:RATIS factor:THREE. Retrying get pipelines call once.
org.apache.hadoop.hdds.scm.exceptions.SCMException: Unable to find enough nodes that meet the criteria that cannot engage in more than 5 pipelines. Nodes required: 3 Found: 0, healthy nodes count inNodeManager: 5.
	at org.apache.hadoop.hdds.scm.pipeline.PipelinePlacementPolicy.filterViableNodes(PipelinePlacementPolicy.java:147)
	at org.apache.hadoop.hdds.scm.pipeline.PipelinePlacementPolicy.chooseDatanodes(PipelinePlacementPolicy.java:170)
	at org.apache.hadoop.hdds.scm.pipeline.RatisPipelineProvider.create(RatisPipelineProvider.java:92)
	at org.apache.hadoop.hdds.scm.pipeline.PipelineFactory.create(PipelineFactory.java:57)
	at org.apache.hadoop.hdds.scm.pipeline.SCMPipelineManager.createPipeline(SCMPipelineManager.java:149)
	at org.apache.hadoop.hdds.scm.block.BlockManagerImpl.allocateBlock(BlockManagerImpl.java:190)
	at org.apache.hadoop.hdds.scm.server.SCMBlockProtocolServer.allocateBlock(SCMBlockProtocolServer.java:175)
	at org.apache.hadoop.ozone.protocolPB.ScmBlockLocationProtocolServerSideTranslatorPB.allocateScmBlock(ScmBlockLocationProtocolServerSideTranslatorPB.java:153)
	at org.apache.hadoop.ozone.protocolPB.ScmBlockLocationProtocolServerSideTranslatorPB.send(ScmBlockLocationProtocolServerSideTranslatorPB.java:112)
	at org.apache.hadoop.hdds.protocol.proto.ScmBlockLocationProtocolProtos$ScmBlockLocationProtocolService$2.callBlockingMethod(ScmBlockLocationProtocolProtos.java:13157)
	at org.apache.hadoop.ipc.ProtobufRpcEngine$Server$ProtoBufRpcInvoker.call(ProtobufRpcEngine.java:524)
	at org.apache.hadoop.ipc.RPC$Server.call(RPC.java:1025)
	at org.apache.hadoop.ipc.Server$RpcCall.run(Server.java:876)
	at org.apache.hadoop.ipc.Server$RpcCall.run(Server.java:822)
	at java.security.AccessController.doPrivileged(Native Method)
	at javax.security.auth.Subject.doAs(Subject.java:422)
	at org.apache.hadoop.security.UserGroupInformation.doAs(UserGroupInformation.java:1730)
	at org.apache.hadoop.ipc.Server$Handler.run(Server.java:2682)
2019-09-12 11:53:25,601 [IPC Server handler 0 on 37459] INFO  block.BlockManagerImpl (BlockManagerImpl.java:allocateBlock(198)) - Could not find available pipeline of type:RATIS and factor:THREE even after retrying
2019-09-12 11:53:25,602 [IPC Server handler 0 on 37459] ERROR block.BlockManagerImpl (BlockManagerImpl.java:allocateBlock(222)) - Unable to allocate a block for the size: 4194304, type: RATIS, factor: THREE
2019-09-12 11:53:25,602 [IPC Server handler 0 on 37459] ERROR pipeline.PipelinePlacementPolicy (PipelinePlacementPolicy.java:meetCriteria(91)) - Pipeline Placement: Doesn't meet the criteria to be viable node. Heaviness: 6
2019-09-12 11:53:25,602 [IPC Server handler 0 on 37459] ERROR pipeline.PipelinePlacementPolicy (PipelinePlacementPolicy.java:meetCriteria(91)) - Pipeline Placement: Doesn't meet the criteria to be viable node. Heaviness: 6
2019-09-12 11:53:25,602 [IPC Server handler 0 on 37459] ERROR pipeline.PipelinePlacementPolicy (PipelinePlacementPolicy.java:meetCriteria(91)) - Pipeline Placement: Doesn't meet the criteria to be viable node. Heaviness: 6
2019-09-12 11:53:25,602 [IPC Server handler 0 on 37459] ERROR pipeline.PipelinePlacementPolicy (PipelinePlacementPolicy.java:meetCriteria(91)) - Pipeline Placement: Doesn't meet the criteria to be viable node. Heaviness: 6
2019-09-12 11:53:25,602 [IPC Server handler 0 on 37459] ERROR pipeline.PipelinePlacementPolicy (PipelinePlacementPolicy.java:meetCriteria(91)) - Pipeline Placement: Doesn't meet the criteria to be viable node. Heaviness: 6
2019-09-12 11:53:25,603 [IPC Server handler 0 on 37459] ERROR pipeline.PipelinePlacementPolicy (PipelinePlacementPolicy.java:filterViableNodes(146)) - Unable to find enough nodes that meet the criteria that cannot engage in more than 5 pipelines. Nodes required: 3 Found: 0, healthy nodes count inNodeManager: 5.
2019-09-12 11:53:25,603 [IPC Server handler 0 on 37459] ERROR pipeline.SCMPipelineManager (SCMPipelineManager.java:createPipeline(161)) - Pipeline creation failed due to exception: Unable to find enough nodes that meet the criteria that cannot engage in more than 5 pipelines. Nodes required: 3 Found: 0, healthy nodes count inNodeManager: 5.
2019-09-12 11:53:25,603 [IPC Server handler 0 on 37459] WARN  block.BlockManagerImpl (BlockManagerImpl.java:allocateBlock(192)) - Pipeline creation failed for type:RATIS factor:THREE. Retrying get pipelines call once.
org.apache.hadoop.hdds.scm.exceptions.SCMException: Unable to find enough nodes that meet the criteria that cannot engage in more than 5 pipelines. Nodes required: 3 Found: 0, healthy nodes count inNodeManager: 5.
	at org.apache.hadoop.hdds.scm.pipeline.PipelinePlacementPolicy.filterViableNodes(PipelinePlacementPolicy.java:147)
	at org.apache.hadoop.hdds.scm.pipeline.PipelinePlacementPolicy.chooseDatanodes(PipelinePlacementPolicy.java:170)
	at org.apache.hadoop.hdds.scm.pipeline.RatisPipelineProvider.create(RatisPipelineProvider.java:92)
	at org.apache.hadoop.hdds.scm.pipeline.PipelineFactory.create(PipelineFactory.java:57)
	at org.apache.hadoop.hdds.scm.pipeline.SCMPipelineManager.createPipeline(SCMPipelineManager.java:149)
	at org.apache.hadoop.hdds.scm.block.BlockManagerImpl.allocateBlock(BlockManagerImpl.java:190)
	at org.apache.hadoop.hdds.scm.server.SCMBlockProtocolServer.allocateBlock(SCMBlockProtocolServer.java:175)
	at org.apache.hadoop.ozone.protocolPB.ScmBlockLocationProtocolServerSideTranslatorPB.allocateScmBlock(ScmBlockLocationProtocolServerSideTranslatorPB.java:153)
	at org.apache.hadoop.ozone.protocolPB.ScmBlockLocationProtocolServerSideTranslatorPB.send(ScmBlockLocationProtocolServerSideTranslatorPB.java:112)
	at org.apache.hadoop.hdds.protocol.proto.ScmBlockLocationProtocolProtos$ScmBlockLocationProtocolService$2.callBlockingMethod(ScmBlockLocationProtocolProtos.java:13157)
	at org.apache.hadoop.ipc.ProtobufRpcEngine$Server$ProtoBufRpcInvoker.call(ProtobufRpcEngine.java:524)
	at org.apache.hadoop.ipc.RPC$Server.call(RPC.java:1025)
	at org.apache.hadoop.ipc.Server$RpcCall.run(Server.java:876)
	at org.apache.hadoop.ipc.Server$RpcCall.run(Server.java:822)
	at java.security.AccessController.doPrivileged(Native Method)
	at javax.security.auth.Subject.doAs(Subject.java:422)
	at org.apache.hadoop.security.UserGroupInformation.doAs(UserGroupInformation.java:1730)
	at org.apache.hadoop.ipc.Server$Handler.run(Server.java:2682)
2019-09-12 11:53:25,603 [IPC Server handler 0 on 37459] INFO  block.BlockManagerImpl (BlockManagerImpl.java:allocateBlock(198)) - Could not find available pipeline of type:RATIS and factor:THREE even after retrying
2019-09-12 11:53:25,604 [IPC Server handler 0 on 37459] ERROR block.BlockManagerImpl (BlockManagerImpl.java:allocateBlock(222)) - Unable to allocate a block for the size: 4194304, type: RATIS, factor: THREE
2019-09-12 11:53:25,604 [IPC Server handler 0 on 37459] ERROR pipeline.PipelinePlacementPolicy (PipelinePlacementPolicy.java:meetCriteria(91)) - Pipeline Placement: Doesn't meet the criteria to be viable node. Heaviness: 6
2019-09-12 11:53:25,604 [IPC Server handler 0 on 37459] ERROR pipeline.PipelinePlacementPolicy (PipelinePlacementPolicy.java:meetCriteria(91)) - Pipeline Placement: Doesn't meet the criteria to be viable node. Heaviness: 6
2019-09-12 11:53:25,604 [IPC Server handler 0 on 37459] ERROR pipeline.PipelinePlacementPolicy (PipelinePlacementPolicy.java:meetCriteria(91)) - Pipeline Placement: Doesn't meet the criteria to be viable node. Heaviness: 6
2019-09-12 11:53:25,604 [IPC Server handler 0 on 37459] ERROR pipeline.PipelinePlacementPolicy (PipelinePlacementPolicy.java:meetCriteria(91)) - Pipeline Placement: Doesn't meet the criteria to be viable node. Heaviness: 6
2019-09-12 11:53:25,604 [IPC Server handler 0 on 37459] ERROR pipeline.PipelinePlacementPolicy (PipelinePlacementPolicy.java:meetCriteria(91)) - Pipeline Placement: Doesn't meet the criteria to be viable node. Heaviness: 6
2019-09-12 11:53:25,605 [IPC Server handler 0 on 37459] ERROR pipeline.PipelinePlacementPolicy (PipelinePlacementPolicy.java:filterViableNodes(146)) - Unable to find enough nodes that meet the criteria that cannot engage in more than 5 pipelines. Nodes required: 3 Found: 0, healthy nodes count inNodeManager: 5.
2019-09-12 11:53:25,605 [IPC Server handler 0 on 37459] ERROR pipeline.SCMPipelineManager (SCMPipelineManager.java:createPipeline(161)) - Pipeline creation failed due to exception: Unable to find enough nodes that meet the criteria that cannot engage in more than 5 pipelines. Nodes required: 3 Found: 0, healthy nodes count inNodeManager: 5.
2019-09-12 11:53:25,605 [IPC Server handler 0 on 37459] WARN  block.BlockManagerImpl (BlockManagerImpl.java:allocateBlock(192)) - Pipeline creation failed for type:RATIS factor:THREE. Retrying get pipelines call once.
org.apache.hadoop.hdds.scm.exceptions.SCMException: Unable to find enough nodes that meet the criteria that cannot engage in more than 5 pipelines. Nodes required: 3 Found: 0, healthy nodes count inNodeManager: 5.
	at org.apache.hadoop.hdds.scm.pipeline.PipelinePlacementPolicy.filterViableNodes(PipelinePlacementPolicy.java:147)
	at org.apache.hadoop.hdds.scm.pipeline.PipelinePlacementPolicy.chooseDatanodes(PipelinePlacementPolicy.java:170)
	at org.apache.hadoop.hdds.scm.pipeline.RatisPipelineProvider.create(RatisPipelineProvider.java:92)
	at org.apache.hadoop.hdds.scm.pipeline.PipelineFactory.create(PipelineFactory.java:57)
	at org.apache.hadoop.hdds.scm.pipeline.SCMPipelineManager.createPipeline(SCMPipelineManager.java:149)
	at org.apache.hadoop.hdds.scm.block.BlockManagerImpl.allocateBlock(BlockManagerImpl.java:190)
	at org.apache.hadoop.hdds.scm.server.SCMBlockProtocolServer.allocateBlock(SCMBlockProtocolServer.java:175)
	at org.apache.hadoop.ozone.protocolPB.ScmBlockLocationProtocolServerSideTranslatorPB.allocateScmBlock(ScmBlockLocationProtocolServerSideTranslatorPB.java:153)
	at org.apache.hadoop.ozone.protocolPB.ScmBlockLocationProtocolServerSideTranslatorPB.send(ScmBlockLocationProtocolServerSideTranslatorPB.java:112)
	at org.apache.hadoop.hdds.protocol.proto.ScmBlockLocationProtocolProtos$ScmBlockLocationProtocolService$2.callBlockingMethod(ScmBlockLocationProtocolProtos.java:13157)
	at org.apache.hadoop.ipc.ProtobufRpcEngine$Server$ProtoBufRpcInvoker.call(ProtobufRpcEngine.java:524)
	at org.apache.hadoop.ipc.RPC$Server.call(RPC.java:1025)
	at org.apache.hadoop.ipc.Server$RpcCall.run(Server.java:876)
	at org.apache.hadoop.ipc.Server$RpcCall.run(Server.java:822)
	at java.security.AccessController.doPrivileged(Native Method)
	at javax.security.auth.Subject.doAs(Subject.java:422)
	at org.apache.hadoop.security.UserGroupInformation.doAs(UserGroupInformation.java:1730)
	at org.apache.hadoop.ipc.Server$Handler.run(Server.java:2682)
2019-09-12 11:53:25,605 [IPC Server handler 0 on 37459] INFO  block.BlockManagerImpl (BlockManagerImpl.java:allocateBlock(198)) - Could not find available pipeline of type:RATIS and factor:THREE even after retrying
2019-09-12 11:53:25,605 [IPC Server handler 0 on 37459] ERROR block.BlockManagerImpl (BlockManagerImpl.java:allocateBlock(222)) - Unable to allocate a block for the size: 4194304, type: RATIS, factor: THREE
2019-09-12 11:53:25,606 [IPC Server handler 0 on 37459] ERROR pipeline.PipelinePlacementPolicy (PipelinePlacementPolicy.java:meetCriteria(91)) - Pipeline Placement: Doesn't meet the criteria to be viable node. Heaviness: 6
2019-09-12 11:53:25,606 [IPC Server handler 0 on 37459] ERROR pipeline.PipelinePlacementPolicy (PipelinePlacementPolicy.java:meetCriteria(91)) - Pipeline Placement: Doesn't meet the criteria to be viable node. Heaviness: 6
2019-09-12 11:53:25,606 [IPC Server handler 0 on 37459] ERROR pipeline.PipelinePlacementPolicy (PipelinePlacementPolicy.java:meetCriteria(91)) - Pipeline Placement: Doesn't meet the criteria to be viable node. Heaviness: 6
2019-09-12 11:53:25,606 [IPC Server handler 0 on 37459] ERROR pipeline.PipelinePlacementPolicy (PipelinePlacementPolicy.java:meetCriteria(91)) - Pipeline Placement: Doesn't meet the criteria to be viable node. Heaviness: 6
2019-09-12 11:53:25,606 [IPC Server handler 0 on 37459] ERROR pipeline.PipelinePlacementPolicy (PipelinePlacementPolicy.java:meetCriteria(91)) - Pipeline Placement: Doesn't meet the criteria to be viable node. Heaviness: 6
2019-09-12 11:53:25,606 [IPC Server handler 0 on 37459] ERROR pipeline.PipelinePlacementPolicy (PipelinePlacementPolicy.java:filterViableNodes(146)) - Unable to find enough nodes that meet the criteria that cannot engage in more than 5 pipelines. Nodes required: 3 Found: 0, healthy nodes count inNodeManager: 5.
2019-09-12 11:53:25,607 [IPC Server handler 0 on 37459] ERROR pipeline.SCMPipelineManager (SCMPipelineManager.java:createPipeline(161)) - Pipeline creation failed due to exception: Unable to find enough nodes that meet the criteria that cannot engage in more than 5 pipelines. Nodes required: 3 Found: 0, healthy nodes count inNodeManager: 5.
2019-09-12 11:53:25,607 [IPC Server handler 0 on 37459] WARN  block.BlockManagerImpl (BlockManagerImpl.java:allocateBlock(192)) - Pipeline creation failed for type:RATIS factor:THREE. Retrying get pipelines call once.
org.apache.hadoop.hdds.scm.exceptions.SCMException: Unable to find enough nodes that meet the criteria that cannot engage in more than 5 pipelines. Nodes required: 3 Found: 0, healthy nodes count inNodeManager: 5.
	at org.apache.hadoop.hdds.scm.pipeline.PipelinePlacementPolicy.filterViableNodes(PipelinePlacementPolicy.java:147)
	at org.apache.hadoop.hdds.scm.pipeline.PipelinePlacementPolicy.chooseDatanodes(PipelinePlacementPolicy.java:170)
	at org.apache.hadoop.hdds.scm.pipeline.RatisPipelineProvider.create(RatisPipelineProvider.java:92)
	at org.apache.hadoop.hdds.scm.pipeline.PipelineFactory.create(PipelineFactory.java:57)
	at org.apache.hadoop.hdds.scm.pipeline.SCMPipelineManager.createPipeline(SCMPipelineManager.java:149)
	at org.apache.hadoop.hdds.scm.block.BlockManagerImpl.allocateBlock(BlockManagerImpl.java:190)
	at org.apache.hadoop.hdds.scm.server.SCMBlockProtocolServer.allocateBlock(SCMBlockProtocolServer.java:175)
	at org.apache.hadoop.ozone.protocolPB.ScmBlockLocationProtocolServerSideTranslatorPB.allocateScmBlock(ScmBlockLocationProtocolServerSideTranslatorPB.java:153)
	at org.apache.hadoop.ozone.protocolPB.ScmBlockLocationProtocolServerSideTranslatorPB.send(ScmBlockLocationProtocolServerSideTranslatorPB.java:112)
	at org.apache.hadoop.hdds.protocol.proto.ScmBlockLocationProtocolProtos$ScmBlockLocationProtocolService$2.callBlockingMethod(ScmBlockLocationProtocolProtos.java:13157)
	at org.apache.hadoop.ipc.ProtobufRpcEngine$Server$ProtoBufRpcInvoker.call(ProtobufRpcEngine.java:524)
	at org.apache.hadoop.ipc.RPC$Server.call(RPC.java:1025)
	at org.apache.hadoop.ipc.Server$RpcCall.run(Server.java:876)
	at org.apache.hadoop.ipc.Server$RpcCall.run(Server.java:822)
	at java.security.AccessController.doPrivileged(Native Method)
	at javax.security.auth.Subject.doAs(Subject.java:422)
	at org.apache.hadoop.security.UserGroupInformation.doAs(UserGroupInformation.java:1730)
	at org.apache.hadoop.ipc.Server$Handler.run(Server.java:2682)
2019-09-12 11:53:25,607 [IPC Server handler 0 on 37459] INFO  block.BlockManagerImpl (BlockManagerImpl.java:allocateBlock(198)) - Could not find available pipeline of type:RATIS and factor:THREE even after retrying
2019-09-12 11:53:25,607 [IPC Server handler 0 on 37459] ERROR block.BlockManagerImpl (BlockManagerImpl.java:allocateBlock(222)) - Unable to allocate a block for the size: 4194304, type: RATIS, factor: THREE
2019-09-12 11:53:25,607 | INFO  | SCMAudit | user=jenkins1000 | ip=192.168.157.195 | op=ALLOCATE_BLOCK {owner=49403385-f916-4dd7-890f-60418ff3d1f3, size=4194304, type=RATIS, factor=THREE} | ret=SUCCESS |  
2019-09-12 11:53:25,612 | ERROR | OMAudit | user=jenkins1000 | ip=127.0.0.1 | op=ALLOCATE_KEY {volume=vol-0-25878, bucket=bucket-0-06977, key=key-0-63847, dataSize=20971520, replicationType=RATIS, replicationFactor=THREE, keyLocationInfo=null} | ret=FAILURE | org.apache.hadoop.hdds.scm.exceptions.SCMException: Allocated 0 blocks. Requested 5 blocks
	at org.apache.hadoop.hdds.scm.protocolPB.ScmBlockLocationProtocolClientSideTranslatorPB.handleError(ScmBlockLocationProtocolClientSideTranslatorPB.java:118)
	at org.apache.hadoop.hdds.scm.protocolPB.ScmBlockLocationProtocolClientSideTranslatorPB.allocateBlock(ScmBlockLocationProtocolClientSideTranslatorPB.java:156) 
2019-09-12 11:53:25,616 [pool-78-thread-3] ERROR freon.RandomKeyGenerator (RandomKeyGenerator.java:createKey(724)) - Exception while adding key: key-0-63847 in bucket: bucket-0-06977 of volume: vol-0-25878.
INTERNAL_ERROR org.apache.hadoop.ozone.om.exceptions.OMException: Allocated 0 blocks. Requested 5 blocks
	at org.apache.hadoop.ozone.om.protocolPB.OzoneManagerProtocolClientSideTranslatorPB.handleError(OzoneManagerProtocolClientSideTranslatorPB.java:725)
	at org.apache.hadoop.ozone.om.protocolPB.OzoneManagerProtocolClientSideTranslatorPB.openKey(OzoneManagerProtocolClientSideTranslatorPB.java:716)
	at org.apache.hadoop.ozone.client.rpc.RpcClient.createKey(RpcClient.java:615)
	at org.apache.hadoop.ozone.client.OzoneBucket.createKey(OzoneBucket.java:323)
	at org.apache.hadoop.ozone.freon.RandomKeyGenerator.createKey(RandomKeyGenerator.java:686)
	at org.apache.hadoop.ozone.freon.RandomKeyGenerator.access$1100(RandomKeyGenerator.java:87)
	at org.apache.hadoop.ozone.freon.RandomKeyGenerator$ObjectCreator.run(RandomKeyGenerator.java:606)
	at java.util.concurrent.Executors$RunnableAdapter.call(Executors.java:511)
	at java.util.concurrent.FutureTask.run(FutureTask.java:266)
	at java.util.concurrent.ThreadPoolExecutor.runWorker(ThreadPoolExecutor.java:1149)
	at java.util.concurrent.ThreadPoolExecutor$Worker.run(ThreadPoolExecutor.java:624)
	at java.lang.Thread.run(Thread.java:748)
2019-09-12 11:53:25,630 [Thread-207] INFO  container.ReplicationManager (ReplicationManager.java:start(151)) - Starting Replication Monitor Thread.
2019-09-12 11:53:25,632 [ReplicationMonitor] INFO  container.ReplicationManager (ReplicationManager.java:run(214)) - Replication Monitor Thread took 1 milliseconds for processing 0 containers.
2019-09-12 11:53:25,828 | INFO  | SCMAudit | user=jenkins1000 | ip=192.168.157.195 | op=SEND_HEARTBEAT {datanodeUUID=e686195f-5212-4098-b2ad-e713a3c4587f, command=[]} | ret=SUCCESS |  
2019-09-12 11:53:26,062 | INFO  | SCMAudit | user=jenkins1000 | ip=192.168.157.195 | op=SEND_HEARTBEAT {datanodeUUID=483993a0-3055-479d-b58b-b02682c97e4b, command=[]} | ret=SUCCESS |  
 0.00% |█                                                                                                    |  0/1 Time: 0:00:012019-09-12 11:53:26,444 | INFO  | SCMAudit | user=jenkins1000 | ip=192.168.157.195 | op=SEND_HEARTBEAT {datanodeUUID=028783e7-22fc-47b5-934a-5e8bf88f7fe6, command=[]} | ret=SUCCESS |  
2019-09-12 11:53:26,580 | INFO  | SCMAudit | user=jenkins1000 | ip=192.168.157.195 | op=SEND_HEARTBEAT {datanodeUUID=61a9fc65-5e41-4283-98a8-259f9227054d, command=[]} | ret=SUCCESS |  
2019-09-12 11:53:26,596 | INFO  | SCMAudit | user=jenkins1000 | ip=192.168.157.195 | op=SEND_HEARTBEAT {datanodeUUID=7741e6cf-6131-4fc6-8612-36509ed6293c, command=[]} | ret=SUCCESS |  
2019-09-12 11:53:26,828 | INFO  | SCMAudit | user=jenkins1000 | ip=192.168.157.195 | op=SEND_HEARTBEAT {datanodeUUID=e686195f-5212-4098-b2ad-e713a3c4587f, command=[]} | ret=SUCCESS |  
2019-09-12 11:53:27,062 | INFO  | SCMAudit | user=jenkins1000 | ip=192.168.157.195 | op=SEND_HEARTBEAT {datanodeUUID=483993a0-3055-479d-b58b-b02682c97e4b, command=[]} | ret=SUCCESS |  
 0.00% |█                                                                                                    |  0/1 Time: 0:00:022019-09-12 11:53:27,444 | INFO  | SCMAudit | user=jenkins1000 | ip=192.168.157.195 | op=SEND_HEARTBEAT {datanodeUUID=028783e7-22fc-47b5-934a-5e8bf88f7fe6, command=[]} | ret=SUCCESS |  
2019-09-12 11:53:27,580 | INFO  | SCMAudit | user=jenkins1000 | ip=192.168.157.195 | op=SEND_HEARTBEAT {datanodeUUID=61a9fc65-5e41-4283-98a8-259f9227054d, command=[]} | ret=SUCCESS |  
2019-09-12 11:53:27,597 | INFO  | SCMAudit | user=jenkins1000 | ip=192.168.157.195 | op=SEND_HEARTBEAT {datanodeUUID=7741e6cf-6131-4fc6-8612-36509ed6293c, command=[]} | ret=SUCCESS |  
2019-09-12 11:53:27,829 | INFO  | SCMAudit | user=jenkins1000 | ip=192.168.157.195 | op=SEND_HEARTBEAT {datanodeUUID=e686195f-5212-4098-b2ad-e713a3c4587f, command=[]} | ret=SUCCESS |  
2019-09-12 11:53:28,062 | INFO  | SCMAudit | user=jenkins1000 | ip=192.168.157.195 | op=SEND_HEARTBEAT {datanodeUUID=483993a0-3055-479d-b58b-b02682c97e4b, command=[]} | ret=SUCCESS |  
 0.00% |█                                                                                                    |  0/1 Time: 0:00:032019-09-12 11:53:28,444 | INFO  | SCMAudit | user=jenkins1000 | ip=192.168.157.195 | op=SEND_HEARTBEAT {datanodeUUID=028783e7-22fc-47b5-934a-5e8bf88f7fe6, command=[]} | ret=SUCCESS |  
2019-09-12 11:53:28,580 | INFO  | SCMAudit | user=jenkins1000 | ip=192.168.157.195 | op=SEND_HEARTBEAT {datanodeUUID=61a9fc65-5e41-4283-98a8-259f9227054d, command=[]} | ret=SUCCESS |  
2019-09-12 11:53:28,596 | INFO  | SCMAudit | user=jenkins1000 | ip=192.168.157.195 | op=SEND_HEARTBEAT {datanodeUUID=7741e6cf-6131-4fc6-8612-36509ed6293c, command=[]} | ret=SUCCESS |  
2019-09-12 11:53:28,749 [Thread-209] INFO  impl.FollowerState (FollowerState.java:run(106)) - 61a9fc65-5e41-4283-98a8-259f9227054d:group-F9BE187A1FA7 changes to CANDIDATE, lastRpcTime:5061, electionTimeout:5060ms
2019-09-12 11:53:28,750 [Thread-209] INFO  impl.RoleInfo (RoleInfo.java:shutdownFollowerState(121)) - 61a9fc65-5e41-4283-98a8-259f9227054d: shutdown FollowerState
2019-09-12 11:53:28,750 [Thread-209] INFO  impl.RaftServerImpl (RaftServerImpl.java:setRole(171)) - 61a9fc65-5e41-4283-98a8-259f9227054d:group-F9BE187A1FA7 changes role from FOLLOWER to CANDIDATE at term 0 for changeToCandidate
2019-09-12 11:53:28,757 [Thread-209] INFO  impl.RoleInfo (RoleInfo.java:updateAndGet(143)) - 61a9fc65-5e41-4283-98a8-259f9227054d: start LeaderElection
2019-09-12 11:53:28,776 [61a9fc65-5e41-4283-98a8-259f9227054d:group-F9BE187A1FA7:LeaderElection1] INFO  impl.LeaderElection (LeaderElection.java:askForVotes(181)) - 61a9fc65-5e41-4283-98a8-259f9227054d:group-F9BE187A1FA7:LeaderElection1: begin an election at term 1 for -1: [61a9fc65-5e41-4283-98a8-259f9227054d:192.168.157.195:36251], old=null
2019-09-12 11:53:28,778 [61a9fc65-5e41-4283-98a8-259f9227054d:group-F9BE187A1FA7:LeaderElection1] INFO  impl.RoleInfo (RoleInfo.java:shutdownLeaderElection(134)) - 61a9fc65-5e41-4283-98a8-259f9227054d: shutdown LeaderElection
2019-09-12 11:53:28,778 [61a9fc65-5e41-4283-98a8-259f9227054d:group-F9BE187A1FA7:LeaderElection1] INFO  impl.RaftServerImpl (RaftServerImpl.java:setRole(171)) - 61a9fc65-5e41-4283-98a8-259f9227054d:group-F9BE187A1FA7 changes role from CANDIDATE to LEADER at term 1 for changeToLeader
2019-09-12 11:53:28,779 [61a9fc65-5e41-4283-98a8-259f9227054d:group-F9BE187A1FA7:LeaderElection1] INFO  impl.RaftServerImpl (ServerState.java:setLeader(263)) - 61a9fc65-5e41-4283-98a8-259f9227054d:group-F9BE187A1FA7 change Leader from null to 61a9fc65-5e41-4283-98a8-259f9227054d at term 1 for becomeLeader, leader elected after 5176ms
2019-09-12 11:53:28,788 [61a9fc65-5e41-4283-98a8-259f9227054d:group-F9BE187A1FA7:LeaderElection1] INFO  server.RaftServerConfigKeys (ConfUtils.java:logGet(43)) - raft.server.staging.catchup.gap = 1000 (default)
2019-09-12 11:53:28,788 [61a9fc65-5e41-4283-98a8-259f9227054d:group-F9BE187A1FA7:LeaderElection1] INFO  server.RaftServerConfigKeys (ConfUtils.java:logGet(43)) - raft.server.rpc.sleep.time = 25ms (default)
2019-09-12 11:53:28,791 [61a9fc65-5e41-4283-98a8-259f9227054d:group-F9BE187A1FA7:LeaderElection1] INFO  server.RaftServerConfigKeys (ConfUtils.java:logGet(43)) - raft.server.write.element-limit = 4096 (default)
2019-09-12 11:53:28,794 [61a9fc65-5e41-4283-98a8-259f9227054d:group-F9BE187A1FA7:LeaderElection1] INFO  server.RaftServerConfigKeys (ConfUtils.java:logGet(43)) - raft.server.watch.timeout = 10s (default)
2019-09-12 11:53:28,794 [61a9fc65-5e41-4283-98a8-259f9227054d:group-F9BE187A1FA7:LeaderElection1] INFO  server.RaftServerConfigKeys (ConfUtils.java:logGet(43)) - raft.server.watch.timeout.denomination = 1s (default)
2019-09-12 11:53:28,795 [61a9fc65-5e41-4283-98a8-259f9227054d:group-F9BE187A1FA7:LeaderElection1] INFO  server.RaftServerConfigKeys (ConfUtils.java:logGet(43)) - raft.server.watch.element-limit = 65536 (default)
2019-09-12 11:53:28,804 [61a9fc65-5e41-4283-98a8-259f9227054d:group-F9BE187A1FA7:LeaderElection1] INFO  impl.RoleInfo (RoleInfo.java:updateAndGet(143)) - 61a9fc65-5e41-4283-98a8-259f9227054d: start LeaderState
2019-09-12 11:53:28,837 | INFO  | SCMAudit | user=jenkins1000 | ip=192.168.157.195 | op=SEND_HEARTBEAT {datanodeUUID=e686195f-5212-4098-b2ad-e713a3c4587f, command=[]} | ret=SUCCESS |  
2019-09-12 11:53:28,841 [61a9fc65-5e41-4283-98a8-259f9227054d:group-F9BE187A1FA7:LeaderElection1] INFO  segmented.SegmentedRaftLogWorker (SegmentedRaftLogWorker.java:startLogSegment(380)) - 61a9fc65-5e41-4283-98a8-259f9227054d-SegmentedRaftLogWorker:Storage Directory /workdir/hadoop-ozone/tools/target/test-dir/MiniOzoneClusterImpl-2c48e7f1-ac08-442f-970e-1944cf2eec25/datanode-0/data/ratis/cc2cfa84-1717-4410-9ef4-f9be187a1fa7: Starting segment from index:0
2019-09-12 11:53:28,849 [61a9fc65-5e41-4283-98a8-259f9227054d:group-F9BE187A1FA7:LeaderElection1] INFO  impl.RaftServerImpl (ServerState.java:setRaftConf(361)) - 61a9fc65-5e41-4283-98a8-259f9227054d:group-F9BE187A1FA7 set configuration 0: [61a9fc65-5e41-4283-98a8-259f9227054d:192.168.157.195:36251], old=null at 0
2019-09-12 11:53:28,989 [Thread-212] INFO  impl.FollowerState (FollowerState.java:run(106)) - 61a9fc65-5e41-4283-98a8-259f9227054d:group-EAFBD8757FAA changes to CANDIDATE, lastRpcTime:5165, electionTimeout:5165ms
2019-09-12 11:53:28,991 [Thread-212] INFO  impl.RoleInfo (RoleInfo.java:shutdownFollowerState(121)) - 61a9fc65-5e41-4283-98a8-259f9227054d: shutdown FollowerState
2019-09-12 11:53:28,991 [Thread-212] INFO  impl.RaftServerImpl (RaftServerImpl.java:setRole(171)) - 61a9fc65-5e41-4283-98a8-259f9227054d:group-EAFBD8757FAA changes role from FOLLOWER to CANDIDATE at term 0 for changeToCandidate
2019-09-12 11:53:28,991 [Thread-212] INFO  impl.RoleInfo (RoleInfo.java:updateAndGet(143)) - 61a9fc65-5e41-4283-98a8-259f9227054d: start LeaderElection
2019-09-12 11:53:29,004 [Thread-215] INFO  impl.FollowerState (FollowerState.java:run(106)) - 483993a0-3055-479d-b58b-b02682c97e4b:group-CFA8C83A5A2D changes to CANDIDATE, lastRpcTime:5056, electionTimeout:5055ms
2019-09-12 11:53:29,005 [Thread-215] INFO  impl.RoleInfo (RoleInfo.java:shutdownFollowerState(121)) - 483993a0-3055-479d-b58b-b02682c97e4b: shutdown FollowerState
2019-09-12 11:53:29,005 [Thread-215] INFO  impl.RaftServerImpl (RaftServerImpl.java:setRole(171)) - 483993a0-3055-479d-b58b-b02682c97e4b:group-CFA8C83A5A2D changes role from FOLLOWER to CANDIDATE at term 0 for changeToCandidate
2019-09-12 11:53:29,005 [Thread-215] INFO  impl.RoleInfo (RoleInfo.java:updateAndGet(143)) - 483993a0-3055-479d-b58b-b02682c97e4b: start LeaderElection
2019-09-12 11:53:29,009 [61a9fc65-5e41-4283-98a8-259f9227054d:group-EAFBD8757FAA:LeaderElection2] INFO  impl.LeaderElection (LeaderElection.java:askForVotes(181)) - 61a9fc65-5e41-4283-98a8-259f9227054d:group-EAFBD8757FAA:LeaderElection2: begin an election at term 1 for -1: [61a9fc65-5e41-4283-98a8-259f9227054d:192.168.157.195:36251], old=null
2019-09-12 11:53:29,010 [61a9fc65-5e41-4283-98a8-259f9227054d:group-EAFBD8757FAA:LeaderElection2] INFO  impl.RoleInfo (RoleInfo.java:shutdownLeaderElection(134)) - 61a9fc65-5e41-4283-98a8-259f9227054d: shutdown LeaderElection
2019-09-12 11:53:29,010 [61a9fc65-5e41-4283-98a8-259f9227054d:group-EAFBD8757FAA:LeaderElection2] INFO  impl.RaftServerImpl (RaftServerImpl.java:setRole(171)) - 61a9fc65-5e41-4283-98a8-259f9227054d:group-EAFBD8757FAA changes role from CANDIDATE to LEADER at term 1 for changeToLeader
2019-09-12 11:53:29,010 [61a9fc65-5e41-4283-98a8-259f9227054d:group-EAFBD8757FAA:LeaderElection2] INFO  impl.RaftServerImpl (ServerState.java:setLeader(263)) - 61a9fc65-5e41-4283-98a8-259f9227054d:group-EAFBD8757FAA change Leader from null to 61a9fc65-5e41-4283-98a8-259f9227054d at term 1 for becomeLeader, leader elected after 5191ms
2019-09-12 11:53:29,011 [61a9fc65-5e41-4283-98a8-259f9227054d:group-EAFBD8757FAA:LeaderElection2] INFO  server.RaftServerConfigKeys (ConfUtils.java:logGet(43)) - raft.server.staging.catchup.gap = 1000 (default)
2019-09-12 11:53:29,011 [61a9fc65-5e41-4283-98a8-259f9227054d:group-EAFBD8757FAA:LeaderElection2] INFO  server.RaftServerConfigKeys (ConfUtils.java:logGet(43)) - raft.server.rpc.sleep.time = 25ms (default)
2019-09-12 11:53:29,011 [61a9fc65-5e41-4283-98a8-259f9227054d:group-EAFBD8757FAA:LeaderElection2] INFO  server.RaftServerConfigKeys (ConfUtils.java:logGet(43)) - raft.server.write.element-limit = 4096 (default)
2019-09-12 11:53:29,011 [483993a0-3055-479d-b58b-b02682c97e4b:group-CFA8C83A5A2D:LeaderElection3] INFO  impl.LeaderElection (LeaderElection.java:askForVotes(181)) - 483993a0-3055-479d-b58b-b02682c97e4b:group-CFA8C83A5A2D:LeaderElection3: begin an election at term 1 for -1: [483993a0-3055-479d-b58b-b02682c97e4b:192.168.157.195:38762], old=null
2019-09-12 11:53:29,011 [61a9fc65-5e41-4283-98a8-259f9227054d:group-EAFBD8757FAA:LeaderElection2] INFO  server.RaftServerConfigKeys (ConfUtils.java:logGet(43)) - raft.server.watch.timeout = 10s (default)
2019-09-12 11:53:29,012 [483993a0-3055-479d-b58b-b02682c97e4b:group-CFA8C83A5A2D:LeaderElection3] INFO  impl.RoleInfo (RoleInfo.java:shutdownLeaderElection(134)) - 483993a0-3055-479d-b58b-b02682c97e4b: shutdown LeaderElection
2019-09-12 11:53:29,012 [61a9fc65-5e41-4283-98a8-259f9227054d:group-EAFBD8757FAA:LeaderElection2] INFO  server.RaftServerConfigKeys (ConfUtils.java:logGet(43)) - raft.server.watch.timeout.denomination = 1s (default)
2019-09-12 11:53:29,012 [483993a0-3055-479d-b58b-b02682c97e4b:group-CFA8C83A5A2D:LeaderElection3] INFO  impl.RaftServerImpl (RaftServerImpl.java:setRole(171)) - 483993a0-3055-479d-b58b-b02682c97e4b:group-CFA8C83A5A2D changes role from CANDIDATE to LEADER at term 1 for changeToLeader
2019-09-12 11:53:29,012 [61a9fc65-5e41-4283-98a8-259f9227054d:group-EAFBD8757FAA:LeaderElection2] INFO  server.RaftServerConfigKeys (ConfUtils.java:logGet(43)) - raft.server.watch.element-limit = 65536 (default)
2019-09-12 11:53:29,012 [483993a0-3055-479d-b58b-b02682c97e4b:group-CFA8C83A5A2D:LeaderElection3] INFO  impl.RaftServerImpl (ServerState.java:setLeader(263)) - 483993a0-3055-479d-b58b-b02682c97e4b:group-CFA8C83A5A2D change Leader from null to 483993a0-3055-479d-b58b-b02682c97e4b at term 1 for becomeLeader, leader elected after 5071ms
2019-09-12 11:53:29,012 [61a9fc65-5e41-4283-98a8-259f9227054d:group-EAFBD8757FAA:LeaderElection2] INFO  impl.RoleInfo (RoleInfo.java:updateAndGet(143)) - 61a9fc65-5e41-4283-98a8-259f9227054d: start LeaderState
2019-09-12 11:53:29,014 [483993a0-3055-479d-b58b-b02682c97e4b:group-CFA8C83A5A2D:LeaderElection3] INFO  server.RaftServerConfigKeys (ConfUtils.java:logGet(43)) - raft.server.staging.catchup.gap = 1000 (default)
2019-09-12 11:53:29,014 [483993a0-3055-479d-b58b-b02682c97e4b:group-CFA8C83A5A2D:LeaderElection3] INFO  server.RaftServerConfigKeys (ConfUtils.java:logGet(43)) - raft.server.rpc.sleep.time = 25ms (default)
2019-09-12 11:53:29,014 [61a9fc65-5e41-4283-98a8-259f9227054d:group-EAFBD8757FAA:LeaderElection2] INFO  segmented.SegmentedRaftLogWorker (SegmentedRaftLogWorker.java:startLogSegment(380)) - 61a9fc65-5e41-4283-98a8-259f9227054d-SegmentedRaftLogWorker:Storage Directory /workdir/hadoop-ozone/tools/target/test-dir/MiniOzoneClusterImpl-2c48e7f1-ac08-442f-970e-1944cf2eec25/datanode-0/data/ratis/fe731c09-4e6d-4612-9660-eafbd8757faa: Starting segment from index:0
2019-09-12 11:53:29,014 [483993a0-3055-479d-b58b-b02682c97e4b:group-CFA8C83A5A2D:LeaderElection3] INFO  server.RaftServerConfigKeys (ConfUtils.java:logGet(43)) - raft.server.write.element-limit = 4096 (default)
2019-09-12 11:53:29,014 [483993a0-3055-479d-b58b-b02682c97e4b:group-CFA8C83A5A2D:LeaderElection3] INFO  server.RaftServerConfigKeys (ConfUtils.java:logGet(43)) - raft.server.watch.timeout = 10s (default)
2019-09-12 11:53:29,015 [483993a0-3055-479d-b58b-b02682c97e4b:group-CFA8C83A5A2D:LeaderElection3] INFO  server.RaftServerConfigKeys (ConfUtils.java:logGet(43)) - raft.server.watch.timeout.denomination = 1s (default)
2019-09-12 11:53:29,015 [61a9fc65-5e41-4283-98a8-259f9227054d:group-EAFBD8757FAA:LeaderElection2] INFO  impl.RaftServerImpl (ServerState.java:setRaftConf(361)) - 61a9fc65-5e41-4283-98a8-259f9227054d:group-EAFBD8757FAA set configuration 0: [61a9fc65-5e41-4283-98a8-259f9227054d:192.168.157.195:36251], old=null at 0
2019-09-12 11:53:29,015 [483993a0-3055-479d-b58b-b02682c97e4b:group-CFA8C83A5A2D:LeaderElection3] INFO  server.RaftServerConfigKeys (ConfUtils.java:logGet(43)) - raft.server.watch.element-limit = 65536 (default)
2019-09-12 11:53:29,017 [483993a0-3055-479d-b58b-b02682c97e4b:group-CFA8C83A5A2D:LeaderElection3] INFO  impl.RoleInfo (RoleInfo.java:updateAndGet(143)) - 483993a0-3055-479d-b58b-b02682c97e4b: start LeaderState
2019-09-12 11:53:29,017 [483993a0-3055-479d-b58b-b02682c97e4b:group-CFA8C83A5A2D:LeaderElection3] INFO  segmented.SegmentedRaftLogWorker (SegmentedRaftLogWorker.java:startLogSegment(380)) - 483993a0-3055-479d-b58b-b02682c97e4b-SegmentedRaftLogWorker:Storage Directory /workdir/hadoop-ozone/tools/target/test-dir/MiniOzoneClusterImpl-2c48e7f1-ac08-442f-970e-1944cf2eec25/datanode-2/data/ratis/9cc82669-6be8-4bd3-afa6-cfa8c83a5a2d: Starting segment from index:0
2019-09-12 11:53:29,017 [483993a0-3055-479d-b58b-b02682c97e4b:group-CFA8C83A5A2D:LeaderElection3] INFO  impl.RaftServerImpl (ServerState.java:setRaftConf(361)) - 483993a0-3055-479d-b58b-b02682c97e4b:group-CFA8C83A5A2D set configuration 0: [483993a0-3055-479d-b58b-b02682c97e4b:192.168.157.195:38762], old=null at 0
2019-09-12 11:53:29,055 [Thread-218] INFO  impl.FollowerState (FollowerState.java:run(106)) - 028783e7-22fc-47b5-934a-5e8bf88f7fe6:group-885B17640540 changes to CANDIDATE, lastRpcTime:5023, electionTimeout:5023ms
2019-09-12 11:53:29,056 [Thread-218] INFO  impl.RoleInfo (RoleInfo.java:shutdownFollowerState(121)) - 028783e7-22fc-47b5-934a-5e8bf88f7fe6: shutdown FollowerState
2019-09-12 11:53:29,056 [Thread-218] INFO  impl.RaftServerImpl (RaftServerImpl.java:setRole(171)) - 028783e7-22fc-47b5-934a-5e8bf88f7fe6:group-885B17640540 changes role from FOLLOWER to CANDIDATE at term 0 for changeToCandidate
2019-09-12 11:53:29,056 [Thread-218] INFO  impl.RoleInfo (RoleInfo.java:updateAndGet(143)) - 028783e7-22fc-47b5-934a-5e8bf88f7fe6: start LeaderElection
2019-09-12 11:53:29,087 | INFO  | SCMAudit | user=jenkins1000 | ip=192.168.157.195 | op=SEND_HEARTBEAT {datanodeUUID=483993a0-3055-479d-b58b-b02682c97e4b, command=[]} | ret=SUCCESS |  
2019-09-12 11:53:29,100 [483993a0-3055-479d-b58b-b02682c97e4b-SegmentedRaftLogWorker:Storage Directory /workdir/hadoop-ozone/tools/target/test-dir/MiniOzoneClusterImpl-2c48e7f1-ac08-442f-970e-1944cf2eec25/datanode-2/data/ratis/9cc82669-6be8-4bd3-afa6-cfa8c83a5a2d] INFO  segmented.SegmentedRaftLogWorker (SegmentedRaftLogWorker.java:execute(569)) - 483993a0-3055-479d-b58b-b02682c97e4b-SegmentedRaftLogWorker:Storage Directory /workdir/hadoop-ozone/tools/target/test-dir/MiniOzoneClusterImpl-2c48e7f1-ac08-442f-970e-1944cf2eec25/datanode-2/data/ratis/9cc82669-6be8-4bd3-afa6-cfa8c83a5a2d: created new log segment /workdir/hadoop-ozone/tools/target/test-dir/MiniOzoneClusterImpl-2c48e7f1-ac08-442f-970e-1944cf2eec25/datanode-2/data/ratis/9cc82669-6be8-4bd3-afa6-cfa8c83a5a2d/current/log_inprogress_0
2019-09-12 11:53:29,100 [028783e7-22fc-47b5-934a-5e8bf88f7fe6:group-885B17640540:LeaderElection4] INFO  impl.LeaderElection (LeaderElection.java:askForVotes(181)) - 028783e7-22fc-47b5-934a-5e8bf88f7fe6:group-885B17640540:LeaderElection4: begin an election at term 1 for -1: [028783e7-22fc-47b5-934a-5e8bf88f7fe6:192.168.157.195:38713], old=null
2019-09-12 11:53:29,100 [61a9fc65-5e41-4283-98a8-259f9227054d-SegmentedRaftLogWorker:Storage Directory /workdir/hadoop-ozone/tools/target/test-dir/MiniOzoneClusterImpl-2c48e7f1-ac08-442f-970e-1944cf2eec25/datanode-0/data/ratis/cc2cfa84-1717-4410-9ef4-f9be187a1fa7] INFO  segmented.SegmentedRaftLogWorker (SegmentedRaftLogWorker.java:execute(569)) - 61a9fc65-5e41-4283-98a8-259f9227054d-SegmentedRaftLogWorker:Storage Directory /workdir/hadoop-ozone/tools/target/test-dir/MiniOzoneClusterImpl-2c48e7f1-ac08-442f-970e-1944cf2eec25/datanode-0/data/ratis/cc2cfa84-1717-4410-9ef4-f9be187a1fa7: created new log segment /workdir/hadoop-ozone/tools/target/test-dir/MiniOzoneClusterImpl-2c48e7f1-ac08-442f-970e-1944cf2eec25/datanode-0/data/ratis/cc2cfa84-1717-4410-9ef4-f9be187a1fa7/current/log_inprogress_0
2019-09-12 11:53:29,100 [61a9fc65-5e41-4283-98a8-259f9227054d-SegmentedRaftLogWorker:Storage Directory /workdir/hadoop-ozone/tools/target/test-dir/MiniOzoneClusterImpl-2c48e7f1-ac08-442f-970e-1944cf2eec25/datanode-0/data/ratis/fe731c09-4e6d-4612-9660-eafbd8757faa] INFO  segmented.SegmentedRaftLogWorker (SegmentedRaftLogWorker.java:execute(569)) - 61a9fc65-5e41-4283-98a8-259f9227054d-SegmentedRaftLogWorker:Storage Directory /workdir/hadoop-ozone/tools/target/test-dir/MiniOzoneClusterImpl-2c48e7f1-ac08-442f-970e-1944cf2eec25/datanode-0/data/ratis/fe731c09-4e6d-4612-9660-eafbd8757faa: created new log segment /workdir/hadoop-ozone/tools/target/test-dir/MiniOzoneClusterImpl-2c48e7f1-ac08-442f-970e-1944cf2eec25/datanode-0/data/ratis/fe731c09-4e6d-4612-9660-eafbd8757faa/current/log_inprogress_0
2019-09-12 11:53:29,102 [028783e7-22fc-47b5-934a-5e8bf88f7fe6:group-885B17640540:LeaderElection4] INFO  impl.RoleInfo (RoleInfo.java:shutdownLeaderElection(134)) - 028783e7-22fc-47b5-934a-5e8bf88f7fe6: shutdown LeaderElection
2019-09-12 11:53:29,103 [028783e7-22fc-47b5-934a-5e8bf88f7fe6:group-885B17640540:LeaderElection4] INFO  impl.RaftServerImpl (RaftServerImpl.java:setRole(171)) - 028783e7-22fc-47b5-934a-5e8bf88f7fe6:group-885B17640540 changes role from CANDIDATE to LEADER at term 1 for changeToLeader
2019-09-12 11:53:29,104 [028783e7-22fc-47b5-934a-5e8bf88f7fe6:group-885B17640540:LeaderElection4] INFO  impl.RaftServerImpl (ServerState.java:setLeader(263)) - 028783e7-22fc-47b5-934a-5e8bf88f7fe6:group-885B17640540 change Leader from null to 028783e7-22fc-47b5-934a-5e8bf88f7fe6 at term 1 for becomeLeader, leader elected after 5077ms
2019-09-12 11:53:29,105 [028783e7-22fc-47b5-934a-5e8bf88f7fe6:group-885B17640540:LeaderElection4] INFO  server.RaftServerConfigKeys (ConfUtils.java:logGet(43)) - raft.server.staging.catchup.gap = 1000 (default)
2019-09-12 11:53:29,105 [028783e7-22fc-47b5-934a-5e8bf88f7fe6:group-885B17640540:LeaderElection4] INFO  server.RaftServerConfigKeys (ConfUtils.java:logGet(43)) - raft.server.rpc.sleep.time = 25ms (default)
2019-09-12 11:53:29,106 [028783e7-22fc-47b5-934a-5e8bf88f7fe6:group-885B17640540:LeaderElection4] INFO  server.RaftServerConfigKeys (ConfUtils.java:logGet(43)) - raft.server.write.element-limit = 4096 (default)
2019-09-12 11:53:29,106 [028783e7-22fc-47b5-934a-5e8bf88f7fe6:group-885B17640540:LeaderElection4] INFO  server.RaftServerConfigKeys (ConfUtils.java:logGet(43)) - raft.server.watch.timeout = 10s (default)
2019-09-12 11:53:29,106 [028783e7-22fc-47b5-934a-5e8bf88f7fe6:group-885B17640540:LeaderElection4] INFO  server.RaftServerConfigKeys (ConfUtils.java:logGet(43)) - raft.server.watch.timeout.denomination = 1s (default)
2019-09-12 11:53:29,106 [028783e7-22fc-47b5-934a-5e8bf88f7fe6:group-885B17640540:LeaderElection4] INFO  server.RaftServerConfigKeys (ConfUtils.java:logGet(43)) - raft.server.watch.element-limit = 65536 (default)
2019-09-12 11:53:29,107 [028783e7-22fc-47b5-934a-5e8bf88f7fe6:group-885B17640540:LeaderElection4] INFO  impl.RoleInfo (RoleInfo.java:updateAndGet(143)) - 028783e7-22fc-47b5-934a-5e8bf88f7fe6: start LeaderState
2019-09-12 11:53:29,107 [028783e7-22fc-47b5-934a-5e8bf88f7fe6:group-885B17640540:LeaderElection4] INFO  segmented.SegmentedRaftLogWorker (SegmentedRaftLogWorker.java:startLogSegment(380)) - 028783e7-22fc-47b5-934a-5e8bf88f7fe6-SegmentedRaftLogWorker:Storage Directory /workdir/hadoop-ozone/tools/target/test-dir/MiniOzoneClusterImpl-2c48e7f1-ac08-442f-970e-1944cf2eec25/datanode-3/data/ratis/f8b58fa9-d424-4bbc-b6bd-885b17640540: Starting segment from index:0
2019-09-12 11:53:29,108 [028783e7-22fc-47b5-934a-5e8bf88f7fe6:group-885B17640540:LeaderElection4] INFO  impl.RaftServerImpl (ServerState.java:setRaftConf(361)) - 028783e7-22fc-47b5-934a-5e8bf88f7fe6:group-885B17640540 set configuration 0: [028783e7-22fc-47b5-934a-5e8bf88f7fe6:192.168.157.195:38713], old=null at 0
2019-09-12 11:53:29,141 [Thread-221] INFO  impl.FollowerState (FollowerState.java:run(106)) - 483993a0-3055-479d-b58b-b02682c97e4b:group-1FC22F1FD621 changes to CANDIDATE, lastRpcTime:5037, electionTimeout:5007ms
2019-09-12 11:53:29,143 [Thread-221] INFO  impl.RoleInfo (RoleInfo.java:shutdownFollowerState(121)) - 483993a0-3055-479d-b58b-b02682c97e4b: shutdown FollowerState
2019-09-12 11:53:29,143 [Thread-221] INFO  impl.RaftServerImpl (RaftServerImpl.java:setRole(171)) - 483993a0-3055-479d-b58b-b02682c97e4b:group-1FC22F1FD621 changes role from FOLLOWER to CANDIDATE at term 0 for changeToCandidate
2019-09-12 11:53:29,144 [Thread-221] INFO  impl.RoleInfo (RoleInfo.java:updateAndGet(143)) - 483993a0-3055-479d-b58b-b02682c97e4b: start LeaderElection
2019-09-12 11:53:29,154 [028783e7-22fc-47b5-934a-5e8bf88f7fe6-SegmentedRaftLogWorker:Storage Directory /workdir/hadoop-ozone/tools/target/test-dir/MiniOzoneClusterImpl-2c48e7f1-ac08-442f-970e-1944cf2eec25/datanode-3/data/ratis/f8b58fa9-d424-4bbc-b6bd-885b17640540] INFO  segmented.SegmentedRaftLogWorker (SegmentedRaftLogWorker.java:execute(569)) - 028783e7-22fc-47b5-934a-5e8bf88f7fe6-SegmentedRaftLogWorker:Storage Directory /workdir/hadoop-ozone/tools/target/test-dir/MiniOzoneClusterImpl-2c48e7f1-ac08-442f-970e-1944cf2eec25/datanode-3/data/ratis/f8b58fa9-d424-4bbc-b6bd-885b17640540: created new log segment /workdir/hadoop-ozone/tools/target/test-dir/MiniOzoneClusterImpl-2c48e7f1-ac08-442f-970e-1944cf2eec25/datanode-3/data/ratis/f8b58fa9-d424-4bbc-b6bd-885b17640540/current/log_inprogress_0
2019-09-12 11:53:29,155 [483993a0-3055-479d-b58b-b02682c97e4b:group-1FC22F1FD621:LeaderElection5] INFO  impl.LeaderElection (LeaderElection.java:askForVotes(181)) - 483993a0-3055-479d-b58b-b02682c97e4b:group-1FC22F1FD621:LeaderElection5: begin an election at term 1 for -1: [483993a0-3055-479d-b58b-b02682c97e4b:192.168.157.195:38762], old=null
2019-09-12 11:53:29,155 [483993a0-3055-479d-b58b-b02682c97e4b:group-1FC22F1FD621:LeaderElection5] INFO  impl.RoleInfo (RoleInfo.java:shutdownLeaderElection(134)) - 483993a0-3055-479d-b58b-b02682c97e4b: shutdown LeaderElection
2019-09-12 11:53:29,155 [483993a0-3055-479d-b58b-b02682c97e4b:group-1FC22F1FD621:LeaderElection5] INFO  impl.RaftServerImpl (RaftServerImpl.java:setRole(171)) - 483993a0-3055-479d-b58b-b02682c97e4b:group-1FC22F1FD621 changes role from CANDIDATE to LEADER at term 1 for changeToLeader
2019-09-12 11:53:29,155 [483993a0-3055-479d-b58b-b02682c97e4b:group-1FC22F1FD621:LeaderElection5] INFO  impl.RaftServerImpl (ServerState.java:setLeader(263)) - 483993a0-3055-479d-b58b-b02682c97e4b:group-1FC22F1FD621 change Leader from null to 483993a0-3055-479d-b58b-b02682c97e4b at term 1 for becomeLeader, leader elected after 5056ms
2019-09-12 11:53:29,155 [483993a0-3055-479d-b58b-b02682c97e4b:group-1FC22F1FD621:LeaderElection5] INFO  server.RaftServerConfigKeys (ConfUtils.java:logGet(43)) - raft.server.staging.catchup.gap = 1000 (default)
2019-09-12 11:53:29,155 [483993a0-3055-479d-b58b-b02682c97e4b:group-1FC22F1FD621:LeaderElection5] INFO  server.RaftServerConfigKeys (ConfUtils.java:logGet(43)) - raft.server.rpc.sleep.time = 25ms (default)
2019-09-12 11:53:29,156 [483993a0-3055-479d-b58b-b02682c97e4b:group-1FC22F1FD621:LeaderElection5] INFO  server.RaftServerConfigKeys (ConfUtils.java:logGet(43)) - raft.server.write.element-limit = 4096 (default)
2019-09-12 11:53:29,156 [483993a0-3055-479d-b58b-b02682c97e4b:group-1FC22F1FD621:LeaderElection5] INFO  server.RaftServerConfigKeys (ConfUtils.java:logGet(43)) - raft.server.watch.timeout = 10s (default)
2019-09-12 11:53:29,156 [483993a0-3055-479d-b58b-b02682c97e4b:group-1FC22F1FD621:LeaderElection5] INFO  server.RaftServerConfigKeys (ConfUtils.java:logGet(43)) - raft.server.watch.timeout.denomination = 1s (default)
2019-09-12 11:53:29,156 [483993a0-3055-479d-b58b-b02682c97e4b:group-1FC22F1FD621:LeaderElection5] INFO  server.RaftServerConfigKeys (ConfUtils.java:logGet(43)) - raft.server.watch.element-limit = 65536 (default)
2019-09-12 11:53:29,156 [483993a0-3055-479d-b58b-b02682c97e4b:group-1FC22F1FD621:LeaderElection5] INFO  impl.RoleInfo (RoleInfo.java:updateAndGet(143)) - 483993a0-3055-479d-b58b-b02682c97e4b: start LeaderState
2019-09-12 11:53:29,156 [483993a0-3055-479d-b58b-b02682c97e4b:group-1FC22F1FD621:LeaderElection5] INFO  segmented.SegmentedRaftLogWorker (SegmentedRaftLogWorker.java:startLogSegment(380)) - 483993a0-3055-479d-b58b-b02682c97e4b-SegmentedRaftLogWorker:Storage Directory /workdir/hadoop-ozone/tools/target/test-dir/MiniOzoneClusterImpl-2c48e7f1-ac08-442f-970e-1944cf2eec25/datanode-2/data/ratis/ad58dbcb-ee7e-4222-b688-1fc22f1fd621: Starting segment from index:0
2019-09-12 11:53:29,157 [483993a0-3055-479d-b58b-b02682c97e4b:group-1FC22F1FD621:LeaderElection5] INFO  impl.RaftServerImpl (ServerState.java:setRaftConf(361)) - 483993a0-3055-479d-b58b-b02682c97e4b:group-1FC22F1FD621 set configuration 0: [483993a0-3055-479d-b58b-b02682c97e4b:192.168.157.195:38762], old=null at 0
 0.00% |█                                                                                                    |  0/1 Time: 0:00:042019-09-12 11:53:29,189 [483993a0-3055-479d-b58b-b02682c97e4b-SegmentedRaftLogWorker:Storage Directory /workdir/hadoop-ozone/tools/target/test-dir/MiniOzoneClusterImpl-2c48e7f1-ac08-442f-970e-1944cf2eec25/datanode-2/data/ratis/ad58dbcb-ee7e-4222-b688-1fc22f1fd621] INFO  segmented.SegmentedRaftLogWorker (SegmentedRaftLogWorker.java:execute(569)) - 483993a0-3055-479d-b58b-b02682c97e4b-SegmentedRaftLogWorker:Storage Directory /workdir/hadoop-ozone/tools/target/test-dir/MiniOzoneClusterImpl-2c48e7f1-ac08-442f-970e-1944cf2eec25/datanode-2/data/ratis/ad58dbcb-ee7e-4222-b688-1fc22f1fd621: created new log segment /workdir/hadoop-ozone/tools/target/test-dir/MiniOzoneClusterImpl-2c48e7f1-ac08-442f-970e-1944cf2eec25/datanode-2/data/ratis/ad58dbcb-ee7e-4222-b688-1fc22f1fd621/current/log_inprogress_0
2019-09-12 11:53:29,201 [Thread-224] INFO  impl.FollowerState (FollowerState.java:run(106)) - e686195f-5212-4098-b2ad-e713a3c4587f:group-9DF8022B5FF7 changes to CANDIDATE, lastRpcTime:5028, electionTimeout:5028ms
2019-09-12 11:53:29,201 [Thread-224] INFO  impl.RoleInfo (RoleInfo.java:shutdownFollowerState(121)) - e686195f-5212-4098-b2ad-e713a3c4587f: shutdown FollowerState
2019-09-12 11:53:29,201 [Thread-224] INFO  impl.RaftServerImpl (RaftServerImpl.java:setRole(171)) - e686195f-5212-4098-b2ad-e713a3c4587f:group-9DF8022B5FF7 changes role from FOLLOWER to CANDIDATE at term 0 for changeToCandidate
2019-09-12 11:53:29,201 [Thread-224] INFO  impl.RoleInfo (RoleInfo.java:updateAndGet(143)) - e686195f-5212-4098-b2ad-e713a3c4587f: start LeaderElection
2019-09-12 11:53:29,218 [e686195f-5212-4098-b2ad-e713a3c4587f:group-9DF8022B5FF7:LeaderElection6] INFO  impl.LeaderElection (LeaderElection.java:askForVotes(181)) - e686195f-5212-4098-b2ad-e713a3c4587f:group-9DF8022B5FF7:LeaderElection6: begin an election at term 1 for -1: [e686195f-5212-4098-b2ad-e713a3c4587f:192.168.157.195:42300], old=null
2019-09-12 11:53:29,220 [e686195f-5212-4098-b2ad-e713a3c4587f:group-9DF8022B5FF7:LeaderElection6] INFO  impl.RoleInfo (RoleInfo.java:shutdownLeaderElection(134)) - e686195f-5212-4098-b2ad-e713a3c4587f: shutdown LeaderElection
2019-09-12 11:53:29,220 [e686195f-5212-4098-b2ad-e713a3c4587f:group-9DF8022B5FF7:LeaderElection6] INFO  impl.RaftServerImpl (RaftServerImpl.java:setRole(171)) - e686195f-5212-4098-b2ad-e713a3c4587f:group-9DF8022B5FF7 changes role from CANDIDATE to LEADER at term 1 for changeToLeader
2019-09-12 11:53:29,220 [e686195f-5212-4098-b2ad-e713a3c4587f:group-9DF8022B5FF7:LeaderElection6] INFO  impl.RaftServerImpl (ServerState.java:setLeader(263)) - e686195f-5212-4098-b2ad-e713a3c4587f:group-9DF8022B5FF7 change Leader from null to e686195f-5212-4098-b2ad-e713a3c4587f at term 1 for becomeLeader, leader elected after 5052ms
2019-09-12 11:53:29,221 [e686195f-5212-4098-b2ad-e713a3c4587f:group-9DF8022B5FF7:LeaderElection6] INFO  server.RaftServerConfigKeys (ConfUtils.java:logGet(43)) - raft.server.staging.catchup.gap = 1000 (default)
2019-09-12 11:53:29,222 [e686195f-5212-4098-b2ad-e713a3c4587f:group-9DF8022B5FF7:LeaderElection6] INFO  server.RaftServerConfigKeys (ConfUtils.java:logGet(43)) - raft.server.rpc.sleep.time = 25ms (default)
2019-09-12 11:53:29,222 [e686195f-5212-4098-b2ad-e713a3c4587f:group-9DF8022B5FF7:LeaderElection6] INFO  server.RaftServerConfigKeys (ConfUtils.java:logGet(43)) - raft.server.write.element-limit = 4096 (default)
2019-09-12 11:53:29,222 [e686195f-5212-4098-b2ad-e713a3c4587f:group-9DF8022B5FF7:LeaderElection6] INFO  server.RaftServerConfigKeys (ConfUtils.java:logGet(43)) - raft.server.watch.timeout = 10s (default)
2019-09-12 11:53:29,222 [e686195f-5212-4098-b2ad-e713a3c4587f:group-9DF8022B5FF7:LeaderElection6] INFO  server.RaftServerConfigKeys (ConfUtils.java:logGet(43)) - raft.server.watch.timeout.denomination = 1s (default)
2019-09-12 11:53:29,222 [e686195f-5212-4098-b2ad-e713a3c4587f:group-9DF8022B5FF7:LeaderElection6] INFO  server.RaftServerConfigKeys (ConfUtils.java:logGet(43)) - raft.server.watch.element-limit = 65536 (default)
2019-09-12 11:53:29,222 [e686195f-5212-4098-b2ad-e713a3c4587f:group-9DF8022B5FF7:LeaderElection6] INFO  impl.RoleInfo (RoleInfo.java:updateAndGet(143)) - e686195f-5212-4098-b2ad-e713a3c4587f: start LeaderState
2019-09-12 11:53:29,223 [e686195f-5212-4098-b2ad-e713a3c4587f:group-9DF8022B5FF7:LeaderElection6] INFO  segmented.SegmentedRaftLogWorker (SegmentedRaftLogWorker.java:startLogSegment(380)) - e686195f-5212-4098-b2ad-e713a3c4587f-SegmentedRaftLogWorker:Storage Directory /workdir/hadoop-ozone/tools/target/test-dir/MiniOzoneClusterImpl-2c48e7f1-ac08-442f-970e-1944cf2eec25/datanode-1/data/ratis/ce9076d3-91c8-4698-a524-9df8022b5ff7: Starting segment from index:0
2019-09-12 11:53:29,223 [e686195f-5212-4098-b2ad-e713a3c4587f:group-9DF8022B5FF7:LeaderElection6] INFO  impl.RaftServerImpl (ServerState.java:setRaftConf(361)) - e686195f-5212-4098-b2ad-e713a3c4587f:group-9DF8022B5FF7 set configuration 0: [e686195f-5212-4098-b2ad-e713a3c4587f:192.168.157.195:42300], old=null at 0
2019-09-12 11:53:29,259 [Thread-227] INFO  impl.FollowerState (FollowerState.java:run(106)) - e686195f-5212-4098-b2ad-e713a3c4587f:group-896494B98437 changes to CANDIDATE, lastRpcTime:5024, electionTimeout:5024ms
2019-09-12 11:53:29,259 [Thread-227] INFO  impl.RoleInfo (RoleInfo.java:shutdownFollowerState(121)) - e686195f-5212-4098-b2ad-e713a3c4587f: shutdown FollowerState
2019-09-12 11:53:29,259 [Thread-227] INFO  impl.RaftServerImpl (RaftServerImpl.java:setRole(171)) - e686195f-5212-4098-b2ad-e713a3c4587f:group-896494B98437 changes role from FOLLOWER to CANDIDATE at term 0 for changeToCandidate
2019-09-12 11:53:29,259 [Thread-227] INFO  impl.RoleInfo (RoleInfo.java:updateAndGet(143)) - e686195f-5212-4098-b2ad-e713a3c4587f: start LeaderElection
2019-09-12 11:53:29,265 [e686195f-5212-4098-b2ad-e713a3c4587f-SegmentedRaftLogWorker:Storage Directory /workdir/hadoop-ozone/tools/target/test-dir/MiniOzoneClusterImpl-2c48e7f1-ac08-442f-970e-1944cf2eec25/datanode-1/data/ratis/ce9076d3-91c8-4698-a524-9df8022b5ff7] INFO  segmented.SegmentedRaftLogWorker (SegmentedRaftLogWorker.java:execute(569)) - e686195f-5212-4098-b2ad-e713a3c4587f-SegmentedRaftLogWorker:Storage Directory /workdir/hadoop-ozone/tools/target/test-dir/MiniOzoneClusterImpl-2c48e7f1-ac08-442f-970e-1944cf2eec25/datanode-1/data/ratis/ce9076d3-91c8-4698-a524-9df8022b5ff7: created new log segment /workdir/hadoop-ozone/tools/target/test-dir/MiniOzoneClusterImpl-2c48e7f1-ac08-442f-970e-1944cf2eec25/datanode-1/data/ratis/ce9076d3-91c8-4698-a524-9df8022b5ff7/current/log_inprogress_0
2019-09-12 11:53:29,265 [e686195f-5212-4098-b2ad-e713a3c4587f:group-896494B98437:LeaderElection7] INFO  impl.LeaderElection (LeaderElection.java:askForVotes(181)) - e686195f-5212-4098-b2ad-e713a3c4587f:group-896494B98437:LeaderElection7: begin an election at term 1 for -1: [e686195f-5212-4098-b2ad-e713a3c4587f:192.168.157.195:42300], old=null
2019-09-12 11:53:29,266 [e686195f-5212-4098-b2ad-e713a3c4587f:group-896494B98437:LeaderElection7] INFO  impl.RoleInfo (RoleInfo.java:shutdownLeaderElection(134)) - e686195f-5212-4098-b2ad-e713a3c4587f: shutdown LeaderElection
2019-09-12 11:53:29,266 [e686195f-5212-4098-b2ad-e713a3c4587f:group-896494B98437:LeaderElection7] INFO  impl.RaftServerImpl (RaftServerImpl.java:setRole(171)) - e686195f-5212-4098-b2ad-e713a3c4587f:group-896494B98437 changes role from CANDIDATE to LEADER at term 1 for changeToLeader
2019-09-12 11:53:29,266 [e686195f-5212-4098-b2ad-e713a3c4587f:group-896494B98437:LeaderElection7] INFO  impl.RaftServerImpl (ServerState.java:setLeader(263)) - e686195f-5212-4098-b2ad-e713a3c4587f:group-896494B98437 change Leader from null to e686195f-5212-4098-b2ad-e713a3c4587f at term 1 for becomeLeader, leader elected after 5035ms
2019-09-12 11:53:29,266 [e686195f-5212-4098-b2ad-e713a3c4587f:group-896494B98437:LeaderElection7] INFO  server.RaftServerConfigKeys (ConfUtils.java:logGet(43)) - raft.server.staging.catchup.gap = 1000 (default)
2019-09-12 11:53:29,266 [e686195f-5212-4098-b2ad-e713a3c4587f:group-896494B98437:LeaderElection7] INFO  server.RaftServerConfigKeys (ConfUtils.java:logGet(43)) - raft.server.rpc.sleep.time = 25ms (default)
2019-09-12 11:53:29,267 [e686195f-5212-4098-b2ad-e713a3c4587f:group-896494B98437:LeaderElection7] INFO  server.RaftServerConfigKeys (ConfUtils.java:logGet(43)) - raft.server.write.element-limit = 4096 (default)
2019-09-12 11:53:29,267 [e686195f-5212-4098-b2ad-e713a3c4587f:group-896494B98437:LeaderElection7] INFO  server.RaftServerConfigKeys (ConfUtils.java:logGet(43)) - raft.server.watch.timeout = 10s (default)
2019-09-12 11:53:29,267 [e686195f-5212-4098-b2ad-e713a3c4587f:group-896494B98437:LeaderElection7] INFO  server.RaftServerConfigKeys (ConfUtils.java:logGet(43)) - raft.server.watch.timeout.denomination = 1s (default)
2019-09-12 11:53:29,267 [e686195f-5212-4098-b2ad-e713a3c4587f:group-896494B98437:LeaderElection7] INFO  server.RaftServerConfigKeys (ConfUtils.java:logGet(43)) - raft.server.watch.element-limit = 65536 (default)
2019-09-12 11:53:29,267 [e686195f-5212-4098-b2ad-e713a3c4587f:group-896494B98437:LeaderElection7] INFO  impl.RoleInfo (RoleInfo.java:updateAndGet(143)) - e686195f-5212-4098-b2ad-e713a3c4587f: start LeaderState
2019-09-12 11:53:29,268 [e686195f-5212-4098-b2ad-e713a3c4587f:group-896494B98437:LeaderElection7] INFO  segmented.SegmentedRaftLogWorker (SegmentedRaftLogWorker.java:startLogSegment(380)) - e686195f-5212-4098-b2ad-e713a3c4587f-SegmentedRaftLogWorker:Storage Directory /workdir/hadoop-ozone/tools/target/test-dir/MiniOzoneClusterImpl-2c48e7f1-ac08-442f-970e-1944cf2eec25/datanode-1/data/ratis/41aaae73-29ac-4a4b-9dcf-896494b98437: Starting segment from index:0
2019-09-12 11:53:29,268 [e686195f-5212-4098-b2ad-e713a3c4587f:group-896494B98437:LeaderElection7] INFO  impl.RaftServerImpl (ServerState.java:setRaftConf(361)) - e686195f-5212-4098-b2ad-e713a3c4587f:group-896494B98437 set configuration 0: [e686195f-5212-4098-b2ad-e713a3c4587f:192.168.157.195:42300], old=null at 0
2019-09-12 11:53:29,310 [e686195f-5212-4098-b2ad-e713a3c4587f-SegmentedRaftLogWorker:Storage Directory /workdir/hadoop-ozone/tools/target/test-dir/MiniOzoneClusterImpl-2c48e7f1-ac08-442f-970e-1944cf2eec25/datanode-1/data/ratis/41aaae73-29ac-4a4b-9dcf-896494b98437] INFO  segmented.SegmentedRaftLogWorker (SegmentedRaftLogWorker.java:execute(569)) - e686195f-5212-4098-b2ad-e713a3c4587f-SegmentedRaftLogWorker:Storage Directory /workdir/hadoop-ozone/tools/target/test-dir/MiniOzoneClusterImpl-2c48e7f1-ac08-442f-970e-1944cf2eec25/datanode-1/data/ratis/41aaae73-29ac-4a4b-9dcf-896494b98437: created new log segment /workdir/hadoop-ozone/tools/target/test-dir/MiniOzoneClusterImpl-2c48e7f1-ac08-442f-970e-1944cf2eec25/datanode-1/data/ratis/41aaae73-29ac-4a4b-9dcf-896494b98437/current/log_inprogress_0
2019-09-12 11:53:29,381 [Thread-230] INFO  impl.FollowerState (FollowerState.java:run(106)) - 028783e7-22fc-47b5-934a-5e8bf88f7fe6:group-32748BBE3AF4 changes to CANDIDATE, lastRpcTime:5084, electionTimeout:5084ms
2019-09-12 11:53:29,381 [Thread-230] INFO  impl.RoleInfo (RoleInfo.java:shutdownFollowerState(121)) - 028783e7-22fc-47b5-934a-5e8bf88f7fe6: shutdown FollowerState
2019-09-12 11:53:29,381 [Thread-230] INFO  impl.RaftServerImpl (RaftServerImpl.java:setRole(171)) - 028783e7-22fc-47b5-934a-5e8bf88f7fe6:group-32748BBE3AF4 changes role from FOLLOWER to CANDIDATE at term 0 for changeToCandidate
2019-09-12 11:53:29,382 [Thread-230] INFO  impl.RoleInfo (RoleInfo.java:updateAndGet(143)) - 028783e7-22fc-47b5-934a-5e8bf88f7fe6: start LeaderElection
2019-09-12 11:53:29,399 [028783e7-22fc-47b5-934a-5e8bf88f7fe6:group-32748BBE3AF4:LeaderElection8] INFO  impl.LeaderElection (LeaderElection.java:askForVotes(181)) - 028783e7-22fc-47b5-934a-5e8bf88f7fe6:group-32748BBE3AF4:LeaderElection8: begin an election at term 1 for -1: [028783e7-22fc-47b5-934a-5e8bf88f7fe6:192.168.157.195:38713], old=null
2019-09-12 11:53:29,401 [028783e7-22fc-47b5-934a-5e8bf88f7fe6:group-32748BBE3AF4:LeaderElection8] INFO  impl.RoleInfo (RoleInfo.java:shutdownLeaderElection(134)) - 028783e7-22fc-47b5-934a-5e8bf88f7fe6: shutdown LeaderElection
2019-09-12 11:53:29,401 [028783e7-22fc-47b5-934a-5e8bf88f7fe6:group-32748BBE3AF4:LeaderElection8] INFO  impl.RaftServerImpl (RaftServerImpl.java:setRole(171)) - 028783e7-22fc-47b5-934a-5e8bf88f7fe6:group-32748BBE3AF4 changes role from CANDIDATE to LEADER at term 1 for changeToLeader
2019-09-12 11:53:29,401 [028783e7-22fc-47b5-934a-5e8bf88f7fe6:group-32748BBE3AF4:LeaderElection8] INFO  impl.RaftServerImpl (ServerState.java:setLeader(263)) - 028783e7-22fc-47b5-934a-5e8bf88f7fe6:group-32748BBE3AF4 change Leader from null to 028783e7-22fc-47b5-934a-5e8bf88f7fe6 at term 1 for becomeLeader, leader elected after 5108ms
2019-09-12 11:53:29,401 [028783e7-22fc-47b5-934a-5e8bf88f7fe6:group-32748BBE3AF4:LeaderElection8] INFO  server.RaftServerConfigKeys (ConfUtils.java:logGet(43)) - raft.server.staging.catchup.gap = 1000 (default)
2019-09-12 11:53:29,402 [028783e7-22fc-47b5-934a-5e8bf88f7fe6:group-32748BBE3AF4:LeaderElection8] INFO  server.RaftServerConfigKeys (ConfUtils.java:logGet(43)) - raft.server.rpc.sleep.time = 25ms (default)
2019-09-12 11:53:29,402 [028783e7-22fc-47b5-934a-5e8bf88f7fe6:group-32748BBE3AF4:LeaderElection8] INFO  server.RaftServerConfigKeys (ConfUtils.java:logGet(43)) - raft.server.write.element-limit = 4096 (default)
2019-09-12 11:53:29,402 [028783e7-22fc-47b5-934a-5e8bf88f7fe6:group-32748BBE3AF4:LeaderElection8] INFO  server.RaftServerConfigKeys (ConfUtils.java:logGet(43)) - raft.server.watch.timeout = 10s (default)
2019-09-12 11:53:29,402 [028783e7-22fc-47b5-934a-5e8bf88f7fe6:group-32748BBE3AF4:LeaderElection8] INFO  server.RaftServerConfigKeys (ConfUtils.java:logGet(43)) - raft.server.watch.timeout.denomination = 1s (default)
2019-09-12 11:53:29,402 [028783e7-22fc-47b5-934a-5e8bf88f7fe6:group-32748BBE3AF4:LeaderElection8] INFO  server.RaftServerConfigKeys (ConfUtils.java:logGet(43)) - raft.server.watch.element-limit = 65536 (default)
2019-09-12 11:53:29,403 [028783e7-22fc-47b5-934a-5e8bf88f7fe6:group-32748BBE3AF4:LeaderElection8] INFO  impl.RoleInfo (RoleInfo.java:updateAndGet(143)) - 028783e7-22fc-47b5-934a-5e8bf88f7fe6: start LeaderState
2019-09-12 11:53:29,403 [028783e7-22fc-47b5-934a-5e8bf88f7fe6:group-32748BBE3AF4:LeaderElection8] INFO  segmented.SegmentedRaftLogWorker (SegmentedRaftLogWorker.java:startLogSegment(380)) - 028783e7-22fc-47b5-934a-5e8bf88f7fe6-SegmentedRaftLogWorker:Storage Directory /workdir/hadoop-ozone/tools/target/test-dir/MiniOzoneClusterImpl-2c48e7f1-ac08-442f-970e-1944cf2eec25/datanode-3/data/ratis/6f872d39-dda7-458e-a6fb-32748bbe3af4: Starting segment from index:0
2019-09-12 11:53:29,404 [028783e7-22fc-47b5-934a-5e8bf88f7fe6:group-32748BBE3AF4:LeaderElection8] INFO  impl.RaftServerImpl (ServerState.java:setRaftConf(361)) - 028783e7-22fc-47b5-934a-5e8bf88f7fe6:group-32748BBE3AF4 set configuration 0: [028783e7-22fc-47b5-934a-5e8bf88f7fe6:192.168.157.195:38713], old=null at 0
2019-09-12 11:53:29,421 [Thread-236] INFO  impl.FollowerState (FollowerState.java:run(106)) - 483993a0-3055-479d-b58b-b02682c97e4b:group-FEAE5FE30304 changes to CANDIDATE, lastRpcTime:5007, electionTimeout:5007ms
2019-09-12 11:53:29,421 [Thread-236] INFO  impl.RoleInfo (RoleInfo.java:shutdownFollowerState(121)) - 483993a0-3055-479d-b58b-b02682c97e4b: shutdown FollowerState
2019-09-12 11:53:29,421 [Thread-236] INFO  impl.RaftServerImpl (RaftServerImpl.java:setRole(171)) - 483993a0-3055-479d-b58b-b02682c97e4b:group-FEAE5FE30304 changes role from FOLLOWER to CANDIDATE at term 0 for changeToCandidate
2019-09-12 11:53:29,422 [Thread-236] INFO  impl.RoleInfo (RoleInfo.java:updateAndGet(143)) - 483993a0-3055-479d-b58b-b02682c97e4b: start LeaderElection
2019-09-12 11:53:29,442 | INFO  | SCMAudit | user=jenkins1000 | ip=192.168.157.195 | op=SEND_HEARTBEAT {datanodeUUID=028783e7-22fc-47b5-934a-5e8bf88f7fe6, command=[]} | ret=SUCCESS |  
2019-09-12 11:53:29,447 [028783e7-22fc-47b5-934a-5e8bf88f7fe6-SegmentedRaftLogWorker:Storage Directory /workdir/hadoop-ozone/tools/target/test-dir/MiniOzoneClusterImpl-2c48e7f1-ac08-442f-970e-1944cf2eec25/datanode-3/data/ratis/6f872d39-dda7-458e-a6fb-32748bbe3af4] INFO  segmented.SegmentedRaftLogWorker (SegmentedRaftLogWorker.java:execute(569)) - 028783e7-22fc-47b5-934a-5e8bf88f7fe6-SegmentedRaftLogWorker:Storage Directory /workdir/hadoop-ozone/tools/target/test-dir/MiniOzoneClusterImpl-2c48e7f1-ac08-442f-970e-1944cf2eec25/datanode-3/data/ratis/6f872d39-dda7-458e-a6fb-32748bbe3af4: created new log segment /workdir/hadoop-ozone/tools/target/test-dir/MiniOzoneClusterImpl-2c48e7f1-ac08-442f-970e-1944cf2eec25/datanode-3/data/ratis/6f872d39-dda7-458e-a6fb-32748bbe3af4/current/log_inprogress_0
2019-09-12 11:53:29,447 [483993a0-3055-479d-b58b-b02682c97e4b:group-FEAE5FE30304:LeaderElection9] INFO  impl.LeaderElection (LeaderElection.java:askForVotes(181)) - 483993a0-3055-479d-b58b-b02682c97e4b:group-FEAE5FE30304:LeaderElection9: begin an election at term 1 for -1: [483993a0-3055-479d-b58b-b02682c97e4b:192.168.157.195:38762], old=null
2019-09-12 11:53:29,447 [483993a0-3055-479d-b58b-b02682c97e4b:group-FEAE5FE30304:LeaderElection9] INFO  impl.RoleInfo (RoleInfo.java:shutdownLeaderElection(134)) - 483993a0-3055-479d-b58b-b02682c97e4b: shutdown LeaderElection
2019-09-12 11:53:29,447 [483993a0-3055-479d-b58b-b02682c97e4b:group-FEAE5FE30304:LeaderElection9] INFO  impl.RaftServerImpl (RaftServerImpl.java:setRole(171)) - 483993a0-3055-479d-b58b-b02682c97e4b:group-FEAE5FE30304 changes role from CANDIDATE to LEADER at term 1 for changeToLeader
2019-09-12 11:53:29,448 [483993a0-3055-479d-b58b-b02682c97e4b:group-FEAE5FE30304:LeaderElection9] INFO  impl.RaftServerImpl (ServerState.java:setLeader(263)) - 483993a0-3055-479d-b58b-b02682c97e4b:group-FEAE5FE30304 change Leader from null to 483993a0-3055-479d-b58b-b02682c97e4b at term 1 for becomeLeader, leader elected after 5038ms
2019-09-12 11:53:29,448 [483993a0-3055-479d-b58b-b02682c97e4b:group-FEAE5FE30304:LeaderElection9] INFO  server.RaftServerConfigKeys (ConfUtils.java:logGet(43)) - raft.server.staging.catchup.gap = 1000 (default)
2019-09-12 11:53:29,448 [483993a0-3055-479d-b58b-b02682c97e4b:group-FEAE5FE30304:LeaderElection9] INFO  server.RaftServerConfigKeys (ConfUtils.java:logGet(43)) - raft.server.rpc.sleep.time = 25ms (default)
2019-09-12 11:53:29,448 [483993a0-3055-479d-b58b-b02682c97e4b:group-FEAE5FE30304:LeaderElection9] INFO  server.RaftServerConfigKeys (ConfUtils.java:logGet(43)) - raft.server.write.element-limit = 4096 (default)
2019-09-12 11:53:29,448 [483993a0-3055-479d-b58b-b02682c97e4b:group-FEAE5FE30304:LeaderElection9] INFO  server.RaftServerConfigKeys (ConfUtils.java:logGet(43)) - raft.server.watch.timeout = 10s (default)
2019-09-12 11:53:29,449 [483993a0-3055-479d-b58b-b02682c97e4b:group-FEAE5FE30304:LeaderElection9] INFO  server.RaftServerConfigKeys (ConfUtils.java:logGet(43)) - raft.server.watch.timeout.denomination = 1s (default)
2019-09-12 11:53:29,449 [483993a0-3055-479d-b58b-b02682c97e4b:group-FEAE5FE30304:LeaderElection9] INFO  server.RaftServerConfigKeys (ConfUtils.java:logGet(43)) - raft.server.watch.element-limit = 65536 (default)
2019-09-12 11:53:29,449 [483993a0-3055-479d-b58b-b02682c97e4b:group-FEAE5FE30304:LeaderElection9] INFO  impl.RoleInfo (RoleInfo.java:updateAndGet(143)) - 483993a0-3055-479d-b58b-b02682c97e4b: start LeaderState
2019-09-12 11:53:29,449 [483993a0-3055-479d-b58b-b02682c97e4b:group-FEAE5FE30304:LeaderElection9] INFO  segmented.SegmentedRaftLogWorker (SegmentedRaftLogWorker.java:startLogSegment(380)) - 483993a0-3055-479d-b58b-b02682c97e4b-SegmentedRaftLogWorker:Storage Directory /workdir/hadoop-ozone/tools/target/test-dir/MiniOzoneClusterImpl-2c48e7f1-ac08-442f-970e-1944cf2eec25/datanode-2/data/ratis/f1c91d47-0727-4d6c-a1ec-feae5fe30304: Starting segment from index:0
2019-09-12 11:53:29,450 [483993a0-3055-479d-b58b-b02682c97e4b:group-FEAE5FE30304:LeaderElection9] INFO  impl.RaftServerImpl (ServerState.java:setRaftConf(361)) - 483993a0-3055-479d-b58b-b02682c97e4b:group-FEAE5FE30304 set configuration 0: [483993a0-3055-479d-b58b-b02682c97e4b:192.168.157.195:38762], old=null at 0
2019-09-12 11:53:29,482 [Thread-233] INFO  impl.FollowerState (FollowerState.java:run(106)) - e686195f-5212-4098-b2ad-e713a3c4587f:group-6EA878E6E2FF changes to CANDIDATE, lastRpcTime:5126, electionTimeout:5104ms
2019-09-12 11:53:29,483 [Thread-233] INFO  impl.RoleInfo (RoleInfo.java:shutdownFollowerState(121)) - e686195f-5212-4098-b2ad-e713a3c4587f: shutdown FollowerState
2019-09-12 11:53:29,484 [Thread-233] INFO  impl.RaftServerImpl (RaftServerImpl.java:setRole(171)) - e686195f-5212-4098-b2ad-e713a3c4587f:group-6EA878E6E2FF changes role from FOLLOWER to CANDIDATE at term 0 for changeToCandidate
2019-09-12 11:53:29,484 [Thread-233] INFO  impl.RoleInfo (RoleInfo.java:updateAndGet(143)) - e686195f-5212-4098-b2ad-e713a3c4587f: start LeaderElection
2019-09-12 11:53:29,487 [483993a0-3055-479d-b58b-b02682c97e4b-SegmentedRaftLogWorker:Storage Directory /workdir/hadoop-ozone/tools/target/test-dir/MiniOzoneClusterImpl-2c48e7f1-ac08-442f-970e-1944cf2eec25/datanode-2/data/ratis/f1c91d47-0727-4d6c-a1ec-feae5fe30304] INFO  segmented.SegmentedRaftLogWorker (SegmentedRaftLogWorker.java:execute(569)) - 483993a0-3055-479d-b58b-b02682c97e4b-SegmentedRaftLogWorker:Storage Directory /workdir/hadoop-ozone/tools/target/test-dir/MiniOzoneClusterImpl-2c48e7f1-ac08-442f-970e-1944cf2eec25/datanode-2/data/ratis/f1c91d47-0727-4d6c-a1ec-feae5fe30304: created new log segment /workdir/hadoop-ozone/tools/target/test-dir/MiniOzoneClusterImpl-2c48e7f1-ac08-442f-970e-1944cf2eec25/datanode-2/data/ratis/f1c91d47-0727-4d6c-a1ec-feae5fe30304/current/log_inprogress_0
2019-09-12 11:53:29,491 [e686195f-5212-4098-b2ad-e713a3c4587f:group-6EA878E6E2FF:LeaderElection10] INFO  impl.LeaderElection (LeaderElection.java:askForVotes(181)) - e686195f-5212-4098-b2ad-e713a3c4587f:group-6EA878E6E2FF:LeaderElection10: begin an election at term 1 for -1: [e686195f-5212-4098-b2ad-e713a3c4587f:192.168.157.195:42300], old=null
2019-09-12 11:53:29,491 [e686195f-5212-4098-b2ad-e713a3c4587f:group-6EA878E6E2FF:LeaderElection10] INFO  impl.RoleInfo (RoleInfo.java:shutdownLeaderElection(134)) - e686195f-5212-4098-b2ad-e713a3c4587f: shutdown LeaderElection
2019-09-12 11:53:29,491 [e686195f-5212-4098-b2ad-e713a3c4587f:group-6EA878E6E2FF:LeaderElection10] INFO  impl.RaftServerImpl (RaftServerImpl.java:setRole(171)) - e686195f-5212-4098-b2ad-e713a3c4587f:group-6EA878E6E2FF changes role from CANDIDATE to LEADER at term 1 for changeToLeader
2019-09-12 11:53:29,491 [e686195f-5212-4098-b2ad-e713a3c4587f:group-6EA878E6E2FF:LeaderElection10] INFO  impl.RaftServerImpl (ServerState.java:setLeader(263)) - e686195f-5212-4098-b2ad-e713a3c4587f:group-6EA878E6E2FF change Leader from null to e686195f-5212-4098-b2ad-e713a3c4587f at term 1 for becomeLeader, leader elected after 5140ms
2019-09-12 11:53:29,492 [e686195f-5212-4098-b2ad-e713a3c4587f:group-6EA878E6E2FF:LeaderElection10] INFO  server.RaftServerConfigKeys (ConfUtils.java:logGet(43)) - raft.server.staging.catchup.gap = 1000 (default)
2019-09-12 11:53:29,492 [e686195f-5212-4098-b2ad-e713a3c4587f:group-6EA878E6E2FF:LeaderElection10] INFO  server.RaftServerConfigKeys (ConfUtils.java:logGet(43)) - raft.server.rpc.sleep.time = 25ms (default)
2019-09-12 11:53:29,492 [e686195f-5212-4098-b2ad-e713a3c4587f:group-6EA878E6E2FF:LeaderElection10] INFO  server.RaftServerConfigKeys (ConfUtils.java:logGet(43)) - raft.server.write.element-limit = 4096 (default)
2019-09-12 11:53:29,492 [e686195f-5212-4098-b2ad-e713a3c4587f:group-6EA878E6E2FF:LeaderElection10] INFO  server.RaftServerConfigKeys (ConfUtils.java:logGet(43)) - raft.server.watch.timeout = 10s (default)
2019-09-12 11:53:29,492 [e686195f-5212-4098-b2ad-e713a3c4587f:group-6EA878E6E2FF:LeaderElection10] INFO  server.RaftServerConfigKeys (ConfUtils.java:logGet(43)) - raft.server.watch.timeout.denomination = 1s (default)
2019-09-12 11:53:29,492 [e686195f-5212-4098-b2ad-e713a3c4587f:group-6EA878E6E2FF:LeaderElection10] INFO  server.RaftServerConfigKeys (ConfUtils.java:logGet(43)) - raft.server.watch.element-limit = 65536 (default)
2019-09-12 11:53:29,493 [e686195f-5212-4098-b2ad-e713a3c4587f:group-6EA878E6E2FF:LeaderElection10] INFO  impl.RoleInfo (RoleInfo.java:updateAndGet(143)) - e686195f-5212-4098-b2ad-e713a3c4587f: start LeaderState
2019-09-12 11:53:29,493 [e686195f-5212-4098-b2ad-e713a3c4587f:group-6EA878E6E2FF:LeaderElection10] INFO  segmented.SegmentedRaftLogWorker (SegmentedRaftLogWorker.java:startLogSegment(380)) - e686195f-5212-4098-b2ad-e713a3c4587f-SegmentedRaftLogWorker:Storage Directory /workdir/hadoop-ozone/tools/target/test-dir/MiniOzoneClusterImpl-2c48e7f1-ac08-442f-970e-1944cf2eec25/datanode-1/data/ratis/b283c41a-2c4c-4c1a-801c-6ea878e6e2ff: Starting segment from index:0
2019-09-12 11:53:29,493 [e686195f-5212-4098-b2ad-e713a3c4587f:group-6EA878E6E2FF:LeaderElection10] INFO  impl.RaftServerImpl (ServerState.java:setRaftConf(361)) - e686195f-5212-4098-b2ad-e713a3c4587f:group-6EA878E6E2FF set configuration 0: [e686195f-5212-4098-b2ad-e713a3c4587f:192.168.157.195:42300], old=null at 0
2019-09-12 11:53:29,526 [e686195f-5212-4098-b2ad-e713a3c4587f-SegmentedRaftLogWorker:Storage Directory /workdir/hadoop-ozone/tools/target/test-dir/MiniOzoneClusterImpl-2c48e7f1-ac08-442f-970e-1944cf2eec25/datanode-1/data/ratis/b283c41a-2c4c-4c1a-801c-6ea878e6e2ff] INFO  segmented.SegmentedRaftLogWorker (SegmentedRaftLogWorker.java:execute(569)) - e686195f-5212-4098-b2ad-e713a3c4587f-SegmentedRaftLogWorker:Storage Directory /workdir/hadoop-ozone/tools/target/test-dir/MiniOzoneClusterImpl-2c48e7f1-ac08-442f-970e-1944cf2eec25/datanode-1/data/ratis/b283c41a-2c4c-4c1a-801c-6ea878e6e2ff: created new log segment /workdir/hadoop-ozone/tools/target/test-dir/MiniOzoneClusterImpl-2c48e7f1-ac08-442f-970e-1944cf2eec25/datanode-1/data/ratis/b283c41a-2c4c-4c1a-801c-6ea878e6e2ff/current/log_inprogress_0
2019-09-12 11:53:29,578 | INFO  | SCMAudit | user=jenkins1000 | ip=192.168.157.195 | op=SEND_HEARTBEAT {datanodeUUID=61a9fc65-5e41-4283-98a8-259f9227054d, command=[]} | ret=SUCCESS |  
2019-09-12 11:53:29,594 | INFO  | SCMAudit | user=jenkins1000 | ip=192.168.157.195 | op=SEND_HEARTBEAT {datanodeUUID=7741e6cf-6131-4fc6-8612-36509ed6293c, command=[]} | ret=SUCCESS |  
2019-09-12 11:53:29,610 [Thread-239] INFO  impl.FollowerState (FollowerState.java:run(106)) - 483993a0-3055-479d-b58b-b02682c97e4b:group-8C9177103584 changes to CANDIDATE, lastRpcTime:5136, electionTimeout:5136ms
2019-09-12 11:53:29,610 [Thread-239] INFO  impl.RoleInfo (RoleInfo.java:shutdownFollowerState(121)) - 483993a0-3055-479d-b58b-b02682c97e4b: shutdown FollowerState
2019-09-12 11:53:29,610 [Thread-239] INFO  impl.RaftServerImpl (RaftServerImpl.java:setRole(171)) - 483993a0-3055-479d-b58b-b02682c97e4b:group-8C9177103584 changes role from FOLLOWER to CANDIDATE at term 0 for changeToCandidate
2019-09-12 11:53:29,610 [Thread-239] INFO  impl.RoleInfo (RoleInfo.java:updateAndGet(143)) - 483993a0-3055-479d-b58b-b02682c97e4b: start LeaderElection
2019-09-12 11:53:29,619 [Thread-242] INFO  impl.FollowerState (FollowerState.java:run(106)) - 61a9fc65-5e41-4283-98a8-259f9227054d:group-90C6DC690265 changes to CANDIDATE, lastRpcTime:5090, electionTimeout:5090ms
2019-09-12 11:53:29,620 [Thread-242] INFO  impl.RoleInfo (RoleInfo.java:shutdownFollowerState(121)) - 61a9fc65-5e41-4283-98a8-259f9227054d: shutdown FollowerState
2019-09-12 11:53:29,620 [Thread-242] INFO  impl.RaftServerImpl (RaftServerImpl.java:setRole(171)) - 61a9fc65-5e41-4283-98a8-259f9227054d:group-90C6DC690265 changes role from FOLLOWER to CANDIDATE at term 0 for changeToCandidate
2019-09-12 11:53:29,620 [Thread-242] INFO  impl.RoleInfo (RoleInfo.java:updateAndGet(143)) - 61a9fc65-5e41-4283-98a8-259f9227054d: start LeaderElection
2019-09-12 11:53:29,628 [61a9fc65-5e41-4283-98a8-259f9227054d:group-90C6DC690265:LeaderElection12] INFO  impl.LeaderElection (LeaderElection.java:askForVotes(181)) - 61a9fc65-5e41-4283-98a8-259f9227054d:group-90C6DC690265:LeaderElection12: begin an election at term 1 for -1: [61a9fc65-5e41-4283-98a8-259f9227054d:192.168.157.195:36251], old=null
2019-09-12 11:53:29,628 [483993a0-3055-479d-b58b-b02682c97e4b:group-8C9177103584:LeaderElection11] INFO  impl.LeaderElection (LeaderElection.java:askForVotes(181)) - 483993a0-3055-479d-b58b-b02682c97e4b:group-8C9177103584:LeaderElection11: begin an election at term 1 for -1: [483993a0-3055-479d-b58b-b02682c97e4b:192.168.157.195:38762], old=null
2019-09-12 11:53:29,628 [61a9fc65-5e41-4283-98a8-259f9227054d:group-90C6DC690265:LeaderElection12] INFO  impl.RoleInfo (RoleInfo.java:shutdownLeaderElection(134)) - 61a9fc65-5e41-4283-98a8-259f9227054d: shutdown LeaderElection
2019-09-12 11:53:29,628 [483993a0-3055-479d-b58b-b02682c97e4b:group-8C9177103584:LeaderElection11] INFO  impl.RoleInfo (RoleInfo.java:shutdownLeaderElection(134)) - 483993a0-3055-479d-b58b-b02682c97e4b: shutdown LeaderElection
2019-09-12 11:53:29,628 [61a9fc65-5e41-4283-98a8-259f9227054d:group-90C6DC690265:LeaderElection12] INFO  impl.RaftServerImpl (RaftServerImpl.java:setRole(171)) - 61a9fc65-5e41-4283-98a8-259f9227054d:group-90C6DC690265 changes role from CANDIDATE to LEADER at term 1 for changeToLeader
2019-09-12 11:53:29,628 [483993a0-3055-479d-b58b-b02682c97e4b:group-8C9177103584:LeaderElection11] INFO  impl.RaftServerImpl (RaftServerImpl.java:setRole(171)) - 483993a0-3055-479d-b58b-b02682c97e4b:group-8C9177103584 changes role from CANDIDATE to LEADER at term 1 for changeToLeader
2019-09-12 11:53:29,628 [61a9fc65-5e41-4283-98a8-259f9227054d:group-90C6DC690265:LeaderElection12] INFO  impl.RaftServerImpl (ServerState.java:setLeader(263)) - 61a9fc65-5e41-4283-98a8-259f9227054d:group-90C6DC690265 change Leader from null to 61a9fc65-5e41-4283-98a8-259f9227054d at term 1 for becomeLeader, leader elected after 5103ms
2019-09-12 11:53:29,628 [483993a0-3055-479d-b58b-b02682c97e4b:group-8C9177103584:LeaderElection11] INFO  impl.RaftServerImpl (ServerState.java:setLeader(263)) - 483993a0-3055-479d-b58b-b02682c97e4b:group-8C9177103584 change Leader from null to 483993a0-3055-479d-b58b-b02682c97e4b at term 1 for becomeLeader, leader elected after 5159ms
2019-09-12 11:53:29,628 [61a9fc65-5e41-4283-98a8-259f9227054d:group-90C6DC690265:LeaderElection12] INFO  server.RaftServerConfigKeys (ConfUtils.java:logGet(43)) - raft.server.staging.catchup.gap = 1000 (default)
2019-09-12 11:53:29,628 [483993a0-3055-479d-b58b-b02682c97e4b:group-8C9177103584:LeaderElection11] INFO  server.RaftServerConfigKeys (ConfUtils.java:logGet(43)) - raft.server.staging.catchup.gap = 1000 (default)
2019-09-12 11:53:29,629 [61a9fc65-5e41-4283-98a8-259f9227054d:group-90C6DC690265:LeaderElection12] INFO  server.RaftServerConfigKeys (ConfUtils.java:logGet(43)) - raft.server.rpc.sleep.time = 25ms (default)
2019-09-12 11:53:29,629 [483993a0-3055-479d-b58b-b02682c97e4b:group-8C9177103584:LeaderElection11] INFO  server.RaftServerConfigKeys (ConfUtils.java:logGet(43)) - raft.server.rpc.sleep.time = 25ms (default)
2019-09-12 11:53:29,629 [61a9fc65-5e41-4283-98a8-259f9227054d:group-90C6DC690265:LeaderElection12] INFO  server.RaftServerConfigKeys (ConfUtils.java:logGet(43)) - raft.server.write.element-limit = 4096 (default)
2019-09-12 11:53:29,629 [483993a0-3055-479d-b58b-b02682c97e4b:group-8C9177103584:LeaderElection11] INFO  server.RaftServerConfigKeys (ConfUtils.java:logGet(43)) - raft.server.write.element-limit = 4096 (default)
2019-09-12 11:53:29,629 [61a9fc65-5e41-4283-98a8-259f9227054d:group-90C6DC690265:LeaderElection12] INFO  server.RaftServerConfigKeys (ConfUtils.java:logGet(43)) - raft.server.watch.timeout = 10s (default)
2019-09-12 11:53:29,629 [483993a0-3055-479d-b58b-b02682c97e4b:group-8C9177103584:LeaderElection11] INFO  server.RaftServerConfigKeys (ConfUtils.java:logGet(43)) - raft.server.watch.timeout = 10s (default)
2019-09-12 11:53:29,629 [61a9fc65-5e41-4283-98a8-259f9227054d:group-90C6DC690265:LeaderElection12] INFO  server.RaftServerConfigKeys (ConfUtils.java:logGet(43)) - raft.server.watch.timeout.denomination = 1s (default)
2019-09-12 11:53:29,629 [483993a0-3055-479d-b58b-b02682c97e4b:group-8C9177103584:LeaderElection11] INFO  server.RaftServerConfigKeys (ConfUtils.java:logGet(43)) - raft.server.watch.timeout.denomination = 1s (default)
2019-09-12 11:53:29,629 [61a9fc65-5e41-4283-98a8-259f9227054d:group-90C6DC690265:LeaderElection12] INFO  server.RaftServerConfigKeys (ConfUtils.java:logGet(43)) - raft.server.watch.element-limit = 65536 (default)
2019-09-12 11:53:29,629 [483993a0-3055-479d-b58b-b02682c97e4b:group-8C9177103584:LeaderElection11] INFO  server.RaftServerConfigKeys (ConfUtils.java:logGet(43)) - raft.server.watch.element-limit = 65536 (default)
2019-09-12 11:53:29,630 [61a9fc65-5e41-4283-98a8-259f9227054d:group-90C6DC690265:LeaderElection12] INFO  impl.RoleInfo (RoleInfo.java:updateAndGet(143)) - 61a9fc65-5e41-4283-98a8-259f9227054d: start LeaderState
2019-09-12 11:53:29,630 [483993a0-3055-479d-b58b-b02682c97e4b:group-8C9177103584:LeaderElection11] INFO  impl.RoleInfo (RoleInfo.java:updateAndGet(143)) - 483993a0-3055-479d-b58b-b02682c97e4b: start LeaderState
2019-09-12 11:53:29,630 [61a9fc65-5e41-4283-98a8-259f9227054d:group-90C6DC690265:LeaderElection12] INFO  segmented.SegmentedRaftLogWorker (SegmentedRaftLogWorker.java:startLogSegment(380)) - 61a9fc65-5e41-4283-98a8-259f9227054d-SegmentedRaftLogWorker:Storage Directory /workdir/hadoop-ozone/tools/target/test-dir/MiniOzoneClusterImpl-2c48e7f1-ac08-442f-970e-1944cf2eec25/datanode-0/data/ratis/911fc25f-e78c-4b45-a751-90c6dc690265: Starting segment from index:0
2019-09-12 11:53:29,630 [483993a0-3055-479d-b58b-b02682c97e4b:group-8C9177103584:LeaderElection11] INFO  segmented.SegmentedRaftLogWorker (SegmentedRaftLogWorker.java:startLogSegment(380)) - 483993a0-3055-479d-b58b-b02682c97e4b-SegmentedRaftLogWorker:Storage Directory /workdir/hadoop-ozone/tools/target/test-dir/MiniOzoneClusterImpl-2c48e7f1-ac08-442f-970e-1944cf2eec25/datanode-2/data/ratis/cd666baa-d930-4d8c-9414-8c9177103584: Starting segment from index:0
2019-09-12 11:53:29,631 [483993a0-3055-479d-b58b-b02682c97e4b:group-8C9177103584:LeaderElection11] INFO  impl.RaftServerImpl (ServerState.java:setRaftConf(361)) - 483993a0-3055-479d-b58b-b02682c97e4b:group-8C9177103584 set configuration 0: [483993a0-3055-479d-b58b-b02682c97e4b:192.168.157.195:38762], old=null at 0
2019-09-12 11:53:29,631 [61a9fc65-5e41-4283-98a8-259f9227054d:group-90C6DC690265:LeaderElection12] INFO  impl.RaftServerImpl (ServerState.java:setRaftConf(361)) - 61a9fc65-5e41-4283-98a8-259f9227054d:group-90C6DC690265 set configuration 0: [61a9fc65-5e41-4283-98a8-259f9227054d:192.168.157.195:36251], old=null at 0
2019-09-12 11:53:29,679 [61a9fc65-5e41-4283-98a8-259f9227054d-SegmentedRaftLogWorker:Storage Directory /workdir/hadoop-ozone/tools/target/test-dir/MiniOzoneClusterImpl-2c48e7f1-ac08-442f-970e-1944cf2eec25/datanode-0/data/ratis/911fc25f-e78c-4b45-a751-90c6dc690265] INFO  segmented.SegmentedRaftLogWorker (SegmentedRaftLogWorker.java:execute(569)) - 61a9fc65-5e41-4283-98a8-259f9227054d-SegmentedRaftLogWorker:Storage Directory /workdir/hadoop-ozone/tools/target/test-dir/MiniOzoneClusterImpl-2c48e7f1-ac08-442f-970e-1944cf2eec25/datanode-0/data/ratis/911fc25f-e78c-4b45-a751-90c6dc690265: created new log segment /workdir/hadoop-ozone/tools/target/test-dir/MiniOzoneClusterImpl-2c48e7f1-ac08-442f-970e-1944cf2eec25/datanode-0/data/ratis/911fc25f-e78c-4b45-a751-90c6dc690265/current/log_inprogress_0
2019-09-12 11:53:29,679 [483993a0-3055-479d-b58b-b02682c97e4b-SegmentedRaftLogWorker:Storage Directory /workdir/hadoop-ozone/tools/target/test-dir/MiniOzoneClusterImpl-2c48e7f1-ac08-442f-970e-1944cf2eec25/datanode-2/data/ratis/cd666baa-d930-4d8c-9414-8c9177103584] INFO  segmented.SegmentedRaftLogWorker (SegmentedRaftLogWorker.java:execute(569)) - 483993a0-3055-479d-b58b-b02682c97e4b-SegmentedRaftLogWorker:Storage Directory /workdir/hadoop-ozone/tools/target/test-dir/MiniOzoneClusterImpl-2c48e7f1-ac08-442f-970e-1944cf2eec25/datanode-2/data/ratis/cd666baa-d930-4d8c-9414-8c9177103584: created new log segment /workdir/hadoop-ozone/tools/target/test-dir/MiniOzoneClusterImpl-2c48e7f1-ac08-442f-970e-1944cf2eec25/datanode-2/data/ratis/cd666baa-d930-4d8c-9414-8c9177103584/current/log_inprogress_0
2019-09-12 11:53:29,705 [Thread-245] INFO  impl.FollowerState (FollowerState.java:run(106)) - e686195f-5212-4098-b2ad-e713a3c4587f:group-D98B1BA21F10 changes to CANDIDATE, lastRpcTime:5118, electionTimeout:5118ms
2019-09-12 11:53:29,705 [Thread-245] INFO  impl.RoleInfo (RoleInfo.java:shutdownFollowerState(121)) - e686195f-5212-4098-b2ad-e713a3c4587f: shutdown FollowerState
2019-09-12 11:53:29,706 [Thread-245] INFO  impl.RaftServerImpl (RaftServerImpl.java:setRole(171)) - e686195f-5212-4098-b2ad-e713a3c4587f:group-D98B1BA21F10 changes role from FOLLOWER to CANDIDATE at term 0 for changeToCandidate
2019-09-12 11:53:29,706 [Thread-245] INFO  impl.RoleInfo (RoleInfo.java:updateAndGet(143)) - e686195f-5212-4098-b2ad-e713a3c4587f: start LeaderElection
2019-09-12 11:53:29,713 [e686195f-5212-4098-b2ad-e713a3c4587f:group-D98B1BA21F10:LeaderElection13] INFO  impl.LeaderElection (LeaderElection.java:askForVotes(181)) - e686195f-5212-4098-b2ad-e713a3c4587f:group-D98B1BA21F10:LeaderElection13: begin an election at term 1 for -1: [e686195f-5212-4098-b2ad-e713a3c4587f:192.168.157.195:42300], old=null
2019-09-12 11:53:29,714 [e686195f-5212-4098-b2ad-e713a3c4587f:group-D98B1BA21F10:LeaderElection13] INFO  impl.RoleInfo (RoleInfo.java:shutdownLeaderElection(134)) - e686195f-5212-4098-b2ad-e713a3c4587f: shutdown LeaderElection
2019-09-12 11:53:29,714 [e686195f-5212-4098-b2ad-e713a3c4587f:group-D98B1BA21F10:LeaderElection13] INFO  impl.RaftServerImpl (RaftServerImpl.java:setRole(171)) - e686195f-5212-4098-b2ad-e713a3c4587f:group-D98B1BA21F10 changes role from CANDIDATE to LEADER at term 1 for changeToLeader
2019-09-12 11:53:29,714 [e686195f-5212-4098-b2ad-e713a3c4587f:group-D98B1BA21F10:LeaderElection13] INFO  impl.RaftServerImpl (ServerState.java:setLeader(263)) - e686195f-5212-4098-b2ad-e713a3c4587f:group-D98B1BA21F10 change Leader from null to e686195f-5212-4098-b2ad-e713a3c4587f at term 1 for becomeLeader, leader elected after 5131ms
2019-09-12 11:53:29,714 [e686195f-5212-4098-b2ad-e713a3c4587f:group-D98B1BA21F10:LeaderElection13] INFO  server.RaftServerConfigKeys (ConfUtils.java:logGet(43)) - raft.server.staging.catchup.gap = 1000 (default)
2019-09-12 11:53:29,714 [e686195f-5212-4098-b2ad-e713a3c4587f:group-D98B1BA21F10:LeaderElection13] INFO  server.RaftServerConfigKeys (ConfUtils.java:logGet(43)) - raft.server.rpc.sleep.time = 25ms (default)
2019-09-12 11:53:29,714 [e686195f-5212-4098-b2ad-e713a3c4587f:group-D98B1BA21F10:LeaderElection13] INFO  server.RaftServerConfigKeys (ConfUtils.java:logGet(43)) - raft.server.write.element-limit = 4096 (default)
2019-09-12 11:53:29,715 [e686195f-5212-4098-b2ad-e713a3c4587f:group-D98B1BA21F10:LeaderElection13] INFO  server.RaftServerConfigKeys (ConfUtils.java:logGet(43)) - raft.server.watch.timeout = 10s (default)
2019-09-12 11:53:29,715 [e686195f-5212-4098-b2ad-e713a3c4587f:group-D98B1BA21F10:LeaderElection13] INFO  server.RaftServerConfigKeys (ConfUtils.java:logGet(43)) - raft.server.watch.timeout.denomination = 1s (default)
2019-09-12 11:53:29,715 [e686195f-5212-4098-b2ad-e713a3c4587f:group-D98B1BA21F10:LeaderElection13] INFO  server.RaftServerConfigKeys (ConfUtils.java:logGet(43)) - raft.server.watch.element-limit = 65536 (default)
2019-09-12 11:53:29,715 [e686195f-5212-4098-b2ad-e713a3c4587f:group-D98B1BA21F10:LeaderElection13] INFO  impl.RoleInfo (RoleInfo.java:updateAndGet(143)) - e686195f-5212-4098-b2ad-e713a3c4587f: start LeaderState
2019-09-12 11:53:29,716 [e686195f-5212-4098-b2ad-e713a3c4587f:group-D98B1BA21F10:LeaderElection13] INFO  segmented.SegmentedRaftLogWorker (SegmentedRaftLogWorker.java:startLogSegment(380)) - e686195f-5212-4098-b2ad-e713a3c4587f-SegmentedRaftLogWorker:Storage Directory /workdir/hadoop-ozone/tools/target/test-dir/MiniOzoneClusterImpl-2c48e7f1-ac08-442f-970e-1944cf2eec25/datanode-1/data/ratis/40cd95d0-750b-4faa-88b0-d98b1ba21f10: Starting segment from index:0
2019-09-12 11:53:29,716 [e686195f-5212-4098-b2ad-e713a3c4587f:group-D98B1BA21F10:LeaderElection13] INFO  impl.RaftServerImpl (ServerState.java:setRaftConf(361)) - e686195f-5212-4098-b2ad-e713a3c4587f:group-D98B1BA21F10 set configuration 0: [e686195f-5212-4098-b2ad-e713a3c4587f:192.168.157.195:42300], old=null at 0
2019-09-12 11:53:29,744 [e686195f-5212-4098-b2ad-e713a3c4587f-SegmentedRaftLogWorker:Storage Directory /workdir/hadoop-ozone/tools/target/test-dir/MiniOzoneClusterImpl-2c48e7f1-ac08-442f-970e-1944cf2eec25/datanode-1/data/ratis/40cd95d0-750b-4faa-88b0-d98b1ba21f10] INFO  segmented.SegmentedRaftLogWorker (SegmentedRaftLogWorker.java:execute(569)) - e686195f-5212-4098-b2ad-e713a3c4587f-SegmentedRaftLogWorker:Storage Directory /workdir/hadoop-ozone/tools/target/test-dir/MiniOzoneClusterImpl-2c48e7f1-ac08-442f-970e-1944cf2eec25/datanode-1/data/ratis/40cd95d0-750b-4faa-88b0-d98b1ba21f10: created new log segment /workdir/hadoop-ozone/tools/target/test-dir/MiniOzoneClusterImpl-2c48e7f1-ac08-442f-970e-1944cf2eec25/datanode-1/data/ratis/40cd95d0-750b-4faa-88b0-d98b1ba21f10/current/log_inprogress_0
2019-09-12 11:53:29,778 [Thread-248] INFO  impl.FollowerState (FollowerState.java:run(106)) - e686195f-5212-4098-b2ad-e713a3c4587f:group-3766F225A21D changes to CANDIDATE, lastRpcTime:5130, electionTimeout:5130ms
2019-09-12 11:53:29,778 [Thread-248] INFO  impl.RoleInfo (RoleInfo.java:shutdownFollowerState(121)) - e686195f-5212-4098-b2ad-e713a3c4587f: shutdown FollowerState
2019-09-12 11:53:29,778 [Thread-248] INFO  impl.RaftServerImpl (RaftServerImpl.java:setRole(171)) - e686195f-5212-4098-b2ad-e713a3c4587f:group-3766F225A21D changes role from FOLLOWER to CANDIDATE at term 0 for changeToCandidate
2019-09-12 11:53:29,779 [Thread-248] INFO  impl.RoleInfo (RoleInfo.java:updateAndGet(143)) - e686195f-5212-4098-b2ad-e713a3c4587f: start LeaderElection
2019-09-12 11:53:29,794 [e686195f-5212-4098-b2ad-e713a3c4587f:group-3766F225A21D:LeaderElection14] INFO  impl.LeaderElection (LeaderElection.java:askForVotes(181)) - e686195f-5212-4098-b2ad-e713a3c4587f:group-3766F225A21D:LeaderElection14: begin an election at term 1 for -1: [e686195f-5212-4098-b2ad-e713a3c4587f:192.168.157.195:42300], old=null
2019-09-12 11:53:29,794 [e686195f-5212-4098-b2ad-e713a3c4587f:group-3766F225A21D:LeaderElection14] INFO  impl.RoleInfo (RoleInfo.java:shutdownLeaderElection(134)) - e686195f-5212-4098-b2ad-e713a3c4587f: shutdown LeaderElection
2019-09-12 11:53:29,794 [e686195f-5212-4098-b2ad-e713a3c4587f:group-3766F225A21D:LeaderElection14] INFO  impl.RaftServerImpl (RaftServerImpl.java:setRole(171)) - e686195f-5212-4098-b2ad-e713a3c4587f:group-3766F225A21D changes role from CANDIDATE to LEADER at term 1 for changeToLeader
2019-09-12 11:53:29,794 [e686195f-5212-4098-b2ad-e713a3c4587f:group-3766F225A21D:LeaderElection14] INFO  impl.RaftServerImpl (ServerState.java:setLeader(263)) - e686195f-5212-4098-b2ad-e713a3c4587f:group-3766F225A21D change Leader from null to e686195f-5212-4098-b2ad-e713a3c4587f at term 1 for becomeLeader, leader elected after 5150ms
2019-09-12 11:53:29,794 [e686195f-5212-4098-b2ad-e713a3c4587f:group-3766F225A21D:LeaderElection14] INFO  server.RaftServerConfigKeys (ConfUtils.java:logGet(43)) - raft.server.staging.catchup.gap = 1000 (default)
2019-09-12 11:53:29,795 [e686195f-5212-4098-b2ad-e713a3c4587f:group-3766F225A21D:LeaderElection14] INFO  server.RaftServerConfigKeys (ConfUtils.java:logGet(43)) - raft.server.rpc.sleep.time = 25ms (default)
2019-09-12 11:53:29,795 [e686195f-5212-4098-b2ad-e713a3c4587f:group-3766F225A21D:LeaderElection14] INFO  server.RaftServerConfigKeys (ConfUtils.java:logGet(43)) - raft.server.write.element-limit = 4096 (default)
2019-09-12 11:53:29,795 [e686195f-5212-4098-b2ad-e713a3c4587f:group-3766F225A21D:LeaderElection14] INFO  server.RaftServerConfigKeys (ConfUtils.java:logGet(43)) - raft.server.watch.timeout = 10s (default)
2019-09-12 11:53:29,795 [e686195f-5212-4098-b2ad-e713a3c4587f:group-3766F225A21D:LeaderElection14] INFO  server.RaftServerConfigKeys (ConfUtils.java:logGet(43)) - raft.server.watch.timeout.denomination = 1s (default)
2019-09-12 11:53:29,795 [e686195f-5212-4098-b2ad-e713a3c4587f:group-3766F225A21D:LeaderElection14] INFO  server.RaftServerConfigKeys (ConfUtils.java:logGet(43)) - raft.server.watch.element-limit = 65536 (default)
2019-09-12 11:53:29,796 [e686195f-5212-4098-b2ad-e713a3c4587f:group-3766F225A21D:LeaderElection14] INFO  impl.RoleInfo (RoleInfo.java:updateAndGet(143)) - e686195f-5212-4098-b2ad-e713a3c4587f: start LeaderState
2019-09-12 11:53:29,796 [e686195f-5212-4098-b2ad-e713a3c4587f:group-3766F225A21D:LeaderElection14] INFO  segmented.SegmentedRaftLogWorker (SegmentedRaftLogWorker.java:startLogSegment(380)) - e686195f-5212-4098-b2ad-e713a3c4587f-SegmentedRaftLogWorker:Storage Directory /workdir/hadoop-ozone/tools/target/test-dir/MiniOzoneClusterImpl-2c48e7f1-ac08-442f-970e-1944cf2eec25/datanode-1/data/ratis/9acd452e-f97f-403d-bc34-3766f225a21d: Starting segment from index:0
2019-09-12 11:53:29,796 [e686195f-5212-4098-b2ad-e713a3c4587f:group-3766F225A21D:LeaderElection14] INFO  impl.RaftServerImpl (ServerState.java:setRaftConf(361)) - e686195f-5212-4098-b2ad-e713a3c4587f:group-3766F225A21D set configuration 0: [e686195f-5212-4098-b2ad-e713a3c4587f:192.168.157.195:42300], old=null at 0
2019-09-12 11:53:29,827 | INFO  | SCMAudit | user=jenkins1000 | ip=192.168.157.195 | op=SEND_HEARTBEAT {datanodeUUID=e686195f-5212-4098-b2ad-e713a3c4587f, command=[]} | ret=SUCCESS |  
2019-09-12 11:53:29,833 [e686195f-5212-4098-b2ad-e713a3c4587f-SegmentedRaftLogWorker:Storage Directory /workdir/hadoop-ozone/tools/target/test-dir/MiniOzoneClusterImpl-2c48e7f1-ac08-442f-970e-1944cf2eec25/datanode-1/data/ratis/9acd452e-f97f-403d-bc34-3766f225a21d] INFO  segmented.SegmentedRaftLogWorker (SegmentedRaftLogWorker.java:execute(569)) - e686195f-5212-4098-b2ad-e713a3c4587f-SegmentedRaftLogWorker:Storage Directory /workdir/hadoop-ozone/tools/target/test-dir/MiniOzoneClusterImpl-2c48e7f1-ac08-442f-970e-1944cf2eec25/datanode-1/data/ratis/9acd452e-f97f-403d-bc34-3766f225a21d: created new log segment /workdir/hadoop-ozone/tools/target/test-dir/MiniOzoneClusterImpl-2c48e7f1-ac08-442f-970e-1944cf2eec25/datanode-1/data/ratis/9acd452e-f97f-403d-bc34-3766f225a21d/current/log_inprogress_0
2019-09-12 11:53:29,866 [Thread-252] INFO  impl.FollowerState (FollowerState.java:run(106)) - e686195f-5212-4098-b2ad-e713a3c4587f:group-1209CB2C007C changes to CANDIDATE, lastRpcTime:5149, electionTimeout:5149ms
2019-09-12 11:53:29,866 [Thread-252] INFO  impl.RoleInfo (RoleInfo.java:shutdownFollowerState(121)) - e686195f-5212-4098-b2ad-e713a3c4587f: shutdown FollowerState
2019-09-12 11:53:29,866 [Thread-252] INFO  impl.RaftServerImpl (RaftServerImpl.java:setRole(171)) - e686195f-5212-4098-b2ad-e713a3c4587f:group-1209CB2C007C changes role from FOLLOWER to CANDIDATE at term 0 for changeToCandidate
2019-09-12 11:53:29,866 [Thread-252] INFO  impl.RoleInfo (RoleInfo.java:updateAndGet(143)) - e686195f-5212-4098-b2ad-e713a3c4587f: start LeaderElection
2019-09-12 11:53:29,882 [e686195f-5212-4098-b2ad-e713a3c4587f:group-1209CB2C007C:LeaderElection15] INFO  impl.LeaderElection (LeaderElection.java:askForVotes(181)) - e686195f-5212-4098-b2ad-e713a3c4587f:group-1209CB2C007C:LeaderElection15: begin an election at term 1 for -1: [e686195f-5212-4098-b2ad-e713a3c4587f:192.168.157.195:42300], old=null
2019-09-12 11:53:29,883 [e686195f-5212-4098-b2ad-e713a3c4587f:group-1209CB2C007C:LeaderElection15] INFO  impl.RoleInfo (RoleInfo.java:shutdownLeaderElection(134)) - e686195f-5212-4098-b2ad-e713a3c4587f: shutdown LeaderElection
2019-09-12 11:53:29,883 [e686195f-5212-4098-b2ad-e713a3c4587f:group-1209CB2C007C:LeaderElection15] INFO  impl.RaftServerImpl (RaftServerImpl.java:setRole(171)) - e686195f-5212-4098-b2ad-e713a3c4587f:group-1209CB2C007C changes role from CANDIDATE to LEADER at term 1 for changeToLeader
2019-09-12 11:53:29,883 [e686195f-5212-4098-b2ad-e713a3c4587f:group-1209CB2C007C:LeaderElection15] INFO  impl.RaftServerImpl (ServerState.java:setLeader(263)) - e686195f-5212-4098-b2ad-e713a3c4587f:group-1209CB2C007C change Leader from null to e686195f-5212-4098-b2ad-e713a3c4587f at term 1 for becomeLeader, leader elected after 5170ms
2019-09-12 11:53:29,883 [e686195f-5212-4098-b2ad-e713a3c4587f:group-1209CB2C007C:LeaderElection15] INFO  server.RaftServerConfigKeys (ConfUtils.java:logGet(43)) - raft.server.staging.catchup.gap = 1000 (default)
2019-09-12 11:53:29,883 [e686195f-5212-4098-b2ad-e713a3c4587f:group-1209CB2C007C:LeaderElection15] INFO  server.RaftServerConfigKeys (ConfUtils.java:logGet(43)) - raft.server.rpc.sleep.time = 25ms (default)
2019-09-12 11:53:29,883 [e686195f-5212-4098-b2ad-e713a3c4587f:group-1209CB2C007C:LeaderElection15] INFO  server.RaftServerConfigKeys (ConfUtils.java:logGet(43)) - raft.server.write.element-limit = 4096 (default)
2019-09-12 11:53:29,883 [e686195f-5212-4098-b2ad-e713a3c4587f:group-1209CB2C007C:LeaderElection15] INFO  server.RaftServerConfigKeys (ConfUtils.java:logGet(43)) - raft.server.watch.timeout = 10s (default)
2019-09-12 11:53:29,884 [e686195f-5212-4098-b2ad-e713a3c4587f:group-1209CB2C007C:LeaderElection15] INFO  server.RaftServerConfigKeys (ConfUtils.java:logGet(43)) - raft.server.watch.timeout.denomination = 1s (default)
2019-09-12 11:53:29,884 [e686195f-5212-4098-b2ad-e713a3c4587f:group-1209CB2C007C:LeaderElection15] INFO  server.RaftServerConfigKeys (ConfUtils.java:logGet(43)) - raft.server.watch.element-limit = 65536 (default)
2019-09-12 11:53:29,884 [e686195f-5212-4098-b2ad-e713a3c4587f:group-1209CB2C007C:LeaderElection15] INFO  impl.RoleInfo (RoleInfo.java:updateAndGet(143)) - e686195f-5212-4098-b2ad-e713a3c4587f: start LeaderState
2019-09-12 11:53:29,884 [e686195f-5212-4098-b2ad-e713a3c4587f:group-1209CB2C007C:LeaderElection15] INFO  segmented.SegmentedRaftLogWorker (SegmentedRaftLogWorker.java:startLogSegment(380)) - e686195f-5212-4098-b2ad-e713a3c4587f-SegmentedRaftLogWorker:Storage Directory /workdir/hadoop-ozone/tools/target/test-dir/MiniOzoneClusterImpl-2c48e7f1-ac08-442f-970e-1944cf2eec25/datanode-1/data/ratis/2aaf5784-ff26-479f-9f55-1209cb2c007c: Starting segment from index:0
2019-09-12 11:53:29,884 [e686195f-5212-4098-b2ad-e713a3c4587f:group-1209CB2C007C:LeaderElection15] INFO  impl.RaftServerImpl (ServerState.java:setRaftConf(361)) - e686195f-5212-4098-b2ad-e713a3c4587f:group-1209CB2C007C set configuration 0: [e686195f-5212-4098-b2ad-e713a3c4587f:192.168.157.195:42300], old=null at 0
2019-09-12 11:53:29,922 [e686195f-5212-4098-b2ad-e713a3c4587f-SegmentedRaftLogWorker:Storage Directory /workdir/hadoop-ozone/tools/target/test-dir/MiniOzoneClusterImpl-2c48e7f1-ac08-442f-970e-1944cf2eec25/datanode-1/data/ratis/2aaf5784-ff26-479f-9f55-1209cb2c007c] INFO  segmented.SegmentedRaftLogWorker (SegmentedRaftLogWorker.java:execute(569)) - e686195f-5212-4098-b2ad-e713a3c4587f-SegmentedRaftLogWorker:Storage Directory /workdir/hadoop-ozone/tools/target/test-dir/MiniOzoneClusterImpl-2c48e7f1-ac08-442f-970e-1944cf2eec25/datanode-1/data/ratis/2aaf5784-ff26-479f-9f55-1209cb2c007c: created new log segment /workdir/hadoop-ozone/tools/target/test-dir/MiniOzoneClusterImpl-2c48e7f1-ac08-442f-970e-1944cf2eec25/datanode-1/data/ratis/2aaf5784-ff26-479f-9f55-1209cb2c007c/current/log_inprogress_0
2019-09-12 11:53:29,935 [Thread-258] INFO  impl.FollowerState (FollowerState.java:run(106)) - 483993a0-3055-479d-b58b-b02682c97e4b:group-0DFB4C93B19A changes to CANDIDATE, lastRpcTime:5114, electionTimeout:5114ms
2019-09-12 11:53:29,935 [Thread-258] INFO  impl.RoleInfo (RoleInfo.java:shutdownFollowerState(121)) - 483993a0-3055-479d-b58b-b02682c97e4b: shutdown FollowerState
2019-09-12 11:53:29,935 [Thread-258] INFO  impl.RaftServerImpl (RaftServerImpl.java:setRole(171)) - 483993a0-3055-479d-b58b-b02682c97e4b:group-0DFB4C93B19A changes role from FOLLOWER to CANDIDATE at term 0 for changeToCandidate
2019-09-12 11:53:29,935 [Thread-258] INFO  impl.RoleInfo (RoleInfo.java:updateAndGet(143)) - 483993a0-3055-479d-b58b-b02682c97e4b: start LeaderElection
2019-09-12 11:53:29,944 [Thread-265] INFO  impl.FollowerState (FollowerState.java:run(106)) - 483993a0-3055-479d-b58b-b02682c97e4b:group-A16C839BF34D changes to CANDIDATE, lastRpcTime:5015, electionTimeout:5015ms
2019-09-12 11:53:29,944 [Thread-265] INFO  impl.RoleInfo (RoleInfo.java:shutdownFollowerState(121)) - 483993a0-3055-479d-b58b-b02682c97e4b: shutdown FollowerState
2019-09-12 11:53:29,944 [Thread-265] INFO  impl.RaftServerImpl (RaftServerImpl.java:setRole(171)) - 483993a0-3055-479d-b58b-b02682c97e4b:group-A16C839BF34D changes role from FOLLOWER to CANDIDATE at term 0 for changeToCandidate
2019-09-12 11:53:29,944 [Thread-265] INFO  impl.RoleInfo (RoleInfo.java:updateAndGet(143)) - 483993a0-3055-479d-b58b-b02682c97e4b: start LeaderElection
2019-09-12 11:53:29,950 [483993a0-3055-479d-b58b-b02682c97e4b:group-0DFB4C93B19A:LeaderElection16] INFO  impl.LeaderElection (LeaderElection.java:askForVotes(181)) - 483993a0-3055-479d-b58b-b02682c97e4b:group-0DFB4C93B19A:LeaderElection16: begin an election at term 1 for -1: [483993a0-3055-479d-b58b-b02682c97e4b:192.168.157.195:38762], old=null
2019-09-12 11:53:29,950 [483993a0-3055-479d-b58b-b02682c97e4b:group-A16C839BF34D:LeaderElection17] INFO  impl.LeaderElection (LeaderElection.java:askForVotes(181)) - 483993a0-3055-479d-b58b-b02682c97e4b:group-A16C839BF34D:LeaderElection17: begin an election at term 1 for -1: [483993a0-3055-479d-b58b-b02682c97e4b:192.168.157.195:38762], old=null
2019-09-12 11:53:29,950 [483993a0-3055-479d-b58b-b02682c97e4b:group-0DFB4C93B19A:LeaderElection16] INFO  impl.RoleInfo (RoleInfo.java:shutdownLeaderElection(134)) - 483993a0-3055-479d-b58b-b02682c97e4b: shutdown LeaderElection
2019-09-12 11:53:29,950 [483993a0-3055-479d-b58b-b02682c97e4b:group-A16C839BF34D:LeaderElection17] INFO  impl.RoleInfo (RoleInfo.java:shutdownLeaderElection(134)) - 483993a0-3055-479d-b58b-b02682c97e4b: shutdown LeaderElection
2019-09-12 11:53:29,950 [483993a0-3055-479d-b58b-b02682c97e4b:group-0DFB4C93B19A:LeaderElection16] INFO  impl.RaftServerImpl (RaftServerImpl.java:setRole(171)) - 483993a0-3055-479d-b58b-b02682c97e4b:group-0DFB4C93B19A changes role from CANDIDATE to LEADER at term 1 for changeToLeader
2019-09-12 11:53:29,950 [483993a0-3055-479d-b58b-b02682c97e4b:group-A16C839BF34D:LeaderElection17] INFO  impl.RaftServerImpl (RaftServerImpl.java:setRole(171)) - 483993a0-3055-479d-b58b-b02682c97e4b:group-A16C839BF34D changes role from CANDIDATE to LEADER at term 1 for changeToLeader
2019-09-12 11:53:29,951 [483993a0-3055-479d-b58b-b02682c97e4b:group-0DFB4C93B19A:LeaderElection16] INFO  impl.RaftServerImpl (ServerState.java:setLeader(263)) - 483993a0-3055-479d-b58b-b02682c97e4b:group-0DFB4C93B19A change Leader from null to 483993a0-3055-479d-b58b-b02682c97e4b at term 1 for becomeLeader, leader elected after 5132ms
2019-09-12 11:53:29,951 [483993a0-3055-479d-b58b-b02682c97e4b:group-A16C839BF34D:LeaderElection17] INFO  impl.RaftServerImpl (ServerState.java:setLeader(263)) - 483993a0-3055-479d-b58b-b02682c97e4b:group-A16C839BF34D change Leader from null to 483993a0-3055-479d-b58b-b02682c97e4b at term 1 for becomeLeader, leader elected after 5027ms
2019-09-12 11:53:29,951 [483993a0-3055-479d-b58b-b02682c97e4b:group-0DFB4C93B19A:LeaderElection16] INFO  server.RaftServerConfigKeys (ConfUtils.java:logGet(43)) - raft.server.staging.catchup.gap = 1000 (default)
2019-09-12 11:53:29,951 [483993a0-3055-479d-b58b-b02682c97e4b:group-A16C839BF34D:LeaderElection17] INFO  server.RaftServerConfigKeys (ConfUtils.java:logGet(43)) - raft.server.staging.catchup.gap = 1000 (default)
2019-09-12 11:53:29,951 [483993a0-3055-479d-b58b-b02682c97e4b:group-0DFB4C93B19A:LeaderElection16] INFO  server.RaftServerConfigKeys (ConfUtils.java:logGet(43)) - raft.server.rpc.sleep.time = 25ms (default)
2019-09-12 11:53:29,951 [483993a0-3055-479d-b58b-b02682c97e4b:group-A16C839BF34D:LeaderElection17] INFO  server.RaftServerConfigKeys (ConfUtils.java:logGet(43)) - raft.server.rpc.sleep.time = 25ms (default)
2019-09-12 11:53:29,951 [483993a0-3055-479d-b58b-b02682c97e4b:group-0DFB4C93B19A:LeaderElection16] INFO  server.RaftServerConfigKeys (ConfUtils.java:logGet(43)) - raft.server.write.element-limit = 4096 (default)
2019-09-12 11:53:29,951 [483993a0-3055-479d-b58b-b02682c97e4b:group-A16C839BF34D:LeaderElection17] INFO  server.RaftServerConfigKeys (ConfUtils.java:logGet(43)) - raft.server.write.element-limit = 4096 (default)
2019-09-12 11:53:29,951 [483993a0-3055-479d-b58b-b02682c97e4b:group-0DFB4C93B19A:LeaderElection16] INFO  server.RaftServerConfigKeys (ConfUtils.java:logGet(43)) - raft.server.watch.timeout = 10s (default)
2019-09-12 11:53:29,951 [483993a0-3055-479d-b58b-b02682c97e4b:group-A16C839BF34D:LeaderElection17] INFO  server.RaftServerConfigKeys (ConfUtils.java:logGet(43)) - raft.server.watch.timeout = 10s (default)
2019-09-12 11:53:29,951 [483993a0-3055-479d-b58b-b02682c97e4b:group-0DFB4C93B19A:LeaderElection16] INFO  server.RaftServerConfigKeys (ConfUtils.java:logGet(43)) - raft.server.watch.timeout.denomination = 1s (default)
2019-09-12 11:53:29,952 [483993a0-3055-479d-b58b-b02682c97e4b:group-A16C839BF34D:LeaderElection17] INFO  server.RaftServerConfigKeys (ConfUtils.java:logGet(43)) - raft.server.watch.timeout.denomination = 1s (default)
2019-09-12 11:53:29,952 [483993a0-3055-479d-b58b-b02682c97e4b:group-0DFB4C93B19A:LeaderElection16] INFO  server.RaftServerConfigKeys (ConfUtils.java:logGet(43)) - raft.server.watch.element-limit = 65536 (default)
2019-09-12 11:53:29,952 [483993a0-3055-479d-b58b-b02682c97e4b:group-A16C839BF34D:LeaderElection17] INFO  server.RaftServerConfigKeys (ConfUtils.java:logGet(43)) - raft.server.watch.element-limit = 65536 (default)
2019-09-12 11:53:29,952 [483993a0-3055-479d-b58b-b02682c97e4b:group-0DFB4C93B19A:LeaderElection16] INFO  impl.RoleInfo (RoleInfo.java:updateAndGet(143)) - 483993a0-3055-479d-b58b-b02682c97e4b: start LeaderState
2019-09-12 11:53:29,952 [483993a0-3055-479d-b58b-b02682c97e4b:group-A16C839BF34D:LeaderElection17] INFO  impl.RoleInfo (RoleInfo.java:updateAndGet(143)) - 483993a0-3055-479d-b58b-b02682c97e4b: start LeaderState
2019-09-12 11:53:29,952 [483993a0-3055-479d-b58b-b02682c97e4b:group-0DFB4C93B19A:LeaderElection16] INFO  segmented.SegmentedRaftLogWorker (SegmentedRaftLogWorker.java:startLogSegment(380)) - 483993a0-3055-479d-b58b-b02682c97e4b-SegmentedRaftLogWorker:Storage Directory /workdir/hadoop-ozone/tools/target/test-dir/MiniOzoneClusterImpl-2c48e7f1-ac08-442f-970e-1944cf2eec25/datanode-2/data/ratis/0bd242fb-c7b9-4895-b25b-0dfb4c93b19a: Starting segment from index:0
2019-09-12 11:53:29,952 [483993a0-3055-479d-b58b-b02682c97e4b:group-A16C839BF34D:LeaderElection17] INFO  segmented.SegmentedRaftLogWorker (SegmentedRaftLogWorker.java:startLogSegment(380)) - 483993a0-3055-479d-b58b-b02682c97e4b-SegmentedRaftLogWorker:Storage Directory /workdir/hadoop-ozone/tools/target/test-dir/MiniOzoneClusterImpl-2c48e7f1-ac08-442f-970e-1944cf2eec25/datanode-2/data/ratis/b2da6dc3-8c3e-4f7c-9078-a16c839bf34d: Starting segment from index:0
2019-09-12 11:53:29,952 [483993a0-3055-479d-b58b-b02682c97e4b:group-0DFB4C93B19A:LeaderElection16] INFO  impl.RaftServerImpl (ServerState.java:setRaftConf(361)) - 483993a0-3055-479d-b58b-b02682c97e4b:group-0DFB4C93B19A set configuration 0: [483993a0-3055-479d-b58b-b02682c97e4b:192.168.157.195:38762], old=null at 0
2019-09-12 11:53:29,979 [483993a0-3055-479d-b58b-b02682c97e4b:group-A16C839BF34D:LeaderElection17] INFO  impl.RaftServerImpl (ServerState.java:setRaftConf(361)) - 483993a0-3055-479d-b58b-b02682c97e4b:group-A16C839BF34D set configuration 0: [483993a0-3055-479d-b58b-b02682c97e4b:192.168.157.195:38762], old=null at 0
2019-09-12 11:53:29,979 [Thread-255] INFO  impl.FollowerState (FollowerState.java:run(106)) - 028783e7-22fc-47b5-934a-5e8bf88f7fe6:group-D4F2CB172502 changes to CANDIDATE, lastRpcTime:5206, electionTimeout:5197ms
2019-09-12 11:53:30,006 [Thread-261] INFO  impl.FollowerState (FollowerState.java:run(106)) - 61a9fc65-5e41-4283-98a8-259f9227054d:group-0ADF330E2070 changes to CANDIDATE, lastRpcTime:5132, electionTimeout:5117ms
2019-09-12 11:53:30,006 [483993a0-3055-479d-b58b-b02682c97e4b-SegmentedRaftLogWorker:Storage Directory /workdir/hadoop-ozone/tools/target/test-dir/MiniOzoneClusterImpl-2c48e7f1-ac08-442f-970e-1944cf2eec25/datanode-2/data/ratis/0bd242fb-c7b9-4895-b25b-0dfb4c93b19a] INFO  segmented.SegmentedRaftLogWorker (SegmentedRaftLogWorker.java:execute(569)) - 483993a0-3055-479d-b58b-b02682c97e4b-SegmentedRaftLogWorker:Storage Directory /workdir/hadoop-ozone/tools/target/test-dir/MiniOzoneClusterImpl-2c48e7f1-ac08-442f-970e-1944cf2eec25/datanode-2/data/ratis/0bd242fb-c7b9-4895-b25b-0dfb4c93b19a: created new log segment /workdir/hadoop-ozone/tools/target/test-dir/MiniOzoneClusterImpl-2c48e7f1-ac08-442f-970e-1944cf2eec25/datanode-2/data/ratis/0bd242fb-c7b9-4895-b25b-0dfb4c93b19a/current/log_inprogress_0
2019-09-12 11:53:30,006 [Thread-261] INFO  impl.RoleInfo (RoleInfo.java:shutdownFollowerState(121)) - 61a9fc65-5e41-4283-98a8-259f9227054d: shutdown FollowerState
2019-09-12 11:53:30,006 [Thread-261] INFO  impl.RaftServerImpl (RaftServerImpl.java:setRole(171)) - 61a9fc65-5e41-4283-98a8-259f9227054d:group-0ADF330E2070 changes role from FOLLOWER to CANDIDATE at term 0 for changeToCandidate
2019-09-12 11:53:30,006 [Thread-255] INFO  impl.RoleInfo (RoleInfo.java:shutdownFollowerState(121)) - 028783e7-22fc-47b5-934a-5e8bf88f7fe6: shutdown FollowerState
2019-09-12 11:53:30,006 [Thread-261] INFO  impl.RoleInfo (RoleInfo.java:updateAndGet(143)) - 61a9fc65-5e41-4283-98a8-259f9227054d: start LeaderElection
2019-09-12 11:53:30,006 [Thread-255] INFO  impl.RaftServerImpl (RaftServerImpl.java:setRole(171)) - 028783e7-22fc-47b5-934a-5e8bf88f7fe6:group-D4F2CB172502 changes role from FOLLOWER to CANDIDATE at term 0 for changeToCandidate
2019-09-12 11:53:30,008 [Thread-255] INFO  impl.RoleInfo (RoleInfo.java:updateAndGet(143)) - 028783e7-22fc-47b5-934a-5e8bf88f7fe6: start LeaderElection
2019-09-12 11:53:30,012 [483993a0-3055-479d-b58b-b02682c97e4b-SegmentedRaftLogWorker:Storage Directory /workdir/hadoop-ozone/tools/target/test-dir/MiniOzoneClusterImpl-2c48e7f1-ac08-442f-970e-1944cf2eec25/datanode-2/data/ratis/b2da6dc3-8c3e-4f7c-9078-a16c839bf34d] INFO  segmented.SegmentedRaftLogWorker (SegmentedRaftLogWorker.java:execute(569)) - 483993a0-3055-479d-b58b-b02682c97e4b-SegmentedRaftLogWorker:Storage Directory /workdir/hadoop-ozone/tools/target/test-dir/MiniOzoneClusterImpl-2c48e7f1-ac08-442f-970e-1944cf2eec25/datanode-2/data/ratis/b2da6dc3-8c3e-4f7c-9078-a16c839bf34d: created new log segment /workdir/hadoop-ozone/tools/target/test-dir/MiniOzoneClusterImpl-2c48e7f1-ac08-442f-970e-1944cf2eec25/datanode-2/data/ratis/b2da6dc3-8c3e-4f7c-9078-a16c839bf34d/current/log_inprogress_0
2019-09-12 11:53:30,017 [028783e7-22fc-47b5-934a-5e8bf88f7fe6:group-D4F2CB172502:LeaderElection19] INFO  impl.LeaderElection (LeaderElection.java:askForVotes(181)) - 028783e7-22fc-47b5-934a-5e8bf88f7fe6:group-D4F2CB172502:LeaderElection19: begin an election at term 1 for -1: [028783e7-22fc-47b5-934a-5e8bf88f7fe6:192.168.157.195:38713], old=null
2019-09-12 11:53:30,017 [61a9fc65-5e41-4283-98a8-259f9227054d:group-0ADF330E2070:LeaderElection18] INFO  impl.LeaderElection (LeaderElection.java:askForVotes(181)) - 61a9fc65-5e41-4283-98a8-259f9227054d:group-0ADF330E2070:LeaderElection18: begin an election at term 1 for -1: [61a9fc65-5e41-4283-98a8-259f9227054d:192.168.157.195:36251], old=null
2019-09-12 11:53:30,017 [028783e7-22fc-47b5-934a-5e8bf88f7fe6:group-D4F2CB172502:LeaderElection19] INFO  impl.RoleInfo (RoleInfo.java:shutdownLeaderElection(134)) - 028783e7-22fc-47b5-934a-5e8bf88f7fe6: shutdown LeaderElection
2019-09-12 11:53:30,017 [61a9fc65-5e41-4283-98a8-259f9227054d:group-0ADF330E2070:LeaderElection18] INFO  impl.RoleInfo (RoleInfo.java:shutdownLeaderElection(134)) - 61a9fc65-5e41-4283-98a8-259f9227054d: shutdown LeaderElection
2019-09-12 11:53:30,017 [028783e7-22fc-47b5-934a-5e8bf88f7fe6:group-D4F2CB172502:LeaderElection19] INFO  impl.RaftServerImpl (RaftServerImpl.java:setRole(171)) - 028783e7-22fc-47b5-934a-5e8bf88f7fe6:group-D4F2CB172502 changes role from CANDIDATE to LEADER at term 1 for changeToLeader
2019-09-12 11:53:30,017 [61a9fc65-5e41-4283-98a8-259f9227054d:group-0ADF330E2070:LeaderElection18] INFO  impl.RaftServerImpl (RaftServerImpl.java:setRole(171)) - 61a9fc65-5e41-4283-98a8-259f9227054d:group-0ADF330E2070 changes role from CANDIDATE to LEADER at term 1 for changeToLeader
2019-09-12 11:53:30,017 [028783e7-22fc-47b5-934a-5e8bf88f7fe6:group-D4F2CB172502:LeaderElection19] INFO  impl.RaftServerImpl (ServerState.java:setLeader(263)) - 028783e7-22fc-47b5-934a-5e8bf88f7fe6:group-D4F2CB172502 change Leader from null to 028783e7-22fc-47b5-934a-5e8bf88f7fe6 at term 1 for becomeLeader, leader elected after 5248ms
2019-09-12 11:53:30,018 [61a9fc65-5e41-4283-98a8-259f9227054d:group-0ADF330E2070:LeaderElection18] INFO  impl.RaftServerImpl (ServerState.java:setLeader(263)) - 61a9fc65-5e41-4283-98a8-259f9227054d:group-0ADF330E2070 change Leader from null to 61a9fc65-5e41-4283-98a8-259f9227054d at term 1 for becomeLeader, leader elected after 5149ms
2019-09-12 11:53:30,018 [028783e7-22fc-47b5-934a-5e8bf88f7fe6:group-D4F2CB172502:LeaderElection19] INFO  server.RaftServerConfigKeys (ConfUtils.java:logGet(43)) - raft.server.staging.catchup.gap = 1000 (default)
2019-09-12 11:53:30,018 [61a9fc65-5e41-4283-98a8-259f9227054d:group-0ADF330E2070:LeaderElection18] INFO  server.RaftServerConfigKeys (ConfUtils.java:logGet(43)) - raft.server.staging.catchup.gap = 1000 (default)
2019-09-12 11:53:30,018 [028783e7-22fc-47b5-934a-5e8bf88f7fe6:group-D4F2CB172502:LeaderElection19] INFO  server.RaftServerConfigKeys (ConfUtils.java:logGet(43)) - raft.server.rpc.sleep.time = 25ms (default)
2019-09-12 11:53:30,018 [61a9fc65-5e41-4283-98a8-259f9227054d:group-0ADF330E2070:LeaderElection18] INFO  server.RaftServerConfigKeys (ConfUtils.java:logGet(43)) - raft.server.rpc.sleep.time = 25ms (default)
2019-09-12 11:53:30,018 [028783e7-22fc-47b5-934a-5e8bf88f7fe6:group-D4F2CB172502:LeaderElection19] INFO  server.RaftServerConfigKeys (ConfUtils.java:logGet(43)) - raft.server.write.element-limit = 4096 (default)
2019-09-12 11:53:30,018 [028783e7-22fc-47b5-934a-5e8bf88f7fe6:group-D4F2CB172502:LeaderElection19] INFO  server.RaftServerConfigKeys (ConfUtils.java:logGet(43)) - raft.server.watch.timeout = 10s (default)
2019-09-12 11:53:30,018 [61a9fc65-5e41-4283-98a8-259f9227054d:group-0ADF330E2070:LeaderElection18] INFO  server.RaftServerConfigKeys (ConfUtils.java:logGet(43)) - raft.server.write.element-limit = 4096 (default)
2019-09-12 11:53:30,018 [028783e7-22fc-47b5-934a-5e8bf88f7fe6:group-D4F2CB172502:LeaderElection19] INFO  server.RaftServerConfigKeys (ConfUtils.java:logGet(43)) - raft.server.watch.timeout.denomination = 1s (default)
2019-09-12 11:53:30,019 [61a9fc65-5e41-4283-98a8-259f9227054d:group-0ADF330E2070:LeaderElection18] INFO  server.RaftServerConfigKeys (ConfUtils.java:logGet(43)) - raft.server.watch.timeout = 10s (default)
2019-09-12 11:53:30,019 [028783e7-22fc-47b5-934a-5e8bf88f7fe6:group-D4F2CB172502:LeaderElection19] INFO  server.RaftServerConfigKeys (ConfUtils.java:logGet(43)) - raft.server.watch.element-limit = 65536 (default)
2019-09-12 11:53:30,019 [61a9fc65-5e41-4283-98a8-259f9227054d:group-0ADF330E2070:LeaderElection18] INFO  server.RaftServerConfigKeys (ConfUtils.java:logGet(43)) - raft.server.watch.timeout.denomination = 1s (default)
2019-09-12 11:53:30,019 [028783e7-22fc-47b5-934a-5e8bf88f7fe6:group-D4F2CB172502:LeaderElection19] INFO  impl.RoleInfo (RoleInfo.java:updateAndGet(143)) - 028783e7-22fc-47b5-934a-5e8bf88f7fe6: start LeaderState
2019-09-12 11:53:30,019 [61a9fc65-5e41-4283-98a8-259f9227054d:group-0ADF330E2070:LeaderElection18] INFO  server.RaftServerConfigKeys (ConfUtils.java:logGet(43)) - raft.server.watch.element-limit = 65536 (default)
2019-09-12 11:53:30,019 [028783e7-22fc-47b5-934a-5e8bf88f7fe6:group-D4F2CB172502:LeaderElection19] INFO  segmented.SegmentedRaftLogWorker (SegmentedRaftLogWorker.java:startLogSegment(380)) - 028783e7-22fc-47b5-934a-5e8bf88f7fe6-SegmentedRaftLogWorker:Storage Directory /workdir/hadoop-ozone/tools/target/test-dir/MiniOzoneClusterImpl-2c48e7f1-ac08-442f-970e-1944cf2eec25/datanode-3/data/ratis/aef9920f-1100-4bbd-a86d-d4f2cb172502: Starting segment from index:0
2019-09-12 11:53:30,019 [61a9fc65-5e41-4283-98a8-259f9227054d:group-0ADF330E2070:LeaderElection18] INFO  impl.RoleInfo (RoleInfo.java:updateAndGet(143)) - 61a9fc65-5e41-4283-98a8-259f9227054d: start LeaderState
2019-09-12 11:53:30,020 [028783e7-22fc-47b5-934a-5e8bf88f7fe6:group-D4F2CB172502:LeaderElection19] INFO  impl.RaftServerImpl (ServerState.java:setRaftConf(361)) - 028783e7-22fc-47b5-934a-5e8bf88f7fe6:group-D4F2CB172502 set configuration 0: [028783e7-22fc-47b5-934a-5e8bf88f7fe6:192.168.157.195:38713], old=null at 0
2019-09-12 11:53:30,020 [61a9fc65-5e41-4283-98a8-259f9227054d:group-0ADF330E2070:LeaderElection18] INFO  segmented.SegmentedRaftLogWorker (SegmentedRaftLogWorker.java:startLogSegment(380)) - 61a9fc65-5e41-4283-98a8-259f9227054d-SegmentedRaftLogWorker:Storage Directory /workdir/hadoop-ozone/tools/target/test-dir/MiniOzoneClusterImpl-2c48e7f1-ac08-442f-970e-1944cf2eec25/datanode-0/data/ratis/ff459dd8-88e6-4c13-a406-0adf330e2070: Starting segment from index:0
2019-09-12 11:53:30,047 [Thread-268] INFO  impl.FollowerState (FollowerState.java:run(106)) - 61a9fc65-5e41-4283-98a8-259f9227054d:group-7C9CDD0A8C0E changes to CANDIDATE, lastRpcTime:5048, electionTimeout:5034ms
2019-09-12 11:53:30,047 [Thread-268] INFO  impl.RoleInfo (RoleInfo.java:shutdownFollowerState(121)) - 61a9fc65-5e41-4283-98a8-259f9227054d: shutdown FollowerState
2019-09-12 11:53:30,047 [Thread-268] INFO  impl.RaftServerImpl (RaftServerImpl.java:setRole(171)) - 61a9fc65-5e41-4283-98a8-259f9227054d:group-7C9CDD0A8C0E changes role from FOLLOWER to CANDIDATE at term 0 for changeToCandidate
2019-09-12 11:53:30,048 [Thread-268] INFO  impl.RoleInfo (RoleInfo.java:updateAndGet(143)) - 61a9fc65-5e41-4283-98a8-259f9227054d: start LeaderElection
2019-09-12 11:53:30,048 [61a9fc65-5e41-4283-98a8-259f9227054d:group-0ADF330E2070:LeaderElection18] INFO  impl.RaftServerImpl (ServerState.java:setRaftConf(361)) - 61a9fc65-5e41-4283-98a8-259f9227054d:group-0ADF330E2070 set configuration 0: [61a9fc65-5e41-4283-98a8-259f9227054d:192.168.157.195:36251], old=null at 0
2019-09-12 11:53:30,076 [028783e7-22fc-47b5-934a-5e8bf88f7fe6-SegmentedRaftLogWorker:Storage Directory /workdir/hadoop-ozone/tools/target/test-dir/MiniOzoneClusterImpl-2c48e7f1-ac08-442f-970e-1944cf2eec25/datanode-3/data/ratis/aef9920f-1100-4bbd-a86d-d4f2cb172502] INFO  segmented.SegmentedRaftLogWorker (SegmentedRaftLogWorker.java:execute(569)) - 028783e7-22fc-47b5-934a-5e8bf88f7fe6-SegmentedRaftLogWorker:Storage Directory /workdir/hadoop-ozone/tools/target/test-dir/MiniOzoneClusterImpl-2c48e7f1-ac08-442f-970e-1944cf2eec25/datanode-3/data/ratis/aef9920f-1100-4bbd-a86d-d4f2cb172502: created new log segment /workdir/hadoop-ozone/tools/target/test-dir/MiniOzoneClusterImpl-2c48e7f1-ac08-442f-970e-1944cf2eec25/datanode-3/data/ratis/aef9920f-1100-4bbd-a86d-d4f2cb172502/current/log_inprogress_0
2019-09-12 11:53:30,086 | INFO  | SCMAudit | user=jenkins1000 | ip=192.168.157.195 | op=SEND_HEARTBEAT {datanodeUUID=483993a0-3055-479d-b58b-b02682c97e4b, command=[]} | ret=SUCCESS |  
2019-09-12 11:53:30,089 [61a9fc65-5e41-4283-98a8-259f9227054d-SegmentedRaftLogWorker:Storage Directory /workdir/hadoop-ozone/tools/target/test-dir/MiniOzoneClusterImpl-2c48e7f1-ac08-442f-970e-1944cf2eec25/datanode-0/data/ratis/ff459dd8-88e6-4c13-a406-0adf330e2070] INFO  segmented.SegmentedRaftLogWorker (SegmentedRaftLogWorker.java:execute(569)) - 61a9fc65-5e41-4283-98a8-259f9227054d-SegmentedRaftLogWorker:Storage Directory /workdir/hadoop-ozone/tools/target/test-dir/MiniOzoneClusterImpl-2c48e7f1-ac08-442f-970e-1944cf2eec25/datanode-0/data/ratis/ff459dd8-88e6-4c13-a406-0adf330e2070: created new log segment /workdir/hadoop-ozone/tools/target/test-dir/MiniOzoneClusterImpl-2c48e7f1-ac08-442f-970e-1944cf2eec25/datanode-0/data/ratis/ff459dd8-88e6-4c13-a406-0adf330e2070/current/log_inprogress_0
2019-09-12 11:53:30,090 [61a9fc65-5e41-4283-98a8-259f9227054d:group-7C9CDD0A8C0E:LeaderElection20] INFO  impl.LeaderElection (LeaderElection.java:askForVotes(181)) - 61a9fc65-5e41-4283-98a8-259f9227054d:group-7C9CDD0A8C0E:LeaderElection20: begin an election at term 1 for -1: [61a9fc65-5e41-4283-98a8-259f9227054d:192.168.157.195:36251], old=null
2019-09-12 11:53:30,090 [61a9fc65-5e41-4283-98a8-259f9227054d:group-7C9CDD0A8C0E:LeaderElection20] INFO  impl.RoleInfo (RoleInfo.java:shutdownLeaderElection(134)) - 61a9fc65-5e41-4283-98a8-259f9227054d: shutdown LeaderElection
2019-09-12 11:53:30,090 [61a9fc65-5e41-4283-98a8-259f9227054d:group-7C9CDD0A8C0E:LeaderElection20] INFO  impl.RaftServerImpl (RaftServerImpl.java:setRole(171)) - 61a9fc65-5e41-4283-98a8-259f9227054d:group-7C9CDD0A8C0E changes role from CANDIDATE to LEADER at term 1 for changeToLeader
2019-09-12 11:53:30,090 [61a9fc65-5e41-4283-98a8-259f9227054d:group-7C9CDD0A8C0E:LeaderElection20] INFO  impl.RaftServerImpl (ServerState.java:setLeader(263)) - 61a9fc65-5e41-4283-98a8-259f9227054d:group-7C9CDD0A8C0E change Leader from null to 61a9fc65-5e41-4283-98a8-259f9227054d at term 1 for becomeLeader, leader elected after 5096ms
2019-09-12 11:53:30,090 [61a9fc65-5e41-4283-98a8-259f9227054d:group-7C9CDD0A8C0E:LeaderElection20] INFO  server.RaftServerConfigKeys (ConfUtils.java:logGet(43)) - raft.server.staging.catchup.gap = 1000 (default)
2019-09-12 11:53:30,090 [61a9fc65-5e41-4283-98a8-259f9227054d:group-7C9CDD0A8C0E:LeaderElection20] INFO  server.RaftServerConfigKeys (ConfUtils.java:logGet(43)) - raft.server.rpc.sleep.time = 25ms (default)
2019-09-12 11:53:30,090 [61a9fc65-5e41-4283-98a8-259f9227054d:group-7C9CDD0A8C0E:LeaderElection20] INFO  server.RaftServerConfigKeys (ConfUtils.java:logGet(43)) - raft.server.write.element-limit = 4096 (default)
2019-09-12 11:53:30,091 [61a9fc65-5e41-4283-98a8-259f9227054d:group-7C9CDD0A8C0E:LeaderElection20] INFO  server.RaftServerConfigKeys (ConfUtils.java:logGet(43)) - raft.server.watch.timeout = 10s (default)
2019-09-12 11:53:30,091 [61a9fc65-5e41-4283-98a8-259f9227054d:group-7C9CDD0A8C0E:LeaderElection20] INFO  server.RaftServerConfigKeys (ConfUtils.java:logGet(43)) - raft.server.watch.timeout.denomination = 1s (default)
2019-09-12 11:53:30,091 [61a9fc65-5e41-4283-98a8-259f9227054d:group-7C9CDD0A8C0E:LeaderElection20] INFO  server.RaftServerConfigKeys (ConfUtils.java:logGet(43)) - raft.server.watch.element-limit = 65536 (default)
2019-09-12 11:53:30,091 [61a9fc65-5e41-4283-98a8-259f9227054d:group-7C9CDD0A8C0E:LeaderElection20] INFO  impl.RoleInfo (RoleInfo.java:updateAndGet(143)) - 61a9fc65-5e41-4283-98a8-259f9227054d: start LeaderState
2019-09-12 11:53:30,091 [61a9fc65-5e41-4283-98a8-259f9227054d:group-7C9CDD0A8C0E:LeaderElection20] INFO  segmented.SegmentedRaftLogWorker (SegmentedRaftLogWorker.java:startLogSegment(380)) - 61a9fc65-5e41-4283-98a8-259f9227054d-SegmentedRaftLogWorker:Storage Directory /workdir/hadoop-ozone/tools/target/test-dir/MiniOzoneClusterImpl-2c48e7f1-ac08-442f-970e-1944cf2eec25/datanode-0/data/ratis/0b3efd2f-178a-4b2d-91c0-7c9cdd0a8c0e: Starting segment from index:0
2019-09-12 11:53:30,092 [61a9fc65-5e41-4283-98a8-259f9227054d:group-7C9CDD0A8C0E:LeaderElection20] INFO  impl.RaftServerImpl (ServerState.java:setRaftConf(361)) - 61a9fc65-5e41-4283-98a8-259f9227054d:group-7C9CDD0A8C0E set configuration 0: [61a9fc65-5e41-4283-98a8-259f9227054d:192.168.157.195:36251], old=null at 0
2019-09-12 11:53:30,141 [61a9fc65-5e41-4283-98a8-259f9227054d-SegmentedRaftLogWorker:Storage Directory /workdir/hadoop-ozone/tools/target/test-dir/MiniOzoneClusterImpl-2c48e7f1-ac08-442f-970e-1944cf2eec25/datanode-0/data/ratis/0b3efd2f-178a-4b2d-91c0-7c9cdd0a8c0e] INFO  segmented.SegmentedRaftLogWorker (SegmentedRaftLogWorker.java:execute(569)) - 61a9fc65-5e41-4283-98a8-259f9227054d-SegmentedRaftLogWorker:Storage Directory /workdir/hadoop-ozone/tools/target/test-dir/MiniOzoneClusterImpl-2c48e7f1-ac08-442f-970e-1944cf2eec25/datanode-0/data/ratis/0b3efd2f-178a-4b2d-91c0-7c9cdd0a8c0e: created new log segment /workdir/hadoop-ozone/tools/target/test-dir/MiniOzoneClusterImpl-2c48e7f1-ac08-442f-970e-1944cf2eec25/datanode-0/data/ratis/0b3efd2f-178a-4b2d-91c0-7c9cdd0a8c0e/current/log_inprogress_0
 100.00% |█████████████████████████████████████████████████████████████████████████████████████████████████████|  1/1 Time: 0:00:05
2019-09-12 11:53:30,190 [Thread-271] INFO  impl.FollowerState (FollowerState.java:run(106)) - 028783e7-22fc-47b5-934a-5e8bf88f7fe6:group-9869ED4AB637 changes to CANDIDATE, lastRpcTime:5118, electionTimeout:5118ms
2019-09-12 11:53:30,190 [Thread-271] INFO  impl.RoleInfo (RoleInfo.java:shutdownFollowerState(121)) - 028783e7-22fc-47b5-934a-5e8bf88f7fe6: shutdown FollowerState
2019-09-12 11:53:30,190 [Thread-271] INFO  impl.RaftServerImpl (RaftServerImpl.java:setRole(171)) - 028783e7-22fc-47b5-934a-5e8bf88f7fe6:group-9869ED4AB637 changes role from FOLLOWER to CANDIDATE at term 0 for changeToCandidate
2019-09-12 11:53:30,190 [Thread-271] INFO  impl.RoleInfo (RoleInfo.java:updateAndGet(143)) - 028783e7-22fc-47b5-934a-5e8bf88f7fe6: start LeaderElection
2019-09-12 11:53:30,205 [028783e7-22fc-47b5-934a-5e8bf88f7fe6:group-9869ED4AB637:LeaderElection21] INFO  impl.LeaderElection (LeaderElection.java:askForVotes(181)) - 028783e7-22fc-47b5-934a-5e8bf88f7fe6:group-9869ED4AB637:LeaderElection21: begin an election at term 1 for -1: [028783e7-22fc-47b5-934a-5e8bf88f7fe6:192.168.157.195:38713], old=null
2019-09-12 11:53:30,205 [028783e7-22fc-47b5-934a-5e8bf88f7fe6:group-9869ED4AB637:LeaderElection21] INFO  impl.RoleInfo (RoleInfo.java:shutdownLeaderElection(134)) - 028783e7-22fc-47b5-934a-5e8bf88f7fe6: shutdown LeaderElection
2019-09-12 11:53:30,206 [028783e7-22fc-47b5-934a-5e8bf88f7fe6:group-9869ED4AB637:LeaderElection21] INFO  impl.RaftServerImpl (RaftServerImpl.java:setRole(171)) - 028783e7-22fc-47b5-934a-5e8bf88f7fe6:group-9869ED4AB637 changes role from CANDIDATE to LEADER at term 1 for changeToLeader
2019-09-12 11:53:30,206 [028783e7-22fc-47b5-934a-5e8bf88f7fe6:group-9869ED4AB637:LeaderElection21] INFO  impl.RaftServerImpl (ServerState.java:setLeader(263)) - 028783e7-22fc-47b5-934a-5e8bf88f7fe6:group-9869ED4AB637 change Leader from null to 028783e7-22fc-47b5-934a-5e8bf88f7fe6 at term 1 for becomeLeader, leader elected after 5138ms
2019-09-12 11:53:30,206 [028783e7-22fc-47b5-934a-5e8bf88f7fe6:group-9869ED4AB637:LeaderElection21] INFO  server.RaftServerConfigKeys (ConfUtils.java:logGet(43)) - raft.server.staging.catchup.gap = 1000 (default)
2019-09-12 11:53:30,206 [028783e7-22fc-47b5-934a-5e8bf88f7fe6:group-9869ED4AB637:LeaderElection21] INFO  server.RaftServerConfigKeys (ConfUtils.java:logGet(43)) - raft.server.rpc.sleep.time = 25ms (default)
2019-09-12 11:53:30,206 [028783e7-22fc-47b5-934a-5e8bf88f7fe6:group-9869ED4AB637:LeaderElection21] INFO  server.RaftServerConfigKeys (ConfUtils.java:logGet(43)) - raft.server.write.element-limit = 4096 (default)
2019-09-12 11:53:30,206 [028783e7-22fc-47b5-934a-5e8bf88f7fe6:group-9869ED4AB637:LeaderElection21] INFO  server.RaftServerConfigKeys (ConfUtils.java:logGet(43)) - raft.server.watch.timeout = 10s (default)
2019-09-12 11:53:30,206 [028783e7-22fc-47b5-934a-5e8bf88f7fe6:group-9869ED4AB637:LeaderElection21] INFO  server.RaftServerConfigKeys (ConfUtils.java:logGet(43)) - raft.server.watch.timeout.denomination = 1s (default)
2019-09-12 11:53:30,206 [028783e7-22fc-47b5-934a-5e8bf88f7fe6:group-9869ED4AB637:LeaderElection21] INFO  server.RaftServerConfigKeys (ConfUtils.java:logGet(43)) - raft.server.watch.element-limit = 65536 (default)
2019-09-12 11:53:30,207 [028783e7-22fc-47b5-934a-5e8bf88f7fe6:group-9869ED4AB637:LeaderElection21] INFO  impl.RoleInfo (RoleInfo.java:updateAndGet(143)) - 028783e7-22fc-47b5-934a-5e8bf88f7fe6: start LeaderState
2019-09-12 11:53:30,207 [028783e7-22fc-47b5-934a-5e8bf88f7fe6:group-9869ED4AB637:LeaderElection21] INFO  segmented.SegmentedRaftLogWorker (SegmentedRaftLogWorker.java:startLogSegment(380)) - 028783e7-22fc-47b5-934a-5e8bf88f7fe6-SegmentedRaftLogWorker:Storage Directory /workdir/hadoop-ozone/tools/target/test-dir/MiniOzoneClusterImpl-2c48e7f1-ac08-442f-970e-1944cf2eec25/datanode-3/data/ratis/4613602c-fd6b-4ed0-ae95-9869ed4ab637: Starting segment from index:0
2019-09-12 11:53:30,207 [028783e7-22fc-47b5-934a-5e8bf88f7fe6:group-9869ED4AB637:LeaderElection21] INFO  impl.RaftServerImpl (ServerState.java:setRaftConf(361)) - 028783e7-22fc-47b5-934a-5e8bf88f7fe6:group-9869ED4AB637 set configuration 0: [028783e7-22fc-47b5-934a-5e8bf88f7fe6:192.168.157.195:38713], old=null at 0
2019-09-12 11:53:30,251 [028783e7-22fc-47b5-934a-5e8bf88f7fe6-SegmentedRaftLogWorker:Storage Directory /workdir/hadoop-ozone/tools/target/test-dir/MiniOzoneClusterImpl-2c48e7f1-ac08-442f-970e-1944cf2eec25/datanode-3/data/ratis/4613602c-fd6b-4ed0-ae95-9869ed4ab637] INFO  segmented.SegmentedRaftLogWorker (SegmentedRaftLogWorker.java:execute(569)) - 028783e7-22fc-47b5-934a-5e8bf88f7fe6-SegmentedRaftLogWorker:Storage Directory /workdir/hadoop-ozone/tools/target/test-dir/MiniOzoneClusterImpl-2c48e7f1-ac08-442f-970e-1944cf2eec25/datanode-3/data/ratis/4613602c-fd6b-4ed0-ae95-9869ed4ab637: created new log segment /workdir/hadoop-ozone/tools/target/test-dir/MiniOzoneClusterImpl-2c48e7f1-ac08-442f-970e-1944cf2eec25/datanode-3/data/ratis/4613602c-fd6b-4ed0-ae95-9869ed4ab637/current/log_inprogress_0
2019-09-12 11:53:30,266 [Thread-274] INFO  impl.FollowerState (FollowerState.java:run(106)) - 61a9fc65-5e41-4283-98a8-259f9227054d:group-C6E0A396E43B changes to CANDIDATE, lastRpcTime:5142, electionTimeout:5142ms
2019-09-12 11:53:30,266 [Thread-274] INFO  impl.RoleInfo (RoleInfo.java:shutdownFollowerState(121)) - 61a9fc65-5e41-4283-98a8-259f9227054d: shutdown FollowerState
2019-09-12 11:53:30,266 [Thread-274] INFO  impl.RaftServerImpl (RaftServerImpl.java:setRole(171)) - 61a9fc65-5e41-4283-98a8-259f9227054d:group-C6E0A396E43B changes role from FOLLOWER to CANDIDATE at term 0 for changeToCandidate
2019-09-12 11:53:30,267 [Thread-274] INFO  impl.RoleInfo (RoleInfo.java:updateAndGet(143)) - 61a9fc65-5e41-4283-98a8-259f9227054d: start LeaderElection
2019-09-12 11:53:30,282 [61a9fc65-5e41-4283-98a8-259f9227054d:group-C6E0A396E43B:LeaderElection22] INFO  impl.LeaderElection (LeaderElection.java:askForVotes(181)) - 61a9fc65-5e41-4283-98a8-259f9227054d:group-C6E0A396E43B:LeaderElection22: begin an election at term 1 for -1: [61a9fc65-5e41-4283-98a8-259f9227054d:192.168.157.195:36251], old=null
2019-09-12 11:53:30,282 [61a9fc65-5e41-4283-98a8-259f9227054d:group-C6E0A396E43B:LeaderElection22] INFO  impl.RoleInfo (RoleInfo.java:shutdownLeaderElection(134)) - 61a9fc65-5e41-4283-98a8-259f9227054d: shutdown LeaderElection
2019-09-12 11:53:30,282 [61a9fc65-5e41-4283-98a8-259f9227054d:group-C6E0A396E43B:LeaderElection22] INFO  impl.RaftServerImpl (RaftServerImpl.java:setRole(171)) - 61a9fc65-5e41-4283-98a8-259f9227054d:group-C6E0A396E43B changes role from CANDIDATE to LEADER at term 1 for changeToLeader
2019-09-12 11:53:30,282 [61a9fc65-5e41-4283-98a8-259f9227054d:group-C6E0A396E43B:LeaderElection22] INFO  impl.RaftServerImpl (ServerState.java:setLeader(263)) - 61a9fc65-5e41-4283-98a8-259f9227054d:group-C6E0A396E43B change Leader from null to 61a9fc65-5e41-4283-98a8-259f9227054d at term 1 for becomeLeader, leader elected after 5163ms
2019-09-12 11:53:30,282 [61a9fc65-5e41-4283-98a8-259f9227054d:group-C6E0A396E43B:LeaderElection22] INFO  server.RaftServerConfigKeys (ConfUtils.java:logGet(43)) - raft.server.staging.catchup.gap = 1000 (default)
2019-09-12 11:53:30,282 [61a9fc65-5e41-4283-98a8-259f9227054d:group-C6E0A396E43B:LeaderElection22] INFO  server.RaftServerConfigKeys (ConfUtils.java:logGet(43)) - raft.server.rpc.sleep.time = 25ms (default)
2019-09-12 11:53:30,282 [61a9fc65-5e41-4283-98a8-259f9227054d:group-C6E0A396E43B:LeaderElection22] INFO  server.RaftServerConfigKeys (ConfUtils.java:logGet(43)) - raft.server.write.element-limit = 4096 (default)
2019-09-12 11:53:30,283 [61a9fc65-5e41-4283-98a8-259f9227054d:group-C6E0A396E43B:LeaderElection22] INFO  server.RaftServerConfigKeys (ConfUtils.java:logGet(43)) - raft.server.watch.timeout = 10s (default)
2019-09-12 11:53:30,283 [61a9fc65-5e41-4283-98a8-259f9227054d:group-C6E0A396E43B:LeaderElection22] INFO  server.RaftServerConfigKeys (ConfUtils.java:logGet(43)) - raft.server.watch.timeout.denomination = 1s (default)
2019-09-12 11:53:30,283 [61a9fc65-5e41-4283-98a8-259f9227054d:group-C6E0A396E43B:LeaderElection22] INFO  server.RaftServerConfigKeys (ConfUtils.java:logGet(43)) - raft.server.watch.element-limit = 65536 (default)
2019-09-12 11:53:30,283 [61a9fc65-5e41-4283-98a8-259f9227054d:group-C6E0A396E43B:LeaderElection22] INFO  impl.RoleInfo (RoleInfo.java:updateAndGet(143)) - 61a9fc65-5e41-4283-98a8-259f9227054d: start LeaderState
2019-09-12 11:53:30,283 [61a9fc65-5e41-4283-98a8-259f9227054d:group-C6E0A396E43B:LeaderElection22] INFO  segmented.SegmentedRaftLogWorker (SegmentedRaftLogWorker.java:startLogSegment(380)) - 61a9fc65-5e41-4283-98a8-259f9227054d-SegmentedRaftLogWorker:Storage Directory /workdir/hadoop-ozone/tools/target/test-dir/MiniOzoneClusterImpl-2c48e7f1-ac08-442f-970e-1944cf2eec25/datanode-0/data/ratis/4d07c37e-e5d6-45bc-8260-c6e0a396e43b: Starting segment from index:0
2019-09-12 11:53:30,284 [61a9fc65-5e41-4283-98a8-259f9227054d:group-C6E0A396E43B:LeaderElection22] INFO  impl.RaftServerImpl (ServerState.java:setRaftConf(361)) - 61a9fc65-5e41-4283-98a8-259f9227054d:group-C6E0A396E43B set configuration 0: [61a9fc65-5e41-4283-98a8-259f9227054d:192.168.157.195:36251], old=null at 0
2019-09-12 11:53:30,316 [Thread-281] INFO  impl.FollowerState (FollowerState.java:run(106)) - 028783e7-22fc-47b5-934a-5e8bf88f7fe6:group-6C60227418AA changes to CANDIDATE, lastRpcTime:5125, electionTimeout:5096ms
2019-09-12 11:53:30,316 [Thread-281] INFO  impl.RoleInfo (RoleInfo.java:shutdownFollowerState(121)) - 028783e7-22fc-47b5-934a-5e8bf88f7fe6: shutdown FollowerState
2019-09-12 11:53:30,316 [Thread-281] INFO  impl.RaftServerImpl (RaftServerImpl.java:setRole(171)) - 028783e7-22fc-47b5-934a-5e8bf88f7fe6:group-6C60227418AA changes role from FOLLOWER to CANDIDATE at term 0 for changeToCandidate
2019-09-12 11:53:30,316 [Thread-281] INFO  impl.RoleInfo (RoleInfo.java:updateAndGet(143)) - 028783e7-22fc-47b5-934a-5e8bf88f7fe6: start LeaderElection
2019-09-12 11:53:30,328 [61a9fc65-5e41-4283-98a8-259f9227054d-SegmentedRaftLogWorker:Storage Directory /workdir/hadoop-ozone/tools/target/test-dir/MiniOzoneClusterImpl-2c48e7f1-ac08-442f-970e-1944cf2eec25/datanode-0/data/ratis/4d07c37e-e5d6-45bc-8260-c6e0a396e43b] INFO  segmented.SegmentedRaftLogWorker (SegmentedRaftLogWorker.java:execute(569)) - 61a9fc65-5e41-4283-98a8-259f9227054d-SegmentedRaftLogWorker:Storage Directory /workdir/hadoop-ozone/tools/target/test-dir/MiniOzoneClusterImpl-2c48e7f1-ac08-442f-970e-1944cf2eec25/datanode-0/data/ratis/4d07c37e-e5d6-45bc-8260-c6e0a396e43b: created new log segment /workdir/hadoop-ozone/tools/target/test-dir/MiniOzoneClusterImpl-2c48e7f1-ac08-442f-970e-1944cf2eec25/datanode-0/data/ratis/4d07c37e-e5d6-45bc-8260-c6e0a396e43b/current/log_inprogress_0
2019-09-12 11:53:30,328 [028783e7-22fc-47b5-934a-5e8bf88f7fe6:group-6C60227418AA:LeaderElection23] INFO  impl.LeaderElection (LeaderElection.java:askForVotes(181)) - 028783e7-22fc-47b5-934a-5e8bf88f7fe6:group-6C60227418AA:LeaderElection23: begin an election at term 1 for -1: [028783e7-22fc-47b5-934a-5e8bf88f7fe6:192.168.157.195:38713], old=null
2019-09-12 11:53:30,328 [028783e7-22fc-47b5-934a-5e8bf88f7fe6:group-6C60227418AA:LeaderElection23] INFO  impl.RoleInfo (RoleInfo.java:shutdownLeaderElection(134)) - 028783e7-22fc-47b5-934a-5e8bf88f7fe6: shutdown LeaderElection
2019-09-12 11:53:30,329 [028783e7-22fc-47b5-934a-5e8bf88f7fe6:group-6C60227418AA:LeaderElection23] INFO  impl.RaftServerImpl (RaftServerImpl.java:setRole(171)) - 028783e7-22fc-47b5-934a-5e8bf88f7fe6:group-6C60227418AA changes role from CANDIDATE to LEADER at term 1 for changeToLeader
2019-09-12 11:53:30,329 [028783e7-22fc-47b5-934a-5e8bf88f7fe6:group-6C60227418AA:LeaderElection23] INFO  impl.RaftServerImpl (ServerState.java:setLeader(263)) - 028783e7-22fc-47b5-934a-5e8bf88f7fe6:group-6C60227418AA change Leader from null to 028783e7-22fc-47b5-934a-5e8bf88f7fe6 at term 1 for becomeLeader, leader elected after 5158ms
2019-09-12 11:53:30,329 [028783e7-22fc-47b5-934a-5e8bf88f7fe6:group-6C60227418AA:LeaderElection23] INFO  server.RaftServerConfigKeys (ConfUtils.java:logGet(43)) - raft.server.staging.catchup.gap = 1000 (default)
2019-09-12 11:53:30,329 [028783e7-22fc-47b5-934a-5e8bf88f7fe6:group-6C60227418AA:LeaderElection23] INFO  server.RaftServerConfigKeys (ConfUtils.java:logGet(43)) - raft.server.rpc.sleep.time = 25ms (default)
2019-09-12 11:53:30,329 [028783e7-22fc-47b5-934a-5e8bf88f7fe6:group-6C60227418AA:LeaderElection23] INFO  server.RaftServerConfigKeys (ConfUtils.java:logGet(43)) - raft.server.write.element-limit = 4096 (default)
2019-09-12 11:53:30,329 [028783e7-22fc-47b5-934a-5e8bf88f7fe6:group-6C60227418AA:LeaderElection23] INFO  server.RaftServerConfigKeys (ConfUtils.java:logGet(43)) - raft.server.watch.timeout = 10s (default)
2019-09-12 11:53:30,329 [028783e7-22fc-47b5-934a-5e8bf88f7fe6:group-6C60227418AA:LeaderElection23] INFO  server.RaftServerConfigKeys (ConfUtils.java:logGet(43)) - raft.server.watch.timeout.denomination = 1s (default)
2019-09-12 11:53:30,329 [028783e7-22fc-47b5-934a-5e8bf88f7fe6:group-6C60227418AA:LeaderElection23] INFO  server.RaftServerConfigKeys (ConfUtils.java:logGet(43)) - raft.server.watch.element-limit = 65536 (default)
2019-09-12 11:53:30,329 [028783e7-22fc-47b5-934a-5e8bf88f7fe6:group-6C60227418AA:LeaderElection23] INFO  impl.RoleInfo (RoleInfo.java:updateAndGet(143)) - 028783e7-22fc-47b5-934a-5e8bf88f7fe6: start LeaderState
2019-09-12 11:53:30,330 [028783e7-22fc-47b5-934a-5e8bf88f7fe6:group-6C60227418AA:LeaderElection23] INFO  segmented.SegmentedRaftLogWorker (SegmentedRaftLogWorker.java:startLogSegment(380)) - 028783e7-22fc-47b5-934a-5e8bf88f7fe6-SegmentedRaftLogWorker:Storage Directory /workdir/hadoop-ozone/tools/target/test-dir/MiniOzoneClusterImpl-2c48e7f1-ac08-442f-970e-1944cf2eec25/datanode-3/data/ratis/35a762ea-d314-4c2e-8acd-6c60227418aa: Starting segment from index:0
2019-09-12 11:53:30,330 [028783e7-22fc-47b5-934a-5e8bf88f7fe6:group-6C60227418AA:LeaderElection23] INFO  impl.RaftServerImpl (ServerState.java:setRaftConf(361)) - 028783e7-22fc-47b5-934a-5e8bf88f7fe6:group-6C60227418AA set configuration 0: [028783e7-22fc-47b5-934a-5e8bf88f7fe6:192.168.157.195:38713], old=null at 0
2019-09-12 11:53:30,374 [028783e7-22fc-47b5-934a-5e8bf88f7fe6-SegmentedRaftLogWorker:Storage Directory /workdir/hadoop-ozone/tools/target/test-dir/MiniOzoneClusterImpl-2c48e7f1-ac08-442f-970e-1944cf2eec25/datanode-3/data/ratis/35a762ea-d314-4c2e-8acd-6c60227418aa] INFO  segmented.SegmentedRaftLogWorker (SegmentedRaftLogWorker.java:execute(569)) - 028783e7-22fc-47b5-934a-5e8bf88f7fe6-SegmentedRaftLogWorker:Storage Directory /workdir/hadoop-ozone/tools/target/test-dir/MiniOzoneClusterImpl-2c48e7f1-ac08-442f-970e-1944cf2eec25/datanode-3/data/ratis/35a762ea-d314-4c2e-8acd-6c60227418aa: created new log segment /workdir/hadoop-ozone/tools/target/test-dir/MiniOzoneClusterImpl-2c48e7f1-ac08-442f-970e-1944cf2eec25/datanode-3/data/ratis/35a762ea-d314-4c2e-8acd-6c60227418aa/current/log_inprogress_0
2019-09-12 11:53:30,377 [Thread-284] INFO  impl.FollowerState (FollowerState.java:run(106)) - 028783e7-22fc-47b5-934a-5e8bf88f7fe6:group-184FCA8C3C84 changes to CANDIDATE, lastRpcTime:5119, electionTimeout:5119ms
2019-09-12 11:53:30,377 [Thread-284] INFO  impl.RoleInfo (RoleInfo.java:shutdownFollowerState(121)) - 028783e7-22fc-47b5-934a-5e8bf88f7fe6: shutdown FollowerState
2019-09-12 11:53:30,377 [Thread-284] INFO  impl.RaftServerImpl (RaftServerImpl.java:setRole(171)) - 028783e7-22fc-47b5-934a-5e8bf88f7fe6:group-184FCA8C3C84 changes role from FOLLOWER to CANDIDATE at term 0 for changeToCandidate
2019-09-12 11:53:30,377 [Thread-284] INFO  impl.RoleInfo (RoleInfo.java:updateAndGet(143)) - 028783e7-22fc-47b5-934a-5e8bf88f7fe6: start LeaderElection
2019-09-12 11:53:30,393 [028783e7-22fc-47b5-934a-5e8bf88f7fe6:group-184FCA8C3C84:LeaderElection24] INFO  impl.LeaderElection (LeaderElection.java:askForVotes(181)) - 028783e7-22fc-47b5-934a-5e8bf88f7fe6:group-184FCA8C3C84:LeaderElection24: begin an election at term 1 for -1: [028783e7-22fc-47b5-934a-5e8bf88f7fe6:192.168.157.195:38713], old=null
2019-09-12 11:53:30,393 [028783e7-22fc-47b5-934a-5e8bf88f7fe6:group-184FCA8C3C84:LeaderElection24] INFO  impl.RoleInfo (RoleInfo.java:shutdownLeaderElection(134)) - 028783e7-22fc-47b5-934a-5e8bf88f7fe6: shutdown LeaderElection
2019-09-12 11:53:30,393 [028783e7-22fc-47b5-934a-5e8bf88f7fe6:group-184FCA8C3C84:LeaderElection24] INFO  impl.RaftServerImpl (RaftServerImpl.java:setRole(171)) - 028783e7-22fc-47b5-934a-5e8bf88f7fe6:group-184FCA8C3C84 changes role from CANDIDATE to LEADER at term 1 for changeToLeader
2019-09-12 11:53:30,394 [028783e7-22fc-47b5-934a-5e8bf88f7fe6:group-184FCA8C3C84:LeaderElection24] INFO  impl.RaftServerImpl (ServerState.java:setLeader(263)) - 028783e7-22fc-47b5-934a-5e8bf88f7fe6:group-184FCA8C3C84 change Leader from null to 028783e7-22fc-47b5-934a-5e8bf88f7fe6 at term 1 for becomeLeader, leader elected after 5141ms
2019-09-12 11:53:30,394 [028783e7-22fc-47b5-934a-5e8bf88f7fe6:group-184FCA8C3C84:LeaderElection24] INFO  server.RaftServerConfigKeys (ConfUtils.java:logGet(43)) - raft.server.staging.catchup.gap = 1000 (default)
2019-09-12 11:53:30,394 [028783e7-22fc-47b5-934a-5e8bf88f7fe6:group-184FCA8C3C84:LeaderElection24] INFO  server.RaftServerConfigKeys (ConfUtils.java:logGet(43)) - raft.server.rpc.sleep.time = 25ms (default)
2019-09-12 11:53:30,394 [028783e7-22fc-47b5-934a-5e8bf88f7fe6:group-184FCA8C3C84:LeaderElection24] INFO  server.RaftServerConfigKeys (ConfUtils.java:logGet(43)) - raft.server.write.element-limit = 4096 (default)
2019-09-12 11:53:30,395 [028783e7-22fc-47b5-934a-5e8bf88f7fe6:group-184FCA8C3C84:LeaderElection24] INFO  server.RaftServerConfigKeys (ConfUtils.java:logGet(43)) - raft.server.watch.timeout = 10s (default)
2019-09-12 11:53:30,395 [028783e7-22fc-47b5-934a-5e8bf88f7fe6:group-184FCA8C3C84:LeaderElection24] INFO  server.RaftServerConfigKeys (ConfUtils.java:logGet(43)) - raft.server.watch.timeout.denomination = 1s (default)
2019-09-12 11:53:30,395 [028783e7-22fc-47b5-934a-5e8bf88f7fe6:group-184FCA8C3C84:LeaderElection24] INFO  server.RaftServerConfigKeys (ConfUtils.java:logGet(43)) - raft.server.watch.element-limit = 65536 (default)
2019-09-12 11:53:30,395 [028783e7-22fc-47b5-934a-5e8bf88f7fe6:group-184FCA8C3C84:LeaderElection24] INFO  impl.RoleInfo (RoleInfo.java:updateAndGet(143)) - 028783e7-22fc-47b5-934a-5e8bf88f7fe6: start LeaderState
2019-09-12 11:53:30,396 [028783e7-22fc-47b5-934a-5e8bf88f7fe6:group-184FCA8C3C84:LeaderElection24] INFO  segmented.SegmentedRaftLogWorker (SegmentedRaftLogWorker.java:startLogSegment(380)) - 028783e7-22fc-47b5-934a-5e8bf88f7fe6-SegmentedRaftLogWorker:Storage Directory /workdir/hadoop-ozone/tools/target/test-dir/MiniOzoneClusterImpl-2c48e7f1-ac08-442f-970e-1944cf2eec25/datanode-3/data/ratis/40814d08-aae6-4dd0-8430-184fca8c3c84: Starting segment from index:0
2019-09-12 11:53:30,396 [028783e7-22fc-47b5-934a-5e8bf88f7fe6:group-184FCA8C3C84:LeaderElection24] INFO  impl.RaftServerImpl (ServerState.java:setRaftConf(361)) - 028783e7-22fc-47b5-934a-5e8bf88f7fe6:group-184FCA8C3C84 set configuration 0: [028783e7-22fc-47b5-934a-5e8bf88f7fe6:192.168.157.195:38713], old=null at 0
2019-09-12 11:53:30,427 [Thread-287] INFO  impl.FollowerState (FollowerState.java:run(106)) - 7741e6cf-6131-4fc6-8612-36509ed6293c:group-AC3A85B69AD7 changes to CANDIDATE, lastRpcTime:5098, electionTimeout:5090ms
2019-09-12 11:53:30,427 [Thread-287] INFO  impl.RoleInfo (RoleInfo.java:shutdownFollowerState(121)) - 7741e6cf-6131-4fc6-8612-36509ed6293c: shutdown FollowerState
2019-09-12 11:53:30,427 [Thread-287] INFO  impl.RaftServerImpl (RaftServerImpl.java:setRole(171)) - 7741e6cf-6131-4fc6-8612-36509ed6293c:group-AC3A85B69AD7 changes role from FOLLOWER to CANDIDATE at term 0 for changeToCandidate
2019-09-12 11:53:30,427 [Thread-287] INFO  impl.RoleInfo (RoleInfo.java:updateAndGet(143)) - 7741e6cf-6131-4fc6-8612-36509ed6293c: start LeaderElection
2019-09-12 11:53:30,439 [028783e7-22fc-47b5-934a-5e8bf88f7fe6-SegmentedRaftLogWorker:Storage Directory /workdir/hadoop-ozone/tools/target/test-dir/MiniOzoneClusterImpl-2c48e7f1-ac08-442f-970e-1944cf2eec25/datanode-3/data/ratis/40814d08-aae6-4dd0-8430-184fca8c3c84] INFO  segmented.SegmentedRaftLogWorker (SegmentedRaftLogWorker.java:execute(569)) - 028783e7-22fc-47b5-934a-5e8bf88f7fe6-SegmentedRaftLogWorker:Storage Directory /workdir/hadoop-ozone/tools/target/test-dir/MiniOzoneClusterImpl-2c48e7f1-ac08-442f-970e-1944cf2eec25/datanode-3/data/ratis/40814d08-aae6-4dd0-8430-184fca8c3c84: created new log segment /workdir/hadoop-ozone/tools/target/test-dir/MiniOzoneClusterImpl-2c48e7f1-ac08-442f-970e-1944cf2eec25/datanode-3/data/ratis/40814d08-aae6-4dd0-8430-184fca8c3c84/current/log_inprogress_0
2019-09-12 11:53:30,439 [7741e6cf-6131-4fc6-8612-36509ed6293c:group-AC3A85B69AD7:LeaderElection25] INFO  impl.LeaderElection (LeaderElection.java:askForVotes(181)) - 7741e6cf-6131-4fc6-8612-36509ed6293c:group-AC3A85B69AD7:LeaderElection25: begin an election at term 1 for -1: [7741e6cf-6131-4fc6-8612-36509ed6293c:192.168.157.195:34114], old=null
2019-09-12 11:53:30,440 [7741e6cf-6131-4fc6-8612-36509ed6293c:group-AC3A85B69AD7:LeaderElection25] INFO  impl.RoleInfo (RoleInfo.java:shutdownLeaderElection(134)) - 7741e6cf-6131-4fc6-8612-36509ed6293c: shutdown LeaderElection
2019-09-12 11:53:30,440 [7741e6cf-6131-4fc6-8612-36509ed6293c:group-AC3A85B69AD7:LeaderElection25] INFO  impl.RaftServerImpl (RaftServerImpl.java:setRole(171)) - 7741e6cf-6131-4fc6-8612-36509ed6293c:group-AC3A85B69AD7 changes role from CANDIDATE to LEADER at term 1 for changeToLeader
2019-09-12 11:53:30,440 [7741e6cf-6131-4fc6-8612-36509ed6293c:group-AC3A85B69AD7:LeaderElection25] INFO  impl.RaftServerImpl (ServerState.java:setLeader(263)) - 7741e6cf-6131-4fc6-8612-36509ed6293c:group-AC3A85B69AD7 change Leader from null to 7741e6cf-6131-4fc6-8612-36509ed6293c at term 1 for becomeLeader, leader elected after 5127ms
2019-09-12 11:53:30,442 [7741e6cf-6131-4fc6-8612-36509ed6293c:group-AC3A85B69AD7:LeaderElection25] INFO  server.RaftServerConfigKeys (ConfUtils.java:logGet(43)) - raft.server.staging.catchup.gap = 1000 (default)
2019-09-12 11:53:30,442 [7741e6cf-6131-4fc6-8612-36509ed6293c:group-AC3A85B69AD7:LeaderElection25] INFO  server.RaftServerConfigKeys (ConfUtils.java:logGet(43)) - raft.server.rpc.sleep.time = 25ms (default)
2019-09-12 11:53:30,442 [7741e6cf-6131-4fc6-8612-36509ed6293c:group-AC3A85B69AD7:LeaderElection25] INFO  server.RaftServerConfigKeys (ConfUtils.java:logGet(43)) - raft.server.write.element-limit = 4096 (default)
2019-09-12 11:53:30,442 [7741e6cf-6131-4fc6-8612-36509ed6293c:group-AC3A85B69AD7:LeaderElection25] INFO  server.RaftServerConfigKeys (ConfUtils.java:logGet(43)) - raft.server.watch.timeout = 10s (default)
2019-09-12 11:53:30,442 [7741e6cf-6131-4fc6-8612-36509ed6293c:group-AC3A85B69AD7:LeaderElection25] INFO  server.RaftServerConfigKeys (ConfUtils.java:logGet(43)) - raft.server.watch.timeout.denomination = 1s (default)
2019-09-12 11:53:30,442 [7741e6cf-6131-4fc6-8612-36509ed6293c:group-AC3A85B69AD7:LeaderElection25] INFO  server.RaftServerConfigKeys (ConfUtils.java:logGet(43)) - raft.server.watch.element-limit = 65536 (default)
2019-09-12 11:53:30,442 [7741e6cf-6131-4fc6-8612-36509ed6293c:group-AC3A85B69AD7:LeaderElection25] INFO  impl.RoleInfo (RoleInfo.java:updateAndGet(143)) - 7741e6cf-6131-4fc6-8612-36509ed6293c: start LeaderState
2019-09-12 11:53:30,443 [7741e6cf-6131-4fc6-8612-36509ed6293c:group-AC3A85B69AD7:LeaderElection25] INFO  segmented.SegmentedRaftLogWorker (SegmentedRaftLogWorker.java:startLogSegment(380)) - 7741e6cf-6131-4fc6-8612-36509ed6293c-SegmentedRaftLogWorker:Storage Directory /workdir/hadoop-ozone/tools/target/test-dir/MiniOzoneClusterImpl-2c48e7f1-ac08-442f-970e-1944cf2eec25/datanode-4/data/ratis/92fa249d-fcbb-4060-afd6-ac3a85b69ad7: Starting segment from index:0
2019-09-12 11:53:30,443 | INFO  | SCMAudit | user=jenkins1000 | ip=192.168.157.195 | op=SEND_HEARTBEAT {datanodeUUID=028783e7-22fc-47b5-934a-5e8bf88f7fe6, command=[]} | ret=SUCCESS |  
2019-09-12 11:53:30,443 [7741e6cf-6131-4fc6-8612-36509ed6293c:group-AC3A85B69AD7:LeaderElection25] INFO  impl.RaftServerImpl (ServerState.java:setRaftConf(361)) - 7741e6cf-6131-4fc6-8612-36509ed6293c:group-AC3A85B69AD7 set configuration 0: [7741e6cf-6131-4fc6-8612-36509ed6293c:192.168.157.195:34114], old=null at 0
2019-09-12 11:53:30,485 [7741e6cf-6131-4fc6-8612-36509ed6293c-SegmentedRaftLogWorker:Storage Directory /workdir/hadoop-ozone/tools/target/test-dir/MiniOzoneClusterImpl-2c48e7f1-ac08-442f-970e-1944cf2eec25/datanode-4/data/ratis/92fa249d-fcbb-4060-afd6-ac3a85b69ad7] INFO  segmented.SegmentedRaftLogWorker (SegmentedRaftLogWorker.java:execute(569)) - 7741e6cf-6131-4fc6-8612-36509ed6293c-SegmentedRaftLogWorker:Storage Directory /workdir/hadoop-ozone/tools/target/test-dir/MiniOzoneClusterImpl-2c48e7f1-ac08-442f-970e-1944cf2eec25/datanode-4/data/ratis/92fa249d-fcbb-4060-afd6-ac3a85b69ad7: created new log segment /workdir/hadoop-ozone/tools/target/test-dir/MiniOzoneClusterImpl-2c48e7f1-ac08-442f-970e-1944cf2eec25/datanode-4/data/ratis/92fa249d-fcbb-4060-afd6-ac3a85b69ad7/current/log_inprogress_0
2019-09-12 11:53:30,489 [Thread-291] INFO  impl.FollowerState (FollowerState.java:run(106)) - 7741e6cf-6131-4fc6-8612-36509ed6293c:group-D6FFAABA26CE changes to CANDIDATE, lastRpcTime:5106, electionTimeout:5106ms
2019-09-12 11:53:30,489 [Thread-291] INFO  impl.RoleInfo (RoleInfo.java:shutdownFollowerState(121)) - 7741e6cf-6131-4fc6-8612-36509ed6293c: shutdown FollowerState
2019-09-12 11:53:30,489 [Thread-291] INFO  impl.RaftServerImpl (RaftServerImpl.java:setRole(171)) - 7741e6cf-6131-4fc6-8612-36509ed6293c:group-D6FFAABA26CE changes role from FOLLOWER to CANDIDATE at term 0 for changeToCandidate
2019-09-12 11:53:30,489 [Thread-291] INFO  impl.RoleInfo (RoleInfo.java:updateAndGet(143)) - 7741e6cf-6131-4fc6-8612-36509ed6293c: start LeaderElection
2019-09-12 11:53:30,495 [Thread-294] INFO  impl.FollowerState (FollowerState.java:run(106)) - 7741e6cf-6131-4fc6-8612-36509ed6293c:group-9ACFADBB680D changes to CANDIDATE, lastRpcTime:5065, electionTimeout:5065ms
2019-09-12 11:53:30,495 [Thread-294] INFO  impl.RoleInfo (RoleInfo.java:shutdownFollowerState(121)) - 7741e6cf-6131-4fc6-8612-36509ed6293c: shutdown FollowerState
2019-09-12 11:53:30,495 [Thread-294] INFO  impl.RaftServerImpl (RaftServerImpl.java:setRole(171)) - 7741e6cf-6131-4fc6-8612-36509ed6293c:group-9ACFADBB680D changes role from FOLLOWER to CANDIDATE at term 0 for changeToCandidate
2019-09-12 11:53:30,496 [Thread-294] INFO  impl.RoleInfo (RoleInfo.java:updateAndGet(143)) - 7741e6cf-6131-4fc6-8612-36509ed6293c: start LeaderElection
2019-09-12 11:53:30,504 [7741e6cf-6131-4fc6-8612-36509ed6293c:group-9ACFADBB680D:LeaderElection27] INFO  impl.LeaderElection (LeaderElection.java:askForVotes(181)) - 7741e6cf-6131-4fc6-8612-36509ed6293c:group-9ACFADBB680D:LeaderElection27: begin an election at term 1 for -1: [7741e6cf-6131-4fc6-8612-36509ed6293c:192.168.157.195:34114], old=null
2019-09-12 11:53:30,504 [7741e6cf-6131-4fc6-8612-36509ed6293c:group-D6FFAABA26CE:LeaderElection26] INFO  impl.LeaderElection (LeaderElection.java:askForVotes(181)) - 7741e6cf-6131-4fc6-8612-36509ed6293c:group-D6FFAABA26CE:LeaderElection26: begin an election at term 1 for -1: [7741e6cf-6131-4fc6-8612-36509ed6293c:192.168.157.195:34114], old=null
2019-09-12 11:53:30,504 [7741e6cf-6131-4fc6-8612-36509ed6293c:group-9ACFADBB680D:LeaderElection27] INFO  impl.RoleInfo (RoleInfo.java:shutdownLeaderElection(134)) - 7741e6cf-6131-4fc6-8612-36509ed6293c: shutdown LeaderElection
2019-09-12 11:53:30,504 [7741e6cf-6131-4fc6-8612-36509ed6293c:group-D6FFAABA26CE:LeaderElection26] INFO  impl.RoleInfo (RoleInfo.java:shutdownLeaderElection(134)) - 7741e6cf-6131-4fc6-8612-36509ed6293c: shutdown LeaderElection
2019-09-12 11:53:30,504 [7741e6cf-6131-4fc6-8612-36509ed6293c:group-9ACFADBB680D:LeaderElection27] INFO  impl.RaftServerImpl (RaftServerImpl.java:setRole(171)) - 7741e6cf-6131-4fc6-8612-36509ed6293c:group-9ACFADBB680D changes role from CANDIDATE to LEADER at term 1 for changeToLeader
2019-09-12 11:53:30,504 [7741e6cf-6131-4fc6-8612-36509ed6293c:group-D6FFAABA26CE:LeaderElection26] INFO  impl.RaftServerImpl (RaftServerImpl.java:setRole(171)) - 7741e6cf-6131-4fc6-8612-36509ed6293c:group-D6FFAABA26CE changes role from CANDIDATE to LEADER at term 1 for changeToLeader
2019-09-12 11:53:30,504 [7741e6cf-6131-4fc6-8612-36509ed6293c:group-9ACFADBB680D:LeaderElection27] INFO  impl.RaftServerImpl (ServerState.java:setLeader(263)) - 7741e6cf-6131-4fc6-8612-36509ed6293c:group-9ACFADBB680D change Leader from null to 7741e6cf-6131-4fc6-8612-36509ed6293c at term 1 for becomeLeader, leader elected after 5078ms
2019-09-12 11:53:30,504 [7741e6cf-6131-4fc6-8612-36509ed6293c:group-D6FFAABA26CE:LeaderElection26] INFO  impl.RaftServerImpl (ServerState.java:setLeader(263)) - 7741e6cf-6131-4fc6-8612-36509ed6293c:group-D6FFAABA26CE change Leader from null to 7741e6cf-6131-4fc6-8612-36509ed6293c at term 1 for becomeLeader, leader elected after 5125ms
2019-09-12 11:53:30,504 [7741e6cf-6131-4fc6-8612-36509ed6293c:group-9ACFADBB680D:LeaderElection27] INFO  server.RaftServerConfigKeys (ConfUtils.java:logGet(43)) - raft.server.staging.catchup.gap = 1000 (default)
2019-09-12 11:53:30,504 [7741e6cf-6131-4fc6-8612-36509ed6293c:group-D6FFAABA26CE:LeaderElection26] INFO  server.RaftServerConfigKeys (ConfUtils.java:logGet(43)) - raft.server.staging.catchup.gap = 1000 (default)
2019-09-12 11:53:30,505 [7741e6cf-6131-4fc6-8612-36509ed6293c:group-9ACFADBB680D:LeaderElection27] INFO  server.RaftServerConfigKeys (ConfUtils.java:logGet(43)) - raft.server.rpc.sleep.time = 25ms (default)
2019-09-12 11:53:30,505 [7741e6cf-6131-4fc6-8612-36509ed6293c:group-D6FFAABA26CE:LeaderElection26] INFO  server.RaftServerConfigKeys (ConfUtils.java:logGet(43)) - raft.server.rpc.sleep.time = 25ms (default)
2019-09-12 11:53:30,505 [7741e6cf-6131-4fc6-8612-36509ed6293c:group-9ACFADBB680D:LeaderElection27] INFO  server.RaftServerConfigKeys (ConfUtils.java:logGet(43)) - raft.server.write.element-limit = 4096 (default)
2019-09-12 11:53:30,505 [7741e6cf-6131-4fc6-8612-36509ed6293c:group-D6FFAABA26CE:LeaderElection26] INFO  server.RaftServerConfigKeys (ConfUtils.java:logGet(43)) - raft.server.write.element-limit = 4096 (default)
2019-09-12 11:53:30,505 [7741e6cf-6131-4fc6-8612-36509ed6293c:group-9ACFADBB680D:LeaderElection27] INFO  server.RaftServerConfigKeys (ConfUtils.java:logGet(43)) - raft.server.watch.timeout = 10s (default)
2019-09-12 11:53:30,505 [7741e6cf-6131-4fc6-8612-36509ed6293c:group-D6FFAABA26CE:LeaderElection26] INFO  server.RaftServerConfigKeys (ConfUtils.java:logGet(43)) - raft.server.watch.timeout = 10s (default)
2019-09-12 11:53:30,505 [7741e6cf-6131-4fc6-8612-36509ed6293c:group-9ACFADBB680D:LeaderElection27] INFO  server.RaftServerConfigKeys (ConfUtils.java:logGet(43)) - raft.server.watch.timeout.denomination = 1s (default)
2019-09-12 11:53:30,505 [7741e6cf-6131-4fc6-8612-36509ed6293c:group-D6FFAABA26CE:LeaderElection26] INFO  server.RaftServerConfigKeys (ConfUtils.java:logGet(43)) - raft.server.watch.timeout.denomination = 1s (default)
2019-09-12 11:53:30,505 [7741e6cf-6131-4fc6-8612-36509ed6293c:group-9ACFADBB680D:LeaderElection27] INFO  server.RaftServerConfigKeys (ConfUtils.java:logGet(43)) - raft.server.watch.element-limit = 65536 (default)
2019-09-12 11:53:30,505 [7741e6cf-6131-4fc6-8612-36509ed6293c:group-D6FFAABA26CE:LeaderElection26] INFO  server.RaftServerConfigKeys (ConfUtils.java:logGet(43)) - raft.server.watch.element-limit = 65536 (default)
2019-09-12 11:53:30,505 [7741e6cf-6131-4fc6-8612-36509ed6293c:group-9ACFADBB680D:LeaderElection27] INFO  impl.RoleInfo (RoleInfo.java:updateAndGet(143)) - 7741e6cf-6131-4fc6-8612-36509ed6293c: start LeaderState
2019-09-12 11:53:30,505 [7741e6cf-6131-4fc6-8612-36509ed6293c:group-D6FFAABA26CE:LeaderElection26] INFO  impl.RoleInfo (RoleInfo.java:updateAndGet(143)) - 7741e6cf-6131-4fc6-8612-36509ed6293c: start LeaderState
2019-09-12 11:53:30,506 [7741e6cf-6131-4fc6-8612-36509ed6293c:group-9ACFADBB680D:LeaderElection27] INFO  segmented.SegmentedRaftLogWorker (SegmentedRaftLogWorker.java:startLogSegment(380)) - 7741e6cf-6131-4fc6-8612-36509ed6293c-SegmentedRaftLogWorker:Storage Directory /workdir/hadoop-ozone/tools/target/test-dir/MiniOzoneClusterImpl-2c48e7f1-ac08-442f-970e-1944cf2eec25/datanode-4/data/ratis/54b26ed5-fe32-4694-ae1c-9acfadbb680d: Starting segment from index:0
2019-09-12 11:53:30,506 [7741e6cf-6131-4fc6-8612-36509ed6293c:group-D6FFAABA26CE:LeaderElection26] INFO  segmented.SegmentedRaftLogWorker (SegmentedRaftLogWorker.java:startLogSegment(380)) - 7741e6cf-6131-4fc6-8612-36509ed6293c-SegmentedRaftLogWorker:Storage Directory /workdir/hadoop-ozone/tools/target/test-dir/MiniOzoneClusterImpl-2c48e7f1-ac08-442f-970e-1944cf2eec25/datanode-4/data/ratis/1bf60dbe-aa14-4ac5-9562-d6ffaaba26ce: Starting segment from index:0
2019-09-12 11:53:30,506 [7741e6cf-6131-4fc6-8612-36509ed6293c:group-9ACFADBB680D:LeaderElection27] INFO  impl.RaftServerImpl (ServerState.java:setRaftConf(361)) - 7741e6cf-6131-4fc6-8612-36509ed6293c:group-9ACFADBB680D set configuration 0: [7741e6cf-6131-4fc6-8612-36509ed6293c:192.168.157.195:34114], old=null at 0
2019-09-12 11:53:30,506 [7741e6cf-6131-4fc6-8612-36509ed6293c:group-D6FFAABA26CE:LeaderElection26] INFO  impl.RaftServerImpl (ServerState.java:setRaftConf(361)) - 7741e6cf-6131-4fc6-8612-36509ed6293c:group-D6FFAABA26CE set configuration 0: [7741e6cf-6131-4fc6-8612-36509ed6293c:192.168.157.195:34114], old=null at 0
2019-09-12 11:53:30,567 [7741e6cf-6131-4fc6-8612-36509ed6293c-SegmentedRaftLogWorker:Storage Directory /workdir/hadoop-ozone/tools/target/test-dir/MiniOzoneClusterImpl-2c48e7f1-ac08-442f-970e-1944cf2eec25/datanode-4/data/ratis/54b26ed5-fe32-4694-ae1c-9acfadbb680d] INFO  segmented.SegmentedRaftLogWorker (SegmentedRaftLogWorker.java:execute(569)) - 7741e6cf-6131-4fc6-8612-36509ed6293c-SegmentedRaftLogWorker:Storage Directory /workdir/hadoop-ozone/tools/target/test-dir/MiniOzoneClusterImpl-2c48e7f1-ac08-442f-970e-1944cf2eec25/datanode-4/data/ratis/54b26ed5-fe32-4694-ae1c-9acfadbb680d: created new log segment /workdir/hadoop-ozone/tools/target/test-dir/MiniOzoneClusterImpl-2c48e7f1-ac08-442f-970e-1944cf2eec25/datanode-4/data/ratis/54b26ed5-fe32-4694-ae1c-9acfadbb680d/current/log_inprogress_0
2019-09-12 11:53:30,579 | INFO  | SCMAudit | user=jenkins1000 | ip=192.168.157.195 | op=SEND_HEARTBEAT {datanodeUUID=61a9fc65-5e41-4283-98a8-259f9227054d, command=[]} | ret=SUCCESS |  
2019-09-12 11:53:30,580 [7741e6cf-6131-4fc6-8612-36509ed6293c-SegmentedRaftLogWorker:Storage Directory /workdir/hadoop-ozone/tools/target/test-dir/MiniOzoneClusterImpl-2c48e7f1-ac08-442f-970e-1944cf2eec25/datanode-4/data/ratis/1bf60dbe-aa14-4ac5-9562-d6ffaaba26ce] INFO  segmented.SegmentedRaftLogWorker (SegmentedRaftLogWorker.java:execute(569)) - 7741e6cf-6131-4fc6-8612-36509ed6293c-SegmentedRaftLogWorker:Storage Directory /workdir/hadoop-ozone/tools/target/test-dir/MiniOzoneClusterImpl-2c48e7f1-ac08-442f-970e-1944cf2eec25/datanode-4/data/ratis/1bf60dbe-aa14-4ac5-9562-d6ffaaba26ce: created new log segment /workdir/hadoop-ozone/tools/target/test-dir/MiniOzoneClusterImpl-2c48e7f1-ac08-442f-970e-1944cf2eec25/datanode-4/data/ratis/1bf60dbe-aa14-4ac5-9562-d6ffaaba26ce/current/log_inprogress_0
2019-09-12 11:53:30,595 | INFO  | SCMAudit | user=jenkins1000 | ip=192.168.157.195 | op=SEND_HEARTBEAT {datanodeUUID=7741e6cf-6131-4fc6-8612-36509ed6293c, command=[]} | ret=SUCCESS |  
2019-09-12 11:53:30,642 [Thread-300] INFO  impl.FollowerState (FollowerState.java:run(106)) - 7741e6cf-6131-4fc6-8612-36509ed6293c:group-6756D3DDB241 changes to CANDIDATE, lastRpcTime:5113, electionTimeout:5113ms
2019-09-12 11:53:30,642 [Thread-300] INFO  impl.RoleInfo (RoleInfo.java:shutdownFollowerState(121)) - 7741e6cf-6131-4fc6-8612-36509ed6293c: shutdown FollowerState
2019-09-12 11:53:30,642 [Thread-300] INFO  impl.RaftServerImpl (RaftServerImpl.java:setRole(171)) - 7741e6cf-6131-4fc6-8612-36509ed6293c:group-6756D3DDB241 changes role from FOLLOWER to CANDIDATE at term 0 for changeToCandidate
2019-09-12 11:53:30,642 [Thread-300] INFO  impl.RoleInfo (RoleInfo.java:updateAndGet(143)) - 7741e6cf-6131-4fc6-8612-36509ed6293c: start LeaderElection
2019-09-12 11:53:30,654 [Thread-303] INFO  impl.FollowerState (FollowerState.java:run(106)) - 7741e6cf-6131-4fc6-8612-36509ed6293c:group-7F68497C1D87 changes to CANDIDATE, lastRpcTime:5074, electionTimeout:5074ms
2019-09-12 11:53:30,654 [Thread-303] INFO  impl.RoleInfo (RoleInfo.java:shutdownFollowerState(121)) - 7741e6cf-6131-4fc6-8612-36509ed6293c: shutdown FollowerState
2019-09-12 11:53:30,654 [Thread-303] INFO  impl.RaftServerImpl (RaftServerImpl.java:setRole(171)) - 7741e6cf-6131-4fc6-8612-36509ed6293c:group-7F68497C1D87 changes role from FOLLOWER to CANDIDATE at term 0 for changeToCandidate
2019-09-12 11:53:30,654 [Thread-303] INFO  impl.RoleInfo (RoleInfo.java:updateAndGet(143)) - 7741e6cf-6131-4fc6-8612-36509ed6293c: start LeaderElection
2019-09-12 11:53:30,658 [7741e6cf-6131-4fc6-8612-36509ed6293c:group-6756D3DDB241:LeaderElection28] INFO  impl.LeaderElection (LeaderElection.java:askForVotes(181)) - 7741e6cf-6131-4fc6-8612-36509ed6293c:group-6756D3DDB241:LeaderElection28: begin an election at term 1 for -1: [7741e6cf-6131-4fc6-8612-36509ed6293c:192.168.157.195:34114], old=null
2019-09-12 11:53:30,658 [7741e6cf-6131-4fc6-8612-36509ed6293c:group-6756D3DDB241:LeaderElection28] INFO  impl.RoleInfo (RoleInfo.java:shutdownLeaderElection(134)) - 7741e6cf-6131-4fc6-8612-36509ed6293c: shutdown LeaderElection
2019-09-12 11:53:30,658 [7741e6cf-6131-4fc6-8612-36509ed6293c:group-6756D3DDB241:LeaderElection28] INFO  impl.RaftServerImpl (RaftServerImpl.java:setRole(171)) - 7741e6cf-6131-4fc6-8612-36509ed6293c:group-6756D3DDB241 changes role from CANDIDATE to LEADER at term 1 for changeToLeader
2019-09-12 11:53:30,658 [7741e6cf-6131-4fc6-8612-36509ed6293c:group-6756D3DDB241:LeaderElection28] INFO  impl.RaftServerImpl (ServerState.java:setLeader(263)) - 7741e6cf-6131-4fc6-8612-36509ed6293c:group-6756D3DDB241 change Leader from null to 7741e6cf-6131-4fc6-8612-36509ed6293c at term 1 for becomeLeader, leader elected after 5134ms
2019-09-12 11:53:30,658 [7741e6cf-6131-4fc6-8612-36509ed6293c:group-6756D3DDB241:LeaderElection28] INFO  server.RaftServerConfigKeys (ConfUtils.java:logGet(43)) - raft.server.staging.catchup.gap = 1000 (default)
2019-09-12 11:53:30,658 [7741e6cf-6131-4fc6-8612-36509ed6293c:group-6756D3DDB241:LeaderElection28] INFO  server.RaftServerConfigKeys (ConfUtils.java:logGet(43)) - raft.server.rpc.sleep.time = 25ms (default)
2019-09-12 11:53:30,659 [7741e6cf-6131-4fc6-8612-36509ed6293c:group-6756D3DDB241:LeaderElection28] INFO  server.RaftServerConfigKeys (ConfUtils.java:logGet(43)) - raft.server.write.element-limit = 4096 (default)
2019-09-12 11:53:30,659 [7741e6cf-6131-4fc6-8612-36509ed6293c:group-6756D3DDB241:LeaderElection28] INFO  server.RaftServerConfigKeys (ConfUtils.java:logGet(43)) - raft.server.watch.timeout = 10s (default)
2019-09-12 11:53:30,659 [7741e6cf-6131-4fc6-8612-36509ed6293c:group-6756D3DDB241:LeaderElection28] INFO  server.RaftServerConfigKeys (ConfUtils.java:logGet(43)) - raft.server.watch.timeout.denomination = 1s (default)
2019-09-12 11:53:30,659 [7741e6cf-6131-4fc6-8612-36509ed6293c:group-6756D3DDB241:LeaderElection28] INFO  server.RaftServerConfigKeys (ConfUtils.java:logGet(43)) - raft.server.watch.element-limit = 65536 (default)
2019-09-12 11:53:30,659 [7741e6cf-6131-4fc6-8612-36509ed6293c:group-6756D3DDB241:LeaderElection28] INFO  impl.RoleInfo (RoleInfo.java:updateAndGet(143)) - 7741e6cf-6131-4fc6-8612-36509ed6293c: start LeaderState
2019-09-12 11:53:30,660 [7741e6cf-6131-4fc6-8612-36509ed6293c:group-6756D3DDB241:LeaderElection28] INFO  segmented.SegmentedRaftLogWorker (SegmentedRaftLogWorker.java:startLogSegment(380)) - 7741e6cf-6131-4fc6-8612-36509ed6293c-SegmentedRaftLogWorker:Storage Directory /workdir/hadoop-ozone/tools/target/test-dir/MiniOzoneClusterImpl-2c48e7f1-ac08-442f-970e-1944cf2eec25/datanode-4/data/ratis/e10b0f13-0c6a-4a6b-bb0e-6756d3ddb241: Starting segment from index:0
2019-09-12 11:53:30,660 [7741e6cf-6131-4fc6-8612-36509ed6293c:group-7F68497C1D87:LeaderElection29] INFO  impl.LeaderElection (LeaderElection.java:askForVotes(181)) - 7741e6cf-6131-4fc6-8612-36509ed6293c:group-7F68497C1D87:LeaderElection29: begin an election at term 1 for -1: [7741e6cf-6131-4fc6-8612-36509ed6293c:192.168.157.195:34114], old=null
2019-09-12 11:53:30,660 [7741e6cf-6131-4fc6-8612-36509ed6293c:group-7F68497C1D87:LeaderElection29] INFO  impl.RoleInfo (RoleInfo.java:shutdownLeaderElection(134)) - 7741e6cf-6131-4fc6-8612-36509ed6293c: shutdown LeaderElection
2019-09-12 11:53:30,660 [7741e6cf-6131-4fc6-8612-36509ed6293c:group-7F68497C1D87:LeaderElection29] INFO  impl.RaftServerImpl (RaftServerImpl.java:setRole(171)) - 7741e6cf-6131-4fc6-8612-36509ed6293c:group-7F68497C1D87 changes role from CANDIDATE to LEADER at term 1 for changeToLeader
2019-09-12 11:53:30,660 [7741e6cf-6131-4fc6-8612-36509ed6293c:group-7F68497C1D87:LeaderElection29] INFO  impl.RaftServerImpl (ServerState.java:setLeader(263)) - 7741e6cf-6131-4fc6-8612-36509ed6293c:group-7F68497C1D87 change Leader from null to 7741e6cf-6131-4fc6-8612-36509ed6293c at term 1 for becomeLeader, leader elected after 5086ms
2019-09-12 11:53:30,660 [7741e6cf-6131-4fc6-8612-36509ed6293c:group-7F68497C1D87:LeaderElection29] INFO  server.RaftServerConfigKeys (ConfUtils.java:logGet(43)) - raft.server.staging.catchup.gap = 1000 (default)
2019-09-12 11:53:30,660 [7741e6cf-6131-4fc6-8612-36509ed6293c:group-7F68497C1D87:LeaderElection29] INFO  server.RaftServerConfigKeys (ConfUtils.java:logGet(43)) - raft.server.rpc.sleep.time = 25ms (default)
2019-09-12 11:53:30,660 [7741e6cf-6131-4fc6-8612-36509ed6293c:group-6756D3DDB241:LeaderElection28] INFO  impl.RaftServerImpl (ServerState.java:setRaftConf(361)) - 7741e6cf-6131-4fc6-8612-36509ed6293c:group-6756D3DDB241 set configuration 0: [7741e6cf-6131-4fc6-8612-36509ed6293c:192.168.157.195:34114], old=null at 0
2019-09-12 11:53:30,661 [7741e6cf-6131-4fc6-8612-36509ed6293c:group-7F68497C1D87:LeaderElection29] INFO  server.RaftServerConfigKeys (ConfUtils.java:logGet(43)) - raft.server.write.element-limit = 4096 (default)
2019-09-12 11:53:30,694 [7741e6cf-6131-4fc6-8612-36509ed6293c:group-7F68497C1D87:LeaderElection29] INFO  server.RaftServerConfigKeys (ConfUtils.java:logGet(43)) - raft.server.watch.timeout = 10s (default)
2019-09-12 11:53:30,694 [7741e6cf-6131-4fc6-8612-36509ed6293c:group-7F68497C1D87:LeaderElection29] INFO  server.RaftServerConfigKeys (ConfUtils.java:logGet(43)) - raft.server.watch.timeout.denomination = 1s (default)
2019-09-12 11:53:30,694 [Thread-297] INFO  impl.FollowerState (FollowerState.java:run(106)) - 7741e6cf-6131-4fc6-8612-36509ed6293c:group-E7A9E55B2C86 changes to CANDIDATE, lastRpcTime:5211, electionTimeout:5180ms
2019-09-12 11:53:30,694 [7741e6cf-6131-4fc6-8612-36509ed6293c:group-7F68497C1D87:LeaderElection29] INFO  server.RaftServerConfigKeys (ConfUtils.java:logGet(43)) - raft.server.watch.element-limit = 65536 (default)
2019-09-12 11:53:30,694 [Thread-297] INFO  impl.RoleInfo (RoleInfo.java:shutdownFollowerState(121)) - 7741e6cf-6131-4fc6-8612-36509ed6293c: shutdown FollowerState
2019-09-12 11:53:30,695 [7741e6cf-6131-4fc6-8612-36509ed6293c:group-7F68497C1D87:LeaderElection29] INFO  impl.RoleInfo (RoleInfo.java:updateAndGet(143)) - 7741e6cf-6131-4fc6-8612-36509ed6293c: start LeaderState
2019-09-12 11:53:30,695 [Thread-297] INFO  impl.RaftServerImpl (RaftServerImpl.java:setRole(171)) - 7741e6cf-6131-4fc6-8612-36509ed6293c:group-E7A9E55B2C86 changes role from FOLLOWER to CANDIDATE at term 0 for changeToCandidate
2019-09-12 11:53:30,695 [7741e6cf-6131-4fc6-8612-36509ed6293c:group-7F68497C1D87:LeaderElection29] INFO  segmented.SegmentedRaftLogWorker (SegmentedRaftLogWorker.java:startLogSegment(380)) - 7741e6cf-6131-4fc6-8612-36509ed6293c-SegmentedRaftLogWorker:Storage Directory /workdir/hadoop-ozone/tools/target/test-dir/MiniOzoneClusterImpl-2c48e7f1-ac08-442f-970e-1944cf2eec25/datanode-4/data/ratis/4be2a4c5-fd3d-4828-b5b8-7f68497c1d87: Starting segment from index:0
2019-09-12 11:53:30,695 [Thread-297] INFO  impl.RoleInfo (RoleInfo.java:updateAndGet(143)) - 7741e6cf-6131-4fc6-8612-36509ed6293c: start LeaderElection
2019-09-12 11:53:30,695 [7741e6cf-6131-4fc6-8612-36509ed6293c:group-7F68497C1D87:LeaderElection29] INFO  impl.RaftServerImpl (ServerState.java:setRaftConf(361)) - 7741e6cf-6131-4fc6-8612-36509ed6293c:group-7F68497C1D87 set configuration 0: [7741e6cf-6131-4fc6-8612-36509ed6293c:192.168.157.195:34114], old=null at 0
2019-09-12 11:53:30,733 [7741e6cf-6131-4fc6-8612-36509ed6293c-SegmentedRaftLogWorker:Storage Directory /workdir/hadoop-ozone/tools/target/test-dir/MiniOzoneClusterImpl-2c48e7f1-ac08-442f-970e-1944cf2eec25/datanode-4/data/ratis/e10b0f13-0c6a-4a6b-bb0e-6756d3ddb241] INFO  segmented.SegmentedRaftLogWorker (SegmentedRaftLogWorker.java:execute(569)) - 7741e6cf-6131-4fc6-8612-36509ed6293c-SegmentedRaftLogWorker:Storage Directory /workdir/hadoop-ozone/tools/target/test-dir/MiniOzoneClusterImpl-2c48e7f1-ac08-442f-970e-1944cf2eec25/datanode-4/data/ratis/e10b0f13-0c6a-4a6b-bb0e-6756d3ddb241: created new log segment /workdir/hadoop-ozone/tools/target/test-dir/MiniOzoneClusterImpl-2c48e7f1-ac08-442f-970e-1944cf2eec25/datanode-4/data/ratis/e10b0f13-0c6a-4a6b-bb0e-6756d3ddb241/current/log_inprogress_0
2019-09-12 11:53:30,746 [7741e6cf-6131-4fc6-8612-36509ed6293c-SegmentedRaftLogWorker:Storage Directory /workdir/hadoop-ozone/tools/target/test-dir/MiniOzoneClusterImpl-2c48e7f1-ac08-442f-970e-1944cf2eec25/datanode-4/data/ratis/4be2a4c5-fd3d-4828-b5b8-7f68497c1d87] INFO  segmented.SegmentedRaftLogWorker (SegmentedRaftLogWorker.java:execute(569)) - 7741e6cf-6131-4fc6-8612-36509ed6293c-SegmentedRaftLogWorker:Storage Directory /workdir/hadoop-ozone/tools/target/test-dir/MiniOzoneClusterImpl-2c48e7f1-ac08-442f-970e-1944cf2eec25/datanode-4/data/ratis/4be2a4c5-fd3d-4828-b5b8-7f68497c1d87: created new log segment /workdir/hadoop-ozone/tools/target/test-dir/MiniOzoneClusterImpl-2c48e7f1-ac08-442f-970e-1944cf2eec25/datanode-4/data/ratis/4be2a4c5-fd3d-4828-b5b8-7f68497c1d87/current/log_inprogress_0
2019-09-12 11:53:30,746 [7741e6cf-6131-4fc6-8612-36509ed6293c:group-E7A9E55B2C86:LeaderElection30] INFO  impl.LeaderElection (LeaderElection.java:askForVotes(181)) - 7741e6cf-6131-4fc6-8612-36509ed6293c:group-E7A9E55B2C86:LeaderElection30: begin an election at term 1 for -1: [7741e6cf-6131-4fc6-8612-36509ed6293c:192.168.157.195:34114], old=null
2019-09-12 11:53:30,746 [7741e6cf-6131-4fc6-8612-36509ed6293c:group-E7A9E55B2C86:LeaderElection30] INFO  impl.RoleInfo (RoleInfo.java:shutdownLeaderElection(134)) - 7741e6cf-6131-4fc6-8612-36509ed6293c: shutdown LeaderElection
2019-09-12 11:53:30,746 [7741e6cf-6131-4fc6-8612-36509ed6293c:group-E7A9E55B2C86:LeaderElection30] INFO  impl.RaftServerImpl (RaftServerImpl.java:setRole(171)) - 7741e6cf-6131-4fc6-8612-36509ed6293c:group-E7A9E55B2C86 changes role from CANDIDATE to LEADER at term 1 for changeToLeader
2019-09-12 11:53:30,747 [7741e6cf-6131-4fc6-8612-36509ed6293c:group-E7A9E55B2C86:LeaderElection30] INFO  impl.RaftServerImpl (ServerState.java:setLeader(263)) - 7741e6cf-6131-4fc6-8612-36509ed6293c:group-E7A9E55B2C86 change Leader from null to 7741e6cf-6131-4fc6-8612-36509ed6293c at term 1 for becomeLeader, leader elected after 5268ms
2019-09-12 11:53:30,747 [7741e6cf-6131-4fc6-8612-36509ed6293c:group-E7A9E55B2C86:LeaderElection30] INFO  server.RaftServerConfigKeys (ConfUtils.java:logGet(43)) - raft.server.staging.catchup.gap = 1000 (default)
2019-09-12 11:53:30,747 [7741e6cf-6131-4fc6-8612-36509ed6293c:group-E7A9E55B2C86:LeaderElection30] INFO  server.RaftServerConfigKeys (ConfUtils.java:logGet(43)) - raft.server.rpc.sleep.time = 25ms (default)
2019-09-12 11:53:30,747 [7741e6cf-6131-4fc6-8612-36509ed6293c:group-E7A9E55B2C86:LeaderElection30] INFO  server.RaftServerConfigKeys (ConfUtils.java:logGet(43)) - raft.server.write.element-limit = 4096 (default)
2019-09-12 11:53:30,747 [7741e6cf-6131-4fc6-8612-36509ed6293c:group-E7A9E55B2C86:LeaderElection30] INFO  server.RaftServerConfigKeys (ConfUtils.java:logGet(43)) - raft.server.watch.timeout = 10s (default)
2019-09-12 11:53:30,747 [7741e6cf-6131-4fc6-8612-36509ed6293c:group-E7A9E55B2C86:LeaderElection30] INFO  server.RaftServerConfigKeys (ConfUtils.java:logGet(43)) - raft.server.watch.timeout.denomination = 1s (default)
2019-09-12 11:53:30,747 [7741e6cf-6131-4fc6-8612-36509ed6293c:group-E7A9E55B2C86:LeaderElection30] INFO  server.RaftServerConfigKeys (ConfUtils.java:logGet(43)) - raft.server.watch.element-limit = 65536 (default)
2019-09-12 11:53:30,748 [7741e6cf-6131-4fc6-8612-36509ed6293c:group-E7A9E55B2C86:LeaderElection30] INFO  impl.RoleInfo (RoleInfo.java:updateAndGet(143)) - 7741e6cf-6131-4fc6-8612-36509ed6293c: start LeaderState
2019-09-12 11:53:30,748 [7741e6cf-6131-4fc6-8612-36509ed6293c:group-E7A9E55B2C86:LeaderElection30] INFO  segmented.SegmentedRaftLogWorker (SegmentedRaftLogWorker.java:startLogSegment(380)) - 7741e6cf-6131-4fc6-8612-36509ed6293c-SegmentedRaftLogWorker:Storage Directory /workdir/hadoop-ozone/tools/target/test-dir/MiniOzoneClusterImpl-2c48e7f1-ac08-442f-970e-1944cf2eec25/datanode-4/data/ratis/f94bf964-cf6d-4df4-b60a-e7a9e55b2c86: Starting segment from index:0
2019-09-12 11:53:30,749 [7741e6cf-6131-4fc6-8612-36509ed6293c:group-E7A9E55B2C86:LeaderElection30] INFO  impl.RaftServerImpl (ServerState.java:setRaftConf(361)) - 7741e6cf-6131-4fc6-8612-36509ed6293c:group-E7A9E55B2C86 set configuration 0: [7741e6cf-6131-4fc6-8612-36509ed6293c:192.168.157.195:34114], old=null at 0
2019-09-12 11:53:30,795 [7741e6cf-6131-4fc6-8612-36509ed6293c-SegmentedRaftLogWorker:Storage Directory /workdir/hadoop-ozone/tools/target/test-dir/MiniOzoneClusterImpl-2c48e7f1-ac08-442f-970e-1944cf2eec25/datanode-4/data/ratis/f94bf964-cf6d-4df4-b60a-e7a9e55b2c86] INFO  segmented.SegmentedRaftLogWorker (SegmentedRaftLogWorker.java:execute(569)) - 7741e6cf-6131-4fc6-8612-36509ed6293c-SegmentedRaftLogWorker:Storage Directory /workdir/hadoop-ozone/tools/target/test-dir/MiniOzoneClusterImpl-2c48e7f1-ac08-442f-970e-1944cf2eec25/datanode-4/data/ratis/f94bf964-cf6d-4df4-b60a-e7a9e55b2c86: created new log segment /workdir/hadoop-ozone/tools/target/test-dir/MiniOzoneClusterImpl-2c48e7f1-ac08-442f-970e-1944cf2eec25/datanode-4/data/ratis/f94bf964-cf6d-4df4-b60a-e7a9e55b2c86/current/log_inprogress_0
2019-09-12 11:53:30,827 | INFO  | SCMAudit | user=jenkins1000 | ip=192.168.157.195 | op=SEND_HEARTBEAT {datanodeUUID=e686195f-5212-4098-b2ad-e713a3c4587f, command=[]} | ret=SUCCESS |  
2019-09-12 11:53:31,086 | INFO  | SCMAudit | user=jenkins1000 | ip=192.168.157.195 | op=SEND_HEARTBEAT {datanodeUUID=483993a0-3055-479d-b58b-b02682c97e4b, command=[]} | ret=SUCCESS |  
2019-09-12 11:53:31,442 | INFO  | SCMAudit | user=jenkins1000 | ip=192.168.157.195 | op=SEND_HEARTBEAT {datanodeUUID=028783e7-22fc-47b5-934a-5e8bf88f7fe6, command=[]} | ret=SUCCESS |  
2019-09-12 11:53:31,579 | INFO  | SCMAudit | user=jenkins1000 | ip=192.168.157.195 | op=SEND_HEARTBEAT {datanodeUUID=61a9fc65-5e41-4283-98a8-259f9227054d, command=[]} | ret=SUCCESS |  
2019-09-12 11:53:31,595 | INFO  | SCMAudit | user=jenkins1000 | ip=192.168.157.195 | op=SEND_HEARTBEAT {datanodeUUID=7741e6cf-6131-4fc6-8612-36509ed6293c, command=[]} | ret=SUCCESS |  
2019-09-12 11:53:31,827 | INFO  | SCMAudit | user=jenkins1000 | ip=192.168.157.195 | op=SEND_HEARTBEAT {datanodeUUID=e686195f-5212-4098-b2ad-e713a3c4587f, command=[]} | ret=SUCCESS |  
2019-09-12 11:53:32,086 | INFO  | SCMAudit | user=jenkins1000 | ip=192.168.157.195 | op=SEND_HEARTBEAT {datanodeUUID=483993a0-3055-479d-b58b-b02682c97e4b, command=[]} | ret=SUCCESS |  
2019-09-12 11:53:32,443 | INFO  | SCMAudit | user=jenkins1000 | ip=192.168.157.195 | op=SEND_HEARTBEAT {datanodeUUID=028783e7-22fc-47b5-934a-5e8bf88f7fe6, command=[]} | ret=SUCCESS |  
2019-09-12 11:53:32,579 | INFO  | SCMAudit | user=jenkins1000 | ip=192.168.157.195 | op=SEND_HEARTBEAT {datanodeUUID=61a9fc65-5e41-4283-98a8-259f9227054d, command=[]} | ret=SUCCESS |  
2019-09-12 11:53:32,597 | INFO  | SCMAudit | user=jenkins1000 | ip=192.168.157.195 | op=SEND_HEARTBEAT {datanodeUUID=7741e6cf-6131-4fc6-8612-36509ed6293c, command=[]} | ret=SUCCESS |  
2019-09-12 11:53:32,827 | INFO  | SCMAudit | user=jenkins1000 | ip=192.168.157.195 | op=SEND_HEARTBEAT {datanodeUUID=e686195f-5212-4098-b2ad-e713a3c4587f, command=[]} | ret=SUCCESS |  
2019-09-12 11:53:33,087 | INFO  | SCMAudit | user=jenkins1000 | ip=192.168.157.195 | op=SEND_HEARTBEAT {datanodeUUID=483993a0-3055-479d-b58b-b02682c97e4b, command=[]} | ret=SUCCESS |  
2019-09-12 11:53:33,444 | INFO  | SCMAudit | user=jenkins1000 | ip=192.168.157.195 | op=SEND_HEARTBEAT {datanodeUUID=028783e7-22fc-47b5-934a-5e8bf88f7fe6, command=[]} | ret=SUCCESS |  
2019-09-12 11:53:33,579 | INFO  | SCMAudit | user=jenkins1000 | ip=192.168.157.195 | op=SEND_HEARTBEAT {datanodeUUID=61a9fc65-5e41-4283-98a8-259f9227054d, command=[]} | ret=SUCCESS |  
2019-09-12 11:53:33,597 | INFO  | SCMAudit | user=jenkins1000 | ip=192.168.157.195 | op=SEND_HEARTBEAT {datanodeUUID=7741e6cf-6131-4fc6-8612-36509ed6293c, command=[]} | ret=SUCCESS |  
2019-09-12 11:53:33,827 | INFO  | SCMAudit | user=jenkins1000 | ip=192.168.157.195 | op=SEND_HEARTBEAT {datanodeUUID=e686195f-5212-4098-b2ad-e713a3c4587f, command=[]} | ret=SUCCESS |  
2019-09-12 11:53:34,086 | INFO  | SCMAudit | user=jenkins1000 | ip=192.168.157.195 | op=SEND_HEARTBEAT {datanodeUUID=483993a0-3055-479d-b58b-b02682c97e4b, command=[]} | ret=SUCCESS |  
2019-09-12 11:53:34,444 | INFO  | SCMAudit | user=jenkins1000 | ip=192.168.157.195 | op=SEND_HEARTBEAT {datanodeUUID=028783e7-22fc-47b5-934a-5e8bf88f7fe6, command=[]} | ret=SUCCESS |  
2019-09-12 11:53:34,580 | INFO  | SCMAudit | user=jenkins1000 | ip=192.168.157.195 | op=SEND_HEARTBEAT {datanodeUUID=61a9fc65-5e41-4283-98a8-259f9227054d, command=[]} | ret=SUCCESS |  
2019-09-12 11:53:34,597 | INFO  | SCMAudit | user=jenkins1000 | ip=192.168.157.195 | op=SEND_HEARTBEAT {datanodeUUID=7741e6cf-6131-4fc6-8612-36509ed6293c, command=[]} | ret=SUCCESS |  
2019-09-12 11:53:34,827 | INFO  | SCMAudit | user=jenkins1000 | ip=192.168.157.195 | op=SEND_HEARTBEAT {datanodeUUID=e686195f-5212-4098-b2ad-e713a3c4587f, command=[]} | ret=SUCCESS |  
2019-09-12 11:53:35,086 | INFO  | SCMAudit | user=jenkins1000 | ip=192.168.157.195 | op=SEND_HEARTBEAT {datanodeUUID=483993a0-3055-479d-b58b-b02682c97e4b, command=[]} | ret=SUCCESS |  
]]></system-out>
    <system-err><![CDATA[Sep 12, 2019 11:53:17 AM com.sun.jersey.server.impl.application.WebApplicationImpl _initiate
INFO: Initiating Jersey application, version 'Jersey: 1.19 02/11/2015 03:25 AM'
Sep 12, 2019 11:53:18 AM com.sun.jersey.server.impl.application.WebApplicationImpl _initiate
INFO: Initiating Jersey application, version 'Jersey: 1.19 02/11/2015 03:25 AM'
Sep 12, 2019 11:53:18 AM com.sun.jersey.server.impl.application.WebApplicationImpl _initiate
INFO: Initiating Jersey application, version 'Jersey: 1.19 02/11/2015 03:25 AM'
Sep 12, 2019 11:53:19 AM com.sun.jersey.server.impl.application.WebApplicationImpl _initiate
INFO: Initiating Jersey application, version 'Jersey: 1.19 02/11/2015 03:25 AM'
Sep 12, 2019 11:53:19 AM com.sun.jersey.server.impl.application.WebApplicationImpl _initiate
INFO: Initiating Jersey application, version 'Jersey: 1.19 02/11/2015 03:25 AM'
]]></system-err>
  </testcase>
  <testcase name="standaloneTestLargeKey" classname="org.apache.hadoop.ozone.freon.TestDataValidateWithSafeByteOperations" time="10.12">
    <error message="Allocated 0 blocks. Requested 5 blocks" type="INTERNAL_ERROR org.apache.hadoop.ozone.om.exceptions.OMException">INTERNAL_ERROR org.apache.hadoop.ozone.om.exceptions.OMException: Allocated 0 blocks. Requested 5 blocks
	at org.apache.hadoop.ozone.om.protocolPB.OzoneManagerProtocolClientSideTranslatorPB.handleError(OzoneManagerProtocolClientSideTranslatorPB.java:725)
	at org.apache.hadoop.ozone.om.protocolPB.OzoneManagerProtocolClientSideTranslatorPB.openKey(OzoneManagerProtocolClientSideTranslatorPB.java:716)
	at org.apache.hadoop.ozone.client.rpc.RpcClient.createKey(RpcClient.java:615)
	at org.apache.hadoop.ozone.client.OzoneBucket.createKey(OzoneBucket.java:323)
	at org.apache.hadoop.ozone.freon.RandomKeyGenerator.createKey(RandomKeyGenerator.java:686)
	at org.apache.hadoop.ozone.freon.RandomKeyGenerator.access$1100(RandomKeyGenerator.java:87)
	at org.apache.hadoop.ozone.freon.RandomKeyGenerator$ObjectCreator.run(RandomKeyGenerator.java:606)
	at java.util.concurrent.Executors$RunnableAdapter.call(Executors.java:511)
	at java.util.concurrent.FutureTask.run(FutureTask.java:266)
	at java.util.concurrent.ThreadPoolExecutor.runWorker(ThreadPoolExecutor.java:1149)
	at java.util.concurrent.ThreadPoolExecutor$Worker.run(ThreadPoolExecutor.java:624)
	at java.lang.Thread.run(Thread.java:748)
</error>
    <system-out><![CDATA[2019-09-12 11:53:35,285 [main] INFO  freon.RandomKeyGenerator (RandomKeyGenerator.java:call(275)) - Number of Threads: 10
2019-09-12 11:53:35,285 [main] INFO  freon.RandomKeyGenerator (RandomKeyGenerator.java:call(280)) - Number of Volumes: 1.
2019-09-12 11:53:35,285 [main] INFO  freon.RandomKeyGenerator (RandomKeyGenerator.java:call(281)) - Number of Buckets per Volume: 1.
2019-09-12 11:53:35,285 [main] INFO  freon.RandomKeyGenerator (RandomKeyGenerator.java:call(282)) - Number of Keys per Bucket: 1.
2019-09-12 11:53:35,285 [main] INFO  freon.RandomKeyGenerator (RandomKeyGenerator.java:call(283)) - Key size: 20971520 bytes
2019-09-12 11:53:35,285 [main] INFO  freon.RandomKeyGenerator (RandomKeyGenerator.java:call(284)) - Buffer size: 4096 bytes
2019-09-12 11:53:35,287 [pool-79-thread-1] INFO  rpc.RpcClient (RpcClient.java:createVolume(293)) - Creating Volume: vol-0-18698, with jenkins1000 as owner.
2019-09-12 11:53:35,288 [main] INFO  freon.RandomKeyGenerator (RandomKeyGenerator.java:call(298)) - Data validation is enabled.
2019-09-12 11:53:35,290 [main] INFO  freon.RandomKeyGenerator (RandomKeyGenerator.java:call(304)) - Starting progress bar Thread.

 0.00% |█                                                                                                    |  0/1 Time: 0:00:002019-09-12 11:53:35,292 | INFO  | OMAudit | user=jenkins1000 | ip=127.0.0.1 | op=CREATE_VOLUME {admin=jenkins1000, owner=jenkins1000, volume=vol-0-18698, creationTime=1568289215292, quotaInBytes=1152921504606846976} | ret=SUCCESS |  
2019-09-12 11:53:35,295 | INFO  | OMAudit | user=jenkins1000 | ip=127.0.0.1 | op=READ_VOLUME {volume=vol-0-18698} | ret=SUCCESS |  
2019-09-12 11:53:35,308 [pool-79-thread-2] INFO  rpc.RpcClient (RpcClient.java:createBucket(432)) - Creating Bucket: vol-0-18698/bucket-0-93033, with Versioning false and Storage Type set to DISK and Encryption set to false 
2019-09-12 11:53:35,310 | INFO  | OMAudit | user=jenkins1000 | ip=127.0.0.1 | op=CREATE_BUCKET {volume=vol-0-18698, bucket=bucket-0-93033, acls=[user:jenkins1000:a[ACCESS], group:default:a[ACCESS]], isVersionEnabled=false, storageType=DISK, creationTime=0} | ret=SUCCESS |  
2019-09-12 11:53:35,312 | INFO  | OMAudit | user=jenkins1000 | ip=127.0.0.1 | op=READ_BUCKET {volume=vol-0-18698, bucket=bucket-0-93033} | ret=SUCCESS |  
2019-09-12 11:53:35,323 [IPC Server handler 0 on 37459] ERROR pipeline.PipelinePlacementPolicy (PipelinePlacementPolicy.java:meetCriteria(91)) - Pipeline Placement: Doesn't meet the criteria to be viable node. Heaviness: 6
2019-09-12 11:53:35,324 [IPC Server handler 0 on 37459] ERROR pipeline.PipelinePlacementPolicy (PipelinePlacementPolicy.java:meetCriteria(91)) - Pipeline Placement: Doesn't meet the criteria to be viable node. Heaviness: 6
2019-09-12 11:53:35,324 [IPC Server handler 0 on 37459] ERROR pipeline.PipelinePlacementPolicy (PipelinePlacementPolicy.java:meetCriteria(91)) - Pipeline Placement: Doesn't meet the criteria to be viable node. Heaviness: 6
2019-09-12 11:53:35,324 [IPC Server handler 0 on 37459] ERROR pipeline.PipelinePlacementPolicy (PipelinePlacementPolicy.java:meetCriteria(91)) - Pipeline Placement: Doesn't meet the criteria to be viable node. Heaviness: 6
2019-09-12 11:53:35,324 [IPC Server handler 0 on 37459] ERROR pipeline.PipelinePlacementPolicy (PipelinePlacementPolicy.java:meetCriteria(91)) - Pipeline Placement: Doesn't meet the criteria to be viable node. Heaviness: 6
2019-09-12 11:53:35,325 [IPC Server handler 0 on 37459] ERROR pipeline.PipelinePlacementPolicy (PipelinePlacementPolicy.java:filterViableNodes(146)) - Unable to find enough nodes that meet the criteria that cannot engage in more than 5 pipelines. Nodes required: 3 Found: 0, healthy nodes count inNodeManager: 5.
2019-09-12 11:53:35,325 [IPC Server handler 0 on 37459] ERROR pipeline.SCMPipelineManager (SCMPipelineManager.java:createPipeline(161)) - Pipeline creation failed due to exception: Unable to find enough nodes that meet the criteria that cannot engage in more than 5 pipelines. Nodes required: 3 Found: 0, healthy nodes count inNodeManager: 5.
2019-09-12 11:53:35,325 [IPC Server handler 0 on 37459] WARN  block.BlockManagerImpl (BlockManagerImpl.java:allocateBlock(192)) - Pipeline creation failed for type:RATIS factor:THREE. Retrying get pipelines call once.
org.apache.hadoop.hdds.scm.exceptions.SCMException: Unable to find enough nodes that meet the criteria that cannot engage in more than 5 pipelines. Nodes required: 3 Found: 0, healthy nodes count inNodeManager: 5.
	at org.apache.hadoop.hdds.scm.pipeline.PipelinePlacementPolicy.filterViableNodes(PipelinePlacementPolicy.java:147)
	at org.apache.hadoop.hdds.scm.pipeline.PipelinePlacementPolicy.chooseDatanodes(PipelinePlacementPolicy.java:170)
	at org.apache.hadoop.hdds.scm.pipeline.RatisPipelineProvider.create(RatisPipelineProvider.java:92)
	at org.apache.hadoop.hdds.scm.pipeline.PipelineFactory.create(PipelineFactory.java:57)
	at org.apache.hadoop.hdds.scm.pipeline.SCMPipelineManager.createPipeline(SCMPipelineManager.java:149)
	at org.apache.hadoop.hdds.scm.block.BlockManagerImpl.allocateBlock(BlockManagerImpl.java:190)
	at org.apache.hadoop.hdds.scm.server.SCMBlockProtocolServer.allocateBlock(SCMBlockProtocolServer.java:175)
	at org.apache.hadoop.ozone.protocolPB.ScmBlockLocationProtocolServerSideTranslatorPB.allocateScmBlock(ScmBlockLocationProtocolServerSideTranslatorPB.java:153)
	at org.apache.hadoop.ozone.protocolPB.ScmBlockLocationProtocolServerSideTranslatorPB.send(ScmBlockLocationProtocolServerSideTranslatorPB.java:112)
	at org.apache.hadoop.hdds.protocol.proto.ScmBlockLocationProtocolProtos$ScmBlockLocationProtocolService$2.callBlockingMethod(ScmBlockLocationProtocolProtos.java:13157)
	at org.apache.hadoop.ipc.ProtobufRpcEngine$Server$ProtoBufRpcInvoker.call(ProtobufRpcEngine.java:524)
	at org.apache.hadoop.ipc.RPC$Server.call(RPC.java:1025)
	at org.apache.hadoop.ipc.Server$RpcCall.run(Server.java:876)
	at org.apache.hadoop.ipc.Server$RpcCall.run(Server.java:822)
	at java.security.AccessController.doPrivileged(Native Method)
	at javax.security.auth.Subject.doAs(Subject.java:422)
	at org.apache.hadoop.security.UserGroupInformation.doAs(UserGroupInformation.java:1730)
	at org.apache.hadoop.ipc.Server$Handler.run(Server.java:2682)
2019-09-12 11:53:35,326 [IPC Server handler 0 on 37459] INFO  block.BlockManagerImpl (BlockManagerImpl.java:allocateBlock(198)) - Could not find available pipeline of type:RATIS and factor:THREE even after retrying
2019-09-12 11:53:35,326 [IPC Server handler 0 on 37459] ERROR block.BlockManagerImpl (BlockManagerImpl.java:allocateBlock(222)) - Unable to allocate a block for the size: 4194304, type: RATIS, factor: THREE
2019-09-12 11:53:35,326 [IPC Server handler 0 on 37459] ERROR pipeline.PipelinePlacementPolicy (PipelinePlacementPolicy.java:meetCriteria(91)) - Pipeline Placement: Doesn't meet the criteria to be viable node. Heaviness: 6
2019-09-12 11:53:35,327 [IPC Server handler 0 on 37459] ERROR pipeline.PipelinePlacementPolicy (PipelinePlacementPolicy.java:meetCriteria(91)) - Pipeline Placement: Doesn't meet the criteria to be viable node. Heaviness: 6
2019-09-12 11:53:35,327 [IPC Server handler 0 on 37459] ERROR pipeline.PipelinePlacementPolicy (PipelinePlacementPolicy.java:meetCriteria(91)) - Pipeline Placement: Doesn't meet the criteria to be viable node. Heaviness: 6
2019-09-12 11:53:35,327 [IPC Server handler 0 on 37459] ERROR pipeline.PipelinePlacementPolicy (PipelinePlacementPolicy.java:meetCriteria(91)) - Pipeline Placement: Doesn't meet the criteria to be viable node. Heaviness: 6
2019-09-12 11:53:35,327 [IPC Server handler 0 on 37459] ERROR pipeline.PipelinePlacementPolicy (PipelinePlacementPolicy.java:meetCriteria(91)) - Pipeline Placement: Doesn't meet the criteria to be viable node. Heaviness: 6
2019-09-12 11:53:35,328 [IPC Server handler 0 on 37459] ERROR pipeline.PipelinePlacementPolicy (PipelinePlacementPolicy.java:filterViableNodes(146)) - Unable to find enough nodes that meet the criteria that cannot engage in more than 5 pipelines. Nodes required: 3 Found: 0, healthy nodes count inNodeManager: 5.
2019-09-12 11:53:35,328 [IPC Server handler 0 on 37459] ERROR pipeline.SCMPipelineManager (SCMPipelineManager.java:createPipeline(161)) - Pipeline creation failed due to exception: Unable to find enough nodes that meet the criteria that cannot engage in more than 5 pipelines. Nodes required: 3 Found: 0, healthy nodes count inNodeManager: 5.
2019-09-12 11:53:35,328 [IPC Server handler 0 on 37459] WARN  block.BlockManagerImpl (BlockManagerImpl.java:allocateBlock(192)) - Pipeline creation failed for type:RATIS factor:THREE. Retrying get pipelines call once.
org.apache.hadoop.hdds.scm.exceptions.SCMException: Unable to find enough nodes that meet the criteria that cannot engage in more than 5 pipelines. Nodes required: 3 Found: 0, healthy nodes count inNodeManager: 5.
	at org.apache.hadoop.hdds.scm.pipeline.PipelinePlacementPolicy.filterViableNodes(PipelinePlacementPolicy.java:147)
	at org.apache.hadoop.hdds.scm.pipeline.PipelinePlacementPolicy.chooseDatanodes(PipelinePlacementPolicy.java:170)
	at org.apache.hadoop.hdds.scm.pipeline.RatisPipelineProvider.create(RatisPipelineProvider.java:92)
	at org.apache.hadoop.hdds.scm.pipeline.PipelineFactory.create(PipelineFactory.java:57)
	at org.apache.hadoop.hdds.scm.pipeline.SCMPipelineManager.createPipeline(SCMPipelineManager.java:149)
	at org.apache.hadoop.hdds.scm.block.BlockManagerImpl.allocateBlock(BlockManagerImpl.java:190)
	at org.apache.hadoop.hdds.scm.server.SCMBlockProtocolServer.allocateBlock(SCMBlockProtocolServer.java:175)
	at org.apache.hadoop.ozone.protocolPB.ScmBlockLocationProtocolServerSideTranslatorPB.allocateScmBlock(ScmBlockLocationProtocolServerSideTranslatorPB.java:153)
	at org.apache.hadoop.ozone.protocolPB.ScmBlockLocationProtocolServerSideTranslatorPB.send(ScmBlockLocationProtocolServerSideTranslatorPB.java:112)
	at org.apache.hadoop.hdds.protocol.proto.ScmBlockLocationProtocolProtos$ScmBlockLocationProtocolService$2.callBlockingMethod(ScmBlockLocationProtocolProtos.java:13157)
	at org.apache.hadoop.ipc.ProtobufRpcEngine$Server$ProtoBufRpcInvoker.call(ProtobufRpcEngine.java:524)
	at org.apache.hadoop.ipc.RPC$Server.call(RPC.java:1025)
	at org.apache.hadoop.ipc.Server$RpcCall.run(Server.java:876)
	at org.apache.hadoop.ipc.Server$RpcCall.run(Server.java:822)
	at java.security.AccessController.doPrivileged(Native Method)
	at javax.security.auth.Subject.doAs(Subject.java:422)
	at org.apache.hadoop.security.UserGroupInformation.doAs(UserGroupInformation.java:1730)
	at org.apache.hadoop.ipc.Server$Handler.run(Server.java:2682)
2019-09-12 11:53:35,329 [IPC Server handler 0 on 37459] INFO  block.BlockManagerImpl (BlockManagerImpl.java:allocateBlock(198)) - Could not find available pipeline of type:RATIS and factor:THREE even after retrying
2019-09-12 11:53:35,329 [IPC Server handler 0 on 37459] ERROR block.BlockManagerImpl (BlockManagerImpl.java:allocateBlock(222)) - Unable to allocate a block for the size: 4194304, type: RATIS, factor: THREE
2019-09-12 11:53:35,329 [IPC Server handler 0 on 37459] ERROR pipeline.PipelinePlacementPolicy (PipelinePlacementPolicy.java:meetCriteria(91)) - Pipeline Placement: Doesn't meet the criteria to be viable node. Heaviness: 6
2019-09-12 11:53:35,330 [IPC Server handler 0 on 37459] ERROR pipeline.PipelinePlacementPolicy (PipelinePlacementPolicy.java:meetCriteria(91)) - Pipeline Placement: Doesn't meet the criteria to be viable node. Heaviness: 6
2019-09-12 11:53:35,330 [IPC Server handler 0 on 37459] ERROR pipeline.PipelinePlacementPolicy (PipelinePlacementPolicy.java:meetCriteria(91)) - Pipeline Placement: Doesn't meet the criteria to be viable node. Heaviness: 6
2019-09-12 11:53:35,330 [IPC Server handler 0 on 37459] ERROR pipeline.PipelinePlacementPolicy (PipelinePlacementPolicy.java:meetCriteria(91)) - Pipeline Placement: Doesn't meet the criteria to be viable node. Heaviness: 6
2019-09-12 11:53:35,330 [IPC Server handler 0 on 37459] ERROR pipeline.PipelinePlacementPolicy (PipelinePlacementPolicy.java:meetCriteria(91)) - Pipeline Placement: Doesn't meet the criteria to be viable node. Heaviness: 6
2019-09-12 11:53:35,331 [IPC Server handler 0 on 37459] ERROR pipeline.PipelinePlacementPolicy (PipelinePlacementPolicy.java:filterViableNodes(146)) - Unable to find enough nodes that meet the criteria that cannot engage in more than 5 pipelines. Nodes required: 3 Found: 0, healthy nodes count inNodeManager: 5.
2019-09-12 11:53:35,331 [IPC Server handler 0 on 37459] ERROR pipeline.SCMPipelineManager (SCMPipelineManager.java:createPipeline(161)) - Pipeline creation failed due to exception: Unable to find enough nodes that meet the criteria that cannot engage in more than 5 pipelines. Nodes required: 3 Found: 0, healthy nodes count inNodeManager: 5.
2019-09-12 11:53:35,331 [IPC Server handler 0 on 37459] WARN  block.BlockManagerImpl (BlockManagerImpl.java:allocateBlock(192)) - Pipeline creation failed for type:RATIS factor:THREE. Retrying get pipelines call once.
org.apache.hadoop.hdds.scm.exceptions.SCMException: Unable to find enough nodes that meet the criteria that cannot engage in more than 5 pipelines. Nodes required: 3 Found: 0, healthy nodes count inNodeManager: 5.
	at org.apache.hadoop.hdds.scm.pipeline.PipelinePlacementPolicy.filterViableNodes(PipelinePlacementPolicy.java:147)
	at org.apache.hadoop.hdds.scm.pipeline.PipelinePlacementPolicy.chooseDatanodes(PipelinePlacementPolicy.java:170)
	at org.apache.hadoop.hdds.scm.pipeline.RatisPipelineProvider.create(RatisPipelineProvider.java:92)
	at org.apache.hadoop.hdds.scm.pipeline.PipelineFactory.create(PipelineFactory.java:57)
	at org.apache.hadoop.hdds.scm.pipeline.SCMPipelineManager.createPipeline(SCMPipelineManager.java:149)
	at org.apache.hadoop.hdds.scm.block.BlockManagerImpl.allocateBlock(BlockManagerImpl.java:190)
	at org.apache.hadoop.hdds.scm.server.SCMBlockProtocolServer.allocateBlock(SCMBlockProtocolServer.java:175)
	at org.apache.hadoop.ozone.protocolPB.ScmBlockLocationProtocolServerSideTranslatorPB.allocateScmBlock(ScmBlockLocationProtocolServerSideTranslatorPB.java:153)
	at org.apache.hadoop.ozone.protocolPB.ScmBlockLocationProtocolServerSideTranslatorPB.send(ScmBlockLocationProtocolServerSideTranslatorPB.java:112)
	at org.apache.hadoop.hdds.protocol.proto.ScmBlockLocationProtocolProtos$ScmBlockLocationProtocolService$2.callBlockingMethod(ScmBlockLocationProtocolProtos.java:13157)
	at org.apache.hadoop.ipc.ProtobufRpcEngine$Server$ProtoBufRpcInvoker.call(ProtobufRpcEngine.java:524)
	at org.apache.hadoop.ipc.RPC$Server.call(RPC.java:1025)
	at org.apache.hadoop.ipc.Server$RpcCall.run(Server.java:876)
	at org.apache.hadoop.ipc.Server$RpcCall.run(Server.java:822)
	at java.security.AccessController.doPrivileged(Native Method)
	at javax.security.auth.Subject.doAs(Subject.java:422)
	at org.apache.hadoop.security.UserGroupInformation.doAs(UserGroupInformation.java:1730)
	at org.apache.hadoop.ipc.Server$Handler.run(Server.java:2682)
2019-09-12 11:53:35,332 [IPC Server handler 0 on 37459] INFO  block.BlockManagerImpl (BlockManagerImpl.java:allocateBlock(198)) - Could not find available pipeline of type:RATIS and factor:THREE even after retrying
2019-09-12 11:53:35,332 [IPC Server handler 0 on 37459] ERROR block.BlockManagerImpl (BlockManagerImpl.java:allocateBlock(222)) - Unable to allocate a block for the size: 4194304, type: RATIS, factor: THREE
2019-09-12 11:53:35,332 [IPC Server handler 0 on 37459] ERROR pipeline.PipelinePlacementPolicy (PipelinePlacementPolicy.java:meetCriteria(91)) - Pipeline Placement: Doesn't meet the criteria to be viable node. Heaviness: 6
2019-09-12 11:53:35,333 [IPC Server handler 0 on 37459] ERROR pipeline.PipelinePlacementPolicy (PipelinePlacementPolicy.java:meetCriteria(91)) - Pipeline Placement: Doesn't meet the criteria to be viable node. Heaviness: 6
2019-09-12 11:53:35,333 [IPC Server handler 0 on 37459] ERROR pipeline.PipelinePlacementPolicy (PipelinePlacementPolicy.java:meetCriteria(91)) - Pipeline Placement: Doesn't meet the criteria to be viable node. Heaviness: 6
2019-09-12 11:53:35,333 [IPC Server handler 0 on 37459] ERROR pipeline.PipelinePlacementPolicy (PipelinePlacementPolicy.java:meetCriteria(91)) - Pipeline Placement: Doesn't meet the criteria to be viable node. Heaviness: 6
2019-09-12 11:53:35,333 [IPC Server handler 0 on 37459] ERROR pipeline.PipelinePlacementPolicy (PipelinePlacementPolicy.java:meetCriteria(91)) - Pipeline Placement: Doesn't meet the criteria to be viable node. Heaviness: 6
2019-09-12 11:53:35,334 [IPC Server handler 0 on 37459] ERROR pipeline.PipelinePlacementPolicy (PipelinePlacementPolicy.java:filterViableNodes(146)) - Unable to find enough nodes that meet the criteria that cannot engage in more than 5 pipelines. Nodes required: 3 Found: 0, healthy nodes count inNodeManager: 5.
2019-09-12 11:53:35,334 [IPC Server handler 0 on 37459] ERROR pipeline.SCMPipelineManager (SCMPipelineManager.java:createPipeline(161)) - Pipeline creation failed due to exception: Unable to find enough nodes that meet the criteria that cannot engage in more than 5 pipelines. Nodes required: 3 Found: 0, healthy nodes count inNodeManager: 5.
2019-09-12 11:53:35,334 [IPC Server handler 0 on 37459] WARN  block.BlockManagerImpl (BlockManagerImpl.java:allocateBlock(192)) - Pipeline creation failed for type:RATIS factor:THREE. Retrying get pipelines call once.
org.apache.hadoop.hdds.scm.exceptions.SCMException: Unable to find enough nodes that meet the criteria that cannot engage in more than 5 pipelines. Nodes required: 3 Found: 0, healthy nodes count inNodeManager: 5.
	at org.apache.hadoop.hdds.scm.pipeline.PipelinePlacementPolicy.filterViableNodes(PipelinePlacementPolicy.java:147)
	at org.apache.hadoop.hdds.scm.pipeline.PipelinePlacementPolicy.chooseDatanodes(PipelinePlacementPolicy.java:170)
	at org.apache.hadoop.hdds.scm.pipeline.RatisPipelineProvider.create(RatisPipelineProvider.java:92)
	at org.apache.hadoop.hdds.scm.pipeline.PipelineFactory.create(PipelineFactory.java:57)
	at org.apache.hadoop.hdds.scm.pipeline.SCMPipelineManager.createPipeline(SCMPipelineManager.java:149)
	at org.apache.hadoop.hdds.scm.block.BlockManagerImpl.allocateBlock(BlockManagerImpl.java:190)
	at org.apache.hadoop.hdds.scm.server.SCMBlockProtocolServer.allocateBlock(SCMBlockProtocolServer.java:175)
	at org.apache.hadoop.ozone.protocolPB.ScmBlockLocationProtocolServerSideTranslatorPB.allocateScmBlock(ScmBlockLocationProtocolServerSideTranslatorPB.java:153)
	at org.apache.hadoop.ozone.protocolPB.ScmBlockLocationProtocolServerSideTranslatorPB.send(ScmBlockLocationProtocolServerSideTranslatorPB.java:112)
	at org.apache.hadoop.hdds.protocol.proto.ScmBlockLocationProtocolProtos$ScmBlockLocationProtocolService$2.callBlockingMethod(ScmBlockLocationProtocolProtos.java:13157)
	at org.apache.hadoop.ipc.ProtobufRpcEngine$Server$ProtoBufRpcInvoker.call(ProtobufRpcEngine.java:524)
	at org.apache.hadoop.ipc.RPC$Server.call(RPC.java:1025)
	at org.apache.hadoop.ipc.Server$RpcCall.run(Server.java:876)
	at org.apache.hadoop.ipc.Server$RpcCall.run(Server.java:822)
	at java.security.AccessController.doPrivileged(Native Method)
	at javax.security.auth.Subject.doAs(Subject.java:422)
	at org.apache.hadoop.security.UserGroupInformation.doAs(UserGroupInformation.java:1730)
	at org.apache.hadoop.ipc.Server$Handler.run(Server.java:2682)
2019-09-12 11:53:35,335 [IPC Server handler 0 on 37459] INFO  block.BlockManagerImpl (BlockManagerImpl.java:allocateBlock(198)) - Could not find available pipeline of type:RATIS and factor:THREE even after retrying
2019-09-12 11:53:35,335 [IPC Server handler 0 on 37459] ERROR block.BlockManagerImpl (BlockManagerImpl.java:allocateBlock(222)) - Unable to allocate a block for the size: 4194304, type: RATIS, factor: THREE
2019-09-12 11:53:35,335 [IPC Server handler 0 on 37459] ERROR pipeline.PipelinePlacementPolicy (PipelinePlacementPolicy.java:meetCriteria(91)) - Pipeline Placement: Doesn't meet the criteria to be viable node. Heaviness: 6
2019-09-12 11:53:35,335 [IPC Server handler 0 on 37459] ERROR pipeline.PipelinePlacementPolicy (PipelinePlacementPolicy.java:meetCriteria(91)) - Pipeline Placement: Doesn't meet the criteria to be viable node. Heaviness: 6
2019-09-12 11:53:35,336 [IPC Server handler 0 on 37459] ERROR pipeline.PipelinePlacementPolicy (PipelinePlacementPolicy.java:meetCriteria(91)) - Pipeline Placement: Doesn't meet the criteria to be viable node. Heaviness: 6
2019-09-12 11:53:35,336 [IPC Server handler 0 on 37459] ERROR pipeline.PipelinePlacementPolicy (PipelinePlacementPolicy.java:meetCriteria(91)) - Pipeline Placement: Doesn't meet the criteria to be viable node. Heaviness: 6
2019-09-12 11:53:35,336 [IPC Server handler 0 on 37459] ERROR pipeline.PipelinePlacementPolicy (PipelinePlacementPolicy.java:meetCriteria(91)) - Pipeline Placement: Doesn't meet the criteria to be viable node. Heaviness: 6
2019-09-12 11:53:35,336 [IPC Server handler 0 on 37459] ERROR pipeline.PipelinePlacementPolicy (PipelinePlacementPolicy.java:filterViableNodes(146)) - Unable to find enough nodes that meet the criteria that cannot engage in more than 5 pipelines. Nodes required: 3 Found: 0, healthy nodes count inNodeManager: 5.
2019-09-12 11:53:35,337 [IPC Server handler 0 on 37459] ERROR pipeline.SCMPipelineManager (SCMPipelineManager.java:createPipeline(161)) - Pipeline creation failed due to exception: Unable to find enough nodes that meet the criteria that cannot engage in more than 5 pipelines. Nodes required: 3 Found: 0, healthy nodes count inNodeManager: 5.
2019-09-12 11:53:35,337 [IPC Server handler 0 on 37459] WARN  block.BlockManagerImpl (BlockManagerImpl.java:allocateBlock(192)) - Pipeline creation failed for type:RATIS factor:THREE. Retrying get pipelines call once.
org.apache.hadoop.hdds.scm.exceptions.SCMException: Unable to find enough nodes that meet the criteria that cannot engage in more than 5 pipelines. Nodes required: 3 Found: 0, healthy nodes count inNodeManager: 5.
	at org.apache.hadoop.hdds.scm.pipeline.PipelinePlacementPolicy.filterViableNodes(PipelinePlacementPolicy.java:147)
	at org.apache.hadoop.hdds.scm.pipeline.PipelinePlacementPolicy.chooseDatanodes(PipelinePlacementPolicy.java:170)
	at org.apache.hadoop.hdds.scm.pipeline.RatisPipelineProvider.create(RatisPipelineProvider.java:92)
	at org.apache.hadoop.hdds.scm.pipeline.PipelineFactory.create(PipelineFactory.java:57)
	at org.apache.hadoop.hdds.scm.pipeline.SCMPipelineManager.createPipeline(SCMPipelineManager.java:149)
	at org.apache.hadoop.hdds.scm.block.BlockManagerImpl.allocateBlock(BlockManagerImpl.java:190)
	at org.apache.hadoop.hdds.scm.server.SCMBlockProtocolServer.allocateBlock(SCMBlockProtocolServer.java:175)
	at org.apache.hadoop.ozone.protocolPB.ScmBlockLocationProtocolServerSideTranslatorPB.allocateScmBlock(ScmBlockLocationProtocolServerSideTranslatorPB.java:153)
	at org.apache.hadoop.ozone.protocolPB.ScmBlockLocationProtocolServerSideTranslatorPB.send(ScmBlockLocationProtocolServerSideTranslatorPB.java:112)
	at org.apache.hadoop.hdds.protocol.proto.ScmBlockLocationProtocolProtos$ScmBlockLocationProtocolService$2.callBlockingMethod(ScmBlockLocationProtocolProtos.java:13157)
	at org.apache.hadoop.ipc.ProtobufRpcEngine$Server$ProtoBufRpcInvoker.call(ProtobufRpcEngine.java:524)
	at org.apache.hadoop.ipc.RPC$Server.call(RPC.java:1025)
	at org.apache.hadoop.ipc.Server$RpcCall.run(Server.java:876)
	at org.apache.hadoop.ipc.Server$RpcCall.run(Server.java:822)
	at java.security.AccessController.doPrivileged(Native Method)
	at javax.security.auth.Subject.doAs(Subject.java:422)
	at org.apache.hadoop.security.UserGroupInformation.doAs(UserGroupInformation.java:1730)
	at org.apache.hadoop.ipc.Server$Handler.run(Server.java:2682)
2019-09-12 11:53:35,337 [IPC Server handler 0 on 37459] INFO  block.BlockManagerImpl (BlockManagerImpl.java:allocateBlock(198)) - Could not find available pipeline of type:RATIS and factor:THREE even after retrying
2019-09-12 11:53:35,338 [IPC Server handler 0 on 37459] ERROR block.BlockManagerImpl (BlockManagerImpl.java:allocateBlock(222)) - Unable to allocate a block for the size: 4194304, type: RATIS, factor: THREE
2019-09-12 11:53:35,338 | INFO  | SCMAudit | user=jenkins1000 | ip=192.168.157.195 | op=ALLOCATE_BLOCK {owner=49403385-f916-4dd7-890f-60418ff3d1f3, size=4194304, type=RATIS, factor=THREE} | ret=SUCCESS |  
2019-09-12 11:53:35,339 | ERROR | OMAudit | user=jenkins1000 | ip=127.0.0.1 | op=ALLOCATE_KEY {volume=vol-0-18698, bucket=bucket-0-93033, key=key-0-92186, dataSize=20971520, replicationType=RATIS, replicationFactor=THREE, keyLocationInfo=null} | ret=FAILURE | org.apache.hadoop.hdds.scm.exceptions.SCMException: Allocated 0 blocks. Requested 5 blocks
	at org.apache.hadoop.hdds.scm.protocolPB.ScmBlockLocationProtocolClientSideTranslatorPB.handleError(ScmBlockLocationProtocolClientSideTranslatorPB.java:118)
	at org.apache.hadoop.hdds.scm.protocolPB.ScmBlockLocationProtocolClientSideTranslatorPB.allocateBlock(ScmBlockLocationProtocolClientSideTranslatorPB.java:156) 
2019-09-12 11:53:35,340 [pool-79-thread-3] ERROR freon.RandomKeyGenerator (RandomKeyGenerator.java:createKey(724)) - Exception while adding key: key-0-92186 in bucket: bucket-0-93033 of volume: vol-0-18698.
INTERNAL_ERROR org.apache.hadoop.ozone.om.exceptions.OMException: Allocated 0 blocks. Requested 5 blocks
	at org.apache.hadoop.ozone.om.protocolPB.OzoneManagerProtocolClientSideTranslatorPB.handleError(OzoneManagerProtocolClientSideTranslatorPB.java:725)
	at org.apache.hadoop.ozone.om.protocolPB.OzoneManagerProtocolClientSideTranslatorPB.openKey(OzoneManagerProtocolClientSideTranslatorPB.java:716)
	at org.apache.hadoop.ozone.client.rpc.RpcClient.createKey(RpcClient.java:615)
	at org.apache.hadoop.ozone.client.OzoneBucket.createKey(OzoneBucket.java:323)
	at org.apache.hadoop.ozone.freon.RandomKeyGenerator.createKey(RandomKeyGenerator.java:686)
	at org.apache.hadoop.ozone.freon.RandomKeyGenerator.access$1100(RandomKeyGenerator.java:87)
	at org.apache.hadoop.ozone.freon.RandomKeyGenerator$ObjectCreator.run(RandomKeyGenerator.java:606)
	at java.util.concurrent.Executors$RunnableAdapter.call(Executors.java:511)
	at java.util.concurrent.FutureTask.run(FutureTask.java:266)
	at java.util.concurrent.ThreadPoolExecutor.runWorker(ThreadPoolExecutor.java:1149)
	at java.util.concurrent.ThreadPoolExecutor$Worker.run(ThreadPoolExecutor.java:624)
	at java.lang.Thread.run(Thread.java:748)
2019-09-12 11:53:35,444 | INFO  | SCMAudit | user=jenkins1000 | ip=192.168.157.195 | op=SEND_HEARTBEAT {datanodeUUID=028783e7-22fc-47b5-934a-5e8bf88f7fe6, command=[]} | ret=SUCCESS |  
2019-09-12 11:53:35,580 | INFO  | SCMAudit | user=jenkins1000 | ip=192.168.157.195 | op=SEND_HEARTBEAT {datanodeUUID=61a9fc65-5e41-4283-98a8-259f9227054d, command=[]} | ret=SUCCESS |  
2019-09-12 11:53:35,597 | INFO  | SCMAudit | user=jenkins1000 | ip=192.168.157.195 | op=SEND_HEARTBEAT {datanodeUUID=7741e6cf-6131-4fc6-8612-36509ed6293c, command=[]} | ret=SUCCESS |  
2019-09-12 11:53:35,827 | INFO  | SCMAudit | user=jenkins1000 | ip=192.168.157.195 | op=SEND_HEARTBEAT {datanodeUUID=e686195f-5212-4098-b2ad-e713a3c4587f, command=[]} | ret=SUCCESS |  
2019-09-12 11:53:36,087 | INFO  | SCMAudit | user=jenkins1000 | ip=192.168.157.195 | op=SEND_HEARTBEAT {datanodeUUID=483993a0-3055-479d-b58b-b02682c97e4b, command=[]} | ret=SUCCESS |  
 0.00% |█                                                                                                    |  0/1 Time: 0:00:012019-09-12 11:53:36,444 | INFO  | SCMAudit | user=jenkins1000 | ip=192.168.157.195 | op=SEND_HEARTBEAT {datanodeUUID=028783e7-22fc-47b5-934a-5e8bf88f7fe6, command=[]} | ret=SUCCESS |  
2019-09-12 11:53:36,581 | INFO  | SCMAudit | user=jenkins1000 | ip=192.168.157.195 | op=SEND_HEARTBEAT {datanodeUUID=61a9fc65-5e41-4283-98a8-259f9227054d, command=[]} | ret=SUCCESS |  
2019-09-12 11:53:36,597 | INFO  | SCMAudit | user=jenkins1000 | ip=192.168.157.195 | op=SEND_HEARTBEAT {datanodeUUID=7741e6cf-6131-4fc6-8612-36509ed6293c, command=[]} | ret=SUCCESS |  
2019-09-12 11:53:36,828 | INFO  | SCMAudit | user=jenkins1000 | ip=192.168.157.195 | op=SEND_HEARTBEAT {datanodeUUID=e686195f-5212-4098-b2ad-e713a3c4587f, command=[]} | ret=SUCCESS |  
2019-09-12 11:53:37,087 | INFO  | SCMAudit | user=jenkins1000 | ip=192.168.157.195 | op=SEND_HEARTBEAT {datanodeUUID=483993a0-3055-479d-b58b-b02682c97e4b, command=[]} | ret=SUCCESS |  
 0.00% |█                                                                                                    |  0/1 Time: 0:00:022019-09-12 11:53:37,445 | INFO  | SCMAudit | user=jenkins1000 | ip=192.168.157.195 | op=SEND_HEARTBEAT {datanodeUUID=028783e7-22fc-47b5-934a-5e8bf88f7fe6, command=[]} | ret=SUCCESS |  
2019-09-12 11:53:37,581 | INFO  | SCMAudit | user=jenkins1000 | ip=192.168.157.195 | op=SEND_HEARTBEAT {datanodeUUID=61a9fc65-5e41-4283-98a8-259f9227054d, command=[]} | ret=SUCCESS |  
2019-09-12 11:53:37,598 | INFO  | SCMAudit | user=jenkins1000 | ip=192.168.157.195 | op=SEND_HEARTBEAT {datanodeUUID=7741e6cf-6131-4fc6-8612-36509ed6293c, command=[]} | ret=SUCCESS |  
2019-09-12 11:53:37,828 | INFO  | SCMAudit | user=jenkins1000 | ip=192.168.157.195 | op=SEND_HEARTBEAT {datanodeUUID=e686195f-5212-4098-b2ad-e713a3c4587f, command=[]} | ret=SUCCESS |  
2019-09-12 11:53:38,087 | INFO  | SCMAudit | user=jenkins1000 | ip=192.168.157.195 | op=SEND_HEARTBEAT {datanodeUUID=483993a0-3055-479d-b58b-b02682c97e4b, command=[]} | ret=SUCCESS |  
 0.00% |█                                                                                                    |  0/1 Time: 0:00:032019-09-12 11:53:38,445 | INFO  | SCMAudit | user=jenkins1000 | ip=192.168.157.195 | op=SEND_HEARTBEAT {datanodeUUID=028783e7-22fc-47b5-934a-5e8bf88f7fe6, command=[]} | ret=SUCCESS |  
2019-09-12 11:53:38,581 | INFO  | SCMAudit | user=jenkins1000 | ip=192.168.157.195 | op=SEND_HEARTBEAT {datanodeUUID=61a9fc65-5e41-4283-98a8-259f9227054d, command=[]} | ret=SUCCESS |  
2019-09-12 11:53:38,598 | INFO  | SCMAudit | user=jenkins1000 | ip=192.168.157.195 | op=SEND_HEARTBEAT {datanodeUUID=7741e6cf-6131-4fc6-8612-36509ed6293c, command=[]} | ret=SUCCESS |  
2019-09-12 11:53:38,828 | INFO  | SCMAudit | user=jenkins1000 | ip=192.168.157.195 | op=SEND_HEARTBEAT {datanodeUUID=e686195f-5212-4098-b2ad-e713a3c4587f, command=[]} | ret=SUCCESS |  
2019-09-12 11:53:39,088 | INFO  | SCMAudit | user=jenkins1000 | ip=192.168.157.195 | op=SEND_HEARTBEAT {datanodeUUID=483993a0-3055-479d-b58b-b02682c97e4b, command=[]} | ret=SUCCESS |  
 0.00% |█                                                                                                    |  0/1 Time: 0:00:042019-09-12 11:53:39,445 | INFO  | SCMAudit | user=jenkins1000 | ip=192.168.157.195 | op=SEND_HEARTBEAT {datanodeUUID=028783e7-22fc-47b5-934a-5e8bf88f7fe6, command=[]} | ret=SUCCESS |  
2019-09-12 11:53:39,582 | INFO  | SCMAudit | user=jenkins1000 | ip=192.168.157.195 | op=SEND_HEARTBEAT {datanodeUUID=61a9fc65-5e41-4283-98a8-259f9227054d, command=[]} | ret=SUCCESS |  
2019-09-12 11:53:39,597 | INFO  | SCMAudit | user=jenkins1000 | ip=192.168.157.195 | op=SEND_HEARTBEAT {datanodeUUID=7741e6cf-6131-4fc6-8612-36509ed6293c, command=[]} | ret=SUCCESS |  
2019-09-12 11:53:39,828 | INFO  | SCMAudit | user=jenkins1000 | ip=192.168.157.195 | op=SEND_HEARTBEAT {datanodeUUID=e686195f-5212-4098-b2ad-e713a3c4587f, command=[]} | ret=SUCCESS |  
2019-09-12 11:53:40,087 | INFO  | SCMAudit | user=jenkins1000 | ip=192.168.157.195 | op=SEND_HEARTBEAT {datanodeUUID=483993a0-3055-479d-b58b-b02682c97e4b, command=[]} | ret=SUCCESS |  
 100.00% |█████████████████████████████████████████████████████████████████████████████████████████████████████|  1/1 Time: 0:00:05
2019-09-12 11:53:40,445 | INFO  | SCMAudit | user=jenkins1000 | ip=192.168.157.195 | op=SEND_HEARTBEAT {datanodeUUID=028783e7-22fc-47b5-934a-5e8bf88f7fe6, command=[]} | ret=SUCCESS |  
2019-09-12 11:53:40,581 | INFO  | SCMAudit | user=jenkins1000 | ip=192.168.157.195 | op=SEND_HEARTBEAT {datanodeUUID=61a9fc65-5e41-4283-98a8-259f9227054d, command=[]} | ret=SUCCESS |  
2019-09-12 11:53:40,597 | INFO  | SCMAudit | user=jenkins1000 | ip=192.168.157.195 | op=SEND_HEARTBEAT {datanodeUUID=7741e6cf-6131-4fc6-8612-36509ed6293c, command=[]} | ret=SUCCESS |  
2019-09-12 11:53:40,828 | INFO  | SCMAudit | user=jenkins1000 | ip=192.168.157.195 | op=SEND_HEARTBEAT {datanodeUUID=e686195f-5212-4098-b2ad-e713a3c4587f, command=[]} | ret=SUCCESS |  
2019-09-12 11:53:41,087 | INFO  | SCMAudit | user=jenkins1000 | ip=192.168.157.195 | op=SEND_HEARTBEAT {datanodeUUID=483993a0-3055-479d-b58b-b02682c97e4b, command=[]} | ret=SUCCESS |  
2019-09-12 11:53:41,445 | INFO  | SCMAudit | user=jenkins1000 | ip=192.168.157.195 | op=SEND_HEARTBEAT {datanodeUUID=028783e7-22fc-47b5-934a-5e8bf88f7fe6, command=[]} | ret=SUCCESS |  
2019-09-12 11:53:41,581 | INFO  | SCMAudit | user=jenkins1000 | ip=192.168.157.195 | op=SEND_HEARTBEAT {datanodeUUID=61a9fc65-5e41-4283-98a8-259f9227054d, command=[]} | ret=SUCCESS |  
2019-09-12 11:53:41,597 | INFO  | SCMAudit | user=jenkins1000 | ip=192.168.157.195 | op=SEND_HEARTBEAT {datanodeUUID=7741e6cf-6131-4fc6-8612-36509ed6293c, command=[]} | ret=SUCCESS |  
2019-09-12 11:53:41,828 | INFO  | SCMAudit | user=jenkins1000 | ip=192.168.157.195 | op=SEND_HEARTBEAT {datanodeUUID=e686195f-5212-4098-b2ad-e713a3c4587f, command=[]} | ret=SUCCESS |  
2019-09-12 11:53:42,087 | INFO  | SCMAudit | user=jenkins1000 | ip=192.168.157.195 | op=SEND_HEARTBEAT {datanodeUUID=483993a0-3055-479d-b58b-b02682c97e4b, command=[]} | ret=SUCCESS |  
2019-09-12 11:53:42,445 | INFO  | SCMAudit | user=jenkins1000 | ip=192.168.157.195 | op=SEND_HEARTBEAT {datanodeUUID=028783e7-22fc-47b5-934a-5e8bf88f7fe6, command=[]} | ret=SUCCESS |  
2019-09-12 11:53:42,581 | INFO  | SCMAudit | user=jenkins1000 | ip=192.168.157.195 | op=SEND_HEARTBEAT {datanodeUUID=61a9fc65-5e41-4283-98a8-259f9227054d, command=[]} | ret=SUCCESS |  
2019-09-12 11:53:42,598 | INFO  | SCMAudit | user=jenkins1000 | ip=192.168.157.195 | op=SEND_HEARTBEAT {datanodeUUID=7741e6cf-6131-4fc6-8612-36509ed6293c, command=[]} | ret=SUCCESS |  
2019-09-12 11:53:42,828 | INFO  | SCMAudit | user=jenkins1000 | ip=192.168.157.195 | op=SEND_HEARTBEAT {datanodeUUID=e686195f-5212-4098-b2ad-e713a3c4587f, command=[]} | ret=SUCCESS |  
2019-09-12 11:53:43,087 | INFO  | SCMAudit | user=jenkins1000 | ip=192.168.157.195 | op=SEND_HEARTBEAT {datanodeUUID=483993a0-3055-479d-b58b-b02682c97e4b, command=[]} | ret=SUCCESS |  
2019-09-12 11:53:43,445 | INFO  | SCMAudit | user=jenkins1000 | ip=192.168.157.195 | op=SEND_HEARTBEAT {datanodeUUID=028783e7-22fc-47b5-934a-5e8bf88f7fe6, command=[]} | ret=SUCCESS |  
2019-09-12 11:53:43,581 | INFO  | SCMAudit | user=jenkins1000 | ip=192.168.157.195 | op=SEND_HEARTBEAT {datanodeUUID=61a9fc65-5e41-4283-98a8-259f9227054d, command=[]} | ret=SUCCESS |  
2019-09-12 11:53:43,598 | INFO  | SCMAudit | user=jenkins1000 | ip=192.168.157.195 | op=SEND_HEARTBEAT {datanodeUUID=7741e6cf-6131-4fc6-8612-36509ed6293c, command=[]} | ret=SUCCESS |  
2019-09-12 11:53:43,828 | INFO  | SCMAudit | user=jenkins1000 | ip=192.168.157.195 | op=SEND_HEARTBEAT {datanodeUUID=e686195f-5212-4098-b2ad-e713a3c4587f, command=[]} | ret=SUCCESS |  
2019-09-12 11:53:44,086 | INFO  | SCMAudit | user=jenkins1000 | ip=192.168.157.195 | op=SEND_HEARTBEAT {datanodeUUID=483993a0-3055-479d-b58b-b02682c97e4b, command=[]} | ret=SUCCESS |  
2019-09-12 11:53:44,445 | INFO  | SCMAudit | user=jenkins1000 | ip=192.168.157.195 | op=SEND_HEARTBEAT {datanodeUUID=028783e7-22fc-47b5-934a-5e8bf88f7fe6, command=[]} | ret=SUCCESS |  
2019-09-12 11:53:44,582 | INFO  | SCMAudit | user=jenkins1000 | ip=192.168.157.195 | op=SEND_HEARTBEAT {datanodeUUID=61a9fc65-5e41-4283-98a8-259f9227054d, command=[]} | ret=SUCCESS |  
2019-09-12 11:53:44,599 | INFO  | SCMAudit | user=jenkins1000 | ip=192.168.157.195 | op=SEND_HEARTBEAT {datanodeUUID=7741e6cf-6131-4fc6-8612-36509ed6293c, command=[]} | ret=SUCCESS |  
2019-09-12 11:53:44,828 | INFO  | SCMAudit | user=jenkins1000 | ip=192.168.157.195 | op=SEND_HEARTBEAT {datanodeUUID=e686195f-5212-4098-b2ad-e713a3c4587f, command=[]} | ret=SUCCESS |  
2019-09-12 11:53:45,086 | INFO  | SCMAudit | user=jenkins1000 | ip=192.168.157.195 | op=SEND_HEARTBEAT {datanodeUUID=483993a0-3055-479d-b58b-b02682c97e4b, command=[]} | ret=SUCCESS |  
]]></system-out>
  </testcase>
  <testcase name="validateWriteTest" classname="org.apache.hadoop.ozone.freon.TestDataValidateWithSafeByteOperations" time="10.024">
    <error message="Allocated 0 blocks. Requested 1 blocks" type="INTERNAL_ERROR org.apache.hadoop.ozone.om.exceptions.OMException">INTERNAL_ERROR org.apache.hadoop.ozone.om.exceptions.OMException: Allocated 0 blocks. Requested 1 blocks
	at org.apache.hadoop.ozone.om.protocolPB.OzoneManagerProtocolClientSideTranslatorPB.handleError(OzoneManagerProtocolClientSideTranslatorPB.java:725)
	at org.apache.hadoop.ozone.om.protocolPB.OzoneManagerProtocolClientSideTranslatorPB.openKey(OzoneManagerProtocolClientSideTranslatorPB.java:716)
	at org.apache.hadoop.ozone.client.rpc.RpcClient.createKey(RpcClient.java:615)
	at org.apache.hadoop.ozone.client.OzoneBucket.createKey(OzoneBucket.java:323)
	at org.apache.hadoop.ozone.freon.RandomKeyGenerator.createKey(RandomKeyGenerator.java:686)
	at org.apache.hadoop.ozone.freon.RandomKeyGenerator.access$1100(RandomKeyGenerator.java:87)
	at org.apache.hadoop.ozone.freon.RandomKeyGenerator$ObjectCreator.run(RandomKeyGenerator.java:606)
	at java.util.concurrent.Executors$RunnableAdapter.call(Executors.java:511)
	at java.util.concurrent.FutureTask.run(FutureTask.java:266)
	at java.util.concurrent.ThreadPoolExecutor.runWorker(ThreadPoolExecutor.java:1149)
	at java.util.concurrent.ThreadPoolExecutor$Worker.run(ThreadPoolExecutor.java:624)
	at java.lang.Thread.run(Thread.java:748)
</error>
    <system-out><![CDATA[2019-09-12 11:53:45,309 [main] INFO  freon.RandomKeyGenerator (RandomKeyGenerator.java:call(275)) - Number of Threads: 10
2019-09-12 11:53:45,309 [main] INFO  freon.RandomKeyGenerator (RandomKeyGenerator.java:call(280)) - Number of Volumes: 2.
2019-09-12 11:53:45,309 [main] INFO  freon.RandomKeyGenerator (RandomKeyGenerator.java:call(281)) - Number of Buckets per Volume: 5.
2019-09-12 11:53:45,309 [main] INFO  freon.RandomKeyGenerator (RandomKeyGenerator.java:call(282)) - Number of Keys per Bucket: 10.
2019-09-12 11:53:45,310 [main] INFO  freon.RandomKeyGenerator (RandomKeyGenerator.java:call(283)) - Key size: 10240 bytes
2019-09-12 11:53:45,310 [main] INFO  freon.RandomKeyGenerator (RandomKeyGenerator.java:call(284)) - Buffer size: 4096 bytes
2019-09-12 11:53:45,311 [pool-80-thread-1] INFO  rpc.RpcClient (RpcClient.java:createVolume(293)) - Creating Volume: vol-0-54880, with jenkins1000 as owner.
2019-09-12 11:53:45,311 [pool-80-thread-2] INFO  rpc.RpcClient (RpcClient.java:createVolume(293)) - Creating Volume: vol-1-10364, with jenkins1000 as owner.
2019-09-12 11:53:45,312 [main] INFO  freon.RandomKeyGenerator (RandomKeyGenerator.java:call(298)) - Data validation is enabled.
2019-09-12 11:53:45,314 [main] INFO  freon.RandomKeyGenerator (RandomKeyGenerator.java:call(304)) - Starting progress bar Thread.

 0.00% |█                                                                                                    |  0/100 Time: 0:00:002019-09-12 11:53:45,317 | INFO  | OMAudit | user=jenkins1000 | ip=127.0.0.1 | op=CREATE_VOLUME {admin=jenkins1000, owner=jenkins1000, volume=vol-0-54880, creationTime=1568289225317, quotaInBytes=1152921504606846976} | ret=SUCCESS |  
2019-09-12 11:53:45,320 | INFO  | OMAudit | user=jenkins1000 | ip=127.0.0.1 | op=CREATE_VOLUME {admin=jenkins1000, owner=jenkins1000, volume=vol-1-10364, creationTime=1568289225317, quotaInBytes=1152921504606846976} | ret=SUCCESS |  
2019-09-12 11:53:45,323 | INFO  | OMAudit | user=jenkins1000 | ip=127.0.0.1 | op=READ_VOLUME {volume=vol-1-10364} | ret=SUCCESS |  
2019-09-12 11:53:45,323 | INFO  | OMAudit | user=jenkins1000 | ip=127.0.0.1 | op=READ_VOLUME {volume=vol-0-54880} | ret=SUCCESS |  
2019-09-12 11:53:45,327 [pool-80-thread-1] INFO  rpc.RpcClient (RpcClient.java:createBucket(432)) - Creating Bucket: vol-1-10364/bucket-4-62657, with Versioning false and Storage Type set to DISK and Encryption set to false 
2019-09-12 11:53:45,329 | INFO  | OMAudit | user=jenkins1000 | ip=127.0.0.1 | op=CREATE_BUCKET {volume=vol-1-10364, bucket=bucket-4-62657, acls=[user:jenkins1000:a[ACCESS], group:default:a[ACCESS]], isVersionEnabled=false, storageType=DISK, creationTime=0} | ret=SUCCESS |  
2019-09-12 11:53:45,331 | INFO  | OMAudit | user=jenkins1000 | ip=127.0.0.1 | op=READ_BUCKET {volume=vol-1-10364, bucket=bucket-4-62657} | ret=SUCCESS |  
2019-09-12 11:53:45,331 [pool-80-thread-3] INFO  rpc.RpcClient (RpcClient.java:createBucket(432)) - Creating Bucket: vol-0-54880/bucket-0-30358, with Versioning false and Storage Type set to DISK and Encryption set to false 
2019-09-12 11:53:45,331 [pool-80-thread-4] INFO  rpc.RpcClient (RpcClient.java:createBucket(432)) - Creating Bucket: vol-1-10364/bucket-0-82037, with Versioning false and Storage Type set to DISK and Encryption set to false 
2019-09-12 11:53:45,332 [pool-80-thread-6] INFO  rpc.RpcClient (RpcClient.java:createBucket(432)) - Creating Bucket: vol-1-10364/bucket-1-50186, with Versioning false and Storage Type set to DISK and Encryption set to false 
2019-09-12 11:53:45,332 [pool-80-thread-5] INFO  rpc.RpcClient (RpcClient.java:createBucket(432)) - Creating Bucket: vol-0-54880/bucket-1-67447, with Versioning false and Storage Type set to DISK and Encryption set to false 
2019-09-12 11:53:45,332 [pool-80-thread-7] INFO  rpc.RpcClient (RpcClient.java:createBucket(432)) - Creating Bucket: vol-0-54880/bucket-2-03015, with Versioning false and Storage Type set to DISK and Encryption set to false 
2019-09-12 11:53:45,332 [pool-80-thread-8] INFO  rpc.RpcClient (RpcClient.java:createBucket(432)) - Creating Bucket: vol-1-10364/bucket-2-24169, with Versioning false and Storage Type set to DISK and Encryption set to false 
2019-09-12 11:53:45,332 [pool-80-thread-9] INFO  rpc.RpcClient (RpcClient.java:createBucket(432)) - Creating Bucket: vol-0-54880/bucket-3-66657, with Versioning false and Storage Type set to DISK and Encryption set to false 
2019-09-12 11:53:45,335 [pool-80-thread-10] INFO  rpc.RpcClient (RpcClient.java:createBucket(432)) - Creating Bucket: vol-1-10364/bucket-3-22077, with Versioning false and Storage Type set to DISK and Encryption set to false 
2019-09-12 11:53:45,335 | INFO  | OMAudit | user=jenkins1000 | ip=127.0.0.1 | op=CREATE_BUCKET {volume=vol-0-54880, bucket=bucket-0-30358, acls=[user:jenkins1000:a[ACCESS], group:default:a[ACCESS]], isVersionEnabled=false, storageType=DISK, creationTime=0} | ret=SUCCESS |  
2019-09-12 11:53:45,335 | INFO  | OMAudit | user=jenkins1000 | ip=127.0.0.1 | op=CREATE_BUCKET {volume=vol-1-10364, bucket=bucket-1-50186, acls=[user:jenkins1000:a[ACCESS], group:default:a[ACCESS]], isVersionEnabled=false, storageType=DISK, creationTime=0} | ret=SUCCESS |  
2019-09-12 11:53:45,336 | INFO  | OMAudit | user=jenkins1000 | ip=127.0.0.1 | op=CREATE_BUCKET {volume=vol-0-54880, bucket=bucket-1-67447, acls=[user:jenkins1000:a[ACCESS], group:default:a[ACCESS]], isVersionEnabled=false, storageType=DISK, creationTime=0} | ret=SUCCESS |  
2019-09-12 11:53:45,336 | INFO  | OMAudit | user=jenkins1000 | ip=127.0.0.1 | op=CREATE_BUCKET {volume=vol-1-10364, bucket=bucket-0-82037, acls=[user:jenkins1000:a[ACCESS], group:default:a[ACCESS]], isVersionEnabled=false, storageType=DISK, creationTime=0} | ret=SUCCESS |  
2019-09-12 11:53:45,336 | INFO  | OMAudit | user=jenkins1000 | ip=127.0.0.1 | op=CREATE_BUCKET {volume=vol-0-54880, bucket=bucket-2-03015, acls=[user:jenkins1000:a[ACCESS], group:default:a[ACCESS]], isVersionEnabled=false, storageType=DISK, creationTime=0} | ret=SUCCESS |  
2019-09-12 11:53:45,337 | INFO  | OMAudit | user=jenkins1000 | ip=127.0.0.1 | op=CREATE_BUCKET {volume=vol-1-10364, bucket=bucket-2-24169, acls=[user:jenkins1000:a[ACCESS], group:default:a[ACCESS]], isVersionEnabled=false, storageType=DISK, creationTime=0} | ret=SUCCESS |  
2019-09-12 11:53:45,337 | INFO  | OMAudit | user=jenkins1000 | ip=127.0.0.1 | op=CREATE_BUCKET {volume=vol-0-54880, bucket=bucket-3-66657, acls=[user:jenkins1000:a[ACCESS], group:default:a[ACCESS]], isVersionEnabled=false, storageType=DISK, creationTime=0} | ret=SUCCESS |  
2019-09-12 11:53:45,337 | INFO  | OMAudit | user=jenkins1000 | ip=127.0.0.1 | op=READ_BUCKET {volume=vol-1-10364, bucket=bucket-1-50186} | ret=SUCCESS |  
2019-09-12 11:53:45,337 [pool-80-thread-2] INFO  rpc.RpcClient (RpcClient.java:createBucket(432)) - Creating Bucket: vol-0-54880/bucket-4-49735, with Versioning false and Storage Type set to DISK and Encryption set to false 
2019-09-12 11:53:45,337 | INFO  | OMAudit | user=jenkins1000 | ip=127.0.0.1 | op=CREATE_BUCKET {volume=vol-1-10364, bucket=bucket-3-22077, acls=[user:jenkins1000:a[ACCESS], group:default:a[ACCESS]], isVersionEnabled=false, storageType=DISK, creationTime=0} | ret=SUCCESS |  
2019-09-12 11:53:45,337 | INFO  | OMAudit | user=jenkins1000 | ip=127.0.0.1 | op=READ_BUCKET {volume=vol-0-54880, bucket=bucket-0-30358} | ret=SUCCESS |  
2019-09-12 11:53:45,337 | INFO  | OMAudit | user=jenkins1000 | ip=127.0.0.1 | op=READ_BUCKET {volume=vol-0-54880, bucket=bucket-1-67447} | ret=SUCCESS |  
2019-09-12 11:53:45,338 | INFO  | OMAudit | user=jenkins1000 | ip=127.0.0.1 | op=READ_BUCKET {volume=vol-1-10364, bucket=bucket-0-82037} | ret=SUCCESS |  
2019-09-12 11:53:45,338 | INFO  | OMAudit | user=jenkins1000 | ip=127.0.0.1 | op=READ_BUCKET {volume=vol-0-54880, bucket=bucket-2-03015} | ret=SUCCESS |  
2019-09-12 11:53:45,339 | INFO  | OMAudit | user=jenkins1000 | ip=127.0.0.1 | op=READ_BUCKET {volume=vol-0-54880, bucket=bucket-3-66657} | ret=SUCCESS |  
2019-09-12 11:53:45,339 | INFO  | OMAudit | user=jenkins1000 | ip=127.0.0.1 | op=READ_BUCKET {volume=vol-1-10364, bucket=bucket-2-24169} | ret=SUCCESS |  
2019-09-12 11:53:45,339 | INFO  | OMAudit | user=jenkins1000 | ip=127.0.0.1 | op=READ_BUCKET {volume=vol-1-10364, bucket=bucket-3-22077} | ret=SUCCESS |  
2019-09-12 11:53:45,339 | INFO  | OMAudit | user=jenkins1000 | ip=127.0.0.1 | op=CREATE_BUCKET {volume=vol-0-54880, bucket=bucket-4-49735, acls=[user:jenkins1000:a[ACCESS], group:default:a[ACCESS]], isVersionEnabled=false, storageType=DISK, creationTime=0} | ret=SUCCESS |  
2019-09-12 11:53:45,341 | INFO  | OMAudit | user=jenkins1000 | ip=127.0.0.1 | op=READ_BUCKET {volume=vol-0-54880, bucket=bucket-4-49735} | ret=SUCCESS |  
2019-09-12 11:53:45,347 [IPC Server handler 1 on 37459] ERROR pipeline.PipelinePlacementPolicy (PipelinePlacementPolicy.java:meetCriteria(91)) - Pipeline Placement: Doesn't meet the criteria to be viable node. Heaviness: 6
2019-09-12 11:53:45,347 [IPC Server handler 1 on 37459] ERROR pipeline.PipelinePlacementPolicy (PipelinePlacementPolicy.java:meetCriteria(91)) - Pipeline Placement: Doesn't meet the criteria to be viable node. Heaviness: 6
2019-09-12 11:53:45,348 [IPC Server handler 1 on 37459] ERROR pipeline.PipelinePlacementPolicy (PipelinePlacementPolicy.java:meetCriteria(91)) - Pipeline Placement: Doesn't meet the criteria to be viable node. Heaviness: 6
2019-09-12 11:53:45,348 [IPC Server handler 1 on 37459] ERROR pipeline.PipelinePlacementPolicy (PipelinePlacementPolicy.java:meetCriteria(91)) - Pipeline Placement: Doesn't meet the criteria to be viable node. Heaviness: 6
2019-09-12 11:53:45,348 [IPC Server handler 1 on 37459] ERROR pipeline.PipelinePlacementPolicy (PipelinePlacementPolicy.java:meetCriteria(91)) - Pipeline Placement: Doesn't meet the criteria to be viable node. Heaviness: 6
2019-09-12 11:53:45,348 [IPC Server handler 1 on 37459] ERROR pipeline.PipelinePlacementPolicy (PipelinePlacementPolicy.java:filterViableNodes(146)) - Unable to find enough nodes that meet the criteria that cannot engage in more than 5 pipelines. Nodes required: 3 Found: 0, healthy nodes count inNodeManager: 5.
2019-09-12 11:53:45,348 [IPC Server handler 1 on 37459] ERROR pipeline.SCMPipelineManager (SCMPipelineManager.java:createPipeline(161)) - Pipeline creation failed due to exception: Unable to find enough nodes that meet the criteria that cannot engage in more than 5 pipelines. Nodes required: 3 Found: 0, healthy nodes count inNodeManager: 5.
2019-09-12 11:53:45,348 [IPC Server handler 1 on 37459] WARN  block.BlockManagerImpl (BlockManagerImpl.java:allocateBlock(192)) - Pipeline creation failed for type:RATIS factor:THREE. Retrying get pipelines call once.
org.apache.hadoop.hdds.scm.exceptions.SCMException: Unable to find enough nodes that meet the criteria that cannot engage in more than 5 pipelines. Nodes required: 3 Found: 0, healthy nodes count inNodeManager: 5.
	at org.apache.hadoop.hdds.scm.pipeline.PipelinePlacementPolicy.filterViableNodes(PipelinePlacementPolicy.java:147)
	at org.apache.hadoop.hdds.scm.pipeline.PipelinePlacementPolicy.chooseDatanodes(PipelinePlacementPolicy.java:170)
	at org.apache.hadoop.hdds.scm.pipeline.RatisPipelineProvider.create(RatisPipelineProvider.java:92)
	at org.apache.hadoop.hdds.scm.pipeline.PipelineFactory.create(PipelineFactory.java:57)
	at org.apache.hadoop.hdds.scm.pipeline.SCMPipelineManager.createPipeline(SCMPipelineManager.java:149)
	at org.apache.hadoop.hdds.scm.block.BlockManagerImpl.allocateBlock(BlockManagerImpl.java:190)
	at org.apache.hadoop.hdds.scm.server.SCMBlockProtocolServer.allocateBlock(SCMBlockProtocolServer.java:175)
	at org.apache.hadoop.ozone.protocolPB.ScmBlockLocationProtocolServerSideTranslatorPB.allocateScmBlock(ScmBlockLocationProtocolServerSideTranslatorPB.java:153)
	at org.apache.hadoop.ozone.protocolPB.ScmBlockLocationProtocolServerSideTranslatorPB.send(ScmBlockLocationProtocolServerSideTranslatorPB.java:112)
	at org.apache.hadoop.hdds.protocol.proto.ScmBlockLocationProtocolProtos$ScmBlockLocationProtocolService$2.callBlockingMethod(ScmBlockLocationProtocolProtos.java:13157)
	at org.apache.hadoop.ipc.ProtobufRpcEngine$Server$ProtoBufRpcInvoker.call(ProtobufRpcEngine.java:524)
	at org.apache.hadoop.ipc.RPC$Server.call(RPC.java:1025)
	at org.apache.hadoop.ipc.Server$RpcCall.run(Server.java:876)
	at org.apache.hadoop.ipc.Server$RpcCall.run(Server.java:822)
	at java.security.AccessController.doPrivileged(Native Method)
	at javax.security.auth.Subject.doAs(Subject.java:422)
	at org.apache.hadoop.security.UserGroupInformation.doAs(UserGroupInformation.java:1730)
	at org.apache.hadoop.ipc.Server$Handler.run(Server.java:2682)
2019-09-12 11:53:45,348 [IPC Server handler 9 on 37459] ERROR pipeline.PipelinePlacementPolicy (PipelinePlacementPolicy.java:meetCriteria(91)) - Pipeline Placement: Doesn't meet the criteria to be viable node. Heaviness: 6
2019-09-12 11:53:45,349 [IPC Server handler 9 on 37459] ERROR pipeline.PipelinePlacementPolicy (PipelinePlacementPolicy.java:meetCriteria(91)) - Pipeline Placement: Doesn't meet the criteria to be viable node. Heaviness: 6
2019-09-12 11:53:45,349 [IPC Server handler 9 on 37459] ERROR pipeline.PipelinePlacementPolicy (PipelinePlacementPolicy.java:meetCriteria(91)) - Pipeline Placement: Doesn't meet the criteria to be viable node. Heaviness: 6
2019-09-12 11:53:45,350 [IPC Server handler 9 on 37459] ERROR pipeline.PipelinePlacementPolicy (PipelinePlacementPolicy.java:meetCriteria(91)) - Pipeline Placement: Doesn't meet the criteria to be viable node. Heaviness: 6
2019-09-12 11:53:45,350 [IPC Server handler 9 on 37459] ERROR pipeline.PipelinePlacementPolicy (PipelinePlacementPolicy.java:meetCriteria(91)) - Pipeline Placement: Doesn't meet the criteria to be viable node. Heaviness: 6
2019-09-12 11:53:45,350 [IPC Server handler 9 on 37459] ERROR pipeline.PipelinePlacementPolicy (PipelinePlacementPolicy.java:filterViableNodes(146)) - Unable to find enough nodes that meet the criteria that cannot engage in more than 5 pipelines. Nodes required: 3 Found: 0, healthy nodes count inNodeManager: 5.
2019-09-12 11:53:45,350 [IPC Server handler 9 on 37459] ERROR pipeline.SCMPipelineManager (SCMPipelineManager.java:createPipeline(161)) - Pipeline creation failed due to exception: Unable to find enough nodes that meet the criteria that cannot engage in more than 5 pipelines. Nodes required: 3 Found: 0, healthy nodes count inNodeManager: 5.
2019-09-12 11:53:45,350 [IPC Server handler 9 on 37459] WARN  block.BlockManagerImpl (BlockManagerImpl.java:allocateBlock(192)) - Pipeline creation failed for type:RATIS factor:THREE. Retrying get pipelines call once.
org.apache.hadoop.hdds.scm.exceptions.SCMException: Unable to find enough nodes that meet the criteria that cannot engage in more than 5 pipelines. Nodes required: 3 Found: 0, healthy nodes count inNodeManager: 5.
	at org.apache.hadoop.hdds.scm.pipeline.PipelinePlacementPolicy.filterViableNodes(PipelinePlacementPolicy.java:147)
	at org.apache.hadoop.hdds.scm.pipeline.PipelinePlacementPolicy.chooseDatanodes(PipelinePlacementPolicy.java:170)
	at org.apache.hadoop.hdds.scm.pipeline.RatisPipelineProvider.create(RatisPipelineProvider.java:92)
	at org.apache.hadoop.hdds.scm.pipeline.PipelineFactory.create(PipelineFactory.java:57)
	at org.apache.hadoop.hdds.scm.pipeline.SCMPipelineManager.createPipeline(SCMPipelineManager.java:149)
	at org.apache.hadoop.hdds.scm.block.BlockManagerImpl.allocateBlock(BlockManagerImpl.java:190)
	at org.apache.hadoop.hdds.scm.server.SCMBlockProtocolServer.allocateBlock(SCMBlockProtocolServer.java:175)
	at org.apache.hadoop.ozone.protocolPB.ScmBlockLocationProtocolServerSideTranslatorPB.allocateScmBlock(ScmBlockLocationProtocolServerSideTranslatorPB.java:153)
	at org.apache.hadoop.ozone.protocolPB.ScmBlockLocationProtocolServerSideTranslatorPB.send(ScmBlockLocationProtocolServerSideTranslatorPB.java:112)
	at org.apache.hadoop.hdds.protocol.proto.ScmBlockLocationProtocolProtos$ScmBlockLocationProtocolService$2.callBlockingMethod(ScmBlockLocationProtocolProtos.java:13157)
	at org.apache.hadoop.ipc.ProtobufRpcEngine$Server$ProtoBufRpcInvoker.call(ProtobufRpcEngine.java:524)
	at org.apache.hadoop.ipc.RPC$Server.call(RPC.java:1025)
	at org.apache.hadoop.ipc.Server$RpcCall.run(Server.java:876)
	at org.apache.hadoop.ipc.Server$RpcCall.run(Server.java:822)
	at java.security.AccessController.doPrivileged(Native Method)
	at javax.security.auth.Subject.doAs(Subject.java:422)
	at org.apache.hadoop.security.UserGroupInformation.doAs(UserGroupInformation.java:1730)
	at org.apache.hadoop.ipc.Server$Handler.run(Server.java:2682)
2019-09-12 11:53:45,351 [IPC Server handler 15 on 37459] ERROR pipeline.PipelinePlacementPolicy (PipelinePlacementPolicy.java:meetCriteria(91)) - Pipeline Placement: Doesn't meet the criteria to be viable node. Heaviness: 6
2019-09-12 11:53:45,351 [IPC Server handler 1 on 37459] INFO  block.BlockManagerImpl (BlockManagerImpl.java:allocateBlock(198)) - Could not find available pipeline of type:RATIS and factor:THREE even after retrying
2019-09-12 11:53:45,351 [IPC Server handler 15 on 37459] ERROR pipeline.PipelinePlacementPolicy (PipelinePlacementPolicy.java:meetCriteria(91)) - Pipeline Placement: Doesn't meet the criteria to be viable node. Heaviness: 6
2019-09-12 11:53:45,351 [IPC Server handler 1 on 37459] ERROR block.BlockManagerImpl (BlockManagerImpl.java:allocateBlock(222)) - Unable to allocate a block for the size: 4194304, type: RATIS, factor: THREE
2019-09-12 11:53:45,351 [IPC Server handler 15 on 37459] ERROR pipeline.PipelinePlacementPolicy (PipelinePlacementPolicy.java:meetCriteria(91)) - Pipeline Placement: Doesn't meet the criteria to be viable node. Heaviness: 6
2019-09-12 11:53:45,351 | INFO  | SCMAudit | user=jenkins1000 | ip=192.168.157.195 | op=ALLOCATE_BLOCK {owner=49403385-f916-4dd7-890f-60418ff3d1f3, size=4194304, type=RATIS, factor=THREE} | ret=SUCCESS |  
2019-09-12 11:53:45,351 [IPC Server handler 15 on 37459] ERROR pipeline.PipelinePlacementPolicy (PipelinePlacementPolicy.java:meetCriteria(91)) - Pipeline Placement: Doesn't meet the criteria to be viable node. Heaviness: 6
2019-09-12 11:53:45,352 [IPC Server handler 15 on 37459] ERROR pipeline.PipelinePlacementPolicy (PipelinePlacementPolicy.java:meetCriteria(91)) - Pipeline Placement: Doesn't meet the criteria to be viable node. Heaviness: 6
2019-09-12 11:53:45,352 [IPC Server handler 15 on 37459] ERROR pipeline.PipelinePlacementPolicy (PipelinePlacementPolicy.java:filterViableNodes(146)) - Unable to find enough nodes that meet the criteria that cannot engage in more than 5 pipelines. Nodes required: 3 Found: 0, healthy nodes count inNodeManager: 5.
2019-09-12 11:53:45,352 [IPC Server handler 15 on 37459] ERROR pipeline.SCMPipelineManager (SCMPipelineManager.java:createPipeline(161)) - Pipeline creation failed due to exception: Unable to find enough nodes that meet the criteria that cannot engage in more than 5 pipelines. Nodes required: 3 Found: 0, healthy nodes count inNodeManager: 5.
2019-09-12 11:53:45,352 [IPC Server handler 15 on 37459] WARN  block.BlockManagerImpl (BlockManagerImpl.java:allocateBlock(192)) - Pipeline creation failed for type:RATIS factor:THREE. Retrying get pipelines call once.
org.apache.hadoop.hdds.scm.exceptions.SCMException: Unable to find enough nodes that meet the criteria that cannot engage in more than 5 pipelines. Nodes required: 3 Found: 0, healthy nodes count inNodeManager: 5.
	at org.apache.hadoop.hdds.scm.pipeline.PipelinePlacementPolicy.filterViableNodes(PipelinePlacementPolicy.java:147)
	at org.apache.hadoop.hdds.scm.pipeline.PipelinePlacementPolicy.chooseDatanodes(PipelinePlacementPolicy.java:170)
	at org.apache.hadoop.hdds.scm.pipeline.RatisPipelineProvider.create(RatisPipelineProvider.java:92)
	at org.apache.hadoop.hdds.scm.pipeline.PipelineFactory.create(PipelineFactory.java:57)
	at org.apache.hadoop.hdds.scm.pipeline.SCMPipelineManager.createPipeline(SCMPipelineManager.java:149)
	at org.apache.hadoop.hdds.scm.block.BlockManagerImpl.allocateBlock(BlockManagerImpl.java:190)
	at org.apache.hadoop.hdds.scm.server.SCMBlockProtocolServer.allocateBlock(SCMBlockProtocolServer.java:175)
	at org.apache.hadoop.ozone.protocolPB.ScmBlockLocationProtocolServerSideTranslatorPB.allocateScmBlock(ScmBlockLocationProtocolServerSideTranslatorPB.java:153)
	at org.apache.hadoop.ozone.protocolPB.ScmBlockLocationProtocolServerSideTranslatorPB.send(ScmBlockLocationProtocolServerSideTranslatorPB.java:112)
	at org.apache.hadoop.hdds.protocol.proto.ScmBlockLocationProtocolProtos$ScmBlockLocationProtocolService$2.callBlockingMethod(ScmBlockLocationProtocolProtos.java:13157)
	at org.apache.hadoop.ipc.ProtobufRpcEngine$Server$ProtoBufRpcInvoker.call(ProtobufRpcEngine.java:524)
	at org.apache.hadoop.ipc.RPC$Server.call(RPC.java:1025)
	at org.apache.hadoop.ipc.Server$RpcCall.run(Server.java:876)
	at org.apache.hadoop.ipc.Server$RpcCall.run(Server.java:822)
	at java.security.AccessController.doPrivileged(Native Method)
	at javax.security.auth.Subject.doAs(Subject.java:422)
	at org.apache.hadoop.security.UserGroupInformation.doAs(UserGroupInformation.java:1730)
	at org.apache.hadoop.ipc.Server$Handler.run(Server.java:2682)
2019-09-12 11:53:45,352 [IPC Server handler 7 on 37459] ERROR pipeline.PipelinePlacementPolicy (PipelinePlacementPolicy.java:meetCriteria(91)) - Pipeline Placement: Doesn't meet the criteria to be viable node. Heaviness: 6
2019-09-12 11:53:45,354 [IPC Server handler 7 on 37459] ERROR pipeline.PipelinePlacementPolicy (PipelinePlacementPolicy.java:meetCriteria(91)) - Pipeline Placement: Doesn't meet the criteria to be viable node. Heaviness: 6
2019-09-12 11:53:45,352 [IPC Server handler 9 on 37459] INFO  block.BlockManagerImpl (BlockManagerImpl.java:allocateBlock(198)) - Could not find available pipeline of type:RATIS and factor:THREE even after retrying
2019-09-12 11:53:45,354 [IPC Server handler 7 on 37459] ERROR pipeline.PipelinePlacementPolicy (PipelinePlacementPolicy.java:meetCriteria(91)) - Pipeline Placement: Doesn't meet the criteria to be viable node. Heaviness: 6
2019-09-12 11:53:45,354 [IPC Server handler 9 on 37459] ERROR block.BlockManagerImpl (BlockManagerImpl.java:allocateBlock(222)) - Unable to allocate a block for the size: 4194304, type: RATIS, factor: THREE
2019-09-12 11:53:45,352 | ERROR | OMAudit | user=jenkins1000 | ip=127.0.0.1 | op=ALLOCATE_KEY {volume=vol-1-10364, bucket=bucket-1-50186, key=key-0-65834, dataSize=10240, replicationType=RATIS, replicationFactor=THREE, keyLocationInfo=null} | ret=FAILURE | org.apache.hadoop.hdds.scm.exceptions.SCMException: Allocated 0 blocks. Requested 1 blocks
	at org.apache.hadoop.hdds.scm.protocolPB.ScmBlockLocationProtocolClientSideTranslatorPB.handleError(ScmBlockLocationProtocolClientSideTranslatorPB.java:118)
	at org.apache.hadoop.hdds.scm.protocolPB.ScmBlockLocationProtocolClientSideTranslatorPB.allocateBlock(ScmBlockLocationProtocolClientSideTranslatorPB.java:156) 
2019-09-12 11:53:45,354 [IPC Server handler 7 on 37459] ERROR pipeline.PipelinePlacementPolicy (PipelinePlacementPolicy.java:meetCriteria(91)) - Pipeline Placement: Doesn't meet the criteria to be viable node. Heaviness: 6
2019-09-12 11:53:45,355 | INFO  | SCMAudit | user=jenkins1000 | ip=192.168.157.195 | op=ALLOCATE_BLOCK {owner=49403385-f916-4dd7-890f-60418ff3d1f3, size=4194304, type=RATIS, factor=THREE} | ret=SUCCESS |  
2019-09-12 11:53:45,355 [IPC Server handler 7 on 37459] ERROR pipeline.PipelinePlacementPolicy (PipelinePlacementPolicy.java:meetCriteria(91)) - Pipeline Placement: Doesn't meet the criteria to be viable node. Heaviness: 6
2019-09-12 11:53:45,355 [IPC Server handler 7 on 37459] ERROR pipeline.PipelinePlacementPolicy (PipelinePlacementPolicy.java:filterViableNodes(146)) - Unable to find enough nodes that meet the criteria that cannot engage in more than 5 pipelines. Nodes required: 3 Found: 0, healthy nodes count inNodeManager: 5.
2019-09-12 11:53:45,356 [IPC Server handler 7 on 37459] ERROR pipeline.SCMPipelineManager (SCMPipelineManager.java:createPipeline(161)) - Pipeline creation failed due to exception: Unable to find enough nodes that meet the criteria that cannot engage in more than 5 pipelines. Nodes required: 3 Found: 0, healthy nodes count inNodeManager: 5.
2019-09-12 11:53:45,356 [IPC Server handler 7 on 37459] WARN  block.BlockManagerImpl (BlockManagerImpl.java:allocateBlock(192)) - Pipeline creation failed for type:RATIS factor:THREE. Retrying get pipelines call once.
org.apache.hadoop.hdds.scm.exceptions.SCMException: Unable to find enough nodes that meet the criteria that cannot engage in more than 5 pipelines. Nodes required: 3 Found: 0, healthy nodes count inNodeManager: 5.
	at org.apache.hadoop.hdds.scm.pipeline.PipelinePlacementPolicy.filterViableNodes(PipelinePlacementPolicy.java:147)
	at org.apache.hadoop.hdds.scm.pipeline.PipelinePlacementPolicy.chooseDatanodes(PipelinePlacementPolicy.java:170)
	at org.apache.hadoop.hdds.scm.pipeline.RatisPipelineProvider.create(RatisPipelineProvider.java:92)
	at org.apache.hadoop.hdds.scm.pipeline.PipelineFactory.create(PipelineFactory.java:57)
	at org.apache.hadoop.hdds.scm.pipeline.SCMPipelineManager.createPipeline(SCMPipelineManager.java:149)
	at org.apache.hadoop.hdds.scm.block.BlockManagerImpl.allocateBlock(BlockManagerImpl.java:190)
	at org.apache.hadoop.hdds.scm.server.SCMBlockProtocolServer.allocateBlock(SCMBlockProtocolServer.java:175)
	at org.apache.hadoop.ozone.protocolPB.ScmBlockLocationProtocolServerSideTranslatorPB.allocateScmBlock(ScmBlockLocationProtocolServerSideTranslatorPB.java:153)
	at org.apache.hadoop.ozone.protocolPB.ScmBlockLocationProtocolServerSideTranslatorPB.send(ScmBlockLocationProtocolServerSideTranslatorPB.java:112)
	at org.apache.hadoop.hdds.protocol.proto.ScmBlockLocationProtocolProtos$ScmBlockLocationProtocolService$2.callBlockingMethod(ScmBlockLocationProtocolProtos.java:13157)
	at org.apache.hadoop.ipc.ProtobufRpcEngine$Server$ProtoBufRpcInvoker.call(ProtobufRpcEngine.java:524)
	at org.apache.hadoop.ipc.RPC$Server.call(RPC.java:1025)
	at org.apache.hadoop.ipc.Server$RpcCall.run(Server.java:876)
	at org.apache.hadoop.ipc.Server$RpcCall.run(Server.java:822)
	at java.security.AccessController.doPrivileged(Native Method)
	at javax.security.auth.Subject.doAs(Subject.java:422)
	at org.apache.hadoop.security.UserGroupInformation.doAs(UserGroupInformation.java:1730)
	at org.apache.hadoop.ipc.Server$Handler.run(Server.java:2682)
2019-09-12 11:53:45,357 | ERROR | OMAudit | user=jenkins1000 | ip=127.0.0.1 | op=ALLOCATE_KEY {volume=vol-0-54880, bucket=bucket-3-66657, key=key-0-41321, dataSize=10240, replicationType=RATIS, replicationFactor=THREE, keyLocationInfo=null} | ret=FAILURE | org.apache.hadoop.hdds.scm.exceptions.SCMException: Allocated 0 blocks. Requested 1 blocks
	at org.apache.hadoop.hdds.scm.protocolPB.ScmBlockLocationProtocolClientSideTranslatorPB.handleError(ScmBlockLocationProtocolClientSideTranslatorPB.java:118)
	at org.apache.hadoop.hdds.scm.protocolPB.ScmBlockLocationProtocolClientSideTranslatorPB.allocateBlock(ScmBlockLocationProtocolClientSideTranslatorPB.java:156) 
2019-09-12 11:53:45,356 [IPC Server handler 10 on 37459] ERROR pipeline.PipelinePlacementPolicy (PipelinePlacementPolicy.java:meetCriteria(91)) - Pipeline Placement: Doesn't meet the criteria to be viable node. Heaviness: 6
2019-09-12 11:53:45,356 [pool-80-thread-5] ERROR freon.RandomKeyGenerator (RandomKeyGenerator.java:createKey(724)) - Exception while adding key: key-0-65834 in bucket: bucket-1-50186 of volume: vol-1-10364.
INTERNAL_ERROR org.apache.hadoop.ozone.om.exceptions.OMException: Allocated 0 blocks. Requested 1 blocks
	at org.apache.hadoop.ozone.om.protocolPB.OzoneManagerProtocolClientSideTranslatorPB.handleError(OzoneManagerProtocolClientSideTranslatorPB.java:725)
	at org.apache.hadoop.ozone.om.protocolPB.OzoneManagerProtocolClientSideTranslatorPB.openKey(OzoneManagerProtocolClientSideTranslatorPB.java:716)
	at org.apache.hadoop.ozone.client.rpc.RpcClient.createKey(RpcClient.java:615)
	at org.apache.hadoop.ozone.client.OzoneBucket.createKey(OzoneBucket.java:323)
	at org.apache.hadoop.ozone.freon.RandomKeyGenerator.createKey(RandomKeyGenerator.java:686)
	at org.apache.hadoop.ozone.freon.RandomKeyGenerator.access$1100(RandomKeyGenerator.java:87)
	at org.apache.hadoop.ozone.freon.RandomKeyGenerator$ObjectCreator.run(RandomKeyGenerator.java:606)
	at java.util.concurrent.Executors$RunnableAdapter.call(Executors.java:511)
	at java.util.concurrent.FutureTask.run(FutureTask.java:266)
	at java.util.concurrent.ThreadPoolExecutor.runWorker(ThreadPoolExecutor.java:1149)
	at java.util.concurrent.ThreadPoolExecutor$Worker.run(ThreadPoolExecutor.java:624)
	at java.lang.Thread.run(Thread.java:748)
2019-09-12 11:53:45,363 [IPC Server handler 10 on 37459] ERROR pipeline.PipelinePlacementPolicy (PipelinePlacementPolicy.java:meetCriteria(91)) - Pipeline Placement: Doesn't meet the criteria to be viable node. Heaviness: 6
2019-09-12 11:53:45,363 [pool-80-thread-7] ERROR freon.RandomKeyGenerator (RandomKeyGenerator.java:createKey(724)) - Exception while adding key: key-0-41321 in bucket: bucket-3-66657 of volume: vol-0-54880.
INTERNAL_ERROR org.apache.hadoop.ozone.om.exceptions.OMException: Allocated 0 blocks. Requested 1 blocks
	at org.apache.hadoop.ozone.om.protocolPB.OzoneManagerProtocolClientSideTranslatorPB.handleError(OzoneManagerProtocolClientSideTranslatorPB.java:725)
	at org.apache.hadoop.ozone.om.protocolPB.OzoneManagerProtocolClientSideTranslatorPB.openKey(OzoneManagerProtocolClientSideTranslatorPB.java:716)
	at org.apache.hadoop.ozone.client.rpc.RpcClient.createKey(RpcClient.java:615)
	at org.apache.hadoop.ozone.client.OzoneBucket.createKey(OzoneBucket.java:323)
	at org.apache.hadoop.ozone.freon.RandomKeyGenerator.createKey(RandomKeyGenerator.java:686)
	at org.apache.hadoop.ozone.freon.RandomKeyGenerator.access$1100(RandomKeyGenerator.java:87)
	at org.apache.hadoop.ozone.freon.RandomKeyGenerator$ObjectCreator.run(RandomKeyGenerator.java:606)
	at java.util.concurrent.Executors$RunnableAdapter.call(Executors.java:511)
	at java.util.concurrent.FutureTask.run(FutureTask.java:266)
	at java.util.concurrent.ThreadPoolExecutor.runWorker(ThreadPoolExecutor.java:1149)
	at java.util.concurrent.ThreadPoolExecutor$Worker.run(ThreadPoolExecutor.java:624)
	at java.lang.Thread.run(Thread.java:748)
2019-09-12 11:53:45,364 [IPC Server handler 10 on 37459] ERROR pipeline.PipelinePlacementPolicy (PipelinePlacementPolicy.java:meetCriteria(91)) - Pipeline Placement: Doesn't meet the criteria to be viable node. Heaviness: 6
2019-09-12 11:53:45,364 [IPC Server handler 10 on 37459] ERROR pipeline.PipelinePlacementPolicy (PipelinePlacementPolicy.java:meetCriteria(91)) - Pipeline Placement: Doesn't meet the criteria to be viable node. Heaviness: 6
2019-09-12 11:53:45,365 [IPC Server handler 10 on 37459] ERROR pipeline.PipelinePlacementPolicy (PipelinePlacementPolicy.java:meetCriteria(91)) - Pipeline Placement: Doesn't meet the criteria to be viable node. Heaviness: 6
2019-09-12 11:53:45,365 [IPC Server handler 10 on 37459] ERROR pipeline.PipelinePlacementPolicy (PipelinePlacementPolicy.java:filterViableNodes(146)) - Unable to find enough nodes that meet the criteria that cannot engage in more than 5 pipelines. Nodes required: 3 Found: 0, healthy nodes count inNodeManager: 5.
2019-09-12 11:53:45,365 [IPC Server handler 10 on 37459] ERROR pipeline.SCMPipelineManager (SCMPipelineManager.java:createPipeline(161)) - Pipeline creation failed due to exception: Unable to find enough nodes that meet the criteria that cannot engage in more than 5 pipelines. Nodes required: 3 Found: 0, healthy nodes count inNodeManager: 5.
2019-09-12 11:53:45,365 [IPC Server handler 10 on 37459] WARN  block.BlockManagerImpl (BlockManagerImpl.java:allocateBlock(192)) - Pipeline creation failed for type:RATIS factor:THREE. Retrying get pipelines call once.
org.apache.hadoop.hdds.scm.exceptions.SCMException: Unable to find enough nodes that meet the criteria that cannot engage in more than 5 pipelines. Nodes required: 3 Found: 0, healthy nodes count inNodeManager: 5.
	at org.apache.hadoop.hdds.scm.pipeline.PipelinePlacementPolicy.filterViableNodes(PipelinePlacementPolicy.java:147)
	at org.apache.hadoop.hdds.scm.pipeline.PipelinePlacementPolicy.chooseDatanodes(PipelinePlacementPolicy.java:170)
	at org.apache.hadoop.hdds.scm.pipeline.RatisPipelineProvider.create(RatisPipelineProvider.java:92)
	at org.apache.hadoop.hdds.scm.pipeline.PipelineFactory.create(PipelineFactory.java:57)
	at org.apache.hadoop.hdds.scm.pipeline.SCMPipelineManager.createPipeline(SCMPipelineManager.java:149)
	at org.apache.hadoop.hdds.scm.block.BlockManagerImpl.allocateBlock(BlockManagerImpl.java:190)
	at org.apache.hadoop.hdds.scm.server.SCMBlockProtocolServer.allocateBlock(SCMBlockProtocolServer.java:175)
	at org.apache.hadoop.ozone.protocolPB.ScmBlockLocationProtocolServerSideTranslatorPB.allocateScmBlock(ScmBlockLocationProtocolServerSideTranslatorPB.java:153)
	at org.apache.hadoop.ozone.protocolPB.ScmBlockLocationProtocolServerSideTranslatorPB.send(ScmBlockLocationProtocolServerSideTranslatorPB.java:112)
	at org.apache.hadoop.hdds.protocol.proto.ScmBlockLocationProtocolProtos$ScmBlockLocationProtocolService$2.callBlockingMethod(ScmBlockLocationProtocolProtos.java:13157)
	at org.apache.hadoop.ipc.ProtobufRpcEngine$Server$ProtoBufRpcInvoker.call(ProtobufRpcEngine.java:524)
	at org.apache.hadoop.ipc.RPC$Server.call(RPC.java:1025)
	at org.apache.hadoop.ipc.Server$RpcCall.run(Server.java:876)
	at org.apache.hadoop.ipc.Server$RpcCall.run(Server.java:822)
	at java.security.AccessController.doPrivileged(Native Method)
	at javax.security.auth.Subject.doAs(Subject.java:422)
	at org.apache.hadoop.security.UserGroupInformation.doAs(UserGroupInformation.java:1730)
	at org.apache.hadoop.ipc.Server$Handler.run(Server.java:2682)
2019-09-12 11:53:45,365 [IPC Server handler 16 on 37459] ERROR pipeline.PipelinePlacementPolicy (PipelinePlacementPolicy.java:meetCriteria(91)) - Pipeline Placement: Doesn't meet the criteria to be viable node. Heaviness: 6
2019-09-12 11:53:45,366 [IPC Server handler 16 on 37459] ERROR pipeline.PipelinePlacementPolicy (PipelinePlacementPolicy.java:meetCriteria(91)) - Pipeline Placement: Doesn't meet the criteria to be viable node. Heaviness: 6
2019-09-12 11:53:45,365 [IPC Server handler 7 on 37459] INFO  block.BlockManagerImpl (BlockManagerImpl.java:allocateBlock(198)) - Could not find available pipeline of type:RATIS and factor:THREE even after retrying
2019-09-12 11:53:45,366 [IPC Server handler 7 on 37459] ERROR block.BlockManagerImpl (BlockManagerImpl.java:allocateBlock(222)) - Unable to allocate a block for the size: 4194304, type: RATIS, factor: THREE
2019-09-12 11:53:45,365 [IPC Server handler 15 on 37459] INFO  block.BlockManagerImpl (BlockManagerImpl.java:allocateBlock(198)) - Could not find available pipeline of type:RATIS and factor:THREE even after retrying
2019-09-12 11:53:45,366 | INFO  | SCMAudit | user=jenkins1000 | ip=192.168.157.195 | op=ALLOCATE_BLOCK {owner=49403385-f916-4dd7-890f-60418ff3d1f3, size=4194304, type=RATIS, factor=THREE} | ret=SUCCESS |  
2019-09-12 11:53:45,366 [IPC Server handler 15 on 37459] ERROR block.BlockManagerImpl (BlockManagerImpl.java:allocateBlock(222)) - Unable to allocate a block for the size: 4194304, type: RATIS, factor: THREE
2019-09-12 11:53:45,367 | INFO  | SCMAudit | user=jenkins1000 | ip=192.168.157.195 | op=ALLOCATE_BLOCK {owner=49403385-f916-4dd7-890f-60418ff3d1f3, size=4194304, type=RATIS, factor=THREE} | ret=SUCCESS |  
2019-09-12 11:53:45,366 [IPC Server handler 16 on 37459] ERROR pipeline.PipelinePlacementPolicy (PipelinePlacementPolicy.java:meetCriteria(91)) - Pipeline Placement: Doesn't meet the criteria to be viable node. Heaviness: 6
2019-09-12 11:53:45,367 [IPC Server handler 16 on 37459] ERROR pipeline.PipelinePlacementPolicy (PipelinePlacementPolicy.java:meetCriteria(91)) - Pipeline Placement: Doesn't meet the criteria to be viable node. Heaviness: 6
2019-09-12 11:53:45,367 [IPC Server handler 16 on 37459] ERROR pipeline.PipelinePlacementPolicy (PipelinePlacementPolicy.java:meetCriteria(91)) - Pipeline Placement: Doesn't meet the criteria to be viable node. Heaviness: 6
2019-09-12 11:53:45,367 [IPC Server handler 16 on 37459] ERROR pipeline.PipelinePlacementPolicy (PipelinePlacementPolicy.java:filterViableNodes(146)) - Unable to find enough nodes that meet the criteria that cannot engage in more than 5 pipelines. Nodes required: 3 Found: 0, healthy nodes count inNodeManager: 5.
2019-09-12 11:53:45,367 [IPC Server handler 16 on 37459] ERROR pipeline.SCMPipelineManager (SCMPipelineManager.java:createPipeline(161)) - Pipeline creation failed due to exception: Unable to find enough nodes that meet the criteria that cannot engage in more than 5 pipelines. Nodes required: 3 Found: 0, healthy nodes count inNodeManager: 5.
2019-09-12 11:53:45,367 | ERROR | OMAudit | user=jenkins1000 | ip=127.0.0.1 | op=ALLOCATE_KEY {volume=vol-1-10364, bucket=bucket-4-62657, key=key-0-74228, dataSize=10240, replicationType=RATIS, replicationFactor=THREE, keyLocationInfo=null} | ret=FAILURE | org.apache.hadoop.hdds.scm.exceptions.SCMException: Allocated 0 blocks. Requested 1 blocks
	at org.apache.hadoop.hdds.scm.protocolPB.ScmBlockLocationProtocolClientSideTranslatorPB.handleError(ScmBlockLocationProtocolClientSideTranslatorPB.java:118)
	at org.apache.hadoop.hdds.scm.protocolPB.ScmBlockLocationProtocolClientSideTranslatorPB.allocateBlock(ScmBlockLocationProtocolClientSideTranslatorPB.java:156) 
2019-09-12 11:53:45,367 | ERROR | OMAudit | user=jenkins1000 | ip=127.0.0.1 | op=ALLOCATE_KEY {volume=vol-0-54880, bucket=bucket-0-30358, key=key-0-26632, dataSize=10240, replicationType=RATIS, replicationFactor=THREE, keyLocationInfo=null} | ret=FAILURE | org.apache.hadoop.hdds.scm.exceptions.SCMException: Allocated 0 blocks. Requested 1 blocks
	at org.apache.hadoop.hdds.scm.protocolPB.ScmBlockLocationProtocolClientSideTranslatorPB.handleError(ScmBlockLocationProtocolClientSideTranslatorPB.java:118)
	at org.apache.hadoop.hdds.scm.protocolPB.ScmBlockLocationProtocolClientSideTranslatorPB.allocateBlock(ScmBlockLocationProtocolClientSideTranslatorPB.java:156) 
2019-09-12 11:53:45,368 [IPC Server handler 16 on 37459] WARN  block.BlockManagerImpl (BlockManagerImpl.java:allocateBlock(192)) - Pipeline creation failed for type:RATIS factor:THREE. Retrying get pipelines call once.
org.apache.hadoop.hdds.scm.exceptions.SCMException: Unable to find enough nodes that meet the criteria that cannot engage in more than 5 pipelines. Nodes required: 3 Found: 0, healthy nodes count inNodeManager: 5.
	at org.apache.hadoop.hdds.scm.pipeline.PipelinePlacementPolicy.filterViableNodes(PipelinePlacementPolicy.java:147)
	at org.apache.hadoop.hdds.scm.pipeline.PipelinePlacementPolicy.chooseDatanodes(PipelinePlacementPolicy.java:170)
	at org.apache.hadoop.hdds.scm.pipeline.RatisPipelineProvider.create(RatisPipelineProvider.java:92)
	at org.apache.hadoop.hdds.scm.pipeline.PipelineFactory.create(PipelineFactory.java:57)
	at org.apache.hadoop.hdds.scm.pipeline.SCMPipelineManager.createPipeline(SCMPipelineManager.java:149)
	at org.apache.hadoop.hdds.scm.block.BlockManagerImpl.allocateBlock(BlockManagerImpl.java:190)
	at org.apache.hadoop.hdds.scm.server.SCMBlockProtocolServer.allocateBlock(SCMBlockProtocolServer.java:175)
	at org.apache.hadoop.ozone.protocolPB.ScmBlockLocationProtocolServerSideTranslatorPB.allocateScmBlock(ScmBlockLocationProtocolServerSideTranslatorPB.java:153)
	at org.apache.hadoop.ozone.protocolPB.ScmBlockLocationProtocolServerSideTranslatorPB.send(ScmBlockLocationProtocolServerSideTranslatorPB.java:112)
	at org.apache.hadoop.hdds.protocol.proto.ScmBlockLocationProtocolProtos$ScmBlockLocationProtocolService$2.callBlockingMethod(ScmBlockLocationProtocolProtos.java:13157)
	at org.apache.hadoop.ipc.ProtobufRpcEngine$Server$ProtoBufRpcInvoker.call(ProtobufRpcEngine.java:524)
	at org.apache.hadoop.ipc.RPC$Server.call(RPC.java:1025)
	at org.apache.hadoop.ipc.Server$RpcCall.run(Server.java:876)
	at org.apache.hadoop.ipc.Server$RpcCall.run(Server.java:822)
	at java.security.AccessController.doPrivileged(Native Method)
	at javax.security.auth.Subject.doAs(Subject.java:422)
	at org.apache.hadoop.security.UserGroupInformation.doAs(UserGroupInformation.java:1730)
	at org.apache.hadoop.ipc.Server$Handler.run(Server.java:2682)
2019-09-12 11:53:45,368 [IPC Server handler 4 on 37459] ERROR pipeline.PipelinePlacementPolicy (PipelinePlacementPolicy.java:meetCriteria(91)) - Pipeline Placement: Doesn't meet the criteria to be viable node. Heaviness: 6
2019-09-12 11:53:45,368 [IPC Server handler 4 on 37459] ERROR pipeline.PipelinePlacementPolicy (PipelinePlacementPolicy.java:meetCriteria(91)) - Pipeline Placement: Doesn't meet the criteria to be viable node. Heaviness: 6
2019-09-12 11:53:45,369 [IPC Server handler 4 on 37459] ERROR pipeline.PipelinePlacementPolicy (PipelinePlacementPolicy.java:meetCriteria(91)) - Pipeline Placement: Doesn't meet the criteria to be viable node. Heaviness: 6
2019-09-12 11:53:45,368 [IPC Server handler 10 on 37459] INFO  block.BlockManagerImpl (BlockManagerImpl.java:allocateBlock(198)) - Could not find available pipeline of type:RATIS and factor:THREE even after retrying
2019-09-12 11:53:45,369 [IPC Server handler 4 on 37459] ERROR pipeline.PipelinePlacementPolicy (PipelinePlacementPolicy.java:meetCriteria(91)) - Pipeline Placement: Doesn't meet the criteria to be viable node. Heaviness: 6
2019-09-12 11:53:45,368 [pool-80-thread-1] ERROR freon.RandomKeyGenerator (RandomKeyGenerator.java:createKey(724)) - Exception while adding key: key-0-26632 in bucket: bucket-0-30358 of volume: vol-0-54880.
INTERNAL_ERROR org.apache.hadoop.ozone.om.exceptions.OMException: Allocated 0 blocks. Requested 1 blocks
	at org.apache.hadoop.ozone.om.protocolPB.OzoneManagerProtocolClientSideTranslatorPB.handleError(OzoneManagerProtocolClientSideTranslatorPB.java:725)
	at org.apache.hadoop.ozone.om.protocolPB.OzoneManagerProtocolClientSideTranslatorPB.openKey(OzoneManagerProtocolClientSideTranslatorPB.java:716)
	at org.apache.hadoop.ozone.client.rpc.RpcClient.createKey(RpcClient.java:615)
	at org.apache.hadoop.ozone.client.OzoneBucket.createKey(OzoneBucket.java:323)
	at org.apache.hadoop.ozone.freon.RandomKeyGenerator.createKey(RandomKeyGenerator.java:686)
	at org.apache.hadoop.ozone.freon.RandomKeyGenerator.access$1100(RandomKeyGenerator.java:87)
	at org.apache.hadoop.ozone.freon.RandomKeyGenerator$ObjectCreator.run(RandomKeyGenerator.java:606)
	at java.util.concurrent.Executors$RunnableAdapter.call(Executors.java:511)
	at java.util.concurrent.FutureTask.run(FutureTask.java:266)
	at java.util.concurrent.ThreadPoolExecutor.runWorker(ThreadPoolExecutor.java:1149)
	at java.util.concurrent.ThreadPoolExecutor$Worker.run(ThreadPoolExecutor.java:624)
	at java.lang.Thread.run(Thread.java:748)
2019-09-12 11:53:45,368 [pool-80-thread-2] ERROR freon.RandomKeyGenerator (RandomKeyGenerator.java:createKey(724)) - Exception while adding key: key-0-74228 in bucket: bucket-4-62657 of volume: vol-1-10364.
INTERNAL_ERROR org.apache.hadoop.ozone.om.exceptions.OMException: Allocated 0 blocks. Requested 1 blocks
	at org.apache.hadoop.ozone.om.protocolPB.OzoneManagerProtocolClientSideTranslatorPB.handleError(OzoneManagerProtocolClientSideTranslatorPB.java:725)
	at org.apache.hadoop.ozone.om.protocolPB.OzoneManagerProtocolClientSideTranslatorPB.openKey(OzoneManagerProtocolClientSideTranslatorPB.java:716)
	at org.apache.hadoop.ozone.client.rpc.RpcClient.createKey(RpcClient.java:615)
	at org.apache.hadoop.ozone.client.OzoneBucket.createKey(OzoneBucket.java:323)
	at org.apache.hadoop.ozone.freon.RandomKeyGenerator.createKey(RandomKeyGenerator.java:686)
	at org.apache.hadoop.ozone.freon.RandomKeyGenerator.access$1100(RandomKeyGenerator.java:87)
	at org.apache.hadoop.ozone.freon.RandomKeyGenerator$ObjectCreator.run(RandomKeyGenerator.java:606)
	at java.util.concurrent.Executors$RunnableAdapter.call(Executors.java:511)
	at java.util.concurrent.FutureTask.run(FutureTask.java:266)
	at java.util.concurrent.ThreadPoolExecutor.runWorker(ThreadPoolExecutor.java:1149)
	at java.util.concurrent.ThreadPoolExecutor$Worker.run(ThreadPoolExecutor.java:624)
	at java.lang.Thread.run(Thread.java:748)
2019-09-12 11:53:45,369 [IPC Server handler 4 on 37459] ERROR pipeline.PipelinePlacementPolicy (PipelinePlacementPolicy.java:meetCriteria(91)) - Pipeline Placement: Doesn't meet the criteria to be viable node. Heaviness: 6
2019-09-12 11:53:45,369 [IPC Server handler 10 on 37459] ERROR block.BlockManagerImpl (BlockManagerImpl.java:allocateBlock(222)) - Unable to allocate a block for the size: 4194304, type: RATIS, factor: THREE
2019-09-12 11:53:45,371 [IPC Server handler 4 on 37459] ERROR pipeline.PipelinePlacementPolicy (PipelinePlacementPolicy.java:filterViableNodes(146)) - Unable to find enough nodes that meet the criteria that cannot engage in more than 5 pipelines. Nodes required: 3 Found: 0, healthy nodes count inNodeManager: 5.
2019-09-12 11:53:45,371 | INFO  | SCMAudit | user=jenkins1000 | ip=192.168.157.195 | op=ALLOCATE_BLOCK {owner=49403385-f916-4dd7-890f-60418ff3d1f3, size=4194304, type=RATIS, factor=THREE} | ret=SUCCESS |  
2019-09-12 11:53:45,371 [IPC Server handler 4 on 37459] ERROR pipeline.SCMPipelineManager (SCMPipelineManager.java:createPipeline(161)) - Pipeline creation failed due to exception: Unable to find enough nodes that meet the criteria that cannot engage in more than 5 pipelines. Nodes required: 3 Found: 0, healthy nodes count inNodeManager: 5.
2019-09-12 11:53:45,371 [IPC Server handler 4 on 37459] WARN  block.BlockManagerImpl (BlockManagerImpl.java:allocateBlock(192)) - Pipeline creation failed for type:RATIS factor:THREE. Retrying get pipelines call once.
org.apache.hadoop.hdds.scm.exceptions.SCMException: Unable to find enough nodes that meet the criteria that cannot engage in more than 5 pipelines. Nodes required: 3 Found: 0, healthy nodes count inNodeManager: 5.
	at org.apache.hadoop.hdds.scm.pipeline.PipelinePlacementPolicy.filterViableNodes(PipelinePlacementPolicy.java:147)
	at org.apache.hadoop.hdds.scm.pipeline.PipelinePlacementPolicy.chooseDatanodes(PipelinePlacementPolicy.java:170)
	at org.apache.hadoop.hdds.scm.pipeline.RatisPipelineProvider.create(RatisPipelineProvider.java:92)
	at org.apache.hadoop.hdds.scm.pipeline.PipelineFactory.create(PipelineFactory.java:57)
	at org.apache.hadoop.hdds.scm.pipeline.SCMPipelineManager.createPipeline(SCMPipelineManager.java:149)
	at org.apache.hadoop.hdds.scm.block.BlockManagerImpl.allocateBlock(BlockManagerImpl.java:190)
	at org.apache.hadoop.hdds.scm.server.SCMBlockProtocolServer.allocateBlock(SCMBlockProtocolServer.java:175)
	at org.apache.hadoop.ozone.protocolPB.ScmBlockLocationProtocolServerSideTranslatorPB.allocateScmBlock(ScmBlockLocationProtocolServerSideTranslatorPB.java:153)
	at org.apache.hadoop.ozone.protocolPB.ScmBlockLocationProtocolServerSideTranslatorPB.send(ScmBlockLocationProtocolServerSideTranslatorPB.java:112)
	at org.apache.hadoop.hdds.protocol.proto.ScmBlockLocationProtocolProtos$ScmBlockLocationProtocolService$2.callBlockingMethod(ScmBlockLocationProtocolProtos.java:13157)
	at org.apache.hadoop.ipc.ProtobufRpcEngine$Server$ProtoBufRpcInvoker.call(ProtobufRpcEngine.java:524)
	at org.apache.hadoop.ipc.RPC$Server.call(RPC.java:1025)
	at org.apache.hadoop.ipc.Server$RpcCall.run(Server.java:876)
	at org.apache.hadoop.ipc.Server$RpcCall.run(Server.java:822)
	at java.security.AccessController.doPrivileged(Native Method)
	at javax.security.auth.Subject.doAs(Subject.java:422)
	at org.apache.hadoop.security.UserGroupInformation.doAs(UserGroupInformation.java:1730)
	at org.apache.hadoop.ipc.Server$Handler.run(Server.java:2682)
2019-09-12 11:53:45,371 [IPC Server handler 12 on 37459] ERROR pipeline.PipelinePlacementPolicy (PipelinePlacementPolicy.java:meetCriteria(91)) - Pipeline Placement: Doesn't meet the criteria to be viable node. Heaviness: 6
2019-09-12 11:53:45,372 [IPC Server handler 12 on 37459] ERROR pipeline.PipelinePlacementPolicy (PipelinePlacementPolicy.java:meetCriteria(91)) - Pipeline Placement: Doesn't meet the criteria to be viable node. Heaviness: 6
2019-09-12 11:53:45,371 | ERROR | OMAudit | user=jenkins1000 | ip=127.0.0.1 | op=ALLOCATE_KEY {volume=vol-1-10364, bucket=bucket-2-24169, key=key-0-92636, dataSize=10240, replicationType=RATIS, replicationFactor=THREE, keyLocationInfo=null} | ret=FAILURE | org.apache.hadoop.hdds.scm.exceptions.SCMException: Allocated 0 blocks. Requested 1 blocks
	at org.apache.hadoop.hdds.scm.protocolPB.ScmBlockLocationProtocolClientSideTranslatorPB.handleError(ScmBlockLocationProtocolClientSideTranslatorPB.java:118)
	at org.apache.hadoop.hdds.scm.protocolPB.ScmBlockLocationProtocolClientSideTranslatorPB.allocateBlock(ScmBlockLocationProtocolClientSideTranslatorPB.java:156) 
2019-09-12 11:53:45,372 [IPC Server handler 12 on 37459] ERROR pipeline.PipelinePlacementPolicy (PipelinePlacementPolicy.java:meetCriteria(91)) - Pipeline Placement: Doesn't meet the criteria to be viable node. Heaviness: 6
2019-09-12 11:53:45,372 [IPC Server handler 12 on 37459] ERROR pipeline.PipelinePlacementPolicy (PipelinePlacementPolicy.java:meetCriteria(91)) - Pipeline Placement: Doesn't meet the criteria to be viable node. Heaviness: 6
2019-09-12 11:53:45,371 [IPC Server handler 16 on 37459] INFO  block.BlockManagerImpl (BlockManagerImpl.java:allocateBlock(198)) - Could not find available pipeline of type:RATIS and factor:THREE even after retrying
2019-09-12 11:53:45,373 [pool-80-thread-9] ERROR freon.RandomKeyGenerator (RandomKeyGenerator.java:createKey(724)) - Exception while adding key: key-0-92636 in bucket: bucket-2-24169 of volume: vol-1-10364.
INTERNAL_ERROR org.apache.hadoop.ozone.om.exceptions.OMException: Allocated 0 blocks. Requested 1 blocks
	at org.apache.hadoop.ozone.om.protocolPB.OzoneManagerProtocolClientSideTranslatorPB.handleError(OzoneManagerProtocolClientSideTranslatorPB.java:725)
	at org.apache.hadoop.ozone.om.protocolPB.OzoneManagerProtocolClientSideTranslatorPB.openKey(OzoneManagerProtocolClientSideTranslatorPB.java:716)
	at org.apache.hadoop.ozone.client.rpc.RpcClient.createKey(RpcClient.java:615)
	at org.apache.hadoop.ozone.client.OzoneBucket.createKey(OzoneBucket.java:323)
	at org.apache.hadoop.ozone.freon.RandomKeyGenerator.createKey(RandomKeyGenerator.java:686)
	at org.apache.hadoop.ozone.freon.RandomKeyGenerator.access$1100(RandomKeyGenerator.java:87)
	at org.apache.hadoop.ozone.freon.RandomKeyGenerator$ObjectCreator.run(RandomKeyGenerator.java:606)
	at java.util.concurrent.Executors$RunnableAdapter.call(Executors.java:511)
	at java.util.concurrent.FutureTask.run(FutureTask.java:266)
	at java.util.concurrent.ThreadPoolExecutor.runWorker(ThreadPoolExecutor.java:1149)
	at java.util.concurrent.ThreadPoolExecutor$Worker.run(ThreadPoolExecutor.java:624)
	at java.lang.Thread.run(Thread.java:748)
2019-09-12 11:53:45,372 [IPC Server handler 12 on 37459] ERROR pipeline.PipelinePlacementPolicy (PipelinePlacementPolicy.java:meetCriteria(91)) - Pipeline Placement: Doesn't meet the criteria to be viable node. Heaviness: 6
2019-09-12 11:53:45,373 [IPC Server handler 16 on 37459] ERROR block.BlockManagerImpl (BlockManagerImpl.java:allocateBlock(222)) - Unable to allocate a block for the size: 4194304, type: RATIS, factor: THREE
2019-09-12 11:53:45,373 | INFO  | SCMAudit | user=jenkins1000 | ip=192.168.157.195 | op=ALLOCATE_BLOCK {owner=49403385-f916-4dd7-890f-60418ff3d1f3, size=4194304, type=RATIS, factor=THREE} | ret=SUCCESS |  
2019-09-12 11:53:45,373 [IPC Server handler 12 on 37459] ERROR pipeline.PipelinePlacementPolicy (PipelinePlacementPolicy.java:filterViableNodes(146)) - Unable to find enough nodes that meet the criteria that cannot engage in more than 5 pipelines. Nodes required: 3 Found: 0, healthy nodes count inNodeManager: 5.
2019-09-12 11:53:45,374 [IPC Server handler 12 on 37459] ERROR pipeline.SCMPipelineManager (SCMPipelineManager.java:createPipeline(161)) - Pipeline creation failed due to exception: Unable to find enough nodes that meet the criteria that cannot engage in more than 5 pipelines. Nodes required: 3 Found: 0, healthy nodes count inNodeManager: 5.
2019-09-12 11:53:45,374 [IPC Server handler 12 on 37459] WARN  block.BlockManagerImpl (BlockManagerImpl.java:allocateBlock(192)) - Pipeline creation failed for type:RATIS factor:THREE. Retrying get pipelines call once.
org.apache.hadoop.hdds.scm.exceptions.SCMException: Unable to find enough nodes that meet the criteria that cannot engage in more than 5 pipelines. Nodes required: 3 Found: 0, healthy nodes count inNodeManager: 5.
	at org.apache.hadoop.hdds.scm.pipeline.PipelinePlacementPolicy.filterViableNodes(PipelinePlacementPolicy.java:147)
	at org.apache.hadoop.hdds.scm.pipeline.PipelinePlacementPolicy.chooseDatanodes(PipelinePlacementPolicy.java:170)
	at org.apache.hadoop.hdds.scm.pipeline.RatisPipelineProvider.create(RatisPipelineProvider.java:92)
	at org.apache.hadoop.hdds.scm.pipeline.PipelineFactory.create(PipelineFactory.java:57)
	at org.apache.hadoop.hdds.scm.pipeline.SCMPipelineManager.createPipeline(SCMPipelineManager.java:149)
	at org.apache.hadoop.hdds.scm.block.BlockManagerImpl.allocateBlock(BlockManagerImpl.java:190)
	at org.apache.hadoop.hdds.scm.server.SCMBlockProtocolServer.allocateBlock(SCMBlockProtocolServer.java:175)
	at org.apache.hadoop.ozone.protocolPB.ScmBlockLocationProtocolServerSideTranslatorPB.allocateScmBlock(ScmBlockLocationProtocolServerSideTranslatorPB.java:153)
	at org.apache.hadoop.ozone.protocolPB.ScmBlockLocationProtocolServerSideTranslatorPB.send(ScmBlockLocationProtocolServerSideTranslatorPB.java:112)
	at org.apache.hadoop.hdds.protocol.proto.ScmBlockLocationProtocolProtos$ScmBlockLocationProtocolService$2.callBlockingMethod(ScmBlockLocationProtocolProtos.java:13157)
	at org.apache.hadoop.ipc.ProtobufRpcEngine$Server$ProtoBufRpcInvoker.call(ProtobufRpcEngine.java:524)
	at org.apache.hadoop.ipc.RPC$Server.call(RPC.java:1025)
	at org.apache.hadoop.ipc.Server$RpcCall.run(Server.java:876)
	at org.apache.hadoop.ipc.Server$RpcCall.run(Server.java:822)
	at java.security.AccessController.doPrivileged(Native Method)
	at javax.security.auth.Subject.doAs(Subject.java:422)
	at org.apache.hadoop.security.UserGroupInformation.doAs(UserGroupInformation.java:1730)
	at org.apache.hadoop.ipc.Server$Handler.run(Server.java:2682)
2019-09-12 11:53:45,374 [IPC Server handler 17 on 37459] ERROR pipeline.PipelinePlacementPolicy (PipelinePlacementPolicy.java:meetCriteria(91)) - Pipeline Placement: Doesn't meet the criteria to be viable node. Heaviness: 6
2019-09-12 11:53:45,374 | ERROR | OMAudit | user=jenkins1000 | ip=127.0.0.1 | op=ALLOCATE_KEY {volume=vol-0-54880, bucket=bucket-1-67447, key=key-0-58026, dataSize=10240, replicationType=RATIS, replicationFactor=THREE, keyLocationInfo=null} | ret=FAILURE | org.apache.hadoop.hdds.scm.exceptions.SCMException: Allocated 0 blocks. Requested 1 blocks
	at org.apache.hadoop.hdds.scm.protocolPB.ScmBlockLocationProtocolClientSideTranslatorPB.handleError(ScmBlockLocationProtocolClientSideTranslatorPB.java:118)
	at org.apache.hadoop.hdds.scm.protocolPB.ScmBlockLocationProtocolClientSideTranslatorPB.allocateBlock(ScmBlockLocationProtocolClientSideTranslatorPB.java:156) 
2019-09-12 11:53:45,376 [IPC Server handler 17 on 37459] ERROR pipeline.PipelinePlacementPolicy (PipelinePlacementPolicy.java:meetCriteria(91)) - Pipeline Placement: Doesn't meet the criteria to be viable node. Heaviness: 6
2019-09-12 11:53:45,374 [IPC Server handler 4 on 37459] INFO  block.BlockManagerImpl (BlockManagerImpl.java:allocateBlock(198)) - Could not find available pipeline of type:RATIS and factor:THREE even after retrying
2019-09-12 11:53:45,376 [IPC Server handler 17 on 37459] ERROR pipeline.PipelinePlacementPolicy (PipelinePlacementPolicy.java:meetCriteria(91)) - Pipeline Placement: Doesn't meet the criteria to be viable node. Heaviness: 6
2019-09-12 11:53:45,376 [IPC Server handler 4 on 37459] ERROR block.BlockManagerImpl (BlockManagerImpl.java:allocateBlock(222)) - Unable to allocate a block for the size: 4194304, type: RATIS, factor: THREE
2019-09-12 11:53:45,376 | INFO  | SCMAudit | user=jenkins1000 | ip=192.168.157.195 | op=ALLOCATE_BLOCK {owner=49403385-f916-4dd7-890f-60418ff3d1f3, size=4194304, type=RATIS, factor=THREE} | ret=SUCCESS |  
2019-09-12 11:53:45,376 [pool-80-thread-3] ERROR freon.RandomKeyGenerator (RandomKeyGenerator.java:createKey(724)) - Exception while adding key: key-0-58026 in bucket: bucket-1-67447 of volume: vol-0-54880.
INTERNAL_ERROR org.apache.hadoop.ozone.om.exceptions.OMException: Allocated 0 blocks. Requested 1 blocks
	at org.apache.hadoop.ozone.om.protocolPB.OzoneManagerProtocolClientSideTranslatorPB.handleError(OzoneManagerProtocolClientSideTranslatorPB.java:725)
	at org.apache.hadoop.ozone.om.protocolPB.OzoneManagerProtocolClientSideTranslatorPB.openKey(OzoneManagerProtocolClientSideTranslatorPB.java:716)
	at org.apache.hadoop.ozone.client.rpc.RpcClient.createKey(RpcClient.java:615)
	at org.apache.hadoop.ozone.client.OzoneBucket.createKey(OzoneBucket.java:323)
	at org.apache.hadoop.ozone.freon.RandomKeyGenerator.createKey(RandomKeyGenerator.java:686)
	at org.apache.hadoop.ozone.freon.RandomKeyGenerator.access$1100(RandomKeyGenerator.java:87)
	at org.apache.hadoop.ozone.freon.RandomKeyGenerator$ObjectCreator.run(RandomKeyGenerator.java:606)
	at java.util.concurrent.Executors$RunnableAdapter.call(Executors.java:511)
	at java.util.concurrent.FutureTask.run(FutureTask.java:266)
	at java.util.concurrent.ThreadPoolExecutor.runWorker(ThreadPoolExecutor.java:1149)
	at java.util.concurrent.ThreadPoolExecutor$Worker.run(ThreadPoolExecutor.java:624)
	at java.lang.Thread.run(Thread.java:748)
2019-09-12 11:53:45,376 [IPC Server handler 17 on 37459] ERROR pipeline.PipelinePlacementPolicy (PipelinePlacementPolicy.java:meetCriteria(91)) - Pipeline Placement: Doesn't meet the criteria to be viable node. Heaviness: 6
2019-09-12 11:53:45,377 [IPC Server handler 17 on 37459] ERROR pipeline.PipelinePlacementPolicy (PipelinePlacementPolicy.java:meetCriteria(91)) - Pipeline Placement: Doesn't meet the criteria to be viable node. Heaviness: 6
2019-09-12 11:53:45,377 [IPC Server handler 17 on 37459] ERROR pipeline.PipelinePlacementPolicy (PipelinePlacementPolicy.java:filterViableNodes(146)) - Unable to find enough nodes that meet the criteria that cannot engage in more than 5 pipelines. Nodes required: 3 Found: 0, healthy nodes count inNodeManager: 5.
2019-09-12 11:53:45,379 [IPC Server handler 17 on 37459] ERROR pipeline.SCMPipelineManager (SCMPipelineManager.java:createPipeline(161)) - Pipeline creation failed due to exception: Unable to find enough nodes that meet the criteria that cannot engage in more than 5 pipelines. Nodes required: 3 Found: 0, healthy nodes count inNodeManager: 5.
2019-09-12 11:53:45,377 | ERROR | OMAudit | user=jenkins1000 | ip=127.0.0.1 | op=ALLOCATE_KEY {volume=vol-0-54880, bucket=bucket-2-03015, key=key-0-25639, dataSize=10240, replicationType=RATIS, replicationFactor=THREE, keyLocationInfo=null} | ret=FAILURE | org.apache.hadoop.hdds.scm.exceptions.SCMException: Allocated 0 blocks. Requested 1 blocks
	at org.apache.hadoop.hdds.scm.protocolPB.ScmBlockLocationProtocolClientSideTranslatorPB.handleError(ScmBlockLocationProtocolClientSideTranslatorPB.java:118)
	at org.apache.hadoop.hdds.scm.protocolPB.ScmBlockLocationProtocolClientSideTranslatorPB.allocateBlock(ScmBlockLocationProtocolClientSideTranslatorPB.java:156) 
2019-09-12 11:53:45,379 [IPC Server handler 17 on 37459] WARN  block.BlockManagerImpl (BlockManagerImpl.java:allocateBlock(192)) - Pipeline creation failed for type:RATIS factor:THREE. Retrying get pipelines call once.
org.apache.hadoop.hdds.scm.exceptions.SCMException: Unable to find enough nodes that meet the criteria that cannot engage in more than 5 pipelines. Nodes required: 3 Found: 0, healthy nodes count inNodeManager: 5.
	at org.apache.hadoop.hdds.scm.pipeline.PipelinePlacementPolicy.filterViableNodes(PipelinePlacementPolicy.java:147)
	at org.apache.hadoop.hdds.scm.pipeline.PipelinePlacementPolicy.chooseDatanodes(PipelinePlacementPolicy.java:170)
	at org.apache.hadoop.hdds.scm.pipeline.RatisPipelineProvider.create(RatisPipelineProvider.java:92)
	at org.apache.hadoop.hdds.scm.pipeline.PipelineFactory.create(PipelineFactory.java:57)
	at org.apache.hadoop.hdds.scm.pipeline.SCMPipelineManager.createPipeline(SCMPipelineManager.java:149)
	at org.apache.hadoop.hdds.scm.block.BlockManagerImpl.allocateBlock(BlockManagerImpl.java:190)
	at org.apache.hadoop.hdds.scm.server.SCMBlockProtocolServer.allocateBlock(SCMBlockProtocolServer.java:175)
	at org.apache.hadoop.ozone.protocolPB.ScmBlockLocationProtocolServerSideTranslatorPB.allocateScmBlock(ScmBlockLocationProtocolServerSideTranslatorPB.java:153)
	at org.apache.hadoop.ozone.protocolPB.ScmBlockLocationProtocolServerSideTranslatorPB.send(ScmBlockLocationProtocolServerSideTranslatorPB.java:112)
	at org.apache.hadoop.hdds.protocol.proto.ScmBlockLocationProtocolProtos$ScmBlockLocationProtocolService$2.callBlockingMethod(ScmBlockLocationProtocolProtos.java:13157)
	at org.apache.hadoop.ipc.ProtobufRpcEngine$Server$ProtoBufRpcInvoker.call(ProtobufRpcEngine.java:524)
	at org.apache.hadoop.ipc.RPC$Server.call(RPC.java:1025)
	at org.apache.hadoop.ipc.Server$RpcCall.run(Server.java:876)
	at org.apache.hadoop.ipc.Server$RpcCall.run(Server.java:822)
	at java.security.AccessController.doPrivileged(Native Method)
	at javax.security.auth.Subject.doAs(Subject.java:422)
	at org.apache.hadoop.security.UserGroupInformation.doAs(UserGroupInformation.java:1730)
	at org.apache.hadoop.ipc.Server$Handler.run(Server.java:2682)
2019-09-12 11:53:45,379 [pool-80-thread-4] ERROR freon.RandomKeyGenerator (RandomKeyGenerator.java:createKey(724)) - Exception while adding key: key-0-25639 in bucket: bucket-2-03015 of volume: vol-0-54880.
INTERNAL_ERROR org.apache.hadoop.ozone.om.exceptions.OMException: Allocated 0 blocks. Requested 1 blocks
	at org.apache.hadoop.ozone.om.protocolPB.OzoneManagerProtocolClientSideTranslatorPB.handleError(OzoneManagerProtocolClientSideTranslatorPB.java:725)
	at org.apache.hadoop.ozone.om.protocolPB.OzoneManagerProtocolClientSideTranslatorPB.openKey(OzoneManagerProtocolClientSideTranslatorPB.java:716)
	at org.apache.hadoop.ozone.client.rpc.RpcClient.createKey(RpcClient.java:615)
	at org.apache.hadoop.ozone.client.OzoneBucket.createKey(OzoneBucket.java:323)
	at org.apache.hadoop.ozone.freon.RandomKeyGenerator.createKey(RandomKeyGenerator.java:686)
	at org.apache.hadoop.ozone.freon.RandomKeyGenerator.access$1100(RandomKeyGenerator.java:87)
	at org.apache.hadoop.ozone.freon.RandomKeyGenerator$ObjectCreator.run(RandomKeyGenerator.java:606)
	at java.util.concurrent.Executors$RunnableAdapter.call(Executors.java:511)
	at java.util.concurrent.FutureTask.run(FutureTask.java:266)
	at java.util.concurrent.ThreadPoolExecutor.runWorker(ThreadPoolExecutor.java:1149)
	at java.util.concurrent.ThreadPoolExecutor$Worker.run(ThreadPoolExecutor.java:624)
	at java.lang.Thread.run(Thread.java:748)
2019-09-12 11:53:45,379 [IPC Server handler 6 on 37459] ERROR pipeline.PipelinePlacementPolicy (PipelinePlacementPolicy.java:meetCriteria(91)) - Pipeline Placement: Doesn't meet the criteria to be viable node. Heaviness: 6
2019-09-12 11:53:45,379 [IPC Server handler 12 on 37459] INFO  block.BlockManagerImpl (BlockManagerImpl.java:allocateBlock(198)) - Could not find available pipeline of type:RATIS and factor:THREE even after retrying
2019-09-12 11:53:45,380 [IPC Server handler 6 on 37459] ERROR pipeline.PipelinePlacementPolicy (PipelinePlacementPolicy.java:meetCriteria(91)) - Pipeline Placement: Doesn't meet the criteria to be viable node. Heaviness: 6
2019-09-12 11:53:45,380 [IPC Server handler 6 on 37459] ERROR pipeline.PipelinePlacementPolicy (PipelinePlacementPolicy.java:meetCriteria(91)) - Pipeline Placement: Doesn't meet the criteria to be viable node. Heaviness: 6
2019-09-12 11:53:45,380 [IPC Server handler 6 on 37459] ERROR pipeline.PipelinePlacementPolicy (PipelinePlacementPolicy.java:meetCriteria(91)) - Pipeline Placement: Doesn't meet the criteria to be viable node. Heaviness: 6
2019-09-12 11:53:45,381 [IPC Server handler 6 on 37459] ERROR pipeline.PipelinePlacementPolicy (PipelinePlacementPolicy.java:meetCriteria(91)) - Pipeline Placement: Doesn't meet the criteria to be viable node. Heaviness: 6
2019-09-12 11:53:45,380 [IPC Server handler 12 on 37459] ERROR block.BlockManagerImpl (BlockManagerImpl.java:allocateBlock(222)) - Unable to allocate a block for the size: 4194304, type: RATIS, factor: THREE
2019-09-12 11:53:45,381 [IPC Server handler 6 on 37459] ERROR pipeline.PipelinePlacementPolicy (PipelinePlacementPolicy.java:filterViableNodes(146)) - Unable to find enough nodes that meet the criteria that cannot engage in more than 5 pipelines. Nodes required: 3 Found: 0, healthy nodes count inNodeManager: 5.
2019-09-12 11:53:45,381 | INFO  | SCMAudit | user=jenkins1000 | ip=192.168.157.195 | op=ALLOCATE_BLOCK {owner=49403385-f916-4dd7-890f-60418ff3d1f3, size=4194304, type=RATIS, factor=THREE} | ret=SUCCESS |  
2019-09-12 11:53:45,381 [IPC Server handler 6 on 37459] ERROR pipeline.SCMPipelineManager (SCMPipelineManager.java:createPipeline(161)) - Pipeline creation failed due to exception: Unable to find enough nodes that meet the criteria that cannot engage in more than 5 pipelines. Nodes required: 3 Found: 0, healthy nodes count inNodeManager: 5.
2019-09-12 11:53:45,381 [IPC Server handler 6 on 37459] WARN  block.BlockManagerImpl (BlockManagerImpl.java:allocateBlock(192)) - Pipeline creation failed for type:RATIS factor:THREE. Retrying get pipelines call once.
org.apache.hadoop.hdds.scm.exceptions.SCMException: Unable to find enough nodes that meet the criteria that cannot engage in more than 5 pipelines. Nodes required: 3 Found: 0, healthy nodes count inNodeManager: 5.
	at org.apache.hadoop.hdds.scm.pipeline.PipelinePlacementPolicy.filterViableNodes(PipelinePlacementPolicy.java:147)
	at org.apache.hadoop.hdds.scm.pipeline.PipelinePlacementPolicy.chooseDatanodes(PipelinePlacementPolicy.java:170)
	at org.apache.hadoop.hdds.scm.pipeline.RatisPipelineProvider.create(RatisPipelineProvider.java:92)
	at org.apache.hadoop.hdds.scm.pipeline.PipelineFactory.create(PipelineFactory.java:57)
	at org.apache.hadoop.hdds.scm.pipeline.SCMPipelineManager.createPipeline(SCMPipelineManager.java:149)
	at org.apache.hadoop.hdds.scm.block.BlockManagerImpl.allocateBlock(BlockManagerImpl.java:190)
	at org.apache.hadoop.hdds.scm.server.SCMBlockProtocolServer.allocateBlock(SCMBlockProtocolServer.java:175)
	at org.apache.hadoop.ozone.protocolPB.ScmBlockLocationProtocolServerSideTranslatorPB.allocateScmBlock(ScmBlockLocationProtocolServerSideTranslatorPB.java:153)
	at org.apache.hadoop.ozone.protocolPB.ScmBlockLocationProtocolServerSideTranslatorPB.send(ScmBlockLocationProtocolServerSideTranslatorPB.java:112)
	at org.apache.hadoop.hdds.protocol.proto.ScmBlockLocationProtocolProtos$ScmBlockLocationProtocolService$2.callBlockingMethod(ScmBlockLocationProtocolProtos.java:13157)
	at org.apache.hadoop.ipc.ProtobufRpcEngine$Server$ProtoBufRpcInvoker.call(ProtobufRpcEngine.java:524)
	at org.apache.hadoop.ipc.RPC$Server.call(RPC.java:1025)
	at org.apache.hadoop.ipc.Server$RpcCall.run(Server.java:876)
	at org.apache.hadoop.ipc.Server$RpcCall.run(Server.java:822)
	at java.security.AccessController.doPrivileged(Native Method)
	at javax.security.auth.Subject.doAs(Subject.java:422)
	at org.apache.hadoop.security.UserGroupInformation.doAs(UserGroupInformation.java:1730)
	at org.apache.hadoop.ipc.Server$Handler.run(Server.java:2682)
2019-09-12 11:53:45,382 [IPC Server handler 6 on 37459] INFO  block.BlockManagerImpl (BlockManagerImpl.java:allocateBlock(198)) - Could not find available pipeline of type:RATIS and factor:THREE even after retrying
2019-09-12 11:53:45,381 [IPC Server handler 17 on 37459] INFO  block.BlockManagerImpl (BlockManagerImpl.java:allocateBlock(198)) - Could not find available pipeline of type:RATIS and factor:THREE even after retrying
2019-09-12 11:53:45,382 [IPC Server handler 6 on 37459] ERROR block.BlockManagerImpl (BlockManagerImpl.java:allocateBlock(222)) - Unable to allocate a block for the size: 4194304, type: RATIS, factor: THREE
2019-09-12 11:53:45,382 | ERROR | OMAudit | user=jenkins1000 | ip=127.0.0.1 | op=ALLOCATE_KEY {volume=vol-1-10364, bucket=bucket-0-82037, key=key-0-56399, dataSize=10240, replicationType=RATIS, replicationFactor=THREE, keyLocationInfo=null} | ret=FAILURE | org.apache.hadoop.hdds.scm.exceptions.SCMException: Allocated 0 blocks. Requested 1 blocks
	at org.apache.hadoop.hdds.scm.protocolPB.ScmBlockLocationProtocolClientSideTranslatorPB.handleError(ScmBlockLocationProtocolClientSideTranslatorPB.java:118)
	at org.apache.hadoop.hdds.scm.protocolPB.ScmBlockLocationProtocolClientSideTranslatorPB.allocateBlock(ScmBlockLocationProtocolClientSideTranslatorPB.java:156) 
2019-09-12 11:53:45,382 [IPC Server handler 17 on 37459] ERROR block.BlockManagerImpl (BlockManagerImpl.java:allocateBlock(222)) - Unable to allocate a block for the size: 4194304, type: RATIS, factor: THREE
2019-09-12 11:53:45,382 | INFO  | SCMAudit | user=jenkins1000 | ip=192.168.157.195 | op=ALLOCATE_BLOCK {owner=49403385-f916-4dd7-890f-60418ff3d1f3, size=4194304, type=RATIS, factor=THREE} | ret=SUCCESS |  
2019-09-12 11:53:45,382 | INFO  | SCMAudit | user=jenkins1000 | ip=192.168.157.195 | op=ALLOCATE_BLOCK {owner=49403385-f916-4dd7-890f-60418ff3d1f3, size=4194304, type=RATIS, factor=THREE} | ret=SUCCESS |  
2019-09-12 11:53:45,383 [pool-80-thread-6] ERROR freon.RandomKeyGenerator (RandomKeyGenerator.java:createKey(724)) - Exception while adding key: key-0-56399 in bucket: bucket-0-82037 of volume: vol-1-10364.
INTERNAL_ERROR org.apache.hadoop.ozone.om.exceptions.OMException: Allocated 0 blocks. Requested 1 blocks
	at org.apache.hadoop.ozone.om.protocolPB.OzoneManagerProtocolClientSideTranslatorPB.handleError(OzoneManagerProtocolClientSideTranslatorPB.java:725)
	at org.apache.hadoop.ozone.om.protocolPB.OzoneManagerProtocolClientSideTranslatorPB.openKey(OzoneManagerProtocolClientSideTranslatorPB.java:716)
	at org.apache.hadoop.ozone.client.rpc.RpcClient.createKey(RpcClient.java:615)
	at org.apache.hadoop.ozone.client.OzoneBucket.createKey(OzoneBucket.java:323)
	at org.apache.hadoop.ozone.freon.RandomKeyGenerator.createKey(RandomKeyGenerator.java:686)
	at org.apache.hadoop.ozone.freon.RandomKeyGenerator.access$1100(RandomKeyGenerator.java:87)
	at org.apache.hadoop.ozone.freon.RandomKeyGenerator$ObjectCreator.run(RandomKeyGenerator.java:606)
	at java.util.concurrent.Executors$RunnableAdapter.call(Executors.java:511)
	at java.util.concurrent.FutureTask.run(FutureTask.java:266)
	at java.util.concurrent.ThreadPoolExecutor.runWorker(ThreadPoolExecutor.java:1149)
	at java.util.concurrent.ThreadPoolExecutor$Worker.run(ThreadPoolExecutor.java:624)
	at java.lang.Thread.run(Thread.java:748)
2019-09-12 11:53:45,383 | ERROR | OMAudit | user=jenkins1000 | ip=127.0.0.1 | op=ALLOCATE_KEY {volume=vol-1-10364, bucket=bucket-3-22077, key=key-0-55996, dataSize=10240, replicationType=RATIS, replicationFactor=THREE, keyLocationInfo=null} | ret=FAILURE | org.apache.hadoop.hdds.scm.exceptions.SCMException: Allocated 0 blocks. Requested 1 blocks
	at org.apache.hadoop.hdds.scm.protocolPB.ScmBlockLocationProtocolClientSideTranslatorPB.handleError(ScmBlockLocationProtocolClientSideTranslatorPB.java:118)
	at org.apache.hadoop.hdds.scm.protocolPB.ScmBlockLocationProtocolClientSideTranslatorPB.allocateBlock(ScmBlockLocationProtocolClientSideTranslatorPB.java:156) 
2019-09-12 11:53:45,383 | ERROR | OMAudit | user=jenkins1000 | ip=127.0.0.1 | op=ALLOCATE_KEY {volume=vol-0-54880, bucket=bucket-4-49735, key=key-0-70998, dataSize=10240, replicationType=RATIS, replicationFactor=THREE, keyLocationInfo=null} | ret=FAILURE | org.apache.hadoop.hdds.scm.exceptions.SCMException: Allocated 0 blocks. Requested 1 blocks
	at org.apache.hadoop.hdds.scm.protocolPB.ScmBlockLocationProtocolClientSideTranslatorPB.handleError(ScmBlockLocationProtocolClientSideTranslatorPB.java:118)
	at org.apache.hadoop.hdds.scm.protocolPB.ScmBlockLocationProtocolClientSideTranslatorPB.allocateBlock(ScmBlockLocationProtocolClientSideTranslatorPB.java:156) 
2019-09-12 11:53:45,384 [pool-80-thread-8] ERROR freon.RandomKeyGenerator (RandomKeyGenerator.java:createKey(724)) - Exception while adding key: key-0-55996 in bucket: bucket-3-22077 of volume: vol-1-10364.
INTERNAL_ERROR org.apache.hadoop.ozone.om.exceptions.OMException: Allocated 0 blocks. Requested 1 blocks
	at org.apache.hadoop.ozone.om.protocolPB.OzoneManagerProtocolClientSideTranslatorPB.handleError(OzoneManagerProtocolClientSideTranslatorPB.java:725)
	at org.apache.hadoop.ozone.om.protocolPB.OzoneManagerProtocolClientSideTranslatorPB.openKey(OzoneManagerProtocolClientSideTranslatorPB.java:716)
	at org.apache.hadoop.ozone.client.rpc.RpcClient.createKey(RpcClient.java:615)
	at org.apache.hadoop.ozone.client.OzoneBucket.createKey(OzoneBucket.java:323)
	at org.apache.hadoop.ozone.freon.RandomKeyGenerator.createKey(RandomKeyGenerator.java:686)
	at org.apache.hadoop.ozone.freon.RandomKeyGenerator.access$1100(RandomKeyGenerator.java:87)
	at org.apache.hadoop.ozone.freon.RandomKeyGenerator$ObjectCreator.run(RandomKeyGenerator.java:606)
	at java.util.concurrent.Executors$RunnableAdapter.call(Executors.java:511)
	at java.util.concurrent.FutureTask.run(FutureTask.java:266)
	at java.util.concurrent.ThreadPoolExecutor.runWorker(ThreadPoolExecutor.java:1149)
	at java.util.concurrent.ThreadPoolExecutor$Worker.run(ThreadPoolExecutor.java:624)
	at java.lang.Thread.run(Thread.java:748)
2019-09-12 11:53:45,384 [pool-80-thread-10] ERROR freon.RandomKeyGenerator (RandomKeyGenerator.java:createKey(724)) - Exception while adding key: key-0-70998 in bucket: bucket-4-49735 of volume: vol-0-54880.
INTERNAL_ERROR org.apache.hadoop.ozone.om.exceptions.OMException: Allocated 0 blocks. Requested 1 blocks
	at org.apache.hadoop.ozone.om.protocolPB.OzoneManagerProtocolClientSideTranslatorPB.handleError(OzoneManagerProtocolClientSideTranslatorPB.java:725)
	at org.apache.hadoop.ozone.om.protocolPB.OzoneManagerProtocolClientSideTranslatorPB.openKey(OzoneManagerProtocolClientSideTranslatorPB.java:716)
	at org.apache.hadoop.ozone.client.rpc.RpcClient.createKey(RpcClient.java:615)
	at org.apache.hadoop.ozone.client.OzoneBucket.createKey(OzoneBucket.java:323)
	at org.apache.hadoop.ozone.freon.RandomKeyGenerator.createKey(RandomKeyGenerator.java:686)
	at org.apache.hadoop.ozone.freon.RandomKeyGenerator.access$1100(RandomKeyGenerator.java:87)
	at org.apache.hadoop.ozone.freon.RandomKeyGenerator$ObjectCreator.run(RandomKeyGenerator.java:606)
	at java.util.concurrent.Executors$RunnableAdapter.call(Executors.java:511)
	at java.util.concurrent.FutureTask.run(FutureTask.java:266)
	at java.util.concurrent.ThreadPoolExecutor.runWorker(ThreadPoolExecutor.java:1149)
	at java.util.concurrent.ThreadPoolExecutor$Worker.run(ThreadPoolExecutor.java:624)
	at java.lang.Thread.run(Thread.java:748)
2019-09-12 11:53:45,445 | INFO  | SCMAudit | user=jenkins1000 | ip=192.168.157.195 | op=SEND_HEARTBEAT {datanodeUUID=028783e7-22fc-47b5-934a-5e8bf88f7fe6, command=[]} | ret=SUCCESS |  
2019-09-12 11:53:45,582 | INFO  | SCMAudit | user=jenkins1000 | ip=192.168.157.195 | op=SEND_HEARTBEAT {datanodeUUID=61a9fc65-5e41-4283-98a8-259f9227054d, command=[]} | ret=SUCCESS |  
2019-09-12 11:53:45,598 | INFO  | SCMAudit | user=jenkins1000 | ip=192.168.157.195 | op=SEND_HEARTBEAT {datanodeUUID=7741e6cf-6131-4fc6-8612-36509ed6293c, command=[]} | ret=SUCCESS |  
2019-09-12 11:53:45,828 | INFO  | SCMAudit | user=jenkins1000 | ip=192.168.157.195 | op=SEND_HEARTBEAT {datanodeUUID=e686195f-5212-4098-b2ad-e713a3c4587f, command=[]} | ret=SUCCESS |  
2019-09-12 11:53:46,087 | INFO  | SCMAudit | user=jenkins1000 | ip=192.168.157.195 | op=SEND_HEARTBEAT {datanodeUUID=483993a0-3055-479d-b58b-b02682c97e4b, command=[]} | ret=SUCCESS |  
 0.00% |█                                                                                                    |  0/100 Time: 0:00:012019-09-12 11:53:46,445 | INFO  | SCMAudit | user=jenkins1000 | ip=192.168.157.195 | op=SEND_HEARTBEAT {datanodeUUID=028783e7-22fc-47b5-934a-5e8bf88f7fe6, command=[]} | ret=SUCCESS |  
2019-09-12 11:53:46,582 | INFO  | SCMAudit | user=jenkins1000 | ip=192.168.157.195 | op=SEND_HEARTBEAT {datanodeUUID=61a9fc65-5e41-4283-98a8-259f9227054d, command=[]} | ret=SUCCESS |  
2019-09-12 11:53:46,599 | INFO  | SCMAudit | user=jenkins1000 | ip=192.168.157.195 | op=SEND_HEARTBEAT {datanodeUUID=7741e6cf-6131-4fc6-8612-36509ed6293c, command=[]} | ret=SUCCESS |  
2019-09-12 11:53:46,829 | INFO  | SCMAudit | user=jenkins1000 | ip=192.168.157.195 | op=SEND_HEARTBEAT {datanodeUUID=e686195f-5212-4098-b2ad-e713a3c4587f, command=[]} | ret=SUCCESS |  
2019-09-12 11:53:47,087 | INFO  | SCMAudit | user=jenkins1000 | ip=192.168.157.195 | op=SEND_HEARTBEAT {datanodeUUID=483993a0-3055-479d-b58b-b02682c97e4b, command=[]} | ret=SUCCESS |  
 0.00% |█                                                                                                    |  0/100 Time: 0:00:022019-09-12 11:53:47,445 | INFO  | SCMAudit | user=jenkins1000 | ip=192.168.157.195 | op=SEND_HEARTBEAT {datanodeUUID=028783e7-22fc-47b5-934a-5e8bf88f7fe6, command=[]} | ret=SUCCESS |  
2019-09-12 11:53:47,582 | INFO  | SCMAudit | user=jenkins1000 | ip=192.168.157.195 | op=SEND_HEARTBEAT {datanodeUUID=61a9fc65-5e41-4283-98a8-259f9227054d, command=[]} | ret=SUCCESS |  
2019-09-12 11:53:47,599 | INFO  | SCMAudit | user=jenkins1000 | ip=192.168.157.195 | op=SEND_HEARTBEAT {datanodeUUID=7741e6cf-6131-4fc6-8612-36509ed6293c, command=[]} | ret=SUCCESS |  
2019-09-12 11:53:47,828 | INFO  | SCMAudit | user=jenkins1000 | ip=192.168.157.195 | op=SEND_HEARTBEAT {datanodeUUID=e686195f-5212-4098-b2ad-e713a3c4587f, command=[]} | ret=SUCCESS |  
2019-09-12 11:53:48,087 | INFO  | SCMAudit | user=jenkins1000 | ip=192.168.157.195 | op=SEND_HEARTBEAT {datanodeUUID=483993a0-3055-479d-b58b-b02682c97e4b, command=[]} | ret=SUCCESS |  
 0.00% |█                                                                                                    |  0/100 Time: 0:00:032019-09-12 11:53:48,445 | INFO  | SCMAudit | user=jenkins1000 | ip=192.168.157.195 | op=SEND_HEARTBEAT {datanodeUUID=028783e7-22fc-47b5-934a-5e8bf88f7fe6, command=[]} | ret=SUCCESS |  
2019-09-12 11:53:48,582 | INFO  | SCMAudit | user=jenkins1000 | ip=192.168.157.195 | op=SEND_HEARTBEAT {datanodeUUID=61a9fc65-5e41-4283-98a8-259f9227054d, command=[]} | ret=SUCCESS |  
2019-09-12 11:53:48,599 | INFO  | SCMAudit | user=jenkins1000 | ip=192.168.157.195 | op=SEND_HEARTBEAT {datanodeUUID=7741e6cf-6131-4fc6-8612-36509ed6293c, command=[]} | ret=SUCCESS |  
2019-09-12 11:53:48,829 | INFO  | SCMAudit | user=jenkins1000 | ip=192.168.157.195 | op=SEND_HEARTBEAT {datanodeUUID=e686195f-5212-4098-b2ad-e713a3c4587f, command=[]} | ret=SUCCESS |  
2019-09-12 11:53:49,087 | INFO  | SCMAudit | user=jenkins1000 | ip=192.168.157.195 | op=SEND_HEARTBEAT {datanodeUUID=483993a0-3055-479d-b58b-b02682c97e4b, command=[]} | ret=SUCCESS |  
 0.00% |█                                                                                                    |  0/100 Time: 0:00:042019-09-12 11:53:49,445 | INFO  | SCMAudit | user=jenkins1000 | ip=192.168.157.195 | op=SEND_HEARTBEAT {datanodeUUID=028783e7-22fc-47b5-934a-5e8bf88f7fe6, command=[]} | ret=SUCCESS |  
2019-09-12 11:53:49,583 | INFO  | SCMAudit | user=jenkins1000 | ip=192.168.157.195 | op=SEND_HEARTBEAT {datanodeUUID=61a9fc65-5e41-4283-98a8-259f9227054d, command=[]} | ret=SUCCESS |  
2019-09-12 11:53:49,599 | INFO  | SCMAudit | user=jenkins1000 | ip=192.168.157.195 | op=SEND_HEARTBEAT {datanodeUUID=7741e6cf-6131-4fc6-8612-36509ed6293c, command=[]} | ret=SUCCESS |  
2019-09-12 11:53:49,828 | INFO  | SCMAudit | user=jenkins1000 | ip=192.168.157.195 | op=SEND_HEARTBEAT {datanodeUUID=e686195f-5212-4098-b2ad-e713a3c4587f, command=[]} | ret=SUCCESS |  
2019-09-12 11:53:50,087 | INFO  | SCMAudit | user=jenkins1000 | ip=192.168.157.195 | op=SEND_HEARTBEAT {datanodeUUID=483993a0-3055-479d-b58b-b02682c97e4b, command=[]} | ret=SUCCESS |  
 100.00% |█████████████████████████████████████████████████████████████████████████████████████████████████████|  100/100 Time: 0:00:05
2019-09-12 11:53:50,444 | INFO  | SCMAudit | user=jenkins1000 | ip=192.168.157.195 | op=SEND_HEARTBEAT {datanodeUUID=028783e7-22fc-47b5-934a-5e8bf88f7fe6, command=[]} | ret=SUCCESS |  
2019-09-12 11:53:50,583 | INFO  | SCMAudit | user=jenkins1000 | ip=192.168.157.195 | op=SEND_HEARTBEAT {datanodeUUID=61a9fc65-5e41-4283-98a8-259f9227054d, command=[]} | ret=SUCCESS |  
2019-09-12 11:53:50,600 | INFO  | SCMAudit | user=jenkins1000 | ip=192.168.157.195 | op=SEND_HEARTBEAT {datanodeUUID=7741e6cf-6131-4fc6-8612-36509ed6293c, command=[]} | ret=SUCCESS |  
2019-09-12 11:53:50,829 | INFO  | SCMAudit | user=jenkins1000 | ip=192.168.157.195 | op=SEND_HEARTBEAT {datanodeUUID=e686195f-5212-4098-b2ad-e713a3c4587f, command=[]} | ret=SUCCESS |  
2019-09-12 11:53:51,087 | INFO  | SCMAudit | user=jenkins1000 | ip=192.168.157.195 | op=SEND_HEARTBEAT {datanodeUUID=483993a0-3055-479d-b58b-b02682c97e4b, command=[]} | ret=SUCCESS |  
2019-09-12 11:53:51,444 | INFO  | SCMAudit | user=jenkins1000 | ip=192.168.157.195 | op=SEND_HEARTBEAT {datanodeUUID=028783e7-22fc-47b5-934a-5e8bf88f7fe6, command=[]} | ret=SUCCESS |  
2019-09-12 11:53:51,583 | INFO  | SCMAudit | user=jenkins1000 | ip=192.168.157.195 | op=SEND_HEARTBEAT {datanodeUUID=61a9fc65-5e41-4283-98a8-259f9227054d, command=[]} | ret=SUCCESS |  
2019-09-12 11:53:51,601 | INFO  | SCMAudit | user=jenkins1000 | ip=192.168.157.195 | op=SEND_HEARTBEAT {datanodeUUID=7741e6cf-6131-4fc6-8612-36509ed6293c, command=[]} | ret=SUCCESS |  
2019-09-12 11:53:51,829 | INFO  | SCMAudit | user=jenkins1000 | ip=192.168.157.195 | op=SEND_HEARTBEAT {datanodeUUID=e686195f-5212-4098-b2ad-e713a3c4587f, command=[]} | ret=SUCCESS |  
2019-09-12 11:53:52,087 | INFO  | SCMAudit | user=jenkins1000 | ip=192.168.157.195 | op=SEND_HEARTBEAT {datanodeUUID=483993a0-3055-479d-b58b-b02682c97e4b, command=[]} | ret=SUCCESS |  
2019-09-12 11:53:52,445 | INFO  | SCMAudit | user=jenkins1000 | ip=192.168.157.195 | op=SEND_HEARTBEAT {datanodeUUID=028783e7-22fc-47b5-934a-5e8bf88f7fe6, command=[]} | ret=SUCCESS |  
2019-09-12 11:53:52,583 | INFO  | SCMAudit | user=jenkins1000 | ip=192.168.157.195 | op=SEND_HEARTBEAT {datanodeUUID=61a9fc65-5e41-4283-98a8-259f9227054d, command=[]} | ret=SUCCESS |  
2019-09-12 11:53:52,600 | INFO  | SCMAudit | user=jenkins1000 | ip=192.168.157.195 | op=SEND_HEARTBEAT {datanodeUUID=7741e6cf-6131-4fc6-8612-36509ed6293c, command=[]} | ret=SUCCESS |  
2019-09-12 11:53:52,830 | INFO  | SCMAudit | user=jenkins1000 | ip=192.168.157.195 | op=SEND_HEARTBEAT {datanodeUUID=e686195f-5212-4098-b2ad-e713a3c4587f, command=[]} | ret=SUCCESS |  
2019-09-12 11:53:53,087 | INFO  | SCMAudit | user=jenkins1000 | ip=192.168.157.195 | op=SEND_HEARTBEAT {datanodeUUID=483993a0-3055-479d-b58b-b02682c97e4b, command=[]} | ret=SUCCESS |  
2019-09-12 11:53:53,445 | INFO  | SCMAudit | user=jenkins1000 | ip=192.168.157.195 | op=SEND_HEARTBEAT {datanodeUUID=028783e7-22fc-47b5-934a-5e8bf88f7fe6, command=[]} | ret=SUCCESS |  
2019-09-12 11:53:53,584 | INFO  | SCMAudit | user=jenkins1000 | ip=192.168.157.195 | op=SEND_HEARTBEAT {datanodeUUID=61a9fc65-5e41-4283-98a8-259f9227054d, command=[]} | ret=SUCCESS |  
2019-09-12 11:53:53,601 | INFO  | SCMAudit | user=jenkins1000 | ip=192.168.157.195 | op=SEND_HEARTBEAT {datanodeUUID=7741e6cf-6131-4fc6-8612-36509ed6293c, command=[]} | ret=SUCCESS |  
2019-09-12 11:53:53,831 | INFO  | SCMAudit | user=jenkins1000 | ip=192.168.157.195 | op=SEND_HEARTBEAT {datanodeUUID=e686195f-5212-4098-b2ad-e713a3c4587f, command=[]} | ret=SUCCESS |  
2019-09-12 11:53:54,087 | INFO  | SCMAudit | user=jenkins1000 | ip=192.168.157.195 | op=SEND_HEARTBEAT {datanodeUUID=483993a0-3055-479d-b58b-b02682c97e4b, command=[]} | ret=SUCCESS |  
2019-09-12 11:53:54,445 | INFO  | SCMAudit | user=jenkins1000 | ip=192.168.157.195 | op=SEND_HEARTBEAT {datanodeUUID=028783e7-22fc-47b5-934a-5e8bf88f7fe6, command=[]} | ret=SUCCESS |  
2019-09-12 11:53:54,585 | INFO  | SCMAudit | user=jenkins1000 | ip=192.168.157.195 | op=SEND_HEARTBEAT {datanodeUUID=61a9fc65-5e41-4283-98a8-259f9227054d, command=[]} | ret=SUCCESS |  
2019-09-12 11:53:54,601 | INFO  | SCMAudit | user=jenkins1000 | ip=192.168.157.195 | op=SEND_HEARTBEAT {datanodeUUID=7741e6cf-6131-4fc6-8612-36509ed6293c, command=[]} | ret=SUCCESS |  
2019-09-12 11:53:54,831 | INFO  | SCMAudit | user=jenkins1000 | ip=192.168.157.195 | op=SEND_HEARTBEAT {datanodeUUID=e686195f-5212-4098-b2ad-e713a3c4587f, command=[]} | ret=SUCCESS |  
2019-09-12 11:53:55,087 | INFO  | SCMAudit | user=jenkins1000 | ip=192.168.157.195 | op=SEND_HEARTBEAT {datanodeUUID=483993a0-3055-479d-b58b-b02682c97e4b, command=[]} | ret=SUCCESS |  
]]></system-out>
  </testcase>
</testsuite>