<?xml version="1.0" encoding="UTF-8"?>
<testsuite xmlns:xsi="http://www.w3.org/2001/XMLSchema-instance" xsi:noNamespaceSchemaLocation="https://maven.apache.org/surefire/maven-surefire-plugin/xsd/surefire-test-report.xsd" name="org.apache.hadoop.ozone.freon.TestDataValidateWithUnsafeByteOperations" time="58.978" tests="3" errors="3" skipped="0" failures="0">
  <properties>
    <property name="awt.toolkit" value="sun.awt.X11.XToolkit"/>
    <property name="file.encoding.pkg" value="sun.io"/>
    <property name="java.specification.version" value="1.8"/>
    <property name="sun.cpu.isalist" value=""/>
    <property name="sun.jnu.encoding" value="UTF-8"/>
    <property name="java.class.path" value="/workdir/hadoop-ozone/tools/target/test-classes:/workdir/hadoop-ozone/tools/target/classes:/home/user/.m2/repository/org/apache/hadoop/hadoop-ozone-ozone-manager/0.5.0-SNAPSHOT/hadoop-ozone-ozone-manager-0.5.0-SNAPSHOT.jar:/home/user/.m2/repository/org/apache/hadoop/hadoop-hdds-docs/0.5.0-SNAPSHOT/hadoop-hdds-docs-0.5.0-SNAPSHOT.jar:/home/user/.m2/repository/org/bouncycastle/bcprov-jdk15on/1.60/bcprov-jdk15on-1.60.jar:/home/user/.m2/repository/org/apache/hadoop/hadoop-ozone-common/0.5.0-SNAPSHOT/hadoop-ozone-common-0.5.0-SNAPSHOT.jar:/home/user/.m2/repository/org/apache/commons/commons-compress/1.4.1/commons-compress-1.4.1.jar:/home/user/.m2/repository/org/tukaani/xz/1.0/xz-1.0.jar:/home/user/.m2/repository/org/apache/hadoop/hadoop-hdfs-client/3.2.0/hadoop-hdfs-client-3.2.0.jar:/home/user/.m2/repository/com/fasterxml/jackson/core/jackson-annotations/2.9.5/jackson-annotations-2.9.5.jar:/home/user/.m2/repository/org/apache/hadoop/hadoop-hdds-common/0.5.0-SNAPSHOT/hadoop-hdds-common-0.5.0-SNAPSHOT.jar:/home/user/.m2/repository/org/apache/hadoop/hadoop-hdds-config/0.5.0-SNAPSHOT/hadoop-hdds-config-0.5.0-SNAPSHOT.jar:/home/user/.m2/repository/javax/annotation/javax.annotation-api/1.2/javax.annotation-api-1.2.jar:/home/user/.m2/repository/org/apache/ratis/ratis-server/0.4.0-2337318-SNAPSHOT/ratis-server-0.4.0-2337318-SNAPSHOT.jar:/home/user/.m2/repository/org/apache/ratis/ratis-thirdparty-misc/0.2.0/ratis-thirdparty-misc-0.2.0.jar:/home/user/.m2/repository/org/apache/ratis/ratis-proto/0.4.0-2337318-SNAPSHOT/ratis-proto-0.4.0-2337318-SNAPSHOT.jar:/home/user/.m2/repository/org/apache/ratis/ratis-common/0.4.0-2337318-SNAPSHOT/ratis-common-0.4.0-2337318-SNAPSHOT.jar:/home/user/.m2/repository/org/apache/ratis/ratis-client/0.4.0-2337318-SNAPSHOT/ratis-client-0.4.0-2337318-SNAPSHOT.jar:/home/user/.m2/repository/org/apache/ratis/ratis-metrics/0.4.0-2337318-SNAPSHOT/ratis-metrics-0.4.0-2337318-SNAPSHOT.jar:/home/user/.m2/repository/org/apache/ratis/ratis-netty/0.4.0-2337318-SNAPSHOT/ratis-netty-0.4.0-2337318-SNAPSHOT.jar:/home/user/.m2/repository/org/apache/ratis/ratis-grpc/0.4.0-2337318-SNAPSHOT/ratis-grpc-0.4.0-2337318-SNAPSHOT.jar:/home/user/.m2/repository/org/rocksdb/rocksdbjni/6.0.1/rocksdbjni-6.0.1.jar:/home/user/.m2/repository/org/apache/logging/log4j/log4j-api/2.11.0/log4j-api-2.11.0.jar:/home/user/.m2/repository/org/apache/logging/log4j/log4j-core/2.11.0/log4j-core-2.11.0.jar:/home/user/.m2/repository/com/lmax/disruptor/3.4.2/disruptor-3.4.2.jar:/home/user/.m2/repository/org/apache/commons/commons-pool2/2.6.0/commons-pool2-2.6.0.jar:/home/user/.m2/repository/org/bouncycastle/bcpkix-jdk15on/1.60/bcpkix-jdk15on-1.60.jar:/home/user/.m2/repository/commons-validator/commons-validator/1.6/commons-validator-1.6.jar:/home/user/.m2/repository/commons-digester/commons-digester/1.8.1/commons-digester-1.8.1.jar:/home/user/.m2/repository/io/jaegertracing/jaeger-client/0.33.1/jaeger-client-0.33.1.jar:/home/user/.m2/repository/io/jaegertracing/jaeger-thrift/0.33.1/jaeger-thrift-0.33.1.jar:/home/user/.m2/repository/org/apache/thrift/libthrift/0.11.0/libthrift-0.11.0.jar:/home/user/.m2/repository/com/squareup/okhttp3/okhttp/3.9.0/okhttp-3.9.0.jar:/home/user/.m2/repository/com/squareup/okio/okio/1.13.0/okio-1.13.0.jar:/home/user/.m2/repository/io/jaegertracing/jaeger-core/0.33.1/jaeger-core-0.33.1.jar:/home/user/.m2/repository/io/jaegertracing/jaeger-tracerresolver/0.33.1/jaeger-tracerresolver-0.33.1.jar:/home/user/.m2/repository/io/opentracing/contrib/opentracing-tracerresolver/0.1.5/opentracing-tracerresolver-0.1.5.jar:/home/user/.m2/repository/io/opentracing/opentracing-util/0.31.0/opentracing-util-0.31.0.jar:/home/user/.m2/repository/io/opentracing/opentracing-api/0.31.0/opentracing-api-0.31.0.jar:/home/user/.m2/repository/io/opentracing/opentracing-noop/0.31.0/opentracing-noop-0.31.0.jar:/home/user/.m2/repository/org/yaml/snakeyaml/1.16/snakeyaml-1.16.jar:/home/user/.m2/repository/org/apache/hadoop/hadoop-hdds-container-service/0.5.0-SNAPSHOT/hadoop-hdds-container-service-0.5.0-SNAPSHOT.jar:/home/user/.m2/repository/org/apache/hadoop/hadoop-hdds-client/0.5.0-SNAPSHOT/hadoop-hdds-client-0.5.0-SNAPSHOT.jar:/home/user/.m2/repository/org/apache/hadoop/hadoop-hdds-tools/0.5.0-SNAPSHOT/hadoop-hdds-tools-0.5.0-SNAPSHOT.jar:/home/user/.m2/repository/org/xerial/sqlite-jdbc/3.25.2/sqlite-jdbc-3.25.2.jar:/home/user/.m2/repository/org/apache/hadoop/hadoop-hdds-server-scm/0.5.0-SNAPSHOT/hadoop-hdds-server-scm-0.5.0-SNAPSHOT.jar:/home/user/.m2/repository/org/hamcrest/hamcrest-all/1.3/hamcrest-all-1.3.jar:/home/user/.m2/repository/info/picocli/picocli/3.9.6/picocli-3.9.6.jar:/home/user/.m2/repository/com/google/protobuf/protobuf-java/2.5.0/protobuf-java-2.5.0.jar:/home/user/.m2/repository/com/google/guava/guava/11.0.2/guava-11.0.2.jar:/home/user/.m2/repository/org/apache/hadoop/hadoop-ozone-client/0.5.0-SNAPSHOT/hadoop-ozone-client-0.5.0-SNAPSHOT.jar:/workdir/hadoop-ozone/ozonefs/target/classes:/home/user/.m2/repository/org/apache/hadoop/hadoop-hdds-server-framework/0.5.0-SNAPSHOT/hadoop-hdds-server-framework-0.5.0-SNAPSHOT.jar:/home/user/.m2/repository/org/apache/hadoop/hadoop-common/3.2.0/hadoop-common-3.2.0.jar:/home/user/.m2/repository/org/apache/hadoop/hadoop-annotations/3.2.0/hadoop-annotations-3.2.0.jar:/usr/lib/jvm/java-1.8-openjdk/jre/../lib/tools.jar:/home/user/.m2/repository/commons-cli/commons-cli/1.2/commons-cli-1.2.jar:/home/user/.m2/repository/org/apache/commons/commons-math3/3.1.1/commons-math3-3.1.1.jar:/home/user/.m2/repository/org/apache/httpcomponents/httpclient/4.5.2/httpclient-4.5.2.jar:/home/user/.m2/repository/org/apache/httpcomponents/httpcore/4.4.4/httpcore-4.4.4.jar:/home/user/.m2/repository/commons-codec/commons-codec/1.11/commons-codec-1.11.jar:/home/user/.m2/repository/commons-io/commons-io/2.5/commons-io-2.5.jar:/home/user/.m2/repository/commons-net/commons-net/3.6/commons-net-3.6.jar:/home/user/.m2/repository/commons-collections/commons-collections/3.2.2/commons-collections-3.2.2.jar:/home/user/.m2/repository/javax/servlet/javax.servlet-api/3.1.0/javax.servlet-api-3.1.0.jar:/home/user/.m2/repository/org/eclipse/jetty/jetty-server/9.3.24.v20180605/jetty-server-9.3.24.v20180605.jar:/home/user/.m2/repository/org/eclipse/jetty/jetty-http/9.3.24.v20180605/jetty-http-9.3.24.v20180605.jar:/home/user/.m2/repository/org/eclipse/jetty/jetty-io/9.3.24.v20180605/jetty-io-9.3.24.v20180605.jar:/home/user/.m2/repository/org/eclipse/jetty/jetty-util/9.3.24.v20180605/jetty-util-9.3.24.v20180605.jar:/home/user/.m2/repository/org/eclipse/jetty/jetty-servlet/9.3.24.v20180605/jetty-servlet-9.3.24.v20180605.jar:/home/user/.m2/repository/org/eclipse/jetty/jetty-security/9.3.24.v20180605/jetty-security-9.3.24.v20180605.jar:/home/user/.m2/repository/org/eclipse/jetty/jetty-webapp/9.3.24.v20180605/jetty-webapp-9.3.24.v20180605.jar:/home/user/.m2/repository/org/eclipse/jetty/jetty-xml/9.3.24.v20180605/jetty-xml-9.3.24.v20180605.jar:/home/user/.m2/repository/javax/servlet/jsp/jsp-api/2.1/jsp-api-2.1.jar:/home/user/.m2/repository/com/sun/jersey/jersey-core/1.19/jersey-core-1.19.jar:/home/user/.m2/repository/javax/ws/rs/jsr311-api/1.1.1/jsr311-api-1.1.1.jar:/home/user/.m2/repository/com/sun/jersey/jersey-servlet/1.19/jersey-servlet-1.19.jar:/home/user/.m2/repository/com/sun/jersey/jersey-json/1.19/jersey-json-1.19.jar:/home/user/.m2/repository/org/codehaus/jettison/jettison/1.1/jettison-1.1.jar:/home/user/.m2/repository/com/sun/xml/bind/jaxb-impl/2.3.0.1/jaxb-impl-2.3.0.1.jar:/home/user/.m2/repository/org/codehaus/jackson/jackson-core-asl/1.9.13/jackson-core-asl-1.9.13.jar:/home/user/.m2/repository/org/codehaus/jackson/jackson-mapper-asl/1.9.13/jackson-mapper-asl-1.9.13.jar:/home/user/.m2/repository/org/codehaus/jackson/jackson-jaxrs/1.9.13/jackson-jaxrs-1.9.13.jar:/home/user/.m2/repository/org/codehaus/jackson/jackson-xc/1.9.13/jackson-xc-1.9.13.jar:/home/user/.m2/repository/com/sun/jersey/jersey-server/1.19/jersey-server-1.19.jar:/home/user/.m2/repository/commons-logging/commons-logging/1.1.3/commons-logging-1.1.3.jar:/home/user/.m2/repository/log4j/log4j/1.2.17/log4j-1.2.17.jar:/home/user/.m2/repository/commons-beanutils/commons-beanutils/1.9.3/commons-beanutils-1.9.3.jar:/home/user/.m2/repository/org/apache/commons/commons-configuration2/2.1.1/commons-configuration2-2.1.1.jar:/home/user/.m2/repository/org/apache/commons/commons-lang3/3.7/commons-lang3-3.7.jar:/home/user/.m2/repository/org/apache/commons/commons-text/1.4/commons-text-1.4.jar:/home/user/.m2/repository/org/slf4j/slf4j-api/1.7.25/slf4j-api-1.7.25.jar:/home/user/.m2/repository/org/slf4j/slf4j-log4j12/1.7.25/slf4j-log4j12-1.7.25.jar:/home/user/.m2/repository/org/apache/avro/avro/1.7.7/avro-1.7.7.jar:/home/user/.m2/repository/com/thoughtworks/paranamer/paranamer/2.3/paranamer-2.3.jar:/home/user/.m2/repository/org/xerial/snappy/snappy-java/1.0.5/snappy-java-1.0.5.jar:/home/user/.m2/repository/com/google/re2j/re2j/1.1/re2j-1.1.jar:/home/user/.m2/repository/com/google/code/gson/gson/2.2.4/gson-2.2.4.jar:/home/user/.m2/repository/org/apache/hadoop/hadoop-auth/3.2.0/hadoop-auth-3.2.0.jar:/home/user/.m2/repository/com/nimbusds/nimbus-jose-jwt/4.41.1/nimbus-jose-jwt-4.41.1.jar:/home/user/.m2/repository/com/github/stephenc/jcip/jcip-annotations/1.0-1/jcip-annotations-1.0-1.jar:/home/user/.m2/repository/net/minidev/json-smart/2.3/json-smart-2.3.jar:/home/user/.m2/repository/net/minidev/accessors-smart/1.2/accessors-smart-1.2.jar:/home/user/.m2/repository/org/apache/curator/curator-framework/2.12.0/curator-framework-2.12.0.jar:/home/user/.m2/repository/com/jcraft/jsch/0.1.54/jsch-0.1.54.jar:/home/user/.m2/repository/org/apache/curator/curator-client/2.12.0/curator-client-2.12.0.jar:/home/user/.m2/repository/org/apache/curator/curator-recipes/2.12.0/curator-recipes-2.12.0.jar:/home/user/.m2/repository/com/google/code/findbugs/jsr305/3.0.0/jsr305-3.0.0.jar:/home/user/.m2/repository/org/apache/htrace/htrace-core4/4.1.0-incubating/htrace-core4-4.1.0-incubating.jar:/home/user/.m2/repository/org/apache/zookeeper/zookeeper/3.4.13/zookeeper-3.4.13.jar:/home/user/.m2/repository/org/apache/yetus/audience-annotations/0.5.0/audience-annotations-0.5.0.jar:/home/user/.m2/repository/org/apache/kerby/kerb-simplekdc/1.0.1/kerb-simplekdc-1.0.1.jar:/home/user/.m2/repository/org/apache/kerby/kerb-client/1.0.1/kerb-client-1.0.1.jar:/home/user/.m2/repository/org/apache/kerby/kerby-config/1.0.1/kerby-config-1.0.1.jar:/home/user/.m2/repository/org/apache/kerby/kerb-core/1.0.1/kerb-core-1.0.1.jar:/home/user/.m2/repository/org/apache/kerby/kerby-pkix/1.0.1/kerby-pkix-1.0.1.jar:/home/user/.m2/repository/org/apache/kerby/kerby-asn1/1.0.1/kerby-asn1-1.0.1.jar:/home/user/.m2/repository/org/apache/kerby/kerby-util/1.0.1/kerby-util-1.0.1.jar:/home/user/.m2/repository/org/apache/kerby/kerb-common/1.0.1/kerb-common-1.0.1.jar:/home/user/.m2/repository/org/apache/kerby/kerb-crypto/1.0.1/kerb-crypto-1.0.1.jar:/home/user/.m2/repository/org/apache/kerby/kerb-util/1.0.1/kerb-util-1.0.1.jar:/home/user/.m2/repository/org/apache/kerby/token-provider/1.0.1/token-provider-1.0.1.jar:/home/user/.m2/repository/org/apache/kerby/kerb-admin/1.0.1/kerb-admin-1.0.1.jar:/home/user/.m2/repository/org/apache/kerby/kerb-server/1.0.1/kerb-server-1.0.1.jar:/home/user/.m2/repository/org/apache/kerby/kerb-identity/1.0.1/kerb-identity-1.0.1.jar:/home/user/.m2/repository/org/apache/kerby/kerby-xdr/1.0.1/kerby-xdr-1.0.1.jar:/home/user/.m2/repository/com/fasterxml/jackson/core/jackson-databind/2.9.5/jackson-databind-2.9.5.jar:/home/user/.m2/repository/com/fasterxml/jackson/core/jackson-core/2.9.5/jackson-core-2.9.5.jar:/home/user/.m2/repository/org/codehaus/woodstox/stax2-api/3.1.4/stax2-api-3.1.4.jar:/home/user/.m2/repository/com/fasterxml/woodstox/woodstox-core/5.0.3/woodstox-core-5.0.3.jar:/home/user/.m2/repository/dnsjava/dnsjava/2.1.7/dnsjava-2.1.7.jar:/home/user/.m2/repository/org/apache/hadoop/hadoop-hdfs/3.2.0/hadoop-hdfs-3.2.0.jar:/home/user/.m2/repository/org/eclipse/jetty/jetty-util-ajax/9.3.24.v20180605/jetty-util-ajax-9.3.24.v20180605.jar:/home/user/.m2/repository/commons-daemon/commons-daemon/1.0.13/commons-daemon-1.0.13.jar:/home/user/.m2/repository/io/netty/netty/3.10.5.Final/netty-3.10.5.Final.jar:/home/user/.m2/repository/io/netty/netty-all/4.0.52.Final/netty-all-4.0.52.Final.jar:/home/user/.m2/repository/org/fusesource/leveldbjni/leveldbjni-all/1.8/leveldbjni-all-1.8.jar:/home/user/.m2/repository/com/sun/xml/bind/jaxb-core/2.3.0.1/jaxb-core-2.3.0.1.jar:/home/user/.m2/repository/javax/xml/bind/jaxb-api/2.3.0/jaxb-api-2.3.0.jar:/home/user/.m2/repository/javax/activation/activation/1.1.1/activation-1.1.1.jar:/home/user/.m2/repository/io/dropwizard/metrics/metrics-core/3.2.4/metrics-core-3.2.4.jar:/home/user/.m2/repository/org/openjdk/jmh/jmh-core/1.19/jmh-core-1.19.jar:/home/user/.m2/repository/net/sf/jopt-simple/jopt-simple/4.6/jopt-simple-4.6.jar:/home/user/.m2/repository/org/openjdk/jmh/jmh-generator-annprocess/1.19/jmh-generator-annprocess-1.19.jar:/home/user/.m2/repository/com/google/code/findbugs/findbugs/3.0.1/findbugs-3.0.1.jar:/home/user/.m2/repository/net/jcip/jcip-annotations/1.0/jcip-annotations-1.0.jar:/home/user/.m2/repository/com/google/code/findbugs/bcel-findbugs/6.0/bcel-findbugs-6.0.jar:/home/user/.m2/repository/com/google/code/findbugs/jFormatString/2.0.1/jFormatString-2.0.1.jar:/home/user/.m2/repository/dom4j/dom4j/1.6.1/dom4j-1.6.1.jar:/home/user/.m2/repository/xml-apis/xml-apis/1.0.b2/xml-apis-1.0.b2.jar:/home/user/.m2/repository/org/ow2/asm/asm-debug-all/5.0.2/asm-debug-all-5.0.2.jar:/home/user/.m2/repository/org/ow2/asm/asm-commons/5.0.2/asm-commons-5.0.2.jar:/home/user/.m2/repository/org/ow2/asm/asm-tree/5.0.2/asm-tree-5.0.2.jar:/home/user/.m2/repository/org/ow2/asm/asm/5.0.4/asm-5.0.4.jar:/home/user/.m2/repository/commons-lang/commons-lang/2.6/commons-lang-2.6.jar:/home/user/.m2/repository/com/apple/AppleJavaExtensions/1.4/AppleJavaExtensions-1.4.jar:/home/user/.m2/repository/jaxen/jaxen/1.1.6/jaxen-1.1.6.jar:/home/user/.m2/repository/junit/junit/4.11/junit-4.11.jar:/home/user/.m2/repository/org/hamcrest/hamcrest-core/1.3/hamcrest-core-1.3.jar:/home/user/.m2/repository/org/apache/hadoop/hadoop-common/3.2.0/hadoop-common-3.2.0-tests.jar:/workdir/hadoop-ozone/integration-test/target/test-classes:/home/user/.m2/repository/org/apache/hadoop/hadoop-ozone-objectstore-service/0.5.0-SNAPSHOT/hadoop-ozone-objectstore-service-0.5.0-SNAPSHOT.jar:/home/user/.m2/repository/org/apache/hadoop/hadoop-ozone-s3gateway/0.5.0-SNAPSHOT/hadoop-ozone-s3gateway-0.5.0-SNAPSHOT.jar:/home/user/.m2/repository/org/jboss/weld/servlet/weld-servlet/2.4.7.Final/weld-servlet-2.4.7.Final.jar:/home/user/.m2/repository/org/glassfish/jersey/containers/jersey-container-servlet-core/2.27/jersey-container-servlet-core-2.27.jar:/home/user/.m2/repository/org/glassfish/hk2/external/javax.inject/2.5.0-b42/javax.inject-2.5.0-b42.jar:/home/user/.m2/repository/org/glassfish/jersey/core/jersey-common/2.27/jersey-common-2.27.jar:/home/user/.m2/repository/org/glassfish/hk2/osgi-resource-locator/1.0.1/osgi-resource-locator-1.0.1.jar:/home/user/.m2/repository/javax/ws/rs/javax.ws.rs-api/2.1/javax.ws.rs-api-2.1.jar:/home/user/.m2/repository/org/glassfish/jersey/ext/cdi/jersey-cdi1x/2.27/jersey-cdi1x-2.27.jar:/home/user/.m2/repository/org/glassfish/jersey/inject/jersey-hk2/2.27/jersey-hk2-2.27.jar:/home/user/.m2/repository/org/glassfish/hk2/hk2-locator/2.5.0-b42/hk2-locator-2.5.0-b42.jar:/home/user/.m2/repository/org/javassist/javassist/3.22.0-CR2/javassist-3.22.0-CR2.jar:/home/user/.m2/repository/org/glassfish/hk2/hk2-api/2.5.0/hk2-api-2.5.0.jar:/home/user/.m2/repository/org/glassfish/hk2/external/jakarta.inject/2.5.0/jakarta.inject-2.5.0.jar:/home/user/.m2/repository/org/glassfish/hk2/hk2-utils/2.5.0/hk2-utils-2.5.0.jar:/home/user/.m2/repository/jakarta/annotation/jakarta.annotation-api/1.3.4/jakarta.annotation-api-1.3.4.jar:/home/user/.m2/repository/org/glassfish/hk2/external/aopalliance-repackaged/2.5.0/aopalliance-repackaged-2.5.0.jar:/home/user/.m2/repository/com/fasterxml/jackson/dataformat/jackson-dataformat-xml/2.9.0/jackson-dataformat-xml-2.9.0.jar:/home/user/.m2/repository/com/fasterxml/jackson/module/jackson-module-jaxb-annotations/2.9.5/jackson-module-jaxb-annotations-2.9.5.jar:/home/user/.m2/repository/javax/enterprise/cdi-api/1.2/cdi-api-1.2.jar:/home/user/.m2/repository/javax/el/javax.el-api/3.0.0/javax.el-api-3.0.0.jar:/home/user/.m2/repository/javax/interceptor/javax.interceptor-api/1.2/javax.interceptor-api-1.2.jar:/home/user/.m2/repository/javax/inject/javax.inject/1/javax.inject-1.jar:/home/user/.m2/repository/org/apache/hadoop/hadoop-ozone-csi/0.5.0-SNAPSHOT/hadoop-ozone-csi-0.5.0-SNAPSHOT.jar:/home/user/.m2/repository/com/google/protobuf/protobuf-java-util/3.5.1/protobuf-java-util-3.5.1.jar:/home/user/.m2/repository/io/grpc/grpc-netty/1.17.1/grpc-netty-1.17.1.jar:/home/user/.m2/repository/io/grpc/grpc-core/1.17.1/grpc-core-1.17.1.jar:/home/user/.m2/repository/io/grpc/grpc-context/1.17.1/grpc-context-1.17.1.jar:/home/user/.m2/repository/com/google/errorprone/error_prone_annotations/2.2.0/error_prone_annotations-2.2.0.jar:/home/user/.m2/repository/org/codehaus/mojo/animal-sniffer-annotations/1.17/animal-sniffer-annotations-1.17.jar:/home/user/.m2/repository/io/opencensus/opencensus-api/0.17.0/opencensus-api-0.17.0.jar:/home/user/.m2/repository/io/opencensus/opencensus-contrib-grpc-metrics/0.17.0/opencensus-contrib-grpc-metrics-0.17.0.jar:/home/user/.m2/repository/io/netty/netty-codec-http2/4.1.30.Final/netty-codec-http2-4.1.30.Final.jar:/home/user/.m2/repository/io/netty/netty-codec-http/4.1.30.Final/netty-codec-http-4.1.30.Final.jar:/home/user/.m2/repository/io/netty/netty-codec/4.1.30.Final/netty-codec-4.1.30.Final.jar:/home/user/.m2/repository/io/netty/netty-handler/4.1.30.Final/netty-handler-4.1.30.Final.jar:/home/user/.m2/repository/io/netty/netty-handler-proxy/4.1.30.Final/netty-handler-proxy-4.1.30.Final.jar:/home/user/.m2/repository/io/netty/netty-codec-socks/4.1.30.Final/netty-codec-socks-4.1.30.Final.jar:/home/user/.m2/repository/io/netty/netty-transport-native-epoll/4.1.30.Final/netty-transport-native-epoll-4.1.30.Final.jar:/home/user/.m2/repository/io/netty/netty-common/4.1.30.Final/netty-common-4.1.30.Final.jar:/home/user/.m2/repository/io/netty/netty-buffer/4.1.30.Final/netty-buffer-4.1.30.Final.jar:/home/user/.m2/repository/io/netty/netty-transport/4.1.30.Final/netty-transport-4.1.30.Final.jar:/home/user/.m2/repository/io/netty/netty-resolver/4.1.30.Final/netty-resolver-4.1.30.Final.jar:/home/user/.m2/repository/io/netty/netty-transport-native-unix-common/4.1.30.Final/netty-transport-native-unix-common-4.1.30.Final.jar:/home/user/.m2/repository/io/grpc/grpc-protobuf/1.17.1/grpc-protobuf-1.17.1.jar:/home/user/.m2/repository/com/google/api/grpc/proto-google-common-protos/1.0.0/proto-google-common-protos-1.0.0.jar:/home/user/.m2/repository/io/grpc/grpc-protobuf-lite/1.17.1/grpc-protobuf-lite-1.17.1.jar:/home/user/.m2/repository/io/grpc/grpc-stub/1.17.1/grpc-stub-1.17.1.jar:/home/user/.m2/repository/org/apache/hadoop/hadoop-ozone-recon/0.5.0-SNAPSHOT/hadoop-ozone-recon-0.5.0-SNAPSHOT.jar:/home/user/.m2/repository/org/apache/hadoop/hadoop-ozone-reconcodegen/0.5.0-SNAPSHOT/hadoop-ozone-reconcodegen-0.5.0-SNAPSHOT.jar:/home/user/.m2/repository/com/google/inject/extensions/guice-multibindings/4.0/guice-multibindings-4.0.jar:/home/user/.m2/repository/com/google/inject/guice/4.0/guice-4.0.jar:/home/user/.m2/repository/aopalliance/aopalliance/1.0/aopalliance-1.0.jar:/home/user/.m2/repository/com/google/inject/extensions/guice-servlet/4.0/guice-servlet-4.0.jar:/home/user/.m2/repository/org/glassfish/jersey/containers/jersey-container-servlet/2.27/jersey-container-servlet-2.27.jar:/home/user/.m2/repository/org/glassfish/hk2/guice-bridge/2.5.0/guice-bridge-2.5.0.jar:/home/user/.m2/repository/org/glassfish/jersey/core/jersey-server/2.27/jersey-server-2.27.jar:/home/user/.m2/repository/org/glassfish/jersey/core/jersey-client/2.27/jersey-client-2.27.jar:/home/user/.m2/repository/org/glassfish/jersey/media/jersey-media-jaxb/2.27/jersey-media-jaxb-2.27.jar:/home/user/.m2/repository/javax/validation/validation-api/1.1.0.Final/validation-api-1.1.0.Final.jar:/home/user/.m2/repository/org/glassfish/jersey/media/jersey-media-json-jackson/2.27/jersey-media-json-jackson-2.27.jar:/home/user/.m2/repository/org/glassfish/jersey/ext/jersey-entity-filtering/2.27/jersey-entity-filtering-2.27.jar:/home/user/.m2/repository/com/google/inject/extensions/guice-assistedinject/4.0/guice-assistedinject-4.0.jar:/home/user/.m2/repository/org/jooq/jooq/3.11.10/jooq-3.11.10.jar:/home/user/.m2/repository/org/jooq/jooq-meta/3.11.10/jooq-meta-3.11.10.jar:/home/user/.m2/repository/org/jooq/jooq-codegen/3.11.10/jooq-codegen-3.11.10.jar:/home/user/.m2/repository/com/jolbox/bonecp/0.8.0.RELEASE/bonecp-0.8.0.RELEASE.jar:/home/user/.m2/repository/org/springframework/spring-jdbc/5.1.3.RELEASE/spring-jdbc-5.1.3.RELEASE.jar:/home/user/.m2/repository/org/springframework/spring-beans/5.1.3.RELEASE/spring-beans-5.1.3.RELEASE.jar:/home/user/.m2/repository/org/springframework/spring-core/5.1.3.RELEASE/spring-core-5.1.3.RELEASE.jar:/home/user/.m2/repository/org/springframework/spring-jcl/5.1.3.RELEASE/spring-jcl-5.1.3.RELEASE.jar:/home/user/.m2/repository/org/springframework/spring-tx/5.1.3.RELEASE/spring-tx-5.1.3.RELEASE.jar:/home/user/.m2/repository/org/mockito/mockito-core/2.15.0/mockito-core-2.15.0.jar:/home/user/.m2/repository/net/bytebuddy/byte-buddy/1.7.9/byte-buddy-1.7.9.jar:/home/user/.m2/repository/net/bytebuddy/byte-buddy-agent/1.7.9/byte-buddy-agent-1.7.9.jar:/home/user/.m2/repository/org/objenesis/objenesis/1.0/objenesis-1.0.jar:"/>
    <property name="java.vm.vendor" value="IcedTea"/>
    <property name="sun.arch.data.model" value="64"/>
    <property name="test.build.dir" value="/workdir/hadoop-ozone/tools/target/test-dir"/>
    <property name="test.cache.data" value=""/>
    <property name="java.vendor.url" value="https://icedtea.classpath.org"/>
    <property name="user.timezone" value=""/>
    <property name="java.vm.specification.version" value="1.8"/>
    <property name="os.name" value="Linux"/>
    <property name="test.build.data" value="/workdir/hadoop-ozone/tools/target/test-dir"/>
    <property name="user.country" value="US"/>
    <property name="sun.java.launcher" value="SUN_STANDARD"/>
    <property name="sun.boot.library.path" value="/usr/lib/jvm/java-1.8-openjdk/jre/lib/amd64"/>
    <property name="sun.java.command" value="/workdir/hadoop-ozone/tools/target/surefire/surefirebooter4849674428619741577.jar /workdir/hadoop-ozone/tools/target/surefire 2019-09-12T10-13-21_360-jvmRun1 surefire602943652089363887tmp surefire_1196764591460143601890tmp"/>
    <property name="test" value="!TestMiniChaosOzoneCluster"/>
    <property name="surefire.test.class.path" value="/workdir/hadoop-ozone/tools/target/test-classes:/workdir/hadoop-ozone/tools/target/classes:/home/user/.m2/repository/org/apache/hadoop/hadoop-ozone-ozone-manager/0.5.0-SNAPSHOT/hadoop-ozone-ozone-manager-0.5.0-SNAPSHOT.jar:/home/user/.m2/repository/org/apache/hadoop/hadoop-hdds-docs/0.5.0-SNAPSHOT/hadoop-hdds-docs-0.5.0-SNAPSHOT.jar:/home/user/.m2/repository/org/bouncycastle/bcprov-jdk15on/1.60/bcprov-jdk15on-1.60.jar:/home/user/.m2/repository/org/apache/hadoop/hadoop-ozone-common/0.5.0-SNAPSHOT/hadoop-ozone-common-0.5.0-SNAPSHOT.jar:/home/user/.m2/repository/org/apache/commons/commons-compress/1.4.1/commons-compress-1.4.1.jar:/home/user/.m2/repository/org/tukaani/xz/1.0/xz-1.0.jar:/home/user/.m2/repository/org/apache/hadoop/hadoop-hdfs-client/3.2.0/hadoop-hdfs-client-3.2.0.jar:/home/user/.m2/repository/com/fasterxml/jackson/core/jackson-annotations/2.9.5/jackson-annotations-2.9.5.jar:/home/user/.m2/repository/org/apache/hadoop/hadoop-hdds-common/0.5.0-SNAPSHOT/hadoop-hdds-common-0.5.0-SNAPSHOT.jar:/home/user/.m2/repository/org/apache/hadoop/hadoop-hdds-config/0.5.0-SNAPSHOT/hadoop-hdds-config-0.5.0-SNAPSHOT.jar:/home/user/.m2/repository/javax/annotation/javax.annotation-api/1.2/javax.annotation-api-1.2.jar:/home/user/.m2/repository/org/apache/ratis/ratis-server/0.4.0-2337318-SNAPSHOT/ratis-server-0.4.0-2337318-SNAPSHOT.jar:/home/user/.m2/repository/org/apache/ratis/ratis-thirdparty-misc/0.2.0/ratis-thirdparty-misc-0.2.0.jar:/home/user/.m2/repository/org/apache/ratis/ratis-proto/0.4.0-2337318-SNAPSHOT/ratis-proto-0.4.0-2337318-SNAPSHOT.jar:/home/user/.m2/repository/org/apache/ratis/ratis-common/0.4.0-2337318-SNAPSHOT/ratis-common-0.4.0-2337318-SNAPSHOT.jar:/home/user/.m2/repository/org/apache/ratis/ratis-client/0.4.0-2337318-SNAPSHOT/ratis-client-0.4.0-2337318-SNAPSHOT.jar:/home/user/.m2/repository/org/apache/ratis/ratis-metrics/0.4.0-2337318-SNAPSHOT/ratis-metrics-0.4.0-2337318-SNAPSHOT.jar:/home/user/.m2/repository/org/apache/ratis/ratis-netty/0.4.0-2337318-SNAPSHOT/ratis-netty-0.4.0-2337318-SNAPSHOT.jar:/home/user/.m2/repository/org/apache/ratis/ratis-grpc/0.4.0-2337318-SNAPSHOT/ratis-grpc-0.4.0-2337318-SNAPSHOT.jar:/home/user/.m2/repository/org/rocksdb/rocksdbjni/6.0.1/rocksdbjni-6.0.1.jar:/home/user/.m2/repository/org/apache/logging/log4j/log4j-api/2.11.0/log4j-api-2.11.0.jar:/home/user/.m2/repository/org/apache/logging/log4j/log4j-core/2.11.0/log4j-core-2.11.0.jar:/home/user/.m2/repository/com/lmax/disruptor/3.4.2/disruptor-3.4.2.jar:/home/user/.m2/repository/org/apache/commons/commons-pool2/2.6.0/commons-pool2-2.6.0.jar:/home/user/.m2/repository/org/bouncycastle/bcpkix-jdk15on/1.60/bcpkix-jdk15on-1.60.jar:/home/user/.m2/repository/commons-validator/commons-validator/1.6/commons-validator-1.6.jar:/home/user/.m2/repository/commons-digester/commons-digester/1.8.1/commons-digester-1.8.1.jar:/home/user/.m2/repository/io/jaegertracing/jaeger-client/0.33.1/jaeger-client-0.33.1.jar:/home/user/.m2/repository/io/jaegertracing/jaeger-thrift/0.33.1/jaeger-thrift-0.33.1.jar:/home/user/.m2/repository/org/apache/thrift/libthrift/0.11.0/libthrift-0.11.0.jar:/home/user/.m2/repository/com/squareup/okhttp3/okhttp/3.9.0/okhttp-3.9.0.jar:/home/user/.m2/repository/com/squareup/okio/okio/1.13.0/okio-1.13.0.jar:/home/user/.m2/repository/io/jaegertracing/jaeger-core/0.33.1/jaeger-core-0.33.1.jar:/home/user/.m2/repository/io/jaegertracing/jaeger-tracerresolver/0.33.1/jaeger-tracerresolver-0.33.1.jar:/home/user/.m2/repository/io/opentracing/contrib/opentracing-tracerresolver/0.1.5/opentracing-tracerresolver-0.1.5.jar:/home/user/.m2/repository/io/opentracing/opentracing-util/0.31.0/opentracing-util-0.31.0.jar:/home/user/.m2/repository/io/opentracing/opentracing-api/0.31.0/opentracing-api-0.31.0.jar:/home/user/.m2/repository/io/opentracing/opentracing-noop/0.31.0/opentracing-noop-0.31.0.jar:/home/user/.m2/repository/org/yaml/snakeyaml/1.16/snakeyaml-1.16.jar:/home/user/.m2/repository/org/apache/hadoop/hadoop-hdds-container-service/0.5.0-SNAPSHOT/hadoop-hdds-container-service-0.5.0-SNAPSHOT.jar:/home/user/.m2/repository/org/apache/hadoop/hadoop-hdds-client/0.5.0-SNAPSHOT/hadoop-hdds-client-0.5.0-SNAPSHOT.jar:/home/user/.m2/repository/org/apache/hadoop/hadoop-hdds-tools/0.5.0-SNAPSHOT/hadoop-hdds-tools-0.5.0-SNAPSHOT.jar:/home/user/.m2/repository/org/xerial/sqlite-jdbc/3.25.2/sqlite-jdbc-3.25.2.jar:/home/user/.m2/repository/org/apache/hadoop/hadoop-hdds-server-scm/0.5.0-SNAPSHOT/hadoop-hdds-server-scm-0.5.0-SNAPSHOT.jar:/home/user/.m2/repository/org/hamcrest/hamcrest-all/1.3/hamcrest-all-1.3.jar:/home/user/.m2/repository/info/picocli/picocli/3.9.6/picocli-3.9.6.jar:/home/user/.m2/repository/com/google/protobuf/protobuf-java/2.5.0/protobuf-java-2.5.0.jar:/home/user/.m2/repository/com/google/guava/guava/11.0.2/guava-11.0.2.jar:/home/user/.m2/repository/org/apache/hadoop/hadoop-ozone-client/0.5.0-SNAPSHOT/hadoop-ozone-client-0.5.0-SNAPSHOT.jar:/workdir/hadoop-ozone/ozonefs/target/classes:/home/user/.m2/repository/org/apache/hadoop/hadoop-hdds-server-framework/0.5.0-SNAPSHOT/hadoop-hdds-server-framework-0.5.0-SNAPSHOT.jar:/home/user/.m2/repository/org/apache/hadoop/hadoop-common/3.2.0/hadoop-common-3.2.0.jar:/home/user/.m2/repository/org/apache/hadoop/hadoop-annotations/3.2.0/hadoop-annotations-3.2.0.jar:/usr/lib/jvm/java-1.8-openjdk/jre/../lib/tools.jar:/home/user/.m2/repository/commons-cli/commons-cli/1.2/commons-cli-1.2.jar:/home/user/.m2/repository/org/apache/commons/commons-math3/3.1.1/commons-math3-3.1.1.jar:/home/user/.m2/repository/org/apache/httpcomponents/httpclient/4.5.2/httpclient-4.5.2.jar:/home/user/.m2/repository/org/apache/httpcomponents/httpcore/4.4.4/httpcore-4.4.4.jar:/home/user/.m2/repository/commons-codec/commons-codec/1.11/commons-codec-1.11.jar:/home/user/.m2/repository/commons-io/commons-io/2.5/commons-io-2.5.jar:/home/user/.m2/repository/commons-net/commons-net/3.6/commons-net-3.6.jar:/home/user/.m2/repository/commons-collections/commons-collections/3.2.2/commons-collections-3.2.2.jar:/home/user/.m2/repository/javax/servlet/javax.servlet-api/3.1.0/javax.servlet-api-3.1.0.jar:/home/user/.m2/repository/org/eclipse/jetty/jetty-server/9.3.24.v20180605/jetty-server-9.3.24.v20180605.jar:/home/user/.m2/repository/org/eclipse/jetty/jetty-http/9.3.24.v20180605/jetty-http-9.3.24.v20180605.jar:/home/user/.m2/repository/org/eclipse/jetty/jetty-io/9.3.24.v20180605/jetty-io-9.3.24.v20180605.jar:/home/user/.m2/repository/org/eclipse/jetty/jetty-util/9.3.24.v20180605/jetty-util-9.3.24.v20180605.jar:/home/user/.m2/repository/org/eclipse/jetty/jetty-servlet/9.3.24.v20180605/jetty-servlet-9.3.24.v20180605.jar:/home/user/.m2/repository/org/eclipse/jetty/jetty-security/9.3.24.v20180605/jetty-security-9.3.24.v20180605.jar:/home/user/.m2/repository/org/eclipse/jetty/jetty-webapp/9.3.24.v20180605/jetty-webapp-9.3.24.v20180605.jar:/home/user/.m2/repository/org/eclipse/jetty/jetty-xml/9.3.24.v20180605/jetty-xml-9.3.24.v20180605.jar:/home/user/.m2/repository/javax/servlet/jsp/jsp-api/2.1/jsp-api-2.1.jar:/home/user/.m2/repository/com/sun/jersey/jersey-core/1.19/jersey-core-1.19.jar:/home/user/.m2/repository/javax/ws/rs/jsr311-api/1.1.1/jsr311-api-1.1.1.jar:/home/user/.m2/repository/com/sun/jersey/jersey-servlet/1.19/jersey-servlet-1.19.jar:/home/user/.m2/repository/com/sun/jersey/jersey-json/1.19/jersey-json-1.19.jar:/home/user/.m2/repository/org/codehaus/jettison/jettison/1.1/jettison-1.1.jar:/home/user/.m2/repository/com/sun/xml/bind/jaxb-impl/2.3.0.1/jaxb-impl-2.3.0.1.jar:/home/user/.m2/repository/org/codehaus/jackson/jackson-core-asl/1.9.13/jackson-core-asl-1.9.13.jar:/home/user/.m2/repository/org/codehaus/jackson/jackson-mapper-asl/1.9.13/jackson-mapper-asl-1.9.13.jar:/home/user/.m2/repository/org/codehaus/jackson/jackson-jaxrs/1.9.13/jackson-jaxrs-1.9.13.jar:/home/user/.m2/repository/org/codehaus/jackson/jackson-xc/1.9.13/jackson-xc-1.9.13.jar:/home/user/.m2/repository/com/sun/jersey/jersey-server/1.19/jersey-server-1.19.jar:/home/user/.m2/repository/commons-logging/commons-logging/1.1.3/commons-logging-1.1.3.jar:/home/user/.m2/repository/log4j/log4j/1.2.17/log4j-1.2.17.jar:/home/user/.m2/repository/commons-beanutils/commons-beanutils/1.9.3/commons-beanutils-1.9.3.jar:/home/user/.m2/repository/org/apache/commons/commons-configuration2/2.1.1/commons-configuration2-2.1.1.jar:/home/user/.m2/repository/org/apache/commons/commons-lang3/3.7/commons-lang3-3.7.jar:/home/user/.m2/repository/org/apache/commons/commons-text/1.4/commons-text-1.4.jar:/home/user/.m2/repository/org/slf4j/slf4j-api/1.7.25/slf4j-api-1.7.25.jar:/home/user/.m2/repository/org/slf4j/slf4j-log4j12/1.7.25/slf4j-log4j12-1.7.25.jar:/home/user/.m2/repository/org/apache/avro/avro/1.7.7/avro-1.7.7.jar:/home/user/.m2/repository/com/thoughtworks/paranamer/paranamer/2.3/paranamer-2.3.jar:/home/user/.m2/repository/org/xerial/snappy/snappy-java/1.0.5/snappy-java-1.0.5.jar:/home/user/.m2/repository/com/google/re2j/re2j/1.1/re2j-1.1.jar:/home/user/.m2/repository/com/google/code/gson/gson/2.2.4/gson-2.2.4.jar:/home/user/.m2/repository/org/apache/hadoop/hadoop-auth/3.2.0/hadoop-auth-3.2.0.jar:/home/user/.m2/repository/com/nimbusds/nimbus-jose-jwt/4.41.1/nimbus-jose-jwt-4.41.1.jar:/home/user/.m2/repository/com/github/stephenc/jcip/jcip-annotations/1.0-1/jcip-annotations-1.0-1.jar:/home/user/.m2/repository/net/minidev/json-smart/2.3/json-smart-2.3.jar:/home/user/.m2/repository/net/minidev/accessors-smart/1.2/accessors-smart-1.2.jar:/home/user/.m2/repository/org/apache/curator/curator-framework/2.12.0/curator-framework-2.12.0.jar:/home/user/.m2/repository/com/jcraft/jsch/0.1.54/jsch-0.1.54.jar:/home/user/.m2/repository/org/apache/curator/curator-client/2.12.0/curator-client-2.12.0.jar:/home/user/.m2/repository/org/apache/curator/curator-recipes/2.12.0/curator-recipes-2.12.0.jar:/home/user/.m2/repository/com/google/code/findbugs/jsr305/3.0.0/jsr305-3.0.0.jar:/home/user/.m2/repository/org/apache/htrace/htrace-core4/4.1.0-incubating/htrace-core4-4.1.0-incubating.jar:/home/user/.m2/repository/org/apache/zookeeper/zookeeper/3.4.13/zookeeper-3.4.13.jar:/home/user/.m2/repository/org/apache/yetus/audience-annotations/0.5.0/audience-annotations-0.5.0.jar:/home/user/.m2/repository/org/apache/kerby/kerb-simplekdc/1.0.1/kerb-simplekdc-1.0.1.jar:/home/user/.m2/repository/org/apache/kerby/kerb-client/1.0.1/kerb-client-1.0.1.jar:/home/user/.m2/repository/org/apache/kerby/kerby-config/1.0.1/kerby-config-1.0.1.jar:/home/user/.m2/repository/org/apache/kerby/kerb-core/1.0.1/kerb-core-1.0.1.jar:/home/user/.m2/repository/org/apache/kerby/kerby-pkix/1.0.1/kerby-pkix-1.0.1.jar:/home/user/.m2/repository/org/apache/kerby/kerby-asn1/1.0.1/kerby-asn1-1.0.1.jar:/home/user/.m2/repository/org/apache/kerby/kerby-util/1.0.1/kerby-util-1.0.1.jar:/home/user/.m2/repository/org/apache/kerby/kerb-common/1.0.1/kerb-common-1.0.1.jar:/home/user/.m2/repository/org/apache/kerby/kerb-crypto/1.0.1/kerb-crypto-1.0.1.jar:/home/user/.m2/repository/org/apache/kerby/kerb-util/1.0.1/kerb-util-1.0.1.jar:/home/user/.m2/repository/org/apache/kerby/token-provider/1.0.1/token-provider-1.0.1.jar:/home/user/.m2/repository/org/apache/kerby/kerb-admin/1.0.1/kerb-admin-1.0.1.jar:/home/user/.m2/repository/org/apache/kerby/kerb-server/1.0.1/kerb-server-1.0.1.jar:/home/user/.m2/repository/org/apache/kerby/kerb-identity/1.0.1/kerb-identity-1.0.1.jar:/home/user/.m2/repository/org/apache/kerby/kerby-xdr/1.0.1/kerby-xdr-1.0.1.jar:/home/user/.m2/repository/com/fasterxml/jackson/core/jackson-databind/2.9.5/jackson-databind-2.9.5.jar:/home/user/.m2/repository/com/fasterxml/jackson/core/jackson-core/2.9.5/jackson-core-2.9.5.jar:/home/user/.m2/repository/org/codehaus/woodstox/stax2-api/3.1.4/stax2-api-3.1.4.jar:/home/user/.m2/repository/com/fasterxml/woodstox/woodstox-core/5.0.3/woodstox-core-5.0.3.jar:/home/user/.m2/repository/dnsjava/dnsjava/2.1.7/dnsjava-2.1.7.jar:/home/user/.m2/repository/org/apache/hadoop/hadoop-hdfs/3.2.0/hadoop-hdfs-3.2.0.jar:/home/user/.m2/repository/org/eclipse/jetty/jetty-util-ajax/9.3.24.v20180605/jetty-util-ajax-9.3.24.v20180605.jar:/home/user/.m2/repository/commons-daemon/commons-daemon/1.0.13/commons-daemon-1.0.13.jar:/home/user/.m2/repository/io/netty/netty/3.10.5.Final/netty-3.10.5.Final.jar:/home/user/.m2/repository/io/netty/netty-all/4.0.52.Final/netty-all-4.0.52.Final.jar:/home/user/.m2/repository/org/fusesource/leveldbjni/leveldbjni-all/1.8/leveldbjni-all-1.8.jar:/home/user/.m2/repository/com/sun/xml/bind/jaxb-core/2.3.0.1/jaxb-core-2.3.0.1.jar:/home/user/.m2/repository/javax/xml/bind/jaxb-api/2.3.0/jaxb-api-2.3.0.jar:/home/user/.m2/repository/javax/activation/activation/1.1.1/activation-1.1.1.jar:/home/user/.m2/repository/io/dropwizard/metrics/metrics-core/3.2.4/metrics-core-3.2.4.jar:/home/user/.m2/repository/org/openjdk/jmh/jmh-core/1.19/jmh-core-1.19.jar:/home/user/.m2/repository/net/sf/jopt-simple/jopt-simple/4.6/jopt-simple-4.6.jar:/home/user/.m2/repository/org/openjdk/jmh/jmh-generator-annprocess/1.19/jmh-generator-annprocess-1.19.jar:/home/user/.m2/repository/com/google/code/findbugs/findbugs/3.0.1/findbugs-3.0.1.jar:/home/user/.m2/repository/net/jcip/jcip-annotations/1.0/jcip-annotations-1.0.jar:/home/user/.m2/repository/com/google/code/findbugs/bcel-findbugs/6.0/bcel-findbugs-6.0.jar:/home/user/.m2/repository/com/google/code/findbugs/jFormatString/2.0.1/jFormatString-2.0.1.jar:/home/user/.m2/repository/dom4j/dom4j/1.6.1/dom4j-1.6.1.jar:/home/user/.m2/repository/xml-apis/xml-apis/1.0.b2/xml-apis-1.0.b2.jar:/home/user/.m2/repository/org/ow2/asm/asm-debug-all/5.0.2/asm-debug-all-5.0.2.jar:/home/user/.m2/repository/org/ow2/asm/asm-commons/5.0.2/asm-commons-5.0.2.jar:/home/user/.m2/repository/org/ow2/asm/asm-tree/5.0.2/asm-tree-5.0.2.jar:/home/user/.m2/repository/org/ow2/asm/asm/5.0.4/asm-5.0.4.jar:/home/user/.m2/repository/commons-lang/commons-lang/2.6/commons-lang-2.6.jar:/home/user/.m2/repository/com/apple/AppleJavaExtensions/1.4/AppleJavaExtensions-1.4.jar:/home/user/.m2/repository/jaxen/jaxen/1.1.6/jaxen-1.1.6.jar:/home/user/.m2/repository/junit/junit/4.11/junit-4.11.jar:/home/user/.m2/repository/org/hamcrest/hamcrest-core/1.3/hamcrest-core-1.3.jar:/home/user/.m2/repository/org/apache/hadoop/hadoop-common/3.2.0/hadoop-common-3.2.0-tests.jar:/workdir/hadoop-ozone/integration-test/target/test-classes:/home/user/.m2/repository/org/apache/hadoop/hadoop-ozone-objectstore-service/0.5.0-SNAPSHOT/hadoop-ozone-objectstore-service-0.5.0-SNAPSHOT.jar:/home/user/.m2/repository/org/apache/hadoop/hadoop-ozone-s3gateway/0.5.0-SNAPSHOT/hadoop-ozone-s3gateway-0.5.0-SNAPSHOT.jar:/home/user/.m2/repository/org/jboss/weld/servlet/weld-servlet/2.4.7.Final/weld-servlet-2.4.7.Final.jar:/home/user/.m2/repository/org/glassfish/jersey/containers/jersey-container-servlet-core/2.27/jersey-container-servlet-core-2.27.jar:/home/user/.m2/repository/org/glassfish/hk2/external/javax.inject/2.5.0-b42/javax.inject-2.5.0-b42.jar:/home/user/.m2/repository/org/glassfish/jersey/core/jersey-common/2.27/jersey-common-2.27.jar:/home/user/.m2/repository/org/glassfish/hk2/osgi-resource-locator/1.0.1/osgi-resource-locator-1.0.1.jar:/home/user/.m2/repository/javax/ws/rs/javax.ws.rs-api/2.1/javax.ws.rs-api-2.1.jar:/home/user/.m2/repository/org/glassfish/jersey/ext/cdi/jersey-cdi1x/2.27/jersey-cdi1x-2.27.jar:/home/user/.m2/repository/org/glassfish/jersey/inject/jersey-hk2/2.27/jersey-hk2-2.27.jar:/home/user/.m2/repository/org/glassfish/hk2/hk2-locator/2.5.0-b42/hk2-locator-2.5.0-b42.jar:/home/user/.m2/repository/org/javassist/javassist/3.22.0-CR2/javassist-3.22.0-CR2.jar:/home/user/.m2/repository/org/glassfish/hk2/hk2-api/2.5.0/hk2-api-2.5.0.jar:/home/user/.m2/repository/org/glassfish/hk2/external/jakarta.inject/2.5.0/jakarta.inject-2.5.0.jar:/home/user/.m2/repository/org/glassfish/hk2/hk2-utils/2.5.0/hk2-utils-2.5.0.jar:/home/user/.m2/repository/jakarta/annotation/jakarta.annotation-api/1.3.4/jakarta.annotation-api-1.3.4.jar:/home/user/.m2/repository/org/glassfish/hk2/external/aopalliance-repackaged/2.5.0/aopalliance-repackaged-2.5.0.jar:/home/user/.m2/repository/com/fasterxml/jackson/dataformat/jackson-dataformat-xml/2.9.0/jackson-dataformat-xml-2.9.0.jar:/home/user/.m2/repository/com/fasterxml/jackson/module/jackson-module-jaxb-annotations/2.9.5/jackson-module-jaxb-annotations-2.9.5.jar:/home/user/.m2/repository/javax/enterprise/cdi-api/1.2/cdi-api-1.2.jar:/home/user/.m2/repository/javax/el/javax.el-api/3.0.0/javax.el-api-3.0.0.jar:/home/user/.m2/repository/javax/interceptor/javax.interceptor-api/1.2/javax.interceptor-api-1.2.jar:/home/user/.m2/repository/javax/inject/javax.inject/1/javax.inject-1.jar:/home/user/.m2/repository/org/apache/hadoop/hadoop-ozone-csi/0.5.0-SNAPSHOT/hadoop-ozone-csi-0.5.0-SNAPSHOT.jar:/home/user/.m2/repository/com/google/protobuf/protobuf-java-util/3.5.1/protobuf-java-util-3.5.1.jar:/home/user/.m2/repository/io/grpc/grpc-netty/1.17.1/grpc-netty-1.17.1.jar:/home/user/.m2/repository/io/grpc/grpc-core/1.17.1/grpc-core-1.17.1.jar:/home/user/.m2/repository/io/grpc/grpc-context/1.17.1/grpc-context-1.17.1.jar:/home/user/.m2/repository/com/google/errorprone/error_prone_annotations/2.2.0/error_prone_annotations-2.2.0.jar:/home/user/.m2/repository/org/codehaus/mojo/animal-sniffer-annotations/1.17/animal-sniffer-annotations-1.17.jar:/home/user/.m2/repository/io/opencensus/opencensus-api/0.17.0/opencensus-api-0.17.0.jar:/home/user/.m2/repository/io/opencensus/opencensus-contrib-grpc-metrics/0.17.0/opencensus-contrib-grpc-metrics-0.17.0.jar:/home/user/.m2/repository/io/netty/netty-codec-http2/4.1.30.Final/netty-codec-http2-4.1.30.Final.jar:/home/user/.m2/repository/io/netty/netty-codec-http/4.1.30.Final/netty-codec-http-4.1.30.Final.jar:/home/user/.m2/repository/io/netty/netty-codec/4.1.30.Final/netty-codec-4.1.30.Final.jar:/home/user/.m2/repository/io/netty/netty-handler/4.1.30.Final/netty-handler-4.1.30.Final.jar:/home/user/.m2/repository/io/netty/netty-handler-proxy/4.1.30.Final/netty-handler-proxy-4.1.30.Final.jar:/home/user/.m2/repository/io/netty/netty-codec-socks/4.1.30.Final/netty-codec-socks-4.1.30.Final.jar:/home/user/.m2/repository/io/netty/netty-transport-native-epoll/4.1.30.Final/netty-transport-native-epoll-4.1.30.Final.jar:/home/user/.m2/repository/io/netty/netty-common/4.1.30.Final/netty-common-4.1.30.Final.jar:/home/user/.m2/repository/io/netty/netty-buffer/4.1.30.Final/netty-buffer-4.1.30.Final.jar:/home/user/.m2/repository/io/netty/netty-transport/4.1.30.Final/netty-transport-4.1.30.Final.jar:/home/user/.m2/repository/io/netty/netty-resolver/4.1.30.Final/netty-resolver-4.1.30.Final.jar:/home/user/.m2/repository/io/netty/netty-transport-native-unix-common/4.1.30.Final/netty-transport-native-unix-common-4.1.30.Final.jar:/home/user/.m2/repository/io/grpc/grpc-protobuf/1.17.1/grpc-protobuf-1.17.1.jar:/home/user/.m2/repository/com/google/api/grpc/proto-google-common-protos/1.0.0/proto-google-common-protos-1.0.0.jar:/home/user/.m2/repository/io/grpc/grpc-protobuf-lite/1.17.1/grpc-protobuf-lite-1.17.1.jar:/home/user/.m2/repository/io/grpc/grpc-stub/1.17.1/grpc-stub-1.17.1.jar:/home/user/.m2/repository/org/apache/hadoop/hadoop-ozone-recon/0.5.0-SNAPSHOT/hadoop-ozone-recon-0.5.0-SNAPSHOT.jar:/home/user/.m2/repository/org/apache/hadoop/hadoop-ozone-reconcodegen/0.5.0-SNAPSHOT/hadoop-ozone-reconcodegen-0.5.0-SNAPSHOT.jar:/home/user/.m2/repository/com/google/inject/extensions/guice-multibindings/4.0/guice-multibindings-4.0.jar:/home/user/.m2/repository/com/google/inject/guice/4.0/guice-4.0.jar:/home/user/.m2/repository/aopalliance/aopalliance/1.0/aopalliance-1.0.jar:/home/user/.m2/repository/com/google/inject/extensions/guice-servlet/4.0/guice-servlet-4.0.jar:/home/user/.m2/repository/org/glassfish/jersey/containers/jersey-container-servlet/2.27/jersey-container-servlet-2.27.jar:/home/user/.m2/repository/org/glassfish/hk2/guice-bridge/2.5.0/guice-bridge-2.5.0.jar:/home/user/.m2/repository/org/glassfish/jersey/core/jersey-server/2.27/jersey-server-2.27.jar:/home/user/.m2/repository/org/glassfish/jersey/core/jersey-client/2.27/jersey-client-2.27.jar:/home/user/.m2/repository/org/glassfish/jersey/media/jersey-media-jaxb/2.27/jersey-media-jaxb-2.27.jar:/home/user/.m2/repository/javax/validation/validation-api/1.1.0.Final/validation-api-1.1.0.Final.jar:/home/user/.m2/repository/org/glassfish/jersey/media/jersey-media-json-jackson/2.27/jersey-media-json-jackson-2.27.jar:/home/user/.m2/repository/org/glassfish/jersey/ext/jersey-entity-filtering/2.27/jersey-entity-filtering-2.27.jar:/home/user/.m2/repository/com/google/inject/extensions/guice-assistedinject/4.0/guice-assistedinject-4.0.jar:/home/user/.m2/repository/org/jooq/jooq/3.11.10/jooq-3.11.10.jar:/home/user/.m2/repository/org/jooq/jooq-meta/3.11.10/jooq-meta-3.11.10.jar:/home/user/.m2/repository/org/jooq/jooq-codegen/3.11.10/jooq-codegen-3.11.10.jar:/home/user/.m2/repository/com/jolbox/bonecp/0.8.0.RELEASE/bonecp-0.8.0.RELEASE.jar:/home/user/.m2/repository/org/springframework/spring-jdbc/5.1.3.RELEASE/spring-jdbc-5.1.3.RELEASE.jar:/home/user/.m2/repository/org/springframework/spring-beans/5.1.3.RELEASE/spring-beans-5.1.3.RELEASE.jar:/home/user/.m2/repository/org/springframework/spring-core/5.1.3.RELEASE/spring-core-5.1.3.RELEASE.jar:/home/user/.m2/repository/org/springframework/spring-jcl/5.1.3.RELEASE/spring-jcl-5.1.3.RELEASE.jar:/home/user/.m2/repository/org/springframework/spring-tx/5.1.3.RELEASE/spring-tx-5.1.3.RELEASE.jar:/home/user/.m2/repository/org/mockito/mockito-core/2.15.0/mockito-core-2.15.0.jar:/home/user/.m2/repository/net/bytebuddy/byte-buddy/1.7.9/byte-buddy-1.7.9.jar:/home/user/.m2/repository/net/bytebuddy/byte-buddy-agent/1.7.9/byte-buddy-agent-1.7.9.jar:/home/user/.m2/repository/org/objenesis/objenesis/1.0/objenesis-1.0.jar:"/>
    <property name="sun.cpu.endian" value="little"/>
    <property name="user.home" value="/home/user"/>
    <property name="user.language" value="en"/>
    <property name="java.specification.vendor" value="Oracle Corporation"/>
    <property name="java.home" value="/usr/lib/jvm/java-1.8-openjdk/jre"/>
    <property name="java.security.krb5.conf" value="/workdir/hadoop-ozone/tools/target/test-classes/krb5.conf"/>
    <property name="basedir" value="/workdir/hadoop-ozone/tools"/>
    <property name="file.separator" value="/"/>
    <property name="line.separator" value="&#10;"/>
    <property name="java.vm.specification.vendor" value="Oracle Corporation"/>
    <property name="java.specification.name" value="Java Platform API Specification"/>
    <property name="java.awt.graphicsenv" value="sun.awt.X11GraphicsEnvironment"/>
    <property name="surefire.real.class.path" value="/workdir/hadoop-ozone/tools/target/surefire/surefirebooter4849674428619741577.jar"/>
    <property name="hadoop.log.dir" value="/workdir/hadoop-ozone/tools/target/log"/>
    <property name="sun.boot.class.path" value="/usr/lib/jvm/java-1.8-openjdk/jre/lib/resources.jar:/usr/lib/jvm/java-1.8-openjdk/jre/lib/rt.jar:/usr/lib/jvm/java-1.8-openjdk/jre/lib/sunrsasign.jar:/usr/lib/jvm/java-1.8-openjdk/jre/lib/jsse.jar:/usr/lib/jvm/java-1.8-openjdk/jre/lib/jce.jar:/usr/lib/jvm/java-1.8-openjdk/jre/lib/charsets.jar:/usr/lib/jvm/java-1.8-openjdk/jre/lib/jfr.jar:/usr/lib/jvm/java-1.8-openjdk/jre/classes"/>
    <property name="sun.management.compiler" value="HotSpot 64-Bit Tiered Compilers"/>
    <property name="java.runtime.version" value="1.8.0_212-b04"/>
    <property name="java.net.preferIPv4Stack" value="true"/>
    <property name="user.name" value="jenkins1000"/>
    <property name="path.separator" value=":"/>
    <property name="java.security.egd" value="file:///dev/urandom"/>
    <property name="os.version" value="3.10.0-957.12.2.el7.x86_64"/>
    <property name="java.endorsed.dirs" value="/usr/lib/jvm/java-1.8-openjdk/jre/lib/endorsed"/>
    <property name="java.runtime.name" value="OpenJDK Runtime Environment"/>
    <property name="file.encoding" value="UTF-8"/>
    <property name="java.vm.name" value="OpenJDK 64-Bit Server VM"/>
    <property name="test.build.webapps" value=""/>
    <property name="localRepository" value="/home/user/.m2/repository"/>
    <property name="java.vendor.url.bug" value="https://icedtea.classpath.org/bugzilla"/>
    <property name="java.io.tmpdir" value="/tmp"/>
    <property name="require.test.libhadoop" value=""/>
    <property name="java.version" value="1.8.0_212"/>
    <property name="user.dir" value="/workdir/hadoop-ozone/tools"/>
    <property name="os.arch" value="amd64"/>
    <property name="java.vm.specification.name" value="Java Virtual Machine Specification"/>
    <property name="test.build.classes" value="/workdir/hadoop-ozone/tools/target/test-classes"/>
    <property name="java.awt.printerjob" value="sun.print.PSPrinterJob"/>
    <property name="sun.os.patch.level" value="unknown"/>
    <property name="hadoop.tmp.dir" value="/workdir/hadoop-ozone/tools/target/tmp"/>
    <property name="java.library.path" value="/usr/lib/jvm/java-1.8-openjdk/jre/lib/amd64/server:/usr/lib/jvm/java-1.8-openjdk/jre/lib/amd64:/usr/lib/jvm/java-1.8-openjdk/jre/../lib/amd64:/workdir/hadoop-ozone/tools/target/native/target/usr/local/lib:/workdir/hadoop-ozone/tools/../../hadoop-common-project/hadoop-common/target/native/target/usr/local/lib:/usr/java/packages/lib/amd64:/usr/lib64:/lib64:/lib:/usr/lib"/>
    <property name="java.vm.info" value="mixed mode"/>
    <property name="java.vendor" value="IcedTea"/>
    <property name="java.vm.version" value="25.212-b04"/>
    <property name="java.ext.dirs" value="/usr/lib/jvm/java-1.8-openjdk/jre/lib/ext:/usr/java/packages/lib/ext"/>
    <property name="sun.io.unicode.encoding" value="UnicodeLittle"/>
    <property name="java.class.version" value="52.0"/>
  </properties>
  <testcase name="ratisTestLargeKey" classname="org.apache.hadoop.ozone.freon.TestDataValidateWithUnsafeByteOperations" time="10.536">
    <error message="Allocated 0 blocks. Requested 5 blocks" type="INTERNAL_ERROR org.apache.hadoop.ozone.om.exceptions.OMException">INTERNAL_ERROR org.apache.hadoop.ozone.om.exceptions.OMException: Allocated 0 blocks. Requested 5 blocks
	at org.apache.hadoop.ozone.om.protocolPB.OzoneManagerProtocolClientSideTranslatorPB.handleError(OzoneManagerProtocolClientSideTranslatorPB.java:725)
	at org.apache.hadoop.ozone.om.protocolPB.OzoneManagerProtocolClientSideTranslatorPB.openKey(OzoneManagerProtocolClientSideTranslatorPB.java:716)
	at org.apache.hadoop.ozone.client.rpc.RpcClient.createKey(RpcClient.java:615)
	at org.apache.hadoop.ozone.client.OzoneBucket.createKey(OzoneBucket.java:323)
	at org.apache.hadoop.ozone.freon.RandomKeyGenerator.createKey(RandomKeyGenerator.java:686)
	at org.apache.hadoop.ozone.freon.RandomKeyGenerator.access$1100(RandomKeyGenerator.java:87)
	at org.apache.hadoop.ozone.freon.RandomKeyGenerator$ObjectCreator.run(RandomKeyGenerator.java:606)
	at java.util.concurrent.Executors$RunnableAdapter.call(Executors.java:511)
	at java.util.concurrent.FutureTask.run(FutureTask.java:266)
	at java.util.concurrent.ThreadPoolExecutor.runWorker(ThreadPoolExecutor.java:1149)
	at java.util.concurrent.ThreadPoolExecutor$Worker.run(ThreadPoolExecutor.java:624)
	at java.lang.Thread.run(Thread.java:748)
</error>
    <system-out><![CDATA[2019-09-12 11:55:12,544 [main] WARN  server.ServerUtils (ServerUtils.java:getScmDbDir(145)) - ozone.scm.db.dirs is not configured. We recommend adding this setting. Falling back to ozone.metadata.dirs instead.
2019-09-12 11:55:12,717 [main] WARN  server.ServerUtils (ServerUtils.java:getScmDbDir(145)) - ozone.scm.db.dirs is not configured. We recommend adding this setting. Falling back to ozone.metadata.dirs instead.
2019-09-12 11:55:12,721 [main] WARN  server.ServerUtils (ServerUtils.java:getScmDbDir(145)) - ozone.scm.db.dirs is not configured. We recommend adding this setting. Falling back to ozone.metadata.dirs instead.
2019-09-12 11:55:12,739 [main] INFO  util.log (Log.java:initialized(192)) - Logging initialized @1023ms
2019-09-12 11:55:12,896 [main] INFO  db.DBStoreBuilder (DBStoreBuilder.java:addTable(110)) - using custom profile for table: deletedBlocks
2019-09-12 11:55:12,897 [main] INFO  db.DBStoreBuilder (DBStoreBuilder.java:processTables(161)) - Using default column profile:DBProfile.DISK for Table:deletedBlocks
2019-09-12 11:55:12,897 [main] INFO  db.DBStoreBuilder (DBStoreBuilder.java:addTable(110)) - using custom profile for table: validCerts
2019-09-12 11:55:12,898 [main] INFO  db.DBStoreBuilder (DBStoreBuilder.java:processTables(161)) - Using default column profile:DBProfile.DISK for Table:validCerts
2019-09-12 11:55:12,898 [main] INFO  db.DBStoreBuilder (DBStoreBuilder.java:addTable(110)) - using custom profile for table: revokedCerts
2019-09-12 11:55:12,898 [main] INFO  db.DBStoreBuilder (DBStoreBuilder.java:processTables(161)) - Using default column profile:DBProfile.DISK for Table:revokedCerts
2019-09-12 11:55:12,913 [main] INFO  db.DBStoreBuilder (DBStoreBuilder.java:addTable(110)) - using custom profile for table: default
2019-09-12 11:55:12,914 [main] INFO  db.DBStoreBuilder (DBStoreBuilder.java:processTables(167)) - Using default column profile:DBProfile.DISK for Table:default
2019-09-12 11:55:12,915 [main] INFO  db.DBStoreBuilder (DBStoreBuilder.java:getDbProfile(198)) - Using default options. DBProfile.DISK
2019-09-12 11:55:13,121 [main] INFO  net.NodeSchemaLoader (NodeSchemaLoader.java:loadSchemaFromFile(125)) - Loading file from sun.misc.CompoundEnumeration@3835c46
2019-09-12 11:55:13,123 [main] INFO  net.NodeSchemaLoader (NodeSchemaLoader.java:loadSchema(171)) - Loading network topology layer schema file
2019-09-12 11:55:13,203 [main] WARN  server.ServerUtils (ServerUtils.java:sanitizeUserArgs(70)) - ozone.scm.stale.node.interval value = 300000 is larger than max = 100000 based on the key value of ozone.scm.heartbeat.thread.interval, reset to the max value 100000.
2019-09-12 11:55:13,205 [main] WARN  server.ServerUtils (ServerUtils.java:sanitizeUserArgs(70)) - ozone.scm.stale.node.interval value = 300000 is larger than max = 100000 based on the key value of ozone.scm.heartbeat.thread.interval, reset to the max value 100000.
2019-09-12 11:55:13,208 [main] INFO  node.SCMNodeManager (SCMNodeManager.java:<init>(121)) - Entering startup safe mode.
2019-09-12 11:55:13,280 [main] INFO  algorithms.ContainerPlacementPolicyFactory (ContainerPlacementPolicyFactory.java:getPolicy(56)) - Create container placement policy of type org.apache.hadoop.hdds.scm.container.placement.algorithms.SCMContainerPlacementRandom
2019-09-12 11:55:13,296 [main] WARN  server.ServerUtils (ServerUtils.java:getScmDbDir(145)) - ozone.scm.db.dirs is not configured. We recommend adding this setting. Falling back to ozone.metadata.dirs instead.
2019-09-12 11:55:13,365 [main] INFO  pipeline.SCMPipelineManager (SCMPipelineManager.java:initializePipelineState(126)) - No pipeline exists in current db
2019-09-12 11:55:13,367 [main] WARN  server.ServerUtils (ServerUtils.java:getScmDbDir(145)) - ozone.scm.db.dirs is not configured. We recommend adding this setting. Falling back to ozone.metadata.dirs instead.
2019-09-12 11:55:13,466 [main] WARN  events.EventQueue (EventQueue.java:fireEvent(175)) - No event handler registered for event TypedEvent{payloadType=SafeModeStatus, name='SafeModeStatus'}
2019-09-12 11:55:13,879 [main] INFO  ipc.CallQueueManager (CallQueueManager.java:<init>(84)) - Using callQueue: class java.util.concurrent.LinkedBlockingQueue, queueCapacity: 2000, scheduler: class org.apache.hadoop.ipc.DefaultRpcScheduler, ipcBackoff: false.
2019-09-12 11:55:14,164 [Socket Reader #1 for port 35452] INFO  ipc.Server (Server.java:run(1074)) - Starting Socket Reader #1 for port 35452
2019-09-12 11:55:14,190 [main] INFO  ipc.CallQueueManager (CallQueueManager.java:<init>(84)) - Using callQueue: class java.util.concurrent.LinkedBlockingQueue, queueCapacity: 2000, scheduler: class org.apache.hadoop.ipc.DefaultRpcScheduler, ipcBackoff: false.
2019-09-12 11:55:14,191 [Socket Reader #1 for port 44726] INFO  ipc.Server (Server.java:run(1074)) - Starting Socket Reader #1 for port 44726
2019-09-12 11:55:14,199 [main] INFO  ipc.CallQueueManager (CallQueueManager.java:<init>(84)) - Using callQueue: class java.util.concurrent.LinkedBlockingQueue, queueCapacity: 2000, scheduler: class org.apache.hadoop.ipc.DefaultRpcScheduler, ipcBackoff: false.
2019-09-12 11:55:14,200 [Socket Reader #1 for port 43362] INFO  ipc.Server (Server.java:run(1074)) - Starting Socket Reader #1 for port 43362
2019-09-12 11:55:14,223 [main] INFO  hdfs.DFSUtil (DFSUtil.java:httpServerTemplateForNNAndJN(1641)) - Starting Web-server for scm at: http://0.0.0.0:0
2019-09-12 11:55:14,376 [main] INFO  server.AuthenticationFilter (AuthenticationFilter.java:constructSecretProvider(240)) - Unable to initialize FileSignerSecretProvider, falling back to use random secrets.
2019-09-12 11:55:14,393 [main] WARN  http.HttpRequestLog (HttpRequestLog.java:getRequestLog(97)) - Jetty request log can only be enabled using Log4j
2019-09-12 11:55:14,403 [main] INFO  http.HttpServer2 (HttpServer2.java:addGlobalFilter(975)) - Added global filter 'safety' (class=org.apache.hadoop.http.HttpServer2$QuotingInputFilter)
2019-09-12 11:55:14,406 [main] INFO  http.HttpServer2 (HttpServer2.java:addFilter(948)) - Added filter static_user_filter (class=org.apache.hadoop.http.lib.StaticUserWebFilter$StaticUserFilter) to context scm
2019-09-12 11:55:14,406 [main] INFO  http.HttpServer2 (HttpServer2.java:addFilter(958)) - Added filter static_user_filter (class=org.apache.hadoop.http.lib.StaticUserWebFilter$StaticUserFilter) to context logs
2019-09-12 11:55:14,406 [main] INFO  http.HttpServer2 (HttpServer2.java:addFilter(958)) - Added filter static_user_filter (class=org.apache.hadoop.http.lib.StaticUserWebFilter$StaticUserFilter) to context static
2019-09-12 11:55:14,433 [main] INFO  server.StorageContainerManager (StorageContainerManager.java:start(759)) - StorageContainerLocationProtocol RPC server is listening at /0.0.0.0:43362
2019-09-12 11:55:14,512 [main] WARN  impl.MetricsConfig (MetricsConfig.java:loadFirst(134)) - Cannot locate configuration: tried hadoop-metrics2-storagecontainermanager.properties,hadoop-metrics2.properties
2019-09-12 11:55:14,531 [main] INFO  impl.MetricsSystemImpl (MetricsSystemImpl.java:startTimer(374)) - Scheduled Metric snapshot period at 10 second(s).
2019-09-12 11:55:14,531 [main] INFO  impl.MetricsSystemImpl (MetricsSystemImpl.java:start(191)) - StorageContainerManager metrics system started
2019-09-12 11:55:14,758 [main] INFO  server.SCMClientProtocolServer (SCMClientProtocolServer.java:start(151)) - RPC server for Client  is listening at /0.0.0.0:43362
2019-09-12 11:55:14,759 [IPC Server Responder] INFO  ipc.Server (Server.java:run(1314)) - IPC Server Responder: starting
2019-09-12 11:55:14,759 [IPC Server listener on 43362] INFO  ipc.Server (Server.java:run(1153)) - IPC Server listener on 43362: starting
2019-09-12 11:55:14,762 [main] INFO  server.StorageContainerManager (StorageContainerManager.java:start(769)) - ScmBlockLocationProtocol RPC server is listening at /0.0.0.0:44726
2019-09-12 11:55:14,762 [main] INFO  server.SCMBlockProtocolServer (SCMBlockProtocolServer.java:start(140)) - RPC server for Block Protocol is listening at /0.0.0.0:44726
2019-09-12 11:55:14,763 [IPC Server listener on 44726] INFO  ipc.Server (Server.java:run(1153)) - IPC Server listener on 44726: starting
2019-09-12 11:55:14,763 [IPC Server Responder] INFO  ipc.Server (Server.java:run(1314)) - IPC Server Responder: starting
2019-09-12 11:55:14,765 [main] INFO  server.StorageContainerManager (StorageContainerManager.java:start(773)) - ScmDatanodeProtocl RPC server is listening at /0.0.0.0:35452
2019-09-12 11:55:14,766 [main] INFO  server.SCMDatanodeProtocolServer (SCMDatanodeProtocolServer.java:start(191)) - RPC server for DataNodes is listening at /0.0.0.0:35452
2019-09-12 11:55:14,766 [IPC Server listener on 35452] INFO  ipc.Server (Server.java:run(1153)) - IPC Server listener on 35452: starting
2019-09-12 11:55:14,766 [IPC Server Responder] INFO  ipc.Server (Server.java:run(1314)) - IPC Server Responder: starting
2019-09-12 11:55:14,770 [main] INFO  http.HttpServer2 (HttpServer2.java:bindListener(1191)) - Jetty bound to port 46623
2019-09-12 11:55:14,772 [main] INFO  server.Server (Server.java:doStart(351)) - jetty-9.3.24.v20180605, build timestamp: 2018-06-05T17:11:56Z, git hash: 84205aa28f11a4f31f2a3b86d1bba2cc8ab69827
2019-09-12 11:55:14,809 [main] INFO  handler.ContextHandler (ContextHandler.java:doStart(781)) - Started o.e.j.s.ServletContextHandler@4e70a728{/logs,file:///workdir/hadoop-ozone/tools/target/log,AVAILABLE}
2019-09-12 11:55:14,809 [main] INFO  handler.ContextHandler (ContextHandler.java:doStart(781)) - Started o.e.j.s.ServletContextHandler@1c3146bc{/static,jar:file:/home/user/.m2/repository/org/apache/hadoop/hadoop-hdds-server-scm/0.5.0-SNAPSHOT/hadoop-hdds-server-scm-0.5.0-SNAPSHOT.jar!/webapps/static,AVAILABLE}
2019-09-12 11:55:14,882 [main] INFO  handler.ContextHandler (ContextHandler.java:doStart(781)) - Started o.e.j.w.WebAppContext@72efb5c1{/,file:///tmp/jetty-0.0.0.0-46623-scm-_-any-1148425452699683597.dir/webapp/,AVAILABLE}{/scm}
2019-09-12 11:55:14,887 [main] INFO  server.AbstractConnector (AbstractConnector.java:doStart(278)) - Started ServerConnector@7a0e1b5e{HTTP/1.1,[http/1.1]}{0.0.0.0:46623}
2019-09-12 11:55:14,888 [main] INFO  server.Server (Server.java:doStart(419)) - Started @3172ms
2019-09-12 11:55:14,889 [main] INFO  server.BaseHttpServer (BaseHttpServer.java:updateConnectorAddress(213)) - HTTP server of SCM is listening at http://0.0.0.0:46623
2019-09-12 11:55:14,899 [org.apache.hadoop.util.JvmPauseMonitor$Monitor@15bcf458] INFO  util.JvmPauseMonitor (JvmPauseMonitor.java:run(188)) - Starting JVM pause monitor
2019-09-12 11:55:14,904 [main] WARN  server.ServerUtils (ServerUtils.java:getDBPath(222)) - ozone.om.db.dirs is not configured. We recommend adding this setting. Falling back to ozone.metadata.dirs instead.
2019-09-12 11:55:15,025 [main] WARN  server.ServerUtils (ServerUtils.java:getDBPath(222)) - ozone.om.db.dirs is not configured. We recommend adding this setting. Falling back to ozone.metadata.dirs instead.
2019-09-12 11:55:15,026 [main] WARN  server.ServerUtils (ServerUtils.java:getDBPath(222)) - ozone.om.db.dirs is not configured. We recommend adding this setting. Falling back to ozone.metadata.dirs instead.
2019-09-12 11:55:15,027 [main] INFO  om.OzoneManager (OzoneManager.java:setOMNodeDetails(645)) - OM Service ID is not set. Setting it to the default ID: omServiceIdDefault
2019-09-12 11:55:15,027 [main] INFO  om.OzoneManager (OzoneManager.java:setOMNodeDetails(651)) - OM Node ID is not set. Setting it to the OmStorage's OmID: 44452192-b36a-43af-bfba-1a5343cd8d7a
2019-09-12 11:55:15,028 [main] INFO  om.OzoneManager (OzoneManager.java:loadOMHAConfigs(602)) - Found matching OM address with OMServiceId: null, OMNodeId: null, RPC Address: localhost:0 and Ratis port: 9872
2019-09-12 11:55:15,337 | INFO  | SCMAudit | user=jenkins1000 | ip=192.168.157.195 | op=GET_SCM_INFO null | ret=SUCCESS |  
2019-09-12 11:55:15,835 [main] WARN  server.ServerUtils (ServerUtils.java:getDBPath(222)) - ozone.om.db.dirs is not configured. We recommend adding this setting. Falling back to ozone.metadata.dirs instead.
2019-09-12 11:55:15,843 [main] INFO  db.DBStoreBuilder (DBStoreBuilder.java:addTable(110)) - using custom profile for table: userTable
2019-09-12 11:55:15,843 [main] INFO  db.DBStoreBuilder (DBStoreBuilder.java:processTables(161)) - Using default column profile:DBProfile.DISK for Table:userTable
2019-09-12 11:55:15,844 [main] INFO  db.DBStoreBuilder (DBStoreBuilder.java:addTable(110)) - using custom profile for table: volumeTable
2019-09-12 11:55:15,844 [main] INFO  db.DBStoreBuilder (DBStoreBuilder.java:processTables(161)) - Using default column profile:DBProfile.DISK for Table:volumeTable
2019-09-12 11:55:15,844 [main] INFO  db.DBStoreBuilder (DBStoreBuilder.java:addTable(110)) - using custom profile for table: bucketTable
2019-09-12 11:55:15,844 [main] INFO  db.DBStoreBuilder (DBStoreBuilder.java:processTables(161)) - Using default column profile:DBProfile.DISK for Table:bucketTable
2019-09-12 11:55:15,845 [main] INFO  db.DBStoreBuilder (DBStoreBuilder.java:addTable(110)) - using custom profile for table: keyTable
2019-09-12 11:55:15,845 [main] INFO  db.DBStoreBuilder (DBStoreBuilder.java:processTables(161)) - Using default column profile:DBProfile.DISK for Table:keyTable
2019-09-12 11:55:15,845 [main] INFO  db.DBStoreBuilder (DBStoreBuilder.java:addTable(110)) - using custom profile for table: deletedTable
2019-09-12 11:55:15,845 [main] INFO  db.DBStoreBuilder (DBStoreBuilder.java:processTables(161)) - Using default column profile:DBProfile.DISK for Table:deletedTable
2019-09-12 11:55:15,846 [main] INFO  db.DBStoreBuilder (DBStoreBuilder.java:addTable(110)) - using custom profile for table: openKeyTable
2019-09-12 11:55:15,846 [main] INFO  db.DBStoreBuilder (DBStoreBuilder.java:processTables(161)) - Using default column profile:DBProfile.DISK for Table:openKeyTable
2019-09-12 11:55:15,846 [main] INFO  db.DBStoreBuilder (DBStoreBuilder.java:addTable(110)) - using custom profile for table: s3Table
2019-09-12 11:55:15,846 [main] INFO  db.DBStoreBuilder (DBStoreBuilder.java:processTables(161)) - Using default column profile:DBProfile.DISK for Table:s3Table
2019-09-12 11:55:15,847 [main] INFO  db.DBStoreBuilder (DBStoreBuilder.java:addTable(110)) - using custom profile for table: multipartInfoTable
2019-09-12 11:55:15,847 [main] INFO  db.DBStoreBuilder (DBStoreBuilder.java:processTables(161)) - Using default column profile:DBProfile.DISK for Table:multipartInfoTable
2019-09-12 11:55:15,847 [main] INFO  db.DBStoreBuilder (DBStoreBuilder.java:addTable(110)) - using custom profile for table: dTokenTable
2019-09-12 11:55:15,847 [main] INFO  db.DBStoreBuilder (DBStoreBuilder.java:processTables(161)) - Using default column profile:DBProfile.DISK for Table:dTokenTable
2019-09-12 11:55:15,848 [main] INFO  db.DBStoreBuilder (DBStoreBuilder.java:addTable(110)) - using custom profile for table: s3SecretTable
2019-09-12 11:55:15,848 [main] INFO  db.DBStoreBuilder (DBStoreBuilder.java:processTables(161)) - Using default column profile:DBProfile.DISK for Table:s3SecretTable
2019-09-12 11:55:15,848 [main] INFO  db.DBStoreBuilder (DBStoreBuilder.java:addTable(110)) - using custom profile for table: prefixTable
2019-09-12 11:55:15,848 [main] INFO  db.DBStoreBuilder (DBStoreBuilder.java:processTables(161)) - Using default column profile:DBProfile.DISK for Table:prefixTable
2019-09-12 11:55:15,849 [main] INFO  db.DBStoreBuilder (DBStoreBuilder.java:addTable(110)) - using custom profile for table: default
2019-09-12 11:55:15,849 [main] INFO  db.DBStoreBuilder (DBStoreBuilder.java:processTables(167)) - Using default column profile:DBProfile.DISK for Table:default
2019-09-12 11:55:15,849 [main] INFO  db.DBStoreBuilder (DBStoreBuilder.java:getDbProfile(198)) - Using default options. DBProfile.DISK
2019-09-12 11:55:16,354 [main] INFO  ipc.CallQueueManager (CallQueueManager.java:<init>(84)) - Using callQueue: class java.util.concurrent.LinkedBlockingQueue, queueCapacity: 2000, scheduler: class org.apache.hadoop.ipc.DefaultRpcScheduler, ipcBackoff: false.
2019-09-12 11:55:16,356 [Socket Reader #1 for port 40845] INFO  ipc.Server (Server.java:run(1074)) - Starting Socket Reader #1 for port 40845
2019-09-12 11:55:16,385 [main] INFO  om.OzoneManager (OzoneManager.java:start(1256)) - OzoneManager RPC server is listening at localhost/127.0.0.1:40845
2019-09-12 11:55:16,386 [main] INFO  impl.MetricsSystemImpl (MetricsSystemImpl.java:init(158)) - OzoneManager metrics system started (again)
2019-09-12 11:55:16,387 [IPC Server Responder] INFO  ipc.Server (Server.java:run(1314)) - IPC Server Responder: starting
2019-09-12 11:55:16,387 [IPC Server listener on 40845] INFO  ipc.Server (Server.java:run(1153)) - IPC Server listener on 40845: starting
2019-09-12 11:55:16,394 [main] INFO  hdfs.DFSUtil (DFSUtil.java:httpServerTemplateForNNAndJN(1641)) - Starting Web-server for ozoneManager at: http://0.0.0.0:0
2019-09-12 11:55:16,398 [main] INFO  server.AuthenticationFilter (AuthenticationFilter.java:constructSecretProvider(240)) - Unable to initialize FileSignerSecretProvider, falling back to use random secrets.
2019-09-12 11:55:16,399 [main] WARN  http.HttpRequestLog (HttpRequestLog.java:getRequestLog(97)) - Jetty request log can only be enabled using Log4j
2019-09-12 11:55:16,632 [main] INFO  http.HttpServer2 (HttpServer2.java:addGlobalFilter(975)) - Added global filter 'safety' (class=org.apache.hadoop.http.HttpServer2$QuotingInputFilter)
2019-09-12 11:55:16,633 [main] INFO  http.HttpServer2 (HttpServer2.java:addFilter(948)) - Added filter static_user_filter (class=org.apache.hadoop.http.lib.StaticUserWebFilter$StaticUserFilter) to context ozoneManager
2019-09-12 11:55:16,633 [main] INFO  http.HttpServer2 (HttpServer2.java:addFilter(958)) - Added filter static_user_filter (class=org.apache.hadoop.http.lib.StaticUserWebFilter$StaticUserFilter) to context logs
2019-09-12 11:55:16,634 [main] INFO  http.HttpServer2 (HttpServer2.java:addFilter(958)) - Added filter static_user_filter (class=org.apache.hadoop.http.lib.StaticUserWebFilter$StaticUserFilter) to context static
2019-09-12 11:55:16,636 [main] INFO  http.HttpServer2 (HttpServer2.java:bindListener(1191)) - Jetty bound to port 45713
2019-09-12 11:55:16,637 [main] INFO  server.Server (Server.java:doStart(351)) - jetty-9.3.24.v20180605, build timestamp: 2018-06-05T17:11:56Z, git hash: 84205aa28f11a4f31f2a3b86d1bba2cc8ab69827
2019-09-12 11:55:16,640 [main] INFO  handler.ContextHandler (ContextHandler.java:doStart(781)) - Started o.e.j.s.ServletContextHandler@782168b7{/logs,file:///workdir/hadoop-ozone/tools/target/log,AVAILABLE}
2019-09-12 11:55:16,640 [main] INFO  handler.ContextHandler (ContextHandler.java:doStart(781)) - Started o.e.j.s.ServletContextHandler@7435a578{/static,jar:file:/home/user/.m2/repository/org/apache/hadoop/hadoop-ozone-ozone-manager/0.5.0-SNAPSHOT/hadoop-ozone-ozone-manager-0.5.0-SNAPSHOT.jar!/webapps/static,AVAILABLE}
2019-09-12 11:55:16,696 [main] INFO  handler.ContextHandler (ContextHandler.java:doStart(781)) - Started o.e.j.w.WebAppContext@10876a6{/,file:///tmp/jetty-0.0.0.0-45713-ozoneManager-_-any-6238150973441315377.dir/webapp/,AVAILABLE}{/ozoneManager}
2019-09-12 11:55:16,697 [main] INFO  server.AbstractConnector (AbstractConnector.java:doStart(278)) - Started ServerConnector@71870da7{HTTP/1.1,[http/1.1]}{0.0.0.0:45713}
2019-09-12 11:55:16,697 [main] INFO  server.Server (Server.java:doStart(419)) - Started @4981ms
2019-09-12 11:55:16,699 [main] INFO  server.BaseHttpServer (BaseHttpServer.java:updateConnectorAddress(213)) - HTTP server of OZONEMANAGER is listening at http://0.0.0.0:45713
2019-09-12 11:55:16,857 [main] INFO  impl.MetricsSystemImpl (MetricsSystemImpl.java:init(158)) - HddsDatanode metrics system started (again)
2019-09-12 11:55:16,938 [main] INFO  ozone.HddsDatanodeService (HddsDatanodeService.java:start(184)) - HddsDatanodeService host:pr-hdds-1569-xtfnx-3545843844 ip:192.168.157.195
2019-09-12 11:55:16,971 [main] INFO  volume.HddsVolume (HddsVolume.java:<init>(176)) - Creating Volume: /workdir/hadoop-ozone/tools/target/test-dir/MiniOzoneClusterImpl-68b3c2dd-7b99-4165-989a-193f9a99bda1/datanode-0/data/containers/hdds of  storage type : DISK and capacity : 1482555576320
2019-09-12 11:55:16,973 [main] INFO  volume.VolumeSet (VolumeSet.java:initializeVolumeSet(170)) - Added Volume : /workdir/hadoop-ozone/tools/target/test-dir/MiniOzoneClusterImpl-68b3c2dd-7b99-4165-989a-193f9a99bda1/datanode-0/data/containers/hdds to VolumeSet
2019-09-12 11:55:16,976 [main] INFO  volume.ThrottledAsyncChecker (ThrottledAsyncChecker.java:schedule(140)) - Scheduling a check for org.apache.hadoop.ozone.container.common.volume.HddsVolume@ce9b9a9
2019-09-12 11:55:16,993 [main] INFO  volume.HddsVolumeChecker (HddsVolumeChecker.java:checkAllVolumes(203)) - Scheduled health check for volume org.apache.hadoop.ozone.container.common.volume.HddsVolume@ce9b9a9
2019-09-12 11:55:17,115 [main] INFO  impl.RaftServerProxy (ConfUtils.java:logGet(43)) - raft.rpc.type = GRPC (default)
2019-09-12 11:55:17,199 [main] INFO  grpc.GrpcFactory (GrpcFactory.java:checkPooledByteBufAllocatorUseCacheForAllThreads(45)) - PERFORMANCE WARNING: useCacheForAllThreads is true that may cause Netty to create a lot garbage objects and, as a result, trigger GC.
	It is recommended to disable useCacheForAllThreads by setting -Dorg.apache.ratis.thirdparty.io.netty.allocator.useCacheForAllThreads=false in command line.
2019-09-12 11:55:17,208 [main] INFO  grpc.GrpcConfigKeys$Server (ConfUtils.java:logGet(43)) - raft.grpc.server.port = 0 (default)
2019-09-12 11:55:17,210 [main] INFO  server.GrpcService (ConfUtils.java:logGet(43)) - raft.grpc.message.size.max = 33570816 (custom)
2019-09-12 11:55:17,211 [main] INFO  server.RaftServerConfigKeys (ConfUtils.java:logGet(43)) - raft.server.log.appender.buffer.byte-limit = 33554432 (custom)
2019-09-12 11:55:17,212 [main] INFO  server.GrpcService (ConfUtils.java:logGet(43)) - raft.grpc.flow.control.window = 1MB (=1048576) (default)
2019-09-12 11:55:17,213 [main] INFO  server.RaftServerConfigKeys (ConfUtils.java:logGet(43)) - raft.server.rpc.request.timeout = 3000ms (default)
2019-09-12 11:55:17,405 [main] INFO  server.RaftServerConfigKeys (ConfUtils.java:logGet(43)) - raft.server.storage.dir = [/workdir/hadoop-ozone/tools/target/test-dir/MiniOzoneClusterImpl-68b3c2dd-7b99-4165-989a-193f9a99bda1/datanode-0/data/ratis] (custom)
2019-09-12 11:55:17,454 [main] INFO  replication.SimpleContainerDownloader (SimpleContainerDownloader.java:<init>(72)) - Starting container downloader service to copy containers to replicate.
2019-09-12 11:55:17,467 [main] INFO  hdfs.DFSUtil (DFSUtil.java:httpServerTemplateForNNAndJN(1641)) - Starting Web-server for hddsDatanode at: http://0.0.0.0:0
2019-09-12 11:55:17,469 [main] INFO  server.AuthenticationFilter (AuthenticationFilter.java:constructSecretProvider(240)) - Unable to initialize FileSignerSecretProvider, falling back to use random secrets.
2019-09-12 11:55:17,470 [main] WARN  http.HttpRequestLog (HttpRequestLog.java:getRequestLog(97)) - Jetty request log can only be enabled using Log4j
2019-09-12 11:55:17,471 [main] INFO  http.HttpServer2 (HttpServer2.java:addGlobalFilter(975)) - Added global filter 'safety' (class=org.apache.hadoop.http.HttpServer2$QuotingInputFilter)
2019-09-12 11:55:17,472 [main] INFO  http.HttpServer2 (HttpServer2.java:addFilter(948)) - Added filter static_user_filter (class=org.apache.hadoop.http.lib.StaticUserWebFilter$StaticUserFilter) to context hddsDatanode
2019-09-12 11:55:17,472 [main] INFO  http.HttpServer2 (HttpServer2.java:addFilter(958)) - Added filter static_user_filter (class=org.apache.hadoop.http.lib.StaticUserWebFilter$StaticUserFilter) to context logs
2019-09-12 11:55:17,472 [main] INFO  http.HttpServer2 (HttpServer2.java:addFilter(958)) - Added filter static_user_filter (class=org.apache.hadoop.http.lib.StaticUserWebFilter$StaticUserFilter) to context static
2019-09-12 11:55:17,473 [main] INFO  http.HttpServer2 (HttpServer2.java:bindListener(1191)) - Jetty bound to port 41690
2019-09-12 11:55:17,473 [main] INFO  server.Server (Server.java:doStart(351)) - jetty-9.3.24.v20180605, build timestamp: 2018-06-05T17:11:56Z, git hash: 84205aa28f11a4f31f2a3b86d1bba2cc8ab69827
2019-09-12 11:55:17,476 [main] INFO  handler.ContextHandler (ContextHandler.java:doStart(781)) - Started o.e.j.s.ServletContextHandler@75d982d3{/logs,file:///workdir/hadoop-ozone/tools/target/log,AVAILABLE}
2019-09-12 11:55:17,476 [main] INFO  handler.ContextHandler (ContextHandler.java:doStart(781)) - Started o.e.j.s.ServletContextHandler@618ff5c2{/static,jar:file:/home/user/.m2/repository/org/apache/hadoop/hadoop-hdds-container-service/0.5.0-SNAPSHOT/hadoop-hdds-container-service-0.5.0-SNAPSHOT.jar!/webapps/static,AVAILABLE}
2019-09-12 11:55:17,510 [main] INFO  handler.ContextHandler (ContextHandler.java:doStart(781)) - Started o.e.j.w.WebAppContext@74ea46e2{/,file:///tmp/jetty-0.0.0.0-41690-hddsDatanode-_-any-2151543547555191810.dir/webapp/,AVAILABLE}{/hddsDatanode}
2019-09-12 11:55:17,513 [main] INFO  server.AbstractConnector (AbstractConnector.java:doStart(278)) - Started ServerConnector@6f911326{HTTP/1.1,[http/1.1]}{0.0.0.0:41690}
2019-09-12 11:55:17,514 [main] INFO  server.Server (Server.java:doStart(419)) - Started @5798ms
2019-09-12 11:55:17,515 [main] INFO  server.BaseHttpServer (BaseHttpServer.java:updateConnectorAddress(213)) - HTTP server of HDDSDATANODE is listening at http://0.0.0.0:41690
2019-09-12 11:55:18,623 | INFO  | ObjectStoreRestHttpServer | Listening HDDS REST traffic on /0.0.0.0:45511 |  
2019-09-12 11:55:18,625 [main] INFO  ozone.HddsDatanodeService (HddsDatanodeService.java:startPlugins(395)) - Started plug-in org.apache.hadoop.ozone.web.OzoneHddsDatanodeService@644d1b61
2019-09-12 11:55:18,626 [main] INFO  impl.MetricsSystemImpl (MetricsSystemImpl.java:init(158)) - HddsDatanode metrics system started (again)
2019-09-12 11:55:18,629 [main] INFO  ozone.HddsDatanodeService (HddsDatanodeService.java:start(184)) - HddsDatanodeService host:pr-hdds-1569-xtfnx-3545843844 ip:192.168.157.195
2019-09-12 11:55:18,632 [org.apache.hadoop.util.JvmPauseMonitor$Monitor@4a52d360] INFO  util.JvmPauseMonitor (JvmPauseMonitor.java:run(188)) - Starting JVM pause monitor
2019-09-12 11:55:18,642 [main] INFO  volume.HddsVolume (HddsVolume.java:<init>(176)) - Creating Volume: /workdir/hadoop-ozone/tools/target/test-dir/MiniOzoneClusterImpl-68b3c2dd-7b99-4165-989a-193f9a99bda1/datanode-1/data/containers/hdds of  storage type : DISK and capacity : 1482555576320
2019-09-12 11:55:18,643 [main] INFO  volume.VolumeSet (VolumeSet.java:initializeVolumeSet(170)) - Added Volume : /workdir/hadoop-ozone/tools/target/test-dir/MiniOzoneClusterImpl-68b3c2dd-7b99-4165-989a-193f9a99bda1/datanode-1/data/containers/hdds to VolumeSet
2019-09-12 11:55:18,644 [main] INFO  volume.ThrottledAsyncChecker (ThrottledAsyncChecker.java:schedule(140)) - Scheduling a check for org.apache.hadoop.ozone.container.common.volume.HddsVolume@6371cf2f
2019-09-12 11:55:18,645 [main] INFO  volume.HddsVolumeChecker (HddsVolumeChecker.java:checkAllVolumes(203)) - Scheduled health check for volume org.apache.hadoop.ozone.container.common.volume.HddsVolume@6371cf2f
2019-09-12 11:55:18,668 [main] INFO  impl.RaftServerProxy (ConfUtils.java:logGet(43)) - raft.rpc.type = GRPC (default)
2019-09-12 11:55:18,668 [main] INFO  grpc.GrpcFactory (GrpcFactory.java:checkPooledByteBufAllocatorUseCacheForAllThreads(45)) - PERFORMANCE WARNING: useCacheForAllThreads is true that may cause Netty to create a lot garbage objects and, as a result, trigger GC.
	It is recommended to disable useCacheForAllThreads by setting -Dorg.apache.ratis.thirdparty.io.netty.allocator.useCacheForAllThreads=false in command line.
2019-09-12 11:55:18,669 [main] INFO  grpc.GrpcConfigKeys$Server (ConfUtils.java:logGet(43)) - raft.grpc.server.port = 0 (default)
2019-09-12 11:55:18,669 [main] INFO  server.GrpcService (ConfUtils.java:logGet(43)) - raft.grpc.message.size.max = 33570816 (custom)
2019-09-12 11:55:18,670 [main] INFO  server.RaftServerConfigKeys (ConfUtils.java:logGet(43)) - raft.server.log.appender.buffer.byte-limit = 33554432 (custom)
2019-09-12 11:55:18,670 [main] INFO  server.GrpcService (ConfUtils.java:logGet(43)) - raft.grpc.flow.control.window = 1MB (=1048576) (default)
2019-09-12 11:55:18,671 [main] INFO  server.RaftServerConfigKeys (ConfUtils.java:logGet(43)) - raft.server.rpc.request.timeout = 3000ms (default)
2019-09-12 11:55:18,671 [main] INFO  server.RaftServerConfigKeys (ConfUtils.java:logGet(43)) - raft.server.storage.dir = [/workdir/hadoop-ozone/tools/target/test-dir/MiniOzoneClusterImpl-68b3c2dd-7b99-4165-989a-193f9a99bda1/datanode-1/data/ratis] (custom)
2019-09-12 11:55:18,672 [main] INFO  replication.SimpleContainerDownloader (SimpleContainerDownloader.java:<init>(72)) - Starting container downloader service to copy containers to replicate.
2019-09-12 11:55:18,674 [main] INFO  hdfs.DFSUtil (DFSUtil.java:httpServerTemplateForNNAndJN(1641)) - Starting Web-server for hddsDatanode at: http://0.0.0.0:0
2019-09-12 11:55:18,677 [main] INFO  server.AuthenticationFilter (AuthenticationFilter.java:constructSecretProvider(240)) - Unable to initialize FileSignerSecretProvider, falling back to use random secrets.
2019-09-12 11:55:18,678 [main] WARN  http.HttpRequestLog (HttpRequestLog.java:getRequestLog(97)) - Jetty request log can only be enabled using Log4j
2019-09-12 11:55:18,680 [main] INFO  http.HttpServer2 (HttpServer2.java:addGlobalFilter(975)) - Added global filter 'safety' (class=org.apache.hadoop.http.HttpServer2$QuotingInputFilter)
2019-09-12 11:55:18,681 [main] INFO  http.HttpServer2 (HttpServer2.java:addFilter(948)) - Added filter static_user_filter (class=org.apache.hadoop.http.lib.StaticUserWebFilter$StaticUserFilter) to context hddsDatanode
2019-09-12 11:55:18,682 [main] INFO  http.HttpServer2 (HttpServer2.java:addFilter(958)) - Added filter static_user_filter (class=org.apache.hadoop.http.lib.StaticUserWebFilter$StaticUserFilter) to context logs
2019-09-12 11:55:18,682 [main] INFO  http.HttpServer2 (HttpServer2.java:addFilter(958)) - Added filter static_user_filter (class=org.apache.hadoop.http.lib.StaticUserWebFilter$StaticUserFilter) to context static
2019-09-12 11:55:18,683 [main] INFO  http.HttpServer2 (HttpServer2.java:bindListener(1191)) - Jetty bound to port 43169
2019-09-12 11:55:18,683 [main] INFO  server.Server (Server.java:doStart(351)) - jetty-9.3.24.v20180605, build timestamp: 2018-06-05T17:11:56Z, git hash: 84205aa28f11a4f31f2a3b86d1bba2cc8ab69827
2019-09-12 11:55:18,687 [main] INFO  handler.ContextHandler (ContextHandler.java:doStart(781)) - Started o.e.j.s.ServletContextHandler@3b97907c{/logs,file:///workdir/hadoop-ozone/tools/target/log,AVAILABLE}
2019-09-12 11:55:18,688 [main] INFO  handler.ContextHandler (ContextHandler.java:doStart(781)) - Started o.e.j.s.ServletContextHandler@631c6d11{/static,jar:file:/home/user/.m2/repository/org/apache/hadoop/hadoop-hdds-container-service/0.5.0-SNAPSHOT/hadoop-hdds-container-service-0.5.0-SNAPSHOT.jar!/webapps/static,AVAILABLE}
2019-09-12 11:55:18,727 [main] INFO  handler.ContextHandler (ContextHandler.java:doStart(781)) - Started o.e.j.w.WebAppContext@61608e1a{/,file:///tmp/jetty-0.0.0.0-43169-hddsDatanode-_-any-7375098788546125981.dir/webapp/,AVAILABLE}{/hddsDatanode}
2019-09-12 11:55:18,728 [main] INFO  server.AbstractConnector (AbstractConnector.java:doStart(278)) - Started ServerConnector@7c46c9c3{HTTP/1.1,[http/1.1]}{0.0.0.0:43169}
2019-09-12 11:55:18,729 [main] INFO  server.Server (Server.java:doStart(419)) - Started @7013ms
2019-09-12 11:55:18,731 [main] INFO  server.BaseHttpServer (BaseHttpServer.java:updateConnectorAddress(213)) - HTTP server of HDDSDATANODE is listening at http://0.0.0.0:43169
2019-09-12 11:55:18,754 [Datanode State Machine Thread - 0] INFO  datanode.InitDatanodeState (InitDatanodeState.java:persistContainerDatanodeDetails(140)) - DatanodeDetails is persisted to /workdir/hadoop-ozone/tools/target/test-dir/MiniOzoneClusterImpl-68b3c2dd-7b99-4165-989a-193f9a99bda1/datanode-0/meta/datanode.id
2019-09-12 11:55:18,893 | INFO  | ObjectStoreRestHttpServer | Listening HDDS REST traffic on /0.0.0.0:40436 |  
2019-09-12 11:55:18,893 [main] INFO  ozone.HddsDatanodeService (HddsDatanodeService.java:startPlugins(395)) - Started plug-in org.apache.hadoop.ozone.web.OzoneHddsDatanodeService@12fcb2c3
2019-09-12 11:55:18,894 [main] INFO  impl.MetricsSystemImpl (MetricsSystemImpl.java:init(158)) - HddsDatanode metrics system started (again)
2019-09-12 11:55:18,897 [org.apache.hadoop.util.JvmPauseMonitor$Monitor@140ac4c1] INFO  util.JvmPauseMonitor (JvmPauseMonitor.java:run(188)) - Starting JVM pause monitor
2019-09-12 11:55:18,897 [main] INFO  ozone.HddsDatanodeService (HddsDatanodeService.java:start(184)) - HddsDatanodeService host:pr-hdds-1569-xtfnx-3545843844 ip:192.168.157.195
2019-09-12 11:55:18,903 [Datanode State Machine Thread - 0] INFO  datanode.InitDatanodeState (InitDatanodeState.java:persistContainerDatanodeDetails(140)) - DatanodeDetails is persisted to /workdir/hadoop-ozone/tools/target/test-dir/MiniOzoneClusterImpl-68b3c2dd-7b99-4165-989a-193f9a99bda1/datanode-1/meta/datanode.id
2019-09-12 11:55:18,912 [main] INFO  volume.HddsVolume (HddsVolume.java:<init>(176)) - Creating Volume: /workdir/hadoop-ozone/tools/target/test-dir/MiniOzoneClusterImpl-68b3c2dd-7b99-4165-989a-193f9a99bda1/datanode-2/data/containers/hdds of  storage type : DISK and capacity : 1482555576320
2019-09-12 11:55:18,913 [main] INFO  volume.VolumeSet (VolumeSet.java:initializeVolumeSet(170)) - Added Volume : /workdir/hadoop-ozone/tools/target/test-dir/MiniOzoneClusterImpl-68b3c2dd-7b99-4165-989a-193f9a99bda1/datanode-2/data/containers/hdds to VolumeSet
2019-09-12 11:55:18,913 [main] INFO  volume.ThrottledAsyncChecker (ThrottledAsyncChecker.java:schedule(140)) - Scheduling a check for org.apache.hadoop.ozone.container.common.volume.HddsVolume@474749b8
2019-09-12 11:55:18,913 [main] INFO  volume.HddsVolumeChecker (HddsVolumeChecker.java:checkAllVolumes(203)) - Scheduled health check for volume org.apache.hadoop.ozone.container.common.volume.HddsVolume@474749b8
2019-09-12 11:55:18,932 [main] INFO  impl.RaftServerProxy (ConfUtils.java:logGet(43)) - raft.rpc.type = GRPC (default)
2019-09-12 11:55:18,933 [main] INFO  grpc.GrpcFactory (GrpcFactory.java:checkPooledByteBufAllocatorUseCacheForAllThreads(45)) - PERFORMANCE WARNING: useCacheForAllThreads is true that may cause Netty to create a lot garbage objects and, as a result, trigger GC.
	It is recommended to disable useCacheForAllThreads by setting -Dorg.apache.ratis.thirdparty.io.netty.allocator.useCacheForAllThreads=false in command line.
2019-09-12 11:55:18,933 [main] INFO  grpc.GrpcConfigKeys$Server (ConfUtils.java:logGet(43)) - raft.grpc.server.port = 0 (default)
2019-09-12 11:55:18,933 [main] INFO  server.GrpcService (ConfUtils.java:logGet(43)) - raft.grpc.message.size.max = 33570816 (custom)
2019-09-12 11:55:18,933 [main] INFO  server.RaftServerConfigKeys (ConfUtils.java:logGet(43)) - raft.server.log.appender.buffer.byte-limit = 33554432 (custom)
2019-09-12 11:55:18,934 [main] INFO  server.GrpcService (ConfUtils.java:logGet(43)) - raft.grpc.flow.control.window = 1MB (=1048576) (default)
2019-09-12 11:55:18,934 [main] INFO  server.RaftServerConfigKeys (ConfUtils.java:logGet(43)) - raft.server.rpc.request.timeout = 3000ms (default)
2019-09-12 11:55:18,934 [main] INFO  server.RaftServerConfigKeys (ConfUtils.java:logGet(43)) - raft.server.storage.dir = [/workdir/hadoop-ozone/tools/target/test-dir/MiniOzoneClusterImpl-68b3c2dd-7b99-4165-989a-193f9a99bda1/datanode-2/data/ratis] (custom)
2019-09-12 11:55:18,935 [main] INFO  replication.SimpleContainerDownloader (SimpleContainerDownloader.java:<init>(72)) - Starting container downloader service to copy containers to replicate.
2019-09-12 11:55:18,937 [main] INFO  hdfs.DFSUtil (DFSUtil.java:httpServerTemplateForNNAndJN(1641)) - Starting Web-server for hddsDatanode at: http://0.0.0.0:0
2019-09-12 11:55:18,938 [main] INFO  server.AuthenticationFilter (AuthenticationFilter.java:constructSecretProvider(240)) - Unable to initialize FileSignerSecretProvider, falling back to use random secrets.
2019-09-12 11:55:18,939 [main] WARN  http.HttpRequestLog (HttpRequestLog.java:getRequestLog(97)) - Jetty request log can only be enabled using Log4j
2019-09-12 11:55:18,940 [main] INFO  http.HttpServer2 (HttpServer2.java:addGlobalFilter(975)) - Added global filter 'safety' (class=org.apache.hadoop.http.HttpServer2$QuotingInputFilter)
2019-09-12 11:55:18,941 [main] INFO  http.HttpServer2 (HttpServer2.java:addFilter(948)) - Added filter static_user_filter (class=org.apache.hadoop.http.lib.StaticUserWebFilter$StaticUserFilter) to context hddsDatanode
2019-09-12 11:55:18,941 [main] INFO  http.HttpServer2 (HttpServer2.java:addFilter(958)) - Added filter static_user_filter (class=org.apache.hadoop.http.lib.StaticUserWebFilter$StaticUserFilter) to context logs
2019-09-12 11:55:18,941 [main] INFO  http.HttpServer2 (HttpServer2.java:addFilter(958)) - Added filter static_user_filter (class=org.apache.hadoop.http.lib.StaticUserWebFilter$StaticUserFilter) to context static
2019-09-12 11:55:18,942 [main] INFO  http.HttpServer2 (HttpServer2.java:bindListener(1191)) - Jetty bound to port 43194
2019-09-12 11:55:18,942 [main] INFO  server.Server (Server.java:doStart(351)) - jetty-9.3.24.v20180605, build timestamp: 2018-06-05T17:11:56Z, git hash: 84205aa28f11a4f31f2a3b86d1bba2cc8ab69827
2019-09-12 11:55:18,944 [main] INFO  handler.ContextHandler (ContextHandler.java:doStart(781)) - Started o.e.j.s.ServletContextHandler@5db948c9{/logs,file:///workdir/hadoop-ozone/tools/target/log,AVAILABLE}
2019-09-12 11:55:18,945 [main] INFO  handler.ContextHandler (ContextHandler.java:doStart(781)) - Started o.e.j.s.ServletContextHandler@357c9bd9{/static,jar:file:/home/user/.m2/repository/org/apache/hadoop/hadoop-hdds-container-service/0.5.0-SNAPSHOT/hadoop-hdds-container-service-0.5.0-SNAPSHOT.jar!/webapps/static,AVAILABLE}
2019-09-12 11:55:18,975 [main] INFO  handler.ContextHandler (ContextHandler.java:doStart(781)) - Started o.e.j.w.WebAppContext@3a3b10f4{/,file:///tmp/jetty-0.0.0.0-43194-hddsDatanode-_-any-6676198587170004629.dir/webapp/,AVAILABLE}{/hddsDatanode}
2019-09-12 11:55:18,975 [main] INFO  server.AbstractConnector (AbstractConnector.java:doStart(278)) - Started ServerConnector@49580ca8{HTTP/1.1,[http/1.1]}{0.0.0.0:43194}
2019-09-12 11:55:18,976 [main] INFO  server.Server (Server.java:doStart(419)) - Started @7260ms
2019-09-12 11:55:18,977 [main] INFO  server.BaseHttpServer (BaseHttpServer.java:updateConnectorAddress(213)) - HTTP server of HDDSDATANODE is listening at http://0.0.0.0:43194
2019-09-12 11:55:19,170 | INFO  | ObjectStoreRestHttpServer | Listening HDDS REST traffic on /0.0.0.0:40831 |  
2019-09-12 11:55:19,171 [main] INFO  ozone.HddsDatanodeService (HddsDatanodeService.java:startPlugins(395)) - Started plug-in org.apache.hadoop.ozone.web.OzoneHddsDatanodeService@637c840d
2019-09-12 11:55:19,171 [main] INFO  impl.MetricsSystemImpl (MetricsSystemImpl.java:init(158)) - HddsDatanode metrics system started (again)
2019-09-12 11:55:19,175 [org.apache.hadoop.util.JvmPauseMonitor$Monitor@3854f86f] INFO  util.JvmPauseMonitor (JvmPauseMonitor.java:run(188)) - Starting JVM pause monitor
2019-09-12 11:55:19,176 [main] INFO  ozone.HddsDatanodeService (HddsDatanodeService.java:start(184)) - HddsDatanodeService host:pr-hdds-1569-xtfnx-3545843844 ip:192.168.157.195
2019-09-12 11:55:19,178 [Datanode State Machine Thread - 0] INFO  datanode.InitDatanodeState (InitDatanodeState.java:persistContainerDatanodeDetails(140)) - DatanodeDetails is persisted to /workdir/hadoop-ozone/tools/target/test-dir/MiniOzoneClusterImpl-68b3c2dd-7b99-4165-989a-193f9a99bda1/datanode-2/meta/datanode.id
2019-09-12 11:55:19,184 [main] INFO  volume.HddsVolume (HddsVolume.java:<init>(176)) - Creating Volume: /workdir/hadoop-ozone/tools/target/test-dir/MiniOzoneClusterImpl-68b3c2dd-7b99-4165-989a-193f9a99bda1/datanode-3/data/containers/hdds of  storage type : DISK and capacity : 1482555576320
2019-09-12 11:55:19,184 [main] INFO  volume.VolumeSet (VolumeSet.java:initializeVolumeSet(170)) - Added Volume : /workdir/hadoop-ozone/tools/target/test-dir/MiniOzoneClusterImpl-68b3c2dd-7b99-4165-989a-193f9a99bda1/datanode-3/data/containers/hdds to VolumeSet
2019-09-12 11:55:19,184 [main] INFO  volume.ThrottledAsyncChecker (ThrottledAsyncChecker.java:schedule(140)) - Scheduling a check for org.apache.hadoop.ozone.container.common.volume.HddsVolume@256bb5be
2019-09-12 11:55:19,185 [main] INFO  volume.HddsVolumeChecker (HddsVolumeChecker.java:checkAllVolumes(203)) - Scheduled health check for volume org.apache.hadoop.ozone.container.common.volume.HddsVolume@256bb5be
2019-09-12 11:55:19,205 [main] INFO  impl.RaftServerProxy (ConfUtils.java:logGet(43)) - raft.rpc.type = GRPC (default)
2019-09-12 11:55:19,206 [main] INFO  grpc.GrpcFactory (GrpcFactory.java:checkPooledByteBufAllocatorUseCacheForAllThreads(45)) - PERFORMANCE WARNING: useCacheForAllThreads is true that may cause Netty to create a lot garbage objects and, as a result, trigger GC.
	It is recommended to disable useCacheForAllThreads by setting -Dorg.apache.ratis.thirdparty.io.netty.allocator.useCacheForAllThreads=false in command line.
2019-09-12 11:55:19,206 [main] INFO  grpc.GrpcConfigKeys$Server (ConfUtils.java:logGet(43)) - raft.grpc.server.port = 0 (default)
2019-09-12 11:55:19,206 [main] INFO  server.GrpcService (ConfUtils.java:logGet(43)) - raft.grpc.message.size.max = 33570816 (custom)
2019-09-12 11:55:19,206 [main] INFO  server.RaftServerConfigKeys (ConfUtils.java:logGet(43)) - raft.server.log.appender.buffer.byte-limit = 33554432 (custom)
2019-09-12 11:55:19,207 [main] INFO  server.GrpcService (ConfUtils.java:logGet(43)) - raft.grpc.flow.control.window = 1MB (=1048576) (default)
2019-09-12 11:55:19,207 [main] INFO  server.RaftServerConfigKeys (ConfUtils.java:logGet(43)) - raft.server.rpc.request.timeout = 3000ms (default)
2019-09-12 11:55:19,208 [main] INFO  server.RaftServerConfigKeys (ConfUtils.java:logGet(43)) - raft.server.storage.dir = [/workdir/hadoop-ozone/tools/target/test-dir/MiniOzoneClusterImpl-68b3c2dd-7b99-4165-989a-193f9a99bda1/datanode-3/data/ratis] (custom)
2019-09-12 11:55:19,208 [main] INFO  replication.SimpleContainerDownloader (SimpleContainerDownloader.java:<init>(72)) - Starting container downloader service to copy containers to replicate.
2019-09-12 11:55:19,210 [main] INFO  hdfs.DFSUtil (DFSUtil.java:httpServerTemplateForNNAndJN(1641)) - Starting Web-server for hddsDatanode at: http://0.0.0.0:0
2019-09-12 11:55:19,212 [main] INFO  server.AuthenticationFilter (AuthenticationFilter.java:constructSecretProvider(240)) - Unable to initialize FileSignerSecretProvider, falling back to use random secrets.
2019-09-12 11:55:19,213 [main] WARN  http.HttpRequestLog (HttpRequestLog.java:getRequestLog(97)) - Jetty request log can only be enabled using Log4j
2019-09-12 11:55:19,216 [main] INFO  http.HttpServer2 (HttpServer2.java:addGlobalFilter(975)) - Added global filter 'safety' (class=org.apache.hadoop.http.HttpServer2$QuotingInputFilter)
2019-09-12 11:55:19,217 [main] INFO  http.HttpServer2 (HttpServer2.java:addFilter(948)) - Added filter static_user_filter (class=org.apache.hadoop.http.lib.StaticUserWebFilter$StaticUserFilter) to context hddsDatanode
2019-09-12 11:55:19,218 [main] INFO  http.HttpServer2 (HttpServer2.java:addFilter(958)) - Added filter static_user_filter (class=org.apache.hadoop.http.lib.StaticUserWebFilter$StaticUserFilter) to context static
2019-09-12 11:55:19,218 [main] INFO  http.HttpServer2 (HttpServer2.java:addFilter(958)) - Added filter static_user_filter (class=org.apache.hadoop.http.lib.StaticUserWebFilter$StaticUserFilter) to context logs
2019-09-12 11:55:19,219 [main] INFO  http.HttpServer2 (HttpServer2.java:bindListener(1191)) - Jetty bound to port 32975
2019-09-12 11:55:19,220 [main] INFO  server.Server (Server.java:doStart(351)) - jetty-9.3.24.v20180605, build timestamp: 2018-06-05T17:11:56Z, git hash: 84205aa28f11a4f31f2a3b86d1bba2cc8ab69827
2019-09-12 11:55:19,227 [main] INFO  handler.ContextHandler (ContextHandler.java:doStart(781)) - Started o.e.j.s.ServletContextHandler@691567ea{/logs,file:///workdir/hadoop-ozone/tools/target/log,AVAILABLE}
2019-09-12 11:55:19,228 [main] INFO  handler.ContextHandler (ContextHandler.java:doStart(781)) - Started o.e.j.s.ServletContextHandler@5c8d58ed{/static,jar:file:/home/user/.m2/repository/org/apache/hadoop/hadoop-hdds-container-service/0.5.0-SNAPSHOT/hadoop-hdds-container-service-0.5.0-SNAPSHOT.jar!/webapps/static,AVAILABLE}
2019-09-12 11:55:19,275 [main] INFO  handler.ContextHandler (ContextHandler.java:doStart(781)) - Started o.e.j.w.WebAppContext@27a9f025{/,file:///tmp/jetty-0.0.0.0-32975-hddsDatanode-_-any-3415543914422989876.dir/webapp/,AVAILABLE}{/hddsDatanode}
2019-09-12 11:55:19,277 [main] INFO  server.AbstractConnector (AbstractConnector.java:doStart(278)) - Started ServerConnector@71936a92{HTTP/1.1,[http/1.1]}{0.0.0.0:32975}
2019-09-12 11:55:19,277 [main] INFO  server.Server (Server.java:doStart(419)) - Started @7561ms
2019-09-12 11:55:19,278 [main] INFO  server.BaseHttpServer (BaseHttpServer.java:updateConnectorAddress(213)) - HTTP server of HDDSDATANODE is listening at http://0.0.0.0:32975
2019-09-12 11:55:19,483 | INFO  | ObjectStoreRestHttpServer | Listening HDDS REST traffic on /0.0.0.0:36640 |  
2019-09-12 11:55:19,483 [main] INFO  ozone.HddsDatanodeService (HddsDatanodeService.java:startPlugins(395)) - Started plug-in org.apache.hadoop.ozone.web.OzoneHddsDatanodeService@545d2560
2019-09-12 11:55:19,484 [main] INFO  impl.MetricsSystemImpl (MetricsSystemImpl.java:init(158)) - HddsDatanode metrics system started (again)
2019-09-12 11:55:19,488 [org.apache.hadoop.util.JvmPauseMonitor$Monitor@4ad839e5] INFO  util.JvmPauseMonitor (JvmPauseMonitor.java:run(188)) - Starting JVM pause monitor
2019-09-12 11:55:19,488 [main] INFO  ozone.HddsDatanodeService (HddsDatanodeService.java:start(184)) - HddsDatanodeService host:pr-hdds-1569-xtfnx-3545843844 ip:192.168.157.195
2019-09-12 11:55:19,491 [Datanode State Machine Thread - 0] INFO  datanode.InitDatanodeState (InitDatanodeState.java:persistContainerDatanodeDetails(140)) - DatanodeDetails is persisted to /workdir/hadoop-ozone/tools/target/test-dir/MiniOzoneClusterImpl-68b3c2dd-7b99-4165-989a-193f9a99bda1/datanode-3/meta/datanode.id
2019-09-12 11:55:19,496 [main] INFO  volume.HddsVolume (HddsVolume.java:<init>(176)) - Creating Volume: /workdir/hadoop-ozone/tools/target/test-dir/MiniOzoneClusterImpl-68b3c2dd-7b99-4165-989a-193f9a99bda1/datanode-4/data/containers/hdds of  storage type : DISK and capacity : 1482555576320
2019-09-12 11:55:19,497 [main] INFO  volume.VolumeSet (VolumeSet.java:initializeVolumeSet(170)) - Added Volume : /workdir/hadoop-ozone/tools/target/test-dir/MiniOzoneClusterImpl-68b3c2dd-7b99-4165-989a-193f9a99bda1/datanode-4/data/containers/hdds to VolumeSet
2019-09-12 11:55:19,497 [main] INFO  volume.ThrottledAsyncChecker (ThrottledAsyncChecker.java:schedule(140)) - Scheduling a check for org.apache.hadoop.ozone.container.common.volume.HddsVolume@284990de
2019-09-12 11:55:19,497 [main] INFO  volume.HddsVolumeChecker (HddsVolumeChecker.java:checkAllVolumes(203)) - Scheduled health check for volume org.apache.hadoop.ozone.container.common.volume.HddsVolume@284990de
2019-09-12 11:55:19,515 [main] INFO  impl.RaftServerProxy (ConfUtils.java:logGet(43)) - raft.rpc.type = GRPC (default)
2019-09-12 11:55:19,515 [main] INFO  grpc.GrpcFactory (GrpcFactory.java:checkPooledByteBufAllocatorUseCacheForAllThreads(45)) - PERFORMANCE WARNING: useCacheForAllThreads is true that may cause Netty to create a lot garbage objects and, as a result, trigger GC.
	It is recommended to disable useCacheForAllThreads by setting -Dorg.apache.ratis.thirdparty.io.netty.allocator.useCacheForAllThreads=false in command line.
2019-09-12 11:55:19,515 [main] INFO  grpc.GrpcConfigKeys$Server (ConfUtils.java:logGet(43)) - raft.grpc.server.port = 0 (default)
2019-09-12 11:55:19,516 [main] INFO  server.GrpcService (ConfUtils.java:logGet(43)) - raft.grpc.message.size.max = 33570816 (custom)
2019-09-12 11:55:19,516 [main] INFO  server.RaftServerConfigKeys (ConfUtils.java:logGet(43)) - raft.server.log.appender.buffer.byte-limit = 33554432 (custom)
2019-09-12 11:55:19,516 [main] INFO  server.GrpcService (ConfUtils.java:logGet(43)) - raft.grpc.flow.control.window = 1MB (=1048576) (default)
2019-09-12 11:55:19,516 [main] INFO  server.RaftServerConfigKeys (ConfUtils.java:logGet(43)) - raft.server.rpc.request.timeout = 3000ms (default)
2019-09-12 11:55:19,517 [main] INFO  server.RaftServerConfigKeys (ConfUtils.java:logGet(43)) - raft.server.storage.dir = [/workdir/hadoop-ozone/tools/target/test-dir/MiniOzoneClusterImpl-68b3c2dd-7b99-4165-989a-193f9a99bda1/datanode-4/data/ratis] (custom)
2019-09-12 11:55:19,517 [main] INFO  replication.SimpleContainerDownloader (SimpleContainerDownloader.java:<init>(72)) - Starting container downloader service to copy containers to replicate.
2019-09-12 11:55:19,519 [main] INFO  hdfs.DFSUtil (DFSUtil.java:httpServerTemplateForNNAndJN(1641)) - Starting Web-server for hddsDatanode at: http://0.0.0.0:0
2019-09-12 11:55:19,521 [main] INFO  server.AuthenticationFilter (AuthenticationFilter.java:constructSecretProvider(240)) - Unable to initialize FileSignerSecretProvider, falling back to use random secrets.
2019-09-12 11:55:19,521 [main] WARN  http.HttpRequestLog (HttpRequestLog.java:getRequestLog(97)) - Jetty request log can only be enabled using Log4j
2019-09-12 11:55:19,524 [main] INFO  http.HttpServer2 (HttpServer2.java:addGlobalFilter(975)) - Added global filter 'safety' (class=org.apache.hadoop.http.HttpServer2$QuotingInputFilter)
2019-09-12 11:55:19,525 [main] INFO  http.HttpServer2 (HttpServer2.java:addFilter(948)) - Added filter static_user_filter (class=org.apache.hadoop.http.lib.StaticUserWebFilter$StaticUserFilter) to context hddsDatanode
2019-09-12 11:55:19,525 [main] INFO  http.HttpServer2 (HttpServer2.java:addFilter(958)) - Added filter static_user_filter (class=org.apache.hadoop.http.lib.StaticUserWebFilter$StaticUserFilter) to context static
2019-09-12 11:55:19,525 [main] INFO  http.HttpServer2 (HttpServer2.java:addFilter(958)) - Added filter static_user_filter (class=org.apache.hadoop.http.lib.StaticUserWebFilter$StaticUserFilter) to context logs
2019-09-12 11:55:19,526 [main] INFO  http.HttpServer2 (HttpServer2.java:bindListener(1191)) - Jetty bound to port 33059
2019-09-12 11:55:19,527 [main] INFO  server.Server (Server.java:doStart(351)) - jetty-9.3.24.v20180605, build timestamp: 2018-06-05T17:11:56Z, git hash: 84205aa28f11a4f31f2a3b86d1bba2cc8ab69827
2019-09-12 11:55:19,530 [main] INFO  handler.ContextHandler (ContextHandler.java:doStart(781)) - Started o.e.j.s.ServletContextHandler@723742b2{/logs,file:///workdir/hadoop-ozone/tools/target/log,AVAILABLE}
2019-09-12 11:55:19,531 [main] INFO  handler.ContextHandler (ContextHandler.java:doStart(781)) - Started o.e.j.s.ServletContextHandler@34c76167{/static,jar:file:/home/user/.m2/repository/org/apache/hadoop/hadoop-hdds-container-service/0.5.0-SNAPSHOT/hadoop-hdds-container-service-0.5.0-SNAPSHOT.jar!/webapps/static,AVAILABLE}
2019-09-12 11:55:19,588 [main] INFO  handler.ContextHandler (ContextHandler.java:doStart(781)) - Started o.e.j.w.WebAppContext@4bc9ca97{/,file:///tmp/jetty-0.0.0.0-33059-hddsDatanode-_-any-3920319728306067537.dir/webapp/,AVAILABLE}{/hddsDatanode}
2019-09-12 11:55:19,588 [main] INFO  server.AbstractConnector (AbstractConnector.java:doStart(278)) - Started ServerConnector@3e43f049{HTTP/1.1,[http/1.1]}{0.0.0.0:33059}
2019-09-12 11:55:19,590 [main] INFO  server.Server (Server.java:doStart(419)) - Started @7874ms
2019-09-12 11:55:19,590 [main] INFO  server.BaseHttpServer (BaseHttpServer.java:updateConnectorAddress(213)) - HTTP server of HDDSDATANODE is listening at http://0.0.0.0:33059
2019-09-12 11:55:19,784 | INFO  | ObjectStoreRestHttpServer | Listening HDDS REST traffic on /0.0.0.0:39767 |  
2019-09-12 11:55:19,784 [main] INFO  ozone.HddsDatanodeService (HddsDatanodeService.java:startPlugins(395)) - Started plug-in org.apache.hadoop.ozone.web.OzoneHddsDatanodeService@7db5b890
2019-09-12 11:55:19,787 [main] INFO  ozone.MiniOzoneClusterImpl (MiniOzoneClusterImpl.java:lambda$waitForClusterToBeReady$0(142)) - Waiting for cluster to be ready. Got 0 of 5 DN Heartbeats.
2019-09-12 11:55:19,788 [org.apache.hadoop.util.JvmPauseMonitor$Monitor@305aa91d] INFO  util.JvmPauseMonitor (JvmPauseMonitor.java:run(188)) - Starting JVM pause monitor
2019-09-12 11:55:19,790 [Datanode State Machine Thread - 0] INFO  datanode.InitDatanodeState (InitDatanodeState.java:persistContainerDatanodeDetails(140)) - DatanodeDetails is persisted to /workdir/hadoop-ozone/tools/target/test-dir/MiniOzoneClusterImpl-68b3c2dd-7b99-4165-989a-193f9a99bda1/datanode-4/meta/datanode.id
2019-09-12 11:55:20,667 | INFO  | SCMAudit | user=jenkins1000 | ip=192.168.157.195 | op=GET_VERSION null | ret=SUCCESS |  
2019-09-12 11:55:20,711 [Datanode State Machine Thread - 0] INFO  ozoneimpl.OzoneContainer (OzoneContainer.java:start(186)) - Attempting to start container services.
2019-09-12 11:55:20,713 [Datanode State Machine Thread - 0] INFO  ozoneimpl.OzoneContainer (OzoneContainer.java:startContainerScrub(160)) - Background container scrubber has been disabled by hdds.containerscrub.enabled
2019-09-12 11:55:20,713 [Datanode State Machine Thread - 0] INFO  ratis.XceiverServerRatis (XceiverServerRatis.java:start(404)) - Starting XceiverServerRatis 3721b0b4-2420-471b-8c71-d07221d0164f at port 0
2019-09-12 11:55:20,739 [Datanode State Machine Thread - 0] INFO  impl.RaftServerProxy (RaftServerProxy.java:lambda$start$3(299)) - 3721b0b4-2420-471b-8c71-d07221d0164f: start RPC server
2019-09-12 11:55:20,788 [main] INFO  ozone.MiniOzoneClusterImpl (MiniOzoneClusterImpl.java:lambda$waitForClusterToBeReady$0(142)) - Waiting for cluster to be ready. Got 0 of 5 DN Heartbeats.
2019-09-12 11:55:20,947 | INFO  | SCMAudit | user=jenkins1000 | ip=192.168.157.195 | op=GET_VERSION null | ret=SUCCESS |  
2019-09-12 11:55:20,950 [Datanode State Machine Thread - 0] INFO  server.GrpcService (GrpcService.java:startImpl(149)) - 3721b0b4-2420-471b-8c71-d07221d0164f: GrpcService started, listening on 0.0.0.0/0.0.0.0:44599
2019-09-12 11:55:20,951 [Datanode State Machine Thread - 0] INFO  ratis.XceiverServerRatis (XceiverServerRatis.java:start(414)) - XceiverServerRatis 3721b0b4-2420-471b-8c71-d07221d0164f is started using port 44599
2019-09-12 11:55:20,954 [Datanode State Machine Thread - 0] INFO  server.XceiverServerGrpc (XceiverServerGrpc.java:start(163)) - XceiverServerGrpc 3721b0b4-2420-471b-8c71-d07221d0164f is started using port 46881
2019-09-12 11:55:20,963 [Datanode State Machine Thread - 0] INFO  ozoneimpl.OzoneContainer (OzoneContainer.java:start(186)) - Attempting to start container services.
2019-09-12 11:55:20,966 [Datanode State Machine Thread - 0] INFO  ozoneimpl.OzoneContainer (OzoneContainer.java:startContainerScrub(160)) - Background container scrubber has been disabled by hdds.containerscrub.enabled
2019-09-12 11:55:20,966 [Datanode State Machine Thread - 0] INFO  ratis.XceiverServerRatis (XceiverServerRatis.java:start(404)) - Starting XceiverServerRatis fc058c35-4f1e-4195-8563-dfc72a0df006 at port 0
2019-09-12 11:55:20,981 [Datanode State Machine Thread - 0] INFO  impl.RaftServerProxy (RaftServerProxy.java:lambda$start$3(299)) - fc058c35-4f1e-4195-8563-dfc72a0df006: start RPC server
2019-09-12 11:55:20,985 [Datanode State Machine Thread - 0] INFO  server.GrpcService (GrpcService.java:startImpl(149)) - fc058c35-4f1e-4195-8563-dfc72a0df006: GrpcService started, listening on 0.0.0.0/0.0.0.0:38611
2019-09-12 11:55:20,985 [Datanode State Machine Thread - 0] INFO  ratis.XceiverServerRatis (XceiverServerRatis.java:start(414)) - XceiverServerRatis fc058c35-4f1e-4195-8563-dfc72a0df006 is started using port 38611
2019-09-12 11:55:20,998 [Datanode State Machine Thread - 0] INFO  server.XceiverServerGrpc (XceiverServerGrpc.java:start(163)) - XceiverServerGrpc fc058c35-4f1e-4195-8563-dfc72a0df006 is started using port 35606
2019-09-12 11:55:21,178 | INFO  | SCMAudit | user=jenkins1000 | ip=192.168.157.195 | op=GET_VERSION null | ret=SUCCESS |  
2019-09-12 11:55:21,195 [Datanode State Machine Thread - 0] INFO  ozoneimpl.OzoneContainer (OzoneContainer.java:start(186)) - Attempting to start container services.
2019-09-12 11:55:21,198 [Datanode State Machine Thread - 0] INFO  ozoneimpl.OzoneContainer (OzoneContainer.java:startContainerScrub(160)) - Background container scrubber has been disabled by hdds.containerscrub.enabled
2019-09-12 11:55:21,198 [Datanode State Machine Thread - 0] INFO  ratis.XceiverServerRatis (XceiverServerRatis.java:start(404)) - Starting XceiverServerRatis 195b504c-ec15-4395-b30f-deaa4314771c at port 0
2019-09-12 11:55:21,208 [Datanode State Machine Thread - 0] INFO  impl.RaftServerProxy (RaftServerProxy.java:lambda$start$3(299)) - 195b504c-ec15-4395-b30f-deaa4314771c: start RPC server
2019-09-12 11:55:21,211 [Datanode State Machine Thread - 0] INFO  server.GrpcService (GrpcService.java:startImpl(149)) - 195b504c-ec15-4395-b30f-deaa4314771c: GrpcService started, listening on 0.0.0.0/0.0.0.0:32900
2019-09-12 11:55:21,212 [Datanode State Machine Thread - 0] INFO  ratis.XceiverServerRatis (XceiverServerRatis.java:start(414)) - XceiverServerRatis 195b504c-ec15-4395-b30f-deaa4314771c is started using port 32900
2019-09-12 11:55:21,214 [Datanode State Machine Thread - 0] INFO  server.XceiverServerGrpc (XceiverServerGrpc.java:start(163)) - XceiverServerGrpc 195b504c-ec15-4395-b30f-deaa4314771c is started using port 41360
2019-09-12 11:55:21,492 | INFO  | SCMAudit | user=jenkins1000 | ip=192.168.157.195 | op=GET_VERSION null | ret=SUCCESS |  
2019-09-12 11:55:21,518 [Datanode State Machine Thread - 0] INFO  ozoneimpl.OzoneContainer (OzoneContainer.java:start(186)) - Attempting to start container services.
2019-09-12 11:55:21,520 [Datanode State Machine Thread - 0] INFO  ozoneimpl.OzoneContainer (OzoneContainer.java:startContainerScrub(160)) - Background container scrubber has been disabled by hdds.containerscrub.enabled
2019-09-12 11:55:21,521 [Datanode State Machine Thread - 0] INFO  ratis.XceiverServerRatis (XceiverServerRatis.java:start(404)) - Starting XceiverServerRatis 5774a03e-6f88-4ed6-a57b-14b40bcf9480 at port 0
2019-09-12 11:55:21,530 [Datanode State Machine Thread - 0] INFO  impl.RaftServerProxy (RaftServerProxy.java:lambda$start$3(299)) - 5774a03e-6f88-4ed6-a57b-14b40bcf9480: start RPC server
2019-09-12 11:55:21,533 [Datanode State Machine Thread - 0] INFO  server.GrpcService (GrpcService.java:startImpl(149)) - 5774a03e-6f88-4ed6-a57b-14b40bcf9480: GrpcService started, listening on 0.0.0.0/0.0.0.0:42494
2019-09-12 11:55:21,534 [Datanode State Machine Thread - 0] INFO  ratis.XceiverServerRatis (XceiverServerRatis.java:start(414)) - XceiverServerRatis 5774a03e-6f88-4ed6-a57b-14b40bcf9480 is started using port 42494
2019-09-12 11:55:21,537 [Datanode State Machine Thread - 0] INFO  server.XceiverServerGrpc (XceiverServerGrpc.java:start(163)) - XceiverServerGrpc 5774a03e-6f88-4ed6-a57b-14b40bcf9480 is started using port 36971
2019-09-12 11:55:21,789 [main] INFO  ozone.MiniOzoneClusterImpl (MiniOzoneClusterImpl.java:lambda$waitForClusterToBeReady$0(142)) - Waiting for cluster to be ready. Got 0 of 5 DN Heartbeats.
2019-09-12 11:55:21,790 | INFO  | SCMAudit | user=jenkins1000 | ip=192.168.157.195 | op=GET_VERSION null | ret=SUCCESS |  
2019-09-12 11:55:21,804 [Datanode State Machine Thread - 0] INFO  ozoneimpl.OzoneContainer (OzoneContainer.java:start(186)) - Attempting to start container services.
2019-09-12 11:55:21,811 [Datanode State Machine Thread - 0] INFO  ozoneimpl.OzoneContainer (OzoneContainer.java:startContainerScrub(160)) - Background container scrubber has been disabled by hdds.containerscrub.enabled
2019-09-12 11:55:21,811 [Datanode State Machine Thread - 0] INFO  ratis.XceiverServerRatis (XceiverServerRatis.java:start(404)) - Starting XceiverServerRatis 2571ad41-02e3-435e-b75a-0c7e86386881 at port 0
2019-09-12 11:55:21,821 [Datanode State Machine Thread - 0] INFO  impl.RaftServerProxy (RaftServerProxy.java:lambda$start$3(299)) - 2571ad41-02e3-435e-b75a-0c7e86386881: start RPC server
2019-09-12 11:55:21,825 [Datanode State Machine Thread - 0] INFO  server.GrpcService (GrpcService.java:startImpl(149)) - 2571ad41-02e3-435e-b75a-0c7e86386881: GrpcService started, listening on 0.0.0.0/0.0.0.0:38484
2019-09-12 11:55:21,825 [Datanode State Machine Thread - 0] INFO  ratis.XceiverServerRatis (XceiverServerRatis.java:start(414)) - XceiverServerRatis 2571ad41-02e3-435e-b75a-0c7e86386881 is started using port 38484
2019-09-12 11:55:21,829 [Datanode State Machine Thread - 0] INFO  server.XceiverServerGrpc (XceiverServerGrpc.java:start(163)) - XceiverServerGrpc 2571ad41-02e3-435e-b75a-0c7e86386881 is started using port 41294
2019-09-12 11:55:22,678 [IPC Server handler 4 on 35452] INFO  net.NetworkTopology (NetworkTopologyImpl.java:add(110)) - Added a new node: /default-rack/3721b0b4-2420-471b-8c71-d07221d0164f
2019-09-12 11:55:22,678 [IPC Server handler 4 on 35452] INFO  node.SCMNodeManager (SCMNodeManager.java:register(273)) - Registered Data node : 3721b0b4-2420-471b-8c71-d07221d0164f{ip: 192.168.157.195, host: pr-hdds-1569-xtfnx-3545843844, networkLocation: /default-rack, certSerialId: null}
2019-09-12 11:55:22,684 [EventQueue-NodeRegistrationContainerReportForDataNodeSafeModeRule] INFO  safemode.SCMSafeModeManager (DataNodeSafeModeRule.java:process(71)) - SCM in safe mode. 1 DataNodes registered, 1 required.
2019-09-12 11:55:22,684 [EventQueue-NodeRegistrationContainerReportForDataNodeSafeModeRule] INFO  safemode.SCMSafeModeManager (SCMSafeModeManager.java:validateSafeModeExitRules(177)) - ScmSafeModeManager, all rules are successfully validated
2019-09-12 11:55:22,684 [EventQueue-NodeRegistrationContainerReportForDataNodeSafeModeRule] INFO  safemode.SCMSafeModeManager (SCMSafeModeManager.java:exitSafeMode(193)) - SCM exiting safe mode.
2019-09-12 11:55:22,694 | INFO  | SCMAudit | user=jenkins1000 | ip=192.168.157.195 | op=REGISTER {datanodeDetails=3721b0b4-2420-471b-8c71-d07221d0164f{ip: 192.168.157.195, host: pr-hdds-1569-xtfnx-3545843844, networkLocation: /default-rack, certSerialId: null}} | ret=SUCCESS |  
2019-09-12 11:55:22,790 [main] INFO  ozone.MiniOzoneClusterImpl (MiniOzoneClusterImpl.java:lambda$waitForClusterToBeReady$0(142)) - Waiting for cluster to be ready. Got 1 of 5 DN Heartbeats.
2019-09-12 11:55:22,945 [IPC Server handler 0 on 35452] INFO  net.NetworkTopology (NetworkTopologyImpl.java:add(110)) - Added a new node: /default-rack/fc058c35-4f1e-4195-8563-dfc72a0df006
2019-09-12 11:55:22,946 [IPC Server handler 0 on 35452] INFO  node.SCMNodeManager (SCMNodeManager.java:register(273)) - Registered Data node : fc058c35-4f1e-4195-8563-dfc72a0df006{ip: 192.168.157.195, host: pr-hdds-1569-xtfnx-3545843844, networkLocation: /default-rack, certSerialId: null}
2019-09-12 11:55:22,946 | INFO  | SCMAudit | user=jenkins1000 | ip=192.168.157.195 | op=REGISTER {datanodeDetails=fc058c35-4f1e-4195-8563-dfc72a0df006{ip: 192.168.157.195, host: pr-hdds-1569-xtfnx-3545843844, networkLocation: /default-rack, certSerialId: null}} | ret=SUCCESS |  
2019-09-12 11:55:23,570 [IPC Server handler 4 on 35452] INFO  net.NetworkTopology (NetworkTopologyImpl.java:add(110)) - Added a new node: /default-rack/5774a03e-6f88-4ed6-a57b-14b40bcf9480
2019-09-12 11:55:23,570 [IPC Server handler 2 on 35452] INFO  net.NetworkTopology (NetworkTopologyImpl.java:add(110)) - Added a new node: /default-rack/195b504c-ec15-4395-b30f-deaa4314771c
2019-09-12 11:55:23,571 [IPC Server handler 4 on 35452] INFO  node.SCMNodeManager (SCMNodeManager.java:register(273)) - Registered Data node : 5774a03e-6f88-4ed6-a57b-14b40bcf9480{ip: 192.168.157.195, host: pr-hdds-1569-xtfnx-3545843844, networkLocation: /default-rack, certSerialId: null}
2019-09-12 11:55:23,571 [IPC Server handler 2 on 35452] INFO  node.SCMNodeManager (SCMNodeManager.java:register(273)) - Registered Data node : 195b504c-ec15-4395-b30f-deaa4314771c{ip: 192.168.157.195, host: pr-hdds-1569-xtfnx-3545843844, networkLocation: /default-rack, certSerialId: null}
2019-09-12 11:55:23,571 | INFO  | SCMAudit | user=jenkins1000 | ip=192.168.157.195 | op=REGISTER {datanodeDetails=5774a03e-6f88-4ed6-a57b-14b40bcf9480{ip: 192.168.157.195, host: pr-hdds-1569-xtfnx-3545843844, networkLocation: /default-rack, certSerialId: null}} | ret=SUCCESS |  
2019-09-12 11:55:23,571 | INFO  | SCMAudit | user=jenkins1000 | ip=192.168.157.195 | op=REGISTER {datanodeDetails=195b504c-ec15-4395-b30f-deaa4314771c{ip: 192.168.157.195, host: pr-hdds-1569-xtfnx-3545843844, networkLocation: /default-rack, certSerialId: null}} | ret=SUCCESS |  
2019-09-12 11:55:23,660 [grpc-default-executor-0] INFO  impl.RaftServerProxy (RaftServerProxy.java:addNew(89)) - 3721b0b4-2420-471b-8c71-d07221d0164f: addNew group-895BF31529D3:[3721b0b4-2420-471b-8c71-d07221d0164f:192.168.157.195:44599] returns group-895BF31529D3:java.util.concurrent.CompletableFuture@5e71782f[Not completed]
2019-09-12 11:55:23,683 [pool-27-thread-1] INFO  impl.RaftServerImpl (RaftServerImpl.java:<init>(93)) - 3721b0b4-2420-471b-8c71-d07221d0164f: new RaftServerImpl for group-895BF31529D3:[3721b0b4-2420-471b-8c71-d07221d0164f:192.168.157.195:44599] with ContainerStateMachine:uninitialized
2019-09-12 11:55:23,686 [pool-27-thread-1] INFO  server.RaftServerConfigKeys (ConfUtils.java:logGet(43)) - raft.server.rpc.timeout.min = 5s (custom)
2019-09-12 11:55:23,687 [pool-27-thread-1] INFO  server.RaftServerConfigKeys (ConfUtils.java:logGet(43)) - raft.server.rpc.timeout.max = 5200ms (custom)
2019-09-12 11:55:23,688 [pool-27-thread-1] INFO  server.RaftServerConfigKeys (ConfUtils.java:logGet(43)) - raft.server.rpcslowness.timeout = 120s (custom)
2019-09-12 11:55:23,689 [pool-27-thread-1] INFO  server.RaftServerConfigKeys (ConfUtils.java:logGet(43)) - raft.server.sleep.deviation.threshold = 300 (default)
2019-09-12 11:55:23,690 [pool-27-thread-1] INFO  server.RaftServerConfigKeys (ConfUtils.java:logGet(43)) - raft.server.log.appender.install.snapshot.enabled = false (custom)
2019-09-12 11:55:23,701 [pool-27-thread-1] INFO  impl.RaftServerImpl (ServerState.java:<init>(105)) - 3721b0b4-2420-471b-8c71-d07221d0164f:group-895BF31529D3 ConfigurationManager, init=-1: [3721b0b4-2420-471b-8c71-d07221d0164f:192.168.157.195:44599], old=null, confs=<EMPTY_MAP>
2019-09-12 11:55:23,701 [pool-27-thread-1] INFO  server.RaftServerConfigKeys (ConfUtils.java:logGet(43)) - raft.server.storage.dir = [/workdir/hadoop-ozone/tools/target/test-dir/MiniOzoneClusterImpl-68b3c2dd-7b99-4165-989a-193f9a99bda1/datanode-0/data/ratis] (custom)
2019-09-12 11:55:23,712 [pool-27-thread-1] INFO  storage.RaftStorageDirectory (RaftStorageDirectory.java:analyzeStorage(246)) - The storage directory /workdir/hadoop-ozone/tools/target/test-dir/MiniOzoneClusterImpl-68b3c2dd-7b99-4165-989a-193f9a99bda1/datanode-0/data/ratis/16370a45-7f90-4624-b9da-895bf31529d3 does not exist. Creating ...
2019-09-12 11:55:23,731 [pool-27-thread-1] INFO  storage.RaftStorageDirectory (RaftStorageDirectory.java:tryLock(328)) - Lock on /workdir/hadoop-ozone/tools/target/test-dir/MiniOzoneClusterImpl-68b3c2dd-7b99-4165-989a-193f9a99bda1/datanode-0/data/ratis/16370a45-7f90-4624-b9da-895bf31529d3/in_use.lock acquired by nodename 19800@pr-hdds-1569-xtfnx-3545843844
2019-09-12 11:55:23,746 [pool-27-thread-1] INFO  storage.RaftStorage (RaftStorage.java:format(72)) - Storage directory /workdir/hadoop-ozone/tools/target/test-dir/MiniOzoneClusterImpl-68b3c2dd-7b99-4165-989a-193f9a99bda1/datanode-0/data/ratis/16370a45-7f90-4624-b9da-895bf31529d3 has been successfully formatted.
2019-09-12 11:55:23,749 [pool-27-thread-1] INFO  ratis.ContainerStateMachine (ContainerStateMachine.java:loadSnapshot(226)) - group-895BF31529D3: The snapshot info is null. Setting the last applied indexto:(t:0, i:~)
2019-09-12 11:55:23,749 [pool-27-thread-1] INFO  server.RaftServerConfigKeys (ConfUtils.java:logGet(43)) - raft.server.leader.election.timeout = 120s (custom)
2019-09-12 11:55:23,751 [pool-27-thread-1] INFO  server.RaftServerConfigKeys (ConfUtils.java:logGet(43)) - raft.server.log.use.memory = false (default)
2019-09-12 11:55:23,757 [pool-27-thread-1] INFO  server.RaftServerConfigKeys (ConfUtils.java:logGet(43)) - raft.server.log.purge.gap = 1000000 (custom)
2019-09-12 11:55:23,758 [pool-27-thread-1] INFO  server.RaftServerConfigKeys (ConfUtils.java:logGet(43)) - raft.server.log.appender.buffer.byte-limit = 33554432 (custom)
2019-09-12 11:55:23,759 [pool-27-thread-1] INFO  server.RaftServerConfigKeys (ConfUtils.java:logGet(43)) - raft.server.log.segment.size.max = 1048576 (custom)
2019-09-12 11:55:23,764 [pool-27-thread-1] INFO  server.RaftServerConfigKeys (ConfUtils.java:logGet(43)) - raft.server.log.segment.cache.num.max = 2 (custom)
2019-09-12 11:55:23,770 [pool-27-thread-1] INFO  segmented.SegmentedRaftLogWorker (SegmentedRaftLogWorker.java:<init>(172)) - new 3721b0b4-2420-471b-8c71-d07221d0164f-SegmentedRaftLogWorker:Storage Directory /workdir/hadoop-ozone/tools/target/test-dir/MiniOzoneClusterImpl-68b3c2dd-7b99-4165-989a-193f9a99bda1/datanode-0/data/ratis/16370a45-7f90-4624-b9da-895bf31529d3 for RaftStorage:Storage Directory /workdir/hadoop-ozone/tools/target/test-dir/MiniOzoneClusterImpl-68b3c2dd-7b99-4165-989a-193f9a99bda1/datanode-0/data/ratis/16370a45-7f90-4624-b9da-895bf31529d3
2019-09-12 11:55:23,782 [pool-27-thread-1] INFO  server.RaftServerConfigKeys (ConfUtils.java:logGet(43)) - raft.server.log.queue.byte-limit = 2147483647 (custom)
2019-09-12 11:55:23,783 [pool-27-thread-1] INFO  server.RaftServerConfigKeys (ConfUtils.java:logGet(43)) - raft.server.log.queue.element-limit = 1024 (custom)
2019-09-12 11:55:23,787 [pool-27-thread-1] INFO  server.RaftServerConfigKeys (ConfUtils.java:logGet(43)) - raft.server.log.segment.size.max = 1048576 (custom)
2019-09-12 11:55:23,788 [pool-27-thread-1] INFO  server.RaftServerConfigKeys (ConfUtils.java:logGet(43)) - raft.server.log.preallocated.size = 16384 (custom)
2019-09-12 11:55:23,790 [pool-27-thread-1] INFO  server.RaftServerConfigKeys (ConfUtils.java:logGet(43)) - raft.server.log.write.buffer.size = 33554432 (custom)
2019-09-12 11:55:23,790 [pool-27-thread-1] INFO  server.RaftServerConfigKeys (ConfUtils.java:logGet(43)) - raft.server.log.force.sync.num = 128 (default)
2019-09-12 11:55:23,790 [main] INFO  ozone.MiniOzoneClusterImpl (MiniOzoneClusterImpl.java:lambda$waitForClusterToBeReady$0(142)) - Waiting for cluster to be ready. Got 4 of 5 DN Heartbeats.
2019-09-12 11:55:23,792 [IPC Server handler 1 on 35452] INFO  net.NetworkTopology (NetworkTopologyImpl.java:add(110)) - Added a new node: /default-rack/2571ad41-02e3-435e-b75a-0c7e86386881
2019-09-12 11:55:23,792 [pool-27-thread-1] INFO  server.RaftServerConfigKeys (ConfUtils.java:logGet(43)) - raft.server.log.statemachine.data.sync = true (default)
2019-09-12 11:55:23,793 [IPC Server handler 1 on 35452] INFO  node.SCMNodeManager (SCMNodeManager.java:register(273)) - Registered Data node : 2571ad41-02e3-435e-b75a-0c7e86386881{ip: 192.168.157.195, host: pr-hdds-1569-xtfnx-3545843844, networkLocation: /default-rack, certSerialId: null}
2019-09-12 11:55:23,793 [pool-27-thread-1] INFO  server.RaftServerConfigKeys (ConfUtils.java:logGet(43)) - raft.server.log.statemachine.data.sync.timeout = 10s (default)
2019-09-12 11:55:23,793 | INFO  | SCMAudit | user=jenkins1000 | ip=192.168.157.195 | op=REGISTER {datanodeDetails=2571ad41-02e3-435e-b75a-0c7e86386881{ip: 192.168.157.195, host: pr-hdds-1569-xtfnx-3545843844, networkLocation: /default-rack, certSerialId: null}} | ret=SUCCESS |  
2019-09-12 11:55:23,793 [pool-27-thread-1] INFO  server.RaftServerConfigKeys (ConfUtils.java:logGet(43)) - raft.server.log.statemachine.data.sync.timeout.retry = -1 (default)
2019-09-12 11:55:23,803 [pool-27-thread-1] INFO  server.RaftServerConfigKeys (ConfUtils.java:logGet(43)) - raft.server.log.statemachine.data.caching.enabled = true (custom)
2019-09-12 11:55:23,807 [pool-27-thread-1] INFO  segmented.SegmentedRaftLogWorker (SegmentedRaftLogWorker.java:lambda$new$0(132)) - 3721b0b4-2420-471b-8c71-d07221d0164f-SegmentedRaftLogWorker:Storage Directory /workdir/hadoop-ozone/tools/target/test-dir/MiniOzoneClusterImpl-68b3c2dd-7b99-4165-989a-193f9a99bda1/datanode-0/data/ratis/16370a45-7f90-4624-b9da-895bf31529d3: flushIndex: setUnconditionally 0 -> -1
2019-09-12 11:55:23,811 [pool-27-thread-1] INFO  server.RaftServerConfigKeys (ConfUtils.java:logGet(43)) - raft.server.snapshot.auto.trigger.enabled = true (custom)
2019-09-12 11:55:23,812 [pool-27-thread-1] INFO  server.RaftServerConfigKeys (ConfUtils.java:logGet(43)) - raft.server.snapshot.auto.trigger.threshold = 10000 (custom)
2019-09-12 11:55:23,812 [pool-27-thread-1] INFO  server.RaftServerConfigKeys (ConfUtils.java:logGet(43)) - raft.server.retrycache.expirytime = 600000ms (custom)
2019-09-12 11:55:23,831 [pool-27-thread-1] INFO  impl.RaftServerImpl (RaftServerImpl.java:start(180)) - 3721b0b4-2420-471b-8c71-d07221d0164f: start group-895BF31529D3
2019-09-12 11:55:23,832 [pool-27-thread-1] INFO  impl.RaftServerImpl (RaftServerImpl.java:setRole(171)) - 3721b0b4-2420-471b-8c71-d07221d0164f:group-895BF31529D3 changes role from null to FOLLOWER at term 0 for startAsFollower
2019-09-12 11:55:23,833 [pool-27-thread-1] INFO  impl.RoleInfo (RoleInfo.java:updateAndGet(143)) - 3721b0b4-2420-471b-8c71-d07221d0164f: start FollowerState
2019-09-12 11:55:23,835 [pool-27-thread-1] INFO  util.JmxRegister (JmxRegister.java:tryRegister(44)) - Successfully registered JMX Bean with object name Ratis:service=RaftServer,group=group-895BF31529D3,id=3721b0b4-2420-471b-8c71-d07221d0164f
2019-09-12 11:55:23,896 [RatisPipelineUtilsThread] INFO  pipeline.PipelineStateManager (PipelineStateManager.java:addPipeline(56)) - Created pipeline Pipeline[ Id: 16370a45-7f90-4624-b9da-895bf31529d3, Nodes: 3721b0b4-2420-471b-8c71-d07221d0164f{ip: 192.168.157.195, host: pr-hdds-1569-xtfnx-3545843844, networkLocation: /default-rack, certSerialId: null}, Type:RATIS, Factor:ONE, State:OPEN]
2019-09-12 11:55:23,923 [grpc-default-executor-0] INFO  impl.RaftServerProxy (RaftServerProxy.java:addNew(89)) - 5774a03e-6f88-4ed6-a57b-14b40bcf9480: addNew group-5621AD58FF12:[5774a03e-6f88-4ed6-a57b-14b40bcf9480:192.168.157.195:42494] returns group-5621AD58FF12:java.util.concurrent.CompletableFuture@32f4f5d6[Not completed]
2019-09-12 11:55:23,971 [pool-60-thread-1] INFO  impl.RaftServerImpl (RaftServerImpl.java:<init>(93)) - 5774a03e-6f88-4ed6-a57b-14b40bcf9480: new RaftServerImpl for group-5621AD58FF12:[5774a03e-6f88-4ed6-a57b-14b40bcf9480:192.168.157.195:42494] with ContainerStateMachine:uninitialized
2019-09-12 11:55:23,972 [pool-60-thread-1] INFO  server.RaftServerConfigKeys (ConfUtils.java:logGet(43)) - raft.server.rpc.timeout.min = 5s (custom)
2019-09-12 11:55:23,972 [pool-60-thread-1] INFO  server.RaftServerConfigKeys (ConfUtils.java:logGet(43)) - raft.server.rpc.timeout.max = 5200ms (custom)
2019-09-12 11:55:23,973 [pool-60-thread-1] INFO  server.RaftServerConfigKeys (ConfUtils.java:logGet(43)) - raft.server.rpcslowness.timeout = 120s (custom)
2019-09-12 11:55:23,973 [pool-60-thread-1] INFO  server.RaftServerConfigKeys (ConfUtils.java:logGet(43)) - raft.server.sleep.deviation.threshold = 300 (default)
2019-09-12 11:55:23,973 [pool-60-thread-1] INFO  server.RaftServerConfigKeys (ConfUtils.java:logGet(43)) - raft.server.log.appender.install.snapshot.enabled = false (custom)
2019-09-12 11:55:23,973 [pool-60-thread-1] INFO  impl.RaftServerImpl (ServerState.java:<init>(105)) - 5774a03e-6f88-4ed6-a57b-14b40bcf9480:group-5621AD58FF12 ConfigurationManager, init=-1: [5774a03e-6f88-4ed6-a57b-14b40bcf9480:192.168.157.195:42494], old=null, confs=<EMPTY_MAP>
2019-09-12 11:55:23,973 [pool-60-thread-1] INFO  server.RaftServerConfigKeys (ConfUtils.java:logGet(43)) - raft.server.storage.dir = [/workdir/hadoop-ozone/tools/target/test-dir/MiniOzoneClusterImpl-68b3c2dd-7b99-4165-989a-193f9a99bda1/datanode-3/data/ratis] (custom)
2019-09-12 11:55:23,974 [pool-60-thread-1] INFO  storage.RaftStorageDirectory (RaftStorageDirectory.java:analyzeStorage(246)) - The storage directory /workdir/hadoop-ozone/tools/target/test-dir/MiniOzoneClusterImpl-68b3c2dd-7b99-4165-989a-193f9a99bda1/datanode-3/data/ratis/93e8aac4-09d7-4abd-b078-5621ad58ff12 does not exist. Creating ...
2019-09-12 11:55:23,988 [pool-60-thread-1] INFO  storage.RaftStorageDirectory (RaftStorageDirectory.java:tryLock(328)) - Lock on /workdir/hadoop-ozone/tools/target/test-dir/MiniOzoneClusterImpl-68b3c2dd-7b99-4165-989a-193f9a99bda1/datanode-3/data/ratis/93e8aac4-09d7-4abd-b078-5621ad58ff12/in_use.lock acquired by nodename 19800@pr-hdds-1569-xtfnx-3545843844
2019-09-12 11:55:24,022 [pool-60-thread-1] INFO  storage.RaftStorage (RaftStorage.java:format(72)) - Storage directory /workdir/hadoop-ozone/tools/target/test-dir/MiniOzoneClusterImpl-68b3c2dd-7b99-4165-989a-193f9a99bda1/datanode-3/data/ratis/93e8aac4-09d7-4abd-b078-5621ad58ff12 has been successfully formatted.
2019-09-12 11:55:24,024 [pool-60-thread-1] INFO  ratis.ContainerStateMachine (ContainerStateMachine.java:loadSnapshot(226)) - group-5621AD58FF12: The snapshot info is null. Setting the last applied indexto:(t:0, i:~)
2019-09-12 11:55:24,026 [pool-60-thread-1] INFO  server.RaftServerConfigKeys (ConfUtils.java:logGet(43)) - raft.server.leader.election.timeout = 120s (custom)
2019-09-12 11:55:24,026 [pool-60-thread-1] INFO  server.RaftServerConfigKeys (ConfUtils.java:logGet(43)) - raft.server.log.use.memory = false (default)
2019-09-12 11:55:24,026 [pool-60-thread-1] INFO  server.RaftServerConfigKeys (ConfUtils.java:logGet(43)) - raft.server.log.purge.gap = 1000000 (custom)
2019-09-12 11:55:24,026 [pool-60-thread-1] INFO  server.RaftServerConfigKeys (ConfUtils.java:logGet(43)) - raft.server.log.appender.buffer.byte-limit = 33554432 (custom)
2019-09-12 11:55:24,027 [pool-60-thread-1] INFO  server.RaftServerConfigKeys (ConfUtils.java:logGet(43)) - raft.server.log.segment.size.max = 1048576 (custom)
2019-09-12 11:55:24,027 [pool-60-thread-1] INFO  server.RaftServerConfigKeys (ConfUtils.java:logGet(43)) - raft.server.log.segment.cache.num.max = 2 (custom)
2019-09-12 11:55:24,027 [pool-60-thread-1] INFO  segmented.SegmentedRaftLogWorker (SegmentedRaftLogWorker.java:<init>(172)) - new 5774a03e-6f88-4ed6-a57b-14b40bcf9480-SegmentedRaftLogWorker:Storage Directory /workdir/hadoop-ozone/tools/target/test-dir/MiniOzoneClusterImpl-68b3c2dd-7b99-4165-989a-193f9a99bda1/datanode-3/data/ratis/93e8aac4-09d7-4abd-b078-5621ad58ff12 for RaftStorage:Storage Directory /workdir/hadoop-ozone/tools/target/test-dir/MiniOzoneClusterImpl-68b3c2dd-7b99-4165-989a-193f9a99bda1/datanode-3/data/ratis/93e8aac4-09d7-4abd-b078-5621ad58ff12
2019-09-12 11:55:24,029 [pool-60-thread-1] INFO  server.RaftServerConfigKeys (ConfUtils.java:logGet(43)) - raft.server.log.queue.byte-limit = 2147483647 (custom)
2019-09-12 11:55:24,029 [pool-60-thread-1] INFO  server.RaftServerConfigKeys (ConfUtils.java:logGet(43)) - raft.server.log.queue.element-limit = 1024 (custom)
2019-09-12 11:55:24,029 [pool-60-thread-1] INFO  server.RaftServerConfigKeys (ConfUtils.java:logGet(43)) - raft.server.log.segment.size.max = 1048576 (custom)
2019-09-12 11:55:24,030 [pool-60-thread-1] INFO  server.RaftServerConfigKeys (ConfUtils.java:logGet(43)) - raft.server.log.preallocated.size = 16384 (custom)
2019-09-12 11:55:24,030 [pool-60-thread-1] INFO  server.RaftServerConfigKeys (ConfUtils.java:logGet(43)) - raft.server.log.write.buffer.size = 33554432 (custom)
2019-09-12 11:55:24,030 [pool-60-thread-1] INFO  server.RaftServerConfigKeys (ConfUtils.java:logGet(43)) - raft.server.log.force.sync.num = 128 (default)
2019-09-12 11:55:24,030 [pool-60-thread-1] INFO  server.RaftServerConfigKeys (ConfUtils.java:logGet(43)) - raft.server.log.statemachine.data.sync = true (default)
2019-09-12 11:55:24,031 [pool-60-thread-1] INFO  server.RaftServerConfigKeys (ConfUtils.java:logGet(43)) - raft.server.log.statemachine.data.sync.timeout = 10s (default)
2019-09-12 11:55:24,031 [pool-60-thread-1] INFO  server.RaftServerConfigKeys (ConfUtils.java:logGet(43)) - raft.server.log.statemachine.data.sync.timeout.retry = -1 (default)
2019-09-12 11:55:24,031 [pool-60-thread-1] INFO  server.RaftServerConfigKeys (ConfUtils.java:logGet(43)) - raft.server.log.statemachine.data.caching.enabled = true (custom)
2019-09-12 11:55:24,032 [pool-60-thread-1] INFO  segmented.SegmentedRaftLogWorker (SegmentedRaftLogWorker.java:lambda$new$0(132)) - 5774a03e-6f88-4ed6-a57b-14b40bcf9480-SegmentedRaftLogWorker:Storage Directory /workdir/hadoop-ozone/tools/target/test-dir/MiniOzoneClusterImpl-68b3c2dd-7b99-4165-989a-193f9a99bda1/datanode-3/data/ratis/93e8aac4-09d7-4abd-b078-5621ad58ff12: flushIndex: setUnconditionally 0 -> -1
2019-09-12 11:55:24,032 [pool-60-thread-1] INFO  server.RaftServerConfigKeys (ConfUtils.java:logGet(43)) - raft.server.snapshot.auto.trigger.enabled = true (custom)
2019-09-12 11:55:24,032 [pool-60-thread-1] INFO  server.RaftServerConfigKeys (ConfUtils.java:logGet(43)) - raft.server.snapshot.auto.trigger.threshold = 10000 (custom)
2019-09-12 11:55:24,033 [pool-60-thread-1] INFO  server.RaftServerConfigKeys (ConfUtils.java:logGet(43)) - raft.server.retrycache.expirytime = 600000ms (custom)
2019-09-12 11:55:24,033 [pool-60-thread-1] INFO  impl.RaftServerImpl (RaftServerImpl.java:start(180)) - 5774a03e-6f88-4ed6-a57b-14b40bcf9480: start group-5621AD58FF12
2019-09-12 11:55:24,033 [pool-60-thread-1] INFO  impl.RaftServerImpl (RaftServerImpl.java:setRole(171)) - 5774a03e-6f88-4ed6-a57b-14b40bcf9480:group-5621AD58FF12 changes role from null to FOLLOWER at term 0 for startAsFollower
2019-09-12 11:55:24,033 [pool-60-thread-1] INFO  impl.RoleInfo (RoleInfo.java:updateAndGet(143)) - 5774a03e-6f88-4ed6-a57b-14b40bcf9480: start FollowerState
2019-09-12 11:55:24,035 [pool-60-thread-1] INFO  util.JmxRegister (JmxRegister.java:tryRegister(44)) - Successfully registered JMX Bean with object name Ratis:service=RaftServer,group=group-5621AD58FF12,id=5774a03e-6f88-4ed6-a57b-14b40bcf9480
2019-09-12 11:55:24,054 [RatisPipelineUtilsThread] INFO  pipeline.PipelineStateManager (PipelineStateManager.java:addPipeline(56)) - Created pipeline Pipeline[ Id: 93e8aac4-09d7-4abd-b078-5621ad58ff12, Nodes: 5774a03e-6f88-4ed6-a57b-14b40bcf9480{ip: 192.168.157.195, host: pr-hdds-1569-xtfnx-3545843844, networkLocation: /default-rack, certSerialId: null}, Type:RATIS, Factor:ONE, State:OPEN]
2019-09-12 11:55:24,074 [grpc-default-executor-0] INFO  impl.RaftServerProxy (RaftServerProxy.java:addNew(89)) - 3721b0b4-2420-471b-8c71-d07221d0164f: addNew group-CF78058DD526:[3721b0b4-2420-471b-8c71-d07221d0164f:192.168.157.195:44599] returns group-CF78058DD526:java.util.concurrent.CompletableFuture@560cf948[Not completed]
2019-09-12 11:55:24,086 [pool-27-thread-1] INFO  impl.RaftServerImpl (RaftServerImpl.java:<init>(93)) - 3721b0b4-2420-471b-8c71-d07221d0164f: new RaftServerImpl for group-CF78058DD526:[3721b0b4-2420-471b-8c71-d07221d0164f:192.168.157.195:44599] with ContainerStateMachine:uninitialized
2019-09-12 11:55:24,086 [pool-27-thread-1] INFO  server.RaftServerConfigKeys (ConfUtils.java:logGet(43)) - raft.server.rpc.timeout.min = 5s (custom)
2019-09-12 11:55:24,086 [pool-27-thread-1] INFO  server.RaftServerConfigKeys (ConfUtils.java:logGet(43)) - raft.server.rpc.timeout.max = 5200ms (custom)
2019-09-12 11:55:24,086 [pool-27-thread-1] INFO  server.RaftServerConfigKeys (ConfUtils.java:logGet(43)) - raft.server.rpcslowness.timeout = 120s (custom)
2019-09-12 11:55:24,086 [pool-27-thread-1] INFO  server.RaftServerConfigKeys (ConfUtils.java:logGet(43)) - raft.server.sleep.deviation.threshold = 300 (default)
2019-09-12 11:55:24,087 [pool-27-thread-1] INFO  server.RaftServerConfigKeys (ConfUtils.java:logGet(43)) - raft.server.log.appender.install.snapshot.enabled = false (custom)
2019-09-12 11:55:24,087 [pool-27-thread-1] INFO  impl.RaftServerImpl (ServerState.java:<init>(105)) - 3721b0b4-2420-471b-8c71-d07221d0164f:group-CF78058DD526 ConfigurationManager, init=-1: [3721b0b4-2420-471b-8c71-d07221d0164f:192.168.157.195:44599], old=null, confs=<EMPTY_MAP>
2019-09-12 11:55:24,087 [pool-27-thread-1] INFO  server.RaftServerConfigKeys (ConfUtils.java:logGet(43)) - raft.server.storage.dir = [/workdir/hadoop-ozone/tools/target/test-dir/MiniOzoneClusterImpl-68b3c2dd-7b99-4165-989a-193f9a99bda1/datanode-0/data/ratis] (custom)
2019-09-12 11:55:24,087 [pool-27-thread-1] INFO  storage.RaftStorageDirectory (RaftStorageDirectory.java:analyzeStorage(246)) - The storage directory /workdir/hadoop-ozone/tools/target/test-dir/MiniOzoneClusterImpl-68b3c2dd-7b99-4165-989a-193f9a99bda1/datanode-0/data/ratis/85dfdf5d-52d3-4b25-a7be-cf78058dd526 does not exist. Creating ...
2019-09-12 11:55:24,109 [pool-27-thread-1] INFO  storage.RaftStorageDirectory (RaftStorageDirectory.java:tryLock(328)) - Lock on /workdir/hadoop-ozone/tools/target/test-dir/MiniOzoneClusterImpl-68b3c2dd-7b99-4165-989a-193f9a99bda1/datanode-0/data/ratis/85dfdf5d-52d3-4b25-a7be-cf78058dd526/in_use.lock acquired by nodename 19800@pr-hdds-1569-xtfnx-3545843844
2019-09-12 11:55:24,122 [pool-27-thread-1] INFO  storage.RaftStorage (RaftStorage.java:format(72)) - Storage directory /workdir/hadoop-ozone/tools/target/test-dir/MiniOzoneClusterImpl-68b3c2dd-7b99-4165-989a-193f9a99bda1/datanode-0/data/ratis/85dfdf5d-52d3-4b25-a7be-cf78058dd526 has been successfully formatted.
2019-09-12 11:55:24,122 [pool-27-thread-1] INFO  ratis.ContainerStateMachine (ContainerStateMachine.java:loadSnapshot(226)) - group-CF78058DD526: The snapshot info is null. Setting the last applied indexto:(t:0, i:~)
2019-09-12 11:55:24,122 [pool-27-thread-1] INFO  server.RaftServerConfigKeys (ConfUtils.java:logGet(43)) - raft.server.leader.election.timeout = 120s (custom)
2019-09-12 11:55:24,123 [pool-27-thread-1] INFO  server.RaftServerConfigKeys (ConfUtils.java:logGet(43)) - raft.server.log.use.memory = false (default)
2019-09-12 11:55:24,123 [pool-27-thread-1] INFO  server.RaftServerConfigKeys (ConfUtils.java:logGet(43)) - raft.server.log.purge.gap = 1000000 (custom)
2019-09-12 11:55:24,123 [pool-27-thread-1] INFO  server.RaftServerConfigKeys (ConfUtils.java:logGet(43)) - raft.server.log.appender.buffer.byte-limit = 33554432 (custom)
2019-09-12 11:55:24,123 [pool-27-thread-1] INFO  server.RaftServerConfigKeys (ConfUtils.java:logGet(43)) - raft.server.log.segment.size.max = 1048576 (custom)
2019-09-12 11:55:24,124 [pool-27-thread-1] INFO  server.RaftServerConfigKeys (ConfUtils.java:logGet(43)) - raft.server.log.segment.cache.num.max = 2 (custom)
2019-09-12 11:55:24,124 [pool-27-thread-1] INFO  segmented.SegmentedRaftLogWorker (SegmentedRaftLogWorker.java:<init>(172)) - new 3721b0b4-2420-471b-8c71-d07221d0164f-SegmentedRaftLogWorker:Storage Directory /workdir/hadoop-ozone/tools/target/test-dir/MiniOzoneClusterImpl-68b3c2dd-7b99-4165-989a-193f9a99bda1/datanode-0/data/ratis/85dfdf5d-52d3-4b25-a7be-cf78058dd526 for RaftStorage:Storage Directory /workdir/hadoop-ozone/tools/target/test-dir/MiniOzoneClusterImpl-68b3c2dd-7b99-4165-989a-193f9a99bda1/datanode-0/data/ratis/85dfdf5d-52d3-4b25-a7be-cf78058dd526
2019-09-12 11:55:24,124 [pool-27-thread-1] INFO  server.RaftServerConfigKeys (ConfUtils.java:logGet(43)) - raft.server.log.queue.byte-limit = 2147483647 (custom)
2019-09-12 11:55:24,124 [pool-27-thread-1] INFO  server.RaftServerConfigKeys (ConfUtils.java:logGet(43)) - raft.server.log.queue.element-limit = 1024 (custom)
2019-09-12 11:55:24,125 [pool-27-thread-1] INFO  server.RaftServerConfigKeys (ConfUtils.java:logGet(43)) - raft.server.log.segment.size.max = 1048576 (custom)
2019-09-12 11:55:24,125 [pool-27-thread-1] INFO  server.RaftServerConfigKeys (ConfUtils.java:logGet(43)) - raft.server.log.preallocated.size = 16384 (custom)
2019-09-12 11:55:24,125 [pool-27-thread-1] INFO  server.RaftServerConfigKeys (ConfUtils.java:logGet(43)) - raft.server.log.write.buffer.size = 33554432 (custom)
2019-09-12 11:55:24,125 [pool-27-thread-1] INFO  server.RaftServerConfigKeys (ConfUtils.java:logGet(43)) - raft.server.log.force.sync.num = 128 (default)
2019-09-12 11:55:24,125 [pool-27-thread-1] INFO  server.RaftServerConfigKeys (ConfUtils.java:logGet(43)) - raft.server.log.statemachine.data.sync = true (default)
2019-09-12 11:55:24,126 [pool-27-thread-1] INFO  server.RaftServerConfigKeys (ConfUtils.java:logGet(43)) - raft.server.log.statemachine.data.sync.timeout = 10s (default)
2019-09-12 11:55:24,126 [pool-27-thread-1] INFO  server.RaftServerConfigKeys (ConfUtils.java:logGet(43)) - raft.server.log.statemachine.data.sync.timeout.retry = -1 (default)
2019-09-12 11:55:24,126 [pool-27-thread-1] INFO  server.RaftServerConfigKeys (ConfUtils.java:logGet(43)) - raft.server.log.statemachine.data.caching.enabled = true (custom)
2019-09-12 11:55:24,127 [pool-27-thread-1] INFO  segmented.SegmentedRaftLogWorker (SegmentedRaftLogWorker.java:lambda$new$0(132)) - 3721b0b4-2420-471b-8c71-d07221d0164f-SegmentedRaftLogWorker:Storage Directory /workdir/hadoop-ozone/tools/target/test-dir/MiniOzoneClusterImpl-68b3c2dd-7b99-4165-989a-193f9a99bda1/datanode-0/data/ratis/85dfdf5d-52d3-4b25-a7be-cf78058dd526: flushIndex: setUnconditionally 0 -> -1
2019-09-12 11:55:24,127 [pool-27-thread-1] INFO  server.RaftServerConfigKeys (ConfUtils.java:logGet(43)) - raft.server.snapshot.auto.trigger.enabled = true (custom)
2019-09-12 11:55:24,127 [pool-27-thread-1] INFO  server.RaftServerConfigKeys (ConfUtils.java:logGet(43)) - raft.server.snapshot.auto.trigger.threshold = 10000 (custom)
2019-09-12 11:55:24,128 [pool-27-thread-1] INFO  server.RaftServerConfigKeys (ConfUtils.java:logGet(43)) - raft.server.retrycache.expirytime = 600000ms (custom)
2019-09-12 11:55:24,128 [pool-27-thread-1] INFO  impl.RaftServerImpl (RaftServerImpl.java:start(180)) - 3721b0b4-2420-471b-8c71-d07221d0164f: start group-CF78058DD526
2019-09-12 11:55:24,128 [pool-27-thread-1] INFO  impl.RaftServerImpl (RaftServerImpl.java:setRole(171)) - 3721b0b4-2420-471b-8c71-d07221d0164f:group-CF78058DD526 changes role from null to FOLLOWER at term 0 for startAsFollower
2019-09-12 11:55:24,129 [pool-27-thread-1] INFO  impl.RoleInfo (RoleInfo.java:updateAndGet(143)) - 3721b0b4-2420-471b-8c71-d07221d0164f: start FollowerState
2019-09-12 11:55:24,129 [pool-27-thread-1] INFO  util.JmxRegister (JmxRegister.java:tryRegister(44)) - Successfully registered JMX Bean with object name Ratis:service=RaftServer,group=group-CF78058DD526,id=3721b0b4-2420-471b-8c71-d07221d0164f
2019-09-12 11:55:24,142 [RatisPipelineUtilsThread] INFO  pipeline.PipelineStateManager (PipelineStateManager.java:addPipeline(56)) - Created pipeline Pipeline[ Id: 85dfdf5d-52d3-4b25-a7be-cf78058dd526, Nodes: 3721b0b4-2420-471b-8c71-d07221d0164f{ip: 192.168.157.195, host: pr-hdds-1569-xtfnx-3545843844, networkLocation: /default-rack, certSerialId: null}, Type:RATIS, Factor:ONE, State:OPEN]
2019-09-12 11:55:24,163 [grpc-default-executor-0] INFO  impl.RaftServerProxy (RaftServerProxy.java:addNew(89)) - 2571ad41-02e3-435e-b75a-0c7e86386881: addNew group-2FAB0E2CB13B:[2571ad41-02e3-435e-b75a-0c7e86386881:192.168.157.195:38484] returns group-2FAB0E2CB13B:java.util.concurrent.CompletableFuture@3e560b1b[Not completed]
2019-09-12 11:55:24,167 [pool-71-thread-1] INFO  impl.RaftServerImpl (RaftServerImpl.java:<init>(93)) - 2571ad41-02e3-435e-b75a-0c7e86386881: new RaftServerImpl for group-2FAB0E2CB13B:[2571ad41-02e3-435e-b75a-0c7e86386881:192.168.157.195:38484] with ContainerStateMachine:uninitialized
2019-09-12 11:55:24,167 [pool-71-thread-1] INFO  server.RaftServerConfigKeys (ConfUtils.java:logGet(43)) - raft.server.rpc.timeout.min = 5s (custom)
2019-09-12 11:55:24,167 [pool-71-thread-1] INFO  server.RaftServerConfigKeys (ConfUtils.java:logGet(43)) - raft.server.rpc.timeout.max = 5200ms (custom)
2019-09-12 11:55:24,167 [pool-71-thread-1] INFO  server.RaftServerConfigKeys (ConfUtils.java:logGet(43)) - raft.server.rpcslowness.timeout = 120s (custom)
2019-09-12 11:55:24,168 [pool-71-thread-1] INFO  server.RaftServerConfigKeys (ConfUtils.java:logGet(43)) - raft.server.sleep.deviation.threshold = 300 (default)
2019-09-12 11:55:24,168 [pool-71-thread-1] INFO  server.RaftServerConfigKeys (ConfUtils.java:logGet(43)) - raft.server.log.appender.install.snapshot.enabled = false (custom)
2019-09-12 11:55:24,168 [pool-71-thread-1] INFO  impl.RaftServerImpl (ServerState.java:<init>(105)) - 2571ad41-02e3-435e-b75a-0c7e86386881:group-2FAB0E2CB13B ConfigurationManager, init=-1: [2571ad41-02e3-435e-b75a-0c7e86386881:192.168.157.195:38484], old=null, confs=<EMPTY_MAP>
2019-09-12 11:55:24,168 [pool-71-thread-1] INFO  server.RaftServerConfigKeys (ConfUtils.java:logGet(43)) - raft.server.storage.dir = [/workdir/hadoop-ozone/tools/target/test-dir/MiniOzoneClusterImpl-68b3c2dd-7b99-4165-989a-193f9a99bda1/datanode-4/data/ratis] (custom)
2019-09-12 11:55:24,169 [pool-71-thread-1] INFO  storage.RaftStorageDirectory (RaftStorageDirectory.java:analyzeStorage(246)) - The storage directory /workdir/hadoop-ozone/tools/target/test-dir/MiniOzoneClusterImpl-68b3c2dd-7b99-4165-989a-193f9a99bda1/datanode-4/data/ratis/4515f7cb-a0c2-41eb-8148-2fab0e2cb13b does not exist. Creating ...
2019-09-12 11:55:24,183 [pool-71-thread-1] INFO  storage.RaftStorageDirectory (RaftStorageDirectory.java:tryLock(328)) - Lock on /workdir/hadoop-ozone/tools/target/test-dir/MiniOzoneClusterImpl-68b3c2dd-7b99-4165-989a-193f9a99bda1/datanode-4/data/ratis/4515f7cb-a0c2-41eb-8148-2fab0e2cb13b/in_use.lock acquired by nodename 19800@pr-hdds-1569-xtfnx-3545843844
2019-09-12 11:55:24,196 [pool-71-thread-1] INFO  storage.RaftStorage (RaftStorage.java:format(72)) - Storage directory /workdir/hadoop-ozone/tools/target/test-dir/MiniOzoneClusterImpl-68b3c2dd-7b99-4165-989a-193f9a99bda1/datanode-4/data/ratis/4515f7cb-a0c2-41eb-8148-2fab0e2cb13b has been successfully formatted.
2019-09-12 11:55:24,196 [pool-71-thread-1] INFO  ratis.ContainerStateMachine (ContainerStateMachine.java:loadSnapshot(226)) - group-2FAB0E2CB13B: The snapshot info is null. Setting the last applied indexto:(t:0, i:~)
2019-09-12 11:55:24,196 [pool-71-thread-1] INFO  server.RaftServerConfigKeys (ConfUtils.java:logGet(43)) - raft.server.leader.election.timeout = 120s (custom)
2019-09-12 11:55:24,197 [pool-71-thread-1] INFO  server.RaftServerConfigKeys (ConfUtils.java:logGet(43)) - raft.server.log.use.memory = false (default)
2019-09-12 11:55:24,197 [pool-71-thread-1] INFO  server.RaftServerConfigKeys (ConfUtils.java:logGet(43)) - raft.server.log.purge.gap = 1000000 (custom)
2019-09-12 11:55:24,197 [pool-71-thread-1] INFO  server.RaftServerConfigKeys (ConfUtils.java:logGet(43)) - raft.server.log.appender.buffer.byte-limit = 33554432 (custom)
2019-09-12 11:55:24,197 [pool-71-thread-1] INFO  server.RaftServerConfigKeys (ConfUtils.java:logGet(43)) - raft.server.log.segment.size.max = 1048576 (custom)
2019-09-12 11:55:24,197 [pool-71-thread-1] INFO  server.RaftServerConfigKeys (ConfUtils.java:logGet(43)) - raft.server.log.segment.cache.num.max = 2 (custom)
2019-09-12 11:55:24,197 [pool-71-thread-1] INFO  segmented.SegmentedRaftLogWorker (SegmentedRaftLogWorker.java:<init>(172)) - new 2571ad41-02e3-435e-b75a-0c7e86386881-SegmentedRaftLogWorker:Storage Directory /workdir/hadoop-ozone/tools/target/test-dir/MiniOzoneClusterImpl-68b3c2dd-7b99-4165-989a-193f9a99bda1/datanode-4/data/ratis/4515f7cb-a0c2-41eb-8148-2fab0e2cb13b for RaftStorage:Storage Directory /workdir/hadoop-ozone/tools/target/test-dir/MiniOzoneClusterImpl-68b3c2dd-7b99-4165-989a-193f9a99bda1/datanode-4/data/ratis/4515f7cb-a0c2-41eb-8148-2fab0e2cb13b
2019-09-12 11:55:24,198 [pool-71-thread-1] INFO  server.RaftServerConfigKeys (ConfUtils.java:logGet(43)) - raft.server.log.queue.byte-limit = 2147483647 (custom)
2019-09-12 11:55:24,198 [pool-71-thread-1] INFO  server.RaftServerConfigKeys (ConfUtils.java:logGet(43)) - raft.server.log.queue.element-limit = 1024 (custom)
2019-09-12 11:55:24,198 [pool-71-thread-1] INFO  server.RaftServerConfigKeys (ConfUtils.java:logGet(43)) - raft.server.log.segment.size.max = 1048576 (custom)
2019-09-12 11:55:24,198 [pool-71-thread-1] INFO  server.RaftServerConfigKeys (ConfUtils.java:logGet(43)) - raft.server.log.preallocated.size = 16384 (custom)
2019-09-12 11:55:24,199 [pool-71-thread-1] INFO  server.RaftServerConfigKeys (ConfUtils.java:logGet(43)) - raft.server.log.write.buffer.size = 33554432 (custom)
2019-09-12 11:55:24,199 [pool-71-thread-1] INFO  server.RaftServerConfigKeys (ConfUtils.java:logGet(43)) - raft.server.log.force.sync.num = 128 (default)
2019-09-12 11:55:24,199 [pool-71-thread-1] INFO  server.RaftServerConfigKeys (ConfUtils.java:logGet(43)) - raft.server.log.statemachine.data.sync = true (default)
2019-09-12 11:55:24,199 [pool-71-thread-1] INFO  server.RaftServerConfigKeys (ConfUtils.java:logGet(43)) - raft.server.log.statemachine.data.sync.timeout = 10s (default)
2019-09-12 11:55:24,199 [pool-71-thread-1] INFO  server.RaftServerConfigKeys (ConfUtils.java:logGet(43)) - raft.server.log.statemachine.data.sync.timeout.retry = -1 (default)
2019-09-12 11:55:24,200 [pool-71-thread-1] INFO  server.RaftServerConfigKeys (ConfUtils.java:logGet(43)) - raft.server.log.statemachine.data.caching.enabled = true (custom)
2019-09-12 11:55:24,200 [pool-71-thread-1] INFO  segmented.SegmentedRaftLogWorker (SegmentedRaftLogWorker.java:lambda$new$0(132)) - 2571ad41-02e3-435e-b75a-0c7e86386881-SegmentedRaftLogWorker:Storage Directory /workdir/hadoop-ozone/tools/target/test-dir/MiniOzoneClusterImpl-68b3c2dd-7b99-4165-989a-193f9a99bda1/datanode-4/data/ratis/4515f7cb-a0c2-41eb-8148-2fab0e2cb13b: flushIndex: setUnconditionally 0 -> -1
2019-09-12 11:55:24,200 [pool-71-thread-1] INFO  server.RaftServerConfigKeys (ConfUtils.java:logGet(43)) - raft.server.snapshot.auto.trigger.enabled = true (custom)
2019-09-12 11:55:24,201 [pool-71-thread-1] INFO  server.RaftServerConfigKeys (ConfUtils.java:logGet(43)) - raft.server.snapshot.auto.trigger.threshold = 10000 (custom)
2019-09-12 11:55:24,201 [pool-71-thread-1] INFO  server.RaftServerConfigKeys (ConfUtils.java:logGet(43)) - raft.server.retrycache.expirytime = 600000ms (custom)
2019-09-12 11:55:24,201 [pool-71-thread-1] INFO  impl.RaftServerImpl (RaftServerImpl.java:start(180)) - 2571ad41-02e3-435e-b75a-0c7e86386881: start group-2FAB0E2CB13B
2019-09-12 11:55:24,201 [pool-71-thread-1] INFO  impl.RaftServerImpl (RaftServerImpl.java:setRole(171)) - 2571ad41-02e3-435e-b75a-0c7e86386881:group-2FAB0E2CB13B changes role from null to FOLLOWER at term 0 for startAsFollower
2019-09-12 11:55:24,201 [pool-71-thread-1] INFO  impl.RoleInfo (RoleInfo.java:updateAndGet(143)) - 2571ad41-02e3-435e-b75a-0c7e86386881: start FollowerState
2019-09-12 11:55:24,202 [pool-71-thread-1] INFO  util.JmxRegister (JmxRegister.java:tryRegister(44)) - Successfully registered JMX Bean with object name Ratis:service=RaftServer,group=group-2FAB0E2CB13B,id=2571ad41-02e3-435e-b75a-0c7e86386881
2019-09-12 11:55:24,215 [RatisPipelineUtilsThread] INFO  pipeline.PipelineStateManager (PipelineStateManager.java:addPipeline(56)) - Created pipeline Pipeline[ Id: 4515f7cb-a0c2-41eb-8148-2fab0e2cb13b, Nodes: 2571ad41-02e3-435e-b75a-0c7e86386881{ip: 192.168.157.195, host: pr-hdds-1569-xtfnx-3545843844, networkLocation: /default-rack, certSerialId: null}, Type:RATIS, Factor:ONE, State:OPEN]
2019-09-12 11:55:24,247 [grpc-default-executor-0] INFO  impl.RaftServerProxy (RaftServerProxy.java:addNew(89)) - 3721b0b4-2420-471b-8c71-d07221d0164f: addNew group-1B5614810C6E:[3721b0b4-2420-471b-8c71-d07221d0164f:192.168.157.195:44599] returns group-1B5614810C6E:java.util.concurrent.CompletableFuture@1146f9b3[Not completed]
2019-09-12 11:55:24,249 [pool-27-thread-1] INFO  impl.RaftServerImpl (RaftServerImpl.java:<init>(93)) - 3721b0b4-2420-471b-8c71-d07221d0164f: new RaftServerImpl for group-1B5614810C6E:[3721b0b4-2420-471b-8c71-d07221d0164f:192.168.157.195:44599] with ContainerStateMachine:uninitialized
2019-09-12 11:55:24,249 [pool-27-thread-1] INFO  server.RaftServerConfigKeys (ConfUtils.java:logGet(43)) - raft.server.rpc.timeout.min = 5s (custom)
2019-09-12 11:55:24,249 [pool-27-thread-1] INFO  server.RaftServerConfigKeys (ConfUtils.java:logGet(43)) - raft.server.rpc.timeout.max = 5200ms (custom)
2019-09-12 11:55:24,250 [pool-27-thread-1] INFO  server.RaftServerConfigKeys (ConfUtils.java:logGet(43)) - raft.server.rpcslowness.timeout = 120s (custom)
2019-09-12 11:55:24,250 [pool-27-thread-1] INFO  server.RaftServerConfigKeys (ConfUtils.java:logGet(43)) - raft.server.sleep.deviation.threshold = 300 (default)
2019-09-12 11:55:24,250 [pool-27-thread-1] INFO  server.RaftServerConfigKeys (ConfUtils.java:logGet(43)) - raft.server.log.appender.install.snapshot.enabled = false (custom)
2019-09-12 11:55:24,250 [pool-27-thread-1] INFO  impl.RaftServerImpl (ServerState.java:<init>(105)) - 3721b0b4-2420-471b-8c71-d07221d0164f:group-1B5614810C6E ConfigurationManager, init=-1: [3721b0b4-2420-471b-8c71-d07221d0164f:192.168.157.195:44599], old=null, confs=<EMPTY_MAP>
2019-09-12 11:55:24,250 [pool-27-thread-1] INFO  server.RaftServerConfigKeys (ConfUtils.java:logGet(43)) - raft.server.storage.dir = [/workdir/hadoop-ozone/tools/target/test-dir/MiniOzoneClusterImpl-68b3c2dd-7b99-4165-989a-193f9a99bda1/datanode-0/data/ratis] (custom)
2019-09-12 11:55:24,251 [pool-27-thread-1] INFO  storage.RaftStorageDirectory (RaftStorageDirectory.java:analyzeStorage(246)) - The storage directory /workdir/hadoop-ozone/tools/target/test-dir/MiniOzoneClusterImpl-68b3c2dd-7b99-4165-989a-193f9a99bda1/datanode-0/data/ratis/0413773c-7b4a-4eaf-8569-1b5614810c6e does not exist. Creating ...
2019-09-12 11:55:24,269 [pool-27-thread-1] INFO  storage.RaftStorageDirectory (RaftStorageDirectory.java:tryLock(328)) - Lock on /workdir/hadoop-ozone/tools/target/test-dir/MiniOzoneClusterImpl-68b3c2dd-7b99-4165-989a-193f9a99bda1/datanode-0/data/ratis/0413773c-7b4a-4eaf-8569-1b5614810c6e/in_use.lock acquired by nodename 19800@pr-hdds-1569-xtfnx-3545843844
2019-09-12 11:55:24,299 [pool-27-thread-1] INFO  storage.RaftStorage (RaftStorage.java:format(72)) - Storage directory /workdir/hadoop-ozone/tools/target/test-dir/MiniOzoneClusterImpl-68b3c2dd-7b99-4165-989a-193f9a99bda1/datanode-0/data/ratis/0413773c-7b4a-4eaf-8569-1b5614810c6e has been successfully formatted.
2019-09-12 11:55:24,300 [pool-27-thread-1] INFO  ratis.ContainerStateMachine (ContainerStateMachine.java:loadSnapshot(226)) - group-1B5614810C6E: The snapshot info is null. Setting the last applied indexto:(t:0, i:~)
2019-09-12 11:55:24,300 [pool-27-thread-1] INFO  server.RaftServerConfigKeys (ConfUtils.java:logGet(43)) - raft.server.leader.election.timeout = 120s (custom)
2019-09-12 11:55:24,300 [pool-27-thread-1] INFO  server.RaftServerConfigKeys (ConfUtils.java:logGet(43)) - raft.server.log.use.memory = false (default)
2019-09-12 11:55:24,300 [pool-27-thread-1] INFO  server.RaftServerConfigKeys (ConfUtils.java:logGet(43)) - raft.server.log.purge.gap = 1000000 (custom)
2019-09-12 11:55:24,301 [pool-27-thread-1] INFO  server.RaftServerConfigKeys (ConfUtils.java:logGet(43)) - raft.server.log.appender.buffer.byte-limit = 33554432 (custom)
2019-09-12 11:55:24,301 [pool-27-thread-1] INFO  server.RaftServerConfigKeys (ConfUtils.java:logGet(43)) - raft.server.log.segment.size.max = 1048576 (custom)
2019-09-12 11:55:24,301 [pool-27-thread-1] INFO  server.RaftServerConfigKeys (ConfUtils.java:logGet(43)) - raft.server.log.segment.cache.num.max = 2 (custom)
2019-09-12 11:55:24,301 [pool-27-thread-1] INFO  segmented.SegmentedRaftLogWorker (SegmentedRaftLogWorker.java:<init>(172)) - new 3721b0b4-2420-471b-8c71-d07221d0164f-SegmentedRaftLogWorker:Storage Directory /workdir/hadoop-ozone/tools/target/test-dir/MiniOzoneClusterImpl-68b3c2dd-7b99-4165-989a-193f9a99bda1/datanode-0/data/ratis/0413773c-7b4a-4eaf-8569-1b5614810c6e for RaftStorage:Storage Directory /workdir/hadoop-ozone/tools/target/test-dir/MiniOzoneClusterImpl-68b3c2dd-7b99-4165-989a-193f9a99bda1/datanode-0/data/ratis/0413773c-7b4a-4eaf-8569-1b5614810c6e
2019-09-12 11:55:24,301 [pool-27-thread-1] INFO  server.RaftServerConfigKeys (ConfUtils.java:logGet(43)) - raft.server.log.queue.byte-limit = 2147483647 (custom)
2019-09-12 11:55:24,302 [pool-27-thread-1] INFO  server.RaftServerConfigKeys (ConfUtils.java:logGet(43)) - raft.server.log.queue.element-limit = 1024 (custom)
2019-09-12 11:55:24,302 [pool-27-thread-1] INFO  server.RaftServerConfigKeys (ConfUtils.java:logGet(43)) - raft.server.log.segment.size.max = 1048576 (custom)
2019-09-12 11:55:24,302 [pool-27-thread-1] INFO  server.RaftServerConfigKeys (ConfUtils.java:logGet(43)) - raft.server.log.preallocated.size = 16384 (custom)
2019-09-12 11:55:24,302 [pool-27-thread-1] INFO  server.RaftServerConfigKeys (ConfUtils.java:logGet(43)) - raft.server.log.write.buffer.size = 33554432 (custom)
2019-09-12 11:55:24,303 [pool-27-thread-1] INFO  server.RaftServerConfigKeys (ConfUtils.java:logGet(43)) - raft.server.log.force.sync.num = 128 (default)
2019-09-12 11:55:24,303 [pool-27-thread-1] INFO  server.RaftServerConfigKeys (ConfUtils.java:logGet(43)) - raft.server.log.statemachine.data.sync = true (default)
2019-09-12 11:55:24,303 [pool-27-thread-1] INFO  server.RaftServerConfigKeys (ConfUtils.java:logGet(43)) - raft.server.log.statemachine.data.sync.timeout = 10s (default)
2019-09-12 11:55:24,303 [pool-27-thread-1] INFO  server.RaftServerConfigKeys (ConfUtils.java:logGet(43)) - raft.server.log.statemachine.data.sync.timeout.retry = -1 (default)
2019-09-12 11:55:24,304 [pool-27-thread-1] INFO  server.RaftServerConfigKeys (ConfUtils.java:logGet(43)) - raft.server.log.statemachine.data.caching.enabled = true (custom)
2019-09-12 11:55:24,304 [pool-27-thread-1] INFO  segmented.SegmentedRaftLogWorker (SegmentedRaftLogWorker.java:lambda$new$0(132)) - 3721b0b4-2420-471b-8c71-d07221d0164f-SegmentedRaftLogWorker:Storage Directory /workdir/hadoop-ozone/tools/target/test-dir/MiniOzoneClusterImpl-68b3c2dd-7b99-4165-989a-193f9a99bda1/datanode-0/data/ratis/0413773c-7b4a-4eaf-8569-1b5614810c6e: flushIndex: setUnconditionally 0 -> -1
2019-09-12 11:55:24,304 [pool-27-thread-1] INFO  server.RaftServerConfigKeys (ConfUtils.java:logGet(43)) - raft.server.snapshot.auto.trigger.enabled = true (custom)
2019-09-12 11:55:24,305 [pool-27-thread-1] INFO  server.RaftServerConfigKeys (ConfUtils.java:logGet(43)) - raft.server.snapshot.auto.trigger.threshold = 10000 (custom)
2019-09-12 11:55:24,305 [pool-27-thread-1] INFO  server.RaftServerConfigKeys (ConfUtils.java:logGet(43)) - raft.server.retrycache.expirytime = 600000ms (custom)
2019-09-12 11:55:24,305 [pool-27-thread-1] INFO  impl.RaftServerImpl (RaftServerImpl.java:start(180)) - 3721b0b4-2420-471b-8c71-d07221d0164f: start group-1B5614810C6E
2019-09-12 11:55:24,305 [pool-27-thread-1] INFO  impl.RaftServerImpl (RaftServerImpl.java:setRole(171)) - 3721b0b4-2420-471b-8c71-d07221d0164f:group-1B5614810C6E changes role from null to FOLLOWER at term 0 for startAsFollower
2019-09-12 11:55:24,306 [pool-27-thread-1] INFO  impl.RoleInfo (RoleInfo.java:updateAndGet(143)) - 3721b0b4-2420-471b-8c71-d07221d0164f: start FollowerState
2019-09-12 11:55:24,306 [pool-27-thread-1] INFO  util.JmxRegister (JmxRegister.java:tryRegister(44)) - Successfully registered JMX Bean with object name Ratis:service=RaftServer,group=group-1B5614810C6E,id=3721b0b4-2420-471b-8c71-d07221d0164f
2019-09-12 11:55:24,319 [RatisPipelineUtilsThread] INFO  pipeline.PipelineStateManager (PipelineStateManager.java:addPipeline(56)) - Created pipeline Pipeline[ Id: 0413773c-7b4a-4eaf-8569-1b5614810c6e, Nodes: 3721b0b4-2420-471b-8c71-d07221d0164f{ip: 192.168.157.195, host: pr-hdds-1569-xtfnx-3545843844, networkLocation: /default-rack, certSerialId: null}, Type:RATIS, Factor:ONE, State:OPEN]
2019-09-12 11:55:24,340 [grpc-default-executor-0] INFO  impl.RaftServerProxy (RaftServerProxy.java:addNew(89)) - 3721b0b4-2420-471b-8c71-d07221d0164f: addNew group-BAA1845B1A83:[3721b0b4-2420-471b-8c71-d07221d0164f:192.168.157.195:44599] returns group-BAA1845B1A83:java.util.concurrent.CompletableFuture@6c2ff7d2[Not completed]
2019-09-12 11:55:24,342 [pool-27-thread-1] INFO  impl.RaftServerImpl (RaftServerImpl.java:<init>(93)) - 3721b0b4-2420-471b-8c71-d07221d0164f: new RaftServerImpl for group-BAA1845B1A83:[3721b0b4-2420-471b-8c71-d07221d0164f:192.168.157.195:44599] with ContainerStateMachine:uninitialized
2019-09-12 11:55:24,342 [pool-27-thread-1] INFO  server.RaftServerConfigKeys (ConfUtils.java:logGet(43)) - raft.server.rpc.timeout.min = 5s (custom)
2019-09-12 11:55:24,342 [pool-27-thread-1] INFO  server.RaftServerConfigKeys (ConfUtils.java:logGet(43)) - raft.server.rpc.timeout.max = 5200ms (custom)
2019-09-12 11:55:24,343 [pool-27-thread-1] INFO  server.RaftServerConfigKeys (ConfUtils.java:logGet(43)) - raft.server.rpcslowness.timeout = 120s (custom)
2019-09-12 11:55:24,343 [pool-27-thread-1] INFO  server.RaftServerConfigKeys (ConfUtils.java:logGet(43)) - raft.server.sleep.deviation.threshold = 300 (default)
2019-09-12 11:55:24,343 [pool-27-thread-1] INFO  server.RaftServerConfigKeys (ConfUtils.java:logGet(43)) - raft.server.log.appender.install.snapshot.enabled = false (custom)
2019-09-12 11:55:24,343 [pool-27-thread-1] INFO  impl.RaftServerImpl (ServerState.java:<init>(105)) - 3721b0b4-2420-471b-8c71-d07221d0164f:group-BAA1845B1A83 ConfigurationManager, init=-1: [3721b0b4-2420-471b-8c71-d07221d0164f:192.168.157.195:44599], old=null, confs=<EMPTY_MAP>
2019-09-12 11:55:24,343 [pool-27-thread-1] INFO  server.RaftServerConfigKeys (ConfUtils.java:logGet(43)) - raft.server.storage.dir = [/workdir/hadoop-ozone/tools/target/test-dir/MiniOzoneClusterImpl-68b3c2dd-7b99-4165-989a-193f9a99bda1/datanode-0/data/ratis] (custom)
2019-09-12 11:55:24,344 [pool-27-thread-1] INFO  storage.RaftStorageDirectory (RaftStorageDirectory.java:analyzeStorage(246)) - The storage directory /workdir/hadoop-ozone/tools/target/test-dir/MiniOzoneClusterImpl-68b3c2dd-7b99-4165-989a-193f9a99bda1/datanode-0/data/ratis/3af03c8c-f72b-4dff-91a3-baa1845b1a83 does not exist. Creating ...
2019-09-12 11:55:24,357 [pool-27-thread-1] INFO  storage.RaftStorageDirectory (RaftStorageDirectory.java:tryLock(328)) - Lock on /workdir/hadoop-ozone/tools/target/test-dir/MiniOzoneClusterImpl-68b3c2dd-7b99-4165-989a-193f9a99bda1/datanode-0/data/ratis/3af03c8c-f72b-4dff-91a3-baa1845b1a83/in_use.lock acquired by nodename 19800@pr-hdds-1569-xtfnx-3545843844
2019-09-12 11:55:24,370 [pool-27-thread-1] INFO  storage.RaftStorage (RaftStorage.java:format(72)) - Storage directory /workdir/hadoop-ozone/tools/target/test-dir/MiniOzoneClusterImpl-68b3c2dd-7b99-4165-989a-193f9a99bda1/datanode-0/data/ratis/3af03c8c-f72b-4dff-91a3-baa1845b1a83 has been successfully formatted.
2019-09-12 11:55:24,371 [pool-27-thread-1] INFO  ratis.ContainerStateMachine (ContainerStateMachine.java:loadSnapshot(226)) - group-BAA1845B1A83: The snapshot info is null. Setting the last applied indexto:(t:0, i:~)
2019-09-12 11:55:24,371 [pool-27-thread-1] INFO  server.RaftServerConfigKeys (ConfUtils.java:logGet(43)) - raft.server.leader.election.timeout = 120s (custom)
2019-09-12 11:55:24,371 [pool-27-thread-1] INFO  server.RaftServerConfigKeys (ConfUtils.java:logGet(43)) - raft.server.log.use.memory = false (default)
2019-09-12 11:55:24,371 [pool-27-thread-1] INFO  server.RaftServerConfigKeys (ConfUtils.java:logGet(43)) - raft.server.log.purge.gap = 1000000 (custom)
2019-09-12 11:55:24,371 [pool-27-thread-1] INFO  server.RaftServerConfigKeys (ConfUtils.java:logGet(43)) - raft.server.log.appender.buffer.byte-limit = 33554432 (custom)
2019-09-12 11:55:24,372 [pool-27-thread-1] INFO  server.RaftServerConfigKeys (ConfUtils.java:logGet(43)) - raft.server.log.segment.size.max = 1048576 (custom)
2019-09-12 11:55:24,372 [pool-27-thread-1] INFO  server.RaftServerConfigKeys (ConfUtils.java:logGet(43)) - raft.server.log.segment.cache.num.max = 2 (custom)
2019-09-12 11:55:24,372 [pool-27-thread-1] INFO  segmented.SegmentedRaftLogWorker (SegmentedRaftLogWorker.java:<init>(172)) - new 3721b0b4-2420-471b-8c71-d07221d0164f-SegmentedRaftLogWorker:Storage Directory /workdir/hadoop-ozone/tools/target/test-dir/MiniOzoneClusterImpl-68b3c2dd-7b99-4165-989a-193f9a99bda1/datanode-0/data/ratis/3af03c8c-f72b-4dff-91a3-baa1845b1a83 for RaftStorage:Storage Directory /workdir/hadoop-ozone/tools/target/test-dir/MiniOzoneClusterImpl-68b3c2dd-7b99-4165-989a-193f9a99bda1/datanode-0/data/ratis/3af03c8c-f72b-4dff-91a3-baa1845b1a83
2019-09-12 11:55:24,372 [pool-27-thread-1] INFO  server.RaftServerConfigKeys (ConfUtils.java:logGet(43)) - raft.server.log.queue.byte-limit = 2147483647 (custom)
2019-09-12 11:55:24,372 [pool-27-thread-1] INFO  server.RaftServerConfigKeys (ConfUtils.java:logGet(43)) - raft.server.log.queue.element-limit = 1024 (custom)
2019-09-12 11:55:24,373 [pool-27-thread-1] INFO  server.RaftServerConfigKeys (ConfUtils.java:logGet(43)) - raft.server.log.segment.size.max = 1048576 (custom)
2019-09-12 11:55:24,373 [pool-27-thread-1] INFO  server.RaftServerConfigKeys (ConfUtils.java:logGet(43)) - raft.server.log.preallocated.size = 16384 (custom)
2019-09-12 11:55:24,373 [pool-27-thread-1] INFO  server.RaftServerConfigKeys (ConfUtils.java:logGet(43)) - raft.server.log.write.buffer.size = 33554432 (custom)
2019-09-12 11:55:24,373 [pool-27-thread-1] INFO  server.RaftServerConfigKeys (ConfUtils.java:logGet(43)) - raft.server.log.force.sync.num = 128 (default)
2019-09-12 11:55:24,373 [pool-27-thread-1] INFO  server.RaftServerConfigKeys (ConfUtils.java:logGet(43)) - raft.server.log.statemachine.data.sync = true (default)
2019-09-12 11:55:24,374 [pool-27-thread-1] INFO  server.RaftServerConfigKeys (ConfUtils.java:logGet(43)) - raft.server.log.statemachine.data.sync.timeout = 10s (default)
2019-09-12 11:55:24,374 [pool-27-thread-1] INFO  server.RaftServerConfigKeys (ConfUtils.java:logGet(43)) - raft.server.log.statemachine.data.sync.timeout.retry = -1 (default)
2019-09-12 11:55:24,374 [pool-27-thread-1] INFO  server.RaftServerConfigKeys (ConfUtils.java:logGet(43)) - raft.server.log.statemachine.data.caching.enabled = true (custom)
2019-09-12 11:55:24,374 [pool-27-thread-1] INFO  segmented.SegmentedRaftLogWorker (SegmentedRaftLogWorker.java:lambda$new$0(132)) - 3721b0b4-2420-471b-8c71-d07221d0164f-SegmentedRaftLogWorker:Storage Directory /workdir/hadoop-ozone/tools/target/test-dir/MiniOzoneClusterImpl-68b3c2dd-7b99-4165-989a-193f9a99bda1/datanode-0/data/ratis/3af03c8c-f72b-4dff-91a3-baa1845b1a83: flushIndex: setUnconditionally 0 -> -1
2019-09-12 11:55:24,375 [pool-27-thread-1] INFO  server.RaftServerConfigKeys (ConfUtils.java:logGet(43)) - raft.server.snapshot.auto.trigger.enabled = true (custom)
2019-09-12 11:55:24,375 [pool-27-thread-1] INFO  server.RaftServerConfigKeys (ConfUtils.java:logGet(43)) - raft.server.snapshot.auto.trigger.threshold = 10000 (custom)
2019-09-12 11:55:24,376 [pool-27-thread-1] INFO  server.RaftServerConfigKeys (ConfUtils.java:logGet(43)) - raft.server.retrycache.expirytime = 600000ms (custom)
2019-09-12 11:55:24,376 [pool-27-thread-1] INFO  impl.RaftServerImpl (RaftServerImpl.java:start(180)) - 3721b0b4-2420-471b-8c71-d07221d0164f: start group-BAA1845B1A83
2019-09-12 11:55:24,376 [pool-27-thread-1] INFO  impl.RaftServerImpl (RaftServerImpl.java:setRole(171)) - 3721b0b4-2420-471b-8c71-d07221d0164f:group-BAA1845B1A83 changes role from null to FOLLOWER at term 0 for startAsFollower
2019-09-12 11:55:24,376 [pool-27-thread-1] INFO  impl.RoleInfo (RoleInfo.java:updateAndGet(143)) - 3721b0b4-2420-471b-8c71-d07221d0164f: start FollowerState
2019-09-12 11:55:24,377 [pool-27-thread-1] INFO  util.JmxRegister (JmxRegister.java:tryRegister(44)) - Successfully registered JMX Bean with object name Ratis:service=RaftServer,group=group-BAA1845B1A83,id=3721b0b4-2420-471b-8c71-d07221d0164f
2019-09-12 11:55:24,391 [RatisPipelineUtilsThread] INFO  pipeline.PipelineStateManager (PipelineStateManager.java:addPipeline(56)) - Created pipeline Pipeline[ Id: 3af03c8c-f72b-4dff-91a3-baa1845b1a83, Nodes: 3721b0b4-2420-471b-8c71-d07221d0164f{ip: 192.168.157.195, host: pr-hdds-1569-xtfnx-3545843844, networkLocation: /default-rack, certSerialId: null}, Type:RATIS, Factor:ONE, State:OPEN]
2019-09-12 11:55:24,404 [grpc-default-executor-0] INFO  impl.RaftServerProxy (RaftServerProxy.java:addNew(89)) - 5774a03e-6f88-4ed6-a57b-14b40bcf9480: addNew group-8C7C2CADA6FC:[5774a03e-6f88-4ed6-a57b-14b40bcf9480:192.168.157.195:42494] returns group-8C7C2CADA6FC:java.util.concurrent.CompletableFuture@4e3e46c4[Not completed]
2019-09-12 11:55:24,406 [pool-60-thread-1] INFO  impl.RaftServerImpl (RaftServerImpl.java:<init>(93)) - 5774a03e-6f88-4ed6-a57b-14b40bcf9480: new RaftServerImpl for group-8C7C2CADA6FC:[5774a03e-6f88-4ed6-a57b-14b40bcf9480:192.168.157.195:42494] with ContainerStateMachine:uninitialized
2019-09-12 11:55:24,406 [pool-60-thread-1] INFO  server.RaftServerConfigKeys (ConfUtils.java:logGet(43)) - raft.server.rpc.timeout.min = 5s (custom)
2019-09-12 11:55:24,407 [pool-60-thread-1] INFO  server.RaftServerConfigKeys (ConfUtils.java:logGet(43)) - raft.server.rpc.timeout.max = 5200ms (custom)
2019-09-12 11:55:24,407 [pool-60-thread-1] INFO  server.RaftServerConfigKeys (ConfUtils.java:logGet(43)) - raft.server.rpcslowness.timeout = 120s (custom)
2019-09-12 11:55:24,407 [pool-60-thread-1] INFO  server.RaftServerConfigKeys (ConfUtils.java:logGet(43)) - raft.server.sleep.deviation.threshold = 300 (default)
2019-09-12 11:55:24,407 [pool-60-thread-1] INFO  server.RaftServerConfigKeys (ConfUtils.java:logGet(43)) - raft.server.log.appender.install.snapshot.enabled = false (custom)
2019-09-12 11:55:24,407 [pool-60-thread-1] INFO  impl.RaftServerImpl (ServerState.java:<init>(105)) - 5774a03e-6f88-4ed6-a57b-14b40bcf9480:group-8C7C2CADA6FC ConfigurationManager, init=-1: [5774a03e-6f88-4ed6-a57b-14b40bcf9480:192.168.157.195:42494], old=null, confs=<EMPTY_MAP>
2019-09-12 11:55:24,408 [pool-60-thread-1] INFO  server.RaftServerConfigKeys (ConfUtils.java:logGet(43)) - raft.server.storage.dir = [/workdir/hadoop-ozone/tools/target/test-dir/MiniOzoneClusterImpl-68b3c2dd-7b99-4165-989a-193f9a99bda1/datanode-3/data/ratis] (custom)
2019-09-12 11:55:24,408 [pool-60-thread-1] INFO  storage.RaftStorageDirectory (RaftStorageDirectory.java:analyzeStorage(246)) - The storage directory /workdir/hadoop-ozone/tools/target/test-dir/MiniOzoneClusterImpl-68b3c2dd-7b99-4165-989a-193f9a99bda1/datanode-3/data/ratis/c687a943-750d-4903-928d-8c7c2cada6fc does not exist. Creating ...
2019-09-12 11:55:24,421 [pool-60-thread-1] INFO  storage.RaftStorageDirectory (RaftStorageDirectory.java:tryLock(328)) - Lock on /workdir/hadoop-ozone/tools/target/test-dir/MiniOzoneClusterImpl-68b3c2dd-7b99-4165-989a-193f9a99bda1/datanode-3/data/ratis/c687a943-750d-4903-928d-8c7c2cada6fc/in_use.lock acquired by nodename 19800@pr-hdds-1569-xtfnx-3545843844
2019-09-12 11:55:24,434 [pool-60-thread-1] INFO  storage.RaftStorage (RaftStorage.java:format(72)) - Storage directory /workdir/hadoop-ozone/tools/target/test-dir/MiniOzoneClusterImpl-68b3c2dd-7b99-4165-989a-193f9a99bda1/datanode-3/data/ratis/c687a943-750d-4903-928d-8c7c2cada6fc has been successfully formatted.
2019-09-12 11:55:24,434 [pool-60-thread-1] INFO  ratis.ContainerStateMachine (ContainerStateMachine.java:loadSnapshot(226)) - group-8C7C2CADA6FC: The snapshot info is null. Setting the last applied indexto:(t:0, i:~)
2019-09-12 11:55:24,434 [pool-60-thread-1] INFO  server.RaftServerConfigKeys (ConfUtils.java:logGet(43)) - raft.server.leader.election.timeout = 120s (custom)
2019-09-12 11:55:24,434 [pool-60-thread-1] INFO  server.RaftServerConfigKeys (ConfUtils.java:logGet(43)) - raft.server.log.use.memory = false (default)
2019-09-12 11:55:24,434 [pool-60-thread-1] INFO  server.RaftServerConfigKeys (ConfUtils.java:logGet(43)) - raft.server.log.purge.gap = 1000000 (custom)
2019-09-12 11:55:24,434 [pool-60-thread-1] INFO  server.RaftServerConfigKeys (ConfUtils.java:logGet(43)) - raft.server.log.appender.buffer.byte-limit = 33554432 (custom)
2019-09-12 11:55:24,435 [pool-60-thread-1] INFO  server.RaftServerConfigKeys (ConfUtils.java:logGet(43)) - raft.server.log.segment.size.max = 1048576 (custom)
2019-09-12 11:55:24,435 [pool-60-thread-1] INFO  server.RaftServerConfigKeys (ConfUtils.java:logGet(43)) - raft.server.log.segment.cache.num.max = 2 (custom)
2019-09-12 11:55:24,435 [pool-60-thread-1] INFO  segmented.SegmentedRaftLogWorker (SegmentedRaftLogWorker.java:<init>(172)) - new 5774a03e-6f88-4ed6-a57b-14b40bcf9480-SegmentedRaftLogWorker:Storage Directory /workdir/hadoop-ozone/tools/target/test-dir/MiniOzoneClusterImpl-68b3c2dd-7b99-4165-989a-193f9a99bda1/datanode-3/data/ratis/c687a943-750d-4903-928d-8c7c2cada6fc for RaftStorage:Storage Directory /workdir/hadoop-ozone/tools/target/test-dir/MiniOzoneClusterImpl-68b3c2dd-7b99-4165-989a-193f9a99bda1/datanode-3/data/ratis/c687a943-750d-4903-928d-8c7c2cada6fc
2019-09-12 11:55:24,435 [pool-60-thread-1] INFO  server.RaftServerConfigKeys (ConfUtils.java:logGet(43)) - raft.server.log.queue.byte-limit = 2147483647 (custom)
2019-09-12 11:55:24,435 [pool-60-thread-1] INFO  server.RaftServerConfigKeys (ConfUtils.java:logGet(43)) - raft.server.log.queue.element-limit = 1024 (custom)
2019-09-12 11:55:24,435 [pool-60-thread-1] INFO  server.RaftServerConfigKeys (ConfUtils.java:logGet(43)) - raft.server.log.segment.size.max = 1048576 (custom)
2019-09-12 11:55:24,436 [pool-60-thread-1] INFO  server.RaftServerConfigKeys (ConfUtils.java:logGet(43)) - raft.server.log.preallocated.size = 16384 (custom)
2019-09-12 11:55:24,436 [pool-60-thread-1] INFO  server.RaftServerConfigKeys (ConfUtils.java:logGet(43)) - raft.server.log.write.buffer.size = 33554432 (custom)
2019-09-12 11:55:24,436 [pool-60-thread-1] INFO  server.RaftServerConfigKeys (ConfUtils.java:logGet(43)) - raft.server.log.force.sync.num = 128 (default)
2019-09-12 11:55:24,436 [pool-60-thread-1] INFO  server.RaftServerConfigKeys (ConfUtils.java:logGet(43)) - raft.server.log.statemachine.data.sync = true (default)
2019-09-12 11:55:24,436 [pool-60-thread-1] INFO  server.RaftServerConfigKeys (ConfUtils.java:logGet(43)) - raft.server.log.statemachine.data.sync.timeout = 10s (default)
2019-09-12 11:55:24,436 [pool-60-thread-1] INFO  server.RaftServerConfigKeys (ConfUtils.java:logGet(43)) - raft.server.log.statemachine.data.sync.timeout.retry = -1 (default)
2019-09-12 11:55:24,437 [pool-60-thread-1] INFO  server.RaftServerConfigKeys (ConfUtils.java:logGet(43)) - raft.server.log.statemachine.data.caching.enabled = true (custom)
2019-09-12 11:55:24,437 [pool-60-thread-1] INFO  segmented.SegmentedRaftLogWorker (SegmentedRaftLogWorker.java:lambda$new$0(132)) - 5774a03e-6f88-4ed6-a57b-14b40bcf9480-SegmentedRaftLogWorker:Storage Directory /workdir/hadoop-ozone/tools/target/test-dir/MiniOzoneClusterImpl-68b3c2dd-7b99-4165-989a-193f9a99bda1/datanode-3/data/ratis/c687a943-750d-4903-928d-8c7c2cada6fc: flushIndex: setUnconditionally 0 -> -1
2019-09-12 11:55:24,437 [pool-60-thread-1] INFO  server.RaftServerConfigKeys (ConfUtils.java:logGet(43)) - raft.server.snapshot.auto.trigger.enabled = true (custom)
2019-09-12 11:55:24,437 [pool-60-thread-1] INFO  server.RaftServerConfigKeys (ConfUtils.java:logGet(43)) - raft.server.snapshot.auto.trigger.threshold = 10000 (custom)
2019-09-12 11:55:24,438 [pool-60-thread-1] INFO  server.RaftServerConfigKeys (ConfUtils.java:logGet(43)) - raft.server.retrycache.expirytime = 600000ms (custom)
2019-09-12 11:55:24,438 [pool-60-thread-1] INFO  impl.RaftServerImpl (RaftServerImpl.java:start(180)) - 5774a03e-6f88-4ed6-a57b-14b40bcf9480: start group-8C7C2CADA6FC
2019-09-12 11:55:24,438 [pool-60-thread-1] INFO  impl.RaftServerImpl (RaftServerImpl.java:setRole(171)) - 5774a03e-6f88-4ed6-a57b-14b40bcf9480:group-8C7C2CADA6FC changes role from null to FOLLOWER at term 0 for startAsFollower
2019-09-12 11:55:24,438 [pool-60-thread-1] INFO  impl.RoleInfo (RoleInfo.java:updateAndGet(143)) - 5774a03e-6f88-4ed6-a57b-14b40bcf9480: start FollowerState
2019-09-12 11:55:24,439 [pool-60-thread-1] INFO  util.JmxRegister (JmxRegister.java:tryRegister(44)) - Successfully registered JMX Bean with object name Ratis:service=RaftServer,group=group-8C7C2CADA6FC,id=5774a03e-6f88-4ed6-a57b-14b40bcf9480
2019-09-12 11:55:24,454 [RatisPipelineUtilsThread] INFO  pipeline.PipelineStateManager (PipelineStateManager.java:addPipeline(56)) - Created pipeline Pipeline[ Id: c687a943-750d-4903-928d-8c7c2cada6fc, Nodes: 5774a03e-6f88-4ed6-a57b-14b40bcf9480{ip: 192.168.157.195, host: pr-hdds-1569-xtfnx-3545843844, networkLocation: /default-rack, certSerialId: null}, Type:RATIS, Factor:ONE, State:OPEN]
2019-09-12 11:55:24,470 [grpc-default-executor-0] INFO  impl.RaftServerProxy (RaftServerProxy.java:addNew(89)) - fc058c35-4f1e-4195-8563-dfc72a0df006: addNew group-4962178353AB:[fc058c35-4f1e-4195-8563-dfc72a0df006:192.168.157.195:38611] returns group-4962178353AB:java.util.concurrent.CompletableFuture@33547252[Not completed]
2019-09-12 11:55:24,472 [pool-38-thread-1] INFO  impl.RaftServerImpl (RaftServerImpl.java:<init>(93)) - fc058c35-4f1e-4195-8563-dfc72a0df006: new RaftServerImpl for group-4962178353AB:[fc058c35-4f1e-4195-8563-dfc72a0df006:192.168.157.195:38611] with ContainerStateMachine:uninitialized
2019-09-12 11:55:24,472 [pool-38-thread-1] INFO  server.RaftServerConfigKeys (ConfUtils.java:logGet(43)) - raft.server.rpc.timeout.min = 5s (custom)
2019-09-12 11:55:24,472 [pool-38-thread-1] INFO  server.RaftServerConfigKeys (ConfUtils.java:logGet(43)) - raft.server.rpc.timeout.max = 5200ms (custom)
2019-09-12 11:55:24,472 [pool-38-thread-1] INFO  server.RaftServerConfigKeys (ConfUtils.java:logGet(43)) - raft.server.rpcslowness.timeout = 120s (custom)
2019-09-12 11:55:24,473 [pool-38-thread-1] INFO  server.RaftServerConfigKeys (ConfUtils.java:logGet(43)) - raft.server.sleep.deviation.threshold = 300 (default)
2019-09-12 11:55:24,473 [pool-38-thread-1] INFO  server.RaftServerConfigKeys (ConfUtils.java:logGet(43)) - raft.server.log.appender.install.snapshot.enabled = false (custom)
2019-09-12 11:55:24,473 [pool-38-thread-1] INFO  impl.RaftServerImpl (ServerState.java:<init>(105)) - fc058c35-4f1e-4195-8563-dfc72a0df006:group-4962178353AB ConfigurationManager, init=-1: [fc058c35-4f1e-4195-8563-dfc72a0df006:192.168.157.195:38611], old=null, confs=<EMPTY_MAP>
2019-09-12 11:55:24,473 [pool-38-thread-1] INFO  server.RaftServerConfigKeys (ConfUtils.java:logGet(43)) - raft.server.storage.dir = [/workdir/hadoop-ozone/tools/target/test-dir/MiniOzoneClusterImpl-68b3c2dd-7b99-4165-989a-193f9a99bda1/datanode-1/data/ratis] (custom)
2019-09-12 11:55:24,474 [pool-38-thread-1] INFO  storage.RaftStorageDirectory (RaftStorageDirectory.java:analyzeStorage(246)) - The storage directory /workdir/hadoop-ozone/tools/target/test-dir/MiniOzoneClusterImpl-68b3c2dd-7b99-4165-989a-193f9a99bda1/datanode-1/data/ratis/532e0e59-47a2-4661-b360-4962178353ab does not exist. Creating ...
2019-09-12 11:55:24,486 [pool-38-thread-1] INFO  storage.RaftStorageDirectory (RaftStorageDirectory.java:tryLock(328)) - Lock on /workdir/hadoop-ozone/tools/target/test-dir/MiniOzoneClusterImpl-68b3c2dd-7b99-4165-989a-193f9a99bda1/datanode-1/data/ratis/532e0e59-47a2-4661-b360-4962178353ab/in_use.lock acquired by nodename 19800@pr-hdds-1569-xtfnx-3545843844
2019-09-12 11:55:24,499 [pool-38-thread-1] INFO  storage.RaftStorage (RaftStorage.java:format(72)) - Storage directory /workdir/hadoop-ozone/tools/target/test-dir/MiniOzoneClusterImpl-68b3c2dd-7b99-4165-989a-193f9a99bda1/datanode-1/data/ratis/532e0e59-47a2-4661-b360-4962178353ab has been successfully formatted.
2019-09-12 11:55:24,499 [pool-38-thread-1] INFO  ratis.ContainerStateMachine (ContainerStateMachine.java:loadSnapshot(226)) - group-4962178353AB: The snapshot info is null. Setting the last applied indexto:(t:0, i:~)
2019-09-12 11:55:24,500 [pool-38-thread-1] INFO  server.RaftServerConfigKeys (ConfUtils.java:logGet(43)) - raft.server.leader.election.timeout = 120s (custom)
2019-09-12 11:55:24,500 [pool-38-thread-1] INFO  server.RaftServerConfigKeys (ConfUtils.java:logGet(43)) - raft.server.log.use.memory = false (default)
2019-09-12 11:55:24,500 [pool-38-thread-1] INFO  server.RaftServerConfigKeys (ConfUtils.java:logGet(43)) - raft.server.log.purge.gap = 1000000 (custom)
2019-09-12 11:55:24,500 [pool-38-thread-1] INFO  server.RaftServerConfigKeys (ConfUtils.java:logGet(43)) - raft.server.log.appender.buffer.byte-limit = 33554432 (custom)
2019-09-12 11:55:24,500 [pool-38-thread-1] INFO  server.RaftServerConfigKeys (ConfUtils.java:logGet(43)) - raft.server.log.segment.size.max = 1048576 (custom)
2019-09-12 11:55:24,500 [pool-38-thread-1] INFO  server.RaftServerConfigKeys (ConfUtils.java:logGet(43)) - raft.server.log.segment.cache.num.max = 2 (custom)
2019-09-12 11:55:24,500 [pool-38-thread-1] INFO  segmented.SegmentedRaftLogWorker (SegmentedRaftLogWorker.java:<init>(172)) - new fc058c35-4f1e-4195-8563-dfc72a0df006-SegmentedRaftLogWorker:Storage Directory /workdir/hadoop-ozone/tools/target/test-dir/MiniOzoneClusterImpl-68b3c2dd-7b99-4165-989a-193f9a99bda1/datanode-1/data/ratis/532e0e59-47a2-4661-b360-4962178353ab for RaftStorage:Storage Directory /workdir/hadoop-ozone/tools/target/test-dir/MiniOzoneClusterImpl-68b3c2dd-7b99-4165-989a-193f9a99bda1/datanode-1/data/ratis/532e0e59-47a2-4661-b360-4962178353ab
2019-09-12 11:55:24,501 [pool-38-thread-1] INFO  server.RaftServerConfigKeys (ConfUtils.java:logGet(43)) - raft.server.log.queue.byte-limit = 2147483647 (custom)
2019-09-12 11:55:24,501 [pool-38-thread-1] INFO  server.RaftServerConfigKeys (ConfUtils.java:logGet(43)) - raft.server.log.queue.element-limit = 1024 (custom)
2019-09-12 11:55:24,501 [pool-38-thread-1] INFO  server.RaftServerConfigKeys (ConfUtils.java:logGet(43)) - raft.server.log.segment.size.max = 1048576 (custom)
2019-09-12 11:55:24,501 [pool-38-thread-1] INFO  server.RaftServerConfigKeys (ConfUtils.java:logGet(43)) - raft.server.log.preallocated.size = 16384 (custom)
2019-09-12 11:55:24,502 [pool-38-thread-1] INFO  server.RaftServerConfigKeys (ConfUtils.java:logGet(43)) - raft.server.log.write.buffer.size = 33554432 (custom)
2019-09-12 11:55:24,502 [pool-38-thread-1] INFO  server.RaftServerConfigKeys (ConfUtils.java:logGet(43)) - raft.server.log.force.sync.num = 128 (default)
2019-09-12 11:55:24,502 [pool-38-thread-1] INFO  server.RaftServerConfigKeys (ConfUtils.java:logGet(43)) - raft.server.log.statemachine.data.sync = true (default)
2019-09-12 11:55:24,502 [pool-38-thread-1] INFO  server.RaftServerConfigKeys (ConfUtils.java:logGet(43)) - raft.server.log.statemachine.data.sync.timeout = 10s (default)
2019-09-12 11:55:24,502 [pool-38-thread-1] INFO  server.RaftServerConfigKeys (ConfUtils.java:logGet(43)) - raft.server.log.statemachine.data.sync.timeout.retry = -1 (default)
2019-09-12 11:55:24,503 [pool-38-thread-1] INFO  server.RaftServerConfigKeys (ConfUtils.java:logGet(43)) - raft.server.log.statemachine.data.caching.enabled = true (custom)
2019-09-12 11:55:24,503 [pool-38-thread-1] INFO  segmented.SegmentedRaftLogWorker (SegmentedRaftLogWorker.java:lambda$new$0(132)) - fc058c35-4f1e-4195-8563-dfc72a0df006-SegmentedRaftLogWorker:Storage Directory /workdir/hadoop-ozone/tools/target/test-dir/MiniOzoneClusterImpl-68b3c2dd-7b99-4165-989a-193f9a99bda1/datanode-1/data/ratis/532e0e59-47a2-4661-b360-4962178353ab: flushIndex: setUnconditionally 0 -> -1
2019-09-12 11:55:24,503 [pool-38-thread-1] INFO  server.RaftServerConfigKeys (ConfUtils.java:logGet(43)) - raft.server.snapshot.auto.trigger.enabled = true (custom)
2019-09-12 11:55:24,503 [pool-38-thread-1] INFO  server.RaftServerConfigKeys (ConfUtils.java:logGet(43)) - raft.server.snapshot.auto.trigger.threshold = 10000 (custom)
2019-09-12 11:55:24,504 [pool-38-thread-1] INFO  server.RaftServerConfigKeys (ConfUtils.java:logGet(43)) - raft.server.retrycache.expirytime = 600000ms (custom)
2019-09-12 11:55:24,504 [pool-38-thread-1] INFO  impl.RaftServerImpl (RaftServerImpl.java:start(180)) - fc058c35-4f1e-4195-8563-dfc72a0df006: start group-4962178353AB
2019-09-12 11:55:24,504 [pool-38-thread-1] INFO  impl.RaftServerImpl (RaftServerImpl.java:setRole(171)) - fc058c35-4f1e-4195-8563-dfc72a0df006:group-4962178353AB changes role from null to FOLLOWER at term 0 for startAsFollower
2019-09-12 11:55:24,504 [pool-38-thread-1] INFO  impl.RoleInfo (RoleInfo.java:updateAndGet(143)) - fc058c35-4f1e-4195-8563-dfc72a0df006: start FollowerState
2019-09-12 11:55:24,505 [pool-38-thread-1] INFO  util.JmxRegister (JmxRegister.java:tryRegister(44)) - Successfully registered JMX Bean with object name Ratis:service=RaftServer,group=group-4962178353AB,id=fc058c35-4f1e-4195-8563-dfc72a0df006
2019-09-12 11:55:24,514 [RatisPipelineUtilsThread] INFO  pipeline.PipelineStateManager (PipelineStateManager.java:addPipeline(56)) - Created pipeline Pipeline[ Id: 532e0e59-47a2-4661-b360-4962178353ab, Nodes: fc058c35-4f1e-4195-8563-dfc72a0df006{ip: 192.168.157.195, host: pr-hdds-1569-xtfnx-3545843844, networkLocation: /default-rack, certSerialId: null}, Type:RATIS, Factor:ONE, State:OPEN]
2019-09-12 11:55:24,527 [grpc-default-executor-0] INFO  impl.RaftServerProxy (RaftServerProxy.java:addNew(89)) - fc058c35-4f1e-4195-8563-dfc72a0df006: addNew group-AA682EABA8F6:[fc058c35-4f1e-4195-8563-dfc72a0df006:192.168.157.195:38611] returns group-AA682EABA8F6:java.util.concurrent.CompletableFuture@1ead4b78[Not completed]
2019-09-12 11:55:24,529 [pool-38-thread-1] INFO  impl.RaftServerImpl (RaftServerImpl.java:<init>(93)) - fc058c35-4f1e-4195-8563-dfc72a0df006: new RaftServerImpl for group-AA682EABA8F6:[fc058c35-4f1e-4195-8563-dfc72a0df006:192.168.157.195:38611] with ContainerStateMachine:uninitialized
2019-09-12 11:55:24,529 [pool-38-thread-1] INFO  server.RaftServerConfigKeys (ConfUtils.java:logGet(43)) - raft.server.rpc.timeout.min = 5s (custom)
2019-09-12 11:55:24,529 [pool-38-thread-1] INFO  server.RaftServerConfigKeys (ConfUtils.java:logGet(43)) - raft.server.rpc.timeout.max = 5200ms (custom)
2019-09-12 11:55:24,529 [pool-38-thread-1] INFO  server.RaftServerConfigKeys (ConfUtils.java:logGet(43)) - raft.server.rpcslowness.timeout = 120s (custom)
2019-09-12 11:55:24,529 [pool-38-thread-1] INFO  server.RaftServerConfigKeys (ConfUtils.java:logGet(43)) - raft.server.sleep.deviation.threshold = 300 (default)
2019-09-12 11:55:24,529 [pool-38-thread-1] INFO  server.RaftServerConfigKeys (ConfUtils.java:logGet(43)) - raft.server.log.appender.install.snapshot.enabled = false (custom)
2019-09-12 11:55:24,529 [pool-38-thread-1] INFO  impl.RaftServerImpl (ServerState.java:<init>(105)) - fc058c35-4f1e-4195-8563-dfc72a0df006:group-AA682EABA8F6 ConfigurationManager, init=-1: [fc058c35-4f1e-4195-8563-dfc72a0df006:192.168.157.195:38611], old=null, confs=<EMPTY_MAP>
2019-09-12 11:55:24,530 [pool-38-thread-1] INFO  server.RaftServerConfigKeys (ConfUtils.java:logGet(43)) - raft.server.storage.dir = [/workdir/hadoop-ozone/tools/target/test-dir/MiniOzoneClusterImpl-68b3c2dd-7b99-4165-989a-193f9a99bda1/datanode-1/data/ratis] (custom)
2019-09-12 11:55:24,530 [pool-38-thread-1] INFO  storage.RaftStorageDirectory (RaftStorageDirectory.java:analyzeStorage(246)) - The storage directory /workdir/hadoop-ozone/tools/target/test-dir/MiniOzoneClusterImpl-68b3c2dd-7b99-4165-989a-193f9a99bda1/datanode-1/data/ratis/cd876fca-dbd7-485c-8b18-aa682eaba8f6 does not exist. Creating ...
2019-09-12 11:55:24,543 [pool-38-thread-1] INFO  storage.RaftStorageDirectory (RaftStorageDirectory.java:tryLock(328)) - Lock on /workdir/hadoop-ozone/tools/target/test-dir/MiniOzoneClusterImpl-68b3c2dd-7b99-4165-989a-193f9a99bda1/datanode-1/data/ratis/cd876fca-dbd7-485c-8b18-aa682eaba8f6/in_use.lock acquired by nodename 19800@pr-hdds-1569-xtfnx-3545843844
2019-09-12 11:55:24,556 [pool-38-thread-1] INFO  storage.RaftStorage (RaftStorage.java:format(72)) - Storage directory /workdir/hadoop-ozone/tools/target/test-dir/MiniOzoneClusterImpl-68b3c2dd-7b99-4165-989a-193f9a99bda1/datanode-1/data/ratis/cd876fca-dbd7-485c-8b18-aa682eaba8f6 has been successfully formatted.
2019-09-12 11:55:24,557 [pool-38-thread-1] INFO  ratis.ContainerStateMachine (ContainerStateMachine.java:loadSnapshot(226)) - group-AA682EABA8F6: The snapshot info is null. Setting the last applied indexto:(t:0, i:~)
2019-09-12 11:55:24,557 [pool-38-thread-1] INFO  server.RaftServerConfigKeys (ConfUtils.java:logGet(43)) - raft.server.leader.election.timeout = 120s (custom)
2019-09-12 11:55:24,557 [pool-38-thread-1] INFO  server.RaftServerConfigKeys (ConfUtils.java:logGet(43)) - raft.server.log.use.memory = false (default)
2019-09-12 11:55:24,557 [pool-38-thread-1] INFO  server.RaftServerConfigKeys (ConfUtils.java:logGet(43)) - raft.server.log.purge.gap = 1000000 (custom)
2019-09-12 11:55:24,557 [pool-38-thread-1] INFO  server.RaftServerConfigKeys (ConfUtils.java:logGet(43)) - raft.server.log.appender.buffer.byte-limit = 33554432 (custom)
2019-09-12 11:55:24,558 [pool-38-thread-1] INFO  server.RaftServerConfigKeys (ConfUtils.java:logGet(43)) - raft.server.log.segment.size.max = 1048576 (custom)
2019-09-12 11:55:24,558 [pool-38-thread-1] INFO  server.RaftServerConfigKeys (ConfUtils.java:logGet(43)) - raft.server.log.segment.cache.num.max = 2 (custom)
2019-09-12 11:55:24,558 [pool-38-thread-1] INFO  segmented.SegmentedRaftLogWorker (SegmentedRaftLogWorker.java:<init>(172)) - new fc058c35-4f1e-4195-8563-dfc72a0df006-SegmentedRaftLogWorker:Storage Directory /workdir/hadoop-ozone/tools/target/test-dir/MiniOzoneClusterImpl-68b3c2dd-7b99-4165-989a-193f9a99bda1/datanode-1/data/ratis/cd876fca-dbd7-485c-8b18-aa682eaba8f6 for RaftStorage:Storage Directory /workdir/hadoop-ozone/tools/target/test-dir/MiniOzoneClusterImpl-68b3c2dd-7b99-4165-989a-193f9a99bda1/datanode-1/data/ratis/cd876fca-dbd7-485c-8b18-aa682eaba8f6
2019-09-12 11:55:24,558 [pool-38-thread-1] INFO  server.RaftServerConfigKeys (ConfUtils.java:logGet(43)) - raft.server.log.queue.byte-limit = 2147483647 (custom)
2019-09-12 11:55:24,558 [pool-38-thread-1] INFO  server.RaftServerConfigKeys (ConfUtils.java:logGet(43)) - raft.server.log.queue.element-limit = 1024 (custom)
2019-09-12 11:55:24,558 [pool-38-thread-1] INFO  server.RaftServerConfigKeys (ConfUtils.java:logGet(43)) - raft.server.log.segment.size.max = 1048576 (custom)
2019-09-12 11:55:24,558 [pool-38-thread-1] INFO  server.RaftServerConfigKeys (ConfUtils.java:logGet(43)) - raft.server.log.preallocated.size = 16384 (custom)
2019-09-12 11:55:24,558 [pool-38-thread-1] INFO  server.RaftServerConfigKeys (ConfUtils.java:logGet(43)) - raft.server.log.write.buffer.size = 33554432 (custom)
2019-09-12 11:55:24,558 [pool-38-thread-1] INFO  server.RaftServerConfigKeys (ConfUtils.java:logGet(43)) - raft.server.log.force.sync.num = 128 (default)
2019-09-12 11:55:24,559 [pool-38-thread-1] INFO  server.RaftServerConfigKeys (ConfUtils.java:logGet(43)) - raft.server.log.statemachine.data.sync = true (default)
2019-09-12 11:55:24,559 [pool-38-thread-1] INFO  server.RaftServerConfigKeys (ConfUtils.java:logGet(43)) - raft.server.log.statemachine.data.sync.timeout = 10s (default)
2019-09-12 11:55:24,559 [pool-38-thread-1] INFO  server.RaftServerConfigKeys (ConfUtils.java:logGet(43)) - raft.server.log.statemachine.data.sync.timeout.retry = -1 (default)
2019-09-12 11:55:24,559 [pool-38-thread-1] INFO  server.RaftServerConfigKeys (ConfUtils.java:logGet(43)) - raft.server.log.statemachine.data.caching.enabled = true (custom)
2019-09-12 11:55:24,559 [pool-38-thread-1] INFO  segmented.SegmentedRaftLogWorker (SegmentedRaftLogWorker.java:lambda$new$0(132)) - fc058c35-4f1e-4195-8563-dfc72a0df006-SegmentedRaftLogWorker:Storage Directory /workdir/hadoop-ozone/tools/target/test-dir/MiniOzoneClusterImpl-68b3c2dd-7b99-4165-989a-193f9a99bda1/datanode-1/data/ratis/cd876fca-dbd7-485c-8b18-aa682eaba8f6: flushIndex: setUnconditionally 0 -> -1
2019-09-12 11:55:24,560 [pool-38-thread-1] INFO  server.RaftServerConfigKeys (ConfUtils.java:logGet(43)) - raft.server.snapshot.auto.trigger.enabled = true (custom)
2019-09-12 11:55:24,560 [pool-38-thread-1] INFO  server.RaftServerConfigKeys (ConfUtils.java:logGet(43)) - raft.server.snapshot.auto.trigger.threshold = 10000 (custom)
2019-09-12 11:55:24,560 [pool-38-thread-1] INFO  server.RaftServerConfigKeys (ConfUtils.java:logGet(43)) - raft.server.retrycache.expirytime = 600000ms (custom)
2019-09-12 11:55:24,560 [pool-38-thread-1] INFO  impl.RaftServerImpl (RaftServerImpl.java:start(180)) - fc058c35-4f1e-4195-8563-dfc72a0df006: start group-AA682EABA8F6
2019-09-12 11:55:24,560 [pool-38-thread-1] INFO  impl.RaftServerImpl (RaftServerImpl.java:setRole(171)) - fc058c35-4f1e-4195-8563-dfc72a0df006:group-AA682EABA8F6 changes role from null to FOLLOWER at term 0 for startAsFollower
2019-09-12 11:55:24,560 [pool-38-thread-1] INFO  impl.RoleInfo (RoleInfo.java:updateAndGet(143)) - fc058c35-4f1e-4195-8563-dfc72a0df006: start FollowerState
2019-09-12 11:55:24,561 [pool-38-thread-1] INFO  util.JmxRegister (JmxRegister.java:tryRegister(44)) - Successfully registered JMX Bean with object name Ratis:service=RaftServer,group=group-AA682EABA8F6,id=fc058c35-4f1e-4195-8563-dfc72a0df006
2019-09-12 11:55:24,570 [RatisPipelineUtilsThread] INFO  pipeline.PipelineStateManager (PipelineStateManager.java:addPipeline(56)) - Created pipeline Pipeline[ Id: cd876fca-dbd7-485c-8b18-aa682eaba8f6, Nodes: fc058c35-4f1e-4195-8563-dfc72a0df006{ip: 192.168.157.195, host: pr-hdds-1569-xtfnx-3545843844, networkLocation: /default-rack, certSerialId: null}, Type:RATIS, Factor:ONE, State:OPEN]
2019-09-12 11:55:24,583 [grpc-default-executor-0] INFO  impl.RaftServerProxy (RaftServerProxy.java:addNew(89)) - fc058c35-4f1e-4195-8563-dfc72a0df006: addNew group-DBCF0376FE24:[fc058c35-4f1e-4195-8563-dfc72a0df006:192.168.157.195:38611] returns group-DBCF0376FE24:java.util.concurrent.CompletableFuture@1bd0a30d[Not completed]
2019-09-12 11:55:24,584 [pool-38-thread-1] INFO  impl.RaftServerImpl (RaftServerImpl.java:<init>(93)) - fc058c35-4f1e-4195-8563-dfc72a0df006: new RaftServerImpl for group-DBCF0376FE24:[fc058c35-4f1e-4195-8563-dfc72a0df006:192.168.157.195:38611] with ContainerStateMachine:uninitialized
2019-09-12 11:55:24,584 [pool-38-thread-1] INFO  server.RaftServerConfigKeys (ConfUtils.java:logGet(43)) - raft.server.rpc.timeout.min = 5s (custom)
2019-09-12 11:55:24,584 [pool-38-thread-1] INFO  server.RaftServerConfigKeys (ConfUtils.java:logGet(43)) - raft.server.rpc.timeout.max = 5200ms (custom)
2019-09-12 11:55:24,584 [pool-38-thread-1] INFO  server.RaftServerConfigKeys (ConfUtils.java:logGet(43)) - raft.server.rpcslowness.timeout = 120s (custom)
2019-09-12 11:55:24,584 [pool-38-thread-1] INFO  server.RaftServerConfigKeys (ConfUtils.java:logGet(43)) - raft.server.sleep.deviation.threshold = 300 (default)
2019-09-12 11:55:24,585 [pool-38-thread-1] INFO  server.RaftServerConfigKeys (ConfUtils.java:logGet(43)) - raft.server.log.appender.install.snapshot.enabled = false (custom)
2019-09-12 11:55:24,585 [pool-38-thread-1] INFO  impl.RaftServerImpl (ServerState.java:<init>(105)) - fc058c35-4f1e-4195-8563-dfc72a0df006:group-DBCF0376FE24 ConfigurationManager, init=-1: [fc058c35-4f1e-4195-8563-dfc72a0df006:192.168.157.195:38611], old=null, confs=<EMPTY_MAP>
2019-09-12 11:55:24,585 [pool-38-thread-1] INFO  server.RaftServerConfigKeys (ConfUtils.java:logGet(43)) - raft.server.storage.dir = [/workdir/hadoop-ozone/tools/target/test-dir/MiniOzoneClusterImpl-68b3c2dd-7b99-4165-989a-193f9a99bda1/datanode-1/data/ratis] (custom)
2019-09-12 11:55:24,585 [pool-38-thread-1] INFO  storage.RaftStorageDirectory (RaftStorageDirectory.java:analyzeStorage(246)) - The storage directory /workdir/hadoop-ozone/tools/target/test-dir/MiniOzoneClusterImpl-68b3c2dd-7b99-4165-989a-193f9a99bda1/datanode-1/data/ratis/512c35cc-40e8-47b6-b4d8-dbcf0376fe24 does not exist. Creating ...
2019-09-12 11:55:24,598 [pool-38-thread-1] INFO  storage.RaftStorageDirectory (RaftStorageDirectory.java:tryLock(328)) - Lock on /workdir/hadoop-ozone/tools/target/test-dir/MiniOzoneClusterImpl-68b3c2dd-7b99-4165-989a-193f9a99bda1/datanode-1/data/ratis/512c35cc-40e8-47b6-b4d8-dbcf0376fe24/in_use.lock acquired by nodename 19800@pr-hdds-1569-xtfnx-3545843844
2019-09-12 11:55:24,610 [pool-38-thread-1] INFO  storage.RaftStorage (RaftStorage.java:format(72)) - Storage directory /workdir/hadoop-ozone/tools/target/test-dir/MiniOzoneClusterImpl-68b3c2dd-7b99-4165-989a-193f9a99bda1/datanode-1/data/ratis/512c35cc-40e8-47b6-b4d8-dbcf0376fe24 has been successfully formatted.
2019-09-12 11:55:24,611 [pool-38-thread-1] INFO  ratis.ContainerStateMachine (ContainerStateMachine.java:loadSnapshot(226)) - group-DBCF0376FE24: The snapshot info is null. Setting the last applied indexto:(t:0, i:~)
2019-09-12 11:55:24,611 [pool-38-thread-1] INFO  server.RaftServerConfigKeys (ConfUtils.java:logGet(43)) - raft.server.leader.election.timeout = 120s (custom)
2019-09-12 11:55:24,611 [pool-38-thread-1] INFO  server.RaftServerConfigKeys (ConfUtils.java:logGet(43)) - raft.server.log.use.memory = false (default)
2019-09-12 11:55:24,611 [pool-38-thread-1] INFO  server.RaftServerConfigKeys (ConfUtils.java:logGet(43)) - raft.server.log.purge.gap = 1000000 (custom)
2019-09-12 11:55:24,611 [pool-38-thread-1] INFO  server.RaftServerConfigKeys (ConfUtils.java:logGet(43)) - raft.server.log.appender.buffer.byte-limit = 33554432 (custom)
2019-09-12 11:55:24,611 [pool-38-thread-1] INFO  server.RaftServerConfigKeys (ConfUtils.java:logGet(43)) - raft.server.log.segment.size.max = 1048576 (custom)
2019-09-12 11:55:24,612 [pool-38-thread-1] INFO  server.RaftServerConfigKeys (ConfUtils.java:logGet(43)) - raft.server.log.segment.cache.num.max = 2 (custom)
2019-09-12 11:55:24,612 [pool-38-thread-1] INFO  segmented.SegmentedRaftLogWorker (SegmentedRaftLogWorker.java:<init>(172)) - new fc058c35-4f1e-4195-8563-dfc72a0df006-SegmentedRaftLogWorker:Storage Directory /workdir/hadoop-ozone/tools/target/test-dir/MiniOzoneClusterImpl-68b3c2dd-7b99-4165-989a-193f9a99bda1/datanode-1/data/ratis/512c35cc-40e8-47b6-b4d8-dbcf0376fe24 for RaftStorage:Storage Directory /workdir/hadoop-ozone/tools/target/test-dir/MiniOzoneClusterImpl-68b3c2dd-7b99-4165-989a-193f9a99bda1/datanode-1/data/ratis/512c35cc-40e8-47b6-b4d8-dbcf0376fe24
2019-09-12 11:55:24,612 [pool-38-thread-1] INFO  server.RaftServerConfigKeys (ConfUtils.java:logGet(43)) - raft.server.log.queue.byte-limit = 2147483647 (custom)
2019-09-12 11:55:24,612 [pool-38-thread-1] INFO  server.RaftServerConfigKeys (ConfUtils.java:logGet(43)) - raft.server.log.queue.element-limit = 1024 (custom)
2019-09-12 11:55:24,612 [pool-38-thread-1] INFO  server.RaftServerConfigKeys (ConfUtils.java:logGet(43)) - raft.server.log.segment.size.max = 1048576 (custom)
2019-09-12 11:55:24,612 [pool-38-thread-1] INFO  server.RaftServerConfigKeys (ConfUtils.java:logGet(43)) - raft.server.log.preallocated.size = 16384 (custom)
2019-09-12 11:55:24,612 [pool-38-thread-1] INFO  server.RaftServerConfigKeys (ConfUtils.java:logGet(43)) - raft.server.log.write.buffer.size = 33554432 (custom)
2019-09-12 11:55:24,612 [pool-38-thread-1] INFO  server.RaftServerConfigKeys (ConfUtils.java:logGet(43)) - raft.server.log.force.sync.num = 128 (default)
2019-09-12 11:55:24,613 [pool-38-thread-1] INFO  server.RaftServerConfigKeys (ConfUtils.java:logGet(43)) - raft.server.log.statemachine.data.sync = true (default)
2019-09-12 11:55:24,613 [pool-38-thread-1] INFO  server.RaftServerConfigKeys (ConfUtils.java:logGet(43)) - raft.server.log.statemachine.data.sync.timeout = 10s (default)
2019-09-12 11:55:24,613 [pool-38-thread-1] INFO  server.RaftServerConfigKeys (ConfUtils.java:logGet(43)) - raft.server.log.statemachine.data.sync.timeout.retry = -1 (default)
2019-09-12 11:55:24,613 [pool-38-thread-1] INFO  server.RaftServerConfigKeys (ConfUtils.java:logGet(43)) - raft.server.log.statemachine.data.caching.enabled = true (custom)
2019-09-12 11:55:24,613 [pool-38-thread-1] INFO  segmented.SegmentedRaftLogWorker (SegmentedRaftLogWorker.java:lambda$new$0(132)) - fc058c35-4f1e-4195-8563-dfc72a0df006-SegmentedRaftLogWorker:Storage Directory /workdir/hadoop-ozone/tools/target/test-dir/MiniOzoneClusterImpl-68b3c2dd-7b99-4165-989a-193f9a99bda1/datanode-1/data/ratis/512c35cc-40e8-47b6-b4d8-dbcf0376fe24: flushIndex: setUnconditionally 0 -> -1
2019-09-12 11:55:24,614 [pool-38-thread-1] INFO  server.RaftServerConfigKeys (ConfUtils.java:logGet(43)) - raft.server.snapshot.auto.trigger.enabled = true (custom)
2019-09-12 11:55:24,614 [pool-38-thread-1] INFO  server.RaftServerConfigKeys (ConfUtils.java:logGet(43)) - raft.server.snapshot.auto.trigger.threshold = 10000 (custom)
2019-09-12 11:55:24,614 [pool-38-thread-1] INFO  server.RaftServerConfigKeys (ConfUtils.java:logGet(43)) - raft.server.retrycache.expirytime = 600000ms (custom)
2019-09-12 11:55:24,614 [pool-38-thread-1] INFO  impl.RaftServerImpl (RaftServerImpl.java:start(180)) - fc058c35-4f1e-4195-8563-dfc72a0df006: start group-DBCF0376FE24
2019-09-12 11:55:24,614 [pool-38-thread-1] INFO  impl.RaftServerImpl (RaftServerImpl.java:setRole(171)) - fc058c35-4f1e-4195-8563-dfc72a0df006:group-DBCF0376FE24 changes role from null to FOLLOWER at term 0 for startAsFollower
2019-09-12 11:55:24,615 [pool-38-thread-1] INFO  impl.RoleInfo (RoleInfo.java:updateAndGet(143)) - fc058c35-4f1e-4195-8563-dfc72a0df006: start FollowerState
2019-09-12 11:55:24,615 [pool-38-thread-1] INFO  util.JmxRegister (JmxRegister.java:tryRegister(44)) - Successfully registered JMX Bean with object name Ratis:service=RaftServer,group=group-DBCF0376FE24,id=fc058c35-4f1e-4195-8563-dfc72a0df006
2019-09-12 11:55:24,623 [RatisPipelineUtilsThread] INFO  pipeline.PipelineStateManager (PipelineStateManager.java:addPipeline(56)) - Created pipeline Pipeline[ Id: 512c35cc-40e8-47b6-b4d8-dbcf0376fe24, Nodes: fc058c35-4f1e-4195-8563-dfc72a0df006{ip: 192.168.157.195, host: pr-hdds-1569-xtfnx-3545843844, networkLocation: /default-rack, certSerialId: null}, Type:RATIS, Factor:ONE, State:OPEN]
2019-09-12 11:55:24,638 [grpc-default-executor-0] INFO  impl.RaftServerProxy (RaftServerProxy.java:addNew(89)) - 5774a03e-6f88-4ed6-a57b-14b40bcf9480: addNew group-364A4B03A2CE:[5774a03e-6f88-4ed6-a57b-14b40bcf9480:192.168.157.195:42494] returns group-364A4B03A2CE:java.util.concurrent.CompletableFuture@60e9a159[Not completed]
2019-09-12 11:55:24,639 [pool-60-thread-1] INFO  impl.RaftServerImpl (RaftServerImpl.java:<init>(93)) - 5774a03e-6f88-4ed6-a57b-14b40bcf9480: new RaftServerImpl for group-364A4B03A2CE:[5774a03e-6f88-4ed6-a57b-14b40bcf9480:192.168.157.195:42494] with ContainerStateMachine:uninitialized
2019-09-12 11:55:24,640 [pool-60-thread-1] INFO  server.RaftServerConfigKeys (ConfUtils.java:logGet(43)) - raft.server.rpc.timeout.min = 5s (custom)
2019-09-12 11:55:24,640 [pool-60-thread-1] INFO  server.RaftServerConfigKeys (ConfUtils.java:logGet(43)) - raft.server.rpc.timeout.max = 5200ms (custom)
2019-09-12 11:55:24,640 [pool-60-thread-1] INFO  server.RaftServerConfigKeys (ConfUtils.java:logGet(43)) - raft.server.rpcslowness.timeout = 120s (custom)
2019-09-12 11:55:24,640 [pool-60-thread-1] INFO  server.RaftServerConfigKeys (ConfUtils.java:logGet(43)) - raft.server.sleep.deviation.threshold = 300 (default)
2019-09-12 11:55:24,640 [pool-60-thread-1] INFO  server.RaftServerConfigKeys (ConfUtils.java:logGet(43)) - raft.server.log.appender.install.snapshot.enabled = false (custom)
2019-09-12 11:55:24,640 [pool-60-thread-1] INFO  impl.RaftServerImpl (ServerState.java:<init>(105)) - 5774a03e-6f88-4ed6-a57b-14b40bcf9480:group-364A4B03A2CE ConfigurationManager, init=-1: [5774a03e-6f88-4ed6-a57b-14b40bcf9480:192.168.157.195:42494], old=null, confs=<EMPTY_MAP>
2019-09-12 11:55:24,641 [pool-60-thread-1] INFO  server.RaftServerConfigKeys (ConfUtils.java:logGet(43)) - raft.server.storage.dir = [/workdir/hadoop-ozone/tools/target/test-dir/MiniOzoneClusterImpl-68b3c2dd-7b99-4165-989a-193f9a99bda1/datanode-3/data/ratis] (custom)
2019-09-12 11:55:24,641 [pool-60-thread-1] INFO  storage.RaftStorageDirectory (RaftStorageDirectory.java:analyzeStorage(246)) - The storage directory /workdir/hadoop-ozone/tools/target/test-dir/MiniOzoneClusterImpl-68b3c2dd-7b99-4165-989a-193f9a99bda1/datanode-3/data/ratis/c34a1ec4-8a41-41d3-9eb4-364a4b03a2ce does not exist. Creating ...
2019-09-12 11:55:24,650 | INFO  | SCMAudit | user=jenkins1000 | ip=192.168.157.195 | op=SEND_HEARTBEAT {datanodeUUID=3721b0b4-2420-471b-8c71-d07221d0164f, command=[]} | ret=SUCCESS |  
2019-09-12 11:55:24,653 [pool-60-thread-1] INFO  storage.RaftStorageDirectory (RaftStorageDirectory.java:tryLock(328)) - Lock on /workdir/hadoop-ozone/tools/target/test-dir/MiniOzoneClusterImpl-68b3c2dd-7b99-4165-989a-193f9a99bda1/datanode-3/data/ratis/c34a1ec4-8a41-41d3-9eb4-364a4b03a2ce/in_use.lock acquired by nodename 19800@pr-hdds-1569-xtfnx-3545843844
2019-09-12 11:55:24,666 [pool-60-thread-1] INFO  storage.RaftStorage (RaftStorage.java:format(72)) - Storage directory /workdir/hadoop-ozone/tools/target/test-dir/MiniOzoneClusterImpl-68b3c2dd-7b99-4165-989a-193f9a99bda1/datanode-3/data/ratis/c34a1ec4-8a41-41d3-9eb4-364a4b03a2ce has been successfully formatted.
2019-09-12 11:55:24,666 [pool-60-thread-1] INFO  ratis.ContainerStateMachine (ContainerStateMachine.java:loadSnapshot(226)) - group-364A4B03A2CE: The snapshot info is null. Setting the last applied indexto:(t:0, i:~)
2019-09-12 11:55:24,667 [pool-60-thread-1] INFO  server.RaftServerConfigKeys (ConfUtils.java:logGet(43)) - raft.server.leader.election.timeout = 120s (custom)
2019-09-12 11:55:24,667 [pool-60-thread-1] INFO  server.RaftServerConfigKeys (ConfUtils.java:logGet(43)) - raft.server.log.use.memory = false (default)
2019-09-12 11:55:24,667 [pool-60-thread-1] INFO  server.RaftServerConfigKeys (ConfUtils.java:logGet(43)) - raft.server.log.purge.gap = 1000000 (custom)
2019-09-12 11:55:24,667 [pool-60-thread-1] INFO  server.RaftServerConfigKeys (ConfUtils.java:logGet(43)) - raft.server.log.appender.buffer.byte-limit = 33554432 (custom)
2019-09-12 11:55:24,667 [pool-60-thread-1] INFO  server.RaftServerConfigKeys (ConfUtils.java:logGet(43)) - raft.server.log.segment.size.max = 1048576 (custom)
2019-09-12 11:55:24,667 [pool-60-thread-1] INFO  server.RaftServerConfigKeys (ConfUtils.java:logGet(43)) - raft.server.log.segment.cache.num.max = 2 (custom)
2019-09-12 11:55:24,668 [pool-60-thread-1] INFO  segmented.SegmentedRaftLogWorker (SegmentedRaftLogWorker.java:<init>(172)) - new 5774a03e-6f88-4ed6-a57b-14b40bcf9480-SegmentedRaftLogWorker:Storage Directory /workdir/hadoop-ozone/tools/target/test-dir/MiniOzoneClusterImpl-68b3c2dd-7b99-4165-989a-193f9a99bda1/datanode-3/data/ratis/c34a1ec4-8a41-41d3-9eb4-364a4b03a2ce for RaftStorage:Storage Directory /workdir/hadoop-ozone/tools/target/test-dir/MiniOzoneClusterImpl-68b3c2dd-7b99-4165-989a-193f9a99bda1/datanode-3/data/ratis/c34a1ec4-8a41-41d3-9eb4-364a4b03a2ce
2019-09-12 11:55:24,668 [pool-60-thread-1] INFO  server.RaftServerConfigKeys (ConfUtils.java:logGet(43)) - raft.server.log.queue.byte-limit = 2147483647 (custom)
2019-09-12 11:55:24,668 [pool-60-thread-1] INFO  server.RaftServerConfigKeys (ConfUtils.java:logGet(43)) - raft.server.log.queue.element-limit = 1024 (custom)
2019-09-12 11:55:24,668 [pool-60-thread-1] INFO  server.RaftServerConfigKeys (ConfUtils.java:logGet(43)) - raft.server.log.segment.size.max = 1048576 (custom)
2019-09-12 11:55:24,668 [pool-60-thread-1] INFO  server.RaftServerConfigKeys (ConfUtils.java:logGet(43)) - raft.server.log.preallocated.size = 16384 (custom)
2019-09-12 11:55:24,668 [pool-60-thread-1] INFO  server.RaftServerConfigKeys (ConfUtils.java:logGet(43)) - raft.server.log.write.buffer.size = 33554432 (custom)
2019-09-12 11:55:24,669 [pool-60-thread-1] INFO  server.RaftServerConfigKeys (ConfUtils.java:logGet(43)) - raft.server.log.force.sync.num = 128 (default)
2019-09-12 11:55:24,669 [pool-60-thread-1] INFO  server.RaftServerConfigKeys (ConfUtils.java:logGet(43)) - raft.server.log.statemachine.data.sync = true (default)
2019-09-12 11:55:24,669 [pool-60-thread-1] INFO  server.RaftServerConfigKeys (ConfUtils.java:logGet(43)) - raft.server.log.statemachine.data.sync.timeout = 10s (default)
2019-09-12 11:55:24,669 [pool-60-thread-1] INFO  server.RaftServerConfigKeys (ConfUtils.java:logGet(43)) - raft.server.log.statemachine.data.sync.timeout.retry = -1 (default)
2019-09-12 11:55:24,669 [pool-60-thread-1] INFO  server.RaftServerConfigKeys (ConfUtils.java:logGet(43)) - raft.server.log.statemachine.data.caching.enabled = true (custom)
2019-09-12 11:55:24,670 [pool-60-thread-1] INFO  segmented.SegmentedRaftLogWorker (SegmentedRaftLogWorker.java:lambda$new$0(132)) - 5774a03e-6f88-4ed6-a57b-14b40bcf9480-SegmentedRaftLogWorker:Storage Directory /workdir/hadoop-ozone/tools/target/test-dir/MiniOzoneClusterImpl-68b3c2dd-7b99-4165-989a-193f9a99bda1/datanode-3/data/ratis/c34a1ec4-8a41-41d3-9eb4-364a4b03a2ce: flushIndex: setUnconditionally 0 -> -1
2019-09-12 11:55:24,670 [pool-60-thread-1] INFO  server.RaftServerConfigKeys (ConfUtils.java:logGet(43)) - raft.server.snapshot.auto.trigger.enabled = true (custom)
2019-09-12 11:55:24,670 [pool-60-thread-1] INFO  server.RaftServerConfigKeys (ConfUtils.java:logGet(43)) - raft.server.snapshot.auto.trigger.threshold = 10000 (custom)
2019-09-12 11:55:24,670 [pool-60-thread-1] INFO  server.RaftServerConfigKeys (ConfUtils.java:logGet(43)) - raft.server.retrycache.expirytime = 600000ms (custom)
2019-09-12 11:55:24,671 [pool-60-thread-1] INFO  impl.RaftServerImpl (RaftServerImpl.java:start(180)) - 5774a03e-6f88-4ed6-a57b-14b40bcf9480: start group-364A4B03A2CE
2019-09-12 11:55:24,671 [pool-60-thread-1] INFO  impl.RaftServerImpl (RaftServerImpl.java:setRole(171)) - 5774a03e-6f88-4ed6-a57b-14b40bcf9480:group-364A4B03A2CE changes role from null to FOLLOWER at term 0 for startAsFollower
2019-09-12 11:55:24,671 [pool-60-thread-1] INFO  impl.RoleInfo (RoleInfo.java:updateAndGet(143)) - 5774a03e-6f88-4ed6-a57b-14b40bcf9480: start FollowerState
2019-09-12 11:55:24,671 [pool-60-thread-1] INFO  util.JmxRegister (JmxRegister.java:tryRegister(44)) - Successfully registered JMX Bean with object name Ratis:service=RaftServer,group=group-364A4B03A2CE,id=5774a03e-6f88-4ed6-a57b-14b40bcf9480
2019-09-12 11:55:24,680 [RatisPipelineUtilsThread] INFO  pipeline.PipelineStateManager (PipelineStateManager.java:addPipeline(56)) - Created pipeline Pipeline[ Id: c34a1ec4-8a41-41d3-9eb4-364a4b03a2ce, Nodes: 5774a03e-6f88-4ed6-a57b-14b40bcf9480{ip: 192.168.157.195, host: pr-hdds-1569-xtfnx-3545843844, networkLocation: /default-rack, certSerialId: null}, Type:RATIS, Factor:ONE, State:OPEN]
2019-09-12 11:55:24,693 [grpc-default-executor-0] INFO  impl.RaftServerProxy (RaftServerProxy.java:addNew(89)) - 3721b0b4-2420-471b-8c71-d07221d0164f: addNew group-23F7B9624FAC:[3721b0b4-2420-471b-8c71-d07221d0164f:192.168.157.195:44599] returns group-23F7B9624FAC:java.util.concurrent.CompletableFuture@41b0fb4d[Not completed]
2019-09-12 11:55:24,695 [pool-27-thread-1] INFO  impl.RaftServerImpl (RaftServerImpl.java:<init>(93)) - 3721b0b4-2420-471b-8c71-d07221d0164f: new RaftServerImpl for group-23F7B9624FAC:[3721b0b4-2420-471b-8c71-d07221d0164f:192.168.157.195:44599] with ContainerStateMachine:uninitialized
2019-09-12 11:55:24,695 [pool-27-thread-1] INFO  server.RaftServerConfigKeys (ConfUtils.java:logGet(43)) - raft.server.rpc.timeout.min = 5s (custom)
2019-09-12 11:55:24,695 [pool-27-thread-1] INFO  server.RaftServerConfigKeys (ConfUtils.java:logGet(43)) - raft.server.rpc.timeout.max = 5200ms (custom)
2019-09-12 11:55:24,696 [pool-27-thread-1] INFO  server.RaftServerConfigKeys (ConfUtils.java:logGet(43)) - raft.server.rpcslowness.timeout = 120s (custom)
2019-09-12 11:55:24,696 [pool-27-thread-1] INFO  server.RaftServerConfigKeys (ConfUtils.java:logGet(43)) - raft.server.sleep.deviation.threshold = 300 (default)
2019-09-12 11:55:24,696 [pool-27-thread-1] INFO  server.RaftServerConfigKeys (ConfUtils.java:logGet(43)) - raft.server.log.appender.install.snapshot.enabled = false (custom)
2019-09-12 11:55:24,696 [pool-27-thread-1] INFO  impl.RaftServerImpl (ServerState.java:<init>(105)) - 3721b0b4-2420-471b-8c71-d07221d0164f:group-23F7B9624FAC ConfigurationManager, init=-1: [3721b0b4-2420-471b-8c71-d07221d0164f:192.168.157.195:44599], old=null, confs=<EMPTY_MAP>
2019-09-12 11:55:24,696 [pool-27-thread-1] INFO  server.RaftServerConfigKeys (ConfUtils.java:logGet(43)) - raft.server.storage.dir = [/workdir/hadoop-ozone/tools/target/test-dir/MiniOzoneClusterImpl-68b3c2dd-7b99-4165-989a-193f9a99bda1/datanode-0/data/ratis] (custom)
2019-09-12 11:55:24,697 [pool-27-thread-1] INFO  storage.RaftStorageDirectory (RaftStorageDirectory.java:analyzeStorage(246)) - The storage directory /workdir/hadoop-ozone/tools/target/test-dir/MiniOzoneClusterImpl-68b3c2dd-7b99-4165-989a-193f9a99bda1/datanode-0/data/ratis/cc51b0f1-9ed4-437c-9604-23f7b9624fac does not exist. Creating ...
2019-09-12 11:55:24,710 [pool-27-thread-1] INFO  storage.RaftStorageDirectory (RaftStorageDirectory.java:tryLock(328)) - Lock on /workdir/hadoop-ozone/tools/target/test-dir/MiniOzoneClusterImpl-68b3c2dd-7b99-4165-989a-193f9a99bda1/datanode-0/data/ratis/cc51b0f1-9ed4-437c-9604-23f7b9624fac/in_use.lock acquired by nodename 19800@pr-hdds-1569-xtfnx-3545843844
2019-09-12 11:55:24,723 [pool-27-thread-1] INFO  storage.RaftStorage (RaftStorage.java:format(72)) - Storage directory /workdir/hadoop-ozone/tools/target/test-dir/MiniOzoneClusterImpl-68b3c2dd-7b99-4165-989a-193f9a99bda1/datanode-0/data/ratis/cc51b0f1-9ed4-437c-9604-23f7b9624fac has been successfully formatted.
2019-09-12 11:55:24,723 [pool-27-thread-1] INFO  ratis.ContainerStateMachine (ContainerStateMachine.java:loadSnapshot(226)) - group-23F7B9624FAC: The snapshot info is null. Setting the last applied indexto:(t:0, i:~)
2019-09-12 11:55:24,724 [pool-27-thread-1] INFO  server.RaftServerConfigKeys (ConfUtils.java:logGet(43)) - raft.server.leader.election.timeout = 120s (custom)
2019-09-12 11:55:24,724 [pool-27-thread-1] INFO  server.RaftServerConfigKeys (ConfUtils.java:logGet(43)) - raft.server.log.use.memory = false (default)
2019-09-12 11:55:24,724 [pool-27-thread-1] INFO  server.RaftServerConfigKeys (ConfUtils.java:logGet(43)) - raft.server.log.purge.gap = 1000000 (custom)
2019-09-12 11:55:24,724 [pool-27-thread-1] INFO  server.RaftServerConfigKeys (ConfUtils.java:logGet(43)) - raft.server.log.appender.buffer.byte-limit = 33554432 (custom)
2019-09-12 11:55:24,725 [pool-27-thread-1] INFO  server.RaftServerConfigKeys (ConfUtils.java:logGet(43)) - raft.server.log.segment.size.max = 1048576 (custom)
2019-09-12 11:55:24,725 [pool-27-thread-1] INFO  server.RaftServerConfigKeys (ConfUtils.java:logGet(43)) - raft.server.log.segment.cache.num.max = 2 (custom)
2019-09-12 11:55:24,725 [pool-27-thread-1] INFO  segmented.SegmentedRaftLogWorker (SegmentedRaftLogWorker.java:<init>(172)) - new 3721b0b4-2420-471b-8c71-d07221d0164f-SegmentedRaftLogWorker:Storage Directory /workdir/hadoop-ozone/tools/target/test-dir/MiniOzoneClusterImpl-68b3c2dd-7b99-4165-989a-193f9a99bda1/datanode-0/data/ratis/cc51b0f1-9ed4-437c-9604-23f7b9624fac for RaftStorage:Storage Directory /workdir/hadoop-ozone/tools/target/test-dir/MiniOzoneClusterImpl-68b3c2dd-7b99-4165-989a-193f9a99bda1/datanode-0/data/ratis/cc51b0f1-9ed4-437c-9604-23f7b9624fac
2019-09-12 11:55:24,725 [pool-27-thread-1] INFO  server.RaftServerConfigKeys (ConfUtils.java:logGet(43)) - raft.server.log.queue.byte-limit = 2147483647 (custom)
2019-09-12 11:55:24,725 [pool-27-thread-1] INFO  server.RaftServerConfigKeys (ConfUtils.java:logGet(43)) - raft.server.log.queue.element-limit = 1024 (custom)
2019-09-12 11:55:24,726 [pool-27-thread-1] INFO  server.RaftServerConfigKeys (ConfUtils.java:logGet(43)) - raft.server.log.segment.size.max = 1048576 (custom)
2019-09-12 11:55:24,726 [pool-27-thread-1] INFO  server.RaftServerConfigKeys (ConfUtils.java:logGet(43)) - raft.server.log.preallocated.size = 16384 (custom)
2019-09-12 11:55:24,726 [pool-27-thread-1] INFO  server.RaftServerConfigKeys (ConfUtils.java:logGet(43)) - raft.server.log.write.buffer.size = 33554432 (custom)
2019-09-12 11:55:24,726 [pool-27-thread-1] INFO  server.RaftServerConfigKeys (ConfUtils.java:logGet(43)) - raft.server.log.force.sync.num = 128 (default)
2019-09-12 11:55:24,726 [pool-27-thread-1] INFO  server.RaftServerConfigKeys (ConfUtils.java:logGet(43)) - raft.server.log.statemachine.data.sync = true (default)
2019-09-12 11:55:24,726 [pool-27-thread-1] INFO  server.RaftServerConfigKeys (ConfUtils.java:logGet(43)) - raft.server.log.statemachine.data.sync.timeout = 10s (default)
2019-09-12 11:55:24,726 [pool-27-thread-1] INFO  server.RaftServerConfigKeys (ConfUtils.java:logGet(43)) - raft.server.log.statemachine.data.sync.timeout.retry = -1 (default)
2019-09-12 11:55:24,727 [pool-27-thread-1] INFO  server.RaftServerConfigKeys (ConfUtils.java:logGet(43)) - raft.server.log.statemachine.data.caching.enabled = true (custom)
2019-09-12 11:55:24,727 [pool-27-thread-1] INFO  segmented.SegmentedRaftLogWorker (SegmentedRaftLogWorker.java:lambda$new$0(132)) - 3721b0b4-2420-471b-8c71-d07221d0164f-SegmentedRaftLogWorker:Storage Directory /workdir/hadoop-ozone/tools/target/test-dir/MiniOzoneClusterImpl-68b3c2dd-7b99-4165-989a-193f9a99bda1/datanode-0/data/ratis/cc51b0f1-9ed4-437c-9604-23f7b9624fac: flushIndex: setUnconditionally 0 -> -1
2019-09-12 11:55:24,727 [pool-27-thread-1] INFO  server.RaftServerConfigKeys (ConfUtils.java:logGet(43)) - raft.server.snapshot.auto.trigger.enabled = true (custom)
2019-09-12 11:55:24,728 [pool-27-thread-1] INFO  server.RaftServerConfigKeys (ConfUtils.java:logGet(43)) - raft.server.snapshot.auto.trigger.threshold = 10000 (custom)
2019-09-12 11:55:24,728 [pool-27-thread-1] INFO  server.RaftServerConfigKeys (ConfUtils.java:logGet(43)) - raft.server.retrycache.expirytime = 600000ms (custom)
2019-09-12 11:55:24,728 [pool-27-thread-1] INFO  impl.RaftServerImpl (RaftServerImpl.java:start(180)) - 3721b0b4-2420-471b-8c71-d07221d0164f: start group-23F7B9624FAC
2019-09-12 11:55:24,728 [pool-27-thread-1] INFO  impl.RaftServerImpl (RaftServerImpl.java:setRole(171)) - 3721b0b4-2420-471b-8c71-d07221d0164f:group-23F7B9624FAC changes role from null to FOLLOWER at term 0 for startAsFollower
2019-09-12 11:55:24,729 [pool-27-thread-1] INFO  impl.RoleInfo (RoleInfo.java:updateAndGet(143)) - 3721b0b4-2420-471b-8c71-d07221d0164f: start FollowerState
2019-09-12 11:55:24,729 [pool-27-thread-1] INFO  util.JmxRegister (JmxRegister.java:tryRegister(44)) - Successfully registered JMX Bean with object name Ratis:service=RaftServer,group=group-23F7B9624FAC,id=3721b0b4-2420-471b-8c71-d07221d0164f
2019-09-12 11:55:24,738 [RatisPipelineUtilsThread] INFO  pipeline.PipelineStateManager (PipelineStateManager.java:addPipeline(56)) - Created pipeline Pipeline[ Id: cc51b0f1-9ed4-437c-9604-23f7b9624fac, Nodes: 3721b0b4-2420-471b-8c71-d07221d0164f{ip: 192.168.157.195, host: pr-hdds-1569-xtfnx-3545843844, networkLocation: /default-rack, certSerialId: null}, Type:RATIS, Factor:ONE, State:OPEN]
2019-09-12 11:55:24,750 [grpc-default-executor-0] INFO  impl.RaftServerProxy (RaftServerProxy.java:addNew(89)) - 5774a03e-6f88-4ed6-a57b-14b40bcf9480: addNew group-946044767E43:[5774a03e-6f88-4ed6-a57b-14b40bcf9480:192.168.157.195:42494] returns group-946044767E43:java.util.concurrent.CompletableFuture@262e84f6[Not completed]
2019-09-12 11:55:24,751 [pool-60-thread-1] INFO  impl.RaftServerImpl (RaftServerImpl.java:<init>(93)) - 5774a03e-6f88-4ed6-a57b-14b40bcf9480: new RaftServerImpl for group-946044767E43:[5774a03e-6f88-4ed6-a57b-14b40bcf9480:192.168.157.195:42494] with ContainerStateMachine:uninitialized
2019-09-12 11:55:24,752 [pool-60-thread-1] INFO  server.RaftServerConfigKeys (ConfUtils.java:logGet(43)) - raft.server.rpc.timeout.min = 5s (custom)
2019-09-12 11:55:24,752 [pool-60-thread-1] INFO  server.RaftServerConfigKeys (ConfUtils.java:logGet(43)) - raft.server.rpc.timeout.max = 5200ms (custom)
2019-09-12 11:55:24,752 [pool-60-thread-1] INFO  server.RaftServerConfigKeys (ConfUtils.java:logGet(43)) - raft.server.rpcslowness.timeout = 120s (custom)
2019-09-12 11:55:24,752 [pool-60-thread-1] INFO  server.RaftServerConfigKeys (ConfUtils.java:logGet(43)) - raft.server.sleep.deviation.threshold = 300 (default)
2019-09-12 11:55:24,752 [pool-60-thread-1] INFO  server.RaftServerConfigKeys (ConfUtils.java:logGet(43)) - raft.server.log.appender.install.snapshot.enabled = false (custom)
2019-09-12 11:55:24,752 [pool-60-thread-1] INFO  impl.RaftServerImpl (ServerState.java:<init>(105)) - 5774a03e-6f88-4ed6-a57b-14b40bcf9480:group-946044767E43 ConfigurationManager, init=-1: [5774a03e-6f88-4ed6-a57b-14b40bcf9480:192.168.157.195:42494], old=null, confs=<EMPTY_MAP>
2019-09-12 11:55:24,753 [pool-60-thread-1] INFO  server.RaftServerConfigKeys (ConfUtils.java:logGet(43)) - raft.server.storage.dir = [/workdir/hadoop-ozone/tools/target/test-dir/MiniOzoneClusterImpl-68b3c2dd-7b99-4165-989a-193f9a99bda1/datanode-3/data/ratis] (custom)
2019-09-12 11:55:24,753 [pool-60-thread-1] INFO  storage.RaftStorageDirectory (RaftStorageDirectory.java:analyzeStorage(246)) - The storage directory /workdir/hadoop-ozone/tools/target/test-dir/MiniOzoneClusterImpl-68b3c2dd-7b99-4165-989a-193f9a99bda1/datanode-3/data/ratis/c2de1ddf-9b65-4e45-a210-946044767e43 does not exist. Creating ...
2019-09-12 11:55:24,766 [pool-60-thread-1] INFO  storage.RaftStorageDirectory (RaftStorageDirectory.java:tryLock(328)) - Lock on /workdir/hadoop-ozone/tools/target/test-dir/MiniOzoneClusterImpl-68b3c2dd-7b99-4165-989a-193f9a99bda1/datanode-3/data/ratis/c2de1ddf-9b65-4e45-a210-946044767e43/in_use.lock acquired by nodename 19800@pr-hdds-1569-xtfnx-3545843844
2019-09-12 11:55:24,792 [main] INFO  ozone.MiniOzoneClusterImpl (MiniOzoneClusterImpl.java:lambda$waitForClusterToBeReady$0(142)) - Cluster is ready. Got 5 of 5 DN Heartbeats.
2019-09-12 11:55:24,796 [pool-60-thread-1] INFO  storage.RaftStorage (RaftStorage.java:format(72)) - Storage directory /workdir/hadoop-ozone/tools/target/test-dir/MiniOzoneClusterImpl-68b3c2dd-7b99-4165-989a-193f9a99bda1/datanode-3/data/ratis/c2de1ddf-9b65-4e45-a210-946044767e43 has been successfully formatted.
2019-09-12 11:55:24,796 [pool-60-thread-1] INFO  ratis.ContainerStateMachine (ContainerStateMachine.java:loadSnapshot(226)) - group-946044767E43: The snapshot info is null. Setting the last applied indexto:(t:0, i:~)
2019-09-12 11:55:24,796 [pool-60-thread-1] INFO  server.RaftServerConfigKeys (ConfUtils.java:logGet(43)) - raft.server.leader.election.timeout = 120s (custom)
2019-09-12 11:55:24,797 [pool-60-thread-1] INFO  server.RaftServerConfigKeys (ConfUtils.java:logGet(43)) - raft.server.log.use.memory = false (default)
2019-09-12 11:55:24,797 [pool-60-thread-1] INFO  server.RaftServerConfigKeys (ConfUtils.java:logGet(43)) - raft.server.log.purge.gap = 1000000 (custom)
2019-09-12 11:55:24,797 [pool-60-thread-1] INFO  server.RaftServerConfigKeys (ConfUtils.java:logGet(43)) - raft.server.log.appender.buffer.byte-limit = 33554432 (custom)
2019-09-12 11:55:24,797 [pool-60-thread-1] INFO  server.RaftServerConfigKeys (ConfUtils.java:logGet(43)) - raft.server.log.segment.size.max = 1048576 (custom)
2019-09-12 11:55:24,797 [pool-60-thread-1] INFO  server.RaftServerConfigKeys (ConfUtils.java:logGet(43)) - raft.server.log.segment.cache.num.max = 2 (custom)
2019-09-12 11:55:24,798 [pool-60-thread-1] INFO  segmented.SegmentedRaftLogWorker (SegmentedRaftLogWorker.java:<init>(172)) - new 5774a03e-6f88-4ed6-a57b-14b40bcf9480-SegmentedRaftLogWorker:Storage Directory /workdir/hadoop-ozone/tools/target/test-dir/MiniOzoneClusterImpl-68b3c2dd-7b99-4165-989a-193f9a99bda1/datanode-3/data/ratis/c2de1ddf-9b65-4e45-a210-946044767e43 for RaftStorage:Storage Directory /workdir/hadoop-ozone/tools/target/test-dir/MiniOzoneClusterImpl-68b3c2dd-7b99-4165-989a-193f9a99bda1/datanode-3/data/ratis/c2de1ddf-9b65-4e45-a210-946044767e43
2019-09-12 11:55:24,798 [pool-60-thread-1] INFO  server.RaftServerConfigKeys (ConfUtils.java:logGet(43)) - raft.server.log.queue.byte-limit = 2147483647 (custom)
2019-09-12 11:55:24,798 [pool-60-thread-1] INFO  server.RaftServerConfigKeys (ConfUtils.java:logGet(43)) - raft.server.log.queue.element-limit = 1024 (custom)
2019-09-12 11:55:24,798 [pool-60-thread-1] INFO  server.RaftServerConfigKeys (ConfUtils.java:logGet(43)) - raft.server.log.segment.size.max = 1048576 (custom)
2019-09-12 11:55:24,798 [pool-60-thread-1] INFO  server.RaftServerConfigKeys (ConfUtils.java:logGet(43)) - raft.server.log.preallocated.size = 16384 (custom)
2019-09-12 11:55:24,798 [pool-60-thread-1] INFO  server.RaftServerConfigKeys (ConfUtils.java:logGet(43)) - raft.server.log.write.buffer.size = 33554432 (custom)
2019-09-12 11:55:24,799 [pool-60-thread-1] INFO  server.RaftServerConfigKeys (ConfUtils.java:logGet(43)) - raft.server.log.force.sync.num = 128 (default)
2019-09-12 11:55:24,799 [pool-60-thread-1] INFO  server.RaftServerConfigKeys (ConfUtils.java:logGet(43)) - raft.server.log.statemachine.data.sync = true (default)
2019-09-12 11:55:24,799 [pool-60-thread-1] INFO  server.RaftServerConfigKeys (ConfUtils.java:logGet(43)) - raft.server.log.statemachine.data.sync.timeout = 10s (default)
2019-09-12 11:55:24,799 [pool-60-thread-1] INFO  server.RaftServerConfigKeys (ConfUtils.java:logGet(43)) - raft.server.log.statemachine.data.sync.timeout.retry = -1 (default)
2019-09-12 11:55:24,799 [pool-60-thread-1] INFO  server.RaftServerConfigKeys (ConfUtils.java:logGet(43)) - raft.server.log.statemachine.data.caching.enabled = true (custom)
2019-09-12 11:55:24,800 [pool-60-thread-1] INFO  segmented.SegmentedRaftLogWorker (SegmentedRaftLogWorker.java:lambda$new$0(132)) - 5774a03e-6f88-4ed6-a57b-14b40bcf9480-SegmentedRaftLogWorker:Storage Directory /workdir/hadoop-ozone/tools/target/test-dir/MiniOzoneClusterImpl-68b3c2dd-7b99-4165-989a-193f9a99bda1/datanode-3/data/ratis/c2de1ddf-9b65-4e45-a210-946044767e43: flushIndex: setUnconditionally 0 -> -1
2019-09-12 11:55:24,800 [pool-60-thread-1] INFO  server.RaftServerConfigKeys (ConfUtils.java:logGet(43)) - raft.server.snapshot.auto.trigger.enabled = true (custom)
2019-09-12 11:55:24,800 [pool-60-thread-1] INFO  server.RaftServerConfigKeys (ConfUtils.java:logGet(43)) - raft.server.snapshot.auto.trigger.threshold = 10000 (custom)
2019-09-12 11:55:24,801 [pool-60-thread-1] INFO  server.RaftServerConfigKeys (ConfUtils.java:logGet(43)) - raft.server.retrycache.expirytime = 600000ms (custom)
2019-09-12 11:55:24,801 [pool-60-thread-1] INFO  impl.RaftServerImpl (RaftServerImpl.java:start(180)) - 5774a03e-6f88-4ed6-a57b-14b40bcf9480: start group-946044767E43
2019-09-12 11:55:24,801 [pool-60-thread-1] INFO  impl.RaftServerImpl (RaftServerImpl.java:setRole(171)) - 5774a03e-6f88-4ed6-a57b-14b40bcf9480:group-946044767E43 changes role from null to FOLLOWER at term 0 for startAsFollower
2019-09-12 11:55:24,801 [pool-60-thread-1] INFO  impl.RoleInfo (RoleInfo.java:updateAndGet(143)) - 5774a03e-6f88-4ed6-a57b-14b40bcf9480: start FollowerState
2019-09-12 11:55:24,802 [pool-60-thread-1] INFO  util.JmxRegister (JmxRegister.java:tryRegister(44)) - Successfully registered JMX Bean with object name Ratis:service=RaftServer,group=group-946044767E43,id=5774a03e-6f88-4ed6-a57b-14b40bcf9480
2019-09-12 11:55:24,811 [RatisPipelineUtilsThread] INFO  pipeline.PipelineStateManager (PipelineStateManager.java:addPipeline(56)) - Created pipeline Pipeline[ Id: c2de1ddf-9b65-4e45-a210-946044767e43, Nodes: 5774a03e-6f88-4ed6-a57b-14b40bcf9480{ip: 192.168.157.195, host: pr-hdds-1569-xtfnx-3545843844, networkLocation: /default-rack, certSerialId: null}, Type:RATIS, Factor:ONE, State:OPEN]
2019-09-12 11:55:24,826 [grpc-default-executor-0] INFO  impl.RaftServerProxy (RaftServerProxy.java:addNew(89)) - 3721b0b4-2420-471b-8c71-d07221d0164f: addNew group-4A2E27872BD3:[3721b0b4-2420-471b-8c71-d07221d0164f:192.168.157.195:44599] returns group-4A2E27872BD3:java.util.concurrent.CompletableFuture@897c686[Not completed]
2019-09-12 11:55:24,828 [pool-27-thread-1] INFO  impl.RaftServerImpl (RaftServerImpl.java:<init>(93)) - 3721b0b4-2420-471b-8c71-d07221d0164f: new RaftServerImpl for group-4A2E27872BD3:[3721b0b4-2420-471b-8c71-d07221d0164f:192.168.157.195:44599] with ContainerStateMachine:uninitialized
2019-09-12 11:55:24,829 [pool-27-thread-1] INFO  server.RaftServerConfigKeys (ConfUtils.java:logGet(43)) - raft.server.rpc.timeout.min = 5s (custom)
2019-09-12 11:55:24,829 [pool-27-thread-1] INFO  server.RaftServerConfigKeys (ConfUtils.java:logGet(43)) - raft.server.rpc.timeout.max = 5200ms (custom)
2019-09-12 11:55:24,829 [pool-27-thread-1] INFO  server.RaftServerConfigKeys (ConfUtils.java:logGet(43)) - raft.server.rpcslowness.timeout = 120s (custom)
2019-09-12 11:55:24,829 [pool-27-thread-1] INFO  server.RaftServerConfigKeys (ConfUtils.java:logGet(43)) - raft.server.sleep.deviation.threshold = 300 (default)
2019-09-12 11:55:24,829 [pool-27-thread-1] INFO  server.RaftServerConfigKeys (ConfUtils.java:logGet(43)) - raft.server.log.appender.install.snapshot.enabled = false (custom)
2019-09-12 11:55:24,829 [pool-27-thread-1] INFO  impl.RaftServerImpl (ServerState.java:<init>(105)) - 3721b0b4-2420-471b-8c71-d07221d0164f:group-4A2E27872BD3 ConfigurationManager, init=-1: [3721b0b4-2420-471b-8c71-d07221d0164f:192.168.157.195:44599], old=null, confs=<EMPTY_MAP>
2019-09-12 11:55:24,830 [pool-27-thread-1] INFO  server.RaftServerConfigKeys (ConfUtils.java:logGet(43)) - raft.server.storage.dir = [/workdir/hadoop-ozone/tools/target/test-dir/MiniOzoneClusterImpl-68b3c2dd-7b99-4165-989a-193f9a99bda1/datanode-0/data/ratis] (custom)
2019-09-12 11:55:24,830 [pool-27-thread-1] INFO  storage.RaftStorageDirectory (RaftStorageDirectory.java:analyzeStorage(246)) - The storage directory /workdir/hadoop-ozone/tools/target/test-dir/MiniOzoneClusterImpl-68b3c2dd-7b99-4165-989a-193f9a99bda1/datanode-0/data/ratis/00efa72c-1683-4720-be2a-4a2e27872bd3 does not exist. Creating ...
2019-09-12 11:55:24,843 [pool-27-thread-1] INFO  storage.RaftStorageDirectory (RaftStorageDirectory.java:tryLock(328)) - Lock on /workdir/hadoop-ozone/tools/target/test-dir/MiniOzoneClusterImpl-68b3c2dd-7b99-4165-989a-193f9a99bda1/datanode-0/data/ratis/00efa72c-1683-4720-be2a-4a2e27872bd3/in_use.lock acquired by nodename 19800@pr-hdds-1569-xtfnx-3545843844
2019-09-12 11:55:24,858 [pool-27-thread-1] INFO  storage.RaftStorage (RaftStorage.java:format(72)) - Storage directory /workdir/hadoop-ozone/tools/target/test-dir/MiniOzoneClusterImpl-68b3c2dd-7b99-4165-989a-193f9a99bda1/datanode-0/data/ratis/00efa72c-1683-4720-be2a-4a2e27872bd3 has been successfully formatted.
2019-09-12 11:55:24,858 [pool-27-thread-1] INFO  ratis.ContainerStateMachine (ContainerStateMachine.java:loadSnapshot(226)) - group-4A2E27872BD3: The snapshot info is null. Setting the last applied indexto:(t:0, i:~)
2019-09-12 11:55:24,858 [pool-27-thread-1] INFO  server.RaftServerConfigKeys (ConfUtils.java:logGet(43)) - raft.server.leader.election.timeout = 120s (custom)
2019-09-12 11:55:24,858 [pool-27-thread-1] INFO  server.RaftServerConfigKeys (ConfUtils.java:logGet(43)) - raft.server.log.use.memory = false (default)
2019-09-12 11:55:24,859 [pool-27-thread-1] INFO  server.RaftServerConfigKeys (ConfUtils.java:logGet(43)) - raft.server.log.purge.gap = 1000000 (custom)
2019-09-12 11:55:24,859 [pool-27-thread-1] INFO  server.RaftServerConfigKeys (ConfUtils.java:logGet(43)) - raft.server.log.appender.buffer.byte-limit = 33554432 (custom)
2019-09-12 11:55:24,859 [pool-27-thread-1] INFO  server.RaftServerConfigKeys (ConfUtils.java:logGet(43)) - raft.server.log.segment.size.max = 1048576 (custom)
2019-09-12 11:55:24,859 [pool-27-thread-1] INFO  server.RaftServerConfigKeys (ConfUtils.java:logGet(43)) - raft.server.log.segment.cache.num.max = 2 (custom)
2019-09-12 11:55:24,859 [pool-27-thread-1] INFO  segmented.SegmentedRaftLogWorker (SegmentedRaftLogWorker.java:<init>(172)) - new 3721b0b4-2420-471b-8c71-d07221d0164f-SegmentedRaftLogWorker:Storage Directory /workdir/hadoop-ozone/tools/target/test-dir/MiniOzoneClusterImpl-68b3c2dd-7b99-4165-989a-193f9a99bda1/datanode-0/data/ratis/00efa72c-1683-4720-be2a-4a2e27872bd3 for RaftStorage:Storage Directory /workdir/hadoop-ozone/tools/target/test-dir/MiniOzoneClusterImpl-68b3c2dd-7b99-4165-989a-193f9a99bda1/datanode-0/data/ratis/00efa72c-1683-4720-be2a-4a2e27872bd3
2019-09-12 11:55:24,860 [pool-27-thread-1] INFO  server.RaftServerConfigKeys (ConfUtils.java:logGet(43)) - raft.server.log.queue.byte-limit = 2147483647 (custom)
2019-09-12 11:55:24,860 [pool-27-thread-1] INFO  server.RaftServerConfigKeys (ConfUtils.java:logGet(43)) - raft.server.log.queue.element-limit = 1024 (custom)
2019-09-12 11:55:24,860 [pool-27-thread-1] INFO  server.RaftServerConfigKeys (ConfUtils.java:logGet(43)) - raft.server.log.segment.size.max = 1048576 (custom)
2019-09-12 11:55:24,860 [pool-27-thread-1] INFO  server.RaftServerConfigKeys (ConfUtils.java:logGet(43)) - raft.server.log.preallocated.size = 16384 (custom)
2019-09-12 11:55:24,860 [pool-27-thread-1] INFO  server.RaftServerConfigKeys (ConfUtils.java:logGet(43)) - raft.server.log.write.buffer.size = 33554432 (custom)
2019-09-12 11:55:24,860 [pool-27-thread-1] INFO  server.RaftServerConfigKeys (ConfUtils.java:logGet(43)) - raft.server.log.force.sync.num = 128 (default)
2019-09-12 11:55:24,861 [pool-27-thread-1] INFO  server.RaftServerConfigKeys (ConfUtils.java:logGet(43)) - raft.server.log.statemachine.data.sync = true (default)
2019-09-12 11:55:24,861 [pool-27-thread-1] INFO  server.RaftServerConfigKeys (ConfUtils.java:logGet(43)) - raft.server.log.statemachine.data.sync.timeout = 10s (default)
2019-09-12 11:55:24,861 [pool-27-thread-1] INFO  server.RaftServerConfigKeys (ConfUtils.java:logGet(43)) - raft.server.log.statemachine.data.sync.timeout.retry = -1 (default)
2019-09-12 11:55:24,861 [pool-27-thread-1] INFO  server.RaftServerConfigKeys (ConfUtils.java:logGet(43)) - raft.server.log.statemachine.data.caching.enabled = true (custom)
2019-09-12 11:55:24,862 [pool-27-thread-1] INFO  segmented.SegmentedRaftLogWorker (SegmentedRaftLogWorker.java:lambda$new$0(132)) - 3721b0b4-2420-471b-8c71-d07221d0164f-SegmentedRaftLogWorker:Storage Directory /workdir/hadoop-ozone/tools/target/test-dir/MiniOzoneClusterImpl-68b3c2dd-7b99-4165-989a-193f9a99bda1/datanode-0/data/ratis/00efa72c-1683-4720-be2a-4a2e27872bd3: flushIndex: setUnconditionally 0 -> -1
2019-09-12 11:55:24,862 [pool-27-thread-1] INFO  server.RaftServerConfigKeys (ConfUtils.java:logGet(43)) - raft.server.snapshot.auto.trigger.enabled = true (custom)
2019-09-12 11:55:24,862 [pool-27-thread-1] INFO  server.RaftServerConfigKeys (ConfUtils.java:logGet(43)) - raft.server.snapshot.auto.trigger.threshold = 10000 (custom)
2019-09-12 11:55:24,862 [pool-27-thread-1] INFO  server.RaftServerConfigKeys (ConfUtils.java:logGet(43)) - raft.server.retrycache.expirytime = 600000ms (custom)
2019-09-12 11:55:24,863 [pool-27-thread-1] INFO  impl.RaftServerImpl (RaftServerImpl.java:start(180)) - 3721b0b4-2420-471b-8c71-d07221d0164f: start group-4A2E27872BD3
2019-09-12 11:55:24,863 [pool-27-thread-1] INFO  impl.RaftServerImpl (RaftServerImpl.java:setRole(171)) - 3721b0b4-2420-471b-8c71-d07221d0164f:group-4A2E27872BD3 changes role from null to FOLLOWER at term 0 for startAsFollower
2019-09-12 11:55:24,863 [pool-27-thread-1] INFO  impl.RoleInfo (RoleInfo.java:updateAndGet(143)) - 3721b0b4-2420-471b-8c71-d07221d0164f: start FollowerState
2019-09-12 11:55:24,864 [pool-27-thread-1] INFO  util.JmxRegister (JmxRegister.java:tryRegister(44)) - Successfully registered JMX Bean with object name Ratis:service=RaftServer,group=group-4A2E27872BD3,id=3721b0b4-2420-471b-8c71-d07221d0164f
2019-09-12 11:55:24,882 [RatisPipelineUtilsThread] INFO  pipeline.PipelineStateManager (PipelineStateManager.java:addPipeline(56)) - Created pipeline Pipeline[ Id: 00efa72c-1683-4720-be2a-4a2e27872bd3, Nodes: 3721b0b4-2420-471b-8c71-d07221d0164f{ip: 192.168.157.195, host: pr-hdds-1569-xtfnx-3545843844, networkLocation: /default-rack, certSerialId: null}, Type:RATIS, Factor:ONE, State:OPEN]
2019-09-12 11:55:24,884 [RatisPipelineUtilsThread] ERROR pipeline.PipelinePlacementPolicy (PipelinePlacementPolicy.java:meetCriteria(91)) - Pipeline Placement: Doesn't meet the criteria to be viable node. Heaviness: 6
2019-09-12 11:55:24,906 [grpc-default-executor-0] INFO  impl.RaftServerProxy (RaftServerProxy.java:addNew(89)) - 5774a03e-6f88-4ed6-a57b-14b40bcf9480: addNew group-48F60558079D:[5774a03e-6f88-4ed6-a57b-14b40bcf9480:192.168.157.195:42494] returns group-48F60558079D:java.util.concurrent.CompletableFuture@515ab8d3[Not completed]
2019-09-12 11:55:24,908 [pool-60-thread-1] INFO  impl.RaftServerImpl (RaftServerImpl.java:<init>(93)) - 5774a03e-6f88-4ed6-a57b-14b40bcf9480: new RaftServerImpl for group-48F60558079D:[5774a03e-6f88-4ed6-a57b-14b40bcf9480:192.168.157.195:42494] with ContainerStateMachine:uninitialized
2019-09-12 11:55:24,908 [pool-60-thread-1] INFO  server.RaftServerConfigKeys (ConfUtils.java:logGet(43)) - raft.server.rpc.timeout.min = 5s (custom)
2019-09-12 11:55:24,908 [pool-60-thread-1] INFO  server.RaftServerConfigKeys (ConfUtils.java:logGet(43)) - raft.server.rpc.timeout.max = 5200ms (custom)
2019-09-12 11:55:24,908 [pool-60-thread-1] INFO  server.RaftServerConfigKeys (ConfUtils.java:logGet(43)) - raft.server.rpcslowness.timeout = 120s (custom)
2019-09-12 11:55:24,909 [pool-60-thread-1] INFO  server.RaftServerConfigKeys (ConfUtils.java:logGet(43)) - raft.server.sleep.deviation.threshold = 300 (default)
2019-09-12 11:55:24,909 [pool-60-thread-1] INFO  server.RaftServerConfigKeys (ConfUtils.java:logGet(43)) - raft.server.log.appender.install.snapshot.enabled = false (custom)
2019-09-12 11:55:24,909 [pool-60-thread-1] INFO  impl.RaftServerImpl (ServerState.java:<init>(105)) - 5774a03e-6f88-4ed6-a57b-14b40bcf9480:group-48F60558079D ConfigurationManager, init=-1: [5774a03e-6f88-4ed6-a57b-14b40bcf9480:192.168.157.195:42494], old=null, confs=<EMPTY_MAP>
2019-09-12 11:55:24,909 [pool-60-thread-1] INFO  server.RaftServerConfigKeys (ConfUtils.java:logGet(43)) - raft.server.storage.dir = [/workdir/hadoop-ozone/tools/target/test-dir/MiniOzoneClusterImpl-68b3c2dd-7b99-4165-989a-193f9a99bda1/datanode-3/data/ratis] (custom)
2019-09-12 11:55:24,910 [pool-60-thread-1] INFO  storage.RaftStorageDirectory (RaftStorageDirectory.java:analyzeStorage(246)) - The storage directory /workdir/hadoop-ozone/tools/target/test-dir/MiniOzoneClusterImpl-68b3c2dd-7b99-4165-989a-193f9a99bda1/datanode-3/data/ratis/cd93e664-ebe0-4a3d-9bc1-48f60558079d does not exist. Creating ...
2019-09-12 11:55:24,922 [pool-60-thread-1] INFO  storage.RaftStorageDirectory (RaftStorageDirectory.java:tryLock(328)) - Lock on /workdir/hadoop-ozone/tools/target/test-dir/MiniOzoneClusterImpl-68b3c2dd-7b99-4165-989a-193f9a99bda1/datanode-3/data/ratis/cd93e664-ebe0-4a3d-9bc1-48f60558079d/in_use.lock acquired by nodename 19800@pr-hdds-1569-xtfnx-3545843844
2019-09-12 11:55:24,936 [pool-60-thread-1] INFO  storage.RaftStorage (RaftStorage.java:format(72)) - Storage directory /workdir/hadoop-ozone/tools/target/test-dir/MiniOzoneClusterImpl-68b3c2dd-7b99-4165-989a-193f9a99bda1/datanode-3/data/ratis/cd93e664-ebe0-4a3d-9bc1-48f60558079d has been successfully formatted.
2019-09-12 11:55:24,936 [pool-60-thread-1] INFO  ratis.ContainerStateMachine (ContainerStateMachine.java:loadSnapshot(226)) - group-48F60558079D: The snapshot info is null. Setting the last applied indexto:(t:0, i:~)
2019-09-12 11:55:24,936 [pool-60-thread-1] INFO  server.RaftServerConfigKeys (ConfUtils.java:logGet(43)) - raft.server.leader.election.timeout = 120s (custom)
2019-09-12 11:55:24,936 [pool-60-thread-1] INFO  server.RaftServerConfigKeys (ConfUtils.java:logGet(43)) - raft.server.log.use.memory = false (default)
2019-09-12 11:55:24,936 [pool-60-thread-1] INFO  server.RaftServerConfigKeys (ConfUtils.java:logGet(43)) - raft.server.log.purge.gap = 1000000 (custom)
2019-09-12 11:55:24,937 [pool-60-thread-1] INFO  server.RaftServerConfigKeys (ConfUtils.java:logGet(43)) - raft.server.log.appender.buffer.byte-limit = 33554432 (custom)
2019-09-12 11:55:24,937 [pool-60-thread-1] INFO  server.RaftServerConfigKeys (ConfUtils.java:logGet(43)) - raft.server.log.segment.size.max = 1048576 (custom)
2019-09-12 11:55:24,937 [pool-60-thread-1] INFO  server.RaftServerConfigKeys (ConfUtils.java:logGet(43)) - raft.server.log.segment.cache.num.max = 2 (custom)
2019-09-12 11:55:24,937 [pool-60-thread-1] INFO  segmented.SegmentedRaftLogWorker (SegmentedRaftLogWorker.java:<init>(172)) - new 5774a03e-6f88-4ed6-a57b-14b40bcf9480-SegmentedRaftLogWorker:Storage Directory /workdir/hadoop-ozone/tools/target/test-dir/MiniOzoneClusterImpl-68b3c2dd-7b99-4165-989a-193f9a99bda1/datanode-3/data/ratis/cd93e664-ebe0-4a3d-9bc1-48f60558079d for RaftStorage:Storage Directory /workdir/hadoop-ozone/tools/target/test-dir/MiniOzoneClusterImpl-68b3c2dd-7b99-4165-989a-193f9a99bda1/datanode-3/data/ratis/cd93e664-ebe0-4a3d-9bc1-48f60558079d
2019-09-12 11:55:24,937 [pool-60-thread-1] INFO  server.RaftServerConfigKeys (ConfUtils.java:logGet(43)) - raft.server.log.queue.byte-limit = 2147483647 (custom)
2019-09-12 11:55:24,937 [pool-60-thread-1] INFO  server.RaftServerConfigKeys (ConfUtils.java:logGet(43)) - raft.server.log.queue.element-limit = 1024 (custom)
2019-09-12 11:55:24,938 [pool-60-thread-1] INFO  server.RaftServerConfigKeys (ConfUtils.java:logGet(43)) - raft.server.log.segment.size.max = 1048576 (custom)
2019-09-12 11:55:24,938 [pool-60-thread-1] INFO  server.RaftServerConfigKeys (ConfUtils.java:logGet(43)) - raft.server.log.preallocated.size = 16384 (custom)
2019-09-12 11:55:24,938 [pool-60-thread-1] INFO  server.RaftServerConfigKeys (ConfUtils.java:logGet(43)) - raft.server.log.write.buffer.size = 33554432 (custom)
2019-09-12 11:55:24,938 [pool-60-thread-1] INFO  server.RaftServerConfigKeys (ConfUtils.java:logGet(43)) - raft.server.log.force.sync.num = 128 (default)
2019-09-12 11:55:24,938 [pool-60-thread-1] INFO  server.RaftServerConfigKeys (ConfUtils.java:logGet(43)) - raft.server.log.statemachine.data.sync = true (default)
2019-09-12 11:55:24,939 [pool-60-thread-1] INFO  server.RaftServerConfigKeys (ConfUtils.java:logGet(43)) - raft.server.log.statemachine.data.sync.timeout = 10s (default)
2019-09-12 11:55:24,939 [pool-60-thread-1] INFO  server.RaftServerConfigKeys (ConfUtils.java:logGet(43)) - raft.server.log.statemachine.data.sync.timeout.retry = -1 (default)
2019-09-12 11:55:24,939 [pool-60-thread-1] INFO  server.RaftServerConfigKeys (ConfUtils.java:logGet(43)) - raft.server.log.statemachine.data.caching.enabled = true (custom)
2019-09-12 11:55:24,939 [pool-60-thread-1] INFO  segmented.SegmentedRaftLogWorker (SegmentedRaftLogWorker.java:lambda$new$0(132)) - 5774a03e-6f88-4ed6-a57b-14b40bcf9480-SegmentedRaftLogWorker:Storage Directory /workdir/hadoop-ozone/tools/target/test-dir/MiniOzoneClusterImpl-68b3c2dd-7b99-4165-989a-193f9a99bda1/datanode-3/data/ratis/cd93e664-ebe0-4a3d-9bc1-48f60558079d: flushIndex: setUnconditionally 0 -> -1
2019-09-12 11:55:24,940 [pool-60-thread-1] INFO  server.RaftServerConfigKeys (ConfUtils.java:logGet(43)) - raft.server.snapshot.auto.trigger.enabled = true (custom)
2019-09-12 11:55:24,940 [pool-60-thread-1] INFO  server.RaftServerConfigKeys (ConfUtils.java:logGet(43)) - raft.server.snapshot.auto.trigger.threshold = 10000 (custom)
2019-09-12 11:55:24,940 [pool-60-thread-1] INFO  server.RaftServerConfigKeys (ConfUtils.java:logGet(43)) - raft.server.retrycache.expirytime = 600000ms (custom)
2019-09-12 11:55:24,940 [pool-60-thread-1] INFO  impl.RaftServerImpl (RaftServerImpl.java:start(180)) - 5774a03e-6f88-4ed6-a57b-14b40bcf9480: start group-48F60558079D
2019-09-12 11:55:24,941 [pool-60-thread-1] INFO  impl.RaftServerImpl (RaftServerImpl.java:setRole(171)) - 5774a03e-6f88-4ed6-a57b-14b40bcf9480:group-48F60558079D changes role from null to FOLLOWER at term 0 for startAsFollower
2019-09-12 11:55:24,941 [pool-60-thread-1] INFO  impl.RoleInfo (RoleInfo.java:updateAndGet(143)) - 5774a03e-6f88-4ed6-a57b-14b40bcf9480: start FollowerState
2019-09-12 11:55:24,941 [pool-60-thread-1] INFO  util.JmxRegister (JmxRegister.java:tryRegister(44)) - Successfully registered JMX Bean with object name Ratis:service=RaftServer,group=group-48F60558079D,id=5774a03e-6f88-4ed6-a57b-14b40bcf9480
2019-09-12 11:55:24,945 | INFO  | SCMAudit | user=jenkins1000 | ip=192.168.157.195 | op=SEND_HEARTBEAT {datanodeUUID=fc058c35-4f1e-4195-8563-dfc72a0df006, command=[]} | ret=SUCCESS |  
2019-09-12 11:55:24,948 [RatisPipelineUtilsThread] INFO  pipeline.PipelineStateManager (PipelineStateManager.java:addPipeline(56)) - Created pipeline Pipeline[ Id: cd93e664-ebe0-4a3d-9bc1-48f60558079d, Nodes: 5774a03e-6f88-4ed6-a57b-14b40bcf9480{ip: 192.168.157.195, host: pr-hdds-1569-xtfnx-3545843844, networkLocation: /default-rack, certSerialId: null}, Type:RATIS, Factor:ONE, State:OPEN]
2019-09-12 11:55:24,949 [RatisPipelineUtilsThread] ERROR pipeline.PipelinePlacementPolicy (PipelinePlacementPolicy.java:meetCriteria(91)) - Pipeline Placement: Doesn't meet the criteria to be viable node. Heaviness: 6
2019-09-12 11:55:24,960 [grpc-default-executor-0] INFO  impl.RaftServerProxy (RaftServerProxy.java:addNew(89)) - 5774a03e-6f88-4ed6-a57b-14b40bcf9480: addNew group-8D8FA97C1728:[5774a03e-6f88-4ed6-a57b-14b40bcf9480:192.168.157.195:42494] returns group-8D8FA97C1728:java.util.concurrent.CompletableFuture@7bea247a[Not completed]
2019-09-12 11:55:24,963 [pool-60-thread-1] INFO  impl.RaftServerImpl (RaftServerImpl.java:<init>(93)) - 5774a03e-6f88-4ed6-a57b-14b40bcf9480: new RaftServerImpl for group-8D8FA97C1728:[5774a03e-6f88-4ed6-a57b-14b40bcf9480:192.168.157.195:42494] with ContainerStateMachine:uninitialized
2019-09-12 11:55:24,963 [pool-60-thread-1] INFO  server.RaftServerConfigKeys (ConfUtils.java:logGet(43)) - raft.server.rpc.timeout.min = 5s (custom)
2019-09-12 11:55:24,963 [pool-60-thread-1] INFO  server.RaftServerConfigKeys (ConfUtils.java:logGet(43)) - raft.server.rpc.timeout.max = 5200ms (custom)
2019-09-12 11:55:24,963 [pool-60-thread-1] INFO  server.RaftServerConfigKeys (ConfUtils.java:logGet(43)) - raft.server.rpcslowness.timeout = 120s (custom)
2019-09-12 11:55:24,963 [pool-60-thread-1] INFO  server.RaftServerConfigKeys (ConfUtils.java:logGet(43)) - raft.server.sleep.deviation.threshold = 300 (default)
2019-09-12 11:55:24,964 [pool-60-thread-1] INFO  server.RaftServerConfigKeys (ConfUtils.java:logGet(43)) - raft.server.log.appender.install.snapshot.enabled = false (custom)
2019-09-12 11:55:24,964 [pool-60-thread-1] INFO  impl.RaftServerImpl (ServerState.java:<init>(105)) - 5774a03e-6f88-4ed6-a57b-14b40bcf9480:group-8D8FA97C1728 ConfigurationManager, init=-1: [5774a03e-6f88-4ed6-a57b-14b40bcf9480:192.168.157.195:42494], old=null, confs=<EMPTY_MAP>
2019-09-12 11:55:24,964 [pool-60-thread-1] INFO  server.RaftServerConfigKeys (ConfUtils.java:logGet(43)) - raft.server.storage.dir = [/workdir/hadoop-ozone/tools/target/test-dir/MiniOzoneClusterImpl-68b3c2dd-7b99-4165-989a-193f9a99bda1/datanode-3/data/ratis] (custom)
2019-09-12 11:55:24,964 [pool-60-thread-1] INFO  storage.RaftStorageDirectory (RaftStorageDirectory.java:analyzeStorage(246)) - The storage directory /workdir/hadoop-ozone/tools/target/test-dir/MiniOzoneClusterImpl-68b3c2dd-7b99-4165-989a-193f9a99bda1/datanode-3/data/ratis/66ec8a39-1748-48e5-982c-8d8fa97c1728 does not exist. Creating ...
2019-09-12 11:55:24,976 [pool-60-thread-1] INFO  storage.RaftStorageDirectory (RaftStorageDirectory.java:tryLock(328)) - Lock on /workdir/hadoop-ozone/tools/target/test-dir/MiniOzoneClusterImpl-68b3c2dd-7b99-4165-989a-193f9a99bda1/datanode-3/data/ratis/66ec8a39-1748-48e5-982c-8d8fa97c1728/in_use.lock acquired by nodename 19800@pr-hdds-1569-xtfnx-3545843844
2019-09-12 11:55:24,989 [pool-60-thread-1] INFO  storage.RaftStorage (RaftStorage.java:format(72)) - Storage directory /workdir/hadoop-ozone/tools/target/test-dir/MiniOzoneClusterImpl-68b3c2dd-7b99-4165-989a-193f9a99bda1/datanode-3/data/ratis/66ec8a39-1748-48e5-982c-8d8fa97c1728 has been successfully formatted.
2019-09-12 11:55:24,990 [pool-60-thread-1] INFO  ratis.ContainerStateMachine (ContainerStateMachine.java:loadSnapshot(226)) - group-8D8FA97C1728: The snapshot info is null. Setting the last applied indexto:(t:0, i:~)
2019-09-12 11:55:24,990 [pool-60-thread-1] INFO  server.RaftServerConfigKeys (ConfUtils.java:logGet(43)) - raft.server.leader.election.timeout = 120s (custom)
2019-09-12 11:55:24,990 [pool-60-thread-1] INFO  server.RaftServerConfigKeys (ConfUtils.java:logGet(43)) - raft.server.log.use.memory = false (default)
2019-09-12 11:55:24,990 [pool-60-thread-1] INFO  server.RaftServerConfigKeys (ConfUtils.java:logGet(43)) - raft.server.log.purge.gap = 1000000 (custom)
2019-09-12 11:55:24,990 [pool-60-thread-1] INFO  server.RaftServerConfigKeys (ConfUtils.java:logGet(43)) - raft.server.log.appender.buffer.byte-limit = 33554432 (custom)
2019-09-12 11:55:24,991 [pool-60-thread-1] INFO  server.RaftServerConfigKeys (ConfUtils.java:logGet(43)) - raft.server.log.segment.size.max = 1048576 (custom)
2019-09-12 11:55:24,991 [pool-60-thread-1] INFO  server.RaftServerConfigKeys (ConfUtils.java:logGet(43)) - raft.server.log.segment.cache.num.max = 2 (custom)
2019-09-12 11:55:24,991 [pool-60-thread-1] INFO  segmented.SegmentedRaftLogWorker (SegmentedRaftLogWorker.java:<init>(172)) - new 5774a03e-6f88-4ed6-a57b-14b40bcf9480-SegmentedRaftLogWorker:Storage Directory /workdir/hadoop-ozone/tools/target/test-dir/MiniOzoneClusterImpl-68b3c2dd-7b99-4165-989a-193f9a99bda1/datanode-3/data/ratis/66ec8a39-1748-48e5-982c-8d8fa97c1728 for RaftStorage:Storage Directory /workdir/hadoop-ozone/tools/target/test-dir/MiniOzoneClusterImpl-68b3c2dd-7b99-4165-989a-193f9a99bda1/datanode-3/data/ratis/66ec8a39-1748-48e5-982c-8d8fa97c1728
2019-09-12 11:55:24,991 [pool-60-thread-1] INFO  server.RaftServerConfigKeys (ConfUtils.java:logGet(43)) - raft.server.log.queue.byte-limit = 2147483647 (custom)
2019-09-12 11:55:24,991 [pool-60-thread-1] INFO  server.RaftServerConfigKeys (ConfUtils.java:logGet(43)) - raft.server.log.queue.element-limit = 1024 (custom)
2019-09-12 11:55:24,991 [pool-60-thread-1] INFO  server.RaftServerConfigKeys (ConfUtils.java:logGet(43)) - raft.server.log.segment.size.max = 1048576 (custom)
2019-09-12 11:55:24,991 [pool-60-thread-1] INFO  server.RaftServerConfigKeys (ConfUtils.java:logGet(43)) - raft.server.log.preallocated.size = 16384 (custom)
2019-09-12 11:55:24,992 [pool-60-thread-1] INFO  server.RaftServerConfigKeys (ConfUtils.java:logGet(43)) - raft.server.log.write.buffer.size = 33554432 (custom)
2019-09-12 11:55:24,992 [pool-60-thread-1] INFO  server.RaftServerConfigKeys (ConfUtils.java:logGet(43)) - raft.server.log.force.sync.num = 128 (default)
2019-09-12 11:55:24,992 [pool-60-thread-1] INFO  server.RaftServerConfigKeys (ConfUtils.java:logGet(43)) - raft.server.log.statemachine.data.sync = true (default)
2019-09-12 11:55:24,992 [pool-60-thread-1] INFO  server.RaftServerConfigKeys (ConfUtils.java:logGet(43)) - raft.server.log.statemachine.data.sync.timeout = 10s (default)
2019-09-12 11:55:24,992 [pool-60-thread-1] INFO  server.RaftServerConfigKeys (ConfUtils.java:logGet(43)) - raft.server.log.statemachine.data.sync.timeout.retry = -1 (default)
2019-09-12 11:55:24,992 [pool-60-thread-1] INFO  server.RaftServerConfigKeys (ConfUtils.java:logGet(43)) - raft.server.log.statemachine.data.caching.enabled = true (custom)
2019-09-12 11:55:24,993 [pool-60-thread-1] INFO  segmented.SegmentedRaftLogWorker (SegmentedRaftLogWorker.java:lambda$new$0(132)) - 5774a03e-6f88-4ed6-a57b-14b40bcf9480-SegmentedRaftLogWorker:Storage Directory /workdir/hadoop-ozone/tools/target/test-dir/MiniOzoneClusterImpl-68b3c2dd-7b99-4165-989a-193f9a99bda1/datanode-3/data/ratis/66ec8a39-1748-48e5-982c-8d8fa97c1728: flushIndex: setUnconditionally 0 -> -1
2019-09-12 11:55:24,993 [pool-60-thread-1] INFO  server.RaftServerConfigKeys (ConfUtils.java:logGet(43)) - raft.server.snapshot.auto.trigger.enabled = true (custom)
2019-09-12 11:55:24,993 [pool-60-thread-1] INFO  server.RaftServerConfigKeys (ConfUtils.java:logGet(43)) - raft.server.snapshot.auto.trigger.threshold = 10000 (custom)
2019-09-12 11:55:24,994 [pool-60-thread-1] INFO  server.RaftServerConfigKeys (ConfUtils.java:logGet(43)) - raft.server.retrycache.expirytime = 600000ms (custom)
2019-09-12 11:55:24,994 [pool-60-thread-1] INFO  impl.RaftServerImpl (RaftServerImpl.java:start(180)) - 5774a03e-6f88-4ed6-a57b-14b40bcf9480: start group-8D8FA97C1728
2019-09-12 11:55:24,994 [pool-60-thread-1] INFO  impl.RaftServerImpl (RaftServerImpl.java:setRole(171)) - 5774a03e-6f88-4ed6-a57b-14b40bcf9480:group-8D8FA97C1728 changes role from null to FOLLOWER at term 0 for startAsFollower
2019-09-12 11:55:24,994 [pool-60-thread-1] INFO  impl.RoleInfo (RoleInfo.java:updateAndGet(143)) - 5774a03e-6f88-4ed6-a57b-14b40bcf9480: start FollowerState
2019-09-12 11:55:24,995 [pool-60-thread-1] INFO  util.JmxRegister (JmxRegister.java:tryRegister(44)) - Successfully registered JMX Bean with object name Ratis:service=RaftServer,group=group-8D8FA97C1728,id=5774a03e-6f88-4ed6-a57b-14b40bcf9480
2019-09-12 11:55:25,000 [RatisPipelineUtilsThread] INFO  pipeline.PipelineStateManager (PipelineStateManager.java:addPipeline(56)) - Created pipeline Pipeline[ Id: 66ec8a39-1748-48e5-982c-8d8fa97c1728, Nodes: 5774a03e-6f88-4ed6-a57b-14b40bcf9480{ip: 192.168.157.195, host: pr-hdds-1569-xtfnx-3545843844, networkLocation: /default-rack, certSerialId: null}, Type:RATIS, Factor:ONE, State:OPEN]
2019-09-12 11:55:25,002 [RatisPipelineUtilsThread] ERROR pipeline.PipelinePlacementPolicy (PipelinePlacementPolicy.java:meetCriteria(91)) - Pipeline Placement: Doesn't meet the criteria to be viable node. Heaviness: 6
2019-09-12 11:55:25,002 [RatisPipelineUtilsThread] ERROR pipeline.PipelinePlacementPolicy (PipelinePlacementPolicy.java:meetCriteria(91)) - Pipeline Placement: Doesn't meet the criteria to be viable node. Heaviness: 6
2019-09-12 11:55:25,014 [grpc-default-executor-0] INFO  impl.RaftServerProxy (RaftServerProxy.java:addNew(89)) - 195b504c-ec15-4395-b30f-deaa4314771c: addNew group-2868F57CCF3D:[195b504c-ec15-4395-b30f-deaa4314771c:192.168.157.195:32900] returns group-2868F57CCF3D:java.util.concurrent.CompletableFuture@c2c21c7[Not completed]
2019-09-12 11:55:25,015 [pool-49-thread-1] INFO  impl.RaftServerImpl (RaftServerImpl.java:<init>(93)) - 195b504c-ec15-4395-b30f-deaa4314771c: new RaftServerImpl for group-2868F57CCF3D:[195b504c-ec15-4395-b30f-deaa4314771c:192.168.157.195:32900] with ContainerStateMachine:uninitialized
2019-09-12 11:55:25,016 [pool-49-thread-1] INFO  server.RaftServerConfigKeys (ConfUtils.java:logGet(43)) - raft.server.rpc.timeout.min = 5s (custom)
2019-09-12 11:55:25,016 [pool-49-thread-1] INFO  server.RaftServerConfigKeys (ConfUtils.java:logGet(43)) - raft.server.rpc.timeout.max = 5200ms (custom)
2019-09-12 11:55:25,016 [pool-49-thread-1] INFO  server.RaftServerConfigKeys (ConfUtils.java:logGet(43)) - raft.server.rpcslowness.timeout = 120s (custom)
2019-09-12 11:55:25,016 [pool-49-thread-1] INFO  server.RaftServerConfigKeys (ConfUtils.java:logGet(43)) - raft.server.sleep.deviation.threshold = 300 (default)
2019-09-12 11:55:25,016 [pool-49-thread-1] INFO  server.RaftServerConfigKeys (ConfUtils.java:logGet(43)) - raft.server.log.appender.install.snapshot.enabled = false (custom)
2019-09-12 11:55:25,016 [pool-49-thread-1] INFO  impl.RaftServerImpl (ServerState.java:<init>(105)) - 195b504c-ec15-4395-b30f-deaa4314771c:group-2868F57CCF3D ConfigurationManager, init=-1: [195b504c-ec15-4395-b30f-deaa4314771c:192.168.157.195:32900], old=null, confs=<EMPTY_MAP>
2019-09-12 11:55:25,017 [pool-49-thread-1] INFO  server.RaftServerConfigKeys (ConfUtils.java:logGet(43)) - raft.server.storage.dir = [/workdir/hadoop-ozone/tools/target/test-dir/MiniOzoneClusterImpl-68b3c2dd-7b99-4165-989a-193f9a99bda1/datanode-2/data/ratis] (custom)
2019-09-12 11:55:25,017 [pool-49-thread-1] INFO  storage.RaftStorageDirectory (RaftStorageDirectory.java:analyzeStorage(246)) - The storage directory /workdir/hadoop-ozone/tools/target/test-dir/MiniOzoneClusterImpl-68b3c2dd-7b99-4165-989a-193f9a99bda1/datanode-2/data/ratis/68ee46b8-e364-4ee6-a4e8-2868f57ccf3d does not exist. Creating ...
2019-09-12 11:55:25,029 [pool-49-thread-1] INFO  storage.RaftStorageDirectory (RaftStorageDirectory.java:tryLock(328)) - Lock on /workdir/hadoop-ozone/tools/target/test-dir/MiniOzoneClusterImpl-68b3c2dd-7b99-4165-989a-193f9a99bda1/datanode-2/data/ratis/68ee46b8-e364-4ee6-a4e8-2868f57ccf3d/in_use.lock acquired by nodename 19800@pr-hdds-1569-xtfnx-3545843844
2019-09-12 11:55:25,048 [pool-49-thread-1] INFO  storage.RaftStorage (RaftStorage.java:format(72)) - Storage directory /workdir/hadoop-ozone/tools/target/test-dir/MiniOzoneClusterImpl-68b3c2dd-7b99-4165-989a-193f9a99bda1/datanode-2/data/ratis/68ee46b8-e364-4ee6-a4e8-2868f57ccf3d has been successfully formatted.
2019-09-12 11:55:25,048 [pool-49-thread-1] INFO  ratis.ContainerStateMachine (ContainerStateMachine.java:loadSnapshot(226)) - group-2868F57CCF3D: The snapshot info is null. Setting the last applied indexto:(t:0, i:~)
2019-09-12 11:55:25,049 [pool-49-thread-1] INFO  server.RaftServerConfigKeys (ConfUtils.java:logGet(43)) - raft.server.leader.election.timeout = 120s (custom)
2019-09-12 11:55:25,049 [pool-49-thread-1] INFO  server.RaftServerConfigKeys (ConfUtils.java:logGet(43)) - raft.server.log.use.memory = false (default)
2019-09-12 11:55:25,049 [pool-49-thread-1] INFO  server.RaftServerConfigKeys (ConfUtils.java:logGet(43)) - raft.server.log.purge.gap = 1000000 (custom)
2019-09-12 11:55:25,049 [pool-49-thread-1] INFO  server.RaftServerConfigKeys (ConfUtils.java:logGet(43)) - raft.server.log.appender.buffer.byte-limit = 33554432 (custom)
2019-09-12 11:55:25,050 [pool-49-thread-1] INFO  server.RaftServerConfigKeys (ConfUtils.java:logGet(43)) - raft.server.log.segment.size.max = 1048576 (custom)
2019-09-12 11:55:25,050 [pool-49-thread-1] INFO  server.RaftServerConfigKeys (ConfUtils.java:logGet(43)) - raft.server.log.segment.cache.num.max = 2 (custom)
2019-09-12 11:55:25,050 [pool-49-thread-1] INFO  segmented.SegmentedRaftLogWorker (SegmentedRaftLogWorker.java:<init>(172)) - new 195b504c-ec15-4395-b30f-deaa4314771c-SegmentedRaftLogWorker:Storage Directory /workdir/hadoop-ozone/tools/target/test-dir/MiniOzoneClusterImpl-68b3c2dd-7b99-4165-989a-193f9a99bda1/datanode-2/data/ratis/68ee46b8-e364-4ee6-a4e8-2868f57ccf3d for RaftStorage:Storage Directory /workdir/hadoop-ozone/tools/target/test-dir/MiniOzoneClusterImpl-68b3c2dd-7b99-4165-989a-193f9a99bda1/datanode-2/data/ratis/68ee46b8-e364-4ee6-a4e8-2868f57ccf3d
2019-09-12 11:55:25,050 [pool-49-thread-1] INFO  server.RaftServerConfigKeys (ConfUtils.java:logGet(43)) - raft.server.log.queue.byte-limit = 2147483647 (custom)
2019-09-12 11:55:25,050 [pool-49-thread-1] INFO  server.RaftServerConfigKeys (ConfUtils.java:logGet(43)) - raft.server.log.queue.element-limit = 1024 (custom)
2019-09-12 11:55:25,051 [pool-49-thread-1] INFO  server.RaftServerConfigKeys (ConfUtils.java:logGet(43)) - raft.server.log.segment.size.max = 1048576 (custom)
2019-09-12 11:55:25,051 [pool-49-thread-1] INFO  server.RaftServerConfigKeys (ConfUtils.java:logGet(43)) - raft.server.log.preallocated.size = 16384 (custom)
2019-09-12 11:55:25,051 [pool-49-thread-1] INFO  server.RaftServerConfigKeys (ConfUtils.java:logGet(43)) - raft.server.log.write.buffer.size = 33554432 (custom)
2019-09-12 11:55:25,051 [pool-49-thread-1] INFO  server.RaftServerConfigKeys (ConfUtils.java:logGet(43)) - raft.server.log.force.sync.num = 128 (default)
2019-09-12 11:55:25,051 [pool-49-thread-1] INFO  server.RaftServerConfigKeys (ConfUtils.java:logGet(43)) - raft.server.log.statemachine.data.sync = true (default)
2019-09-12 11:55:25,052 [pool-49-thread-1] INFO  server.RaftServerConfigKeys (ConfUtils.java:logGet(43)) - raft.server.log.statemachine.data.sync.timeout = 10s (default)
2019-09-12 11:55:25,052 [pool-49-thread-1] INFO  server.RaftServerConfigKeys (ConfUtils.java:logGet(43)) - raft.server.log.statemachine.data.sync.timeout.retry = -1 (default)
2019-09-12 11:55:25,052 [pool-49-thread-1] INFO  server.RaftServerConfigKeys (ConfUtils.java:logGet(43)) - raft.server.log.statemachine.data.caching.enabled = true (custom)
2019-09-12 11:55:25,052 [pool-49-thread-1] INFO  segmented.SegmentedRaftLogWorker (SegmentedRaftLogWorker.java:lambda$new$0(132)) - 195b504c-ec15-4395-b30f-deaa4314771c-SegmentedRaftLogWorker:Storage Directory /workdir/hadoop-ozone/tools/target/test-dir/MiniOzoneClusterImpl-68b3c2dd-7b99-4165-989a-193f9a99bda1/datanode-2/data/ratis/68ee46b8-e364-4ee6-a4e8-2868f57ccf3d: flushIndex: setUnconditionally 0 -> -1
2019-09-12 11:55:25,053 [pool-49-thread-1] INFO  server.RaftServerConfigKeys (ConfUtils.java:logGet(43)) - raft.server.snapshot.auto.trigger.enabled = true (custom)
2019-09-12 11:55:25,053 [pool-49-thread-1] INFO  server.RaftServerConfigKeys (ConfUtils.java:logGet(43)) - raft.server.snapshot.auto.trigger.threshold = 10000 (custom)
2019-09-12 11:55:25,053 [pool-49-thread-1] INFO  server.RaftServerConfigKeys (ConfUtils.java:logGet(43)) - raft.server.retrycache.expirytime = 600000ms (custom)
2019-09-12 11:55:25,053 [pool-49-thread-1] INFO  impl.RaftServerImpl (RaftServerImpl.java:start(180)) - 195b504c-ec15-4395-b30f-deaa4314771c: start group-2868F57CCF3D
2019-09-12 11:55:25,054 [pool-49-thread-1] INFO  impl.RaftServerImpl (RaftServerImpl.java:setRole(171)) - 195b504c-ec15-4395-b30f-deaa4314771c:group-2868F57CCF3D changes role from null to FOLLOWER at term 0 for startAsFollower
2019-09-12 11:55:25,054 [pool-49-thread-1] INFO  impl.RoleInfo (RoleInfo.java:updateAndGet(143)) - 195b504c-ec15-4395-b30f-deaa4314771c: start FollowerState
2019-09-12 11:55:25,054 [pool-49-thread-1] INFO  util.JmxRegister (JmxRegister.java:tryRegister(44)) - Successfully registered JMX Bean with object name Ratis:service=RaftServer,group=group-2868F57CCF3D,id=195b504c-ec15-4395-b30f-deaa4314771c
2019-09-12 11:55:25,061 [RatisPipelineUtilsThread] INFO  pipeline.PipelineStateManager (PipelineStateManager.java:addPipeline(56)) - Created pipeline Pipeline[ Id: 68ee46b8-e364-4ee6-a4e8-2868f57ccf3d, Nodes: 195b504c-ec15-4395-b30f-deaa4314771c{ip: 192.168.157.195, host: pr-hdds-1569-xtfnx-3545843844, networkLocation: /default-rack, certSerialId: null}, Type:RATIS, Factor:ONE, State:OPEN]
2019-09-12 11:55:25,063 [RatisPipelineUtilsThread] ERROR pipeline.PipelinePlacementPolicy (PipelinePlacementPolicy.java:meetCriteria(91)) - Pipeline Placement: Doesn't meet the criteria to be viable node. Heaviness: 6
2019-09-12 11:55:25,063 [RatisPipelineUtilsThread] ERROR pipeline.PipelinePlacementPolicy (PipelinePlacementPolicy.java:meetCriteria(91)) - Pipeline Placement: Doesn't meet the criteria to be viable node. Heaviness: 6
2019-09-12 11:55:25,074 [grpc-default-executor-0] INFO  impl.RaftServerProxy (RaftServerProxy.java:addNew(89)) - 195b504c-ec15-4395-b30f-deaa4314771c: addNew group-6BA60645464F:[195b504c-ec15-4395-b30f-deaa4314771c:192.168.157.195:32900] returns group-6BA60645464F:java.util.concurrent.CompletableFuture@adb5273[Not completed]
2019-09-12 11:55:25,082 [pool-49-thread-1] INFO  impl.RaftServerImpl (RaftServerImpl.java:<init>(93)) - 195b504c-ec15-4395-b30f-deaa4314771c: new RaftServerImpl for group-6BA60645464F:[195b504c-ec15-4395-b30f-deaa4314771c:192.168.157.195:32900] with ContainerStateMachine:uninitialized
2019-09-12 11:55:25,082 [pool-49-thread-1] INFO  server.RaftServerConfigKeys (ConfUtils.java:logGet(43)) - raft.server.rpc.timeout.min = 5s (custom)
2019-09-12 11:55:25,082 [pool-49-thread-1] INFO  server.RaftServerConfigKeys (ConfUtils.java:logGet(43)) - raft.server.rpc.timeout.max = 5200ms (custom)
2019-09-12 11:55:25,084 [pool-49-thread-1] INFO  server.RaftServerConfigKeys (ConfUtils.java:logGet(43)) - raft.server.rpcslowness.timeout = 120s (custom)
2019-09-12 11:55:25,084 [pool-49-thread-1] INFO  server.RaftServerConfigKeys (ConfUtils.java:logGet(43)) - raft.server.sleep.deviation.threshold = 300 (default)
2019-09-12 11:55:25,088 [pool-49-thread-1] INFO  server.RaftServerConfigKeys (ConfUtils.java:logGet(43)) - raft.server.log.appender.install.snapshot.enabled = false (custom)
2019-09-12 11:55:25,088 [pool-49-thread-1] INFO  impl.RaftServerImpl (ServerState.java:<init>(105)) - 195b504c-ec15-4395-b30f-deaa4314771c:group-6BA60645464F ConfigurationManager, init=-1: [195b504c-ec15-4395-b30f-deaa4314771c:192.168.157.195:32900], old=null, confs=<EMPTY_MAP>
2019-09-12 11:55:25,088 [pool-49-thread-1] INFO  server.RaftServerConfigKeys (ConfUtils.java:logGet(43)) - raft.server.storage.dir = [/workdir/hadoop-ozone/tools/target/test-dir/MiniOzoneClusterImpl-68b3c2dd-7b99-4165-989a-193f9a99bda1/datanode-2/data/ratis] (custom)
2019-09-12 11:55:25,089 [pool-49-thread-1] INFO  storage.RaftStorageDirectory (RaftStorageDirectory.java:analyzeStorage(246)) - The storage directory /workdir/hadoop-ozone/tools/target/test-dir/MiniOzoneClusterImpl-68b3c2dd-7b99-4165-989a-193f9a99bda1/datanode-2/data/ratis/476c8c03-f85a-4405-b06c-6ba60645464f does not exist. Creating ...
2019-09-12 11:55:25,101 [pool-49-thread-1] INFO  storage.RaftStorageDirectory (RaftStorageDirectory.java:tryLock(328)) - Lock on /workdir/hadoop-ozone/tools/target/test-dir/MiniOzoneClusterImpl-68b3c2dd-7b99-4165-989a-193f9a99bda1/datanode-2/data/ratis/476c8c03-f85a-4405-b06c-6ba60645464f/in_use.lock acquired by nodename 19800@pr-hdds-1569-xtfnx-3545843844
2019-09-12 11:55:25,116 [pool-49-thread-1] INFO  storage.RaftStorage (RaftStorage.java:format(72)) - Storage directory /workdir/hadoop-ozone/tools/target/test-dir/MiniOzoneClusterImpl-68b3c2dd-7b99-4165-989a-193f9a99bda1/datanode-2/data/ratis/476c8c03-f85a-4405-b06c-6ba60645464f has been successfully formatted.
2019-09-12 11:55:25,116 [pool-49-thread-1] INFO  ratis.ContainerStateMachine (ContainerStateMachine.java:loadSnapshot(226)) - group-6BA60645464F: The snapshot info is null. Setting the last applied indexto:(t:0, i:~)
2019-09-12 11:55:25,117 [pool-49-thread-1] INFO  server.RaftServerConfigKeys (ConfUtils.java:logGet(43)) - raft.server.leader.election.timeout = 120s (custom)
2019-09-12 11:55:25,117 [pool-49-thread-1] INFO  server.RaftServerConfigKeys (ConfUtils.java:logGet(43)) - raft.server.log.use.memory = false (default)
2019-09-12 11:55:25,117 [pool-49-thread-1] INFO  server.RaftServerConfigKeys (ConfUtils.java:logGet(43)) - raft.server.log.purge.gap = 1000000 (custom)
2019-09-12 11:55:25,117 [pool-49-thread-1] INFO  server.RaftServerConfigKeys (ConfUtils.java:logGet(43)) - raft.server.log.appender.buffer.byte-limit = 33554432 (custom)
2019-09-12 11:55:25,117 [pool-49-thread-1] INFO  server.RaftServerConfigKeys (ConfUtils.java:logGet(43)) - raft.server.log.segment.size.max = 1048576 (custom)
2019-09-12 11:55:25,117 [pool-49-thread-1] INFO  server.RaftServerConfigKeys (ConfUtils.java:logGet(43)) - raft.server.log.segment.cache.num.max = 2 (custom)
2019-09-12 11:55:25,117 [pool-49-thread-1] INFO  segmented.SegmentedRaftLogWorker (SegmentedRaftLogWorker.java:<init>(172)) - new 195b504c-ec15-4395-b30f-deaa4314771c-SegmentedRaftLogWorker:Storage Directory /workdir/hadoop-ozone/tools/target/test-dir/MiniOzoneClusterImpl-68b3c2dd-7b99-4165-989a-193f9a99bda1/datanode-2/data/ratis/476c8c03-f85a-4405-b06c-6ba60645464f for RaftStorage:Storage Directory /workdir/hadoop-ozone/tools/target/test-dir/MiniOzoneClusterImpl-68b3c2dd-7b99-4165-989a-193f9a99bda1/datanode-2/data/ratis/476c8c03-f85a-4405-b06c-6ba60645464f
2019-09-12 11:55:25,118 [pool-49-thread-1] INFO  server.RaftServerConfigKeys (ConfUtils.java:logGet(43)) - raft.server.log.queue.byte-limit = 2147483647 (custom)
2019-09-12 11:55:25,118 [pool-49-thread-1] INFO  server.RaftServerConfigKeys (ConfUtils.java:logGet(43)) - raft.server.log.queue.element-limit = 1024 (custom)
2019-09-12 11:55:25,118 [pool-49-thread-1] INFO  server.RaftServerConfigKeys (ConfUtils.java:logGet(43)) - raft.server.log.segment.size.max = 1048576 (custom)
2019-09-12 11:55:25,118 [pool-49-thread-1] INFO  server.RaftServerConfigKeys (ConfUtils.java:logGet(43)) - raft.server.log.preallocated.size = 16384 (custom)
2019-09-12 11:55:25,118 [pool-49-thread-1] INFO  server.RaftServerConfigKeys (ConfUtils.java:logGet(43)) - raft.server.log.write.buffer.size = 33554432 (custom)
2019-09-12 11:55:25,118 [pool-49-thread-1] INFO  server.RaftServerConfigKeys (ConfUtils.java:logGet(43)) - raft.server.log.force.sync.num = 128 (default)
2019-09-12 11:55:25,118 [pool-49-thread-1] INFO  server.RaftServerConfigKeys (ConfUtils.java:logGet(43)) - raft.server.log.statemachine.data.sync = true (default)
2019-09-12 11:55:25,118 [pool-49-thread-1] INFO  server.RaftServerConfigKeys (ConfUtils.java:logGet(43)) - raft.server.log.statemachine.data.sync.timeout = 10s (default)
2019-09-12 11:55:25,119 [pool-49-thread-1] INFO  server.RaftServerConfigKeys (ConfUtils.java:logGet(43)) - raft.server.log.statemachine.data.sync.timeout.retry = -1 (default)
2019-09-12 11:55:25,119 [pool-49-thread-1] INFO  server.RaftServerConfigKeys (ConfUtils.java:logGet(43)) - raft.server.log.statemachine.data.caching.enabled = true (custom)
2019-09-12 11:55:25,119 [pool-49-thread-1] INFO  segmented.SegmentedRaftLogWorker (SegmentedRaftLogWorker.java:lambda$new$0(132)) - 195b504c-ec15-4395-b30f-deaa4314771c-SegmentedRaftLogWorker:Storage Directory /workdir/hadoop-ozone/tools/target/test-dir/MiniOzoneClusterImpl-68b3c2dd-7b99-4165-989a-193f9a99bda1/datanode-2/data/ratis/476c8c03-f85a-4405-b06c-6ba60645464f: flushIndex: setUnconditionally 0 -> -1
2019-09-12 11:55:25,119 [pool-49-thread-1] INFO  server.RaftServerConfigKeys (ConfUtils.java:logGet(43)) - raft.server.snapshot.auto.trigger.enabled = true (custom)
2019-09-12 11:55:25,119 [pool-49-thread-1] INFO  server.RaftServerConfigKeys (ConfUtils.java:logGet(43)) - raft.server.snapshot.auto.trigger.threshold = 10000 (custom)
2019-09-12 11:55:25,120 [pool-49-thread-1] INFO  server.RaftServerConfigKeys (ConfUtils.java:logGet(43)) - raft.server.retrycache.expirytime = 600000ms (custom)
2019-09-12 11:55:25,120 [pool-49-thread-1] INFO  impl.RaftServerImpl (RaftServerImpl.java:start(180)) - 195b504c-ec15-4395-b30f-deaa4314771c: start group-6BA60645464F
2019-09-12 11:55:25,120 [pool-49-thread-1] INFO  impl.RaftServerImpl (RaftServerImpl.java:setRole(171)) - 195b504c-ec15-4395-b30f-deaa4314771c:group-6BA60645464F changes role from null to FOLLOWER at term 0 for startAsFollower
2019-09-12 11:55:25,120 [pool-49-thread-1] INFO  impl.RoleInfo (RoleInfo.java:updateAndGet(143)) - 195b504c-ec15-4395-b30f-deaa4314771c: start FollowerState
2019-09-12 11:55:25,121 [pool-49-thread-1] INFO  util.JmxRegister (JmxRegister.java:tryRegister(44)) - Successfully registered JMX Bean with object name Ratis:service=RaftServer,group=group-6BA60645464F,id=195b504c-ec15-4395-b30f-deaa4314771c
2019-09-12 11:55:25,126 [RatisPipelineUtilsThread] INFO  pipeline.PipelineStateManager (PipelineStateManager.java:addPipeline(56)) - Created pipeline Pipeline[ Id: 476c8c03-f85a-4405-b06c-6ba60645464f, Nodes: 195b504c-ec15-4395-b30f-deaa4314771c{ip: 192.168.157.195, host: pr-hdds-1569-xtfnx-3545843844, networkLocation: /default-rack, certSerialId: null}, Type:RATIS, Factor:ONE, State:OPEN]
2019-09-12 11:55:25,128 [RatisPipelineUtilsThread] ERROR pipeline.PipelinePlacementPolicy (PipelinePlacementPolicy.java:meetCriteria(91)) - Pipeline Placement: Doesn't meet the criteria to be viable node. Heaviness: 6
2019-09-12 11:55:25,128 [RatisPipelineUtilsThread] ERROR pipeline.PipelinePlacementPolicy (PipelinePlacementPolicy.java:meetCriteria(91)) - Pipeline Placement: Doesn't meet the criteria to be viable node. Heaviness: 6
2019-09-12 11:55:25,139 [grpc-default-executor-0] INFO  impl.RaftServerProxy (RaftServerProxy.java:addNew(89)) - fc058c35-4f1e-4195-8563-dfc72a0df006: addNew group-5EA7CD70A6B7:[fc058c35-4f1e-4195-8563-dfc72a0df006:192.168.157.195:38611] returns group-5EA7CD70A6B7:java.util.concurrent.CompletableFuture@76d41150[Not completed]
2019-09-12 11:55:25,141 [pool-38-thread-1] INFO  impl.RaftServerImpl (RaftServerImpl.java:<init>(93)) - fc058c35-4f1e-4195-8563-dfc72a0df006: new RaftServerImpl for group-5EA7CD70A6B7:[fc058c35-4f1e-4195-8563-dfc72a0df006:192.168.157.195:38611] with ContainerStateMachine:uninitialized
2019-09-12 11:55:25,141 [pool-38-thread-1] INFO  server.RaftServerConfigKeys (ConfUtils.java:logGet(43)) - raft.server.rpc.timeout.min = 5s (custom)
2019-09-12 11:55:25,141 [pool-38-thread-1] INFO  server.RaftServerConfigKeys (ConfUtils.java:logGet(43)) - raft.server.rpc.timeout.max = 5200ms (custom)
2019-09-12 11:55:25,141 [pool-38-thread-1] INFO  server.RaftServerConfigKeys (ConfUtils.java:logGet(43)) - raft.server.rpcslowness.timeout = 120s (custom)
2019-09-12 11:55:25,141 [pool-38-thread-1] INFO  server.RaftServerConfigKeys (ConfUtils.java:logGet(43)) - raft.server.sleep.deviation.threshold = 300 (default)
2019-09-12 11:55:25,142 [pool-38-thread-1] INFO  server.RaftServerConfigKeys (ConfUtils.java:logGet(43)) - raft.server.log.appender.install.snapshot.enabled = false (custom)
2019-09-12 11:55:25,142 [pool-38-thread-1] INFO  impl.RaftServerImpl (ServerState.java:<init>(105)) - fc058c35-4f1e-4195-8563-dfc72a0df006:group-5EA7CD70A6B7 ConfigurationManager, init=-1: [fc058c35-4f1e-4195-8563-dfc72a0df006:192.168.157.195:38611], old=null, confs=<EMPTY_MAP>
2019-09-12 11:55:25,142 [pool-38-thread-1] INFO  server.RaftServerConfigKeys (ConfUtils.java:logGet(43)) - raft.server.storage.dir = [/workdir/hadoop-ozone/tools/target/test-dir/MiniOzoneClusterImpl-68b3c2dd-7b99-4165-989a-193f9a99bda1/datanode-1/data/ratis] (custom)
2019-09-12 11:55:25,142 [pool-38-thread-1] INFO  storage.RaftStorageDirectory (RaftStorageDirectory.java:analyzeStorage(246)) - The storage directory /workdir/hadoop-ozone/tools/target/test-dir/MiniOzoneClusterImpl-68b3c2dd-7b99-4165-989a-193f9a99bda1/datanode-1/data/ratis/2572f6cc-9248-4920-85a6-5ea7cd70a6b7 does not exist. Creating ...
2019-09-12 11:55:25,155 [pool-38-thread-1] INFO  storage.RaftStorageDirectory (RaftStorageDirectory.java:tryLock(328)) - Lock on /workdir/hadoop-ozone/tools/target/test-dir/MiniOzoneClusterImpl-68b3c2dd-7b99-4165-989a-193f9a99bda1/datanode-1/data/ratis/2572f6cc-9248-4920-85a6-5ea7cd70a6b7/in_use.lock acquired by nodename 19800@pr-hdds-1569-xtfnx-3545843844
2019-09-12 11:55:25,168 [pool-38-thread-1] INFO  storage.RaftStorage (RaftStorage.java:format(72)) - Storage directory /workdir/hadoop-ozone/tools/target/test-dir/MiniOzoneClusterImpl-68b3c2dd-7b99-4165-989a-193f9a99bda1/datanode-1/data/ratis/2572f6cc-9248-4920-85a6-5ea7cd70a6b7 has been successfully formatted.
2019-09-12 11:55:25,168 [pool-38-thread-1] INFO  ratis.ContainerStateMachine (ContainerStateMachine.java:loadSnapshot(226)) - group-5EA7CD70A6B7: The snapshot info is null. Setting the last applied indexto:(t:0, i:~)
2019-09-12 11:55:25,169 [pool-38-thread-1] INFO  server.RaftServerConfigKeys (ConfUtils.java:logGet(43)) - raft.server.leader.election.timeout = 120s (custom)
2019-09-12 11:55:25,169 [pool-38-thread-1] INFO  server.RaftServerConfigKeys (ConfUtils.java:logGet(43)) - raft.server.log.use.memory = false (default)
2019-09-12 11:55:25,169 [pool-38-thread-1] INFO  server.RaftServerConfigKeys (ConfUtils.java:logGet(43)) - raft.server.log.purge.gap = 1000000 (custom)
2019-09-12 11:55:25,169 [pool-38-thread-1] INFO  server.RaftServerConfigKeys (ConfUtils.java:logGet(43)) - raft.server.log.appender.buffer.byte-limit = 33554432 (custom)
2019-09-12 11:55:25,169 [pool-38-thread-1] INFO  server.RaftServerConfigKeys (ConfUtils.java:logGet(43)) - raft.server.log.segment.size.max = 1048576 (custom)
2019-09-12 11:55:25,169 [pool-38-thread-1] INFO  server.RaftServerConfigKeys (ConfUtils.java:logGet(43)) - raft.server.log.segment.cache.num.max = 2 (custom)
2019-09-12 11:55:25,170 [pool-38-thread-1] INFO  segmented.SegmentedRaftLogWorker (SegmentedRaftLogWorker.java:<init>(172)) - new fc058c35-4f1e-4195-8563-dfc72a0df006-SegmentedRaftLogWorker:Storage Directory /workdir/hadoop-ozone/tools/target/test-dir/MiniOzoneClusterImpl-68b3c2dd-7b99-4165-989a-193f9a99bda1/datanode-1/data/ratis/2572f6cc-9248-4920-85a6-5ea7cd70a6b7 for RaftStorage:Storage Directory /workdir/hadoop-ozone/tools/target/test-dir/MiniOzoneClusterImpl-68b3c2dd-7b99-4165-989a-193f9a99bda1/datanode-1/data/ratis/2572f6cc-9248-4920-85a6-5ea7cd70a6b7
2019-09-12 11:55:25,170 [pool-38-thread-1] INFO  server.RaftServerConfigKeys (ConfUtils.java:logGet(43)) - raft.server.log.queue.byte-limit = 2147483647 (custom)
2019-09-12 11:55:25,170 [pool-38-thread-1] INFO  server.RaftServerConfigKeys (ConfUtils.java:logGet(43)) - raft.server.log.queue.element-limit = 1024 (custom)
2019-09-12 11:55:25,170 [pool-38-thread-1] INFO  server.RaftServerConfigKeys (ConfUtils.java:logGet(43)) - raft.server.log.segment.size.max = 1048576 (custom)
2019-09-12 11:55:25,170 [pool-38-thread-1] INFO  server.RaftServerConfigKeys (ConfUtils.java:logGet(43)) - raft.server.log.preallocated.size = 16384 (custom)
2019-09-12 11:55:25,170 [pool-38-thread-1] INFO  server.RaftServerConfigKeys (ConfUtils.java:logGet(43)) - raft.server.log.write.buffer.size = 33554432 (custom)
2019-09-12 11:55:25,170 [pool-38-thread-1] INFO  server.RaftServerConfigKeys (ConfUtils.java:logGet(43)) - raft.server.log.force.sync.num = 128 (default)
2019-09-12 11:55:25,171 [pool-38-thread-1] INFO  server.RaftServerConfigKeys (ConfUtils.java:logGet(43)) - raft.server.log.statemachine.data.sync = true (default)
2019-09-12 11:55:25,171 [pool-38-thread-1] INFO  server.RaftServerConfigKeys (ConfUtils.java:logGet(43)) - raft.server.log.statemachine.data.sync.timeout = 10s (default)
2019-09-12 11:55:25,171 [pool-38-thread-1] INFO  server.RaftServerConfigKeys (ConfUtils.java:logGet(43)) - raft.server.log.statemachine.data.sync.timeout.retry = -1 (default)
2019-09-12 11:55:25,171 [pool-38-thread-1] INFO  server.RaftServerConfigKeys (ConfUtils.java:logGet(43)) - raft.server.log.statemachine.data.caching.enabled = true (custom)
2019-09-12 11:55:25,171 [pool-38-thread-1] INFO  segmented.SegmentedRaftLogWorker (SegmentedRaftLogWorker.java:lambda$new$0(132)) - fc058c35-4f1e-4195-8563-dfc72a0df006-SegmentedRaftLogWorker:Storage Directory /workdir/hadoop-ozone/tools/target/test-dir/MiniOzoneClusterImpl-68b3c2dd-7b99-4165-989a-193f9a99bda1/datanode-1/data/ratis/2572f6cc-9248-4920-85a6-5ea7cd70a6b7: flushIndex: setUnconditionally 0 -> -1
2019-09-12 11:55:25,172 [pool-38-thread-1] INFO  server.RaftServerConfigKeys (ConfUtils.java:logGet(43)) - raft.server.snapshot.auto.trigger.enabled = true (custom)
2019-09-12 11:55:25,172 [pool-38-thread-1] INFO  server.RaftServerConfigKeys (ConfUtils.java:logGet(43)) - raft.server.snapshot.auto.trigger.threshold = 10000 (custom)
2019-09-12 11:55:25,172 [pool-38-thread-1] INFO  server.RaftServerConfigKeys (ConfUtils.java:logGet(43)) - raft.server.retrycache.expirytime = 600000ms (custom)
2019-09-12 11:55:25,172 [pool-38-thread-1] INFO  impl.RaftServerImpl (RaftServerImpl.java:start(180)) - fc058c35-4f1e-4195-8563-dfc72a0df006: start group-5EA7CD70A6B7
2019-09-12 11:55:25,172 [pool-38-thread-1] INFO  impl.RaftServerImpl (RaftServerImpl.java:setRole(171)) - fc058c35-4f1e-4195-8563-dfc72a0df006:group-5EA7CD70A6B7 changes role from null to FOLLOWER at term 0 for startAsFollower
2019-09-12 11:55:25,173 [pool-38-thread-1] INFO  impl.RoleInfo (RoleInfo.java:updateAndGet(143)) - fc058c35-4f1e-4195-8563-dfc72a0df006: start FollowerState
2019-09-12 11:55:25,173 [pool-38-thread-1] INFO  util.JmxRegister (JmxRegister.java:tryRegister(44)) - Successfully registered JMX Bean with object name Ratis:service=RaftServer,group=group-5EA7CD70A6B7,id=fc058c35-4f1e-4195-8563-dfc72a0df006
2019-09-12 11:55:25,178 [RatisPipelineUtilsThread] INFO  pipeline.PipelineStateManager (PipelineStateManager.java:addPipeline(56)) - Created pipeline Pipeline[ Id: 2572f6cc-9248-4920-85a6-5ea7cd70a6b7, Nodes: fc058c35-4f1e-4195-8563-dfc72a0df006{ip: 192.168.157.195, host: pr-hdds-1569-xtfnx-3545843844, networkLocation: /default-rack, certSerialId: null}, Type:RATIS, Factor:ONE, State:OPEN]
2019-09-12 11:55:25,180 [RatisPipelineUtilsThread] ERROR pipeline.PipelinePlacementPolicy (PipelinePlacementPolicy.java:meetCriteria(91)) - Pipeline Placement: Doesn't meet the criteria to be viable node. Heaviness: 6
2019-09-12 11:55:25,180 [RatisPipelineUtilsThread] ERROR pipeline.PipelinePlacementPolicy (PipelinePlacementPolicy.java:meetCriteria(91)) - Pipeline Placement: Doesn't meet the criteria to be viable node. Heaviness: 6
2019-09-12 11:55:25,201 [grpc-default-executor-0] INFO  impl.RaftServerProxy (RaftServerProxy.java:addNew(89)) - fc058c35-4f1e-4195-8563-dfc72a0df006: addNew group-7A4385C90DDD:[fc058c35-4f1e-4195-8563-dfc72a0df006:192.168.157.195:38611] returns group-7A4385C90DDD:java.util.concurrent.CompletableFuture@78b3d487[Not completed]
2019-09-12 11:55:25,202 [pool-38-thread-1] INFO  impl.RaftServerImpl (RaftServerImpl.java:<init>(93)) - fc058c35-4f1e-4195-8563-dfc72a0df006: new RaftServerImpl for group-7A4385C90DDD:[fc058c35-4f1e-4195-8563-dfc72a0df006:192.168.157.195:38611] with ContainerStateMachine:uninitialized
2019-09-12 11:55:25,202 [pool-38-thread-1] INFO  server.RaftServerConfigKeys (ConfUtils.java:logGet(43)) - raft.server.rpc.timeout.min = 5s (custom)
2019-09-12 11:55:25,202 [pool-38-thread-1] INFO  server.RaftServerConfigKeys (ConfUtils.java:logGet(43)) - raft.server.rpc.timeout.max = 5200ms (custom)
2019-09-12 11:55:25,202 [pool-38-thread-1] INFO  server.RaftServerConfigKeys (ConfUtils.java:logGet(43)) - raft.server.rpcslowness.timeout = 120s (custom)
2019-09-12 11:55:25,202 [pool-38-thread-1] INFO  server.RaftServerConfigKeys (ConfUtils.java:logGet(43)) - raft.server.sleep.deviation.threshold = 300 (default)
2019-09-12 11:55:25,203 [pool-38-thread-1] INFO  server.RaftServerConfigKeys (ConfUtils.java:logGet(43)) - raft.server.log.appender.install.snapshot.enabled = false (custom)
2019-09-12 11:55:25,203 [pool-38-thread-1] INFO  impl.RaftServerImpl (ServerState.java:<init>(105)) - fc058c35-4f1e-4195-8563-dfc72a0df006:group-7A4385C90DDD ConfigurationManager, init=-1: [fc058c35-4f1e-4195-8563-dfc72a0df006:192.168.157.195:38611], old=null, confs=<EMPTY_MAP>
2019-09-12 11:55:25,203 [pool-38-thread-1] INFO  server.RaftServerConfigKeys (ConfUtils.java:logGet(43)) - raft.server.storage.dir = [/workdir/hadoop-ozone/tools/target/test-dir/MiniOzoneClusterImpl-68b3c2dd-7b99-4165-989a-193f9a99bda1/datanode-1/data/ratis] (custom)
2019-09-12 11:55:25,203 [pool-38-thread-1] INFO  storage.RaftStorageDirectory (RaftStorageDirectory.java:analyzeStorage(246)) - The storage directory /workdir/hadoop-ozone/tools/target/test-dir/MiniOzoneClusterImpl-68b3c2dd-7b99-4165-989a-193f9a99bda1/datanode-1/data/ratis/3ef75040-2203-47da-ae7f-7a4385c90ddd does not exist. Creating ...
2019-09-12 11:55:25,215 [pool-38-thread-1] INFO  storage.RaftStorageDirectory (RaftStorageDirectory.java:tryLock(328)) - Lock on /workdir/hadoop-ozone/tools/target/test-dir/MiniOzoneClusterImpl-68b3c2dd-7b99-4165-989a-193f9a99bda1/datanode-1/data/ratis/3ef75040-2203-47da-ae7f-7a4385c90ddd/in_use.lock acquired by nodename 19800@pr-hdds-1569-xtfnx-3545843844
2019-09-12 11:55:25,228 [pool-38-thread-1] INFO  storage.RaftStorage (RaftStorage.java:format(72)) - Storage directory /workdir/hadoop-ozone/tools/target/test-dir/MiniOzoneClusterImpl-68b3c2dd-7b99-4165-989a-193f9a99bda1/datanode-1/data/ratis/3ef75040-2203-47da-ae7f-7a4385c90ddd has been successfully formatted.
2019-09-12 11:55:25,228 [pool-38-thread-1] INFO  ratis.ContainerStateMachine (ContainerStateMachine.java:loadSnapshot(226)) - group-7A4385C90DDD: The snapshot info is null. Setting the last applied indexto:(t:0, i:~)
2019-09-12 11:55:25,229 [pool-38-thread-1] INFO  server.RaftServerConfigKeys (ConfUtils.java:logGet(43)) - raft.server.leader.election.timeout = 120s (custom)
2019-09-12 11:55:25,229 [pool-38-thread-1] INFO  server.RaftServerConfigKeys (ConfUtils.java:logGet(43)) - raft.server.log.use.memory = false (default)
2019-09-12 11:55:25,229 [pool-38-thread-1] INFO  server.RaftServerConfigKeys (ConfUtils.java:logGet(43)) - raft.server.log.purge.gap = 1000000 (custom)
2019-09-12 11:55:25,229 [pool-38-thread-1] INFO  server.RaftServerConfigKeys (ConfUtils.java:logGet(43)) - raft.server.log.appender.buffer.byte-limit = 33554432 (custom)
2019-09-12 11:55:25,229 [pool-38-thread-1] INFO  server.RaftServerConfigKeys (ConfUtils.java:logGet(43)) - raft.server.log.segment.size.max = 1048576 (custom)
2019-09-12 11:55:25,229 [pool-38-thread-1] INFO  server.RaftServerConfigKeys (ConfUtils.java:logGet(43)) - raft.server.log.segment.cache.num.max = 2 (custom)
2019-09-12 11:55:25,230 [pool-38-thread-1] INFO  segmented.SegmentedRaftLogWorker (SegmentedRaftLogWorker.java:<init>(172)) - new fc058c35-4f1e-4195-8563-dfc72a0df006-SegmentedRaftLogWorker:Storage Directory /workdir/hadoop-ozone/tools/target/test-dir/MiniOzoneClusterImpl-68b3c2dd-7b99-4165-989a-193f9a99bda1/datanode-1/data/ratis/3ef75040-2203-47da-ae7f-7a4385c90ddd for RaftStorage:Storage Directory /workdir/hadoop-ozone/tools/target/test-dir/MiniOzoneClusterImpl-68b3c2dd-7b99-4165-989a-193f9a99bda1/datanode-1/data/ratis/3ef75040-2203-47da-ae7f-7a4385c90ddd
2019-09-12 11:55:25,230 [pool-38-thread-1] INFO  server.RaftServerConfigKeys (ConfUtils.java:logGet(43)) - raft.server.log.queue.byte-limit = 2147483647 (custom)
2019-09-12 11:55:25,232 [pool-38-thread-1] INFO  server.RaftServerConfigKeys (ConfUtils.java:logGet(43)) - raft.server.log.queue.element-limit = 1024 (custom)
2019-09-12 11:55:25,232 [pool-38-thread-1] INFO  server.RaftServerConfigKeys (ConfUtils.java:logGet(43)) - raft.server.log.segment.size.max = 1048576 (custom)
2019-09-12 11:55:25,232 [pool-38-thread-1] INFO  server.RaftServerConfigKeys (ConfUtils.java:logGet(43)) - raft.server.log.preallocated.size = 16384 (custom)
2019-09-12 11:55:25,232 [pool-38-thread-1] INFO  server.RaftServerConfigKeys (ConfUtils.java:logGet(43)) - raft.server.log.write.buffer.size = 33554432 (custom)
2019-09-12 11:55:25,232 [pool-38-thread-1] INFO  server.RaftServerConfigKeys (ConfUtils.java:logGet(43)) - raft.server.log.force.sync.num = 128 (default)
2019-09-12 11:55:25,232 [pool-38-thread-1] INFO  server.RaftServerConfigKeys (ConfUtils.java:logGet(43)) - raft.server.log.statemachine.data.sync = true (default)
2019-09-12 11:55:25,233 [pool-38-thread-1] INFO  server.RaftServerConfigKeys (ConfUtils.java:logGet(43)) - raft.server.log.statemachine.data.sync.timeout = 10s (default)
2019-09-12 11:55:25,233 [pool-38-thread-1] INFO  server.RaftServerConfigKeys (ConfUtils.java:logGet(43)) - raft.server.log.statemachine.data.sync.timeout.retry = -1 (default)
2019-09-12 11:55:25,233 [pool-38-thread-1] INFO  server.RaftServerConfigKeys (ConfUtils.java:logGet(43)) - raft.server.log.statemachine.data.caching.enabled = true (custom)
2019-09-12 11:55:25,233 [pool-38-thread-1] INFO  segmented.SegmentedRaftLogWorker (SegmentedRaftLogWorker.java:lambda$new$0(132)) - fc058c35-4f1e-4195-8563-dfc72a0df006-SegmentedRaftLogWorker:Storage Directory /workdir/hadoop-ozone/tools/target/test-dir/MiniOzoneClusterImpl-68b3c2dd-7b99-4165-989a-193f9a99bda1/datanode-1/data/ratis/3ef75040-2203-47da-ae7f-7a4385c90ddd: flushIndex: setUnconditionally 0 -> -1
2019-09-12 11:55:25,234 [pool-38-thread-1] INFO  server.RaftServerConfigKeys (ConfUtils.java:logGet(43)) - raft.server.snapshot.auto.trigger.enabled = true (custom)
2019-09-12 11:55:25,234 [pool-38-thread-1] INFO  server.RaftServerConfigKeys (ConfUtils.java:logGet(43)) - raft.server.snapshot.auto.trigger.threshold = 10000 (custom)
2019-09-12 11:55:25,234 [pool-38-thread-1] INFO  server.RaftServerConfigKeys (ConfUtils.java:logGet(43)) - raft.server.retrycache.expirytime = 600000ms (custom)
2019-09-12 11:55:25,234 [pool-38-thread-1] INFO  impl.RaftServerImpl (RaftServerImpl.java:start(180)) - fc058c35-4f1e-4195-8563-dfc72a0df006: start group-7A4385C90DDD
2019-09-12 11:55:25,234 [pool-38-thread-1] INFO  impl.RaftServerImpl (RaftServerImpl.java:setRole(171)) - fc058c35-4f1e-4195-8563-dfc72a0df006:group-7A4385C90DDD changes role from null to FOLLOWER at term 0 for startAsFollower
2019-09-12 11:55:25,235 [pool-38-thread-1] INFO  impl.RoleInfo (RoleInfo.java:updateAndGet(143)) - fc058c35-4f1e-4195-8563-dfc72a0df006: start FollowerState
2019-09-12 11:55:25,240 [pool-38-thread-1] INFO  util.JmxRegister (JmxRegister.java:tryRegister(44)) - Successfully registered JMX Bean with object name Ratis:service=RaftServer,group=group-7A4385C90DDD,id=fc058c35-4f1e-4195-8563-dfc72a0df006
2019-09-12 11:55:25,256 [RatisPipelineUtilsThread] INFO  pipeline.PipelineStateManager (PipelineStateManager.java:addPipeline(56)) - Created pipeline Pipeline[ Id: 3ef75040-2203-47da-ae7f-7a4385c90ddd, Nodes: fc058c35-4f1e-4195-8563-dfc72a0df006{ip: 192.168.157.195, host: pr-hdds-1569-xtfnx-3545843844, networkLocation: /default-rack, certSerialId: null}, Type:RATIS, Factor:ONE, State:OPEN]
2019-09-12 11:55:25,261 [RatisPipelineUtilsThread] ERROR pipeline.PipelinePlacementPolicy (PipelinePlacementPolicy.java:meetCriteria(91)) - Pipeline Placement: Doesn't meet the criteria to be viable node. Heaviness: 6
2019-09-12 11:55:25,261 [RatisPipelineUtilsThread] ERROR pipeline.PipelinePlacementPolicy (PipelinePlacementPolicy.java:meetCriteria(91)) - Pipeline Placement: Doesn't meet the criteria to be viable node. Heaviness: 6
2019-09-12 11:55:25,272 [grpc-default-executor-0] INFO  impl.RaftServerProxy (RaftServerProxy.java:addNew(89)) - 2571ad41-02e3-435e-b75a-0c7e86386881: addNew group-8E7098FC2B00:[2571ad41-02e3-435e-b75a-0c7e86386881:192.168.157.195:38484] returns group-8E7098FC2B00:java.util.concurrent.CompletableFuture@6c2d16b8[Not completed]
2019-09-12 11:55:25,275 [pool-71-thread-1] INFO  impl.RaftServerImpl (RaftServerImpl.java:<init>(93)) - 2571ad41-02e3-435e-b75a-0c7e86386881: new RaftServerImpl for group-8E7098FC2B00:[2571ad41-02e3-435e-b75a-0c7e86386881:192.168.157.195:38484] with ContainerStateMachine:uninitialized
2019-09-12 11:55:25,275 [pool-71-thread-1] INFO  server.RaftServerConfigKeys (ConfUtils.java:logGet(43)) - raft.server.rpc.timeout.min = 5s (custom)
2019-09-12 11:55:25,275 [pool-71-thread-1] INFO  server.RaftServerConfigKeys (ConfUtils.java:logGet(43)) - raft.server.rpc.timeout.max = 5200ms (custom)
2019-09-12 11:55:25,275 [pool-71-thread-1] INFO  server.RaftServerConfigKeys (ConfUtils.java:logGet(43)) - raft.server.rpcslowness.timeout = 120s (custom)
2019-09-12 11:55:25,276 [pool-71-thread-1] INFO  server.RaftServerConfigKeys (ConfUtils.java:logGet(43)) - raft.server.sleep.deviation.threshold = 300 (default)
2019-09-12 11:55:25,276 [pool-71-thread-1] INFO  server.RaftServerConfigKeys (ConfUtils.java:logGet(43)) - raft.server.log.appender.install.snapshot.enabled = false (custom)
2019-09-12 11:55:25,276 [pool-71-thread-1] INFO  impl.RaftServerImpl (ServerState.java:<init>(105)) - 2571ad41-02e3-435e-b75a-0c7e86386881:group-8E7098FC2B00 ConfigurationManager, init=-1: [2571ad41-02e3-435e-b75a-0c7e86386881:192.168.157.195:38484], old=null, confs=<EMPTY_MAP>
2019-09-12 11:55:25,276 [pool-71-thread-1] INFO  server.RaftServerConfigKeys (ConfUtils.java:logGet(43)) - raft.server.storage.dir = [/workdir/hadoop-ozone/tools/target/test-dir/MiniOzoneClusterImpl-68b3c2dd-7b99-4165-989a-193f9a99bda1/datanode-4/data/ratis] (custom)
2019-09-12 11:55:25,277 [pool-71-thread-1] INFO  storage.RaftStorageDirectory (RaftStorageDirectory.java:analyzeStorage(246)) - The storage directory /workdir/hadoop-ozone/tools/target/test-dir/MiniOzoneClusterImpl-68b3c2dd-7b99-4165-989a-193f9a99bda1/datanode-4/data/ratis/91c8eab9-6084-4c7c-a922-8e7098fc2b00 does not exist. Creating ...
2019-09-12 11:55:25,289 [pool-71-thread-1] INFO  storage.RaftStorageDirectory (RaftStorageDirectory.java:tryLock(328)) - Lock on /workdir/hadoop-ozone/tools/target/test-dir/MiniOzoneClusterImpl-68b3c2dd-7b99-4165-989a-193f9a99bda1/datanode-4/data/ratis/91c8eab9-6084-4c7c-a922-8e7098fc2b00/in_use.lock acquired by nodename 19800@pr-hdds-1569-xtfnx-3545843844
2019-09-12 11:55:25,313 [main] INFO  freon.RandomKeyGenerator (RandomKeyGenerator.java:call(275)) - Number of Threads: 10
2019-09-12 11:55:25,314 [main] INFO  freon.RandomKeyGenerator (RandomKeyGenerator.java:call(280)) - Number of Volumes: 1.
2019-09-12 11:55:25,314 [main] INFO  freon.RandomKeyGenerator (RandomKeyGenerator.java:call(281)) - Number of Buckets per Volume: 1.
2019-09-12 11:55:25,314 [main] INFO  freon.RandomKeyGenerator (RandomKeyGenerator.java:call(282)) - Number of Keys per Bucket: 1.
2019-09-12 11:55:25,314 [main] INFO  freon.RandomKeyGenerator (RandomKeyGenerator.java:call(283)) - Key size: 20971520 bytes
2019-09-12 11:55:25,315 [main] INFO  freon.RandomKeyGenerator (RandomKeyGenerator.java:call(284)) - Buffer size: 4096 bytes
2019-09-12 11:55:25,319 [main] INFO  freon.RandomKeyGenerator (RandomKeyGenerator.java:call(298)) - Data validation is enabled.
2019-09-12 11:55:25,321 [main] INFO  freon.RandomKeyGenerator (RandomKeyGenerator.java:call(304)) - Starting progress bar Thread.

 0.00% |█                                                                                                    |  0/1 Time: 0:00:002019-09-12 11:55:25,350 [pool-71-thread-1] INFO  storage.RaftStorage (RaftStorage.java:format(72)) - Storage directory /workdir/hadoop-ozone/tools/target/test-dir/MiniOzoneClusterImpl-68b3c2dd-7b99-4165-989a-193f9a99bda1/datanode-4/data/ratis/91c8eab9-6084-4c7c-a922-8e7098fc2b00 has been successfully formatted.
2019-09-12 11:55:25,351 [pool-71-thread-1] INFO  ratis.ContainerStateMachine (ContainerStateMachine.java:loadSnapshot(226)) - group-8E7098FC2B00: The snapshot info is null. Setting the last applied indexto:(t:0, i:~)
2019-09-12 11:55:25,351 [pool-71-thread-1] INFO  server.RaftServerConfigKeys (ConfUtils.java:logGet(43)) - raft.server.leader.election.timeout = 120s (custom)
2019-09-12 11:55:25,351 [pool-71-thread-1] INFO  server.RaftServerConfigKeys (ConfUtils.java:logGet(43)) - raft.server.log.use.memory = false (default)
2019-09-12 11:55:25,351 [pool-71-thread-1] INFO  server.RaftServerConfigKeys (ConfUtils.java:logGet(43)) - raft.server.log.purge.gap = 1000000 (custom)
2019-09-12 11:55:25,352 [pool-71-thread-1] INFO  server.RaftServerConfigKeys (ConfUtils.java:logGet(43)) - raft.server.log.appender.buffer.byte-limit = 33554432 (custom)
2019-09-12 11:55:25,352 [pool-71-thread-1] INFO  server.RaftServerConfigKeys (ConfUtils.java:logGet(43)) - raft.server.log.segment.size.max = 1048576 (custom)
2019-09-12 11:55:25,352 [pool-71-thread-1] INFO  server.RaftServerConfigKeys (ConfUtils.java:logGet(43)) - raft.server.log.segment.cache.num.max = 2 (custom)
2019-09-12 11:55:25,352 [pool-71-thread-1] INFO  segmented.SegmentedRaftLogWorker (SegmentedRaftLogWorker.java:<init>(172)) - new 2571ad41-02e3-435e-b75a-0c7e86386881-SegmentedRaftLogWorker:Storage Directory /workdir/hadoop-ozone/tools/target/test-dir/MiniOzoneClusterImpl-68b3c2dd-7b99-4165-989a-193f9a99bda1/datanode-4/data/ratis/91c8eab9-6084-4c7c-a922-8e7098fc2b00 for RaftStorage:Storage Directory /workdir/hadoop-ozone/tools/target/test-dir/MiniOzoneClusterImpl-68b3c2dd-7b99-4165-989a-193f9a99bda1/datanode-4/data/ratis/91c8eab9-6084-4c7c-a922-8e7098fc2b00
2019-09-12 11:55:25,353 [pool-71-thread-1] INFO  server.RaftServerConfigKeys (ConfUtils.java:logGet(43)) - raft.server.log.queue.byte-limit = 2147483647 (custom)
2019-09-12 11:55:25,353 [pool-71-thread-1] INFO  server.RaftServerConfigKeys (ConfUtils.java:logGet(43)) - raft.server.log.queue.element-limit = 1024 (custom)
2019-09-12 11:55:25,353 [pool-71-thread-1] INFO  server.RaftServerConfigKeys (ConfUtils.java:logGet(43)) - raft.server.log.segment.size.max = 1048576 (custom)
2019-09-12 11:55:25,353 [pool-71-thread-1] INFO  server.RaftServerConfigKeys (ConfUtils.java:logGet(43)) - raft.server.log.preallocated.size = 16384 (custom)
2019-09-12 11:55:25,353 [pool-71-thread-1] INFO  server.RaftServerConfigKeys (ConfUtils.java:logGet(43)) - raft.server.log.write.buffer.size = 33554432 (custom)
2019-09-12 11:55:25,353 [pool-71-thread-1] INFO  server.RaftServerConfigKeys (ConfUtils.java:logGet(43)) - raft.server.log.force.sync.num = 128 (default)
2019-09-12 11:55:25,354 [pool-71-thread-1] INFO  server.RaftServerConfigKeys (ConfUtils.java:logGet(43)) - raft.server.log.statemachine.data.sync = true (default)
2019-09-12 11:55:25,354 [pool-71-thread-1] INFO  server.RaftServerConfigKeys (ConfUtils.java:logGet(43)) - raft.server.log.statemachine.data.sync.timeout = 10s (default)
2019-09-12 11:55:25,354 [pool-71-thread-1] INFO  server.RaftServerConfigKeys (ConfUtils.java:logGet(43)) - raft.server.log.statemachine.data.sync.timeout.retry = -1 (default)
2019-09-12 11:55:25,354 [pool-71-thread-1] INFO  server.RaftServerConfigKeys (ConfUtils.java:logGet(43)) - raft.server.log.statemachine.data.caching.enabled = true (custom)
2019-09-12 11:55:25,355 [pool-71-thread-1] INFO  segmented.SegmentedRaftLogWorker (SegmentedRaftLogWorker.java:lambda$new$0(132)) - 2571ad41-02e3-435e-b75a-0c7e86386881-SegmentedRaftLogWorker:Storage Directory /workdir/hadoop-ozone/tools/target/test-dir/MiniOzoneClusterImpl-68b3c2dd-7b99-4165-989a-193f9a99bda1/datanode-4/data/ratis/91c8eab9-6084-4c7c-a922-8e7098fc2b00: flushIndex: setUnconditionally 0 -> -1
2019-09-12 11:55:25,355 [pool-71-thread-1] INFO  server.RaftServerConfigKeys (ConfUtils.java:logGet(43)) - raft.server.snapshot.auto.trigger.enabled = true (custom)
2019-09-12 11:55:25,355 [pool-71-thread-1] INFO  server.RaftServerConfigKeys (ConfUtils.java:logGet(43)) - raft.server.snapshot.auto.trigger.threshold = 10000 (custom)
2019-09-12 11:55:25,356 [pool-71-thread-1] INFO  server.RaftServerConfigKeys (ConfUtils.java:logGet(43)) - raft.server.retrycache.expirytime = 600000ms (custom)
2019-09-12 11:55:25,356 [pool-71-thread-1] INFO  impl.RaftServerImpl (RaftServerImpl.java:start(180)) - 2571ad41-02e3-435e-b75a-0c7e86386881: start group-8E7098FC2B00
2019-09-12 11:55:25,356 [pool-71-thread-1] INFO  impl.RaftServerImpl (RaftServerImpl.java:setRole(171)) - 2571ad41-02e3-435e-b75a-0c7e86386881:group-8E7098FC2B00 changes role from null to FOLLOWER at term 0 for startAsFollower
2019-09-12 11:55:25,356 [pool-71-thread-1] INFO  impl.RoleInfo (RoleInfo.java:updateAndGet(143)) - 2571ad41-02e3-435e-b75a-0c7e86386881: start FollowerState
2019-09-12 11:55:25,357 [pool-71-thread-1] INFO  util.JmxRegister (JmxRegister.java:tryRegister(44)) - Successfully registered JMX Bean with object name Ratis:service=RaftServer,group=group-8E7098FC2B00,id=2571ad41-02e3-435e-b75a-0c7e86386881
2019-09-12 11:55:25,358 [pool-78-thread-1] INFO  rpc.RpcClient (RpcClient.java:createVolume(293)) - Creating Volume: vol-0-50748, with jenkins1000 as owner.
2019-09-12 11:55:25,364 [RatisPipelineUtilsThread] INFO  pipeline.PipelineStateManager (PipelineStateManager.java:addPipeline(56)) - Created pipeline Pipeline[ Id: 91c8eab9-6084-4c7c-a922-8e7098fc2b00, Nodes: 2571ad41-02e3-435e-b75a-0c7e86386881{ip: 192.168.157.195, host: pr-hdds-1569-xtfnx-3545843844, networkLocation: /default-rack, certSerialId: null}, Type:RATIS, Factor:ONE, State:OPEN]
2019-09-12 11:55:25,364 [RatisPipelineUtilsThread] ERROR pipeline.PipelinePlacementPolicy (PipelinePlacementPolicy.java:meetCriteria(91)) - Pipeline Placement: Doesn't meet the criteria to be viable node. Heaviness: 6
2019-09-12 11:55:25,365 [RatisPipelineUtilsThread] ERROR pipeline.PipelinePlacementPolicy (PipelinePlacementPolicy.java:meetCriteria(91)) - Pipeline Placement: Doesn't meet the criteria to be viable node. Heaviness: 6
2019-09-12 11:55:25,379 [grpc-default-executor-0] INFO  impl.RaftServerProxy (RaftServerProxy.java:addNew(89)) - fc058c35-4f1e-4195-8563-dfc72a0df006: addNew group-6D8D3F94C7A3:[fc058c35-4f1e-4195-8563-dfc72a0df006:192.168.157.195:38611] returns group-6D8D3F94C7A3:java.util.concurrent.CompletableFuture@781c5aab[Not completed]
2019-09-12 11:55:25,381 [pool-38-thread-1] INFO  impl.RaftServerImpl (RaftServerImpl.java:<init>(93)) - fc058c35-4f1e-4195-8563-dfc72a0df006: new RaftServerImpl for group-6D8D3F94C7A3:[fc058c35-4f1e-4195-8563-dfc72a0df006:192.168.157.195:38611] with ContainerStateMachine:uninitialized
2019-09-12 11:55:25,381 [pool-38-thread-1] INFO  server.RaftServerConfigKeys (ConfUtils.java:logGet(43)) - raft.server.rpc.timeout.min = 5s (custom)
2019-09-12 11:55:25,382 [pool-38-thread-1] INFO  server.RaftServerConfigKeys (ConfUtils.java:logGet(43)) - raft.server.rpc.timeout.max = 5200ms (custom)
2019-09-12 11:55:25,382 [pool-38-thread-1] INFO  server.RaftServerConfigKeys (ConfUtils.java:logGet(43)) - raft.server.rpcslowness.timeout = 120s (custom)
2019-09-12 11:55:25,382 [pool-38-thread-1] INFO  server.RaftServerConfigKeys (ConfUtils.java:logGet(43)) - raft.server.sleep.deviation.threshold = 300 (default)
2019-09-12 11:55:25,382 [pool-38-thread-1] INFO  server.RaftServerConfigKeys (ConfUtils.java:logGet(43)) - raft.server.log.appender.install.snapshot.enabled = false (custom)
2019-09-12 11:55:25,382 [pool-38-thread-1] INFO  impl.RaftServerImpl (ServerState.java:<init>(105)) - fc058c35-4f1e-4195-8563-dfc72a0df006:group-6D8D3F94C7A3 ConfigurationManager, init=-1: [fc058c35-4f1e-4195-8563-dfc72a0df006:192.168.157.195:38611], old=null, confs=<EMPTY_MAP>
2019-09-12 11:55:25,382 [pool-38-thread-1] INFO  server.RaftServerConfigKeys (ConfUtils.java:logGet(43)) - raft.server.storage.dir = [/workdir/hadoop-ozone/tools/target/test-dir/MiniOzoneClusterImpl-68b3c2dd-7b99-4165-989a-193f9a99bda1/datanode-1/data/ratis] (custom)
2019-09-12 11:55:25,383 [pool-38-thread-1] INFO  storage.RaftStorageDirectory (RaftStorageDirectory.java:analyzeStorage(246)) - The storage directory /workdir/hadoop-ozone/tools/target/test-dir/MiniOzoneClusterImpl-68b3c2dd-7b99-4165-989a-193f9a99bda1/datanode-1/data/ratis/5f42c91d-f662-4d42-a136-6d8d3f94c7a3 does not exist. Creating ...
2019-09-12 11:55:25,393 | INFO  | OMAudit | user=jenkins1000 | ip=127.0.0.1 | op=CREATE_VOLUME {admin=jenkins1000, owner=jenkins1000, volume=vol-0-50748, creationTime=1568289325387, quotaInBytes=1152921504606846976} | ret=SUCCESS |  
2019-09-12 11:55:25,395 [pool-38-thread-1] INFO  storage.RaftStorageDirectory (RaftStorageDirectory.java:tryLock(328)) - Lock on /workdir/hadoop-ozone/tools/target/test-dir/MiniOzoneClusterImpl-68b3c2dd-7b99-4165-989a-193f9a99bda1/datanode-1/data/ratis/5f42c91d-f662-4d42-a136-6d8d3f94c7a3/in_use.lock acquired by nodename 19800@pr-hdds-1569-xtfnx-3545843844
2019-09-12 11:55:25,407 | INFO  | OMAudit | user=jenkins1000 | ip=127.0.0.1 | op=READ_VOLUME {volume=vol-0-50748} | ret=SUCCESS |  
2019-09-12 11:55:25,413 [pool-38-thread-1] INFO  storage.RaftStorage (RaftStorage.java:format(72)) - Storage directory /workdir/hadoop-ozone/tools/target/test-dir/MiniOzoneClusterImpl-68b3c2dd-7b99-4165-989a-193f9a99bda1/datanode-1/data/ratis/5f42c91d-f662-4d42-a136-6d8d3f94c7a3 has been successfully formatted.
2019-09-12 11:55:25,413 [pool-38-thread-1] INFO  ratis.ContainerStateMachine (ContainerStateMachine.java:loadSnapshot(226)) - group-6D8D3F94C7A3: The snapshot info is null. Setting the last applied indexto:(t:0, i:~)
2019-09-12 11:55:25,413 [pool-38-thread-1] INFO  server.RaftServerConfigKeys (ConfUtils.java:logGet(43)) - raft.server.leader.election.timeout = 120s (custom)
2019-09-12 11:55:25,413 [pool-38-thread-1] INFO  server.RaftServerConfigKeys (ConfUtils.java:logGet(43)) - raft.server.log.use.memory = false (default)
2019-09-12 11:55:25,413 [pool-38-thread-1] INFO  server.RaftServerConfigKeys (ConfUtils.java:logGet(43)) - raft.server.log.purge.gap = 1000000 (custom)
2019-09-12 11:55:25,414 [pool-38-thread-1] INFO  server.RaftServerConfigKeys (ConfUtils.java:logGet(43)) - raft.server.log.appender.buffer.byte-limit = 33554432 (custom)
2019-09-12 11:55:25,414 [pool-38-thread-1] INFO  server.RaftServerConfigKeys (ConfUtils.java:logGet(43)) - raft.server.log.segment.size.max = 1048576 (custom)
2019-09-12 11:55:25,414 [pool-38-thread-1] INFO  server.RaftServerConfigKeys (ConfUtils.java:logGet(43)) - raft.server.log.segment.cache.num.max = 2 (custom)
2019-09-12 11:55:25,414 [pool-38-thread-1] INFO  segmented.SegmentedRaftLogWorker (SegmentedRaftLogWorker.java:<init>(172)) - new fc058c35-4f1e-4195-8563-dfc72a0df006-SegmentedRaftLogWorker:Storage Directory /workdir/hadoop-ozone/tools/target/test-dir/MiniOzoneClusterImpl-68b3c2dd-7b99-4165-989a-193f9a99bda1/datanode-1/data/ratis/5f42c91d-f662-4d42-a136-6d8d3f94c7a3 for RaftStorage:Storage Directory /workdir/hadoop-ozone/tools/target/test-dir/MiniOzoneClusterImpl-68b3c2dd-7b99-4165-989a-193f9a99bda1/datanode-1/data/ratis/5f42c91d-f662-4d42-a136-6d8d3f94c7a3
2019-09-12 11:55:25,415 [pool-38-thread-1] INFO  server.RaftServerConfigKeys (ConfUtils.java:logGet(43)) - raft.server.log.queue.byte-limit = 2147483647 (custom)
2019-09-12 11:55:25,415 [pool-38-thread-1] INFO  server.RaftServerConfigKeys (ConfUtils.java:logGet(43)) - raft.server.log.queue.element-limit = 1024 (custom)
2019-09-12 11:55:25,415 [pool-38-thread-1] INFO  server.RaftServerConfigKeys (ConfUtils.java:logGet(43)) - raft.server.log.segment.size.max = 1048576 (custom)
2019-09-12 11:55:25,415 [pool-38-thread-1] INFO  server.RaftServerConfigKeys (ConfUtils.java:logGet(43)) - raft.server.log.preallocated.size = 16384 (custom)
2019-09-12 11:55:25,415 [pool-38-thread-1] INFO  server.RaftServerConfigKeys (ConfUtils.java:logGet(43)) - raft.server.log.write.buffer.size = 33554432 (custom)
2019-09-12 11:55:25,415 [pool-38-thread-1] INFO  server.RaftServerConfigKeys (ConfUtils.java:logGet(43)) - raft.server.log.force.sync.num = 128 (default)
2019-09-12 11:55:25,416 [pool-38-thread-1] INFO  server.RaftServerConfigKeys (ConfUtils.java:logGet(43)) - raft.server.log.statemachine.data.sync = true (default)
2019-09-12 11:55:25,416 [pool-78-thread-2] INFO  rpc.RpcClient (RpcClient.java:createBucket(432)) - Creating Bucket: vol-0-50748/bucket-0-73446, with Versioning false and Storage Type set to DISK and Encryption set to false 
2019-09-12 11:55:25,418 [pool-38-thread-1] INFO  server.RaftServerConfigKeys (ConfUtils.java:logGet(43)) - raft.server.log.statemachine.data.sync.timeout = 10s (default)
2019-09-12 11:55:25,418 [pool-38-thread-1] INFO  server.RaftServerConfigKeys (ConfUtils.java:logGet(43)) - raft.server.log.statemachine.data.sync.timeout.retry = -1 (default)
2019-09-12 11:55:25,419 [pool-38-thread-1] INFO  server.RaftServerConfigKeys (ConfUtils.java:logGet(43)) - raft.server.log.statemachine.data.caching.enabled = true (custom)
2019-09-12 11:55:25,419 [pool-38-thread-1] INFO  segmented.SegmentedRaftLogWorker (SegmentedRaftLogWorker.java:lambda$new$0(132)) - fc058c35-4f1e-4195-8563-dfc72a0df006-SegmentedRaftLogWorker:Storage Directory /workdir/hadoop-ozone/tools/target/test-dir/MiniOzoneClusterImpl-68b3c2dd-7b99-4165-989a-193f9a99bda1/datanode-1/data/ratis/5f42c91d-f662-4d42-a136-6d8d3f94c7a3: flushIndex: setUnconditionally 0 -> -1
2019-09-12 11:55:25,420 [pool-38-thread-1] INFO  server.RaftServerConfigKeys (ConfUtils.java:logGet(43)) - raft.server.snapshot.auto.trigger.enabled = true (custom)
2019-09-12 11:55:25,420 [pool-38-thread-1] INFO  server.RaftServerConfigKeys (ConfUtils.java:logGet(43)) - raft.server.snapshot.auto.trigger.threshold = 10000 (custom)
2019-09-12 11:55:25,420 [pool-38-thread-1] INFO  server.RaftServerConfigKeys (ConfUtils.java:logGet(43)) - raft.server.retrycache.expirytime = 600000ms (custom)
2019-09-12 11:55:25,420 [pool-38-thread-1] INFO  impl.RaftServerImpl (RaftServerImpl.java:start(180)) - fc058c35-4f1e-4195-8563-dfc72a0df006: start group-6D8D3F94C7A3
2019-09-12 11:55:25,420 [pool-38-thread-1] INFO  impl.RaftServerImpl (RaftServerImpl.java:setRole(171)) - fc058c35-4f1e-4195-8563-dfc72a0df006:group-6D8D3F94C7A3 changes role from null to FOLLOWER at term 0 for startAsFollower
2019-09-12 11:55:25,421 [pool-38-thread-1] INFO  impl.RoleInfo (RoleInfo.java:updateAndGet(143)) - fc058c35-4f1e-4195-8563-dfc72a0df006: start FollowerState
2019-09-12 11:55:25,421 [pool-38-thread-1] INFO  util.JmxRegister (JmxRegister.java:tryRegister(44)) - Successfully registered JMX Bean with object name Ratis:service=RaftServer,group=group-6D8D3F94C7A3,id=fc058c35-4f1e-4195-8563-dfc72a0df006
2019-09-12 11:55:25,427 [RatisPipelineUtilsThread] INFO  pipeline.PipelineStateManager (PipelineStateManager.java:addPipeline(56)) - Created pipeline Pipeline[ Id: 5f42c91d-f662-4d42-a136-6d8d3f94c7a3, Nodes: fc058c35-4f1e-4195-8563-dfc72a0df006{ip: 192.168.157.195, host: pr-hdds-1569-xtfnx-3545843844, networkLocation: /default-rack, certSerialId: null}, Type:RATIS, Factor:ONE, State:OPEN]
2019-09-12 11:55:25,427 [RatisPipelineUtilsThread] ERROR pipeline.PipelinePlacementPolicy (PipelinePlacementPolicy.java:meetCriteria(91)) - Pipeline Placement: Doesn't meet the criteria to be viable node. Heaviness: 6
2019-09-12 11:55:25,428 [RatisPipelineUtilsThread] ERROR pipeline.PipelinePlacementPolicy (PipelinePlacementPolicy.java:meetCriteria(91)) - Pipeline Placement: Doesn't meet the criteria to be viable node. Heaviness: 6
2019-09-12 11:55:25,429 [RatisPipelineUtilsThread] ERROR pipeline.PipelinePlacementPolicy (PipelinePlacementPolicy.java:meetCriteria(91)) - Pipeline Placement: Doesn't meet the criteria to be viable node. Heaviness: 6
2019-09-12 11:55:25,441 [grpc-default-executor-0] INFO  impl.RaftServerProxy (RaftServerProxy.java:addNew(89)) - 195b504c-ec15-4395-b30f-deaa4314771c: addNew group-2DF9197C84F7:[195b504c-ec15-4395-b30f-deaa4314771c:192.168.157.195:32900] returns group-2DF9197C84F7:java.util.concurrent.CompletableFuture@6840f456[Not completed]
2019-09-12 11:55:25,443 [pool-49-thread-1] INFO  impl.RaftServerImpl (RaftServerImpl.java:<init>(93)) - 195b504c-ec15-4395-b30f-deaa4314771c: new RaftServerImpl for group-2DF9197C84F7:[195b504c-ec15-4395-b30f-deaa4314771c:192.168.157.195:32900] with ContainerStateMachine:uninitialized
2019-09-12 11:55:25,443 [pool-49-thread-1] INFO  server.RaftServerConfigKeys (ConfUtils.java:logGet(43)) - raft.server.rpc.timeout.min = 5s (custom)
2019-09-12 11:55:25,444 [pool-49-thread-1] INFO  server.RaftServerConfigKeys (ConfUtils.java:logGet(43)) - raft.server.rpc.timeout.max = 5200ms (custom)
2019-09-12 11:55:25,444 [pool-49-thread-1] INFO  server.RaftServerConfigKeys (ConfUtils.java:logGet(43)) - raft.server.rpcslowness.timeout = 120s (custom)
2019-09-12 11:55:25,444 [pool-49-thread-1] INFO  server.RaftServerConfigKeys (ConfUtils.java:logGet(43)) - raft.server.sleep.deviation.threshold = 300 (default)
2019-09-12 11:55:25,444 [pool-49-thread-1] INFO  server.RaftServerConfigKeys (ConfUtils.java:logGet(43)) - raft.server.log.appender.install.snapshot.enabled = false (custom)
2019-09-12 11:55:25,444 [pool-49-thread-1] INFO  impl.RaftServerImpl (ServerState.java:<init>(105)) - 195b504c-ec15-4395-b30f-deaa4314771c:group-2DF9197C84F7 ConfigurationManager, init=-1: [195b504c-ec15-4395-b30f-deaa4314771c:192.168.157.195:32900], old=null, confs=<EMPTY_MAP>
2019-09-12 11:55:25,444 | INFO  | OMAudit | user=jenkins1000 | ip=127.0.0.1 | op=CREATE_BUCKET {volume=vol-0-50748, bucket=bucket-0-73446, acls=[user:jenkins1000:a[ACCESS], group:default:a[ACCESS]], isVersionEnabled=false, storageType=DISK, creationTime=0} | ret=SUCCESS |  
2019-09-12 11:55:25,445 [pool-49-thread-1] INFO  server.RaftServerConfigKeys (ConfUtils.java:logGet(43)) - raft.server.storage.dir = [/workdir/hadoop-ozone/tools/target/test-dir/MiniOzoneClusterImpl-68b3c2dd-7b99-4165-989a-193f9a99bda1/datanode-2/data/ratis] (custom)
2019-09-12 11:55:25,445 [pool-49-thread-1] INFO  storage.RaftStorageDirectory (RaftStorageDirectory.java:analyzeStorage(246)) - The storage directory /workdir/hadoop-ozone/tools/target/test-dir/MiniOzoneClusterImpl-68b3c2dd-7b99-4165-989a-193f9a99bda1/datanode-2/data/ratis/dc0c9366-08b2-4160-be37-2df9197c84f7 does not exist. Creating ...
2019-09-12 11:55:25,452 | INFO  | OMAudit | user=jenkins1000 | ip=127.0.0.1 | op=READ_BUCKET {volume=vol-0-50748, bucket=bucket-0-73446} | ret=SUCCESS |  
2019-09-12 11:55:25,458 [pool-49-thread-1] INFO  storage.RaftStorageDirectory (RaftStorageDirectory.java:tryLock(328)) - Lock on /workdir/hadoop-ozone/tools/target/test-dir/MiniOzoneClusterImpl-68b3c2dd-7b99-4165-989a-193f9a99bda1/datanode-2/data/ratis/dc0c9366-08b2-4160-be37-2df9197c84f7/in_use.lock acquired by nodename 19800@pr-hdds-1569-xtfnx-3545843844
2019-09-12 11:55:25,471 [pool-49-thread-1] INFO  storage.RaftStorage (RaftStorage.java:format(72)) - Storage directory /workdir/hadoop-ozone/tools/target/test-dir/MiniOzoneClusterImpl-68b3c2dd-7b99-4165-989a-193f9a99bda1/datanode-2/data/ratis/dc0c9366-08b2-4160-be37-2df9197c84f7 has been successfully formatted.
2019-09-12 11:55:25,471 [pool-49-thread-1] INFO  ratis.ContainerStateMachine (ContainerStateMachine.java:loadSnapshot(226)) - group-2DF9197C84F7: The snapshot info is null. Setting the last applied indexto:(t:0, i:~)
2019-09-12 11:55:25,471 [pool-49-thread-1] INFO  server.RaftServerConfigKeys (ConfUtils.java:logGet(43)) - raft.server.leader.election.timeout = 120s (custom)
2019-09-12 11:55:25,471 [pool-49-thread-1] INFO  server.RaftServerConfigKeys (ConfUtils.java:logGet(43)) - raft.server.log.use.memory = false (default)
2019-09-12 11:55:25,472 [pool-49-thread-1] INFO  server.RaftServerConfigKeys (ConfUtils.java:logGet(43)) - raft.server.log.purge.gap = 1000000 (custom)
2019-09-12 11:55:25,472 [pool-49-thread-1] INFO  server.RaftServerConfigKeys (ConfUtils.java:logGet(43)) - raft.server.log.appender.buffer.byte-limit = 33554432 (custom)
2019-09-12 11:55:25,472 [pool-49-thread-1] INFO  server.RaftServerConfigKeys (ConfUtils.java:logGet(43)) - raft.server.log.segment.size.max = 1048576 (custom)
2019-09-12 11:55:25,474 [pool-49-thread-1] INFO  server.RaftServerConfigKeys (ConfUtils.java:logGet(43)) - raft.server.log.segment.cache.num.max = 2 (custom)
2019-09-12 11:55:25,474 [pool-49-thread-1] INFO  segmented.SegmentedRaftLogWorker (SegmentedRaftLogWorker.java:<init>(172)) - new 195b504c-ec15-4395-b30f-deaa4314771c-SegmentedRaftLogWorker:Storage Directory /workdir/hadoop-ozone/tools/target/test-dir/MiniOzoneClusterImpl-68b3c2dd-7b99-4165-989a-193f9a99bda1/datanode-2/data/ratis/dc0c9366-08b2-4160-be37-2df9197c84f7 for RaftStorage:Storage Directory /workdir/hadoop-ozone/tools/target/test-dir/MiniOzoneClusterImpl-68b3c2dd-7b99-4165-989a-193f9a99bda1/datanode-2/data/ratis/dc0c9366-08b2-4160-be37-2df9197c84f7
2019-09-12 11:55:25,474 [pool-49-thread-1] INFO  server.RaftServerConfigKeys (ConfUtils.java:logGet(43)) - raft.server.log.queue.byte-limit = 2147483647 (custom)
2019-09-12 11:55:25,475 [pool-49-thread-1] INFO  server.RaftServerConfigKeys (ConfUtils.java:logGet(43)) - raft.server.log.queue.element-limit = 1024 (custom)
2019-09-12 11:55:25,475 [pool-49-thread-1] INFO  server.RaftServerConfigKeys (ConfUtils.java:logGet(43)) - raft.server.log.segment.size.max = 1048576 (custom)
2019-09-12 11:55:25,475 [pool-49-thread-1] INFO  server.RaftServerConfigKeys (ConfUtils.java:logGet(43)) - raft.server.log.preallocated.size = 16384 (custom)
2019-09-12 11:55:25,475 [pool-49-thread-1] INFO  server.RaftServerConfigKeys (ConfUtils.java:logGet(43)) - raft.server.log.write.buffer.size = 33554432 (custom)
2019-09-12 11:55:25,475 [pool-49-thread-1] INFO  server.RaftServerConfigKeys (ConfUtils.java:logGet(43)) - raft.server.log.force.sync.num = 128 (default)
2019-09-12 11:55:25,475 [pool-49-thread-1] INFO  server.RaftServerConfigKeys (ConfUtils.java:logGet(43)) - raft.server.log.statemachine.data.sync = true (default)
2019-09-12 11:55:25,475 [pool-49-thread-1] INFO  server.RaftServerConfigKeys (ConfUtils.java:logGet(43)) - raft.server.log.statemachine.data.sync.timeout = 10s (default)
2019-09-12 11:55:25,476 [pool-49-thread-1] INFO  server.RaftServerConfigKeys (ConfUtils.java:logGet(43)) - raft.server.log.statemachine.data.sync.timeout.retry = -1 (default)
2019-09-12 11:55:25,476 [pool-49-thread-1] INFO  server.RaftServerConfigKeys (ConfUtils.java:logGet(43)) - raft.server.log.statemachine.data.caching.enabled = true (custom)
2019-09-12 11:55:25,476 [pool-49-thread-1] INFO  segmented.SegmentedRaftLogWorker (SegmentedRaftLogWorker.java:lambda$new$0(132)) - 195b504c-ec15-4395-b30f-deaa4314771c-SegmentedRaftLogWorker:Storage Directory /workdir/hadoop-ozone/tools/target/test-dir/MiniOzoneClusterImpl-68b3c2dd-7b99-4165-989a-193f9a99bda1/datanode-2/data/ratis/dc0c9366-08b2-4160-be37-2df9197c84f7: flushIndex: setUnconditionally 0 -> -1
2019-09-12 11:55:25,477 [pool-49-thread-1] INFO  server.RaftServerConfigKeys (ConfUtils.java:logGet(43)) - raft.server.snapshot.auto.trigger.enabled = true (custom)
2019-09-12 11:55:25,477 [pool-49-thread-1] INFO  server.RaftServerConfigKeys (ConfUtils.java:logGet(43)) - raft.server.snapshot.auto.trigger.threshold = 10000 (custom)
2019-09-12 11:55:25,477 [pool-49-thread-1] INFO  server.RaftServerConfigKeys (ConfUtils.java:logGet(43)) - raft.server.retrycache.expirytime = 600000ms (custom)
2019-09-12 11:55:25,477 [pool-49-thread-1] INFO  impl.RaftServerImpl (RaftServerImpl.java:start(180)) - 195b504c-ec15-4395-b30f-deaa4314771c: start group-2DF9197C84F7
2019-09-12 11:55:25,477 [pool-49-thread-1] INFO  impl.RaftServerImpl (RaftServerImpl.java:setRole(171)) - 195b504c-ec15-4395-b30f-deaa4314771c:group-2DF9197C84F7 changes role from null to FOLLOWER at term 0 for startAsFollower
2019-09-12 11:55:25,477 [pool-49-thread-1] INFO  impl.RoleInfo (RoleInfo.java:updateAndGet(143)) - 195b504c-ec15-4395-b30f-deaa4314771c: start FollowerState
2019-09-12 11:55:25,478 [pool-49-thread-1] INFO  util.JmxRegister (JmxRegister.java:tryRegister(44)) - Successfully registered JMX Bean with object name Ratis:service=RaftServer,group=group-2DF9197C84F7,id=195b504c-ec15-4395-b30f-deaa4314771c
2019-09-12 11:55:25,483 [RatisPipelineUtilsThread] INFO  pipeline.PipelineStateManager (PipelineStateManager.java:addPipeline(56)) - Created pipeline Pipeline[ Id: dc0c9366-08b2-4160-be37-2df9197c84f7, Nodes: 195b504c-ec15-4395-b30f-deaa4314771c{ip: 192.168.157.195, host: pr-hdds-1569-xtfnx-3545843844, networkLocation: /default-rack, certSerialId: null}, Type:RATIS, Factor:ONE, State:OPEN]
2019-09-12 11:55:25,485 [RatisPipelineUtilsThread] ERROR pipeline.PipelinePlacementPolicy (PipelinePlacementPolicy.java:meetCriteria(91)) - Pipeline Placement: Doesn't meet the criteria to be viable node. Heaviness: 6
2019-09-12 11:55:25,485 [RatisPipelineUtilsThread] ERROR pipeline.PipelinePlacementPolicy (PipelinePlacementPolicy.java:meetCriteria(91)) - Pipeline Placement: Doesn't meet the criteria to be viable node. Heaviness: 6
2019-09-12 11:55:25,486 [RatisPipelineUtilsThread] ERROR pipeline.PipelinePlacementPolicy (PipelinePlacementPolicy.java:meetCriteria(91)) - Pipeline Placement: Doesn't meet the criteria to be viable node. Heaviness: 6
2019-09-12 11:55:25,496 [grpc-default-executor-0] INFO  impl.RaftServerProxy (RaftServerProxy.java:addNew(89)) - 195b504c-ec15-4395-b30f-deaa4314771c: addNew group-3EF1279DDE71:[195b504c-ec15-4395-b30f-deaa4314771c:192.168.157.195:32900] returns group-3EF1279DDE71:java.util.concurrent.CompletableFuture@19d0649[Not completed]
2019-09-12 11:55:25,497 [pool-49-thread-1] INFO  impl.RaftServerImpl (RaftServerImpl.java:<init>(93)) - 195b504c-ec15-4395-b30f-deaa4314771c: new RaftServerImpl for group-3EF1279DDE71:[195b504c-ec15-4395-b30f-deaa4314771c:192.168.157.195:32900] with ContainerStateMachine:uninitialized
2019-09-12 11:55:25,497 [pool-49-thread-1] INFO  server.RaftServerConfigKeys (ConfUtils.java:logGet(43)) - raft.server.rpc.timeout.min = 5s (custom)
2019-09-12 11:55:25,497 [pool-49-thread-1] INFO  server.RaftServerConfigKeys (ConfUtils.java:logGet(43)) - raft.server.rpc.timeout.max = 5200ms (custom)
2019-09-12 11:55:25,497 [pool-49-thread-1] INFO  server.RaftServerConfigKeys (ConfUtils.java:logGet(43)) - raft.server.rpcslowness.timeout = 120s (custom)
2019-09-12 11:55:25,497 [pool-49-thread-1] INFO  server.RaftServerConfigKeys (ConfUtils.java:logGet(43)) - raft.server.sleep.deviation.threshold = 300 (default)
2019-09-12 11:55:25,497 [pool-49-thread-1] INFO  server.RaftServerConfigKeys (ConfUtils.java:logGet(43)) - raft.server.log.appender.install.snapshot.enabled = false (custom)
2019-09-12 11:55:25,498 [pool-49-thread-1] INFO  impl.RaftServerImpl (ServerState.java:<init>(105)) - 195b504c-ec15-4395-b30f-deaa4314771c:group-3EF1279DDE71 ConfigurationManager, init=-1: [195b504c-ec15-4395-b30f-deaa4314771c:192.168.157.195:32900], old=null, confs=<EMPTY_MAP>
2019-09-12 11:55:25,498 [pool-49-thread-1] INFO  server.RaftServerConfigKeys (ConfUtils.java:logGet(43)) - raft.server.storage.dir = [/workdir/hadoop-ozone/tools/target/test-dir/MiniOzoneClusterImpl-68b3c2dd-7b99-4165-989a-193f9a99bda1/datanode-2/data/ratis] (custom)
2019-09-12 11:55:25,498 [pool-49-thread-1] INFO  storage.RaftStorageDirectory (RaftStorageDirectory.java:analyzeStorage(246)) - The storage directory /workdir/hadoop-ozone/tools/target/test-dir/MiniOzoneClusterImpl-68b3c2dd-7b99-4165-989a-193f9a99bda1/datanode-2/data/ratis/60d2df97-64df-4792-8449-3ef1279dde71 does not exist. Creating ...
2019-09-12 11:55:25,524 [pool-49-thread-1] INFO  storage.RaftStorageDirectory (RaftStorageDirectory.java:tryLock(328)) - Lock on /workdir/hadoop-ozone/tools/target/test-dir/MiniOzoneClusterImpl-68b3c2dd-7b99-4165-989a-193f9a99bda1/datanode-2/data/ratis/60d2df97-64df-4792-8449-3ef1279dde71/in_use.lock acquired by nodename 19800@pr-hdds-1569-xtfnx-3545843844
2019-09-12 11:55:25,537 [pool-49-thread-1] INFO  storage.RaftStorage (RaftStorage.java:format(72)) - Storage directory /workdir/hadoop-ozone/tools/target/test-dir/MiniOzoneClusterImpl-68b3c2dd-7b99-4165-989a-193f9a99bda1/datanode-2/data/ratis/60d2df97-64df-4792-8449-3ef1279dde71 has been successfully formatted.
2019-09-12 11:55:25,537 [pool-49-thread-1] INFO  ratis.ContainerStateMachine (ContainerStateMachine.java:loadSnapshot(226)) - group-3EF1279DDE71: The snapshot info is null. Setting the last applied indexto:(t:0, i:~)
2019-09-12 11:55:25,537 [pool-49-thread-1] INFO  server.RaftServerConfigKeys (ConfUtils.java:logGet(43)) - raft.server.leader.election.timeout = 120s (custom)
2019-09-12 11:55:25,537 [pool-49-thread-1] INFO  server.RaftServerConfigKeys (ConfUtils.java:logGet(43)) - raft.server.log.use.memory = false (default)
2019-09-12 11:55:25,537 [pool-49-thread-1] INFO  server.RaftServerConfigKeys (ConfUtils.java:logGet(43)) - raft.server.log.purge.gap = 1000000 (custom)
2019-09-12 11:55:25,537 [pool-49-thread-1] INFO  server.RaftServerConfigKeys (ConfUtils.java:logGet(43)) - raft.server.log.appender.buffer.byte-limit = 33554432 (custom)
2019-09-12 11:55:25,537 [pool-49-thread-1] INFO  server.RaftServerConfigKeys (ConfUtils.java:logGet(43)) - raft.server.log.segment.size.max = 1048576 (custom)
2019-09-12 11:55:25,538 [pool-49-thread-1] INFO  server.RaftServerConfigKeys (ConfUtils.java:logGet(43)) - raft.server.log.segment.cache.num.max = 2 (custom)
2019-09-12 11:55:25,538 [pool-49-thread-1] INFO  segmented.SegmentedRaftLogWorker (SegmentedRaftLogWorker.java:<init>(172)) - new 195b504c-ec15-4395-b30f-deaa4314771c-SegmentedRaftLogWorker:Storage Directory /workdir/hadoop-ozone/tools/target/test-dir/MiniOzoneClusterImpl-68b3c2dd-7b99-4165-989a-193f9a99bda1/datanode-2/data/ratis/60d2df97-64df-4792-8449-3ef1279dde71 for RaftStorage:Storage Directory /workdir/hadoop-ozone/tools/target/test-dir/MiniOzoneClusterImpl-68b3c2dd-7b99-4165-989a-193f9a99bda1/datanode-2/data/ratis/60d2df97-64df-4792-8449-3ef1279dde71
2019-09-12 11:55:25,538 [pool-49-thread-1] INFO  server.RaftServerConfigKeys (ConfUtils.java:logGet(43)) - raft.server.log.queue.byte-limit = 2147483647 (custom)
2019-09-12 11:55:25,538 [pool-49-thread-1] INFO  server.RaftServerConfigKeys (ConfUtils.java:logGet(43)) - raft.server.log.queue.element-limit = 1024 (custom)
2019-09-12 11:55:25,538 [pool-49-thread-1] INFO  server.RaftServerConfigKeys (ConfUtils.java:logGet(43)) - raft.server.log.segment.size.max = 1048576 (custom)
2019-09-12 11:55:25,538 [pool-49-thread-1] INFO  server.RaftServerConfigKeys (ConfUtils.java:logGet(43)) - raft.server.log.preallocated.size = 16384 (custom)
2019-09-12 11:55:25,538 [pool-49-thread-1] INFO  server.RaftServerConfigKeys (ConfUtils.java:logGet(43)) - raft.server.log.write.buffer.size = 33554432 (custom)
2019-09-12 11:55:25,538 [pool-49-thread-1] INFO  server.RaftServerConfigKeys (ConfUtils.java:logGet(43)) - raft.server.log.force.sync.num = 128 (default)
2019-09-12 11:55:25,538 [pool-49-thread-1] INFO  server.RaftServerConfigKeys (ConfUtils.java:logGet(43)) - raft.server.log.statemachine.data.sync = true (default)
2019-09-12 11:55:25,539 [pool-49-thread-1] INFO  server.RaftServerConfigKeys (ConfUtils.java:logGet(43)) - raft.server.log.statemachine.data.sync.timeout = 10s (default)
2019-09-12 11:55:25,539 [pool-49-thread-1] INFO  server.RaftServerConfigKeys (ConfUtils.java:logGet(43)) - raft.server.log.statemachine.data.sync.timeout.retry = -1 (default)
2019-09-12 11:55:25,539 [pool-49-thread-1] INFO  server.RaftServerConfigKeys (ConfUtils.java:logGet(43)) - raft.server.log.statemachine.data.caching.enabled = true (custom)
2019-09-12 11:55:25,539 [pool-49-thread-1] INFO  segmented.SegmentedRaftLogWorker (SegmentedRaftLogWorker.java:lambda$new$0(132)) - 195b504c-ec15-4395-b30f-deaa4314771c-SegmentedRaftLogWorker:Storage Directory /workdir/hadoop-ozone/tools/target/test-dir/MiniOzoneClusterImpl-68b3c2dd-7b99-4165-989a-193f9a99bda1/datanode-2/data/ratis/60d2df97-64df-4792-8449-3ef1279dde71: flushIndex: setUnconditionally 0 -> -1
2019-09-12 11:55:25,539 [pool-49-thread-1] INFO  server.RaftServerConfigKeys (ConfUtils.java:logGet(43)) - raft.server.snapshot.auto.trigger.enabled = true (custom)
2019-09-12 11:55:25,540 [pool-49-thread-1] INFO  server.RaftServerConfigKeys (ConfUtils.java:logGet(43)) - raft.server.snapshot.auto.trigger.threshold = 10000 (custom)
2019-09-12 11:55:25,540 [pool-49-thread-1] INFO  server.RaftServerConfigKeys (ConfUtils.java:logGet(43)) - raft.server.retrycache.expirytime = 600000ms (custom)
2019-09-12 11:55:25,540 [pool-49-thread-1] INFO  impl.RaftServerImpl (RaftServerImpl.java:start(180)) - 195b504c-ec15-4395-b30f-deaa4314771c: start group-3EF1279DDE71
2019-09-12 11:55:25,540 [pool-49-thread-1] INFO  impl.RaftServerImpl (RaftServerImpl.java:setRole(171)) - 195b504c-ec15-4395-b30f-deaa4314771c:group-3EF1279DDE71 changes role from null to FOLLOWER at term 0 for startAsFollower
2019-09-12 11:55:25,540 [pool-49-thread-1] INFO  impl.RoleInfo (RoleInfo.java:updateAndGet(143)) - 195b504c-ec15-4395-b30f-deaa4314771c: start FollowerState
2019-09-12 11:55:25,540 [pool-49-thread-1] INFO  util.JmxRegister (JmxRegister.java:tryRegister(44)) - Successfully registered JMX Bean with object name Ratis:service=RaftServer,group=group-3EF1279DDE71,id=195b504c-ec15-4395-b30f-deaa4314771c
2019-09-12 11:55:25,545 [RatisPipelineUtilsThread] INFO  pipeline.PipelineStateManager (PipelineStateManager.java:addPipeline(56)) - Created pipeline Pipeline[ Id: 60d2df97-64df-4792-8449-3ef1279dde71, Nodes: 195b504c-ec15-4395-b30f-deaa4314771c{ip: 192.168.157.195, host: pr-hdds-1569-xtfnx-3545843844, networkLocation: /default-rack, certSerialId: null}, Type:RATIS, Factor:ONE, State:OPEN]
2019-09-12 11:55:25,547 [RatisPipelineUtilsThread] ERROR pipeline.PipelinePlacementPolicy (PipelinePlacementPolicy.java:meetCriteria(91)) - Pipeline Placement: Doesn't meet the criteria to be viable node. Heaviness: 6
2019-09-12 11:55:25,547 [RatisPipelineUtilsThread] ERROR pipeline.PipelinePlacementPolicy (PipelinePlacementPolicy.java:meetCriteria(91)) - Pipeline Placement: Doesn't meet the criteria to be viable node. Heaviness: 6
2019-09-12 11:55:25,547 [RatisPipelineUtilsThread] ERROR pipeline.PipelinePlacementPolicy (PipelinePlacementPolicy.java:meetCriteria(91)) - Pipeline Placement: Doesn't meet the criteria to be viable node. Heaviness: 6
2019-09-12 11:55:25,559 [grpc-default-executor-0] INFO  impl.RaftServerProxy (RaftServerProxy.java:addNew(89)) - 2571ad41-02e3-435e-b75a-0c7e86386881: addNew group-DD7706E31313:[2571ad41-02e3-435e-b75a-0c7e86386881:192.168.157.195:38484] returns group-DD7706E31313:java.util.concurrent.CompletableFuture@6778ff7a[Not completed]
2019-09-12 11:55:25,561 [pool-71-thread-1] INFO  impl.RaftServerImpl (RaftServerImpl.java:<init>(93)) - 2571ad41-02e3-435e-b75a-0c7e86386881: new RaftServerImpl for group-DD7706E31313:[2571ad41-02e3-435e-b75a-0c7e86386881:192.168.157.195:38484] with ContainerStateMachine:uninitialized
2019-09-12 11:55:25,561 [pool-71-thread-1] INFO  server.RaftServerConfigKeys (ConfUtils.java:logGet(43)) - raft.server.rpc.timeout.min = 5s (custom)
2019-09-12 11:55:25,562 [pool-71-thread-1] INFO  server.RaftServerConfigKeys (ConfUtils.java:logGet(43)) - raft.server.rpc.timeout.max = 5200ms (custom)
2019-09-12 11:55:25,562 [pool-71-thread-1] INFO  server.RaftServerConfigKeys (ConfUtils.java:logGet(43)) - raft.server.rpcslowness.timeout = 120s (custom)
2019-09-12 11:55:25,562 [pool-71-thread-1] INFO  server.RaftServerConfigKeys (ConfUtils.java:logGet(43)) - raft.server.sleep.deviation.threshold = 300 (default)
2019-09-12 11:55:25,562 [pool-71-thread-1] INFO  server.RaftServerConfigKeys (ConfUtils.java:logGet(43)) - raft.server.log.appender.install.snapshot.enabled = false (custom)
2019-09-12 11:55:25,563 [pool-71-thread-1] INFO  impl.RaftServerImpl (ServerState.java:<init>(105)) - 2571ad41-02e3-435e-b75a-0c7e86386881:group-DD7706E31313 ConfigurationManager, init=-1: [2571ad41-02e3-435e-b75a-0c7e86386881:192.168.157.195:38484], old=null, confs=<EMPTY_MAP>
2019-09-12 11:55:25,563 [pool-71-thread-1] INFO  server.RaftServerConfigKeys (ConfUtils.java:logGet(43)) - raft.server.storage.dir = [/workdir/hadoop-ozone/tools/target/test-dir/MiniOzoneClusterImpl-68b3c2dd-7b99-4165-989a-193f9a99bda1/datanode-4/data/ratis] (custom)
2019-09-12 11:55:25,564 [pool-71-thread-1] INFO  storage.RaftStorageDirectory (RaftStorageDirectory.java:analyzeStorage(246)) - The storage directory /workdir/hadoop-ozone/tools/target/test-dir/MiniOzoneClusterImpl-68b3c2dd-7b99-4165-989a-193f9a99bda1/datanode-4/data/ratis/7bfc0f78-7d6b-41a9-8d23-dd7706e31313 does not exist. Creating ...
2019-09-12 11:55:25,569 | INFO  | SCMAudit | user=jenkins1000 | ip=192.168.157.195 | op=SEND_HEARTBEAT {datanodeUUID=5774a03e-6f88-4ed6-a57b-14b40bcf9480, command=[]} | ret=SUCCESS |  
2019-09-12 11:55:25,569 | INFO  | SCMAudit | user=jenkins1000 | ip=192.168.157.195 | op=SEND_HEARTBEAT {datanodeUUID=195b504c-ec15-4395-b30f-deaa4314771c, command=[]} | ret=SUCCESS |  
2019-09-12 11:55:25,577 [pool-71-thread-1] INFO  storage.RaftStorageDirectory (RaftStorageDirectory.java:tryLock(328)) - Lock on /workdir/hadoop-ozone/tools/target/test-dir/MiniOzoneClusterImpl-68b3c2dd-7b99-4165-989a-193f9a99bda1/datanode-4/data/ratis/7bfc0f78-7d6b-41a9-8d23-dd7706e31313/in_use.lock acquired by nodename 19800@pr-hdds-1569-xtfnx-3545843844
2019-09-12 11:55:25,590 [pool-71-thread-1] INFO  storage.RaftStorage (RaftStorage.java:format(72)) - Storage directory /workdir/hadoop-ozone/tools/target/test-dir/MiniOzoneClusterImpl-68b3c2dd-7b99-4165-989a-193f9a99bda1/datanode-4/data/ratis/7bfc0f78-7d6b-41a9-8d23-dd7706e31313 has been successfully formatted.
2019-09-12 11:55:25,591 [pool-71-thread-1] INFO  ratis.ContainerStateMachine (ContainerStateMachine.java:loadSnapshot(226)) - group-DD7706E31313: The snapshot info is null. Setting the last applied indexto:(t:0, i:~)
2019-09-12 11:55:25,591 [pool-71-thread-1] INFO  server.RaftServerConfigKeys (ConfUtils.java:logGet(43)) - raft.server.leader.election.timeout = 120s (custom)
2019-09-12 11:55:25,591 [pool-71-thread-1] INFO  server.RaftServerConfigKeys (ConfUtils.java:logGet(43)) - raft.server.log.use.memory = false (default)
2019-09-12 11:55:25,591 [pool-71-thread-1] INFO  server.RaftServerConfigKeys (ConfUtils.java:logGet(43)) - raft.server.log.purge.gap = 1000000 (custom)
2019-09-12 11:55:25,591 [pool-71-thread-1] INFO  server.RaftServerConfigKeys (ConfUtils.java:logGet(43)) - raft.server.log.appender.buffer.byte-limit = 33554432 (custom)
2019-09-12 11:55:25,592 [pool-71-thread-1] INFO  server.RaftServerConfigKeys (ConfUtils.java:logGet(43)) - raft.server.log.segment.size.max = 1048576 (custom)
2019-09-12 11:55:25,592 [pool-71-thread-1] INFO  server.RaftServerConfigKeys (ConfUtils.java:logGet(43)) - raft.server.log.segment.cache.num.max = 2 (custom)
2019-09-12 11:55:25,592 [pool-71-thread-1] INFO  segmented.SegmentedRaftLogWorker (SegmentedRaftLogWorker.java:<init>(172)) - new 2571ad41-02e3-435e-b75a-0c7e86386881-SegmentedRaftLogWorker:Storage Directory /workdir/hadoop-ozone/tools/target/test-dir/MiniOzoneClusterImpl-68b3c2dd-7b99-4165-989a-193f9a99bda1/datanode-4/data/ratis/7bfc0f78-7d6b-41a9-8d23-dd7706e31313 for RaftStorage:Storage Directory /workdir/hadoop-ozone/tools/target/test-dir/MiniOzoneClusterImpl-68b3c2dd-7b99-4165-989a-193f9a99bda1/datanode-4/data/ratis/7bfc0f78-7d6b-41a9-8d23-dd7706e31313
2019-09-12 11:55:25,592 [pool-71-thread-1] INFO  server.RaftServerConfigKeys (ConfUtils.java:logGet(43)) - raft.server.log.queue.byte-limit = 2147483647 (custom)
2019-09-12 11:55:25,593 [pool-71-thread-1] INFO  server.RaftServerConfigKeys (ConfUtils.java:logGet(43)) - raft.server.log.queue.element-limit = 1024 (custom)
2019-09-12 11:55:25,593 [pool-71-thread-1] INFO  server.RaftServerConfigKeys (ConfUtils.java:logGet(43)) - raft.server.log.segment.size.max = 1048576 (custom)
2019-09-12 11:55:25,593 [pool-71-thread-1] INFO  server.RaftServerConfigKeys (ConfUtils.java:logGet(43)) - raft.server.log.preallocated.size = 16384 (custom)
2019-09-12 11:55:25,593 [pool-71-thread-1] INFO  server.RaftServerConfigKeys (ConfUtils.java:logGet(43)) - raft.server.log.write.buffer.size = 33554432 (custom)
2019-09-12 11:55:25,593 [pool-71-thread-1] INFO  server.RaftServerConfigKeys (ConfUtils.java:logGet(43)) - raft.server.log.force.sync.num = 128 (default)
2019-09-12 11:55:25,594 [pool-71-thread-1] INFO  server.RaftServerConfigKeys (ConfUtils.java:logGet(43)) - raft.server.log.statemachine.data.sync = true (default)
2019-09-12 11:55:25,594 [pool-71-thread-1] INFO  server.RaftServerConfigKeys (ConfUtils.java:logGet(43)) - raft.server.log.statemachine.data.sync.timeout = 10s (default)
2019-09-12 11:55:25,594 [pool-71-thread-1] INFO  server.RaftServerConfigKeys (ConfUtils.java:logGet(43)) - raft.server.log.statemachine.data.sync.timeout.retry = -1 (default)
2019-09-12 11:55:25,594 [pool-71-thread-1] INFO  server.RaftServerConfigKeys (ConfUtils.java:logGet(43)) - raft.server.log.statemachine.data.caching.enabled = true (custom)
2019-09-12 11:55:25,595 [pool-71-thread-1] INFO  segmented.SegmentedRaftLogWorker (SegmentedRaftLogWorker.java:lambda$new$0(132)) - 2571ad41-02e3-435e-b75a-0c7e86386881-SegmentedRaftLogWorker:Storage Directory /workdir/hadoop-ozone/tools/target/test-dir/MiniOzoneClusterImpl-68b3c2dd-7b99-4165-989a-193f9a99bda1/datanode-4/data/ratis/7bfc0f78-7d6b-41a9-8d23-dd7706e31313: flushIndex: setUnconditionally 0 -> -1
2019-09-12 11:55:25,595 [pool-71-thread-1] INFO  server.RaftServerConfigKeys (ConfUtils.java:logGet(43)) - raft.server.snapshot.auto.trigger.enabled = true (custom)
2019-09-12 11:55:25,596 [pool-71-thread-1] INFO  server.RaftServerConfigKeys (ConfUtils.java:logGet(43)) - raft.server.snapshot.auto.trigger.threshold = 10000 (custom)
2019-09-12 11:55:25,596 [pool-71-thread-1] INFO  server.RaftServerConfigKeys (ConfUtils.java:logGet(43)) - raft.server.retrycache.expirytime = 600000ms (custom)
2019-09-12 11:55:25,596 [pool-71-thread-1] INFO  impl.RaftServerImpl (RaftServerImpl.java:start(180)) - 2571ad41-02e3-435e-b75a-0c7e86386881: start group-DD7706E31313
2019-09-12 11:55:25,596 [pool-71-thread-1] INFO  impl.RaftServerImpl (RaftServerImpl.java:setRole(171)) - 2571ad41-02e3-435e-b75a-0c7e86386881:group-DD7706E31313 changes role from null to FOLLOWER at term 0 for startAsFollower
2019-09-12 11:55:25,597 [pool-71-thread-1] INFO  impl.RoleInfo (RoleInfo.java:updateAndGet(143)) - 2571ad41-02e3-435e-b75a-0c7e86386881: start FollowerState
2019-09-12 11:55:25,597 [pool-71-thread-1] INFO  util.JmxRegister (JmxRegister.java:tryRegister(44)) - Successfully registered JMX Bean with object name Ratis:service=RaftServer,group=group-DD7706E31313,id=2571ad41-02e3-435e-b75a-0c7e86386881
2019-09-12 11:55:25,610 [RatisPipelineUtilsThread] INFO  pipeline.PipelineStateManager (PipelineStateManager.java:addPipeline(56)) - Created pipeline Pipeline[ Id: 7bfc0f78-7d6b-41a9-8d23-dd7706e31313, Nodes: 2571ad41-02e3-435e-b75a-0c7e86386881{ip: 192.168.157.195, host: pr-hdds-1569-xtfnx-3545843844, networkLocation: /default-rack, certSerialId: null}, Type:RATIS, Factor:ONE, State:OPEN]
2019-09-12 11:55:25,612 [RatisPipelineUtilsThread] ERROR pipeline.PipelinePlacementPolicy (PipelinePlacementPolicy.java:meetCriteria(91)) - Pipeline Placement: Doesn't meet the criteria to be viable node. Heaviness: 6
2019-09-12 11:55:25,612 [RatisPipelineUtilsThread] ERROR pipeline.PipelinePlacementPolicy (PipelinePlacementPolicy.java:meetCriteria(91)) - Pipeline Placement: Doesn't meet the criteria to be viable node. Heaviness: 6
2019-09-12 11:55:25,613 [RatisPipelineUtilsThread] ERROR pipeline.PipelinePlacementPolicy (PipelinePlacementPolicy.java:meetCriteria(91)) - Pipeline Placement: Doesn't meet the criteria to be viable node. Heaviness: 6
2019-09-12 11:55:25,622 [grpc-default-executor-0] INFO  impl.RaftServerProxy (RaftServerProxy.java:addNew(89)) - 2571ad41-02e3-435e-b75a-0c7e86386881: addNew group-710381A48E45:[2571ad41-02e3-435e-b75a-0c7e86386881:192.168.157.195:38484] returns group-710381A48E45:java.util.concurrent.CompletableFuture@6369afd8[Not completed]
2019-09-12 11:55:25,624 [pool-71-thread-1] INFO  impl.RaftServerImpl (RaftServerImpl.java:<init>(93)) - 2571ad41-02e3-435e-b75a-0c7e86386881: new RaftServerImpl for group-710381A48E45:[2571ad41-02e3-435e-b75a-0c7e86386881:192.168.157.195:38484] with ContainerStateMachine:uninitialized
2019-09-12 11:55:25,624 [pool-71-thread-1] INFO  server.RaftServerConfigKeys (ConfUtils.java:logGet(43)) - raft.server.rpc.timeout.min = 5s (custom)
2019-09-12 11:55:25,624 [pool-71-thread-1] INFO  server.RaftServerConfigKeys (ConfUtils.java:logGet(43)) - raft.server.rpc.timeout.max = 5200ms (custom)
2019-09-12 11:55:25,624 [pool-71-thread-1] INFO  server.RaftServerConfigKeys (ConfUtils.java:logGet(43)) - raft.server.rpcslowness.timeout = 120s (custom)
2019-09-12 11:55:25,625 [pool-71-thread-1] INFO  server.RaftServerConfigKeys (ConfUtils.java:logGet(43)) - raft.server.sleep.deviation.threshold = 300 (default)
2019-09-12 11:55:25,625 [pool-71-thread-1] INFO  server.RaftServerConfigKeys (ConfUtils.java:logGet(43)) - raft.server.log.appender.install.snapshot.enabled = false (custom)
2019-09-12 11:55:25,625 [pool-71-thread-1] INFO  impl.RaftServerImpl (ServerState.java:<init>(105)) - 2571ad41-02e3-435e-b75a-0c7e86386881:group-710381A48E45 ConfigurationManager, init=-1: [2571ad41-02e3-435e-b75a-0c7e86386881:192.168.157.195:38484], old=null, confs=<EMPTY_MAP>
2019-09-12 11:55:25,625 [pool-71-thread-1] INFO  server.RaftServerConfigKeys (ConfUtils.java:logGet(43)) - raft.server.storage.dir = [/workdir/hadoop-ozone/tools/target/test-dir/MiniOzoneClusterImpl-68b3c2dd-7b99-4165-989a-193f9a99bda1/datanode-4/data/ratis] (custom)
2019-09-12 11:55:25,626 [pool-71-thread-1] INFO  storage.RaftStorageDirectory (RaftStorageDirectory.java:analyzeStorage(246)) - The storage directory /workdir/hadoop-ozone/tools/target/test-dir/MiniOzoneClusterImpl-68b3c2dd-7b99-4165-989a-193f9a99bda1/datanode-4/data/ratis/f98f19f7-9416-4b0c-b969-710381a48e45 does not exist. Creating ...
2019-09-12 11:55:25,634 | INFO  | SCMAudit | user=jenkins1000 | ip=192.168.157.195 | op=SEND_HEARTBEAT {datanodeUUID=3721b0b4-2420-471b-8c71-d07221d0164f, command=[]} | ret=SUCCESS |  
2019-09-12 11:55:25,650 [pool-71-thread-1] INFO  storage.RaftStorageDirectory (RaftStorageDirectory.java:tryLock(328)) - Lock on /workdir/hadoop-ozone/tools/target/test-dir/MiniOzoneClusterImpl-68b3c2dd-7b99-4165-989a-193f9a99bda1/datanode-4/data/ratis/f98f19f7-9416-4b0c-b969-710381a48e45/in_use.lock acquired by nodename 19800@pr-hdds-1569-xtfnx-3545843844
2019-09-12 11:55:25,663 [pool-71-thread-1] INFO  storage.RaftStorage (RaftStorage.java:format(72)) - Storage directory /workdir/hadoop-ozone/tools/target/test-dir/MiniOzoneClusterImpl-68b3c2dd-7b99-4165-989a-193f9a99bda1/datanode-4/data/ratis/f98f19f7-9416-4b0c-b969-710381a48e45 has been successfully formatted.
2019-09-12 11:55:25,664 [pool-71-thread-1] INFO  ratis.ContainerStateMachine (ContainerStateMachine.java:loadSnapshot(226)) - group-710381A48E45: The snapshot info is null. Setting the last applied indexto:(t:0, i:~)
2019-09-12 11:55:25,664 [pool-71-thread-1] INFO  server.RaftServerConfigKeys (ConfUtils.java:logGet(43)) - raft.server.leader.election.timeout = 120s (custom)
2019-09-12 11:55:25,664 [pool-71-thread-1] INFO  server.RaftServerConfigKeys (ConfUtils.java:logGet(43)) - raft.server.log.use.memory = false (default)
2019-09-12 11:55:25,665 [pool-71-thread-1] INFO  server.RaftServerConfigKeys (ConfUtils.java:logGet(43)) - raft.server.log.purge.gap = 1000000 (custom)
2019-09-12 11:55:25,665 [pool-71-thread-1] INFO  server.RaftServerConfigKeys (ConfUtils.java:logGet(43)) - raft.server.log.appender.buffer.byte-limit = 33554432 (custom)
2019-09-12 11:55:25,665 [pool-71-thread-1] INFO  server.RaftServerConfigKeys (ConfUtils.java:logGet(43)) - raft.server.log.segment.size.max = 1048576 (custom)
2019-09-12 11:55:25,665 [pool-71-thread-1] INFO  server.RaftServerConfigKeys (ConfUtils.java:logGet(43)) - raft.server.log.segment.cache.num.max = 2 (custom)
2019-09-12 11:55:25,666 [pool-71-thread-1] INFO  segmented.SegmentedRaftLogWorker (SegmentedRaftLogWorker.java:<init>(172)) - new 2571ad41-02e3-435e-b75a-0c7e86386881-SegmentedRaftLogWorker:Storage Directory /workdir/hadoop-ozone/tools/target/test-dir/MiniOzoneClusterImpl-68b3c2dd-7b99-4165-989a-193f9a99bda1/datanode-4/data/ratis/f98f19f7-9416-4b0c-b969-710381a48e45 for RaftStorage:Storage Directory /workdir/hadoop-ozone/tools/target/test-dir/MiniOzoneClusterImpl-68b3c2dd-7b99-4165-989a-193f9a99bda1/datanode-4/data/ratis/f98f19f7-9416-4b0c-b969-710381a48e45
2019-09-12 11:55:25,666 [pool-71-thread-1] INFO  server.RaftServerConfigKeys (ConfUtils.java:logGet(43)) - raft.server.log.queue.byte-limit = 2147483647 (custom)
2019-09-12 11:55:25,666 [pool-71-thread-1] INFO  server.RaftServerConfigKeys (ConfUtils.java:logGet(43)) - raft.server.log.queue.element-limit = 1024 (custom)
2019-09-12 11:55:25,667 [pool-71-thread-1] INFO  server.RaftServerConfigKeys (ConfUtils.java:logGet(43)) - raft.server.log.segment.size.max = 1048576 (custom)
2019-09-12 11:55:25,667 [pool-71-thread-1] INFO  server.RaftServerConfigKeys (ConfUtils.java:logGet(43)) - raft.server.log.preallocated.size = 16384 (custom)
2019-09-12 11:55:25,667 [pool-71-thread-1] INFO  server.RaftServerConfigKeys (ConfUtils.java:logGet(43)) - raft.server.log.write.buffer.size = 33554432 (custom)
2019-09-12 11:55:25,667 [pool-71-thread-1] INFO  server.RaftServerConfigKeys (ConfUtils.java:logGet(43)) - raft.server.log.force.sync.num = 128 (default)
2019-09-12 11:55:25,668 [pool-71-thread-1] INFO  server.RaftServerConfigKeys (ConfUtils.java:logGet(43)) - raft.server.log.statemachine.data.sync = true (default)
2019-09-12 11:55:25,668 [pool-71-thread-1] INFO  server.RaftServerConfigKeys (ConfUtils.java:logGet(43)) - raft.server.log.statemachine.data.sync.timeout = 10s (default)
2019-09-12 11:55:25,668 [pool-71-thread-1] INFO  server.RaftServerConfigKeys (ConfUtils.java:logGet(43)) - raft.server.log.statemachine.data.sync.timeout.retry = -1 (default)
2019-09-12 11:55:25,669 [pool-71-thread-1] INFO  server.RaftServerConfigKeys (ConfUtils.java:logGet(43)) - raft.server.log.statemachine.data.caching.enabled = true (custom)
2019-09-12 11:55:25,669 [pool-71-thread-1] INFO  segmented.SegmentedRaftLogWorker (SegmentedRaftLogWorker.java:lambda$new$0(132)) - 2571ad41-02e3-435e-b75a-0c7e86386881-SegmentedRaftLogWorker:Storage Directory /workdir/hadoop-ozone/tools/target/test-dir/MiniOzoneClusterImpl-68b3c2dd-7b99-4165-989a-193f9a99bda1/datanode-4/data/ratis/f98f19f7-9416-4b0c-b969-710381a48e45: flushIndex: setUnconditionally 0 -> -1
2019-09-12 11:55:25,670 [pool-71-thread-1] INFO  server.RaftServerConfigKeys (ConfUtils.java:logGet(43)) - raft.server.snapshot.auto.trigger.enabled = true (custom)
2019-09-12 11:55:25,670 [pool-71-thread-1] INFO  server.RaftServerConfigKeys (ConfUtils.java:logGet(43)) - raft.server.snapshot.auto.trigger.threshold = 10000 (custom)
2019-09-12 11:55:25,671 [pool-71-thread-1] INFO  server.RaftServerConfigKeys (ConfUtils.java:logGet(43)) - raft.server.retrycache.expirytime = 600000ms (custom)
2019-09-12 11:55:25,671 [pool-71-thread-1] INFO  impl.RaftServerImpl (RaftServerImpl.java:start(180)) - 2571ad41-02e3-435e-b75a-0c7e86386881: start group-710381A48E45
2019-09-12 11:55:25,671 [pool-71-thread-1] INFO  impl.RaftServerImpl (RaftServerImpl.java:setRole(171)) - 2571ad41-02e3-435e-b75a-0c7e86386881:group-710381A48E45 changes role from null to FOLLOWER at term 0 for startAsFollower
2019-09-12 11:55:25,671 [pool-71-thread-1] INFO  impl.RoleInfo (RoleInfo.java:updateAndGet(143)) - 2571ad41-02e3-435e-b75a-0c7e86386881: start FollowerState
2019-09-12 11:55:25,672 [pool-71-thread-1] INFO  util.JmxRegister (JmxRegister.java:tryRegister(44)) - Successfully registered JMX Bean with object name Ratis:service=RaftServer,group=group-710381A48E45,id=2571ad41-02e3-435e-b75a-0c7e86386881
2019-09-12 11:55:25,678 [RatisPipelineUtilsThread] INFO  pipeline.PipelineStateManager (PipelineStateManager.java:addPipeline(56)) - Created pipeline Pipeline[ Id: f98f19f7-9416-4b0c-b969-710381a48e45, Nodes: 2571ad41-02e3-435e-b75a-0c7e86386881{ip: 192.168.157.195, host: pr-hdds-1569-xtfnx-3545843844, networkLocation: /default-rack, certSerialId: null}, Type:RATIS, Factor:ONE, State:OPEN]
2019-09-12 11:55:25,680 [RatisPipelineUtilsThread] ERROR pipeline.PipelinePlacementPolicy (PipelinePlacementPolicy.java:meetCriteria(91)) - Pipeline Placement: Doesn't meet the criteria to be viable node. Heaviness: 6
2019-09-12 11:55:25,680 [RatisPipelineUtilsThread] ERROR pipeline.PipelinePlacementPolicy (PipelinePlacementPolicy.java:meetCriteria(91)) - Pipeline Placement: Doesn't meet the criteria to be viable node. Heaviness: 6
2019-09-12 11:55:25,680 [RatisPipelineUtilsThread] ERROR pipeline.PipelinePlacementPolicy (PipelinePlacementPolicy.java:meetCriteria(91)) - Pipeline Placement: Doesn't meet the criteria to be viable node. Heaviness: 6
2019-09-12 11:55:25,686 [Thread-207] INFO  container.ReplicationManager (ReplicationManager.java:start(151)) - Starting Replication Monitor Thread.
2019-09-12 11:55:25,689 [ReplicationMonitor] INFO  container.ReplicationManager (ReplicationManager.java:run(214)) - Replication Monitor Thread took 1 milliseconds for processing 0 containers.
2019-09-12 11:55:25,691 [grpc-default-executor-0] INFO  impl.RaftServerProxy (RaftServerProxy.java:addNew(89)) - 195b504c-ec15-4395-b30f-deaa4314771c: addNew group-214384752316:[195b504c-ec15-4395-b30f-deaa4314771c:192.168.157.195:32900] returns group-214384752316:java.util.concurrent.CompletableFuture@61dec9c1[Not completed]
2019-09-12 11:55:25,692 [pool-49-thread-1] INFO  impl.RaftServerImpl (RaftServerImpl.java:<init>(93)) - 195b504c-ec15-4395-b30f-deaa4314771c: new RaftServerImpl for group-214384752316:[195b504c-ec15-4395-b30f-deaa4314771c:192.168.157.195:32900] with ContainerStateMachine:uninitialized
2019-09-12 11:55:25,693 [pool-49-thread-1] INFO  server.RaftServerConfigKeys (ConfUtils.java:logGet(43)) - raft.server.rpc.timeout.min = 5s (custom)
2019-09-12 11:55:25,693 [pool-49-thread-1] INFO  server.RaftServerConfigKeys (ConfUtils.java:logGet(43)) - raft.server.rpc.timeout.max = 5200ms (custom)
2019-09-12 11:55:25,693 [pool-49-thread-1] INFO  server.RaftServerConfigKeys (ConfUtils.java:logGet(43)) - raft.server.rpcslowness.timeout = 120s (custom)
2019-09-12 11:55:25,693 [pool-49-thread-1] INFO  server.RaftServerConfigKeys (ConfUtils.java:logGet(43)) - raft.server.sleep.deviation.threshold = 300 (default)
2019-09-12 11:55:25,693 [pool-49-thread-1] INFO  server.RaftServerConfigKeys (ConfUtils.java:logGet(43)) - raft.server.log.appender.install.snapshot.enabled = false (custom)
2019-09-12 11:55:25,693 [pool-49-thread-1] INFO  impl.RaftServerImpl (ServerState.java:<init>(105)) - 195b504c-ec15-4395-b30f-deaa4314771c:group-214384752316 ConfigurationManager, init=-1: [195b504c-ec15-4395-b30f-deaa4314771c:192.168.157.195:32900], old=null, confs=<EMPTY_MAP>
2019-09-12 11:55:25,694 [pool-49-thread-1] INFO  server.RaftServerConfigKeys (ConfUtils.java:logGet(43)) - raft.server.storage.dir = [/workdir/hadoop-ozone/tools/target/test-dir/MiniOzoneClusterImpl-68b3c2dd-7b99-4165-989a-193f9a99bda1/datanode-2/data/ratis] (custom)
2019-09-12 11:55:25,694 [pool-49-thread-1] INFO  storage.RaftStorageDirectory (RaftStorageDirectory.java:analyzeStorage(246)) - The storage directory /workdir/hadoop-ozone/tools/target/test-dir/MiniOzoneClusterImpl-68b3c2dd-7b99-4165-989a-193f9a99bda1/datanode-2/data/ratis/fd772c4e-9428-4de8-bd71-214384752316 does not exist. Creating ...
2019-09-12 11:55:25,707 [pool-49-thread-1] INFO  storage.RaftStorageDirectory (RaftStorageDirectory.java:tryLock(328)) - Lock on /workdir/hadoop-ozone/tools/target/test-dir/MiniOzoneClusterImpl-68b3c2dd-7b99-4165-989a-193f9a99bda1/datanode-2/data/ratis/fd772c4e-9428-4de8-bd71-214384752316/in_use.lock acquired by nodename 19800@pr-hdds-1569-xtfnx-3545843844
2019-09-12 11:55:25,720 [pool-49-thread-1] INFO  storage.RaftStorage (RaftStorage.java:format(72)) - Storage directory /workdir/hadoop-ozone/tools/target/test-dir/MiniOzoneClusterImpl-68b3c2dd-7b99-4165-989a-193f9a99bda1/datanode-2/data/ratis/fd772c4e-9428-4de8-bd71-214384752316 has been successfully formatted.
2019-09-12 11:55:25,720 [pool-49-thread-1] INFO  ratis.ContainerStateMachine (ContainerStateMachine.java:loadSnapshot(226)) - group-214384752316: The snapshot info is null. Setting the last applied indexto:(t:0, i:~)
2019-09-12 11:55:25,720 [pool-49-thread-1] INFO  server.RaftServerConfigKeys (ConfUtils.java:logGet(43)) - raft.server.leader.election.timeout = 120s (custom)
2019-09-12 11:55:25,721 [pool-49-thread-1] INFO  server.RaftServerConfigKeys (ConfUtils.java:logGet(43)) - raft.server.log.use.memory = false (default)
2019-09-12 11:55:25,721 [pool-49-thread-1] INFO  server.RaftServerConfigKeys (ConfUtils.java:logGet(43)) - raft.server.log.purge.gap = 1000000 (custom)
2019-09-12 11:55:25,721 [pool-49-thread-1] INFO  server.RaftServerConfigKeys (ConfUtils.java:logGet(43)) - raft.server.log.appender.buffer.byte-limit = 33554432 (custom)
2019-09-12 11:55:25,721 [pool-49-thread-1] INFO  server.RaftServerConfigKeys (ConfUtils.java:logGet(43)) - raft.server.log.segment.size.max = 1048576 (custom)
2019-09-12 11:55:25,721 [pool-49-thread-1] INFO  server.RaftServerConfigKeys (ConfUtils.java:logGet(43)) - raft.server.log.segment.cache.num.max = 2 (custom)
2019-09-12 11:55:25,722 [pool-49-thread-1] INFO  segmented.SegmentedRaftLogWorker (SegmentedRaftLogWorker.java:<init>(172)) - new 195b504c-ec15-4395-b30f-deaa4314771c-SegmentedRaftLogWorker:Storage Directory /workdir/hadoop-ozone/tools/target/test-dir/MiniOzoneClusterImpl-68b3c2dd-7b99-4165-989a-193f9a99bda1/datanode-2/data/ratis/fd772c4e-9428-4de8-bd71-214384752316 for RaftStorage:Storage Directory /workdir/hadoop-ozone/tools/target/test-dir/MiniOzoneClusterImpl-68b3c2dd-7b99-4165-989a-193f9a99bda1/datanode-2/data/ratis/fd772c4e-9428-4de8-bd71-214384752316
2019-09-12 11:55:25,722 [pool-49-thread-1] INFO  server.RaftServerConfigKeys (ConfUtils.java:logGet(43)) - raft.server.log.queue.byte-limit = 2147483647 (custom)
2019-09-12 11:55:25,722 [pool-49-thread-1] INFO  server.RaftServerConfigKeys (ConfUtils.java:logGet(43)) - raft.server.log.queue.element-limit = 1024 (custom)
2019-09-12 11:55:25,722 [pool-49-thread-1] INFO  server.RaftServerConfigKeys (ConfUtils.java:logGet(43)) - raft.server.log.segment.size.max = 1048576 (custom)
2019-09-12 11:55:25,722 [pool-49-thread-1] INFO  server.RaftServerConfigKeys (ConfUtils.java:logGet(43)) - raft.server.log.preallocated.size = 16384 (custom)
2019-09-12 11:55:25,722 [pool-49-thread-1] INFO  server.RaftServerConfigKeys (ConfUtils.java:logGet(43)) - raft.server.log.write.buffer.size = 33554432 (custom)
2019-09-12 11:55:25,723 [pool-49-thread-1] INFO  server.RaftServerConfigKeys (ConfUtils.java:logGet(43)) - raft.server.log.force.sync.num = 128 (default)
2019-09-12 11:55:25,723 [pool-49-thread-1] INFO  server.RaftServerConfigKeys (ConfUtils.java:logGet(43)) - raft.server.log.statemachine.data.sync = true (default)
2019-09-12 11:55:25,723 [pool-49-thread-1] INFO  server.RaftServerConfigKeys (ConfUtils.java:logGet(43)) - raft.server.log.statemachine.data.sync.timeout = 10s (default)
2019-09-12 11:55:25,723 [pool-49-thread-1] INFO  server.RaftServerConfigKeys (ConfUtils.java:logGet(43)) - raft.server.log.statemachine.data.sync.timeout.retry = -1 (default)
2019-09-12 11:55:25,723 [pool-49-thread-1] INFO  server.RaftServerConfigKeys (ConfUtils.java:logGet(43)) - raft.server.log.statemachine.data.caching.enabled = true (custom)
2019-09-12 11:55:25,724 [pool-49-thread-1] INFO  segmented.SegmentedRaftLogWorker (SegmentedRaftLogWorker.java:lambda$new$0(132)) - 195b504c-ec15-4395-b30f-deaa4314771c-SegmentedRaftLogWorker:Storage Directory /workdir/hadoop-ozone/tools/target/test-dir/MiniOzoneClusterImpl-68b3c2dd-7b99-4165-989a-193f9a99bda1/datanode-2/data/ratis/fd772c4e-9428-4de8-bd71-214384752316: flushIndex: setUnconditionally 0 -> -1
2019-09-12 11:55:25,724 [pool-49-thread-1] INFO  server.RaftServerConfigKeys (ConfUtils.java:logGet(43)) - raft.server.snapshot.auto.trigger.enabled = true (custom)
2019-09-12 11:55:25,724 [pool-49-thread-1] INFO  server.RaftServerConfigKeys (ConfUtils.java:logGet(43)) - raft.server.snapshot.auto.trigger.threshold = 10000 (custom)
2019-09-12 11:55:25,725 [pool-49-thread-1] INFO  server.RaftServerConfigKeys (ConfUtils.java:logGet(43)) - raft.server.retrycache.expirytime = 600000ms (custom)
2019-09-12 11:55:25,725 [pool-49-thread-1] INFO  impl.RaftServerImpl (RaftServerImpl.java:start(180)) - 195b504c-ec15-4395-b30f-deaa4314771c: start group-214384752316
2019-09-12 11:55:25,725 [pool-49-thread-1] INFO  impl.RaftServerImpl (RaftServerImpl.java:setRole(171)) - 195b504c-ec15-4395-b30f-deaa4314771c:group-214384752316 changes role from null to FOLLOWER at term 0 for startAsFollower
2019-09-12 11:55:25,725 [pool-49-thread-1] INFO  impl.RoleInfo (RoleInfo.java:updateAndGet(143)) - 195b504c-ec15-4395-b30f-deaa4314771c: start FollowerState
2019-09-12 11:55:25,726 [pool-49-thread-1] INFO  util.JmxRegister (JmxRegister.java:tryRegister(44)) - Successfully registered JMX Bean with object name Ratis:service=RaftServer,group=group-214384752316,id=195b504c-ec15-4395-b30f-deaa4314771c
2019-09-12 11:55:25,731 [RatisPipelineUtilsThread] INFO  pipeline.PipelineStateManager (PipelineStateManager.java:addPipeline(56)) - Created pipeline Pipeline[ Id: fd772c4e-9428-4de8-bd71-214384752316, Nodes: 195b504c-ec15-4395-b30f-deaa4314771c{ip: 192.168.157.195, host: pr-hdds-1569-xtfnx-3545843844, networkLocation: /default-rack, certSerialId: null}, Type:RATIS, Factor:ONE, State:OPEN]
2019-09-12 11:55:25,733 [RatisPipelineUtilsThread] ERROR pipeline.PipelinePlacementPolicy (PipelinePlacementPolicy.java:meetCriteria(91)) - Pipeline Placement: Doesn't meet the criteria to be viable node. Heaviness: 6
2019-09-12 11:55:25,733 [RatisPipelineUtilsThread] ERROR pipeline.PipelinePlacementPolicy (PipelinePlacementPolicy.java:meetCriteria(91)) - Pipeline Placement: Doesn't meet the criteria to be viable node. Heaviness: 6
2019-09-12 11:55:25,733 [RatisPipelineUtilsThread] ERROR pipeline.PipelinePlacementPolicy (PipelinePlacementPolicy.java:meetCriteria(91)) - Pipeline Placement: Doesn't meet the criteria to be viable node. Heaviness: 6
2019-09-12 11:55:25,745 [grpc-default-executor-0] INFO  impl.RaftServerProxy (RaftServerProxy.java:addNew(89)) - 195b504c-ec15-4395-b30f-deaa4314771c: addNew group-06313AB0E67B:[195b504c-ec15-4395-b30f-deaa4314771c:192.168.157.195:32900] returns group-06313AB0E67B:java.util.concurrent.CompletableFuture@3fc4f367[Not completed]
2019-09-12 11:55:25,746 [pool-49-thread-1] INFO  impl.RaftServerImpl (RaftServerImpl.java:<init>(93)) - 195b504c-ec15-4395-b30f-deaa4314771c: new RaftServerImpl for group-06313AB0E67B:[195b504c-ec15-4395-b30f-deaa4314771c:192.168.157.195:32900] with ContainerStateMachine:uninitialized
2019-09-12 11:55:25,746 [pool-49-thread-1] INFO  server.RaftServerConfigKeys (ConfUtils.java:logGet(43)) - raft.server.rpc.timeout.min = 5s (custom)
2019-09-12 11:55:25,747 [pool-49-thread-1] INFO  server.RaftServerConfigKeys (ConfUtils.java:logGet(43)) - raft.server.rpc.timeout.max = 5200ms (custom)
2019-09-12 11:55:25,747 [pool-49-thread-1] INFO  server.RaftServerConfigKeys (ConfUtils.java:logGet(43)) - raft.server.rpcslowness.timeout = 120s (custom)
2019-09-12 11:55:25,747 [pool-49-thread-1] INFO  server.RaftServerConfigKeys (ConfUtils.java:logGet(43)) - raft.server.sleep.deviation.threshold = 300 (default)
2019-09-12 11:55:25,747 [pool-49-thread-1] INFO  server.RaftServerConfigKeys (ConfUtils.java:logGet(43)) - raft.server.log.appender.install.snapshot.enabled = false (custom)
2019-09-12 11:55:25,747 [pool-49-thread-1] INFO  impl.RaftServerImpl (ServerState.java:<init>(105)) - 195b504c-ec15-4395-b30f-deaa4314771c:group-06313AB0E67B ConfigurationManager, init=-1: [195b504c-ec15-4395-b30f-deaa4314771c:192.168.157.195:32900], old=null, confs=<EMPTY_MAP>
2019-09-12 11:55:25,747 [pool-49-thread-1] INFO  server.RaftServerConfigKeys (ConfUtils.java:logGet(43)) - raft.server.storage.dir = [/workdir/hadoop-ozone/tools/target/test-dir/MiniOzoneClusterImpl-68b3c2dd-7b99-4165-989a-193f9a99bda1/datanode-2/data/ratis] (custom)
2019-09-12 11:55:25,748 [pool-49-thread-1] INFO  storage.RaftStorageDirectory (RaftStorageDirectory.java:analyzeStorage(246)) - The storage directory /workdir/hadoop-ozone/tools/target/test-dir/MiniOzoneClusterImpl-68b3c2dd-7b99-4165-989a-193f9a99bda1/datanode-2/data/ratis/6982c4f4-3a8d-427f-8648-06313ab0e67b does not exist. Creating ...
2019-09-12 11:55:25,760 [pool-49-thread-1] INFO  storage.RaftStorageDirectory (RaftStorageDirectory.java:tryLock(328)) - Lock on /workdir/hadoop-ozone/tools/target/test-dir/MiniOzoneClusterImpl-68b3c2dd-7b99-4165-989a-193f9a99bda1/datanode-2/data/ratis/6982c4f4-3a8d-427f-8648-06313ab0e67b/in_use.lock acquired by nodename 19800@pr-hdds-1569-xtfnx-3545843844
2019-09-12 11:55:25,774 [pool-49-thread-1] INFO  storage.RaftStorage (RaftStorage.java:format(72)) - Storage directory /workdir/hadoop-ozone/tools/target/test-dir/MiniOzoneClusterImpl-68b3c2dd-7b99-4165-989a-193f9a99bda1/datanode-2/data/ratis/6982c4f4-3a8d-427f-8648-06313ab0e67b has been successfully formatted.
2019-09-12 11:55:25,774 [pool-49-thread-1] INFO  ratis.ContainerStateMachine (ContainerStateMachine.java:loadSnapshot(226)) - group-06313AB0E67B: The snapshot info is null. Setting the last applied indexto:(t:0, i:~)
2019-09-12 11:55:25,774 [pool-49-thread-1] INFO  server.RaftServerConfigKeys (ConfUtils.java:logGet(43)) - raft.server.leader.election.timeout = 120s (custom)
2019-09-12 11:55:25,774 [pool-49-thread-1] INFO  server.RaftServerConfigKeys (ConfUtils.java:logGet(43)) - raft.server.log.use.memory = false (default)
2019-09-12 11:55:25,774 [pool-49-thread-1] INFO  server.RaftServerConfigKeys (ConfUtils.java:logGet(43)) - raft.server.log.purge.gap = 1000000 (custom)
2019-09-12 11:55:25,774 [pool-49-thread-1] INFO  server.RaftServerConfigKeys (ConfUtils.java:logGet(43)) - raft.server.log.appender.buffer.byte-limit = 33554432 (custom)
2019-09-12 11:55:25,775 [pool-49-thread-1] INFO  server.RaftServerConfigKeys (ConfUtils.java:logGet(43)) - raft.server.log.segment.size.max = 1048576 (custom)
2019-09-12 11:55:25,775 [pool-49-thread-1] INFO  server.RaftServerConfigKeys (ConfUtils.java:logGet(43)) - raft.server.log.segment.cache.num.max = 2 (custom)
2019-09-12 11:55:25,775 [pool-49-thread-1] INFO  segmented.SegmentedRaftLogWorker (SegmentedRaftLogWorker.java:<init>(172)) - new 195b504c-ec15-4395-b30f-deaa4314771c-SegmentedRaftLogWorker:Storage Directory /workdir/hadoop-ozone/tools/target/test-dir/MiniOzoneClusterImpl-68b3c2dd-7b99-4165-989a-193f9a99bda1/datanode-2/data/ratis/6982c4f4-3a8d-427f-8648-06313ab0e67b for RaftStorage:Storage Directory /workdir/hadoop-ozone/tools/target/test-dir/MiniOzoneClusterImpl-68b3c2dd-7b99-4165-989a-193f9a99bda1/datanode-2/data/ratis/6982c4f4-3a8d-427f-8648-06313ab0e67b
2019-09-12 11:55:25,775 [pool-49-thread-1] INFO  server.RaftServerConfigKeys (ConfUtils.java:logGet(43)) - raft.server.log.queue.byte-limit = 2147483647 (custom)
2019-09-12 11:55:25,775 [pool-49-thread-1] INFO  server.RaftServerConfigKeys (ConfUtils.java:logGet(43)) - raft.server.log.queue.element-limit = 1024 (custom)
2019-09-12 11:55:25,775 [pool-49-thread-1] INFO  server.RaftServerConfigKeys (ConfUtils.java:logGet(43)) - raft.server.log.segment.size.max = 1048576 (custom)
2019-09-12 11:55:25,775 [pool-49-thread-1] INFO  server.RaftServerConfigKeys (ConfUtils.java:logGet(43)) - raft.server.log.preallocated.size = 16384 (custom)
2019-09-12 11:55:25,776 [pool-49-thread-1] INFO  server.RaftServerConfigKeys (ConfUtils.java:logGet(43)) - raft.server.log.write.buffer.size = 33554432 (custom)
2019-09-12 11:55:25,776 [pool-49-thread-1] INFO  server.RaftServerConfigKeys (ConfUtils.java:logGet(43)) - raft.server.log.force.sync.num = 128 (default)
2019-09-12 11:55:25,776 [pool-49-thread-1] INFO  server.RaftServerConfigKeys (ConfUtils.java:logGet(43)) - raft.server.log.statemachine.data.sync = true (default)
2019-09-12 11:55:25,776 [pool-49-thread-1] INFO  server.RaftServerConfigKeys (ConfUtils.java:logGet(43)) - raft.server.log.statemachine.data.sync.timeout = 10s (default)
2019-09-12 11:55:25,776 [pool-49-thread-1] INFO  server.RaftServerConfigKeys (ConfUtils.java:logGet(43)) - raft.server.log.statemachine.data.sync.timeout.retry = -1 (default)
2019-09-12 11:55:25,776 [pool-49-thread-1] INFO  server.RaftServerConfigKeys (ConfUtils.java:logGet(43)) - raft.server.log.statemachine.data.caching.enabled = true (custom)
2019-09-12 11:55:25,777 [pool-49-thread-1] INFO  segmented.SegmentedRaftLogWorker (SegmentedRaftLogWorker.java:lambda$new$0(132)) - 195b504c-ec15-4395-b30f-deaa4314771c-SegmentedRaftLogWorker:Storage Directory /workdir/hadoop-ozone/tools/target/test-dir/MiniOzoneClusterImpl-68b3c2dd-7b99-4165-989a-193f9a99bda1/datanode-2/data/ratis/6982c4f4-3a8d-427f-8648-06313ab0e67b: flushIndex: setUnconditionally 0 -> -1
2019-09-12 11:55:25,777 [pool-49-thread-1] INFO  server.RaftServerConfigKeys (ConfUtils.java:logGet(43)) - raft.server.snapshot.auto.trigger.enabled = true (custom)
2019-09-12 11:55:25,777 [pool-49-thread-1] INFO  server.RaftServerConfigKeys (ConfUtils.java:logGet(43)) - raft.server.snapshot.auto.trigger.threshold = 10000 (custom)
2019-09-12 11:55:25,777 [pool-49-thread-1] INFO  server.RaftServerConfigKeys (ConfUtils.java:logGet(43)) - raft.server.retrycache.expirytime = 600000ms (custom)
2019-09-12 11:55:25,778 [pool-49-thread-1] INFO  impl.RaftServerImpl (RaftServerImpl.java:start(180)) - 195b504c-ec15-4395-b30f-deaa4314771c: start group-06313AB0E67B
2019-09-12 11:55:25,778 [pool-49-thread-1] INFO  impl.RaftServerImpl (RaftServerImpl.java:setRole(171)) - 195b504c-ec15-4395-b30f-deaa4314771c:group-06313AB0E67B changes role from null to FOLLOWER at term 0 for startAsFollower
2019-09-12 11:55:25,778 [pool-49-thread-1] INFO  impl.RoleInfo (RoleInfo.java:updateAndGet(143)) - 195b504c-ec15-4395-b30f-deaa4314771c: start FollowerState
2019-09-12 11:55:25,778 [pool-49-thread-1] INFO  util.JmxRegister (JmxRegister.java:tryRegister(44)) - Successfully registered JMX Bean with object name Ratis:service=RaftServer,group=group-06313AB0E67B,id=195b504c-ec15-4395-b30f-deaa4314771c
2019-09-12 11:55:25,784 [RatisPipelineUtilsThread] INFO  pipeline.PipelineStateManager (PipelineStateManager.java:addPipeline(56)) - Created pipeline Pipeline[ Id: 6982c4f4-3a8d-427f-8648-06313ab0e67b, Nodes: 195b504c-ec15-4395-b30f-deaa4314771c{ip: 192.168.157.195, host: pr-hdds-1569-xtfnx-3545843844, networkLocation: /default-rack, certSerialId: null}, Type:RATIS, Factor:ONE, State:OPEN]
2019-09-12 11:55:25,786 [RatisPipelineUtilsThread] ERROR pipeline.PipelinePlacementPolicy (PipelinePlacementPolicy.java:meetCriteria(91)) - Pipeline Placement: Doesn't meet the criteria to be viable node. Heaviness: 6
2019-09-12 11:55:25,786 [RatisPipelineUtilsThread] ERROR pipeline.PipelinePlacementPolicy (PipelinePlacementPolicy.java:meetCriteria(91)) - Pipeline Placement: Doesn't meet the criteria to be viable node. Heaviness: 6
2019-09-12 11:55:25,786 [RatisPipelineUtilsThread] ERROR pipeline.PipelinePlacementPolicy (PipelinePlacementPolicy.java:meetCriteria(91)) - Pipeline Placement: Doesn't meet the criteria to be viable node. Heaviness: 6
2019-09-12 11:55:25,786 [RatisPipelineUtilsThread] ERROR pipeline.PipelinePlacementPolicy (PipelinePlacementPolicy.java:meetCriteria(91)) - Pipeline Placement: Doesn't meet the criteria to be viable node. Heaviness: 6
2019-09-12 11:55:25,792 | INFO  | SCMAudit | user=jenkins1000 | ip=192.168.157.195 | op=SEND_HEARTBEAT {datanodeUUID=2571ad41-02e3-435e-b75a-0c7e86386881, command=[]} | ret=SUCCESS |  
2019-09-12 11:55:25,799 [grpc-default-executor-0] INFO  impl.RaftServerProxy (RaftServerProxy.java:addNew(89)) - 2571ad41-02e3-435e-b75a-0c7e86386881: addNew group-8336260E4C03:[2571ad41-02e3-435e-b75a-0c7e86386881:192.168.157.195:38484] returns group-8336260E4C03:java.util.concurrent.CompletableFuture@2f9922e[Not completed]
2019-09-12 11:55:25,800 [pool-71-thread-1] INFO  impl.RaftServerImpl (RaftServerImpl.java:<init>(93)) - 2571ad41-02e3-435e-b75a-0c7e86386881: new RaftServerImpl for group-8336260E4C03:[2571ad41-02e3-435e-b75a-0c7e86386881:192.168.157.195:38484] with ContainerStateMachine:uninitialized
2019-09-12 11:55:25,801 [pool-71-thread-1] INFO  server.RaftServerConfigKeys (ConfUtils.java:logGet(43)) - raft.server.rpc.timeout.min = 5s (custom)
2019-09-12 11:55:25,801 [pool-71-thread-1] INFO  server.RaftServerConfigKeys (ConfUtils.java:logGet(43)) - raft.server.rpc.timeout.max = 5200ms (custom)
2019-09-12 11:55:25,801 [pool-71-thread-1] INFO  server.RaftServerConfigKeys (ConfUtils.java:logGet(43)) - raft.server.rpcslowness.timeout = 120s (custom)
2019-09-12 11:55:25,801 [pool-71-thread-1] INFO  server.RaftServerConfigKeys (ConfUtils.java:logGet(43)) - raft.server.sleep.deviation.threshold = 300 (default)
2019-09-12 11:55:25,801 [pool-71-thread-1] INFO  server.RaftServerConfigKeys (ConfUtils.java:logGet(43)) - raft.server.log.appender.install.snapshot.enabled = false (custom)
2019-09-12 11:55:25,801 [pool-71-thread-1] INFO  impl.RaftServerImpl (ServerState.java:<init>(105)) - 2571ad41-02e3-435e-b75a-0c7e86386881:group-8336260E4C03 ConfigurationManager, init=-1: [2571ad41-02e3-435e-b75a-0c7e86386881:192.168.157.195:38484], old=null, confs=<EMPTY_MAP>
2019-09-12 11:55:25,802 [pool-71-thread-1] INFO  server.RaftServerConfigKeys (ConfUtils.java:logGet(43)) - raft.server.storage.dir = [/workdir/hadoop-ozone/tools/target/test-dir/MiniOzoneClusterImpl-68b3c2dd-7b99-4165-989a-193f9a99bda1/datanode-4/data/ratis] (custom)
2019-09-12 11:55:25,802 [pool-71-thread-1] INFO  storage.RaftStorageDirectory (RaftStorageDirectory.java:analyzeStorage(246)) - The storage directory /workdir/hadoop-ozone/tools/target/test-dir/MiniOzoneClusterImpl-68b3c2dd-7b99-4165-989a-193f9a99bda1/datanode-4/data/ratis/4a609de7-8849-4ee8-b863-8336260e4c03 does not exist. Creating ...
2019-09-12 11:55:25,821 [pool-71-thread-1] INFO  storage.RaftStorageDirectory (RaftStorageDirectory.java:tryLock(328)) - Lock on /workdir/hadoop-ozone/tools/target/test-dir/MiniOzoneClusterImpl-68b3c2dd-7b99-4165-989a-193f9a99bda1/datanode-4/data/ratis/4a609de7-8849-4ee8-b863-8336260e4c03/in_use.lock acquired by nodename 19800@pr-hdds-1569-xtfnx-3545843844
2019-09-12 11:55:25,842 [pool-71-thread-1] INFO  storage.RaftStorage (RaftStorage.java:format(72)) - Storage directory /workdir/hadoop-ozone/tools/target/test-dir/MiniOzoneClusterImpl-68b3c2dd-7b99-4165-989a-193f9a99bda1/datanode-4/data/ratis/4a609de7-8849-4ee8-b863-8336260e4c03 has been successfully formatted.
2019-09-12 11:55:25,843 [pool-71-thread-1] INFO  ratis.ContainerStateMachine (ContainerStateMachine.java:loadSnapshot(226)) - group-8336260E4C03: The snapshot info is null. Setting the last applied indexto:(t:0, i:~)
2019-09-12 11:55:25,843 [pool-71-thread-1] INFO  server.RaftServerConfigKeys (ConfUtils.java:logGet(43)) - raft.server.leader.election.timeout = 120s (custom)
2019-09-12 11:55:25,843 [pool-71-thread-1] INFO  server.RaftServerConfigKeys (ConfUtils.java:logGet(43)) - raft.server.log.use.memory = false (default)
2019-09-12 11:55:25,843 [pool-71-thread-1] INFO  server.RaftServerConfigKeys (ConfUtils.java:logGet(43)) - raft.server.log.purge.gap = 1000000 (custom)
2019-09-12 11:55:25,843 [pool-71-thread-1] INFO  server.RaftServerConfigKeys (ConfUtils.java:logGet(43)) - raft.server.log.appender.buffer.byte-limit = 33554432 (custom)
2019-09-12 11:55:25,843 [pool-71-thread-1] INFO  server.RaftServerConfigKeys (ConfUtils.java:logGet(43)) - raft.server.log.segment.size.max = 1048576 (custom)
2019-09-12 11:55:25,844 [pool-71-thread-1] INFO  server.RaftServerConfigKeys (ConfUtils.java:logGet(43)) - raft.server.log.segment.cache.num.max = 2 (custom)
2019-09-12 11:55:25,844 [pool-71-thread-1] INFO  segmented.SegmentedRaftLogWorker (SegmentedRaftLogWorker.java:<init>(172)) - new 2571ad41-02e3-435e-b75a-0c7e86386881-SegmentedRaftLogWorker:Storage Directory /workdir/hadoop-ozone/tools/target/test-dir/MiniOzoneClusterImpl-68b3c2dd-7b99-4165-989a-193f9a99bda1/datanode-4/data/ratis/4a609de7-8849-4ee8-b863-8336260e4c03 for RaftStorage:Storage Directory /workdir/hadoop-ozone/tools/target/test-dir/MiniOzoneClusterImpl-68b3c2dd-7b99-4165-989a-193f9a99bda1/datanode-4/data/ratis/4a609de7-8849-4ee8-b863-8336260e4c03
2019-09-12 11:55:25,844 [pool-71-thread-1] INFO  server.RaftServerConfigKeys (ConfUtils.java:logGet(43)) - raft.server.log.queue.byte-limit = 2147483647 (custom)
2019-09-12 11:55:25,844 [pool-71-thread-1] INFO  server.RaftServerConfigKeys (ConfUtils.java:logGet(43)) - raft.server.log.queue.element-limit = 1024 (custom)
2019-09-12 11:55:25,844 [pool-71-thread-1] INFO  server.RaftServerConfigKeys (ConfUtils.java:logGet(43)) - raft.server.log.segment.size.max = 1048576 (custom)
2019-09-12 11:55:25,845 [pool-71-thread-1] INFO  server.RaftServerConfigKeys (ConfUtils.java:logGet(43)) - raft.server.log.preallocated.size = 16384 (custom)
2019-09-12 11:55:25,845 [pool-71-thread-1] INFO  server.RaftServerConfigKeys (ConfUtils.java:logGet(43)) - raft.server.log.write.buffer.size = 33554432 (custom)
2019-09-12 11:55:25,845 [pool-71-thread-1] INFO  server.RaftServerConfigKeys (ConfUtils.java:logGet(43)) - raft.server.log.force.sync.num = 128 (default)
2019-09-12 11:55:25,845 [pool-71-thread-1] INFO  server.RaftServerConfigKeys (ConfUtils.java:logGet(43)) - raft.server.log.statemachine.data.sync = true (default)
2019-09-12 11:55:25,845 [pool-71-thread-1] INFO  server.RaftServerConfigKeys (ConfUtils.java:logGet(43)) - raft.server.log.statemachine.data.sync.timeout = 10s (default)
2019-09-12 11:55:25,845 [pool-71-thread-1] INFO  server.RaftServerConfigKeys (ConfUtils.java:logGet(43)) - raft.server.log.statemachine.data.sync.timeout.retry = -1 (default)
2019-09-12 11:55:25,846 [pool-71-thread-1] INFO  server.RaftServerConfigKeys (ConfUtils.java:logGet(43)) - raft.server.log.statemachine.data.caching.enabled = true (custom)
2019-09-12 11:55:25,846 [pool-71-thread-1] INFO  segmented.SegmentedRaftLogWorker (SegmentedRaftLogWorker.java:lambda$new$0(132)) - 2571ad41-02e3-435e-b75a-0c7e86386881-SegmentedRaftLogWorker:Storage Directory /workdir/hadoop-ozone/tools/target/test-dir/MiniOzoneClusterImpl-68b3c2dd-7b99-4165-989a-193f9a99bda1/datanode-4/data/ratis/4a609de7-8849-4ee8-b863-8336260e4c03: flushIndex: setUnconditionally 0 -> -1
2019-09-12 11:55:25,846 [pool-71-thread-1] INFO  server.RaftServerConfigKeys (ConfUtils.java:logGet(43)) - raft.server.snapshot.auto.trigger.enabled = true (custom)
2019-09-12 11:55:25,847 [pool-71-thread-1] INFO  server.RaftServerConfigKeys (ConfUtils.java:logGet(43)) - raft.server.snapshot.auto.trigger.threshold = 10000 (custom)
2019-09-12 11:55:25,847 [pool-71-thread-1] INFO  server.RaftServerConfigKeys (ConfUtils.java:logGet(43)) - raft.server.retrycache.expirytime = 600000ms (custom)
2019-09-12 11:55:25,847 [pool-71-thread-1] INFO  impl.RaftServerImpl (RaftServerImpl.java:start(180)) - 2571ad41-02e3-435e-b75a-0c7e86386881: start group-8336260E4C03
2019-09-12 11:55:25,847 [pool-71-thread-1] INFO  impl.RaftServerImpl (RaftServerImpl.java:setRole(171)) - 2571ad41-02e3-435e-b75a-0c7e86386881:group-8336260E4C03 changes role from null to FOLLOWER at term 0 for startAsFollower
2019-09-12 11:55:25,847 [pool-71-thread-1] INFO  impl.RoleInfo (RoleInfo.java:updateAndGet(143)) - 2571ad41-02e3-435e-b75a-0c7e86386881: start FollowerState
2019-09-12 11:55:25,848 [pool-71-thread-1] INFO  util.JmxRegister (JmxRegister.java:tryRegister(44)) - Successfully registered JMX Bean with object name Ratis:service=RaftServer,group=group-8336260E4C03,id=2571ad41-02e3-435e-b75a-0c7e86386881
2019-09-12 11:55:25,854 [RatisPipelineUtilsThread] INFO  pipeline.PipelineStateManager (PipelineStateManager.java:addPipeline(56)) - Created pipeline Pipeline[ Id: 4a609de7-8849-4ee8-b863-8336260e4c03, Nodes: 2571ad41-02e3-435e-b75a-0c7e86386881{ip: 192.168.157.195, host: pr-hdds-1569-xtfnx-3545843844, networkLocation: /default-rack, certSerialId: null}, Type:RATIS, Factor:ONE, State:OPEN]
2019-09-12 11:55:25,856 [RatisPipelineUtilsThread] ERROR pipeline.PipelinePlacementPolicy (PipelinePlacementPolicy.java:meetCriteria(91)) - Pipeline Placement: Doesn't meet the criteria to be viable node. Heaviness: 6
2019-09-12 11:55:25,856 [RatisPipelineUtilsThread] ERROR pipeline.PipelinePlacementPolicy (PipelinePlacementPolicy.java:meetCriteria(91)) - Pipeline Placement: Doesn't meet the criteria to be viable node. Heaviness: 6
2019-09-12 11:55:25,856 [RatisPipelineUtilsThread] ERROR pipeline.PipelinePlacementPolicy (PipelinePlacementPolicy.java:meetCriteria(91)) - Pipeline Placement: Doesn't meet the criteria to be viable node. Heaviness: 6
2019-09-12 11:55:25,856 [RatisPipelineUtilsThread] ERROR pipeline.PipelinePlacementPolicy (PipelinePlacementPolicy.java:meetCriteria(91)) - Pipeline Placement: Doesn't meet the criteria to be viable node. Heaviness: 6
2019-09-12 11:55:25,866 [grpc-default-executor-0] INFO  impl.RaftServerProxy (RaftServerProxy.java:addNew(89)) - 2571ad41-02e3-435e-b75a-0c7e86386881: addNew group-448DFFAA4442:[2571ad41-02e3-435e-b75a-0c7e86386881:192.168.157.195:38484] returns group-448DFFAA4442:java.util.concurrent.CompletableFuture@67f15a35[Not completed]
2019-09-12 11:55:25,868 [pool-71-thread-1] INFO  impl.RaftServerImpl (RaftServerImpl.java:<init>(93)) - 2571ad41-02e3-435e-b75a-0c7e86386881: new RaftServerImpl for group-448DFFAA4442:[2571ad41-02e3-435e-b75a-0c7e86386881:192.168.157.195:38484] with ContainerStateMachine:uninitialized
2019-09-12 11:55:25,868 [pool-71-thread-1] INFO  server.RaftServerConfigKeys (ConfUtils.java:logGet(43)) - raft.server.rpc.timeout.min = 5s (custom)
2019-09-12 11:55:25,868 [pool-71-thread-1] INFO  server.RaftServerConfigKeys (ConfUtils.java:logGet(43)) - raft.server.rpc.timeout.max = 5200ms (custom)
2019-09-12 11:55:25,869 [pool-71-thread-1] INFO  server.RaftServerConfigKeys (ConfUtils.java:logGet(43)) - raft.server.rpcslowness.timeout = 120s (custom)
2019-09-12 11:55:25,869 [pool-71-thread-1] INFO  server.RaftServerConfigKeys (ConfUtils.java:logGet(43)) - raft.server.sleep.deviation.threshold = 300 (default)
2019-09-12 11:55:25,869 [pool-71-thread-1] INFO  server.RaftServerConfigKeys (ConfUtils.java:logGet(43)) - raft.server.log.appender.install.snapshot.enabled = false (custom)
2019-09-12 11:55:25,869 [pool-71-thread-1] INFO  impl.RaftServerImpl (ServerState.java:<init>(105)) - 2571ad41-02e3-435e-b75a-0c7e86386881:group-448DFFAA4442 ConfigurationManager, init=-1: [2571ad41-02e3-435e-b75a-0c7e86386881:192.168.157.195:38484], old=null, confs=<EMPTY_MAP>
2019-09-12 11:55:25,869 [pool-71-thread-1] INFO  server.RaftServerConfigKeys (ConfUtils.java:logGet(43)) - raft.server.storage.dir = [/workdir/hadoop-ozone/tools/target/test-dir/MiniOzoneClusterImpl-68b3c2dd-7b99-4165-989a-193f9a99bda1/datanode-4/data/ratis] (custom)
2019-09-12 11:55:25,870 [pool-71-thread-1] INFO  storage.RaftStorageDirectory (RaftStorageDirectory.java:analyzeStorage(246)) - The storage directory /workdir/hadoop-ozone/tools/target/test-dir/MiniOzoneClusterImpl-68b3c2dd-7b99-4165-989a-193f9a99bda1/datanode-4/data/ratis/8ceef078-f046-44de-a2d6-448dffaa4442 does not exist. Creating ...
2019-09-12 11:55:25,883 [pool-71-thread-1] INFO  storage.RaftStorageDirectory (RaftStorageDirectory.java:tryLock(328)) - Lock on /workdir/hadoop-ozone/tools/target/test-dir/MiniOzoneClusterImpl-68b3c2dd-7b99-4165-989a-193f9a99bda1/datanode-4/data/ratis/8ceef078-f046-44de-a2d6-448dffaa4442/in_use.lock acquired by nodename 19800@pr-hdds-1569-xtfnx-3545843844
2019-09-12 11:55:25,896 [pool-71-thread-1] INFO  storage.RaftStorage (RaftStorage.java:format(72)) - Storage directory /workdir/hadoop-ozone/tools/target/test-dir/MiniOzoneClusterImpl-68b3c2dd-7b99-4165-989a-193f9a99bda1/datanode-4/data/ratis/8ceef078-f046-44de-a2d6-448dffaa4442 has been successfully formatted.
2019-09-12 11:55:25,896 [pool-71-thread-1] INFO  ratis.ContainerStateMachine (ContainerStateMachine.java:loadSnapshot(226)) - group-448DFFAA4442: The snapshot info is null. Setting the last applied indexto:(t:0, i:~)
2019-09-12 11:55:25,896 [pool-71-thread-1] INFO  server.RaftServerConfigKeys (ConfUtils.java:logGet(43)) - raft.server.leader.election.timeout = 120s (custom)
2019-09-12 11:55:25,896 [pool-71-thread-1] INFO  server.RaftServerConfigKeys (ConfUtils.java:logGet(43)) - raft.server.log.use.memory = false (default)
2019-09-12 11:55:25,897 [pool-71-thread-1] INFO  server.RaftServerConfigKeys (ConfUtils.java:logGet(43)) - raft.server.log.purge.gap = 1000000 (custom)
2019-09-12 11:55:25,897 [pool-71-thread-1] INFO  server.RaftServerConfigKeys (ConfUtils.java:logGet(43)) - raft.server.log.appender.buffer.byte-limit = 33554432 (custom)
2019-09-12 11:55:25,897 [pool-71-thread-1] INFO  server.RaftServerConfigKeys (ConfUtils.java:logGet(43)) - raft.server.log.segment.size.max = 1048576 (custom)
2019-09-12 11:55:25,897 [pool-71-thread-1] INFO  server.RaftServerConfigKeys (ConfUtils.java:logGet(43)) - raft.server.log.segment.cache.num.max = 2 (custom)
2019-09-12 11:55:25,897 [pool-71-thread-1] INFO  segmented.SegmentedRaftLogWorker (SegmentedRaftLogWorker.java:<init>(172)) - new 2571ad41-02e3-435e-b75a-0c7e86386881-SegmentedRaftLogWorker:Storage Directory /workdir/hadoop-ozone/tools/target/test-dir/MiniOzoneClusterImpl-68b3c2dd-7b99-4165-989a-193f9a99bda1/datanode-4/data/ratis/8ceef078-f046-44de-a2d6-448dffaa4442 for RaftStorage:Storage Directory /workdir/hadoop-ozone/tools/target/test-dir/MiniOzoneClusterImpl-68b3c2dd-7b99-4165-989a-193f9a99bda1/datanode-4/data/ratis/8ceef078-f046-44de-a2d6-448dffaa4442
2019-09-12 11:55:25,897 [pool-71-thread-1] INFO  server.RaftServerConfigKeys (ConfUtils.java:logGet(43)) - raft.server.log.queue.byte-limit = 2147483647 (custom)
2019-09-12 11:55:25,898 [pool-71-thread-1] INFO  server.RaftServerConfigKeys (ConfUtils.java:logGet(43)) - raft.server.log.queue.element-limit = 1024 (custom)
2019-09-12 11:55:25,898 [pool-71-thread-1] INFO  server.RaftServerConfigKeys (ConfUtils.java:logGet(43)) - raft.server.log.segment.size.max = 1048576 (custom)
2019-09-12 11:55:25,898 [pool-71-thread-1] INFO  server.RaftServerConfigKeys (ConfUtils.java:logGet(43)) - raft.server.log.preallocated.size = 16384 (custom)
2019-09-12 11:55:25,898 [pool-71-thread-1] INFO  server.RaftServerConfigKeys (ConfUtils.java:logGet(43)) - raft.server.log.write.buffer.size = 33554432 (custom)
2019-09-12 11:55:25,898 [pool-71-thread-1] INFO  server.RaftServerConfigKeys (ConfUtils.java:logGet(43)) - raft.server.log.force.sync.num = 128 (default)
2019-09-12 11:55:25,898 [pool-71-thread-1] INFO  server.RaftServerConfigKeys (ConfUtils.java:logGet(43)) - raft.server.log.statemachine.data.sync = true (default)
2019-09-12 11:55:25,898 [pool-71-thread-1] INFO  server.RaftServerConfigKeys (ConfUtils.java:logGet(43)) - raft.server.log.statemachine.data.sync.timeout = 10s (default)
2019-09-12 11:55:25,899 [pool-71-thread-1] INFO  server.RaftServerConfigKeys (ConfUtils.java:logGet(43)) - raft.server.log.statemachine.data.sync.timeout.retry = -1 (default)
2019-09-12 11:55:25,899 [pool-71-thread-1] INFO  server.RaftServerConfigKeys (ConfUtils.java:logGet(43)) - raft.server.log.statemachine.data.caching.enabled = true (custom)
2019-09-12 11:55:25,899 [pool-71-thread-1] INFO  segmented.SegmentedRaftLogWorker (SegmentedRaftLogWorker.java:lambda$new$0(132)) - 2571ad41-02e3-435e-b75a-0c7e86386881-SegmentedRaftLogWorker:Storage Directory /workdir/hadoop-ozone/tools/target/test-dir/MiniOzoneClusterImpl-68b3c2dd-7b99-4165-989a-193f9a99bda1/datanode-4/data/ratis/8ceef078-f046-44de-a2d6-448dffaa4442: flushIndex: setUnconditionally 0 -> -1
2019-09-12 11:55:25,900 [pool-71-thread-1] INFO  server.RaftServerConfigKeys (ConfUtils.java:logGet(43)) - raft.server.snapshot.auto.trigger.enabled = true (custom)
2019-09-12 11:55:25,900 [pool-71-thread-1] INFO  server.RaftServerConfigKeys (ConfUtils.java:logGet(43)) - raft.server.snapshot.auto.trigger.threshold = 10000 (custom)
2019-09-12 11:55:25,900 [pool-71-thread-1] INFO  server.RaftServerConfigKeys (ConfUtils.java:logGet(43)) - raft.server.retrycache.expirytime = 600000ms (custom)
2019-09-12 11:55:25,900 [pool-71-thread-1] INFO  impl.RaftServerImpl (RaftServerImpl.java:start(180)) - 2571ad41-02e3-435e-b75a-0c7e86386881: start group-448DFFAA4442
2019-09-12 11:55:25,900 [pool-71-thread-1] INFO  impl.RaftServerImpl (RaftServerImpl.java:setRole(171)) - 2571ad41-02e3-435e-b75a-0c7e86386881:group-448DFFAA4442 changes role from null to FOLLOWER at term 0 for startAsFollower
2019-09-12 11:55:25,901 [pool-71-thread-1] INFO  impl.RoleInfo (RoleInfo.java:updateAndGet(143)) - 2571ad41-02e3-435e-b75a-0c7e86386881: start FollowerState
2019-09-12 11:55:25,901 [pool-71-thread-1] INFO  util.JmxRegister (JmxRegister.java:tryRegister(44)) - Successfully registered JMX Bean with object name Ratis:service=RaftServer,group=group-448DFFAA4442,id=2571ad41-02e3-435e-b75a-0c7e86386881
2019-09-12 11:55:25,906 [RatisPipelineUtilsThread] INFO  pipeline.PipelineStateManager (PipelineStateManager.java:addPipeline(56)) - Created pipeline Pipeline[ Id: 8ceef078-f046-44de-a2d6-448dffaa4442, Nodes: 2571ad41-02e3-435e-b75a-0c7e86386881{ip: 192.168.157.195, host: pr-hdds-1569-xtfnx-3545843844, networkLocation: /default-rack, certSerialId: null}, Type:RATIS, Factor:ONE, State:OPEN]
2019-09-12 11:55:25,908 [RatisPipelineUtilsThread] ERROR pipeline.PipelinePlacementPolicy (PipelinePlacementPolicy.java:meetCriteria(91)) - Pipeline Placement: Doesn't meet the criteria to be viable node. Heaviness: 6
2019-09-12 11:55:25,908 [RatisPipelineUtilsThread] ERROR pipeline.PipelinePlacementPolicy (PipelinePlacementPolicy.java:meetCriteria(91)) - Pipeline Placement: Doesn't meet the criteria to be viable node. Heaviness: 6
2019-09-12 11:55:25,909 [RatisPipelineUtilsThread] ERROR pipeline.PipelinePlacementPolicy (PipelinePlacementPolicy.java:meetCriteria(91)) - Pipeline Placement: Doesn't meet the criteria to be viable node. Heaviness: 6
2019-09-12 11:55:25,909 [RatisPipelineUtilsThread] ERROR pipeline.PipelinePlacementPolicy (PipelinePlacementPolicy.java:meetCriteria(91)) - Pipeline Placement: Doesn't meet the criteria to be viable node. Heaviness: 6
2019-09-12 11:55:25,909 [RatisPipelineUtilsThread] ERROR pipeline.PipelinePlacementPolicy (PipelinePlacementPolicy.java:meetCriteria(91)) - Pipeline Placement: Doesn't meet the criteria to be viable node. Heaviness: 6
2019-09-12 11:55:25,909 [RatisPipelineUtilsThread] ERROR pipeline.PipelinePlacementPolicy (PipelinePlacementPolicy.java:filterViableNodes(146)) - Unable to find enough nodes that meet the criteria that cannot engage in more than 5 pipelines. Nodes required: 1 Found: 0, healthy nodes count inNodeManager: 5.
2019-09-12 11:55:25,911 [RatisPipelineUtilsThread] ERROR pipeline.SCMPipelineManager (SCMPipelineManager.java:createPipeline(161)) - Pipeline creation failed due to exception: Unable to find enough nodes that meet the criteria that cannot engage in more than 5 pipelines. Nodes required: 1 Found: 0, healthy nodes count inNodeManager: 5.
2019-09-12 11:55:25,911 [RatisPipelineUtilsThread] ERROR pipeline.PipelinePlacementPolicy (PipelinePlacementPolicy.java:meetCriteria(91)) - Pipeline Placement: Doesn't meet the criteria to be viable node. Heaviness: 6
2019-09-12 11:55:25,911 [RatisPipelineUtilsThread] ERROR pipeline.PipelinePlacementPolicy (PipelinePlacementPolicy.java:meetCriteria(91)) - Pipeline Placement: Doesn't meet the criteria to be viable node. Heaviness: 6
2019-09-12 11:55:25,912 [RatisPipelineUtilsThread] ERROR pipeline.PipelinePlacementPolicy (PipelinePlacementPolicy.java:meetCriteria(91)) - Pipeline Placement: Doesn't meet the criteria to be viable node. Heaviness: 6
2019-09-12 11:55:25,912 [RatisPipelineUtilsThread] ERROR pipeline.PipelinePlacementPolicy (PipelinePlacementPolicy.java:meetCriteria(91)) - Pipeline Placement: Doesn't meet the criteria to be viable node. Heaviness: 6
2019-09-12 11:55:25,912 [RatisPipelineUtilsThread] ERROR pipeline.PipelinePlacementPolicy (PipelinePlacementPolicy.java:meetCriteria(91)) - Pipeline Placement: Doesn't meet the criteria to be viable node. Heaviness: 6
2019-09-12 11:55:25,912 [RatisPipelineUtilsThread] ERROR pipeline.PipelinePlacementPolicy (PipelinePlacementPolicy.java:filterViableNodes(146)) - Unable to find enough nodes that meet the criteria that cannot engage in more than 5 pipelines. Nodes required: 3 Found: 0, healthy nodes count inNodeManager: 5.
2019-09-12 11:55:25,912 [RatisPipelineUtilsThread] ERROR pipeline.SCMPipelineManager (SCMPipelineManager.java:createPipeline(161)) - Pipeline creation failed due to exception: Unable to find enough nodes that meet the criteria that cannot engage in more than 5 pipelines. Nodes required: 3 Found: 0, healthy nodes count inNodeManager: 5.
2019-09-12 11:55:25,914 [RatisPipelineUtilsThread] ERROR pipeline.PipelinePlacementPolicy (PipelinePlacementPolicy.java:meetCriteria(91)) - Pipeline Placement: Doesn't meet the criteria to be viable node. Heaviness: 6
2019-09-12 11:55:25,914 [RatisPipelineUtilsThread] ERROR pipeline.PipelinePlacementPolicy (PipelinePlacementPolicy.java:meetCriteria(91)) - Pipeline Placement: Doesn't meet the criteria to be viable node. Heaviness: 6
2019-09-12 11:55:25,915 [RatisPipelineUtilsThread] ERROR pipeline.PipelinePlacementPolicy (PipelinePlacementPolicy.java:meetCriteria(91)) - Pipeline Placement: Doesn't meet the criteria to be viable node. Heaviness: 6
2019-09-12 11:55:25,915 [RatisPipelineUtilsThread] ERROR pipeline.PipelinePlacementPolicy (PipelinePlacementPolicy.java:meetCriteria(91)) - Pipeline Placement: Doesn't meet the criteria to be viable node. Heaviness: 6
2019-09-12 11:55:25,915 [RatisPipelineUtilsThread] ERROR pipeline.PipelinePlacementPolicy (PipelinePlacementPolicy.java:meetCriteria(91)) - Pipeline Placement: Doesn't meet the criteria to be viable node. Heaviness: 6
2019-09-12 11:55:25,915 [RatisPipelineUtilsThread] ERROR pipeline.PipelinePlacementPolicy (PipelinePlacementPolicy.java:filterViableNodes(146)) - Unable to find enough nodes that meet the criteria that cannot engage in more than 5 pipelines. Nodes required: 1 Found: 0, healthy nodes count inNodeManager: 5.
2019-09-12 11:55:25,915 [RatisPipelineUtilsThread] ERROR pipeline.SCMPipelineManager (SCMPipelineManager.java:createPipeline(161)) - Pipeline creation failed due to exception: Unable to find enough nodes that meet the criteria that cannot engage in more than 5 pipelines. Nodes required: 1 Found: 0, healthy nodes count inNodeManager: 5.
2019-09-12 11:55:25,916 [RatisPipelineUtilsThread] ERROR pipeline.PipelinePlacementPolicy (PipelinePlacementPolicy.java:meetCriteria(91)) - Pipeline Placement: Doesn't meet the criteria to be viable node. Heaviness: 6
2019-09-12 11:55:25,916 [RatisPipelineUtilsThread] ERROR pipeline.PipelinePlacementPolicy (PipelinePlacementPolicy.java:meetCriteria(91)) - Pipeline Placement: Doesn't meet the criteria to be viable node. Heaviness: 6
2019-09-12 11:55:25,916 [RatisPipelineUtilsThread] ERROR pipeline.PipelinePlacementPolicy (PipelinePlacementPolicy.java:meetCriteria(91)) - Pipeline Placement: Doesn't meet the criteria to be viable node. Heaviness: 6
2019-09-12 11:55:25,916 [RatisPipelineUtilsThread] ERROR pipeline.PipelinePlacementPolicy (PipelinePlacementPolicy.java:meetCriteria(91)) - Pipeline Placement: Doesn't meet the criteria to be viable node. Heaviness: 6
2019-09-12 11:55:25,917 [RatisPipelineUtilsThread] ERROR pipeline.PipelinePlacementPolicy (PipelinePlacementPolicy.java:meetCriteria(91)) - Pipeline Placement: Doesn't meet the criteria to be viable node. Heaviness: 6
2019-09-12 11:55:25,917 [RatisPipelineUtilsThread] ERROR pipeline.PipelinePlacementPolicy (PipelinePlacementPolicy.java:filterViableNodes(146)) - Unable to find enough nodes that meet the criteria that cannot engage in more than 5 pipelines. Nodes required: 3 Found: 0, healthy nodes count inNodeManager: 5.
2019-09-12 11:55:25,917 [RatisPipelineUtilsThread] ERROR pipeline.SCMPipelineManager (SCMPipelineManager.java:createPipeline(161)) - Pipeline creation failed due to exception: Unable to find enough nodes that meet the criteria that cannot engage in more than 5 pipelines. Nodes required: 3 Found: 0, healthy nodes count inNodeManager: 5.
2019-09-12 11:55:25,917 [IPC Server handler 0 on 44726] ERROR pipeline.PipelinePlacementPolicy (PipelinePlacementPolicy.java:meetCriteria(91)) - Pipeline Placement: Doesn't meet the criteria to be viable node. Heaviness: 6
2019-09-12 11:55:25,917 [IPC Server handler 0 on 44726] ERROR pipeline.PipelinePlacementPolicy (PipelinePlacementPolicy.java:meetCriteria(91)) - Pipeline Placement: Doesn't meet the criteria to be viable node. Heaviness: 6
2019-09-12 11:55:25,918 [IPC Server handler 0 on 44726] ERROR pipeline.PipelinePlacementPolicy (PipelinePlacementPolicy.java:meetCriteria(91)) - Pipeline Placement: Doesn't meet the criteria to be viable node. Heaviness: 6
2019-09-12 11:55:25,918 [IPC Server handler 0 on 44726] ERROR pipeline.PipelinePlacementPolicy (PipelinePlacementPolicy.java:meetCriteria(91)) - Pipeline Placement: Doesn't meet the criteria to be viable node. Heaviness: 6
2019-09-12 11:55:25,918 [IPC Server handler 0 on 44726] ERROR pipeline.PipelinePlacementPolicy (PipelinePlacementPolicy.java:meetCriteria(91)) - Pipeline Placement: Doesn't meet the criteria to be viable node. Heaviness: 6
2019-09-12 11:55:25,918 [IPC Server handler 0 on 44726] ERROR pipeline.PipelinePlacementPolicy (PipelinePlacementPolicy.java:filterViableNodes(146)) - Unable to find enough nodes that meet the criteria that cannot engage in more than 5 pipelines. Nodes required: 3 Found: 0, healthy nodes count inNodeManager: 5.
2019-09-12 11:55:25,918 [IPC Server handler 0 on 44726] ERROR pipeline.SCMPipelineManager (SCMPipelineManager.java:createPipeline(161)) - Pipeline creation failed due to exception: Unable to find enough nodes that meet the criteria that cannot engage in more than 5 pipelines. Nodes required: 3 Found: 0, healthy nodes count inNodeManager: 5.
2019-09-12 11:55:25,920 [IPC Server handler 0 on 44726] WARN  block.BlockManagerImpl (BlockManagerImpl.java:allocateBlock(192)) - Pipeline creation failed for type:RATIS factor:THREE. Retrying get pipelines call once.
org.apache.hadoop.hdds.scm.exceptions.SCMException: Unable to find enough nodes that meet the criteria that cannot engage in more than 5 pipelines. Nodes required: 3 Found: 0, healthy nodes count inNodeManager: 5.
	at org.apache.hadoop.hdds.scm.pipeline.PipelinePlacementPolicy.filterViableNodes(PipelinePlacementPolicy.java:147)
	at org.apache.hadoop.hdds.scm.pipeline.PipelinePlacementPolicy.chooseDatanodes(PipelinePlacementPolicy.java:170)
	at org.apache.hadoop.hdds.scm.pipeline.RatisPipelineProvider.create(RatisPipelineProvider.java:92)
	at org.apache.hadoop.hdds.scm.pipeline.PipelineFactory.create(PipelineFactory.java:57)
	at org.apache.hadoop.hdds.scm.pipeline.SCMPipelineManager.createPipeline(SCMPipelineManager.java:149)
	at org.apache.hadoop.hdds.scm.block.BlockManagerImpl.allocateBlock(BlockManagerImpl.java:190)
	at org.apache.hadoop.hdds.scm.server.SCMBlockProtocolServer.allocateBlock(SCMBlockProtocolServer.java:175)
	at org.apache.hadoop.ozone.protocolPB.ScmBlockLocationProtocolServerSideTranslatorPB.allocateScmBlock(ScmBlockLocationProtocolServerSideTranslatorPB.java:153)
	at org.apache.hadoop.ozone.protocolPB.ScmBlockLocationProtocolServerSideTranslatorPB.send(ScmBlockLocationProtocolServerSideTranslatorPB.java:112)
	at org.apache.hadoop.hdds.protocol.proto.ScmBlockLocationProtocolProtos$ScmBlockLocationProtocolService$2.callBlockingMethod(ScmBlockLocationProtocolProtos.java:13157)
	at org.apache.hadoop.ipc.ProtobufRpcEngine$Server$ProtoBufRpcInvoker.call(ProtobufRpcEngine.java:524)
	at org.apache.hadoop.ipc.RPC$Server.call(RPC.java:1025)
	at org.apache.hadoop.ipc.Server$RpcCall.run(Server.java:876)
	at org.apache.hadoop.ipc.Server$RpcCall.run(Server.java:822)
	at java.security.AccessController.doPrivileged(Native Method)
	at javax.security.auth.Subject.doAs(Subject.java:422)
	at org.apache.hadoop.security.UserGroupInformation.doAs(UserGroupInformation.java:1730)
	at org.apache.hadoop.ipc.Server$Handler.run(Server.java:2682)
2019-09-12 11:55:25,921 [IPC Server handler 0 on 44726] INFO  block.BlockManagerImpl (BlockManagerImpl.java:allocateBlock(198)) - Could not find available pipeline of type:RATIS and factor:THREE even after retrying
2019-09-12 11:55:25,922 [IPC Server handler 0 on 44726] ERROR block.BlockManagerImpl (BlockManagerImpl.java:allocateBlock(222)) - Unable to allocate a block for the size: 4194304, type: RATIS, factor: THREE
2019-09-12 11:55:25,922 [IPC Server handler 0 on 44726] ERROR pipeline.PipelinePlacementPolicy (PipelinePlacementPolicy.java:meetCriteria(91)) - Pipeline Placement: Doesn't meet the criteria to be viable node. Heaviness: 6
2019-09-12 11:55:25,922 [IPC Server handler 0 on 44726] ERROR pipeline.PipelinePlacementPolicy (PipelinePlacementPolicy.java:meetCriteria(91)) - Pipeline Placement: Doesn't meet the criteria to be viable node. Heaviness: 6
2019-09-12 11:55:25,922 [IPC Server handler 0 on 44726] ERROR pipeline.PipelinePlacementPolicy (PipelinePlacementPolicy.java:meetCriteria(91)) - Pipeline Placement: Doesn't meet the criteria to be viable node. Heaviness: 6
2019-09-12 11:55:25,922 [IPC Server handler 0 on 44726] ERROR pipeline.PipelinePlacementPolicy (PipelinePlacementPolicy.java:meetCriteria(91)) - Pipeline Placement: Doesn't meet the criteria to be viable node. Heaviness: 6
2019-09-12 11:55:25,923 [IPC Server handler 0 on 44726] ERROR pipeline.PipelinePlacementPolicy (PipelinePlacementPolicy.java:meetCriteria(91)) - Pipeline Placement: Doesn't meet the criteria to be viable node. Heaviness: 6
2019-09-12 11:55:25,923 [IPC Server handler 0 on 44726] ERROR pipeline.PipelinePlacementPolicy (PipelinePlacementPolicy.java:filterViableNodes(146)) - Unable to find enough nodes that meet the criteria that cannot engage in more than 5 pipelines. Nodes required: 3 Found: 0, healthy nodes count inNodeManager: 5.
2019-09-12 11:55:25,923 [IPC Server handler 0 on 44726] ERROR pipeline.SCMPipelineManager (SCMPipelineManager.java:createPipeline(161)) - Pipeline creation failed due to exception: Unable to find enough nodes that meet the criteria that cannot engage in more than 5 pipelines. Nodes required: 3 Found: 0, healthy nodes count inNodeManager: 5.
2019-09-12 11:55:25,923 [IPC Server handler 0 on 44726] WARN  block.BlockManagerImpl (BlockManagerImpl.java:allocateBlock(192)) - Pipeline creation failed for type:RATIS factor:THREE. Retrying get pipelines call once.
org.apache.hadoop.hdds.scm.exceptions.SCMException: Unable to find enough nodes that meet the criteria that cannot engage in more than 5 pipelines. Nodes required: 3 Found: 0, healthy nodes count inNodeManager: 5.
	at org.apache.hadoop.hdds.scm.pipeline.PipelinePlacementPolicy.filterViableNodes(PipelinePlacementPolicy.java:147)
	at org.apache.hadoop.hdds.scm.pipeline.PipelinePlacementPolicy.chooseDatanodes(PipelinePlacementPolicy.java:170)
	at org.apache.hadoop.hdds.scm.pipeline.RatisPipelineProvider.create(RatisPipelineProvider.java:92)
	at org.apache.hadoop.hdds.scm.pipeline.PipelineFactory.create(PipelineFactory.java:57)
	at org.apache.hadoop.hdds.scm.pipeline.SCMPipelineManager.createPipeline(SCMPipelineManager.java:149)
	at org.apache.hadoop.hdds.scm.block.BlockManagerImpl.allocateBlock(BlockManagerImpl.java:190)
	at org.apache.hadoop.hdds.scm.server.SCMBlockProtocolServer.allocateBlock(SCMBlockProtocolServer.java:175)
	at org.apache.hadoop.ozone.protocolPB.ScmBlockLocationProtocolServerSideTranslatorPB.allocateScmBlock(ScmBlockLocationProtocolServerSideTranslatorPB.java:153)
	at org.apache.hadoop.ozone.protocolPB.ScmBlockLocationProtocolServerSideTranslatorPB.send(ScmBlockLocationProtocolServerSideTranslatorPB.java:112)
	at org.apache.hadoop.hdds.protocol.proto.ScmBlockLocationProtocolProtos$ScmBlockLocationProtocolService$2.callBlockingMethod(ScmBlockLocationProtocolProtos.java:13157)
	at org.apache.hadoop.ipc.ProtobufRpcEngine$Server$ProtoBufRpcInvoker.call(ProtobufRpcEngine.java:524)
	at org.apache.hadoop.ipc.RPC$Server.call(RPC.java:1025)
	at org.apache.hadoop.ipc.Server$RpcCall.run(Server.java:876)
	at org.apache.hadoop.ipc.Server$RpcCall.run(Server.java:822)
	at java.security.AccessController.doPrivileged(Native Method)
	at javax.security.auth.Subject.doAs(Subject.java:422)
	at org.apache.hadoop.security.UserGroupInformation.doAs(UserGroupInformation.java:1730)
	at org.apache.hadoop.ipc.Server$Handler.run(Server.java:2682)
2019-09-12 11:55:25,924 [IPC Server handler 0 on 44726] INFO  block.BlockManagerImpl (BlockManagerImpl.java:allocateBlock(198)) - Could not find available pipeline of type:RATIS and factor:THREE even after retrying
2019-09-12 11:55:25,924 [IPC Server handler 0 on 44726] ERROR block.BlockManagerImpl (BlockManagerImpl.java:allocateBlock(222)) - Unable to allocate a block for the size: 4194304, type: RATIS, factor: THREE
2019-09-12 11:55:25,924 [IPC Server handler 0 on 44726] ERROR pipeline.PipelinePlacementPolicy (PipelinePlacementPolicy.java:meetCriteria(91)) - Pipeline Placement: Doesn't meet the criteria to be viable node. Heaviness: 6
2019-09-12 11:55:25,924 [IPC Server handler 0 on 44726] ERROR pipeline.PipelinePlacementPolicy (PipelinePlacementPolicy.java:meetCriteria(91)) - Pipeline Placement: Doesn't meet the criteria to be viable node. Heaviness: 6
2019-09-12 11:55:25,925 [IPC Server handler 0 on 44726] ERROR pipeline.PipelinePlacementPolicy (PipelinePlacementPolicy.java:meetCriteria(91)) - Pipeline Placement: Doesn't meet the criteria to be viable node. Heaviness: 6
2019-09-12 11:55:25,925 [IPC Server handler 0 on 44726] ERROR pipeline.PipelinePlacementPolicy (PipelinePlacementPolicy.java:meetCriteria(91)) - Pipeline Placement: Doesn't meet the criteria to be viable node. Heaviness: 6
2019-09-12 11:55:25,925 [IPC Server handler 0 on 44726] ERROR pipeline.PipelinePlacementPolicy (PipelinePlacementPolicy.java:meetCriteria(91)) - Pipeline Placement: Doesn't meet the criteria to be viable node. Heaviness: 6
2019-09-12 11:55:25,925 [IPC Server handler 0 on 44726] ERROR pipeline.PipelinePlacementPolicy (PipelinePlacementPolicy.java:filterViableNodes(146)) - Unable to find enough nodes that meet the criteria that cannot engage in more than 5 pipelines. Nodes required: 3 Found: 0, healthy nodes count inNodeManager: 5.
2019-09-12 11:55:25,925 [IPC Server handler 0 on 44726] ERROR pipeline.SCMPipelineManager (SCMPipelineManager.java:createPipeline(161)) - Pipeline creation failed due to exception: Unable to find enough nodes that meet the criteria that cannot engage in more than 5 pipelines. Nodes required: 3 Found: 0, healthy nodes count inNodeManager: 5.
2019-09-12 11:55:25,926 [IPC Server handler 0 on 44726] WARN  block.BlockManagerImpl (BlockManagerImpl.java:allocateBlock(192)) - Pipeline creation failed for type:RATIS factor:THREE. Retrying get pipelines call once.
org.apache.hadoop.hdds.scm.exceptions.SCMException: Unable to find enough nodes that meet the criteria that cannot engage in more than 5 pipelines. Nodes required: 3 Found: 0, healthy nodes count inNodeManager: 5.
	at org.apache.hadoop.hdds.scm.pipeline.PipelinePlacementPolicy.filterViableNodes(PipelinePlacementPolicy.java:147)
	at org.apache.hadoop.hdds.scm.pipeline.PipelinePlacementPolicy.chooseDatanodes(PipelinePlacementPolicy.java:170)
	at org.apache.hadoop.hdds.scm.pipeline.RatisPipelineProvider.create(RatisPipelineProvider.java:92)
	at org.apache.hadoop.hdds.scm.pipeline.PipelineFactory.create(PipelineFactory.java:57)
	at org.apache.hadoop.hdds.scm.pipeline.SCMPipelineManager.createPipeline(SCMPipelineManager.java:149)
	at org.apache.hadoop.hdds.scm.block.BlockManagerImpl.allocateBlock(BlockManagerImpl.java:190)
	at org.apache.hadoop.hdds.scm.server.SCMBlockProtocolServer.allocateBlock(SCMBlockProtocolServer.java:175)
	at org.apache.hadoop.ozone.protocolPB.ScmBlockLocationProtocolServerSideTranslatorPB.allocateScmBlock(ScmBlockLocationProtocolServerSideTranslatorPB.java:153)
	at org.apache.hadoop.ozone.protocolPB.ScmBlockLocationProtocolServerSideTranslatorPB.send(ScmBlockLocationProtocolServerSideTranslatorPB.java:112)
	at org.apache.hadoop.hdds.protocol.proto.ScmBlockLocationProtocolProtos$ScmBlockLocationProtocolService$2.callBlockingMethod(ScmBlockLocationProtocolProtos.java:13157)
	at org.apache.hadoop.ipc.ProtobufRpcEngine$Server$ProtoBufRpcInvoker.call(ProtobufRpcEngine.java:524)
	at org.apache.hadoop.ipc.RPC$Server.call(RPC.java:1025)
	at org.apache.hadoop.ipc.Server$RpcCall.run(Server.java:876)
	at org.apache.hadoop.ipc.Server$RpcCall.run(Server.java:822)
	at java.security.AccessController.doPrivileged(Native Method)
	at javax.security.auth.Subject.doAs(Subject.java:422)
	at org.apache.hadoop.security.UserGroupInformation.doAs(UserGroupInformation.java:1730)
	at org.apache.hadoop.ipc.Server$Handler.run(Server.java:2682)
2019-09-12 11:55:25,926 [IPC Server handler 0 on 44726] INFO  block.BlockManagerImpl (BlockManagerImpl.java:allocateBlock(198)) - Could not find available pipeline of type:RATIS and factor:THREE even after retrying
2019-09-12 11:55:25,926 [IPC Server handler 0 on 44726] ERROR block.BlockManagerImpl (BlockManagerImpl.java:allocateBlock(222)) - Unable to allocate a block for the size: 4194304, type: RATIS, factor: THREE
2019-09-12 11:55:25,927 [IPC Server handler 0 on 44726] ERROR pipeline.PipelinePlacementPolicy (PipelinePlacementPolicy.java:meetCriteria(91)) - Pipeline Placement: Doesn't meet the criteria to be viable node. Heaviness: 6
2019-09-12 11:55:25,927 [IPC Server handler 0 on 44726] ERROR pipeline.PipelinePlacementPolicy (PipelinePlacementPolicy.java:meetCriteria(91)) - Pipeline Placement: Doesn't meet the criteria to be viable node. Heaviness: 6
2019-09-12 11:55:25,927 [IPC Server handler 0 on 44726] ERROR pipeline.PipelinePlacementPolicy (PipelinePlacementPolicy.java:meetCriteria(91)) - Pipeline Placement: Doesn't meet the criteria to be viable node. Heaviness: 6
2019-09-12 11:55:25,927 [IPC Server handler 0 on 44726] ERROR pipeline.PipelinePlacementPolicy (PipelinePlacementPolicy.java:meetCriteria(91)) - Pipeline Placement: Doesn't meet the criteria to be viable node. Heaviness: 6
2019-09-12 11:55:25,927 [IPC Server handler 0 on 44726] ERROR pipeline.PipelinePlacementPolicy (PipelinePlacementPolicy.java:meetCriteria(91)) - Pipeline Placement: Doesn't meet the criteria to be viable node. Heaviness: 6
2019-09-12 11:55:25,928 [IPC Server handler 0 on 44726] ERROR pipeline.PipelinePlacementPolicy (PipelinePlacementPolicy.java:filterViableNodes(146)) - Unable to find enough nodes that meet the criteria that cannot engage in more than 5 pipelines. Nodes required: 3 Found: 0, healthy nodes count inNodeManager: 5.
2019-09-12 11:55:25,928 [IPC Server handler 0 on 44726] ERROR pipeline.SCMPipelineManager (SCMPipelineManager.java:createPipeline(161)) - Pipeline creation failed due to exception: Unable to find enough nodes that meet the criteria that cannot engage in more than 5 pipelines. Nodes required: 3 Found: 0, healthy nodes count inNodeManager: 5.
2019-09-12 11:55:25,928 [IPC Server handler 0 on 44726] WARN  block.BlockManagerImpl (BlockManagerImpl.java:allocateBlock(192)) - Pipeline creation failed for type:RATIS factor:THREE. Retrying get pipelines call once.
org.apache.hadoop.hdds.scm.exceptions.SCMException: Unable to find enough nodes that meet the criteria that cannot engage in more than 5 pipelines. Nodes required: 3 Found: 0, healthy nodes count inNodeManager: 5.
	at org.apache.hadoop.hdds.scm.pipeline.PipelinePlacementPolicy.filterViableNodes(PipelinePlacementPolicy.java:147)
	at org.apache.hadoop.hdds.scm.pipeline.PipelinePlacementPolicy.chooseDatanodes(PipelinePlacementPolicy.java:170)
	at org.apache.hadoop.hdds.scm.pipeline.RatisPipelineProvider.create(RatisPipelineProvider.java:92)
	at org.apache.hadoop.hdds.scm.pipeline.PipelineFactory.create(PipelineFactory.java:57)
	at org.apache.hadoop.hdds.scm.pipeline.SCMPipelineManager.createPipeline(SCMPipelineManager.java:149)
	at org.apache.hadoop.hdds.scm.block.BlockManagerImpl.allocateBlock(BlockManagerImpl.java:190)
	at org.apache.hadoop.hdds.scm.server.SCMBlockProtocolServer.allocateBlock(SCMBlockProtocolServer.java:175)
	at org.apache.hadoop.ozone.protocolPB.ScmBlockLocationProtocolServerSideTranslatorPB.allocateScmBlock(ScmBlockLocationProtocolServerSideTranslatorPB.java:153)
	at org.apache.hadoop.ozone.protocolPB.ScmBlockLocationProtocolServerSideTranslatorPB.send(ScmBlockLocationProtocolServerSideTranslatorPB.java:112)
	at org.apache.hadoop.hdds.protocol.proto.ScmBlockLocationProtocolProtos$ScmBlockLocationProtocolService$2.callBlockingMethod(ScmBlockLocationProtocolProtos.java:13157)
	at org.apache.hadoop.ipc.ProtobufRpcEngine$Server$ProtoBufRpcInvoker.call(ProtobufRpcEngine.java:524)
	at org.apache.hadoop.ipc.RPC$Server.call(RPC.java:1025)
	at org.apache.hadoop.ipc.Server$RpcCall.run(Server.java:876)
	at org.apache.hadoop.ipc.Server$RpcCall.run(Server.java:822)
	at java.security.AccessController.doPrivileged(Native Method)
	at javax.security.auth.Subject.doAs(Subject.java:422)
	at org.apache.hadoop.security.UserGroupInformation.doAs(UserGroupInformation.java:1730)
	at org.apache.hadoop.ipc.Server$Handler.run(Server.java:2682)
2019-09-12 11:55:25,928 [IPC Server handler 0 on 44726] INFO  block.BlockManagerImpl (BlockManagerImpl.java:allocateBlock(198)) - Could not find available pipeline of type:RATIS and factor:THREE even after retrying
2019-09-12 11:55:25,928 [IPC Server handler 0 on 44726] ERROR block.BlockManagerImpl (BlockManagerImpl.java:allocateBlock(222)) - Unable to allocate a block for the size: 4194304, type: RATIS, factor: THREE
2019-09-12 11:55:25,929 [IPC Server handler 0 on 44726] ERROR pipeline.PipelinePlacementPolicy (PipelinePlacementPolicy.java:meetCriteria(91)) - Pipeline Placement: Doesn't meet the criteria to be viable node. Heaviness: 6
2019-09-12 11:55:25,929 [IPC Server handler 0 on 44726] ERROR pipeline.PipelinePlacementPolicy (PipelinePlacementPolicy.java:meetCriteria(91)) - Pipeline Placement: Doesn't meet the criteria to be viable node. Heaviness: 6
2019-09-12 11:55:25,929 [IPC Server handler 0 on 44726] ERROR pipeline.PipelinePlacementPolicy (PipelinePlacementPolicy.java:meetCriteria(91)) - Pipeline Placement: Doesn't meet the criteria to be viable node. Heaviness: 6
2019-09-12 11:55:25,929 [IPC Server handler 0 on 44726] ERROR pipeline.PipelinePlacementPolicy (PipelinePlacementPolicy.java:meetCriteria(91)) - Pipeline Placement: Doesn't meet the criteria to be viable node. Heaviness: 6
2019-09-12 11:55:25,930 [IPC Server handler 0 on 44726] ERROR pipeline.PipelinePlacementPolicy (PipelinePlacementPolicy.java:meetCriteria(91)) - Pipeline Placement: Doesn't meet the criteria to be viable node. Heaviness: 6
2019-09-12 11:55:25,930 [IPC Server handler 0 on 44726] ERROR pipeline.PipelinePlacementPolicy (PipelinePlacementPolicy.java:filterViableNodes(146)) - Unable to find enough nodes that meet the criteria that cannot engage in more than 5 pipelines. Nodes required: 3 Found: 0, healthy nodes count inNodeManager: 5.
2019-09-12 11:55:25,930 [IPC Server handler 0 on 44726] ERROR pipeline.SCMPipelineManager (SCMPipelineManager.java:createPipeline(161)) - Pipeline creation failed due to exception: Unable to find enough nodes that meet the criteria that cannot engage in more than 5 pipelines. Nodes required: 3 Found: 0, healthy nodes count inNodeManager: 5.
2019-09-12 11:55:25,930 [IPC Server handler 0 on 44726] WARN  block.BlockManagerImpl (BlockManagerImpl.java:allocateBlock(192)) - Pipeline creation failed for type:RATIS factor:THREE. Retrying get pipelines call once.
org.apache.hadoop.hdds.scm.exceptions.SCMException: Unable to find enough nodes that meet the criteria that cannot engage in more than 5 pipelines. Nodes required: 3 Found: 0, healthy nodes count inNodeManager: 5.
	at org.apache.hadoop.hdds.scm.pipeline.PipelinePlacementPolicy.filterViableNodes(PipelinePlacementPolicy.java:147)
	at org.apache.hadoop.hdds.scm.pipeline.PipelinePlacementPolicy.chooseDatanodes(PipelinePlacementPolicy.java:170)
	at org.apache.hadoop.hdds.scm.pipeline.RatisPipelineProvider.create(RatisPipelineProvider.java:92)
	at org.apache.hadoop.hdds.scm.pipeline.PipelineFactory.create(PipelineFactory.java:57)
	at org.apache.hadoop.hdds.scm.pipeline.SCMPipelineManager.createPipeline(SCMPipelineManager.java:149)
	at org.apache.hadoop.hdds.scm.block.BlockManagerImpl.allocateBlock(BlockManagerImpl.java:190)
	at org.apache.hadoop.hdds.scm.server.SCMBlockProtocolServer.allocateBlock(SCMBlockProtocolServer.java:175)
	at org.apache.hadoop.ozone.protocolPB.ScmBlockLocationProtocolServerSideTranslatorPB.allocateScmBlock(ScmBlockLocationProtocolServerSideTranslatorPB.java:153)
	at org.apache.hadoop.ozone.protocolPB.ScmBlockLocationProtocolServerSideTranslatorPB.send(ScmBlockLocationProtocolServerSideTranslatorPB.java:112)
	at org.apache.hadoop.hdds.protocol.proto.ScmBlockLocationProtocolProtos$ScmBlockLocationProtocolService$2.callBlockingMethod(ScmBlockLocationProtocolProtos.java:13157)
	at org.apache.hadoop.ipc.ProtobufRpcEngine$Server$ProtoBufRpcInvoker.call(ProtobufRpcEngine.java:524)
	at org.apache.hadoop.ipc.RPC$Server.call(RPC.java:1025)
	at org.apache.hadoop.ipc.Server$RpcCall.run(Server.java:876)
	at org.apache.hadoop.ipc.Server$RpcCall.run(Server.java:822)
	at java.security.AccessController.doPrivileged(Native Method)
	at javax.security.auth.Subject.doAs(Subject.java:422)
	at org.apache.hadoop.security.UserGroupInformation.doAs(UserGroupInformation.java:1730)
	at org.apache.hadoop.ipc.Server$Handler.run(Server.java:2682)
2019-09-12 11:55:25,931 [IPC Server handler 0 on 44726] INFO  block.BlockManagerImpl (BlockManagerImpl.java:allocateBlock(198)) - Could not find available pipeline of type:RATIS and factor:THREE even after retrying
2019-09-12 11:55:25,931 [IPC Server handler 0 on 44726] ERROR block.BlockManagerImpl (BlockManagerImpl.java:allocateBlock(222)) - Unable to allocate a block for the size: 4194304, type: RATIS, factor: THREE
2019-09-12 11:55:25,931 | INFO  | SCMAudit | user=jenkins1000 | ip=192.168.157.195 | op=ALLOCATE_BLOCK {owner=44452192-b36a-43af-bfba-1a5343cd8d7a, size=4194304, type=RATIS, factor=THREE} | ret=SUCCESS |  
2019-09-12 11:55:25,936 | ERROR | OMAudit | user=jenkins1000 | ip=127.0.0.1 | op=ALLOCATE_KEY {volume=vol-0-50748, bucket=bucket-0-73446, key=key-0-09662, dataSize=20971520, replicationType=RATIS, replicationFactor=THREE, keyLocationInfo=null} | ret=FAILURE | org.apache.hadoop.hdds.scm.exceptions.SCMException: Allocated 0 blocks. Requested 5 blocks
	at org.apache.hadoop.hdds.scm.protocolPB.ScmBlockLocationProtocolClientSideTranslatorPB.handleError(ScmBlockLocationProtocolClientSideTranslatorPB.java:118)
	at org.apache.hadoop.hdds.scm.protocolPB.ScmBlockLocationProtocolClientSideTranslatorPB.allocateBlock(ScmBlockLocationProtocolClientSideTranslatorPB.java:156) 
2019-09-12 11:55:25,941 [pool-78-thread-3] ERROR freon.RandomKeyGenerator (RandomKeyGenerator.java:createKey(724)) - Exception while adding key: key-0-09662 in bucket: bucket-0-73446 of volume: vol-0-50748.
INTERNAL_ERROR org.apache.hadoop.ozone.om.exceptions.OMException: Allocated 0 blocks. Requested 5 blocks
	at org.apache.hadoop.ozone.om.protocolPB.OzoneManagerProtocolClientSideTranslatorPB.handleError(OzoneManagerProtocolClientSideTranslatorPB.java:725)
	at org.apache.hadoop.ozone.om.protocolPB.OzoneManagerProtocolClientSideTranslatorPB.openKey(OzoneManagerProtocolClientSideTranslatorPB.java:716)
	at org.apache.hadoop.ozone.client.rpc.RpcClient.createKey(RpcClient.java:615)
	at org.apache.hadoop.ozone.client.OzoneBucket.createKey(OzoneBucket.java:323)
	at org.apache.hadoop.ozone.freon.RandomKeyGenerator.createKey(RandomKeyGenerator.java:686)
	at org.apache.hadoop.ozone.freon.RandomKeyGenerator.access$1100(RandomKeyGenerator.java:87)
	at org.apache.hadoop.ozone.freon.RandomKeyGenerator$ObjectCreator.run(RandomKeyGenerator.java:606)
	at java.util.concurrent.Executors$RunnableAdapter.call(Executors.java:511)
	at java.util.concurrent.FutureTask.run(FutureTask.java:266)
	at java.util.concurrent.ThreadPoolExecutor.runWorker(ThreadPoolExecutor.java:1149)
	at java.util.concurrent.ThreadPoolExecutor$Worker.run(ThreadPoolExecutor.java:624)
	at java.lang.Thread.run(Thread.java:748)
2019-09-12 11:55:25,945 | INFO  | SCMAudit | user=jenkins1000 | ip=192.168.157.195 | op=SEND_HEARTBEAT {datanodeUUID=fc058c35-4f1e-4195-8563-dfc72a0df006, command=[]} | ret=SUCCESS |  
 0.00% |█                                                                                                    |  0/1 Time: 0:00:012019-09-12 11:55:26,573 | INFO  | SCMAudit | user=jenkins1000 | ip=192.168.157.195 | op=SEND_HEARTBEAT {datanodeUUID=5774a03e-6f88-4ed6-a57b-14b40bcf9480, command=[]} | ret=SUCCESS |  
2019-09-12 11:55:26,573 | INFO  | SCMAudit | user=jenkins1000 | ip=192.168.157.195 | op=SEND_HEARTBEAT {datanodeUUID=195b504c-ec15-4395-b30f-deaa4314771c, command=[]} | ret=SUCCESS |  
2019-09-12 11:55:26,635 | INFO  | SCMAudit | user=jenkins1000 | ip=192.168.157.195 | op=SEND_HEARTBEAT {datanodeUUID=3721b0b4-2420-471b-8c71-d07221d0164f, command=[]} | ret=SUCCESS |  
2019-09-12 11:55:26,791 | INFO  | SCMAudit | user=jenkins1000 | ip=192.168.157.195 | op=SEND_HEARTBEAT {datanodeUUID=2571ad41-02e3-435e-b75a-0c7e86386881, command=[]} | ret=SUCCESS |  
2019-09-12 11:55:26,946 | INFO  | SCMAudit | user=jenkins1000 | ip=192.168.157.195 | op=SEND_HEARTBEAT {datanodeUUID=fc058c35-4f1e-4195-8563-dfc72a0df006, command=[]} | ret=SUCCESS |  
 0.00% |█                                                                                                    |  0/1 Time: 0:00:022019-09-12 11:55:27,569 | INFO  | SCMAudit | user=jenkins1000 | ip=192.168.157.195 | op=SEND_HEARTBEAT {datanodeUUID=5774a03e-6f88-4ed6-a57b-14b40bcf9480, command=[]} | ret=SUCCESS |  
2019-09-12 11:55:27,572 | INFO  | SCMAudit | user=jenkins1000 | ip=192.168.157.195 | op=SEND_HEARTBEAT {datanodeUUID=195b504c-ec15-4395-b30f-deaa4314771c, command=[]} | ret=SUCCESS |  
2019-09-12 11:55:27,640 | INFO  | SCMAudit | user=jenkins1000 | ip=192.168.157.195 | op=SEND_HEARTBEAT {datanodeUUID=3721b0b4-2420-471b-8c71-d07221d0164f, command=[]} | ret=SUCCESS |  
2019-09-12 11:55:27,792 | INFO  | SCMAudit | user=jenkins1000 | ip=192.168.157.195 | op=SEND_HEARTBEAT {datanodeUUID=2571ad41-02e3-435e-b75a-0c7e86386881, command=[]} | ret=SUCCESS |  
2019-09-12 11:55:27,947 | INFO  | SCMAudit | user=jenkins1000 | ip=192.168.157.195 | op=SEND_HEARTBEAT {datanodeUUID=fc058c35-4f1e-4195-8563-dfc72a0df006, command=[]} | ret=SUCCESS |  
 0.00% |█                                                                                                    |  0/1 Time: 0:00:032019-09-12 11:55:28,570 | INFO  | SCMAudit | user=jenkins1000 | ip=192.168.157.195 | op=SEND_HEARTBEAT {datanodeUUID=5774a03e-6f88-4ed6-a57b-14b40bcf9480, command=[]} | ret=SUCCESS |  
2019-09-12 11:55:28,572 | INFO  | SCMAudit | user=jenkins1000 | ip=192.168.157.195 | op=SEND_HEARTBEAT {datanodeUUID=195b504c-ec15-4395-b30f-deaa4314771c, command=[]} | ret=SUCCESS |  
2019-09-12 11:55:28,636 | INFO  | SCMAudit | user=jenkins1000 | ip=192.168.157.195 | op=SEND_HEARTBEAT {datanodeUUID=3721b0b4-2420-471b-8c71-d07221d0164f, command=[]} | ret=SUCCESS |  
2019-09-12 11:55:28,793 | INFO  | SCMAudit | user=jenkins1000 | ip=192.168.157.195 | op=SEND_HEARTBEAT {datanodeUUID=2571ad41-02e3-435e-b75a-0c7e86386881, command=[]} | ret=SUCCESS |  
2019-09-12 11:55:28,935 [Thread-209] INFO  impl.FollowerState (FollowerState.java:run(106)) - 3721b0b4-2420-471b-8c71-d07221d0164f:group-895BF31529D3 changes to CANDIDATE, lastRpcTime:5102, electionTimeout:5101ms
2019-09-12 11:55:28,936 [Thread-209] INFO  impl.RoleInfo (RoleInfo.java:shutdownFollowerState(121)) - 3721b0b4-2420-471b-8c71-d07221d0164f: shutdown FollowerState
2019-09-12 11:55:28,936 [Thread-209] INFO  impl.RaftServerImpl (RaftServerImpl.java:setRole(171)) - 3721b0b4-2420-471b-8c71-d07221d0164f:group-895BF31529D3 changes role from FOLLOWER to CANDIDATE at term 0 for changeToCandidate
2019-09-12 11:55:28,943 [Thread-209] INFO  impl.RoleInfo (RoleInfo.java:updateAndGet(143)) - 3721b0b4-2420-471b-8c71-d07221d0164f: start LeaderElection
2019-09-12 11:55:28,955 | INFO  | SCMAudit | user=jenkins1000 | ip=192.168.157.195 | op=SEND_HEARTBEAT {datanodeUUID=fc058c35-4f1e-4195-8563-dfc72a0df006, command=[]} | ret=SUCCESS |  
2019-09-12 11:55:28,969 [3721b0b4-2420-471b-8c71-d07221d0164f:group-895BF31529D3:LeaderElection1] INFO  impl.LeaderElection (LeaderElection.java:askForVotes(181)) - 3721b0b4-2420-471b-8c71-d07221d0164f:group-895BF31529D3:LeaderElection1: begin an election at term 1 for -1: [3721b0b4-2420-471b-8c71-d07221d0164f:192.168.157.195:44599], old=null
2019-09-12 11:55:28,970 [3721b0b4-2420-471b-8c71-d07221d0164f:group-895BF31529D3:LeaderElection1] INFO  impl.RoleInfo (RoleInfo.java:shutdownLeaderElection(134)) - 3721b0b4-2420-471b-8c71-d07221d0164f: shutdown LeaderElection
2019-09-12 11:55:28,971 [3721b0b4-2420-471b-8c71-d07221d0164f:group-895BF31529D3:LeaderElection1] INFO  impl.RaftServerImpl (RaftServerImpl.java:setRole(171)) - 3721b0b4-2420-471b-8c71-d07221d0164f:group-895BF31529D3 changes role from CANDIDATE to LEADER at term 1 for changeToLeader
2019-09-12 11:55:28,971 [3721b0b4-2420-471b-8c71-d07221d0164f:group-895BF31529D3:LeaderElection1] INFO  impl.RaftServerImpl (ServerState.java:setLeader(263)) - 3721b0b4-2420-471b-8c71-d07221d0164f:group-895BF31529D3 change Leader from null to 3721b0b4-2420-471b-8c71-d07221d0164f at term 1 for becomeLeader, leader elected after 5221ms
2019-09-12 11:55:28,977 [3721b0b4-2420-471b-8c71-d07221d0164f:group-895BF31529D3:LeaderElection1] INFO  server.RaftServerConfigKeys (ConfUtils.java:logGet(43)) - raft.server.staging.catchup.gap = 1000 (default)
2019-09-12 11:55:28,977 [3721b0b4-2420-471b-8c71-d07221d0164f:group-895BF31529D3:LeaderElection1] INFO  server.RaftServerConfigKeys (ConfUtils.java:logGet(43)) - raft.server.rpc.sleep.time = 25ms (default)
2019-09-12 11:55:28,979 [3721b0b4-2420-471b-8c71-d07221d0164f:group-895BF31529D3:LeaderElection1] INFO  server.RaftServerConfigKeys (ConfUtils.java:logGet(43)) - raft.server.write.element-limit = 4096 (default)
2019-09-12 11:55:28,981 [3721b0b4-2420-471b-8c71-d07221d0164f:group-895BF31529D3:LeaderElection1] INFO  server.RaftServerConfigKeys (ConfUtils.java:logGet(43)) - raft.server.watch.timeout = 10s (default)
2019-09-12 11:55:28,982 [3721b0b4-2420-471b-8c71-d07221d0164f:group-895BF31529D3:LeaderElection1] INFO  server.RaftServerConfigKeys (ConfUtils.java:logGet(43)) - raft.server.watch.timeout.denomination = 1s (default)
2019-09-12 11:55:28,982 [3721b0b4-2420-471b-8c71-d07221d0164f:group-895BF31529D3:LeaderElection1] INFO  server.RaftServerConfigKeys (ConfUtils.java:logGet(43)) - raft.server.watch.element-limit = 65536 (default)
2019-09-12 11:55:28,990 [3721b0b4-2420-471b-8c71-d07221d0164f:group-895BF31529D3:LeaderElection1] INFO  impl.RoleInfo (RoleInfo.java:updateAndGet(143)) - 3721b0b4-2420-471b-8c71-d07221d0164f: start LeaderState
2019-09-12 11:55:29,010 [3721b0b4-2420-471b-8c71-d07221d0164f:group-895BF31529D3:LeaderElection1] INFO  segmented.SegmentedRaftLogWorker (SegmentedRaftLogWorker.java:startLogSegment(380)) - 3721b0b4-2420-471b-8c71-d07221d0164f-SegmentedRaftLogWorker:Storage Directory /workdir/hadoop-ozone/tools/target/test-dir/MiniOzoneClusterImpl-68b3c2dd-7b99-4165-989a-193f9a99bda1/datanode-0/data/ratis/16370a45-7f90-4624-b9da-895bf31529d3: Starting segment from index:0
2019-09-12 11:55:29,019 [3721b0b4-2420-471b-8c71-d07221d0164f:group-895BF31529D3:LeaderElection1] INFO  impl.RaftServerImpl (ServerState.java:setRaftConf(361)) - 3721b0b4-2420-471b-8c71-d07221d0164f:group-895BF31529D3 set configuration 0: [3721b0b4-2420-471b-8c71-d07221d0164f:192.168.157.195:44599], old=null at 0
2019-09-12 11:55:29,166 [Thread-215] INFO  impl.FollowerState (FollowerState.java:run(106)) - 3721b0b4-2420-471b-8c71-d07221d0164f:group-CF78058DD526 changes to CANDIDATE, lastRpcTime:5037, electionTimeout:5037ms
2019-09-12 11:55:29,169 [Thread-215] INFO  impl.RoleInfo (RoleInfo.java:shutdownFollowerState(121)) - 3721b0b4-2420-471b-8c71-d07221d0164f: shutdown FollowerState
2019-09-12 11:55:29,169 [Thread-215] INFO  impl.RaftServerImpl (RaftServerImpl.java:setRole(171)) - 3721b0b4-2420-471b-8c71-d07221d0164f:group-CF78058DD526 changes role from FOLLOWER to CANDIDATE at term 0 for changeToCandidate
2019-09-12 11:55:29,169 [Thread-215] INFO  impl.RoleInfo (RoleInfo.java:updateAndGet(143)) - 3721b0b4-2420-471b-8c71-d07221d0164f: start LeaderElection
2019-09-12 11:55:29,187 [3721b0b4-2420-471b-8c71-d07221d0164f-SegmentedRaftLogWorker:Storage Directory /workdir/hadoop-ozone/tools/target/test-dir/MiniOzoneClusterImpl-68b3c2dd-7b99-4165-989a-193f9a99bda1/datanode-0/data/ratis/16370a45-7f90-4624-b9da-895bf31529d3] INFO  segmented.SegmentedRaftLogWorker (SegmentedRaftLogWorker.java:execute(569)) - 3721b0b4-2420-471b-8c71-d07221d0164f-SegmentedRaftLogWorker:Storage Directory /workdir/hadoop-ozone/tools/target/test-dir/MiniOzoneClusterImpl-68b3c2dd-7b99-4165-989a-193f9a99bda1/datanode-0/data/ratis/16370a45-7f90-4624-b9da-895bf31529d3: created new log segment /workdir/hadoop-ozone/tools/target/test-dir/MiniOzoneClusterImpl-68b3c2dd-7b99-4165-989a-193f9a99bda1/datanode-0/data/ratis/16370a45-7f90-4624-b9da-895bf31529d3/current/log_inprogress_0
2019-09-12 11:55:29,187 [3721b0b4-2420-471b-8c71-d07221d0164f:group-CF78058DD526:LeaderElection2] INFO  impl.LeaderElection (LeaderElection.java:askForVotes(181)) - 3721b0b4-2420-471b-8c71-d07221d0164f:group-CF78058DD526:LeaderElection2: begin an election at term 1 for -1: [3721b0b4-2420-471b-8c71-d07221d0164f:192.168.157.195:44599], old=null
2019-09-12 11:55:29,189 [3721b0b4-2420-471b-8c71-d07221d0164f:group-CF78058DD526:LeaderElection2] INFO  impl.RoleInfo (RoleInfo.java:shutdownLeaderElection(134)) - 3721b0b4-2420-471b-8c71-d07221d0164f: shutdown LeaderElection
2019-09-12 11:55:29,189 [3721b0b4-2420-471b-8c71-d07221d0164f:group-CF78058DD526:LeaderElection2] INFO  impl.RaftServerImpl (RaftServerImpl.java:setRole(171)) - 3721b0b4-2420-471b-8c71-d07221d0164f:group-CF78058DD526 changes role from CANDIDATE to LEADER at term 1 for changeToLeader
2019-09-12 11:55:29,189 [3721b0b4-2420-471b-8c71-d07221d0164f:group-CF78058DD526:LeaderElection2] INFO  impl.RaftServerImpl (ServerState.java:setLeader(263)) - 3721b0b4-2420-471b-8c71-d07221d0164f:group-CF78058DD526 change Leader from null to 3721b0b4-2420-471b-8c71-d07221d0164f at term 1 for becomeLeader, leader elected after 5066ms
2019-09-12 11:55:29,190 [3721b0b4-2420-471b-8c71-d07221d0164f:group-CF78058DD526:LeaderElection2] INFO  server.RaftServerConfigKeys (ConfUtils.java:logGet(43)) - raft.server.staging.catchup.gap = 1000 (default)
2019-09-12 11:55:29,190 [3721b0b4-2420-471b-8c71-d07221d0164f:group-CF78058DD526:LeaderElection2] INFO  server.RaftServerConfigKeys (ConfUtils.java:logGet(43)) - raft.server.rpc.sleep.time = 25ms (default)
2019-09-12 11:55:29,190 [3721b0b4-2420-471b-8c71-d07221d0164f:group-CF78058DD526:LeaderElection2] INFO  server.RaftServerConfigKeys (ConfUtils.java:logGet(43)) - raft.server.write.element-limit = 4096 (default)
2019-09-12 11:55:29,190 [3721b0b4-2420-471b-8c71-d07221d0164f:group-CF78058DD526:LeaderElection2] INFO  server.RaftServerConfigKeys (ConfUtils.java:logGet(43)) - raft.server.watch.timeout = 10s (default)
2019-09-12 11:55:29,190 [3721b0b4-2420-471b-8c71-d07221d0164f:group-CF78058DD526:LeaderElection2] INFO  server.RaftServerConfigKeys (ConfUtils.java:logGet(43)) - raft.server.watch.timeout.denomination = 1s (default)
2019-09-12 11:55:29,191 [3721b0b4-2420-471b-8c71-d07221d0164f:group-CF78058DD526:LeaderElection2] INFO  server.RaftServerConfigKeys (ConfUtils.java:logGet(43)) - raft.server.watch.element-limit = 65536 (default)
2019-09-12 11:55:29,191 [3721b0b4-2420-471b-8c71-d07221d0164f:group-CF78058DD526:LeaderElection2] INFO  impl.RoleInfo (RoleInfo.java:updateAndGet(143)) - 3721b0b4-2420-471b-8c71-d07221d0164f: start LeaderState
2019-09-12 11:55:29,191 [3721b0b4-2420-471b-8c71-d07221d0164f:group-CF78058DD526:LeaderElection2] INFO  segmented.SegmentedRaftLogWorker (SegmentedRaftLogWorker.java:startLogSegment(380)) - 3721b0b4-2420-471b-8c71-d07221d0164f-SegmentedRaftLogWorker:Storage Directory /workdir/hadoop-ozone/tools/target/test-dir/MiniOzoneClusterImpl-68b3c2dd-7b99-4165-989a-193f9a99bda1/datanode-0/data/ratis/85dfdf5d-52d3-4b25-a7be-cf78058dd526: Starting segment from index:0
2019-09-12 11:55:29,192 [3721b0b4-2420-471b-8c71-d07221d0164f:group-CF78058DD526:LeaderElection2] INFO  impl.RaftServerImpl (ServerState.java:setRaftConf(361)) - 3721b0b4-2420-471b-8c71-d07221d0164f:group-CF78058DD526 set configuration 0: [3721b0b4-2420-471b-8c71-d07221d0164f:192.168.157.195:44599], old=null at 0
2019-09-12 11:55:29,220 [Thread-212] INFO  impl.FollowerState (FollowerState.java:run(106)) - 5774a03e-6f88-4ed6-a57b-14b40bcf9480:group-5621AD58FF12 changes to CANDIDATE, lastRpcTime:5186, electionTimeout:5184ms
2019-09-12 11:55:29,221 [Thread-212] INFO  impl.RoleInfo (RoleInfo.java:shutdownFollowerState(121)) - 5774a03e-6f88-4ed6-a57b-14b40bcf9480: shutdown FollowerState
2019-09-12 11:55:29,221 [Thread-212] INFO  impl.RaftServerImpl (RaftServerImpl.java:setRole(171)) - 5774a03e-6f88-4ed6-a57b-14b40bcf9480:group-5621AD58FF12 changes role from FOLLOWER to CANDIDATE at term 0 for changeToCandidate
2019-09-12 11:55:29,221 [Thread-212] INFO  impl.RoleInfo (RoleInfo.java:updateAndGet(143)) - 5774a03e-6f88-4ed6-a57b-14b40bcf9480: start LeaderElection
2019-09-12 11:55:29,233 [3721b0b4-2420-471b-8c71-d07221d0164f-SegmentedRaftLogWorker:Storage Directory /workdir/hadoop-ozone/tools/target/test-dir/MiniOzoneClusterImpl-68b3c2dd-7b99-4165-989a-193f9a99bda1/datanode-0/data/ratis/85dfdf5d-52d3-4b25-a7be-cf78058dd526] INFO  segmented.SegmentedRaftLogWorker (SegmentedRaftLogWorker.java:execute(569)) - 3721b0b4-2420-471b-8c71-d07221d0164f-SegmentedRaftLogWorker:Storage Directory /workdir/hadoop-ozone/tools/target/test-dir/MiniOzoneClusterImpl-68b3c2dd-7b99-4165-989a-193f9a99bda1/datanode-0/data/ratis/85dfdf5d-52d3-4b25-a7be-cf78058dd526: created new log segment /workdir/hadoop-ozone/tools/target/test-dir/MiniOzoneClusterImpl-68b3c2dd-7b99-4165-989a-193f9a99bda1/datanode-0/data/ratis/85dfdf5d-52d3-4b25-a7be-cf78058dd526/current/log_inprogress_0
2019-09-12 11:55:29,233 [5774a03e-6f88-4ed6-a57b-14b40bcf9480:group-5621AD58FF12:LeaderElection3] INFO  impl.LeaderElection (LeaderElection.java:askForVotes(181)) - 5774a03e-6f88-4ed6-a57b-14b40bcf9480:group-5621AD58FF12:LeaderElection3: begin an election at term 1 for -1: [5774a03e-6f88-4ed6-a57b-14b40bcf9480:192.168.157.195:42494], old=null
2019-09-12 11:55:29,234 [5774a03e-6f88-4ed6-a57b-14b40bcf9480:group-5621AD58FF12:LeaderElection3] INFO  impl.RoleInfo (RoleInfo.java:shutdownLeaderElection(134)) - 5774a03e-6f88-4ed6-a57b-14b40bcf9480: shutdown LeaderElection
2019-09-12 11:55:29,234 [5774a03e-6f88-4ed6-a57b-14b40bcf9480:group-5621AD58FF12:LeaderElection3] INFO  impl.RaftServerImpl (RaftServerImpl.java:setRole(171)) - 5774a03e-6f88-4ed6-a57b-14b40bcf9480:group-5621AD58FF12 changes role from CANDIDATE to LEADER at term 1 for changeToLeader
2019-09-12 11:55:29,234 [5774a03e-6f88-4ed6-a57b-14b40bcf9480:group-5621AD58FF12:LeaderElection3] INFO  impl.RaftServerImpl (ServerState.java:setLeader(263)) - 5774a03e-6f88-4ed6-a57b-14b40bcf9480:group-5621AD58FF12 change Leader from null to 5774a03e-6f88-4ed6-a57b-14b40bcf9480 at term 1 for becomeLeader, leader elected after 5208ms
2019-09-12 11:55:29,235 [5774a03e-6f88-4ed6-a57b-14b40bcf9480:group-5621AD58FF12:LeaderElection3] INFO  server.RaftServerConfigKeys (ConfUtils.java:logGet(43)) - raft.server.staging.catchup.gap = 1000 (default)
2019-09-12 11:55:29,235 [5774a03e-6f88-4ed6-a57b-14b40bcf9480:group-5621AD58FF12:LeaderElection3] INFO  server.RaftServerConfigKeys (ConfUtils.java:logGet(43)) - raft.server.rpc.sleep.time = 25ms (default)
2019-09-12 11:55:29,235 [5774a03e-6f88-4ed6-a57b-14b40bcf9480:group-5621AD58FF12:LeaderElection3] INFO  server.RaftServerConfigKeys (ConfUtils.java:logGet(43)) - raft.server.write.element-limit = 4096 (default)
2019-09-12 11:55:29,236 [5774a03e-6f88-4ed6-a57b-14b40bcf9480:group-5621AD58FF12:LeaderElection3] INFO  server.RaftServerConfigKeys (ConfUtils.java:logGet(43)) - raft.server.watch.timeout = 10s (default)
2019-09-12 11:55:29,236 [5774a03e-6f88-4ed6-a57b-14b40bcf9480:group-5621AD58FF12:LeaderElection3] INFO  server.RaftServerConfigKeys (ConfUtils.java:logGet(43)) - raft.server.watch.timeout.denomination = 1s (default)
2019-09-12 11:55:29,236 [5774a03e-6f88-4ed6-a57b-14b40bcf9480:group-5621AD58FF12:LeaderElection3] INFO  server.RaftServerConfigKeys (ConfUtils.java:logGet(43)) - raft.server.watch.element-limit = 65536 (default)
2019-09-12 11:55:29,236 [5774a03e-6f88-4ed6-a57b-14b40bcf9480:group-5621AD58FF12:LeaderElection3] INFO  impl.RoleInfo (RoleInfo.java:updateAndGet(143)) - 5774a03e-6f88-4ed6-a57b-14b40bcf9480: start LeaderState
2019-09-12 11:55:29,236 [5774a03e-6f88-4ed6-a57b-14b40bcf9480:group-5621AD58FF12:LeaderElection3] INFO  segmented.SegmentedRaftLogWorker (SegmentedRaftLogWorker.java:startLogSegment(380)) - 5774a03e-6f88-4ed6-a57b-14b40bcf9480-SegmentedRaftLogWorker:Storage Directory /workdir/hadoop-ozone/tools/target/test-dir/MiniOzoneClusterImpl-68b3c2dd-7b99-4165-989a-193f9a99bda1/datanode-3/data/ratis/93e8aac4-09d7-4abd-b078-5621ad58ff12: Starting segment from index:0
2019-09-12 11:55:29,237 [5774a03e-6f88-4ed6-a57b-14b40bcf9480:group-5621AD58FF12:LeaderElection3] INFO  impl.RaftServerImpl (ServerState.java:setRaftConf(361)) - 5774a03e-6f88-4ed6-a57b-14b40bcf9480:group-5621AD58FF12 set configuration 0: [5774a03e-6f88-4ed6-a57b-14b40bcf9480:192.168.157.195:42494], old=null at 0
2019-09-12 11:55:29,284 [5774a03e-6f88-4ed6-a57b-14b40bcf9480-SegmentedRaftLogWorker:Storage Directory /workdir/hadoop-ozone/tools/target/test-dir/MiniOzoneClusterImpl-68b3c2dd-7b99-4165-989a-193f9a99bda1/datanode-3/data/ratis/93e8aac4-09d7-4abd-b078-5621ad58ff12] INFO  segmented.SegmentedRaftLogWorker (SegmentedRaftLogWorker.java:execute(569)) - 5774a03e-6f88-4ed6-a57b-14b40bcf9480-SegmentedRaftLogWorker:Storage Directory /workdir/hadoop-ozone/tools/target/test-dir/MiniOzoneClusterImpl-68b3c2dd-7b99-4165-989a-193f9a99bda1/datanode-3/data/ratis/93e8aac4-09d7-4abd-b078-5621ad58ff12: created new log segment /workdir/hadoop-ozone/tools/target/test-dir/MiniOzoneClusterImpl-68b3c2dd-7b99-4165-989a-193f9a99bda1/datanode-3/data/ratis/93e8aac4-09d7-4abd-b078-5621ad58ff12/current/log_inprogress_0
2019-09-12 11:55:29,310 [Thread-221] INFO  impl.FollowerState (FollowerState.java:run(106)) - 3721b0b4-2420-471b-8c71-d07221d0164f:group-1B5614810C6E changes to CANDIDATE, lastRpcTime:5004, electionTimeout:5004ms
2019-09-12 11:55:29,310 [Thread-221] INFO  impl.RoleInfo (RoleInfo.java:shutdownFollowerState(121)) - 3721b0b4-2420-471b-8c71-d07221d0164f: shutdown FollowerState
2019-09-12 11:55:29,311 [Thread-221] INFO  impl.RaftServerImpl (RaftServerImpl.java:setRole(171)) - 3721b0b4-2420-471b-8c71-d07221d0164f:group-1B5614810C6E changes role from FOLLOWER to CANDIDATE at term 0 for changeToCandidate
2019-09-12 11:55:29,311 [Thread-221] INFO  impl.RoleInfo (RoleInfo.java:updateAndGet(143)) - 3721b0b4-2420-471b-8c71-d07221d0164f: start LeaderElection
 0.00% |█                                                                                                    |  0/1 Time: 0:00:042019-09-12 11:55:29,328 [3721b0b4-2420-471b-8c71-d07221d0164f:group-1B5614810C6E:LeaderElection4] INFO  impl.LeaderElection (LeaderElection.java:askForVotes(181)) - 3721b0b4-2420-471b-8c71-d07221d0164f:group-1B5614810C6E:LeaderElection4: begin an election at term 1 for -1: [3721b0b4-2420-471b-8c71-d07221d0164f:192.168.157.195:44599], old=null
2019-09-12 11:55:29,329 [3721b0b4-2420-471b-8c71-d07221d0164f:group-1B5614810C6E:LeaderElection4] INFO  impl.RoleInfo (RoleInfo.java:shutdownLeaderElection(134)) - 3721b0b4-2420-471b-8c71-d07221d0164f: shutdown LeaderElection
2019-09-12 11:55:29,329 [3721b0b4-2420-471b-8c71-d07221d0164f:group-1B5614810C6E:LeaderElection4] INFO  impl.RaftServerImpl (RaftServerImpl.java:setRole(171)) - 3721b0b4-2420-471b-8c71-d07221d0164f:group-1B5614810C6E changes role from CANDIDATE to LEADER at term 1 for changeToLeader
2019-09-12 11:55:29,329 [3721b0b4-2420-471b-8c71-d07221d0164f:group-1B5614810C6E:LeaderElection4] INFO  impl.RaftServerImpl (ServerState.java:setLeader(263)) - 3721b0b4-2420-471b-8c71-d07221d0164f:group-1B5614810C6E change Leader from null to 3721b0b4-2420-471b-8c71-d07221d0164f at term 1 for becomeLeader, leader elected after 5029ms
2019-09-12 11:55:29,329 [3721b0b4-2420-471b-8c71-d07221d0164f:group-1B5614810C6E:LeaderElection4] INFO  server.RaftServerConfigKeys (ConfUtils.java:logGet(43)) - raft.server.staging.catchup.gap = 1000 (default)
2019-09-12 11:55:29,329 [3721b0b4-2420-471b-8c71-d07221d0164f:group-1B5614810C6E:LeaderElection4] INFO  server.RaftServerConfigKeys (ConfUtils.java:logGet(43)) - raft.server.rpc.sleep.time = 25ms (default)
2019-09-12 11:55:29,330 [3721b0b4-2420-471b-8c71-d07221d0164f:group-1B5614810C6E:LeaderElection4] INFO  server.RaftServerConfigKeys (ConfUtils.java:logGet(43)) - raft.server.write.element-limit = 4096 (default)
2019-09-12 11:55:29,330 [3721b0b4-2420-471b-8c71-d07221d0164f:group-1B5614810C6E:LeaderElection4] INFO  server.RaftServerConfigKeys (ConfUtils.java:logGet(43)) - raft.server.watch.timeout = 10s (default)
2019-09-12 11:55:29,330 [3721b0b4-2420-471b-8c71-d07221d0164f:group-1B5614810C6E:LeaderElection4] INFO  server.RaftServerConfigKeys (ConfUtils.java:logGet(43)) - raft.server.watch.timeout.denomination = 1s (default)
2019-09-12 11:55:29,330 [3721b0b4-2420-471b-8c71-d07221d0164f:group-1B5614810C6E:LeaderElection4] INFO  server.RaftServerConfigKeys (ConfUtils.java:logGet(43)) - raft.server.watch.element-limit = 65536 (default)
2019-09-12 11:55:29,330 [3721b0b4-2420-471b-8c71-d07221d0164f:group-1B5614810C6E:LeaderElection4] INFO  impl.RoleInfo (RoleInfo.java:updateAndGet(143)) - 3721b0b4-2420-471b-8c71-d07221d0164f: start LeaderState
2019-09-12 11:55:29,331 [3721b0b4-2420-471b-8c71-d07221d0164f:group-1B5614810C6E:LeaderElection4] INFO  segmented.SegmentedRaftLogWorker (SegmentedRaftLogWorker.java:startLogSegment(380)) - 3721b0b4-2420-471b-8c71-d07221d0164f-SegmentedRaftLogWorker:Storage Directory /workdir/hadoop-ozone/tools/target/test-dir/MiniOzoneClusterImpl-68b3c2dd-7b99-4165-989a-193f9a99bda1/datanode-0/data/ratis/0413773c-7b4a-4eaf-8569-1b5614810c6e: Starting segment from index:0
2019-09-12 11:55:29,331 [3721b0b4-2420-471b-8c71-d07221d0164f:group-1B5614810C6E:LeaderElection4] INFO  impl.RaftServerImpl (ServerState.java:setRaftConf(361)) - 3721b0b4-2420-471b-8c71-d07221d0164f:group-1B5614810C6E set configuration 0: [3721b0b4-2420-471b-8c71-d07221d0164f:192.168.157.195:44599], old=null at 0
2019-09-12 11:55:29,373 [Thread-218] INFO  impl.FollowerState (FollowerState.java:run(106)) - 2571ad41-02e3-435e-b75a-0c7e86386881:group-2FAB0E2CB13B changes to CANDIDATE, lastRpcTime:5171, electionTimeout:5171ms
2019-09-12 11:55:29,373 [Thread-218] INFO  impl.RoleInfo (RoleInfo.java:shutdownFollowerState(121)) - 2571ad41-02e3-435e-b75a-0c7e86386881: shutdown FollowerState
2019-09-12 11:55:29,373 [Thread-218] INFO  impl.RaftServerImpl (RaftServerImpl.java:setRole(171)) - 2571ad41-02e3-435e-b75a-0c7e86386881:group-2FAB0E2CB13B changes role from FOLLOWER to CANDIDATE at term 0 for changeToCandidate
2019-09-12 11:55:29,374 [Thread-218] INFO  impl.RoleInfo (RoleInfo.java:updateAndGet(143)) - 2571ad41-02e3-435e-b75a-0c7e86386881: start LeaderElection
2019-09-12 11:55:29,383 [3721b0b4-2420-471b-8c71-d07221d0164f-SegmentedRaftLogWorker:Storage Directory /workdir/hadoop-ozone/tools/target/test-dir/MiniOzoneClusterImpl-68b3c2dd-7b99-4165-989a-193f9a99bda1/datanode-0/data/ratis/0413773c-7b4a-4eaf-8569-1b5614810c6e] INFO  segmented.SegmentedRaftLogWorker (SegmentedRaftLogWorker.java:execute(569)) - 3721b0b4-2420-471b-8c71-d07221d0164f-SegmentedRaftLogWorker:Storage Directory /workdir/hadoop-ozone/tools/target/test-dir/MiniOzoneClusterImpl-68b3c2dd-7b99-4165-989a-193f9a99bda1/datanode-0/data/ratis/0413773c-7b4a-4eaf-8569-1b5614810c6e: created new log segment /workdir/hadoop-ozone/tools/target/test-dir/MiniOzoneClusterImpl-68b3c2dd-7b99-4165-989a-193f9a99bda1/datanode-0/data/ratis/0413773c-7b4a-4eaf-8569-1b5614810c6e/current/log_inprogress_0
2019-09-12 11:55:29,383 [2571ad41-02e3-435e-b75a-0c7e86386881:group-2FAB0E2CB13B:LeaderElection5] INFO  impl.LeaderElection (LeaderElection.java:askForVotes(181)) - 2571ad41-02e3-435e-b75a-0c7e86386881:group-2FAB0E2CB13B:LeaderElection5: begin an election at term 1 for -1: [2571ad41-02e3-435e-b75a-0c7e86386881:192.168.157.195:38484], old=null
2019-09-12 11:55:29,383 [2571ad41-02e3-435e-b75a-0c7e86386881:group-2FAB0E2CB13B:LeaderElection5] INFO  impl.RoleInfo (RoleInfo.java:shutdownLeaderElection(134)) - 2571ad41-02e3-435e-b75a-0c7e86386881: shutdown LeaderElection
2019-09-12 11:55:29,383 [2571ad41-02e3-435e-b75a-0c7e86386881:group-2FAB0E2CB13B:LeaderElection5] INFO  impl.RaftServerImpl (RaftServerImpl.java:setRole(171)) - 2571ad41-02e3-435e-b75a-0c7e86386881:group-2FAB0E2CB13B changes role from CANDIDATE to LEADER at term 1 for changeToLeader
2019-09-12 11:55:29,383 [2571ad41-02e3-435e-b75a-0c7e86386881:group-2FAB0E2CB13B:LeaderElection5] INFO  impl.RaftServerImpl (ServerState.java:setLeader(263)) - 2571ad41-02e3-435e-b75a-0c7e86386881:group-2FAB0E2CB13B change Leader from null to 2571ad41-02e3-435e-b75a-0c7e86386881 at term 1 for becomeLeader, leader elected after 5186ms
2019-09-12 11:55:29,384 [2571ad41-02e3-435e-b75a-0c7e86386881:group-2FAB0E2CB13B:LeaderElection5] INFO  server.RaftServerConfigKeys (ConfUtils.java:logGet(43)) - raft.server.staging.catchup.gap = 1000 (default)
2019-09-12 11:55:29,384 [2571ad41-02e3-435e-b75a-0c7e86386881:group-2FAB0E2CB13B:LeaderElection5] INFO  server.RaftServerConfigKeys (ConfUtils.java:logGet(43)) - raft.server.rpc.sleep.time = 25ms (default)
2019-09-12 11:55:29,385 [Thread-224] INFO  impl.FollowerState (FollowerState.java:run(106)) - 3721b0b4-2420-471b-8c71-d07221d0164f:group-BAA1845B1A83 changes to CANDIDATE, lastRpcTime:5008, electionTimeout:5008ms
2019-09-12 11:55:29,385 [2571ad41-02e3-435e-b75a-0c7e86386881:group-2FAB0E2CB13B:LeaderElection5] INFO  server.RaftServerConfigKeys (ConfUtils.java:logGet(43)) - raft.server.write.element-limit = 4096 (default)
2019-09-12 11:55:29,386 [Thread-224] INFO  impl.RoleInfo (RoleInfo.java:shutdownFollowerState(121)) - 3721b0b4-2420-471b-8c71-d07221d0164f: shutdown FollowerState
2019-09-12 11:55:29,386 [2571ad41-02e3-435e-b75a-0c7e86386881:group-2FAB0E2CB13B:LeaderElection5] INFO  server.RaftServerConfigKeys (ConfUtils.java:logGet(43)) - raft.server.watch.timeout = 10s (default)
2019-09-12 11:55:29,386 [Thread-224] INFO  impl.RaftServerImpl (RaftServerImpl.java:setRole(171)) - 3721b0b4-2420-471b-8c71-d07221d0164f:group-BAA1845B1A83 changes role from FOLLOWER to CANDIDATE at term 0 for changeToCandidate
2019-09-12 11:55:29,386 [2571ad41-02e3-435e-b75a-0c7e86386881:group-2FAB0E2CB13B:LeaderElection5] INFO  server.RaftServerConfigKeys (ConfUtils.java:logGet(43)) - raft.server.watch.timeout.denomination = 1s (default)
2019-09-12 11:55:29,387 [Thread-224] INFO  impl.RoleInfo (RoleInfo.java:updateAndGet(143)) - 3721b0b4-2420-471b-8c71-d07221d0164f: start LeaderElection
2019-09-12 11:55:29,387 [2571ad41-02e3-435e-b75a-0c7e86386881:group-2FAB0E2CB13B:LeaderElection5] INFO  server.RaftServerConfigKeys (ConfUtils.java:logGet(43)) - raft.server.watch.element-limit = 65536 (default)
2019-09-12 11:55:29,390 [2571ad41-02e3-435e-b75a-0c7e86386881:group-2FAB0E2CB13B:LeaderElection5] INFO  impl.RoleInfo (RoleInfo.java:updateAndGet(143)) - 2571ad41-02e3-435e-b75a-0c7e86386881: start LeaderState
2019-09-12 11:55:29,391 [2571ad41-02e3-435e-b75a-0c7e86386881:group-2FAB0E2CB13B:LeaderElection5] INFO  segmented.SegmentedRaftLogWorker (SegmentedRaftLogWorker.java:startLogSegment(380)) - 2571ad41-02e3-435e-b75a-0c7e86386881-SegmentedRaftLogWorker:Storage Directory /workdir/hadoop-ozone/tools/target/test-dir/MiniOzoneClusterImpl-68b3c2dd-7b99-4165-989a-193f9a99bda1/datanode-4/data/ratis/4515f7cb-a0c2-41eb-8148-2fab0e2cb13b: Starting segment from index:0
2019-09-12 11:55:29,391 [2571ad41-02e3-435e-b75a-0c7e86386881:group-2FAB0E2CB13B:LeaderElection5] INFO  impl.RaftServerImpl (ServerState.java:setRaftConf(361)) - 2571ad41-02e3-435e-b75a-0c7e86386881:group-2FAB0E2CB13B set configuration 0: [2571ad41-02e3-435e-b75a-0c7e86386881:192.168.157.195:38484], old=null at 0
2019-09-12 11:55:29,432 [3721b0b4-2420-471b-8c71-d07221d0164f:group-BAA1845B1A83:LeaderElection6] INFO  impl.LeaderElection (LeaderElection.java:askForVotes(181)) - 3721b0b4-2420-471b-8c71-d07221d0164f:group-BAA1845B1A83:LeaderElection6: begin an election at term 1 for -1: [3721b0b4-2420-471b-8c71-d07221d0164f:192.168.157.195:44599], old=null
2019-09-12 11:55:29,432 [3721b0b4-2420-471b-8c71-d07221d0164f:group-BAA1845B1A83:LeaderElection6] INFO  impl.RoleInfo (RoleInfo.java:shutdownLeaderElection(134)) - 3721b0b4-2420-471b-8c71-d07221d0164f: shutdown LeaderElection
2019-09-12 11:55:29,432 [3721b0b4-2420-471b-8c71-d07221d0164f:group-BAA1845B1A83:LeaderElection6] INFO  impl.RaftServerImpl (RaftServerImpl.java:setRole(171)) - 3721b0b4-2420-471b-8c71-d07221d0164f:group-BAA1845B1A83 changes role from CANDIDATE to LEADER at term 1 for changeToLeader
2019-09-12 11:55:29,433 [3721b0b4-2420-471b-8c71-d07221d0164f:group-BAA1845B1A83:LeaderElection6] INFO  impl.RaftServerImpl (ServerState.java:setLeader(263)) - 3721b0b4-2420-471b-8c71-d07221d0164f:group-BAA1845B1A83 change Leader from null to 3721b0b4-2420-471b-8c71-d07221d0164f at term 1 for becomeLeader, leader elected after 5061ms
2019-09-12 11:55:29,433 [3721b0b4-2420-471b-8c71-d07221d0164f:group-BAA1845B1A83:LeaderElection6] INFO  server.RaftServerConfigKeys (ConfUtils.java:logGet(43)) - raft.server.staging.catchup.gap = 1000 (default)
2019-09-12 11:55:29,433 [3721b0b4-2420-471b-8c71-d07221d0164f:group-BAA1845B1A83:LeaderElection6] INFO  server.RaftServerConfigKeys (ConfUtils.java:logGet(43)) - raft.server.rpc.sleep.time = 25ms (default)
2019-09-12 11:55:29,433 [3721b0b4-2420-471b-8c71-d07221d0164f:group-BAA1845B1A83:LeaderElection6] INFO  server.RaftServerConfigKeys (ConfUtils.java:logGet(43)) - raft.server.write.element-limit = 4096 (default)
2019-09-12 11:55:29,433 [3721b0b4-2420-471b-8c71-d07221d0164f:group-BAA1845B1A83:LeaderElection6] INFO  server.RaftServerConfigKeys (ConfUtils.java:logGet(43)) - raft.server.watch.timeout = 10s (default)
2019-09-12 11:55:29,434 [3721b0b4-2420-471b-8c71-d07221d0164f:group-BAA1845B1A83:LeaderElection6] INFO  server.RaftServerConfigKeys (ConfUtils.java:logGet(43)) - raft.server.watch.timeout.denomination = 1s (default)
2019-09-12 11:55:29,434 [3721b0b4-2420-471b-8c71-d07221d0164f:group-BAA1845B1A83:LeaderElection6] INFO  server.RaftServerConfigKeys (ConfUtils.java:logGet(43)) - raft.server.watch.element-limit = 65536 (default)
2019-09-12 11:55:29,434 [3721b0b4-2420-471b-8c71-d07221d0164f:group-BAA1845B1A83:LeaderElection6] INFO  impl.RoleInfo (RoleInfo.java:updateAndGet(143)) - 3721b0b4-2420-471b-8c71-d07221d0164f: start LeaderState
2019-09-12 11:55:29,434 [3721b0b4-2420-471b-8c71-d07221d0164f:group-BAA1845B1A83:LeaderElection6] INFO  segmented.SegmentedRaftLogWorker (SegmentedRaftLogWorker.java:startLogSegment(380)) - 3721b0b4-2420-471b-8c71-d07221d0164f-SegmentedRaftLogWorker:Storage Directory /workdir/hadoop-ozone/tools/target/test-dir/MiniOzoneClusterImpl-68b3c2dd-7b99-4165-989a-193f9a99bda1/datanode-0/data/ratis/3af03c8c-f72b-4dff-91a3-baa1845b1a83: Starting segment from index:0
2019-09-12 11:55:29,435 [3721b0b4-2420-471b-8c71-d07221d0164f:group-BAA1845B1A83:LeaderElection6] INFO  impl.RaftServerImpl (ServerState.java:setRaftConf(361)) - 3721b0b4-2420-471b-8c71-d07221d0164f:group-BAA1845B1A83 set configuration 0: [3721b0b4-2420-471b-8c71-d07221d0164f:192.168.157.195:44599], old=null at 0
2019-09-12 11:55:29,471 [2571ad41-02e3-435e-b75a-0c7e86386881-SegmentedRaftLogWorker:Storage Directory /workdir/hadoop-ozone/tools/target/test-dir/MiniOzoneClusterImpl-68b3c2dd-7b99-4165-989a-193f9a99bda1/datanode-4/data/ratis/4515f7cb-a0c2-41eb-8148-2fab0e2cb13b] INFO  segmented.SegmentedRaftLogWorker (SegmentedRaftLogWorker.java:execute(569)) - 2571ad41-02e3-435e-b75a-0c7e86386881-SegmentedRaftLogWorker:Storage Directory /workdir/hadoop-ozone/tools/target/test-dir/MiniOzoneClusterImpl-68b3c2dd-7b99-4165-989a-193f9a99bda1/datanode-4/data/ratis/4515f7cb-a0c2-41eb-8148-2fab0e2cb13b: created new log segment /workdir/hadoop-ozone/tools/target/test-dir/MiniOzoneClusterImpl-68b3c2dd-7b99-4165-989a-193f9a99bda1/datanode-4/data/ratis/4515f7cb-a0c2-41eb-8148-2fab0e2cb13b/current/log_inprogress_0
2019-09-12 11:55:29,483 [3721b0b4-2420-471b-8c71-d07221d0164f-SegmentedRaftLogWorker:Storage Directory /workdir/hadoop-ozone/tools/target/test-dir/MiniOzoneClusterImpl-68b3c2dd-7b99-4165-989a-193f9a99bda1/datanode-0/data/ratis/3af03c8c-f72b-4dff-91a3-baa1845b1a83] INFO  segmented.SegmentedRaftLogWorker (SegmentedRaftLogWorker.java:execute(569)) - 3721b0b4-2420-471b-8c71-d07221d0164f-SegmentedRaftLogWorker:Storage Directory /workdir/hadoop-ozone/tools/target/test-dir/MiniOzoneClusterImpl-68b3c2dd-7b99-4165-989a-193f9a99bda1/datanode-0/data/ratis/3af03c8c-f72b-4dff-91a3-baa1845b1a83: created new log segment /workdir/hadoop-ozone/tools/target/test-dir/MiniOzoneClusterImpl-68b3c2dd-7b99-4165-989a-193f9a99bda1/datanode-0/data/ratis/3af03c8c-f72b-4dff-91a3-baa1845b1a83/current/log_inprogress_0
2019-09-12 11:55:29,515 [Thread-227] INFO  impl.FollowerState (FollowerState.java:run(106)) - 5774a03e-6f88-4ed6-a57b-14b40bcf9480:group-8C7C2CADA6FC changes to CANDIDATE, lastRpcTime:5076, electionTimeout:5076ms
2019-09-12 11:55:29,517 [Thread-227] INFO  impl.RoleInfo (RoleInfo.java:shutdownFollowerState(121)) - 5774a03e-6f88-4ed6-a57b-14b40bcf9480: shutdown FollowerState
2019-09-12 11:55:29,517 [Thread-227] INFO  impl.RaftServerImpl (RaftServerImpl.java:setRole(171)) - 5774a03e-6f88-4ed6-a57b-14b40bcf9480:group-8C7C2CADA6FC changes role from FOLLOWER to CANDIDATE at term 0 for changeToCandidate
2019-09-12 11:55:29,517 [Thread-227] INFO  impl.RoleInfo (RoleInfo.java:updateAndGet(143)) - 5774a03e-6f88-4ed6-a57b-14b40bcf9480: start LeaderElection
2019-09-12 11:55:29,534 [5774a03e-6f88-4ed6-a57b-14b40bcf9480:group-8C7C2CADA6FC:LeaderElection7] INFO  impl.LeaderElection (LeaderElection.java:askForVotes(181)) - 5774a03e-6f88-4ed6-a57b-14b40bcf9480:group-8C7C2CADA6FC:LeaderElection7: begin an election at term 1 for -1: [5774a03e-6f88-4ed6-a57b-14b40bcf9480:192.168.157.195:42494], old=null
2019-09-12 11:55:29,535 [5774a03e-6f88-4ed6-a57b-14b40bcf9480:group-8C7C2CADA6FC:LeaderElection7] INFO  impl.RoleInfo (RoleInfo.java:shutdownLeaderElection(134)) - 5774a03e-6f88-4ed6-a57b-14b40bcf9480: shutdown LeaderElection
2019-09-12 11:55:29,535 [5774a03e-6f88-4ed6-a57b-14b40bcf9480:group-8C7C2CADA6FC:LeaderElection7] INFO  impl.RaftServerImpl (RaftServerImpl.java:setRole(171)) - 5774a03e-6f88-4ed6-a57b-14b40bcf9480:group-8C7C2CADA6FC changes role from CANDIDATE to LEADER at term 1 for changeToLeader
2019-09-12 11:55:29,535 [5774a03e-6f88-4ed6-a57b-14b40bcf9480:group-8C7C2CADA6FC:LeaderElection7] INFO  impl.RaftServerImpl (ServerState.java:setLeader(263)) - 5774a03e-6f88-4ed6-a57b-14b40bcf9480:group-8C7C2CADA6FC change Leader from null to 5774a03e-6f88-4ed6-a57b-14b40bcf9480 at term 1 for becomeLeader, leader elected after 5101ms
2019-09-12 11:55:29,535 [5774a03e-6f88-4ed6-a57b-14b40bcf9480:group-8C7C2CADA6FC:LeaderElection7] INFO  server.RaftServerConfigKeys (ConfUtils.java:logGet(43)) - raft.server.staging.catchup.gap = 1000 (default)
2019-09-12 11:55:29,535 [5774a03e-6f88-4ed6-a57b-14b40bcf9480:group-8C7C2CADA6FC:LeaderElection7] INFO  server.RaftServerConfigKeys (ConfUtils.java:logGet(43)) - raft.server.rpc.sleep.time = 25ms (default)
2019-09-12 11:55:29,536 [5774a03e-6f88-4ed6-a57b-14b40bcf9480:group-8C7C2CADA6FC:LeaderElection7] INFO  server.RaftServerConfigKeys (ConfUtils.java:logGet(43)) - raft.server.write.element-limit = 4096 (default)
2019-09-12 11:55:29,536 [5774a03e-6f88-4ed6-a57b-14b40bcf9480:group-8C7C2CADA6FC:LeaderElection7] INFO  server.RaftServerConfigKeys (ConfUtils.java:logGet(43)) - raft.server.watch.timeout = 10s (default)
2019-09-12 11:55:29,536 [5774a03e-6f88-4ed6-a57b-14b40bcf9480:group-8C7C2CADA6FC:LeaderElection7] INFO  server.RaftServerConfigKeys (ConfUtils.java:logGet(43)) - raft.server.watch.timeout.denomination = 1s (default)
2019-09-12 11:55:29,536 [5774a03e-6f88-4ed6-a57b-14b40bcf9480:group-8C7C2CADA6FC:LeaderElection7] INFO  server.RaftServerConfigKeys (ConfUtils.java:logGet(43)) - raft.server.watch.element-limit = 65536 (default)
2019-09-12 11:55:29,536 [5774a03e-6f88-4ed6-a57b-14b40bcf9480:group-8C7C2CADA6FC:LeaderElection7] INFO  impl.RoleInfo (RoleInfo.java:updateAndGet(143)) - 5774a03e-6f88-4ed6-a57b-14b40bcf9480: start LeaderState
2019-09-12 11:55:29,536 [5774a03e-6f88-4ed6-a57b-14b40bcf9480:group-8C7C2CADA6FC:LeaderElection7] INFO  segmented.SegmentedRaftLogWorker (SegmentedRaftLogWorker.java:startLogSegment(380)) - 5774a03e-6f88-4ed6-a57b-14b40bcf9480-SegmentedRaftLogWorker:Storage Directory /workdir/hadoop-ozone/tools/target/test-dir/MiniOzoneClusterImpl-68b3c2dd-7b99-4165-989a-193f9a99bda1/datanode-3/data/ratis/c687a943-750d-4903-928d-8c7c2cada6fc: Starting segment from index:0
2019-09-12 11:55:29,537 [5774a03e-6f88-4ed6-a57b-14b40bcf9480:group-8C7C2CADA6FC:LeaderElection7] INFO  impl.RaftServerImpl (ServerState.java:setRaftConf(361)) - 5774a03e-6f88-4ed6-a57b-14b40bcf9480:group-8C7C2CADA6FC set configuration 0: [5774a03e-6f88-4ed6-a57b-14b40bcf9480:192.168.157.195:42494], old=null at 0
2019-09-12 11:55:29,568 | INFO  | SCMAudit | user=jenkins1000 | ip=192.168.157.195 | op=SEND_HEARTBEAT {datanodeUUID=5774a03e-6f88-4ed6-a57b-14b40bcf9480, command=[]} | ret=SUCCESS |  
2019-09-12 11:55:29,571 | INFO  | SCMAudit | user=jenkins1000 | ip=192.168.157.195 | op=SEND_HEARTBEAT {datanodeUUID=195b504c-ec15-4395-b30f-deaa4314771c, command=[]} | ret=SUCCESS |  
2019-09-12 11:55:29,578 [5774a03e-6f88-4ed6-a57b-14b40bcf9480-SegmentedRaftLogWorker:Storage Directory /workdir/hadoop-ozone/tools/target/test-dir/MiniOzoneClusterImpl-68b3c2dd-7b99-4165-989a-193f9a99bda1/datanode-3/data/ratis/c687a943-750d-4903-928d-8c7c2cada6fc] INFO  segmented.SegmentedRaftLogWorker (SegmentedRaftLogWorker.java:execute(569)) - 5774a03e-6f88-4ed6-a57b-14b40bcf9480-SegmentedRaftLogWorker:Storage Directory /workdir/hadoop-ozone/tools/target/test-dir/MiniOzoneClusterImpl-68b3c2dd-7b99-4165-989a-193f9a99bda1/datanode-3/data/ratis/c687a943-750d-4903-928d-8c7c2cada6fc: created new log segment /workdir/hadoop-ozone/tools/target/test-dir/MiniOzoneClusterImpl-68b3c2dd-7b99-4165-989a-193f9a99bda1/datanode-3/data/ratis/c687a943-750d-4903-928d-8c7c2cada6fc/current/log_inprogress_0
2019-09-12 11:55:29,634 | INFO  | SCMAudit | user=jenkins1000 | ip=192.168.157.195 | op=SEND_HEARTBEAT {datanodeUUID=3721b0b4-2420-471b-8c71-d07221d0164f, command=[]} | ret=SUCCESS |  
2019-09-12 11:55:29,686 [Thread-230] INFO  impl.FollowerState (FollowerState.java:run(106)) - fc058c35-4f1e-4195-8563-dfc72a0df006:group-4962178353AB changes to CANDIDATE, lastRpcTime:5181, electionTimeout:5181ms
2019-09-12 11:55:29,686 [Thread-230] INFO  impl.RoleInfo (RoleInfo.java:shutdownFollowerState(121)) - fc058c35-4f1e-4195-8563-dfc72a0df006: shutdown FollowerState
2019-09-12 11:55:29,686 [Thread-230] INFO  impl.RaftServerImpl (RaftServerImpl.java:setRole(171)) - fc058c35-4f1e-4195-8563-dfc72a0df006:group-4962178353AB changes role from FOLLOWER to CANDIDATE at term 0 for changeToCandidate
2019-09-12 11:55:29,686 [Thread-230] INFO  impl.RoleInfo (RoleInfo.java:updateAndGet(143)) - fc058c35-4f1e-4195-8563-dfc72a0df006: start LeaderElection
2019-09-12 11:55:29,703 [fc058c35-4f1e-4195-8563-dfc72a0df006:group-4962178353AB:LeaderElection8] INFO  impl.LeaderElection (LeaderElection.java:askForVotes(181)) - fc058c35-4f1e-4195-8563-dfc72a0df006:group-4962178353AB:LeaderElection8: begin an election at term 1 for -1: [fc058c35-4f1e-4195-8563-dfc72a0df006:192.168.157.195:38611], old=null
2019-09-12 11:55:29,705 [fc058c35-4f1e-4195-8563-dfc72a0df006:group-4962178353AB:LeaderElection8] INFO  impl.RoleInfo (RoleInfo.java:shutdownLeaderElection(134)) - fc058c35-4f1e-4195-8563-dfc72a0df006: shutdown LeaderElection
2019-09-12 11:55:29,705 [fc058c35-4f1e-4195-8563-dfc72a0df006:group-4962178353AB:LeaderElection8] INFO  impl.RaftServerImpl (RaftServerImpl.java:setRole(171)) - fc058c35-4f1e-4195-8563-dfc72a0df006:group-4962178353AB changes role from CANDIDATE to LEADER at term 1 for changeToLeader
2019-09-12 11:55:29,705 [fc058c35-4f1e-4195-8563-dfc72a0df006:group-4962178353AB:LeaderElection8] INFO  impl.RaftServerImpl (ServerState.java:setLeader(263)) - fc058c35-4f1e-4195-8563-dfc72a0df006:group-4962178353AB change Leader from null to fc058c35-4f1e-4195-8563-dfc72a0df006 at term 1 for becomeLeader, leader elected after 5205ms
2019-09-12 11:55:29,706 [fc058c35-4f1e-4195-8563-dfc72a0df006:group-4962178353AB:LeaderElection8] INFO  server.RaftServerConfigKeys (ConfUtils.java:logGet(43)) - raft.server.staging.catchup.gap = 1000 (default)
2019-09-12 11:55:29,707 [fc058c35-4f1e-4195-8563-dfc72a0df006:group-4962178353AB:LeaderElection8] INFO  server.RaftServerConfigKeys (ConfUtils.java:logGet(43)) - raft.server.rpc.sleep.time = 25ms (default)
2019-09-12 11:55:29,707 [fc058c35-4f1e-4195-8563-dfc72a0df006:group-4962178353AB:LeaderElection8] INFO  server.RaftServerConfigKeys (ConfUtils.java:logGet(43)) - raft.server.write.element-limit = 4096 (default)
2019-09-12 11:55:29,707 [fc058c35-4f1e-4195-8563-dfc72a0df006:group-4962178353AB:LeaderElection8] INFO  server.RaftServerConfigKeys (ConfUtils.java:logGet(43)) - raft.server.watch.timeout = 10s (default)
2019-09-12 11:55:29,708 [fc058c35-4f1e-4195-8563-dfc72a0df006:group-4962178353AB:LeaderElection8] INFO  server.RaftServerConfigKeys (ConfUtils.java:logGet(43)) - raft.server.watch.timeout.denomination = 1s (default)
2019-09-12 11:55:29,708 [fc058c35-4f1e-4195-8563-dfc72a0df006:group-4962178353AB:LeaderElection8] INFO  server.RaftServerConfigKeys (ConfUtils.java:logGet(43)) - raft.server.watch.element-limit = 65536 (default)
2019-09-12 11:55:29,708 [fc058c35-4f1e-4195-8563-dfc72a0df006:group-4962178353AB:LeaderElection8] INFO  impl.RoleInfo (RoleInfo.java:updateAndGet(143)) - fc058c35-4f1e-4195-8563-dfc72a0df006: start LeaderState
2019-09-12 11:55:29,709 [fc058c35-4f1e-4195-8563-dfc72a0df006:group-4962178353AB:LeaderElection8] INFO  segmented.SegmentedRaftLogWorker (SegmentedRaftLogWorker.java:startLogSegment(380)) - fc058c35-4f1e-4195-8563-dfc72a0df006-SegmentedRaftLogWorker:Storage Directory /workdir/hadoop-ozone/tools/target/test-dir/MiniOzoneClusterImpl-68b3c2dd-7b99-4165-989a-193f9a99bda1/datanode-1/data/ratis/532e0e59-47a2-4661-b360-4962178353ab: Starting segment from index:0
2019-09-12 11:55:29,710 [fc058c35-4f1e-4195-8563-dfc72a0df006:group-4962178353AB:LeaderElection8] INFO  impl.RaftServerImpl (ServerState.java:setRaftConf(361)) - fc058c35-4f1e-4195-8563-dfc72a0df006:group-4962178353AB set configuration 0: [fc058c35-4f1e-4195-8563-dfc72a0df006:192.168.157.195:38611], old=null at 0
2019-09-12 11:55:29,737 [Thread-239] INFO  impl.FollowerState (FollowerState.java:run(106)) - 5774a03e-6f88-4ed6-a57b-14b40bcf9480:group-364A4B03A2CE changes to CANDIDATE, lastRpcTime:5066, electionTimeout:5042ms
2019-09-12 11:55:29,737 [Thread-239] INFO  impl.RoleInfo (RoleInfo.java:shutdownFollowerState(121)) - 5774a03e-6f88-4ed6-a57b-14b40bcf9480: shutdown FollowerState
2019-09-12 11:55:29,738 [Thread-239] INFO  impl.RaftServerImpl (RaftServerImpl.java:setRole(171)) - 5774a03e-6f88-4ed6-a57b-14b40bcf9480:group-364A4B03A2CE changes role from FOLLOWER to CANDIDATE at term 0 for changeToCandidate
2019-09-12 11:55:29,738 [Thread-239] INFO  impl.RoleInfo (RoleInfo.java:updateAndGet(143)) - 5774a03e-6f88-4ed6-a57b-14b40bcf9480: start LeaderElection
2019-09-12 11:55:29,750 [fc058c35-4f1e-4195-8563-dfc72a0df006-SegmentedRaftLogWorker:Storage Directory /workdir/hadoop-ozone/tools/target/test-dir/MiniOzoneClusterImpl-68b3c2dd-7b99-4165-989a-193f9a99bda1/datanode-1/data/ratis/532e0e59-47a2-4661-b360-4962178353ab] INFO  segmented.SegmentedRaftLogWorker (SegmentedRaftLogWorker.java:execute(569)) - fc058c35-4f1e-4195-8563-dfc72a0df006-SegmentedRaftLogWorker:Storage Directory /workdir/hadoop-ozone/tools/target/test-dir/MiniOzoneClusterImpl-68b3c2dd-7b99-4165-989a-193f9a99bda1/datanode-1/data/ratis/532e0e59-47a2-4661-b360-4962178353ab: created new log segment /workdir/hadoop-ozone/tools/target/test-dir/MiniOzoneClusterImpl-68b3c2dd-7b99-4165-989a-193f9a99bda1/datanode-1/data/ratis/532e0e59-47a2-4661-b360-4962178353ab/current/log_inprogress_0
2019-09-12 11:55:29,750 [5774a03e-6f88-4ed6-a57b-14b40bcf9480:group-364A4B03A2CE:LeaderElection9] INFO  impl.LeaderElection (LeaderElection.java:askForVotes(181)) - 5774a03e-6f88-4ed6-a57b-14b40bcf9480:group-364A4B03A2CE:LeaderElection9: begin an election at term 1 for -1: [5774a03e-6f88-4ed6-a57b-14b40bcf9480:192.168.157.195:42494], old=null
2019-09-12 11:55:29,750 [5774a03e-6f88-4ed6-a57b-14b40bcf9480:group-364A4B03A2CE:LeaderElection9] INFO  impl.RoleInfo (RoleInfo.java:shutdownLeaderElection(134)) - 5774a03e-6f88-4ed6-a57b-14b40bcf9480: shutdown LeaderElection
2019-09-12 11:55:29,750 [5774a03e-6f88-4ed6-a57b-14b40bcf9480:group-364A4B03A2CE:LeaderElection9] INFO  impl.RaftServerImpl (RaftServerImpl.java:setRole(171)) - 5774a03e-6f88-4ed6-a57b-14b40bcf9480:group-364A4B03A2CE changes role from CANDIDATE to LEADER at term 1 for changeToLeader
2019-09-12 11:55:29,750 [5774a03e-6f88-4ed6-a57b-14b40bcf9480:group-364A4B03A2CE:LeaderElection9] INFO  impl.RaftServerImpl (ServerState.java:setLeader(263)) - 5774a03e-6f88-4ed6-a57b-14b40bcf9480:group-364A4B03A2CE change Leader from null to 5774a03e-6f88-4ed6-a57b-14b40bcf9480 at term 1 for becomeLeader, leader elected after 5083ms
2019-09-12 11:55:29,750 [5774a03e-6f88-4ed6-a57b-14b40bcf9480:group-364A4B03A2CE:LeaderElection9] INFO  server.RaftServerConfigKeys (ConfUtils.java:logGet(43)) - raft.server.staging.catchup.gap = 1000 (default)
2019-09-12 11:55:29,750 [5774a03e-6f88-4ed6-a57b-14b40bcf9480:group-364A4B03A2CE:LeaderElection9] INFO  server.RaftServerConfigKeys (ConfUtils.java:logGet(43)) - raft.server.rpc.sleep.time = 25ms (default)
2019-09-12 11:55:29,751 [5774a03e-6f88-4ed6-a57b-14b40bcf9480:group-364A4B03A2CE:LeaderElection9] INFO  server.RaftServerConfigKeys (ConfUtils.java:logGet(43)) - raft.server.write.element-limit = 4096 (default)
2019-09-12 11:55:29,751 [5774a03e-6f88-4ed6-a57b-14b40bcf9480:group-364A4B03A2CE:LeaderElection9] INFO  server.RaftServerConfigKeys (ConfUtils.java:logGet(43)) - raft.server.watch.timeout = 10s (default)
2019-09-12 11:55:29,751 [5774a03e-6f88-4ed6-a57b-14b40bcf9480:group-364A4B03A2CE:LeaderElection9] INFO  server.RaftServerConfigKeys (ConfUtils.java:logGet(43)) - raft.server.watch.timeout.denomination = 1s (default)
2019-09-12 11:55:29,751 [5774a03e-6f88-4ed6-a57b-14b40bcf9480:group-364A4B03A2CE:LeaderElection9] INFO  server.RaftServerConfigKeys (ConfUtils.java:logGet(43)) - raft.server.watch.element-limit = 65536 (default)
2019-09-12 11:55:29,751 [5774a03e-6f88-4ed6-a57b-14b40bcf9480:group-364A4B03A2CE:LeaderElection9] INFO  impl.RoleInfo (RoleInfo.java:updateAndGet(143)) - 5774a03e-6f88-4ed6-a57b-14b40bcf9480: start LeaderState
2019-09-12 11:55:29,751 [5774a03e-6f88-4ed6-a57b-14b40bcf9480:group-364A4B03A2CE:LeaderElection9] INFO  segmented.SegmentedRaftLogWorker (SegmentedRaftLogWorker.java:startLogSegment(380)) - 5774a03e-6f88-4ed6-a57b-14b40bcf9480-SegmentedRaftLogWorker:Storage Directory /workdir/hadoop-ozone/tools/target/test-dir/MiniOzoneClusterImpl-68b3c2dd-7b99-4165-989a-193f9a99bda1/datanode-3/data/ratis/c34a1ec4-8a41-41d3-9eb4-364a4b03a2ce: Starting segment from index:0
2019-09-12 11:55:29,752 [5774a03e-6f88-4ed6-a57b-14b40bcf9480:group-364A4B03A2CE:LeaderElection9] INFO  impl.RaftServerImpl (ServerState.java:setRaftConf(361)) - 5774a03e-6f88-4ed6-a57b-14b40bcf9480:group-364A4B03A2CE set configuration 0: [5774a03e-6f88-4ed6-a57b-14b40bcf9480:192.168.157.195:42494], old=null at 0
2019-09-12 11:55:29,756 [Thread-233] INFO  impl.FollowerState (FollowerState.java:run(106)) - fc058c35-4f1e-4195-8563-dfc72a0df006:group-AA682EABA8F6 changes to CANDIDATE, lastRpcTime:5195, electionTimeout:5195ms
2019-09-12 11:55:29,780 [Thread-233] INFO  impl.RoleInfo (RoleInfo.java:shutdownFollowerState(121)) - fc058c35-4f1e-4195-8563-dfc72a0df006: shutdown FollowerState
2019-09-12 11:55:29,780 [Thread-233] INFO  impl.RaftServerImpl (RaftServerImpl.java:setRole(171)) - fc058c35-4f1e-4195-8563-dfc72a0df006:group-AA682EABA8F6 changes role from FOLLOWER to CANDIDATE at term 0 for changeToCandidate
2019-09-12 11:55:29,780 [Thread-233] INFO  impl.RoleInfo (RoleInfo.java:updateAndGet(143)) - fc058c35-4f1e-4195-8563-dfc72a0df006: start LeaderElection
2019-09-12 11:55:29,788 [5774a03e-6f88-4ed6-a57b-14b40bcf9480-SegmentedRaftLogWorker:Storage Directory /workdir/hadoop-ozone/tools/target/test-dir/MiniOzoneClusterImpl-68b3c2dd-7b99-4165-989a-193f9a99bda1/datanode-3/data/ratis/c34a1ec4-8a41-41d3-9eb4-364a4b03a2ce] INFO  segmented.SegmentedRaftLogWorker (SegmentedRaftLogWorker.java:execute(569)) - 5774a03e-6f88-4ed6-a57b-14b40bcf9480-SegmentedRaftLogWorker:Storage Directory /workdir/hadoop-ozone/tools/target/test-dir/MiniOzoneClusterImpl-68b3c2dd-7b99-4165-989a-193f9a99bda1/datanode-3/data/ratis/c34a1ec4-8a41-41d3-9eb4-364a4b03a2ce: created new log segment /workdir/hadoop-ozone/tools/target/test-dir/MiniOzoneClusterImpl-68b3c2dd-7b99-4165-989a-193f9a99bda1/datanode-3/data/ratis/c34a1ec4-8a41-41d3-9eb4-364a4b03a2ce/current/log_inprogress_0
2019-09-12 11:55:29,788 [fc058c35-4f1e-4195-8563-dfc72a0df006:group-AA682EABA8F6:LeaderElection10] INFO  impl.LeaderElection (LeaderElection.java:askForVotes(181)) - fc058c35-4f1e-4195-8563-dfc72a0df006:group-AA682EABA8F6:LeaderElection10: begin an election at term 1 for -1: [fc058c35-4f1e-4195-8563-dfc72a0df006:192.168.157.195:38611], old=null
2019-09-12 11:55:29,788 [fc058c35-4f1e-4195-8563-dfc72a0df006:group-AA682EABA8F6:LeaderElection10] INFO  impl.RoleInfo (RoleInfo.java:shutdownLeaderElection(134)) - fc058c35-4f1e-4195-8563-dfc72a0df006: shutdown LeaderElection
2019-09-12 11:55:29,789 [fc058c35-4f1e-4195-8563-dfc72a0df006:group-AA682EABA8F6:LeaderElection10] INFO  impl.RaftServerImpl (RaftServerImpl.java:setRole(171)) - fc058c35-4f1e-4195-8563-dfc72a0df006:group-AA682EABA8F6 changes role from CANDIDATE to LEADER at term 1 for changeToLeader
2019-09-12 11:55:29,789 [fc058c35-4f1e-4195-8563-dfc72a0df006:group-AA682EABA8F6:LeaderElection10] INFO  impl.RaftServerImpl (ServerState.java:setLeader(263)) - fc058c35-4f1e-4195-8563-dfc72a0df006:group-AA682EABA8F6 change Leader from null to fc058c35-4f1e-4195-8563-dfc72a0df006 at term 1 for becomeLeader, leader elected after 5231ms
2019-09-12 11:55:29,789 [fc058c35-4f1e-4195-8563-dfc72a0df006:group-AA682EABA8F6:LeaderElection10] INFO  server.RaftServerConfigKeys (ConfUtils.java:logGet(43)) - raft.server.staging.catchup.gap = 1000 (default)
2019-09-12 11:55:29,789 [fc058c35-4f1e-4195-8563-dfc72a0df006:group-AA682EABA8F6:LeaderElection10] INFO  server.RaftServerConfigKeys (ConfUtils.java:logGet(43)) - raft.server.rpc.sleep.time = 25ms (default)
2019-09-12 11:55:29,789 [fc058c35-4f1e-4195-8563-dfc72a0df006:group-AA682EABA8F6:LeaderElection10] INFO  server.RaftServerConfigKeys (ConfUtils.java:logGet(43)) - raft.server.write.element-limit = 4096 (default)
2019-09-12 11:55:29,789 [fc058c35-4f1e-4195-8563-dfc72a0df006:group-AA682EABA8F6:LeaderElection10] INFO  server.RaftServerConfigKeys (ConfUtils.java:logGet(43)) - raft.server.watch.timeout = 10s (default)
2019-09-12 11:55:29,789 [fc058c35-4f1e-4195-8563-dfc72a0df006:group-AA682EABA8F6:LeaderElection10] INFO  server.RaftServerConfigKeys (ConfUtils.java:logGet(43)) - raft.server.watch.timeout.denomination = 1s (default)
2019-09-12 11:55:29,789 [fc058c35-4f1e-4195-8563-dfc72a0df006:group-AA682EABA8F6:LeaderElection10] INFO  server.RaftServerConfigKeys (ConfUtils.java:logGet(43)) - raft.server.watch.element-limit = 65536 (default)
2019-09-12 11:55:29,790 [fc058c35-4f1e-4195-8563-dfc72a0df006:group-AA682EABA8F6:LeaderElection10] INFO  impl.RoleInfo (RoleInfo.java:updateAndGet(143)) - fc058c35-4f1e-4195-8563-dfc72a0df006: start LeaderState
2019-09-12 11:55:29,790 [fc058c35-4f1e-4195-8563-dfc72a0df006:group-AA682EABA8F6:LeaderElection10] INFO  segmented.SegmentedRaftLogWorker (SegmentedRaftLogWorker.java:startLogSegment(380)) - fc058c35-4f1e-4195-8563-dfc72a0df006-SegmentedRaftLogWorker:Storage Directory /workdir/hadoop-ozone/tools/target/test-dir/MiniOzoneClusterImpl-68b3c2dd-7b99-4165-989a-193f9a99bda1/datanode-1/data/ratis/cd876fca-dbd7-485c-8b18-aa682eaba8f6: Starting segment from index:0
2019-09-12 11:55:29,790 | INFO  | SCMAudit | user=jenkins1000 | ip=192.168.157.195 | op=SEND_HEARTBEAT {datanodeUUID=2571ad41-02e3-435e-b75a-0c7e86386881, command=[]} | ret=SUCCESS |  
2019-09-12 11:55:29,790 [fc058c35-4f1e-4195-8563-dfc72a0df006:group-AA682EABA8F6:LeaderElection10] INFO  impl.RaftServerImpl (ServerState.java:setRaftConf(361)) - fc058c35-4f1e-4195-8563-dfc72a0df006:group-AA682EABA8F6 set configuration 0: [fc058c35-4f1e-4195-8563-dfc72a0df006:192.168.157.195:38611], old=null at 0
2019-09-12 11:55:29,817 [Thread-245] INFO  impl.FollowerState (FollowerState.java:run(106)) - 5774a03e-6f88-4ed6-a57b-14b40bcf9480:group-946044767E43 changes to CANDIDATE, lastRpcTime:5015, electionTimeout:5011ms
2019-09-12 11:55:29,821 [Thread-245] INFO  impl.RoleInfo (RoleInfo.java:shutdownFollowerState(121)) - 5774a03e-6f88-4ed6-a57b-14b40bcf9480: shutdown FollowerState
2019-09-12 11:55:29,822 [Thread-236] INFO  impl.FollowerState (FollowerState.java:run(106)) - fc058c35-4f1e-4195-8563-dfc72a0df006:group-DBCF0376FE24 changes to CANDIDATE, lastRpcTime:5202, electionTimeout:5192ms
2019-09-12 11:55:29,822 [Thread-245] INFO  impl.RaftServerImpl (RaftServerImpl.java:setRole(171)) - 5774a03e-6f88-4ed6-a57b-14b40bcf9480:group-946044767E43 changes role from FOLLOWER to CANDIDATE at term 0 for changeToCandidate
2019-09-12 11:55:29,822 [Thread-236] INFO  impl.RoleInfo (RoleInfo.java:shutdownFollowerState(121)) - fc058c35-4f1e-4195-8563-dfc72a0df006: shutdown FollowerState
2019-09-12 11:55:29,822 [Thread-236] INFO  impl.RaftServerImpl (RaftServerImpl.java:setRole(171)) - fc058c35-4f1e-4195-8563-dfc72a0df006:group-DBCF0376FE24 changes role from FOLLOWER to CANDIDATE at term 0 for changeToCandidate
2019-09-12 11:55:29,822 [Thread-245] INFO  impl.RoleInfo (RoleInfo.java:updateAndGet(143)) - 5774a03e-6f88-4ed6-a57b-14b40bcf9480: start LeaderElection
2019-09-12 11:55:29,822 [Thread-236] INFO  impl.RoleInfo (RoleInfo.java:updateAndGet(143)) - fc058c35-4f1e-4195-8563-dfc72a0df006: start LeaderElection
2019-09-12 11:55:29,835 [fc058c35-4f1e-4195-8563-dfc72a0df006-SegmentedRaftLogWorker:Storage Directory /workdir/hadoop-ozone/tools/target/test-dir/MiniOzoneClusterImpl-68b3c2dd-7b99-4165-989a-193f9a99bda1/datanode-1/data/ratis/cd876fca-dbd7-485c-8b18-aa682eaba8f6] INFO  segmented.SegmentedRaftLogWorker (SegmentedRaftLogWorker.java:execute(569)) - fc058c35-4f1e-4195-8563-dfc72a0df006-SegmentedRaftLogWorker:Storage Directory /workdir/hadoop-ozone/tools/target/test-dir/MiniOzoneClusterImpl-68b3c2dd-7b99-4165-989a-193f9a99bda1/datanode-1/data/ratis/cd876fca-dbd7-485c-8b18-aa682eaba8f6: created new log segment /workdir/hadoop-ozone/tools/target/test-dir/MiniOzoneClusterImpl-68b3c2dd-7b99-4165-989a-193f9a99bda1/datanode-1/data/ratis/cd876fca-dbd7-485c-8b18-aa682eaba8f6/current/log_inprogress_0
2019-09-12 11:55:29,835 [5774a03e-6f88-4ed6-a57b-14b40bcf9480:group-946044767E43:LeaderElection11] INFO  impl.LeaderElection (LeaderElection.java:askForVotes(181)) - 5774a03e-6f88-4ed6-a57b-14b40bcf9480:group-946044767E43:LeaderElection11: begin an election at term 1 for -1: [5774a03e-6f88-4ed6-a57b-14b40bcf9480:192.168.157.195:42494], old=null
2019-09-12 11:55:29,835 [fc058c35-4f1e-4195-8563-dfc72a0df006:group-DBCF0376FE24:LeaderElection12] INFO  impl.LeaderElection (LeaderElection.java:askForVotes(181)) - fc058c35-4f1e-4195-8563-dfc72a0df006:group-DBCF0376FE24:LeaderElection12: begin an election at term 1 for -1: [fc058c35-4f1e-4195-8563-dfc72a0df006:192.168.157.195:38611], old=null
2019-09-12 11:55:29,835 [5774a03e-6f88-4ed6-a57b-14b40bcf9480:group-946044767E43:LeaderElection11] INFO  impl.RoleInfo (RoleInfo.java:shutdownLeaderElection(134)) - 5774a03e-6f88-4ed6-a57b-14b40bcf9480: shutdown LeaderElection
2019-09-12 11:55:29,835 [fc058c35-4f1e-4195-8563-dfc72a0df006:group-DBCF0376FE24:LeaderElection12] INFO  impl.RoleInfo (RoleInfo.java:shutdownLeaderElection(134)) - fc058c35-4f1e-4195-8563-dfc72a0df006: shutdown LeaderElection
2019-09-12 11:55:29,835 [5774a03e-6f88-4ed6-a57b-14b40bcf9480:group-946044767E43:LeaderElection11] INFO  impl.RaftServerImpl (RaftServerImpl.java:setRole(171)) - 5774a03e-6f88-4ed6-a57b-14b40bcf9480:group-946044767E43 changes role from CANDIDATE to LEADER at term 1 for changeToLeader
2019-09-12 11:55:29,835 [fc058c35-4f1e-4195-8563-dfc72a0df006:group-DBCF0376FE24:LeaderElection12] INFO  impl.RaftServerImpl (RaftServerImpl.java:setRole(171)) - fc058c35-4f1e-4195-8563-dfc72a0df006:group-DBCF0376FE24 changes role from CANDIDATE to LEADER at term 1 for changeToLeader
2019-09-12 11:55:29,835 [5774a03e-6f88-4ed6-a57b-14b40bcf9480:group-946044767E43:LeaderElection11] INFO  impl.RaftServerImpl (ServerState.java:setLeader(263)) - 5774a03e-6f88-4ed6-a57b-14b40bcf9480:group-946044767E43 change Leader from null to 5774a03e-6f88-4ed6-a57b-14b40bcf9480 at term 1 for becomeLeader, leader elected after 5038ms
2019-09-12 11:55:29,835 [fc058c35-4f1e-4195-8563-dfc72a0df006:group-DBCF0376FE24:LeaderElection12] INFO  impl.RaftServerImpl (ServerState.java:setLeader(263)) - fc058c35-4f1e-4195-8563-dfc72a0df006:group-DBCF0376FE24 change Leader from null to fc058c35-4f1e-4195-8563-dfc72a0df006 at term 1 for becomeLeader, leader elected after 5224ms
2019-09-12 11:55:29,835 [5774a03e-6f88-4ed6-a57b-14b40bcf9480:group-946044767E43:LeaderElection11] INFO  server.RaftServerConfigKeys (ConfUtils.java:logGet(43)) - raft.server.staging.catchup.gap = 1000 (default)
2019-09-12 11:55:29,836 [fc058c35-4f1e-4195-8563-dfc72a0df006:group-DBCF0376FE24:LeaderElection12] INFO  server.RaftServerConfigKeys (ConfUtils.java:logGet(43)) - raft.server.staging.catchup.gap = 1000 (default)
2019-09-12 11:55:29,836 [5774a03e-6f88-4ed6-a57b-14b40bcf9480:group-946044767E43:LeaderElection11] INFO  server.RaftServerConfigKeys (ConfUtils.java:logGet(43)) - raft.server.rpc.sleep.time = 25ms (default)
2019-09-12 11:55:29,836 [fc058c35-4f1e-4195-8563-dfc72a0df006:group-DBCF0376FE24:LeaderElection12] INFO  server.RaftServerConfigKeys (ConfUtils.java:logGet(43)) - raft.server.rpc.sleep.time = 25ms (default)
2019-09-12 11:55:29,836 [5774a03e-6f88-4ed6-a57b-14b40bcf9480:group-946044767E43:LeaderElection11] INFO  server.RaftServerConfigKeys (ConfUtils.java:logGet(43)) - raft.server.write.element-limit = 4096 (default)
2019-09-12 11:55:29,836 [fc058c35-4f1e-4195-8563-dfc72a0df006:group-DBCF0376FE24:LeaderElection12] INFO  server.RaftServerConfigKeys (ConfUtils.java:logGet(43)) - raft.server.write.element-limit = 4096 (default)
2019-09-12 11:55:29,836 [5774a03e-6f88-4ed6-a57b-14b40bcf9480:group-946044767E43:LeaderElection11] INFO  server.RaftServerConfigKeys (ConfUtils.java:logGet(43)) - raft.server.watch.timeout = 10s (default)
2019-09-12 11:55:29,836 [fc058c35-4f1e-4195-8563-dfc72a0df006:group-DBCF0376FE24:LeaderElection12] INFO  server.RaftServerConfigKeys (ConfUtils.java:logGet(43)) - raft.server.watch.timeout = 10s (default)
2019-09-12 11:55:29,836 [5774a03e-6f88-4ed6-a57b-14b40bcf9480:group-946044767E43:LeaderElection11] INFO  server.RaftServerConfigKeys (ConfUtils.java:logGet(43)) - raft.server.watch.timeout.denomination = 1s (default)
2019-09-12 11:55:29,836 [fc058c35-4f1e-4195-8563-dfc72a0df006:group-DBCF0376FE24:LeaderElection12] INFO  server.RaftServerConfigKeys (ConfUtils.java:logGet(43)) - raft.server.watch.timeout.denomination = 1s (default)
2019-09-12 11:55:29,836 [5774a03e-6f88-4ed6-a57b-14b40bcf9480:group-946044767E43:LeaderElection11] INFO  server.RaftServerConfigKeys (ConfUtils.java:logGet(43)) - raft.server.watch.element-limit = 65536 (default)
2019-09-12 11:55:29,836 [fc058c35-4f1e-4195-8563-dfc72a0df006:group-DBCF0376FE24:LeaderElection12] INFO  server.RaftServerConfigKeys (ConfUtils.java:logGet(43)) - raft.server.watch.element-limit = 65536 (default)
2019-09-12 11:55:29,837 [5774a03e-6f88-4ed6-a57b-14b40bcf9480:group-946044767E43:LeaderElection11] INFO  impl.RoleInfo (RoleInfo.java:updateAndGet(143)) - 5774a03e-6f88-4ed6-a57b-14b40bcf9480: start LeaderState
2019-09-12 11:55:29,837 [fc058c35-4f1e-4195-8563-dfc72a0df006:group-DBCF0376FE24:LeaderElection12] INFO  impl.RoleInfo (RoleInfo.java:updateAndGet(143)) - fc058c35-4f1e-4195-8563-dfc72a0df006: start LeaderState
2019-09-12 11:55:29,837 [5774a03e-6f88-4ed6-a57b-14b40bcf9480:group-946044767E43:LeaderElection11] INFO  segmented.SegmentedRaftLogWorker (SegmentedRaftLogWorker.java:startLogSegment(380)) - 5774a03e-6f88-4ed6-a57b-14b40bcf9480-SegmentedRaftLogWorker:Storage Directory /workdir/hadoop-ozone/tools/target/test-dir/MiniOzoneClusterImpl-68b3c2dd-7b99-4165-989a-193f9a99bda1/datanode-3/data/ratis/c2de1ddf-9b65-4e45-a210-946044767e43: Starting segment from index:0
2019-09-12 11:55:29,837 [fc058c35-4f1e-4195-8563-dfc72a0df006:group-DBCF0376FE24:LeaderElection12] INFO  segmented.SegmentedRaftLogWorker (SegmentedRaftLogWorker.java:startLogSegment(380)) - fc058c35-4f1e-4195-8563-dfc72a0df006-SegmentedRaftLogWorker:Storage Directory /workdir/hadoop-ozone/tools/target/test-dir/MiniOzoneClusterImpl-68b3c2dd-7b99-4165-989a-193f9a99bda1/datanode-1/data/ratis/512c35cc-40e8-47b6-b4d8-dbcf0376fe24: Starting segment from index:0
2019-09-12 11:55:29,837 [5774a03e-6f88-4ed6-a57b-14b40bcf9480:group-946044767E43:LeaderElection11] INFO  impl.RaftServerImpl (ServerState.java:setRaftConf(361)) - 5774a03e-6f88-4ed6-a57b-14b40bcf9480:group-946044767E43 set configuration 0: [5774a03e-6f88-4ed6-a57b-14b40bcf9480:192.168.157.195:42494], old=null at 0
2019-09-12 11:55:29,837 [fc058c35-4f1e-4195-8563-dfc72a0df006:group-DBCF0376FE24:LeaderElection12] INFO  impl.RaftServerImpl (ServerState.java:setRaftConf(361)) - fc058c35-4f1e-4195-8563-dfc72a0df006:group-DBCF0376FE24 set configuration 0: [fc058c35-4f1e-4195-8563-dfc72a0df006:192.168.157.195:38611], old=null at 0
2019-09-12 11:55:29,880 [Thread-242] INFO  impl.FollowerState (FollowerState.java:run(106)) - 3721b0b4-2420-471b-8c71-d07221d0164f:group-23F7B9624FAC changes to CANDIDATE, lastRpcTime:5151, electionTimeout:5151ms
2019-09-12 11:55:29,880 [Thread-242] INFO  impl.RoleInfo (RoleInfo.java:shutdownFollowerState(121)) - 3721b0b4-2420-471b-8c71-d07221d0164f: shutdown FollowerState
2019-09-12 11:55:29,880 [Thread-242] INFO  impl.RaftServerImpl (RaftServerImpl.java:setRole(171)) - 3721b0b4-2420-471b-8c71-d07221d0164f:group-23F7B9624FAC changes role from FOLLOWER to CANDIDATE at term 0 for changeToCandidate
2019-09-12 11:55:29,880 [Thread-242] INFO  impl.RoleInfo (RoleInfo.java:updateAndGet(143)) - 3721b0b4-2420-471b-8c71-d07221d0164f: start LeaderElection
2019-09-12 11:55:29,883 [fc058c35-4f1e-4195-8563-dfc72a0df006-SegmentedRaftLogWorker:Storage Directory /workdir/hadoop-ozone/tools/target/test-dir/MiniOzoneClusterImpl-68b3c2dd-7b99-4165-989a-193f9a99bda1/datanode-1/data/ratis/512c35cc-40e8-47b6-b4d8-dbcf0376fe24] INFO  segmented.SegmentedRaftLogWorker (SegmentedRaftLogWorker.java:execute(569)) - fc058c35-4f1e-4195-8563-dfc72a0df006-SegmentedRaftLogWorker:Storage Directory /workdir/hadoop-ozone/tools/target/test-dir/MiniOzoneClusterImpl-68b3c2dd-7b99-4165-989a-193f9a99bda1/datanode-1/data/ratis/512c35cc-40e8-47b6-b4d8-dbcf0376fe24: created new log segment /workdir/hadoop-ozone/tools/target/test-dir/MiniOzoneClusterImpl-68b3c2dd-7b99-4165-989a-193f9a99bda1/datanode-1/data/ratis/512c35cc-40e8-47b6-b4d8-dbcf0376fe24/current/log_inprogress_0
2019-09-12 11:55:29,883 [5774a03e-6f88-4ed6-a57b-14b40bcf9480-SegmentedRaftLogWorker:Storage Directory /workdir/hadoop-ozone/tools/target/test-dir/MiniOzoneClusterImpl-68b3c2dd-7b99-4165-989a-193f9a99bda1/datanode-3/data/ratis/c2de1ddf-9b65-4e45-a210-946044767e43] INFO  segmented.SegmentedRaftLogWorker (SegmentedRaftLogWorker.java:execute(569)) - 5774a03e-6f88-4ed6-a57b-14b40bcf9480-SegmentedRaftLogWorker:Storage Directory /workdir/hadoop-ozone/tools/target/test-dir/MiniOzoneClusterImpl-68b3c2dd-7b99-4165-989a-193f9a99bda1/datanode-3/data/ratis/c2de1ddf-9b65-4e45-a210-946044767e43: created new log segment /workdir/hadoop-ozone/tools/target/test-dir/MiniOzoneClusterImpl-68b3c2dd-7b99-4165-989a-193f9a99bda1/datanode-3/data/ratis/c2de1ddf-9b65-4e45-a210-946044767e43/current/log_inprogress_0
2019-09-12 11:55:29,886 [3721b0b4-2420-471b-8c71-d07221d0164f:group-23F7B9624FAC:LeaderElection13] INFO  impl.LeaderElection (LeaderElection.java:askForVotes(181)) - 3721b0b4-2420-471b-8c71-d07221d0164f:group-23F7B9624FAC:LeaderElection13: begin an election at term 1 for -1: [3721b0b4-2420-471b-8c71-d07221d0164f:192.168.157.195:44599], old=null
2019-09-12 11:55:29,886 [3721b0b4-2420-471b-8c71-d07221d0164f:group-23F7B9624FAC:LeaderElection13] INFO  impl.RoleInfo (RoleInfo.java:shutdownLeaderElection(134)) - 3721b0b4-2420-471b-8c71-d07221d0164f: shutdown LeaderElection
2019-09-12 11:55:29,886 [3721b0b4-2420-471b-8c71-d07221d0164f:group-23F7B9624FAC:LeaderElection13] INFO  impl.RaftServerImpl (RaftServerImpl.java:setRole(171)) - 3721b0b4-2420-471b-8c71-d07221d0164f:group-23F7B9624FAC changes role from CANDIDATE to LEADER at term 1 for changeToLeader
2019-09-12 11:55:29,887 [3721b0b4-2420-471b-8c71-d07221d0164f:group-23F7B9624FAC:LeaderElection13] INFO  impl.RaftServerImpl (ServerState.java:setLeader(263)) - 3721b0b4-2420-471b-8c71-d07221d0164f:group-23F7B9624FAC change Leader from null to 3721b0b4-2420-471b-8c71-d07221d0164f at term 1 for becomeLeader, leader elected after 5162ms
2019-09-12 11:55:29,887 [3721b0b4-2420-471b-8c71-d07221d0164f:group-23F7B9624FAC:LeaderElection13] INFO  server.RaftServerConfigKeys (ConfUtils.java:logGet(43)) - raft.server.staging.catchup.gap = 1000 (default)
2019-09-12 11:55:29,887 [3721b0b4-2420-471b-8c71-d07221d0164f:group-23F7B9624FAC:LeaderElection13] INFO  server.RaftServerConfigKeys (ConfUtils.java:logGet(43)) - raft.server.rpc.sleep.time = 25ms (default)
2019-09-12 11:55:29,887 [3721b0b4-2420-471b-8c71-d07221d0164f:group-23F7B9624FAC:LeaderElection13] INFO  server.RaftServerConfigKeys (ConfUtils.java:logGet(43)) - raft.server.write.element-limit = 4096 (default)
2019-09-12 11:55:29,887 [3721b0b4-2420-471b-8c71-d07221d0164f:group-23F7B9624FAC:LeaderElection13] INFO  server.RaftServerConfigKeys (ConfUtils.java:logGet(43)) - raft.server.watch.timeout = 10s (default)
2019-09-12 11:55:29,887 [3721b0b4-2420-471b-8c71-d07221d0164f:group-23F7B9624FAC:LeaderElection13] INFO  server.RaftServerConfigKeys (ConfUtils.java:logGet(43)) - raft.server.watch.timeout.denomination = 1s (default)
2019-09-12 11:55:29,887 [3721b0b4-2420-471b-8c71-d07221d0164f:group-23F7B9624FAC:LeaderElection13] INFO  server.RaftServerConfigKeys (ConfUtils.java:logGet(43)) - raft.server.watch.element-limit = 65536 (default)
2019-09-12 11:55:29,887 [3721b0b4-2420-471b-8c71-d07221d0164f:group-23F7B9624FAC:LeaderElection13] INFO  impl.RoleInfo (RoleInfo.java:updateAndGet(143)) - 3721b0b4-2420-471b-8c71-d07221d0164f: start LeaderState
2019-09-12 11:55:29,888 [3721b0b4-2420-471b-8c71-d07221d0164f:group-23F7B9624FAC:LeaderElection13] INFO  segmented.SegmentedRaftLogWorker (SegmentedRaftLogWorker.java:startLogSegment(380)) - 3721b0b4-2420-471b-8c71-d07221d0164f-SegmentedRaftLogWorker:Storage Directory /workdir/hadoop-ozone/tools/target/test-dir/MiniOzoneClusterImpl-68b3c2dd-7b99-4165-989a-193f9a99bda1/datanode-0/data/ratis/cc51b0f1-9ed4-437c-9604-23f7b9624fac: Starting segment from index:0
2019-09-12 11:55:29,888 [3721b0b4-2420-471b-8c71-d07221d0164f:group-23F7B9624FAC:LeaderElection13] INFO  impl.RaftServerImpl (ServerState.java:setRaftConf(361)) - 3721b0b4-2420-471b-8c71-d07221d0164f:group-23F7B9624FAC set configuration 0: [3721b0b4-2420-471b-8c71-d07221d0164f:192.168.157.195:44599], old=null at 0
2019-09-12 11:55:29,927 [3721b0b4-2420-471b-8c71-d07221d0164f-SegmentedRaftLogWorker:Storage Directory /workdir/hadoop-ozone/tools/target/test-dir/MiniOzoneClusterImpl-68b3c2dd-7b99-4165-989a-193f9a99bda1/datanode-0/data/ratis/cc51b0f1-9ed4-437c-9604-23f7b9624fac] INFO  segmented.SegmentedRaftLogWorker (SegmentedRaftLogWorker.java:execute(569)) - 3721b0b4-2420-471b-8c71-d07221d0164f-SegmentedRaftLogWorker:Storage Directory /workdir/hadoop-ozone/tools/target/test-dir/MiniOzoneClusterImpl-68b3c2dd-7b99-4165-989a-193f9a99bda1/datanode-0/data/ratis/cc51b0f1-9ed4-437c-9604-23f7b9624fac: created new log segment /workdir/hadoop-ozone/tools/target/test-dir/MiniOzoneClusterImpl-68b3c2dd-7b99-4165-989a-193f9a99bda1/datanode-0/data/ratis/cc51b0f1-9ed4-437c-9604-23f7b9624fac/current/log_inprogress_0
2019-09-12 11:55:29,944 | INFO  | SCMAudit | user=jenkins1000 | ip=192.168.157.195 | op=SEND_HEARTBEAT {datanodeUUID=fc058c35-4f1e-4195-8563-dfc72a0df006, command=[]} | ret=SUCCESS |  
2019-09-12 11:55:30,008 [Thread-252] INFO  impl.FollowerState (FollowerState.java:run(106)) - 5774a03e-6f88-4ed6-a57b-14b40bcf9480:group-48F60558079D changes to CANDIDATE, lastRpcTime:5067, electionTimeout:5067ms
2019-09-12 11:55:30,009 [Thread-252] INFO  impl.RoleInfo (RoleInfo.java:shutdownFollowerState(121)) - 5774a03e-6f88-4ed6-a57b-14b40bcf9480: shutdown FollowerState
2019-09-12 11:55:30,009 [Thread-252] INFO  impl.RaftServerImpl (RaftServerImpl.java:setRole(171)) - 5774a03e-6f88-4ed6-a57b-14b40bcf9480:group-48F60558079D changes role from FOLLOWER to CANDIDATE at term 0 for changeToCandidate
2019-09-12 11:55:30,009 [Thread-252] INFO  impl.RoleInfo (RoleInfo.java:updateAndGet(143)) - 5774a03e-6f88-4ed6-a57b-14b40bcf9480: start LeaderElection
2019-09-12 11:55:30,028 [5774a03e-6f88-4ed6-a57b-14b40bcf9480:group-48F60558079D:LeaderElection14] INFO  impl.LeaderElection (LeaderElection.java:askForVotes(181)) - 5774a03e-6f88-4ed6-a57b-14b40bcf9480:group-48F60558079D:LeaderElection14: begin an election at term 1 for -1: [5774a03e-6f88-4ed6-a57b-14b40bcf9480:192.168.157.195:42494], old=null
2019-09-12 11:55:30,028 [5774a03e-6f88-4ed6-a57b-14b40bcf9480:group-48F60558079D:LeaderElection14] INFO  impl.RoleInfo (RoleInfo.java:shutdownLeaderElection(134)) - 5774a03e-6f88-4ed6-a57b-14b40bcf9480: shutdown LeaderElection
2019-09-12 11:55:30,028 [5774a03e-6f88-4ed6-a57b-14b40bcf9480:group-48F60558079D:LeaderElection14] INFO  impl.RaftServerImpl (RaftServerImpl.java:setRole(171)) - 5774a03e-6f88-4ed6-a57b-14b40bcf9480:group-48F60558079D changes role from CANDIDATE to LEADER at term 1 for changeToLeader
2019-09-12 11:55:30,028 [5774a03e-6f88-4ed6-a57b-14b40bcf9480:group-48F60558079D:LeaderElection14] INFO  impl.RaftServerImpl (ServerState.java:setLeader(263)) - 5774a03e-6f88-4ed6-a57b-14b40bcf9480:group-48F60558079D change Leader from null to 5774a03e-6f88-4ed6-a57b-14b40bcf9480 at term 1 for becomeLeader, leader elected after 5092ms
2019-09-12 11:55:30,028 [5774a03e-6f88-4ed6-a57b-14b40bcf9480:group-48F60558079D:LeaderElection14] INFO  server.RaftServerConfigKeys (ConfUtils.java:logGet(43)) - raft.server.staging.catchup.gap = 1000 (default)
2019-09-12 11:55:30,029 [5774a03e-6f88-4ed6-a57b-14b40bcf9480:group-48F60558079D:LeaderElection14] INFO  server.RaftServerConfigKeys (ConfUtils.java:logGet(43)) - raft.server.rpc.sleep.time = 25ms (default)
2019-09-12 11:55:30,029 [5774a03e-6f88-4ed6-a57b-14b40bcf9480:group-48F60558079D:LeaderElection14] INFO  server.RaftServerConfigKeys (ConfUtils.java:logGet(43)) - raft.server.write.element-limit = 4096 (default)
2019-09-12 11:55:30,029 [5774a03e-6f88-4ed6-a57b-14b40bcf9480:group-48F60558079D:LeaderElection14] INFO  server.RaftServerConfigKeys (ConfUtils.java:logGet(43)) - raft.server.watch.timeout = 10s (default)
2019-09-12 11:55:30,029 [5774a03e-6f88-4ed6-a57b-14b40bcf9480:group-48F60558079D:LeaderElection14] INFO  server.RaftServerConfigKeys (ConfUtils.java:logGet(43)) - raft.server.watch.timeout.denomination = 1s (default)
2019-09-12 11:55:30,029 [5774a03e-6f88-4ed6-a57b-14b40bcf9480:group-48F60558079D:LeaderElection14] INFO  server.RaftServerConfigKeys (ConfUtils.java:logGet(43)) - raft.server.watch.element-limit = 65536 (default)
2019-09-12 11:55:30,030 [5774a03e-6f88-4ed6-a57b-14b40bcf9480:group-48F60558079D:LeaderElection14] INFO  impl.RoleInfo (RoleInfo.java:updateAndGet(143)) - 5774a03e-6f88-4ed6-a57b-14b40bcf9480: start LeaderState
2019-09-12 11:55:30,030 [5774a03e-6f88-4ed6-a57b-14b40bcf9480:group-48F60558079D:LeaderElection14] INFO  segmented.SegmentedRaftLogWorker (SegmentedRaftLogWorker.java:startLogSegment(380)) - 5774a03e-6f88-4ed6-a57b-14b40bcf9480-SegmentedRaftLogWorker:Storage Directory /workdir/hadoop-ozone/tools/target/test-dir/MiniOzoneClusterImpl-68b3c2dd-7b99-4165-989a-193f9a99bda1/datanode-3/data/ratis/cd93e664-ebe0-4a3d-9bc1-48f60558079d: Starting segment from index:0
2019-09-12 11:55:30,031 [5774a03e-6f88-4ed6-a57b-14b40bcf9480:group-48F60558079D:LeaderElection14] INFO  impl.RaftServerImpl (ServerState.java:setRaftConf(361)) - 5774a03e-6f88-4ed6-a57b-14b40bcf9480:group-48F60558079D set configuration 0: [5774a03e-6f88-4ed6-a57b-14b40bcf9480:192.168.157.195:42494], old=null at 0
2019-09-12 11:55:30,069 [Thread-248] INFO  impl.FollowerState (FollowerState.java:run(106)) - 3721b0b4-2420-471b-8c71-d07221d0164f:group-4A2E27872BD3 changes to CANDIDATE, lastRpcTime:5205, electionTimeout:5198ms
2019-09-12 11:55:30,069 [Thread-248] INFO  impl.RoleInfo (RoleInfo.java:shutdownFollowerState(121)) - 3721b0b4-2420-471b-8c71-d07221d0164f: shutdown FollowerState
2019-09-12 11:55:30,069 [Thread-248] INFO  impl.RaftServerImpl (RaftServerImpl.java:setRole(171)) - 3721b0b4-2420-471b-8c71-d07221d0164f:group-4A2E27872BD3 changes role from FOLLOWER to CANDIDATE at term 0 for changeToCandidate
2019-09-12 11:55:30,069 [Thread-248] INFO  impl.RoleInfo (RoleInfo.java:updateAndGet(143)) - 3721b0b4-2420-471b-8c71-d07221d0164f: start LeaderElection
2019-09-12 11:55:30,082 [5774a03e-6f88-4ed6-a57b-14b40bcf9480-SegmentedRaftLogWorker:Storage Directory /workdir/hadoop-ozone/tools/target/test-dir/MiniOzoneClusterImpl-68b3c2dd-7b99-4165-989a-193f9a99bda1/datanode-3/data/ratis/cd93e664-ebe0-4a3d-9bc1-48f60558079d] INFO  segmented.SegmentedRaftLogWorker (SegmentedRaftLogWorker.java:execute(569)) - 5774a03e-6f88-4ed6-a57b-14b40bcf9480-SegmentedRaftLogWorker:Storage Directory /workdir/hadoop-ozone/tools/target/test-dir/MiniOzoneClusterImpl-68b3c2dd-7b99-4165-989a-193f9a99bda1/datanode-3/data/ratis/cd93e664-ebe0-4a3d-9bc1-48f60558079d: created new log segment /workdir/hadoop-ozone/tools/target/test-dir/MiniOzoneClusterImpl-68b3c2dd-7b99-4165-989a-193f9a99bda1/datanode-3/data/ratis/cd93e664-ebe0-4a3d-9bc1-48f60558079d/current/log_inprogress_0
2019-09-12 11:55:30,082 [3721b0b4-2420-471b-8c71-d07221d0164f:group-4A2E27872BD3:LeaderElection15] INFO  impl.LeaderElection (LeaderElection.java:askForVotes(181)) - 3721b0b4-2420-471b-8c71-d07221d0164f:group-4A2E27872BD3:LeaderElection15: begin an election at term 1 for -1: [3721b0b4-2420-471b-8c71-d07221d0164f:192.168.157.195:44599], old=null
2019-09-12 11:55:30,082 [3721b0b4-2420-471b-8c71-d07221d0164f:group-4A2E27872BD3:LeaderElection15] INFO  impl.RoleInfo (RoleInfo.java:shutdownLeaderElection(134)) - 3721b0b4-2420-471b-8c71-d07221d0164f: shutdown LeaderElection
2019-09-12 11:55:30,082 [3721b0b4-2420-471b-8c71-d07221d0164f:group-4A2E27872BD3:LeaderElection15] INFO  impl.RaftServerImpl (RaftServerImpl.java:setRole(171)) - 3721b0b4-2420-471b-8c71-d07221d0164f:group-4A2E27872BD3 changes role from CANDIDATE to LEADER at term 1 for changeToLeader
2019-09-12 11:55:30,082 [3721b0b4-2420-471b-8c71-d07221d0164f:group-4A2E27872BD3:LeaderElection15] INFO  impl.RaftServerImpl (ServerState.java:setLeader(263)) - 3721b0b4-2420-471b-8c71-d07221d0164f:group-4A2E27872BD3 change Leader from null to 3721b0b4-2420-471b-8c71-d07221d0164f at term 1 for becomeLeader, leader elected after 5224ms
2019-09-12 11:55:30,083 [3721b0b4-2420-471b-8c71-d07221d0164f:group-4A2E27872BD3:LeaderElection15] INFO  server.RaftServerConfigKeys (ConfUtils.java:logGet(43)) - raft.server.staging.catchup.gap = 1000 (default)
2019-09-12 11:55:30,083 [3721b0b4-2420-471b-8c71-d07221d0164f:group-4A2E27872BD3:LeaderElection15] INFO  server.RaftServerConfigKeys (ConfUtils.java:logGet(43)) - raft.server.rpc.sleep.time = 25ms (default)
2019-09-12 11:55:30,083 [3721b0b4-2420-471b-8c71-d07221d0164f:group-4A2E27872BD3:LeaderElection15] INFO  server.RaftServerConfigKeys (ConfUtils.java:logGet(43)) - raft.server.write.element-limit = 4096 (default)
2019-09-12 11:55:30,083 [3721b0b4-2420-471b-8c71-d07221d0164f:group-4A2E27872BD3:LeaderElection15] INFO  server.RaftServerConfigKeys (ConfUtils.java:logGet(43)) - raft.server.watch.timeout = 10s (default)
2019-09-12 11:55:30,083 [3721b0b4-2420-471b-8c71-d07221d0164f:group-4A2E27872BD3:LeaderElection15] INFO  server.RaftServerConfigKeys (ConfUtils.java:logGet(43)) - raft.server.watch.timeout.denomination = 1s (default)
2019-09-12 11:55:30,084 [3721b0b4-2420-471b-8c71-d07221d0164f:group-4A2E27872BD3:LeaderElection15] INFO  server.RaftServerConfigKeys (ConfUtils.java:logGet(43)) - raft.server.watch.element-limit = 65536 (default)
2019-09-12 11:55:30,084 [3721b0b4-2420-471b-8c71-d07221d0164f:group-4A2E27872BD3:LeaderElection15] INFO  impl.RoleInfo (RoleInfo.java:updateAndGet(143)) - 3721b0b4-2420-471b-8c71-d07221d0164f: start LeaderState
2019-09-12 11:55:30,084 [3721b0b4-2420-471b-8c71-d07221d0164f:group-4A2E27872BD3:LeaderElection15] INFO  segmented.SegmentedRaftLogWorker (SegmentedRaftLogWorker.java:startLogSegment(380)) - 3721b0b4-2420-471b-8c71-d07221d0164f-SegmentedRaftLogWorker:Storage Directory /workdir/hadoop-ozone/tools/target/test-dir/MiniOzoneClusterImpl-68b3c2dd-7b99-4165-989a-193f9a99bda1/datanode-0/data/ratis/00efa72c-1683-4720-be2a-4a2e27872bd3: Starting segment from index:0
2019-09-12 11:55:30,085 [3721b0b4-2420-471b-8c71-d07221d0164f:group-4A2E27872BD3:LeaderElection15] INFO  impl.RaftServerImpl (ServerState.java:setRaftConf(361)) - 3721b0b4-2420-471b-8c71-d07221d0164f:group-4A2E27872BD3 set configuration 0: [3721b0b4-2420-471b-8c71-d07221d0164f:192.168.157.195:44599], old=null at 0
2019-09-12 11:55:30,147 [3721b0b4-2420-471b-8c71-d07221d0164f-SegmentedRaftLogWorker:Storage Directory /workdir/hadoop-ozone/tools/target/test-dir/MiniOzoneClusterImpl-68b3c2dd-7b99-4165-989a-193f9a99bda1/datanode-0/data/ratis/00efa72c-1683-4720-be2a-4a2e27872bd3] INFO  segmented.SegmentedRaftLogWorker (SegmentedRaftLogWorker.java:execute(569)) - 3721b0b4-2420-471b-8c71-d07221d0164f-SegmentedRaftLogWorker:Storage Directory /workdir/hadoop-ozone/tools/target/test-dir/MiniOzoneClusterImpl-68b3c2dd-7b99-4165-989a-193f9a99bda1/datanode-0/data/ratis/00efa72c-1683-4720-be2a-4a2e27872bd3: created new log segment /workdir/hadoop-ozone/tools/target/test-dir/MiniOzoneClusterImpl-68b3c2dd-7b99-4165-989a-193f9a99bda1/datanode-0/data/ratis/00efa72c-1683-4720-be2a-4a2e27872bd3/current/log_inprogress_0
2019-09-12 11:55:30,165 [Thread-255] INFO  impl.FollowerState (FollowerState.java:run(106)) - 5774a03e-6f88-4ed6-a57b-14b40bcf9480:group-8D8FA97C1728 changes to CANDIDATE, lastRpcTime:5170, electionTimeout:5170ms
2019-09-12 11:55:30,165 [Thread-255] INFO  impl.RoleInfo (RoleInfo.java:shutdownFollowerState(121)) - 5774a03e-6f88-4ed6-a57b-14b40bcf9480: shutdown FollowerState
2019-09-12 11:55:30,165 [Thread-255] INFO  impl.RaftServerImpl (RaftServerImpl.java:setRole(171)) - 5774a03e-6f88-4ed6-a57b-14b40bcf9480:group-8D8FA97C1728 changes role from FOLLOWER to CANDIDATE at term 0 for changeToCandidate
2019-09-12 11:55:30,165 [Thread-255] INFO  impl.RoleInfo (RoleInfo.java:updateAndGet(143)) - 5774a03e-6f88-4ed6-a57b-14b40bcf9480: start LeaderElection
2019-09-12 11:55:30,165 [Thread-258] INFO  impl.FollowerState (FollowerState.java:run(106)) - 195b504c-ec15-4395-b30f-deaa4314771c:group-2868F57CCF3D changes to CANDIDATE, lastRpcTime:5111, electionTimeout:5111ms
2019-09-12 11:55:30,168 [Thread-258] INFO  impl.RoleInfo (RoleInfo.java:shutdownFollowerState(121)) - 195b504c-ec15-4395-b30f-deaa4314771c: shutdown FollowerState
2019-09-12 11:55:30,169 [Thread-258] INFO  impl.RaftServerImpl (RaftServerImpl.java:setRole(171)) - 195b504c-ec15-4395-b30f-deaa4314771c:group-2868F57CCF3D changes role from FOLLOWER to CANDIDATE at term 0 for changeToCandidate
2019-09-12 11:55:30,170 [Thread-258] INFO  impl.RoleInfo (RoleInfo.java:updateAndGet(143)) - 195b504c-ec15-4395-b30f-deaa4314771c: start LeaderElection
2019-09-12 11:55:30,183 [5774a03e-6f88-4ed6-a57b-14b40bcf9480:group-8D8FA97C1728:LeaderElection16] INFO  impl.LeaderElection (LeaderElection.java:askForVotes(181)) - 5774a03e-6f88-4ed6-a57b-14b40bcf9480:group-8D8FA97C1728:LeaderElection16: begin an election at term 1 for -1: [5774a03e-6f88-4ed6-a57b-14b40bcf9480:192.168.157.195:42494], old=null
2019-09-12 11:55:30,183 [195b504c-ec15-4395-b30f-deaa4314771c:group-2868F57CCF3D:LeaderElection17] INFO  impl.LeaderElection (LeaderElection.java:askForVotes(181)) - 195b504c-ec15-4395-b30f-deaa4314771c:group-2868F57CCF3D:LeaderElection17: begin an election at term 1 for -1: [195b504c-ec15-4395-b30f-deaa4314771c:192.168.157.195:32900], old=null
2019-09-12 11:55:30,183 [5774a03e-6f88-4ed6-a57b-14b40bcf9480:group-8D8FA97C1728:LeaderElection16] INFO  impl.RoleInfo (RoleInfo.java:shutdownLeaderElection(134)) - 5774a03e-6f88-4ed6-a57b-14b40bcf9480: shutdown LeaderElection
2019-09-12 11:55:30,183 [195b504c-ec15-4395-b30f-deaa4314771c:group-2868F57CCF3D:LeaderElection17] INFO  impl.RoleInfo (RoleInfo.java:shutdownLeaderElection(134)) - 195b504c-ec15-4395-b30f-deaa4314771c: shutdown LeaderElection
2019-09-12 11:55:30,183 [5774a03e-6f88-4ed6-a57b-14b40bcf9480:group-8D8FA97C1728:LeaderElection16] INFO  impl.RaftServerImpl (RaftServerImpl.java:setRole(171)) - 5774a03e-6f88-4ed6-a57b-14b40bcf9480:group-8D8FA97C1728 changes role from CANDIDATE to LEADER at term 1 for changeToLeader
2019-09-12 11:55:30,183 [195b504c-ec15-4395-b30f-deaa4314771c:group-2868F57CCF3D:LeaderElection17] INFO  impl.RaftServerImpl (RaftServerImpl.java:setRole(171)) - 195b504c-ec15-4395-b30f-deaa4314771c:group-2868F57CCF3D changes role from CANDIDATE to LEADER at term 1 for changeToLeader
2019-09-12 11:55:30,183 [5774a03e-6f88-4ed6-a57b-14b40bcf9480:group-8D8FA97C1728:LeaderElection16] INFO  impl.RaftServerImpl (ServerState.java:setLeader(263)) - 5774a03e-6f88-4ed6-a57b-14b40bcf9480:group-8D8FA97C1728 change Leader from null to 5774a03e-6f88-4ed6-a57b-14b40bcf9480 at term 1 for becomeLeader, leader elected after 5193ms
2019-09-12 11:55:30,183 [195b504c-ec15-4395-b30f-deaa4314771c:group-2868F57CCF3D:LeaderElection17] INFO  impl.RaftServerImpl (ServerState.java:setLeader(263)) - 195b504c-ec15-4395-b30f-deaa4314771c:group-2868F57CCF3D change Leader from null to 195b504c-ec15-4395-b30f-deaa4314771c at term 1 for becomeLeader, leader elected after 5134ms
2019-09-12 11:55:30,184 [5774a03e-6f88-4ed6-a57b-14b40bcf9480:group-8D8FA97C1728:LeaderElection16] INFO  server.RaftServerConfigKeys (ConfUtils.java:logGet(43)) - raft.server.staging.catchup.gap = 1000 (default)
2019-09-12 11:55:30,186 [195b504c-ec15-4395-b30f-deaa4314771c:group-2868F57CCF3D:LeaderElection17] INFO  server.RaftServerConfigKeys (ConfUtils.java:logGet(43)) - raft.server.staging.catchup.gap = 1000 (default)
2019-09-12 11:55:30,186 [Thread-262] INFO  impl.FollowerState (FollowerState.java:run(106)) - 195b504c-ec15-4395-b30f-deaa4314771c:group-6BA60645464F changes to CANDIDATE, lastRpcTime:5065, electionTimeout:5065ms
2019-09-12 11:55:30,186 [195b504c-ec15-4395-b30f-deaa4314771c:group-2868F57CCF3D:LeaderElection17] INFO  server.RaftServerConfigKeys (ConfUtils.java:logGet(43)) - raft.server.rpc.sleep.time = 25ms (default)
2019-09-12 11:55:30,186 [5774a03e-6f88-4ed6-a57b-14b40bcf9480:group-8D8FA97C1728:LeaderElection16] INFO  server.RaftServerConfigKeys (ConfUtils.java:logGet(43)) - raft.server.rpc.sleep.time = 25ms (default)
2019-09-12 11:55:30,186 [195b504c-ec15-4395-b30f-deaa4314771c:group-2868F57CCF3D:LeaderElection17] INFO  server.RaftServerConfigKeys (ConfUtils.java:logGet(43)) - raft.server.write.element-limit = 4096 (default)
2019-09-12 11:55:30,186 [Thread-262] INFO  impl.RoleInfo (RoleInfo.java:shutdownFollowerState(121)) - 195b504c-ec15-4395-b30f-deaa4314771c: shutdown FollowerState
2019-09-12 11:55:30,187 [195b504c-ec15-4395-b30f-deaa4314771c:group-2868F57CCF3D:LeaderElection17] INFO  server.RaftServerConfigKeys (ConfUtils.java:logGet(43)) - raft.server.watch.timeout = 10s (default)
2019-09-12 11:55:30,186 [5774a03e-6f88-4ed6-a57b-14b40bcf9480:group-8D8FA97C1728:LeaderElection16] INFO  server.RaftServerConfigKeys (ConfUtils.java:logGet(43)) - raft.server.write.element-limit = 4096 (default)
2019-09-12 11:55:30,187 [195b504c-ec15-4395-b30f-deaa4314771c:group-2868F57CCF3D:LeaderElection17] INFO  server.RaftServerConfigKeys (ConfUtils.java:logGet(43)) - raft.server.watch.timeout.denomination = 1s (default)
2019-09-12 11:55:30,187 [Thread-262] INFO  impl.RaftServerImpl (RaftServerImpl.java:setRole(171)) - 195b504c-ec15-4395-b30f-deaa4314771c:group-6BA60645464F changes role from FOLLOWER to CANDIDATE at term 0 for changeToCandidate
2019-09-12 11:55:30,187 [195b504c-ec15-4395-b30f-deaa4314771c:group-2868F57CCF3D:LeaderElection17] INFO  server.RaftServerConfigKeys (ConfUtils.java:logGet(43)) - raft.server.watch.element-limit = 65536 (default)
2019-09-12 11:55:30,187 [5774a03e-6f88-4ed6-a57b-14b40bcf9480:group-8D8FA97C1728:LeaderElection16] INFO  server.RaftServerConfigKeys (ConfUtils.java:logGet(43)) - raft.server.watch.timeout = 10s (default)
2019-09-12 11:55:30,187 [Thread-262] INFO  impl.RoleInfo (RoleInfo.java:updateAndGet(143)) - 195b504c-ec15-4395-b30f-deaa4314771c: start LeaderElection
2019-09-12 11:55:30,187 [195b504c-ec15-4395-b30f-deaa4314771c:group-2868F57CCF3D:LeaderElection17] INFO  impl.RoleInfo (RoleInfo.java:updateAndGet(143)) - 195b504c-ec15-4395-b30f-deaa4314771c: start LeaderState
2019-09-12 11:55:30,187 [5774a03e-6f88-4ed6-a57b-14b40bcf9480:group-8D8FA97C1728:LeaderElection16] INFO  server.RaftServerConfigKeys (ConfUtils.java:logGet(43)) - raft.server.watch.timeout.denomination = 1s (default)
2019-09-12 11:55:30,191 [5774a03e-6f88-4ed6-a57b-14b40bcf9480:group-8D8FA97C1728:LeaderElection16] INFO  server.RaftServerConfigKeys (ConfUtils.java:logGet(43)) - raft.server.watch.element-limit = 65536 (default)
2019-09-12 11:55:30,191 [195b504c-ec15-4395-b30f-deaa4314771c:group-2868F57CCF3D:LeaderElection17] INFO  segmented.SegmentedRaftLogWorker (SegmentedRaftLogWorker.java:startLogSegment(380)) - 195b504c-ec15-4395-b30f-deaa4314771c-SegmentedRaftLogWorker:Storage Directory /workdir/hadoop-ozone/tools/target/test-dir/MiniOzoneClusterImpl-68b3c2dd-7b99-4165-989a-193f9a99bda1/datanode-2/data/ratis/68ee46b8-e364-4ee6-a4e8-2868f57ccf3d: Starting segment from index:0
2019-09-12 11:55:30,191 [5774a03e-6f88-4ed6-a57b-14b40bcf9480:group-8D8FA97C1728:LeaderElection16] INFO  impl.RoleInfo (RoleInfo.java:updateAndGet(143)) - 5774a03e-6f88-4ed6-a57b-14b40bcf9480: start LeaderState
2019-09-12 11:55:30,192 [5774a03e-6f88-4ed6-a57b-14b40bcf9480:group-8D8FA97C1728:LeaderElection16] INFO  segmented.SegmentedRaftLogWorker (SegmentedRaftLogWorker.java:startLogSegment(380)) - 5774a03e-6f88-4ed6-a57b-14b40bcf9480-SegmentedRaftLogWorker:Storage Directory /workdir/hadoop-ozone/tools/target/test-dir/MiniOzoneClusterImpl-68b3c2dd-7b99-4165-989a-193f9a99bda1/datanode-3/data/ratis/66ec8a39-1748-48e5-982c-8d8fa97c1728: Starting segment from index:0
2019-09-12 11:55:30,192 [195b504c-ec15-4395-b30f-deaa4314771c:group-2868F57CCF3D:LeaderElection17] INFO  impl.RaftServerImpl (ServerState.java:setRaftConf(361)) - 195b504c-ec15-4395-b30f-deaa4314771c:group-2868F57CCF3D set configuration 0: [195b504c-ec15-4395-b30f-deaa4314771c:192.168.157.195:32900], old=null at 0
2019-09-12 11:55:30,226 [195b504c-ec15-4395-b30f-deaa4314771c:group-6BA60645464F:LeaderElection18] INFO  impl.LeaderElection (LeaderElection.java:askForVotes(181)) - 195b504c-ec15-4395-b30f-deaa4314771c:group-6BA60645464F:LeaderElection18: begin an election at term 1 for -1: [195b504c-ec15-4395-b30f-deaa4314771c:192.168.157.195:32900], old=null
2019-09-12 11:55:30,226 [5774a03e-6f88-4ed6-a57b-14b40bcf9480:group-8D8FA97C1728:LeaderElection16] INFO  impl.RaftServerImpl (ServerState.java:setRaftConf(361)) - 5774a03e-6f88-4ed6-a57b-14b40bcf9480:group-8D8FA97C1728 set configuration 0: [5774a03e-6f88-4ed6-a57b-14b40bcf9480:192.168.157.195:42494], old=null at 0
2019-09-12 11:55:30,226 [195b504c-ec15-4395-b30f-deaa4314771c:group-6BA60645464F:LeaderElection18] INFO  impl.RoleInfo (RoleInfo.java:shutdownLeaderElection(134)) - 195b504c-ec15-4395-b30f-deaa4314771c: shutdown LeaderElection
2019-09-12 11:55:30,228 [195b504c-ec15-4395-b30f-deaa4314771c:group-6BA60645464F:LeaderElection18] INFO  impl.RaftServerImpl (RaftServerImpl.java:setRole(171)) - 195b504c-ec15-4395-b30f-deaa4314771c:group-6BA60645464F changes role from CANDIDATE to LEADER at term 1 for changeToLeader
2019-09-12 11:55:30,228 [195b504c-ec15-4395-b30f-deaa4314771c:group-6BA60645464F:LeaderElection18] INFO  impl.RaftServerImpl (ServerState.java:setLeader(263)) - 195b504c-ec15-4395-b30f-deaa4314771c:group-6BA60645464F change Leader from null to 195b504c-ec15-4395-b30f-deaa4314771c at term 1 for becomeLeader, leader elected after 5111ms
2019-09-12 11:55:30,228 [195b504c-ec15-4395-b30f-deaa4314771c:group-6BA60645464F:LeaderElection18] INFO  server.RaftServerConfigKeys (ConfUtils.java:logGet(43)) - raft.server.staging.catchup.gap = 1000 (default)
2019-09-12 11:55:30,228 [195b504c-ec15-4395-b30f-deaa4314771c:group-6BA60645464F:LeaderElection18] INFO  server.RaftServerConfigKeys (ConfUtils.java:logGet(43)) - raft.server.rpc.sleep.time = 25ms (default)
2019-09-12 11:55:30,229 [195b504c-ec15-4395-b30f-deaa4314771c:group-6BA60645464F:LeaderElection18] INFO  server.RaftServerConfigKeys (ConfUtils.java:logGet(43)) - raft.server.write.element-limit = 4096 (default)
2019-09-12 11:55:30,229 [195b504c-ec15-4395-b30f-deaa4314771c:group-6BA60645464F:LeaderElection18] INFO  server.RaftServerConfigKeys (ConfUtils.java:logGet(43)) - raft.server.watch.timeout = 10s (default)
2019-09-12 11:55:30,229 [195b504c-ec15-4395-b30f-deaa4314771c:group-6BA60645464F:LeaderElection18] INFO  server.RaftServerConfigKeys (ConfUtils.java:logGet(43)) - raft.server.watch.timeout.denomination = 1s (default)
2019-09-12 11:55:30,229 [195b504c-ec15-4395-b30f-deaa4314771c:group-6BA60645464F:LeaderElection18] INFO  server.RaftServerConfigKeys (ConfUtils.java:logGet(43)) - raft.server.watch.element-limit = 65536 (default)
2019-09-12 11:55:30,229 [195b504c-ec15-4395-b30f-deaa4314771c:group-6BA60645464F:LeaderElection18] INFO  impl.RoleInfo (RoleInfo.java:updateAndGet(143)) - 195b504c-ec15-4395-b30f-deaa4314771c: start LeaderState
2019-09-12 11:55:30,230 [195b504c-ec15-4395-b30f-deaa4314771c:group-6BA60645464F:LeaderElection18] INFO  segmented.SegmentedRaftLogWorker (SegmentedRaftLogWorker.java:startLogSegment(380)) - 195b504c-ec15-4395-b30f-deaa4314771c-SegmentedRaftLogWorker:Storage Directory /workdir/hadoop-ozone/tools/target/test-dir/MiniOzoneClusterImpl-68b3c2dd-7b99-4165-989a-193f9a99bda1/datanode-2/data/ratis/476c8c03-f85a-4405-b06c-6ba60645464f: Starting segment from index:0
2019-09-12 11:55:30,230 [195b504c-ec15-4395-b30f-deaa4314771c:group-6BA60645464F:LeaderElection18] INFO  impl.RaftServerImpl (ServerState.java:setRaftConf(361)) - 195b504c-ec15-4395-b30f-deaa4314771c:group-6BA60645464F set configuration 0: [195b504c-ec15-4395-b30f-deaa4314771c:192.168.157.195:32900], old=null at 0
2019-09-12 11:55:30,257 [195b504c-ec15-4395-b30f-deaa4314771c-SegmentedRaftLogWorker:Storage Directory /workdir/hadoop-ozone/tools/target/test-dir/MiniOzoneClusterImpl-68b3c2dd-7b99-4165-989a-193f9a99bda1/datanode-2/data/ratis/68ee46b8-e364-4ee6-a4e8-2868f57ccf3d] INFO  segmented.SegmentedRaftLogWorker (SegmentedRaftLogWorker.java:execute(569)) - 195b504c-ec15-4395-b30f-deaa4314771c-SegmentedRaftLogWorker:Storage Directory /workdir/hadoop-ozone/tools/target/test-dir/MiniOzoneClusterImpl-68b3c2dd-7b99-4165-989a-193f9a99bda1/datanode-2/data/ratis/68ee46b8-e364-4ee6-a4e8-2868f57ccf3d: created new log segment /workdir/hadoop-ozone/tools/target/test-dir/MiniOzoneClusterImpl-68b3c2dd-7b99-4165-989a-193f9a99bda1/datanode-2/data/ratis/68ee46b8-e364-4ee6-a4e8-2868f57ccf3d/current/log_inprogress_0
2019-09-12 11:55:30,257 [5774a03e-6f88-4ed6-a57b-14b40bcf9480-SegmentedRaftLogWorker:Storage Directory /workdir/hadoop-ozone/tools/target/test-dir/MiniOzoneClusterImpl-68b3c2dd-7b99-4165-989a-193f9a99bda1/datanode-3/data/ratis/66ec8a39-1748-48e5-982c-8d8fa97c1728] INFO  segmented.SegmentedRaftLogWorker (SegmentedRaftLogWorker.java:execute(569)) - 5774a03e-6f88-4ed6-a57b-14b40bcf9480-SegmentedRaftLogWorker:Storage Directory /workdir/hadoop-ozone/tools/target/test-dir/MiniOzoneClusterImpl-68b3c2dd-7b99-4165-989a-193f9a99bda1/datanode-3/data/ratis/66ec8a39-1748-48e5-982c-8d8fa97c1728: created new log segment /workdir/hadoop-ozone/tools/target/test-dir/MiniOzoneClusterImpl-68b3c2dd-7b99-4165-989a-193f9a99bda1/datanode-3/data/ratis/66ec8a39-1748-48e5-982c-8d8fa97c1728/current/log_inprogress_0
2019-09-12 11:55:30,270 [195b504c-ec15-4395-b30f-deaa4314771c-SegmentedRaftLogWorker:Storage Directory /workdir/hadoop-ozone/tools/target/test-dir/MiniOzoneClusterImpl-68b3c2dd-7b99-4165-989a-193f9a99bda1/datanode-2/data/ratis/476c8c03-f85a-4405-b06c-6ba60645464f] INFO  segmented.SegmentedRaftLogWorker (SegmentedRaftLogWorker.java:execute(569)) - 195b504c-ec15-4395-b30f-deaa4314771c-SegmentedRaftLogWorker:Storage Directory /workdir/hadoop-ozone/tools/target/test-dir/MiniOzoneClusterImpl-68b3c2dd-7b99-4165-989a-193f9a99bda1/datanode-2/data/ratis/476c8c03-f85a-4405-b06c-6ba60645464f: created new log segment /workdir/hadoop-ozone/tools/target/test-dir/MiniOzoneClusterImpl-68b3c2dd-7b99-4165-989a-193f9a99bda1/datanode-2/data/ratis/476c8c03-f85a-4405-b06c-6ba60645464f/current/log_inprogress_0
 100.00% |█████████████████████████████████████████████████████████████████████████████████████████████████████|  1/1 Time: 0:00:05
2019-09-12 11:55:30,369 [Thread-265] INFO  impl.FollowerState (FollowerState.java:run(106)) - fc058c35-4f1e-4195-8563-dfc72a0df006:group-5EA7CD70A6B7 changes to CANDIDATE, lastRpcTime:5196, electionTimeout:5196ms
2019-09-12 11:55:30,369 [Thread-265] INFO  impl.RoleInfo (RoleInfo.java:shutdownFollowerState(121)) - fc058c35-4f1e-4195-8563-dfc72a0df006: shutdown FollowerState
2019-09-12 11:55:30,369 [Thread-265] INFO  impl.RaftServerImpl (RaftServerImpl.java:setRole(171)) - fc058c35-4f1e-4195-8563-dfc72a0df006:group-5EA7CD70A6B7 changes role from FOLLOWER to CANDIDATE at term 0 for changeToCandidate
2019-09-12 11:55:30,370 [Thread-265] INFO  impl.RoleInfo (RoleInfo.java:updateAndGet(143)) - fc058c35-4f1e-4195-8563-dfc72a0df006: start LeaderElection
2019-09-12 11:55:30,387 [fc058c35-4f1e-4195-8563-dfc72a0df006:group-5EA7CD70A6B7:LeaderElection19] INFO  impl.LeaderElection (LeaderElection.java:askForVotes(181)) - fc058c35-4f1e-4195-8563-dfc72a0df006:group-5EA7CD70A6B7:LeaderElection19: begin an election at term 1 for -1: [fc058c35-4f1e-4195-8563-dfc72a0df006:192.168.157.195:38611], old=null
2019-09-12 11:55:30,387 [fc058c35-4f1e-4195-8563-dfc72a0df006:group-5EA7CD70A6B7:LeaderElection19] INFO  impl.RoleInfo (RoleInfo.java:shutdownLeaderElection(134)) - fc058c35-4f1e-4195-8563-dfc72a0df006: shutdown LeaderElection
2019-09-12 11:55:30,388 [fc058c35-4f1e-4195-8563-dfc72a0df006:group-5EA7CD70A6B7:LeaderElection19] INFO  impl.RaftServerImpl (RaftServerImpl.java:setRole(171)) - fc058c35-4f1e-4195-8563-dfc72a0df006:group-5EA7CD70A6B7 changes role from CANDIDATE to LEADER at term 1 for changeToLeader
2019-09-12 11:55:30,388 [fc058c35-4f1e-4195-8563-dfc72a0df006:group-5EA7CD70A6B7:LeaderElection19] INFO  impl.RaftServerImpl (ServerState.java:setLeader(263)) - fc058c35-4f1e-4195-8563-dfc72a0df006:group-5EA7CD70A6B7 change Leader from null to fc058c35-4f1e-4195-8563-dfc72a0df006 at term 1 for becomeLeader, leader elected after 5219ms
2019-09-12 11:55:30,388 [fc058c35-4f1e-4195-8563-dfc72a0df006:group-5EA7CD70A6B7:LeaderElection19] INFO  server.RaftServerConfigKeys (ConfUtils.java:logGet(43)) - raft.server.staging.catchup.gap = 1000 (default)
2019-09-12 11:55:30,388 [fc058c35-4f1e-4195-8563-dfc72a0df006:group-5EA7CD70A6B7:LeaderElection19] INFO  server.RaftServerConfigKeys (ConfUtils.java:logGet(43)) - raft.server.rpc.sleep.time = 25ms (default)
2019-09-12 11:55:30,388 [fc058c35-4f1e-4195-8563-dfc72a0df006:group-5EA7CD70A6B7:LeaderElection19] INFO  server.RaftServerConfigKeys (ConfUtils.java:logGet(43)) - raft.server.write.element-limit = 4096 (default)
2019-09-12 11:55:30,388 [fc058c35-4f1e-4195-8563-dfc72a0df006:group-5EA7CD70A6B7:LeaderElection19] INFO  server.RaftServerConfigKeys (ConfUtils.java:logGet(43)) - raft.server.watch.timeout = 10s (default)
2019-09-12 11:55:30,389 [fc058c35-4f1e-4195-8563-dfc72a0df006:group-5EA7CD70A6B7:LeaderElection19] INFO  server.RaftServerConfigKeys (ConfUtils.java:logGet(43)) - raft.server.watch.timeout.denomination = 1s (default)
2019-09-12 11:55:30,389 [fc058c35-4f1e-4195-8563-dfc72a0df006:group-5EA7CD70A6B7:LeaderElection19] INFO  server.RaftServerConfigKeys (ConfUtils.java:logGet(43)) - raft.server.watch.element-limit = 65536 (default)
2019-09-12 11:55:30,389 [fc058c35-4f1e-4195-8563-dfc72a0df006:group-5EA7CD70A6B7:LeaderElection19] INFO  impl.RoleInfo (RoleInfo.java:updateAndGet(143)) - fc058c35-4f1e-4195-8563-dfc72a0df006: start LeaderState
2019-09-12 11:55:30,389 [fc058c35-4f1e-4195-8563-dfc72a0df006:group-5EA7CD70A6B7:LeaderElection19] INFO  segmented.SegmentedRaftLogWorker (SegmentedRaftLogWorker.java:startLogSegment(380)) - fc058c35-4f1e-4195-8563-dfc72a0df006-SegmentedRaftLogWorker:Storage Directory /workdir/hadoop-ozone/tools/target/test-dir/MiniOzoneClusterImpl-68b3c2dd-7b99-4165-989a-193f9a99bda1/datanode-1/data/ratis/2572f6cc-9248-4920-85a6-5ea7cd70a6b7: Starting segment from index:0
2019-09-12 11:55:30,390 [fc058c35-4f1e-4195-8563-dfc72a0df006:group-5EA7CD70A6B7:LeaderElection19] INFO  impl.RaftServerImpl (ServerState.java:setRaftConf(361)) - fc058c35-4f1e-4195-8563-dfc72a0df006:group-5EA7CD70A6B7 set configuration 0: [fc058c35-4f1e-4195-8563-dfc72a0df006:192.168.157.195:38611], old=null at 0
2019-09-12 11:55:30,415 [Thread-268] INFO  impl.FollowerState (FollowerState.java:run(106)) - fc058c35-4f1e-4195-8563-dfc72a0df006:group-7A4385C90DDD changes to CANDIDATE, lastRpcTime:5180, electionTimeout:5156ms
2019-09-12 11:55:30,415 [Thread-268] INFO  impl.RoleInfo (RoleInfo.java:shutdownFollowerState(121)) - fc058c35-4f1e-4195-8563-dfc72a0df006: shutdown FollowerState
2019-09-12 11:55:30,415 [Thread-268] INFO  impl.RaftServerImpl (RaftServerImpl.java:setRole(171)) - fc058c35-4f1e-4195-8563-dfc72a0df006:group-7A4385C90DDD changes role from FOLLOWER to CANDIDATE at term 0 for changeToCandidate
2019-09-12 11:55:30,415 [Thread-268] INFO  impl.RoleInfo (RoleInfo.java:updateAndGet(143)) - fc058c35-4f1e-4195-8563-dfc72a0df006: start LeaderElection
2019-09-12 11:55:30,427 [fc058c35-4f1e-4195-8563-dfc72a0df006-SegmentedRaftLogWorker:Storage Directory /workdir/hadoop-ozone/tools/target/test-dir/MiniOzoneClusterImpl-68b3c2dd-7b99-4165-989a-193f9a99bda1/datanode-1/data/ratis/2572f6cc-9248-4920-85a6-5ea7cd70a6b7] INFO  segmented.SegmentedRaftLogWorker (SegmentedRaftLogWorker.java:execute(569)) - fc058c35-4f1e-4195-8563-dfc72a0df006-SegmentedRaftLogWorker:Storage Directory /workdir/hadoop-ozone/tools/target/test-dir/MiniOzoneClusterImpl-68b3c2dd-7b99-4165-989a-193f9a99bda1/datanode-1/data/ratis/2572f6cc-9248-4920-85a6-5ea7cd70a6b7: created new log segment /workdir/hadoop-ozone/tools/target/test-dir/MiniOzoneClusterImpl-68b3c2dd-7b99-4165-989a-193f9a99bda1/datanode-1/data/ratis/2572f6cc-9248-4920-85a6-5ea7cd70a6b7/current/log_inprogress_0
2019-09-12 11:55:30,429 [fc058c35-4f1e-4195-8563-dfc72a0df006:group-7A4385C90DDD:LeaderElection20] INFO  impl.LeaderElection (LeaderElection.java:askForVotes(181)) - fc058c35-4f1e-4195-8563-dfc72a0df006:group-7A4385C90DDD:LeaderElection20: begin an election at term 1 for -1: [fc058c35-4f1e-4195-8563-dfc72a0df006:192.168.157.195:38611], old=null
2019-09-12 11:55:30,429 [fc058c35-4f1e-4195-8563-dfc72a0df006:group-7A4385C90DDD:LeaderElection20] INFO  impl.RoleInfo (RoleInfo.java:shutdownLeaderElection(134)) - fc058c35-4f1e-4195-8563-dfc72a0df006: shutdown LeaderElection
2019-09-12 11:55:30,429 [fc058c35-4f1e-4195-8563-dfc72a0df006:group-7A4385C90DDD:LeaderElection20] INFO  impl.RaftServerImpl (RaftServerImpl.java:setRole(171)) - fc058c35-4f1e-4195-8563-dfc72a0df006:group-7A4385C90DDD changes role from CANDIDATE to LEADER at term 1 for changeToLeader
2019-09-12 11:55:30,429 [fc058c35-4f1e-4195-8563-dfc72a0df006:group-7A4385C90DDD:LeaderElection20] INFO  impl.RaftServerImpl (ServerState.java:setLeader(263)) - fc058c35-4f1e-4195-8563-dfc72a0df006:group-7A4385C90DDD change Leader from null to fc058c35-4f1e-4195-8563-dfc72a0df006 at term 1 for becomeLeader, leader elected after 5200ms
2019-09-12 11:55:30,430 [fc058c35-4f1e-4195-8563-dfc72a0df006:group-7A4385C90DDD:LeaderElection20] INFO  server.RaftServerConfigKeys (ConfUtils.java:logGet(43)) - raft.server.staging.catchup.gap = 1000 (default)
2019-09-12 11:55:30,430 [fc058c35-4f1e-4195-8563-dfc72a0df006:group-7A4385C90DDD:LeaderElection20] INFO  server.RaftServerConfigKeys (ConfUtils.java:logGet(43)) - raft.server.rpc.sleep.time = 25ms (default)
2019-09-12 11:55:30,430 [fc058c35-4f1e-4195-8563-dfc72a0df006:group-7A4385C90DDD:LeaderElection20] INFO  server.RaftServerConfigKeys (ConfUtils.java:logGet(43)) - raft.server.write.element-limit = 4096 (default)
2019-09-12 11:55:30,430 [Thread-278] INFO  impl.FollowerState (FollowerState.java:run(106)) - fc058c35-4f1e-4195-8563-dfc72a0df006:group-6D8D3F94C7A3 changes to CANDIDATE, lastRpcTime:5009, electionTimeout:5009ms
2019-09-12 11:55:30,430 [fc058c35-4f1e-4195-8563-dfc72a0df006:group-7A4385C90DDD:LeaderElection20] INFO  server.RaftServerConfigKeys (ConfUtils.java:logGet(43)) - raft.server.watch.timeout = 10s (default)
2019-09-12 11:55:30,430 [Thread-278] INFO  impl.RoleInfo (RoleInfo.java:shutdownFollowerState(121)) - fc058c35-4f1e-4195-8563-dfc72a0df006: shutdown FollowerState
2019-09-12 11:55:30,430 [fc058c35-4f1e-4195-8563-dfc72a0df006:group-7A4385C90DDD:LeaderElection20] INFO  server.RaftServerConfigKeys (ConfUtils.java:logGet(43)) - raft.server.watch.timeout.denomination = 1s (default)
2019-09-12 11:55:30,430 [Thread-278] INFO  impl.RaftServerImpl (RaftServerImpl.java:setRole(171)) - fc058c35-4f1e-4195-8563-dfc72a0df006:group-6D8D3F94C7A3 changes role from FOLLOWER to CANDIDATE at term 0 for changeToCandidate
2019-09-12 11:55:30,430 [fc058c35-4f1e-4195-8563-dfc72a0df006:group-7A4385C90DDD:LeaderElection20] INFO  server.RaftServerConfigKeys (ConfUtils.java:logGet(43)) - raft.server.watch.element-limit = 65536 (default)
2019-09-12 11:55:30,431 [Thread-278] INFO  impl.RoleInfo (RoleInfo.java:updateAndGet(143)) - fc058c35-4f1e-4195-8563-dfc72a0df006: start LeaderElection
2019-09-12 11:55:30,431 [fc058c35-4f1e-4195-8563-dfc72a0df006:group-7A4385C90DDD:LeaderElection20] INFO  impl.RoleInfo (RoleInfo.java:updateAndGet(143)) - fc058c35-4f1e-4195-8563-dfc72a0df006: start LeaderState
2019-09-12 11:55:30,431 [fc058c35-4f1e-4195-8563-dfc72a0df006:group-7A4385C90DDD:LeaderElection20] INFO  segmented.SegmentedRaftLogWorker (SegmentedRaftLogWorker.java:startLogSegment(380)) - fc058c35-4f1e-4195-8563-dfc72a0df006-SegmentedRaftLogWorker:Storage Directory /workdir/hadoop-ozone/tools/target/test-dir/MiniOzoneClusterImpl-68b3c2dd-7b99-4165-989a-193f9a99bda1/datanode-1/data/ratis/3ef75040-2203-47da-ae7f-7a4385c90ddd: Starting segment from index:0
2019-09-12 11:55:30,432 [fc058c35-4f1e-4195-8563-dfc72a0df006:group-7A4385C90DDD:LeaderElection20] INFO  impl.RaftServerImpl (ServerState.java:setRaftConf(361)) - fc058c35-4f1e-4195-8563-dfc72a0df006:group-7A4385C90DDD set configuration 0: [fc058c35-4f1e-4195-8563-dfc72a0df006:192.168.157.195:38611], old=null at 0
2019-09-12 11:55:30,466 [fc058c35-4f1e-4195-8563-dfc72a0df006:group-6D8D3F94C7A3:LeaderElection21] INFO  impl.LeaderElection (LeaderElection.java:askForVotes(181)) - fc058c35-4f1e-4195-8563-dfc72a0df006:group-6D8D3F94C7A3:LeaderElection21: begin an election at term 1 for -1: [fc058c35-4f1e-4195-8563-dfc72a0df006:192.168.157.195:38611], old=null
2019-09-12 11:55:30,466 [fc058c35-4f1e-4195-8563-dfc72a0df006:group-6D8D3F94C7A3:LeaderElection21] INFO  impl.RoleInfo (RoleInfo.java:shutdownLeaderElection(134)) - fc058c35-4f1e-4195-8563-dfc72a0df006: shutdown LeaderElection
2019-09-12 11:55:30,466 [fc058c35-4f1e-4195-8563-dfc72a0df006:group-6D8D3F94C7A3:LeaderElection21] INFO  impl.RaftServerImpl (RaftServerImpl.java:setRole(171)) - fc058c35-4f1e-4195-8563-dfc72a0df006:group-6D8D3F94C7A3 changes role from CANDIDATE to LEADER at term 1 for changeToLeader
2019-09-12 11:55:30,467 [fc058c35-4f1e-4195-8563-dfc72a0df006:group-6D8D3F94C7A3:LeaderElection21] INFO  impl.RaftServerImpl (ServerState.java:setLeader(263)) - fc058c35-4f1e-4195-8563-dfc72a0df006:group-6D8D3F94C7A3 change Leader from null to fc058c35-4f1e-4195-8563-dfc72a0df006 at term 1 for becomeLeader, leader elected after 5053ms
2019-09-12 11:55:30,467 [fc058c35-4f1e-4195-8563-dfc72a0df006:group-6D8D3F94C7A3:LeaderElection21] INFO  server.RaftServerConfigKeys (ConfUtils.java:logGet(43)) - raft.server.staging.catchup.gap = 1000 (default)
2019-09-12 11:55:30,467 [fc058c35-4f1e-4195-8563-dfc72a0df006:group-6D8D3F94C7A3:LeaderElection21] INFO  server.RaftServerConfigKeys (ConfUtils.java:logGet(43)) - raft.server.rpc.sleep.time = 25ms (default)
2019-09-12 11:55:30,467 [fc058c35-4f1e-4195-8563-dfc72a0df006:group-6D8D3F94C7A3:LeaderElection21] INFO  server.RaftServerConfigKeys (ConfUtils.java:logGet(43)) - raft.server.write.element-limit = 4096 (default)
2019-09-12 11:55:30,467 [fc058c35-4f1e-4195-8563-dfc72a0df006:group-6D8D3F94C7A3:LeaderElection21] INFO  server.RaftServerConfigKeys (ConfUtils.java:logGet(43)) - raft.server.watch.timeout = 10s (default)
2019-09-12 11:55:30,467 [fc058c35-4f1e-4195-8563-dfc72a0df006:group-6D8D3F94C7A3:LeaderElection21] INFO  server.RaftServerConfigKeys (ConfUtils.java:logGet(43)) - raft.server.watch.timeout.denomination = 1s (default)
2019-09-12 11:55:30,467 [fc058c35-4f1e-4195-8563-dfc72a0df006:group-6D8D3F94C7A3:LeaderElection21] INFO  server.RaftServerConfigKeys (ConfUtils.java:logGet(43)) - raft.server.watch.element-limit = 65536 (default)
2019-09-12 11:55:30,468 [fc058c35-4f1e-4195-8563-dfc72a0df006:group-6D8D3F94C7A3:LeaderElection21] INFO  impl.RoleInfo (RoleInfo.java:updateAndGet(143)) - fc058c35-4f1e-4195-8563-dfc72a0df006: start LeaderState
2019-09-12 11:55:30,468 [fc058c35-4f1e-4195-8563-dfc72a0df006:group-6D8D3F94C7A3:LeaderElection21] INFO  segmented.SegmentedRaftLogWorker (SegmentedRaftLogWorker.java:startLogSegment(380)) - fc058c35-4f1e-4195-8563-dfc72a0df006-SegmentedRaftLogWorker:Storage Directory /workdir/hadoop-ozone/tools/target/test-dir/MiniOzoneClusterImpl-68b3c2dd-7b99-4165-989a-193f9a99bda1/datanode-1/data/ratis/5f42c91d-f662-4d42-a136-6d8d3f94c7a3: Starting segment from index:0
2019-09-12 11:55:30,468 [fc058c35-4f1e-4195-8563-dfc72a0df006:group-6D8D3F94C7A3:LeaderElection21] INFO  impl.RaftServerImpl (ServerState.java:setRaftConf(361)) - fc058c35-4f1e-4195-8563-dfc72a0df006:group-6D8D3F94C7A3 set configuration 0: [fc058c35-4f1e-4195-8563-dfc72a0df006:192.168.157.195:38611], old=null at 0
2019-09-12 11:55:30,494 [fc058c35-4f1e-4195-8563-dfc72a0df006-SegmentedRaftLogWorker:Storage Directory /workdir/hadoop-ozone/tools/target/test-dir/MiniOzoneClusterImpl-68b3c2dd-7b99-4165-989a-193f9a99bda1/datanode-1/data/ratis/3ef75040-2203-47da-ae7f-7a4385c90ddd] INFO  segmented.SegmentedRaftLogWorker (SegmentedRaftLogWorker.java:execute(569)) - fc058c35-4f1e-4195-8563-dfc72a0df006-SegmentedRaftLogWorker:Storage Directory /workdir/hadoop-ozone/tools/target/test-dir/MiniOzoneClusterImpl-68b3c2dd-7b99-4165-989a-193f9a99bda1/datanode-1/data/ratis/3ef75040-2203-47da-ae7f-7a4385c90ddd: created new log segment /workdir/hadoop-ozone/tools/target/test-dir/MiniOzoneClusterImpl-68b3c2dd-7b99-4165-989a-193f9a99bda1/datanode-1/data/ratis/3ef75040-2203-47da-ae7f-7a4385c90ddd/current/log_inprogress_0
2019-09-12 11:55:30,507 [fc058c35-4f1e-4195-8563-dfc72a0df006-SegmentedRaftLogWorker:Storage Directory /workdir/hadoop-ozone/tools/target/test-dir/MiniOzoneClusterImpl-68b3c2dd-7b99-4165-989a-193f9a99bda1/datanode-1/data/ratis/5f42c91d-f662-4d42-a136-6d8d3f94c7a3] INFO  segmented.SegmentedRaftLogWorker (SegmentedRaftLogWorker.java:execute(569)) - fc058c35-4f1e-4195-8563-dfc72a0df006-SegmentedRaftLogWorker:Storage Directory /workdir/hadoop-ozone/tools/target/test-dir/MiniOzoneClusterImpl-68b3c2dd-7b99-4165-989a-193f9a99bda1/datanode-1/data/ratis/5f42c91d-f662-4d42-a136-6d8d3f94c7a3: created new log segment /workdir/hadoop-ozone/tools/target/test-dir/MiniOzoneClusterImpl-68b3c2dd-7b99-4165-989a-193f9a99bda1/datanode-1/data/ratis/5f42c91d-f662-4d42-a136-6d8d3f94c7a3/current/log_inprogress_0
2019-09-12 11:55:30,514 [Thread-275] INFO  impl.FollowerState (FollowerState.java:run(106)) - 2571ad41-02e3-435e-b75a-0c7e86386881:group-8E7098FC2B00 changes to CANDIDATE, lastRpcTime:5157, electionTimeout:5157ms
2019-09-12 11:55:30,514 [Thread-275] INFO  impl.RoleInfo (RoleInfo.java:shutdownFollowerState(121)) - 2571ad41-02e3-435e-b75a-0c7e86386881: shutdown FollowerState
2019-09-12 11:55:30,514 [Thread-275] INFO  impl.RaftServerImpl (RaftServerImpl.java:setRole(171)) - 2571ad41-02e3-435e-b75a-0c7e86386881:group-8E7098FC2B00 changes role from FOLLOWER to CANDIDATE at term 0 for changeToCandidate
2019-09-12 11:55:30,514 [Thread-275] INFO  impl.RoleInfo (RoleInfo.java:updateAndGet(143)) - 2571ad41-02e3-435e-b75a-0c7e86386881: start LeaderElection
2019-09-12 11:55:30,527 [2571ad41-02e3-435e-b75a-0c7e86386881:group-8E7098FC2B00:LeaderElection22] INFO  impl.LeaderElection (LeaderElection.java:askForVotes(181)) - 2571ad41-02e3-435e-b75a-0c7e86386881:group-8E7098FC2B00:LeaderElection22: begin an election at term 1 for -1: [2571ad41-02e3-435e-b75a-0c7e86386881:192.168.157.195:38484], old=null
2019-09-12 11:55:30,527 [2571ad41-02e3-435e-b75a-0c7e86386881:group-8E7098FC2B00:LeaderElection22] INFO  impl.RoleInfo (RoleInfo.java:shutdownLeaderElection(134)) - 2571ad41-02e3-435e-b75a-0c7e86386881: shutdown LeaderElection
2019-09-12 11:55:30,527 [2571ad41-02e3-435e-b75a-0c7e86386881:group-8E7098FC2B00:LeaderElection22] INFO  impl.RaftServerImpl (RaftServerImpl.java:setRole(171)) - 2571ad41-02e3-435e-b75a-0c7e86386881:group-8E7098FC2B00 changes role from CANDIDATE to LEADER at term 1 for changeToLeader
2019-09-12 11:55:30,527 [2571ad41-02e3-435e-b75a-0c7e86386881:group-8E7098FC2B00:LeaderElection22] INFO  impl.RaftServerImpl (ServerState.java:setLeader(263)) - 2571ad41-02e3-435e-b75a-0c7e86386881:group-8E7098FC2B00 change Leader from null to 2571ad41-02e3-435e-b75a-0c7e86386881 at term 1 for becomeLeader, leader elected after 5175ms
2019-09-12 11:55:30,527 [2571ad41-02e3-435e-b75a-0c7e86386881:group-8E7098FC2B00:LeaderElection22] INFO  server.RaftServerConfigKeys (ConfUtils.java:logGet(43)) - raft.server.staging.catchup.gap = 1000 (default)
2019-09-12 11:55:30,527 [2571ad41-02e3-435e-b75a-0c7e86386881:group-8E7098FC2B00:LeaderElection22] INFO  server.RaftServerConfigKeys (ConfUtils.java:logGet(43)) - raft.server.rpc.sleep.time = 25ms (default)
2019-09-12 11:55:30,527 [2571ad41-02e3-435e-b75a-0c7e86386881:group-8E7098FC2B00:LeaderElection22] INFO  server.RaftServerConfigKeys (ConfUtils.java:logGet(43)) - raft.server.write.element-limit = 4096 (default)
2019-09-12 11:55:30,527 [2571ad41-02e3-435e-b75a-0c7e86386881:group-8E7098FC2B00:LeaderElection22] INFO  server.RaftServerConfigKeys (ConfUtils.java:logGet(43)) - raft.server.watch.timeout = 10s (default)
2019-09-12 11:55:30,528 [2571ad41-02e3-435e-b75a-0c7e86386881:group-8E7098FC2B00:LeaderElection22] INFO  server.RaftServerConfigKeys (ConfUtils.java:logGet(43)) - raft.server.watch.timeout.denomination = 1s (default)
2019-09-12 11:55:30,528 [2571ad41-02e3-435e-b75a-0c7e86386881:group-8E7098FC2B00:LeaderElection22] INFO  server.RaftServerConfigKeys (ConfUtils.java:logGet(43)) - raft.server.watch.element-limit = 65536 (default)
2019-09-12 11:55:30,528 [2571ad41-02e3-435e-b75a-0c7e86386881:group-8E7098FC2B00:LeaderElection22] INFO  impl.RoleInfo (RoleInfo.java:updateAndGet(143)) - 2571ad41-02e3-435e-b75a-0c7e86386881: start LeaderState
2019-09-12 11:55:30,528 [2571ad41-02e3-435e-b75a-0c7e86386881:group-8E7098FC2B00:LeaderElection22] INFO  segmented.SegmentedRaftLogWorker (SegmentedRaftLogWorker.java:startLogSegment(380)) - 2571ad41-02e3-435e-b75a-0c7e86386881-SegmentedRaftLogWorker:Storage Directory /workdir/hadoop-ozone/tools/target/test-dir/MiniOzoneClusterImpl-68b3c2dd-7b99-4165-989a-193f9a99bda1/datanode-4/data/ratis/91c8eab9-6084-4c7c-a922-8e7098fc2b00: Starting segment from index:0
2019-09-12 11:55:30,528 [2571ad41-02e3-435e-b75a-0c7e86386881:group-8E7098FC2B00:LeaderElection22] INFO  impl.RaftServerImpl (ServerState.java:setRaftConf(361)) - 2571ad41-02e3-435e-b75a-0c7e86386881:group-8E7098FC2B00 set configuration 0: [2571ad41-02e3-435e-b75a-0c7e86386881:192.168.157.195:38484], old=null at 0
2019-09-12 11:55:30,551 [Thread-281] INFO  impl.FollowerState (FollowerState.java:run(106)) - 195b504c-ec15-4395-b30f-deaa4314771c:group-2DF9197C84F7 changes to CANDIDATE, lastRpcTime:5073, electionTimeout:5059ms
2019-09-12 11:55:30,551 [Thread-281] INFO  impl.RoleInfo (RoleInfo.java:shutdownFollowerState(121)) - 195b504c-ec15-4395-b30f-deaa4314771c: shutdown FollowerState
2019-09-12 11:55:30,551 [Thread-281] INFO  impl.RaftServerImpl (RaftServerImpl.java:setRole(171)) - 195b504c-ec15-4395-b30f-deaa4314771c:group-2DF9197C84F7 changes role from FOLLOWER to CANDIDATE at term 0 for changeToCandidate
2019-09-12 11:55:30,552 [Thread-281] INFO  impl.RoleInfo (RoleInfo.java:updateAndGet(143)) - 195b504c-ec15-4395-b30f-deaa4314771c: start LeaderElection
2019-09-12 11:55:30,565 [2571ad41-02e3-435e-b75a-0c7e86386881-SegmentedRaftLogWorker:Storage Directory /workdir/hadoop-ozone/tools/target/test-dir/MiniOzoneClusterImpl-68b3c2dd-7b99-4165-989a-193f9a99bda1/datanode-4/data/ratis/91c8eab9-6084-4c7c-a922-8e7098fc2b00] INFO  segmented.SegmentedRaftLogWorker (SegmentedRaftLogWorker.java:execute(569)) - 2571ad41-02e3-435e-b75a-0c7e86386881-SegmentedRaftLogWorker:Storage Directory /workdir/hadoop-ozone/tools/target/test-dir/MiniOzoneClusterImpl-68b3c2dd-7b99-4165-989a-193f9a99bda1/datanode-4/data/ratis/91c8eab9-6084-4c7c-a922-8e7098fc2b00: created new log segment /workdir/hadoop-ozone/tools/target/test-dir/MiniOzoneClusterImpl-68b3c2dd-7b99-4165-989a-193f9a99bda1/datanode-4/data/ratis/91c8eab9-6084-4c7c-a922-8e7098fc2b00/current/log_inprogress_0
2019-09-12 11:55:30,565 [195b504c-ec15-4395-b30f-deaa4314771c:group-2DF9197C84F7:LeaderElection23] INFO  impl.LeaderElection (LeaderElection.java:askForVotes(181)) - 195b504c-ec15-4395-b30f-deaa4314771c:group-2DF9197C84F7:LeaderElection23: begin an election at term 1 for -1: [195b504c-ec15-4395-b30f-deaa4314771c:192.168.157.195:32900], old=null
2019-09-12 11:55:30,565 [195b504c-ec15-4395-b30f-deaa4314771c:group-2DF9197C84F7:LeaderElection23] INFO  impl.RoleInfo (RoleInfo.java:shutdownLeaderElection(134)) - 195b504c-ec15-4395-b30f-deaa4314771c: shutdown LeaderElection
2019-09-12 11:55:30,565 [195b504c-ec15-4395-b30f-deaa4314771c:group-2DF9197C84F7:LeaderElection23] INFO  impl.RaftServerImpl (RaftServerImpl.java:setRole(171)) - 195b504c-ec15-4395-b30f-deaa4314771c:group-2DF9197C84F7 changes role from CANDIDATE to LEADER at term 1 for changeToLeader
2019-09-12 11:55:30,565 [195b504c-ec15-4395-b30f-deaa4314771c:group-2DF9197C84F7:LeaderElection23] INFO  impl.RaftServerImpl (ServerState.java:setLeader(263)) - 195b504c-ec15-4395-b30f-deaa4314771c:group-2DF9197C84F7 change Leader from null to 195b504c-ec15-4395-b30f-deaa4314771c at term 1 for becomeLeader, leader elected after 5094ms
2019-09-12 11:55:30,565 [195b504c-ec15-4395-b30f-deaa4314771c:group-2DF9197C84F7:LeaderElection23] INFO  server.RaftServerConfigKeys (ConfUtils.java:logGet(43)) - raft.server.staging.catchup.gap = 1000 (default)
2019-09-12 11:55:30,566 [195b504c-ec15-4395-b30f-deaa4314771c:group-2DF9197C84F7:LeaderElection23] INFO  server.RaftServerConfigKeys (ConfUtils.java:logGet(43)) - raft.server.rpc.sleep.time = 25ms (default)
2019-09-12 11:55:30,566 [195b504c-ec15-4395-b30f-deaa4314771c:group-2DF9197C84F7:LeaderElection23] INFO  server.RaftServerConfigKeys (ConfUtils.java:logGet(43)) - raft.server.write.element-limit = 4096 (default)
2019-09-12 11:55:30,566 [195b504c-ec15-4395-b30f-deaa4314771c:group-2DF9197C84F7:LeaderElection23] INFO  server.RaftServerConfigKeys (ConfUtils.java:logGet(43)) - raft.server.watch.timeout = 10s (default)
2019-09-12 11:55:30,566 [195b504c-ec15-4395-b30f-deaa4314771c:group-2DF9197C84F7:LeaderElection23] INFO  server.RaftServerConfigKeys (ConfUtils.java:logGet(43)) - raft.server.watch.timeout.denomination = 1s (default)
2019-09-12 11:55:30,566 [195b504c-ec15-4395-b30f-deaa4314771c:group-2DF9197C84F7:LeaderElection23] INFO  server.RaftServerConfigKeys (ConfUtils.java:logGet(43)) - raft.server.watch.element-limit = 65536 (default)
2019-09-12 11:55:30,567 [195b504c-ec15-4395-b30f-deaa4314771c:group-2DF9197C84F7:LeaderElection23] INFO  impl.RoleInfo (RoleInfo.java:updateAndGet(143)) - 195b504c-ec15-4395-b30f-deaa4314771c: start LeaderState
2019-09-12 11:55:30,567 [195b504c-ec15-4395-b30f-deaa4314771c:group-2DF9197C84F7:LeaderElection23] INFO  segmented.SegmentedRaftLogWorker (SegmentedRaftLogWorker.java:startLogSegment(380)) - 195b504c-ec15-4395-b30f-deaa4314771c-SegmentedRaftLogWorker:Storage Directory /workdir/hadoop-ozone/tools/target/test-dir/MiniOzoneClusterImpl-68b3c2dd-7b99-4165-989a-193f9a99bda1/datanode-2/data/ratis/dc0c9366-08b2-4160-be37-2df9197c84f7: Starting segment from index:0
2019-09-12 11:55:30,567 [195b504c-ec15-4395-b30f-deaa4314771c:group-2DF9197C84F7:LeaderElection23] INFO  impl.RaftServerImpl (ServerState.java:setRaftConf(361)) - 195b504c-ec15-4395-b30f-deaa4314771c:group-2DF9197C84F7 set configuration 0: [195b504c-ec15-4395-b30f-deaa4314771c:192.168.157.195:32900], old=null at 0
2019-09-12 11:55:30,602 | INFO  | SCMAudit | user=jenkins1000 | ip=192.168.157.195 | op=SEND_HEARTBEAT {datanodeUUID=5774a03e-6f88-4ed6-a57b-14b40bcf9480, command=[]} | ret=SUCCESS |  
2019-09-12 11:55:30,603 | INFO  | SCMAudit | user=jenkins1000 | ip=192.168.157.195 | op=SEND_HEARTBEAT {datanodeUUID=195b504c-ec15-4395-b30f-deaa4314771c, command=[]} | ret=SUCCESS |  
2019-09-12 11:55:30,614 [195b504c-ec15-4395-b30f-deaa4314771c-SegmentedRaftLogWorker:Storage Directory /workdir/hadoop-ozone/tools/target/test-dir/MiniOzoneClusterImpl-68b3c2dd-7b99-4165-989a-193f9a99bda1/datanode-2/data/ratis/dc0c9366-08b2-4160-be37-2df9197c84f7] INFO  segmented.SegmentedRaftLogWorker (SegmentedRaftLogWorker.java:execute(569)) - 195b504c-ec15-4395-b30f-deaa4314771c-SegmentedRaftLogWorker:Storage Directory /workdir/hadoop-ozone/tools/target/test-dir/MiniOzoneClusterImpl-68b3c2dd-7b99-4165-989a-193f9a99bda1/datanode-2/data/ratis/dc0c9366-08b2-4160-be37-2df9197c84f7: created new log segment /workdir/hadoop-ozone/tools/target/test-dir/MiniOzoneClusterImpl-68b3c2dd-7b99-4165-989a-193f9a99bda1/datanode-2/data/ratis/dc0c9366-08b2-4160-be37-2df9197c84f7/current/log_inprogress_0
2019-09-12 11:55:30,634 | INFO  | SCMAudit | user=jenkins1000 | ip=192.168.157.195 | op=SEND_HEARTBEAT {datanodeUUID=3721b0b4-2420-471b-8c71-d07221d0164f, command=[]} | ret=SUCCESS |  
2019-09-12 11:55:30,719 [Thread-288] INFO  impl.FollowerState (FollowerState.java:run(106)) - 2571ad41-02e3-435e-b75a-0c7e86386881:group-DD7706E31313 changes to CANDIDATE, lastRpcTime:5122, electionTimeout:5122ms
2019-09-12 11:55:30,719 [Thread-288] INFO  impl.RoleInfo (RoleInfo.java:shutdownFollowerState(121)) - 2571ad41-02e3-435e-b75a-0c7e86386881: shutdown FollowerState
2019-09-12 11:55:30,719 [Thread-288] INFO  impl.RaftServerImpl (RaftServerImpl.java:setRole(171)) - 2571ad41-02e3-435e-b75a-0c7e86386881:group-DD7706E31313 changes role from FOLLOWER to CANDIDATE at term 0 for changeToCandidate
2019-09-12 11:55:30,720 [Thread-288] INFO  impl.RoleInfo (RoleInfo.java:updateAndGet(143)) - 2571ad41-02e3-435e-b75a-0c7e86386881: start LeaderElection
2019-09-12 11:55:30,735 [2571ad41-02e3-435e-b75a-0c7e86386881:group-DD7706E31313:LeaderElection24] INFO  impl.LeaderElection (LeaderElection.java:askForVotes(181)) - 2571ad41-02e3-435e-b75a-0c7e86386881:group-DD7706E31313:LeaderElection24: begin an election at term 1 for -1: [2571ad41-02e3-435e-b75a-0c7e86386881:192.168.157.195:38484], old=null
2019-09-12 11:55:30,735 [2571ad41-02e3-435e-b75a-0c7e86386881:group-DD7706E31313:LeaderElection24] INFO  impl.RoleInfo (RoleInfo.java:shutdownLeaderElection(134)) - 2571ad41-02e3-435e-b75a-0c7e86386881: shutdown LeaderElection
2019-09-12 11:55:30,735 [2571ad41-02e3-435e-b75a-0c7e86386881:group-DD7706E31313:LeaderElection24] INFO  impl.RaftServerImpl (RaftServerImpl.java:setRole(171)) - 2571ad41-02e3-435e-b75a-0c7e86386881:group-DD7706E31313 changes role from CANDIDATE to LEADER at term 1 for changeToLeader
2019-09-12 11:55:30,735 [2571ad41-02e3-435e-b75a-0c7e86386881:group-DD7706E31313:LeaderElection24] INFO  impl.RaftServerImpl (ServerState.java:setLeader(263)) - 2571ad41-02e3-435e-b75a-0c7e86386881:group-DD7706E31313 change Leader from null to 2571ad41-02e3-435e-b75a-0c7e86386881 at term 1 for becomeLeader, leader elected after 5144ms
2019-09-12 11:55:30,735 [2571ad41-02e3-435e-b75a-0c7e86386881:group-DD7706E31313:LeaderElection24] INFO  server.RaftServerConfigKeys (ConfUtils.java:logGet(43)) - raft.server.staging.catchup.gap = 1000 (default)
2019-09-12 11:55:30,735 [2571ad41-02e3-435e-b75a-0c7e86386881:group-DD7706E31313:LeaderElection24] INFO  server.RaftServerConfigKeys (ConfUtils.java:logGet(43)) - raft.server.rpc.sleep.time = 25ms (default)
2019-09-12 11:55:30,735 [2571ad41-02e3-435e-b75a-0c7e86386881:group-DD7706E31313:LeaderElection24] INFO  server.RaftServerConfigKeys (ConfUtils.java:logGet(43)) - raft.server.write.element-limit = 4096 (default)
2019-09-12 11:55:30,736 [Thread-285] INFO  impl.FollowerState (FollowerState.java:run(106)) - 195b504c-ec15-4395-b30f-deaa4314771c:group-3EF1279DDE71 changes to CANDIDATE, lastRpcTime:5195, electionTimeout:5195ms
2019-09-12 11:55:30,736 [2571ad41-02e3-435e-b75a-0c7e86386881:group-DD7706E31313:LeaderElection24] INFO  server.RaftServerConfigKeys (ConfUtils.java:logGet(43)) - raft.server.watch.timeout = 10s (default)
2019-09-12 11:55:30,736 [Thread-285] INFO  impl.RoleInfo (RoleInfo.java:shutdownFollowerState(121)) - 195b504c-ec15-4395-b30f-deaa4314771c: shutdown FollowerState
2019-09-12 11:55:30,736 [2571ad41-02e3-435e-b75a-0c7e86386881:group-DD7706E31313:LeaderElection24] INFO  server.RaftServerConfigKeys (ConfUtils.java:logGet(43)) - raft.server.watch.timeout.denomination = 1s (default)
2019-09-12 11:55:30,736 [Thread-285] INFO  impl.RaftServerImpl (RaftServerImpl.java:setRole(171)) - 195b504c-ec15-4395-b30f-deaa4314771c:group-3EF1279DDE71 changes role from FOLLOWER to CANDIDATE at term 0 for changeToCandidate
2019-09-12 11:55:30,736 [2571ad41-02e3-435e-b75a-0c7e86386881:group-DD7706E31313:LeaderElection24] INFO  server.RaftServerConfigKeys (ConfUtils.java:logGet(43)) - raft.server.watch.element-limit = 65536 (default)
2019-09-12 11:55:30,736 [Thread-285] INFO  impl.RoleInfo (RoleInfo.java:updateAndGet(143)) - 195b504c-ec15-4395-b30f-deaa4314771c: start LeaderElection
2019-09-12 11:55:30,737 [2571ad41-02e3-435e-b75a-0c7e86386881:group-DD7706E31313:LeaderElection24] INFO  impl.RoleInfo (RoleInfo.java:updateAndGet(143)) - 2571ad41-02e3-435e-b75a-0c7e86386881: start LeaderState
2019-09-12 11:55:30,737 [2571ad41-02e3-435e-b75a-0c7e86386881:group-DD7706E31313:LeaderElection24] INFO  segmented.SegmentedRaftLogWorker (SegmentedRaftLogWorker.java:startLogSegment(380)) - 2571ad41-02e3-435e-b75a-0c7e86386881-SegmentedRaftLogWorker:Storage Directory /workdir/hadoop-ozone/tools/target/test-dir/MiniOzoneClusterImpl-68b3c2dd-7b99-4165-989a-193f9a99bda1/datanode-4/data/ratis/7bfc0f78-7d6b-41a9-8d23-dd7706e31313: Starting segment from index:0
2019-09-12 11:55:30,739 [2571ad41-02e3-435e-b75a-0c7e86386881:group-DD7706E31313:LeaderElection24] INFO  impl.RaftServerImpl (ServerState.java:setRaftConf(361)) - 2571ad41-02e3-435e-b75a-0c7e86386881:group-DD7706E31313 set configuration 0: [2571ad41-02e3-435e-b75a-0c7e86386881:192.168.157.195:38484], old=null at 0
2019-09-12 11:55:30,775 [Thread-291] INFO  impl.FollowerState (FollowerState.java:run(106)) - 2571ad41-02e3-435e-b75a-0c7e86386881:group-710381A48E45 changes to CANDIDATE, lastRpcTime:5103, electionTimeout:5077ms
2019-09-12 11:55:30,775 [195b504c-ec15-4395-b30f-deaa4314771c:group-3EF1279DDE71:LeaderElection25] INFO  impl.LeaderElection (LeaderElection.java:askForVotes(181)) - 195b504c-ec15-4395-b30f-deaa4314771c:group-3EF1279DDE71:LeaderElection25: begin an election at term 1 for -1: [195b504c-ec15-4395-b30f-deaa4314771c:192.168.157.195:32900], old=null
2019-09-12 11:55:30,775 [Thread-291] INFO  impl.RoleInfo (RoleInfo.java:shutdownFollowerState(121)) - 2571ad41-02e3-435e-b75a-0c7e86386881: shutdown FollowerState
2019-09-12 11:55:30,775 [195b504c-ec15-4395-b30f-deaa4314771c:group-3EF1279DDE71:LeaderElection25] INFO  impl.RoleInfo (RoleInfo.java:shutdownLeaderElection(134)) - 195b504c-ec15-4395-b30f-deaa4314771c: shutdown LeaderElection
2019-09-12 11:55:30,775 [Thread-291] INFO  impl.RaftServerImpl (RaftServerImpl.java:setRole(171)) - 2571ad41-02e3-435e-b75a-0c7e86386881:group-710381A48E45 changes role from FOLLOWER to CANDIDATE at term 0 for changeToCandidate
2019-09-12 11:55:30,775 [195b504c-ec15-4395-b30f-deaa4314771c:group-3EF1279DDE71:LeaderElection25] INFO  impl.RaftServerImpl (RaftServerImpl.java:setRole(171)) - 195b504c-ec15-4395-b30f-deaa4314771c:group-3EF1279DDE71 changes role from CANDIDATE to LEADER at term 1 for changeToLeader
2019-09-12 11:55:30,775 [195b504c-ec15-4395-b30f-deaa4314771c:group-3EF1279DDE71:LeaderElection25] INFO  impl.RaftServerImpl (ServerState.java:setLeader(263)) - 195b504c-ec15-4395-b30f-deaa4314771c:group-3EF1279DDE71 change Leader from null to 195b504c-ec15-4395-b30f-deaa4314771c at term 1 for becomeLeader, leader elected after 5238ms
2019-09-12 11:55:30,775 [Thread-291] INFO  impl.RoleInfo (RoleInfo.java:updateAndGet(143)) - 2571ad41-02e3-435e-b75a-0c7e86386881: start LeaderElection
2019-09-12 11:55:30,775 [195b504c-ec15-4395-b30f-deaa4314771c:group-3EF1279DDE71:LeaderElection25] INFO  server.RaftServerConfigKeys (ConfUtils.java:logGet(43)) - raft.server.staging.catchup.gap = 1000 (default)
2019-09-12 11:55:30,776 [195b504c-ec15-4395-b30f-deaa4314771c:group-3EF1279DDE71:LeaderElection25] INFO  server.RaftServerConfigKeys (ConfUtils.java:logGet(43)) - raft.server.rpc.sleep.time = 25ms (default)
2019-09-12 11:55:30,777 [195b504c-ec15-4395-b30f-deaa4314771c:group-3EF1279DDE71:LeaderElection25] INFO  server.RaftServerConfigKeys (ConfUtils.java:logGet(43)) - raft.server.write.element-limit = 4096 (default)
2019-09-12 11:55:30,777 [195b504c-ec15-4395-b30f-deaa4314771c:group-3EF1279DDE71:LeaderElection25] INFO  server.RaftServerConfigKeys (ConfUtils.java:logGet(43)) - raft.server.watch.timeout = 10s (default)
2019-09-12 11:55:30,777 [195b504c-ec15-4395-b30f-deaa4314771c:group-3EF1279DDE71:LeaderElection25] INFO  server.RaftServerConfigKeys (ConfUtils.java:logGet(43)) - raft.server.watch.timeout.denomination = 1s (default)
2019-09-12 11:55:30,778 [195b504c-ec15-4395-b30f-deaa4314771c:group-3EF1279DDE71:LeaderElection25] INFO  server.RaftServerConfigKeys (ConfUtils.java:logGet(43)) - raft.server.watch.element-limit = 65536 (default)
2019-09-12 11:55:30,778 [195b504c-ec15-4395-b30f-deaa4314771c:group-3EF1279DDE71:LeaderElection25] INFO  impl.RoleInfo (RoleInfo.java:updateAndGet(143)) - 195b504c-ec15-4395-b30f-deaa4314771c: start LeaderState
2019-09-12 11:55:30,778 [195b504c-ec15-4395-b30f-deaa4314771c:group-3EF1279DDE71:LeaderElection25] INFO  segmented.SegmentedRaftLogWorker (SegmentedRaftLogWorker.java:startLogSegment(380)) - 195b504c-ec15-4395-b30f-deaa4314771c-SegmentedRaftLogWorker:Storage Directory /workdir/hadoop-ozone/tools/target/test-dir/MiniOzoneClusterImpl-68b3c2dd-7b99-4165-989a-193f9a99bda1/datanode-2/data/ratis/60d2df97-64df-4792-8449-3ef1279dde71: Starting segment from index:0
2019-09-12 11:55:30,778 [195b504c-ec15-4395-b30f-deaa4314771c:group-3EF1279DDE71:LeaderElection25] INFO  impl.RaftServerImpl (ServerState.java:setRaftConf(361)) - 195b504c-ec15-4395-b30f-deaa4314771c:group-3EF1279DDE71 set configuration 0: [195b504c-ec15-4395-b30f-deaa4314771c:192.168.157.195:32900], old=null at 0
2019-09-12 11:55:30,817 [2571ad41-02e3-435e-b75a-0c7e86386881-SegmentedRaftLogWorker:Storage Directory /workdir/hadoop-ozone/tools/target/test-dir/MiniOzoneClusterImpl-68b3c2dd-7b99-4165-989a-193f9a99bda1/datanode-4/data/ratis/7bfc0f78-7d6b-41a9-8d23-dd7706e31313] INFO  segmented.SegmentedRaftLogWorker (SegmentedRaftLogWorker.java:execute(569)) - 2571ad41-02e3-435e-b75a-0c7e86386881-SegmentedRaftLogWorker:Storage Directory /workdir/hadoop-ozone/tools/target/test-dir/MiniOzoneClusterImpl-68b3c2dd-7b99-4165-989a-193f9a99bda1/datanode-4/data/ratis/7bfc0f78-7d6b-41a9-8d23-dd7706e31313: created new log segment /workdir/hadoop-ozone/tools/target/test-dir/MiniOzoneClusterImpl-68b3c2dd-7b99-4165-989a-193f9a99bda1/datanode-4/data/ratis/7bfc0f78-7d6b-41a9-8d23-dd7706e31313/current/log_inprogress_0
2019-09-12 11:55:30,817 [2571ad41-02e3-435e-b75a-0c7e86386881:group-710381A48E45:LeaderElection26] INFO  impl.LeaderElection (LeaderElection.java:askForVotes(181)) - 2571ad41-02e3-435e-b75a-0c7e86386881:group-710381A48E45:LeaderElection26: begin an election at term 1 for -1: [2571ad41-02e3-435e-b75a-0c7e86386881:192.168.157.195:38484], old=null
2019-09-12 11:55:30,817 [2571ad41-02e3-435e-b75a-0c7e86386881:group-710381A48E45:LeaderElection26] INFO  impl.RoleInfo (RoleInfo.java:shutdownLeaderElection(134)) - 2571ad41-02e3-435e-b75a-0c7e86386881: shutdown LeaderElection
2019-09-12 11:55:30,817 [2571ad41-02e3-435e-b75a-0c7e86386881:group-710381A48E45:LeaderElection26] INFO  impl.RaftServerImpl (RaftServerImpl.java:setRole(171)) - 2571ad41-02e3-435e-b75a-0c7e86386881:group-710381A48E45 changes role from CANDIDATE to LEADER at term 1 for changeToLeader
2019-09-12 11:55:30,817 [2571ad41-02e3-435e-b75a-0c7e86386881:group-710381A48E45:LeaderElection26] INFO  impl.RaftServerImpl (ServerState.java:setLeader(263)) - 2571ad41-02e3-435e-b75a-0c7e86386881:group-710381A48E45 change Leader from null to 2571ad41-02e3-435e-b75a-0c7e86386881 at term 1 for becomeLeader, leader elected after 5153ms
2019-09-12 11:55:30,817 [2571ad41-02e3-435e-b75a-0c7e86386881:group-710381A48E45:LeaderElection26] INFO  server.RaftServerConfigKeys (ConfUtils.java:logGet(43)) - raft.server.staging.catchup.gap = 1000 (default)
2019-09-12 11:55:30,818 [2571ad41-02e3-435e-b75a-0c7e86386881:group-710381A48E45:LeaderElection26] INFO  server.RaftServerConfigKeys (ConfUtils.java:logGet(43)) - raft.server.rpc.sleep.time = 25ms (default)
2019-09-12 11:55:30,818 [2571ad41-02e3-435e-b75a-0c7e86386881:group-710381A48E45:LeaderElection26] INFO  server.RaftServerConfigKeys (ConfUtils.java:logGet(43)) - raft.server.write.element-limit = 4096 (default)
2019-09-12 11:55:30,818 [2571ad41-02e3-435e-b75a-0c7e86386881:group-710381A48E45:LeaderElection26] INFO  server.RaftServerConfigKeys (ConfUtils.java:logGet(43)) - raft.server.watch.timeout = 10s (default)
2019-09-12 11:55:30,818 [2571ad41-02e3-435e-b75a-0c7e86386881:group-710381A48E45:LeaderElection26] INFO  server.RaftServerConfigKeys (ConfUtils.java:logGet(43)) - raft.server.watch.timeout.denomination = 1s (default)
2019-09-12 11:55:30,818 [2571ad41-02e3-435e-b75a-0c7e86386881:group-710381A48E45:LeaderElection26] INFO  server.RaftServerConfigKeys (ConfUtils.java:logGet(43)) - raft.server.watch.element-limit = 65536 (default)
2019-09-12 11:55:30,818 | INFO  | SCMAudit | user=jenkins1000 | ip=192.168.157.195 | op=SEND_HEARTBEAT {datanodeUUID=2571ad41-02e3-435e-b75a-0c7e86386881, command=[]} | ret=SUCCESS |  
2019-09-12 11:55:30,819 [2571ad41-02e3-435e-b75a-0c7e86386881:group-710381A48E45:LeaderElection26] INFO  impl.RoleInfo (RoleInfo.java:updateAndGet(143)) - 2571ad41-02e3-435e-b75a-0c7e86386881: start LeaderState
2019-09-12 11:55:30,819 [2571ad41-02e3-435e-b75a-0c7e86386881:group-710381A48E45:LeaderElection26] INFO  segmented.SegmentedRaftLogWorker (SegmentedRaftLogWorker.java:startLogSegment(380)) - 2571ad41-02e3-435e-b75a-0c7e86386881-SegmentedRaftLogWorker:Storage Directory /workdir/hadoop-ozone/tools/target/test-dir/MiniOzoneClusterImpl-68b3c2dd-7b99-4165-989a-193f9a99bda1/datanode-4/data/ratis/f98f19f7-9416-4b0c-b969-710381a48e45: Starting segment from index:0
2019-09-12 11:55:30,819 [2571ad41-02e3-435e-b75a-0c7e86386881:group-710381A48E45:LeaderElection26] INFO  impl.RaftServerImpl (ServerState.java:setRaftConf(361)) - 2571ad41-02e3-435e-b75a-0c7e86386881:group-710381A48E45 set configuration 0: [2571ad41-02e3-435e-b75a-0c7e86386881:192.168.157.195:38484], old=null at 0
2019-09-12 11:55:30,856 [195b504c-ec15-4395-b30f-deaa4314771c-SegmentedRaftLogWorker:Storage Directory /workdir/hadoop-ozone/tools/target/test-dir/MiniOzoneClusterImpl-68b3c2dd-7b99-4165-989a-193f9a99bda1/datanode-2/data/ratis/60d2df97-64df-4792-8449-3ef1279dde71] INFO  segmented.SegmentedRaftLogWorker (SegmentedRaftLogWorker.java:execute(569)) - 195b504c-ec15-4395-b30f-deaa4314771c-SegmentedRaftLogWorker:Storage Directory /workdir/hadoop-ozone/tools/target/test-dir/MiniOzoneClusterImpl-68b3c2dd-7b99-4165-989a-193f9a99bda1/datanode-2/data/ratis/60d2df97-64df-4792-8449-3ef1279dde71: created new log segment /workdir/hadoop-ozone/tools/target/test-dir/MiniOzoneClusterImpl-68b3c2dd-7b99-4165-989a-193f9a99bda1/datanode-2/data/ratis/60d2df97-64df-4792-8449-3ef1279dde71/current/log_inprogress_0
2019-09-12 11:55:30,869 [2571ad41-02e3-435e-b75a-0c7e86386881-SegmentedRaftLogWorker:Storage Directory /workdir/hadoop-ozone/tools/target/test-dir/MiniOzoneClusterImpl-68b3c2dd-7b99-4165-989a-193f9a99bda1/datanode-4/data/ratis/f98f19f7-9416-4b0c-b969-710381a48e45] INFO  segmented.SegmentedRaftLogWorker (SegmentedRaftLogWorker.java:execute(569)) - 2571ad41-02e3-435e-b75a-0c7e86386881-SegmentedRaftLogWorker:Storage Directory /workdir/hadoop-ozone/tools/target/test-dir/MiniOzoneClusterImpl-68b3c2dd-7b99-4165-989a-193f9a99bda1/datanode-4/data/ratis/f98f19f7-9416-4b0c-b969-710381a48e45: created new log segment /workdir/hadoop-ozone/tools/target/test-dir/MiniOzoneClusterImpl-68b3c2dd-7b99-4165-989a-193f9a99bda1/datanode-4/data/ratis/f98f19f7-9416-4b0c-b969-710381a48e45/current/log_inprogress_0
2019-09-12 11:55:30,920 [Thread-295] INFO  impl.FollowerState (FollowerState.java:run(106)) - 195b504c-ec15-4395-b30f-deaa4314771c:group-214384752316 changes to CANDIDATE, lastRpcTime:5194, electionTimeout:5194ms
2019-09-12 11:55:30,920 [Thread-295] INFO  impl.RoleInfo (RoleInfo.java:shutdownFollowerState(121)) - 195b504c-ec15-4395-b30f-deaa4314771c: shutdown FollowerState
2019-09-12 11:55:30,920 [Thread-295] INFO  impl.RaftServerImpl (RaftServerImpl.java:setRole(171)) - 195b504c-ec15-4395-b30f-deaa4314771c:group-214384752316 changes role from FOLLOWER to CANDIDATE at term 0 for changeToCandidate
2019-09-12 11:55:30,920 [Thread-295] INFO  impl.RoleInfo (RoleInfo.java:updateAndGet(143)) - 195b504c-ec15-4395-b30f-deaa4314771c: start LeaderElection
2019-09-12 11:55:30,935 [195b504c-ec15-4395-b30f-deaa4314771c:group-214384752316:LeaderElection27] INFO  impl.LeaderElection (LeaderElection.java:askForVotes(181)) - 195b504c-ec15-4395-b30f-deaa4314771c:group-214384752316:LeaderElection27: begin an election at term 1 for -1: [195b504c-ec15-4395-b30f-deaa4314771c:192.168.157.195:32900], old=null
2019-09-12 11:55:30,935 [195b504c-ec15-4395-b30f-deaa4314771c:group-214384752316:LeaderElection27] INFO  impl.RoleInfo (RoleInfo.java:shutdownLeaderElection(134)) - 195b504c-ec15-4395-b30f-deaa4314771c: shutdown LeaderElection
2019-09-12 11:55:30,936 [195b504c-ec15-4395-b30f-deaa4314771c:group-214384752316:LeaderElection27] INFO  impl.RaftServerImpl (RaftServerImpl.java:setRole(171)) - 195b504c-ec15-4395-b30f-deaa4314771c:group-214384752316 changes role from CANDIDATE to LEADER at term 1 for changeToLeader
2019-09-12 11:55:30,936 [195b504c-ec15-4395-b30f-deaa4314771c:group-214384752316:LeaderElection27] INFO  impl.RaftServerImpl (ServerState.java:setLeader(263)) - 195b504c-ec15-4395-b30f-deaa4314771c:group-214384752316 change Leader from null to 195b504c-ec15-4395-b30f-deaa4314771c at term 1 for becomeLeader, leader elected after 5215ms
2019-09-12 11:55:30,936 [195b504c-ec15-4395-b30f-deaa4314771c:group-214384752316:LeaderElection27] INFO  server.RaftServerConfigKeys (ConfUtils.java:logGet(43)) - raft.server.staging.catchup.gap = 1000 (default)
2019-09-12 11:55:30,936 [195b504c-ec15-4395-b30f-deaa4314771c:group-214384752316:LeaderElection27] INFO  server.RaftServerConfigKeys (ConfUtils.java:logGet(43)) - raft.server.rpc.sleep.time = 25ms (default)
2019-09-12 11:55:30,936 [195b504c-ec15-4395-b30f-deaa4314771c:group-214384752316:LeaderElection27] INFO  server.RaftServerConfigKeys (ConfUtils.java:logGet(43)) - raft.server.write.element-limit = 4096 (default)
2019-09-12 11:55:30,936 [Thread-298] INFO  impl.FollowerState (FollowerState.java:run(106)) - 195b504c-ec15-4395-b30f-deaa4314771c:group-06313AB0E67B changes to CANDIDATE, lastRpcTime:5158, electionTimeout:5158ms
2019-09-12 11:55:30,937 [195b504c-ec15-4395-b30f-deaa4314771c:group-214384752316:LeaderElection27] INFO  server.RaftServerConfigKeys (ConfUtils.java:logGet(43)) - raft.server.watch.timeout = 10s (default)
2019-09-12 11:55:30,937 [Thread-298] INFO  impl.RoleInfo (RoleInfo.java:shutdownFollowerState(121)) - 195b504c-ec15-4395-b30f-deaa4314771c: shutdown FollowerState
2019-09-12 11:55:30,937 [195b504c-ec15-4395-b30f-deaa4314771c:group-214384752316:LeaderElection27] INFO  server.RaftServerConfigKeys (ConfUtils.java:logGet(43)) - raft.server.watch.timeout.denomination = 1s (default)
2019-09-12 11:55:30,937 [Thread-298] INFO  impl.RaftServerImpl (RaftServerImpl.java:setRole(171)) - 195b504c-ec15-4395-b30f-deaa4314771c:group-06313AB0E67B changes role from FOLLOWER to CANDIDATE at term 0 for changeToCandidate
2019-09-12 11:55:30,937 [195b504c-ec15-4395-b30f-deaa4314771c:group-214384752316:LeaderElection27] INFO  server.RaftServerConfigKeys (ConfUtils.java:logGet(43)) - raft.server.watch.element-limit = 65536 (default)
2019-09-12 11:55:30,937 [Thread-298] INFO  impl.RoleInfo (RoleInfo.java:updateAndGet(143)) - 195b504c-ec15-4395-b30f-deaa4314771c: start LeaderElection
2019-09-12 11:55:30,937 [195b504c-ec15-4395-b30f-deaa4314771c:group-214384752316:LeaderElection27] INFO  impl.RoleInfo (RoleInfo.java:updateAndGet(143)) - 195b504c-ec15-4395-b30f-deaa4314771c: start LeaderState
2019-09-12 11:55:30,938 [195b504c-ec15-4395-b30f-deaa4314771c:group-214384752316:LeaderElection27] INFO  segmented.SegmentedRaftLogWorker (SegmentedRaftLogWorker.java:startLogSegment(380)) - 195b504c-ec15-4395-b30f-deaa4314771c-SegmentedRaftLogWorker:Storage Directory /workdir/hadoop-ozone/tools/target/test-dir/MiniOzoneClusterImpl-68b3c2dd-7b99-4165-989a-193f9a99bda1/datanode-2/data/ratis/fd772c4e-9428-4de8-bd71-214384752316: Starting segment from index:0
2019-09-12 11:55:30,940 [195b504c-ec15-4395-b30f-deaa4314771c:group-214384752316:LeaderElection27] INFO  impl.RaftServerImpl (ServerState.java:setRaftConf(361)) - 195b504c-ec15-4395-b30f-deaa4314771c:group-214384752316 set configuration 0: [195b504c-ec15-4395-b30f-deaa4314771c:192.168.157.195:32900], old=null at 0
2019-09-12 11:55:30,980 [Thread-301] INFO  impl.FollowerState (FollowerState.java:run(106)) - 2571ad41-02e3-435e-b75a-0c7e86386881:group-8336260E4C03 changes to CANDIDATE, lastRpcTime:5132, electionTimeout:5109ms
2019-09-12 11:55:30,980 [Thread-301] INFO  impl.RoleInfo (RoleInfo.java:shutdownFollowerState(121)) - 2571ad41-02e3-435e-b75a-0c7e86386881: shutdown FollowerState
2019-09-12 11:55:30,980 [Thread-301] INFO  impl.RaftServerImpl (RaftServerImpl.java:setRole(171)) - 2571ad41-02e3-435e-b75a-0c7e86386881:group-8336260E4C03 changes role from FOLLOWER to CANDIDATE at term 0 for changeToCandidate
2019-09-12 11:55:30,980 [Thread-301] INFO  impl.RoleInfo (RoleInfo.java:updateAndGet(143)) - 2571ad41-02e3-435e-b75a-0c7e86386881: start LeaderElection
2019-09-12 11:55:30,983 | INFO  | SCMAudit | user=jenkins1000 | ip=192.168.157.195 | op=SEND_HEARTBEAT {datanodeUUID=fc058c35-4f1e-4195-8563-dfc72a0df006, command=[]} | ret=SUCCESS |  
2019-09-12 11:55:30,993 [195b504c-ec15-4395-b30f-deaa4314771c-SegmentedRaftLogWorker:Storage Directory /workdir/hadoop-ozone/tools/target/test-dir/MiniOzoneClusterImpl-68b3c2dd-7b99-4165-989a-193f9a99bda1/datanode-2/data/ratis/fd772c4e-9428-4de8-bd71-214384752316] INFO  segmented.SegmentedRaftLogWorker (SegmentedRaftLogWorker.java:execute(569)) - 195b504c-ec15-4395-b30f-deaa4314771c-SegmentedRaftLogWorker:Storage Directory /workdir/hadoop-ozone/tools/target/test-dir/MiniOzoneClusterImpl-68b3c2dd-7b99-4165-989a-193f9a99bda1/datanode-2/data/ratis/fd772c4e-9428-4de8-bd71-214384752316: created new log segment /workdir/hadoop-ozone/tools/target/test-dir/MiniOzoneClusterImpl-68b3c2dd-7b99-4165-989a-193f9a99bda1/datanode-2/data/ratis/fd772c4e-9428-4de8-bd71-214384752316/current/log_inprogress_0
2019-09-12 11:55:30,993 [2571ad41-02e3-435e-b75a-0c7e86386881:group-8336260E4C03:LeaderElection29] INFO  impl.LeaderElection (LeaderElection.java:askForVotes(181)) - 2571ad41-02e3-435e-b75a-0c7e86386881:group-8336260E4C03:LeaderElection29: begin an election at term 1 for -1: [2571ad41-02e3-435e-b75a-0c7e86386881:192.168.157.195:38484], old=null
2019-09-12 11:55:30,993 [195b504c-ec15-4395-b30f-deaa4314771c:group-06313AB0E67B:LeaderElection28] INFO  impl.LeaderElection (LeaderElection.java:askForVotes(181)) - 195b504c-ec15-4395-b30f-deaa4314771c:group-06313AB0E67B:LeaderElection28: begin an election at term 1 for -1: [195b504c-ec15-4395-b30f-deaa4314771c:192.168.157.195:32900], old=null
2019-09-12 11:55:30,994 [2571ad41-02e3-435e-b75a-0c7e86386881:group-8336260E4C03:LeaderElection29] INFO  impl.RoleInfo (RoleInfo.java:shutdownLeaderElection(134)) - 2571ad41-02e3-435e-b75a-0c7e86386881: shutdown LeaderElection
2019-09-12 11:55:30,994 [195b504c-ec15-4395-b30f-deaa4314771c:group-06313AB0E67B:LeaderElection28] INFO  impl.RoleInfo (RoleInfo.java:shutdownLeaderElection(134)) - 195b504c-ec15-4395-b30f-deaa4314771c: shutdown LeaderElection
2019-09-12 11:55:30,994 [2571ad41-02e3-435e-b75a-0c7e86386881:group-8336260E4C03:LeaderElection29] INFO  impl.RaftServerImpl (RaftServerImpl.java:setRole(171)) - 2571ad41-02e3-435e-b75a-0c7e86386881:group-8336260E4C03 changes role from CANDIDATE to LEADER at term 1 for changeToLeader
2019-09-12 11:55:30,994 [195b504c-ec15-4395-b30f-deaa4314771c:group-06313AB0E67B:LeaderElection28] INFO  impl.RaftServerImpl (RaftServerImpl.java:setRole(171)) - 195b504c-ec15-4395-b30f-deaa4314771c:group-06313AB0E67B changes role from CANDIDATE to LEADER at term 1 for changeToLeader
2019-09-12 11:55:30,994 [2571ad41-02e3-435e-b75a-0c7e86386881:group-8336260E4C03:LeaderElection29] INFO  impl.RaftServerImpl (ServerState.java:setLeader(263)) - 2571ad41-02e3-435e-b75a-0c7e86386881:group-8336260E4C03 change Leader from null to 2571ad41-02e3-435e-b75a-0c7e86386881 at term 1 for becomeLeader, leader elected after 5151ms
2019-09-12 11:55:30,994 [195b504c-ec15-4395-b30f-deaa4314771c:group-06313AB0E67B:LeaderElection28] INFO  impl.RaftServerImpl (ServerState.java:setLeader(263)) - 195b504c-ec15-4395-b30f-deaa4314771c:group-06313AB0E67B change Leader from null to 195b504c-ec15-4395-b30f-deaa4314771c at term 1 for becomeLeader, leader elected after 5220ms
2019-09-12 11:55:30,995 [2571ad41-02e3-435e-b75a-0c7e86386881:group-8336260E4C03:LeaderElection29] INFO  server.RaftServerConfigKeys (ConfUtils.java:logGet(43)) - raft.server.staging.catchup.gap = 1000 (default)
2019-09-12 11:55:30,995 [195b504c-ec15-4395-b30f-deaa4314771c:group-06313AB0E67B:LeaderElection28] INFO  server.RaftServerConfigKeys (ConfUtils.java:logGet(43)) - raft.server.staging.catchup.gap = 1000 (default)
2019-09-12 11:55:30,995 [2571ad41-02e3-435e-b75a-0c7e86386881:group-8336260E4C03:LeaderElection29] INFO  server.RaftServerConfigKeys (ConfUtils.java:logGet(43)) - raft.server.rpc.sleep.time = 25ms (default)
2019-09-12 11:55:30,995 [195b504c-ec15-4395-b30f-deaa4314771c:group-06313AB0E67B:LeaderElection28] INFO  server.RaftServerConfigKeys (ConfUtils.java:logGet(43)) - raft.server.rpc.sleep.time = 25ms (default)
2019-09-12 11:55:30,995 [2571ad41-02e3-435e-b75a-0c7e86386881:group-8336260E4C03:LeaderElection29] INFO  server.RaftServerConfigKeys (ConfUtils.java:logGet(43)) - raft.server.write.element-limit = 4096 (default)
2019-09-12 11:55:30,995 [195b504c-ec15-4395-b30f-deaa4314771c:group-06313AB0E67B:LeaderElection28] INFO  server.RaftServerConfigKeys (ConfUtils.java:logGet(43)) - raft.server.write.element-limit = 4096 (default)
2019-09-12 11:55:30,996 [2571ad41-02e3-435e-b75a-0c7e86386881:group-8336260E4C03:LeaderElection29] INFO  server.RaftServerConfigKeys (ConfUtils.java:logGet(43)) - raft.server.watch.timeout = 10s (default)
2019-09-12 11:55:30,996 [195b504c-ec15-4395-b30f-deaa4314771c:group-06313AB0E67B:LeaderElection28] INFO  server.RaftServerConfigKeys (ConfUtils.java:logGet(43)) - raft.server.watch.timeout = 10s (default)
2019-09-12 11:55:30,996 [2571ad41-02e3-435e-b75a-0c7e86386881:group-8336260E4C03:LeaderElection29] INFO  server.RaftServerConfigKeys (ConfUtils.java:logGet(43)) - raft.server.watch.timeout.denomination = 1s (default)
2019-09-12 11:55:30,996 [195b504c-ec15-4395-b30f-deaa4314771c:group-06313AB0E67B:LeaderElection28] INFO  server.RaftServerConfigKeys (ConfUtils.java:logGet(43)) - raft.server.watch.timeout.denomination = 1s (default)
2019-09-12 11:55:30,996 [2571ad41-02e3-435e-b75a-0c7e86386881:group-8336260E4C03:LeaderElection29] INFO  server.RaftServerConfigKeys (ConfUtils.java:logGet(43)) - raft.server.watch.element-limit = 65536 (default)
2019-09-12 11:55:30,996 [195b504c-ec15-4395-b30f-deaa4314771c:group-06313AB0E67B:LeaderElection28] INFO  server.RaftServerConfigKeys (ConfUtils.java:logGet(43)) - raft.server.watch.element-limit = 65536 (default)
2019-09-12 11:55:30,996 [2571ad41-02e3-435e-b75a-0c7e86386881:group-8336260E4C03:LeaderElection29] INFO  impl.RoleInfo (RoleInfo.java:updateAndGet(143)) - 2571ad41-02e3-435e-b75a-0c7e86386881: start LeaderState
2019-09-12 11:55:30,996 [195b504c-ec15-4395-b30f-deaa4314771c:group-06313AB0E67B:LeaderElection28] INFO  impl.RoleInfo (RoleInfo.java:updateAndGet(143)) - 195b504c-ec15-4395-b30f-deaa4314771c: start LeaderState
2019-09-12 11:55:30,997 [195b504c-ec15-4395-b30f-deaa4314771c:group-06313AB0E67B:LeaderElection28] INFO  segmented.SegmentedRaftLogWorker (SegmentedRaftLogWorker.java:startLogSegment(380)) - 195b504c-ec15-4395-b30f-deaa4314771c-SegmentedRaftLogWorker:Storage Directory /workdir/hadoop-ozone/tools/target/test-dir/MiniOzoneClusterImpl-68b3c2dd-7b99-4165-989a-193f9a99bda1/datanode-2/data/ratis/6982c4f4-3a8d-427f-8648-06313ab0e67b: Starting segment from index:0
2019-09-12 11:55:30,997 [2571ad41-02e3-435e-b75a-0c7e86386881:group-8336260E4C03:LeaderElection29] INFO  segmented.SegmentedRaftLogWorker (SegmentedRaftLogWorker.java:startLogSegment(380)) - 2571ad41-02e3-435e-b75a-0c7e86386881-SegmentedRaftLogWorker:Storage Directory /workdir/hadoop-ozone/tools/target/test-dir/MiniOzoneClusterImpl-68b3c2dd-7b99-4165-989a-193f9a99bda1/datanode-4/data/ratis/4a609de7-8849-4ee8-b863-8336260e4c03: Starting segment from index:0
2019-09-12 11:55:30,997 [195b504c-ec15-4395-b30f-deaa4314771c:group-06313AB0E67B:LeaderElection28] INFO  impl.RaftServerImpl (ServerState.java:setRaftConf(361)) - 195b504c-ec15-4395-b30f-deaa4314771c:group-06313AB0E67B set configuration 0: [195b504c-ec15-4395-b30f-deaa4314771c:192.168.157.195:32900], old=null at 0
2019-09-12 11:55:31,035 [Thread-304] INFO  impl.FollowerState (FollowerState.java:run(106)) - 2571ad41-02e3-435e-b75a-0c7e86386881:group-448DFFAA4442 changes to CANDIDATE, lastRpcTime:5134, electionTimeout:5105ms
2019-09-12 11:55:31,035 [2571ad41-02e3-435e-b75a-0c7e86386881:group-8336260E4C03:LeaderElection29] INFO  impl.RaftServerImpl (ServerState.java:setRaftConf(361)) - 2571ad41-02e3-435e-b75a-0c7e86386881:group-8336260E4C03 set configuration 0: [2571ad41-02e3-435e-b75a-0c7e86386881:192.168.157.195:38484], old=null at 0
2019-09-12 11:55:31,035 [Thread-304] INFO  impl.RoleInfo (RoleInfo.java:shutdownFollowerState(121)) - 2571ad41-02e3-435e-b75a-0c7e86386881: shutdown FollowerState
2019-09-12 11:55:31,037 [Thread-304] INFO  impl.RaftServerImpl (RaftServerImpl.java:setRole(171)) - 2571ad41-02e3-435e-b75a-0c7e86386881:group-448DFFAA4442 changes role from FOLLOWER to CANDIDATE at term 0 for changeToCandidate
2019-09-12 11:55:31,037 [Thread-304] INFO  impl.RoleInfo (RoleInfo.java:updateAndGet(143)) - 2571ad41-02e3-435e-b75a-0c7e86386881: start LeaderElection
2019-09-12 11:55:31,050 [2571ad41-02e3-435e-b75a-0c7e86386881-SegmentedRaftLogWorker:Storage Directory /workdir/hadoop-ozone/tools/target/test-dir/MiniOzoneClusterImpl-68b3c2dd-7b99-4165-989a-193f9a99bda1/datanode-4/data/ratis/4a609de7-8849-4ee8-b863-8336260e4c03] INFO  segmented.SegmentedRaftLogWorker (SegmentedRaftLogWorker.java:execute(569)) - 2571ad41-02e3-435e-b75a-0c7e86386881-SegmentedRaftLogWorker:Storage Directory /workdir/hadoop-ozone/tools/target/test-dir/MiniOzoneClusterImpl-68b3c2dd-7b99-4165-989a-193f9a99bda1/datanode-4/data/ratis/4a609de7-8849-4ee8-b863-8336260e4c03: created new log segment /workdir/hadoop-ozone/tools/target/test-dir/MiniOzoneClusterImpl-68b3c2dd-7b99-4165-989a-193f9a99bda1/datanode-4/data/ratis/4a609de7-8849-4ee8-b863-8336260e4c03/current/log_inprogress_0
2019-09-12 11:55:31,051 [2571ad41-02e3-435e-b75a-0c7e86386881:group-448DFFAA4442:LeaderElection30] INFO  impl.LeaderElection (LeaderElection.java:askForVotes(181)) - 2571ad41-02e3-435e-b75a-0c7e86386881:group-448DFFAA4442:LeaderElection30: begin an election at term 1 for -1: [2571ad41-02e3-435e-b75a-0c7e86386881:192.168.157.195:38484], old=null
2019-09-12 11:55:31,051 [2571ad41-02e3-435e-b75a-0c7e86386881:group-448DFFAA4442:LeaderElection30] INFO  impl.RoleInfo (RoleInfo.java:shutdownLeaderElection(134)) - 2571ad41-02e3-435e-b75a-0c7e86386881: shutdown LeaderElection
2019-09-12 11:55:31,051 [2571ad41-02e3-435e-b75a-0c7e86386881:group-448DFFAA4442:LeaderElection30] INFO  impl.RaftServerImpl (RaftServerImpl.java:setRole(171)) - 2571ad41-02e3-435e-b75a-0c7e86386881:group-448DFFAA4442 changes role from CANDIDATE to LEADER at term 1 for changeToLeader
2019-09-12 11:55:31,051 [2571ad41-02e3-435e-b75a-0c7e86386881:group-448DFFAA4442:LeaderElection30] INFO  impl.RaftServerImpl (ServerState.java:setLeader(263)) - 2571ad41-02e3-435e-b75a-0c7e86386881:group-448DFFAA4442 change Leader from null to 2571ad41-02e3-435e-b75a-0c7e86386881 at term 1 for becomeLeader, leader elected after 5155ms
2019-09-12 11:55:31,052 [2571ad41-02e3-435e-b75a-0c7e86386881:group-448DFFAA4442:LeaderElection30] INFO  server.RaftServerConfigKeys (ConfUtils.java:logGet(43)) - raft.server.staging.catchup.gap = 1000 (default)
2019-09-12 11:55:31,052 [195b504c-ec15-4395-b30f-deaa4314771c-SegmentedRaftLogWorker:Storage Directory /workdir/hadoop-ozone/tools/target/test-dir/MiniOzoneClusterImpl-68b3c2dd-7b99-4165-989a-193f9a99bda1/datanode-2/data/ratis/6982c4f4-3a8d-427f-8648-06313ab0e67b] INFO  segmented.SegmentedRaftLogWorker (SegmentedRaftLogWorker.java:execute(569)) - 195b504c-ec15-4395-b30f-deaa4314771c-SegmentedRaftLogWorker:Storage Directory /workdir/hadoop-ozone/tools/target/test-dir/MiniOzoneClusterImpl-68b3c2dd-7b99-4165-989a-193f9a99bda1/datanode-2/data/ratis/6982c4f4-3a8d-427f-8648-06313ab0e67b: created new log segment /workdir/hadoop-ozone/tools/target/test-dir/MiniOzoneClusterImpl-68b3c2dd-7b99-4165-989a-193f9a99bda1/datanode-2/data/ratis/6982c4f4-3a8d-427f-8648-06313ab0e67b/current/log_inprogress_0
2019-09-12 11:55:31,052 [2571ad41-02e3-435e-b75a-0c7e86386881:group-448DFFAA4442:LeaderElection30] INFO  server.RaftServerConfigKeys (ConfUtils.java:logGet(43)) - raft.server.rpc.sleep.time = 25ms (default)
2019-09-12 11:55:31,052 [2571ad41-02e3-435e-b75a-0c7e86386881:group-448DFFAA4442:LeaderElection30] INFO  server.RaftServerConfigKeys (ConfUtils.java:logGet(43)) - raft.server.write.element-limit = 4096 (default)
2019-09-12 11:55:31,053 [2571ad41-02e3-435e-b75a-0c7e86386881:group-448DFFAA4442:LeaderElection30] INFO  server.RaftServerConfigKeys (ConfUtils.java:logGet(43)) - raft.server.watch.timeout = 10s (default)
2019-09-12 11:55:31,053 [2571ad41-02e3-435e-b75a-0c7e86386881:group-448DFFAA4442:LeaderElection30] INFO  server.RaftServerConfigKeys (ConfUtils.java:logGet(43)) - raft.server.watch.timeout.denomination = 1s (default)
2019-09-12 11:55:31,053 [2571ad41-02e3-435e-b75a-0c7e86386881:group-448DFFAA4442:LeaderElection30] INFO  server.RaftServerConfigKeys (ConfUtils.java:logGet(43)) - raft.server.watch.element-limit = 65536 (default)
2019-09-12 11:55:31,054 [2571ad41-02e3-435e-b75a-0c7e86386881:group-448DFFAA4442:LeaderElection30] INFO  impl.RoleInfo (RoleInfo.java:updateAndGet(143)) - 2571ad41-02e3-435e-b75a-0c7e86386881: start LeaderState
2019-09-12 11:55:31,054 [2571ad41-02e3-435e-b75a-0c7e86386881:group-448DFFAA4442:LeaderElection30] INFO  segmented.SegmentedRaftLogWorker (SegmentedRaftLogWorker.java:startLogSegment(380)) - 2571ad41-02e3-435e-b75a-0c7e86386881-SegmentedRaftLogWorker:Storage Directory /workdir/hadoop-ozone/tools/target/test-dir/MiniOzoneClusterImpl-68b3c2dd-7b99-4165-989a-193f9a99bda1/datanode-4/data/ratis/8ceef078-f046-44de-a2d6-448dffaa4442: Starting segment from index:0
2019-09-12 11:55:31,055 [2571ad41-02e3-435e-b75a-0c7e86386881:group-448DFFAA4442:LeaderElection30] INFO  impl.RaftServerImpl (ServerState.java:setRaftConf(361)) - 2571ad41-02e3-435e-b75a-0c7e86386881:group-448DFFAA4442 set configuration 0: [2571ad41-02e3-435e-b75a-0c7e86386881:192.168.157.195:38484], old=null at 0
2019-09-12 11:55:31,103 [2571ad41-02e3-435e-b75a-0c7e86386881-SegmentedRaftLogWorker:Storage Directory /workdir/hadoop-ozone/tools/target/test-dir/MiniOzoneClusterImpl-68b3c2dd-7b99-4165-989a-193f9a99bda1/datanode-4/data/ratis/8ceef078-f046-44de-a2d6-448dffaa4442] INFO  segmented.SegmentedRaftLogWorker (SegmentedRaftLogWorker.java:execute(569)) - 2571ad41-02e3-435e-b75a-0c7e86386881-SegmentedRaftLogWorker:Storage Directory /workdir/hadoop-ozone/tools/target/test-dir/MiniOzoneClusterImpl-68b3c2dd-7b99-4165-989a-193f9a99bda1/datanode-4/data/ratis/8ceef078-f046-44de-a2d6-448dffaa4442: created new log segment /workdir/hadoop-ozone/tools/target/test-dir/MiniOzoneClusterImpl-68b3c2dd-7b99-4165-989a-193f9a99bda1/datanode-4/data/ratis/8ceef078-f046-44de-a2d6-448dffaa4442/current/log_inprogress_0
2019-09-12 11:55:31,568 | INFO  | SCMAudit | user=jenkins1000 | ip=192.168.157.195 | op=SEND_HEARTBEAT {datanodeUUID=5774a03e-6f88-4ed6-a57b-14b40bcf9480, command=[]} | ret=SUCCESS |  
2019-09-12 11:55:31,603 | INFO  | SCMAudit | user=jenkins1000 | ip=192.168.157.195 | op=SEND_HEARTBEAT {datanodeUUID=195b504c-ec15-4395-b30f-deaa4314771c, command=[]} | ret=SUCCESS |  
2019-09-12 11:55:31,634 | INFO  | SCMAudit | user=jenkins1000 | ip=192.168.157.195 | op=SEND_HEARTBEAT {datanodeUUID=3721b0b4-2420-471b-8c71-d07221d0164f, command=[]} | ret=SUCCESS |  
2019-09-12 11:55:31,818 | INFO  | SCMAudit | user=jenkins1000 | ip=192.168.157.195 | op=SEND_HEARTBEAT {datanodeUUID=2571ad41-02e3-435e-b75a-0c7e86386881, command=[]} | ret=SUCCESS |  
2019-09-12 11:55:31,981 | INFO  | SCMAudit | user=jenkins1000 | ip=192.168.157.195 | op=SEND_HEARTBEAT {datanodeUUID=fc058c35-4f1e-4195-8563-dfc72a0df006, command=[]} | ret=SUCCESS |  
2019-09-12 11:55:32,569 | INFO  | SCMAudit | user=jenkins1000 | ip=192.168.157.195 | op=SEND_HEARTBEAT {datanodeUUID=5774a03e-6f88-4ed6-a57b-14b40bcf9480, command=[]} | ret=SUCCESS |  
2019-09-12 11:55:32,604 | INFO  | SCMAudit | user=jenkins1000 | ip=192.168.157.195 | op=SEND_HEARTBEAT {datanodeUUID=195b504c-ec15-4395-b30f-deaa4314771c, command=[]} | ret=SUCCESS |  
2019-09-12 11:55:32,635 | INFO  | SCMAudit | user=jenkins1000 | ip=192.168.157.195 | op=SEND_HEARTBEAT {datanodeUUID=3721b0b4-2420-471b-8c71-d07221d0164f, command=[]} | ret=SUCCESS |  
2019-09-12 11:55:32,818 | INFO  | SCMAudit | user=jenkins1000 | ip=192.168.157.195 | op=SEND_HEARTBEAT {datanodeUUID=2571ad41-02e3-435e-b75a-0c7e86386881, command=[]} | ret=SUCCESS |  
2019-09-12 11:55:32,981 | INFO  | SCMAudit | user=jenkins1000 | ip=192.168.157.195 | op=SEND_HEARTBEAT {datanodeUUID=fc058c35-4f1e-4195-8563-dfc72a0df006, command=[]} | ret=SUCCESS |  
2019-09-12 11:55:33,569 | INFO  | SCMAudit | user=jenkins1000 | ip=192.168.157.195 | op=SEND_HEARTBEAT {datanodeUUID=5774a03e-6f88-4ed6-a57b-14b40bcf9480, command=[]} | ret=SUCCESS |  
2019-09-12 11:55:33,604 | INFO  | SCMAudit | user=jenkins1000 | ip=192.168.157.195 | op=SEND_HEARTBEAT {datanodeUUID=195b504c-ec15-4395-b30f-deaa4314771c, command=[]} | ret=SUCCESS |  
2019-09-12 11:55:33,635 | INFO  | SCMAudit | user=jenkins1000 | ip=192.168.157.195 | op=SEND_HEARTBEAT {datanodeUUID=3721b0b4-2420-471b-8c71-d07221d0164f, command=[]} | ret=SUCCESS |  
2019-09-12 11:55:33,818 | INFO  | SCMAudit | user=jenkins1000 | ip=192.168.157.195 | op=SEND_HEARTBEAT {datanodeUUID=2571ad41-02e3-435e-b75a-0c7e86386881, command=[]} | ret=SUCCESS |  
2019-09-12 11:55:33,982 | INFO  | SCMAudit | user=jenkins1000 | ip=192.168.157.195 | op=SEND_HEARTBEAT {datanodeUUID=fc058c35-4f1e-4195-8563-dfc72a0df006, command=[]} | ret=SUCCESS |  
2019-09-12 11:55:34,569 | INFO  | SCMAudit | user=jenkins1000 | ip=192.168.157.195 | op=SEND_HEARTBEAT {datanodeUUID=5774a03e-6f88-4ed6-a57b-14b40bcf9480, command=[]} | ret=SUCCESS |  
2019-09-12 11:55:34,605 | INFO  | SCMAudit | user=jenkins1000 | ip=192.168.157.195 | op=SEND_HEARTBEAT {datanodeUUID=195b504c-ec15-4395-b30f-deaa4314771c, command=[]} | ret=SUCCESS |  
2019-09-12 11:55:34,635 | INFO  | SCMAudit | user=jenkins1000 | ip=192.168.157.195 | op=SEND_HEARTBEAT {datanodeUUID=3721b0b4-2420-471b-8c71-d07221d0164f, command=[]} | ret=SUCCESS |  
2019-09-12 11:55:34,818 | INFO  | SCMAudit | user=jenkins1000 | ip=192.168.157.195 | op=SEND_HEARTBEAT {datanodeUUID=2571ad41-02e3-435e-b75a-0c7e86386881, command=[]} | ret=SUCCESS |  
2019-09-12 11:55:34,981 | INFO  | SCMAudit | user=jenkins1000 | ip=192.168.157.195 | op=SEND_HEARTBEAT {datanodeUUID=fc058c35-4f1e-4195-8563-dfc72a0df006, command=[]} | ret=SUCCESS |  
]]></system-out>
    <system-err><![CDATA[Sep 12, 2019 11:55:17 AM com.sun.jersey.server.impl.application.WebApplicationImpl _initiate
INFO: Initiating Jersey application, version 'Jersey: 1.19 02/11/2015 03:25 AM'
Sep 12, 2019 11:55:18 AM com.sun.jersey.server.impl.application.WebApplicationImpl _initiate
INFO: Initiating Jersey application, version 'Jersey: 1.19 02/11/2015 03:25 AM'
Sep 12, 2019 11:55:18 AM com.sun.jersey.server.impl.application.WebApplicationImpl _initiate
INFO: Initiating Jersey application, version 'Jersey: 1.19 02/11/2015 03:25 AM'
Sep 12, 2019 11:55:19 AM com.sun.jersey.server.impl.application.WebApplicationImpl _initiate
INFO: Initiating Jersey application, version 'Jersey: 1.19 02/11/2015 03:25 AM'
Sep 12, 2019 11:55:19 AM com.sun.jersey.server.impl.application.WebApplicationImpl _initiate
INFO: Initiating Jersey application, version 'Jersey: 1.19 02/11/2015 03:25 AM'
]]></system-err>
  </testcase>
  <testcase name="standaloneTestLargeKey" classname="org.apache.hadoop.ozone.freon.TestDataValidateWithUnsafeByteOperations" time="10.138">
    <error message="Allocated 0 blocks. Requested 5 blocks" type="INTERNAL_ERROR org.apache.hadoop.ozone.om.exceptions.OMException">INTERNAL_ERROR org.apache.hadoop.ozone.om.exceptions.OMException: Allocated 0 blocks. Requested 5 blocks
	at org.apache.hadoop.ozone.om.protocolPB.OzoneManagerProtocolClientSideTranslatorPB.handleError(OzoneManagerProtocolClientSideTranslatorPB.java:725)
	at org.apache.hadoop.ozone.om.protocolPB.OzoneManagerProtocolClientSideTranslatorPB.openKey(OzoneManagerProtocolClientSideTranslatorPB.java:716)
	at org.apache.hadoop.ozone.client.rpc.RpcClient.createKey(RpcClient.java:615)
	at org.apache.hadoop.ozone.client.OzoneBucket.createKey(OzoneBucket.java:323)
	at org.apache.hadoop.ozone.freon.RandomKeyGenerator.createKey(RandomKeyGenerator.java:686)
	at org.apache.hadoop.ozone.freon.RandomKeyGenerator.access$1100(RandomKeyGenerator.java:87)
	at org.apache.hadoop.ozone.freon.RandomKeyGenerator$ObjectCreator.run(RandomKeyGenerator.java:606)
	at java.util.concurrent.Executors$RunnableAdapter.call(Executors.java:511)
	at java.util.concurrent.FutureTask.run(FutureTask.java:266)
	at java.util.concurrent.ThreadPoolExecutor.runWorker(ThreadPoolExecutor.java:1149)
	at java.util.concurrent.ThreadPoolExecutor$Worker.run(ThreadPoolExecutor.java:624)
	at java.lang.Thread.run(Thread.java:748)
</error>
    <system-out><![CDATA[2019-09-12 11:55:35,465 [main] INFO  freon.RandomKeyGenerator (RandomKeyGenerator.java:call(275)) - Number of Threads: 10
2019-09-12 11:55:35,466 [main] INFO  freon.RandomKeyGenerator (RandomKeyGenerator.java:call(280)) - Number of Volumes: 1.
2019-09-12 11:55:35,466 [main] INFO  freon.RandomKeyGenerator (RandomKeyGenerator.java:call(281)) - Number of Buckets per Volume: 1.
2019-09-12 11:55:35,466 [main] INFO  freon.RandomKeyGenerator (RandomKeyGenerator.java:call(282)) - Number of Keys per Bucket: 1.
2019-09-12 11:55:35,466 [main] INFO  freon.RandomKeyGenerator (RandomKeyGenerator.java:call(283)) - Key size: 20971520 bytes
2019-09-12 11:55:35,466 [main] INFO  freon.RandomKeyGenerator (RandomKeyGenerator.java:call(284)) - Buffer size: 4096 bytes
2019-09-12 11:55:35,467 [pool-79-thread-1] INFO  rpc.RpcClient (RpcClient.java:createVolume(293)) - Creating Volume: vol-0-07391, with jenkins1000 as owner.
2019-09-12 11:55:35,468 [main] INFO  freon.RandomKeyGenerator (RandomKeyGenerator.java:call(298)) - Data validation is enabled.
2019-09-12 11:55:35,470 [main] INFO  freon.RandomKeyGenerator (RandomKeyGenerator.java:call(304)) - Starting progress bar Thread.

 0.00% |█                                                                                                    |  0/1 Time: 0:00:002019-09-12 11:55:35,472 | INFO  | OMAudit | user=jenkins1000 | ip=127.0.0.1 | op=CREATE_VOLUME {admin=jenkins1000, owner=jenkins1000, volume=vol-0-07391, creationTime=1568289335471, quotaInBytes=1152921504606846976} | ret=SUCCESS |  
2019-09-12 11:55:35,474 | INFO  | OMAudit | user=jenkins1000 | ip=127.0.0.1 | op=READ_VOLUME {volume=vol-0-07391} | ret=SUCCESS |  
2019-09-12 11:55:35,478 [pool-79-thread-2] INFO  rpc.RpcClient (RpcClient.java:createBucket(432)) - Creating Bucket: vol-0-07391/bucket-0-21697, with Versioning false and Storage Type set to DISK and Encryption set to false 
2019-09-12 11:55:35,481 | INFO  | OMAudit | user=jenkins1000 | ip=127.0.0.1 | op=CREATE_BUCKET {volume=vol-0-07391, bucket=bucket-0-21697, acls=[user:jenkins1000:a[ACCESS], group:default:a[ACCESS]], isVersionEnabled=false, storageType=DISK, creationTime=0} | ret=SUCCESS |  
2019-09-12 11:55:35,483 | INFO  | OMAudit | user=jenkins1000 | ip=127.0.0.1 | op=READ_BUCKET {volume=vol-0-07391, bucket=bucket-0-21697} | ret=SUCCESS |  
2019-09-12 11:55:35,494 [IPC Server handler 9 on 44726] ERROR pipeline.PipelinePlacementPolicy (PipelinePlacementPolicy.java:meetCriteria(91)) - Pipeline Placement: Doesn't meet the criteria to be viable node. Heaviness: 6
2019-09-12 11:55:35,494 [IPC Server handler 9 on 44726] ERROR pipeline.PipelinePlacementPolicy (PipelinePlacementPolicy.java:meetCriteria(91)) - Pipeline Placement: Doesn't meet the criteria to be viable node. Heaviness: 6
2019-09-12 11:55:35,494 [IPC Server handler 9 on 44726] ERROR pipeline.PipelinePlacementPolicy (PipelinePlacementPolicy.java:meetCriteria(91)) - Pipeline Placement: Doesn't meet the criteria to be viable node. Heaviness: 6
2019-09-12 11:55:35,495 [IPC Server handler 9 on 44726] ERROR pipeline.PipelinePlacementPolicy (PipelinePlacementPolicy.java:meetCriteria(91)) - Pipeline Placement: Doesn't meet the criteria to be viable node. Heaviness: 6
2019-09-12 11:55:35,495 [IPC Server handler 9 on 44726] ERROR pipeline.PipelinePlacementPolicy (PipelinePlacementPolicy.java:meetCriteria(91)) - Pipeline Placement: Doesn't meet the criteria to be viable node. Heaviness: 6
2019-09-12 11:55:35,495 [IPC Server handler 9 on 44726] ERROR pipeline.PipelinePlacementPolicy (PipelinePlacementPolicy.java:filterViableNodes(146)) - Unable to find enough nodes that meet the criteria that cannot engage in more than 5 pipelines. Nodes required: 3 Found: 0, healthy nodes count inNodeManager: 5.
2019-09-12 11:55:35,495 [IPC Server handler 9 on 44726] ERROR pipeline.SCMPipelineManager (SCMPipelineManager.java:createPipeline(161)) - Pipeline creation failed due to exception: Unable to find enough nodes that meet the criteria that cannot engage in more than 5 pipelines. Nodes required: 3 Found: 0, healthy nodes count inNodeManager: 5.
2019-09-12 11:55:35,495 [IPC Server handler 9 on 44726] WARN  block.BlockManagerImpl (BlockManagerImpl.java:allocateBlock(192)) - Pipeline creation failed for type:RATIS factor:THREE. Retrying get pipelines call once.
org.apache.hadoop.hdds.scm.exceptions.SCMException: Unable to find enough nodes that meet the criteria that cannot engage in more than 5 pipelines. Nodes required: 3 Found: 0, healthy nodes count inNodeManager: 5.
	at org.apache.hadoop.hdds.scm.pipeline.PipelinePlacementPolicy.filterViableNodes(PipelinePlacementPolicy.java:147)
	at org.apache.hadoop.hdds.scm.pipeline.PipelinePlacementPolicy.chooseDatanodes(PipelinePlacementPolicy.java:170)
	at org.apache.hadoop.hdds.scm.pipeline.RatisPipelineProvider.create(RatisPipelineProvider.java:92)
	at org.apache.hadoop.hdds.scm.pipeline.PipelineFactory.create(PipelineFactory.java:57)
	at org.apache.hadoop.hdds.scm.pipeline.SCMPipelineManager.createPipeline(SCMPipelineManager.java:149)
	at org.apache.hadoop.hdds.scm.block.BlockManagerImpl.allocateBlock(BlockManagerImpl.java:190)
	at org.apache.hadoop.hdds.scm.server.SCMBlockProtocolServer.allocateBlock(SCMBlockProtocolServer.java:175)
	at org.apache.hadoop.ozone.protocolPB.ScmBlockLocationProtocolServerSideTranslatorPB.allocateScmBlock(ScmBlockLocationProtocolServerSideTranslatorPB.java:153)
	at org.apache.hadoop.ozone.protocolPB.ScmBlockLocationProtocolServerSideTranslatorPB.send(ScmBlockLocationProtocolServerSideTranslatorPB.java:112)
	at org.apache.hadoop.hdds.protocol.proto.ScmBlockLocationProtocolProtos$ScmBlockLocationProtocolService$2.callBlockingMethod(ScmBlockLocationProtocolProtos.java:13157)
	at org.apache.hadoop.ipc.ProtobufRpcEngine$Server$ProtoBufRpcInvoker.call(ProtobufRpcEngine.java:524)
	at org.apache.hadoop.ipc.RPC$Server.call(RPC.java:1025)
	at org.apache.hadoop.ipc.Server$RpcCall.run(Server.java:876)
	at org.apache.hadoop.ipc.Server$RpcCall.run(Server.java:822)
	at java.security.AccessController.doPrivileged(Native Method)
	at javax.security.auth.Subject.doAs(Subject.java:422)
	at org.apache.hadoop.security.UserGroupInformation.doAs(UserGroupInformation.java:1730)
	at org.apache.hadoop.ipc.Server$Handler.run(Server.java:2682)
2019-09-12 11:55:35,496 [IPC Server handler 9 on 44726] INFO  block.BlockManagerImpl (BlockManagerImpl.java:allocateBlock(198)) - Could not find available pipeline of type:RATIS and factor:THREE even after retrying
2019-09-12 11:55:35,496 [IPC Server handler 9 on 44726] ERROR block.BlockManagerImpl (BlockManagerImpl.java:allocateBlock(222)) - Unable to allocate a block for the size: 4194304, type: RATIS, factor: THREE
2019-09-12 11:55:35,496 [IPC Server handler 9 on 44726] ERROR pipeline.PipelinePlacementPolicy (PipelinePlacementPolicy.java:meetCriteria(91)) - Pipeline Placement: Doesn't meet the criteria to be viable node. Heaviness: 6
2019-09-12 11:55:35,496 [IPC Server handler 9 on 44726] ERROR pipeline.PipelinePlacementPolicy (PipelinePlacementPolicy.java:meetCriteria(91)) - Pipeline Placement: Doesn't meet the criteria to be viable node. Heaviness: 6
2019-09-12 11:55:35,497 [IPC Server handler 9 on 44726] ERROR pipeline.PipelinePlacementPolicy (PipelinePlacementPolicy.java:meetCriteria(91)) - Pipeline Placement: Doesn't meet the criteria to be viable node. Heaviness: 6
2019-09-12 11:55:35,497 [IPC Server handler 9 on 44726] ERROR pipeline.PipelinePlacementPolicy (PipelinePlacementPolicy.java:meetCriteria(91)) - Pipeline Placement: Doesn't meet the criteria to be viable node. Heaviness: 6
2019-09-12 11:55:35,497 [IPC Server handler 9 on 44726] ERROR pipeline.PipelinePlacementPolicy (PipelinePlacementPolicy.java:meetCriteria(91)) - Pipeline Placement: Doesn't meet the criteria to be viable node. Heaviness: 6
2019-09-12 11:55:35,497 [IPC Server handler 9 on 44726] ERROR pipeline.PipelinePlacementPolicy (PipelinePlacementPolicy.java:filterViableNodes(146)) - Unable to find enough nodes that meet the criteria that cannot engage in more than 5 pipelines. Nodes required: 3 Found: 0, healthy nodes count inNodeManager: 5.
2019-09-12 11:55:35,497 [IPC Server handler 9 on 44726] ERROR pipeline.SCMPipelineManager (SCMPipelineManager.java:createPipeline(161)) - Pipeline creation failed due to exception: Unable to find enough nodes that meet the criteria that cannot engage in more than 5 pipelines. Nodes required: 3 Found: 0, healthy nodes count inNodeManager: 5.
2019-09-12 11:55:35,497 [IPC Server handler 9 on 44726] WARN  block.BlockManagerImpl (BlockManagerImpl.java:allocateBlock(192)) - Pipeline creation failed for type:RATIS factor:THREE. Retrying get pipelines call once.
org.apache.hadoop.hdds.scm.exceptions.SCMException: Unable to find enough nodes that meet the criteria that cannot engage in more than 5 pipelines. Nodes required: 3 Found: 0, healthy nodes count inNodeManager: 5.
	at org.apache.hadoop.hdds.scm.pipeline.PipelinePlacementPolicy.filterViableNodes(PipelinePlacementPolicy.java:147)
	at org.apache.hadoop.hdds.scm.pipeline.PipelinePlacementPolicy.chooseDatanodes(PipelinePlacementPolicy.java:170)
	at org.apache.hadoop.hdds.scm.pipeline.RatisPipelineProvider.create(RatisPipelineProvider.java:92)
	at org.apache.hadoop.hdds.scm.pipeline.PipelineFactory.create(PipelineFactory.java:57)
	at org.apache.hadoop.hdds.scm.pipeline.SCMPipelineManager.createPipeline(SCMPipelineManager.java:149)
	at org.apache.hadoop.hdds.scm.block.BlockManagerImpl.allocateBlock(BlockManagerImpl.java:190)
	at org.apache.hadoop.hdds.scm.server.SCMBlockProtocolServer.allocateBlock(SCMBlockProtocolServer.java:175)
	at org.apache.hadoop.ozone.protocolPB.ScmBlockLocationProtocolServerSideTranslatorPB.allocateScmBlock(ScmBlockLocationProtocolServerSideTranslatorPB.java:153)
	at org.apache.hadoop.ozone.protocolPB.ScmBlockLocationProtocolServerSideTranslatorPB.send(ScmBlockLocationProtocolServerSideTranslatorPB.java:112)
	at org.apache.hadoop.hdds.protocol.proto.ScmBlockLocationProtocolProtos$ScmBlockLocationProtocolService$2.callBlockingMethod(ScmBlockLocationProtocolProtos.java:13157)
	at org.apache.hadoop.ipc.ProtobufRpcEngine$Server$ProtoBufRpcInvoker.call(ProtobufRpcEngine.java:524)
	at org.apache.hadoop.ipc.RPC$Server.call(RPC.java:1025)
	at org.apache.hadoop.ipc.Server$RpcCall.run(Server.java:876)
	at org.apache.hadoop.ipc.Server$RpcCall.run(Server.java:822)
	at java.security.AccessController.doPrivileged(Native Method)
	at javax.security.auth.Subject.doAs(Subject.java:422)
	at org.apache.hadoop.security.UserGroupInformation.doAs(UserGroupInformation.java:1730)
	at org.apache.hadoop.ipc.Server$Handler.run(Server.java:2682)
2019-09-12 11:55:35,500 [IPC Server handler 9 on 44726] INFO  block.BlockManagerImpl (BlockManagerImpl.java:allocateBlock(198)) - Could not find available pipeline of type:RATIS and factor:THREE even after retrying
2019-09-12 11:55:35,500 [IPC Server handler 9 on 44726] ERROR block.BlockManagerImpl (BlockManagerImpl.java:allocateBlock(222)) - Unable to allocate a block for the size: 4194304, type: RATIS, factor: THREE
2019-09-12 11:55:35,500 [IPC Server handler 9 on 44726] ERROR pipeline.PipelinePlacementPolicy (PipelinePlacementPolicy.java:meetCriteria(91)) - Pipeline Placement: Doesn't meet the criteria to be viable node. Heaviness: 6
2019-09-12 11:55:35,500 [IPC Server handler 9 on 44726] ERROR pipeline.PipelinePlacementPolicy (PipelinePlacementPolicy.java:meetCriteria(91)) - Pipeline Placement: Doesn't meet the criteria to be viable node. Heaviness: 6
2019-09-12 11:55:35,500 [IPC Server handler 9 on 44726] ERROR pipeline.PipelinePlacementPolicy (PipelinePlacementPolicy.java:meetCriteria(91)) - Pipeline Placement: Doesn't meet the criteria to be viable node. Heaviness: 6
2019-09-12 11:55:35,501 [IPC Server handler 9 on 44726] ERROR pipeline.PipelinePlacementPolicy (PipelinePlacementPolicy.java:meetCriteria(91)) - Pipeline Placement: Doesn't meet the criteria to be viable node. Heaviness: 6
2019-09-12 11:55:35,501 [IPC Server handler 9 on 44726] ERROR pipeline.PipelinePlacementPolicy (PipelinePlacementPolicy.java:meetCriteria(91)) - Pipeline Placement: Doesn't meet the criteria to be viable node. Heaviness: 6
2019-09-12 11:55:35,501 [IPC Server handler 9 on 44726] ERROR pipeline.PipelinePlacementPolicy (PipelinePlacementPolicy.java:filterViableNodes(146)) - Unable to find enough nodes that meet the criteria that cannot engage in more than 5 pipelines. Nodes required: 3 Found: 0, healthy nodes count inNodeManager: 5.
2019-09-12 11:55:35,501 [IPC Server handler 9 on 44726] ERROR pipeline.SCMPipelineManager (SCMPipelineManager.java:createPipeline(161)) - Pipeline creation failed due to exception: Unable to find enough nodes that meet the criteria that cannot engage in more than 5 pipelines. Nodes required: 3 Found: 0, healthy nodes count inNodeManager: 5.
2019-09-12 11:55:35,501 [IPC Server handler 9 on 44726] WARN  block.BlockManagerImpl (BlockManagerImpl.java:allocateBlock(192)) - Pipeline creation failed for type:RATIS factor:THREE. Retrying get pipelines call once.
org.apache.hadoop.hdds.scm.exceptions.SCMException: Unable to find enough nodes that meet the criteria that cannot engage in more than 5 pipelines. Nodes required: 3 Found: 0, healthy nodes count inNodeManager: 5.
	at org.apache.hadoop.hdds.scm.pipeline.PipelinePlacementPolicy.filterViableNodes(PipelinePlacementPolicy.java:147)
	at org.apache.hadoop.hdds.scm.pipeline.PipelinePlacementPolicy.chooseDatanodes(PipelinePlacementPolicy.java:170)
	at org.apache.hadoop.hdds.scm.pipeline.RatisPipelineProvider.create(RatisPipelineProvider.java:92)
	at org.apache.hadoop.hdds.scm.pipeline.PipelineFactory.create(PipelineFactory.java:57)
	at org.apache.hadoop.hdds.scm.pipeline.SCMPipelineManager.createPipeline(SCMPipelineManager.java:149)
	at org.apache.hadoop.hdds.scm.block.BlockManagerImpl.allocateBlock(BlockManagerImpl.java:190)
	at org.apache.hadoop.hdds.scm.server.SCMBlockProtocolServer.allocateBlock(SCMBlockProtocolServer.java:175)
	at org.apache.hadoop.ozone.protocolPB.ScmBlockLocationProtocolServerSideTranslatorPB.allocateScmBlock(ScmBlockLocationProtocolServerSideTranslatorPB.java:153)
	at org.apache.hadoop.ozone.protocolPB.ScmBlockLocationProtocolServerSideTranslatorPB.send(ScmBlockLocationProtocolServerSideTranslatorPB.java:112)
	at org.apache.hadoop.hdds.protocol.proto.ScmBlockLocationProtocolProtos$ScmBlockLocationProtocolService$2.callBlockingMethod(ScmBlockLocationProtocolProtos.java:13157)
	at org.apache.hadoop.ipc.ProtobufRpcEngine$Server$ProtoBufRpcInvoker.call(ProtobufRpcEngine.java:524)
	at org.apache.hadoop.ipc.RPC$Server.call(RPC.java:1025)
	at org.apache.hadoop.ipc.Server$RpcCall.run(Server.java:876)
	at org.apache.hadoop.ipc.Server$RpcCall.run(Server.java:822)
	at java.security.AccessController.doPrivileged(Native Method)
	at javax.security.auth.Subject.doAs(Subject.java:422)
	at org.apache.hadoop.security.UserGroupInformation.doAs(UserGroupInformation.java:1730)
	at org.apache.hadoop.ipc.Server$Handler.run(Server.java:2682)
2019-09-12 11:55:35,502 [IPC Server handler 9 on 44726] INFO  block.BlockManagerImpl (BlockManagerImpl.java:allocateBlock(198)) - Could not find available pipeline of type:RATIS and factor:THREE even after retrying
2019-09-12 11:55:35,502 [IPC Server handler 9 on 44726] ERROR block.BlockManagerImpl (BlockManagerImpl.java:allocateBlock(222)) - Unable to allocate a block for the size: 4194304, type: RATIS, factor: THREE
2019-09-12 11:55:35,502 [IPC Server handler 9 on 44726] ERROR pipeline.PipelinePlacementPolicy (PipelinePlacementPolicy.java:meetCriteria(91)) - Pipeline Placement: Doesn't meet the criteria to be viable node. Heaviness: 6
2019-09-12 11:55:35,502 [IPC Server handler 9 on 44726] ERROR pipeline.PipelinePlacementPolicy (PipelinePlacementPolicy.java:meetCriteria(91)) - Pipeline Placement: Doesn't meet the criteria to be viable node. Heaviness: 6
2019-09-12 11:55:35,503 [IPC Server handler 9 on 44726] ERROR pipeline.PipelinePlacementPolicy (PipelinePlacementPolicy.java:meetCriteria(91)) - Pipeline Placement: Doesn't meet the criteria to be viable node. Heaviness: 6
2019-09-12 11:55:35,503 [IPC Server handler 9 on 44726] ERROR pipeline.PipelinePlacementPolicy (PipelinePlacementPolicy.java:meetCriteria(91)) - Pipeline Placement: Doesn't meet the criteria to be viable node. Heaviness: 6
2019-09-12 11:55:35,503 [IPC Server handler 9 on 44726] ERROR pipeline.PipelinePlacementPolicy (PipelinePlacementPolicy.java:meetCriteria(91)) - Pipeline Placement: Doesn't meet the criteria to be viable node. Heaviness: 6
2019-09-12 11:55:35,503 [IPC Server handler 9 on 44726] ERROR pipeline.PipelinePlacementPolicy (PipelinePlacementPolicy.java:filterViableNodes(146)) - Unable to find enough nodes that meet the criteria that cannot engage in more than 5 pipelines. Nodes required: 3 Found: 0, healthy nodes count inNodeManager: 5.
2019-09-12 11:55:35,503 [IPC Server handler 9 on 44726] ERROR pipeline.SCMPipelineManager (SCMPipelineManager.java:createPipeline(161)) - Pipeline creation failed due to exception: Unable to find enough nodes that meet the criteria that cannot engage in more than 5 pipelines. Nodes required: 3 Found: 0, healthy nodes count inNodeManager: 5.
2019-09-12 11:55:35,503 [IPC Server handler 9 on 44726] WARN  block.BlockManagerImpl (BlockManagerImpl.java:allocateBlock(192)) - Pipeline creation failed for type:RATIS factor:THREE. Retrying get pipelines call once.
org.apache.hadoop.hdds.scm.exceptions.SCMException: Unable to find enough nodes that meet the criteria that cannot engage in more than 5 pipelines. Nodes required: 3 Found: 0, healthy nodes count inNodeManager: 5.
	at org.apache.hadoop.hdds.scm.pipeline.PipelinePlacementPolicy.filterViableNodes(PipelinePlacementPolicy.java:147)
	at org.apache.hadoop.hdds.scm.pipeline.PipelinePlacementPolicy.chooseDatanodes(PipelinePlacementPolicy.java:170)
	at org.apache.hadoop.hdds.scm.pipeline.RatisPipelineProvider.create(RatisPipelineProvider.java:92)
	at org.apache.hadoop.hdds.scm.pipeline.PipelineFactory.create(PipelineFactory.java:57)
	at org.apache.hadoop.hdds.scm.pipeline.SCMPipelineManager.createPipeline(SCMPipelineManager.java:149)
	at org.apache.hadoop.hdds.scm.block.BlockManagerImpl.allocateBlock(BlockManagerImpl.java:190)
	at org.apache.hadoop.hdds.scm.server.SCMBlockProtocolServer.allocateBlock(SCMBlockProtocolServer.java:175)
	at org.apache.hadoop.ozone.protocolPB.ScmBlockLocationProtocolServerSideTranslatorPB.allocateScmBlock(ScmBlockLocationProtocolServerSideTranslatorPB.java:153)
	at org.apache.hadoop.ozone.protocolPB.ScmBlockLocationProtocolServerSideTranslatorPB.send(ScmBlockLocationProtocolServerSideTranslatorPB.java:112)
	at org.apache.hadoop.hdds.protocol.proto.ScmBlockLocationProtocolProtos$ScmBlockLocationProtocolService$2.callBlockingMethod(ScmBlockLocationProtocolProtos.java:13157)
	at org.apache.hadoop.ipc.ProtobufRpcEngine$Server$ProtoBufRpcInvoker.call(ProtobufRpcEngine.java:524)
	at org.apache.hadoop.ipc.RPC$Server.call(RPC.java:1025)
	at org.apache.hadoop.ipc.Server$RpcCall.run(Server.java:876)
	at org.apache.hadoop.ipc.Server$RpcCall.run(Server.java:822)
	at java.security.AccessController.doPrivileged(Native Method)
	at javax.security.auth.Subject.doAs(Subject.java:422)
	at org.apache.hadoop.security.UserGroupInformation.doAs(UserGroupInformation.java:1730)
	at org.apache.hadoop.ipc.Server$Handler.run(Server.java:2682)
2019-09-12 11:55:35,504 [IPC Server handler 9 on 44726] INFO  block.BlockManagerImpl (BlockManagerImpl.java:allocateBlock(198)) - Could not find available pipeline of type:RATIS and factor:THREE even after retrying
2019-09-12 11:55:35,504 [IPC Server handler 9 on 44726] ERROR block.BlockManagerImpl (BlockManagerImpl.java:allocateBlock(222)) - Unable to allocate a block for the size: 4194304, type: RATIS, factor: THREE
2019-09-12 11:55:35,504 [IPC Server handler 9 on 44726] ERROR pipeline.PipelinePlacementPolicy (PipelinePlacementPolicy.java:meetCriteria(91)) - Pipeline Placement: Doesn't meet the criteria to be viable node. Heaviness: 6
2019-09-12 11:55:35,504 [IPC Server handler 9 on 44726] ERROR pipeline.PipelinePlacementPolicy (PipelinePlacementPolicy.java:meetCriteria(91)) - Pipeline Placement: Doesn't meet the criteria to be viable node. Heaviness: 6
2019-09-12 11:55:35,504 [IPC Server handler 9 on 44726] ERROR pipeline.PipelinePlacementPolicy (PipelinePlacementPolicy.java:meetCriteria(91)) - Pipeline Placement: Doesn't meet the criteria to be viable node. Heaviness: 6
2019-09-12 11:55:35,505 [IPC Server handler 9 on 44726] ERROR pipeline.PipelinePlacementPolicy (PipelinePlacementPolicy.java:meetCriteria(91)) - Pipeline Placement: Doesn't meet the criteria to be viable node. Heaviness: 6
2019-09-12 11:55:35,505 [IPC Server handler 9 on 44726] ERROR pipeline.PipelinePlacementPolicy (PipelinePlacementPolicy.java:meetCriteria(91)) - Pipeline Placement: Doesn't meet the criteria to be viable node. Heaviness: 6
2019-09-12 11:55:35,505 [IPC Server handler 9 on 44726] ERROR pipeline.PipelinePlacementPolicy (PipelinePlacementPolicy.java:filterViableNodes(146)) - Unable to find enough nodes that meet the criteria that cannot engage in more than 5 pipelines. Nodes required: 3 Found: 0, healthy nodes count inNodeManager: 5.
2019-09-12 11:55:35,505 [IPC Server handler 9 on 44726] ERROR pipeline.SCMPipelineManager (SCMPipelineManager.java:createPipeline(161)) - Pipeline creation failed due to exception: Unable to find enough nodes that meet the criteria that cannot engage in more than 5 pipelines. Nodes required: 3 Found: 0, healthy nodes count inNodeManager: 5.
2019-09-12 11:55:35,505 [IPC Server handler 9 on 44726] WARN  block.BlockManagerImpl (BlockManagerImpl.java:allocateBlock(192)) - Pipeline creation failed for type:RATIS factor:THREE. Retrying get pipelines call once.
org.apache.hadoop.hdds.scm.exceptions.SCMException: Unable to find enough nodes that meet the criteria that cannot engage in more than 5 pipelines. Nodes required: 3 Found: 0, healthy nodes count inNodeManager: 5.
	at org.apache.hadoop.hdds.scm.pipeline.PipelinePlacementPolicy.filterViableNodes(PipelinePlacementPolicy.java:147)
	at org.apache.hadoop.hdds.scm.pipeline.PipelinePlacementPolicy.chooseDatanodes(PipelinePlacementPolicy.java:170)
	at org.apache.hadoop.hdds.scm.pipeline.RatisPipelineProvider.create(RatisPipelineProvider.java:92)
	at org.apache.hadoop.hdds.scm.pipeline.PipelineFactory.create(PipelineFactory.java:57)
	at org.apache.hadoop.hdds.scm.pipeline.SCMPipelineManager.createPipeline(SCMPipelineManager.java:149)
	at org.apache.hadoop.hdds.scm.block.BlockManagerImpl.allocateBlock(BlockManagerImpl.java:190)
	at org.apache.hadoop.hdds.scm.server.SCMBlockProtocolServer.allocateBlock(SCMBlockProtocolServer.java:175)
	at org.apache.hadoop.ozone.protocolPB.ScmBlockLocationProtocolServerSideTranslatorPB.allocateScmBlock(ScmBlockLocationProtocolServerSideTranslatorPB.java:153)
	at org.apache.hadoop.ozone.protocolPB.ScmBlockLocationProtocolServerSideTranslatorPB.send(ScmBlockLocationProtocolServerSideTranslatorPB.java:112)
	at org.apache.hadoop.hdds.protocol.proto.ScmBlockLocationProtocolProtos$ScmBlockLocationProtocolService$2.callBlockingMethod(ScmBlockLocationProtocolProtos.java:13157)
	at org.apache.hadoop.ipc.ProtobufRpcEngine$Server$ProtoBufRpcInvoker.call(ProtobufRpcEngine.java:524)
	at org.apache.hadoop.ipc.RPC$Server.call(RPC.java:1025)
	at org.apache.hadoop.ipc.Server$RpcCall.run(Server.java:876)
	at org.apache.hadoop.ipc.Server$RpcCall.run(Server.java:822)
	at java.security.AccessController.doPrivileged(Native Method)
	at javax.security.auth.Subject.doAs(Subject.java:422)
	at org.apache.hadoop.security.UserGroupInformation.doAs(UserGroupInformation.java:1730)
	at org.apache.hadoop.ipc.Server$Handler.run(Server.java:2682)
2019-09-12 11:55:35,506 [IPC Server handler 9 on 44726] INFO  block.BlockManagerImpl (BlockManagerImpl.java:allocateBlock(198)) - Could not find available pipeline of type:RATIS and factor:THREE even after retrying
2019-09-12 11:55:35,506 [IPC Server handler 9 on 44726] ERROR block.BlockManagerImpl (BlockManagerImpl.java:allocateBlock(222)) - Unable to allocate a block for the size: 4194304, type: RATIS, factor: THREE
2019-09-12 11:55:35,506 | INFO  | SCMAudit | user=jenkins1000 | ip=192.168.157.195 | op=ALLOCATE_BLOCK {owner=44452192-b36a-43af-bfba-1a5343cd8d7a, size=4194304, type=RATIS, factor=THREE} | ret=SUCCESS |  
2019-09-12 11:55:35,509 | ERROR | OMAudit | user=jenkins1000 | ip=127.0.0.1 | op=ALLOCATE_KEY {volume=vol-0-07391, bucket=bucket-0-21697, key=key-0-64962, dataSize=20971520, replicationType=RATIS, replicationFactor=THREE, keyLocationInfo=null} | ret=FAILURE | org.apache.hadoop.hdds.scm.exceptions.SCMException: Allocated 0 blocks. Requested 5 blocks
	at org.apache.hadoop.hdds.scm.protocolPB.ScmBlockLocationProtocolClientSideTranslatorPB.handleError(ScmBlockLocationProtocolClientSideTranslatorPB.java:118)
	at org.apache.hadoop.hdds.scm.protocolPB.ScmBlockLocationProtocolClientSideTranslatorPB.allocateBlock(ScmBlockLocationProtocolClientSideTranslatorPB.java:156) 
2019-09-12 11:55:35,512 [pool-79-thread-3] ERROR freon.RandomKeyGenerator (RandomKeyGenerator.java:createKey(724)) - Exception while adding key: key-0-64962 in bucket: bucket-0-21697 of volume: vol-0-07391.
INTERNAL_ERROR org.apache.hadoop.ozone.om.exceptions.OMException: Allocated 0 blocks. Requested 5 blocks
	at org.apache.hadoop.ozone.om.protocolPB.OzoneManagerProtocolClientSideTranslatorPB.handleError(OzoneManagerProtocolClientSideTranslatorPB.java:725)
	at org.apache.hadoop.ozone.om.protocolPB.OzoneManagerProtocolClientSideTranslatorPB.openKey(OzoneManagerProtocolClientSideTranslatorPB.java:716)
	at org.apache.hadoop.ozone.client.rpc.RpcClient.createKey(RpcClient.java:615)
	at org.apache.hadoop.ozone.client.OzoneBucket.createKey(OzoneBucket.java:323)
	at org.apache.hadoop.ozone.freon.RandomKeyGenerator.createKey(RandomKeyGenerator.java:686)
	at org.apache.hadoop.ozone.freon.RandomKeyGenerator.access$1100(RandomKeyGenerator.java:87)
	at org.apache.hadoop.ozone.freon.RandomKeyGenerator$ObjectCreator.run(RandomKeyGenerator.java:606)
	at java.util.concurrent.Executors$RunnableAdapter.call(Executors.java:511)
	at java.util.concurrent.FutureTask.run(FutureTask.java:266)
	at java.util.concurrent.ThreadPoolExecutor.runWorker(ThreadPoolExecutor.java:1149)
	at java.util.concurrent.ThreadPoolExecutor$Worker.run(ThreadPoolExecutor.java:624)
	at java.lang.Thread.run(Thread.java:748)
2019-09-12 11:55:35,569 | INFO  | SCMAudit | user=jenkins1000 | ip=192.168.157.195 | op=SEND_HEARTBEAT {datanodeUUID=5774a03e-6f88-4ed6-a57b-14b40bcf9480, command=[]} | ret=SUCCESS |  
2019-09-12 11:55:35,605 | INFO  | SCMAudit | user=jenkins1000 | ip=192.168.157.195 | op=SEND_HEARTBEAT {datanodeUUID=195b504c-ec15-4395-b30f-deaa4314771c, command=[]} | ret=SUCCESS |  
2019-09-12 11:55:35,636 | INFO  | SCMAudit | user=jenkins1000 | ip=192.168.157.195 | op=SEND_HEARTBEAT {datanodeUUID=3721b0b4-2420-471b-8c71-d07221d0164f, command=[]} | ret=SUCCESS |  
2019-09-12 11:55:35,818 | INFO  | SCMAudit | user=jenkins1000 | ip=192.168.157.195 | op=SEND_HEARTBEAT {datanodeUUID=2571ad41-02e3-435e-b75a-0c7e86386881, command=[]} | ret=SUCCESS |  
2019-09-12 11:55:35,981 | INFO  | SCMAudit | user=jenkins1000 | ip=192.168.157.195 | op=SEND_HEARTBEAT {datanodeUUID=fc058c35-4f1e-4195-8563-dfc72a0df006, command=[]} | ret=SUCCESS |  
 0.00% |█                                                                                                    |  0/1 Time: 0:00:012019-09-12 11:55:36,569 | INFO  | SCMAudit | user=jenkins1000 | ip=192.168.157.195 | op=SEND_HEARTBEAT {datanodeUUID=5774a03e-6f88-4ed6-a57b-14b40bcf9480, command=[]} | ret=SUCCESS |  
2019-09-12 11:55:36,605 | INFO  | SCMAudit | user=jenkins1000 | ip=192.168.157.195 | op=SEND_HEARTBEAT {datanodeUUID=195b504c-ec15-4395-b30f-deaa4314771c, command=[]} | ret=SUCCESS |  
2019-09-12 11:55:36,636 | INFO  | SCMAudit | user=jenkins1000 | ip=192.168.157.195 | op=SEND_HEARTBEAT {datanodeUUID=3721b0b4-2420-471b-8c71-d07221d0164f, command=[]} | ret=SUCCESS |  
2019-09-12 11:55:36,818 | INFO  | SCMAudit | user=jenkins1000 | ip=192.168.157.195 | op=SEND_HEARTBEAT {datanodeUUID=2571ad41-02e3-435e-b75a-0c7e86386881, command=[]} | ret=SUCCESS |  
2019-09-12 11:55:36,982 | INFO  | SCMAudit | user=jenkins1000 | ip=192.168.157.195 | op=SEND_HEARTBEAT {datanodeUUID=fc058c35-4f1e-4195-8563-dfc72a0df006, command=[]} | ret=SUCCESS |  
 0.00% |█                                                                                                    |  0/1 Time: 0:00:022019-09-12 11:55:37,569 | INFO  | SCMAudit | user=jenkins1000 | ip=192.168.157.195 | op=SEND_HEARTBEAT {datanodeUUID=5774a03e-6f88-4ed6-a57b-14b40bcf9480, command=[]} | ret=SUCCESS |  
2019-09-12 11:55:37,605 | INFO  | SCMAudit | user=jenkins1000 | ip=192.168.157.195 | op=SEND_HEARTBEAT {datanodeUUID=195b504c-ec15-4395-b30f-deaa4314771c, command=[]} | ret=SUCCESS |  
2019-09-12 11:55:37,637 | INFO  | SCMAudit | user=jenkins1000 | ip=192.168.157.195 | op=SEND_HEARTBEAT {datanodeUUID=3721b0b4-2420-471b-8c71-d07221d0164f, command=[]} | ret=SUCCESS |  
2019-09-12 11:55:37,818 | INFO  | SCMAudit | user=jenkins1000 | ip=192.168.157.195 | op=SEND_HEARTBEAT {datanodeUUID=2571ad41-02e3-435e-b75a-0c7e86386881, command=[]} | ret=SUCCESS |  
2019-09-12 11:55:37,982 | INFO  | SCMAudit | user=jenkins1000 | ip=192.168.157.195 | op=SEND_HEARTBEAT {datanodeUUID=fc058c35-4f1e-4195-8563-dfc72a0df006, command=[]} | ret=SUCCESS |  
 0.00% |█                                                                                                    |  0/1 Time: 0:00:032019-09-12 11:55:38,570 | INFO  | SCMAudit | user=jenkins1000 | ip=192.168.157.195 | op=SEND_HEARTBEAT {datanodeUUID=5774a03e-6f88-4ed6-a57b-14b40bcf9480, command=[]} | ret=SUCCESS |  
2019-09-12 11:55:38,605 | INFO  | SCMAudit | user=jenkins1000 | ip=192.168.157.195 | op=SEND_HEARTBEAT {datanodeUUID=195b504c-ec15-4395-b30f-deaa4314771c, command=[]} | ret=SUCCESS |  
2019-09-12 11:55:38,638 | INFO  | SCMAudit | user=jenkins1000 | ip=192.168.157.195 | op=SEND_HEARTBEAT {datanodeUUID=3721b0b4-2420-471b-8c71-d07221d0164f, command=[]} | ret=SUCCESS |  
2019-09-12 11:55:38,817 | INFO  | SCMAudit | user=jenkins1000 | ip=192.168.157.195 | op=SEND_HEARTBEAT {datanodeUUID=2571ad41-02e3-435e-b75a-0c7e86386881, command=[]} | ret=SUCCESS |  
2019-09-12 11:55:38,983 | INFO  | SCMAudit | user=jenkins1000 | ip=192.168.157.195 | op=SEND_HEARTBEAT {datanodeUUID=fc058c35-4f1e-4195-8563-dfc72a0df006, command=[]} | ret=SUCCESS |  
 0.00% |█                                                                                                    |  0/1 Time: 0:00:042019-09-12 11:55:39,571 | INFO  | SCMAudit | user=jenkins1000 | ip=192.168.157.195 | op=SEND_HEARTBEAT {datanodeUUID=5774a03e-6f88-4ed6-a57b-14b40bcf9480, command=[]} | ret=SUCCESS |  
2019-09-12 11:55:39,605 | INFO  | SCMAudit | user=jenkins1000 | ip=192.168.157.195 | op=SEND_HEARTBEAT {datanodeUUID=195b504c-ec15-4395-b30f-deaa4314771c, command=[]} | ret=SUCCESS |  
2019-09-12 11:55:39,639 | INFO  | SCMAudit | user=jenkins1000 | ip=192.168.157.195 | op=SEND_HEARTBEAT {datanodeUUID=3721b0b4-2420-471b-8c71-d07221d0164f, command=[]} | ret=SUCCESS |  
2019-09-12 11:55:39,818 | INFO  | SCMAudit | user=jenkins1000 | ip=192.168.157.195 | op=SEND_HEARTBEAT {datanodeUUID=2571ad41-02e3-435e-b75a-0c7e86386881, command=[]} | ret=SUCCESS |  
2019-09-12 11:55:39,983 | INFO  | SCMAudit | user=jenkins1000 | ip=192.168.157.195 | op=SEND_HEARTBEAT {datanodeUUID=fc058c35-4f1e-4195-8563-dfc72a0df006, command=[]} | ret=SUCCESS |  
 100.00% |█████████████████████████████████████████████████████████████████████████████████████████████████████|  1/1 Time: 0:00:05
2019-09-12 11:55:40,570 | INFO  | SCMAudit | user=jenkins1000 | ip=192.168.157.195 | op=SEND_HEARTBEAT {datanodeUUID=5774a03e-6f88-4ed6-a57b-14b40bcf9480, command=[]} | ret=SUCCESS |  
2019-09-12 11:55:40,605 | INFO  | SCMAudit | user=jenkins1000 | ip=192.168.157.195 | op=SEND_HEARTBEAT {datanodeUUID=195b504c-ec15-4395-b30f-deaa4314771c, command=[]} | ret=SUCCESS |  
2019-09-12 11:55:40,640 | INFO  | SCMAudit | user=jenkins1000 | ip=192.168.157.195 | op=SEND_HEARTBEAT {datanodeUUID=3721b0b4-2420-471b-8c71-d07221d0164f, command=[]} | ret=SUCCESS |  
2019-09-12 11:55:40,818 | INFO  | SCMAudit | user=jenkins1000 | ip=192.168.157.195 | op=SEND_HEARTBEAT {datanodeUUID=2571ad41-02e3-435e-b75a-0c7e86386881, command=[]} | ret=SUCCESS |  
2019-09-12 11:55:40,983 | INFO  | SCMAudit | user=jenkins1000 | ip=192.168.157.195 | op=SEND_HEARTBEAT {datanodeUUID=fc058c35-4f1e-4195-8563-dfc72a0df006, command=[]} | ret=SUCCESS |  
2019-09-12 11:55:41,570 | INFO  | SCMAudit | user=jenkins1000 | ip=192.168.157.195 | op=SEND_HEARTBEAT {datanodeUUID=5774a03e-6f88-4ed6-a57b-14b40bcf9480, command=[]} | ret=SUCCESS |  
2019-09-12 11:55:41,605 | INFO  | SCMAudit | user=jenkins1000 | ip=192.168.157.195 | op=SEND_HEARTBEAT {datanodeUUID=195b504c-ec15-4395-b30f-deaa4314771c, command=[]} | ret=SUCCESS |  
2019-09-12 11:55:41,640 | INFO  | SCMAudit | user=jenkins1000 | ip=192.168.157.195 | op=SEND_HEARTBEAT {datanodeUUID=3721b0b4-2420-471b-8c71-d07221d0164f, command=[]} | ret=SUCCESS |  
2019-09-12 11:55:41,820 | INFO  | SCMAudit | user=jenkins1000 | ip=192.168.157.195 | op=SEND_HEARTBEAT {datanodeUUID=2571ad41-02e3-435e-b75a-0c7e86386881, command=[]} | ret=SUCCESS |  
2019-09-12 11:55:41,984 | INFO  | SCMAudit | user=jenkins1000 | ip=192.168.157.195 | op=SEND_HEARTBEAT {datanodeUUID=fc058c35-4f1e-4195-8563-dfc72a0df006, command=[]} | ret=SUCCESS |  
2019-09-12 11:55:42,570 | INFO  | SCMAudit | user=jenkins1000 | ip=192.168.157.195 | op=SEND_HEARTBEAT {datanodeUUID=5774a03e-6f88-4ed6-a57b-14b40bcf9480, command=[]} | ret=SUCCESS |  
2019-09-12 11:55:42,605 | INFO  | SCMAudit | user=jenkins1000 | ip=192.168.157.195 | op=SEND_HEARTBEAT {datanodeUUID=195b504c-ec15-4395-b30f-deaa4314771c, command=[]} | ret=SUCCESS |  
2019-09-12 11:55:42,640 | INFO  | SCMAudit | user=jenkins1000 | ip=192.168.157.195 | op=SEND_HEARTBEAT {datanodeUUID=3721b0b4-2420-471b-8c71-d07221d0164f, command=[]} | ret=SUCCESS |  
2019-09-12 11:55:42,823 | INFO  | SCMAudit | user=jenkins1000 | ip=192.168.157.195 | op=SEND_HEARTBEAT {datanodeUUID=2571ad41-02e3-435e-b75a-0c7e86386881, command=[]} | ret=SUCCESS |  
2019-09-12 11:55:42,984 | INFO  | SCMAudit | user=jenkins1000 | ip=192.168.157.195 | op=SEND_HEARTBEAT {datanodeUUID=fc058c35-4f1e-4195-8563-dfc72a0df006, command=[]} | ret=SUCCESS |  
2019-09-12 11:55:43,570 | INFO  | SCMAudit | user=jenkins1000 | ip=192.168.157.195 | op=SEND_HEARTBEAT {datanodeUUID=5774a03e-6f88-4ed6-a57b-14b40bcf9480, command=[]} | ret=SUCCESS |  
2019-09-12 11:55:43,605 | INFO  | SCMAudit | user=jenkins1000 | ip=192.168.157.195 | op=SEND_HEARTBEAT {datanodeUUID=195b504c-ec15-4395-b30f-deaa4314771c, command=[]} | ret=SUCCESS |  
2019-09-12 11:55:43,641 | INFO  | SCMAudit | user=jenkins1000 | ip=192.168.157.195 | op=SEND_HEARTBEAT {datanodeUUID=3721b0b4-2420-471b-8c71-d07221d0164f, command=[]} | ret=SUCCESS |  
2019-09-12 11:55:43,823 | INFO  | SCMAudit | user=jenkins1000 | ip=192.168.157.195 | op=SEND_HEARTBEAT {datanodeUUID=2571ad41-02e3-435e-b75a-0c7e86386881, command=[]} | ret=SUCCESS |  
2019-09-12 11:55:43,985 | INFO  | SCMAudit | user=jenkins1000 | ip=192.168.157.195 | op=SEND_HEARTBEAT {datanodeUUID=fc058c35-4f1e-4195-8563-dfc72a0df006, command=[]} | ret=SUCCESS |  
2019-09-12 11:55:44,570 | INFO  | SCMAudit | user=jenkins1000 | ip=192.168.157.195 | op=SEND_HEARTBEAT {datanodeUUID=5774a03e-6f88-4ed6-a57b-14b40bcf9480, command=[]} | ret=SUCCESS |  
2019-09-12 11:55:44,604 | INFO  | SCMAudit | user=jenkins1000 | ip=192.168.157.195 | op=SEND_HEARTBEAT {datanodeUUID=195b504c-ec15-4395-b30f-deaa4314771c, command=[]} | ret=SUCCESS |  
2019-09-12 11:55:44,640 | INFO  | SCMAudit | user=jenkins1000 | ip=192.168.157.195 | op=SEND_HEARTBEAT {datanodeUUID=3721b0b4-2420-471b-8c71-d07221d0164f, command=[]} | ret=SUCCESS |  
2019-09-12 11:55:44,824 | INFO  | SCMAudit | user=jenkins1000 | ip=192.168.157.195 | op=SEND_HEARTBEAT {datanodeUUID=2571ad41-02e3-435e-b75a-0c7e86386881, command=[]} | ret=SUCCESS |  
2019-09-12 11:55:44,985 | INFO  | SCMAudit | user=jenkins1000 | ip=192.168.157.195 | op=SEND_HEARTBEAT {datanodeUUID=fc058c35-4f1e-4195-8563-dfc72a0df006, command=[]} | ret=SUCCESS |  
]]></system-out>
  </testcase>
  <testcase name="validateWriteTest" classname="org.apache.hadoop.ozone.freon.TestDataValidateWithUnsafeByteOperations" time="10.031">
    <error message="Allocated 0 blocks. Requested 1 blocks" type="INTERNAL_ERROR org.apache.hadoop.ozone.om.exceptions.OMException">INTERNAL_ERROR org.apache.hadoop.ozone.om.exceptions.OMException: Allocated 0 blocks. Requested 1 blocks
	at org.apache.hadoop.ozone.om.protocolPB.OzoneManagerProtocolClientSideTranslatorPB.handleError(OzoneManagerProtocolClientSideTranslatorPB.java:725)
	at org.apache.hadoop.ozone.om.protocolPB.OzoneManagerProtocolClientSideTranslatorPB.openKey(OzoneManagerProtocolClientSideTranslatorPB.java:716)
	at org.apache.hadoop.ozone.client.rpc.RpcClient.createKey(RpcClient.java:615)
	at org.apache.hadoop.ozone.client.OzoneBucket.createKey(OzoneBucket.java:323)
	at org.apache.hadoop.ozone.freon.RandomKeyGenerator.createKey(RandomKeyGenerator.java:686)
	at org.apache.hadoop.ozone.freon.RandomKeyGenerator.access$1100(RandomKeyGenerator.java:87)
	at org.apache.hadoop.ozone.freon.RandomKeyGenerator$ObjectCreator.run(RandomKeyGenerator.java:606)
	at java.util.concurrent.Executors$RunnableAdapter.call(Executors.java:511)
	at java.util.concurrent.FutureTask.run(FutureTask.java:266)
	at java.util.concurrent.ThreadPoolExecutor.runWorker(ThreadPoolExecutor.java:1149)
	at java.util.concurrent.ThreadPoolExecutor$Worker.run(ThreadPoolExecutor.java:624)
	at java.lang.Thread.run(Thread.java:748)
</error>
    <system-out><![CDATA[2019-09-12 11:55:45,491 [main] INFO  freon.RandomKeyGenerator (RandomKeyGenerator.java:call(275)) - Number of Threads: 10
2019-09-12 11:55:45,492 [main] INFO  freon.RandomKeyGenerator (RandomKeyGenerator.java:call(280)) - Number of Volumes: 2.
2019-09-12 11:55:45,492 [main] INFO  freon.RandomKeyGenerator (RandomKeyGenerator.java:call(281)) - Number of Buckets per Volume: 5.
2019-09-12 11:55:45,492 [main] INFO  freon.RandomKeyGenerator (RandomKeyGenerator.java:call(282)) - Number of Keys per Bucket: 10.
2019-09-12 11:55:45,492 [main] INFO  freon.RandomKeyGenerator (RandomKeyGenerator.java:call(283)) - Key size: 10240 bytes
2019-09-12 11:55:45,493 [main] INFO  freon.RandomKeyGenerator (RandomKeyGenerator.java:call(284)) - Buffer size: 4096 bytes
2019-09-12 11:55:45,494 [pool-80-thread-1] INFO  rpc.RpcClient (RpcClient.java:createVolume(293)) - Creating Volume: vol-0-48172, with jenkins1000 as owner.
2019-09-12 11:55:45,494 [pool-80-thread-2] INFO  rpc.RpcClient (RpcClient.java:createVolume(293)) - Creating Volume: vol-1-80829, with jenkins1000 as owner.
2019-09-12 11:55:45,495 [main] INFO  freon.RandomKeyGenerator (RandomKeyGenerator.java:call(298)) - Data validation is enabled.
2019-09-12 11:55:45,497 [main] INFO  freon.RandomKeyGenerator (RandomKeyGenerator.java:call(304)) - Starting progress bar Thread.

 0.00% |█                                                                                                    |  0/100 Time: 0:00:002019-09-12 11:55:45,500 | INFO  | OMAudit | user=jenkins1000 | ip=127.0.0.1 | op=CREATE_VOLUME {admin=jenkins1000, owner=jenkins1000, volume=vol-0-48172, creationTime=1568289345500, quotaInBytes=1152921504606846976} | ret=SUCCESS |  
2019-09-12 11:55:45,502 | INFO  | OMAudit | user=jenkins1000 | ip=127.0.0.1 | op=CREATE_VOLUME {admin=jenkins1000, owner=jenkins1000, volume=vol-1-80829, creationTime=1568289345500, quotaInBytes=1152921504606846976} | ret=SUCCESS |  
2019-09-12 11:55:45,505 | INFO  | OMAudit | user=jenkins1000 | ip=127.0.0.1 | op=READ_VOLUME {volume=vol-0-48172} | ret=SUCCESS |  
2019-09-12 11:55:45,506 | INFO  | OMAudit | user=jenkins1000 | ip=127.0.0.1 | op=READ_VOLUME {volume=vol-1-80829} | ret=SUCCESS |  
2019-09-12 11:55:45,510 [pool-80-thread-1] INFO  rpc.RpcClient (RpcClient.java:createBucket(432)) - Creating Bucket: vol-1-80829/bucket-4-06188, with Versioning false and Storage Type set to DISK and Encryption set to false 
2019-09-12 11:55:45,513 | INFO  | OMAudit | user=jenkins1000 | ip=127.0.0.1 | op=CREATE_BUCKET {volume=vol-1-80829, bucket=bucket-4-06188, acls=[user:jenkins1000:a[ACCESS], group:default:a[ACCESS]], isVersionEnabled=false, storageType=DISK, creationTime=0} | ret=SUCCESS |  
2019-09-12 11:55:45,514 [pool-80-thread-3] INFO  rpc.RpcClient (RpcClient.java:createBucket(432)) - Creating Bucket: vol-0-48172/bucket-0-36404, with Versioning false and Storage Type set to DISK and Encryption set to false 
2019-09-12 11:55:45,514 [pool-80-thread-4] INFO  rpc.RpcClient (RpcClient.java:createBucket(432)) - Creating Bucket: vol-1-80829/bucket-0-29577, with Versioning false and Storage Type set to DISK and Encryption set to false 
2019-09-12 11:55:45,515 | INFO  | OMAudit | user=jenkins1000 | ip=127.0.0.1 | op=READ_BUCKET {volume=vol-1-80829, bucket=bucket-4-06188} | ret=SUCCESS |  
2019-09-12 11:55:45,515 [pool-80-thread-5] INFO  rpc.RpcClient (RpcClient.java:createBucket(432)) - Creating Bucket: vol-0-48172/bucket-1-39662, with Versioning false and Storage Type set to DISK and Encryption set to false 
2019-09-12 11:55:45,515 [pool-80-thread-6] INFO  rpc.RpcClient (RpcClient.java:createBucket(432)) - Creating Bucket: vol-1-80829/bucket-1-02941, with Versioning false and Storage Type set to DISK and Encryption set to false 
2019-09-12 11:55:45,515 [pool-80-thread-7] INFO  rpc.RpcClient (RpcClient.java:createBucket(432)) - Creating Bucket: vol-1-80829/bucket-2-45763, with Versioning false and Storage Type set to DISK and Encryption set to false 
2019-09-12 11:55:45,515 [pool-80-thread-10] INFO  rpc.RpcClient (RpcClient.java:createBucket(432)) - Creating Bucket: vol-1-80829/bucket-3-77376, with Versioning false and Storage Type set to DISK and Encryption set to false 
2019-09-12 11:55:45,515 [pool-80-thread-9] INFO  rpc.RpcClient (RpcClient.java:createBucket(432)) - Creating Bucket: vol-0-48172/bucket-3-94219, with Versioning false and Storage Type set to DISK and Encryption set to false 
2019-09-12 11:55:45,515 [pool-80-thread-8] INFO  rpc.RpcClient (RpcClient.java:createBucket(432)) - Creating Bucket: vol-0-48172/bucket-2-63740, with Versioning false and Storage Type set to DISK and Encryption set to false 
2019-09-12 11:55:45,517 | INFO  | OMAudit | user=jenkins1000 | ip=127.0.0.1 | op=CREATE_BUCKET {volume=vol-0-48172, bucket=bucket-0-36404, acls=[user:jenkins1000:a[ACCESS], group:default:a[ACCESS]], isVersionEnabled=false, storageType=DISK, creationTime=0} | ret=SUCCESS |  
2019-09-12 11:55:45,519 | INFO  | OMAudit | user=jenkins1000 | ip=127.0.0.1 | op=CREATE_BUCKET {volume=vol-1-80829, bucket=bucket-0-29577, acls=[user:jenkins1000:a[ACCESS], group:default:a[ACCESS]], isVersionEnabled=false, storageType=DISK, creationTime=0} | ret=SUCCESS |  
2019-09-12 11:55:45,519 | INFO  | OMAudit | user=jenkins1000 | ip=127.0.0.1 | op=CREATE_BUCKET {volume=vol-0-48172, bucket=bucket-1-39662, acls=[user:jenkins1000:a[ACCESS], group:default:a[ACCESS]], isVersionEnabled=false, storageType=DISK, creationTime=0} | ret=SUCCESS |  
2019-09-12 11:55:45,519 | INFO  | OMAudit | user=jenkins1000 | ip=127.0.0.1 | op=CREATE_BUCKET {volume=vol-1-80829, bucket=bucket-1-02941, acls=[user:jenkins1000:a[ACCESS], group:default:a[ACCESS]], isVersionEnabled=false, storageType=DISK, creationTime=0} | ret=SUCCESS |  
2019-09-12 11:55:45,520 | INFO  | OMAudit | user=jenkins1000 | ip=127.0.0.1 | op=CREATE_BUCKET {volume=vol-0-48172, bucket=bucket-3-94219, acls=[user:jenkins1000:a[ACCESS], group:default:a[ACCESS]], isVersionEnabled=false, storageType=DISK, creationTime=0} | ret=SUCCESS |  
2019-09-12 11:55:45,520 | INFO  | OMAudit | user=jenkins1000 | ip=127.0.0.1 | op=CREATE_BUCKET {volume=vol-1-80829, bucket=bucket-3-77376, acls=[user:jenkins1000:a[ACCESS], group:default:a[ACCESS]], isVersionEnabled=false, storageType=DISK, creationTime=0} | ret=SUCCESS |  
2019-09-12 11:55:45,520 [pool-80-thread-2] INFO  rpc.RpcClient (RpcClient.java:createBucket(432)) - Creating Bucket: vol-0-48172/bucket-4-45169, with Versioning false and Storage Type set to DISK and Encryption set to false 
2019-09-12 11:55:45,520 | INFO  | OMAudit | user=jenkins1000 | ip=127.0.0.1 | op=READ_BUCKET {volume=vol-0-48172, bucket=bucket-0-36404} | ret=SUCCESS |  
2019-09-12 11:55:45,520 | INFO  | OMAudit | user=jenkins1000 | ip=127.0.0.1 | op=CREATE_BUCKET {volume=vol-0-48172, bucket=bucket-2-63740, acls=[user:jenkins1000:a[ACCESS], group:default:a[ACCESS]], isVersionEnabled=false, storageType=DISK, creationTime=0} | ret=SUCCESS |  
2019-09-12 11:55:45,521 | INFO  | OMAudit | user=jenkins1000 | ip=127.0.0.1 | op=CREATE_BUCKET {volume=vol-1-80829, bucket=bucket-2-45763, acls=[user:jenkins1000:a[ACCESS], group:default:a[ACCESS]], isVersionEnabled=false, storageType=DISK, creationTime=0} | ret=SUCCESS |  
2019-09-12 11:55:45,521 | INFO  | OMAudit | user=jenkins1000 | ip=127.0.0.1 | op=READ_BUCKET {volume=vol-0-48172, bucket=bucket-1-39662} | ret=SUCCESS |  
2019-09-12 11:55:45,521 | INFO  | OMAudit | user=jenkins1000 | ip=127.0.0.1 | op=READ_BUCKET {volume=vol-1-80829, bucket=bucket-0-29577} | ret=SUCCESS |  
2019-09-12 11:55:45,522 | INFO  | OMAudit | user=jenkins1000 | ip=127.0.0.1 | op=CREATE_BUCKET {volume=vol-0-48172, bucket=bucket-4-45169, acls=[user:jenkins1000:a[ACCESS], group:default:a[ACCESS]], isVersionEnabled=false, storageType=DISK, creationTime=0} | ret=SUCCESS |  
2019-09-12 11:55:45,522 | INFO  | OMAudit | user=jenkins1000 | ip=127.0.0.1 | op=READ_BUCKET {volume=vol-1-80829, bucket=bucket-1-02941} | ret=SUCCESS |  
2019-09-12 11:55:45,525 | INFO  | OMAudit | user=jenkins1000 | ip=127.0.0.1 | op=READ_BUCKET {volume=vol-0-48172, bucket=bucket-3-94219} | ret=SUCCESS |  
2019-09-12 11:55:45,525 | INFO  | OMAudit | user=jenkins1000 | ip=127.0.0.1 | op=READ_BUCKET {volume=vol-1-80829, bucket=bucket-3-77376} | ret=SUCCESS |  
2019-09-12 11:55:45,525 | INFO  | OMAudit | user=jenkins1000 | ip=127.0.0.1 | op=READ_BUCKET {volume=vol-0-48172, bucket=bucket-2-63740} | ret=SUCCESS |  
2019-09-12 11:55:45,525 | INFO  | OMAudit | user=jenkins1000 | ip=127.0.0.1 | op=READ_BUCKET {volume=vol-1-80829, bucket=bucket-2-45763} | ret=SUCCESS |  
2019-09-12 11:55:45,526 | INFO  | OMAudit | user=jenkins1000 | ip=127.0.0.1 | op=READ_BUCKET {volume=vol-0-48172, bucket=bucket-4-45169} | ret=SUCCESS |  
2019-09-12 11:55:45,535 [IPC Server handler 19 on 44726] ERROR pipeline.PipelinePlacementPolicy (PipelinePlacementPolicy.java:meetCriteria(91)) - Pipeline Placement: Doesn't meet the criteria to be viable node. Heaviness: 6
2019-09-12 11:55:45,535 [IPC Server handler 19 on 44726] ERROR pipeline.PipelinePlacementPolicy (PipelinePlacementPolicy.java:meetCriteria(91)) - Pipeline Placement: Doesn't meet the criteria to be viable node. Heaviness: 6
2019-09-12 11:55:45,535 [IPC Server handler 19 on 44726] ERROR pipeline.PipelinePlacementPolicy (PipelinePlacementPolicy.java:meetCriteria(91)) - Pipeline Placement: Doesn't meet the criteria to be viable node. Heaviness: 6
2019-09-12 11:55:45,535 [IPC Server handler 19 on 44726] ERROR pipeline.PipelinePlacementPolicy (PipelinePlacementPolicy.java:meetCriteria(91)) - Pipeline Placement: Doesn't meet the criteria to be viable node. Heaviness: 6
2019-09-12 11:55:45,536 [IPC Server handler 19 on 44726] ERROR pipeline.PipelinePlacementPolicy (PipelinePlacementPolicy.java:meetCriteria(91)) - Pipeline Placement: Doesn't meet the criteria to be viable node. Heaviness: 6
2019-09-12 11:55:45,536 [IPC Server handler 19 on 44726] ERROR pipeline.PipelinePlacementPolicy (PipelinePlacementPolicy.java:filterViableNodes(146)) - Unable to find enough nodes that meet the criteria that cannot engage in more than 5 pipelines. Nodes required: 3 Found: 0, healthy nodes count inNodeManager: 5.
2019-09-12 11:55:45,536 [IPC Server handler 19 on 44726] ERROR pipeline.SCMPipelineManager (SCMPipelineManager.java:createPipeline(161)) - Pipeline creation failed due to exception: Unable to find enough nodes that meet the criteria that cannot engage in more than 5 pipelines. Nodes required: 3 Found: 0, healthy nodes count inNodeManager: 5.
2019-09-12 11:55:45,536 [IPC Server handler 19 on 44726] WARN  block.BlockManagerImpl (BlockManagerImpl.java:allocateBlock(192)) - Pipeline creation failed for type:RATIS factor:THREE. Retrying get pipelines call once.
org.apache.hadoop.hdds.scm.exceptions.SCMException: Unable to find enough nodes that meet the criteria that cannot engage in more than 5 pipelines. Nodes required: 3 Found: 0, healthy nodes count inNodeManager: 5.
	at org.apache.hadoop.hdds.scm.pipeline.PipelinePlacementPolicy.filterViableNodes(PipelinePlacementPolicy.java:147)
	at org.apache.hadoop.hdds.scm.pipeline.PipelinePlacementPolicy.chooseDatanodes(PipelinePlacementPolicy.java:170)
	at org.apache.hadoop.hdds.scm.pipeline.RatisPipelineProvider.create(RatisPipelineProvider.java:92)
	at org.apache.hadoop.hdds.scm.pipeline.PipelineFactory.create(PipelineFactory.java:57)
	at org.apache.hadoop.hdds.scm.pipeline.SCMPipelineManager.createPipeline(SCMPipelineManager.java:149)
	at org.apache.hadoop.hdds.scm.block.BlockManagerImpl.allocateBlock(BlockManagerImpl.java:190)
	at org.apache.hadoop.hdds.scm.server.SCMBlockProtocolServer.allocateBlock(SCMBlockProtocolServer.java:175)
	at org.apache.hadoop.ozone.protocolPB.ScmBlockLocationProtocolServerSideTranslatorPB.allocateScmBlock(ScmBlockLocationProtocolServerSideTranslatorPB.java:153)
	at org.apache.hadoop.ozone.protocolPB.ScmBlockLocationProtocolServerSideTranslatorPB.send(ScmBlockLocationProtocolServerSideTranslatorPB.java:112)
	at org.apache.hadoop.hdds.protocol.proto.ScmBlockLocationProtocolProtos$ScmBlockLocationProtocolService$2.callBlockingMethod(ScmBlockLocationProtocolProtos.java:13157)
	at org.apache.hadoop.ipc.ProtobufRpcEngine$Server$ProtoBufRpcInvoker.call(ProtobufRpcEngine.java:524)
	at org.apache.hadoop.ipc.RPC$Server.call(RPC.java:1025)
	at org.apache.hadoop.ipc.Server$RpcCall.run(Server.java:876)
	at org.apache.hadoop.ipc.Server$RpcCall.run(Server.java:822)
	at java.security.AccessController.doPrivileged(Native Method)
	at javax.security.auth.Subject.doAs(Subject.java:422)
	at org.apache.hadoop.security.UserGroupInformation.doAs(UserGroupInformation.java:1730)
	at org.apache.hadoop.ipc.Server$Handler.run(Server.java:2682)
2019-09-12 11:55:45,537 [IPC Server handler 7 on 44726] ERROR pipeline.PipelinePlacementPolicy (PipelinePlacementPolicy.java:meetCriteria(91)) - Pipeline Placement: Doesn't meet the criteria to be viable node. Heaviness: 6
2019-09-12 11:55:45,539 [IPC Server handler 7 on 44726] ERROR pipeline.PipelinePlacementPolicy (PipelinePlacementPolicy.java:meetCriteria(91)) - Pipeline Placement: Doesn't meet the criteria to be viable node. Heaviness: 6
2019-09-12 11:55:45,540 [IPC Server handler 7 on 44726] ERROR pipeline.PipelinePlacementPolicy (PipelinePlacementPolicy.java:meetCriteria(91)) - Pipeline Placement: Doesn't meet the criteria to be viable node. Heaviness: 6
2019-09-12 11:55:45,540 [IPC Server handler 7 on 44726] ERROR pipeline.PipelinePlacementPolicy (PipelinePlacementPolicy.java:meetCriteria(91)) - Pipeline Placement: Doesn't meet the criteria to be viable node. Heaviness: 6
2019-09-12 11:55:45,540 [IPC Server handler 7 on 44726] ERROR pipeline.PipelinePlacementPolicy (PipelinePlacementPolicy.java:meetCriteria(91)) - Pipeline Placement: Doesn't meet the criteria to be viable node. Heaviness: 6
2019-09-12 11:55:45,541 [IPC Server handler 7 on 44726] ERROR pipeline.PipelinePlacementPolicy (PipelinePlacementPolicy.java:filterViableNodes(146)) - Unable to find enough nodes that meet the criteria that cannot engage in more than 5 pipelines. Nodes required: 3 Found: 0, healthy nodes count inNodeManager: 5.
2019-09-12 11:55:45,541 [IPC Server handler 7 on 44726] ERROR pipeline.SCMPipelineManager (SCMPipelineManager.java:createPipeline(161)) - Pipeline creation failed due to exception: Unable to find enough nodes that meet the criteria that cannot engage in more than 5 pipelines. Nodes required: 3 Found: 0, healthy nodes count inNodeManager: 5.
2019-09-12 11:55:45,541 [IPC Server handler 7 on 44726] WARN  block.BlockManagerImpl (BlockManagerImpl.java:allocateBlock(192)) - Pipeline creation failed for type:RATIS factor:THREE. Retrying get pipelines call once.
org.apache.hadoop.hdds.scm.exceptions.SCMException: Unable to find enough nodes that meet the criteria that cannot engage in more than 5 pipelines. Nodes required: 3 Found: 0, healthy nodes count inNodeManager: 5.
	at org.apache.hadoop.hdds.scm.pipeline.PipelinePlacementPolicy.filterViableNodes(PipelinePlacementPolicy.java:147)
	at org.apache.hadoop.hdds.scm.pipeline.PipelinePlacementPolicy.chooseDatanodes(PipelinePlacementPolicy.java:170)
	at org.apache.hadoop.hdds.scm.pipeline.RatisPipelineProvider.create(RatisPipelineProvider.java:92)
	at org.apache.hadoop.hdds.scm.pipeline.PipelineFactory.create(PipelineFactory.java:57)
	at org.apache.hadoop.hdds.scm.pipeline.SCMPipelineManager.createPipeline(SCMPipelineManager.java:149)
	at org.apache.hadoop.hdds.scm.block.BlockManagerImpl.allocateBlock(BlockManagerImpl.java:190)
	at org.apache.hadoop.hdds.scm.server.SCMBlockProtocolServer.allocateBlock(SCMBlockProtocolServer.java:175)
	at org.apache.hadoop.ozone.protocolPB.ScmBlockLocationProtocolServerSideTranslatorPB.allocateScmBlock(ScmBlockLocationProtocolServerSideTranslatorPB.java:153)
	at org.apache.hadoop.ozone.protocolPB.ScmBlockLocationProtocolServerSideTranslatorPB.send(ScmBlockLocationProtocolServerSideTranslatorPB.java:112)
	at org.apache.hadoop.hdds.protocol.proto.ScmBlockLocationProtocolProtos$ScmBlockLocationProtocolService$2.callBlockingMethod(ScmBlockLocationProtocolProtos.java:13157)
	at org.apache.hadoop.ipc.ProtobufRpcEngine$Server$ProtoBufRpcInvoker.call(ProtobufRpcEngine.java:524)
	at org.apache.hadoop.ipc.RPC$Server.call(RPC.java:1025)
	at org.apache.hadoop.ipc.Server$RpcCall.run(Server.java:876)
	at org.apache.hadoop.ipc.Server$RpcCall.run(Server.java:822)
	at java.security.AccessController.doPrivileged(Native Method)
	at javax.security.auth.Subject.doAs(Subject.java:422)
	at org.apache.hadoop.security.UserGroupInformation.doAs(UserGroupInformation.java:1730)
	at org.apache.hadoop.ipc.Server$Handler.run(Server.java:2682)
2019-09-12 11:55:45,541 [IPC Server handler 8 on 44726] ERROR pipeline.PipelinePlacementPolicy (PipelinePlacementPolicy.java:meetCriteria(91)) - Pipeline Placement: Doesn't meet the criteria to be viable node. Heaviness: 6
2019-09-12 11:55:45,542 [IPC Server handler 8 on 44726] ERROR pipeline.PipelinePlacementPolicy (PipelinePlacementPolicy.java:meetCriteria(91)) - Pipeline Placement: Doesn't meet the criteria to be viable node. Heaviness: 6
2019-09-12 11:55:45,542 [IPC Server handler 8 on 44726] ERROR pipeline.PipelinePlacementPolicy (PipelinePlacementPolicy.java:meetCriteria(91)) - Pipeline Placement: Doesn't meet the criteria to be viable node. Heaviness: 6
2019-09-12 11:55:45,542 [IPC Server handler 8 on 44726] ERROR pipeline.PipelinePlacementPolicy (PipelinePlacementPolicy.java:meetCriteria(91)) - Pipeline Placement: Doesn't meet the criteria to be viable node. Heaviness: 6
2019-09-12 11:55:45,543 [IPC Server handler 8 on 44726] ERROR pipeline.PipelinePlacementPolicy (PipelinePlacementPolicy.java:meetCriteria(91)) - Pipeline Placement: Doesn't meet the criteria to be viable node. Heaviness: 6
2019-09-12 11:55:45,543 [IPC Server handler 8 on 44726] ERROR pipeline.PipelinePlacementPolicy (PipelinePlacementPolicy.java:filterViableNodes(146)) - Unable to find enough nodes that meet the criteria that cannot engage in more than 5 pipelines. Nodes required: 3 Found: 0, healthy nodes count inNodeManager: 5.
2019-09-12 11:55:45,543 [IPC Server handler 8 on 44726] ERROR pipeline.SCMPipelineManager (SCMPipelineManager.java:createPipeline(161)) - Pipeline creation failed due to exception: Unable to find enough nodes that meet the criteria that cannot engage in more than 5 pipelines. Nodes required: 3 Found: 0, healthy nodes count inNodeManager: 5.
2019-09-12 11:55:45,543 [IPC Server handler 8 on 44726] WARN  block.BlockManagerImpl (BlockManagerImpl.java:allocateBlock(192)) - Pipeline creation failed for type:RATIS factor:THREE. Retrying get pipelines call once.
org.apache.hadoop.hdds.scm.exceptions.SCMException: Unable to find enough nodes that meet the criteria that cannot engage in more than 5 pipelines. Nodes required: 3 Found: 0, healthy nodes count inNodeManager: 5.
	at org.apache.hadoop.hdds.scm.pipeline.PipelinePlacementPolicy.filterViableNodes(PipelinePlacementPolicy.java:147)
	at org.apache.hadoop.hdds.scm.pipeline.PipelinePlacementPolicy.chooseDatanodes(PipelinePlacementPolicy.java:170)
	at org.apache.hadoop.hdds.scm.pipeline.RatisPipelineProvider.create(RatisPipelineProvider.java:92)
	at org.apache.hadoop.hdds.scm.pipeline.PipelineFactory.create(PipelineFactory.java:57)
	at org.apache.hadoop.hdds.scm.pipeline.SCMPipelineManager.createPipeline(SCMPipelineManager.java:149)
	at org.apache.hadoop.hdds.scm.block.BlockManagerImpl.allocateBlock(BlockManagerImpl.java:190)
	at org.apache.hadoop.hdds.scm.server.SCMBlockProtocolServer.allocateBlock(SCMBlockProtocolServer.java:175)
	at org.apache.hadoop.ozone.protocolPB.ScmBlockLocationProtocolServerSideTranslatorPB.allocateScmBlock(ScmBlockLocationProtocolServerSideTranslatorPB.java:153)
	at org.apache.hadoop.ozone.protocolPB.ScmBlockLocationProtocolServerSideTranslatorPB.send(ScmBlockLocationProtocolServerSideTranslatorPB.java:112)
	at org.apache.hadoop.hdds.protocol.proto.ScmBlockLocationProtocolProtos$ScmBlockLocationProtocolService$2.callBlockingMethod(ScmBlockLocationProtocolProtos.java:13157)
	at org.apache.hadoop.ipc.ProtobufRpcEngine$Server$ProtoBufRpcInvoker.call(ProtobufRpcEngine.java:524)
	at org.apache.hadoop.ipc.RPC$Server.call(RPC.java:1025)
	at org.apache.hadoop.ipc.Server$RpcCall.run(Server.java:876)
	at org.apache.hadoop.ipc.Server$RpcCall.run(Server.java:822)
	at java.security.AccessController.doPrivileged(Native Method)
	at javax.security.auth.Subject.doAs(Subject.java:422)
	at org.apache.hadoop.security.UserGroupInformation.doAs(UserGroupInformation.java:1730)
	at org.apache.hadoop.ipc.Server$Handler.run(Server.java:2682)
2019-09-12 11:55:45,543 [IPC Server handler 14 on 44726] ERROR pipeline.PipelinePlacementPolicy (PipelinePlacementPolicy.java:meetCriteria(91)) - Pipeline Placement: Doesn't meet the criteria to be viable node. Heaviness: 6
2019-09-12 11:55:45,544 [IPC Server handler 14 on 44726] ERROR pipeline.PipelinePlacementPolicy (PipelinePlacementPolicy.java:meetCriteria(91)) - Pipeline Placement: Doesn't meet the criteria to be viable node. Heaviness: 6
2019-09-12 11:55:45,544 [IPC Server handler 14 on 44726] ERROR pipeline.PipelinePlacementPolicy (PipelinePlacementPolicy.java:meetCriteria(91)) - Pipeline Placement: Doesn't meet the criteria to be viable node. Heaviness: 6
2019-09-12 11:55:45,544 [IPC Server handler 14 on 44726] ERROR pipeline.PipelinePlacementPolicy (PipelinePlacementPolicy.java:meetCriteria(91)) - Pipeline Placement: Doesn't meet the criteria to be viable node. Heaviness: 6
2019-09-12 11:55:45,544 [IPC Server handler 14 on 44726] ERROR pipeline.PipelinePlacementPolicy (PipelinePlacementPolicy.java:meetCriteria(91)) - Pipeline Placement: Doesn't meet the criteria to be viable node. Heaviness: 6
2019-09-12 11:55:45,545 [IPC Server handler 14 on 44726] ERROR pipeline.PipelinePlacementPolicy (PipelinePlacementPolicy.java:filterViableNodes(146)) - Unable to find enough nodes that meet the criteria that cannot engage in more than 5 pipelines. Nodes required: 3 Found: 0, healthy nodes count inNodeManager: 5.
2019-09-12 11:55:45,545 [IPC Server handler 14 on 44726] ERROR pipeline.SCMPipelineManager (SCMPipelineManager.java:createPipeline(161)) - Pipeline creation failed due to exception: Unable to find enough nodes that meet the criteria that cannot engage in more than 5 pipelines. Nodes required: 3 Found: 0, healthy nodes count inNodeManager: 5.
2019-09-12 11:55:45,545 [IPC Server handler 14 on 44726] WARN  block.BlockManagerImpl (BlockManagerImpl.java:allocateBlock(192)) - Pipeline creation failed for type:RATIS factor:THREE. Retrying get pipelines call once.
org.apache.hadoop.hdds.scm.exceptions.SCMException: Unable to find enough nodes that meet the criteria that cannot engage in more than 5 pipelines. Nodes required: 3 Found: 0, healthy nodes count inNodeManager: 5.
	at org.apache.hadoop.hdds.scm.pipeline.PipelinePlacementPolicy.filterViableNodes(PipelinePlacementPolicy.java:147)
	at org.apache.hadoop.hdds.scm.pipeline.PipelinePlacementPolicy.chooseDatanodes(PipelinePlacementPolicy.java:170)
	at org.apache.hadoop.hdds.scm.pipeline.RatisPipelineProvider.create(RatisPipelineProvider.java:92)
	at org.apache.hadoop.hdds.scm.pipeline.PipelineFactory.create(PipelineFactory.java:57)
	at org.apache.hadoop.hdds.scm.pipeline.SCMPipelineManager.createPipeline(SCMPipelineManager.java:149)
	at org.apache.hadoop.hdds.scm.block.BlockManagerImpl.allocateBlock(BlockManagerImpl.java:190)
	at org.apache.hadoop.hdds.scm.server.SCMBlockProtocolServer.allocateBlock(SCMBlockProtocolServer.java:175)
	at org.apache.hadoop.ozone.protocolPB.ScmBlockLocationProtocolServerSideTranslatorPB.allocateScmBlock(ScmBlockLocationProtocolServerSideTranslatorPB.java:153)
	at org.apache.hadoop.ozone.protocolPB.ScmBlockLocationProtocolServerSideTranslatorPB.send(ScmBlockLocationProtocolServerSideTranslatorPB.java:112)
	at org.apache.hadoop.hdds.protocol.proto.ScmBlockLocationProtocolProtos$ScmBlockLocationProtocolService$2.callBlockingMethod(ScmBlockLocationProtocolProtos.java:13157)
	at org.apache.hadoop.ipc.ProtobufRpcEngine$Server$ProtoBufRpcInvoker.call(ProtobufRpcEngine.java:524)
	at org.apache.hadoop.ipc.RPC$Server.call(RPC.java:1025)
	at org.apache.hadoop.ipc.Server$RpcCall.run(Server.java:876)
	at org.apache.hadoop.ipc.Server$RpcCall.run(Server.java:822)
	at java.security.AccessController.doPrivileged(Native Method)
	at javax.security.auth.Subject.doAs(Subject.java:422)
	at org.apache.hadoop.security.UserGroupInformation.doAs(UserGroupInformation.java:1730)
	at org.apache.hadoop.ipc.Server$Handler.run(Server.java:2682)
2019-09-12 11:55:45,545 [IPC Server handler 8 on 44726] INFO  block.BlockManagerImpl (BlockManagerImpl.java:allocateBlock(198)) - Could not find available pipeline of type:RATIS and factor:THREE even after retrying
2019-09-12 11:55:45,545 [IPC Server handler 7 on 44726] INFO  block.BlockManagerImpl (BlockManagerImpl.java:allocateBlock(198)) - Could not find available pipeline of type:RATIS and factor:THREE even after retrying
2019-09-12 11:55:45,546 [IPC Server handler 7 on 44726] ERROR block.BlockManagerImpl (BlockManagerImpl.java:allocateBlock(222)) - Unable to allocate a block for the size: 4194304, type: RATIS, factor: THREE
2019-09-12 11:55:45,545 [IPC Server handler 19 on 44726] INFO  block.BlockManagerImpl (BlockManagerImpl.java:allocateBlock(198)) - Could not find available pipeline of type:RATIS and factor:THREE even after retrying
2019-09-12 11:55:45,546 | INFO  | SCMAudit | user=jenkins1000 | ip=192.168.157.195 | op=ALLOCATE_BLOCK {owner=44452192-b36a-43af-bfba-1a5343cd8d7a, size=4194304, type=RATIS, factor=THREE} | ret=SUCCESS |  
2019-09-12 11:55:45,546 [IPC Server handler 8 on 44726] ERROR block.BlockManagerImpl (BlockManagerImpl.java:allocateBlock(222)) - Unable to allocate a block for the size: 4194304, type: RATIS, factor: THREE
2019-09-12 11:55:45,547 | INFO  | SCMAudit | user=jenkins1000 | ip=192.168.157.195 | op=ALLOCATE_BLOCK {owner=44452192-b36a-43af-bfba-1a5343cd8d7a, size=4194304, type=RATIS, factor=THREE} | ret=SUCCESS |  
2019-09-12 11:55:45,545 [IPC Server handler 18 on 44726] ERROR pipeline.PipelinePlacementPolicy (PipelinePlacementPolicy.java:meetCriteria(91)) - Pipeline Placement: Doesn't meet the criteria to be viable node. Heaviness: 6
2019-09-12 11:55:45,546 [IPC Server handler 19 on 44726] ERROR block.BlockManagerImpl (BlockManagerImpl.java:allocateBlock(222)) - Unable to allocate a block for the size: 4194304, type: RATIS, factor: THREE
2019-09-12 11:55:45,549 | INFO  | SCMAudit | user=jenkins1000 | ip=192.168.157.195 | op=ALLOCATE_BLOCK {owner=44452192-b36a-43af-bfba-1a5343cd8d7a, size=4194304, type=RATIS, factor=THREE} | ret=SUCCESS |  
2019-09-12 11:55:45,547 [IPC Server handler 18 on 44726] ERROR pipeline.PipelinePlacementPolicy (PipelinePlacementPolicy.java:meetCriteria(91)) - Pipeline Placement: Doesn't meet the criteria to be viable node. Heaviness: 6
2019-09-12 11:55:45,549 [IPC Server handler 18 on 44726] ERROR pipeline.PipelinePlacementPolicy (PipelinePlacementPolicy.java:meetCriteria(91)) - Pipeline Placement: Doesn't meet the criteria to be viable node. Heaviness: 6
2019-09-12 11:55:45,549 | ERROR | OMAudit | user=jenkins1000 | ip=127.0.0.1 | op=ALLOCATE_KEY {volume=vol-0-48172, bucket=bucket-3-94219, key=key-0-83967, dataSize=10240, replicationType=RATIS, replicationFactor=THREE, keyLocationInfo=null} | ret=FAILURE | org.apache.hadoop.hdds.scm.exceptions.SCMException: Allocated 0 blocks. Requested 1 blocks
	at org.apache.hadoop.hdds.scm.protocolPB.ScmBlockLocationProtocolClientSideTranslatorPB.handleError(ScmBlockLocationProtocolClientSideTranslatorPB.java:118)
	at org.apache.hadoop.hdds.scm.protocolPB.ScmBlockLocationProtocolClientSideTranslatorPB.allocateBlock(ScmBlockLocationProtocolClientSideTranslatorPB.java:156) 
2019-09-12 11:55:45,557 [IPC Server handler 18 on 44726] ERROR pipeline.PipelinePlacementPolicy (PipelinePlacementPolicy.java:meetCriteria(91)) - Pipeline Placement: Doesn't meet the criteria to be viable node. Heaviness: 6
2019-09-12 11:55:45,549 | ERROR | OMAudit | user=jenkins1000 | ip=127.0.0.1 | op=ALLOCATE_KEY {volume=vol-0-48172, bucket=bucket-0-36404, key=key-0-25991, dataSize=10240, replicationType=RATIS, replicationFactor=THREE, keyLocationInfo=null} | ret=FAILURE | org.apache.hadoop.hdds.scm.exceptions.SCMException: Allocated 0 blocks. Requested 1 blocks
	at org.apache.hadoop.hdds.scm.protocolPB.ScmBlockLocationProtocolClientSideTranslatorPB.handleError(ScmBlockLocationProtocolClientSideTranslatorPB.java:118)
	at org.apache.hadoop.hdds.scm.protocolPB.ScmBlockLocationProtocolClientSideTranslatorPB.allocateBlock(ScmBlockLocationProtocolClientSideTranslatorPB.java:156) 
2019-09-12 11:55:45,557 [IPC Server handler 18 on 44726] ERROR pipeline.PipelinePlacementPolicy (PipelinePlacementPolicy.java:meetCriteria(91)) - Pipeline Placement: Doesn't meet the criteria to be viable node. Heaviness: 6
2019-09-12 11:55:45,557 | ERROR | OMAudit | user=jenkins1000 | ip=127.0.0.1 | op=ALLOCATE_KEY {volume=vol-0-48172, bucket=bucket-1-39662, key=key-0-65037, dataSize=10240, replicationType=RATIS, replicationFactor=THREE, keyLocationInfo=null} | ret=FAILURE | org.apache.hadoop.hdds.scm.exceptions.SCMException: Allocated 0 blocks. Requested 1 blocks
	at org.apache.hadoop.hdds.scm.protocolPB.ScmBlockLocationProtocolClientSideTranslatorPB.handleError(ScmBlockLocationProtocolClientSideTranslatorPB.java:118)
	at org.apache.hadoop.hdds.scm.protocolPB.ScmBlockLocationProtocolClientSideTranslatorPB.allocateBlock(ScmBlockLocationProtocolClientSideTranslatorPB.java:156) 
2019-09-12 11:55:45,557 [IPC Server handler 18 on 44726] ERROR pipeline.PipelinePlacementPolicy (PipelinePlacementPolicy.java:filterViableNodes(146)) - Unable to find enough nodes that meet the criteria that cannot engage in more than 5 pipelines. Nodes required: 3 Found: 0, healthy nodes count inNodeManager: 5.
2019-09-12 11:55:45,558 [pool-80-thread-1] ERROR freon.RandomKeyGenerator (RandomKeyGenerator.java:createKey(724)) - Exception while adding key: key-0-25991 in bucket: bucket-0-36404 of volume: vol-0-48172.
INTERNAL_ERROR org.apache.hadoop.ozone.om.exceptions.OMException: Allocated 0 blocks. Requested 1 blocks
	at org.apache.hadoop.ozone.om.protocolPB.OzoneManagerProtocolClientSideTranslatorPB.handleError(OzoneManagerProtocolClientSideTranslatorPB.java:725)
	at org.apache.hadoop.ozone.om.protocolPB.OzoneManagerProtocolClientSideTranslatorPB.openKey(OzoneManagerProtocolClientSideTranslatorPB.java:716)
	at org.apache.hadoop.ozone.client.rpc.RpcClient.createKey(RpcClient.java:615)
	at org.apache.hadoop.ozone.client.OzoneBucket.createKey(OzoneBucket.java:323)
	at org.apache.hadoop.ozone.freon.RandomKeyGenerator.createKey(RandomKeyGenerator.java:686)
	at org.apache.hadoop.ozone.freon.RandomKeyGenerator.access$1100(RandomKeyGenerator.java:87)
	at org.apache.hadoop.ozone.freon.RandomKeyGenerator$ObjectCreator.run(RandomKeyGenerator.java:606)
	at java.util.concurrent.Executors$RunnableAdapter.call(Executors.java:511)
	at java.util.concurrent.FutureTask.run(FutureTask.java:266)
	at java.util.concurrent.ThreadPoolExecutor.runWorker(ThreadPoolExecutor.java:1149)
	at java.util.concurrent.ThreadPoolExecutor$Worker.run(ThreadPoolExecutor.java:624)
	at java.lang.Thread.run(Thread.java:748)
2019-09-12 11:55:45,557 [pool-80-thread-10] ERROR freon.RandomKeyGenerator (RandomKeyGenerator.java:createKey(724)) - Exception while adding key: key-0-83967 in bucket: bucket-3-94219 of volume: vol-0-48172.
INTERNAL_ERROR org.apache.hadoop.ozone.om.exceptions.OMException: Allocated 0 blocks. Requested 1 blocks
	at org.apache.hadoop.ozone.om.protocolPB.OzoneManagerProtocolClientSideTranslatorPB.handleError(OzoneManagerProtocolClientSideTranslatorPB.java:725)
	at org.apache.hadoop.ozone.om.protocolPB.OzoneManagerProtocolClientSideTranslatorPB.openKey(OzoneManagerProtocolClientSideTranslatorPB.java:716)
	at org.apache.hadoop.ozone.client.rpc.RpcClient.createKey(RpcClient.java:615)
	at org.apache.hadoop.ozone.client.OzoneBucket.createKey(OzoneBucket.java:323)
	at org.apache.hadoop.ozone.freon.RandomKeyGenerator.createKey(RandomKeyGenerator.java:686)
	at org.apache.hadoop.ozone.freon.RandomKeyGenerator.access$1100(RandomKeyGenerator.java:87)
	at org.apache.hadoop.ozone.freon.RandomKeyGenerator$ObjectCreator.run(RandomKeyGenerator.java:606)
	at java.util.concurrent.Executors$RunnableAdapter.call(Executors.java:511)
	at java.util.concurrent.FutureTask.run(FutureTask.java:266)
	at java.util.concurrent.ThreadPoolExecutor.runWorker(ThreadPoolExecutor.java:1149)
	at java.util.concurrent.ThreadPoolExecutor$Worker.run(ThreadPoolExecutor.java:624)
	at java.lang.Thread.run(Thread.java:748)
2019-09-12 11:55:45,558 [pool-80-thread-5] ERROR freon.RandomKeyGenerator (RandomKeyGenerator.java:createKey(724)) - Exception while adding key: key-0-65037 in bucket: bucket-1-39662 of volume: vol-0-48172.
INTERNAL_ERROR org.apache.hadoop.ozone.om.exceptions.OMException: Allocated 0 blocks. Requested 1 blocks
	at org.apache.hadoop.ozone.om.protocolPB.OzoneManagerProtocolClientSideTranslatorPB.handleError(OzoneManagerProtocolClientSideTranslatorPB.java:725)
	at org.apache.hadoop.ozone.om.protocolPB.OzoneManagerProtocolClientSideTranslatorPB.openKey(OzoneManagerProtocolClientSideTranslatorPB.java:716)
	at org.apache.hadoop.ozone.client.rpc.RpcClient.createKey(RpcClient.java:615)
	at org.apache.hadoop.ozone.client.OzoneBucket.createKey(OzoneBucket.java:323)
	at org.apache.hadoop.ozone.freon.RandomKeyGenerator.createKey(RandomKeyGenerator.java:686)
	at org.apache.hadoop.ozone.freon.RandomKeyGenerator.access$1100(RandomKeyGenerator.java:87)
	at org.apache.hadoop.ozone.freon.RandomKeyGenerator$ObjectCreator.run(RandomKeyGenerator.java:606)
	at java.util.concurrent.Executors$RunnableAdapter.call(Executors.java:511)
	at java.util.concurrent.FutureTask.run(FutureTask.java:266)
	at java.util.concurrent.ThreadPoolExecutor.runWorker(ThreadPoolExecutor.java:1149)
	at java.util.concurrent.ThreadPoolExecutor$Worker.run(ThreadPoolExecutor.java:624)
	at java.lang.Thread.run(Thread.java:748)
2019-09-12 11:55:45,558 [IPC Server handler 18 on 44726] ERROR pipeline.SCMPipelineManager (SCMPipelineManager.java:createPipeline(161)) - Pipeline creation failed due to exception: Unable to find enough nodes that meet the criteria that cannot engage in more than 5 pipelines. Nodes required: 3 Found: 0, healthy nodes count inNodeManager: 5.
2019-09-12 11:55:45,559 [IPC Server handler 18 on 44726] WARN  block.BlockManagerImpl (BlockManagerImpl.java:allocateBlock(192)) - Pipeline creation failed for type:RATIS factor:THREE. Retrying get pipelines call once.
org.apache.hadoop.hdds.scm.exceptions.SCMException: Unable to find enough nodes that meet the criteria that cannot engage in more than 5 pipelines. Nodes required: 3 Found: 0, healthy nodes count inNodeManager: 5.
	at org.apache.hadoop.hdds.scm.pipeline.PipelinePlacementPolicy.filterViableNodes(PipelinePlacementPolicy.java:147)
	at org.apache.hadoop.hdds.scm.pipeline.PipelinePlacementPolicy.chooseDatanodes(PipelinePlacementPolicy.java:170)
	at org.apache.hadoop.hdds.scm.pipeline.RatisPipelineProvider.create(RatisPipelineProvider.java:92)
	at org.apache.hadoop.hdds.scm.pipeline.PipelineFactory.create(PipelineFactory.java:57)
	at org.apache.hadoop.hdds.scm.pipeline.SCMPipelineManager.createPipeline(SCMPipelineManager.java:149)
	at org.apache.hadoop.hdds.scm.block.BlockManagerImpl.allocateBlock(BlockManagerImpl.java:190)
	at org.apache.hadoop.hdds.scm.server.SCMBlockProtocolServer.allocateBlock(SCMBlockProtocolServer.java:175)
	at org.apache.hadoop.ozone.protocolPB.ScmBlockLocationProtocolServerSideTranslatorPB.allocateScmBlock(ScmBlockLocationProtocolServerSideTranslatorPB.java:153)
	at org.apache.hadoop.ozone.protocolPB.ScmBlockLocationProtocolServerSideTranslatorPB.send(ScmBlockLocationProtocolServerSideTranslatorPB.java:112)
	at org.apache.hadoop.hdds.protocol.proto.ScmBlockLocationProtocolProtos$ScmBlockLocationProtocolService$2.callBlockingMethod(ScmBlockLocationProtocolProtos.java:13157)
	at org.apache.hadoop.ipc.ProtobufRpcEngine$Server$ProtoBufRpcInvoker.call(ProtobufRpcEngine.java:524)
	at org.apache.hadoop.ipc.RPC$Server.call(RPC.java:1025)
	at org.apache.hadoop.ipc.Server$RpcCall.run(Server.java:876)
	at org.apache.hadoop.ipc.Server$RpcCall.run(Server.java:822)
	at java.security.AccessController.doPrivileged(Native Method)
	at javax.security.auth.Subject.doAs(Subject.java:422)
	at org.apache.hadoop.security.UserGroupInformation.doAs(UserGroupInformation.java:1730)
	at org.apache.hadoop.ipc.Server$Handler.run(Server.java:2682)
2019-09-12 11:55:45,560 [IPC Server handler 16 on 44726] ERROR pipeline.PipelinePlacementPolicy (PipelinePlacementPolicy.java:meetCriteria(91)) - Pipeline Placement: Doesn't meet the criteria to be viable node. Heaviness: 6
2019-09-12 11:55:45,560 [IPC Server handler 16 on 44726] ERROR pipeline.PipelinePlacementPolicy (PipelinePlacementPolicy.java:meetCriteria(91)) - Pipeline Placement: Doesn't meet the criteria to be viable node. Heaviness: 6
2019-09-12 11:55:45,559 [IPC Server handler 14 on 44726] INFO  block.BlockManagerImpl (BlockManagerImpl.java:allocateBlock(198)) - Could not find available pipeline of type:RATIS and factor:THREE even after retrying
2019-09-12 11:55:45,561 [IPC Server handler 16 on 44726] ERROR pipeline.PipelinePlacementPolicy (PipelinePlacementPolicy.java:meetCriteria(91)) - Pipeline Placement: Doesn't meet the criteria to be viable node. Heaviness: 6
2019-09-12 11:55:45,561 [IPC Server handler 14 on 44726] ERROR block.BlockManagerImpl (BlockManagerImpl.java:allocateBlock(222)) - Unable to allocate a block for the size: 4194304, type: RATIS, factor: THREE
2019-09-12 11:55:45,561 [IPC Server handler 16 on 44726] ERROR pipeline.PipelinePlacementPolicy (PipelinePlacementPolicy.java:meetCriteria(91)) - Pipeline Placement: Doesn't meet the criteria to be viable node. Heaviness: 6
2019-09-12 11:55:45,561 | INFO  | SCMAudit | user=jenkins1000 | ip=192.168.157.195 | op=ALLOCATE_BLOCK {owner=44452192-b36a-43af-bfba-1a5343cd8d7a, size=4194304, type=RATIS, factor=THREE} | ret=SUCCESS |  
2019-09-12 11:55:45,561 [IPC Server handler 16 on 44726] ERROR pipeline.PipelinePlacementPolicy (PipelinePlacementPolicy.java:meetCriteria(91)) - Pipeline Placement: Doesn't meet the criteria to be viable node. Heaviness: 6
2019-09-12 11:55:45,561 [IPC Server handler 16 on 44726] ERROR pipeline.PipelinePlacementPolicy (PipelinePlacementPolicy.java:filterViableNodes(146)) - Unable to find enough nodes that meet the criteria that cannot engage in more than 5 pipelines. Nodes required: 3 Found: 0, healthy nodes count inNodeManager: 5.
2019-09-12 11:55:45,562 [IPC Server handler 16 on 44726] ERROR pipeline.SCMPipelineManager (SCMPipelineManager.java:createPipeline(161)) - Pipeline creation failed due to exception: Unable to find enough nodes that meet the criteria that cannot engage in more than 5 pipelines. Nodes required: 3 Found: 0, healthy nodes count inNodeManager: 5.
2019-09-12 11:55:45,562 [IPC Server handler 16 on 44726] WARN  block.BlockManagerImpl (BlockManagerImpl.java:allocateBlock(192)) - Pipeline creation failed for type:RATIS factor:THREE. Retrying get pipelines call once.
org.apache.hadoop.hdds.scm.exceptions.SCMException: Unable to find enough nodes that meet the criteria that cannot engage in more than 5 pipelines. Nodes required: 3 Found: 0, healthy nodes count inNodeManager: 5.
	at org.apache.hadoop.hdds.scm.pipeline.PipelinePlacementPolicy.filterViableNodes(PipelinePlacementPolicy.java:147)
	at org.apache.hadoop.hdds.scm.pipeline.PipelinePlacementPolicy.chooseDatanodes(PipelinePlacementPolicy.java:170)
	at org.apache.hadoop.hdds.scm.pipeline.RatisPipelineProvider.create(RatisPipelineProvider.java:92)
	at org.apache.hadoop.hdds.scm.pipeline.PipelineFactory.create(PipelineFactory.java:57)
	at org.apache.hadoop.hdds.scm.pipeline.SCMPipelineManager.createPipeline(SCMPipelineManager.java:149)
	at org.apache.hadoop.hdds.scm.block.BlockManagerImpl.allocateBlock(BlockManagerImpl.java:190)
	at org.apache.hadoop.hdds.scm.server.SCMBlockProtocolServer.allocateBlock(SCMBlockProtocolServer.java:175)
	at org.apache.hadoop.ozone.protocolPB.ScmBlockLocationProtocolServerSideTranslatorPB.allocateScmBlock(ScmBlockLocationProtocolServerSideTranslatorPB.java:153)
	at org.apache.hadoop.ozone.protocolPB.ScmBlockLocationProtocolServerSideTranslatorPB.send(ScmBlockLocationProtocolServerSideTranslatorPB.java:112)
	at org.apache.hadoop.hdds.protocol.proto.ScmBlockLocationProtocolProtos$ScmBlockLocationProtocolService$2.callBlockingMethod(ScmBlockLocationProtocolProtos.java:13157)
	at org.apache.hadoop.ipc.ProtobufRpcEngine$Server$ProtoBufRpcInvoker.call(ProtobufRpcEngine.java:524)
	at org.apache.hadoop.ipc.RPC$Server.call(RPC.java:1025)
	at org.apache.hadoop.ipc.Server$RpcCall.run(Server.java:876)
	at org.apache.hadoop.ipc.Server$RpcCall.run(Server.java:822)
	at java.security.AccessController.doPrivileged(Native Method)
	at javax.security.auth.Subject.doAs(Subject.java:422)
	at org.apache.hadoop.security.UserGroupInformation.doAs(UserGroupInformation.java:1730)
	at org.apache.hadoop.ipc.Server$Handler.run(Server.java:2682)
2019-09-12 11:55:45,562 | ERROR | OMAudit | user=jenkins1000 | ip=127.0.0.1 | op=ALLOCATE_KEY {volume=vol-1-80829, bucket=bucket-1-02941, key=key-0-57308, dataSize=10240, replicationType=RATIS, replicationFactor=THREE, keyLocationInfo=null} | ret=FAILURE | org.apache.hadoop.hdds.scm.exceptions.SCMException: Allocated 0 blocks. Requested 1 blocks
	at org.apache.hadoop.hdds.scm.protocolPB.ScmBlockLocationProtocolClientSideTranslatorPB.handleError(ScmBlockLocationProtocolClientSideTranslatorPB.java:118)
	at org.apache.hadoop.hdds.scm.protocolPB.ScmBlockLocationProtocolClientSideTranslatorPB.allocateBlock(ScmBlockLocationProtocolClientSideTranslatorPB.java:156) 
2019-09-12 11:55:45,562 [IPC Server handler 17 on 44726] ERROR pipeline.PipelinePlacementPolicy (PipelinePlacementPolicy.java:meetCriteria(91)) - Pipeline Placement: Doesn't meet the criteria to be viable node. Heaviness: 6
2019-09-12 11:55:45,564 [IPC Server handler 17 on 44726] ERROR pipeline.PipelinePlacementPolicy (PipelinePlacementPolicy.java:meetCriteria(91)) - Pipeline Placement: Doesn't meet the criteria to be viable node. Heaviness: 6
2019-09-12 11:55:45,564 [IPC Server handler 17 on 44726] ERROR pipeline.PipelinePlacementPolicy (PipelinePlacementPolicy.java:meetCriteria(91)) - Pipeline Placement: Doesn't meet the criteria to be viable node. Heaviness: 6
2019-09-12 11:55:45,564 [IPC Server handler 17 on 44726] ERROR pipeline.PipelinePlacementPolicy (PipelinePlacementPolicy.java:meetCriteria(91)) - Pipeline Placement: Doesn't meet the criteria to be viable node. Heaviness: 6
2019-09-12 11:55:45,564 [pool-80-thread-4] ERROR freon.RandomKeyGenerator (RandomKeyGenerator.java:createKey(724)) - Exception while adding key: key-0-57308 in bucket: bucket-1-02941 of volume: vol-1-80829.
INTERNAL_ERROR org.apache.hadoop.ozone.om.exceptions.OMException: Allocated 0 blocks. Requested 1 blocks
	at org.apache.hadoop.ozone.om.protocolPB.OzoneManagerProtocolClientSideTranslatorPB.handleError(OzoneManagerProtocolClientSideTranslatorPB.java:725)
	at org.apache.hadoop.ozone.om.protocolPB.OzoneManagerProtocolClientSideTranslatorPB.openKey(OzoneManagerProtocolClientSideTranslatorPB.java:716)
	at org.apache.hadoop.ozone.client.rpc.RpcClient.createKey(RpcClient.java:615)
	at org.apache.hadoop.ozone.client.OzoneBucket.createKey(OzoneBucket.java:323)
	at org.apache.hadoop.ozone.freon.RandomKeyGenerator.createKey(RandomKeyGenerator.java:686)
	at org.apache.hadoop.ozone.freon.RandomKeyGenerator.access$1100(RandomKeyGenerator.java:87)
	at org.apache.hadoop.ozone.freon.RandomKeyGenerator$ObjectCreator.run(RandomKeyGenerator.java:606)
	at java.util.concurrent.Executors$RunnableAdapter.call(Executors.java:511)
	at java.util.concurrent.FutureTask.run(FutureTask.java:266)
	at java.util.concurrent.ThreadPoolExecutor.runWorker(ThreadPoolExecutor.java:1149)
	at java.util.concurrent.ThreadPoolExecutor$Worker.run(ThreadPoolExecutor.java:624)
	at java.lang.Thread.run(Thread.java:748)
2019-09-12 11:55:45,565 [IPC Server handler 17 on 44726] ERROR pipeline.PipelinePlacementPolicy (PipelinePlacementPolicy.java:meetCriteria(91)) - Pipeline Placement: Doesn't meet the criteria to be viable node. Heaviness: 6
2019-09-12 11:55:45,565 [IPC Server handler 17 on 44726] ERROR pipeline.PipelinePlacementPolicy (PipelinePlacementPolicy.java:filterViableNodes(146)) - Unable to find enough nodes that meet the criteria that cannot engage in more than 5 pipelines. Nodes required: 3 Found: 0, healthy nodes count inNodeManager: 5.
2019-09-12 11:55:45,566 [IPC Server handler 17 on 44726] ERROR pipeline.SCMPipelineManager (SCMPipelineManager.java:createPipeline(161)) - Pipeline creation failed due to exception: Unable to find enough nodes that meet the criteria that cannot engage in more than 5 pipelines. Nodes required: 3 Found: 0, healthy nodes count inNodeManager: 5.
2019-09-12 11:55:45,566 [IPC Server handler 17 on 44726] WARN  block.BlockManagerImpl (BlockManagerImpl.java:allocateBlock(192)) - Pipeline creation failed for type:RATIS factor:THREE. Retrying get pipelines call once.
org.apache.hadoop.hdds.scm.exceptions.SCMException: Unable to find enough nodes that meet the criteria that cannot engage in more than 5 pipelines. Nodes required: 3 Found: 0, healthy nodes count inNodeManager: 5.
	at org.apache.hadoop.hdds.scm.pipeline.PipelinePlacementPolicy.filterViableNodes(PipelinePlacementPolicy.java:147)
	at org.apache.hadoop.hdds.scm.pipeline.PipelinePlacementPolicy.chooseDatanodes(PipelinePlacementPolicy.java:170)
	at org.apache.hadoop.hdds.scm.pipeline.RatisPipelineProvider.create(RatisPipelineProvider.java:92)
	at org.apache.hadoop.hdds.scm.pipeline.PipelineFactory.create(PipelineFactory.java:57)
	at org.apache.hadoop.hdds.scm.pipeline.SCMPipelineManager.createPipeline(SCMPipelineManager.java:149)
	at org.apache.hadoop.hdds.scm.block.BlockManagerImpl.allocateBlock(BlockManagerImpl.java:190)
	at org.apache.hadoop.hdds.scm.server.SCMBlockProtocolServer.allocateBlock(SCMBlockProtocolServer.java:175)
	at org.apache.hadoop.ozone.protocolPB.ScmBlockLocationProtocolServerSideTranslatorPB.allocateScmBlock(ScmBlockLocationProtocolServerSideTranslatorPB.java:153)
	at org.apache.hadoop.ozone.protocolPB.ScmBlockLocationProtocolServerSideTranslatorPB.send(ScmBlockLocationProtocolServerSideTranslatorPB.java:112)
	at org.apache.hadoop.hdds.protocol.proto.ScmBlockLocationProtocolProtos$ScmBlockLocationProtocolService$2.callBlockingMethod(ScmBlockLocationProtocolProtos.java:13157)
	at org.apache.hadoop.ipc.ProtobufRpcEngine$Server$ProtoBufRpcInvoker.call(ProtobufRpcEngine.java:524)
	at org.apache.hadoop.ipc.RPC$Server.call(RPC.java:1025)
	at org.apache.hadoop.ipc.Server$RpcCall.run(Server.java:876)
	at org.apache.hadoop.ipc.Server$RpcCall.run(Server.java:822)
	at java.security.AccessController.doPrivileged(Native Method)
	at javax.security.auth.Subject.doAs(Subject.java:422)
	at org.apache.hadoop.security.UserGroupInformation.doAs(UserGroupInformation.java:1730)
	at org.apache.hadoop.ipc.Server$Handler.run(Server.java:2682)
2019-09-12 11:55:45,566 [IPC Server handler 11 on 44726] ERROR pipeline.PipelinePlacementPolicy (PipelinePlacementPolicy.java:meetCriteria(91)) - Pipeline Placement: Doesn't meet the criteria to be viable node. Heaviness: 6
2019-09-12 11:55:45,566 [IPC Server handler 16 on 44726] INFO  block.BlockManagerImpl (BlockManagerImpl.java:allocateBlock(198)) - Could not find available pipeline of type:RATIS and factor:THREE even after retrying
2019-09-12 11:55:45,566 [IPC Server handler 18 on 44726] INFO  block.BlockManagerImpl (BlockManagerImpl.java:allocateBlock(198)) - Could not find available pipeline of type:RATIS and factor:THREE even after retrying
2019-09-12 11:55:45,567 [IPC Server handler 16 on 44726] ERROR block.BlockManagerImpl (BlockManagerImpl.java:allocateBlock(222)) - Unable to allocate a block for the size: 4194304, type: RATIS, factor: THREE
2019-09-12 11:55:45,567 | INFO  | SCMAudit | user=jenkins1000 | ip=192.168.157.195 | op=ALLOCATE_BLOCK {owner=44452192-b36a-43af-bfba-1a5343cd8d7a, size=4194304, type=RATIS, factor=THREE} | ret=SUCCESS |  
2019-09-12 11:55:45,566 [IPC Server handler 11 on 44726] ERROR pipeline.PipelinePlacementPolicy (PipelinePlacementPolicy.java:meetCriteria(91)) - Pipeline Placement: Doesn't meet the criteria to be viable node. Heaviness: 6
2019-09-12 11:55:45,567 [IPC Server handler 11 on 44726] ERROR pipeline.PipelinePlacementPolicy (PipelinePlacementPolicy.java:meetCriteria(91)) - Pipeline Placement: Doesn't meet the criteria to be viable node. Heaviness: 6
2019-09-12 11:55:45,567 [IPC Server handler 18 on 44726] ERROR block.BlockManagerImpl (BlockManagerImpl.java:allocateBlock(222)) - Unable to allocate a block for the size: 4194304, type: RATIS, factor: THREE
2019-09-12 11:55:45,567 [IPC Server handler 11 on 44726] ERROR pipeline.PipelinePlacementPolicy (PipelinePlacementPolicy.java:meetCriteria(91)) - Pipeline Placement: Doesn't meet the criteria to be viable node. Heaviness: 6
2019-09-12 11:55:45,568 | INFO  | SCMAudit | user=jenkins1000 | ip=192.168.157.195 | op=ALLOCATE_BLOCK {owner=44452192-b36a-43af-bfba-1a5343cd8d7a, size=4194304, type=RATIS, factor=THREE} | ret=SUCCESS |  
2019-09-12 11:55:45,568 [IPC Server handler 11 on 44726] ERROR pipeline.PipelinePlacementPolicy (PipelinePlacementPolicy.java:meetCriteria(91)) - Pipeline Placement: Doesn't meet the criteria to be viable node. Heaviness: 6
2019-09-12 11:55:45,568 | ERROR | OMAudit | user=jenkins1000 | ip=127.0.0.1 | op=ALLOCATE_KEY {volume=vol-1-80829, bucket=bucket-4-06188, key=key-0-93742, dataSize=10240, replicationType=RATIS, replicationFactor=THREE, keyLocationInfo=null} | ret=FAILURE | org.apache.hadoop.hdds.scm.exceptions.SCMException: Allocated 0 blocks. Requested 1 blocks
	at org.apache.hadoop.hdds.scm.protocolPB.ScmBlockLocationProtocolClientSideTranslatorPB.handleError(ScmBlockLocationProtocolClientSideTranslatorPB.java:118)
	at org.apache.hadoop.hdds.scm.protocolPB.ScmBlockLocationProtocolClientSideTranslatorPB.allocateBlock(ScmBlockLocationProtocolClientSideTranslatorPB.java:156) 
2019-09-12 11:55:45,568 [IPC Server handler 11 on 44726] ERROR pipeline.PipelinePlacementPolicy (PipelinePlacementPolicy.java:filterViableNodes(146)) - Unable to find enough nodes that meet the criteria that cannot engage in more than 5 pipelines. Nodes required: 3 Found: 0, healthy nodes count inNodeManager: 5.
2019-09-12 11:55:45,568 [IPC Server handler 11 on 44726] ERROR pipeline.SCMPipelineManager (SCMPipelineManager.java:createPipeline(161)) - Pipeline creation failed due to exception: Unable to find enough nodes that meet the criteria that cannot engage in more than 5 pipelines. Nodes required: 3 Found: 0, healthy nodes count inNodeManager: 5.
2019-09-12 11:55:45,568 [IPC Server handler 11 on 44726] WARN  block.BlockManagerImpl (BlockManagerImpl.java:allocateBlock(192)) - Pipeline creation failed for type:RATIS factor:THREE. Retrying get pipelines call once.
org.apache.hadoop.hdds.scm.exceptions.SCMException: Unable to find enough nodes that meet the criteria that cannot engage in more than 5 pipelines. Nodes required: 3 Found: 0, healthy nodes count inNodeManager: 5.
	at org.apache.hadoop.hdds.scm.pipeline.PipelinePlacementPolicy.filterViableNodes(PipelinePlacementPolicy.java:147)
	at org.apache.hadoop.hdds.scm.pipeline.PipelinePlacementPolicy.chooseDatanodes(PipelinePlacementPolicy.java:170)
	at org.apache.hadoop.hdds.scm.pipeline.RatisPipelineProvider.create(RatisPipelineProvider.java:92)
	at org.apache.hadoop.hdds.scm.pipeline.PipelineFactory.create(PipelineFactory.java:57)
	at org.apache.hadoop.hdds.scm.pipeline.SCMPipelineManager.createPipeline(SCMPipelineManager.java:149)
	at org.apache.hadoop.hdds.scm.block.BlockManagerImpl.allocateBlock(BlockManagerImpl.java:190)
	at org.apache.hadoop.hdds.scm.server.SCMBlockProtocolServer.allocateBlock(SCMBlockProtocolServer.java:175)
	at org.apache.hadoop.ozone.protocolPB.ScmBlockLocationProtocolServerSideTranslatorPB.allocateScmBlock(ScmBlockLocationProtocolServerSideTranslatorPB.java:153)
	at org.apache.hadoop.ozone.protocolPB.ScmBlockLocationProtocolServerSideTranslatorPB.send(ScmBlockLocationProtocolServerSideTranslatorPB.java:112)
	at org.apache.hadoop.hdds.protocol.proto.ScmBlockLocationProtocolProtos$ScmBlockLocationProtocolService$2.callBlockingMethod(ScmBlockLocationProtocolProtos.java:13157)
	at org.apache.hadoop.ipc.ProtobufRpcEngine$Server$ProtoBufRpcInvoker.call(ProtobufRpcEngine.java:524)
	at org.apache.hadoop.ipc.RPC$Server.call(RPC.java:1025)
	at org.apache.hadoop.ipc.Server$RpcCall.run(Server.java:876)
	at org.apache.hadoop.ipc.Server$RpcCall.run(Server.java:822)
	at java.security.AccessController.doPrivileged(Native Method)
	at javax.security.auth.Subject.doAs(Subject.java:422)
	at org.apache.hadoop.security.UserGroupInformation.doAs(UserGroupInformation.java:1730)
	at org.apache.hadoop.ipc.Server$Handler.run(Server.java:2682)
2019-09-12 11:55:45,569 [pool-80-thread-2] ERROR freon.RandomKeyGenerator (RandomKeyGenerator.java:createKey(724)) - Exception while adding key: key-0-93742 in bucket: bucket-4-06188 of volume: vol-1-80829.
INTERNAL_ERROR org.apache.hadoop.ozone.om.exceptions.OMException: Allocated 0 blocks. Requested 1 blocks
	at org.apache.hadoop.ozone.om.protocolPB.OzoneManagerProtocolClientSideTranslatorPB.handleError(OzoneManagerProtocolClientSideTranslatorPB.java:725)
	at org.apache.hadoop.ozone.om.protocolPB.OzoneManagerProtocolClientSideTranslatorPB.openKey(OzoneManagerProtocolClientSideTranslatorPB.java:716)
	at org.apache.hadoop.ozone.client.rpc.RpcClient.createKey(RpcClient.java:615)
	at org.apache.hadoop.ozone.client.OzoneBucket.createKey(OzoneBucket.java:323)
	at org.apache.hadoop.ozone.freon.RandomKeyGenerator.createKey(RandomKeyGenerator.java:686)
	at org.apache.hadoop.ozone.freon.RandomKeyGenerator.access$1100(RandomKeyGenerator.java:87)
	at org.apache.hadoop.ozone.freon.RandomKeyGenerator$ObjectCreator.run(RandomKeyGenerator.java:606)
	at java.util.concurrent.Executors$RunnableAdapter.call(Executors.java:511)
	at java.util.concurrent.FutureTask.run(FutureTask.java:266)
	at java.util.concurrent.ThreadPoolExecutor.runWorker(ThreadPoolExecutor.java:1149)
	at java.util.concurrent.ThreadPoolExecutor$Worker.run(ThreadPoolExecutor.java:624)
	at java.lang.Thread.run(Thread.java:748)
2019-09-12 11:55:45,569 | ERROR | OMAudit | user=jenkins1000 | ip=127.0.0.1 | op=ALLOCATE_KEY {volume=vol-1-80829, bucket=bucket-3-77376, key=key-0-62875, dataSize=10240, replicationType=RATIS, replicationFactor=THREE, keyLocationInfo=null} | ret=FAILURE | org.apache.hadoop.hdds.scm.exceptions.SCMException: Allocated 0 blocks. Requested 1 blocks
	at org.apache.hadoop.hdds.scm.protocolPB.ScmBlockLocationProtocolClientSideTranslatorPB.handleError(ScmBlockLocationProtocolClientSideTranslatorPB.java:118)
	at org.apache.hadoop.hdds.scm.protocolPB.ScmBlockLocationProtocolClientSideTranslatorPB.allocateBlock(ScmBlockLocationProtocolClientSideTranslatorPB.java:156) 
2019-09-12 11:55:45,568 [IPC Server handler 1 on 44726] ERROR pipeline.PipelinePlacementPolicy (PipelinePlacementPolicy.java:meetCriteria(91)) - Pipeline Placement: Doesn't meet the criteria to be viable node. Heaviness: 6
2019-09-12 11:55:45,568 [IPC Server handler 17 on 44726] INFO  block.BlockManagerImpl (BlockManagerImpl.java:allocateBlock(198)) - Could not find available pipeline of type:RATIS and factor:THREE even after retrying
2019-09-12 11:55:45,571 | INFO  | SCMAudit | user=jenkins1000 | ip=192.168.157.195 | op=SEND_HEARTBEAT {datanodeUUID=5774a03e-6f88-4ed6-a57b-14b40bcf9480, command=[]} | ret=SUCCESS |  
2019-09-12 11:55:45,571 [IPC Server handler 1 on 44726] ERROR pipeline.PipelinePlacementPolicy (PipelinePlacementPolicy.java:meetCriteria(91)) - Pipeline Placement: Doesn't meet the criteria to be viable node. Heaviness: 6
2019-09-12 11:55:45,571 [IPC Server handler 17 on 44726] ERROR block.BlockManagerImpl (BlockManagerImpl.java:allocateBlock(222)) - Unable to allocate a block for the size: 4194304, type: RATIS, factor: THREE
2019-09-12 11:55:45,572 | INFO  | SCMAudit | user=jenkins1000 | ip=192.168.157.195 | op=ALLOCATE_BLOCK {owner=44452192-b36a-43af-bfba-1a5343cd8d7a, size=4194304, type=RATIS, factor=THREE} | ret=SUCCESS |  
2019-09-12 11:55:45,572 [pool-80-thread-8] ERROR freon.RandomKeyGenerator (RandomKeyGenerator.java:createKey(724)) - Exception while adding key: key-0-62875 in bucket: bucket-3-77376 of volume: vol-1-80829.
INTERNAL_ERROR org.apache.hadoop.ozone.om.exceptions.OMException: Allocated 0 blocks. Requested 1 blocks
	at org.apache.hadoop.ozone.om.protocolPB.OzoneManagerProtocolClientSideTranslatorPB.handleError(OzoneManagerProtocolClientSideTranslatorPB.java:725)
	at org.apache.hadoop.ozone.om.protocolPB.OzoneManagerProtocolClientSideTranslatorPB.openKey(OzoneManagerProtocolClientSideTranslatorPB.java:716)
	at org.apache.hadoop.ozone.client.rpc.RpcClient.createKey(RpcClient.java:615)
	at org.apache.hadoop.ozone.client.OzoneBucket.createKey(OzoneBucket.java:323)
	at org.apache.hadoop.ozone.freon.RandomKeyGenerator.createKey(RandomKeyGenerator.java:686)
	at org.apache.hadoop.ozone.freon.RandomKeyGenerator.access$1100(RandomKeyGenerator.java:87)
	at org.apache.hadoop.ozone.freon.RandomKeyGenerator$ObjectCreator.run(RandomKeyGenerator.java:606)
	at java.util.concurrent.Executors$RunnableAdapter.call(Executors.java:511)
	at java.util.concurrent.FutureTask.run(FutureTask.java:266)
	at java.util.concurrent.ThreadPoolExecutor.runWorker(ThreadPoolExecutor.java:1149)
	at java.util.concurrent.ThreadPoolExecutor$Worker.run(ThreadPoolExecutor.java:624)
	at java.lang.Thread.run(Thread.java:748)
2019-09-12 11:55:45,571 [IPC Server handler 1 on 44726] ERROR pipeline.PipelinePlacementPolicy (PipelinePlacementPolicy.java:meetCriteria(91)) - Pipeline Placement: Doesn't meet the criteria to be viable node. Heaviness: 6
2019-09-12 11:55:45,572 [IPC Server handler 1 on 44726] ERROR pipeline.PipelinePlacementPolicy (PipelinePlacementPolicy.java:meetCriteria(91)) - Pipeline Placement: Doesn't meet the criteria to be viable node. Heaviness: 6
2019-09-12 11:55:45,572 [IPC Server handler 1 on 44726] ERROR pipeline.PipelinePlacementPolicy (PipelinePlacementPolicy.java:meetCriteria(91)) - Pipeline Placement: Doesn't meet the criteria to be viable node. Heaviness: 6
2019-09-12 11:55:45,573 [IPC Server handler 1 on 44726] ERROR pipeline.PipelinePlacementPolicy (PipelinePlacementPolicy.java:filterViableNodes(146)) - Unable to find enough nodes that meet the criteria that cannot engage in more than 5 pipelines. Nodes required: 3 Found: 0, healthy nodes count inNodeManager: 5.
2019-09-12 11:55:45,572 | ERROR | OMAudit | user=jenkins1000 | ip=127.0.0.1 | op=ALLOCATE_KEY {volume=vol-1-80829, bucket=bucket-0-29577, key=key-0-04282, dataSize=10240, replicationType=RATIS, replicationFactor=THREE, keyLocationInfo=null} | ret=FAILURE | org.apache.hadoop.hdds.scm.exceptions.SCMException: Allocated 0 blocks. Requested 1 blocks
	at org.apache.hadoop.hdds.scm.protocolPB.ScmBlockLocationProtocolClientSideTranslatorPB.handleError(ScmBlockLocationProtocolClientSideTranslatorPB.java:118)
	at org.apache.hadoop.hdds.scm.protocolPB.ScmBlockLocationProtocolClientSideTranslatorPB.allocateBlock(ScmBlockLocationProtocolClientSideTranslatorPB.java:156) 
2019-09-12 11:55:45,573 [IPC Server handler 1 on 44726] ERROR pipeline.SCMPipelineManager (SCMPipelineManager.java:createPipeline(161)) - Pipeline creation failed due to exception: Unable to find enough nodes that meet the criteria that cannot engage in more than 5 pipelines. Nodes required: 3 Found: 0, healthy nodes count inNodeManager: 5.
2019-09-12 11:55:45,573 [IPC Server handler 1 on 44726] WARN  block.BlockManagerImpl (BlockManagerImpl.java:allocateBlock(192)) - Pipeline creation failed for type:RATIS factor:THREE. Retrying get pipelines call once.
org.apache.hadoop.hdds.scm.exceptions.SCMException: Unable to find enough nodes that meet the criteria that cannot engage in more than 5 pipelines. Nodes required: 3 Found: 0, healthy nodes count inNodeManager: 5.
	at org.apache.hadoop.hdds.scm.pipeline.PipelinePlacementPolicy.filterViableNodes(PipelinePlacementPolicy.java:147)
	at org.apache.hadoop.hdds.scm.pipeline.PipelinePlacementPolicy.chooseDatanodes(PipelinePlacementPolicy.java:170)
	at org.apache.hadoop.hdds.scm.pipeline.RatisPipelineProvider.create(RatisPipelineProvider.java:92)
	at org.apache.hadoop.hdds.scm.pipeline.PipelineFactory.create(PipelineFactory.java:57)
	at org.apache.hadoop.hdds.scm.pipeline.SCMPipelineManager.createPipeline(SCMPipelineManager.java:149)
	at org.apache.hadoop.hdds.scm.block.BlockManagerImpl.allocateBlock(BlockManagerImpl.java:190)
	at org.apache.hadoop.hdds.scm.server.SCMBlockProtocolServer.allocateBlock(SCMBlockProtocolServer.java:175)
	at org.apache.hadoop.ozone.protocolPB.ScmBlockLocationProtocolServerSideTranslatorPB.allocateScmBlock(ScmBlockLocationProtocolServerSideTranslatorPB.java:153)
	at org.apache.hadoop.ozone.protocolPB.ScmBlockLocationProtocolServerSideTranslatorPB.send(ScmBlockLocationProtocolServerSideTranslatorPB.java:112)
	at org.apache.hadoop.hdds.protocol.proto.ScmBlockLocationProtocolProtos$ScmBlockLocationProtocolService$2.callBlockingMethod(ScmBlockLocationProtocolProtos.java:13157)
	at org.apache.hadoop.ipc.ProtobufRpcEngine$Server$ProtoBufRpcInvoker.call(ProtobufRpcEngine.java:524)
	at org.apache.hadoop.ipc.RPC$Server.call(RPC.java:1025)
	at org.apache.hadoop.ipc.Server$RpcCall.run(Server.java:876)
	at org.apache.hadoop.ipc.Server$RpcCall.run(Server.java:822)
	at java.security.AccessController.doPrivileged(Native Method)
	at javax.security.auth.Subject.doAs(Subject.java:422)
	at org.apache.hadoop.security.UserGroupInformation.doAs(UserGroupInformation.java:1730)
	at org.apache.hadoop.ipc.Server$Handler.run(Server.java:2682)
2019-09-12 11:55:45,573 [IPC Server handler 3 on 44726] ERROR pipeline.PipelinePlacementPolicy (PipelinePlacementPolicy.java:meetCriteria(91)) - Pipeline Placement: Doesn't meet the criteria to be viable node. Heaviness: 6
2019-09-12 11:55:45,574 [IPC Server handler 3 on 44726] ERROR pipeline.PipelinePlacementPolicy (PipelinePlacementPolicy.java:meetCriteria(91)) - Pipeline Placement: Doesn't meet the criteria to be viable node. Heaviness: 6
2019-09-12 11:55:45,573 [IPC Server handler 11 on 44726] INFO  block.BlockManagerImpl (BlockManagerImpl.java:allocateBlock(198)) - Could not find available pipeline of type:RATIS and factor:THREE even after retrying
2019-09-12 11:55:45,574 [IPC Server handler 3 on 44726] ERROR pipeline.PipelinePlacementPolicy (PipelinePlacementPolicy.java:meetCriteria(91)) - Pipeline Placement: Doesn't meet the criteria to be viable node. Heaviness: 6
2019-09-12 11:55:45,573 [pool-80-thread-3] ERROR freon.RandomKeyGenerator (RandomKeyGenerator.java:createKey(724)) - Exception while adding key: key-0-04282 in bucket: bucket-0-29577 of volume: vol-1-80829.
INTERNAL_ERROR org.apache.hadoop.ozone.om.exceptions.OMException: Allocated 0 blocks. Requested 1 blocks
	at org.apache.hadoop.ozone.om.protocolPB.OzoneManagerProtocolClientSideTranslatorPB.handleError(OzoneManagerProtocolClientSideTranslatorPB.java:725)
	at org.apache.hadoop.ozone.om.protocolPB.OzoneManagerProtocolClientSideTranslatorPB.openKey(OzoneManagerProtocolClientSideTranslatorPB.java:716)
	at org.apache.hadoop.ozone.client.rpc.RpcClient.createKey(RpcClient.java:615)
	at org.apache.hadoop.ozone.client.OzoneBucket.createKey(OzoneBucket.java:323)
	at org.apache.hadoop.ozone.freon.RandomKeyGenerator.createKey(RandomKeyGenerator.java:686)
	at org.apache.hadoop.ozone.freon.RandomKeyGenerator.access$1100(RandomKeyGenerator.java:87)
	at org.apache.hadoop.ozone.freon.RandomKeyGenerator$ObjectCreator.run(RandomKeyGenerator.java:606)
	at java.util.concurrent.Executors$RunnableAdapter.call(Executors.java:511)
	at java.util.concurrent.FutureTask.run(FutureTask.java:266)
	at java.util.concurrent.ThreadPoolExecutor.runWorker(ThreadPoolExecutor.java:1149)
	at java.util.concurrent.ThreadPoolExecutor$Worker.run(ThreadPoolExecutor.java:624)
	at java.lang.Thread.run(Thread.java:748)
2019-09-12 11:55:45,574 [IPC Server handler 3 on 44726] ERROR pipeline.PipelinePlacementPolicy (PipelinePlacementPolicy.java:meetCriteria(91)) - Pipeline Placement: Doesn't meet the criteria to be viable node. Heaviness: 6
2019-09-12 11:55:45,575 [IPC Server handler 3 on 44726] ERROR pipeline.PipelinePlacementPolicy (PipelinePlacementPolicy.java:meetCriteria(91)) - Pipeline Placement: Doesn't meet the criteria to be viable node. Heaviness: 6
2019-09-12 11:55:45,574 [IPC Server handler 11 on 44726] ERROR block.BlockManagerImpl (BlockManagerImpl.java:allocateBlock(222)) - Unable to allocate a block for the size: 4194304, type: RATIS, factor: THREE
2019-09-12 11:55:45,575 [IPC Server handler 3 on 44726] ERROR pipeline.PipelinePlacementPolicy (PipelinePlacementPolicy.java:filterViableNodes(146)) - Unable to find enough nodes that meet the criteria that cannot engage in more than 5 pipelines. Nodes required: 3 Found: 0, healthy nodes count inNodeManager: 5.
2019-09-12 11:55:45,575 | INFO  | SCMAudit | user=jenkins1000 | ip=192.168.157.195 | op=ALLOCATE_BLOCK {owner=44452192-b36a-43af-bfba-1a5343cd8d7a, size=4194304, type=RATIS, factor=THREE} | ret=SUCCESS |  
2019-09-12 11:55:45,575 [IPC Server handler 3 on 44726] ERROR pipeline.SCMPipelineManager (SCMPipelineManager.java:createPipeline(161)) - Pipeline creation failed due to exception: Unable to find enough nodes that meet the criteria that cannot engage in more than 5 pipelines. Nodes required: 3 Found: 0, healthy nodes count inNodeManager: 5.
2019-09-12 11:55:45,575 [IPC Server handler 3 on 44726] WARN  block.BlockManagerImpl (BlockManagerImpl.java:allocateBlock(192)) - Pipeline creation failed for type:RATIS factor:THREE. Retrying get pipelines call once.
org.apache.hadoop.hdds.scm.exceptions.SCMException: Unable to find enough nodes that meet the criteria that cannot engage in more than 5 pipelines. Nodes required: 3 Found: 0, healthy nodes count inNodeManager: 5.
	at org.apache.hadoop.hdds.scm.pipeline.PipelinePlacementPolicy.filterViableNodes(PipelinePlacementPolicy.java:147)
	at org.apache.hadoop.hdds.scm.pipeline.PipelinePlacementPolicy.chooseDatanodes(PipelinePlacementPolicy.java:170)
	at org.apache.hadoop.hdds.scm.pipeline.RatisPipelineProvider.create(RatisPipelineProvider.java:92)
	at org.apache.hadoop.hdds.scm.pipeline.PipelineFactory.create(PipelineFactory.java:57)
	at org.apache.hadoop.hdds.scm.pipeline.SCMPipelineManager.createPipeline(SCMPipelineManager.java:149)
	at org.apache.hadoop.hdds.scm.block.BlockManagerImpl.allocateBlock(BlockManagerImpl.java:190)
	at org.apache.hadoop.hdds.scm.server.SCMBlockProtocolServer.allocateBlock(SCMBlockProtocolServer.java:175)
	at org.apache.hadoop.ozone.protocolPB.ScmBlockLocationProtocolServerSideTranslatorPB.allocateScmBlock(ScmBlockLocationProtocolServerSideTranslatorPB.java:153)
	at org.apache.hadoop.ozone.protocolPB.ScmBlockLocationProtocolServerSideTranslatorPB.send(ScmBlockLocationProtocolServerSideTranslatorPB.java:112)
	at org.apache.hadoop.hdds.protocol.proto.ScmBlockLocationProtocolProtos$ScmBlockLocationProtocolService$2.callBlockingMethod(ScmBlockLocationProtocolProtos.java:13157)
	at org.apache.hadoop.ipc.ProtobufRpcEngine$Server$ProtoBufRpcInvoker.call(ProtobufRpcEngine.java:524)
	at org.apache.hadoop.ipc.RPC$Server.call(RPC.java:1025)
	at org.apache.hadoop.ipc.Server$RpcCall.run(Server.java:876)
	at org.apache.hadoop.ipc.Server$RpcCall.run(Server.java:822)
	at java.security.AccessController.doPrivileged(Native Method)
	at javax.security.auth.Subject.doAs(Subject.java:422)
	at org.apache.hadoop.security.UserGroupInformation.doAs(UserGroupInformation.java:1730)
	at org.apache.hadoop.ipc.Server$Handler.run(Server.java:2682)
2019-09-12 11:55:45,575 [IPC Server handler 1 on 44726] INFO  block.BlockManagerImpl (BlockManagerImpl.java:allocateBlock(198)) - Could not find available pipeline of type:RATIS and factor:THREE even after retrying
2019-09-12 11:55:45,576 [IPC Server handler 3 on 44726] INFO  block.BlockManagerImpl (BlockManagerImpl.java:allocateBlock(198)) - Could not find available pipeline of type:RATIS and factor:THREE even after retrying
2019-09-12 11:55:45,576 [IPC Server handler 1 on 44726] ERROR block.BlockManagerImpl (BlockManagerImpl.java:allocateBlock(222)) - Unable to allocate a block for the size: 4194304, type: RATIS, factor: THREE
2019-09-12 11:55:45,576 [IPC Server handler 3 on 44726] ERROR block.BlockManagerImpl (BlockManagerImpl.java:allocateBlock(222)) - Unable to allocate a block for the size: 4194304, type: RATIS, factor: THREE
2019-09-12 11:55:45,576 | INFO  | SCMAudit | user=jenkins1000 | ip=192.168.157.195 | op=ALLOCATE_BLOCK {owner=44452192-b36a-43af-bfba-1a5343cd8d7a, size=4194304, type=RATIS, factor=THREE} | ret=SUCCESS |  
2019-09-12 11:55:45,578 | INFO  | SCMAudit | user=jenkins1000 | ip=192.168.157.195 | op=ALLOCATE_BLOCK {owner=44452192-b36a-43af-bfba-1a5343cd8d7a, size=4194304, type=RATIS, factor=THREE} | ret=SUCCESS |  
2019-09-12 11:55:45,576 | ERROR | OMAudit | user=jenkins1000 | ip=127.0.0.1 | op=ALLOCATE_KEY {volume=vol-0-48172, bucket=bucket-4-45169, key=key-0-39898, dataSize=10240, replicationType=RATIS, replicationFactor=THREE, keyLocationInfo=null} | ret=FAILURE | org.apache.hadoop.hdds.scm.exceptions.SCMException: Allocated 0 blocks. Requested 1 blocks
	at org.apache.hadoop.hdds.scm.protocolPB.ScmBlockLocationProtocolClientSideTranslatorPB.handleError(ScmBlockLocationProtocolClientSideTranslatorPB.java:118)
	at org.apache.hadoop.hdds.scm.protocolPB.ScmBlockLocationProtocolClientSideTranslatorPB.allocateBlock(ScmBlockLocationProtocolClientSideTranslatorPB.java:156) 
2019-09-12 11:55:45,578 | ERROR | OMAudit | user=jenkins1000 | ip=127.0.0.1 | op=ALLOCATE_KEY {volume=vol-0-48172, bucket=bucket-2-63740, key=key-0-84824, dataSize=10240, replicationType=RATIS, replicationFactor=THREE, keyLocationInfo=null} | ret=FAILURE | org.apache.hadoop.hdds.scm.exceptions.SCMException: Allocated 0 blocks. Requested 1 blocks
	at org.apache.hadoop.hdds.scm.protocolPB.ScmBlockLocationProtocolClientSideTranslatorPB.handleError(ScmBlockLocationProtocolClientSideTranslatorPB.java:118)
	at org.apache.hadoop.hdds.scm.protocolPB.ScmBlockLocationProtocolClientSideTranslatorPB.allocateBlock(ScmBlockLocationProtocolClientSideTranslatorPB.java:156) 
2019-09-12 11:55:45,578 | ERROR | OMAudit | user=jenkins1000 | ip=127.0.0.1 | op=ALLOCATE_KEY {volume=vol-1-80829, bucket=bucket-2-45763, key=key-0-01547, dataSize=10240, replicationType=RATIS, replicationFactor=THREE, keyLocationInfo=null} | ret=FAILURE | org.apache.hadoop.hdds.scm.exceptions.SCMException: Allocated 0 blocks. Requested 1 blocks
	at org.apache.hadoop.hdds.scm.protocolPB.ScmBlockLocationProtocolClientSideTranslatorPB.handleError(ScmBlockLocationProtocolClientSideTranslatorPB.java:118)
	at org.apache.hadoop.hdds.scm.protocolPB.ScmBlockLocationProtocolClientSideTranslatorPB.allocateBlock(ScmBlockLocationProtocolClientSideTranslatorPB.java:156) 
2019-09-12 11:55:45,580 [pool-80-thread-7] ERROR freon.RandomKeyGenerator (RandomKeyGenerator.java:createKey(724)) - Exception while adding key: key-0-39898 in bucket: bucket-4-45169 of volume: vol-0-48172.
INTERNAL_ERROR org.apache.hadoop.ozone.om.exceptions.OMException: Allocated 0 blocks. Requested 1 blocks
	at org.apache.hadoop.ozone.om.protocolPB.OzoneManagerProtocolClientSideTranslatorPB.handleError(OzoneManagerProtocolClientSideTranslatorPB.java:725)
	at org.apache.hadoop.ozone.om.protocolPB.OzoneManagerProtocolClientSideTranslatorPB.openKey(OzoneManagerProtocolClientSideTranslatorPB.java:716)
	at org.apache.hadoop.ozone.client.rpc.RpcClient.createKey(RpcClient.java:615)
	at org.apache.hadoop.ozone.client.OzoneBucket.createKey(OzoneBucket.java:323)
	at org.apache.hadoop.ozone.freon.RandomKeyGenerator.createKey(RandomKeyGenerator.java:686)
	at org.apache.hadoop.ozone.freon.RandomKeyGenerator.access$1100(RandomKeyGenerator.java:87)
	at org.apache.hadoop.ozone.freon.RandomKeyGenerator$ObjectCreator.run(RandomKeyGenerator.java:606)
	at java.util.concurrent.Executors$RunnableAdapter.call(Executors.java:511)
	at java.util.concurrent.FutureTask.run(FutureTask.java:266)
	at java.util.concurrent.ThreadPoolExecutor.runWorker(ThreadPoolExecutor.java:1149)
	at java.util.concurrent.ThreadPoolExecutor$Worker.run(ThreadPoolExecutor.java:624)
	at java.lang.Thread.run(Thread.java:748)
2019-09-12 11:55:45,581 [pool-80-thread-6] ERROR freon.RandomKeyGenerator (RandomKeyGenerator.java:createKey(724)) - Exception while adding key: key-0-84824 in bucket: bucket-2-63740 of volume: vol-0-48172.
INTERNAL_ERROR org.apache.hadoop.ozone.om.exceptions.OMException: Allocated 0 blocks. Requested 1 blocks
	at org.apache.hadoop.ozone.om.protocolPB.OzoneManagerProtocolClientSideTranslatorPB.handleError(OzoneManagerProtocolClientSideTranslatorPB.java:725)
	at org.apache.hadoop.ozone.om.protocolPB.OzoneManagerProtocolClientSideTranslatorPB.openKey(OzoneManagerProtocolClientSideTranslatorPB.java:716)
	at org.apache.hadoop.ozone.client.rpc.RpcClient.createKey(RpcClient.java:615)
	at org.apache.hadoop.ozone.client.OzoneBucket.createKey(OzoneBucket.java:323)
	at org.apache.hadoop.ozone.freon.RandomKeyGenerator.createKey(RandomKeyGenerator.java:686)
	at org.apache.hadoop.ozone.freon.RandomKeyGenerator.access$1100(RandomKeyGenerator.java:87)
	at org.apache.hadoop.ozone.freon.RandomKeyGenerator$ObjectCreator.run(RandomKeyGenerator.java:606)
	at java.util.concurrent.Executors$RunnableAdapter.call(Executors.java:511)
	at java.util.concurrent.FutureTask.run(FutureTask.java:266)
	at java.util.concurrent.ThreadPoolExecutor.runWorker(ThreadPoolExecutor.java:1149)
	at java.util.concurrent.ThreadPoolExecutor$Worker.run(ThreadPoolExecutor.java:624)
	at java.lang.Thread.run(Thread.java:748)
2019-09-12 11:55:45,581 [pool-80-thread-9] ERROR freon.RandomKeyGenerator (RandomKeyGenerator.java:createKey(724)) - Exception while adding key: key-0-01547 in bucket: bucket-2-45763 of volume: vol-1-80829.
INTERNAL_ERROR org.apache.hadoop.ozone.om.exceptions.OMException: Allocated 0 blocks. Requested 1 blocks
	at org.apache.hadoop.ozone.om.protocolPB.OzoneManagerProtocolClientSideTranslatorPB.handleError(OzoneManagerProtocolClientSideTranslatorPB.java:725)
	at org.apache.hadoop.ozone.om.protocolPB.OzoneManagerProtocolClientSideTranslatorPB.openKey(OzoneManagerProtocolClientSideTranslatorPB.java:716)
	at org.apache.hadoop.ozone.client.rpc.RpcClient.createKey(RpcClient.java:615)
	at org.apache.hadoop.ozone.client.OzoneBucket.createKey(OzoneBucket.java:323)
	at org.apache.hadoop.ozone.freon.RandomKeyGenerator.createKey(RandomKeyGenerator.java:686)
	at org.apache.hadoop.ozone.freon.RandomKeyGenerator.access$1100(RandomKeyGenerator.java:87)
	at org.apache.hadoop.ozone.freon.RandomKeyGenerator$ObjectCreator.run(RandomKeyGenerator.java:606)
	at java.util.concurrent.Executors$RunnableAdapter.call(Executors.java:511)
	at java.util.concurrent.FutureTask.run(FutureTask.java:266)
	at java.util.concurrent.ThreadPoolExecutor.runWorker(ThreadPoolExecutor.java:1149)
	at java.util.concurrent.ThreadPoolExecutor$Worker.run(ThreadPoolExecutor.java:624)
	at java.lang.Thread.run(Thread.java:748)
2019-09-12 11:55:45,605 | INFO  | SCMAudit | user=jenkins1000 | ip=192.168.157.195 | op=SEND_HEARTBEAT {datanodeUUID=195b504c-ec15-4395-b30f-deaa4314771c, command=[]} | ret=SUCCESS |  
2019-09-12 11:55:45,640 | INFO  | SCMAudit | user=jenkins1000 | ip=192.168.157.195 | op=SEND_HEARTBEAT {datanodeUUID=3721b0b4-2420-471b-8c71-d07221d0164f, command=[]} | ret=SUCCESS |  
2019-09-12 11:55:45,823 | INFO  | SCMAudit | user=jenkins1000 | ip=192.168.157.195 | op=SEND_HEARTBEAT {datanodeUUID=2571ad41-02e3-435e-b75a-0c7e86386881, command=[]} | ret=SUCCESS |  
2019-09-12 11:55:45,985 | INFO  | SCMAudit | user=jenkins1000 | ip=192.168.157.195 | op=SEND_HEARTBEAT {datanodeUUID=fc058c35-4f1e-4195-8563-dfc72a0df006, command=[]} | ret=SUCCESS |  
 0.00% |█                                                                                                    |  0/100 Time: 0:00:012019-09-12 11:55:46,571 | INFO  | SCMAudit | user=jenkins1000 | ip=192.168.157.195 | op=SEND_HEARTBEAT {datanodeUUID=5774a03e-6f88-4ed6-a57b-14b40bcf9480, command=[]} | ret=SUCCESS |  
2019-09-12 11:55:46,606 | INFO  | SCMAudit | user=jenkins1000 | ip=192.168.157.195 | op=SEND_HEARTBEAT {datanodeUUID=195b504c-ec15-4395-b30f-deaa4314771c, command=[]} | ret=SUCCESS |  
2019-09-12 11:55:46,640 | INFO  | SCMAudit | user=jenkins1000 | ip=192.168.157.195 | op=SEND_HEARTBEAT {datanodeUUID=3721b0b4-2420-471b-8c71-d07221d0164f, command=[]} | ret=SUCCESS |  
2019-09-12 11:55:46,822 | INFO  | SCMAudit | user=jenkins1000 | ip=192.168.157.195 | op=SEND_HEARTBEAT {datanodeUUID=2571ad41-02e3-435e-b75a-0c7e86386881, command=[]} | ret=SUCCESS |  
2019-09-12 11:55:46,985 | INFO  | SCMAudit | user=jenkins1000 | ip=192.168.157.195 | op=SEND_HEARTBEAT {datanodeUUID=fc058c35-4f1e-4195-8563-dfc72a0df006, command=[]} | ret=SUCCESS |  
 0.00% |█                                                                                                    |  0/100 Time: 0:00:022019-09-12 11:55:47,572 | INFO  | SCMAudit | user=jenkins1000 | ip=192.168.157.195 | op=SEND_HEARTBEAT {datanodeUUID=5774a03e-6f88-4ed6-a57b-14b40bcf9480, command=[]} | ret=SUCCESS |  
2019-09-12 11:55:47,606 | INFO  | SCMAudit | user=jenkins1000 | ip=192.168.157.195 | op=SEND_HEARTBEAT {datanodeUUID=195b504c-ec15-4395-b30f-deaa4314771c, command=[]} | ret=SUCCESS |  
2019-09-12 11:55:47,640 | INFO  | SCMAudit | user=jenkins1000 | ip=192.168.157.195 | op=SEND_HEARTBEAT {datanodeUUID=3721b0b4-2420-471b-8c71-d07221d0164f, command=[]} | ret=SUCCESS |  
2019-09-12 11:55:47,823 | INFO  | SCMAudit | user=jenkins1000 | ip=192.168.157.195 | op=SEND_HEARTBEAT {datanodeUUID=2571ad41-02e3-435e-b75a-0c7e86386881, command=[]} | ret=SUCCESS |  
2019-09-12 11:55:47,985 | INFO  | SCMAudit | user=jenkins1000 | ip=192.168.157.195 | op=SEND_HEARTBEAT {datanodeUUID=fc058c35-4f1e-4195-8563-dfc72a0df006, command=[]} | ret=SUCCESS |  
 0.00% |█                                                                                                    |  0/100 Time: 0:00:032019-09-12 11:55:48,571 | INFO  | SCMAudit | user=jenkins1000 | ip=192.168.157.195 | op=SEND_HEARTBEAT {datanodeUUID=5774a03e-6f88-4ed6-a57b-14b40bcf9480, command=[]} | ret=SUCCESS |  
2019-09-12 11:55:48,606 | INFO  | SCMAudit | user=jenkins1000 | ip=192.168.157.195 | op=SEND_HEARTBEAT {datanodeUUID=195b504c-ec15-4395-b30f-deaa4314771c, command=[]} | ret=SUCCESS |  
2019-09-12 11:55:48,639 | INFO  | SCMAudit | user=jenkins1000 | ip=192.168.157.195 | op=SEND_HEARTBEAT {datanodeUUID=3721b0b4-2420-471b-8c71-d07221d0164f, command=[]} | ret=SUCCESS |  
2019-09-12 11:55:48,823 | INFO  | SCMAudit | user=jenkins1000 | ip=192.168.157.195 | op=SEND_HEARTBEAT {datanodeUUID=2571ad41-02e3-435e-b75a-0c7e86386881, command=[]} | ret=SUCCESS |  
2019-09-12 11:55:48,985 | INFO  | SCMAudit | user=jenkins1000 | ip=192.168.157.195 | op=SEND_HEARTBEAT {datanodeUUID=fc058c35-4f1e-4195-8563-dfc72a0df006, command=[]} | ret=SUCCESS |  
 0.00% |█                                                                                                    |  0/100 Time: 0:00:042019-09-12 11:55:49,571 | INFO  | SCMAudit | user=jenkins1000 | ip=192.168.157.195 | op=SEND_HEARTBEAT {datanodeUUID=5774a03e-6f88-4ed6-a57b-14b40bcf9480, command=[]} | ret=SUCCESS |  
2019-09-12 11:55:49,606 | INFO  | SCMAudit | user=jenkins1000 | ip=192.168.157.195 | op=SEND_HEARTBEAT {datanodeUUID=195b504c-ec15-4395-b30f-deaa4314771c, command=[]} | ret=SUCCESS |  
2019-09-12 11:55:49,639 | INFO  | SCMAudit | user=jenkins1000 | ip=192.168.157.195 | op=SEND_HEARTBEAT {datanodeUUID=3721b0b4-2420-471b-8c71-d07221d0164f, command=[]} | ret=SUCCESS |  
2019-09-12 11:55:49,823 | INFO  | SCMAudit | user=jenkins1000 | ip=192.168.157.195 | op=SEND_HEARTBEAT {datanodeUUID=2571ad41-02e3-435e-b75a-0c7e86386881, command=[]} | ret=SUCCESS |  
2019-09-12 11:55:49,986 | INFO  | SCMAudit | user=jenkins1000 | ip=192.168.157.195 | op=SEND_HEARTBEAT {datanodeUUID=fc058c35-4f1e-4195-8563-dfc72a0df006, command=[]} | ret=SUCCESS |  
 100.00% |█████████████████████████████████████████████████████████████████████████████████████████████████████|  100/100 Time: 0:00:05
2019-09-12 11:55:50,571 | INFO  | SCMAudit | user=jenkins1000 | ip=192.168.157.195 | op=SEND_HEARTBEAT {datanodeUUID=5774a03e-6f88-4ed6-a57b-14b40bcf9480, command=[]} | ret=SUCCESS |  
2019-09-12 11:55:50,605 | INFO  | SCMAudit | user=jenkins1000 | ip=192.168.157.195 | op=SEND_HEARTBEAT {datanodeUUID=195b504c-ec15-4395-b30f-deaa4314771c, command=[]} | ret=SUCCESS |  
2019-09-12 11:55:50,639 | INFO  | SCMAudit | user=jenkins1000 | ip=192.168.157.195 | op=SEND_HEARTBEAT {datanodeUUID=3721b0b4-2420-471b-8c71-d07221d0164f, command=[]} | ret=SUCCESS |  
2019-09-12 11:55:50,823 | INFO  | SCMAudit | user=jenkins1000 | ip=192.168.157.195 | op=SEND_HEARTBEAT {datanodeUUID=2571ad41-02e3-435e-b75a-0c7e86386881, command=[]} | ret=SUCCESS |  
2019-09-12 11:55:50,986 | INFO  | SCMAudit | user=jenkins1000 | ip=192.168.157.195 | op=SEND_HEARTBEAT {datanodeUUID=fc058c35-4f1e-4195-8563-dfc72a0df006, command=[]} | ret=SUCCESS |  
2019-09-12 11:55:51,571 | INFO  | SCMAudit | user=jenkins1000 | ip=192.168.157.195 | op=SEND_HEARTBEAT {datanodeUUID=5774a03e-6f88-4ed6-a57b-14b40bcf9480, command=[]} | ret=SUCCESS |  
2019-09-12 11:55:51,606 | INFO  | SCMAudit | user=jenkins1000 | ip=192.168.157.195 | op=SEND_HEARTBEAT {datanodeUUID=195b504c-ec15-4395-b30f-deaa4314771c, command=[]} | ret=SUCCESS |  
2019-09-12 11:55:51,640 | INFO  | SCMAudit | user=jenkins1000 | ip=192.168.157.195 | op=SEND_HEARTBEAT {datanodeUUID=3721b0b4-2420-471b-8c71-d07221d0164f, command=[]} | ret=SUCCESS |  
2019-09-12 11:55:51,823 | INFO  | SCMAudit | user=jenkins1000 | ip=192.168.157.195 | op=SEND_HEARTBEAT {datanodeUUID=2571ad41-02e3-435e-b75a-0c7e86386881, command=[]} | ret=SUCCESS |  
2019-09-12 11:55:51,986 | INFO  | SCMAudit | user=jenkins1000 | ip=192.168.157.195 | op=SEND_HEARTBEAT {datanodeUUID=fc058c35-4f1e-4195-8563-dfc72a0df006, command=[]} | ret=SUCCESS |  
2019-09-12 11:55:52,571 | INFO  | SCMAudit | user=jenkins1000 | ip=192.168.157.195 | op=SEND_HEARTBEAT {datanodeUUID=5774a03e-6f88-4ed6-a57b-14b40bcf9480, command=[]} | ret=SUCCESS |  
2019-09-12 11:55:52,606 | INFO  | SCMAudit | user=jenkins1000 | ip=192.168.157.195 | op=SEND_HEARTBEAT {datanodeUUID=195b504c-ec15-4395-b30f-deaa4314771c, command=[]} | ret=SUCCESS |  
2019-09-12 11:55:52,640 | INFO  | SCMAudit | user=jenkins1000 | ip=192.168.157.195 | op=SEND_HEARTBEAT {datanodeUUID=3721b0b4-2420-471b-8c71-d07221d0164f, command=[]} | ret=SUCCESS |  
2019-09-12 11:55:52,824 | INFO  | SCMAudit | user=jenkins1000 | ip=192.168.157.195 | op=SEND_HEARTBEAT {datanodeUUID=2571ad41-02e3-435e-b75a-0c7e86386881, command=[]} | ret=SUCCESS |  
2019-09-12 11:55:52,987 | INFO  | SCMAudit | user=jenkins1000 | ip=192.168.157.195 | op=SEND_HEARTBEAT {datanodeUUID=fc058c35-4f1e-4195-8563-dfc72a0df006, command=[]} | ret=SUCCESS |  
2019-09-12 11:55:53,572 | INFO  | SCMAudit | user=jenkins1000 | ip=192.168.157.195 | op=SEND_HEARTBEAT {datanodeUUID=5774a03e-6f88-4ed6-a57b-14b40bcf9480, command=[]} | ret=SUCCESS |  
2019-09-12 11:55:53,607 | INFO  | SCMAudit | user=jenkins1000 | ip=192.168.157.195 | op=SEND_HEARTBEAT {datanodeUUID=195b504c-ec15-4395-b30f-deaa4314771c, command=[]} | ret=SUCCESS |  
2019-09-12 11:55:53,640 | INFO  | SCMAudit | user=jenkins1000 | ip=192.168.157.195 | op=SEND_HEARTBEAT {datanodeUUID=3721b0b4-2420-471b-8c71-d07221d0164f, command=[]} | ret=SUCCESS |  
2019-09-12 11:55:53,825 | INFO  | SCMAudit | user=jenkins1000 | ip=192.168.157.195 | op=SEND_HEARTBEAT {datanodeUUID=2571ad41-02e3-435e-b75a-0c7e86386881, command=[]} | ret=SUCCESS |  
2019-09-12 11:55:53,988 | INFO  | SCMAudit | user=jenkins1000 | ip=192.168.157.195 | op=SEND_HEARTBEAT {datanodeUUID=fc058c35-4f1e-4195-8563-dfc72a0df006, command=[]} | ret=SUCCESS |  
2019-09-12 11:55:54,571 | INFO  | SCMAudit | user=jenkins1000 | ip=192.168.157.195 | op=SEND_HEARTBEAT {datanodeUUID=5774a03e-6f88-4ed6-a57b-14b40bcf9480, command=[]} | ret=SUCCESS |  
2019-09-12 11:55:54,607 | INFO  | SCMAudit | user=jenkins1000 | ip=192.168.157.195 | op=SEND_HEARTBEAT {datanodeUUID=195b504c-ec15-4395-b30f-deaa4314771c, command=[]} | ret=SUCCESS |  
2019-09-12 11:55:54,640 | INFO  | SCMAudit | user=jenkins1000 | ip=192.168.157.195 | op=SEND_HEARTBEAT {datanodeUUID=3721b0b4-2420-471b-8c71-d07221d0164f, command=[]} | ret=SUCCESS |  
2019-09-12 11:55:54,824 | INFO  | SCMAudit | user=jenkins1000 | ip=192.168.157.195 | op=SEND_HEARTBEAT {datanodeUUID=2571ad41-02e3-435e-b75a-0c7e86386881, command=[]} | ret=SUCCESS |  
2019-09-12 11:55:54,989 | INFO  | SCMAudit | user=jenkins1000 | ip=192.168.157.195 | op=SEND_HEARTBEAT {datanodeUUID=fc058c35-4f1e-4195-8563-dfc72a0df006, command=[]} | ret=SUCCESS |  
]]></system-out>
  </testcase>
</testsuite>