<?xml version="1.0" encoding="UTF-8"?>
<testsuite xmlns:xsi="http://www.w3.org/2001/XMLSchema-instance" xsi:noNamespaceSchemaLocation="https://maven.apache.org/surefire/maven-surefire-plugin/xsd/surefire-test-report.xsd" name="org.apache.hadoop.ozone.freon.TestFreonWithPipelineDestroy" time="33.345" tests="1" errors="1" skipped="0" failures="0">
  <properties>
    <property name="awt.toolkit" value="sun.awt.X11.XToolkit"/>
    <property name="file.encoding.pkg" value="sun.io"/>
    <property name="java.specification.version" value="1.8"/>
    <property name="sun.cpu.isalist" value=""/>
    <property name="sun.jnu.encoding" value="UTF-8"/>
    <property name="java.class.path" value="/workdir/hadoop-ozone/tools/target/test-classes:/workdir/hadoop-ozone/tools/target/classes:/home/user/.m2/repository/org/apache/hadoop/hadoop-ozone-ozone-manager/0.5.0-SNAPSHOT/hadoop-ozone-ozone-manager-0.5.0-SNAPSHOT.jar:/home/user/.m2/repository/org/apache/hadoop/hadoop-hdds-docs/0.5.0-SNAPSHOT/hadoop-hdds-docs-0.5.0-SNAPSHOT.jar:/home/user/.m2/repository/org/bouncycastle/bcprov-jdk15on/1.60/bcprov-jdk15on-1.60.jar:/home/user/.m2/repository/org/apache/hadoop/hadoop-ozone-common/0.5.0-SNAPSHOT/hadoop-ozone-common-0.5.0-SNAPSHOT.jar:/home/user/.m2/repository/org/apache/commons/commons-compress/1.4.1/commons-compress-1.4.1.jar:/home/user/.m2/repository/org/tukaani/xz/1.0/xz-1.0.jar:/home/user/.m2/repository/org/apache/hadoop/hadoop-hdfs-client/3.2.0/hadoop-hdfs-client-3.2.0.jar:/home/user/.m2/repository/com/fasterxml/jackson/core/jackson-annotations/2.9.5/jackson-annotations-2.9.5.jar:/home/user/.m2/repository/org/apache/hadoop/hadoop-hdds-common/0.5.0-SNAPSHOT/hadoop-hdds-common-0.5.0-SNAPSHOT.jar:/home/user/.m2/repository/org/apache/hadoop/hadoop-hdds-config/0.5.0-SNAPSHOT/hadoop-hdds-config-0.5.0-SNAPSHOT.jar:/home/user/.m2/repository/javax/annotation/javax.annotation-api/1.2/javax.annotation-api-1.2.jar:/home/user/.m2/repository/org/apache/ratis/ratis-server/0.4.0-2337318-SNAPSHOT/ratis-server-0.4.0-2337318-SNAPSHOT.jar:/home/user/.m2/repository/org/apache/ratis/ratis-thirdparty-misc/0.2.0/ratis-thirdparty-misc-0.2.0.jar:/home/user/.m2/repository/org/apache/ratis/ratis-proto/0.4.0-2337318-SNAPSHOT/ratis-proto-0.4.0-2337318-SNAPSHOT.jar:/home/user/.m2/repository/org/apache/ratis/ratis-common/0.4.0-2337318-SNAPSHOT/ratis-common-0.4.0-2337318-SNAPSHOT.jar:/home/user/.m2/repository/org/apache/ratis/ratis-client/0.4.0-2337318-SNAPSHOT/ratis-client-0.4.0-2337318-SNAPSHOT.jar:/home/user/.m2/repository/org/apache/ratis/ratis-metrics/0.4.0-2337318-SNAPSHOT/ratis-metrics-0.4.0-2337318-SNAPSHOT.jar:/home/user/.m2/repository/org/apache/ratis/ratis-netty/0.4.0-2337318-SNAPSHOT/ratis-netty-0.4.0-2337318-SNAPSHOT.jar:/home/user/.m2/repository/org/apache/ratis/ratis-grpc/0.4.0-2337318-SNAPSHOT/ratis-grpc-0.4.0-2337318-SNAPSHOT.jar:/home/user/.m2/repository/org/rocksdb/rocksdbjni/6.0.1/rocksdbjni-6.0.1.jar:/home/user/.m2/repository/org/apache/logging/log4j/log4j-api/2.11.0/log4j-api-2.11.0.jar:/home/user/.m2/repository/org/apache/logging/log4j/log4j-core/2.11.0/log4j-core-2.11.0.jar:/home/user/.m2/repository/com/lmax/disruptor/3.4.2/disruptor-3.4.2.jar:/home/user/.m2/repository/org/apache/commons/commons-pool2/2.6.0/commons-pool2-2.6.0.jar:/home/user/.m2/repository/org/bouncycastle/bcpkix-jdk15on/1.60/bcpkix-jdk15on-1.60.jar:/home/user/.m2/repository/commons-validator/commons-validator/1.6/commons-validator-1.6.jar:/home/user/.m2/repository/commons-digester/commons-digester/1.8.1/commons-digester-1.8.1.jar:/home/user/.m2/repository/io/jaegertracing/jaeger-client/0.33.1/jaeger-client-0.33.1.jar:/home/user/.m2/repository/io/jaegertracing/jaeger-thrift/0.33.1/jaeger-thrift-0.33.1.jar:/home/user/.m2/repository/org/apache/thrift/libthrift/0.11.0/libthrift-0.11.0.jar:/home/user/.m2/repository/com/squareup/okhttp3/okhttp/3.9.0/okhttp-3.9.0.jar:/home/user/.m2/repository/com/squareup/okio/okio/1.13.0/okio-1.13.0.jar:/home/user/.m2/repository/io/jaegertracing/jaeger-core/0.33.1/jaeger-core-0.33.1.jar:/home/user/.m2/repository/io/jaegertracing/jaeger-tracerresolver/0.33.1/jaeger-tracerresolver-0.33.1.jar:/home/user/.m2/repository/io/opentracing/contrib/opentracing-tracerresolver/0.1.5/opentracing-tracerresolver-0.1.5.jar:/home/user/.m2/repository/io/opentracing/opentracing-util/0.31.0/opentracing-util-0.31.0.jar:/home/user/.m2/repository/io/opentracing/opentracing-api/0.31.0/opentracing-api-0.31.0.jar:/home/user/.m2/repository/io/opentracing/opentracing-noop/0.31.0/opentracing-noop-0.31.0.jar:/home/user/.m2/repository/org/yaml/snakeyaml/1.16/snakeyaml-1.16.jar:/home/user/.m2/repository/org/apache/hadoop/hadoop-hdds-container-service/0.5.0-SNAPSHOT/hadoop-hdds-container-service-0.5.0-SNAPSHOT.jar:/home/user/.m2/repository/org/apache/hadoop/hadoop-hdds-client/0.5.0-SNAPSHOT/hadoop-hdds-client-0.5.0-SNAPSHOT.jar:/home/user/.m2/repository/org/apache/hadoop/hadoop-hdds-tools/0.5.0-SNAPSHOT/hadoop-hdds-tools-0.5.0-SNAPSHOT.jar:/home/user/.m2/repository/org/xerial/sqlite-jdbc/3.25.2/sqlite-jdbc-3.25.2.jar:/home/user/.m2/repository/org/apache/hadoop/hadoop-hdds-server-scm/0.5.0-SNAPSHOT/hadoop-hdds-server-scm-0.5.0-SNAPSHOT.jar:/home/user/.m2/repository/org/hamcrest/hamcrest-all/1.3/hamcrest-all-1.3.jar:/home/user/.m2/repository/info/picocli/picocli/3.9.6/picocli-3.9.6.jar:/home/user/.m2/repository/com/google/protobuf/protobuf-java/2.5.0/protobuf-java-2.5.0.jar:/home/user/.m2/repository/com/google/guava/guava/11.0.2/guava-11.0.2.jar:/home/user/.m2/repository/org/apache/hadoop/hadoop-ozone-client/0.5.0-SNAPSHOT/hadoop-ozone-client-0.5.0-SNAPSHOT.jar:/workdir/hadoop-ozone/ozonefs/target/classes:/home/user/.m2/repository/org/apache/hadoop/hadoop-hdds-server-framework/0.5.0-SNAPSHOT/hadoop-hdds-server-framework-0.5.0-SNAPSHOT.jar:/home/user/.m2/repository/org/apache/hadoop/hadoop-common/3.2.0/hadoop-common-3.2.0.jar:/home/user/.m2/repository/org/apache/hadoop/hadoop-annotations/3.2.0/hadoop-annotations-3.2.0.jar:/usr/lib/jvm/java-1.8-openjdk/jre/../lib/tools.jar:/home/user/.m2/repository/commons-cli/commons-cli/1.2/commons-cli-1.2.jar:/home/user/.m2/repository/org/apache/commons/commons-math3/3.1.1/commons-math3-3.1.1.jar:/home/user/.m2/repository/org/apache/httpcomponents/httpclient/4.5.2/httpclient-4.5.2.jar:/home/user/.m2/repository/org/apache/httpcomponents/httpcore/4.4.4/httpcore-4.4.4.jar:/home/user/.m2/repository/commons-codec/commons-codec/1.11/commons-codec-1.11.jar:/home/user/.m2/repository/commons-io/commons-io/2.5/commons-io-2.5.jar:/home/user/.m2/repository/commons-net/commons-net/3.6/commons-net-3.6.jar:/home/user/.m2/repository/commons-collections/commons-collections/3.2.2/commons-collections-3.2.2.jar:/home/user/.m2/repository/javax/servlet/javax.servlet-api/3.1.0/javax.servlet-api-3.1.0.jar:/home/user/.m2/repository/org/eclipse/jetty/jetty-server/9.3.24.v20180605/jetty-server-9.3.24.v20180605.jar:/home/user/.m2/repository/org/eclipse/jetty/jetty-http/9.3.24.v20180605/jetty-http-9.3.24.v20180605.jar:/home/user/.m2/repository/org/eclipse/jetty/jetty-io/9.3.24.v20180605/jetty-io-9.3.24.v20180605.jar:/home/user/.m2/repository/org/eclipse/jetty/jetty-util/9.3.24.v20180605/jetty-util-9.3.24.v20180605.jar:/home/user/.m2/repository/org/eclipse/jetty/jetty-servlet/9.3.24.v20180605/jetty-servlet-9.3.24.v20180605.jar:/home/user/.m2/repository/org/eclipse/jetty/jetty-security/9.3.24.v20180605/jetty-security-9.3.24.v20180605.jar:/home/user/.m2/repository/org/eclipse/jetty/jetty-webapp/9.3.24.v20180605/jetty-webapp-9.3.24.v20180605.jar:/home/user/.m2/repository/org/eclipse/jetty/jetty-xml/9.3.24.v20180605/jetty-xml-9.3.24.v20180605.jar:/home/user/.m2/repository/javax/servlet/jsp/jsp-api/2.1/jsp-api-2.1.jar:/home/user/.m2/repository/com/sun/jersey/jersey-core/1.19/jersey-core-1.19.jar:/home/user/.m2/repository/javax/ws/rs/jsr311-api/1.1.1/jsr311-api-1.1.1.jar:/home/user/.m2/repository/com/sun/jersey/jersey-servlet/1.19/jersey-servlet-1.19.jar:/home/user/.m2/repository/com/sun/jersey/jersey-json/1.19/jersey-json-1.19.jar:/home/user/.m2/repository/org/codehaus/jettison/jettison/1.1/jettison-1.1.jar:/home/user/.m2/repository/com/sun/xml/bind/jaxb-impl/2.3.0.1/jaxb-impl-2.3.0.1.jar:/home/user/.m2/repository/org/codehaus/jackson/jackson-core-asl/1.9.13/jackson-core-asl-1.9.13.jar:/home/user/.m2/repository/org/codehaus/jackson/jackson-mapper-asl/1.9.13/jackson-mapper-asl-1.9.13.jar:/home/user/.m2/repository/org/codehaus/jackson/jackson-jaxrs/1.9.13/jackson-jaxrs-1.9.13.jar:/home/user/.m2/repository/org/codehaus/jackson/jackson-xc/1.9.13/jackson-xc-1.9.13.jar:/home/user/.m2/repository/com/sun/jersey/jersey-server/1.19/jersey-server-1.19.jar:/home/user/.m2/repository/commons-logging/commons-logging/1.1.3/commons-logging-1.1.3.jar:/home/user/.m2/repository/log4j/log4j/1.2.17/log4j-1.2.17.jar:/home/user/.m2/repository/commons-beanutils/commons-beanutils/1.9.3/commons-beanutils-1.9.3.jar:/home/user/.m2/repository/org/apache/commons/commons-configuration2/2.1.1/commons-configuration2-2.1.1.jar:/home/user/.m2/repository/org/apache/commons/commons-lang3/3.7/commons-lang3-3.7.jar:/home/user/.m2/repository/org/apache/commons/commons-text/1.4/commons-text-1.4.jar:/home/user/.m2/repository/org/slf4j/slf4j-api/1.7.25/slf4j-api-1.7.25.jar:/home/user/.m2/repository/org/slf4j/slf4j-log4j12/1.7.25/slf4j-log4j12-1.7.25.jar:/home/user/.m2/repository/org/apache/avro/avro/1.7.7/avro-1.7.7.jar:/home/user/.m2/repository/com/thoughtworks/paranamer/paranamer/2.3/paranamer-2.3.jar:/home/user/.m2/repository/org/xerial/snappy/snappy-java/1.0.5/snappy-java-1.0.5.jar:/home/user/.m2/repository/com/google/re2j/re2j/1.1/re2j-1.1.jar:/home/user/.m2/repository/com/google/code/gson/gson/2.2.4/gson-2.2.4.jar:/home/user/.m2/repository/org/apache/hadoop/hadoop-auth/3.2.0/hadoop-auth-3.2.0.jar:/home/user/.m2/repository/com/nimbusds/nimbus-jose-jwt/4.41.1/nimbus-jose-jwt-4.41.1.jar:/home/user/.m2/repository/com/github/stephenc/jcip/jcip-annotations/1.0-1/jcip-annotations-1.0-1.jar:/home/user/.m2/repository/net/minidev/json-smart/2.3/json-smart-2.3.jar:/home/user/.m2/repository/net/minidev/accessors-smart/1.2/accessors-smart-1.2.jar:/home/user/.m2/repository/org/apache/curator/curator-framework/2.12.0/curator-framework-2.12.0.jar:/home/user/.m2/repository/com/jcraft/jsch/0.1.54/jsch-0.1.54.jar:/home/user/.m2/repository/org/apache/curator/curator-client/2.12.0/curator-client-2.12.0.jar:/home/user/.m2/repository/org/apache/curator/curator-recipes/2.12.0/curator-recipes-2.12.0.jar:/home/user/.m2/repository/com/google/code/findbugs/jsr305/3.0.0/jsr305-3.0.0.jar:/home/user/.m2/repository/org/apache/htrace/htrace-core4/4.1.0-incubating/htrace-core4-4.1.0-incubating.jar:/home/user/.m2/repository/org/apache/zookeeper/zookeeper/3.4.13/zookeeper-3.4.13.jar:/home/user/.m2/repository/org/apache/yetus/audience-annotations/0.5.0/audience-annotations-0.5.0.jar:/home/user/.m2/repository/org/apache/kerby/kerb-simplekdc/1.0.1/kerb-simplekdc-1.0.1.jar:/home/user/.m2/repository/org/apache/kerby/kerb-client/1.0.1/kerb-client-1.0.1.jar:/home/user/.m2/repository/org/apache/kerby/kerby-config/1.0.1/kerby-config-1.0.1.jar:/home/user/.m2/repository/org/apache/kerby/kerb-core/1.0.1/kerb-core-1.0.1.jar:/home/user/.m2/repository/org/apache/kerby/kerby-pkix/1.0.1/kerby-pkix-1.0.1.jar:/home/user/.m2/repository/org/apache/kerby/kerby-asn1/1.0.1/kerby-asn1-1.0.1.jar:/home/user/.m2/repository/org/apache/kerby/kerby-util/1.0.1/kerby-util-1.0.1.jar:/home/user/.m2/repository/org/apache/kerby/kerb-common/1.0.1/kerb-common-1.0.1.jar:/home/user/.m2/repository/org/apache/kerby/kerb-crypto/1.0.1/kerb-crypto-1.0.1.jar:/home/user/.m2/repository/org/apache/kerby/kerb-util/1.0.1/kerb-util-1.0.1.jar:/home/user/.m2/repository/org/apache/kerby/token-provider/1.0.1/token-provider-1.0.1.jar:/home/user/.m2/repository/org/apache/kerby/kerb-admin/1.0.1/kerb-admin-1.0.1.jar:/home/user/.m2/repository/org/apache/kerby/kerb-server/1.0.1/kerb-server-1.0.1.jar:/home/user/.m2/repository/org/apache/kerby/kerb-identity/1.0.1/kerb-identity-1.0.1.jar:/home/user/.m2/repository/org/apache/kerby/kerby-xdr/1.0.1/kerby-xdr-1.0.1.jar:/home/user/.m2/repository/com/fasterxml/jackson/core/jackson-databind/2.9.5/jackson-databind-2.9.5.jar:/home/user/.m2/repository/com/fasterxml/jackson/core/jackson-core/2.9.5/jackson-core-2.9.5.jar:/home/user/.m2/repository/org/codehaus/woodstox/stax2-api/3.1.4/stax2-api-3.1.4.jar:/home/user/.m2/repository/com/fasterxml/woodstox/woodstox-core/5.0.3/woodstox-core-5.0.3.jar:/home/user/.m2/repository/dnsjava/dnsjava/2.1.7/dnsjava-2.1.7.jar:/home/user/.m2/repository/org/apache/hadoop/hadoop-hdfs/3.2.0/hadoop-hdfs-3.2.0.jar:/home/user/.m2/repository/org/eclipse/jetty/jetty-util-ajax/9.3.24.v20180605/jetty-util-ajax-9.3.24.v20180605.jar:/home/user/.m2/repository/commons-daemon/commons-daemon/1.0.13/commons-daemon-1.0.13.jar:/home/user/.m2/repository/io/netty/netty/3.10.5.Final/netty-3.10.5.Final.jar:/home/user/.m2/repository/io/netty/netty-all/4.0.52.Final/netty-all-4.0.52.Final.jar:/home/user/.m2/repository/org/fusesource/leveldbjni/leveldbjni-all/1.8/leveldbjni-all-1.8.jar:/home/user/.m2/repository/com/sun/xml/bind/jaxb-core/2.3.0.1/jaxb-core-2.3.0.1.jar:/home/user/.m2/repository/javax/xml/bind/jaxb-api/2.3.0/jaxb-api-2.3.0.jar:/home/user/.m2/repository/javax/activation/activation/1.1.1/activation-1.1.1.jar:/home/user/.m2/repository/io/dropwizard/metrics/metrics-core/3.2.4/metrics-core-3.2.4.jar:/home/user/.m2/repository/org/openjdk/jmh/jmh-core/1.19/jmh-core-1.19.jar:/home/user/.m2/repository/net/sf/jopt-simple/jopt-simple/4.6/jopt-simple-4.6.jar:/home/user/.m2/repository/org/openjdk/jmh/jmh-generator-annprocess/1.19/jmh-generator-annprocess-1.19.jar:/home/user/.m2/repository/com/google/code/findbugs/findbugs/3.0.1/findbugs-3.0.1.jar:/home/user/.m2/repository/net/jcip/jcip-annotations/1.0/jcip-annotations-1.0.jar:/home/user/.m2/repository/com/google/code/findbugs/bcel-findbugs/6.0/bcel-findbugs-6.0.jar:/home/user/.m2/repository/com/google/code/findbugs/jFormatString/2.0.1/jFormatString-2.0.1.jar:/home/user/.m2/repository/dom4j/dom4j/1.6.1/dom4j-1.6.1.jar:/home/user/.m2/repository/xml-apis/xml-apis/1.0.b2/xml-apis-1.0.b2.jar:/home/user/.m2/repository/org/ow2/asm/asm-debug-all/5.0.2/asm-debug-all-5.0.2.jar:/home/user/.m2/repository/org/ow2/asm/asm-commons/5.0.2/asm-commons-5.0.2.jar:/home/user/.m2/repository/org/ow2/asm/asm-tree/5.0.2/asm-tree-5.0.2.jar:/home/user/.m2/repository/org/ow2/asm/asm/5.0.4/asm-5.0.4.jar:/home/user/.m2/repository/commons-lang/commons-lang/2.6/commons-lang-2.6.jar:/home/user/.m2/repository/com/apple/AppleJavaExtensions/1.4/AppleJavaExtensions-1.4.jar:/home/user/.m2/repository/jaxen/jaxen/1.1.6/jaxen-1.1.6.jar:/home/user/.m2/repository/junit/junit/4.11/junit-4.11.jar:/home/user/.m2/repository/org/hamcrest/hamcrest-core/1.3/hamcrest-core-1.3.jar:/home/user/.m2/repository/org/apache/hadoop/hadoop-common/3.2.0/hadoop-common-3.2.0-tests.jar:/workdir/hadoop-ozone/integration-test/target/test-classes:/home/user/.m2/repository/org/apache/hadoop/hadoop-ozone-objectstore-service/0.5.0-SNAPSHOT/hadoop-ozone-objectstore-service-0.5.0-SNAPSHOT.jar:/home/user/.m2/repository/org/apache/hadoop/hadoop-ozone-s3gateway/0.5.0-SNAPSHOT/hadoop-ozone-s3gateway-0.5.0-SNAPSHOT.jar:/home/user/.m2/repository/org/jboss/weld/servlet/weld-servlet/2.4.7.Final/weld-servlet-2.4.7.Final.jar:/home/user/.m2/repository/org/glassfish/jersey/containers/jersey-container-servlet-core/2.27/jersey-container-servlet-core-2.27.jar:/home/user/.m2/repository/org/glassfish/hk2/external/javax.inject/2.5.0-b42/javax.inject-2.5.0-b42.jar:/home/user/.m2/repository/org/glassfish/jersey/core/jersey-common/2.27/jersey-common-2.27.jar:/home/user/.m2/repository/org/glassfish/hk2/osgi-resource-locator/1.0.1/osgi-resource-locator-1.0.1.jar:/home/user/.m2/repository/javax/ws/rs/javax.ws.rs-api/2.1/javax.ws.rs-api-2.1.jar:/home/user/.m2/repository/org/glassfish/jersey/ext/cdi/jersey-cdi1x/2.27/jersey-cdi1x-2.27.jar:/home/user/.m2/repository/org/glassfish/jersey/inject/jersey-hk2/2.27/jersey-hk2-2.27.jar:/home/user/.m2/repository/org/glassfish/hk2/hk2-locator/2.5.0-b42/hk2-locator-2.5.0-b42.jar:/home/user/.m2/repository/org/javassist/javassist/3.22.0-CR2/javassist-3.22.0-CR2.jar:/home/user/.m2/repository/org/glassfish/hk2/hk2-api/2.5.0/hk2-api-2.5.0.jar:/home/user/.m2/repository/org/glassfish/hk2/external/jakarta.inject/2.5.0/jakarta.inject-2.5.0.jar:/home/user/.m2/repository/org/glassfish/hk2/hk2-utils/2.5.0/hk2-utils-2.5.0.jar:/home/user/.m2/repository/jakarta/annotation/jakarta.annotation-api/1.3.4/jakarta.annotation-api-1.3.4.jar:/home/user/.m2/repository/org/glassfish/hk2/external/aopalliance-repackaged/2.5.0/aopalliance-repackaged-2.5.0.jar:/home/user/.m2/repository/com/fasterxml/jackson/dataformat/jackson-dataformat-xml/2.9.0/jackson-dataformat-xml-2.9.0.jar:/home/user/.m2/repository/com/fasterxml/jackson/module/jackson-module-jaxb-annotations/2.9.5/jackson-module-jaxb-annotations-2.9.5.jar:/home/user/.m2/repository/javax/enterprise/cdi-api/1.2/cdi-api-1.2.jar:/home/user/.m2/repository/javax/el/javax.el-api/3.0.0/javax.el-api-3.0.0.jar:/home/user/.m2/repository/javax/interceptor/javax.interceptor-api/1.2/javax.interceptor-api-1.2.jar:/home/user/.m2/repository/javax/inject/javax.inject/1/javax.inject-1.jar:/home/user/.m2/repository/org/apache/hadoop/hadoop-ozone-csi/0.5.0-SNAPSHOT/hadoop-ozone-csi-0.5.0-SNAPSHOT.jar:/home/user/.m2/repository/com/google/protobuf/protobuf-java-util/3.5.1/protobuf-java-util-3.5.1.jar:/home/user/.m2/repository/io/grpc/grpc-netty/1.17.1/grpc-netty-1.17.1.jar:/home/user/.m2/repository/io/grpc/grpc-core/1.17.1/grpc-core-1.17.1.jar:/home/user/.m2/repository/io/grpc/grpc-context/1.17.1/grpc-context-1.17.1.jar:/home/user/.m2/repository/com/google/errorprone/error_prone_annotations/2.2.0/error_prone_annotations-2.2.0.jar:/home/user/.m2/repository/org/codehaus/mojo/animal-sniffer-annotations/1.17/animal-sniffer-annotations-1.17.jar:/home/user/.m2/repository/io/opencensus/opencensus-api/0.17.0/opencensus-api-0.17.0.jar:/home/user/.m2/repository/io/opencensus/opencensus-contrib-grpc-metrics/0.17.0/opencensus-contrib-grpc-metrics-0.17.0.jar:/home/user/.m2/repository/io/netty/netty-codec-http2/4.1.30.Final/netty-codec-http2-4.1.30.Final.jar:/home/user/.m2/repository/io/netty/netty-codec-http/4.1.30.Final/netty-codec-http-4.1.30.Final.jar:/home/user/.m2/repository/io/netty/netty-codec/4.1.30.Final/netty-codec-4.1.30.Final.jar:/home/user/.m2/repository/io/netty/netty-handler/4.1.30.Final/netty-handler-4.1.30.Final.jar:/home/user/.m2/repository/io/netty/netty-handler-proxy/4.1.30.Final/netty-handler-proxy-4.1.30.Final.jar:/home/user/.m2/repository/io/netty/netty-codec-socks/4.1.30.Final/netty-codec-socks-4.1.30.Final.jar:/home/user/.m2/repository/io/netty/netty-transport-native-epoll/4.1.30.Final/netty-transport-native-epoll-4.1.30.Final.jar:/home/user/.m2/repository/io/netty/netty-common/4.1.30.Final/netty-common-4.1.30.Final.jar:/home/user/.m2/repository/io/netty/netty-buffer/4.1.30.Final/netty-buffer-4.1.30.Final.jar:/home/user/.m2/repository/io/netty/netty-transport/4.1.30.Final/netty-transport-4.1.30.Final.jar:/home/user/.m2/repository/io/netty/netty-resolver/4.1.30.Final/netty-resolver-4.1.30.Final.jar:/home/user/.m2/repository/io/netty/netty-transport-native-unix-common/4.1.30.Final/netty-transport-native-unix-common-4.1.30.Final.jar:/home/user/.m2/repository/io/grpc/grpc-protobuf/1.17.1/grpc-protobuf-1.17.1.jar:/home/user/.m2/repository/com/google/api/grpc/proto-google-common-protos/1.0.0/proto-google-common-protos-1.0.0.jar:/home/user/.m2/repository/io/grpc/grpc-protobuf-lite/1.17.1/grpc-protobuf-lite-1.17.1.jar:/home/user/.m2/repository/io/grpc/grpc-stub/1.17.1/grpc-stub-1.17.1.jar:/home/user/.m2/repository/org/apache/hadoop/hadoop-ozone-recon/0.5.0-SNAPSHOT/hadoop-ozone-recon-0.5.0-SNAPSHOT.jar:/home/user/.m2/repository/org/apache/hadoop/hadoop-ozone-reconcodegen/0.5.0-SNAPSHOT/hadoop-ozone-reconcodegen-0.5.0-SNAPSHOT.jar:/home/user/.m2/repository/com/google/inject/extensions/guice-multibindings/4.0/guice-multibindings-4.0.jar:/home/user/.m2/repository/com/google/inject/guice/4.0/guice-4.0.jar:/home/user/.m2/repository/aopalliance/aopalliance/1.0/aopalliance-1.0.jar:/home/user/.m2/repository/com/google/inject/extensions/guice-servlet/4.0/guice-servlet-4.0.jar:/home/user/.m2/repository/org/glassfish/jersey/containers/jersey-container-servlet/2.27/jersey-container-servlet-2.27.jar:/home/user/.m2/repository/org/glassfish/hk2/guice-bridge/2.5.0/guice-bridge-2.5.0.jar:/home/user/.m2/repository/org/glassfish/jersey/core/jersey-server/2.27/jersey-server-2.27.jar:/home/user/.m2/repository/org/glassfish/jersey/core/jersey-client/2.27/jersey-client-2.27.jar:/home/user/.m2/repository/org/glassfish/jersey/media/jersey-media-jaxb/2.27/jersey-media-jaxb-2.27.jar:/home/user/.m2/repository/javax/validation/validation-api/1.1.0.Final/validation-api-1.1.0.Final.jar:/home/user/.m2/repository/org/glassfish/jersey/media/jersey-media-json-jackson/2.27/jersey-media-json-jackson-2.27.jar:/home/user/.m2/repository/org/glassfish/jersey/ext/jersey-entity-filtering/2.27/jersey-entity-filtering-2.27.jar:/home/user/.m2/repository/com/google/inject/extensions/guice-assistedinject/4.0/guice-assistedinject-4.0.jar:/home/user/.m2/repository/org/jooq/jooq/3.11.10/jooq-3.11.10.jar:/home/user/.m2/repository/org/jooq/jooq-meta/3.11.10/jooq-meta-3.11.10.jar:/home/user/.m2/repository/org/jooq/jooq-codegen/3.11.10/jooq-codegen-3.11.10.jar:/home/user/.m2/repository/com/jolbox/bonecp/0.8.0.RELEASE/bonecp-0.8.0.RELEASE.jar:/home/user/.m2/repository/org/springframework/spring-jdbc/5.1.3.RELEASE/spring-jdbc-5.1.3.RELEASE.jar:/home/user/.m2/repository/org/springframework/spring-beans/5.1.3.RELEASE/spring-beans-5.1.3.RELEASE.jar:/home/user/.m2/repository/org/springframework/spring-core/5.1.3.RELEASE/spring-core-5.1.3.RELEASE.jar:/home/user/.m2/repository/org/springframework/spring-jcl/5.1.3.RELEASE/spring-jcl-5.1.3.RELEASE.jar:/home/user/.m2/repository/org/springframework/spring-tx/5.1.3.RELEASE/spring-tx-5.1.3.RELEASE.jar:/home/user/.m2/repository/org/mockito/mockito-core/2.15.0/mockito-core-2.15.0.jar:/home/user/.m2/repository/net/bytebuddy/byte-buddy/1.7.9/byte-buddy-1.7.9.jar:/home/user/.m2/repository/net/bytebuddy/byte-buddy-agent/1.7.9/byte-buddy-agent-1.7.9.jar:/home/user/.m2/repository/org/objenesis/objenesis/1.0/objenesis-1.0.jar:"/>
    <property name="java.vm.vendor" value="IcedTea"/>
    <property name="sun.arch.data.model" value="64"/>
    <property name="test.build.dir" value="/workdir/hadoop-ozone/tools/target/test-dir"/>
    <property name="test.cache.data" value=""/>
    <property name="java.vendor.url" value="https://icedtea.classpath.org"/>
    <property name="user.timezone" value=""/>
    <property name="java.vm.specification.version" value="1.8"/>
    <property name="os.name" value="Linux"/>
    <property name="test.build.data" value="/workdir/hadoop-ozone/tools/target/test-dir"/>
    <property name="user.country" value="US"/>
    <property name="sun.java.launcher" value="SUN_STANDARD"/>
    <property name="sun.boot.library.path" value="/usr/lib/jvm/java-1.8-openjdk/jre/lib/amd64"/>
    <property name="sun.java.command" value="/workdir/hadoop-ozone/tools/target/surefire/surefirebooter3860687412512132944.jar /workdir/hadoop-ozone/tools/target/surefire 2019-09-12T10-13-21_360-jvmRun1 surefire1032691601814747023tmp surefire_116945628639106827997tmp"/>
    <property name="test" value="!TestMiniChaosOzoneCluster"/>
    <property name="surefire.test.class.path" value="/workdir/hadoop-ozone/tools/target/test-classes:/workdir/hadoop-ozone/tools/target/classes:/home/user/.m2/repository/org/apache/hadoop/hadoop-ozone-ozone-manager/0.5.0-SNAPSHOT/hadoop-ozone-ozone-manager-0.5.0-SNAPSHOT.jar:/home/user/.m2/repository/org/apache/hadoop/hadoop-hdds-docs/0.5.0-SNAPSHOT/hadoop-hdds-docs-0.5.0-SNAPSHOT.jar:/home/user/.m2/repository/org/bouncycastle/bcprov-jdk15on/1.60/bcprov-jdk15on-1.60.jar:/home/user/.m2/repository/org/apache/hadoop/hadoop-ozone-common/0.5.0-SNAPSHOT/hadoop-ozone-common-0.5.0-SNAPSHOT.jar:/home/user/.m2/repository/org/apache/commons/commons-compress/1.4.1/commons-compress-1.4.1.jar:/home/user/.m2/repository/org/tukaani/xz/1.0/xz-1.0.jar:/home/user/.m2/repository/org/apache/hadoop/hadoop-hdfs-client/3.2.0/hadoop-hdfs-client-3.2.0.jar:/home/user/.m2/repository/com/fasterxml/jackson/core/jackson-annotations/2.9.5/jackson-annotations-2.9.5.jar:/home/user/.m2/repository/org/apache/hadoop/hadoop-hdds-common/0.5.0-SNAPSHOT/hadoop-hdds-common-0.5.0-SNAPSHOT.jar:/home/user/.m2/repository/org/apache/hadoop/hadoop-hdds-config/0.5.0-SNAPSHOT/hadoop-hdds-config-0.5.0-SNAPSHOT.jar:/home/user/.m2/repository/javax/annotation/javax.annotation-api/1.2/javax.annotation-api-1.2.jar:/home/user/.m2/repository/org/apache/ratis/ratis-server/0.4.0-2337318-SNAPSHOT/ratis-server-0.4.0-2337318-SNAPSHOT.jar:/home/user/.m2/repository/org/apache/ratis/ratis-thirdparty-misc/0.2.0/ratis-thirdparty-misc-0.2.0.jar:/home/user/.m2/repository/org/apache/ratis/ratis-proto/0.4.0-2337318-SNAPSHOT/ratis-proto-0.4.0-2337318-SNAPSHOT.jar:/home/user/.m2/repository/org/apache/ratis/ratis-common/0.4.0-2337318-SNAPSHOT/ratis-common-0.4.0-2337318-SNAPSHOT.jar:/home/user/.m2/repository/org/apache/ratis/ratis-client/0.4.0-2337318-SNAPSHOT/ratis-client-0.4.0-2337318-SNAPSHOT.jar:/home/user/.m2/repository/org/apache/ratis/ratis-metrics/0.4.0-2337318-SNAPSHOT/ratis-metrics-0.4.0-2337318-SNAPSHOT.jar:/home/user/.m2/repository/org/apache/ratis/ratis-netty/0.4.0-2337318-SNAPSHOT/ratis-netty-0.4.0-2337318-SNAPSHOT.jar:/home/user/.m2/repository/org/apache/ratis/ratis-grpc/0.4.0-2337318-SNAPSHOT/ratis-grpc-0.4.0-2337318-SNAPSHOT.jar:/home/user/.m2/repository/org/rocksdb/rocksdbjni/6.0.1/rocksdbjni-6.0.1.jar:/home/user/.m2/repository/org/apache/logging/log4j/log4j-api/2.11.0/log4j-api-2.11.0.jar:/home/user/.m2/repository/org/apache/logging/log4j/log4j-core/2.11.0/log4j-core-2.11.0.jar:/home/user/.m2/repository/com/lmax/disruptor/3.4.2/disruptor-3.4.2.jar:/home/user/.m2/repository/org/apache/commons/commons-pool2/2.6.0/commons-pool2-2.6.0.jar:/home/user/.m2/repository/org/bouncycastle/bcpkix-jdk15on/1.60/bcpkix-jdk15on-1.60.jar:/home/user/.m2/repository/commons-validator/commons-validator/1.6/commons-validator-1.6.jar:/home/user/.m2/repository/commons-digester/commons-digester/1.8.1/commons-digester-1.8.1.jar:/home/user/.m2/repository/io/jaegertracing/jaeger-client/0.33.1/jaeger-client-0.33.1.jar:/home/user/.m2/repository/io/jaegertracing/jaeger-thrift/0.33.1/jaeger-thrift-0.33.1.jar:/home/user/.m2/repository/org/apache/thrift/libthrift/0.11.0/libthrift-0.11.0.jar:/home/user/.m2/repository/com/squareup/okhttp3/okhttp/3.9.0/okhttp-3.9.0.jar:/home/user/.m2/repository/com/squareup/okio/okio/1.13.0/okio-1.13.0.jar:/home/user/.m2/repository/io/jaegertracing/jaeger-core/0.33.1/jaeger-core-0.33.1.jar:/home/user/.m2/repository/io/jaegertracing/jaeger-tracerresolver/0.33.1/jaeger-tracerresolver-0.33.1.jar:/home/user/.m2/repository/io/opentracing/contrib/opentracing-tracerresolver/0.1.5/opentracing-tracerresolver-0.1.5.jar:/home/user/.m2/repository/io/opentracing/opentracing-util/0.31.0/opentracing-util-0.31.0.jar:/home/user/.m2/repository/io/opentracing/opentracing-api/0.31.0/opentracing-api-0.31.0.jar:/home/user/.m2/repository/io/opentracing/opentracing-noop/0.31.0/opentracing-noop-0.31.0.jar:/home/user/.m2/repository/org/yaml/snakeyaml/1.16/snakeyaml-1.16.jar:/home/user/.m2/repository/org/apache/hadoop/hadoop-hdds-container-service/0.5.0-SNAPSHOT/hadoop-hdds-container-service-0.5.0-SNAPSHOT.jar:/home/user/.m2/repository/org/apache/hadoop/hadoop-hdds-client/0.5.0-SNAPSHOT/hadoop-hdds-client-0.5.0-SNAPSHOT.jar:/home/user/.m2/repository/org/apache/hadoop/hadoop-hdds-tools/0.5.0-SNAPSHOT/hadoop-hdds-tools-0.5.0-SNAPSHOT.jar:/home/user/.m2/repository/org/xerial/sqlite-jdbc/3.25.2/sqlite-jdbc-3.25.2.jar:/home/user/.m2/repository/org/apache/hadoop/hadoop-hdds-server-scm/0.5.0-SNAPSHOT/hadoop-hdds-server-scm-0.5.0-SNAPSHOT.jar:/home/user/.m2/repository/org/hamcrest/hamcrest-all/1.3/hamcrest-all-1.3.jar:/home/user/.m2/repository/info/picocli/picocli/3.9.6/picocli-3.9.6.jar:/home/user/.m2/repository/com/google/protobuf/protobuf-java/2.5.0/protobuf-java-2.5.0.jar:/home/user/.m2/repository/com/google/guava/guava/11.0.2/guava-11.0.2.jar:/home/user/.m2/repository/org/apache/hadoop/hadoop-ozone-client/0.5.0-SNAPSHOT/hadoop-ozone-client-0.5.0-SNAPSHOT.jar:/workdir/hadoop-ozone/ozonefs/target/classes:/home/user/.m2/repository/org/apache/hadoop/hadoop-hdds-server-framework/0.5.0-SNAPSHOT/hadoop-hdds-server-framework-0.5.0-SNAPSHOT.jar:/home/user/.m2/repository/org/apache/hadoop/hadoop-common/3.2.0/hadoop-common-3.2.0.jar:/home/user/.m2/repository/org/apache/hadoop/hadoop-annotations/3.2.0/hadoop-annotations-3.2.0.jar:/usr/lib/jvm/java-1.8-openjdk/jre/../lib/tools.jar:/home/user/.m2/repository/commons-cli/commons-cli/1.2/commons-cli-1.2.jar:/home/user/.m2/repository/org/apache/commons/commons-math3/3.1.1/commons-math3-3.1.1.jar:/home/user/.m2/repository/org/apache/httpcomponents/httpclient/4.5.2/httpclient-4.5.2.jar:/home/user/.m2/repository/org/apache/httpcomponents/httpcore/4.4.4/httpcore-4.4.4.jar:/home/user/.m2/repository/commons-codec/commons-codec/1.11/commons-codec-1.11.jar:/home/user/.m2/repository/commons-io/commons-io/2.5/commons-io-2.5.jar:/home/user/.m2/repository/commons-net/commons-net/3.6/commons-net-3.6.jar:/home/user/.m2/repository/commons-collections/commons-collections/3.2.2/commons-collections-3.2.2.jar:/home/user/.m2/repository/javax/servlet/javax.servlet-api/3.1.0/javax.servlet-api-3.1.0.jar:/home/user/.m2/repository/org/eclipse/jetty/jetty-server/9.3.24.v20180605/jetty-server-9.3.24.v20180605.jar:/home/user/.m2/repository/org/eclipse/jetty/jetty-http/9.3.24.v20180605/jetty-http-9.3.24.v20180605.jar:/home/user/.m2/repository/org/eclipse/jetty/jetty-io/9.3.24.v20180605/jetty-io-9.3.24.v20180605.jar:/home/user/.m2/repository/org/eclipse/jetty/jetty-util/9.3.24.v20180605/jetty-util-9.3.24.v20180605.jar:/home/user/.m2/repository/org/eclipse/jetty/jetty-servlet/9.3.24.v20180605/jetty-servlet-9.3.24.v20180605.jar:/home/user/.m2/repository/org/eclipse/jetty/jetty-security/9.3.24.v20180605/jetty-security-9.3.24.v20180605.jar:/home/user/.m2/repository/org/eclipse/jetty/jetty-webapp/9.3.24.v20180605/jetty-webapp-9.3.24.v20180605.jar:/home/user/.m2/repository/org/eclipse/jetty/jetty-xml/9.3.24.v20180605/jetty-xml-9.3.24.v20180605.jar:/home/user/.m2/repository/javax/servlet/jsp/jsp-api/2.1/jsp-api-2.1.jar:/home/user/.m2/repository/com/sun/jersey/jersey-core/1.19/jersey-core-1.19.jar:/home/user/.m2/repository/javax/ws/rs/jsr311-api/1.1.1/jsr311-api-1.1.1.jar:/home/user/.m2/repository/com/sun/jersey/jersey-servlet/1.19/jersey-servlet-1.19.jar:/home/user/.m2/repository/com/sun/jersey/jersey-json/1.19/jersey-json-1.19.jar:/home/user/.m2/repository/org/codehaus/jettison/jettison/1.1/jettison-1.1.jar:/home/user/.m2/repository/com/sun/xml/bind/jaxb-impl/2.3.0.1/jaxb-impl-2.3.0.1.jar:/home/user/.m2/repository/org/codehaus/jackson/jackson-core-asl/1.9.13/jackson-core-asl-1.9.13.jar:/home/user/.m2/repository/org/codehaus/jackson/jackson-mapper-asl/1.9.13/jackson-mapper-asl-1.9.13.jar:/home/user/.m2/repository/org/codehaus/jackson/jackson-jaxrs/1.9.13/jackson-jaxrs-1.9.13.jar:/home/user/.m2/repository/org/codehaus/jackson/jackson-xc/1.9.13/jackson-xc-1.9.13.jar:/home/user/.m2/repository/com/sun/jersey/jersey-server/1.19/jersey-server-1.19.jar:/home/user/.m2/repository/commons-logging/commons-logging/1.1.3/commons-logging-1.1.3.jar:/home/user/.m2/repository/log4j/log4j/1.2.17/log4j-1.2.17.jar:/home/user/.m2/repository/commons-beanutils/commons-beanutils/1.9.3/commons-beanutils-1.9.3.jar:/home/user/.m2/repository/org/apache/commons/commons-configuration2/2.1.1/commons-configuration2-2.1.1.jar:/home/user/.m2/repository/org/apache/commons/commons-lang3/3.7/commons-lang3-3.7.jar:/home/user/.m2/repository/org/apache/commons/commons-text/1.4/commons-text-1.4.jar:/home/user/.m2/repository/org/slf4j/slf4j-api/1.7.25/slf4j-api-1.7.25.jar:/home/user/.m2/repository/org/slf4j/slf4j-log4j12/1.7.25/slf4j-log4j12-1.7.25.jar:/home/user/.m2/repository/org/apache/avro/avro/1.7.7/avro-1.7.7.jar:/home/user/.m2/repository/com/thoughtworks/paranamer/paranamer/2.3/paranamer-2.3.jar:/home/user/.m2/repository/org/xerial/snappy/snappy-java/1.0.5/snappy-java-1.0.5.jar:/home/user/.m2/repository/com/google/re2j/re2j/1.1/re2j-1.1.jar:/home/user/.m2/repository/com/google/code/gson/gson/2.2.4/gson-2.2.4.jar:/home/user/.m2/repository/org/apache/hadoop/hadoop-auth/3.2.0/hadoop-auth-3.2.0.jar:/home/user/.m2/repository/com/nimbusds/nimbus-jose-jwt/4.41.1/nimbus-jose-jwt-4.41.1.jar:/home/user/.m2/repository/com/github/stephenc/jcip/jcip-annotations/1.0-1/jcip-annotations-1.0-1.jar:/home/user/.m2/repository/net/minidev/json-smart/2.3/json-smart-2.3.jar:/home/user/.m2/repository/net/minidev/accessors-smart/1.2/accessors-smart-1.2.jar:/home/user/.m2/repository/org/apache/curator/curator-framework/2.12.0/curator-framework-2.12.0.jar:/home/user/.m2/repository/com/jcraft/jsch/0.1.54/jsch-0.1.54.jar:/home/user/.m2/repository/org/apache/curator/curator-client/2.12.0/curator-client-2.12.0.jar:/home/user/.m2/repository/org/apache/curator/curator-recipes/2.12.0/curator-recipes-2.12.0.jar:/home/user/.m2/repository/com/google/code/findbugs/jsr305/3.0.0/jsr305-3.0.0.jar:/home/user/.m2/repository/org/apache/htrace/htrace-core4/4.1.0-incubating/htrace-core4-4.1.0-incubating.jar:/home/user/.m2/repository/org/apache/zookeeper/zookeeper/3.4.13/zookeeper-3.4.13.jar:/home/user/.m2/repository/org/apache/yetus/audience-annotations/0.5.0/audience-annotations-0.5.0.jar:/home/user/.m2/repository/org/apache/kerby/kerb-simplekdc/1.0.1/kerb-simplekdc-1.0.1.jar:/home/user/.m2/repository/org/apache/kerby/kerb-client/1.0.1/kerb-client-1.0.1.jar:/home/user/.m2/repository/org/apache/kerby/kerby-config/1.0.1/kerby-config-1.0.1.jar:/home/user/.m2/repository/org/apache/kerby/kerb-core/1.0.1/kerb-core-1.0.1.jar:/home/user/.m2/repository/org/apache/kerby/kerby-pkix/1.0.1/kerby-pkix-1.0.1.jar:/home/user/.m2/repository/org/apache/kerby/kerby-asn1/1.0.1/kerby-asn1-1.0.1.jar:/home/user/.m2/repository/org/apache/kerby/kerby-util/1.0.1/kerby-util-1.0.1.jar:/home/user/.m2/repository/org/apache/kerby/kerb-common/1.0.1/kerb-common-1.0.1.jar:/home/user/.m2/repository/org/apache/kerby/kerb-crypto/1.0.1/kerb-crypto-1.0.1.jar:/home/user/.m2/repository/org/apache/kerby/kerb-util/1.0.1/kerb-util-1.0.1.jar:/home/user/.m2/repository/org/apache/kerby/token-provider/1.0.1/token-provider-1.0.1.jar:/home/user/.m2/repository/org/apache/kerby/kerb-admin/1.0.1/kerb-admin-1.0.1.jar:/home/user/.m2/repository/org/apache/kerby/kerb-server/1.0.1/kerb-server-1.0.1.jar:/home/user/.m2/repository/org/apache/kerby/kerb-identity/1.0.1/kerb-identity-1.0.1.jar:/home/user/.m2/repository/org/apache/kerby/kerby-xdr/1.0.1/kerby-xdr-1.0.1.jar:/home/user/.m2/repository/com/fasterxml/jackson/core/jackson-databind/2.9.5/jackson-databind-2.9.5.jar:/home/user/.m2/repository/com/fasterxml/jackson/core/jackson-core/2.9.5/jackson-core-2.9.5.jar:/home/user/.m2/repository/org/codehaus/woodstox/stax2-api/3.1.4/stax2-api-3.1.4.jar:/home/user/.m2/repository/com/fasterxml/woodstox/woodstox-core/5.0.3/woodstox-core-5.0.3.jar:/home/user/.m2/repository/dnsjava/dnsjava/2.1.7/dnsjava-2.1.7.jar:/home/user/.m2/repository/org/apache/hadoop/hadoop-hdfs/3.2.0/hadoop-hdfs-3.2.0.jar:/home/user/.m2/repository/org/eclipse/jetty/jetty-util-ajax/9.3.24.v20180605/jetty-util-ajax-9.3.24.v20180605.jar:/home/user/.m2/repository/commons-daemon/commons-daemon/1.0.13/commons-daemon-1.0.13.jar:/home/user/.m2/repository/io/netty/netty/3.10.5.Final/netty-3.10.5.Final.jar:/home/user/.m2/repository/io/netty/netty-all/4.0.52.Final/netty-all-4.0.52.Final.jar:/home/user/.m2/repository/org/fusesource/leveldbjni/leveldbjni-all/1.8/leveldbjni-all-1.8.jar:/home/user/.m2/repository/com/sun/xml/bind/jaxb-core/2.3.0.1/jaxb-core-2.3.0.1.jar:/home/user/.m2/repository/javax/xml/bind/jaxb-api/2.3.0/jaxb-api-2.3.0.jar:/home/user/.m2/repository/javax/activation/activation/1.1.1/activation-1.1.1.jar:/home/user/.m2/repository/io/dropwizard/metrics/metrics-core/3.2.4/metrics-core-3.2.4.jar:/home/user/.m2/repository/org/openjdk/jmh/jmh-core/1.19/jmh-core-1.19.jar:/home/user/.m2/repository/net/sf/jopt-simple/jopt-simple/4.6/jopt-simple-4.6.jar:/home/user/.m2/repository/org/openjdk/jmh/jmh-generator-annprocess/1.19/jmh-generator-annprocess-1.19.jar:/home/user/.m2/repository/com/google/code/findbugs/findbugs/3.0.1/findbugs-3.0.1.jar:/home/user/.m2/repository/net/jcip/jcip-annotations/1.0/jcip-annotations-1.0.jar:/home/user/.m2/repository/com/google/code/findbugs/bcel-findbugs/6.0/bcel-findbugs-6.0.jar:/home/user/.m2/repository/com/google/code/findbugs/jFormatString/2.0.1/jFormatString-2.0.1.jar:/home/user/.m2/repository/dom4j/dom4j/1.6.1/dom4j-1.6.1.jar:/home/user/.m2/repository/xml-apis/xml-apis/1.0.b2/xml-apis-1.0.b2.jar:/home/user/.m2/repository/org/ow2/asm/asm-debug-all/5.0.2/asm-debug-all-5.0.2.jar:/home/user/.m2/repository/org/ow2/asm/asm-commons/5.0.2/asm-commons-5.0.2.jar:/home/user/.m2/repository/org/ow2/asm/asm-tree/5.0.2/asm-tree-5.0.2.jar:/home/user/.m2/repository/org/ow2/asm/asm/5.0.4/asm-5.0.4.jar:/home/user/.m2/repository/commons-lang/commons-lang/2.6/commons-lang-2.6.jar:/home/user/.m2/repository/com/apple/AppleJavaExtensions/1.4/AppleJavaExtensions-1.4.jar:/home/user/.m2/repository/jaxen/jaxen/1.1.6/jaxen-1.1.6.jar:/home/user/.m2/repository/junit/junit/4.11/junit-4.11.jar:/home/user/.m2/repository/org/hamcrest/hamcrest-core/1.3/hamcrest-core-1.3.jar:/home/user/.m2/repository/org/apache/hadoop/hadoop-common/3.2.0/hadoop-common-3.2.0-tests.jar:/workdir/hadoop-ozone/integration-test/target/test-classes:/home/user/.m2/repository/org/apache/hadoop/hadoop-ozone-objectstore-service/0.5.0-SNAPSHOT/hadoop-ozone-objectstore-service-0.5.0-SNAPSHOT.jar:/home/user/.m2/repository/org/apache/hadoop/hadoop-ozone-s3gateway/0.5.0-SNAPSHOT/hadoop-ozone-s3gateway-0.5.0-SNAPSHOT.jar:/home/user/.m2/repository/org/jboss/weld/servlet/weld-servlet/2.4.7.Final/weld-servlet-2.4.7.Final.jar:/home/user/.m2/repository/org/glassfish/jersey/containers/jersey-container-servlet-core/2.27/jersey-container-servlet-core-2.27.jar:/home/user/.m2/repository/org/glassfish/hk2/external/javax.inject/2.5.0-b42/javax.inject-2.5.0-b42.jar:/home/user/.m2/repository/org/glassfish/jersey/core/jersey-common/2.27/jersey-common-2.27.jar:/home/user/.m2/repository/org/glassfish/hk2/osgi-resource-locator/1.0.1/osgi-resource-locator-1.0.1.jar:/home/user/.m2/repository/javax/ws/rs/javax.ws.rs-api/2.1/javax.ws.rs-api-2.1.jar:/home/user/.m2/repository/org/glassfish/jersey/ext/cdi/jersey-cdi1x/2.27/jersey-cdi1x-2.27.jar:/home/user/.m2/repository/org/glassfish/jersey/inject/jersey-hk2/2.27/jersey-hk2-2.27.jar:/home/user/.m2/repository/org/glassfish/hk2/hk2-locator/2.5.0-b42/hk2-locator-2.5.0-b42.jar:/home/user/.m2/repository/org/javassist/javassist/3.22.0-CR2/javassist-3.22.0-CR2.jar:/home/user/.m2/repository/org/glassfish/hk2/hk2-api/2.5.0/hk2-api-2.5.0.jar:/home/user/.m2/repository/org/glassfish/hk2/external/jakarta.inject/2.5.0/jakarta.inject-2.5.0.jar:/home/user/.m2/repository/org/glassfish/hk2/hk2-utils/2.5.0/hk2-utils-2.5.0.jar:/home/user/.m2/repository/jakarta/annotation/jakarta.annotation-api/1.3.4/jakarta.annotation-api-1.3.4.jar:/home/user/.m2/repository/org/glassfish/hk2/external/aopalliance-repackaged/2.5.0/aopalliance-repackaged-2.5.0.jar:/home/user/.m2/repository/com/fasterxml/jackson/dataformat/jackson-dataformat-xml/2.9.0/jackson-dataformat-xml-2.9.0.jar:/home/user/.m2/repository/com/fasterxml/jackson/module/jackson-module-jaxb-annotations/2.9.5/jackson-module-jaxb-annotations-2.9.5.jar:/home/user/.m2/repository/javax/enterprise/cdi-api/1.2/cdi-api-1.2.jar:/home/user/.m2/repository/javax/el/javax.el-api/3.0.0/javax.el-api-3.0.0.jar:/home/user/.m2/repository/javax/interceptor/javax.interceptor-api/1.2/javax.interceptor-api-1.2.jar:/home/user/.m2/repository/javax/inject/javax.inject/1/javax.inject-1.jar:/home/user/.m2/repository/org/apache/hadoop/hadoop-ozone-csi/0.5.0-SNAPSHOT/hadoop-ozone-csi-0.5.0-SNAPSHOT.jar:/home/user/.m2/repository/com/google/protobuf/protobuf-java-util/3.5.1/protobuf-java-util-3.5.1.jar:/home/user/.m2/repository/io/grpc/grpc-netty/1.17.1/grpc-netty-1.17.1.jar:/home/user/.m2/repository/io/grpc/grpc-core/1.17.1/grpc-core-1.17.1.jar:/home/user/.m2/repository/io/grpc/grpc-context/1.17.1/grpc-context-1.17.1.jar:/home/user/.m2/repository/com/google/errorprone/error_prone_annotations/2.2.0/error_prone_annotations-2.2.0.jar:/home/user/.m2/repository/org/codehaus/mojo/animal-sniffer-annotations/1.17/animal-sniffer-annotations-1.17.jar:/home/user/.m2/repository/io/opencensus/opencensus-api/0.17.0/opencensus-api-0.17.0.jar:/home/user/.m2/repository/io/opencensus/opencensus-contrib-grpc-metrics/0.17.0/opencensus-contrib-grpc-metrics-0.17.0.jar:/home/user/.m2/repository/io/netty/netty-codec-http2/4.1.30.Final/netty-codec-http2-4.1.30.Final.jar:/home/user/.m2/repository/io/netty/netty-codec-http/4.1.30.Final/netty-codec-http-4.1.30.Final.jar:/home/user/.m2/repository/io/netty/netty-codec/4.1.30.Final/netty-codec-4.1.30.Final.jar:/home/user/.m2/repository/io/netty/netty-handler/4.1.30.Final/netty-handler-4.1.30.Final.jar:/home/user/.m2/repository/io/netty/netty-handler-proxy/4.1.30.Final/netty-handler-proxy-4.1.30.Final.jar:/home/user/.m2/repository/io/netty/netty-codec-socks/4.1.30.Final/netty-codec-socks-4.1.30.Final.jar:/home/user/.m2/repository/io/netty/netty-transport-native-epoll/4.1.30.Final/netty-transport-native-epoll-4.1.30.Final.jar:/home/user/.m2/repository/io/netty/netty-common/4.1.30.Final/netty-common-4.1.30.Final.jar:/home/user/.m2/repository/io/netty/netty-buffer/4.1.30.Final/netty-buffer-4.1.30.Final.jar:/home/user/.m2/repository/io/netty/netty-transport/4.1.30.Final/netty-transport-4.1.30.Final.jar:/home/user/.m2/repository/io/netty/netty-resolver/4.1.30.Final/netty-resolver-4.1.30.Final.jar:/home/user/.m2/repository/io/netty/netty-transport-native-unix-common/4.1.30.Final/netty-transport-native-unix-common-4.1.30.Final.jar:/home/user/.m2/repository/io/grpc/grpc-protobuf/1.17.1/grpc-protobuf-1.17.1.jar:/home/user/.m2/repository/com/google/api/grpc/proto-google-common-protos/1.0.0/proto-google-common-protos-1.0.0.jar:/home/user/.m2/repository/io/grpc/grpc-protobuf-lite/1.17.1/grpc-protobuf-lite-1.17.1.jar:/home/user/.m2/repository/io/grpc/grpc-stub/1.17.1/grpc-stub-1.17.1.jar:/home/user/.m2/repository/org/apache/hadoop/hadoop-ozone-recon/0.5.0-SNAPSHOT/hadoop-ozone-recon-0.5.0-SNAPSHOT.jar:/home/user/.m2/repository/org/apache/hadoop/hadoop-ozone-reconcodegen/0.5.0-SNAPSHOT/hadoop-ozone-reconcodegen-0.5.0-SNAPSHOT.jar:/home/user/.m2/repository/com/google/inject/extensions/guice-multibindings/4.0/guice-multibindings-4.0.jar:/home/user/.m2/repository/com/google/inject/guice/4.0/guice-4.0.jar:/home/user/.m2/repository/aopalliance/aopalliance/1.0/aopalliance-1.0.jar:/home/user/.m2/repository/com/google/inject/extensions/guice-servlet/4.0/guice-servlet-4.0.jar:/home/user/.m2/repository/org/glassfish/jersey/containers/jersey-container-servlet/2.27/jersey-container-servlet-2.27.jar:/home/user/.m2/repository/org/glassfish/hk2/guice-bridge/2.5.0/guice-bridge-2.5.0.jar:/home/user/.m2/repository/org/glassfish/jersey/core/jersey-server/2.27/jersey-server-2.27.jar:/home/user/.m2/repository/org/glassfish/jersey/core/jersey-client/2.27/jersey-client-2.27.jar:/home/user/.m2/repository/org/glassfish/jersey/media/jersey-media-jaxb/2.27/jersey-media-jaxb-2.27.jar:/home/user/.m2/repository/javax/validation/validation-api/1.1.0.Final/validation-api-1.1.0.Final.jar:/home/user/.m2/repository/org/glassfish/jersey/media/jersey-media-json-jackson/2.27/jersey-media-json-jackson-2.27.jar:/home/user/.m2/repository/org/glassfish/jersey/ext/jersey-entity-filtering/2.27/jersey-entity-filtering-2.27.jar:/home/user/.m2/repository/com/google/inject/extensions/guice-assistedinject/4.0/guice-assistedinject-4.0.jar:/home/user/.m2/repository/org/jooq/jooq/3.11.10/jooq-3.11.10.jar:/home/user/.m2/repository/org/jooq/jooq-meta/3.11.10/jooq-meta-3.11.10.jar:/home/user/.m2/repository/org/jooq/jooq-codegen/3.11.10/jooq-codegen-3.11.10.jar:/home/user/.m2/repository/com/jolbox/bonecp/0.8.0.RELEASE/bonecp-0.8.0.RELEASE.jar:/home/user/.m2/repository/org/springframework/spring-jdbc/5.1.3.RELEASE/spring-jdbc-5.1.3.RELEASE.jar:/home/user/.m2/repository/org/springframework/spring-beans/5.1.3.RELEASE/spring-beans-5.1.3.RELEASE.jar:/home/user/.m2/repository/org/springframework/spring-core/5.1.3.RELEASE/spring-core-5.1.3.RELEASE.jar:/home/user/.m2/repository/org/springframework/spring-jcl/5.1.3.RELEASE/spring-jcl-5.1.3.RELEASE.jar:/home/user/.m2/repository/org/springframework/spring-tx/5.1.3.RELEASE/spring-tx-5.1.3.RELEASE.jar:/home/user/.m2/repository/org/mockito/mockito-core/2.15.0/mockito-core-2.15.0.jar:/home/user/.m2/repository/net/bytebuddy/byte-buddy/1.7.9/byte-buddy-1.7.9.jar:/home/user/.m2/repository/net/bytebuddy/byte-buddy-agent/1.7.9/byte-buddy-agent-1.7.9.jar:/home/user/.m2/repository/org/objenesis/objenesis/1.0/objenesis-1.0.jar:"/>
    <property name="sun.cpu.endian" value="little"/>
    <property name="user.home" value="/home/user"/>
    <property name="user.language" value="en"/>
    <property name="java.specification.vendor" value="Oracle Corporation"/>
    <property name="java.home" value="/usr/lib/jvm/java-1.8-openjdk/jre"/>
    <property name="java.security.krb5.conf" value="/workdir/hadoop-ozone/tools/target/test-classes/krb5.conf"/>
    <property name="basedir" value="/workdir/hadoop-ozone/tools"/>
    <property name="file.separator" value="/"/>
    <property name="line.separator" value="&#10;"/>
    <property name="java.vm.specification.vendor" value="Oracle Corporation"/>
    <property name="java.specification.name" value="Java Platform API Specification"/>
    <property name="java.awt.graphicsenv" value="sun.awt.X11GraphicsEnvironment"/>
    <property name="surefire.real.class.path" value="/workdir/hadoop-ozone/tools/target/surefire/surefirebooter3860687412512132944.jar"/>
    <property name="hadoop.log.dir" value="/workdir/hadoop-ozone/tools/target/log"/>
    <property name="sun.boot.class.path" value="/usr/lib/jvm/java-1.8-openjdk/jre/lib/resources.jar:/usr/lib/jvm/java-1.8-openjdk/jre/lib/rt.jar:/usr/lib/jvm/java-1.8-openjdk/jre/lib/sunrsasign.jar:/usr/lib/jvm/java-1.8-openjdk/jre/lib/jsse.jar:/usr/lib/jvm/java-1.8-openjdk/jre/lib/jce.jar:/usr/lib/jvm/java-1.8-openjdk/jre/lib/charsets.jar:/usr/lib/jvm/java-1.8-openjdk/jre/lib/jfr.jar:/usr/lib/jvm/java-1.8-openjdk/jre/classes"/>
    <property name="sun.management.compiler" value="HotSpot 64-Bit Tiered Compilers"/>
    <property name="java.runtime.version" value="1.8.0_212-b04"/>
    <property name="java.net.preferIPv4Stack" value="true"/>
    <property name="user.name" value="jenkins1000"/>
    <property name="path.separator" value=":"/>
    <property name="java.security.egd" value="file:///dev/urandom"/>
    <property name="os.version" value="3.10.0-957.12.2.el7.x86_64"/>
    <property name="java.endorsed.dirs" value="/usr/lib/jvm/java-1.8-openjdk/jre/lib/endorsed"/>
    <property name="java.runtime.name" value="OpenJDK Runtime Environment"/>
    <property name="file.encoding" value="UTF-8"/>
    <property name="java.vm.name" value="OpenJDK 64-Bit Server VM"/>
    <property name="test.build.webapps" value=""/>
    <property name="localRepository" value="/home/user/.m2/repository"/>
    <property name="java.vendor.url.bug" value="https://icedtea.classpath.org/bugzilla"/>
    <property name="java.io.tmpdir" value="/tmp"/>
    <property name="require.test.libhadoop" value=""/>
    <property name="java.version" value="1.8.0_212"/>
    <property name="user.dir" value="/workdir/hadoop-ozone/tools"/>
    <property name="os.arch" value="amd64"/>
    <property name="java.vm.specification.name" value="Java Virtual Machine Specification"/>
    <property name="test.build.classes" value="/workdir/hadoop-ozone/tools/target/test-classes"/>
    <property name="java.awt.printerjob" value="sun.print.PSPrinterJob"/>
    <property name="sun.os.patch.level" value="unknown"/>
    <property name="hadoop.tmp.dir" value="/workdir/hadoop-ozone/tools/target/tmp"/>
    <property name="java.library.path" value="/usr/lib/jvm/java-1.8-openjdk/jre/lib/amd64/server:/usr/lib/jvm/java-1.8-openjdk/jre/lib/amd64:/usr/lib/jvm/java-1.8-openjdk/jre/../lib/amd64:/workdir/hadoop-ozone/tools/target/native/target/usr/local/lib:/workdir/hadoop-ozone/tools/../../hadoop-common-project/hadoop-common/target/native/target/usr/local/lib:/usr/java/packages/lib/amd64:/usr/lib64:/lib64:/lib:/usr/lib"/>
    <property name="java.vm.info" value="mixed mode"/>
    <property name="java.vendor" value="IcedTea"/>
    <property name="java.vm.version" value="25.212-b04"/>
    <property name="java.ext.dirs" value="/usr/lib/jvm/java-1.8-openjdk/jre/lib/ext:/usr/java/packages/lib/ext"/>
    <property name="sun.io.unicode.encoding" value="UnicodeLittle"/>
    <property name="java.class.version" value="52.0"/>
  </properties>
  <testcase name="testRestart" classname="org.apache.hadoop.ozone.freon.TestFreonWithPipelineDestroy" time="10.5">
    <error message="Allocated 0 blocks. Requested 5 blocks" type="INTERNAL_ERROR org.apache.hadoop.ozone.om.exceptions.OMException">INTERNAL_ERROR org.apache.hadoop.ozone.om.exceptions.OMException: Allocated 0 blocks. Requested 5 blocks
	at org.apache.hadoop.ozone.om.protocolPB.OzoneManagerProtocolClientSideTranslatorPB.handleError(OzoneManagerProtocolClientSideTranslatorPB.java:725)
	at org.apache.hadoop.ozone.om.protocolPB.OzoneManagerProtocolClientSideTranslatorPB.openKey(OzoneManagerProtocolClientSideTranslatorPB.java:716)
	at org.apache.hadoop.ozone.client.rpc.RpcClient.createKey(RpcClient.java:615)
	at org.apache.hadoop.ozone.client.OzoneBucket.createKey(OzoneBucket.java:323)
	at org.apache.hadoop.ozone.freon.RandomKeyGenerator.createKey(RandomKeyGenerator.java:686)
	at org.apache.hadoop.ozone.freon.RandomKeyGenerator.access$1100(RandomKeyGenerator.java:87)
	at org.apache.hadoop.ozone.freon.RandomKeyGenerator$ObjectCreator.run(RandomKeyGenerator.java:606)
	at java.util.concurrent.Executors$RunnableAdapter.call(Executors.java:511)
	at java.util.concurrent.FutureTask.run(FutureTask.java:266)
	at java.util.concurrent.ThreadPoolExecutor.runWorker(ThreadPoolExecutor.java:1149)
	at java.util.concurrent.ThreadPoolExecutor$Worker.run(ThreadPoolExecutor.java:624)
	at java.lang.Thread.run(Thread.java:748)
</error>
    <system-out><![CDATA[2019-09-12 11:54:12,324 [main] WARN  server.ServerUtils (ServerUtils.java:getScmDbDir(145)) - ozone.scm.db.dirs is not configured. We recommend adding this setting. Falling back to ozone.metadata.dirs instead.
2019-09-12 11:54:12,456 [main] WARN  server.ServerUtils (ServerUtils.java:getScmDbDir(145)) - ozone.scm.db.dirs is not configured. We recommend adding this setting. Falling back to ozone.metadata.dirs instead.
2019-09-12 11:54:12,459 [main] WARN  server.ServerUtils (ServerUtils.java:getScmDbDir(145)) - ozone.scm.db.dirs is not configured. We recommend adding this setting. Falling back to ozone.metadata.dirs instead.
2019-09-12 11:54:12,475 [main] INFO  util.log (Log.java:initialized(192)) - Logging initialized @931ms
2019-09-12 11:54:12,566 [main] INFO  db.DBStoreBuilder (DBStoreBuilder.java:addTable(110)) - using custom profile for table: deletedBlocks
2019-09-12 11:54:12,566 [main] INFO  db.DBStoreBuilder (DBStoreBuilder.java:processTables(161)) - Using default column profile:DBProfile.DISK for Table:deletedBlocks
2019-09-12 11:54:12,566 [main] INFO  db.DBStoreBuilder (DBStoreBuilder.java:addTable(110)) - using custom profile for table: validCerts
2019-09-12 11:54:12,567 [main] INFO  db.DBStoreBuilder (DBStoreBuilder.java:processTables(161)) - Using default column profile:DBProfile.DISK for Table:validCerts
2019-09-12 11:54:12,567 [main] INFO  db.DBStoreBuilder (DBStoreBuilder.java:addTable(110)) - using custom profile for table: revokedCerts
2019-09-12 11:54:12,567 [main] INFO  db.DBStoreBuilder (DBStoreBuilder.java:processTables(161)) - Using default column profile:DBProfile.DISK for Table:revokedCerts
2019-09-12 11:54:12,577 [main] INFO  db.DBStoreBuilder (DBStoreBuilder.java:addTable(110)) - using custom profile for table: default
2019-09-12 11:54:12,578 [main] INFO  db.DBStoreBuilder (DBStoreBuilder.java:processTables(167)) - Using default column profile:DBProfile.DISK for Table:default
2019-09-12 11:54:12,579 [main] INFO  db.DBStoreBuilder (DBStoreBuilder.java:getDbProfile(198)) - Using default options. DBProfile.DISK
2019-09-12 11:54:12,772 [main] INFO  net.NodeSchemaLoader (NodeSchemaLoader.java:loadSchemaFromFile(125)) - Loading file from sun.misc.CompoundEnumeration@20deea7f
2019-09-12 11:54:12,775 [main] INFO  net.NodeSchemaLoader (NodeSchemaLoader.java:loadSchema(171)) - Loading network topology layer schema file
2019-09-12 11:54:12,867 [main] INFO  node.SCMNodeManager (SCMNodeManager.java:<init>(121)) - Entering startup safe mode.
2019-09-12 11:54:12,939 [main] INFO  algorithms.ContainerPlacementPolicyFactory (ContainerPlacementPolicyFactory.java:getPolicy(56)) - Create container placement policy of type org.apache.hadoop.hdds.scm.container.placement.algorithms.SCMContainerPlacementRandom
2019-09-12 11:54:12,954 [main] WARN  server.ServerUtils (ServerUtils.java:getScmDbDir(145)) - ozone.scm.db.dirs is not configured. We recommend adding this setting. Falling back to ozone.metadata.dirs instead.
2019-09-12 11:54:13,017 [main] INFO  pipeline.SCMPipelineManager (SCMPipelineManager.java:initializePipelineState(126)) - No pipeline exists in current db
2019-09-12 11:54:13,021 [main] WARN  server.ServerUtils (ServerUtils.java:getScmDbDir(145)) - ozone.scm.db.dirs is not configured. We recommend adding this setting. Falling back to ozone.metadata.dirs instead.
2019-09-12 11:54:13,139 [main] WARN  events.EventQueue (EventQueue.java:fireEvent(175)) - No event handler registered for event TypedEvent{payloadType=SafeModeStatus, name='SafeModeStatus'}
2019-09-12 11:54:13,639 [main] INFO  ipc.CallQueueManager (CallQueueManager.java:<init>(84)) - Using callQueue: class java.util.concurrent.LinkedBlockingQueue, queueCapacity: 2000, scheduler: class org.apache.hadoop.ipc.DefaultRpcScheduler, ipcBackoff: false.
2019-09-12 11:54:14,016 [Socket Reader #1 for port 40581] INFO  ipc.Server (Server.java:run(1074)) - Starting Socket Reader #1 for port 40581
2019-09-12 11:54:14,049 [main] INFO  ipc.CallQueueManager (CallQueueManager.java:<init>(84)) - Using callQueue: class java.util.concurrent.LinkedBlockingQueue, queueCapacity: 2000, scheduler: class org.apache.hadoop.ipc.DefaultRpcScheduler, ipcBackoff: false.
2019-09-12 11:54:14,050 [Socket Reader #1 for port 43400] INFO  ipc.Server (Server.java:run(1074)) - Starting Socket Reader #1 for port 43400
2019-09-12 11:54:14,059 [main] INFO  ipc.CallQueueManager (CallQueueManager.java:<init>(84)) - Using callQueue: class java.util.concurrent.LinkedBlockingQueue, queueCapacity: 2000, scheduler: class org.apache.hadoop.ipc.DefaultRpcScheduler, ipcBackoff: false.
2019-09-12 11:54:14,060 [Socket Reader #1 for port 41060] INFO  ipc.Server (Server.java:run(1074)) - Starting Socket Reader #1 for port 41060
2019-09-12 11:54:14,085 [main] INFO  hdfs.DFSUtil (DFSUtil.java:httpServerTemplateForNNAndJN(1641)) - Starting Web-server for scm at: http://0.0.0.0:0
2019-09-12 11:54:14,211 [main] INFO  server.AuthenticationFilter (AuthenticationFilter.java:constructSecretProvider(240)) - Unable to initialize FileSignerSecretProvider, falling back to use random secrets.
2019-09-12 11:54:14,226 [main] WARN  http.HttpRequestLog (HttpRequestLog.java:getRequestLog(97)) - Jetty request log can only be enabled using Log4j
2019-09-12 11:54:14,236 [main] INFO  http.HttpServer2 (HttpServer2.java:addGlobalFilter(975)) - Added global filter 'safety' (class=org.apache.hadoop.http.HttpServer2$QuotingInputFilter)
2019-09-12 11:54:14,239 [main] INFO  http.HttpServer2 (HttpServer2.java:addFilter(948)) - Added filter static_user_filter (class=org.apache.hadoop.http.lib.StaticUserWebFilter$StaticUserFilter) to context scm
2019-09-12 11:54:14,239 [main] INFO  http.HttpServer2 (HttpServer2.java:addFilter(958)) - Added filter static_user_filter (class=org.apache.hadoop.http.lib.StaticUserWebFilter$StaticUserFilter) to context logs
2019-09-12 11:54:14,239 [main] INFO  http.HttpServer2 (HttpServer2.java:addFilter(958)) - Added filter static_user_filter (class=org.apache.hadoop.http.lib.StaticUserWebFilter$StaticUserFilter) to context static
2019-09-12 11:54:14,265 [main] INFO  server.StorageContainerManager (StorageContainerManager.java:start(759)) - StorageContainerLocationProtocol RPC server is listening at /0.0.0.0:41060
2019-09-12 11:54:14,344 [main] WARN  impl.MetricsConfig (MetricsConfig.java:loadFirst(134)) - Cannot locate configuration: tried hadoop-metrics2-storagecontainermanager.properties,hadoop-metrics2.properties
2019-09-12 11:54:14,359 [main] INFO  impl.MetricsSystemImpl (MetricsSystemImpl.java:startTimer(374)) - Scheduled Metric snapshot period at 10 second(s).
2019-09-12 11:54:14,359 [main] INFO  impl.MetricsSystemImpl (MetricsSystemImpl.java:start(191)) - StorageContainerManager metrics system started
2019-09-12 11:54:14,572 [main] INFO  server.SCMClientProtocolServer (SCMClientProtocolServer.java:start(151)) - RPC server for Client  is listening at /0.0.0.0:41060
2019-09-12 11:54:14,573 [IPC Server Responder] INFO  ipc.Server (Server.java:run(1314)) - IPC Server Responder: starting
2019-09-12 11:54:14,573 [IPC Server listener on 41060] INFO  ipc.Server (Server.java:run(1153)) - IPC Server listener on 41060: starting
2019-09-12 11:54:14,576 [main] INFO  server.StorageContainerManager (StorageContainerManager.java:start(769)) - ScmBlockLocationProtocol RPC server is listening at /0.0.0.0:43400
2019-09-12 11:54:14,576 [main] INFO  server.SCMBlockProtocolServer (SCMBlockProtocolServer.java:start(140)) - RPC server for Block Protocol is listening at /0.0.0.0:43400
2019-09-12 11:54:14,577 [IPC Server listener on 43400] INFO  ipc.Server (Server.java:run(1153)) - IPC Server listener on 43400: starting
2019-09-12 11:54:14,577 [IPC Server Responder] INFO  ipc.Server (Server.java:run(1314)) - IPC Server Responder: starting
2019-09-12 11:54:14,579 [main] INFO  server.StorageContainerManager (StorageContainerManager.java:start(773)) - ScmDatanodeProtocl RPC server is listening at /0.0.0.0:40581
2019-09-12 11:54:14,579 [main] INFO  server.SCMDatanodeProtocolServer (SCMDatanodeProtocolServer.java:start(191)) - RPC server for DataNodes is listening at /0.0.0.0:40581
2019-09-12 11:54:14,580 [IPC Server listener on 40581] INFO  ipc.Server (Server.java:run(1153)) - IPC Server listener on 40581: starting
2019-09-12 11:54:14,580 [IPC Server Responder] INFO  ipc.Server (Server.java:run(1314)) - IPC Server Responder: starting
2019-09-12 11:54:14,584 [main] INFO  http.HttpServer2 (HttpServer2.java:bindListener(1191)) - Jetty bound to port 33231
2019-09-12 11:54:14,585 [main] INFO  server.Server (Server.java:doStart(351)) - jetty-9.3.24.v20180605, build timestamp: 2018-06-05T17:11:56Z, git hash: 84205aa28f11a4f31f2a3b86d1bba2cc8ab69827
2019-09-12 11:54:14,619 [main] INFO  handler.ContextHandler (ContextHandler.java:doStart(781)) - Started o.e.j.s.ServletContextHandler@4e70a728{/logs,file:///workdir/hadoop-ozone/tools/target/log,AVAILABLE}
2019-09-12 11:54:14,619 [main] INFO  handler.ContextHandler (ContextHandler.java:doStart(781)) - Started o.e.j.s.ServletContextHandler@1c3146bc{/static,jar:file:/home/user/.m2/repository/org/apache/hadoop/hadoop-hdds-server-scm/0.5.0-SNAPSHOT/hadoop-hdds-server-scm-0.5.0-SNAPSHOT.jar!/webapps/static,AVAILABLE}
2019-09-12 11:54:14,686 [main] INFO  handler.ContextHandler (ContextHandler.java:doStart(781)) - Started o.e.j.w.WebAppContext@72efb5c1{/,file:///tmp/jetty-0.0.0.0-33231-scm-_-any-7590078611479779460.dir/webapp/,AVAILABLE}{/scm}
2019-09-12 11:54:14,690 [main] INFO  server.AbstractConnector (AbstractConnector.java:doStart(278)) - Started ServerConnector@7a0e1b5e{HTTP/1.1,[http/1.1]}{0.0.0.0:33231}
2019-09-12 11:54:14,691 [main] INFO  server.Server (Server.java:doStart(419)) - Started @3147ms
2019-09-12 11:54:14,692 [main] INFO  server.BaseHttpServer (BaseHttpServer.java:updateConnectorAddress(213)) - HTTP server of SCM is listening at http://0.0.0.0:33231
2019-09-12 11:54:14,697 [org.apache.hadoop.util.JvmPauseMonitor$Monitor@15bcf458] INFO  util.JvmPauseMonitor (JvmPauseMonitor.java:run(188)) - Starting JVM pause monitor
2019-09-12 11:54:14,699 [main] WARN  server.ServerUtils (ServerUtils.java:getDBPath(222)) - ozone.om.db.dirs is not configured. We recommend adding this setting. Falling back to ozone.metadata.dirs instead.
2019-09-12 11:54:14,782 [main] WARN  server.ServerUtils (ServerUtils.java:getDBPath(222)) - ozone.om.db.dirs is not configured. We recommend adding this setting. Falling back to ozone.metadata.dirs instead.
2019-09-12 11:54:14,783 [main] WARN  server.ServerUtils (ServerUtils.java:getDBPath(222)) - ozone.om.db.dirs is not configured. We recommend adding this setting. Falling back to ozone.metadata.dirs instead.
2019-09-12 11:54:14,784 [main] INFO  om.OzoneManager (OzoneManager.java:setOMNodeDetails(645)) - OM Service ID is not set. Setting it to the default ID: omServiceIdDefault
2019-09-12 11:54:14,784 [main] INFO  om.OzoneManager (OzoneManager.java:setOMNodeDetails(651)) - OM Node ID is not set. Setting it to the OmStorage's OmID: daff470e-1ecb-45d8-a923-e4f28cfbaeac
2019-09-12 11:54:14,785 [main] INFO  om.OzoneManager (OzoneManager.java:loadOMHAConfigs(602)) - Found matching OM address with OMServiceId: null, OMNodeId: null, RPC Address: localhost:0 and Ratis port: 9872
2019-09-12 11:54:15,063 | INFO  | SCMAudit | user=jenkins1000 | ip=192.168.157.195 | op=GET_SCM_INFO null | ret=SUCCESS |  
2019-09-12 11:54:15,529 [main] WARN  server.ServerUtils (ServerUtils.java:getDBPath(222)) - ozone.om.db.dirs is not configured. We recommend adding this setting. Falling back to ozone.metadata.dirs instead.
2019-09-12 11:54:15,537 [main] INFO  db.DBStoreBuilder (DBStoreBuilder.java:addTable(110)) - using custom profile for table: userTable
2019-09-12 11:54:15,537 [main] INFO  db.DBStoreBuilder (DBStoreBuilder.java:processTables(161)) - Using default column profile:DBProfile.DISK for Table:userTable
2019-09-12 11:54:15,538 [main] INFO  db.DBStoreBuilder (DBStoreBuilder.java:addTable(110)) - using custom profile for table: volumeTable
2019-09-12 11:54:15,538 [main] INFO  db.DBStoreBuilder (DBStoreBuilder.java:processTables(161)) - Using default column profile:DBProfile.DISK for Table:volumeTable
2019-09-12 11:54:15,538 [main] INFO  db.DBStoreBuilder (DBStoreBuilder.java:addTable(110)) - using custom profile for table: bucketTable
2019-09-12 11:54:15,538 [main] INFO  db.DBStoreBuilder (DBStoreBuilder.java:processTables(161)) - Using default column profile:DBProfile.DISK for Table:bucketTable
2019-09-12 11:54:15,539 [main] INFO  db.DBStoreBuilder (DBStoreBuilder.java:addTable(110)) - using custom profile for table: keyTable
2019-09-12 11:54:15,539 [main] INFO  db.DBStoreBuilder (DBStoreBuilder.java:processTables(161)) - Using default column profile:DBProfile.DISK for Table:keyTable
2019-09-12 11:54:15,539 [main] INFO  db.DBStoreBuilder (DBStoreBuilder.java:addTable(110)) - using custom profile for table: deletedTable
2019-09-12 11:54:15,539 [main] INFO  db.DBStoreBuilder (DBStoreBuilder.java:processTables(161)) - Using default column profile:DBProfile.DISK for Table:deletedTable
2019-09-12 11:54:15,540 [main] INFO  db.DBStoreBuilder (DBStoreBuilder.java:addTable(110)) - using custom profile for table: openKeyTable
2019-09-12 11:54:15,540 [main] INFO  db.DBStoreBuilder (DBStoreBuilder.java:processTables(161)) - Using default column profile:DBProfile.DISK for Table:openKeyTable
2019-09-12 11:54:15,540 [main] INFO  db.DBStoreBuilder (DBStoreBuilder.java:addTable(110)) - using custom profile for table: s3Table
2019-09-12 11:54:15,540 [main] INFO  db.DBStoreBuilder (DBStoreBuilder.java:processTables(161)) - Using default column profile:DBProfile.DISK for Table:s3Table
2019-09-12 11:54:15,541 [main] INFO  db.DBStoreBuilder (DBStoreBuilder.java:addTable(110)) - using custom profile for table: multipartInfoTable
2019-09-12 11:54:15,541 [main] INFO  db.DBStoreBuilder (DBStoreBuilder.java:processTables(161)) - Using default column profile:DBProfile.DISK for Table:multipartInfoTable
2019-09-12 11:54:15,541 [main] INFO  db.DBStoreBuilder (DBStoreBuilder.java:addTable(110)) - using custom profile for table: dTokenTable
2019-09-12 11:54:15,541 [main] INFO  db.DBStoreBuilder (DBStoreBuilder.java:processTables(161)) - Using default column profile:DBProfile.DISK for Table:dTokenTable
2019-09-12 11:54:15,542 [main] INFO  db.DBStoreBuilder (DBStoreBuilder.java:addTable(110)) - using custom profile for table: s3SecretTable
2019-09-12 11:54:15,542 [main] INFO  db.DBStoreBuilder (DBStoreBuilder.java:processTables(161)) - Using default column profile:DBProfile.DISK for Table:s3SecretTable
2019-09-12 11:54:15,542 [main] INFO  db.DBStoreBuilder (DBStoreBuilder.java:addTable(110)) - using custom profile for table: prefixTable
2019-09-12 11:54:15,543 [main] INFO  db.DBStoreBuilder (DBStoreBuilder.java:processTables(161)) - Using default column profile:DBProfile.DISK for Table:prefixTable
2019-09-12 11:54:15,543 [main] INFO  db.DBStoreBuilder (DBStoreBuilder.java:addTable(110)) - using custom profile for table: default
2019-09-12 11:54:15,543 [main] INFO  db.DBStoreBuilder (DBStoreBuilder.java:processTables(167)) - Using default column profile:DBProfile.DISK for Table:default
2019-09-12 11:54:15,543 [main] INFO  db.DBStoreBuilder (DBStoreBuilder.java:getDbProfile(198)) - Using default options. DBProfile.DISK
2019-09-12 11:54:16,019 [main] INFO  ipc.CallQueueManager (CallQueueManager.java:<init>(84)) - Using callQueue: class java.util.concurrent.LinkedBlockingQueue, queueCapacity: 2000, scheduler: class org.apache.hadoop.ipc.DefaultRpcScheduler, ipcBackoff: false.
2019-09-12 11:54:16,020 [Socket Reader #1 for port 39393] INFO  ipc.Server (Server.java:run(1074)) - Starting Socket Reader #1 for port 39393
2019-09-12 11:54:16,044 [main] INFO  om.OzoneManager (OzoneManager.java:start(1256)) - OzoneManager RPC server is listening at localhost/127.0.0.1:39393
2019-09-12 11:54:16,044 [main] INFO  impl.MetricsSystemImpl (MetricsSystemImpl.java:init(158)) - OzoneManager metrics system started (again)
2019-09-12 11:54:16,045 [IPC Server Responder] INFO  ipc.Server (Server.java:run(1314)) - IPC Server Responder: starting
2019-09-12 11:54:16,046 [IPC Server listener on 39393] INFO  ipc.Server (Server.java:run(1153)) - IPC Server listener on 39393: starting
2019-09-12 11:54:16,052 [main] INFO  hdfs.DFSUtil (DFSUtil.java:httpServerTemplateForNNAndJN(1641)) - Starting Web-server for ozoneManager at: http://0.0.0.0:0
2019-09-12 11:54:16,054 [main] INFO  server.AuthenticationFilter (AuthenticationFilter.java:constructSecretProvider(240)) - Unable to initialize FileSignerSecretProvider, falling back to use random secrets.
2019-09-12 11:54:16,055 [main] WARN  http.HttpRequestLog (HttpRequestLog.java:getRequestLog(97)) - Jetty request log can only be enabled using Log4j
2019-09-12 11:54:16,058 [main] INFO  http.HttpServer2 (HttpServer2.java:addGlobalFilter(975)) - Added global filter 'safety' (class=org.apache.hadoop.http.HttpServer2$QuotingInputFilter)
2019-09-12 11:54:16,059 [main] INFO  http.HttpServer2 (HttpServer2.java:addFilter(948)) - Added filter static_user_filter (class=org.apache.hadoop.http.lib.StaticUserWebFilter$StaticUserFilter) to context ozoneManager
2019-09-12 11:54:16,060 [main] INFO  http.HttpServer2 (HttpServer2.java:addFilter(958)) - Added filter static_user_filter (class=org.apache.hadoop.http.lib.StaticUserWebFilter$StaticUserFilter) to context logs
2019-09-12 11:54:16,060 [main] INFO  http.HttpServer2 (HttpServer2.java:addFilter(958)) - Added filter static_user_filter (class=org.apache.hadoop.http.lib.StaticUserWebFilter$StaticUserFilter) to context static
2019-09-12 11:54:16,063 [main] INFO  http.HttpServer2 (HttpServer2.java:bindListener(1191)) - Jetty bound to port 32773
2019-09-12 11:54:16,231 [main] INFO  server.Server (Server.java:doStart(351)) - jetty-9.3.24.v20180605, build timestamp: 2018-06-05T17:11:56Z, git hash: 84205aa28f11a4f31f2a3b86d1bba2cc8ab69827
2019-09-12 11:54:16,234 [main] INFO  handler.ContextHandler (ContextHandler.java:doStart(781)) - Started o.e.j.s.ServletContextHandler@782168b7{/logs,file:///workdir/hadoop-ozone/tools/target/log,AVAILABLE}
2019-09-12 11:54:16,234 [main] INFO  handler.ContextHandler (ContextHandler.java:doStart(781)) - Started o.e.j.s.ServletContextHandler@7435a578{/static,jar:file:/home/user/.m2/repository/org/apache/hadoop/hadoop-ozone-ozone-manager/0.5.0-SNAPSHOT/hadoop-ozone-ozone-manager-0.5.0-SNAPSHOT.jar!/webapps/static,AVAILABLE}
2019-09-12 11:54:16,285 [main] INFO  handler.ContextHandler (ContextHandler.java:doStart(781)) - Started o.e.j.w.WebAppContext@10876a6{/,file:///tmp/jetty-0.0.0.0-32773-ozoneManager-_-any-8808149190566416360.dir/webapp/,AVAILABLE}{/ozoneManager}
2019-09-12 11:54:16,286 [main] INFO  server.AbstractConnector (AbstractConnector.java:doStart(278)) - Started ServerConnector@71870da7{HTTP/1.1,[http/1.1]}{0.0.0.0:32773}
2019-09-12 11:54:16,287 [main] INFO  server.Server (Server.java:doStart(419)) - Started @4743ms
2019-09-12 11:54:16,288 [main] INFO  server.BaseHttpServer (BaseHttpServer.java:updateConnectorAddress(213)) - HTTP server of OZONEMANAGER is listening at http://0.0.0.0:32773
2019-09-12 11:54:16,471 [main] INFO  impl.MetricsSystemImpl (MetricsSystemImpl.java:init(158)) - HddsDatanode metrics system started (again)
2019-09-12 11:54:16,571 [main] INFO  ozone.HddsDatanodeService (HddsDatanodeService.java:start(184)) - HddsDatanodeService host:pr-hdds-1569-xtfnx-3545843844 ip:192.168.157.195
2019-09-12 11:54:16,609 [main] INFO  volume.HddsVolume (HddsVolume.java:<init>(176)) - Creating Volume: /workdir/hadoop-ozone/tools/target/test-dir/MiniOzoneClusterImpl-0461ad29-15f0-41be-8599-9d75adc7a6e0/datanode-0/data/containers/hdds of  storage type : DISK and capacity : 1482555576320
2019-09-12 11:54:16,611 [main] INFO  volume.VolumeSet (VolumeSet.java:initializeVolumeSet(170)) - Added Volume : /workdir/hadoop-ozone/tools/target/test-dir/MiniOzoneClusterImpl-0461ad29-15f0-41be-8599-9d75adc7a6e0/datanode-0/data/containers/hdds to VolumeSet
2019-09-12 11:54:16,614 [main] INFO  volume.ThrottledAsyncChecker (ThrottledAsyncChecker.java:schedule(140)) - Scheduling a check for org.apache.hadoop.ozone.container.common.volume.HddsVolume@4b869331
2019-09-12 11:54:16,632 [main] INFO  volume.HddsVolumeChecker (HddsVolumeChecker.java:checkAllVolumes(203)) - Scheduled health check for volume org.apache.hadoop.ozone.container.common.volume.HddsVolume@4b869331
2019-09-12 11:54:16,753 [main] INFO  impl.RaftServerProxy (ConfUtils.java:logGet(43)) - raft.rpc.type = GRPC (default)
2019-09-12 11:54:16,823 [main] INFO  grpc.GrpcFactory (GrpcFactory.java:checkPooledByteBufAllocatorUseCacheForAllThreads(45)) - PERFORMANCE WARNING: useCacheForAllThreads is true that may cause Netty to create a lot garbage objects and, as a result, trigger GC.
	It is recommended to disable useCacheForAllThreads by setting -Dorg.apache.ratis.thirdparty.io.netty.allocator.useCacheForAllThreads=false in command line.
2019-09-12 11:54:16,828 [main] INFO  grpc.GrpcConfigKeys$Server (ConfUtils.java:logGet(43)) - raft.grpc.server.port = 0 (default)
2019-09-12 11:54:16,829 [main] INFO  server.GrpcService (ConfUtils.java:logGet(43)) - raft.grpc.message.size.max = 33570816 (custom)
2019-09-12 11:54:16,830 [main] INFO  server.RaftServerConfigKeys (ConfUtils.java:logGet(43)) - raft.server.log.appender.buffer.byte-limit = 33554432 (custom)
2019-09-12 11:54:16,831 [main] INFO  server.GrpcService (ConfUtils.java:logGet(43)) - raft.grpc.flow.control.window = 1MB (=1048576) (default)
2019-09-12 11:54:16,832 [main] INFO  server.RaftServerConfigKeys (ConfUtils.java:logGet(43)) - raft.server.rpc.request.timeout = 3000ms (default)
2019-09-12 11:54:17,018 [main] INFO  server.RaftServerConfigKeys (ConfUtils.java:logGet(43)) - raft.server.storage.dir = [/workdir/hadoop-ozone/tools/target/test-dir/MiniOzoneClusterImpl-0461ad29-15f0-41be-8599-9d75adc7a6e0/datanode-0/data/ratis] (custom)
2019-09-12 11:54:17,058 [main] INFO  replication.SimpleContainerDownloader (SimpleContainerDownloader.java:<init>(72)) - Starting container downloader service to copy containers to replicate.
2019-09-12 11:54:17,073 [main] INFO  hdfs.DFSUtil (DFSUtil.java:httpServerTemplateForNNAndJN(1641)) - Starting Web-server for hddsDatanode at: http://0.0.0.0:0
2019-09-12 11:54:17,076 [main] INFO  server.AuthenticationFilter (AuthenticationFilter.java:constructSecretProvider(240)) - Unable to initialize FileSignerSecretProvider, falling back to use random secrets.
2019-09-12 11:54:17,077 [main] WARN  http.HttpRequestLog (HttpRequestLog.java:getRequestLog(97)) - Jetty request log can only be enabled using Log4j
2019-09-12 11:54:17,079 [main] INFO  http.HttpServer2 (HttpServer2.java:addGlobalFilter(975)) - Added global filter 'safety' (class=org.apache.hadoop.http.HttpServer2$QuotingInputFilter)
2019-09-12 11:54:17,080 [main] INFO  http.HttpServer2 (HttpServer2.java:addFilter(948)) - Added filter static_user_filter (class=org.apache.hadoop.http.lib.StaticUserWebFilter$StaticUserFilter) to context hddsDatanode
2019-09-12 11:54:17,080 [main] INFO  http.HttpServer2 (HttpServer2.java:addFilter(958)) - Added filter static_user_filter (class=org.apache.hadoop.http.lib.StaticUserWebFilter$StaticUserFilter) to context logs
2019-09-12 11:54:17,080 [main] INFO  http.HttpServer2 (HttpServer2.java:addFilter(958)) - Added filter static_user_filter (class=org.apache.hadoop.http.lib.StaticUserWebFilter$StaticUserFilter) to context static
2019-09-12 11:54:17,082 [main] INFO  http.HttpServer2 (HttpServer2.java:bindListener(1191)) - Jetty bound to port 36281
2019-09-12 11:54:17,082 [main] INFO  server.Server (Server.java:doStart(351)) - jetty-9.3.24.v20180605, build timestamp: 2018-06-05T17:11:56Z, git hash: 84205aa28f11a4f31f2a3b86d1bba2cc8ab69827
2019-09-12 11:54:17,085 [main] INFO  handler.ContextHandler (ContextHandler.java:doStart(781)) - Started o.e.j.s.ServletContextHandler@3bd2af5b{/logs,file:///workdir/hadoop-ozone/tools/target/log,AVAILABLE}
2019-09-12 11:54:17,086 [main] INFO  handler.ContextHandler (ContextHandler.java:doStart(781)) - Started o.e.j.s.ServletContextHandler@75d982d3{/static,jar:file:/home/user/.m2/repository/org/apache/hadoop/hadoop-hdds-container-service/0.5.0-SNAPSHOT/hadoop-hdds-container-service-0.5.0-SNAPSHOT.jar!/webapps/static,AVAILABLE}
2019-09-12 11:54:17,125 [main] INFO  handler.ContextHandler (ContextHandler.java:doStart(781)) - Started o.e.j.w.WebAppContext@2b7962a2{/,file:///tmp/jetty-0.0.0.0-36281-hddsDatanode-_-any-1287310368534245271.dir/webapp/,AVAILABLE}{/hddsDatanode}
2019-09-12 11:54:17,127 [main] INFO  server.AbstractConnector (AbstractConnector.java:doStart(278)) - Started ServerConnector@6ad16c5d{HTTP/1.1,[http/1.1]}{0.0.0.0:36281}
2019-09-12 11:54:17,128 [main] INFO  server.Server (Server.java:doStart(419)) - Started @5584ms
2019-09-12 11:54:17,129 [main] INFO  server.BaseHttpServer (BaseHttpServer.java:updateConnectorAddress(213)) - HTTP server of HDDSDATANODE is listening at http://0.0.0.0:36281
2019-09-12 11:54:18,225 | INFO  | ObjectStoreRestHttpServer | Listening HDDS REST traffic on /0.0.0.0:45313 |  
2019-09-12 11:54:18,227 [main] INFO  ozone.HddsDatanodeService (HddsDatanodeService.java:startPlugins(395)) - Started plug-in org.apache.hadoop.ozone.web.OzoneHddsDatanodeService@2bb62414
2019-09-12 11:54:18,228 [main] INFO  impl.MetricsSystemImpl (MetricsSystemImpl.java:init(158)) - HddsDatanode metrics system started (again)
2019-09-12 11:54:18,232 [main] INFO  ozone.HddsDatanodeService (HddsDatanodeService.java:start(184)) - HddsDatanodeService host:pr-hdds-1569-xtfnx-3545843844 ip:192.168.157.195
2019-09-12 11:54:18,235 [org.apache.hadoop.util.JvmPauseMonitor$Monitor@2f828a64] INFO  util.JvmPauseMonitor (JvmPauseMonitor.java:run(188)) - Starting JVM pause monitor
2019-09-12 11:54:18,242 [main] INFO  volume.HddsVolume (HddsVolume.java:<init>(176)) - Creating Volume: /workdir/hadoop-ozone/tools/target/test-dir/MiniOzoneClusterImpl-0461ad29-15f0-41be-8599-9d75adc7a6e0/datanode-1/data/containers/hdds of  storage type : DISK and capacity : 1482555576320
2019-09-12 11:54:18,243 [main] INFO  volume.VolumeSet (VolumeSet.java:initializeVolumeSet(170)) - Added Volume : /workdir/hadoop-ozone/tools/target/test-dir/MiniOzoneClusterImpl-0461ad29-15f0-41be-8599-9d75adc7a6e0/datanode-1/data/containers/hdds to VolumeSet
2019-09-12 11:54:18,243 [main] INFO  volume.ThrottledAsyncChecker (ThrottledAsyncChecker.java:schedule(140)) - Scheduling a check for org.apache.hadoop.ozone.container.common.volume.HddsVolume@3b7c58e7
2019-09-12 11:54:18,244 [main] INFO  volume.HddsVolumeChecker (HddsVolumeChecker.java:checkAllVolumes(203)) - Scheduled health check for volume org.apache.hadoop.ozone.container.common.volume.HddsVolume@3b7c58e7
2019-09-12 11:54:18,265 [main] INFO  impl.RaftServerProxy (ConfUtils.java:logGet(43)) - raft.rpc.type = GRPC (default)
2019-09-12 11:54:18,266 [main] INFO  grpc.GrpcFactory (GrpcFactory.java:checkPooledByteBufAllocatorUseCacheForAllThreads(45)) - PERFORMANCE WARNING: useCacheForAllThreads is true that may cause Netty to create a lot garbage objects and, as a result, trigger GC.
	It is recommended to disable useCacheForAllThreads by setting -Dorg.apache.ratis.thirdparty.io.netty.allocator.useCacheForAllThreads=false in command line.
2019-09-12 11:54:18,266 [main] INFO  grpc.GrpcConfigKeys$Server (ConfUtils.java:logGet(43)) - raft.grpc.server.port = 0 (default)
2019-09-12 11:54:18,266 [main] INFO  server.GrpcService (ConfUtils.java:logGet(43)) - raft.grpc.message.size.max = 33570816 (custom)
2019-09-12 11:54:18,266 [main] INFO  server.RaftServerConfigKeys (ConfUtils.java:logGet(43)) - raft.server.log.appender.buffer.byte-limit = 33554432 (custom)
2019-09-12 11:54:18,266 [main] INFO  server.GrpcService (ConfUtils.java:logGet(43)) - raft.grpc.flow.control.window = 1MB (=1048576) (default)
2019-09-12 11:54:18,267 [main] INFO  server.RaftServerConfigKeys (ConfUtils.java:logGet(43)) - raft.server.rpc.request.timeout = 3000ms (default)
2019-09-12 11:54:18,267 [main] INFO  server.RaftServerConfigKeys (ConfUtils.java:logGet(43)) - raft.server.storage.dir = [/workdir/hadoop-ozone/tools/target/test-dir/MiniOzoneClusterImpl-0461ad29-15f0-41be-8599-9d75adc7a6e0/datanode-1/data/ratis] (custom)
2019-09-12 11:54:18,268 [main] INFO  replication.SimpleContainerDownloader (SimpleContainerDownloader.java:<init>(72)) - Starting container downloader service to copy containers to replicate.
2019-09-12 11:54:18,269 [main] INFO  hdfs.DFSUtil (DFSUtil.java:httpServerTemplateForNNAndJN(1641)) - Starting Web-server for hddsDatanode at: http://0.0.0.0:0
2019-09-12 11:54:18,270 [main] INFO  server.AuthenticationFilter (AuthenticationFilter.java:constructSecretProvider(240)) - Unable to initialize FileSignerSecretProvider, falling back to use random secrets.
2019-09-12 11:54:18,271 [main] WARN  http.HttpRequestLog (HttpRequestLog.java:getRequestLog(97)) - Jetty request log can only be enabled using Log4j
2019-09-12 11:54:18,273 [main] INFO  http.HttpServer2 (HttpServer2.java:addGlobalFilter(975)) - Added global filter 'safety' (class=org.apache.hadoop.http.HttpServer2$QuotingInputFilter)
2019-09-12 11:54:18,274 [main] INFO  http.HttpServer2 (HttpServer2.java:addFilter(948)) - Added filter static_user_filter (class=org.apache.hadoop.http.lib.StaticUserWebFilter$StaticUserFilter) to context hddsDatanode
2019-09-12 11:54:18,274 [main] INFO  http.HttpServer2 (HttpServer2.java:addFilter(958)) - Added filter static_user_filter (class=org.apache.hadoop.http.lib.StaticUserWebFilter$StaticUserFilter) to context static
2019-09-12 11:54:18,274 [main] INFO  http.HttpServer2 (HttpServer2.java:addFilter(958)) - Added filter static_user_filter (class=org.apache.hadoop.http.lib.StaticUserWebFilter$StaticUserFilter) to context logs
2019-09-12 11:54:18,275 [main] INFO  http.HttpServer2 (HttpServer2.java:bindListener(1191)) - Jetty bound to port 38622
2019-09-12 11:54:18,275 [main] INFO  server.Server (Server.java:doStart(351)) - jetty-9.3.24.v20180605, build timestamp: 2018-06-05T17:11:56Z, git hash: 84205aa28f11a4f31f2a3b86d1bba2cc8ab69827
2019-09-12 11:54:18,280 [main] INFO  handler.ContextHandler (ContextHandler.java:doStart(781)) - Started o.e.j.s.ServletContextHandler@7ab802f4{/logs,file:///workdir/hadoop-ozone/tools/target/log,AVAILABLE}
2019-09-12 11:54:18,281 [main] INFO  handler.ContextHandler (ContextHandler.java:doStart(781)) - Started o.e.j.s.ServletContextHandler@3b97907c{/static,jar:file:/home/user/.m2/repository/org/apache/hadoop/hadoop-hdds-container-service/0.5.0-SNAPSHOT/hadoop-hdds-container-service-0.5.0-SNAPSHOT.jar!/webapps/static,AVAILABLE}
2019-09-12 11:54:18,306 [main] INFO  handler.ContextHandler (ContextHandler.java:doStart(781)) - Started o.e.j.w.WebAppContext@4b88ca8e{/,file:///tmp/jetty-0.0.0.0-38622-hddsDatanode-_-any-111730587003386536.dir/webapp/,AVAILABLE}{/hddsDatanode}
2019-09-12 11:54:18,308 [main] INFO  server.AbstractConnector (AbstractConnector.java:doStart(278)) - Started ServerConnector@6fa02932{HTTP/1.1,[http/1.1]}{0.0.0.0:38622}
2019-09-12 11:54:18,308 [main] INFO  server.Server (Server.java:doStart(419)) - Started @6764ms
2019-09-12 11:54:18,310 [main] INFO  server.BaseHttpServer (BaseHttpServer.java:updateConnectorAddress(213)) - HTTP server of HDDSDATANODE is listening at http://0.0.0.0:38622
2019-09-12 11:54:18,345 [Datanode State Machine Thread - 0] INFO  datanode.InitDatanodeState (InitDatanodeState.java:persistContainerDatanodeDetails(140)) - DatanodeDetails is persisted to /workdir/hadoop-ozone/tools/target/test-dir/MiniOzoneClusterImpl-0461ad29-15f0-41be-8599-9d75adc7a6e0/datanode-0/meta/datanode.id
2019-09-12 11:54:18,469 | INFO  | ObjectStoreRestHttpServer | Listening HDDS REST traffic on /0.0.0.0:45369 |  
2019-09-12 11:54:18,469 [main] INFO  ozone.HddsDatanodeService (HddsDatanodeService.java:startPlugins(395)) - Started plug-in org.apache.hadoop.ozone.web.OzoneHddsDatanodeService@1a8e9ed9
2019-09-12 11:54:18,469 [main] INFO  impl.MetricsSystemImpl (MetricsSystemImpl.java:init(158)) - HddsDatanode metrics system started (again)
2019-09-12 11:54:18,473 [org.apache.hadoop.util.JvmPauseMonitor$Monitor@6673ccdb] INFO  util.JvmPauseMonitor (JvmPauseMonitor.java:run(188)) - Starting JVM pause monitor
2019-09-12 11:54:18,473 [main] INFO  ozone.HddsDatanodeService (HddsDatanodeService.java:start(184)) - HddsDatanodeService host:pr-hdds-1569-xtfnx-3545843844 ip:192.168.157.195
2019-09-12 11:54:18,479 [Datanode State Machine Thread - 0] INFO  datanode.InitDatanodeState (InitDatanodeState.java:persistContainerDatanodeDetails(140)) - DatanodeDetails is persisted to /workdir/hadoop-ozone/tools/target/test-dir/MiniOzoneClusterImpl-0461ad29-15f0-41be-8599-9d75adc7a6e0/datanode-1/meta/datanode.id
2019-09-12 11:54:18,484 [main] INFO  volume.HddsVolume (HddsVolume.java:<init>(176)) - Creating Volume: /workdir/hadoop-ozone/tools/target/test-dir/MiniOzoneClusterImpl-0461ad29-15f0-41be-8599-9d75adc7a6e0/datanode-2/data/containers/hdds of  storage type : DISK and capacity : 1482555576320
2019-09-12 11:54:18,484 [main] INFO  volume.VolumeSet (VolumeSet.java:initializeVolumeSet(170)) - Added Volume : /workdir/hadoop-ozone/tools/target/test-dir/MiniOzoneClusterImpl-0461ad29-15f0-41be-8599-9d75adc7a6e0/datanode-2/data/containers/hdds to VolumeSet
2019-09-12 11:54:18,485 [main] INFO  volume.ThrottledAsyncChecker (ThrottledAsyncChecker.java:schedule(140)) - Scheduling a check for org.apache.hadoop.ozone.container.common.volume.HddsVolume@4f081b5d
2019-09-12 11:54:18,485 [main] INFO  volume.HddsVolumeChecker (HddsVolumeChecker.java:checkAllVolumes(203)) - Scheduled health check for volume org.apache.hadoop.ozone.container.common.volume.HddsVolume@4f081b5d
2019-09-12 11:54:18,504 [main] INFO  impl.RaftServerProxy (ConfUtils.java:logGet(43)) - raft.rpc.type = GRPC (default)
2019-09-12 11:54:18,504 [main] INFO  grpc.GrpcFactory (GrpcFactory.java:checkPooledByteBufAllocatorUseCacheForAllThreads(45)) - PERFORMANCE WARNING: useCacheForAllThreads is true that may cause Netty to create a lot garbage objects and, as a result, trigger GC.
	It is recommended to disable useCacheForAllThreads by setting -Dorg.apache.ratis.thirdparty.io.netty.allocator.useCacheForAllThreads=false in command line.
2019-09-12 11:54:18,504 [main] INFO  grpc.GrpcConfigKeys$Server (ConfUtils.java:logGet(43)) - raft.grpc.server.port = 0 (default)
2019-09-12 11:54:18,505 [main] INFO  server.GrpcService (ConfUtils.java:logGet(43)) - raft.grpc.message.size.max = 33570816 (custom)
2019-09-12 11:54:18,505 [main] INFO  server.RaftServerConfigKeys (ConfUtils.java:logGet(43)) - raft.server.log.appender.buffer.byte-limit = 33554432 (custom)
2019-09-12 11:54:18,505 [main] INFO  server.GrpcService (ConfUtils.java:logGet(43)) - raft.grpc.flow.control.window = 1MB (=1048576) (default)
2019-09-12 11:54:18,505 [main] INFO  server.RaftServerConfigKeys (ConfUtils.java:logGet(43)) - raft.server.rpc.request.timeout = 3000ms (default)
2019-09-12 11:54:18,506 [main] INFO  server.RaftServerConfigKeys (ConfUtils.java:logGet(43)) - raft.server.storage.dir = [/workdir/hadoop-ozone/tools/target/test-dir/MiniOzoneClusterImpl-0461ad29-15f0-41be-8599-9d75adc7a6e0/datanode-2/data/ratis] (custom)
2019-09-12 11:54:18,507 [main] INFO  replication.SimpleContainerDownloader (SimpleContainerDownloader.java:<init>(72)) - Starting container downloader service to copy containers to replicate.
2019-09-12 11:54:18,508 [main] INFO  hdfs.DFSUtil (DFSUtil.java:httpServerTemplateForNNAndJN(1641)) - Starting Web-server for hddsDatanode at: http://0.0.0.0:0
2019-09-12 11:54:18,510 [main] INFO  server.AuthenticationFilter (AuthenticationFilter.java:constructSecretProvider(240)) - Unable to initialize FileSignerSecretProvider, falling back to use random secrets.
2019-09-12 11:54:18,511 [main] WARN  http.HttpRequestLog (HttpRequestLog.java:getRequestLog(97)) - Jetty request log can only be enabled using Log4j
2019-09-12 11:54:18,513 [main] INFO  http.HttpServer2 (HttpServer2.java:addGlobalFilter(975)) - Added global filter 'safety' (class=org.apache.hadoop.http.HttpServer2$QuotingInputFilter)
2019-09-12 11:54:18,513 [main] INFO  http.HttpServer2 (HttpServer2.java:addFilter(948)) - Added filter static_user_filter (class=org.apache.hadoop.http.lib.StaticUserWebFilter$StaticUserFilter) to context hddsDatanode
2019-09-12 11:54:18,514 [main] INFO  http.HttpServer2 (HttpServer2.java:addFilter(958)) - Added filter static_user_filter (class=org.apache.hadoop.http.lib.StaticUserWebFilter$StaticUserFilter) to context logs
2019-09-12 11:54:18,514 [main] INFO  http.HttpServer2 (HttpServer2.java:addFilter(958)) - Added filter static_user_filter (class=org.apache.hadoop.http.lib.StaticUserWebFilter$StaticUserFilter) to context static
2019-09-12 11:54:18,515 [main] INFO  http.HttpServer2 (HttpServer2.java:bindListener(1191)) - Jetty bound to port 40164
2019-09-12 11:54:18,515 [main] INFO  server.Server (Server.java:doStart(351)) - jetty-9.3.24.v20180605, build timestamp: 2018-06-05T17:11:56Z, git hash: 84205aa28f11a4f31f2a3b86d1bba2cc8ab69827
2019-09-12 11:54:18,517 [main] INFO  handler.ContextHandler (ContextHandler.java:doStart(781)) - Started o.e.j.s.ServletContextHandler@217dc48e{/logs,file:///workdir/hadoop-ozone/tools/target/log,AVAILABLE}
2019-09-12 11:54:18,518 [main] INFO  handler.ContextHandler (ContextHandler.java:doStart(781)) - Started o.e.j.s.ServletContextHandler@296edc75{/static,jar:file:/home/user/.m2/repository/org/apache/hadoop/hadoop-hdds-container-service/0.5.0-SNAPSHOT/hadoop-hdds-container-service-0.5.0-SNAPSHOT.jar!/webapps/static,AVAILABLE}
2019-09-12 11:54:18,551 [main] INFO  handler.ContextHandler (ContextHandler.java:doStart(781)) - Started o.e.j.w.WebAppContext@3554bdc0{/,file:///tmp/jetty-0.0.0.0-40164-hddsDatanode-_-any-8205483039334480131.dir/webapp/,AVAILABLE}{/hddsDatanode}
2019-09-12 11:54:18,551 [main] INFO  server.AbstractConnector (AbstractConnector.java:doStart(278)) - Started ServerConnector@3a3b10f4{HTTP/1.1,[http/1.1]}{0.0.0.0:40164}
2019-09-12 11:54:18,553 [main] INFO  server.Server (Server.java:doStart(419)) - Started @7009ms
2019-09-12 11:54:18,555 [main] INFO  server.BaseHttpServer (BaseHttpServer.java:updateConnectorAddress(213)) - HTTP server of HDDSDATANODE is listening at http://0.0.0.0:40164
2019-09-12 11:54:18,703 | INFO  | ObjectStoreRestHttpServer | Listening HDDS REST traffic on /0.0.0.0:36542 |  
2019-09-12 11:54:18,703 [main] INFO  ozone.HddsDatanodeService (HddsDatanodeService.java:startPlugins(395)) - Started plug-in org.apache.hadoop.ozone.web.OzoneHddsDatanodeService@76396509
2019-09-12 11:54:18,705 [main] INFO  ozone.MiniOzoneClusterImpl (MiniOzoneClusterImpl.java:lambda$waitForClusterToBeReady$0(142)) - Waiting for cluster to be ready. Got 0 of 3 DN Heartbeats.
2019-09-12 11:54:18,707 [org.apache.hadoop.util.JvmPauseMonitor$Monitor@6dcbeddf] INFO  util.JvmPauseMonitor (JvmPauseMonitor.java:run(188)) - Starting JVM pause monitor
2019-09-12 11:54:18,709 [Datanode State Machine Thread - 0] INFO  datanode.InitDatanodeState (InitDatanodeState.java:persistContainerDatanodeDetails(140)) - DatanodeDetails is persisted to /workdir/hadoop-ozone/tools/target/test-dir/MiniOzoneClusterImpl-0461ad29-15f0-41be-8599-9d75adc7a6e0/datanode-2/meta/datanode.id
2019-09-12 11:54:19,706 [main] INFO  ozone.MiniOzoneClusterImpl (MiniOzoneClusterImpl.java:lambda$waitForClusterToBeReady$0(142)) - Waiting for cluster to be ready. Got 0 of 3 DN Heartbeats.
2019-09-12 11:54:20,268 | INFO  | SCMAudit | user=jenkins1000 | ip=192.168.157.195 | op=GET_VERSION null | ret=SUCCESS |  
2019-09-12 11:54:20,318 [Datanode State Machine Thread - 0] INFO  ozoneimpl.OzoneContainer (OzoneContainer.java:start(186)) - Attempting to start container services.
2019-09-12 11:54:20,320 [Datanode State Machine Thread - 0] INFO  ozoneimpl.OzoneContainer (OzoneContainer.java:startContainerScrub(160)) - Background container scrubber has been disabled by hdds.containerscrub.enabled
2019-09-12 11:54:20,320 [Datanode State Machine Thread - 0] INFO  ratis.XceiverServerRatis (XceiverServerRatis.java:start(404)) - Starting XceiverServerRatis 838719cc-490b-4c03-a095-19a61aedb9ec at port 0
2019-09-12 11:54:20,346 [Datanode State Machine Thread - 0] INFO  impl.RaftServerProxy (RaftServerProxy.java:lambda$start$3(299)) - 838719cc-490b-4c03-a095-19a61aedb9ec: start RPC server
2019-09-12 11:54:20,475 | INFO  | SCMAudit | user=jenkins1000 | ip=192.168.157.195 | op=GET_VERSION null | ret=SUCCESS |  
2019-09-12 11:54:20,482 [Datanode State Machine Thread - 0] INFO  server.GrpcService (GrpcService.java:startImpl(149)) - 838719cc-490b-4c03-a095-19a61aedb9ec: GrpcService started, listening on 0.0.0.0/0.0.0.0:35393
2019-09-12 11:54:20,483 [Datanode State Machine Thread - 0] INFO  ratis.XceiverServerRatis (XceiverServerRatis.java:start(414)) - XceiverServerRatis 838719cc-490b-4c03-a095-19a61aedb9ec is started using port 35393
2019-09-12 11:54:20,485 [Datanode State Machine Thread - 0] INFO  server.XceiverServerGrpc (XceiverServerGrpc.java:start(163)) - XceiverServerGrpc 838719cc-490b-4c03-a095-19a61aedb9ec is started using port 43771
2019-09-12 11:54:20,490 [Datanode State Machine Thread - 0] INFO  ozoneimpl.OzoneContainer (OzoneContainer.java:start(186)) - Attempting to start container services.
2019-09-12 11:54:20,492 [Datanode State Machine Thread - 0] INFO  ozoneimpl.OzoneContainer (OzoneContainer.java:startContainerScrub(160)) - Background container scrubber has been disabled by hdds.containerscrub.enabled
2019-09-12 11:54:20,493 [Datanode State Machine Thread - 0] INFO  ratis.XceiverServerRatis (XceiverServerRatis.java:start(404)) - Starting XceiverServerRatis 6b6db90b-d3a1-49d5-955a-ba6cd0451323 at port 0
2019-09-12 11:54:20,502 [Datanode State Machine Thread - 0] INFO  impl.RaftServerProxy (RaftServerProxy.java:lambda$start$3(299)) - 6b6db90b-d3a1-49d5-955a-ba6cd0451323: start RPC server
2019-09-12 11:54:20,505 [Datanode State Machine Thread - 0] INFO  server.GrpcService (GrpcService.java:startImpl(149)) - 6b6db90b-d3a1-49d5-955a-ba6cd0451323: GrpcService started, listening on 0.0.0.0/0.0.0.0:39461
2019-09-12 11:54:20,505 [Datanode State Machine Thread - 0] INFO  ratis.XceiverServerRatis (XceiverServerRatis.java:start(414)) - XceiverServerRatis 6b6db90b-d3a1-49d5-955a-ba6cd0451323 is started using port 39461
2019-09-12 11:54:20,507 [Datanode State Machine Thread - 0] INFO  server.XceiverServerGrpc (XceiverServerGrpc.java:start(163)) - XceiverServerGrpc 6b6db90b-d3a1-49d5-955a-ba6cd0451323 is started using port 33310
2019-09-12 11:54:20,706 [main] INFO  ozone.MiniOzoneClusterImpl (MiniOzoneClusterImpl.java:lambda$waitForClusterToBeReady$0(142)) - Waiting for cluster to be ready. Got 0 of 3 DN Heartbeats.
2019-09-12 11:54:20,709 | INFO  | SCMAudit | user=jenkins1000 | ip=192.168.157.195 | op=GET_VERSION null | ret=SUCCESS |  
2019-09-12 11:54:20,724 [Datanode State Machine Thread - 0] INFO  ozoneimpl.OzoneContainer (OzoneContainer.java:start(186)) - Attempting to start container services.
2019-09-12 11:54:20,726 [Datanode State Machine Thread - 0] INFO  ozoneimpl.OzoneContainer (OzoneContainer.java:startContainerScrub(160)) - Background container scrubber has been disabled by hdds.containerscrub.enabled
2019-09-12 11:54:20,726 [Datanode State Machine Thread - 0] INFO  ratis.XceiverServerRatis (XceiverServerRatis.java:start(404)) - Starting XceiverServerRatis 74e5f15b-89e9-4724-9552-a6d94f3cc9a1 at port 0
2019-09-12 11:54:20,735 [Datanode State Machine Thread - 0] INFO  impl.RaftServerProxy (RaftServerProxy.java:lambda$start$3(299)) - 74e5f15b-89e9-4724-9552-a6d94f3cc9a1: start RPC server
2019-09-12 11:54:20,739 [Datanode State Machine Thread - 0] INFO  server.GrpcService (GrpcService.java:startImpl(149)) - 74e5f15b-89e9-4724-9552-a6d94f3cc9a1: GrpcService started, listening on 0.0.0.0/0.0.0.0:41743
2019-09-12 11:54:20,739 [Datanode State Machine Thread - 0] INFO  ratis.XceiverServerRatis (XceiverServerRatis.java:start(414)) - XceiverServerRatis 74e5f15b-89e9-4724-9552-a6d94f3cc9a1 is started using port 41743
2019-09-12 11:54:20,742 [Datanode State Machine Thread - 0] INFO  server.XceiverServerGrpc (XceiverServerGrpc.java:start(163)) - XceiverServerGrpc 74e5f15b-89e9-4724-9552-a6d94f3cc9a1 is started using port 42513
2019-09-12 11:54:21,707 [main] INFO  ozone.MiniOzoneClusterImpl (MiniOzoneClusterImpl.java:lambda$waitForClusterToBeReady$0(142)) - Waiting for cluster to be ready. Got 0 of 3 DN Heartbeats.
2019-09-12 11:54:22,283 [IPC Server handler 1 on 40581] INFO  net.NetworkTopology (NetworkTopologyImpl.java:add(110)) - Added a new node: /default-rack/838719cc-490b-4c03-a095-19a61aedb9ec
2019-09-12 11:54:22,283 [IPC Server handler 1 on 40581] INFO  node.SCMNodeManager (SCMNodeManager.java:register(273)) - Registered Data node : 838719cc-490b-4c03-a095-19a61aedb9ec{ip: 192.168.157.195, host: pr-hdds-1569-xtfnx-3545843844, networkLocation: /default-rack, certSerialId: null}
2019-09-12 11:54:22,288 [EventQueue-NodeRegistrationContainerReportForDataNodeSafeModeRule] INFO  safemode.SCMSafeModeManager (DataNodeSafeModeRule.java:process(71)) - SCM in safe mode. 1 DataNodes registered, 1 required.
2019-09-12 11:54:22,289 [EventQueue-NodeRegistrationContainerReportForDataNodeSafeModeRule] INFO  safemode.SCMSafeModeManager (SCMSafeModeManager.java:validateSafeModeExitRules(177)) - ScmSafeModeManager, all rules are successfully validated
2019-09-12 11:54:22,289 [EventQueue-NodeRegistrationContainerReportForDataNodeSafeModeRule] INFO  safemode.SCMSafeModeManager (SCMSafeModeManager.java:exitSafeMode(193)) - SCM exiting safe mode.
2019-09-12 11:54:22,297 | INFO  | SCMAudit | user=jenkins1000 | ip=192.168.157.195 | op=REGISTER {datanodeDetails=838719cc-490b-4c03-a095-19a61aedb9ec{ip: 192.168.157.195, host: pr-hdds-1569-xtfnx-3545843844, networkLocation: /default-rack, certSerialId: null}} | ret=SUCCESS |  
2019-09-12 11:54:22,518 [IPC Server handler 3 on 40581] INFO  net.NetworkTopology (NetworkTopologyImpl.java:add(110)) - Added a new node: /default-rack/6b6db90b-d3a1-49d5-955a-ba6cd0451323
2019-09-12 11:54:22,519 [IPC Server handler 3 on 40581] INFO  node.SCMNodeManager (SCMNodeManager.java:register(273)) - Registered Data node : 6b6db90b-d3a1-49d5-955a-ba6cd0451323{ip: 192.168.157.195, host: pr-hdds-1569-xtfnx-3545843844, networkLocation: /default-rack, certSerialId: null}
2019-09-12 11:54:22,519 | INFO  | SCMAudit | user=jenkins1000 | ip=192.168.157.195 | op=REGISTER {datanodeDetails=6b6db90b-d3a1-49d5-955a-ba6cd0451323{ip: 192.168.157.195, host: pr-hdds-1569-xtfnx-3545843844, networkLocation: /default-rack, certSerialId: null}} | ret=SUCCESS |  
2019-09-12 11:54:22,708 [main] INFO  ozone.MiniOzoneClusterImpl (MiniOzoneClusterImpl.java:lambda$waitForClusterToBeReady$0(142)) - Waiting for cluster to be ready. Got 2 of 3 DN Heartbeats.
2019-09-12 11:54:22,713 [IPC Server handler 1 on 40581] INFO  net.NetworkTopology (NetworkTopologyImpl.java:add(110)) - Added a new node: /default-rack/74e5f15b-89e9-4724-9552-a6d94f3cc9a1
2019-09-12 11:54:22,713 [IPC Server handler 1 on 40581] INFO  node.SCMNodeManager (SCMNodeManager.java:register(273)) - Registered Data node : 74e5f15b-89e9-4724-9552-a6d94f3cc9a1{ip: 192.168.157.195, host: pr-hdds-1569-xtfnx-3545843844, networkLocation: /default-rack, certSerialId: null}
2019-09-12 11:54:22,714 | INFO  | SCMAudit | user=jenkins1000 | ip=192.168.157.195 | op=REGISTER {datanodeDetails=74e5f15b-89e9-4724-9552-a6d94f3cc9a1{ip: 192.168.157.195, host: pr-hdds-1569-xtfnx-3545843844, networkLocation: /default-rack, certSerialId: null}} | ret=SUCCESS |  
2019-09-12 11:54:23,188 [grpc-default-executor-0] INFO  impl.RaftServerProxy (RaftServerProxy.java:addNew(89)) - 838719cc-490b-4c03-a095-19a61aedb9ec: addNew group-F6177AB7CB75:[838719cc-490b-4c03-a095-19a61aedb9ec:192.168.157.195:35393] returns group-F6177AB7CB75:java.util.concurrent.CompletableFuture@5464796b[Not completed]
2019-09-12 11:54:23,204 [pool-27-thread-1] INFO  impl.RaftServerImpl (RaftServerImpl.java:<init>(93)) - 838719cc-490b-4c03-a095-19a61aedb9ec: new RaftServerImpl for group-F6177AB7CB75:[838719cc-490b-4c03-a095-19a61aedb9ec:192.168.157.195:35393] with ContainerStateMachine:uninitialized
2019-09-12 11:54:23,207 [pool-27-thread-1] INFO  server.RaftServerConfigKeys (ConfUtils.java:logGet(43)) - raft.server.rpc.timeout.min = 5s (custom)
2019-09-12 11:54:23,208 [pool-27-thread-1] INFO  server.RaftServerConfigKeys (ConfUtils.java:logGet(43)) - raft.server.rpc.timeout.max = 5200ms (custom)
2019-09-12 11:54:23,208 [pool-27-thread-1] INFO  server.RaftServerConfigKeys (ConfUtils.java:logGet(43)) - raft.server.rpcslowness.timeout = 120s (custom)
2019-09-12 11:54:23,209 [pool-27-thread-1] INFO  server.RaftServerConfigKeys (ConfUtils.java:logGet(43)) - raft.server.sleep.deviation.threshold = 300 (default)
2019-09-12 11:54:23,209 [pool-27-thread-1] INFO  server.RaftServerConfigKeys (ConfUtils.java:logGet(43)) - raft.server.log.appender.install.snapshot.enabled = false (custom)
2019-09-12 11:54:23,216 [pool-27-thread-1] INFO  impl.RaftServerImpl (ServerState.java:<init>(105)) - 838719cc-490b-4c03-a095-19a61aedb9ec:group-F6177AB7CB75 ConfigurationManager, init=-1: [838719cc-490b-4c03-a095-19a61aedb9ec:192.168.157.195:35393], old=null, confs=<EMPTY_MAP>
2019-09-12 11:54:23,216 [pool-27-thread-1] INFO  server.RaftServerConfigKeys (ConfUtils.java:logGet(43)) - raft.server.storage.dir = [/workdir/hadoop-ozone/tools/target/test-dir/MiniOzoneClusterImpl-0461ad29-15f0-41be-8599-9d75adc7a6e0/datanode-0/data/ratis] (custom)
2019-09-12 11:54:23,223 [pool-27-thread-1] INFO  storage.RaftStorageDirectory (RaftStorageDirectory.java:analyzeStorage(246)) - The storage directory /workdir/hadoop-ozone/tools/target/test-dir/MiniOzoneClusterImpl-0461ad29-15f0-41be-8599-9d75adc7a6e0/datanode-0/data/ratis/0c93fcb0-5576-48fd-968e-f6177ab7cb75 does not exist. Creating ...
2019-09-12 11:54:23,239 [pool-27-thread-1] INFO  storage.RaftStorageDirectory (RaftStorageDirectory.java:tryLock(328)) - Lock on /workdir/hadoop-ozone/tools/target/test-dir/MiniOzoneClusterImpl-0461ad29-15f0-41be-8599-9d75adc7a6e0/datanode-0/data/ratis/0c93fcb0-5576-48fd-968e-f6177ab7cb75/in_use.lock acquired by nodename 18424@pr-hdds-1569-xtfnx-3545843844
2019-09-12 11:54:23,254 [pool-27-thread-1] INFO  storage.RaftStorage (RaftStorage.java:format(72)) - Storage directory /workdir/hadoop-ozone/tools/target/test-dir/MiniOzoneClusterImpl-0461ad29-15f0-41be-8599-9d75adc7a6e0/datanode-0/data/ratis/0c93fcb0-5576-48fd-968e-f6177ab7cb75 has been successfully formatted.
2019-09-12 11:54:23,257 [pool-27-thread-1] INFO  ratis.ContainerStateMachine (ContainerStateMachine.java:loadSnapshot(226)) - group-F6177AB7CB75: The snapshot info is null. Setting the last applied indexto:(t:0, i:~)
2019-09-12 11:54:23,257 [pool-27-thread-1] INFO  server.RaftServerConfigKeys (ConfUtils.java:logGet(43)) - raft.server.leader.election.timeout = 120s (custom)
2019-09-12 11:54:23,259 [pool-27-thread-1] INFO  server.RaftServerConfigKeys (ConfUtils.java:logGet(43)) - raft.server.log.use.memory = false (default)
2019-09-12 11:54:23,263 [pool-27-thread-1] INFO  server.RaftServerConfigKeys (ConfUtils.java:logGet(43)) - raft.server.log.purge.gap = 1000000 (custom)
2019-09-12 11:54:23,263 [pool-27-thread-1] INFO  server.RaftServerConfigKeys (ConfUtils.java:logGet(43)) - raft.server.log.appender.buffer.byte-limit = 33554432 (custom)
2019-09-12 11:54:23,265 [pool-27-thread-1] INFO  server.RaftServerConfigKeys (ConfUtils.java:logGet(43)) - raft.server.log.segment.size.max = 1048576 (custom)
2019-09-12 11:54:23,269 [pool-27-thread-1] INFO  server.RaftServerConfigKeys (ConfUtils.java:logGet(43)) - raft.server.log.segment.cache.num.max = 2 (custom)
2019-09-12 11:54:23,274 [pool-27-thread-1] INFO  segmented.SegmentedRaftLogWorker (SegmentedRaftLogWorker.java:<init>(172)) - new 838719cc-490b-4c03-a095-19a61aedb9ec-SegmentedRaftLogWorker:Storage Directory /workdir/hadoop-ozone/tools/target/test-dir/MiniOzoneClusterImpl-0461ad29-15f0-41be-8599-9d75adc7a6e0/datanode-0/data/ratis/0c93fcb0-5576-48fd-968e-f6177ab7cb75 for RaftStorage:Storage Directory /workdir/hadoop-ozone/tools/target/test-dir/MiniOzoneClusterImpl-0461ad29-15f0-41be-8599-9d75adc7a6e0/datanode-0/data/ratis/0c93fcb0-5576-48fd-968e-f6177ab7cb75
2019-09-12 11:54:23,286 [pool-27-thread-1] INFO  server.RaftServerConfigKeys (ConfUtils.java:logGet(43)) - raft.server.log.queue.byte-limit = 2147483647 (custom)
2019-09-12 11:54:23,286 [pool-27-thread-1] INFO  server.RaftServerConfigKeys (ConfUtils.java:logGet(43)) - raft.server.log.queue.element-limit = 1024 (custom)
2019-09-12 11:54:23,292 [pool-27-thread-1] INFO  server.RaftServerConfigKeys (ConfUtils.java:logGet(43)) - raft.server.log.segment.size.max = 1048576 (custom)
2019-09-12 11:54:23,293 [pool-27-thread-1] INFO  server.RaftServerConfigKeys (ConfUtils.java:logGet(43)) - raft.server.log.preallocated.size = 16384 (custom)
2019-09-12 11:54:23,294 [pool-27-thread-1] INFO  server.RaftServerConfigKeys (ConfUtils.java:logGet(43)) - raft.server.log.write.buffer.size = 33554432 (custom)
2019-09-12 11:54:23,295 [pool-27-thread-1] INFO  server.RaftServerConfigKeys (ConfUtils.java:logGet(43)) - raft.server.log.force.sync.num = 128 (default)
2019-09-12 11:54:23,296 [pool-27-thread-1] INFO  server.RaftServerConfigKeys (ConfUtils.java:logGet(43)) - raft.server.log.statemachine.data.sync = true (default)
2019-09-12 11:54:23,297 [pool-27-thread-1] INFO  server.RaftServerConfigKeys (ConfUtils.java:logGet(43)) - raft.server.log.statemachine.data.sync.timeout = 10s (default)
2019-09-12 11:54:23,297 [pool-27-thread-1] INFO  server.RaftServerConfigKeys (ConfUtils.java:logGet(43)) - raft.server.log.statemachine.data.sync.timeout.retry = -1 (default)
2019-09-12 11:54:23,315 [pool-27-thread-1] INFO  server.RaftServerConfigKeys (ConfUtils.java:logGet(43)) - raft.server.log.statemachine.data.caching.enabled = true (custom)
2019-09-12 11:54:23,320 [pool-27-thread-1] INFO  segmented.SegmentedRaftLogWorker (SegmentedRaftLogWorker.java:lambda$new$0(132)) - 838719cc-490b-4c03-a095-19a61aedb9ec-SegmentedRaftLogWorker:Storage Directory /workdir/hadoop-ozone/tools/target/test-dir/MiniOzoneClusterImpl-0461ad29-15f0-41be-8599-9d75adc7a6e0/datanode-0/data/ratis/0c93fcb0-5576-48fd-968e-f6177ab7cb75: flushIndex: setUnconditionally 0 -> -1
2019-09-12 11:54:23,324 [pool-27-thread-1] INFO  server.RaftServerConfigKeys (ConfUtils.java:logGet(43)) - raft.server.snapshot.auto.trigger.enabled = true (custom)
2019-09-12 11:54:23,325 [pool-27-thread-1] INFO  server.RaftServerConfigKeys (ConfUtils.java:logGet(43)) - raft.server.snapshot.auto.trigger.threshold = 10000 (custom)
2019-09-12 11:54:23,326 [pool-27-thread-1] INFO  server.RaftServerConfigKeys (ConfUtils.java:logGet(43)) - raft.server.retrycache.expirytime = 600000ms (custom)
2019-09-12 11:54:23,346 [pool-27-thread-1] INFO  impl.RaftServerImpl (RaftServerImpl.java:start(180)) - 838719cc-490b-4c03-a095-19a61aedb9ec: start group-F6177AB7CB75
2019-09-12 11:54:23,347 [pool-27-thread-1] INFO  impl.RaftServerImpl (RaftServerImpl.java:setRole(171)) - 838719cc-490b-4c03-a095-19a61aedb9ec:group-F6177AB7CB75 changes role from null to FOLLOWER at term 0 for startAsFollower
2019-09-12 11:54:23,348 [pool-27-thread-1] INFO  impl.RoleInfo (RoleInfo.java:updateAndGet(143)) - 838719cc-490b-4c03-a095-19a61aedb9ec: start FollowerState
2019-09-12 11:54:23,349 [pool-27-thread-1] INFO  util.JmxRegister (JmxRegister.java:tryRegister(44)) - Successfully registered JMX Bean with object name Ratis:service=RaftServer,group=group-F6177AB7CB75,id=838719cc-490b-4c03-a095-19a61aedb9ec
2019-09-12 11:54:23,404 [RatisPipelineUtilsThread] INFO  pipeline.PipelineStateManager (PipelineStateManager.java:addPipeline(56)) - Created pipeline Pipeline[ Id: 0c93fcb0-5576-48fd-968e-f6177ab7cb75, Nodes: 838719cc-490b-4c03-a095-19a61aedb9ec{ip: 192.168.157.195, host: pr-hdds-1569-xtfnx-3545843844, networkLocation: /default-rack, certSerialId: null}, Type:RATIS, Factor:ONE, State:OPEN]
2019-09-12 11:54:23,422 [grpc-default-executor-0] INFO  impl.RaftServerProxy (RaftServerProxy.java:addNew(89)) - 6b6db90b-d3a1-49d5-955a-ba6cd0451323: addNew group-75A37D36B911:[6b6db90b-d3a1-49d5-955a-ba6cd0451323:192.168.157.195:39461] returns group-75A37D36B911:java.util.concurrent.CompletableFuture@5de223bf[Not completed]
2019-09-12 11:54:23,458 [pool-38-thread-1] INFO  impl.RaftServerImpl (RaftServerImpl.java:<init>(93)) - 6b6db90b-d3a1-49d5-955a-ba6cd0451323: new RaftServerImpl for group-75A37D36B911:[6b6db90b-d3a1-49d5-955a-ba6cd0451323:192.168.157.195:39461] with ContainerStateMachine:uninitialized
2019-09-12 11:54:23,460 [pool-38-thread-1] INFO  server.RaftServerConfigKeys (ConfUtils.java:logGet(43)) - raft.server.rpc.timeout.min = 5s (custom)
2019-09-12 11:54:23,460 [pool-38-thread-1] INFO  server.RaftServerConfigKeys (ConfUtils.java:logGet(43)) - raft.server.rpc.timeout.max = 5200ms (custom)
2019-09-12 11:54:23,460 [pool-38-thread-1] INFO  server.RaftServerConfigKeys (ConfUtils.java:logGet(43)) - raft.server.rpcslowness.timeout = 120s (custom)
2019-09-12 11:54:23,461 [pool-38-thread-1] INFO  server.RaftServerConfigKeys (ConfUtils.java:logGet(43)) - raft.server.sleep.deviation.threshold = 300 (default)
2019-09-12 11:54:23,461 [pool-38-thread-1] INFO  server.RaftServerConfigKeys (ConfUtils.java:logGet(43)) - raft.server.log.appender.install.snapshot.enabled = false (custom)
2019-09-12 11:54:23,461 [pool-38-thread-1] INFO  impl.RaftServerImpl (ServerState.java:<init>(105)) - 6b6db90b-d3a1-49d5-955a-ba6cd0451323:group-75A37D36B911 ConfigurationManager, init=-1: [6b6db90b-d3a1-49d5-955a-ba6cd0451323:192.168.157.195:39461], old=null, confs=<EMPTY_MAP>
2019-09-12 11:54:23,461 [pool-38-thread-1] INFO  server.RaftServerConfigKeys (ConfUtils.java:logGet(43)) - raft.server.storage.dir = [/workdir/hadoop-ozone/tools/target/test-dir/MiniOzoneClusterImpl-0461ad29-15f0-41be-8599-9d75adc7a6e0/datanode-1/data/ratis] (custom)
2019-09-12 11:54:23,461 [pool-38-thread-1] INFO  storage.RaftStorageDirectory (RaftStorageDirectory.java:analyzeStorage(246)) - The storage directory /workdir/hadoop-ozone/tools/target/test-dir/MiniOzoneClusterImpl-0461ad29-15f0-41be-8599-9d75adc7a6e0/datanode-1/data/ratis/9ea49172-747d-4e02-bd1e-75a37d36b911 does not exist. Creating ...
2019-09-12 11:54:23,475 [pool-38-thread-1] INFO  storage.RaftStorageDirectory (RaftStorageDirectory.java:tryLock(328)) - Lock on /workdir/hadoop-ozone/tools/target/test-dir/MiniOzoneClusterImpl-0461ad29-15f0-41be-8599-9d75adc7a6e0/datanode-1/data/ratis/9ea49172-747d-4e02-bd1e-75a37d36b911/in_use.lock acquired by nodename 18424@pr-hdds-1569-xtfnx-3545843844
2019-09-12 11:54:23,479 [pool-38-thread-1] INFO  storage.RaftStorage (RaftStorage.java:format(72)) - Storage directory /workdir/hadoop-ozone/tools/target/test-dir/MiniOzoneClusterImpl-0461ad29-15f0-41be-8599-9d75adc7a6e0/datanode-1/data/ratis/9ea49172-747d-4e02-bd1e-75a37d36b911 has been successfully formatted.
2019-09-12 11:54:23,480 [pool-38-thread-1] INFO  ratis.ContainerStateMachine (ContainerStateMachine.java:loadSnapshot(226)) - group-75A37D36B911: The snapshot info is null. Setting the last applied indexto:(t:0, i:~)
2019-09-12 11:54:23,481 [pool-38-thread-1] INFO  server.RaftServerConfigKeys (ConfUtils.java:logGet(43)) - raft.server.leader.election.timeout = 120s (custom)
2019-09-12 11:54:23,481 [pool-38-thread-1] INFO  server.RaftServerConfigKeys (ConfUtils.java:logGet(43)) - raft.server.log.use.memory = false (default)
2019-09-12 11:54:23,481 [pool-38-thread-1] INFO  server.RaftServerConfigKeys (ConfUtils.java:logGet(43)) - raft.server.log.purge.gap = 1000000 (custom)
2019-09-12 11:54:23,482 [pool-38-thread-1] INFO  server.RaftServerConfigKeys (ConfUtils.java:logGet(43)) - raft.server.log.appender.buffer.byte-limit = 33554432 (custom)
2019-09-12 11:54:23,482 [pool-38-thread-1] INFO  server.RaftServerConfigKeys (ConfUtils.java:logGet(43)) - raft.server.log.segment.size.max = 1048576 (custom)
2019-09-12 11:54:23,482 [pool-38-thread-1] INFO  server.RaftServerConfigKeys (ConfUtils.java:logGet(43)) - raft.server.log.segment.cache.num.max = 2 (custom)
2019-09-12 11:54:23,482 [pool-38-thread-1] INFO  segmented.SegmentedRaftLogWorker (SegmentedRaftLogWorker.java:<init>(172)) - new 6b6db90b-d3a1-49d5-955a-ba6cd0451323-SegmentedRaftLogWorker:Storage Directory /workdir/hadoop-ozone/tools/target/test-dir/MiniOzoneClusterImpl-0461ad29-15f0-41be-8599-9d75adc7a6e0/datanode-1/data/ratis/9ea49172-747d-4e02-bd1e-75a37d36b911 for RaftStorage:Storage Directory /workdir/hadoop-ozone/tools/target/test-dir/MiniOzoneClusterImpl-0461ad29-15f0-41be-8599-9d75adc7a6e0/datanode-1/data/ratis/9ea49172-747d-4e02-bd1e-75a37d36b911
2019-09-12 11:54:23,483 [pool-38-thread-1] INFO  server.RaftServerConfigKeys (ConfUtils.java:logGet(43)) - raft.server.log.queue.byte-limit = 2147483647 (custom)
2019-09-12 11:54:23,484 [pool-38-thread-1] INFO  server.RaftServerConfigKeys (ConfUtils.java:logGet(43)) - raft.server.log.queue.element-limit = 1024 (custom)
2019-09-12 11:54:23,484 [pool-38-thread-1] INFO  server.RaftServerConfigKeys (ConfUtils.java:logGet(43)) - raft.server.log.segment.size.max = 1048576 (custom)
2019-09-12 11:54:23,484 [pool-38-thread-1] INFO  server.RaftServerConfigKeys (ConfUtils.java:logGet(43)) - raft.server.log.preallocated.size = 16384 (custom)
2019-09-12 11:54:23,484 [pool-38-thread-1] INFO  server.RaftServerConfigKeys (ConfUtils.java:logGet(43)) - raft.server.log.write.buffer.size = 33554432 (custom)
2019-09-12 11:54:23,485 [pool-38-thread-1] INFO  server.RaftServerConfigKeys (ConfUtils.java:logGet(43)) - raft.server.log.force.sync.num = 128 (default)
2019-09-12 11:54:23,485 [pool-38-thread-1] INFO  server.RaftServerConfigKeys (ConfUtils.java:logGet(43)) - raft.server.log.statemachine.data.sync = true (default)
2019-09-12 11:54:23,485 [pool-38-thread-1] INFO  server.RaftServerConfigKeys (ConfUtils.java:logGet(43)) - raft.server.log.statemachine.data.sync.timeout = 10s (default)
2019-09-12 11:54:23,485 [pool-38-thread-1] INFO  server.RaftServerConfigKeys (ConfUtils.java:logGet(43)) - raft.server.log.statemachine.data.sync.timeout.retry = -1 (default)
2019-09-12 11:54:23,486 [pool-38-thread-1] INFO  server.RaftServerConfigKeys (ConfUtils.java:logGet(43)) - raft.server.log.statemachine.data.caching.enabled = true (custom)
2019-09-12 11:54:23,486 [pool-38-thread-1] INFO  segmented.SegmentedRaftLogWorker (SegmentedRaftLogWorker.java:lambda$new$0(132)) - 6b6db90b-d3a1-49d5-955a-ba6cd0451323-SegmentedRaftLogWorker:Storage Directory /workdir/hadoop-ozone/tools/target/test-dir/MiniOzoneClusterImpl-0461ad29-15f0-41be-8599-9d75adc7a6e0/datanode-1/data/ratis/9ea49172-747d-4e02-bd1e-75a37d36b911: flushIndex: setUnconditionally 0 -> -1
2019-09-12 11:54:23,487 [pool-38-thread-1] INFO  server.RaftServerConfigKeys (ConfUtils.java:logGet(43)) - raft.server.snapshot.auto.trigger.enabled = true (custom)
2019-09-12 11:54:23,487 [pool-38-thread-1] INFO  server.RaftServerConfigKeys (ConfUtils.java:logGet(43)) - raft.server.snapshot.auto.trigger.threshold = 10000 (custom)
2019-09-12 11:54:23,487 [pool-38-thread-1] INFO  server.RaftServerConfigKeys (ConfUtils.java:logGet(43)) - raft.server.retrycache.expirytime = 600000ms (custom)
2019-09-12 11:54:23,488 [pool-38-thread-1] INFO  impl.RaftServerImpl (RaftServerImpl.java:start(180)) - 6b6db90b-d3a1-49d5-955a-ba6cd0451323: start group-75A37D36B911
2019-09-12 11:54:23,488 [pool-38-thread-1] INFO  impl.RaftServerImpl (RaftServerImpl.java:setRole(171)) - 6b6db90b-d3a1-49d5-955a-ba6cd0451323:group-75A37D36B911 changes role from null to FOLLOWER at term 0 for startAsFollower
2019-09-12 11:54:23,488 [pool-38-thread-1] INFO  impl.RoleInfo (RoleInfo.java:updateAndGet(143)) - 6b6db90b-d3a1-49d5-955a-ba6cd0451323: start FollowerState
2019-09-12 11:54:23,489 [pool-38-thread-1] INFO  util.JmxRegister (JmxRegister.java:tryRegister(44)) - Successfully registered JMX Bean with object name Ratis:service=RaftServer,group=group-75A37D36B911,id=6b6db90b-d3a1-49d5-955a-ba6cd0451323
2019-09-12 11:54:23,503 [RatisPipelineUtilsThread] INFO  pipeline.PipelineStateManager (PipelineStateManager.java:addPipeline(56)) - Created pipeline Pipeline[ Id: 9ea49172-747d-4e02-bd1e-75a37d36b911, Nodes: 6b6db90b-d3a1-49d5-955a-ba6cd0451323{ip: 192.168.157.195, host: pr-hdds-1569-xtfnx-3545843844, networkLocation: /default-rack, certSerialId: null}, Type:RATIS, Factor:ONE, State:OPEN]
2019-09-12 11:54:23,522 [grpc-default-executor-0] INFO  impl.RaftServerProxy (RaftServerProxy.java:addNew(89)) - 6b6db90b-d3a1-49d5-955a-ba6cd0451323: addNew group-98C1FAA4BDC3:[6b6db90b-d3a1-49d5-955a-ba6cd0451323:192.168.157.195:39461] returns group-98C1FAA4BDC3:java.util.concurrent.CompletableFuture@5731083d[Not completed]
2019-09-12 11:54:23,524 [pool-38-thread-1] INFO  impl.RaftServerImpl (RaftServerImpl.java:<init>(93)) - 6b6db90b-d3a1-49d5-955a-ba6cd0451323: new RaftServerImpl for group-98C1FAA4BDC3:[6b6db90b-d3a1-49d5-955a-ba6cd0451323:192.168.157.195:39461] with ContainerStateMachine:uninitialized
2019-09-12 11:54:23,524 [pool-38-thread-1] INFO  server.RaftServerConfigKeys (ConfUtils.java:logGet(43)) - raft.server.rpc.timeout.min = 5s (custom)
2019-09-12 11:54:23,524 [pool-38-thread-1] INFO  server.RaftServerConfigKeys (ConfUtils.java:logGet(43)) - raft.server.rpc.timeout.max = 5200ms (custom)
2019-09-12 11:54:23,524 [pool-38-thread-1] INFO  server.RaftServerConfigKeys (ConfUtils.java:logGet(43)) - raft.server.rpcslowness.timeout = 120s (custom)
2019-09-12 11:54:23,524 [pool-38-thread-1] INFO  server.RaftServerConfigKeys (ConfUtils.java:logGet(43)) - raft.server.sleep.deviation.threshold = 300 (default)
2019-09-12 11:54:23,525 [pool-38-thread-1] INFO  server.RaftServerConfigKeys (ConfUtils.java:logGet(43)) - raft.server.log.appender.install.snapshot.enabled = false (custom)
2019-09-12 11:54:23,525 [pool-38-thread-1] INFO  impl.RaftServerImpl (ServerState.java:<init>(105)) - 6b6db90b-d3a1-49d5-955a-ba6cd0451323:group-98C1FAA4BDC3 ConfigurationManager, init=-1: [6b6db90b-d3a1-49d5-955a-ba6cd0451323:192.168.157.195:39461], old=null, confs=<EMPTY_MAP>
2019-09-12 11:54:23,525 [pool-38-thread-1] INFO  server.RaftServerConfigKeys (ConfUtils.java:logGet(43)) - raft.server.storage.dir = [/workdir/hadoop-ozone/tools/target/test-dir/MiniOzoneClusterImpl-0461ad29-15f0-41be-8599-9d75adc7a6e0/datanode-1/data/ratis] (custom)
2019-09-12 11:54:23,525 [pool-38-thread-1] INFO  storage.RaftStorageDirectory (RaftStorageDirectory.java:analyzeStorage(246)) - The storage directory /workdir/hadoop-ozone/tools/target/test-dir/MiniOzoneClusterImpl-0461ad29-15f0-41be-8599-9d75adc7a6e0/datanode-1/data/ratis/c2d8a89f-a0ec-4544-94c2-98c1faa4bdc3 does not exist. Creating ...
2019-09-12 11:54:23,538 [pool-38-thread-1] INFO  storage.RaftStorageDirectory (RaftStorageDirectory.java:tryLock(328)) - Lock on /workdir/hadoop-ozone/tools/target/test-dir/MiniOzoneClusterImpl-0461ad29-15f0-41be-8599-9d75adc7a6e0/datanode-1/data/ratis/c2d8a89f-a0ec-4544-94c2-98c1faa4bdc3/in_use.lock acquired by nodename 18424@pr-hdds-1569-xtfnx-3545843844
2019-09-12 11:54:23,552 [pool-38-thread-1] INFO  storage.RaftStorage (RaftStorage.java:format(72)) - Storage directory /workdir/hadoop-ozone/tools/target/test-dir/MiniOzoneClusterImpl-0461ad29-15f0-41be-8599-9d75adc7a6e0/datanode-1/data/ratis/c2d8a89f-a0ec-4544-94c2-98c1faa4bdc3 has been successfully formatted.
2019-09-12 11:54:23,552 [pool-38-thread-1] INFO  ratis.ContainerStateMachine (ContainerStateMachine.java:loadSnapshot(226)) - group-98C1FAA4BDC3: The snapshot info is null. Setting the last applied indexto:(t:0, i:~)
2019-09-12 11:54:23,552 [pool-38-thread-1] INFO  server.RaftServerConfigKeys (ConfUtils.java:logGet(43)) - raft.server.leader.election.timeout = 120s (custom)
2019-09-12 11:54:23,552 [pool-38-thread-1] INFO  server.RaftServerConfigKeys (ConfUtils.java:logGet(43)) - raft.server.log.use.memory = false (default)
2019-09-12 11:54:23,553 [pool-38-thread-1] INFO  server.RaftServerConfigKeys (ConfUtils.java:logGet(43)) - raft.server.log.purge.gap = 1000000 (custom)
2019-09-12 11:54:23,553 [pool-38-thread-1] INFO  server.RaftServerConfigKeys (ConfUtils.java:logGet(43)) - raft.server.log.appender.buffer.byte-limit = 33554432 (custom)
2019-09-12 11:54:23,553 [pool-38-thread-1] INFO  server.RaftServerConfigKeys (ConfUtils.java:logGet(43)) - raft.server.log.segment.size.max = 1048576 (custom)
2019-09-12 11:54:23,553 [pool-38-thread-1] INFO  server.RaftServerConfigKeys (ConfUtils.java:logGet(43)) - raft.server.log.segment.cache.num.max = 2 (custom)
2019-09-12 11:54:23,553 [pool-38-thread-1] INFO  segmented.SegmentedRaftLogWorker (SegmentedRaftLogWorker.java:<init>(172)) - new 6b6db90b-d3a1-49d5-955a-ba6cd0451323-SegmentedRaftLogWorker:Storage Directory /workdir/hadoop-ozone/tools/target/test-dir/MiniOzoneClusterImpl-0461ad29-15f0-41be-8599-9d75adc7a6e0/datanode-1/data/ratis/c2d8a89f-a0ec-4544-94c2-98c1faa4bdc3 for RaftStorage:Storage Directory /workdir/hadoop-ozone/tools/target/test-dir/MiniOzoneClusterImpl-0461ad29-15f0-41be-8599-9d75adc7a6e0/datanode-1/data/ratis/c2d8a89f-a0ec-4544-94c2-98c1faa4bdc3
2019-09-12 11:54:23,554 [pool-38-thread-1] INFO  server.RaftServerConfigKeys (ConfUtils.java:logGet(43)) - raft.server.log.queue.byte-limit = 2147483647 (custom)
2019-09-12 11:54:23,554 [pool-38-thread-1] INFO  server.RaftServerConfigKeys (ConfUtils.java:logGet(43)) - raft.server.log.queue.element-limit = 1024 (custom)
2019-09-12 11:54:23,554 [pool-38-thread-1] INFO  server.RaftServerConfigKeys (ConfUtils.java:logGet(43)) - raft.server.log.segment.size.max = 1048576 (custom)
2019-09-12 11:54:23,554 [pool-38-thread-1] INFO  server.RaftServerConfigKeys (ConfUtils.java:logGet(43)) - raft.server.log.preallocated.size = 16384 (custom)
2019-09-12 11:54:23,554 [pool-38-thread-1] INFO  server.RaftServerConfigKeys (ConfUtils.java:logGet(43)) - raft.server.log.write.buffer.size = 33554432 (custom)
2019-09-12 11:54:23,554 [pool-38-thread-1] INFO  server.RaftServerConfigKeys (ConfUtils.java:logGet(43)) - raft.server.log.force.sync.num = 128 (default)
2019-09-12 11:54:23,554 [pool-38-thread-1] INFO  server.RaftServerConfigKeys (ConfUtils.java:logGet(43)) - raft.server.log.statemachine.data.sync = true (default)
2019-09-12 11:54:23,555 [pool-38-thread-1] INFO  server.RaftServerConfigKeys (ConfUtils.java:logGet(43)) - raft.server.log.statemachine.data.sync.timeout = 10s (default)
2019-09-12 11:54:23,555 [pool-38-thread-1] INFO  server.RaftServerConfigKeys (ConfUtils.java:logGet(43)) - raft.server.log.statemachine.data.sync.timeout.retry = -1 (default)
2019-09-12 11:54:23,555 [pool-38-thread-1] INFO  server.RaftServerConfigKeys (ConfUtils.java:logGet(43)) - raft.server.log.statemachine.data.caching.enabled = true (custom)
2019-09-12 11:54:23,555 [pool-38-thread-1] INFO  segmented.SegmentedRaftLogWorker (SegmentedRaftLogWorker.java:lambda$new$0(132)) - 6b6db90b-d3a1-49d5-955a-ba6cd0451323-SegmentedRaftLogWorker:Storage Directory /workdir/hadoop-ozone/tools/target/test-dir/MiniOzoneClusterImpl-0461ad29-15f0-41be-8599-9d75adc7a6e0/datanode-1/data/ratis/c2d8a89f-a0ec-4544-94c2-98c1faa4bdc3: flushIndex: setUnconditionally 0 -> -1
2019-09-12 11:54:23,556 [pool-38-thread-1] INFO  server.RaftServerConfigKeys (ConfUtils.java:logGet(43)) - raft.server.snapshot.auto.trigger.enabled = true (custom)
2019-09-12 11:54:23,556 [pool-38-thread-1] INFO  server.RaftServerConfigKeys (ConfUtils.java:logGet(43)) - raft.server.snapshot.auto.trigger.threshold = 10000 (custom)
2019-09-12 11:54:23,556 [pool-38-thread-1] INFO  server.RaftServerConfigKeys (ConfUtils.java:logGet(43)) - raft.server.retrycache.expirytime = 600000ms (custom)
2019-09-12 11:54:23,557 [pool-38-thread-1] INFO  impl.RaftServerImpl (RaftServerImpl.java:start(180)) - 6b6db90b-d3a1-49d5-955a-ba6cd0451323: start group-98C1FAA4BDC3
2019-09-12 11:54:23,557 [pool-38-thread-1] INFO  impl.RaftServerImpl (RaftServerImpl.java:setRole(171)) - 6b6db90b-d3a1-49d5-955a-ba6cd0451323:group-98C1FAA4BDC3 changes role from null to FOLLOWER at term 0 for startAsFollower
2019-09-12 11:54:23,557 [pool-38-thread-1] INFO  impl.RoleInfo (RoleInfo.java:updateAndGet(143)) - 6b6db90b-d3a1-49d5-955a-ba6cd0451323: start FollowerState
2019-09-12 11:54:23,557 [pool-38-thread-1] INFO  util.JmxRegister (JmxRegister.java:tryRegister(44)) - Successfully registered JMX Bean with object name Ratis:service=RaftServer,group=group-98C1FAA4BDC3,id=6b6db90b-d3a1-49d5-955a-ba6cd0451323
2019-09-12 11:54:23,568 [RatisPipelineUtilsThread] INFO  pipeline.PipelineStateManager (PipelineStateManager.java:addPipeline(56)) - Created pipeline Pipeline[ Id: c2d8a89f-a0ec-4544-94c2-98c1faa4bdc3, Nodes: 6b6db90b-d3a1-49d5-955a-ba6cd0451323{ip: 192.168.157.195, host: pr-hdds-1569-xtfnx-3545843844, networkLocation: /default-rack, certSerialId: null}, Type:RATIS, Factor:ONE, State:OPEN]
2019-09-12 11:54:23,584 [grpc-default-executor-0] INFO  impl.RaftServerProxy (RaftServerProxy.java:addNew(89)) - 74e5f15b-89e9-4724-9552-a6d94f3cc9a1: addNew group-0D8781F0E0F3:[74e5f15b-89e9-4724-9552-a6d94f3cc9a1:192.168.157.195:41743] returns group-0D8781F0E0F3:java.util.concurrent.CompletableFuture@2a2ef3a8[Not completed]
2019-09-12 11:54:23,594 [pool-49-thread-1] INFO  impl.RaftServerImpl (RaftServerImpl.java:<init>(93)) - 74e5f15b-89e9-4724-9552-a6d94f3cc9a1: new RaftServerImpl for group-0D8781F0E0F3:[74e5f15b-89e9-4724-9552-a6d94f3cc9a1:192.168.157.195:41743] with ContainerStateMachine:uninitialized
2019-09-12 11:54:23,595 [pool-49-thread-1] INFO  server.RaftServerConfigKeys (ConfUtils.java:logGet(43)) - raft.server.rpc.timeout.min = 5s (custom)
2019-09-12 11:54:23,595 [pool-49-thread-1] INFO  server.RaftServerConfigKeys (ConfUtils.java:logGet(43)) - raft.server.rpc.timeout.max = 5200ms (custom)
2019-09-12 11:54:23,596 [pool-49-thread-1] INFO  server.RaftServerConfigKeys (ConfUtils.java:logGet(43)) - raft.server.rpcslowness.timeout = 120s (custom)
2019-09-12 11:54:23,596 [pool-49-thread-1] INFO  server.RaftServerConfigKeys (ConfUtils.java:logGet(43)) - raft.server.sleep.deviation.threshold = 300 (default)
2019-09-12 11:54:23,596 [pool-49-thread-1] INFO  server.RaftServerConfigKeys (ConfUtils.java:logGet(43)) - raft.server.log.appender.install.snapshot.enabled = false (custom)
2019-09-12 11:54:23,596 [pool-49-thread-1] INFO  impl.RaftServerImpl (ServerState.java:<init>(105)) - 74e5f15b-89e9-4724-9552-a6d94f3cc9a1:group-0D8781F0E0F3 ConfigurationManager, init=-1: [74e5f15b-89e9-4724-9552-a6d94f3cc9a1:192.168.157.195:41743], old=null, confs=<EMPTY_MAP>
2019-09-12 11:54:23,596 [pool-49-thread-1] INFO  server.RaftServerConfigKeys (ConfUtils.java:logGet(43)) - raft.server.storage.dir = [/workdir/hadoop-ozone/tools/target/test-dir/MiniOzoneClusterImpl-0461ad29-15f0-41be-8599-9d75adc7a6e0/datanode-2/data/ratis] (custom)
2019-09-12 11:54:23,596 [pool-49-thread-1] INFO  storage.RaftStorageDirectory (RaftStorageDirectory.java:analyzeStorage(246)) - The storage directory /workdir/hadoop-ozone/tools/target/test-dir/MiniOzoneClusterImpl-0461ad29-15f0-41be-8599-9d75adc7a6e0/datanode-2/data/ratis/ec66a608-72ae-4231-bc79-0d8781f0e0f3 does not exist. Creating ...
2019-09-12 11:54:23,609 [pool-49-thread-1] INFO  storage.RaftStorageDirectory (RaftStorageDirectory.java:tryLock(328)) - Lock on /workdir/hadoop-ozone/tools/target/test-dir/MiniOzoneClusterImpl-0461ad29-15f0-41be-8599-9d75adc7a6e0/datanode-2/data/ratis/ec66a608-72ae-4231-bc79-0d8781f0e0f3/in_use.lock acquired by nodename 18424@pr-hdds-1569-xtfnx-3545843844
2019-09-12 11:54:23,622 [pool-49-thread-1] INFO  storage.RaftStorage (RaftStorage.java:format(72)) - Storage directory /workdir/hadoop-ozone/tools/target/test-dir/MiniOzoneClusterImpl-0461ad29-15f0-41be-8599-9d75adc7a6e0/datanode-2/data/ratis/ec66a608-72ae-4231-bc79-0d8781f0e0f3 has been successfully formatted.
2019-09-12 11:54:23,622 [pool-49-thread-1] INFO  ratis.ContainerStateMachine (ContainerStateMachine.java:loadSnapshot(226)) - group-0D8781F0E0F3: The snapshot info is null. Setting the last applied indexto:(t:0, i:~)
2019-09-12 11:54:23,623 [pool-49-thread-1] INFO  server.RaftServerConfigKeys (ConfUtils.java:logGet(43)) - raft.server.leader.election.timeout = 120s (custom)
2019-09-12 11:54:23,623 [pool-49-thread-1] INFO  server.RaftServerConfigKeys (ConfUtils.java:logGet(43)) - raft.server.log.use.memory = false (default)
2019-09-12 11:54:23,623 [pool-49-thread-1] INFO  server.RaftServerConfigKeys (ConfUtils.java:logGet(43)) - raft.server.log.purge.gap = 1000000 (custom)
2019-09-12 11:54:23,623 [pool-49-thread-1] INFO  server.RaftServerConfigKeys (ConfUtils.java:logGet(43)) - raft.server.log.appender.buffer.byte-limit = 33554432 (custom)
2019-09-12 11:54:23,623 [pool-49-thread-1] INFO  server.RaftServerConfigKeys (ConfUtils.java:logGet(43)) - raft.server.log.segment.size.max = 1048576 (custom)
2019-09-12 11:54:23,623 [pool-49-thread-1] INFO  server.RaftServerConfigKeys (ConfUtils.java:logGet(43)) - raft.server.log.segment.cache.num.max = 2 (custom)
2019-09-12 11:54:23,623 [pool-49-thread-1] INFO  segmented.SegmentedRaftLogWorker (SegmentedRaftLogWorker.java:<init>(172)) - new 74e5f15b-89e9-4724-9552-a6d94f3cc9a1-SegmentedRaftLogWorker:Storage Directory /workdir/hadoop-ozone/tools/target/test-dir/MiniOzoneClusterImpl-0461ad29-15f0-41be-8599-9d75adc7a6e0/datanode-2/data/ratis/ec66a608-72ae-4231-bc79-0d8781f0e0f3 for RaftStorage:Storage Directory /workdir/hadoop-ozone/tools/target/test-dir/MiniOzoneClusterImpl-0461ad29-15f0-41be-8599-9d75adc7a6e0/datanode-2/data/ratis/ec66a608-72ae-4231-bc79-0d8781f0e0f3
2019-09-12 11:54:23,624 [pool-49-thread-1] INFO  server.RaftServerConfigKeys (ConfUtils.java:logGet(43)) - raft.server.log.queue.byte-limit = 2147483647 (custom)
2019-09-12 11:54:23,624 [pool-49-thread-1] INFO  server.RaftServerConfigKeys (ConfUtils.java:logGet(43)) - raft.server.log.queue.element-limit = 1024 (custom)
2019-09-12 11:54:23,624 [pool-49-thread-1] INFO  server.RaftServerConfigKeys (ConfUtils.java:logGet(43)) - raft.server.log.segment.size.max = 1048576 (custom)
2019-09-12 11:54:23,624 [pool-49-thread-1] INFO  server.RaftServerConfigKeys (ConfUtils.java:logGet(43)) - raft.server.log.preallocated.size = 16384 (custom)
2019-09-12 11:54:23,624 [pool-49-thread-1] INFO  server.RaftServerConfigKeys (ConfUtils.java:logGet(43)) - raft.server.log.write.buffer.size = 33554432 (custom)
2019-09-12 11:54:23,624 [pool-49-thread-1] INFO  server.RaftServerConfigKeys (ConfUtils.java:logGet(43)) - raft.server.log.force.sync.num = 128 (default)
2019-09-12 11:54:23,625 [pool-49-thread-1] INFO  server.RaftServerConfigKeys (ConfUtils.java:logGet(43)) - raft.server.log.statemachine.data.sync = true (default)
2019-09-12 11:54:23,625 [pool-49-thread-1] INFO  server.RaftServerConfigKeys (ConfUtils.java:logGet(43)) - raft.server.log.statemachine.data.sync.timeout = 10s (default)
2019-09-12 11:54:23,625 [pool-49-thread-1] INFO  server.RaftServerConfigKeys (ConfUtils.java:logGet(43)) - raft.server.log.statemachine.data.sync.timeout.retry = -1 (default)
2019-09-12 11:54:23,625 [pool-49-thread-1] INFO  server.RaftServerConfigKeys (ConfUtils.java:logGet(43)) - raft.server.log.statemachine.data.caching.enabled = true (custom)
2019-09-12 11:54:23,625 [pool-49-thread-1] INFO  segmented.SegmentedRaftLogWorker (SegmentedRaftLogWorker.java:lambda$new$0(132)) - 74e5f15b-89e9-4724-9552-a6d94f3cc9a1-SegmentedRaftLogWorker:Storage Directory /workdir/hadoop-ozone/tools/target/test-dir/MiniOzoneClusterImpl-0461ad29-15f0-41be-8599-9d75adc7a6e0/datanode-2/data/ratis/ec66a608-72ae-4231-bc79-0d8781f0e0f3: flushIndex: setUnconditionally 0 -> -1
2019-09-12 11:54:23,626 [pool-49-thread-1] INFO  server.RaftServerConfigKeys (ConfUtils.java:logGet(43)) - raft.server.snapshot.auto.trigger.enabled = true (custom)
2019-09-12 11:54:23,626 [pool-49-thread-1] INFO  server.RaftServerConfigKeys (ConfUtils.java:logGet(43)) - raft.server.snapshot.auto.trigger.threshold = 10000 (custom)
2019-09-12 11:54:23,626 [pool-49-thread-1] INFO  server.RaftServerConfigKeys (ConfUtils.java:logGet(43)) - raft.server.retrycache.expirytime = 600000ms (custom)
2019-09-12 11:54:23,626 [pool-49-thread-1] INFO  impl.RaftServerImpl (RaftServerImpl.java:start(180)) - 74e5f15b-89e9-4724-9552-a6d94f3cc9a1: start group-0D8781F0E0F3
2019-09-12 11:54:23,626 [pool-49-thread-1] INFO  impl.RaftServerImpl (RaftServerImpl.java:setRole(171)) - 74e5f15b-89e9-4724-9552-a6d94f3cc9a1:group-0D8781F0E0F3 changes role from null to FOLLOWER at term 0 for startAsFollower
2019-09-12 11:54:23,627 [pool-49-thread-1] INFO  impl.RoleInfo (RoleInfo.java:updateAndGet(143)) - 74e5f15b-89e9-4724-9552-a6d94f3cc9a1: start FollowerState
2019-09-12 11:54:23,627 [pool-49-thread-1] INFO  util.JmxRegister (JmxRegister.java:tryRegister(44)) - Successfully registered JMX Bean with object name Ratis:service=RaftServer,group=group-0D8781F0E0F3,id=74e5f15b-89e9-4724-9552-a6d94f3cc9a1
2019-09-12 11:54:23,636 [RatisPipelineUtilsThread] INFO  pipeline.PipelineStateManager (PipelineStateManager.java:addPipeline(56)) - Created pipeline Pipeline[ Id: ec66a608-72ae-4231-bc79-0d8781f0e0f3, Nodes: 74e5f15b-89e9-4724-9552-a6d94f3cc9a1{ip: 192.168.157.195, host: pr-hdds-1569-xtfnx-3545843844, networkLocation: /default-rack, certSerialId: null}, Type:RATIS, Factor:ONE, State:OPEN]
2019-09-12 11:54:23,651 [grpc-default-executor-0] INFO  impl.RaftServerProxy (RaftServerProxy.java:addNew(89)) - 838719cc-490b-4c03-a095-19a61aedb9ec: addNew group-7B661E5A82BC:[838719cc-490b-4c03-a095-19a61aedb9ec:192.168.157.195:35393] returns group-7B661E5A82BC:java.util.concurrent.CompletableFuture@66d1f0ee[Not completed]
2019-09-12 11:54:23,653 [pool-27-thread-1] INFO  impl.RaftServerImpl (RaftServerImpl.java:<init>(93)) - 838719cc-490b-4c03-a095-19a61aedb9ec: new RaftServerImpl for group-7B661E5A82BC:[838719cc-490b-4c03-a095-19a61aedb9ec:192.168.157.195:35393] with ContainerStateMachine:uninitialized
2019-09-12 11:54:23,653 [pool-27-thread-1] INFO  server.RaftServerConfigKeys (ConfUtils.java:logGet(43)) - raft.server.rpc.timeout.min = 5s (custom)
2019-09-12 11:54:23,654 [pool-27-thread-1] INFO  server.RaftServerConfigKeys (ConfUtils.java:logGet(43)) - raft.server.rpc.timeout.max = 5200ms (custom)
2019-09-12 11:54:23,654 [pool-27-thread-1] INFO  server.RaftServerConfigKeys (ConfUtils.java:logGet(43)) - raft.server.rpcslowness.timeout = 120s (custom)
2019-09-12 11:54:23,654 [pool-27-thread-1] INFO  server.RaftServerConfigKeys (ConfUtils.java:logGet(43)) - raft.server.sleep.deviation.threshold = 300 (default)
2019-09-12 11:54:23,654 [pool-27-thread-1] INFO  server.RaftServerConfigKeys (ConfUtils.java:logGet(43)) - raft.server.log.appender.install.snapshot.enabled = false (custom)
2019-09-12 11:54:23,654 [pool-27-thread-1] INFO  impl.RaftServerImpl (ServerState.java:<init>(105)) - 838719cc-490b-4c03-a095-19a61aedb9ec:group-7B661E5A82BC ConfigurationManager, init=-1: [838719cc-490b-4c03-a095-19a61aedb9ec:192.168.157.195:35393], old=null, confs=<EMPTY_MAP>
2019-09-12 11:54:23,654 [pool-27-thread-1] INFO  server.RaftServerConfigKeys (ConfUtils.java:logGet(43)) - raft.server.storage.dir = [/workdir/hadoop-ozone/tools/target/test-dir/MiniOzoneClusterImpl-0461ad29-15f0-41be-8599-9d75adc7a6e0/datanode-0/data/ratis] (custom)
2019-09-12 11:54:23,655 [pool-27-thread-1] INFO  storage.RaftStorageDirectory (RaftStorageDirectory.java:analyzeStorage(246)) - The storage directory /workdir/hadoop-ozone/tools/target/test-dir/MiniOzoneClusterImpl-0461ad29-15f0-41be-8599-9d75adc7a6e0/datanode-0/data/ratis/37681a93-6065-434e-9f4c-7b661e5a82bc does not exist. Creating ...
2019-09-12 11:54:23,667 [pool-27-thread-1] INFO  storage.RaftStorageDirectory (RaftStorageDirectory.java:tryLock(328)) - Lock on /workdir/hadoop-ozone/tools/target/test-dir/MiniOzoneClusterImpl-0461ad29-15f0-41be-8599-9d75adc7a6e0/datanode-0/data/ratis/37681a93-6065-434e-9f4c-7b661e5a82bc/in_use.lock acquired by nodename 18424@pr-hdds-1569-xtfnx-3545843844
2019-09-12 11:54:23,680 [pool-27-thread-1] INFO  storage.RaftStorage (RaftStorage.java:format(72)) - Storage directory /workdir/hadoop-ozone/tools/target/test-dir/MiniOzoneClusterImpl-0461ad29-15f0-41be-8599-9d75adc7a6e0/datanode-0/data/ratis/37681a93-6065-434e-9f4c-7b661e5a82bc has been successfully formatted.
2019-09-12 11:54:23,680 [pool-27-thread-1] INFO  ratis.ContainerStateMachine (ContainerStateMachine.java:loadSnapshot(226)) - group-7B661E5A82BC: The snapshot info is null. Setting the last applied indexto:(t:0, i:~)
2019-09-12 11:54:23,680 [pool-27-thread-1] INFO  server.RaftServerConfigKeys (ConfUtils.java:logGet(43)) - raft.server.leader.election.timeout = 120s (custom)
2019-09-12 11:54:23,680 [pool-27-thread-1] INFO  server.RaftServerConfigKeys (ConfUtils.java:logGet(43)) - raft.server.log.use.memory = false (default)
2019-09-12 11:54:23,681 [pool-27-thread-1] INFO  server.RaftServerConfigKeys (ConfUtils.java:logGet(43)) - raft.server.log.purge.gap = 1000000 (custom)
2019-09-12 11:54:23,681 [pool-27-thread-1] INFO  server.RaftServerConfigKeys (ConfUtils.java:logGet(43)) - raft.server.log.appender.buffer.byte-limit = 33554432 (custom)
2019-09-12 11:54:23,681 [pool-27-thread-1] INFO  server.RaftServerConfigKeys (ConfUtils.java:logGet(43)) - raft.server.log.segment.size.max = 1048576 (custom)
2019-09-12 11:54:23,681 [pool-27-thread-1] INFO  server.RaftServerConfigKeys (ConfUtils.java:logGet(43)) - raft.server.log.segment.cache.num.max = 2 (custom)
2019-09-12 11:54:23,681 [pool-27-thread-1] INFO  segmented.SegmentedRaftLogWorker (SegmentedRaftLogWorker.java:<init>(172)) - new 838719cc-490b-4c03-a095-19a61aedb9ec-SegmentedRaftLogWorker:Storage Directory /workdir/hadoop-ozone/tools/target/test-dir/MiniOzoneClusterImpl-0461ad29-15f0-41be-8599-9d75adc7a6e0/datanode-0/data/ratis/37681a93-6065-434e-9f4c-7b661e5a82bc for RaftStorage:Storage Directory /workdir/hadoop-ozone/tools/target/test-dir/MiniOzoneClusterImpl-0461ad29-15f0-41be-8599-9d75adc7a6e0/datanode-0/data/ratis/37681a93-6065-434e-9f4c-7b661e5a82bc
2019-09-12 11:54:23,681 [pool-27-thread-1] INFO  server.RaftServerConfigKeys (ConfUtils.java:logGet(43)) - raft.server.log.queue.byte-limit = 2147483647 (custom)
2019-09-12 11:54:23,682 [pool-27-thread-1] INFO  server.RaftServerConfigKeys (ConfUtils.java:logGet(43)) - raft.server.log.queue.element-limit = 1024 (custom)
2019-09-12 11:54:23,682 [pool-27-thread-1] INFO  server.RaftServerConfigKeys (ConfUtils.java:logGet(43)) - raft.server.log.segment.size.max = 1048576 (custom)
2019-09-12 11:54:23,682 [pool-27-thread-1] INFO  server.RaftServerConfigKeys (ConfUtils.java:logGet(43)) - raft.server.log.preallocated.size = 16384 (custom)
2019-09-12 11:54:23,682 [pool-27-thread-1] INFO  server.RaftServerConfigKeys (ConfUtils.java:logGet(43)) - raft.server.log.write.buffer.size = 33554432 (custom)
2019-09-12 11:54:23,682 [pool-27-thread-1] INFO  server.RaftServerConfigKeys (ConfUtils.java:logGet(43)) - raft.server.log.force.sync.num = 128 (default)
2019-09-12 11:54:23,682 [pool-27-thread-1] INFO  server.RaftServerConfigKeys (ConfUtils.java:logGet(43)) - raft.server.log.statemachine.data.sync = true (default)
2019-09-12 11:54:23,682 [pool-27-thread-1] INFO  server.RaftServerConfigKeys (ConfUtils.java:logGet(43)) - raft.server.log.statemachine.data.sync.timeout = 10s (default)
2019-09-12 11:54:23,683 [pool-27-thread-1] INFO  server.RaftServerConfigKeys (ConfUtils.java:logGet(43)) - raft.server.log.statemachine.data.sync.timeout.retry = -1 (default)
2019-09-12 11:54:23,683 [pool-27-thread-1] INFO  server.RaftServerConfigKeys (ConfUtils.java:logGet(43)) - raft.server.log.statemachine.data.caching.enabled = true (custom)
2019-09-12 11:54:23,683 [pool-27-thread-1] INFO  segmented.SegmentedRaftLogWorker (SegmentedRaftLogWorker.java:lambda$new$0(132)) - 838719cc-490b-4c03-a095-19a61aedb9ec-SegmentedRaftLogWorker:Storage Directory /workdir/hadoop-ozone/tools/target/test-dir/MiniOzoneClusterImpl-0461ad29-15f0-41be-8599-9d75adc7a6e0/datanode-0/data/ratis/37681a93-6065-434e-9f4c-7b661e5a82bc: flushIndex: setUnconditionally 0 -> -1
2019-09-12 11:54:23,684 [pool-27-thread-1] INFO  server.RaftServerConfigKeys (ConfUtils.java:logGet(43)) - raft.server.snapshot.auto.trigger.enabled = true (custom)
2019-09-12 11:54:23,684 [pool-27-thread-1] INFO  server.RaftServerConfigKeys (ConfUtils.java:logGet(43)) - raft.server.snapshot.auto.trigger.threshold = 10000 (custom)
2019-09-12 11:54:23,684 [pool-27-thread-1] INFO  server.RaftServerConfigKeys (ConfUtils.java:logGet(43)) - raft.server.retrycache.expirytime = 600000ms (custom)
2019-09-12 11:54:23,684 [pool-27-thread-1] INFO  impl.RaftServerImpl (RaftServerImpl.java:start(180)) - 838719cc-490b-4c03-a095-19a61aedb9ec: start group-7B661E5A82BC
2019-09-12 11:54:23,684 [pool-27-thread-1] INFO  impl.RaftServerImpl (RaftServerImpl.java:setRole(171)) - 838719cc-490b-4c03-a095-19a61aedb9ec:group-7B661E5A82BC changes role from null to FOLLOWER at term 0 for startAsFollower
2019-09-12 11:54:23,685 [pool-27-thread-1] INFO  impl.RoleInfo (RoleInfo.java:updateAndGet(143)) - 838719cc-490b-4c03-a095-19a61aedb9ec: start FollowerState
2019-09-12 11:54:23,685 [pool-27-thread-1] INFO  util.JmxRegister (JmxRegister.java:tryRegister(44)) - Successfully registered JMX Bean with object name Ratis:service=RaftServer,group=group-7B661E5A82BC,id=838719cc-490b-4c03-a095-19a61aedb9ec
2019-09-12 11:54:23,700 [RatisPipelineUtilsThread] INFO  pipeline.PipelineStateManager (PipelineStateManager.java:addPipeline(56)) - Created pipeline Pipeline[ Id: 37681a93-6065-434e-9f4c-7b661e5a82bc, Nodes: 838719cc-490b-4c03-a095-19a61aedb9ec{ip: 192.168.157.195, host: pr-hdds-1569-xtfnx-3545843844, networkLocation: /default-rack, certSerialId: null}, Type:RATIS, Factor:ONE, State:OPEN]
2019-09-12 11:54:23,714 [main] INFO  ozone.MiniOzoneClusterImpl (MiniOzoneClusterImpl.java:lambda$waitForClusterToBeReady$0(142)) - Cluster is ready. Got 3 of 3 DN Heartbeats.
2019-09-12 11:54:23,718 [grpc-default-executor-0] INFO  impl.RaftServerProxy (RaftServerProxy.java:addNew(89)) - 838719cc-490b-4c03-a095-19a61aedb9ec: addNew group-5055FC50F882:[838719cc-490b-4c03-a095-19a61aedb9ec:192.168.157.195:35393] returns group-5055FC50F882:java.util.concurrent.CompletableFuture@7d6a74fa[Not completed]
2019-09-12 11:54:23,719 [pool-27-thread-1] INFO  impl.RaftServerImpl (RaftServerImpl.java:<init>(93)) - 838719cc-490b-4c03-a095-19a61aedb9ec: new RaftServerImpl for group-5055FC50F882:[838719cc-490b-4c03-a095-19a61aedb9ec:192.168.157.195:35393] with ContainerStateMachine:uninitialized
2019-09-12 11:54:23,719 [pool-27-thread-1] INFO  server.RaftServerConfigKeys (ConfUtils.java:logGet(43)) - raft.server.rpc.timeout.min = 5s (custom)
2019-09-12 11:54:23,720 [pool-27-thread-1] INFO  server.RaftServerConfigKeys (ConfUtils.java:logGet(43)) - raft.server.rpc.timeout.max = 5200ms (custom)
2019-09-12 11:54:23,720 [pool-27-thread-1] INFO  server.RaftServerConfigKeys (ConfUtils.java:logGet(43)) - raft.server.rpcslowness.timeout = 120s (custom)
2019-09-12 11:54:23,720 [pool-27-thread-1] INFO  server.RaftServerConfigKeys (ConfUtils.java:logGet(43)) - raft.server.sleep.deviation.threshold = 300 (default)
2019-09-12 11:54:23,720 [pool-27-thread-1] INFO  server.RaftServerConfigKeys (ConfUtils.java:logGet(43)) - raft.server.log.appender.install.snapshot.enabled = false (custom)
2019-09-12 11:54:23,720 [pool-27-thread-1] INFO  impl.RaftServerImpl (ServerState.java:<init>(105)) - 838719cc-490b-4c03-a095-19a61aedb9ec:group-5055FC50F882 ConfigurationManager, init=-1: [838719cc-490b-4c03-a095-19a61aedb9ec:192.168.157.195:35393], old=null, confs=<EMPTY_MAP>
2019-09-12 11:54:23,720 [pool-27-thread-1] INFO  server.RaftServerConfigKeys (ConfUtils.java:logGet(43)) - raft.server.storage.dir = [/workdir/hadoop-ozone/tools/target/test-dir/MiniOzoneClusterImpl-0461ad29-15f0-41be-8599-9d75adc7a6e0/datanode-0/data/ratis] (custom)
2019-09-12 11:54:23,721 [pool-27-thread-1] INFO  storage.RaftStorageDirectory (RaftStorageDirectory.java:analyzeStorage(246)) - The storage directory /workdir/hadoop-ozone/tools/target/test-dir/MiniOzoneClusterImpl-0461ad29-15f0-41be-8599-9d75adc7a6e0/datanode-0/data/ratis/19f0ba9b-8c12-4e09-bfc8-5055fc50f882 does not exist. Creating ...
2019-09-12 11:54:23,734 [pool-27-thread-1] INFO  storage.RaftStorageDirectory (RaftStorageDirectory.java:tryLock(328)) - Lock on /workdir/hadoop-ozone/tools/target/test-dir/MiniOzoneClusterImpl-0461ad29-15f0-41be-8599-9d75adc7a6e0/datanode-0/data/ratis/19f0ba9b-8c12-4e09-bfc8-5055fc50f882/in_use.lock acquired by nodename 18424@pr-hdds-1569-xtfnx-3545843844
2019-09-12 11:54:23,747 [pool-27-thread-1] INFO  storage.RaftStorage (RaftStorage.java:format(72)) - Storage directory /workdir/hadoop-ozone/tools/target/test-dir/MiniOzoneClusterImpl-0461ad29-15f0-41be-8599-9d75adc7a6e0/datanode-0/data/ratis/19f0ba9b-8c12-4e09-bfc8-5055fc50f882 has been successfully formatted.
2019-09-12 11:54:23,747 [pool-27-thread-1] INFO  ratis.ContainerStateMachine (ContainerStateMachine.java:loadSnapshot(226)) - group-5055FC50F882: The snapshot info is null. Setting the last applied indexto:(t:0, i:~)
2019-09-12 11:54:23,747 [pool-27-thread-1] INFO  server.RaftServerConfigKeys (ConfUtils.java:logGet(43)) - raft.server.leader.election.timeout = 120s (custom)
2019-09-12 11:54:23,747 [pool-27-thread-1] INFO  server.RaftServerConfigKeys (ConfUtils.java:logGet(43)) - raft.server.log.use.memory = false (default)
2019-09-12 11:54:23,748 [pool-27-thread-1] INFO  server.RaftServerConfigKeys (ConfUtils.java:logGet(43)) - raft.server.log.purge.gap = 1000000 (custom)
2019-09-12 11:54:23,748 [pool-27-thread-1] INFO  server.RaftServerConfigKeys (ConfUtils.java:logGet(43)) - raft.server.log.appender.buffer.byte-limit = 33554432 (custom)
2019-09-12 11:54:23,748 [pool-27-thread-1] INFO  server.RaftServerConfigKeys (ConfUtils.java:logGet(43)) - raft.server.log.segment.size.max = 1048576 (custom)
2019-09-12 11:54:23,748 [pool-27-thread-1] INFO  server.RaftServerConfigKeys (ConfUtils.java:logGet(43)) - raft.server.log.segment.cache.num.max = 2 (custom)
2019-09-12 11:54:23,748 [pool-27-thread-1] INFO  segmented.SegmentedRaftLogWorker (SegmentedRaftLogWorker.java:<init>(172)) - new 838719cc-490b-4c03-a095-19a61aedb9ec-SegmentedRaftLogWorker:Storage Directory /workdir/hadoop-ozone/tools/target/test-dir/MiniOzoneClusterImpl-0461ad29-15f0-41be-8599-9d75adc7a6e0/datanode-0/data/ratis/19f0ba9b-8c12-4e09-bfc8-5055fc50f882 for RaftStorage:Storage Directory /workdir/hadoop-ozone/tools/target/test-dir/MiniOzoneClusterImpl-0461ad29-15f0-41be-8599-9d75adc7a6e0/datanode-0/data/ratis/19f0ba9b-8c12-4e09-bfc8-5055fc50f882
2019-09-12 11:54:23,748 [pool-27-thread-1] INFO  server.RaftServerConfigKeys (ConfUtils.java:logGet(43)) - raft.server.log.queue.byte-limit = 2147483647 (custom)
2019-09-12 11:54:23,749 [pool-27-thread-1] INFO  server.RaftServerConfigKeys (ConfUtils.java:logGet(43)) - raft.server.log.queue.element-limit = 1024 (custom)
2019-09-12 11:54:23,749 [pool-27-thread-1] INFO  server.RaftServerConfigKeys (ConfUtils.java:logGet(43)) - raft.server.log.segment.size.max = 1048576 (custom)
2019-09-12 11:54:23,749 [pool-27-thread-1] INFO  server.RaftServerConfigKeys (ConfUtils.java:logGet(43)) - raft.server.log.preallocated.size = 16384 (custom)
2019-09-12 11:54:23,749 [pool-27-thread-1] INFO  server.RaftServerConfigKeys (ConfUtils.java:logGet(43)) - raft.server.log.write.buffer.size = 33554432 (custom)
2019-09-12 11:54:23,749 [pool-27-thread-1] INFO  server.RaftServerConfigKeys (ConfUtils.java:logGet(43)) - raft.server.log.force.sync.num = 128 (default)
2019-09-12 11:54:23,749 [pool-27-thread-1] INFO  server.RaftServerConfigKeys (ConfUtils.java:logGet(43)) - raft.server.log.statemachine.data.sync = true (default)
2019-09-12 11:54:23,749 [pool-27-thread-1] INFO  server.RaftServerConfigKeys (ConfUtils.java:logGet(43)) - raft.server.log.statemachine.data.sync.timeout = 10s (default)
2019-09-12 11:54:23,749 [pool-27-thread-1] INFO  server.RaftServerConfigKeys (ConfUtils.java:logGet(43)) - raft.server.log.statemachine.data.sync.timeout.retry = -1 (default)
2019-09-12 11:54:23,750 [pool-27-thread-1] INFO  server.RaftServerConfigKeys (ConfUtils.java:logGet(43)) - raft.server.log.statemachine.data.caching.enabled = true (custom)
2019-09-12 11:54:23,750 [pool-27-thread-1] INFO  segmented.SegmentedRaftLogWorker (SegmentedRaftLogWorker.java:lambda$new$0(132)) - 838719cc-490b-4c03-a095-19a61aedb9ec-SegmentedRaftLogWorker:Storage Directory /workdir/hadoop-ozone/tools/target/test-dir/MiniOzoneClusterImpl-0461ad29-15f0-41be-8599-9d75adc7a6e0/datanode-0/data/ratis/19f0ba9b-8c12-4e09-bfc8-5055fc50f882: flushIndex: setUnconditionally 0 -> -1
2019-09-12 11:54:23,750 [pool-27-thread-1] INFO  server.RaftServerConfigKeys (ConfUtils.java:logGet(43)) - raft.server.snapshot.auto.trigger.enabled = true (custom)
2019-09-12 11:54:23,750 [pool-27-thread-1] INFO  server.RaftServerConfigKeys (ConfUtils.java:logGet(43)) - raft.server.snapshot.auto.trigger.threshold = 10000 (custom)
2019-09-12 11:54:23,751 [pool-27-thread-1] INFO  server.RaftServerConfigKeys (ConfUtils.java:logGet(43)) - raft.server.retrycache.expirytime = 600000ms (custom)
2019-09-12 11:54:23,751 [pool-27-thread-1] INFO  impl.RaftServerImpl (RaftServerImpl.java:start(180)) - 838719cc-490b-4c03-a095-19a61aedb9ec: start group-5055FC50F882
2019-09-12 11:54:23,751 [pool-27-thread-1] INFO  impl.RaftServerImpl (RaftServerImpl.java:setRole(171)) - 838719cc-490b-4c03-a095-19a61aedb9ec:group-5055FC50F882 changes role from null to FOLLOWER at term 0 for startAsFollower
2019-09-12 11:54:23,751 [pool-27-thread-1] INFO  impl.RoleInfo (RoleInfo.java:updateAndGet(143)) - 838719cc-490b-4c03-a095-19a61aedb9ec: start FollowerState
2019-09-12 11:54:23,752 [pool-27-thread-1] INFO  util.JmxRegister (JmxRegister.java:tryRegister(44)) - Successfully registered JMX Bean with object name Ratis:service=RaftServer,group=group-5055FC50F882,id=838719cc-490b-4c03-a095-19a61aedb9ec
2019-09-12 11:54:23,774 [RatisPipelineUtilsThread] INFO  pipeline.PipelineStateManager (PipelineStateManager.java:addPipeline(56)) - Created pipeline Pipeline[ Id: 19f0ba9b-8c12-4e09-bfc8-5055fc50f882, Nodes: 838719cc-490b-4c03-a095-19a61aedb9ec{ip: 192.168.157.195, host: pr-hdds-1569-xtfnx-3545843844, networkLocation: /default-rack, certSerialId: null}, Type:RATIS, Factor:ONE, State:OPEN]
2019-09-12 11:54:23,802 [grpc-default-executor-0] INFO  impl.RaftServerProxy (RaftServerProxy.java:addNew(89)) - 838719cc-490b-4c03-a095-19a61aedb9ec: addNew group-CFC9760A5215:[838719cc-490b-4c03-a095-19a61aedb9ec:192.168.157.195:35393] returns group-CFC9760A5215:java.util.concurrent.CompletableFuture@6a9beb8b[Not completed]
2019-09-12 11:54:23,803 [pool-27-thread-1] INFO  impl.RaftServerImpl (RaftServerImpl.java:<init>(93)) - 838719cc-490b-4c03-a095-19a61aedb9ec: new RaftServerImpl for group-CFC9760A5215:[838719cc-490b-4c03-a095-19a61aedb9ec:192.168.157.195:35393] with ContainerStateMachine:uninitialized
2019-09-12 11:54:23,804 [pool-27-thread-1] INFO  server.RaftServerConfigKeys (ConfUtils.java:logGet(43)) - raft.server.rpc.timeout.min = 5s (custom)
2019-09-12 11:54:23,804 [pool-27-thread-1] INFO  server.RaftServerConfigKeys (ConfUtils.java:logGet(43)) - raft.server.rpc.timeout.max = 5200ms (custom)
2019-09-12 11:54:23,804 [pool-27-thread-1] INFO  server.RaftServerConfigKeys (ConfUtils.java:logGet(43)) - raft.server.rpcslowness.timeout = 120s (custom)
2019-09-12 11:54:23,804 [pool-27-thread-1] INFO  server.RaftServerConfigKeys (ConfUtils.java:logGet(43)) - raft.server.sleep.deviation.threshold = 300 (default)
2019-09-12 11:54:23,805 [pool-27-thread-1] INFO  server.RaftServerConfigKeys (ConfUtils.java:logGet(43)) - raft.server.log.appender.install.snapshot.enabled = false (custom)
2019-09-12 11:54:23,805 [pool-27-thread-1] INFO  impl.RaftServerImpl (ServerState.java:<init>(105)) - 838719cc-490b-4c03-a095-19a61aedb9ec:group-CFC9760A5215 ConfigurationManager, init=-1: [838719cc-490b-4c03-a095-19a61aedb9ec:192.168.157.195:35393], old=null, confs=<EMPTY_MAP>
2019-09-12 11:54:23,805 [pool-27-thread-1] INFO  server.RaftServerConfigKeys (ConfUtils.java:logGet(43)) - raft.server.storage.dir = [/workdir/hadoop-ozone/tools/target/test-dir/MiniOzoneClusterImpl-0461ad29-15f0-41be-8599-9d75adc7a6e0/datanode-0/data/ratis] (custom)
2019-09-12 11:54:23,805 [pool-27-thread-1] INFO  storage.RaftStorageDirectory (RaftStorageDirectory.java:analyzeStorage(246)) - The storage directory /workdir/hadoop-ozone/tools/target/test-dir/MiniOzoneClusterImpl-0461ad29-15f0-41be-8599-9d75adc7a6e0/datanode-0/data/ratis/8b1a1fe1-ba41-4501-b567-cfc9760a5215 does not exist. Creating ...
2019-09-12 11:54:23,819 [pool-27-thread-1] INFO  storage.RaftStorageDirectory (RaftStorageDirectory.java:tryLock(328)) - Lock on /workdir/hadoop-ozone/tools/target/test-dir/MiniOzoneClusterImpl-0461ad29-15f0-41be-8599-9d75adc7a6e0/datanode-0/data/ratis/8b1a1fe1-ba41-4501-b567-cfc9760a5215/in_use.lock acquired by nodename 18424@pr-hdds-1569-xtfnx-3545843844
2019-09-12 11:54:23,833 [pool-27-thread-1] INFO  storage.RaftStorage (RaftStorage.java:format(72)) - Storage directory /workdir/hadoop-ozone/tools/target/test-dir/MiniOzoneClusterImpl-0461ad29-15f0-41be-8599-9d75adc7a6e0/datanode-0/data/ratis/8b1a1fe1-ba41-4501-b567-cfc9760a5215 has been successfully formatted.
2019-09-12 11:54:23,833 [pool-27-thread-1] INFO  ratis.ContainerStateMachine (ContainerStateMachine.java:loadSnapshot(226)) - group-CFC9760A5215: The snapshot info is null. Setting the last applied indexto:(t:0, i:~)
2019-09-12 11:54:23,833 [pool-27-thread-1] INFO  server.RaftServerConfigKeys (ConfUtils.java:logGet(43)) - raft.server.leader.election.timeout = 120s (custom)
2019-09-12 11:54:23,834 [pool-27-thread-1] INFO  server.RaftServerConfigKeys (ConfUtils.java:logGet(43)) - raft.server.log.use.memory = false (default)
2019-09-12 11:54:23,834 [pool-27-thread-1] INFO  server.RaftServerConfigKeys (ConfUtils.java:logGet(43)) - raft.server.log.purge.gap = 1000000 (custom)
2019-09-12 11:54:23,834 [pool-27-thread-1] INFO  server.RaftServerConfigKeys (ConfUtils.java:logGet(43)) - raft.server.log.appender.buffer.byte-limit = 33554432 (custom)
2019-09-12 11:54:23,834 [pool-27-thread-1] INFO  server.RaftServerConfigKeys (ConfUtils.java:logGet(43)) - raft.server.log.segment.size.max = 1048576 (custom)
2019-09-12 11:54:23,834 [pool-27-thread-1] INFO  server.RaftServerConfigKeys (ConfUtils.java:logGet(43)) - raft.server.log.segment.cache.num.max = 2 (custom)
2019-09-12 11:54:23,835 [pool-27-thread-1] INFO  segmented.SegmentedRaftLogWorker (SegmentedRaftLogWorker.java:<init>(172)) - new 838719cc-490b-4c03-a095-19a61aedb9ec-SegmentedRaftLogWorker:Storage Directory /workdir/hadoop-ozone/tools/target/test-dir/MiniOzoneClusterImpl-0461ad29-15f0-41be-8599-9d75adc7a6e0/datanode-0/data/ratis/8b1a1fe1-ba41-4501-b567-cfc9760a5215 for RaftStorage:Storage Directory /workdir/hadoop-ozone/tools/target/test-dir/MiniOzoneClusterImpl-0461ad29-15f0-41be-8599-9d75adc7a6e0/datanode-0/data/ratis/8b1a1fe1-ba41-4501-b567-cfc9760a5215
2019-09-12 11:54:23,835 [pool-27-thread-1] INFO  server.RaftServerConfigKeys (ConfUtils.java:logGet(43)) - raft.server.log.queue.byte-limit = 2147483647 (custom)
2019-09-12 11:54:23,835 [pool-27-thread-1] INFO  server.RaftServerConfigKeys (ConfUtils.java:logGet(43)) - raft.server.log.queue.element-limit = 1024 (custom)
2019-09-12 11:54:23,835 [pool-27-thread-1] INFO  server.RaftServerConfigKeys (ConfUtils.java:logGet(43)) - raft.server.log.segment.size.max = 1048576 (custom)
2019-09-12 11:54:23,835 [pool-27-thread-1] INFO  server.RaftServerConfigKeys (ConfUtils.java:logGet(43)) - raft.server.log.preallocated.size = 16384 (custom)
2019-09-12 11:54:23,836 [pool-27-thread-1] INFO  server.RaftServerConfigKeys (ConfUtils.java:logGet(43)) - raft.server.log.write.buffer.size = 33554432 (custom)
2019-09-12 11:54:23,836 [pool-27-thread-1] INFO  server.RaftServerConfigKeys (ConfUtils.java:logGet(43)) - raft.server.log.force.sync.num = 128 (default)
2019-09-12 11:54:23,836 [pool-27-thread-1] INFO  server.RaftServerConfigKeys (ConfUtils.java:logGet(43)) - raft.server.log.statemachine.data.sync = true (default)
2019-09-12 11:54:23,836 [pool-27-thread-1] INFO  server.RaftServerConfigKeys (ConfUtils.java:logGet(43)) - raft.server.log.statemachine.data.sync.timeout = 10s (default)
2019-09-12 11:54:23,836 [pool-27-thread-1] INFO  server.RaftServerConfigKeys (ConfUtils.java:logGet(43)) - raft.server.log.statemachine.data.sync.timeout.retry = -1 (default)
2019-09-12 11:54:23,837 [pool-27-thread-1] INFO  server.RaftServerConfigKeys (ConfUtils.java:logGet(43)) - raft.server.log.statemachine.data.caching.enabled = true (custom)
2019-09-12 11:54:23,837 [pool-27-thread-1] INFO  segmented.SegmentedRaftLogWorker (SegmentedRaftLogWorker.java:lambda$new$0(132)) - 838719cc-490b-4c03-a095-19a61aedb9ec-SegmentedRaftLogWorker:Storage Directory /workdir/hadoop-ozone/tools/target/test-dir/MiniOzoneClusterImpl-0461ad29-15f0-41be-8599-9d75adc7a6e0/datanode-0/data/ratis/8b1a1fe1-ba41-4501-b567-cfc9760a5215: flushIndex: setUnconditionally 0 -> -1
2019-09-12 11:54:23,838 [pool-27-thread-1] INFO  server.RaftServerConfigKeys (ConfUtils.java:logGet(43)) - raft.server.snapshot.auto.trigger.enabled = true (custom)
2019-09-12 11:54:23,838 [pool-27-thread-1] INFO  server.RaftServerConfigKeys (ConfUtils.java:logGet(43)) - raft.server.snapshot.auto.trigger.threshold = 10000 (custom)
2019-09-12 11:54:23,838 [pool-27-thread-1] INFO  server.RaftServerConfigKeys (ConfUtils.java:logGet(43)) - raft.server.retrycache.expirytime = 600000ms (custom)
2019-09-12 11:54:23,838 [pool-27-thread-1] INFO  impl.RaftServerImpl (RaftServerImpl.java:start(180)) - 838719cc-490b-4c03-a095-19a61aedb9ec: start group-CFC9760A5215
2019-09-12 11:54:23,839 [pool-27-thread-1] INFO  impl.RaftServerImpl (RaftServerImpl.java:setRole(171)) - 838719cc-490b-4c03-a095-19a61aedb9ec:group-CFC9760A5215 changes role from null to FOLLOWER at term 0 for startAsFollower
2019-09-12 11:54:23,839 [pool-27-thread-1] INFO  impl.RoleInfo (RoleInfo.java:updateAndGet(143)) - 838719cc-490b-4c03-a095-19a61aedb9ec: start FollowerState
2019-09-12 11:54:23,839 [pool-27-thread-1] INFO  util.JmxRegister (JmxRegister.java:tryRegister(44)) - Successfully registered JMX Bean with object name Ratis:service=RaftServer,group=group-CFC9760A5215,id=838719cc-490b-4c03-a095-19a61aedb9ec
2019-09-12 11:54:23,851 [RatisPipelineUtilsThread] INFO  pipeline.PipelineStateManager (PipelineStateManager.java:addPipeline(56)) - Created pipeline Pipeline[ Id: 8b1a1fe1-ba41-4501-b567-cfc9760a5215, Nodes: 838719cc-490b-4c03-a095-19a61aedb9ec{ip: 192.168.157.195, host: pr-hdds-1569-xtfnx-3545843844, networkLocation: /default-rack, certSerialId: null}, Type:RATIS, Factor:ONE, State:OPEN]
2019-09-12 11:54:23,868 [grpc-default-executor-0] INFO  impl.RaftServerProxy (RaftServerProxy.java:addNew(89)) - 74e5f15b-89e9-4724-9552-a6d94f3cc9a1: addNew group-F02CC40C0296:[74e5f15b-89e9-4724-9552-a6d94f3cc9a1:192.168.157.195:41743] returns group-F02CC40C0296:java.util.concurrent.CompletableFuture@477879bc[Not completed]
2019-09-12 11:54:23,870 [pool-49-thread-1] INFO  impl.RaftServerImpl (RaftServerImpl.java:<init>(93)) - 74e5f15b-89e9-4724-9552-a6d94f3cc9a1: new RaftServerImpl for group-F02CC40C0296:[74e5f15b-89e9-4724-9552-a6d94f3cc9a1:192.168.157.195:41743] with ContainerStateMachine:uninitialized
2019-09-12 11:54:23,870 [pool-49-thread-1] INFO  server.RaftServerConfigKeys (ConfUtils.java:logGet(43)) - raft.server.rpc.timeout.min = 5s (custom)
2019-09-12 11:54:23,870 [pool-49-thread-1] INFO  server.RaftServerConfigKeys (ConfUtils.java:logGet(43)) - raft.server.rpc.timeout.max = 5200ms (custom)
2019-09-12 11:54:23,870 [pool-49-thread-1] INFO  server.RaftServerConfigKeys (ConfUtils.java:logGet(43)) - raft.server.rpcslowness.timeout = 120s (custom)
2019-09-12 11:54:23,870 [pool-49-thread-1] INFO  server.RaftServerConfigKeys (ConfUtils.java:logGet(43)) - raft.server.sleep.deviation.threshold = 300 (default)
2019-09-12 11:54:23,870 [pool-49-thread-1] INFO  server.RaftServerConfigKeys (ConfUtils.java:logGet(43)) - raft.server.log.appender.install.snapshot.enabled = false (custom)
2019-09-12 11:54:23,871 [pool-49-thread-1] INFO  impl.RaftServerImpl (ServerState.java:<init>(105)) - 74e5f15b-89e9-4724-9552-a6d94f3cc9a1:group-F02CC40C0296 ConfigurationManager, init=-1: [74e5f15b-89e9-4724-9552-a6d94f3cc9a1:192.168.157.195:41743], old=null, confs=<EMPTY_MAP>
2019-09-12 11:54:23,871 [pool-49-thread-1] INFO  server.RaftServerConfigKeys (ConfUtils.java:logGet(43)) - raft.server.storage.dir = [/workdir/hadoop-ozone/tools/target/test-dir/MiniOzoneClusterImpl-0461ad29-15f0-41be-8599-9d75adc7a6e0/datanode-2/data/ratis] (custom)
2019-09-12 11:54:23,871 [pool-49-thread-1] INFO  storage.RaftStorageDirectory (RaftStorageDirectory.java:analyzeStorage(246)) - The storage directory /workdir/hadoop-ozone/tools/target/test-dir/MiniOzoneClusterImpl-0461ad29-15f0-41be-8599-9d75adc7a6e0/datanode-2/data/ratis/5b1d80ea-fd80-4fab-9db5-f02cc40c0296 does not exist. Creating ...
2019-09-12 11:54:23,885 [pool-49-thread-1] INFO  storage.RaftStorageDirectory (RaftStorageDirectory.java:tryLock(328)) - Lock on /workdir/hadoop-ozone/tools/target/test-dir/MiniOzoneClusterImpl-0461ad29-15f0-41be-8599-9d75adc7a6e0/datanode-2/data/ratis/5b1d80ea-fd80-4fab-9db5-f02cc40c0296/in_use.lock acquired by nodename 18424@pr-hdds-1569-xtfnx-3545843844
2019-09-12 11:54:23,898 [pool-49-thread-1] INFO  storage.RaftStorage (RaftStorage.java:format(72)) - Storage directory /workdir/hadoop-ozone/tools/target/test-dir/MiniOzoneClusterImpl-0461ad29-15f0-41be-8599-9d75adc7a6e0/datanode-2/data/ratis/5b1d80ea-fd80-4fab-9db5-f02cc40c0296 has been successfully formatted.
2019-09-12 11:54:23,898 [pool-49-thread-1] INFO  ratis.ContainerStateMachine (ContainerStateMachine.java:loadSnapshot(226)) - group-F02CC40C0296: The snapshot info is null. Setting the last applied indexto:(t:0, i:~)
2019-09-12 11:54:23,899 [pool-49-thread-1] INFO  server.RaftServerConfigKeys (ConfUtils.java:logGet(43)) - raft.server.leader.election.timeout = 120s (custom)
2019-09-12 11:54:23,899 [pool-49-thread-1] INFO  server.RaftServerConfigKeys (ConfUtils.java:logGet(43)) - raft.server.log.use.memory = false (default)
2019-09-12 11:54:23,899 [pool-49-thread-1] INFO  server.RaftServerConfigKeys (ConfUtils.java:logGet(43)) - raft.server.log.purge.gap = 1000000 (custom)
2019-09-12 11:54:23,899 [pool-49-thread-1] INFO  server.RaftServerConfigKeys (ConfUtils.java:logGet(43)) - raft.server.log.appender.buffer.byte-limit = 33554432 (custom)
2019-09-12 11:54:23,899 [pool-49-thread-1] INFO  server.RaftServerConfigKeys (ConfUtils.java:logGet(43)) - raft.server.log.segment.size.max = 1048576 (custom)
2019-09-12 11:54:23,900 [pool-49-thread-1] INFO  server.RaftServerConfigKeys (ConfUtils.java:logGet(43)) - raft.server.log.segment.cache.num.max = 2 (custom)
2019-09-12 11:54:23,900 [pool-49-thread-1] INFO  segmented.SegmentedRaftLogWorker (SegmentedRaftLogWorker.java:<init>(172)) - new 74e5f15b-89e9-4724-9552-a6d94f3cc9a1-SegmentedRaftLogWorker:Storage Directory /workdir/hadoop-ozone/tools/target/test-dir/MiniOzoneClusterImpl-0461ad29-15f0-41be-8599-9d75adc7a6e0/datanode-2/data/ratis/5b1d80ea-fd80-4fab-9db5-f02cc40c0296 for RaftStorage:Storage Directory /workdir/hadoop-ozone/tools/target/test-dir/MiniOzoneClusterImpl-0461ad29-15f0-41be-8599-9d75adc7a6e0/datanode-2/data/ratis/5b1d80ea-fd80-4fab-9db5-f02cc40c0296
2019-09-12 11:54:23,900 [pool-49-thread-1] INFO  server.RaftServerConfigKeys (ConfUtils.java:logGet(43)) - raft.server.log.queue.byte-limit = 2147483647 (custom)
2019-09-12 11:54:23,900 [pool-49-thread-1] INFO  server.RaftServerConfigKeys (ConfUtils.java:logGet(43)) - raft.server.log.queue.element-limit = 1024 (custom)
2019-09-12 11:54:23,900 [pool-49-thread-1] INFO  server.RaftServerConfigKeys (ConfUtils.java:logGet(43)) - raft.server.log.segment.size.max = 1048576 (custom)
2019-09-12 11:54:23,900 [pool-49-thread-1] INFO  server.RaftServerConfigKeys (ConfUtils.java:logGet(43)) - raft.server.log.preallocated.size = 16384 (custom)
2019-09-12 11:54:23,900 [pool-49-thread-1] INFO  server.RaftServerConfigKeys (ConfUtils.java:logGet(43)) - raft.server.log.write.buffer.size = 33554432 (custom)
2019-09-12 11:54:23,901 [pool-49-thread-1] INFO  server.RaftServerConfigKeys (ConfUtils.java:logGet(43)) - raft.server.log.force.sync.num = 128 (default)
2019-09-12 11:54:23,901 [pool-49-thread-1] INFO  server.RaftServerConfigKeys (ConfUtils.java:logGet(43)) - raft.server.log.statemachine.data.sync = true (default)
2019-09-12 11:54:23,901 [pool-49-thread-1] INFO  server.RaftServerConfigKeys (ConfUtils.java:logGet(43)) - raft.server.log.statemachine.data.sync.timeout = 10s (default)
2019-09-12 11:54:23,901 [pool-49-thread-1] INFO  server.RaftServerConfigKeys (ConfUtils.java:logGet(43)) - raft.server.log.statemachine.data.sync.timeout.retry = -1 (default)
2019-09-12 11:54:23,901 [pool-49-thread-1] INFO  server.RaftServerConfigKeys (ConfUtils.java:logGet(43)) - raft.server.log.statemachine.data.caching.enabled = true (custom)
2019-09-12 11:54:23,902 [pool-49-thread-1] INFO  segmented.SegmentedRaftLogWorker (SegmentedRaftLogWorker.java:lambda$new$0(132)) - 74e5f15b-89e9-4724-9552-a6d94f3cc9a1-SegmentedRaftLogWorker:Storage Directory /workdir/hadoop-ozone/tools/target/test-dir/MiniOzoneClusterImpl-0461ad29-15f0-41be-8599-9d75adc7a6e0/datanode-2/data/ratis/5b1d80ea-fd80-4fab-9db5-f02cc40c0296: flushIndex: setUnconditionally 0 -> -1
2019-09-12 11:54:23,902 [pool-49-thread-1] INFO  server.RaftServerConfigKeys (ConfUtils.java:logGet(43)) - raft.server.snapshot.auto.trigger.enabled = true (custom)
2019-09-12 11:54:23,902 [pool-49-thread-1] INFO  server.RaftServerConfigKeys (ConfUtils.java:logGet(43)) - raft.server.snapshot.auto.trigger.threshold = 10000 (custom)
2019-09-12 11:54:23,903 [pool-49-thread-1] INFO  server.RaftServerConfigKeys (ConfUtils.java:logGet(43)) - raft.server.retrycache.expirytime = 600000ms (custom)
2019-09-12 11:54:23,903 [pool-49-thread-1] INFO  impl.RaftServerImpl (RaftServerImpl.java:start(180)) - 74e5f15b-89e9-4724-9552-a6d94f3cc9a1: start group-F02CC40C0296
2019-09-12 11:54:23,903 [pool-49-thread-1] INFO  impl.RaftServerImpl (RaftServerImpl.java:setRole(171)) - 74e5f15b-89e9-4724-9552-a6d94f3cc9a1:group-F02CC40C0296 changes role from null to FOLLOWER at term 0 for startAsFollower
2019-09-12 11:54:23,903 [pool-49-thread-1] INFO  impl.RoleInfo (RoleInfo.java:updateAndGet(143)) - 74e5f15b-89e9-4724-9552-a6d94f3cc9a1: start FollowerState
2019-09-12 11:54:23,904 [pool-49-thread-1] INFO  util.JmxRegister (JmxRegister.java:tryRegister(44)) - Successfully registered JMX Bean with object name Ratis:service=RaftServer,group=group-F02CC40C0296,id=74e5f15b-89e9-4724-9552-a6d94f3cc9a1
2019-09-12 11:54:23,914 [RatisPipelineUtilsThread] INFO  pipeline.PipelineStateManager (PipelineStateManager.java:addPipeline(56)) - Created pipeline Pipeline[ Id: 5b1d80ea-fd80-4fab-9db5-f02cc40c0296, Nodes: 74e5f15b-89e9-4724-9552-a6d94f3cc9a1{ip: 192.168.157.195, host: pr-hdds-1569-xtfnx-3545843844, networkLocation: /default-rack, certSerialId: null}, Type:RATIS, Factor:ONE, State:OPEN]
2019-09-12 11:54:23,929 [grpc-default-executor-0] INFO  impl.RaftServerProxy (RaftServerProxy.java:addNew(89)) - 6b6db90b-d3a1-49d5-955a-ba6cd0451323: addNew group-5DB4B1642706:[6b6db90b-d3a1-49d5-955a-ba6cd0451323:192.168.157.195:39461] returns group-5DB4B1642706:java.util.concurrent.CompletableFuture@50e0747d[Not completed]
2019-09-12 11:54:23,931 [pool-38-thread-1] INFO  impl.RaftServerImpl (RaftServerImpl.java:<init>(93)) - 6b6db90b-d3a1-49d5-955a-ba6cd0451323: new RaftServerImpl for group-5DB4B1642706:[6b6db90b-d3a1-49d5-955a-ba6cd0451323:192.168.157.195:39461] with ContainerStateMachine:uninitialized
2019-09-12 11:54:23,931 [pool-38-thread-1] INFO  server.RaftServerConfigKeys (ConfUtils.java:logGet(43)) - raft.server.rpc.timeout.min = 5s (custom)
2019-09-12 11:54:23,931 [pool-38-thread-1] INFO  server.RaftServerConfigKeys (ConfUtils.java:logGet(43)) - raft.server.rpc.timeout.max = 5200ms (custom)
2019-09-12 11:54:23,932 [pool-38-thread-1] INFO  server.RaftServerConfigKeys (ConfUtils.java:logGet(43)) - raft.server.rpcslowness.timeout = 120s (custom)
2019-09-12 11:54:23,932 [pool-38-thread-1] INFO  server.RaftServerConfigKeys (ConfUtils.java:logGet(43)) - raft.server.sleep.deviation.threshold = 300 (default)
2019-09-12 11:54:23,932 [pool-38-thread-1] INFO  server.RaftServerConfigKeys (ConfUtils.java:logGet(43)) - raft.server.log.appender.install.snapshot.enabled = false (custom)
2019-09-12 11:54:23,932 [pool-38-thread-1] INFO  impl.RaftServerImpl (ServerState.java:<init>(105)) - 6b6db90b-d3a1-49d5-955a-ba6cd0451323:group-5DB4B1642706 ConfigurationManager, init=-1: [6b6db90b-d3a1-49d5-955a-ba6cd0451323:192.168.157.195:39461], old=null, confs=<EMPTY_MAP>
2019-09-12 11:54:23,932 [pool-38-thread-1] INFO  server.RaftServerConfigKeys (ConfUtils.java:logGet(43)) - raft.server.storage.dir = [/workdir/hadoop-ozone/tools/target/test-dir/MiniOzoneClusterImpl-0461ad29-15f0-41be-8599-9d75adc7a6e0/datanode-1/data/ratis] (custom)
2019-09-12 11:54:23,933 [pool-38-thread-1] INFO  storage.RaftStorageDirectory (RaftStorageDirectory.java:analyzeStorage(246)) - The storage directory /workdir/hadoop-ozone/tools/target/test-dir/MiniOzoneClusterImpl-0461ad29-15f0-41be-8599-9d75adc7a6e0/datanode-1/data/ratis/a6deb77d-3bfe-4aa6-ab16-5db4b1642706 does not exist. Creating ...
2019-09-12 11:54:23,946 [pool-38-thread-1] INFO  storage.RaftStorageDirectory (RaftStorageDirectory.java:tryLock(328)) - Lock on /workdir/hadoop-ozone/tools/target/test-dir/MiniOzoneClusterImpl-0461ad29-15f0-41be-8599-9d75adc7a6e0/datanode-1/data/ratis/a6deb77d-3bfe-4aa6-ab16-5db4b1642706/in_use.lock acquired by nodename 18424@pr-hdds-1569-xtfnx-3545843844
2019-09-12 11:54:23,959 [pool-38-thread-1] INFO  storage.RaftStorage (RaftStorage.java:format(72)) - Storage directory /workdir/hadoop-ozone/tools/target/test-dir/MiniOzoneClusterImpl-0461ad29-15f0-41be-8599-9d75adc7a6e0/datanode-1/data/ratis/a6deb77d-3bfe-4aa6-ab16-5db4b1642706 has been successfully formatted.
2019-09-12 11:54:23,959 [pool-38-thread-1] INFO  ratis.ContainerStateMachine (ContainerStateMachine.java:loadSnapshot(226)) - group-5DB4B1642706: The snapshot info is null. Setting the last applied indexto:(t:0, i:~)
2019-09-12 11:54:23,960 [pool-38-thread-1] INFO  server.RaftServerConfigKeys (ConfUtils.java:logGet(43)) - raft.server.leader.election.timeout = 120s (custom)
2019-09-12 11:54:23,960 [pool-38-thread-1] INFO  server.RaftServerConfigKeys (ConfUtils.java:logGet(43)) - raft.server.log.use.memory = false (default)
2019-09-12 11:54:23,960 [pool-38-thread-1] INFO  server.RaftServerConfigKeys (ConfUtils.java:logGet(43)) - raft.server.log.purge.gap = 1000000 (custom)
2019-09-12 11:54:23,960 [pool-38-thread-1] INFO  server.RaftServerConfigKeys (ConfUtils.java:logGet(43)) - raft.server.log.appender.buffer.byte-limit = 33554432 (custom)
2019-09-12 11:54:23,960 [pool-38-thread-1] INFO  server.RaftServerConfigKeys (ConfUtils.java:logGet(43)) - raft.server.log.segment.size.max = 1048576 (custom)
2019-09-12 11:54:23,961 [pool-38-thread-1] INFO  server.RaftServerConfigKeys (ConfUtils.java:logGet(43)) - raft.server.log.segment.cache.num.max = 2 (custom)
2019-09-12 11:54:23,961 [pool-38-thread-1] INFO  segmented.SegmentedRaftLogWorker (SegmentedRaftLogWorker.java:<init>(172)) - new 6b6db90b-d3a1-49d5-955a-ba6cd0451323-SegmentedRaftLogWorker:Storage Directory /workdir/hadoop-ozone/tools/target/test-dir/MiniOzoneClusterImpl-0461ad29-15f0-41be-8599-9d75adc7a6e0/datanode-1/data/ratis/a6deb77d-3bfe-4aa6-ab16-5db4b1642706 for RaftStorage:Storage Directory /workdir/hadoop-ozone/tools/target/test-dir/MiniOzoneClusterImpl-0461ad29-15f0-41be-8599-9d75adc7a6e0/datanode-1/data/ratis/a6deb77d-3bfe-4aa6-ab16-5db4b1642706
2019-09-12 11:54:23,961 [pool-38-thread-1] INFO  server.RaftServerConfigKeys (ConfUtils.java:logGet(43)) - raft.server.log.queue.byte-limit = 2147483647 (custom)
2019-09-12 11:54:23,961 [pool-38-thread-1] INFO  server.RaftServerConfigKeys (ConfUtils.java:logGet(43)) - raft.server.log.queue.element-limit = 1024 (custom)
2019-09-12 11:54:23,961 [pool-38-thread-1] INFO  server.RaftServerConfigKeys (ConfUtils.java:logGet(43)) - raft.server.log.segment.size.max = 1048576 (custom)
2019-09-12 11:54:23,961 [pool-38-thread-1] INFO  server.RaftServerConfigKeys (ConfUtils.java:logGet(43)) - raft.server.log.preallocated.size = 16384 (custom)
2019-09-12 11:54:23,962 [pool-38-thread-1] INFO  server.RaftServerConfigKeys (ConfUtils.java:logGet(43)) - raft.server.log.write.buffer.size = 33554432 (custom)
2019-09-12 11:54:23,962 [pool-38-thread-1] INFO  server.RaftServerConfigKeys (ConfUtils.java:logGet(43)) - raft.server.log.force.sync.num = 128 (default)
2019-09-12 11:54:23,962 [pool-38-thread-1] INFO  server.RaftServerConfigKeys (ConfUtils.java:logGet(43)) - raft.server.log.statemachine.data.sync = true (default)
2019-09-12 11:54:23,962 [pool-38-thread-1] INFO  server.RaftServerConfigKeys (ConfUtils.java:logGet(43)) - raft.server.log.statemachine.data.sync.timeout = 10s (default)
2019-09-12 11:54:23,962 [pool-38-thread-1] INFO  server.RaftServerConfigKeys (ConfUtils.java:logGet(43)) - raft.server.log.statemachine.data.sync.timeout.retry = -1 (default)
2019-09-12 11:54:23,963 [pool-38-thread-1] INFO  server.RaftServerConfigKeys (ConfUtils.java:logGet(43)) - raft.server.log.statemachine.data.caching.enabled = true (custom)
2019-09-12 11:54:23,963 [pool-38-thread-1] INFO  segmented.SegmentedRaftLogWorker (SegmentedRaftLogWorker.java:lambda$new$0(132)) - 6b6db90b-d3a1-49d5-955a-ba6cd0451323-SegmentedRaftLogWorker:Storage Directory /workdir/hadoop-ozone/tools/target/test-dir/MiniOzoneClusterImpl-0461ad29-15f0-41be-8599-9d75adc7a6e0/datanode-1/data/ratis/a6deb77d-3bfe-4aa6-ab16-5db4b1642706: flushIndex: setUnconditionally 0 -> -1
2019-09-12 11:54:23,963 [pool-38-thread-1] INFO  server.RaftServerConfigKeys (ConfUtils.java:logGet(43)) - raft.server.snapshot.auto.trigger.enabled = true (custom)
2019-09-12 11:54:23,964 [pool-38-thread-1] INFO  server.RaftServerConfigKeys (ConfUtils.java:logGet(43)) - raft.server.snapshot.auto.trigger.threshold = 10000 (custom)
2019-09-12 11:54:23,964 [pool-38-thread-1] INFO  server.RaftServerConfigKeys (ConfUtils.java:logGet(43)) - raft.server.retrycache.expirytime = 600000ms (custom)
2019-09-12 11:54:23,964 [pool-38-thread-1] INFO  impl.RaftServerImpl (RaftServerImpl.java:start(180)) - 6b6db90b-d3a1-49d5-955a-ba6cd0451323: start group-5DB4B1642706
2019-09-12 11:54:23,964 [pool-38-thread-1] INFO  impl.RaftServerImpl (RaftServerImpl.java:setRole(171)) - 6b6db90b-d3a1-49d5-955a-ba6cd0451323:group-5DB4B1642706 changes role from null to FOLLOWER at term 0 for startAsFollower
2019-09-12 11:54:23,965 [pool-38-thread-1] INFO  impl.RoleInfo (RoleInfo.java:updateAndGet(143)) - 6b6db90b-d3a1-49d5-955a-ba6cd0451323: start FollowerState
2019-09-12 11:54:23,965 [pool-38-thread-1] INFO  util.JmxRegister (JmxRegister.java:tryRegister(44)) - Successfully registered JMX Bean with object name Ratis:service=RaftServer,group=group-5DB4B1642706,id=6b6db90b-d3a1-49d5-955a-ba6cd0451323
2019-09-12 11:54:23,975 [RatisPipelineUtilsThread] INFO  pipeline.PipelineStateManager (PipelineStateManager.java:addPipeline(56)) - Created pipeline Pipeline[ Id: a6deb77d-3bfe-4aa6-ab16-5db4b1642706, Nodes: 6b6db90b-d3a1-49d5-955a-ba6cd0451323{ip: 192.168.157.195, host: pr-hdds-1569-xtfnx-3545843844, networkLocation: /default-rack, certSerialId: null}, Type:RATIS, Factor:ONE, State:OPEN]
2019-09-12 11:54:23,989 [grpc-default-executor-0] INFO  impl.RaftServerProxy (RaftServerProxy.java:addNew(89)) - 74e5f15b-89e9-4724-9552-a6d94f3cc9a1: addNew group-FDC1277CA060:[74e5f15b-89e9-4724-9552-a6d94f3cc9a1:192.168.157.195:41743] returns group-FDC1277CA060:java.util.concurrent.CompletableFuture@6515ae24[Not completed]
2019-09-12 11:54:23,991 [pool-49-thread-1] INFO  impl.RaftServerImpl (RaftServerImpl.java:<init>(93)) - 74e5f15b-89e9-4724-9552-a6d94f3cc9a1: new RaftServerImpl for group-FDC1277CA060:[74e5f15b-89e9-4724-9552-a6d94f3cc9a1:192.168.157.195:41743] with ContainerStateMachine:uninitialized
2019-09-12 11:54:23,991 [pool-49-thread-1] INFO  server.RaftServerConfigKeys (ConfUtils.java:logGet(43)) - raft.server.rpc.timeout.min = 5s (custom)
2019-09-12 11:54:23,991 [pool-49-thread-1] INFO  server.RaftServerConfigKeys (ConfUtils.java:logGet(43)) - raft.server.rpc.timeout.max = 5200ms (custom)
2019-09-12 11:54:23,991 [pool-49-thread-1] INFO  server.RaftServerConfigKeys (ConfUtils.java:logGet(43)) - raft.server.rpcslowness.timeout = 120s (custom)
2019-09-12 11:54:23,991 [pool-49-thread-1] INFO  server.RaftServerConfigKeys (ConfUtils.java:logGet(43)) - raft.server.sleep.deviation.threshold = 300 (default)
2019-09-12 11:54:23,991 [pool-49-thread-1] INFO  server.RaftServerConfigKeys (ConfUtils.java:logGet(43)) - raft.server.log.appender.install.snapshot.enabled = false (custom)
2019-09-12 11:54:23,992 [pool-49-thread-1] INFO  impl.RaftServerImpl (ServerState.java:<init>(105)) - 74e5f15b-89e9-4724-9552-a6d94f3cc9a1:group-FDC1277CA060 ConfigurationManager, init=-1: [74e5f15b-89e9-4724-9552-a6d94f3cc9a1:192.168.157.195:41743], old=null, confs=<EMPTY_MAP>
2019-09-12 11:54:23,992 [pool-49-thread-1] INFO  server.RaftServerConfigKeys (ConfUtils.java:logGet(43)) - raft.server.storage.dir = [/workdir/hadoop-ozone/tools/target/test-dir/MiniOzoneClusterImpl-0461ad29-15f0-41be-8599-9d75adc7a6e0/datanode-2/data/ratis] (custom)
2019-09-12 11:54:23,992 [pool-49-thread-1] INFO  storage.RaftStorageDirectory (RaftStorageDirectory.java:analyzeStorage(246)) - The storage directory /workdir/hadoop-ozone/tools/target/test-dir/MiniOzoneClusterImpl-0461ad29-15f0-41be-8599-9d75adc7a6e0/datanode-2/data/ratis/2dfaad6d-4d02-4f69-bb6b-fdc1277ca060 does not exist. Creating ...
2019-09-12 11:54:24,004 [pool-49-thread-1] INFO  storage.RaftStorageDirectory (RaftStorageDirectory.java:tryLock(328)) - Lock on /workdir/hadoop-ozone/tools/target/test-dir/MiniOzoneClusterImpl-0461ad29-15f0-41be-8599-9d75adc7a6e0/datanode-2/data/ratis/2dfaad6d-4d02-4f69-bb6b-fdc1277ca060/in_use.lock acquired by nodename 18424@pr-hdds-1569-xtfnx-3545843844
2019-09-12 11:54:24,028 [pool-49-thread-1] INFO  storage.RaftStorage (RaftStorage.java:format(72)) - Storage directory /workdir/hadoop-ozone/tools/target/test-dir/MiniOzoneClusterImpl-0461ad29-15f0-41be-8599-9d75adc7a6e0/datanode-2/data/ratis/2dfaad6d-4d02-4f69-bb6b-fdc1277ca060 has been successfully formatted.
2019-09-12 11:54:24,028 [pool-49-thread-1] INFO  ratis.ContainerStateMachine (ContainerStateMachine.java:loadSnapshot(226)) - group-FDC1277CA060: The snapshot info is null. Setting the last applied indexto:(t:0, i:~)
2019-09-12 11:54:24,028 [pool-49-thread-1] INFO  server.RaftServerConfigKeys (ConfUtils.java:logGet(43)) - raft.server.leader.election.timeout = 120s (custom)
2019-09-12 11:54:24,029 [pool-49-thread-1] INFO  server.RaftServerConfigKeys (ConfUtils.java:logGet(43)) - raft.server.log.use.memory = false (default)
2019-09-12 11:54:24,029 [pool-49-thread-1] INFO  server.RaftServerConfigKeys (ConfUtils.java:logGet(43)) - raft.server.log.purge.gap = 1000000 (custom)
2019-09-12 11:54:24,029 [pool-49-thread-1] INFO  server.RaftServerConfigKeys (ConfUtils.java:logGet(43)) - raft.server.log.appender.buffer.byte-limit = 33554432 (custom)
2019-09-12 11:54:24,029 [pool-49-thread-1] INFO  server.RaftServerConfigKeys (ConfUtils.java:logGet(43)) - raft.server.log.segment.size.max = 1048576 (custom)
2019-09-12 11:54:24,029 [pool-49-thread-1] INFO  server.RaftServerConfigKeys (ConfUtils.java:logGet(43)) - raft.server.log.segment.cache.num.max = 2 (custom)
2019-09-12 11:54:24,029 [pool-49-thread-1] INFO  segmented.SegmentedRaftLogWorker (SegmentedRaftLogWorker.java:<init>(172)) - new 74e5f15b-89e9-4724-9552-a6d94f3cc9a1-SegmentedRaftLogWorker:Storage Directory /workdir/hadoop-ozone/tools/target/test-dir/MiniOzoneClusterImpl-0461ad29-15f0-41be-8599-9d75adc7a6e0/datanode-2/data/ratis/2dfaad6d-4d02-4f69-bb6b-fdc1277ca060 for RaftStorage:Storage Directory /workdir/hadoop-ozone/tools/target/test-dir/MiniOzoneClusterImpl-0461ad29-15f0-41be-8599-9d75adc7a6e0/datanode-2/data/ratis/2dfaad6d-4d02-4f69-bb6b-fdc1277ca060
2019-09-12 11:54:24,030 [pool-49-thread-1] INFO  server.RaftServerConfigKeys (ConfUtils.java:logGet(43)) - raft.server.log.queue.byte-limit = 2147483647 (custom)
2019-09-12 11:54:24,030 [pool-49-thread-1] INFO  server.RaftServerConfigKeys (ConfUtils.java:logGet(43)) - raft.server.log.queue.element-limit = 1024 (custom)
2019-09-12 11:54:24,030 [pool-49-thread-1] INFO  server.RaftServerConfigKeys (ConfUtils.java:logGet(43)) - raft.server.log.segment.size.max = 1048576 (custom)
2019-09-12 11:54:24,030 [pool-49-thread-1] INFO  server.RaftServerConfigKeys (ConfUtils.java:logGet(43)) - raft.server.log.preallocated.size = 16384 (custom)
2019-09-12 11:54:24,030 [pool-49-thread-1] INFO  server.RaftServerConfigKeys (ConfUtils.java:logGet(43)) - raft.server.log.write.buffer.size = 33554432 (custom)
2019-09-12 11:54:24,030 [pool-49-thread-1] INFO  server.RaftServerConfigKeys (ConfUtils.java:logGet(43)) - raft.server.log.force.sync.num = 128 (default)
2019-09-12 11:54:24,030 [pool-49-thread-1] INFO  server.RaftServerConfigKeys (ConfUtils.java:logGet(43)) - raft.server.log.statemachine.data.sync = true (default)
2019-09-12 11:54:24,031 [pool-49-thread-1] INFO  server.RaftServerConfigKeys (ConfUtils.java:logGet(43)) - raft.server.log.statemachine.data.sync.timeout = 10s (default)
2019-09-12 11:54:24,031 [pool-49-thread-1] INFO  server.RaftServerConfigKeys (ConfUtils.java:logGet(43)) - raft.server.log.statemachine.data.sync.timeout.retry = -1 (default)
2019-09-12 11:54:24,031 [pool-49-thread-1] INFO  server.RaftServerConfigKeys (ConfUtils.java:logGet(43)) - raft.server.log.statemachine.data.caching.enabled = true (custom)
2019-09-12 11:54:24,031 [pool-49-thread-1] INFO  segmented.SegmentedRaftLogWorker (SegmentedRaftLogWorker.java:lambda$new$0(132)) - 74e5f15b-89e9-4724-9552-a6d94f3cc9a1-SegmentedRaftLogWorker:Storage Directory /workdir/hadoop-ozone/tools/target/test-dir/MiniOzoneClusterImpl-0461ad29-15f0-41be-8599-9d75adc7a6e0/datanode-2/data/ratis/2dfaad6d-4d02-4f69-bb6b-fdc1277ca060: flushIndex: setUnconditionally 0 -> -1
2019-09-12 11:54:24,031 [pool-49-thread-1] INFO  server.RaftServerConfigKeys (ConfUtils.java:logGet(43)) - raft.server.snapshot.auto.trigger.enabled = true (custom)
2019-09-12 11:54:24,032 [pool-49-thread-1] INFO  server.RaftServerConfigKeys (ConfUtils.java:logGet(43)) - raft.server.snapshot.auto.trigger.threshold = 10000 (custom)
2019-09-12 11:54:24,032 [pool-49-thread-1] INFO  server.RaftServerConfigKeys (ConfUtils.java:logGet(43)) - raft.server.retrycache.expirytime = 600000ms (custom)
2019-09-12 11:54:24,032 [pool-49-thread-1] INFO  impl.RaftServerImpl (RaftServerImpl.java:start(180)) - 74e5f15b-89e9-4724-9552-a6d94f3cc9a1: start group-FDC1277CA060
2019-09-12 11:54:24,032 [pool-49-thread-1] INFO  impl.RaftServerImpl (RaftServerImpl.java:setRole(171)) - 74e5f15b-89e9-4724-9552-a6d94f3cc9a1:group-FDC1277CA060 changes role from null to FOLLOWER at term 0 for startAsFollower
2019-09-12 11:54:24,033 [pool-49-thread-1] INFO  impl.RoleInfo (RoleInfo.java:updateAndGet(143)) - 74e5f15b-89e9-4724-9552-a6d94f3cc9a1: start FollowerState
2019-09-12 11:54:24,033 [pool-49-thread-1] INFO  util.JmxRegister (JmxRegister.java:tryRegister(44)) - Successfully registered JMX Bean with object name Ratis:service=RaftServer,group=group-FDC1277CA060,id=74e5f15b-89e9-4724-9552-a6d94f3cc9a1
2019-09-12 11:54:24,041 [RatisPipelineUtilsThread] INFO  pipeline.PipelineStateManager (PipelineStateManager.java:addPipeline(56)) - Created pipeline Pipeline[ Id: 2dfaad6d-4d02-4f69-bb6b-fdc1277ca060, Nodes: 74e5f15b-89e9-4724-9552-a6d94f3cc9a1{ip: 192.168.157.195, host: pr-hdds-1569-xtfnx-3545843844, networkLocation: /default-rack, certSerialId: null}, Type:RATIS, Factor:ONE, State:OPEN]
2019-09-12 11:54:24,057 [grpc-default-executor-0] INFO  impl.RaftServerProxy (RaftServerProxy.java:addNew(89)) - 6b6db90b-d3a1-49d5-955a-ba6cd0451323: addNew group-43264B07F67C:[6b6db90b-d3a1-49d5-955a-ba6cd0451323:192.168.157.195:39461] returns group-43264B07F67C:java.util.concurrent.CompletableFuture@4305ae36[Not completed]
2019-09-12 11:54:24,059 [pool-38-thread-1] INFO  impl.RaftServerImpl (RaftServerImpl.java:<init>(93)) - 6b6db90b-d3a1-49d5-955a-ba6cd0451323: new RaftServerImpl for group-43264B07F67C:[6b6db90b-d3a1-49d5-955a-ba6cd0451323:192.168.157.195:39461] with ContainerStateMachine:uninitialized
2019-09-12 11:54:24,059 [pool-38-thread-1] INFO  server.RaftServerConfigKeys (ConfUtils.java:logGet(43)) - raft.server.rpc.timeout.min = 5s (custom)
2019-09-12 11:54:24,059 [pool-38-thread-1] INFO  server.RaftServerConfigKeys (ConfUtils.java:logGet(43)) - raft.server.rpc.timeout.max = 5200ms (custom)
2019-09-12 11:54:24,059 [pool-38-thread-1] INFO  server.RaftServerConfigKeys (ConfUtils.java:logGet(43)) - raft.server.rpcslowness.timeout = 120s (custom)
2019-09-12 11:54:24,059 [pool-38-thread-1] INFO  server.RaftServerConfigKeys (ConfUtils.java:logGet(43)) - raft.server.sleep.deviation.threshold = 300 (default)
2019-09-12 11:54:24,059 [pool-38-thread-1] INFO  server.RaftServerConfigKeys (ConfUtils.java:logGet(43)) - raft.server.log.appender.install.snapshot.enabled = false (custom)
2019-09-12 11:54:24,060 [pool-38-thread-1] INFO  impl.RaftServerImpl (ServerState.java:<init>(105)) - 6b6db90b-d3a1-49d5-955a-ba6cd0451323:group-43264B07F67C ConfigurationManager, init=-1: [6b6db90b-d3a1-49d5-955a-ba6cd0451323:192.168.157.195:39461], old=null, confs=<EMPTY_MAP>
2019-09-12 11:54:24,060 [pool-38-thread-1] INFO  server.RaftServerConfigKeys (ConfUtils.java:logGet(43)) - raft.server.storage.dir = [/workdir/hadoop-ozone/tools/target/test-dir/MiniOzoneClusterImpl-0461ad29-15f0-41be-8599-9d75adc7a6e0/datanode-1/data/ratis] (custom)
2019-09-12 11:54:24,060 [pool-38-thread-1] INFO  storage.RaftStorageDirectory (RaftStorageDirectory.java:analyzeStorage(246)) - The storage directory /workdir/hadoop-ozone/tools/target/test-dir/MiniOzoneClusterImpl-0461ad29-15f0-41be-8599-9d75adc7a6e0/datanode-1/data/ratis/e75da6e8-6bfb-415c-b6ce-43264b07f67c does not exist. Creating ...
2019-09-12 11:54:24,073 [pool-38-thread-1] INFO  storage.RaftStorageDirectory (RaftStorageDirectory.java:tryLock(328)) - Lock on /workdir/hadoop-ozone/tools/target/test-dir/MiniOzoneClusterImpl-0461ad29-15f0-41be-8599-9d75adc7a6e0/datanode-1/data/ratis/e75da6e8-6bfb-415c-b6ce-43264b07f67c/in_use.lock acquired by nodename 18424@pr-hdds-1569-xtfnx-3545843844
2019-09-12 11:54:24,088 [pool-38-thread-1] INFO  storage.RaftStorage (RaftStorage.java:format(72)) - Storage directory /workdir/hadoop-ozone/tools/target/test-dir/MiniOzoneClusterImpl-0461ad29-15f0-41be-8599-9d75adc7a6e0/datanode-1/data/ratis/e75da6e8-6bfb-415c-b6ce-43264b07f67c has been successfully formatted.
2019-09-12 11:54:24,088 [pool-38-thread-1] INFO  ratis.ContainerStateMachine (ContainerStateMachine.java:loadSnapshot(226)) - group-43264B07F67C: The snapshot info is null. Setting the last applied indexto:(t:0, i:~)
2019-09-12 11:54:24,088 [pool-38-thread-1] INFO  server.RaftServerConfigKeys (ConfUtils.java:logGet(43)) - raft.server.leader.election.timeout = 120s (custom)
2019-09-12 11:54:24,088 [pool-38-thread-1] INFO  server.RaftServerConfigKeys (ConfUtils.java:logGet(43)) - raft.server.log.use.memory = false (default)
2019-09-12 11:54:24,089 [pool-38-thread-1] INFO  server.RaftServerConfigKeys (ConfUtils.java:logGet(43)) - raft.server.log.purge.gap = 1000000 (custom)
2019-09-12 11:54:24,089 [pool-38-thread-1] INFO  server.RaftServerConfigKeys (ConfUtils.java:logGet(43)) - raft.server.log.appender.buffer.byte-limit = 33554432 (custom)
2019-09-12 11:54:24,089 [pool-38-thread-1] INFO  server.RaftServerConfigKeys (ConfUtils.java:logGet(43)) - raft.server.log.segment.size.max = 1048576 (custom)
2019-09-12 11:54:24,089 [pool-38-thread-1] INFO  server.RaftServerConfigKeys (ConfUtils.java:logGet(43)) - raft.server.log.segment.cache.num.max = 2 (custom)
2019-09-12 11:54:24,089 [pool-38-thread-1] INFO  segmented.SegmentedRaftLogWorker (SegmentedRaftLogWorker.java:<init>(172)) - new 6b6db90b-d3a1-49d5-955a-ba6cd0451323-SegmentedRaftLogWorker:Storage Directory /workdir/hadoop-ozone/tools/target/test-dir/MiniOzoneClusterImpl-0461ad29-15f0-41be-8599-9d75adc7a6e0/datanode-1/data/ratis/e75da6e8-6bfb-415c-b6ce-43264b07f67c for RaftStorage:Storage Directory /workdir/hadoop-ozone/tools/target/test-dir/MiniOzoneClusterImpl-0461ad29-15f0-41be-8599-9d75adc7a6e0/datanode-1/data/ratis/e75da6e8-6bfb-415c-b6ce-43264b07f67c
2019-09-12 11:54:24,089 [pool-38-thread-1] INFO  server.RaftServerConfigKeys (ConfUtils.java:logGet(43)) - raft.server.log.queue.byte-limit = 2147483647 (custom)
2019-09-12 11:54:24,090 [pool-38-thread-1] INFO  server.RaftServerConfigKeys (ConfUtils.java:logGet(43)) - raft.server.log.queue.element-limit = 1024 (custom)
2019-09-12 11:54:24,090 [pool-38-thread-1] INFO  server.RaftServerConfigKeys (ConfUtils.java:logGet(43)) - raft.server.log.segment.size.max = 1048576 (custom)
2019-09-12 11:54:24,090 [pool-38-thread-1] INFO  server.RaftServerConfigKeys (ConfUtils.java:logGet(43)) - raft.server.log.preallocated.size = 16384 (custom)
2019-09-12 11:54:24,090 [pool-38-thread-1] INFO  server.RaftServerConfigKeys (ConfUtils.java:logGet(43)) - raft.server.log.write.buffer.size = 33554432 (custom)
2019-09-12 11:54:24,090 [pool-38-thread-1] INFO  server.RaftServerConfigKeys (ConfUtils.java:logGet(43)) - raft.server.log.force.sync.num = 128 (default)
2019-09-12 11:54:24,090 [pool-38-thread-1] INFO  server.RaftServerConfigKeys (ConfUtils.java:logGet(43)) - raft.server.log.statemachine.data.sync = true (default)
2019-09-12 11:54:24,091 [pool-38-thread-1] INFO  server.RaftServerConfigKeys (ConfUtils.java:logGet(43)) - raft.server.log.statemachine.data.sync.timeout = 10s (default)
2019-09-12 11:54:24,091 [pool-38-thread-1] INFO  server.RaftServerConfigKeys (ConfUtils.java:logGet(43)) - raft.server.log.statemachine.data.sync.timeout.retry = -1 (default)
2019-09-12 11:54:24,091 [pool-38-thread-1] INFO  server.RaftServerConfigKeys (ConfUtils.java:logGet(43)) - raft.server.log.statemachine.data.caching.enabled = true (custom)
2019-09-12 11:54:24,091 [pool-38-thread-1] INFO  segmented.SegmentedRaftLogWorker (SegmentedRaftLogWorker.java:lambda$new$0(132)) - 6b6db90b-d3a1-49d5-955a-ba6cd0451323-SegmentedRaftLogWorker:Storage Directory /workdir/hadoop-ozone/tools/target/test-dir/MiniOzoneClusterImpl-0461ad29-15f0-41be-8599-9d75adc7a6e0/datanode-1/data/ratis/e75da6e8-6bfb-415c-b6ce-43264b07f67c: flushIndex: setUnconditionally 0 -> -1
2019-09-12 11:54:24,092 [pool-38-thread-1] INFO  server.RaftServerConfigKeys (ConfUtils.java:logGet(43)) - raft.server.snapshot.auto.trigger.enabled = true (custom)
2019-09-12 11:54:24,092 [pool-38-thread-1] INFO  server.RaftServerConfigKeys (ConfUtils.java:logGet(43)) - raft.server.snapshot.auto.trigger.threshold = 10000 (custom)
2019-09-12 11:54:24,092 [pool-38-thread-1] INFO  server.RaftServerConfigKeys (ConfUtils.java:logGet(43)) - raft.server.retrycache.expirytime = 600000ms (custom)
2019-09-12 11:54:24,092 [pool-38-thread-1] INFO  impl.RaftServerImpl (RaftServerImpl.java:start(180)) - 6b6db90b-d3a1-49d5-955a-ba6cd0451323: start group-43264B07F67C
2019-09-12 11:54:24,093 [pool-38-thread-1] INFO  impl.RaftServerImpl (RaftServerImpl.java:setRole(171)) - 6b6db90b-d3a1-49d5-955a-ba6cd0451323:group-43264B07F67C changes role from null to FOLLOWER at term 0 for startAsFollower
2019-09-12 11:54:24,093 [pool-38-thread-1] INFO  impl.RoleInfo (RoleInfo.java:updateAndGet(143)) - 6b6db90b-d3a1-49d5-955a-ba6cd0451323: start FollowerState
2019-09-12 11:54:24,093 [pool-38-thread-1] INFO  util.JmxRegister (JmxRegister.java:tryRegister(44)) - Successfully registered JMX Bean with object name Ratis:service=RaftServer,group=group-43264B07F67C,id=6b6db90b-d3a1-49d5-955a-ba6cd0451323
2019-09-12 11:54:24,101 [RatisPipelineUtilsThread] INFO  pipeline.PipelineStateManager (PipelineStateManager.java:addPipeline(56)) - Created pipeline Pipeline[ Id: e75da6e8-6bfb-415c-b6ce-43264b07f67c, Nodes: 6b6db90b-d3a1-49d5-955a-ba6cd0451323{ip: 192.168.157.195, host: pr-hdds-1569-xtfnx-3545843844, networkLocation: /default-rack, certSerialId: null}, Type:RATIS, Factor:ONE, State:OPEN]
2019-09-12 11:54:24,113 [grpc-default-executor-0] INFO  impl.RaftServerProxy (RaftServerProxy.java:addNew(89)) - 838719cc-490b-4c03-a095-19a61aedb9ec: addNew group-C8F4D44F6443:[838719cc-490b-4c03-a095-19a61aedb9ec:192.168.157.195:35393] returns group-C8F4D44F6443:java.util.concurrent.CompletableFuture@4eb93fad[Not completed]
2019-09-12 11:54:24,114 [pool-27-thread-1] INFO  impl.RaftServerImpl (RaftServerImpl.java:<init>(93)) - 838719cc-490b-4c03-a095-19a61aedb9ec: new RaftServerImpl for group-C8F4D44F6443:[838719cc-490b-4c03-a095-19a61aedb9ec:192.168.157.195:35393] with ContainerStateMachine:uninitialized
2019-09-12 11:54:24,115 [pool-27-thread-1] INFO  server.RaftServerConfigKeys (ConfUtils.java:logGet(43)) - raft.server.rpc.timeout.min = 5s (custom)
2019-09-12 11:54:24,115 [pool-27-thread-1] INFO  server.RaftServerConfigKeys (ConfUtils.java:logGet(43)) - raft.server.rpc.timeout.max = 5200ms (custom)
2019-09-12 11:54:24,115 [pool-27-thread-1] INFO  server.RaftServerConfigKeys (ConfUtils.java:logGet(43)) - raft.server.rpcslowness.timeout = 120s (custom)
2019-09-12 11:54:24,115 [pool-27-thread-1] INFO  server.RaftServerConfigKeys (ConfUtils.java:logGet(43)) - raft.server.sleep.deviation.threshold = 300 (default)
2019-09-12 11:54:24,115 [pool-27-thread-1] INFO  server.RaftServerConfigKeys (ConfUtils.java:logGet(43)) - raft.server.log.appender.install.snapshot.enabled = false (custom)
2019-09-12 11:54:24,115 [pool-27-thread-1] INFO  impl.RaftServerImpl (ServerState.java:<init>(105)) - 838719cc-490b-4c03-a095-19a61aedb9ec:group-C8F4D44F6443 ConfigurationManager, init=-1: [838719cc-490b-4c03-a095-19a61aedb9ec:192.168.157.195:35393], old=null, confs=<EMPTY_MAP>
2019-09-12 11:54:24,115 [pool-27-thread-1] INFO  server.RaftServerConfigKeys (ConfUtils.java:logGet(43)) - raft.server.storage.dir = [/workdir/hadoop-ozone/tools/target/test-dir/MiniOzoneClusterImpl-0461ad29-15f0-41be-8599-9d75adc7a6e0/datanode-0/data/ratis] (custom)
2019-09-12 11:54:24,116 [pool-27-thread-1] INFO  storage.RaftStorageDirectory (RaftStorageDirectory.java:analyzeStorage(246)) - The storage directory /workdir/hadoop-ozone/tools/target/test-dir/MiniOzoneClusterImpl-0461ad29-15f0-41be-8599-9d75adc7a6e0/datanode-0/data/ratis/873476a2-2183-4876-b5fe-c8f4d44f6443 does not exist. Creating ...
2019-09-12 11:54:24,129 [pool-27-thread-1] INFO  storage.RaftStorageDirectory (RaftStorageDirectory.java:tryLock(328)) - Lock on /workdir/hadoop-ozone/tools/target/test-dir/MiniOzoneClusterImpl-0461ad29-15f0-41be-8599-9d75adc7a6e0/datanode-0/data/ratis/873476a2-2183-4876-b5fe-c8f4d44f6443/in_use.lock acquired by nodename 18424@pr-hdds-1569-xtfnx-3545843844
2019-09-12 11:54:24,141 [pool-27-thread-1] INFO  storage.RaftStorage (RaftStorage.java:format(72)) - Storage directory /workdir/hadoop-ozone/tools/target/test-dir/MiniOzoneClusterImpl-0461ad29-15f0-41be-8599-9d75adc7a6e0/datanode-0/data/ratis/873476a2-2183-4876-b5fe-c8f4d44f6443 has been successfully formatted.
2019-09-12 11:54:24,142 [pool-27-thread-1] INFO  ratis.ContainerStateMachine (ContainerStateMachine.java:loadSnapshot(226)) - group-C8F4D44F6443: The snapshot info is null. Setting the last applied indexto:(t:0, i:~)
2019-09-12 11:54:24,142 [pool-27-thread-1] INFO  server.RaftServerConfigKeys (ConfUtils.java:logGet(43)) - raft.server.leader.election.timeout = 120s (custom)
2019-09-12 11:54:24,142 [pool-27-thread-1] INFO  server.RaftServerConfigKeys (ConfUtils.java:logGet(43)) - raft.server.log.use.memory = false (default)
2019-09-12 11:54:24,142 [pool-27-thread-1] INFO  server.RaftServerConfigKeys (ConfUtils.java:logGet(43)) - raft.server.log.purge.gap = 1000000 (custom)
2019-09-12 11:54:24,142 [pool-27-thread-1] INFO  server.RaftServerConfigKeys (ConfUtils.java:logGet(43)) - raft.server.log.appender.buffer.byte-limit = 33554432 (custom)
2019-09-12 11:54:24,142 [pool-27-thread-1] INFO  server.RaftServerConfigKeys (ConfUtils.java:logGet(43)) - raft.server.log.segment.size.max = 1048576 (custom)
2019-09-12 11:54:24,142 [pool-27-thread-1] INFO  server.RaftServerConfigKeys (ConfUtils.java:logGet(43)) - raft.server.log.segment.cache.num.max = 2 (custom)
2019-09-12 11:54:24,143 [pool-27-thread-1] INFO  segmented.SegmentedRaftLogWorker (SegmentedRaftLogWorker.java:<init>(172)) - new 838719cc-490b-4c03-a095-19a61aedb9ec-SegmentedRaftLogWorker:Storage Directory /workdir/hadoop-ozone/tools/target/test-dir/MiniOzoneClusterImpl-0461ad29-15f0-41be-8599-9d75adc7a6e0/datanode-0/data/ratis/873476a2-2183-4876-b5fe-c8f4d44f6443 for RaftStorage:Storage Directory /workdir/hadoop-ozone/tools/target/test-dir/MiniOzoneClusterImpl-0461ad29-15f0-41be-8599-9d75adc7a6e0/datanode-0/data/ratis/873476a2-2183-4876-b5fe-c8f4d44f6443
2019-09-12 11:54:24,143 [pool-27-thread-1] INFO  server.RaftServerConfigKeys (ConfUtils.java:logGet(43)) - raft.server.log.queue.byte-limit = 2147483647 (custom)
2019-09-12 11:54:24,143 [pool-27-thread-1] INFO  server.RaftServerConfigKeys (ConfUtils.java:logGet(43)) - raft.server.log.queue.element-limit = 1024 (custom)
2019-09-12 11:54:24,143 [pool-27-thread-1] INFO  server.RaftServerConfigKeys (ConfUtils.java:logGet(43)) - raft.server.log.segment.size.max = 1048576 (custom)
2019-09-12 11:54:24,143 [pool-27-thread-1] INFO  server.RaftServerConfigKeys (ConfUtils.java:logGet(43)) - raft.server.log.preallocated.size = 16384 (custom)
2019-09-12 11:54:24,143 [pool-27-thread-1] INFO  server.RaftServerConfigKeys (ConfUtils.java:logGet(43)) - raft.server.log.write.buffer.size = 33554432 (custom)
2019-09-12 11:54:24,143 [pool-27-thread-1] INFO  server.RaftServerConfigKeys (ConfUtils.java:logGet(43)) - raft.server.log.force.sync.num = 128 (default)
2019-09-12 11:54:24,143 [pool-27-thread-1] INFO  server.RaftServerConfigKeys (ConfUtils.java:logGet(43)) - raft.server.log.statemachine.data.sync = true (default)
2019-09-12 11:54:24,143 [pool-27-thread-1] INFO  server.RaftServerConfigKeys (ConfUtils.java:logGet(43)) - raft.server.log.statemachine.data.sync.timeout = 10s (default)
2019-09-12 11:54:24,144 [pool-27-thread-1] INFO  server.RaftServerConfigKeys (ConfUtils.java:logGet(43)) - raft.server.log.statemachine.data.sync.timeout.retry = -1 (default)
2019-09-12 11:54:24,144 [pool-27-thread-1] INFO  server.RaftServerConfigKeys (ConfUtils.java:logGet(43)) - raft.server.log.statemachine.data.caching.enabled = true (custom)
2019-09-12 11:54:24,144 [pool-27-thread-1] INFO  segmented.SegmentedRaftLogWorker (SegmentedRaftLogWorker.java:lambda$new$0(132)) - 838719cc-490b-4c03-a095-19a61aedb9ec-SegmentedRaftLogWorker:Storage Directory /workdir/hadoop-ozone/tools/target/test-dir/MiniOzoneClusterImpl-0461ad29-15f0-41be-8599-9d75adc7a6e0/datanode-0/data/ratis/873476a2-2183-4876-b5fe-c8f4d44f6443: flushIndex: setUnconditionally 0 -> -1
2019-09-12 11:54:24,144 [pool-27-thread-1] INFO  server.RaftServerConfigKeys (ConfUtils.java:logGet(43)) - raft.server.snapshot.auto.trigger.enabled = true (custom)
2019-09-12 11:54:24,144 [pool-27-thread-1] INFO  server.RaftServerConfigKeys (ConfUtils.java:logGet(43)) - raft.server.snapshot.auto.trigger.threshold = 10000 (custom)
2019-09-12 11:54:24,145 [pool-27-thread-1] INFO  server.RaftServerConfigKeys (ConfUtils.java:logGet(43)) - raft.server.retrycache.expirytime = 600000ms (custom)
2019-09-12 11:54:24,145 [pool-27-thread-1] INFO  impl.RaftServerImpl (RaftServerImpl.java:start(180)) - 838719cc-490b-4c03-a095-19a61aedb9ec: start group-C8F4D44F6443
2019-09-12 11:54:24,145 [pool-27-thread-1] INFO  impl.RaftServerImpl (RaftServerImpl.java:setRole(171)) - 838719cc-490b-4c03-a095-19a61aedb9ec:group-C8F4D44F6443 changes role from null to FOLLOWER at term 0 for startAsFollower
2019-09-12 11:54:24,145 [pool-27-thread-1] INFO  impl.RoleInfo (RoleInfo.java:updateAndGet(143)) - 838719cc-490b-4c03-a095-19a61aedb9ec: start FollowerState
2019-09-12 11:54:24,145 [pool-27-thread-1] INFO  util.JmxRegister (JmxRegister.java:tryRegister(44)) - Successfully registered JMX Bean with object name Ratis:service=RaftServer,group=group-C8F4D44F6443,id=838719cc-490b-4c03-a095-19a61aedb9ec
2019-09-12 11:54:24,153 [RatisPipelineUtilsThread] INFO  pipeline.PipelineStateManager (PipelineStateManager.java:addPipeline(56)) - Created pipeline Pipeline[ Id: 873476a2-2183-4876-b5fe-c8f4d44f6443, Nodes: 838719cc-490b-4c03-a095-19a61aedb9ec{ip: 192.168.157.195, host: pr-hdds-1569-xtfnx-3545843844, networkLocation: /default-rack, certSerialId: null}, Type:RATIS, Factor:ONE, State:OPEN]
2019-09-12 11:54:24,165 [grpc-default-executor-0] INFO  impl.RaftServerProxy (RaftServerProxy.java:addNew(89)) - 74e5f15b-89e9-4724-9552-a6d94f3cc9a1: addNew group-F944BC4067B9:[74e5f15b-89e9-4724-9552-a6d94f3cc9a1:192.168.157.195:41743] returns group-F944BC4067B9:java.util.concurrent.CompletableFuture@1b9312ed[Not completed]
2019-09-12 11:54:24,167 [pool-49-thread-1] INFO  impl.RaftServerImpl (RaftServerImpl.java:<init>(93)) - 74e5f15b-89e9-4724-9552-a6d94f3cc9a1: new RaftServerImpl for group-F944BC4067B9:[74e5f15b-89e9-4724-9552-a6d94f3cc9a1:192.168.157.195:41743] with ContainerStateMachine:uninitialized
2019-09-12 11:54:24,167 [pool-49-thread-1] INFO  server.RaftServerConfigKeys (ConfUtils.java:logGet(43)) - raft.server.rpc.timeout.min = 5s (custom)
2019-09-12 11:54:24,167 [pool-49-thread-1] INFO  server.RaftServerConfigKeys (ConfUtils.java:logGet(43)) - raft.server.rpc.timeout.max = 5200ms (custom)
2019-09-12 11:54:24,167 [pool-49-thread-1] INFO  server.RaftServerConfigKeys (ConfUtils.java:logGet(43)) - raft.server.rpcslowness.timeout = 120s (custom)
2019-09-12 11:54:24,167 [pool-49-thread-1] INFO  server.RaftServerConfigKeys (ConfUtils.java:logGet(43)) - raft.server.sleep.deviation.threshold = 300 (default)
2019-09-12 11:54:24,168 [pool-49-thread-1] INFO  server.RaftServerConfigKeys (ConfUtils.java:logGet(43)) - raft.server.log.appender.install.snapshot.enabled = false (custom)
2019-09-12 11:54:24,168 [pool-49-thread-1] INFO  impl.RaftServerImpl (ServerState.java:<init>(105)) - 74e5f15b-89e9-4724-9552-a6d94f3cc9a1:group-F944BC4067B9 ConfigurationManager, init=-1: [74e5f15b-89e9-4724-9552-a6d94f3cc9a1:192.168.157.195:41743], old=null, confs=<EMPTY_MAP>
2019-09-12 11:54:24,168 [pool-49-thread-1] INFO  server.RaftServerConfigKeys (ConfUtils.java:logGet(43)) - raft.server.storage.dir = [/workdir/hadoop-ozone/tools/target/test-dir/MiniOzoneClusterImpl-0461ad29-15f0-41be-8599-9d75adc7a6e0/datanode-2/data/ratis] (custom)
2019-09-12 11:54:24,168 [pool-49-thread-1] INFO  storage.RaftStorageDirectory (RaftStorageDirectory.java:analyzeStorage(246)) - The storage directory /workdir/hadoop-ozone/tools/target/test-dir/MiniOzoneClusterImpl-0461ad29-15f0-41be-8599-9d75adc7a6e0/datanode-2/data/ratis/4e11c58f-8a11-4878-9870-f944bc4067b9 does not exist. Creating ...
2019-09-12 11:54:24,182 [pool-49-thread-1] INFO  storage.RaftStorageDirectory (RaftStorageDirectory.java:tryLock(328)) - Lock on /workdir/hadoop-ozone/tools/target/test-dir/MiniOzoneClusterImpl-0461ad29-15f0-41be-8599-9d75adc7a6e0/datanode-2/data/ratis/4e11c58f-8a11-4878-9870-f944bc4067b9/in_use.lock acquired by nodename 18424@pr-hdds-1569-xtfnx-3545843844
2019-09-12 11:54:24,195 [pool-49-thread-1] INFO  storage.RaftStorage (RaftStorage.java:format(72)) - Storage directory /workdir/hadoop-ozone/tools/target/test-dir/MiniOzoneClusterImpl-0461ad29-15f0-41be-8599-9d75adc7a6e0/datanode-2/data/ratis/4e11c58f-8a11-4878-9870-f944bc4067b9 has been successfully formatted.
2019-09-12 11:54:24,195 [pool-49-thread-1] INFO  ratis.ContainerStateMachine (ContainerStateMachine.java:loadSnapshot(226)) - group-F944BC4067B9: The snapshot info is null. Setting the last applied indexto:(t:0, i:~)
2019-09-12 11:54:24,196 [pool-49-thread-1] INFO  server.RaftServerConfigKeys (ConfUtils.java:logGet(43)) - raft.server.leader.election.timeout = 120s (custom)
2019-09-12 11:54:24,196 [pool-49-thread-1] INFO  server.RaftServerConfigKeys (ConfUtils.java:logGet(43)) - raft.server.log.use.memory = false (default)
2019-09-12 11:54:24,196 [pool-49-thread-1] INFO  server.RaftServerConfigKeys (ConfUtils.java:logGet(43)) - raft.server.log.purge.gap = 1000000 (custom)
2019-09-12 11:54:24,196 [pool-49-thread-1] INFO  server.RaftServerConfigKeys (ConfUtils.java:logGet(43)) - raft.server.log.appender.buffer.byte-limit = 33554432 (custom)
2019-09-12 11:54:24,196 [pool-49-thread-1] INFO  server.RaftServerConfigKeys (ConfUtils.java:logGet(43)) - raft.server.log.segment.size.max = 1048576 (custom)
2019-09-12 11:54:24,196 [pool-49-thread-1] INFO  server.RaftServerConfigKeys (ConfUtils.java:logGet(43)) - raft.server.log.segment.cache.num.max = 2 (custom)
2019-09-12 11:54:24,197 [pool-49-thread-1] INFO  segmented.SegmentedRaftLogWorker (SegmentedRaftLogWorker.java:<init>(172)) - new 74e5f15b-89e9-4724-9552-a6d94f3cc9a1-SegmentedRaftLogWorker:Storage Directory /workdir/hadoop-ozone/tools/target/test-dir/MiniOzoneClusterImpl-0461ad29-15f0-41be-8599-9d75adc7a6e0/datanode-2/data/ratis/4e11c58f-8a11-4878-9870-f944bc4067b9 for RaftStorage:Storage Directory /workdir/hadoop-ozone/tools/target/test-dir/MiniOzoneClusterImpl-0461ad29-15f0-41be-8599-9d75adc7a6e0/datanode-2/data/ratis/4e11c58f-8a11-4878-9870-f944bc4067b9
2019-09-12 11:54:24,197 [pool-49-thread-1] INFO  server.RaftServerConfigKeys (ConfUtils.java:logGet(43)) - raft.server.log.queue.byte-limit = 2147483647 (custom)
2019-09-12 11:54:24,197 [pool-49-thread-1] INFO  server.RaftServerConfigKeys (ConfUtils.java:logGet(43)) - raft.server.log.queue.element-limit = 1024 (custom)
2019-09-12 11:54:24,197 [pool-49-thread-1] INFO  server.RaftServerConfigKeys (ConfUtils.java:logGet(43)) - raft.server.log.segment.size.max = 1048576 (custom)
2019-09-12 11:54:24,197 [pool-49-thread-1] INFO  server.RaftServerConfigKeys (ConfUtils.java:logGet(43)) - raft.server.log.preallocated.size = 16384 (custom)
2019-09-12 11:54:24,197 [pool-49-thread-1] INFO  server.RaftServerConfigKeys (ConfUtils.java:logGet(43)) - raft.server.log.write.buffer.size = 33554432 (custom)
2019-09-12 11:54:24,198 [pool-49-thread-1] INFO  server.RaftServerConfigKeys (ConfUtils.java:logGet(43)) - raft.server.log.force.sync.num = 128 (default)
2019-09-12 11:54:24,198 [pool-49-thread-1] INFO  server.RaftServerConfigKeys (ConfUtils.java:logGet(43)) - raft.server.log.statemachine.data.sync = true (default)
2019-09-12 11:54:24,198 [pool-49-thread-1] INFO  server.RaftServerConfigKeys (ConfUtils.java:logGet(43)) - raft.server.log.statemachine.data.sync.timeout = 10s (default)
2019-09-12 11:54:24,198 [pool-49-thread-1] INFO  server.RaftServerConfigKeys (ConfUtils.java:logGet(43)) - raft.server.log.statemachine.data.sync.timeout.retry = -1 (default)
2019-09-12 11:54:24,198 [pool-49-thread-1] INFO  server.RaftServerConfigKeys (ConfUtils.java:logGet(43)) - raft.server.log.statemachine.data.caching.enabled = true (custom)
2019-09-12 11:54:24,199 [pool-49-thread-1] INFO  segmented.SegmentedRaftLogWorker (SegmentedRaftLogWorker.java:lambda$new$0(132)) - 74e5f15b-89e9-4724-9552-a6d94f3cc9a1-SegmentedRaftLogWorker:Storage Directory /workdir/hadoop-ozone/tools/target/test-dir/MiniOzoneClusterImpl-0461ad29-15f0-41be-8599-9d75adc7a6e0/datanode-2/data/ratis/4e11c58f-8a11-4878-9870-f944bc4067b9: flushIndex: setUnconditionally 0 -> -1
2019-09-12 11:54:24,199 [pool-49-thread-1] INFO  server.RaftServerConfigKeys (ConfUtils.java:logGet(43)) - raft.server.snapshot.auto.trigger.enabled = true (custom)
2019-09-12 11:54:24,199 [pool-49-thread-1] INFO  server.RaftServerConfigKeys (ConfUtils.java:logGet(43)) - raft.server.snapshot.auto.trigger.threshold = 10000 (custom)
2019-09-12 11:54:24,199 [main] INFO  freon.RandomKeyGenerator (RandomKeyGenerator.java:call(275)) - Number of Threads: 10
2019-09-12 11:54:24,201 [pool-49-thread-1] INFO  server.RaftServerConfigKeys (ConfUtils.java:logGet(43)) - raft.server.retrycache.expirytime = 600000ms (custom)
2019-09-12 11:54:24,201 [pool-49-thread-1] INFO  impl.RaftServerImpl (RaftServerImpl.java:start(180)) - 74e5f15b-89e9-4724-9552-a6d94f3cc9a1: start group-F944BC4067B9
2019-09-12 11:54:24,201 [pool-49-thread-1] INFO  impl.RaftServerImpl (RaftServerImpl.java:setRole(171)) - 74e5f15b-89e9-4724-9552-a6d94f3cc9a1:group-F944BC4067B9 changes role from null to FOLLOWER at term 0 for startAsFollower
2019-09-12 11:54:24,201 [main] INFO  freon.RandomKeyGenerator (RandomKeyGenerator.java:call(280)) - Number of Volumes: 1.
2019-09-12 11:54:24,201 [pool-49-thread-1] INFO  impl.RoleInfo (RoleInfo.java:updateAndGet(143)) - 74e5f15b-89e9-4724-9552-a6d94f3cc9a1: start FollowerState
2019-09-12 11:54:24,201 [main] INFO  freon.RandomKeyGenerator (RandomKeyGenerator.java:call(281)) - Number of Buckets per Volume: 1.
2019-09-12 11:54:24,202 [main] INFO  freon.RandomKeyGenerator (RandomKeyGenerator.java:call(282)) - Number of Keys per Bucket: 1.
2019-09-12 11:54:24,202 [main] INFO  freon.RandomKeyGenerator (RandomKeyGenerator.java:call(283)) - Key size: 20971520 bytes
2019-09-12 11:54:24,202 [pool-49-thread-1] INFO  util.JmxRegister (JmxRegister.java:tryRegister(44)) - Successfully registered JMX Bean with object name Ratis:service=RaftServer,group=group-F944BC4067B9,id=74e5f15b-89e9-4724-9552-a6d94f3cc9a1
2019-09-12 11:54:24,202 [main] INFO  freon.RandomKeyGenerator (RandomKeyGenerator.java:call(284)) - Buffer size: 4096 bytes
2019-09-12 11:54:24,208 [main] INFO  freon.RandomKeyGenerator (RandomKeyGenerator.java:call(298)) - Data validation is enabled.
2019-09-12 11:54:24,210 [RatisPipelineUtilsThread] INFO  pipeline.PipelineStateManager (PipelineStateManager.java:addPipeline(56)) - Created pipeline Pipeline[ Id: 4e11c58f-8a11-4878-9870-f944bc4067b9, Nodes: 74e5f15b-89e9-4724-9552-a6d94f3cc9a1{ip: 192.168.157.195, host: pr-hdds-1569-xtfnx-3545843844, networkLocation: /default-rack, certSerialId: null}, Type:RATIS, Factor:ONE, State:OPEN]
2019-09-12 11:54:24,210 [main] INFO  freon.RandomKeyGenerator (RandomKeyGenerator.java:call(304)) - Starting progress bar Thread.

 0.00% |█                                                                                                    |  0/1 Time: 0:00:002019-09-12 11:54:24,220 [grpc-default-executor-0] INFO  impl.RaftServerProxy (RaftServerProxy.java:addNew(89)) - 838719cc-490b-4c03-a095-19a61aedb9ec: addNew group-C5CF7B47FCDA:[838719cc-490b-4c03-a095-19a61aedb9ec:192.168.157.195:35393] returns group-C5CF7B47FCDA:java.util.concurrent.CompletableFuture@3443d23d[Not completed]
2019-09-12 11:54:24,221 [pool-27-thread-1] INFO  impl.RaftServerImpl (RaftServerImpl.java:<init>(93)) - 838719cc-490b-4c03-a095-19a61aedb9ec: new RaftServerImpl for group-C5CF7B47FCDA:[838719cc-490b-4c03-a095-19a61aedb9ec:192.168.157.195:35393] with ContainerStateMachine:uninitialized
2019-09-12 11:54:24,222 [pool-27-thread-1] INFO  server.RaftServerConfigKeys (ConfUtils.java:logGet(43)) - raft.server.rpc.timeout.min = 5s (custom)
2019-09-12 11:54:24,222 [pool-27-thread-1] INFO  server.RaftServerConfigKeys (ConfUtils.java:logGet(43)) - raft.server.rpc.timeout.max = 5200ms (custom)
2019-09-12 11:54:24,222 [pool-27-thread-1] INFO  server.RaftServerConfigKeys (ConfUtils.java:logGet(43)) - raft.server.rpcslowness.timeout = 120s (custom)
2019-09-12 11:54:24,222 [pool-27-thread-1] INFO  server.RaftServerConfigKeys (ConfUtils.java:logGet(43)) - raft.server.sleep.deviation.threshold = 300 (default)
2019-09-12 11:54:24,222 [pool-27-thread-1] INFO  server.RaftServerConfigKeys (ConfUtils.java:logGet(43)) - raft.server.log.appender.install.snapshot.enabled = false (custom)
2019-09-12 11:54:24,222 [pool-27-thread-1] INFO  impl.RaftServerImpl (ServerState.java:<init>(105)) - 838719cc-490b-4c03-a095-19a61aedb9ec:group-C5CF7B47FCDA ConfigurationManager, init=-1: [838719cc-490b-4c03-a095-19a61aedb9ec:192.168.157.195:35393], old=null, confs=<EMPTY_MAP>
2019-09-12 11:54:24,223 [pool-27-thread-1] INFO  server.RaftServerConfigKeys (ConfUtils.java:logGet(43)) - raft.server.storage.dir = [/workdir/hadoop-ozone/tools/target/test-dir/MiniOzoneClusterImpl-0461ad29-15f0-41be-8599-9d75adc7a6e0/datanode-0/data/ratis] (custom)
2019-09-12 11:54:24,223 [pool-27-thread-1] INFO  storage.RaftStorageDirectory (RaftStorageDirectory.java:analyzeStorage(246)) - The storage directory /workdir/hadoop-ozone/tools/target/test-dir/MiniOzoneClusterImpl-0461ad29-15f0-41be-8599-9d75adc7a6e0/datanode-0/data/ratis/70fc3358-016e-4fa5-af7e-c5cf7b47fcda does not exist. Creating ...
2019-09-12 11:54:24,235 [pool-27-thread-1] INFO  storage.RaftStorageDirectory (RaftStorageDirectory.java:tryLock(328)) - Lock on /workdir/hadoop-ozone/tools/target/test-dir/MiniOzoneClusterImpl-0461ad29-15f0-41be-8599-9d75adc7a6e0/datanode-0/data/ratis/70fc3358-016e-4fa5-af7e-c5cf7b47fcda/in_use.lock acquired by nodename 18424@pr-hdds-1569-xtfnx-3545843844
2019-09-12 11:54:24,235 [pool-56-thread-1] INFO  rpc.RpcClient (RpcClient.java:createVolume(293)) - Creating Volume: vol-0-62775, with jenkins1000 as owner.
2019-09-12 11:54:24,248 [pool-27-thread-1] INFO  storage.RaftStorage (RaftStorage.java:format(72)) - Storage directory /workdir/hadoop-ozone/tools/target/test-dir/MiniOzoneClusterImpl-0461ad29-15f0-41be-8599-9d75adc7a6e0/datanode-0/data/ratis/70fc3358-016e-4fa5-af7e-c5cf7b47fcda has been successfully formatted.
2019-09-12 11:54:24,248 [pool-27-thread-1] INFO  ratis.ContainerStateMachine (ContainerStateMachine.java:loadSnapshot(226)) - group-C5CF7B47FCDA: The snapshot info is null. Setting the last applied indexto:(t:0, i:~)
2019-09-12 11:54:24,249 [pool-27-thread-1] INFO  server.RaftServerConfigKeys (ConfUtils.java:logGet(43)) - raft.server.leader.election.timeout = 120s (custom)
2019-09-12 11:54:24,249 [pool-27-thread-1] INFO  server.RaftServerConfigKeys (ConfUtils.java:logGet(43)) - raft.server.log.use.memory = false (default)
2019-09-12 11:54:24,249 [pool-27-thread-1] INFO  server.RaftServerConfigKeys (ConfUtils.java:logGet(43)) - raft.server.log.purge.gap = 1000000 (custom)
2019-09-12 11:54:24,249 [pool-27-thread-1] INFO  server.RaftServerConfigKeys (ConfUtils.java:logGet(43)) - raft.server.log.appender.buffer.byte-limit = 33554432 (custom)
2019-09-12 11:54:24,249 [pool-27-thread-1] INFO  server.RaftServerConfigKeys (ConfUtils.java:logGet(43)) - raft.server.log.segment.size.max = 1048576 (custom)
2019-09-12 11:54:24,249 [pool-27-thread-1] INFO  server.RaftServerConfigKeys (ConfUtils.java:logGet(43)) - raft.server.log.segment.cache.num.max = 2 (custom)
2019-09-12 11:54:24,249 [pool-27-thread-1] INFO  segmented.SegmentedRaftLogWorker (SegmentedRaftLogWorker.java:<init>(172)) - new 838719cc-490b-4c03-a095-19a61aedb9ec-SegmentedRaftLogWorker:Storage Directory /workdir/hadoop-ozone/tools/target/test-dir/MiniOzoneClusterImpl-0461ad29-15f0-41be-8599-9d75adc7a6e0/datanode-0/data/ratis/70fc3358-016e-4fa5-af7e-c5cf7b47fcda for RaftStorage:Storage Directory /workdir/hadoop-ozone/tools/target/test-dir/MiniOzoneClusterImpl-0461ad29-15f0-41be-8599-9d75adc7a6e0/datanode-0/data/ratis/70fc3358-016e-4fa5-af7e-c5cf7b47fcda
2019-09-12 11:54:24,250 [pool-27-thread-1] INFO  server.RaftServerConfigKeys (ConfUtils.java:logGet(43)) - raft.server.log.queue.byte-limit = 2147483647 (custom)
2019-09-12 11:54:24,250 [pool-27-thread-1] INFO  server.RaftServerConfigKeys (ConfUtils.java:logGet(43)) - raft.server.log.queue.element-limit = 1024 (custom)
2019-09-12 11:54:24,250 [pool-27-thread-1] INFO  server.RaftServerConfigKeys (ConfUtils.java:logGet(43)) - raft.server.log.segment.size.max = 1048576 (custom)
2019-09-12 11:54:24,250 [pool-27-thread-1] INFO  server.RaftServerConfigKeys (ConfUtils.java:logGet(43)) - raft.server.log.preallocated.size = 16384 (custom)
2019-09-12 11:54:24,250 [pool-27-thread-1] INFO  server.RaftServerConfigKeys (ConfUtils.java:logGet(43)) - raft.server.log.write.buffer.size = 33554432 (custom)
2019-09-12 11:54:24,250 [pool-27-thread-1] INFO  server.RaftServerConfigKeys (ConfUtils.java:logGet(43)) - raft.server.log.force.sync.num = 128 (default)
2019-09-12 11:54:24,250 [pool-27-thread-1] INFO  server.RaftServerConfigKeys (ConfUtils.java:logGet(43)) - raft.server.log.statemachine.data.sync = true (default)
2019-09-12 11:54:24,250 [pool-27-thread-1] INFO  server.RaftServerConfigKeys (ConfUtils.java:logGet(43)) - raft.server.log.statemachine.data.sync.timeout = 10s (default)
2019-09-12 11:54:24,251 [pool-27-thread-1] INFO  server.RaftServerConfigKeys (ConfUtils.java:logGet(43)) - raft.server.log.statemachine.data.sync.timeout.retry = -1 (default)
2019-09-12 11:54:24,251 [pool-27-thread-1] INFO  server.RaftServerConfigKeys (ConfUtils.java:logGet(43)) - raft.server.log.statemachine.data.caching.enabled = true (custom)
2019-09-12 11:54:24,251 [pool-27-thread-1] INFO  segmented.SegmentedRaftLogWorker (SegmentedRaftLogWorker.java:lambda$new$0(132)) - 838719cc-490b-4c03-a095-19a61aedb9ec-SegmentedRaftLogWorker:Storage Directory /workdir/hadoop-ozone/tools/target/test-dir/MiniOzoneClusterImpl-0461ad29-15f0-41be-8599-9d75adc7a6e0/datanode-0/data/ratis/70fc3358-016e-4fa5-af7e-c5cf7b47fcda: flushIndex: setUnconditionally 0 -> -1
2019-09-12 11:54:24,251 [pool-27-thread-1] INFO  server.RaftServerConfigKeys (ConfUtils.java:logGet(43)) - raft.server.snapshot.auto.trigger.enabled = true (custom)
2019-09-12 11:54:24,252 [pool-27-thread-1] INFO  server.RaftServerConfigKeys (ConfUtils.java:logGet(43)) - raft.server.snapshot.auto.trigger.threshold = 10000 (custom)
2019-09-12 11:54:24,252 [pool-27-thread-1] INFO  server.RaftServerConfigKeys (ConfUtils.java:logGet(43)) - raft.server.retrycache.expirytime = 600000ms (custom)
2019-09-12 11:54:24,252 [pool-27-thread-1] INFO  impl.RaftServerImpl (RaftServerImpl.java:start(180)) - 838719cc-490b-4c03-a095-19a61aedb9ec: start group-C5CF7B47FCDA
2019-09-12 11:54:24,252 [pool-27-thread-1] INFO  impl.RaftServerImpl (RaftServerImpl.java:setRole(171)) - 838719cc-490b-4c03-a095-19a61aedb9ec:group-C5CF7B47FCDA changes role from null to FOLLOWER at term 0 for startAsFollower
2019-09-12 11:54:24,252 [pool-27-thread-1] INFO  impl.RoleInfo (RoleInfo.java:updateAndGet(143)) - 838719cc-490b-4c03-a095-19a61aedb9ec: start FollowerState
2019-09-12 11:54:24,253 [pool-27-thread-1] INFO  util.JmxRegister (JmxRegister.java:tryRegister(44)) - Successfully registered JMX Bean with object name Ratis:service=RaftServer,group=group-C5CF7B47FCDA,id=838719cc-490b-4c03-a095-19a61aedb9ec
2019-09-12 11:54:24,262 [RatisPipelineUtilsThread] INFO  pipeline.PipelineStateManager (PipelineStateManager.java:addPipeline(56)) - Created pipeline Pipeline[ Id: 70fc3358-016e-4fa5-af7e-c5cf7b47fcda, Nodes: 838719cc-490b-4c03-a095-19a61aedb9ec{ip: 192.168.157.195, host: pr-hdds-1569-xtfnx-3545843844, networkLocation: /default-rack, certSerialId: null}, Type:RATIS, Factor:ONE, State:OPEN]
2019-09-12 11:54:24,262 | INFO  | SCMAudit | user=jenkins1000 | ip=192.168.157.195 | op=SEND_HEARTBEAT {datanodeUUID=838719cc-490b-4c03-a095-19a61aedb9ec, command=[]} | ret=SUCCESS |  
2019-09-12 11:54:24,264 [RatisPipelineUtilsThread] ERROR pipeline.PipelinePlacementPolicy (PipelinePlacementPolicy.java:meetCriteria(91)) - Pipeline Placement: Doesn't meet the criteria to be viable node. Heaviness: 6
2019-09-12 11:54:24,276 [grpc-default-executor-0] INFO  impl.RaftServerProxy (RaftServerProxy.java:addNew(89)) - 6b6db90b-d3a1-49d5-955a-ba6cd0451323: addNew group-91A382AEDB94:[6b6db90b-d3a1-49d5-955a-ba6cd0451323:192.168.157.195:39461] returns group-91A382AEDB94:java.util.concurrent.CompletableFuture@940c7d8[Not completed]
2019-09-12 11:54:24,278 [pool-38-thread-1] INFO  impl.RaftServerImpl (RaftServerImpl.java:<init>(93)) - 6b6db90b-d3a1-49d5-955a-ba6cd0451323: new RaftServerImpl for group-91A382AEDB94:[6b6db90b-d3a1-49d5-955a-ba6cd0451323:192.168.157.195:39461] with ContainerStateMachine:uninitialized
2019-09-12 11:54:24,278 [pool-38-thread-1] INFO  server.RaftServerConfigKeys (ConfUtils.java:logGet(43)) - raft.server.rpc.timeout.min = 5s (custom)
2019-09-12 11:54:24,279 [pool-38-thread-1] INFO  server.RaftServerConfigKeys (ConfUtils.java:logGet(43)) - raft.server.rpc.timeout.max = 5200ms (custom)
2019-09-12 11:54:24,279 [pool-38-thread-1] INFO  server.RaftServerConfigKeys (ConfUtils.java:logGet(43)) - raft.server.rpcslowness.timeout = 120s (custom)
2019-09-12 11:54:24,279 [pool-38-thread-1] INFO  server.RaftServerConfigKeys (ConfUtils.java:logGet(43)) - raft.server.sleep.deviation.threshold = 300 (default)
2019-09-12 11:54:24,279 [pool-38-thread-1] INFO  server.RaftServerConfigKeys (ConfUtils.java:logGet(43)) - raft.server.log.appender.install.snapshot.enabled = false (custom)
2019-09-12 11:54:24,279 [pool-38-thread-1] INFO  impl.RaftServerImpl (ServerState.java:<init>(105)) - 6b6db90b-d3a1-49d5-955a-ba6cd0451323:group-91A382AEDB94 ConfigurationManager, init=-1: [6b6db90b-d3a1-49d5-955a-ba6cd0451323:192.168.157.195:39461], old=null, confs=<EMPTY_MAP>
2019-09-12 11:54:24,277 | INFO  | OMAudit | user=jenkins1000 | ip=127.0.0.1 | op=CREATE_VOLUME {admin=jenkins1000, owner=jenkins1000, volume=vol-0-62775, creationTime=1568289264271, quotaInBytes=1152921504606846976} | ret=SUCCESS |  
2019-09-12 11:54:24,280 [pool-38-thread-1] INFO  server.RaftServerConfigKeys (ConfUtils.java:logGet(43)) - raft.server.storage.dir = [/workdir/hadoop-ozone/tools/target/test-dir/MiniOzoneClusterImpl-0461ad29-15f0-41be-8599-9d75adc7a6e0/datanode-1/data/ratis] (custom)
2019-09-12 11:54:24,280 [pool-38-thread-1] INFO  storage.RaftStorageDirectory (RaftStorageDirectory.java:analyzeStorage(246)) - The storage directory /workdir/hadoop-ozone/tools/target/test-dir/MiniOzoneClusterImpl-0461ad29-15f0-41be-8599-9d75adc7a6e0/datanode-1/data/ratis/10189217-e921-4c43-947e-91a382aedb94 does not exist. Creating ...
2019-09-12 11:54:24,290 | INFO  | OMAudit | user=jenkins1000 | ip=127.0.0.1 | op=READ_VOLUME {volume=vol-0-62775} | ret=SUCCESS |  
2019-09-12 11:54:24,293 [pool-38-thread-1] INFO  storage.RaftStorageDirectory (RaftStorageDirectory.java:tryLock(328)) - Lock on /workdir/hadoop-ozone/tools/target/test-dir/MiniOzoneClusterImpl-0461ad29-15f0-41be-8599-9d75adc7a6e0/datanode-1/data/ratis/10189217-e921-4c43-947e-91a382aedb94/in_use.lock acquired by nodename 18424@pr-hdds-1569-xtfnx-3545843844
2019-09-12 11:54:24,307 [pool-56-thread-2] INFO  rpc.RpcClient (RpcClient.java:createBucket(432)) - Creating Bucket: vol-0-62775/bucket-0-53600, with Versioning false and Storage Type set to DISK and Encryption set to false 
2019-09-12 11:54:24,312 [pool-38-thread-1] INFO  storage.RaftStorage (RaftStorage.java:format(72)) - Storage directory /workdir/hadoop-ozone/tools/target/test-dir/MiniOzoneClusterImpl-0461ad29-15f0-41be-8599-9d75adc7a6e0/datanode-1/data/ratis/10189217-e921-4c43-947e-91a382aedb94 has been successfully formatted.
2019-09-12 11:54:24,312 [pool-38-thread-1] INFO  ratis.ContainerStateMachine (ContainerStateMachine.java:loadSnapshot(226)) - group-91A382AEDB94: The snapshot info is null. Setting the last applied indexto:(t:0, i:~)
2019-09-12 11:54:24,312 [pool-38-thread-1] INFO  server.RaftServerConfigKeys (ConfUtils.java:logGet(43)) - raft.server.leader.election.timeout = 120s (custom)
2019-09-12 11:54:24,312 [pool-38-thread-1] INFO  server.RaftServerConfigKeys (ConfUtils.java:logGet(43)) - raft.server.log.use.memory = false (default)
2019-09-12 11:54:24,313 [pool-38-thread-1] INFO  server.RaftServerConfigKeys (ConfUtils.java:logGet(43)) - raft.server.log.purge.gap = 1000000 (custom)
2019-09-12 11:54:24,313 [pool-38-thread-1] INFO  server.RaftServerConfigKeys (ConfUtils.java:logGet(43)) - raft.server.log.appender.buffer.byte-limit = 33554432 (custom)
2019-09-12 11:54:24,313 [pool-38-thread-1] INFO  server.RaftServerConfigKeys (ConfUtils.java:logGet(43)) - raft.server.log.segment.size.max = 1048576 (custom)
2019-09-12 11:54:24,313 [pool-38-thread-1] INFO  server.RaftServerConfigKeys (ConfUtils.java:logGet(43)) - raft.server.log.segment.cache.num.max = 2 (custom)
2019-09-12 11:54:24,313 [pool-38-thread-1] INFO  segmented.SegmentedRaftLogWorker (SegmentedRaftLogWorker.java:<init>(172)) - new 6b6db90b-d3a1-49d5-955a-ba6cd0451323-SegmentedRaftLogWorker:Storage Directory /workdir/hadoop-ozone/tools/target/test-dir/MiniOzoneClusterImpl-0461ad29-15f0-41be-8599-9d75adc7a6e0/datanode-1/data/ratis/10189217-e921-4c43-947e-91a382aedb94 for RaftStorage:Storage Directory /workdir/hadoop-ozone/tools/target/test-dir/MiniOzoneClusterImpl-0461ad29-15f0-41be-8599-9d75adc7a6e0/datanode-1/data/ratis/10189217-e921-4c43-947e-91a382aedb94
2019-09-12 11:54:24,313 [pool-38-thread-1] INFO  server.RaftServerConfigKeys (ConfUtils.java:logGet(43)) - raft.server.log.queue.byte-limit = 2147483647 (custom)
2019-09-12 11:54:24,314 [pool-38-thread-1] INFO  server.RaftServerConfigKeys (ConfUtils.java:logGet(43)) - raft.server.log.queue.element-limit = 1024 (custom)
2019-09-12 11:54:24,314 [pool-38-thread-1] INFO  server.RaftServerConfigKeys (ConfUtils.java:logGet(43)) - raft.server.log.segment.size.max = 1048576 (custom)
2019-09-12 11:54:24,314 [pool-38-thread-1] INFO  server.RaftServerConfigKeys (ConfUtils.java:logGet(43)) - raft.server.log.preallocated.size = 16384 (custom)
2019-09-12 11:54:24,314 [pool-38-thread-1] INFO  server.RaftServerConfigKeys (ConfUtils.java:logGet(43)) - raft.server.log.write.buffer.size = 33554432 (custom)
2019-09-12 11:54:24,315 [pool-38-thread-1] INFO  server.RaftServerConfigKeys (ConfUtils.java:logGet(43)) - raft.server.log.force.sync.num = 128 (default)
2019-09-12 11:54:24,316 [pool-38-thread-1] INFO  server.RaftServerConfigKeys (ConfUtils.java:logGet(43)) - raft.server.log.statemachine.data.sync = true (default)
2019-09-12 11:54:24,316 [pool-38-thread-1] INFO  server.RaftServerConfigKeys (ConfUtils.java:logGet(43)) - raft.server.log.statemachine.data.sync.timeout = 10s (default)
2019-09-12 11:54:24,316 [pool-38-thread-1] INFO  server.RaftServerConfigKeys (ConfUtils.java:logGet(43)) - raft.server.log.statemachine.data.sync.timeout.retry = -1 (default)
2019-09-12 11:54:24,316 [pool-38-thread-1] INFO  server.RaftServerConfigKeys (ConfUtils.java:logGet(43)) - raft.server.log.statemachine.data.caching.enabled = true (custom)
2019-09-12 11:54:24,317 [pool-38-thread-1] INFO  segmented.SegmentedRaftLogWorker (SegmentedRaftLogWorker.java:lambda$new$0(132)) - 6b6db90b-d3a1-49d5-955a-ba6cd0451323-SegmentedRaftLogWorker:Storage Directory /workdir/hadoop-ozone/tools/target/test-dir/MiniOzoneClusterImpl-0461ad29-15f0-41be-8599-9d75adc7a6e0/datanode-1/data/ratis/10189217-e921-4c43-947e-91a382aedb94: flushIndex: setUnconditionally 0 -> -1
2019-09-12 11:54:24,317 [pool-38-thread-1] INFO  server.RaftServerConfigKeys (ConfUtils.java:logGet(43)) - raft.server.snapshot.auto.trigger.enabled = true (custom)
2019-09-12 11:54:24,317 [pool-38-thread-1] INFO  server.RaftServerConfigKeys (ConfUtils.java:logGet(43)) - raft.server.snapshot.auto.trigger.threshold = 10000 (custom)
2019-09-12 11:54:24,318 [pool-38-thread-1] INFO  server.RaftServerConfigKeys (ConfUtils.java:logGet(43)) - raft.server.retrycache.expirytime = 600000ms (custom)
2019-09-12 11:54:24,318 [pool-38-thread-1] INFO  impl.RaftServerImpl (RaftServerImpl.java:start(180)) - 6b6db90b-d3a1-49d5-955a-ba6cd0451323: start group-91A382AEDB94
2019-09-12 11:54:24,318 [pool-38-thread-1] INFO  impl.RaftServerImpl (RaftServerImpl.java:setRole(171)) - 6b6db90b-d3a1-49d5-955a-ba6cd0451323:group-91A382AEDB94 changes role from null to FOLLOWER at term 0 for startAsFollower
2019-09-12 11:54:24,318 [pool-38-thread-1] INFO  impl.RoleInfo (RoleInfo.java:updateAndGet(143)) - 6b6db90b-d3a1-49d5-955a-ba6cd0451323: start FollowerState
2019-09-12 11:54:24,319 [pool-38-thread-1] INFO  util.JmxRegister (JmxRegister.java:tryRegister(44)) - Successfully registered JMX Bean with object name Ratis:service=RaftServer,group=group-91A382AEDB94,id=6b6db90b-d3a1-49d5-955a-ba6cd0451323
2019-09-12 11:54:24,325 [RatisPipelineUtilsThread] INFO  pipeline.PipelineStateManager (PipelineStateManager.java:addPipeline(56)) - Created pipeline Pipeline[ Id: 10189217-e921-4c43-947e-91a382aedb94, Nodes: 6b6db90b-d3a1-49d5-955a-ba6cd0451323{ip: 192.168.157.195, host: pr-hdds-1569-xtfnx-3545843844, networkLocation: /default-rack, certSerialId: null}, Type:RATIS, Factor:ONE, State:OPEN]
2019-09-12 11:54:24,326 [RatisPipelineUtilsThread] ERROR pipeline.PipelinePlacementPolicy (PipelinePlacementPolicy.java:meetCriteria(91)) - Pipeline Placement: Doesn't meet the criteria to be viable node. Heaviness: 6
2019-09-12 11:54:24,332 | INFO  | OMAudit | user=jenkins1000 | ip=127.0.0.1 | op=CREATE_BUCKET {volume=vol-0-62775, bucket=bucket-0-53600, acls=[user:jenkins1000:a[ACCESS], group:default:a[ACCESS]], isVersionEnabled=false, storageType=DISK, creationTime=0} | ret=SUCCESS |  
2019-09-12 11:54:24,341 | INFO  | OMAudit | user=jenkins1000 | ip=127.0.0.1 | op=READ_BUCKET {volume=vol-0-62775, bucket=bucket-0-53600} | ret=SUCCESS |  
2019-09-12 11:54:24,341 [grpc-default-executor-0] INFO  impl.RaftServerProxy (RaftServerProxy.java:addNew(89)) - 74e5f15b-89e9-4724-9552-a6d94f3cc9a1: addNew group-EAC92A4739A0:[74e5f15b-89e9-4724-9552-a6d94f3cc9a1:192.168.157.195:41743] returns group-EAC92A4739A0:java.util.concurrent.CompletableFuture@2e719308[Not completed]
2019-09-12 11:54:24,343 [pool-49-thread-1] INFO  impl.RaftServerImpl (RaftServerImpl.java:<init>(93)) - 74e5f15b-89e9-4724-9552-a6d94f3cc9a1: new RaftServerImpl for group-EAC92A4739A0:[74e5f15b-89e9-4724-9552-a6d94f3cc9a1:192.168.157.195:41743] with ContainerStateMachine:uninitialized
2019-09-12 11:54:24,343 [pool-49-thread-1] INFO  server.RaftServerConfigKeys (ConfUtils.java:logGet(43)) - raft.server.rpc.timeout.min = 5s (custom)
2019-09-12 11:54:24,344 [pool-49-thread-1] INFO  server.RaftServerConfigKeys (ConfUtils.java:logGet(43)) - raft.server.rpc.timeout.max = 5200ms (custom)
2019-09-12 11:54:24,344 [pool-49-thread-1] INFO  server.RaftServerConfigKeys (ConfUtils.java:logGet(43)) - raft.server.rpcslowness.timeout = 120s (custom)
2019-09-12 11:54:24,344 [pool-49-thread-1] INFO  server.RaftServerConfigKeys (ConfUtils.java:logGet(43)) - raft.server.sleep.deviation.threshold = 300 (default)
2019-09-12 11:54:24,344 [pool-49-thread-1] INFO  server.RaftServerConfigKeys (ConfUtils.java:logGet(43)) - raft.server.log.appender.install.snapshot.enabled = false (custom)
2019-09-12 11:54:24,344 [pool-49-thread-1] INFO  impl.RaftServerImpl (ServerState.java:<init>(105)) - 74e5f15b-89e9-4724-9552-a6d94f3cc9a1:group-EAC92A4739A0 ConfigurationManager, init=-1: [74e5f15b-89e9-4724-9552-a6d94f3cc9a1:192.168.157.195:41743], old=null, confs=<EMPTY_MAP>
2019-09-12 11:54:24,344 [pool-49-thread-1] INFO  server.RaftServerConfigKeys (ConfUtils.java:logGet(43)) - raft.server.storage.dir = [/workdir/hadoop-ozone/tools/target/test-dir/MiniOzoneClusterImpl-0461ad29-15f0-41be-8599-9d75adc7a6e0/datanode-2/data/ratis] (custom)
2019-09-12 11:54:24,345 [pool-49-thread-1] INFO  storage.RaftStorageDirectory (RaftStorageDirectory.java:analyzeStorage(246)) - The storage directory /workdir/hadoop-ozone/tools/target/test-dir/MiniOzoneClusterImpl-0461ad29-15f0-41be-8599-9d75adc7a6e0/datanode-2/data/ratis/d2f0b214-4b8e-460c-abdc-eac92a4739a0 does not exist. Creating ...
2019-09-12 11:54:24,358 [pool-49-thread-1] INFO  storage.RaftStorageDirectory (RaftStorageDirectory.java:tryLock(328)) - Lock on /workdir/hadoop-ozone/tools/target/test-dir/MiniOzoneClusterImpl-0461ad29-15f0-41be-8599-9d75adc7a6e0/datanode-2/data/ratis/d2f0b214-4b8e-460c-abdc-eac92a4739a0/in_use.lock acquired by nodename 18424@pr-hdds-1569-xtfnx-3545843844
2019-09-12 11:54:24,371 [pool-49-thread-1] INFO  storage.RaftStorage (RaftStorage.java:format(72)) - Storage directory /workdir/hadoop-ozone/tools/target/test-dir/MiniOzoneClusterImpl-0461ad29-15f0-41be-8599-9d75adc7a6e0/datanode-2/data/ratis/d2f0b214-4b8e-460c-abdc-eac92a4739a0 has been successfully formatted.
2019-09-12 11:54:24,372 [pool-49-thread-1] INFO  ratis.ContainerStateMachine (ContainerStateMachine.java:loadSnapshot(226)) - group-EAC92A4739A0: The snapshot info is null. Setting the last applied indexto:(t:0, i:~)
2019-09-12 11:54:24,372 [pool-49-thread-1] INFO  server.RaftServerConfigKeys (ConfUtils.java:logGet(43)) - raft.server.leader.election.timeout = 120s (custom)
2019-09-12 11:54:24,372 [pool-49-thread-1] INFO  server.RaftServerConfigKeys (ConfUtils.java:logGet(43)) - raft.server.log.use.memory = false (default)
2019-09-12 11:54:24,372 [pool-49-thread-1] INFO  server.RaftServerConfigKeys (ConfUtils.java:logGet(43)) - raft.server.log.purge.gap = 1000000 (custom)
2019-09-12 11:54:24,373 [pool-49-thread-1] INFO  server.RaftServerConfigKeys (ConfUtils.java:logGet(43)) - raft.server.log.appender.buffer.byte-limit = 33554432 (custom)
2019-09-12 11:54:24,373 [pool-49-thread-1] INFO  server.RaftServerConfigKeys (ConfUtils.java:logGet(43)) - raft.server.log.segment.size.max = 1048576 (custom)
2019-09-12 11:54:24,373 [pool-49-thread-1] INFO  server.RaftServerConfigKeys (ConfUtils.java:logGet(43)) - raft.server.log.segment.cache.num.max = 2 (custom)
2019-09-12 11:54:24,373 [pool-49-thread-1] INFO  segmented.SegmentedRaftLogWorker (SegmentedRaftLogWorker.java:<init>(172)) - new 74e5f15b-89e9-4724-9552-a6d94f3cc9a1-SegmentedRaftLogWorker:Storage Directory /workdir/hadoop-ozone/tools/target/test-dir/MiniOzoneClusterImpl-0461ad29-15f0-41be-8599-9d75adc7a6e0/datanode-2/data/ratis/d2f0b214-4b8e-460c-abdc-eac92a4739a0 for RaftStorage:Storage Directory /workdir/hadoop-ozone/tools/target/test-dir/MiniOzoneClusterImpl-0461ad29-15f0-41be-8599-9d75adc7a6e0/datanode-2/data/ratis/d2f0b214-4b8e-460c-abdc-eac92a4739a0
2019-09-12 11:54:24,374 [pool-49-thread-1] INFO  server.RaftServerConfigKeys (ConfUtils.java:logGet(43)) - raft.server.log.queue.byte-limit = 2147483647 (custom)
2019-09-12 11:54:24,374 [pool-49-thread-1] INFO  server.RaftServerConfigKeys (ConfUtils.java:logGet(43)) - raft.server.log.queue.element-limit = 1024 (custom)
2019-09-12 11:54:24,374 [pool-49-thread-1] INFO  server.RaftServerConfigKeys (ConfUtils.java:logGet(43)) - raft.server.log.segment.size.max = 1048576 (custom)
2019-09-12 11:54:24,374 [pool-49-thread-1] INFO  server.RaftServerConfigKeys (ConfUtils.java:logGet(43)) - raft.server.log.preallocated.size = 16384 (custom)
2019-09-12 11:54:24,374 [pool-49-thread-1] INFO  server.RaftServerConfigKeys (ConfUtils.java:logGet(43)) - raft.server.log.write.buffer.size = 33554432 (custom)
2019-09-12 11:54:24,375 [pool-49-thread-1] INFO  server.RaftServerConfigKeys (ConfUtils.java:logGet(43)) - raft.server.log.force.sync.num = 128 (default)
2019-09-12 11:54:24,375 [pool-49-thread-1] INFO  server.RaftServerConfigKeys (ConfUtils.java:logGet(43)) - raft.server.log.statemachine.data.sync = true (default)
2019-09-12 11:54:24,375 [pool-49-thread-1] INFO  server.RaftServerConfigKeys (ConfUtils.java:logGet(43)) - raft.server.log.statemachine.data.sync.timeout = 10s (default)
2019-09-12 11:54:24,375 [pool-49-thread-1] INFO  server.RaftServerConfigKeys (ConfUtils.java:logGet(43)) - raft.server.log.statemachine.data.sync.timeout.retry = -1 (default)
2019-09-12 11:54:24,376 [pool-49-thread-1] INFO  server.RaftServerConfigKeys (ConfUtils.java:logGet(43)) - raft.server.log.statemachine.data.caching.enabled = true (custom)
2019-09-12 11:54:24,376 [pool-49-thread-1] INFO  segmented.SegmentedRaftLogWorker (SegmentedRaftLogWorker.java:lambda$new$0(132)) - 74e5f15b-89e9-4724-9552-a6d94f3cc9a1-SegmentedRaftLogWorker:Storage Directory /workdir/hadoop-ozone/tools/target/test-dir/MiniOzoneClusterImpl-0461ad29-15f0-41be-8599-9d75adc7a6e0/datanode-2/data/ratis/d2f0b214-4b8e-460c-abdc-eac92a4739a0: flushIndex: setUnconditionally 0 -> -1
2019-09-12 11:54:24,376 [pool-49-thread-1] INFO  server.RaftServerConfigKeys (ConfUtils.java:logGet(43)) - raft.server.snapshot.auto.trigger.enabled = true (custom)
2019-09-12 11:54:24,377 [pool-49-thread-1] INFO  server.RaftServerConfigKeys (ConfUtils.java:logGet(43)) - raft.server.snapshot.auto.trigger.threshold = 10000 (custom)
2019-09-12 11:54:24,377 [pool-49-thread-1] INFO  server.RaftServerConfigKeys (ConfUtils.java:logGet(43)) - raft.server.retrycache.expirytime = 600000ms (custom)
2019-09-12 11:54:24,377 [pool-49-thread-1] INFO  impl.RaftServerImpl (RaftServerImpl.java:start(180)) - 74e5f15b-89e9-4724-9552-a6d94f3cc9a1: start group-EAC92A4739A0
2019-09-12 11:54:24,377 [pool-49-thread-1] INFO  impl.RaftServerImpl (RaftServerImpl.java:setRole(171)) - 74e5f15b-89e9-4724-9552-a6d94f3cc9a1:group-EAC92A4739A0 changes role from null to FOLLOWER at term 0 for startAsFollower
2019-09-12 11:54:24,377 [pool-49-thread-1] INFO  impl.RoleInfo (RoleInfo.java:updateAndGet(143)) - 74e5f15b-89e9-4724-9552-a6d94f3cc9a1: start FollowerState
2019-09-12 11:54:24,378 [pool-49-thread-1] INFO  util.JmxRegister (JmxRegister.java:tryRegister(44)) - Successfully registered JMX Bean with object name Ratis:service=RaftServer,group=group-EAC92A4739A0,id=74e5f15b-89e9-4724-9552-a6d94f3cc9a1
2019-09-12 11:54:24,383 [RatisPipelineUtilsThread] INFO  pipeline.PipelineStateManager (PipelineStateManager.java:addPipeline(56)) - Created pipeline Pipeline[ Id: d2f0b214-4b8e-460c-abdc-eac92a4739a0, Nodes: 74e5f15b-89e9-4724-9552-a6d94f3cc9a1{ip: 192.168.157.195, host: pr-hdds-1569-xtfnx-3545843844, networkLocation: /default-rack, certSerialId: null}, Type:RATIS, Factor:ONE, State:OPEN]
2019-09-12 11:54:24,384 [RatisPipelineUtilsThread] ERROR pipeline.PipelinePlacementPolicy (PipelinePlacementPolicy.java:meetCriteria(91)) - Pipeline Placement: Doesn't meet the criteria to be viable node. Heaviness: 6
2019-09-12 11:54:24,398 [grpc-default-executor-0] INFO  impl.RaftServerProxy (RaftServerProxy.java:addNew(89)) - 74e5f15b-89e9-4724-9552-a6d94f3cc9a1: addNew group-0A85C65FCE25:[74e5f15b-89e9-4724-9552-a6d94f3cc9a1:192.168.157.195:41743] returns group-0A85C65FCE25:java.util.concurrent.CompletableFuture@4318079b[Not completed]
2019-09-12 11:54:24,399 [pool-49-thread-1] INFO  impl.RaftServerImpl (RaftServerImpl.java:<init>(93)) - 74e5f15b-89e9-4724-9552-a6d94f3cc9a1: new RaftServerImpl for group-0A85C65FCE25:[74e5f15b-89e9-4724-9552-a6d94f3cc9a1:192.168.157.195:41743] with ContainerStateMachine:uninitialized
2019-09-12 11:54:24,400 [pool-49-thread-1] INFO  server.RaftServerConfigKeys (ConfUtils.java:logGet(43)) - raft.server.rpc.timeout.min = 5s (custom)
2019-09-12 11:54:24,400 [pool-49-thread-1] INFO  server.RaftServerConfigKeys (ConfUtils.java:logGet(43)) - raft.server.rpc.timeout.max = 5200ms (custom)
2019-09-12 11:54:24,400 [pool-49-thread-1] INFO  server.RaftServerConfigKeys (ConfUtils.java:logGet(43)) - raft.server.rpcslowness.timeout = 120s (custom)
2019-09-12 11:54:24,400 [pool-49-thread-1] INFO  server.RaftServerConfigKeys (ConfUtils.java:logGet(43)) - raft.server.sleep.deviation.threshold = 300 (default)
2019-09-12 11:54:24,400 [pool-49-thread-1] INFO  server.RaftServerConfigKeys (ConfUtils.java:logGet(43)) - raft.server.log.appender.install.snapshot.enabled = false (custom)
2019-09-12 11:54:24,400 [pool-49-thread-1] INFO  impl.RaftServerImpl (ServerState.java:<init>(105)) - 74e5f15b-89e9-4724-9552-a6d94f3cc9a1:group-0A85C65FCE25 ConfigurationManager, init=-1: [74e5f15b-89e9-4724-9552-a6d94f3cc9a1:192.168.157.195:41743], old=null, confs=<EMPTY_MAP>
2019-09-12 11:54:24,400 [pool-49-thread-1] INFO  server.RaftServerConfigKeys (ConfUtils.java:logGet(43)) - raft.server.storage.dir = [/workdir/hadoop-ozone/tools/target/test-dir/MiniOzoneClusterImpl-0461ad29-15f0-41be-8599-9d75adc7a6e0/datanode-2/data/ratis] (custom)
2019-09-12 11:54:24,401 [pool-49-thread-1] INFO  storage.RaftStorageDirectory (RaftStorageDirectory.java:analyzeStorage(246)) - The storage directory /workdir/hadoop-ozone/tools/target/test-dir/MiniOzoneClusterImpl-0461ad29-15f0-41be-8599-9d75adc7a6e0/datanode-2/data/ratis/ae78b731-c8d5-4593-aa0d-0a85c65fce25 does not exist. Creating ...
2019-09-12 11:54:24,413 [pool-49-thread-1] INFO  storage.RaftStorageDirectory (RaftStorageDirectory.java:tryLock(328)) - Lock on /workdir/hadoop-ozone/tools/target/test-dir/MiniOzoneClusterImpl-0461ad29-15f0-41be-8599-9d75adc7a6e0/datanode-2/data/ratis/ae78b731-c8d5-4593-aa0d-0a85c65fce25/in_use.lock acquired by nodename 18424@pr-hdds-1569-xtfnx-3545843844
2019-09-12 11:54:24,426 [pool-49-thread-1] INFO  storage.RaftStorage (RaftStorage.java:format(72)) - Storage directory /workdir/hadoop-ozone/tools/target/test-dir/MiniOzoneClusterImpl-0461ad29-15f0-41be-8599-9d75adc7a6e0/datanode-2/data/ratis/ae78b731-c8d5-4593-aa0d-0a85c65fce25 has been successfully formatted.
2019-09-12 11:54:24,427 [pool-49-thread-1] INFO  ratis.ContainerStateMachine (ContainerStateMachine.java:loadSnapshot(226)) - group-0A85C65FCE25: The snapshot info is null. Setting the last applied indexto:(t:0, i:~)
2019-09-12 11:54:24,427 [pool-49-thread-1] INFO  server.RaftServerConfigKeys (ConfUtils.java:logGet(43)) - raft.server.leader.election.timeout = 120s (custom)
2019-09-12 11:54:24,427 [pool-49-thread-1] INFO  server.RaftServerConfigKeys (ConfUtils.java:logGet(43)) - raft.server.log.use.memory = false (default)
2019-09-12 11:54:24,427 [pool-49-thread-1] INFO  server.RaftServerConfigKeys (ConfUtils.java:logGet(43)) - raft.server.log.purge.gap = 1000000 (custom)
2019-09-12 11:54:24,427 [pool-49-thread-1] INFO  server.RaftServerConfigKeys (ConfUtils.java:logGet(43)) - raft.server.log.appender.buffer.byte-limit = 33554432 (custom)
2019-09-12 11:54:24,427 [pool-49-thread-1] INFO  server.RaftServerConfigKeys (ConfUtils.java:logGet(43)) - raft.server.log.segment.size.max = 1048576 (custom)
2019-09-12 11:54:24,428 [pool-49-thread-1] INFO  server.RaftServerConfigKeys (ConfUtils.java:logGet(43)) - raft.server.log.segment.cache.num.max = 2 (custom)
2019-09-12 11:54:24,428 [pool-49-thread-1] INFO  segmented.SegmentedRaftLogWorker (SegmentedRaftLogWorker.java:<init>(172)) - new 74e5f15b-89e9-4724-9552-a6d94f3cc9a1-SegmentedRaftLogWorker:Storage Directory /workdir/hadoop-ozone/tools/target/test-dir/MiniOzoneClusterImpl-0461ad29-15f0-41be-8599-9d75adc7a6e0/datanode-2/data/ratis/ae78b731-c8d5-4593-aa0d-0a85c65fce25 for RaftStorage:Storage Directory /workdir/hadoop-ozone/tools/target/test-dir/MiniOzoneClusterImpl-0461ad29-15f0-41be-8599-9d75adc7a6e0/datanode-2/data/ratis/ae78b731-c8d5-4593-aa0d-0a85c65fce25
2019-09-12 11:54:24,428 [pool-49-thread-1] INFO  server.RaftServerConfigKeys (ConfUtils.java:logGet(43)) - raft.server.log.queue.byte-limit = 2147483647 (custom)
2019-09-12 11:54:24,428 [pool-49-thread-1] INFO  server.RaftServerConfigKeys (ConfUtils.java:logGet(43)) - raft.server.log.queue.element-limit = 1024 (custom)
2019-09-12 11:54:24,428 [pool-49-thread-1] INFO  server.RaftServerConfigKeys (ConfUtils.java:logGet(43)) - raft.server.log.segment.size.max = 1048576 (custom)
2019-09-12 11:54:24,428 [pool-49-thread-1] INFO  server.RaftServerConfigKeys (ConfUtils.java:logGet(43)) - raft.server.log.preallocated.size = 16384 (custom)
2019-09-12 11:54:24,428 [pool-49-thread-1] INFO  server.RaftServerConfigKeys (ConfUtils.java:logGet(43)) - raft.server.log.write.buffer.size = 33554432 (custom)
2019-09-12 11:54:24,428 [pool-49-thread-1] INFO  server.RaftServerConfigKeys (ConfUtils.java:logGet(43)) - raft.server.log.force.sync.num = 128 (default)
2019-09-12 11:54:24,429 [pool-49-thread-1] INFO  server.RaftServerConfigKeys (ConfUtils.java:logGet(43)) - raft.server.log.statemachine.data.sync = true (default)
2019-09-12 11:54:24,429 [pool-49-thread-1] INFO  server.RaftServerConfigKeys (ConfUtils.java:logGet(43)) - raft.server.log.statemachine.data.sync.timeout = 10s (default)
2019-09-12 11:54:24,429 [pool-49-thread-1] INFO  server.RaftServerConfigKeys (ConfUtils.java:logGet(43)) - raft.server.log.statemachine.data.sync.timeout.retry = -1 (default)
2019-09-12 11:54:24,429 [pool-49-thread-1] INFO  server.RaftServerConfigKeys (ConfUtils.java:logGet(43)) - raft.server.log.statemachine.data.caching.enabled = true (custom)
2019-09-12 11:54:24,429 [pool-49-thread-1] INFO  segmented.SegmentedRaftLogWorker (SegmentedRaftLogWorker.java:lambda$new$0(132)) - 74e5f15b-89e9-4724-9552-a6d94f3cc9a1-SegmentedRaftLogWorker:Storage Directory /workdir/hadoop-ozone/tools/target/test-dir/MiniOzoneClusterImpl-0461ad29-15f0-41be-8599-9d75adc7a6e0/datanode-2/data/ratis/ae78b731-c8d5-4593-aa0d-0a85c65fce25: flushIndex: setUnconditionally 0 -> -1
2019-09-12 11:54:24,430 [pool-49-thread-1] INFO  server.RaftServerConfigKeys (ConfUtils.java:logGet(43)) - raft.server.snapshot.auto.trigger.enabled = true (custom)
2019-09-12 11:54:24,430 [pool-49-thread-1] INFO  server.RaftServerConfigKeys (ConfUtils.java:logGet(43)) - raft.server.snapshot.auto.trigger.threshold = 10000 (custom)
2019-09-12 11:54:24,430 [pool-49-thread-1] INFO  server.RaftServerConfigKeys (ConfUtils.java:logGet(43)) - raft.server.retrycache.expirytime = 600000ms (custom)
2019-09-12 11:54:24,430 [pool-49-thread-1] INFO  impl.RaftServerImpl (RaftServerImpl.java:start(180)) - 74e5f15b-89e9-4724-9552-a6d94f3cc9a1: start group-0A85C65FCE25
2019-09-12 11:54:24,430 [pool-49-thread-1] INFO  impl.RaftServerImpl (RaftServerImpl.java:setRole(171)) - 74e5f15b-89e9-4724-9552-a6d94f3cc9a1:group-0A85C65FCE25 changes role from null to FOLLOWER at term 0 for startAsFollower
2019-09-12 11:54:24,430 [pool-49-thread-1] INFO  impl.RoleInfo (RoleInfo.java:updateAndGet(143)) - 74e5f15b-89e9-4724-9552-a6d94f3cc9a1: start FollowerState
2019-09-12 11:54:24,431 [pool-49-thread-1] INFO  util.JmxRegister (JmxRegister.java:tryRegister(44)) - Successfully registered JMX Bean with object name Ratis:service=RaftServer,group=group-0A85C65FCE25,id=74e5f15b-89e9-4724-9552-a6d94f3cc9a1
2019-09-12 11:54:24,435 [RatisPipelineUtilsThread] INFO  pipeline.PipelineStateManager (PipelineStateManager.java:addPipeline(56)) - Created pipeline Pipeline[ Id: ae78b731-c8d5-4593-aa0d-0a85c65fce25, Nodes: 74e5f15b-89e9-4724-9552-a6d94f3cc9a1{ip: 192.168.157.195, host: pr-hdds-1569-xtfnx-3545843844, networkLocation: /default-rack, certSerialId: null}, Type:RATIS, Factor:ONE, State:OPEN]
2019-09-12 11:54:24,436 [RatisPipelineUtilsThread] ERROR pipeline.PipelinePlacementPolicy (PipelinePlacementPolicy.java:meetCriteria(91)) - Pipeline Placement: Doesn't meet the criteria to be viable node. Heaviness: 6
2019-09-12 11:54:24,437 [RatisPipelineUtilsThread] ERROR pipeline.PipelinePlacementPolicy (PipelinePlacementPolicy.java:meetCriteria(91)) - Pipeline Placement: Doesn't meet the criteria to be viable node. Heaviness: 6
2019-09-12 11:54:24,445 [grpc-default-executor-0] INFO  impl.RaftServerProxy (RaftServerProxy.java:addNew(89)) - 6b6db90b-d3a1-49d5-955a-ba6cd0451323: addNew group-2A437F3EDA6F:[6b6db90b-d3a1-49d5-955a-ba6cd0451323:192.168.157.195:39461] returns group-2A437F3EDA6F:java.util.concurrent.CompletableFuture@478298bb[Not completed]
2019-09-12 11:54:24,448 [pool-38-thread-1] INFO  impl.RaftServerImpl (RaftServerImpl.java:<init>(93)) - 6b6db90b-d3a1-49d5-955a-ba6cd0451323: new RaftServerImpl for group-2A437F3EDA6F:[6b6db90b-d3a1-49d5-955a-ba6cd0451323:192.168.157.195:39461] with ContainerStateMachine:uninitialized
2019-09-12 11:54:24,448 [pool-38-thread-1] INFO  server.RaftServerConfigKeys (ConfUtils.java:logGet(43)) - raft.server.rpc.timeout.min = 5s (custom)
2019-09-12 11:54:24,449 [pool-38-thread-1] INFO  server.RaftServerConfigKeys (ConfUtils.java:logGet(43)) - raft.server.rpc.timeout.max = 5200ms (custom)
2019-09-12 11:54:24,449 [pool-38-thread-1] INFO  server.RaftServerConfigKeys (ConfUtils.java:logGet(43)) - raft.server.rpcslowness.timeout = 120s (custom)
2019-09-12 11:54:24,449 [pool-38-thread-1] INFO  server.RaftServerConfigKeys (ConfUtils.java:logGet(43)) - raft.server.sleep.deviation.threshold = 300 (default)
2019-09-12 11:54:24,449 [pool-38-thread-1] INFO  server.RaftServerConfigKeys (ConfUtils.java:logGet(43)) - raft.server.log.appender.install.snapshot.enabled = false (custom)
2019-09-12 11:54:24,449 [pool-38-thread-1] INFO  impl.RaftServerImpl (ServerState.java:<init>(105)) - 6b6db90b-d3a1-49d5-955a-ba6cd0451323:group-2A437F3EDA6F ConfigurationManager, init=-1: [6b6db90b-d3a1-49d5-955a-ba6cd0451323:192.168.157.195:39461], old=null, confs=<EMPTY_MAP>
2019-09-12 11:54:24,450 [pool-38-thread-1] INFO  server.RaftServerConfigKeys (ConfUtils.java:logGet(43)) - raft.server.storage.dir = [/workdir/hadoop-ozone/tools/target/test-dir/MiniOzoneClusterImpl-0461ad29-15f0-41be-8599-9d75adc7a6e0/datanode-1/data/ratis] (custom)
2019-09-12 11:54:24,450 [pool-38-thread-1] INFO  storage.RaftStorageDirectory (RaftStorageDirectory.java:analyzeStorage(246)) - The storage directory /workdir/hadoop-ozone/tools/target/test-dir/MiniOzoneClusterImpl-0461ad29-15f0-41be-8599-9d75adc7a6e0/datanode-1/data/ratis/a934f64a-4f30-43fa-8c7f-2a437f3eda6f does not exist. Creating ...
2019-09-12 11:54:24,463 [pool-38-thread-1] INFO  storage.RaftStorageDirectory (RaftStorageDirectory.java:tryLock(328)) - Lock on /workdir/hadoop-ozone/tools/target/test-dir/MiniOzoneClusterImpl-0461ad29-15f0-41be-8599-9d75adc7a6e0/datanode-1/data/ratis/a934f64a-4f30-43fa-8c7f-2a437f3eda6f/in_use.lock acquired by nodename 18424@pr-hdds-1569-xtfnx-3545843844
2019-09-12 11:54:24,476 [pool-38-thread-1] INFO  storage.RaftStorage (RaftStorage.java:format(72)) - Storage directory /workdir/hadoop-ozone/tools/target/test-dir/MiniOzoneClusterImpl-0461ad29-15f0-41be-8599-9d75adc7a6e0/datanode-1/data/ratis/a934f64a-4f30-43fa-8c7f-2a437f3eda6f has been successfully formatted.
2019-09-12 11:54:24,476 [pool-38-thread-1] INFO  ratis.ContainerStateMachine (ContainerStateMachine.java:loadSnapshot(226)) - group-2A437F3EDA6F: The snapshot info is null. Setting the last applied indexto:(t:0, i:~)
2019-09-12 11:54:24,476 [pool-38-thread-1] INFO  server.RaftServerConfigKeys (ConfUtils.java:logGet(43)) - raft.server.leader.election.timeout = 120s (custom)
2019-09-12 11:54:24,476 [pool-38-thread-1] INFO  server.RaftServerConfigKeys (ConfUtils.java:logGet(43)) - raft.server.log.use.memory = false (default)
2019-09-12 11:54:24,477 [pool-38-thread-1] INFO  server.RaftServerConfigKeys (ConfUtils.java:logGet(43)) - raft.server.log.purge.gap = 1000000 (custom)
2019-09-12 11:54:24,477 [pool-38-thread-1] INFO  server.RaftServerConfigKeys (ConfUtils.java:logGet(43)) - raft.server.log.appender.buffer.byte-limit = 33554432 (custom)
2019-09-12 11:54:24,477 [pool-38-thread-1] INFO  server.RaftServerConfigKeys (ConfUtils.java:logGet(43)) - raft.server.log.segment.size.max = 1048576 (custom)
2019-09-12 11:54:24,477 [pool-38-thread-1] INFO  server.RaftServerConfigKeys (ConfUtils.java:logGet(43)) - raft.server.log.segment.cache.num.max = 2 (custom)
2019-09-12 11:54:24,477 [pool-38-thread-1] INFO  segmented.SegmentedRaftLogWorker (SegmentedRaftLogWorker.java:<init>(172)) - new 6b6db90b-d3a1-49d5-955a-ba6cd0451323-SegmentedRaftLogWorker:Storage Directory /workdir/hadoop-ozone/tools/target/test-dir/MiniOzoneClusterImpl-0461ad29-15f0-41be-8599-9d75adc7a6e0/datanode-1/data/ratis/a934f64a-4f30-43fa-8c7f-2a437f3eda6f for RaftStorage:Storage Directory /workdir/hadoop-ozone/tools/target/test-dir/MiniOzoneClusterImpl-0461ad29-15f0-41be-8599-9d75adc7a6e0/datanode-1/data/ratis/a934f64a-4f30-43fa-8c7f-2a437f3eda6f
2019-09-12 11:54:24,477 [pool-38-thread-1] INFO  server.RaftServerConfigKeys (ConfUtils.java:logGet(43)) - raft.server.log.queue.byte-limit = 2147483647 (custom)
2019-09-12 11:54:24,478 [pool-38-thread-1] INFO  server.RaftServerConfigKeys (ConfUtils.java:logGet(43)) - raft.server.log.queue.element-limit = 1024 (custom)
2019-09-12 11:54:24,478 [pool-38-thread-1] INFO  server.RaftServerConfigKeys (ConfUtils.java:logGet(43)) - raft.server.log.segment.size.max = 1048576 (custom)
2019-09-12 11:54:24,478 [pool-38-thread-1] INFO  server.RaftServerConfigKeys (ConfUtils.java:logGet(43)) - raft.server.log.preallocated.size = 16384 (custom)
2019-09-12 11:54:24,478 [pool-38-thread-1] INFO  server.RaftServerConfigKeys (ConfUtils.java:logGet(43)) - raft.server.log.write.buffer.size = 33554432 (custom)
2019-09-12 11:54:24,478 [pool-38-thread-1] INFO  server.RaftServerConfigKeys (ConfUtils.java:logGet(43)) - raft.server.log.force.sync.num = 128 (default)
2019-09-12 11:54:24,478 [pool-38-thread-1] INFO  server.RaftServerConfigKeys (ConfUtils.java:logGet(43)) - raft.server.log.statemachine.data.sync = true (default)
2019-09-12 11:54:24,479 [pool-38-thread-1] INFO  server.RaftServerConfigKeys (ConfUtils.java:logGet(43)) - raft.server.log.statemachine.data.sync.timeout = 10s (default)
2019-09-12 11:54:24,479 [pool-38-thread-1] INFO  server.RaftServerConfigKeys (ConfUtils.java:logGet(43)) - raft.server.log.statemachine.data.sync.timeout.retry = -1 (default)
2019-09-12 11:54:24,479 [pool-38-thread-1] INFO  server.RaftServerConfigKeys (ConfUtils.java:logGet(43)) - raft.server.log.statemachine.data.caching.enabled = true (custom)
2019-09-12 11:54:24,479 [pool-38-thread-1] INFO  segmented.SegmentedRaftLogWorker (SegmentedRaftLogWorker.java:lambda$new$0(132)) - 6b6db90b-d3a1-49d5-955a-ba6cd0451323-SegmentedRaftLogWorker:Storage Directory /workdir/hadoop-ozone/tools/target/test-dir/MiniOzoneClusterImpl-0461ad29-15f0-41be-8599-9d75adc7a6e0/datanode-1/data/ratis/a934f64a-4f30-43fa-8c7f-2a437f3eda6f: flushIndex: setUnconditionally 0 -> -1
2019-09-12 11:54:24,480 [pool-38-thread-1] INFO  server.RaftServerConfigKeys (ConfUtils.java:logGet(43)) - raft.server.snapshot.auto.trigger.enabled = true (custom)
2019-09-12 11:54:24,480 [pool-38-thread-1] INFO  server.RaftServerConfigKeys (ConfUtils.java:logGet(43)) - raft.server.snapshot.auto.trigger.threshold = 10000 (custom)
2019-09-12 11:54:24,480 [pool-38-thread-1] INFO  server.RaftServerConfigKeys (ConfUtils.java:logGet(43)) - raft.server.retrycache.expirytime = 600000ms (custom)
2019-09-12 11:54:24,481 [pool-38-thread-1] INFO  impl.RaftServerImpl (RaftServerImpl.java:start(180)) - 6b6db90b-d3a1-49d5-955a-ba6cd0451323: start group-2A437F3EDA6F
2019-09-12 11:54:24,481 [pool-38-thread-1] INFO  impl.RaftServerImpl (RaftServerImpl.java:setRole(171)) - 6b6db90b-d3a1-49d5-955a-ba6cd0451323:group-2A437F3EDA6F changes role from null to FOLLOWER at term 0 for startAsFollower
2019-09-12 11:54:24,481 [pool-38-thread-1] INFO  impl.RoleInfo (RoleInfo.java:updateAndGet(143)) - 6b6db90b-d3a1-49d5-955a-ba6cd0451323: start FollowerState
2019-09-12 11:54:24,481 [pool-38-thread-1] INFO  util.JmxRegister (JmxRegister.java:tryRegister(44)) - Successfully registered JMX Bean with object name Ratis:service=RaftServer,group=group-2A437F3EDA6F,id=6b6db90b-d3a1-49d5-955a-ba6cd0451323
2019-09-12 11:54:24,486 [RatisPipelineUtilsThread] INFO  pipeline.PipelineStateManager (PipelineStateManager.java:addPipeline(56)) - Created pipeline Pipeline[ Id: a934f64a-4f30-43fa-8c7f-2a437f3eda6f, Nodes: 6b6db90b-d3a1-49d5-955a-ba6cd0451323{ip: 192.168.157.195, host: pr-hdds-1569-xtfnx-3545843844, networkLocation: /default-rack, certSerialId: null}, Type:RATIS, Factor:ONE, State:OPEN]
2019-09-12 11:54:24,489 [RatisPipelineUtilsThread] ERROR pipeline.PipelinePlacementPolicy (PipelinePlacementPolicy.java:meetCriteria(91)) - Pipeline Placement: Doesn't meet the criteria to be viable node. Heaviness: 6
2019-09-12 11:54:24,489 [RatisPipelineUtilsThread] ERROR pipeline.PipelinePlacementPolicy (PipelinePlacementPolicy.java:meetCriteria(91)) - Pipeline Placement: Doesn't meet the criteria to be viable node. Heaviness: 6
2019-09-12 11:54:24,489 [RatisPipelineUtilsThread] ERROR pipeline.PipelinePlacementPolicy (PipelinePlacementPolicy.java:meetCriteria(91)) - Pipeline Placement: Doesn't meet the criteria to be viable node. Heaviness: 6
2019-09-12 11:54:24,489 [RatisPipelineUtilsThread] ERROR pipeline.PipelinePlacementPolicy (PipelinePlacementPolicy.java:filterViableNodes(146)) - Unable to find enough nodes that meet the criteria that cannot engage in more than 5 pipelines. Nodes required: 1 Found: 0, healthy nodes count inNodeManager: 3.
2019-09-12 11:54:24,491 [RatisPipelineUtilsThread] ERROR pipeline.SCMPipelineManager (SCMPipelineManager.java:createPipeline(161)) - Pipeline creation failed due to exception: Unable to find enough nodes that meet the criteria that cannot engage in more than 5 pipelines. Nodes required: 1 Found: 0, healthy nodes count inNodeManager: 3.
2019-09-12 11:54:24,491 [RatisPipelineUtilsThread] ERROR pipeline.PipelinePlacementPolicy (PipelinePlacementPolicy.java:meetCriteria(91)) - Pipeline Placement: Doesn't meet the criteria to be viable node. Heaviness: 6
2019-09-12 11:54:24,491 [RatisPipelineUtilsThread] ERROR pipeline.PipelinePlacementPolicy (PipelinePlacementPolicy.java:meetCriteria(91)) - Pipeline Placement: Doesn't meet the criteria to be viable node. Heaviness: 6
2019-09-12 11:54:24,491 [RatisPipelineUtilsThread] ERROR pipeline.PipelinePlacementPolicy (PipelinePlacementPolicy.java:meetCriteria(91)) - Pipeline Placement: Doesn't meet the criteria to be viable node. Heaviness: 6
2019-09-12 11:54:24,491 [RatisPipelineUtilsThread] ERROR pipeline.PipelinePlacementPolicy (PipelinePlacementPolicy.java:filterViableNodes(146)) - Unable to find enough nodes that meet the criteria that cannot engage in more than 5 pipelines. Nodes required: 3 Found: 0, healthy nodes count inNodeManager: 3.
2019-09-12 11:54:24,492 [RatisPipelineUtilsThread] ERROR pipeline.SCMPipelineManager (SCMPipelineManager.java:createPipeline(161)) - Pipeline creation failed due to exception: Unable to find enough nodes that meet the criteria that cannot engage in more than 5 pipelines. Nodes required: 3 Found: 0, healthy nodes count inNodeManager: 3.
2019-09-12 11:54:24,492 [IPC Server handler 2 on 43400] ERROR pipeline.PipelinePlacementPolicy (PipelinePlacementPolicy.java:meetCriteria(91)) - Pipeline Placement: Doesn't meet the criteria to be viable node. Heaviness: 6
2019-09-12 11:54:24,492 [IPC Server handler 2 on 43400] ERROR pipeline.PipelinePlacementPolicy (PipelinePlacementPolicy.java:meetCriteria(91)) - Pipeline Placement: Doesn't meet the criteria to be viable node. Heaviness: 6
2019-09-12 11:54:24,492 [IPC Server handler 2 on 43400] ERROR pipeline.PipelinePlacementPolicy (PipelinePlacementPolicy.java:meetCriteria(91)) - Pipeline Placement: Doesn't meet the criteria to be viable node. Heaviness: 6
2019-09-12 11:54:24,493 [IPC Server handler 2 on 43400] ERROR pipeline.PipelinePlacementPolicy (PipelinePlacementPolicy.java:filterViableNodes(146)) - Unable to find enough nodes that meet the criteria that cannot engage in more than 5 pipelines. Nodes required: 3 Found: 0, healthy nodes count inNodeManager: 3.
2019-09-12 11:54:24,493 [IPC Server handler 2 on 43400] ERROR pipeline.SCMPipelineManager (SCMPipelineManager.java:createPipeline(161)) - Pipeline creation failed due to exception: Unable to find enough nodes that meet the criteria that cannot engage in more than 5 pipelines. Nodes required: 3 Found: 0, healthy nodes count inNodeManager: 3.
2019-09-12 11:54:24,493 [RatisPipelineUtilsThread] ERROR pipeline.PipelinePlacementPolicy (PipelinePlacementPolicy.java:meetCriteria(91)) - Pipeline Placement: Doesn't meet the criteria to be viable node. Heaviness: 6
2019-09-12 11:54:24,493 [RatisPipelineUtilsThread] ERROR pipeline.PipelinePlacementPolicy (PipelinePlacementPolicy.java:meetCriteria(91)) - Pipeline Placement: Doesn't meet the criteria to be viable node. Heaviness: 6
2019-09-12 11:54:24,493 [RatisPipelineUtilsThread] ERROR pipeline.PipelinePlacementPolicy (PipelinePlacementPolicy.java:meetCriteria(91)) - Pipeline Placement: Doesn't meet the criteria to be viable node. Heaviness: 6
2019-09-12 11:54:24,494 [RatisPipelineUtilsThread] ERROR pipeline.PipelinePlacementPolicy (PipelinePlacementPolicy.java:filterViableNodes(146)) - Unable to find enough nodes that meet the criteria that cannot engage in more than 5 pipelines. Nodes required: 1 Found: 0, healthy nodes count inNodeManager: 3.
2019-09-12 11:54:24,494 [IPC Server handler 2 on 43400] WARN  block.BlockManagerImpl (BlockManagerImpl.java:allocateBlock(192)) - Pipeline creation failed for type:RATIS factor:THREE. Retrying get pipelines call once.
org.apache.hadoop.hdds.scm.exceptions.SCMException: Unable to find enough nodes that meet the criteria that cannot engage in more than 5 pipelines. Nodes required: 3 Found: 0, healthy nodes count inNodeManager: 3.
	at org.apache.hadoop.hdds.scm.pipeline.PipelinePlacementPolicy.filterViableNodes(PipelinePlacementPolicy.java:147)
	at org.apache.hadoop.hdds.scm.pipeline.PipelinePlacementPolicy.chooseDatanodes(PipelinePlacementPolicy.java:170)
	at org.apache.hadoop.hdds.scm.pipeline.RatisPipelineProvider.create(RatisPipelineProvider.java:92)
	at org.apache.hadoop.hdds.scm.pipeline.PipelineFactory.create(PipelineFactory.java:57)
	at org.apache.hadoop.hdds.scm.pipeline.SCMPipelineManager.createPipeline(SCMPipelineManager.java:149)
	at org.apache.hadoop.hdds.scm.block.BlockManagerImpl.allocateBlock(BlockManagerImpl.java:190)
	at org.apache.hadoop.hdds.scm.server.SCMBlockProtocolServer.allocateBlock(SCMBlockProtocolServer.java:175)
	at org.apache.hadoop.ozone.protocolPB.ScmBlockLocationProtocolServerSideTranslatorPB.allocateScmBlock(ScmBlockLocationProtocolServerSideTranslatorPB.java:153)
	at org.apache.hadoop.ozone.protocolPB.ScmBlockLocationProtocolServerSideTranslatorPB.send(ScmBlockLocationProtocolServerSideTranslatorPB.java:112)
	at org.apache.hadoop.hdds.protocol.proto.ScmBlockLocationProtocolProtos$ScmBlockLocationProtocolService$2.callBlockingMethod(ScmBlockLocationProtocolProtos.java:13157)
	at org.apache.hadoop.ipc.ProtobufRpcEngine$Server$ProtoBufRpcInvoker.call(ProtobufRpcEngine.java:524)
	at org.apache.hadoop.ipc.RPC$Server.call(RPC.java:1025)
	at org.apache.hadoop.ipc.Server$RpcCall.run(Server.java:876)
	at org.apache.hadoop.ipc.Server$RpcCall.run(Server.java:822)
	at java.security.AccessController.doPrivileged(Native Method)
	at javax.security.auth.Subject.doAs(Subject.java:422)
	at org.apache.hadoop.security.UserGroupInformation.doAs(UserGroupInformation.java:1730)
	at org.apache.hadoop.ipc.Server$Handler.run(Server.java:2682)
2019-09-12 11:54:24,494 [RatisPipelineUtilsThread] ERROR pipeline.SCMPipelineManager (SCMPipelineManager.java:createPipeline(161)) - Pipeline creation failed due to exception: Unable to find enough nodes that meet the criteria that cannot engage in more than 5 pipelines. Nodes required: 1 Found: 0, healthy nodes count inNodeManager: 3.
2019-09-12 11:54:24,496 [RatisPipelineUtilsThread] ERROR pipeline.PipelinePlacementPolicy (PipelinePlacementPolicy.java:meetCriteria(91)) - Pipeline Placement: Doesn't meet the criteria to be viable node. Heaviness: 6
2019-09-12 11:54:24,496 [RatisPipelineUtilsThread] ERROR pipeline.PipelinePlacementPolicy (PipelinePlacementPolicy.java:meetCriteria(91)) - Pipeline Placement: Doesn't meet the criteria to be viable node. Heaviness: 6
2019-09-12 11:54:24,496 [RatisPipelineUtilsThread] ERROR pipeline.PipelinePlacementPolicy (PipelinePlacementPolicy.java:meetCriteria(91)) - Pipeline Placement: Doesn't meet the criteria to be viable node. Heaviness: 6
2019-09-12 11:54:24,497 [RatisPipelineUtilsThread] ERROR pipeline.PipelinePlacementPolicy (PipelinePlacementPolicy.java:filterViableNodes(146)) - Unable to find enough nodes that meet the criteria that cannot engage in more than 5 pipelines. Nodes required: 3 Found: 0, healthy nodes count inNodeManager: 3.
2019-09-12 11:54:24,497 [RatisPipelineUtilsThread] ERROR pipeline.SCMPipelineManager (SCMPipelineManager.java:createPipeline(161)) - Pipeline creation failed due to exception: Unable to find enough nodes that meet the criteria that cannot engage in more than 5 pipelines. Nodes required: 3 Found: 0, healthy nodes count inNodeManager: 3.
2019-09-12 11:54:24,497 [IPC Server handler 2 on 43400] INFO  block.BlockManagerImpl (BlockManagerImpl.java:allocateBlock(198)) - Could not find available pipeline of type:RATIS and factor:THREE even after retrying
2019-09-12 11:54:24,497 [IPC Server handler 2 on 43400] ERROR block.BlockManagerImpl (BlockManagerImpl.java:allocateBlock(222)) - Unable to allocate a block for the size: 4194304, type: RATIS, factor: THREE
2019-09-12 11:54:24,498 [IPC Server handler 2 on 43400] ERROR pipeline.PipelinePlacementPolicy (PipelinePlacementPolicy.java:meetCriteria(91)) - Pipeline Placement: Doesn't meet the criteria to be viable node. Heaviness: 6
2019-09-12 11:54:24,498 [IPC Server handler 2 on 43400] ERROR pipeline.PipelinePlacementPolicy (PipelinePlacementPolicy.java:meetCriteria(91)) - Pipeline Placement: Doesn't meet the criteria to be viable node. Heaviness: 6
2019-09-12 11:54:24,498 [IPC Server handler 2 on 43400] ERROR pipeline.PipelinePlacementPolicy (PipelinePlacementPolicy.java:meetCriteria(91)) - Pipeline Placement: Doesn't meet the criteria to be viable node. Heaviness: 6
2019-09-12 11:54:24,498 [IPC Server handler 2 on 43400] ERROR pipeline.PipelinePlacementPolicy (PipelinePlacementPolicy.java:filterViableNodes(146)) - Unable to find enough nodes that meet the criteria that cannot engage in more than 5 pipelines. Nodes required: 3 Found: 0, healthy nodes count inNodeManager: 3.
2019-09-12 11:54:24,498 [IPC Server handler 2 on 43400] ERROR pipeline.SCMPipelineManager (SCMPipelineManager.java:createPipeline(161)) - Pipeline creation failed due to exception: Unable to find enough nodes that meet the criteria that cannot engage in more than 5 pipelines. Nodes required: 3 Found: 0, healthy nodes count inNodeManager: 3.
2019-09-12 11:54:24,499 [IPC Server handler 2 on 43400] WARN  block.BlockManagerImpl (BlockManagerImpl.java:allocateBlock(192)) - Pipeline creation failed for type:RATIS factor:THREE. Retrying get pipelines call once.
org.apache.hadoop.hdds.scm.exceptions.SCMException: Unable to find enough nodes that meet the criteria that cannot engage in more than 5 pipelines. Nodes required: 3 Found: 0, healthy nodes count inNodeManager: 3.
	at org.apache.hadoop.hdds.scm.pipeline.PipelinePlacementPolicy.filterViableNodes(PipelinePlacementPolicy.java:147)
	at org.apache.hadoop.hdds.scm.pipeline.PipelinePlacementPolicy.chooseDatanodes(PipelinePlacementPolicy.java:170)
	at org.apache.hadoop.hdds.scm.pipeline.RatisPipelineProvider.create(RatisPipelineProvider.java:92)
	at org.apache.hadoop.hdds.scm.pipeline.PipelineFactory.create(PipelineFactory.java:57)
	at org.apache.hadoop.hdds.scm.pipeline.SCMPipelineManager.createPipeline(SCMPipelineManager.java:149)
	at org.apache.hadoop.hdds.scm.block.BlockManagerImpl.allocateBlock(BlockManagerImpl.java:190)
	at org.apache.hadoop.hdds.scm.server.SCMBlockProtocolServer.allocateBlock(SCMBlockProtocolServer.java:175)
	at org.apache.hadoop.ozone.protocolPB.ScmBlockLocationProtocolServerSideTranslatorPB.allocateScmBlock(ScmBlockLocationProtocolServerSideTranslatorPB.java:153)
	at org.apache.hadoop.ozone.protocolPB.ScmBlockLocationProtocolServerSideTranslatorPB.send(ScmBlockLocationProtocolServerSideTranslatorPB.java:112)
	at org.apache.hadoop.hdds.protocol.proto.ScmBlockLocationProtocolProtos$ScmBlockLocationProtocolService$2.callBlockingMethod(ScmBlockLocationProtocolProtos.java:13157)
	at org.apache.hadoop.ipc.ProtobufRpcEngine$Server$ProtoBufRpcInvoker.call(ProtobufRpcEngine.java:524)
	at org.apache.hadoop.ipc.RPC$Server.call(RPC.java:1025)
	at org.apache.hadoop.ipc.Server$RpcCall.run(Server.java:876)
	at org.apache.hadoop.ipc.Server$RpcCall.run(Server.java:822)
	at java.security.AccessController.doPrivileged(Native Method)
	at javax.security.auth.Subject.doAs(Subject.java:422)
	at org.apache.hadoop.security.UserGroupInformation.doAs(UserGroupInformation.java:1730)
	at org.apache.hadoop.ipc.Server$Handler.run(Server.java:2682)
2019-09-12 11:54:24,499 [IPC Server handler 2 on 43400] INFO  block.BlockManagerImpl (BlockManagerImpl.java:allocateBlock(198)) - Could not find available pipeline of type:RATIS and factor:THREE even after retrying
2019-09-12 11:54:24,499 [IPC Server handler 2 on 43400] ERROR block.BlockManagerImpl (BlockManagerImpl.java:allocateBlock(222)) - Unable to allocate a block for the size: 4194304, type: RATIS, factor: THREE
2019-09-12 11:54:24,500 [IPC Server handler 2 on 43400] ERROR pipeline.PipelinePlacementPolicy (PipelinePlacementPolicy.java:meetCriteria(91)) - Pipeline Placement: Doesn't meet the criteria to be viable node. Heaviness: 6
2019-09-12 11:54:24,500 [IPC Server handler 2 on 43400] ERROR pipeline.PipelinePlacementPolicy (PipelinePlacementPolicy.java:meetCriteria(91)) - Pipeline Placement: Doesn't meet the criteria to be viable node. Heaviness: 6
2019-09-12 11:54:24,500 [IPC Server handler 2 on 43400] ERROR pipeline.PipelinePlacementPolicy (PipelinePlacementPolicy.java:meetCriteria(91)) - Pipeline Placement: Doesn't meet the criteria to be viable node. Heaviness: 6
2019-09-12 11:54:24,500 [IPC Server handler 2 on 43400] ERROR pipeline.PipelinePlacementPolicy (PipelinePlacementPolicy.java:filterViableNodes(146)) - Unable to find enough nodes that meet the criteria that cannot engage in more than 5 pipelines. Nodes required: 3 Found: 0, healthy nodes count inNodeManager: 3.
2019-09-12 11:54:24,500 [IPC Server handler 2 on 43400] ERROR pipeline.SCMPipelineManager (SCMPipelineManager.java:createPipeline(161)) - Pipeline creation failed due to exception: Unable to find enough nodes that meet the criteria that cannot engage in more than 5 pipelines. Nodes required: 3 Found: 0, healthy nodes count inNodeManager: 3.
2019-09-12 11:54:24,501 [IPC Server handler 2 on 43400] WARN  block.BlockManagerImpl (BlockManagerImpl.java:allocateBlock(192)) - Pipeline creation failed for type:RATIS factor:THREE. Retrying get pipelines call once.
org.apache.hadoop.hdds.scm.exceptions.SCMException: Unable to find enough nodes that meet the criteria that cannot engage in more than 5 pipelines. Nodes required: 3 Found: 0, healthy nodes count inNodeManager: 3.
	at org.apache.hadoop.hdds.scm.pipeline.PipelinePlacementPolicy.filterViableNodes(PipelinePlacementPolicy.java:147)
	at org.apache.hadoop.hdds.scm.pipeline.PipelinePlacementPolicy.chooseDatanodes(PipelinePlacementPolicy.java:170)
	at org.apache.hadoop.hdds.scm.pipeline.RatisPipelineProvider.create(RatisPipelineProvider.java:92)
	at org.apache.hadoop.hdds.scm.pipeline.PipelineFactory.create(PipelineFactory.java:57)
	at org.apache.hadoop.hdds.scm.pipeline.SCMPipelineManager.createPipeline(SCMPipelineManager.java:149)
	at org.apache.hadoop.hdds.scm.block.BlockManagerImpl.allocateBlock(BlockManagerImpl.java:190)
	at org.apache.hadoop.hdds.scm.server.SCMBlockProtocolServer.allocateBlock(SCMBlockProtocolServer.java:175)
	at org.apache.hadoop.ozone.protocolPB.ScmBlockLocationProtocolServerSideTranslatorPB.allocateScmBlock(ScmBlockLocationProtocolServerSideTranslatorPB.java:153)
	at org.apache.hadoop.ozone.protocolPB.ScmBlockLocationProtocolServerSideTranslatorPB.send(ScmBlockLocationProtocolServerSideTranslatorPB.java:112)
	at org.apache.hadoop.hdds.protocol.proto.ScmBlockLocationProtocolProtos$ScmBlockLocationProtocolService$2.callBlockingMethod(ScmBlockLocationProtocolProtos.java:13157)
	at org.apache.hadoop.ipc.ProtobufRpcEngine$Server$ProtoBufRpcInvoker.call(ProtobufRpcEngine.java:524)
	at org.apache.hadoop.ipc.RPC$Server.call(RPC.java:1025)
	at org.apache.hadoop.ipc.Server$RpcCall.run(Server.java:876)
	at org.apache.hadoop.ipc.Server$RpcCall.run(Server.java:822)
	at java.security.AccessController.doPrivileged(Native Method)
	at javax.security.auth.Subject.doAs(Subject.java:422)
	at org.apache.hadoop.security.UserGroupInformation.doAs(UserGroupInformation.java:1730)
	at org.apache.hadoop.ipc.Server$Handler.run(Server.java:2682)
2019-09-12 11:54:24,501 [IPC Server handler 2 on 43400] INFO  block.BlockManagerImpl (BlockManagerImpl.java:allocateBlock(198)) - Could not find available pipeline of type:RATIS and factor:THREE even after retrying
2019-09-12 11:54:24,501 [IPC Server handler 2 on 43400] ERROR block.BlockManagerImpl (BlockManagerImpl.java:allocateBlock(222)) - Unable to allocate a block for the size: 4194304, type: RATIS, factor: THREE
2019-09-12 11:54:24,502 [IPC Server handler 2 on 43400] ERROR pipeline.PipelinePlacementPolicy (PipelinePlacementPolicy.java:meetCriteria(91)) - Pipeline Placement: Doesn't meet the criteria to be viable node. Heaviness: 6
2019-09-12 11:54:24,502 [IPC Server handler 2 on 43400] ERROR pipeline.PipelinePlacementPolicy (PipelinePlacementPolicy.java:meetCriteria(91)) - Pipeline Placement: Doesn't meet the criteria to be viable node. Heaviness: 6
2019-09-12 11:54:24,502 [IPC Server handler 2 on 43400] ERROR pipeline.PipelinePlacementPolicy (PipelinePlacementPolicy.java:meetCriteria(91)) - Pipeline Placement: Doesn't meet the criteria to be viable node. Heaviness: 6
2019-09-12 11:54:24,502 [IPC Server handler 2 on 43400] ERROR pipeline.PipelinePlacementPolicy (PipelinePlacementPolicy.java:filterViableNodes(146)) - Unable to find enough nodes that meet the criteria that cannot engage in more than 5 pipelines. Nodes required: 3 Found: 0, healthy nodes count inNodeManager: 3.
2019-09-12 11:54:24,503 [IPC Server handler 2 on 43400] ERROR pipeline.SCMPipelineManager (SCMPipelineManager.java:createPipeline(161)) - Pipeline creation failed due to exception: Unable to find enough nodes that meet the criteria that cannot engage in more than 5 pipelines. Nodes required: 3 Found: 0, healthy nodes count inNodeManager: 3.
2019-09-12 11:54:24,503 [IPC Server handler 2 on 43400] WARN  block.BlockManagerImpl (BlockManagerImpl.java:allocateBlock(192)) - Pipeline creation failed for type:RATIS factor:THREE. Retrying get pipelines call once.
org.apache.hadoop.hdds.scm.exceptions.SCMException: Unable to find enough nodes that meet the criteria that cannot engage in more than 5 pipelines. Nodes required: 3 Found: 0, healthy nodes count inNodeManager: 3.
	at org.apache.hadoop.hdds.scm.pipeline.PipelinePlacementPolicy.filterViableNodes(PipelinePlacementPolicy.java:147)
	at org.apache.hadoop.hdds.scm.pipeline.PipelinePlacementPolicy.chooseDatanodes(PipelinePlacementPolicy.java:170)
	at org.apache.hadoop.hdds.scm.pipeline.RatisPipelineProvider.create(RatisPipelineProvider.java:92)
	at org.apache.hadoop.hdds.scm.pipeline.PipelineFactory.create(PipelineFactory.java:57)
	at org.apache.hadoop.hdds.scm.pipeline.SCMPipelineManager.createPipeline(SCMPipelineManager.java:149)
	at org.apache.hadoop.hdds.scm.block.BlockManagerImpl.allocateBlock(BlockManagerImpl.java:190)
	at org.apache.hadoop.hdds.scm.server.SCMBlockProtocolServer.allocateBlock(SCMBlockProtocolServer.java:175)
	at org.apache.hadoop.ozone.protocolPB.ScmBlockLocationProtocolServerSideTranslatorPB.allocateScmBlock(ScmBlockLocationProtocolServerSideTranslatorPB.java:153)
	at org.apache.hadoop.ozone.protocolPB.ScmBlockLocationProtocolServerSideTranslatorPB.send(ScmBlockLocationProtocolServerSideTranslatorPB.java:112)
	at org.apache.hadoop.hdds.protocol.proto.ScmBlockLocationProtocolProtos$ScmBlockLocationProtocolService$2.callBlockingMethod(ScmBlockLocationProtocolProtos.java:13157)
	at org.apache.hadoop.ipc.ProtobufRpcEngine$Server$ProtoBufRpcInvoker.call(ProtobufRpcEngine.java:524)
	at org.apache.hadoop.ipc.RPC$Server.call(RPC.java:1025)
	at org.apache.hadoop.ipc.Server$RpcCall.run(Server.java:876)
	at org.apache.hadoop.ipc.Server$RpcCall.run(Server.java:822)
	at java.security.AccessController.doPrivileged(Native Method)
	at javax.security.auth.Subject.doAs(Subject.java:422)
	at org.apache.hadoop.security.UserGroupInformation.doAs(UserGroupInformation.java:1730)
	at org.apache.hadoop.ipc.Server$Handler.run(Server.java:2682)
2019-09-12 11:54:24,503 [IPC Server handler 2 on 43400] INFO  block.BlockManagerImpl (BlockManagerImpl.java:allocateBlock(198)) - Could not find available pipeline of type:RATIS and factor:THREE even after retrying
2019-09-12 11:54:24,503 [IPC Server handler 2 on 43400] ERROR block.BlockManagerImpl (BlockManagerImpl.java:allocateBlock(222)) - Unable to allocate a block for the size: 4194304, type: RATIS, factor: THREE
2019-09-12 11:54:24,504 [IPC Server handler 2 on 43400] ERROR pipeline.PipelinePlacementPolicy (PipelinePlacementPolicy.java:meetCriteria(91)) - Pipeline Placement: Doesn't meet the criteria to be viable node. Heaviness: 6
2019-09-12 11:54:24,504 [IPC Server handler 2 on 43400] ERROR pipeline.PipelinePlacementPolicy (PipelinePlacementPolicy.java:meetCriteria(91)) - Pipeline Placement: Doesn't meet the criteria to be viable node. Heaviness: 6
2019-09-12 11:54:24,504 [IPC Server handler 2 on 43400] ERROR pipeline.PipelinePlacementPolicy (PipelinePlacementPolicy.java:meetCriteria(91)) - Pipeline Placement: Doesn't meet the criteria to be viable node. Heaviness: 6
2019-09-12 11:54:24,504 [IPC Server handler 2 on 43400] ERROR pipeline.PipelinePlacementPolicy (PipelinePlacementPolicy.java:filterViableNodes(146)) - Unable to find enough nodes that meet the criteria that cannot engage in more than 5 pipelines. Nodes required: 3 Found: 0, healthy nodes count inNodeManager: 3.
2019-09-12 11:54:24,505 [IPC Server handler 2 on 43400] ERROR pipeline.SCMPipelineManager (SCMPipelineManager.java:createPipeline(161)) - Pipeline creation failed due to exception: Unable to find enough nodes that meet the criteria that cannot engage in more than 5 pipelines. Nodes required: 3 Found: 0, healthy nodes count inNodeManager: 3.
2019-09-12 11:54:24,505 [IPC Server handler 2 on 43400] WARN  block.BlockManagerImpl (BlockManagerImpl.java:allocateBlock(192)) - Pipeline creation failed for type:RATIS factor:THREE. Retrying get pipelines call once.
org.apache.hadoop.hdds.scm.exceptions.SCMException: Unable to find enough nodes that meet the criteria that cannot engage in more than 5 pipelines. Nodes required: 3 Found: 0, healthy nodes count inNodeManager: 3.
	at org.apache.hadoop.hdds.scm.pipeline.PipelinePlacementPolicy.filterViableNodes(PipelinePlacementPolicy.java:147)
	at org.apache.hadoop.hdds.scm.pipeline.PipelinePlacementPolicy.chooseDatanodes(PipelinePlacementPolicy.java:170)
	at org.apache.hadoop.hdds.scm.pipeline.RatisPipelineProvider.create(RatisPipelineProvider.java:92)
	at org.apache.hadoop.hdds.scm.pipeline.PipelineFactory.create(PipelineFactory.java:57)
	at org.apache.hadoop.hdds.scm.pipeline.SCMPipelineManager.createPipeline(SCMPipelineManager.java:149)
	at org.apache.hadoop.hdds.scm.block.BlockManagerImpl.allocateBlock(BlockManagerImpl.java:190)
	at org.apache.hadoop.hdds.scm.server.SCMBlockProtocolServer.allocateBlock(SCMBlockProtocolServer.java:175)
	at org.apache.hadoop.ozone.protocolPB.ScmBlockLocationProtocolServerSideTranslatorPB.allocateScmBlock(ScmBlockLocationProtocolServerSideTranslatorPB.java:153)
	at org.apache.hadoop.ozone.protocolPB.ScmBlockLocationProtocolServerSideTranslatorPB.send(ScmBlockLocationProtocolServerSideTranslatorPB.java:112)
	at org.apache.hadoop.hdds.protocol.proto.ScmBlockLocationProtocolProtos$ScmBlockLocationProtocolService$2.callBlockingMethod(ScmBlockLocationProtocolProtos.java:13157)
	at org.apache.hadoop.ipc.ProtobufRpcEngine$Server$ProtoBufRpcInvoker.call(ProtobufRpcEngine.java:524)
	at org.apache.hadoop.ipc.RPC$Server.call(RPC.java:1025)
	at org.apache.hadoop.ipc.Server$RpcCall.run(Server.java:876)
	at org.apache.hadoop.ipc.Server$RpcCall.run(Server.java:822)
	at java.security.AccessController.doPrivileged(Native Method)
	at javax.security.auth.Subject.doAs(Subject.java:422)
	at org.apache.hadoop.security.UserGroupInformation.doAs(UserGroupInformation.java:1730)
	at org.apache.hadoop.ipc.Server$Handler.run(Server.java:2682)
2019-09-12 11:54:24,505 [IPC Server handler 2 on 43400] INFO  block.BlockManagerImpl (BlockManagerImpl.java:allocateBlock(198)) - Could not find available pipeline of type:RATIS and factor:THREE even after retrying
2019-09-12 11:54:24,505 [IPC Server handler 2 on 43400] ERROR block.BlockManagerImpl (BlockManagerImpl.java:allocateBlock(222)) - Unable to allocate a block for the size: 4194304, type: RATIS, factor: THREE
2019-09-12 11:54:24,506 | INFO  | SCMAudit | user=jenkins1000 | ip=192.168.157.195 | op=ALLOCATE_BLOCK {owner=daff470e-1ecb-45d8-a923-e4f28cfbaeac, size=4194304, type=RATIS, factor=THREE} | ret=SUCCESS |  
2019-09-12 11:54:24,511 | ERROR | OMAudit | user=jenkins1000 | ip=127.0.0.1 | op=ALLOCATE_KEY {volume=vol-0-62775, bucket=bucket-0-53600, key=key-0-35334, dataSize=20971520, replicationType=RATIS, replicationFactor=THREE, keyLocationInfo=null} | ret=FAILURE | org.apache.hadoop.hdds.scm.exceptions.SCMException: Allocated 0 blocks. Requested 5 blocks
	at org.apache.hadoop.hdds.scm.protocolPB.ScmBlockLocationProtocolClientSideTranslatorPB.handleError(ScmBlockLocationProtocolClientSideTranslatorPB.java:118)
	at org.apache.hadoop.hdds.scm.protocolPB.ScmBlockLocationProtocolClientSideTranslatorPB.allocateBlock(ScmBlockLocationProtocolClientSideTranslatorPB.java:156) 
2019-09-12 11:54:24,514 | INFO  | SCMAudit | user=jenkins1000 | ip=192.168.157.195 | op=SEND_HEARTBEAT {datanodeUUID=6b6db90b-d3a1-49d5-955a-ba6cd0451323, command=[]} | ret=SUCCESS |  
2019-09-12 11:54:24,515 [pool-56-thread-4] ERROR freon.RandomKeyGenerator (RandomKeyGenerator.java:createKey(724)) - Exception while adding key: key-0-35334 in bucket: bucket-0-53600 of volume: vol-0-62775.
INTERNAL_ERROR org.apache.hadoop.ozone.om.exceptions.OMException: Allocated 0 blocks. Requested 5 blocks
	at org.apache.hadoop.ozone.om.protocolPB.OzoneManagerProtocolClientSideTranslatorPB.handleError(OzoneManagerProtocolClientSideTranslatorPB.java:725)
	at org.apache.hadoop.ozone.om.protocolPB.OzoneManagerProtocolClientSideTranslatorPB.openKey(OzoneManagerProtocolClientSideTranslatorPB.java:716)
	at org.apache.hadoop.ozone.client.rpc.RpcClient.createKey(RpcClient.java:615)
	at org.apache.hadoop.ozone.client.OzoneBucket.createKey(OzoneBucket.java:323)
	at org.apache.hadoop.ozone.freon.RandomKeyGenerator.createKey(RandomKeyGenerator.java:686)
	at org.apache.hadoop.ozone.freon.RandomKeyGenerator.access$1100(RandomKeyGenerator.java:87)
	at org.apache.hadoop.ozone.freon.RandomKeyGenerator$ObjectCreator.run(RandomKeyGenerator.java:606)
	at java.util.concurrent.Executors$RunnableAdapter.call(Executors.java:511)
	at java.util.concurrent.FutureTask.run(FutureTask.java:266)
	at java.util.concurrent.ThreadPoolExecutor.runWorker(ThreadPoolExecutor.java:1149)
	at java.util.concurrent.ThreadPoolExecutor$Worker.run(ThreadPoolExecutor.java:624)
	at java.lang.Thread.run(Thread.java:748)
2019-09-12 11:54:24,710 | INFO  | SCMAudit | user=jenkins1000 | ip=192.168.157.195 | op=SEND_HEARTBEAT {datanodeUUID=74e5f15b-89e9-4724-9552-a6d94f3cc9a1, command=[]} | ret=SUCCESS |  
 0.00% |█                                                                                                    |  0/1 Time: 0:00:012019-09-12 11:54:25,237 | INFO  | SCMAudit | user=jenkins1000 | ip=192.168.157.195 | op=SEND_HEARTBEAT {datanodeUUID=838719cc-490b-4c03-a095-19a61aedb9ec, command=[]} | ret=SUCCESS |  
2019-09-12 11:54:25,291 [Thread-177] INFO  container.ReplicationManager (ReplicationManager.java:start(151)) - Starting Replication Monitor Thread.
2019-09-12 11:54:25,294 [ReplicationMonitor] INFO  container.ReplicationManager (ReplicationManager.java:run(214)) - Replication Monitor Thread took 1 milliseconds for processing 0 containers.
2019-09-12 11:54:25,515 | INFO  | SCMAudit | user=jenkins1000 | ip=192.168.157.195 | op=SEND_HEARTBEAT {datanodeUUID=6b6db90b-d3a1-49d5-955a-ba6cd0451323, command=[]} | ret=SUCCESS |  
2019-09-12 11:54:25,717 | INFO  | SCMAudit | user=jenkins1000 | ip=192.168.157.195 | op=SEND_HEARTBEAT {datanodeUUID=74e5f15b-89e9-4724-9552-a6d94f3cc9a1, command=[]} | ret=SUCCESS |  
 0.00% |█                                                                                                    |  0/1 Time: 0:00:022019-09-12 11:54:26,237 | INFO  | SCMAudit | user=jenkins1000 | ip=192.168.157.195 | op=SEND_HEARTBEAT {datanodeUUID=838719cc-490b-4c03-a095-19a61aedb9ec, command=[]} | ret=SUCCESS |  
2019-09-12 11:54:26,514 | INFO  | SCMAudit | user=jenkins1000 | ip=192.168.157.195 | op=SEND_HEARTBEAT {datanodeUUID=6b6db90b-d3a1-49d5-955a-ba6cd0451323, command=[]} | ret=SUCCESS |  
2019-09-12 11:54:26,709 | INFO  | SCMAudit | user=jenkins1000 | ip=192.168.157.195 | op=SEND_HEARTBEAT {datanodeUUID=74e5f15b-89e9-4724-9552-a6d94f3cc9a1, command=[]} | ret=SUCCESS |  
 0.00% |█                                                                                                    |  0/1 Time: 0:00:032019-09-12 11:54:27,243 | INFO  | SCMAudit | user=jenkins1000 | ip=192.168.157.195 | op=SEND_HEARTBEAT {datanodeUUID=838719cc-490b-4c03-a095-19a61aedb9ec, command=[]} | ret=SUCCESS |  
2019-09-12 11:54:27,515 | INFO  | SCMAudit | user=jenkins1000 | ip=192.168.157.195 | op=SEND_HEARTBEAT {datanodeUUID=6b6db90b-d3a1-49d5-955a-ba6cd0451323, command=[]} | ret=SUCCESS |  
2019-09-12 11:54:27,710 | INFO  | SCMAudit | user=jenkins1000 | ip=192.168.157.195 | op=SEND_HEARTBEAT {datanodeUUID=74e5f15b-89e9-4724-9552-a6d94f3cc9a1, command=[]} | ret=SUCCESS |  
 0.00% |█                                                                                                    |  0/1 Time: 0:00:042019-09-12 11:54:28,240 | INFO  | SCMAudit | user=jenkins1000 | ip=192.168.157.195 | op=SEND_HEARTBEAT {datanodeUUID=838719cc-490b-4c03-a095-19a61aedb9ec, command=[]} | ret=SUCCESS |  
2019-09-12 11:54:28,515 | INFO  | SCMAudit | user=jenkins1000 | ip=192.168.157.195 | op=SEND_HEARTBEAT {datanodeUUID=6b6db90b-d3a1-49d5-955a-ba6cd0451323, command=[]} | ret=SUCCESS |  
2019-09-12 11:54:28,530 [Thread-179] INFO  impl.FollowerState (FollowerState.java:run(106)) - 838719cc-490b-4c03-a095-19a61aedb9ec:group-F6177AB7CB75 changes to CANDIDATE, lastRpcTime:5182, electionTimeout:5181ms
2019-09-12 11:54:28,530 [Thread-179] INFO  impl.RoleInfo (RoleInfo.java:shutdownFollowerState(121)) - 838719cc-490b-4c03-a095-19a61aedb9ec: shutdown FollowerState
2019-09-12 11:54:28,530 [Thread-179] INFO  impl.RaftServerImpl (RaftServerImpl.java:setRole(171)) - 838719cc-490b-4c03-a095-19a61aedb9ec:group-F6177AB7CB75 changes role from FOLLOWER to CANDIDATE at term 0 for changeToCandidate
2019-09-12 11:54:28,539 [Thread-179] INFO  impl.RoleInfo (RoleInfo.java:updateAndGet(143)) - 838719cc-490b-4c03-a095-19a61aedb9ec: start LeaderElection
2019-09-12 11:54:28,547 [Thread-182] INFO  impl.FollowerState (FollowerState.java:run(106)) - 6b6db90b-d3a1-49d5-955a-ba6cd0451323:group-75A37D36B911 changes to CANDIDATE, lastRpcTime:5059, electionTimeout:5058ms
2019-09-12 11:54:28,549 [Thread-182] INFO  impl.RoleInfo (RoleInfo.java:shutdownFollowerState(121)) - 6b6db90b-d3a1-49d5-955a-ba6cd0451323: shutdown FollowerState
2019-09-12 11:54:28,549 [Thread-182] INFO  impl.RaftServerImpl (RaftServerImpl.java:setRole(171)) - 6b6db90b-d3a1-49d5-955a-ba6cd0451323:group-75A37D36B911 changes role from FOLLOWER to CANDIDATE at term 0 for changeToCandidate
2019-09-12 11:54:28,549 [Thread-182] INFO  impl.RoleInfo (RoleInfo.java:updateAndGet(143)) - 6b6db90b-d3a1-49d5-955a-ba6cd0451323: start LeaderElection
2019-09-12 11:54:28,560 [6b6db90b-d3a1-49d5-955a-ba6cd0451323:group-75A37D36B911:LeaderElection2] INFO  impl.LeaderElection (LeaderElection.java:askForVotes(181)) - 6b6db90b-d3a1-49d5-955a-ba6cd0451323:group-75A37D36B911:LeaderElection2: begin an election at term 1 for -1: [6b6db90b-d3a1-49d5-955a-ba6cd0451323:192.168.157.195:39461], old=null
2019-09-12 11:54:28,560 [838719cc-490b-4c03-a095-19a61aedb9ec:group-F6177AB7CB75:LeaderElection1] INFO  impl.LeaderElection (LeaderElection.java:askForVotes(181)) - 838719cc-490b-4c03-a095-19a61aedb9ec:group-F6177AB7CB75:LeaderElection1: begin an election at term 1 for -1: [838719cc-490b-4c03-a095-19a61aedb9ec:192.168.157.195:35393], old=null
2019-09-12 11:54:28,564 [6b6db90b-d3a1-49d5-955a-ba6cd0451323:group-75A37D36B911:LeaderElection2] INFO  impl.RoleInfo (RoleInfo.java:shutdownLeaderElection(134)) - 6b6db90b-d3a1-49d5-955a-ba6cd0451323: shutdown LeaderElection
2019-09-12 11:54:28,564 [838719cc-490b-4c03-a095-19a61aedb9ec:group-F6177AB7CB75:LeaderElection1] INFO  impl.RoleInfo (RoleInfo.java:shutdownLeaderElection(134)) - 838719cc-490b-4c03-a095-19a61aedb9ec: shutdown LeaderElection
2019-09-12 11:54:28,565 [6b6db90b-d3a1-49d5-955a-ba6cd0451323:group-75A37D36B911:LeaderElection2] INFO  impl.RaftServerImpl (RaftServerImpl.java:setRole(171)) - 6b6db90b-d3a1-49d5-955a-ba6cd0451323:group-75A37D36B911 changes role from CANDIDATE to LEADER at term 1 for changeToLeader
2019-09-12 11:54:28,565 [838719cc-490b-4c03-a095-19a61aedb9ec:group-F6177AB7CB75:LeaderElection1] INFO  impl.RaftServerImpl (RaftServerImpl.java:setRole(171)) - 838719cc-490b-4c03-a095-19a61aedb9ec:group-F6177AB7CB75 changes role from CANDIDATE to LEADER at term 1 for changeToLeader
2019-09-12 11:54:28,565 [6b6db90b-d3a1-49d5-955a-ba6cd0451323:group-75A37D36B911:LeaderElection2] INFO  impl.RaftServerImpl (ServerState.java:setLeader(263)) - 6b6db90b-d3a1-49d5-955a-ba6cd0451323:group-75A37D36B911 change Leader from null to 6b6db90b-d3a1-49d5-955a-ba6cd0451323 at term 1 for becomeLeader, leader elected after 5083ms
2019-09-12 11:54:28,565 [838719cc-490b-4c03-a095-19a61aedb9ec:group-F6177AB7CB75:LeaderElection1] INFO  impl.RaftServerImpl (ServerState.java:setLeader(263)) - 838719cc-490b-4c03-a095-19a61aedb9ec:group-F6177AB7CB75 change Leader from null to 838719cc-490b-4c03-a095-19a61aedb9ec at term 1 for becomeLeader, leader elected after 5308ms
2019-09-12 11:54:28,574 [6b6db90b-d3a1-49d5-955a-ba6cd0451323:group-75A37D36B911:LeaderElection2] INFO  server.RaftServerConfigKeys (ConfUtils.java:logGet(43)) - raft.server.staging.catchup.gap = 1000 (default)
2019-09-12 11:54:28,574 [838719cc-490b-4c03-a095-19a61aedb9ec:group-F6177AB7CB75:LeaderElection1] INFO  server.RaftServerConfigKeys (ConfUtils.java:logGet(43)) - raft.server.staging.catchup.gap = 1000 (default)
2019-09-12 11:54:28,574 [6b6db90b-d3a1-49d5-955a-ba6cd0451323:group-75A37D36B911:LeaderElection2] INFO  server.RaftServerConfigKeys (ConfUtils.java:logGet(43)) - raft.server.rpc.sleep.time = 25ms (default)
2019-09-12 11:54:28,575 [838719cc-490b-4c03-a095-19a61aedb9ec:group-F6177AB7CB75:LeaderElection1] INFO  server.RaftServerConfigKeys (ConfUtils.java:logGet(43)) - raft.server.rpc.sleep.time = 25ms (default)
2019-09-12 11:54:28,582 [838719cc-490b-4c03-a095-19a61aedb9ec:group-F6177AB7CB75:LeaderElection1] INFO  server.RaftServerConfigKeys (ConfUtils.java:logGet(43)) - raft.server.write.element-limit = 4096 (default)
2019-09-12 11:54:28,582 [6b6db90b-d3a1-49d5-955a-ba6cd0451323:group-75A37D36B911:LeaderElection2] INFO  server.RaftServerConfigKeys (ConfUtils.java:logGet(43)) - raft.server.write.element-limit = 4096 (default)
2019-09-12 11:54:28,588 [6b6db90b-d3a1-49d5-955a-ba6cd0451323:group-75A37D36B911:LeaderElection2] INFO  server.RaftServerConfigKeys (ConfUtils.java:logGet(43)) - raft.server.watch.timeout = 10s (default)
2019-09-12 11:54:28,588 [838719cc-490b-4c03-a095-19a61aedb9ec:group-F6177AB7CB75:LeaderElection1] INFO  server.RaftServerConfigKeys (ConfUtils.java:logGet(43)) - raft.server.watch.timeout = 10s (default)
2019-09-12 11:54:28,588 [6b6db90b-d3a1-49d5-955a-ba6cd0451323:group-75A37D36B911:LeaderElection2] INFO  server.RaftServerConfigKeys (ConfUtils.java:logGet(43)) - raft.server.watch.timeout.denomination = 1s (default)
2019-09-12 11:54:28,588 [838719cc-490b-4c03-a095-19a61aedb9ec:group-F6177AB7CB75:LeaderElection1] INFO  server.RaftServerConfigKeys (ConfUtils.java:logGet(43)) - raft.server.watch.timeout.denomination = 1s (default)
2019-09-12 11:54:28,589 [6b6db90b-d3a1-49d5-955a-ba6cd0451323:group-75A37D36B911:LeaderElection2] INFO  server.RaftServerConfigKeys (ConfUtils.java:logGet(43)) - raft.server.watch.element-limit = 65536 (default)
2019-09-12 11:54:28,589 [838719cc-490b-4c03-a095-19a61aedb9ec:group-F6177AB7CB75:LeaderElection1] INFO  server.RaftServerConfigKeys (ConfUtils.java:logGet(43)) - raft.server.watch.element-limit = 65536 (default)
2019-09-12 11:54:28,606 [6b6db90b-d3a1-49d5-955a-ba6cd0451323:group-75A37D36B911:LeaderElection2] INFO  impl.RoleInfo (RoleInfo.java:updateAndGet(143)) - 6b6db90b-d3a1-49d5-955a-ba6cd0451323: start LeaderState
2019-09-12 11:54:28,606 [838719cc-490b-4c03-a095-19a61aedb9ec:group-F6177AB7CB75:LeaderElection1] INFO  impl.RoleInfo (RoleInfo.java:updateAndGet(143)) - 838719cc-490b-4c03-a095-19a61aedb9ec: start LeaderState
2019-09-12 11:54:28,632 [838719cc-490b-4c03-a095-19a61aedb9ec:group-F6177AB7CB75:LeaderElection1] INFO  segmented.SegmentedRaftLogWorker (SegmentedRaftLogWorker.java:startLogSegment(380)) - 838719cc-490b-4c03-a095-19a61aedb9ec-SegmentedRaftLogWorker:Storage Directory /workdir/hadoop-ozone/tools/target/test-dir/MiniOzoneClusterImpl-0461ad29-15f0-41be-8599-9d75adc7a6e0/datanode-0/data/ratis/0c93fcb0-5576-48fd-968e-f6177ab7cb75: Starting segment from index:0
2019-09-12 11:54:28,632 [6b6db90b-d3a1-49d5-955a-ba6cd0451323:group-75A37D36B911:LeaderElection2] INFO  segmented.SegmentedRaftLogWorker (SegmentedRaftLogWorker.java:startLogSegment(380)) - 6b6db90b-d3a1-49d5-955a-ba6cd0451323-SegmentedRaftLogWorker:Storage Directory /workdir/hadoop-ozone/tools/target/test-dir/MiniOzoneClusterImpl-0461ad29-15f0-41be-8599-9d75adc7a6e0/datanode-1/data/ratis/9ea49172-747d-4e02-bd1e-75a37d36b911: Starting segment from index:0
2019-09-12 11:54:28,642 [6b6db90b-d3a1-49d5-955a-ba6cd0451323:group-75A37D36B911:LeaderElection2] INFO  impl.RaftServerImpl (ServerState.java:setRaftConf(361)) - 6b6db90b-d3a1-49d5-955a-ba6cd0451323:group-75A37D36B911 set configuration 0: [6b6db90b-d3a1-49d5-955a-ba6cd0451323:192.168.157.195:39461], old=null at 0
2019-09-12 11:54:28,642 [838719cc-490b-4c03-a095-19a61aedb9ec:group-F6177AB7CB75:LeaderElection1] INFO  impl.RaftServerImpl (ServerState.java:setRaftConf(361)) - 838719cc-490b-4c03-a095-19a61aedb9ec:group-F6177AB7CB75 set configuration 0: [838719cc-490b-4c03-a095-19a61aedb9ec:192.168.157.195:35393], old=null at 0
2019-09-12 11:54:28,705 [Thread-188] INFO  impl.FollowerState (FollowerState.java:run(106)) - 74e5f15b-89e9-4724-9552-a6d94f3cc9a1:group-0D8781F0E0F3 changes to CANDIDATE, lastRpcTime:5078, electionTimeout:5078ms
2019-09-12 11:54:28,705 [Thread-188] INFO  impl.RoleInfo (RoleInfo.java:shutdownFollowerState(121)) - 74e5f15b-89e9-4724-9552-a6d94f3cc9a1: shutdown FollowerState
2019-09-12 11:54:28,706 [Thread-188] INFO  impl.RaftServerImpl (RaftServerImpl.java:setRole(171)) - 74e5f15b-89e9-4724-9552-a6d94f3cc9a1:group-0D8781F0E0F3 changes role from FOLLOWER to CANDIDATE at term 0 for changeToCandidate
2019-09-12 11:54:28,706 [Thread-188] INFO  impl.RoleInfo (RoleInfo.java:updateAndGet(143)) - 74e5f15b-89e9-4724-9552-a6d94f3cc9a1: start LeaderElection
2019-09-12 11:54:28,712 | INFO  | SCMAudit | user=jenkins1000 | ip=192.168.157.195 | op=SEND_HEARTBEAT {datanodeUUID=74e5f15b-89e9-4724-9552-a6d94f3cc9a1, command=[]} | ret=SUCCESS |  
2019-09-12 11:54:28,723 [74e5f15b-89e9-4724-9552-a6d94f3cc9a1:group-0D8781F0E0F3:LeaderElection3] INFO  impl.LeaderElection (LeaderElection.java:askForVotes(181)) - 74e5f15b-89e9-4724-9552-a6d94f3cc9a1:group-0D8781F0E0F3:LeaderElection3: begin an election at term 1 for -1: [74e5f15b-89e9-4724-9552-a6d94f3cc9a1:192.168.157.195:41743], old=null
2019-09-12 11:54:28,723 [74e5f15b-89e9-4724-9552-a6d94f3cc9a1:group-0D8781F0E0F3:LeaderElection3] INFO  impl.RoleInfo (RoleInfo.java:shutdownLeaderElection(134)) - 74e5f15b-89e9-4724-9552-a6d94f3cc9a1: shutdown LeaderElection
2019-09-12 11:54:28,723 [74e5f15b-89e9-4724-9552-a6d94f3cc9a1:group-0D8781F0E0F3:LeaderElection3] INFO  impl.RaftServerImpl (RaftServerImpl.java:setRole(171)) - 74e5f15b-89e9-4724-9552-a6d94f3cc9a1:group-0D8781F0E0F3 changes role from CANDIDATE to LEADER at term 1 for changeToLeader
2019-09-12 11:54:28,723 [74e5f15b-89e9-4724-9552-a6d94f3cc9a1:group-0D8781F0E0F3:LeaderElection3] INFO  impl.RaftServerImpl (ServerState.java:setLeader(263)) - 74e5f15b-89e9-4724-9552-a6d94f3cc9a1:group-0D8781F0E0F3 change Leader from null to 74e5f15b-89e9-4724-9552-a6d94f3cc9a1 at term 1 for becomeLeader, leader elected after 5100ms
2019-09-12 11:54:28,723 [74e5f15b-89e9-4724-9552-a6d94f3cc9a1:group-0D8781F0E0F3:LeaderElection3] INFO  server.RaftServerConfigKeys (ConfUtils.java:logGet(43)) - raft.server.staging.catchup.gap = 1000 (default)
2019-09-12 11:54:28,724 [74e5f15b-89e9-4724-9552-a6d94f3cc9a1:group-0D8781F0E0F3:LeaderElection3] INFO  server.RaftServerConfigKeys (ConfUtils.java:logGet(43)) - raft.server.rpc.sleep.time = 25ms (default)
2019-09-12 11:54:28,724 [74e5f15b-89e9-4724-9552-a6d94f3cc9a1:group-0D8781F0E0F3:LeaderElection3] INFO  server.RaftServerConfigKeys (ConfUtils.java:logGet(43)) - raft.server.write.element-limit = 4096 (default)
2019-09-12 11:54:28,724 [74e5f15b-89e9-4724-9552-a6d94f3cc9a1:group-0D8781F0E0F3:LeaderElection3] INFO  server.RaftServerConfigKeys (ConfUtils.java:logGet(43)) - raft.server.watch.timeout = 10s (default)
2019-09-12 11:54:28,724 [74e5f15b-89e9-4724-9552-a6d94f3cc9a1:group-0D8781F0E0F3:LeaderElection3] INFO  server.RaftServerConfigKeys (ConfUtils.java:logGet(43)) - raft.server.watch.timeout.denomination = 1s (default)
2019-09-12 11:54:28,724 [74e5f15b-89e9-4724-9552-a6d94f3cc9a1:group-0D8781F0E0F3:LeaderElection3] INFO  server.RaftServerConfigKeys (ConfUtils.java:logGet(43)) - raft.server.watch.element-limit = 65536 (default)
2019-09-12 11:54:28,725 [74e5f15b-89e9-4724-9552-a6d94f3cc9a1:group-0D8781F0E0F3:LeaderElection3] INFO  impl.RoleInfo (RoleInfo.java:updateAndGet(143)) - 74e5f15b-89e9-4724-9552-a6d94f3cc9a1: start LeaderState
2019-09-12 11:54:28,725 [74e5f15b-89e9-4724-9552-a6d94f3cc9a1:group-0D8781F0E0F3:LeaderElection3] INFO  segmented.SegmentedRaftLogWorker (SegmentedRaftLogWorker.java:startLogSegment(380)) - 74e5f15b-89e9-4724-9552-a6d94f3cc9a1-SegmentedRaftLogWorker:Storage Directory /workdir/hadoop-ozone/tools/target/test-dir/MiniOzoneClusterImpl-0461ad29-15f0-41be-8599-9d75adc7a6e0/datanode-2/data/ratis/ec66a608-72ae-4231-bc79-0d8781f0e0f3: Starting segment from index:0
2019-09-12 11:54:28,726 [74e5f15b-89e9-4724-9552-a6d94f3cc9a1:group-0D8781F0E0F3:LeaderElection3] INFO  impl.RaftServerImpl (ServerState.java:setRaftConf(361)) - 74e5f15b-89e9-4724-9552-a6d94f3cc9a1:group-0D8781F0E0F3 set configuration 0: [74e5f15b-89e9-4724-9552-a6d94f3cc9a1:192.168.157.195:41743], old=null at 0
2019-09-12 11:54:28,727 [Thread-185] INFO  impl.FollowerState (FollowerState.java:run(106)) - 6b6db90b-d3a1-49d5-955a-ba6cd0451323:group-98C1FAA4BDC3 changes to CANDIDATE, lastRpcTime:5169, electionTimeout:5169ms
2019-09-12 11:54:28,727 [Thread-185] INFO  impl.RoleInfo (RoleInfo.java:shutdownFollowerState(121)) - 6b6db90b-d3a1-49d5-955a-ba6cd0451323: shutdown FollowerState
2019-09-12 11:54:28,727 [Thread-185] INFO  impl.RaftServerImpl (RaftServerImpl.java:setRole(171)) - 6b6db90b-d3a1-49d5-955a-ba6cd0451323:group-98C1FAA4BDC3 changes role from FOLLOWER to CANDIDATE at term 0 for changeToCandidate
2019-09-12 11:54:28,727 [Thread-185] INFO  impl.RoleInfo (RoleInfo.java:updateAndGet(143)) - 6b6db90b-d3a1-49d5-955a-ba6cd0451323: start LeaderElection
2019-09-12 11:54:28,737 [6b6db90b-d3a1-49d5-955a-ba6cd0451323:group-98C1FAA4BDC3:LeaderElection4] INFO  impl.LeaderElection (LeaderElection.java:askForVotes(181)) - 6b6db90b-d3a1-49d5-955a-ba6cd0451323:group-98C1FAA4BDC3:LeaderElection4: begin an election at term 1 for -1: [6b6db90b-d3a1-49d5-955a-ba6cd0451323:192.168.157.195:39461], old=null
2019-09-12 11:54:28,737 [6b6db90b-d3a1-49d5-955a-ba6cd0451323:group-98C1FAA4BDC3:LeaderElection4] INFO  impl.RoleInfo (RoleInfo.java:shutdownLeaderElection(134)) - 6b6db90b-d3a1-49d5-955a-ba6cd0451323: shutdown LeaderElection
2019-09-12 11:54:28,737 [6b6db90b-d3a1-49d5-955a-ba6cd0451323:group-98C1FAA4BDC3:LeaderElection4] INFO  impl.RaftServerImpl (RaftServerImpl.java:setRole(171)) - 6b6db90b-d3a1-49d5-955a-ba6cd0451323:group-98C1FAA4BDC3 changes role from CANDIDATE to LEADER at term 1 for changeToLeader
2019-09-12 11:54:28,737 [6b6db90b-d3a1-49d5-955a-ba6cd0451323:group-98C1FAA4BDC3:LeaderElection4] INFO  impl.RaftServerImpl (ServerState.java:setLeader(263)) - 6b6db90b-d3a1-49d5-955a-ba6cd0451323:group-98C1FAA4BDC3 change Leader from null to 6b6db90b-d3a1-49d5-955a-ba6cd0451323 at term 1 for becomeLeader, leader elected after 5185ms
2019-09-12 11:54:28,737 [6b6db90b-d3a1-49d5-955a-ba6cd0451323:group-98C1FAA4BDC3:LeaderElection4] INFO  server.RaftServerConfigKeys (ConfUtils.java:logGet(43)) - raft.server.staging.catchup.gap = 1000 (default)
2019-09-12 11:54:28,738 [6b6db90b-d3a1-49d5-955a-ba6cd0451323:group-98C1FAA4BDC3:LeaderElection4] INFO  server.RaftServerConfigKeys (ConfUtils.java:logGet(43)) - raft.server.rpc.sleep.time = 25ms (default)
2019-09-12 11:54:28,738 [6b6db90b-d3a1-49d5-955a-ba6cd0451323:group-98C1FAA4BDC3:LeaderElection4] INFO  server.RaftServerConfigKeys (ConfUtils.java:logGet(43)) - raft.server.write.element-limit = 4096 (default)
2019-09-12 11:54:28,738 [6b6db90b-d3a1-49d5-955a-ba6cd0451323:group-98C1FAA4BDC3:LeaderElection4] INFO  server.RaftServerConfigKeys (ConfUtils.java:logGet(43)) - raft.server.watch.timeout = 10s (default)
2019-09-12 11:54:28,738 [6b6db90b-d3a1-49d5-955a-ba6cd0451323:group-98C1FAA4BDC3:LeaderElection4] INFO  server.RaftServerConfigKeys (ConfUtils.java:logGet(43)) - raft.server.watch.timeout.denomination = 1s (default)
2019-09-12 11:54:28,738 [6b6db90b-d3a1-49d5-955a-ba6cd0451323:group-98C1FAA4BDC3:LeaderElection4] INFO  server.RaftServerConfigKeys (ConfUtils.java:logGet(43)) - raft.server.watch.element-limit = 65536 (default)
2019-09-12 11:54:28,738 [6b6db90b-d3a1-49d5-955a-ba6cd0451323:group-98C1FAA4BDC3:LeaderElection4] INFO  impl.RoleInfo (RoleInfo.java:updateAndGet(143)) - 6b6db90b-d3a1-49d5-955a-ba6cd0451323: start LeaderState
2019-09-12 11:54:28,738 [6b6db90b-d3a1-49d5-955a-ba6cd0451323:group-98C1FAA4BDC3:LeaderElection4] INFO  segmented.SegmentedRaftLogWorker (SegmentedRaftLogWorker.java:startLogSegment(380)) - 6b6db90b-d3a1-49d5-955a-ba6cd0451323-SegmentedRaftLogWorker:Storage Directory /workdir/hadoop-ozone/tools/target/test-dir/MiniOzoneClusterImpl-0461ad29-15f0-41be-8599-9d75adc7a6e0/datanode-1/data/ratis/c2d8a89f-a0ec-4544-94c2-98c1faa4bdc3: Starting segment from index:0
2019-09-12 11:54:28,739 [6b6db90b-d3a1-49d5-955a-ba6cd0451323:group-98C1FAA4BDC3:LeaderElection4] INFO  impl.RaftServerImpl (ServerState.java:setRaftConf(361)) - 6b6db90b-d3a1-49d5-955a-ba6cd0451323:group-98C1FAA4BDC3 set configuration 0: [6b6db90b-d3a1-49d5-955a-ba6cd0451323:192.168.157.195:39461], old=null at 0
2019-09-12 11:54:28,799 [Thread-191] INFO  impl.FollowerState (FollowerState.java:run(106)) - 838719cc-490b-4c03-a095-19a61aedb9ec:group-7B661E5A82BC changes to CANDIDATE, lastRpcTime:5114, electionTimeout:5114ms
2019-09-12 11:54:28,799 [Thread-191] INFO  impl.RoleInfo (RoleInfo.java:shutdownFollowerState(121)) - 838719cc-490b-4c03-a095-19a61aedb9ec: shutdown FollowerState
2019-09-12 11:54:28,799 [Thread-191] INFO  impl.RaftServerImpl (RaftServerImpl.java:setRole(171)) - 838719cc-490b-4c03-a095-19a61aedb9ec:group-7B661E5A82BC changes role from FOLLOWER to CANDIDATE at term 0 for changeToCandidate
2019-09-12 11:54:28,800 [Thread-191] INFO  impl.RoleInfo (RoleInfo.java:updateAndGet(143)) - 838719cc-490b-4c03-a095-19a61aedb9ec: start LeaderElection
2019-09-12 11:54:28,839 [Thread-194] INFO  impl.FollowerState (FollowerState.java:run(106)) - 838719cc-490b-4c03-a095-19a61aedb9ec:group-5055FC50F882 changes to CANDIDATE, lastRpcTime:5087, electionTimeout:5087ms
2019-09-12 11:54:28,839 [Thread-194] INFO  impl.RoleInfo (RoleInfo.java:shutdownFollowerState(121)) - 838719cc-490b-4c03-a095-19a61aedb9ec: shutdown FollowerState
2019-09-12 11:54:28,839 [Thread-194] INFO  impl.RaftServerImpl (RaftServerImpl.java:setRole(171)) - 838719cc-490b-4c03-a095-19a61aedb9ec:group-5055FC50F882 changes role from FOLLOWER to CANDIDATE at term 0 for changeToCandidate
2019-09-12 11:54:28,839 [Thread-194] INFO  impl.RoleInfo (RoleInfo.java:updateAndGet(143)) - 838719cc-490b-4c03-a095-19a61aedb9ec: start LeaderElection
2019-09-12 11:54:28,849 [74e5f15b-89e9-4724-9552-a6d94f3cc9a1-SegmentedRaftLogWorker:Storage Directory /workdir/hadoop-ozone/tools/target/test-dir/MiniOzoneClusterImpl-0461ad29-15f0-41be-8599-9d75adc7a6e0/datanode-2/data/ratis/ec66a608-72ae-4231-bc79-0d8781f0e0f3] INFO  segmented.SegmentedRaftLogWorker (SegmentedRaftLogWorker.java:execute(569)) - 74e5f15b-89e9-4724-9552-a6d94f3cc9a1-SegmentedRaftLogWorker:Storage Directory /workdir/hadoop-ozone/tools/target/test-dir/MiniOzoneClusterImpl-0461ad29-15f0-41be-8599-9d75adc7a6e0/datanode-2/data/ratis/ec66a608-72ae-4231-bc79-0d8781f0e0f3: created new log segment /workdir/hadoop-ozone/tools/target/test-dir/MiniOzoneClusterImpl-0461ad29-15f0-41be-8599-9d75adc7a6e0/datanode-2/data/ratis/ec66a608-72ae-4231-bc79-0d8781f0e0f3/current/log_inprogress_0
2019-09-12 11:54:28,849 [838719cc-490b-4c03-a095-19a61aedb9ec:group-5055FC50F882:LeaderElection6] INFO  impl.LeaderElection (LeaderElection.java:askForVotes(181)) - 838719cc-490b-4c03-a095-19a61aedb9ec:group-5055FC50F882:LeaderElection6: begin an election at term 1 for -1: [838719cc-490b-4c03-a095-19a61aedb9ec:192.168.157.195:35393], old=null
2019-09-12 11:54:28,849 [6b6db90b-d3a1-49d5-955a-ba6cd0451323-SegmentedRaftLogWorker:Storage Directory /workdir/hadoop-ozone/tools/target/test-dir/MiniOzoneClusterImpl-0461ad29-15f0-41be-8599-9d75adc7a6e0/datanode-1/data/ratis/c2d8a89f-a0ec-4544-94c2-98c1faa4bdc3] INFO  segmented.SegmentedRaftLogWorker (SegmentedRaftLogWorker.java:execute(569)) - 6b6db90b-d3a1-49d5-955a-ba6cd0451323-SegmentedRaftLogWorker:Storage Directory /workdir/hadoop-ozone/tools/target/test-dir/MiniOzoneClusterImpl-0461ad29-15f0-41be-8599-9d75adc7a6e0/datanode-1/data/ratis/c2d8a89f-a0ec-4544-94c2-98c1faa4bdc3: created new log segment /workdir/hadoop-ozone/tools/target/test-dir/MiniOzoneClusterImpl-0461ad29-15f0-41be-8599-9d75adc7a6e0/datanode-1/data/ratis/c2d8a89f-a0ec-4544-94c2-98c1faa4bdc3/current/log_inprogress_0
2019-09-12 11:54:28,849 [6b6db90b-d3a1-49d5-955a-ba6cd0451323-SegmentedRaftLogWorker:Storage Directory /workdir/hadoop-ozone/tools/target/test-dir/MiniOzoneClusterImpl-0461ad29-15f0-41be-8599-9d75adc7a6e0/datanode-1/data/ratis/9ea49172-747d-4e02-bd1e-75a37d36b911] INFO  segmented.SegmentedRaftLogWorker (SegmentedRaftLogWorker.java:execute(569)) - 6b6db90b-d3a1-49d5-955a-ba6cd0451323-SegmentedRaftLogWorker:Storage Directory /workdir/hadoop-ozone/tools/target/test-dir/MiniOzoneClusterImpl-0461ad29-15f0-41be-8599-9d75adc7a6e0/datanode-1/data/ratis/9ea49172-747d-4e02-bd1e-75a37d36b911: created new log segment /workdir/hadoop-ozone/tools/target/test-dir/MiniOzoneClusterImpl-0461ad29-15f0-41be-8599-9d75adc7a6e0/datanode-1/data/ratis/9ea49172-747d-4e02-bd1e-75a37d36b911/current/log_inprogress_0
2019-09-12 11:54:28,849 [838719cc-490b-4c03-a095-19a61aedb9ec:group-7B661E5A82BC:LeaderElection5] INFO  impl.LeaderElection (LeaderElection.java:askForVotes(181)) - 838719cc-490b-4c03-a095-19a61aedb9ec:group-7B661E5A82BC:LeaderElection5: begin an election at term 1 for -1: [838719cc-490b-4c03-a095-19a61aedb9ec:192.168.157.195:35393], old=null
2019-09-12 11:54:28,849 [838719cc-490b-4c03-a095-19a61aedb9ec-SegmentedRaftLogWorker:Storage Directory /workdir/hadoop-ozone/tools/target/test-dir/MiniOzoneClusterImpl-0461ad29-15f0-41be-8599-9d75adc7a6e0/datanode-0/data/ratis/0c93fcb0-5576-48fd-968e-f6177ab7cb75] INFO  segmented.SegmentedRaftLogWorker (SegmentedRaftLogWorker.java:execute(569)) - 838719cc-490b-4c03-a095-19a61aedb9ec-SegmentedRaftLogWorker:Storage Directory /workdir/hadoop-ozone/tools/target/test-dir/MiniOzoneClusterImpl-0461ad29-15f0-41be-8599-9d75adc7a6e0/datanode-0/data/ratis/0c93fcb0-5576-48fd-968e-f6177ab7cb75: created new log segment /workdir/hadoop-ozone/tools/target/test-dir/MiniOzoneClusterImpl-0461ad29-15f0-41be-8599-9d75adc7a6e0/datanode-0/data/ratis/0c93fcb0-5576-48fd-968e-f6177ab7cb75/current/log_inprogress_0
2019-09-12 11:54:28,850 [838719cc-490b-4c03-a095-19a61aedb9ec:group-5055FC50F882:LeaderElection6] INFO  impl.RoleInfo (RoleInfo.java:shutdownLeaderElection(134)) - 838719cc-490b-4c03-a095-19a61aedb9ec: shutdown LeaderElection
2019-09-12 11:54:28,855 [838719cc-490b-4c03-a095-19a61aedb9ec:group-7B661E5A82BC:LeaderElection5] INFO  impl.RoleInfo (RoleInfo.java:shutdownLeaderElection(134)) - 838719cc-490b-4c03-a095-19a61aedb9ec: shutdown LeaderElection
2019-09-12 11:54:28,855 [838719cc-490b-4c03-a095-19a61aedb9ec:group-5055FC50F882:LeaderElection6] INFO  impl.RaftServerImpl (RaftServerImpl.java:setRole(171)) - 838719cc-490b-4c03-a095-19a61aedb9ec:group-5055FC50F882 changes role from CANDIDATE to LEADER at term 1 for changeToLeader
2019-09-12 11:54:28,856 [838719cc-490b-4c03-a095-19a61aedb9ec:group-7B661E5A82BC:LeaderElection5] INFO  impl.RaftServerImpl (RaftServerImpl.java:setRole(171)) - 838719cc-490b-4c03-a095-19a61aedb9ec:group-7B661E5A82BC changes role from CANDIDATE to LEADER at term 1 for changeToLeader
2019-09-12 11:54:28,856 [838719cc-490b-4c03-a095-19a61aedb9ec:group-5055FC50F882:LeaderElection6] INFO  impl.RaftServerImpl (ServerState.java:setLeader(263)) - 838719cc-490b-4c03-a095-19a61aedb9ec:group-5055FC50F882 change Leader from null to 838719cc-490b-4c03-a095-19a61aedb9ec at term 1 for becomeLeader, leader elected after 5108ms
2019-09-12 11:54:28,856 [838719cc-490b-4c03-a095-19a61aedb9ec:group-7B661E5A82BC:LeaderElection5] INFO  impl.RaftServerImpl (ServerState.java:setLeader(263)) - 838719cc-490b-4c03-a095-19a61aedb9ec:group-7B661E5A82BC change Leader from null to 838719cc-490b-4c03-a095-19a61aedb9ec at term 1 for becomeLeader, leader elected after 5175ms
2019-09-12 11:54:28,856 [838719cc-490b-4c03-a095-19a61aedb9ec:group-5055FC50F882:LeaderElection6] INFO  server.RaftServerConfigKeys (ConfUtils.java:logGet(43)) - raft.server.staging.catchup.gap = 1000 (default)
2019-09-12 11:54:28,856 [838719cc-490b-4c03-a095-19a61aedb9ec:group-7B661E5A82BC:LeaderElection5] INFO  server.RaftServerConfigKeys (ConfUtils.java:logGet(43)) - raft.server.staging.catchup.gap = 1000 (default)
2019-09-12 11:54:28,856 [838719cc-490b-4c03-a095-19a61aedb9ec:group-5055FC50F882:LeaderElection6] INFO  server.RaftServerConfigKeys (ConfUtils.java:logGet(43)) - raft.server.rpc.sleep.time = 25ms (default)
2019-09-12 11:54:28,856 [838719cc-490b-4c03-a095-19a61aedb9ec:group-7B661E5A82BC:LeaderElection5] INFO  server.RaftServerConfigKeys (ConfUtils.java:logGet(43)) - raft.server.rpc.sleep.time = 25ms (default)
2019-09-12 11:54:28,857 [838719cc-490b-4c03-a095-19a61aedb9ec:group-5055FC50F882:LeaderElection6] INFO  server.RaftServerConfigKeys (ConfUtils.java:logGet(43)) - raft.server.write.element-limit = 4096 (default)
2019-09-12 11:54:28,857 [838719cc-490b-4c03-a095-19a61aedb9ec:group-7B661E5A82BC:LeaderElection5] INFO  server.RaftServerConfigKeys (ConfUtils.java:logGet(43)) - raft.server.write.element-limit = 4096 (default)
2019-09-12 11:54:28,857 [838719cc-490b-4c03-a095-19a61aedb9ec:group-5055FC50F882:LeaderElection6] INFO  server.RaftServerConfigKeys (ConfUtils.java:logGet(43)) - raft.server.watch.timeout = 10s (default)
2019-09-12 11:54:28,857 [838719cc-490b-4c03-a095-19a61aedb9ec:group-7B661E5A82BC:LeaderElection5] INFO  server.RaftServerConfigKeys (ConfUtils.java:logGet(43)) - raft.server.watch.timeout = 10s (default)
2019-09-12 11:54:28,857 [838719cc-490b-4c03-a095-19a61aedb9ec:group-5055FC50F882:LeaderElection6] INFO  server.RaftServerConfigKeys (ConfUtils.java:logGet(43)) - raft.server.watch.timeout.denomination = 1s (default)
2019-09-12 11:54:28,857 [838719cc-490b-4c03-a095-19a61aedb9ec:group-7B661E5A82BC:LeaderElection5] INFO  server.RaftServerConfigKeys (ConfUtils.java:logGet(43)) - raft.server.watch.timeout.denomination = 1s (default)
2019-09-12 11:54:28,857 [838719cc-490b-4c03-a095-19a61aedb9ec:group-5055FC50F882:LeaderElection6] INFO  server.RaftServerConfigKeys (ConfUtils.java:logGet(43)) - raft.server.watch.element-limit = 65536 (default)
2019-09-12 11:54:28,857 [838719cc-490b-4c03-a095-19a61aedb9ec:group-7B661E5A82BC:LeaderElection5] INFO  server.RaftServerConfigKeys (ConfUtils.java:logGet(43)) - raft.server.watch.element-limit = 65536 (default)
2019-09-12 11:54:28,857 [838719cc-490b-4c03-a095-19a61aedb9ec:group-5055FC50F882:LeaderElection6] INFO  impl.RoleInfo (RoleInfo.java:updateAndGet(143)) - 838719cc-490b-4c03-a095-19a61aedb9ec: start LeaderState
2019-09-12 11:54:28,858 [838719cc-490b-4c03-a095-19a61aedb9ec:group-7B661E5A82BC:LeaderElection5] INFO  impl.RoleInfo (RoleInfo.java:updateAndGet(143)) - 838719cc-490b-4c03-a095-19a61aedb9ec: start LeaderState
2019-09-12 11:54:28,858 [838719cc-490b-4c03-a095-19a61aedb9ec:group-5055FC50F882:LeaderElection6] INFO  segmented.SegmentedRaftLogWorker (SegmentedRaftLogWorker.java:startLogSegment(380)) - 838719cc-490b-4c03-a095-19a61aedb9ec-SegmentedRaftLogWorker:Storage Directory /workdir/hadoop-ozone/tools/target/test-dir/MiniOzoneClusterImpl-0461ad29-15f0-41be-8599-9d75adc7a6e0/datanode-0/data/ratis/19f0ba9b-8c12-4e09-bfc8-5055fc50f882: Starting segment from index:0
2019-09-12 11:54:28,858 [838719cc-490b-4c03-a095-19a61aedb9ec:group-7B661E5A82BC:LeaderElection5] INFO  segmented.SegmentedRaftLogWorker (SegmentedRaftLogWorker.java:startLogSegment(380)) - 838719cc-490b-4c03-a095-19a61aedb9ec-SegmentedRaftLogWorker:Storage Directory /workdir/hadoop-ozone/tools/target/test-dir/MiniOzoneClusterImpl-0461ad29-15f0-41be-8599-9d75adc7a6e0/datanode-0/data/ratis/37681a93-6065-434e-9f4c-7b661e5a82bc: Starting segment from index:0
2019-09-12 11:54:28,858 [838719cc-490b-4c03-a095-19a61aedb9ec:group-5055FC50F882:LeaderElection6] INFO  impl.RaftServerImpl (ServerState.java:setRaftConf(361)) - 838719cc-490b-4c03-a095-19a61aedb9ec:group-5055FC50F882 set configuration 0: [838719cc-490b-4c03-a095-19a61aedb9ec:192.168.157.195:35393], old=null at 0
2019-09-12 11:54:28,858 [838719cc-490b-4c03-a095-19a61aedb9ec:group-7B661E5A82BC:LeaderElection5] INFO  impl.RaftServerImpl (ServerState.java:setRaftConf(361)) - 838719cc-490b-4c03-a095-19a61aedb9ec:group-7B661E5A82BC set configuration 0: [838719cc-490b-4c03-a095-19a61aedb9ec:192.168.157.195:35393], old=null at 0
2019-09-12 11:54:28,900 [838719cc-490b-4c03-a095-19a61aedb9ec-SegmentedRaftLogWorker:Storage Directory /workdir/hadoop-ozone/tools/target/test-dir/MiniOzoneClusterImpl-0461ad29-15f0-41be-8599-9d75adc7a6e0/datanode-0/data/ratis/19f0ba9b-8c12-4e09-bfc8-5055fc50f882] INFO  segmented.SegmentedRaftLogWorker (SegmentedRaftLogWorker.java:execute(569)) - 838719cc-490b-4c03-a095-19a61aedb9ec-SegmentedRaftLogWorker:Storage Directory /workdir/hadoop-ozone/tools/target/test-dir/MiniOzoneClusterImpl-0461ad29-15f0-41be-8599-9d75adc7a6e0/datanode-0/data/ratis/19f0ba9b-8c12-4e09-bfc8-5055fc50f882: created new log segment /workdir/hadoop-ozone/tools/target/test-dir/MiniOzoneClusterImpl-0461ad29-15f0-41be-8599-9d75adc7a6e0/datanode-0/data/ratis/19f0ba9b-8c12-4e09-bfc8-5055fc50f882/current/log_inprogress_0
2019-09-12 11:54:28,900 [838719cc-490b-4c03-a095-19a61aedb9ec-SegmentedRaftLogWorker:Storage Directory /workdir/hadoop-ozone/tools/target/test-dir/MiniOzoneClusterImpl-0461ad29-15f0-41be-8599-9d75adc7a6e0/datanode-0/data/ratis/37681a93-6065-434e-9f4c-7b661e5a82bc] INFO  segmented.SegmentedRaftLogWorker (SegmentedRaftLogWorker.java:execute(569)) - 838719cc-490b-4c03-a095-19a61aedb9ec-SegmentedRaftLogWorker:Storage Directory /workdir/hadoop-ozone/tools/target/test-dir/MiniOzoneClusterImpl-0461ad29-15f0-41be-8599-9d75adc7a6e0/datanode-0/data/ratis/37681a93-6065-434e-9f4c-7b661e5a82bc: created new log segment /workdir/hadoop-ozone/tools/target/test-dir/MiniOzoneClusterImpl-0461ad29-15f0-41be-8599-9d75adc7a6e0/datanode-0/data/ratis/37681a93-6065-434e-9f4c-7b661e5a82bc/current/log_inprogress_0
2019-09-12 11:54:29,006 [Thread-198] INFO  impl.FollowerState (FollowerState.java:run(106)) - 838719cc-490b-4c03-a095-19a61aedb9ec:group-CFC9760A5215 changes to CANDIDATE, lastRpcTime:5167, electionTimeout:5167ms
2019-09-12 11:54:29,009 [Thread-198] INFO  impl.RoleInfo (RoleInfo.java:shutdownFollowerState(121)) - 838719cc-490b-4c03-a095-19a61aedb9ec: shutdown FollowerState
2019-09-12 11:54:29,009 [Thread-198] INFO  impl.RaftServerImpl (RaftServerImpl.java:setRole(171)) - 838719cc-490b-4c03-a095-19a61aedb9ec:group-CFC9760A5215 changes role from FOLLOWER to CANDIDATE at term 0 for changeToCandidate
2019-09-12 11:54:29,009 [Thread-198] INFO  impl.RoleInfo (RoleInfo.java:updateAndGet(143)) - 838719cc-490b-4c03-a095-19a61aedb9ec: start LeaderElection
2019-09-12 11:54:29,031 [838719cc-490b-4c03-a095-19a61aedb9ec:group-CFC9760A5215:LeaderElection7] INFO  impl.LeaderElection (LeaderElection.java:askForVotes(181)) - 838719cc-490b-4c03-a095-19a61aedb9ec:group-CFC9760A5215:LeaderElection7: begin an election at term 1 for -1: [838719cc-490b-4c03-a095-19a61aedb9ec:192.168.157.195:35393], old=null
2019-09-12 11:54:29,033 [838719cc-490b-4c03-a095-19a61aedb9ec:group-CFC9760A5215:LeaderElection7] INFO  impl.RoleInfo (RoleInfo.java:shutdownLeaderElection(134)) - 838719cc-490b-4c03-a095-19a61aedb9ec: shutdown LeaderElection
2019-09-12 11:54:29,033 [838719cc-490b-4c03-a095-19a61aedb9ec:group-CFC9760A5215:LeaderElection7] INFO  impl.RaftServerImpl (RaftServerImpl.java:setRole(171)) - 838719cc-490b-4c03-a095-19a61aedb9ec:group-CFC9760A5215 changes role from CANDIDATE to LEADER at term 1 for changeToLeader
2019-09-12 11:54:29,033 [838719cc-490b-4c03-a095-19a61aedb9ec:group-CFC9760A5215:LeaderElection7] INFO  impl.RaftServerImpl (ServerState.java:setLeader(263)) - 838719cc-490b-4c03-a095-19a61aedb9ec:group-CFC9760A5215 change Leader from null to 838719cc-490b-4c03-a095-19a61aedb9ec at term 1 for becomeLeader, leader elected after 5199ms
2019-09-12 11:54:29,033 [838719cc-490b-4c03-a095-19a61aedb9ec:group-CFC9760A5215:LeaderElection7] INFO  server.RaftServerConfigKeys (ConfUtils.java:logGet(43)) - raft.server.staging.catchup.gap = 1000 (default)
2019-09-12 11:54:29,033 [838719cc-490b-4c03-a095-19a61aedb9ec:group-CFC9760A5215:LeaderElection7] INFO  server.RaftServerConfigKeys (ConfUtils.java:logGet(43)) - raft.server.rpc.sleep.time = 25ms (default)
2019-09-12 11:54:29,034 [838719cc-490b-4c03-a095-19a61aedb9ec:group-CFC9760A5215:LeaderElection7] INFO  server.RaftServerConfigKeys (ConfUtils.java:logGet(43)) - raft.server.write.element-limit = 4096 (default)
2019-09-12 11:54:29,034 [838719cc-490b-4c03-a095-19a61aedb9ec:group-CFC9760A5215:LeaderElection7] INFO  server.RaftServerConfigKeys (ConfUtils.java:logGet(43)) - raft.server.watch.timeout = 10s (default)
2019-09-12 11:54:29,034 [838719cc-490b-4c03-a095-19a61aedb9ec:group-CFC9760A5215:LeaderElection7] INFO  server.RaftServerConfigKeys (ConfUtils.java:logGet(43)) - raft.server.watch.timeout.denomination = 1s (default)
2019-09-12 11:54:29,034 [838719cc-490b-4c03-a095-19a61aedb9ec:group-CFC9760A5215:LeaderElection7] INFO  server.RaftServerConfigKeys (ConfUtils.java:logGet(43)) - raft.server.watch.element-limit = 65536 (default)
2019-09-12 11:54:29,035 [838719cc-490b-4c03-a095-19a61aedb9ec:group-CFC9760A5215:LeaderElection7] INFO  impl.RoleInfo (RoleInfo.java:updateAndGet(143)) - 838719cc-490b-4c03-a095-19a61aedb9ec: start LeaderState
2019-09-12 11:54:29,035 [838719cc-490b-4c03-a095-19a61aedb9ec:group-CFC9760A5215:LeaderElection7] INFO  segmented.SegmentedRaftLogWorker (SegmentedRaftLogWorker.java:startLogSegment(380)) - 838719cc-490b-4c03-a095-19a61aedb9ec-SegmentedRaftLogWorker:Storage Directory /workdir/hadoop-ozone/tools/target/test-dir/MiniOzoneClusterImpl-0461ad29-15f0-41be-8599-9d75adc7a6e0/datanode-0/data/ratis/8b1a1fe1-ba41-4501-b567-cfc9760a5215: Starting segment from index:0
2019-09-12 11:54:29,035 [838719cc-490b-4c03-a095-19a61aedb9ec:group-CFC9760A5215:LeaderElection7] INFO  impl.RaftServerImpl (ServerState.java:setRaftConf(361)) - 838719cc-490b-4c03-a095-19a61aedb9ec:group-CFC9760A5215 set configuration 0: [838719cc-490b-4c03-a095-19a61aedb9ec:192.168.157.195:35393], old=null at 0
2019-09-12 11:54:29,082 [838719cc-490b-4c03-a095-19a61aedb9ec-SegmentedRaftLogWorker:Storage Directory /workdir/hadoop-ozone/tools/target/test-dir/MiniOzoneClusterImpl-0461ad29-15f0-41be-8599-9d75adc7a6e0/datanode-0/data/ratis/8b1a1fe1-ba41-4501-b567-cfc9760a5215] INFO  segmented.SegmentedRaftLogWorker (SegmentedRaftLogWorker.java:execute(569)) - 838719cc-490b-4c03-a095-19a61aedb9ec-SegmentedRaftLogWorker:Storage Directory /workdir/hadoop-ozone/tools/target/test-dir/MiniOzoneClusterImpl-0461ad29-15f0-41be-8599-9d75adc7a6e0/datanode-0/data/ratis/8b1a1fe1-ba41-4501-b567-cfc9760a5215: created new log segment /workdir/hadoop-ozone/tools/target/test-dir/MiniOzoneClusterImpl-0461ad29-15f0-41be-8599-9d75adc7a6e0/datanode-0/data/ratis/8b1a1fe1-ba41-4501-b567-cfc9760a5215/current/log_inprogress_0
2019-09-12 11:54:29,086 [Thread-201] INFO  impl.FollowerState (FollowerState.java:run(106)) - 74e5f15b-89e9-4724-9552-a6d94f3cc9a1:group-F02CC40C0296 changes to CANDIDATE, lastRpcTime:5182, electionTimeout:5182ms
2019-09-12 11:54:29,086 [Thread-201] INFO  impl.RoleInfo (RoleInfo.java:shutdownFollowerState(121)) - 74e5f15b-89e9-4724-9552-a6d94f3cc9a1: shutdown FollowerState
2019-09-12 11:54:29,086 [Thread-201] INFO  impl.RaftServerImpl (RaftServerImpl.java:setRole(171)) - 74e5f15b-89e9-4724-9552-a6d94f3cc9a1:group-F02CC40C0296 changes role from FOLLOWER to CANDIDATE at term 0 for changeToCandidate
2019-09-12 11:54:29,086 [Thread-201] INFO  impl.RoleInfo (RoleInfo.java:updateAndGet(143)) - 74e5f15b-89e9-4724-9552-a6d94f3cc9a1: start LeaderElection
2019-09-12 11:54:29,095 [74e5f15b-89e9-4724-9552-a6d94f3cc9a1:group-F02CC40C0296:LeaderElection8] INFO  impl.LeaderElection (LeaderElection.java:askForVotes(181)) - 74e5f15b-89e9-4724-9552-a6d94f3cc9a1:group-F02CC40C0296:LeaderElection8: begin an election at term 1 for -1: [74e5f15b-89e9-4724-9552-a6d94f3cc9a1:192.168.157.195:41743], old=null
2019-09-12 11:54:29,096 [74e5f15b-89e9-4724-9552-a6d94f3cc9a1:group-F02CC40C0296:LeaderElection8] INFO  impl.RoleInfo (RoleInfo.java:shutdownLeaderElection(134)) - 74e5f15b-89e9-4724-9552-a6d94f3cc9a1: shutdown LeaderElection
2019-09-12 11:54:29,096 [74e5f15b-89e9-4724-9552-a6d94f3cc9a1:group-F02CC40C0296:LeaderElection8] INFO  impl.RaftServerImpl (RaftServerImpl.java:setRole(171)) - 74e5f15b-89e9-4724-9552-a6d94f3cc9a1:group-F02CC40C0296 changes role from CANDIDATE to LEADER at term 1 for changeToLeader
2019-09-12 11:54:29,097 [74e5f15b-89e9-4724-9552-a6d94f3cc9a1:group-F02CC40C0296:LeaderElection8] INFO  impl.RaftServerImpl (ServerState.java:setLeader(263)) - 74e5f15b-89e9-4724-9552-a6d94f3cc9a1:group-F02CC40C0296 change Leader from null to 74e5f15b-89e9-4724-9552-a6d94f3cc9a1 at term 1 for becomeLeader, leader elected after 5197ms
2019-09-12 11:54:29,097 [74e5f15b-89e9-4724-9552-a6d94f3cc9a1:group-F02CC40C0296:LeaderElection8] INFO  server.RaftServerConfigKeys (ConfUtils.java:logGet(43)) - raft.server.staging.catchup.gap = 1000 (default)
2019-09-12 11:54:29,097 [74e5f15b-89e9-4724-9552-a6d94f3cc9a1:group-F02CC40C0296:LeaderElection8] INFO  server.RaftServerConfigKeys (ConfUtils.java:logGet(43)) - raft.server.rpc.sleep.time = 25ms (default)
2019-09-12 11:54:29,097 [74e5f15b-89e9-4724-9552-a6d94f3cc9a1:group-F02CC40C0296:LeaderElection8] INFO  server.RaftServerConfigKeys (ConfUtils.java:logGet(43)) - raft.server.write.element-limit = 4096 (default)
2019-09-12 11:54:29,097 [74e5f15b-89e9-4724-9552-a6d94f3cc9a1:group-F02CC40C0296:LeaderElection8] INFO  server.RaftServerConfigKeys (ConfUtils.java:logGet(43)) - raft.server.watch.timeout = 10s (default)
2019-09-12 11:54:29,097 [74e5f15b-89e9-4724-9552-a6d94f3cc9a1:group-F02CC40C0296:LeaderElection8] INFO  server.RaftServerConfigKeys (ConfUtils.java:logGet(43)) - raft.server.watch.timeout.denomination = 1s (default)
2019-09-12 11:54:29,097 [74e5f15b-89e9-4724-9552-a6d94f3cc9a1:group-F02CC40C0296:LeaderElection8] INFO  server.RaftServerConfigKeys (ConfUtils.java:logGet(43)) - raft.server.watch.element-limit = 65536 (default)
2019-09-12 11:54:29,098 [74e5f15b-89e9-4724-9552-a6d94f3cc9a1:group-F02CC40C0296:LeaderElection8] INFO  impl.RoleInfo (RoleInfo.java:updateAndGet(143)) - 74e5f15b-89e9-4724-9552-a6d94f3cc9a1: start LeaderState
2019-09-12 11:54:29,098 [74e5f15b-89e9-4724-9552-a6d94f3cc9a1:group-F02CC40C0296:LeaderElection8] INFO  segmented.SegmentedRaftLogWorker (SegmentedRaftLogWorker.java:startLogSegment(380)) - 74e5f15b-89e9-4724-9552-a6d94f3cc9a1-SegmentedRaftLogWorker:Storage Directory /workdir/hadoop-ozone/tools/target/test-dir/MiniOzoneClusterImpl-0461ad29-15f0-41be-8599-9d75adc7a6e0/datanode-2/data/ratis/5b1d80ea-fd80-4fab-9db5-f02cc40c0296: Starting segment from index:0
2019-09-12 11:54:29,098 [74e5f15b-89e9-4724-9552-a6d94f3cc9a1:group-F02CC40C0296:LeaderElection8] INFO  impl.RaftServerImpl (ServerState.java:setRaftConf(361)) - 74e5f15b-89e9-4724-9552-a6d94f3cc9a1:group-F02CC40C0296 set configuration 0: [74e5f15b-89e9-4724-9552-a6d94f3cc9a1:192.168.157.195:41743], old=null at 0
2019-09-12 11:54:29,133 [Thread-211] INFO  impl.FollowerState (FollowerState.java:run(106)) - 6b6db90b-d3a1-49d5-955a-ba6cd0451323:group-43264B07F67C changes to CANDIDATE, lastRpcTime:5040, electionTimeout:5029ms
2019-09-12 11:54:29,133 [Thread-211] INFO  impl.RoleInfo (RoleInfo.java:shutdownFollowerState(121)) - 6b6db90b-d3a1-49d5-955a-ba6cd0451323: shutdown FollowerState
2019-09-12 11:54:29,133 [Thread-211] INFO  impl.RaftServerImpl (RaftServerImpl.java:setRole(171)) - 6b6db90b-d3a1-49d5-955a-ba6cd0451323:group-43264B07F67C changes role from FOLLOWER to CANDIDATE at term 0 for changeToCandidate
2019-09-12 11:54:29,133 [Thread-211] INFO  impl.RoleInfo (RoleInfo.java:updateAndGet(143)) - 6b6db90b-d3a1-49d5-955a-ba6cd0451323: start LeaderElection
2019-09-12 11:54:29,142 [Thread-204] INFO  impl.FollowerState (FollowerState.java:run(106)) - 6b6db90b-d3a1-49d5-955a-ba6cd0451323:group-5DB4B1642706 changes to CANDIDATE, lastRpcTime:5177, electionTimeout:5177ms
2019-09-12 11:54:29,142 [Thread-204] INFO  impl.RoleInfo (RoleInfo.java:shutdownFollowerState(121)) - 6b6db90b-d3a1-49d5-955a-ba6cd0451323: shutdown FollowerState
2019-09-12 11:54:29,142 [Thread-204] INFO  impl.RaftServerImpl (RaftServerImpl.java:setRole(171)) - 6b6db90b-d3a1-49d5-955a-ba6cd0451323:group-5DB4B1642706 changes role from FOLLOWER to CANDIDATE at term 0 for changeToCandidate
2019-09-12 11:54:29,143 [Thread-204] INFO  impl.RoleInfo (RoleInfo.java:updateAndGet(143)) - 6b6db90b-d3a1-49d5-955a-ba6cd0451323: start LeaderElection
2019-09-12 11:54:29,146 [74e5f15b-89e9-4724-9552-a6d94f3cc9a1-SegmentedRaftLogWorker:Storage Directory /workdir/hadoop-ozone/tools/target/test-dir/MiniOzoneClusterImpl-0461ad29-15f0-41be-8599-9d75adc7a6e0/datanode-2/data/ratis/5b1d80ea-fd80-4fab-9db5-f02cc40c0296] INFO  segmented.SegmentedRaftLogWorker (SegmentedRaftLogWorker.java:execute(569)) - 74e5f15b-89e9-4724-9552-a6d94f3cc9a1-SegmentedRaftLogWorker:Storage Directory /workdir/hadoop-ozone/tools/target/test-dir/MiniOzoneClusterImpl-0461ad29-15f0-41be-8599-9d75adc7a6e0/datanode-2/data/ratis/5b1d80ea-fd80-4fab-9db5-f02cc40c0296: created new log segment /workdir/hadoop-ozone/tools/target/test-dir/MiniOzoneClusterImpl-0461ad29-15f0-41be-8599-9d75adc7a6e0/datanode-2/data/ratis/5b1d80ea-fd80-4fab-9db5-f02cc40c0296/current/log_inprogress_0
2019-09-12 11:54:29,146 [6b6db90b-d3a1-49d5-955a-ba6cd0451323:group-43264B07F67C:LeaderElection9] INFO  impl.LeaderElection (LeaderElection.java:askForVotes(181)) - 6b6db90b-d3a1-49d5-955a-ba6cd0451323:group-43264B07F67C:LeaderElection9: begin an election at term 1 for -1: [6b6db90b-d3a1-49d5-955a-ba6cd0451323:192.168.157.195:39461], old=null
2019-09-12 11:54:29,146 [6b6db90b-d3a1-49d5-955a-ba6cd0451323:group-43264B07F67C:LeaderElection9] INFO  impl.RoleInfo (RoleInfo.java:shutdownLeaderElection(134)) - 6b6db90b-d3a1-49d5-955a-ba6cd0451323: shutdown LeaderElection
2019-09-12 11:54:29,146 [6b6db90b-d3a1-49d5-955a-ba6cd0451323:group-43264B07F67C:LeaderElection9] INFO  impl.RaftServerImpl (RaftServerImpl.java:setRole(171)) - 6b6db90b-d3a1-49d5-955a-ba6cd0451323:group-43264B07F67C changes role from CANDIDATE to LEADER at term 1 for changeToLeader
2019-09-12 11:54:29,146 [6b6db90b-d3a1-49d5-955a-ba6cd0451323:group-43264B07F67C:LeaderElection9] INFO  impl.RaftServerImpl (ServerState.java:setLeader(263)) - 6b6db90b-d3a1-49d5-955a-ba6cd0451323:group-43264B07F67C change Leader from null to 6b6db90b-d3a1-49d5-955a-ba6cd0451323 at term 1 for becomeLeader, leader elected after 5057ms
2019-09-12 11:54:29,146 [6b6db90b-d3a1-49d5-955a-ba6cd0451323:group-43264B07F67C:LeaderElection9] INFO  server.RaftServerConfigKeys (ConfUtils.java:logGet(43)) - raft.server.staging.catchup.gap = 1000 (default)
2019-09-12 11:54:29,147 [6b6db90b-d3a1-49d5-955a-ba6cd0451323:group-43264B07F67C:LeaderElection9] INFO  server.RaftServerConfigKeys (ConfUtils.java:logGet(43)) - raft.server.rpc.sleep.time = 25ms (default)
2019-09-12 11:54:29,147 [6b6db90b-d3a1-49d5-955a-ba6cd0451323:group-43264B07F67C:LeaderElection9] INFO  server.RaftServerConfigKeys (ConfUtils.java:logGet(43)) - raft.server.write.element-limit = 4096 (default)
2019-09-12 11:54:29,147 [6b6db90b-d3a1-49d5-955a-ba6cd0451323:group-43264B07F67C:LeaderElection9] INFO  server.RaftServerConfigKeys (ConfUtils.java:logGet(43)) - raft.server.watch.timeout = 10s (default)
2019-09-12 11:54:29,147 [6b6db90b-d3a1-49d5-955a-ba6cd0451323:group-43264B07F67C:LeaderElection9] INFO  server.RaftServerConfigKeys (ConfUtils.java:logGet(43)) - raft.server.watch.timeout.denomination = 1s (default)
2019-09-12 11:54:29,147 [6b6db90b-d3a1-49d5-955a-ba6cd0451323:group-43264B07F67C:LeaderElection9] INFO  server.RaftServerConfigKeys (ConfUtils.java:logGet(43)) - raft.server.watch.element-limit = 65536 (default)
2019-09-12 11:54:29,147 [6b6db90b-d3a1-49d5-955a-ba6cd0451323:group-43264B07F67C:LeaderElection9] INFO  impl.RoleInfo (RoleInfo.java:updateAndGet(143)) - 6b6db90b-d3a1-49d5-955a-ba6cd0451323: start LeaderState
2019-09-12 11:54:29,148 [6b6db90b-d3a1-49d5-955a-ba6cd0451323:group-43264B07F67C:LeaderElection9] INFO  segmented.SegmentedRaftLogWorker (SegmentedRaftLogWorker.java:startLogSegment(380)) - 6b6db90b-d3a1-49d5-955a-ba6cd0451323-SegmentedRaftLogWorker:Storage Directory /workdir/hadoop-ozone/tools/target/test-dir/MiniOzoneClusterImpl-0461ad29-15f0-41be-8599-9d75adc7a6e0/datanode-1/data/ratis/e75da6e8-6bfb-415c-b6ce-43264b07f67c: Starting segment from index:0
2019-09-12 11:54:29,148 [6b6db90b-d3a1-49d5-955a-ba6cd0451323:group-43264B07F67C:LeaderElection9] INFO  impl.RaftServerImpl (ServerState.java:setRaftConf(361)) - 6b6db90b-d3a1-49d5-955a-ba6cd0451323:group-43264B07F67C set configuration 0: [6b6db90b-d3a1-49d5-955a-ba6cd0451323:192.168.157.195:39461], old=null at 0
2019-09-12 11:54:29,174 [Thread-208] INFO  impl.FollowerState (FollowerState.java:run(106)) - 74e5f15b-89e9-4724-9552-a6d94f3cc9a1:group-FDC1277CA060 changes to CANDIDATE, lastRpcTime:5141, electionTimeout:5140ms
2019-09-12 11:54:29,175 [Thread-208] INFO  impl.RoleInfo (RoleInfo.java:shutdownFollowerState(121)) - 74e5f15b-89e9-4724-9552-a6d94f3cc9a1: shutdown FollowerState
2019-09-12 11:54:29,175 [Thread-208] INFO  impl.RaftServerImpl (RaftServerImpl.java:setRole(171)) - 74e5f15b-89e9-4724-9552-a6d94f3cc9a1:group-FDC1277CA060 changes role from FOLLOWER to CANDIDATE at term 0 for changeToCandidate
2019-09-12 11:54:29,175 [6b6db90b-d3a1-49d5-955a-ba6cd0451323:group-5DB4B1642706:LeaderElection10] INFO  impl.LeaderElection (LeaderElection.java:askForVotes(181)) - 6b6db90b-d3a1-49d5-955a-ba6cd0451323:group-5DB4B1642706:LeaderElection10: begin an election at term 1 for -1: [6b6db90b-d3a1-49d5-955a-ba6cd0451323:192.168.157.195:39461], old=null
2019-09-12 11:54:29,175 [Thread-208] INFO  impl.RoleInfo (RoleInfo.java:updateAndGet(143)) - 74e5f15b-89e9-4724-9552-a6d94f3cc9a1: start LeaderElection
2019-09-12 11:54:29,175 [6b6db90b-d3a1-49d5-955a-ba6cd0451323:group-5DB4B1642706:LeaderElection10] INFO  impl.RoleInfo (RoleInfo.java:shutdownLeaderElection(134)) - 6b6db90b-d3a1-49d5-955a-ba6cd0451323: shutdown LeaderElection
2019-09-12 11:54:29,175 [6b6db90b-d3a1-49d5-955a-ba6cd0451323:group-5DB4B1642706:LeaderElection10] INFO  impl.RaftServerImpl (RaftServerImpl.java:setRole(171)) - 6b6db90b-d3a1-49d5-955a-ba6cd0451323:group-5DB4B1642706 changes role from CANDIDATE to LEADER at term 1 for changeToLeader
2019-09-12 11:54:29,178 [6b6db90b-d3a1-49d5-955a-ba6cd0451323:group-5DB4B1642706:LeaderElection10] INFO  impl.RaftServerImpl (ServerState.java:setLeader(263)) - 6b6db90b-d3a1-49d5-955a-ba6cd0451323:group-5DB4B1642706 change Leader from null to 6b6db90b-d3a1-49d5-955a-ba6cd0451323 at term 1 for becomeLeader, leader elected after 5216ms
2019-09-12 11:54:29,178 [6b6db90b-d3a1-49d5-955a-ba6cd0451323:group-5DB4B1642706:LeaderElection10] INFO  server.RaftServerConfigKeys (ConfUtils.java:logGet(43)) - raft.server.staging.catchup.gap = 1000 (default)
2019-09-12 11:54:29,178 [6b6db90b-d3a1-49d5-955a-ba6cd0451323:group-5DB4B1642706:LeaderElection10] INFO  server.RaftServerConfigKeys (ConfUtils.java:logGet(43)) - raft.server.rpc.sleep.time = 25ms (default)
2019-09-12 11:54:29,178 [6b6db90b-d3a1-49d5-955a-ba6cd0451323:group-5DB4B1642706:LeaderElection10] INFO  server.RaftServerConfigKeys (ConfUtils.java:logGet(43)) - raft.server.write.element-limit = 4096 (default)
2019-09-12 11:54:29,178 [6b6db90b-d3a1-49d5-955a-ba6cd0451323:group-5DB4B1642706:LeaderElection10] INFO  server.RaftServerConfigKeys (ConfUtils.java:logGet(43)) - raft.server.watch.timeout = 10s (default)
2019-09-12 11:54:29,178 [6b6db90b-d3a1-49d5-955a-ba6cd0451323:group-5DB4B1642706:LeaderElection10] INFO  server.RaftServerConfigKeys (ConfUtils.java:logGet(43)) - raft.server.watch.timeout.denomination = 1s (default)
2019-09-12 11:54:29,178 [6b6db90b-d3a1-49d5-955a-ba6cd0451323:group-5DB4B1642706:LeaderElection10] INFO  server.RaftServerConfigKeys (ConfUtils.java:logGet(43)) - raft.server.watch.element-limit = 65536 (default)
2019-09-12 11:54:29,179 [6b6db90b-d3a1-49d5-955a-ba6cd0451323:group-5DB4B1642706:LeaderElection10] INFO  impl.RoleInfo (RoleInfo.java:updateAndGet(143)) - 6b6db90b-d3a1-49d5-955a-ba6cd0451323: start LeaderState
2019-09-12 11:54:29,179 [6b6db90b-d3a1-49d5-955a-ba6cd0451323:group-5DB4B1642706:LeaderElection10] INFO  segmented.SegmentedRaftLogWorker (SegmentedRaftLogWorker.java:startLogSegment(380)) - 6b6db90b-d3a1-49d5-955a-ba6cd0451323-SegmentedRaftLogWorker:Storage Directory /workdir/hadoop-ozone/tools/target/test-dir/MiniOzoneClusterImpl-0461ad29-15f0-41be-8599-9d75adc7a6e0/datanode-1/data/ratis/a6deb77d-3bfe-4aa6-ab16-5db4b1642706: Starting segment from index:0
2019-09-12 11:54:29,179 [6b6db90b-d3a1-49d5-955a-ba6cd0451323:group-5DB4B1642706:LeaderElection10] INFO  impl.RaftServerImpl (ServerState.java:setRaftConf(361)) - 6b6db90b-d3a1-49d5-955a-ba6cd0451323:group-5DB4B1642706 set configuration 0: [6b6db90b-d3a1-49d5-955a-ba6cd0451323:192.168.157.195:39461], old=null at 0
2019-09-12 11:54:29,208 [6b6db90b-d3a1-49d5-955a-ba6cd0451323-SegmentedRaftLogWorker:Storage Directory /workdir/hadoop-ozone/tools/target/test-dir/MiniOzoneClusterImpl-0461ad29-15f0-41be-8599-9d75adc7a6e0/datanode-1/data/ratis/e75da6e8-6bfb-415c-b6ce-43264b07f67c] INFO  segmented.SegmentedRaftLogWorker (SegmentedRaftLogWorker.java:execute(569)) - 6b6db90b-d3a1-49d5-955a-ba6cd0451323-SegmentedRaftLogWorker:Storage Directory /workdir/hadoop-ozone/tools/target/test-dir/MiniOzoneClusterImpl-0461ad29-15f0-41be-8599-9d75adc7a6e0/datanode-1/data/ratis/e75da6e8-6bfb-415c-b6ce-43264b07f67c: created new log segment /workdir/hadoop-ozone/tools/target/test-dir/MiniOzoneClusterImpl-0461ad29-15f0-41be-8599-9d75adc7a6e0/datanode-1/data/ratis/e75da6e8-6bfb-415c-b6ce-43264b07f67c/current/log_inprogress_0
2019-09-12 11:54:29,208 [74e5f15b-89e9-4724-9552-a6d94f3cc9a1:group-FDC1277CA060:LeaderElection11] INFO  impl.LeaderElection (LeaderElection.java:askForVotes(181)) - 74e5f15b-89e9-4724-9552-a6d94f3cc9a1:group-FDC1277CA060:LeaderElection11: begin an election at term 1 for -1: [74e5f15b-89e9-4724-9552-a6d94f3cc9a1:192.168.157.195:41743], old=null
2019-09-12 11:54:29,208 [74e5f15b-89e9-4724-9552-a6d94f3cc9a1:group-FDC1277CA060:LeaderElection11] INFO  impl.RoleInfo (RoleInfo.java:shutdownLeaderElection(134)) - 74e5f15b-89e9-4724-9552-a6d94f3cc9a1: shutdown LeaderElection
2019-09-12 11:54:29,208 [74e5f15b-89e9-4724-9552-a6d94f3cc9a1:group-FDC1277CA060:LeaderElection11] INFO  impl.RaftServerImpl (RaftServerImpl.java:setRole(171)) - 74e5f15b-89e9-4724-9552-a6d94f3cc9a1:group-FDC1277CA060 changes role from CANDIDATE to LEADER at term 1 for changeToLeader
2019-09-12 11:54:29,208 [74e5f15b-89e9-4724-9552-a6d94f3cc9a1:group-FDC1277CA060:LeaderElection11] INFO  impl.RaftServerImpl (ServerState.java:setLeader(263)) - 74e5f15b-89e9-4724-9552-a6d94f3cc9a1:group-FDC1277CA060 change Leader from null to 74e5f15b-89e9-4724-9552-a6d94f3cc9a1 at term 1 for becomeLeader, leader elected after 5179ms
2019-09-12 11:54:29,209 [74e5f15b-89e9-4724-9552-a6d94f3cc9a1:group-FDC1277CA060:LeaderElection11] INFO  server.RaftServerConfigKeys (ConfUtils.java:logGet(43)) - raft.server.staging.catchup.gap = 1000 (default)
2019-09-12 11:54:29,209 [74e5f15b-89e9-4724-9552-a6d94f3cc9a1:group-FDC1277CA060:LeaderElection11] INFO  server.RaftServerConfigKeys (ConfUtils.java:logGet(43)) - raft.server.rpc.sleep.time = 25ms (default)
2019-09-12 11:54:29,209 [74e5f15b-89e9-4724-9552-a6d94f3cc9a1:group-FDC1277CA060:LeaderElection11] INFO  server.RaftServerConfigKeys (ConfUtils.java:logGet(43)) - raft.server.write.element-limit = 4096 (default)
2019-09-12 11:54:29,209 [74e5f15b-89e9-4724-9552-a6d94f3cc9a1:group-FDC1277CA060:LeaderElection11] INFO  server.RaftServerConfigKeys (ConfUtils.java:logGet(43)) - raft.server.watch.timeout = 10s (default)
2019-09-12 11:54:29,209 [74e5f15b-89e9-4724-9552-a6d94f3cc9a1:group-FDC1277CA060:LeaderElection11] INFO  server.RaftServerConfigKeys (ConfUtils.java:logGet(43)) - raft.server.watch.timeout.denomination = 1s (default)
2019-09-12 11:54:29,209 [74e5f15b-89e9-4724-9552-a6d94f3cc9a1:group-FDC1277CA060:LeaderElection11] INFO  server.RaftServerConfigKeys (ConfUtils.java:logGet(43)) - raft.server.watch.element-limit = 65536 (default)
2019-09-12 11:54:29,209 [74e5f15b-89e9-4724-9552-a6d94f3cc9a1:group-FDC1277CA060:LeaderElection11] INFO  impl.RoleInfo (RoleInfo.java:updateAndGet(143)) - 74e5f15b-89e9-4724-9552-a6d94f3cc9a1: start LeaderState
2019-09-12 11:54:29,210 [74e5f15b-89e9-4724-9552-a6d94f3cc9a1:group-FDC1277CA060:LeaderElection11] INFO  segmented.SegmentedRaftLogWorker (SegmentedRaftLogWorker.java:startLogSegment(380)) - 74e5f15b-89e9-4724-9552-a6d94f3cc9a1-SegmentedRaftLogWorker:Storage Directory /workdir/hadoop-ozone/tools/target/test-dir/MiniOzoneClusterImpl-0461ad29-15f0-41be-8599-9d75adc7a6e0/datanode-2/data/ratis/2dfaad6d-4d02-4f69-bb6b-fdc1277ca060: Starting segment from index:0
2019-09-12 11:54:29,210 [74e5f15b-89e9-4724-9552-a6d94f3cc9a1:group-FDC1277CA060:LeaderElection11] INFO  impl.RaftServerImpl (ServerState.java:setRaftConf(361)) - 74e5f15b-89e9-4724-9552-a6d94f3cc9a1:group-FDC1277CA060 set configuration 0: [74e5f15b-89e9-4724-9552-a6d94f3cc9a1:192.168.157.195:41743], old=null at 0
2019-09-12 11:54:29,236 [6b6db90b-d3a1-49d5-955a-ba6cd0451323-SegmentedRaftLogWorker:Storage Directory /workdir/hadoop-ozone/tools/target/test-dir/MiniOzoneClusterImpl-0461ad29-15f0-41be-8599-9d75adc7a6e0/datanode-1/data/ratis/a6deb77d-3bfe-4aa6-ab16-5db4b1642706] INFO  segmented.SegmentedRaftLogWorker (SegmentedRaftLogWorker.java:execute(569)) - 6b6db90b-d3a1-49d5-955a-ba6cd0451323-SegmentedRaftLogWorker:Storage Directory /workdir/hadoop-ozone/tools/target/test-dir/MiniOzoneClusterImpl-0461ad29-15f0-41be-8599-9d75adc7a6e0/datanode-1/data/ratis/a6deb77d-3bfe-4aa6-ab16-5db4b1642706: created new log segment /workdir/hadoop-ozone/tools/target/test-dir/MiniOzoneClusterImpl-0461ad29-15f0-41be-8599-9d75adc7a6e0/datanode-1/data/ratis/a6deb77d-3bfe-4aa6-ab16-5db4b1642706/current/log_inprogress_0
 0.00% |█                                                                                                    |  0/1 Time: 0:00:052019-09-12 11:54:29,240 | INFO  | SCMAudit | user=jenkins1000 | ip=192.168.157.195 | op=SEND_HEARTBEAT {datanodeUUID=838719cc-490b-4c03-a095-19a61aedb9ec, command=[]} | ret=SUCCESS |  
2019-09-12 11:54:29,248 [74e5f15b-89e9-4724-9552-a6d94f3cc9a1-SegmentedRaftLogWorker:Storage Directory /workdir/hadoop-ozone/tools/target/test-dir/MiniOzoneClusterImpl-0461ad29-15f0-41be-8599-9d75adc7a6e0/datanode-2/data/ratis/2dfaad6d-4d02-4f69-bb6b-fdc1277ca060] INFO  segmented.SegmentedRaftLogWorker (SegmentedRaftLogWorker.java:execute(569)) - 74e5f15b-89e9-4724-9552-a6d94f3cc9a1-SegmentedRaftLogWorker:Storage Directory /workdir/hadoop-ozone/tools/target/test-dir/MiniOzoneClusterImpl-0461ad29-15f0-41be-8599-9d75adc7a6e0/datanode-2/data/ratis/2dfaad6d-4d02-4f69-bb6b-fdc1277ca060: created new log segment /workdir/hadoop-ozone/tools/target/test-dir/MiniOzoneClusterImpl-0461ad29-15f0-41be-8599-9d75adc7a6e0/datanode-2/data/ratis/2dfaad6d-4d02-4f69-bb6b-fdc1277ca060/current/log_inprogress_0
2019-09-12 11:54:29,309 [Thread-214] INFO  impl.FollowerState (FollowerState.java:run(106)) - 838719cc-490b-4c03-a095-19a61aedb9ec:group-C8F4D44F6443 changes to CANDIDATE, lastRpcTime:5163, electionTimeout:5163ms
2019-09-12 11:54:29,310 [Thread-214] INFO  impl.RoleInfo (RoleInfo.java:shutdownFollowerState(121)) - 838719cc-490b-4c03-a095-19a61aedb9ec: shutdown FollowerState
2019-09-12 11:54:29,310 [Thread-214] INFO  impl.RaftServerImpl (RaftServerImpl.java:setRole(171)) - 838719cc-490b-4c03-a095-19a61aedb9ec:group-C8F4D44F6443 changes role from FOLLOWER to CANDIDATE at term 0 for changeToCandidate
2019-09-12 11:54:29,311 [Thread-214] INFO  impl.RoleInfo (RoleInfo.java:updateAndGet(143)) - 838719cc-490b-4c03-a095-19a61aedb9ec: start LeaderElection
2019-09-12 11:54:29,321 [Thread-224] INFO  impl.FollowerState (FollowerState.java:run(106)) - 838719cc-490b-4c03-a095-19a61aedb9ec:group-C5CF7B47FCDA changes to CANDIDATE, lastRpcTime:5068, electionTimeout:5068ms
2019-09-12 11:54:29,321 [Thread-224] INFO  impl.RoleInfo (RoleInfo.java:shutdownFollowerState(121)) - 838719cc-490b-4c03-a095-19a61aedb9ec: shutdown FollowerState
2019-09-12 11:54:29,321 [Thread-224] INFO  impl.RaftServerImpl (RaftServerImpl.java:setRole(171)) - 838719cc-490b-4c03-a095-19a61aedb9ec:group-C5CF7B47FCDA changes role from FOLLOWER to CANDIDATE at term 0 for changeToCandidate
2019-09-12 11:54:29,322 [Thread-224] INFO  impl.RoleInfo (RoleInfo.java:updateAndGet(143)) - 838719cc-490b-4c03-a095-19a61aedb9ec: start LeaderElection
2019-09-12 11:54:29,326 [838719cc-490b-4c03-a095-19a61aedb9ec:group-C8F4D44F6443:LeaderElection12] INFO  impl.LeaderElection (LeaderElection.java:askForVotes(181)) - 838719cc-490b-4c03-a095-19a61aedb9ec:group-C8F4D44F6443:LeaderElection12: begin an election at term 1 for -1: [838719cc-490b-4c03-a095-19a61aedb9ec:192.168.157.195:35393], old=null
2019-09-12 11:54:29,326 [838719cc-490b-4c03-a095-19a61aedb9ec:group-C8F4D44F6443:LeaderElection12] INFO  impl.RoleInfo (RoleInfo.java:shutdownLeaderElection(134)) - 838719cc-490b-4c03-a095-19a61aedb9ec: shutdown LeaderElection
2019-09-12 11:54:29,326 [838719cc-490b-4c03-a095-19a61aedb9ec:group-C8F4D44F6443:LeaderElection12] INFO  impl.RaftServerImpl (RaftServerImpl.java:setRole(171)) - 838719cc-490b-4c03-a095-19a61aedb9ec:group-C8F4D44F6443 changes role from CANDIDATE to LEADER at term 1 for changeToLeader
2019-09-12 11:54:29,326 [838719cc-490b-4c03-a095-19a61aedb9ec:group-C8F4D44F6443:LeaderElection12] INFO  impl.RaftServerImpl (ServerState.java:setLeader(263)) - 838719cc-490b-4c03-a095-19a61aedb9ec:group-C8F4D44F6443 change Leader from null to 838719cc-490b-4c03-a095-19a61aedb9ec at term 1 for becomeLeader, leader elected after 5184ms
2019-09-12 11:54:29,326 [838719cc-490b-4c03-a095-19a61aedb9ec:group-C8F4D44F6443:LeaderElection12] INFO  server.RaftServerConfigKeys (ConfUtils.java:logGet(43)) - raft.server.staging.catchup.gap = 1000 (default)
2019-09-12 11:54:29,327 [838719cc-490b-4c03-a095-19a61aedb9ec:group-C8F4D44F6443:LeaderElection12] INFO  server.RaftServerConfigKeys (ConfUtils.java:logGet(43)) - raft.server.rpc.sleep.time = 25ms (default)
2019-09-12 11:54:29,327 [838719cc-490b-4c03-a095-19a61aedb9ec:group-C8F4D44F6443:LeaderElection12] INFO  server.RaftServerConfigKeys (ConfUtils.java:logGet(43)) - raft.server.write.element-limit = 4096 (default)
2019-09-12 11:54:29,327 [838719cc-490b-4c03-a095-19a61aedb9ec:group-C8F4D44F6443:LeaderElection12] INFO  server.RaftServerConfigKeys (ConfUtils.java:logGet(43)) - raft.server.watch.timeout = 10s (default)
2019-09-12 11:54:29,327 [838719cc-490b-4c03-a095-19a61aedb9ec:group-C8F4D44F6443:LeaderElection12] INFO  server.RaftServerConfigKeys (ConfUtils.java:logGet(43)) - raft.server.watch.timeout.denomination = 1s (default)
2019-09-12 11:54:29,327 [838719cc-490b-4c03-a095-19a61aedb9ec:group-C8F4D44F6443:LeaderElection12] INFO  server.RaftServerConfigKeys (ConfUtils.java:logGet(43)) - raft.server.watch.element-limit = 65536 (default)
2019-09-12 11:54:29,327 [838719cc-490b-4c03-a095-19a61aedb9ec:group-C8F4D44F6443:LeaderElection12] INFO  impl.RoleInfo (RoleInfo.java:updateAndGet(143)) - 838719cc-490b-4c03-a095-19a61aedb9ec: start LeaderState
2019-09-12 11:54:29,328 [838719cc-490b-4c03-a095-19a61aedb9ec:group-C8F4D44F6443:LeaderElection12] INFO  segmented.SegmentedRaftLogWorker (SegmentedRaftLogWorker.java:startLogSegment(380)) - 838719cc-490b-4c03-a095-19a61aedb9ec-SegmentedRaftLogWorker:Storage Directory /workdir/hadoop-ozone/tools/target/test-dir/MiniOzoneClusterImpl-0461ad29-15f0-41be-8599-9d75adc7a6e0/datanode-0/data/ratis/873476a2-2183-4876-b5fe-c8f4d44f6443: Starting segment from index:0
2019-09-12 11:54:29,328 [838719cc-490b-4c03-a095-19a61aedb9ec:group-C5CF7B47FCDA:LeaderElection13] INFO  impl.LeaderElection (LeaderElection.java:askForVotes(181)) - 838719cc-490b-4c03-a095-19a61aedb9ec:group-C5CF7B47FCDA:LeaderElection13: begin an election at term 1 for -1: [838719cc-490b-4c03-a095-19a61aedb9ec:192.168.157.195:35393], old=null
2019-09-12 11:54:29,328 [838719cc-490b-4c03-a095-19a61aedb9ec:group-C5CF7B47FCDA:LeaderElection13] INFO  impl.RoleInfo (RoleInfo.java:shutdownLeaderElection(134)) - 838719cc-490b-4c03-a095-19a61aedb9ec: shutdown LeaderElection
2019-09-12 11:54:29,328 [838719cc-490b-4c03-a095-19a61aedb9ec:group-C8F4D44F6443:LeaderElection12] INFO  impl.RaftServerImpl (ServerState.java:setRaftConf(361)) - 838719cc-490b-4c03-a095-19a61aedb9ec:group-C8F4D44F6443 set configuration 0: [838719cc-490b-4c03-a095-19a61aedb9ec:192.168.157.195:35393], old=null at 0
2019-09-12 11:54:29,328 [838719cc-490b-4c03-a095-19a61aedb9ec:group-C5CF7B47FCDA:LeaderElection13] INFO  impl.RaftServerImpl (RaftServerImpl.java:setRole(171)) - 838719cc-490b-4c03-a095-19a61aedb9ec:group-C5CF7B47FCDA changes role from CANDIDATE to LEADER at term 1 for changeToLeader
2019-09-12 11:54:29,355 [838719cc-490b-4c03-a095-19a61aedb9ec:group-C5CF7B47FCDA:LeaderElection13] INFO  impl.RaftServerImpl (ServerState.java:setLeader(263)) - 838719cc-490b-4c03-a095-19a61aedb9ec:group-C5CF7B47FCDA change Leader from null to 838719cc-490b-4c03-a095-19a61aedb9ec at term 1 for becomeLeader, leader elected after 5106ms
2019-09-12 11:54:29,356 [838719cc-490b-4c03-a095-19a61aedb9ec:group-C5CF7B47FCDA:LeaderElection13] INFO  server.RaftServerConfigKeys (ConfUtils.java:logGet(43)) - raft.server.staging.catchup.gap = 1000 (default)
2019-09-12 11:54:29,356 [838719cc-490b-4c03-a095-19a61aedb9ec:group-C5CF7B47FCDA:LeaderElection13] INFO  server.RaftServerConfigKeys (ConfUtils.java:logGet(43)) - raft.server.rpc.sleep.time = 25ms (default)
2019-09-12 11:54:29,356 [838719cc-490b-4c03-a095-19a61aedb9ec:group-C5CF7B47FCDA:LeaderElection13] INFO  server.RaftServerConfigKeys (ConfUtils.java:logGet(43)) - raft.server.write.element-limit = 4096 (default)
2019-09-12 11:54:29,356 [838719cc-490b-4c03-a095-19a61aedb9ec:group-C5CF7B47FCDA:LeaderElection13] INFO  server.RaftServerConfigKeys (ConfUtils.java:logGet(43)) - raft.server.watch.timeout = 10s (default)
2019-09-12 11:54:29,356 [838719cc-490b-4c03-a095-19a61aedb9ec:group-C5CF7B47FCDA:LeaderElection13] INFO  server.RaftServerConfigKeys (ConfUtils.java:logGet(43)) - raft.server.watch.timeout.denomination = 1s (default)
2019-09-12 11:54:29,357 [838719cc-490b-4c03-a095-19a61aedb9ec:group-C5CF7B47FCDA:LeaderElection13] INFO  server.RaftServerConfigKeys (ConfUtils.java:logGet(43)) - raft.server.watch.element-limit = 65536 (default)
2019-09-12 11:54:29,357 [838719cc-490b-4c03-a095-19a61aedb9ec:group-C5CF7B47FCDA:LeaderElection13] INFO  impl.RoleInfo (RoleInfo.java:updateAndGet(143)) - 838719cc-490b-4c03-a095-19a61aedb9ec: start LeaderState
2019-09-12 11:54:29,357 [838719cc-490b-4c03-a095-19a61aedb9ec:group-C5CF7B47FCDA:LeaderElection13] INFO  segmented.SegmentedRaftLogWorker (SegmentedRaftLogWorker.java:startLogSegment(380)) - 838719cc-490b-4c03-a095-19a61aedb9ec-SegmentedRaftLogWorker:Storage Directory /workdir/hadoop-ozone/tools/target/test-dir/MiniOzoneClusterImpl-0461ad29-15f0-41be-8599-9d75adc7a6e0/datanode-0/data/ratis/70fc3358-016e-4fa5-af7e-c5cf7b47fcda: Starting segment from index:0
2019-09-12 11:54:29,358 [838719cc-490b-4c03-a095-19a61aedb9ec:group-C5CF7B47FCDA:LeaderElection13] INFO  impl.RaftServerImpl (ServerState.java:setRaftConf(361)) - 838719cc-490b-4c03-a095-19a61aedb9ec:group-C5CF7B47FCDA set configuration 0: [838719cc-490b-4c03-a095-19a61aedb9ec:192.168.157.195:35393], old=null at 0
2019-09-12 11:54:29,393 [Thread-218] INFO  impl.FollowerState (FollowerState.java:run(106)) - 74e5f15b-89e9-4724-9552-a6d94f3cc9a1:group-F944BC4067B9 changes to CANDIDATE, lastRpcTime:5191, electionTimeout:5185ms
2019-09-12 11:54:29,393 [838719cc-490b-4c03-a095-19a61aedb9ec-SegmentedRaftLogWorker:Storage Directory /workdir/hadoop-ozone/tools/target/test-dir/MiniOzoneClusterImpl-0461ad29-15f0-41be-8599-9d75adc7a6e0/datanode-0/data/ratis/873476a2-2183-4876-b5fe-c8f4d44f6443] INFO  segmented.SegmentedRaftLogWorker (SegmentedRaftLogWorker.java:execute(569)) - 838719cc-490b-4c03-a095-19a61aedb9ec-SegmentedRaftLogWorker:Storage Directory /workdir/hadoop-ozone/tools/target/test-dir/MiniOzoneClusterImpl-0461ad29-15f0-41be-8599-9d75adc7a6e0/datanode-0/data/ratis/873476a2-2183-4876-b5fe-c8f4d44f6443: created new log segment /workdir/hadoop-ozone/tools/target/test-dir/MiniOzoneClusterImpl-0461ad29-15f0-41be-8599-9d75adc7a6e0/datanode-0/data/ratis/873476a2-2183-4876-b5fe-c8f4d44f6443/current/log_inprogress_0
2019-09-12 11:54:29,393 [Thread-218] INFO  impl.RoleInfo (RoleInfo.java:shutdownFollowerState(121)) - 74e5f15b-89e9-4724-9552-a6d94f3cc9a1: shutdown FollowerState
2019-09-12 11:54:29,393 [Thread-218] INFO  impl.RaftServerImpl (RaftServerImpl.java:setRole(171)) - 74e5f15b-89e9-4724-9552-a6d94f3cc9a1:group-F944BC4067B9 changes role from FOLLOWER to CANDIDATE at term 0 for changeToCandidate
2019-09-12 11:54:29,393 [Thread-218] INFO  impl.RoleInfo (RoleInfo.java:updateAndGet(143)) - 74e5f15b-89e9-4724-9552-a6d94f3cc9a1: start LeaderElection
2019-09-12 11:54:29,406 [838719cc-490b-4c03-a095-19a61aedb9ec-SegmentedRaftLogWorker:Storage Directory /workdir/hadoop-ozone/tools/target/test-dir/MiniOzoneClusterImpl-0461ad29-15f0-41be-8599-9d75adc7a6e0/datanode-0/data/ratis/70fc3358-016e-4fa5-af7e-c5cf7b47fcda] INFO  segmented.SegmentedRaftLogWorker (SegmentedRaftLogWorker.java:execute(569)) - 838719cc-490b-4c03-a095-19a61aedb9ec-SegmentedRaftLogWorker:Storage Directory /workdir/hadoop-ozone/tools/target/test-dir/MiniOzoneClusterImpl-0461ad29-15f0-41be-8599-9d75adc7a6e0/datanode-0/data/ratis/70fc3358-016e-4fa5-af7e-c5cf7b47fcda: created new log segment /workdir/hadoop-ozone/tools/target/test-dir/MiniOzoneClusterImpl-0461ad29-15f0-41be-8599-9d75adc7a6e0/datanode-0/data/ratis/70fc3358-016e-4fa5-af7e-c5cf7b47fcda/current/log_inprogress_0
2019-09-12 11:54:29,406 [74e5f15b-89e9-4724-9552-a6d94f3cc9a1:group-F944BC4067B9:LeaderElection14] INFO  impl.LeaderElection (LeaderElection.java:askForVotes(181)) - 74e5f15b-89e9-4724-9552-a6d94f3cc9a1:group-F944BC4067B9:LeaderElection14: begin an election at term 1 for -1: [74e5f15b-89e9-4724-9552-a6d94f3cc9a1:192.168.157.195:41743], old=null
2019-09-12 11:54:29,406 [74e5f15b-89e9-4724-9552-a6d94f3cc9a1:group-F944BC4067B9:LeaderElection14] INFO  impl.RoleInfo (RoleInfo.java:shutdownLeaderElection(134)) - 74e5f15b-89e9-4724-9552-a6d94f3cc9a1: shutdown LeaderElection
2019-09-12 11:54:29,407 [74e5f15b-89e9-4724-9552-a6d94f3cc9a1:group-F944BC4067B9:LeaderElection14] INFO  impl.RaftServerImpl (RaftServerImpl.java:setRole(171)) - 74e5f15b-89e9-4724-9552-a6d94f3cc9a1:group-F944BC4067B9 changes role from CANDIDATE to LEADER at term 1 for changeToLeader
2019-09-12 11:54:29,407 [74e5f15b-89e9-4724-9552-a6d94f3cc9a1:group-F944BC4067B9:LeaderElection14] INFO  impl.RaftServerImpl (ServerState.java:setLeader(263)) - 74e5f15b-89e9-4724-9552-a6d94f3cc9a1:group-F944BC4067B9 change Leader from null to 74e5f15b-89e9-4724-9552-a6d94f3cc9a1 at term 1 for becomeLeader, leader elected after 5211ms
2019-09-12 11:54:29,407 [74e5f15b-89e9-4724-9552-a6d94f3cc9a1:group-F944BC4067B9:LeaderElection14] INFO  server.RaftServerConfigKeys (ConfUtils.java:logGet(43)) - raft.server.staging.catchup.gap = 1000 (default)
2019-09-12 11:54:29,407 [74e5f15b-89e9-4724-9552-a6d94f3cc9a1:group-F944BC4067B9:LeaderElection14] INFO  server.RaftServerConfigKeys (ConfUtils.java:logGet(43)) - raft.server.rpc.sleep.time = 25ms (default)
2019-09-12 11:54:29,407 [74e5f15b-89e9-4724-9552-a6d94f3cc9a1:group-F944BC4067B9:LeaderElection14] INFO  server.RaftServerConfigKeys (ConfUtils.java:logGet(43)) - raft.server.write.element-limit = 4096 (default)
2019-09-12 11:54:29,407 [74e5f15b-89e9-4724-9552-a6d94f3cc9a1:group-F944BC4067B9:LeaderElection14] INFO  server.RaftServerConfigKeys (ConfUtils.java:logGet(43)) - raft.server.watch.timeout = 10s (default)
2019-09-12 11:54:29,407 [74e5f15b-89e9-4724-9552-a6d94f3cc9a1:group-F944BC4067B9:LeaderElection14] INFO  server.RaftServerConfigKeys (ConfUtils.java:logGet(43)) - raft.server.watch.timeout.denomination = 1s (default)
2019-09-12 11:54:29,407 [74e5f15b-89e9-4724-9552-a6d94f3cc9a1:group-F944BC4067B9:LeaderElection14] INFO  server.RaftServerConfigKeys (ConfUtils.java:logGet(43)) - raft.server.watch.element-limit = 65536 (default)
2019-09-12 11:54:29,408 [74e5f15b-89e9-4724-9552-a6d94f3cc9a1:group-F944BC4067B9:LeaderElection14] INFO  impl.RoleInfo (RoleInfo.java:updateAndGet(143)) - 74e5f15b-89e9-4724-9552-a6d94f3cc9a1: start LeaderState
2019-09-12 11:54:29,408 [74e5f15b-89e9-4724-9552-a6d94f3cc9a1:group-F944BC4067B9:LeaderElection14] INFO  segmented.SegmentedRaftLogWorker (SegmentedRaftLogWorker.java:startLogSegment(380)) - 74e5f15b-89e9-4724-9552-a6d94f3cc9a1-SegmentedRaftLogWorker:Storage Directory /workdir/hadoop-ozone/tools/target/test-dir/MiniOzoneClusterImpl-0461ad29-15f0-41be-8599-9d75adc7a6e0/datanode-2/data/ratis/4e11c58f-8a11-4878-9870-f944bc4067b9: Starting segment from index:0
2019-09-12 11:54:29,409 [74e5f15b-89e9-4724-9552-a6d94f3cc9a1:group-F944BC4067B9:LeaderElection14] INFO  impl.RaftServerImpl (ServerState.java:setRaftConf(361)) - 74e5f15b-89e9-4724-9552-a6d94f3cc9a1:group-F944BC4067B9 set configuration 0: [74e5f15b-89e9-4724-9552-a6d94f3cc9a1:192.168.157.195:41743], old=null at 0
2019-09-12 11:54:29,435 [Thread-227] INFO  impl.FollowerState (FollowerState.java:run(106)) - 6b6db90b-d3a1-49d5-955a-ba6cd0451323:group-91A382AEDB94 changes to CANDIDATE, lastRpcTime:5116, electionTimeout:5101ms
2019-09-12 11:54:29,436 [Thread-227] INFO  impl.RoleInfo (RoleInfo.java:shutdownFollowerState(121)) - 6b6db90b-d3a1-49d5-955a-ba6cd0451323: shutdown FollowerState
2019-09-12 11:54:29,436 [Thread-227] INFO  impl.RaftServerImpl (RaftServerImpl.java:setRole(171)) - 6b6db90b-d3a1-49d5-955a-ba6cd0451323:group-91A382AEDB94 changes role from FOLLOWER to CANDIDATE at term 0 for changeToCandidate
2019-09-12 11:54:29,436 [Thread-227] INFO  impl.RoleInfo (RoleInfo.java:updateAndGet(143)) - 6b6db90b-d3a1-49d5-955a-ba6cd0451323: start LeaderElection
2019-09-12 11:54:29,448 [74e5f15b-89e9-4724-9552-a6d94f3cc9a1-SegmentedRaftLogWorker:Storage Directory /workdir/hadoop-ozone/tools/target/test-dir/MiniOzoneClusterImpl-0461ad29-15f0-41be-8599-9d75adc7a6e0/datanode-2/data/ratis/4e11c58f-8a11-4878-9870-f944bc4067b9] INFO  segmented.SegmentedRaftLogWorker (SegmentedRaftLogWorker.java:execute(569)) - 74e5f15b-89e9-4724-9552-a6d94f3cc9a1-SegmentedRaftLogWorker:Storage Directory /workdir/hadoop-ozone/tools/target/test-dir/MiniOzoneClusterImpl-0461ad29-15f0-41be-8599-9d75adc7a6e0/datanode-2/data/ratis/4e11c58f-8a11-4878-9870-f944bc4067b9: created new log segment /workdir/hadoop-ozone/tools/target/test-dir/MiniOzoneClusterImpl-0461ad29-15f0-41be-8599-9d75adc7a6e0/datanode-2/data/ratis/4e11c58f-8a11-4878-9870-f944bc4067b9/current/log_inprogress_0
2019-09-12 11:54:29,448 [6b6db90b-d3a1-49d5-955a-ba6cd0451323:group-91A382AEDB94:LeaderElection15] INFO  impl.LeaderElection (LeaderElection.java:askForVotes(181)) - 6b6db90b-d3a1-49d5-955a-ba6cd0451323:group-91A382AEDB94:LeaderElection15: begin an election at term 1 for -1: [6b6db90b-d3a1-49d5-955a-ba6cd0451323:192.168.157.195:39461], old=null
2019-09-12 11:54:29,448 [6b6db90b-d3a1-49d5-955a-ba6cd0451323:group-91A382AEDB94:LeaderElection15] INFO  impl.RoleInfo (RoleInfo.java:shutdownLeaderElection(134)) - 6b6db90b-d3a1-49d5-955a-ba6cd0451323: shutdown LeaderElection
2019-09-12 11:54:29,448 [6b6db90b-d3a1-49d5-955a-ba6cd0451323:group-91A382AEDB94:LeaderElection15] INFO  impl.RaftServerImpl (RaftServerImpl.java:setRole(171)) - 6b6db90b-d3a1-49d5-955a-ba6cd0451323:group-91A382AEDB94 changes role from CANDIDATE to LEADER at term 1 for changeToLeader
2019-09-12 11:54:29,448 [6b6db90b-d3a1-49d5-955a-ba6cd0451323:group-91A382AEDB94:LeaderElection15] INFO  impl.RaftServerImpl (ServerState.java:setLeader(263)) - 6b6db90b-d3a1-49d5-955a-ba6cd0451323:group-91A382AEDB94 change Leader from null to 6b6db90b-d3a1-49d5-955a-ba6cd0451323 at term 1 for becomeLeader, leader elected after 5136ms
2019-09-12 11:54:29,449 [6b6db90b-d3a1-49d5-955a-ba6cd0451323:group-91A382AEDB94:LeaderElection15] INFO  server.RaftServerConfigKeys (ConfUtils.java:logGet(43)) - raft.server.staging.catchup.gap = 1000 (default)
2019-09-12 11:54:29,449 [6b6db90b-d3a1-49d5-955a-ba6cd0451323:group-91A382AEDB94:LeaderElection15] INFO  server.RaftServerConfigKeys (ConfUtils.java:logGet(43)) - raft.server.rpc.sleep.time = 25ms (default)
2019-09-12 11:54:29,449 [6b6db90b-d3a1-49d5-955a-ba6cd0451323:group-91A382AEDB94:LeaderElection15] INFO  server.RaftServerConfigKeys (ConfUtils.java:logGet(43)) - raft.server.write.element-limit = 4096 (default)
2019-09-12 11:54:29,449 [6b6db90b-d3a1-49d5-955a-ba6cd0451323:group-91A382AEDB94:LeaderElection15] INFO  server.RaftServerConfigKeys (ConfUtils.java:logGet(43)) - raft.server.watch.timeout = 10s (default)
2019-09-12 11:54:29,449 [6b6db90b-d3a1-49d5-955a-ba6cd0451323:group-91A382AEDB94:LeaderElection15] INFO  server.RaftServerConfigKeys (ConfUtils.java:logGet(43)) - raft.server.watch.timeout.denomination = 1s (default)
2019-09-12 11:54:29,450 [6b6db90b-d3a1-49d5-955a-ba6cd0451323:group-91A382AEDB94:LeaderElection15] INFO  server.RaftServerConfigKeys (ConfUtils.java:logGet(43)) - raft.server.watch.element-limit = 65536 (default)
2019-09-12 11:54:29,450 [6b6db90b-d3a1-49d5-955a-ba6cd0451323:group-91A382AEDB94:LeaderElection15] INFO  impl.RoleInfo (RoleInfo.java:updateAndGet(143)) - 6b6db90b-d3a1-49d5-955a-ba6cd0451323: start LeaderState
2019-09-12 11:54:29,450 [6b6db90b-d3a1-49d5-955a-ba6cd0451323:group-91A382AEDB94:LeaderElection15] INFO  segmented.SegmentedRaftLogWorker (SegmentedRaftLogWorker.java:startLogSegment(380)) - 6b6db90b-d3a1-49d5-955a-ba6cd0451323-SegmentedRaftLogWorker:Storage Directory /workdir/hadoop-ozone/tools/target/test-dir/MiniOzoneClusterImpl-0461ad29-15f0-41be-8599-9d75adc7a6e0/datanode-1/data/ratis/10189217-e921-4c43-947e-91a382aedb94: Starting segment from index:0
2019-09-12 11:54:29,451 [6b6db90b-d3a1-49d5-955a-ba6cd0451323:group-91A382AEDB94:LeaderElection15] INFO  impl.RaftServerImpl (ServerState.java:setRaftConf(361)) - 6b6db90b-d3a1-49d5-955a-ba6cd0451323:group-91A382AEDB94 set configuration 0: [6b6db90b-d3a1-49d5-955a-ba6cd0451323:192.168.157.195:39461], old=null at 0
2019-09-12 11:54:29,478 [Thread-233] INFO  impl.FollowerState (FollowerState.java:run(106)) - 74e5f15b-89e9-4724-9552-a6d94f3cc9a1:group-0A85C65FCE25 changes to CANDIDATE, lastRpcTime:5047, electionTimeout:5025ms
2019-09-12 11:54:29,479 [Thread-233] INFO  impl.RoleInfo (RoleInfo.java:shutdownFollowerState(121)) - 74e5f15b-89e9-4724-9552-a6d94f3cc9a1: shutdown FollowerState
2019-09-12 11:54:29,479 [Thread-233] INFO  impl.RaftServerImpl (RaftServerImpl.java:setRole(171)) - 74e5f15b-89e9-4724-9552-a6d94f3cc9a1:group-0A85C65FCE25 changes role from FOLLOWER to CANDIDATE at term 0 for changeToCandidate
2019-09-12 11:54:29,479 [Thread-233] INFO  impl.RoleInfo (RoleInfo.java:updateAndGet(143)) - 74e5f15b-89e9-4724-9552-a6d94f3cc9a1: start LeaderElection
2019-09-12 11:54:29,491 [6b6db90b-d3a1-49d5-955a-ba6cd0451323-SegmentedRaftLogWorker:Storage Directory /workdir/hadoop-ozone/tools/target/test-dir/MiniOzoneClusterImpl-0461ad29-15f0-41be-8599-9d75adc7a6e0/datanode-1/data/ratis/10189217-e921-4c43-947e-91a382aedb94] INFO  segmented.SegmentedRaftLogWorker (SegmentedRaftLogWorker.java:execute(569)) - 6b6db90b-d3a1-49d5-955a-ba6cd0451323-SegmentedRaftLogWorker:Storage Directory /workdir/hadoop-ozone/tools/target/test-dir/MiniOzoneClusterImpl-0461ad29-15f0-41be-8599-9d75adc7a6e0/datanode-1/data/ratis/10189217-e921-4c43-947e-91a382aedb94: created new log segment /workdir/hadoop-ozone/tools/target/test-dir/MiniOzoneClusterImpl-0461ad29-15f0-41be-8599-9d75adc7a6e0/datanode-1/data/ratis/10189217-e921-4c43-947e-91a382aedb94/current/log_inprogress_0
2019-09-12 11:54:29,491 [74e5f15b-89e9-4724-9552-a6d94f3cc9a1:group-0A85C65FCE25:LeaderElection16] INFO  impl.LeaderElection (LeaderElection.java:askForVotes(181)) - 74e5f15b-89e9-4724-9552-a6d94f3cc9a1:group-0A85C65FCE25:LeaderElection16: begin an election at term 1 for -1: [74e5f15b-89e9-4724-9552-a6d94f3cc9a1:192.168.157.195:41743], old=null
2019-09-12 11:54:29,491 [74e5f15b-89e9-4724-9552-a6d94f3cc9a1:group-0A85C65FCE25:LeaderElection16] INFO  impl.RoleInfo (RoleInfo.java:shutdownLeaderElection(134)) - 74e5f15b-89e9-4724-9552-a6d94f3cc9a1: shutdown LeaderElection
2019-09-12 11:54:29,492 [74e5f15b-89e9-4724-9552-a6d94f3cc9a1:group-0A85C65FCE25:LeaderElection16] INFO  impl.RaftServerImpl (RaftServerImpl.java:setRole(171)) - 74e5f15b-89e9-4724-9552-a6d94f3cc9a1:group-0A85C65FCE25 changes role from CANDIDATE to LEADER at term 1 for changeToLeader
2019-09-12 11:54:29,492 [74e5f15b-89e9-4724-9552-a6d94f3cc9a1:group-0A85C65FCE25:LeaderElection16] INFO  impl.RaftServerImpl (ServerState.java:setLeader(263)) - 74e5f15b-89e9-4724-9552-a6d94f3cc9a1:group-0A85C65FCE25 change Leader from null to 74e5f15b-89e9-4724-9552-a6d94f3cc9a1 at term 1 for becomeLeader, leader elected after 5064ms
2019-09-12 11:54:29,492 [74e5f15b-89e9-4724-9552-a6d94f3cc9a1:group-0A85C65FCE25:LeaderElection16] INFO  server.RaftServerConfigKeys (ConfUtils.java:logGet(43)) - raft.server.staging.catchup.gap = 1000 (default)
2019-09-12 11:54:29,492 [74e5f15b-89e9-4724-9552-a6d94f3cc9a1:group-0A85C65FCE25:LeaderElection16] INFO  server.RaftServerConfigKeys (ConfUtils.java:logGet(43)) - raft.server.rpc.sleep.time = 25ms (default)
2019-09-12 11:54:29,492 [74e5f15b-89e9-4724-9552-a6d94f3cc9a1:group-0A85C65FCE25:LeaderElection16] INFO  server.RaftServerConfigKeys (ConfUtils.java:logGet(43)) - raft.server.write.element-limit = 4096 (default)
2019-09-12 11:54:29,493 [74e5f15b-89e9-4724-9552-a6d94f3cc9a1:group-0A85C65FCE25:LeaderElection16] INFO  server.RaftServerConfigKeys (ConfUtils.java:logGet(43)) - raft.server.watch.timeout = 10s (default)
2019-09-12 11:54:29,493 [74e5f15b-89e9-4724-9552-a6d94f3cc9a1:group-0A85C65FCE25:LeaderElection16] INFO  server.RaftServerConfigKeys (ConfUtils.java:logGet(43)) - raft.server.watch.timeout.denomination = 1s (default)
2019-09-12 11:54:29,493 [74e5f15b-89e9-4724-9552-a6d94f3cc9a1:group-0A85C65FCE25:LeaderElection16] INFO  server.RaftServerConfigKeys (ConfUtils.java:logGet(43)) - raft.server.watch.element-limit = 65536 (default)
2019-09-12 11:54:29,493 [74e5f15b-89e9-4724-9552-a6d94f3cc9a1:group-0A85C65FCE25:LeaderElection16] INFO  impl.RoleInfo (RoleInfo.java:updateAndGet(143)) - 74e5f15b-89e9-4724-9552-a6d94f3cc9a1: start LeaderState
2019-09-12 11:54:29,493 [74e5f15b-89e9-4724-9552-a6d94f3cc9a1:group-0A85C65FCE25:LeaderElection16] INFO  segmented.SegmentedRaftLogWorker (SegmentedRaftLogWorker.java:startLogSegment(380)) - 74e5f15b-89e9-4724-9552-a6d94f3cc9a1-SegmentedRaftLogWorker:Storage Directory /workdir/hadoop-ozone/tools/target/test-dir/MiniOzoneClusterImpl-0461ad29-15f0-41be-8599-9d75adc7a6e0/datanode-2/data/ratis/ae78b731-c8d5-4593-aa0d-0a85c65fce25: Starting segment from index:0
2019-09-12 11:54:29,494 [74e5f15b-89e9-4724-9552-a6d94f3cc9a1:group-0A85C65FCE25:LeaderElection16] INFO  impl.RaftServerImpl (ServerState.java:setRaftConf(361)) - 74e5f15b-89e9-4724-9552-a6d94f3cc9a1:group-0A85C65FCE25 set configuration 0: [74e5f15b-89e9-4724-9552-a6d94f3cc9a1:192.168.157.195:41743], old=null at 0
2019-09-12 11:54:29,530 | INFO  | SCMAudit | user=jenkins1000 | ip=192.168.157.195 | op=SEND_HEARTBEAT {datanodeUUID=6b6db90b-d3a1-49d5-955a-ba6cd0451323, command=[]} | ret=SUCCESS |  
2019-09-12 11:54:29,530 [Thread-230] INFO  impl.FollowerState (FollowerState.java:run(106)) - 74e5f15b-89e9-4724-9552-a6d94f3cc9a1:group-EAC92A4739A0 changes to CANDIDATE, lastRpcTime:5152, electionTimeout:5152ms
2019-09-12 11:54:29,531 [Thread-230] INFO  impl.RoleInfo (RoleInfo.java:shutdownFollowerState(121)) - 74e5f15b-89e9-4724-9552-a6d94f3cc9a1: shutdown FollowerState
2019-09-12 11:54:29,531 [Thread-230] INFO  impl.RaftServerImpl (RaftServerImpl.java:setRole(171)) - 74e5f15b-89e9-4724-9552-a6d94f3cc9a1:group-EAC92A4739A0 changes role from FOLLOWER to CANDIDATE at term 0 for changeToCandidate
2019-09-12 11:54:29,531 [Thread-230] INFO  impl.RoleInfo (RoleInfo.java:updateAndGet(143)) - 74e5f15b-89e9-4724-9552-a6d94f3cc9a1: start LeaderElection
2019-09-12 11:54:29,541 [74e5f15b-89e9-4724-9552-a6d94f3cc9a1-SegmentedRaftLogWorker:Storage Directory /workdir/hadoop-ozone/tools/target/test-dir/MiniOzoneClusterImpl-0461ad29-15f0-41be-8599-9d75adc7a6e0/datanode-2/data/ratis/ae78b731-c8d5-4593-aa0d-0a85c65fce25] INFO  segmented.SegmentedRaftLogWorker (SegmentedRaftLogWorker.java:execute(569)) - 74e5f15b-89e9-4724-9552-a6d94f3cc9a1-SegmentedRaftLogWorker:Storage Directory /workdir/hadoop-ozone/tools/target/test-dir/MiniOzoneClusterImpl-0461ad29-15f0-41be-8599-9d75adc7a6e0/datanode-2/data/ratis/ae78b731-c8d5-4593-aa0d-0a85c65fce25: created new log segment /workdir/hadoop-ozone/tools/target/test-dir/MiniOzoneClusterImpl-0461ad29-15f0-41be-8599-9d75adc7a6e0/datanode-2/data/ratis/ae78b731-c8d5-4593-aa0d-0a85c65fce25/current/log_inprogress_0
2019-09-12 11:54:29,541 [74e5f15b-89e9-4724-9552-a6d94f3cc9a1:group-EAC92A4739A0:LeaderElection17] INFO  impl.LeaderElection (LeaderElection.java:askForVotes(181)) - 74e5f15b-89e9-4724-9552-a6d94f3cc9a1:group-EAC92A4739A0:LeaderElection17: begin an election at term 1 for -1: [74e5f15b-89e9-4724-9552-a6d94f3cc9a1:192.168.157.195:41743], old=null
2019-09-12 11:54:29,541 [74e5f15b-89e9-4724-9552-a6d94f3cc9a1:group-EAC92A4739A0:LeaderElection17] INFO  impl.RoleInfo (RoleInfo.java:shutdownLeaderElection(134)) - 74e5f15b-89e9-4724-9552-a6d94f3cc9a1: shutdown LeaderElection
2019-09-12 11:54:29,541 [74e5f15b-89e9-4724-9552-a6d94f3cc9a1:group-EAC92A4739A0:LeaderElection17] INFO  impl.RaftServerImpl (RaftServerImpl.java:setRole(171)) - 74e5f15b-89e9-4724-9552-a6d94f3cc9a1:group-EAC92A4739A0 changes role from CANDIDATE to LEADER at term 1 for changeToLeader
2019-09-12 11:54:29,542 [74e5f15b-89e9-4724-9552-a6d94f3cc9a1:group-EAC92A4739A0:LeaderElection17] INFO  impl.RaftServerImpl (ServerState.java:setLeader(263)) - 74e5f15b-89e9-4724-9552-a6d94f3cc9a1:group-EAC92A4739A0 change Leader from null to 74e5f15b-89e9-4724-9552-a6d94f3cc9a1 at term 1 for becomeLeader, leader elected after 5169ms
2019-09-12 11:54:29,542 [74e5f15b-89e9-4724-9552-a6d94f3cc9a1:group-EAC92A4739A0:LeaderElection17] INFO  server.RaftServerConfigKeys (ConfUtils.java:logGet(43)) - raft.server.staging.catchup.gap = 1000 (default)
2019-09-12 11:54:29,542 [74e5f15b-89e9-4724-9552-a6d94f3cc9a1:group-EAC92A4739A0:LeaderElection17] INFO  server.RaftServerConfigKeys (ConfUtils.java:logGet(43)) - raft.server.rpc.sleep.time = 25ms (default)
2019-09-12 11:54:29,542 [74e5f15b-89e9-4724-9552-a6d94f3cc9a1:group-EAC92A4739A0:LeaderElection17] INFO  server.RaftServerConfigKeys (ConfUtils.java:logGet(43)) - raft.server.write.element-limit = 4096 (default)
2019-09-12 11:54:29,542 [74e5f15b-89e9-4724-9552-a6d94f3cc9a1:group-EAC92A4739A0:LeaderElection17] INFO  server.RaftServerConfigKeys (ConfUtils.java:logGet(43)) - raft.server.watch.timeout = 10s (default)
2019-09-12 11:54:29,543 [74e5f15b-89e9-4724-9552-a6d94f3cc9a1:group-EAC92A4739A0:LeaderElection17] INFO  server.RaftServerConfigKeys (ConfUtils.java:logGet(43)) - raft.server.watch.timeout.denomination = 1s (default)
2019-09-12 11:54:29,543 [74e5f15b-89e9-4724-9552-a6d94f3cc9a1:group-EAC92A4739A0:LeaderElection17] INFO  server.RaftServerConfigKeys (ConfUtils.java:logGet(43)) - raft.server.watch.element-limit = 65536 (default)
2019-09-12 11:54:29,543 [74e5f15b-89e9-4724-9552-a6d94f3cc9a1:group-EAC92A4739A0:LeaderElection17] INFO  impl.RoleInfo (RoleInfo.java:updateAndGet(143)) - 74e5f15b-89e9-4724-9552-a6d94f3cc9a1: start LeaderState
2019-09-12 11:54:29,543 [74e5f15b-89e9-4724-9552-a6d94f3cc9a1:group-EAC92A4739A0:LeaderElection17] INFO  segmented.SegmentedRaftLogWorker (SegmentedRaftLogWorker.java:startLogSegment(380)) - 74e5f15b-89e9-4724-9552-a6d94f3cc9a1-SegmentedRaftLogWorker:Storage Directory /workdir/hadoop-ozone/tools/target/test-dir/MiniOzoneClusterImpl-0461ad29-15f0-41be-8599-9d75adc7a6e0/datanode-2/data/ratis/d2f0b214-4b8e-460c-abdc-eac92a4739a0: Starting segment from index:0
2019-09-12 11:54:29,544 [74e5f15b-89e9-4724-9552-a6d94f3cc9a1:group-EAC92A4739A0:LeaderElection17] INFO  impl.RaftServerImpl (ServerState.java:setRaftConf(361)) - 74e5f15b-89e9-4724-9552-a6d94f3cc9a1:group-EAC92A4739A0 set configuration 0: [74e5f15b-89e9-4724-9552-a6d94f3cc9a1:192.168.157.195:41743], old=null at 0
2019-09-12 11:54:29,581 [Thread-236] INFO  impl.FollowerState (FollowerState.java:run(106)) - 6b6db90b-d3a1-49d5-955a-ba6cd0451323:group-2A437F3EDA6F changes to CANDIDATE, lastRpcTime:5100, electionTimeout:5100ms
2019-09-12 11:54:29,583 [Thread-236] INFO  impl.RoleInfo (RoleInfo.java:shutdownFollowerState(121)) - 6b6db90b-d3a1-49d5-955a-ba6cd0451323: shutdown FollowerState
2019-09-12 11:54:29,583 [Thread-236] INFO  impl.RaftServerImpl (RaftServerImpl.java:setRole(171)) - 6b6db90b-d3a1-49d5-955a-ba6cd0451323:group-2A437F3EDA6F changes role from FOLLOWER to CANDIDATE at term 0 for changeToCandidate
2019-09-12 11:54:29,583 [Thread-236] INFO  impl.RoleInfo (RoleInfo.java:updateAndGet(143)) - 6b6db90b-d3a1-49d5-955a-ba6cd0451323: start LeaderElection
2019-09-12 11:54:29,595 [74e5f15b-89e9-4724-9552-a6d94f3cc9a1-SegmentedRaftLogWorker:Storage Directory /workdir/hadoop-ozone/tools/target/test-dir/MiniOzoneClusterImpl-0461ad29-15f0-41be-8599-9d75adc7a6e0/datanode-2/data/ratis/d2f0b214-4b8e-460c-abdc-eac92a4739a0] INFO  segmented.SegmentedRaftLogWorker (SegmentedRaftLogWorker.java:execute(569)) - 74e5f15b-89e9-4724-9552-a6d94f3cc9a1-SegmentedRaftLogWorker:Storage Directory /workdir/hadoop-ozone/tools/target/test-dir/MiniOzoneClusterImpl-0461ad29-15f0-41be-8599-9d75adc7a6e0/datanode-2/data/ratis/d2f0b214-4b8e-460c-abdc-eac92a4739a0: created new log segment /workdir/hadoop-ozone/tools/target/test-dir/MiniOzoneClusterImpl-0461ad29-15f0-41be-8599-9d75adc7a6e0/datanode-2/data/ratis/d2f0b214-4b8e-460c-abdc-eac92a4739a0/current/log_inprogress_0
2019-09-12 11:54:29,607 [6b6db90b-d3a1-49d5-955a-ba6cd0451323:group-2A437F3EDA6F:LeaderElection18] INFO  impl.LeaderElection (LeaderElection.java:askForVotes(181)) - 6b6db90b-d3a1-49d5-955a-ba6cd0451323:group-2A437F3EDA6F:LeaderElection18: begin an election at term 1 for -1: [6b6db90b-d3a1-49d5-955a-ba6cd0451323:192.168.157.195:39461], old=null
2019-09-12 11:54:29,608 [6b6db90b-d3a1-49d5-955a-ba6cd0451323:group-2A437F3EDA6F:LeaderElection18] INFO  impl.RoleInfo (RoleInfo.java:shutdownLeaderElection(134)) - 6b6db90b-d3a1-49d5-955a-ba6cd0451323: shutdown LeaderElection
2019-09-12 11:54:29,608 [6b6db90b-d3a1-49d5-955a-ba6cd0451323:group-2A437F3EDA6F:LeaderElection18] INFO  impl.RaftServerImpl (RaftServerImpl.java:setRole(171)) - 6b6db90b-d3a1-49d5-955a-ba6cd0451323:group-2A437F3EDA6F changes role from CANDIDATE to LEADER at term 1 for changeToLeader
2019-09-12 11:54:29,608 [6b6db90b-d3a1-49d5-955a-ba6cd0451323:group-2A437F3EDA6F:LeaderElection18] INFO  impl.RaftServerImpl (ServerState.java:setLeader(263)) - 6b6db90b-d3a1-49d5-955a-ba6cd0451323:group-2A437F3EDA6F change Leader from null to 6b6db90b-d3a1-49d5-955a-ba6cd0451323 at term 1 for becomeLeader, leader elected after 5131ms
2019-09-12 11:54:29,608 [6b6db90b-d3a1-49d5-955a-ba6cd0451323:group-2A437F3EDA6F:LeaderElection18] INFO  server.RaftServerConfigKeys (ConfUtils.java:logGet(43)) - raft.server.staging.catchup.gap = 1000 (default)
2019-09-12 11:54:29,608 [6b6db90b-d3a1-49d5-955a-ba6cd0451323:group-2A437F3EDA6F:LeaderElection18] INFO  server.RaftServerConfigKeys (ConfUtils.java:logGet(43)) - raft.server.rpc.sleep.time = 25ms (default)
2019-09-12 11:54:29,608 [6b6db90b-d3a1-49d5-955a-ba6cd0451323:group-2A437F3EDA6F:LeaderElection18] INFO  server.RaftServerConfigKeys (ConfUtils.java:logGet(43)) - raft.server.write.element-limit = 4096 (default)
2019-09-12 11:54:29,608 [6b6db90b-d3a1-49d5-955a-ba6cd0451323:group-2A437F3EDA6F:LeaderElection18] INFO  server.RaftServerConfigKeys (ConfUtils.java:logGet(43)) - raft.server.watch.timeout = 10s (default)
2019-09-12 11:54:29,608 [6b6db90b-d3a1-49d5-955a-ba6cd0451323:group-2A437F3EDA6F:LeaderElection18] INFO  server.RaftServerConfigKeys (ConfUtils.java:logGet(43)) - raft.server.watch.timeout.denomination = 1s (default)
2019-09-12 11:54:29,609 [6b6db90b-d3a1-49d5-955a-ba6cd0451323:group-2A437F3EDA6F:LeaderElection18] INFO  server.RaftServerConfigKeys (ConfUtils.java:logGet(43)) - raft.server.watch.element-limit = 65536 (default)
2019-09-12 11:54:29,609 [6b6db90b-d3a1-49d5-955a-ba6cd0451323:group-2A437F3EDA6F:LeaderElection18] INFO  impl.RoleInfo (RoleInfo.java:updateAndGet(143)) - 6b6db90b-d3a1-49d5-955a-ba6cd0451323: start LeaderState
2019-09-12 11:54:29,609 [6b6db90b-d3a1-49d5-955a-ba6cd0451323:group-2A437F3EDA6F:LeaderElection18] INFO  segmented.SegmentedRaftLogWorker (SegmentedRaftLogWorker.java:startLogSegment(380)) - 6b6db90b-d3a1-49d5-955a-ba6cd0451323-SegmentedRaftLogWorker:Storage Directory /workdir/hadoop-ozone/tools/target/test-dir/MiniOzoneClusterImpl-0461ad29-15f0-41be-8599-9d75adc7a6e0/datanode-1/data/ratis/a934f64a-4f30-43fa-8c7f-2a437f3eda6f: Starting segment from index:0
2019-09-12 11:54:29,610 [6b6db90b-d3a1-49d5-955a-ba6cd0451323:group-2A437F3EDA6F:LeaderElection18] INFO  impl.RaftServerImpl (ServerState.java:setRaftConf(361)) - 6b6db90b-d3a1-49d5-955a-ba6cd0451323:group-2A437F3EDA6F set configuration 0: [6b6db90b-d3a1-49d5-955a-ba6cd0451323:192.168.157.195:39461], old=null at 0
2019-09-12 11:54:29,658 [6b6db90b-d3a1-49d5-955a-ba6cd0451323-SegmentedRaftLogWorker:Storage Directory /workdir/hadoop-ozone/tools/target/test-dir/MiniOzoneClusterImpl-0461ad29-15f0-41be-8599-9d75adc7a6e0/datanode-1/data/ratis/a934f64a-4f30-43fa-8c7f-2a437f3eda6f] INFO  segmented.SegmentedRaftLogWorker (SegmentedRaftLogWorker.java:execute(569)) - 6b6db90b-d3a1-49d5-955a-ba6cd0451323-SegmentedRaftLogWorker:Storage Directory /workdir/hadoop-ozone/tools/target/test-dir/MiniOzoneClusterImpl-0461ad29-15f0-41be-8599-9d75adc7a6e0/datanode-1/data/ratis/a934f64a-4f30-43fa-8c7f-2a437f3eda6f: created new log segment /workdir/hadoop-ozone/tools/target/test-dir/MiniOzoneClusterImpl-0461ad29-15f0-41be-8599-9d75adc7a6e0/datanode-1/data/ratis/a934f64a-4f30-43fa-8c7f-2a437f3eda6f/current/log_inprogress_0
2019-09-12 11:54:29,713 | INFO  | SCMAudit | user=jenkins1000 | ip=192.168.157.195 | op=SEND_HEARTBEAT {datanodeUUID=74e5f15b-89e9-4724-9552-a6d94f3cc9a1, command=[]} | ret=SUCCESS |  
 100.00% |█████████████████████████████████████████████████████████████████████████████████████████████████████|  1/1 Time: 0:00:06
2019-09-12 11:54:30,241 | INFO  | SCMAudit | user=jenkins1000 | ip=192.168.157.195 | op=SEND_HEARTBEAT {datanodeUUID=838719cc-490b-4c03-a095-19a61aedb9ec, command=[]} | ret=SUCCESS |  
2019-09-12 11:54:30,530 | INFO  | SCMAudit | user=jenkins1000 | ip=192.168.157.195 | op=SEND_HEARTBEAT {datanodeUUID=6b6db90b-d3a1-49d5-955a-ba6cd0451323, command=[]} | ret=SUCCESS |  
2019-09-12 11:54:30,714 | INFO  | SCMAudit | user=jenkins1000 | ip=192.168.157.195 | op=SEND_HEARTBEAT {datanodeUUID=74e5f15b-89e9-4724-9552-a6d94f3cc9a1, command=[]} | ret=SUCCESS |  
2019-09-12 11:54:31,241 | INFO  | SCMAudit | user=jenkins1000 | ip=192.168.157.195 | op=SEND_HEARTBEAT {datanodeUUID=838719cc-490b-4c03-a095-19a61aedb9ec, command=[]} | ret=SUCCESS |  
2019-09-12 11:54:31,531 | INFO  | SCMAudit | user=jenkins1000 | ip=192.168.157.195 | op=SEND_HEARTBEAT {datanodeUUID=6b6db90b-d3a1-49d5-955a-ba6cd0451323, command=[]} | ret=SUCCESS |  
2019-09-12 11:54:31,714 | INFO  | SCMAudit | user=jenkins1000 | ip=192.168.157.195 | op=SEND_HEARTBEAT {datanodeUUID=74e5f15b-89e9-4724-9552-a6d94f3cc9a1, command=[]} | ret=SUCCESS |  
2019-09-12 11:54:32,241 | INFO  | SCMAudit | user=jenkins1000 | ip=192.168.157.195 | op=SEND_HEARTBEAT {datanodeUUID=838719cc-490b-4c03-a095-19a61aedb9ec, command=[]} | ret=SUCCESS |  
2019-09-12 11:54:32,540 | INFO  | SCMAudit | user=jenkins1000 | ip=192.168.157.195 | op=SEND_HEARTBEAT {datanodeUUID=6b6db90b-d3a1-49d5-955a-ba6cd0451323, command=[]} | ret=SUCCESS |  
2019-09-12 11:54:32,713 | INFO  | SCMAudit | user=jenkins1000 | ip=192.168.157.195 | op=SEND_HEARTBEAT {datanodeUUID=74e5f15b-89e9-4724-9552-a6d94f3cc9a1, command=[]} | ret=SUCCESS |  
2019-09-12 11:54:33,239 | INFO  | SCMAudit | user=jenkins1000 | ip=192.168.157.195 | op=SEND_HEARTBEAT {datanodeUUID=838719cc-490b-4c03-a095-19a61aedb9ec, command=[]} | ret=SUCCESS |  
2019-09-12 11:54:33,530 | INFO  | SCMAudit | user=jenkins1000 | ip=192.168.157.195 | op=SEND_HEARTBEAT {datanodeUUID=6b6db90b-d3a1-49d5-955a-ba6cd0451323, command=[]} | ret=SUCCESS |  
2019-09-12 11:54:33,714 | INFO  | SCMAudit | user=jenkins1000 | ip=192.168.157.195 | op=SEND_HEARTBEAT {datanodeUUID=74e5f15b-89e9-4724-9552-a6d94f3cc9a1, command=[]} | ret=SUCCESS |  
]]></system-out>
    <system-err><![CDATA[Sep 12, 2019 11:54:17 AM com.sun.jersey.server.impl.application.WebApplicationImpl _initiate
INFO: Initiating Jersey application, version 'Jersey: 1.19 02/11/2015 03:25 AM'
Sep 12, 2019 11:54:18 AM com.sun.jersey.server.impl.application.WebApplicationImpl _initiate
INFO: Initiating Jersey application, version 'Jersey: 1.19 02/11/2015 03:25 AM'
Sep 12, 2019 11:54:18 AM com.sun.jersey.server.impl.application.WebApplicationImpl _initiate
INFO: Initiating Jersey application, version 'Jersey: 1.19 02/11/2015 03:25 AM'
]]></system-err>
  </testcase>
</testsuite>