<?xml version="1.0" encoding="UTF-8"?>
<testsuite xmlns:xsi="http://www.w3.org/2001/XMLSchema-instance" xsi:noNamespaceSchemaLocation="https://maven.apache.org/surefire/maven-surefire-plugin/xsd/surefire-test-report.xsd" name="org.apache.hadoop.ozone.freon.TestRandomKeyGenerator" time="70.51" tests="6" errors="6" skipped="0" failures="0">
  <properties>
    <property name="awt.toolkit" value="sun.awt.X11.XToolkit"/>
    <property name="file.encoding.pkg" value="sun.io"/>
    <property name="java.specification.version" value="1.8"/>
    <property name="sun.cpu.isalist" value=""/>
    <property name="sun.jnu.encoding" value="UTF-8"/>
    <property name="java.class.path" value="/workdir/hadoop-ozone/tools/target/test-classes:/workdir/hadoop-ozone/tools/target/classes:/home/user/.m2/repository/org/apache/hadoop/hadoop-ozone-ozone-manager/0.5.0-SNAPSHOT/hadoop-ozone-ozone-manager-0.5.0-SNAPSHOT.jar:/home/user/.m2/repository/org/apache/hadoop/hadoop-hdds-docs/0.5.0-SNAPSHOT/hadoop-hdds-docs-0.5.0-SNAPSHOT.jar:/home/user/.m2/repository/org/bouncycastle/bcprov-jdk15on/1.60/bcprov-jdk15on-1.60.jar:/home/user/.m2/repository/org/apache/hadoop/hadoop-ozone-common/0.5.0-SNAPSHOT/hadoop-ozone-common-0.5.0-SNAPSHOT.jar:/home/user/.m2/repository/org/apache/commons/commons-compress/1.4.1/commons-compress-1.4.1.jar:/home/user/.m2/repository/org/tukaani/xz/1.0/xz-1.0.jar:/home/user/.m2/repository/org/apache/hadoop/hadoop-hdfs-client/3.2.0/hadoop-hdfs-client-3.2.0.jar:/home/user/.m2/repository/com/fasterxml/jackson/core/jackson-annotations/2.9.5/jackson-annotations-2.9.5.jar:/home/user/.m2/repository/org/apache/hadoop/hadoop-hdds-common/0.5.0-SNAPSHOT/hadoop-hdds-common-0.5.0-SNAPSHOT.jar:/home/user/.m2/repository/org/apache/hadoop/hadoop-hdds-config/0.5.0-SNAPSHOT/hadoop-hdds-config-0.5.0-SNAPSHOT.jar:/home/user/.m2/repository/javax/annotation/javax.annotation-api/1.2/javax.annotation-api-1.2.jar:/home/user/.m2/repository/org/apache/ratis/ratis-server/0.4.0-2337318-SNAPSHOT/ratis-server-0.4.0-2337318-SNAPSHOT.jar:/home/user/.m2/repository/org/apache/ratis/ratis-thirdparty-misc/0.2.0/ratis-thirdparty-misc-0.2.0.jar:/home/user/.m2/repository/org/apache/ratis/ratis-proto/0.4.0-2337318-SNAPSHOT/ratis-proto-0.4.0-2337318-SNAPSHOT.jar:/home/user/.m2/repository/org/apache/ratis/ratis-common/0.4.0-2337318-SNAPSHOT/ratis-common-0.4.0-2337318-SNAPSHOT.jar:/home/user/.m2/repository/org/apache/ratis/ratis-client/0.4.0-2337318-SNAPSHOT/ratis-client-0.4.0-2337318-SNAPSHOT.jar:/home/user/.m2/repository/org/apache/ratis/ratis-metrics/0.4.0-2337318-SNAPSHOT/ratis-metrics-0.4.0-2337318-SNAPSHOT.jar:/home/user/.m2/repository/org/apache/ratis/ratis-netty/0.4.0-2337318-SNAPSHOT/ratis-netty-0.4.0-2337318-SNAPSHOT.jar:/home/user/.m2/repository/org/apache/ratis/ratis-grpc/0.4.0-2337318-SNAPSHOT/ratis-grpc-0.4.0-2337318-SNAPSHOT.jar:/home/user/.m2/repository/org/rocksdb/rocksdbjni/6.0.1/rocksdbjni-6.0.1.jar:/home/user/.m2/repository/org/apache/logging/log4j/log4j-api/2.11.0/log4j-api-2.11.0.jar:/home/user/.m2/repository/org/apache/logging/log4j/log4j-core/2.11.0/log4j-core-2.11.0.jar:/home/user/.m2/repository/com/lmax/disruptor/3.4.2/disruptor-3.4.2.jar:/home/user/.m2/repository/org/apache/commons/commons-pool2/2.6.0/commons-pool2-2.6.0.jar:/home/user/.m2/repository/org/bouncycastle/bcpkix-jdk15on/1.60/bcpkix-jdk15on-1.60.jar:/home/user/.m2/repository/commons-validator/commons-validator/1.6/commons-validator-1.6.jar:/home/user/.m2/repository/commons-digester/commons-digester/1.8.1/commons-digester-1.8.1.jar:/home/user/.m2/repository/io/jaegertracing/jaeger-client/0.33.1/jaeger-client-0.33.1.jar:/home/user/.m2/repository/io/jaegertracing/jaeger-thrift/0.33.1/jaeger-thrift-0.33.1.jar:/home/user/.m2/repository/org/apache/thrift/libthrift/0.11.0/libthrift-0.11.0.jar:/home/user/.m2/repository/com/squareup/okhttp3/okhttp/3.9.0/okhttp-3.9.0.jar:/home/user/.m2/repository/com/squareup/okio/okio/1.13.0/okio-1.13.0.jar:/home/user/.m2/repository/io/jaegertracing/jaeger-core/0.33.1/jaeger-core-0.33.1.jar:/home/user/.m2/repository/io/jaegertracing/jaeger-tracerresolver/0.33.1/jaeger-tracerresolver-0.33.1.jar:/home/user/.m2/repository/io/opentracing/contrib/opentracing-tracerresolver/0.1.5/opentracing-tracerresolver-0.1.5.jar:/home/user/.m2/repository/io/opentracing/opentracing-util/0.31.0/opentracing-util-0.31.0.jar:/home/user/.m2/repository/io/opentracing/opentracing-api/0.31.0/opentracing-api-0.31.0.jar:/home/user/.m2/repository/io/opentracing/opentracing-noop/0.31.0/opentracing-noop-0.31.0.jar:/home/user/.m2/repository/org/yaml/snakeyaml/1.16/snakeyaml-1.16.jar:/home/user/.m2/repository/org/apache/hadoop/hadoop-hdds-container-service/0.5.0-SNAPSHOT/hadoop-hdds-container-service-0.5.0-SNAPSHOT.jar:/home/user/.m2/repository/org/apache/hadoop/hadoop-hdds-client/0.5.0-SNAPSHOT/hadoop-hdds-client-0.5.0-SNAPSHOT.jar:/home/user/.m2/repository/org/apache/hadoop/hadoop-hdds-tools/0.5.0-SNAPSHOT/hadoop-hdds-tools-0.5.0-SNAPSHOT.jar:/home/user/.m2/repository/org/xerial/sqlite-jdbc/3.25.2/sqlite-jdbc-3.25.2.jar:/home/user/.m2/repository/org/apache/hadoop/hadoop-hdds-server-scm/0.5.0-SNAPSHOT/hadoop-hdds-server-scm-0.5.0-SNAPSHOT.jar:/home/user/.m2/repository/org/hamcrest/hamcrest-all/1.3/hamcrest-all-1.3.jar:/home/user/.m2/repository/info/picocli/picocli/3.9.6/picocli-3.9.6.jar:/home/user/.m2/repository/com/google/protobuf/protobuf-java/2.5.0/protobuf-java-2.5.0.jar:/home/user/.m2/repository/com/google/guava/guava/11.0.2/guava-11.0.2.jar:/home/user/.m2/repository/org/apache/hadoop/hadoop-ozone-client/0.5.0-SNAPSHOT/hadoop-ozone-client-0.5.0-SNAPSHOT.jar:/workdir/hadoop-ozone/ozonefs/target/classes:/home/user/.m2/repository/org/apache/hadoop/hadoop-hdds-server-framework/0.5.0-SNAPSHOT/hadoop-hdds-server-framework-0.5.0-SNAPSHOT.jar:/home/user/.m2/repository/org/apache/hadoop/hadoop-common/3.2.0/hadoop-common-3.2.0.jar:/home/user/.m2/repository/org/apache/hadoop/hadoop-annotations/3.2.0/hadoop-annotations-3.2.0.jar:/usr/lib/jvm/java-1.8-openjdk/jre/../lib/tools.jar:/home/user/.m2/repository/commons-cli/commons-cli/1.2/commons-cli-1.2.jar:/home/user/.m2/repository/org/apache/commons/commons-math3/3.1.1/commons-math3-3.1.1.jar:/home/user/.m2/repository/org/apache/httpcomponents/httpclient/4.5.2/httpclient-4.5.2.jar:/home/user/.m2/repository/org/apache/httpcomponents/httpcore/4.4.4/httpcore-4.4.4.jar:/home/user/.m2/repository/commons-codec/commons-codec/1.11/commons-codec-1.11.jar:/home/user/.m2/repository/commons-io/commons-io/2.5/commons-io-2.5.jar:/home/user/.m2/repository/commons-net/commons-net/3.6/commons-net-3.6.jar:/home/user/.m2/repository/commons-collections/commons-collections/3.2.2/commons-collections-3.2.2.jar:/home/user/.m2/repository/javax/servlet/javax.servlet-api/3.1.0/javax.servlet-api-3.1.0.jar:/home/user/.m2/repository/org/eclipse/jetty/jetty-server/9.3.24.v20180605/jetty-server-9.3.24.v20180605.jar:/home/user/.m2/repository/org/eclipse/jetty/jetty-http/9.3.24.v20180605/jetty-http-9.3.24.v20180605.jar:/home/user/.m2/repository/org/eclipse/jetty/jetty-io/9.3.24.v20180605/jetty-io-9.3.24.v20180605.jar:/home/user/.m2/repository/org/eclipse/jetty/jetty-util/9.3.24.v20180605/jetty-util-9.3.24.v20180605.jar:/home/user/.m2/repository/org/eclipse/jetty/jetty-servlet/9.3.24.v20180605/jetty-servlet-9.3.24.v20180605.jar:/home/user/.m2/repository/org/eclipse/jetty/jetty-security/9.3.24.v20180605/jetty-security-9.3.24.v20180605.jar:/home/user/.m2/repository/org/eclipse/jetty/jetty-webapp/9.3.24.v20180605/jetty-webapp-9.3.24.v20180605.jar:/home/user/.m2/repository/org/eclipse/jetty/jetty-xml/9.3.24.v20180605/jetty-xml-9.3.24.v20180605.jar:/home/user/.m2/repository/javax/servlet/jsp/jsp-api/2.1/jsp-api-2.1.jar:/home/user/.m2/repository/com/sun/jersey/jersey-core/1.19/jersey-core-1.19.jar:/home/user/.m2/repository/javax/ws/rs/jsr311-api/1.1.1/jsr311-api-1.1.1.jar:/home/user/.m2/repository/com/sun/jersey/jersey-servlet/1.19/jersey-servlet-1.19.jar:/home/user/.m2/repository/com/sun/jersey/jersey-json/1.19/jersey-json-1.19.jar:/home/user/.m2/repository/org/codehaus/jettison/jettison/1.1/jettison-1.1.jar:/home/user/.m2/repository/com/sun/xml/bind/jaxb-impl/2.3.0.1/jaxb-impl-2.3.0.1.jar:/home/user/.m2/repository/org/codehaus/jackson/jackson-core-asl/1.9.13/jackson-core-asl-1.9.13.jar:/home/user/.m2/repository/org/codehaus/jackson/jackson-mapper-asl/1.9.13/jackson-mapper-asl-1.9.13.jar:/home/user/.m2/repository/org/codehaus/jackson/jackson-jaxrs/1.9.13/jackson-jaxrs-1.9.13.jar:/home/user/.m2/repository/org/codehaus/jackson/jackson-xc/1.9.13/jackson-xc-1.9.13.jar:/home/user/.m2/repository/com/sun/jersey/jersey-server/1.19/jersey-server-1.19.jar:/home/user/.m2/repository/commons-logging/commons-logging/1.1.3/commons-logging-1.1.3.jar:/home/user/.m2/repository/log4j/log4j/1.2.17/log4j-1.2.17.jar:/home/user/.m2/repository/commons-beanutils/commons-beanutils/1.9.3/commons-beanutils-1.9.3.jar:/home/user/.m2/repository/org/apache/commons/commons-configuration2/2.1.1/commons-configuration2-2.1.1.jar:/home/user/.m2/repository/org/apache/commons/commons-lang3/3.7/commons-lang3-3.7.jar:/home/user/.m2/repository/org/apache/commons/commons-text/1.4/commons-text-1.4.jar:/home/user/.m2/repository/org/slf4j/slf4j-api/1.7.25/slf4j-api-1.7.25.jar:/home/user/.m2/repository/org/slf4j/slf4j-log4j12/1.7.25/slf4j-log4j12-1.7.25.jar:/home/user/.m2/repository/org/apache/avro/avro/1.7.7/avro-1.7.7.jar:/home/user/.m2/repository/com/thoughtworks/paranamer/paranamer/2.3/paranamer-2.3.jar:/home/user/.m2/repository/org/xerial/snappy/snappy-java/1.0.5/snappy-java-1.0.5.jar:/home/user/.m2/repository/com/google/re2j/re2j/1.1/re2j-1.1.jar:/home/user/.m2/repository/com/google/code/gson/gson/2.2.4/gson-2.2.4.jar:/home/user/.m2/repository/org/apache/hadoop/hadoop-auth/3.2.0/hadoop-auth-3.2.0.jar:/home/user/.m2/repository/com/nimbusds/nimbus-jose-jwt/4.41.1/nimbus-jose-jwt-4.41.1.jar:/home/user/.m2/repository/com/github/stephenc/jcip/jcip-annotations/1.0-1/jcip-annotations-1.0-1.jar:/home/user/.m2/repository/net/minidev/json-smart/2.3/json-smart-2.3.jar:/home/user/.m2/repository/net/minidev/accessors-smart/1.2/accessors-smart-1.2.jar:/home/user/.m2/repository/org/apache/curator/curator-framework/2.12.0/curator-framework-2.12.0.jar:/home/user/.m2/repository/com/jcraft/jsch/0.1.54/jsch-0.1.54.jar:/home/user/.m2/repository/org/apache/curator/curator-client/2.12.0/curator-client-2.12.0.jar:/home/user/.m2/repository/org/apache/curator/curator-recipes/2.12.0/curator-recipes-2.12.0.jar:/home/user/.m2/repository/com/google/code/findbugs/jsr305/3.0.0/jsr305-3.0.0.jar:/home/user/.m2/repository/org/apache/htrace/htrace-core4/4.1.0-incubating/htrace-core4-4.1.0-incubating.jar:/home/user/.m2/repository/org/apache/zookeeper/zookeeper/3.4.13/zookeeper-3.4.13.jar:/home/user/.m2/repository/org/apache/yetus/audience-annotations/0.5.0/audience-annotations-0.5.0.jar:/home/user/.m2/repository/org/apache/kerby/kerb-simplekdc/1.0.1/kerb-simplekdc-1.0.1.jar:/home/user/.m2/repository/org/apache/kerby/kerb-client/1.0.1/kerb-client-1.0.1.jar:/home/user/.m2/repository/org/apache/kerby/kerby-config/1.0.1/kerby-config-1.0.1.jar:/home/user/.m2/repository/org/apache/kerby/kerb-core/1.0.1/kerb-core-1.0.1.jar:/home/user/.m2/repository/org/apache/kerby/kerby-pkix/1.0.1/kerby-pkix-1.0.1.jar:/home/user/.m2/repository/org/apache/kerby/kerby-asn1/1.0.1/kerby-asn1-1.0.1.jar:/home/user/.m2/repository/org/apache/kerby/kerby-util/1.0.1/kerby-util-1.0.1.jar:/home/user/.m2/repository/org/apache/kerby/kerb-common/1.0.1/kerb-common-1.0.1.jar:/home/user/.m2/repository/org/apache/kerby/kerb-crypto/1.0.1/kerb-crypto-1.0.1.jar:/home/user/.m2/repository/org/apache/kerby/kerb-util/1.0.1/kerb-util-1.0.1.jar:/home/user/.m2/repository/org/apache/kerby/token-provider/1.0.1/token-provider-1.0.1.jar:/home/user/.m2/repository/org/apache/kerby/kerb-admin/1.0.1/kerb-admin-1.0.1.jar:/home/user/.m2/repository/org/apache/kerby/kerb-server/1.0.1/kerb-server-1.0.1.jar:/home/user/.m2/repository/org/apache/kerby/kerb-identity/1.0.1/kerb-identity-1.0.1.jar:/home/user/.m2/repository/org/apache/kerby/kerby-xdr/1.0.1/kerby-xdr-1.0.1.jar:/home/user/.m2/repository/com/fasterxml/jackson/core/jackson-databind/2.9.5/jackson-databind-2.9.5.jar:/home/user/.m2/repository/com/fasterxml/jackson/core/jackson-core/2.9.5/jackson-core-2.9.5.jar:/home/user/.m2/repository/org/codehaus/woodstox/stax2-api/3.1.4/stax2-api-3.1.4.jar:/home/user/.m2/repository/com/fasterxml/woodstox/woodstox-core/5.0.3/woodstox-core-5.0.3.jar:/home/user/.m2/repository/dnsjava/dnsjava/2.1.7/dnsjava-2.1.7.jar:/home/user/.m2/repository/org/apache/hadoop/hadoop-hdfs/3.2.0/hadoop-hdfs-3.2.0.jar:/home/user/.m2/repository/org/eclipse/jetty/jetty-util-ajax/9.3.24.v20180605/jetty-util-ajax-9.3.24.v20180605.jar:/home/user/.m2/repository/commons-daemon/commons-daemon/1.0.13/commons-daemon-1.0.13.jar:/home/user/.m2/repository/io/netty/netty/3.10.5.Final/netty-3.10.5.Final.jar:/home/user/.m2/repository/io/netty/netty-all/4.0.52.Final/netty-all-4.0.52.Final.jar:/home/user/.m2/repository/org/fusesource/leveldbjni/leveldbjni-all/1.8/leveldbjni-all-1.8.jar:/home/user/.m2/repository/com/sun/xml/bind/jaxb-core/2.3.0.1/jaxb-core-2.3.0.1.jar:/home/user/.m2/repository/javax/xml/bind/jaxb-api/2.3.0/jaxb-api-2.3.0.jar:/home/user/.m2/repository/javax/activation/activation/1.1.1/activation-1.1.1.jar:/home/user/.m2/repository/io/dropwizard/metrics/metrics-core/3.2.4/metrics-core-3.2.4.jar:/home/user/.m2/repository/org/openjdk/jmh/jmh-core/1.19/jmh-core-1.19.jar:/home/user/.m2/repository/net/sf/jopt-simple/jopt-simple/4.6/jopt-simple-4.6.jar:/home/user/.m2/repository/org/openjdk/jmh/jmh-generator-annprocess/1.19/jmh-generator-annprocess-1.19.jar:/home/user/.m2/repository/com/google/code/findbugs/findbugs/3.0.1/findbugs-3.0.1.jar:/home/user/.m2/repository/net/jcip/jcip-annotations/1.0/jcip-annotations-1.0.jar:/home/user/.m2/repository/com/google/code/findbugs/bcel-findbugs/6.0/bcel-findbugs-6.0.jar:/home/user/.m2/repository/com/google/code/findbugs/jFormatString/2.0.1/jFormatString-2.0.1.jar:/home/user/.m2/repository/dom4j/dom4j/1.6.1/dom4j-1.6.1.jar:/home/user/.m2/repository/xml-apis/xml-apis/1.0.b2/xml-apis-1.0.b2.jar:/home/user/.m2/repository/org/ow2/asm/asm-debug-all/5.0.2/asm-debug-all-5.0.2.jar:/home/user/.m2/repository/org/ow2/asm/asm-commons/5.0.2/asm-commons-5.0.2.jar:/home/user/.m2/repository/org/ow2/asm/asm-tree/5.0.2/asm-tree-5.0.2.jar:/home/user/.m2/repository/org/ow2/asm/asm/5.0.4/asm-5.0.4.jar:/home/user/.m2/repository/commons-lang/commons-lang/2.6/commons-lang-2.6.jar:/home/user/.m2/repository/com/apple/AppleJavaExtensions/1.4/AppleJavaExtensions-1.4.jar:/home/user/.m2/repository/jaxen/jaxen/1.1.6/jaxen-1.1.6.jar:/home/user/.m2/repository/junit/junit/4.11/junit-4.11.jar:/home/user/.m2/repository/org/hamcrest/hamcrest-core/1.3/hamcrest-core-1.3.jar:/home/user/.m2/repository/org/apache/hadoop/hadoop-common/3.2.0/hadoop-common-3.2.0-tests.jar:/workdir/hadoop-ozone/integration-test/target/test-classes:/home/user/.m2/repository/org/apache/hadoop/hadoop-ozone-objectstore-service/0.5.0-SNAPSHOT/hadoop-ozone-objectstore-service-0.5.0-SNAPSHOT.jar:/home/user/.m2/repository/org/apache/hadoop/hadoop-ozone-s3gateway/0.5.0-SNAPSHOT/hadoop-ozone-s3gateway-0.5.0-SNAPSHOT.jar:/home/user/.m2/repository/org/jboss/weld/servlet/weld-servlet/2.4.7.Final/weld-servlet-2.4.7.Final.jar:/home/user/.m2/repository/org/glassfish/jersey/containers/jersey-container-servlet-core/2.27/jersey-container-servlet-core-2.27.jar:/home/user/.m2/repository/org/glassfish/hk2/external/javax.inject/2.5.0-b42/javax.inject-2.5.0-b42.jar:/home/user/.m2/repository/org/glassfish/jersey/core/jersey-common/2.27/jersey-common-2.27.jar:/home/user/.m2/repository/org/glassfish/hk2/osgi-resource-locator/1.0.1/osgi-resource-locator-1.0.1.jar:/home/user/.m2/repository/javax/ws/rs/javax.ws.rs-api/2.1/javax.ws.rs-api-2.1.jar:/home/user/.m2/repository/org/glassfish/jersey/ext/cdi/jersey-cdi1x/2.27/jersey-cdi1x-2.27.jar:/home/user/.m2/repository/org/glassfish/jersey/inject/jersey-hk2/2.27/jersey-hk2-2.27.jar:/home/user/.m2/repository/org/glassfish/hk2/hk2-locator/2.5.0-b42/hk2-locator-2.5.0-b42.jar:/home/user/.m2/repository/org/javassist/javassist/3.22.0-CR2/javassist-3.22.0-CR2.jar:/home/user/.m2/repository/org/glassfish/hk2/hk2-api/2.5.0/hk2-api-2.5.0.jar:/home/user/.m2/repository/org/glassfish/hk2/external/jakarta.inject/2.5.0/jakarta.inject-2.5.0.jar:/home/user/.m2/repository/org/glassfish/hk2/hk2-utils/2.5.0/hk2-utils-2.5.0.jar:/home/user/.m2/repository/jakarta/annotation/jakarta.annotation-api/1.3.4/jakarta.annotation-api-1.3.4.jar:/home/user/.m2/repository/org/glassfish/hk2/external/aopalliance-repackaged/2.5.0/aopalliance-repackaged-2.5.0.jar:/home/user/.m2/repository/com/fasterxml/jackson/dataformat/jackson-dataformat-xml/2.9.0/jackson-dataformat-xml-2.9.0.jar:/home/user/.m2/repository/com/fasterxml/jackson/module/jackson-module-jaxb-annotations/2.9.5/jackson-module-jaxb-annotations-2.9.5.jar:/home/user/.m2/repository/javax/enterprise/cdi-api/1.2/cdi-api-1.2.jar:/home/user/.m2/repository/javax/el/javax.el-api/3.0.0/javax.el-api-3.0.0.jar:/home/user/.m2/repository/javax/interceptor/javax.interceptor-api/1.2/javax.interceptor-api-1.2.jar:/home/user/.m2/repository/javax/inject/javax.inject/1/javax.inject-1.jar:/home/user/.m2/repository/org/apache/hadoop/hadoop-ozone-csi/0.5.0-SNAPSHOT/hadoop-ozone-csi-0.5.0-SNAPSHOT.jar:/home/user/.m2/repository/com/google/protobuf/protobuf-java-util/3.5.1/protobuf-java-util-3.5.1.jar:/home/user/.m2/repository/io/grpc/grpc-netty/1.17.1/grpc-netty-1.17.1.jar:/home/user/.m2/repository/io/grpc/grpc-core/1.17.1/grpc-core-1.17.1.jar:/home/user/.m2/repository/io/grpc/grpc-context/1.17.1/grpc-context-1.17.1.jar:/home/user/.m2/repository/com/google/errorprone/error_prone_annotations/2.2.0/error_prone_annotations-2.2.0.jar:/home/user/.m2/repository/org/codehaus/mojo/animal-sniffer-annotations/1.17/animal-sniffer-annotations-1.17.jar:/home/user/.m2/repository/io/opencensus/opencensus-api/0.17.0/opencensus-api-0.17.0.jar:/home/user/.m2/repository/io/opencensus/opencensus-contrib-grpc-metrics/0.17.0/opencensus-contrib-grpc-metrics-0.17.0.jar:/home/user/.m2/repository/io/netty/netty-codec-http2/4.1.30.Final/netty-codec-http2-4.1.30.Final.jar:/home/user/.m2/repository/io/netty/netty-codec-http/4.1.30.Final/netty-codec-http-4.1.30.Final.jar:/home/user/.m2/repository/io/netty/netty-codec/4.1.30.Final/netty-codec-4.1.30.Final.jar:/home/user/.m2/repository/io/netty/netty-handler/4.1.30.Final/netty-handler-4.1.30.Final.jar:/home/user/.m2/repository/io/netty/netty-handler-proxy/4.1.30.Final/netty-handler-proxy-4.1.30.Final.jar:/home/user/.m2/repository/io/netty/netty-codec-socks/4.1.30.Final/netty-codec-socks-4.1.30.Final.jar:/home/user/.m2/repository/io/netty/netty-transport-native-epoll/4.1.30.Final/netty-transport-native-epoll-4.1.30.Final.jar:/home/user/.m2/repository/io/netty/netty-common/4.1.30.Final/netty-common-4.1.30.Final.jar:/home/user/.m2/repository/io/netty/netty-buffer/4.1.30.Final/netty-buffer-4.1.30.Final.jar:/home/user/.m2/repository/io/netty/netty-transport/4.1.30.Final/netty-transport-4.1.30.Final.jar:/home/user/.m2/repository/io/netty/netty-resolver/4.1.30.Final/netty-resolver-4.1.30.Final.jar:/home/user/.m2/repository/io/netty/netty-transport-native-unix-common/4.1.30.Final/netty-transport-native-unix-common-4.1.30.Final.jar:/home/user/.m2/repository/io/grpc/grpc-protobuf/1.17.1/grpc-protobuf-1.17.1.jar:/home/user/.m2/repository/com/google/api/grpc/proto-google-common-protos/1.0.0/proto-google-common-protos-1.0.0.jar:/home/user/.m2/repository/io/grpc/grpc-protobuf-lite/1.17.1/grpc-protobuf-lite-1.17.1.jar:/home/user/.m2/repository/io/grpc/grpc-stub/1.17.1/grpc-stub-1.17.1.jar:/home/user/.m2/repository/org/apache/hadoop/hadoop-ozone-recon/0.5.0-SNAPSHOT/hadoop-ozone-recon-0.5.0-SNAPSHOT.jar:/home/user/.m2/repository/org/apache/hadoop/hadoop-ozone-reconcodegen/0.5.0-SNAPSHOT/hadoop-ozone-reconcodegen-0.5.0-SNAPSHOT.jar:/home/user/.m2/repository/com/google/inject/extensions/guice-multibindings/4.0/guice-multibindings-4.0.jar:/home/user/.m2/repository/com/google/inject/guice/4.0/guice-4.0.jar:/home/user/.m2/repository/aopalliance/aopalliance/1.0/aopalliance-1.0.jar:/home/user/.m2/repository/com/google/inject/extensions/guice-servlet/4.0/guice-servlet-4.0.jar:/home/user/.m2/repository/org/glassfish/jersey/containers/jersey-container-servlet/2.27/jersey-container-servlet-2.27.jar:/home/user/.m2/repository/org/glassfish/hk2/guice-bridge/2.5.0/guice-bridge-2.5.0.jar:/home/user/.m2/repository/org/glassfish/jersey/core/jersey-server/2.27/jersey-server-2.27.jar:/home/user/.m2/repository/org/glassfish/jersey/core/jersey-client/2.27/jersey-client-2.27.jar:/home/user/.m2/repository/org/glassfish/jersey/media/jersey-media-jaxb/2.27/jersey-media-jaxb-2.27.jar:/home/user/.m2/repository/javax/validation/validation-api/1.1.0.Final/validation-api-1.1.0.Final.jar:/home/user/.m2/repository/org/glassfish/jersey/media/jersey-media-json-jackson/2.27/jersey-media-json-jackson-2.27.jar:/home/user/.m2/repository/org/glassfish/jersey/ext/jersey-entity-filtering/2.27/jersey-entity-filtering-2.27.jar:/home/user/.m2/repository/com/google/inject/extensions/guice-assistedinject/4.0/guice-assistedinject-4.0.jar:/home/user/.m2/repository/org/jooq/jooq/3.11.10/jooq-3.11.10.jar:/home/user/.m2/repository/org/jooq/jooq-meta/3.11.10/jooq-meta-3.11.10.jar:/home/user/.m2/repository/org/jooq/jooq-codegen/3.11.10/jooq-codegen-3.11.10.jar:/home/user/.m2/repository/com/jolbox/bonecp/0.8.0.RELEASE/bonecp-0.8.0.RELEASE.jar:/home/user/.m2/repository/org/springframework/spring-jdbc/5.1.3.RELEASE/spring-jdbc-5.1.3.RELEASE.jar:/home/user/.m2/repository/org/springframework/spring-beans/5.1.3.RELEASE/spring-beans-5.1.3.RELEASE.jar:/home/user/.m2/repository/org/springframework/spring-core/5.1.3.RELEASE/spring-core-5.1.3.RELEASE.jar:/home/user/.m2/repository/org/springframework/spring-jcl/5.1.3.RELEASE/spring-jcl-5.1.3.RELEASE.jar:/home/user/.m2/repository/org/springframework/spring-tx/5.1.3.RELEASE/spring-tx-5.1.3.RELEASE.jar:/home/user/.m2/repository/org/mockito/mockito-core/2.15.0/mockito-core-2.15.0.jar:/home/user/.m2/repository/net/bytebuddy/byte-buddy/1.7.9/byte-buddy-1.7.9.jar:/home/user/.m2/repository/net/bytebuddy/byte-buddy-agent/1.7.9/byte-buddy-agent-1.7.9.jar:/home/user/.m2/repository/org/objenesis/objenesis/1.0/objenesis-1.0.jar:"/>
    <property name="java.vm.vendor" value="IcedTea"/>
    <property name="sun.arch.data.model" value="64"/>
    <property name="test.build.dir" value="/workdir/hadoop-ozone/tools/target/test-dir"/>
    <property name="test.cache.data" value=""/>
    <property name="java.vendor.url" value="https://icedtea.classpath.org"/>
    <property name="user.timezone" value=""/>
    <property name="java.vm.specification.version" value="1.8"/>
    <property name="os.name" value="Linux"/>
    <property name="test.build.data" value="/workdir/hadoop-ozone/tools/target/test-dir"/>
    <property name="user.country" value="US"/>
    <property name="sun.java.launcher" value="SUN_STANDARD"/>
    <property name="sun.boot.library.path" value="/usr/lib/jvm/java-1.8-openjdk/jre/lib/amd64"/>
    <property name="sun.java.command" value="/workdir/hadoop-ozone/tools/target/surefire/surefirebooter615750472380744022.jar /workdir/hadoop-ozone/tools/target/surefire 2019-09-12T10-13-21_360-jvmRun1 surefire7857283775848076587tmp surefire_1215873064664395834589tmp"/>
    <property name="test" value="!TestMiniChaosOzoneCluster"/>
    <property name="surefire.test.class.path" value="/workdir/hadoop-ozone/tools/target/test-classes:/workdir/hadoop-ozone/tools/target/classes:/home/user/.m2/repository/org/apache/hadoop/hadoop-ozone-ozone-manager/0.5.0-SNAPSHOT/hadoop-ozone-ozone-manager-0.5.0-SNAPSHOT.jar:/home/user/.m2/repository/org/apache/hadoop/hadoop-hdds-docs/0.5.0-SNAPSHOT/hadoop-hdds-docs-0.5.0-SNAPSHOT.jar:/home/user/.m2/repository/org/bouncycastle/bcprov-jdk15on/1.60/bcprov-jdk15on-1.60.jar:/home/user/.m2/repository/org/apache/hadoop/hadoop-ozone-common/0.5.0-SNAPSHOT/hadoop-ozone-common-0.5.0-SNAPSHOT.jar:/home/user/.m2/repository/org/apache/commons/commons-compress/1.4.1/commons-compress-1.4.1.jar:/home/user/.m2/repository/org/tukaani/xz/1.0/xz-1.0.jar:/home/user/.m2/repository/org/apache/hadoop/hadoop-hdfs-client/3.2.0/hadoop-hdfs-client-3.2.0.jar:/home/user/.m2/repository/com/fasterxml/jackson/core/jackson-annotations/2.9.5/jackson-annotations-2.9.5.jar:/home/user/.m2/repository/org/apache/hadoop/hadoop-hdds-common/0.5.0-SNAPSHOT/hadoop-hdds-common-0.5.0-SNAPSHOT.jar:/home/user/.m2/repository/org/apache/hadoop/hadoop-hdds-config/0.5.0-SNAPSHOT/hadoop-hdds-config-0.5.0-SNAPSHOT.jar:/home/user/.m2/repository/javax/annotation/javax.annotation-api/1.2/javax.annotation-api-1.2.jar:/home/user/.m2/repository/org/apache/ratis/ratis-server/0.4.0-2337318-SNAPSHOT/ratis-server-0.4.0-2337318-SNAPSHOT.jar:/home/user/.m2/repository/org/apache/ratis/ratis-thirdparty-misc/0.2.0/ratis-thirdparty-misc-0.2.0.jar:/home/user/.m2/repository/org/apache/ratis/ratis-proto/0.4.0-2337318-SNAPSHOT/ratis-proto-0.4.0-2337318-SNAPSHOT.jar:/home/user/.m2/repository/org/apache/ratis/ratis-common/0.4.0-2337318-SNAPSHOT/ratis-common-0.4.0-2337318-SNAPSHOT.jar:/home/user/.m2/repository/org/apache/ratis/ratis-client/0.4.0-2337318-SNAPSHOT/ratis-client-0.4.0-2337318-SNAPSHOT.jar:/home/user/.m2/repository/org/apache/ratis/ratis-metrics/0.4.0-2337318-SNAPSHOT/ratis-metrics-0.4.0-2337318-SNAPSHOT.jar:/home/user/.m2/repository/org/apache/ratis/ratis-netty/0.4.0-2337318-SNAPSHOT/ratis-netty-0.4.0-2337318-SNAPSHOT.jar:/home/user/.m2/repository/org/apache/ratis/ratis-grpc/0.4.0-2337318-SNAPSHOT/ratis-grpc-0.4.0-2337318-SNAPSHOT.jar:/home/user/.m2/repository/org/rocksdb/rocksdbjni/6.0.1/rocksdbjni-6.0.1.jar:/home/user/.m2/repository/org/apache/logging/log4j/log4j-api/2.11.0/log4j-api-2.11.0.jar:/home/user/.m2/repository/org/apache/logging/log4j/log4j-core/2.11.0/log4j-core-2.11.0.jar:/home/user/.m2/repository/com/lmax/disruptor/3.4.2/disruptor-3.4.2.jar:/home/user/.m2/repository/org/apache/commons/commons-pool2/2.6.0/commons-pool2-2.6.0.jar:/home/user/.m2/repository/org/bouncycastle/bcpkix-jdk15on/1.60/bcpkix-jdk15on-1.60.jar:/home/user/.m2/repository/commons-validator/commons-validator/1.6/commons-validator-1.6.jar:/home/user/.m2/repository/commons-digester/commons-digester/1.8.1/commons-digester-1.8.1.jar:/home/user/.m2/repository/io/jaegertracing/jaeger-client/0.33.1/jaeger-client-0.33.1.jar:/home/user/.m2/repository/io/jaegertracing/jaeger-thrift/0.33.1/jaeger-thrift-0.33.1.jar:/home/user/.m2/repository/org/apache/thrift/libthrift/0.11.0/libthrift-0.11.0.jar:/home/user/.m2/repository/com/squareup/okhttp3/okhttp/3.9.0/okhttp-3.9.0.jar:/home/user/.m2/repository/com/squareup/okio/okio/1.13.0/okio-1.13.0.jar:/home/user/.m2/repository/io/jaegertracing/jaeger-core/0.33.1/jaeger-core-0.33.1.jar:/home/user/.m2/repository/io/jaegertracing/jaeger-tracerresolver/0.33.1/jaeger-tracerresolver-0.33.1.jar:/home/user/.m2/repository/io/opentracing/contrib/opentracing-tracerresolver/0.1.5/opentracing-tracerresolver-0.1.5.jar:/home/user/.m2/repository/io/opentracing/opentracing-util/0.31.0/opentracing-util-0.31.0.jar:/home/user/.m2/repository/io/opentracing/opentracing-api/0.31.0/opentracing-api-0.31.0.jar:/home/user/.m2/repository/io/opentracing/opentracing-noop/0.31.0/opentracing-noop-0.31.0.jar:/home/user/.m2/repository/org/yaml/snakeyaml/1.16/snakeyaml-1.16.jar:/home/user/.m2/repository/org/apache/hadoop/hadoop-hdds-container-service/0.5.0-SNAPSHOT/hadoop-hdds-container-service-0.5.0-SNAPSHOT.jar:/home/user/.m2/repository/org/apache/hadoop/hadoop-hdds-client/0.5.0-SNAPSHOT/hadoop-hdds-client-0.5.0-SNAPSHOT.jar:/home/user/.m2/repository/org/apache/hadoop/hadoop-hdds-tools/0.5.0-SNAPSHOT/hadoop-hdds-tools-0.5.0-SNAPSHOT.jar:/home/user/.m2/repository/org/xerial/sqlite-jdbc/3.25.2/sqlite-jdbc-3.25.2.jar:/home/user/.m2/repository/org/apache/hadoop/hadoop-hdds-server-scm/0.5.0-SNAPSHOT/hadoop-hdds-server-scm-0.5.0-SNAPSHOT.jar:/home/user/.m2/repository/org/hamcrest/hamcrest-all/1.3/hamcrest-all-1.3.jar:/home/user/.m2/repository/info/picocli/picocli/3.9.6/picocli-3.9.6.jar:/home/user/.m2/repository/com/google/protobuf/protobuf-java/2.5.0/protobuf-java-2.5.0.jar:/home/user/.m2/repository/com/google/guava/guava/11.0.2/guava-11.0.2.jar:/home/user/.m2/repository/org/apache/hadoop/hadoop-ozone-client/0.5.0-SNAPSHOT/hadoop-ozone-client-0.5.0-SNAPSHOT.jar:/workdir/hadoop-ozone/ozonefs/target/classes:/home/user/.m2/repository/org/apache/hadoop/hadoop-hdds-server-framework/0.5.0-SNAPSHOT/hadoop-hdds-server-framework-0.5.0-SNAPSHOT.jar:/home/user/.m2/repository/org/apache/hadoop/hadoop-common/3.2.0/hadoop-common-3.2.0.jar:/home/user/.m2/repository/org/apache/hadoop/hadoop-annotations/3.2.0/hadoop-annotations-3.2.0.jar:/usr/lib/jvm/java-1.8-openjdk/jre/../lib/tools.jar:/home/user/.m2/repository/commons-cli/commons-cli/1.2/commons-cli-1.2.jar:/home/user/.m2/repository/org/apache/commons/commons-math3/3.1.1/commons-math3-3.1.1.jar:/home/user/.m2/repository/org/apache/httpcomponents/httpclient/4.5.2/httpclient-4.5.2.jar:/home/user/.m2/repository/org/apache/httpcomponents/httpcore/4.4.4/httpcore-4.4.4.jar:/home/user/.m2/repository/commons-codec/commons-codec/1.11/commons-codec-1.11.jar:/home/user/.m2/repository/commons-io/commons-io/2.5/commons-io-2.5.jar:/home/user/.m2/repository/commons-net/commons-net/3.6/commons-net-3.6.jar:/home/user/.m2/repository/commons-collections/commons-collections/3.2.2/commons-collections-3.2.2.jar:/home/user/.m2/repository/javax/servlet/javax.servlet-api/3.1.0/javax.servlet-api-3.1.0.jar:/home/user/.m2/repository/org/eclipse/jetty/jetty-server/9.3.24.v20180605/jetty-server-9.3.24.v20180605.jar:/home/user/.m2/repository/org/eclipse/jetty/jetty-http/9.3.24.v20180605/jetty-http-9.3.24.v20180605.jar:/home/user/.m2/repository/org/eclipse/jetty/jetty-io/9.3.24.v20180605/jetty-io-9.3.24.v20180605.jar:/home/user/.m2/repository/org/eclipse/jetty/jetty-util/9.3.24.v20180605/jetty-util-9.3.24.v20180605.jar:/home/user/.m2/repository/org/eclipse/jetty/jetty-servlet/9.3.24.v20180605/jetty-servlet-9.3.24.v20180605.jar:/home/user/.m2/repository/org/eclipse/jetty/jetty-security/9.3.24.v20180605/jetty-security-9.3.24.v20180605.jar:/home/user/.m2/repository/org/eclipse/jetty/jetty-webapp/9.3.24.v20180605/jetty-webapp-9.3.24.v20180605.jar:/home/user/.m2/repository/org/eclipse/jetty/jetty-xml/9.3.24.v20180605/jetty-xml-9.3.24.v20180605.jar:/home/user/.m2/repository/javax/servlet/jsp/jsp-api/2.1/jsp-api-2.1.jar:/home/user/.m2/repository/com/sun/jersey/jersey-core/1.19/jersey-core-1.19.jar:/home/user/.m2/repository/javax/ws/rs/jsr311-api/1.1.1/jsr311-api-1.1.1.jar:/home/user/.m2/repository/com/sun/jersey/jersey-servlet/1.19/jersey-servlet-1.19.jar:/home/user/.m2/repository/com/sun/jersey/jersey-json/1.19/jersey-json-1.19.jar:/home/user/.m2/repository/org/codehaus/jettison/jettison/1.1/jettison-1.1.jar:/home/user/.m2/repository/com/sun/xml/bind/jaxb-impl/2.3.0.1/jaxb-impl-2.3.0.1.jar:/home/user/.m2/repository/org/codehaus/jackson/jackson-core-asl/1.9.13/jackson-core-asl-1.9.13.jar:/home/user/.m2/repository/org/codehaus/jackson/jackson-mapper-asl/1.9.13/jackson-mapper-asl-1.9.13.jar:/home/user/.m2/repository/org/codehaus/jackson/jackson-jaxrs/1.9.13/jackson-jaxrs-1.9.13.jar:/home/user/.m2/repository/org/codehaus/jackson/jackson-xc/1.9.13/jackson-xc-1.9.13.jar:/home/user/.m2/repository/com/sun/jersey/jersey-server/1.19/jersey-server-1.19.jar:/home/user/.m2/repository/commons-logging/commons-logging/1.1.3/commons-logging-1.1.3.jar:/home/user/.m2/repository/log4j/log4j/1.2.17/log4j-1.2.17.jar:/home/user/.m2/repository/commons-beanutils/commons-beanutils/1.9.3/commons-beanutils-1.9.3.jar:/home/user/.m2/repository/org/apache/commons/commons-configuration2/2.1.1/commons-configuration2-2.1.1.jar:/home/user/.m2/repository/org/apache/commons/commons-lang3/3.7/commons-lang3-3.7.jar:/home/user/.m2/repository/org/apache/commons/commons-text/1.4/commons-text-1.4.jar:/home/user/.m2/repository/org/slf4j/slf4j-api/1.7.25/slf4j-api-1.7.25.jar:/home/user/.m2/repository/org/slf4j/slf4j-log4j12/1.7.25/slf4j-log4j12-1.7.25.jar:/home/user/.m2/repository/org/apache/avro/avro/1.7.7/avro-1.7.7.jar:/home/user/.m2/repository/com/thoughtworks/paranamer/paranamer/2.3/paranamer-2.3.jar:/home/user/.m2/repository/org/xerial/snappy/snappy-java/1.0.5/snappy-java-1.0.5.jar:/home/user/.m2/repository/com/google/re2j/re2j/1.1/re2j-1.1.jar:/home/user/.m2/repository/com/google/code/gson/gson/2.2.4/gson-2.2.4.jar:/home/user/.m2/repository/org/apache/hadoop/hadoop-auth/3.2.0/hadoop-auth-3.2.0.jar:/home/user/.m2/repository/com/nimbusds/nimbus-jose-jwt/4.41.1/nimbus-jose-jwt-4.41.1.jar:/home/user/.m2/repository/com/github/stephenc/jcip/jcip-annotations/1.0-1/jcip-annotations-1.0-1.jar:/home/user/.m2/repository/net/minidev/json-smart/2.3/json-smart-2.3.jar:/home/user/.m2/repository/net/minidev/accessors-smart/1.2/accessors-smart-1.2.jar:/home/user/.m2/repository/org/apache/curator/curator-framework/2.12.0/curator-framework-2.12.0.jar:/home/user/.m2/repository/com/jcraft/jsch/0.1.54/jsch-0.1.54.jar:/home/user/.m2/repository/org/apache/curator/curator-client/2.12.0/curator-client-2.12.0.jar:/home/user/.m2/repository/org/apache/curator/curator-recipes/2.12.0/curator-recipes-2.12.0.jar:/home/user/.m2/repository/com/google/code/findbugs/jsr305/3.0.0/jsr305-3.0.0.jar:/home/user/.m2/repository/org/apache/htrace/htrace-core4/4.1.0-incubating/htrace-core4-4.1.0-incubating.jar:/home/user/.m2/repository/org/apache/zookeeper/zookeeper/3.4.13/zookeeper-3.4.13.jar:/home/user/.m2/repository/org/apache/yetus/audience-annotations/0.5.0/audience-annotations-0.5.0.jar:/home/user/.m2/repository/org/apache/kerby/kerb-simplekdc/1.0.1/kerb-simplekdc-1.0.1.jar:/home/user/.m2/repository/org/apache/kerby/kerb-client/1.0.1/kerb-client-1.0.1.jar:/home/user/.m2/repository/org/apache/kerby/kerby-config/1.0.1/kerby-config-1.0.1.jar:/home/user/.m2/repository/org/apache/kerby/kerb-core/1.0.1/kerb-core-1.0.1.jar:/home/user/.m2/repository/org/apache/kerby/kerby-pkix/1.0.1/kerby-pkix-1.0.1.jar:/home/user/.m2/repository/org/apache/kerby/kerby-asn1/1.0.1/kerby-asn1-1.0.1.jar:/home/user/.m2/repository/org/apache/kerby/kerby-util/1.0.1/kerby-util-1.0.1.jar:/home/user/.m2/repository/org/apache/kerby/kerb-common/1.0.1/kerb-common-1.0.1.jar:/home/user/.m2/repository/org/apache/kerby/kerb-crypto/1.0.1/kerb-crypto-1.0.1.jar:/home/user/.m2/repository/org/apache/kerby/kerb-util/1.0.1/kerb-util-1.0.1.jar:/home/user/.m2/repository/org/apache/kerby/token-provider/1.0.1/token-provider-1.0.1.jar:/home/user/.m2/repository/org/apache/kerby/kerb-admin/1.0.1/kerb-admin-1.0.1.jar:/home/user/.m2/repository/org/apache/kerby/kerb-server/1.0.1/kerb-server-1.0.1.jar:/home/user/.m2/repository/org/apache/kerby/kerb-identity/1.0.1/kerb-identity-1.0.1.jar:/home/user/.m2/repository/org/apache/kerby/kerby-xdr/1.0.1/kerby-xdr-1.0.1.jar:/home/user/.m2/repository/com/fasterxml/jackson/core/jackson-databind/2.9.5/jackson-databind-2.9.5.jar:/home/user/.m2/repository/com/fasterxml/jackson/core/jackson-core/2.9.5/jackson-core-2.9.5.jar:/home/user/.m2/repository/org/codehaus/woodstox/stax2-api/3.1.4/stax2-api-3.1.4.jar:/home/user/.m2/repository/com/fasterxml/woodstox/woodstox-core/5.0.3/woodstox-core-5.0.3.jar:/home/user/.m2/repository/dnsjava/dnsjava/2.1.7/dnsjava-2.1.7.jar:/home/user/.m2/repository/org/apache/hadoop/hadoop-hdfs/3.2.0/hadoop-hdfs-3.2.0.jar:/home/user/.m2/repository/org/eclipse/jetty/jetty-util-ajax/9.3.24.v20180605/jetty-util-ajax-9.3.24.v20180605.jar:/home/user/.m2/repository/commons-daemon/commons-daemon/1.0.13/commons-daemon-1.0.13.jar:/home/user/.m2/repository/io/netty/netty/3.10.5.Final/netty-3.10.5.Final.jar:/home/user/.m2/repository/io/netty/netty-all/4.0.52.Final/netty-all-4.0.52.Final.jar:/home/user/.m2/repository/org/fusesource/leveldbjni/leveldbjni-all/1.8/leveldbjni-all-1.8.jar:/home/user/.m2/repository/com/sun/xml/bind/jaxb-core/2.3.0.1/jaxb-core-2.3.0.1.jar:/home/user/.m2/repository/javax/xml/bind/jaxb-api/2.3.0/jaxb-api-2.3.0.jar:/home/user/.m2/repository/javax/activation/activation/1.1.1/activation-1.1.1.jar:/home/user/.m2/repository/io/dropwizard/metrics/metrics-core/3.2.4/metrics-core-3.2.4.jar:/home/user/.m2/repository/org/openjdk/jmh/jmh-core/1.19/jmh-core-1.19.jar:/home/user/.m2/repository/net/sf/jopt-simple/jopt-simple/4.6/jopt-simple-4.6.jar:/home/user/.m2/repository/org/openjdk/jmh/jmh-generator-annprocess/1.19/jmh-generator-annprocess-1.19.jar:/home/user/.m2/repository/com/google/code/findbugs/findbugs/3.0.1/findbugs-3.0.1.jar:/home/user/.m2/repository/net/jcip/jcip-annotations/1.0/jcip-annotations-1.0.jar:/home/user/.m2/repository/com/google/code/findbugs/bcel-findbugs/6.0/bcel-findbugs-6.0.jar:/home/user/.m2/repository/com/google/code/findbugs/jFormatString/2.0.1/jFormatString-2.0.1.jar:/home/user/.m2/repository/dom4j/dom4j/1.6.1/dom4j-1.6.1.jar:/home/user/.m2/repository/xml-apis/xml-apis/1.0.b2/xml-apis-1.0.b2.jar:/home/user/.m2/repository/org/ow2/asm/asm-debug-all/5.0.2/asm-debug-all-5.0.2.jar:/home/user/.m2/repository/org/ow2/asm/asm-commons/5.0.2/asm-commons-5.0.2.jar:/home/user/.m2/repository/org/ow2/asm/asm-tree/5.0.2/asm-tree-5.0.2.jar:/home/user/.m2/repository/org/ow2/asm/asm/5.0.4/asm-5.0.4.jar:/home/user/.m2/repository/commons-lang/commons-lang/2.6/commons-lang-2.6.jar:/home/user/.m2/repository/com/apple/AppleJavaExtensions/1.4/AppleJavaExtensions-1.4.jar:/home/user/.m2/repository/jaxen/jaxen/1.1.6/jaxen-1.1.6.jar:/home/user/.m2/repository/junit/junit/4.11/junit-4.11.jar:/home/user/.m2/repository/org/hamcrest/hamcrest-core/1.3/hamcrest-core-1.3.jar:/home/user/.m2/repository/org/apache/hadoop/hadoop-common/3.2.0/hadoop-common-3.2.0-tests.jar:/workdir/hadoop-ozone/integration-test/target/test-classes:/home/user/.m2/repository/org/apache/hadoop/hadoop-ozone-objectstore-service/0.5.0-SNAPSHOT/hadoop-ozone-objectstore-service-0.5.0-SNAPSHOT.jar:/home/user/.m2/repository/org/apache/hadoop/hadoop-ozone-s3gateway/0.5.0-SNAPSHOT/hadoop-ozone-s3gateway-0.5.0-SNAPSHOT.jar:/home/user/.m2/repository/org/jboss/weld/servlet/weld-servlet/2.4.7.Final/weld-servlet-2.4.7.Final.jar:/home/user/.m2/repository/org/glassfish/jersey/containers/jersey-container-servlet-core/2.27/jersey-container-servlet-core-2.27.jar:/home/user/.m2/repository/org/glassfish/hk2/external/javax.inject/2.5.0-b42/javax.inject-2.5.0-b42.jar:/home/user/.m2/repository/org/glassfish/jersey/core/jersey-common/2.27/jersey-common-2.27.jar:/home/user/.m2/repository/org/glassfish/hk2/osgi-resource-locator/1.0.1/osgi-resource-locator-1.0.1.jar:/home/user/.m2/repository/javax/ws/rs/javax.ws.rs-api/2.1/javax.ws.rs-api-2.1.jar:/home/user/.m2/repository/org/glassfish/jersey/ext/cdi/jersey-cdi1x/2.27/jersey-cdi1x-2.27.jar:/home/user/.m2/repository/org/glassfish/jersey/inject/jersey-hk2/2.27/jersey-hk2-2.27.jar:/home/user/.m2/repository/org/glassfish/hk2/hk2-locator/2.5.0-b42/hk2-locator-2.5.0-b42.jar:/home/user/.m2/repository/org/javassist/javassist/3.22.0-CR2/javassist-3.22.0-CR2.jar:/home/user/.m2/repository/org/glassfish/hk2/hk2-api/2.5.0/hk2-api-2.5.0.jar:/home/user/.m2/repository/org/glassfish/hk2/external/jakarta.inject/2.5.0/jakarta.inject-2.5.0.jar:/home/user/.m2/repository/org/glassfish/hk2/hk2-utils/2.5.0/hk2-utils-2.5.0.jar:/home/user/.m2/repository/jakarta/annotation/jakarta.annotation-api/1.3.4/jakarta.annotation-api-1.3.4.jar:/home/user/.m2/repository/org/glassfish/hk2/external/aopalliance-repackaged/2.5.0/aopalliance-repackaged-2.5.0.jar:/home/user/.m2/repository/com/fasterxml/jackson/dataformat/jackson-dataformat-xml/2.9.0/jackson-dataformat-xml-2.9.0.jar:/home/user/.m2/repository/com/fasterxml/jackson/module/jackson-module-jaxb-annotations/2.9.5/jackson-module-jaxb-annotations-2.9.5.jar:/home/user/.m2/repository/javax/enterprise/cdi-api/1.2/cdi-api-1.2.jar:/home/user/.m2/repository/javax/el/javax.el-api/3.0.0/javax.el-api-3.0.0.jar:/home/user/.m2/repository/javax/interceptor/javax.interceptor-api/1.2/javax.interceptor-api-1.2.jar:/home/user/.m2/repository/javax/inject/javax.inject/1/javax.inject-1.jar:/home/user/.m2/repository/org/apache/hadoop/hadoop-ozone-csi/0.5.0-SNAPSHOT/hadoop-ozone-csi-0.5.0-SNAPSHOT.jar:/home/user/.m2/repository/com/google/protobuf/protobuf-java-util/3.5.1/protobuf-java-util-3.5.1.jar:/home/user/.m2/repository/io/grpc/grpc-netty/1.17.1/grpc-netty-1.17.1.jar:/home/user/.m2/repository/io/grpc/grpc-core/1.17.1/grpc-core-1.17.1.jar:/home/user/.m2/repository/io/grpc/grpc-context/1.17.1/grpc-context-1.17.1.jar:/home/user/.m2/repository/com/google/errorprone/error_prone_annotations/2.2.0/error_prone_annotations-2.2.0.jar:/home/user/.m2/repository/org/codehaus/mojo/animal-sniffer-annotations/1.17/animal-sniffer-annotations-1.17.jar:/home/user/.m2/repository/io/opencensus/opencensus-api/0.17.0/opencensus-api-0.17.0.jar:/home/user/.m2/repository/io/opencensus/opencensus-contrib-grpc-metrics/0.17.0/opencensus-contrib-grpc-metrics-0.17.0.jar:/home/user/.m2/repository/io/netty/netty-codec-http2/4.1.30.Final/netty-codec-http2-4.1.30.Final.jar:/home/user/.m2/repository/io/netty/netty-codec-http/4.1.30.Final/netty-codec-http-4.1.30.Final.jar:/home/user/.m2/repository/io/netty/netty-codec/4.1.30.Final/netty-codec-4.1.30.Final.jar:/home/user/.m2/repository/io/netty/netty-handler/4.1.30.Final/netty-handler-4.1.30.Final.jar:/home/user/.m2/repository/io/netty/netty-handler-proxy/4.1.30.Final/netty-handler-proxy-4.1.30.Final.jar:/home/user/.m2/repository/io/netty/netty-codec-socks/4.1.30.Final/netty-codec-socks-4.1.30.Final.jar:/home/user/.m2/repository/io/netty/netty-transport-native-epoll/4.1.30.Final/netty-transport-native-epoll-4.1.30.Final.jar:/home/user/.m2/repository/io/netty/netty-common/4.1.30.Final/netty-common-4.1.30.Final.jar:/home/user/.m2/repository/io/netty/netty-buffer/4.1.30.Final/netty-buffer-4.1.30.Final.jar:/home/user/.m2/repository/io/netty/netty-transport/4.1.30.Final/netty-transport-4.1.30.Final.jar:/home/user/.m2/repository/io/netty/netty-resolver/4.1.30.Final/netty-resolver-4.1.30.Final.jar:/home/user/.m2/repository/io/netty/netty-transport-native-unix-common/4.1.30.Final/netty-transport-native-unix-common-4.1.30.Final.jar:/home/user/.m2/repository/io/grpc/grpc-protobuf/1.17.1/grpc-protobuf-1.17.1.jar:/home/user/.m2/repository/com/google/api/grpc/proto-google-common-protos/1.0.0/proto-google-common-protos-1.0.0.jar:/home/user/.m2/repository/io/grpc/grpc-protobuf-lite/1.17.1/grpc-protobuf-lite-1.17.1.jar:/home/user/.m2/repository/io/grpc/grpc-stub/1.17.1/grpc-stub-1.17.1.jar:/home/user/.m2/repository/org/apache/hadoop/hadoop-ozone-recon/0.5.0-SNAPSHOT/hadoop-ozone-recon-0.5.0-SNAPSHOT.jar:/home/user/.m2/repository/org/apache/hadoop/hadoop-ozone-reconcodegen/0.5.0-SNAPSHOT/hadoop-ozone-reconcodegen-0.5.0-SNAPSHOT.jar:/home/user/.m2/repository/com/google/inject/extensions/guice-multibindings/4.0/guice-multibindings-4.0.jar:/home/user/.m2/repository/com/google/inject/guice/4.0/guice-4.0.jar:/home/user/.m2/repository/aopalliance/aopalliance/1.0/aopalliance-1.0.jar:/home/user/.m2/repository/com/google/inject/extensions/guice-servlet/4.0/guice-servlet-4.0.jar:/home/user/.m2/repository/org/glassfish/jersey/containers/jersey-container-servlet/2.27/jersey-container-servlet-2.27.jar:/home/user/.m2/repository/org/glassfish/hk2/guice-bridge/2.5.0/guice-bridge-2.5.0.jar:/home/user/.m2/repository/org/glassfish/jersey/core/jersey-server/2.27/jersey-server-2.27.jar:/home/user/.m2/repository/org/glassfish/jersey/core/jersey-client/2.27/jersey-client-2.27.jar:/home/user/.m2/repository/org/glassfish/jersey/media/jersey-media-jaxb/2.27/jersey-media-jaxb-2.27.jar:/home/user/.m2/repository/javax/validation/validation-api/1.1.0.Final/validation-api-1.1.0.Final.jar:/home/user/.m2/repository/org/glassfish/jersey/media/jersey-media-json-jackson/2.27/jersey-media-json-jackson-2.27.jar:/home/user/.m2/repository/org/glassfish/jersey/ext/jersey-entity-filtering/2.27/jersey-entity-filtering-2.27.jar:/home/user/.m2/repository/com/google/inject/extensions/guice-assistedinject/4.0/guice-assistedinject-4.0.jar:/home/user/.m2/repository/org/jooq/jooq/3.11.10/jooq-3.11.10.jar:/home/user/.m2/repository/org/jooq/jooq-meta/3.11.10/jooq-meta-3.11.10.jar:/home/user/.m2/repository/org/jooq/jooq-codegen/3.11.10/jooq-codegen-3.11.10.jar:/home/user/.m2/repository/com/jolbox/bonecp/0.8.0.RELEASE/bonecp-0.8.0.RELEASE.jar:/home/user/.m2/repository/org/springframework/spring-jdbc/5.1.3.RELEASE/spring-jdbc-5.1.3.RELEASE.jar:/home/user/.m2/repository/org/springframework/spring-beans/5.1.3.RELEASE/spring-beans-5.1.3.RELEASE.jar:/home/user/.m2/repository/org/springframework/spring-core/5.1.3.RELEASE/spring-core-5.1.3.RELEASE.jar:/home/user/.m2/repository/org/springframework/spring-jcl/5.1.3.RELEASE/spring-jcl-5.1.3.RELEASE.jar:/home/user/.m2/repository/org/springframework/spring-tx/5.1.3.RELEASE/spring-tx-5.1.3.RELEASE.jar:/home/user/.m2/repository/org/mockito/mockito-core/2.15.0/mockito-core-2.15.0.jar:/home/user/.m2/repository/net/bytebuddy/byte-buddy/1.7.9/byte-buddy-1.7.9.jar:/home/user/.m2/repository/net/bytebuddy/byte-buddy-agent/1.7.9/byte-buddy-agent-1.7.9.jar:/home/user/.m2/repository/org/objenesis/objenesis/1.0/objenesis-1.0.jar:"/>
    <property name="sun.cpu.endian" value="little"/>
    <property name="user.home" value="/home/user"/>
    <property name="user.language" value="en"/>
    <property name="java.specification.vendor" value="Oracle Corporation"/>
    <property name="java.home" value="/usr/lib/jvm/java-1.8-openjdk/jre"/>
    <property name="java.security.krb5.conf" value="/workdir/hadoop-ozone/tools/target/test-classes/krb5.conf"/>
    <property name="basedir" value="/workdir/hadoop-ozone/tools"/>
    <property name="file.separator" value="/"/>
    <property name="line.separator" value="&#10;"/>
    <property name="java.vm.specification.vendor" value="Oracle Corporation"/>
    <property name="java.specification.name" value="Java Platform API Specification"/>
    <property name="java.awt.graphicsenv" value="sun.awt.X11GraphicsEnvironment"/>
    <property name="surefire.real.class.path" value="/workdir/hadoop-ozone/tools/target/surefire/surefirebooter615750472380744022.jar"/>
    <property name="hadoop.log.dir" value="/workdir/hadoop-ozone/tools/target/log"/>
    <property name="sun.boot.class.path" value="/usr/lib/jvm/java-1.8-openjdk/jre/lib/resources.jar:/usr/lib/jvm/java-1.8-openjdk/jre/lib/rt.jar:/usr/lib/jvm/java-1.8-openjdk/jre/lib/sunrsasign.jar:/usr/lib/jvm/java-1.8-openjdk/jre/lib/jsse.jar:/usr/lib/jvm/java-1.8-openjdk/jre/lib/jce.jar:/usr/lib/jvm/java-1.8-openjdk/jre/lib/charsets.jar:/usr/lib/jvm/java-1.8-openjdk/jre/lib/jfr.jar:/usr/lib/jvm/java-1.8-openjdk/jre/classes"/>
    <property name="sun.management.compiler" value="HotSpot 64-Bit Tiered Compilers"/>
    <property name="java.runtime.version" value="1.8.0_212-b04"/>
    <property name="java.net.preferIPv4Stack" value="true"/>
    <property name="user.name" value="jenkins1000"/>
    <property name="path.separator" value=":"/>
    <property name="java.security.egd" value="file:///dev/urandom"/>
    <property name="os.version" value="3.10.0-957.12.2.el7.x86_64"/>
    <property name="java.endorsed.dirs" value="/usr/lib/jvm/java-1.8-openjdk/jre/lib/endorsed"/>
    <property name="java.runtime.name" value="OpenJDK Runtime Environment"/>
    <property name="file.encoding" value="UTF-8"/>
    <property name="java.vm.name" value="OpenJDK 64-Bit Server VM"/>
    <property name="test.build.webapps" value=""/>
    <property name="localRepository" value="/home/user/.m2/repository"/>
    <property name="java.vendor.url.bug" value="https://icedtea.classpath.org/bugzilla"/>
    <property name="java.io.tmpdir" value="/tmp"/>
    <property name="require.test.libhadoop" value=""/>
    <property name="java.version" value="1.8.0_212"/>
    <property name="user.dir" value="/workdir/hadoop-ozone/tools"/>
    <property name="os.arch" value="amd64"/>
    <property name="java.vm.specification.name" value="Java Virtual Machine Specification"/>
    <property name="test.build.classes" value="/workdir/hadoop-ozone/tools/target/test-classes"/>
    <property name="java.awt.printerjob" value="sun.print.PSPrinterJob"/>
    <property name="sun.os.patch.level" value="unknown"/>
    <property name="hadoop.tmp.dir" value="/workdir/hadoop-ozone/tools/target/tmp"/>
    <property name="java.library.path" value="/usr/lib/jvm/java-1.8-openjdk/jre/lib/amd64/server:/usr/lib/jvm/java-1.8-openjdk/jre/lib/amd64:/usr/lib/jvm/java-1.8-openjdk/jre/../lib/amd64:/workdir/hadoop-ozone/tools/target/native/target/usr/local/lib:/workdir/hadoop-ozone/tools/../../hadoop-common-project/hadoop-common/target/native/target/usr/local/lib:/usr/java/packages/lib/amd64:/usr/lib64:/lib64:/lib:/usr/lib"/>
    <property name="java.vm.info" value="mixed mode"/>
    <property name="java.vendor" value="IcedTea"/>
    <property name="java.vm.version" value="25.212-b04"/>
    <property name="java.ext.dirs" value="/usr/lib/jvm/java-1.8-openjdk/jre/lib/ext:/usr/java/packages/lib/ext"/>
    <property name="sun.io.unicode.encoding" value="UnicodeLittle"/>
    <property name="java.class.version" value="52.0"/>
  </properties>
  <testcase name="ratisTest3" classname="org.apache.hadoop.ozone.freon.TestRandomKeyGenerator" time="5.413">
    <error message="Allocated 0 blocks. Requested 1 blocks" type="INTERNAL_ERROR org.apache.hadoop.ozone.om.exceptions.OMException">INTERNAL_ERROR org.apache.hadoop.ozone.om.exceptions.OMException: Allocated 0 blocks. Requested 1 blocks
	at org.apache.hadoop.ozone.om.protocolPB.OzoneManagerProtocolClientSideTranslatorPB.handleError(OzoneManagerProtocolClientSideTranslatorPB.java:725)
	at org.apache.hadoop.ozone.om.protocolPB.OzoneManagerProtocolClientSideTranslatorPB.openKey(OzoneManagerProtocolClientSideTranslatorPB.java:716)
	at org.apache.hadoop.ozone.client.rpc.RpcClient.createKey(RpcClient.java:615)
	at org.apache.hadoop.ozone.client.OzoneBucket.createKey(OzoneBucket.java:323)
	at org.apache.hadoop.ozone.freon.RandomKeyGenerator.createKey(RandomKeyGenerator.java:686)
	at org.apache.hadoop.ozone.freon.RandomKeyGenerator.access$1100(RandomKeyGenerator.java:87)
	at org.apache.hadoop.ozone.freon.RandomKeyGenerator$ObjectCreator.run(RandomKeyGenerator.java:606)
	at java.util.concurrent.Executors$RunnableAdapter.call(Executors.java:511)
	at java.util.concurrent.FutureTask.run(FutureTask.java:266)
	at java.util.concurrent.ThreadPoolExecutor.runWorker(ThreadPoolExecutor.java:1149)
	at java.util.concurrent.ThreadPoolExecutor$Worker.run(ThreadPoolExecutor.java:624)
	at java.lang.Thread.run(Thread.java:748)
</error>
    <system-out><![CDATA[2019-09-12 11:56:36,141 [main] WARN  server.ServerUtils (ServerUtils.java:getScmDbDir(145)) - ozone.scm.db.dirs is not configured. We recommend adding this setting. Falling back to ozone.metadata.dirs instead.
2019-09-12 11:56:36,227 [main] WARN  server.ServerUtils (ServerUtils.java:getScmDbDir(145)) - ozone.scm.db.dirs is not configured. We recommend adding this setting. Falling back to ozone.metadata.dirs instead.
2019-09-12 11:56:36,230 [main] WARN  server.ServerUtils (ServerUtils.java:getScmDbDir(145)) - ozone.scm.db.dirs is not configured. We recommend adding this setting. Falling back to ozone.metadata.dirs instead.
2019-09-12 11:56:36,243 [main] INFO  util.log (Log.java:initialized(192)) - Logging initialized @763ms
2019-09-12 11:56:36,320 [main] INFO  db.DBStoreBuilder (DBStoreBuilder.java:addTable(110)) - using custom profile for table: deletedBlocks
2019-09-12 11:56:36,320 [main] INFO  db.DBStoreBuilder (DBStoreBuilder.java:processTables(161)) - Using default column profile:DBProfile.DISK for Table:deletedBlocks
2019-09-12 11:56:36,321 [main] INFO  db.DBStoreBuilder (DBStoreBuilder.java:addTable(110)) - using custom profile for table: validCerts
2019-09-12 11:56:36,321 [main] INFO  db.DBStoreBuilder (DBStoreBuilder.java:processTables(161)) - Using default column profile:DBProfile.DISK for Table:validCerts
2019-09-12 11:56:36,321 [main] INFO  db.DBStoreBuilder (DBStoreBuilder.java:addTable(110)) - using custom profile for table: revokedCerts
2019-09-12 11:56:36,321 [main] INFO  db.DBStoreBuilder (DBStoreBuilder.java:processTables(161)) - Using default column profile:DBProfile.DISK for Table:revokedCerts
2019-09-12 11:56:36,331 [main] INFO  db.DBStoreBuilder (DBStoreBuilder.java:addTable(110)) - using custom profile for table: default
2019-09-12 11:56:36,331 [main] INFO  db.DBStoreBuilder (DBStoreBuilder.java:processTables(167)) - Using default column profile:DBProfile.DISK for Table:default
2019-09-12 11:56:36,332 [main] INFO  db.DBStoreBuilder (DBStoreBuilder.java:getDbProfile(198)) - Using default options. DBProfile.DISK
2019-09-12 11:56:36,555 [main] INFO  net.NodeSchemaLoader (NodeSchemaLoader.java:loadSchemaFromFile(125)) - Loading file from sun.misc.CompoundEnumeration@20deea7f
2019-09-12 11:56:36,557 [main] INFO  net.NodeSchemaLoader (NodeSchemaLoader.java:loadSchema(171)) - Loading network topology layer schema file
2019-09-12 11:56:36,661 [main] WARN  server.ServerUtils (ServerUtils.java:sanitizeUserArgs(70)) - ozone.scm.stale.node.interval value = 300000 is larger than max = 100000 based on the key value of ozone.scm.heartbeat.thread.interval, reset to the max value 100000.
2019-09-12 11:56:36,663 [main] WARN  server.ServerUtils (ServerUtils.java:sanitizeUserArgs(70)) - ozone.scm.stale.node.interval value = 300000 is larger than max = 100000 based on the key value of ozone.scm.heartbeat.thread.interval, reset to the max value 100000.
2019-09-12 11:56:36,666 [main] INFO  node.SCMNodeManager (SCMNodeManager.java:<init>(121)) - Entering startup safe mode.
2019-09-12 11:56:36,744 [main] INFO  algorithms.ContainerPlacementPolicyFactory (ContainerPlacementPolicyFactory.java:getPolicy(56)) - Create container placement policy of type org.apache.hadoop.hdds.scm.container.placement.algorithms.SCMContainerPlacementRandom
2019-09-12 11:56:36,761 [main] WARN  server.ServerUtils (ServerUtils.java:getScmDbDir(145)) - ozone.scm.db.dirs is not configured. We recommend adding this setting. Falling back to ozone.metadata.dirs instead.
2019-09-12 11:56:36,823 [main] INFO  pipeline.SCMPipelineManager (SCMPipelineManager.java:initializePipelineState(126)) - No pipeline exists in current db
2019-09-12 11:56:36,827 [main] WARN  server.ServerUtils (ServerUtils.java:getScmDbDir(145)) - ozone.scm.db.dirs is not configured. We recommend adding this setting. Falling back to ozone.metadata.dirs instead.
2019-09-12 11:56:36,956 [main] WARN  events.EventQueue (EventQueue.java:fireEvent(175)) - No event handler registered for event TypedEvent{payloadType=SafeModeStatus, name='SafeModeStatus'}
2019-09-12 11:56:37,496 [main] INFO  ipc.CallQueueManager (CallQueueManager.java:<init>(84)) - Using callQueue: class java.util.concurrent.LinkedBlockingQueue, queueCapacity: 2000, scheduler: class org.apache.hadoop.ipc.DefaultRpcScheduler, ipcBackoff: false.
2019-09-12 11:56:37,807 [Socket Reader #1 for port 44048] INFO  ipc.Server (Server.java:run(1074)) - Starting Socket Reader #1 for port 44048
2019-09-12 11:56:37,842 [main] INFO  ipc.CallQueueManager (CallQueueManager.java:<init>(84)) - Using callQueue: class java.util.concurrent.LinkedBlockingQueue, queueCapacity: 2000, scheduler: class org.apache.hadoop.ipc.DefaultRpcScheduler, ipcBackoff: false.
2019-09-12 11:56:37,843 [Socket Reader #1 for port 43548] INFO  ipc.Server (Server.java:run(1074)) - Starting Socket Reader #1 for port 43548
2019-09-12 11:56:37,853 [main] INFO  ipc.CallQueueManager (CallQueueManager.java:<init>(84)) - Using callQueue: class java.util.concurrent.LinkedBlockingQueue, queueCapacity: 2000, scheduler: class org.apache.hadoop.ipc.DefaultRpcScheduler, ipcBackoff: false.
2019-09-12 11:56:37,854 [Socket Reader #1 for port 42137] INFO  ipc.Server (Server.java:run(1074)) - Starting Socket Reader #1 for port 42137
2019-09-12 11:56:37,880 [main] INFO  hdfs.DFSUtil (DFSUtil.java:httpServerTemplateForNNAndJN(1641)) - Starting Web-server for scm at: http://0.0.0.0:0
2019-09-12 11:56:38,046 [main] INFO  server.AuthenticationFilter (AuthenticationFilter.java:constructSecretProvider(240)) - Unable to initialize FileSignerSecretProvider, falling back to use random secrets.
2019-09-12 11:56:38,063 [main] WARN  http.HttpRequestLog (HttpRequestLog.java:getRequestLog(97)) - Jetty request log can only be enabled using Log4j
2019-09-12 11:56:38,076 [main] INFO  http.HttpServer2 (HttpServer2.java:addGlobalFilter(975)) - Added global filter 'safety' (class=org.apache.hadoop.http.HttpServer2$QuotingInputFilter)
2019-09-12 11:56:38,080 [main] INFO  http.HttpServer2 (HttpServer2.java:addFilter(948)) - Added filter static_user_filter (class=org.apache.hadoop.http.lib.StaticUserWebFilter$StaticUserFilter) to context scm
2019-09-12 11:56:38,080 [main] INFO  http.HttpServer2 (HttpServer2.java:addFilter(958)) - Added filter static_user_filter (class=org.apache.hadoop.http.lib.StaticUserWebFilter$StaticUserFilter) to context static
2019-09-12 11:56:38,080 [main] INFO  http.HttpServer2 (HttpServer2.java:addFilter(958)) - Added filter static_user_filter (class=org.apache.hadoop.http.lib.StaticUserWebFilter$StaticUserFilter) to context logs
2019-09-12 11:56:38,109 [main] INFO  server.StorageContainerManager (StorageContainerManager.java:start(759)) - StorageContainerLocationProtocol RPC server is listening at /0.0.0.0:42137
2019-09-12 11:56:38,163 [main] WARN  impl.MetricsConfig (MetricsConfig.java:loadFirst(134)) - Cannot locate configuration: tried hadoop-metrics2-storagecontainermanager.properties,hadoop-metrics2.properties
2019-09-12 11:56:38,177 [main] INFO  impl.MetricsSystemImpl (MetricsSystemImpl.java:startTimer(374)) - Scheduled Metric snapshot period at 10 second(s).
2019-09-12 11:56:38,177 [main] INFO  impl.MetricsSystemImpl (MetricsSystemImpl.java:start(191)) - StorageContainerManager metrics system started
2019-09-12 11:56:38,399 [main] INFO  server.SCMClientProtocolServer (SCMClientProtocolServer.java:start(151)) - RPC server for Client  is listening at /0.0.0.0:42137
2019-09-12 11:56:38,400 [IPC Server Responder] INFO  ipc.Server (Server.java:run(1314)) - IPC Server Responder: starting
2019-09-12 11:56:38,400 [IPC Server listener on 42137] INFO  ipc.Server (Server.java:run(1153)) - IPC Server listener on 42137: starting
2019-09-12 11:56:38,403 [main] INFO  server.StorageContainerManager (StorageContainerManager.java:start(769)) - ScmBlockLocationProtocol RPC server is listening at /0.0.0.0:43548
2019-09-12 11:56:38,403 [main] INFO  server.SCMBlockProtocolServer (SCMBlockProtocolServer.java:start(140)) - RPC server for Block Protocol is listening at /0.0.0.0:43548
2019-09-12 11:56:38,404 [IPC Server Responder] INFO  ipc.Server (Server.java:run(1314)) - IPC Server Responder: starting
2019-09-12 11:56:38,404 [IPC Server listener on 43548] INFO  ipc.Server (Server.java:run(1153)) - IPC Server listener on 43548: starting
2019-09-12 11:56:38,406 [main] INFO  server.StorageContainerManager (StorageContainerManager.java:start(773)) - ScmDatanodeProtocl RPC server is listening at /0.0.0.0:44048
2019-09-12 11:56:38,407 [main] INFO  server.SCMDatanodeProtocolServer (SCMDatanodeProtocolServer.java:start(191)) - RPC server for DataNodes is listening at /0.0.0.0:44048
2019-09-12 11:56:38,407 [IPC Server Responder] INFO  ipc.Server (Server.java:run(1314)) - IPC Server Responder: starting
2019-09-12 11:56:38,407 [IPC Server listener on 44048] INFO  ipc.Server (Server.java:run(1153)) - IPC Server listener on 44048: starting
2019-09-12 11:56:38,411 [main] INFO  http.HttpServer2 (HttpServer2.java:bindListener(1191)) - Jetty bound to port 34428
2019-09-12 11:56:38,413 [main] INFO  server.Server (Server.java:doStart(351)) - jetty-9.3.24.v20180605, build timestamp: 2018-06-05T17:11:56Z, git hash: 84205aa28f11a4f31f2a3b86d1bba2cc8ab69827
2019-09-12 11:56:38,448 [main] INFO  handler.ContextHandler (ContextHandler.java:doStart(781)) - Started o.e.j.s.ServletContextHandler@435fb7b5{/logs,file:///workdir/hadoop-ozone/tools/target/log,AVAILABLE}
2019-09-12 11:56:38,448 [main] INFO  handler.ContextHandler (ContextHandler.java:doStart(781)) - Started o.e.j.s.ServletContextHandler@5733f295{/static,jar:file:/home/user/.m2/repository/org/apache/hadoop/hadoop-hdds-server-scm/0.5.0-SNAPSHOT/hadoop-hdds-server-scm-0.5.0-SNAPSHOT.jar!/webapps/static,AVAILABLE}
2019-09-12 11:56:38,520 [main] INFO  handler.ContextHandler (ContextHandler.java:doStart(781)) - Started o.e.j.w.WebAppContext@50305a{/,file:///tmp/jetty-0.0.0.0-34428-scm-_-any-9192527862229401929.dir/webapp/,AVAILABLE}{/scm}
2019-09-12 11:56:38,525 [main] INFO  server.AbstractConnector (AbstractConnector.java:doStart(278)) - Started ServerConnector@120f38e6{HTTP/1.1,[http/1.1]}{0.0.0.0:34428}
2019-09-12 11:56:38,526 [main] INFO  server.Server (Server.java:doStart(419)) - Started @3047ms
2019-09-12 11:56:38,527 [main] INFO  server.BaseHttpServer (BaseHttpServer.java:updateConnectorAddress(213)) - HTTP server of SCM is listening at http://0.0.0.0:34428
2019-09-12 11:56:38,537 [org.apache.hadoop.util.JvmPauseMonitor$Monitor@29ad44e3] INFO  util.JvmPauseMonitor (JvmPauseMonitor.java:run(188)) - Starting JVM pause monitor
2019-09-12 11:56:38,542 [main] WARN  server.ServerUtils (ServerUtils.java:getDBPath(222)) - ozone.om.db.dirs is not configured. We recommend adding this setting. Falling back to ozone.metadata.dirs instead.
2019-09-12 11:56:38,665 [main] WARN  server.ServerUtils (ServerUtils.java:getDBPath(222)) - ozone.om.db.dirs is not configured. We recommend adding this setting. Falling back to ozone.metadata.dirs instead.
2019-09-12 11:56:38,666 [main] WARN  server.ServerUtils (ServerUtils.java:getDBPath(222)) - ozone.om.db.dirs is not configured. We recommend adding this setting. Falling back to ozone.metadata.dirs instead.
2019-09-12 11:56:38,667 [main] INFO  om.OzoneManager (OzoneManager.java:setOMNodeDetails(645)) - OM Service ID is not set. Setting it to the default ID: omServiceIdDefault
2019-09-12 11:56:38,667 [main] INFO  om.OzoneManager (OzoneManager.java:setOMNodeDetails(651)) - OM Node ID is not set. Setting it to the OmStorage's OmID: f7492686-26db-4064-a654-129457f98f65
2019-09-12 11:56:38,668 [main] INFO  om.OzoneManager (OzoneManager.java:loadOMHAConfigs(602)) - Found matching OM address with OMServiceId: null, OMNodeId: null, RPC Address: localhost:0 and Ratis port: 9872
2019-09-12 11:56:38,921 | INFO  | SCMAudit | user=jenkins1000 | ip=192.168.157.195 | op=GET_SCM_INFO null | ret=SUCCESS |  
2019-09-12 11:56:39,422 [main] WARN  server.ServerUtils (ServerUtils.java:getDBPath(222)) - ozone.om.db.dirs is not configured. We recommend adding this setting. Falling back to ozone.metadata.dirs instead.
2019-09-12 11:56:39,431 [main] INFO  db.DBStoreBuilder (DBStoreBuilder.java:addTable(110)) - using custom profile for table: userTable
2019-09-12 11:56:39,431 [main] INFO  db.DBStoreBuilder (DBStoreBuilder.java:processTables(161)) - Using default column profile:DBProfile.DISK for Table:userTable
2019-09-12 11:56:39,432 [main] INFO  db.DBStoreBuilder (DBStoreBuilder.java:addTable(110)) - using custom profile for table: volumeTable
2019-09-12 11:56:39,432 [main] INFO  db.DBStoreBuilder (DBStoreBuilder.java:processTables(161)) - Using default column profile:DBProfile.DISK for Table:volumeTable
2019-09-12 11:56:39,432 [main] INFO  db.DBStoreBuilder (DBStoreBuilder.java:addTable(110)) - using custom profile for table: bucketTable
2019-09-12 11:56:39,432 [main] INFO  db.DBStoreBuilder (DBStoreBuilder.java:processTables(161)) - Using default column profile:DBProfile.DISK for Table:bucketTable
2019-09-12 11:56:39,433 [main] INFO  db.DBStoreBuilder (DBStoreBuilder.java:addTable(110)) - using custom profile for table: keyTable
2019-09-12 11:56:39,433 [main] INFO  db.DBStoreBuilder (DBStoreBuilder.java:processTables(161)) - Using default column profile:DBProfile.DISK for Table:keyTable
2019-09-12 11:56:39,433 [main] INFO  db.DBStoreBuilder (DBStoreBuilder.java:addTable(110)) - using custom profile for table: deletedTable
2019-09-12 11:56:39,433 [main] INFO  db.DBStoreBuilder (DBStoreBuilder.java:processTables(161)) - Using default column profile:DBProfile.DISK for Table:deletedTable
2019-09-12 11:56:39,433 [main] INFO  db.DBStoreBuilder (DBStoreBuilder.java:addTable(110)) - using custom profile for table: openKeyTable
2019-09-12 11:56:39,434 [main] INFO  db.DBStoreBuilder (DBStoreBuilder.java:processTables(161)) - Using default column profile:DBProfile.DISK for Table:openKeyTable
2019-09-12 11:56:39,434 [main] INFO  db.DBStoreBuilder (DBStoreBuilder.java:addTable(110)) - using custom profile for table: s3Table
2019-09-12 11:56:39,434 [main] INFO  db.DBStoreBuilder (DBStoreBuilder.java:processTables(161)) - Using default column profile:DBProfile.DISK for Table:s3Table
2019-09-12 11:56:39,434 [main] INFO  db.DBStoreBuilder (DBStoreBuilder.java:addTable(110)) - using custom profile for table: multipartInfoTable
2019-09-12 11:56:39,435 [main] INFO  db.DBStoreBuilder (DBStoreBuilder.java:processTables(161)) - Using default column profile:DBProfile.DISK for Table:multipartInfoTable
2019-09-12 11:56:39,435 [main] INFO  db.DBStoreBuilder (DBStoreBuilder.java:addTable(110)) - using custom profile for table: dTokenTable
2019-09-12 11:56:39,435 [main] INFO  db.DBStoreBuilder (DBStoreBuilder.java:processTables(161)) - Using default column profile:DBProfile.DISK for Table:dTokenTable
2019-09-12 11:56:39,435 [main] INFO  db.DBStoreBuilder (DBStoreBuilder.java:addTable(110)) - using custom profile for table: s3SecretTable
2019-09-12 11:56:39,436 [main] INFO  db.DBStoreBuilder (DBStoreBuilder.java:processTables(161)) - Using default column profile:DBProfile.DISK for Table:s3SecretTable
2019-09-12 11:56:39,436 [main] INFO  db.DBStoreBuilder (DBStoreBuilder.java:addTable(110)) - using custom profile for table: prefixTable
2019-09-12 11:56:39,436 [main] INFO  db.DBStoreBuilder (DBStoreBuilder.java:processTables(161)) - Using default column profile:DBProfile.DISK for Table:prefixTable
2019-09-12 11:56:39,436 [main] INFO  db.DBStoreBuilder (DBStoreBuilder.java:addTable(110)) - using custom profile for table: default
2019-09-12 11:56:39,437 [main] INFO  db.DBStoreBuilder (DBStoreBuilder.java:processTables(167)) - Using default column profile:DBProfile.DISK for Table:default
2019-09-12 11:56:39,437 [main] INFO  db.DBStoreBuilder (DBStoreBuilder.java:getDbProfile(198)) - Using default options. DBProfile.DISK
2019-09-12 11:56:39,934 [main] INFO  ipc.CallQueueManager (CallQueueManager.java:<init>(84)) - Using callQueue: class java.util.concurrent.LinkedBlockingQueue, queueCapacity: 2000, scheduler: class org.apache.hadoop.ipc.DefaultRpcScheduler, ipcBackoff: false.
2019-09-12 11:56:39,935 [Socket Reader #1 for port 32909] INFO  ipc.Server (Server.java:run(1074)) - Starting Socket Reader #1 for port 32909
2019-09-12 11:56:39,958 [main] INFO  om.OzoneManager (OzoneManager.java:start(1256)) - OzoneManager RPC server is listening at localhost/127.0.0.1:32909
2019-09-12 11:56:39,959 [main] INFO  impl.MetricsSystemImpl (MetricsSystemImpl.java:init(158)) - OzoneManager metrics system started (again)
2019-09-12 11:56:39,960 [IPC Server Responder] INFO  ipc.Server (Server.java:run(1314)) - IPC Server Responder: starting
2019-09-12 11:56:39,960 [IPC Server listener on 32909] INFO  ipc.Server (Server.java:run(1153)) - IPC Server listener on 32909: starting
2019-09-12 11:56:39,966 [main] INFO  hdfs.DFSUtil (DFSUtil.java:httpServerTemplateForNNAndJN(1641)) - Starting Web-server for ozoneManager at: http://0.0.0.0:0
2019-09-12 11:56:39,970 [main] INFO  server.AuthenticationFilter (AuthenticationFilter.java:constructSecretProvider(240)) - Unable to initialize FileSignerSecretProvider, falling back to use random secrets.
2019-09-12 11:56:39,971 [main] WARN  http.HttpRequestLog (HttpRequestLog.java:getRequestLog(97)) - Jetty request log can only be enabled using Log4j
2019-09-12 11:56:39,975 [main] INFO  http.HttpServer2 (HttpServer2.java:addGlobalFilter(975)) - Added global filter 'safety' (class=org.apache.hadoop.http.HttpServer2$QuotingInputFilter)
2019-09-12 11:56:39,977 [main] INFO  http.HttpServer2 (HttpServer2.java:addFilter(948)) - Added filter static_user_filter (class=org.apache.hadoop.http.lib.StaticUserWebFilter$StaticUserFilter) to context ozoneManager
2019-09-12 11:56:39,977 [main] INFO  http.HttpServer2 (HttpServer2.java:addFilter(958)) - Added filter static_user_filter (class=org.apache.hadoop.http.lib.StaticUserWebFilter$StaticUserFilter) to context static
2019-09-12 11:56:39,977 [main] INFO  http.HttpServer2 (HttpServer2.java:addFilter(958)) - Added filter static_user_filter (class=org.apache.hadoop.http.lib.StaticUserWebFilter$StaticUserFilter) to context logs
2019-09-12 11:56:39,982 [main] INFO  http.HttpServer2 (HttpServer2.java:bindListener(1191)) - Jetty bound to port 39798
2019-09-12 11:56:39,983 [main] INFO  server.Server (Server.java:doStart(351)) - jetty-9.3.24.v20180605, build timestamp: 2018-06-05T17:11:56Z, git hash: 84205aa28f11a4f31f2a3b86d1bba2cc8ab69827
2019-09-12 11:56:40,196 [main] INFO  handler.ContextHandler (ContextHandler.java:doStart(781)) - Started o.e.j.s.ServletContextHandler@28d79cba{/logs,file:///workdir/hadoop-ozone/tools/target/log,AVAILABLE}
2019-09-12 11:56:40,197 [main] INFO  handler.ContextHandler (ContextHandler.java:doStart(781)) - Started o.e.j.s.ServletContextHandler@29f0c4f2{/static,jar:file:/home/user/.m2/repository/org/apache/hadoop/hadoop-ozone-ozone-manager/0.5.0-SNAPSHOT/hadoop-ozone-ozone-manager-0.5.0-SNAPSHOT.jar!/webapps/static,AVAILABLE}
2019-09-12 11:56:40,252 [main] INFO  handler.ContextHandler (ContextHandler.java:doStart(781)) - Started o.e.j.w.WebAppContext@35d3ab60{/,file:///tmp/jetty-0.0.0.0-39798-ozoneManager-_-any-4949850710411264913.dir/webapp/,AVAILABLE}{/ozoneManager}
2019-09-12 11:56:40,253 [main] INFO  server.AbstractConnector (AbstractConnector.java:doStart(278)) - Started ServerConnector@10876a6{HTTP/1.1,[http/1.1]}{0.0.0.0:39798}
2019-09-12 11:56:40,253 [main] INFO  server.Server (Server.java:doStart(419)) - Started @4774ms
2019-09-12 11:56:40,255 [main] INFO  server.BaseHttpServer (BaseHttpServer.java:updateConnectorAddress(213)) - HTTP server of OZONEMANAGER is listening at http://0.0.0.0:39798
2019-09-12 11:56:40,404 [main] INFO  impl.MetricsSystemImpl (MetricsSystemImpl.java:init(158)) - HddsDatanode metrics system started (again)
2019-09-12 11:56:40,489 [main] INFO  ozone.HddsDatanodeService (HddsDatanodeService.java:start(184)) - HddsDatanodeService host:pr-hdds-1569-xtfnx-3545843844 ip:192.168.157.195
2019-09-12 11:56:40,523 [main] INFO  volume.HddsVolume (HddsVolume.java:<init>(176)) - Creating Volume: /workdir/hadoop-ozone/tools/target/test-dir/MiniOzoneClusterImpl-659e2a06-c254-4d33-90f4-66e0a49906bb/datanode-0/data/containers/hdds of  storage type : DISK and capacity : 1482555576320
2019-09-12 11:56:40,525 [main] INFO  volume.VolumeSet (VolumeSet.java:initializeVolumeSet(170)) - Added Volume : /workdir/hadoop-ozone/tools/target/test-dir/MiniOzoneClusterImpl-659e2a06-c254-4d33-90f4-66e0a49906bb/datanode-0/data/containers/hdds to VolumeSet
2019-09-12 11:56:40,528 [main] INFO  volume.ThrottledAsyncChecker (ThrottledAsyncChecker.java:schedule(140)) - Scheduling a check for org.apache.hadoop.ozone.container.common.volume.HddsVolume@38018b62
2019-09-12 11:56:40,546 [main] INFO  volume.HddsVolumeChecker (HddsVolumeChecker.java:checkAllVolumes(203)) - Scheduled health check for volume org.apache.hadoop.ozone.container.common.volume.HddsVolume@38018b62
2019-09-12 11:56:40,652 [main] INFO  impl.RaftServerProxy (ConfUtils.java:logGet(43)) - raft.rpc.type = GRPC (default)
2019-09-12 11:56:40,720 [main] INFO  grpc.GrpcFactory (GrpcFactory.java:checkPooledByteBufAllocatorUseCacheForAllThreads(45)) - PERFORMANCE WARNING: useCacheForAllThreads is true that may cause Netty to create a lot garbage objects and, as a result, trigger GC.
	It is recommended to disable useCacheForAllThreads by setting -Dorg.apache.ratis.thirdparty.io.netty.allocator.useCacheForAllThreads=false in command line.
2019-09-12 11:56:40,724 [main] INFO  grpc.GrpcConfigKeys$Server (ConfUtils.java:logGet(43)) - raft.grpc.server.port = 0 (default)
2019-09-12 11:56:40,725 [main] INFO  server.GrpcService (ConfUtils.java:logGet(43)) - raft.grpc.message.size.max = 33570816 (custom)
2019-09-12 11:56:40,727 [main] INFO  server.RaftServerConfigKeys (ConfUtils.java:logGet(43)) - raft.server.log.appender.buffer.byte-limit = 33554432 (custom)
2019-09-12 11:56:40,728 [main] INFO  server.GrpcService (ConfUtils.java:logGet(43)) - raft.grpc.flow.control.window = 1MB (=1048576) (default)
2019-09-12 11:56:40,729 [main] INFO  server.RaftServerConfigKeys (ConfUtils.java:logGet(43)) - raft.server.rpc.request.timeout = 3000ms (default)
2019-09-12 11:56:40,858 [main] INFO  server.RaftServerConfigKeys (ConfUtils.java:logGet(43)) - raft.server.storage.dir = [/workdir/hadoop-ozone/tools/target/test-dir/MiniOzoneClusterImpl-659e2a06-c254-4d33-90f4-66e0a49906bb/datanode-0/data/ratis] (custom)
2019-09-12 11:56:40,886 [main] INFO  replication.SimpleContainerDownloader (SimpleContainerDownloader.java:<init>(72)) - Starting container downloader service to copy containers to replicate.
2019-09-12 11:56:40,897 [main] INFO  hdfs.DFSUtil (DFSUtil.java:httpServerTemplateForNNAndJN(1641)) - Starting Web-server for hddsDatanode at: http://0.0.0.0:0
2019-09-12 11:56:40,898 [main] INFO  server.AuthenticationFilter (AuthenticationFilter.java:constructSecretProvider(240)) - Unable to initialize FileSignerSecretProvider, falling back to use random secrets.
2019-09-12 11:56:40,899 [main] WARN  http.HttpRequestLog (HttpRequestLog.java:getRequestLog(97)) - Jetty request log can only be enabled using Log4j
2019-09-12 11:56:40,900 [main] INFO  http.HttpServer2 (HttpServer2.java:addGlobalFilter(975)) - Added global filter 'safety' (class=org.apache.hadoop.http.HttpServer2$QuotingInputFilter)
2019-09-12 11:56:40,904 [main] INFO  http.HttpServer2 (HttpServer2.java:addFilter(948)) - Added filter static_user_filter (class=org.apache.hadoop.http.lib.StaticUserWebFilter$StaticUserFilter) to context hddsDatanode
2019-09-12 11:56:40,904 [main] INFO  http.HttpServer2 (HttpServer2.java:addFilter(958)) - Added filter static_user_filter (class=org.apache.hadoop.http.lib.StaticUserWebFilter$StaticUserFilter) to context logs
2019-09-12 11:56:40,904 [main] INFO  http.HttpServer2 (HttpServer2.java:addFilter(958)) - Added filter static_user_filter (class=org.apache.hadoop.http.lib.StaticUserWebFilter$StaticUserFilter) to context static
2019-09-12 11:56:40,905 [main] INFO  http.HttpServer2 (HttpServer2.java:bindListener(1191)) - Jetty bound to port 37092
2019-09-12 11:56:40,905 [main] INFO  server.Server (Server.java:doStart(351)) - jetty-9.3.24.v20180605, build timestamp: 2018-06-05T17:11:56Z, git hash: 84205aa28f11a4f31f2a3b86d1bba2cc8ab69827
2019-09-12 11:56:40,907 [main] INFO  handler.ContextHandler (ContextHandler.java:doStart(781)) - Started o.e.j.s.ServletContextHandler@250a500b{/logs,file:///workdir/hadoop-ozone/tools/target/log,AVAILABLE}
2019-09-12 11:56:40,907 [main] INFO  handler.ContextHandler (ContextHandler.java:doStart(781)) - Started o.e.j.s.ServletContextHandler@4f89331f{/static,jar:file:/home/user/.m2/repository/org/apache/hadoop/hadoop-hdds-container-service/0.5.0-SNAPSHOT/hadoop-hdds-container-service-0.5.0-SNAPSHOT.jar!/webapps/static,AVAILABLE}
2019-09-12 11:56:40,930 [main] INFO  handler.ContextHandler (ContextHandler.java:doStart(781)) - Started o.e.j.w.WebAppContext@6ad16c5d{/,file:///tmp/jetty-0.0.0.0-37092-hddsDatanode-_-any-8775930027918507883.dir/webapp/,AVAILABLE}{/hddsDatanode}
2019-09-12 11:56:40,931 [main] INFO  server.AbstractConnector (AbstractConnector.java:doStart(278)) - Started ServerConnector@74ea46e2{HTTP/1.1,[http/1.1]}{0.0.0.0:37092}
2019-09-12 11:56:40,931 [main] INFO  server.Server (Server.java:doStart(419)) - Started @5452ms
2019-09-12 11:56:40,932 [main] INFO  server.BaseHttpServer (BaseHttpServer.java:updateConnectorAddress(213)) - HTTP server of HDDSDATANODE is listening at http://0.0.0.0:37092
2019-09-12 11:56:41,765 | INFO  | ObjectStoreRestHttpServer | Listening HDDS REST traffic on /0.0.0.0:37881 |  
2019-09-12 11:56:41,766 [main] INFO  ozone.HddsDatanodeService (HddsDatanodeService.java:startPlugins(395)) - Started plug-in org.apache.hadoop.ozone.web.OzoneHddsDatanodeService@413d2cd1
2019-09-12 11:56:41,767 [main] INFO  impl.MetricsSystemImpl (MetricsSystemImpl.java:init(158)) - HddsDatanode metrics system started (again)
2019-09-12 11:56:41,770 [main] INFO  ozone.HddsDatanodeService (HddsDatanodeService.java:start(184)) - HddsDatanodeService host:pr-hdds-1569-xtfnx-3545843844 ip:192.168.157.195
2019-09-12 11:56:41,775 [org.apache.hadoop.util.JvmPauseMonitor$Monitor@f37e2a0] INFO  util.JvmPauseMonitor (JvmPauseMonitor.java:run(188)) - Starting JVM pause monitor
2019-09-12 11:56:41,779 [main] INFO  volume.HddsVolume (HddsVolume.java:<init>(176)) - Creating Volume: /workdir/hadoop-ozone/tools/target/test-dir/MiniOzoneClusterImpl-659e2a06-c254-4d33-90f4-66e0a49906bb/datanode-1/data/containers/hdds of  storage type : DISK and capacity : 1482555576320
2019-09-12 11:56:41,779 [main] INFO  volume.VolumeSet (VolumeSet.java:initializeVolumeSet(170)) - Added Volume : /workdir/hadoop-ozone/tools/target/test-dir/MiniOzoneClusterImpl-659e2a06-c254-4d33-90f4-66e0a49906bb/datanode-1/data/containers/hdds to VolumeSet
2019-09-12 11:56:41,780 [main] INFO  volume.ThrottledAsyncChecker (ThrottledAsyncChecker.java:schedule(140)) - Scheduling a check for org.apache.hadoop.ozone.container.common.volume.HddsVolume@3b7c58e7
2019-09-12 11:56:41,780 [main] INFO  volume.HddsVolumeChecker (HddsVolumeChecker.java:checkAllVolumes(203)) - Scheduled health check for volume org.apache.hadoop.ozone.container.common.volume.HddsVolume@3b7c58e7
2019-09-12 11:56:41,797 [main] INFO  impl.RaftServerProxy (ConfUtils.java:logGet(43)) - raft.rpc.type = GRPC (default)
2019-09-12 11:56:41,797 [main] INFO  grpc.GrpcFactory (GrpcFactory.java:checkPooledByteBufAllocatorUseCacheForAllThreads(45)) - PERFORMANCE WARNING: useCacheForAllThreads is true that may cause Netty to create a lot garbage objects and, as a result, trigger GC.
	It is recommended to disable useCacheForAllThreads by setting -Dorg.apache.ratis.thirdparty.io.netty.allocator.useCacheForAllThreads=false in command line.
2019-09-12 11:56:41,797 [main] INFO  grpc.GrpcConfigKeys$Server (ConfUtils.java:logGet(43)) - raft.grpc.server.port = 0 (default)
2019-09-12 11:56:41,798 [main] INFO  server.GrpcService (ConfUtils.java:logGet(43)) - raft.grpc.message.size.max = 33570816 (custom)
2019-09-12 11:56:41,798 [main] INFO  server.RaftServerConfigKeys (ConfUtils.java:logGet(43)) - raft.server.log.appender.buffer.byte-limit = 33554432 (custom)
2019-09-12 11:56:41,798 [main] INFO  server.GrpcService (ConfUtils.java:logGet(43)) - raft.grpc.flow.control.window = 1MB (=1048576) (default)
2019-09-12 11:56:41,799 [main] INFO  server.RaftServerConfigKeys (ConfUtils.java:logGet(43)) - raft.server.rpc.request.timeout = 3000ms (default)
2019-09-12 11:56:41,803 [main] INFO  server.RaftServerConfigKeys (ConfUtils.java:logGet(43)) - raft.server.storage.dir = [/workdir/hadoop-ozone/tools/target/test-dir/MiniOzoneClusterImpl-659e2a06-c254-4d33-90f4-66e0a49906bb/datanode-1/data/ratis] (custom)
2019-09-12 11:56:41,804 [main] INFO  replication.SimpleContainerDownloader (SimpleContainerDownloader.java:<init>(72)) - Starting container downloader service to copy containers to replicate.
2019-09-12 11:56:41,805 [main] INFO  hdfs.DFSUtil (DFSUtil.java:httpServerTemplateForNNAndJN(1641)) - Starting Web-server for hddsDatanode at: http://0.0.0.0:0
2019-09-12 11:56:41,807 [main] INFO  server.AuthenticationFilter (AuthenticationFilter.java:constructSecretProvider(240)) - Unable to initialize FileSignerSecretProvider, falling back to use random secrets.
2019-09-12 11:56:41,808 [main] WARN  http.HttpRequestLog (HttpRequestLog.java:getRequestLog(97)) - Jetty request log can only be enabled using Log4j
2019-09-12 11:56:41,811 [main] INFO  http.HttpServer2 (HttpServer2.java:addGlobalFilter(975)) - Added global filter 'safety' (class=org.apache.hadoop.http.HttpServer2$QuotingInputFilter)
2019-09-12 11:56:41,812 [main] INFO  http.HttpServer2 (HttpServer2.java:addFilter(948)) - Added filter static_user_filter (class=org.apache.hadoop.http.lib.StaticUserWebFilter$StaticUserFilter) to context hddsDatanode
2019-09-12 11:56:41,812 [main] INFO  http.HttpServer2 (HttpServer2.java:addFilter(958)) - Added filter static_user_filter (class=org.apache.hadoop.http.lib.StaticUserWebFilter$StaticUserFilter) to context static
2019-09-12 11:56:41,812 [main] INFO  http.HttpServer2 (HttpServer2.java:addFilter(958)) - Added filter static_user_filter (class=org.apache.hadoop.http.lib.StaticUserWebFilter$StaticUserFilter) to context logs
2019-09-12 11:56:41,813 [main] INFO  http.HttpServer2 (HttpServer2.java:bindListener(1191)) - Jetty bound to port 32851
2019-09-12 11:56:41,813 [main] INFO  server.Server (Server.java:doStart(351)) - jetty-9.3.24.v20180605, build timestamp: 2018-06-05T17:11:56Z, git hash: 84205aa28f11a4f31f2a3b86d1bba2cc8ab69827
2019-09-12 11:56:41,818 [main] INFO  handler.ContextHandler (ContextHandler.java:doStart(781)) - Started o.e.j.s.ServletContextHandler@7ab802f4{/logs,file:///workdir/hadoop-ozone/tools/target/log,AVAILABLE}
2019-09-12 11:56:41,818 [main] INFO  handler.ContextHandler (ContextHandler.java:doStart(781)) - Started o.e.j.s.ServletContextHandler@3b97907c{/static,jar:file:/home/user/.m2/repository/org/apache/hadoop/hadoop-hdds-container-service/0.5.0-SNAPSHOT/hadoop-hdds-container-service-0.5.0-SNAPSHOT.jar!/webapps/static,AVAILABLE}
2019-09-12 11:56:41,859 [main] INFO  handler.ContextHandler (ContextHandler.java:doStart(781)) - Started o.e.j.w.WebAppContext@4b88ca8e{/,file:///tmp/jetty-0.0.0.0-32851-hddsDatanode-_-any-7889338656363661975.dir/webapp/,AVAILABLE}{/hddsDatanode}
2019-09-12 11:56:41,860 [main] INFO  server.AbstractConnector (AbstractConnector.java:doStart(278)) - Started ServerConnector@6fa02932{HTTP/1.1,[http/1.1]}{0.0.0.0:32851}
2019-09-12 11:56:41,861 [main] INFO  server.Server (Server.java:doStart(419)) - Started @6381ms
2019-09-12 11:56:41,862 [main] INFO  server.BaseHttpServer (BaseHttpServer.java:updateConnectorAddress(213)) - HTTP server of HDDSDATANODE is listening at http://0.0.0.0:32851
2019-09-12 11:56:41,912 [Datanode State Machine Thread - 0] INFO  datanode.InitDatanodeState (InitDatanodeState.java:persistContainerDatanodeDetails(140)) - DatanodeDetails is persisted to /workdir/hadoop-ozone/tools/target/test-dir/MiniOzoneClusterImpl-659e2a06-c254-4d33-90f4-66e0a49906bb/datanode-0/meta/datanode.id
2019-09-12 11:56:42,028 | INFO  | ObjectStoreRestHttpServer | Listening HDDS REST traffic on /0.0.0.0:40386 |  
2019-09-12 11:56:42,028 [main] INFO  ozone.HddsDatanodeService (HddsDatanodeService.java:startPlugins(395)) - Started plug-in org.apache.hadoop.ozone.web.OzoneHddsDatanodeService@1a8e9ed9
2019-09-12 11:56:42,028 [main] INFO  impl.MetricsSystemImpl (MetricsSystemImpl.java:init(158)) - HddsDatanode metrics system started (again)
2019-09-12 11:56:42,031 [main] INFO  ozone.HddsDatanodeService (HddsDatanodeService.java:start(184)) - HddsDatanodeService host:pr-hdds-1569-xtfnx-3545843844 ip:192.168.157.195
2019-09-12 11:56:42,032 [org.apache.hadoop.util.JvmPauseMonitor$Monitor@14f07614] INFO  util.JvmPauseMonitor (JvmPauseMonitor.java:run(188)) - Starting JVM pause monitor
2019-09-12 11:56:42,041 [main] INFO  volume.HddsVolume (HddsVolume.java:<init>(176)) - Creating Volume: /workdir/hadoop-ozone/tools/target/test-dir/MiniOzoneClusterImpl-659e2a06-c254-4d33-90f4-66e0a49906bb/datanode-2/data/containers/hdds of  storage type : DISK and capacity : 1482555576320
2019-09-12 11:56:42,042 [main] INFO  volume.VolumeSet (VolumeSet.java:initializeVolumeSet(170)) - Added Volume : /workdir/hadoop-ozone/tools/target/test-dir/MiniOzoneClusterImpl-659e2a06-c254-4d33-90f4-66e0a49906bb/datanode-2/data/containers/hdds to VolumeSet
2019-09-12 11:56:42,042 [main] INFO  volume.ThrottledAsyncChecker (ThrottledAsyncChecker.java:schedule(140)) - Scheduling a check for org.apache.hadoop.ozone.container.common.volume.HddsVolume@4f081b5d
2019-09-12 11:56:42,042 [Datanode State Machine Thread - 0] INFO  datanode.InitDatanodeState (InitDatanodeState.java:persistContainerDatanodeDetails(140)) - DatanodeDetails is persisted to /workdir/hadoop-ozone/tools/target/test-dir/MiniOzoneClusterImpl-659e2a06-c254-4d33-90f4-66e0a49906bb/datanode-1/meta/datanode.id
2019-09-12 11:56:42,043 [main] INFO  volume.HddsVolumeChecker (HddsVolumeChecker.java:checkAllVolumes(203)) - Scheduled health check for volume org.apache.hadoop.ozone.container.common.volume.HddsVolume@4f081b5d
2019-09-12 11:56:42,058 [main] INFO  impl.RaftServerProxy (ConfUtils.java:logGet(43)) - raft.rpc.type = GRPC (default)
2019-09-12 11:56:42,059 [main] INFO  grpc.GrpcFactory (GrpcFactory.java:checkPooledByteBufAllocatorUseCacheForAllThreads(45)) - PERFORMANCE WARNING: useCacheForAllThreads is true that may cause Netty to create a lot garbage objects and, as a result, trigger GC.
	It is recommended to disable useCacheForAllThreads by setting -Dorg.apache.ratis.thirdparty.io.netty.allocator.useCacheForAllThreads=false in command line.
2019-09-12 11:56:42,059 [main] INFO  grpc.GrpcConfigKeys$Server (ConfUtils.java:logGet(43)) - raft.grpc.server.port = 0 (default)
2019-09-12 11:56:42,059 [main] INFO  server.GrpcService (ConfUtils.java:logGet(43)) - raft.grpc.message.size.max = 33570816 (custom)
2019-09-12 11:56:42,059 [main] INFO  server.RaftServerConfigKeys (ConfUtils.java:logGet(43)) - raft.server.log.appender.buffer.byte-limit = 33554432 (custom)
2019-09-12 11:56:42,059 [main] INFO  server.GrpcService (ConfUtils.java:logGet(43)) - raft.grpc.flow.control.window = 1MB (=1048576) (default)
2019-09-12 11:56:42,060 [main] INFO  server.RaftServerConfigKeys (ConfUtils.java:logGet(43)) - raft.server.rpc.request.timeout = 3000ms (default)
2019-09-12 11:56:42,060 [main] INFO  server.RaftServerConfigKeys (ConfUtils.java:logGet(43)) - raft.server.storage.dir = [/workdir/hadoop-ozone/tools/target/test-dir/MiniOzoneClusterImpl-659e2a06-c254-4d33-90f4-66e0a49906bb/datanode-2/data/ratis] (custom)
2019-09-12 11:56:42,061 [main] INFO  replication.SimpleContainerDownloader (SimpleContainerDownloader.java:<init>(72)) - Starting container downloader service to copy containers to replicate.
2019-09-12 11:56:42,062 [main] INFO  hdfs.DFSUtil (DFSUtil.java:httpServerTemplateForNNAndJN(1641)) - Starting Web-server for hddsDatanode at: http://0.0.0.0:0
2019-09-12 11:56:42,063 [main] INFO  server.AuthenticationFilter (AuthenticationFilter.java:constructSecretProvider(240)) - Unable to initialize FileSignerSecretProvider, falling back to use random secrets.
2019-09-12 11:56:42,064 [main] WARN  http.HttpRequestLog (HttpRequestLog.java:getRequestLog(97)) - Jetty request log can only be enabled using Log4j
2019-09-12 11:56:42,065 [main] INFO  http.HttpServer2 (HttpServer2.java:addGlobalFilter(975)) - Added global filter 'safety' (class=org.apache.hadoop.http.HttpServer2$QuotingInputFilter)
2019-09-12 11:56:42,065 [main] INFO  http.HttpServer2 (HttpServer2.java:addFilter(948)) - Added filter static_user_filter (class=org.apache.hadoop.http.lib.StaticUserWebFilter$StaticUserFilter) to context hddsDatanode
2019-09-12 11:56:42,066 [main] INFO  http.HttpServer2 (HttpServer2.java:addFilter(958)) - Added filter static_user_filter (class=org.apache.hadoop.http.lib.StaticUserWebFilter$StaticUserFilter) to context logs
2019-09-12 11:56:42,066 [main] INFO  http.HttpServer2 (HttpServer2.java:addFilter(958)) - Added filter static_user_filter (class=org.apache.hadoop.http.lib.StaticUserWebFilter$StaticUserFilter) to context static
2019-09-12 11:56:42,066 [main] INFO  http.HttpServer2 (HttpServer2.java:bindListener(1191)) - Jetty bound to port 40312
2019-09-12 11:56:42,067 [main] INFO  server.Server (Server.java:doStart(351)) - jetty-9.3.24.v20180605, build timestamp: 2018-06-05T17:11:56Z, git hash: 84205aa28f11a4f31f2a3b86d1bba2cc8ab69827
2019-09-12 11:56:42,068 [main] INFO  handler.ContextHandler (ContextHandler.java:doStart(781)) - Started o.e.j.s.ServletContextHandler@217dc48e{/logs,file:///workdir/hadoop-ozone/tools/target/log,AVAILABLE}
2019-09-12 11:56:42,069 [main] INFO  handler.ContextHandler (ContextHandler.java:doStart(781)) - Started o.e.j.s.ServletContextHandler@296edc75{/static,jar:file:/home/user/.m2/repository/org/apache/hadoop/hadoop-hdds-container-service/0.5.0-SNAPSHOT/hadoop-hdds-container-service-0.5.0-SNAPSHOT.jar!/webapps/static,AVAILABLE}
2019-09-12 11:56:42,092 [main] INFO  handler.ContextHandler (ContextHandler.java:doStart(781)) - Started o.e.j.w.WebAppContext@3554bdc0{/,file:///tmp/jetty-0.0.0.0-40312-hddsDatanode-_-any-5795500993841086129.dir/webapp/,AVAILABLE}{/hddsDatanode}
2019-09-12 11:56:42,092 [main] INFO  server.AbstractConnector (AbstractConnector.java:doStart(278)) - Started ServerConnector@3a3b10f4{HTTP/1.1,[http/1.1]}{0.0.0.0:40312}
2019-09-12 11:56:42,093 [main] INFO  server.Server (Server.java:doStart(419)) - Started @6614ms
2019-09-12 11:56:42,093 [main] INFO  server.BaseHttpServer (BaseHttpServer.java:updateConnectorAddress(213)) - HTTP server of HDDSDATANODE is listening at http://0.0.0.0:40312
2019-09-12 11:56:42,215 | INFO  | ObjectStoreRestHttpServer | Listening HDDS REST traffic on /0.0.0.0:40942 |  
2019-09-12 11:56:42,216 [main] INFO  ozone.HddsDatanodeService (HddsDatanodeService.java:startPlugins(395)) - Started plug-in org.apache.hadoop.ozone.web.OzoneHddsDatanodeService@76396509
2019-09-12 11:56:42,216 [main] INFO  impl.MetricsSystemImpl (MetricsSystemImpl.java:init(158)) - HddsDatanode metrics system started (again)
2019-09-12 11:56:42,219 [main] INFO  ozone.HddsDatanodeService (HddsDatanodeService.java:start(184)) - HddsDatanodeService host:pr-hdds-1569-xtfnx-3545843844 ip:192.168.157.195
2019-09-12 11:56:42,220 [org.apache.hadoop.util.JvmPauseMonitor$Monitor@3854f86f] INFO  util.JvmPauseMonitor (JvmPauseMonitor.java:run(188)) - Starting JVM pause monitor
2019-09-12 11:56:42,223 [Datanode State Machine Thread - 0] INFO  datanode.InitDatanodeState (InitDatanodeState.java:persistContainerDatanodeDetails(140)) - DatanodeDetails is persisted to /workdir/hadoop-ozone/tools/target/test-dir/MiniOzoneClusterImpl-659e2a06-c254-4d33-90f4-66e0a49906bb/datanode-2/meta/datanode.id
2019-09-12 11:56:42,228 [main] INFO  volume.HddsVolume (HddsVolume.java:<init>(176)) - Creating Volume: /workdir/hadoop-ozone/tools/target/test-dir/MiniOzoneClusterImpl-659e2a06-c254-4d33-90f4-66e0a49906bb/datanode-3/data/containers/hdds of  storage type : DISK and capacity : 1482555576320
2019-09-12 11:56:42,229 [main] INFO  volume.VolumeSet (VolumeSet.java:initializeVolumeSet(170)) - Added Volume : /workdir/hadoop-ozone/tools/target/test-dir/MiniOzoneClusterImpl-659e2a06-c254-4d33-90f4-66e0a49906bb/datanode-3/data/containers/hdds to VolumeSet
2019-09-12 11:56:42,229 [main] INFO  volume.ThrottledAsyncChecker (ThrottledAsyncChecker.java:schedule(140)) - Scheduling a check for org.apache.hadoop.ozone.container.common.volume.HddsVolume@7e61e25c
2019-09-12 11:56:42,229 [main] INFO  volume.HddsVolumeChecker (HddsVolumeChecker.java:checkAllVolumes(203)) - Scheduled health check for volume org.apache.hadoop.ozone.container.common.volume.HddsVolume@7e61e25c
2019-09-12 11:56:42,243 [main] INFO  impl.RaftServerProxy (ConfUtils.java:logGet(43)) - raft.rpc.type = GRPC (default)
2019-09-12 11:56:42,243 [main] INFO  grpc.GrpcFactory (GrpcFactory.java:checkPooledByteBufAllocatorUseCacheForAllThreads(45)) - PERFORMANCE WARNING: useCacheForAllThreads is true that may cause Netty to create a lot garbage objects and, as a result, trigger GC.
	It is recommended to disable useCacheForAllThreads by setting -Dorg.apache.ratis.thirdparty.io.netty.allocator.useCacheForAllThreads=false in command line.
2019-09-12 11:56:42,243 [main] INFO  grpc.GrpcConfigKeys$Server (ConfUtils.java:logGet(43)) - raft.grpc.server.port = 0 (default)
2019-09-12 11:56:42,243 [main] INFO  server.GrpcService (ConfUtils.java:logGet(43)) - raft.grpc.message.size.max = 33570816 (custom)
2019-09-12 11:56:42,244 [main] INFO  server.RaftServerConfigKeys (ConfUtils.java:logGet(43)) - raft.server.log.appender.buffer.byte-limit = 33554432 (custom)
2019-09-12 11:56:42,244 [main] INFO  server.GrpcService (ConfUtils.java:logGet(43)) - raft.grpc.flow.control.window = 1MB (=1048576) (default)
2019-09-12 11:56:42,244 [main] INFO  server.RaftServerConfigKeys (ConfUtils.java:logGet(43)) - raft.server.rpc.request.timeout = 3000ms (default)
2019-09-12 11:56:42,245 [main] INFO  server.RaftServerConfigKeys (ConfUtils.java:logGet(43)) - raft.server.storage.dir = [/workdir/hadoop-ozone/tools/target/test-dir/MiniOzoneClusterImpl-659e2a06-c254-4d33-90f4-66e0a49906bb/datanode-3/data/ratis] (custom)
2019-09-12 11:56:42,245 [main] INFO  replication.SimpleContainerDownloader (SimpleContainerDownloader.java:<init>(72)) - Starting container downloader service to copy containers to replicate.
2019-09-12 11:56:42,246 [main] INFO  hdfs.DFSUtil (DFSUtil.java:httpServerTemplateForNNAndJN(1641)) - Starting Web-server for hddsDatanode at: http://0.0.0.0:0
2019-09-12 11:56:42,247 [main] INFO  server.AuthenticationFilter (AuthenticationFilter.java:constructSecretProvider(240)) - Unable to initialize FileSignerSecretProvider, falling back to use random secrets.
2019-09-12 11:56:42,248 [main] WARN  http.HttpRequestLog (HttpRequestLog.java:getRequestLog(97)) - Jetty request log can only be enabled using Log4j
2019-09-12 11:56:42,249 [main] INFO  http.HttpServer2 (HttpServer2.java:addGlobalFilter(975)) - Added global filter 'safety' (class=org.apache.hadoop.http.HttpServer2$QuotingInputFilter)
2019-09-12 11:56:42,250 [main] INFO  http.HttpServer2 (HttpServer2.java:addFilter(948)) - Added filter static_user_filter (class=org.apache.hadoop.http.lib.StaticUserWebFilter$StaticUserFilter) to context hddsDatanode
2019-09-12 11:56:42,250 [main] INFO  http.HttpServer2 (HttpServer2.java:addFilter(958)) - Added filter static_user_filter (class=org.apache.hadoop.http.lib.StaticUserWebFilter$StaticUserFilter) to context logs
2019-09-12 11:56:42,250 [main] INFO  http.HttpServer2 (HttpServer2.java:addFilter(958)) - Added filter static_user_filter (class=org.apache.hadoop.http.lib.StaticUserWebFilter$StaticUserFilter) to context static
2019-09-12 11:56:42,251 [main] INFO  http.HttpServer2 (HttpServer2.java:bindListener(1191)) - Jetty bound to port 34480
2019-09-12 11:56:42,251 [main] INFO  server.Server (Server.java:doStart(351)) - jetty-9.3.24.v20180605, build timestamp: 2018-06-05T17:11:56Z, git hash: 84205aa28f11a4f31f2a3b86d1bba2cc8ab69827
2019-09-12 11:56:42,255 [main] INFO  handler.ContextHandler (ContextHandler.java:doStart(781)) - Started o.e.j.s.ServletContextHandler@11f23038{/logs,file:///workdir/hadoop-ozone/tools/target/log,AVAILABLE}
2019-09-12 11:56:42,255 [main] INFO  handler.ContextHandler (ContextHandler.java:doStart(781)) - Started o.e.j.s.ServletContextHandler@691567ea{/static,jar:file:/home/user/.m2/repository/org/apache/hadoop/hadoop-hdds-container-service/0.5.0-SNAPSHOT/hadoop-hdds-container-service-0.5.0-SNAPSHOT.jar!/webapps/static,AVAILABLE}
2019-09-12 11:56:42,278 [main] INFO  handler.ContextHandler (ContextHandler.java:doStart(781)) - Started o.e.j.w.WebAppContext@3815146b{/,file:///tmp/jetty-0.0.0.0-34480-hddsDatanode-_-any-7362817236172068034.dir/webapp/,AVAILABLE}{/hddsDatanode}
2019-09-12 11:56:42,278 [main] INFO  server.AbstractConnector (AbstractConnector.java:doStart(278)) - Started ServerConnector@6de43bc1{HTTP/1.1,[http/1.1]}{0.0.0.0:34480}
2019-09-12 11:56:42,279 [main] INFO  server.Server (Server.java:doStart(419)) - Started @6800ms
2019-09-12 11:56:42,280 [main] INFO  server.BaseHttpServer (BaseHttpServer.java:updateConnectorAddress(213)) - HTTP server of HDDSDATANODE is listening at http://0.0.0.0:34480
2019-09-12 11:56:42,395 | INFO  | ObjectStoreRestHttpServer | Listening HDDS REST traffic on /0.0.0.0:40863 |  
2019-09-12 11:56:42,395 [main] INFO  ozone.HddsDatanodeService (HddsDatanodeService.java:startPlugins(395)) - Started plug-in org.apache.hadoop.ozone.web.OzoneHddsDatanodeService@7741ae1b
2019-09-12 11:56:42,396 [main] INFO  impl.MetricsSystemImpl (MetricsSystemImpl.java:init(158)) - HddsDatanode metrics system started (again)
2019-09-12 11:56:42,399 [main] INFO  ozone.HddsDatanodeService (HddsDatanodeService.java:start(184)) - HddsDatanodeService host:pr-hdds-1569-xtfnx-3545843844 ip:192.168.157.195
2019-09-12 11:56:42,399 [org.apache.hadoop.util.JvmPauseMonitor$Monitor@1ea01ed5] INFO  util.JvmPauseMonitor (JvmPauseMonitor.java:run(188)) - Starting JVM pause monitor
2019-09-12 11:56:42,403 [Datanode State Machine Thread - 0] INFO  datanode.InitDatanodeState (InitDatanodeState.java:persistContainerDatanodeDetails(140)) - DatanodeDetails is persisted to /workdir/hadoop-ozone/tools/target/test-dir/MiniOzoneClusterImpl-659e2a06-c254-4d33-90f4-66e0a49906bb/datanode-3/meta/datanode.id
2019-09-12 11:56:42,410 [main] INFO  volume.HddsVolume (HddsVolume.java:<init>(176)) - Creating Volume: /workdir/hadoop-ozone/tools/target/test-dir/MiniOzoneClusterImpl-659e2a06-c254-4d33-90f4-66e0a49906bb/datanode-4/data/containers/hdds of  storage type : DISK and capacity : 1482555576320
2019-09-12 11:56:42,410 [main] INFO  volume.VolumeSet (VolumeSet.java:initializeVolumeSet(170)) - Added Volume : /workdir/hadoop-ozone/tools/target/test-dir/MiniOzoneClusterImpl-659e2a06-c254-4d33-90f4-66e0a49906bb/datanode-4/data/containers/hdds to VolumeSet
2019-09-12 11:56:42,410 [main] INFO  volume.ThrottledAsyncChecker (ThrottledAsyncChecker.java:schedule(140)) - Scheduling a check for org.apache.hadoop.ozone.container.common.volume.HddsVolume@17ec335a
2019-09-12 11:56:42,411 [main] INFO  volume.HddsVolumeChecker (HddsVolumeChecker.java:checkAllVolumes(203)) - Scheduled health check for volume org.apache.hadoop.ozone.container.common.volume.HddsVolume@17ec335a
2019-09-12 11:56:42,424 [main] INFO  impl.RaftServerProxy (ConfUtils.java:logGet(43)) - raft.rpc.type = GRPC (default)
2019-09-12 11:56:42,425 [main] INFO  grpc.GrpcFactory (GrpcFactory.java:checkPooledByteBufAllocatorUseCacheForAllThreads(45)) - PERFORMANCE WARNING: useCacheForAllThreads is true that may cause Netty to create a lot garbage objects and, as a result, trigger GC.
	It is recommended to disable useCacheForAllThreads by setting -Dorg.apache.ratis.thirdparty.io.netty.allocator.useCacheForAllThreads=false in command line.
2019-09-12 11:56:42,425 [main] INFO  grpc.GrpcConfigKeys$Server (ConfUtils.java:logGet(43)) - raft.grpc.server.port = 0 (default)
2019-09-12 11:56:42,425 [main] INFO  server.GrpcService (ConfUtils.java:logGet(43)) - raft.grpc.message.size.max = 33570816 (custom)
2019-09-12 11:56:42,425 [main] INFO  server.RaftServerConfigKeys (ConfUtils.java:logGet(43)) - raft.server.log.appender.buffer.byte-limit = 33554432 (custom)
2019-09-12 11:56:42,425 [main] INFO  server.GrpcService (ConfUtils.java:logGet(43)) - raft.grpc.flow.control.window = 1MB (=1048576) (default)
2019-09-12 11:56:42,426 [main] INFO  server.RaftServerConfigKeys (ConfUtils.java:logGet(43)) - raft.server.rpc.request.timeout = 3000ms (default)
2019-09-12 11:56:42,426 [main] INFO  server.RaftServerConfigKeys (ConfUtils.java:logGet(43)) - raft.server.storage.dir = [/workdir/hadoop-ozone/tools/target/test-dir/MiniOzoneClusterImpl-659e2a06-c254-4d33-90f4-66e0a49906bb/datanode-4/data/ratis] (custom)
2019-09-12 11:56:42,427 [main] INFO  replication.SimpleContainerDownloader (SimpleContainerDownloader.java:<init>(72)) - Starting container downloader service to copy containers to replicate.
2019-09-12 11:56:42,427 [main] INFO  hdfs.DFSUtil (DFSUtil.java:httpServerTemplateForNNAndJN(1641)) - Starting Web-server for hddsDatanode at: http://0.0.0.0:0
2019-09-12 11:56:42,429 [main] INFO  server.AuthenticationFilter (AuthenticationFilter.java:constructSecretProvider(240)) - Unable to initialize FileSignerSecretProvider, falling back to use random secrets.
2019-09-12 11:56:42,429 [main] WARN  http.HttpRequestLog (HttpRequestLog.java:getRequestLog(97)) - Jetty request log can only be enabled using Log4j
2019-09-12 11:56:42,430 [main] INFO  http.HttpServer2 (HttpServer2.java:addGlobalFilter(975)) - Added global filter 'safety' (class=org.apache.hadoop.http.HttpServer2$QuotingInputFilter)
2019-09-12 11:56:42,431 [main] INFO  http.HttpServer2 (HttpServer2.java:addFilter(948)) - Added filter static_user_filter (class=org.apache.hadoop.http.lib.StaticUserWebFilter$StaticUserFilter) to context hddsDatanode
2019-09-12 11:56:42,431 [main] INFO  http.HttpServer2 (HttpServer2.java:addFilter(958)) - Added filter static_user_filter (class=org.apache.hadoop.http.lib.StaticUserWebFilter$StaticUserFilter) to context logs
2019-09-12 11:56:42,431 [main] INFO  http.HttpServer2 (HttpServer2.java:addFilter(958)) - Added filter static_user_filter (class=org.apache.hadoop.http.lib.StaticUserWebFilter$StaticUserFilter) to context static
2019-09-12 11:56:42,432 [main] INFO  http.HttpServer2 (HttpServer2.java:bindListener(1191)) - Jetty bound to port 36039
2019-09-12 11:56:42,432 [main] INFO  server.Server (Server.java:doStart(351)) - jetty-9.3.24.v20180605, build timestamp: 2018-06-05T17:11:56Z, git hash: 84205aa28f11a4f31f2a3b86d1bba2cc8ab69827
2019-09-12 11:56:42,434 [main] INFO  handler.ContextHandler (ContextHandler.java:doStart(781)) - Started o.e.j.s.ServletContextHandler@48499739{/logs,file:///workdir/hadoop-ozone/tools/target/log,AVAILABLE}
2019-09-12 11:56:42,434 [main] INFO  handler.ContextHandler (ContextHandler.java:doStart(781)) - Started o.e.j.s.ServletContextHandler@559991f5{/static,jar:file:/home/user/.m2/repository/org/apache/hadoop/hadoop-hdds-container-service/0.5.0-SNAPSHOT/hadoop-hdds-container-service-0.5.0-SNAPSHOT.jar!/webapps/static,AVAILABLE}
2019-09-12 11:56:42,457 [main] INFO  handler.ContextHandler (ContextHandler.java:doStart(781)) - Started o.e.j.w.WebAppContext@54f6b629{/,file:///tmp/jetty-0.0.0.0-36039-hddsDatanode-_-any-5089902617020657300.dir/webapp/,AVAILABLE}{/hddsDatanode}
2019-09-12 11:56:42,458 [main] INFO  server.AbstractConnector (AbstractConnector.java:doStart(278)) - Started ServerConnector@4bc9ca97{HTTP/1.1,[http/1.1]}{0.0.0.0:36039}
2019-09-12 11:56:42,459 [main] INFO  server.Server (Server.java:doStart(419)) - Started @6979ms
2019-09-12 11:56:42,459 [main] INFO  server.BaseHttpServer (BaseHttpServer.java:updateConnectorAddress(213)) - HTTP server of HDDSDATANODE is listening at http://0.0.0.0:36039
2019-09-12 11:56:42,574 | INFO  | ObjectStoreRestHttpServer | Listening HDDS REST traffic on /0.0.0.0:44290 |  
2019-09-12 11:56:42,574 [main] INFO  ozone.HddsDatanodeService (HddsDatanodeService.java:startPlugins(395)) - Started plug-in org.apache.hadoop.ozone.web.OzoneHddsDatanodeService@569348e1
2019-09-12 11:56:42,576 [main] INFO  ozone.MiniOzoneClusterImpl (MiniOzoneClusterImpl.java:lambda$waitForClusterToBeReady$0(142)) - Waiting for cluster to be ready. Got 0 of 5 DN Heartbeats.
2019-09-12 11:56:42,578 [org.apache.hadoop.util.JvmPauseMonitor$Monitor@4e3efaac] INFO  util.JvmPauseMonitor (JvmPauseMonitor.java:run(188)) - Starting JVM pause monitor
2019-09-12 11:56:42,581 [Datanode State Machine Thread - 0] INFO  datanode.InitDatanodeState (InitDatanodeState.java:persistContainerDatanodeDetails(140)) - DatanodeDetails is persisted to /workdir/hadoop-ozone/tools/target/test-dir/MiniOzoneClusterImpl-659e2a06-c254-4d33-90f4-66e0a49906bb/datanode-4/meta/datanode.id
2019-09-12 11:56:43,576 [main] INFO  ozone.MiniOzoneClusterImpl (MiniOzoneClusterImpl.java:lambda$waitForClusterToBeReady$0(142)) - Waiting for cluster to be ready. Got 0 of 5 DN Heartbeats.
2019-09-12 11:56:43,811 | INFO  | SCMAudit | user=jenkins1000 | ip=192.168.157.195 | op=GET_VERSION null | ret=SUCCESS |  
2019-09-12 11:56:43,835 [Datanode State Machine Thread - 0] INFO  ozoneimpl.OzoneContainer (OzoneContainer.java:start(186)) - Attempting to start container services.
2019-09-12 11:56:43,836 [Datanode State Machine Thread - 0] INFO  ozoneimpl.OzoneContainer (OzoneContainer.java:startContainerScrub(160)) - Background container scrubber has been disabled by hdds.containerscrub.enabled
2019-09-12 11:56:43,837 [Datanode State Machine Thread - 0] INFO  ratis.XceiverServerRatis (XceiverServerRatis.java:start(404)) - Starting XceiverServerRatis f8fc3649-0cfb-44b5-b2db-665c617086f3 at port 0
2019-09-12 11:56:43,949 [Datanode State Machine Thread - 0] INFO  impl.RaftServerProxy (RaftServerProxy.java:lambda$start$3(299)) - f8fc3649-0cfb-44b5-b2db-665c617086f3: start RPC server
2019-09-12 11:56:44,034 | INFO  | SCMAudit | user=jenkins1000 | ip=192.168.157.195 | op=GET_VERSION null | ret=SUCCESS |  
2019-09-12 11:56:44,050 [Datanode State Machine Thread - 0] INFO  ozoneimpl.OzoneContainer (OzoneContainer.java:start(186)) - Attempting to start container services.
2019-09-12 11:56:44,052 [Datanode State Machine Thread - 0] INFO  ozoneimpl.OzoneContainer (OzoneContainer.java:startContainerScrub(160)) - Background container scrubber has been disabled by hdds.containerscrub.enabled
2019-09-12 11:56:44,052 [Datanode State Machine Thread - 0] INFO  ratis.XceiverServerRatis (XceiverServerRatis.java:start(404)) - Starting XceiverServerRatis 17f5de45-d006-42d4-a442-b3531657861f at port 0
2019-09-12 11:56:44,063 [Datanode State Machine Thread - 0] INFO  impl.RaftServerProxy (RaftServerProxy.java:lambda$start$3(299)) - 17f5de45-d006-42d4-a442-b3531657861f: start RPC server
2019-09-12 11:56:44,099 [Datanode State Machine Thread - 0] INFO  server.GrpcService (GrpcService.java:startImpl(149)) - f8fc3649-0cfb-44b5-b2db-665c617086f3: GrpcService started, listening on 0.0.0.0/0.0.0.0:46385
2019-09-12 11:56:44,099 [Datanode State Machine Thread - 0] INFO  server.GrpcService (GrpcService.java:startImpl(149)) - 17f5de45-d006-42d4-a442-b3531657861f: GrpcService started, listening on 0.0.0.0/0.0.0.0:40760
2019-09-12 11:56:44,100 [Datanode State Machine Thread - 0] INFO  ratis.XceiverServerRatis (XceiverServerRatis.java:start(414)) - XceiverServerRatis f8fc3649-0cfb-44b5-b2db-665c617086f3 is started using port 46385
2019-09-12 11:56:44,100 [Datanode State Machine Thread - 0] INFO  ratis.XceiverServerRatis (XceiverServerRatis.java:start(414)) - XceiverServerRatis 17f5de45-d006-42d4-a442-b3531657861f is started using port 40760
2019-09-12 11:56:44,104 [Datanode State Machine Thread - 0] INFO  server.XceiverServerGrpc (XceiverServerGrpc.java:start(163)) - XceiverServerGrpc f8fc3649-0cfb-44b5-b2db-665c617086f3 is started using port 44193
2019-09-12 11:56:44,104 [Datanode State Machine Thread - 0] INFO  server.XceiverServerGrpc (XceiverServerGrpc.java:start(163)) - XceiverServerGrpc 17f5de45-d006-42d4-a442-b3531657861f is started using port 41660
2019-09-12 11:56:44,223 | INFO  | SCMAudit | user=jenkins1000 | ip=192.168.157.195 | op=GET_VERSION null | ret=SUCCESS |  
2019-09-12 11:56:44,238 [Datanode State Machine Thread - 0] INFO  ozoneimpl.OzoneContainer (OzoneContainer.java:start(186)) - Attempting to start container services.
2019-09-12 11:56:44,240 [Datanode State Machine Thread - 0] INFO  ozoneimpl.OzoneContainer (OzoneContainer.java:startContainerScrub(160)) - Background container scrubber has been disabled by hdds.containerscrub.enabled
2019-09-12 11:56:44,240 [Datanode State Machine Thread - 0] INFO  ratis.XceiverServerRatis (XceiverServerRatis.java:start(404)) - Starting XceiverServerRatis 7c1edd01-6b93-44c9-a455-1bd851e1af30 at port 0
2019-09-12 11:56:44,249 [Datanode State Machine Thread - 0] INFO  impl.RaftServerProxy (RaftServerProxy.java:lambda$start$3(299)) - 7c1edd01-6b93-44c9-a455-1bd851e1af30: start RPC server
2019-09-12 11:56:44,252 [Datanode State Machine Thread - 0] INFO  server.GrpcService (GrpcService.java:startImpl(149)) - 7c1edd01-6b93-44c9-a455-1bd851e1af30: GrpcService started, listening on 0.0.0.0/0.0.0.0:43783
2019-09-12 11:56:44,253 [Datanode State Machine Thread - 0] INFO  ratis.XceiverServerRatis (XceiverServerRatis.java:start(414)) - XceiverServerRatis 7c1edd01-6b93-44c9-a455-1bd851e1af30 is started using port 43783
2019-09-12 11:56:44,255 [Datanode State Machine Thread - 0] INFO  server.XceiverServerGrpc (XceiverServerGrpc.java:start(163)) - XceiverServerGrpc 7c1edd01-6b93-44c9-a455-1bd851e1af30 is started using port 46841
2019-09-12 11:56:44,402 | INFO  | SCMAudit | user=jenkins1000 | ip=192.168.157.195 | op=GET_VERSION null | ret=SUCCESS |  
2019-09-12 11:56:44,426 [Datanode State Machine Thread - 0] INFO  ozoneimpl.OzoneContainer (OzoneContainer.java:start(186)) - Attempting to start container services.
2019-09-12 11:56:44,428 [Datanode State Machine Thread - 0] INFO  ozoneimpl.OzoneContainer (OzoneContainer.java:startContainerScrub(160)) - Background container scrubber has been disabled by hdds.containerscrub.enabled
2019-09-12 11:56:44,429 [Datanode State Machine Thread - 0] INFO  ratis.XceiverServerRatis (XceiverServerRatis.java:start(404)) - Starting XceiverServerRatis af5fed38-0f11-4bc3-b5f8-f25d4cc0e41f at port 0
2019-09-12 11:56:44,438 [Datanode State Machine Thread - 0] INFO  impl.RaftServerProxy (RaftServerProxy.java:lambda$start$3(299)) - af5fed38-0f11-4bc3-b5f8-f25d4cc0e41f: start RPC server
2019-09-12 11:56:44,441 [Datanode State Machine Thread - 0] INFO  server.GrpcService (GrpcService.java:startImpl(149)) - af5fed38-0f11-4bc3-b5f8-f25d4cc0e41f: GrpcService started, listening on 0.0.0.0/0.0.0.0:46650
2019-09-12 11:56:44,441 [Datanode State Machine Thread - 0] INFO  ratis.XceiverServerRatis (XceiverServerRatis.java:start(414)) - XceiverServerRatis af5fed38-0f11-4bc3-b5f8-f25d4cc0e41f is started using port 46650
2019-09-12 11:56:44,444 [Datanode State Machine Thread - 0] INFO  server.XceiverServerGrpc (XceiverServerGrpc.java:start(163)) - XceiverServerGrpc af5fed38-0f11-4bc3-b5f8-f25d4cc0e41f is started using port 36559
2019-09-12 11:56:44,577 [main] INFO  ozone.MiniOzoneClusterImpl (MiniOzoneClusterImpl.java:lambda$waitForClusterToBeReady$0(142)) - Waiting for cluster to be ready. Got 0 of 5 DN Heartbeats.
2019-09-12 11:56:44,580 | INFO  | SCMAudit | user=jenkins1000 | ip=192.168.157.195 | op=GET_VERSION null | ret=SUCCESS |  
2019-09-12 11:56:44,595 [Datanode State Machine Thread - 0] INFO  ozoneimpl.OzoneContainer (OzoneContainer.java:start(186)) - Attempting to start container services.
2019-09-12 11:56:44,607 [Datanode State Machine Thread - 0] INFO  ozoneimpl.OzoneContainer (OzoneContainer.java:startContainerScrub(160)) - Background container scrubber has been disabled by hdds.containerscrub.enabled
2019-09-12 11:56:44,607 [Datanode State Machine Thread - 0] INFO  ratis.XceiverServerRatis (XceiverServerRatis.java:start(404)) - Starting XceiverServerRatis 17edbb89-a050-42dd-b919-a8669dd0769f at port 0
2019-09-12 11:56:44,617 [Datanode State Machine Thread - 0] INFO  impl.RaftServerProxy (RaftServerProxy.java:lambda$start$3(299)) - 17edbb89-a050-42dd-b919-a8669dd0769f: start RPC server
2019-09-12 11:56:44,621 [Datanode State Machine Thread - 0] INFO  server.GrpcService (GrpcService.java:startImpl(149)) - 17edbb89-a050-42dd-b919-a8669dd0769f: GrpcService started, listening on 0.0.0.0/0.0.0.0:37678
2019-09-12 11:56:44,621 [Datanode State Machine Thread - 0] INFO  ratis.XceiverServerRatis (XceiverServerRatis.java:start(414)) - XceiverServerRatis 17edbb89-a050-42dd-b919-a8669dd0769f is started using port 37678
2019-09-12 11:56:44,624 [Datanode State Machine Thread - 0] INFO  server.XceiverServerGrpc (XceiverServerGrpc.java:start(163)) - XceiverServerGrpc 17edbb89-a050-42dd-b919-a8669dd0769f is started using port 35891
2019-09-12 11:56:45,578 [main] INFO  ozone.MiniOzoneClusterImpl (MiniOzoneClusterImpl.java:lambda$waitForClusterToBeReady$0(142)) - Waiting for cluster to be ready. Got 0 of 5 DN Heartbeats.
2019-09-12 11:56:45,824 [IPC Server handler 0 on 44048] INFO  net.NetworkTopology (NetworkTopologyImpl.java:add(110)) - Added a new node: /default-rack/f8fc3649-0cfb-44b5-b2db-665c617086f3
2019-09-12 11:56:45,825 [IPC Server handler 0 on 44048] INFO  node.SCMNodeManager (SCMNodeManager.java:register(273)) - Registered Data node : f8fc3649-0cfb-44b5-b2db-665c617086f3{ip: 192.168.157.195, host: pr-hdds-1569-xtfnx-3545843844, networkLocation: /default-rack, certSerialId: null}
2019-09-12 11:56:45,831 [EventQueue-NodeRegistrationContainerReportForDataNodeSafeModeRule] INFO  safemode.SCMSafeModeManager (DataNodeSafeModeRule.java:process(71)) - SCM in safe mode. 1 DataNodes registered, 1 required.
2019-09-12 11:56:45,831 [EventQueue-NodeRegistrationContainerReportForDataNodeSafeModeRule] INFO  safemode.SCMSafeModeManager (SCMSafeModeManager.java:validateSafeModeExitRules(177)) - ScmSafeModeManager, all rules are successfully validated
2019-09-12 11:56:45,831 [EventQueue-NodeRegistrationContainerReportForDataNodeSafeModeRule] INFO  safemode.SCMSafeModeManager (SCMSafeModeManager.java:exitSafeMode(193)) - SCM exiting safe mode.
2019-09-12 11:56:45,842 | INFO  | SCMAudit | user=jenkins1000 | ip=192.168.157.195 | op=REGISTER {datanodeDetails=f8fc3649-0cfb-44b5-b2db-665c617086f3{ip: 192.168.157.195, host: pr-hdds-1569-xtfnx-3545843844, networkLocation: /default-rack, certSerialId: null}} | ret=SUCCESS |  
2019-09-12 11:56:46,036 [IPC Server handler 4 on 44048] INFO  net.NetworkTopology (NetworkTopologyImpl.java:add(110)) - Added a new node: /default-rack/17f5de45-d006-42d4-a442-b3531657861f
2019-09-12 11:56:46,037 [IPC Server handler 4 on 44048] INFO  node.SCMNodeManager (SCMNodeManager.java:register(273)) - Registered Data node : 17f5de45-d006-42d4-a442-b3531657861f{ip: 192.168.157.195, host: pr-hdds-1569-xtfnx-3545843844, networkLocation: /default-rack, certSerialId: null}
2019-09-12 11:56:46,037 | INFO  | SCMAudit | user=jenkins1000 | ip=192.168.157.195 | op=REGISTER {datanodeDetails=17f5de45-d006-42d4-a442-b3531657861f{ip: 192.168.157.195, host: pr-hdds-1569-xtfnx-3545843844, networkLocation: /default-rack, certSerialId: null}} | ret=SUCCESS |  
2019-09-12 11:56:46,224 [IPC Server handler 3 on 44048] INFO  net.NetworkTopology (NetworkTopologyImpl.java:add(110)) - Added a new node: /default-rack/7c1edd01-6b93-44c9-a455-1bd851e1af30
2019-09-12 11:56:46,225 [IPC Server handler 3 on 44048] INFO  node.SCMNodeManager (SCMNodeManager.java:register(273)) - Registered Data node : 7c1edd01-6b93-44c9-a455-1bd851e1af30{ip: 192.168.157.195, host: pr-hdds-1569-xtfnx-3545843844, networkLocation: /default-rack, certSerialId: null}
2019-09-12 11:56:46,225 | INFO  | SCMAudit | user=jenkins1000 | ip=192.168.157.195 | op=REGISTER {datanodeDetails=7c1edd01-6b93-44c9-a455-1bd851e1af30{ip: 192.168.157.195, host: pr-hdds-1569-xtfnx-3545843844, networkLocation: /default-rack, certSerialId: null}} | ret=SUCCESS |  
2019-09-12 11:56:46,748 [main] INFO  ozone.MiniOzoneClusterImpl (MiniOzoneClusterImpl.java:lambda$waitForClusterToBeReady$0(142)) - Waiting for cluster to be ready. Got 3 of 5 DN Heartbeats.
2019-09-12 11:56:46,756 [IPC Server handler 2 on 44048] INFO  net.NetworkTopology (NetworkTopologyImpl.java:add(110)) - Added a new node: /default-rack/af5fed38-0f11-4bc3-b5f8-f25d4cc0e41f
2019-09-12 11:56:46,757 [IPC Server handler 7 on 44048] INFO  net.NetworkTopology (NetworkTopologyImpl.java:add(110)) - Added a new node: /default-rack/17edbb89-a050-42dd-b919-a8669dd0769f
2019-09-12 11:56:46,757 [IPC Server handler 2 on 44048] INFO  node.SCMNodeManager (SCMNodeManager.java:register(273)) - Registered Data node : af5fed38-0f11-4bc3-b5f8-f25d4cc0e41f{ip: 192.168.157.195, host: pr-hdds-1569-xtfnx-3545843844, networkLocation: /default-rack, certSerialId: null}
2019-09-12 11:56:46,757 [IPC Server handler 7 on 44048] INFO  node.SCMNodeManager (SCMNodeManager.java:register(273)) - Registered Data node : 17edbb89-a050-42dd-b919-a8669dd0769f{ip: 192.168.157.195, host: pr-hdds-1569-xtfnx-3545843844, networkLocation: /default-rack, certSerialId: null}
2019-09-12 11:56:46,758 | INFO  | SCMAudit | user=jenkins1000 | ip=192.168.157.195 | op=REGISTER {datanodeDetails=af5fed38-0f11-4bc3-b5f8-f25d4cc0e41f{ip: 192.168.157.195, host: pr-hdds-1569-xtfnx-3545843844, networkLocation: /default-rack, certSerialId: null}} | ret=SUCCESS |  
2019-09-12 11:56:46,758 | INFO  | SCMAudit | user=jenkins1000 | ip=192.168.157.195 | op=REGISTER {datanodeDetails=17edbb89-a050-42dd-b919-a8669dd0769f{ip: 192.168.157.195, host: pr-hdds-1569-xtfnx-3545843844, networkLocation: /default-rack, certSerialId: null}} | ret=SUCCESS |  
2019-09-12 11:56:46,838 [grpc-default-executor-0] INFO  impl.RaftServerProxy (RaftServerProxy.java:addNew(89)) - f8fc3649-0cfb-44b5-b2db-665c617086f3: addNew group-AA5AB12A9355:[f8fc3649-0cfb-44b5-b2db-665c617086f3:192.168.157.195:46385] returns group-AA5AB12A9355:java.util.concurrent.CompletableFuture@630716e4[Not completed]
2019-09-12 11:56:46,856 [pool-27-thread-1] INFO  impl.RaftServerImpl (RaftServerImpl.java:<init>(93)) - f8fc3649-0cfb-44b5-b2db-665c617086f3: new RaftServerImpl for group-AA5AB12A9355:[f8fc3649-0cfb-44b5-b2db-665c617086f3:192.168.157.195:46385] with ContainerStateMachine:uninitialized
2019-09-12 11:56:46,859 [pool-27-thread-1] INFO  server.RaftServerConfigKeys (ConfUtils.java:logGet(43)) - raft.server.rpc.timeout.min = 5s (custom)
2019-09-12 11:56:46,860 [pool-27-thread-1] INFO  server.RaftServerConfigKeys (ConfUtils.java:logGet(43)) - raft.server.rpc.timeout.max = 5200ms (custom)
2019-09-12 11:56:46,860 [pool-27-thread-1] INFO  server.RaftServerConfigKeys (ConfUtils.java:logGet(43)) - raft.server.rpcslowness.timeout = 120s (custom)
2019-09-12 11:56:46,861 [pool-27-thread-1] INFO  server.RaftServerConfigKeys (ConfUtils.java:logGet(43)) - raft.server.sleep.deviation.threshold = 300 (default)
2019-09-12 11:56:46,862 [pool-27-thread-1] INFO  server.RaftServerConfigKeys (ConfUtils.java:logGet(43)) - raft.server.log.appender.install.snapshot.enabled = false (custom)
2019-09-12 11:56:46,871 [pool-27-thread-1] INFO  impl.RaftServerImpl (ServerState.java:<init>(105)) - f8fc3649-0cfb-44b5-b2db-665c617086f3:group-AA5AB12A9355 ConfigurationManager, init=-1: [f8fc3649-0cfb-44b5-b2db-665c617086f3:192.168.157.195:46385], old=null, confs=<EMPTY_MAP>
2019-09-12 11:56:46,871 [pool-27-thread-1] INFO  server.RaftServerConfigKeys (ConfUtils.java:logGet(43)) - raft.server.storage.dir = [/workdir/hadoop-ozone/tools/target/test-dir/MiniOzoneClusterImpl-659e2a06-c254-4d33-90f4-66e0a49906bb/datanode-0/data/ratis] (custom)
2019-09-12 11:56:46,881 [pool-27-thread-1] INFO  storage.RaftStorageDirectory (RaftStorageDirectory.java:analyzeStorage(246)) - The storage directory /workdir/hadoop-ozone/tools/target/test-dir/MiniOzoneClusterImpl-659e2a06-c254-4d33-90f4-66e0a49906bb/datanode-0/data/ratis/66a28c45-45cf-478e-a595-aa5ab12a9355 does not exist. Creating ...
2019-09-12 11:56:46,898 [pool-27-thread-1] INFO  storage.RaftStorageDirectory (RaftStorageDirectory.java:tryLock(328)) - Lock on /workdir/hadoop-ozone/tools/target/test-dir/MiniOzoneClusterImpl-659e2a06-c254-4d33-90f4-66e0a49906bb/datanode-0/data/ratis/66a28c45-45cf-478e-a595-aa5ab12a9355/in_use.lock acquired by nodename 21463@pr-hdds-1569-xtfnx-3545843844
2019-09-12 11:56:46,922 [pool-27-thread-1] INFO  storage.RaftStorage (RaftStorage.java:format(72)) - Storage directory /workdir/hadoop-ozone/tools/target/test-dir/MiniOzoneClusterImpl-659e2a06-c254-4d33-90f4-66e0a49906bb/datanode-0/data/ratis/66a28c45-45cf-478e-a595-aa5ab12a9355 has been successfully formatted.
2019-09-12 11:56:46,924 [pool-27-thread-1] INFO  ratis.ContainerStateMachine (ContainerStateMachine.java:loadSnapshot(226)) - group-AA5AB12A9355: The snapshot info is null. Setting the last applied indexto:(t:0, i:~)
2019-09-12 11:56:46,925 [pool-27-thread-1] INFO  server.RaftServerConfigKeys (ConfUtils.java:logGet(43)) - raft.server.leader.election.timeout = 120s (custom)
2019-09-12 11:56:46,927 [pool-27-thread-1] INFO  server.RaftServerConfigKeys (ConfUtils.java:logGet(43)) - raft.server.log.use.memory = false (default)
2019-09-12 11:56:46,933 [pool-27-thread-1] INFO  server.RaftServerConfigKeys (ConfUtils.java:logGet(43)) - raft.server.log.purge.gap = 1000000 (custom)
2019-09-12 11:56:46,933 [pool-27-thread-1] INFO  server.RaftServerConfigKeys (ConfUtils.java:logGet(43)) - raft.server.log.appender.buffer.byte-limit = 33554432 (custom)
2019-09-12 11:56:46,935 [pool-27-thread-1] INFO  server.RaftServerConfigKeys (ConfUtils.java:logGet(43)) - raft.server.log.segment.size.max = 1048576 (custom)
2019-09-12 11:56:46,940 [pool-27-thread-1] INFO  server.RaftServerConfigKeys (ConfUtils.java:logGet(43)) - raft.server.log.segment.cache.num.max = 2 (custom)
2019-09-12 11:56:46,946 [pool-27-thread-1] INFO  segmented.SegmentedRaftLogWorker (SegmentedRaftLogWorker.java:<init>(172)) - new f8fc3649-0cfb-44b5-b2db-665c617086f3-SegmentedRaftLogWorker:Storage Directory /workdir/hadoop-ozone/tools/target/test-dir/MiniOzoneClusterImpl-659e2a06-c254-4d33-90f4-66e0a49906bb/datanode-0/data/ratis/66a28c45-45cf-478e-a595-aa5ab12a9355 for RaftStorage:Storage Directory /workdir/hadoop-ozone/tools/target/test-dir/MiniOzoneClusterImpl-659e2a06-c254-4d33-90f4-66e0a49906bb/datanode-0/data/ratis/66a28c45-45cf-478e-a595-aa5ab12a9355
2019-09-12 11:56:46,960 [pool-27-thread-1] INFO  server.RaftServerConfigKeys (ConfUtils.java:logGet(43)) - raft.server.log.queue.byte-limit = 2147483647 (custom)
2019-09-12 11:56:46,960 [pool-27-thread-1] INFO  server.RaftServerConfigKeys (ConfUtils.java:logGet(43)) - raft.server.log.queue.element-limit = 1024 (custom)
2019-09-12 11:56:46,966 [pool-27-thread-1] INFO  server.RaftServerConfigKeys (ConfUtils.java:logGet(43)) - raft.server.log.segment.size.max = 1048576 (custom)
2019-09-12 11:56:46,966 [pool-27-thread-1] INFO  server.RaftServerConfigKeys (ConfUtils.java:logGet(43)) - raft.server.log.preallocated.size = 16384 (custom)
2019-09-12 11:56:46,967 [pool-27-thread-1] INFO  server.RaftServerConfigKeys (ConfUtils.java:logGet(43)) - raft.server.log.write.buffer.size = 33554432 (custom)
2019-09-12 11:56:46,967 [pool-27-thread-1] INFO  server.RaftServerConfigKeys (ConfUtils.java:logGet(43)) - raft.server.log.force.sync.num = 128 (default)
2019-09-12 11:56:46,968 [pool-27-thread-1] INFO  server.RaftServerConfigKeys (ConfUtils.java:logGet(43)) - raft.server.log.statemachine.data.sync = true (default)
2019-09-12 11:56:46,968 [pool-27-thread-1] INFO  server.RaftServerConfigKeys (ConfUtils.java:logGet(43)) - raft.server.log.statemachine.data.sync.timeout = 10s (default)
2019-09-12 11:56:46,969 [pool-27-thread-1] INFO  server.RaftServerConfigKeys (ConfUtils.java:logGet(43)) - raft.server.log.statemachine.data.sync.timeout.retry = -1 (default)
2019-09-12 11:56:46,979 [pool-27-thread-1] INFO  server.RaftServerConfigKeys (ConfUtils.java:logGet(43)) - raft.server.log.statemachine.data.caching.enabled = true (custom)
2019-09-12 11:56:46,987 [pool-27-thread-1] INFO  segmented.SegmentedRaftLogWorker (SegmentedRaftLogWorker.java:lambda$new$0(132)) - f8fc3649-0cfb-44b5-b2db-665c617086f3-SegmentedRaftLogWorker:Storage Directory /workdir/hadoop-ozone/tools/target/test-dir/MiniOzoneClusterImpl-659e2a06-c254-4d33-90f4-66e0a49906bb/datanode-0/data/ratis/66a28c45-45cf-478e-a595-aa5ab12a9355: flushIndex: setUnconditionally 0 -> -1
2019-09-12 11:56:46,991 [pool-27-thread-1] INFO  server.RaftServerConfigKeys (ConfUtils.java:logGet(43)) - raft.server.snapshot.auto.trigger.enabled = true (custom)
2019-09-12 11:56:46,992 [pool-27-thread-1] INFO  server.RaftServerConfigKeys (ConfUtils.java:logGet(43)) - raft.server.snapshot.auto.trigger.threshold = 10000 (custom)
2019-09-12 11:56:46,993 [pool-27-thread-1] INFO  server.RaftServerConfigKeys (ConfUtils.java:logGet(43)) - raft.server.retrycache.expirytime = 600000ms (custom)
2019-09-12 11:56:47,013 [pool-27-thread-1] INFO  impl.RaftServerImpl (RaftServerImpl.java:start(180)) - f8fc3649-0cfb-44b5-b2db-665c617086f3: start group-AA5AB12A9355
2019-09-12 11:56:47,014 [pool-27-thread-1] INFO  impl.RaftServerImpl (RaftServerImpl.java:setRole(171)) - f8fc3649-0cfb-44b5-b2db-665c617086f3:group-AA5AB12A9355 changes role from null to FOLLOWER at term 0 for startAsFollower
2019-09-12 11:56:47,015 [pool-27-thread-1] INFO  impl.RoleInfo (RoleInfo.java:updateAndGet(143)) - f8fc3649-0cfb-44b5-b2db-665c617086f3: start FollowerState
2019-09-12 11:56:47,017 [pool-27-thread-1] INFO  util.JmxRegister (JmxRegister.java:tryRegister(44)) - Successfully registered JMX Bean with object name Ratis:service=RaftServer,group=group-AA5AB12A9355,id=f8fc3649-0cfb-44b5-b2db-665c617086f3
2019-09-12 11:56:47,082 [RatisPipelineUtilsThread] INFO  pipeline.PipelineStateManager (PipelineStateManager.java:addPipeline(56)) - Created pipeline Pipeline[ Id: 66a28c45-45cf-478e-a595-aa5ab12a9355, Nodes: f8fc3649-0cfb-44b5-b2db-665c617086f3{ip: 192.168.157.195, host: pr-hdds-1569-xtfnx-3545843844, networkLocation: /default-rack, certSerialId: null}, Type:RATIS, Factor:ONE, State:OPEN]
2019-09-12 11:56:47,106 [grpc-default-executor-0] INFO  impl.RaftServerProxy (RaftServerProxy.java:addNew(89)) - 17edbb89-a050-42dd-b919-a8669dd0769f: addNew group-909D7464CB7A:[17edbb89-a050-42dd-b919-a8669dd0769f:192.168.157.195:37678] returns group-909D7464CB7A:java.util.concurrent.CompletableFuture@68c3b6b8[Not completed]
2019-09-12 11:56:47,151 [pool-71-thread-1] INFO  impl.RaftServerImpl (RaftServerImpl.java:<init>(93)) - 17edbb89-a050-42dd-b919-a8669dd0769f: new RaftServerImpl for group-909D7464CB7A:[17edbb89-a050-42dd-b919-a8669dd0769f:192.168.157.195:37678] with ContainerStateMachine:uninitialized
2019-09-12 11:56:47,153 [pool-71-thread-1] INFO  server.RaftServerConfigKeys (ConfUtils.java:logGet(43)) - raft.server.rpc.timeout.min = 5s (custom)
2019-09-12 11:56:47,153 [pool-71-thread-1] INFO  server.RaftServerConfigKeys (ConfUtils.java:logGet(43)) - raft.server.rpc.timeout.max = 5200ms (custom)
2019-09-12 11:56:47,153 [pool-71-thread-1] INFO  server.RaftServerConfigKeys (ConfUtils.java:logGet(43)) - raft.server.rpcslowness.timeout = 120s (custom)
2019-09-12 11:56:47,153 [pool-71-thread-1] INFO  server.RaftServerConfigKeys (ConfUtils.java:logGet(43)) - raft.server.sleep.deviation.threshold = 300 (default)
2019-09-12 11:56:47,153 [pool-71-thread-1] INFO  server.RaftServerConfigKeys (ConfUtils.java:logGet(43)) - raft.server.log.appender.install.snapshot.enabled = false (custom)
2019-09-12 11:56:47,154 [pool-71-thread-1] INFO  impl.RaftServerImpl (ServerState.java:<init>(105)) - 17edbb89-a050-42dd-b919-a8669dd0769f:group-909D7464CB7A ConfigurationManager, init=-1: [17edbb89-a050-42dd-b919-a8669dd0769f:192.168.157.195:37678], old=null, confs=<EMPTY_MAP>
2019-09-12 11:56:47,154 [pool-71-thread-1] INFO  server.RaftServerConfigKeys (ConfUtils.java:logGet(43)) - raft.server.storage.dir = [/workdir/hadoop-ozone/tools/target/test-dir/MiniOzoneClusterImpl-659e2a06-c254-4d33-90f4-66e0a49906bb/datanode-4/data/ratis] (custom)
2019-09-12 11:56:47,155 [pool-71-thread-1] INFO  storage.RaftStorageDirectory (RaftStorageDirectory.java:analyzeStorage(246)) - The storage directory /workdir/hadoop-ozone/tools/target/test-dir/MiniOzoneClusterImpl-659e2a06-c254-4d33-90f4-66e0a49906bb/datanode-4/data/ratis/e9348d40-410e-4d0c-9159-909d7464cb7a does not exist. Creating ...
2019-09-12 11:56:47,169 [pool-71-thread-1] INFO  storage.RaftStorageDirectory (RaftStorageDirectory.java:tryLock(328)) - Lock on /workdir/hadoop-ozone/tools/target/test-dir/MiniOzoneClusterImpl-659e2a06-c254-4d33-90f4-66e0a49906bb/datanode-4/data/ratis/e9348d40-410e-4d0c-9159-909d7464cb7a/in_use.lock acquired by nodename 21463@pr-hdds-1569-xtfnx-3545843844
2019-09-12 11:56:47,195 [pool-71-thread-1] INFO  storage.RaftStorage (RaftStorage.java:format(72)) - Storage directory /workdir/hadoop-ozone/tools/target/test-dir/MiniOzoneClusterImpl-659e2a06-c254-4d33-90f4-66e0a49906bb/datanode-4/data/ratis/e9348d40-410e-4d0c-9159-909d7464cb7a has been successfully formatted.
2019-09-12 11:56:47,197 [pool-71-thread-1] INFO  ratis.ContainerStateMachine (ContainerStateMachine.java:loadSnapshot(226)) - group-909D7464CB7A: The snapshot info is null. Setting the last applied indexto:(t:0, i:~)
2019-09-12 11:56:47,198 [pool-71-thread-1] INFO  server.RaftServerConfigKeys (ConfUtils.java:logGet(43)) - raft.server.leader.election.timeout = 120s (custom)
2019-09-12 11:56:47,199 [pool-71-thread-1] INFO  server.RaftServerConfigKeys (ConfUtils.java:logGet(43)) - raft.server.log.use.memory = false (default)
2019-09-12 11:56:47,199 [pool-71-thread-1] INFO  server.RaftServerConfigKeys (ConfUtils.java:logGet(43)) - raft.server.log.purge.gap = 1000000 (custom)
2019-09-12 11:56:47,199 [pool-71-thread-1] INFO  server.RaftServerConfigKeys (ConfUtils.java:logGet(43)) - raft.server.log.appender.buffer.byte-limit = 33554432 (custom)
2019-09-12 11:56:47,199 [pool-71-thread-1] INFO  server.RaftServerConfigKeys (ConfUtils.java:logGet(43)) - raft.server.log.segment.size.max = 1048576 (custom)
2019-09-12 11:56:47,199 [pool-71-thread-1] INFO  server.RaftServerConfigKeys (ConfUtils.java:logGet(43)) - raft.server.log.segment.cache.num.max = 2 (custom)
2019-09-12 11:56:47,200 [pool-71-thread-1] INFO  segmented.SegmentedRaftLogWorker (SegmentedRaftLogWorker.java:<init>(172)) - new 17edbb89-a050-42dd-b919-a8669dd0769f-SegmentedRaftLogWorker:Storage Directory /workdir/hadoop-ozone/tools/target/test-dir/MiniOzoneClusterImpl-659e2a06-c254-4d33-90f4-66e0a49906bb/datanode-4/data/ratis/e9348d40-410e-4d0c-9159-909d7464cb7a for RaftStorage:Storage Directory /workdir/hadoop-ozone/tools/target/test-dir/MiniOzoneClusterImpl-659e2a06-c254-4d33-90f4-66e0a49906bb/datanode-4/data/ratis/e9348d40-410e-4d0c-9159-909d7464cb7a
2019-09-12 11:56:47,201 [pool-71-thread-1] INFO  server.RaftServerConfigKeys (ConfUtils.java:logGet(43)) - raft.server.log.queue.byte-limit = 2147483647 (custom)
2019-09-12 11:56:47,201 [pool-71-thread-1] INFO  server.RaftServerConfigKeys (ConfUtils.java:logGet(43)) - raft.server.log.queue.element-limit = 1024 (custom)
2019-09-12 11:56:47,202 [pool-71-thread-1] INFO  server.RaftServerConfigKeys (ConfUtils.java:logGet(43)) - raft.server.log.segment.size.max = 1048576 (custom)
2019-09-12 11:56:47,202 [pool-71-thread-1] INFO  server.RaftServerConfigKeys (ConfUtils.java:logGet(43)) - raft.server.log.preallocated.size = 16384 (custom)
2019-09-12 11:56:47,202 [pool-71-thread-1] INFO  server.RaftServerConfigKeys (ConfUtils.java:logGet(43)) - raft.server.log.write.buffer.size = 33554432 (custom)
2019-09-12 11:56:47,202 [pool-71-thread-1] INFO  server.RaftServerConfigKeys (ConfUtils.java:logGet(43)) - raft.server.log.force.sync.num = 128 (default)
2019-09-12 11:56:47,203 [pool-71-thread-1] INFO  server.RaftServerConfigKeys (ConfUtils.java:logGet(43)) - raft.server.log.statemachine.data.sync = true (default)
2019-09-12 11:56:47,203 [pool-71-thread-1] INFO  server.RaftServerConfigKeys (ConfUtils.java:logGet(43)) - raft.server.log.statemachine.data.sync.timeout = 10s (default)
2019-09-12 11:56:47,203 [pool-71-thread-1] INFO  server.RaftServerConfigKeys (ConfUtils.java:logGet(43)) - raft.server.log.statemachine.data.sync.timeout.retry = -1 (default)
2019-09-12 11:56:47,203 [pool-71-thread-1] INFO  server.RaftServerConfigKeys (ConfUtils.java:logGet(43)) - raft.server.log.statemachine.data.caching.enabled = true (custom)
2019-09-12 11:56:47,204 [pool-71-thread-1] INFO  segmented.SegmentedRaftLogWorker (SegmentedRaftLogWorker.java:lambda$new$0(132)) - 17edbb89-a050-42dd-b919-a8669dd0769f-SegmentedRaftLogWorker:Storage Directory /workdir/hadoop-ozone/tools/target/test-dir/MiniOzoneClusterImpl-659e2a06-c254-4d33-90f4-66e0a49906bb/datanode-4/data/ratis/e9348d40-410e-4d0c-9159-909d7464cb7a: flushIndex: setUnconditionally 0 -> -1
2019-09-12 11:56:47,204 [pool-71-thread-1] INFO  server.RaftServerConfigKeys (ConfUtils.java:logGet(43)) - raft.server.snapshot.auto.trigger.enabled = true (custom)
2019-09-12 11:56:47,204 [pool-71-thread-1] INFO  server.RaftServerConfigKeys (ConfUtils.java:logGet(43)) - raft.server.snapshot.auto.trigger.threshold = 10000 (custom)
2019-09-12 11:56:47,205 [pool-71-thread-1] INFO  server.RaftServerConfigKeys (ConfUtils.java:logGet(43)) - raft.server.retrycache.expirytime = 600000ms (custom)
2019-09-12 11:56:47,205 [pool-71-thread-1] INFO  impl.RaftServerImpl (RaftServerImpl.java:start(180)) - 17edbb89-a050-42dd-b919-a8669dd0769f: start group-909D7464CB7A
2019-09-12 11:56:47,205 [pool-71-thread-1] INFO  impl.RaftServerImpl (RaftServerImpl.java:setRole(171)) - 17edbb89-a050-42dd-b919-a8669dd0769f:group-909D7464CB7A changes role from null to FOLLOWER at term 0 for startAsFollower
2019-09-12 11:56:47,205 [pool-71-thread-1] INFO  impl.RoleInfo (RoleInfo.java:updateAndGet(143)) - 17edbb89-a050-42dd-b919-a8669dd0769f: start FollowerState
2019-09-12 11:56:47,207 [pool-71-thread-1] INFO  util.JmxRegister (JmxRegister.java:tryRegister(44)) - Successfully registered JMX Bean with object name Ratis:service=RaftServer,group=group-909D7464CB7A,id=17edbb89-a050-42dd-b919-a8669dd0769f
2019-09-12 11:56:47,226 [RatisPipelineUtilsThread] INFO  pipeline.PipelineStateManager (PipelineStateManager.java:addPipeline(56)) - Created pipeline Pipeline[ Id: e9348d40-410e-4d0c-9159-909d7464cb7a, Nodes: 17edbb89-a050-42dd-b919-a8669dd0769f{ip: 192.168.157.195, host: pr-hdds-1569-xtfnx-3545843844, networkLocation: /default-rack, certSerialId: null}, Type:RATIS, Factor:ONE, State:OPEN]
2019-09-12 11:56:47,246 [grpc-default-executor-0] INFO  impl.RaftServerProxy (RaftServerProxy.java:addNew(89)) - f8fc3649-0cfb-44b5-b2db-665c617086f3: addNew group-720EEBA0A8D9:[f8fc3649-0cfb-44b5-b2db-665c617086f3:192.168.157.195:46385] returns group-720EEBA0A8D9:java.util.concurrent.CompletableFuture@41bd8069[Not completed]
2019-09-12 11:56:47,258 [pool-27-thread-1] INFO  impl.RaftServerImpl (RaftServerImpl.java:<init>(93)) - f8fc3649-0cfb-44b5-b2db-665c617086f3: new RaftServerImpl for group-720EEBA0A8D9:[f8fc3649-0cfb-44b5-b2db-665c617086f3:192.168.157.195:46385] with ContainerStateMachine:uninitialized
2019-09-12 11:56:47,258 [pool-27-thread-1] INFO  server.RaftServerConfigKeys (ConfUtils.java:logGet(43)) - raft.server.rpc.timeout.min = 5s (custom)
2019-09-12 11:56:47,259 [pool-27-thread-1] INFO  server.RaftServerConfigKeys (ConfUtils.java:logGet(43)) - raft.server.rpc.timeout.max = 5200ms (custom)
2019-09-12 11:56:47,259 [pool-27-thread-1] INFO  server.RaftServerConfigKeys (ConfUtils.java:logGet(43)) - raft.server.rpcslowness.timeout = 120s (custom)
2019-09-12 11:56:47,259 [pool-27-thread-1] INFO  server.RaftServerConfigKeys (ConfUtils.java:logGet(43)) - raft.server.sleep.deviation.threshold = 300 (default)
2019-09-12 11:56:47,259 [pool-27-thread-1] INFO  server.RaftServerConfigKeys (ConfUtils.java:logGet(43)) - raft.server.log.appender.install.snapshot.enabled = false (custom)
2019-09-12 11:56:47,259 [pool-27-thread-1] INFO  impl.RaftServerImpl (ServerState.java:<init>(105)) - f8fc3649-0cfb-44b5-b2db-665c617086f3:group-720EEBA0A8D9 ConfigurationManager, init=-1: [f8fc3649-0cfb-44b5-b2db-665c617086f3:192.168.157.195:46385], old=null, confs=<EMPTY_MAP>
2019-09-12 11:56:47,259 [pool-27-thread-1] INFO  server.RaftServerConfigKeys (ConfUtils.java:logGet(43)) - raft.server.storage.dir = [/workdir/hadoop-ozone/tools/target/test-dir/MiniOzoneClusterImpl-659e2a06-c254-4d33-90f4-66e0a49906bb/datanode-0/data/ratis] (custom)
2019-09-12 11:56:47,260 [pool-27-thread-1] INFO  storage.RaftStorageDirectory (RaftStorageDirectory.java:analyzeStorage(246)) - The storage directory /workdir/hadoop-ozone/tools/target/test-dir/MiniOzoneClusterImpl-659e2a06-c254-4d33-90f4-66e0a49906bb/datanode-0/data/ratis/29e28c4b-d14f-470f-8ea2-720eeba0a8d9 does not exist. Creating ...
2019-09-12 11:56:47,273 [pool-27-thread-1] INFO  storage.RaftStorageDirectory (RaftStorageDirectory.java:tryLock(328)) - Lock on /workdir/hadoop-ozone/tools/target/test-dir/MiniOzoneClusterImpl-659e2a06-c254-4d33-90f4-66e0a49906bb/datanode-0/data/ratis/29e28c4b-d14f-470f-8ea2-720eeba0a8d9/in_use.lock acquired by nodename 21463@pr-hdds-1569-xtfnx-3545843844
2019-09-12 11:56:47,286 [pool-27-thread-1] INFO  storage.RaftStorage (RaftStorage.java:format(72)) - Storage directory /workdir/hadoop-ozone/tools/target/test-dir/MiniOzoneClusterImpl-659e2a06-c254-4d33-90f4-66e0a49906bb/datanode-0/data/ratis/29e28c4b-d14f-470f-8ea2-720eeba0a8d9 has been successfully formatted.
2019-09-12 11:56:47,286 [pool-27-thread-1] INFO  ratis.ContainerStateMachine (ContainerStateMachine.java:loadSnapshot(226)) - group-720EEBA0A8D9: The snapshot info is null. Setting the last applied indexto:(t:0, i:~)
2019-09-12 11:56:47,287 [pool-27-thread-1] INFO  server.RaftServerConfigKeys (ConfUtils.java:logGet(43)) - raft.server.leader.election.timeout = 120s (custom)
2019-09-12 11:56:47,287 [pool-27-thread-1] INFO  server.RaftServerConfigKeys (ConfUtils.java:logGet(43)) - raft.server.log.use.memory = false (default)
2019-09-12 11:56:47,287 [pool-27-thread-1] INFO  server.RaftServerConfigKeys (ConfUtils.java:logGet(43)) - raft.server.log.purge.gap = 1000000 (custom)
2019-09-12 11:56:47,287 [pool-27-thread-1] INFO  server.RaftServerConfigKeys (ConfUtils.java:logGet(43)) - raft.server.log.appender.buffer.byte-limit = 33554432 (custom)
2019-09-12 11:56:47,287 [pool-27-thread-1] INFO  server.RaftServerConfigKeys (ConfUtils.java:logGet(43)) - raft.server.log.segment.size.max = 1048576 (custom)
2019-09-12 11:56:47,288 [pool-27-thread-1] INFO  server.RaftServerConfigKeys (ConfUtils.java:logGet(43)) - raft.server.log.segment.cache.num.max = 2 (custom)
2019-09-12 11:56:47,288 [pool-27-thread-1] INFO  segmented.SegmentedRaftLogWorker (SegmentedRaftLogWorker.java:<init>(172)) - new f8fc3649-0cfb-44b5-b2db-665c617086f3-SegmentedRaftLogWorker:Storage Directory /workdir/hadoop-ozone/tools/target/test-dir/MiniOzoneClusterImpl-659e2a06-c254-4d33-90f4-66e0a49906bb/datanode-0/data/ratis/29e28c4b-d14f-470f-8ea2-720eeba0a8d9 for RaftStorage:Storage Directory /workdir/hadoop-ozone/tools/target/test-dir/MiniOzoneClusterImpl-659e2a06-c254-4d33-90f4-66e0a49906bb/datanode-0/data/ratis/29e28c4b-d14f-470f-8ea2-720eeba0a8d9
2019-09-12 11:56:47,288 [pool-27-thread-1] INFO  server.RaftServerConfigKeys (ConfUtils.java:logGet(43)) - raft.server.log.queue.byte-limit = 2147483647 (custom)
2019-09-12 11:56:47,289 [pool-27-thread-1] INFO  server.RaftServerConfigKeys (ConfUtils.java:logGet(43)) - raft.server.log.queue.element-limit = 1024 (custom)
2019-09-12 11:56:47,289 [pool-27-thread-1] INFO  server.RaftServerConfigKeys (ConfUtils.java:logGet(43)) - raft.server.log.segment.size.max = 1048576 (custom)
2019-09-12 11:56:47,289 [pool-27-thread-1] INFO  server.RaftServerConfigKeys (ConfUtils.java:logGet(43)) - raft.server.log.preallocated.size = 16384 (custom)
2019-09-12 11:56:47,289 [pool-27-thread-1] INFO  server.RaftServerConfigKeys (ConfUtils.java:logGet(43)) - raft.server.log.write.buffer.size = 33554432 (custom)
2019-09-12 11:56:47,289 [pool-27-thread-1] INFO  server.RaftServerConfigKeys (ConfUtils.java:logGet(43)) - raft.server.log.force.sync.num = 128 (default)
2019-09-12 11:56:47,290 [pool-27-thread-1] INFO  server.RaftServerConfigKeys (ConfUtils.java:logGet(43)) - raft.server.log.statemachine.data.sync = true (default)
2019-09-12 11:56:47,290 [pool-27-thread-1] INFO  server.RaftServerConfigKeys (ConfUtils.java:logGet(43)) - raft.server.log.statemachine.data.sync.timeout = 10s (default)
2019-09-12 11:56:47,290 [pool-27-thread-1] INFO  server.RaftServerConfigKeys (ConfUtils.java:logGet(43)) - raft.server.log.statemachine.data.sync.timeout.retry = -1 (default)
2019-09-12 11:56:47,290 [pool-27-thread-1] INFO  server.RaftServerConfigKeys (ConfUtils.java:logGet(43)) - raft.server.log.statemachine.data.caching.enabled = true (custom)
2019-09-12 11:56:47,291 [pool-27-thread-1] INFO  segmented.SegmentedRaftLogWorker (SegmentedRaftLogWorker.java:lambda$new$0(132)) - f8fc3649-0cfb-44b5-b2db-665c617086f3-SegmentedRaftLogWorker:Storage Directory /workdir/hadoop-ozone/tools/target/test-dir/MiniOzoneClusterImpl-659e2a06-c254-4d33-90f4-66e0a49906bb/datanode-0/data/ratis/29e28c4b-d14f-470f-8ea2-720eeba0a8d9: flushIndex: setUnconditionally 0 -> -1
2019-09-12 11:56:47,291 [pool-27-thread-1] INFO  server.RaftServerConfigKeys (ConfUtils.java:logGet(43)) - raft.server.snapshot.auto.trigger.enabled = true (custom)
2019-09-12 11:56:47,291 [pool-27-thread-1] INFO  server.RaftServerConfigKeys (ConfUtils.java:logGet(43)) - raft.server.snapshot.auto.trigger.threshold = 10000 (custom)
2019-09-12 11:56:47,292 [pool-27-thread-1] INFO  server.RaftServerConfigKeys (ConfUtils.java:logGet(43)) - raft.server.retrycache.expirytime = 600000ms (custom)
2019-09-12 11:56:47,292 [pool-27-thread-1] INFO  impl.RaftServerImpl (RaftServerImpl.java:start(180)) - f8fc3649-0cfb-44b5-b2db-665c617086f3: start group-720EEBA0A8D9
2019-09-12 11:56:47,292 [pool-27-thread-1] INFO  impl.RaftServerImpl (RaftServerImpl.java:setRole(171)) - f8fc3649-0cfb-44b5-b2db-665c617086f3:group-720EEBA0A8D9 changes role from null to FOLLOWER at term 0 for startAsFollower
2019-09-12 11:56:47,292 [pool-27-thread-1] INFO  impl.RoleInfo (RoleInfo.java:updateAndGet(143)) - f8fc3649-0cfb-44b5-b2db-665c617086f3: start FollowerState
2019-09-12 11:56:47,293 [pool-27-thread-1] INFO  util.JmxRegister (JmxRegister.java:tryRegister(44)) - Successfully registered JMX Bean with object name Ratis:service=RaftServer,group=group-720EEBA0A8D9,id=f8fc3649-0cfb-44b5-b2db-665c617086f3
2019-09-12 11:56:47,307 [RatisPipelineUtilsThread] INFO  pipeline.PipelineStateManager (PipelineStateManager.java:addPipeline(56)) - Created pipeline Pipeline[ Id: 29e28c4b-d14f-470f-8ea2-720eeba0a8d9, Nodes: f8fc3649-0cfb-44b5-b2db-665c617086f3{ip: 192.168.157.195, host: pr-hdds-1569-xtfnx-3545843844, networkLocation: /default-rack, certSerialId: null}, Type:RATIS, Factor:ONE, State:OPEN]
2019-09-12 11:56:47,329 [grpc-default-executor-0] INFO  impl.RaftServerProxy (RaftServerProxy.java:addNew(89)) - f8fc3649-0cfb-44b5-b2db-665c617086f3: addNew group-2B254C430DA9:[f8fc3649-0cfb-44b5-b2db-665c617086f3:192.168.157.195:46385] returns group-2B254C430DA9:java.util.concurrent.CompletableFuture@78354b8d[Not completed]
2019-09-12 11:56:47,331 [pool-27-thread-1] INFO  impl.RaftServerImpl (RaftServerImpl.java:<init>(93)) - f8fc3649-0cfb-44b5-b2db-665c617086f3: new RaftServerImpl for group-2B254C430DA9:[f8fc3649-0cfb-44b5-b2db-665c617086f3:192.168.157.195:46385] with ContainerStateMachine:uninitialized
2019-09-12 11:56:47,331 [pool-27-thread-1] INFO  server.RaftServerConfigKeys (ConfUtils.java:logGet(43)) - raft.server.rpc.timeout.min = 5s (custom)
2019-09-12 11:56:47,332 [pool-27-thread-1] INFO  server.RaftServerConfigKeys (ConfUtils.java:logGet(43)) - raft.server.rpc.timeout.max = 5200ms (custom)
2019-09-12 11:56:47,332 [pool-27-thread-1] INFO  server.RaftServerConfigKeys (ConfUtils.java:logGet(43)) - raft.server.rpcslowness.timeout = 120s (custom)
2019-09-12 11:56:47,332 [pool-27-thread-1] INFO  server.RaftServerConfigKeys (ConfUtils.java:logGet(43)) - raft.server.sleep.deviation.threshold = 300 (default)
2019-09-12 11:56:47,332 [pool-27-thread-1] INFO  server.RaftServerConfigKeys (ConfUtils.java:logGet(43)) - raft.server.log.appender.install.snapshot.enabled = false (custom)
2019-09-12 11:56:47,332 [pool-27-thread-1] INFO  impl.RaftServerImpl (ServerState.java:<init>(105)) - f8fc3649-0cfb-44b5-b2db-665c617086f3:group-2B254C430DA9 ConfigurationManager, init=-1: [f8fc3649-0cfb-44b5-b2db-665c617086f3:192.168.157.195:46385], old=null, confs=<EMPTY_MAP>
2019-09-12 11:56:47,332 [pool-27-thread-1] INFO  server.RaftServerConfigKeys (ConfUtils.java:logGet(43)) - raft.server.storage.dir = [/workdir/hadoop-ozone/tools/target/test-dir/MiniOzoneClusterImpl-659e2a06-c254-4d33-90f4-66e0a49906bb/datanode-0/data/ratis] (custom)
2019-09-12 11:56:47,333 [pool-27-thread-1] INFO  storage.RaftStorageDirectory (RaftStorageDirectory.java:analyzeStorage(246)) - The storage directory /workdir/hadoop-ozone/tools/target/test-dir/MiniOzoneClusterImpl-659e2a06-c254-4d33-90f4-66e0a49906bb/datanode-0/data/ratis/d33f3499-d794-4cc5-9df3-2b254c430da9 does not exist. Creating ...
2019-09-12 11:56:47,345 [pool-27-thread-1] INFO  storage.RaftStorageDirectory (RaftStorageDirectory.java:tryLock(328)) - Lock on /workdir/hadoop-ozone/tools/target/test-dir/MiniOzoneClusterImpl-659e2a06-c254-4d33-90f4-66e0a49906bb/datanode-0/data/ratis/d33f3499-d794-4cc5-9df3-2b254c430da9/in_use.lock acquired by nodename 21463@pr-hdds-1569-xtfnx-3545843844
2019-09-12 11:56:47,358 [pool-27-thread-1] INFO  storage.RaftStorage (RaftStorage.java:format(72)) - Storage directory /workdir/hadoop-ozone/tools/target/test-dir/MiniOzoneClusterImpl-659e2a06-c254-4d33-90f4-66e0a49906bb/datanode-0/data/ratis/d33f3499-d794-4cc5-9df3-2b254c430da9 has been successfully formatted.
2019-09-12 11:56:47,359 [pool-27-thread-1] INFO  ratis.ContainerStateMachine (ContainerStateMachine.java:loadSnapshot(226)) - group-2B254C430DA9: The snapshot info is null. Setting the last applied indexto:(t:0, i:~)
2019-09-12 11:56:47,359 [pool-27-thread-1] INFO  server.RaftServerConfigKeys (ConfUtils.java:logGet(43)) - raft.server.leader.election.timeout = 120s (custom)
2019-09-12 11:56:47,359 [pool-27-thread-1] INFO  server.RaftServerConfigKeys (ConfUtils.java:logGet(43)) - raft.server.log.use.memory = false (default)
2019-09-12 11:56:47,359 [pool-27-thread-1] INFO  server.RaftServerConfigKeys (ConfUtils.java:logGet(43)) - raft.server.log.purge.gap = 1000000 (custom)
2019-09-12 11:56:47,359 [pool-27-thread-1] INFO  server.RaftServerConfigKeys (ConfUtils.java:logGet(43)) - raft.server.log.appender.buffer.byte-limit = 33554432 (custom)
2019-09-12 11:56:47,360 [pool-27-thread-1] INFO  server.RaftServerConfigKeys (ConfUtils.java:logGet(43)) - raft.server.log.segment.size.max = 1048576 (custom)
2019-09-12 11:56:47,360 [pool-27-thread-1] INFO  server.RaftServerConfigKeys (ConfUtils.java:logGet(43)) - raft.server.log.segment.cache.num.max = 2 (custom)
2019-09-12 11:56:47,360 [pool-27-thread-1] INFO  segmented.SegmentedRaftLogWorker (SegmentedRaftLogWorker.java:<init>(172)) - new f8fc3649-0cfb-44b5-b2db-665c617086f3-SegmentedRaftLogWorker:Storage Directory /workdir/hadoop-ozone/tools/target/test-dir/MiniOzoneClusterImpl-659e2a06-c254-4d33-90f4-66e0a49906bb/datanode-0/data/ratis/d33f3499-d794-4cc5-9df3-2b254c430da9 for RaftStorage:Storage Directory /workdir/hadoop-ozone/tools/target/test-dir/MiniOzoneClusterImpl-659e2a06-c254-4d33-90f4-66e0a49906bb/datanode-0/data/ratis/d33f3499-d794-4cc5-9df3-2b254c430da9
2019-09-12 11:56:47,360 [pool-27-thread-1] INFO  server.RaftServerConfigKeys (ConfUtils.java:logGet(43)) - raft.server.log.queue.byte-limit = 2147483647 (custom)
2019-09-12 11:56:47,360 [pool-27-thread-1] INFO  server.RaftServerConfigKeys (ConfUtils.java:logGet(43)) - raft.server.log.queue.element-limit = 1024 (custom)
2019-09-12 11:56:47,361 [pool-27-thread-1] INFO  server.RaftServerConfigKeys (ConfUtils.java:logGet(43)) - raft.server.log.segment.size.max = 1048576 (custom)
2019-09-12 11:56:47,361 [pool-27-thread-1] INFO  server.RaftServerConfigKeys (ConfUtils.java:logGet(43)) - raft.server.log.preallocated.size = 16384 (custom)
2019-09-12 11:56:47,361 [pool-27-thread-1] INFO  server.RaftServerConfigKeys (ConfUtils.java:logGet(43)) - raft.server.log.write.buffer.size = 33554432 (custom)
2019-09-12 11:56:47,361 [pool-27-thread-1] INFO  server.RaftServerConfigKeys (ConfUtils.java:logGet(43)) - raft.server.log.force.sync.num = 128 (default)
2019-09-12 11:56:47,361 [pool-27-thread-1] INFO  server.RaftServerConfigKeys (ConfUtils.java:logGet(43)) - raft.server.log.statemachine.data.sync = true (default)
2019-09-12 11:56:47,362 [pool-27-thread-1] INFO  server.RaftServerConfigKeys (ConfUtils.java:logGet(43)) - raft.server.log.statemachine.data.sync.timeout = 10s (default)
2019-09-12 11:56:47,362 [pool-27-thread-1] INFO  server.RaftServerConfigKeys (ConfUtils.java:logGet(43)) - raft.server.log.statemachine.data.sync.timeout.retry = -1 (default)
2019-09-12 11:56:47,362 [pool-27-thread-1] INFO  server.RaftServerConfigKeys (ConfUtils.java:logGet(43)) - raft.server.log.statemachine.data.caching.enabled = true (custom)
2019-09-12 11:56:47,362 [pool-27-thread-1] INFO  segmented.SegmentedRaftLogWorker (SegmentedRaftLogWorker.java:lambda$new$0(132)) - f8fc3649-0cfb-44b5-b2db-665c617086f3-SegmentedRaftLogWorker:Storage Directory /workdir/hadoop-ozone/tools/target/test-dir/MiniOzoneClusterImpl-659e2a06-c254-4d33-90f4-66e0a49906bb/datanode-0/data/ratis/d33f3499-d794-4cc5-9df3-2b254c430da9: flushIndex: setUnconditionally 0 -> -1
2019-09-12 11:56:47,363 [pool-27-thread-1] INFO  server.RaftServerConfigKeys (ConfUtils.java:logGet(43)) - raft.server.snapshot.auto.trigger.enabled = true (custom)
2019-09-12 11:56:47,363 [pool-27-thread-1] INFO  server.RaftServerConfigKeys (ConfUtils.java:logGet(43)) - raft.server.snapshot.auto.trigger.threshold = 10000 (custom)
2019-09-12 11:56:47,363 [pool-27-thread-1] INFO  server.RaftServerConfigKeys (ConfUtils.java:logGet(43)) - raft.server.retrycache.expirytime = 600000ms (custom)
2019-09-12 11:56:47,363 [pool-27-thread-1] INFO  impl.RaftServerImpl (RaftServerImpl.java:start(180)) - f8fc3649-0cfb-44b5-b2db-665c617086f3: start group-2B254C430DA9
2019-09-12 11:56:47,364 [pool-27-thread-1] INFO  impl.RaftServerImpl (RaftServerImpl.java:setRole(171)) - f8fc3649-0cfb-44b5-b2db-665c617086f3:group-2B254C430DA9 changes role from null to FOLLOWER at term 0 for startAsFollower
2019-09-12 11:56:47,364 [pool-27-thread-1] INFO  impl.RoleInfo (RoleInfo.java:updateAndGet(143)) - f8fc3649-0cfb-44b5-b2db-665c617086f3: start FollowerState
2019-09-12 11:56:47,364 [pool-27-thread-1] INFO  util.JmxRegister (JmxRegister.java:tryRegister(44)) - Successfully registered JMX Bean with object name Ratis:service=RaftServer,group=group-2B254C430DA9,id=f8fc3649-0cfb-44b5-b2db-665c617086f3
2019-09-12 11:56:47,378 [RatisPipelineUtilsThread] INFO  pipeline.PipelineStateManager (PipelineStateManager.java:addPipeline(56)) - Created pipeline Pipeline[ Id: d33f3499-d794-4cc5-9df3-2b254c430da9, Nodes: f8fc3649-0cfb-44b5-b2db-665c617086f3{ip: 192.168.157.195, host: pr-hdds-1569-xtfnx-3545843844, networkLocation: /default-rack, certSerialId: null}, Type:RATIS, Factor:ONE, State:OPEN]
2019-09-12 11:56:47,404 [grpc-default-executor-0] INFO  impl.RaftServerProxy (RaftServerProxy.java:addNew(89)) - 17edbb89-a050-42dd-b919-a8669dd0769f: addNew group-CF5BD1949F1E:[17edbb89-a050-42dd-b919-a8669dd0769f:192.168.157.195:37678] returns group-CF5BD1949F1E:java.util.concurrent.CompletableFuture@3ce68e0a[Not completed]
2019-09-12 11:56:47,406 [pool-71-thread-1] INFO  impl.RaftServerImpl (RaftServerImpl.java:<init>(93)) - 17edbb89-a050-42dd-b919-a8669dd0769f: new RaftServerImpl for group-CF5BD1949F1E:[17edbb89-a050-42dd-b919-a8669dd0769f:192.168.157.195:37678] with ContainerStateMachine:uninitialized
2019-09-12 11:56:47,406 [pool-71-thread-1] INFO  server.RaftServerConfigKeys (ConfUtils.java:logGet(43)) - raft.server.rpc.timeout.min = 5s (custom)
2019-09-12 11:56:47,407 [pool-71-thread-1] INFO  server.RaftServerConfigKeys (ConfUtils.java:logGet(43)) - raft.server.rpc.timeout.max = 5200ms (custom)
2019-09-12 11:56:47,407 [pool-71-thread-1] INFO  server.RaftServerConfigKeys (ConfUtils.java:logGet(43)) - raft.server.rpcslowness.timeout = 120s (custom)
2019-09-12 11:56:47,407 [pool-71-thread-1] INFO  server.RaftServerConfigKeys (ConfUtils.java:logGet(43)) - raft.server.sleep.deviation.threshold = 300 (default)
2019-09-12 11:56:47,407 [pool-71-thread-1] INFO  server.RaftServerConfigKeys (ConfUtils.java:logGet(43)) - raft.server.log.appender.install.snapshot.enabled = false (custom)
2019-09-12 11:56:47,407 [pool-71-thread-1] INFO  impl.RaftServerImpl (ServerState.java:<init>(105)) - 17edbb89-a050-42dd-b919-a8669dd0769f:group-CF5BD1949F1E ConfigurationManager, init=-1: [17edbb89-a050-42dd-b919-a8669dd0769f:192.168.157.195:37678], old=null, confs=<EMPTY_MAP>
2019-09-12 11:56:47,408 [pool-71-thread-1] INFO  server.RaftServerConfigKeys (ConfUtils.java:logGet(43)) - raft.server.storage.dir = [/workdir/hadoop-ozone/tools/target/test-dir/MiniOzoneClusterImpl-659e2a06-c254-4d33-90f4-66e0a49906bb/datanode-4/data/ratis] (custom)
2019-09-12 11:56:47,408 [pool-71-thread-1] INFO  storage.RaftStorageDirectory (RaftStorageDirectory.java:analyzeStorage(246)) - The storage directory /workdir/hadoop-ozone/tools/target/test-dir/MiniOzoneClusterImpl-659e2a06-c254-4d33-90f4-66e0a49906bb/datanode-4/data/ratis/dd2df34a-eb9f-4b3a-93f4-cf5bd1949f1e does not exist. Creating ...
2019-09-12 11:56:47,421 [pool-71-thread-1] INFO  storage.RaftStorageDirectory (RaftStorageDirectory.java:tryLock(328)) - Lock on /workdir/hadoop-ozone/tools/target/test-dir/MiniOzoneClusterImpl-659e2a06-c254-4d33-90f4-66e0a49906bb/datanode-4/data/ratis/dd2df34a-eb9f-4b3a-93f4-cf5bd1949f1e/in_use.lock acquired by nodename 21463@pr-hdds-1569-xtfnx-3545843844
2019-09-12 11:56:47,438 [pool-71-thread-1] INFO  storage.RaftStorage (RaftStorage.java:format(72)) - Storage directory /workdir/hadoop-ozone/tools/target/test-dir/MiniOzoneClusterImpl-659e2a06-c254-4d33-90f4-66e0a49906bb/datanode-4/data/ratis/dd2df34a-eb9f-4b3a-93f4-cf5bd1949f1e has been successfully formatted.
2019-09-12 11:56:47,439 [pool-71-thread-1] INFO  ratis.ContainerStateMachine (ContainerStateMachine.java:loadSnapshot(226)) - group-CF5BD1949F1E: The snapshot info is null. Setting the last applied indexto:(t:0, i:~)
2019-09-12 11:56:47,439 [pool-71-thread-1] INFO  server.RaftServerConfigKeys (ConfUtils.java:logGet(43)) - raft.server.leader.election.timeout = 120s (custom)
2019-09-12 11:56:47,439 [pool-71-thread-1] INFO  server.RaftServerConfigKeys (ConfUtils.java:logGet(43)) - raft.server.log.use.memory = false (default)
2019-09-12 11:56:47,439 [pool-71-thread-1] INFO  server.RaftServerConfigKeys (ConfUtils.java:logGet(43)) - raft.server.log.purge.gap = 1000000 (custom)
2019-09-12 11:56:47,439 [pool-71-thread-1] INFO  server.RaftServerConfigKeys (ConfUtils.java:logGet(43)) - raft.server.log.appender.buffer.byte-limit = 33554432 (custom)
2019-09-12 11:56:47,440 [pool-71-thread-1] INFO  server.RaftServerConfigKeys (ConfUtils.java:logGet(43)) - raft.server.log.segment.size.max = 1048576 (custom)
2019-09-12 11:56:47,440 [pool-71-thread-1] INFO  server.RaftServerConfigKeys (ConfUtils.java:logGet(43)) - raft.server.log.segment.cache.num.max = 2 (custom)
2019-09-12 11:56:47,440 [pool-71-thread-1] INFO  segmented.SegmentedRaftLogWorker (SegmentedRaftLogWorker.java:<init>(172)) - new 17edbb89-a050-42dd-b919-a8669dd0769f-SegmentedRaftLogWorker:Storage Directory /workdir/hadoop-ozone/tools/target/test-dir/MiniOzoneClusterImpl-659e2a06-c254-4d33-90f4-66e0a49906bb/datanode-4/data/ratis/dd2df34a-eb9f-4b3a-93f4-cf5bd1949f1e for RaftStorage:Storage Directory /workdir/hadoop-ozone/tools/target/test-dir/MiniOzoneClusterImpl-659e2a06-c254-4d33-90f4-66e0a49906bb/datanode-4/data/ratis/dd2df34a-eb9f-4b3a-93f4-cf5bd1949f1e
2019-09-12 11:56:47,440 [pool-71-thread-1] INFO  server.RaftServerConfigKeys (ConfUtils.java:logGet(43)) - raft.server.log.queue.byte-limit = 2147483647 (custom)
2019-09-12 11:56:47,441 [pool-71-thread-1] INFO  server.RaftServerConfigKeys (ConfUtils.java:logGet(43)) - raft.server.log.queue.element-limit = 1024 (custom)
2019-09-12 11:56:47,441 [pool-71-thread-1] INFO  server.RaftServerConfigKeys (ConfUtils.java:logGet(43)) - raft.server.log.segment.size.max = 1048576 (custom)
2019-09-12 11:56:47,441 [pool-71-thread-1] INFO  server.RaftServerConfigKeys (ConfUtils.java:logGet(43)) - raft.server.log.preallocated.size = 16384 (custom)
2019-09-12 11:56:47,441 [pool-71-thread-1] INFO  server.RaftServerConfigKeys (ConfUtils.java:logGet(43)) - raft.server.log.write.buffer.size = 33554432 (custom)
2019-09-12 11:56:47,442 [pool-71-thread-1] INFO  server.RaftServerConfigKeys (ConfUtils.java:logGet(43)) - raft.server.log.force.sync.num = 128 (default)
2019-09-12 11:56:47,442 [pool-71-thread-1] INFO  server.RaftServerConfigKeys (ConfUtils.java:logGet(43)) - raft.server.log.statemachine.data.sync = true (default)
2019-09-12 11:56:47,442 [pool-71-thread-1] INFO  server.RaftServerConfigKeys (ConfUtils.java:logGet(43)) - raft.server.log.statemachine.data.sync.timeout = 10s (default)
2019-09-12 11:56:47,442 [pool-71-thread-1] INFO  server.RaftServerConfigKeys (ConfUtils.java:logGet(43)) - raft.server.log.statemachine.data.sync.timeout.retry = -1 (default)
2019-09-12 11:56:47,443 [pool-71-thread-1] INFO  server.RaftServerConfigKeys (ConfUtils.java:logGet(43)) - raft.server.log.statemachine.data.caching.enabled = true (custom)
2019-09-12 11:56:47,443 [pool-71-thread-1] INFO  segmented.SegmentedRaftLogWorker (SegmentedRaftLogWorker.java:lambda$new$0(132)) - 17edbb89-a050-42dd-b919-a8669dd0769f-SegmentedRaftLogWorker:Storage Directory /workdir/hadoop-ozone/tools/target/test-dir/MiniOzoneClusterImpl-659e2a06-c254-4d33-90f4-66e0a49906bb/datanode-4/data/ratis/dd2df34a-eb9f-4b3a-93f4-cf5bd1949f1e: flushIndex: setUnconditionally 0 -> -1
2019-09-12 11:56:47,443 [pool-71-thread-1] INFO  server.RaftServerConfigKeys (ConfUtils.java:logGet(43)) - raft.server.snapshot.auto.trigger.enabled = true (custom)
2019-09-12 11:56:47,444 [pool-71-thread-1] INFO  server.RaftServerConfigKeys (ConfUtils.java:logGet(43)) - raft.server.snapshot.auto.trigger.threshold = 10000 (custom)
2019-09-12 11:56:47,444 [pool-71-thread-1] INFO  server.RaftServerConfigKeys (ConfUtils.java:logGet(43)) - raft.server.retrycache.expirytime = 600000ms (custom)
2019-09-12 11:56:47,444 [pool-71-thread-1] INFO  impl.RaftServerImpl (RaftServerImpl.java:start(180)) - 17edbb89-a050-42dd-b919-a8669dd0769f: start group-CF5BD1949F1E
2019-09-12 11:56:47,444 [pool-71-thread-1] INFO  impl.RaftServerImpl (RaftServerImpl.java:setRole(171)) - 17edbb89-a050-42dd-b919-a8669dd0769f:group-CF5BD1949F1E changes role from null to FOLLOWER at term 0 for startAsFollower
2019-09-12 11:56:47,445 [pool-71-thread-1] INFO  impl.RoleInfo (RoleInfo.java:updateAndGet(143)) - 17edbb89-a050-42dd-b919-a8669dd0769f: start FollowerState
2019-09-12 11:56:47,445 [pool-71-thread-1] INFO  util.JmxRegister (JmxRegister.java:tryRegister(44)) - Successfully registered JMX Bean with object name Ratis:service=RaftServer,group=group-CF5BD1949F1E,id=17edbb89-a050-42dd-b919-a8669dd0769f
2019-09-12 11:56:47,459 [RatisPipelineUtilsThread] INFO  pipeline.PipelineStateManager (PipelineStateManager.java:addPipeline(56)) - Created pipeline Pipeline[ Id: dd2df34a-eb9f-4b3a-93f4-cf5bd1949f1e, Nodes: 17edbb89-a050-42dd-b919-a8669dd0769f{ip: 192.168.157.195, host: pr-hdds-1569-xtfnx-3545843844, networkLocation: /default-rack, certSerialId: null}, Type:RATIS, Factor:ONE, State:OPEN]
2019-09-12 11:56:47,482 [grpc-default-executor-0] INFO  impl.RaftServerProxy (RaftServerProxy.java:addNew(89)) - 7c1edd01-6b93-44c9-a455-1bd851e1af30: addNew group-D13138203D04:[7c1edd01-6b93-44c9-a455-1bd851e1af30:192.168.157.195:43783] returns group-D13138203D04:java.util.concurrent.CompletableFuture@6f9cb93f[Not completed]
2019-09-12 11:56:47,484 [pool-49-thread-1] INFO  impl.RaftServerImpl (RaftServerImpl.java:<init>(93)) - 7c1edd01-6b93-44c9-a455-1bd851e1af30: new RaftServerImpl for group-D13138203D04:[7c1edd01-6b93-44c9-a455-1bd851e1af30:192.168.157.195:43783] with ContainerStateMachine:uninitialized
2019-09-12 11:56:47,485 [pool-49-thread-1] INFO  server.RaftServerConfigKeys (ConfUtils.java:logGet(43)) - raft.server.rpc.timeout.min = 5s (custom)
2019-09-12 11:56:47,485 [pool-49-thread-1] INFO  server.RaftServerConfigKeys (ConfUtils.java:logGet(43)) - raft.server.rpc.timeout.max = 5200ms (custom)
2019-09-12 11:56:47,485 [pool-49-thread-1] INFO  server.RaftServerConfigKeys (ConfUtils.java:logGet(43)) - raft.server.rpcslowness.timeout = 120s (custom)
2019-09-12 11:56:47,485 [pool-49-thread-1] INFO  server.RaftServerConfigKeys (ConfUtils.java:logGet(43)) - raft.server.sleep.deviation.threshold = 300 (default)
2019-09-12 11:56:47,486 [pool-49-thread-1] INFO  server.RaftServerConfigKeys (ConfUtils.java:logGet(43)) - raft.server.log.appender.install.snapshot.enabled = false (custom)
2019-09-12 11:56:47,486 [pool-49-thread-1] INFO  impl.RaftServerImpl (ServerState.java:<init>(105)) - 7c1edd01-6b93-44c9-a455-1bd851e1af30:group-D13138203D04 ConfigurationManager, init=-1: [7c1edd01-6b93-44c9-a455-1bd851e1af30:192.168.157.195:43783], old=null, confs=<EMPTY_MAP>
2019-09-12 11:56:47,486 [pool-49-thread-1] INFO  server.RaftServerConfigKeys (ConfUtils.java:logGet(43)) - raft.server.storage.dir = [/workdir/hadoop-ozone/tools/target/test-dir/MiniOzoneClusterImpl-659e2a06-c254-4d33-90f4-66e0a49906bb/datanode-2/data/ratis] (custom)
2019-09-12 11:56:47,487 [pool-49-thread-1] INFO  storage.RaftStorageDirectory (RaftStorageDirectory.java:analyzeStorage(246)) - The storage directory /workdir/hadoop-ozone/tools/target/test-dir/MiniOzoneClusterImpl-659e2a06-c254-4d33-90f4-66e0a49906bb/datanode-2/data/ratis/8626f53e-5cde-4ec2-96e0-d13138203d04 does not exist. Creating ...
2019-09-12 11:56:47,500 [pool-49-thread-1] INFO  storage.RaftStorageDirectory (RaftStorageDirectory.java:tryLock(328)) - Lock on /workdir/hadoop-ozone/tools/target/test-dir/MiniOzoneClusterImpl-659e2a06-c254-4d33-90f4-66e0a49906bb/datanode-2/data/ratis/8626f53e-5cde-4ec2-96e0-d13138203d04/in_use.lock acquired by nodename 21463@pr-hdds-1569-xtfnx-3545843844
2019-09-12 11:56:47,514 [pool-49-thread-1] INFO  storage.RaftStorage (RaftStorage.java:format(72)) - Storage directory /workdir/hadoop-ozone/tools/target/test-dir/MiniOzoneClusterImpl-659e2a06-c254-4d33-90f4-66e0a49906bb/datanode-2/data/ratis/8626f53e-5cde-4ec2-96e0-d13138203d04 has been successfully formatted.
2019-09-12 11:56:47,514 [pool-49-thread-1] INFO  ratis.ContainerStateMachine (ContainerStateMachine.java:loadSnapshot(226)) - group-D13138203D04: The snapshot info is null. Setting the last applied indexto:(t:0, i:~)
2019-09-12 11:56:47,515 [pool-49-thread-1] INFO  server.RaftServerConfigKeys (ConfUtils.java:logGet(43)) - raft.server.leader.election.timeout = 120s (custom)
2019-09-12 11:56:47,515 [pool-49-thread-1] INFO  server.RaftServerConfigKeys (ConfUtils.java:logGet(43)) - raft.server.log.use.memory = false (default)
2019-09-12 11:56:47,515 [pool-49-thread-1] INFO  server.RaftServerConfigKeys (ConfUtils.java:logGet(43)) - raft.server.log.purge.gap = 1000000 (custom)
2019-09-12 11:56:47,515 [pool-49-thread-1] INFO  server.RaftServerConfigKeys (ConfUtils.java:logGet(43)) - raft.server.log.appender.buffer.byte-limit = 33554432 (custom)
2019-09-12 11:56:47,515 [pool-49-thread-1] INFO  server.RaftServerConfigKeys (ConfUtils.java:logGet(43)) - raft.server.log.segment.size.max = 1048576 (custom)
2019-09-12 11:56:47,516 [pool-49-thread-1] INFO  server.RaftServerConfigKeys (ConfUtils.java:logGet(43)) - raft.server.log.segment.cache.num.max = 2 (custom)
2019-09-12 11:56:47,516 [pool-49-thread-1] INFO  segmented.SegmentedRaftLogWorker (SegmentedRaftLogWorker.java:<init>(172)) - new 7c1edd01-6b93-44c9-a455-1bd851e1af30-SegmentedRaftLogWorker:Storage Directory /workdir/hadoop-ozone/tools/target/test-dir/MiniOzoneClusterImpl-659e2a06-c254-4d33-90f4-66e0a49906bb/datanode-2/data/ratis/8626f53e-5cde-4ec2-96e0-d13138203d04 for RaftStorage:Storage Directory /workdir/hadoop-ozone/tools/target/test-dir/MiniOzoneClusterImpl-659e2a06-c254-4d33-90f4-66e0a49906bb/datanode-2/data/ratis/8626f53e-5cde-4ec2-96e0-d13138203d04
2019-09-12 11:56:47,516 [pool-49-thread-1] INFO  server.RaftServerConfigKeys (ConfUtils.java:logGet(43)) - raft.server.log.queue.byte-limit = 2147483647 (custom)
2019-09-12 11:56:47,516 [pool-49-thread-1] INFO  server.RaftServerConfigKeys (ConfUtils.java:logGet(43)) - raft.server.log.queue.element-limit = 1024 (custom)
2019-09-12 11:56:47,517 [pool-49-thread-1] INFO  server.RaftServerConfigKeys (ConfUtils.java:logGet(43)) - raft.server.log.segment.size.max = 1048576 (custom)
2019-09-12 11:56:47,517 [pool-49-thread-1] INFO  server.RaftServerConfigKeys (ConfUtils.java:logGet(43)) - raft.server.log.preallocated.size = 16384 (custom)
2019-09-12 11:56:47,517 [pool-49-thread-1] INFO  server.RaftServerConfigKeys (ConfUtils.java:logGet(43)) - raft.server.log.write.buffer.size = 33554432 (custom)
2019-09-12 11:56:47,517 [pool-49-thread-1] INFO  server.RaftServerConfigKeys (ConfUtils.java:logGet(43)) - raft.server.log.force.sync.num = 128 (default)
2019-09-12 11:56:47,517 [pool-49-thread-1] INFO  server.RaftServerConfigKeys (ConfUtils.java:logGet(43)) - raft.server.log.statemachine.data.sync = true (default)
2019-09-12 11:56:47,518 [pool-49-thread-1] INFO  server.RaftServerConfigKeys (ConfUtils.java:logGet(43)) - raft.server.log.statemachine.data.sync.timeout = 10s (default)
2019-09-12 11:56:47,518 [pool-49-thread-1] INFO  server.RaftServerConfigKeys (ConfUtils.java:logGet(43)) - raft.server.log.statemachine.data.sync.timeout.retry = -1 (default)
2019-09-12 11:56:47,518 [pool-49-thread-1] INFO  server.RaftServerConfigKeys (ConfUtils.java:logGet(43)) - raft.server.log.statemachine.data.caching.enabled = true (custom)
2019-09-12 11:56:47,519 [pool-49-thread-1] INFO  segmented.SegmentedRaftLogWorker (SegmentedRaftLogWorker.java:lambda$new$0(132)) - 7c1edd01-6b93-44c9-a455-1bd851e1af30-SegmentedRaftLogWorker:Storage Directory /workdir/hadoop-ozone/tools/target/test-dir/MiniOzoneClusterImpl-659e2a06-c254-4d33-90f4-66e0a49906bb/datanode-2/data/ratis/8626f53e-5cde-4ec2-96e0-d13138203d04: flushIndex: setUnconditionally 0 -> -1
2019-09-12 11:56:47,519 [pool-49-thread-1] INFO  server.RaftServerConfigKeys (ConfUtils.java:logGet(43)) - raft.server.snapshot.auto.trigger.enabled = true (custom)
2019-09-12 11:56:47,519 [pool-49-thread-1] INFO  server.RaftServerConfigKeys (ConfUtils.java:logGet(43)) - raft.server.snapshot.auto.trigger.threshold = 10000 (custom)
2019-09-12 11:56:47,520 [pool-49-thread-1] INFO  server.RaftServerConfigKeys (ConfUtils.java:logGet(43)) - raft.server.retrycache.expirytime = 600000ms (custom)
2019-09-12 11:56:47,520 [pool-49-thread-1] INFO  impl.RaftServerImpl (RaftServerImpl.java:start(180)) - 7c1edd01-6b93-44c9-a455-1bd851e1af30: start group-D13138203D04
2019-09-12 11:56:47,520 [pool-49-thread-1] INFO  impl.RaftServerImpl (RaftServerImpl.java:setRole(171)) - 7c1edd01-6b93-44c9-a455-1bd851e1af30:group-D13138203D04 changes role from null to FOLLOWER at term 0 for startAsFollower
2019-09-12 11:56:47,520 [pool-49-thread-1] INFO  impl.RoleInfo (RoleInfo.java:updateAndGet(143)) - 7c1edd01-6b93-44c9-a455-1bd851e1af30: start FollowerState
2019-09-12 11:56:47,521 [pool-49-thread-1] INFO  util.JmxRegister (JmxRegister.java:tryRegister(44)) - Successfully registered JMX Bean with object name Ratis:service=RaftServer,group=group-D13138203D04,id=7c1edd01-6b93-44c9-a455-1bd851e1af30
2019-09-12 11:56:47,538 [RatisPipelineUtilsThread] INFO  pipeline.PipelineStateManager (PipelineStateManager.java:addPipeline(56)) - Created pipeline Pipeline[ Id: 8626f53e-5cde-4ec2-96e0-d13138203d04, Nodes: 7c1edd01-6b93-44c9-a455-1bd851e1af30{ip: 192.168.157.195, host: pr-hdds-1569-xtfnx-3545843844, networkLocation: /default-rack, certSerialId: null}, Type:RATIS, Factor:ONE, State:OPEN]
2019-09-12 11:56:47,554 [grpc-default-executor-0] INFO  impl.RaftServerProxy (RaftServerProxy.java:addNew(89)) - 17edbb89-a050-42dd-b919-a8669dd0769f: addNew group-A68E4386EEA3:[17edbb89-a050-42dd-b919-a8669dd0769f:192.168.157.195:37678] returns group-A68E4386EEA3:java.util.concurrent.CompletableFuture@24290aeb[Not completed]
2019-09-12 11:56:47,556 [pool-71-thread-1] INFO  impl.RaftServerImpl (RaftServerImpl.java:<init>(93)) - 17edbb89-a050-42dd-b919-a8669dd0769f: new RaftServerImpl for group-A68E4386EEA3:[17edbb89-a050-42dd-b919-a8669dd0769f:192.168.157.195:37678] with ContainerStateMachine:uninitialized
2019-09-12 11:56:47,557 [pool-71-thread-1] INFO  server.RaftServerConfigKeys (ConfUtils.java:logGet(43)) - raft.server.rpc.timeout.min = 5s (custom)
2019-09-12 11:56:47,557 [pool-71-thread-1] INFO  server.RaftServerConfigKeys (ConfUtils.java:logGet(43)) - raft.server.rpc.timeout.max = 5200ms (custom)
2019-09-12 11:56:47,557 [pool-71-thread-1] INFO  server.RaftServerConfigKeys (ConfUtils.java:logGet(43)) - raft.server.rpcslowness.timeout = 120s (custom)
2019-09-12 11:56:47,557 [pool-71-thread-1] INFO  server.RaftServerConfigKeys (ConfUtils.java:logGet(43)) - raft.server.sleep.deviation.threshold = 300 (default)
2019-09-12 11:56:47,557 [pool-71-thread-1] INFO  server.RaftServerConfigKeys (ConfUtils.java:logGet(43)) - raft.server.log.appender.install.snapshot.enabled = false (custom)
2019-09-12 11:56:47,558 [pool-71-thread-1] INFO  impl.RaftServerImpl (ServerState.java:<init>(105)) - 17edbb89-a050-42dd-b919-a8669dd0769f:group-A68E4386EEA3 ConfigurationManager, init=-1: [17edbb89-a050-42dd-b919-a8669dd0769f:192.168.157.195:37678], old=null, confs=<EMPTY_MAP>
2019-09-12 11:56:47,558 [pool-71-thread-1] INFO  server.RaftServerConfigKeys (ConfUtils.java:logGet(43)) - raft.server.storage.dir = [/workdir/hadoop-ozone/tools/target/test-dir/MiniOzoneClusterImpl-659e2a06-c254-4d33-90f4-66e0a49906bb/datanode-4/data/ratis] (custom)
2019-09-12 11:56:47,558 [pool-71-thread-1] INFO  storage.RaftStorageDirectory (RaftStorageDirectory.java:analyzeStorage(246)) - The storage directory /workdir/hadoop-ozone/tools/target/test-dir/MiniOzoneClusterImpl-659e2a06-c254-4d33-90f4-66e0a49906bb/datanode-4/data/ratis/73399c3e-e5e3-4da6-b29a-a68e4386eea3 does not exist. Creating ...
2019-09-12 11:56:47,572 [pool-71-thread-1] INFO  storage.RaftStorageDirectory (RaftStorageDirectory.java:tryLock(328)) - Lock on /workdir/hadoop-ozone/tools/target/test-dir/MiniOzoneClusterImpl-659e2a06-c254-4d33-90f4-66e0a49906bb/datanode-4/data/ratis/73399c3e-e5e3-4da6-b29a-a68e4386eea3/in_use.lock acquired by nodename 21463@pr-hdds-1569-xtfnx-3545843844
2019-09-12 11:56:47,585 [pool-71-thread-1] INFO  storage.RaftStorage (RaftStorage.java:format(72)) - Storage directory /workdir/hadoop-ozone/tools/target/test-dir/MiniOzoneClusterImpl-659e2a06-c254-4d33-90f4-66e0a49906bb/datanode-4/data/ratis/73399c3e-e5e3-4da6-b29a-a68e4386eea3 has been successfully formatted.
2019-09-12 11:56:47,586 [pool-71-thread-1] INFO  ratis.ContainerStateMachine (ContainerStateMachine.java:loadSnapshot(226)) - group-A68E4386EEA3: The snapshot info is null. Setting the last applied indexto:(t:0, i:~)
2019-09-12 11:56:47,586 [pool-71-thread-1] INFO  server.RaftServerConfigKeys (ConfUtils.java:logGet(43)) - raft.server.leader.election.timeout = 120s (custom)
2019-09-12 11:56:47,586 [pool-71-thread-1] INFO  server.RaftServerConfigKeys (ConfUtils.java:logGet(43)) - raft.server.log.use.memory = false (default)
2019-09-12 11:56:47,586 [pool-71-thread-1] INFO  server.RaftServerConfigKeys (ConfUtils.java:logGet(43)) - raft.server.log.purge.gap = 1000000 (custom)
2019-09-12 11:56:47,587 [pool-71-thread-1] INFO  server.RaftServerConfigKeys (ConfUtils.java:logGet(43)) - raft.server.log.appender.buffer.byte-limit = 33554432 (custom)
2019-09-12 11:56:47,587 [pool-71-thread-1] INFO  server.RaftServerConfigKeys (ConfUtils.java:logGet(43)) - raft.server.log.segment.size.max = 1048576 (custom)
2019-09-12 11:56:47,587 [pool-71-thread-1] INFO  server.RaftServerConfigKeys (ConfUtils.java:logGet(43)) - raft.server.log.segment.cache.num.max = 2 (custom)
2019-09-12 11:56:47,587 [pool-71-thread-1] INFO  segmented.SegmentedRaftLogWorker (SegmentedRaftLogWorker.java:<init>(172)) - new 17edbb89-a050-42dd-b919-a8669dd0769f-SegmentedRaftLogWorker:Storage Directory /workdir/hadoop-ozone/tools/target/test-dir/MiniOzoneClusterImpl-659e2a06-c254-4d33-90f4-66e0a49906bb/datanode-4/data/ratis/73399c3e-e5e3-4da6-b29a-a68e4386eea3 for RaftStorage:Storage Directory /workdir/hadoop-ozone/tools/target/test-dir/MiniOzoneClusterImpl-659e2a06-c254-4d33-90f4-66e0a49906bb/datanode-4/data/ratis/73399c3e-e5e3-4da6-b29a-a68e4386eea3
2019-09-12 11:56:47,588 [pool-71-thread-1] INFO  server.RaftServerConfigKeys (ConfUtils.java:logGet(43)) - raft.server.log.queue.byte-limit = 2147483647 (custom)
2019-09-12 11:56:47,588 [pool-71-thread-1] INFO  server.RaftServerConfigKeys (ConfUtils.java:logGet(43)) - raft.server.log.queue.element-limit = 1024 (custom)
2019-09-12 11:56:47,588 [pool-71-thread-1] INFO  server.RaftServerConfigKeys (ConfUtils.java:logGet(43)) - raft.server.log.segment.size.max = 1048576 (custom)
2019-09-12 11:56:47,588 [pool-71-thread-1] INFO  server.RaftServerConfigKeys (ConfUtils.java:logGet(43)) - raft.server.log.preallocated.size = 16384 (custom)
2019-09-12 11:56:47,588 [pool-71-thread-1] INFO  server.RaftServerConfigKeys (ConfUtils.java:logGet(43)) - raft.server.log.write.buffer.size = 33554432 (custom)
2019-09-12 11:56:47,588 [pool-71-thread-1] INFO  server.RaftServerConfigKeys (ConfUtils.java:logGet(43)) - raft.server.log.force.sync.num = 128 (default)
2019-09-12 11:56:47,589 [pool-71-thread-1] INFO  server.RaftServerConfigKeys (ConfUtils.java:logGet(43)) - raft.server.log.statemachine.data.sync = true (default)
2019-09-12 11:56:47,589 [pool-71-thread-1] INFO  server.RaftServerConfigKeys (ConfUtils.java:logGet(43)) - raft.server.log.statemachine.data.sync.timeout = 10s (default)
2019-09-12 11:56:47,589 [pool-71-thread-1] INFO  server.RaftServerConfigKeys (ConfUtils.java:logGet(43)) - raft.server.log.statemachine.data.sync.timeout.retry = -1 (default)
2019-09-12 11:56:47,589 [pool-71-thread-1] INFO  server.RaftServerConfigKeys (ConfUtils.java:logGet(43)) - raft.server.log.statemachine.data.caching.enabled = true (custom)
2019-09-12 11:56:47,590 [pool-71-thread-1] INFO  segmented.SegmentedRaftLogWorker (SegmentedRaftLogWorker.java:lambda$new$0(132)) - 17edbb89-a050-42dd-b919-a8669dd0769f-SegmentedRaftLogWorker:Storage Directory /workdir/hadoop-ozone/tools/target/test-dir/MiniOzoneClusterImpl-659e2a06-c254-4d33-90f4-66e0a49906bb/datanode-4/data/ratis/73399c3e-e5e3-4da6-b29a-a68e4386eea3: flushIndex: setUnconditionally 0 -> -1
2019-09-12 11:56:47,590 [pool-71-thread-1] INFO  server.RaftServerConfigKeys (ConfUtils.java:logGet(43)) - raft.server.snapshot.auto.trigger.enabled = true (custom)
2019-09-12 11:56:47,591 [pool-71-thread-1] INFO  server.RaftServerConfigKeys (ConfUtils.java:logGet(43)) - raft.server.snapshot.auto.trigger.threshold = 10000 (custom)
2019-09-12 11:56:47,591 [pool-71-thread-1] INFO  server.RaftServerConfigKeys (ConfUtils.java:logGet(43)) - raft.server.retrycache.expirytime = 600000ms (custom)
2019-09-12 11:56:47,591 [pool-71-thread-1] INFO  impl.RaftServerImpl (RaftServerImpl.java:start(180)) - 17edbb89-a050-42dd-b919-a8669dd0769f: start group-A68E4386EEA3
2019-09-12 11:56:47,591 [pool-71-thread-1] INFO  impl.RaftServerImpl (RaftServerImpl.java:setRole(171)) - 17edbb89-a050-42dd-b919-a8669dd0769f:group-A68E4386EEA3 changes role from null to FOLLOWER at term 0 for startAsFollower
2019-09-12 11:56:47,592 [pool-71-thread-1] INFO  impl.RoleInfo (RoleInfo.java:updateAndGet(143)) - 17edbb89-a050-42dd-b919-a8669dd0769f: start FollowerState
2019-09-12 11:56:47,592 [pool-71-thread-1] INFO  util.JmxRegister (JmxRegister.java:tryRegister(44)) - Successfully registered JMX Bean with object name Ratis:service=RaftServer,group=group-A68E4386EEA3,id=17edbb89-a050-42dd-b919-a8669dd0769f
2019-09-12 11:56:47,608 [RatisPipelineUtilsThread] INFO  pipeline.PipelineStateManager (PipelineStateManager.java:addPipeline(56)) - Created pipeline Pipeline[ Id: 73399c3e-e5e3-4da6-b29a-a68e4386eea3, Nodes: 17edbb89-a050-42dd-b919-a8669dd0769f{ip: 192.168.157.195, host: pr-hdds-1569-xtfnx-3545843844, networkLocation: /default-rack, certSerialId: null}, Type:RATIS, Factor:ONE, State:OPEN]
2019-09-12 11:56:47,625 [grpc-default-executor-0] INFO  impl.RaftServerProxy (RaftServerProxy.java:addNew(89)) - 17f5de45-d006-42d4-a442-b3531657861f: addNew group-DAC23DA465E1:[17f5de45-d006-42d4-a442-b3531657861f:192.168.157.195:40760] returns group-DAC23DA465E1:java.util.concurrent.CompletableFuture@15aa50b7[Not completed]
2019-09-12 11:56:47,627 [pool-38-thread-1] INFO  impl.RaftServerImpl (RaftServerImpl.java:<init>(93)) - 17f5de45-d006-42d4-a442-b3531657861f: new RaftServerImpl for group-DAC23DA465E1:[17f5de45-d006-42d4-a442-b3531657861f:192.168.157.195:40760] with ContainerStateMachine:uninitialized
2019-09-12 11:56:47,627 [pool-38-thread-1] INFO  server.RaftServerConfigKeys (ConfUtils.java:logGet(43)) - raft.server.rpc.timeout.min = 5s (custom)
2019-09-12 11:56:47,627 [pool-38-thread-1] INFO  server.RaftServerConfigKeys (ConfUtils.java:logGet(43)) - raft.server.rpc.timeout.max = 5200ms (custom)
2019-09-12 11:56:47,628 [pool-38-thread-1] INFO  server.RaftServerConfigKeys (ConfUtils.java:logGet(43)) - raft.server.rpcslowness.timeout = 120s (custom)
2019-09-12 11:56:47,628 [pool-38-thread-1] INFO  server.RaftServerConfigKeys (ConfUtils.java:logGet(43)) - raft.server.sleep.deviation.threshold = 300 (default)
2019-09-12 11:56:47,628 [pool-38-thread-1] INFO  server.RaftServerConfigKeys (ConfUtils.java:logGet(43)) - raft.server.log.appender.install.snapshot.enabled = false (custom)
2019-09-12 11:56:47,628 [pool-38-thread-1] INFO  impl.RaftServerImpl (ServerState.java:<init>(105)) - 17f5de45-d006-42d4-a442-b3531657861f:group-DAC23DA465E1 ConfigurationManager, init=-1: [17f5de45-d006-42d4-a442-b3531657861f:192.168.157.195:40760], old=null, confs=<EMPTY_MAP>
2019-09-12 11:56:47,628 [pool-38-thread-1] INFO  server.RaftServerConfigKeys (ConfUtils.java:logGet(43)) - raft.server.storage.dir = [/workdir/hadoop-ozone/tools/target/test-dir/MiniOzoneClusterImpl-659e2a06-c254-4d33-90f4-66e0a49906bb/datanode-1/data/ratis] (custom)
2019-09-12 11:56:47,629 [pool-38-thread-1] INFO  storage.RaftStorageDirectory (RaftStorageDirectory.java:analyzeStorage(246)) - The storage directory /workdir/hadoop-ozone/tools/target/test-dir/MiniOzoneClusterImpl-659e2a06-c254-4d33-90f4-66e0a49906bb/datanode-1/data/ratis/38676da2-b424-46a6-9bef-dac23da465e1 does not exist. Creating ...
2019-09-12 11:56:47,642 [pool-38-thread-1] INFO  storage.RaftStorageDirectory (RaftStorageDirectory.java:tryLock(328)) - Lock on /workdir/hadoop-ozone/tools/target/test-dir/MiniOzoneClusterImpl-659e2a06-c254-4d33-90f4-66e0a49906bb/datanode-1/data/ratis/38676da2-b424-46a6-9bef-dac23da465e1/in_use.lock acquired by nodename 21463@pr-hdds-1569-xtfnx-3545843844
2019-09-12 11:56:47,655 [pool-38-thread-1] INFO  storage.RaftStorage (RaftStorage.java:format(72)) - Storage directory /workdir/hadoop-ozone/tools/target/test-dir/MiniOzoneClusterImpl-659e2a06-c254-4d33-90f4-66e0a49906bb/datanode-1/data/ratis/38676da2-b424-46a6-9bef-dac23da465e1 has been successfully formatted.
2019-09-12 11:56:47,655 [pool-38-thread-1] INFO  ratis.ContainerStateMachine (ContainerStateMachine.java:loadSnapshot(226)) - group-DAC23DA465E1: The snapshot info is null. Setting the last applied indexto:(t:0, i:~)
2019-09-12 11:56:47,655 [pool-38-thread-1] INFO  server.RaftServerConfigKeys (ConfUtils.java:logGet(43)) - raft.server.leader.election.timeout = 120s (custom)
2019-09-12 11:56:47,655 [pool-38-thread-1] INFO  server.RaftServerConfigKeys (ConfUtils.java:logGet(43)) - raft.server.log.use.memory = false (default)
2019-09-12 11:56:47,656 [pool-38-thread-1] INFO  server.RaftServerConfigKeys (ConfUtils.java:logGet(43)) - raft.server.log.purge.gap = 1000000 (custom)
2019-09-12 11:56:47,656 [pool-38-thread-1] INFO  server.RaftServerConfigKeys (ConfUtils.java:logGet(43)) - raft.server.log.appender.buffer.byte-limit = 33554432 (custom)
2019-09-12 11:56:47,656 [pool-38-thread-1] INFO  server.RaftServerConfigKeys (ConfUtils.java:logGet(43)) - raft.server.log.segment.size.max = 1048576 (custom)
2019-09-12 11:56:47,656 [pool-38-thread-1] INFO  server.RaftServerConfigKeys (ConfUtils.java:logGet(43)) - raft.server.log.segment.cache.num.max = 2 (custom)
2019-09-12 11:56:47,657 [pool-38-thread-1] INFO  segmented.SegmentedRaftLogWorker (SegmentedRaftLogWorker.java:<init>(172)) - new 17f5de45-d006-42d4-a442-b3531657861f-SegmentedRaftLogWorker:Storage Directory /workdir/hadoop-ozone/tools/target/test-dir/MiniOzoneClusterImpl-659e2a06-c254-4d33-90f4-66e0a49906bb/datanode-1/data/ratis/38676da2-b424-46a6-9bef-dac23da465e1 for RaftStorage:Storage Directory /workdir/hadoop-ozone/tools/target/test-dir/MiniOzoneClusterImpl-659e2a06-c254-4d33-90f4-66e0a49906bb/datanode-1/data/ratis/38676da2-b424-46a6-9bef-dac23da465e1
2019-09-12 11:56:47,657 [pool-38-thread-1] INFO  server.RaftServerConfigKeys (ConfUtils.java:logGet(43)) - raft.server.log.queue.byte-limit = 2147483647 (custom)
2019-09-12 11:56:47,657 [pool-38-thread-1] INFO  server.RaftServerConfigKeys (ConfUtils.java:logGet(43)) - raft.server.log.queue.element-limit = 1024 (custom)
2019-09-12 11:56:47,658 [pool-38-thread-1] INFO  server.RaftServerConfigKeys (ConfUtils.java:logGet(43)) - raft.server.log.segment.size.max = 1048576 (custom)
2019-09-12 11:56:47,658 [pool-38-thread-1] INFO  server.RaftServerConfigKeys (ConfUtils.java:logGet(43)) - raft.server.log.preallocated.size = 16384 (custom)
2019-09-12 11:56:47,658 [pool-38-thread-1] INFO  server.RaftServerConfigKeys (ConfUtils.java:logGet(43)) - raft.server.log.write.buffer.size = 33554432 (custom)
2019-09-12 11:56:47,658 [pool-38-thread-1] INFO  server.RaftServerConfigKeys (ConfUtils.java:logGet(43)) - raft.server.log.force.sync.num = 128 (default)
2019-09-12 11:56:47,658 [pool-38-thread-1] INFO  server.RaftServerConfigKeys (ConfUtils.java:logGet(43)) - raft.server.log.statemachine.data.sync = true (default)
2019-09-12 11:56:47,659 [pool-38-thread-1] INFO  server.RaftServerConfigKeys (ConfUtils.java:logGet(43)) - raft.server.log.statemachine.data.sync.timeout = 10s (default)
2019-09-12 11:56:47,659 [pool-38-thread-1] INFO  server.RaftServerConfigKeys (ConfUtils.java:logGet(43)) - raft.server.log.statemachine.data.sync.timeout.retry = -1 (default)
2019-09-12 11:56:47,659 [pool-38-thread-1] INFO  server.RaftServerConfigKeys (ConfUtils.java:logGet(43)) - raft.server.log.statemachine.data.caching.enabled = true (custom)
2019-09-12 11:56:47,660 [pool-38-thread-1] INFO  segmented.SegmentedRaftLogWorker (SegmentedRaftLogWorker.java:lambda$new$0(132)) - 17f5de45-d006-42d4-a442-b3531657861f-SegmentedRaftLogWorker:Storage Directory /workdir/hadoop-ozone/tools/target/test-dir/MiniOzoneClusterImpl-659e2a06-c254-4d33-90f4-66e0a49906bb/datanode-1/data/ratis/38676da2-b424-46a6-9bef-dac23da465e1: flushIndex: setUnconditionally 0 -> -1
2019-09-12 11:56:47,660 [pool-38-thread-1] INFO  server.RaftServerConfigKeys (ConfUtils.java:logGet(43)) - raft.server.snapshot.auto.trigger.enabled = true (custom)
2019-09-12 11:56:47,660 [pool-38-thread-1] INFO  server.RaftServerConfigKeys (ConfUtils.java:logGet(43)) - raft.server.snapshot.auto.trigger.threshold = 10000 (custom)
2019-09-12 11:56:47,661 [pool-38-thread-1] INFO  server.RaftServerConfigKeys (ConfUtils.java:logGet(43)) - raft.server.retrycache.expirytime = 600000ms (custom)
2019-09-12 11:56:47,661 [pool-38-thread-1] INFO  impl.RaftServerImpl (RaftServerImpl.java:start(180)) - 17f5de45-d006-42d4-a442-b3531657861f: start group-DAC23DA465E1
2019-09-12 11:56:47,661 [pool-38-thread-1] INFO  impl.RaftServerImpl (RaftServerImpl.java:setRole(171)) - 17f5de45-d006-42d4-a442-b3531657861f:group-DAC23DA465E1 changes role from null to FOLLOWER at term 0 for startAsFollower
2019-09-12 11:56:47,662 [pool-38-thread-1] INFO  impl.RoleInfo (RoleInfo.java:updateAndGet(143)) - 17f5de45-d006-42d4-a442-b3531657861f: start FollowerState
2019-09-12 11:56:47,662 [pool-38-thread-1] INFO  util.JmxRegister (JmxRegister.java:tryRegister(44)) - Successfully registered JMX Bean with object name Ratis:service=RaftServer,group=group-DAC23DA465E1,id=17f5de45-d006-42d4-a442-b3531657861f
2019-09-12 11:56:47,672 [RatisPipelineUtilsThread] INFO  pipeline.PipelineStateManager (PipelineStateManager.java:addPipeline(56)) - Created pipeline Pipeline[ Id: 38676da2-b424-46a6-9bef-dac23da465e1, Nodes: 17f5de45-d006-42d4-a442-b3531657861f{ip: 192.168.157.195, host: pr-hdds-1569-xtfnx-3545843844, networkLocation: /default-rack, certSerialId: null}, Type:RATIS, Factor:ONE, State:OPEN]
2019-09-12 11:56:47,687 [grpc-default-executor-0] INFO  impl.RaftServerProxy (RaftServerProxy.java:addNew(89)) - 17f5de45-d006-42d4-a442-b3531657861f: addNew group-3FD788E44EB3:[17f5de45-d006-42d4-a442-b3531657861f:192.168.157.195:40760] returns group-3FD788E44EB3:java.util.concurrent.CompletableFuture@2a51e011[Not completed]
2019-09-12 11:56:47,690 [pool-38-thread-1] INFO  impl.RaftServerImpl (RaftServerImpl.java:<init>(93)) - 17f5de45-d006-42d4-a442-b3531657861f: new RaftServerImpl for group-3FD788E44EB3:[17f5de45-d006-42d4-a442-b3531657861f:192.168.157.195:40760] with ContainerStateMachine:uninitialized
2019-09-12 11:56:47,690 [pool-38-thread-1] INFO  server.RaftServerConfigKeys (ConfUtils.java:logGet(43)) - raft.server.rpc.timeout.min = 5s (custom)
2019-09-12 11:56:47,690 [pool-38-thread-1] INFO  server.RaftServerConfigKeys (ConfUtils.java:logGet(43)) - raft.server.rpc.timeout.max = 5200ms (custom)
2019-09-12 11:56:47,691 [pool-38-thread-1] INFO  server.RaftServerConfigKeys (ConfUtils.java:logGet(43)) - raft.server.rpcslowness.timeout = 120s (custom)
2019-09-12 11:56:47,691 [pool-38-thread-1] INFO  server.RaftServerConfigKeys (ConfUtils.java:logGet(43)) - raft.server.sleep.deviation.threshold = 300 (default)
2019-09-12 11:56:47,691 [pool-38-thread-1] INFO  server.RaftServerConfigKeys (ConfUtils.java:logGet(43)) - raft.server.log.appender.install.snapshot.enabled = false (custom)
2019-09-12 11:56:47,691 [pool-38-thread-1] INFO  impl.RaftServerImpl (ServerState.java:<init>(105)) - 17f5de45-d006-42d4-a442-b3531657861f:group-3FD788E44EB3 ConfigurationManager, init=-1: [17f5de45-d006-42d4-a442-b3531657861f:192.168.157.195:40760], old=null, confs=<EMPTY_MAP>
2019-09-12 11:56:47,692 [pool-38-thread-1] INFO  server.RaftServerConfigKeys (ConfUtils.java:logGet(43)) - raft.server.storage.dir = [/workdir/hadoop-ozone/tools/target/test-dir/MiniOzoneClusterImpl-659e2a06-c254-4d33-90f4-66e0a49906bb/datanode-1/data/ratis] (custom)
2019-09-12 11:56:47,692 [pool-38-thread-1] INFO  storage.RaftStorageDirectory (RaftStorageDirectory.java:analyzeStorage(246)) - The storage directory /workdir/hadoop-ozone/tools/target/test-dir/MiniOzoneClusterImpl-659e2a06-c254-4d33-90f4-66e0a49906bb/datanode-1/data/ratis/84a69a40-e8c9-4052-8aa4-3fd788e44eb3 does not exist. Creating ...
2019-09-12 11:56:47,704 [pool-38-thread-1] INFO  storage.RaftStorageDirectory (RaftStorageDirectory.java:tryLock(328)) - Lock on /workdir/hadoop-ozone/tools/target/test-dir/MiniOzoneClusterImpl-659e2a06-c254-4d33-90f4-66e0a49906bb/datanode-1/data/ratis/84a69a40-e8c9-4052-8aa4-3fd788e44eb3/in_use.lock acquired by nodename 21463@pr-hdds-1569-xtfnx-3545843844
2019-09-12 11:56:47,730 [pool-38-thread-1] INFO  storage.RaftStorage (RaftStorage.java:format(72)) - Storage directory /workdir/hadoop-ozone/tools/target/test-dir/MiniOzoneClusterImpl-659e2a06-c254-4d33-90f4-66e0a49906bb/datanode-1/data/ratis/84a69a40-e8c9-4052-8aa4-3fd788e44eb3 has been successfully formatted.
2019-09-12 11:56:47,731 [pool-38-thread-1] INFO  ratis.ContainerStateMachine (ContainerStateMachine.java:loadSnapshot(226)) - group-3FD788E44EB3: The snapshot info is null. Setting the last applied indexto:(t:0, i:~)
2019-09-12 11:56:47,731 [pool-38-thread-1] INFO  server.RaftServerConfigKeys (ConfUtils.java:logGet(43)) - raft.server.leader.election.timeout = 120s (custom)
2019-09-12 11:56:47,731 [pool-38-thread-1] INFO  server.RaftServerConfigKeys (ConfUtils.java:logGet(43)) - raft.server.log.use.memory = false (default)
2019-09-12 11:56:47,731 [pool-38-thread-1] INFO  server.RaftServerConfigKeys (ConfUtils.java:logGet(43)) - raft.server.log.purge.gap = 1000000 (custom)
2019-09-12 11:56:47,732 [pool-38-thread-1] INFO  server.RaftServerConfigKeys (ConfUtils.java:logGet(43)) - raft.server.log.appender.buffer.byte-limit = 33554432 (custom)
2019-09-12 11:56:47,732 [pool-38-thread-1] INFO  server.RaftServerConfigKeys (ConfUtils.java:logGet(43)) - raft.server.log.segment.size.max = 1048576 (custom)
2019-09-12 11:56:47,732 [pool-38-thread-1] INFO  server.RaftServerConfigKeys (ConfUtils.java:logGet(43)) - raft.server.log.segment.cache.num.max = 2 (custom)
2019-09-12 11:56:47,732 [pool-38-thread-1] INFO  segmented.SegmentedRaftLogWorker (SegmentedRaftLogWorker.java:<init>(172)) - new 17f5de45-d006-42d4-a442-b3531657861f-SegmentedRaftLogWorker:Storage Directory /workdir/hadoop-ozone/tools/target/test-dir/MiniOzoneClusterImpl-659e2a06-c254-4d33-90f4-66e0a49906bb/datanode-1/data/ratis/84a69a40-e8c9-4052-8aa4-3fd788e44eb3 for RaftStorage:Storage Directory /workdir/hadoop-ozone/tools/target/test-dir/MiniOzoneClusterImpl-659e2a06-c254-4d33-90f4-66e0a49906bb/datanode-1/data/ratis/84a69a40-e8c9-4052-8aa4-3fd788e44eb3
2019-09-12 11:56:47,732 [pool-38-thread-1] INFO  server.RaftServerConfigKeys (ConfUtils.java:logGet(43)) - raft.server.log.queue.byte-limit = 2147483647 (custom)
2019-09-12 11:56:47,733 [pool-38-thread-1] INFO  server.RaftServerConfigKeys (ConfUtils.java:logGet(43)) - raft.server.log.queue.element-limit = 1024 (custom)
2019-09-12 11:56:47,733 [pool-38-thread-1] INFO  server.RaftServerConfigKeys (ConfUtils.java:logGet(43)) - raft.server.log.segment.size.max = 1048576 (custom)
2019-09-12 11:56:47,733 [pool-38-thread-1] INFO  server.RaftServerConfigKeys (ConfUtils.java:logGet(43)) - raft.server.log.preallocated.size = 16384 (custom)
2019-09-12 11:56:47,733 [pool-38-thread-1] INFO  server.RaftServerConfigKeys (ConfUtils.java:logGet(43)) - raft.server.log.write.buffer.size = 33554432 (custom)
2019-09-12 11:56:47,733 [pool-38-thread-1] INFO  server.RaftServerConfigKeys (ConfUtils.java:logGet(43)) - raft.server.log.force.sync.num = 128 (default)
2019-09-12 11:56:47,733 [pool-38-thread-1] INFO  server.RaftServerConfigKeys (ConfUtils.java:logGet(43)) - raft.server.log.statemachine.data.sync = true (default)
2019-09-12 11:56:47,734 [pool-38-thread-1] INFO  server.RaftServerConfigKeys (ConfUtils.java:logGet(43)) - raft.server.log.statemachine.data.sync.timeout = 10s (default)
2019-09-12 11:56:47,734 [pool-38-thread-1] INFO  server.RaftServerConfigKeys (ConfUtils.java:logGet(43)) - raft.server.log.statemachine.data.sync.timeout.retry = -1 (default)
2019-09-12 11:56:47,734 [pool-38-thread-1] INFO  server.RaftServerConfigKeys (ConfUtils.java:logGet(43)) - raft.server.log.statemachine.data.caching.enabled = true (custom)
2019-09-12 11:56:47,735 [pool-38-thread-1] INFO  segmented.SegmentedRaftLogWorker (SegmentedRaftLogWorker.java:lambda$new$0(132)) - 17f5de45-d006-42d4-a442-b3531657861f-SegmentedRaftLogWorker:Storage Directory /workdir/hadoop-ozone/tools/target/test-dir/MiniOzoneClusterImpl-659e2a06-c254-4d33-90f4-66e0a49906bb/datanode-1/data/ratis/84a69a40-e8c9-4052-8aa4-3fd788e44eb3: flushIndex: setUnconditionally 0 -> -1
2019-09-12 11:56:47,735 [pool-38-thread-1] INFO  server.RaftServerConfigKeys (ConfUtils.java:logGet(43)) - raft.server.snapshot.auto.trigger.enabled = true (custom)
2019-09-12 11:56:47,735 [pool-38-thread-1] INFO  server.RaftServerConfigKeys (ConfUtils.java:logGet(43)) - raft.server.snapshot.auto.trigger.threshold = 10000 (custom)
2019-09-12 11:56:47,736 [pool-38-thread-1] INFO  server.RaftServerConfigKeys (ConfUtils.java:logGet(43)) - raft.server.retrycache.expirytime = 600000ms (custom)
2019-09-12 11:56:47,736 [pool-38-thread-1] INFO  impl.RaftServerImpl (RaftServerImpl.java:start(180)) - 17f5de45-d006-42d4-a442-b3531657861f: start group-3FD788E44EB3
2019-09-12 11:56:47,736 [pool-38-thread-1] INFO  impl.RaftServerImpl (RaftServerImpl.java:setRole(171)) - 17f5de45-d006-42d4-a442-b3531657861f:group-3FD788E44EB3 changes role from null to FOLLOWER at term 0 for startAsFollower
2019-09-12 11:56:47,736 [pool-38-thread-1] INFO  impl.RoleInfo (RoleInfo.java:updateAndGet(143)) - 17f5de45-d006-42d4-a442-b3531657861f: start FollowerState
2019-09-12 11:56:47,737 [pool-38-thread-1] INFO  util.JmxRegister (JmxRegister.java:tryRegister(44)) - Successfully registered JMX Bean with object name Ratis:service=RaftServer,group=group-3FD788E44EB3,id=17f5de45-d006-42d4-a442-b3531657861f
2019-09-12 11:56:47,748 [main] INFO  ozone.MiniOzoneClusterImpl (MiniOzoneClusterImpl.java:lambda$waitForClusterToBeReady$0(142)) - Cluster is ready. Got 5 of 5 DN Heartbeats.
2019-09-12 11:56:47,749 [RatisPipelineUtilsThread] INFO  pipeline.PipelineStateManager (PipelineStateManager.java:addPipeline(56)) - Created pipeline Pipeline[ Id: 84a69a40-e8c9-4052-8aa4-3fd788e44eb3, Nodes: 17f5de45-d006-42d4-a442-b3531657861f{ip: 192.168.157.195, host: pr-hdds-1569-xtfnx-3545843844, networkLocation: /default-rack, certSerialId: null}, Type:RATIS, Factor:ONE, State:OPEN]
2019-09-12 11:56:47,765 [grpc-default-executor-0] INFO  impl.RaftServerProxy (RaftServerProxy.java:addNew(89)) - 17edbb89-a050-42dd-b919-a8669dd0769f: addNew group-AF7868FF3BE3:[17edbb89-a050-42dd-b919-a8669dd0769f:192.168.157.195:37678] returns group-AF7868FF3BE3:java.util.concurrent.CompletableFuture@4cb13869[Not completed]
2019-09-12 11:56:47,767 [pool-71-thread-1] INFO  impl.RaftServerImpl (RaftServerImpl.java:<init>(93)) - 17edbb89-a050-42dd-b919-a8669dd0769f: new RaftServerImpl for group-AF7868FF3BE3:[17edbb89-a050-42dd-b919-a8669dd0769f:192.168.157.195:37678] with ContainerStateMachine:uninitialized
2019-09-12 11:56:47,768 [pool-71-thread-1] INFO  server.RaftServerConfigKeys (ConfUtils.java:logGet(43)) - raft.server.rpc.timeout.min = 5s (custom)
2019-09-12 11:56:47,768 [pool-71-thread-1] INFO  server.RaftServerConfigKeys (ConfUtils.java:logGet(43)) - raft.server.rpc.timeout.max = 5200ms (custom)
2019-09-12 11:56:47,768 [pool-71-thread-1] INFO  server.RaftServerConfigKeys (ConfUtils.java:logGet(43)) - raft.server.rpcslowness.timeout = 120s (custom)
2019-09-12 11:56:47,768 [pool-71-thread-1] INFO  server.RaftServerConfigKeys (ConfUtils.java:logGet(43)) - raft.server.sleep.deviation.threshold = 300 (default)
2019-09-12 11:56:47,768 [pool-71-thread-1] INFO  server.RaftServerConfigKeys (ConfUtils.java:logGet(43)) - raft.server.log.appender.install.snapshot.enabled = false (custom)
2019-09-12 11:56:47,768 [pool-71-thread-1] INFO  impl.RaftServerImpl (ServerState.java:<init>(105)) - 17edbb89-a050-42dd-b919-a8669dd0769f:group-AF7868FF3BE3 ConfigurationManager, init=-1: [17edbb89-a050-42dd-b919-a8669dd0769f:192.168.157.195:37678], old=null, confs=<EMPTY_MAP>
2019-09-12 11:56:47,769 [pool-71-thread-1] INFO  server.RaftServerConfigKeys (ConfUtils.java:logGet(43)) - raft.server.storage.dir = [/workdir/hadoop-ozone/tools/target/test-dir/MiniOzoneClusterImpl-659e2a06-c254-4d33-90f4-66e0a49906bb/datanode-4/data/ratis] (custom)
2019-09-12 11:56:47,769 [pool-71-thread-1] INFO  storage.RaftStorageDirectory (RaftStorageDirectory.java:analyzeStorage(246)) - The storage directory /workdir/hadoop-ozone/tools/target/test-dir/MiniOzoneClusterImpl-659e2a06-c254-4d33-90f4-66e0a49906bb/datanode-4/data/ratis/6c0a6132-19f0-4379-9146-af7868ff3be3 does not exist. Creating ...
2019-09-12 11:56:47,782 [pool-71-thread-1] INFO  storage.RaftStorageDirectory (RaftStorageDirectory.java:tryLock(328)) - Lock on /workdir/hadoop-ozone/tools/target/test-dir/MiniOzoneClusterImpl-659e2a06-c254-4d33-90f4-66e0a49906bb/datanode-4/data/ratis/6c0a6132-19f0-4379-9146-af7868ff3be3/in_use.lock acquired by nodename 21463@pr-hdds-1569-xtfnx-3545843844
2019-09-12 11:56:47,795 [pool-71-thread-1] INFO  storage.RaftStorage (RaftStorage.java:format(72)) - Storage directory /workdir/hadoop-ozone/tools/target/test-dir/MiniOzoneClusterImpl-659e2a06-c254-4d33-90f4-66e0a49906bb/datanode-4/data/ratis/6c0a6132-19f0-4379-9146-af7868ff3be3 has been successfully formatted.
2019-09-12 11:56:47,795 [pool-71-thread-1] INFO  ratis.ContainerStateMachine (ContainerStateMachine.java:loadSnapshot(226)) - group-AF7868FF3BE3: The snapshot info is null. Setting the last applied indexto:(t:0, i:~)
2019-09-12 11:56:47,795 [pool-71-thread-1] INFO  server.RaftServerConfigKeys (ConfUtils.java:logGet(43)) - raft.server.leader.election.timeout = 120s (custom)
2019-09-12 11:56:47,796 | INFO  | SCMAudit | user=jenkins1000 | ip=192.168.157.195 | op=SEND_HEARTBEAT {datanodeUUID=f8fc3649-0cfb-44b5-b2db-665c617086f3, command=[]} | ret=SUCCESS |  
2019-09-12 11:56:47,796 [pool-71-thread-1] INFO  server.RaftServerConfigKeys (ConfUtils.java:logGet(43)) - raft.server.log.use.memory = false (default)
2019-09-12 11:56:47,796 [pool-71-thread-1] INFO  server.RaftServerConfigKeys (ConfUtils.java:logGet(43)) - raft.server.log.purge.gap = 1000000 (custom)
2019-09-12 11:56:47,796 [pool-71-thread-1] INFO  server.RaftServerConfigKeys (ConfUtils.java:logGet(43)) - raft.server.log.appender.buffer.byte-limit = 33554432 (custom)
2019-09-12 11:56:47,796 [pool-71-thread-1] INFO  server.RaftServerConfigKeys (ConfUtils.java:logGet(43)) - raft.server.log.segment.size.max = 1048576 (custom)
2019-09-12 11:56:47,797 [pool-71-thread-1] INFO  server.RaftServerConfigKeys (ConfUtils.java:logGet(43)) - raft.server.log.segment.cache.num.max = 2 (custom)
2019-09-12 11:56:47,797 [pool-71-thread-1] INFO  segmented.SegmentedRaftLogWorker (SegmentedRaftLogWorker.java:<init>(172)) - new 17edbb89-a050-42dd-b919-a8669dd0769f-SegmentedRaftLogWorker:Storage Directory /workdir/hadoop-ozone/tools/target/test-dir/MiniOzoneClusterImpl-659e2a06-c254-4d33-90f4-66e0a49906bb/datanode-4/data/ratis/6c0a6132-19f0-4379-9146-af7868ff3be3 for RaftStorage:Storage Directory /workdir/hadoop-ozone/tools/target/test-dir/MiniOzoneClusterImpl-659e2a06-c254-4d33-90f4-66e0a49906bb/datanode-4/data/ratis/6c0a6132-19f0-4379-9146-af7868ff3be3
2019-09-12 11:56:47,797 [pool-71-thread-1] INFO  server.RaftServerConfigKeys (ConfUtils.java:logGet(43)) - raft.server.log.queue.byte-limit = 2147483647 (custom)
2019-09-12 11:56:47,797 [pool-71-thread-1] INFO  server.RaftServerConfigKeys (ConfUtils.java:logGet(43)) - raft.server.log.queue.element-limit = 1024 (custom)
2019-09-12 11:56:47,797 [pool-71-thread-1] INFO  server.RaftServerConfigKeys (ConfUtils.java:logGet(43)) - raft.server.log.segment.size.max = 1048576 (custom)
2019-09-12 11:56:47,798 [pool-71-thread-1] INFO  server.RaftServerConfigKeys (ConfUtils.java:logGet(43)) - raft.server.log.preallocated.size = 16384 (custom)
2019-09-12 11:56:47,798 [pool-71-thread-1] INFO  server.RaftServerConfigKeys (ConfUtils.java:logGet(43)) - raft.server.log.write.buffer.size = 33554432 (custom)
2019-09-12 11:56:47,798 [pool-71-thread-1] INFO  server.RaftServerConfigKeys (ConfUtils.java:logGet(43)) - raft.server.log.force.sync.num = 128 (default)
2019-09-12 11:56:47,798 [pool-71-thread-1] INFO  server.RaftServerConfigKeys (ConfUtils.java:logGet(43)) - raft.server.log.statemachine.data.sync = true (default)
2019-09-12 11:56:47,798 [pool-71-thread-1] INFO  server.RaftServerConfigKeys (ConfUtils.java:logGet(43)) - raft.server.log.statemachine.data.sync.timeout = 10s (default)
2019-09-12 11:56:47,798 [pool-71-thread-1] INFO  server.RaftServerConfigKeys (ConfUtils.java:logGet(43)) - raft.server.log.statemachine.data.sync.timeout.retry = -1 (default)
2019-09-12 11:56:47,799 [pool-71-thread-1] INFO  server.RaftServerConfigKeys (ConfUtils.java:logGet(43)) - raft.server.log.statemachine.data.caching.enabled = true (custom)
2019-09-12 11:56:47,799 [pool-71-thread-1] INFO  segmented.SegmentedRaftLogWorker (SegmentedRaftLogWorker.java:lambda$new$0(132)) - 17edbb89-a050-42dd-b919-a8669dd0769f-SegmentedRaftLogWorker:Storage Directory /workdir/hadoop-ozone/tools/target/test-dir/MiniOzoneClusterImpl-659e2a06-c254-4d33-90f4-66e0a49906bb/datanode-4/data/ratis/6c0a6132-19f0-4379-9146-af7868ff3be3: flushIndex: setUnconditionally 0 -> -1
2019-09-12 11:56:47,800 [pool-71-thread-1] INFO  server.RaftServerConfigKeys (ConfUtils.java:logGet(43)) - raft.server.snapshot.auto.trigger.enabled = true (custom)
2019-09-12 11:56:47,800 [pool-71-thread-1] INFO  server.RaftServerConfigKeys (ConfUtils.java:logGet(43)) - raft.server.snapshot.auto.trigger.threshold = 10000 (custom)
2019-09-12 11:56:47,800 [pool-71-thread-1] INFO  server.RaftServerConfigKeys (ConfUtils.java:logGet(43)) - raft.server.retrycache.expirytime = 600000ms (custom)
2019-09-12 11:56:47,800 [pool-71-thread-1] INFO  impl.RaftServerImpl (RaftServerImpl.java:start(180)) - 17edbb89-a050-42dd-b919-a8669dd0769f: start group-AF7868FF3BE3
2019-09-12 11:56:47,801 [pool-71-thread-1] INFO  impl.RaftServerImpl (RaftServerImpl.java:setRole(171)) - 17edbb89-a050-42dd-b919-a8669dd0769f:group-AF7868FF3BE3 changes role from null to FOLLOWER at term 0 for startAsFollower
2019-09-12 11:56:47,801 [pool-71-thread-1] INFO  impl.RoleInfo (RoleInfo.java:updateAndGet(143)) - 17edbb89-a050-42dd-b919-a8669dd0769f: start FollowerState
2019-09-12 11:56:47,801 [pool-71-thread-1] INFO  util.JmxRegister (JmxRegister.java:tryRegister(44)) - Successfully registered JMX Bean with object name Ratis:service=RaftServer,group=group-AF7868FF3BE3,id=17edbb89-a050-42dd-b919-a8669dd0769f
2019-09-12 11:56:47,811 [RatisPipelineUtilsThread] INFO  pipeline.PipelineStateManager (PipelineStateManager.java:addPipeline(56)) - Created pipeline Pipeline[ Id: 6c0a6132-19f0-4379-9146-af7868ff3be3, Nodes: 17edbb89-a050-42dd-b919-a8669dd0769f{ip: 192.168.157.195, host: pr-hdds-1569-xtfnx-3545843844, networkLocation: /default-rack, certSerialId: null}, Type:RATIS, Factor:ONE, State:OPEN]
2019-09-12 11:56:47,839 [grpc-default-executor-0] INFO  impl.RaftServerProxy (RaftServerProxy.java:addNew(89)) - 7c1edd01-6b93-44c9-a455-1bd851e1af30: addNew group-1C70E6E08D12:[7c1edd01-6b93-44c9-a455-1bd851e1af30:192.168.157.195:43783] returns group-1C70E6E08D12:java.util.concurrent.CompletableFuture@53b26d53[Not completed]
2019-09-12 11:56:47,841 [pool-49-thread-1] INFO  impl.RaftServerImpl (RaftServerImpl.java:<init>(93)) - 7c1edd01-6b93-44c9-a455-1bd851e1af30: new RaftServerImpl for group-1C70E6E08D12:[7c1edd01-6b93-44c9-a455-1bd851e1af30:192.168.157.195:43783] with ContainerStateMachine:uninitialized
2019-09-12 11:56:47,841 [pool-49-thread-1] INFO  server.RaftServerConfigKeys (ConfUtils.java:logGet(43)) - raft.server.rpc.timeout.min = 5s (custom)
2019-09-12 11:56:47,842 [pool-49-thread-1] INFO  server.RaftServerConfigKeys (ConfUtils.java:logGet(43)) - raft.server.rpc.timeout.max = 5200ms (custom)
2019-09-12 11:56:47,842 [pool-49-thread-1] INFO  server.RaftServerConfigKeys (ConfUtils.java:logGet(43)) - raft.server.rpcslowness.timeout = 120s (custom)
2019-09-12 11:56:47,842 [pool-49-thread-1] INFO  server.RaftServerConfigKeys (ConfUtils.java:logGet(43)) - raft.server.sleep.deviation.threshold = 300 (default)
2019-09-12 11:56:47,842 [pool-49-thread-1] INFO  server.RaftServerConfigKeys (ConfUtils.java:logGet(43)) - raft.server.log.appender.install.snapshot.enabled = false (custom)
2019-09-12 11:56:47,842 [pool-49-thread-1] INFO  impl.RaftServerImpl (ServerState.java:<init>(105)) - 7c1edd01-6b93-44c9-a455-1bd851e1af30:group-1C70E6E08D12 ConfigurationManager, init=-1: [7c1edd01-6b93-44c9-a455-1bd851e1af30:192.168.157.195:43783], old=null, confs=<EMPTY_MAP>
2019-09-12 11:56:47,842 [pool-49-thread-1] INFO  server.RaftServerConfigKeys (ConfUtils.java:logGet(43)) - raft.server.storage.dir = [/workdir/hadoop-ozone/tools/target/test-dir/MiniOzoneClusterImpl-659e2a06-c254-4d33-90f4-66e0a49906bb/datanode-2/data/ratis] (custom)
2019-09-12 11:56:47,843 [pool-49-thread-1] INFO  storage.RaftStorageDirectory (RaftStorageDirectory.java:analyzeStorage(246)) - The storage directory /workdir/hadoop-ozone/tools/target/test-dir/MiniOzoneClusterImpl-659e2a06-c254-4d33-90f4-66e0a49906bb/datanode-2/data/ratis/aafd0bf4-434f-49de-963e-1c70e6e08d12 does not exist. Creating ...
2019-09-12 11:56:47,855 [pool-49-thread-1] INFO  storage.RaftStorageDirectory (RaftStorageDirectory.java:tryLock(328)) - Lock on /workdir/hadoop-ozone/tools/target/test-dir/MiniOzoneClusterImpl-659e2a06-c254-4d33-90f4-66e0a49906bb/datanode-2/data/ratis/aafd0bf4-434f-49de-963e-1c70e6e08d12/in_use.lock acquired by nodename 21463@pr-hdds-1569-xtfnx-3545843844
2019-09-12 11:56:47,870 [pool-49-thread-1] INFO  storage.RaftStorage (RaftStorage.java:format(72)) - Storage directory /workdir/hadoop-ozone/tools/target/test-dir/MiniOzoneClusterImpl-659e2a06-c254-4d33-90f4-66e0a49906bb/datanode-2/data/ratis/aafd0bf4-434f-49de-963e-1c70e6e08d12 has been successfully formatted.
2019-09-12 11:56:47,870 [pool-49-thread-1] INFO  ratis.ContainerStateMachine (ContainerStateMachine.java:loadSnapshot(226)) - group-1C70E6E08D12: The snapshot info is null. Setting the last applied indexto:(t:0, i:~)
2019-09-12 11:56:47,871 [pool-49-thread-1] INFO  server.RaftServerConfigKeys (ConfUtils.java:logGet(43)) - raft.server.leader.election.timeout = 120s (custom)
2019-09-12 11:56:47,871 [pool-49-thread-1] INFO  server.RaftServerConfigKeys (ConfUtils.java:logGet(43)) - raft.server.log.use.memory = false (default)
2019-09-12 11:56:47,871 [pool-49-thread-1] INFO  server.RaftServerConfigKeys (ConfUtils.java:logGet(43)) - raft.server.log.purge.gap = 1000000 (custom)
2019-09-12 11:56:47,871 [pool-49-thread-1] INFO  server.RaftServerConfigKeys (ConfUtils.java:logGet(43)) - raft.server.log.appender.buffer.byte-limit = 33554432 (custom)
2019-09-12 11:56:47,871 [pool-49-thread-1] INFO  server.RaftServerConfigKeys (ConfUtils.java:logGet(43)) - raft.server.log.segment.size.max = 1048576 (custom)
2019-09-12 11:56:47,872 [pool-49-thread-1] INFO  server.RaftServerConfigKeys (ConfUtils.java:logGet(43)) - raft.server.log.segment.cache.num.max = 2 (custom)
2019-09-12 11:56:47,872 [pool-49-thread-1] INFO  segmented.SegmentedRaftLogWorker (SegmentedRaftLogWorker.java:<init>(172)) - new 7c1edd01-6b93-44c9-a455-1bd851e1af30-SegmentedRaftLogWorker:Storage Directory /workdir/hadoop-ozone/tools/target/test-dir/MiniOzoneClusterImpl-659e2a06-c254-4d33-90f4-66e0a49906bb/datanode-2/data/ratis/aafd0bf4-434f-49de-963e-1c70e6e08d12 for RaftStorage:Storage Directory /workdir/hadoop-ozone/tools/target/test-dir/MiniOzoneClusterImpl-659e2a06-c254-4d33-90f4-66e0a49906bb/datanode-2/data/ratis/aafd0bf4-434f-49de-963e-1c70e6e08d12
2019-09-12 11:56:47,872 [pool-49-thread-1] INFO  server.RaftServerConfigKeys (ConfUtils.java:logGet(43)) - raft.server.log.queue.byte-limit = 2147483647 (custom)
2019-09-12 11:56:47,872 [pool-49-thread-1] INFO  server.RaftServerConfigKeys (ConfUtils.java:logGet(43)) - raft.server.log.queue.element-limit = 1024 (custom)
2019-09-12 11:56:47,872 [pool-49-thread-1] INFO  server.RaftServerConfigKeys (ConfUtils.java:logGet(43)) - raft.server.log.segment.size.max = 1048576 (custom)
2019-09-12 11:56:47,873 [pool-49-thread-1] INFO  server.RaftServerConfigKeys (ConfUtils.java:logGet(43)) - raft.server.log.preallocated.size = 16384 (custom)
2019-09-12 11:56:47,873 [pool-49-thread-1] INFO  server.RaftServerConfigKeys (ConfUtils.java:logGet(43)) - raft.server.log.write.buffer.size = 33554432 (custom)
2019-09-12 11:56:47,873 [pool-49-thread-1] INFO  server.RaftServerConfigKeys (ConfUtils.java:logGet(43)) - raft.server.log.force.sync.num = 128 (default)
2019-09-12 11:56:47,873 [pool-49-thread-1] INFO  server.RaftServerConfigKeys (ConfUtils.java:logGet(43)) - raft.server.log.statemachine.data.sync = true (default)
2019-09-12 11:56:47,873 [pool-49-thread-1] INFO  server.RaftServerConfigKeys (ConfUtils.java:logGet(43)) - raft.server.log.statemachine.data.sync.timeout = 10s (default)
2019-09-12 11:56:47,873 [pool-49-thread-1] INFO  server.RaftServerConfigKeys (ConfUtils.java:logGet(43)) - raft.server.log.statemachine.data.sync.timeout.retry = -1 (default)
2019-09-12 11:56:47,874 [pool-49-thread-1] INFO  server.RaftServerConfigKeys (ConfUtils.java:logGet(43)) - raft.server.log.statemachine.data.caching.enabled = true (custom)
2019-09-12 11:56:47,874 [pool-49-thread-1] INFO  segmented.SegmentedRaftLogWorker (SegmentedRaftLogWorker.java:lambda$new$0(132)) - 7c1edd01-6b93-44c9-a455-1bd851e1af30-SegmentedRaftLogWorker:Storage Directory /workdir/hadoop-ozone/tools/target/test-dir/MiniOzoneClusterImpl-659e2a06-c254-4d33-90f4-66e0a49906bb/datanode-2/data/ratis/aafd0bf4-434f-49de-963e-1c70e6e08d12: flushIndex: setUnconditionally 0 -> -1
2019-09-12 11:56:47,875 [pool-49-thread-1] INFO  server.RaftServerConfigKeys (ConfUtils.java:logGet(43)) - raft.server.snapshot.auto.trigger.enabled = true (custom)
2019-09-12 11:56:47,875 [pool-49-thread-1] INFO  server.RaftServerConfigKeys (ConfUtils.java:logGet(43)) - raft.server.snapshot.auto.trigger.threshold = 10000 (custom)
2019-09-12 11:56:47,875 [pool-49-thread-1] INFO  server.RaftServerConfigKeys (ConfUtils.java:logGet(43)) - raft.server.retrycache.expirytime = 600000ms (custom)
2019-09-12 11:56:47,875 [pool-49-thread-1] INFO  impl.RaftServerImpl (RaftServerImpl.java:start(180)) - 7c1edd01-6b93-44c9-a455-1bd851e1af30: start group-1C70E6E08D12
2019-09-12 11:56:47,876 [pool-49-thread-1] INFO  impl.RaftServerImpl (RaftServerImpl.java:setRole(171)) - 7c1edd01-6b93-44c9-a455-1bd851e1af30:group-1C70E6E08D12 changes role from null to FOLLOWER at term 0 for startAsFollower
2019-09-12 11:56:47,876 [pool-49-thread-1] INFO  impl.RoleInfo (RoleInfo.java:updateAndGet(143)) - 7c1edd01-6b93-44c9-a455-1bd851e1af30: start FollowerState
2019-09-12 11:56:47,876 [pool-49-thread-1] INFO  util.JmxRegister (JmxRegister.java:tryRegister(44)) - Successfully registered JMX Bean with object name Ratis:service=RaftServer,group=group-1C70E6E08D12,id=7c1edd01-6b93-44c9-a455-1bd851e1af30
2019-09-12 11:56:47,887 [RatisPipelineUtilsThread] INFO  pipeline.PipelineStateManager (PipelineStateManager.java:addPipeline(56)) - Created pipeline Pipeline[ Id: aafd0bf4-434f-49de-963e-1c70e6e08d12, Nodes: 7c1edd01-6b93-44c9-a455-1bd851e1af30{ip: 192.168.157.195, host: pr-hdds-1569-xtfnx-3545843844, networkLocation: /default-rack, certSerialId: null}, Type:RATIS, Factor:ONE, State:OPEN]
2019-09-12 11:56:47,905 [grpc-default-executor-0] INFO  impl.RaftServerProxy (RaftServerProxy.java:addNew(89)) - f8fc3649-0cfb-44b5-b2db-665c617086f3: addNew group-62EEF95E53C6:[f8fc3649-0cfb-44b5-b2db-665c617086f3:192.168.157.195:46385] returns group-62EEF95E53C6:java.util.concurrent.CompletableFuture@526a4a1c[Not completed]
2019-09-12 11:56:47,908 [pool-27-thread-1] INFO  impl.RaftServerImpl (RaftServerImpl.java:<init>(93)) - f8fc3649-0cfb-44b5-b2db-665c617086f3: new RaftServerImpl for group-62EEF95E53C6:[f8fc3649-0cfb-44b5-b2db-665c617086f3:192.168.157.195:46385] with ContainerStateMachine:uninitialized
2019-09-12 11:56:47,908 [pool-27-thread-1] INFO  server.RaftServerConfigKeys (ConfUtils.java:logGet(43)) - raft.server.rpc.timeout.min = 5s (custom)
2019-09-12 11:56:47,909 [pool-27-thread-1] INFO  server.RaftServerConfigKeys (ConfUtils.java:logGet(43)) - raft.server.rpc.timeout.max = 5200ms (custom)
2019-09-12 11:56:47,909 [pool-27-thread-1] INFO  server.RaftServerConfigKeys (ConfUtils.java:logGet(43)) - raft.server.rpcslowness.timeout = 120s (custom)
2019-09-12 11:56:47,909 [pool-27-thread-1] INFO  server.RaftServerConfigKeys (ConfUtils.java:logGet(43)) - raft.server.sleep.deviation.threshold = 300 (default)
2019-09-12 11:56:47,909 [pool-27-thread-1] INFO  server.RaftServerConfigKeys (ConfUtils.java:logGet(43)) - raft.server.log.appender.install.snapshot.enabled = false (custom)
2019-09-12 11:56:47,909 [pool-27-thread-1] INFO  impl.RaftServerImpl (ServerState.java:<init>(105)) - f8fc3649-0cfb-44b5-b2db-665c617086f3:group-62EEF95E53C6 ConfigurationManager, init=-1: [f8fc3649-0cfb-44b5-b2db-665c617086f3:192.168.157.195:46385], old=null, confs=<EMPTY_MAP>
2019-09-12 11:56:47,910 [pool-27-thread-1] INFO  server.RaftServerConfigKeys (ConfUtils.java:logGet(43)) - raft.server.storage.dir = [/workdir/hadoop-ozone/tools/target/test-dir/MiniOzoneClusterImpl-659e2a06-c254-4d33-90f4-66e0a49906bb/datanode-0/data/ratis] (custom)
2019-09-12 11:56:47,910 [pool-27-thread-1] INFO  storage.RaftStorageDirectory (RaftStorageDirectory.java:analyzeStorage(246)) - The storage directory /workdir/hadoop-ozone/tools/target/test-dir/MiniOzoneClusterImpl-659e2a06-c254-4d33-90f4-66e0a49906bb/datanode-0/data/ratis/8d9c9b61-533e-4c3b-ac66-62eef95e53c6 does not exist. Creating ...
2019-09-12 11:56:47,923 [pool-27-thread-1] INFO  storage.RaftStorageDirectory (RaftStorageDirectory.java:tryLock(328)) - Lock on /workdir/hadoop-ozone/tools/target/test-dir/MiniOzoneClusterImpl-659e2a06-c254-4d33-90f4-66e0a49906bb/datanode-0/data/ratis/8d9c9b61-533e-4c3b-ac66-62eef95e53c6/in_use.lock acquired by nodename 21463@pr-hdds-1569-xtfnx-3545843844
2019-09-12 11:56:47,937 [pool-27-thread-1] INFO  storage.RaftStorage (RaftStorage.java:format(72)) - Storage directory /workdir/hadoop-ozone/tools/target/test-dir/MiniOzoneClusterImpl-659e2a06-c254-4d33-90f4-66e0a49906bb/datanode-0/data/ratis/8d9c9b61-533e-4c3b-ac66-62eef95e53c6 has been successfully formatted.
2019-09-12 11:56:47,938 [pool-27-thread-1] INFO  ratis.ContainerStateMachine (ContainerStateMachine.java:loadSnapshot(226)) - group-62EEF95E53C6: The snapshot info is null. Setting the last applied indexto:(t:0, i:~)
2019-09-12 11:56:47,938 [pool-27-thread-1] INFO  server.RaftServerConfigKeys (ConfUtils.java:logGet(43)) - raft.server.leader.election.timeout = 120s (custom)
2019-09-12 11:56:47,938 [pool-27-thread-1] INFO  server.RaftServerConfigKeys (ConfUtils.java:logGet(43)) - raft.server.log.use.memory = false (default)
2019-09-12 11:56:47,939 [pool-27-thread-1] INFO  server.RaftServerConfigKeys (ConfUtils.java:logGet(43)) - raft.server.log.purge.gap = 1000000 (custom)
2019-09-12 11:56:47,939 [pool-27-thread-1] INFO  server.RaftServerConfigKeys (ConfUtils.java:logGet(43)) - raft.server.log.appender.buffer.byte-limit = 33554432 (custom)
2019-09-12 11:56:47,939 [pool-27-thread-1] INFO  server.RaftServerConfigKeys (ConfUtils.java:logGet(43)) - raft.server.log.segment.size.max = 1048576 (custom)
2019-09-12 11:56:47,939 [pool-27-thread-1] INFO  server.RaftServerConfigKeys (ConfUtils.java:logGet(43)) - raft.server.log.segment.cache.num.max = 2 (custom)
2019-09-12 11:56:47,939 [pool-27-thread-1] INFO  segmented.SegmentedRaftLogWorker (SegmentedRaftLogWorker.java:<init>(172)) - new f8fc3649-0cfb-44b5-b2db-665c617086f3-SegmentedRaftLogWorker:Storage Directory /workdir/hadoop-ozone/tools/target/test-dir/MiniOzoneClusterImpl-659e2a06-c254-4d33-90f4-66e0a49906bb/datanode-0/data/ratis/8d9c9b61-533e-4c3b-ac66-62eef95e53c6 for RaftStorage:Storage Directory /workdir/hadoop-ozone/tools/target/test-dir/MiniOzoneClusterImpl-659e2a06-c254-4d33-90f4-66e0a49906bb/datanode-0/data/ratis/8d9c9b61-533e-4c3b-ac66-62eef95e53c6
2019-09-12 11:56:47,939 [pool-27-thread-1] INFO  server.RaftServerConfigKeys (ConfUtils.java:logGet(43)) - raft.server.log.queue.byte-limit = 2147483647 (custom)
2019-09-12 11:56:47,940 [pool-27-thread-1] INFO  server.RaftServerConfigKeys (ConfUtils.java:logGet(43)) - raft.server.log.queue.element-limit = 1024 (custom)
2019-09-12 11:56:47,940 [pool-27-thread-1] INFO  server.RaftServerConfigKeys (ConfUtils.java:logGet(43)) - raft.server.log.segment.size.max = 1048576 (custom)
2019-09-12 11:56:47,940 [pool-27-thread-1] INFO  server.RaftServerConfigKeys (ConfUtils.java:logGet(43)) - raft.server.log.preallocated.size = 16384 (custom)
2019-09-12 11:56:47,940 [pool-27-thread-1] INFO  server.RaftServerConfigKeys (ConfUtils.java:logGet(43)) - raft.server.log.write.buffer.size = 33554432 (custom)
2019-09-12 11:56:47,940 [pool-27-thread-1] INFO  server.RaftServerConfigKeys (ConfUtils.java:logGet(43)) - raft.server.log.force.sync.num = 128 (default)
2019-09-12 11:56:47,940 [pool-27-thread-1] INFO  server.RaftServerConfigKeys (ConfUtils.java:logGet(43)) - raft.server.log.statemachine.data.sync = true (default)
2019-09-12 11:56:47,941 [pool-27-thread-1] INFO  server.RaftServerConfigKeys (ConfUtils.java:logGet(43)) - raft.server.log.statemachine.data.sync.timeout = 10s (default)
2019-09-12 11:56:47,941 [pool-27-thread-1] INFO  server.RaftServerConfigKeys (ConfUtils.java:logGet(43)) - raft.server.log.statemachine.data.sync.timeout.retry = -1 (default)
2019-09-12 11:56:47,941 [pool-27-thread-1] INFO  server.RaftServerConfigKeys (ConfUtils.java:logGet(43)) - raft.server.log.statemachine.data.caching.enabled = true (custom)
2019-09-12 11:56:47,941 [pool-27-thread-1] INFO  segmented.SegmentedRaftLogWorker (SegmentedRaftLogWorker.java:lambda$new$0(132)) - f8fc3649-0cfb-44b5-b2db-665c617086f3-SegmentedRaftLogWorker:Storage Directory /workdir/hadoop-ozone/tools/target/test-dir/MiniOzoneClusterImpl-659e2a06-c254-4d33-90f4-66e0a49906bb/datanode-0/data/ratis/8d9c9b61-533e-4c3b-ac66-62eef95e53c6: flushIndex: setUnconditionally 0 -> -1
2019-09-12 11:56:47,942 [pool-27-thread-1] INFO  server.RaftServerConfigKeys (ConfUtils.java:logGet(43)) - raft.server.snapshot.auto.trigger.enabled = true (custom)
2019-09-12 11:56:47,942 [pool-27-thread-1] INFO  server.RaftServerConfigKeys (ConfUtils.java:logGet(43)) - raft.server.snapshot.auto.trigger.threshold = 10000 (custom)
2019-09-12 11:56:47,942 [pool-27-thread-1] INFO  server.RaftServerConfigKeys (ConfUtils.java:logGet(43)) - raft.server.retrycache.expirytime = 600000ms (custom)
2019-09-12 11:56:47,942 [pool-27-thread-1] INFO  impl.RaftServerImpl (RaftServerImpl.java:start(180)) - f8fc3649-0cfb-44b5-b2db-665c617086f3: start group-62EEF95E53C6
2019-09-12 11:56:47,942 [pool-27-thread-1] INFO  impl.RaftServerImpl (RaftServerImpl.java:setRole(171)) - f8fc3649-0cfb-44b5-b2db-665c617086f3:group-62EEF95E53C6 changes role from null to FOLLOWER at term 0 for startAsFollower
2019-09-12 11:56:47,943 [pool-27-thread-1] INFO  impl.RoleInfo (RoleInfo.java:updateAndGet(143)) - f8fc3649-0cfb-44b5-b2db-665c617086f3: start FollowerState
2019-09-12 11:56:47,943 [pool-27-thread-1] INFO  util.JmxRegister (JmxRegister.java:tryRegister(44)) - Successfully registered JMX Bean with object name Ratis:service=RaftServer,group=group-62EEF95E53C6,id=f8fc3649-0cfb-44b5-b2db-665c617086f3
2019-09-12 11:56:47,953 [RatisPipelineUtilsThread] INFO  pipeline.PipelineStateManager (PipelineStateManager.java:addPipeline(56)) - Created pipeline Pipeline[ Id: 8d9c9b61-533e-4c3b-ac66-62eef95e53c6, Nodes: f8fc3649-0cfb-44b5-b2db-665c617086f3{ip: 192.168.157.195, host: pr-hdds-1569-xtfnx-3545843844, networkLocation: /default-rack, certSerialId: null}, Type:RATIS, Factor:ONE, State:OPEN]
2019-09-12 11:56:47,966 [grpc-default-executor-0] INFO  impl.RaftServerProxy (RaftServerProxy.java:addNew(89)) - 17edbb89-a050-42dd-b919-a8669dd0769f: addNew group-D0C0FF1C808E:[17edbb89-a050-42dd-b919-a8669dd0769f:192.168.157.195:37678] returns group-D0C0FF1C808E:java.util.concurrent.CompletableFuture@56a73498[Not completed]
2019-09-12 11:56:47,967 [pool-71-thread-1] INFO  impl.RaftServerImpl (RaftServerImpl.java:<init>(93)) - 17edbb89-a050-42dd-b919-a8669dd0769f: new RaftServerImpl for group-D0C0FF1C808E:[17edbb89-a050-42dd-b919-a8669dd0769f:192.168.157.195:37678] with ContainerStateMachine:uninitialized
2019-09-12 11:56:47,967 [pool-71-thread-1] INFO  server.RaftServerConfigKeys (ConfUtils.java:logGet(43)) - raft.server.rpc.timeout.min = 5s (custom)
2019-09-12 11:56:47,968 [pool-71-thread-1] INFO  server.RaftServerConfigKeys (ConfUtils.java:logGet(43)) - raft.server.rpc.timeout.max = 5200ms (custom)
2019-09-12 11:56:47,968 [pool-71-thread-1] INFO  server.RaftServerConfigKeys (ConfUtils.java:logGet(43)) - raft.server.rpcslowness.timeout = 120s (custom)
2019-09-12 11:56:47,968 [pool-71-thread-1] INFO  server.RaftServerConfigKeys (ConfUtils.java:logGet(43)) - raft.server.sleep.deviation.threshold = 300 (default)
2019-09-12 11:56:47,968 [pool-71-thread-1] INFO  server.RaftServerConfigKeys (ConfUtils.java:logGet(43)) - raft.server.log.appender.install.snapshot.enabled = false (custom)
2019-09-12 11:56:47,968 [pool-71-thread-1] INFO  impl.RaftServerImpl (ServerState.java:<init>(105)) - 17edbb89-a050-42dd-b919-a8669dd0769f:group-D0C0FF1C808E ConfigurationManager, init=-1: [17edbb89-a050-42dd-b919-a8669dd0769f:192.168.157.195:37678], old=null, confs=<EMPTY_MAP>
2019-09-12 11:56:47,968 [pool-71-thread-1] INFO  server.RaftServerConfigKeys (ConfUtils.java:logGet(43)) - raft.server.storage.dir = [/workdir/hadoop-ozone/tools/target/test-dir/MiniOzoneClusterImpl-659e2a06-c254-4d33-90f4-66e0a49906bb/datanode-4/data/ratis] (custom)
2019-09-12 11:56:47,969 [pool-71-thread-1] INFO  storage.RaftStorageDirectory (RaftStorageDirectory.java:analyzeStorage(246)) - The storage directory /workdir/hadoop-ozone/tools/target/test-dir/MiniOzoneClusterImpl-659e2a06-c254-4d33-90f4-66e0a49906bb/datanode-4/data/ratis/604b4de3-9c08-480e-8b88-d0c0ff1c808e does not exist. Creating ...
2019-09-12 11:56:47,981 [pool-71-thread-1] INFO  storage.RaftStorageDirectory (RaftStorageDirectory.java:tryLock(328)) - Lock on /workdir/hadoop-ozone/tools/target/test-dir/MiniOzoneClusterImpl-659e2a06-c254-4d33-90f4-66e0a49906bb/datanode-4/data/ratis/604b4de3-9c08-480e-8b88-d0c0ff1c808e/in_use.lock acquired by nodename 21463@pr-hdds-1569-xtfnx-3545843844
2019-09-12 11:56:47,995 [pool-71-thread-1] INFO  storage.RaftStorage (RaftStorage.java:format(72)) - Storage directory /workdir/hadoop-ozone/tools/target/test-dir/MiniOzoneClusterImpl-659e2a06-c254-4d33-90f4-66e0a49906bb/datanode-4/data/ratis/604b4de3-9c08-480e-8b88-d0c0ff1c808e has been successfully formatted.
2019-09-12 11:56:47,996 [pool-71-thread-1] INFO  ratis.ContainerStateMachine (ContainerStateMachine.java:loadSnapshot(226)) - group-D0C0FF1C808E: The snapshot info is null. Setting the last applied indexto:(t:0, i:~)
2019-09-12 11:56:47,996 [pool-71-thread-1] INFO  server.RaftServerConfigKeys (ConfUtils.java:logGet(43)) - raft.server.leader.election.timeout = 120s (custom)
2019-09-12 11:56:47,996 [pool-71-thread-1] INFO  server.RaftServerConfigKeys (ConfUtils.java:logGet(43)) - raft.server.log.use.memory = false (default)
2019-09-12 11:56:47,996 [pool-71-thread-1] INFO  server.RaftServerConfigKeys (ConfUtils.java:logGet(43)) - raft.server.log.purge.gap = 1000000 (custom)
2019-09-12 11:56:47,997 [pool-71-thread-1] INFO  server.RaftServerConfigKeys (ConfUtils.java:logGet(43)) - raft.server.log.appender.buffer.byte-limit = 33554432 (custom)
2019-09-12 11:56:47,997 [pool-71-thread-1] INFO  server.RaftServerConfigKeys (ConfUtils.java:logGet(43)) - raft.server.log.segment.size.max = 1048576 (custom)
2019-09-12 11:56:47,997 [pool-71-thread-1] INFO  server.RaftServerConfigKeys (ConfUtils.java:logGet(43)) - raft.server.log.segment.cache.num.max = 2 (custom)
2019-09-12 11:56:47,997 [pool-71-thread-1] INFO  segmented.SegmentedRaftLogWorker (SegmentedRaftLogWorker.java:<init>(172)) - new 17edbb89-a050-42dd-b919-a8669dd0769f-SegmentedRaftLogWorker:Storage Directory /workdir/hadoop-ozone/tools/target/test-dir/MiniOzoneClusterImpl-659e2a06-c254-4d33-90f4-66e0a49906bb/datanode-4/data/ratis/604b4de3-9c08-480e-8b88-d0c0ff1c808e for RaftStorage:Storage Directory /workdir/hadoop-ozone/tools/target/test-dir/MiniOzoneClusterImpl-659e2a06-c254-4d33-90f4-66e0a49906bb/datanode-4/data/ratis/604b4de3-9c08-480e-8b88-d0c0ff1c808e
2019-09-12 11:56:47,998 [pool-71-thread-1] INFO  server.RaftServerConfigKeys (ConfUtils.java:logGet(43)) - raft.server.log.queue.byte-limit = 2147483647 (custom)
2019-09-12 11:56:47,998 [pool-71-thread-1] INFO  server.RaftServerConfigKeys (ConfUtils.java:logGet(43)) - raft.server.log.queue.element-limit = 1024 (custom)
2019-09-12 11:56:47,998 [pool-71-thread-1] INFO  server.RaftServerConfigKeys (ConfUtils.java:logGet(43)) - raft.server.log.segment.size.max = 1048576 (custom)
2019-09-12 11:56:47,998 [pool-71-thread-1] INFO  server.RaftServerConfigKeys (ConfUtils.java:logGet(43)) - raft.server.log.preallocated.size = 16384 (custom)
2019-09-12 11:56:47,998 [pool-71-thread-1] INFO  server.RaftServerConfigKeys (ConfUtils.java:logGet(43)) - raft.server.log.write.buffer.size = 33554432 (custom)
2019-09-12 11:56:47,998 [pool-71-thread-1] INFO  server.RaftServerConfigKeys (ConfUtils.java:logGet(43)) - raft.server.log.force.sync.num = 128 (default)
2019-09-12 11:56:47,998 [pool-71-thread-1] INFO  server.RaftServerConfigKeys (ConfUtils.java:logGet(43)) - raft.server.log.statemachine.data.sync = true (default)
2019-09-12 11:56:47,999 [pool-71-thread-1] INFO  server.RaftServerConfigKeys (ConfUtils.java:logGet(43)) - raft.server.log.statemachine.data.sync.timeout = 10s (default)
2019-09-12 11:56:47,999 [pool-71-thread-1] INFO  server.RaftServerConfigKeys (ConfUtils.java:logGet(43)) - raft.server.log.statemachine.data.sync.timeout.retry = -1 (default)
2019-09-12 11:56:47,999 [pool-71-thread-1] INFO  server.RaftServerConfigKeys (ConfUtils.java:logGet(43)) - raft.server.log.statemachine.data.caching.enabled = true (custom)
2019-09-12 11:56:47,999 [pool-71-thread-1] INFO  segmented.SegmentedRaftLogWorker (SegmentedRaftLogWorker.java:lambda$new$0(132)) - 17edbb89-a050-42dd-b919-a8669dd0769f-SegmentedRaftLogWorker:Storage Directory /workdir/hadoop-ozone/tools/target/test-dir/MiniOzoneClusterImpl-659e2a06-c254-4d33-90f4-66e0a49906bb/datanode-4/data/ratis/604b4de3-9c08-480e-8b88-d0c0ff1c808e: flushIndex: setUnconditionally 0 -> -1
2019-09-12 11:56:48,000 [pool-71-thread-1] INFO  server.RaftServerConfigKeys (ConfUtils.java:logGet(43)) - raft.server.snapshot.auto.trigger.enabled = true (custom)
2019-09-12 11:56:48,000 [pool-71-thread-1] INFO  server.RaftServerConfigKeys (ConfUtils.java:logGet(43)) - raft.server.snapshot.auto.trigger.threshold = 10000 (custom)
2019-09-12 11:56:48,001 [pool-71-thread-1] INFO  server.RaftServerConfigKeys (ConfUtils.java:logGet(43)) - raft.server.retrycache.expirytime = 600000ms (custom)
2019-09-12 11:56:48,001 [pool-71-thread-1] INFO  impl.RaftServerImpl (RaftServerImpl.java:start(180)) - 17edbb89-a050-42dd-b919-a8669dd0769f: start group-D0C0FF1C808E
2019-09-12 11:56:48,001 [pool-71-thread-1] INFO  impl.RaftServerImpl (RaftServerImpl.java:setRole(171)) - 17edbb89-a050-42dd-b919-a8669dd0769f:group-D0C0FF1C808E changes role from null to FOLLOWER at term 0 for startAsFollower
2019-09-12 11:56:48,001 [pool-71-thread-1] INFO  impl.RoleInfo (RoleInfo.java:updateAndGet(143)) - 17edbb89-a050-42dd-b919-a8669dd0769f: start FollowerState
2019-09-12 11:56:48,002 [pool-71-thread-1] INFO  util.JmxRegister (JmxRegister.java:tryRegister(44)) - Successfully registered JMX Bean with object name Ratis:service=RaftServer,group=group-D0C0FF1C808E,id=17edbb89-a050-42dd-b919-a8669dd0769f
2019-09-12 11:56:48,027 [RatisPipelineUtilsThread] INFO  pipeline.PipelineStateManager (PipelineStateManager.java:addPipeline(56)) - Created pipeline Pipeline[ Id: 604b4de3-9c08-480e-8b88-d0c0ff1c808e, Nodes: 17edbb89-a050-42dd-b919-a8669dd0769f{ip: 192.168.157.195, host: pr-hdds-1569-xtfnx-3545843844, networkLocation: /default-rack, certSerialId: null}, Type:RATIS, Factor:ONE, State:OPEN]
2019-09-12 11:56:48,035 | INFO  | SCMAudit | user=jenkins1000 | ip=192.168.157.195 | op=SEND_HEARTBEAT {datanodeUUID=17f5de45-d006-42d4-a442-b3531657861f, command=[]} | ret=SUCCESS |  
2019-09-12 11:56:48,039 [grpc-default-executor-0] INFO  impl.RaftServerProxy (RaftServerProxy.java:addNew(89)) - 17f5de45-d006-42d4-a442-b3531657861f: addNew group-7B223507EC67:[17f5de45-d006-42d4-a442-b3531657861f:192.168.157.195:40760] returns group-7B223507EC67:java.util.concurrent.CompletableFuture@2b6a8b44[Not completed]
2019-09-12 11:56:48,041 [pool-38-thread-1] INFO  impl.RaftServerImpl (RaftServerImpl.java:<init>(93)) - 17f5de45-d006-42d4-a442-b3531657861f: new RaftServerImpl for group-7B223507EC67:[17f5de45-d006-42d4-a442-b3531657861f:192.168.157.195:40760] with ContainerStateMachine:uninitialized
2019-09-12 11:56:48,041 [pool-38-thread-1] INFO  server.RaftServerConfigKeys (ConfUtils.java:logGet(43)) - raft.server.rpc.timeout.min = 5s (custom)
2019-09-12 11:56:48,041 [pool-38-thread-1] INFO  server.RaftServerConfigKeys (ConfUtils.java:logGet(43)) - raft.server.rpc.timeout.max = 5200ms (custom)
2019-09-12 11:56:48,041 [pool-38-thread-1] INFO  server.RaftServerConfigKeys (ConfUtils.java:logGet(43)) - raft.server.rpcslowness.timeout = 120s (custom)
2019-09-12 11:56:48,042 [pool-38-thread-1] INFO  server.RaftServerConfigKeys (ConfUtils.java:logGet(43)) - raft.server.sleep.deviation.threshold = 300 (default)
2019-09-12 11:56:48,042 [pool-38-thread-1] INFO  server.RaftServerConfigKeys (ConfUtils.java:logGet(43)) - raft.server.log.appender.install.snapshot.enabled = false (custom)
2019-09-12 11:56:48,042 [pool-38-thread-1] INFO  impl.RaftServerImpl (ServerState.java:<init>(105)) - 17f5de45-d006-42d4-a442-b3531657861f:group-7B223507EC67 ConfigurationManager, init=-1: [17f5de45-d006-42d4-a442-b3531657861f:192.168.157.195:40760], old=null, confs=<EMPTY_MAP>
2019-09-12 11:56:48,042 [pool-38-thread-1] INFO  server.RaftServerConfigKeys (ConfUtils.java:logGet(43)) - raft.server.storage.dir = [/workdir/hadoop-ozone/tools/target/test-dir/MiniOzoneClusterImpl-659e2a06-c254-4d33-90f4-66e0a49906bb/datanode-1/data/ratis] (custom)
2019-09-12 11:56:48,042 [pool-38-thread-1] INFO  storage.RaftStorageDirectory (RaftStorageDirectory.java:analyzeStorage(246)) - The storage directory /workdir/hadoop-ozone/tools/target/test-dir/MiniOzoneClusterImpl-659e2a06-c254-4d33-90f4-66e0a49906bb/datanode-1/data/ratis/3e873dca-6252-4168-a4bc-7b223507ec67 does not exist. Creating ...
2019-09-12 11:56:48,055 [pool-38-thread-1] INFO  storage.RaftStorageDirectory (RaftStorageDirectory.java:tryLock(328)) - Lock on /workdir/hadoop-ozone/tools/target/test-dir/MiniOzoneClusterImpl-659e2a06-c254-4d33-90f4-66e0a49906bb/datanode-1/data/ratis/3e873dca-6252-4168-a4bc-7b223507ec67/in_use.lock acquired by nodename 21463@pr-hdds-1569-xtfnx-3545843844
2019-09-12 11:56:48,068 [pool-38-thread-1] INFO  storage.RaftStorage (RaftStorage.java:format(72)) - Storage directory /workdir/hadoop-ozone/tools/target/test-dir/MiniOzoneClusterImpl-659e2a06-c254-4d33-90f4-66e0a49906bb/datanode-1/data/ratis/3e873dca-6252-4168-a4bc-7b223507ec67 has been successfully formatted.
2019-09-12 11:56:48,068 [pool-38-thread-1] INFO  ratis.ContainerStateMachine (ContainerStateMachine.java:loadSnapshot(226)) - group-7B223507EC67: The snapshot info is null. Setting the last applied indexto:(t:0, i:~)
2019-09-12 11:56:48,068 [pool-38-thread-1] INFO  server.RaftServerConfigKeys (ConfUtils.java:logGet(43)) - raft.server.leader.election.timeout = 120s (custom)
2019-09-12 11:56:48,069 [pool-38-thread-1] INFO  server.RaftServerConfigKeys (ConfUtils.java:logGet(43)) - raft.server.log.use.memory = false (default)
2019-09-12 11:56:48,071 [pool-38-thread-1] INFO  server.RaftServerConfigKeys (ConfUtils.java:logGet(43)) - raft.server.log.purge.gap = 1000000 (custom)
2019-09-12 11:56:48,071 [pool-38-thread-1] INFO  server.RaftServerConfigKeys (ConfUtils.java:logGet(43)) - raft.server.log.appender.buffer.byte-limit = 33554432 (custom)
2019-09-12 11:56:48,071 [pool-38-thread-1] INFO  server.RaftServerConfigKeys (ConfUtils.java:logGet(43)) - raft.server.log.segment.size.max = 1048576 (custom)
2019-09-12 11:56:48,071 [pool-38-thread-1] INFO  server.RaftServerConfigKeys (ConfUtils.java:logGet(43)) - raft.server.log.segment.cache.num.max = 2 (custom)
2019-09-12 11:56:48,071 [pool-38-thread-1] INFO  segmented.SegmentedRaftLogWorker (SegmentedRaftLogWorker.java:<init>(172)) - new 17f5de45-d006-42d4-a442-b3531657861f-SegmentedRaftLogWorker:Storage Directory /workdir/hadoop-ozone/tools/target/test-dir/MiniOzoneClusterImpl-659e2a06-c254-4d33-90f4-66e0a49906bb/datanode-1/data/ratis/3e873dca-6252-4168-a4bc-7b223507ec67 for RaftStorage:Storage Directory /workdir/hadoop-ozone/tools/target/test-dir/MiniOzoneClusterImpl-659e2a06-c254-4d33-90f4-66e0a49906bb/datanode-1/data/ratis/3e873dca-6252-4168-a4bc-7b223507ec67
2019-09-12 11:56:48,075 [pool-38-thread-1] INFO  server.RaftServerConfigKeys (ConfUtils.java:logGet(43)) - raft.server.log.queue.byte-limit = 2147483647 (custom)
2019-09-12 11:56:48,075 [pool-38-thread-1] INFO  server.RaftServerConfigKeys (ConfUtils.java:logGet(43)) - raft.server.log.queue.element-limit = 1024 (custom)
2019-09-12 11:56:48,075 [pool-38-thread-1] INFO  server.RaftServerConfigKeys (ConfUtils.java:logGet(43)) - raft.server.log.segment.size.max = 1048576 (custom)
2019-09-12 11:56:48,076 [pool-38-thread-1] INFO  server.RaftServerConfigKeys (ConfUtils.java:logGet(43)) - raft.server.log.preallocated.size = 16384 (custom)
2019-09-12 11:56:48,077 [pool-38-thread-1] INFO  server.RaftServerConfigKeys (ConfUtils.java:logGet(43)) - raft.server.log.write.buffer.size = 33554432 (custom)
2019-09-12 11:56:48,079 [pool-38-thread-1] INFO  server.RaftServerConfigKeys (ConfUtils.java:logGet(43)) - raft.server.log.force.sync.num = 128 (default)
2019-09-12 11:56:48,079 [pool-38-thread-1] INFO  server.RaftServerConfigKeys (ConfUtils.java:logGet(43)) - raft.server.log.statemachine.data.sync = true (default)
2019-09-12 11:56:48,079 [pool-38-thread-1] INFO  server.RaftServerConfigKeys (ConfUtils.java:logGet(43)) - raft.server.log.statemachine.data.sync.timeout = 10s (default)
2019-09-12 11:56:48,079 [pool-38-thread-1] INFO  server.RaftServerConfigKeys (ConfUtils.java:logGet(43)) - raft.server.log.statemachine.data.sync.timeout.retry = -1 (default)
2019-09-12 11:56:48,079 [pool-38-thread-1] INFO  server.RaftServerConfigKeys (ConfUtils.java:logGet(43)) - raft.server.log.statemachine.data.caching.enabled = true (custom)
2019-09-12 11:56:48,079 [pool-38-thread-1] INFO  segmented.SegmentedRaftLogWorker (SegmentedRaftLogWorker.java:lambda$new$0(132)) - 17f5de45-d006-42d4-a442-b3531657861f-SegmentedRaftLogWorker:Storage Directory /workdir/hadoop-ozone/tools/target/test-dir/MiniOzoneClusterImpl-659e2a06-c254-4d33-90f4-66e0a49906bb/datanode-1/data/ratis/3e873dca-6252-4168-a4bc-7b223507ec67: flushIndex: setUnconditionally 0 -> -1
2019-09-12 11:56:48,080 [pool-38-thread-1] INFO  server.RaftServerConfigKeys (ConfUtils.java:logGet(43)) - raft.server.snapshot.auto.trigger.enabled = true (custom)
2019-09-12 11:56:48,080 [pool-38-thread-1] INFO  server.RaftServerConfigKeys (ConfUtils.java:logGet(43)) - raft.server.snapshot.auto.trigger.threshold = 10000 (custom)
2019-09-12 11:56:48,080 [pool-38-thread-1] INFO  server.RaftServerConfigKeys (ConfUtils.java:logGet(43)) - raft.server.retrycache.expirytime = 600000ms (custom)
2019-09-12 11:56:48,080 [pool-38-thread-1] INFO  impl.RaftServerImpl (RaftServerImpl.java:start(180)) - 17f5de45-d006-42d4-a442-b3531657861f: start group-7B223507EC67
2019-09-12 11:56:48,080 [pool-38-thread-1] INFO  impl.RaftServerImpl (RaftServerImpl.java:setRole(171)) - 17f5de45-d006-42d4-a442-b3531657861f:group-7B223507EC67 changes role from null to FOLLOWER at term 0 for startAsFollower
2019-09-12 11:56:48,081 [pool-38-thread-1] INFO  impl.RoleInfo (RoleInfo.java:updateAndGet(143)) - 17f5de45-d006-42d4-a442-b3531657861f: start FollowerState
2019-09-12 11:56:48,081 [pool-38-thread-1] INFO  util.JmxRegister (JmxRegister.java:tryRegister(44)) - Successfully registered JMX Bean with object name Ratis:service=RaftServer,group=group-7B223507EC67,id=17f5de45-d006-42d4-a442-b3531657861f
2019-09-12 11:56:48,090 [RatisPipelineUtilsThread] INFO  pipeline.PipelineStateManager (PipelineStateManager.java:addPipeline(56)) - Created pipeline Pipeline[ Id: 3e873dca-6252-4168-a4bc-7b223507ec67, Nodes: 17f5de45-d006-42d4-a442-b3531657861f{ip: 192.168.157.195, host: pr-hdds-1569-xtfnx-3545843844, networkLocation: /default-rack, certSerialId: null}, Type:RATIS, Factor:ONE, State:OPEN]
2019-09-12 11:56:48,106 [grpc-default-executor-0] INFO  impl.RaftServerProxy (RaftServerProxy.java:addNew(89)) - 7c1edd01-6b93-44c9-a455-1bd851e1af30: addNew group-CB34E2DF4C01:[7c1edd01-6b93-44c9-a455-1bd851e1af30:192.168.157.195:43783] returns group-CB34E2DF4C01:java.util.concurrent.CompletableFuture@2a88d253[Not completed]
2019-09-12 11:56:48,108 [pool-49-thread-1] INFO  impl.RaftServerImpl (RaftServerImpl.java:<init>(93)) - 7c1edd01-6b93-44c9-a455-1bd851e1af30: new RaftServerImpl for group-CB34E2DF4C01:[7c1edd01-6b93-44c9-a455-1bd851e1af30:192.168.157.195:43783] with ContainerStateMachine:uninitialized
2019-09-12 11:56:48,109 [pool-49-thread-1] INFO  server.RaftServerConfigKeys (ConfUtils.java:logGet(43)) - raft.server.rpc.timeout.min = 5s (custom)
2019-09-12 11:56:48,109 [pool-49-thread-1] INFO  server.RaftServerConfigKeys (ConfUtils.java:logGet(43)) - raft.server.rpc.timeout.max = 5200ms (custom)
2019-09-12 11:56:48,109 [pool-49-thread-1] INFO  server.RaftServerConfigKeys (ConfUtils.java:logGet(43)) - raft.server.rpcslowness.timeout = 120s (custom)
2019-09-12 11:56:48,109 [pool-49-thread-1] INFO  server.RaftServerConfigKeys (ConfUtils.java:logGet(43)) - raft.server.sleep.deviation.threshold = 300 (default)
2019-09-12 11:56:48,109 [pool-49-thread-1] INFO  server.RaftServerConfigKeys (ConfUtils.java:logGet(43)) - raft.server.log.appender.install.snapshot.enabled = false (custom)
2019-09-12 11:56:48,109 [pool-49-thread-1] INFO  impl.RaftServerImpl (ServerState.java:<init>(105)) - 7c1edd01-6b93-44c9-a455-1bd851e1af30:group-CB34E2DF4C01 ConfigurationManager, init=-1: [7c1edd01-6b93-44c9-a455-1bd851e1af30:192.168.157.195:43783], old=null, confs=<EMPTY_MAP>
2019-09-12 11:56:48,109 [pool-49-thread-1] INFO  server.RaftServerConfigKeys (ConfUtils.java:logGet(43)) - raft.server.storage.dir = [/workdir/hadoop-ozone/tools/target/test-dir/MiniOzoneClusterImpl-659e2a06-c254-4d33-90f4-66e0a49906bb/datanode-2/data/ratis] (custom)
2019-09-12 11:56:48,110 [pool-49-thread-1] INFO  storage.RaftStorageDirectory (RaftStorageDirectory.java:analyzeStorage(246)) - The storage directory /workdir/hadoop-ozone/tools/target/test-dir/MiniOzoneClusterImpl-659e2a06-c254-4d33-90f4-66e0a49906bb/datanode-2/data/ratis/41502341-e5d5-45bb-8dfa-cb34e2df4c01 does not exist. Creating ...
2019-09-12 11:56:48,122 [pool-49-thread-1] INFO  storage.RaftStorageDirectory (RaftStorageDirectory.java:tryLock(328)) - Lock on /workdir/hadoop-ozone/tools/target/test-dir/MiniOzoneClusterImpl-659e2a06-c254-4d33-90f4-66e0a49906bb/datanode-2/data/ratis/41502341-e5d5-45bb-8dfa-cb34e2df4c01/in_use.lock acquired by nodename 21463@pr-hdds-1569-xtfnx-3545843844
2019-09-12 11:56:48,134 [pool-49-thread-1] INFO  storage.RaftStorage (RaftStorage.java:format(72)) - Storage directory /workdir/hadoop-ozone/tools/target/test-dir/MiniOzoneClusterImpl-659e2a06-c254-4d33-90f4-66e0a49906bb/datanode-2/data/ratis/41502341-e5d5-45bb-8dfa-cb34e2df4c01 has been successfully formatted.
2019-09-12 11:56:48,135 [pool-49-thread-1] INFO  ratis.ContainerStateMachine (ContainerStateMachine.java:loadSnapshot(226)) - group-CB34E2DF4C01: The snapshot info is null. Setting the last applied indexto:(t:0, i:~)
2019-09-12 11:56:48,135 [pool-49-thread-1] INFO  server.RaftServerConfigKeys (ConfUtils.java:logGet(43)) - raft.server.leader.election.timeout = 120s (custom)
2019-09-12 11:56:48,135 [pool-49-thread-1] INFO  server.RaftServerConfigKeys (ConfUtils.java:logGet(43)) - raft.server.log.use.memory = false (default)
2019-09-12 11:56:48,135 [pool-49-thread-1] INFO  server.RaftServerConfigKeys (ConfUtils.java:logGet(43)) - raft.server.log.purge.gap = 1000000 (custom)
2019-09-12 11:56:48,135 [pool-49-thread-1] INFO  server.RaftServerConfigKeys (ConfUtils.java:logGet(43)) - raft.server.log.appender.buffer.byte-limit = 33554432 (custom)
2019-09-12 11:56:48,135 [pool-49-thread-1] INFO  server.RaftServerConfigKeys (ConfUtils.java:logGet(43)) - raft.server.log.segment.size.max = 1048576 (custom)
2019-09-12 11:56:48,136 [pool-49-thread-1] INFO  server.RaftServerConfigKeys (ConfUtils.java:logGet(43)) - raft.server.log.segment.cache.num.max = 2 (custom)
2019-09-12 11:56:48,136 [pool-49-thread-1] INFO  segmented.SegmentedRaftLogWorker (SegmentedRaftLogWorker.java:<init>(172)) - new 7c1edd01-6b93-44c9-a455-1bd851e1af30-SegmentedRaftLogWorker:Storage Directory /workdir/hadoop-ozone/tools/target/test-dir/MiniOzoneClusterImpl-659e2a06-c254-4d33-90f4-66e0a49906bb/datanode-2/data/ratis/41502341-e5d5-45bb-8dfa-cb34e2df4c01 for RaftStorage:Storage Directory /workdir/hadoop-ozone/tools/target/test-dir/MiniOzoneClusterImpl-659e2a06-c254-4d33-90f4-66e0a49906bb/datanode-2/data/ratis/41502341-e5d5-45bb-8dfa-cb34e2df4c01
2019-09-12 11:56:48,136 [pool-49-thread-1] INFO  server.RaftServerConfigKeys (ConfUtils.java:logGet(43)) - raft.server.log.queue.byte-limit = 2147483647 (custom)
2019-09-12 11:56:48,136 [pool-49-thread-1] INFO  server.RaftServerConfigKeys (ConfUtils.java:logGet(43)) - raft.server.log.queue.element-limit = 1024 (custom)
2019-09-12 11:56:48,136 [pool-49-thread-1] INFO  server.RaftServerConfigKeys (ConfUtils.java:logGet(43)) - raft.server.log.segment.size.max = 1048576 (custom)
2019-09-12 11:56:48,136 [pool-49-thread-1] INFO  server.RaftServerConfigKeys (ConfUtils.java:logGet(43)) - raft.server.log.preallocated.size = 16384 (custom)
2019-09-12 11:56:48,137 [pool-49-thread-1] INFO  server.RaftServerConfigKeys (ConfUtils.java:logGet(43)) - raft.server.log.write.buffer.size = 33554432 (custom)
2019-09-12 11:56:48,137 [pool-49-thread-1] INFO  server.RaftServerConfigKeys (ConfUtils.java:logGet(43)) - raft.server.log.force.sync.num = 128 (default)
2019-09-12 11:56:48,137 [pool-49-thread-1] INFO  server.RaftServerConfigKeys (ConfUtils.java:logGet(43)) - raft.server.log.statemachine.data.sync = true (default)
2019-09-12 11:56:48,137 [pool-49-thread-1] INFO  server.RaftServerConfigKeys (ConfUtils.java:logGet(43)) - raft.server.log.statemachine.data.sync.timeout = 10s (default)
2019-09-12 11:56:48,137 [pool-49-thread-1] INFO  server.RaftServerConfigKeys (ConfUtils.java:logGet(43)) - raft.server.log.statemachine.data.sync.timeout.retry = -1 (default)
2019-09-12 11:56:48,137 [pool-49-thread-1] INFO  server.RaftServerConfigKeys (ConfUtils.java:logGet(43)) - raft.server.log.statemachine.data.caching.enabled = true (custom)
2019-09-12 11:56:48,138 [pool-49-thread-1] INFO  segmented.SegmentedRaftLogWorker (SegmentedRaftLogWorker.java:lambda$new$0(132)) - 7c1edd01-6b93-44c9-a455-1bd851e1af30-SegmentedRaftLogWorker:Storage Directory /workdir/hadoop-ozone/tools/target/test-dir/MiniOzoneClusterImpl-659e2a06-c254-4d33-90f4-66e0a49906bb/datanode-2/data/ratis/41502341-e5d5-45bb-8dfa-cb34e2df4c01: flushIndex: setUnconditionally 0 -> -1
2019-09-12 11:56:48,138 [pool-49-thread-1] INFO  server.RaftServerConfigKeys (ConfUtils.java:logGet(43)) - raft.server.snapshot.auto.trigger.enabled = true (custom)
2019-09-12 11:56:48,138 [pool-49-thread-1] INFO  server.RaftServerConfigKeys (ConfUtils.java:logGet(43)) - raft.server.snapshot.auto.trigger.threshold = 10000 (custom)
2019-09-12 11:56:48,138 [pool-49-thread-1] INFO  server.RaftServerConfigKeys (ConfUtils.java:logGet(43)) - raft.server.retrycache.expirytime = 600000ms (custom)
2019-09-12 11:56:48,139 [pool-49-thread-1] INFO  impl.RaftServerImpl (RaftServerImpl.java:start(180)) - 7c1edd01-6b93-44c9-a455-1bd851e1af30: start group-CB34E2DF4C01
2019-09-12 11:56:48,139 [pool-49-thread-1] INFO  impl.RaftServerImpl (RaftServerImpl.java:setRole(171)) - 7c1edd01-6b93-44c9-a455-1bd851e1af30:group-CB34E2DF4C01 changes role from null to FOLLOWER at term 0 for startAsFollower
2019-09-12 11:56:48,139 [pool-49-thread-1] INFO  impl.RoleInfo (RoleInfo.java:updateAndGet(143)) - 7c1edd01-6b93-44c9-a455-1bd851e1af30: start FollowerState
2019-09-12 11:56:48,139 [pool-49-thread-1] INFO  util.JmxRegister (JmxRegister.java:tryRegister(44)) - Successfully registered JMX Bean with object name Ratis:service=RaftServer,group=group-CB34E2DF4C01,id=7c1edd01-6b93-44c9-a455-1bd851e1af30
2019-09-12 11:56:48,144 [RatisPipelineUtilsThread] INFO  pipeline.PipelineStateManager (PipelineStateManager.java:addPipeline(56)) - Created pipeline Pipeline[ Id: 41502341-e5d5-45bb-8dfa-cb34e2df4c01, Nodes: 7c1edd01-6b93-44c9-a455-1bd851e1af30{ip: 192.168.157.195, host: pr-hdds-1569-xtfnx-3545843844, networkLocation: /default-rack, certSerialId: null}, Type:RATIS, Factor:ONE, State:OPEN]
2019-09-12 11:56:48,145 [main] INFO  freon.RandomKeyGenerator (RandomKeyGenerator.java:call(275)) - Number of Threads: 10
2019-09-12 11:56:48,146 [main] INFO  freon.RandomKeyGenerator (RandomKeyGenerator.java:call(280)) - Number of Volumes: 10.
2019-09-12 11:56:48,147 [main] INFO  freon.RandomKeyGenerator (RandomKeyGenerator.java:call(281)) - Number of Buckets per Volume: 1.
2019-09-12 11:56:48,147 [main] INFO  freon.RandomKeyGenerator (RandomKeyGenerator.java:call(282)) - Number of Keys per Bucket: 10.
2019-09-12 11:56:48,147 [main] INFO  freon.RandomKeyGenerator (RandomKeyGenerator.java:call(283)) - Key size: 10240 bytes
2019-09-12 11:56:48,148 [main] INFO  freon.RandomKeyGenerator (RandomKeyGenerator.java:call(284)) - Buffer size: 4096 bytes
2019-09-12 11:56:48,153 [main] INFO  freon.RandomKeyGenerator (RandomKeyGenerator.java:call(304)) - Starting progress bar Thread.

2019-09-12 11:56:48,155 [grpc-default-executor-0] INFO  impl.RaftServerProxy (RaftServerProxy.java:addNew(89)) - f8fc3649-0cfb-44b5-b2db-665c617086f3: addNew group-73CEC35C5E85:[f8fc3649-0cfb-44b5-b2db-665c617086f3:192.168.157.195:46385] returns group-73CEC35C5E85:java.util.concurrent.CompletableFuture@7652c7a9[Not completed]
 0.00% |█                                                                                                    |  0/100 Time: 0:00:002019-09-12 11:56:48,157 [pool-27-thread-1] INFO  impl.RaftServerImpl (RaftServerImpl.java:<init>(93)) - f8fc3649-0cfb-44b5-b2db-665c617086f3: new RaftServerImpl for group-73CEC35C5E85:[f8fc3649-0cfb-44b5-b2db-665c617086f3:192.168.157.195:46385] with ContainerStateMachine:uninitialized
2019-09-12 11:56:48,157 [pool-27-thread-1] INFO  server.RaftServerConfigKeys (ConfUtils.java:logGet(43)) - raft.server.rpc.timeout.min = 5s (custom)
2019-09-12 11:56:48,157 [pool-27-thread-1] INFO  server.RaftServerConfigKeys (ConfUtils.java:logGet(43)) - raft.server.rpc.timeout.max = 5200ms (custom)
2019-09-12 11:56:48,157 [pool-27-thread-1] INFO  server.RaftServerConfigKeys (ConfUtils.java:logGet(43)) - raft.server.rpcslowness.timeout = 120s (custom)
2019-09-12 11:56:48,158 [pool-27-thread-1] INFO  server.RaftServerConfigKeys (ConfUtils.java:logGet(43)) - raft.server.sleep.deviation.threshold = 300 (default)
2019-09-12 11:56:48,158 [pool-27-thread-1] INFO  server.RaftServerConfigKeys (ConfUtils.java:logGet(43)) - raft.server.log.appender.install.snapshot.enabled = false (custom)
2019-09-12 11:56:48,158 [pool-27-thread-1] INFO  impl.RaftServerImpl (ServerState.java:<init>(105)) - f8fc3649-0cfb-44b5-b2db-665c617086f3:group-73CEC35C5E85 ConfigurationManager, init=-1: [f8fc3649-0cfb-44b5-b2db-665c617086f3:192.168.157.195:46385], old=null, confs=<EMPTY_MAP>
2019-09-12 11:56:48,158 [pool-27-thread-1] INFO  server.RaftServerConfigKeys (ConfUtils.java:logGet(43)) - raft.server.storage.dir = [/workdir/hadoop-ozone/tools/target/test-dir/MiniOzoneClusterImpl-659e2a06-c254-4d33-90f4-66e0a49906bb/datanode-0/data/ratis] (custom)
2019-09-12 11:56:48,158 [pool-27-thread-1] INFO  storage.RaftStorageDirectory (RaftStorageDirectory.java:analyzeStorage(246)) - The storage directory /workdir/hadoop-ozone/tools/target/test-dir/MiniOzoneClusterImpl-659e2a06-c254-4d33-90f4-66e0a49906bb/datanode-0/data/ratis/0cf32eec-d0c1-468c-8625-73cec35c5e85 does not exist. Creating ...
2019-09-12 11:56:48,171 [pool-27-thread-1] INFO  storage.RaftStorageDirectory (RaftStorageDirectory.java:tryLock(328)) - Lock on /workdir/hadoop-ozone/tools/target/test-dir/MiniOzoneClusterImpl-659e2a06-c254-4d33-90f4-66e0a49906bb/datanode-0/data/ratis/0cf32eec-d0c1-468c-8625-73cec35c5e85/in_use.lock acquired by nodename 21463@pr-hdds-1569-xtfnx-3545843844
2019-09-12 11:56:48,179 [pool-78-thread-9] INFO  rpc.RpcClient (RpcClient.java:createVolume(293)) - Creating Volume: vol-8-10052, with jenkins1000 as owner.
2019-09-12 11:56:48,179 [pool-78-thread-7] INFO  rpc.RpcClient (RpcClient.java:createVolume(293)) - Creating Volume: vol-7-08810, with jenkins1000 as owner.
2019-09-12 11:56:48,179 [pool-78-thread-1] INFO  rpc.RpcClient (RpcClient.java:createVolume(293)) - Creating Volume: vol-0-78252, with jenkins1000 as owner.
2019-09-12 11:56:48,179 [pool-78-thread-2] INFO  rpc.RpcClient (RpcClient.java:createVolume(293)) - Creating Volume: vol-1-30410, with jenkins1000 as owner.
2019-09-12 11:56:48,179 [pool-78-thread-5] INFO  rpc.RpcClient (RpcClient.java:createVolume(293)) - Creating Volume: vol-4-11154, with jenkins1000 as owner.
2019-09-12 11:56:48,179 [pool-78-thread-6] INFO  rpc.RpcClient (RpcClient.java:createVolume(293)) - Creating Volume: vol-5-10775, with jenkins1000 as owner.
2019-09-12 11:56:48,179 [pool-78-thread-3] INFO  rpc.RpcClient (RpcClient.java:createVolume(293)) - Creating Volume: vol-2-95639, with jenkins1000 as owner.
2019-09-12 11:56:48,179 [pool-78-thread-4] INFO  rpc.RpcClient (RpcClient.java:createVolume(293)) - Creating Volume: vol-3-35304, with jenkins1000 as owner.
2019-09-12 11:56:48,179 [pool-78-thread-8] INFO  rpc.RpcClient (RpcClient.java:createVolume(293)) - Creating Volume: vol-6-13077, with jenkins1000 as owner.
2019-09-12 11:56:48,179 [pool-78-thread-10] INFO  rpc.RpcClient (RpcClient.java:createVolume(293)) - Creating Volume: vol-9-09254, with jenkins1000 as owner.
2019-09-12 11:56:48,185 [pool-27-thread-1] INFO  storage.RaftStorage (RaftStorage.java:format(72)) - Storage directory /workdir/hadoop-ozone/tools/target/test-dir/MiniOzoneClusterImpl-659e2a06-c254-4d33-90f4-66e0a49906bb/datanode-0/data/ratis/0cf32eec-d0c1-468c-8625-73cec35c5e85 has been successfully formatted.
2019-09-12 11:56:48,187 [pool-27-thread-1] INFO  ratis.ContainerStateMachine (ContainerStateMachine.java:loadSnapshot(226)) - group-73CEC35C5E85: The snapshot info is null. Setting the last applied indexto:(t:0, i:~)
2019-09-12 11:56:48,187 [pool-27-thread-1] INFO  server.RaftServerConfigKeys (ConfUtils.java:logGet(43)) - raft.server.leader.election.timeout = 120s (custom)
2019-09-12 11:56:48,187 [pool-27-thread-1] INFO  server.RaftServerConfigKeys (ConfUtils.java:logGet(43)) - raft.server.log.use.memory = false (default)
2019-09-12 11:56:48,187 [pool-27-thread-1] INFO  server.RaftServerConfigKeys (ConfUtils.java:logGet(43)) - raft.server.log.purge.gap = 1000000 (custom)
2019-09-12 11:56:48,187 [pool-27-thread-1] INFO  server.RaftServerConfigKeys (ConfUtils.java:logGet(43)) - raft.server.log.appender.buffer.byte-limit = 33554432 (custom)
2019-09-12 11:56:48,188 [pool-27-thread-1] INFO  server.RaftServerConfigKeys (ConfUtils.java:logGet(43)) - raft.server.log.segment.size.max = 1048576 (custom)
2019-09-12 11:56:48,188 [pool-27-thread-1] INFO  server.RaftServerConfigKeys (ConfUtils.java:logGet(43)) - raft.server.log.segment.cache.num.max = 2 (custom)
2019-09-12 11:56:48,188 [pool-27-thread-1] INFO  segmented.SegmentedRaftLogWorker (SegmentedRaftLogWorker.java:<init>(172)) - new f8fc3649-0cfb-44b5-b2db-665c617086f3-SegmentedRaftLogWorker:Storage Directory /workdir/hadoop-ozone/tools/target/test-dir/MiniOzoneClusterImpl-659e2a06-c254-4d33-90f4-66e0a49906bb/datanode-0/data/ratis/0cf32eec-d0c1-468c-8625-73cec35c5e85 for RaftStorage:Storage Directory /workdir/hadoop-ozone/tools/target/test-dir/MiniOzoneClusterImpl-659e2a06-c254-4d33-90f4-66e0a49906bb/datanode-0/data/ratis/0cf32eec-d0c1-468c-8625-73cec35c5e85
2019-09-12 11:56:48,188 [pool-27-thread-1] INFO  server.RaftServerConfigKeys (ConfUtils.java:logGet(43)) - raft.server.log.queue.byte-limit = 2147483647 (custom)
2019-09-12 11:56:48,188 [pool-27-thread-1] INFO  server.RaftServerConfigKeys (ConfUtils.java:logGet(43)) - raft.server.log.queue.element-limit = 1024 (custom)
2019-09-12 11:56:48,188 [pool-27-thread-1] INFO  server.RaftServerConfigKeys (ConfUtils.java:logGet(43)) - raft.server.log.segment.size.max = 1048576 (custom)
2019-09-12 11:56:48,188 [pool-27-thread-1] INFO  server.RaftServerConfigKeys (ConfUtils.java:logGet(43)) - raft.server.log.preallocated.size = 16384 (custom)
2019-09-12 11:56:48,188 [pool-27-thread-1] INFO  server.RaftServerConfigKeys (ConfUtils.java:logGet(43)) - raft.server.log.write.buffer.size = 33554432 (custom)
2019-09-12 11:56:48,189 [pool-27-thread-1] INFO  server.RaftServerConfigKeys (ConfUtils.java:logGet(43)) - raft.server.log.force.sync.num = 128 (default)
2019-09-12 11:56:48,189 [pool-27-thread-1] INFO  server.RaftServerConfigKeys (ConfUtils.java:logGet(43)) - raft.server.log.statemachine.data.sync = true (default)
2019-09-12 11:56:48,189 [pool-27-thread-1] INFO  server.RaftServerConfigKeys (ConfUtils.java:logGet(43)) - raft.server.log.statemachine.data.sync.timeout = 10s (default)
2019-09-12 11:56:48,189 [pool-27-thread-1] INFO  server.RaftServerConfigKeys (ConfUtils.java:logGet(43)) - raft.server.log.statemachine.data.sync.timeout.retry = -1 (default)
2019-09-12 11:56:48,189 [pool-27-thread-1] INFO  server.RaftServerConfigKeys (ConfUtils.java:logGet(43)) - raft.server.log.statemachine.data.caching.enabled = true (custom)
2019-09-12 11:56:48,189 [pool-27-thread-1] INFO  segmented.SegmentedRaftLogWorker (SegmentedRaftLogWorker.java:lambda$new$0(132)) - f8fc3649-0cfb-44b5-b2db-665c617086f3-SegmentedRaftLogWorker:Storage Directory /workdir/hadoop-ozone/tools/target/test-dir/MiniOzoneClusterImpl-659e2a06-c254-4d33-90f4-66e0a49906bb/datanode-0/data/ratis/0cf32eec-d0c1-468c-8625-73cec35c5e85: flushIndex: setUnconditionally 0 -> -1
2019-09-12 11:56:48,190 [pool-27-thread-1] INFO  server.RaftServerConfigKeys (ConfUtils.java:logGet(43)) - raft.server.snapshot.auto.trigger.enabled = true (custom)
2019-09-12 11:56:48,190 [pool-27-thread-1] INFO  server.RaftServerConfigKeys (ConfUtils.java:logGet(43)) - raft.server.snapshot.auto.trigger.threshold = 10000 (custom)
2019-09-12 11:56:48,190 [pool-27-thread-1] INFO  server.RaftServerConfigKeys (ConfUtils.java:logGet(43)) - raft.server.retrycache.expirytime = 600000ms (custom)
2019-09-12 11:56:48,190 [pool-27-thread-1] INFO  impl.RaftServerImpl (RaftServerImpl.java:start(180)) - f8fc3649-0cfb-44b5-b2db-665c617086f3: start group-73CEC35C5E85
2019-09-12 11:56:48,192 [pool-27-thread-1] INFO  impl.RaftServerImpl (RaftServerImpl.java:setRole(171)) - f8fc3649-0cfb-44b5-b2db-665c617086f3:group-73CEC35C5E85 changes role from null to FOLLOWER at term 0 for startAsFollower
2019-09-12 11:56:48,192 [pool-27-thread-1] INFO  impl.RoleInfo (RoleInfo.java:updateAndGet(143)) - f8fc3649-0cfb-44b5-b2db-665c617086f3: start FollowerState
2019-09-12 11:56:48,194 [pool-27-thread-1] INFO  util.JmxRegister (JmxRegister.java:tryRegister(44)) - Successfully registered JMX Bean with object name Ratis:service=RaftServer,group=group-73CEC35C5E85,id=f8fc3649-0cfb-44b5-b2db-665c617086f3
2019-09-12 11:56:48,211 [RatisPipelineUtilsThread] INFO  pipeline.PipelineStateManager (PipelineStateManager.java:addPipeline(56)) - Created pipeline Pipeline[ Id: 0cf32eec-d0c1-468c-8625-73cec35c5e85, Nodes: f8fc3649-0cfb-44b5-b2db-665c617086f3{ip: 192.168.157.195, host: pr-hdds-1569-xtfnx-3545843844, networkLocation: /default-rack, certSerialId: null}, Type:RATIS, Factor:ONE, State:OPEN]
2019-09-12 11:56:48,222 | INFO  | SCMAudit | user=jenkins1000 | ip=192.168.157.195 | op=SEND_HEARTBEAT {datanodeUUID=7c1edd01-6b93-44c9-a455-1bd851e1af30, command=[]} | ret=SUCCESS |  
2019-09-12 11:56:48,226 [grpc-default-executor-0] INFO  impl.RaftServerProxy (RaftServerProxy.java:addNew(89)) - 7c1edd01-6b93-44c9-a455-1bd851e1af30: addNew group-005EC7352330:[7c1edd01-6b93-44c9-a455-1bd851e1af30:192.168.157.195:43783] returns group-005EC7352330:java.util.concurrent.CompletableFuture@7540320f[Not completed]
2019-09-12 11:56:48,228 [pool-49-thread-1] INFO  impl.RaftServerImpl (RaftServerImpl.java:<init>(93)) - 7c1edd01-6b93-44c9-a455-1bd851e1af30: new RaftServerImpl for group-005EC7352330:[7c1edd01-6b93-44c9-a455-1bd851e1af30:192.168.157.195:43783] with ContainerStateMachine:uninitialized
2019-09-12 11:56:48,228 [pool-49-thread-1] INFO  server.RaftServerConfigKeys (ConfUtils.java:logGet(43)) - raft.server.rpc.timeout.min = 5s (custom)
2019-09-12 11:56:48,228 [pool-49-thread-1] INFO  server.RaftServerConfigKeys (ConfUtils.java:logGet(43)) - raft.server.rpc.timeout.max = 5200ms (custom)
2019-09-12 11:56:48,228 [pool-49-thread-1] INFO  server.RaftServerConfigKeys (ConfUtils.java:logGet(43)) - raft.server.rpcslowness.timeout = 120s (custom)
2019-09-12 11:56:48,228 [pool-49-thread-1] INFO  server.RaftServerConfigKeys (ConfUtils.java:logGet(43)) - raft.server.sleep.deviation.threshold = 300 (default)
2019-09-12 11:56:48,228 [pool-49-thread-1] INFO  server.RaftServerConfigKeys (ConfUtils.java:logGet(43)) - raft.server.log.appender.install.snapshot.enabled = false (custom)
2019-09-12 11:56:48,228 [pool-49-thread-1] INFO  impl.RaftServerImpl (ServerState.java:<init>(105)) - 7c1edd01-6b93-44c9-a455-1bd851e1af30:group-005EC7352330 ConfigurationManager, init=-1: [7c1edd01-6b93-44c9-a455-1bd851e1af30:192.168.157.195:43783], old=null, confs=<EMPTY_MAP>
2019-09-12 11:56:48,229 [pool-49-thread-1] INFO  server.RaftServerConfigKeys (ConfUtils.java:logGet(43)) - raft.server.storage.dir = [/workdir/hadoop-ozone/tools/target/test-dir/MiniOzoneClusterImpl-659e2a06-c254-4d33-90f4-66e0a49906bb/datanode-2/data/ratis] (custom)
2019-09-12 11:56:48,229 [pool-49-thread-1] INFO  storage.RaftStorageDirectory (RaftStorageDirectory.java:analyzeStorage(246)) - The storage directory /workdir/hadoop-ozone/tools/target/test-dir/MiniOzoneClusterImpl-659e2a06-c254-4d33-90f4-66e0a49906bb/datanode-2/data/ratis/90c11abc-3266-4489-8cf7-005ec7352330 does not exist. Creating ...
2019-09-12 11:56:48,250 | INFO  | OMAudit | user=jenkins1000 | ip=127.0.0.1 | op=CREATE_VOLUME {admin=jenkins1000, owner=jenkins1000, volume=vol-6-13077, creationTime=1568289408249, quotaInBytes=1152921504606846976} | ret=SUCCESS |  
2019-09-12 11:56:48,250 | INFO  | OMAudit | user=jenkins1000 | ip=127.0.0.1 | op=CREATE_VOLUME {admin=jenkins1000, owner=jenkins1000, volume=vol-4-11154, creationTime=1568289408250, quotaInBytes=1152921504606846976} | ret=SUCCESS |  
2019-09-12 11:56:48,250 | INFO  | OMAudit | user=jenkins1000 | ip=127.0.0.1 | op=CREATE_VOLUME {admin=jenkins1000, owner=jenkins1000, volume=vol-2-95639, creationTime=1568289408225, quotaInBytes=1152921504606846976} | ret=SUCCESS |  
2019-09-12 11:56:48,249 | INFO  | OMAudit | user=jenkins1000 | ip=127.0.0.1 | op=CREATE_VOLUME {admin=jenkins1000, owner=jenkins1000, volume=vol-5-10775, creationTime=1568289408249, quotaInBytes=1152921504606846976} | ret=SUCCESS |  
2019-09-12 11:56:48,248 | INFO  | OMAudit | user=jenkins1000 | ip=127.0.0.1 | op=CREATE_VOLUME {admin=jenkins1000, owner=jenkins1000, volume=vol-8-10052, creationTime=1568289408248, quotaInBytes=1152921504606846976} | ret=SUCCESS |  
2019-09-12 11:56:48,250 | INFO  | OMAudit | user=jenkins1000 | ip=127.0.0.1 | op=CREATE_VOLUME {admin=jenkins1000, owner=jenkins1000, volume=vol-0-78252, creationTime=1568289408250, quotaInBytes=1152921504606846976} | ret=SUCCESS |  
2019-09-12 11:56:48,249 | INFO  | OMAudit | user=jenkins1000 | ip=127.0.0.1 | op=CREATE_VOLUME {admin=jenkins1000, owner=jenkins1000, volume=vol-9-09254, creationTime=1568289408248, quotaInBytes=1152921504606846976} | ret=SUCCESS |  
2019-09-12 11:56:48,249 | INFO  | OMAudit | user=jenkins1000 | ip=127.0.0.1 | op=CREATE_VOLUME {admin=jenkins1000, owner=jenkins1000, volume=vol-7-08810, creationTime=1568289408249, quotaInBytes=1152921504606846976} | ret=SUCCESS |  
2019-09-12 11:56:48,251 | INFO  | OMAudit | user=jenkins1000 | ip=127.0.0.1 | op=CREATE_VOLUME {admin=jenkins1000, owner=jenkins1000, volume=vol-3-35304, creationTime=1568289408250, quotaInBytes=1152921504606846976} | ret=SUCCESS |  
2019-09-12 11:56:48,252 | INFO  | OMAudit | user=jenkins1000 | ip=127.0.0.1 | op=CREATE_VOLUME {admin=jenkins1000, owner=jenkins1000, volume=vol-1-30410, creationTime=1568289408251, quotaInBytes=1152921504606846976} | ret=SUCCESS |  
2019-09-12 11:56:48,260 [pool-49-thread-1] INFO  storage.RaftStorageDirectory (RaftStorageDirectory.java:tryLock(328)) - Lock on /workdir/hadoop-ozone/tools/target/test-dir/MiniOzoneClusterImpl-659e2a06-c254-4d33-90f4-66e0a49906bb/datanode-2/data/ratis/90c11abc-3266-4489-8cf7-005ec7352330/in_use.lock acquired by nodename 21463@pr-hdds-1569-xtfnx-3545843844
2019-09-12 11:56:48,279 | INFO  | OMAudit | user=jenkins1000 | ip=127.0.0.1 | op=READ_VOLUME {volume=vol-5-10775} | ret=SUCCESS |  
2019-09-12 11:56:48,279 | INFO  | OMAudit | user=jenkins1000 | ip=127.0.0.1 | op=READ_VOLUME {volume=vol-8-10052} | ret=SUCCESS |  
2019-09-12 11:56:48,279 | INFO  | OMAudit | user=jenkins1000 | ip=127.0.0.1 | op=READ_VOLUME {volume=vol-3-35304} | ret=SUCCESS |  
2019-09-12 11:56:48,279 | INFO  | OMAudit | user=jenkins1000 | ip=127.0.0.1 | op=READ_VOLUME {volume=vol-4-11154} | ret=SUCCESS |  
2019-09-12 11:56:48,279 | INFO  | OMAudit | user=jenkins1000 | ip=127.0.0.1 | op=READ_VOLUME {volume=vol-9-09254} | ret=SUCCESS |  
2019-09-12 11:56:48,279 | INFO  | OMAudit | user=jenkins1000 | ip=127.0.0.1 | op=READ_VOLUME {volume=vol-2-95639} | ret=SUCCESS |  
2019-09-12 11:56:48,279 | INFO  | OMAudit | user=jenkins1000 | ip=127.0.0.1 | op=READ_VOLUME {volume=vol-1-30410} | ret=SUCCESS |  
2019-09-12 11:56:48,279 | INFO  | OMAudit | user=jenkins1000 | ip=127.0.0.1 | op=READ_VOLUME {volume=vol-0-78252} | ret=SUCCESS |  
2019-09-12 11:56:48,279 | INFO  | OMAudit | user=jenkins1000 | ip=127.0.0.1 | op=READ_VOLUME {volume=vol-6-13077} | ret=SUCCESS |  
2019-09-12 11:56:48,279 | INFO  | OMAudit | user=jenkins1000 | ip=127.0.0.1 | op=READ_VOLUME {volume=vol-7-08810} | ret=SUCCESS |  
2019-09-12 11:56:48,288 [pool-49-thread-1] INFO  storage.RaftStorage (RaftStorage.java:format(72)) - Storage directory /workdir/hadoop-ozone/tools/target/test-dir/MiniOzoneClusterImpl-659e2a06-c254-4d33-90f4-66e0a49906bb/datanode-2/data/ratis/90c11abc-3266-4489-8cf7-005ec7352330 has been successfully formatted.
2019-09-12 11:56:48,288 [pool-78-thread-5] INFO  rpc.RpcClient (RpcClient.java:createBucket(432)) - Creating Bucket: vol-8-10052/bucket-0-76673, with Versioning false and Storage Type set to DISK and Encryption set to false 
2019-09-12 11:56:48,288 [pool-78-thread-7] INFO  rpc.RpcClient (RpcClient.java:createBucket(432)) - Creating Bucket: vol-6-13077/bucket-0-84388, with Versioning false and Storage Type set to DISK and Encryption set to false 
2019-09-12 11:56:48,288 [pool-49-thread-1] INFO  ratis.ContainerStateMachine (ContainerStateMachine.java:loadSnapshot(226)) - group-005EC7352330: The snapshot info is null. Setting the last applied indexto:(t:0, i:~)
2019-09-12 11:56:48,288 [pool-78-thread-10] INFO  rpc.RpcClient (RpcClient.java:createBucket(432)) - Creating Bucket: vol-3-35304/bucket-0-07436, with Versioning false and Storage Type set to DISK and Encryption set to false 
2019-09-12 11:56:48,288 [pool-78-thread-4] INFO  rpc.RpcClient (RpcClient.java:createBucket(432)) - Creating Bucket: vol-1-30410/bucket-0-85187, with Versioning false and Storage Type set to DISK and Encryption set to false 
2019-09-12 11:56:48,288 [pool-78-thread-1] INFO  rpc.RpcClient (RpcClient.java:createBucket(432)) - Creating Bucket: vol-9-09254/bucket-0-57293, with Versioning false and Storage Type set to DISK and Encryption set to false 
2019-09-12 11:56:48,288 [pool-78-thread-3] INFO  rpc.RpcClient (RpcClient.java:createBucket(432)) - Creating Bucket: vol-5-10775/bucket-0-00771, with Versioning false and Storage Type set to DISK and Encryption set to false 
2019-09-12 11:56:48,288 [pool-78-thread-8] INFO  rpc.RpcClient (RpcClient.java:createBucket(432)) - Creating Bucket: vol-7-08810/bucket-0-39617, with Versioning false and Storage Type set to DISK and Encryption set to false 
2019-09-12 11:56:48,288 [pool-49-thread-1] INFO  server.RaftServerConfigKeys (ConfUtils.java:logGet(43)) - raft.server.leader.election.timeout = 120s (custom)
2019-09-12 11:56:48,289 [pool-49-thread-1] INFO  server.RaftServerConfigKeys (ConfUtils.java:logGet(43)) - raft.server.log.use.memory = false (default)
2019-09-12 11:56:48,290 [pool-49-thread-1] INFO  server.RaftServerConfigKeys (ConfUtils.java:logGet(43)) - raft.server.log.purge.gap = 1000000 (custom)
2019-09-12 11:56:48,290 [pool-49-thread-1] INFO  server.RaftServerConfigKeys (ConfUtils.java:logGet(43)) - raft.server.log.appender.buffer.byte-limit = 33554432 (custom)
2019-09-12 11:56:48,290 [pool-49-thread-1] INFO  server.RaftServerConfigKeys (ConfUtils.java:logGet(43)) - raft.server.log.segment.size.max = 1048576 (custom)
2019-09-12 11:56:48,290 [pool-49-thread-1] INFO  server.RaftServerConfigKeys (ConfUtils.java:logGet(43)) - raft.server.log.segment.cache.num.max = 2 (custom)
2019-09-12 11:56:48,290 [pool-49-thread-1] INFO  segmented.SegmentedRaftLogWorker (SegmentedRaftLogWorker.java:<init>(172)) - new 7c1edd01-6b93-44c9-a455-1bd851e1af30-SegmentedRaftLogWorker:Storage Directory /workdir/hadoop-ozone/tools/target/test-dir/MiniOzoneClusterImpl-659e2a06-c254-4d33-90f4-66e0a49906bb/datanode-2/data/ratis/90c11abc-3266-4489-8cf7-005ec7352330 for RaftStorage:Storage Directory /workdir/hadoop-ozone/tools/target/test-dir/MiniOzoneClusterImpl-659e2a06-c254-4d33-90f4-66e0a49906bb/datanode-2/data/ratis/90c11abc-3266-4489-8cf7-005ec7352330
2019-09-12 11:56:48,291 [pool-49-thread-1] INFO  server.RaftServerConfigKeys (ConfUtils.java:logGet(43)) - raft.server.log.queue.byte-limit = 2147483647 (custom)
2019-09-12 11:56:48,291 [pool-49-thread-1] INFO  server.RaftServerConfigKeys (ConfUtils.java:logGet(43)) - raft.server.log.queue.element-limit = 1024 (custom)
2019-09-12 11:56:48,291 [pool-49-thread-1] INFO  server.RaftServerConfigKeys (ConfUtils.java:logGet(43)) - raft.server.log.segment.size.max = 1048576 (custom)
2019-09-12 11:56:48,291 [pool-49-thread-1] INFO  server.RaftServerConfigKeys (ConfUtils.java:logGet(43)) - raft.server.log.preallocated.size = 16384 (custom)
2019-09-12 11:56:48,291 [pool-49-thread-1] INFO  server.RaftServerConfigKeys (ConfUtils.java:logGet(43)) - raft.server.log.write.buffer.size = 33554432 (custom)
2019-09-12 11:56:48,291 [pool-49-thread-1] INFO  server.RaftServerConfigKeys (ConfUtils.java:logGet(43)) - raft.server.log.force.sync.num = 128 (default)
2019-09-12 11:56:48,292 [pool-49-thread-1] INFO  server.RaftServerConfigKeys (ConfUtils.java:logGet(43)) - raft.server.log.statemachine.data.sync = true (default)
2019-09-12 11:56:48,292 [pool-49-thread-1] INFO  server.RaftServerConfigKeys (ConfUtils.java:logGet(43)) - raft.server.log.statemachine.data.sync.timeout = 10s (default)
2019-09-12 11:56:48,292 [pool-49-thread-1] INFO  server.RaftServerConfigKeys (ConfUtils.java:logGet(43)) - raft.server.log.statemachine.data.sync.timeout.retry = -1 (default)
2019-09-12 11:56:48,292 [pool-49-thread-1] INFO  server.RaftServerConfigKeys (ConfUtils.java:logGet(43)) - raft.server.log.statemachine.data.caching.enabled = true (custom)
2019-09-12 11:56:48,293 [pool-49-thread-1] INFO  segmented.SegmentedRaftLogWorker (SegmentedRaftLogWorker.java:lambda$new$0(132)) - 7c1edd01-6b93-44c9-a455-1bd851e1af30-SegmentedRaftLogWorker:Storage Directory /workdir/hadoop-ozone/tools/target/test-dir/MiniOzoneClusterImpl-659e2a06-c254-4d33-90f4-66e0a49906bb/datanode-2/data/ratis/90c11abc-3266-4489-8cf7-005ec7352330: flushIndex: setUnconditionally 0 -> -1
2019-09-12 11:56:48,293 [pool-49-thread-1] INFO  server.RaftServerConfigKeys (ConfUtils.java:logGet(43)) - raft.server.snapshot.auto.trigger.enabled = true (custom)
2019-09-12 11:56:48,293 [pool-49-thread-1] INFO  server.RaftServerConfigKeys (ConfUtils.java:logGet(43)) - raft.server.snapshot.auto.trigger.threshold = 10000 (custom)
2019-09-12 11:56:48,293 [pool-49-thread-1] INFO  server.RaftServerConfigKeys (ConfUtils.java:logGet(43)) - raft.server.retrycache.expirytime = 600000ms (custom)
2019-09-12 11:56:48,294 [pool-49-thread-1] INFO  impl.RaftServerImpl (RaftServerImpl.java:start(180)) - 7c1edd01-6b93-44c9-a455-1bd851e1af30: start group-005EC7352330
2019-09-12 11:56:48,294 [pool-49-thread-1] INFO  impl.RaftServerImpl (RaftServerImpl.java:setRole(171)) - 7c1edd01-6b93-44c9-a455-1bd851e1af30:group-005EC7352330 changes role from null to FOLLOWER at term 0 for startAsFollower
2019-09-12 11:56:48,294 [pool-49-thread-1] INFO  impl.RoleInfo (RoleInfo.java:updateAndGet(143)) - 7c1edd01-6b93-44c9-a455-1bd851e1af30: start FollowerState
2019-09-12 11:56:48,294 [pool-49-thread-1] INFO  util.JmxRegister (JmxRegister.java:tryRegister(44)) - Successfully registered JMX Bean with object name Ratis:service=RaftServer,group=group-005EC7352330,id=7c1edd01-6b93-44c9-a455-1bd851e1af30
2019-09-12 11:56:48,296 [pool-78-thread-9] INFO  rpc.RpcClient (RpcClient.java:createBucket(432)) - Creating Bucket: vol-4-11154/bucket-0-38536, with Versioning false and Storage Type set to DISK and Encryption set to false 
2019-09-12 11:56:48,298 [pool-78-thread-2] INFO  rpc.RpcClient (RpcClient.java:createBucket(432)) - Creating Bucket: vol-2-95639/bucket-0-61098, with Versioning false and Storage Type set to DISK and Encryption set to false 
2019-09-12 11:56:48,296 [pool-78-thread-6] INFO  rpc.RpcClient (RpcClient.java:createBucket(432)) - Creating Bucket: vol-0-78252/bucket-0-03469, with Versioning false and Storage Type set to DISK and Encryption set to false 
2019-09-12 11:56:48,329 [RatisPipelineUtilsThread] INFO  pipeline.PipelineStateManager (PipelineStateManager.java:addPipeline(56)) - Created pipeline Pipeline[ Id: 90c11abc-3266-4489-8cf7-005ec7352330, Nodes: 7c1edd01-6b93-44c9-a455-1bd851e1af30{ip: 192.168.157.195, host: pr-hdds-1569-xtfnx-3545843844, networkLocation: /default-rack, certSerialId: null}, Type:RATIS, Factor:ONE, State:OPEN]
2019-09-12 11:56:48,335 | INFO  | OMAudit | user=jenkins1000 | ip=127.0.0.1 | op=CREATE_BUCKET {volume=vol-0-78252, bucket=bucket-0-03469, acls=[user:jenkins1000:a[ACCESS], group:default:a[ACCESS]], isVersionEnabled=false, storageType=DISK, creationTime=0} | ret=SUCCESS |  
2019-09-12 11:56:48,335 | INFO  | OMAudit | user=jenkins1000 | ip=127.0.0.1 | op=CREATE_BUCKET {volume=vol-5-10775, bucket=bucket-0-00771, acls=[user:jenkins1000:a[ACCESS], group:default:a[ACCESS]], isVersionEnabled=false, storageType=DISK, creationTime=0} | ret=SUCCESS |  
2019-09-12 11:56:48,335 | INFO  | OMAudit | user=jenkins1000 | ip=127.0.0.1 | op=CREATE_BUCKET {volume=vol-1-30410, bucket=bucket-0-85187, acls=[user:jenkins1000:a[ACCESS], group:default:a[ACCESS]], isVersionEnabled=false, storageType=DISK, creationTime=0} | ret=SUCCESS |  
2019-09-12 11:56:48,335 | INFO  | OMAudit | user=jenkins1000 | ip=127.0.0.1 | op=CREATE_BUCKET {volume=vol-9-09254, bucket=bucket-0-57293, acls=[user:jenkins1000:a[ACCESS], group:default:a[ACCESS]], isVersionEnabled=false, storageType=DISK, creationTime=0} | ret=SUCCESS |  
2019-09-12 11:56:48,335 | INFO  | OMAudit | user=jenkins1000 | ip=127.0.0.1 | op=CREATE_BUCKET {volume=vol-6-13077, bucket=bucket-0-84388, acls=[user:jenkins1000:a[ACCESS], group:default:a[ACCESS]], isVersionEnabled=false, storageType=DISK, creationTime=0} | ret=SUCCESS |  
2019-09-12 11:56:48,335 | INFO  | OMAudit | user=jenkins1000 | ip=127.0.0.1 | op=CREATE_BUCKET {volume=vol-8-10052, bucket=bucket-0-76673, acls=[user:jenkins1000:a[ACCESS], group:default:a[ACCESS]], isVersionEnabled=false, storageType=DISK, creationTime=0} | ret=SUCCESS |  
2019-09-12 11:56:48,335 | INFO  | OMAudit | user=jenkins1000 | ip=127.0.0.1 | op=CREATE_BUCKET {volume=vol-7-08810, bucket=bucket-0-39617, acls=[user:jenkins1000:a[ACCESS], group:default:a[ACCESS]], isVersionEnabled=false, storageType=DISK, creationTime=0} | ret=SUCCESS |  
2019-09-12 11:56:48,335 | INFO  | OMAudit | user=jenkins1000 | ip=127.0.0.1 | op=CREATE_BUCKET {volume=vol-2-95639, bucket=bucket-0-61098, acls=[user:jenkins1000:a[ACCESS], group:default:a[ACCESS]], isVersionEnabled=false, storageType=DISK, creationTime=0} | ret=SUCCESS |  
2019-09-12 11:56:48,335 | INFO  | OMAudit | user=jenkins1000 | ip=127.0.0.1 | op=CREATE_BUCKET {volume=vol-4-11154, bucket=bucket-0-38536, acls=[user:jenkins1000:a[ACCESS], group:default:a[ACCESS]], isVersionEnabled=false, storageType=DISK, creationTime=0} | ret=SUCCESS |  
2019-09-12 11:56:48,335 | INFO  | OMAudit | user=jenkins1000 | ip=127.0.0.1 | op=CREATE_BUCKET {volume=vol-3-35304, bucket=bucket-0-07436, acls=[user:jenkins1000:a[ACCESS], group:default:a[ACCESS]], isVersionEnabled=false, storageType=DISK, creationTime=0} | ret=SUCCESS |  
2019-09-12 11:56:48,339 [grpc-default-executor-0] INFO  impl.RaftServerProxy (RaftServerProxy.java:addNew(89)) - f8fc3649-0cfb-44b5-b2db-665c617086f3: addNew group-4F187B5F4E30:[f8fc3649-0cfb-44b5-b2db-665c617086f3:192.168.157.195:46385] returns group-4F187B5F4E30:java.util.concurrent.CompletableFuture@2bf2e2ae[Not completed]
2019-09-12 11:56:48,340 [pool-27-thread-1] INFO  impl.RaftServerImpl (RaftServerImpl.java:<init>(93)) - f8fc3649-0cfb-44b5-b2db-665c617086f3: new RaftServerImpl for group-4F187B5F4E30:[f8fc3649-0cfb-44b5-b2db-665c617086f3:192.168.157.195:46385] with ContainerStateMachine:uninitialized
2019-09-12 11:56:48,340 [pool-27-thread-1] INFO  server.RaftServerConfigKeys (ConfUtils.java:logGet(43)) - raft.server.rpc.timeout.min = 5s (custom)
2019-09-12 11:56:48,340 [pool-27-thread-1] INFO  server.RaftServerConfigKeys (ConfUtils.java:logGet(43)) - raft.server.rpc.timeout.max = 5200ms (custom)
2019-09-12 11:56:48,341 [pool-27-thread-1] INFO  server.RaftServerConfigKeys (ConfUtils.java:logGet(43)) - raft.server.rpcslowness.timeout = 120s (custom)
2019-09-12 11:56:48,341 [pool-27-thread-1] INFO  server.RaftServerConfigKeys (ConfUtils.java:logGet(43)) - raft.server.sleep.deviation.threshold = 300 (default)
2019-09-12 11:56:48,341 [pool-27-thread-1] INFO  server.RaftServerConfigKeys (ConfUtils.java:logGet(43)) - raft.server.log.appender.install.snapshot.enabled = false (custom)
2019-09-12 11:56:48,341 [pool-27-thread-1] INFO  impl.RaftServerImpl (ServerState.java:<init>(105)) - f8fc3649-0cfb-44b5-b2db-665c617086f3:group-4F187B5F4E30 ConfigurationManager, init=-1: [f8fc3649-0cfb-44b5-b2db-665c617086f3:192.168.157.195:46385], old=null, confs=<EMPTY_MAP>
2019-09-12 11:56:48,341 [pool-27-thread-1] INFO  server.RaftServerConfigKeys (ConfUtils.java:logGet(43)) - raft.server.storage.dir = [/workdir/hadoop-ozone/tools/target/test-dir/MiniOzoneClusterImpl-659e2a06-c254-4d33-90f4-66e0a49906bb/datanode-0/data/ratis] (custom)
2019-09-12 11:56:48,344 [pool-27-thread-1] INFO  storage.RaftStorageDirectory (RaftStorageDirectory.java:analyzeStorage(246)) - The storage directory /workdir/hadoop-ozone/tools/target/test-dir/MiniOzoneClusterImpl-659e2a06-c254-4d33-90f4-66e0a49906bb/datanode-0/data/ratis/8a1e5105-c57f-4387-86ff-4f187b5f4e30 does not exist. Creating ...
2019-09-12 11:56:48,346 | INFO  | OMAudit | user=jenkins1000 | ip=127.0.0.1 | op=READ_BUCKET {volume=vol-4-11154, bucket=bucket-0-38536} | ret=SUCCESS |  
2019-09-12 11:56:48,346 | INFO  | OMAudit | user=jenkins1000 | ip=127.0.0.1 | op=READ_BUCKET {volume=vol-1-30410, bucket=bucket-0-85187} | ret=SUCCESS |  
2019-09-12 11:56:48,346 | INFO  | OMAudit | user=jenkins1000 | ip=127.0.0.1 | op=READ_BUCKET {volume=vol-2-95639, bucket=bucket-0-61098} | ret=SUCCESS |  
2019-09-12 11:56:48,346 | INFO  | OMAudit | user=jenkins1000 | ip=127.0.0.1 | op=READ_BUCKET {volume=vol-5-10775, bucket=bucket-0-00771} | ret=SUCCESS |  
2019-09-12 11:56:48,346 | INFO  | OMAudit | user=jenkins1000 | ip=127.0.0.1 | op=READ_BUCKET {volume=vol-6-13077, bucket=bucket-0-84388} | ret=SUCCESS |  
2019-09-12 11:56:48,346 | INFO  | OMAudit | user=jenkins1000 | ip=127.0.0.1 | op=READ_BUCKET {volume=vol-7-08810, bucket=bucket-0-39617} | ret=SUCCESS |  
2019-09-12 11:56:48,346 | INFO  | OMAudit | user=jenkins1000 | ip=127.0.0.1 | op=READ_BUCKET {volume=vol-3-35304, bucket=bucket-0-07436} | ret=SUCCESS |  
2019-09-12 11:56:48,346 | INFO  | OMAudit | user=jenkins1000 | ip=127.0.0.1 | op=READ_BUCKET {volume=vol-0-78252, bucket=bucket-0-03469} | ret=SUCCESS |  
2019-09-12 11:56:48,346 | INFO  | OMAudit | user=jenkins1000 | ip=127.0.0.1 | op=READ_BUCKET {volume=vol-8-10052, bucket=bucket-0-76673} | ret=SUCCESS |  
2019-09-12 11:56:48,346 | INFO  | OMAudit | user=jenkins1000 | ip=127.0.0.1 | op=READ_BUCKET {volume=vol-9-09254, bucket=bucket-0-57293} | ret=SUCCESS |  
2019-09-12 11:56:48,367 [pool-27-thread-1] INFO  storage.RaftStorageDirectory (RaftStorageDirectory.java:tryLock(328)) - Lock on /workdir/hadoop-ozone/tools/target/test-dir/MiniOzoneClusterImpl-659e2a06-c254-4d33-90f4-66e0a49906bb/datanode-0/data/ratis/8a1e5105-c57f-4387-86ff-4f187b5f4e30/in_use.lock acquired by nodename 21463@pr-hdds-1569-xtfnx-3545843844
2019-09-12 11:56:48,380 [pool-27-thread-1] INFO  storage.RaftStorage (RaftStorage.java:format(72)) - Storage directory /workdir/hadoop-ozone/tools/target/test-dir/MiniOzoneClusterImpl-659e2a06-c254-4d33-90f4-66e0a49906bb/datanode-0/data/ratis/8a1e5105-c57f-4387-86ff-4f187b5f4e30 has been successfully formatted.
2019-09-12 11:56:48,380 [pool-27-thread-1] INFO  ratis.ContainerStateMachine (ContainerStateMachine.java:loadSnapshot(226)) - group-4F187B5F4E30: The snapshot info is null. Setting the last applied indexto:(t:0, i:~)
2019-09-12 11:56:48,381 [pool-27-thread-1] INFO  server.RaftServerConfigKeys (ConfUtils.java:logGet(43)) - raft.server.leader.election.timeout = 120s (custom)
2019-09-12 11:56:48,381 [pool-27-thread-1] INFO  server.RaftServerConfigKeys (ConfUtils.java:logGet(43)) - raft.server.log.use.memory = false (default)
2019-09-12 11:56:48,381 [pool-27-thread-1] INFO  server.RaftServerConfigKeys (ConfUtils.java:logGet(43)) - raft.server.log.purge.gap = 1000000 (custom)
2019-09-12 11:56:48,381 [pool-27-thread-1] INFO  server.RaftServerConfigKeys (ConfUtils.java:logGet(43)) - raft.server.log.appender.buffer.byte-limit = 33554432 (custom)
2019-09-12 11:56:48,381 [pool-27-thread-1] INFO  server.RaftServerConfigKeys (ConfUtils.java:logGet(43)) - raft.server.log.segment.size.max = 1048576 (custom)
2019-09-12 11:56:48,381 [pool-27-thread-1] INFO  server.RaftServerConfigKeys (ConfUtils.java:logGet(43)) - raft.server.log.segment.cache.num.max = 2 (custom)
2019-09-12 11:56:48,381 [pool-27-thread-1] INFO  segmented.SegmentedRaftLogWorker (SegmentedRaftLogWorker.java:<init>(172)) - new f8fc3649-0cfb-44b5-b2db-665c617086f3-SegmentedRaftLogWorker:Storage Directory /workdir/hadoop-ozone/tools/target/test-dir/MiniOzoneClusterImpl-659e2a06-c254-4d33-90f4-66e0a49906bb/datanode-0/data/ratis/8a1e5105-c57f-4387-86ff-4f187b5f4e30 for RaftStorage:Storage Directory /workdir/hadoop-ozone/tools/target/test-dir/MiniOzoneClusterImpl-659e2a06-c254-4d33-90f4-66e0a49906bb/datanode-0/data/ratis/8a1e5105-c57f-4387-86ff-4f187b5f4e30
2019-09-12 11:56:48,381 [pool-27-thread-1] INFO  server.RaftServerConfigKeys (ConfUtils.java:logGet(43)) - raft.server.log.queue.byte-limit = 2147483647 (custom)
2019-09-12 11:56:48,382 [pool-27-thread-1] INFO  server.RaftServerConfigKeys (ConfUtils.java:logGet(43)) - raft.server.log.queue.element-limit = 1024 (custom)
2019-09-12 11:56:48,382 [pool-27-thread-1] INFO  server.RaftServerConfigKeys (ConfUtils.java:logGet(43)) - raft.server.log.segment.size.max = 1048576 (custom)
2019-09-12 11:56:48,382 [pool-27-thread-1] INFO  server.RaftServerConfigKeys (ConfUtils.java:logGet(43)) - raft.server.log.preallocated.size = 16384 (custom)
2019-09-12 11:56:48,382 [pool-27-thread-1] INFO  server.RaftServerConfigKeys (ConfUtils.java:logGet(43)) - raft.server.log.write.buffer.size = 33554432 (custom)
2019-09-12 11:56:48,382 [pool-27-thread-1] INFO  server.RaftServerConfigKeys (ConfUtils.java:logGet(43)) - raft.server.log.force.sync.num = 128 (default)
2019-09-12 11:56:48,382 [pool-27-thread-1] INFO  server.RaftServerConfigKeys (ConfUtils.java:logGet(43)) - raft.server.log.statemachine.data.sync = true (default)
2019-09-12 11:56:48,382 [pool-27-thread-1] INFO  server.RaftServerConfigKeys (ConfUtils.java:logGet(43)) - raft.server.log.statemachine.data.sync.timeout = 10s (default)
2019-09-12 11:56:48,383 [pool-27-thread-1] INFO  server.RaftServerConfigKeys (ConfUtils.java:logGet(43)) - raft.server.log.statemachine.data.sync.timeout.retry = -1 (default)
2019-09-12 11:56:48,383 [pool-27-thread-1] INFO  server.RaftServerConfigKeys (ConfUtils.java:logGet(43)) - raft.server.log.statemachine.data.caching.enabled = true (custom)
2019-09-12 11:56:48,383 [pool-27-thread-1] INFO  segmented.SegmentedRaftLogWorker (SegmentedRaftLogWorker.java:lambda$new$0(132)) - f8fc3649-0cfb-44b5-b2db-665c617086f3-SegmentedRaftLogWorker:Storage Directory /workdir/hadoop-ozone/tools/target/test-dir/MiniOzoneClusterImpl-659e2a06-c254-4d33-90f4-66e0a49906bb/datanode-0/data/ratis/8a1e5105-c57f-4387-86ff-4f187b5f4e30: flushIndex: setUnconditionally 0 -> -1
2019-09-12 11:56:48,383 [pool-27-thread-1] INFO  server.RaftServerConfigKeys (ConfUtils.java:logGet(43)) - raft.server.snapshot.auto.trigger.enabled = true (custom)
2019-09-12 11:56:48,384 [pool-27-thread-1] INFO  server.RaftServerConfigKeys (ConfUtils.java:logGet(43)) - raft.server.snapshot.auto.trigger.threshold = 10000 (custom)
2019-09-12 11:56:48,384 [pool-27-thread-1] INFO  server.RaftServerConfigKeys (ConfUtils.java:logGet(43)) - raft.server.retrycache.expirytime = 600000ms (custom)
2019-09-12 11:56:48,384 [pool-27-thread-1] INFO  impl.RaftServerImpl (RaftServerImpl.java:start(180)) - f8fc3649-0cfb-44b5-b2db-665c617086f3: start group-4F187B5F4E30
2019-09-12 11:56:48,384 [pool-27-thread-1] INFO  impl.RaftServerImpl (RaftServerImpl.java:setRole(171)) - f8fc3649-0cfb-44b5-b2db-665c617086f3:group-4F187B5F4E30 changes role from null to FOLLOWER at term 0 for startAsFollower
2019-09-12 11:56:48,384 [pool-27-thread-1] INFO  impl.RoleInfo (RoleInfo.java:updateAndGet(143)) - f8fc3649-0cfb-44b5-b2db-665c617086f3: start FollowerState
2019-09-12 11:56:48,385 [pool-27-thread-1] INFO  util.JmxRegister (JmxRegister.java:tryRegister(44)) - Successfully registered JMX Bean with object name Ratis:service=RaftServer,group=group-4F187B5F4E30,id=f8fc3649-0cfb-44b5-b2db-665c617086f3
2019-09-12 11:56:48,390 [RatisPipelineUtilsThread] INFO  pipeline.PipelineStateManager (PipelineStateManager.java:addPipeline(56)) - Created pipeline Pipeline[ Id: 8a1e5105-c57f-4387-86ff-4f187b5f4e30, Nodes: f8fc3649-0cfb-44b5-b2db-665c617086f3{ip: 192.168.157.195, host: pr-hdds-1569-xtfnx-3545843844, networkLocation: /default-rack, certSerialId: null}, Type:RATIS, Factor:ONE, State:OPEN]
2019-09-12 11:56:48,391 [RatisPipelineUtilsThread] ERROR pipeline.PipelinePlacementPolicy (PipelinePlacementPolicy.java:meetCriteria(91)) - Pipeline Placement: Doesn't meet the criteria to be viable node. Heaviness: 6
2019-09-12 11:56:48,399 [grpc-default-executor-0] INFO  impl.RaftServerProxy (RaftServerProxy.java:addNew(89)) - 7c1edd01-6b93-44c9-a455-1bd851e1af30: addNew group-0C3B493DBCF9:[7c1edd01-6b93-44c9-a455-1bd851e1af30:192.168.157.195:43783] returns group-0C3B493DBCF9:java.util.concurrent.CompletableFuture@2c6f555f[Not completed]
2019-09-12 11:56:48,400 [pool-49-thread-1] INFO  impl.RaftServerImpl (RaftServerImpl.java:<init>(93)) - 7c1edd01-6b93-44c9-a455-1bd851e1af30: new RaftServerImpl for group-0C3B493DBCF9:[7c1edd01-6b93-44c9-a455-1bd851e1af30:192.168.157.195:43783] with ContainerStateMachine:uninitialized
2019-09-12 11:56:48,400 [pool-49-thread-1] INFO  server.RaftServerConfigKeys (ConfUtils.java:logGet(43)) - raft.server.rpc.timeout.min = 5s (custom)
2019-09-12 11:56:48,400 [pool-49-thread-1] INFO  server.RaftServerConfigKeys (ConfUtils.java:logGet(43)) - raft.server.rpc.timeout.max = 5200ms (custom)
2019-09-12 11:56:48,400 [pool-49-thread-1] INFO  server.RaftServerConfigKeys (ConfUtils.java:logGet(43)) - raft.server.rpcslowness.timeout = 120s (custom)
2019-09-12 11:56:48,401 [pool-49-thread-1] INFO  server.RaftServerConfigKeys (ConfUtils.java:logGet(43)) - raft.server.sleep.deviation.threshold = 300 (default)
2019-09-12 11:56:48,401 [pool-49-thread-1] INFO  server.RaftServerConfigKeys (ConfUtils.java:logGet(43)) - raft.server.log.appender.install.snapshot.enabled = false (custom)
2019-09-12 11:56:48,401 [pool-49-thread-1] INFO  impl.RaftServerImpl (ServerState.java:<init>(105)) - 7c1edd01-6b93-44c9-a455-1bd851e1af30:group-0C3B493DBCF9 ConfigurationManager, init=-1: [7c1edd01-6b93-44c9-a455-1bd851e1af30:192.168.157.195:43783], old=null, confs=<EMPTY_MAP>
2019-09-12 11:56:48,401 [pool-49-thread-1] INFO  server.RaftServerConfigKeys (ConfUtils.java:logGet(43)) - raft.server.storage.dir = [/workdir/hadoop-ozone/tools/target/test-dir/MiniOzoneClusterImpl-659e2a06-c254-4d33-90f4-66e0a49906bb/datanode-2/data/ratis] (custom)
2019-09-12 11:56:48,401 [pool-49-thread-1] INFO  storage.RaftStorageDirectory (RaftStorageDirectory.java:analyzeStorage(246)) - The storage directory /workdir/hadoop-ozone/tools/target/test-dir/MiniOzoneClusterImpl-659e2a06-c254-4d33-90f4-66e0a49906bb/datanode-2/data/ratis/93b4249b-db13-4bf6-8167-0c3b493dbcf9 does not exist. Creating ...
2019-09-12 11:56:48,414 [pool-49-thread-1] INFO  storage.RaftStorageDirectory (RaftStorageDirectory.java:tryLock(328)) - Lock on /workdir/hadoop-ozone/tools/target/test-dir/MiniOzoneClusterImpl-659e2a06-c254-4d33-90f4-66e0a49906bb/datanode-2/data/ratis/93b4249b-db13-4bf6-8167-0c3b493dbcf9/in_use.lock acquired by nodename 21463@pr-hdds-1569-xtfnx-3545843844
2019-09-12 11:56:48,427 [pool-49-thread-1] INFO  storage.RaftStorage (RaftStorage.java:format(72)) - Storage directory /workdir/hadoop-ozone/tools/target/test-dir/MiniOzoneClusterImpl-659e2a06-c254-4d33-90f4-66e0a49906bb/datanode-2/data/ratis/93b4249b-db13-4bf6-8167-0c3b493dbcf9 has been successfully formatted.
2019-09-12 11:56:48,427 [pool-49-thread-1] INFO  ratis.ContainerStateMachine (ContainerStateMachine.java:loadSnapshot(226)) - group-0C3B493DBCF9: The snapshot info is null. Setting the last applied indexto:(t:0, i:~)
2019-09-12 11:56:48,427 [pool-49-thread-1] INFO  server.RaftServerConfigKeys (ConfUtils.java:logGet(43)) - raft.server.leader.election.timeout = 120s (custom)
2019-09-12 11:56:48,427 [pool-49-thread-1] INFO  server.RaftServerConfigKeys (ConfUtils.java:logGet(43)) - raft.server.log.use.memory = false (default)
2019-09-12 11:56:48,427 [pool-49-thread-1] INFO  server.RaftServerConfigKeys (ConfUtils.java:logGet(43)) - raft.server.log.purge.gap = 1000000 (custom)
2019-09-12 11:56:48,427 [pool-49-thread-1] INFO  server.RaftServerConfigKeys (ConfUtils.java:logGet(43)) - raft.server.log.appender.buffer.byte-limit = 33554432 (custom)
2019-09-12 11:56:48,428 [pool-49-thread-1] INFO  server.RaftServerConfigKeys (ConfUtils.java:logGet(43)) - raft.server.log.segment.size.max = 1048576 (custom)
2019-09-12 11:56:48,428 [pool-49-thread-1] INFO  server.RaftServerConfigKeys (ConfUtils.java:logGet(43)) - raft.server.log.segment.cache.num.max = 2 (custom)
2019-09-12 11:56:48,428 [pool-49-thread-1] INFO  segmented.SegmentedRaftLogWorker (SegmentedRaftLogWorker.java:<init>(172)) - new 7c1edd01-6b93-44c9-a455-1bd851e1af30-SegmentedRaftLogWorker:Storage Directory /workdir/hadoop-ozone/tools/target/test-dir/MiniOzoneClusterImpl-659e2a06-c254-4d33-90f4-66e0a49906bb/datanode-2/data/ratis/93b4249b-db13-4bf6-8167-0c3b493dbcf9 for RaftStorage:Storage Directory /workdir/hadoop-ozone/tools/target/test-dir/MiniOzoneClusterImpl-659e2a06-c254-4d33-90f4-66e0a49906bb/datanode-2/data/ratis/93b4249b-db13-4bf6-8167-0c3b493dbcf9
2019-09-12 11:56:48,428 [pool-49-thread-1] INFO  server.RaftServerConfigKeys (ConfUtils.java:logGet(43)) - raft.server.log.queue.byte-limit = 2147483647 (custom)
2019-09-12 11:56:48,428 [pool-49-thread-1] INFO  server.RaftServerConfigKeys (ConfUtils.java:logGet(43)) - raft.server.log.queue.element-limit = 1024 (custom)
2019-09-12 11:56:48,428 [pool-49-thread-1] INFO  server.RaftServerConfigKeys (ConfUtils.java:logGet(43)) - raft.server.log.segment.size.max = 1048576 (custom)
2019-09-12 11:56:48,428 [pool-49-thread-1] INFO  server.RaftServerConfigKeys (ConfUtils.java:logGet(43)) - raft.server.log.preallocated.size = 16384 (custom)
2019-09-12 11:56:48,428 [pool-49-thread-1] INFO  server.RaftServerConfigKeys (ConfUtils.java:logGet(43)) - raft.server.log.write.buffer.size = 33554432 (custom)
2019-09-12 11:56:48,429 [pool-49-thread-1] INFO  server.RaftServerConfigKeys (ConfUtils.java:logGet(43)) - raft.server.log.force.sync.num = 128 (default)
2019-09-12 11:56:48,429 [pool-49-thread-1] INFO  server.RaftServerConfigKeys (ConfUtils.java:logGet(43)) - raft.server.log.statemachine.data.sync = true (default)
2019-09-12 11:56:48,429 [pool-49-thread-1] INFO  server.RaftServerConfigKeys (ConfUtils.java:logGet(43)) - raft.server.log.statemachine.data.sync.timeout = 10s (default)
2019-09-12 11:56:48,429 [pool-49-thread-1] INFO  server.RaftServerConfigKeys (ConfUtils.java:logGet(43)) - raft.server.log.statemachine.data.sync.timeout.retry = -1 (default)
2019-09-12 11:56:48,429 [pool-49-thread-1] INFO  server.RaftServerConfigKeys (ConfUtils.java:logGet(43)) - raft.server.log.statemachine.data.caching.enabled = true (custom)
2019-09-12 11:56:48,429 [pool-49-thread-1] INFO  segmented.SegmentedRaftLogWorker (SegmentedRaftLogWorker.java:lambda$new$0(132)) - 7c1edd01-6b93-44c9-a455-1bd851e1af30-SegmentedRaftLogWorker:Storage Directory /workdir/hadoop-ozone/tools/target/test-dir/MiniOzoneClusterImpl-659e2a06-c254-4d33-90f4-66e0a49906bb/datanode-2/data/ratis/93b4249b-db13-4bf6-8167-0c3b493dbcf9: flushIndex: setUnconditionally 0 -> -1
2019-09-12 11:56:48,430 [pool-49-thread-1] INFO  server.RaftServerConfigKeys (ConfUtils.java:logGet(43)) - raft.server.snapshot.auto.trigger.enabled = true (custom)
2019-09-12 11:56:48,430 [pool-49-thread-1] INFO  server.RaftServerConfigKeys (ConfUtils.java:logGet(43)) - raft.server.snapshot.auto.trigger.threshold = 10000 (custom)
2019-09-12 11:56:48,430 [pool-49-thread-1] INFO  server.RaftServerConfigKeys (ConfUtils.java:logGet(43)) - raft.server.retrycache.expirytime = 600000ms (custom)
2019-09-12 11:56:48,430 [pool-49-thread-1] INFO  impl.RaftServerImpl (RaftServerImpl.java:start(180)) - 7c1edd01-6b93-44c9-a455-1bd851e1af30: start group-0C3B493DBCF9
2019-09-12 11:56:48,430 [pool-49-thread-1] INFO  impl.RaftServerImpl (RaftServerImpl.java:setRole(171)) - 7c1edd01-6b93-44c9-a455-1bd851e1af30:group-0C3B493DBCF9 changes role from null to FOLLOWER at term 0 for startAsFollower
2019-09-12 11:56:48,430 [pool-49-thread-1] INFO  impl.RoleInfo (RoleInfo.java:updateAndGet(143)) - 7c1edd01-6b93-44c9-a455-1bd851e1af30: start FollowerState
2019-09-12 11:56:48,431 [pool-49-thread-1] INFO  util.JmxRegister (JmxRegister.java:tryRegister(44)) - Successfully registered JMX Bean with object name Ratis:service=RaftServer,group=group-0C3B493DBCF9,id=7c1edd01-6b93-44c9-a455-1bd851e1af30
2019-09-12 11:56:48,436 [RatisPipelineUtilsThread] INFO  pipeline.PipelineStateManager (PipelineStateManager.java:addPipeline(56)) - Created pipeline Pipeline[ Id: 93b4249b-db13-4bf6-8167-0c3b493dbcf9, Nodes: 7c1edd01-6b93-44c9-a455-1bd851e1af30{ip: 192.168.157.195, host: pr-hdds-1569-xtfnx-3545843844, networkLocation: /default-rack, certSerialId: null}, Type:RATIS, Factor:ONE, State:OPEN]
2019-09-12 11:56:48,438 [RatisPipelineUtilsThread] ERROR pipeline.PipelinePlacementPolicy (PipelinePlacementPolicy.java:meetCriteria(91)) - Pipeline Placement: Doesn't meet the criteria to be viable node. Heaviness: 6
2019-09-12 11:56:48,462 [grpc-default-executor-0] INFO  impl.RaftServerProxy (RaftServerProxy.java:addNew(89)) - 7c1edd01-6b93-44c9-a455-1bd851e1af30: addNew group-3F768B4BD7BA:[7c1edd01-6b93-44c9-a455-1bd851e1af30:192.168.157.195:43783] returns group-3F768B4BD7BA:java.util.concurrent.CompletableFuture@333525c7[Not completed]
2019-09-12 11:56:48,464 [pool-49-thread-1] INFO  impl.RaftServerImpl (RaftServerImpl.java:<init>(93)) - 7c1edd01-6b93-44c9-a455-1bd851e1af30: new RaftServerImpl for group-3F768B4BD7BA:[7c1edd01-6b93-44c9-a455-1bd851e1af30:192.168.157.195:43783] with ContainerStateMachine:uninitialized
2019-09-12 11:56:48,464 [pool-49-thread-1] INFO  server.RaftServerConfigKeys (ConfUtils.java:logGet(43)) - raft.server.rpc.timeout.min = 5s (custom)
2019-09-12 11:56:48,465 [pool-49-thread-1] INFO  server.RaftServerConfigKeys (ConfUtils.java:logGet(43)) - raft.server.rpc.timeout.max = 5200ms (custom)
2019-09-12 11:56:48,465 [pool-49-thread-1] INFO  server.RaftServerConfigKeys (ConfUtils.java:logGet(43)) - raft.server.rpcslowness.timeout = 120s (custom)
2019-09-12 11:56:48,465 [pool-49-thread-1] INFO  server.RaftServerConfigKeys (ConfUtils.java:logGet(43)) - raft.server.sleep.deviation.threshold = 300 (default)
2019-09-12 11:56:48,465 [pool-49-thread-1] INFO  server.RaftServerConfigKeys (ConfUtils.java:logGet(43)) - raft.server.log.appender.install.snapshot.enabled = false (custom)
2019-09-12 11:56:48,465 [pool-49-thread-1] INFO  impl.RaftServerImpl (ServerState.java:<init>(105)) - 7c1edd01-6b93-44c9-a455-1bd851e1af30:group-3F768B4BD7BA ConfigurationManager, init=-1: [7c1edd01-6b93-44c9-a455-1bd851e1af30:192.168.157.195:43783], old=null, confs=<EMPTY_MAP>
2019-09-12 11:56:48,466 [pool-49-thread-1] INFO  server.RaftServerConfigKeys (ConfUtils.java:logGet(43)) - raft.server.storage.dir = [/workdir/hadoop-ozone/tools/target/test-dir/MiniOzoneClusterImpl-659e2a06-c254-4d33-90f4-66e0a49906bb/datanode-2/data/ratis] (custom)
2019-09-12 11:56:48,466 [pool-49-thread-1] INFO  storage.RaftStorageDirectory (RaftStorageDirectory.java:analyzeStorage(246)) - The storage directory /workdir/hadoop-ozone/tools/target/test-dir/MiniOzoneClusterImpl-659e2a06-c254-4d33-90f4-66e0a49906bb/datanode-2/data/ratis/d7ef0f9c-e05d-4b91-9770-3f768b4bd7ba does not exist. Creating ...
2019-09-12 11:56:48,490 [pool-49-thread-1] INFO  storage.RaftStorageDirectory (RaftStorageDirectory.java:tryLock(328)) - Lock on /workdir/hadoop-ozone/tools/target/test-dir/MiniOzoneClusterImpl-659e2a06-c254-4d33-90f4-66e0a49906bb/datanode-2/data/ratis/d7ef0f9c-e05d-4b91-9770-3f768b4bd7ba/in_use.lock acquired by nodename 21463@pr-hdds-1569-xtfnx-3545843844
2019-09-12 11:56:48,518 [pool-49-thread-1] INFO  storage.RaftStorage (RaftStorage.java:format(72)) - Storage directory /workdir/hadoop-ozone/tools/target/test-dir/MiniOzoneClusterImpl-659e2a06-c254-4d33-90f4-66e0a49906bb/datanode-2/data/ratis/d7ef0f9c-e05d-4b91-9770-3f768b4bd7ba has been successfully formatted.
2019-09-12 11:56:48,518 [pool-49-thread-1] INFO  ratis.ContainerStateMachine (ContainerStateMachine.java:loadSnapshot(226)) - group-3F768B4BD7BA: The snapshot info is null. Setting the last applied indexto:(t:0, i:~)
2019-09-12 11:56:48,519 [pool-49-thread-1] INFO  server.RaftServerConfigKeys (ConfUtils.java:logGet(43)) - raft.server.leader.election.timeout = 120s (custom)
2019-09-12 11:56:48,519 [pool-49-thread-1] INFO  server.RaftServerConfigKeys (ConfUtils.java:logGet(43)) - raft.server.log.use.memory = false (default)
2019-09-12 11:56:48,519 [pool-49-thread-1] INFO  server.RaftServerConfigKeys (ConfUtils.java:logGet(43)) - raft.server.log.purge.gap = 1000000 (custom)
2019-09-12 11:56:48,519 [pool-49-thread-1] INFO  server.RaftServerConfigKeys (ConfUtils.java:logGet(43)) - raft.server.log.appender.buffer.byte-limit = 33554432 (custom)
2019-09-12 11:56:48,519 [pool-49-thread-1] INFO  server.RaftServerConfigKeys (ConfUtils.java:logGet(43)) - raft.server.log.segment.size.max = 1048576 (custom)
2019-09-12 11:56:48,520 [pool-49-thread-1] INFO  server.RaftServerConfigKeys (ConfUtils.java:logGet(43)) - raft.server.log.segment.cache.num.max = 2 (custom)
2019-09-12 11:56:48,520 [pool-49-thread-1] INFO  segmented.SegmentedRaftLogWorker (SegmentedRaftLogWorker.java:<init>(172)) - new 7c1edd01-6b93-44c9-a455-1bd851e1af30-SegmentedRaftLogWorker:Storage Directory /workdir/hadoop-ozone/tools/target/test-dir/MiniOzoneClusterImpl-659e2a06-c254-4d33-90f4-66e0a49906bb/datanode-2/data/ratis/d7ef0f9c-e05d-4b91-9770-3f768b4bd7ba for RaftStorage:Storage Directory /workdir/hadoop-ozone/tools/target/test-dir/MiniOzoneClusterImpl-659e2a06-c254-4d33-90f4-66e0a49906bb/datanode-2/data/ratis/d7ef0f9c-e05d-4b91-9770-3f768b4bd7ba
2019-09-12 11:56:48,520 [pool-49-thread-1] INFO  server.RaftServerConfigKeys (ConfUtils.java:logGet(43)) - raft.server.log.queue.byte-limit = 2147483647 (custom)
2019-09-12 11:56:48,520 [pool-49-thread-1] INFO  server.RaftServerConfigKeys (ConfUtils.java:logGet(43)) - raft.server.log.queue.element-limit = 1024 (custom)
2019-09-12 11:56:48,520 [pool-49-thread-1] INFO  server.RaftServerConfigKeys (ConfUtils.java:logGet(43)) - raft.server.log.segment.size.max = 1048576 (custom)
2019-09-12 11:56:48,520 [pool-49-thread-1] INFO  server.RaftServerConfigKeys (ConfUtils.java:logGet(43)) - raft.server.log.preallocated.size = 16384 (custom)
2019-09-12 11:56:48,521 [pool-49-thread-1] INFO  server.RaftServerConfigKeys (ConfUtils.java:logGet(43)) - raft.server.log.write.buffer.size = 33554432 (custom)
2019-09-12 11:56:48,521 [pool-49-thread-1] INFO  server.RaftServerConfigKeys (ConfUtils.java:logGet(43)) - raft.server.log.force.sync.num = 128 (default)
2019-09-12 11:56:48,521 [pool-49-thread-1] INFO  server.RaftServerConfigKeys (ConfUtils.java:logGet(43)) - raft.server.log.statemachine.data.sync = true (default)
2019-09-12 11:56:48,521 [pool-49-thread-1] INFO  server.RaftServerConfigKeys (ConfUtils.java:logGet(43)) - raft.server.log.statemachine.data.sync.timeout = 10s (default)
2019-09-12 11:56:48,521 [pool-49-thread-1] INFO  server.RaftServerConfigKeys (ConfUtils.java:logGet(43)) - raft.server.log.statemachine.data.sync.timeout.retry = -1 (default)
2019-09-12 11:56:48,521 [pool-49-thread-1] INFO  server.RaftServerConfigKeys (ConfUtils.java:logGet(43)) - raft.server.log.statemachine.data.caching.enabled = true (custom)
2019-09-12 11:56:48,522 [pool-49-thread-1] INFO  segmented.SegmentedRaftLogWorker (SegmentedRaftLogWorker.java:lambda$new$0(132)) - 7c1edd01-6b93-44c9-a455-1bd851e1af30-SegmentedRaftLogWorker:Storage Directory /workdir/hadoop-ozone/tools/target/test-dir/MiniOzoneClusterImpl-659e2a06-c254-4d33-90f4-66e0a49906bb/datanode-2/data/ratis/d7ef0f9c-e05d-4b91-9770-3f768b4bd7ba: flushIndex: setUnconditionally 0 -> -1
2019-09-12 11:56:48,522 [pool-49-thread-1] INFO  server.RaftServerConfigKeys (ConfUtils.java:logGet(43)) - raft.server.snapshot.auto.trigger.enabled = true (custom)
2019-09-12 11:56:48,522 [pool-49-thread-1] INFO  server.RaftServerConfigKeys (ConfUtils.java:logGet(43)) - raft.server.snapshot.auto.trigger.threshold = 10000 (custom)
2019-09-12 11:56:48,522 [pool-49-thread-1] INFO  server.RaftServerConfigKeys (ConfUtils.java:logGet(43)) - raft.server.retrycache.expirytime = 600000ms (custom)
2019-09-12 11:56:48,523 [pool-49-thread-1] INFO  impl.RaftServerImpl (RaftServerImpl.java:start(180)) - 7c1edd01-6b93-44c9-a455-1bd851e1af30: start group-3F768B4BD7BA
2019-09-12 11:56:48,523 [pool-49-thread-1] INFO  impl.RaftServerImpl (RaftServerImpl.java:setRole(171)) - 7c1edd01-6b93-44c9-a455-1bd851e1af30:group-3F768B4BD7BA changes role from null to FOLLOWER at term 0 for startAsFollower
2019-09-12 11:56:48,523 [pool-49-thread-1] INFO  impl.RoleInfo (RoleInfo.java:updateAndGet(143)) - 7c1edd01-6b93-44c9-a455-1bd851e1af30: start FollowerState
2019-09-12 11:56:48,532 [pool-49-thread-1] INFO  util.JmxRegister (JmxRegister.java:tryRegister(44)) - Successfully registered JMX Bean with object name Ratis:service=RaftServer,group=group-3F768B4BD7BA,id=7c1edd01-6b93-44c9-a455-1bd851e1af30
2019-09-12 11:56:48,548 [RatisPipelineUtilsThread] INFO  pipeline.PipelineStateManager (PipelineStateManager.java:addPipeline(56)) - Created pipeline Pipeline[ Id: d7ef0f9c-e05d-4b91-9770-3f768b4bd7ba, Nodes: 7c1edd01-6b93-44c9-a455-1bd851e1af30{ip: 192.168.157.195, host: pr-hdds-1569-xtfnx-3545843844, networkLocation: /default-rack, certSerialId: null}, Type:RATIS, Factor:ONE, State:OPEN]
2019-09-12 11:56:48,553 [RatisPipelineUtilsThread] ERROR pipeline.PipelinePlacementPolicy (PipelinePlacementPolicy.java:meetCriteria(91)) - Pipeline Placement: Doesn't meet the criteria to be viable node. Heaviness: 6
2019-09-12 11:56:48,553 [RatisPipelineUtilsThread] ERROR pipeline.PipelinePlacementPolicy (PipelinePlacementPolicy.java:meetCriteria(91)) - Pipeline Placement: Doesn't meet the criteria to be viable node. Heaviness: 6
2019-09-12 11:56:48,565 [grpc-default-executor-0] INFO  impl.RaftServerProxy (RaftServerProxy.java:addNew(89)) - 17edbb89-a050-42dd-b919-a8669dd0769f: addNew group-7EC09C26783E:[17edbb89-a050-42dd-b919-a8669dd0769f:192.168.157.195:37678] returns group-7EC09C26783E:java.util.concurrent.CompletableFuture@634b7ab7[Not completed]
2019-09-12 11:56:48,568 [pool-71-thread-1] INFO  impl.RaftServerImpl (RaftServerImpl.java:<init>(93)) - 17edbb89-a050-42dd-b919-a8669dd0769f: new RaftServerImpl for group-7EC09C26783E:[17edbb89-a050-42dd-b919-a8669dd0769f:192.168.157.195:37678] with ContainerStateMachine:uninitialized
2019-09-12 11:56:48,568 [pool-71-thread-1] INFO  server.RaftServerConfigKeys (ConfUtils.java:logGet(43)) - raft.server.rpc.timeout.min = 5s (custom)
2019-09-12 11:56:48,568 [pool-71-thread-1] INFO  server.RaftServerConfigKeys (ConfUtils.java:logGet(43)) - raft.server.rpc.timeout.max = 5200ms (custom)
2019-09-12 11:56:48,569 [pool-71-thread-1] INFO  server.RaftServerConfigKeys (ConfUtils.java:logGet(43)) - raft.server.rpcslowness.timeout = 120s (custom)
2019-09-12 11:56:48,569 [pool-71-thread-1] INFO  server.RaftServerConfigKeys (ConfUtils.java:logGet(43)) - raft.server.sleep.deviation.threshold = 300 (default)
2019-09-12 11:56:48,569 [pool-71-thread-1] INFO  server.RaftServerConfigKeys (ConfUtils.java:logGet(43)) - raft.server.log.appender.install.snapshot.enabled = false (custom)
2019-09-12 11:56:48,569 [pool-71-thread-1] INFO  impl.RaftServerImpl (ServerState.java:<init>(105)) - 17edbb89-a050-42dd-b919-a8669dd0769f:group-7EC09C26783E ConfigurationManager, init=-1: [17edbb89-a050-42dd-b919-a8669dd0769f:192.168.157.195:37678], old=null, confs=<EMPTY_MAP>
2019-09-12 11:56:48,569 [pool-71-thread-1] INFO  server.RaftServerConfigKeys (ConfUtils.java:logGet(43)) - raft.server.storage.dir = [/workdir/hadoop-ozone/tools/target/test-dir/MiniOzoneClusterImpl-659e2a06-c254-4d33-90f4-66e0a49906bb/datanode-4/data/ratis] (custom)
2019-09-12 11:56:48,570 [pool-71-thread-1] INFO  storage.RaftStorageDirectory (RaftStorageDirectory.java:analyzeStorage(246)) - The storage directory /workdir/hadoop-ozone/tools/target/test-dir/MiniOzoneClusterImpl-659e2a06-c254-4d33-90f4-66e0a49906bb/datanode-4/data/ratis/9d8fbd1e-1938-4f31-8899-7ec09c26783e does not exist. Creating ...
2019-09-12 11:56:48,583 [pool-71-thread-1] INFO  storage.RaftStorageDirectory (RaftStorageDirectory.java:tryLock(328)) - Lock on /workdir/hadoop-ozone/tools/target/test-dir/MiniOzoneClusterImpl-659e2a06-c254-4d33-90f4-66e0a49906bb/datanode-4/data/ratis/9d8fbd1e-1938-4f31-8899-7ec09c26783e/in_use.lock acquired by nodename 21463@pr-hdds-1569-xtfnx-3545843844
2019-09-12 11:56:48,596 [pool-71-thread-1] INFO  storage.RaftStorage (RaftStorage.java:format(72)) - Storage directory /workdir/hadoop-ozone/tools/target/test-dir/MiniOzoneClusterImpl-659e2a06-c254-4d33-90f4-66e0a49906bb/datanode-4/data/ratis/9d8fbd1e-1938-4f31-8899-7ec09c26783e has been successfully formatted.
2019-09-12 11:56:48,596 [pool-71-thread-1] INFO  ratis.ContainerStateMachine (ContainerStateMachine.java:loadSnapshot(226)) - group-7EC09C26783E: The snapshot info is null. Setting the last applied indexto:(t:0, i:~)
2019-09-12 11:56:48,596 [pool-71-thread-1] INFO  server.RaftServerConfigKeys (ConfUtils.java:logGet(43)) - raft.server.leader.election.timeout = 120s (custom)
2019-09-12 11:56:48,596 [pool-71-thread-1] INFO  server.RaftServerConfigKeys (ConfUtils.java:logGet(43)) - raft.server.log.use.memory = false (default)
2019-09-12 11:56:48,597 [pool-71-thread-1] INFO  server.RaftServerConfigKeys (ConfUtils.java:logGet(43)) - raft.server.log.purge.gap = 1000000 (custom)
2019-09-12 11:56:48,597 [pool-71-thread-1] INFO  server.RaftServerConfigKeys (ConfUtils.java:logGet(43)) - raft.server.log.appender.buffer.byte-limit = 33554432 (custom)
2019-09-12 11:56:48,597 [pool-71-thread-1] INFO  server.RaftServerConfigKeys (ConfUtils.java:logGet(43)) - raft.server.log.segment.size.max = 1048576 (custom)
2019-09-12 11:56:48,597 [pool-71-thread-1] INFO  server.RaftServerConfigKeys (ConfUtils.java:logGet(43)) - raft.server.log.segment.cache.num.max = 2 (custom)
2019-09-12 11:56:48,597 [pool-71-thread-1] INFO  segmented.SegmentedRaftLogWorker (SegmentedRaftLogWorker.java:<init>(172)) - new 17edbb89-a050-42dd-b919-a8669dd0769f-SegmentedRaftLogWorker:Storage Directory /workdir/hadoop-ozone/tools/target/test-dir/MiniOzoneClusterImpl-659e2a06-c254-4d33-90f4-66e0a49906bb/datanode-4/data/ratis/9d8fbd1e-1938-4f31-8899-7ec09c26783e for RaftStorage:Storage Directory /workdir/hadoop-ozone/tools/target/test-dir/MiniOzoneClusterImpl-659e2a06-c254-4d33-90f4-66e0a49906bb/datanode-4/data/ratis/9d8fbd1e-1938-4f31-8899-7ec09c26783e
2019-09-12 11:56:48,597 [pool-71-thread-1] INFO  server.RaftServerConfigKeys (ConfUtils.java:logGet(43)) - raft.server.log.queue.byte-limit = 2147483647 (custom)
2019-09-12 11:56:48,597 [pool-71-thread-1] INFO  server.RaftServerConfigKeys (ConfUtils.java:logGet(43)) - raft.server.log.queue.element-limit = 1024 (custom)
2019-09-12 11:56:48,598 [pool-71-thread-1] INFO  server.RaftServerConfigKeys (ConfUtils.java:logGet(43)) - raft.server.log.segment.size.max = 1048576 (custom)
2019-09-12 11:56:48,598 [pool-71-thread-1] INFO  server.RaftServerConfigKeys (ConfUtils.java:logGet(43)) - raft.server.log.preallocated.size = 16384 (custom)
2019-09-12 11:56:48,598 [pool-71-thread-1] INFO  server.RaftServerConfigKeys (ConfUtils.java:logGet(43)) - raft.server.log.write.buffer.size = 33554432 (custom)
2019-09-12 11:56:48,598 [pool-71-thread-1] INFO  server.RaftServerConfigKeys (ConfUtils.java:logGet(43)) - raft.server.log.force.sync.num = 128 (default)
2019-09-12 11:56:48,598 [pool-71-thread-1] INFO  server.RaftServerConfigKeys (ConfUtils.java:logGet(43)) - raft.server.log.statemachine.data.sync = true (default)
2019-09-12 11:56:48,598 [pool-71-thread-1] INFO  server.RaftServerConfigKeys (ConfUtils.java:logGet(43)) - raft.server.log.statemachine.data.sync.timeout = 10s (default)
2019-09-12 11:56:48,599 [pool-71-thread-1] INFO  server.RaftServerConfigKeys (ConfUtils.java:logGet(43)) - raft.server.log.statemachine.data.sync.timeout.retry = -1 (default)
2019-09-12 11:56:48,599 [pool-71-thread-1] INFO  server.RaftServerConfigKeys (ConfUtils.java:logGet(43)) - raft.server.log.statemachine.data.caching.enabled = true (custom)
2019-09-12 11:56:48,599 [pool-71-thread-1] INFO  segmented.SegmentedRaftLogWorker (SegmentedRaftLogWorker.java:lambda$new$0(132)) - 17edbb89-a050-42dd-b919-a8669dd0769f-SegmentedRaftLogWorker:Storage Directory /workdir/hadoop-ozone/tools/target/test-dir/MiniOzoneClusterImpl-659e2a06-c254-4d33-90f4-66e0a49906bb/datanode-4/data/ratis/9d8fbd1e-1938-4f31-8899-7ec09c26783e: flushIndex: setUnconditionally 0 -> -1
2019-09-12 11:56:48,600 [pool-71-thread-1] INFO  server.RaftServerConfigKeys (ConfUtils.java:logGet(43)) - raft.server.snapshot.auto.trigger.enabled = true (custom)
2019-09-12 11:56:48,600 [pool-71-thread-1] INFO  server.RaftServerConfigKeys (ConfUtils.java:logGet(43)) - raft.server.snapshot.auto.trigger.threshold = 10000 (custom)
2019-09-12 11:56:48,600 [pool-71-thread-1] INFO  server.RaftServerConfigKeys (ConfUtils.java:logGet(43)) - raft.server.retrycache.expirytime = 600000ms (custom)
2019-09-12 11:56:48,600 [pool-71-thread-1] INFO  impl.RaftServerImpl (RaftServerImpl.java:start(180)) - 17edbb89-a050-42dd-b919-a8669dd0769f: start group-7EC09C26783E
2019-09-12 11:56:48,601 [pool-71-thread-1] INFO  impl.RaftServerImpl (RaftServerImpl.java:setRole(171)) - 17edbb89-a050-42dd-b919-a8669dd0769f:group-7EC09C26783E changes role from null to FOLLOWER at term 0 for startAsFollower
2019-09-12 11:56:48,601 [pool-71-thread-1] INFO  impl.RoleInfo (RoleInfo.java:updateAndGet(143)) - 17edbb89-a050-42dd-b919-a8669dd0769f: start FollowerState
2019-09-12 11:56:48,601 [pool-71-thread-1] INFO  util.JmxRegister (JmxRegister.java:tryRegister(44)) - Successfully registered JMX Bean with object name Ratis:service=RaftServer,group=group-7EC09C26783E,id=17edbb89-a050-42dd-b919-a8669dd0769f
2019-09-12 11:56:48,607 [RatisPipelineUtilsThread] INFO  pipeline.PipelineStateManager (PipelineStateManager.java:addPipeline(56)) - Created pipeline Pipeline[ Id: 9d8fbd1e-1938-4f31-8899-7ec09c26783e, Nodes: 17edbb89-a050-42dd-b919-a8669dd0769f{ip: 192.168.157.195, host: pr-hdds-1569-xtfnx-3545843844, networkLocation: /default-rack, certSerialId: null}, Type:RATIS, Factor:ONE, State:OPEN]
2019-09-12 11:56:48,609 [RatisPipelineUtilsThread] ERROR pipeline.PipelinePlacementPolicy (PipelinePlacementPolicy.java:meetCriteria(91)) - Pipeline Placement: Doesn't meet the criteria to be viable node. Heaviness: 6
2019-09-12 11:56:48,609 [RatisPipelineUtilsThread] ERROR pipeline.PipelinePlacementPolicy (PipelinePlacementPolicy.java:meetCriteria(91)) - Pipeline Placement: Doesn't meet the criteria to be viable node. Heaviness: 6
2019-09-12 11:56:48,609 [RatisPipelineUtilsThread] ERROR pipeline.PipelinePlacementPolicy (PipelinePlacementPolicy.java:meetCriteria(91)) - Pipeline Placement: Doesn't meet the criteria to be viable node. Heaviness: 6
2019-09-12 11:56:48,619 [grpc-default-executor-0] INFO  impl.RaftServerProxy (RaftServerProxy.java:addNew(89)) - 17f5de45-d006-42d4-a442-b3531657861f: addNew group-56CDF8DA1EAD:[17f5de45-d006-42d4-a442-b3531657861f:192.168.157.195:40760] returns group-56CDF8DA1EAD:java.util.concurrent.CompletableFuture@4d174a9[Not completed]
2019-09-12 11:56:48,622 [pool-38-thread-1] INFO  impl.RaftServerImpl (RaftServerImpl.java:<init>(93)) - 17f5de45-d006-42d4-a442-b3531657861f: new RaftServerImpl for group-56CDF8DA1EAD:[17f5de45-d006-42d4-a442-b3531657861f:192.168.157.195:40760] with ContainerStateMachine:uninitialized
2019-09-12 11:56:48,622 [pool-38-thread-1] INFO  server.RaftServerConfigKeys (ConfUtils.java:logGet(43)) - raft.server.rpc.timeout.min = 5s (custom)
2019-09-12 11:56:48,622 [pool-38-thread-1] INFO  server.RaftServerConfigKeys (ConfUtils.java:logGet(43)) - raft.server.rpc.timeout.max = 5200ms (custom)
2019-09-12 11:56:48,623 [pool-38-thread-1] INFO  server.RaftServerConfigKeys (ConfUtils.java:logGet(43)) - raft.server.rpcslowness.timeout = 120s (custom)
2019-09-12 11:56:48,623 [pool-38-thread-1] INFO  server.RaftServerConfigKeys (ConfUtils.java:logGet(43)) - raft.server.sleep.deviation.threshold = 300 (default)
2019-09-12 11:56:48,623 [pool-38-thread-1] INFO  server.RaftServerConfigKeys (ConfUtils.java:logGet(43)) - raft.server.log.appender.install.snapshot.enabled = false (custom)
2019-09-12 11:56:48,623 [pool-38-thread-1] INFO  impl.RaftServerImpl (ServerState.java:<init>(105)) - 17f5de45-d006-42d4-a442-b3531657861f:group-56CDF8DA1EAD ConfigurationManager, init=-1: [17f5de45-d006-42d4-a442-b3531657861f:192.168.157.195:40760], old=null, confs=<EMPTY_MAP>
2019-09-12 11:56:48,624 [pool-38-thread-1] INFO  server.RaftServerConfigKeys (ConfUtils.java:logGet(43)) - raft.server.storage.dir = [/workdir/hadoop-ozone/tools/target/test-dir/MiniOzoneClusterImpl-659e2a06-c254-4d33-90f4-66e0a49906bb/datanode-1/data/ratis] (custom)
2019-09-12 11:56:48,624 [pool-38-thread-1] INFO  storage.RaftStorageDirectory (RaftStorageDirectory.java:analyzeStorage(246)) - The storage directory /workdir/hadoop-ozone/tools/target/test-dir/MiniOzoneClusterImpl-659e2a06-c254-4d33-90f4-66e0a49906bb/datanode-1/data/ratis/82a07bb9-3ab4-441e-bd1d-56cdf8da1ead does not exist. Creating ...
2019-09-12 11:56:48,637 [pool-38-thread-1] INFO  storage.RaftStorageDirectory (RaftStorageDirectory.java:tryLock(328)) - Lock on /workdir/hadoop-ozone/tools/target/test-dir/MiniOzoneClusterImpl-659e2a06-c254-4d33-90f4-66e0a49906bb/datanode-1/data/ratis/82a07bb9-3ab4-441e-bd1d-56cdf8da1ead/in_use.lock acquired by nodename 21463@pr-hdds-1569-xtfnx-3545843844
2019-09-12 11:56:48,651 [pool-38-thread-1] INFO  storage.RaftStorage (RaftStorage.java:format(72)) - Storage directory /workdir/hadoop-ozone/tools/target/test-dir/MiniOzoneClusterImpl-659e2a06-c254-4d33-90f4-66e0a49906bb/datanode-1/data/ratis/82a07bb9-3ab4-441e-bd1d-56cdf8da1ead has been successfully formatted.
2019-09-12 11:56:48,652 [pool-38-thread-1] INFO  ratis.ContainerStateMachine (ContainerStateMachine.java:loadSnapshot(226)) - group-56CDF8DA1EAD: The snapshot info is null. Setting the last applied indexto:(t:0, i:~)
2019-09-12 11:56:48,652 [pool-38-thread-1] INFO  server.RaftServerConfigKeys (ConfUtils.java:logGet(43)) - raft.server.leader.election.timeout = 120s (custom)
2019-09-12 11:56:48,652 [pool-38-thread-1] INFO  server.RaftServerConfigKeys (ConfUtils.java:logGet(43)) - raft.server.log.use.memory = false (default)
2019-09-12 11:56:48,652 [pool-38-thread-1] INFO  server.RaftServerConfigKeys (ConfUtils.java:logGet(43)) - raft.server.log.purge.gap = 1000000 (custom)
2019-09-12 11:56:48,652 [pool-38-thread-1] INFO  server.RaftServerConfigKeys (ConfUtils.java:logGet(43)) - raft.server.log.appender.buffer.byte-limit = 33554432 (custom)
2019-09-12 11:56:48,653 [pool-38-thread-1] INFO  server.RaftServerConfigKeys (ConfUtils.java:logGet(43)) - raft.server.log.segment.size.max = 1048576 (custom)
2019-09-12 11:56:48,653 [pool-38-thread-1] INFO  server.RaftServerConfigKeys (ConfUtils.java:logGet(43)) - raft.server.log.segment.cache.num.max = 2 (custom)
2019-09-12 11:56:48,653 [pool-38-thread-1] INFO  segmented.SegmentedRaftLogWorker (SegmentedRaftLogWorker.java:<init>(172)) - new 17f5de45-d006-42d4-a442-b3531657861f-SegmentedRaftLogWorker:Storage Directory /workdir/hadoop-ozone/tools/target/test-dir/MiniOzoneClusterImpl-659e2a06-c254-4d33-90f4-66e0a49906bb/datanode-1/data/ratis/82a07bb9-3ab4-441e-bd1d-56cdf8da1ead for RaftStorage:Storage Directory /workdir/hadoop-ozone/tools/target/test-dir/MiniOzoneClusterImpl-659e2a06-c254-4d33-90f4-66e0a49906bb/datanode-1/data/ratis/82a07bb9-3ab4-441e-bd1d-56cdf8da1ead
2019-09-12 11:56:48,653 [pool-38-thread-1] INFO  server.RaftServerConfigKeys (ConfUtils.java:logGet(43)) - raft.server.log.queue.byte-limit = 2147483647 (custom)
2019-09-12 11:56:48,654 [pool-38-thread-1] INFO  server.RaftServerConfigKeys (ConfUtils.java:logGet(43)) - raft.server.log.queue.element-limit = 1024 (custom)
2019-09-12 11:56:48,654 [pool-38-thread-1] INFO  server.RaftServerConfigKeys (ConfUtils.java:logGet(43)) - raft.server.log.segment.size.max = 1048576 (custom)
2019-09-12 11:56:48,654 [pool-38-thread-1] INFO  server.RaftServerConfigKeys (ConfUtils.java:logGet(43)) - raft.server.log.preallocated.size = 16384 (custom)
2019-09-12 11:56:48,654 [pool-38-thread-1] INFO  server.RaftServerConfigKeys (ConfUtils.java:logGet(43)) - raft.server.log.write.buffer.size = 33554432 (custom)
2019-09-12 11:56:48,654 [pool-38-thread-1] INFO  server.RaftServerConfigKeys (ConfUtils.java:logGet(43)) - raft.server.log.force.sync.num = 128 (default)
2019-09-12 11:56:48,655 [pool-38-thread-1] INFO  server.RaftServerConfigKeys (ConfUtils.java:logGet(43)) - raft.server.log.statemachine.data.sync = true (default)
2019-09-12 11:56:48,655 [pool-38-thread-1] INFO  server.RaftServerConfigKeys (ConfUtils.java:logGet(43)) - raft.server.log.statemachine.data.sync.timeout = 10s (default)
2019-09-12 11:56:48,655 [pool-38-thread-1] INFO  server.RaftServerConfigKeys (ConfUtils.java:logGet(43)) - raft.server.log.statemachine.data.sync.timeout.retry = -1 (default)
2019-09-12 11:56:48,655 [pool-38-thread-1] INFO  server.RaftServerConfigKeys (ConfUtils.java:logGet(43)) - raft.server.log.statemachine.data.caching.enabled = true (custom)
2019-09-12 11:56:48,656 [pool-38-thread-1] INFO  segmented.SegmentedRaftLogWorker (SegmentedRaftLogWorker.java:lambda$new$0(132)) - 17f5de45-d006-42d4-a442-b3531657861f-SegmentedRaftLogWorker:Storage Directory /workdir/hadoop-ozone/tools/target/test-dir/MiniOzoneClusterImpl-659e2a06-c254-4d33-90f4-66e0a49906bb/datanode-1/data/ratis/82a07bb9-3ab4-441e-bd1d-56cdf8da1ead: flushIndex: setUnconditionally 0 -> -1
2019-09-12 11:56:48,656 [pool-38-thread-1] INFO  server.RaftServerConfigKeys (ConfUtils.java:logGet(43)) - raft.server.snapshot.auto.trigger.enabled = true (custom)
2019-09-12 11:56:48,656 [pool-38-thread-1] INFO  server.RaftServerConfigKeys (ConfUtils.java:logGet(43)) - raft.server.snapshot.auto.trigger.threshold = 10000 (custom)
2019-09-12 11:56:48,657 [pool-38-thread-1] INFO  server.RaftServerConfigKeys (ConfUtils.java:logGet(43)) - raft.server.retrycache.expirytime = 600000ms (custom)
2019-09-12 11:56:48,657 [pool-38-thread-1] INFO  impl.RaftServerImpl (RaftServerImpl.java:start(180)) - 17f5de45-d006-42d4-a442-b3531657861f: start group-56CDF8DA1EAD
2019-09-12 11:56:48,657 [pool-38-thread-1] INFO  impl.RaftServerImpl (RaftServerImpl.java:setRole(171)) - 17f5de45-d006-42d4-a442-b3531657861f:group-56CDF8DA1EAD changes role from null to FOLLOWER at term 0 for startAsFollower
2019-09-12 11:56:48,657 [pool-38-thread-1] INFO  impl.RoleInfo (RoleInfo.java:updateAndGet(143)) - 17f5de45-d006-42d4-a442-b3531657861f: start FollowerState
2019-09-12 11:56:48,658 [pool-38-thread-1] INFO  util.JmxRegister (JmxRegister.java:tryRegister(44)) - Successfully registered JMX Bean with object name Ratis:service=RaftServer,group=group-56CDF8DA1EAD,id=17f5de45-d006-42d4-a442-b3531657861f
2019-09-12 11:56:48,665 [RatisPipelineUtilsThread] INFO  pipeline.PipelineStateManager (PipelineStateManager.java:addPipeline(56)) - Created pipeline Pipeline[ Id: 82a07bb9-3ab4-441e-bd1d-56cdf8da1ead, Nodes: 17f5de45-d006-42d4-a442-b3531657861f{ip: 192.168.157.195, host: pr-hdds-1569-xtfnx-3545843844, networkLocation: /default-rack, certSerialId: null}, Type:RATIS, Factor:ONE, State:OPEN]
2019-09-12 11:56:48,667 [RatisPipelineUtilsThread] ERROR pipeline.PipelinePlacementPolicy (PipelinePlacementPolicy.java:meetCriteria(91)) - Pipeline Placement: Doesn't meet the criteria to be viable node. Heaviness: 6
2019-09-12 11:56:48,668 [RatisPipelineUtilsThread] ERROR pipeline.PipelinePlacementPolicy (PipelinePlacementPolicy.java:meetCriteria(91)) - Pipeline Placement: Doesn't meet the criteria to be viable node. Heaviness: 6
2019-09-12 11:56:48,668 [RatisPipelineUtilsThread] ERROR pipeline.PipelinePlacementPolicy (PipelinePlacementPolicy.java:meetCriteria(91)) - Pipeline Placement: Doesn't meet the criteria to be viable node. Heaviness: 6
2019-09-12 11:56:48,678 [grpc-default-executor-0] INFO  impl.RaftServerProxy (RaftServerProxy.java:addNew(89)) - af5fed38-0f11-4bc3-b5f8-f25d4cc0e41f: addNew group-DC781DFB4CA7:[af5fed38-0f11-4bc3-b5f8-f25d4cc0e41f:192.168.157.195:46650] returns group-DC781DFB4CA7:java.util.concurrent.CompletableFuture@54bd50d8[Not completed]
2019-09-12 11:56:48,683 [pool-60-thread-1] INFO  impl.RaftServerImpl (RaftServerImpl.java:<init>(93)) - af5fed38-0f11-4bc3-b5f8-f25d4cc0e41f: new RaftServerImpl for group-DC781DFB4CA7:[af5fed38-0f11-4bc3-b5f8-f25d4cc0e41f:192.168.157.195:46650] with ContainerStateMachine:uninitialized
2019-09-12 11:56:48,683 [pool-60-thread-1] INFO  server.RaftServerConfigKeys (ConfUtils.java:logGet(43)) - raft.server.rpc.timeout.min = 5s (custom)
2019-09-12 11:56:48,683 [pool-60-thread-1] INFO  server.RaftServerConfigKeys (ConfUtils.java:logGet(43)) - raft.server.rpc.timeout.max = 5200ms (custom)
2019-09-12 11:56:48,683 [pool-60-thread-1] INFO  server.RaftServerConfigKeys (ConfUtils.java:logGet(43)) - raft.server.rpcslowness.timeout = 120s (custom)
2019-09-12 11:56:48,684 [pool-60-thread-1] INFO  server.RaftServerConfigKeys (ConfUtils.java:logGet(43)) - raft.server.sleep.deviation.threshold = 300 (default)
2019-09-12 11:56:48,684 [pool-60-thread-1] INFO  server.RaftServerConfigKeys (ConfUtils.java:logGet(43)) - raft.server.log.appender.install.snapshot.enabled = false (custom)
2019-09-12 11:56:48,684 [pool-60-thread-1] INFO  impl.RaftServerImpl (ServerState.java:<init>(105)) - af5fed38-0f11-4bc3-b5f8-f25d4cc0e41f:group-DC781DFB4CA7 ConfigurationManager, init=-1: [af5fed38-0f11-4bc3-b5f8-f25d4cc0e41f:192.168.157.195:46650], old=null, confs=<EMPTY_MAP>
2019-09-12 11:56:48,684 [pool-60-thread-1] INFO  server.RaftServerConfigKeys (ConfUtils.java:logGet(43)) - raft.server.storage.dir = [/workdir/hadoop-ozone/tools/target/test-dir/MiniOzoneClusterImpl-659e2a06-c254-4d33-90f4-66e0a49906bb/datanode-3/data/ratis] (custom)
2019-09-12 11:56:48,685 [pool-60-thread-1] INFO  storage.RaftStorageDirectory (RaftStorageDirectory.java:analyzeStorage(246)) - The storage directory /workdir/hadoop-ozone/tools/target/test-dir/MiniOzoneClusterImpl-659e2a06-c254-4d33-90f4-66e0a49906bb/datanode-3/data/ratis/fd539867-7ee4-4e67-89ff-dc781dfb4ca7 does not exist. Creating ...
2019-09-12 11:56:48,697 [pool-60-thread-1] INFO  storage.RaftStorageDirectory (RaftStorageDirectory.java:tryLock(328)) - Lock on /workdir/hadoop-ozone/tools/target/test-dir/MiniOzoneClusterImpl-659e2a06-c254-4d33-90f4-66e0a49906bb/datanode-3/data/ratis/fd539867-7ee4-4e67-89ff-dc781dfb4ca7/in_use.lock acquired by nodename 21463@pr-hdds-1569-xtfnx-3545843844
2019-09-12 11:56:48,710 [pool-60-thread-1] INFO  storage.RaftStorage (RaftStorage.java:format(72)) - Storage directory /workdir/hadoop-ozone/tools/target/test-dir/MiniOzoneClusterImpl-659e2a06-c254-4d33-90f4-66e0a49906bb/datanode-3/data/ratis/fd539867-7ee4-4e67-89ff-dc781dfb4ca7 has been successfully formatted.
2019-09-12 11:56:48,711 [pool-60-thread-1] INFO  ratis.ContainerStateMachine (ContainerStateMachine.java:loadSnapshot(226)) - group-DC781DFB4CA7: The snapshot info is null. Setting the last applied indexto:(t:0, i:~)
2019-09-12 11:56:48,711 [pool-60-thread-1] INFO  server.RaftServerConfigKeys (ConfUtils.java:logGet(43)) - raft.server.leader.election.timeout = 120s (custom)
2019-09-12 11:56:48,711 [pool-60-thread-1] INFO  server.RaftServerConfigKeys (ConfUtils.java:logGet(43)) - raft.server.log.use.memory = false (default)
2019-09-12 11:56:48,711 [pool-60-thread-1] INFO  server.RaftServerConfigKeys (ConfUtils.java:logGet(43)) - raft.server.log.purge.gap = 1000000 (custom)
2019-09-12 11:56:48,711 [pool-60-thread-1] INFO  server.RaftServerConfigKeys (ConfUtils.java:logGet(43)) - raft.server.log.appender.buffer.byte-limit = 33554432 (custom)
2019-09-12 11:56:48,712 [pool-60-thread-1] INFO  server.RaftServerConfigKeys (ConfUtils.java:logGet(43)) - raft.server.log.segment.size.max = 1048576 (custom)
2019-09-12 11:56:48,712 [pool-60-thread-1] INFO  server.RaftServerConfigKeys (ConfUtils.java:logGet(43)) - raft.server.log.segment.cache.num.max = 2 (custom)
2019-09-12 11:56:48,712 [pool-60-thread-1] INFO  segmented.SegmentedRaftLogWorker (SegmentedRaftLogWorker.java:<init>(172)) - new af5fed38-0f11-4bc3-b5f8-f25d4cc0e41f-SegmentedRaftLogWorker:Storage Directory /workdir/hadoop-ozone/tools/target/test-dir/MiniOzoneClusterImpl-659e2a06-c254-4d33-90f4-66e0a49906bb/datanode-3/data/ratis/fd539867-7ee4-4e67-89ff-dc781dfb4ca7 for RaftStorage:Storage Directory /workdir/hadoop-ozone/tools/target/test-dir/MiniOzoneClusterImpl-659e2a06-c254-4d33-90f4-66e0a49906bb/datanode-3/data/ratis/fd539867-7ee4-4e67-89ff-dc781dfb4ca7
2019-09-12 11:56:48,712 [pool-60-thread-1] INFO  server.RaftServerConfigKeys (ConfUtils.java:logGet(43)) - raft.server.log.queue.byte-limit = 2147483647 (custom)
2019-09-12 11:56:48,712 [pool-60-thread-1] INFO  server.RaftServerConfigKeys (ConfUtils.java:logGet(43)) - raft.server.log.queue.element-limit = 1024 (custom)
2019-09-12 11:56:48,713 [pool-60-thread-1] INFO  server.RaftServerConfigKeys (ConfUtils.java:logGet(43)) - raft.server.log.segment.size.max = 1048576 (custom)
2019-09-12 11:56:48,713 [pool-60-thread-1] INFO  server.RaftServerConfigKeys (ConfUtils.java:logGet(43)) - raft.server.log.preallocated.size = 16384 (custom)
2019-09-12 11:56:48,713 [pool-60-thread-1] INFO  server.RaftServerConfigKeys (ConfUtils.java:logGet(43)) - raft.server.log.write.buffer.size = 33554432 (custom)
2019-09-12 11:56:48,713 [pool-60-thread-1] INFO  server.RaftServerConfigKeys (ConfUtils.java:logGet(43)) - raft.server.log.force.sync.num = 128 (default)
2019-09-12 11:56:48,713 [pool-60-thread-1] INFO  server.RaftServerConfigKeys (ConfUtils.java:logGet(43)) - raft.server.log.statemachine.data.sync = true (default)
2019-09-12 11:56:48,714 [pool-60-thread-1] INFO  server.RaftServerConfigKeys (ConfUtils.java:logGet(43)) - raft.server.log.statemachine.data.sync.timeout = 10s (default)
2019-09-12 11:56:48,714 [pool-60-thread-1] INFO  server.RaftServerConfigKeys (ConfUtils.java:logGet(43)) - raft.server.log.statemachine.data.sync.timeout.retry = -1 (default)
2019-09-12 11:56:48,714 [pool-60-thread-1] INFO  server.RaftServerConfigKeys (ConfUtils.java:logGet(43)) - raft.server.log.statemachine.data.caching.enabled = true (custom)
2019-09-12 11:56:48,714 [pool-60-thread-1] INFO  segmented.SegmentedRaftLogWorker (SegmentedRaftLogWorker.java:lambda$new$0(132)) - af5fed38-0f11-4bc3-b5f8-f25d4cc0e41f-SegmentedRaftLogWorker:Storage Directory /workdir/hadoop-ozone/tools/target/test-dir/MiniOzoneClusterImpl-659e2a06-c254-4d33-90f4-66e0a49906bb/datanode-3/data/ratis/fd539867-7ee4-4e67-89ff-dc781dfb4ca7: flushIndex: setUnconditionally 0 -> -1
2019-09-12 11:56:48,715 [pool-60-thread-1] INFO  server.RaftServerConfigKeys (ConfUtils.java:logGet(43)) - raft.server.snapshot.auto.trigger.enabled = true (custom)
2019-09-12 11:56:48,715 [pool-60-thread-1] INFO  server.RaftServerConfigKeys (ConfUtils.java:logGet(43)) - raft.server.snapshot.auto.trigger.threshold = 10000 (custom)
2019-09-12 11:56:48,715 [pool-60-thread-1] INFO  server.RaftServerConfigKeys (ConfUtils.java:logGet(43)) - raft.server.retrycache.expirytime = 600000ms (custom)
2019-09-12 11:56:48,715 [pool-60-thread-1] INFO  impl.RaftServerImpl (RaftServerImpl.java:start(180)) - af5fed38-0f11-4bc3-b5f8-f25d4cc0e41f: start group-DC781DFB4CA7
2019-09-12 11:56:48,716 [pool-60-thread-1] INFO  impl.RaftServerImpl (RaftServerImpl.java:setRole(171)) - af5fed38-0f11-4bc3-b5f8-f25d4cc0e41f:group-DC781DFB4CA7 changes role from null to FOLLOWER at term 0 for startAsFollower
2019-09-12 11:56:48,716 [pool-60-thread-1] INFO  impl.RoleInfo (RoleInfo.java:updateAndGet(143)) - af5fed38-0f11-4bc3-b5f8-f25d4cc0e41f: start FollowerState
2019-09-12 11:56:48,716 [pool-60-thread-1] INFO  util.JmxRegister (JmxRegister.java:tryRegister(44)) - Successfully registered JMX Bean with object name Ratis:service=RaftServer,group=group-DC781DFB4CA7,id=af5fed38-0f11-4bc3-b5f8-f25d4cc0e41f
2019-09-12 11:56:48,722 [RatisPipelineUtilsThread] INFO  pipeline.PipelineStateManager (PipelineStateManager.java:addPipeline(56)) - Created pipeline Pipeline[ Id: fd539867-7ee4-4e67-89ff-dc781dfb4ca7, Nodes: af5fed38-0f11-4bc3-b5f8-f25d4cc0e41f{ip: 192.168.157.195, host: pr-hdds-1569-xtfnx-3545843844, networkLocation: /default-rack, certSerialId: null}, Type:RATIS, Factor:ONE, State:OPEN]
2019-09-12 11:56:48,724 [RatisPipelineUtilsThread] ERROR pipeline.PipelinePlacementPolicy (PipelinePlacementPolicy.java:meetCriteria(91)) - Pipeline Placement: Doesn't meet the criteria to be viable node. Heaviness: 6
2019-09-12 11:56:48,725 [RatisPipelineUtilsThread] ERROR pipeline.PipelinePlacementPolicy (PipelinePlacementPolicy.java:meetCriteria(91)) - Pipeline Placement: Doesn't meet the criteria to be viable node. Heaviness: 6
2019-09-12 11:56:48,725 [RatisPipelineUtilsThread] ERROR pipeline.PipelinePlacementPolicy (PipelinePlacementPolicy.java:meetCriteria(91)) - Pipeline Placement: Doesn't meet the criteria to be viable node. Heaviness: 6
2019-09-12 11:56:48,736 [grpc-default-executor-0] INFO  impl.RaftServerProxy (RaftServerProxy.java:addNew(89)) - 17f5de45-d006-42d4-a442-b3531657861f: addNew group-953817EC86AC:[17f5de45-d006-42d4-a442-b3531657861f:192.168.157.195:40760] returns group-953817EC86AC:java.util.concurrent.CompletableFuture@75ce882c[Not completed]
2019-09-12 11:56:48,738 [pool-38-thread-1] INFO  impl.RaftServerImpl (RaftServerImpl.java:<init>(93)) - 17f5de45-d006-42d4-a442-b3531657861f: new RaftServerImpl for group-953817EC86AC:[17f5de45-d006-42d4-a442-b3531657861f:192.168.157.195:40760] with ContainerStateMachine:uninitialized
2019-09-12 11:56:48,739 [pool-38-thread-1] INFO  server.RaftServerConfigKeys (ConfUtils.java:logGet(43)) - raft.server.rpc.timeout.min = 5s (custom)
2019-09-12 11:56:48,739 [pool-38-thread-1] INFO  server.RaftServerConfigKeys (ConfUtils.java:logGet(43)) - raft.server.rpc.timeout.max = 5200ms (custom)
2019-09-12 11:56:48,739 [pool-38-thread-1] INFO  server.RaftServerConfigKeys (ConfUtils.java:logGet(43)) - raft.server.rpcslowness.timeout = 120s (custom)
2019-09-12 11:56:48,739 [pool-38-thread-1] INFO  server.RaftServerConfigKeys (ConfUtils.java:logGet(43)) - raft.server.sleep.deviation.threshold = 300 (default)
2019-09-12 11:56:48,739 [pool-38-thread-1] INFO  server.RaftServerConfigKeys (ConfUtils.java:logGet(43)) - raft.server.log.appender.install.snapshot.enabled = false (custom)
2019-09-12 11:56:48,740 [pool-38-thread-1] INFO  impl.RaftServerImpl (ServerState.java:<init>(105)) - 17f5de45-d006-42d4-a442-b3531657861f:group-953817EC86AC ConfigurationManager, init=-1: [17f5de45-d006-42d4-a442-b3531657861f:192.168.157.195:40760], old=null, confs=<EMPTY_MAP>
2019-09-12 11:56:48,740 [pool-38-thread-1] INFO  server.RaftServerConfigKeys (ConfUtils.java:logGet(43)) - raft.server.storage.dir = [/workdir/hadoop-ozone/tools/target/test-dir/MiniOzoneClusterImpl-659e2a06-c254-4d33-90f4-66e0a49906bb/datanode-1/data/ratis] (custom)
2019-09-12 11:56:48,740 [pool-38-thread-1] INFO  storage.RaftStorageDirectory (RaftStorageDirectory.java:analyzeStorage(246)) - The storage directory /workdir/hadoop-ozone/tools/target/test-dir/MiniOzoneClusterImpl-659e2a06-c254-4d33-90f4-66e0a49906bb/datanode-1/data/ratis/8e10e633-85b0-49bb-a352-953817ec86ac does not exist. Creating ...
2019-09-12 11:56:48,750 | INFO  | SCMAudit | user=jenkins1000 | ip=192.168.157.195 | op=SEND_HEARTBEAT {datanodeUUID=17edbb89-a050-42dd-b919-a8669dd0769f, command=[]} | ret=SUCCESS |  
2019-09-12 11:56:48,753 | INFO  | SCMAudit | user=jenkins1000 | ip=192.168.157.195 | op=SEND_HEARTBEAT {datanodeUUID=af5fed38-0f11-4bc3-b5f8-f25d4cc0e41f, command=[]} | ret=SUCCESS |  
2019-09-12 11:56:48,753 [pool-38-thread-1] INFO  storage.RaftStorageDirectory (RaftStorageDirectory.java:tryLock(328)) - Lock on /workdir/hadoop-ozone/tools/target/test-dir/MiniOzoneClusterImpl-659e2a06-c254-4d33-90f4-66e0a49906bb/datanode-1/data/ratis/8e10e633-85b0-49bb-a352-953817ec86ac/in_use.lock acquired by nodename 21463@pr-hdds-1569-xtfnx-3545843844
2019-09-12 11:56:48,772 [pool-38-thread-1] INFO  storage.RaftStorage (RaftStorage.java:format(72)) - Storage directory /workdir/hadoop-ozone/tools/target/test-dir/MiniOzoneClusterImpl-659e2a06-c254-4d33-90f4-66e0a49906bb/datanode-1/data/ratis/8e10e633-85b0-49bb-a352-953817ec86ac has been successfully formatted.
2019-09-12 11:56:48,772 [pool-38-thread-1] INFO  ratis.ContainerStateMachine (ContainerStateMachine.java:loadSnapshot(226)) - group-953817EC86AC: The snapshot info is null. Setting the last applied indexto:(t:0, i:~)
2019-09-12 11:56:48,772 [pool-38-thread-1] INFO  server.RaftServerConfigKeys (ConfUtils.java:logGet(43)) - raft.server.leader.election.timeout = 120s (custom)
2019-09-12 11:56:48,773 [pool-38-thread-1] INFO  server.RaftServerConfigKeys (ConfUtils.java:logGet(43)) - raft.server.log.use.memory = false (default)
2019-09-12 11:56:48,773 [pool-38-thread-1] INFO  server.RaftServerConfigKeys (ConfUtils.java:logGet(43)) - raft.server.log.purge.gap = 1000000 (custom)
2019-09-12 11:56:48,773 [pool-38-thread-1] INFO  server.RaftServerConfigKeys (ConfUtils.java:logGet(43)) - raft.server.log.appender.buffer.byte-limit = 33554432 (custom)
2019-09-12 11:56:48,773 [pool-38-thread-1] INFO  server.RaftServerConfigKeys (ConfUtils.java:logGet(43)) - raft.server.log.segment.size.max = 1048576 (custom)
2019-09-12 11:56:48,773 [pool-38-thread-1] INFO  server.RaftServerConfigKeys (ConfUtils.java:logGet(43)) - raft.server.log.segment.cache.num.max = 2 (custom)
2019-09-12 11:56:48,774 [pool-38-thread-1] INFO  segmented.SegmentedRaftLogWorker (SegmentedRaftLogWorker.java:<init>(172)) - new 17f5de45-d006-42d4-a442-b3531657861f-SegmentedRaftLogWorker:Storage Directory /workdir/hadoop-ozone/tools/target/test-dir/MiniOzoneClusterImpl-659e2a06-c254-4d33-90f4-66e0a49906bb/datanode-1/data/ratis/8e10e633-85b0-49bb-a352-953817ec86ac for RaftStorage:Storage Directory /workdir/hadoop-ozone/tools/target/test-dir/MiniOzoneClusterImpl-659e2a06-c254-4d33-90f4-66e0a49906bb/datanode-1/data/ratis/8e10e633-85b0-49bb-a352-953817ec86ac
2019-09-12 11:56:48,774 [pool-38-thread-1] INFO  server.RaftServerConfigKeys (ConfUtils.java:logGet(43)) - raft.server.log.queue.byte-limit = 2147483647 (custom)
2019-09-12 11:56:48,774 [pool-38-thread-1] INFO  server.RaftServerConfigKeys (ConfUtils.java:logGet(43)) - raft.server.log.queue.element-limit = 1024 (custom)
2019-09-12 11:56:48,774 [pool-38-thread-1] INFO  server.RaftServerConfigKeys (ConfUtils.java:logGet(43)) - raft.server.log.segment.size.max = 1048576 (custom)
2019-09-12 11:56:48,774 [pool-38-thread-1] INFO  server.RaftServerConfigKeys (ConfUtils.java:logGet(43)) - raft.server.log.preallocated.size = 16384 (custom)
2019-09-12 11:56:48,774 [pool-38-thread-1] INFO  server.RaftServerConfigKeys (ConfUtils.java:logGet(43)) - raft.server.log.write.buffer.size = 33554432 (custom)
2019-09-12 11:56:48,775 [pool-38-thread-1] INFO  server.RaftServerConfigKeys (ConfUtils.java:logGet(43)) - raft.server.log.force.sync.num = 128 (default)
2019-09-12 11:56:48,775 [pool-38-thread-1] INFO  server.RaftServerConfigKeys (ConfUtils.java:logGet(43)) - raft.server.log.statemachine.data.sync = true (default)
2019-09-12 11:56:48,775 [pool-38-thread-1] INFO  server.RaftServerConfigKeys (ConfUtils.java:logGet(43)) - raft.server.log.statemachine.data.sync.timeout = 10s (default)
2019-09-12 11:56:48,775 [pool-38-thread-1] INFO  server.RaftServerConfigKeys (ConfUtils.java:logGet(43)) - raft.server.log.statemachine.data.sync.timeout.retry = -1 (default)
2019-09-12 11:56:48,775 [pool-38-thread-1] INFO  server.RaftServerConfigKeys (ConfUtils.java:logGet(43)) - raft.server.log.statemachine.data.caching.enabled = true (custom)
2019-09-12 11:56:48,776 [pool-38-thread-1] INFO  segmented.SegmentedRaftLogWorker (SegmentedRaftLogWorker.java:lambda$new$0(132)) - 17f5de45-d006-42d4-a442-b3531657861f-SegmentedRaftLogWorker:Storage Directory /workdir/hadoop-ozone/tools/target/test-dir/MiniOzoneClusterImpl-659e2a06-c254-4d33-90f4-66e0a49906bb/datanode-1/data/ratis/8e10e633-85b0-49bb-a352-953817ec86ac: flushIndex: setUnconditionally 0 -> -1
2019-09-12 11:56:48,776 [pool-38-thread-1] INFO  server.RaftServerConfigKeys (ConfUtils.java:logGet(43)) - raft.server.snapshot.auto.trigger.enabled = true (custom)
2019-09-12 11:56:48,776 | INFO  | SCMAudit | user=jenkins1000 | ip=192.168.157.195 | op=SEND_HEARTBEAT {datanodeUUID=f8fc3649-0cfb-44b5-b2db-665c617086f3, command=[]} | ret=SUCCESS |  
2019-09-12 11:56:48,776 [pool-38-thread-1] INFO  server.RaftServerConfigKeys (ConfUtils.java:logGet(43)) - raft.server.snapshot.auto.trigger.threshold = 10000 (custom)
2019-09-12 11:56:48,777 [pool-38-thread-1] INFO  server.RaftServerConfigKeys (ConfUtils.java:logGet(43)) - raft.server.retrycache.expirytime = 600000ms (custom)
2019-09-12 11:56:48,777 [pool-38-thread-1] INFO  impl.RaftServerImpl (RaftServerImpl.java:start(180)) - 17f5de45-d006-42d4-a442-b3531657861f: start group-953817EC86AC
2019-09-12 11:56:48,777 [pool-38-thread-1] INFO  impl.RaftServerImpl (RaftServerImpl.java:setRole(171)) - 17f5de45-d006-42d4-a442-b3531657861f:group-953817EC86AC changes role from null to FOLLOWER at term 0 for startAsFollower
2019-09-12 11:56:48,777 [pool-38-thread-1] INFO  impl.RoleInfo (RoleInfo.java:updateAndGet(143)) - 17f5de45-d006-42d4-a442-b3531657861f: start FollowerState
2019-09-12 11:56:48,778 [pool-38-thread-1] INFO  util.JmxRegister (JmxRegister.java:tryRegister(44)) - Successfully registered JMX Bean with object name Ratis:service=RaftServer,group=group-953817EC86AC,id=17f5de45-d006-42d4-a442-b3531657861f
2019-09-12 11:56:48,784 [RatisPipelineUtilsThread] INFO  pipeline.PipelineStateManager (PipelineStateManager.java:addPipeline(56)) - Created pipeline Pipeline[ Id: 8e10e633-85b0-49bb-a352-953817ec86ac, Nodes: 17f5de45-d006-42d4-a442-b3531657861f{ip: 192.168.157.195, host: pr-hdds-1569-xtfnx-3545843844, networkLocation: /default-rack, certSerialId: null}, Type:RATIS, Factor:ONE, State:OPEN]
2019-09-12 11:56:48,786 [RatisPipelineUtilsThread] ERROR pipeline.PipelinePlacementPolicy (PipelinePlacementPolicy.java:meetCriteria(91)) - Pipeline Placement: Doesn't meet the criteria to be viable node. Heaviness: 6
2019-09-12 11:56:48,786 [RatisPipelineUtilsThread] ERROR pipeline.PipelinePlacementPolicy (PipelinePlacementPolicy.java:meetCriteria(91)) - Pipeline Placement: Doesn't meet the criteria to be viable node. Heaviness: 6
2019-09-12 11:56:48,786 [RatisPipelineUtilsThread] ERROR pipeline.PipelinePlacementPolicy (PipelinePlacementPolicy.java:meetCriteria(91)) - Pipeline Placement: Doesn't meet the criteria to be viable node. Heaviness: 6
2019-09-12 11:56:48,795 [grpc-default-executor-0] INFO  impl.RaftServerProxy (RaftServerProxy.java:addNew(89)) - 17f5de45-d006-42d4-a442-b3531657861f: addNew group-1DB58B57305A:[17f5de45-d006-42d4-a442-b3531657861f:192.168.157.195:40760] returns group-1DB58B57305A:java.util.concurrent.CompletableFuture@6f7db000[Not completed]
2019-09-12 11:56:48,797 [pool-38-thread-1] INFO  impl.RaftServerImpl (RaftServerImpl.java:<init>(93)) - 17f5de45-d006-42d4-a442-b3531657861f: new RaftServerImpl for group-1DB58B57305A:[17f5de45-d006-42d4-a442-b3531657861f:192.168.157.195:40760] with ContainerStateMachine:uninitialized
2019-09-12 11:56:48,797 [pool-38-thread-1] INFO  server.RaftServerConfigKeys (ConfUtils.java:logGet(43)) - raft.server.rpc.timeout.min = 5s (custom)
2019-09-12 11:56:48,797 [pool-38-thread-1] INFO  server.RaftServerConfigKeys (ConfUtils.java:logGet(43)) - raft.server.rpc.timeout.max = 5200ms (custom)
2019-09-12 11:56:48,798 [pool-38-thread-1] INFO  server.RaftServerConfigKeys (ConfUtils.java:logGet(43)) - raft.server.rpcslowness.timeout = 120s (custom)
2019-09-12 11:56:48,798 [pool-38-thread-1] INFO  server.RaftServerConfigKeys (ConfUtils.java:logGet(43)) - raft.server.sleep.deviation.threshold = 300 (default)
2019-09-12 11:56:48,798 [pool-38-thread-1] INFO  server.RaftServerConfigKeys (ConfUtils.java:logGet(43)) - raft.server.log.appender.install.snapshot.enabled = false (custom)
2019-09-12 11:56:48,798 [pool-38-thread-1] INFO  impl.RaftServerImpl (ServerState.java:<init>(105)) - 17f5de45-d006-42d4-a442-b3531657861f:group-1DB58B57305A ConfigurationManager, init=-1: [17f5de45-d006-42d4-a442-b3531657861f:192.168.157.195:40760], old=null, confs=<EMPTY_MAP>
2019-09-12 11:56:48,798 [pool-38-thread-1] INFO  server.RaftServerConfigKeys (ConfUtils.java:logGet(43)) - raft.server.storage.dir = [/workdir/hadoop-ozone/tools/target/test-dir/MiniOzoneClusterImpl-659e2a06-c254-4d33-90f4-66e0a49906bb/datanode-1/data/ratis] (custom)
2019-09-12 11:56:48,799 [pool-38-thread-1] INFO  storage.RaftStorageDirectory (RaftStorageDirectory.java:analyzeStorage(246)) - The storage directory /workdir/hadoop-ozone/tools/target/test-dir/MiniOzoneClusterImpl-659e2a06-c254-4d33-90f4-66e0a49906bb/datanode-1/data/ratis/35e61403-0a3a-4462-9f7a-1db58b57305a does not exist. Creating ...
2019-09-12 11:56:48,812 [pool-38-thread-1] INFO  storage.RaftStorageDirectory (RaftStorageDirectory.java:tryLock(328)) - Lock on /workdir/hadoop-ozone/tools/target/test-dir/MiniOzoneClusterImpl-659e2a06-c254-4d33-90f4-66e0a49906bb/datanode-1/data/ratis/35e61403-0a3a-4462-9f7a-1db58b57305a/in_use.lock acquired by nodename 21463@pr-hdds-1569-xtfnx-3545843844
2019-09-12 11:56:48,825 [pool-38-thread-1] INFO  storage.RaftStorage (RaftStorage.java:format(72)) - Storage directory /workdir/hadoop-ozone/tools/target/test-dir/MiniOzoneClusterImpl-659e2a06-c254-4d33-90f4-66e0a49906bb/datanode-1/data/ratis/35e61403-0a3a-4462-9f7a-1db58b57305a has been successfully formatted.
2019-09-12 11:56:48,825 [pool-38-thread-1] INFO  ratis.ContainerStateMachine (ContainerStateMachine.java:loadSnapshot(226)) - group-1DB58B57305A: The snapshot info is null. Setting the last applied indexto:(t:0, i:~)
2019-09-12 11:56:48,826 [pool-38-thread-1] INFO  server.RaftServerConfigKeys (ConfUtils.java:logGet(43)) - raft.server.leader.election.timeout = 120s (custom)
2019-09-12 11:56:48,826 [pool-38-thread-1] INFO  server.RaftServerConfigKeys (ConfUtils.java:logGet(43)) - raft.server.log.use.memory = false (default)
2019-09-12 11:56:48,826 [pool-38-thread-1] INFO  server.RaftServerConfigKeys (ConfUtils.java:logGet(43)) - raft.server.log.purge.gap = 1000000 (custom)
2019-09-12 11:56:48,826 [pool-38-thread-1] INFO  server.RaftServerConfigKeys (ConfUtils.java:logGet(43)) - raft.server.log.appender.buffer.byte-limit = 33554432 (custom)
2019-09-12 11:56:48,826 [pool-38-thread-1] INFO  server.RaftServerConfigKeys (ConfUtils.java:logGet(43)) - raft.server.log.segment.size.max = 1048576 (custom)
2019-09-12 11:56:48,826 [pool-38-thread-1] INFO  server.RaftServerConfigKeys (ConfUtils.java:logGet(43)) - raft.server.log.segment.cache.num.max = 2 (custom)
2019-09-12 11:56:48,827 [pool-38-thread-1] INFO  segmented.SegmentedRaftLogWorker (SegmentedRaftLogWorker.java:<init>(172)) - new 17f5de45-d006-42d4-a442-b3531657861f-SegmentedRaftLogWorker:Storage Directory /workdir/hadoop-ozone/tools/target/test-dir/MiniOzoneClusterImpl-659e2a06-c254-4d33-90f4-66e0a49906bb/datanode-1/data/ratis/35e61403-0a3a-4462-9f7a-1db58b57305a for RaftStorage:Storage Directory /workdir/hadoop-ozone/tools/target/test-dir/MiniOzoneClusterImpl-659e2a06-c254-4d33-90f4-66e0a49906bb/datanode-1/data/ratis/35e61403-0a3a-4462-9f7a-1db58b57305a
2019-09-12 11:56:48,827 [pool-38-thread-1] INFO  server.RaftServerConfigKeys (ConfUtils.java:logGet(43)) - raft.server.log.queue.byte-limit = 2147483647 (custom)
2019-09-12 11:56:48,827 [pool-38-thread-1] INFO  server.RaftServerConfigKeys (ConfUtils.java:logGet(43)) - raft.server.log.queue.element-limit = 1024 (custom)
2019-09-12 11:56:48,827 [pool-38-thread-1] INFO  server.RaftServerConfigKeys (ConfUtils.java:logGet(43)) - raft.server.log.segment.size.max = 1048576 (custom)
2019-09-12 11:56:48,827 [pool-38-thread-1] INFO  server.RaftServerConfigKeys (ConfUtils.java:logGet(43)) - raft.server.log.preallocated.size = 16384 (custom)
2019-09-12 11:56:48,827 [pool-38-thread-1] INFO  server.RaftServerConfigKeys (ConfUtils.java:logGet(43)) - raft.server.log.write.buffer.size = 33554432 (custom)
2019-09-12 11:56:48,827 [pool-38-thread-1] INFO  server.RaftServerConfigKeys (ConfUtils.java:logGet(43)) - raft.server.log.force.sync.num = 128 (default)
2019-09-12 11:56:48,828 [pool-38-thread-1] INFO  server.RaftServerConfigKeys (ConfUtils.java:logGet(43)) - raft.server.log.statemachine.data.sync = true (default)
2019-09-12 11:56:48,828 [pool-38-thread-1] INFO  server.RaftServerConfigKeys (ConfUtils.java:logGet(43)) - raft.server.log.statemachine.data.sync.timeout = 10s (default)
2019-09-12 11:56:48,828 [pool-38-thread-1] INFO  server.RaftServerConfigKeys (ConfUtils.java:logGet(43)) - raft.server.log.statemachine.data.sync.timeout.retry = -1 (default)
2019-09-12 11:56:48,828 [pool-38-thread-1] INFO  server.RaftServerConfigKeys (ConfUtils.java:logGet(43)) - raft.server.log.statemachine.data.caching.enabled = true (custom)
2019-09-12 11:56:48,829 [pool-38-thread-1] INFO  segmented.SegmentedRaftLogWorker (SegmentedRaftLogWorker.java:lambda$new$0(132)) - 17f5de45-d006-42d4-a442-b3531657861f-SegmentedRaftLogWorker:Storage Directory /workdir/hadoop-ozone/tools/target/test-dir/MiniOzoneClusterImpl-659e2a06-c254-4d33-90f4-66e0a49906bb/datanode-1/data/ratis/35e61403-0a3a-4462-9f7a-1db58b57305a: flushIndex: setUnconditionally 0 -> -1
2019-09-12 11:56:48,829 [pool-38-thread-1] INFO  server.RaftServerConfigKeys (ConfUtils.java:logGet(43)) - raft.server.snapshot.auto.trigger.enabled = true (custom)
2019-09-12 11:56:48,829 [pool-38-thread-1] INFO  server.RaftServerConfigKeys (ConfUtils.java:logGet(43)) - raft.server.snapshot.auto.trigger.threshold = 10000 (custom)
2019-09-12 11:56:48,829 [pool-38-thread-1] INFO  server.RaftServerConfigKeys (ConfUtils.java:logGet(43)) - raft.server.retrycache.expirytime = 600000ms (custom)
2019-09-12 11:56:48,830 [pool-38-thread-1] INFO  impl.RaftServerImpl (RaftServerImpl.java:start(180)) - 17f5de45-d006-42d4-a442-b3531657861f: start group-1DB58B57305A
2019-09-12 11:56:48,830 [pool-38-thread-1] INFO  impl.RaftServerImpl (RaftServerImpl.java:setRole(171)) - 17f5de45-d006-42d4-a442-b3531657861f:group-1DB58B57305A changes role from null to FOLLOWER at term 0 for startAsFollower
2019-09-12 11:56:48,830 [pool-38-thread-1] INFO  impl.RoleInfo (RoleInfo.java:updateAndGet(143)) - 17f5de45-d006-42d4-a442-b3531657861f: start FollowerState
2019-09-12 11:56:48,830 [pool-38-thread-1] INFO  util.JmxRegister (JmxRegister.java:tryRegister(44)) - Successfully registered JMX Bean with object name Ratis:service=RaftServer,group=group-1DB58B57305A,id=17f5de45-d006-42d4-a442-b3531657861f
2019-09-12 11:56:48,835 [Thread-207] INFO  container.ReplicationManager (ReplicationManager.java:start(151)) - Starting Replication Monitor Thread.
2019-09-12 11:56:48,838 [ReplicationMonitor] INFO  container.ReplicationManager (ReplicationManager.java:run(214)) - Replication Monitor Thread took 1 milliseconds for processing 0 containers.
2019-09-12 11:56:48,838 [RatisPipelineUtilsThread] INFO  pipeline.PipelineStateManager (PipelineStateManager.java:addPipeline(56)) - Created pipeline Pipeline[ Id: 35e61403-0a3a-4462-9f7a-1db58b57305a, Nodes: 17f5de45-d006-42d4-a442-b3531657861f{ip: 192.168.157.195, host: pr-hdds-1569-xtfnx-3545843844, networkLocation: /default-rack, certSerialId: null}, Type:RATIS, Factor:ONE, State:OPEN]
2019-09-12 11:56:48,839 [RatisPipelineUtilsThread] ERROR pipeline.PipelinePlacementPolicy (PipelinePlacementPolicy.java:meetCriteria(91)) - Pipeline Placement: Doesn't meet the criteria to be viable node. Heaviness: 6
2019-09-12 11:56:48,839 [RatisPipelineUtilsThread] ERROR pipeline.PipelinePlacementPolicy (PipelinePlacementPolicy.java:meetCriteria(91)) - Pipeline Placement: Doesn't meet the criteria to be viable node. Heaviness: 6
2019-09-12 11:56:48,839 [RatisPipelineUtilsThread] ERROR pipeline.PipelinePlacementPolicy (PipelinePlacementPolicy.java:meetCriteria(91)) - Pipeline Placement: Doesn't meet the criteria to be viable node. Heaviness: 6
2019-09-12 11:56:48,839 [RatisPipelineUtilsThread] ERROR pipeline.PipelinePlacementPolicy (PipelinePlacementPolicy.java:meetCriteria(91)) - Pipeline Placement: Doesn't meet the criteria to be viable node. Heaviness: 6
2019-09-12 11:56:48,849 [grpc-default-executor-0] INFO  impl.RaftServerProxy (RaftServerProxy.java:addNew(89)) - af5fed38-0f11-4bc3-b5f8-f25d4cc0e41f: addNew group-434440480EA0:[af5fed38-0f11-4bc3-b5f8-f25d4cc0e41f:192.168.157.195:46650] returns group-434440480EA0:java.util.concurrent.CompletableFuture@548d8bb[Not completed]
2019-09-12 11:56:48,851 [pool-60-thread-1] INFO  impl.RaftServerImpl (RaftServerImpl.java:<init>(93)) - af5fed38-0f11-4bc3-b5f8-f25d4cc0e41f: new RaftServerImpl for group-434440480EA0:[af5fed38-0f11-4bc3-b5f8-f25d4cc0e41f:192.168.157.195:46650] with ContainerStateMachine:uninitialized
2019-09-12 11:56:48,852 [pool-60-thread-1] INFO  server.RaftServerConfigKeys (ConfUtils.java:logGet(43)) - raft.server.rpc.timeout.min = 5s (custom)
2019-09-12 11:56:48,852 [pool-60-thread-1] INFO  server.RaftServerConfigKeys (ConfUtils.java:logGet(43)) - raft.server.rpc.timeout.max = 5200ms (custom)
2019-09-12 11:56:48,852 [pool-60-thread-1] INFO  server.RaftServerConfigKeys (ConfUtils.java:logGet(43)) - raft.server.rpcslowness.timeout = 120s (custom)
2019-09-12 11:56:48,852 [pool-60-thread-1] INFO  server.RaftServerConfigKeys (ConfUtils.java:logGet(43)) - raft.server.sleep.deviation.threshold = 300 (default)
2019-09-12 11:56:48,852 [pool-60-thread-1] INFO  server.RaftServerConfigKeys (ConfUtils.java:logGet(43)) - raft.server.log.appender.install.snapshot.enabled = false (custom)
2019-09-12 11:56:48,852 [pool-60-thread-1] INFO  impl.RaftServerImpl (ServerState.java:<init>(105)) - af5fed38-0f11-4bc3-b5f8-f25d4cc0e41f:group-434440480EA0 ConfigurationManager, init=-1: [af5fed38-0f11-4bc3-b5f8-f25d4cc0e41f:192.168.157.195:46650], old=null, confs=<EMPTY_MAP>
2019-09-12 11:56:48,852 [pool-60-thread-1] INFO  server.RaftServerConfigKeys (ConfUtils.java:logGet(43)) - raft.server.storage.dir = [/workdir/hadoop-ozone/tools/target/test-dir/MiniOzoneClusterImpl-659e2a06-c254-4d33-90f4-66e0a49906bb/datanode-3/data/ratis] (custom)
2019-09-12 11:56:48,853 [pool-60-thread-1] INFO  storage.RaftStorageDirectory (RaftStorageDirectory.java:analyzeStorage(246)) - The storage directory /workdir/hadoop-ozone/tools/target/test-dir/MiniOzoneClusterImpl-659e2a06-c254-4d33-90f4-66e0a49906bb/datanode-3/data/ratis/e2f32766-7983-4092-a0e1-434440480ea0 does not exist. Creating ...
2019-09-12 11:56:48,865 [pool-60-thread-1] INFO  storage.RaftStorageDirectory (RaftStorageDirectory.java:tryLock(328)) - Lock on /workdir/hadoop-ozone/tools/target/test-dir/MiniOzoneClusterImpl-659e2a06-c254-4d33-90f4-66e0a49906bb/datanode-3/data/ratis/e2f32766-7983-4092-a0e1-434440480ea0/in_use.lock acquired by nodename 21463@pr-hdds-1569-xtfnx-3545843844
2019-09-12 11:56:48,878 [pool-60-thread-1] INFO  storage.RaftStorage (RaftStorage.java:format(72)) - Storage directory /workdir/hadoop-ozone/tools/target/test-dir/MiniOzoneClusterImpl-659e2a06-c254-4d33-90f4-66e0a49906bb/datanode-3/data/ratis/e2f32766-7983-4092-a0e1-434440480ea0 has been successfully formatted.
2019-09-12 11:56:48,878 [pool-60-thread-1] INFO  ratis.ContainerStateMachine (ContainerStateMachine.java:loadSnapshot(226)) - group-434440480EA0: The snapshot info is null. Setting the last applied indexto:(t:0, i:~)
2019-09-12 11:56:48,878 [pool-60-thread-1] INFO  server.RaftServerConfigKeys (ConfUtils.java:logGet(43)) - raft.server.leader.election.timeout = 120s (custom)
2019-09-12 11:56:48,878 [pool-60-thread-1] INFO  server.RaftServerConfigKeys (ConfUtils.java:logGet(43)) - raft.server.log.use.memory = false (default)
2019-09-12 11:56:48,879 [pool-60-thread-1] INFO  server.RaftServerConfigKeys (ConfUtils.java:logGet(43)) - raft.server.log.purge.gap = 1000000 (custom)
2019-09-12 11:56:48,879 [pool-60-thread-1] INFO  server.RaftServerConfigKeys (ConfUtils.java:logGet(43)) - raft.server.log.appender.buffer.byte-limit = 33554432 (custom)
2019-09-12 11:56:48,879 [pool-60-thread-1] INFO  server.RaftServerConfigKeys (ConfUtils.java:logGet(43)) - raft.server.log.segment.size.max = 1048576 (custom)
2019-09-12 11:56:48,879 [pool-60-thread-1] INFO  server.RaftServerConfigKeys (ConfUtils.java:logGet(43)) - raft.server.log.segment.cache.num.max = 2 (custom)
2019-09-12 11:56:48,879 [pool-60-thread-1] INFO  segmented.SegmentedRaftLogWorker (SegmentedRaftLogWorker.java:<init>(172)) - new af5fed38-0f11-4bc3-b5f8-f25d4cc0e41f-SegmentedRaftLogWorker:Storage Directory /workdir/hadoop-ozone/tools/target/test-dir/MiniOzoneClusterImpl-659e2a06-c254-4d33-90f4-66e0a49906bb/datanode-3/data/ratis/e2f32766-7983-4092-a0e1-434440480ea0 for RaftStorage:Storage Directory /workdir/hadoop-ozone/tools/target/test-dir/MiniOzoneClusterImpl-659e2a06-c254-4d33-90f4-66e0a49906bb/datanode-3/data/ratis/e2f32766-7983-4092-a0e1-434440480ea0
2019-09-12 11:56:48,879 [pool-60-thread-1] INFO  server.RaftServerConfigKeys (ConfUtils.java:logGet(43)) - raft.server.log.queue.byte-limit = 2147483647 (custom)
2019-09-12 11:56:48,879 [pool-60-thread-1] INFO  server.RaftServerConfigKeys (ConfUtils.java:logGet(43)) - raft.server.log.queue.element-limit = 1024 (custom)
2019-09-12 11:56:48,879 [pool-60-thread-1] INFO  server.RaftServerConfigKeys (ConfUtils.java:logGet(43)) - raft.server.log.segment.size.max = 1048576 (custom)
2019-09-12 11:56:48,880 [pool-60-thread-1] INFO  server.RaftServerConfigKeys (ConfUtils.java:logGet(43)) - raft.server.log.preallocated.size = 16384 (custom)
2019-09-12 11:56:48,880 [pool-60-thread-1] INFO  server.RaftServerConfigKeys (ConfUtils.java:logGet(43)) - raft.server.log.write.buffer.size = 33554432 (custom)
2019-09-12 11:56:48,880 [pool-60-thread-1] INFO  server.RaftServerConfigKeys (ConfUtils.java:logGet(43)) - raft.server.log.force.sync.num = 128 (default)
2019-09-12 11:56:48,880 [pool-60-thread-1] INFO  server.RaftServerConfigKeys (ConfUtils.java:logGet(43)) - raft.server.log.statemachine.data.sync = true (default)
2019-09-12 11:56:48,880 [pool-60-thread-1] INFO  server.RaftServerConfigKeys (ConfUtils.java:logGet(43)) - raft.server.log.statemachine.data.sync.timeout = 10s (default)
2019-09-12 11:56:48,880 [pool-60-thread-1] INFO  server.RaftServerConfigKeys (ConfUtils.java:logGet(43)) - raft.server.log.statemachine.data.sync.timeout.retry = -1 (default)
2019-09-12 11:56:48,880 [pool-60-thread-1] INFO  server.RaftServerConfigKeys (ConfUtils.java:logGet(43)) - raft.server.log.statemachine.data.caching.enabled = true (custom)
2019-09-12 11:56:48,881 [pool-60-thread-1] INFO  segmented.SegmentedRaftLogWorker (SegmentedRaftLogWorker.java:lambda$new$0(132)) - af5fed38-0f11-4bc3-b5f8-f25d4cc0e41f-SegmentedRaftLogWorker:Storage Directory /workdir/hadoop-ozone/tools/target/test-dir/MiniOzoneClusterImpl-659e2a06-c254-4d33-90f4-66e0a49906bb/datanode-3/data/ratis/e2f32766-7983-4092-a0e1-434440480ea0: flushIndex: setUnconditionally 0 -> -1
2019-09-12 11:56:48,881 [pool-60-thread-1] INFO  server.RaftServerConfigKeys (ConfUtils.java:logGet(43)) - raft.server.snapshot.auto.trigger.enabled = true (custom)
2019-09-12 11:56:48,881 [pool-60-thread-1] INFO  server.RaftServerConfigKeys (ConfUtils.java:logGet(43)) - raft.server.snapshot.auto.trigger.threshold = 10000 (custom)
2019-09-12 11:56:48,881 [pool-60-thread-1] INFO  server.RaftServerConfigKeys (ConfUtils.java:logGet(43)) - raft.server.retrycache.expirytime = 600000ms (custom)
2019-09-12 11:56:48,881 [pool-60-thread-1] INFO  impl.RaftServerImpl (RaftServerImpl.java:start(180)) - af5fed38-0f11-4bc3-b5f8-f25d4cc0e41f: start group-434440480EA0
2019-09-12 11:56:48,881 [pool-60-thread-1] INFO  impl.RaftServerImpl (RaftServerImpl.java:setRole(171)) - af5fed38-0f11-4bc3-b5f8-f25d4cc0e41f:group-434440480EA0 changes role from null to FOLLOWER at term 0 for startAsFollower
2019-09-12 11:56:48,882 [pool-60-thread-1] INFO  impl.RoleInfo (RoleInfo.java:updateAndGet(143)) - af5fed38-0f11-4bc3-b5f8-f25d4cc0e41f: start FollowerState
2019-09-12 11:56:48,882 [pool-60-thread-1] INFO  util.JmxRegister (JmxRegister.java:tryRegister(44)) - Successfully registered JMX Bean with object name Ratis:service=RaftServer,group=group-434440480EA0,id=af5fed38-0f11-4bc3-b5f8-f25d4cc0e41f
2019-09-12 11:56:48,888 [RatisPipelineUtilsThread] INFO  pipeline.PipelineStateManager (PipelineStateManager.java:addPipeline(56)) - Created pipeline Pipeline[ Id: e2f32766-7983-4092-a0e1-434440480ea0, Nodes: af5fed38-0f11-4bc3-b5f8-f25d4cc0e41f{ip: 192.168.157.195, host: pr-hdds-1569-xtfnx-3545843844, networkLocation: /default-rack, certSerialId: null}, Type:RATIS, Factor:ONE, State:OPEN]
2019-09-12 11:56:48,889 [RatisPipelineUtilsThread] ERROR pipeline.PipelinePlacementPolicy (PipelinePlacementPolicy.java:meetCriteria(91)) - Pipeline Placement: Doesn't meet the criteria to be viable node. Heaviness: 6
2019-09-12 11:56:48,890 [RatisPipelineUtilsThread] ERROR pipeline.PipelinePlacementPolicy (PipelinePlacementPolicy.java:meetCriteria(91)) - Pipeline Placement: Doesn't meet the criteria to be viable node. Heaviness: 6
2019-09-12 11:56:48,890 [RatisPipelineUtilsThread] ERROR pipeline.PipelinePlacementPolicy (PipelinePlacementPolicy.java:meetCriteria(91)) - Pipeline Placement: Doesn't meet the criteria to be viable node. Heaviness: 6
2019-09-12 11:56:48,890 [RatisPipelineUtilsThread] ERROR pipeline.PipelinePlacementPolicy (PipelinePlacementPolicy.java:meetCriteria(91)) - Pipeline Placement: Doesn't meet the criteria to be viable node. Heaviness: 6
2019-09-12 11:56:48,898 [grpc-default-executor-0] INFO  impl.RaftServerProxy (RaftServerProxy.java:addNew(89)) - af5fed38-0f11-4bc3-b5f8-f25d4cc0e41f: addNew group-B06C647F6F4C:[af5fed38-0f11-4bc3-b5f8-f25d4cc0e41f:192.168.157.195:46650] returns group-B06C647F6F4C:java.util.concurrent.CompletableFuture@16555de9[Not completed]
2019-09-12 11:56:48,900 [pool-60-thread-1] INFO  impl.RaftServerImpl (RaftServerImpl.java:<init>(93)) - af5fed38-0f11-4bc3-b5f8-f25d4cc0e41f: new RaftServerImpl for group-B06C647F6F4C:[af5fed38-0f11-4bc3-b5f8-f25d4cc0e41f:192.168.157.195:46650] with ContainerStateMachine:uninitialized
2019-09-12 11:56:48,900 [pool-60-thread-1] INFO  server.RaftServerConfigKeys (ConfUtils.java:logGet(43)) - raft.server.rpc.timeout.min = 5s (custom)
2019-09-12 11:56:48,900 [pool-60-thread-1] INFO  server.RaftServerConfigKeys (ConfUtils.java:logGet(43)) - raft.server.rpc.timeout.max = 5200ms (custom)
2019-09-12 11:56:48,900 [pool-60-thread-1] INFO  server.RaftServerConfigKeys (ConfUtils.java:logGet(43)) - raft.server.rpcslowness.timeout = 120s (custom)
2019-09-12 11:56:48,900 [pool-60-thread-1] INFO  server.RaftServerConfigKeys (ConfUtils.java:logGet(43)) - raft.server.sleep.deviation.threshold = 300 (default)
2019-09-12 11:56:48,900 [pool-60-thread-1] INFO  server.RaftServerConfigKeys (ConfUtils.java:logGet(43)) - raft.server.log.appender.install.snapshot.enabled = false (custom)
2019-09-12 11:56:48,900 [pool-60-thread-1] INFO  impl.RaftServerImpl (ServerState.java:<init>(105)) - af5fed38-0f11-4bc3-b5f8-f25d4cc0e41f:group-B06C647F6F4C ConfigurationManager, init=-1: [af5fed38-0f11-4bc3-b5f8-f25d4cc0e41f:192.168.157.195:46650], old=null, confs=<EMPTY_MAP>
2019-09-12 11:56:48,900 [pool-60-thread-1] INFO  server.RaftServerConfigKeys (ConfUtils.java:logGet(43)) - raft.server.storage.dir = [/workdir/hadoop-ozone/tools/target/test-dir/MiniOzoneClusterImpl-659e2a06-c254-4d33-90f4-66e0a49906bb/datanode-3/data/ratis] (custom)
2019-09-12 11:56:48,901 [pool-60-thread-1] INFO  storage.RaftStorageDirectory (RaftStorageDirectory.java:analyzeStorage(246)) - The storage directory /workdir/hadoop-ozone/tools/target/test-dir/MiniOzoneClusterImpl-659e2a06-c254-4d33-90f4-66e0a49906bb/datanode-3/data/ratis/772ad9b0-e91b-4910-9913-b06c647f6f4c does not exist. Creating ...
2019-09-12 11:56:48,913 [pool-60-thread-1] INFO  storage.RaftStorageDirectory (RaftStorageDirectory.java:tryLock(328)) - Lock on /workdir/hadoop-ozone/tools/target/test-dir/MiniOzoneClusterImpl-659e2a06-c254-4d33-90f4-66e0a49906bb/datanode-3/data/ratis/772ad9b0-e91b-4910-9913-b06c647f6f4c/in_use.lock acquired by nodename 21463@pr-hdds-1569-xtfnx-3545843844
2019-09-12 11:56:48,926 [pool-60-thread-1] INFO  storage.RaftStorage (RaftStorage.java:format(72)) - Storage directory /workdir/hadoop-ozone/tools/target/test-dir/MiniOzoneClusterImpl-659e2a06-c254-4d33-90f4-66e0a49906bb/datanode-3/data/ratis/772ad9b0-e91b-4910-9913-b06c647f6f4c has been successfully formatted.
2019-09-12 11:56:48,927 [pool-60-thread-1] INFO  ratis.ContainerStateMachine (ContainerStateMachine.java:loadSnapshot(226)) - group-B06C647F6F4C: The snapshot info is null. Setting the last applied indexto:(t:0, i:~)
2019-09-12 11:56:48,927 [pool-60-thread-1] INFO  server.RaftServerConfigKeys (ConfUtils.java:logGet(43)) - raft.server.leader.election.timeout = 120s (custom)
2019-09-12 11:56:48,927 [pool-60-thread-1] INFO  server.RaftServerConfigKeys (ConfUtils.java:logGet(43)) - raft.server.log.use.memory = false (default)
2019-09-12 11:56:48,927 [pool-60-thread-1] INFO  server.RaftServerConfigKeys (ConfUtils.java:logGet(43)) - raft.server.log.purge.gap = 1000000 (custom)
2019-09-12 11:56:48,927 [pool-60-thread-1] INFO  server.RaftServerConfigKeys (ConfUtils.java:logGet(43)) - raft.server.log.appender.buffer.byte-limit = 33554432 (custom)
2019-09-12 11:56:48,927 [pool-60-thread-1] INFO  server.RaftServerConfigKeys (ConfUtils.java:logGet(43)) - raft.server.log.segment.size.max = 1048576 (custom)
2019-09-12 11:56:48,927 [pool-60-thread-1] INFO  server.RaftServerConfigKeys (ConfUtils.java:logGet(43)) - raft.server.log.segment.cache.num.max = 2 (custom)
2019-09-12 11:56:48,927 [pool-60-thread-1] INFO  segmented.SegmentedRaftLogWorker (SegmentedRaftLogWorker.java:<init>(172)) - new af5fed38-0f11-4bc3-b5f8-f25d4cc0e41f-SegmentedRaftLogWorker:Storage Directory /workdir/hadoop-ozone/tools/target/test-dir/MiniOzoneClusterImpl-659e2a06-c254-4d33-90f4-66e0a49906bb/datanode-3/data/ratis/772ad9b0-e91b-4910-9913-b06c647f6f4c for RaftStorage:Storage Directory /workdir/hadoop-ozone/tools/target/test-dir/MiniOzoneClusterImpl-659e2a06-c254-4d33-90f4-66e0a49906bb/datanode-3/data/ratis/772ad9b0-e91b-4910-9913-b06c647f6f4c
2019-09-12 11:56:48,928 [pool-60-thread-1] INFO  server.RaftServerConfigKeys (ConfUtils.java:logGet(43)) - raft.server.log.queue.byte-limit = 2147483647 (custom)
2019-09-12 11:56:48,928 [pool-60-thread-1] INFO  server.RaftServerConfigKeys (ConfUtils.java:logGet(43)) - raft.server.log.queue.element-limit = 1024 (custom)
2019-09-12 11:56:48,928 [pool-60-thread-1] INFO  server.RaftServerConfigKeys (ConfUtils.java:logGet(43)) - raft.server.log.segment.size.max = 1048576 (custom)
2019-09-12 11:56:48,928 [pool-60-thread-1] INFO  server.RaftServerConfigKeys (ConfUtils.java:logGet(43)) - raft.server.log.preallocated.size = 16384 (custom)
2019-09-12 11:56:48,928 [pool-60-thread-1] INFO  server.RaftServerConfigKeys (ConfUtils.java:logGet(43)) - raft.server.log.write.buffer.size = 33554432 (custom)
2019-09-12 11:56:48,928 [pool-60-thread-1] INFO  server.RaftServerConfigKeys (ConfUtils.java:logGet(43)) - raft.server.log.force.sync.num = 128 (default)
2019-09-12 11:56:48,928 [pool-60-thread-1] INFO  server.RaftServerConfigKeys (ConfUtils.java:logGet(43)) - raft.server.log.statemachine.data.sync = true (default)
2019-09-12 11:56:48,928 [pool-60-thread-1] INFO  server.RaftServerConfigKeys (ConfUtils.java:logGet(43)) - raft.server.log.statemachine.data.sync.timeout = 10s (default)
2019-09-12 11:56:48,929 [pool-60-thread-1] INFO  server.RaftServerConfigKeys (ConfUtils.java:logGet(43)) - raft.server.log.statemachine.data.sync.timeout.retry = -1 (default)
2019-09-12 11:56:48,929 [pool-60-thread-1] INFO  server.RaftServerConfigKeys (ConfUtils.java:logGet(43)) - raft.server.log.statemachine.data.caching.enabled = true (custom)
2019-09-12 11:56:48,929 [pool-60-thread-1] INFO  segmented.SegmentedRaftLogWorker (SegmentedRaftLogWorker.java:lambda$new$0(132)) - af5fed38-0f11-4bc3-b5f8-f25d4cc0e41f-SegmentedRaftLogWorker:Storage Directory /workdir/hadoop-ozone/tools/target/test-dir/MiniOzoneClusterImpl-659e2a06-c254-4d33-90f4-66e0a49906bb/datanode-3/data/ratis/772ad9b0-e91b-4910-9913-b06c647f6f4c: flushIndex: setUnconditionally 0 -> -1
2019-09-12 11:56:48,929 [pool-60-thread-1] INFO  server.RaftServerConfigKeys (ConfUtils.java:logGet(43)) - raft.server.snapshot.auto.trigger.enabled = true (custom)
2019-09-12 11:56:48,930 [pool-60-thread-1] INFO  server.RaftServerConfigKeys (ConfUtils.java:logGet(43)) - raft.server.snapshot.auto.trigger.threshold = 10000 (custom)
2019-09-12 11:56:48,930 [pool-60-thread-1] INFO  server.RaftServerConfigKeys (ConfUtils.java:logGet(43)) - raft.server.retrycache.expirytime = 600000ms (custom)
2019-09-12 11:56:48,930 [pool-60-thread-1] INFO  impl.RaftServerImpl (RaftServerImpl.java:start(180)) - af5fed38-0f11-4bc3-b5f8-f25d4cc0e41f: start group-B06C647F6F4C
2019-09-12 11:56:48,930 [pool-60-thread-1] INFO  impl.RaftServerImpl (RaftServerImpl.java:setRole(171)) - af5fed38-0f11-4bc3-b5f8-f25d4cc0e41f:group-B06C647F6F4C changes role from null to FOLLOWER at term 0 for startAsFollower
2019-09-12 11:56:48,930 [pool-60-thread-1] INFO  impl.RoleInfo (RoleInfo.java:updateAndGet(143)) - af5fed38-0f11-4bc3-b5f8-f25d4cc0e41f: start FollowerState
2019-09-12 11:56:48,931 [pool-60-thread-1] INFO  util.JmxRegister (JmxRegister.java:tryRegister(44)) - Successfully registered JMX Bean with object name Ratis:service=RaftServer,group=group-B06C647F6F4C,id=af5fed38-0f11-4bc3-b5f8-f25d4cc0e41f
2019-09-12 11:56:48,936 [RatisPipelineUtilsThread] INFO  pipeline.PipelineStateManager (PipelineStateManager.java:addPipeline(56)) - Created pipeline Pipeline[ Id: 772ad9b0-e91b-4910-9913-b06c647f6f4c, Nodes: af5fed38-0f11-4bc3-b5f8-f25d4cc0e41f{ip: 192.168.157.195, host: pr-hdds-1569-xtfnx-3545843844, networkLocation: /default-rack, certSerialId: null}, Type:RATIS, Factor:ONE, State:OPEN]
2019-09-12 11:56:48,937 [RatisPipelineUtilsThread] ERROR pipeline.PipelinePlacementPolicy (PipelinePlacementPolicy.java:meetCriteria(91)) - Pipeline Placement: Doesn't meet the criteria to be viable node. Heaviness: 6
2019-09-12 11:56:48,937 [RatisPipelineUtilsThread] ERROR pipeline.PipelinePlacementPolicy (PipelinePlacementPolicy.java:meetCriteria(91)) - Pipeline Placement: Doesn't meet the criteria to be viable node. Heaviness: 6
2019-09-12 11:56:48,938 [RatisPipelineUtilsThread] ERROR pipeline.PipelinePlacementPolicy (PipelinePlacementPolicy.java:meetCriteria(91)) - Pipeline Placement: Doesn't meet the criteria to be viable node. Heaviness: 6
2019-09-12 11:56:48,938 [RatisPipelineUtilsThread] ERROR pipeline.PipelinePlacementPolicy (PipelinePlacementPolicy.java:meetCriteria(91)) - Pipeline Placement: Doesn't meet the criteria to be viable node. Heaviness: 6
2019-09-12 11:56:48,947 [grpc-default-executor-0] INFO  impl.RaftServerProxy (RaftServerProxy.java:addNew(89)) - af5fed38-0f11-4bc3-b5f8-f25d4cc0e41f: addNew group-CA10E4C0AB55:[af5fed38-0f11-4bc3-b5f8-f25d4cc0e41f:192.168.157.195:46650] returns group-CA10E4C0AB55:java.util.concurrent.CompletableFuture@64936893[Not completed]
2019-09-12 11:56:48,949 [pool-60-thread-1] INFO  impl.RaftServerImpl (RaftServerImpl.java:<init>(93)) - af5fed38-0f11-4bc3-b5f8-f25d4cc0e41f: new RaftServerImpl for group-CA10E4C0AB55:[af5fed38-0f11-4bc3-b5f8-f25d4cc0e41f:192.168.157.195:46650] with ContainerStateMachine:uninitialized
2019-09-12 11:56:48,949 [pool-60-thread-1] INFO  server.RaftServerConfigKeys (ConfUtils.java:logGet(43)) - raft.server.rpc.timeout.min = 5s (custom)
2019-09-12 11:56:48,949 [pool-60-thread-1] INFO  server.RaftServerConfigKeys (ConfUtils.java:logGet(43)) - raft.server.rpc.timeout.max = 5200ms (custom)
2019-09-12 11:56:48,949 [pool-60-thread-1] INFO  server.RaftServerConfigKeys (ConfUtils.java:logGet(43)) - raft.server.rpcslowness.timeout = 120s (custom)
2019-09-12 11:56:48,949 [pool-60-thread-1] INFO  server.RaftServerConfigKeys (ConfUtils.java:logGet(43)) - raft.server.sleep.deviation.threshold = 300 (default)
2019-09-12 11:56:48,949 [pool-60-thread-1] INFO  server.RaftServerConfigKeys (ConfUtils.java:logGet(43)) - raft.server.log.appender.install.snapshot.enabled = false (custom)
2019-09-12 11:56:48,949 [pool-60-thread-1] INFO  impl.RaftServerImpl (ServerState.java:<init>(105)) - af5fed38-0f11-4bc3-b5f8-f25d4cc0e41f:group-CA10E4C0AB55 ConfigurationManager, init=-1: [af5fed38-0f11-4bc3-b5f8-f25d4cc0e41f:192.168.157.195:46650], old=null, confs=<EMPTY_MAP>
2019-09-12 11:56:48,950 [pool-60-thread-1] INFO  server.RaftServerConfigKeys (ConfUtils.java:logGet(43)) - raft.server.storage.dir = [/workdir/hadoop-ozone/tools/target/test-dir/MiniOzoneClusterImpl-659e2a06-c254-4d33-90f4-66e0a49906bb/datanode-3/data/ratis] (custom)
2019-09-12 11:56:48,950 [pool-60-thread-1] INFO  storage.RaftStorageDirectory (RaftStorageDirectory.java:analyzeStorage(246)) - The storage directory /workdir/hadoop-ozone/tools/target/test-dir/MiniOzoneClusterImpl-659e2a06-c254-4d33-90f4-66e0a49906bb/datanode-3/data/ratis/3dc9ffdd-e672-485b-a1f4-ca10e4c0ab55 does not exist. Creating ...
2019-09-12 11:56:48,962 [pool-60-thread-1] INFO  storage.RaftStorageDirectory (RaftStorageDirectory.java:tryLock(328)) - Lock on /workdir/hadoop-ozone/tools/target/test-dir/MiniOzoneClusterImpl-659e2a06-c254-4d33-90f4-66e0a49906bb/datanode-3/data/ratis/3dc9ffdd-e672-485b-a1f4-ca10e4c0ab55/in_use.lock acquired by nodename 21463@pr-hdds-1569-xtfnx-3545843844
2019-09-12 11:56:48,983 [pool-60-thread-1] INFO  storage.RaftStorage (RaftStorage.java:format(72)) - Storage directory /workdir/hadoop-ozone/tools/target/test-dir/MiniOzoneClusterImpl-659e2a06-c254-4d33-90f4-66e0a49906bb/datanode-3/data/ratis/3dc9ffdd-e672-485b-a1f4-ca10e4c0ab55 has been successfully formatted.
2019-09-12 11:56:48,984 [pool-60-thread-1] INFO  ratis.ContainerStateMachine (ContainerStateMachine.java:loadSnapshot(226)) - group-CA10E4C0AB55: The snapshot info is null. Setting the last applied indexto:(t:0, i:~)
2019-09-12 11:56:48,984 [pool-60-thread-1] INFO  server.RaftServerConfigKeys (ConfUtils.java:logGet(43)) - raft.server.leader.election.timeout = 120s (custom)
2019-09-12 11:56:48,984 [pool-60-thread-1] INFO  server.RaftServerConfigKeys (ConfUtils.java:logGet(43)) - raft.server.log.use.memory = false (default)
2019-09-12 11:56:48,984 [pool-60-thread-1] INFO  server.RaftServerConfigKeys (ConfUtils.java:logGet(43)) - raft.server.log.purge.gap = 1000000 (custom)
2019-09-12 11:56:48,985 [pool-60-thread-1] INFO  server.RaftServerConfigKeys (ConfUtils.java:logGet(43)) - raft.server.log.appender.buffer.byte-limit = 33554432 (custom)
2019-09-12 11:56:48,985 [pool-60-thread-1] INFO  server.RaftServerConfigKeys (ConfUtils.java:logGet(43)) - raft.server.log.segment.size.max = 1048576 (custom)
2019-09-12 11:56:48,985 [pool-60-thread-1] INFO  server.RaftServerConfigKeys (ConfUtils.java:logGet(43)) - raft.server.log.segment.cache.num.max = 2 (custom)
2019-09-12 11:56:48,985 [pool-60-thread-1] INFO  segmented.SegmentedRaftLogWorker (SegmentedRaftLogWorker.java:<init>(172)) - new af5fed38-0f11-4bc3-b5f8-f25d4cc0e41f-SegmentedRaftLogWorker:Storage Directory /workdir/hadoop-ozone/tools/target/test-dir/MiniOzoneClusterImpl-659e2a06-c254-4d33-90f4-66e0a49906bb/datanode-3/data/ratis/3dc9ffdd-e672-485b-a1f4-ca10e4c0ab55 for RaftStorage:Storage Directory /workdir/hadoop-ozone/tools/target/test-dir/MiniOzoneClusterImpl-659e2a06-c254-4d33-90f4-66e0a49906bb/datanode-3/data/ratis/3dc9ffdd-e672-485b-a1f4-ca10e4c0ab55
2019-09-12 11:56:48,986 [pool-60-thread-1] INFO  server.RaftServerConfigKeys (ConfUtils.java:logGet(43)) - raft.server.log.queue.byte-limit = 2147483647 (custom)
2019-09-12 11:56:48,986 [pool-60-thread-1] INFO  server.RaftServerConfigKeys (ConfUtils.java:logGet(43)) - raft.server.log.queue.element-limit = 1024 (custom)
2019-09-12 11:56:48,986 [pool-60-thread-1] INFO  server.RaftServerConfigKeys (ConfUtils.java:logGet(43)) - raft.server.log.segment.size.max = 1048576 (custom)
2019-09-12 11:56:48,986 [pool-60-thread-1] INFO  server.RaftServerConfigKeys (ConfUtils.java:logGet(43)) - raft.server.log.preallocated.size = 16384 (custom)
2019-09-12 11:56:48,986 [pool-60-thread-1] INFO  server.RaftServerConfigKeys (ConfUtils.java:logGet(43)) - raft.server.log.write.buffer.size = 33554432 (custom)
2019-09-12 11:56:48,987 [pool-60-thread-1] INFO  server.RaftServerConfigKeys (ConfUtils.java:logGet(43)) - raft.server.log.force.sync.num = 128 (default)
2019-09-12 11:56:48,987 [pool-60-thread-1] INFO  server.RaftServerConfigKeys (ConfUtils.java:logGet(43)) - raft.server.log.statemachine.data.sync = true (default)
2019-09-12 11:56:48,987 [pool-60-thread-1] INFO  server.RaftServerConfigKeys (ConfUtils.java:logGet(43)) - raft.server.log.statemachine.data.sync.timeout = 10s (default)
2019-09-12 11:56:48,987 [pool-60-thread-1] INFO  server.RaftServerConfigKeys (ConfUtils.java:logGet(43)) - raft.server.log.statemachine.data.sync.timeout.retry = -1 (default)
2019-09-12 11:56:48,988 [pool-60-thread-1] INFO  server.RaftServerConfigKeys (ConfUtils.java:logGet(43)) - raft.server.log.statemachine.data.caching.enabled = true (custom)
2019-09-12 11:56:48,988 [pool-60-thread-1] INFO  segmented.SegmentedRaftLogWorker (SegmentedRaftLogWorker.java:lambda$new$0(132)) - af5fed38-0f11-4bc3-b5f8-f25d4cc0e41f-SegmentedRaftLogWorker:Storage Directory /workdir/hadoop-ozone/tools/target/test-dir/MiniOzoneClusterImpl-659e2a06-c254-4d33-90f4-66e0a49906bb/datanode-3/data/ratis/3dc9ffdd-e672-485b-a1f4-ca10e4c0ab55: flushIndex: setUnconditionally 0 -> -1
2019-09-12 11:56:48,988 [pool-60-thread-1] INFO  server.RaftServerConfigKeys (ConfUtils.java:logGet(43)) - raft.server.snapshot.auto.trigger.enabled = true (custom)
2019-09-12 11:56:48,989 [pool-60-thread-1] INFO  server.RaftServerConfigKeys (ConfUtils.java:logGet(43)) - raft.server.snapshot.auto.trigger.threshold = 10000 (custom)
2019-09-12 11:56:48,989 [pool-60-thread-1] INFO  server.RaftServerConfigKeys (ConfUtils.java:logGet(43)) - raft.server.retrycache.expirytime = 600000ms (custom)
2019-09-12 11:56:48,989 [pool-60-thread-1] INFO  impl.RaftServerImpl (RaftServerImpl.java:start(180)) - af5fed38-0f11-4bc3-b5f8-f25d4cc0e41f: start group-CA10E4C0AB55
2019-09-12 11:56:48,990 [pool-60-thread-1] INFO  impl.RaftServerImpl (RaftServerImpl.java:setRole(171)) - af5fed38-0f11-4bc3-b5f8-f25d4cc0e41f:group-CA10E4C0AB55 changes role from null to FOLLOWER at term 0 for startAsFollower
2019-09-12 11:56:48,990 [pool-60-thread-1] INFO  impl.RoleInfo (RoleInfo.java:updateAndGet(143)) - af5fed38-0f11-4bc3-b5f8-f25d4cc0e41f: start FollowerState
2019-09-12 11:56:48,990 [pool-60-thread-1] INFO  util.JmxRegister (JmxRegister.java:tryRegister(44)) - Successfully registered JMX Bean with object name Ratis:service=RaftServer,group=group-CA10E4C0AB55,id=af5fed38-0f11-4bc3-b5f8-f25d4cc0e41f
2019-09-12 11:56:48,997 [RatisPipelineUtilsThread] INFO  pipeline.PipelineStateManager (PipelineStateManager.java:addPipeline(56)) - Created pipeline Pipeline[ Id: 3dc9ffdd-e672-485b-a1f4-ca10e4c0ab55, Nodes: af5fed38-0f11-4bc3-b5f8-f25d4cc0e41f{ip: 192.168.157.195, host: pr-hdds-1569-xtfnx-3545843844, networkLocation: /default-rack, certSerialId: null}, Type:RATIS, Factor:ONE, State:OPEN]
2019-09-12 11:56:48,999 [RatisPipelineUtilsThread] ERROR pipeline.PipelinePlacementPolicy (PipelinePlacementPolicy.java:meetCriteria(91)) - Pipeline Placement: Doesn't meet the criteria to be viable node. Heaviness: 6
2019-09-12 11:56:48,999 [RatisPipelineUtilsThread] ERROR pipeline.PipelinePlacementPolicy (PipelinePlacementPolicy.java:meetCriteria(91)) - Pipeline Placement: Doesn't meet the criteria to be viable node. Heaviness: 6
2019-09-12 11:56:48,999 [RatisPipelineUtilsThread] ERROR pipeline.PipelinePlacementPolicy (PipelinePlacementPolicy.java:meetCriteria(91)) - Pipeline Placement: Doesn't meet the criteria to be viable node. Heaviness: 6
2019-09-12 11:56:48,999 [RatisPipelineUtilsThread] ERROR pipeline.PipelinePlacementPolicy (PipelinePlacementPolicy.java:meetCriteria(91)) - Pipeline Placement: Doesn't meet the criteria to be viable node. Heaviness: 6
2019-09-12 11:56:49,013 [grpc-default-executor-0] INFO  impl.RaftServerProxy (RaftServerProxy.java:addNew(89)) - af5fed38-0f11-4bc3-b5f8-f25d4cc0e41f: addNew group-AFDF57ECE209:[af5fed38-0f11-4bc3-b5f8-f25d4cc0e41f:192.168.157.195:46650] returns group-AFDF57ECE209:java.util.concurrent.CompletableFuture@1ced815e[Not completed]
2019-09-12 11:56:49,016 [pool-60-thread-1] INFO  impl.RaftServerImpl (RaftServerImpl.java:<init>(93)) - af5fed38-0f11-4bc3-b5f8-f25d4cc0e41f: new RaftServerImpl for group-AFDF57ECE209:[af5fed38-0f11-4bc3-b5f8-f25d4cc0e41f:192.168.157.195:46650] with ContainerStateMachine:uninitialized
2019-09-12 11:56:49,016 [pool-60-thread-1] INFO  server.RaftServerConfigKeys (ConfUtils.java:logGet(43)) - raft.server.rpc.timeout.min = 5s (custom)
2019-09-12 11:56:49,016 [pool-60-thread-1] INFO  server.RaftServerConfigKeys (ConfUtils.java:logGet(43)) - raft.server.rpc.timeout.max = 5200ms (custom)
2019-09-12 11:56:49,016 [pool-60-thread-1] INFO  server.RaftServerConfigKeys (ConfUtils.java:logGet(43)) - raft.server.rpcslowness.timeout = 120s (custom)
2019-09-12 11:56:49,016 [pool-60-thread-1] INFO  server.RaftServerConfigKeys (ConfUtils.java:logGet(43)) - raft.server.sleep.deviation.threshold = 300 (default)
2019-09-12 11:56:49,016 [pool-60-thread-1] INFO  server.RaftServerConfigKeys (ConfUtils.java:logGet(43)) - raft.server.log.appender.install.snapshot.enabled = false (custom)
2019-09-12 11:56:49,017 [pool-60-thread-1] INFO  impl.RaftServerImpl (ServerState.java:<init>(105)) - af5fed38-0f11-4bc3-b5f8-f25d4cc0e41f:group-AFDF57ECE209 ConfigurationManager, init=-1: [af5fed38-0f11-4bc3-b5f8-f25d4cc0e41f:192.168.157.195:46650], old=null, confs=<EMPTY_MAP>
2019-09-12 11:56:49,017 [pool-60-thread-1] INFO  server.RaftServerConfigKeys (ConfUtils.java:logGet(43)) - raft.server.storage.dir = [/workdir/hadoop-ozone/tools/target/test-dir/MiniOzoneClusterImpl-659e2a06-c254-4d33-90f4-66e0a49906bb/datanode-3/data/ratis] (custom)
2019-09-12 11:56:49,018 [pool-60-thread-1] INFO  storage.RaftStorageDirectory (RaftStorageDirectory.java:analyzeStorage(246)) - The storage directory /workdir/hadoop-ozone/tools/target/test-dir/MiniOzoneClusterImpl-659e2a06-c254-4d33-90f4-66e0a49906bb/datanode-3/data/ratis/864ef95c-8fb2-40da-bc46-afdf57ece209 does not exist. Creating ...
2019-09-12 11:56:49,030 [pool-60-thread-1] INFO  storage.RaftStorageDirectory (RaftStorageDirectory.java:tryLock(328)) - Lock on /workdir/hadoop-ozone/tools/target/test-dir/MiniOzoneClusterImpl-659e2a06-c254-4d33-90f4-66e0a49906bb/datanode-3/data/ratis/864ef95c-8fb2-40da-bc46-afdf57ece209/in_use.lock acquired by nodename 21463@pr-hdds-1569-xtfnx-3545843844
2019-09-12 11:56:49,033 | INFO  | SCMAudit | user=jenkins1000 | ip=192.168.157.195 | op=SEND_HEARTBEAT {datanodeUUID=17f5de45-d006-42d4-a442-b3531657861f, command=[]} | ret=SUCCESS |  
2019-09-12 11:56:49,043 [pool-60-thread-1] INFO  storage.RaftStorage (RaftStorage.java:format(72)) - Storage directory /workdir/hadoop-ozone/tools/target/test-dir/MiniOzoneClusterImpl-659e2a06-c254-4d33-90f4-66e0a49906bb/datanode-3/data/ratis/864ef95c-8fb2-40da-bc46-afdf57ece209 has been successfully formatted.
2019-09-12 11:56:49,043 [pool-60-thread-1] INFO  ratis.ContainerStateMachine (ContainerStateMachine.java:loadSnapshot(226)) - group-AFDF57ECE209: The snapshot info is null. Setting the last applied indexto:(t:0, i:~)
2019-09-12 11:56:49,044 [pool-60-thread-1] INFO  server.RaftServerConfigKeys (ConfUtils.java:logGet(43)) - raft.server.leader.election.timeout = 120s (custom)
2019-09-12 11:56:49,044 [pool-60-thread-1] INFO  server.RaftServerConfigKeys (ConfUtils.java:logGet(43)) - raft.server.log.use.memory = false (default)
2019-09-12 11:56:49,044 [pool-60-thread-1] INFO  server.RaftServerConfigKeys (ConfUtils.java:logGet(43)) - raft.server.log.purge.gap = 1000000 (custom)
2019-09-12 11:56:49,044 [pool-60-thread-1] INFO  server.RaftServerConfigKeys (ConfUtils.java:logGet(43)) - raft.server.log.appender.buffer.byte-limit = 33554432 (custom)
2019-09-12 11:56:49,044 [pool-60-thread-1] INFO  server.RaftServerConfigKeys (ConfUtils.java:logGet(43)) - raft.server.log.segment.size.max = 1048576 (custom)
2019-09-12 11:56:49,045 [pool-60-thread-1] INFO  server.RaftServerConfigKeys (ConfUtils.java:logGet(43)) - raft.server.log.segment.cache.num.max = 2 (custom)
2019-09-12 11:56:49,045 [pool-60-thread-1] INFO  segmented.SegmentedRaftLogWorker (SegmentedRaftLogWorker.java:<init>(172)) - new af5fed38-0f11-4bc3-b5f8-f25d4cc0e41f-SegmentedRaftLogWorker:Storage Directory /workdir/hadoop-ozone/tools/target/test-dir/MiniOzoneClusterImpl-659e2a06-c254-4d33-90f4-66e0a49906bb/datanode-3/data/ratis/864ef95c-8fb2-40da-bc46-afdf57ece209 for RaftStorage:Storage Directory /workdir/hadoop-ozone/tools/target/test-dir/MiniOzoneClusterImpl-659e2a06-c254-4d33-90f4-66e0a49906bb/datanode-3/data/ratis/864ef95c-8fb2-40da-bc46-afdf57ece209
2019-09-12 11:56:49,045 [pool-60-thread-1] INFO  server.RaftServerConfigKeys (ConfUtils.java:logGet(43)) - raft.server.log.queue.byte-limit = 2147483647 (custom)
2019-09-12 11:56:49,045 [pool-60-thread-1] INFO  server.RaftServerConfigKeys (ConfUtils.java:logGet(43)) - raft.server.log.queue.element-limit = 1024 (custom)
2019-09-12 11:56:49,045 [pool-60-thread-1] INFO  server.RaftServerConfigKeys (ConfUtils.java:logGet(43)) - raft.server.log.segment.size.max = 1048576 (custom)
2019-09-12 11:56:49,046 [pool-60-thread-1] INFO  server.RaftServerConfigKeys (ConfUtils.java:logGet(43)) - raft.server.log.preallocated.size = 16384 (custom)
2019-09-12 11:56:49,046 [pool-60-thread-1] INFO  server.RaftServerConfigKeys (ConfUtils.java:logGet(43)) - raft.server.log.write.buffer.size = 33554432 (custom)
2019-09-12 11:56:49,046 [pool-60-thread-1] INFO  server.RaftServerConfigKeys (ConfUtils.java:logGet(43)) - raft.server.log.force.sync.num = 128 (default)
2019-09-12 11:56:49,046 [pool-60-thread-1] INFO  server.RaftServerConfigKeys (ConfUtils.java:logGet(43)) - raft.server.log.statemachine.data.sync = true (default)
2019-09-12 11:56:49,046 [pool-60-thread-1] INFO  server.RaftServerConfigKeys (ConfUtils.java:logGet(43)) - raft.server.log.statemachine.data.sync.timeout = 10s (default)
2019-09-12 11:56:49,047 [pool-60-thread-1] INFO  server.RaftServerConfigKeys (ConfUtils.java:logGet(43)) - raft.server.log.statemachine.data.sync.timeout.retry = -1 (default)
2019-09-12 11:56:49,047 [pool-60-thread-1] INFO  server.RaftServerConfigKeys (ConfUtils.java:logGet(43)) - raft.server.log.statemachine.data.caching.enabled = true (custom)
2019-09-12 11:56:49,047 [pool-60-thread-1] INFO  segmented.SegmentedRaftLogWorker (SegmentedRaftLogWorker.java:lambda$new$0(132)) - af5fed38-0f11-4bc3-b5f8-f25d4cc0e41f-SegmentedRaftLogWorker:Storage Directory /workdir/hadoop-ozone/tools/target/test-dir/MiniOzoneClusterImpl-659e2a06-c254-4d33-90f4-66e0a49906bb/datanode-3/data/ratis/864ef95c-8fb2-40da-bc46-afdf57ece209: flushIndex: setUnconditionally 0 -> -1
2019-09-12 11:56:49,048 [pool-60-thread-1] INFO  server.RaftServerConfigKeys (ConfUtils.java:logGet(43)) - raft.server.snapshot.auto.trigger.enabled = true (custom)
2019-09-12 11:56:49,048 [pool-60-thread-1] INFO  server.RaftServerConfigKeys (ConfUtils.java:logGet(43)) - raft.server.snapshot.auto.trigger.threshold = 10000 (custom)
2019-09-12 11:56:49,049 [pool-60-thread-1] INFO  server.RaftServerConfigKeys (ConfUtils.java:logGet(43)) - raft.server.retrycache.expirytime = 600000ms (custom)
2019-09-12 11:56:49,049 [pool-60-thread-1] INFO  impl.RaftServerImpl (RaftServerImpl.java:start(180)) - af5fed38-0f11-4bc3-b5f8-f25d4cc0e41f: start group-AFDF57ECE209
2019-09-12 11:56:49,049 [pool-60-thread-1] INFO  impl.RaftServerImpl (RaftServerImpl.java:setRole(171)) - af5fed38-0f11-4bc3-b5f8-f25d4cc0e41f:group-AFDF57ECE209 changes role from null to FOLLOWER at term 0 for startAsFollower
2019-09-12 11:56:49,049 [pool-60-thread-1] INFO  impl.RoleInfo (RoleInfo.java:updateAndGet(143)) - af5fed38-0f11-4bc3-b5f8-f25d4cc0e41f: start FollowerState
2019-09-12 11:56:49,050 [pool-60-thread-1] INFO  util.JmxRegister (JmxRegister.java:tryRegister(44)) - Successfully registered JMX Bean with object name Ratis:service=RaftServer,group=group-AFDF57ECE209,id=af5fed38-0f11-4bc3-b5f8-f25d4cc0e41f
2019-09-12 11:56:49,055 [RatisPipelineUtilsThread] INFO  pipeline.PipelineStateManager (PipelineStateManager.java:addPipeline(56)) - Created pipeline Pipeline[ Id: 864ef95c-8fb2-40da-bc46-afdf57ece209, Nodes: af5fed38-0f11-4bc3-b5f8-f25d4cc0e41f{ip: 192.168.157.195, host: pr-hdds-1569-xtfnx-3545843844, networkLocation: /default-rack, certSerialId: null}, Type:RATIS, Factor:ONE, State:OPEN]
2019-09-12 11:56:49,057 [RatisPipelineUtilsThread] ERROR pipeline.PipelinePlacementPolicy (PipelinePlacementPolicy.java:meetCriteria(91)) - Pipeline Placement: Doesn't meet the criteria to be viable node. Heaviness: 6
2019-09-12 11:56:49,057 [RatisPipelineUtilsThread] ERROR pipeline.PipelinePlacementPolicy (PipelinePlacementPolicy.java:meetCriteria(91)) - Pipeline Placement: Doesn't meet the criteria to be viable node. Heaviness: 6
2019-09-12 11:56:49,057 [RatisPipelineUtilsThread] ERROR pipeline.PipelinePlacementPolicy (PipelinePlacementPolicy.java:meetCriteria(91)) - Pipeline Placement: Doesn't meet the criteria to be viable node. Heaviness: 6
2019-09-12 11:56:49,057 [RatisPipelineUtilsThread] ERROR pipeline.PipelinePlacementPolicy (PipelinePlacementPolicy.java:meetCriteria(91)) - Pipeline Placement: Doesn't meet the criteria to be viable node. Heaviness: 6
2019-09-12 11:56:49,066 [grpc-default-executor-0] INFO  impl.RaftServerProxy (RaftServerProxy.java:addNew(89)) - af5fed38-0f11-4bc3-b5f8-f25d4cc0e41f: addNew group-BEF199F230B0:[af5fed38-0f11-4bc3-b5f8-f25d4cc0e41f:192.168.157.195:46650] returns group-BEF199F230B0:java.util.concurrent.CompletableFuture@2b5e1594[Not completed]
2019-09-12 11:56:49,068 [pool-60-thread-1] INFO  impl.RaftServerImpl (RaftServerImpl.java:<init>(93)) - af5fed38-0f11-4bc3-b5f8-f25d4cc0e41f: new RaftServerImpl for group-BEF199F230B0:[af5fed38-0f11-4bc3-b5f8-f25d4cc0e41f:192.168.157.195:46650] with ContainerStateMachine:uninitialized
2019-09-12 11:56:49,068 [pool-60-thread-1] INFO  server.RaftServerConfigKeys (ConfUtils.java:logGet(43)) - raft.server.rpc.timeout.min = 5s (custom)
2019-09-12 11:56:49,069 [pool-60-thread-1] INFO  server.RaftServerConfigKeys (ConfUtils.java:logGet(43)) - raft.server.rpc.timeout.max = 5200ms (custom)
2019-09-12 11:56:49,069 [pool-60-thread-1] INFO  server.RaftServerConfigKeys (ConfUtils.java:logGet(43)) - raft.server.rpcslowness.timeout = 120s (custom)
2019-09-12 11:56:49,069 [pool-60-thread-1] INFO  server.RaftServerConfigKeys (ConfUtils.java:logGet(43)) - raft.server.sleep.deviation.threshold = 300 (default)
2019-09-12 11:56:49,069 [pool-60-thread-1] INFO  server.RaftServerConfigKeys (ConfUtils.java:logGet(43)) - raft.server.log.appender.install.snapshot.enabled = false (custom)
2019-09-12 11:56:49,069 [pool-60-thread-1] INFO  impl.RaftServerImpl (ServerState.java:<init>(105)) - af5fed38-0f11-4bc3-b5f8-f25d4cc0e41f:group-BEF199F230B0 ConfigurationManager, init=-1: [af5fed38-0f11-4bc3-b5f8-f25d4cc0e41f:192.168.157.195:46650], old=null, confs=<EMPTY_MAP>
2019-09-12 11:56:49,069 [pool-60-thread-1] INFO  server.RaftServerConfigKeys (ConfUtils.java:logGet(43)) - raft.server.storage.dir = [/workdir/hadoop-ozone/tools/target/test-dir/MiniOzoneClusterImpl-659e2a06-c254-4d33-90f4-66e0a49906bb/datanode-3/data/ratis] (custom)
2019-09-12 11:56:49,070 [pool-60-thread-1] INFO  storage.RaftStorageDirectory (RaftStorageDirectory.java:analyzeStorage(246)) - The storage directory /workdir/hadoop-ozone/tools/target/test-dir/MiniOzoneClusterImpl-659e2a06-c254-4d33-90f4-66e0a49906bb/datanode-3/data/ratis/c5314ae0-6bda-46f0-a8cc-bef199f230b0 does not exist. Creating ...
2019-09-12 11:56:49,083 [pool-60-thread-1] INFO  storage.RaftStorageDirectory (RaftStorageDirectory.java:tryLock(328)) - Lock on /workdir/hadoop-ozone/tools/target/test-dir/MiniOzoneClusterImpl-659e2a06-c254-4d33-90f4-66e0a49906bb/datanode-3/data/ratis/c5314ae0-6bda-46f0-a8cc-bef199f230b0/in_use.lock acquired by nodename 21463@pr-hdds-1569-xtfnx-3545843844
2019-09-12 11:56:49,096 [pool-60-thread-1] INFO  storage.RaftStorage (RaftStorage.java:format(72)) - Storage directory /workdir/hadoop-ozone/tools/target/test-dir/MiniOzoneClusterImpl-659e2a06-c254-4d33-90f4-66e0a49906bb/datanode-3/data/ratis/c5314ae0-6bda-46f0-a8cc-bef199f230b0 has been successfully formatted.
2019-09-12 11:56:49,096 [pool-60-thread-1] INFO  ratis.ContainerStateMachine (ContainerStateMachine.java:loadSnapshot(226)) - group-BEF199F230B0: The snapshot info is null. Setting the last applied indexto:(t:0, i:~)
2019-09-12 11:56:49,096 [pool-60-thread-1] INFO  server.RaftServerConfigKeys (ConfUtils.java:logGet(43)) - raft.server.leader.election.timeout = 120s (custom)
2019-09-12 11:56:49,096 [pool-60-thread-1] INFO  server.RaftServerConfigKeys (ConfUtils.java:logGet(43)) - raft.server.log.use.memory = false (default)
2019-09-12 11:56:49,097 [pool-60-thread-1] INFO  server.RaftServerConfigKeys (ConfUtils.java:logGet(43)) - raft.server.log.purge.gap = 1000000 (custom)
2019-09-12 11:56:49,097 [pool-60-thread-1] INFO  server.RaftServerConfigKeys (ConfUtils.java:logGet(43)) - raft.server.log.appender.buffer.byte-limit = 33554432 (custom)
2019-09-12 11:56:49,097 [pool-60-thread-1] INFO  server.RaftServerConfigKeys (ConfUtils.java:logGet(43)) - raft.server.log.segment.size.max = 1048576 (custom)
2019-09-12 11:56:49,097 [pool-60-thread-1] INFO  server.RaftServerConfigKeys (ConfUtils.java:logGet(43)) - raft.server.log.segment.cache.num.max = 2 (custom)
2019-09-12 11:56:49,097 [pool-60-thread-1] INFO  segmented.SegmentedRaftLogWorker (SegmentedRaftLogWorker.java:<init>(172)) - new af5fed38-0f11-4bc3-b5f8-f25d4cc0e41f-SegmentedRaftLogWorker:Storage Directory /workdir/hadoop-ozone/tools/target/test-dir/MiniOzoneClusterImpl-659e2a06-c254-4d33-90f4-66e0a49906bb/datanode-3/data/ratis/c5314ae0-6bda-46f0-a8cc-bef199f230b0 for RaftStorage:Storage Directory /workdir/hadoop-ozone/tools/target/test-dir/MiniOzoneClusterImpl-659e2a06-c254-4d33-90f4-66e0a49906bb/datanode-3/data/ratis/c5314ae0-6bda-46f0-a8cc-bef199f230b0
2019-09-12 11:56:49,097 [pool-60-thread-1] INFO  server.RaftServerConfigKeys (ConfUtils.java:logGet(43)) - raft.server.log.queue.byte-limit = 2147483647 (custom)
2019-09-12 11:56:49,098 [pool-60-thread-1] INFO  server.RaftServerConfigKeys (ConfUtils.java:logGet(43)) - raft.server.log.queue.element-limit = 1024 (custom)
2019-09-12 11:56:49,098 [pool-60-thread-1] INFO  server.RaftServerConfigKeys (ConfUtils.java:logGet(43)) - raft.server.log.segment.size.max = 1048576 (custom)
2019-09-12 11:56:49,098 [pool-60-thread-1] INFO  server.RaftServerConfigKeys (ConfUtils.java:logGet(43)) - raft.server.log.preallocated.size = 16384 (custom)
2019-09-12 11:56:49,098 [pool-60-thread-1] INFO  server.RaftServerConfigKeys (ConfUtils.java:logGet(43)) - raft.server.log.write.buffer.size = 33554432 (custom)
2019-09-12 11:56:49,098 [pool-60-thread-1] INFO  server.RaftServerConfigKeys (ConfUtils.java:logGet(43)) - raft.server.log.force.sync.num = 128 (default)
2019-09-12 11:56:49,099 [pool-60-thread-1] INFO  server.RaftServerConfigKeys (ConfUtils.java:logGet(43)) - raft.server.log.statemachine.data.sync = true (default)
2019-09-12 11:56:49,099 [pool-60-thread-1] INFO  server.RaftServerConfigKeys (ConfUtils.java:logGet(43)) - raft.server.log.statemachine.data.sync.timeout = 10s (default)
2019-09-12 11:56:49,099 [pool-60-thread-1] INFO  server.RaftServerConfigKeys (ConfUtils.java:logGet(43)) - raft.server.log.statemachine.data.sync.timeout.retry = -1 (default)
2019-09-12 11:56:49,099 [pool-60-thread-1] INFO  server.RaftServerConfigKeys (ConfUtils.java:logGet(43)) - raft.server.log.statemachine.data.caching.enabled = true (custom)
2019-09-12 11:56:49,099 [pool-60-thread-1] INFO  segmented.SegmentedRaftLogWorker (SegmentedRaftLogWorker.java:lambda$new$0(132)) - af5fed38-0f11-4bc3-b5f8-f25d4cc0e41f-SegmentedRaftLogWorker:Storage Directory /workdir/hadoop-ozone/tools/target/test-dir/MiniOzoneClusterImpl-659e2a06-c254-4d33-90f4-66e0a49906bb/datanode-3/data/ratis/c5314ae0-6bda-46f0-a8cc-bef199f230b0: flushIndex: setUnconditionally 0 -> -1
2019-09-12 11:56:49,100 [pool-60-thread-1] INFO  server.RaftServerConfigKeys (ConfUtils.java:logGet(43)) - raft.server.snapshot.auto.trigger.enabled = true (custom)
2019-09-12 11:56:49,100 [pool-60-thread-1] INFO  server.RaftServerConfigKeys (ConfUtils.java:logGet(43)) - raft.server.snapshot.auto.trigger.threshold = 10000 (custom)
2019-09-12 11:56:49,100 [pool-60-thread-1] INFO  server.RaftServerConfigKeys (ConfUtils.java:logGet(43)) - raft.server.retrycache.expirytime = 600000ms (custom)
2019-09-12 11:56:49,100 [pool-60-thread-1] INFO  impl.RaftServerImpl (RaftServerImpl.java:start(180)) - af5fed38-0f11-4bc3-b5f8-f25d4cc0e41f: start group-BEF199F230B0
2019-09-12 11:56:49,100 [pool-60-thread-1] INFO  impl.RaftServerImpl (RaftServerImpl.java:setRole(171)) - af5fed38-0f11-4bc3-b5f8-f25d4cc0e41f:group-BEF199F230B0 changes role from null to FOLLOWER at term 0 for startAsFollower
2019-09-12 11:56:49,101 [pool-60-thread-1] INFO  impl.RoleInfo (RoleInfo.java:updateAndGet(143)) - af5fed38-0f11-4bc3-b5f8-f25d4cc0e41f: start FollowerState
2019-09-12 11:56:49,101 [pool-60-thread-1] INFO  util.JmxRegister (JmxRegister.java:tryRegister(44)) - Successfully registered JMX Bean with object name Ratis:service=RaftServer,group=group-BEF199F230B0,id=af5fed38-0f11-4bc3-b5f8-f25d4cc0e41f
2019-09-12 11:56:49,106 [RatisPipelineUtilsThread] INFO  pipeline.PipelineStateManager (PipelineStateManager.java:addPipeline(56)) - Created pipeline Pipeline[ Id: c5314ae0-6bda-46f0-a8cc-bef199f230b0, Nodes: af5fed38-0f11-4bc3-b5f8-f25d4cc0e41f{ip: 192.168.157.195, host: pr-hdds-1569-xtfnx-3545843844, networkLocation: /default-rack, certSerialId: null}, Type:RATIS, Factor:ONE, State:OPEN]
2019-09-12 11:56:49,107 [RatisPipelineUtilsThread] ERROR pipeline.PipelinePlacementPolicy (PipelinePlacementPolicy.java:meetCriteria(91)) - Pipeline Placement: Doesn't meet the criteria to be viable node. Heaviness: 6
2019-09-12 11:56:49,107 [RatisPipelineUtilsThread] ERROR pipeline.PipelinePlacementPolicy (PipelinePlacementPolicy.java:meetCriteria(91)) - Pipeline Placement: Doesn't meet the criteria to be viable node. Heaviness: 6
2019-09-12 11:56:49,108 [RatisPipelineUtilsThread] ERROR pipeline.PipelinePlacementPolicy (PipelinePlacementPolicy.java:meetCriteria(91)) - Pipeline Placement: Doesn't meet the criteria to be viable node. Heaviness: 6
2019-09-12 11:56:49,108 [RatisPipelineUtilsThread] ERROR pipeline.PipelinePlacementPolicy (PipelinePlacementPolicy.java:meetCriteria(91)) - Pipeline Placement: Doesn't meet the criteria to be viable node. Heaviness: 6
2019-09-12 11:56:49,108 [RatisPipelineUtilsThread] ERROR pipeline.PipelinePlacementPolicy (PipelinePlacementPolicy.java:meetCriteria(91)) - Pipeline Placement: Doesn't meet the criteria to be viable node. Heaviness: 6
2019-09-12 11:56:49,108 [RatisPipelineUtilsThread] ERROR pipeline.PipelinePlacementPolicy (PipelinePlacementPolicy.java:filterViableNodes(146)) - Unable to find enough nodes that meet the criteria that cannot engage in more than 5 pipelines. Nodes required: 1 Found: 0, healthy nodes count inNodeManager: 5.
2019-09-12 11:56:49,109 [RatisPipelineUtilsThread] ERROR pipeline.SCMPipelineManager (SCMPipelineManager.java:createPipeline(161)) - Pipeline creation failed due to exception: Unable to find enough nodes that meet the criteria that cannot engage in more than 5 pipelines. Nodes required: 1 Found: 0, healthy nodes count inNodeManager: 5.
2019-09-12 11:56:49,109 [RatisPipelineUtilsThread] ERROR pipeline.PipelinePlacementPolicy (PipelinePlacementPolicy.java:meetCriteria(91)) - Pipeline Placement: Doesn't meet the criteria to be viable node. Heaviness: 6
2019-09-12 11:56:49,109 [RatisPipelineUtilsThread] ERROR pipeline.PipelinePlacementPolicy (PipelinePlacementPolicy.java:meetCriteria(91)) - Pipeline Placement: Doesn't meet the criteria to be viable node. Heaviness: 6
2019-09-12 11:56:49,109 [RatisPipelineUtilsThread] ERROR pipeline.PipelinePlacementPolicy (PipelinePlacementPolicy.java:meetCriteria(91)) - Pipeline Placement: Doesn't meet the criteria to be viable node. Heaviness: 6
2019-09-12 11:56:49,109 [RatisPipelineUtilsThread] ERROR pipeline.PipelinePlacementPolicy (PipelinePlacementPolicy.java:meetCriteria(91)) - Pipeline Placement: Doesn't meet the criteria to be viable node. Heaviness: 6
2019-09-12 11:56:49,110 [RatisPipelineUtilsThread] ERROR pipeline.PipelinePlacementPolicy (PipelinePlacementPolicy.java:meetCriteria(91)) - Pipeline Placement: Doesn't meet the criteria to be viable node. Heaviness: 6
2019-09-12 11:56:49,110 [RatisPipelineUtilsThread] ERROR pipeline.PipelinePlacementPolicy (PipelinePlacementPolicy.java:filterViableNodes(146)) - Unable to find enough nodes that meet the criteria that cannot engage in more than 5 pipelines. Nodes required: 3 Found: 0, healthy nodes count inNodeManager: 5.
2019-09-12 11:56:49,110 [RatisPipelineUtilsThread] ERROR pipeline.SCMPipelineManager (SCMPipelineManager.java:createPipeline(161)) - Pipeline creation failed due to exception: Unable to find enough nodes that meet the criteria that cannot engage in more than 5 pipelines. Nodes required: 3 Found: 0, healthy nodes count inNodeManager: 5.
2019-09-12 11:56:49,113 [RatisPipelineUtilsThread] ERROR pipeline.PipelinePlacementPolicy (PipelinePlacementPolicy.java:meetCriteria(91)) - Pipeline Placement: Doesn't meet the criteria to be viable node. Heaviness: 6
2019-09-12 11:56:49,113 [RatisPipelineUtilsThread] ERROR pipeline.PipelinePlacementPolicy (PipelinePlacementPolicy.java:meetCriteria(91)) - Pipeline Placement: Doesn't meet the criteria to be viable node. Heaviness: 6
2019-09-12 11:56:49,113 [RatisPipelineUtilsThread] ERROR pipeline.PipelinePlacementPolicy (PipelinePlacementPolicy.java:meetCriteria(91)) - Pipeline Placement: Doesn't meet the criteria to be viable node. Heaviness: 6
2019-09-12 11:56:49,113 [RatisPipelineUtilsThread] ERROR pipeline.PipelinePlacementPolicy (PipelinePlacementPolicy.java:meetCriteria(91)) - Pipeline Placement: Doesn't meet the criteria to be viable node. Heaviness: 6
2019-09-12 11:56:49,113 [RatisPipelineUtilsThread] ERROR pipeline.PipelinePlacementPolicy (PipelinePlacementPolicy.java:meetCriteria(91)) - Pipeline Placement: Doesn't meet the criteria to be viable node. Heaviness: 6
2019-09-12 11:56:49,114 [RatisPipelineUtilsThread] ERROR pipeline.PipelinePlacementPolicy (PipelinePlacementPolicy.java:filterViableNodes(146)) - Unable to find enough nodes that meet the criteria that cannot engage in more than 5 pipelines. Nodes required: 1 Found: 0, healthy nodes count inNodeManager: 5.
2019-09-12 11:56:49,114 [RatisPipelineUtilsThread] ERROR pipeline.SCMPipelineManager (SCMPipelineManager.java:createPipeline(161)) - Pipeline creation failed due to exception: Unable to find enough nodes that meet the criteria that cannot engage in more than 5 pipelines. Nodes required: 1 Found: 0, healthy nodes count inNodeManager: 5.
2019-09-12 11:56:49,114 [RatisPipelineUtilsThread] ERROR pipeline.PipelinePlacementPolicy (PipelinePlacementPolicy.java:meetCriteria(91)) - Pipeline Placement: Doesn't meet the criteria to be viable node. Heaviness: 6
2019-09-12 11:56:49,114 [RatisPipelineUtilsThread] ERROR pipeline.PipelinePlacementPolicy (PipelinePlacementPolicy.java:meetCriteria(91)) - Pipeline Placement: Doesn't meet the criteria to be viable node. Heaviness: 6
2019-09-12 11:56:49,114 [RatisPipelineUtilsThread] ERROR pipeline.PipelinePlacementPolicy (PipelinePlacementPolicy.java:meetCriteria(91)) - Pipeline Placement: Doesn't meet the criteria to be viable node. Heaviness: 6
2019-09-12 11:56:49,114 [RatisPipelineUtilsThread] ERROR pipeline.PipelinePlacementPolicy (PipelinePlacementPolicy.java:meetCriteria(91)) - Pipeline Placement: Doesn't meet the criteria to be viable node. Heaviness: 6
2019-09-12 11:56:49,114 [RatisPipelineUtilsThread] ERROR pipeline.PipelinePlacementPolicy (PipelinePlacementPolicy.java:meetCriteria(91)) - Pipeline Placement: Doesn't meet the criteria to be viable node. Heaviness: 6
2019-09-12 11:56:49,114 [RatisPipelineUtilsThread] ERROR pipeline.PipelinePlacementPolicy (PipelinePlacementPolicy.java:filterViableNodes(146)) - Unable to find enough nodes that meet the criteria that cannot engage in more than 5 pipelines. Nodes required: 3 Found: 0, healthy nodes count inNodeManager: 5.
2019-09-12 11:56:49,115 [RatisPipelineUtilsThread] ERROR pipeline.SCMPipelineManager (SCMPipelineManager.java:createPipeline(161)) - Pipeline creation failed due to exception: Unable to find enough nodes that meet the criteria that cannot engage in more than 5 pipelines. Nodes required: 3 Found: 0, healthy nodes count inNodeManager: 5.
2019-09-12 11:56:49,115 [IPC Server handler 16 on 43548] ERROR pipeline.PipelinePlacementPolicy (PipelinePlacementPolicy.java:meetCriteria(91)) - Pipeline Placement: Doesn't meet the criteria to be viable node. Heaviness: 6
2019-09-12 11:56:49,115 [IPC Server handler 16 on 43548] ERROR pipeline.PipelinePlacementPolicy (PipelinePlacementPolicy.java:meetCriteria(91)) - Pipeline Placement: Doesn't meet the criteria to be viable node. Heaviness: 6
2019-09-12 11:56:49,115 [IPC Server handler 16 on 43548] ERROR pipeline.PipelinePlacementPolicy (PipelinePlacementPolicy.java:meetCriteria(91)) - Pipeline Placement: Doesn't meet the criteria to be viable node. Heaviness: 6
2019-09-12 11:56:49,116 [IPC Server handler 16 on 43548] ERROR pipeline.PipelinePlacementPolicy (PipelinePlacementPolicy.java:meetCriteria(91)) - Pipeline Placement: Doesn't meet the criteria to be viable node. Heaviness: 6
2019-09-12 11:56:49,116 [IPC Server handler 16 on 43548] ERROR pipeline.PipelinePlacementPolicy (PipelinePlacementPolicy.java:meetCriteria(91)) - Pipeline Placement: Doesn't meet the criteria to be viable node. Heaviness: 6
2019-09-12 11:56:49,116 [IPC Server handler 16 on 43548] ERROR pipeline.PipelinePlacementPolicy (PipelinePlacementPolicy.java:filterViableNodes(146)) - Unable to find enough nodes that meet the criteria that cannot engage in more than 5 pipelines. Nodes required: 3 Found: 0, healthy nodes count inNodeManager: 5.
2019-09-12 11:56:49,116 [IPC Server handler 16 on 43548] ERROR pipeline.SCMPipelineManager (SCMPipelineManager.java:createPipeline(161)) - Pipeline creation failed due to exception: Unable to find enough nodes that meet the criteria that cannot engage in more than 5 pipelines. Nodes required: 3 Found: 0, healthy nodes count inNodeManager: 5.
2019-09-12 11:56:49,117 [IPC Server handler 9 on 43548] ERROR pipeline.PipelinePlacementPolicy (PipelinePlacementPolicy.java:meetCriteria(91)) - Pipeline Placement: Doesn't meet the criteria to be viable node. Heaviness: 6
2019-09-12 11:56:49,117 [IPC Server handler 9 on 43548] ERROR pipeline.PipelinePlacementPolicy (PipelinePlacementPolicy.java:meetCriteria(91)) - Pipeline Placement: Doesn't meet the criteria to be viable node. Heaviness: 6
2019-09-12 11:56:49,117 [IPC Server handler 9 on 43548] ERROR pipeline.PipelinePlacementPolicy (PipelinePlacementPolicy.java:meetCriteria(91)) - Pipeline Placement: Doesn't meet the criteria to be viable node. Heaviness: 6
2019-09-12 11:56:49,117 [IPC Server handler 9 on 43548] ERROR pipeline.PipelinePlacementPolicy (PipelinePlacementPolicy.java:meetCriteria(91)) - Pipeline Placement: Doesn't meet the criteria to be viable node. Heaviness: 6
2019-09-12 11:56:49,117 [IPC Server handler 9 on 43548] ERROR pipeline.PipelinePlacementPolicy (PipelinePlacementPolicy.java:meetCriteria(91)) - Pipeline Placement: Doesn't meet the criteria to be viable node. Heaviness: 6
2019-09-12 11:56:49,118 [IPC Server handler 9 on 43548] ERROR pipeline.PipelinePlacementPolicy (PipelinePlacementPolicy.java:filterViableNodes(146)) - Unable to find enough nodes that meet the criteria that cannot engage in more than 5 pipelines. Nodes required: 3 Found: 0, healthy nodes count inNodeManager: 5.
2019-09-12 11:56:49,118 [IPC Server handler 9 on 43548] ERROR pipeline.SCMPipelineManager (SCMPipelineManager.java:createPipeline(161)) - Pipeline creation failed due to exception: Unable to find enough nodes that meet the criteria that cannot engage in more than 5 pipelines. Nodes required: 3 Found: 0, healthy nodes count inNodeManager: 5.
2019-09-12 11:56:49,118 [IPC Server handler 16 on 43548] WARN  block.BlockManagerImpl (BlockManagerImpl.java:allocateBlock(192)) - Pipeline creation failed for type:RATIS factor:THREE. Retrying get pipelines call once.
org.apache.hadoop.hdds.scm.exceptions.SCMException: Unable to find enough nodes that meet the criteria that cannot engage in more than 5 pipelines. Nodes required: 3 Found: 0, healthy nodes count inNodeManager: 5.
	at org.apache.hadoop.hdds.scm.pipeline.PipelinePlacementPolicy.filterViableNodes(PipelinePlacementPolicy.java:147)
	at org.apache.hadoop.hdds.scm.pipeline.PipelinePlacementPolicy.chooseDatanodes(PipelinePlacementPolicy.java:170)
	at org.apache.hadoop.hdds.scm.pipeline.RatisPipelineProvider.create(RatisPipelineProvider.java:92)
	at org.apache.hadoop.hdds.scm.pipeline.PipelineFactory.create(PipelineFactory.java:57)
	at org.apache.hadoop.hdds.scm.pipeline.SCMPipelineManager.createPipeline(SCMPipelineManager.java:149)
	at org.apache.hadoop.hdds.scm.block.BlockManagerImpl.allocateBlock(BlockManagerImpl.java:190)
	at org.apache.hadoop.hdds.scm.server.SCMBlockProtocolServer.allocateBlock(SCMBlockProtocolServer.java:175)
	at org.apache.hadoop.ozone.protocolPB.ScmBlockLocationProtocolServerSideTranslatorPB.allocateScmBlock(ScmBlockLocationProtocolServerSideTranslatorPB.java:153)
	at org.apache.hadoop.ozone.protocolPB.ScmBlockLocationProtocolServerSideTranslatorPB.send(ScmBlockLocationProtocolServerSideTranslatorPB.java:112)
	at org.apache.hadoop.hdds.protocol.proto.ScmBlockLocationProtocolProtos$ScmBlockLocationProtocolService$2.callBlockingMethod(ScmBlockLocationProtocolProtos.java:13157)
	at org.apache.hadoop.ipc.ProtobufRpcEngine$Server$ProtoBufRpcInvoker.call(ProtobufRpcEngine.java:524)
	at org.apache.hadoop.ipc.RPC$Server.call(RPC.java:1025)
	at org.apache.hadoop.ipc.Server$RpcCall.run(Server.java:876)
	at org.apache.hadoop.ipc.Server$RpcCall.run(Server.java:822)
	at java.security.AccessController.doPrivileged(Native Method)
	at javax.security.auth.Subject.doAs(Subject.java:422)
	at org.apache.hadoop.security.UserGroupInformation.doAs(UserGroupInformation.java:1730)
	at org.apache.hadoop.ipc.Server$Handler.run(Server.java:2682)
2019-09-12 11:56:49,118 [IPC Server handler 5 on 43548] ERROR pipeline.PipelinePlacementPolicy (PipelinePlacementPolicy.java:meetCriteria(91)) - Pipeline Placement: Doesn't meet the criteria to be viable node. Heaviness: 6
2019-09-12 11:56:49,120 [IPC Server handler 5 on 43548] ERROR pipeline.PipelinePlacementPolicy (PipelinePlacementPolicy.java:meetCriteria(91)) - Pipeline Placement: Doesn't meet the criteria to be viable node. Heaviness: 6
2019-09-12 11:56:49,121 [IPC Server handler 5 on 43548] ERROR pipeline.PipelinePlacementPolicy (PipelinePlacementPolicy.java:meetCriteria(91)) - Pipeline Placement: Doesn't meet the criteria to be viable node. Heaviness: 6
2019-09-12 11:56:49,121 [IPC Server handler 5 on 43548] ERROR pipeline.PipelinePlacementPolicy (PipelinePlacementPolicy.java:meetCriteria(91)) - Pipeline Placement: Doesn't meet the criteria to be viable node. Heaviness: 6
2019-09-12 11:56:49,118 [IPC Server handler 9 on 43548] WARN  block.BlockManagerImpl (BlockManagerImpl.java:allocateBlock(192)) - Pipeline creation failed for type:RATIS factor:THREE. Retrying get pipelines call once.
org.apache.hadoop.hdds.scm.exceptions.SCMException: Unable to find enough nodes that meet the criteria that cannot engage in more than 5 pipelines. Nodes required: 3 Found: 0, healthy nodes count inNodeManager: 5.
	at org.apache.hadoop.hdds.scm.pipeline.PipelinePlacementPolicy.filterViableNodes(PipelinePlacementPolicy.java:147)
	at org.apache.hadoop.hdds.scm.pipeline.PipelinePlacementPolicy.chooseDatanodes(PipelinePlacementPolicy.java:170)
	at org.apache.hadoop.hdds.scm.pipeline.RatisPipelineProvider.create(RatisPipelineProvider.java:92)
	at org.apache.hadoop.hdds.scm.pipeline.PipelineFactory.create(PipelineFactory.java:57)
	at org.apache.hadoop.hdds.scm.pipeline.SCMPipelineManager.createPipeline(SCMPipelineManager.java:149)
	at org.apache.hadoop.hdds.scm.block.BlockManagerImpl.allocateBlock(BlockManagerImpl.java:190)
	at org.apache.hadoop.hdds.scm.server.SCMBlockProtocolServer.allocateBlock(SCMBlockProtocolServer.java:175)
	at org.apache.hadoop.ozone.protocolPB.ScmBlockLocationProtocolServerSideTranslatorPB.allocateScmBlock(ScmBlockLocationProtocolServerSideTranslatorPB.java:153)
	at org.apache.hadoop.ozone.protocolPB.ScmBlockLocationProtocolServerSideTranslatorPB.send(ScmBlockLocationProtocolServerSideTranslatorPB.java:112)
	at org.apache.hadoop.hdds.protocol.proto.ScmBlockLocationProtocolProtos$ScmBlockLocationProtocolService$2.callBlockingMethod(ScmBlockLocationProtocolProtos.java:13157)
	at org.apache.hadoop.ipc.ProtobufRpcEngine$Server$ProtoBufRpcInvoker.call(ProtobufRpcEngine.java:524)
	at org.apache.hadoop.ipc.RPC$Server.call(RPC.java:1025)
	at org.apache.hadoop.ipc.Server$RpcCall.run(Server.java:876)
	at org.apache.hadoop.ipc.Server$RpcCall.run(Server.java:822)
	at java.security.AccessController.doPrivileged(Native Method)
	at javax.security.auth.Subject.doAs(Subject.java:422)
	at org.apache.hadoop.security.UserGroupInformation.doAs(UserGroupInformation.java:1730)
	at org.apache.hadoop.ipc.Server$Handler.run(Server.java:2682)
2019-09-12 11:56:49,121 [IPC Server handler 5 on 43548] ERROR pipeline.PipelinePlacementPolicy (PipelinePlacementPolicy.java:meetCriteria(91)) - Pipeline Placement: Doesn't meet the criteria to be viable node. Heaviness: 6
2019-09-12 11:56:49,122 [IPC Server handler 5 on 43548] ERROR pipeline.PipelinePlacementPolicy (PipelinePlacementPolicy.java:filterViableNodes(146)) - Unable to find enough nodes that meet the criteria that cannot engage in more than 5 pipelines. Nodes required: 3 Found: 0, healthy nodes count inNodeManager: 5.
2019-09-12 11:56:49,122 [IPC Server handler 5 on 43548] ERROR pipeline.SCMPipelineManager (SCMPipelineManager.java:createPipeline(161)) - Pipeline creation failed due to exception: Unable to find enough nodes that meet the criteria that cannot engage in more than 5 pipelines. Nodes required: 3 Found: 0, healthy nodes count inNodeManager: 5.
2019-09-12 11:56:49,122 [IPC Server handler 5 on 43548] WARN  block.BlockManagerImpl (BlockManagerImpl.java:allocateBlock(192)) - Pipeline creation failed for type:RATIS factor:THREE. Retrying get pipelines call once.
org.apache.hadoop.hdds.scm.exceptions.SCMException: Unable to find enough nodes that meet the criteria that cannot engage in more than 5 pipelines. Nodes required: 3 Found: 0, healthy nodes count inNodeManager: 5.
	at org.apache.hadoop.hdds.scm.pipeline.PipelinePlacementPolicy.filterViableNodes(PipelinePlacementPolicy.java:147)
	at org.apache.hadoop.hdds.scm.pipeline.PipelinePlacementPolicy.chooseDatanodes(PipelinePlacementPolicy.java:170)
	at org.apache.hadoop.hdds.scm.pipeline.RatisPipelineProvider.create(RatisPipelineProvider.java:92)
	at org.apache.hadoop.hdds.scm.pipeline.PipelineFactory.create(PipelineFactory.java:57)
	at org.apache.hadoop.hdds.scm.pipeline.SCMPipelineManager.createPipeline(SCMPipelineManager.java:149)
	at org.apache.hadoop.hdds.scm.block.BlockManagerImpl.allocateBlock(BlockManagerImpl.java:190)
	at org.apache.hadoop.hdds.scm.server.SCMBlockProtocolServer.allocateBlock(SCMBlockProtocolServer.java:175)
	at org.apache.hadoop.ozone.protocolPB.ScmBlockLocationProtocolServerSideTranslatorPB.allocateScmBlock(ScmBlockLocationProtocolServerSideTranslatorPB.java:153)
	at org.apache.hadoop.ozone.protocolPB.ScmBlockLocationProtocolServerSideTranslatorPB.send(ScmBlockLocationProtocolServerSideTranslatorPB.java:112)
	at org.apache.hadoop.hdds.protocol.proto.ScmBlockLocationProtocolProtos$ScmBlockLocationProtocolService$2.callBlockingMethod(ScmBlockLocationProtocolProtos.java:13157)
	at org.apache.hadoop.ipc.ProtobufRpcEngine$Server$ProtoBufRpcInvoker.call(ProtobufRpcEngine.java:524)
	at org.apache.hadoop.ipc.RPC$Server.call(RPC.java:1025)
	at org.apache.hadoop.ipc.Server$RpcCall.run(Server.java:876)
	at org.apache.hadoop.ipc.Server$RpcCall.run(Server.java:822)
	at java.security.AccessController.doPrivileged(Native Method)
	at javax.security.auth.Subject.doAs(Subject.java:422)
	at org.apache.hadoop.security.UserGroupInformation.doAs(UserGroupInformation.java:1730)
	at org.apache.hadoop.ipc.Server$Handler.run(Server.java:2682)
2019-09-12 11:56:49,122 [IPC Server handler 10 on 43548] ERROR pipeline.PipelinePlacementPolicy (PipelinePlacementPolicy.java:meetCriteria(91)) - Pipeline Placement: Doesn't meet the criteria to be viable node. Heaviness: 6
2019-09-12 11:56:49,122 [IPC Server handler 9 on 43548] INFO  block.BlockManagerImpl (BlockManagerImpl.java:allocateBlock(198)) - Could not find available pipeline of type:RATIS and factor:THREE even after retrying
2019-09-12 11:56:49,122 [IPC Server handler 16 on 43548] INFO  block.BlockManagerImpl (BlockManagerImpl.java:allocateBlock(198)) - Could not find available pipeline of type:RATIS and factor:THREE even after retrying
2019-09-12 11:56:49,123 [IPC Server handler 9 on 43548] ERROR block.BlockManagerImpl (BlockManagerImpl.java:allocateBlock(222)) - Unable to allocate a block for the size: 4194304, type: RATIS, factor: THREE
2019-09-12 11:56:49,122 [IPC Server handler 10 on 43548] ERROR pipeline.PipelinePlacementPolicy (PipelinePlacementPolicy.java:meetCriteria(91)) - Pipeline Placement: Doesn't meet the criteria to be viable node. Heaviness: 6
2019-09-12 11:56:49,123 [IPC Server handler 16 on 43548] ERROR block.BlockManagerImpl (BlockManagerImpl.java:allocateBlock(222)) - Unable to allocate a block for the size: 4194304, type: RATIS, factor: THREE
2019-09-12 11:56:49,123 | INFO  | SCMAudit | user=jenkins1000 | ip=192.168.157.195 | op=ALLOCATE_BLOCK {owner=f7492686-26db-4064-a654-129457f98f65, size=4194304, type=RATIS, factor=THREE} | ret=SUCCESS |  
2019-09-12 11:56:49,123 [IPC Server handler 10 on 43548] ERROR pipeline.PipelinePlacementPolicy (PipelinePlacementPolicy.java:meetCriteria(91)) - Pipeline Placement: Doesn't meet the criteria to be viable node. Heaviness: 6
2019-09-12 11:56:49,123 | INFO  | SCMAudit | user=jenkins1000 | ip=192.168.157.195 | op=ALLOCATE_BLOCK {owner=f7492686-26db-4064-a654-129457f98f65, size=4194304, type=RATIS, factor=THREE} | ret=SUCCESS |  
2019-09-12 11:56:49,123 [IPC Server handler 10 on 43548] ERROR pipeline.PipelinePlacementPolicy (PipelinePlacementPolicy.java:meetCriteria(91)) - Pipeline Placement: Doesn't meet the criteria to be viable node. Heaviness: 6
2019-09-12 11:56:49,123 [IPC Server handler 10 on 43548] ERROR pipeline.PipelinePlacementPolicy (PipelinePlacementPolicy.java:meetCriteria(91)) - Pipeline Placement: Doesn't meet the criteria to be viable node. Heaviness: 6
2019-09-12 11:56:49,124 [IPC Server handler 10 on 43548] ERROR pipeline.PipelinePlacementPolicy (PipelinePlacementPolicy.java:filterViableNodes(146)) - Unable to find enough nodes that meet the criteria that cannot engage in more than 5 pipelines. Nodes required: 3 Found: 0, healthy nodes count inNodeManager: 5.
2019-09-12 11:56:49,124 [IPC Server handler 10 on 43548] ERROR pipeline.SCMPipelineManager (SCMPipelineManager.java:createPipeline(161)) - Pipeline creation failed due to exception: Unable to find enough nodes that meet the criteria that cannot engage in more than 5 pipelines. Nodes required: 3 Found: 0, healthy nodes count inNodeManager: 5.
2019-09-12 11:56:49,124 [IPC Server handler 10 on 43548] WARN  block.BlockManagerImpl (BlockManagerImpl.java:allocateBlock(192)) - Pipeline creation failed for type:RATIS factor:THREE. Retrying get pipelines call once.
org.apache.hadoop.hdds.scm.exceptions.SCMException: Unable to find enough nodes that meet the criteria that cannot engage in more than 5 pipelines. Nodes required: 3 Found: 0, healthy nodes count inNodeManager: 5.
	at org.apache.hadoop.hdds.scm.pipeline.PipelinePlacementPolicy.filterViableNodes(PipelinePlacementPolicy.java:147)
	at org.apache.hadoop.hdds.scm.pipeline.PipelinePlacementPolicy.chooseDatanodes(PipelinePlacementPolicy.java:170)
	at org.apache.hadoop.hdds.scm.pipeline.RatisPipelineProvider.create(RatisPipelineProvider.java:92)
	at org.apache.hadoop.hdds.scm.pipeline.PipelineFactory.create(PipelineFactory.java:57)
	at org.apache.hadoop.hdds.scm.pipeline.SCMPipelineManager.createPipeline(SCMPipelineManager.java:149)
	at org.apache.hadoop.hdds.scm.block.BlockManagerImpl.allocateBlock(BlockManagerImpl.java:190)
	at org.apache.hadoop.hdds.scm.server.SCMBlockProtocolServer.allocateBlock(SCMBlockProtocolServer.java:175)
	at org.apache.hadoop.ozone.protocolPB.ScmBlockLocationProtocolServerSideTranslatorPB.allocateScmBlock(ScmBlockLocationProtocolServerSideTranslatorPB.java:153)
	at org.apache.hadoop.ozone.protocolPB.ScmBlockLocationProtocolServerSideTranslatorPB.send(ScmBlockLocationProtocolServerSideTranslatorPB.java:112)
	at org.apache.hadoop.hdds.protocol.proto.ScmBlockLocationProtocolProtos$ScmBlockLocationProtocolService$2.callBlockingMethod(ScmBlockLocationProtocolProtos.java:13157)
	at org.apache.hadoop.ipc.ProtobufRpcEngine$Server$ProtoBufRpcInvoker.call(ProtobufRpcEngine.java:524)
	at org.apache.hadoop.ipc.RPC$Server.call(RPC.java:1025)
	at org.apache.hadoop.ipc.Server$RpcCall.run(Server.java:876)
	at org.apache.hadoop.ipc.Server$RpcCall.run(Server.java:822)
	at java.security.AccessController.doPrivileged(Native Method)
	at javax.security.auth.Subject.doAs(Subject.java:422)
	at org.apache.hadoop.security.UserGroupInformation.doAs(UserGroupInformation.java:1730)
	at org.apache.hadoop.ipc.Server$Handler.run(Server.java:2682)
2019-09-12 11:56:49,124 [IPC Server handler 17 on 43548] ERROR pipeline.PipelinePlacementPolicy (PipelinePlacementPolicy.java:meetCriteria(91)) - Pipeline Placement: Doesn't meet the criteria to be viable node. Heaviness: 6
2019-09-12 11:56:49,124 [IPC Server handler 5 on 43548] INFO  block.BlockManagerImpl (BlockManagerImpl.java:allocateBlock(198)) - Could not find available pipeline of type:RATIS and factor:THREE even after retrying
2019-09-12 11:56:49,125 [IPC Server handler 17 on 43548] ERROR pipeline.PipelinePlacementPolicy (PipelinePlacementPolicy.java:meetCriteria(91)) - Pipeline Placement: Doesn't meet the criteria to be viable node. Heaviness: 6
2019-09-12 11:56:49,125 [IPC Server handler 5 on 43548] ERROR block.BlockManagerImpl (BlockManagerImpl.java:allocateBlock(222)) - Unable to allocate a block for the size: 4194304, type: RATIS, factor: THREE
2019-09-12 11:56:49,125 [IPC Server handler 17 on 43548] ERROR pipeline.PipelinePlacementPolicy (PipelinePlacementPolicy.java:meetCriteria(91)) - Pipeline Placement: Doesn't meet the criteria to be viable node. Heaviness: 6
2019-09-12 11:56:49,125 | INFO  | SCMAudit | user=jenkins1000 | ip=192.168.157.195 | op=ALLOCATE_BLOCK {owner=f7492686-26db-4064-a654-129457f98f65, size=4194304, type=RATIS, factor=THREE} | ret=SUCCESS |  
2019-09-12 11:56:49,125 [IPC Server handler 17 on 43548] ERROR pipeline.PipelinePlacementPolicy (PipelinePlacementPolicy.java:meetCriteria(91)) - Pipeline Placement: Doesn't meet the criteria to be viable node. Heaviness: 6
2019-09-12 11:56:49,125 [IPC Server handler 17 on 43548] ERROR pipeline.PipelinePlacementPolicy (PipelinePlacementPolicy.java:meetCriteria(91)) - Pipeline Placement: Doesn't meet the criteria to be viable node. Heaviness: 6
2019-09-12 11:56:49,126 [IPC Server handler 17 on 43548] ERROR pipeline.PipelinePlacementPolicy (PipelinePlacementPolicy.java:filterViableNodes(146)) - Unable to find enough nodes that meet the criteria that cannot engage in more than 5 pipelines. Nodes required: 3 Found: 0, healthy nodes count inNodeManager: 5.
2019-09-12 11:56:49,126 [IPC Server handler 17 on 43548] ERROR pipeline.SCMPipelineManager (SCMPipelineManager.java:createPipeline(161)) - Pipeline creation failed due to exception: Unable to find enough nodes that meet the criteria that cannot engage in more than 5 pipelines. Nodes required: 3 Found: 0, healthy nodes count inNodeManager: 5.
2019-09-12 11:56:49,126 [IPC Server handler 17 on 43548] WARN  block.BlockManagerImpl (BlockManagerImpl.java:allocateBlock(192)) - Pipeline creation failed for type:RATIS factor:THREE. Retrying get pipelines call once.
org.apache.hadoop.hdds.scm.exceptions.SCMException: Unable to find enough nodes that meet the criteria that cannot engage in more than 5 pipelines. Nodes required: 3 Found: 0, healthy nodes count inNodeManager: 5.
	at org.apache.hadoop.hdds.scm.pipeline.PipelinePlacementPolicy.filterViableNodes(PipelinePlacementPolicy.java:147)
	at org.apache.hadoop.hdds.scm.pipeline.PipelinePlacementPolicy.chooseDatanodes(PipelinePlacementPolicy.java:170)
	at org.apache.hadoop.hdds.scm.pipeline.RatisPipelineProvider.create(RatisPipelineProvider.java:92)
	at org.apache.hadoop.hdds.scm.pipeline.PipelineFactory.create(PipelineFactory.java:57)
	at org.apache.hadoop.hdds.scm.pipeline.SCMPipelineManager.createPipeline(SCMPipelineManager.java:149)
	at org.apache.hadoop.hdds.scm.block.BlockManagerImpl.allocateBlock(BlockManagerImpl.java:190)
	at org.apache.hadoop.hdds.scm.server.SCMBlockProtocolServer.allocateBlock(SCMBlockProtocolServer.java:175)
	at org.apache.hadoop.ozone.protocolPB.ScmBlockLocationProtocolServerSideTranslatorPB.allocateScmBlock(ScmBlockLocationProtocolServerSideTranslatorPB.java:153)
	at org.apache.hadoop.ozone.protocolPB.ScmBlockLocationProtocolServerSideTranslatorPB.send(ScmBlockLocationProtocolServerSideTranslatorPB.java:112)
	at org.apache.hadoop.hdds.protocol.proto.ScmBlockLocationProtocolProtos$ScmBlockLocationProtocolService$2.callBlockingMethod(ScmBlockLocationProtocolProtos.java:13157)
	at org.apache.hadoop.ipc.ProtobufRpcEngine$Server$ProtoBufRpcInvoker.call(ProtobufRpcEngine.java:524)
	at org.apache.hadoop.ipc.RPC$Server.call(RPC.java:1025)
	at org.apache.hadoop.ipc.Server$RpcCall.run(Server.java:876)
	at org.apache.hadoop.ipc.Server$RpcCall.run(Server.java:822)
	at java.security.AccessController.doPrivileged(Native Method)
	at javax.security.auth.Subject.doAs(Subject.java:422)
	at org.apache.hadoop.security.UserGroupInformation.doAs(UserGroupInformation.java:1730)
	at org.apache.hadoop.ipc.Server$Handler.run(Server.java:2682)
2019-09-12 11:56:49,126 [IPC Server handler 6 on 43548] ERROR pipeline.PipelinePlacementPolicy (PipelinePlacementPolicy.java:meetCriteria(91)) - Pipeline Placement: Doesn't meet the criteria to be viable node. Heaviness: 6
2019-09-12 11:56:49,126 [IPC Server handler 10 on 43548] INFO  block.BlockManagerImpl (BlockManagerImpl.java:allocateBlock(198)) - Could not find available pipeline of type:RATIS and factor:THREE even after retrying
2019-09-12 11:56:49,127 [IPC Server handler 6 on 43548] ERROR pipeline.PipelinePlacementPolicy (PipelinePlacementPolicy.java:meetCriteria(91)) - Pipeline Placement: Doesn't meet the criteria to be viable node. Heaviness: 6
2019-09-12 11:56:49,127 [IPC Server handler 10 on 43548] ERROR block.BlockManagerImpl (BlockManagerImpl.java:allocateBlock(222)) - Unable to allocate a block for the size: 4194304, type: RATIS, factor: THREE
2019-09-12 11:56:49,127 [IPC Server handler 6 on 43548] ERROR pipeline.PipelinePlacementPolicy (PipelinePlacementPolicy.java:meetCriteria(91)) - Pipeline Placement: Doesn't meet the criteria to be viable node. Heaviness: 6
2019-09-12 11:56:49,127 | INFO  | SCMAudit | user=jenkins1000 | ip=192.168.157.195 | op=ALLOCATE_BLOCK {owner=f7492686-26db-4064-a654-129457f98f65, size=4194304, type=RATIS, factor=THREE} | ret=SUCCESS |  
2019-09-12 11:56:49,127 [IPC Server handler 6 on 43548] ERROR pipeline.PipelinePlacementPolicy (PipelinePlacementPolicy.java:meetCriteria(91)) - Pipeline Placement: Doesn't meet the criteria to be viable node. Heaviness: 6
2019-09-12 11:56:49,127 [IPC Server handler 6 on 43548] ERROR pipeline.PipelinePlacementPolicy (PipelinePlacementPolicy.java:meetCriteria(91)) - Pipeline Placement: Doesn't meet the criteria to be viable node. Heaviness: 6
2019-09-12 11:56:49,128 [IPC Server handler 6 on 43548] ERROR pipeline.PipelinePlacementPolicy (PipelinePlacementPolicy.java:filterViableNodes(146)) - Unable to find enough nodes that meet the criteria that cannot engage in more than 5 pipelines. Nodes required: 3 Found: 0, healthy nodes count inNodeManager: 5.
2019-09-12 11:56:49,128 [IPC Server handler 6 on 43548] ERROR pipeline.SCMPipelineManager (SCMPipelineManager.java:createPipeline(161)) - Pipeline creation failed due to exception: Unable to find enough nodes that meet the criteria that cannot engage in more than 5 pipelines. Nodes required: 3 Found: 0, healthy nodes count inNodeManager: 5.
2019-09-12 11:56:49,128 | ERROR | OMAudit | user=jenkins1000 | ip=127.0.0.1 | op=ALLOCATE_KEY {volume=vol-0-78252, bucket=bucket-0-03469, key=key-0-38144, dataSize=10240, replicationType=RATIS, replicationFactor=THREE, keyLocationInfo=null} | ret=FAILURE | org.apache.hadoop.hdds.scm.exceptions.SCMException: Allocated 0 blocks. Requested 1 blocks
	at org.apache.hadoop.hdds.scm.protocolPB.ScmBlockLocationProtocolClientSideTranslatorPB.handleError(ScmBlockLocationProtocolClientSideTranslatorPB.java:118)
	at org.apache.hadoop.hdds.scm.protocolPB.ScmBlockLocationProtocolClientSideTranslatorPB.allocateBlock(ScmBlockLocationProtocolClientSideTranslatorPB.java:156) 
2019-09-12 11:56:49,128 [IPC Server handler 6 on 43548] WARN  block.BlockManagerImpl (BlockManagerImpl.java:allocateBlock(192)) - Pipeline creation failed for type:RATIS factor:THREE. Retrying get pipelines call once.
org.apache.hadoop.hdds.scm.exceptions.SCMException: Unable to find enough nodes that meet the criteria that cannot engage in more than 5 pipelines. Nodes required: 3 Found: 0, healthy nodes count inNodeManager: 5.
	at org.apache.hadoop.hdds.scm.pipeline.PipelinePlacementPolicy.filterViableNodes(PipelinePlacementPolicy.java:147)
	at org.apache.hadoop.hdds.scm.pipeline.PipelinePlacementPolicy.chooseDatanodes(PipelinePlacementPolicy.java:170)
	at org.apache.hadoop.hdds.scm.pipeline.RatisPipelineProvider.create(RatisPipelineProvider.java:92)
	at org.apache.hadoop.hdds.scm.pipeline.PipelineFactory.create(PipelineFactory.java:57)
	at org.apache.hadoop.hdds.scm.pipeline.SCMPipelineManager.createPipeline(SCMPipelineManager.java:149)
	at org.apache.hadoop.hdds.scm.block.BlockManagerImpl.allocateBlock(BlockManagerImpl.java:190)
	at org.apache.hadoop.hdds.scm.server.SCMBlockProtocolServer.allocateBlock(SCMBlockProtocolServer.java:175)
	at org.apache.hadoop.ozone.protocolPB.ScmBlockLocationProtocolServerSideTranslatorPB.allocateScmBlock(ScmBlockLocationProtocolServerSideTranslatorPB.java:153)
	at org.apache.hadoop.ozone.protocolPB.ScmBlockLocationProtocolServerSideTranslatorPB.send(ScmBlockLocationProtocolServerSideTranslatorPB.java:112)
	at org.apache.hadoop.hdds.protocol.proto.ScmBlockLocationProtocolProtos$ScmBlockLocationProtocolService$2.callBlockingMethod(ScmBlockLocationProtocolProtos.java:13157)
	at org.apache.hadoop.ipc.ProtobufRpcEngine$Server$ProtoBufRpcInvoker.call(ProtobufRpcEngine.java:524)
	at org.apache.hadoop.ipc.RPC$Server.call(RPC.java:1025)
	at org.apache.hadoop.ipc.Server$RpcCall.run(Server.java:876)
	at org.apache.hadoop.ipc.Server$RpcCall.run(Server.java:822)
	at java.security.AccessController.doPrivileged(Native Method)
	at javax.security.auth.Subject.doAs(Subject.java:422)
	at org.apache.hadoop.security.UserGroupInformation.doAs(UserGroupInformation.java:1730)
	at org.apache.hadoop.ipc.Server$Handler.run(Server.java:2682)
2019-09-12 11:56:49,128 | ERROR | OMAudit | user=jenkins1000 | ip=127.0.0.1 | op=ALLOCATE_KEY {volume=vol-2-95639, bucket=bucket-0-61098, key=key-0-94293, dataSize=10240, replicationType=RATIS, replicationFactor=THREE, keyLocationInfo=null} | ret=FAILURE | org.apache.hadoop.hdds.scm.exceptions.SCMException: Allocated 0 blocks. Requested 1 blocks
	at org.apache.hadoop.hdds.scm.protocolPB.ScmBlockLocationProtocolClientSideTranslatorPB.handleError(ScmBlockLocationProtocolClientSideTranslatorPB.java:118)
	at org.apache.hadoop.hdds.scm.protocolPB.ScmBlockLocationProtocolClientSideTranslatorPB.allocateBlock(ScmBlockLocationProtocolClientSideTranslatorPB.java:156) 
2019-09-12 11:56:49,128 | ERROR | OMAudit | user=jenkins1000 | ip=127.0.0.1 | op=ALLOCATE_KEY {volume=vol-6-13077, bucket=bucket-0-84388, key=key-0-86775, dataSize=10240, replicationType=RATIS, replicationFactor=THREE, keyLocationInfo=null} | ret=FAILURE | org.apache.hadoop.hdds.scm.exceptions.SCMException: Allocated 0 blocks. Requested 1 blocks
	at org.apache.hadoop.hdds.scm.protocolPB.ScmBlockLocationProtocolClientSideTranslatorPB.handleError(ScmBlockLocationProtocolClientSideTranslatorPB.java:118)
	at org.apache.hadoop.hdds.scm.protocolPB.ScmBlockLocationProtocolClientSideTranslatorPB.allocateBlock(ScmBlockLocationProtocolClientSideTranslatorPB.java:156) 
2019-09-12 11:56:49,128 | ERROR | OMAudit | user=jenkins1000 | ip=127.0.0.1 | op=ALLOCATE_KEY {volume=vol-4-11154, bucket=bucket-0-38536, key=key-0-01091, dataSize=10240, replicationType=RATIS, replicationFactor=THREE, keyLocationInfo=null} | ret=FAILURE | org.apache.hadoop.hdds.scm.exceptions.SCMException: Allocated 0 blocks. Requested 1 blocks
	at org.apache.hadoop.hdds.scm.protocolPB.ScmBlockLocationProtocolClientSideTranslatorPB.handleError(ScmBlockLocationProtocolClientSideTranslatorPB.java:118)
	at org.apache.hadoop.hdds.scm.protocolPB.ScmBlockLocationProtocolClientSideTranslatorPB.allocateBlock(ScmBlockLocationProtocolClientSideTranslatorPB.java:156) 
2019-09-12 11:56:49,128 [IPC Server handler 18 on 43548] ERROR pipeline.PipelinePlacementPolicy (PipelinePlacementPolicy.java:meetCriteria(91)) - Pipeline Placement: Doesn't meet the criteria to be viable node. Heaviness: 6
2019-09-12 11:56:49,128 [IPC Server handler 17 on 43548] INFO  block.BlockManagerImpl (BlockManagerImpl.java:allocateBlock(198)) - Could not find available pipeline of type:RATIS and factor:THREE even after retrying
2019-09-12 11:56:49,129 [IPC Server handler 18 on 43548] ERROR pipeline.PipelinePlacementPolicy (PipelinePlacementPolicy.java:meetCriteria(91)) - Pipeline Placement: Doesn't meet the criteria to be viable node. Heaviness: 6
2019-09-12 11:56:49,129 [IPC Server handler 17 on 43548] ERROR block.BlockManagerImpl (BlockManagerImpl.java:allocateBlock(222)) - Unable to allocate a block for the size: 4194304, type: RATIS, factor: THREE
2019-09-12 11:56:49,129 [IPC Server handler 18 on 43548] ERROR pipeline.PipelinePlacementPolicy (PipelinePlacementPolicy.java:meetCriteria(91)) - Pipeline Placement: Doesn't meet the criteria to be viable node. Heaviness: 6
2019-09-12 11:56:49,129 | INFO  | SCMAudit | user=jenkins1000 | ip=192.168.157.195 | op=ALLOCATE_BLOCK {owner=f7492686-26db-4064-a654-129457f98f65, size=4194304, type=RATIS, factor=THREE} | ret=SUCCESS |  
2019-09-12 11:56:49,130 [IPC Server handler 18 on 43548] ERROR pipeline.PipelinePlacementPolicy (PipelinePlacementPolicy.java:meetCriteria(91)) - Pipeline Placement: Doesn't meet the criteria to be viable node. Heaviness: 6
2019-09-12 11:56:49,130 [IPC Server handler 18 on 43548] ERROR pipeline.PipelinePlacementPolicy (PipelinePlacementPolicy.java:meetCriteria(91)) - Pipeline Placement: Doesn't meet the criteria to be viable node. Heaviness: 6
2019-09-12 11:56:49,130 [IPC Server handler 18 on 43548] ERROR pipeline.PipelinePlacementPolicy (PipelinePlacementPolicy.java:filterViableNodes(146)) - Unable to find enough nodes that meet the criteria that cannot engage in more than 5 pipelines. Nodes required: 3 Found: 0, healthy nodes count inNodeManager: 5.
2019-09-12 11:56:49,130 [IPC Server handler 18 on 43548] ERROR pipeline.SCMPipelineManager (SCMPipelineManager.java:createPipeline(161)) - Pipeline creation failed due to exception: Unable to find enough nodes that meet the criteria that cannot engage in more than 5 pipelines. Nodes required: 3 Found: 0, healthy nodes count inNodeManager: 5.
2019-09-12 11:56:49,130 | ERROR | OMAudit | user=jenkins1000 | ip=127.0.0.1 | op=ALLOCATE_KEY {volume=vol-3-35304, bucket=bucket-0-07436, key=key-0-19602, dataSize=10240, replicationType=RATIS, replicationFactor=THREE, keyLocationInfo=null} | ret=FAILURE | org.apache.hadoop.hdds.scm.exceptions.SCMException: Allocated 0 blocks. Requested 1 blocks
	at org.apache.hadoop.hdds.scm.protocolPB.ScmBlockLocationProtocolClientSideTranslatorPB.handleError(ScmBlockLocationProtocolClientSideTranslatorPB.java:118)
	at org.apache.hadoop.hdds.scm.protocolPB.ScmBlockLocationProtocolClientSideTranslatorPB.allocateBlock(ScmBlockLocationProtocolClientSideTranslatorPB.java:156) 
2019-09-12 11:56:49,130 [pool-78-thread-3] ERROR freon.RandomKeyGenerator (RandomKeyGenerator.java:createKey(724)) - Exception while adding key: key-0-86775 in bucket: bucket-0-84388 of volume: vol-6-13077.
INTERNAL_ERROR org.apache.hadoop.ozone.om.exceptions.OMException: Allocated 0 blocks. Requested 1 blocks
	at org.apache.hadoop.ozone.om.protocolPB.OzoneManagerProtocolClientSideTranslatorPB.handleError(OzoneManagerProtocolClientSideTranslatorPB.java:725)
	at org.apache.hadoop.ozone.om.protocolPB.OzoneManagerProtocolClientSideTranslatorPB.openKey(OzoneManagerProtocolClientSideTranslatorPB.java:716)
	at org.apache.hadoop.ozone.client.rpc.RpcClient.createKey(RpcClient.java:615)
	at org.apache.hadoop.ozone.client.OzoneBucket.createKey(OzoneBucket.java:323)
	at org.apache.hadoop.ozone.freon.RandomKeyGenerator.createKey(RandomKeyGenerator.java:686)
	at org.apache.hadoop.ozone.freon.RandomKeyGenerator.access$1100(RandomKeyGenerator.java:87)
	at org.apache.hadoop.ozone.freon.RandomKeyGenerator$ObjectCreator.run(RandomKeyGenerator.java:606)
	at java.util.concurrent.Executors$RunnableAdapter.call(Executors.java:511)
	at java.util.concurrent.FutureTask.run(FutureTask.java:266)
	at java.util.concurrent.ThreadPoolExecutor.runWorker(ThreadPoolExecutor.java:1149)
	at java.util.concurrent.ThreadPoolExecutor$Worker.run(ThreadPoolExecutor.java:624)
	at java.lang.Thread.run(Thread.java:748)
2019-09-12 11:56:49,130 [pool-78-thread-6] ERROR freon.RandomKeyGenerator (RandomKeyGenerator.java:createKey(724)) - Exception while adding key: key-0-01091 in bucket: bucket-0-38536 of volume: vol-4-11154.
INTERNAL_ERROR org.apache.hadoop.ozone.om.exceptions.OMException: Allocated 0 blocks. Requested 1 blocks
	at org.apache.hadoop.ozone.om.protocolPB.OzoneManagerProtocolClientSideTranslatorPB.handleError(OzoneManagerProtocolClientSideTranslatorPB.java:725)
	at org.apache.hadoop.ozone.om.protocolPB.OzoneManagerProtocolClientSideTranslatorPB.openKey(OzoneManagerProtocolClientSideTranslatorPB.java:716)
	at org.apache.hadoop.ozone.client.rpc.RpcClient.createKey(RpcClient.java:615)
	at org.apache.hadoop.ozone.client.OzoneBucket.createKey(OzoneBucket.java:323)
	at org.apache.hadoop.ozone.freon.RandomKeyGenerator.createKey(RandomKeyGenerator.java:686)
	at org.apache.hadoop.ozone.freon.RandomKeyGenerator.access$1100(RandomKeyGenerator.java:87)
	at org.apache.hadoop.ozone.freon.RandomKeyGenerator$ObjectCreator.run(RandomKeyGenerator.java:606)
	at java.util.concurrent.Executors$RunnableAdapter.call(Executors.java:511)
	at java.util.concurrent.FutureTask.run(FutureTask.java:266)
	at java.util.concurrent.ThreadPoolExecutor.runWorker(ThreadPoolExecutor.java:1149)
	at java.util.concurrent.ThreadPoolExecutor$Worker.run(ThreadPoolExecutor.java:624)
	at java.lang.Thread.run(Thread.java:748)
2019-09-12 11:56:49,130 [pool-78-thread-1] ERROR freon.RandomKeyGenerator (RandomKeyGenerator.java:createKey(724)) - Exception while adding key: key-0-94293 in bucket: bucket-0-61098 of volume: vol-2-95639.
INTERNAL_ERROR org.apache.hadoop.ozone.om.exceptions.OMException: Allocated 0 blocks. Requested 1 blocks
	at org.apache.hadoop.ozone.om.protocolPB.OzoneManagerProtocolClientSideTranslatorPB.handleError(OzoneManagerProtocolClientSideTranslatorPB.java:725)
	at org.apache.hadoop.ozone.om.protocolPB.OzoneManagerProtocolClientSideTranslatorPB.openKey(OzoneManagerProtocolClientSideTranslatorPB.java:716)
	at org.apache.hadoop.ozone.client.rpc.RpcClient.createKey(RpcClient.java:615)
	at org.apache.hadoop.ozone.client.OzoneBucket.createKey(OzoneBucket.java:323)
	at org.apache.hadoop.ozone.freon.RandomKeyGenerator.createKey(RandomKeyGenerator.java:686)
	at org.apache.hadoop.ozone.freon.RandomKeyGenerator.access$1100(RandomKeyGenerator.java:87)
	at org.apache.hadoop.ozone.freon.RandomKeyGenerator$ObjectCreator.run(RandomKeyGenerator.java:606)
	at java.util.concurrent.Executors$RunnableAdapter.call(Executors.java:511)
	at java.util.concurrent.FutureTask.run(FutureTask.java:266)
	at java.util.concurrent.ThreadPoolExecutor.runWorker(ThreadPoolExecutor.java:1149)
	at java.util.concurrent.ThreadPoolExecutor$Worker.run(ThreadPoolExecutor.java:624)
	at java.lang.Thread.run(Thread.java:748)
2019-09-12 11:56:49,130 [pool-78-thread-9] ERROR freon.RandomKeyGenerator (RandomKeyGenerator.java:createKey(724)) - Exception while adding key: key-0-38144 in bucket: bucket-0-03469 of volume: vol-0-78252.
INTERNAL_ERROR org.apache.hadoop.ozone.om.exceptions.OMException: Allocated 0 blocks. Requested 1 blocks
	at org.apache.hadoop.ozone.om.protocolPB.OzoneManagerProtocolClientSideTranslatorPB.handleError(OzoneManagerProtocolClientSideTranslatorPB.java:725)
	at org.apache.hadoop.ozone.om.protocolPB.OzoneManagerProtocolClientSideTranslatorPB.openKey(OzoneManagerProtocolClientSideTranslatorPB.java:716)
	at org.apache.hadoop.ozone.client.rpc.RpcClient.createKey(RpcClient.java:615)
	at org.apache.hadoop.ozone.client.OzoneBucket.createKey(OzoneBucket.java:323)
	at org.apache.hadoop.ozone.freon.RandomKeyGenerator.createKey(RandomKeyGenerator.java:686)
	at org.apache.hadoop.ozone.freon.RandomKeyGenerator.access$1100(RandomKeyGenerator.java:87)
	at org.apache.hadoop.ozone.freon.RandomKeyGenerator$ObjectCreator.run(RandomKeyGenerator.java:606)
	at java.util.concurrent.Executors$RunnableAdapter.call(Executors.java:511)
	at java.util.concurrent.FutureTask.run(FutureTask.java:266)
	at java.util.concurrent.ThreadPoolExecutor.runWorker(ThreadPoolExecutor.java:1149)
	at java.util.concurrent.ThreadPoolExecutor$Worker.run(ThreadPoolExecutor.java:624)
	at java.lang.Thread.run(Thread.java:748)
2019-09-12 11:56:49,134 [pool-78-thread-7] ERROR freon.RandomKeyGenerator (RandomKeyGenerator.java:createKey(724)) - Exception while adding key: key-0-19602 in bucket: bucket-0-07436 of volume: vol-3-35304.
INTERNAL_ERROR org.apache.hadoop.ozone.om.exceptions.OMException: Allocated 0 blocks. Requested 1 blocks
	at org.apache.hadoop.ozone.om.protocolPB.OzoneManagerProtocolClientSideTranslatorPB.handleError(OzoneManagerProtocolClientSideTranslatorPB.java:725)
	at org.apache.hadoop.ozone.om.protocolPB.OzoneManagerProtocolClientSideTranslatorPB.openKey(OzoneManagerProtocolClientSideTranslatorPB.java:716)
	at org.apache.hadoop.ozone.client.rpc.RpcClient.createKey(RpcClient.java:615)
	at org.apache.hadoop.ozone.client.OzoneBucket.createKey(OzoneBucket.java:323)
	at org.apache.hadoop.ozone.freon.RandomKeyGenerator.createKey(RandomKeyGenerator.java:686)
	at org.apache.hadoop.ozone.freon.RandomKeyGenerator.access$1100(RandomKeyGenerator.java:87)
	at org.apache.hadoop.ozone.freon.RandomKeyGenerator$ObjectCreator.run(RandomKeyGenerator.java:606)
	at java.util.concurrent.Executors$RunnableAdapter.call(Executors.java:511)
	at java.util.concurrent.FutureTask.run(FutureTask.java:266)
	at java.util.concurrent.ThreadPoolExecutor.runWorker(ThreadPoolExecutor.java:1149)
	at java.util.concurrent.ThreadPoolExecutor$Worker.run(ThreadPoolExecutor.java:624)
	at java.lang.Thread.run(Thread.java:748)
2019-09-12 11:56:49,134 [IPC Server handler 19 on 43548] ERROR pipeline.PipelinePlacementPolicy (PipelinePlacementPolicy.java:meetCriteria(91)) - Pipeline Placement: Doesn't meet the criteria to be viable node. Heaviness: 6
2019-09-12 11:56:49,133 [IPC Server handler 18 on 43548] WARN  block.BlockManagerImpl (BlockManagerImpl.java:allocateBlock(192)) - Pipeline creation failed for type:RATIS factor:THREE. Retrying get pipelines call once.
org.apache.hadoop.hdds.scm.exceptions.SCMException: Unable to find enough nodes that meet the criteria that cannot engage in more than 5 pipelines. Nodes required: 3 Found: 0, healthy nodes count inNodeManager: 5.
	at org.apache.hadoop.hdds.scm.pipeline.PipelinePlacementPolicy.filterViableNodes(PipelinePlacementPolicy.java:147)
	at org.apache.hadoop.hdds.scm.pipeline.PipelinePlacementPolicy.chooseDatanodes(PipelinePlacementPolicy.java:170)
	at org.apache.hadoop.hdds.scm.pipeline.RatisPipelineProvider.create(RatisPipelineProvider.java:92)
	at org.apache.hadoop.hdds.scm.pipeline.PipelineFactory.create(PipelineFactory.java:57)
	at org.apache.hadoop.hdds.scm.pipeline.SCMPipelineManager.createPipeline(SCMPipelineManager.java:149)
	at org.apache.hadoop.hdds.scm.block.BlockManagerImpl.allocateBlock(BlockManagerImpl.java:190)
	at org.apache.hadoop.hdds.scm.server.SCMBlockProtocolServer.allocateBlock(SCMBlockProtocolServer.java:175)
	at org.apache.hadoop.ozone.protocolPB.ScmBlockLocationProtocolServerSideTranslatorPB.allocateScmBlock(ScmBlockLocationProtocolServerSideTranslatorPB.java:153)
	at org.apache.hadoop.ozone.protocolPB.ScmBlockLocationProtocolServerSideTranslatorPB.send(ScmBlockLocationProtocolServerSideTranslatorPB.java:112)
	at org.apache.hadoop.hdds.protocol.proto.ScmBlockLocationProtocolProtos$ScmBlockLocationProtocolService$2.callBlockingMethod(ScmBlockLocationProtocolProtos.java:13157)
	at org.apache.hadoop.ipc.ProtobufRpcEngine$Server$ProtoBufRpcInvoker.call(ProtobufRpcEngine.java:524)
	at org.apache.hadoop.ipc.RPC$Server.call(RPC.java:1025)
	at org.apache.hadoop.ipc.Server$RpcCall.run(Server.java:876)
	at org.apache.hadoop.ipc.Server$RpcCall.run(Server.java:822)
	at java.security.AccessController.doPrivileged(Native Method)
	at javax.security.auth.Subject.doAs(Subject.java:422)
	at org.apache.hadoop.security.UserGroupInformation.doAs(UserGroupInformation.java:1730)
	at org.apache.hadoop.ipc.Server$Handler.run(Server.java:2682)
2019-09-12 11:56:49,136 [IPC Server handler 19 on 43548] ERROR pipeline.PipelinePlacementPolicy (PipelinePlacementPolicy.java:meetCriteria(91)) - Pipeline Placement: Doesn't meet the criteria to be viable node. Heaviness: 6
2019-09-12 11:56:49,137 [IPC Server handler 19 on 43548] ERROR pipeline.PipelinePlacementPolicy (PipelinePlacementPolicy.java:meetCriteria(91)) - Pipeline Placement: Doesn't meet the criteria to be viable node. Heaviness: 6
2019-09-12 11:56:49,137 [IPC Server handler 19 on 43548] ERROR pipeline.PipelinePlacementPolicy (PipelinePlacementPolicy.java:meetCriteria(91)) - Pipeline Placement: Doesn't meet the criteria to be viable node. Heaviness: 6
2019-09-12 11:56:49,137 [IPC Server handler 19 on 43548] ERROR pipeline.PipelinePlacementPolicy (PipelinePlacementPolicy.java:meetCriteria(91)) - Pipeline Placement: Doesn't meet the criteria to be viable node. Heaviness: 6
2019-09-12 11:56:49,137 [IPC Server handler 19 on 43548] ERROR pipeline.PipelinePlacementPolicy (PipelinePlacementPolicy.java:filterViableNodes(146)) - Unable to find enough nodes that meet the criteria that cannot engage in more than 5 pipelines. Nodes required: 3 Found: 0, healthy nodes count inNodeManager: 5.
2019-09-12 11:56:49,138 [IPC Server handler 19 on 43548] ERROR pipeline.SCMPipelineManager (SCMPipelineManager.java:createPipeline(161)) - Pipeline creation failed due to exception: Unable to find enough nodes that meet the criteria that cannot engage in more than 5 pipelines. Nodes required: 3 Found: 0, healthy nodes count inNodeManager: 5.
2019-09-12 11:56:49,138 [IPC Server handler 19 on 43548] WARN  block.BlockManagerImpl (BlockManagerImpl.java:allocateBlock(192)) - Pipeline creation failed for type:RATIS factor:THREE. Retrying get pipelines call once.
org.apache.hadoop.hdds.scm.exceptions.SCMException: Unable to find enough nodes that meet the criteria that cannot engage in more than 5 pipelines. Nodes required: 3 Found: 0, healthy nodes count inNodeManager: 5.
	at org.apache.hadoop.hdds.scm.pipeline.PipelinePlacementPolicy.filterViableNodes(PipelinePlacementPolicy.java:147)
	at org.apache.hadoop.hdds.scm.pipeline.PipelinePlacementPolicy.chooseDatanodes(PipelinePlacementPolicy.java:170)
	at org.apache.hadoop.hdds.scm.pipeline.RatisPipelineProvider.create(RatisPipelineProvider.java:92)
	at org.apache.hadoop.hdds.scm.pipeline.PipelineFactory.create(PipelineFactory.java:57)
	at org.apache.hadoop.hdds.scm.pipeline.SCMPipelineManager.createPipeline(SCMPipelineManager.java:149)
	at org.apache.hadoop.hdds.scm.block.BlockManagerImpl.allocateBlock(BlockManagerImpl.java:190)
	at org.apache.hadoop.hdds.scm.server.SCMBlockProtocolServer.allocateBlock(SCMBlockProtocolServer.java:175)
	at org.apache.hadoop.ozone.protocolPB.ScmBlockLocationProtocolServerSideTranslatorPB.allocateScmBlock(ScmBlockLocationProtocolServerSideTranslatorPB.java:153)
	at org.apache.hadoop.ozone.protocolPB.ScmBlockLocationProtocolServerSideTranslatorPB.send(ScmBlockLocationProtocolServerSideTranslatorPB.java:112)
	at org.apache.hadoop.hdds.protocol.proto.ScmBlockLocationProtocolProtos$ScmBlockLocationProtocolService$2.callBlockingMethod(ScmBlockLocationProtocolProtos.java:13157)
	at org.apache.hadoop.ipc.ProtobufRpcEngine$Server$ProtoBufRpcInvoker.call(ProtobufRpcEngine.java:524)
	at org.apache.hadoop.ipc.RPC$Server.call(RPC.java:1025)
	at org.apache.hadoop.ipc.Server$RpcCall.run(Server.java:876)
	at org.apache.hadoop.ipc.Server$RpcCall.run(Server.java:822)
	at java.security.AccessController.doPrivileged(Native Method)
	at javax.security.auth.Subject.doAs(Subject.java:422)
	at org.apache.hadoop.security.UserGroupInformation.doAs(UserGroupInformation.java:1730)
	at org.apache.hadoop.ipc.Server$Handler.run(Server.java:2682)
2019-09-12 11:56:49,138 [IPC Server handler 15 on 43548] ERROR pipeline.PipelinePlacementPolicy (PipelinePlacementPolicy.java:meetCriteria(91)) - Pipeline Placement: Doesn't meet the criteria to be viable node. Heaviness: 6
2019-09-12 11:56:49,138 [IPC Server handler 15 on 43548] ERROR pipeline.PipelinePlacementPolicy (PipelinePlacementPolicy.java:meetCriteria(91)) - Pipeline Placement: Doesn't meet the criteria to be viable node. Heaviness: 6
2019-09-12 11:56:49,139 [IPC Server handler 15 on 43548] ERROR pipeline.PipelinePlacementPolicy (PipelinePlacementPolicy.java:meetCriteria(91)) - Pipeline Placement: Doesn't meet the criteria to be viable node. Heaviness: 6
2019-09-12 11:56:49,139 [IPC Server handler 15 on 43548] ERROR pipeline.PipelinePlacementPolicy (PipelinePlacementPolicy.java:meetCriteria(91)) - Pipeline Placement: Doesn't meet the criteria to be viable node. Heaviness: 6
2019-09-12 11:56:49,139 [IPC Server handler 15 on 43548] ERROR pipeline.PipelinePlacementPolicy (PipelinePlacementPolicy.java:meetCriteria(91)) - Pipeline Placement: Doesn't meet the criteria to be viable node. Heaviness: 6
2019-09-12 11:56:49,139 [IPC Server handler 15 on 43548] ERROR pipeline.PipelinePlacementPolicy (PipelinePlacementPolicy.java:filterViableNodes(146)) - Unable to find enough nodes that meet the criteria that cannot engage in more than 5 pipelines. Nodes required: 3 Found: 0, healthy nodes count inNodeManager: 5.
2019-09-12 11:56:49,139 [IPC Server handler 15 on 43548] ERROR pipeline.SCMPipelineManager (SCMPipelineManager.java:createPipeline(161)) - Pipeline creation failed due to exception: Unable to find enough nodes that meet the criteria that cannot engage in more than 5 pipelines. Nodes required: 3 Found: 0, healthy nodes count inNodeManager: 5.
2019-09-12 11:56:49,139 [IPC Server handler 15 on 43548] WARN  block.BlockManagerImpl (BlockManagerImpl.java:allocateBlock(192)) - Pipeline creation failed for type:RATIS factor:THREE. Retrying get pipelines call once.
org.apache.hadoop.hdds.scm.exceptions.SCMException: Unable to find enough nodes that meet the criteria that cannot engage in more than 5 pipelines. Nodes required: 3 Found: 0, healthy nodes count inNodeManager: 5.
	at org.apache.hadoop.hdds.scm.pipeline.PipelinePlacementPolicy.filterViableNodes(PipelinePlacementPolicy.java:147)
	at org.apache.hadoop.hdds.scm.pipeline.PipelinePlacementPolicy.chooseDatanodes(PipelinePlacementPolicy.java:170)
	at org.apache.hadoop.hdds.scm.pipeline.RatisPipelineProvider.create(RatisPipelineProvider.java:92)
	at org.apache.hadoop.hdds.scm.pipeline.PipelineFactory.create(PipelineFactory.java:57)
	at org.apache.hadoop.hdds.scm.pipeline.SCMPipelineManager.createPipeline(SCMPipelineManager.java:149)
	at org.apache.hadoop.hdds.scm.block.BlockManagerImpl.allocateBlock(BlockManagerImpl.java:190)
	at org.apache.hadoop.hdds.scm.server.SCMBlockProtocolServer.allocateBlock(SCMBlockProtocolServer.java:175)
	at org.apache.hadoop.ozone.protocolPB.ScmBlockLocationProtocolServerSideTranslatorPB.allocateScmBlock(ScmBlockLocationProtocolServerSideTranslatorPB.java:153)
	at org.apache.hadoop.ozone.protocolPB.ScmBlockLocationProtocolServerSideTranslatorPB.send(ScmBlockLocationProtocolServerSideTranslatorPB.java:112)
	at org.apache.hadoop.hdds.protocol.proto.ScmBlockLocationProtocolProtos$ScmBlockLocationProtocolService$2.callBlockingMethod(ScmBlockLocationProtocolProtos.java:13157)
	at org.apache.hadoop.ipc.ProtobufRpcEngine$Server$ProtoBufRpcInvoker.call(ProtobufRpcEngine.java:524)
	at org.apache.hadoop.ipc.RPC$Server.call(RPC.java:1025)
	at org.apache.hadoop.ipc.Server$RpcCall.run(Server.java:876)
	at org.apache.hadoop.ipc.Server$RpcCall.run(Server.java:822)
	at java.security.AccessController.doPrivileged(Native Method)
	at javax.security.auth.Subject.doAs(Subject.java:422)
	at org.apache.hadoop.security.UserGroupInformation.doAs(UserGroupInformation.java:1730)
	at org.apache.hadoop.ipc.Server$Handler.run(Server.java:2682)
2019-09-12 11:56:49,140 [IPC Server handler 7 on 43548] ERROR pipeline.PipelinePlacementPolicy (PipelinePlacementPolicy.java:meetCriteria(91)) - Pipeline Placement: Doesn't meet the criteria to be viable node. Heaviness: 6
2019-09-12 11:56:49,140 [IPC Server handler 19 on 43548] INFO  block.BlockManagerImpl (BlockManagerImpl.java:allocateBlock(198)) - Could not find available pipeline of type:RATIS and factor:THREE even after retrying
2019-09-12 11:56:49,140 [IPC Server handler 19 on 43548] ERROR block.BlockManagerImpl (BlockManagerImpl.java:allocateBlock(222)) - Unable to allocate a block for the size: 4194304, type: RATIS, factor: THREE
2019-09-12 11:56:49,140 [IPC Server handler 18 on 43548] INFO  block.BlockManagerImpl (BlockManagerImpl.java:allocateBlock(198)) - Could not find available pipeline of type:RATIS and factor:THREE even after retrying
2019-09-12 11:56:49,140 | INFO  | SCMAudit | user=jenkins1000 | ip=192.168.157.195 | op=ALLOCATE_BLOCK {owner=f7492686-26db-4064-a654-129457f98f65, size=4194304, type=RATIS, factor=THREE} | ret=SUCCESS |  
2019-09-12 11:56:49,140 [IPC Server handler 6 on 43548] INFO  block.BlockManagerImpl (BlockManagerImpl.java:allocateBlock(198)) - Could not find available pipeline of type:RATIS and factor:THREE even after retrying
2019-09-12 11:56:49,141 [IPC Server handler 18 on 43548] ERROR block.BlockManagerImpl (BlockManagerImpl.java:allocateBlock(222)) - Unable to allocate a block for the size: 4194304, type: RATIS, factor: THREE
2019-09-12 11:56:49,140 [IPC Server handler 7 on 43548] ERROR pipeline.PipelinePlacementPolicy (PipelinePlacementPolicy.java:meetCriteria(91)) - Pipeline Placement: Doesn't meet the criteria to be viable node. Heaviness: 6
2019-09-12 11:56:49,141 | INFO  | SCMAudit | user=jenkins1000 | ip=192.168.157.195 | op=ALLOCATE_BLOCK {owner=f7492686-26db-4064-a654-129457f98f65, size=4194304, type=RATIS, factor=THREE} | ret=SUCCESS |  
2019-09-12 11:56:49,141 [IPC Server handler 6 on 43548] ERROR block.BlockManagerImpl (BlockManagerImpl.java:allocateBlock(222)) - Unable to allocate a block for the size: 4194304, type: RATIS, factor: THREE
2019-09-12 11:56:49,141 [IPC Server handler 7 on 43548] ERROR pipeline.PipelinePlacementPolicy (PipelinePlacementPolicy.java:meetCriteria(91)) - Pipeline Placement: Doesn't meet the criteria to be viable node. Heaviness: 6
2019-09-12 11:56:49,141 | INFO  | SCMAudit | user=jenkins1000 | ip=192.168.157.195 | op=ALLOCATE_BLOCK {owner=f7492686-26db-4064-a654-129457f98f65, size=4194304, type=RATIS, factor=THREE} | ret=SUCCESS |  
2019-09-12 11:56:49,141 [IPC Server handler 7 on 43548] ERROR pipeline.PipelinePlacementPolicy (PipelinePlacementPolicy.java:meetCriteria(91)) - Pipeline Placement: Doesn't meet the criteria to be viable node. Heaviness: 6
2019-09-12 11:56:49,141 [IPC Server handler 7 on 43548] ERROR pipeline.PipelinePlacementPolicy (PipelinePlacementPolicy.java:meetCriteria(91)) - Pipeline Placement: Doesn't meet the criteria to be viable node. Heaviness: 6
2019-09-12 11:56:49,141 | ERROR | OMAudit | user=jenkins1000 | ip=127.0.0.1 | op=ALLOCATE_KEY {volume=vol-8-10052, bucket=bucket-0-76673, key=key-0-84140, dataSize=10240, replicationType=RATIS, replicationFactor=THREE, keyLocationInfo=null} | ret=FAILURE | org.apache.hadoop.hdds.scm.exceptions.SCMException: Allocated 0 blocks. Requested 1 blocks
	at org.apache.hadoop.hdds.scm.protocolPB.ScmBlockLocationProtocolClientSideTranslatorPB.handleError(ScmBlockLocationProtocolClientSideTranslatorPB.java:118)
	at org.apache.hadoop.hdds.scm.protocolPB.ScmBlockLocationProtocolClientSideTranslatorPB.allocateBlock(ScmBlockLocationProtocolClientSideTranslatorPB.java:156) 
2019-09-12 11:56:49,142 [IPC Server handler 7 on 43548] ERROR pipeline.PipelinePlacementPolicy (PipelinePlacementPolicy.java:filterViableNodes(146)) - Unable to find enough nodes that meet the criteria that cannot engage in more than 5 pipelines. Nodes required: 3 Found: 0, healthy nodes count inNodeManager: 5.
2019-09-12 11:56:49,142 [IPC Server handler 7 on 43548] ERROR pipeline.SCMPipelineManager (SCMPipelineManager.java:createPipeline(161)) - Pipeline creation failed due to exception: Unable to find enough nodes that meet the criteria that cannot engage in more than 5 pipelines. Nodes required: 3 Found: 0, healthy nodes count inNodeManager: 5.
2019-09-12 11:56:49,141 | ERROR | OMAudit | user=jenkins1000 | ip=127.0.0.1 | op=ALLOCATE_KEY {volume=vol-5-10775, bucket=bucket-0-00771, key=key-0-22779, dataSize=10240, replicationType=RATIS, replicationFactor=THREE, keyLocationInfo=null} | ret=FAILURE | org.apache.hadoop.hdds.scm.exceptions.SCMException: Allocated 0 blocks. Requested 1 blocks
	at org.apache.hadoop.hdds.scm.protocolPB.ScmBlockLocationProtocolClientSideTranslatorPB.handleError(ScmBlockLocationProtocolClientSideTranslatorPB.java:118)
	at org.apache.hadoop.hdds.scm.protocolPB.ScmBlockLocationProtocolClientSideTranslatorPB.allocateBlock(ScmBlockLocationProtocolClientSideTranslatorPB.java:156) 
2019-09-12 11:56:49,142 | ERROR | OMAudit | user=jenkins1000 | ip=127.0.0.1 | op=ALLOCATE_KEY {volume=vol-9-09254, bucket=bucket-0-57293, key=key-0-93890, dataSize=10240, replicationType=RATIS, replicationFactor=THREE, keyLocationInfo=null} | ret=FAILURE | org.apache.hadoop.hdds.scm.exceptions.SCMException: Allocated 0 blocks. Requested 1 blocks
	at org.apache.hadoop.hdds.scm.protocolPB.ScmBlockLocationProtocolClientSideTranslatorPB.handleError(ScmBlockLocationProtocolClientSideTranslatorPB.java:118)
	at org.apache.hadoop.hdds.scm.protocolPB.ScmBlockLocationProtocolClientSideTranslatorPB.allocateBlock(ScmBlockLocationProtocolClientSideTranslatorPB.java:156) 
2019-09-12 11:56:49,142 [IPC Server handler 7 on 43548] WARN  block.BlockManagerImpl (BlockManagerImpl.java:allocateBlock(192)) - Pipeline creation failed for type:RATIS factor:THREE. Retrying get pipelines call once.
org.apache.hadoop.hdds.scm.exceptions.SCMException: Unable to find enough nodes that meet the criteria that cannot engage in more than 5 pipelines. Nodes required: 3 Found: 0, healthy nodes count inNodeManager: 5.
	at org.apache.hadoop.hdds.scm.pipeline.PipelinePlacementPolicy.filterViableNodes(PipelinePlacementPolicy.java:147)
	at org.apache.hadoop.hdds.scm.pipeline.PipelinePlacementPolicy.chooseDatanodes(PipelinePlacementPolicy.java:170)
	at org.apache.hadoop.hdds.scm.pipeline.RatisPipelineProvider.create(RatisPipelineProvider.java:92)
	at org.apache.hadoop.hdds.scm.pipeline.PipelineFactory.create(PipelineFactory.java:57)
	at org.apache.hadoop.hdds.scm.pipeline.SCMPipelineManager.createPipeline(SCMPipelineManager.java:149)
	at org.apache.hadoop.hdds.scm.block.BlockManagerImpl.allocateBlock(BlockManagerImpl.java:190)
	at org.apache.hadoop.hdds.scm.server.SCMBlockProtocolServer.allocateBlock(SCMBlockProtocolServer.java:175)
	at org.apache.hadoop.ozone.protocolPB.ScmBlockLocationProtocolServerSideTranslatorPB.allocateScmBlock(ScmBlockLocationProtocolServerSideTranslatorPB.java:153)
	at org.apache.hadoop.ozone.protocolPB.ScmBlockLocationProtocolServerSideTranslatorPB.send(ScmBlockLocationProtocolServerSideTranslatorPB.java:112)
	at org.apache.hadoop.hdds.protocol.proto.ScmBlockLocationProtocolProtos$ScmBlockLocationProtocolService$2.callBlockingMethod(ScmBlockLocationProtocolProtos.java:13157)
	at org.apache.hadoop.ipc.ProtobufRpcEngine$Server$ProtoBufRpcInvoker.call(ProtobufRpcEngine.java:524)
	at org.apache.hadoop.ipc.RPC$Server.call(RPC.java:1025)
	at org.apache.hadoop.ipc.Server$RpcCall.run(Server.java:876)
	at org.apache.hadoop.ipc.Server$RpcCall.run(Server.java:822)
	at java.security.AccessController.doPrivileged(Native Method)
	at javax.security.auth.Subject.doAs(Subject.java:422)
	at org.apache.hadoop.security.UserGroupInformation.doAs(UserGroupInformation.java:1730)
	at org.apache.hadoop.ipc.Server$Handler.run(Server.java:2682)
2019-09-12 11:56:49,142 [pool-78-thread-8] ERROR freon.RandomKeyGenerator (RandomKeyGenerator.java:createKey(724)) - Exception while adding key: key-0-22779 in bucket: bucket-0-00771 of volume: vol-5-10775.
INTERNAL_ERROR org.apache.hadoop.ozone.om.exceptions.OMException: Allocated 0 blocks. Requested 1 blocks
	at org.apache.hadoop.ozone.om.protocolPB.OzoneManagerProtocolClientSideTranslatorPB.handleError(OzoneManagerProtocolClientSideTranslatorPB.java:725)
	at org.apache.hadoop.ozone.om.protocolPB.OzoneManagerProtocolClientSideTranslatorPB.openKey(OzoneManagerProtocolClientSideTranslatorPB.java:716)
	at org.apache.hadoop.ozone.client.rpc.RpcClient.createKey(RpcClient.java:615)
	at org.apache.hadoop.ozone.client.OzoneBucket.createKey(OzoneBucket.java:323)
	at org.apache.hadoop.ozone.freon.RandomKeyGenerator.createKey(RandomKeyGenerator.java:686)
	at org.apache.hadoop.ozone.freon.RandomKeyGenerator.access$1100(RandomKeyGenerator.java:87)
	at org.apache.hadoop.ozone.freon.RandomKeyGenerator$ObjectCreator.run(RandomKeyGenerator.java:606)
	at java.util.concurrent.Executors$RunnableAdapter.call(Executors.java:511)
	at java.util.concurrent.FutureTask.run(FutureTask.java:266)
	at java.util.concurrent.ThreadPoolExecutor.runWorker(ThreadPoolExecutor.java:1149)
	at java.util.concurrent.ThreadPoolExecutor$Worker.run(ThreadPoolExecutor.java:624)
	at java.lang.Thread.run(Thread.java:748)
2019-09-12 11:56:49,142 [pool-78-thread-2] ERROR freon.RandomKeyGenerator (RandomKeyGenerator.java:createKey(724)) - Exception while adding key: key-0-84140 in bucket: bucket-0-76673 of volume: vol-8-10052.
INTERNAL_ERROR org.apache.hadoop.ozone.om.exceptions.OMException: Allocated 0 blocks. Requested 1 blocks
	at org.apache.hadoop.ozone.om.protocolPB.OzoneManagerProtocolClientSideTranslatorPB.handleError(OzoneManagerProtocolClientSideTranslatorPB.java:725)
	at org.apache.hadoop.ozone.om.protocolPB.OzoneManagerProtocolClientSideTranslatorPB.openKey(OzoneManagerProtocolClientSideTranslatorPB.java:716)
	at org.apache.hadoop.ozone.client.rpc.RpcClient.createKey(RpcClient.java:615)
	at org.apache.hadoop.ozone.client.OzoneBucket.createKey(OzoneBucket.java:323)
	at org.apache.hadoop.ozone.freon.RandomKeyGenerator.createKey(RandomKeyGenerator.java:686)
	at org.apache.hadoop.ozone.freon.RandomKeyGenerator.access$1100(RandomKeyGenerator.java:87)
	at org.apache.hadoop.ozone.freon.RandomKeyGenerator$ObjectCreator.run(RandomKeyGenerator.java:606)
	at java.util.concurrent.Executors$RunnableAdapter.call(Executors.java:511)
	at java.util.concurrent.FutureTask.run(FutureTask.java:266)
	at java.util.concurrent.ThreadPoolExecutor.runWorker(ThreadPoolExecutor.java:1149)
	at java.util.concurrent.ThreadPoolExecutor$Worker.run(ThreadPoolExecutor.java:624)
	at java.lang.Thread.run(Thread.java:748)
2019-09-12 11:56:49,142 [IPC Server handler 15 on 43548] INFO  block.BlockManagerImpl (BlockManagerImpl.java:allocateBlock(198)) - Could not find available pipeline of type:RATIS and factor:THREE even after retrying
2019-09-12 11:56:49,143 [pool-78-thread-4] ERROR freon.RandomKeyGenerator (RandomKeyGenerator.java:createKey(724)) - Exception while adding key: key-0-93890 in bucket: bucket-0-57293 of volume: vol-9-09254.
INTERNAL_ERROR org.apache.hadoop.ozone.om.exceptions.OMException: Allocated 0 blocks. Requested 1 blocks
	at org.apache.hadoop.ozone.om.protocolPB.OzoneManagerProtocolClientSideTranslatorPB.handleError(OzoneManagerProtocolClientSideTranslatorPB.java:725)
	at org.apache.hadoop.ozone.om.protocolPB.OzoneManagerProtocolClientSideTranslatorPB.openKey(OzoneManagerProtocolClientSideTranslatorPB.java:716)
	at org.apache.hadoop.ozone.client.rpc.RpcClient.createKey(RpcClient.java:615)
	at org.apache.hadoop.ozone.client.OzoneBucket.createKey(OzoneBucket.java:323)
	at org.apache.hadoop.ozone.freon.RandomKeyGenerator.createKey(RandomKeyGenerator.java:686)
	at org.apache.hadoop.ozone.freon.RandomKeyGenerator.access$1100(RandomKeyGenerator.java:87)
	at org.apache.hadoop.ozone.freon.RandomKeyGenerator$ObjectCreator.run(RandomKeyGenerator.java:606)
	at java.util.concurrent.Executors$RunnableAdapter.call(Executors.java:511)
	at java.util.concurrent.FutureTask.run(FutureTask.java:266)
	at java.util.concurrent.ThreadPoolExecutor.runWorker(ThreadPoolExecutor.java:1149)
	at java.util.concurrent.ThreadPoolExecutor$Worker.run(ThreadPoolExecutor.java:624)
	at java.lang.Thread.run(Thread.java:748)
2019-09-12 11:56:49,142 [IPC Server handler 7 on 43548] INFO  block.BlockManagerImpl (BlockManagerImpl.java:allocateBlock(198)) - Could not find available pipeline of type:RATIS and factor:THREE even after retrying
2019-09-12 11:56:49,144 [IPC Server handler 7 on 43548] ERROR block.BlockManagerImpl (BlockManagerImpl.java:allocateBlock(222)) - Unable to allocate a block for the size: 4194304, type: RATIS, factor: THREE
2019-09-12 11:56:49,144 [IPC Server handler 15 on 43548] ERROR block.BlockManagerImpl (BlockManagerImpl.java:allocateBlock(222)) - Unable to allocate a block for the size: 4194304, type: RATIS, factor: THREE
2019-09-12 11:56:49,144 | INFO  | SCMAudit | user=jenkins1000 | ip=192.168.157.195 | op=ALLOCATE_BLOCK {owner=f7492686-26db-4064-a654-129457f98f65, size=4194304, type=RATIS, factor=THREE} | ret=SUCCESS |  
2019-09-12 11:56:49,144 | INFO  | SCMAudit | user=jenkins1000 | ip=192.168.157.195 | op=ALLOCATE_BLOCK {owner=f7492686-26db-4064-a654-129457f98f65, size=4194304, type=RATIS, factor=THREE} | ret=SUCCESS |  
2019-09-12 11:56:49,145 | ERROR | OMAudit | user=jenkins1000 | ip=127.0.0.1 | op=ALLOCATE_KEY {volume=vol-1-30410, bucket=bucket-0-85187, key=key-0-20900, dataSize=10240, replicationType=RATIS, replicationFactor=THREE, keyLocationInfo=null} | ret=FAILURE | org.apache.hadoop.hdds.scm.exceptions.SCMException: Allocated 0 blocks. Requested 1 blocks
	at org.apache.hadoop.hdds.scm.protocolPB.ScmBlockLocationProtocolClientSideTranslatorPB.handleError(ScmBlockLocationProtocolClientSideTranslatorPB.java:118)
	at org.apache.hadoop.hdds.scm.protocolPB.ScmBlockLocationProtocolClientSideTranslatorPB.allocateBlock(ScmBlockLocationProtocolClientSideTranslatorPB.java:156) 
2019-09-12 11:56:49,145 | ERROR | OMAudit | user=jenkins1000 | ip=127.0.0.1 | op=ALLOCATE_KEY {volume=vol-7-08810, bucket=bucket-0-39617, key=key-0-64102, dataSize=10240, replicationType=RATIS, replicationFactor=THREE, keyLocationInfo=null} | ret=FAILURE | org.apache.hadoop.hdds.scm.exceptions.SCMException: Allocated 0 blocks. Requested 1 blocks
	at org.apache.hadoop.hdds.scm.protocolPB.ScmBlockLocationProtocolClientSideTranslatorPB.handleError(ScmBlockLocationProtocolClientSideTranslatorPB.java:118)
	at org.apache.hadoop.hdds.scm.protocolPB.ScmBlockLocationProtocolClientSideTranslatorPB.allocateBlock(ScmBlockLocationProtocolClientSideTranslatorPB.java:156) 
2019-09-12 11:56:49,151 [pool-78-thread-10] ERROR freon.RandomKeyGenerator (RandomKeyGenerator.java:createKey(724)) - Exception while adding key: key-0-20900 in bucket: bucket-0-85187 of volume: vol-1-30410.
INTERNAL_ERROR org.apache.hadoop.ozone.om.exceptions.OMException: Allocated 0 blocks. Requested 1 blocks
	at org.apache.hadoop.ozone.om.protocolPB.OzoneManagerProtocolClientSideTranslatorPB.handleError(OzoneManagerProtocolClientSideTranslatorPB.java:725)
	at org.apache.hadoop.ozone.om.protocolPB.OzoneManagerProtocolClientSideTranslatorPB.openKey(OzoneManagerProtocolClientSideTranslatorPB.java:716)
	at org.apache.hadoop.ozone.client.rpc.RpcClient.createKey(RpcClient.java:615)
	at org.apache.hadoop.ozone.client.OzoneBucket.createKey(OzoneBucket.java:323)
	at org.apache.hadoop.ozone.freon.RandomKeyGenerator.createKey(RandomKeyGenerator.java:686)
	at org.apache.hadoop.ozone.freon.RandomKeyGenerator.access$1100(RandomKeyGenerator.java:87)
	at org.apache.hadoop.ozone.freon.RandomKeyGenerator$ObjectCreator.run(RandomKeyGenerator.java:606)
	at java.util.concurrent.Executors$RunnableAdapter.call(Executors.java:511)
	at java.util.concurrent.FutureTask.run(FutureTask.java:266)
	at java.util.concurrent.ThreadPoolExecutor.runWorker(ThreadPoolExecutor.java:1149)
	at java.util.concurrent.ThreadPoolExecutor$Worker.run(ThreadPoolExecutor.java:624)
	at java.lang.Thread.run(Thread.java:748)
2019-09-12 11:56:49,151 [pool-78-thread-5] ERROR freon.RandomKeyGenerator (RandomKeyGenerator.java:createKey(724)) - Exception while adding key: key-0-64102 in bucket: bucket-0-39617 of volume: vol-7-08810.
INTERNAL_ERROR org.apache.hadoop.ozone.om.exceptions.OMException: Allocated 0 blocks. Requested 1 blocks
	at org.apache.hadoop.ozone.om.protocolPB.OzoneManagerProtocolClientSideTranslatorPB.handleError(OzoneManagerProtocolClientSideTranslatorPB.java:725)
	at org.apache.hadoop.ozone.om.protocolPB.OzoneManagerProtocolClientSideTranslatorPB.openKey(OzoneManagerProtocolClientSideTranslatorPB.java:716)
	at org.apache.hadoop.ozone.client.rpc.RpcClient.createKey(RpcClient.java:615)
	at org.apache.hadoop.ozone.client.OzoneBucket.createKey(OzoneBucket.java:323)
	at org.apache.hadoop.ozone.freon.RandomKeyGenerator.createKey(RandomKeyGenerator.java:686)
	at org.apache.hadoop.ozone.freon.RandomKeyGenerator.access$1100(RandomKeyGenerator.java:87)
	at org.apache.hadoop.ozone.freon.RandomKeyGenerator$ObjectCreator.run(RandomKeyGenerator.java:606)
	at java.util.concurrent.Executors$RunnableAdapter.call(Executors.java:511)
	at java.util.concurrent.FutureTask.run(FutureTask.java:266)
	at java.util.concurrent.ThreadPoolExecutor.runWorker(ThreadPoolExecutor.java:1149)
	at java.util.concurrent.ThreadPoolExecutor$Worker.run(ThreadPoolExecutor.java:624)
	at java.lang.Thread.run(Thread.java:748)
 0.00% |█                                                                                                    |  0/100 Time: 0:00:012019-09-12 11:56:49,221 | INFO  | SCMAudit | user=jenkins1000 | ip=192.168.157.195 | op=SEND_HEARTBEAT {datanodeUUID=7c1edd01-6b93-44c9-a455-1bd851e1af30, command=[]} | ret=SUCCESS |  
2019-09-12 11:56:49,750 | INFO  | SCMAudit | user=jenkins1000 | ip=192.168.157.195 | op=SEND_HEARTBEAT {datanodeUUID=17edbb89-a050-42dd-b919-a8669dd0769f, command=[]} | ret=SUCCESS |  
2019-09-12 11:56:49,753 | INFO  | SCMAudit | user=jenkins1000 | ip=192.168.157.195 | op=SEND_HEARTBEAT {datanodeUUID=af5fed38-0f11-4bc3-b5f8-f25d4cc0e41f, command=[]} | ret=SUCCESS |  
2019-09-12 11:56:49,776 | INFO  | SCMAudit | user=jenkins1000 | ip=192.168.157.195 | op=SEND_HEARTBEAT {datanodeUUID=f8fc3649-0cfb-44b5-b2db-665c617086f3, command=[]} | ret=SUCCESS |  
2019-09-12 11:56:50,034 | INFO  | SCMAudit | user=jenkins1000 | ip=192.168.157.195 | op=SEND_HEARTBEAT {datanodeUUID=17f5de45-d006-42d4-a442-b3531657861f, command=[]} | ret=SUCCESS |  
 0.00% |█                                                                                                    |  0/100 Time: 0:00:022019-09-12 11:56:50,222 | INFO  | SCMAudit | user=jenkins1000 | ip=192.168.157.195 | op=SEND_HEARTBEAT {datanodeUUID=7c1edd01-6b93-44c9-a455-1bd851e1af30, command=[]} | ret=SUCCESS |  
2019-09-12 11:56:50,750 | INFO  | SCMAudit | user=jenkins1000 | ip=192.168.157.195 | op=SEND_HEARTBEAT {datanodeUUID=17edbb89-a050-42dd-b919-a8669dd0769f, command=[]} | ret=SUCCESS |  
2019-09-12 11:56:50,753 | INFO  | SCMAudit | user=jenkins1000 | ip=192.168.157.195 | op=SEND_HEARTBEAT {datanodeUUID=af5fed38-0f11-4bc3-b5f8-f25d4cc0e41f, command=[]} | ret=SUCCESS |  
2019-09-12 11:56:50,776 | INFO  | SCMAudit | user=jenkins1000 | ip=192.168.157.195 | op=SEND_HEARTBEAT {datanodeUUID=f8fc3649-0cfb-44b5-b2db-665c617086f3, command=[]} | ret=SUCCESS |  
2019-09-12 11:56:51,034 | INFO  | SCMAudit | user=jenkins1000 | ip=192.168.157.195 | op=SEND_HEARTBEAT {datanodeUUID=17f5de45-d006-42d4-a442-b3531657861f, command=[]} | ret=SUCCESS |  
 0.00% |█                                                                                                    |  0/100 Time: 0:00:032019-09-12 11:56:51,221 | INFO  | SCMAudit | user=jenkins1000 | ip=192.168.157.195 | op=SEND_HEARTBEAT {datanodeUUID=7c1edd01-6b93-44c9-a455-1bd851e1af30, command=[]} | ret=SUCCESS |  
2019-09-12 11:56:51,751 | INFO  | SCMAudit | user=jenkins1000 | ip=192.168.157.195 | op=SEND_HEARTBEAT {datanodeUUID=17edbb89-a050-42dd-b919-a8669dd0769f, command=[]} | ret=SUCCESS |  
2019-09-12 11:56:51,753 | INFO  | SCMAudit | user=jenkins1000 | ip=192.168.157.195 | op=SEND_HEARTBEAT {datanodeUUID=af5fed38-0f11-4bc3-b5f8-f25d4cc0e41f, command=[]} | ret=SUCCESS |  
2019-09-12 11:56:51,776 | INFO  | SCMAudit | user=jenkins1000 | ip=192.168.157.195 | op=SEND_HEARTBEAT {datanodeUUID=f8fc3649-0cfb-44b5-b2db-665c617086f3, command=[]} | ret=SUCCESS |  
2019-09-12 11:56:52,036 | INFO  | SCMAudit | user=jenkins1000 | ip=192.168.157.195 | op=SEND_HEARTBEAT {datanodeUUID=17f5de45-d006-42d4-a442-b3531657861f, command=[]} | ret=SUCCESS |  
2019-09-12 11:56:52,150 [Thread-209] INFO  impl.FollowerState (FollowerState.java:run(106)) - f8fc3649-0cfb-44b5-b2db-665c617086f3:group-AA5AB12A9355 changes to CANDIDATE, lastRpcTime:5135, electionTimeout:5134ms
2019-09-12 11:56:52,150 [Thread-209] INFO  impl.RoleInfo (RoleInfo.java:shutdownFollowerState(121)) - f8fc3649-0cfb-44b5-b2db-665c617086f3: shutdown FollowerState
2019-09-12 11:56:52,150 [Thread-209] INFO  impl.RaftServerImpl (RaftServerImpl.java:setRole(171)) - f8fc3649-0cfb-44b5-b2db-665c617086f3:group-AA5AB12A9355 changes role from FOLLOWER to CANDIDATE at term 0 for changeToCandidate
 0.00% |█                                                                                                    |  0/100 Time: 0:00:042019-09-12 11:56:52,158 [Thread-209] INFO  impl.RoleInfo (RoleInfo.java:updateAndGet(143)) - f8fc3649-0cfb-44b5-b2db-665c617086f3: start LeaderElection
2019-09-12 11:56:52,176 [f8fc3649-0cfb-44b5-b2db-665c617086f3:group-AA5AB12A9355:LeaderElection1] INFO  impl.LeaderElection (LeaderElection.java:askForVotes(181)) - f8fc3649-0cfb-44b5-b2db-665c617086f3:group-AA5AB12A9355:LeaderElection1: begin an election at term 1 for -1: [f8fc3649-0cfb-44b5-b2db-665c617086f3:192.168.157.195:46385], old=null
2019-09-12 11:56:52,178 [f8fc3649-0cfb-44b5-b2db-665c617086f3:group-AA5AB12A9355:LeaderElection1] INFO  impl.RoleInfo (RoleInfo.java:shutdownLeaderElection(134)) - f8fc3649-0cfb-44b5-b2db-665c617086f3: shutdown LeaderElection
2019-09-12 11:56:52,179 [f8fc3649-0cfb-44b5-b2db-665c617086f3:group-AA5AB12A9355:LeaderElection1] INFO  impl.RaftServerImpl (RaftServerImpl.java:setRole(171)) - f8fc3649-0cfb-44b5-b2db-665c617086f3:group-AA5AB12A9355 changes role from CANDIDATE to LEADER at term 1 for changeToLeader
2019-09-12 11:56:52,179 [f8fc3649-0cfb-44b5-b2db-665c617086f3:group-AA5AB12A9355:LeaderElection1] INFO  impl.RaftServerImpl (ServerState.java:setLeader(263)) - f8fc3649-0cfb-44b5-b2db-665c617086f3:group-AA5AB12A9355 change Leader from null to f8fc3649-0cfb-44b5-b2db-665c617086f3 at term 1 for becomeLeader, leader elected after 5254ms
2019-09-12 11:56:52,189 [f8fc3649-0cfb-44b5-b2db-665c617086f3:group-AA5AB12A9355:LeaderElection1] INFO  server.RaftServerConfigKeys (ConfUtils.java:logGet(43)) - raft.server.staging.catchup.gap = 1000 (default)
2019-09-12 11:56:52,189 [f8fc3649-0cfb-44b5-b2db-665c617086f3:group-AA5AB12A9355:LeaderElection1] INFO  server.RaftServerConfigKeys (ConfUtils.java:logGet(43)) - raft.server.rpc.sleep.time = 25ms (default)
2019-09-12 11:56:52,192 [f8fc3649-0cfb-44b5-b2db-665c617086f3:group-AA5AB12A9355:LeaderElection1] INFO  server.RaftServerConfigKeys (ConfUtils.java:logGet(43)) - raft.server.write.element-limit = 4096 (default)
2019-09-12 11:56:52,194 [f8fc3649-0cfb-44b5-b2db-665c617086f3:group-AA5AB12A9355:LeaderElection1] INFO  server.RaftServerConfigKeys (ConfUtils.java:logGet(43)) - raft.server.watch.timeout = 10s (default)
2019-09-12 11:56:52,194 [f8fc3649-0cfb-44b5-b2db-665c617086f3:group-AA5AB12A9355:LeaderElection1] INFO  server.RaftServerConfigKeys (ConfUtils.java:logGet(43)) - raft.server.watch.timeout.denomination = 1s (default)
2019-09-12 11:56:52,195 [f8fc3649-0cfb-44b5-b2db-665c617086f3:group-AA5AB12A9355:LeaderElection1] INFO  server.RaftServerConfigKeys (ConfUtils.java:logGet(43)) - raft.server.watch.element-limit = 65536 (default)
2019-09-12 11:56:52,203 [f8fc3649-0cfb-44b5-b2db-665c617086f3:group-AA5AB12A9355:LeaderElection1] INFO  impl.RoleInfo (RoleInfo.java:updateAndGet(143)) - f8fc3649-0cfb-44b5-b2db-665c617086f3: start LeaderState
2019-09-12 11:56:52,222 | INFO  | SCMAudit | user=jenkins1000 | ip=192.168.157.195 | op=SEND_HEARTBEAT {datanodeUUID=7c1edd01-6b93-44c9-a455-1bd851e1af30, command=[]} | ret=SUCCESS |  
2019-09-12 11:56:52,222 [f8fc3649-0cfb-44b5-b2db-665c617086f3:group-AA5AB12A9355:LeaderElection1] INFO  segmented.SegmentedRaftLogWorker (SegmentedRaftLogWorker.java:startLogSegment(380)) - f8fc3649-0cfb-44b5-b2db-665c617086f3-SegmentedRaftLogWorker:Storage Directory /workdir/hadoop-ozone/tools/target/test-dir/MiniOzoneClusterImpl-659e2a06-c254-4d33-90f4-66e0a49906bb/datanode-0/data/ratis/66a28c45-45cf-478e-a595-aa5ab12a9355: Starting segment from index:0
2019-09-12 11:56:52,230 [f8fc3649-0cfb-44b5-b2db-665c617086f3:group-AA5AB12A9355:LeaderElection1] INFO  impl.RaftServerImpl (ServerState.java:setRaftConf(361)) - f8fc3649-0cfb-44b5-b2db-665c617086f3:group-AA5AB12A9355 set configuration 0: [f8fc3649-0cfb-44b5-b2db-665c617086f3:192.168.157.195:46385], old=null at 0
2019-09-12 11:56:52,245 [Thread-212] INFO  impl.FollowerState (FollowerState.java:run(106)) - 17edbb89-a050-42dd-b919-a8669dd0769f:group-909D7464CB7A changes to CANDIDATE, lastRpcTime:5040, electionTimeout:5038ms
2019-09-12 11:56:52,247 [Thread-212] INFO  impl.RoleInfo (RoleInfo.java:shutdownFollowerState(121)) - 17edbb89-a050-42dd-b919-a8669dd0769f: shutdown FollowerState
2019-09-12 11:56:52,247 [Thread-212] INFO  impl.RaftServerImpl (RaftServerImpl.java:setRole(171)) - 17edbb89-a050-42dd-b919-a8669dd0769f:group-909D7464CB7A changes role from FOLLOWER to CANDIDATE at term 0 for changeToCandidate
2019-09-12 11:56:52,247 [Thread-212] INFO  impl.RoleInfo (RoleInfo.java:updateAndGet(143)) - 17edbb89-a050-42dd-b919-a8669dd0769f: start LeaderElection
2019-09-12 11:56:52,288 [17edbb89-a050-42dd-b919-a8669dd0769f:group-909D7464CB7A:LeaderElection2] INFO  impl.LeaderElection (LeaderElection.java:askForVotes(181)) - 17edbb89-a050-42dd-b919-a8669dd0769f:group-909D7464CB7A:LeaderElection2: begin an election at term 1 for -1: [17edbb89-a050-42dd-b919-a8669dd0769f:192.168.157.195:37678], old=null
2019-09-12 11:56:52,290 [17edbb89-a050-42dd-b919-a8669dd0769f:group-909D7464CB7A:LeaderElection2] INFO  impl.RoleInfo (RoleInfo.java:shutdownLeaderElection(134)) - 17edbb89-a050-42dd-b919-a8669dd0769f: shutdown LeaderElection
2019-09-12 11:56:52,290 [17edbb89-a050-42dd-b919-a8669dd0769f:group-909D7464CB7A:LeaderElection2] INFO  impl.RaftServerImpl (RaftServerImpl.java:setRole(171)) - 17edbb89-a050-42dd-b919-a8669dd0769f:group-909D7464CB7A changes role from CANDIDATE to LEADER at term 1 for changeToLeader
2019-09-12 11:56:52,290 [17edbb89-a050-42dd-b919-a8669dd0769f:group-909D7464CB7A:LeaderElection2] INFO  impl.RaftServerImpl (ServerState.java:setLeader(263)) - 17edbb89-a050-42dd-b919-a8669dd0769f:group-909D7464CB7A change Leader from null to 17edbb89-a050-42dd-b919-a8669dd0769f at term 1 for becomeLeader, leader elected after 5092ms
2019-09-12 11:56:52,292 [17edbb89-a050-42dd-b919-a8669dd0769f:group-909D7464CB7A:LeaderElection2] INFO  server.RaftServerConfigKeys (ConfUtils.java:logGet(43)) - raft.server.staging.catchup.gap = 1000 (default)
2019-09-12 11:56:52,292 [17edbb89-a050-42dd-b919-a8669dd0769f:group-909D7464CB7A:LeaderElection2] INFO  server.RaftServerConfigKeys (ConfUtils.java:logGet(43)) - raft.server.rpc.sleep.time = 25ms (default)
2019-09-12 11:56:52,292 [17edbb89-a050-42dd-b919-a8669dd0769f:group-909D7464CB7A:LeaderElection2] INFO  server.RaftServerConfigKeys (ConfUtils.java:logGet(43)) - raft.server.write.element-limit = 4096 (default)
2019-09-12 11:56:52,292 [17edbb89-a050-42dd-b919-a8669dd0769f:group-909D7464CB7A:LeaderElection2] INFO  server.RaftServerConfigKeys (ConfUtils.java:logGet(43)) - raft.server.watch.timeout = 10s (default)
2019-09-12 11:56:52,292 [17edbb89-a050-42dd-b919-a8669dd0769f:group-909D7464CB7A:LeaderElection2] INFO  server.RaftServerConfigKeys (ConfUtils.java:logGet(43)) - raft.server.watch.timeout.denomination = 1s (default)
2019-09-12 11:56:52,293 [17edbb89-a050-42dd-b919-a8669dd0769f:group-909D7464CB7A:LeaderElection2] INFO  server.RaftServerConfigKeys (ConfUtils.java:logGet(43)) - raft.server.watch.element-limit = 65536 (default)
2019-09-12 11:56:52,293 [17edbb89-a050-42dd-b919-a8669dd0769f:group-909D7464CB7A:LeaderElection2] INFO  impl.RoleInfo (RoleInfo.java:updateAndGet(143)) - 17edbb89-a050-42dd-b919-a8669dd0769f: start LeaderState
2019-09-12 11:56:52,293 [17edbb89-a050-42dd-b919-a8669dd0769f:group-909D7464CB7A:LeaderElection2] INFO  segmented.SegmentedRaftLogWorker (SegmentedRaftLogWorker.java:startLogSegment(380)) - 17edbb89-a050-42dd-b919-a8669dd0769f-SegmentedRaftLogWorker:Storage Directory /workdir/hadoop-ozone/tools/target/test-dir/MiniOzoneClusterImpl-659e2a06-c254-4d33-90f4-66e0a49906bb/datanode-4/data/ratis/e9348d40-410e-4d0c-9159-909d7464cb7a: Starting segment from index:0
2019-09-12 11:56:52,294 [17edbb89-a050-42dd-b919-a8669dd0769f:group-909D7464CB7A:LeaderElection2] INFO  impl.RaftServerImpl (ServerState.java:setRaftConf(361)) - 17edbb89-a050-42dd-b919-a8669dd0769f:group-909D7464CB7A set configuration 0: [17edbb89-a050-42dd-b919-a8669dd0769f:192.168.157.195:37678], old=null at 0
2019-09-12 11:56:52,382 [Thread-215] INFO  impl.FollowerState (FollowerState.java:run(106)) - f8fc3649-0cfb-44b5-b2db-665c617086f3:group-720EEBA0A8D9 changes to CANDIDATE, lastRpcTime:5089, electionTimeout:5089ms
2019-09-12 11:56:52,382 [Thread-215] INFO  impl.RoleInfo (RoleInfo.java:shutdownFollowerState(121)) - f8fc3649-0cfb-44b5-b2db-665c617086f3: shutdown FollowerState
2019-09-12 11:56:52,382 [Thread-215] INFO  impl.RaftServerImpl (RaftServerImpl.java:setRole(171)) - f8fc3649-0cfb-44b5-b2db-665c617086f3:group-720EEBA0A8D9 changes role from FOLLOWER to CANDIDATE at term 0 for changeToCandidate
2019-09-12 11:56:52,383 [Thread-215] INFO  impl.RoleInfo (RoleInfo.java:updateAndGet(143)) - f8fc3649-0cfb-44b5-b2db-665c617086f3: start LeaderElection
2019-09-12 11:56:52,392 [f8fc3649-0cfb-44b5-b2db-665c617086f3:group-720EEBA0A8D9:LeaderElection3] INFO  impl.LeaderElection (LeaderElection.java:askForVotes(181)) - f8fc3649-0cfb-44b5-b2db-665c617086f3:group-720EEBA0A8D9:LeaderElection3: begin an election at term 1 for -1: [f8fc3649-0cfb-44b5-b2db-665c617086f3:192.168.157.195:46385], old=null
2019-09-12 11:56:52,392 [f8fc3649-0cfb-44b5-b2db-665c617086f3:group-720EEBA0A8D9:LeaderElection3] INFO  impl.RoleInfo (RoleInfo.java:shutdownLeaderElection(134)) - f8fc3649-0cfb-44b5-b2db-665c617086f3: shutdown LeaderElection
2019-09-12 11:56:52,393 [f8fc3649-0cfb-44b5-b2db-665c617086f3:group-720EEBA0A8D9:LeaderElection3] INFO  impl.RaftServerImpl (RaftServerImpl.java:setRole(171)) - f8fc3649-0cfb-44b5-b2db-665c617086f3:group-720EEBA0A8D9 changes role from CANDIDATE to LEADER at term 1 for changeToLeader
2019-09-12 11:56:52,393 [f8fc3649-0cfb-44b5-b2db-665c617086f3:group-720EEBA0A8D9:LeaderElection3] INFO  impl.RaftServerImpl (ServerState.java:setLeader(263)) - f8fc3649-0cfb-44b5-b2db-665c617086f3:group-720EEBA0A8D9 change Leader from null to f8fc3649-0cfb-44b5-b2db-665c617086f3 at term 1 for becomeLeader, leader elected after 5106ms
2019-09-12 11:56:52,393 [f8fc3649-0cfb-44b5-b2db-665c617086f3:group-720EEBA0A8D9:LeaderElection3] INFO  server.RaftServerConfigKeys (ConfUtils.java:logGet(43)) - raft.server.staging.catchup.gap = 1000 (default)
2019-09-12 11:56:52,393 [f8fc3649-0cfb-44b5-b2db-665c617086f3:group-720EEBA0A8D9:LeaderElection3] INFO  server.RaftServerConfigKeys (ConfUtils.java:logGet(43)) - raft.server.rpc.sleep.time = 25ms (default)
2019-09-12 11:56:52,394 [f8fc3649-0cfb-44b5-b2db-665c617086f3:group-720EEBA0A8D9:LeaderElection3] INFO  server.RaftServerConfigKeys (ConfUtils.java:logGet(43)) - raft.server.write.element-limit = 4096 (default)
2019-09-12 11:56:52,394 [f8fc3649-0cfb-44b5-b2db-665c617086f3:group-720EEBA0A8D9:LeaderElection3] INFO  server.RaftServerConfigKeys (ConfUtils.java:logGet(43)) - raft.server.watch.timeout = 10s (default)
2019-09-12 11:56:52,394 [f8fc3649-0cfb-44b5-b2db-665c617086f3:group-720EEBA0A8D9:LeaderElection3] INFO  server.RaftServerConfigKeys (ConfUtils.java:logGet(43)) - raft.server.watch.timeout.denomination = 1s (default)
2019-09-12 11:56:52,394 [f8fc3649-0cfb-44b5-b2db-665c617086f3:group-720EEBA0A8D9:LeaderElection3] INFO  server.RaftServerConfigKeys (ConfUtils.java:logGet(43)) - raft.server.watch.element-limit = 65536 (default)
2019-09-12 11:56:52,394 [f8fc3649-0cfb-44b5-b2db-665c617086f3:group-720EEBA0A8D9:LeaderElection3] INFO  impl.RoleInfo (RoleInfo.java:updateAndGet(143)) - f8fc3649-0cfb-44b5-b2db-665c617086f3: start LeaderState
2019-09-12 11:56:52,395 [f8fc3649-0cfb-44b5-b2db-665c617086f3:group-720EEBA0A8D9:LeaderElection3] INFO  segmented.SegmentedRaftLogWorker (SegmentedRaftLogWorker.java:startLogSegment(380)) - f8fc3649-0cfb-44b5-b2db-665c617086f3-SegmentedRaftLogWorker:Storage Directory /workdir/hadoop-ozone/tools/target/test-dir/MiniOzoneClusterImpl-659e2a06-c254-4d33-90f4-66e0a49906bb/datanode-0/data/ratis/29e28c4b-d14f-470f-8ea2-720eeba0a8d9: Starting segment from index:0
2019-09-12 11:56:52,395 [f8fc3649-0cfb-44b5-b2db-665c617086f3:group-720EEBA0A8D9:LeaderElection3] INFO  impl.RaftServerImpl (ServerState.java:setRaftConf(361)) - f8fc3649-0cfb-44b5-b2db-665c617086f3:group-720EEBA0A8D9 set configuration 0: [f8fc3649-0cfb-44b5-b2db-665c617086f3:192.168.157.195:46385], old=null at 0
2019-09-12 11:56:52,456 [Thread-221] INFO  impl.FollowerState (FollowerState.java:run(106)) - 17edbb89-a050-42dd-b919-a8669dd0769f:group-CF5BD1949F1E changes to CANDIDATE, lastRpcTime:5011, electionTimeout:5011ms
2019-09-12 11:56:52,457 [Thread-221] INFO  impl.RoleInfo (RoleInfo.java:shutdownFollowerState(121)) - 17edbb89-a050-42dd-b919-a8669dd0769f: shutdown FollowerState
2019-09-12 11:56:52,457 [Thread-221] INFO  impl.RaftServerImpl (RaftServerImpl.java:setRole(171)) - 17edbb89-a050-42dd-b919-a8669dd0769f:group-CF5BD1949F1E changes role from FOLLOWER to CANDIDATE at term 0 for changeToCandidate
2019-09-12 11:56:52,457 [Thread-221] INFO  impl.RoleInfo (RoleInfo.java:updateAndGet(143)) - 17edbb89-a050-42dd-b919-a8669dd0769f: start LeaderElection
2019-09-12 11:56:52,482 [Thread-218] INFO  impl.FollowerState (FollowerState.java:run(106)) - f8fc3649-0cfb-44b5-b2db-665c617086f3:group-2B254C430DA9 changes to CANDIDATE, lastRpcTime:5118, electionTimeout:5108ms
2019-09-12 11:56:52,485 [Thread-218] INFO  impl.RoleInfo (RoleInfo.java:shutdownFollowerState(121)) - f8fc3649-0cfb-44b5-b2db-665c617086f3: shutdown FollowerState
2019-09-12 11:56:52,485 [Thread-218] INFO  impl.RaftServerImpl (RaftServerImpl.java:setRole(171)) - f8fc3649-0cfb-44b5-b2db-665c617086f3:group-2B254C430DA9 changes role from FOLLOWER to CANDIDATE at term 0 for changeToCandidate
2019-09-12 11:56:52,485 [Thread-218] INFO  impl.RoleInfo (RoleInfo.java:updateAndGet(143)) - f8fc3649-0cfb-44b5-b2db-665c617086f3: start LeaderElection
2019-09-12 11:56:52,498 [f8fc3649-0cfb-44b5-b2db-665c617086f3-SegmentedRaftLogWorker:Storage Directory /workdir/hadoop-ozone/tools/target/test-dir/MiniOzoneClusterImpl-659e2a06-c254-4d33-90f4-66e0a49906bb/datanode-0/data/ratis/29e28c4b-d14f-470f-8ea2-720eeba0a8d9] INFO  segmented.SegmentedRaftLogWorker (SegmentedRaftLogWorker.java:execute(569)) - f8fc3649-0cfb-44b5-b2db-665c617086f3-SegmentedRaftLogWorker:Storage Directory /workdir/hadoop-ozone/tools/target/test-dir/MiniOzoneClusterImpl-659e2a06-c254-4d33-90f4-66e0a49906bb/datanode-0/data/ratis/29e28c4b-d14f-470f-8ea2-720eeba0a8d9: created new log segment /workdir/hadoop-ozone/tools/target/test-dir/MiniOzoneClusterImpl-659e2a06-c254-4d33-90f4-66e0a49906bb/datanode-0/data/ratis/29e28c4b-d14f-470f-8ea2-720eeba0a8d9/current/log_inprogress_0
2019-09-12 11:56:52,498 [17edbb89-a050-42dd-b919-a8669dd0769f:group-CF5BD1949F1E:LeaderElection4] INFO  impl.LeaderElection (LeaderElection.java:askForVotes(181)) - 17edbb89-a050-42dd-b919-a8669dd0769f:group-CF5BD1949F1E:LeaderElection4: begin an election at term 1 for -1: [17edbb89-a050-42dd-b919-a8669dd0769f:192.168.157.195:37678], old=null
2019-09-12 11:56:52,498 [f8fc3649-0cfb-44b5-b2db-665c617086f3:group-2B254C430DA9:LeaderElection5] INFO  impl.LeaderElection (LeaderElection.java:askForVotes(181)) - f8fc3649-0cfb-44b5-b2db-665c617086f3:group-2B254C430DA9:LeaderElection5: begin an election at term 1 for -1: [f8fc3649-0cfb-44b5-b2db-665c617086f3:192.168.157.195:46385], old=null
2019-09-12 11:56:52,498 [f8fc3649-0cfb-44b5-b2db-665c617086f3-SegmentedRaftLogWorker:Storage Directory /workdir/hadoop-ozone/tools/target/test-dir/MiniOzoneClusterImpl-659e2a06-c254-4d33-90f4-66e0a49906bb/datanode-0/data/ratis/66a28c45-45cf-478e-a595-aa5ab12a9355] INFO  segmented.SegmentedRaftLogWorker (SegmentedRaftLogWorker.java:execute(569)) - f8fc3649-0cfb-44b5-b2db-665c617086f3-SegmentedRaftLogWorker:Storage Directory /workdir/hadoop-ozone/tools/target/test-dir/MiniOzoneClusterImpl-659e2a06-c254-4d33-90f4-66e0a49906bb/datanode-0/data/ratis/66a28c45-45cf-478e-a595-aa5ab12a9355: created new log segment /workdir/hadoop-ozone/tools/target/test-dir/MiniOzoneClusterImpl-659e2a06-c254-4d33-90f4-66e0a49906bb/datanode-0/data/ratis/66a28c45-45cf-478e-a595-aa5ab12a9355/current/log_inprogress_0
2019-09-12 11:56:52,498 [17edbb89-a050-42dd-b919-a8669dd0769f-SegmentedRaftLogWorker:Storage Directory /workdir/hadoop-ozone/tools/target/test-dir/MiniOzoneClusterImpl-659e2a06-c254-4d33-90f4-66e0a49906bb/datanode-4/data/ratis/e9348d40-410e-4d0c-9159-909d7464cb7a] INFO  segmented.SegmentedRaftLogWorker (SegmentedRaftLogWorker.java:execute(569)) - 17edbb89-a050-42dd-b919-a8669dd0769f-SegmentedRaftLogWorker:Storage Directory /workdir/hadoop-ozone/tools/target/test-dir/MiniOzoneClusterImpl-659e2a06-c254-4d33-90f4-66e0a49906bb/datanode-4/data/ratis/e9348d40-410e-4d0c-9159-909d7464cb7a: created new log segment /workdir/hadoop-ozone/tools/target/test-dir/MiniOzoneClusterImpl-659e2a06-c254-4d33-90f4-66e0a49906bb/datanode-4/data/ratis/e9348d40-410e-4d0c-9159-909d7464cb7a/current/log_inprogress_0
2019-09-12 11:56:52,500 [f8fc3649-0cfb-44b5-b2db-665c617086f3:group-2B254C430DA9:LeaderElection5] INFO  impl.RoleInfo (RoleInfo.java:shutdownLeaderElection(134)) - f8fc3649-0cfb-44b5-b2db-665c617086f3: shutdown LeaderElection
2019-09-12 11:56:52,500 [17edbb89-a050-42dd-b919-a8669dd0769f:group-CF5BD1949F1E:LeaderElection4] INFO  impl.RoleInfo (RoleInfo.java:shutdownLeaderElection(134)) - 17edbb89-a050-42dd-b919-a8669dd0769f: shutdown LeaderElection
2019-09-12 11:56:52,502 [f8fc3649-0cfb-44b5-b2db-665c617086f3:group-2B254C430DA9:LeaderElection5] INFO  impl.RaftServerImpl (RaftServerImpl.java:setRole(171)) - f8fc3649-0cfb-44b5-b2db-665c617086f3:group-2B254C430DA9 changes role from CANDIDATE to LEADER at term 1 for changeToLeader
2019-09-12 11:56:52,504 [17edbb89-a050-42dd-b919-a8669dd0769f:group-CF5BD1949F1E:LeaderElection4] INFO  impl.RaftServerImpl (RaftServerImpl.java:setRole(171)) - 17edbb89-a050-42dd-b919-a8669dd0769f:group-CF5BD1949F1E changes role from CANDIDATE to LEADER at term 1 for changeToLeader
2019-09-12 11:56:52,504 [f8fc3649-0cfb-44b5-b2db-665c617086f3:group-2B254C430DA9:LeaderElection5] INFO  impl.RaftServerImpl (ServerState.java:setLeader(263)) - f8fc3649-0cfb-44b5-b2db-665c617086f3:group-2B254C430DA9 change Leader from null to f8fc3649-0cfb-44b5-b2db-665c617086f3 at term 1 for becomeLeader, leader elected after 5144ms
2019-09-12 11:56:52,504 [17edbb89-a050-42dd-b919-a8669dd0769f:group-CF5BD1949F1E:LeaderElection4] INFO  impl.RaftServerImpl (ServerState.java:setLeader(263)) - 17edbb89-a050-42dd-b919-a8669dd0769f:group-CF5BD1949F1E change Leader from null to 17edbb89-a050-42dd-b919-a8669dd0769f at term 1 for becomeLeader, leader elected after 5065ms
2019-09-12 11:56:52,504 [f8fc3649-0cfb-44b5-b2db-665c617086f3:group-2B254C430DA9:LeaderElection5] INFO  server.RaftServerConfigKeys (ConfUtils.java:logGet(43)) - raft.server.staging.catchup.gap = 1000 (default)
2019-09-12 11:56:52,504 [f8fc3649-0cfb-44b5-b2db-665c617086f3:group-2B254C430DA9:LeaderElection5] INFO  server.RaftServerConfigKeys (ConfUtils.java:logGet(43)) - raft.server.rpc.sleep.time = 25ms (default)
2019-09-12 11:56:52,504 [17edbb89-a050-42dd-b919-a8669dd0769f:group-CF5BD1949F1E:LeaderElection4] INFO  server.RaftServerConfigKeys (ConfUtils.java:logGet(43)) - raft.server.staging.catchup.gap = 1000 (default)
2019-09-12 11:56:52,505 [f8fc3649-0cfb-44b5-b2db-665c617086f3:group-2B254C430DA9:LeaderElection5] INFO  server.RaftServerConfigKeys (ConfUtils.java:logGet(43)) - raft.server.write.element-limit = 4096 (default)
2019-09-12 11:56:52,505 [17edbb89-a050-42dd-b919-a8669dd0769f:group-CF5BD1949F1E:LeaderElection4] INFO  server.RaftServerConfigKeys (ConfUtils.java:logGet(43)) - raft.server.rpc.sleep.time = 25ms (default)
2019-09-12 11:56:52,505 [f8fc3649-0cfb-44b5-b2db-665c617086f3:group-2B254C430DA9:LeaderElection5] INFO  server.RaftServerConfigKeys (ConfUtils.java:logGet(43)) - raft.server.watch.timeout = 10s (default)
2019-09-12 11:56:52,505 [17edbb89-a050-42dd-b919-a8669dd0769f:group-CF5BD1949F1E:LeaderElection4] INFO  server.RaftServerConfigKeys (ConfUtils.java:logGet(43)) - raft.server.write.element-limit = 4096 (default)
2019-09-12 11:56:52,505 [f8fc3649-0cfb-44b5-b2db-665c617086f3:group-2B254C430DA9:LeaderElection5] INFO  server.RaftServerConfigKeys (ConfUtils.java:logGet(43)) - raft.server.watch.timeout.denomination = 1s (default)
2019-09-12 11:56:52,505 [17edbb89-a050-42dd-b919-a8669dd0769f:group-CF5BD1949F1E:LeaderElection4] INFO  server.RaftServerConfigKeys (ConfUtils.java:logGet(43)) - raft.server.watch.timeout = 10s (default)
2019-09-12 11:56:52,505 [f8fc3649-0cfb-44b5-b2db-665c617086f3:group-2B254C430DA9:LeaderElection5] INFO  server.RaftServerConfigKeys (ConfUtils.java:logGet(43)) - raft.server.watch.element-limit = 65536 (default)
2019-09-12 11:56:52,506 [17edbb89-a050-42dd-b919-a8669dd0769f:group-CF5BD1949F1E:LeaderElection4] INFO  server.RaftServerConfigKeys (ConfUtils.java:logGet(43)) - raft.server.watch.timeout.denomination = 1s (default)
2019-09-12 11:56:52,506 [f8fc3649-0cfb-44b5-b2db-665c617086f3:group-2B254C430DA9:LeaderElection5] INFO  impl.RoleInfo (RoleInfo.java:updateAndGet(143)) - f8fc3649-0cfb-44b5-b2db-665c617086f3: start LeaderState
2019-09-12 11:56:52,506 [17edbb89-a050-42dd-b919-a8669dd0769f:group-CF5BD1949F1E:LeaderElection4] INFO  server.RaftServerConfigKeys (ConfUtils.java:logGet(43)) - raft.server.watch.element-limit = 65536 (default)
2019-09-12 11:56:52,506 [f8fc3649-0cfb-44b5-b2db-665c617086f3:group-2B254C430DA9:LeaderElection5] INFO  segmented.SegmentedRaftLogWorker (SegmentedRaftLogWorker.java:startLogSegment(380)) - f8fc3649-0cfb-44b5-b2db-665c617086f3-SegmentedRaftLogWorker:Storage Directory /workdir/hadoop-ozone/tools/target/test-dir/MiniOzoneClusterImpl-659e2a06-c254-4d33-90f4-66e0a49906bb/datanode-0/data/ratis/d33f3499-d794-4cc5-9df3-2b254c430da9: Starting segment from index:0
2019-09-12 11:56:52,506 [17edbb89-a050-42dd-b919-a8669dd0769f:group-CF5BD1949F1E:LeaderElection4] INFO  impl.RoleInfo (RoleInfo.java:updateAndGet(143)) - 17edbb89-a050-42dd-b919-a8669dd0769f: start LeaderState
2019-09-12 11:56:52,507 [17edbb89-a050-42dd-b919-a8669dd0769f:group-CF5BD1949F1E:LeaderElection4] INFO  segmented.SegmentedRaftLogWorker (SegmentedRaftLogWorker.java:startLogSegment(380)) - 17edbb89-a050-42dd-b919-a8669dd0769f-SegmentedRaftLogWorker:Storage Directory /workdir/hadoop-ozone/tools/target/test-dir/MiniOzoneClusterImpl-659e2a06-c254-4d33-90f4-66e0a49906bb/datanode-4/data/ratis/dd2df34a-eb9f-4b3a-93f4-cf5bd1949f1e: Starting segment from index:0
2019-09-12 11:56:52,507 [f8fc3649-0cfb-44b5-b2db-665c617086f3:group-2B254C430DA9:LeaderElection5] INFO  impl.RaftServerImpl (ServerState.java:setRaftConf(361)) - f8fc3649-0cfb-44b5-b2db-665c617086f3:group-2B254C430DA9 set configuration 0: [f8fc3649-0cfb-44b5-b2db-665c617086f3:192.168.157.195:46385], old=null at 0
2019-09-12 11:56:52,543 [17edbb89-a050-42dd-b919-a8669dd0769f:group-CF5BD1949F1E:LeaderElection4] INFO  impl.RaftServerImpl (ServerState.java:setRaftConf(361)) - 17edbb89-a050-42dd-b919-a8669dd0769f:group-CF5BD1949F1E set configuration 0: [17edbb89-a050-42dd-b919-a8669dd0769f:192.168.157.195:37678], old=null at 0
2019-09-12 11:56:52,567 [f8fc3649-0cfb-44b5-b2db-665c617086f3-SegmentedRaftLogWorker:Storage Directory /workdir/hadoop-ozone/tools/target/test-dir/MiniOzoneClusterImpl-659e2a06-c254-4d33-90f4-66e0a49906bb/datanode-0/data/ratis/d33f3499-d794-4cc5-9df3-2b254c430da9] INFO  segmented.SegmentedRaftLogWorker (SegmentedRaftLogWorker.java:execute(569)) - f8fc3649-0cfb-44b5-b2db-665c617086f3-SegmentedRaftLogWorker:Storage Directory /workdir/hadoop-ozone/tools/target/test-dir/MiniOzoneClusterImpl-659e2a06-c254-4d33-90f4-66e0a49906bb/datanode-0/data/ratis/d33f3499-d794-4cc5-9df3-2b254c430da9: created new log segment /workdir/hadoop-ozone/tools/target/test-dir/MiniOzoneClusterImpl-659e2a06-c254-4d33-90f4-66e0a49906bb/datanode-0/data/ratis/d33f3499-d794-4cc5-9df3-2b254c430da9/current/log_inprogress_0
2019-09-12 11:56:52,567 [17edbb89-a050-42dd-b919-a8669dd0769f-SegmentedRaftLogWorker:Storage Directory /workdir/hadoop-ozone/tools/target/test-dir/MiniOzoneClusterImpl-659e2a06-c254-4d33-90f4-66e0a49906bb/datanode-4/data/ratis/dd2df34a-eb9f-4b3a-93f4-cf5bd1949f1e] INFO  segmented.SegmentedRaftLogWorker (SegmentedRaftLogWorker.java:execute(569)) - 17edbb89-a050-42dd-b919-a8669dd0769f-SegmentedRaftLogWorker:Storage Directory /workdir/hadoop-ozone/tools/target/test-dir/MiniOzoneClusterImpl-659e2a06-c254-4d33-90f4-66e0a49906bb/datanode-4/data/ratis/dd2df34a-eb9f-4b3a-93f4-cf5bd1949f1e: created new log segment /workdir/hadoop-ozone/tools/target/test-dir/MiniOzoneClusterImpl-659e2a06-c254-4d33-90f4-66e0a49906bb/datanode-4/data/ratis/dd2df34a-eb9f-4b3a-93f4-cf5bd1949f1e/current/log_inprogress_0
2019-09-12 11:56:52,657 [Thread-224] INFO  impl.FollowerState (FollowerState.java:run(106)) - 7c1edd01-6b93-44c9-a455-1bd851e1af30:group-D13138203D04 changes to CANDIDATE, lastRpcTime:5136, electionTimeout:5136ms
2019-09-12 11:56:52,660 [Thread-224] INFO  impl.RoleInfo (RoleInfo.java:shutdownFollowerState(121)) - 7c1edd01-6b93-44c9-a455-1bd851e1af30: shutdown FollowerState
2019-09-12 11:56:52,660 [Thread-224] INFO  impl.RaftServerImpl (RaftServerImpl.java:setRole(171)) - 7c1edd01-6b93-44c9-a455-1bd851e1af30:group-D13138203D04 changes role from FOLLOWER to CANDIDATE at term 0 for changeToCandidate
2019-09-12 11:56:52,660 [Thread-224] INFO  impl.RoleInfo (RoleInfo.java:updateAndGet(143)) - 7c1edd01-6b93-44c9-a455-1bd851e1af30: start LeaderElection
2019-09-12 11:56:52,678 [7c1edd01-6b93-44c9-a455-1bd851e1af30:group-D13138203D04:LeaderElection6] INFO  impl.LeaderElection (LeaderElection.java:askForVotes(181)) - 7c1edd01-6b93-44c9-a455-1bd851e1af30:group-D13138203D04:LeaderElection6: begin an election at term 1 for -1: [7c1edd01-6b93-44c9-a455-1bd851e1af30:192.168.157.195:43783], old=null
2019-09-12 11:56:52,680 [7c1edd01-6b93-44c9-a455-1bd851e1af30:group-D13138203D04:LeaderElection6] INFO  impl.RoleInfo (RoleInfo.java:shutdownLeaderElection(134)) - 7c1edd01-6b93-44c9-a455-1bd851e1af30: shutdown LeaderElection
2019-09-12 11:56:52,680 [7c1edd01-6b93-44c9-a455-1bd851e1af30:group-D13138203D04:LeaderElection6] INFO  impl.RaftServerImpl (RaftServerImpl.java:setRole(171)) - 7c1edd01-6b93-44c9-a455-1bd851e1af30:group-D13138203D04 changes role from CANDIDATE to LEADER at term 1 for changeToLeader
2019-09-12 11:56:52,680 [7c1edd01-6b93-44c9-a455-1bd851e1af30:group-D13138203D04:LeaderElection6] INFO  impl.RaftServerImpl (ServerState.java:setLeader(263)) - 7c1edd01-6b93-44c9-a455-1bd851e1af30:group-D13138203D04 change Leader from null to 7c1edd01-6b93-44c9-a455-1bd851e1af30 at term 1 for becomeLeader, leader elected after 5165ms
2019-09-12 11:56:52,682 [7c1edd01-6b93-44c9-a455-1bd851e1af30:group-D13138203D04:LeaderElection6] INFO  server.RaftServerConfigKeys (ConfUtils.java:logGet(43)) - raft.server.staging.catchup.gap = 1000 (default)
2019-09-12 11:56:52,682 [7c1edd01-6b93-44c9-a455-1bd851e1af30:group-D13138203D04:LeaderElection6] INFO  server.RaftServerConfigKeys (ConfUtils.java:logGet(43)) - raft.server.rpc.sleep.time = 25ms (default)
2019-09-12 11:56:52,682 [7c1edd01-6b93-44c9-a455-1bd851e1af30:group-D13138203D04:LeaderElection6] INFO  server.RaftServerConfigKeys (ConfUtils.java:logGet(43)) - raft.server.write.element-limit = 4096 (default)
2019-09-12 11:56:52,683 [7c1edd01-6b93-44c9-a455-1bd851e1af30:group-D13138203D04:LeaderElection6] INFO  server.RaftServerConfigKeys (ConfUtils.java:logGet(43)) - raft.server.watch.timeout = 10s (default)
2019-09-12 11:56:52,683 [7c1edd01-6b93-44c9-a455-1bd851e1af30:group-D13138203D04:LeaderElection6] INFO  server.RaftServerConfigKeys (ConfUtils.java:logGet(43)) - raft.server.watch.timeout.denomination = 1s (default)
2019-09-12 11:56:52,683 [7c1edd01-6b93-44c9-a455-1bd851e1af30:group-D13138203D04:LeaderElection6] INFO  server.RaftServerConfigKeys (ConfUtils.java:logGet(43)) - raft.server.watch.element-limit = 65536 (default)
2019-09-12 11:56:52,683 [7c1edd01-6b93-44c9-a455-1bd851e1af30:group-D13138203D04:LeaderElection6] INFO  impl.RoleInfo (RoleInfo.java:updateAndGet(143)) - 7c1edd01-6b93-44c9-a455-1bd851e1af30: start LeaderState
2019-09-12 11:56:52,684 [7c1edd01-6b93-44c9-a455-1bd851e1af30:group-D13138203D04:LeaderElection6] INFO  segmented.SegmentedRaftLogWorker (SegmentedRaftLogWorker.java:startLogSegment(380)) - 7c1edd01-6b93-44c9-a455-1bd851e1af30-SegmentedRaftLogWorker:Storage Directory /workdir/hadoop-ozone/tools/target/test-dir/MiniOzoneClusterImpl-659e2a06-c254-4d33-90f4-66e0a49906bb/datanode-2/data/ratis/8626f53e-5cde-4ec2-96e0-d13138203d04: Starting segment from index:0
2019-09-12 11:56:52,684 [7c1edd01-6b93-44c9-a455-1bd851e1af30:group-D13138203D04:LeaderElection6] INFO  impl.RaftServerImpl (ServerState.java:setRaftConf(361)) - 7c1edd01-6b93-44c9-a455-1bd851e1af30:group-D13138203D04 set configuration 0: [7c1edd01-6b93-44c9-a455-1bd851e1af30:192.168.157.195:43783], old=null at 0
2019-09-12 11:56:52,727 [7c1edd01-6b93-44c9-a455-1bd851e1af30-SegmentedRaftLogWorker:Storage Directory /workdir/hadoop-ozone/tools/target/test-dir/MiniOzoneClusterImpl-659e2a06-c254-4d33-90f4-66e0a49906bb/datanode-2/data/ratis/8626f53e-5cde-4ec2-96e0-d13138203d04] INFO  segmented.SegmentedRaftLogWorker (SegmentedRaftLogWorker.java:execute(569)) - 7c1edd01-6b93-44c9-a455-1bd851e1af30-SegmentedRaftLogWorker:Storage Directory /workdir/hadoop-ozone/tools/target/test-dir/MiniOzoneClusterImpl-659e2a06-c254-4d33-90f4-66e0a49906bb/datanode-2/data/ratis/8626f53e-5cde-4ec2-96e0-d13138203d04: created new log segment /workdir/hadoop-ozone/tools/target/test-dir/MiniOzoneClusterImpl-659e2a06-c254-4d33-90f4-66e0a49906bb/datanode-2/data/ratis/8626f53e-5cde-4ec2-96e0-d13138203d04/current/log_inprogress_0
2019-09-12 11:56:52,750 | INFO  | SCMAudit | user=jenkins1000 | ip=192.168.157.195 | op=SEND_HEARTBEAT {datanodeUUID=17edbb89-a050-42dd-b919-a8669dd0769f, command=[]} | ret=SUCCESS |  
2019-09-12 11:56:52,753 | INFO  | SCMAudit | user=jenkins1000 | ip=192.168.157.195 | op=SEND_HEARTBEAT {datanodeUUID=af5fed38-0f11-4bc3-b5f8-f25d4cc0e41f, command=[]} | ret=SUCCESS |  
2019-09-12 11:56:52,776 | INFO  | SCMAudit | user=jenkins1000 | ip=192.168.157.195 | op=SEND_HEARTBEAT {datanodeUUID=f8fc3649-0cfb-44b5-b2db-665c617086f3, command=[]} | ret=SUCCESS |  
2019-09-12 11:56:52,790 [Thread-227] INFO  impl.FollowerState (FollowerState.java:run(106)) - 17edbb89-a050-42dd-b919-a8669dd0769f:group-A68E4386EEA3 changes to CANDIDATE, lastRpcTime:5198, electionTimeout:5198ms
2019-09-12 11:56:52,790 [Thread-227] INFO  impl.RoleInfo (RoleInfo.java:shutdownFollowerState(121)) - 17edbb89-a050-42dd-b919-a8669dd0769f: shutdown FollowerState
2019-09-12 11:56:52,791 [Thread-227] INFO  impl.RaftServerImpl (RaftServerImpl.java:setRole(171)) - 17edbb89-a050-42dd-b919-a8669dd0769f:group-A68E4386EEA3 changes role from FOLLOWER to CANDIDATE at term 0 for changeToCandidate
2019-09-12 11:56:52,791 [Thread-227] INFO  impl.RoleInfo (RoleInfo.java:updateAndGet(143)) - 17edbb89-a050-42dd-b919-a8669dd0769f: start LeaderElection
2019-09-12 11:56:52,802 [Thread-230] INFO  impl.FollowerState (FollowerState.java:run(106)) - 17f5de45-d006-42d4-a442-b3531657861f:group-DAC23DA465E1 changes to CANDIDATE, lastRpcTime:5140, electionTimeout:5140ms
2019-09-12 11:56:52,804 [Thread-230] INFO  impl.RoleInfo (RoleInfo.java:shutdownFollowerState(121)) - 17f5de45-d006-42d4-a442-b3531657861f: shutdown FollowerState
2019-09-12 11:56:52,804 [Thread-230] INFO  impl.RaftServerImpl (RaftServerImpl.java:setRole(171)) - 17f5de45-d006-42d4-a442-b3531657861f:group-DAC23DA465E1 changes role from FOLLOWER to CANDIDATE at term 0 for changeToCandidate
2019-09-12 11:56:52,804 [Thread-230] INFO  impl.RoleInfo (RoleInfo.java:updateAndGet(143)) - 17f5de45-d006-42d4-a442-b3531657861f: start LeaderElection
2019-09-12 11:56:52,811 [17f5de45-d006-42d4-a442-b3531657861f:group-DAC23DA465E1:LeaderElection8] INFO  impl.LeaderElection (LeaderElection.java:askForVotes(181)) - 17f5de45-d006-42d4-a442-b3531657861f:group-DAC23DA465E1:LeaderElection8: begin an election at term 1 for -1: [17f5de45-d006-42d4-a442-b3531657861f:192.168.157.195:40760], old=null
2019-09-12 11:56:52,811 [17edbb89-a050-42dd-b919-a8669dd0769f:group-A68E4386EEA3:LeaderElection7] INFO  impl.LeaderElection (LeaderElection.java:askForVotes(181)) - 17edbb89-a050-42dd-b919-a8669dd0769f:group-A68E4386EEA3:LeaderElection7: begin an election at term 1 for -1: [17edbb89-a050-42dd-b919-a8669dd0769f:192.168.157.195:37678], old=null
2019-09-12 11:56:52,812 [17f5de45-d006-42d4-a442-b3531657861f:group-DAC23DA465E1:LeaderElection8] INFO  impl.RoleInfo (RoleInfo.java:shutdownLeaderElection(134)) - 17f5de45-d006-42d4-a442-b3531657861f: shutdown LeaderElection
2019-09-12 11:56:52,812 [17edbb89-a050-42dd-b919-a8669dd0769f:group-A68E4386EEA3:LeaderElection7] INFO  impl.RoleInfo (RoleInfo.java:shutdownLeaderElection(134)) - 17edbb89-a050-42dd-b919-a8669dd0769f: shutdown LeaderElection
2019-09-12 11:56:52,812 [17f5de45-d006-42d4-a442-b3531657861f:group-DAC23DA465E1:LeaderElection8] INFO  impl.RaftServerImpl (RaftServerImpl.java:setRole(171)) - 17f5de45-d006-42d4-a442-b3531657861f:group-DAC23DA465E1 changes role from CANDIDATE to LEADER at term 1 for changeToLeader
2019-09-12 11:56:52,812 [17edbb89-a050-42dd-b919-a8669dd0769f:group-A68E4386EEA3:LeaderElection7] INFO  impl.RaftServerImpl (RaftServerImpl.java:setRole(171)) - 17edbb89-a050-42dd-b919-a8669dd0769f:group-A68E4386EEA3 changes role from CANDIDATE to LEADER at term 1 for changeToLeader
2019-09-12 11:56:52,812 [17f5de45-d006-42d4-a442-b3531657861f:group-DAC23DA465E1:LeaderElection8] INFO  impl.RaftServerImpl (ServerState.java:setLeader(263)) - 17f5de45-d006-42d4-a442-b3531657861f:group-DAC23DA465E1 change Leader from null to 17f5de45-d006-42d4-a442-b3531657861f at term 1 for becomeLeader, leader elected after 5157ms
2019-09-12 11:56:52,812 [17edbb89-a050-42dd-b919-a8669dd0769f:group-A68E4386EEA3:LeaderElection7] INFO  impl.RaftServerImpl (ServerState.java:setLeader(263)) - 17edbb89-a050-42dd-b919-a8669dd0769f:group-A68E4386EEA3 change Leader from null to 17edbb89-a050-42dd-b919-a8669dd0769f at term 1 for becomeLeader, leader elected after 5226ms
2019-09-12 11:56:52,814 [17f5de45-d006-42d4-a442-b3531657861f:group-DAC23DA465E1:LeaderElection8] INFO  server.RaftServerConfigKeys (ConfUtils.java:logGet(43)) - raft.server.staging.catchup.gap = 1000 (default)
2019-09-12 11:56:52,814 [17edbb89-a050-42dd-b919-a8669dd0769f:group-A68E4386EEA3:LeaderElection7] INFO  server.RaftServerConfigKeys (ConfUtils.java:logGet(43)) - raft.server.staging.catchup.gap = 1000 (default)
2019-09-12 11:56:52,815 [17f5de45-d006-42d4-a442-b3531657861f:group-DAC23DA465E1:LeaderElection8] INFO  server.RaftServerConfigKeys (ConfUtils.java:logGet(43)) - raft.server.rpc.sleep.time = 25ms (default)
2019-09-12 11:56:52,815 [17edbb89-a050-42dd-b919-a8669dd0769f:group-A68E4386EEA3:LeaderElection7] INFO  server.RaftServerConfigKeys (ConfUtils.java:logGet(43)) - raft.server.rpc.sleep.time = 25ms (default)
2019-09-12 11:56:52,815 [17f5de45-d006-42d4-a442-b3531657861f:group-DAC23DA465E1:LeaderElection8] INFO  server.RaftServerConfigKeys (ConfUtils.java:logGet(43)) - raft.server.write.element-limit = 4096 (default)
2019-09-12 11:56:52,815 [17edbb89-a050-42dd-b919-a8669dd0769f:group-A68E4386EEA3:LeaderElection7] INFO  server.RaftServerConfigKeys (ConfUtils.java:logGet(43)) - raft.server.write.element-limit = 4096 (default)
2019-09-12 11:56:52,815 [17f5de45-d006-42d4-a442-b3531657861f:group-DAC23DA465E1:LeaderElection8] INFO  server.RaftServerConfigKeys (ConfUtils.java:logGet(43)) - raft.server.watch.timeout = 10s (default)
2019-09-12 11:56:52,816 [17edbb89-a050-42dd-b919-a8669dd0769f:group-A68E4386EEA3:LeaderElection7] INFO  server.RaftServerConfigKeys (ConfUtils.java:logGet(43)) - raft.server.watch.timeout = 10s (default)
2019-09-12 11:56:52,816 [17f5de45-d006-42d4-a442-b3531657861f:group-DAC23DA465E1:LeaderElection8] INFO  server.RaftServerConfigKeys (ConfUtils.java:logGet(43)) - raft.server.watch.timeout.denomination = 1s (default)
2019-09-12 11:56:52,816 [17edbb89-a050-42dd-b919-a8669dd0769f:group-A68E4386EEA3:LeaderElection7] INFO  server.RaftServerConfigKeys (ConfUtils.java:logGet(43)) - raft.server.watch.timeout.denomination = 1s (default)
2019-09-12 11:56:52,816 [17f5de45-d006-42d4-a442-b3531657861f:group-DAC23DA465E1:LeaderElection8] INFO  server.RaftServerConfigKeys (ConfUtils.java:logGet(43)) - raft.server.watch.element-limit = 65536 (default)
2019-09-12 11:56:52,816 [17edbb89-a050-42dd-b919-a8669dd0769f:group-A68E4386EEA3:LeaderElection7] INFO  server.RaftServerConfigKeys (ConfUtils.java:logGet(43)) - raft.server.watch.element-limit = 65536 (default)
2019-09-12 11:56:52,817 [17f5de45-d006-42d4-a442-b3531657861f:group-DAC23DA465E1:LeaderElection8] INFO  impl.RoleInfo (RoleInfo.java:updateAndGet(143)) - 17f5de45-d006-42d4-a442-b3531657861f: start LeaderState
2019-09-12 11:56:52,817 [17edbb89-a050-42dd-b919-a8669dd0769f:group-A68E4386EEA3:LeaderElection7] INFO  impl.RoleInfo (RoleInfo.java:updateAndGet(143)) - 17edbb89-a050-42dd-b919-a8669dd0769f: start LeaderState
2019-09-12 11:56:52,817 [17f5de45-d006-42d4-a442-b3531657861f:group-DAC23DA465E1:LeaderElection8] INFO  segmented.SegmentedRaftLogWorker (SegmentedRaftLogWorker.java:startLogSegment(380)) - 17f5de45-d006-42d4-a442-b3531657861f-SegmentedRaftLogWorker:Storage Directory /workdir/hadoop-ozone/tools/target/test-dir/MiniOzoneClusterImpl-659e2a06-c254-4d33-90f4-66e0a49906bb/datanode-1/data/ratis/38676da2-b424-46a6-9bef-dac23da465e1: Starting segment from index:0
2019-09-12 11:56:52,817 [17edbb89-a050-42dd-b919-a8669dd0769f:group-A68E4386EEA3:LeaderElection7] INFO  segmented.SegmentedRaftLogWorker (SegmentedRaftLogWorker.java:startLogSegment(380)) - 17edbb89-a050-42dd-b919-a8669dd0769f-SegmentedRaftLogWorker:Storage Directory /workdir/hadoop-ozone/tools/target/test-dir/MiniOzoneClusterImpl-659e2a06-c254-4d33-90f4-66e0a49906bb/datanode-4/data/ratis/73399c3e-e5e3-4da6-b29a-a68e4386eea3: Starting segment from index:0
2019-09-12 11:56:52,818 [17f5de45-d006-42d4-a442-b3531657861f:group-DAC23DA465E1:LeaderElection8] INFO  impl.RaftServerImpl (ServerState.java:setRaftConf(361)) - 17f5de45-d006-42d4-a442-b3531657861f:group-DAC23DA465E1 set configuration 0: [17f5de45-d006-42d4-a442-b3531657861f:192.168.157.195:40760], old=null at 0
2019-09-12 11:56:52,855 [Thread-233] INFO  impl.FollowerState (FollowerState.java:run(106)) - 17f5de45-d006-42d4-a442-b3531657861f:group-3FD788E44EB3 changes to CANDIDATE, lastRpcTime:5118, electionTimeout:5097ms
2019-09-12 11:56:52,855 [17edbb89-a050-42dd-b919-a8669dd0769f:group-A68E4386EEA3:LeaderElection7] INFO  impl.RaftServerImpl (ServerState.java:setRaftConf(361)) - 17edbb89-a050-42dd-b919-a8669dd0769f:group-A68E4386EEA3 set configuration 0: [17edbb89-a050-42dd-b919-a8669dd0769f:192.168.157.195:37678], old=null at 0
2019-09-12 11:56:52,855 [Thread-233] INFO  impl.RoleInfo (RoleInfo.java:shutdownFollowerState(121)) - 17f5de45-d006-42d4-a442-b3531657861f: shutdown FollowerState
2019-09-12 11:56:52,855 [Thread-233] INFO  impl.RaftServerImpl (RaftServerImpl.java:setRole(171)) - 17f5de45-d006-42d4-a442-b3531657861f:group-3FD788E44EB3 changes role from FOLLOWER to CANDIDATE at term 0 for changeToCandidate
2019-09-12 11:56:52,856 [Thread-233] INFO  impl.RoleInfo (RoleInfo.java:updateAndGet(143)) - 17f5de45-d006-42d4-a442-b3531657861f: start LeaderElection
2019-09-12 11:56:52,867 [17edbb89-a050-42dd-b919-a8669dd0769f-SegmentedRaftLogWorker:Storage Directory /workdir/hadoop-ozone/tools/target/test-dir/MiniOzoneClusterImpl-659e2a06-c254-4d33-90f4-66e0a49906bb/datanode-4/data/ratis/73399c3e-e5e3-4da6-b29a-a68e4386eea3] INFO  segmented.SegmentedRaftLogWorker (SegmentedRaftLogWorker.java:execute(569)) - 17edbb89-a050-42dd-b919-a8669dd0769f-SegmentedRaftLogWorker:Storage Directory /workdir/hadoop-ozone/tools/target/test-dir/MiniOzoneClusterImpl-659e2a06-c254-4d33-90f4-66e0a49906bb/datanode-4/data/ratis/73399c3e-e5e3-4da6-b29a-a68e4386eea3: created new log segment /workdir/hadoop-ozone/tools/target/test-dir/MiniOzoneClusterImpl-659e2a06-c254-4d33-90f4-66e0a49906bb/datanode-4/data/ratis/73399c3e-e5e3-4da6-b29a-a68e4386eea3/current/log_inprogress_0
2019-09-12 11:56:52,868 [17f5de45-d006-42d4-a442-b3531657861f:group-3FD788E44EB3:LeaderElection9] INFO  impl.LeaderElection (LeaderElection.java:askForVotes(181)) - 17f5de45-d006-42d4-a442-b3531657861f:group-3FD788E44EB3:LeaderElection9: begin an election at term 1 for -1: [17f5de45-d006-42d4-a442-b3531657861f:192.168.157.195:40760], old=null
2019-09-12 11:56:52,867 [17f5de45-d006-42d4-a442-b3531657861f-SegmentedRaftLogWorker:Storage Directory /workdir/hadoop-ozone/tools/target/test-dir/MiniOzoneClusterImpl-659e2a06-c254-4d33-90f4-66e0a49906bb/datanode-1/data/ratis/38676da2-b424-46a6-9bef-dac23da465e1] INFO  segmented.SegmentedRaftLogWorker (SegmentedRaftLogWorker.java:execute(569)) - 17f5de45-d006-42d4-a442-b3531657861f-SegmentedRaftLogWorker:Storage Directory /workdir/hadoop-ozone/tools/target/test-dir/MiniOzoneClusterImpl-659e2a06-c254-4d33-90f4-66e0a49906bb/datanode-1/data/ratis/38676da2-b424-46a6-9bef-dac23da465e1: created new log segment /workdir/hadoop-ozone/tools/target/test-dir/MiniOzoneClusterImpl-659e2a06-c254-4d33-90f4-66e0a49906bb/datanode-1/data/ratis/38676da2-b424-46a6-9bef-dac23da465e1/current/log_inprogress_0
2019-09-12 11:56:52,869 [17f5de45-d006-42d4-a442-b3531657861f:group-3FD788E44EB3:LeaderElection9] INFO  impl.RoleInfo (RoleInfo.java:shutdownLeaderElection(134)) - 17f5de45-d006-42d4-a442-b3531657861f: shutdown LeaderElection
2019-09-12 11:56:52,869 [17f5de45-d006-42d4-a442-b3531657861f:group-3FD788E44EB3:LeaderElection9] INFO  impl.RaftServerImpl (RaftServerImpl.java:setRole(171)) - 17f5de45-d006-42d4-a442-b3531657861f:group-3FD788E44EB3 changes role from CANDIDATE to LEADER at term 1 for changeToLeader
2019-09-12 11:56:52,869 [17f5de45-d006-42d4-a442-b3531657861f:group-3FD788E44EB3:LeaderElection9] INFO  impl.RaftServerImpl (ServerState.java:setLeader(263)) - 17f5de45-d006-42d4-a442-b3531657861f:group-3FD788E44EB3 change Leader from null to 17f5de45-d006-42d4-a442-b3531657861f at term 1 for becomeLeader, leader elected after 5138ms
2019-09-12 11:56:52,870 [17f5de45-d006-42d4-a442-b3531657861f:group-3FD788E44EB3:LeaderElection9] INFO  server.RaftServerConfigKeys (ConfUtils.java:logGet(43)) - raft.server.staging.catchup.gap = 1000 (default)
2019-09-12 11:56:52,870 [17f5de45-d006-42d4-a442-b3531657861f:group-3FD788E44EB3:LeaderElection9] INFO  server.RaftServerConfigKeys (ConfUtils.java:logGet(43)) - raft.server.rpc.sleep.time = 25ms (default)
2019-09-12 11:56:52,870 [17f5de45-d006-42d4-a442-b3531657861f:group-3FD788E44EB3:LeaderElection9] INFO  server.RaftServerConfigKeys (ConfUtils.java:logGet(43)) - raft.server.write.element-limit = 4096 (default)
2019-09-12 11:56:52,870 [17f5de45-d006-42d4-a442-b3531657861f:group-3FD788E44EB3:LeaderElection9] INFO  server.RaftServerConfigKeys (ConfUtils.java:logGet(43)) - raft.server.watch.timeout = 10s (default)
2019-09-12 11:56:52,871 [17f5de45-d006-42d4-a442-b3531657861f:group-3FD788E44EB3:LeaderElection9] INFO  server.RaftServerConfigKeys (ConfUtils.java:logGet(43)) - raft.server.watch.timeout.denomination = 1s (default)
2019-09-12 11:56:52,871 [17f5de45-d006-42d4-a442-b3531657861f:group-3FD788E44EB3:LeaderElection9] INFO  server.RaftServerConfigKeys (ConfUtils.java:logGet(43)) - raft.server.watch.element-limit = 65536 (default)
2019-09-12 11:56:52,871 [17f5de45-d006-42d4-a442-b3531657861f:group-3FD788E44EB3:LeaderElection9] INFO  impl.RoleInfo (RoleInfo.java:updateAndGet(143)) - 17f5de45-d006-42d4-a442-b3531657861f: start LeaderState
2019-09-12 11:56:52,871 [17f5de45-d006-42d4-a442-b3531657861f:group-3FD788E44EB3:LeaderElection9] INFO  segmented.SegmentedRaftLogWorker (SegmentedRaftLogWorker.java:startLogSegment(380)) - 17f5de45-d006-42d4-a442-b3531657861f-SegmentedRaftLogWorker:Storage Directory /workdir/hadoop-ozone/tools/target/test-dir/MiniOzoneClusterImpl-659e2a06-c254-4d33-90f4-66e0a49906bb/datanode-1/data/ratis/84a69a40-e8c9-4052-8aa4-3fd788e44eb3: Starting segment from index:0
2019-09-12 11:56:52,872 [17f5de45-d006-42d4-a442-b3531657861f:group-3FD788E44EB3:LeaderElection9] INFO  impl.RaftServerImpl (ServerState.java:setRaftConf(361)) - 17f5de45-d006-42d4-a442-b3531657861f:group-3FD788E44EB3 set configuration 0: [17f5de45-d006-42d4-a442-b3531657861f:192.168.157.195:40760], old=null at 0
2019-09-12 11:56:52,918 [Thread-240] INFO  impl.FollowerState (FollowerState.java:run(106)) - 7c1edd01-6b93-44c9-a455-1bd851e1af30:group-1C70E6E08D12 changes to CANDIDATE, lastRpcTime:5042, electionTimeout:5042ms
2019-09-12 11:56:52,920 [Thread-240] INFO  impl.RoleInfo (RoleInfo.java:shutdownFollowerState(121)) - 7c1edd01-6b93-44c9-a455-1bd851e1af30: shutdown FollowerState
2019-09-12 11:56:52,920 [Thread-240] INFO  impl.RaftServerImpl (RaftServerImpl.java:setRole(171)) - 7c1edd01-6b93-44c9-a455-1bd851e1af30:group-1C70E6E08D12 changes role from FOLLOWER to CANDIDATE at term 0 for changeToCandidate
2019-09-12 11:56:52,920 [Thread-240] INFO  impl.RoleInfo (RoleInfo.java:updateAndGet(143)) - 7c1edd01-6b93-44c9-a455-1bd851e1af30: start LeaderElection
2019-09-12 11:56:52,924 [17f5de45-d006-42d4-a442-b3531657861f-SegmentedRaftLogWorker:Storage Directory /workdir/hadoop-ozone/tools/target/test-dir/MiniOzoneClusterImpl-659e2a06-c254-4d33-90f4-66e0a49906bb/datanode-1/data/ratis/84a69a40-e8c9-4052-8aa4-3fd788e44eb3] INFO  segmented.SegmentedRaftLogWorker (SegmentedRaftLogWorker.java:execute(569)) - 17f5de45-d006-42d4-a442-b3531657861f-SegmentedRaftLogWorker:Storage Directory /workdir/hadoop-ozone/tools/target/test-dir/MiniOzoneClusterImpl-659e2a06-c254-4d33-90f4-66e0a49906bb/datanode-1/data/ratis/84a69a40-e8c9-4052-8aa4-3fd788e44eb3: created new log segment /workdir/hadoop-ozone/tools/target/test-dir/MiniOzoneClusterImpl-659e2a06-c254-4d33-90f4-66e0a49906bb/datanode-1/data/ratis/84a69a40-e8c9-4052-8aa4-3fd788e44eb3/current/log_inprogress_0
2019-09-12 11:56:52,938 [7c1edd01-6b93-44c9-a455-1bd851e1af30:group-1C70E6E08D12:LeaderElection10] INFO  impl.LeaderElection (LeaderElection.java:askForVotes(181)) - 7c1edd01-6b93-44c9-a455-1bd851e1af30:group-1C70E6E08D12:LeaderElection10: begin an election at term 1 for -1: [7c1edd01-6b93-44c9-a455-1bd851e1af30:192.168.157.195:43783], old=null
2019-09-12 11:56:52,938 [7c1edd01-6b93-44c9-a455-1bd851e1af30:group-1C70E6E08D12:LeaderElection10] INFO  impl.RoleInfo (RoleInfo.java:shutdownLeaderElection(134)) - 7c1edd01-6b93-44c9-a455-1bd851e1af30: shutdown LeaderElection
2019-09-12 11:56:52,938 [7c1edd01-6b93-44c9-a455-1bd851e1af30:group-1C70E6E08D12:LeaderElection10] INFO  impl.RaftServerImpl (RaftServerImpl.java:setRole(171)) - 7c1edd01-6b93-44c9-a455-1bd851e1af30:group-1C70E6E08D12 changes role from CANDIDATE to LEADER at term 1 for changeToLeader
2019-09-12 11:56:52,939 [7c1edd01-6b93-44c9-a455-1bd851e1af30:group-1C70E6E08D12:LeaderElection10] INFO  impl.RaftServerImpl (ServerState.java:setLeader(263)) - 7c1edd01-6b93-44c9-a455-1bd851e1af30:group-1C70E6E08D12 change Leader from null to 7c1edd01-6b93-44c9-a455-1bd851e1af30 at term 1 for becomeLeader, leader elected after 5067ms
2019-09-12 11:56:52,939 [7c1edd01-6b93-44c9-a455-1bd851e1af30:group-1C70E6E08D12:LeaderElection10] INFO  server.RaftServerConfigKeys (ConfUtils.java:logGet(43)) - raft.server.staging.catchup.gap = 1000 (default)
2019-09-12 11:56:52,939 [7c1edd01-6b93-44c9-a455-1bd851e1af30:group-1C70E6E08D12:LeaderElection10] INFO  server.RaftServerConfigKeys (ConfUtils.java:logGet(43)) - raft.server.rpc.sleep.time = 25ms (default)
2019-09-12 11:56:52,939 [7c1edd01-6b93-44c9-a455-1bd851e1af30:group-1C70E6E08D12:LeaderElection10] INFO  server.RaftServerConfigKeys (ConfUtils.java:logGet(43)) - raft.server.write.element-limit = 4096 (default)
2019-09-12 11:56:52,940 [7c1edd01-6b93-44c9-a455-1bd851e1af30:group-1C70E6E08D12:LeaderElection10] INFO  server.RaftServerConfigKeys (ConfUtils.java:logGet(43)) - raft.server.watch.timeout = 10s (default)
2019-09-12 11:56:52,940 [7c1edd01-6b93-44c9-a455-1bd851e1af30:group-1C70E6E08D12:LeaderElection10] INFO  server.RaftServerConfigKeys (ConfUtils.java:logGet(43)) - raft.server.watch.timeout.denomination = 1s (default)
2019-09-12 11:56:52,940 [7c1edd01-6b93-44c9-a455-1bd851e1af30:group-1C70E6E08D12:LeaderElection10] INFO  server.RaftServerConfigKeys (ConfUtils.java:logGet(43)) - raft.server.watch.element-limit = 65536 (default)
2019-09-12 11:56:52,940 [7c1edd01-6b93-44c9-a455-1bd851e1af30:group-1C70E6E08D12:LeaderElection10] INFO  impl.RoleInfo (RoleInfo.java:updateAndGet(143)) - 7c1edd01-6b93-44c9-a455-1bd851e1af30: start LeaderState
2019-09-12 11:56:52,941 [7c1edd01-6b93-44c9-a455-1bd851e1af30:group-1C70E6E08D12:LeaderElection10] INFO  segmented.SegmentedRaftLogWorker (SegmentedRaftLogWorker.java:startLogSegment(380)) - 7c1edd01-6b93-44c9-a455-1bd851e1af30-SegmentedRaftLogWorker:Storage Directory /workdir/hadoop-ozone/tools/target/test-dir/MiniOzoneClusterImpl-659e2a06-c254-4d33-90f4-66e0a49906bb/datanode-2/data/ratis/aafd0bf4-434f-49de-963e-1c70e6e08d12: Starting segment from index:0
2019-09-12 11:56:52,942 [7c1edd01-6b93-44c9-a455-1bd851e1af30:group-1C70E6E08D12:LeaderElection10] INFO  impl.RaftServerImpl (ServerState.java:setRaftConf(361)) - 7c1edd01-6b93-44c9-a455-1bd851e1af30:group-1C70E6E08D12 set configuration 0: [7c1edd01-6b93-44c9-a455-1bd851e1af30:192.168.157.195:43783], old=null at 0
2019-09-12 11:56:52,970 [Thread-236] INFO  impl.FollowerState (FollowerState.java:run(106)) - 17edbb89-a050-42dd-b919-a8669dd0769f:group-AF7868FF3BE3 changes to CANDIDATE, lastRpcTime:5169, electionTimeout:5159ms
2019-09-12 11:56:52,978 [Thread-236] INFO  impl.RoleInfo (RoleInfo.java:shutdownFollowerState(121)) - 17edbb89-a050-42dd-b919-a8669dd0769f: shutdown FollowerState
2019-09-12 11:56:52,978 [Thread-236] INFO  impl.RaftServerImpl (RaftServerImpl.java:setRole(171)) - 17edbb89-a050-42dd-b919-a8669dd0769f:group-AF7868FF3BE3 changes role from FOLLOWER to CANDIDATE at term 0 for changeToCandidate
2019-09-12 11:56:52,978 [Thread-236] INFO  impl.RoleInfo (RoleInfo.java:updateAndGet(143)) - 17edbb89-a050-42dd-b919-a8669dd0769f: start LeaderElection
2019-09-12 11:56:52,982 [7c1edd01-6b93-44c9-a455-1bd851e1af30-SegmentedRaftLogWorker:Storage Directory /workdir/hadoop-ozone/tools/target/test-dir/MiniOzoneClusterImpl-659e2a06-c254-4d33-90f4-66e0a49906bb/datanode-2/data/ratis/aafd0bf4-434f-49de-963e-1c70e6e08d12] INFO  segmented.SegmentedRaftLogWorker (SegmentedRaftLogWorker.java:execute(569)) - 7c1edd01-6b93-44c9-a455-1bd851e1af30-SegmentedRaftLogWorker:Storage Directory /workdir/hadoop-ozone/tools/target/test-dir/MiniOzoneClusterImpl-659e2a06-c254-4d33-90f4-66e0a49906bb/datanode-2/data/ratis/aafd0bf4-434f-49de-963e-1c70e6e08d12: created new log segment /workdir/hadoop-ozone/tools/target/test-dir/MiniOzoneClusterImpl-659e2a06-c254-4d33-90f4-66e0a49906bb/datanode-2/data/ratis/aafd0bf4-434f-49de-963e-1c70e6e08d12/current/log_inprogress_0
2019-09-12 11:56:52,995 [17edbb89-a050-42dd-b919-a8669dd0769f:group-AF7868FF3BE3:LeaderElection11] INFO  impl.LeaderElection (LeaderElection.java:askForVotes(181)) - 17edbb89-a050-42dd-b919-a8669dd0769f:group-AF7868FF3BE3:LeaderElection11: begin an election at term 1 for -1: [17edbb89-a050-42dd-b919-a8669dd0769f:192.168.157.195:37678], old=null
2019-09-12 11:56:52,995 [17edbb89-a050-42dd-b919-a8669dd0769f:group-AF7868FF3BE3:LeaderElection11] INFO  impl.RoleInfo (RoleInfo.java:shutdownLeaderElection(134)) - 17edbb89-a050-42dd-b919-a8669dd0769f: shutdown LeaderElection
2019-09-12 11:56:52,996 [17edbb89-a050-42dd-b919-a8669dd0769f:group-AF7868FF3BE3:LeaderElection11] INFO  impl.RaftServerImpl (RaftServerImpl.java:setRole(171)) - 17edbb89-a050-42dd-b919-a8669dd0769f:group-AF7868FF3BE3 changes role from CANDIDATE to LEADER at term 1 for changeToLeader
2019-09-12 11:56:52,996 [17edbb89-a050-42dd-b919-a8669dd0769f:group-AF7868FF3BE3:LeaderElection11] INFO  impl.RaftServerImpl (ServerState.java:setLeader(263)) - 17edbb89-a050-42dd-b919-a8669dd0769f:group-AF7868FF3BE3 change Leader from null to 17edbb89-a050-42dd-b919-a8669dd0769f at term 1 for becomeLeader, leader elected after 5200ms
2019-09-12 11:56:52,996 [17edbb89-a050-42dd-b919-a8669dd0769f:group-AF7868FF3BE3:LeaderElection11] INFO  server.RaftServerConfigKeys (ConfUtils.java:logGet(43)) - raft.server.staging.catchup.gap = 1000 (default)
2019-09-12 11:56:52,996 [17edbb89-a050-42dd-b919-a8669dd0769f:group-AF7868FF3BE3:LeaderElection11] INFO  server.RaftServerConfigKeys (ConfUtils.java:logGet(43)) - raft.server.rpc.sleep.time = 25ms (default)
2019-09-12 11:56:52,996 [17edbb89-a050-42dd-b919-a8669dd0769f:group-AF7868FF3BE3:LeaderElection11] INFO  server.RaftServerConfigKeys (ConfUtils.java:logGet(43)) - raft.server.write.element-limit = 4096 (default)
2019-09-12 11:56:52,996 [17edbb89-a050-42dd-b919-a8669dd0769f:group-AF7868FF3BE3:LeaderElection11] INFO  server.RaftServerConfigKeys (ConfUtils.java:logGet(43)) - raft.server.watch.timeout = 10s (default)
2019-09-12 11:56:52,996 [17edbb89-a050-42dd-b919-a8669dd0769f:group-AF7868FF3BE3:LeaderElection11] INFO  server.RaftServerConfigKeys (ConfUtils.java:logGet(43)) - raft.server.watch.timeout.denomination = 1s (default)
2019-09-12 11:56:52,996 [17edbb89-a050-42dd-b919-a8669dd0769f:group-AF7868FF3BE3:LeaderElection11] INFO  server.RaftServerConfigKeys (ConfUtils.java:logGet(43)) - raft.server.watch.element-limit = 65536 (default)
2019-09-12 11:56:52,997 [17edbb89-a050-42dd-b919-a8669dd0769f:group-AF7868FF3BE3:LeaderElection11] INFO  impl.RoleInfo (RoleInfo.java:updateAndGet(143)) - 17edbb89-a050-42dd-b919-a8669dd0769f: start LeaderState
2019-09-12 11:56:52,997 [17edbb89-a050-42dd-b919-a8669dd0769f:group-AF7868FF3BE3:LeaderElection11] INFO  segmented.SegmentedRaftLogWorker (SegmentedRaftLogWorker.java:startLogSegment(380)) - 17edbb89-a050-42dd-b919-a8669dd0769f-SegmentedRaftLogWorker:Storage Directory /workdir/hadoop-ozone/tools/target/test-dir/MiniOzoneClusterImpl-659e2a06-c254-4d33-90f4-66e0a49906bb/datanode-4/data/ratis/6c0a6132-19f0-4379-9146-af7868ff3be3: Starting segment from index:0
2019-09-12 11:56:52,997 [17edbb89-a050-42dd-b919-a8669dd0769f:group-AF7868FF3BE3:LeaderElection11] INFO  impl.RaftServerImpl (ServerState.java:setRaftConf(361)) - 17edbb89-a050-42dd-b919-a8669dd0769f:group-AF7868FF3BE3 set configuration 0: [17edbb89-a050-42dd-b919-a8669dd0769f:192.168.157.195:37678], old=null at 0
2019-09-12 11:56:53,032 [Thread-243] INFO  impl.FollowerState (FollowerState.java:run(106)) - f8fc3649-0cfb-44b5-b2db-665c617086f3:group-62EEF95E53C6 changes to CANDIDATE, lastRpcTime:5088, electionTimeout:5082ms
2019-09-12 11:56:53,032 [Thread-243] INFO  impl.RoleInfo (RoleInfo.java:shutdownFollowerState(121)) - f8fc3649-0cfb-44b5-b2db-665c617086f3: shutdown FollowerState
2019-09-12 11:56:53,032 [Thread-243] INFO  impl.RaftServerImpl (RaftServerImpl.java:setRole(171)) - f8fc3649-0cfb-44b5-b2db-665c617086f3:group-62EEF95E53C6 changes role from FOLLOWER to CANDIDATE at term 0 for changeToCandidate
2019-09-12 11:56:53,032 [Thread-243] INFO  impl.RoleInfo (RoleInfo.java:updateAndGet(143)) - f8fc3649-0cfb-44b5-b2db-665c617086f3: start LeaderElection
2019-09-12 11:56:53,039 | INFO  | SCMAudit | user=jenkins1000 | ip=192.168.157.195 | op=SEND_HEARTBEAT {datanodeUUID=17f5de45-d006-42d4-a442-b3531657861f, command=[]} | ret=SUCCESS |  
2019-09-12 11:56:53,045 [17edbb89-a050-42dd-b919-a8669dd0769f-SegmentedRaftLogWorker:Storage Directory /workdir/hadoop-ozone/tools/target/test-dir/MiniOzoneClusterImpl-659e2a06-c254-4d33-90f4-66e0a49906bb/datanode-4/data/ratis/6c0a6132-19f0-4379-9146-af7868ff3be3] INFO  segmented.SegmentedRaftLogWorker (SegmentedRaftLogWorker.java:execute(569)) - 17edbb89-a050-42dd-b919-a8669dd0769f-SegmentedRaftLogWorker:Storage Directory /workdir/hadoop-ozone/tools/target/test-dir/MiniOzoneClusterImpl-659e2a06-c254-4d33-90f4-66e0a49906bb/datanode-4/data/ratis/6c0a6132-19f0-4379-9146-af7868ff3be3: created new log segment /workdir/hadoop-ozone/tools/target/test-dir/MiniOzoneClusterImpl-659e2a06-c254-4d33-90f4-66e0a49906bb/datanode-4/data/ratis/6c0a6132-19f0-4379-9146-af7868ff3be3/current/log_inprogress_0
2019-09-12 11:56:53,045 [f8fc3649-0cfb-44b5-b2db-665c617086f3:group-62EEF95E53C6:LeaderElection12] INFO  impl.LeaderElection (LeaderElection.java:askForVotes(181)) - f8fc3649-0cfb-44b5-b2db-665c617086f3:group-62EEF95E53C6:LeaderElection12: begin an election at term 1 for -1: [f8fc3649-0cfb-44b5-b2db-665c617086f3:192.168.157.195:46385], old=null
2019-09-12 11:56:53,045 [f8fc3649-0cfb-44b5-b2db-665c617086f3:group-62EEF95E53C6:LeaderElection12] INFO  impl.RoleInfo (RoleInfo.java:shutdownLeaderElection(134)) - f8fc3649-0cfb-44b5-b2db-665c617086f3: shutdown LeaderElection
2019-09-12 11:56:53,045 [f8fc3649-0cfb-44b5-b2db-665c617086f3:group-62EEF95E53C6:LeaderElection12] INFO  impl.RaftServerImpl (RaftServerImpl.java:setRole(171)) - f8fc3649-0cfb-44b5-b2db-665c617086f3:group-62EEF95E53C6 changes role from CANDIDATE to LEADER at term 1 for changeToLeader
2019-09-12 11:56:53,045 [f8fc3649-0cfb-44b5-b2db-665c617086f3:group-62EEF95E53C6:LeaderElection12] INFO  impl.RaftServerImpl (ServerState.java:setLeader(263)) - f8fc3649-0cfb-44b5-b2db-665c617086f3:group-62EEF95E53C6 change Leader from null to f8fc3649-0cfb-44b5-b2db-665c617086f3 at term 1 for becomeLeader, leader elected after 5107ms
2019-09-12 11:56:53,046 [f8fc3649-0cfb-44b5-b2db-665c617086f3:group-62EEF95E53C6:LeaderElection12] INFO  server.RaftServerConfigKeys (ConfUtils.java:logGet(43)) - raft.server.staging.catchup.gap = 1000 (default)
2019-09-12 11:56:53,046 [f8fc3649-0cfb-44b5-b2db-665c617086f3:group-62EEF95E53C6:LeaderElection12] INFO  server.RaftServerConfigKeys (ConfUtils.java:logGet(43)) - raft.server.rpc.sleep.time = 25ms (default)
2019-09-12 11:56:53,046 [f8fc3649-0cfb-44b5-b2db-665c617086f3:group-62EEF95E53C6:LeaderElection12] INFO  server.RaftServerConfigKeys (ConfUtils.java:logGet(43)) - raft.server.write.element-limit = 4096 (default)
2019-09-12 11:56:53,046 [f8fc3649-0cfb-44b5-b2db-665c617086f3:group-62EEF95E53C6:LeaderElection12] INFO  server.RaftServerConfigKeys (ConfUtils.java:logGet(43)) - raft.server.watch.timeout = 10s (default)
2019-09-12 11:56:53,046 [f8fc3649-0cfb-44b5-b2db-665c617086f3:group-62EEF95E53C6:LeaderElection12] INFO  server.RaftServerConfigKeys (ConfUtils.java:logGet(43)) - raft.server.watch.timeout.denomination = 1s (default)
2019-09-12 11:56:53,047 [f8fc3649-0cfb-44b5-b2db-665c617086f3:group-62EEF95E53C6:LeaderElection12] INFO  server.RaftServerConfigKeys (ConfUtils.java:logGet(43)) - raft.server.watch.element-limit = 65536 (default)
2019-09-12 11:56:53,047 [f8fc3649-0cfb-44b5-b2db-665c617086f3:group-62EEF95E53C6:LeaderElection12] INFO  impl.RoleInfo (RoleInfo.java:updateAndGet(143)) - f8fc3649-0cfb-44b5-b2db-665c617086f3: start LeaderState
2019-09-12 11:56:53,047 [f8fc3649-0cfb-44b5-b2db-665c617086f3:group-62EEF95E53C6:LeaderElection12] INFO  segmented.SegmentedRaftLogWorker (SegmentedRaftLogWorker.java:startLogSegment(380)) - f8fc3649-0cfb-44b5-b2db-665c617086f3-SegmentedRaftLogWorker:Storage Directory /workdir/hadoop-ozone/tools/target/test-dir/MiniOzoneClusterImpl-659e2a06-c254-4d33-90f4-66e0a49906bb/datanode-0/data/ratis/8d9c9b61-533e-4c3b-ac66-62eef95e53c6: Starting segment from index:0
2019-09-12 11:56:53,048 [f8fc3649-0cfb-44b5-b2db-665c617086f3:group-62EEF95E53C6:LeaderElection12] INFO  impl.RaftServerImpl (ServerState.java:setRaftConf(361)) - f8fc3649-0cfb-44b5-b2db-665c617086f3:group-62EEF95E53C6 set configuration 0: [f8fc3649-0cfb-44b5-b2db-665c617086f3:192.168.157.195:46385], old=null at 0
2019-09-12 11:56:53,089 [Thread-246] INFO  impl.FollowerState (FollowerState.java:run(106)) - 17edbb89-a050-42dd-b919-a8669dd0769f:group-D0C0FF1C808E changes to CANDIDATE, lastRpcTime:5087, electionTimeout:5063ms
2019-09-12 11:56:53,101 [Thread-246] INFO  impl.RoleInfo (RoleInfo.java:shutdownFollowerState(121)) - 17edbb89-a050-42dd-b919-a8669dd0769f: shutdown FollowerState
2019-09-12 11:56:53,105 [Thread-246] INFO  impl.RaftServerImpl (RaftServerImpl.java:setRole(171)) - 17edbb89-a050-42dd-b919-a8669dd0769f:group-D0C0FF1C808E changes role from FOLLOWER to CANDIDATE at term 0 for changeToCandidate
2019-09-12 11:56:53,106 [Thread-246] INFO  impl.RoleInfo (RoleInfo.java:updateAndGet(143)) - 17edbb89-a050-42dd-b919-a8669dd0769f: start LeaderElection
2019-09-12 11:56:53,113 [f8fc3649-0cfb-44b5-b2db-665c617086f3-SegmentedRaftLogWorker:Storage Directory /workdir/hadoop-ozone/tools/target/test-dir/MiniOzoneClusterImpl-659e2a06-c254-4d33-90f4-66e0a49906bb/datanode-0/data/ratis/8d9c9b61-533e-4c3b-ac66-62eef95e53c6] INFO  segmented.SegmentedRaftLogWorker (SegmentedRaftLogWorker.java:execute(569)) - f8fc3649-0cfb-44b5-b2db-665c617086f3-SegmentedRaftLogWorker:Storage Directory /workdir/hadoop-ozone/tools/target/test-dir/MiniOzoneClusterImpl-659e2a06-c254-4d33-90f4-66e0a49906bb/datanode-0/data/ratis/8d9c9b61-533e-4c3b-ac66-62eef95e53c6: created new log segment /workdir/hadoop-ozone/tools/target/test-dir/MiniOzoneClusterImpl-659e2a06-c254-4d33-90f4-66e0a49906bb/datanode-0/data/ratis/8d9c9b61-533e-4c3b-ac66-62eef95e53c6/current/log_inprogress_0
2019-09-12 11:56:53,115 [17edbb89-a050-42dd-b919-a8669dd0769f:group-D0C0FF1C808E:LeaderElection13] INFO  impl.LeaderElection (LeaderElection.java:askForVotes(181)) - 17edbb89-a050-42dd-b919-a8669dd0769f:group-D0C0FF1C808E:LeaderElection13: begin an election at term 1 for -1: [17edbb89-a050-42dd-b919-a8669dd0769f:192.168.157.195:37678], old=null
2019-09-12 11:56:53,115 [17edbb89-a050-42dd-b919-a8669dd0769f:group-D0C0FF1C808E:LeaderElection13] INFO  impl.RoleInfo (RoleInfo.java:shutdownLeaderElection(134)) - 17edbb89-a050-42dd-b919-a8669dd0769f: shutdown LeaderElection
2019-09-12 11:56:53,115 [17edbb89-a050-42dd-b919-a8669dd0769f:group-D0C0FF1C808E:LeaderElection13] INFO  impl.RaftServerImpl (RaftServerImpl.java:setRole(171)) - 17edbb89-a050-42dd-b919-a8669dd0769f:group-D0C0FF1C808E changes role from CANDIDATE to LEADER at term 1 for changeToLeader
2019-09-12 11:56:53,115 [17edbb89-a050-42dd-b919-a8669dd0769f:group-D0C0FF1C808E:LeaderElection13] INFO  impl.RaftServerImpl (ServerState.java:setLeader(263)) - 17edbb89-a050-42dd-b919-a8669dd0769f:group-D0C0FF1C808E change Leader from null to 17edbb89-a050-42dd-b919-a8669dd0769f at term 1 for becomeLeader, leader elected after 5119ms
2019-09-12 11:56:53,115 [17edbb89-a050-42dd-b919-a8669dd0769f:group-D0C0FF1C808E:LeaderElection13] INFO  server.RaftServerConfigKeys (ConfUtils.java:logGet(43)) - raft.server.staging.catchup.gap = 1000 (default)
2019-09-12 11:56:53,115 [17edbb89-a050-42dd-b919-a8669dd0769f:group-D0C0FF1C808E:LeaderElection13] INFO  server.RaftServerConfigKeys (ConfUtils.java:logGet(43)) - raft.server.rpc.sleep.time = 25ms (default)
2019-09-12 11:56:53,116 [17edbb89-a050-42dd-b919-a8669dd0769f:group-D0C0FF1C808E:LeaderElection13] INFO  server.RaftServerConfigKeys (ConfUtils.java:logGet(43)) - raft.server.write.element-limit = 4096 (default)
2019-09-12 11:56:53,116 [17edbb89-a050-42dd-b919-a8669dd0769f:group-D0C0FF1C808E:LeaderElection13] INFO  server.RaftServerConfigKeys (ConfUtils.java:logGet(43)) - raft.server.watch.timeout = 10s (default)
2019-09-12 11:56:53,116 [17edbb89-a050-42dd-b919-a8669dd0769f:group-D0C0FF1C808E:LeaderElection13] INFO  server.RaftServerConfigKeys (ConfUtils.java:logGet(43)) - raft.server.watch.timeout.denomination = 1s (default)
2019-09-12 11:56:53,116 [17edbb89-a050-42dd-b919-a8669dd0769f:group-D0C0FF1C808E:LeaderElection13] INFO  server.RaftServerConfigKeys (ConfUtils.java:logGet(43)) - raft.server.watch.element-limit = 65536 (default)
2019-09-12 11:56:53,116 [17edbb89-a050-42dd-b919-a8669dd0769f:group-D0C0FF1C808E:LeaderElection13] INFO  impl.RoleInfo (RoleInfo.java:updateAndGet(143)) - 17edbb89-a050-42dd-b919-a8669dd0769f: start LeaderState
2019-09-12 11:56:53,117 [17edbb89-a050-42dd-b919-a8669dd0769f:group-D0C0FF1C808E:LeaderElection13] INFO  segmented.SegmentedRaftLogWorker (SegmentedRaftLogWorker.java:startLogSegment(380)) - 17edbb89-a050-42dd-b919-a8669dd0769f-SegmentedRaftLogWorker:Storage Directory /workdir/hadoop-ozone/tools/target/test-dir/MiniOzoneClusterImpl-659e2a06-c254-4d33-90f4-66e0a49906bb/datanode-4/data/ratis/604b4de3-9c08-480e-8b88-d0c0ff1c808e: Starting segment from index:0
2019-09-12 11:56:53,117 [17edbb89-a050-42dd-b919-a8669dd0769f:group-D0C0FF1C808E:LeaderElection13] INFO  impl.RaftServerImpl (ServerState.java:setRaftConf(361)) - 17edbb89-a050-42dd-b919-a8669dd0769f:group-D0C0FF1C808E set configuration 0: [17edbb89-a050-42dd-b919-a8669dd0769f:192.168.157.195:37678], old=null at 0
2019-09-12 11:56:53,158 [17edbb89-a050-42dd-b919-a8669dd0769f-SegmentedRaftLogWorker:Storage Directory /workdir/hadoop-ozone/tools/target/test-dir/MiniOzoneClusterImpl-659e2a06-c254-4d33-90f4-66e0a49906bb/datanode-4/data/ratis/604b4de3-9c08-480e-8b88-d0c0ff1c808e] INFO  segmented.SegmentedRaftLogWorker (SegmentedRaftLogWorker.java:execute(569)) - 17edbb89-a050-42dd-b919-a8669dd0769f-SegmentedRaftLogWorker:Storage Directory /workdir/hadoop-ozone/tools/target/test-dir/MiniOzoneClusterImpl-659e2a06-c254-4d33-90f4-66e0a49906bb/datanode-4/data/ratis/604b4de3-9c08-480e-8b88-d0c0ff1c808e: created new log segment /workdir/hadoop-ozone/tools/target/test-dir/MiniOzoneClusterImpl-659e2a06-c254-4d33-90f4-66e0a49906bb/datanode-4/data/ratis/604b4de3-9c08-480e-8b88-d0c0ff1c808e/current/log_inprogress_0
 100.00% |█████████████████████████████████████████████████████████████████████████████████████████████████████|  100/100 Time: 0:00:05
2019-09-12 11:56:53,167 [Thread-253] INFO  impl.FollowerState (FollowerState.java:run(106)) - 7c1edd01-6b93-44c9-a455-1bd851e1af30:group-CB34E2DF4C01 changes to CANDIDATE, lastRpcTime:5028, electionTimeout:5028ms
2019-09-12 11:56:53,167 [Thread-253] INFO  impl.RoleInfo (RoleInfo.java:shutdownFollowerState(121)) - 7c1edd01-6b93-44c9-a455-1bd851e1af30: shutdown FollowerState
2019-09-12 11:56:53,168 [Thread-253] INFO  impl.RaftServerImpl (RaftServerImpl.java:setRole(171)) - 7c1edd01-6b93-44c9-a455-1bd851e1af30:group-CB34E2DF4C01 changes role from FOLLOWER to CANDIDATE at term 0 for changeToCandidate
2019-09-12 11:56:53,168 [Thread-253] INFO  impl.RoleInfo (RoleInfo.java:updateAndGet(143)) - 7c1edd01-6b93-44c9-a455-1bd851e1af30: start LeaderElection
]]></system-out>
    <system-err><![CDATA[Sep 12, 2019 11:56:41 AM com.sun.jersey.server.impl.application.WebApplicationImpl _initiate
INFO: Initiating Jersey application, version 'Jersey: 1.19 02/11/2015 03:25 AM'
Sep 12, 2019 11:56:41 AM com.sun.jersey.server.impl.application.WebApplicationImpl _initiate
INFO: Initiating Jersey application, version 'Jersey: 1.19 02/11/2015 03:25 AM'
Sep 12, 2019 11:56:42 AM com.sun.jersey.server.impl.application.WebApplicationImpl _initiate
INFO: Initiating Jersey application, version 'Jersey: 1.19 02/11/2015 03:25 AM'
Sep 12, 2019 11:56:42 AM com.sun.jersey.server.impl.application.WebApplicationImpl _initiate
INFO: Initiating Jersey application, version 'Jersey: 1.19 02/11/2015 03:25 AM'
Sep 12, 2019 11:56:42 AM com.sun.jersey.server.impl.application.WebApplicationImpl _initiate
INFO: Initiating Jersey application, version 'Jersey: 1.19 02/11/2015 03:25 AM'
]]></system-err>
  </testcase>
  <testcase name="testThreadPoolSize" classname="org.apache.hadoop.ozone.freon.TestRandomKeyGenerator" time="5.037">
    <error message="Allocated 0 blocks. Requested 1 blocks" type="INTERNAL_ERROR org.apache.hadoop.ozone.om.exceptions.OMException">INTERNAL_ERROR org.apache.hadoop.ozone.om.exceptions.OMException: Allocated 0 blocks. Requested 1 blocks
	at org.apache.hadoop.ozone.om.protocolPB.OzoneManagerProtocolClientSideTranslatorPB.handleError(OzoneManagerProtocolClientSideTranslatorPB.java:725)
	at org.apache.hadoop.ozone.om.protocolPB.OzoneManagerProtocolClientSideTranslatorPB.openKey(OzoneManagerProtocolClientSideTranslatorPB.java:716)
	at org.apache.hadoop.ozone.client.rpc.RpcClient.createKey(RpcClient.java:615)
	at org.apache.hadoop.ozone.client.OzoneBucket.createKey(OzoneBucket.java:323)
	at org.apache.hadoop.ozone.freon.RandomKeyGenerator.createKey(RandomKeyGenerator.java:686)
	at org.apache.hadoop.ozone.freon.RandomKeyGenerator.access$1100(RandomKeyGenerator.java:87)
	at org.apache.hadoop.ozone.freon.RandomKeyGenerator$ObjectCreator.run(RandomKeyGenerator.java:606)
	at java.util.concurrent.Executors$RunnableAdapter.call(Executors.java:511)
	at java.util.concurrent.FutureTask.run(FutureTask.java:266)
	at java.util.concurrent.ThreadPoolExecutor.runWorker(ThreadPoolExecutor.java:1149)
	at java.util.concurrent.ThreadPoolExecutor$Worker.run(ThreadPoolExecutor.java:624)
	at java.lang.Thread.run(Thread.java:748)
</error>
    <system-out><![CDATA[2019-09-12 11:56:53,183 [main] INFO  freon.RandomKeyGenerator (RandomKeyGenerator.java:call(275)) - Number of Threads: 10
2019-09-12 11:56:53,183 [main] INFO  freon.RandomKeyGenerator (RandomKeyGenerator.java:call(280)) - Number of Volumes: 1.
2019-09-12 11:56:53,183 [main] INFO  freon.RandomKeyGenerator (RandomKeyGenerator.java:call(281)) - Number of Buckets per Volume: 1.
2019-09-12 11:56:53,183 [main] INFO  freon.RandomKeyGenerator (RandomKeyGenerator.java:call(282)) - Number of Keys per Bucket: 1.
2019-09-12 11:56:53,184 [main] INFO  freon.RandomKeyGenerator (RandomKeyGenerator.java:call(283)) - Key size: 10240 bytes
2019-09-12 11:56:53,184 [main] INFO  freon.RandomKeyGenerator (RandomKeyGenerator.java:call(284)) - Buffer size: 4096 bytes
2019-09-12 11:56:53,185 [pool-79-thread-1] INFO  rpc.RpcClient (RpcClient.java:createVolume(293)) - Creating Volume: vol-0-45842, with jenkins1000 as owner.
2019-09-12 11:56:53,185 [main] INFO  freon.RandomKeyGenerator (RandomKeyGenerator.java:call(304)) - Starting progress bar Thread.

2019-09-12 11:56:53,185 [7c1edd01-6b93-44c9-a455-1bd851e1af30:group-CB34E2DF4C01:LeaderElection14] INFO  impl.LeaderElection (LeaderElection.java:askForVotes(181)) - 7c1edd01-6b93-44c9-a455-1bd851e1af30:group-CB34E2DF4C01:LeaderElection14: begin an election at term 1 for -1: [7c1edd01-6b93-44c9-a455-1bd851e1af30:192.168.157.195:43783], old=null
 0.00% |█                                                                                                    |  0/1 Time: 0:00:002019-09-12 11:56:53,187 [7c1edd01-6b93-44c9-a455-1bd851e1af30:group-CB34E2DF4C01:LeaderElection14] INFO  impl.RoleInfo (RoleInfo.java:shutdownLeaderElection(134)) - 7c1edd01-6b93-44c9-a455-1bd851e1af30: shutdown LeaderElection
2019-09-12 11:56:53,187 [7c1edd01-6b93-44c9-a455-1bd851e1af30:group-CB34E2DF4C01:LeaderElection14] INFO  impl.RaftServerImpl (RaftServerImpl.java:setRole(171)) - 7c1edd01-6b93-44c9-a455-1bd851e1af30:group-CB34E2DF4C01 changes role from CANDIDATE to LEADER at term 1 for changeToLeader
2019-09-12 11:56:53,187 [7c1edd01-6b93-44c9-a455-1bd851e1af30:group-CB34E2DF4C01:LeaderElection14] INFO  impl.RaftServerImpl (ServerState.java:setLeader(263)) - 7c1edd01-6b93-44c9-a455-1bd851e1af30:group-CB34E2DF4C01 change Leader from null to 7c1edd01-6b93-44c9-a455-1bd851e1af30 at term 1 for becomeLeader, leader elected after 5052ms
2019-09-12 11:56:53,187 [7c1edd01-6b93-44c9-a455-1bd851e1af30:group-CB34E2DF4C01:LeaderElection14] INFO  server.RaftServerConfigKeys (ConfUtils.java:logGet(43)) - raft.server.staging.catchup.gap = 1000 (default)
2019-09-12 11:56:53,187 [7c1edd01-6b93-44c9-a455-1bd851e1af30:group-CB34E2DF4C01:LeaderElection14] INFO  server.RaftServerConfigKeys (ConfUtils.java:logGet(43)) - raft.server.rpc.sleep.time = 25ms (default)
2019-09-12 11:56:53,187 [7c1edd01-6b93-44c9-a455-1bd851e1af30:group-CB34E2DF4C01:LeaderElection14] INFO  server.RaftServerConfigKeys (ConfUtils.java:logGet(43)) - raft.server.write.element-limit = 4096 (default)
2019-09-12 11:56:53,188 [7c1edd01-6b93-44c9-a455-1bd851e1af30:group-CB34E2DF4C01:LeaderElection14] INFO  server.RaftServerConfigKeys (ConfUtils.java:logGet(43)) - raft.server.watch.timeout = 10s (default)
2019-09-12 11:56:53,188 [7c1edd01-6b93-44c9-a455-1bd851e1af30:group-CB34E2DF4C01:LeaderElection14] INFO  server.RaftServerConfigKeys (ConfUtils.java:logGet(43)) - raft.server.watch.timeout.denomination = 1s (default)
2019-09-12 11:56:53,188 [7c1edd01-6b93-44c9-a455-1bd851e1af30:group-CB34E2DF4C01:LeaderElection14] INFO  server.RaftServerConfigKeys (ConfUtils.java:logGet(43)) - raft.server.watch.element-limit = 65536 (default)
2019-09-12 11:56:53,188 [7c1edd01-6b93-44c9-a455-1bd851e1af30:group-CB34E2DF4C01:LeaderElection14] INFO  impl.RoleInfo (RoleInfo.java:updateAndGet(143)) - 7c1edd01-6b93-44c9-a455-1bd851e1af30: start LeaderState
2019-09-12 11:56:53,188 [7c1edd01-6b93-44c9-a455-1bd851e1af30:group-CB34E2DF4C01:LeaderElection14] INFO  segmented.SegmentedRaftLogWorker (SegmentedRaftLogWorker.java:startLogSegment(380)) - 7c1edd01-6b93-44c9-a455-1bd851e1af30-SegmentedRaftLogWorker:Storage Directory /workdir/hadoop-ozone/tools/target/test-dir/MiniOzoneClusterImpl-659e2a06-c254-4d33-90f4-66e0a49906bb/datanode-2/data/ratis/41502341-e5d5-45bb-8dfa-cb34e2df4c01: Starting segment from index:0
2019-09-12 11:56:53,188 | INFO  | OMAudit | user=jenkins1000 | ip=127.0.0.1 | op=CREATE_VOLUME {admin=jenkins1000, owner=jenkins1000, volume=vol-0-45842, creationTime=1568289413188, quotaInBytes=1152921504606846976} | ret=SUCCESS |  
2019-09-12 11:56:53,189 [7c1edd01-6b93-44c9-a455-1bd851e1af30:group-CB34E2DF4C01:LeaderElection14] INFO  impl.RaftServerImpl (ServerState.java:setRaftConf(361)) - 7c1edd01-6b93-44c9-a455-1bd851e1af30:group-CB34E2DF4C01 set configuration 0: [7c1edd01-6b93-44c9-a455-1bd851e1af30:192.168.157.195:43783], old=null at 0
2019-09-12 11:56:53,215 [Thread-250] INFO  impl.FollowerState (FollowerState.java:run(106)) - 17f5de45-d006-42d4-a442-b3531657861f:group-7B223507EC67 changes to CANDIDATE, lastRpcTime:5134, electionTimeout:5129ms
2019-09-12 11:56:53,215 [Thread-250] INFO  impl.RoleInfo (RoleInfo.java:shutdownFollowerState(121)) - 17f5de45-d006-42d4-a442-b3531657861f: shutdown FollowerState
2019-09-12 11:56:53,216 [Thread-250] INFO  impl.RaftServerImpl (RaftServerImpl.java:setRole(171)) - 17f5de45-d006-42d4-a442-b3531657861f:group-7B223507EC67 changes role from FOLLOWER to CANDIDATE at term 0 for changeToCandidate
2019-09-12 11:56:53,216 [Thread-250] INFO  impl.RoleInfo (RoleInfo.java:updateAndGet(143)) - 17f5de45-d006-42d4-a442-b3531657861f: start LeaderElection
2019-09-12 11:56:53,222 | INFO  | OMAudit | user=jenkins1000 | ip=127.0.0.1 | op=READ_VOLUME {volume=vol-0-45842} | ret=SUCCESS |  
2019-09-12 11:56:53,222 | INFO  | SCMAudit | user=jenkins1000 | ip=192.168.157.195 | op=SEND_HEARTBEAT {datanodeUUID=7c1edd01-6b93-44c9-a455-1bd851e1af30, command=[]} | ret=SUCCESS |  
2019-09-12 11:56:53,226 [pool-79-thread-2] INFO  rpc.RpcClient (RpcClient.java:createBucket(432)) - Creating Bucket: vol-0-45842/bucket-0-57496, with Versioning false and Storage Type set to DISK and Encryption set to false 
2019-09-12 11:56:53,228 | INFO  | OMAudit | user=jenkins1000 | ip=127.0.0.1 | op=CREATE_BUCKET {volume=vol-0-45842, bucket=bucket-0-57496, acls=[user:jenkins1000:a[ACCESS], group:default:a[ACCESS]], isVersionEnabled=false, storageType=DISK, creationTime=0} | ret=SUCCESS |  
2019-09-12 11:56:53,229 [7c1edd01-6b93-44c9-a455-1bd851e1af30-SegmentedRaftLogWorker:Storage Directory /workdir/hadoop-ozone/tools/target/test-dir/MiniOzoneClusterImpl-659e2a06-c254-4d33-90f4-66e0a49906bb/datanode-2/data/ratis/41502341-e5d5-45bb-8dfa-cb34e2df4c01] INFO  segmented.SegmentedRaftLogWorker (SegmentedRaftLogWorker.java:execute(569)) - 7c1edd01-6b93-44c9-a455-1bd851e1af30-SegmentedRaftLogWorker:Storage Directory /workdir/hadoop-ozone/tools/target/test-dir/MiniOzoneClusterImpl-659e2a06-c254-4d33-90f4-66e0a49906bb/datanode-2/data/ratis/41502341-e5d5-45bb-8dfa-cb34e2df4c01: created new log segment /workdir/hadoop-ozone/tools/target/test-dir/MiniOzoneClusterImpl-659e2a06-c254-4d33-90f4-66e0a49906bb/datanode-2/data/ratis/41502341-e5d5-45bb-8dfa-cb34e2df4c01/current/log_inprogress_0
2019-09-12 11:56:53,229 [17f5de45-d006-42d4-a442-b3531657861f:group-7B223507EC67:LeaderElection15] INFO  impl.LeaderElection (LeaderElection.java:askForVotes(181)) - 17f5de45-d006-42d4-a442-b3531657861f:group-7B223507EC67:LeaderElection15: begin an election at term 1 for -1: [17f5de45-d006-42d4-a442-b3531657861f:192.168.157.195:40760], old=null
2019-09-12 11:56:53,229 [17f5de45-d006-42d4-a442-b3531657861f:group-7B223507EC67:LeaderElection15] INFO  impl.RoleInfo (RoleInfo.java:shutdownLeaderElection(134)) - 17f5de45-d006-42d4-a442-b3531657861f: shutdown LeaderElection
2019-09-12 11:56:53,229 [17f5de45-d006-42d4-a442-b3531657861f:group-7B223507EC67:LeaderElection15] INFO  impl.RaftServerImpl (RaftServerImpl.java:setRole(171)) - 17f5de45-d006-42d4-a442-b3531657861f:group-7B223507EC67 changes role from CANDIDATE to LEADER at term 1 for changeToLeader
2019-09-12 11:56:53,229 [17f5de45-d006-42d4-a442-b3531657861f:group-7B223507EC67:LeaderElection15] INFO  impl.RaftServerImpl (ServerState.java:setLeader(263)) - 17f5de45-d006-42d4-a442-b3531657861f:group-7B223507EC67 change Leader from null to 17f5de45-d006-42d4-a442-b3531657861f at term 1 for becomeLeader, leader elected after 5160ms
2019-09-12 11:56:53,229 [17f5de45-d006-42d4-a442-b3531657861f:group-7B223507EC67:LeaderElection15] INFO  server.RaftServerConfigKeys (ConfUtils.java:logGet(43)) - raft.server.staging.catchup.gap = 1000 (default)
2019-09-12 11:56:53,229 [17f5de45-d006-42d4-a442-b3531657861f:group-7B223507EC67:LeaderElection15] INFO  server.RaftServerConfigKeys (ConfUtils.java:logGet(43)) - raft.server.rpc.sleep.time = 25ms (default)
2019-09-12 11:56:53,229 [17f5de45-d006-42d4-a442-b3531657861f:group-7B223507EC67:LeaderElection15] INFO  server.RaftServerConfigKeys (ConfUtils.java:logGet(43)) - raft.server.write.element-limit = 4096 (default)
2019-09-12 11:56:53,230 | INFO  | OMAudit | user=jenkins1000 | ip=127.0.0.1 | op=READ_BUCKET {volume=vol-0-45842, bucket=bucket-0-57496} | ret=SUCCESS |  
2019-09-12 11:56:53,230 [17f5de45-d006-42d4-a442-b3531657861f:group-7B223507EC67:LeaderElection15] INFO  server.RaftServerConfigKeys (ConfUtils.java:logGet(43)) - raft.server.watch.timeout = 10s (default)
2019-09-12 11:56:53,230 [17f5de45-d006-42d4-a442-b3531657861f:group-7B223507EC67:LeaderElection15] INFO  server.RaftServerConfigKeys (ConfUtils.java:logGet(43)) - raft.server.watch.timeout.denomination = 1s (default)
2019-09-12 11:56:53,230 [17f5de45-d006-42d4-a442-b3531657861f:group-7B223507EC67:LeaderElection15] INFO  server.RaftServerConfigKeys (ConfUtils.java:logGet(43)) - raft.server.watch.element-limit = 65536 (default)
2019-09-12 11:56:53,230 [17f5de45-d006-42d4-a442-b3531657861f:group-7B223507EC67:LeaderElection15] INFO  impl.RoleInfo (RoleInfo.java:updateAndGet(143)) - 17f5de45-d006-42d4-a442-b3531657861f: start LeaderState
2019-09-12 11:56:53,230 [17f5de45-d006-42d4-a442-b3531657861f:group-7B223507EC67:LeaderElection15] INFO  segmented.SegmentedRaftLogWorker (SegmentedRaftLogWorker.java:startLogSegment(380)) - 17f5de45-d006-42d4-a442-b3531657861f-SegmentedRaftLogWorker:Storage Directory /workdir/hadoop-ozone/tools/target/test-dir/MiniOzoneClusterImpl-659e2a06-c254-4d33-90f4-66e0a49906bb/datanode-1/data/ratis/3e873dca-6252-4168-a4bc-7b223507ec67: Starting segment from index:0
2019-09-12 11:56:53,231 [17f5de45-d006-42d4-a442-b3531657861f:group-7B223507EC67:LeaderElection15] INFO  impl.RaftServerImpl (ServerState.java:setRaftConf(361)) - 17f5de45-d006-42d4-a442-b3531657861f:group-7B223507EC67 set configuration 0: [17f5de45-d006-42d4-a442-b3531657861f:192.168.157.195:40760], old=null at 0
2019-09-12 11:56:53,258 [Thread-259] INFO  impl.FollowerState (FollowerState.java:run(106)) - f8fc3649-0cfb-44b5-b2db-665c617086f3:group-73CEC35C5E85 changes to CANDIDATE, lastRpcTime:5065, electionTimeout:5065ms
2019-09-12 11:56:53,258 [Thread-259] INFO  impl.RoleInfo (RoleInfo.java:shutdownFollowerState(121)) - f8fc3649-0cfb-44b5-b2db-665c617086f3: shutdown FollowerState
2019-09-12 11:56:53,258 [Thread-259] INFO  impl.RaftServerImpl (RaftServerImpl.java:setRole(171)) - f8fc3649-0cfb-44b5-b2db-665c617086f3:group-73CEC35C5E85 changes role from FOLLOWER to CANDIDATE at term 0 for changeToCandidate
2019-09-12 11:56:53,258 [Thread-259] INFO  impl.RoleInfo (RoleInfo.java:updateAndGet(143)) - f8fc3649-0cfb-44b5-b2db-665c617086f3: start LeaderElection
2019-09-12 11:56:53,264 [IPC Server handler 11 on 43548] ERROR pipeline.PipelinePlacementPolicy (PipelinePlacementPolicy.java:meetCriteria(91)) - Pipeline Placement: Doesn't meet the criteria to be viable node. Heaviness: 6
2019-09-12 11:56:53,265 [IPC Server handler 11 on 43548] ERROR pipeline.PipelinePlacementPolicy (PipelinePlacementPolicy.java:meetCriteria(91)) - Pipeline Placement: Doesn't meet the criteria to be viable node. Heaviness: 6
2019-09-12 11:56:53,265 [IPC Server handler 11 on 43548] ERROR pipeline.PipelinePlacementPolicy (PipelinePlacementPolicy.java:meetCriteria(91)) - Pipeline Placement: Doesn't meet the criteria to be viable node. Heaviness: 6
2019-09-12 11:56:53,265 [IPC Server handler 11 on 43548] ERROR pipeline.PipelinePlacementPolicy (PipelinePlacementPolicy.java:meetCriteria(91)) - Pipeline Placement: Doesn't meet the criteria to be viable node. Heaviness: 6
2019-09-12 11:56:53,265 [IPC Server handler 11 on 43548] ERROR pipeline.PipelinePlacementPolicy (PipelinePlacementPolicy.java:meetCriteria(91)) - Pipeline Placement: Doesn't meet the criteria to be viable node. Heaviness: 6
2019-09-12 11:56:53,265 [IPC Server handler 11 on 43548] ERROR pipeline.PipelinePlacementPolicy (PipelinePlacementPolicy.java:filterViableNodes(146)) - Unable to find enough nodes that meet the criteria that cannot engage in more than 5 pipelines. Nodes required: 3 Found: 0, healthy nodes count inNodeManager: 5.
2019-09-12 11:56:53,265 [IPC Server handler 11 on 43548] ERROR pipeline.SCMPipelineManager (SCMPipelineManager.java:createPipeline(161)) - Pipeline creation failed due to exception: Unable to find enough nodes that meet the criteria that cannot engage in more than 5 pipelines. Nodes required: 3 Found: 0, healthy nodes count inNodeManager: 5.
2019-09-12 11:56:53,265 [IPC Server handler 11 on 43548] WARN  block.BlockManagerImpl (BlockManagerImpl.java:allocateBlock(192)) - Pipeline creation failed for type:RATIS factor:THREE. Retrying get pipelines call once.
org.apache.hadoop.hdds.scm.exceptions.SCMException: Unable to find enough nodes that meet the criteria that cannot engage in more than 5 pipelines. Nodes required: 3 Found: 0, healthy nodes count inNodeManager: 5.
	at org.apache.hadoop.hdds.scm.pipeline.PipelinePlacementPolicy.filterViableNodes(PipelinePlacementPolicy.java:147)
	at org.apache.hadoop.hdds.scm.pipeline.PipelinePlacementPolicy.chooseDatanodes(PipelinePlacementPolicy.java:170)
	at org.apache.hadoop.hdds.scm.pipeline.RatisPipelineProvider.create(RatisPipelineProvider.java:92)
	at org.apache.hadoop.hdds.scm.pipeline.PipelineFactory.create(PipelineFactory.java:57)
	at org.apache.hadoop.hdds.scm.pipeline.SCMPipelineManager.createPipeline(SCMPipelineManager.java:149)
	at org.apache.hadoop.hdds.scm.block.BlockManagerImpl.allocateBlock(BlockManagerImpl.java:190)
	at org.apache.hadoop.hdds.scm.server.SCMBlockProtocolServer.allocateBlock(SCMBlockProtocolServer.java:175)
	at org.apache.hadoop.ozone.protocolPB.ScmBlockLocationProtocolServerSideTranslatorPB.allocateScmBlock(ScmBlockLocationProtocolServerSideTranslatorPB.java:153)
	at org.apache.hadoop.ozone.protocolPB.ScmBlockLocationProtocolServerSideTranslatorPB.send(ScmBlockLocationProtocolServerSideTranslatorPB.java:112)
	at org.apache.hadoop.hdds.protocol.proto.ScmBlockLocationProtocolProtos$ScmBlockLocationProtocolService$2.callBlockingMethod(ScmBlockLocationProtocolProtos.java:13157)
	at org.apache.hadoop.ipc.ProtobufRpcEngine$Server$ProtoBufRpcInvoker.call(ProtobufRpcEngine.java:524)
	at org.apache.hadoop.ipc.RPC$Server.call(RPC.java:1025)
	at org.apache.hadoop.ipc.Server$RpcCall.run(Server.java:876)
	at org.apache.hadoop.ipc.Server$RpcCall.run(Server.java:822)
	at java.security.AccessController.doPrivileged(Native Method)
	at javax.security.auth.Subject.doAs(Subject.java:422)
	at org.apache.hadoop.security.UserGroupInformation.doAs(UserGroupInformation.java:1730)
	at org.apache.hadoop.ipc.Server$Handler.run(Server.java:2682)
2019-09-12 11:56:53,266 [IPC Server handler 11 on 43548] INFO  block.BlockManagerImpl (BlockManagerImpl.java:allocateBlock(198)) - Could not find available pipeline of type:RATIS and factor:THREE even after retrying
2019-09-12 11:56:53,266 [IPC Server handler 11 on 43548] ERROR block.BlockManagerImpl (BlockManagerImpl.java:allocateBlock(222)) - Unable to allocate a block for the size: 4194304, type: RATIS, factor: THREE
2019-09-12 11:56:53,266 | INFO  | SCMAudit | user=jenkins1000 | ip=192.168.157.195 | op=ALLOCATE_BLOCK {owner=f7492686-26db-4064-a654-129457f98f65, size=4194304, type=RATIS, factor=THREE} | ret=SUCCESS |  
2019-09-12 11:56:53,267 | ERROR | OMAudit | user=jenkins1000 | ip=127.0.0.1 | op=ALLOCATE_KEY {volume=vol-0-45842, bucket=bucket-0-57496, key=key-0-56973, dataSize=10240, replicationType=RATIS, replicationFactor=THREE, keyLocationInfo=null} | ret=FAILURE | org.apache.hadoop.hdds.scm.exceptions.SCMException: Allocated 0 blocks. Requested 1 blocks
	at org.apache.hadoop.hdds.scm.protocolPB.ScmBlockLocationProtocolClientSideTranslatorPB.handleError(ScmBlockLocationProtocolClientSideTranslatorPB.java:118)
	at org.apache.hadoop.hdds.scm.protocolPB.ScmBlockLocationProtocolClientSideTranslatorPB.allocateBlock(ScmBlockLocationProtocolClientSideTranslatorPB.java:156) 
2019-09-12 11:56:53,269 [pool-79-thread-3] ERROR freon.RandomKeyGenerator (RandomKeyGenerator.java:createKey(724)) - Exception while adding key: key-0-56973 in bucket: bucket-0-57496 of volume: vol-0-45842.
INTERNAL_ERROR org.apache.hadoop.ozone.om.exceptions.OMException: Allocated 0 blocks. Requested 1 blocks
	at org.apache.hadoop.ozone.om.protocolPB.OzoneManagerProtocolClientSideTranslatorPB.handleError(OzoneManagerProtocolClientSideTranslatorPB.java:725)
	at org.apache.hadoop.ozone.om.protocolPB.OzoneManagerProtocolClientSideTranslatorPB.openKey(OzoneManagerProtocolClientSideTranslatorPB.java:716)
	at org.apache.hadoop.ozone.client.rpc.RpcClient.createKey(RpcClient.java:615)
	at org.apache.hadoop.ozone.client.OzoneBucket.createKey(OzoneBucket.java:323)
	at org.apache.hadoop.ozone.freon.RandomKeyGenerator.createKey(RandomKeyGenerator.java:686)
	at org.apache.hadoop.ozone.freon.RandomKeyGenerator.access$1100(RandomKeyGenerator.java:87)
	at org.apache.hadoop.ozone.freon.RandomKeyGenerator$ObjectCreator.run(RandomKeyGenerator.java:606)
	at java.util.concurrent.Executors$RunnableAdapter.call(Executors.java:511)
	at java.util.concurrent.FutureTask.run(FutureTask.java:266)
	at java.util.concurrent.ThreadPoolExecutor.runWorker(ThreadPoolExecutor.java:1149)
	at java.util.concurrent.ThreadPoolExecutor$Worker.run(ThreadPoolExecutor.java:624)
	at java.lang.Thread.run(Thread.java:748)
2019-09-12 11:56:53,274 [17f5de45-d006-42d4-a442-b3531657861f-SegmentedRaftLogWorker:Storage Directory /workdir/hadoop-ozone/tools/target/test-dir/MiniOzoneClusterImpl-659e2a06-c254-4d33-90f4-66e0a49906bb/datanode-1/data/ratis/3e873dca-6252-4168-a4bc-7b223507ec67] INFO  segmented.SegmentedRaftLogWorker (SegmentedRaftLogWorker.java:execute(569)) - 17f5de45-d006-42d4-a442-b3531657861f-SegmentedRaftLogWorker:Storage Directory /workdir/hadoop-ozone/tools/target/test-dir/MiniOzoneClusterImpl-659e2a06-c254-4d33-90f4-66e0a49906bb/datanode-1/data/ratis/3e873dca-6252-4168-a4bc-7b223507ec67: created new log segment /workdir/hadoop-ozone/tools/target/test-dir/MiniOzoneClusterImpl-659e2a06-c254-4d33-90f4-66e0a49906bb/datanode-1/data/ratis/3e873dca-6252-4168-a4bc-7b223507ec67/current/log_inprogress_0
2019-09-12 11:56:53,277 [f8fc3649-0cfb-44b5-b2db-665c617086f3:group-73CEC35C5E85:LeaderElection16] INFO  impl.LeaderElection (LeaderElection.java:askForVotes(181)) - f8fc3649-0cfb-44b5-b2db-665c617086f3:group-73CEC35C5E85:LeaderElection16: begin an election at term 1 for -1: [f8fc3649-0cfb-44b5-b2db-665c617086f3:192.168.157.195:46385], old=null
2019-09-12 11:56:53,277 [f8fc3649-0cfb-44b5-b2db-665c617086f3:group-73CEC35C5E85:LeaderElection16] INFO  impl.RoleInfo (RoleInfo.java:shutdownLeaderElection(134)) - f8fc3649-0cfb-44b5-b2db-665c617086f3: shutdown LeaderElection
2019-09-12 11:56:53,277 [f8fc3649-0cfb-44b5-b2db-665c617086f3:group-73CEC35C5E85:LeaderElection16] INFO  impl.RaftServerImpl (RaftServerImpl.java:setRole(171)) - f8fc3649-0cfb-44b5-b2db-665c617086f3:group-73CEC35C5E85 changes role from CANDIDATE to LEADER at term 1 for changeToLeader
2019-09-12 11:56:53,277 [f8fc3649-0cfb-44b5-b2db-665c617086f3:group-73CEC35C5E85:LeaderElection16] INFO  impl.RaftServerImpl (ServerState.java:setLeader(263)) - f8fc3649-0cfb-44b5-b2db-665c617086f3:group-73CEC35C5E85 change Leader from null to f8fc3649-0cfb-44b5-b2db-665c617086f3 at term 1 for becomeLeader, leader elected after 5090ms
2019-09-12 11:56:53,278 [f8fc3649-0cfb-44b5-b2db-665c617086f3:group-73CEC35C5E85:LeaderElection16] INFO  server.RaftServerConfigKeys (ConfUtils.java:logGet(43)) - raft.server.staging.catchup.gap = 1000 (default)
2019-09-12 11:56:53,278 [f8fc3649-0cfb-44b5-b2db-665c617086f3:group-73CEC35C5E85:LeaderElection16] INFO  server.RaftServerConfigKeys (ConfUtils.java:logGet(43)) - raft.server.rpc.sleep.time = 25ms (default)
2019-09-12 11:56:53,278 [f8fc3649-0cfb-44b5-b2db-665c617086f3:group-73CEC35C5E85:LeaderElection16] INFO  server.RaftServerConfigKeys (ConfUtils.java:logGet(43)) - raft.server.write.element-limit = 4096 (default)
2019-09-12 11:56:53,278 [f8fc3649-0cfb-44b5-b2db-665c617086f3:group-73CEC35C5E85:LeaderElection16] INFO  server.RaftServerConfigKeys (ConfUtils.java:logGet(43)) - raft.server.watch.timeout = 10s (default)
2019-09-12 11:56:53,278 [f8fc3649-0cfb-44b5-b2db-665c617086f3:group-73CEC35C5E85:LeaderElection16] INFO  server.RaftServerConfigKeys (ConfUtils.java:logGet(43)) - raft.server.watch.timeout.denomination = 1s (default)
2019-09-12 11:56:53,278 [f8fc3649-0cfb-44b5-b2db-665c617086f3:group-73CEC35C5E85:LeaderElection16] INFO  server.RaftServerConfigKeys (ConfUtils.java:logGet(43)) - raft.server.watch.element-limit = 65536 (default)
2019-09-12 11:56:53,278 [f8fc3649-0cfb-44b5-b2db-665c617086f3:group-73CEC35C5E85:LeaderElection16] INFO  impl.RoleInfo (RoleInfo.java:updateAndGet(143)) - f8fc3649-0cfb-44b5-b2db-665c617086f3: start LeaderState
2019-09-12 11:56:53,279 [f8fc3649-0cfb-44b5-b2db-665c617086f3:group-73CEC35C5E85:LeaderElection16] INFO  segmented.SegmentedRaftLogWorker (SegmentedRaftLogWorker.java:startLogSegment(380)) - f8fc3649-0cfb-44b5-b2db-665c617086f3-SegmentedRaftLogWorker:Storage Directory /workdir/hadoop-ozone/tools/target/test-dir/MiniOzoneClusterImpl-659e2a06-c254-4d33-90f4-66e0a49906bb/datanode-0/data/ratis/0cf32eec-d0c1-468c-8625-73cec35c5e85: Starting segment from index:0
2019-09-12 11:56:53,279 [f8fc3649-0cfb-44b5-b2db-665c617086f3:group-73CEC35C5E85:LeaderElection16] INFO  impl.RaftServerImpl (ServerState.java:setRaftConf(361)) - f8fc3649-0cfb-44b5-b2db-665c617086f3:group-73CEC35C5E85 set configuration 0: [f8fc3649-0cfb-44b5-b2db-665c617086f3:192.168.157.195:46385], old=null at 0
2019-09-12 11:56:53,331 [f8fc3649-0cfb-44b5-b2db-665c617086f3-SegmentedRaftLogWorker:Storage Directory /workdir/hadoop-ozone/tools/target/test-dir/MiniOzoneClusterImpl-659e2a06-c254-4d33-90f4-66e0a49906bb/datanode-0/data/ratis/0cf32eec-d0c1-468c-8625-73cec35c5e85] INFO  segmented.SegmentedRaftLogWorker (SegmentedRaftLogWorker.java:execute(569)) - f8fc3649-0cfb-44b5-b2db-665c617086f3-SegmentedRaftLogWorker:Storage Directory /workdir/hadoop-ozone/tools/target/test-dir/MiniOzoneClusterImpl-659e2a06-c254-4d33-90f4-66e0a49906bb/datanode-0/data/ratis/0cf32eec-d0c1-468c-8625-73cec35c5e85: created new log segment /workdir/hadoop-ozone/tools/target/test-dir/MiniOzoneClusterImpl-659e2a06-c254-4d33-90f4-66e0a49906bb/datanode-0/data/ratis/0cf32eec-d0c1-468c-8625-73cec35c5e85/current/log_inprogress_0
2019-09-12 11:56:53,341 [Thread-262] INFO  impl.FollowerState (FollowerState.java:run(106)) - 7c1edd01-6b93-44c9-a455-1bd851e1af30:group-005EC7352330 changes to CANDIDATE, lastRpcTime:5047, electionTimeout:5047ms
2019-09-12 11:56:53,342 [Thread-262] INFO  impl.RoleInfo (RoleInfo.java:shutdownFollowerState(121)) - 7c1edd01-6b93-44c9-a455-1bd851e1af30: shutdown FollowerState
2019-09-12 11:56:53,342 [Thread-262] INFO  impl.RaftServerImpl (RaftServerImpl.java:setRole(171)) - 7c1edd01-6b93-44c9-a455-1bd851e1af30:group-005EC7352330 changes role from FOLLOWER to CANDIDATE at term 0 for changeToCandidate
2019-09-12 11:56:53,342 [Thread-262] INFO  impl.RoleInfo (RoleInfo.java:updateAndGet(143)) - 7c1edd01-6b93-44c9-a455-1bd851e1af30: start LeaderElection
2019-09-12 11:56:53,360 [7c1edd01-6b93-44c9-a455-1bd851e1af30:group-005EC7352330:LeaderElection17] INFO  impl.LeaderElection (LeaderElection.java:askForVotes(181)) - 7c1edd01-6b93-44c9-a455-1bd851e1af30:group-005EC7352330:LeaderElection17: begin an election at term 1 for -1: [7c1edd01-6b93-44c9-a455-1bd851e1af30:192.168.157.195:43783], old=null
2019-09-12 11:56:53,360 [7c1edd01-6b93-44c9-a455-1bd851e1af30:group-005EC7352330:LeaderElection17] INFO  impl.RoleInfo (RoleInfo.java:shutdownLeaderElection(134)) - 7c1edd01-6b93-44c9-a455-1bd851e1af30: shutdown LeaderElection
2019-09-12 11:56:53,360 [7c1edd01-6b93-44c9-a455-1bd851e1af30:group-005EC7352330:LeaderElection17] INFO  impl.RaftServerImpl (RaftServerImpl.java:setRole(171)) - 7c1edd01-6b93-44c9-a455-1bd851e1af30:group-005EC7352330 changes role from CANDIDATE to LEADER at term 1 for changeToLeader
2019-09-12 11:56:53,361 [7c1edd01-6b93-44c9-a455-1bd851e1af30:group-005EC7352330:LeaderElection17] INFO  impl.RaftServerImpl (ServerState.java:setLeader(263)) - 7c1edd01-6b93-44c9-a455-1bd851e1af30:group-005EC7352330 change Leader from null to 7c1edd01-6b93-44c9-a455-1bd851e1af30 at term 1 for becomeLeader, leader elected after 5072ms
2019-09-12 11:56:53,361 [7c1edd01-6b93-44c9-a455-1bd851e1af30:group-005EC7352330:LeaderElection17] INFO  server.RaftServerConfigKeys (ConfUtils.java:logGet(43)) - raft.server.staging.catchup.gap = 1000 (default)
2019-09-12 11:56:53,361 [7c1edd01-6b93-44c9-a455-1bd851e1af30:group-005EC7352330:LeaderElection17] INFO  server.RaftServerConfigKeys (ConfUtils.java:logGet(43)) - raft.server.rpc.sleep.time = 25ms (default)
2019-09-12 11:56:53,361 [7c1edd01-6b93-44c9-a455-1bd851e1af30:group-005EC7352330:LeaderElection17] INFO  server.RaftServerConfigKeys (ConfUtils.java:logGet(43)) - raft.server.write.element-limit = 4096 (default)
2019-09-12 11:56:53,362 [7c1edd01-6b93-44c9-a455-1bd851e1af30:group-005EC7352330:LeaderElection17] INFO  server.RaftServerConfigKeys (ConfUtils.java:logGet(43)) - raft.server.watch.timeout = 10s (default)
2019-09-12 11:56:53,362 [7c1edd01-6b93-44c9-a455-1bd851e1af30:group-005EC7352330:LeaderElection17] INFO  server.RaftServerConfigKeys (ConfUtils.java:logGet(43)) - raft.server.watch.timeout.denomination = 1s (default)
2019-09-12 11:56:53,362 [7c1edd01-6b93-44c9-a455-1bd851e1af30:group-005EC7352330:LeaderElection17] INFO  server.RaftServerConfigKeys (ConfUtils.java:logGet(43)) - raft.server.watch.element-limit = 65536 (default)
2019-09-12 11:56:53,362 [7c1edd01-6b93-44c9-a455-1bd851e1af30:group-005EC7352330:LeaderElection17] INFO  impl.RoleInfo (RoleInfo.java:updateAndGet(143)) - 7c1edd01-6b93-44c9-a455-1bd851e1af30: start LeaderState
2019-09-12 11:56:53,363 [7c1edd01-6b93-44c9-a455-1bd851e1af30:group-005EC7352330:LeaderElection17] INFO  segmented.SegmentedRaftLogWorker (SegmentedRaftLogWorker.java:startLogSegment(380)) - 7c1edd01-6b93-44c9-a455-1bd851e1af30-SegmentedRaftLogWorker:Storage Directory /workdir/hadoop-ozone/tools/target/test-dir/MiniOzoneClusterImpl-659e2a06-c254-4d33-90f4-66e0a49906bb/datanode-2/data/ratis/90c11abc-3266-4489-8cf7-005ec7352330: Starting segment from index:0
2019-09-12 11:56:53,364 [7c1edd01-6b93-44c9-a455-1bd851e1af30:group-005EC7352330:LeaderElection17] INFO  impl.RaftServerImpl (ServerState.java:setRaftConf(361)) - 7c1edd01-6b93-44c9-a455-1bd851e1af30:group-005EC7352330 set configuration 0: [7c1edd01-6b93-44c9-a455-1bd851e1af30:192.168.157.195:43783], old=null at 0
2019-09-12 11:56:53,408 [7c1edd01-6b93-44c9-a455-1bd851e1af30-SegmentedRaftLogWorker:Storage Directory /workdir/hadoop-ozone/tools/target/test-dir/MiniOzoneClusterImpl-659e2a06-c254-4d33-90f4-66e0a49906bb/datanode-2/data/ratis/90c11abc-3266-4489-8cf7-005ec7352330] INFO  segmented.SegmentedRaftLogWorker (SegmentedRaftLogWorker.java:execute(569)) - 7c1edd01-6b93-44c9-a455-1bd851e1af30-SegmentedRaftLogWorker:Storage Directory /workdir/hadoop-ozone/tools/target/test-dir/MiniOzoneClusterImpl-659e2a06-c254-4d33-90f4-66e0a49906bb/datanode-2/data/ratis/90c11abc-3266-4489-8cf7-005ec7352330: created new log segment /workdir/hadoop-ozone/tools/target/test-dir/MiniOzoneClusterImpl-659e2a06-c254-4d33-90f4-66e0a49906bb/datanode-2/data/ratis/90c11abc-3266-4489-8cf7-005ec7352330/current/log_inprogress_0
2019-09-12 11:56:53,497 [Thread-268] INFO  impl.FollowerState (FollowerState.java:run(106)) - 7c1edd01-6b93-44c9-a455-1bd851e1af30:group-0C3B493DBCF9 changes to CANDIDATE, lastRpcTime:5066, electionTimeout:5066ms
2019-09-12 11:56:53,497 [Thread-268] INFO  impl.RoleInfo (RoleInfo.java:shutdownFollowerState(121)) - 7c1edd01-6b93-44c9-a455-1bd851e1af30: shutdown FollowerState
2019-09-12 11:56:53,497 [Thread-268] INFO  impl.RaftServerImpl (RaftServerImpl.java:setRole(171)) - 7c1edd01-6b93-44c9-a455-1bd851e1af30:group-0C3B493DBCF9 changes role from FOLLOWER to CANDIDATE at term 0 for changeToCandidate
2019-09-12 11:56:53,498 [Thread-268] INFO  impl.RoleInfo (RoleInfo.java:updateAndGet(143)) - 7c1edd01-6b93-44c9-a455-1bd851e1af30: start LeaderElection
2019-09-12 11:56:53,515 [7c1edd01-6b93-44c9-a455-1bd851e1af30:group-0C3B493DBCF9:LeaderElection18] INFO  impl.LeaderElection (LeaderElection.java:askForVotes(181)) - 7c1edd01-6b93-44c9-a455-1bd851e1af30:group-0C3B493DBCF9:LeaderElection18: begin an election at term 1 for -1: [7c1edd01-6b93-44c9-a455-1bd851e1af30:192.168.157.195:43783], old=null
2019-09-12 11:56:53,515 [7c1edd01-6b93-44c9-a455-1bd851e1af30:group-0C3B493DBCF9:LeaderElection18] INFO  impl.RoleInfo (RoleInfo.java:shutdownLeaderElection(134)) - 7c1edd01-6b93-44c9-a455-1bd851e1af30: shutdown LeaderElection
2019-09-12 11:56:53,516 [7c1edd01-6b93-44c9-a455-1bd851e1af30:group-0C3B493DBCF9:LeaderElection18] INFO  impl.RaftServerImpl (RaftServerImpl.java:setRole(171)) - 7c1edd01-6b93-44c9-a455-1bd851e1af30:group-0C3B493DBCF9 changes role from CANDIDATE to LEADER at term 1 for changeToLeader
2019-09-12 11:56:53,516 [7c1edd01-6b93-44c9-a455-1bd851e1af30:group-0C3B493DBCF9:LeaderElection18] INFO  impl.RaftServerImpl (ServerState.java:setLeader(263)) - 7c1edd01-6b93-44c9-a455-1bd851e1af30:group-0C3B493DBCF9 change Leader from null to 7c1edd01-6b93-44c9-a455-1bd851e1af30 at term 1 for becomeLeader, leader elected after 5088ms
2019-09-12 11:56:53,516 [7c1edd01-6b93-44c9-a455-1bd851e1af30:group-0C3B493DBCF9:LeaderElection18] INFO  server.RaftServerConfigKeys (ConfUtils.java:logGet(43)) - raft.server.staging.catchup.gap = 1000 (default)
2019-09-12 11:56:53,516 [7c1edd01-6b93-44c9-a455-1bd851e1af30:group-0C3B493DBCF9:LeaderElection18] INFO  server.RaftServerConfigKeys (ConfUtils.java:logGet(43)) - raft.server.rpc.sleep.time = 25ms (default)
2019-09-12 11:56:53,516 [7c1edd01-6b93-44c9-a455-1bd851e1af30:group-0C3B493DBCF9:LeaderElection18] INFO  server.RaftServerConfigKeys (ConfUtils.java:logGet(43)) - raft.server.write.element-limit = 4096 (default)
2019-09-12 11:56:53,517 [7c1edd01-6b93-44c9-a455-1bd851e1af30:group-0C3B493DBCF9:LeaderElection18] INFO  server.RaftServerConfigKeys (ConfUtils.java:logGet(43)) - raft.server.watch.timeout = 10s (default)
2019-09-12 11:56:53,517 [7c1edd01-6b93-44c9-a455-1bd851e1af30:group-0C3B493DBCF9:LeaderElection18] INFO  server.RaftServerConfigKeys (ConfUtils.java:logGet(43)) - raft.server.watch.timeout.denomination = 1s (default)
2019-09-12 11:56:53,517 [7c1edd01-6b93-44c9-a455-1bd851e1af30:group-0C3B493DBCF9:LeaderElection18] INFO  server.RaftServerConfigKeys (ConfUtils.java:logGet(43)) - raft.server.watch.element-limit = 65536 (default)
2019-09-12 11:56:53,517 [7c1edd01-6b93-44c9-a455-1bd851e1af30:group-0C3B493DBCF9:LeaderElection18] INFO  impl.RoleInfo (RoleInfo.java:updateAndGet(143)) - 7c1edd01-6b93-44c9-a455-1bd851e1af30: start LeaderState
2019-09-12 11:56:53,518 [7c1edd01-6b93-44c9-a455-1bd851e1af30:group-0C3B493DBCF9:LeaderElection18] INFO  segmented.SegmentedRaftLogWorker (SegmentedRaftLogWorker.java:startLogSegment(380)) - 7c1edd01-6b93-44c9-a455-1bd851e1af30-SegmentedRaftLogWorker:Storage Directory /workdir/hadoop-ozone/tools/target/test-dir/MiniOzoneClusterImpl-659e2a06-c254-4d33-90f4-66e0a49906bb/datanode-2/data/ratis/93b4249b-db13-4bf6-8167-0c3b493dbcf9: Starting segment from index:0
2019-09-12 11:56:53,518 [7c1edd01-6b93-44c9-a455-1bd851e1af30:group-0C3B493DBCF9:LeaderElection18] INFO  impl.RaftServerImpl (ServerState.java:setRaftConf(361)) - 7c1edd01-6b93-44c9-a455-1bd851e1af30:group-0C3B493DBCF9 set configuration 0: [7c1edd01-6b93-44c9-a455-1bd851e1af30:192.168.157.195:43783], old=null at 0
2019-09-12 11:56:53,560 [Thread-265] INFO  impl.FollowerState (FollowerState.java:run(106)) - f8fc3649-0cfb-44b5-b2db-665c617086f3:group-4F187B5F4E30 changes to CANDIDATE, lastRpcTime:5175, electionTimeout:5175ms
2019-09-12 11:56:53,560 [Thread-265] INFO  impl.RoleInfo (RoleInfo.java:shutdownFollowerState(121)) - f8fc3649-0cfb-44b5-b2db-665c617086f3: shutdown FollowerState
2019-09-12 11:56:53,560 [Thread-265] INFO  impl.RaftServerImpl (RaftServerImpl.java:setRole(171)) - f8fc3649-0cfb-44b5-b2db-665c617086f3:group-4F187B5F4E30 changes role from FOLLOWER to CANDIDATE at term 0 for changeToCandidate
2019-09-12 11:56:53,560 [Thread-265] INFO  impl.RoleInfo (RoleInfo.java:updateAndGet(143)) - f8fc3649-0cfb-44b5-b2db-665c617086f3: start LeaderElection
2019-09-12 11:56:53,567 [7c1edd01-6b93-44c9-a455-1bd851e1af30-SegmentedRaftLogWorker:Storage Directory /workdir/hadoop-ozone/tools/target/test-dir/MiniOzoneClusterImpl-659e2a06-c254-4d33-90f4-66e0a49906bb/datanode-2/data/ratis/93b4249b-db13-4bf6-8167-0c3b493dbcf9] INFO  segmented.SegmentedRaftLogWorker (SegmentedRaftLogWorker.java:execute(569)) - 7c1edd01-6b93-44c9-a455-1bd851e1af30-SegmentedRaftLogWorker:Storage Directory /workdir/hadoop-ozone/tools/target/test-dir/MiniOzoneClusterImpl-659e2a06-c254-4d33-90f4-66e0a49906bb/datanode-2/data/ratis/93b4249b-db13-4bf6-8167-0c3b493dbcf9: created new log segment /workdir/hadoop-ozone/tools/target/test-dir/MiniOzoneClusterImpl-659e2a06-c254-4d33-90f4-66e0a49906bb/datanode-2/data/ratis/93b4249b-db13-4bf6-8167-0c3b493dbcf9/current/log_inprogress_0
2019-09-12 11:56:53,570 [f8fc3649-0cfb-44b5-b2db-665c617086f3:group-4F187B5F4E30:LeaderElection19] INFO  impl.LeaderElection (LeaderElection.java:askForVotes(181)) - f8fc3649-0cfb-44b5-b2db-665c617086f3:group-4F187B5F4E30:LeaderElection19: begin an election at term 1 for -1: [f8fc3649-0cfb-44b5-b2db-665c617086f3:192.168.157.195:46385], old=null
2019-09-12 11:56:53,570 [f8fc3649-0cfb-44b5-b2db-665c617086f3:group-4F187B5F4E30:LeaderElection19] INFO  impl.RoleInfo (RoleInfo.java:shutdownLeaderElection(134)) - f8fc3649-0cfb-44b5-b2db-665c617086f3: shutdown LeaderElection
2019-09-12 11:56:53,570 [f8fc3649-0cfb-44b5-b2db-665c617086f3:group-4F187B5F4E30:LeaderElection19] INFO  impl.RaftServerImpl (RaftServerImpl.java:setRole(171)) - f8fc3649-0cfb-44b5-b2db-665c617086f3:group-4F187B5F4E30 changes role from CANDIDATE to LEADER at term 1 for changeToLeader
2019-09-12 11:56:53,571 [f8fc3649-0cfb-44b5-b2db-665c617086f3:group-4F187B5F4E30:LeaderElection19] INFO  impl.RaftServerImpl (ServerState.java:setLeader(263)) - f8fc3649-0cfb-44b5-b2db-665c617086f3:group-4F187B5F4E30 change Leader from null to f8fc3649-0cfb-44b5-b2db-665c617086f3 at term 1 for becomeLeader, leader elected after 5189ms
2019-09-12 11:56:53,571 [f8fc3649-0cfb-44b5-b2db-665c617086f3:group-4F187B5F4E30:LeaderElection19] INFO  server.RaftServerConfigKeys (ConfUtils.java:logGet(43)) - raft.server.staging.catchup.gap = 1000 (default)
2019-09-12 11:56:53,571 [f8fc3649-0cfb-44b5-b2db-665c617086f3:group-4F187B5F4E30:LeaderElection19] INFO  server.RaftServerConfigKeys (ConfUtils.java:logGet(43)) - raft.server.rpc.sleep.time = 25ms (default)
2019-09-12 11:56:53,571 [f8fc3649-0cfb-44b5-b2db-665c617086f3:group-4F187B5F4E30:LeaderElection19] INFO  server.RaftServerConfigKeys (ConfUtils.java:logGet(43)) - raft.server.write.element-limit = 4096 (default)
2019-09-12 11:56:53,572 [f8fc3649-0cfb-44b5-b2db-665c617086f3:group-4F187B5F4E30:LeaderElection19] INFO  server.RaftServerConfigKeys (ConfUtils.java:logGet(43)) - raft.server.watch.timeout = 10s (default)
2019-09-12 11:56:53,572 [f8fc3649-0cfb-44b5-b2db-665c617086f3:group-4F187B5F4E30:LeaderElection19] INFO  server.RaftServerConfigKeys (ConfUtils.java:logGet(43)) - raft.server.watch.timeout.denomination = 1s (default)
2019-09-12 11:56:53,572 [f8fc3649-0cfb-44b5-b2db-665c617086f3:group-4F187B5F4E30:LeaderElection19] INFO  server.RaftServerConfigKeys (ConfUtils.java:logGet(43)) - raft.server.watch.element-limit = 65536 (default)
2019-09-12 11:56:53,572 [f8fc3649-0cfb-44b5-b2db-665c617086f3:group-4F187B5F4E30:LeaderElection19] INFO  impl.RoleInfo (RoleInfo.java:updateAndGet(143)) - f8fc3649-0cfb-44b5-b2db-665c617086f3: start LeaderState
2019-09-12 11:56:53,573 [f8fc3649-0cfb-44b5-b2db-665c617086f3:group-4F187B5F4E30:LeaderElection19] INFO  segmented.SegmentedRaftLogWorker (SegmentedRaftLogWorker.java:startLogSegment(380)) - f8fc3649-0cfb-44b5-b2db-665c617086f3-SegmentedRaftLogWorker:Storage Directory /workdir/hadoop-ozone/tools/target/test-dir/MiniOzoneClusterImpl-659e2a06-c254-4d33-90f4-66e0a49906bb/datanode-0/data/ratis/8a1e5105-c57f-4387-86ff-4f187b5f4e30: Starting segment from index:0
2019-09-12 11:56:53,574 [f8fc3649-0cfb-44b5-b2db-665c617086f3:group-4F187B5F4E30:LeaderElection19] INFO  impl.RaftServerImpl (ServerState.java:setRaftConf(361)) - f8fc3649-0cfb-44b5-b2db-665c617086f3:group-4F187B5F4E30 set configuration 0: [f8fc3649-0cfb-44b5-b2db-665c617086f3:192.168.157.195:46385], old=null at 0
2019-09-12 11:56:53,624 [f8fc3649-0cfb-44b5-b2db-665c617086f3-SegmentedRaftLogWorker:Storage Directory /workdir/hadoop-ozone/tools/target/test-dir/MiniOzoneClusterImpl-659e2a06-c254-4d33-90f4-66e0a49906bb/datanode-0/data/ratis/8a1e5105-c57f-4387-86ff-4f187b5f4e30] INFO  segmented.SegmentedRaftLogWorker (SegmentedRaftLogWorker.java:execute(569)) - f8fc3649-0cfb-44b5-b2db-665c617086f3-SegmentedRaftLogWorker:Storage Directory /workdir/hadoop-ozone/tools/target/test-dir/MiniOzoneClusterImpl-659e2a06-c254-4d33-90f4-66e0a49906bb/datanode-0/data/ratis/8a1e5105-c57f-4387-86ff-4f187b5f4e30: created new log segment /workdir/hadoop-ozone/tools/target/test-dir/MiniOzoneClusterImpl-659e2a06-c254-4d33-90f4-66e0a49906bb/datanode-0/data/ratis/8a1e5105-c57f-4387-86ff-4f187b5f4e30/current/log_inprogress_0
2019-09-12 11:56:53,645 [Thread-271] INFO  impl.FollowerState (FollowerState.java:run(106)) - 7c1edd01-6b93-44c9-a455-1bd851e1af30:group-3F768B4BD7BA changes to CANDIDATE, lastRpcTime:5122, electionTimeout:5122ms
2019-09-12 11:56:53,646 [Thread-271] INFO  impl.RoleInfo (RoleInfo.java:shutdownFollowerState(121)) - 7c1edd01-6b93-44c9-a455-1bd851e1af30: shutdown FollowerState
2019-09-12 11:56:53,646 [Thread-271] INFO  impl.RaftServerImpl (RaftServerImpl.java:setRole(171)) - 7c1edd01-6b93-44c9-a455-1bd851e1af30:group-3F768B4BD7BA changes role from FOLLOWER to CANDIDATE at term 0 for changeToCandidate
2019-09-12 11:56:53,646 [Thread-271] INFO  impl.RoleInfo (RoleInfo.java:updateAndGet(143)) - 7c1edd01-6b93-44c9-a455-1bd851e1af30: start LeaderElection
2019-09-12 11:56:53,677 [7c1edd01-6b93-44c9-a455-1bd851e1af30:group-3F768B4BD7BA:LeaderElection20] INFO  impl.LeaderElection (LeaderElection.java:askForVotes(181)) - 7c1edd01-6b93-44c9-a455-1bd851e1af30:group-3F768B4BD7BA:LeaderElection20: begin an election at term 1 for -1: [7c1edd01-6b93-44c9-a455-1bd851e1af30:192.168.157.195:43783], old=null
2019-09-12 11:56:53,677 [7c1edd01-6b93-44c9-a455-1bd851e1af30:group-3F768B4BD7BA:LeaderElection20] INFO  impl.RoleInfo (RoleInfo.java:shutdownLeaderElection(134)) - 7c1edd01-6b93-44c9-a455-1bd851e1af30: shutdown LeaderElection
2019-09-12 11:56:53,677 [7c1edd01-6b93-44c9-a455-1bd851e1af30:group-3F768B4BD7BA:LeaderElection20] INFO  impl.RaftServerImpl (RaftServerImpl.java:setRole(171)) - 7c1edd01-6b93-44c9-a455-1bd851e1af30:group-3F768B4BD7BA changes role from CANDIDATE to LEADER at term 1 for changeToLeader
2019-09-12 11:56:53,677 [7c1edd01-6b93-44c9-a455-1bd851e1af30:group-3F768B4BD7BA:LeaderElection20] INFO  impl.RaftServerImpl (ServerState.java:setLeader(263)) - 7c1edd01-6b93-44c9-a455-1bd851e1af30:group-3F768B4BD7BA change Leader from null to 7c1edd01-6b93-44c9-a455-1bd851e1af30 at term 1 for becomeLeader, leader elected after 5158ms
2019-09-12 11:56:53,677 [7c1edd01-6b93-44c9-a455-1bd851e1af30:group-3F768B4BD7BA:LeaderElection20] INFO  server.RaftServerConfigKeys (ConfUtils.java:logGet(43)) - raft.server.staging.catchup.gap = 1000 (default)
2019-09-12 11:56:53,678 [7c1edd01-6b93-44c9-a455-1bd851e1af30:group-3F768B4BD7BA:LeaderElection20] INFO  server.RaftServerConfigKeys (ConfUtils.java:logGet(43)) - raft.server.rpc.sleep.time = 25ms (default)
2019-09-12 11:56:53,678 [7c1edd01-6b93-44c9-a455-1bd851e1af30:group-3F768B4BD7BA:LeaderElection20] INFO  server.RaftServerConfigKeys (ConfUtils.java:logGet(43)) - raft.server.write.element-limit = 4096 (default)
2019-09-12 11:56:53,678 [7c1edd01-6b93-44c9-a455-1bd851e1af30:group-3F768B4BD7BA:LeaderElection20] INFO  server.RaftServerConfigKeys (ConfUtils.java:logGet(43)) - raft.server.watch.timeout = 10s (default)
2019-09-12 11:56:53,678 [7c1edd01-6b93-44c9-a455-1bd851e1af30:group-3F768B4BD7BA:LeaderElection20] INFO  server.RaftServerConfigKeys (ConfUtils.java:logGet(43)) - raft.server.watch.timeout.denomination = 1s (default)
2019-09-12 11:56:53,678 [7c1edd01-6b93-44c9-a455-1bd851e1af30:group-3F768B4BD7BA:LeaderElection20] INFO  server.RaftServerConfigKeys (ConfUtils.java:logGet(43)) - raft.server.watch.element-limit = 65536 (default)
2019-09-12 11:56:53,679 [7c1edd01-6b93-44c9-a455-1bd851e1af30:group-3F768B4BD7BA:LeaderElection20] INFO  impl.RoleInfo (RoleInfo.java:updateAndGet(143)) - 7c1edd01-6b93-44c9-a455-1bd851e1af30: start LeaderState
2019-09-12 11:56:53,679 [7c1edd01-6b93-44c9-a455-1bd851e1af30:group-3F768B4BD7BA:LeaderElection20] INFO  segmented.SegmentedRaftLogWorker (SegmentedRaftLogWorker.java:startLogSegment(380)) - 7c1edd01-6b93-44c9-a455-1bd851e1af30-SegmentedRaftLogWorker:Storage Directory /workdir/hadoop-ozone/tools/target/test-dir/MiniOzoneClusterImpl-659e2a06-c254-4d33-90f4-66e0a49906bb/datanode-2/data/ratis/d7ef0f9c-e05d-4b91-9770-3f768b4bd7ba: Starting segment from index:0
2019-09-12 11:56:53,680 [7c1edd01-6b93-44c9-a455-1bd851e1af30:group-3F768B4BD7BA:LeaderElection20] INFO  impl.RaftServerImpl (ServerState.java:setRaftConf(361)) - 7c1edd01-6b93-44c9-a455-1bd851e1af30:group-3F768B4BD7BA set configuration 0: [7c1edd01-6b93-44c9-a455-1bd851e1af30:192.168.157.195:43783], old=null at 0
2019-09-12 11:56:53,730 [7c1edd01-6b93-44c9-a455-1bd851e1af30-SegmentedRaftLogWorker:Storage Directory /workdir/hadoop-ozone/tools/target/test-dir/MiniOzoneClusterImpl-659e2a06-c254-4d33-90f4-66e0a49906bb/datanode-2/data/ratis/d7ef0f9c-e05d-4b91-9770-3f768b4bd7ba] INFO  segmented.SegmentedRaftLogWorker (SegmentedRaftLogWorker.java:execute(569)) - 7c1edd01-6b93-44c9-a455-1bd851e1af30-SegmentedRaftLogWorker:Storage Directory /workdir/hadoop-ozone/tools/target/test-dir/MiniOzoneClusterImpl-659e2a06-c254-4d33-90f4-66e0a49906bb/datanode-2/data/ratis/d7ef0f9c-e05d-4b91-9770-3f768b4bd7ba: created new log segment /workdir/hadoop-ozone/tools/target/test-dir/MiniOzoneClusterImpl-659e2a06-c254-4d33-90f4-66e0a49906bb/datanode-2/data/ratis/d7ef0f9c-e05d-4b91-9770-3f768b4bd7ba/current/log_inprogress_0
2019-09-12 11:56:53,750 | INFO  | SCMAudit | user=jenkins1000 | ip=192.168.157.195 | op=SEND_HEARTBEAT {datanodeUUID=17edbb89-a050-42dd-b919-a8669dd0769f, command=[]} | ret=SUCCESS |  
2019-09-12 11:56:53,753 | INFO  | SCMAudit | user=jenkins1000 | ip=192.168.157.195 | op=SEND_HEARTBEAT {datanodeUUID=af5fed38-0f11-4bc3-b5f8-f25d4cc0e41f, command=[]} | ret=SUCCESS |  
2019-09-12 11:56:53,756 [Thread-274] INFO  impl.FollowerState (FollowerState.java:run(106)) - 17edbb89-a050-42dd-b919-a8669dd0769f:group-7EC09C26783E changes to CANDIDATE, lastRpcTime:5155, electionTimeout:5155ms
2019-09-12 11:56:53,756 [Thread-274] INFO  impl.RoleInfo (RoleInfo.java:shutdownFollowerState(121)) - 17edbb89-a050-42dd-b919-a8669dd0769f: shutdown FollowerState
2019-09-12 11:56:53,757 [Thread-274] INFO  impl.RaftServerImpl (RaftServerImpl.java:setRole(171)) - 17edbb89-a050-42dd-b919-a8669dd0769f:group-7EC09C26783E changes role from FOLLOWER to CANDIDATE at term 0 for changeToCandidate
2019-09-12 11:56:53,757 [Thread-274] INFO  impl.RoleInfo (RoleInfo.java:updateAndGet(143)) - 17edbb89-a050-42dd-b919-a8669dd0769f: start LeaderElection
2019-09-12 11:56:53,772 [17edbb89-a050-42dd-b919-a8669dd0769f:group-7EC09C26783E:LeaderElection21] INFO  impl.LeaderElection (LeaderElection.java:askForVotes(181)) - 17edbb89-a050-42dd-b919-a8669dd0769f:group-7EC09C26783E:LeaderElection21: begin an election at term 1 for -1: [17edbb89-a050-42dd-b919-a8669dd0769f:192.168.157.195:37678], old=null
2019-09-12 11:56:53,772 [17edbb89-a050-42dd-b919-a8669dd0769f:group-7EC09C26783E:LeaderElection21] INFO  impl.RoleInfo (RoleInfo.java:shutdownLeaderElection(134)) - 17edbb89-a050-42dd-b919-a8669dd0769f: shutdown LeaderElection
2019-09-12 11:56:53,773 [17edbb89-a050-42dd-b919-a8669dd0769f:group-7EC09C26783E:LeaderElection21] INFO  impl.RaftServerImpl (RaftServerImpl.java:setRole(171)) - 17edbb89-a050-42dd-b919-a8669dd0769f:group-7EC09C26783E changes role from CANDIDATE to LEADER at term 1 for changeToLeader
2019-09-12 11:56:53,773 [17edbb89-a050-42dd-b919-a8669dd0769f:group-7EC09C26783E:LeaderElection21] INFO  impl.RaftServerImpl (ServerState.java:setLeader(263)) - 17edbb89-a050-42dd-b919-a8669dd0769f:group-7EC09C26783E change Leader from null to 17edbb89-a050-42dd-b919-a8669dd0769f at term 1 for becomeLeader, leader elected after 5176ms
2019-09-12 11:56:53,773 [17edbb89-a050-42dd-b919-a8669dd0769f:group-7EC09C26783E:LeaderElection21] INFO  server.RaftServerConfigKeys (ConfUtils.java:logGet(43)) - raft.server.staging.catchup.gap = 1000 (default)
2019-09-12 11:56:53,773 [17edbb89-a050-42dd-b919-a8669dd0769f:group-7EC09C26783E:LeaderElection21] INFO  server.RaftServerConfigKeys (ConfUtils.java:logGet(43)) - raft.server.rpc.sleep.time = 25ms (default)
2019-09-12 11:56:53,774 [17edbb89-a050-42dd-b919-a8669dd0769f:group-7EC09C26783E:LeaderElection21] INFO  server.RaftServerConfigKeys (ConfUtils.java:logGet(43)) - raft.server.write.element-limit = 4096 (default)
2019-09-12 11:56:53,774 [17edbb89-a050-42dd-b919-a8669dd0769f:group-7EC09C26783E:LeaderElection21] INFO  server.RaftServerConfigKeys (ConfUtils.java:logGet(43)) - raft.server.watch.timeout = 10s (default)
2019-09-12 11:56:53,774 [17edbb89-a050-42dd-b919-a8669dd0769f:group-7EC09C26783E:LeaderElection21] INFO  server.RaftServerConfigKeys (ConfUtils.java:logGet(43)) - raft.server.watch.timeout.denomination = 1s (default)
2019-09-12 11:56:53,774 [17edbb89-a050-42dd-b919-a8669dd0769f:group-7EC09C26783E:LeaderElection21] INFO  server.RaftServerConfigKeys (ConfUtils.java:logGet(43)) - raft.server.watch.element-limit = 65536 (default)
2019-09-12 11:56:53,774 [17edbb89-a050-42dd-b919-a8669dd0769f:group-7EC09C26783E:LeaderElection21] INFO  impl.RoleInfo (RoleInfo.java:updateAndGet(143)) - 17edbb89-a050-42dd-b919-a8669dd0769f: start LeaderState
2019-09-12 11:56:53,775 [17edbb89-a050-42dd-b919-a8669dd0769f:group-7EC09C26783E:LeaderElection21] INFO  segmented.SegmentedRaftLogWorker (SegmentedRaftLogWorker.java:startLogSegment(380)) - 17edbb89-a050-42dd-b919-a8669dd0769f-SegmentedRaftLogWorker:Storage Directory /workdir/hadoop-ozone/tools/target/test-dir/MiniOzoneClusterImpl-659e2a06-c254-4d33-90f4-66e0a49906bb/datanode-4/data/ratis/9d8fbd1e-1938-4f31-8899-7ec09c26783e: Starting segment from index:0
2019-09-12 11:56:53,776 [17edbb89-a050-42dd-b919-a8669dd0769f:group-7EC09C26783E:LeaderElection21] INFO  impl.RaftServerImpl (ServerState.java:setRaftConf(361)) - 17edbb89-a050-42dd-b919-a8669dd0769f:group-7EC09C26783E set configuration 0: [17edbb89-a050-42dd-b919-a8669dd0769f:192.168.157.195:37678], old=null at 0
2019-09-12 11:56:53,812 [Thread-277] INFO  impl.FollowerState (FollowerState.java:run(106)) - 17f5de45-d006-42d4-a442-b3531657861f:group-56CDF8DA1EAD changes to CANDIDATE, lastRpcTime:5154, electionTimeout:5130ms
2019-09-12 11:56:53,812 [Thread-277] INFO  impl.RoleInfo (RoleInfo.java:shutdownFollowerState(121)) - 17f5de45-d006-42d4-a442-b3531657861f: shutdown FollowerState
2019-09-12 11:56:53,812 [Thread-277] INFO  impl.RaftServerImpl (RaftServerImpl.java:setRole(171)) - 17f5de45-d006-42d4-a442-b3531657861f:group-56CDF8DA1EAD changes role from FOLLOWER to CANDIDATE at term 0 for changeToCandidate
2019-09-12 11:56:53,813 [Thread-277] INFO  impl.RoleInfo (RoleInfo.java:updateAndGet(143)) - 17f5de45-d006-42d4-a442-b3531657861f: start LeaderElection
2019-09-12 11:56:53,813 | INFO  | SCMAudit | user=jenkins1000 | ip=192.168.157.195 | op=SEND_HEARTBEAT {datanodeUUID=f8fc3649-0cfb-44b5-b2db-665c617086f3, command=[]} | ret=SUCCESS |  
2019-09-12 11:56:53,833 [17edbb89-a050-42dd-b919-a8669dd0769f-SegmentedRaftLogWorker:Storage Directory /workdir/hadoop-ozone/tools/target/test-dir/MiniOzoneClusterImpl-659e2a06-c254-4d33-90f4-66e0a49906bb/datanode-4/data/ratis/9d8fbd1e-1938-4f31-8899-7ec09c26783e] INFO  segmented.SegmentedRaftLogWorker (SegmentedRaftLogWorker.java:execute(569)) - 17edbb89-a050-42dd-b919-a8669dd0769f-SegmentedRaftLogWorker:Storage Directory /workdir/hadoop-ozone/tools/target/test-dir/MiniOzoneClusterImpl-659e2a06-c254-4d33-90f4-66e0a49906bb/datanode-4/data/ratis/9d8fbd1e-1938-4f31-8899-7ec09c26783e: created new log segment /workdir/hadoop-ozone/tools/target/test-dir/MiniOzoneClusterImpl-659e2a06-c254-4d33-90f4-66e0a49906bb/datanode-4/data/ratis/9d8fbd1e-1938-4f31-8899-7ec09c26783e/current/log_inprogress_0
2019-09-12 11:56:53,833 [17f5de45-d006-42d4-a442-b3531657861f:group-56CDF8DA1EAD:LeaderElection22] INFO  impl.LeaderElection (LeaderElection.java:askForVotes(181)) - 17f5de45-d006-42d4-a442-b3531657861f:group-56CDF8DA1EAD:LeaderElection22: begin an election at term 1 for -1: [17f5de45-d006-42d4-a442-b3531657861f:192.168.157.195:40760], old=null
2019-09-12 11:56:53,833 [17f5de45-d006-42d4-a442-b3531657861f:group-56CDF8DA1EAD:LeaderElection22] INFO  impl.RoleInfo (RoleInfo.java:shutdownLeaderElection(134)) - 17f5de45-d006-42d4-a442-b3531657861f: shutdown LeaderElection
2019-09-12 11:56:53,833 [17f5de45-d006-42d4-a442-b3531657861f:group-56CDF8DA1EAD:LeaderElection22] INFO  impl.RaftServerImpl (RaftServerImpl.java:setRole(171)) - 17f5de45-d006-42d4-a442-b3531657861f:group-56CDF8DA1EAD changes role from CANDIDATE to LEADER at term 1 for changeToLeader
2019-09-12 11:56:53,833 [17f5de45-d006-42d4-a442-b3531657861f:group-56CDF8DA1EAD:LeaderElection22] INFO  impl.RaftServerImpl (ServerState.java:setLeader(263)) - 17f5de45-d006-42d4-a442-b3531657861f:group-56CDF8DA1EAD change Leader from null to 17f5de45-d006-42d4-a442-b3531657861f at term 1 for becomeLeader, leader elected after 5181ms
2019-09-12 11:56:53,834 [17f5de45-d006-42d4-a442-b3531657861f:group-56CDF8DA1EAD:LeaderElection22] INFO  server.RaftServerConfigKeys (ConfUtils.java:logGet(43)) - raft.server.staging.catchup.gap = 1000 (default)
2019-09-12 11:56:53,834 [17f5de45-d006-42d4-a442-b3531657861f:group-56CDF8DA1EAD:LeaderElection22] INFO  server.RaftServerConfigKeys (ConfUtils.java:logGet(43)) - raft.server.rpc.sleep.time = 25ms (default)
2019-09-12 11:56:53,834 [17f5de45-d006-42d4-a442-b3531657861f:group-56CDF8DA1EAD:LeaderElection22] INFO  server.RaftServerConfigKeys (ConfUtils.java:logGet(43)) - raft.server.write.element-limit = 4096 (default)
2019-09-12 11:56:53,834 [17f5de45-d006-42d4-a442-b3531657861f:group-56CDF8DA1EAD:LeaderElection22] INFO  server.RaftServerConfigKeys (ConfUtils.java:logGet(43)) - raft.server.watch.timeout = 10s (default)
2019-09-12 11:56:53,835 [17f5de45-d006-42d4-a442-b3531657861f:group-56CDF8DA1EAD:LeaderElection22] INFO  server.RaftServerConfigKeys (ConfUtils.java:logGet(43)) - raft.server.watch.timeout.denomination = 1s (default)
2019-09-12 11:56:53,835 [17f5de45-d006-42d4-a442-b3531657861f:group-56CDF8DA1EAD:LeaderElection22] INFO  server.RaftServerConfigKeys (ConfUtils.java:logGet(43)) - raft.server.watch.element-limit = 65536 (default)
2019-09-12 11:56:53,835 [17f5de45-d006-42d4-a442-b3531657861f:group-56CDF8DA1EAD:LeaderElection22] INFO  impl.RoleInfo (RoleInfo.java:updateAndGet(143)) - 17f5de45-d006-42d4-a442-b3531657861f: start LeaderState
2019-09-12 11:56:53,836 [17f5de45-d006-42d4-a442-b3531657861f:group-56CDF8DA1EAD:LeaderElection22] INFO  segmented.SegmentedRaftLogWorker (SegmentedRaftLogWorker.java:startLogSegment(380)) - 17f5de45-d006-42d4-a442-b3531657861f-SegmentedRaftLogWorker:Storage Directory /workdir/hadoop-ozone/tools/target/test-dir/MiniOzoneClusterImpl-659e2a06-c254-4d33-90f4-66e0a49906bb/datanode-1/data/ratis/82a07bb9-3ab4-441e-bd1d-56cdf8da1ead: Starting segment from index:0
2019-09-12 11:56:53,836 [17f5de45-d006-42d4-a442-b3531657861f:group-56CDF8DA1EAD:LeaderElection22] INFO  impl.RaftServerImpl (ServerState.java:setRaftConf(361)) - 17f5de45-d006-42d4-a442-b3531657861f:group-56CDF8DA1EAD set configuration 0: [17f5de45-d006-42d4-a442-b3531657861f:192.168.157.195:40760], old=null at 0
2019-09-12 11:56:53,871 [Thread-280] INFO  impl.FollowerState (FollowerState.java:run(106)) - af5fed38-0f11-4bc3-b5f8-f25d4cc0e41f:group-DC781DFB4CA7 changes to CANDIDATE, lastRpcTime:5155, electionTimeout:5122ms
2019-09-12 11:56:53,872 [Thread-280] INFO  impl.RoleInfo (RoleInfo.java:shutdownFollowerState(121)) - af5fed38-0f11-4bc3-b5f8-f25d4cc0e41f: shutdown FollowerState
2019-09-12 11:56:53,872 [Thread-280] INFO  impl.RaftServerImpl (RaftServerImpl.java:setRole(171)) - af5fed38-0f11-4bc3-b5f8-f25d4cc0e41f:group-DC781DFB4CA7 changes role from FOLLOWER to CANDIDATE at term 0 for changeToCandidate
2019-09-12 11:56:53,872 [Thread-280] INFO  impl.RoleInfo (RoleInfo.java:updateAndGet(143)) - af5fed38-0f11-4bc3-b5f8-f25d4cc0e41f: start LeaderElection
2019-09-12 11:56:53,885 [17f5de45-d006-42d4-a442-b3531657861f-SegmentedRaftLogWorker:Storage Directory /workdir/hadoop-ozone/tools/target/test-dir/MiniOzoneClusterImpl-659e2a06-c254-4d33-90f4-66e0a49906bb/datanode-1/data/ratis/82a07bb9-3ab4-441e-bd1d-56cdf8da1ead] INFO  segmented.SegmentedRaftLogWorker (SegmentedRaftLogWorker.java:execute(569)) - 17f5de45-d006-42d4-a442-b3531657861f-SegmentedRaftLogWorker:Storage Directory /workdir/hadoop-ozone/tools/target/test-dir/MiniOzoneClusterImpl-659e2a06-c254-4d33-90f4-66e0a49906bb/datanode-1/data/ratis/82a07bb9-3ab4-441e-bd1d-56cdf8da1ead: created new log segment /workdir/hadoop-ozone/tools/target/test-dir/MiniOzoneClusterImpl-659e2a06-c254-4d33-90f4-66e0a49906bb/datanode-1/data/ratis/82a07bb9-3ab4-441e-bd1d-56cdf8da1ead/current/log_inprogress_0
2019-09-12 11:56:53,885 [af5fed38-0f11-4bc3-b5f8-f25d4cc0e41f:group-DC781DFB4CA7:LeaderElection23] INFO  impl.LeaderElection (LeaderElection.java:askForVotes(181)) - af5fed38-0f11-4bc3-b5f8-f25d4cc0e41f:group-DC781DFB4CA7:LeaderElection23: begin an election at term 1 for -1: [af5fed38-0f11-4bc3-b5f8-f25d4cc0e41f:192.168.157.195:46650], old=null
2019-09-12 11:56:53,886 [af5fed38-0f11-4bc3-b5f8-f25d4cc0e41f:group-DC781DFB4CA7:LeaderElection23] INFO  impl.RoleInfo (RoleInfo.java:shutdownLeaderElection(134)) - af5fed38-0f11-4bc3-b5f8-f25d4cc0e41f: shutdown LeaderElection
2019-09-12 11:56:53,886 [af5fed38-0f11-4bc3-b5f8-f25d4cc0e41f:group-DC781DFB4CA7:LeaderElection23] INFO  impl.RaftServerImpl (RaftServerImpl.java:setRole(171)) - af5fed38-0f11-4bc3-b5f8-f25d4cc0e41f:group-DC781DFB4CA7 changes role from CANDIDATE to LEADER at term 1 for changeToLeader
2019-09-12 11:56:53,886 [af5fed38-0f11-4bc3-b5f8-f25d4cc0e41f:group-DC781DFB4CA7:LeaderElection23] INFO  impl.RaftServerImpl (ServerState.java:setLeader(263)) - af5fed38-0f11-4bc3-b5f8-f25d4cc0e41f:group-DC781DFB4CA7 change Leader from null to af5fed38-0f11-4bc3-b5f8-f25d4cc0e41f at term 1 for becomeLeader, leader elected after 5175ms
2019-09-12 11:56:53,893 [af5fed38-0f11-4bc3-b5f8-f25d4cc0e41f:group-DC781DFB4CA7:LeaderElection23] INFO  server.RaftServerConfigKeys (ConfUtils.java:logGet(43)) - raft.server.staging.catchup.gap = 1000 (default)
2019-09-12 11:56:53,893 [af5fed38-0f11-4bc3-b5f8-f25d4cc0e41f:group-DC781DFB4CA7:LeaderElection23] INFO  server.RaftServerConfigKeys (ConfUtils.java:logGet(43)) - raft.server.rpc.sleep.time = 25ms (default)
2019-09-12 11:56:53,893 [af5fed38-0f11-4bc3-b5f8-f25d4cc0e41f:group-DC781DFB4CA7:LeaderElection23] INFO  server.RaftServerConfigKeys (ConfUtils.java:logGet(43)) - raft.server.write.element-limit = 4096 (default)
2019-09-12 11:56:53,894 [af5fed38-0f11-4bc3-b5f8-f25d4cc0e41f:group-DC781DFB4CA7:LeaderElection23] INFO  server.RaftServerConfigKeys (ConfUtils.java:logGet(43)) - raft.server.watch.timeout = 10s (default)
2019-09-12 11:56:53,894 [af5fed38-0f11-4bc3-b5f8-f25d4cc0e41f:group-DC781DFB4CA7:LeaderElection23] INFO  server.RaftServerConfigKeys (ConfUtils.java:logGet(43)) - raft.server.watch.timeout.denomination = 1s (default)
2019-09-12 11:56:53,894 [af5fed38-0f11-4bc3-b5f8-f25d4cc0e41f:group-DC781DFB4CA7:LeaderElection23] INFO  server.RaftServerConfigKeys (ConfUtils.java:logGet(43)) - raft.server.watch.element-limit = 65536 (default)
2019-09-12 11:56:53,894 [af5fed38-0f11-4bc3-b5f8-f25d4cc0e41f:group-DC781DFB4CA7:LeaderElection23] INFO  impl.RoleInfo (RoleInfo.java:updateAndGet(143)) - af5fed38-0f11-4bc3-b5f8-f25d4cc0e41f: start LeaderState
2019-09-12 11:56:53,895 [af5fed38-0f11-4bc3-b5f8-f25d4cc0e41f:group-DC781DFB4CA7:LeaderElection23] INFO  segmented.SegmentedRaftLogWorker (SegmentedRaftLogWorker.java:startLogSegment(380)) - af5fed38-0f11-4bc3-b5f8-f25d4cc0e41f-SegmentedRaftLogWorker:Storage Directory /workdir/hadoop-ozone/tools/target/test-dir/MiniOzoneClusterImpl-659e2a06-c254-4d33-90f4-66e0a49906bb/datanode-3/data/ratis/fd539867-7ee4-4e67-89ff-dc781dfb4ca7: Starting segment from index:0
2019-09-12 11:56:53,895 [af5fed38-0f11-4bc3-b5f8-f25d4cc0e41f:group-DC781DFB4CA7:LeaderElection23] INFO  impl.RaftServerImpl (ServerState.java:setRaftConf(361)) - af5fed38-0f11-4bc3-b5f8-f25d4cc0e41f:group-DC781DFB4CA7 set configuration 0: [af5fed38-0f11-4bc3-b5f8-f25d4cc0e41f:192.168.157.195:46650], old=null at 0
2019-09-12 11:56:53,941 [Thread-286] INFO  impl.FollowerState (FollowerState.java:run(106)) - 17f5de45-d006-42d4-a442-b3531657861f:group-1DB58B57305A changes to CANDIDATE, lastRpcTime:5111, electionTimeout:5111ms
2019-09-12 11:56:53,942 [Thread-286] INFO  impl.RoleInfo (RoleInfo.java:shutdownFollowerState(121)) - 17f5de45-d006-42d4-a442-b3531657861f: shutdown FollowerState
2019-09-12 11:56:53,942 [Thread-286] INFO  impl.RaftServerImpl (RaftServerImpl.java:setRole(171)) - 17f5de45-d006-42d4-a442-b3531657861f:group-1DB58B57305A changes role from FOLLOWER to CANDIDATE at term 0 for changeToCandidate
2019-09-12 11:56:53,942 [Thread-286] INFO  impl.RoleInfo (RoleInfo.java:updateAndGet(143)) - 17f5de45-d006-42d4-a442-b3531657861f: start LeaderElection
2019-09-12 11:56:53,944 [af5fed38-0f11-4bc3-b5f8-f25d4cc0e41f-SegmentedRaftLogWorker:Storage Directory /workdir/hadoop-ozone/tools/target/test-dir/MiniOzoneClusterImpl-659e2a06-c254-4d33-90f4-66e0a49906bb/datanode-3/data/ratis/fd539867-7ee4-4e67-89ff-dc781dfb4ca7] INFO  segmented.SegmentedRaftLogWorker (SegmentedRaftLogWorker.java:execute(569)) - af5fed38-0f11-4bc3-b5f8-f25d4cc0e41f-SegmentedRaftLogWorker:Storage Directory /workdir/hadoop-ozone/tools/target/test-dir/MiniOzoneClusterImpl-659e2a06-c254-4d33-90f4-66e0a49906bb/datanode-3/data/ratis/fd539867-7ee4-4e67-89ff-dc781dfb4ca7: created new log segment /workdir/hadoop-ozone/tools/target/test-dir/MiniOzoneClusterImpl-659e2a06-c254-4d33-90f4-66e0a49906bb/datanode-3/data/ratis/fd539867-7ee4-4e67-89ff-dc781dfb4ca7/current/log_inprogress_0
2019-09-12 11:56:53,955 [Thread-290] INFO  impl.FollowerState (FollowerState.java:run(106)) - af5fed38-0f11-4bc3-b5f8-f25d4cc0e41f:group-434440480EA0 changes to CANDIDATE, lastRpcTime:5073, electionTimeout:5073ms
2019-09-12 11:56:53,955 [Thread-290] INFO  impl.RoleInfo (RoleInfo.java:shutdownFollowerState(121)) - af5fed38-0f11-4bc3-b5f8-f25d4cc0e41f: shutdown FollowerState
2019-09-12 11:56:53,955 [Thread-290] INFO  impl.RaftServerImpl (RaftServerImpl.java:setRole(171)) - af5fed38-0f11-4bc3-b5f8-f25d4cc0e41f:group-434440480EA0 changes role from FOLLOWER to CANDIDATE at term 0 for changeToCandidate
2019-09-12 11:56:53,956 [Thread-290] INFO  impl.RoleInfo (RoleInfo.java:updateAndGet(143)) - af5fed38-0f11-4bc3-b5f8-f25d4cc0e41f: start LeaderElection
2019-09-12 11:56:53,958 [17f5de45-d006-42d4-a442-b3531657861f:group-1DB58B57305A:LeaderElection24] INFO  impl.LeaderElection (LeaderElection.java:askForVotes(181)) - 17f5de45-d006-42d4-a442-b3531657861f:group-1DB58B57305A:LeaderElection24: begin an election at term 1 for -1: [17f5de45-d006-42d4-a442-b3531657861f:192.168.157.195:40760], old=null
2019-09-12 11:56:53,958 [17f5de45-d006-42d4-a442-b3531657861f:group-1DB58B57305A:LeaderElection24] INFO  impl.RoleInfo (RoleInfo.java:shutdownLeaderElection(134)) - 17f5de45-d006-42d4-a442-b3531657861f: shutdown LeaderElection
2019-09-12 11:56:53,958 [17f5de45-d006-42d4-a442-b3531657861f:group-1DB58B57305A:LeaderElection24] INFO  impl.RaftServerImpl (RaftServerImpl.java:setRole(171)) - 17f5de45-d006-42d4-a442-b3531657861f:group-1DB58B57305A changes role from CANDIDATE to LEADER at term 1 for changeToLeader
2019-09-12 11:56:53,958 [17f5de45-d006-42d4-a442-b3531657861f:group-1DB58B57305A:LeaderElection24] INFO  impl.RaftServerImpl (ServerState.java:setLeader(263)) - 17f5de45-d006-42d4-a442-b3531657861f:group-1DB58B57305A change Leader from null to 17f5de45-d006-42d4-a442-b3531657861f at term 1 for becomeLeader, leader elected after 5132ms
2019-09-12 11:56:53,959 [17f5de45-d006-42d4-a442-b3531657861f:group-1DB58B57305A:LeaderElection24] INFO  server.RaftServerConfigKeys (ConfUtils.java:logGet(43)) - raft.server.staging.catchup.gap = 1000 (default)
2019-09-12 11:56:53,959 [17f5de45-d006-42d4-a442-b3531657861f:group-1DB58B57305A:LeaderElection24] INFO  server.RaftServerConfigKeys (ConfUtils.java:logGet(43)) - raft.server.rpc.sleep.time = 25ms (default)
2019-09-12 11:56:53,959 [17f5de45-d006-42d4-a442-b3531657861f:group-1DB58B57305A:LeaderElection24] INFO  server.RaftServerConfigKeys (ConfUtils.java:logGet(43)) - raft.server.write.element-limit = 4096 (default)
2019-09-12 11:56:53,959 [17f5de45-d006-42d4-a442-b3531657861f:group-1DB58B57305A:LeaderElection24] INFO  server.RaftServerConfigKeys (ConfUtils.java:logGet(43)) - raft.server.watch.timeout = 10s (default)
2019-09-12 11:56:53,959 [17f5de45-d006-42d4-a442-b3531657861f:group-1DB58B57305A:LeaderElection24] INFO  server.RaftServerConfigKeys (ConfUtils.java:logGet(43)) - raft.server.watch.timeout.denomination = 1s (default)
2019-09-12 11:56:53,960 [17f5de45-d006-42d4-a442-b3531657861f:group-1DB58B57305A:LeaderElection24] INFO  server.RaftServerConfigKeys (ConfUtils.java:logGet(43)) - raft.server.watch.element-limit = 65536 (default)
2019-09-12 11:56:53,960 [17f5de45-d006-42d4-a442-b3531657861f:group-1DB58B57305A:LeaderElection24] INFO  impl.RoleInfo (RoleInfo.java:updateAndGet(143)) - 17f5de45-d006-42d4-a442-b3531657861f: start LeaderState
2019-09-12 11:56:53,960 [17f5de45-d006-42d4-a442-b3531657861f:group-1DB58B57305A:LeaderElection24] INFO  segmented.SegmentedRaftLogWorker (SegmentedRaftLogWorker.java:startLogSegment(380)) - 17f5de45-d006-42d4-a442-b3531657861f-SegmentedRaftLogWorker:Storage Directory /workdir/hadoop-ozone/tools/target/test-dir/MiniOzoneClusterImpl-659e2a06-c254-4d33-90f4-66e0a49906bb/datanode-1/data/ratis/35e61403-0a3a-4462-9f7a-1db58b57305a: Starting segment from index:0
2019-09-12 11:56:53,961 [17f5de45-d006-42d4-a442-b3531657861f:group-1DB58B57305A:LeaderElection24] INFO  impl.RaftServerImpl (ServerState.java:setRaftConf(361)) - 17f5de45-d006-42d4-a442-b3531657861f:group-1DB58B57305A set configuration 0: [17f5de45-d006-42d4-a442-b3531657861f:192.168.157.195:40760], old=null at 0
2019-09-12 11:56:53,998 [Thread-283] INFO  impl.FollowerState (FollowerState.java:run(106)) - 17f5de45-d006-42d4-a442-b3531657861f:group-953817EC86AC changes to CANDIDATE, lastRpcTime:5221, electionTimeout:5192ms
2019-09-12 11:56:53,999 [af5fed38-0f11-4bc3-b5f8-f25d4cc0e41f:group-434440480EA0:LeaderElection25] INFO  impl.LeaderElection (LeaderElection.java:askForVotes(181)) - af5fed38-0f11-4bc3-b5f8-f25d4cc0e41f:group-434440480EA0:LeaderElection25: begin an election at term 1 for -1: [af5fed38-0f11-4bc3-b5f8-f25d4cc0e41f:192.168.157.195:46650], old=null
2019-09-12 11:56:53,999 [Thread-283] INFO  impl.RoleInfo (RoleInfo.java:shutdownFollowerState(121)) - 17f5de45-d006-42d4-a442-b3531657861f: shutdown FollowerState
2019-09-12 11:56:53,998 [Thread-293] INFO  impl.FollowerState (FollowerState.java:run(106)) - af5fed38-0f11-4bc3-b5f8-f25d4cc0e41f:group-B06C647F6F4C changes to CANDIDATE, lastRpcTime:5068, electionTimeout:5032ms
2019-09-12 11:56:53,999 [Thread-283] INFO  impl.RaftServerImpl (RaftServerImpl.java:setRole(171)) - 17f5de45-d006-42d4-a442-b3531657861f:group-953817EC86AC changes role from FOLLOWER to CANDIDATE at term 0 for changeToCandidate
2019-09-12 11:56:53,999 [af5fed38-0f11-4bc3-b5f8-f25d4cc0e41f:group-434440480EA0:LeaderElection25] INFO  impl.RoleInfo (RoleInfo.java:shutdownLeaderElection(134)) - af5fed38-0f11-4bc3-b5f8-f25d4cc0e41f: shutdown LeaderElection
2019-09-12 11:56:54,000 [Thread-283] INFO  impl.RoleInfo (RoleInfo.java:updateAndGet(143)) - 17f5de45-d006-42d4-a442-b3531657861f: start LeaderElection
2019-09-12 11:56:53,999 [Thread-293] INFO  impl.RoleInfo (RoleInfo.java:shutdownFollowerState(121)) - af5fed38-0f11-4bc3-b5f8-f25d4cc0e41f: shutdown FollowerState
2019-09-12 11:56:54,000 [af5fed38-0f11-4bc3-b5f8-f25d4cc0e41f:group-434440480EA0:LeaderElection25] INFO  impl.RaftServerImpl (RaftServerImpl.java:setRole(171)) - af5fed38-0f11-4bc3-b5f8-f25d4cc0e41f:group-434440480EA0 changes role from CANDIDATE to LEADER at term 1 for changeToLeader
2019-09-12 11:56:54,000 [Thread-293] INFO  impl.RaftServerImpl (RaftServerImpl.java:setRole(171)) - af5fed38-0f11-4bc3-b5f8-f25d4cc0e41f:group-B06C647F6F4C changes role from FOLLOWER to CANDIDATE at term 0 for changeToCandidate
2019-09-12 11:56:54,002 [af5fed38-0f11-4bc3-b5f8-f25d4cc0e41f:group-434440480EA0:LeaderElection25] INFO  impl.RaftServerImpl (ServerState.java:setLeader(263)) - af5fed38-0f11-4bc3-b5f8-f25d4cc0e41f:group-434440480EA0 change Leader from null to af5fed38-0f11-4bc3-b5f8-f25d4cc0e41f at term 1 for becomeLeader, leader elected after 5123ms
2019-09-12 11:56:54,002 [Thread-293] INFO  impl.RoleInfo (RoleInfo.java:updateAndGet(143)) - af5fed38-0f11-4bc3-b5f8-f25d4cc0e41f: start LeaderElection
2019-09-12 11:56:54,003 [af5fed38-0f11-4bc3-b5f8-f25d4cc0e41f:group-434440480EA0:LeaderElection25] INFO  server.RaftServerConfigKeys (ConfUtils.java:logGet(43)) - raft.server.staging.catchup.gap = 1000 (default)
2019-09-12 11:56:54,003 [af5fed38-0f11-4bc3-b5f8-f25d4cc0e41f:group-434440480EA0:LeaderElection25] INFO  server.RaftServerConfigKeys (ConfUtils.java:logGet(43)) - raft.server.rpc.sleep.time = 25ms (default)
2019-09-12 11:56:54,005 [af5fed38-0f11-4bc3-b5f8-f25d4cc0e41f:group-434440480EA0:LeaderElection25] INFO  server.RaftServerConfigKeys (ConfUtils.java:logGet(43)) - raft.server.write.element-limit = 4096 (default)
2019-09-12 11:56:54,005 [af5fed38-0f11-4bc3-b5f8-f25d4cc0e41f:group-434440480EA0:LeaderElection25] INFO  server.RaftServerConfigKeys (ConfUtils.java:logGet(43)) - raft.server.watch.timeout = 10s (default)
2019-09-12 11:56:54,005 [af5fed38-0f11-4bc3-b5f8-f25d4cc0e41f:group-434440480EA0:LeaderElection25] INFO  server.RaftServerConfigKeys (ConfUtils.java:logGet(43)) - raft.server.watch.timeout.denomination = 1s (default)
2019-09-12 11:56:54,005 [af5fed38-0f11-4bc3-b5f8-f25d4cc0e41f:group-434440480EA0:LeaderElection25] INFO  server.RaftServerConfigKeys (ConfUtils.java:logGet(43)) - raft.server.watch.element-limit = 65536 (default)
2019-09-12 11:56:54,006 [af5fed38-0f11-4bc3-b5f8-f25d4cc0e41f:group-434440480EA0:LeaderElection25] INFO  impl.RoleInfo (RoleInfo.java:updateAndGet(143)) - af5fed38-0f11-4bc3-b5f8-f25d4cc0e41f: start LeaderState
2019-09-12 11:56:54,006 [af5fed38-0f11-4bc3-b5f8-f25d4cc0e41f:group-434440480EA0:LeaderElection25] INFO  segmented.SegmentedRaftLogWorker (SegmentedRaftLogWorker.java:startLogSegment(380)) - af5fed38-0f11-4bc3-b5f8-f25d4cc0e41f-SegmentedRaftLogWorker:Storage Directory /workdir/hadoop-ozone/tools/target/test-dir/MiniOzoneClusterImpl-659e2a06-c254-4d33-90f4-66e0a49906bb/datanode-3/data/ratis/e2f32766-7983-4092-a0e1-434440480ea0: Starting segment from index:0
2019-09-12 11:56:54,007 [af5fed38-0f11-4bc3-b5f8-f25d4cc0e41f:group-434440480EA0:LeaderElection25] INFO  impl.RaftServerImpl (ServerState.java:setRaftConf(361)) - af5fed38-0f11-4bc3-b5f8-f25d4cc0e41f:group-434440480EA0 set configuration 0: [af5fed38-0f11-4bc3-b5f8-f25d4cc0e41f:192.168.157.195:46650], old=null at 0
2019-09-12 11:56:54,038 [17f5de45-d006-42d4-a442-b3531657861f-SegmentedRaftLogWorker:Storage Directory /workdir/hadoop-ozone/tools/target/test-dir/MiniOzoneClusterImpl-659e2a06-c254-4d33-90f4-66e0a49906bb/datanode-1/data/ratis/35e61403-0a3a-4462-9f7a-1db58b57305a] INFO  segmented.SegmentedRaftLogWorker (SegmentedRaftLogWorker.java:execute(569)) - 17f5de45-d006-42d4-a442-b3531657861f-SegmentedRaftLogWorker:Storage Directory /workdir/hadoop-ozone/tools/target/test-dir/MiniOzoneClusterImpl-659e2a06-c254-4d33-90f4-66e0a49906bb/datanode-1/data/ratis/35e61403-0a3a-4462-9f7a-1db58b57305a: created new log segment /workdir/hadoop-ozone/tools/target/test-dir/MiniOzoneClusterImpl-659e2a06-c254-4d33-90f4-66e0a49906bb/datanode-1/data/ratis/35e61403-0a3a-4462-9f7a-1db58b57305a/current/log_inprogress_0
2019-09-12 11:56:54,038 [af5fed38-0f11-4bc3-b5f8-f25d4cc0e41f:group-B06C647F6F4C:LeaderElection27] INFO  impl.LeaderElection (LeaderElection.java:askForVotes(181)) - af5fed38-0f11-4bc3-b5f8-f25d4cc0e41f:group-B06C647F6F4C:LeaderElection27: begin an election at term 1 for -1: [af5fed38-0f11-4bc3-b5f8-f25d4cc0e41f:192.168.157.195:46650], old=null
2019-09-12 11:56:54,038 [17f5de45-d006-42d4-a442-b3531657861f:group-953817EC86AC:LeaderElection26] INFO  impl.LeaderElection (LeaderElection.java:askForVotes(181)) - 17f5de45-d006-42d4-a442-b3531657861f:group-953817EC86AC:LeaderElection26: begin an election at term 1 for -1: [17f5de45-d006-42d4-a442-b3531657861f:192.168.157.195:40760], old=null
2019-09-12 11:56:54,038 [af5fed38-0f11-4bc3-b5f8-f25d4cc0e41f:group-B06C647F6F4C:LeaderElection27] INFO  impl.RoleInfo (RoleInfo.java:shutdownLeaderElection(134)) - af5fed38-0f11-4bc3-b5f8-f25d4cc0e41f: shutdown LeaderElection
2019-09-12 11:56:54,039 [17f5de45-d006-42d4-a442-b3531657861f:group-953817EC86AC:LeaderElection26] INFO  impl.RoleInfo (RoleInfo.java:shutdownLeaderElection(134)) - 17f5de45-d006-42d4-a442-b3531657861f: shutdown LeaderElection
2019-09-12 11:56:54,039 [af5fed38-0f11-4bc3-b5f8-f25d4cc0e41f:group-B06C647F6F4C:LeaderElection27] INFO  impl.RaftServerImpl (RaftServerImpl.java:setRole(171)) - af5fed38-0f11-4bc3-b5f8-f25d4cc0e41f:group-B06C647F6F4C changes role from CANDIDATE to LEADER at term 1 for changeToLeader
2019-09-12 11:56:54,039 [17f5de45-d006-42d4-a442-b3531657861f:group-953817EC86AC:LeaderElection26] INFO  impl.RaftServerImpl (RaftServerImpl.java:setRole(171)) - 17f5de45-d006-42d4-a442-b3531657861f:group-953817EC86AC changes role from CANDIDATE to LEADER at term 1 for changeToLeader
2019-09-12 11:56:54,039 [af5fed38-0f11-4bc3-b5f8-f25d4cc0e41f:group-B06C647F6F4C:LeaderElection27] INFO  impl.RaftServerImpl (ServerState.java:setLeader(263)) - af5fed38-0f11-4bc3-b5f8-f25d4cc0e41f:group-B06C647F6F4C change Leader from null to af5fed38-0f11-4bc3-b5f8-f25d4cc0e41f at term 1 for becomeLeader, leader elected after 5112ms
2019-09-12 11:56:54,039 [17f5de45-d006-42d4-a442-b3531657861f:group-953817EC86AC:LeaderElection26] INFO  impl.RaftServerImpl (ServerState.java:setLeader(263)) - 17f5de45-d006-42d4-a442-b3531657861f:group-953817EC86AC change Leader from null to 17f5de45-d006-42d4-a442-b3531657861f at term 1 for becomeLeader, leader elected after 5266ms
2019-09-12 11:56:54,039 | INFO  | SCMAudit | user=jenkins1000 | ip=192.168.157.195 | op=SEND_HEARTBEAT {datanodeUUID=17f5de45-d006-42d4-a442-b3531657861f, command=[]} | ret=SUCCESS |  
2019-09-12 11:56:54,039 [af5fed38-0f11-4bc3-b5f8-f25d4cc0e41f:group-B06C647F6F4C:LeaderElection27] INFO  server.RaftServerConfigKeys (ConfUtils.java:logGet(43)) - raft.server.staging.catchup.gap = 1000 (default)
2019-09-12 11:56:54,040 [17f5de45-d006-42d4-a442-b3531657861f:group-953817EC86AC:LeaderElection26] INFO  server.RaftServerConfigKeys (ConfUtils.java:logGet(43)) - raft.server.staging.catchup.gap = 1000 (default)
2019-09-12 11:56:54,040 [af5fed38-0f11-4bc3-b5f8-f25d4cc0e41f:group-B06C647F6F4C:LeaderElection27] INFO  server.RaftServerConfigKeys (ConfUtils.java:logGet(43)) - raft.server.rpc.sleep.time = 25ms (default)
2019-09-12 11:56:54,040 [17f5de45-d006-42d4-a442-b3531657861f:group-953817EC86AC:LeaderElection26] INFO  server.RaftServerConfigKeys (ConfUtils.java:logGet(43)) - raft.server.rpc.sleep.time = 25ms (default)
2019-09-12 11:56:54,040 [af5fed38-0f11-4bc3-b5f8-f25d4cc0e41f:group-B06C647F6F4C:LeaderElection27] INFO  server.RaftServerConfigKeys (ConfUtils.java:logGet(43)) - raft.server.write.element-limit = 4096 (default)
2019-09-12 11:56:54,040 [17f5de45-d006-42d4-a442-b3531657861f:group-953817EC86AC:LeaderElection26] INFO  server.RaftServerConfigKeys (ConfUtils.java:logGet(43)) - raft.server.write.element-limit = 4096 (default)
2019-09-12 11:56:54,040 [af5fed38-0f11-4bc3-b5f8-f25d4cc0e41f:group-B06C647F6F4C:LeaderElection27] INFO  server.RaftServerConfigKeys (ConfUtils.java:logGet(43)) - raft.server.watch.timeout = 10s (default)
2019-09-12 11:56:54,041 [17f5de45-d006-42d4-a442-b3531657861f:group-953817EC86AC:LeaderElection26] INFO  server.RaftServerConfigKeys (ConfUtils.java:logGet(43)) - raft.server.watch.timeout = 10s (default)
2019-09-12 11:56:54,041 [af5fed38-0f11-4bc3-b5f8-f25d4cc0e41f:group-B06C647F6F4C:LeaderElection27] INFO  server.RaftServerConfigKeys (ConfUtils.java:logGet(43)) - raft.server.watch.timeout.denomination = 1s (default)
2019-09-12 11:56:54,041 [17f5de45-d006-42d4-a442-b3531657861f:group-953817EC86AC:LeaderElection26] INFO  server.RaftServerConfigKeys (ConfUtils.java:logGet(43)) - raft.server.watch.timeout.denomination = 1s (default)
2019-09-12 11:56:54,041 [af5fed38-0f11-4bc3-b5f8-f25d4cc0e41f:group-B06C647F6F4C:LeaderElection27] INFO  server.RaftServerConfigKeys (ConfUtils.java:logGet(43)) - raft.server.watch.element-limit = 65536 (default)
2019-09-12 11:56:54,041 [17f5de45-d006-42d4-a442-b3531657861f:group-953817EC86AC:LeaderElection26] INFO  server.RaftServerConfigKeys (ConfUtils.java:logGet(43)) - raft.server.watch.element-limit = 65536 (default)
2019-09-12 11:56:54,042 [af5fed38-0f11-4bc3-b5f8-f25d4cc0e41f:group-B06C647F6F4C:LeaderElection27] INFO  impl.RoleInfo (RoleInfo.java:updateAndGet(143)) - af5fed38-0f11-4bc3-b5f8-f25d4cc0e41f: start LeaderState
2019-09-12 11:56:54,042 [17f5de45-d006-42d4-a442-b3531657861f:group-953817EC86AC:LeaderElection26] INFO  impl.RoleInfo (RoleInfo.java:updateAndGet(143)) - 17f5de45-d006-42d4-a442-b3531657861f: start LeaderState
2019-09-12 11:56:54,042 [af5fed38-0f11-4bc3-b5f8-f25d4cc0e41f:group-B06C647F6F4C:LeaderElection27] INFO  segmented.SegmentedRaftLogWorker (SegmentedRaftLogWorker.java:startLogSegment(380)) - af5fed38-0f11-4bc3-b5f8-f25d4cc0e41f-SegmentedRaftLogWorker:Storage Directory /workdir/hadoop-ozone/tools/target/test-dir/MiniOzoneClusterImpl-659e2a06-c254-4d33-90f4-66e0a49906bb/datanode-3/data/ratis/772ad9b0-e91b-4910-9913-b06c647f6f4c: Starting segment from index:0
2019-09-12 11:56:54,042 [17f5de45-d006-42d4-a442-b3531657861f:group-953817EC86AC:LeaderElection26] INFO  segmented.SegmentedRaftLogWorker (SegmentedRaftLogWorker.java:startLogSegment(380)) - 17f5de45-d006-42d4-a442-b3531657861f-SegmentedRaftLogWorker:Storage Directory /workdir/hadoop-ozone/tools/target/test-dir/MiniOzoneClusterImpl-659e2a06-c254-4d33-90f4-66e0a49906bb/datanode-1/data/ratis/8e10e633-85b0-49bb-a352-953817ec86ac: Starting segment from index:0
2019-09-12 11:56:54,043 [af5fed38-0f11-4bc3-b5f8-f25d4cc0e41f:group-B06C647F6F4C:LeaderElection27] INFO  impl.RaftServerImpl (ServerState.java:setRaftConf(361)) - af5fed38-0f11-4bc3-b5f8-f25d4cc0e41f:group-B06C647F6F4C set configuration 0: [af5fed38-0f11-4bc3-b5f8-f25d4cc0e41f:192.168.157.195:46650], old=null at 0
2019-09-12 11:56:54,083 [af5fed38-0f11-4bc3-b5f8-f25d4cc0e41f-SegmentedRaftLogWorker:Storage Directory /workdir/hadoop-ozone/tools/target/test-dir/MiniOzoneClusterImpl-659e2a06-c254-4d33-90f4-66e0a49906bb/datanode-3/data/ratis/e2f32766-7983-4092-a0e1-434440480ea0] INFO  segmented.SegmentedRaftLogWorker (SegmentedRaftLogWorker.java:execute(569)) - af5fed38-0f11-4bc3-b5f8-f25d4cc0e41f-SegmentedRaftLogWorker:Storage Directory /workdir/hadoop-ozone/tools/target/test-dir/MiniOzoneClusterImpl-659e2a06-c254-4d33-90f4-66e0a49906bb/datanode-3/data/ratis/e2f32766-7983-4092-a0e1-434440480ea0: created new log segment /workdir/hadoop-ozone/tools/target/test-dir/MiniOzoneClusterImpl-659e2a06-c254-4d33-90f4-66e0a49906bb/datanode-3/data/ratis/e2f32766-7983-4092-a0e1-434440480ea0/current/log_inprogress_0
2019-09-12 11:56:54,084 [17f5de45-d006-42d4-a442-b3531657861f:group-953817EC86AC:LeaderElection26] INFO  impl.RaftServerImpl (ServerState.java:setRaftConf(361)) - 17f5de45-d006-42d4-a442-b3531657861f:group-953817EC86AC set configuration 0: [17f5de45-d006-42d4-a442-b3531657861f:192.168.157.195:40760], old=null at 0
2019-09-12 11:56:54,126 [Thread-302] INFO  impl.FollowerState (FollowerState.java:run(106)) - af5fed38-0f11-4bc3-b5f8-f25d4cc0e41f:group-BEF199F230B0 changes to CANDIDATE, lastRpcTime:5025, electionTimeout:5001ms
2019-09-12 11:56:54,126 [af5fed38-0f11-4bc3-b5f8-f25d4cc0e41f-SegmentedRaftLogWorker:Storage Directory /workdir/hadoop-ozone/tools/target/test-dir/MiniOzoneClusterImpl-659e2a06-c254-4d33-90f4-66e0a49906bb/datanode-3/data/ratis/772ad9b0-e91b-4910-9913-b06c647f6f4c] INFO  segmented.SegmentedRaftLogWorker (SegmentedRaftLogWorker.java:execute(569)) - af5fed38-0f11-4bc3-b5f8-f25d4cc0e41f-SegmentedRaftLogWorker:Storage Directory /workdir/hadoop-ozone/tools/target/test-dir/MiniOzoneClusterImpl-659e2a06-c254-4d33-90f4-66e0a49906bb/datanode-3/data/ratis/772ad9b0-e91b-4910-9913-b06c647f6f4c: created new log segment /workdir/hadoop-ozone/tools/target/test-dir/MiniOzoneClusterImpl-659e2a06-c254-4d33-90f4-66e0a49906bb/datanode-3/data/ratis/772ad9b0-e91b-4910-9913-b06c647f6f4c/current/log_inprogress_0
2019-09-12 11:56:54,126 [Thread-302] INFO  impl.RoleInfo (RoleInfo.java:shutdownFollowerState(121)) - af5fed38-0f11-4bc3-b5f8-f25d4cc0e41f: shutdown FollowerState
2019-09-12 11:56:54,127 [Thread-302] INFO  impl.RaftServerImpl (RaftServerImpl.java:setRole(171)) - af5fed38-0f11-4bc3-b5f8-f25d4cc0e41f:group-BEF199F230B0 changes role from FOLLOWER to CANDIDATE at term 0 for changeToCandidate
2019-09-12 11:56:54,127 [Thread-302] INFO  impl.RoleInfo (RoleInfo.java:updateAndGet(143)) - af5fed38-0f11-4bc3-b5f8-f25d4cc0e41f: start LeaderElection
2019-09-12 11:56:54,140 [17f5de45-d006-42d4-a442-b3531657861f-SegmentedRaftLogWorker:Storage Directory /workdir/hadoop-ozone/tools/target/test-dir/MiniOzoneClusterImpl-659e2a06-c254-4d33-90f4-66e0a49906bb/datanode-1/data/ratis/8e10e633-85b0-49bb-a352-953817ec86ac] INFO  segmented.SegmentedRaftLogWorker (SegmentedRaftLogWorker.java:execute(569)) - 17f5de45-d006-42d4-a442-b3531657861f-SegmentedRaftLogWorker:Storage Directory /workdir/hadoop-ozone/tools/target/test-dir/MiniOzoneClusterImpl-659e2a06-c254-4d33-90f4-66e0a49906bb/datanode-1/data/ratis/8e10e633-85b0-49bb-a352-953817ec86ac: created new log segment /workdir/hadoop-ozone/tools/target/test-dir/MiniOzoneClusterImpl-659e2a06-c254-4d33-90f4-66e0a49906bb/datanode-1/data/ratis/8e10e633-85b0-49bb-a352-953817ec86ac/current/log_inprogress_0
2019-09-12 11:56:54,140 [af5fed38-0f11-4bc3-b5f8-f25d4cc0e41f:group-BEF199F230B0:LeaderElection28] INFO  impl.LeaderElection (LeaderElection.java:askForVotes(181)) - af5fed38-0f11-4bc3-b5f8-f25d4cc0e41f:group-BEF199F230B0:LeaderElection28: begin an election at term 1 for -1: [af5fed38-0f11-4bc3-b5f8-f25d4cc0e41f:192.168.157.195:46650], old=null
2019-09-12 11:56:54,140 [af5fed38-0f11-4bc3-b5f8-f25d4cc0e41f:group-BEF199F230B0:LeaderElection28] INFO  impl.RoleInfo (RoleInfo.java:shutdownLeaderElection(134)) - af5fed38-0f11-4bc3-b5f8-f25d4cc0e41f: shutdown LeaderElection
2019-09-12 11:56:54,140 [af5fed38-0f11-4bc3-b5f8-f25d4cc0e41f:group-BEF199F230B0:LeaderElection28] INFO  impl.RaftServerImpl (RaftServerImpl.java:setRole(171)) - af5fed38-0f11-4bc3-b5f8-f25d4cc0e41f:group-BEF199F230B0 changes role from CANDIDATE to LEADER at term 1 for changeToLeader
2019-09-12 11:56:54,140 [af5fed38-0f11-4bc3-b5f8-f25d4cc0e41f:group-BEF199F230B0:LeaderElection28] INFO  impl.RaftServerImpl (ServerState.java:setLeader(263)) - af5fed38-0f11-4bc3-b5f8-f25d4cc0e41f:group-BEF199F230B0 change Leader from null to af5fed38-0f11-4bc3-b5f8-f25d4cc0e41f at term 1 for becomeLeader, leader elected after 5044ms
2019-09-12 11:56:54,140 [af5fed38-0f11-4bc3-b5f8-f25d4cc0e41f:group-BEF199F230B0:LeaderElection28] INFO  server.RaftServerConfigKeys (ConfUtils.java:logGet(43)) - raft.server.staging.catchup.gap = 1000 (default)
2019-09-12 11:56:54,141 [af5fed38-0f11-4bc3-b5f8-f25d4cc0e41f:group-BEF199F230B0:LeaderElection28] INFO  server.RaftServerConfigKeys (ConfUtils.java:logGet(43)) - raft.server.rpc.sleep.time = 25ms (default)
2019-09-12 11:56:54,141 [af5fed38-0f11-4bc3-b5f8-f25d4cc0e41f:group-BEF199F230B0:LeaderElection28] INFO  server.RaftServerConfigKeys (ConfUtils.java:logGet(43)) - raft.server.write.element-limit = 4096 (default)
2019-09-12 11:56:54,141 [af5fed38-0f11-4bc3-b5f8-f25d4cc0e41f:group-BEF199F230B0:LeaderElection28] INFO  server.RaftServerConfigKeys (ConfUtils.java:logGet(43)) - raft.server.watch.timeout = 10s (default)
2019-09-12 11:56:54,141 [af5fed38-0f11-4bc3-b5f8-f25d4cc0e41f:group-BEF199F230B0:LeaderElection28] INFO  server.RaftServerConfigKeys (ConfUtils.java:logGet(43)) - raft.server.watch.timeout.denomination = 1s (default)
2019-09-12 11:56:54,141 [af5fed38-0f11-4bc3-b5f8-f25d4cc0e41f:group-BEF199F230B0:LeaderElection28] INFO  server.RaftServerConfigKeys (ConfUtils.java:logGet(43)) - raft.server.watch.element-limit = 65536 (default)
2019-09-12 11:56:54,142 [af5fed38-0f11-4bc3-b5f8-f25d4cc0e41f:group-BEF199F230B0:LeaderElection28] INFO  impl.RoleInfo (RoleInfo.java:updateAndGet(143)) - af5fed38-0f11-4bc3-b5f8-f25d4cc0e41f: start LeaderState
2019-09-12 11:56:54,142 [af5fed38-0f11-4bc3-b5f8-f25d4cc0e41f:group-BEF199F230B0:LeaderElection28] INFO  segmented.SegmentedRaftLogWorker (SegmentedRaftLogWorker.java:startLogSegment(380)) - af5fed38-0f11-4bc3-b5f8-f25d4cc0e41f-SegmentedRaftLogWorker:Storage Directory /workdir/hadoop-ozone/tools/target/test-dir/MiniOzoneClusterImpl-659e2a06-c254-4d33-90f4-66e0a49906bb/datanode-3/data/ratis/c5314ae0-6bda-46f0-a8cc-bef199f230b0: Starting segment from index:0
2019-09-12 11:56:54,143 [af5fed38-0f11-4bc3-b5f8-f25d4cc0e41f:group-BEF199F230B0:LeaderElection28] INFO  impl.RaftServerImpl (ServerState.java:setRaftConf(361)) - af5fed38-0f11-4bc3-b5f8-f25d4cc0e41f:group-BEF199F230B0 set configuration 0: [af5fed38-0f11-4bc3-b5f8-f25d4cc0e41f:192.168.157.195:46650], old=null at 0
2019-09-12 11:56:54,181 [Thread-296] INFO  impl.FollowerState (FollowerState.java:run(106)) - af5fed38-0f11-4bc3-b5f8-f25d4cc0e41f:group-CA10E4C0AB55 changes to CANDIDATE, lastRpcTime:5191, electionTimeout:5174ms
2019-09-12 11:56:54,181 [Thread-296] INFO  impl.RoleInfo (RoleInfo.java:shutdownFollowerState(121)) - af5fed38-0f11-4bc3-b5f8-f25d4cc0e41f: shutdown FollowerState
2019-09-12 11:56:54,181 [Thread-296] INFO  impl.RaftServerImpl (RaftServerImpl.java:setRole(171)) - af5fed38-0f11-4bc3-b5f8-f25d4cc0e41f:group-CA10E4C0AB55 changes role from FOLLOWER to CANDIDATE at term 0 for changeToCandidate
2019-09-12 11:56:54,182 [Thread-296] INFO  impl.RoleInfo (RoleInfo.java:updateAndGet(143)) - af5fed38-0f11-4bc3-b5f8-f25d4cc0e41f: start LeaderElection
 0.00% |█                                                                                                    |  0/1 Time: 0:00:012019-09-12 11:56:54,191 [af5fed38-0f11-4bc3-b5f8-f25d4cc0e41f-SegmentedRaftLogWorker:Storage Directory /workdir/hadoop-ozone/tools/target/test-dir/MiniOzoneClusterImpl-659e2a06-c254-4d33-90f4-66e0a49906bb/datanode-3/data/ratis/c5314ae0-6bda-46f0-a8cc-bef199f230b0] INFO  segmented.SegmentedRaftLogWorker (SegmentedRaftLogWorker.java:execute(569)) - af5fed38-0f11-4bc3-b5f8-f25d4cc0e41f-SegmentedRaftLogWorker:Storage Directory /workdir/hadoop-ozone/tools/target/test-dir/MiniOzoneClusterImpl-659e2a06-c254-4d33-90f4-66e0a49906bb/datanode-3/data/ratis/c5314ae0-6bda-46f0-a8cc-bef199f230b0: created new log segment /workdir/hadoop-ozone/tools/target/test-dir/MiniOzoneClusterImpl-659e2a06-c254-4d33-90f4-66e0a49906bb/datanode-3/data/ratis/c5314ae0-6bda-46f0-a8cc-bef199f230b0/current/log_inprogress_0
2019-09-12 11:56:54,191 [af5fed38-0f11-4bc3-b5f8-f25d4cc0e41f:group-CA10E4C0AB55:LeaderElection29] INFO  impl.LeaderElection (LeaderElection.java:askForVotes(181)) - af5fed38-0f11-4bc3-b5f8-f25d4cc0e41f:group-CA10E4C0AB55:LeaderElection29: begin an election at term 1 for -1: [af5fed38-0f11-4bc3-b5f8-f25d4cc0e41f:192.168.157.195:46650], old=null
2019-09-12 11:56:54,191 [af5fed38-0f11-4bc3-b5f8-f25d4cc0e41f:group-CA10E4C0AB55:LeaderElection29] INFO  impl.RoleInfo (RoleInfo.java:shutdownLeaderElection(134)) - af5fed38-0f11-4bc3-b5f8-f25d4cc0e41f: shutdown LeaderElection
2019-09-12 11:56:54,191 [af5fed38-0f11-4bc3-b5f8-f25d4cc0e41f:group-CA10E4C0AB55:LeaderElection29] INFO  impl.RaftServerImpl (RaftServerImpl.java:setRole(171)) - af5fed38-0f11-4bc3-b5f8-f25d4cc0e41f:group-CA10E4C0AB55 changes role from CANDIDATE to LEADER at term 1 for changeToLeader
2019-09-12 11:56:54,191 [af5fed38-0f11-4bc3-b5f8-f25d4cc0e41f:group-CA10E4C0AB55:LeaderElection29] INFO  impl.RaftServerImpl (ServerState.java:setLeader(263)) - af5fed38-0f11-4bc3-b5f8-f25d4cc0e41f:group-CA10E4C0AB55 change Leader from null to af5fed38-0f11-4bc3-b5f8-f25d4cc0e41f at term 1 for becomeLeader, leader elected after 5207ms
2019-09-12 11:56:54,192 [af5fed38-0f11-4bc3-b5f8-f25d4cc0e41f:group-CA10E4C0AB55:LeaderElection29] INFO  server.RaftServerConfigKeys (ConfUtils.java:logGet(43)) - raft.server.staging.catchup.gap = 1000 (default)
2019-09-12 11:56:54,192 [af5fed38-0f11-4bc3-b5f8-f25d4cc0e41f:group-CA10E4C0AB55:LeaderElection29] INFO  server.RaftServerConfigKeys (ConfUtils.java:logGet(43)) - raft.server.rpc.sleep.time = 25ms (default)
2019-09-12 11:56:54,192 [af5fed38-0f11-4bc3-b5f8-f25d4cc0e41f:group-CA10E4C0AB55:LeaderElection29] INFO  server.RaftServerConfigKeys (ConfUtils.java:logGet(43)) - raft.server.write.element-limit = 4096 (default)
2019-09-12 11:56:54,192 [af5fed38-0f11-4bc3-b5f8-f25d4cc0e41f:group-CA10E4C0AB55:LeaderElection29] INFO  server.RaftServerConfigKeys (ConfUtils.java:logGet(43)) - raft.server.watch.timeout = 10s (default)
2019-09-12 11:56:54,193 [af5fed38-0f11-4bc3-b5f8-f25d4cc0e41f:group-CA10E4C0AB55:LeaderElection29] INFO  server.RaftServerConfigKeys (ConfUtils.java:logGet(43)) - raft.server.watch.timeout.denomination = 1s (default)
2019-09-12 11:56:54,193 [af5fed38-0f11-4bc3-b5f8-f25d4cc0e41f:group-CA10E4C0AB55:LeaderElection29] INFO  server.RaftServerConfigKeys (ConfUtils.java:logGet(43)) - raft.server.watch.element-limit = 65536 (default)
2019-09-12 11:56:54,193 [af5fed38-0f11-4bc3-b5f8-f25d4cc0e41f:group-CA10E4C0AB55:LeaderElection29] INFO  impl.RoleInfo (RoleInfo.java:updateAndGet(143)) - af5fed38-0f11-4bc3-b5f8-f25d4cc0e41f: start LeaderState
2019-09-12 11:56:54,194 [af5fed38-0f11-4bc3-b5f8-f25d4cc0e41f:group-CA10E4C0AB55:LeaderElection29] INFO  segmented.SegmentedRaftLogWorker (SegmentedRaftLogWorker.java:startLogSegment(380)) - af5fed38-0f11-4bc3-b5f8-f25d4cc0e41f-SegmentedRaftLogWorker:Storage Directory /workdir/hadoop-ozone/tools/target/test-dir/MiniOzoneClusterImpl-659e2a06-c254-4d33-90f4-66e0a49906bb/datanode-3/data/ratis/3dc9ffdd-e672-485b-a1f4-ca10e4c0ab55: Starting segment from index:0
2019-09-12 11:56:54,194 [af5fed38-0f11-4bc3-b5f8-f25d4cc0e41f:group-CA10E4C0AB55:LeaderElection29] INFO  impl.RaftServerImpl (ServerState.java:setRaftConf(361)) - af5fed38-0f11-4bc3-b5f8-f25d4cc0e41f:group-CA10E4C0AB55 set configuration 0: [af5fed38-0f11-4bc3-b5f8-f25d4cc0e41f:192.168.157.195:46650], old=null at 0
2019-09-12 11:56:54,234 [Thread-299] INFO  impl.FollowerState (FollowerState.java:run(106)) - af5fed38-0f11-4bc3-b5f8-f25d4cc0e41f:group-AFDF57ECE209 changes to CANDIDATE, lastRpcTime:5184, electionTimeout:5168ms
2019-09-12 11:56:54,234 [Thread-299] INFO  impl.RoleInfo (RoleInfo.java:shutdownFollowerState(121)) - af5fed38-0f11-4bc3-b5f8-f25d4cc0e41f: shutdown FollowerState
2019-09-12 11:56:54,235 [Thread-299] INFO  impl.RaftServerImpl (RaftServerImpl.java:setRole(171)) - af5fed38-0f11-4bc3-b5f8-f25d4cc0e41f:group-AFDF57ECE209 changes role from FOLLOWER to CANDIDATE at term 0 for changeToCandidate
2019-09-12 11:56:54,235 [Thread-299] INFO  impl.RoleInfo (RoleInfo.java:updateAndGet(143)) - af5fed38-0f11-4bc3-b5f8-f25d4cc0e41f: start LeaderElection
2019-09-12 11:56:54,237 | INFO  | SCMAudit | user=jenkins1000 | ip=192.168.157.195 | op=SEND_HEARTBEAT {datanodeUUID=7c1edd01-6b93-44c9-a455-1bd851e1af30, command=[]} | ret=SUCCESS |  
2019-09-12 11:56:54,238 [af5fed38-0f11-4bc3-b5f8-f25d4cc0e41f-SegmentedRaftLogWorker:Storage Directory /workdir/hadoop-ozone/tools/target/test-dir/MiniOzoneClusterImpl-659e2a06-c254-4d33-90f4-66e0a49906bb/datanode-3/data/ratis/3dc9ffdd-e672-485b-a1f4-ca10e4c0ab55] INFO  segmented.SegmentedRaftLogWorker (SegmentedRaftLogWorker.java:execute(569)) - af5fed38-0f11-4bc3-b5f8-f25d4cc0e41f-SegmentedRaftLogWorker:Storage Directory /workdir/hadoop-ozone/tools/target/test-dir/MiniOzoneClusterImpl-659e2a06-c254-4d33-90f4-66e0a49906bb/datanode-3/data/ratis/3dc9ffdd-e672-485b-a1f4-ca10e4c0ab55: created new log segment /workdir/hadoop-ozone/tools/target/test-dir/MiniOzoneClusterImpl-659e2a06-c254-4d33-90f4-66e0a49906bb/datanode-3/data/ratis/3dc9ffdd-e672-485b-a1f4-ca10e4c0ab55/current/log_inprogress_0
2019-09-12 11:56:54,251 [af5fed38-0f11-4bc3-b5f8-f25d4cc0e41f:group-AFDF57ECE209:LeaderElection30] INFO  impl.LeaderElection (LeaderElection.java:askForVotes(181)) - af5fed38-0f11-4bc3-b5f8-f25d4cc0e41f:group-AFDF57ECE209:LeaderElection30: begin an election at term 1 for -1: [af5fed38-0f11-4bc3-b5f8-f25d4cc0e41f:192.168.157.195:46650], old=null
2019-09-12 11:56:54,252 [af5fed38-0f11-4bc3-b5f8-f25d4cc0e41f:group-AFDF57ECE209:LeaderElection30] INFO  impl.RoleInfo (RoleInfo.java:shutdownLeaderElection(134)) - af5fed38-0f11-4bc3-b5f8-f25d4cc0e41f: shutdown LeaderElection
2019-09-12 11:56:54,252 [af5fed38-0f11-4bc3-b5f8-f25d4cc0e41f:group-AFDF57ECE209:LeaderElection30] INFO  impl.RaftServerImpl (RaftServerImpl.java:setRole(171)) - af5fed38-0f11-4bc3-b5f8-f25d4cc0e41f:group-AFDF57ECE209 changes role from CANDIDATE to LEADER at term 1 for changeToLeader
2019-09-12 11:56:54,252 [af5fed38-0f11-4bc3-b5f8-f25d4cc0e41f:group-AFDF57ECE209:LeaderElection30] INFO  impl.RaftServerImpl (ServerState.java:setLeader(263)) - af5fed38-0f11-4bc3-b5f8-f25d4cc0e41f:group-AFDF57ECE209 change Leader from null to af5fed38-0f11-4bc3-b5f8-f25d4cc0e41f at term 1 for becomeLeader, leader elected after 5208ms
2019-09-12 11:56:54,252 [af5fed38-0f11-4bc3-b5f8-f25d4cc0e41f:group-AFDF57ECE209:LeaderElection30] INFO  server.RaftServerConfigKeys (ConfUtils.java:logGet(43)) - raft.server.staging.catchup.gap = 1000 (default)
2019-09-12 11:56:54,252 [af5fed38-0f11-4bc3-b5f8-f25d4cc0e41f:group-AFDF57ECE209:LeaderElection30] INFO  server.RaftServerConfigKeys (ConfUtils.java:logGet(43)) - raft.server.rpc.sleep.time = 25ms (default)
2019-09-12 11:56:54,253 [af5fed38-0f11-4bc3-b5f8-f25d4cc0e41f:group-AFDF57ECE209:LeaderElection30] INFO  server.RaftServerConfigKeys (ConfUtils.java:logGet(43)) - raft.server.write.element-limit = 4096 (default)
2019-09-12 11:56:54,253 [af5fed38-0f11-4bc3-b5f8-f25d4cc0e41f:group-AFDF57ECE209:LeaderElection30] INFO  server.RaftServerConfigKeys (ConfUtils.java:logGet(43)) - raft.server.watch.timeout = 10s (default)
2019-09-12 11:56:54,253 [af5fed38-0f11-4bc3-b5f8-f25d4cc0e41f:group-AFDF57ECE209:LeaderElection30] INFO  server.RaftServerConfigKeys (ConfUtils.java:logGet(43)) - raft.server.watch.timeout.denomination = 1s (default)
2019-09-12 11:56:54,253 [af5fed38-0f11-4bc3-b5f8-f25d4cc0e41f:group-AFDF57ECE209:LeaderElection30] INFO  server.RaftServerConfigKeys (ConfUtils.java:logGet(43)) - raft.server.watch.element-limit = 65536 (default)
2019-09-12 11:56:54,254 [af5fed38-0f11-4bc3-b5f8-f25d4cc0e41f:group-AFDF57ECE209:LeaderElection30] INFO  impl.RoleInfo (RoleInfo.java:updateAndGet(143)) - af5fed38-0f11-4bc3-b5f8-f25d4cc0e41f: start LeaderState
2019-09-12 11:56:54,254 [af5fed38-0f11-4bc3-b5f8-f25d4cc0e41f:group-AFDF57ECE209:LeaderElection30] INFO  segmented.SegmentedRaftLogWorker (SegmentedRaftLogWorker.java:startLogSegment(380)) - af5fed38-0f11-4bc3-b5f8-f25d4cc0e41f-SegmentedRaftLogWorker:Storage Directory /workdir/hadoop-ozone/tools/target/test-dir/MiniOzoneClusterImpl-659e2a06-c254-4d33-90f4-66e0a49906bb/datanode-3/data/ratis/864ef95c-8fb2-40da-bc46-afdf57ece209: Starting segment from index:0
2019-09-12 11:56:54,254 [af5fed38-0f11-4bc3-b5f8-f25d4cc0e41f:group-AFDF57ECE209:LeaderElection30] INFO  impl.RaftServerImpl (ServerState.java:setRaftConf(361)) - af5fed38-0f11-4bc3-b5f8-f25d4cc0e41f:group-AFDF57ECE209 set configuration 0: [af5fed38-0f11-4bc3-b5f8-f25d4cc0e41f:192.168.157.195:46650], old=null at 0
2019-09-12 11:56:54,307 [af5fed38-0f11-4bc3-b5f8-f25d4cc0e41f-SegmentedRaftLogWorker:Storage Directory /workdir/hadoop-ozone/tools/target/test-dir/MiniOzoneClusterImpl-659e2a06-c254-4d33-90f4-66e0a49906bb/datanode-3/data/ratis/864ef95c-8fb2-40da-bc46-afdf57ece209] INFO  segmented.SegmentedRaftLogWorker (SegmentedRaftLogWorker.java:execute(569)) - af5fed38-0f11-4bc3-b5f8-f25d4cc0e41f-SegmentedRaftLogWorker:Storage Directory /workdir/hadoop-ozone/tools/target/test-dir/MiniOzoneClusterImpl-659e2a06-c254-4d33-90f4-66e0a49906bb/datanode-3/data/ratis/864ef95c-8fb2-40da-bc46-afdf57ece209: created new log segment /workdir/hadoop-ozone/tools/target/test-dir/MiniOzoneClusterImpl-659e2a06-c254-4d33-90f4-66e0a49906bb/datanode-3/data/ratis/864ef95c-8fb2-40da-bc46-afdf57ece209/current/log_inprogress_0
2019-09-12 11:56:54,750 | INFO  | SCMAudit | user=jenkins1000 | ip=192.168.157.195 | op=SEND_HEARTBEAT {datanodeUUID=17edbb89-a050-42dd-b919-a8669dd0769f, command=[]} | ret=SUCCESS |  
2019-09-12 11:56:54,753 | INFO  | SCMAudit | user=jenkins1000 | ip=192.168.157.195 | op=SEND_HEARTBEAT {datanodeUUID=af5fed38-0f11-4bc3-b5f8-f25d4cc0e41f, command=[]} | ret=SUCCESS |  
2019-09-12 11:56:54,776 | INFO  | SCMAudit | user=jenkins1000 | ip=192.168.157.195 | op=SEND_HEARTBEAT {datanodeUUID=f8fc3649-0cfb-44b5-b2db-665c617086f3, command=[]} | ret=SUCCESS |  
2019-09-12 11:56:55,039 | INFO  | SCMAudit | user=jenkins1000 | ip=192.168.157.195 | op=SEND_HEARTBEAT {datanodeUUID=17f5de45-d006-42d4-a442-b3531657861f, command=[]} | ret=SUCCESS |  
 0.00% |█                                                                                                    |  0/1 Time: 0:00:022019-09-12 11:56:55,236 | INFO  | SCMAudit | user=jenkins1000 | ip=192.168.157.195 | op=SEND_HEARTBEAT {datanodeUUID=7c1edd01-6b93-44c9-a455-1bd851e1af30, command=[]} | ret=SUCCESS |  
2019-09-12 11:56:55,751 | INFO  | SCMAudit | user=jenkins1000 | ip=192.168.157.195 | op=SEND_HEARTBEAT {datanodeUUID=17edbb89-a050-42dd-b919-a8669dd0769f, command=[]} | ret=SUCCESS |  
2019-09-12 11:56:55,753 | INFO  | SCMAudit | user=jenkins1000 | ip=192.168.157.195 | op=SEND_HEARTBEAT {datanodeUUID=af5fed38-0f11-4bc3-b5f8-f25d4cc0e41f, command=[]} | ret=SUCCESS |  
2019-09-12 11:56:55,778 | INFO  | SCMAudit | user=jenkins1000 | ip=192.168.157.195 | op=SEND_HEARTBEAT {datanodeUUID=f8fc3649-0cfb-44b5-b2db-665c617086f3, command=[]} | ret=SUCCESS |  
2019-09-12 11:56:56,040 | INFO  | SCMAudit | user=jenkins1000 | ip=192.168.157.195 | op=SEND_HEARTBEAT {datanodeUUID=17f5de45-d006-42d4-a442-b3531657861f, command=[]} | ret=SUCCESS |  
 0.00% |█                                                                                                    |  0/1 Time: 0:00:032019-09-12 11:56:56,236 | INFO  | SCMAudit | user=jenkins1000 | ip=192.168.157.195 | op=SEND_HEARTBEAT {datanodeUUID=7c1edd01-6b93-44c9-a455-1bd851e1af30, command=[]} | ret=SUCCESS |  
2019-09-12 11:56:56,751 | INFO  | SCMAudit | user=jenkins1000 | ip=192.168.157.195 | op=SEND_HEARTBEAT {datanodeUUID=17edbb89-a050-42dd-b919-a8669dd0769f, command=[]} | ret=SUCCESS |  
2019-09-12 11:56:56,753 | INFO  | SCMAudit | user=jenkins1000 | ip=192.168.157.195 | op=SEND_HEARTBEAT {datanodeUUID=af5fed38-0f11-4bc3-b5f8-f25d4cc0e41f, command=[]} | ret=SUCCESS |  
2019-09-12 11:56:56,777 | INFO  | SCMAudit | user=jenkins1000 | ip=192.168.157.195 | op=SEND_HEARTBEAT {datanodeUUID=f8fc3649-0cfb-44b5-b2db-665c617086f3, command=[]} | ret=SUCCESS |  
2019-09-12 11:56:57,041 | INFO  | SCMAudit | user=jenkins1000 | ip=192.168.157.195 | op=SEND_HEARTBEAT {datanodeUUID=17f5de45-d006-42d4-a442-b3531657861f, command=[]} | ret=SUCCESS |  
 0.00% |█                                                                                                    |  0/1 Time: 0:00:042019-09-12 11:56:57,238 | INFO  | SCMAudit | user=jenkins1000 | ip=192.168.157.195 | op=SEND_HEARTBEAT {datanodeUUID=7c1edd01-6b93-44c9-a455-1bd851e1af30, command=[]} | ret=SUCCESS |  
2019-09-12 11:56:57,751 | INFO  | SCMAudit | user=jenkins1000 | ip=192.168.157.195 | op=SEND_HEARTBEAT {datanodeUUID=17edbb89-a050-42dd-b919-a8669dd0769f, command=[]} | ret=SUCCESS |  
2019-09-12 11:56:57,753 | INFO  | SCMAudit | user=jenkins1000 | ip=192.168.157.195 | op=SEND_HEARTBEAT {datanodeUUID=af5fed38-0f11-4bc3-b5f8-f25d4cc0e41f, command=[]} | ret=SUCCESS |  
2019-09-12 11:56:57,777 | INFO  | SCMAudit | user=jenkins1000 | ip=192.168.157.195 | op=SEND_HEARTBEAT {datanodeUUID=f8fc3649-0cfb-44b5-b2db-665c617086f3, command=[]} | ret=SUCCESS |  
2019-09-12 11:56:58,040 | INFO  | SCMAudit | user=jenkins1000 | ip=192.168.157.195 | op=SEND_HEARTBEAT {datanodeUUID=17f5de45-d006-42d4-a442-b3531657861f, command=[]} | ret=SUCCESS |  
 100.00% |█████████████████████████████████████████████████████████████████████████████████████████████████████|  1/1 Time: 0:00:05
]]></system-out>
  </testcase>
  <testcase name="defaultTest" classname="org.apache.hadoop.ozone.freon.TestRandomKeyGenerator" time="5.024">
    <error message="Allocated 0 blocks. Requested 1 blocks" type="INTERNAL_ERROR org.apache.hadoop.ozone.om.exceptions.OMException">INTERNAL_ERROR org.apache.hadoop.ozone.om.exceptions.OMException: Allocated 0 blocks. Requested 1 blocks
	at org.apache.hadoop.ozone.om.protocolPB.OzoneManagerProtocolClientSideTranslatorPB.handleError(OzoneManagerProtocolClientSideTranslatorPB.java:725)
	at org.apache.hadoop.ozone.om.protocolPB.OzoneManagerProtocolClientSideTranslatorPB.openKey(OzoneManagerProtocolClientSideTranslatorPB.java:716)
	at org.apache.hadoop.ozone.client.rpc.RpcClient.createKey(RpcClient.java:615)
	at org.apache.hadoop.ozone.client.OzoneBucket.createKey(OzoneBucket.java:323)
	at org.apache.hadoop.ozone.freon.RandomKeyGenerator.createKey(RandomKeyGenerator.java:686)
	at org.apache.hadoop.ozone.freon.RandomKeyGenerator.access$1100(RandomKeyGenerator.java:87)
	at org.apache.hadoop.ozone.freon.RandomKeyGenerator$ObjectCreator.run(RandomKeyGenerator.java:606)
	at java.util.concurrent.Executors$RunnableAdapter.call(Executors.java:511)
	at java.util.concurrent.FutureTask.run(FutureTask.java:266)
	at java.util.concurrent.ThreadPoolExecutor.runWorker(ThreadPoolExecutor.java:1149)
	at java.util.concurrent.ThreadPoolExecutor$Worker.run(ThreadPoolExecutor.java:624)
	at java.lang.Thread.run(Thread.java:748)
</error>
    <system-out><![CDATA[2019-09-12 11:56:58,223 [main] INFO  freon.RandomKeyGenerator (RandomKeyGenerator.java:call(275)) - Number of Threads: 10
2019-09-12 11:56:58,224 [main] INFO  freon.RandomKeyGenerator (RandomKeyGenerator.java:call(280)) - Number of Volumes: 2.
2019-09-12 11:56:58,224 [main] INFO  freon.RandomKeyGenerator (RandomKeyGenerator.java:call(281)) - Number of Buckets per Volume: 5.
2019-09-12 11:56:58,224 [main] INFO  freon.RandomKeyGenerator (RandomKeyGenerator.java:call(282)) - Number of Keys per Bucket: 10.
2019-09-12 11:56:58,224 [main] INFO  freon.RandomKeyGenerator (RandomKeyGenerator.java:call(283)) - Key size: 10240 bytes
2019-09-12 11:56:58,224 [main] INFO  freon.RandomKeyGenerator (RandomKeyGenerator.java:call(284)) - Buffer size: 4096 bytes
2019-09-12 11:56:58,225 [pool-80-thread-1] INFO  rpc.RpcClient (RpcClient.java:createVolume(293)) - Creating Volume: vol-0-05086, with jenkins1000 as owner.
2019-09-12 11:56:58,225 [main] INFO  freon.RandomKeyGenerator (RandomKeyGenerator.java:call(304)) - Starting progress bar Thread.

2019-09-12 11:56:58,225 [pool-80-thread-2] INFO  rpc.RpcClient (RpcClient.java:createVolume(293)) - Creating Volume: vol-1-44087, with jenkins1000 as owner.
 0.00% |█                                                                                                    |  0/100 Time: 0:00:002019-09-12 11:56:58,230 | INFO  | OMAudit | user=jenkins1000 | ip=127.0.0.1 | op=CREATE_VOLUME {admin=jenkins1000, owner=jenkins1000, volume=vol-0-05086, creationTime=1568289418229, quotaInBytes=1152921504606846976} | ret=SUCCESS |  
2019-09-12 11:56:58,230 | INFO  | OMAudit | user=jenkins1000 | ip=127.0.0.1 | op=CREATE_VOLUME {admin=jenkins1000, owner=jenkins1000, volume=vol-1-44087, creationTime=1568289418230, quotaInBytes=1152921504606846976} | ret=SUCCESS |  
2019-09-12 11:56:58,231 | INFO  | OMAudit | user=jenkins1000 | ip=127.0.0.1 | op=READ_VOLUME {volume=vol-0-05086} | ret=SUCCESS |  
2019-09-12 11:56:58,231 | INFO  | OMAudit | user=jenkins1000 | ip=127.0.0.1 | op=READ_VOLUME {volume=vol-1-44087} | ret=SUCCESS |  
2019-09-12 11:56:58,232 [pool-80-thread-1] INFO  rpc.RpcClient (RpcClient.java:createBucket(432)) - Creating Bucket: vol-0-05086/bucket-4-53029, with Versioning false and Storage Type set to DISK and Encryption set to false 
2019-09-12 11:56:58,232 [pool-80-thread-2] INFO  rpc.RpcClient (RpcClient.java:createBucket(432)) - Creating Bucket: vol-1-44087/bucket-4-14657, with Versioning false and Storage Type set to DISK and Encryption set to false 
2019-09-12 11:56:58,234 | INFO  | OMAudit | user=jenkins1000 | ip=127.0.0.1 | op=CREATE_BUCKET {volume=vol-0-05086, bucket=bucket-4-53029, acls=[user:jenkins1000:a[ACCESS], group:default:a[ACCESS]], isVersionEnabled=false, storageType=DISK, creationTime=0} | ret=SUCCESS |  
2019-09-12 11:56:58,234 | INFO  | OMAudit | user=jenkins1000 | ip=127.0.0.1 | op=CREATE_BUCKET {volume=vol-1-44087, bucket=bucket-4-14657, acls=[user:jenkins1000:a[ACCESS], group:default:a[ACCESS]], isVersionEnabled=false, storageType=DISK, creationTime=0} | ret=SUCCESS |  
2019-09-12 11:56:58,235 [pool-80-thread-4] INFO  rpc.RpcClient (RpcClient.java:createBucket(432)) - Creating Bucket: vol-1-44087/bucket-0-81793, with Versioning false and Storage Type set to DISK and Encryption set to false 
2019-09-12 11:56:58,235 [pool-80-thread-3] INFO  rpc.RpcClient (RpcClient.java:createBucket(432)) - Creating Bucket: vol-0-05086/bucket-0-36735, with Versioning false and Storage Type set to DISK and Encryption set to false 
2019-09-12 11:56:58,235 [pool-80-thread-5] INFO  rpc.RpcClient (RpcClient.java:createBucket(432)) - Creating Bucket: vol-0-05086/bucket-1-85006, with Versioning false and Storage Type set to DISK and Encryption set to false 
2019-09-12 11:56:58,236 [pool-80-thread-8] INFO  rpc.RpcClient (RpcClient.java:createBucket(432)) - Creating Bucket: vol-1-44087/bucket-2-77014, with Versioning false and Storage Type set to DISK and Encryption set to false 
2019-09-12 11:56:58,236 [pool-80-thread-6] INFO  rpc.RpcClient (RpcClient.java:createBucket(432)) - Creating Bucket: vol-0-05086/bucket-2-73411, with Versioning false and Storage Type set to DISK and Encryption set to false 
2019-09-12 11:56:58,236 | INFO  | OMAudit | user=jenkins1000 | ip=127.0.0.1 | op=READ_BUCKET {volume=vol-0-05086, bucket=bucket-4-53029} | ret=SUCCESS |  
2019-09-12 11:56:58,235 [pool-80-thread-7] INFO  rpc.RpcClient (RpcClient.java:createBucket(432)) - Creating Bucket: vol-1-44087/bucket-1-95758, with Versioning false and Storage Type set to DISK and Encryption set to false 
2019-09-12 11:56:58,236 | INFO  | OMAudit | user=jenkins1000 | ip=127.0.0.1 | op=READ_BUCKET {volume=vol-1-44087, bucket=bucket-4-14657} | ret=SUCCESS |  
2019-09-12 11:56:58,236 [pool-80-thread-10] INFO  rpc.RpcClient (RpcClient.java:createBucket(432)) - Creating Bucket: vol-1-44087/bucket-3-97113, with Versioning false and Storage Type set to DISK and Encryption set to false 
2019-09-12 11:56:58,236 [pool-80-thread-9] INFO  rpc.RpcClient (RpcClient.java:createBucket(432)) - Creating Bucket: vol-0-05086/bucket-3-99895, with Versioning false and Storage Type set to DISK and Encryption set to false 
2019-09-12 11:56:58,236 | INFO  | SCMAudit | user=jenkins1000 | ip=192.168.157.195 | op=SEND_HEARTBEAT {datanodeUUID=7c1edd01-6b93-44c9-a455-1bd851e1af30, command=[]} | ret=SUCCESS |  
2019-09-12 11:56:58,237 | INFO  | OMAudit | user=jenkins1000 | ip=127.0.0.1 | op=CREATE_BUCKET {volume=vol-1-44087, bucket=bucket-0-81793, acls=[user:jenkins1000:a[ACCESS], group:default:a[ACCESS]], isVersionEnabled=false, storageType=DISK, creationTime=0} | ret=SUCCESS |  
2019-09-12 11:56:58,237 | INFO  | OMAudit | user=jenkins1000 | ip=127.0.0.1 | op=CREATE_BUCKET {volume=vol-0-05086, bucket=bucket-1-85006, acls=[user:jenkins1000:a[ACCESS], group:default:a[ACCESS]], isVersionEnabled=false, storageType=DISK, creationTime=0} | ret=SUCCESS |  
2019-09-12 11:56:58,237 | INFO  | OMAudit | user=jenkins1000 | ip=127.0.0.1 | op=CREATE_BUCKET {volume=vol-1-44087, bucket=bucket-2-77014, acls=[user:jenkins1000:a[ACCESS], group:default:a[ACCESS]], isVersionEnabled=false, storageType=DISK, creationTime=0} | ret=SUCCESS |  
2019-09-12 11:56:58,237 | INFO  | OMAudit | user=jenkins1000 | ip=127.0.0.1 | op=CREATE_BUCKET {volume=vol-0-05086, bucket=bucket-0-36735, acls=[user:jenkins1000:a[ACCESS], group:default:a[ACCESS]], isVersionEnabled=false, storageType=DISK, creationTime=0} | ret=SUCCESS |  
2019-09-12 11:56:58,238 | INFO  | OMAudit | user=jenkins1000 | ip=127.0.0.1 | op=CREATE_BUCKET {volume=vol-1-44087, bucket=bucket-1-95758, acls=[user:jenkins1000:a[ACCESS], group:default:a[ACCESS]], isVersionEnabled=false, storageType=DISK, creationTime=0} | ret=SUCCESS |  
2019-09-12 11:56:58,238 | INFO  | OMAudit | user=jenkins1000 | ip=127.0.0.1 | op=READ_BUCKET {volume=vol-1-44087, bucket=bucket-0-81793} | ret=SUCCESS |  
2019-09-12 11:56:58,238 | INFO  | OMAudit | user=jenkins1000 | ip=127.0.0.1 | op=CREATE_BUCKET {volume=vol-0-05086, bucket=bucket-2-73411, acls=[user:jenkins1000:a[ACCESS], group:default:a[ACCESS]], isVersionEnabled=false, storageType=DISK, creationTime=0} | ret=SUCCESS |  
2019-09-12 11:56:58,238 | INFO  | OMAudit | user=jenkins1000 | ip=127.0.0.1 | op=CREATE_BUCKET {volume=vol-1-44087, bucket=bucket-3-97113, acls=[user:jenkins1000:a[ACCESS], group:default:a[ACCESS]], isVersionEnabled=false, storageType=DISK, creationTime=0} | ret=SUCCESS |  
2019-09-12 11:56:58,238 | INFO  | OMAudit | user=jenkins1000 | ip=127.0.0.1 | op=CREATE_BUCKET {volume=vol-0-05086, bucket=bucket-3-99895, acls=[user:jenkins1000:a[ACCESS], group:default:a[ACCESS]], isVersionEnabled=false, storageType=DISK, creationTime=0} | ret=SUCCESS |  
2019-09-12 11:56:58,239 | INFO  | OMAudit | user=jenkins1000 | ip=127.0.0.1 | op=READ_BUCKET {volume=vol-0-05086, bucket=bucket-1-85006} | ret=SUCCESS |  
2019-09-12 11:56:58,239 | INFO  | OMAudit | user=jenkins1000 | ip=127.0.0.1 | op=READ_BUCKET {volume=vol-1-44087, bucket=bucket-2-77014} | ret=SUCCESS |  
2019-09-12 11:56:58,239 | INFO  | OMAudit | user=jenkins1000 | ip=127.0.0.1 | op=READ_BUCKET {volume=vol-0-05086, bucket=bucket-0-36735} | ret=SUCCESS |  
2019-09-12 11:56:58,239 | INFO  | OMAudit | user=jenkins1000 | ip=127.0.0.1 | op=READ_BUCKET {volume=vol-1-44087, bucket=bucket-1-95758} | ret=SUCCESS |  
2019-09-12 11:56:58,239 | INFO  | OMAudit | user=jenkins1000 | ip=127.0.0.1 | op=READ_BUCKET {volume=vol-0-05086, bucket=bucket-2-73411} | ret=SUCCESS |  
2019-09-12 11:56:58,240 | INFO  | OMAudit | user=jenkins1000 | ip=127.0.0.1 | op=READ_BUCKET {volume=vol-1-44087, bucket=bucket-3-97113} | ret=SUCCESS |  
2019-09-12 11:56:58,240 | INFO  | OMAudit | user=jenkins1000 | ip=127.0.0.1 | op=READ_BUCKET {volume=vol-0-05086, bucket=bucket-3-99895} | ret=SUCCESS |  
2019-09-12 11:56:58,243 [IPC Server handler 11 on 43548] ERROR pipeline.PipelinePlacementPolicy (PipelinePlacementPolicy.java:meetCriteria(91)) - Pipeline Placement: Doesn't meet the criteria to be viable node. Heaviness: 6
2019-09-12 11:56:58,243 [IPC Server handler 11 on 43548] ERROR pipeline.PipelinePlacementPolicy (PipelinePlacementPolicy.java:meetCriteria(91)) - Pipeline Placement: Doesn't meet the criteria to be viable node. Heaviness: 6
2019-09-12 11:56:58,243 [IPC Server handler 11 on 43548] ERROR pipeline.PipelinePlacementPolicy (PipelinePlacementPolicy.java:meetCriteria(91)) - Pipeline Placement: Doesn't meet the criteria to be viable node. Heaviness: 6
2019-09-12 11:56:58,243 [IPC Server handler 11 on 43548] ERROR pipeline.PipelinePlacementPolicy (PipelinePlacementPolicy.java:meetCriteria(91)) - Pipeline Placement: Doesn't meet the criteria to be viable node. Heaviness: 6
2019-09-12 11:56:58,243 [IPC Server handler 11 on 43548] ERROR pipeline.PipelinePlacementPolicy (PipelinePlacementPolicy.java:meetCriteria(91)) - Pipeline Placement: Doesn't meet the criteria to be viable node. Heaviness: 6
2019-09-12 11:56:58,244 [IPC Server handler 11 on 43548] ERROR pipeline.PipelinePlacementPolicy (PipelinePlacementPolicy.java:filterViableNodes(146)) - Unable to find enough nodes that meet the criteria that cannot engage in more than 5 pipelines. Nodes required: 3 Found: 0, healthy nodes count inNodeManager: 5.
2019-09-12 11:56:58,244 [IPC Server handler 11 on 43548] ERROR pipeline.SCMPipelineManager (SCMPipelineManager.java:createPipeline(161)) - Pipeline creation failed due to exception: Unable to find enough nodes that meet the criteria that cannot engage in more than 5 pipelines. Nodes required: 3 Found: 0, healthy nodes count inNodeManager: 5.
2019-09-12 11:56:58,244 [IPC Server handler 11 on 43548] WARN  block.BlockManagerImpl (BlockManagerImpl.java:allocateBlock(192)) - Pipeline creation failed for type:RATIS factor:THREE. Retrying get pipelines call once.
org.apache.hadoop.hdds.scm.exceptions.SCMException: Unable to find enough nodes that meet the criteria that cannot engage in more than 5 pipelines. Nodes required: 3 Found: 0, healthy nodes count inNodeManager: 5.
	at org.apache.hadoop.hdds.scm.pipeline.PipelinePlacementPolicy.filterViableNodes(PipelinePlacementPolicy.java:147)
	at org.apache.hadoop.hdds.scm.pipeline.PipelinePlacementPolicy.chooseDatanodes(PipelinePlacementPolicy.java:170)
	at org.apache.hadoop.hdds.scm.pipeline.RatisPipelineProvider.create(RatisPipelineProvider.java:92)
	at org.apache.hadoop.hdds.scm.pipeline.PipelineFactory.create(PipelineFactory.java:57)
	at org.apache.hadoop.hdds.scm.pipeline.SCMPipelineManager.createPipeline(SCMPipelineManager.java:149)
	at org.apache.hadoop.hdds.scm.block.BlockManagerImpl.allocateBlock(BlockManagerImpl.java:190)
	at org.apache.hadoop.hdds.scm.server.SCMBlockProtocolServer.allocateBlock(SCMBlockProtocolServer.java:175)
	at org.apache.hadoop.ozone.protocolPB.ScmBlockLocationProtocolServerSideTranslatorPB.allocateScmBlock(ScmBlockLocationProtocolServerSideTranslatorPB.java:153)
	at org.apache.hadoop.ozone.protocolPB.ScmBlockLocationProtocolServerSideTranslatorPB.send(ScmBlockLocationProtocolServerSideTranslatorPB.java:112)
	at org.apache.hadoop.hdds.protocol.proto.ScmBlockLocationProtocolProtos$ScmBlockLocationProtocolService$2.callBlockingMethod(ScmBlockLocationProtocolProtos.java:13157)
	at org.apache.hadoop.ipc.ProtobufRpcEngine$Server$ProtoBufRpcInvoker.call(ProtobufRpcEngine.java:524)
	at org.apache.hadoop.ipc.RPC$Server.call(RPC.java:1025)
	at org.apache.hadoop.ipc.Server$RpcCall.run(Server.java:876)
	at org.apache.hadoop.ipc.Server$RpcCall.run(Server.java:822)
	at java.security.AccessController.doPrivileged(Native Method)
	at javax.security.auth.Subject.doAs(Subject.java:422)
	at org.apache.hadoop.security.UserGroupInformation.doAs(UserGroupInformation.java:1730)
	at org.apache.hadoop.ipc.Server$Handler.run(Server.java:2682)
2019-09-12 11:56:58,244 [IPC Server handler 2 on 43548] ERROR pipeline.PipelinePlacementPolicy (PipelinePlacementPolicy.java:meetCriteria(91)) - Pipeline Placement: Doesn't meet the criteria to be viable node. Heaviness: 6
2019-09-12 11:56:58,244 [IPC Server handler 2 on 43548] ERROR pipeline.PipelinePlacementPolicy (PipelinePlacementPolicy.java:meetCriteria(91)) - Pipeline Placement: Doesn't meet the criteria to be viable node. Heaviness: 6
2019-09-12 11:56:58,244 [IPC Server handler 2 on 43548] ERROR pipeline.PipelinePlacementPolicy (PipelinePlacementPolicy.java:meetCriteria(91)) - Pipeline Placement: Doesn't meet the criteria to be viable node. Heaviness: 6
2019-09-12 11:56:58,245 [IPC Server handler 2 on 43548] ERROR pipeline.PipelinePlacementPolicy (PipelinePlacementPolicy.java:meetCriteria(91)) - Pipeline Placement: Doesn't meet the criteria to be viable node. Heaviness: 6
2019-09-12 11:56:58,245 [IPC Server handler 2 on 43548] ERROR pipeline.PipelinePlacementPolicy (PipelinePlacementPolicy.java:meetCriteria(91)) - Pipeline Placement: Doesn't meet the criteria to be viable node. Heaviness: 6
2019-09-12 11:56:58,245 [IPC Server handler 2 on 43548] ERROR pipeline.PipelinePlacementPolicy (PipelinePlacementPolicy.java:filterViableNodes(146)) - Unable to find enough nodes that meet the criteria that cannot engage in more than 5 pipelines. Nodes required: 3 Found: 0, healthy nodes count inNodeManager: 5.
2019-09-12 11:56:58,245 [IPC Server handler 2 on 43548] ERROR pipeline.SCMPipelineManager (SCMPipelineManager.java:createPipeline(161)) - Pipeline creation failed due to exception: Unable to find enough nodes that meet the criteria that cannot engage in more than 5 pipelines. Nodes required: 3 Found: 0, healthy nodes count inNodeManager: 5.
2019-09-12 11:56:58,245 [IPC Server handler 2 on 43548] WARN  block.BlockManagerImpl (BlockManagerImpl.java:allocateBlock(192)) - Pipeline creation failed for type:RATIS factor:THREE. Retrying get pipelines call once.
org.apache.hadoop.hdds.scm.exceptions.SCMException: Unable to find enough nodes that meet the criteria that cannot engage in more than 5 pipelines. Nodes required: 3 Found: 0, healthy nodes count inNodeManager: 5.
	at org.apache.hadoop.hdds.scm.pipeline.PipelinePlacementPolicy.filterViableNodes(PipelinePlacementPolicy.java:147)
	at org.apache.hadoop.hdds.scm.pipeline.PipelinePlacementPolicy.chooseDatanodes(PipelinePlacementPolicy.java:170)
	at org.apache.hadoop.hdds.scm.pipeline.RatisPipelineProvider.create(RatisPipelineProvider.java:92)
	at org.apache.hadoop.hdds.scm.pipeline.PipelineFactory.create(PipelineFactory.java:57)
	at org.apache.hadoop.hdds.scm.pipeline.SCMPipelineManager.createPipeline(SCMPipelineManager.java:149)
	at org.apache.hadoop.hdds.scm.block.BlockManagerImpl.allocateBlock(BlockManagerImpl.java:190)
	at org.apache.hadoop.hdds.scm.server.SCMBlockProtocolServer.allocateBlock(SCMBlockProtocolServer.java:175)
	at org.apache.hadoop.ozone.protocolPB.ScmBlockLocationProtocolServerSideTranslatorPB.allocateScmBlock(ScmBlockLocationProtocolServerSideTranslatorPB.java:153)
	at org.apache.hadoop.ozone.protocolPB.ScmBlockLocationProtocolServerSideTranslatorPB.send(ScmBlockLocationProtocolServerSideTranslatorPB.java:112)
	at org.apache.hadoop.hdds.protocol.proto.ScmBlockLocationProtocolProtos$ScmBlockLocationProtocolService$2.callBlockingMethod(ScmBlockLocationProtocolProtos.java:13157)
	at org.apache.hadoop.ipc.ProtobufRpcEngine$Server$ProtoBufRpcInvoker.call(ProtobufRpcEngine.java:524)
	at org.apache.hadoop.ipc.RPC$Server.call(RPC.java:1025)
	at org.apache.hadoop.ipc.Server$RpcCall.run(Server.java:876)
	at org.apache.hadoop.ipc.Server$RpcCall.run(Server.java:822)
	at java.security.AccessController.doPrivileged(Native Method)
	at javax.security.auth.Subject.doAs(Subject.java:422)
	at org.apache.hadoop.security.UserGroupInformation.doAs(UserGroupInformation.java:1730)
	at org.apache.hadoop.ipc.Server$Handler.run(Server.java:2682)
2019-09-12 11:56:58,245 [IPC Server handler 14 on 43548] ERROR pipeline.PipelinePlacementPolicy (PipelinePlacementPolicy.java:meetCriteria(91)) - Pipeline Placement: Doesn't meet the criteria to be viable node. Heaviness: 6
2019-09-12 11:56:58,245 [IPC Server handler 11 on 43548] INFO  block.BlockManagerImpl (BlockManagerImpl.java:allocateBlock(198)) - Could not find available pipeline of type:RATIS and factor:THREE even after retrying
2019-09-12 11:56:58,246 [IPC Server handler 14 on 43548] ERROR pipeline.PipelinePlacementPolicy (PipelinePlacementPolicy.java:meetCriteria(91)) - Pipeline Placement: Doesn't meet the criteria to be viable node. Heaviness: 6
2019-09-12 11:56:58,246 [IPC Server handler 11 on 43548] ERROR block.BlockManagerImpl (BlockManagerImpl.java:allocateBlock(222)) - Unable to allocate a block for the size: 4194304, type: RATIS, factor: THREE
2019-09-12 11:56:58,246 | INFO  | SCMAudit | user=jenkins1000 | ip=192.168.157.195 | op=ALLOCATE_BLOCK {owner=f7492686-26db-4064-a654-129457f98f65, size=4194304, type=RATIS, factor=THREE} | ret=SUCCESS |  
2019-09-12 11:56:58,246 [IPC Server handler 14 on 43548] ERROR pipeline.PipelinePlacementPolicy (PipelinePlacementPolicy.java:meetCriteria(91)) - Pipeline Placement: Doesn't meet the criteria to be viable node. Heaviness: 6
2019-09-12 11:56:58,246 [IPC Server handler 14 on 43548] ERROR pipeline.PipelinePlacementPolicy (PipelinePlacementPolicy.java:meetCriteria(91)) - Pipeline Placement: Doesn't meet the criteria to be viable node. Heaviness: 6
2019-09-12 11:56:58,247 [IPC Server handler 14 on 43548] ERROR pipeline.PipelinePlacementPolicy (PipelinePlacementPolicy.java:meetCriteria(91)) - Pipeline Placement: Doesn't meet the criteria to be viable node. Heaviness: 6
2019-09-12 11:56:58,247 [IPC Server handler 14 on 43548] ERROR pipeline.PipelinePlacementPolicy (PipelinePlacementPolicy.java:filterViableNodes(146)) - Unable to find enough nodes that meet the criteria that cannot engage in more than 5 pipelines. Nodes required: 3 Found: 0, healthy nodes count inNodeManager: 5.
2019-09-12 11:56:58,247 [IPC Server handler 14 on 43548] ERROR pipeline.SCMPipelineManager (SCMPipelineManager.java:createPipeline(161)) - Pipeline creation failed due to exception: Unable to find enough nodes that meet the criteria that cannot engage in more than 5 pipelines. Nodes required: 3 Found: 0, healthy nodes count inNodeManager: 5.
2019-09-12 11:56:58,247 | ERROR | OMAudit | user=jenkins1000 | ip=127.0.0.1 | op=ALLOCATE_KEY {volume=vol-0-05086, bucket=bucket-4-53029, key=key-0-03053, dataSize=10240, replicationType=RATIS, replicationFactor=THREE, keyLocationInfo=null} | ret=FAILURE | org.apache.hadoop.hdds.scm.exceptions.SCMException: Allocated 0 blocks. Requested 1 blocks
	at org.apache.hadoop.hdds.scm.protocolPB.ScmBlockLocationProtocolClientSideTranslatorPB.handleError(ScmBlockLocationProtocolClientSideTranslatorPB.java:118)
	at org.apache.hadoop.hdds.scm.protocolPB.ScmBlockLocationProtocolClientSideTranslatorPB.allocateBlock(ScmBlockLocationProtocolClientSideTranslatorPB.java:156) 
2019-09-12 11:56:58,249 [IPC Server handler 14 on 43548] WARN  block.BlockManagerImpl (BlockManagerImpl.java:allocateBlock(192)) - Pipeline creation failed for type:RATIS factor:THREE. Retrying get pipelines call once.
org.apache.hadoop.hdds.scm.exceptions.SCMException: Unable to find enough nodes that meet the criteria that cannot engage in more than 5 pipelines. Nodes required: 3 Found: 0, healthy nodes count inNodeManager: 5.
	at org.apache.hadoop.hdds.scm.pipeline.PipelinePlacementPolicy.filterViableNodes(PipelinePlacementPolicy.java:147)
	at org.apache.hadoop.hdds.scm.pipeline.PipelinePlacementPolicy.chooseDatanodes(PipelinePlacementPolicy.java:170)
	at org.apache.hadoop.hdds.scm.pipeline.RatisPipelineProvider.create(RatisPipelineProvider.java:92)
	at org.apache.hadoop.hdds.scm.pipeline.PipelineFactory.create(PipelineFactory.java:57)
	at org.apache.hadoop.hdds.scm.pipeline.SCMPipelineManager.createPipeline(SCMPipelineManager.java:149)
	at org.apache.hadoop.hdds.scm.block.BlockManagerImpl.allocateBlock(BlockManagerImpl.java:190)
	at org.apache.hadoop.hdds.scm.server.SCMBlockProtocolServer.allocateBlock(SCMBlockProtocolServer.java:175)
	at org.apache.hadoop.ozone.protocolPB.ScmBlockLocationProtocolServerSideTranslatorPB.allocateScmBlock(ScmBlockLocationProtocolServerSideTranslatorPB.java:153)
	at org.apache.hadoop.ozone.protocolPB.ScmBlockLocationProtocolServerSideTranslatorPB.send(ScmBlockLocationProtocolServerSideTranslatorPB.java:112)
	at org.apache.hadoop.hdds.protocol.proto.ScmBlockLocationProtocolProtos$ScmBlockLocationProtocolService$2.callBlockingMethod(ScmBlockLocationProtocolProtos.java:13157)
	at org.apache.hadoop.ipc.ProtobufRpcEngine$Server$ProtoBufRpcInvoker.call(ProtobufRpcEngine.java:524)
	at org.apache.hadoop.ipc.RPC$Server.call(RPC.java:1025)
	at org.apache.hadoop.ipc.Server$RpcCall.run(Server.java:876)
	at org.apache.hadoop.ipc.Server$RpcCall.run(Server.java:822)
	at java.security.AccessController.doPrivileged(Native Method)
	at javax.security.auth.Subject.doAs(Subject.java:422)
	at org.apache.hadoop.security.UserGroupInformation.doAs(UserGroupInformation.java:1730)
	at org.apache.hadoop.ipc.Server$Handler.run(Server.java:2682)
2019-09-12 11:56:58,249 [IPC Server handler 2 on 43548] INFO  block.BlockManagerImpl (BlockManagerImpl.java:allocateBlock(198)) - Could not find available pipeline of type:RATIS and factor:THREE even after retrying
2019-09-12 11:56:58,251 [IPC Server handler 14 on 43548] INFO  block.BlockManagerImpl (BlockManagerImpl.java:allocateBlock(198)) - Could not find available pipeline of type:RATIS and factor:THREE even after retrying
2019-09-12 11:56:58,251 [IPC Server handler 2 on 43548] ERROR block.BlockManagerImpl (BlockManagerImpl.java:allocateBlock(222)) - Unable to allocate a block for the size: 4194304, type: RATIS, factor: THREE
2019-09-12 11:56:58,252 | INFO  | SCMAudit | user=jenkins1000 | ip=192.168.157.195 | op=ALLOCATE_BLOCK {owner=f7492686-26db-4064-a654-129457f98f65, size=4194304, type=RATIS, factor=THREE} | ret=SUCCESS |  
2019-09-12 11:56:58,252 [pool-80-thread-10] ERROR freon.RandomKeyGenerator (RandomKeyGenerator.java:createKey(724)) - Exception while adding key: key-0-03053 in bucket: bucket-4-53029 of volume: vol-0-05086.
INTERNAL_ERROR org.apache.hadoop.ozone.om.exceptions.OMException: Allocated 0 blocks. Requested 1 blocks
	at org.apache.hadoop.ozone.om.protocolPB.OzoneManagerProtocolClientSideTranslatorPB.handleError(OzoneManagerProtocolClientSideTranslatorPB.java:725)
	at org.apache.hadoop.ozone.om.protocolPB.OzoneManagerProtocolClientSideTranslatorPB.openKey(OzoneManagerProtocolClientSideTranslatorPB.java:716)
	at org.apache.hadoop.ozone.client.rpc.RpcClient.createKey(RpcClient.java:615)
	at org.apache.hadoop.ozone.client.OzoneBucket.createKey(OzoneBucket.java:323)
	at org.apache.hadoop.ozone.freon.RandomKeyGenerator.createKey(RandomKeyGenerator.java:686)
	at org.apache.hadoop.ozone.freon.RandomKeyGenerator.access$1100(RandomKeyGenerator.java:87)
	at org.apache.hadoop.ozone.freon.RandomKeyGenerator$ObjectCreator.run(RandomKeyGenerator.java:606)
	at java.util.concurrent.Executors$RunnableAdapter.call(Executors.java:511)
	at java.util.concurrent.FutureTask.run(FutureTask.java:266)
	at java.util.concurrent.ThreadPoolExecutor.runWorker(ThreadPoolExecutor.java:1149)
	at java.util.concurrent.ThreadPoolExecutor$Worker.run(ThreadPoolExecutor.java:624)
	at java.lang.Thread.run(Thread.java:748)
2019-09-12 11:56:58,252 [IPC Server handler 14 on 43548] ERROR block.BlockManagerImpl (BlockManagerImpl.java:allocateBlock(222)) - Unable to allocate a block for the size: 4194304, type: RATIS, factor: THREE
2019-09-12 11:56:58,252 | ERROR | OMAudit | user=jenkins1000 | ip=127.0.0.1 | op=ALLOCATE_KEY {volume=vol-1-44087, bucket=bucket-2-77014, key=key-0-55622, dataSize=10240, replicationType=RATIS, replicationFactor=THREE, keyLocationInfo=null} | ret=FAILURE | org.apache.hadoop.hdds.scm.exceptions.SCMException: Allocated 0 blocks. Requested 1 blocks
	at org.apache.hadoop.hdds.scm.protocolPB.ScmBlockLocationProtocolClientSideTranslatorPB.handleError(ScmBlockLocationProtocolClientSideTranslatorPB.java:118)
	at org.apache.hadoop.hdds.scm.protocolPB.ScmBlockLocationProtocolClientSideTranslatorPB.allocateBlock(ScmBlockLocationProtocolClientSideTranslatorPB.java:156) 
2019-09-12 11:56:58,253 | INFO  | SCMAudit | user=jenkins1000 | ip=192.168.157.195 | op=ALLOCATE_BLOCK {owner=f7492686-26db-4064-a654-129457f98f65, size=4194304, type=RATIS, factor=THREE} | ret=SUCCESS |  
2019-09-12 11:56:58,253 [IPC Server handler 8 on 43548] ERROR pipeline.PipelinePlacementPolicy (PipelinePlacementPolicy.java:meetCriteria(91)) - Pipeline Placement: Doesn't meet the criteria to be viable node. Heaviness: 6
2019-09-12 11:56:58,253 | ERROR | OMAudit | user=jenkins1000 | ip=127.0.0.1 | op=ALLOCATE_KEY {volume=vol-1-44087, bucket=bucket-4-14657, key=key-0-49488, dataSize=10240, replicationType=RATIS, replicationFactor=THREE, keyLocationInfo=null} | ret=FAILURE | org.apache.hadoop.hdds.scm.exceptions.SCMException: Allocated 0 blocks. Requested 1 blocks
	at org.apache.hadoop.hdds.scm.protocolPB.ScmBlockLocationProtocolClientSideTranslatorPB.handleError(ScmBlockLocationProtocolClientSideTranslatorPB.java:118)
	at org.apache.hadoop.hdds.scm.protocolPB.ScmBlockLocationProtocolClientSideTranslatorPB.allocateBlock(ScmBlockLocationProtocolClientSideTranslatorPB.java:156) 
2019-09-12 11:56:58,253 [pool-80-thread-3] ERROR freon.RandomKeyGenerator (RandomKeyGenerator.java:createKey(724)) - Exception while adding key: key-0-55622 in bucket: bucket-2-77014 of volume: vol-1-44087.
INTERNAL_ERROR org.apache.hadoop.ozone.om.exceptions.OMException: Allocated 0 blocks. Requested 1 blocks
	at org.apache.hadoop.ozone.om.protocolPB.OzoneManagerProtocolClientSideTranslatorPB.handleError(OzoneManagerProtocolClientSideTranslatorPB.java:725)
	at org.apache.hadoop.ozone.om.protocolPB.OzoneManagerProtocolClientSideTranslatorPB.openKey(OzoneManagerProtocolClientSideTranslatorPB.java:716)
	at org.apache.hadoop.ozone.client.rpc.RpcClient.createKey(RpcClient.java:615)
	at org.apache.hadoop.ozone.client.OzoneBucket.createKey(OzoneBucket.java:323)
	at org.apache.hadoop.ozone.freon.RandomKeyGenerator.createKey(RandomKeyGenerator.java:686)
	at org.apache.hadoop.ozone.freon.RandomKeyGenerator.access$1100(RandomKeyGenerator.java:87)
	at org.apache.hadoop.ozone.freon.RandomKeyGenerator$ObjectCreator.run(RandomKeyGenerator.java:606)
	at java.util.concurrent.Executors$RunnableAdapter.call(Executors.java:511)
	at java.util.concurrent.FutureTask.run(FutureTask.java:266)
	at java.util.concurrent.ThreadPoolExecutor.runWorker(ThreadPoolExecutor.java:1149)
	at java.util.concurrent.ThreadPoolExecutor$Worker.run(ThreadPoolExecutor.java:624)
	at java.lang.Thread.run(Thread.java:748)
2019-09-12 11:56:58,253 [IPC Server handler 8 on 43548] ERROR pipeline.PipelinePlacementPolicy (PipelinePlacementPolicy.java:meetCriteria(91)) - Pipeline Placement: Doesn't meet the criteria to be viable node. Heaviness: 6
2019-09-12 11:56:58,256 [pool-80-thread-9] ERROR freon.RandomKeyGenerator (RandomKeyGenerator.java:createKey(724)) - Exception while adding key: key-0-49488 in bucket: bucket-4-14657 of volume: vol-1-44087.
INTERNAL_ERROR org.apache.hadoop.ozone.om.exceptions.OMException: Allocated 0 blocks. Requested 1 blocks
	at org.apache.hadoop.ozone.om.protocolPB.OzoneManagerProtocolClientSideTranslatorPB.handleError(OzoneManagerProtocolClientSideTranslatorPB.java:725)
	at org.apache.hadoop.ozone.om.protocolPB.OzoneManagerProtocolClientSideTranslatorPB.openKey(OzoneManagerProtocolClientSideTranslatorPB.java:716)
	at org.apache.hadoop.ozone.client.rpc.RpcClient.createKey(RpcClient.java:615)
	at org.apache.hadoop.ozone.client.OzoneBucket.createKey(OzoneBucket.java:323)
	at org.apache.hadoop.ozone.freon.RandomKeyGenerator.createKey(RandomKeyGenerator.java:686)
	at org.apache.hadoop.ozone.freon.RandomKeyGenerator.access$1100(RandomKeyGenerator.java:87)
	at org.apache.hadoop.ozone.freon.RandomKeyGenerator$ObjectCreator.run(RandomKeyGenerator.java:606)
	at java.util.concurrent.Executors$RunnableAdapter.call(Executors.java:511)
	at java.util.concurrent.FutureTask.run(FutureTask.java:266)
	at java.util.concurrent.ThreadPoolExecutor.runWorker(ThreadPoolExecutor.java:1149)
	at java.util.concurrent.ThreadPoolExecutor$Worker.run(ThreadPoolExecutor.java:624)
	at java.lang.Thread.run(Thread.java:748)
2019-09-12 11:56:58,256 [IPC Server handler 8 on 43548] ERROR pipeline.PipelinePlacementPolicy (PipelinePlacementPolicy.java:meetCriteria(91)) - Pipeline Placement: Doesn't meet the criteria to be viable node. Heaviness: 6
2019-09-12 11:56:58,256 [IPC Server handler 8 on 43548] ERROR pipeline.PipelinePlacementPolicy (PipelinePlacementPolicy.java:meetCriteria(91)) - Pipeline Placement: Doesn't meet the criteria to be viable node. Heaviness: 6
2019-09-12 11:56:58,257 [IPC Server handler 8 on 43548] ERROR pipeline.PipelinePlacementPolicy (PipelinePlacementPolicy.java:meetCriteria(91)) - Pipeline Placement: Doesn't meet the criteria to be viable node. Heaviness: 6
2019-09-12 11:56:58,257 [IPC Server handler 8 on 43548] ERROR pipeline.PipelinePlacementPolicy (PipelinePlacementPolicy.java:filterViableNodes(146)) - Unable to find enough nodes that meet the criteria that cannot engage in more than 5 pipelines. Nodes required: 3 Found: 0, healthy nodes count inNodeManager: 5.
2019-09-12 11:56:58,257 [IPC Server handler 8 on 43548] ERROR pipeline.SCMPipelineManager (SCMPipelineManager.java:createPipeline(161)) - Pipeline creation failed due to exception: Unable to find enough nodes that meet the criteria that cannot engage in more than 5 pipelines. Nodes required: 3 Found: 0, healthy nodes count inNodeManager: 5.
2019-09-12 11:56:58,257 [IPC Server handler 8 on 43548] WARN  block.BlockManagerImpl (BlockManagerImpl.java:allocateBlock(192)) - Pipeline creation failed for type:RATIS factor:THREE. Retrying get pipelines call once.
org.apache.hadoop.hdds.scm.exceptions.SCMException: Unable to find enough nodes that meet the criteria that cannot engage in more than 5 pipelines. Nodes required: 3 Found: 0, healthy nodes count inNodeManager: 5.
	at org.apache.hadoop.hdds.scm.pipeline.PipelinePlacementPolicy.filterViableNodes(PipelinePlacementPolicy.java:147)
	at org.apache.hadoop.hdds.scm.pipeline.PipelinePlacementPolicy.chooseDatanodes(PipelinePlacementPolicy.java:170)
	at org.apache.hadoop.hdds.scm.pipeline.RatisPipelineProvider.create(RatisPipelineProvider.java:92)
	at org.apache.hadoop.hdds.scm.pipeline.PipelineFactory.create(PipelineFactory.java:57)
	at org.apache.hadoop.hdds.scm.pipeline.SCMPipelineManager.createPipeline(SCMPipelineManager.java:149)
	at org.apache.hadoop.hdds.scm.block.BlockManagerImpl.allocateBlock(BlockManagerImpl.java:190)
	at org.apache.hadoop.hdds.scm.server.SCMBlockProtocolServer.allocateBlock(SCMBlockProtocolServer.java:175)
	at org.apache.hadoop.ozone.protocolPB.ScmBlockLocationProtocolServerSideTranslatorPB.allocateScmBlock(ScmBlockLocationProtocolServerSideTranslatorPB.java:153)
	at org.apache.hadoop.ozone.protocolPB.ScmBlockLocationProtocolServerSideTranslatorPB.send(ScmBlockLocationProtocolServerSideTranslatorPB.java:112)
	at org.apache.hadoop.hdds.protocol.proto.ScmBlockLocationProtocolProtos$ScmBlockLocationProtocolService$2.callBlockingMethod(ScmBlockLocationProtocolProtos.java:13157)
	at org.apache.hadoop.ipc.ProtobufRpcEngine$Server$ProtoBufRpcInvoker.call(ProtobufRpcEngine.java:524)
	at org.apache.hadoop.ipc.RPC$Server.call(RPC.java:1025)
	at org.apache.hadoop.ipc.Server$RpcCall.run(Server.java:876)
	at org.apache.hadoop.ipc.Server$RpcCall.run(Server.java:822)
	at java.security.AccessController.doPrivileged(Native Method)
	at javax.security.auth.Subject.doAs(Subject.java:422)
	at org.apache.hadoop.security.UserGroupInformation.doAs(UserGroupInformation.java:1730)
	at org.apache.hadoop.ipc.Server$Handler.run(Server.java:2682)
2019-09-12 11:56:58,257 [IPC Server handler 12 on 43548] ERROR pipeline.PipelinePlacementPolicy (PipelinePlacementPolicy.java:meetCriteria(91)) - Pipeline Placement: Doesn't meet the criteria to be viable node. Heaviness: 6
2019-09-12 11:56:58,258 [IPC Server handler 12 on 43548] ERROR pipeline.PipelinePlacementPolicy (PipelinePlacementPolicy.java:meetCriteria(91)) - Pipeline Placement: Doesn't meet the criteria to be viable node. Heaviness: 6
2019-09-12 11:56:58,258 [IPC Server handler 12 on 43548] ERROR pipeline.PipelinePlacementPolicy (PipelinePlacementPolicy.java:meetCriteria(91)) - Pipeline Placement: Doesn't meet the criteria to be viable node. Heaviness: 6
2019-09-12 11:56:58,258 [IPC Server handler 12 on 43548] ERROR pipeline.PipelinePlacementPolicy (PipelinePlacementPolicy.java:meetCriteria(91)) - Pipeline Placement: Doesn't meet the criteria to be viable node. Heaviness: 6
2019-09-12 11:56:58,258 [IPC Server handler 12 on 43548] ERROR pipeline.PipelinePlacementPolicy (PipelinePlacementPolicy.java:meetCriteria(91)) - Pipeline Placement: Doesn't meet the criteria to be viable node. Heaviness: 6
2019-09-12 11:56:58,258 [IPC Server handler 12 on 43548] ERROR pipeline.PipelinePlacementPolicy (PipelinePlacementPolicy.java:filterViableNodes(146)) - Unable to find enough nodes that meet the criteria that cannot engage in more than 5 pipelines. Nodes required: 3 Found: 0, healthy nodes count inNodeManager: 5.
2019-09-12 11:56:58,259 [IPC Server handler 12 on 43548] ERROR pipeline.SCMPipelineManager (SCMPipelineManager.java:createPipeline(161)) - Pipeline creation failed due to exception: Unable to find enough nodes that meet the criteria that cannot engage in more than 5 pipelines. Nodes required: 3 Found: 0, healthy nodes count inNodeManager: 5.
2019-09-12 11:56:58,259 [IPC Server handler 12 on 43548] WARN  block.BlockManagerImpl (BlockManagerImpl.java:allocateBlock(192)) - Pipeline creation failed for type:RATIS factor:THREE. Retrying get pipelines call once.
org.apache.hadoop.hdds.scm.exceptions.SCMException: Unable to find enough nodes that meet the criteria that cannot engage in more than 5 pipelines. Nodes required: 3 Found: 0, healthy nodes count inNodeManager: 5.
	at org.apache.hadoop.hdds.scm.pipeline.PipelinePlacementPolicy.filterViableNodes(PipelinePlacementPolicy.java:147)
	at org.apache.hadoop.hdds.scm.pipeline.PipelinePlacementPolicy.chooseDatanodes(PipelinePlacementPolicy.java:170)
	at org.apache.hadoop.hdds.scm.pipeline.RatisPipelineProvider.create(RatisPipelineProvider.java:92)
	at org.apache.hadoop.hdds.scm.pipeline.PipelineFactory.create(PipelineFactory.java:57)
	at org.apache.hadoop.hdds.scm.pipeline.SCMPipelineManager.createPipeline(SCMPipelineManager.java:149)
	at org.apache.hadoop.hdds.scm.block.BlockManagerImpl.allocateBlock(BlockManagerImpl.java:190)
	at org.apache.hadoop.hdds.scm.server.SCMBlockProtocolServer.allocateBlock(SCMBlockProtocolServer.java:175)
	at org.apache.hadoop.ozone.protocolPB.ScmBlockLocationProtocolServerSideTranslatorPB.allocateScmBlock(ScmBlockLocationProtocolServerSideTranslatorPB.java:153)
	at org.apache.hadoop.ozone.protocolPB.ScmBlockLocationProtocolServerSideTranslatorPB.send(ScmBlockLocationProtocolServerSideTranslatorPB.java:112)
	at org.apache.hadoop.hdds.protocol.proto.ScmBlockLocationProtocolProtos$ScmBlockLocationProtocolService$2.callBlockingMethod(ScmBlockLocationProtocolProtos.java:13157)
	at org.apache.hadoop.ipc.ProtobufRpcEngine$Server$ProtoBufRpcInvoker.call(ProtobufRpcEngine.java:524)
	at org.apache.hadoop.ipc.RPC$Server.call(RPC.java:1025)
	at org.apache.hadoop.ipc.Server$RpcCall.run(Server.java:876)
	at org.apache.hadoop.ipc.Server$RpcCall.run(Server.java:822)
	at java.security.AccessController.doPrivileged(Native Method)
	at javax.security.auth.Subject.doAs(Subject.java:422)
	at org.apache.hadoop.security.UserGroupInformation.doAs(UserGroupInformation.java:1730)
	at org.apache.hadoop.ipc.Server$Handler.run(Server.java:2682)
2019-09-12 11:56:58,259 [IPC Server handler 13 on 43548] ERROR pipeline.PipelinePlacementPolicy (PipelinePlacementPolicy.java:meetCriteria(91)) - Pipeline Placement: Doesn't meet the criteria to be viable node. Heaviness: 6
2019-09-12 11:56:58,261 [IPC Server handler 13 on 43548] ERROR pipeline.PipelinePlacementPolicy (PipelinePlacementPolicy.java:meetCriteria(91)) - Pipeline Placement: Doesn't meet the criteria to be viable node. Heaviness: 6
2019-09-12 11:56:58,259 [IPC Server handler 8 on 43548] INFO  block.BlockManagerImpl (BlockManagerImpl.java:allocateBlock(198)) - Could not find available pipeline of type:RATIS and factor:THREE even after retrying
2019-09-12 11:56:58,261 [IPC Server handler 13 on 43548] ERROR pipeline.PipelinePlacementPolicy (PipelinePlacementPolicy.java:meetCriteria(91)) - Pipeline Placement: Doesn't meet the criteria to be viable node. Heaviness: 6
2019-09-12 11:56:58,261 [IPC Server handler 8 on 43548] ERROR block.BlockManagerImpl (BlockManagerImpl.java:allocateBlock(222)) - Unable to allocate a block for the size: 4194304, type: RATIS, factor: THREE
2019-09-12 11:56:58,261 [IPC Server handler 13 on 43548] ERROR pipeline.PipelinePlacementPolicy (PipelinePlacementPolicy.java:meetCriteria(91)) - Pipeline Placement: Doesn't meet the criteria to be viable node. Heaviness: 6
2019-09-12 11:56:58,262 | INFO  | SCMAudit | user=jenkins1000 | ip=192.168.157.195 | op=ALLOCATE_BLOCK {owner=f7492686-26db-4064-a654-129457f98f65, size=4194304, type=RATIS, factor=THREE} | ret=SUCCESS |  
2019-09-12 11:56:58,262 [IPC Server handler 13 on 43548] ERROR pipeline.PipelinePlacementPolicy (PipelinePlacementPolicy.java:meetCriteria(91)) - Pipeline Placement: Doesn't meet the criteria to be viable node. Heaviness: 6
2019-09-12 11:56:58,262 [IPC Server handler 13 on 43548] ERROR pipeline.PipelinePlacementPolicy (PipelinePlacementPolicy.java:filterViableNodes(146)) - Unable to find enough nodes that meet the criteria that cannot engage in more than 5 pipelines. Nodes required: 3 Found: 0, healthy nodes count inNodeManager: 5.
2019-09-12 11:56:58,262 [IPC Server handler 13 on 43548] ERROR pipeline.SCMPipelineManager (SCMPipelineManager.java:createPipeline(161)) - Pipeline creation failed due to exception: Unable to find enough nodes that meet the criteria that cannot engage in more than 5 pipelines. Nodes required: 3 Found: 0, healthy nodes count inNodeManager: 5.
2019-09-12 11:56:58,262 [IPC Server handler 13 on 43548] WARN  block.BlockManagerImpl (BlockManagerImpl.java:allocateBlock(192)) - Pipeline creation failed for type:RATIS factor:THREE. Retrying get pipelines call once.
org.apache.hadoop.hdds.scm.exceptions.SCMException: Unable to find enough nodes that meet the criteria that cannot engage in more than 5 pipelines. Nodes required: 3 Found: 0, healthy nodes count inNodeManager: 5.
	at org.apache.hadoop.hdds.scm.pipeline.PipelinePlacementPolicy.filterViableNodes(PipelinePlacementPolicy.java:147)
	at org.apache.hadoop.hdds.scm.pipeline.PipelinePlacementPolicy.chooseDatanodes(PipelinePlacementPolicy.java:170)
	at org.apache.hadoop.hdds.scm.pipeline.RatisPipelineProvider.create(RatisPipelineProvider.java:92)
	at org.apache.hadoop.hdds.scm.pipeline.PipelineFactory.create(PipelineFactory.java:57)
	at org.apache.hadoop.hdds.scm.pipeline.SCMPipelineManager.createPipeline(SCMPipelineManager.java:149)
	at org.apache.hadoop.hdds.scm.block.BlockManagerImpl.allocateBlock(BlockManagerImpl.java:190)
	at org.apache.hadoop.hdds.scm.server.SCMBlockProtocolServer.allocateBlock(SCMBlockProtocolServer.java:175)
	at org.apache.hadoop.ozone.protocolPB.ScmBlockLocationProtocolServerSideTranslatorPB.allocateScmBlock(ScmBlockLocationProtocolServerSideTranslatorPB.java:153)
	at org.apache.hadoop.ozone.protocolPB.ScmBlockLocationProtocolServerSideTranslatorPB.send(ScmBlockLocationProtocolServerSideTranslatorPB.java:112)
	at org.apache.hadoop.hdds.protocol.proto.ScmBlockLocationProtocolProtos$ScmBlockLocationProtocolService$2.callBlockingMethod(ScmBlockLocationProtocolProtos.java:13157)
	at org.apache.hadoop.ipc.ProtobufRpcEngine$Server$ProtoBufRpcInvoker.call(ProtobufRpcEngine.java:524)
	at org.apache.hadoop.ipc.RPC$Server.call(RPC.java:1025)
	at org.apache.hadoop.ipc.Server$RpcCall.run(Server.java:876)
	at org.apache.hadoop.ipc.Server$RpcCall.run(Server.java:822)
	at java.security.AccessController.doPrivileged(Native Method)
	at javax.security.auth.Subject.doAs(Subject.java:422)
	at org.apache.hadoop.security.UserGroupInformation.doAs(UserGroupInformation.java:1730)
	at org.apache.hadoop.ipc.Server$Handler.run(Server.java:2682)
2019-09-12 11:56:58,262 [IPC Server handler 4 on 43548] ERROR pipeline.PipelinePlacementPolicy (PipelinePlacementPolicy.java:meetCriteria(91)) - Pipeline Placement: Doesn't meet the criteria to be viable node. Heaviness: 6
2019-09-12 11:56:58,262 | ERROR | OMAudit | user=jenkins1000 | ip=127.0.0.1 | op=ALLOCATE_KEY {volume=vol-0-05086, bucket=bucket-0-36735, key=key-0-42847, dataSize=10240, replicationType=RATIS, replicationFactor=THREE, keyLocationInfo=null} | ret=FAILURE | org.apache.hadoop.hdds.scm.exceptions.SCMException: Allocated 0 blocks. Requested 1 blocks
	at org.apache.hadoop.hdds.scm.protocolPB.ScmBlockLocationProtocolClientSideTranslatorPB.handleError(ScmBlockLocationProtocolClientSideTranslatorPB.java:118)
	at org.apache.hadoop.hdds.scm.protocolPB.ScmBlockLocationProtocolClientSideTranslatorPB.allocateBlock(ScmBlockLocationProtocolClientSideTranslatorPB.java:156) 
2019-09-12 11:56:58,264 [IPC Server handler 4 on 43548] ERROR pipeline.PipelinePlacementPolicy (PipelinePlacementPolicy.java:meetCriteria(91)) - Pipeline Placement: Doesn't meet the criteria to be viable node. Heaviness: 6
2019-09-12 11:56:58,264 [IPC Server handler 4 on 43548] ERROR pipeline.PipelinePlacementPolicy (PipelinePlacementPolicy.java:meetCriteria(91)) - Pipeline Placement: Doesn't meet the criteria to be viable node. Heaviness: 6
2019-09-12 11:56:58,265 [IPC Server handler 4 on 43548] ERROR pipeline.PipelinePlacementPolicy (PipelinePlacementPolicy.java:meetCriteria(91)) - Pipeline Placement: Doesn't meet the criteria to be viable node. Heaviness: 6
2019-09-12 11:56:58,265 [pool-80-thread-1] ERROR freon.RandomKeyGenerator (RandomKeyGenerator.java:createKey(724)) - Exception while adding key: key-0-42847 in bucket: bucket-0-36735 of volume: vol-0-05086.
INTERNAL_ERROR org.apache.hadoop.ozone.om.exceptions.OMException: Allocated 0 blocks. Requested 1 blocks
	at org.apache.hadoop.ozone.om.protocolPB.OzoneManagerProtocolClientSideTranslatorPB.handleError(OzoneManagerProtocolClientSideTranslatorPB.java:725)
	at org.apache.hadoop.ozone.om.protocolPB.OzoneManagerProtocolClientSideTranslatorPB.openKey(OzoneManagerProtocolClientSideTranslatorPB.java:716)
	at org.apache.hadoop.ozone.client.rpc.RpcClient.createKey(RpcClient.java:615)
	at org.apache.hadoop.ozone.client.OzoneBucket.createKey(OzoneBucket.java:323)
	at org.apache.hadoop.ozone.freon.RandomKeyGenerator.createKey(RandomKeyGenerator.java:686)
	at org.apache.hadoop.ozone.freon.RandomKeyGenerator.access$1100(RandomKeyGenerator.java:87)
	at org.apache.hadoop.ozone.freon.RandomKeyGenerator$ObjectCreator.run(RandomKeyGenerator.java:606)
	at java.util.concurrent.Executors$RunnableAdapter.call(Executors.java:511)
	at java.util.concurrent.FutureTask.run(FutureTask.java:266)
	at java.util.concurrent.ThreadPoolExecutor.runWorker(ThreadPoolExecutor.java:1149)
	at java.util.concurrent.ThreadPoolExecutor$Worker.run(ThreadPoolExecutor.java:624)
	at java.lang.Thread.run(Thread.java:748)
2019-09-12 11:56:58,265 [IPC Server handler 4 on 43548] ERROR pipeline.PipelinePlacementPolicy (PipelinePlacementPolicy.java:meetCriteria(91)) - Pipeline Placement: Doesn't meet the criteria to be viable node. Heaviness: 6
2019-09-12 11:56:58,265 [IPC Server handler 4 on 43548] ERROR pipeline.PipelinePlacementPolicy (PipelinePlacementPolicy.java:filterViableNodes(146)) - Unable to find enough nodes that meet the criteria that cannot engage in more than 5 pipelines. Nodes required: 3 Found: 0, healthy nodes count inNodeManager: 5.
2019-09-12 11:56:58,266 [IPC Server handler 4 on 43548] ERROR pipeline.SCMPipelineManager (SCMPipelineManager.java:createPipeline(161)) - Pipeline creation failed due to exception: Unable to find enough nodes that meet the criteria that cannot engage in more than 5 pipelines. Nodes required: 3 Found: 0, healthy nodes count inNodeManager: 5.
2019-09-12 11:56:58,266 [IPC Server handler 4 on 43548] WARN  block.BlockManagerImpl (BlockManagerImpl.java:allocateBlock(192)) - Pipeline creation failed for type:RATIS factor:THREE. Retrying get pipelines call once.
org.apache.hadoop.hdds.scm.exceptions.SCMException: Unable to find enough nodes that meet the criteria that cannot engage in more than 5 pipelines. Nodes required: 3 Found: 0, healthy nodes count inNodeManager: 5.
	at org.apache.hadoop.hdds.scm.pipeline.PipelinePlacementPolicy.filterViableNodes(PipelinePlacementPolicy.java:147)
	at org.apache.hadoop.hdds.scm.pipeline.PipelinePlacementPolicy.chooseDatanodes(PipelinePlacementPolicy.java:170)
	at org.apache.hadoop.hdds.scm.pipeline.RatisPipelineProvider.create(RatisPipelineProvider.java:92)
	at org.apache.hadoop.hdds.scm.pipeline.PipelineFactory.create(PipelineFactory.java:57)
	at org.apache.hadoop.hdds.scm.pipeline.SCMPipelineManager.createPipeline(SCMPipelineManager.java:149)
	at org.apache.hadoop.hdds.scm.block.BlockManagerImpl.allocateBlock(BlockManagerImpl.java:190)
	at org.apache.hadoop.hdds.scm.server.SCMBlockProtocolServer.allocateBlock(SCMBlockProtocolServer.java:175)
	at org.apache.hadoop.ozone.protocolPB.ScmBlockLocationProtocolServerSideTranslatorPB.allocateScmBlock(ScmBlockLocationProtocolServerSideTranslatorPB.java:153)
	at org.apache.hadoop.ozone.protocolPB.ScmBlockLocationProtocolServerSideTranslatorPB.send(ScmBlockLocationProtocolServerSideTranslatorPB.java:112)
	at org.apache.hadoop.hdds.protocol.proto.ScmBlockLocationProtocolProtos$ScmBlockLocationProtocolService$2.callBlockingMethod(ScmBlockLocationProtocolProtos.java:13157)
	at org.apache.hadoop.ipc.ProtobufRpcEngine$Server$ProtoBufRpcInvoker.call(ProtobufRpcEngine.java:524)
	at org.apache.hadoop.ipc.RPC$Server.call(RPC.java:1025)
	at org.apache.hadoop.ipc.Server$RpcCall.run(Server.java:876)
	at org.apache.hadoop.ipc.Server$RpcCall.run(Server.java:822)
	at java.security.AccessController.doPrivileged(Native Method)
	at javax.security.auth.Subject.doAs(Subject.java:422)
	at org.apache.hadoop.security.UserGroupInformation.doAs(UserGroupInformation.java:1730)
	at org.apache.hadoop.ipc.Server$Handler.run(Server.java:2682)
2019-09-12 11:56:58,266 [IPC Server handler 1 on 43548] ERROR pipeline.PipelinePlacementPolicy (PipelinePlacementPolicy.java:meetCriteria(91)) - Pipeline Placement: Doesn't meet the criteria to be viable node. Heaviness: 6
2019-09-12 11:56:58,267 [IPC Server handler 1 on 43548] ERROR pipeline.PipelinePlacementPolicy (PipelinePlacementPolicy.java:meetCriteria(91)) - Pipeline Placement: Doesn't meet the criteria to be viable node. Heaviness: 6
2019-09-12 11:56:58,267 [IPC Server handler 1 on 43548] ERROR pipeline.PipelinePlacementPolicy (PipelinePlacementPolicy.java:meetCriteria(91)) - Pipeline Placement: Doesn't meet the criteria to be viable node. Heaviness: 6
2019-09-12 11:56:58,267 [IPC Server handler 1 on 43548] ERROR pipeline.PipelinePlacementPolicy (PipelinePlacementPolicy.java:meetCriteria(91)) - Pipeline Placement: Doesn't meet the criteria to be viable node. Heaviness: 6
2019-09-12 11:56:58,267 [IPC Server handler 1 on 43548] ERROR pipeline.PipelinePlacementPolicy (PipelinePlacementPolicy.java:meetCriteria(91)) - Pipeline Placement: Doesn't meet the criteria to be viable node. Heaviness: 6
2019-09-12 11:56:58,266 [IPC Server handler 13 on 43548] INFO  block.BlockManagerImpl (BlockManagerImpl.java:allocateBlock(198)) - Could not find available pipeline of type:RATIS and factor:THREE even after retrying
2019-09-12 11:56:58,266 [IPC Server handler 12 on 43548] INFO  block.BlockManagerImpl (BlockManagerImpl.java:allocateBlock(198)) - Could not find available pipeline of type:RATIS and factor:THREE even after retrying
2019-09-12 11:56:58,267 [IPC Server handler 13 on 43548] ERROR block.BlockManagerImpl (BlockManagerImpl.java:allocateBlock(222)) - Unable to allocate a block for the size: 4194304, type: RATIS, factor: THREE
2019-09-12 11:56:58,267 [IPC Server handler 1 on 43548] ERROR pipeline.PipelinePlacementPolicy (PipelinePlacementPolicy.java:filterViableNodes(146)) - Unable to find enough nodes that meet the criteria that cannot engage in more than 5 pipelines. Nodes required: 3 Found: 0, healthy nodes count inNodeManager: 5.
2019-09-12 11:56:58,268 | INFO  | SCMAudit | user=jenkins1000 | ip=192.168.157.195 | op=ALLOCATE_BLOCK {owner=f7492686-26db-4064-a654-129457f98f65, size=4194304, type=RATIS, factor=THREE} | ret=SUCCESS |  
2019-09-12 11:56:58,268 [IPC Server handler 12 on 43548] ERROR block.BlockManagerImpl (BlockManagerImpl.java:allocateBlock(222)) - Unable to allocate a block for the size: 4194304, type: RATIS, factor: THREE
2019-09-12 11:56:58,268 [IPC Server handler 1 on 43548] ERROR pipeline.SCMPipelineManager (SCMPipelineManager.java:createPipeline(161)) - Pipeline creation failed due to exception: Unable to find enough nodes that meet the criteria that cannot engage in more than 5 pipelines. Nodes required: 3 Found: 0, healthy nodes count inNodeManager: 5.
2019-09-12 11:56:58,268 | INFO  | SCMAudit | user=jenkins1000 | ip=192.168.157.195 | op=ALLOCATE_BLOCK {owner=f7492686-26db-4064-a654-129457f98f65, size=4194304, type=RATIS, factor=THREE} | ret=SUCCESS |  
2019-09-12 11:56:58,269 | ERROR | OMAudit | user=jenkins1000 | ip=127.0.0.1 | op=ALLOCATE_KEY {volume=vol-0-05086, bucket=bucket-1-85006, key=key-0-24877, dataSize=10240, replicationType=RATIS, replicationFactor=THREE, keyLocationInfo=null} | ret=FAILURE | org.apache.hadoop.hdds.scm.exceptions.SCMException: Allocated 0 blocks. Requested 1 blocks
	at org.apache.hadoop.hdds.scm.protocolPB.ScmBlockLocationProtocolClientSideTranslatorPB.handleError(ScmBlockLocationProtocolClientSideTranslatorPB.java:118)
	at org.apache.hadoop.hdds.scm.protocolPB.ScmBlockLocationProtocolClientSideTranslatorPB.allocateBlock(ScmBlockLocationProtocolClientSideTranslatorPB.java:156) 
2019-09-12 11:56:58,268 [IPC Server handler 1 on 43548] WARN  block.BlockManagerImpl (BlockManagerImpl.java:allocateBlock(192)) - Pipeline creation failed for type:RATIS factor:THREE. Retrying get pipelines call once.
org.apache.hadoop.hdds.scm.exceptions.SCMException: Unable to find enough nodes that meet the criteria that cannot engage in more than 5 pipelines. Nodes required: 3 Found: 0, healthy nodes count inNodeManager: 5.
	at org.apache.hadoop.hdds.scm.pipeline.PipelinePlacementPolicy.filterViableNodes(PipelinePlacementPolicy.java:147)
	at org.apache.hadoop.hdds.scm.pipeline.PipelinePlacementPolicy.chooseDatanodes(PipelinePlacementPolicy.java:170)
	at org.apache.hadoop.hdds.scm.pipeline.RatisPipelineProvider.create(RatisPipelineProvider.java:92)
	at org.apache.hadoop.hdds.scm.pipeline.PipelineFactory.create(PipelineFactory.java:57)
	at org.apache.hadoop.hdds.scm.pipeline.SCMPipelineManager.createPipeline(SCMPipelineManager.java:149)
	at org.apache.hadoop.hdds.scm.block.BlockManagerImpl.allocateBlock(BlockManagerImpl.java:190)
	at org.apache.hadoop.hdds.scm.server.SCMBlockProtocolServer.allocateBlock(SCMBlockProtocolServer.java:175)
	at org.apache.hadoop.ozone.protocolPB.ScmBlockLocationProtocolServerSideTranslatorPB.allocateScmBlock(ScmBlockLocationProtocolServerSideTranslatorPB.java:153)
	at org.apache.hadoop.ozone.protocolPB.ScmBlockLocationProtocolServerSideTranslatorPB.send(ScmBlockLocationProtocolServerSideTranslatorPB.java:112)
	at org.apache.hadoop.hdds.protocol.proto.ScmBlockLocationProtocolProtos$ScmBlockLocationProtocolService$2.callBlockingMethod(ScmBlockLocationProtocolProtos.java:13157)
	at org.apache.hadoop.ipc.ProtobufRpcEngine$Server$ProtoBufRpcInvoker.call(ProtobufRpcEngine.java:524)
	at org.apache.hadoop.ipc.RPC$Server.call(RPC.java:1025)
	at org.apache.hadoop.ipc.Server$RpcCall.run(Server.java:876)
	at org.apache.hadoop.ipc.Server$RpcCall.run(Server.java:822)
	at java.security.AccessController.doPrivileged(Native Method)
	at javax.security.auth.Subject.doAs(Subject.java:422)
	at org.apache.hadoop.security.UserGroupInformation.doAs(UserGroupInformation.java:1730)
	at org.apache.hadoop.ipc.Server$Handler.run(Server.java:2682)
2019-09-12 11:56:58,277 | ERROR | OMAudit | user=jenkins1000 | ip=127.0.0.1 | op=ALLOCATE_KEY {volume=vol-1-44087, bucket=bucket-1-95758, key=key-0-34368, dataSize=10240, replicationType=RATIS, replicationFactor=THREE, keyLocationInfo=null} | ret=FAILURE | org.apache.hadoop.hdds.scm.exceptions.SCMException: Allocated 0 blocks. Requested 1 blocks
	at org.apache.hadoop.hdds.scm.protocolPB.ScmBlockLocationProtocolClientSideTranslatorPB.handleError(ScmBlockLocationProtocolClientSideTranslatorPB.java:118)
	at org.apache.hadoop.hdds.scm.protocolPB.ScmBlockLocationProtocolClientSideTranslatorPB.allocateBlock(ScmBlockLocationProtocolClientSideTranslatorPB.java:156) 
2019-09-12 11:56:58,268 [IPC Server handler 0 on 43548] ERROR pipeline.PipelinePlacementPolicy (PipelinePlacementPolicy.java:meetCriteria(91)) - Pipeline Placement: Doesn't meet the criteria to be viable node. Heaviness: 6
2019-09-12 11:56:58,277 [IPC Server handler 0 on 43548] ERROR pipeline.PipelinePlacementPolicy (PipelinePlacementPolicy.java:meetCriteria(91)) - Pipeline Placement: Doesn't meet the criteria to be viable node. Heaviness: 6
2019-09-12 11:56:58,268 [IPC Server handler 4 on 43548] INFO  block.BlockManagerImpl (BlockManagerImpl.java:allocateBlock(198)) - Could not find available pipeline of type:RATIS and factor:THREE even after retrying
2019-09-12 11:56:58,278 [pool-80-thread-8] ERROR freon.RandomKeyGenerator (RandomKeyGenerator.java:createKey(724)) - Exception while adding key: key-0-34368 in bucket: bucket-1-95758 of volume: vol-1-44087.
INTERNAL_ERROR org.apache.hadoop.ozone.om.exceptions.OMException: Allocated 0 blocks. Requested 1 blocks
	at org.apache.hadoop.ozone.om.protocolPB.OzoneManagerProtocolClientSideTranslatorPB.handleError(OzoneManagerProtocolClientSideTranslatorPB.java:725)
	at org.apache.hadoop.ozone.om.protocolPB.OzoneManagerProtocolClientSideTranslatorPB.openKey(OzoneManagerProtocolClientSideTranslatorPB.java:716)
	at org.apache.hadoop.ozone.client.rpc.RpcClient.createKey(RpcClient.java:615)
	at org.apache.hadoop.ozone.client.OzoneBucket.createKey(OzoneBucket.java:323)
	at org.apache.hadoop.ozone.freon.RandomKeyGenerator.createKey(RandomKeyGenerator.java:686)
	at org.apache.hadoop.ozone.freon.RandomKeyGenerator.access$1100(RandomKeyGenerator.java:87)
	at org.apache.hadoop.ozone.freon.RandomKeyGenerator$ObjectCreator.run(RandomKeyGenerator.java:606)
	at java.util.concurrent.Executors$RunnableAdapter.call(Executors.java:511)
	at java.util.concurrent.FutureTask.run(FutureTask.java:266)
	at java.util.concurrent.ThreadPoolExecutor.runWorker(ThreadPoolExecutor.java:1149)
	at java.util.concurrent.ThreadPoolExecutor$Worker.run(ThreadPoolExecutor.java:624)
	at java.lang.Thread.run(Thread.java:748)
2019-09-12 11:56:58,278 [pool-80-thread-4] ERROR freon.RandomKeyGenerator (RandomKeyGenerator.java:createKey(724)) - Exception while adding key: key-0-24877 in bucket: bucket-1-85006 of volume: vol-0-05086.
INTERNAL_ERROR org.apache.hadoop.ozone.om.exceptions.OMException: Allocated 0 blocks. Requested 1 blocks
	at org.apache.hadoop.ozone.om.protocolPB.OzoneManagerProtocolClientSideTranslatorPB.handleError(OzoneManagerProtocolClientSideTranslatorPB.java:725)
	at org.apache.hadoop.ozone.om.protocolPB.OzoneManagerProtocolClientSideTranslatorPB.openKey(OzoneManagerProtocolClientSideTranslatorPB.java:716)
	at org.apache.hadoop.ozone.client.rpc.RpcClient.createKey(RpcClient.java:615)
	at org.apache.hadoop.ozone.client.OzoneBucket.createKey(OzoneBucket.java:323)
	at org.apache.hadoop.ozone.freon.RandomKeyGenerator.createKey(RandomKeyGenerator.java:686)
	at org.apache.hadoop.ozone.freon.RandomKeyGenerator.access$1100(RandomKeyGenerator.java:87)
	at org.apache.hadoop.ozone.freon.RandomKeyGenerator$ObjectCreator.run(RandomKeyGenerator.java:606)
	at java.util.concurrent.Executors$RunnableAdapter.call(Executors.java:511)
	at java.util.concurrent.FutureTask.run(FutureTask.java:266)
	at java.util.concurrent.ThreadPoolExecutor.runWorker(ThreadPoolExecutor.java:1149)
	at java.util.concurrent.ThreadPoolExecutor$Worker.run(ThreadPoolExecutor.java:624)
	at java.lang.Thread.run(Thread.java:748)
2019-09-12 11:56:58,277 [IPC Server handler 0 on 43548] ERROR pipeline.PipelinePlacementPolicy (PipelinePlacementPolicy.java:meetCriteria(91)) - Pipeline Placement: Doesn't meet the criteria to be viable node. Heaviness: 6
2019-09-12 11:56:58,278 [IPC Server handler 4 on 43548] ERROR block.BlockManagerImpl (BlockManagerImpl.java:allocateBlock(222)) - Unable to allocate a block for the size: 4194304, type: RATIS, factor: THREE
2019-09-12 11:56:58,280 [IPC Server handler 0 on 43548] ERROR pipeline.PipelinePlacementPolicy (PipelinePlacementPolicy.java:meetCriteria(91)) - Pipeline Placement: Doesn't meet the criteria to be viable node. Heaviness: 6
2019-09-12 11:56:58,280 | INFO  | SCMAudit | user=jenkins1000 | ip=192.168.157.195 | op=ALLOCATE_BLOCK {owner=f7492686-26db-4064-a654-129457f98f65, size=4194304, type=RATIS, factor=THREE} | ret=SUCCESS |  
2019-09-12 11:56:58,280 [IPC Server handler 0 on 43548] ERROR pipeline.PipelinePlacementPolicy (PipelinePlacementPolicy.java:meetCriteria(91)) - Pipeline Placement: Doesn't meet the criteria to be viable node. Heaviness: 6
2019-09-12 11:56:58,280 [IPC Server handler 0 on 43548] ERROR pipeline.PipelinePlacementPolicy (PipelinePlacementPolicy.java:filterViableNodes(146)) - Unable to find enough nodes that meet the criteria that cannot engage in more than 5 pipelines. Nodes required: 3 Found: 0, healthy nodes count inNodeManager: 5.
2019-09-12 11:56:58,280 [IPC Server handler 0 on 43548] ERROR pipeline.SCMPipelineManager (SCMPipelineManager.java:createPipeline(161)) - Pipeline creation failed due to exception: Unable to find enough nodes that meet the criteria that cannot engage in more than 5 pipelines. Nodes required: 3 Found: 0, healthy nodes count inNodeManager: 5.
2019-09-12 11:56:58,280 [IPC Server handler 0 on 43548] WARN  block.BlockManagerImpl (BlockManagerImpl.java:allocateBlock(192)) - Pipeline creation failed for type:RATIS factor:THREE. Retrying get pipelines call once.
org.apache.hadoop.hdds.scm.exceptions.SCMException: Unable to find enough nodes that meet the criteria that cannot engage in more than 5 pipelines. Nodes required: 3 Found: 0, healthy nodes count inNodeManager: 5.
	at org.apache.hadoop.hdds.scm.pipeline.PipelinePlacementPolicy.filterViableNodes(PipelinePlacementPolicy.java:147)
	at org.apache.hadoop.hdds.scm.pipeline.PipelinePlacementPolicy.chooseDatanodes(PipelinePlacementPolicy.java:170)
	at org.apache.hadoop.hdds.scm.pipeline.RatisPipelineProvider.create(RatisPipelineProvider.java:92)
	at org.apache.hadoop.hdds.scm.pipeline.PipelineFactory.create(PipelineFactory.java:57)
	at org.apache.hadoop.hdds.scm.pipeline.SCMPipelineManager.createPipeline(SCMPipelineManager.java:149)
	at org.apache.hadoop.hdds.scm.block.BlockManagerImpl.allocateBlock(BlockManagerImpl.java:190)
	at org.apache.hadoop.hdds.scm.server.SCMBlockProtocolServer.allocateBlock(SCMBlockProtocolServer.java:175)
	at org.apache.hadoop.ozone.protocolPB.ScmBlockLocationProtocolServerSideTranslatorPB.allocateScmBlock(ScmBlockLocationProtocolServerSideTranslatorPB.java:153)
	at org.apache.hadoop.ozone.protocolPB.ScmBlockLocationProtocolServerSideTranslatorPB.send(ScmBlockLocationProtocolServerSideTranslatorPB.java:112)
	at org.apache.hadoop.hdds.protocol.proto.ScmBlockLocationProtocolProtos$ScmBlockLocationProtocolService$2.callBlockingMethod(ScmBlockLocationProtocolProtos.java:13157)
	at org.apache.hadoop.ipc.ProtobufRpcEngine$Server$ProtoBufRpcInvoker.call(ProtobufRpcEngine.java:524)
	at org.apache.hadoop.ipc.RPC$Server.call(RPC.java:1025)
	at org.apache.hadoop.ipc.Server$RpcCall.run(Server.java:876)
	at org.apache.hadoop.ipc.Server$RpcCall.run(Server.java:822)
	at java.security.AccessController.doPrivileged(Native Method)
	at javax.security.auth.Subject.doAs(Subject.java:422)
	at org.apache.hadoop.security.UserGroupInformation.doAs(UserGroupInformation.java:1730)
	at org.apache.hadoop.ipc.Server$Handler.run(Server.java:2682)
2019-09-12 11:56:58,280 [IPC Server handler 3 on 43548] ERROR pipeline.PipelinePlacementPolicy (PipelinePlacementPolicy.java:meetCriteria(91)) - Pipeline Placement: Doesn't meet the criteria to be viable node. Heaviness: 6
2019-09-12 11:56:58,281 [IPC Server handler 3 on 43548] ERROR pipeline.PipelinePlacementPolicy (PipelinePlacementPolicy.java:meetCriteria(91)) - Pipeline Placement: Doesn't meet the criteria to be viable node. Heaviness: 6
2019-09-12 11:56:58,281 [IPC Server handler 3 on 43548] ERROR pipeline.PipelinePlacementPolicy (PipelinePlacementPolicy.java:meetCriteria(91)) - Pipeline Placement: Doesn't meet the criteria to be viable node. Heaviness: 6
2019-09-12 11:56:58,281 [IPC Server handler 3 on 43548] ERROR pipeline.PipelinePlacementPolicy (PipelinePlacementPolicy.java:meetCriteria(91)) - Pipeline Placement: Doesn't meet the criteria to be viable node. Heaviness: 6
2019-09-12 11:56:58,281 | ERROR | OMAudit | user=jenkins1000 | ip=127.0.0.1 | op=ALLOCATE_KEY {volume=vol-0-05086, bucket=bucket-2-73411, key=key-0-90732, dataSize=10240, replicationType=RATIS, replicationFactor=THREE, keyLocationInfo=null} | ret=FAILURE | org.apache.hadoop.hdds.scm.exceptions.SCMException: Allocated 0 blocks. Requested 1 blocks
	at org.apache.hadoop.hdds.scm.protocolPB.ScmBlockLocationProtocolClientSideTranslatorPB.handleError(ScmBlockLocationProtocolClientSideTranslatorPB.java:118)
	at org.apache.hadoop.hdds.scm.protocolPB.ScmBlockLocationProtocolClientSideTranslatorPB.allocateBlock(ScmBlockLocationProtocolClientSideTranslatorPB.java:156) 
2019-09-12 11:56:58,281 [IPC Server handler 3 on 43548] ERROR pipeline.PipelinePlacementPolicy (PipelinePlacementPolicy.java:meetCriteria(91)) - Pipeline Placement: Doesn't meet the criteria to be viable node. Heaviness: 6
2019-09-12 11:56:58,281 [IPC Server handler 3 on 43548] ERROR pipeline.PipelinePlacementPolicy (PipelinePlacementPolicy.java:filterViableNodes(146)) - Unable to find enough nodes that meet the criteria that cannot engage in more than 5 pipelines. Nodes required: 3 Found: 0, healthy nodes count inNodeManager: 5.
2019-09-12 11:56:58,281 [IPC Server handler 3 on 43548] ERROR pipeline.SCMPipelineManager (SCMPipelineManager.java:createPipeline(161)) - Pipeline creation failed due to exception: Unable to find enough nodes that meet the criteria that cannot engage in more than 5 pipelines. Nodes required: 3 Found: 0, healthy nodes count inNodeManager: 5.
2019-09-12 11:56:58,282 [IPC Server handler 3 on 43548] WARN  block.BlockManagerImpl (BlockManagerImpl.java:allocateBlock(192)) - Pipeline creation failed for type:RATIS factor:THREE. Retrying get pipelines call once.
org.apache.hadoop.hdds.scm.exceptions.SCMException: Unable to find enough nodes that meet the criteria that cannot engage in more than 5 pipelines. Nodes required: 3 Found: 0, healthy nodes count inNodeManager: 5.
	at org.apache.hadoop.hdds.scm.pipeline.PipelinePlacementPolicy.filterViableNodes(PipelinePlacementPolicy.java:147)
	at org.apache.hadoop.hdds.scm.pipeline.PipelinePlacementPolicy.chooseDatanodes(PipelinePlacementPolicy.java:170)
	at org.apache.hadoop.hdds.scm.pipeline.RatisPipelineProvider.create(RatisPipelineProvider.java:92)
	at org.apache.hadoop.hdds.scm.pipeline.PipelineFactory.create(PipelineFactory.java:57)
	at org.apache.hadoop.hdds.scm.pipeline.SCMPipelineManager.createPipeline(SCMPipelineManager.java:149)
	at org.apache.hadoop.hdds.scm.block.BlockManagerImpl.allocateBlock(BlockManagerImpl.java:190)
	at org.apache.hadoop.hdds.scm.server.SCMBlockProtocolServer.allocateBlock(SCMBlockProtocolServer.java:175)
	at org.apache.hadoop.ozone.protocolPB.ScmBlockLocationProtocolServerSideTranslatorPB.allocateScmBlock(ScmBlockLocationProtocolServerSideTranslatorPB.java:153)
	at org.apache.hadoop.ozone.protocolPB.ScmBlockLocationProtocolServerSideTranslatorPB.send(ScmBlockLocationProtocolServerSideTranslatorPB.java:112)
	at org.apache.hadoop.hdds.protocol.proto.ScmBlockLocationProtocolProtos$ScmBlockLocationProtocolService$2.callBlockingMethod(ScmBlockLocationProtocolProtos.java:13157)
	at org.apache.hadoop.ipc.ProtobufRpcEngine$Server$ProtoBufRpcInvoker.call(ProtobufRpcEngine.java:524)
	at org.apache.hadoop.ipc.RPC$Server.call(RPC.java:1025)
	at org.apache.hadoop.ipc.Server$RpcCall.run(Server.java:876)
	at org.apache.hadoop.ipc.Server$RpcCall.run(Server.java:822)
	at java.security.AccessController.doPrivileged(Native Method)
	at javax.security.auth.Subject.doAs(Subject.java:422)
	at org.apache.hadoop.security.UserGroupInformation.doAs(UserGroupInformation.java:1730)
	at org.apache.hadoop.ipc.Server$Handler.run(Server.java:2682)
2019-09-12 11:56:58,282 [IPC Server handler 1 on 43548] INFO  block.BlockManagerImpl (BlockManagerImpl.java:allocateBlock(198)) - Could not find available pipeline of type:RATIS and factor:THREE even after retrying
2019-09-12 11:56:58,282 [IPC Server handler 1 on 43548] ERROR block.BlockManagerImpl (BlockManagerImpl.java:allocateBlock(222)) - Unable to allocate a block for the size: 4194304, type: RATIS, factor: THREE
2019-09-12 11:56:58,282 [IPC Server handler 0 on 43548] INFO  block.BlockManagerImpl (BlockManagerImpl.java:allocateBlock(198)) - Could not find available pipeline of type:RATIS and factor:THREE even after retrying
2019-09-12 11:56:58,282 | INFO  | SCMAudit | user=jenkins1000 | ip=192.168.157.195 | op=ALLOCATE_BLOCK {owner=f7492686-26db-4064-a654-129457f98f65, size=4194304, type=RATIS, factor=THREE} | ret=SUCCESS |  
2019-09-12 11:56:58,282 [IPC Server handler 0 on 43548] ERROR block.BlockManagerImpl (BlockManagerImpl.java:allocateBlock(222)) - Unable to allocate a block for the size: 4194304, type: RATIS, factor: THREE
2019-09-12 11:56:58,282 | INFO  | SCMAudit | user=jenkins1000 | ip=192.168.157.195 | op=ALLOCATE_BLOCK {owner=f7492686-26db-4064-a654-129457f98f65, size=4194304, type=RATIS, factor=THREE} | ret=SUCCESS |  
2019-09-12 11:56:58,282 [pool-80-thread-5] ERROR freon.RandomKeyGenerator (RandomKeyGenerator.java:createKey(724)) - Exception while adding key: key-0-90732 in bucket: bucket-2-73411 of volume: vol-0-05086.
INTERNAL_ERROR org.apache.hadoop.ozone.om.exceptions.OMException: Allocated 0 blocks. Requested 1 blocks
	at org.apache.hadoop.ozone.om.protocolPB.OzoneManagerProtocolClientSideTranslatorPB.handleError(OzoneManagerProtocolClientSideTranslatorPB.java:725)
	at org.apache.hadoop.ozone.om.protocolPB.OzoneManagerProtocolClientSideTranslatorPB.openKey(OzoneManagerProtocolClientSideTranslatorPB.java:716)
	at org.apache.hadoop.ozone.client.rpc.RpcClient.createKey(RpcClient.java:615)
	at org.apache.hadoop.ozone.client.OzoneBucket.createKey(OzoneBucket.java:323)
	at org.apache.hadoop.ozone.freon.RandomKeyGenerator.createKey(RandomKeyGenerator.java:686)
	at org.apache.hadoop.ozone.freon.RandomKeyGenerator.access$1100(RandomKeyGenerator.java:87)
	at org.apache.hadoop.ozone.freon.RandomKeyGenerator$ObjectCreator.run(RandomKeyGenerator.java:606)
	at java.util.concurrent.Executors$RunnableAdapter.call(Executors.java:511)
	at java.util.concurrent.FutureTask.run(FutureTask.java:266)
	at java.util.concurrent.ThreadPoolExecutor.runWorker(ThreadPoolExecutor.java:1149)
	at java.util.concurrent.ThreadPoolExecutor$Worker.run(ThreadPoolExecutor.java:624)
	at java.lang.Thread.run(Thread.java:748)
2019-09-12 11:56:58,282 [IPC Server handler 3 on 43548] INFO  block.BlockManagerImpl (BlockManagerImpl.java:allocateBlock(198)) - Could not find available pipeline of type:RATIS and factor:THREE even after retrying
2019-09-12 11:56:58,283 [IPC Server handler 3 on 43548] ERROR block.BlockManagerImpl (BlockManagerImpl.java:allocateBlock(222)) - Unable to allocate a block for the size: 4194304, type: RATIS, factor: THREE
2019-09-12 11:56:58,283 | INFO  | SCMAudit | user=jenkins1000 | ip=192.168.157.195 | op=ALLOCATE_BLOCK {owner=f7492686-26db-4064-a654-129457f98f65, size=4194304, type=RATIS, factor=THREE} | ret=SUCCESS |  
2019-09-12 11:56:58,283 | ERROR | OMAudit | user=jenkins1000 | ip=127.0.0.1 | op=ALLOCATE_KEY {volume=vol-1-44087, bucket=bucket-0-81793, key=key-0-92781, dataSize=10240, replicationType=RATIS, replicationFactor=THREE, keyLocationInfo=null} | ret=FAILURE | org.apache.hadoop.hdds.scm.exceptions.SCMException: Allocated 0 blocks. Requested 1 blocks
	at org.apache.hadoop.hdds.scm.protocolPB.ScmBlockLocationProtocolClientSideTranslatorPB.handleError(ScmBlockLocationProtocolClientSideTranslatorPB.java:118)
	at org.apache.hadoop.hdds.scm.protocolPB.ScmBlockLocationProtocolClientSideTranslatorPB.allocateBlock(ScmBlockLocationProtocolClientSideTranslatorPB.java:156) 
2019-09-12 11:56:58,283 | ERROR | OMAudit | user=jenkins1000 | ip=127.0.0.1 | op=ALLOCATE_KEY {volume=vol-0-05086, bucket=bucket-3-99895, key=key-0-82602, dataSize=10240, replicationType=RATIS, replicationFactor=THREE, keyLocationInfo=null} | ret=FAILURE | org.apache.hadoop.hdds.scm.exceptions.SCMException: Allocated 0 blocks. Requested 1 blocks
	at org.apache.hadoop.hdds.scm.protocolPB.ScmBlockLocationProtocolClientSideTranslatorPB.handleError(ScmBlockLocationProtocolClientSideTranslatorPB.java:118)
	at org.apache.hadoop.hdds.scm.protocolPB.ScmBlockLocationProtocolClientSideTranslatorPB.allocateBlock(ScmBlockLocationProtocolClientSideTranslatorPB.java:156) 
2019-09-12 11:56:58,284 | ERROR | OMAudit | user=jenkins1000 | ip=127.0.0.1 | op=ALLOCATE_KEY {volume=vol-1-44087, bucket=bucket-3-97113, key=key-0-34694, dataSize=10240, replicationType=RATIS, replicationFactor=THREE, keyLocationInfo=null} | ret=FAILURE | org.apache.hadoop.hdds.scm.exceptions.SCMException: Allocated 0 blocks. Requested 1 blocks
	at org.apache.hadoop.hdds.scm.protocolPB.ScmBlockLocationProtocolClientSideTranslatorPB.handleError(ScmBlockLocationProtocolClientSideTranslatorPB.java:118)
	at org.apache.hadoop.hdds.scm.protocolPB.ScmBlockLocationProtocolClientSideTranslatorPB.allocateBlock(ScmBlockLocationProtocolClientSideTranslatorPB.java:156) 
2019-09-12 11:56:58,284 [pool-80-thread-2] ERROR freon.RandomKeyGenerator (RandomKeyGenerator.java:createKey(724)) - Exception while adding key: key-0-92781 in bucket: bucket-0-81793 of volume: vol-1-44087.
INTERNAL_ERROR org.apache.hadoop.ozone.om.exceptions.OMException: Allocated 0 blocks. Requested 1 blocks
	at org.apache.hadoop.ozone.om.protocolPB.OzoneManagerProtocolClientSideTranslatorPB.handleError(OzoneManagerProtocolClientSideTranslatorPB.java:725)
	at org.apache.hadoop.ozone.om.protocolPB.OzoneManagerProtocolClientSideTranslatorPB.openKey(OzoneManagerProtocolClientSideTranslatorPB.java:716)
	at org.apache.hadoop.ozone.client.rpc.RpcClient.createKey(RpcClient.java:615)
	at org.apache.hadoop.ozone.client.OzoneBucket.createKey(OzoneBucket.java:323)
	at org.apache.hadoop.ozone.freon.RandomKeyGenerator.createKey(RandomKeyGenerator.java:686)
	at org.apache.hadoop.ozone.freon.RandomKeyGenerator.access$1100(RandomKeyGenerator.java:87)
	at org.apache.hadoop.ozone.freon.RandomKeyGenerator$ObjectCreator.run(RandomKeyGenerator.java:606)
	at java.util.concurrent.Executors$RunnableAdapter.call(Executors.java:511)
	at java.util.concurrent.FutureTask.run(FutureTask.java:266)
	at java.util.concurrent.ThreadPoolExecutor.runWorker(ThreadPoolExecutor.java:1149)
	at java.util.concurrent.ThreadPoolExecutor$Worker.run(ThreadPoolExecutor.java:624)
	at java.lang.Thread.run(Thread.java:748)
2019-09-12 11:56:58,284 [pool-80-thread-7] ERROR freon.RandomKeyGenerator (RandomKeyGenerator.java:createKey(724)) - Exception while adding key: key-0-82602 in bucket: bucket-3-99895 of volume: vol-0-05086.
INTERNAL_ERROR org.apache.hadoop.ozone.om.exceptions.OMException: Allocated 0 blocks. Requested 1 blocks
	at org.apache.hadoop.ozone.om.protocolPB.OzoneManagerProtocolClientSideTranslatorPB.handleError(OzoneManagerProtocolClientSideTranslatorPB.java:725)
	at org.apache.hadoop.ozone.om.protocolPB.OzoneManagerProtocolClientSideTranslatorPB.openKey(OzoneManagerProtocolClientSideTranslatorPB.java:716)
	at org.apache.hadoop.ozone.client.rpc.RpcClient.createKey(RpcClient.java:615)
	at org.apache.hadoop.ozone.client.OzoneBucket.createKey(OzoneBucket.java:323)
	at org.apache.hadoop.ozone.freon.RandomKeyGenerator.createKey(RandomKeyGenerator.java:686)
	at org.apache.hadoop.ozone.freon.RandomKeyGenerator.access$1100(RandomKeyGenerator.java:87)
	at org.apache.hadoop.ozone.freon.RandomKeyGenerator$ObjectCreator.run(RandomKeyGenerator.java:606)
	at java.util.concurrent.Executors$RunnableAdapter.call(Executors.java:511)
	at java.util.concurrent.FutureTask.run(FutureTask.java:266)
	at java.util.concurrent.ThreadPoolExecutor.runWorker(ThreadPoolExecutor.java:1149)
	at java.util.concurrent.ThreadPoolExecutor$Worker.run(ThreadPoolExecutor.java:624)
	at java.lang.Thread.run(Thread.java:748)
2019-09-12 11:56:58,289 [pool-80-thread-6] ERROR freon.RandomKeyGenerator (RandomKeyGenerator.java:createKey(724)) - Exception while adding key: key-0-34694 in bucket: bucket-3-97113 of volume: vol-1-44087.
INTERNAL_ERROR org.apache.hadoop.ozone.om.exceptions.OMException: Allocated 0 blocks. Requested 1 blocks
	at org.apache.hadoop.ozone.om.protocolPB.OzoneManagerProtocolClientSideTranslatorPB.handleError(OzoneManagerProtocolClientSideTranslatorPB.java:725)
	at org.apache.hadoop.ozone.om.protocolPB.OzoneManagerProtocolClientSideTranslatorPB.openKey(OzoneManagerProtocolClientSideTranslatorPB.java:716)
	at org.apache.hadoop.ozone.client.rpc.RpcClient.createKey(RpcClient.java:615)
	at org.apache.hadoop.ozone.client.OzoneBucket.createKey(OzoneBucket.java:323)
	at org.apache.hadoop.ozone.freon.RandomKeyGenerator.createKey(RandomKeyGenerator.java:686)
	at org.apache.hadoop.ozone.freon.RandomKeyGenerator.access$1100(RandomKeyGenerator.java:87)
	at org.apache.hadoop.ozone.freon.RandomKeyGenerator$ObjectCreator.run(RandomKeyGenerator.java:606)
	at java.util.concurrent.Executors$RunnableAdapter.call(Executors.java:511)
	at java.util.concurrent.FutureTask.run(FutureTask.java:266)
	at java.util.concurrent.ThreadPoolExecutor.runWorker(ThreadPoolExecutor.java:1149)
	at java.util.concurrent.ThreadPoolExecutor$Worker.run(ThreadPoolExecutor.java:624)
	at java.lang.Thread.run(Thread.java:748)
2019-09-12 11:56:58,752 | INFO  | SCMAudit | user=jenkins1000 | ip=192.168.157.195 | op=SEND_HEARTBEAT {datanodeUUID=17edbb89-a050-42dd-b919-a8669dd0769f, command=[]} | ret=SUCCESS |  
2019-09-12 11:56:58,753 | INFO  | SCMAudit | user=jenkins1000 | ip=192.168.157.195 | op=SEND_HEARTBEAT {datanodeUUID=af5fed38-0f11-4bc3-b5f8-f25d4cc0e41f, command=[]} | ret=SUCCESS |  
2019-09-12 11:56:58,777 | INFO  | SCMAudit | user=jenkins1000 | ip=192.168.157.195 | op=SEND_HEARTBEAT {datanodeUUID=f8fc3649-0cfb-44b5-b2db-665c617086f3, command=[]} | ret=SUCCESS |  
2019-09-12 11:56:59,040 | INFO  | SCMAudit | user=jenkins1000 | ip=192.168.157.195 | op=SEND_HEARTBEAT {datanodeUUID=17f5de45-d006-42d4-a442-b3531657861f, command=[]} | ret=SUCCESS |  
 0.00% |█                                                                                                    |  0/100 Time: 0:00:012019-09-12 11:56:59,237 | INFO  | SCMAudit | user=jenkins1000 | ip=192.168.157.195 | op=SEND_HEARTBEAT {datanodeUUID=7c1edd01-6b93-44c9-a455-1bd851e1af30, command=[]} | ret=SUCCESS |  
2019-09-12 11:56:59,751 | INFO  | SCMAudit | user=jenkins1000 | ip=192.168.157.195 | op=SEND_HEARTBEAT {datanodeUUID=17edbb89-a050-42dd-b919-a8669dd0769f, command=[]} | ret=SUCCESS |  
2019-09-12 11:56:59,754 | INFO  | SCMAudit | user=jenkins1000 | ip=192.168.157.195 | op=SEND_HEARTBEAT {datanodeUUID=af5fed38-0f11-4bc3-b5f8-f25d4cc0e41f, command=[]} | ret=SUCCESS |  
2019-09-12 11:56:59,777 | INFO  | SCMAudit | user=jenkins1000 | ip=192.168.157.195 | op=SEND_HEARTBEAT {datanodeUUID=f8fc3649-0cfb-44b5-b2db-665c617086f3, command=[]} | ret=SUCCESS |  
2019-09-12 11:57:00,040 | INFO  | SCMAudit | user=jenkins1000 | ip=192.168.157.195 | op=SEND_HEARTBEAT {datanodeUUID=17f5de45-d006-42d4-a442-b3531657861f, command=[]} | ret=SUCCESS |  
 0.00% |█                                                                                                    |  0/100 Time: 0:00:022019-09-12 11:57:00,237 | INFO  | SCMAudit | user=jenkins1000 | ip=192.168.157.195 | op=SEND_HEARTBEAT {datanodeUUID=7c1edd01-6b93-44c9-a455-1bd851e1af30, command=[]} | ret=SUCCESS |  
2019-09-12 11:57:00,752 | INFO  | SCMAudit | user=jenkins1000 | ip=192.168.157.195 | op=SEND_HEARTBEAT {datanodeUUID=17edbb89-a050-42dd-b919-a8669dd0769f, command=[]} | ret=SUCCESS |  
2019-09-12 11:57:00,753 | INFO  | SCMAudit | user=jenkins1000 | ip=192.168.157.195 | op=SEND_HEARTBEAT {datanodeUUID=af5fed38-0f11-4bc3-b5f8-f25d4cc0e41f, command=[]} | ret=SUCCESS |  
2019-09-12 11:57:00,778 | INFO  | SCMAudit | user=jenkins1000 | ip=192.168.157.195 | op=SEND_HEARTBEAT {datanodeUUID=f8fc3649-0cfb-44b5-b2db-665c617086f3, command=[]} | ret=SUCCESS |  
2019-09-12 11:57:01,040 | INFO  | SCMAudit | user=jenkins1000 | ip=192.168.157.195 | op=SEND_HEARTBEAT {datanodeUUID=17f5de45-d006-42d4-a442-b3531657861f, command=[]} | ret=SUCCESS |  
 0.00% |█                                                                                                    |  0/100 Time: 0:00:032019-09-12 11:57:01,237 | INFO  | SCMAudit | user=jenkins1000 | ip=192.168.157.195 | op=SEND_HEARTBEAT {datanodeUUID=7c1edd01-6b93-44c9-a455-1bd851e1af30, command=[]} | ret=SUCCESS |  
2019-09-12 11:57:01,752 | INFO  | SCMAudit | user=jenkins1000 | ip=192.168.157.195 | op=SEND_HEARTBEAT {datanodeUUID=17edbb89-a050-42dd-b919-a8669dd0769f, command=[]} | ret=SUCCESS |  
2019-09-12 11:57:01,754 | INFO  | SCMAudit | user=jenkins1000 | ip=192.168.157.195 | op=SEND_HEARTBEAT {datanodeUUID=af5fed38-0f11-4bc3-b5f8-f25d4cc0e41f, command=[]} | ret=SUCCESS |  
2019-09-12 11:57:01,778 | INFO  | SCMAudit | user=jenkins1000 | ip=192.168.157.195 | op=SEND_HEARTBEAT {datanodeUUID=f8fc3649-0cfb-44b5-b2db-665c617086f3, command=[]} | ret=SUCCESS |  
2019-09-12 11:57:02,040 | INFO  | SCMAudit | user=jenkins1000 | ip=192.168.157.195 | op=SEND_HEARTBEAT {datanodeUUID=17f5de45-d006-42d4-a442-b3531657861f, command=[]} | ret=SUCCESS |  
 0.00% |█                                                                                                    |  0/100 Time: 0:00:042019-09-12 11:57:02,237 | INFO  | SCMAudit | user=jenkins1000 | ip=192.168.157.195 | op=SEND_HEARTBEAT {datanodeUUID=7c1edd01-6b93-44c9-a455-1bd851e1af30, command=[]} | ret=SUCCESS |  
2019-09-12 11:57:02,752 | INFO  | SCMAudit | user=jenkins1000 | ip=192.168.157.195 | op=SEND_HEARTBEAT {datanodeUUID=17edbb89-a050-42dd-b919-a8669dd0769f, command=[]} | ret=SUCCESS |  
2019-09-12 11:57:02,753 | INFO  | SCMAudit | user=jenkins1000 | ip=192.168.157.195 | op=SEND_HEARTBEAT {datanodeUUID=af5fed38-0f11-4bc3-b5f8-f25d4cc0e41f, command=[]} | ret=SUCCESS |  
2019-09-12 11:57:02,779 | INFO  | SCMAudit | user=jenkins1000 | ip=192.168.157.195 | op=SEND_HEARTBEAT {datanodeUUID=f8fc3649-0cfb-44b5-b2db-665c617086f3, command=[]} | ret=SUCCESS |  
2019-09-12 11:57:03,040 | INFO  | SCMAudit | user=jenkins1000 | ip=192.168.157.195 | op=SEND_HEARTBEAT {datanodeUUID=17f5de45-d006-42d4-a442-b3531657861f, command=[]} | ret=SUCCESS |  
 100.00% |█████████████████████████████████████████████████████████████████████████████████████████████████████|  100/100 Time: 0:00:05
]]></system-out>
  </testcase>
  <testcase name="bigFileThan2GB" classname="org.apache.hadoop.ozone.freon.TestRandomKeyGenerator" time="12.175">
    <error message="Allocated 0 blocks. Requested 64 blocks" type="INTERNAL_ERROR org.apache.hadoop.ozone.om.exceptions.OMException">INTERNAL_ERROR org.apache.hadoop.ozone.om.exceptions.OMException: Allocated 0 blocks. Requested 64 blocks
	at org.apache.hadoop.ozone.om.protocolPB.OzoneManagerProtocolClientSideTranslatorPB.handleError(OzoneManagerProtocolClientSideTranslatorPB.java:725)
	at org.apache.hadoop.ozone.om.protocolPB.OzoneManagerProtocolClientSideTranslatorPB.openKey(OzoneManagerProtocolClientSideTranslatorPB.java:716)
	at org.apache.hadoop.ozone.client.rpc.RpcClient.createKey(RpcClient.java:615)
	at org.apache.hadoop.ozone.client.OzoneBucket.createKey(OzoneBucket.java:323)
	at org.apache.hadoop.ozone.freon.RandomKeyGenerator.createKey(RandomKeyGenerator.java:686)
	at org.apache.hadoop.ozone.freon.RandomKeyGenerator.access$1100(RandomKeyGenerator.java:87)
	at org.apache.hadoop.ozone.freon.RandomKeyGenerator$ObjectCreator.run(RandomKeyGenerator.java:606)
	at java.util.concurrent.Executors$RunnableAdapter.call(Executors.java:511)
	at java.util.concurrent.FutureTask.run(FutureTask.java:266)
	at java.util.concurrent.ThreadPoolExecutor.runWorker(ThreadPoolExecutor.java:1149)
	at java.util.concurrent.ThreadPoolExecutor$Worker.run(ThreadPoolExecutor.java:624)
	at java.lang.Thread.run(Thread.java:748)
</error>
    <system-out><![CDATA[2019-09-12 11:57:03,237 | INFO  | SCMAudit | user=jenkins1000 | ip=192.168.157.195 | op=SEND_HEARTBEAT {datanodeUUID=7c1edd01-6b93-44c9-a455-1bd851e1af30, command=[]} | ret=SUCCESS |  
2019-09-12 11:57:03,753 | INFO  | SCMAudit | user=jenkins1000 | ip=192.168.157.195 | op=SEND_HEARTBEAT {datanodeUUID=17edbb89-a050-42dd-b919-a8669dd0769f, command=[]} | ret=SUCCESS |  
2019-09-12 11:57:03,754 | INFO  | SCMAudit | user=jenkins1000 | ip=192.168.157.195 | op=SEND_HEARTBEAT {datanodeUUID=af5fed38-0f11-4bc3-b5f8-f25d4cc0e41f, command=[]} | ret=SUCCESS |  
2019-09-12 11:57:03,779 | INFO  | SCMAudit | user=jenkins1000 | ip=192.168.157.195 | op=SEND_HEARTBEAT {datanodeUUID=f8fc3649-0cfb-44b5-b2db-665c617086f3, command=[]} | ret=SUCCESS |  
2019-09-12 11:57:04,040 | INFO  | SCMAudit | user=jenkins1000 | ip=192.168.157.195 | op=SEND_HEARTBEAT {datanodeUUID=17f5de45-d006-42d4-a442-b3531657861f, command=[]} | ret=SUCCESS |  
2019-09-12 11:57:04,236 | INFO  | SCMAudit | user=jenkins1000 | ip=192.168.157.195 | op=SEND_HEARTBEAT {datanodeUUID=7c1edd01-6b93-44c9-a455-1bd851e1af30, command=[]} | ret=SUCCESS |  
2019-09-12 11:57:04,752 | INFO  | SCMAudit | user=jenkins1000 | ip=192.168.157.195 | op=SEND_HEARTBEAT {datanodeUUID=17edbb89-a050-42dd-b919-a8669dd0769f, command=[]} | ret=SUCCESS |  
2019-09-12 11:57:04,754 | INFO  | SCMAudit | user=jenkins1000 | ip=192.168.157.195 | op=SEND_HEARTBEAT {datanodeUUID=af5fed38-0f11-4bc3-b5f8-f25d4cc0e41f, command=[]} | ret=SUCCESS |  
2019-09-12 11:57:04,778 | INFO  | SCMAudit | user=jenkins1000 | ip=192.168.157.195 | op=SEND_HEARTBEAT {datanodeUUID=f8fc3649-0cfb-44b5-b2db-665c617086f3, command=[]} | ret=SUCCESS |  
2019-09-12 11:57:05,039 | INFO  | SCMAudit | user=jenkins1000 | ip=192.168.157.195 | op=SEND_HEARTBEAT {datanodeUUID=17f5de45-d006-42d4-a442-b3531657861f, command=[]} | ret=SUCCESS |  
2019-09-12 11:57:05,237 | INFO  | SCMAudit | user=jenkins1000 | ip=192.168.157.195 | op=SEND_HEARTBEAT {datanodeUUID=7c1edd01-6b93-44c9-a455-1bd851e1af30, command=[]} | ret=SUCCESS |  
2019-09-12 11:57:05,752 | INFO  | SCMAudit | user=jenkins1000 | ip=192.168.157.195 | op=SEND_HEARTBEAT {datanodeUUID=17edbb89-a050-42dd-b919-a8669dd0769f, command=[]} | ret=SUCCESS |  
2019-09-12 11:57:05,754 | INFO  | SCMAudit | user=jenkins1000 | ip=192.168.157.195 | op=SEND_HEARTBEAT {datanodeUUID=af5fed38-0f11-4bc3-b5f8-f25d4cc0e41f, command=[]} | ret=SUCCESS |  
2019-09-12 11:57:05,779 | INFO  | SCMAudit | user=jenkins1000 | ip=192.168.157.195 | op=SEND_HEARTBEAT {datanodeUUID=f8fc3649-0cfb-44b5-b2db-665c617086f3, command=[]} | ret=SUCCESS |  
2019-09-12 11:57:06,041 | INFO  | SCMAudit | user=jenkins1000 | ip=192.168.157.195 | op=SEND_HEARTBEAT {datanodeUUID=17f5de45-d006-42d4-a442-b3531657861f, command=[]} | ret=SUCCESS |  
2019-09-12 11:57:06,237 | INFO  | SCMAudit | user=jenkins1000 | ip=192.168.157.195 | op=SEND_HEARTBEAT {datanodeUUID=7c1edd01-6b93-44c9-a455-1bd851e1af30, command=[]} | ret=SUCCESS |  
2019-09-12 11:57:06,756 | INFO  | SCMAudit | user=jenkins1000 | ip=192.168.157.195 | op=SEND_HEARTBEAT {datanodeUUID=17edbb89-a050-42dd-b919-a8669dd0769f, command=[]} | ret=SUCCESS |  
2019-09-12 11:57:06,757 | INFO  | SCMAudit | user=jenkins1000 | ip=192.168.157.195 | op=SEND_HEARTBEAT {datanodeUUID=af5fed38-0f11-4bc3-b5f8-f25d4cc0e41f, command=[]} | ret=SUCCESS |  
2019-09-12 11:57:06,779 | INFO  | SCMAudit | user=jenkins1000 | ip=192.168.157.195 | op=SEND_HEARTBEAT {datanodeUUID=f8fc3649-0cfb-44b5-b2db-665c617086f3, command=[]} | ret=SUCCESS |  
2019-09-12 11:57:07,040 | INFO  | SCMAudit | user=jenkins1000 | ip=192.168.157.195 | op=SEND_HEARTBEAT {datanodeUUID=17f5de45-d006-42d4-a442-b3531657861f, command=[]} | ret=SUCCESS |  
2019-09-12 11:57:07,237 | INFO  | SCMAudit | user=jenkins1000 | ip=192.168.157.195 | op=SEND_HEARTBEAT {datanodeUUID=7c1edd01-6b93-44c9-a455-1bd851e1af30, command=[]} | ret=SUCCESS |  
2019-09-12 11:57:07,753 | INFO  | SCMAudit | user=jenkins1000 | ip=192.168.157.195 | op=SEND_HEARTBEAT {datanodeUUID=17edbb89-a050-42dd-b919-a8669dd0769f, command=[]} | ret=SUCCESS |  
2019-09-12 11:57:07,754 | INFO  | SCMAudit | user=jenkins1000 | ip=192.168.157.195 | op=SEND_HEARTBEAT {datanodeUUID=af5fed38-0f11-4bc3-b5f8-f25d4cc0e41f, command=[]} | ret=SUCCESS |  
2019-09-12 11:57:07,778 | INFO  | SCMAudit | user=jenkins1000 | ip=192.168.157.195 | op=SEND_HEARTBEAT {datanodeUUID=f8fc3649-0cfb-44b5-b2db-665c617086f3, command=[]} | ret=SUCCESS |  
2019-09-12 11:57:08,040 | INFO  | SCMAudit | user=jenkins1000 | ip=192.168.157.195 | op=SEND_HEARTBEAT {datanodeUUID=17f5de45-d006-42d4-a442-b3531657861f, command=[]} | ret=SUCCESS |  
2019-09-12 11:57:08,238 | INFO  | SCMAudit | user=jenkins1000 | ip=192.168.157.195 | op=SEND_HEARTBEAT {datanodeUUID=7c1edd01-6b93-44c9-a455-1bd851e1af30, command=[]} | ret=SUCCESS |  
2019-09-12 11:57:08,753 | INFO  | SCMAudit | user=jenkins1000 | ip=192.168.157.195 | op=SEND_HEARTBEAT {datanodeUUID=17edbb89-a050-42dd-b919-a8669dd0769f, command=[]} | ret=SUCCESS |  
2019-09-12 11:57:08,754 | INFO  | SCMAudit | user=jenkins1000 | ip=192.168.157.195 | op=SEND_HEARTBEAT {datanodeUUID=af5fed38-0f11-4bc3-b5f8-f25d4cc0e41f, command=[]} | ret=SUCCESS |  
2019-09-12 11:57:08,778 | INFO  | SCMAudit | user=jenkins1000 | ip=192.168.157.195 | op=SEND_HEARTBEAT {datanodeUUID=f8fc3649-0cfb-44b5-b2db-665c617086f3, command=[]} | ret=SUCCESS |  
2019-09-12 11:57:09,041 | INFO  | SCMAudit | user=jenkins1000 | ip=192.168.157.195 | op=SEND_HEARTBEAT {datanodeUUID=17f5de45-d006-42d4-a442-b3531657861f, command=[]} | ret=SUCCESS |  
2019-09-12 11:57:09,239 | INFO  | SCMAudit | user=jenkins1000 | ip=192.168.157.195 | op=SEND_HEARTBEAT {datanodeUUID=7c1edd01-6b93-44c9-a455-1bd851e1af30, command=[]} | ret=SUCCESS |  
2019-09-12 11:57:09,753 | INFO  | SCMAudit | user=jenkins1000 | ip=192.168.157.195 | op=SEND_HEARTBEAT {datanodeUUID=17edbb89-a050-42dd-b919-a8669dd0769f, command=[]} | ret=SUCCESS |  
2019-09-12 11:57:09,755 | INFO  | SCMAudit | user=jenkins1000 | ip=192.168.157.195 | op=SEND_HEARTBEAT {datanodeUUID=af5fed38-0f11-4bc3-b5f8-f25d4cc0e41f, command=[]} | ret=SUCCESS |  
2019-09-12 11:57:09,778 | INFO  | SCMAudit | user=jenkins1000 | ip=192.168.157.195 | op=SEND_HEARTBEAT {datanodeUUID=f8fc3649-0cfb-44b5-b2db-665c617086f3, command=[]} | ret=SUCCESS |  
2019-09-12 11:57:10,041 | INFO  | SCMAudit | user=jenkins1000 | ip=192.168.157.195 | op=SEND_HEARTBEAT {datanodeUUID=17f5de45-d006-42d4-a442-b3531657861f, command=[]} | ret=SUCCESS |  
2019-09-12 11:57:10,239 | INFO  | SCMAudit | user=jenkins1000 | ip=192.168.157.195 | op=SEND_HEARTBEAT {datanodeUUID=7c1edd01-6b93-44c9-a455-1bd851e1af30, command=[]} | ret=SUCCESS |  
2019-09-12 11:57:10,401 [main] INFO  freon.RandomKeyGenerator (RandomKeyGenerator.java:call(275)) - Number of Threads: 1
2019-09-12 11:57:10,402 [main] INFO  freon.RandomKeyGenerator (RandomKeyGenerator.java:call(280)) - Number of Volumes: 1.
2019-09-12 11:57:10,402 [main] INFO  freon.RandomKeyGenerator (RandomKeyGenerator.java:call(281)) - Number of Buckets per Volume: 1.
2019-09-12 11:57:10,402 [main] INFO  freon.RandomKeyGenerator (RandomKeyGenerator.java:call(282)) - Number of Keys per Bucket: 1.
2019-09-12 11:57:10,402 [main] INFO  freon.RandomKeyGenerator (RandomKeyGenerator.java:call(283)) - Key size: 2147483657 bytes
2019-09-12 11:57:10,402 [main] INFO  freon.RandomKeyGenerator (RandomKeyGenerator.java:call(284)) - Buffer size: 4096 bytes
2019-09-12 11:57:10,404 [main] INFO  freon.RandomKeyGenerator (RandomKeyGenerator.java:call(298)) - Data validation is enabled.
2019-09-12 11:57:10,404 [main] INFO  freon.RandomKeyGenerator (RandomKeyGenerator.java:call(304)) - Starting progress bar Thread.

 0.00% |█                                                                                                    |  0/1 Time: 0:00:002019-09-12 11:57:10,405 [pool-81-thread-1] INFO  rpc.RpcClient (RpcClient.java:createVolume(293)) - Creating Volume: vol-0-44147, with jenkins1000 as owner.
2019-09-12 11:57:10,414 | INFO  | OMAudit | user=jenkins1000 | ip=127.0.0.1 | op=CREATE_VOLUME {admin=jenkins1000, owner=jenkins1000, volume=vol-0-44147, creationTime=1568289430413, quotaInBytes=1152921504606846976} | ret=SUCCESS |  
2019-09-12 11:57:10,417 | INFO  | OMAudit | user=jenkins1000 | ip=127.0.0.1 | op=READ_VOLUME {volume=vol-0-44147} | ret=SUCCESS |  
2019-09-12 11:57:10,418 [pool-81-thread-1] INFO  rpc.RpcClient (RpcClient.java:createBucket(432)) - Creating Bucket: vol-0-44147/bucket-0-59470, with Versioning false and Storage Type set to DISK and Encryption set to false 
2019-09-12 11:57:10,420 | INFO  | OMAudit | user=jenkins1000 | ip=127.0.0.1 | op=CREATE_BUCKET {volume=vol-0-44147, bucket=bucket-0-59470, acls=[user:jenkins1000:a[ACCESS], group:default:a[ACCESS]], isVersionEnabled=false, storageType=DISK, creationTime=0} | ret=SUCCESS |  
2019-09-12 11:57:10,422 | INFO  | OMAudit | user=jenkins1000 | ip=127.0.0.1 | op=READ_BUCKET {volume=vol-0-44147, bucket=bucket-0-59470} | ret=SUCCESS |  
2019-09-12 11:57:10,433 [IPC Server handler 15 on 43548] ERROR pipeline.PipelinePlacementPolicy (PipelinePlacementPolicy.java:meetCriteria(91)) - Pipeline Placement: Doesn't meet the criteria to be viable node. Heaviness: 6
2019-09-12 11:57:10,433 [IPC Server handler 15 on 43548] ERROR pipeline.PipelinePlacementPolicy (PipelinePlacementPolicy.java:meetCriteria(91)) - Pipeline Placement: Doesn't meet the criteria to be viable node. Heaviness: 6
2019-09-12 11:57:10,434 [IPC Server handler 15 on 43548] ERROR pipeline.PipelinePlacementPolicy (PipelinePlacementPolicy.java:meetCriteria(91)) - Pipeline Placement: Doesn't meet the criteria to be viable node. Heaviness: 6
2019-09-12 11:57:10,434 [IPC Server handler 15 on 43548] ERROR pipeline.PipelinePlacementPolicy (PipelinePlacementPolicy.java:meetCriteria(91)) - Pipeline Placement: Doesn't meet the criteria to be viable node. Heaviness: 6
2019-09-12 11:57:10,434 [IPC Server handler 15 on 43548] ERROR pipeline.PipelinePlacementPolicy (PipelinePlacementPolicy.java:meetCriteria(91)) - Pipeline Placement: Doesn't meet the criteria to be viable node. Heaviness: 6
2019-09-12 11:57:10,434 [IPC Server handler 15 on 43548] ERROR pipeline.PipelinePlacementPolicy (PipelinePlacementPolicy.java:filterViableNodes(146)) - Unable to find enough nodes that meet the criteria that cannot engage in more than 5 pipelines. Nodes required: 3 Found: 0, healthy nodes count inNodeManager: 5.
2019-09-12 11:57:10,435 [IPC Server handler 15 on 43548] ERROR pipeline.SCMPipelineManager (SCMPipelineManager.java:createPipeline(161)) - Pipeline creation failed due to exception: Unable to find enough nodes that meet the criteria that cannot engage in more than 5 pipelines. Nodes required: 3 Found: 0, healthy nodes count inNodeManager: 5.
2019-09-12 11:57:10,435 [IPC Server handler 15 on 43548] WARN  block.BlockManagerImpl (BlockManagerImpl.java:allocateBlock(192)) - Pipeline creation failed for type:RATIS factor:THREE. Retrying get pipelines call once.
org.apache.hadoop.hdds.scm.exceptions.SCMException: Unable to find enough nodes that meet the criteria that cannot engage in more than 5 pipelines. Nodes required: 3 Found: 0, healthy nodes count inNodeManager: 5.
	at org.apache.hadoop.hdds.scm.pipeline.PipelinePlacementPolicy.filterViableNodes(PipelinePlacementPolicy.java:147)
	at org.apache.hadoop.hdds.scm.pipeline.PipelinePlacementPolicy.chooseDatanodes(PipelinePlacementPolicy.java:170)
	at org.apache.hadoop.hdds.scm.pipeline.RatisPipelineProvider.create(RatisPipelineProvider.java:92)
	at org.apache.hadoop.hdds.scm.pipeline.PipelineFactory.create(PipelineFactory.java:57)
	at org.apache.hadoop.hdds.scm.pipeline.SCMPipelineManager.createPipeline(SCMPipelineManager.java:149)
	at org.apache.hadoop.hdds.scm.block.BlockManagerImpl.allocateBlock(BlockManagerImpl.java:190)
	at org.apache.hadoop.hdds.scm.server.SCMBlockProtocolServer.allocateBlock(SCMBlockProtocolServer.java:175)
	at org.apache.hadoop.ozone.protocolPB.ScmBlockLocationProtocolServerSideTranslatorPB.allocateScmBlock(ScmBlockLocationProtocolServerSideTranslatorPB.java:153)
	at org.apache.hadoop.ozone.protocolPB.ScmBlockLocationProtocolServerSideTranslatorPB.send(ScmBlockLocationProtocolServerSideTranslatorPB.java:112)
	at org.apache.hadoop.hdds.protocol.proto.ScmBlockLocationProtocolProtos$ScmBlockLocationProtocolService$2.callBlockingMethod(ScmBlockLocationProtocolProtos.java:13157)
	at org.apache.hadoop.ipc.ProtobufRpcEngine$Server$ProtoBufRpcInvoker.call(ProtobufRpcEngine.java:524)
	at org.apache.hadoop.ipc.RPC$Server.call(RPC.java:1025)
	at org.apache.hadoop.ipc.Server$RpcCall.run(Server.java:876)
	at org.apache.hadoop.ipc.Server$RpcCall.run(Server.java:822)
	at java.security.AccessController.doPrivileged(Native Method)
	at javax.security.auth.Subject.doAs(Subject.java:422)
	at org.apache.hadoop.security.UserGroupInformation.doAs(UserGroupInformation.java:1730)
	at org.apache.hadoop.ipc.Server$Handler.run(Server.java:2682)
2019-09-12 11:57:10,436 [IPC Server handler 15 on 43548] INFO  block.BlockManagerImpl (BlockManagerImpl.java:allocateBlock(198)) - Could not find available pipeline of type:RATIS and factor:THREE even after retrying
2019-09-12 11:57:10,436 [IPC Server handler 15 on 43548] ERROR block.BlockManagerImpl (BlockManagerImpl.java:allocateBlock(222)) - Unable to allocate a block for the size: 4194304, type: RATIS, factor: THREE
2019-09-12 11:57:10,436 [IPC Server handler 15 on 43548] ERROR pipeline.PipelinePlacementPolicy (PipelinePlacementPolicy.java:meetCriteria(91)) - Pipeline Placement: Doesn't meet the criteria to be viable node. Heaviness: 6
2019-09-12 11:57:10,436 [IPC Server handler 15 on 43548] ERROR pipeline.PipelinePlacementPolicy (PipelinePlacementPolicy.java:meetCriteria(91)) - Pipeline Placement: Doesn't meet the criteria to be viable node. Heaviness: 6
2019-09-12 11:57:10,436 [IPC Server handler 15 on 43548] ERROR pipeline.PipelinePlacementPolicy (PipelinePlacementPolicy.java:meetCriteria(91)) - Pipeline Placement: Doesn't meet the criteria to be viable node. Heaviness: 6
2019-09-12 11:57:10,437 [IPC Server handler 15 on 43548] ERROR pipeline.PipelinePlacementPolicy (PipelinePlacementPolicy.java:meetCriteria(91)) - Pipeline Placement: Doesn't meet the criteria to be viable node. Heaviness: 6
2019-09-12 11:57:10,437 [IPC Server handler 15 on 43548] ERROR pipeline.PipelinePlacementPolicy (PipelinePlacementPolicy.java:meetCriteria(91)) - Pipeline Placement: Doesn't meet the criteria to be viable node. Heaviness: 6
2019-09-12 11:57:10,437 [IPC Server handler 15 on 43548] ERROR pipeline.PipelinePlacementPolicy (PipelinePlacementPolicy.java:filterViableNodes(146)) - Unable to find enough nodes that meet the criteria that cannot engage in more than 5 pipelines. Nodes required: 3 Found: 0, healthy nodes count inNodeManager: 5.
2019-09-12 11:57:10,437 [IPC Server handler 15 on 43548] ERROR pipeline.SCMPipelineManager (SCMPipelineManager.java:createPipeline(161)) - Pipeline creation failed due to exception: Unable to find enough nodes that meet the criteria that cannot engage in more than 5 pipelines. Nodes required: 3 Found: 0, healthy nodes count inNodeManager: 5.
2019-09-12 11:57:10,437 [IPC Server handler 15 on 43548] WARN  block.BlockManagerImpl (BlockManagerImpl.java:allocateBlock(192)) - Pipeline creation failed for type:RATIS factor:THREE. Retrying get pipelines call once.
org.apache.hadoop.hdds.scm.exceptions.SCMException: Unable to find enough nodes that meet the criteria that cannot engage in more than 5 pipelines. Nodes required: 3 Found: 0, healthy nodes count inNodeManager: 5.
	at org.apache.hadoop.hdds.scm.pipeline.PipelinePlacementPolicy.filterViableNodes(PipelinePlacementPolicy.java:147)
	at org.apache.hadoop.hdds.scm.pipeline.PipelinePlacementPolicy.chooseDatanodes(PipelinePlacementPolicy.java:170)
	at org.apache.hadoop.hdds.scm.pipeline.RatisPipelineProvider.create(RatisPipelineProvider.java:92)
	at org.apache.hadoop.hdds.scm.pipeline.PipelineFactory.create(PipelineFactory.java:57)
	at org.apache.hadoop.hdds.scm.pipeline.SCMPipelineManager.createPipeline(SCMPipelineManager.java:149)
	at org.apache.hadoop.hdds.scm.block.BlockManagerImpl.allocateBlock(BlockManagerImpl.java:190)
	at org.apache.hadoop.hdds.scm.server.SCMBlockProtocolServer.allocateBlock(SCMBlockProtocolServer.java:175)
	at org.apache.hadoop.ozone.protocolPB.ScmBlockLocationProtocolServerSideTranslatorPB.allocateScmBlock(ScmBlockLocationProtocolServerSideTranslatorPB.java:153)
	at org.apache.hadoop.ozone.protocolPB.ScmBlockLocationProtocolServerSideTranslatorPB.send(ScmBlockLocationProtocolServerSideTranslatorPB.java:112)
	at org.apache.hadoop.hdds.protocol.proto.ScmBlockLocationProtocolProtos$ScmBlockLocationProtocolService$2.callBlockingMethod(ScmBlockLocationProtocolProtos.java:13157)
	at org.apache.hadoop.ipc.ProtobufRpcEngine$Server$ProtoBufRpcInvoker.call(ProtobufRpcEngine.java:524)
	at org.apache.hadoop.ipc.RPC$Server.call(RPC.java:1025)
	at org.apache.hadoop.ipc.Server$RpcCall.run(Server.java:876)
	at org.apache.hadoop.ipc.Server$RpcCall.run(Server.java:822)
	at java.security.AccessController.doPrivileged(Native Method)
	at javax.security.auth.Subject.doAs(Subject.java:422)
	at org.apache.hadoop.security.UserGroupInformation.doAs(UserGroupInformation.java:1730)
	at org.apache.hadoop.ipc.Server$Handler.run(Server.java:2682)
2019-09-12 11:57:10,438 [IPC Server handler 15 on 43548] INFO  block.BlockManagerImpl (BlockManagerImpl.java:allocateBlock(198)) - Could not find available pipeline of type:RATIS and factor:THREE even after retrying
2019-09-12 11:57:10,438 [IPC Server handler 15 on 43548] ERROR block.BlockManagerImpl (BlockManagerImpl.java:allocateBlock(222)) - Unable to allocate a block for the size: 4194304, type: RATIS, factor: THREE
2019-09-12 11:57:10,438 [IPC Server handler 15 on 43548] ERROR pipeline.PipelinePlacementPolicy (PipelinePlacementPolicy.java:meetCriteria(91)) - Pipeline Placement: Doesn't meet the criteria to be viable node. Heaviness: 6
2019-09-12 11:57:10,439 [IPC Server handler 15 on 43548] ERROR pipeline.PipelinePlacementPolicy (PipelinePlacementPolicy.java:meetCriteria(91)) - Pipeline Placement: Doesn't meet the criteria to be viable node. Heaviness: 6
2019-09-12 11:57:10,439 [IPC Server handler 15 on 43548] ERROR pipeline.PipelinePlacementPolicy (PipelinePlacementPolicy.java:meetCriteria(91)) - Pipeline Placement: Doesn't meet the criteria to be viable node. Heaviness: 6
2019-09-12 11:57:10,439 [IPC Server handler 15 on 43548] ERROR pipeline.PipelinePlacementPolicy (PipelinePlacementPolicy.java:meetCriteria(91)) - Pipeline Placement: Doesn't meet the criteria to be viable node. Heaviness: 6
2019-09-12 11:57:10,439 [IPC Server handler 15 on 43548] ERROR pipeline.PipelinePlacementPolicy (PipelinePlacementPolicy.java:meetCriteria(91)) - Pipeline Placement: Doesn't meet the criteria to be viable node. Heaviness: 6
2019-09-12 11:57:10,440 [IPC Server handler 15 on 43548] ERROR pipeline.PipelinePlacementPolicy (PipelinePlacementPolicy.java:filterViableNodes(146)) - Unable to find enough nodes that meet the criteria that cannot engage in more than 5 pipelines. Nodes required: 3 Found: 0, healthy nodes count inNodeManager: 5.
2019-09-12 11:57:10,440 [IPC Server handler 15 on 43548] ERROR pipeline.SCMPipelineManager (SCMPipelineManager.java:createPipeline(161)) - Pipeline creation failed due to exception: Unable to find enough nodes that meet the criteria that cannot engage in more than 5 pipelines. Nodes required: 3 Found: 0, healthy nodes count inNodeManager: 5.
2019-09-12 11:57:10,440 [IPC Server handler 15 on 43548] WARN  block.BlockManagerImpl (BlockManagerImpl.java:allocateBlock(192)) - Pipeline creation failed for type:RATIS factor:THREE. Retrying get pipelines call once.
org.apache.hadoop.hdds.scm.exceptions.SCMException: Unable to find enough nodes that meet the criteria that cannot engage in more than 5 pipelines. Nodes required: 3 Found: 0, healthy nodes count inNodeManager: 5.
	at org.apache.hadoop.hdds.scm.pipeline.PipelinePlacementPolicy.filterViableNodes(PipelinePlacementPolicy.java:147)
	at org.apache.hadoop.hdds.scm.pipeline.PipelinePlacementPolicy.chooseDatanodes(PipelinePlacementPolicy.java:170)
	at org.apache.hadoop.hdds.scm.pipeline.RatisPipelineProvider.create(RatisPipelineProvider.java:92)
	at org.apache.hadoop.hdds.scm.pipeline.PipelineFactory.create(PipelineFactory.java:57)
	at org.apache.hadoop.hdds.scm.pipeline.SCMPipelineManager.createPipeline(SCMPipelineManager.java:149)
	at org.apache.hadoop.hdds.scm.block.BlockManagerImpl.allocateBlock(BlockManagerImpl.java:190)
	at org.apache.hadoop.hdds.scm.server.SCMBlockProtocolServer.allocateBlock(SCMBlockProtocolServer.java:175)
	at org.apache.hadoop.ozone.protocolPB.ScmBlockLocationProtocolServerSideTranslatorPB.allocateScmBlock(ScmBlockLocationProtocolServerSideTranslatorPB.java:153)
	at org.apache.hadoop.ozone.protocolPB.ScmBlockLocationProtocolServerSideTranslatorPB.send(ScmBlockLocationProtocolServerSideTranslatorPB.java:112)
	at org.apache.hadoop.hdds.protocol.proto.ScmBlockLocationProtocolProtos$ScmBlockLocationProtocolService$2.callBlockingMethod(ScmBlockLocationProtocolProtos.java:13157)
	at org.apache.hadoop.ipc.ProtobufRpcEngine$Server$ProtoBufRpcInvoker.call(ProtobufRpcEngine.java:524)
	at org.apache.hadoop.ipc.RPC$Server.call(RPC.java:1025)
	at org.apache.hadoop.ipc.Server$RpcCall.run(Server.java:876)
	at org.apache.hadoop.ipc.Server$RpcCall.run(Server.java:822)
	at java.security.AccessController.doPrivileged(Native Method)
	at javax.security.auth.Subject.doAs(Subject.java:422)
	at org.apache.hadoop.security.UserGroupInformation.doAs(UserGroupInformation.java:1730)
	at org.apache.hadoop.ipc.Server$Handler.run(Server.java:2682)
2019-09-12 11:57:10,441 [IPC Server handler 15 on 43548] INFO  block.BlockManagerImpl (BlockManagerImpl.java:allocateBlock(198)) - Could not find available pipeline of type:RATIS and factor:THREE even after retrying
2019-09-12 11:57:10,441 [IPC Server handler 15 on 43548] ERROR block.BlockManagerImpl (BlockManagerImpl.java:allocateBlock(222)) - Unable to allocate a block for the size: 4194304, type: RATIS, factor: THREE
2019-09-12 11:57:10,441 [IPC Server handler 15 on 43548] ERROR pipeline.PipelinePlacementPolicy (PipelinePlacementPolicy.java:meetCriteria(91)) - Pipeline Placement: Doesn't meet the criteria to be viable node. Heaviness: 6
2019-09-12 11:57:10,441 [IPC Server handler 15 on 43548] ERROR pipeline.PipelinePlacementPolicy (PipelinePlacementPolicy.java:meetCriteria(91)) - Pipeline Placement: Doesn't meet the criteria to be viable node. Heaviness: 6
2019-09-12 11:57:10,441 [IPC Server handler 15 on 43548] ERROR pipeline.PipelinePlacementPolicy (PipelinePlacementPolicy.java:meetCriteria(91)) - Pipeline Placement: Doesn't meet the criteria to be viable node. Heaviness: 6
2019-09-12 11:57:10,442 [IPC Server handler 15 on 43548] ERROR pipeline.PipelinePlacementPolicy (PipelinePlacementPolicy.java:meetCriteria(91)) - Pipeline Placement: Doesn't meet the criteria to be viable node. Heaviness: 6
2019-09-12 11:57:10,442 [IPC Server handler 15 on 43548] ERROR pipeline.PipelinePlacementPolicy (PipelinePlacementPolicy.java:meetCriteria(91)) - Pipeline Placement: Doesn't meet the criteria to be viable node. Heaviness: 6
2019-09-12 11:57:10,442 [IPC Server handler 15 on 43548] ERROR pipeline.PipelinePlacementPolicy (PipelinePlacementPolicy.java:filterViableNodes(146)) - Unable to find enough nodes that meet the criteria that cannot engage in more than 5 pipelines. Nodes required: 3 Found: 0, healthy nodes count inNodeManager: 5.
2019-09-12 11:57:10,442 [IPC Server handler 15 on 43548] ERROR pipeline.SCMPipelineManager (SCMPipelineManager.java:createPipeline(161)) - Pipeline creation failed due to exception: Unable to find enough nodes that meet the criteria that cannot engage in more than 5 pipelines. Nodes required: 3 Found: 0, healthy nodes count inNodeManager: 5.
2019-09-12 11:57:10,442 [IPC Server handler 15 on 43548] WARN  block.BlockManagerImpl (BlockManagerImpl.java:allocateBlock(192)) - Pipeline creation failed for type:RATIS factor:THREE. Retrying get pipelines call once.
org.apache.hadoop.hdds.scm.exceptions.SCMException: Unable to find enough nodes that meet the criteria that cannot engage in more than 5 pipelines. Nodes required: 3 Found: 0, healthy nodes count inNodeManager: 5.
	at org.apache.hadoop.hdds.scm.pipeline.PipelinePlacementPolicy.filterViableNodes(PipelinePlacementPolicy.java:147)
	at org.apache.hadoop.hdds.scm.pipeline.PipelinePlacementPolicy.chooseDatanodes(PipelinePlacementPolicy.java:170)
	at org.apache.hadoop.hdds.scm.pipeline.RatisPipelineProvider.create(RatisPipelineProvider.java:92)
	at org.apache.hadoop.hdds.scm.pipeline.PipelineFactory.create(PipelineFactory.java:57)
	at org.apache.hadoop.hdds.scm.pipeline.SCMPipelineManager.createPipeline(SCMPipelineManager.java:149)
	at org.apache.hadoop.hdds.scm.block.BlockManagerImpl.allocateBlock(BlockManagerImpl.java:190)
	at org.apache.hadoop.hdds.scm.server.SCMBlockProtocolServer.allocateBlock(SCMBlockProtocolServer.java:175)
	at org.apache.hadoop.ozone.protocolPB.ScmBlockLocationProtocolServerSideTranslatorPB.allocateScmBlock(ScmBlockLocationProtocolServerSideTranslatorPB.java:153)
	at org.apache.hadoop.ozone.protocolPB.ScmBlockLocationProtocolServerSideTranslatorPB.send(ScmBlockLocationProtocolServerSideTranslatorPB.java:112)
	at org.apache.hadoop.hdds.protocol.proto.ScmBlockLocationProtocolProtos$ScmBlockLocationProtocolService$2.callBlockingMethod(ScmBlockLocationProtocolProtos.java:13157)
	at org.apache.hadoop.ipc.ProtobufRpcEngine$Server$ProtoBufRpcInvoker.call(ProtobufRpcEngine.java:524)
	at org.apache.hadoop.ipc.RPC$Server.call(RPC.java:1025)
	at org.apache.hadoop.ipc.Server$RpcCall.run(Server.java:876)
	at org.apache.hadoop.ipc.Server$RpcCall.run(Server.java:822)
	at java.security.AccessController.doPrivileged(Native Method)
	at javax.security.auth.Subject.doAs(Subject.java:422)
	at org.apache.hadoop.security.UserGroupInformation.doAs(UserGroupInformation.java:1730)
	at org.apache.hadoop.ipc.Server$Handler.run(Server.java:2682)
2019-09-12 11:57:10,443 [IPC Server handler 15 on 43548] INFO  block.BlockManagerImpl (BlockManagerImpl.java:allocateBlock(198)) - Could not find available pipeline of type:RATIS and factor:THREE even after retrying
2019-09-12 11:57:10,443 [IPC Server handler 15 on 43548] ERROR block.BlockManagerImpl (BlockManagerImpl.java:allocateBlock(222)) - Unable to allocate a block for the size: 4194304, type: RATIS, factor: THREE
2019-09-12 11:57:10,443 [IPC Server handler 15 on 43548] ERROR pipeline.PipelinePlacementPolicy (PipelinePlacementPolicy.java:meetCriteria(91)) - Pipeline Placement: Doesn't meet the criteria to be viable node. Heaviness: 6
2019-09-12 11:57:10,443 [IPC Server handler 15 on 43548] ERROR pipeline.PipelinePlacementPolicy (PipelinePlacementPolicy.java:meetCriteria(91)) - Pipeline Placement: Doesn't meet the criteria to be viable node. Heaviness: 6
2019-09-12 11:57:10,444 [IPC Server handler 15 on 43548] ERROR pipeline.PipelinePlacementPolicy (PipelinePlacementPolicy.java:meetCriteria(91)) - Pipeline Placement: Doesn't meet the criteria to be viable node. Heaviness: 6
2019-09-12 11:57:10,444 [IPC Server handler 15 on 43548] ERROR pipeline.PipelinePlacementPolicy (PipelinePlacementPolicy.java:meetCriteria(91)) - Pipeline Placement: Doesn't meet the criteria to be viable node. Heaviness: 6
2019-09-12 11:57:10,444 [IPC Server handler 15 on 43548] ERROR pipeline.PipelinePlacementPolicy (PipelinePlacementPolicy.java:meetCriteria(91)) - Pipeline Placement: Doesn't meet the criteria to be viable node. Heaviness: 6
2019-09-12 11:57:10,444 [IPC Server handler 15 on 43548] ERROR pipeline.PipelinePlacementPolicy (PipelinePlacementPolicy.java:filterViableNodes(146)) - Unable to find enough nodes that meet the criteria that cannot engage in more than 5 pipelines. Nodes required: 3 Found: 0, healthy nodes count inNodeManager: 5.
2019-09-12 11:57:10,444 [IPC Server handler 15 on 43548] ERROR pipeline.SCMPipelineManager (SCMPipelineManager.java:createPipeline(161)) - Pipeline creation failed due to exception: Unable to find enough nodes that meet the criteria that cannot engage in more than 5 pipelines. Nodes required: 3 Found: 0, healthy nodes count inNodeManager: 5.
2019-09-12 11:57:10,445 [IPC Server handler 15 on 43548] WARN  block.BlockManagerImpl (BlockManagerImpl.java:allocateBlock(192)) - Pipeline creation failed for type:RATIS factor:THREE. Retrying get pipelines call once.
org.apache.hadoop.hdds.scm.exceptions.SCMException: Unable to find enough nodes that meet the criteria that cannot engage in more than 5 pipelines. Nodes required: 3 Found: 0, healthy nodes count inNodeManager: 5.
	at org.apache.hadoop.hdds.scm.pipeline.PipelinePlacementPolicy.filterViableNodes(PipelinePlacementPolicy.java:147)
	at org.apache.hadoop.hdds.scm.pipeline.PipelinePlacementPolicy.chooseDatanodes(PipelinePlacementPolicy.java:170)
	at org.apache.hadoop.hdds.scm.pipeline.RatisPipelineProvider.create(RatisPipelineProvider.java:92)
	at org.apache.hadoop.hdds.scm.pipeline.PipelineFactory.create(PipelineFactory.java:57)
	at org.apache.hadoop.hdds.scm.pipeline.SCMPipelineManager.createPipeline(SCMPipelineManager.java:149)
	at org.apache.hadoop.hdds.scm.block.BlockManagerImpl.allocateBlock(BlockManagerImpl.java:190)
	at org.apache.hadoop.hdds.scm.server.SCMBlockProtocolServer.allocateBlock(SCMBlockProtocolServer.java:175)
	at org.apache.hadoop.ozone.protocolPB.ScmBlockLocationProtocolServerSideTranslatorPB.allocateScmBlock(ScmBlockLocationProtocolServerSideTranslatorPB.java:153)
	at org.apache.hadoop.ozone.protocolPB.ScmBlockLocationProtocolServerSideTranslatorPB.send(ScmBlockLocationProtocolServerSideTranslatorPB.java:112)
	at org.apache.hadoop.hdds.protocol.proto.ScmBlockLocationProtocolProtos$ScmBlockLocationProtocolService$2.callBlockingMethod(ScmBlockLocationProtocolProtos.java:13157)
	at org.apache.hadoop.ipc.ProtobufRpcEngine$Server$ProtoBufRpcInvoker.call(ProtobufRpcEngine.java:524)
	at org.apache.hadoop.ipc.RPC$Server.call(RPC.java:1025)
	at org.apache.hadoop.ipc.Server$RpcCall.run(Server.java:876)
	at org.apache.hadoop.ipc.Server$RpcCall.run(Server.java:822)
	at java.security.AccessController.doPrivileged(Native Method)
	at javax.security.auth.Subject.doAs(Subject.java:422)
	at org.apache.hadoop.security.UserGroupInformation.doAs(UserGroupInformation.java:1730)
	at org.apache.hadoop.ipc.Server$Handler.run(Server.java:2682)
2019-09-12 11:57:10,445 [IPC Server handler 15 on 43548] INFO  block.BlockManagerImpl (BlockManagerImpl.java:allocateBlock(198)) - Could not find available pipeline of type:RATIS and factor:THREE even after retrying
2019-09-12 11:57:10,445 [IPC Server handler 15 on 43548] ERROR block.BlockManagerImpl (BlockManagerImpl.java:allocateBlock(222)) - Unable to allocate a block for the size: 4194304, type: RATIS, factor: THREE
2019-09-12 11:57:10,446 [IPC Server handler 15 on 43548] ERROR pipeline.PipelinePlacementPolicy (PipelinePlacementPolicy.java:meetCriteria(91)) - Pipeline Placement: Doesn't meet the criteria to be viable node. Heaviness: 6
2019-09-12 11:57:10,446 [IPC Server handler 15 on 43548] ERROR pipeline.PipelinePlacementPolicy (PipelinePlacementPolicy.java:meetCriteria(91)) - Pipeline Placement: Doesn't meet the criteria to be viable node. Heaviness: 6
2019-09-12 11:57:10,446 [IPC Server handler 15 on 43548] ERROR pipeline.PipelinePlacementPolicy (PipelinePlacementPolicy.java:meetCriteria(91)) - Pipeline Placement: Doesn't meet the criteria to be viable node. Heaviness: 6
2019-09-12 11:57:10,446 [IPC Server handler 15 on 43548] ERROR pipeline.PipelinePlacementPolicy (PipelinePlacementPolicy.java:meetCriteria(91)) - Pipeline Placement: Doesn't meet the criteria to be viable node. Heaviness: 6
2019-09-12 11:57:10,446 [IPC Server handler 15 on 43548] ERROR pipeline.PipelinePlacementPolicy (PipelinePlacementPolicy.java:meetCriteria(91)) - Pipeline Placement: Doesn't meet the criteria to be viable node. Heaviness: 6
2019-09-12 11:57:10,447 [IPC Server handler 15 on 43548] ERROR pipeline.PipelinePlacementPolicy (PipelinePlacementPolicy.java:filterViableNodes(146)) - Unable to find enough nodes that meet the criteria that cannot engage in more than 5 pipelines. Nodes required: 3 Found: 0, healthy nodes count inNodeManager: 5.
2019-09-12 11:57:10,447 [IPC Server handler 15 on 43548] ERROR pipeline.SCMPipelineManager (SCMPipelineManager.java:createPipeline(161)) - Pipeline creation failed due to exception: Unable to find enough nodes that meet the criteria that cannot engage in more than 5 pipelines. Nodes required: 3 Found: 0, healthy nodes count inNodeManager: 5.
2019-09-12 11:57:10,447 [IPC Server handler 15 on 43548] WARN  block.BlockManagerImpl (BlockManagerImpl.java:allocateBlock(192)) - Pipeline creation failed for type:RATIS factor:THREE. Retrying get pipelines call once.
org.apache.hadoop.hdds.scm.exceptions.SCMException: Unable to find enough nodes that meet the criteria that cannot engage in more than 5 pipelines. Nodes required: 3 Found: 0, healthy nodes count inNodeManager: 5.
	at org.apache.hadoop.hdds.scm.pipeline.PipelinePlacementPolicy.filterViableNodes(PipelinePlacementPolicy.java:147)
	at org.apache.hadoop.hdds.scm.pipeline.PipelinePlacementPolicy.chooseDatanodes(PipelinePlacementPolicy.java:170)
	at org.apache.hadoop.hdds.scm.pipeline.RatisPipelineProvider.create(RatisPipelineProvider.java:92)
	at org.apache.hadoop.hdds.scm.pipeline.PipelineFactory.create(PipelineFactory.java:57)
	at org.apache.hadoop.hdds.scm.pipeline.SCMPipelineManager.createPipeline(SCMPipelineManager.java:149)
	at org.apache.hadoop.hdds.scm.block.BlockManagerImpl.allocateBlock(BlockManagerImpl.java:190)
	at org.apache.hadoop.hdds.scm.server.SCMBlockProtocolServer.allocateBlock(SCMBlockProtocolServer.java:175)
	at org.apache.hadoop.ozone.protocolPB.ScmBlockLocationProtocolServerSideTranslatorPB.allocateScmBlock(ScmBlockLocationProtocolServerSideTranslatorPB.java:153)
	at org.apache.hadoop.ozone.protocolPB.ScmBlockLocationProtocolServerSideTranslatorPB.send(ScmBlockLocationProtocolServerSideTranslatorPB.java:112)
	at org.apache.hadoop.hdds.protocol.proto.ScmBlockLocationProtocolProtos$ScmBlockLocationProtocolService$2.callBlockingMethod(ScmBlockLocationProtocolProtos.java:13157)
	at org.apache.hadoop.ipc.ProtobufRpcEngine$Server$ProtoBufRpcInvoker.call(ProtobufRpcEngine.java:524)
	at org.apache.hadoop.ipc.RPC$Server.call(RPC.java:1025)
	at org.apache.hadoop.ipc.Server$RpcCall.run(Server.java:876)
	at org.apache.hadoop.ipc.Server$RpcCall.run(Server.java:822)
	at java.security.AccessController.doPrivileged(Native Method)
	at javax.security.auth.Subject.doAs(Subject.java:422)
	at org.apache.hadoop.security.UserGroupInformation.doAs(UserGroupInformation.java:1730)
	at org.apache.hadoop.ipc.Server$Handler.run(Server.java:2682)
2019-09-12 11:57:10,447 [IPC Server handler 15 on 43548] INFO  block.BlockManagerImpl (BlockManagerImpl.java:allocateBlock(198)) - Could not find available pipeline of type:RATIS and factor:THREE even after retrying
2019-09-12 11:57:10,448 [IPC Server handler 15 on 43548] ERROR block.BlockManagerImpl (BlockManagerImpl.java:allocateBlock(222)) - Unable to allocate a block for the size: 4194304, type: RATIS, factor: THREE
2019-09-12 11:57:10,448 [IPC Server handler 15 on 43548] ERROR pipeline.PipelinePlacementPolicy (PipelinePlacementPolicy.java:meetCriteria(91)) - Pipeline Placement: Doesn't meet the criteria to be viable node. Heaviness: 6
2019-09-12 11:57:10,448 [IPC Server handler 15 on 43548] ERROR pipeline.PipelinePlacementPolicy (PipelinePlacementPolicy.java:meetCriteria(91)) - Pipeline Placement: Doesn't meet the criteria to be viable node. Heaviness: 6
2019-09-12 11:57:10,448 [IPC Server handler 15 on 43548] ERROR pipeline.PipelinePlacementPolicy (PipelinePlacementPolicy.java:meetCriteria(91)) - Pipeline Placement: Doesn't meet the criteria to be viable node. Heaviness: 6
2019-09-12 11:57:10,448 [IPC Server handler 15 on 43548] ERROR pipeline.PipelinePlacementPolicy (PipelinePlacementPolicy.java:meetCriteria(91)) - Pipeline Placement: Doesn't meet the criteria to be viable node. Heaviness: 6
2019-09-12 11:57:10,448 [IPC Server handler 15 on 43548] ERROR pipeline.PipelinePlacementPolicy (PipelinePlacementPolicy.java:meetCriteria(91)) - Pipeline Placement: Doesn't meet the criteria to be viable node. Heaviness: 6
2019-09-12 11:57:10,449 [IPC Server handler 15 on 43548] ERROR pipeline.PipelinePlacementPolicy (PipelinePlacementPolicy.java:filterViableNodes(146)) - Unable to find enough nodes that meet the criteria that cannot engage in more than 5 pipelines. Nodes required: 3 Found: 0, healthy nodes count inNodeManager: 5.
2019-09-12 11:57:10,449 [IPC Server handler 15 on 43548] ERROR pipeline.SCMPipelineManager (SCMPipelineManager.java:createPipeline(161)) - Pipeline creation failed due to exception: Unable to find enough nodes that meet the criteria that cannot engage in more than 5 pipelines. Nodes required: 3 Found: 0, healthy nodes count inNodeManager: 5.
2019-09-12 11:57:10,449 [IPC Server handler 15 on 43548] WARN  block.BlockManagerImpl (BlockManagerImpl.java:allocateBlock(192)) - Pipeline creation failed for type:RATIS factor:THREE. Retrying get pipelines call once.
org.apache.hadoop.hdds.scm.exceptions.SCMException: Unable to find enough nodes that meet the criteria that cannot engage in more than 5 pipelines. Nodes required: 3 Found: 0, healthy nodes count inNodeManager: 5.
	at org.apache.hadoop.hdds.scm.pipeline.PipelinePlacementPolicy.filterViableNodes(PipelinePlacementPolicy.java:147)
	at org.apache.hadoop.hdds.scm.pipeline.PipelinePlacementPolicy.chooseDatanodes(PipelinePlacementPolicy.java:170)
	at org.apache.hadoop.hdds.scm.pipeline.RatisPipelineProvider.create(RatisPipelineProvider.java:92)
	at org.apache.hadoop.hdds.scm.pipeline.PipelineFactory.create(PipelineFactory.java:57)
	at org.apache.hadoop.hdds.scm.pipeline.SCMPipelineManager.createPipeline(SCMPipelineManager.java:149)
	at org.apache.hadoop.hdds.scm.block.BlockManagerImpl.allocateBlock(BlockManagerImpl.java:190)
	at org.apache.hadoop.hdds.scm.server.SCMBlockProtocolServer.allocateBlock(SCMBlockProtocolServer.java:175)
	at org.apache.hadoop.ozone.protocolPB.ScmBlockLocationProtocolServerSideTranslatorPB.allocateScmBlock(ScmBlockLocationProtocolServerSideTranslatorPB.java:153)
	at org.apache.hadoop.ozone.protocolPB.ScmBlockLocationProtocolServerSideTranslatorPB.send(ScmBlockLocationProtocolServerSideTranslatorPB.java:112)
	at org.apache.hadoop.hdds.protocol.proto.ScmBlockLocationProtocolProtos$ScmBlockLocationProtocolService$2.callBlockingMethod(ScmBlockLocationProtocolProtos.java:13157)
	at org.apache.hadoop.ipc.ProtobufRpcEngine$Server$ProtoBufRpcInvoker.call(ProtobufRpcEngine.java:524)
	at org.apache.hadoop.ipc.RPC$Server.call(RPC.java:1025)
	at org.apache.hadoop.ipc.Server$RpcCall.run(Server.java:876)
	at org.apache.hadoop.ipc.Server$RpcCall.run(Server.java:822)
	at java.security.AccessController.doPrivileged(Native Method)
	at javax.security.auth.Subject.doAs(Subject.java:422)
	at org.apache.hadoop.security.UserGroupInformation.doAs(UserGroupInformation.java:1730)
	at org.apache.hadoop.ipc.Server$Handler.run(Server.java:2682)
2019-09-12 11:57:10,450 [IPC Server handler 15 on 43548] INFO  block.BlockManagerImpl (BlockManagerImpl.java:allocateBlock(198)) - Could not find available pipeline of type:RATIS and factor:THREE even after retrying
2019-09-12 11:57:10,450 [IPC Server handler 15 on 43548] ERROR block.BlockManagerImpl (BlockManagerImpl.java:allocateBlock(222)) - Unable to allocate a block for the size: 4194304, type: RATIS, factor: THREE
2019-09-12 11:57:10,450 [IPC Server handler 15 on 43548] ERROR pipeline.PipelinePlacementPolicy (PipelinePlacementPolicy.java:meetCriteria(91)) - Pipeline Placement: Doesn't meet the criteria to be viable node. Heaviness: 6
2019-09-12 11:57:10,450 [IPC Server handler 15 on 43548] ERROR pipeline.PipelinePlacementPolicy (PipelinePlacementPolicy.java:meetCriteria(91)) - Pipeline Placement: Doesn't meet the criteria to be viable node. Heaviness: 6
2019-09-12 11:57:10,450 [IPC Server handler 15 on 43548] ERROR pipeline.PipelinePlacementPolicy (PipelinePlacementPolicy.java:meetCriteria(91)) - Pipeline Placement: Doesn't meet the criteria to be viable node. Heaviness: 6
2019-09-12 11:57:10,450 [IPC Server handler 15 on 43548] ERROR pipeline.PipelinePlacementPolicy (PipelinePlacementPolicy.java:meetCriteria(91)) - Pipeline Placement: Doesn't meet the criteria to be viable node. Heaviness: 6
2019-09-12 11:57:10,451 [IPC Server handler 15 on 43548] ERROR pipeline.PipelinePlacementPolicy (PipelinePlacementPolicy.java:meetCriteria(91)) - Pipeline Placement: Doesn't meet the criteria to be viable node. Heaviness: 6
2019-09-12 11:57:10,451 [IPC Server handler 15 on 43548] ERROR pipeline.PipelinePlacementPolicy (PipelinePlacementPolicy.java:filterViableNodes(146)) - Unable to find enough nodes that meet the criteria that cannot engage in more than 5 pipelines. Nodes required: 3 Found: 0, healthy nodes count inNodeManager: 5.
2019-09-12 11:57:10,451 [IPC Server handler 15 on 43548] ERROR pipeline.SCMPipelineManager (SCMPipelineManager.java:createPipeline(161)) - Pipeline creation failed due to exception: Unable to find enough nodes that meet the criteria that cannot engage in more than 5 pipelines. Nodes required: 3 Found: 0, healthy nodes count inNodeManager: 5.
2019-09-12 11:57:10,451 [IPC Server handler 15 on 43548] WARN  block.BlockManagerImpl (BlockManagerImpl.java:allocateBlock(192)) - Pipeline creation failed for type:RATIS factor:THREE. Retrying get pipelines call once.
org.apache.hadoop.hdds.scm.exceptions.SCMException: Unable to find enough nodes that meet the criteria that cannot engage in more than 5 pipelines. Nodes required: 3 Found: 0, healthy nodes count inNodeManager: 5.
	at org.apache.hadoop.hdds.scm.pipeline.PipelinePlacementPolicy.filterViableNodes(PipelinePlacementPolicy.java:147)
	at org.apache.hadoop.hdds.scm.pipeline.PipelinePlacementPolicy.chooseDatanodes(PipelinePlacementPolicy.java:170)
	at org.apache.hadoop.hdds.scm.pipeline.RatisPipelineProvider.create(RatisPipelineProvider.java:92)
	at org.apache.hadoop.hdds.scm.pipeline.PipelineFactory.create(PipelineFactory.java:57)
	at org.apache.hadoop.hdds.scm.pipeline.SCMPipelineManager.createPipeline(SCMPipelineManager.java:149)
	at org.apache.hadoop.hdds.scm.block.BlockManagerImpl.allocateBlock(BlockManagerImpl.java:190)
	at org.apache.hadoop.hdds.scm.server.SCMBlockProtocolServer.allocateBlock(SCMBlockProtocolServer.java:175)
	at org.apache.hadoop.ozone.protocolPB.ScmBlockLocationProtocolServerSideTranslatorPB.allocateScmBlock(ScmBlockLocationProtocolServerSideTranslatorPB.java:153)
	at org.apache.hadoop.ozone.protocolPB.ScmBlockLocationProtocolServerSideTranslatorPB.send(ScmBlockLocationProtocolServerSideTranslatorPB.java:112)
	at org.apache.hadoop.hdds.protocol.proto.ScmBlockLocationProtocolProtos$ScmBlockLocationProtocolService$2.callBlockingMethod(ScmBlockLocationProtocolProtos.java:13157)
	at org.apache.hadoop.ipc.ProtobufRpcEngine$Server$ProtoBufRpcInvoker.call(ProtobufRpcEngine.java:524)
	at org.apache.hadoop.ipc.RPC$Server.call(RPC.java:1025)
	at org.apache.hadoop.ipc.Server$RpcCall.run(Server.java:876)
	at org.apache.hadoop.ipc.Server$RpcCall.run(Server.java:822)
	at java.security.AccessController.doPrivileged(Native Method)
	at javax.security.auth.Subject.doAs(Subject.java:422)
	at org.apache.hadoop.security.UserGroupInformation.doAs(UserGroupInformation.java:1730)
	at org.apache.hadoop.ipc.Server$Handler.run(Server.java:2682)
2019-09-12 11:57:10,452 [IPC Server handler 15 on 43548] INFO  block.BlockManagerImpl (BlockManagerImpl.java:allocateBlock(198)) - Could not find available pipeline of type:RATIS and factor:THREE even after retrying
2019-09-12 11:57:10,452 [IPC Server handler 15 on 43548] ERROR block.BlockManagerImpl (BlockManagerImpl.java:allocateBlock(222)) - Unable to allocate a block for the size: 4194304, type: RATIS, factor: THREE
2019-09-12 11:57:10,452 [IPC Server handler 15 on 43548] ERROR pipeline.PipelinePlacementPolicy (PipelinePlacementPolicy.java:meetCriteria(91)) - Pipeline Placement: Doesn't meet the criteria to be viable node. Heaviness: 6
2019-09-12 11:57:10,452 [IPC Server handler 15 on 43548] ERROR pipeline.PipelinePlacementPolicy (PipelinePlacementPolicy.java:meetCriteria(91)) - Pipeline Placement: Doesn't meet the criteria to be viable node. Heaviness: 6
2019-09-12 11:57:10,453 [IPC Server handler 15 on 43548] ERROR pipeline.PipelinePlacementPolicy (PipelinePlacementPolicy.java:meetCriteria(91)) - Pipeline Placement: Doesn't meet the criteria to be viable node. Heaviness: 6
2019-09-12 11:57:10,453 [IPC Server handler 15 on 43548] ERROR pipeline.PipelinePlacementPolicy (PipelinePlacementPolicy.java:meetCriteria(91)) - Pipeline Placement: Doesn't meet the criteria to be viable node. Heaviness: 6
2019-09-12 11:57:10,453 [IPC Server handler 15 on 43548] ERROR pipeline.PipelinePlacementPolicy (PipelinePlacementPolicy.java:meetCriteria(91)) - Pipeline Placement: Doesn't meet the criteria to be viable node. Heaviness: 6
2019-09-12 11:57:10,453 [IPC Server handler 15 on 43548] ERROR pipeline.PipelinePlacementPolicy (PipelinePlacementPolicy.java:filterViableNodes(146)) - Unable to find enough nodes that meet the criteria that cannot engage in more than 5 pipelines. Nodes required: 3 Found: 0, healthy nodes count inNodeManager: 5.
2019-09-12 11:57:10,453 [IPC Server handler 15 on 43548] ERROR pipeline.SCMPipelineManager (SCMPipelineManager.java:createPipeline(161)) - Pipeline creation failed due to exception: Unable to find enough nodes that meet the criteria that cannot engage in more than 5 pipelines. Nodes required: 3 Found: 0, healthy nodes count inNodeManager: 5.
2019-09-12 11:57:10,453 [IPC Server handler 15 on 43548] WARN  block.BlockManagerImpl (BlockManagerImpl.java:allocateBlock(192)) - Pipeline creation failed for type:RATIS factor:THREE. Retrying get pipelines call once.
org.apache.hadoop.hdds.scm.exceptions.SCMException: Unable to find enough nodes that meet the criteria that cannot engage in more than 5 pipelines. Nodes required: 3 Found: 0, healthy nodes count inNodeManager: 5.
	at org.apache.hadoop.hdds.scm.pipeline.PipelinePlacementPolicy.filterViableNodes(PipelinePlacementPolicy.java:147)
	at org.apache.hadoop.hdds.scm.pipeline.PipelinePlacementPolicy.chooseDatanodes(PipelinePlacementPolicy.java:170)
	at org.apache.hadoop.hdds.scm.pipeline.RatisPipelineProvider.create(RatisPipelineProvider.java:92)
	at org.apache.hadoop.hdds.scm.pipeline.PipelineFactory.create(PipelineFactory.java:57)
	at org.apache.hadoop.hdds.scm.pipeline.SCMPipelineManager.createPipeline(SCMPipelineManager.java:149)
	at org.apache.hadoop.hdds.scm.block.BlockManagerImpl.allocateBlock(BlockManagerImpl.java:190)
	at org.apache.hadoop.hdds.scm.server.SCMBlockProtocolServer.allocateBlock(SCMBlockProtocolServer.java:175)
	at org.apache.hadoop.ozone.protocolPB.ScmBlockLocationProtocolServerSideTranslatorPB.allocateScmBlock(ScmBlockLocationProtocolServerSideTranslatorPB.java:153)
	at org.apache.hadoop.ozone.protocolPB.ScmBlockLocationProtocolServerSideTranslatorPB.send(ScmBlockLocationProtocolServerSideTranslatorPB.java:112)
	at org.apache.hadoop.hdds.protocol.proto.ScmBlockLocationProtocolProtos$ScmBlockLocationProtocolService$2.callBlockingMethod(ScmBlockLocationProtocolProtos.java:13157)
	at org.apache.hadoop.ipc.ProtobufRpcEngine$Server$ProtoBufRpcInvoker.call(ProtobufRpcEngine.java:524)
	at org.apache.hadoop.ipc.RPC$Server.call(RPC.java:1025)
	at org.apache.hadoop.ipc.Server$RpcCall.run(Server.java:876)
	at org.apache.hadoop.ipc.Server$RpcCall.run(Server.java:822)
	at java.security.AccessController.doPrivileged(Native Method)
	at javax.security.auth.Subject.doAs(Subject.java:422)
	at org.apache.hadoop.security.UserGroupInformation.doAs(UserGroupInformation.java:1730)
	at org.apache.hadoop.ipc.Server$Handler.run(Server.java:2682)
2019-09-12 11:57:10,454 [IPC Server handler 15 on 43548] INFO  block.BlockManagerImpl (BlockManagerImpl.java:allocateBlock(198)) - Could not find available pipeline of type:RATIS and factor:THREE even after retrying
2019-09-12 11:57:10,454 [IPC Server handler 15 on 43548] ERROR block.BlockManagerImpl (BlockManagerImpl.java:allocateBlock(222)) - Unable to allocate a block for the size: 4194304, type: RATIS, factor: THREE
2019-09-12 11:57:10,454 [IPC Server handler 15 on 43548] ERROR pipeline.PipelinePlacementPolicy (PipelinePlacementPolicy.java:meetCriteria(91)) - Pipeline Placement: Doesn't meet the criteria to be viable node. Heaviness: 6
2019-09-12 11:57:10,454 [IPC Server handler 15 on 43548] ERROR pipeline.PipelinePlacementPolicy (PipelinePlacementPolicy.java:meetCriteria(91)) - Pipeline Placement: Doesn't meet the criteria to be viable node. Heaviness: 6
2019-09-12 11:57:10,455 [IPC Server handler 15 on 43548] ERROR pipeline.PipelinePlacementPolicy (PipelinePlacementPolicy.java:meetCriteria(91)) - Pipeline Placement: Doesn't meet the criteria to be viable node. Heaviness: 6
2019-09-12 11:57:10,455 [IPC Server handler 15 on 43548] ERROR pipeline.PipelinePlacementPolicy (PipelinePlacementPolicy.java:meetCriteria(91)) - Pipeline Placement: Doesn't meet the criteria to be viable node. Heaviness: 6
2019-09-12 11:57:10,455 [IPC Server handler 15 on 43548] ERROR pipeline.PipelinePlacementPolicy (PipelinePlacementPolicy.java:meetCriteria(91)) - Pipeline Placement: Doesn't meet the criteria to be viable node. Heaviness: 6
2019-09-12 11:57:10,455 [IPC Server handler 15 on 43548] ERROR pipeline.PipelinePlacementPolicy (PipelinePlacementPolicy.java:filterViableNodes(146)) - Unable to find enough nodes that meet the criteria that cannot engage in more than 5 pipelines. Nodes required: 3 Found: 0, healthy nodes count inNodeManager: 5.
2019-09-12 11:57:10,455 [IPC Server handler 15 on 43548] ERROR pipeline.SCMPipelineManager (SCMPipelineManager.java:createPipeline(161)) - Pipeline creation failed due to exception: Unable to find enough nodes that meet the criteria that cannot engage in more than 5 pipelines. Nodes required: 3 Found: 0, healthy nodes count inNodeManager: 5.
2019-09-12 11:57:10,456 [IPC Server handler 15 on 43548] WARN  block.BlockManagerImpl (BlockManagerImpl.java:allocateBlock(192)) - Pipeline creation failed for type:RATIS factor:THREE. Retrying get pipelines call once.
org.apache.hadoop.hdds.scm.exceptions.SCMException: Unable to find enough nodes that meet the criteria that cannot engage in more than 5 pipelines. Nodes required: 3 Found: 0, healthy nodes count inNodeManager: 5.
	at org.apache.hadoop.hdds.scm.pipeline.PipelinePlacementPolicy.filterViableNodes(PipelinePlacementPolicy.java:147)
	at org.apache.hadoop.hdds.scm.pipeline.PipelinePlacementPolicy.chooseDatanodes(PipelinePlacementPolicy.java:170)
	at org.apache.hadoop.hdds.scm.pipeline.RatisPipelineProvider.create(RatisPipelineProvider.java:92)
	at org.apache.hadoop.hdds.scm.pipeline.PipelineFactory.create(PipelineFactory.java:57)
	at org.apache.hadoop.hdds.scm.pipeline.SCMPipelineManager.createPipeline(SCMPipelineManager.java:149)
	at org.apache.hadoop.hdds.scm.block.BlockManagerImpl.allocateBlock(BlockManagerImpl.java:190)
	at org.apache.hadoop.hdds.scm.server.SCMBlockProtocolServer.allocateBlock(SCMBlockProtocolServer.java:175)
	at org.apache.hadoop.ozone.protocolPB.ScmBlockLocationProtocolServerSideTranslatorPB.allocateScmBlock(ScmBlockLocationProtocolServerSideTranslatorPB.java:153)
	at org.apache.hadoop.ozone.protocolPB.ScmBlockLocationProtocolServerSideTranslatorPB.send(ScmBlockLocationProtocolServerSideTranslatorPB.java:112)
	at org.apache.hadoop.hdds.protocol.proto.ScmBlockLocationProtocolProtos$ScmBlockLocationProtocolService$2.callBlockingMethod(ScmBlockLocationProtocolProtos.java:13157)
	at org.apache.hadoop.ipc.ProtobufRpcEngine$Server$ProtoBufRpcInvoker.call(ProtobufRpcEngine.java:524)
	at org.apache.hadoop.ipc.RPC$Server.call(RPC.java:1025)
	at org.apache.hadoop.ipc.Server$RpcCall.run(Server.java:876)
	at org.apache.hadoop.ipc.Server$RpcCall.run(Server.java:822)
	at java.security.AccessController.doPrivileged(Native Method)
	at javax.security.auth.Subject.doAs(Subject.java:422)
	at org.apache.hadoop.security.UserGroupInformation.doAs(UserGroupInformation.java:1730)
	at org.apache.hadoop.ipc.Server$Handler.run(Server.java:2682)
2019-09-12 11:57:10,456 [IPC Server handler 15 on 43548] INFO  block.BlockManagerImpl (BlockManagerImpl.java:allocateBlock(198)) - Could not find available pipeline of type:RATIS and factor:THREE even after retrying
2019-09-12 11:57:10,456 [IPC Server handler 15 on 43548] ERROR block.BlockManagerImpl (BlockManagerImpl.java:allocateBlock(222)) - Unable to allocate a block for the size: 4194304, type: RATIS, factor: THREE
2019-09-12 11:57:10,456 [IPC Server handler 15 on 43548] ERROR pipeline.PipelinePlacementPolicy (PipelinePlacementPolicy.java:meetCriteria(91)) - Pipeline Placement: Doesn't meet the criteria to be viable node. Heaviness: 6
2019-09-12 11:57:10,457 [IPC Server handler 15 on 43548] ERROR pipeline.PipelinePlacementPolicy (PipelinePlacementPolicy.java:meetCriteria(91)) - Pipeline Placement: Doesn't meet the criteria to be viable node. Heaviness: 6
2019-09-12 11:57:10,457 [IPC Server handler 15 on 43548] ERROR pipeline.PipelinePlacementPolicy (PipelinePlacementPolicy.java:meetCriteria(91)) - Pipeline Placement: Doesn't meet the criteria to be viable node. Heaviness: 6
2019-09-12 11:57:10,457 [IPC Server handler 15 on 43548] ERROR pipeline.PipelinePlacementPolicy (PipelinePlacementPolicy.java:meetCriteria(91)) - Pipeline Placement: Doesn't meet the criteria to be viable node. Heaviness: 6
2019-09-12 11:57:10,457 [IPC Server handler 15 on 43548] ERROR pipeline.PipelinePlacementPolicy (PipelinePlacementPolicy.java:meetCriteria(91)) - Pipeline Placement: Doesn't meet the criteria to be viable node. Heaviness: 6
2019-09-12 11:57:10,457 [IPC Server handler 15 on 43548] ERROR pipeline.PipelinePlacementPolicy (PipelinePlacementPolicy.java:filterViableNodes(146)) - Unable to find enough nodes that meet the criteria that cannot engage in more than 5 pipelines. Nodes required: 3 Found: 0, healthy nodes count inNodeManager: 5.
2019-09-12 11:57:10,457 [IPC Server handler 15 on 43548] ERROR pipeline.SCMPipelineManager (SCMPipelineManager.java:createPipeline(161)) - Pipeline creation failed due to exception: Unable to find enough nodes that meet the criteria that cannot engage in more than 5 pipelines. Nodes required: 3 Found: 0, healthy nodes count inNodeManager: 5.
2019-09-12 11:57:10,458 [IPC Server handler 15 on 43548] WARN  block.BlockManagerImpl (BlockManagerImpl.java:allocateBlock(192)) - Pipeline creation failed for type:RATIS factor:THREE. Retrying get pipelines call once.
org.apache.hadoop.hdds.scm.exceptions.SCMException: Unable to find enough nodes that meet the criteria that cannot engage in more than 5 pipelines. Nodes required: 3 Found: 0, healthy nodes count inNodeManager: 5.
	at org.apache.hadoop.hdds.scm.pipeline.PipelinePlacementPolicy.filterViableNodes(PipelinePlacementPolicy.java:147)
	at org.apache.hadoop.hdds.scm.pipeline.PipelinePlacementPolicy.chooseDatanodes(PipelinePlacementPolicy.java:170)
	at org.apache.hadoop.hdds.scm.pipeline.RatisPipelineProvider.create(RatisPipelineProvider.java:92)
	at org.apache.hadoop.hdds.scm.pipeline.PipelineFactory.create(PipelineFactory.java:57)
	at org.apache.hadoop.hdds.scm.pipeline.SCMPipelineManager.createPipeline(SCMPipelineManager.java:149)
	at org.apache.hadoop.hdds.scm.block.BlockManagerImpl.allocateBlock(BlockManagerImpl.java:190)
	at org.apache.hadoop.hdds.scm.server.SCMBlockProtocolServer.allocateBlock(SCMBlockProtocolServer.java:175)
	at org.apache.hadoop.ozone.protocolPB.ScmBlockLocationProtocolServerSideTranslatorPB.allocateScmBlock(ScmBlockLocationProtocolServerSideTranslatorPB.java:153)
	at org.apache.hadoop.ozone.protocolPB.ScmBlockLocationProtocolServerSideTranslatorPB.send(ScmBlockLocationProtocolServerSideTranslatorPB.java:112)
	at org.apache.hadoop.hdds.protocol.proto.ScmBlockLocationProtocolProtos$ScmBlockLocationProtocolService$2.callBlockingMethod(ScmBlockLocationProtocolProtos.java:13157)
	at org.apache.hadoop.ipc.ProtobufRpcEngine$Server$ProtoBufRpcInvoker.call(ProtobufRpcEngine.java:524)
	at org.apache.hadoop.ipc.RPC$Server.call(RPC.java:1025)
	at org.apache.hadoop.ipc.Server$RpcCall.run(Server.java:876)
	at org.apache.hadoop.ipc.Server$RpcCall.run(Server.java:822)
	at java.security.AccessController.doPrivileged(Native Method)
	at javax.security.auth.Subject.doAs(Subject.java:422)
	at org.apache.hadoop.security.UserGroupInformation.doAs(UserGroupInformation.java:1730)
	at org.apache.hadoop.ipc.Server$Handler.run(Server.java:2682)
2019-09-12 11:57:10,458 [IPC Server handler 15 on 43548] INFO  block.BlockManagerImpl (BlockManagerImpl.java:allocateBlock(198)) - Could not find available pipeline of type:RATIS and factor:THREE even after retrying
2019-09-12 11:57:10,458 [IPC Server handler 15 on 43548] ERROR block.BlockManagerImpl (BlockManagerImpl.java:allocateBlock(222)) - Unable to allocate a block for the size: 4194304, type: RATIS, factor: THREE
2019-09-12 11:57:10,458 [IPC Server handler 15 on 43548] ERROR pipeline.PipelinePlacementPolicy (PipelinePlacementPolicy.java:meetCriteria(91)) - Pipeline Placement: Doesn't meet the criteria to be viable node. Heaviness: 6
2019-09-12 11:57:10,459 [IPC Server handler 15 on 43548] ERROR pipeline.PipelinePlacementPolicy (PipelinePlacementPolicy.java:meetCriteria(91)) - Pipeline Placement: Doesn't meet the criteria to be viable node. Heaviness: 6
2019-09-12 11:57:10,459 [IPC Server handler 15 on 43548] ERROR pipeline.PipelinePlacementPolicy (PipelinePlacementPolicy.java:meetCriteria(91)) - Pipeline Placement: Doesn't meet the criteria to be viable node. Heaviness: 6
2019-09-12 11:57:10,459 [IPC Server handler 15 on 43548] ERROR pipeline.PipelinePlacementPolicy (PipelinePlacementPolicy.java:meetCriteria(91)) - Pipeline Placement: Doesn't meet the criteria to be viable node. Heaviness: 6
2019-09-12 11:57:10,459 [IPC Server handler 15 on 43548] ERROR pipeline.PipelinePlacementPolicy (PipelinePlacementPolicy.java:meetCriteria(91)) - Pipeline Placement: Doesn't meet the criteria to be viable node. Heaviness: 6
2019-09-12 11:57:10,459 [IPC Server handler 15 on 43548] ERROR pipeline.PipelinePlacementPolicy (PipelinePlacementPolicy.java:filterViableNodes(146)) - Unable to find enough nodes that meet the criteria that cannot engage in more than 5 pipelines. Nodes required: 3 Found: 0, healthy nodes count inNodeManager: 5.
2019-09-12 11:57:10,460 [IPC Server handler 15 on 43548] ERROR pipeline.SCMPipelineManager (SCMPipelineManager.java:createPipeline(161)) - Pipeline creation failed due to exception: Unable to find enough nodes that meet the criteria that cannot engage in more than 5 pipelines. Nodes required: 3 Found: 0, healthy nodes count inNodeManager: 5.
2019-09-12 11:57:10,460 [IPC Server handler 15 on 43548] WARN  block.BlockManagerImpl (BlockManagerImpl.java:allocateBlock(192)) - Pipeline creation failed for type:RATIS factor:THREE. Retrying get pipelines call once.
org.apache.hadoop.hdds.scm.exceptions.SCMException: Unable to find enough nodes that meet the criteria that cannot engage in more than 5 pipelines. Nodes required: 3 Found: 0, healthy nodes count inNodeManager: 5.
	at org.apache.hadoop.hdds.scm.pipeline.PipelinePlacementPolicy.filterViableNodes(PipelinePlacementPolicy.java:147)
	at org.apache.hadoop.hdds.scm.pipeline.PipelinePlacementPolicy.chooseDatanodes(PipelinePlacementPolicy.java:170)
	at org.apache.hadoop.hdds.scm.pipeline.RatisPipelineProvider.create(RatisPipelineProvider.java:92)
	at org.apache.hadoop.hdds.scm.pipeline.PipelineFactory.create(PipelineFactory.java:57)
	at org.apache.hadoop.hdds.scm.pipeline.SCMPipelineManager.createPipeline(SCMPipelineManager.java:149)
	at org.apache.hadoop.hdds.scm.block.BlockManagerImpl.allocateBlock(BlockManagerImpl.java:190)
	at org.apache.hadoop.hdds.scm.server.SCMBlockProtocolServer.allocateBlock(SCMBlockProtocolServer.java:175)
	at org.apache.hadoop.ozone.protocolPB.ScmBlockLocationProtocolServerSideTranslatorPB.allocateScmBlock(ScmBlockLocationProtocolServerSideTranslatorPB.java:153)
	at org.apache.hadoop.ozone.protocolPB.ScmBlockLocationProtocolServerSideTranslatorPB.send(ScmBlockLocationProtocolServerSideTranslatorPB.java:112)
	at org.apache.hadoop.hdds.protocol.proto.ScmBlockLocationProtocolProtos$ScmBlockLocationProtocolService$2.callBlockingMethod(ScmBlockLocationProtocolProtos.java:13157)
	at org.apache.hadoop.ipc.ProtobufRpcEngine$Server$ProtoBufRpcInvoker.call(ProtobufRpcEngine.java:524)
	at org.apache.hadoop.ipc.RPC$Server.call(RPC.java:1025)
	at org.apache.hadoop.ipc.Server$RpcCall.run(Server.java:876)
	at org.apache.hadoop.ipc.Server$RpcCall.run(Server.java:822)
	at java.security.AccessController.doPrivileged(Native Method)
	at javax.security.auth.Subject.doAs(Subject.java:422)
	at org.apache.hadoop.security.UserGroupInformation.doAs(UserGroupInformation.java:1730)
	at org.apache.hadoop.ipc.Server$Handler.run(Server.java:2682)
2019-09-12 11:57:10,460 [IPC Server handler 15 on 43548] INFO  block.BlockManagerImpl (BlockManagerImpl.java:allocateBlock(198)) - Could not find available pipeline of type:RATIS and factor:THREE even after retrying
2019-09-12 11:57:10,460 [IPC Server handler 15 on 43548] ERROR block.BlockManagerImpl (BlockManagerImpl.java:allocateBlock(222)) - Unable to allocate a block for the size: 4194304, type: RATIS, factor: THREE
2019-09-12 11:57:10,461 [IPC Server handler 15 on 43548] ERROR pipeline.PipelinePlacementPolicy (PipelinePlacementPolicy.java:meetCriteria(91)) - Pipeline Placement: Doesn't meet the criteria to be viable node. Heaviness: 6
2019-09-12 11:57:10,461 [IPC Server handler 15 on 43548] ERROR pipeline.PipelinePlacementPolicy (PipelinePlacementPolicy.java:meetCriteria(91)) - Pipeline Placement: Doesn't meet the criteria to be viable node. Heaviness: 6
2019-09-12 11:57:10,461 [IPC Server handler 15 on 43548] ERROR pipeline.PipelinePlacementPolicy (PipelinePlacementPolicy.java:meetCriteria(91)) - Pipeline Placement: Doesn't meet the criteria to be viable node. Heaviness: 6
2019-09-12 11:57:10,461 [IPC Server handler 15 on 43548] ERROR pipeline.PipelinePlacementPolicy (PipelinePlacementPolicy.java:meetCriteria(91)) - Pipeline Placement: Doesn't meet the criteria to be viable node. Heaviness: 6
2019-09-12 11:57:10,461 [IPC Server handler 15 on 43548] ERROR pipeline.PipelinePlacementPolicy (PipelinePlacementPolicy.java:meetCriteria(91)) - Pipeline Placement: Doesn't meet the criteria to be viable node. Heaviness: 6
2019-09-12 11:57:10,462 [IPC Server handler 15 on 43548] ERROR pipeline.PipelinePlacementPolicy (PipelinePlacementPolicy.java:filterViableNodes(146)) - Unable to find enough nodes that meet the criteria that cannot engage in more than 5 pipelines. Nodes required: 3 Found: 0, healthy nodes count inNodeManager: 5.
2019-09-12 11:57:10,462 [IPC Server handler 15 on 43548] ERROR pipeline.SCMPipelineManager (SCMPipelineManager.java:createPipeline(161)) - Pipeline creation failed due to exception: Unable to find enough nodes that meet the criteria that cannot engage in more than 5 pipelines. Nodes required: 3 Found: 0, healthy nodes count inNodeManager: 5.
2019-09-12 11:57:10,462 [IPC Server handler 15 on 43548] WARN  block.BlockManagerImpl (BlockManagerImpl.java:allocateBlock(192)) - Pipeline creation failed for type:RATIS factor:THREE. Retrying get pipelines call once.
org.apache.hadoop.hdds.scm.exceptions.SCMException: Unable to find enough nodes that meet the criteria that cannot engage in more than 5 pipelines. Nodes required: 3 Found: 0, healthy nodes count inNodeManager: 5.
	at org.apache.hadoop.hdds.scm.pipeline.PipelinePlacementPolicy.filterViableNodes(PipelinePlacementPolicy.java:147)
	at org.apache.hadoop.hdds.scm.pipeline.PipelinePlacementPolicy.chooseDatanodes(PipelinePlacementPolicy.java:170)
	at org.apache.hadoop.hdds.scm.pipeline.RatisPipelineProvider.create(RatisPipelineProvider.java:92)
	at org.apache.hadoop.hdds.scm.pipeline.PipelineFactory.create(PipelineFactory.java:57)
	at org.apache.hadoop.hdds.scm.pipeline.SCMPipelineManager.createPipeline(SCMPipelineManager.java:149)
	at org.apache.hadoop.hdds.scm.block.BlockManagerImpl.allocateBlock(BlockManagerImpl.java:190)
	at org.apache.hadoop.hdds.scm.server.SCMBlockProtocolServer.allocateBlock(SCMBlockProtocolServer.java:175)
	at org.apache.hadoop.ozone.protocolPB.ScmBlockLocationProtocolServerSideTranslatorPB.allocateScmBlock(ScmBlockLocationProtocolServerSideTranslatorPB.java:153)
	at org.apache.hadoop.ozone.protocolPB.ScmBlockLocationProtocolServerSideTranslatorPB.send(ScmBlockLocationProtocolServerSideTranslatorPB.java:112)
	at org.apache.hadoop.hdds.protocol.proto.ScmBlockLocationProtocolProtos$ScmBlockLocationProtocolService$2.callBlockingMethod(ScmBlockLocationProtocolProtos.java:13157)
	at org.apache.hadoop.ipc.ProtobufRpcEngine$Server$ProtoBufRpcInvoker.call(ProtobufRpcEngine.java:524)
	at org.apache.hadoop.ipc.RPC$Server.call(RPC.java:1025)
	at org.apache.hadoop.ipc.Server$RpcCall.run(Server.java:876)
	at org.apache.hadoop.ipc.Server$RpcCall.run(Server.java:822)
	at java.security.AccessController.doPrivileged(Native Method)
	at javax.security.auth.Subject.doAs(Subject.java:422)
	at org.apache.hadoop.security.UserGroupInformation.doAs(UserGroupInformation.java:1730)
	at org.apache.hadoop.ipc.Server$Handler.run(Server.java:2682)
2019-09-12 11:57:10,463 [IPC Server handler 15 on 43548] INFO  block.BlockManagerImpl (BlockManagerImpl.java:allocateBlock(198)) - Could not find available pipeline of type:RATIS and factor:THREE even after retrying
2019-09-12 11:57:10,463 [IPC Server handler 15 on 43548] ERROR block.BlockManagerImpl (BlockManagerImpl.java:allocateBlock(222)) - Unable to allocate a block for the size: 4194304, type: RATIS, factor: THREE
2019-09-12 11:57:10,463 [IPC Server handler 15 on 43548] ERROR pipeline.PipelinePlacementPolicy (PipelinePlacementPolicy.java:meetCriteria(91)) - Pipeline Placement: Doesn't meet the criteria to be viable node. Heaviness: 6
2019-09-12 11:57:10,463 [IPC Server handler 15 on 43548] ERROR pipeline.PipelinePlacementPolicy (PipelinePlacementPolicy.java:meetCriteria(91)) - Pipeline Placement: Doesn't meet the criteria to be viable node. Heaviness: 6
2019-09-12 11:57:10,463 [IPC Server handler 15 on 43548] ERROR pipeline.PipelinePlacementPolicy (PipelinePlacementPolicy.java:meetCriteria(91)) - Pipeline Placement: Doesn't meet the criteria to be viable node. Heaviness: 6
2019-09-12 11:57:10,464 [IPC Server handler 15 on 43548] ERROR pipeline.PipelinePlacementPolicy (PipelinePlacementPolicy.java:meetCriteria(91)) - Pipeline Placement: Doesn't meet the criteria to be viable node. Heaviness: 6
2019-09-12 11:57:10,464 [IPC Server handler 15 on 43548] ERROR pipeline.PipelinePlacementPolicy (PipelinePlacementPolicy.java:meetCriteria(91)) - Pipeline Placement: Doesn't meet the criteria to be viable node. Heaviness: 6
2019-09-12 11:57:10,464 [IPC Server handler 15 on 43548] ERROR pipeline.PipelinePlacementPolicy (PipelinePlacementPolicy.java:filterViableNodes(146)) - Unable to find enough nodes that meet the criteria that cannot engage in more than 5 pipelines. Nodes required: 3 Found: 0, healthy nodes count inNodeManager: 5.
2019-09-12 11:57:10,464 [IPC Server handler 15 on 43548] ERROR pipeline.SCMPipelineManager (SCMPipelineManager.java:createPipeline(161)) - Pipeline creation failed due to exception: Unable to find enough nodes that meet the criteria that cannot engage in more than 5 pipelines. Nodes required: 3 Found: 0, healthy nodes count inNodeManager: 5.
2019-09-12 11:57:10,464 [IPC Server handler 15 on 43548] WARN  block.BlockManagerImpl (BlockManagerImpl.java:allocateBlock(192)) - Pipeline creation failed for type:RATIS factor:THREE. Retrying get pipelines call once.
org.apache.hadoop.hdds.scm.exceptions.SCMException: Unable to find enough nodes that meet the criteria that cannot engage in more than 5 pipelines. Nodes required: 3 Found: 0, healthy nodes count inNodeManager: 5.
	at org.apache.hadoop.hdds.scm.pipeline.PipelinePlacementPolicy.filterViableNodes(PipelinePlacementPolicy.java:147)
	at org.apache.hadoop.hdds.scm.pipeline.PipelinePlacementPolicy.chooseDatanodes(PipelinePlacementPolicy.java:170)
	at org.apache.hadoop.hdds.scm.pipeline.RatisPipelineProvider.create(RatisPipelineProvider.java:92)
	at org.apache.hadoop.hdds.scm.pipeline.PipelineFactory.create(PipelineFactory.java:57)
	at org.apache.hadoop.hdds.scm.pipeline.SCMPipelineManager.createPipeline(SCMPipelineManager.java:149)
	at org.apache.hadoop.hdds.scm.block.BlockManagerImpl.allocateBlock(BlockManagerImpl.java:190)
	at org.apache.hadoop.hdds.scm.server.SCMBlockProtocolServer.allocateBlock(SCMBlockProtocolServer.java:175)
	at org.apache.hadoop.ozone.protocolPB.ScmBlockLocationProtocolServerSideTranslatorPB.allocateScmBlock(ScmBlockLocationProtocolServerSideTranslatorPB.java:153)
	at org.apache.hadoop.ozone.protocolPB.ScmBlockLocationProtocolServerSideTranslatorPB.send(ScmBlockLocationProtocolServerSideTranslatorPB.java:112)
	at org.apache.hadoop.hdds.protocol.proto.ScmBlockLocationProtocolProtos$ScmBlockLocationProtocolService$2.callBlockingMethod(ScmBlockLocationProtocolProtos.java:13157)
	at org.apache.hadoop.ipc.ProtobufRpcEngine$Server$ProtoBufRpcInvoker.call(ProtobufRpcEngine.java:524)
	at org.apache.hadoop.ipc.RPC$Server.call(RPC.java:1025)
	at org.apache.hadoop.ipc.Server$RpcCall.run(Server.java:876)
	at org.apache.hadoop.ipc.Server$RpcCall.run(Server.java:822)
	at java.security.AccessController.doPrivileged(Native Method)
	at javax.security.auth.Subject.doAs(Subject.java:422)
	at org.apache.hadoop.security.UserGroupInformation.doAs(UserGroupInformation.java:1730)
	at org.apache.hadoop.ipc.Server$Handler.run(Server.java:2682)
2019-09-12 11:57:10,465 [IPC Server handler 15 on 43548] INFO  block.BlockManagerImpl (BlockManagerImpl.java:allocateBlock(198)) - Could not find available pipeline of type:RATIS and factor:THREE even after retrying
2019-09-12 11:57:10,465 [IPC Server handler 15 on 43548] ERROR block.BlockManagerImpl (BlockManagerImpl.java:allocateBlock(222)) - Unable to allocate a block for the size: 4194304, type: RATIS, factor: THREE
2019-09-12 11:57:10,465 [IPC Server handler 15 on 43548] ERROR pipeline.PipelinePlacementPolicy (PipelinePlacementPolicy.java:meetCriteria(91)) - Pipeline Placement: Doesn't meet the criteria to be viable node. Heaviness: 6
2019-09-12 11:57:10,465 [IPC Server handler 15 on 43548] ERROR pipeline.PipelinePlacementPolicy (PipelinePlacementPolicy.java:meetCriteria(91)) - Pipeline Placement: Doesn't meet the criteria to be viable node. Heaviness: 6
2019-09-12 11:57:10,466 [IPC Server handler 15 on 43548] ERROR pipeline.PipelinePlacementPolicy (PipelinePlacementPolicy.java:meetCriteria(91)) - Pipeline Placement: Doesn't meet the criteria to be viable node. Heaviness: 6
2019-09-12 11:57:10,466 [IPC Server handler 15 on 43548] ERROR pipeline.PipelinePlacementPolicy (PipelinePlacementPolicy.java:meetCriteria(91)) - Pipeline Placement: Doesn't meet the criteria to be viable node. Heaviness: 6
2019-09-12 11:57:10,466 [IPC Server handler 15 on 43548] ERROR pipeline.PipelinePlacementPolicy (PipelinePlacementPolicy.java:meetCriteria(91)) - Pipeline Placement: Doesn't meet the criteria to be viable node. Heaviness: 6
2019-09-12 11:57:10,466 [IPC Server handler 15 on 43548] ERROR pipeline.PipelinePlacementPolicy (PipelinePlacementPolicy.java:filterViableNodes(146)) - Unable to find enough nodes that meet the criteria that cannot engage in more than 5 pipelines. Nodes required: 3 Found: 0, healthy nodes count inNodeManager: 5.
2019-09-12 11:57:10,466 [IPC Server handler 15 on 43548] ERROR pipeline.SCMPipelineManager (SCMPipelineManager.java:createPipeline(161)) - Pipeline creation failed due to exception: Unable to find enough nodes that meet the criteria that cannot engage in more than 5 pipelines. Nodes required: 3 Found: 0, healthy nodes count inNodeManager: 5.
2019-09-12 11:57:10,466 [IPC Server handler 15 on 43548] WARN  block.BlockManagerImpl (BlockManagerImpl.java:allocateBlock(192)) - Pipeline creation failed for type:RATIS factor:THREE. Retrying get pipelines call once.
org.apache.hadoop.hdds.scm.exceptions.SCMException: Unable to find enough nodes that meet the criteria that cannot engage in more than 5 pipelines. Nodes required: 3 Found: 0, healthy nodes count inNodeManager: 5.
	at org.apache.hadoop.hdds.scm.pipeline.PipelinePlacementPolicy.filterViableNodes(PipelinePlacementPolicy.java:147)
	at org.apache.hadoop.hdds.scm.pipeline.PipelinePlacementPolicy.chooseDatanodes(PipelinePlacementPolicy.java:170)
	at org.apache.hadoop.hdds.scm.pipeline.RatisPipelineProvider.create(RatisPipelineProvider.java:92)
	at org.apache.hadoop.hdds.scm.pipeline.PipelineFactory.create(PipelineFactory.java:57)
	at org.apache.hadoop.hdds.scm.pipeline.SCMPipelineManager.createPipeline(SCMPipelineManager.java:149)
	at org.apache.hadoop.hdds.scm.block.BlockManagerImpl.allocateBlock(BlockManagerImpl.java:190)
	at org.apache.hadoop.hdds.scm.server.SCMBlockProtocolServer.allocateBlock(SCMBlockProtocolServer.java:175)
	at org.apache.hadoop.ozone.protocolPB.ScmBlockLocationProtocolServerSideTranslatorPB.allocateScmBlock(ScmBlockLocationProtocolServerSideTranslatorPB.java:153)
	at org.apache.hadoop.ozone.protocolPB.ScmBlockLocationProtocolServerSideTranslatorPB.send(ScmBlockLocationProtocolServerSideTranslatorPB.java:112)
	at org.apache.hadoop.hdds.protocol.proto.ScmBlockLocationProtocolProtos$ScmBlockLocationProtocolService$2.callBlockingMethod(ScmBlockLocationProtocolProtos.java:13157)
	at org.apache.hadoop.ipc.ProtobufRpcEngine$Server$ProtoBufRpcInvoker.call(ProtobufRpcEngine.java:524)
	at org.apache.hadoop.ipc.RPC$Server.call(RPC.java:1025)
	at org.apache.hadoop.ipc.Server$RpcCall.run(Server.java:876)
	at org.apache.hadoop.ipc.Server$RpcCall.run(Server.java:822)
	at java.security.AccessController.doPrivileged(Native Method)
	at javax.security.auth.Subject.doAs(Subject.java:422)
	at org.apache.hadoop.security.UserGroupInformation.doAs(UserGroupInformation.java:1730)
	at org.apache.hadoop.ipc.Server$Handler.run(Server.java:2682)
2019-09-12 11:57:10,467 [IPC Server handler 15 on 43548] INFO  block.BlockManagerImpl (BlockManagerImpl.java:allocateBlock(198)) - Could not find available pipeline of type:RATIS and factor:THREE even after retrying
2019-09-12 11:57:10,467 [IPC Server handler 15 on 43548] ERROR block.BlockManagerImpl (BlockManagerImpl.java:allocateBlock(222)) - Unable to allocate a block for the size: 4194304, type: RATIS, factor: THREE
2019-09-12 11:57:10,467 [IPC Server handler 15 on 43548] ERROR pipeline.PipelinePlacementPolicy (PipelinePlacementPolicy.java:meetCriteria(91)) - Pipeline Placement: Doesn't meet the criteria to be viable node. Heaviness: 6
2019-09-12 11:57:10,467 [IPC Server handler 15 on 43548] ERROR pipeline.PipelinePlacementPolicy (PipelinePlacementPolicy.java:meetCriteria(91)) - Pipeline Placement: Doesn't meet the criteria to be viable node. Heaviness: 6
2019-09-12 11:57:10,468 [IPC Server handler 15 on 43548] ERROR pipeline.PipelinePlacementPolicy (PipelinePlacementPolicy.java:meetCriteria(91)) - Pipeline Placement: Doesn't meet the criteria to be viable node. Heaviness: 6
2019-09-12 11:57:10,468 [IPC Server handler 15 on 43548] ERROR pipeline.PipelinePlacementPolicy (PipelinePlacementPolicy.java:meetCriteria(91)) - Pipeline Placement: Doesn't meet the criteria to be viable node. Heaviness: 6
2019-09-12 11:57:10,468 [IPC Server handler 15 on 43548] ERROR pipeline.PipelinePlacementPolicy (PipelinePlacementPolicy.java:meetCriteria(91)) - Pipeline Placement: Doesn't meet the criteria to be viable node. Heaviness: 6
2019-09-12 11:57:10,468 [IPC Server handler 15 on 43548] ERROR pipeline.PipelinePlacementPolicy (PipelinePlacementPolicy.java:filterViableNodes(146)) - Unable to find enough nodes that meet the criteria that cannot engage in more than 5 pipelines. Nodes required: 3 Found: 0, healthy nodes count inNodeManager: 5.
2019-09-12 11:57:10,468 [IPC Server handler 15 on 43548] ERROR pipeline.SCMPipelineManager (SCMPipelineManager.java:createPipeline(161)) - Pipeline creation failed due to exception: Unable to find enough nodes that meet the criteria that cannot engage in more than 5 pipelines. Nodes required: 3 Found: 0, healthy nodes count inNodeManager: 5.
2019-09-12 11:57:10,468 [IPC Server handler 15 on 43548] WARN  block.BlockManagerImpl (BlockManagerImpl.java:allocateBlock(192)) - Pipeline creation failed for type:RATIS factor:THREE. Retrying get pipelines call once.
org.apache.hadoop.hdds.scm.exceptions.SCMException: Unable to find enough nodes that meet the criteria that cannot engage in more than 5 pipelines. Nodes required: 3 Found: 0, healthy nodes count inNodeManager: 5.
	at org.apache.hadoop.hdds.scm.pipeline.PipelinePlacementPolicy.filterViableNodes(PipelinePlacementPolicy.java:147)
	at org.apache.hadoop.hdds.scm.pipeline.PipelinePlacementPolicy.chooseDatanodes(PipelinePlacementPolicy.java:170)
	at org.apache.hadoop.hdds.scm.pipeline.RatisPipelineProvider.create(RatisPipelineProvider.java:92)
	at org.apache.hadoop.hdds.scm.pipeline.PipelineFactory.create(PipelineFactory.java:57)
	at org.apache.hadoop.hdds.scm.pipeline.SCMPipelineManager.createPipeline(SCMPipelineManager.java:149)
	at org.apache.hadoop.hdds.scm.block.BlockManagerImpl.allocateBlock(BlockManagerImpl.java:190)
	at org.apache.hadoop.hdds.scm.server.SCMBlockProtocolServer.allocateBlock(SCMBlockProtocolServer.java:175)
	at org.apache.hadoop.ozone.protocolPB.ScmBlockLocationProtocolServerSideTranslatorPB.allocateScmBlock(ScmBlockLocationProtocolServerSideTranslatorPB.java:153)
	at org.apache.hadoop.ozone.protocolPB.ScmBlockLocationProtocolServerSideTranslatorPB.send(ScmBlockLocationProtocolServerSideTranslatorPB.java:112)
	at org.apache.hadoop.hdds.protocol.proto.ScmBlockLocationProtocolProtos$ScmBlockLocationProtocolService$2.callBlockingMethod(ScmBlockLocationProtocolProtos.java:13157)
	at org.apache.hadoop.ipc.ProtobufRpcEngine$Server$ProtoBufRpcInvoker.call(ProtobufRpcEngine.java:524)
	at org.apache.hadoop.ipc.RPC$Server.call(RPC.java:1025)
	at org.apache.hadoop.ipc.Server$RpcCall.run(Server.java:876)
	at org.apache.hadoop.ipc.Server$RpcCall.run(Server.java:822)
	at java.security.AccessController.doPrivileged(Native Method)
	at javax.security.auth.Subject.doAs(Subject.java:422)
	at org.apache.hadoop.security.UserGroupInformation.doAs(UserGroupInformation.java:1730)
	at org.apache.hadoop.ipc.Server$Handler.run(Server.java:2682)
2019-09-12 11:57:10,469 [IPC Server handler 15 on 43548] INFO  block.BlockManagerImpl (BlockManagerImpl.java:allocateBlock(198)) - Could not find available pipeline of type:RATIS and factor:THREE even after retrying
2019-09-12 11:57:10,469 [IPC Server handler 15 on 43548] ERROR block.BlockManagerImpl (BlockManagerImpl.java:allocateBlock(222)) - Unable to allocate a block for the size: 4194304, type: RATIS, factor: THREE
2019-09-12 11:57:10,469 [IPC Server handler 15 on 43548] ERROR pipeline.PipelinePlacementPolicy (PipelinePlacementPolicy.java:meetCriteria(91)) - Pipeline Placement: Doesn't meet the criteria to be viable node. Heaviness: 6
2019-09-12 11:57:10,469 [IPC Server handler 15 on 43548] ERROR pipeline.PipelinePlacementPolicy (PipelinePlacementPolicy.java:meetCriteria(91)) - Pipeline Placement: Doesn't meet the criteria to be viable node. Heaviness: 6
2019-09-12 11:57:10,470 [IPC Server handler 15 on 43548] ERROR pipeline.PipelinePlacementPolicy (PipelinePlacementPolicy.java:meetCriteria(91)) - Pipeline Placement: Doesn't meet the criteria to be viable node. Heaviness: 6
2019-09-12 11:57:10,470 [IPC Server handler 15 on 43548] ERROR pipeline.PipelinePlacementPolicy (PipelinePlacementPolicy.java:meetCriteria(91)) - Pipeline Placement: Doesn't meet the criteria to be viable node. Heaviness: 6
2019-09-12 11:57:10,470 [IPC Server handler 15 on 43548] ERROR pipeline.PipelinePlacementPolicy (PipelinePlacementPolicy.java:meetCriteria(91)) - Pipeline Placement: Doesn't meet the criteria to be viable node. Heaviness: 6
2019-09-12 11:57:10,470 [IPC Server handler 15 on 43548] ERROR pipeline.PipelinePlacementPolicy (PipelinePlacementPolicy.java:filterViableNodes(146)) - Unable to find enough nodes that meet the criteria that cannot engage in more than 5 pipelines. Nodes required: 3 Found: 0, healthy nodes count inNodeManager: 5.
2019-09-12 11:57:10,470 [IPC Server handler 15 on 43548] ERROR pipeline.SCMPipelineManager (SCMPipelineManager.java:createPipeline(161)) - Pipeline creation failed due to exception: Unable to find enough nodes that meet the criteria that cannot engage in more than 5 pipelines. Nodes required: 3 Found: 0, healthy nodes count inNodeManager: 5.
2019-09-12 11:57:10,471 [IPC Server handler 15 on 43548] WARN  block.BlockManagerImpl (BlockManagerImpl.java:allocateBlock(192)) - Pipeline creation failed for type:RATIS factor:THREE. Retrying get pipelines call once.
org.apache.hadoop.hdds.scm.exceptions.SCMException: Unable to find enough nodes that meet the criteria that cannot engage in more than 5 pipelines. Nodes required: 3 Found: 0, healthy nodes count inNodeManager: 5.
	at org.apache.hadoop.hdds.scm.pipeline.PipelinePlacementPolicy.filterViableNodes(PipelinePlacementPolicy.java:147)
	at org.apache.hadoop.hdds.scm.pipeline.PipelinePlacementPolicy.chooseDatanodes(PipelinePlacementPolicy.java:170)
	at org.apache.hadoop.hdds.scm.pipeline.RatisPipelineProvider.create(RatisPipelineProvider.java:92)
	at org.apache.hadoop.hdds.scm.pipeline.PipelineFactory.create(PipelineFactory.java:57)
	at org.apache.hadoop.hdds.scm.pipeline.SCMPipelineManager.createPipeline(SCMPipelineManager.java:149)
	at org.apache.hadoop.hdds.scm.block.BlockManagerImpl.allocateBlock(BlockManagerImpl.java:190)
	at org.apache.hadoop.hdds.scm.server.SCMBlockProtocolServer.allocateBlock(SCMBlockProtocolServer.java:175)
	at org.apache.hadoop.ozone.protocolPB.ScmBlockLocationProtocolServerSideTranslatorPB.allocateScmBlock(ScmBlockLocationProtocolServerSideTranslatorPB.java:153)
	at org.apache.hadoop.ozone.protocolPB.ScmBlockLocationProtocolServerSideTranslatorPB.send(ScmBlockLocationProtocolServerSideTranslatorPB.java:112)
	at org.apache.hadoop.hdds.protocol.proto.ScmBlockLocationProtocolProtos$ScmBlockLocationProtocolService$2.callBlockingMethod(ScmBlockLocationProtocolProtos.java:13157)
	at org.apache.hadoop.ipc.ProtobufRpcEngine$Server$ProtoBufRpcInvoker.call(ProtobufRpcEngine.java:524)
	at org.apache.hadoop.ipc.RPC$Server.call(RPC.java:1025)
	at org.apache.hadoop.ipc.Server$RpcCall.run(Server.java:876)
	at org.apache.hadoop.ipc.Server$RpcCall.run(Server.java:822)
	at java.security.AccessController.doPrivileged(Native Method)
	at javax.security.auth.Subject.doAs(Subject.java:422)
	at org.apache.hadoop.security.UserGroupInformation.doAs(UserGroupInformation.java:1730)
	at org.apache.hadoop.ipc.Server$Handler.run(Server.java:2682)
2019-09-12 11:57:10,471 [IPC Server handler 15 on 43548] INFO  block.BlockManagerImpl (BlockManagerImpl.java:allocateBlock(198)) - Could not find available pipeline of type:RATIS and factor:THREE even after retrying
2019-09-12 11:57:10,471 [IPC Server handler 15 on 43548] ERROR block.BlockManagerImpl (BlockManagerImpl.java:allocateBlock(222)) - Unable to allocate a block for the size: 4194304, type: RATIS, factor: THREE
2019-09-12 11:57:10,471 [IPC Server handler 15 on 43548] ERROR pipeline.PipelinePlacementPolicy (PipelinePlacementPolicy.java:meetCriteria(91)) - Pipeline Placement: Doesn't meet the criteria to be viable node. Heaviness: 6
2019-09-12 11:57:10,472 [IPC Server handler 15 on 43548] ERROR pipeline.PipelinePlacementPolicy (PipelinePlacementPolicy.java:meetCriteria(91)) - Pipeline Placement: Doesn't meet the criteria to be viable node. Heaviness: 6
2019-09-12 11:57:10,472 [IPC Server handler 15 on 43548] ERROR pipeline.PipelinePlacementPolicy (PipelinePlacementPolicy.java:meetCriteria(91)) - Pipeline Placement: Doesn't meet the criteria to be viable node. Heaviness: 6
2019-09-12 11:57:10,472 [IPC Server handler 15 on 43548] ERROR pipeline.PipelinePlacementPolicy (PipelinePlacementPolicy.java:meetCriteria(91)) - Pipeline Placement: Doesn't meet the criteria to be viable node. Heaviness: 6
2019-09-12 11:57:10,472 [IPC Server handler 15 on 43548] ERROR pipeline.PipelinePlacementPolicy (PipelinePlacementPolicy.java:meetCriteria(91)) - Pipeline Placement: Doesn't meet the criteria to be viable node. Heaviness: 6
2019-09-12 11:57:10,472 [IPC Server handler 15 on 43548] ERROR pipeline.PipelinePlacementPolicy (PipelinePlacementPolicy.java:filterViableNodes(146)) - Unable to find enough nodes that meet the criteria that cannot engage in more than 5 pipelines. Nodes required: 3 Found: 0, healthy nodes count inNodeManager: 5.
2019-09-12 11:57:10,473 [IPC Server handler 15 on 43548] ERROR pipeline.SCMPipelineManager (SCMPipelineManager.java:createPipeline(161)) - Pipeline creation failed due to exception: Unable to find enough nodes that meet the criteria that cannot engage in more than 5 pipelines. Nodes required: 3 Found: 0, healthy nodes count inNodeManager: 5.
2019-09-12 11:57:10,473 [IPC Server handler 15 on 43548] WARN  block.BlockManagerImpl (BlockManagerImpl.java:allocateBlock(192)) - Pipeline creation failed for type:RATIS factor:THREE. Retrying get pipelines call once.
org.apache.hadoop.hdds.scm.exceptions.SCMException: Unable to find enough nodes that meet the criteria that cannot engage in more than 5 pipelines. Nodes required: 3 Found: 0, healthy nodes count inNodeManager: 5.
	at org.apache.hadoop.hdds.scm.pipeline.PipelinePlacementPolicy.filterViableNodes(PipelinePlacementPolicy.java:147)
	at org.apache.hadoop.hdds.scm.pipeline.PipelinePlacementPolicy.chooseDatanodes(PipelinePlacementPolicy.java:170)
	at org.apache.hadoop.hdds.scm.pipeline.RatisPipelineProvider.create(RatisPipelineProvider.java:92)
	at org.apache.hadoop.hdds.scm.pipeline.PipelineFactory.create(PipelineFactory.java:57)
	at org.apache.hadoop.hdds.scm.pipeline.SCMPipelineManager.createPipeline(SCMPipelineManager.java:149)
	at org.apache.hadoop.hdds.scm.block.BlockManagerImpl.allocateBlock(BlockManagerImpl.java:190)
	at org.apache.hadoop.hdds.scm.server.SCMBlockProtocolServer.allocateBlock(SCMBlockProtocolServer.java:175)
	at org.apache.hadoop.ozone.protocolPB.ScmBlockLocationProtocolServerSideTranslatorPB.allocateScmBlock(ScmBlockLocationProtocolServerSideTranslatorPB.java:153)
	at org.apache.hadoop.ozone.protocolPB.ScmBlockLocationProtocolServerSideTranslatorPB.send(ScmBlockLocationProtocolServerSideTranslatorPB.java:112)
	at org.apache.hadoop.hdds.protocol.proto.ScmBlockLocationProtocolProtos$ScmBlockLocationProtocolService$2.callBlockingMethod(ScmBlockLocationProtocolProtos.java:13157)
	at org.apache.hadoop.ipc.ProtobufRpcEngine$Server$ProtoBufRpcInvoker.call(ProtobufRpcEngine.java:524)
	at org.apache.hadoop.ipc.RPC$Server.call(RPC.java:1025)
	at org.apache.hadoop.ipc.Server$RpcCall.run(Server.java:876)
	at org.apache.hadoop.ipc.Server$RpcCall.run(Server.java:822)
	at java.security.AccessController.doPrivileged(Native Method)
	at javax.security.auth.Subject.doAs(Subject.java:422)
	at org.apache.hadoop.security.UserGroupInformation.doAs(UserGroupInformation.java:1730)
	at org.apache.hadoop.ipc.Server$Handler.run(Server.java:2682)
2019-09-12 11:57:10,473 [IPC Server handler 15 on 43548] INFO  block.BlockManagerImpl (BlockManagerImpl.java:allocateBlock(198)) - Could not find available pipeline of type:RATIS and factor:THREE even after retrying
2019-09-12 11:57:10,473 [IPC Server handler 15 on 43548] ERROR block.BlockManagerImpl (BlockManagerImpl.java:allocateBlock(222)) - Unable to allocate a block for the size: 4194304, type: RATIS, factor: THREE
2019-09-12 11:57:10,474 [IPC Server handler 15 on 43548] ERROR pipeline.PipelinePlacementPolicy (PipelinePlacementPolicy.java:meetCriteria(91)) - Pipeline Placement: Doesn't meet the criteria to be viable node. Heaviness: 6
2019-09-12 11:57:10,474 [IPC Server handler 15 on 43548] ERROR pipeline.PipelinePlacementPolicy (PipelinePlacementPolicy.java:meetCriteria(91)) - Pipeline Placement: Doesn't meet the criteria to be viable node. Heaviness: 6
2019-09-12 11:57:10,474 [IPC Server handler 15 on 43548] ERROR pipeline.PipelinePlacementPolicy (PipelinePlacementPolicy.java:meetCriteria(91)) - Pipeline Placement: Doesn't meet the criteria to be viable node. Heaviness: 6
2019-09-12 11:57:10,474 [IPC Server handler 15 on 43548] ERROR pipeline.PipelinePlacementPolicy (PipelinePlacementPolicy.java:meetCriteria(91)) - Pipeline Placement: Doesn't meet the criteria to be viable node. Heaviness: 6
2019-09-12 11:57:10,474 [IPC Server handler 15 on 43548] ERROR pipeline.PipelinePlacementPolicy (PipelinePlacementPolicy.java:meetCriteria(91)) - Pipeline Placement: Doesn't meet the criteria to be viable node. Heaviness: 6
2019-09-12 11:57:10,475 [IPC Server handler 15 on 43548] ERROR pipeline.PipelinePlacementPolicy (PipelinePlacementPolicy.java:filterViableNodes(146)) - Unable to find enough nodes that meet the criteria that cannot engage in more than 5 pipelines. Nodes required: 3 Found: 0, healthy nodes count inNodeManager: 5.
2019-09-12 11:57:10,475 [IPC Server handler 15 on 43548] ERROR pipeline.SCMPipelineManager (SCMPipelineManager.java:createPipeline(161)) - Pipeline creation failed due to exception: Unable to find enough nodes that meet the criteria that cannot engage in more than 5 pipelines. Nodes required: 3 Found: 0, healthy nodes count inNodeManager: 5.
2019-09-12 11:57:10,475 [IPC Server handler 15 on 43548] WARN  block.BlockManagerImpl (BlockManagerImpl.java:allocateBlock(192)) - Pipeline creation failed for type:RATIS factor:THREE. Retrying get pipelines call once.
org.apache.hadoop.hdds.scm.exceptions.SCMException: Unable to find enough nodes that meet the criteria that cannot engage in more than 5 pipelines. Nodes required: 3 Found: 0, healthy nodes count inNodeManager: 5.
	at org.apache.hadoop.hdds.scm.pipeline.PipelinePlacementPolicy.filterViableNodes(PipelinePlacementPolicy.java:147)
	at org.apache.hadoop.hdds.scm.pipeline.PipelinePlacementPolicy.chooseDatanodes(PipelinePlacementPolicy.java:170)
	at org.apache.hadoop.hdds.scm.pipeline.RatisPipelineProvider.create(RatisPipelineProvider.java:92)
	at org.apache.hadoop.hdds.scm.pipeline.PipelineFactory.create(PipelineFactory.java:57)
	at org.apache.hadoop.hdds.scm.pipeline.SCMPipelineManager.createPipeline(SCMPipelineManager.java:149)
	at org.apache.hadoop.hdds.scm.block.BlockManagerImpl.allocateBlock(BlockManagerImpl.java:190)
	at org.apache.hadoop.hdds.scm.server.SCMBlockProtocolServer.allocateBlock(SCMBlockProtocolServer.java:175)
	at org.apache.hadoop.ozone.protocolPB.ScmBlockLocationProtocolServerSideTranslatorPB.allocateScmBlock(ScmBlockLocationProtocolServerSideTranslatorPB.java:153)
	at org.apache.hadoop.ozone.protocolPB.ScmBlockLocationProtocolServerSideTranslatorPB.send(ScmBlockLocationProtocolServerSideTranslatorPB.java:112)
	at org.apache.hadoop.hdds.protocol.proto.ScmBlockLocationProtocolProtos$ScmBlockLocationProtocolService$2.callBlockingMethod(ScmBlockLocationProtocolProtos.java:13157)
	at org.apache.hadoop.ipc.ProtobufRpcEngine$Server$ProtoBufRpcInvoker.call(ProtobufRpcEngine.java:524)
	at org.apache.hadoop.ipc.RPC$Server.call(RPC.java:1025)
	at org.apache.hadoop.ipc.Server$RpcCall.run(Server.java:876)
	at org.apache.hadoop.ipc.Server$RpcCall.run(Server.java:822)
	at java.security.AccessController.doPrivileged(Native Method)
	at javax.security.auth.Subject.doAs(Subject.java:422)
	at org.apache.hadoop.security.UserGroupInformation.doAs(UserGroupInformation.java:1730)
	at org.apache.hadoop.ipc.Server$Handler.run(Server.java:2682)
2019-09-12 11:57:10,475 [IPC Server handler 15 on 43548] INFO  block.BlockManagerImpl (BlockManagerImpl.java:allocateBlock(198)) - Could not find available pipeline of type:RATIS and factor:THREE even after retrying
2019-09-12 11:57:10,476 [IPC Server handler 15 on 43548] ERROR block.BlockManagerImpl (BlockManagerImpl.java:allocateBlock(222)) - Unable to allocate a block for the size: 4194304, type: RATIS, factor: THREE
2019-09-12 11:57:10,476 [IPC Server handler 15 on 43548] ERROR pipeline.PipelinePlacementPolicy (PipelinePlacementPolicy.java:meetCriteria(91)) - Pipeline Placement: Doesn't meet the criteria to be viable node. Heaviness: 6
2019-09-12 11:57:10,476 [IPC Server handler 15 on 43548] ERROR pipeline.PipelinePlacementPolicy (PipelinePlacementPolicy.java:meetCriteria(91)) - Pipeline Placement: Doesn't meet the criteria to be viable node. Heaviness: 6
2019-09-12 11:57:10,476 [IPC Server handler 15 on 43548] ERROR pipeline.PipelinePlacementPolicy (PipelinePlacementPolicy.java:meetCriteria(91)) - Pipeline Placement: Doesn't meet the criteria to be viable node. Heaviness: 6
2019-09-12 11:57:10,476 [IPC Server handler 15 on 43548] ERROR pipeline.PipelinePlacementPolicy (PipelinePlacementPolicy.java:meetCriteria(91)) - Pipeline Placement: Doesn't meet the criteria to be viable node. Heaviness: 6
2019-09-12 11:57:10,477 [IPC Server handler 15 on 43548] ERROR pipeline.PipelinePlacementPolicy (PipelinePlacementPolicy.java:meetCriteria(91)) - Pipeline Placement: Doesn't meet the criteria to be viable node. Heaviness: 6
2019-09-12 11:57:10,477 [IPC Server handler 15 on 43548] ERROR pipeline.PipelinePlacementPolicy (PipelinePlacementPolicy.java:filterViableNodes(146)) - Unable to find enough nodes that meet the criteria that cannot engage in more than 5 pipelines. Nodes required: 3 Found: 0, healthy nodes count inNodeManager: 5.
2019-09-12 11:57:10,477 [IPC Server handler 15 on 43548] ERROR pipeline.SCMPipelineManager (SCMPipelineManager.java:createPipeline(161)) - Pipeline creation failed due to exception: Unable to find enough nodes that meet the criteria that cannot engage in more than 5 pipelines. Nodes required: 3 Found: 0, healthy nodes count inNodeManager: 5.
2019-09-12 11:57:10,477 [IPC Server handler 15 on 43548] WARN  block.BlockManagerImpl (BlockManagerImpl.java:allocateBlock(192)) - Pipeline creation failed for type:RATIS factor:THREE. Retrying get pipelines call once.
org.apache.hadoop.hdds.scm.exceptions.SCMException: Unable to find enough nodes that meet the criteria that cannot engage in more than 5 pipelines. Nodes required: 3 Found: 0, healthy nodes count inNodeManager: 5.
	at org.apache.hadoop.hdds.scm.pipeline.PipelinePlacementPolicy.filterViableNodes(PipelinePlacementPolicy.java:147)
	at org.apache.hadoop.hdds.scm.pipeline.PipelinePlacementPolicy.chooseDatanodes(PipelinePlacementPolicy.java:170)
	at org.apache.hadoop.hdds.scm.pipeline.RatisPipelineProvider.create(RatisPipelineProvider.java:92)
	at org.apache.hadoop.hdds.scm.pipeline.PipelineFactory.create(PipelineFactory.java:57)
	at org.apache.hadoop.hdds.scm.pipeline.SCMPipelineManager.createPipeline(SCMPipelineManager.java:149)
	at org.apache.hadoop.hdds.scm.block.BlockManagerImpl.allocateBlock(BlockManagerImpl.java:190)
	at org.apache.hadoop.hdds.scm.server.SCMBlockProtocolServer.allocateBlock(SCMBlockProtocolServer.java:175)
	at org.apache.hadoop.ozone.protocolPB.ScmBlockLocationProtocolServerSideTranslatorPB.allocateScmBlock(ScmBlockLocationProtocolServerSideTranslatorPB.java:153)
	at org.apache.hadoop.ozone.protocolPB.ScmBlockLocationProtocolServerSideTranslatorPB.send(ScmBlockLocationProtocolServerSideTranslatorPB.java:112)
	at org.apache.hadoop.hdds.protocol.proto.ScmBlockLocationProtocolProtos$ScmBlockLocationProtocolService$2.callBlockingMethod(ScmBlockLocationProtocolProtos.java:13157)
	at org.apache.hadoop.ipc.ProtobufRpcEngine$Server$ProtoBufRpcInvoker.call(ProtobufRpcEngine.java:524)
	at org.apache.hadoop.ipc.RPC$Server.call(RPC.java:1025)
	at org.apache.hadoop.ipc.Server$RpcCall.run(Server.java:876)
	at org.apache.hadoop.ipc.Server$RpcCall.run(Server.java:822)
	at java.security.AccessController.doPrivileged(Native Method)
	at javax.security.auth.Subject.doAs(Subject.java:422)
	at org.apache.hadoop.security.UserGroupInformation.doAs(UserGroupInformation.java:1730)
	at org.apache.hadoop.ipc.Server$Handler.run(Server.java:2682)
2019-09-12 11:57:10,478 [IPC Server handler 15 on 43548] INFO  block.BlockManagerImpl (BlockManagerImpl.java:allocateBlock(198)) - Could not find available pipeline of type:RATIS and factor:THREE even after retrying
2019-09-12 11:57:10,478 [IPC Server handler 15 on 43548] ERROR block.BlockManagerImpl (BlockManagerImpl.java:allocateBlock(222)) - Unable to allocate a block for the size: 4194304, type: RATIS, factor: THREE
2019-09-12 11:57:10,478 [IPC Server handler 15 on 43548] ERROR pipeline.PipelinePlacementPolicy (PipelinePlacementPolicy.java:meetCriteria(91)) - Pipeline Placement: Doesn't meet the criteria to be viable node. Heaviness: 6
2019-09-12 11:57:10,478 [IPC Server handler 15 on 43548] ERROR pipeline.PipelinePlacementPolicy (PipelinePlacementPolicy.java:meetCriteria(91)) - Pipeline Placement: Doesn't meet the criteria to be viable node. Heaviness: 6
2019-09-12 11:57:10,478 [IPC Server handler 15 on 43548] ERROR pipeline.PipelinePlacementPolicy (PipelinePlacementPolicy.java:meetCriteria(91)) - Pipeline Placement: Doesn't meet the criteria to be viable node. Heaviness: 6
2019-09-12 11:57:10,478 [IPC Server handler 15 on 43548] ERROR pipeline.PipelinePlacementPolicy (PipelinePlacementPolicy.java:meetCriteria(91)) - Pipeline Placement: Doesn't meet the criteria to be viable node. Heaviness: 6
2019-09-12 11:57:10,479 [IPC Server handler 15 on 43548] ERROR pipeline.PipelinePlacementPolicy (PipelinePlacementPolicy.java:meetCriteria(91)) - Pipeline Placement: Doesn't meet the criteria to be viable node. Heaviness: 6
2019-09-12 11:57:10,479 [IPC Server handler 15 on 43548] ERROR pipeline.PipelinePlacementPolicy (PipelinePlacementPolicy.java:filterViableNodes(146)) - Unable to find enough nodes that meet the criteria that cannot engage in more than 5 pipelines. Nodes required: 3 Found: 0, healthy nodes count inNodeManager: 5.
2019-09-12 11:57:10,479 [IPC Server handler 15 on 43548] ERROR pipeline.SCMPipelineManager (SCMPipelineManager.java:createPipeline(161)) - Pipeline creation failed due to exception: Unable to find enough nodes that meet the criteria that cannot engage in more than 5 pipelines. Nodes required: 3 Found: 0, healthy nodes count inNodeManager: 5.
2019-09-12 11:57:10,479 [IPC Server handler 15 on 43548] WARN  block.BlockManagerImpl (BlockManagerImpl.java:allocateBlock(192)) - Pipeline creation failed for type:RATIS factor:THREE. Retrying get pipelines call once.
org.apache.hadoop.hdds.scm.exceptions.SCMException: Unable to find enough nodes that meet the criteria that cannot engage in more than 5 pipelines. Nodes required: 3 Found: 0, healthy nodes count inNodeManager: 5.
	at org.apache.hadoop.hdds.scm.pipeline.PipelinePlacementPolicy.filterViableNodes(PipelinePlacementPolicy.java:147)
	at org.apache.hadoop.hdds.scm.pipeline.PipelinePlacementPolicy.chooseDatanodes(PipelinePlacementPolicy.java:170)
	at org.apache.hadoop.hdds.scm.pipeline.RatisPipelineProvider.create(RatisPipelineProvider.java:92)
	at org.apache.hadoop.hdds.scm.pipeline.PipelineFactory.create(PipelineFactory.java:57)
	at org.apache.hadoop.hdds.scm.pipeline.SCMPipelineManager.createPipeline(SCMPipelineManager.java:149)
	at org.apache.hadoop.hdds.scm.block.BlockManagerImpl.allocateBlock(BlockManagerImpl.java:190)
	at org.apache.hadoop.hdds.scm.server.SCMBlockProtocolServer.allocateBlock(SCMBlockProtocolServer.java:175)
	at org.apache.hadoop.ozone.protocolPB.ScmBlockLocationProtocolServerSideTranslatorPB.allocateScmBlock(ScmBlockLocationProtocolServerSideTranslatorPB.java:153)
	at org.apache.hadoop.ozone.protocolPB.ScmBlockLocationProtocolServerSideTranslatorPB.send(ScmBlockLocationProtocolServerSideTranslatorPB.java:112)
	at org.apache.hadoop.hdds.protocol.proto.ScmBlockLocationProtocolProtos$ScmBlockLocationProtocolService$2.callBlockingMethod(ScmBlockLocationProtocolProtos.java:13157)
	at org.apache.hadoop.ipc.ProtobufRpcEngine$Server$ProtoBufRpcInvoker.call(ProtobufRpcEngine.java:524)
	at org.apache.hadoop.ipc.RPC$Server.call(RPC.java:1025)
	at org.apache.hadoop.ipc.Server$RpcCall.run(Server.java:876)
	at org.apache.hadoop.ipc.Server$RpcCall.run(Server.java:822)
	at java.security.AccessController.doPrivileged(Native Method)
	at javax.security.auth.Subject.doAs(Subject.java:422)
	at org.apache.hadoop.security.UserGroupInformation.doAs(UserGroupInformation.java:1730)
	at org.apache.hadoop.ipc.Server$Handler.run(Server.java:2682)
2019-09-12 11:57:10,480 [IPC Server handler 15 on 43548] INFO  block.BlockManagerImpl (BlockManagerImpl.java:allocateBlock(198)) - Could not find available pipeline of type:RATIS and factor:THREE even after retrying
2019-09-12 11:57:10,480 [IPC Server handler 15 on 43548] ERROR block.BlockManagerImpl (BlockManagerImpl.java:allocateBlock(222)) - Unable to allocate a block for the size: 4194304, type: RATIS, factor: THREE
2019-09-12 11:57:10,480 [IPC Server handler 15 on 43548] ERROR pipeline.PipelinePlacementPolicy (PipelinePlacementPolicy.java:meetCriteria(91)) - Pipeline Placement: Doesn't meet the criteria to be viable node. Heaviness: 6
2019-09-12 11:57:10,480 [IPC Server handler 15 on 43548] ERROR pipeline.PipelinePlacementPolicy (PipelinePlacementPolicy.java:meetCriteria(91)) - Pipeline Placement: Doesn't meet the criteria to be viable node. Heaviness: 6
2019-09-12 11:57:10,480 [IPC Server handler 15 on 43548] ERROR pipeline.PipelinePlacementPolicy (PipelinePlacementPolicy.java:meetCriteria(91)) - Pipeline Placement: Doesn't meet the criteria to be viable node. Heaviness: 6
2019-09-12 11:57:10,480 [IPC Server handler 15 on 43548] ERROR pipeline.PipelinePlacementPolicy (PipelinePlacementPolicy.java:meetCriteria(91)) - Pipeline Placement: Doesn't meet the criteria to be viable node. Heaviness: 6
2019-09-12 11:57:10,481 [IPC Server handler 15 on 43548] ERROR pipeline.PipelinePlacementPolicy (PipelinePlacementPolicy.java:meetCriteria(91)) - Pipeline Placement: Doesn't meet the criteria to be viable node. Heaviness: 6
2019-09-12 11:57:10,481 [IPC Server handler 15 on 43548] ERROR pipeline.PipelinePlacementPolicy (PipelinePlacementPolicy.java:filterViableNodes(146)) - Unable to find enough nodes that meet the criteria that cannot engage in more than 5 pipelines. Nodes required: 3 Found: 0, healthy nodes count inNodeManager: 5.
2019-09-12 11:57:10,481 [IPC Server handler 15 on 43548] ERROR pipeline.SCMPipelineManager (SCMPipelineManager.java:createPipeline(161)) - Pipeline creation failed due to exception: Unable to find enough nodes that meet the criteria that cannot engage in more than 5 pipelines. Nodes required: 3 Found: 0, healthy nodes count inNodeManager: 5.
2019-09-12 11:57:10,481 [IPC Server handler 15 on 43548] WARN  block.BlockManagerImpl (BlockManagerImpl.java:allocateBlock(192)) - Pipeline creation failed for type:RATIS factor:THREE. Retrying get pipelines call once.
org.apache.hadoop.hdds.scm.exceptions.SCMException: Unable to find enough nodes that meet the criteria that cannot engage in more than 5 pipelines. Nodes required: 3 Found: 0, healthy nodes count inNodeManager: 5.
	at org.apache.hadoop.hdds.scm.pipeline.PipelinePlacementPolicy.filterViableNodes(PipelinePlacementPolicy.java:147)
	at org.apache.hadoop.hdds.scm.pipeline.PipelinePlacementPolicy.chooseDatanodes(PipelinePlacementPolicy.java:170)
	at org.apache.hadoop.hdds.scm.pipeline.RatisPipelineProvider.create(RatisPipelineProvider.java:92)
	at org.apache.hadoop.hdds.scm.pipeline.PipelineFactory.create(PipelineFactory.java:57)
	at org.apache.hadoop.hdds.scm.pipeline.SCMPipelineManager.createPipeline(SCMPipelineManager.java:149)
	at org.apache.hadoop.hdds.scm.block.BlockManagerImpl.allocateBlock(BlockManagerImpl.java:190)
	at org.apache.hadoop.hdds.scm.server.SCMBlockProtocolServer.allocateBlock(SCMBlockProtocolServer.java:175)
	at org.apache.hadoop.ozone.protocolPB.ScmBlockLocationProtocolServerSideTranslatorPB.allocateScmBlock(ScmBlockLocationProtocolServerSideTranslatorPB.java:153)
	at org.apache.hadoop.ozone.protocolPB.ScmBlockLocationProtocolServerSideTranslatorPB.send(ScmBlockLocationProtocolServerSideTranslatorPB.java:112)
	at org.apache.hadoop.hdds.protocol.proto.ScmBlockLocationProtocolProtos$ScmBlockLocationProtocolService$2.callBlockingMethod(ScmBlockLocationProtocolProtos.java:13157)
	at org.apache.hadoop.ipc.ProtobufRpcEngine$Server$ProtoBufRpcInvoker.call(ProtobufRpcEngine.java:524)
	at org.apache.hadoop.ipc.RPC$Server.call(RPC.java:1025)
	at org.apache.hadoop.ipc.Server$RpcCall.run(Server.java:876)
	at org.apache.hadoop.ipc.Server$RpcCall.run(Server.java:822)
	at java.security.AccessController.doPrivileged(Native Method)
	at javax.security.auth.Subject.doAs(Subject.java:422)
	at org.apache.hadoop.security.UserGroupInformation.doAs(UserGroupInformation.java:1730)
	at org.apache.hadoop.ipc.Server$Handler.run(Server.java:2682)
2019-09-12 11:57:10,482 [IPC Server handler 15 on 43548] INFO  block.BlockManagerImpl (BlockManagerImpl.java:allocateBlock(198)) - Could not find available pipeline of type:RATIS and factor:THREE even after retrying
2019-09-12 11:57:10,482 [IPC Server handler 15 on 43548] ERROR block.BlockManagerImpl (BlockManagerImpl.java:allocateBlock(222)) - Unable to allocate a block for the size: 4194304, type: RATIS, factor: THREE
2019-09-12 11:57:10,482 [IPC Server handler 15 on 43548] ERROR pipeline.PipelinePlacementPolicy (PipelinePlacementPolicy.java:meetCriteria(91)) - Pipeline Placement: Doesn't meet the criteria to be viable node. Heaviness: 6
2019-09-12 11:57:10,482 [IPC Server handler 15 on 43548] ERROR pipeline.PipelinePlacementPolicy (PipelinePlacementPolicy.java:meetCriteria(91)) - Pipeline Placement: Doesn't meet the criteria to be viable node. Heaviness: 6
2019-09-12 11:57:10,482 [IPC Server handler 15 on 43548] ERROR pipeline.PipelinePlacementPolicy (PipelinePlacementPolicy.java:meetCriteria(91)) - Pipeline Placement: Doesn't meet the criteria to be viable node. Heaviness: 6
2019-09-12 11:57:10,483 [IPC Server handler 15 on 43548] ERROR pipeline.PipelinePlacementPolicy (PipelinePlacementPolicy.java:meetCriteria(91)) - Pipeline Placement: Doesn't meet the criteria to be viable node. Heaviness: 6
2019-09-12 11:57:10,483 [IPC Server handler 15 on 43548] ERROR pipeline.PipelinePlacementPolicy (PipelinePlacementPolicy.java:meetCriteria(91)) - Pipeline Placement: Doesn't meet the criteria to be viable node. Heaviness: 6
2019-09-12 11:57:10,483 [IPC Server handler 15 on 43548] ERROR pipeline.PipelinePlacementPolicy (PipelinePlacementPolicy.java:filterViableNodes(146)) - Unable to find enough nodes that meet the criteria that cannot engage in more than 5 pipelines. Nodes required: 3 Found: 0, healthy nodes count inNodeManager: 5.
2019-09-12 11:57:10,483 [IPC Server handler 15 on 43548] ERROR pipeline.SCMPipelineManager (SCMPipelineManager.java:createPipeline(161)) - Pipeline creation failed due to exception: Unable to find enough nodes that meet the criteria that cannot engage in more than 5 pipelines. Nodes required: 3 Found: 0, healthy nodes count inNodeManager: 5.
2019-09-12 11:57:10,483 [IPC Server handler 15 on 43548] WARN  block.BlockManagerImpl (BlockManagerImpl.java:allocateBlock(192)) - Pipeline creation failed for type:RATIS factor:THREE. Retrying get pipelines call once.
org.apache.hadoop.hdds.scm.exceptions.SCMException: Unable to find enough nodes that meet the criteria that cannot engage in more than 5 pipelines. Nodes required: 3 Found: 0, healthy nodes count inNodeManager: 5.
	at org.apache.hadoop.hdds.scm.pipeline.PipelinePlacementPolicy.filterViableNodes(PipelinePlacementPolicy.java:147)
	at org.apache.hadoop.hdds.scm.pipeline.PipelinePlacementPolicy.chooseDatanodes(PipelinePlacementPolicy.java:170)
	at org.apache.hadoop.hdds.scm.pipeline.RatisPipelineProvider.create(RatisPipelineProvider.java:92)
	at org.apache.hadoop.hdds.scm.pipeline.PipelineFactory.create(PipelineFactory.java:57)
	at org.apache.hadoop.hdds.scm.pipeline.SCMPipelineManager.createPipeline(SCMPipelineManager.java:149)
	at org.apache.hadoop.hdds.scm.block.BlockManagerImpl.allocateBlock(BlockManagerImpl.java:190)
	at org.apache.hadoop.hdds.scm.server.SCMBlockProtocolServer.allocateBlock(SCMBlockProtocolServer.java:175)
	at org.apache.hadoop.ozone.protocolPB.ScmBlockLocationProtocolServerSideTranslatorPB.allocateScmBlock(ScmBlockLocationProtocolServerSideTranslatorPB.java:153)
	at org.apache.hadoop.ozone.protocolPB.ScmBlockLocationProtocolServerSideTranslatorPB.send(ScmBlockLocationProtocolServerSideTranslatorPB.java:112)
	at org.apache.hadoop.hdds.protocol.proto.ScmBlockLocationProtocolProtos$ScmBlockLocationProtocolService$2.callBlockingMethod(ScmBlockLocationProtocolProtos.java:13157)
	at org.apache.hadoop.ipc.ProtobufRpcEngine$Server$ProtoBufRpcInvoker.call(ProtobufRpcEngine.java:524)
	at org.apache.hadoop.ipc.RPC$Server.call(RPC.java:1025)
	at org.apache.hadoop.ipc.Server$RpcCall.run(Server.java:876)
	at org.apache.hadoop.ipc.Server$RpcCall.run(Server.java:822)
	at java.security.AccessController.doPrivileged(Native Method)
	at javax.security.auth.Subject.doAs(Subject.java:422)
	at org.apache.hadoop.security.UserGroupInformation.doAs(UserGroupInformation.java:1730)
	at org.apache.hadoop.ipc.Server$Handler.run(Server.java:2682)
2019-09-12 11:57:10,484 [IPC Server handler 15 on 43548] INFO  block.BlockManagerImpl (BlockManagerImpl.java:allocateBlock(198)) - Could not find available pipeline of type:RATIS and factor:THREE even after retrying
2019-09-12 11:57:10,484 [IPC Server handler 15 on 43548] ERROR block.BlockManagerImpl (BlockManagerImpl.java:allocateBlock(222)) - Unable to allocate a block for the size: 4194304, type: RATIS, factor: THREE
2019-09-12 11:57:10,484 [IPC Server handler 15 on 43548] ERROR pipeline.PipelinePlacementPolicy (PipelinePlacementPolicy.java:meetCriteria(91)) - Pipeline Placement: Doesn't meet the criteria to be viable node. Heaviness: 6
2019-09-12 11:57:10,484 [IPC Server handler 15 on 43548] ERROR pipeline.PipelinePlacementPolicy (PipelinePlacementPolicy.java:meetCriteria(91)) - Pipeline Placement: Doesn't meet the criteria to be viable node. Heaviness: 6
2019-09-12 11:57:10,484 [IPC Server handler 15 on 43548] ERROR pipeline.PipelinePlacementPolicy (PipelinePlacementPolicy.java:meetCriteria(91)) - Pipeline Placement: Doesn't meet the criteria to be viable node. Heaviness: 6
2019-09-12 11:57:10,485 [IPC Server handler 15 on 43548] ERROR pipeline.PipelinePlacementPolicy (PipelinePlacementPolicy.java:meetCriteria(91)) - Pipeline Placement: Doesn't meet the criteria to be viable node. Heaviness: 6
2019-09-12 11:57:10,485 [IPC Server handler 15 on 43548] ERROR pipeline.PipelinePlacementPolicy (PipelinePlacementPolicy.java:meetCriteria(91)) - Pipeline Placement: Doesn't meet the criteria to be viable node. Heaviness: 6
2019-09-12 11:57:10,485 [IPC Server handler 15 on 43548] ERROR pipeline.PipelinePlacementPolicy (PipelinePlacementPolicy.java:filterViableNodes(146)) - Unable to find enough nodes that meet the criteria that cannot engage in more than 5 pipelines. Nodes required: 3 Found: 0, healthy nodes count inNodeManager: 5.
2019-09-12 11:57:10,485 [IPC Server handler 15 on 43548] ERROR pipeline.SCMPipelineManager (SCMPipelineManager.java:createPipeline(161)) - Pipeline creation failed due to exception: Unable to find enough nodes that meet the criteria that cannot engage in more than 5 pipelines. Nodes required: 3 Found: 0, healthy nodes count inNodeManager: 5.
2019-09-12 11:57:10,485 [IPC Server handler 15 on 43548] WARN  block.BlockManagerImpl (BlockManagerImpl.java:allocateBlock(192)) - Pipeline creation failed for type:RATIS factor:THREE. Retrying get pipelines call once.
org.apache.hadoop.hdds.scm.exceptions.SCMException: Unable to find enough nodes that meet the criteria that cannot engage in more than 5 pipelines. Nodes required: 3 Found: 0, healthy nodes count inNodeManager: 5.
	at org.apache.hadoop.hdds.scm.pipeline.PipelinePlacementPolicy.filterViableNodes(PipelinePlacementPolicy.java:147)
	at org.apache.hadoop.hdds.scm.pipeline.PipelinePlacementPolicy.chooseDatanodes(PipelinePlacementPolicy.java:170)
	at org.apache.hadoop.hdds.scm.pipeline.RatisPipelineProvider.create(RatisPipelineProvider.java:92)
	at org.apache.hadoop.hdds.scm.pipeline.PipelineFactory.create(PipelineFactory.java:57)
	at org.apache.hadoop.hdds.scm.pipeline.SCMPipelineManager.createPipeline(SCMPipelineManager.java:149)
	at org.apache.hadoop.hdds.scm.block.BlockManagerImpl.allocateBlock(BlockManagerImpl.java:190)
	at org.apache.hadoop.hdds.scm.server.SCMBlockProtocolServer.allocateBlock(SCMBlockProtocolServer.java:175)
	at org.apache.hadoop.ozone.protocolPB.ScmBlockLocationProtocolServerSideTranslatorPB.allocateScmBlock(ScmBlockLocationProtocolServerSideTranslatorPB.java:153)
	at org.apache.hadoop.ozone.protocolPB.ScmBlockLocationProtocolServerSideTranslatorPB.send(ScmBlockLocationProtocolServerSideTranslatorPB.java:112)
	at org.apache.hadoop.hdds.protocol.proto.ScmBlockLocationProtocolProtos$ScmBlockLocationProtocolService$2.callBlockingMethod(ScmBlockLocationProtocolProtos.java:13157)
	at org.apache.hadoop.ipc.ProtobufRpcEngine$Server$ProtoBufRpcInvoker.call(ProtobufRpcEngine.java:524)
	at org.apache.hadoop.ipc.RPC$Server.call(RPC.java:1025)
	at org.apache.hadoop.ipc.Server$RpcCall.run(Server.java:876)
	at org.apache.hadoop.ipc.Server$RpcCall.run(Server.java:822)
	at java.security.AccessController.doPrivileged(Native Method)
	at javax.security.auth.Subject.doAs(Subject.java:422)
	at org.apache.hadoop.security.UserGroupInformation.doAs(UserGroupInformation.java:1730)
	at org.apache.hadoop.ipc.Server$Handler.run(Server.java:2682)
2019-09-12 11:57:10,486 [IPC Server handler 15 on 43548] INFO  block.BlockManagerImpl (BlockManagerImpl.java:allocateBlock(198)) - Could not find available pipeline of type:RATIS and factor:THREE even after retrying
2019-09-12 11:57:10,486 [IPC Server handler 15 on 43548] ERROR block.BlockManagerImpl (BlockManagerImpl.java:allocateBlock(222)) - Unable to allocate a block for the size: 4194304, type: RATIS, factor: THREE
2019-09-12 11:57:10,486 [IPC Server handler 15 on 43548] ERROR pipeline.PipelinePlacementPolicy (PipelinePlacementPolicy.java:meetCriteria(91)) - Pipeline Placement: Doesn't meet the criteria to be viable node. Heaviness: 6
2019-09-12 11:57:10,486 [IPC Server handler 15 on 43548] ERROR pipeline.PipelinePlacementPolicy (PipelinePlacementPolicy.java:meetCriteria(91)) - Pipeline Placement: Doesn't meet the criteria to be viable node. Heaviness: 6
2019-09-12 11:57:10,486 [IPC Server handler 15 on 43548] ERROR pipeline.PipelinePlacementPolicy (PipelinePlacementPolicy.java:meetCriteria(91)) - Pipeline Placement: Doesn't meet the criteria to be viable node. Heaviness: 6
2019-09-12 11:57:10,487 [IPC Server handler 15 on 43548] ERROR pipeline.PipelinePlacementPolicy (PipelinePlacementPolicy.java:meetCriteria(91)) - Pipeline Placement: Doesn't meet the criteria to be viable node. Heaviness: 6
2019-09-12 11:57:10,487 [IPC Server handler 15 on 43548] ERROR pipeline.PipelinePlacementPolicy (PipelinePlacementPolicy.java:meetCriteria(91)) - Pipeline Placement: Doesn't meet the criteria to be viable node. Heaviness: 6
2019-09-12 11:57:10,487 [IPC Server handler 15 on 43548] ERROR pipeline.PipelinePlacementPolicy (PipelinePlacementPolicy.java:filterViableNodes(146)) - Unable to find enough nodes that meet the criteria that cannot engage in more than 5 pipelines. Nodes required: 3 Found: 0, healthy nodes count inNodeManager: 5.
2019-09-12 11:57:10,487 [IPC Server handler 15 on 43548] ERROR pipeline.SCMPipelineManager (SCMPipelineManager.java:createPipeline(161)) - Pipeline creation failed due to exception: Unable to find enough nodes that meet the criteria that cannot engage in more than 5 pipelines. Nodes required: 3 Found: 0, healthy nodes count inNodeManager: 5.
2019-09-12 11:57:10,487 [IPC Server handler 15 on 43548] WARN  block.BlockManagerImpl (BlockManagerImpl.java:allocateBlock(192)) - Pipeline creation failed for type:RATIS factor:THREE. Retrying get pipelines call once.
org.apache.hadoop.hdds.scm.exceptions.SCMException: Unable to find enough nodes that meet the criteria that cannot engage in more than 5 pipelines. Nodes required: 3 Found: 0, healthy nodes count inNodeManager: 5.
	at org.apache.hadoop.hdds.scm.pipeline.PipelinePlacementPolicy.filterViableNodes(PipelinePlacementPolicy.java:147)
	at org.apache.hadoop.hdds.scm.pipeline.PipelinePlacementPolicy.chooseDatanodes(PipelinePlacementPolicy.java:170)
	at org.apache.hadoop.hdds.scm.pipeline.RatisPipelineProvider.create(RatisPipelineProvider.java:92)
	at org.apache.hadoop.hdds.scm.pipeline.PipelineFactory.create(PipelineFactory.java:57)
	at org.apache.hadoop.hdds.scm.pipeline.SCMPipelineManager.createPipeline(SCMPipelineManager.java:149)
	at org.apache.hadoop.hdds.scm.block.BlockManagerImpl.allocateBlock(BlockManagerImpl.java:190)
	at org.apache.hadoop.hdds.scm.server.SCMBlockProtocolServer.allocateBlock(SCMBlockProtocolServer.java:175)
	at org.apache.hadoop.ozone.protocolPB.ScmBlockLocationProtocolServerSideTranslatorPB.allocateScmBlock(ScmBlockLocationProtocolServerSideTranslatorPB.java:153)
	at org.apache.hadoop.ozone.protocolPB.ScmBlockLocationProtocolServerSideTranslatorPB.send(ScmBlockLocationProtocolServerSideTranslatorPB.java:112)
	at org.apache.hadoop.hdds.protocol.proto.ScmBlockLocationProtocolProtos$ScmBlockLocationProtocolService$2.callBlockingMethod(ScmBlockLocationProtocolProtos.java:13157)
	at org.apache.hadoop.ipc.ProtobufRpcEngine$Server$ProtoBufRpcInvoker.call(ProtobufRpcEngine.java:524)
	at org.apache.hadoop.ipc.RPC$Server.call(RPC.java:1025)
	at org.apache.hadoop.ipc.Server$RpcCall.run(Server.java:876)
	at org.apache.hadoop.ipc.Server$RpcCall.run(Server.java:822)
	at java.security.AccessController.doPrivileged(Native Method)
	at javax.security.auth.Subject.doAs(Subject.java:422)
	at org.apache.hadoop.security.UserGroupInformation.doAs(UserGroupInformation.java:1730)
	at org.apache.hadoop.ipc.Server$Handler.run(Server.java:2682)
2019-09-12 11:57:10,488 [IPC Server handler 15 on 43548] INFO  block.BlockManagerImpl (BlockManagerImpl.java:allocateBlock(198)) - Could not find available pipeline of type:RATIS and factor:THREE even after retrying
2019-09-12 11:57:10,488 [IPC Server handler 15 on 43548] ERROR block.BlockManagerImpl (BlockManagerImpl.java:allocateBlock(222)) - Unable to allocate a block for the size: 4194304, type: RATIS, factor: THREE
2019-09-12 11:57:10,488 [IPC Server handler 15 on 43548] ERROR pipeline.PipelinePlacementPolicy (PipelinePlacementPolicy.java:meetCriteria(91)) - Pipeline Placement: Doesn't meet the criteria to be viable node. Heaviness: 6
2019-09-12 11:57:10,488 [IPC Server handler 15 on 43548] ERROR pipeline.PipelinePlacementPolicy (PipelinePlacementPolicy.java:meetCriteria(91)) - Pipeline Placement: Doesn't meet the criteria to be viable node. Heaviness: 6
2019-09-12 11:57:10,488 [IPC Server handler 15 on 43548] ERROR pipeline.PipelinePlacementPolicy (PipelinePlacementPolicy.java:meetCriteria(91)) - Pipeline Placement: Doesn't meet the criteria to be viable node. Heaviness: 6
2019-09-12 11:57:10,488 [IPC Server handler 15 on 43548] ERROR pipeline.PipelinePlacementPolicy (PipelinePlacementPolicy.java:meetCriteria(91)) - Pipeline Placement: Doesn't meet the criteria to be viable node. Heaviness: 6
2019-09-12 11:57:10,489 [IPC Server handler 15 on 43548] ERROR pipeline.PipelinePlacementPolicy (PipelinePlacementPolicy.java:meetCriteria(91)) - Pipeline Placement: Doesn't meet the criteria to be viable node. Heaviness: 6
2019-09-12 11:57:10,489 [IPC Server handler 15 on 43548] ERROR pipeline.PipelinePlacementPolicy (PipelinePlacementPolicy.java:filterViableNodes(146)) - Unable to find enough nodes that meet the criteria that cannot engage in more than 5 pipelines. Nodes required: 3 Found: 0, healthy nodes count inNodeManager: 5.
2019-09-12 11:57:10,489 [IPC Server handler 15 on 43548] ERROR pipeline.SCMPipelineManager (SCMPipelineManager.java:createPipeline(161)) - Pipeline creation failed due to exception: Unable to find enough nodes that meet the criteria that cannot engage in more than 5 pipelines. Nodes required: 3 Found: 0, healthy nodes count inNodeManager: 5.
2019-09-12 11:57:10,489 [IPC Server handler 15 on 43548] WARN  block.BlockManagerImpl (BlockManagerImpl.java:allocateBlock(192)) - Pipeline creation failed for type:RATIS factor:THREE. Retrying get pipelines call once.
org.apache.hadoop.hdds.scm.exceptions.SCMException: Unable to find enough nodes that meet the criteria that cannot engage in more than 5 pipelines. Nodes required: 3 Found: 0, healthy nodes count inNodeManager: 5.
	at org.apache.hadoop.hdds.scm.pipeline.PipelinePlacementPolicy.filterViableNodes(PipelinePlacementPolicy.java:147)
	at org.apache.hadoop.hdds.scm.pipeline.PipelinePlacementPolicy.chooseDatanodes(PipelinePlacementPolicy.java:170)
	at org.apache.hadoop.hdds.scm.pipeline.RatisPipelineProvider.create(RatisPipelineProvider.java:92)
	at org.apache.hadoop.hdds.scm.pipeline.PipelineFactory.create(PipelineFactory.java:57)
	at org.apache.hadoop.hdds.scm.pipeline.SCMPipelineManager.createPipeline(SCMPipelineManager.java:149)
	at org.apache.hadoop.hdds.scm.block.BlockManagerImpl.allocateBlock(BlockManagerImpl.java:190)
	at org.apache.hadoop.hdds.scm.server.SCMBlockProtocolServer.allocateBlock(SCMBlockProtocolServer.java:175)
	at org.apache.hadoop.ozone.protocolPB.ScmBlockLocationProtocolServerSideTranslatorPB.allocateScmBlock(ScmBlockLocationProtocolServerSideTranslatorPB.java:153)
	at org.apache.hadoop.ozone.protocolPB.ScmBlockLocationProtocolServerSideTranslatorPB.send(ScmBlockLocationProtocolServerSideTranslatorPB.java:112)
	at org.apache.hadoop.hdds.protocol.proto.ScmBlockLocationProtocolProtos$ScmBlockLocationProtocolService$2.callBlockingMethod(ScmBlockLocationProtocolProtos.java:13157)
	at org.apache.hadoop.ipc.ProtobufRpcEngine$Server$ProtoBufRpcInvoker.call(ProtobufRpcEngine.java:524)
	at org.apache.hadoop.ipc.RPC$Server.call(RPC.java:1025)
	at org.apache.hadoop.ipc.Server$RpcCall.run(Server.java:876)
	at org.apache.hadoop.ipc.Server$RpcCall.run(Server.java:822)
	at java.security.AccessController.doPrivileged(Native Method)
	at javax.security.auth.Subject.doAs(Subject.java:422)
	at org.apache.hadoop.security.UserGroupInformation.doAs(UserGroupInformation.java:1730)
	at org.apache.hadoop.ipc.Server$Handler.run(Server.java:2682)
2019-09-12 11:57:10,489 [IPC Server handler 15 on 43548] INFO  block.BlockManagerImpl (BlockManagerImpl.java:allocateBlock(198)) - Could not find available pipeline of type:RATIS and factor:THREE even after retrying
2019-09-12 11:57:10,490 [IPC Server handler 15 on 43548] ERROR block.BlockManagerImpl (BlockManagerImpl.java:allocateBlock(222)) - Unable to allocate a block for the size: 4194304, type: RATIS, factor: THREE
2019-09-12 11:57:10,490 [IPC Server handler 15 on 43548] ERROR pipeline.PipelinePlacementPolicy (PipelinePlacementPolicy.java:meetCriteria(91)) - Pipeline Placement: Doesn't meet the criteria to be viable node. Heaviness: 6
2019-09-12 11:57:10,490 [IPC Server handler 15 on 43548] ERROR pipeline.PipelinePlacementPolicy (PipelinePlacementPolicy.java:meetCriteria(91)) - Pipeline Placement: Doesn't meet the criteria to be viable node. Heaviness: 6
2019-09-12 11:57:10,490 [IPC Server handler 15 on 43548] ERROR pipeline.PipelinePlacementPolicy (PipelinePlacementPolicy.java:meetCriteria(91)) - Pipeline Placement: Doesn't meet the criteria to be viable node. Heaviness: 6
2019-09-12 11:57:10,490 [IPC Server handler 15 on 43548] ERROR pipeline.PipelinePlacementPolicy (PipelinePlacementPolicy.java:meetCriteria(91)) - Pipeline Placement: Doesn't meet the criteria to be viable node. Heaviness: 6
2019-09-12 11:57:10,490 [IPC Server handler 15 on 43548] ERROR pipeline.PipelinePlacementPolicy (PipelinePlacementPolicy.java:meetCriteria(91)) - Pipeline Placement: Doesn't meet the criteria to be viable node. Heaviness: 6
2019-09-12 11:57:10,491 [IPC Server handler 15 on 43548] ERROR pipeline.PipelinePlacementPolicy (PipelinePlacementPolicy.java:filterViableNodes(146)) - Unable to find enough nodes that meet the criteria that cannot engage in more than 5 pipelines. Nodes required: 3 Found: 0, healthy nodes count inNodeManager: 5.
2019-09-12 11:57:10,491 [IPC Server handler 15 on 43548] ERROR pipeline.SCMPipelineManager (SCMPipelineManager.java:createPipeline(161)) - Pipeline creation failed due to exception: Unable to find enough nodes that meet the criteria that cannot engage in more than 5 pipelines. Nodes required: 3 Found: 0, healthy nodes count inNodeManager: 5.
2019-09-12 11:57:10,491 [IPC Server handler 15 on 43548] WARN  block.BlockManagerImpl (BlockManagerImpl.java:allocateBlock(192)) - Pipeline creation failed for type:RATIS factor:THREE. Retrying get pipelines call once.
org.apache.hadoop.hdds.scm.exceptions.SCMException: Unable to find enough nodes that meet the criteria that cannot engage in more than 5 pipelines. Nodes required: 3 Found: 0, healthy nodes count inNodeManager: 5.
	at org.apache.hadoop.hdds.scm.pipeline.PipelinePlacementPolicy.filterViableNodes(PipelinePlacementPolicy.java:147)
	at org.apache.hadoop.hdds.scm.pipeline.PipelinePlacementPolicy.chooseDatanodes(PipelinePlacementPolicy.java:170)
	at org.apache.hadoop.hdds.scm.pipeline.RatisPipelineProvider.create(RatisPipelineProvider.java:92)
	at org.apache.hadoop.hdds.scm.pipeline.PipelineFactory.create(PipelineFactory.java:57)
	at org.apache.hadoop.hdds.scm.pipeline.SCMPipelineManager.createPipeline(SCMPipelineManager.java:149)
	at org.apache.hadoop.hdds.scm.block.BlockManagerImpl.allocateBlock(BlockManagerImpl.java:190)
	at org.apache.hadoop.hdds.scm.server.SCMBlockProtocolServer.allocateBlock(SCMBlockProtocolServer.java:175)
	at org.apache.hadoop.ozone.protocolPB.ScmBlockLocationProtocolServerSideTranslatorPB.allocateScmBlock(ScmBlockLocationProtocolServerSideTranslatorPB.java:153)
	at org.apache.hadoop.ozone.protocolPB.ScmBlockLocationProtocolServerSideTranslatorPB.send(ScmBlockLocationProtocolServerSideTranslatorPB.java:112)
	at org.apache.hadoop.hdds.protocol.proto.ScmBlockLocationProtocolProtos$ScmBlockLocationProtocolService$2.callBlockingMethod(ScmBlockLocationProtocolProtos.java:13157)
	at org.apache.hadoop.ipc.ProtobufRpcEngine$Server$ProtoBufRpcInvoker.call(ProtobufRpcEngine.java:524)
	at org.apache.hadoop.ipc.RPC$Server.call(RPC.java:1025)
	at org.apache.hadoop.ipc.Server$RpcCall.run(Server.java:876)
	at org.apache.hadoop.ipc.Server$RpcCall.run(Server.java:822)
	at java.security.AccessController.doPrivileged(Native Method)
	at javax.security.auth.Subject.doAs(Subject.java:422)
	at org.apache.hadoop.security.UserGroupInformation.doAs(UserGroupInformation.java:1730)
	at org.apache.hadoop.ipc.Server$Handler.run(Server.java:2682)
2019-09-12 11:57:10,491 [IPC Server handler 15 on 43548] INFO  block.BlockManagerImpl (BlockManagerImpl.java:allocateBlock(198)) - Could not find available pipeline of type:RATIS and factor:THREE even after retrying
2019-09-12 11:57:10,491 [IPC Server handler 15 on 43548] ERROR block.BlockManagerImpl (BlockManagerImpl.java:allocateBlock(222)) - Unable to allocate a block for the size: 4194304, type: RATIS, factor: THREE
2019-09-12 11:57:10,492 [IPC Server handler 15 on 43548] ERROR pipeline.PipelinePlacementPolicy (PipelinePlacementPolicy.java:meetCriteria(91)) - Pipeline Placement: Doesn't meet the criteria to be viable node. Heaviness: 6
2019-09-12 11:57:10,492 [IPC Server handler 15 on 43548] ERROR pipeline.PipelinePlacementPolicy (PipelinePlacementPolicy.java:meetCriteria(91)) - Pipeline Placement: Doesn't meet the criteria to be viable node. Heaviness: 6
2019-09-12 11:57:10,492 [IPC Server handler 15 on 43548] ERROR pipeline.PipelinePlacementPolicy (PipelinePlacementPolicy.java:meetCriteria(91)) - Pipeline Placement: Doesn't meet the criteria to be viable node. Heaviness: 6
2019-09-12 11:57:10,492 [IPC Server handler 15 on 43548] ERROR pipeline.PipelinePlacementPolicy (PipelinePlacementPolicy.java:meetCriteria(91)) - Pipeline Placement: Doesn't meet the criteria to be viable node. Heaviness: 6
2019-09-12 11:57:10,492 [IPC Server handler 15 on 43548] ERROR pipeline.PipelinePlacementPolicy (PipelinePlacementPolicy.java:meetCriteria(91)) - Pipeline Placement: Doesn't meet the criteria to be viable node. Heaviness: 6
2019-09-12 11:57:10,492 [IPC Server handler 15 on 43548] ERROR pipeline.PipelinePlacementPolicy (PipelinePlacementPolicy.java:filterViableNodes(146)) - Unable to find enough nodes that meet the criteria that cannot engage in more than 5 pipelines. Nodes required: 3 Found: 0, healthy nodes count inNodeManager: 5.
2019-09-12 11:57:10,493 [IPC Server handler 15 on 43548] ERROR pipeline.SCMPipelineManager (SCMPipelineManager.java:createPipeline(161)) - Pipeline creation failed due to exception: Unable to find enough nodes that meet the criteria that cannot engage in more than 5 pipelines. Nodes required: 3 Found: 0, healthy nodes count inNodeManager: 5.
2019-09-12 11:57:10,493 [IPC Server handler 15 on 43548] WARN  block.BlockManagerImpl (BlockManagerImpl.java:allocateBlock(192)) - Pipeline creation failed for type:RATIS factor:THREE. Retrying get pipelines call once.
org.apache.hadoop.hdds.scm.exceptions.SCMException: Unable to find enough nodes that meet the criteria that cannot engage in more than 5 pipelines. Nodes required: 3 Found: 0, healthy nodes count inNodeManager: 5.
	at org.apache.hadoop.hdds.scm.pipeline.PipelinePlacementPolicy.filterViableNodes(PipelinePlacementPolicy.java:147)
	at org.apache.hadoop.hdds.scm.pipeline.PipelinePlacementPolicy.chooseDatanodes(PipelinePlacementPolicy.java:170)
	at org.apache.hadoop.hdds.scm.pipeline.RatisPipelineProvider.create(RatisPipelineProvider.java:92)
	at org.apache.hadoop.hdds.scm.pipeline.PipelineFactory.create(PipelineFactory.java:57)
	at org.apache.hadoop.hdds.scm.pipeline.SCMPipelineManager.createPipeline(SCMPipelineManager.java:149)
	at org.apache.hadoop.hdds.scm.block.BlockManagerImpl.allocateBlock(BlockManagerImpl.java:190)
	at org.apache.hadoop.hdds.scm.server.SCMBlockProtocolServer.allocateBlock(SCMBlockProtocolServer.java:175)
	at org.apache.hadoop.ozone.protocolPB.ScmBlockLocationProtocolServerSideTranslatorPB.allocateScmBlock(ScmBlockLocationProtocolServerSideTranslatorPB.java:153)
	at org.apache.hadoop.ozone.protocolPB.ScmBlockLocationProtocolServerSideTranslatorPB.send(ScmBlockLocationProtocolServerSideTranslatorPB.java:112)
	at org.apache.hadoop.hdds.protocol.proto.ScmBlockLocationProtocolProtos$ScmBlockLocationProtocolService$2.callBlockingMethod(ScmBlockLocationProtocolProtos.java:13157)
	at org.apache.hadoop.ipc.ProtobufRpcEngine$Server$ProtoBufRpcInvoker.call(ProtobufRpcEngine.java:524)
	at org.apache.hadoop.ipc.RPC$Server.call(RPC.java:1025)
	at org.apache.hadoop.ipc.Server$RpcCall.run(Server.java:876)
	at org.apache.hadoop.ipc.Server$RpcCall.run(Server.java:822)
	at java.security.AccessController.doPrivileged(Native Method)
	at javax.security.auth.Subject.doAs(Subject.java:422)
	at org.apache.hadoop.security.UserGroupInformation.doAs(UserGroupInformation.java:1730)
	at org.apache.hadoop.ipc.Server$Handler.run(Server.java:2682)
2019-09-12 11:57:10,493 [IPC Server handler 15 on 43548] INFO  block.BlockManagerImpl (BlockManagerImpl.java:allocateBlock(198)) - Could not find available pipeline of type:RATIS and factor:THREE even after retrying
2019-09-12 11:57:10,493 [IPC Server handler 15 on 43548] ERROR block.BlockManagerImpl (BlockManagerImpl.java:allocateBlock(222)) - Unable to allocate a block for the size: 4194304, type: RATIS, factor: THREE
2019-09-12 11:57:10,493 [IPC Server handler 15 on 43548] ERROR pipeline.PipelinePlacementPolicy (PipelinePlacementPolicy.java:meetCriteria(91)) - Pipeline Placement: Doesn't meet the criteria to be viable node. Heaviness: 6
2019-09-12 11:57:10,494 [IPC Server handler 15 on 43548] ERROR pipeline.PipelinePlacementPolicy (PipelinePlacementPolicy.java:meetCriteria(91)) - Pipeline Placement: Doesn't meet the criteria to be viable node. Heaviness: 6
2019-09-12 11:57:10,494 [IPC Server handler 15 on 43548] ERROR pipeline.PipelinePlacementPolicy (PipelinePlacementPolicy.java:meetCriteria(91)) - Pipeline Placement: Doesn't meet the criteria to be viable node. Heaviness: 6
2019-09-12 11:57:10,494 [IPC Server handler 15 on 43548] ERROR pipeline.PipelinePlacementPolicy (PipelinePlacementPolicy.java:meetCriteria(91)) - Pipeline Placement: Doesn't meet the criteria to be viable node. Heaviness: 6
2019-09-12 11:57:10,494 [IPC Server handler 15 on 43548] ERROR pipeline.PipelinePlacementPolicy (PipelinePlacementPolicy.java:meetCriteria(91)) - Pipeline Placement: Doesn't meet the criteria to be viable node. Heaviness: 6
2019-09-12 11:57:10,494 [IPC Server handler 15 on 43548] ERROR pipeline.PipelinePlacementPolicy (PipelinePlacementPolicy.java:filterViableNodes(146)) - Unable to find enough nodes that meet the criteria that cannot engage in more than 5 pipelines. Nodes required: 3 Found: 0, healthy nodes count inNodeManager: 5.
2019-09-12 11:57:10,494 [IPC Server handler 15 on 43548] ERROR pipeline.SCMPipelineManager (SCMPipelineManager.java:createPipeline(161)) - Pipeline creation failed due to exception: Unable to find enough nodes that meet the criteria that cannot engage in more than 5 pipelines. Nodes required: 3 Found: 0, healthy nodes count inNodeManager: 5.
2019-09-12 11:57:10,494 [IPC Server handler 15 on 43548] WARN  block.BlockManagerImpl (BlockManagerImpl.java:allocateBlock(192)) - Pipeline creation failed for type:RATIS factor:THREE. Retrying get pipelines call once.
org.apache.hadoop.hdds.scm.exceptions.SCMException: Unable to find enough nodes that meet the criteria that cannot engage in more than 5 pipelines. Nodes required: 3 Found: 0, healthy nodes count inNodeManager: 5.
	at org.apache.hadoop.hdds.scm.pipeline.PipelinePlacementPolicy.filterViableNodes(PipelinePlacementPolicy.java:147)
	at org.apache.hadoop.hdds.scm.pipeline.PipelinePlacementPolicy.chooseDatanodes(PipelinePlacementPolicy.java:170)
	at org.apache.hadoop.hdds.scm.pipeline.RatisPipelineProvider.create(RatisPipelineProvider.java:92)
	at org.apache.hadoop.hdds.scm.pipeline.PipelineFactory.create(PipelineFactory.java:57)
	at org.apache.hadoop.hdds.scm.pipeline.SCMPipelineManager.createPipeline(SCMPipelineManager.java:149)
	at org.apache.hadoop.hdds.scm.block.BlockManagerImpl.allocateBlock(BlockManagerImpl.java:190)
	at org.apache.hadoop.hdds.scm.server.SCMBlockProtocolServer.allocateBlock(SCMBlockProtocolServer.java:175)
	at org.apache.hadoop.ozone.protocolPB.ScmBlockLocationProtocolServerSideTranslatorPB.allocateScmBlock(ScmBlockLocationProtocolServerSideTranslatorPB.java:153)
	at org.apache.hadoop.ozone.protocolPB.ScmBlockLocationProtocolServerSideTranslatorPB.send(ScmBlockLocationProtocolServerSideTranslatorPB.java:112)
	at org.apache.hadoop.hdds.protocol.proto.ScmBlockLocationProtocolProtos$ScmBlockLocationProtocolService$2.callBlockingMethod(ScmBlockLocationProtocolProtos.java:13157)
	at org.apache.hadoop.ipc.ProtobufRpcEngine$Server$ProtoBufRpcInvoker.call(ProtobufRpcEngine.java:524)
	at org.apache.hadoop.ipc.RPC$Server.call(RPC.java:1025)
	at org.apache.hadoop.ipc.Server$RpcCall.run(Server.java:876)
	at org.apache.hadoop.ipc.Server$RpcCall.run(Server.java:822)
	at java.security.AccessController.doPrivileged(Native Method)
	at javax.security.auth.Subject.doAs(Subject.java:422)
	at org.apache.hadoop.security.UserGroupInformation.doAs(UserGroupInformation.java:1730)
	at org.apache.hadoop.ipc.Server$Handler.run(Server.java:2682)
2019-09-12 11:57:10,495 [IPC Server handler 15 on 43548] INFO  block.BlockManagerImpl (BlockManagerImpl.java:allocateBlock(198)) - Could not find available pipeline of type:RATIS and factor:THREE even after retrying
2019-09-12 11:57:10,495 [IPC Server handler 15 on 43548] ERROR block.BlockManagerImpl (BlockManagerImpl.java:allocateBlock(222)) - Unable to allocate a block for the size: 4194304, type: RATIS, factor: THREE
2019-09-12 11:57:10,495 [IPC Server handler 15 on 43548] ERROR pipeline.PipelinePlacementPolicy (PipelinePlacementPolicy.java:meetCriteria(91)) - Pipeline Placement: Doesn't meet the criteria to be viable node. Heaviness: 6
2019-09-12 11:57:10,495 [IPC Server handler 15 on 43548] ERROR pipeline.PipelinePlacementPolicy (PipelinePlacementPolicy.java:meetCriteria(91)) - Pipeline Placement: Doesn't meet the criteria to be viable node. Heaviness: 6
2019-09-12 11:57:10,495 [IPC Server handler 15 on 43548] ERROR pipeline.PipelinePlacementPolicy (PipelinePlacementPolicy.java:meetCriteria(91)) - Pipeline Placement: Doesn't meet the criteria to be viable node. Heaviness: 6
2019-09-12 11:57:10,496 [IPC Server handler 15 on 43548] ERROR pipeline.PipelinePlacementPolicy (PipelinePlacementPolicy.java:meetCriteria(91)) - Pipeline Placement: Doesn't meet the criteria to be viable node. Heaviness: 6
2019-09-12 11:57:10,496 [IPC Server handler 15 on 43548] ERROR pipeline.PipelinePlacementPolicy (PipelinePlacementPolicy.java:meetCriteria(91)) - Pipeline Placement: Doesn't meet the criteria to be viable node. Heaviness: 6
2019-09-12 11:57:10,496 [IPC Server handler 15 on 43548] ERROR pipeline.PipelinePlacementPolicy (PipelinePlacementPolicy.java:filterViableNodes(146)) - Unable to find enough nodes that meet the criteria that cannot engage in more than 5 pipelines. Nodes required: 3 Found: 0, healthy nodes count inNodeManager: 5.
2019-09-12 11:57:10,496 [IPC Server handler 15 on 43548] ERROR pipeline.SCMPipelineManager (SCMPipelineManager.java:createPipeline(161)) - Pipeline creation failed due to exception: Unable to find enough nodes that meet the criteria that cannot engage in more than 5 pipelines. Nodes required: 3 Found: 0, healthy nodes count inNodeManager: 5.
2019-09-12 11:57:10,496 [IPC Server handler 15 on 43548] WARN  block.BlockManagerImpl (BlockManagerImpl.java:allocateBlock(192)) - Pipeline creation failed for type:RATIS factor:THREE. Retrying get pipelines call once.
org.apache.hadoop.hdds.scm.exceptions.SCMException: Unable to find enough nodes that meet the criteria that cannot engage in more than 5 pipelines. Nodes required: 3 Found: 0, healthy nodes count inNodeManager: 5.
	at org.apache.hadoop.hdds.scm.pipeline.PipelinePlacementPolicy.filterViableNodes(PipelinePlacementPolicy.java:147)
	at org.apache.hadoop.hdds.scm.pipeline.PipelinePlacementPolicy.chooseDatanodes(PipelinePlacementPolicy.java:170)
	at org.apache.hadoop.hdds.scm.pipeline.RatisPipelineProvider.create(RatisPipelineProvider.java:92)
	at org.apache.hadoop.hdds.scm.pipeline.PipelineFactory.create(PipelineFactory.java:57)
	at org.apache.hadoop.hdds.scm.pipeline.SCMPipelineManager.createPipeline(SCMPipelineManager.java:149)
	at org.apache.hadoop.hdds.scm.block.BlockManagerImpl.allocateBlock(BlockManagerImpl.java:190)
	at org.apache.hadoop.hdds.scm.server.SCMBlockProtocolServer.allocateBlock(SCMBlockProtocolServer.java:175)
	at org.apache.hadoop.ozone.protocolPB.ScmBlockLocationProtocolServerSideTranslatorPB.allocateScmBlock(ScmBlockLocationProtocolServerSideTranslatorPB.java:153)
	at org.apache.hadoop.ozone.protocolPB.ScmBlockLocationProtocolServerSideTranslatorPB.send(ScmBlockLocationProtocolServerSideTranslatorPB.java:112)
	at org.apache.hadoop.hdds.protocol.proto.ScmBlockLocationProtocolProtos$ScmBlockLocationProtocolService$2.callBlockingMethod(ScmBlockLocationProtocolProtos.java:13157)
	at org.apache.hadoop.ipc.ProtobufRpcEngine$Server$ProtoBufRpcInvoker.call(ProtobufRpcEngine.java:524)
	at org.apache.hadoop.ipc.RPC$Server.call(RPC.java:1025)
	at org.apache.hadoop.ipc.Server$RpcCall.run(Server.java:876)
	at org.apache.hadoop.ipc.Server$RpcCall.run(Server.java:822)
	at java.security.AccessController.doPrivileged(Native Method)
	at javax.security.auth.Subject.doAs(Subject.java:422)
	at org.apache.hadoop.security.UserGroupInformation.doAs(UserGroupInformation.java:1730)
	at org.apache.hadoop.ipc.Server$Handler.run(Server.java:2682)
2019-09-12 11:57:10,497 [IPC Server handler 15 on 43548] INFO  block.BlockManagerImpl (BlockManagerImpl.java:allocateBlock(198)) - Could not find available pipeline of type:RATIS and factor:THREE even after retrying
2019-09-12 11:57:10,497 [IPC Server handler 15 on 43548] ERROR block.BlockManagerImpl (BlockManagerImpl.java:allocateBlock(222)) - Unable to allocate a block for the size: 4194304, type: RATIS, factor: THREE
2019-09-12 11:57:10,497 [IPC Server handler 15 on 43548] ERROR pipeline.PipelinePlacementPolicy (PipelinePlacementPolicy.java:meetCriteria(91)) - Pipeline Placement: Doesn't meet the criteria to be viable node. Heaviness: 6
2019-09-12 11:57:10,497 [IPC Server handler 15 on 43548] ERROR pipeline.PipelinePlacementPolicy (PipelinePlacementPolicy.java:meetCriteria(91)) - Pipeline Placement: Doesn't meet the criteria to be viable node. Heaviness: 6
2019-09-12 11:57:10,497 [IPC Server handler 15 on 43548] ERROR pipeline.PipelinePlacementPolicy (PipelinePlacementPolicy.java:meetCriteria(91)) - Pipeline Placement: Doesn't meet the criteria to be viable node. Heaviness: 6
2019-09-12 11:57:10,497 [IPC Server handler 15 on 43548] ERROR pipeline.PipelinePlacementPolicy (PipelinePlacementPolicy.java:meetCriteria(91)) - Pipeline Placement: Doesn't meet the criteria to be viable node. Heaviness: 6
2019-09-12 11:57:10,497 [IPC Server handler 15 on 43548] ERROR pipeline.PipelinePlacementPolicy (PipelinePlacementPolicy.java:meetCriteria(91)) - Pipeline Placement: Doesn't meet the criteria to be viable node. Heaviness: 6
2019-09-12 11:57:10,498 [IPC Server handler 15 on 43548] ERROR pipeline.PipelinePlacementPolicy (PipelinePlacementPolicy.java:filterViableNodes(146)) - Unable to find enough nodes that meet the criteria that cannot engage in more than 5 pipelines. Nodes required: 3 Found: 0, healthy nodes count inNodeManager: 5.
2019-09-12 11:57:10,498 [IPC Server handler 15 on 43548] ERROR pipeline.SCMPipelineManager (SCMPipelineManager.java:createPipeline(161)) - Pipeline creation failed due to exception: Unable to find enough nodes that meet the criteria that cannot engage in more than 5 pipelines. Nodes required: 3 Found: 0, healthy nodes count inNodeManager: 5.
2019-09-12 11:57:10,498 [IPC Server handler 15 on 43548] WARN  block.BlockManagerImpl (BlockManagerImpl.java:allocateBlock(192)) - Pipeline creation failed for type:RATIS factor:THREE. Retrying get pipelines call once.
org.apache.hadoop.hdds.scm.exceptions.SCMException: Unable to find enough nodes that meet the criteria that cannot engage in more than 5 pipelines. Nodes required: 3 Found: 0, healthy nodes count inNodeManager: 5.
	at org.apache.hadoop.hdds.scm.pipeline.PipelinePlacementPolicy.filterViableNodes(PipelinePlacementPolicy.java:147)
	at org.apache.hadoop.hdds.scm.pipeline.PipelinePlacementPolicy.chooseDatanodes(PipelinePlacementPolicy.java:170)
	at org.apache.hadoop.hdds.scm.pipeline.RatisPipelineProvider.create(RatisPipelineProvider.java:92)
	at org.apache.hadoop.hdds.scm.pipeline.PipelineFactory.create(PipelineFactory.java:57)
	at org.apache.hadoop.hdds.scm.pipeline.SCMPipelineManager.createPipeline(SCMPipelineManager.java:149)
	at org.apache.hadoop.hdds.scm.block.BlockManagerImpl.allocateBlock(BlockManagerImpl.java:190)
	at org.apache.hadoop.hdds.scm.server.SCMBlockProtocolServer.allocateBlock(SCMBlockProtocolServer.java:175)
	at org.apache.hadoop.ozone.protocolPB.ScmBlockLocationProtocolServerSideTranslatorPB.allocateScmBlock(ScmBlockLocationProtocolServerSideTranslatorPB.java:153)
	at org.apache.hadoop.ozone.protocolPB.ScmBlockLocationProtocolServerSideTranslatorPB.send(ScmBlockLocationProtocolServerSideTranslatorPB.java:112)
	at org.apache.hadoop.hdds.protocol.proto.ScmBlockLocationProtocolProtos$ScmBlockLocationProtocolService$2.callBlockingMethod(ScmBlockLocationProtocolProtos.java:13157)
	at org.apache.hadoop.ipc.ProtobufRpcEngine$Server$ProtoBufRpcInvoker.call(ProtobufRpcEngine.java:524)
	at org.apache.hadoop.ipc.RPC$Server.call(RPC.java:1025)
	at org.apache.hadoop.ipc.Server$RpcCall.run(Server.java:876)
	at org.apache.hadoop.ipc.Server$RpcCall.run(Server.java:822)
	at java.security.AccessController.doPrivileged(Native Method)
	at javax.security.auth.Subject.doAs(Subject.java:422)
	at org.apache.hadoop.security.UserGroupInformation.doAs(UserGroupInformation.java:1730)
	at org.apache.hadoop.ipc.Server$Handler.run(Server.java:2682)
2019-09-12 11:57:10,498 [IPC Server handler 15 on 43548] INFO  block.BlockManagerImpl (BlockManagerImpl.java:allocateBlock(198)) - Could not find available pipeline of type:RATIS and factor:THREE even after retrying
2019-09-12 11:57:10,498 [IPC Server handler 15 on 43548] ERROR block.BlockManagerImpl (BlockManagerImpl.java:allocateBlock(222)) - Unable to allocate a block for the size: 4194304, type: RATIS, factor: THREE
2019-09-12 11:57:10,499 [IPC Server handler 15 on 43548] ERROR pipeline.PipelinePlacementPolicy (PipelinePlacementPolicy.java:meetCriteria(91)) - Pipeline Placement: Doesn't meet the criteria to be viable node. Heaviness: 6
2019-09-12 11:57:10,499 [IPC Server handler 15 on 43548] ERROR pipeline.PipelinePlacementPolicy (PipelinePlacementPolicy.java:meetCriteria(91)) - Pipeline Placement: Doesn't meet the criteria to be viable node. Heaviness: 6
2019-09-12 11:57:10,499 [IPC Server handler 15 on 43548] ERROR pipeline.PipelinePlacementPolicy (PipelinePlacementPolicy.java:meetCriteria(91)) - Pipeline Placement: Doesn't meet the criteria to be viable node. Heaviness: 6
2019-09-12 11:57:10,499 [IPC Server handler 15 on 43548] ERROR pipeline.PipelinePlacementPolicy (PipelinePlacementPolicy.java:meetCriteria(91)) - Pipeline Placement: Doesn't meet the criteria to be viable node. Heaviness: 6
2019-09-12 11:57:10,499 [IPC Server handler 15 on 43548] ERROR pipeline.PipelinePlacementPolicy (PipelinePlacementPolicy.java:meetCriteria(91)) - Pipeline Placement: Doesn't meet the criteria to be viable node. Heaviness: 6
2019-09-12 11:57:10,499 [IPC Server handler 15 on 43548] ERROR pipeline.PipelinePlacementPolicy (PipelinePlacementPolicy.java:filterViableNodes(146)) - Unable to find enough nodes that meet the criteria that cannot engage in more than 5 pipelines. Nodes required: 3 Found: 0, healthy nodes count inNodeManager: 5.
2019-09-12 11:57:10,499 [IPC Server handler 15 on 43548] ERROR pipeline.SCMPipelineManager (SCMPipelineManager.java:createPipeline(161)) - Pipeline creation failed due to exception: Unable to find enough nodes that meet the criteria that cannot engage in more than 5 pipelines. Nodes required: 3 Found: 0, healthy nodes count inNodeManager: 5.
2019-09-12 11:57:10,500 [IPC Server handler 15 on 43548] WARN  block.BlockManagerImpl (BlockManagerImpl.java:allocateBlock(192)) - Pipeline creation failed for type:RATIS factor:THREE. Retrying get pipelines call once.
org.apache.hadoop.hdds.scm.exceptions.SCMException: Unable to find enough nodes that meet the criteria that cannot engage in more than 5 pipelines. Nodes required: 3 Found: 0, healthy nodes count inNodeManager: 5.
	at org.apache.hadoop.hdds.scm.pipeline.PipelinePlacementPolicy.filterViableNodes(PipelinePlacementPolicy.java:147)
	at org.apache.hadoop.hdds.scm.pipeline.PipelinePlacementPolicy.chooseDatanodes(PipelinePlacementPolicy.java:170)
	at org.apache.hadoop.hdds.scm.pipeline.RatisPipelineProvider.create(RatisPipelineProvider.java:92)
	at org.apache.hadoop.hdds.scm.pipeline.PipelineFactory.create(PipelineFactory.java:57)
	at org.apache.hadoop.hdds.scm.pipeline.SCMPipelineManager.createPipeline(SCMPipelineManager.java:149)
	at org.apache.hadoop.hdds.scm.block.BlockManagerImpl.allocateBlock(BlockManagerImpl.java:190)
	at org.apache.hadoop.hdds.scm.server.SCMBlockProtocolServer.allocateBlock(SCMBlockProtocolServer.java:175)
	at org.apache.hadoop.ozone.protocolPB.ScmBlockLocationProtocolServerSideTranslatorPB.allocateScmBlock(ScmBlockLocationProtocolServerSideTranslatorPB.java:153)
	at org.apache.hadoop.ozone.protocolPB.ScmBlockLocationProtocolServerSideTranslatorPB.send(ScmBlockLocationProtocolServerSideTranslatorPB.java:112)
	at org.apache.hadoop.hdds.protocol.proto.ScmBlockLocationProtocolProtos$ScmBlockLocationProtocolService$2.callBlockingMethod(ScmBlockLocationProtocolProtos.java:13157)
	at org.apache.hadoop.ipc.ProtobufRpcEngine$Server$ProtoBufRpcInvoker.call(ProtobufRpcEngine.java:524)
	at org.apache.hadoop.ipc.RPC$Server.call(RPC.java:1025)
	at org.apache.hadoop.ipc.Server$RpcCall.run(Server.java:876)
	at org.apache.hadoop.ipc.Server$RpcCall.run(Server.java:822)
	at java.security.AccessController.doPrivileged(Native Method)
	at javax.security.auth.Subject.doAs(Subject.java:422)
	at org.apache.hadoop.security.UserGroupInformation.doAs(UserGroupInformation.java:1730)
	at org.apache.hadoop.ipc.Server$Handler.run(Server.java:2682)
2019-09-12 11:57:10,500 [IPC Server handler 15 on 43548] INFO  block.BlockManagerImpl (BlockManagerImpl.java:allocateBlock(198)) - Could not find available pipeline of type:RATIS and factor:THREE even after retrying
2019-09-12 11:57:10,500 [IPC Server handler 15 on 43548] ERROR block.BlockManagerImpl (BlockManagerImpl.java:allocateBlock(222)) - Unable to allocate a block for the size: 4194304, type: RATIS, factor: THREE
2019-09-12 11:57:10,500 [IPC Server handler 15 on 43548] ERROR pipeline.PipelinePlacementPolicy (PipelinePlacementPolicy.java:meetCriteria(91)) - Pipeline Placement: Doesn't meet the criteria to be viable node. Heaviness: 6
2019-09-12 11:57:10,500 [IPC Server handler 15 on 43548] ERROR pipeline.PipelinePlacementPolicy (PipelinePlacementPolicy.java:meetCriteria(91)) - Pipeline Placement: Doesn't meet the criteria to be viable node. Heaviness: 6
2019-09-12 11:57:10,501 [IPC Server handler 15 on 43548] ERROR pipeline.PipelinePlacementPolicy (PipelinePlacementPolicy.java:meetCriteria(91)) - Pipeline Placement: Doesn't meet the criteria to be viable node. Heaviness: 6
2019-09-12 11:57:10,501 [IPC Server handler 15 on 43548] ERROR pipeline.PipelinePlacementPolicy (PipelinePlacementPolicy.java:meetCriteria(91)) - Pipeline Placement: Doesn't meet the criteria to be viable node. Heaviness: 6
2019-09-12 11:57:10,501 [IPC Server handler 15 on 43548] ERROR pipeline.PipelinePlacementPolicy (PipelinePlacementPolicy.java:meetCriteria(91)) - Pipeline Placement: Doesn't meet the criteria to be viable node. Heaviness: 6
2019-09-12 11:57:10,501 [IPC Server handler 15 on 43548] ERROR pipeline.PipelinePlacementPolicy (PipelinePlacementPolicy.java:filterViableNodes(146)) - Unable to find enough nodes that meet the criteria that cannot engage in more than 5 pipelines. Nodes required: 3 Found: 0, healthy nodes count inNodeManager: 5.
2019-09-12 11:57:10,501 [IPC Server handler 15 on 43548] ERROR pipeline.SCMPipelineManager (SCMPipelineManager.java:createPipeline(161)) - Pipeline creation failed due to exception: Unable to find enough nodes that meet the criteria that cannot engage in more than 5 pipelines. Nodes required: 3 Found: 0, healthy nodes count inNodeManager: 5.
2019-09-12 11:57:10,501 [IPC Server handler 15 on 43548] WARN  block.BlockManagerImpl (BlockManagerImpl.java:allocateBlock(192)) - Pipeline creation failed for type:RATIS factor:THREE. Retrying get pipelines call once.
org.apache.hadoop.hdds.scm.exceptions.SCMException: Unable to find enough nodes that meet the criteria that cannot engage in more than 5 pipelines. Nodes required: 3 Found: 0, healthy nodes count inNodeManager: 5.
	at org.apache.hadoop.hdds.scm.pipeline.PipelinePlacementPolicy.filterViableNodes(PipelinePlacementPolicy.java:147)
	at org.apache.hadoop.hdds.scm.pipeline.PipelinePlacementPolicy.chooseDatanodes(PipelinePlacementPolicy.java:170)
	at org.apache.hadoop.hdds.scm.pipeline.RatisPipelineProvider.create(RatisPipelineProvider.java:92)
	at org.apache.hadoop.hdds.scm.pipeline.PipelineFactory.create(PipelineFactory.java:57)
	at org.apache.hadoop.hdds.scm.pipeline.SCMPipelineManager.createPipeline(SCMPipelineManager.java:149)
	at org.apache.hadoop.hdds.scm.block.BlockManagerImpl.allocateBlock(BlockManagerImpl.java:190)
	at org.apache.hadoop.hdds.scm.server.SCMBlockProtocolServer.allocateBlock(SCMBlockProtocolServer.java:175)
	at org.apache.hadoop.ozone.protocolPB.ScmBlockLocationProtocolServerSideTranslatorPB.allocateScmBlock(ScmBlockLocationProtocolServerSideTranslatorPB.java:153)
	at org.apache.hadoop.ozone.protocolPB.ScmBlockLocationProtocolServerSideTranslatorPB.send(ScmBlockLocationProtocolServerSideTranslatorPB.java:112)
	at org.apache.hadoop.hdds.protocol.proto.ScmBlockLocationProtocolProtos$ScmBlockLocationProtocolService$2.callBlockingMethod(ScmBlockLocationProtocolProtos.java:13157)
	at org.apache.hadoop.ipc.ProtobufRpcEngine$Server$ProtoBufRpcInvoker.call(ProtobufRpcEngine.java:524)
	at org.apache.hadoop.ipc.RPC$Server.call(RPC.java:1025)
	at org.apache.hadoop.ipc.Server$RpcCall.run(Server.java:876)
	at org.apache.hadoop.ipc.Server$RpcCall.run(Server.java:822)
	at java.security.AccessController.doPrivileged(Native Method)
	at javax.security.auth.Subject.doAs(Subject.java:422)
	at org.apache.hadoop.security.UserGroupInformation.doAs(UserGroupInformation.java:1730)
	at org.apache.hadoop.ipc.Server$Handler.run(Server.java:2682)
2019-09-12 11:57:10,502 [IPC Server handler 15 on 43548] INFO  block.BlockManagerImpl (BlockManagerImpl.java:allocateBlock(198)) - Could not find available pipeline of type:RATIS and factor:THREE even after retrying
2019-09-12 11:57:10,502 [IPC Server handler 15 on 43548] ERROR block.BlockManagerImpl (BlockManagerImpl.java:allocateBlock(222)) - Unable to allocate a block for the size: 4194304, type: RATIS, factor: THREE
2019-09-12 11:57:10,502 [IPC Server handler 15 on 43548] ERROR pipeline.PipelinePlacementPolicy (PipelinePlacementPolicy.java:meetCriteria(91)) - Pipeline Placement: Doesn't meet the criteria to be viable node. Heaviness: 6
2019-09-12 11:57:10,502 [IPC Server handler 15 on 43548] ERROR pipeline.PipelinePlacementPolicy (PipelinePlacementPolicy.java:meetCriteria(91)) - Pipeline Placement: Doesn't meet the criteria to be viable node. Heaviness: 6
2019-09-12 11:57:10,502 [IPC Server handler 15 on 43548] ERROR pipeline.PipelinePlacementPolicy (PipelinePlacementPolicy.java:meetCriteria(91)) - Pipeline Placement: Doesn't meet the criteria to be viable node. Heaviness: 6
2019-09-12 11:57:10,502 [IPC Server handler 15 on 43548] ERROR pipeline.PipelinePlacementPolicy (PipelinePlacementPolicy.java:meetCriteria(91)) - Pipeline Placement: Doesn't meet the criteria to be viable node. Heaviness: 6
2019-09-12 11:57:10,503 [IPC Server handler 15 on 43548] ERROR pipeline.PipelinePlacementPolicy (PipelinePlacementPolicy.java:meetCriteria(91)) - Pipeline Placement: Doesn't meet the criteria to be viable node. Heaviness: 6
2019-09-12 11:57:10,503 [IPC Server handler 15 on 43548] ERROR pipeline.PipelinePlacementPolicy (PipelinePlacementPolicy.java:filterViableNodes(146)) - Unable to find enough nodes that meet the criteria that cannot engage in more than 5 pipelines. Nodes required: 3 Found: 0, healthy nodes count inNodeManager: 5.
2019-09-12 11:57:10,503 [IPC Server handler 15 on 43548] ERROR pipeline.SCMPipelineManager (SCMPipelineManager.java:createPipeline(161)) - Pipeline creation failed due to exception: Unable to find enough nodes that meet the criteria that cannot engage in more than 5 pipelines. Nodes required: 3 Found: 0, healthy nodes count inNodeManager: 5.
2019-09-12 11:57:10,503 [IPC Server handler 15 on 43548] WARN  block.BlockManagerImpl (BlockManagerImpl.java:allocateBlock(192)) - Pipeline creation failed for type:RATIS factor:THREE. Retrying get pipelines call once.
org.apache.hadoop.hdds.scm.exceptions.SCMException: Unable to find enough nodes that meet the criteria that cannot engage in more than 5 pipelines. Nodes required: 3 Found: 0, healthy nodes count inNodeManager: 5.
	at org.apache.hadoop.hdds.scm.pipeline.PipelinePlacementPolicy.filterViableNodes(PipelinePlacementPolicy.java:147)
	at org.apache.hadoop.hdds.scm.pipeline.PipelinePlacementPolicy.chooseDatanodes(PipelinePlacementPolicy.java:170)
	at org.apache.hadoop.hdds.scm.pipeline.RatisPipelineProvider.create(RatisPipelineProvider.java:92)
	at org.apache.hadoop.hdds.scm.pipeline.PipelineFactory.create(PipelineFactory.java:57)
	at org.apache.hadoop.hdds.scm.pipeline.SCMPipelineManager.createPipeline(SCMPipelineManager.java:149)
	at org.apache.hadoop.hdds.scm.block.BlockManagerImpl.allocateBlock(BlockManagerImpl.java:190)
	at org.apache.hadoop.hdds.scm.server.SCMBlockProtocolServer.allocateBlock(SCMBlockProtocolServer.java:175)
	at org.apache.hadoop.ozone.protocolPB.ScmBlockLocationProtocolServerSideTranslatorPB.allocateScmBlock(ScmBlockLocationProtocolServerSideTranslatorPB.java:153)
	at org.apache.hadoop.ozone.protocolPB.ScmBlockLocationProtocolServerSideTranslatorPB.send(ScmBlockLocationProtocolServerSideTranslatorPB.java:112)
	at org.apache.hadoop.hdds.protocol.proto.ScmBlockLocationProtocolProtos$ScmBlockLocationProtocolService$2.callBlockingMethod(ScmBlockLocationProtocolProtos.java:13157)
	at org.apache.hadoop.ipc.ProtobufRpcEngine$Server$ProtoBufRpcInvoker.call(ProtobufRpcEngine.java:524)
	at org.apache.hadoop.ipc.RPC$Server.call(RPC.java:1025)
	at org.apache.hadoop.ipc.Server$RpcCall.run(Server.java:876)
	at org.apache.hadoop.ipc.Server$RpcCall.run(Server.java:822)
	at java.security.AccessController.doPrivileged(Native Method)
	at javax.security.auth.Subject.doAs(Subject.java:422)
	at org.apache.hadoop.security.UserGroupInformation.doAs(UserGroupInformation.java:1730)
	at org.apache.hadoop.ipc.Server$Handler.run(Server.java:2682)
2019-09-12 11:57:10,503 [IPC Server handler 15 on 43548] INFO  block.BlockManagerImpl (BlockManagerImpl.java:allocateBlock(198)) - Could not find available pipeline of type:RATIS and factor:THREE even after retrying
2019-09-12 11:57:10,503 [IPC Server handler 15 on 43548] ERROR block.BlockManagerImpl (BlockManagerImpl.java:allocateBlock(222)) - Unable to allocate a block for the size: 4194304, type: RATIS, factor: THREE
2019-09-12 11:57:10,504 [IPC Server handler 15 on 43548] ERROR pipeline.PipelinePlacementPolicy (PipelinePlacementPolicy.java:meetCriteria(91)) - Pipeline Placement: Doesn't meet the criteria to be viable node. Heaviness: 6
2019-09-12 11:57:10,504 [IPC Server handler 15 on 43548] ERROR pipeline.PipelinePlacementPolicy (PipelinePlacementPolicy.java:meetCriteria(91)) - Pipeline Placement: Doesn't meet the criteria to be viable node. Heaviness: 6
2019-09-12 11:57:10,504 [IPC Server handler 15 on 43548] ERROR pipeline.PipelinePlacementPolicy (PipelinePlacementPolicy.java:meetCriteria(91)) - Pipeline Placement: Doesn't meet the criteria to be viable node. Heaviness: 6
2019-09-12 11:57:10,504 [IPC Server handler 15 on 43548] ERROR pipeline.PipelinePlacementPolicy (PipelinePlacementPolicy.java:meetCriteria(91)) - Pipeline Placement: Doesn't meet the criteria to be viable node. Heaviness: 6
2019-09-12 11:57:10,504 [IPC Server handler 15 on 43548] ERROR pipeline.PipelinePlacementPolicy (PipelinePlacementPolicy.java:meetCriteria(91)) - Pipeline Placement: Doesn't meet the criteria to be viable node. Heaviness: 6
2019-09-12 11:57:10,504 [IPC Server handler 15 on 43548] ERROR pipeline.PipelinePlacementPolicy (PipelinePlacementPolicy.java:filterViableNodes(146)) - Unable to find enough nodes that meet the criteria that cannot engage in more than 5 pipelines. Nodes required: 3 Found: 0, healthy nodes count inNodeManager: 5.
2019-09-12 11:57:10,504 [IPC Server handler 15 on 43548] ERROR pipeline.SCMPipelineManager (SCMPipelineManager.java:createPipeline(161)) - Pipeline creation failed due to exception: Unable to find enough nodes that meet the criteria that cannot engage in more than 5 pipelines. Nodes required: 3 Found: 0, healthy nodes count inNodeManager: 5.
2019-09-12 11:57:10,505 [IPC Server handler 15 on 43548] WARN  block.BlockManagerImpl (BlockManagerImpl.java:allocateBlock(192)) - Pipeline creation failed for type:RATIS factor:THREE. Retrying get pipelines call once.
org.apache.hadoop.hdds.scm.exceptions.SCMException: Unable to find enough nodes that meet the criteria that cannot engage in more than 5 pipelines. Nodes required: 3 Found: 0, healthy nodes count inNodeManager: 5.
	at org.apache.hadoop.hdds.scm.pipeline.PipelinePlacementPolicy.filterViableNodes(PipelinePlacementPolicy.java:147)
	at org.apache.hadoop.hdds.scm.pipeline.PipelinePlacementPolicy.chooseDatanodes(PipelinePlacementPolicy.java:170)
	at org.apache.hadoop.hdds.scm.pipeline.RatisPipelineProvider.create(RatisPipelineProvider.java:92)
	at org.apache.hadoop.hdds.scm.pipeline.PipelineFactory.create(PipelineFactory.java:57)
	at org.apache.hadoop.hdds.scm.pipeline.SCMPipelineManager.createPipeline(SCMPipelineManager.java:149)
	at org.apache.hadoop.hdds.scm.block.BlockManagerImpl.allocateBlock(BlockManagerImpl.java:190)
	at org.apache.hadoop.hdds.scm.server.SCMBlockProtocolServer.allocateBlock(SCMBlockProtocolServer.java:175)
	at org.apache.hadoop.ozone.protocolPB.ScmBlockLocationProtocolServerSideTranslatorPB.allocateScmBlock(ScmBlockLocationProtocolServerSideTranslatorPB.java:153)
	at org.apache.hadoop.ozone.protocolPB.ScmBlockLocationProtocolServerSideTranslatorPB.send(ScmBlockLocationProtocolServerSideTranslatorPB.java:112)
	at org.apache.hadoop.hdds.protocol.proto.ScmBlockLocationProtocolProtos$ScmBlockLocationProtocolService$2.callBlockingMethod(ScmBlockLocationProtocolProtos.java:13157)
	at org.apache.hadoop.ipc.ProtobufRpcEngine$Server$ProtoBufRpcInvoker.call(ProtobufRpcEngine.java:524)
	at org.apache.hadoop.ipc.RPC$Server.call(RPC.java:1025)
	at org.apache.hadoop.ipc.Server$RpcCall.run(Server.java:876)
	at org.apache.hadoop.ipc.Server$RpcCall.run(Server.java:822)
	at java.security.AccessController.doPrivileged(Native Method)
	at javax.security.auth.Subject.doAs(Subject.java:422)
	at org.apache.hadoop.security.UserGroupInformation.doAs(UserGroupInformation.java:1730)
	at org.apache.hadoop.ipc.Server$Handler.run(Server.java:2682)
2019-09-12 11:57:10,505 [IPC Server handler 15 on 43548] INFO  block.BlockManagerImpl (BlockManagerImpl.java:allocateBlock(198)) - Could not find available pipeline of type:RATIS and factor:THREE even after retrying
2019-09-12 11:57:10,505 [IPC Server handler 15 on 43548] ERROR block.BlockManagerImpl (BlockManagerImpl.java:allocateBlock(222)) - Unable to allocate a block for the size: 4194304, type: RATIS, factor: THREE
2019-09-12 11:57:10,505 [IPC Server handler 15 on 43548] ERROR pipeline.PipelinePlacementPolicy (PipelinePlacementPolicy.java:meetCriteria(91)) - Pipeline Placement: Doesn't meet the criteria to be viable node. Heaviness: 6
2019-09-12 11:57:10,505 [IPC Server handler 15 on 43548] ERROR pipeline.PipelinePlacementPolicy (PipelinePlacementPolicy.java:meetCriteria(91)) - Pipeline Placement: Doesn't meet the criteria to be viable node. Heaviness: 6
2019-09-12 11:57:10,506 [IPC Server handler 15 on 43548] ERROR pipeline.PipelinePlacementPolicy (PipelinePlacementPolicy.java:meetCriteria(91)) - Pipeline Placement: Doesn't meet the criteria to be viable node. Heaviness: 6
2019-09-12 11:57:10,506 [IPC Server handler 15 on 43548] ERROR pipeline.PipelinePlacementPolicy (PipelinePlacementPolicy.java:meetCriteria(91)) - Pipeline Placement: Doesn't meet the criteria to be viable node. Heaviness: 6
2019-09-12 11:57:10,506 [IPC Server handler 15 on 43548] ERROR pipeline.PipelinePlacementPolicy (PipelinePlacementPolicy.java:meetCriteria(91)) - Pipeline Placement: Doesn't meet the criteria to be viable node. Heaviness: 6
2019-09-12 11:57:10,506 [IPC Server handler 15 on 43548] ERROR pipeline.PipelinePlacementPolicy (PipelinePlacementPolicy.java:filterViableNodes(146)) - Unable to find enough nodes that meet the criteria that cannot engage in more than 5 pipelines. Nodes required: 3 Found: 0, healthy nodes count inNodeManager: 5.
2019-09-12 11:57:10,506 [IPC Server handler 15 on 43548] ERROR pipeline.SCMPipelineManager (SCMPipelineManager.java:createPipeline(161)) - Pipeline creation failed due to exception: Unable to find enough nodes that meet the criteria that cannot engage in more than 5 pipelines. Nodes required: 3 Found: 0, healthy nodes count inNodeManager: 5.
2019-09-12 11:57:10,506 [IPC Server handler 15 on 43548] WARN  block.BlockManagerImpl (BlockManagerImpl.java:allocateBlock(192)) - Pipeline creation failed for type:RATIS factor:THREE. Retrying get pipelines call once.
org.apache.hadoop.hdds.scm.exceptions.SCMException: Unable to find enough nodes that meet the criteria that cannot engage in more than 5 pipelines. Nodes required: 3 Found: 0, healthy nodes count inNodeManager: 5.
	at org.apache.hadoop.hdds.scm.pipeline.PipelinePlacementPolicy.filterViableNodes(PipelinePlacementPolicy.java:147)
	at org.apache.hadoop.hdds.scm.pipeline.PipelinePlacementPolicy.chooseDatanodes(PipelinePlacementPolicy.java:170)
	at org.apache.hadoop.hdds.scm.pipeline.RatisPipelineProvider.create(RatisPipelineProvider.java:92)
	at org.apache.hadoop.hdds.scm.pipeline.PipelineFactory.create(PipelineFactory.java:57)
	at org.apache.hadoop.hdds.scm.pipeline.SCMPipelineManager.createPipeline(SCMPipelineManager.java:149)
	at org.apache.hadoop.hdds.scm.block.BlockManagerImpl.allocateBlock(BlockManagerImpl.java:190)
	at org.apache.hadoop.hdds.scm.server.SCMBlockProtocolServer.allocateBlock(SCMBlockProtocolServer.java:175)
	at org.apache.hadoop.ozone.protocolPB.ScmBlockLocationProtocolServerSideTranslatorPB.allocateScmBlock(ScmBlockLocationProtocolServerSideTranslatorPB.java:153)
	at org.apache.hadoop.ozone.protocolPB.ScmBlockLocationProtocolServerSideTranslatorPB.send(ScmBlockLocationProtocolServerSideTranslatorPB.java:112)
	at org.apache.hadoop.hdds.protocol.proto.ScmBlockLocationProtocolProtos$ScmBlockLocationProtocolService$2.callBlockingMethod(ScmBlockLocationProtocolProtos.java:13157)
	at org.apache.hadoop.ipc.ProtobufRpcEngine$Server$ProtoBufRpcInvoker.call(ProtobufRpcEngine.java:524)
	at org.apache.hadoop.ipc.RPC$Server.call(RPC.java:1025)
	at org.apache.hadoop.ipc.Server$RpcCall.run(Server.java:876)
	at org.apache.hadoop.ipc.Server$RpcCall.run(Server.java:822)
	at java.security.AccessController.doPrivileged(Native Method)
	at javax.security.auth.Subject.doAs(Subject.java:422)
	at org.apache.hadoop.security.UserGroupInformation.doAs(UserGroupInformation.java:1730)
	at org.apache.hadoop.ipc.Server$Handler.run(Server.java:2682)
2019-09-12 11:57:10,507 [IPC Server handler 15 on 43548] INFO  block.BlockManagerImpl (BlockManagerImpl.java:allocateBlock(198)) - Could not find available pipeline of type:RATIS and factor:THREE even after retrying
2019-09-12 11:57:10,507 [IPC Server handler 15 on 43548] ERROR block.BlockManagerImpl (BlockManagerImpl.java:allocateBlock(222)) - Unable to allocate a block for the size: 4194304, type: RATIS, factor: THREE
2019-09-12 11:57:10,507 [IPC Server handler 15 on 43548] ERROR pipeline.PipelinePlacementPolicy (PipelinePlacementPolicy.java:meetCriteria(91)) - Pipeline Placement: Doesn't meet the criteria to be viable node. Heaviness: 6
2019-09-12 11:57:10,507 [IPC Server handler 15 on 43548] ERROR pipeline.PipelinePlacementPolicy (PipelinePlacementPolicy.java:meetCriteria(91)) - Pipeline Placement: Doesn't meet the criteria to be viable node. Heaviness: 6
2019-09-12 11:57:10,507 [IPC Server handler 15 on 43548] ERROR pipeline.PipelinePlacementPolicy (PipelinePlacementPolicy.java:meetCriteria(91)) - Pipeline Placement: Doesn't meet the criteria to be viable node. Heaviness: 6
2019-09-12 11:57:10,508 [IPC Server handler 15 on 43548] ERROR pipeline.PipelinePlacementPolicy (PipelinePlacementPolicy.java:meetCriteria(91)) - Pipeline Placement: Doesn't meet the criteria to be viable node. Heaviness: 6
2019-09-12 11:57:10,508 [IPC Server handler 15 on 43548] ERROR pipeline.PipelinePlacementPolicy (PipelinePlacementPolicy.java:meetCriteria(91)) - Pipeline Placement: Doesn't meet the criteria to be viable node. Heaviness: 6
2019-09-12 11:57:10,508 [IPC Server handler 15 on 43548] ERROR pipeline.PipelinePlacementPolicy (PipelinePlacementPolicy.java:filterViableNodes(146)) - Unable to find enough nodes that meet the criteria that cannot engage in more than 5 pipelines. Nodes required: 3 Found: 0, healthy nodes count inNodeManager: 5.
2019-09-12 11:57:10,508 [IPC Server handler 15 on 43548] ERROR pipeline.SCMPipelineManager (SCMPipelineManager.java:createPipeline(161)) - Pipeline creation failed due to exception: Unable to find enough nodes that meet the criteria that cannot engage in more than 5 pipelines. Nodes required: 3 Found: 0, healthy nodes count inNodeManager: 5.
2019-09-12 11:57:10,508 [IPC Server handler 15 on 43548] WARN  block.BlockManagerImpl (BlockManagerImpl.java:allocateBlock(192)) - Pipeline creation failed for type:RATIS factor:THREE. Retrying get pipelines call once.
org.apache.hadoop.hdds.scm.exceptions.SCMException: Unable to find enough nodes that meet the criteria that cannot engage in more than 5 pipelines. Nodes required: 3 Found: 0, healthy nodes count inNodeManager: 5.
	at org.apache.hadoop.hdds.scm.pipeline.PipelinePlacementPolicy.filterViableNodes(PipelinePlacementPolicy.java:147)
	at org.apache.hadoop.hdds.scm.pipeline.PipelinePlacementPolicy.chooseDatanodes(PipelinePlacementPolicy.java:170)
	at org.apache.hadoop.hdds.scm.pipeline.RatisPipelineProvider.create(RatisPipelineProvider.java:92)
	at org.apache.hadoop.hdds.scm.pipeline.PipelineFactory.create(PipelineFactory.java:57)
	at org.apache.hadoop.hdds.scm.pipeline.SCMPipelineManager.createPipeline(SCMPipelineManager.java:149)
	at org.apache.hadoop.hdds.scm.block.BlockManagerImpl.allocateBlock(BlockManagerImpl.java:190)
	at org.apache.hadoop.hdds.scm.server.SCMBlockProtocolServer.allocateBlock(SCMBlockProtocolServer.java:175)
	at org.apache.hadoop.ozone.protocolPB.ScmBlockLocationProtocolServerSideTranslatorPB.allocateScmBlock(ScmBlockLocationProtocolServerSideTranslatorPB.java:153)
	at org.apache.hadoop.ozone.protocolPB.ScmBlockLocationProtocolServerSideTranslatorPB.send(ScmBlockLocationProtocolServerSideTranslatorPB.java:112)
	at org.apache.hadoop.hdds.protocol.proto.ScmBlockLocationProtocolProtos$ScmBlockLocationProtocolService$2.callBlockingMethod(ScmBlockLocationProtocolProtos.java:13157)
	at org.apache.hadoop.ipc.ProtobufRpcEngine$Server$ProtoBufRpcInvoker.call(ProtobufRpcEngine.java:524)
	at org.apache.hadoop.ipc.RPC$Server.call(RPC.java:1025)
	at org.apache.hadoop.ipc.Server$RpcCall.run(Server.java:876)
	at org.apache.hadoop.ipc.Server$RpcCall.run(Server.java:822)
	at java.security.AccessController.doPrivileged(Native Method)
	at javax.security.auth.Subject.doAs(Subject.java:422)
	at org.apache.hadoop.security.UserGroupInformation.doAs(UserGroupInformation.java:1730)
	at org.apache.hadoop.ipc.Server$Handler.run(Server.java:2682)
2019-09-12 11:57:10,509 [IPC Server handler 15 on 43548] INFO  block.BlockManagerImpl (BlockManagerImpl.java:allocateBlock(198)) - Could not find available pipeline of type:RATIS and factor:THREE even after retrying
2019-09-12 11:57:10,509 [IPC Server handler 15 on 43548] ERROR block.BlockManagerImpl (BlockManagerImpl.java:allocateBlock(222)) - Unable to allocate a block for the size: 4194304, type: RATIS, factor: THREE
2019-09-12 11:57:10,509 [IPC Server handler 15 on 43548] ERROR pipeline.PipelinePlacementPolicy (PipelinePlacementPolicy.java:meetCriteria(91)) - Pipeline Placement: Doesn't meet the criteria to be viable node. Heaviness: 6
2019-09-12 11:57:10,509 [IPC Server handler 15 on 43548] ERROR pipeline.PipelinePlacementPolicy (PipelinePlacementPolicy.java:meetCriteria(91)) - Pipeline Placement: Doesn't meet the criteria to be viable node. Heaviness: 6
2019-09-12 11:57:10,509 [IPC Server handler 15 on 43548] ERROR pipeline.PipelinePlacementPolicy (PipelinePlacementPolicy.java:meetCriteria(91)) - Pipeline Placement: Doesn't meet the criteria to be viable node. Heaviness: 6
2019-09-12 11:57:10,509 [IPC Server handler 15 on 43548] ERROR pipeline.PipelinePlacementPolicy (PipelinePlacementPolicy.java:meetCriteria(91)) - Pipeline Placement: Doesn't meet the criteria to be viable node. Heaviness: 6
2019-09-12 11:57:10,509 [IPC Server handler 15 on 43548] ERROR pipeline.PipelinePlacementPolicy (PipelinePlacementPolicy.java:meetCriteria(91)) - Pipeline Placement: Doesn't meet the criteria to be viable node. Heaviness: 6
2019-09-12 11:57:10,509 [IPC Server handler 15 on 43548] ERROR pipeline.PipelinePlacementPolicy (PipelinePlacementPolicy.java:filterViableNodes(146)) - Unable to find enough nodes that meet the criteria that cannot engage in more than 5 pipelines. Nodes required: 3 Found: 0, healthy nodes count inNodeManager: 5.
2019-09-12 11:57:10,510 [IPC Server handler 15 on 43548] ERROR pipeline.SCMPipelineManager (SCMPipelineManager.java:createPipeline(161)) - Pipeline creation failed due to exception: Unable to find enough nodes that meet the criteria that cannot engage in more than 5 pipelines. Nodes required: 3 Found: 0, healthy nodes count inNodeManager: 5.
2019-09-12 11:57:10,510 [IPC Server handler 15 on 43548] WARN  block.BlockManagerImpl (BlockManagerImpl.java:allocateBlock(192)) - Pipeline creation failed for type:RATIS factor:THREE. Retrying get pipelines call once.
org.apache.hadoop.hdds.scm.exceptions.SCMException: Unable to find enough nodes that meet the criteria that cannot engage in more than 5 pipelines. Nodes required: 3 Found: 0, healthy nodes count inNodeManager: 5.
	at org.apache.hadoop.hdds.scm.pipeline.PipelinePlacementPolicy.filterViableNodes(PipelinePlacementPolicy.java:147)
	at org.apache.hadoop.hdds.scm.pipeline.PipelinePlacementPolicy.chooseDatanodes(PipelinePlacementPolicy.java:170)
	at org.apache.hadoop.hdds.scm.pipeline.RatisPipelineProvider.create(RatisPipelineProvider.java:92)
	at org.apache.hadoop.hdds.scm.pipeline.PipelineFactory.create(PipelineFactory.java:57)
	at org.apache.hadoop.hdds.scm.pipeline.SCMPipelineManager.createPipeline(SCMPipelineManager.java:149)
	at org.apache.hadoop.hdds.scm.block.BlockManagerImpl.allocateBlock(BlockManagerImpl.java:190)
	at org.apache.hadoop.hdds.scm.server.SCMBlockProtocolServer.allocateBlock(SCMBlockProtocolServer.java:175)
	at org.apache.hadoop.ozone.protocolPB.ScmBlockLocationProtocolServerSideTranslatorPB.allocateScmBlock(ScmBlockLocationProtocolServerSideTranslatorPB.java:153)
	at org.apache.hadoop.ozone.protocolPB.ScmBlockLocationProtocolServerSideTranslatorPB.send(ScmBlockLocationProtocolServerSideTranslatorPB.java:112)
	at org.apache.hadoop.hdds.protocol.proto.ScmBlockLocationProtocolProtos$ScmBlockLocationProtocolService$2.callBlockingMethod(ScmBlockLocationProtocolProtos.java:13157)
	at org.apache.hadoop.ipc.ProtobufRpcEngine$Server$ProtoBufRpcInvoker.call(ProtobufRpcEngine.java:524)
	at org.apache.hadoop.ipc.RPC$Server.call(RPC.java:1025)
	at org.apache.hadoop.ipc.Server$RpcCall.run(Server.java:876)
	at org.apache.hadoop.ipc.Server$RpcCall.run(Server.java:822)
	at java.security.AccessController.doPrivileged(Native Method)
	at javax.security.auth.Subject.doAs(Subject.java:422)
	at org.apache.hadoop.security.UserGroupInformation.doAs(UserGroupInformation.java:1730)
	at org.apache.hadoop.ipc.Server$Handler.run(Server.java:2682)
2019-09-12 11:57:10,510 [IPC Server handler 15 on 43548] INFO  block.BlockManagerImpl (BlockManagerImpl.java:allocateBlock(198)) - Could not find available pipeline of type:RATIS and factor:THREE even after retrying
2019-09-12 11:57:10,510 [IPC Server handler 15 on 43548] ERROR block.BlockManagerImpl (BlockManagerImpl.java:allocateBlock(222)) - Unable to allocate a block for the size: 4194304, type: RATIS, factor: THREE
2019-09-12 11:57:10,510 [IPC Server handler 15 on 43548] ERROR pipeline.PipelinePlacementPolicy (PipelinePlacementPolicy.java:meetCriteria(91)) - Pipeline Placement: Doesn't meet the criteria to be viable node. Heaviness: 6
2019-09-12 11:57:10,511 [IPC Server handler 15 on 43548] ERROR pipeline.PipelinePlacementPolicy (PipelinePlacementPolicy.java:meetCriteria(91)) - Pipeline Placement: Doesn't meet the criteria to be viable node. Heaviness: 6
2019-09-12 11:57:10,511 [IPC Server handler 15 on 43548] ERROR pipeline.PipelinePlacementPolicy (PipelinePlacementPolicy.java:meetCriteria(91)) - Pipeline Placement: Doesn't meet the criteria to be viable node. Heaviness: 6
2019-09-12 11:57:10,511 [IPC Server handler 15 on 43548] ERROR pipeline.PipelinePlacementPolicy (PipelinePlacementPolicy.java:meetCriteria(91)) - Pipeline Placement: Doesn't meet the criteria to be viable node. Heaviness: 6
2019-09-12 11:57:10,511 [IPC Server handler 15 on 43548] ERROR pipeline.PipelinePlacementPolicy (PipelinePlacementPolicy.java:meetCriteria(91)) - Pipeline Placement: Doesn't meet the criteria to be viable node. Heaviness: 6
2019-09-12 11:57:10,511 [IPC Server handler 15 on 43548] ERROR pipeline.PipelinePlacementPolicy (PipelinePlacementPolicy.java:filterViableNodes(146)) - Unable to find enough nodes that meet the criteria that cannot engage in more than 5 pipelines. Nodes required: 3 Found: 0, healthy nodes count inNodeManager: 5.
2019-09-12 11:57:10,511 [IPC Server handler 15 on 43548] ERROR pipeline.SCMPipelineManager (SCMPipelineManager.java:createPipeline(161)) - Pipeline creation failed due to exception: Unable to find enough nodes that meet the criteria that cannot engage in more than 5 pipelines. Nodes required: 3 Found: 0, healthy nodes count inNodeManager: 5.
2019-09-12 11:57:10,511 [IPC Server handler 15 on 43548] WARN  block.BlockManagerImpl (BlockManagerImpl.java:allocateBlock(192)) - Pipeline creation failed for type:RATIS factor:THREE. Retrying get pipelines call once.
org.apache.hadoop.hdds.scm.exceptions.SCMException: Unable to find enough nodes that meet the criteria that cannot engage in more than 5 pipelines. Nodes required: 3 Found: 0, healthy nodes count inNodeManager: 5.
	at org.apache.hadoop.hdds.scm.pipeline.PipelinePlacementPolicy.filterViableNodes(PipelinePlacementPolicy.java:147)
	at org.apache.hadoop.hdds.scm.pipeline.PipelinePlacementPolicy.chooseDatanodes(PipelinePlacementPolicy.java:170)
	at org.apache.hadoop.hdds.scm.pipeline.RatisPipelineProvider.create(RatisPipelineProvider.java:92)
	at org.apache.hadoop.hdds.scm.pipeline.PipelineFactory.create(PipelineFactory.java:57)
	at org.apache.hadoop.hdds.scm.pipeline.SCMPipelineManager.createPipeline(SCMPipelineManager.java:149)
	at org.apache.hadoop.hdds.scm.block.BlockManagerImpl.allocateBlock(BlockManagerImpl.java:190)
	at org.apache.hadoop.hdds.scm.server.SCMBlockProtocolServer.allocateBlock(SCMBlockProtocolServer.java:175)
	at org.apache.hadoop.ozone.protocolPB.ScmBlockLocationProtocolServerSideTranslatorPB.allocateScmBlock(ScmBlockLocationProtocolServerSideTranslatorPB.java:153)
	at org.apache.hadoop.ozone.protocolPB.ScmBlockLocationProtocolServerSideTranslatorPB.send(ScmBlockLocationProtocolServerSideTranslatorPB.java:112)
	at org.apache.hadoop.hdds.protocol.proto.ScmBlockLocationProtocolProtos$ScmBlockLocationProtocolService$2.callBlockingMethod(ScmBlockLocationProtocolProtos.java:13157)
	at org.apache.hadoop.ipc.ProtobufRpcEngine$Server$ProtoBufRpcInvoker.call(ProtobufRpcEngine.java:524)
	at org.apache.hadoop.ipc.RPC$Server.call(RPC.java:1025)
	at org.apache.hadoop.ipc.Server$RpcCall.run(Server.java:876)
	at org.apache.hadoop.ipc.Server$RpcCall.run(Server.java:822)
	at java.security.AccessController.doPrivileged(Native Method)
	at javax.security.auth.Subject.doAs(Subject.java:422)
	at org.apache.hadoop.security.UserGroupInformation.doAs(UserGroupInformation.java:1730)
	at org.apache.hadoop.ipc.Server$Handler.run(Server.java:2682)
2019-09-12 11:57:10,512 [IPC Server handler 15 on 43548] INFO  block.BlockManagerImpl (BlockManagerImpl.java:allocateBlock(198)) - Could not find available pipeline of type:RATIS and factor:THREE even after retrying
2019-09-12 11:57:10,512 [IPC Server handler 15 on 43548] ERROR block.BlockManagerImpl (BlockManagerImpl.java:allocateBlock(222)) - Unable to allocate a block for the size: 4194304, type: RATIS, factor: THREE
2019-09-12 11:57:10,512 [IPC Server handler 15 on 43548] ERROR pipeline.PipelinePlacementPolicy (PipelinePlacementPolicy.java:meetCriteria(91)) - Pipeline Placement: Doesn't meet the criteria to be viable node. Heaviness: 6
2019-09-12 11:57:10,512 [IPC Server handler 15 on 43548] ERROR pipeline.PipelinePlacementPolicy (PipelinePlacementPolicy.java:meetCriteria(91)) - Pipeline Placement: Doesn't meet the criteria to be viable node. Heaviness: 6
2019-09-12 11:57:10,513 [IPC Server handler 15 on 43548] ERROR pipeline.PipelinePlacementPolicy (PipelinePlacementPolicy.java:meetCriteria(91)) - Pipeline Placement: Doesn't meet the criteria to be viable node. Heaviness: 6
2019-09-12 11:57:10,513 [IPC Server handler 15 on 43548] ERROR pipeline.PipelinePlacementPolicy (PipelinePlacementPolicy.java:meetCriteria(91)) - Pipeline Placement: Doesn't meet the criteria to be viable node. Heaviness: 6
2019-09-12 11:57:10,513 [IPC Server handler 15 on 43548] ERROR pipeline.PipelinePlacementPolicy (PipelinePlacementPolicy.java:meetCriteria(91)) - Pipeline Placement: Doesn't meet the criteria to be viable node. Heaviness: 6
2019-09-12 11:57:10,513 [IPC Server handler 15 on 43548] ERROR pipeline.PipelinePlacementPolicy (PipelinePlacementPolicy.java:filterViableNodes(146)) - Unable to find enough nodes that meet the criteria that cannot engage in more than 5 pipelines. Nodes required: 3 Found: 0, healthy nodes count inNodeManager: 5.
2019-09-12 11:57:10,513 [IPC Server handler 15 on 43548] ERROR pipeline.SCMPipelineManager (SCMPipelineManager.java:createPipeline(161)) - Pipeline creation failed due to exception: Unable to find enough nodes that meet the criteria that cannot engage in more than 5 pipelines. Nodes required: 3 Found: 0, healthy nodes count inNodeManager: 5.
2019-09-12 11:57:10,513 [IPC Server handler 15 on 43548] WARN  block.BlockManagerImpl (BlockManagerImpl.java:allocateBlock(192)) - Pipeline creation failed for type:RATIS factor:THREE. Retrying get pipelines call once.
org.apache.hadoop.hdds.scm.exceptions.SCMException: Unable to find enough nodes that meet the criteria that cannot engage in more than 5 pipelines. Nodes required: 3 Found: 0, healthy nodes count inNodeManager: 5.
	at org.apache.hadoop.hdds.scm.pipeline.PipelinePlacementPolicy.filterViableNodes(PipelinePlacementPolicy.java:147)
	at org.apache.hadoop.hdds.scm.pipeline.PipelinePlacementPolicy.chooseDatanodes(PipelinePlacementPolicy.java:170)
	at org.apache.hadoop.hdds.scm.pipeline.RatisPipelineProvider.create(RatisPipelineProvider.java:92)
	at org.apache.hadoop.hdds.scm.pipeline.PipelineFactory.create(PipelineFactory.java:57)
	at org.apache.hadoop.hdds.scm.pipeline.SCMPipelineManager.createPipeline(SCMPipelineManager.java:149)
	at org.apache.hadoop.hdds.scm.block.BlockManagerImpl.allocateBlock(BlockManagerImpl.java:190)
	at org.apache.hadoop.hdds.scm.server.SCMBlockProtocolServer.allocateBlock(SCMBlockProtocolServer.java:175)
	at org.apache.hadoop.ozone.protocolPB.ScmBlockLocationProtocolServerSideTranslatorPB.allocateScmBlock(ScmBlockLocationProtocolServerSideTranslatorPB.java:153)
	at org.apache.hadoop.ozone.protocolPB.ScmBlockLocationProtocolServerSideTranslatorPB.send(ScmBlockLocationProtocolServerSideTranslatorPB.java:112)
	at org.apache.hadoop.hdds.protocol.proto.ScmBlockLocationProtocolProtos$ScmBlockLocationProtocolService$2.callBlockingMethod(ScmBlockLocationProtocolProtos.java:13157)
	at org.apache.hadoop.ipc.ProtobufRpcEngine$Server$ProtoBufRpcInvoker.call(ProtobufRpcEngine.java:524)
	at org.apache.hadoop.ipc.RPC$Server.call(RPC.java:1025)
	at org.apache.hadoop.ipc.Server$RpcCall.run(Server.java:876)
	at org.apache.hadoop.ipc.Server$RpcCall.run(Server.java:822)
	at java.security.AccessController.doPrivileged(Native Method)
	at javax.security.auth.Subject.doAs(Subject.java:422)
	at org.apache.hadoop.security.UserGroupInformation.doAs(UserGroupInformation.java:1730)
	at org.apache.hadoop.ipc.Server$Handler.run(Server.java:2682)
2019-09-12 11:57:10,514 [IPC Server handler 15 on 43548] INFO  block.BlockManagerImpl (BlockManagerImpl.java:allocateBlock(198)) - Could not find available pipeline of type:RATIS and factor:THREE even after retrying
2019-09-12 11:57:10,514 [IPC Server handler 15 on 43548] ERROR block.BlockManagerImpl (BlockManagerImpl.java:allocateBlock(222)) - Unable to allocate a block for the size: 4194304, type: RATIS, factor: THREE
2019-09-12 11:57:10,514 [IPC Server handler 15 on 43548] ERROR pipeline.PipelinePlacementPolicy (PipelinePlacementPolicy.java:meetCriteria(91)) - Pipeline Placement: Doesn't meet the criteria to be viable node. Heaviness: 6
2019-09-12 11:57:10,514 [IPC Server handler 15 on 43548] ERROR pipeline.PipelinePlacementPolicy (PipelinePlacementPolicy.java:meetCriteria(91)) - Pipeline Placement: Doesn't meet the criteria to be viable node. Heaviness: 6
2019-09-12 11:57:10,514 [IPC Server handler 15 on 43548] ERROR pipeline.PipelinePlacementPolicy (PipelinePlacementPolicy.java:meetCriteria(91)) - Pipeline Placement: Doesn't meet the criteria to be viable node. Heaviness: 6
2019-09-12 11:57:10,514 [IPC Server handler 15 on 43548] ERROR pipeline.PipelinePlacementPolicy (PipelinePlacementPolicy.java:meetCriteria(91)) - Pipeline Placement: Doesn't meet the criteria to be viable node. Heaviness: 6
2019-09-12 11:57:10,515 [IPC Server handler 15 on 43548] ERROR pipeline.PipelinePlacementPolicy (PipelinePlacementPolicy.java:meetCriteria(91)) - Pipeline Placement: Doesn't meet the criteria to be viable node. Heaviness: 6
2019-09-12 11:57:10,515 [IPC Server handler 15 on 43548] ERROR pipeline.PipelinePlacementPolicy (PipelinePlacementPolicy.java:filterViableNodes(146)) - Unable to find enough nodes that meet the criteria that cannot engage in more than 5 pipelines. Nodes required: 3 Found: 0, healthy nodes count inNodeManager: 5.
2019-09-12 11:57:10,515 [IPC Server handler 15 on 43548] ERROR pipeline.SCMPipelineManager (SCMPipelineManager.java:createPipeline(161)) - Pipeline creation failed due to exception: Unable to find enough nodes that meet the criteria that cannot engage in more than 5 pipelines. Nodes required: 3 Found: 0, healthy nodes count inNodeManager: 5.
2019-09-12 11:57:10,515 [IPC Server handler 15 on 43548] WARN  block.BlockManagerImpl (BlockManagerImpl.java:allocateBlock(192)) - Pipeline creation failed for type:RATIS factor:THREE. Retrying get pipelines call once.
org.apache.hadoop.hdds.scm.exceptions.SCMException: Unable to find enough nodes that meet the criteria that cannot engage in more than 5 pipelines. Nodes required: 3 Found: 0, healthy nodes count inNodeManager: 5.
	at org.apache.hadoop.hdds.scm.pipeline.PipelinePlacementPolicy.filterViableNodes(PipelinePlacementPolicy.java:147)
	at org.apache.hadoop.hdds.scm.pipeline.PipelinePlacementPolicy.chooseDatanodes(PipelinePlacementPolicy.java:170)
	at org.apache.hadoop.hdds.scm.pipeline.RatisPipelineProvider.create(RatisPipelineProvider.java:92)
	at org.apache.hadoop.hdds.scm.pipeline.PipelineFactory.create(PipelineFactory.java:57)
	at org.apache.hadoop.hdds.scm.pipeline.SCMPipelineManager.createPipeline(SCMPipelineManager.java:149)
	at org.apache.hadoop.hdds.scm.block.BlockManagerImpl.allocateBlock(BlockManagerImpl.java:190)
	at org.apache.hadoop.hdds.scm.server.SCMBlockProtocolServer.allocateBlock(SCMBlockProtocolServer.java:175)
	at org.apache.hadoop.ozone.protocolPB.ScmBlockLocationProtocolServerSideTranslatorPB.allocateScmBlock(ScmBlockLocationProtocolServerSideTranslatorPB.java:153)
	at org.apache.hadoop.ozone.protocolPB.ScmBlockLocationProtocolServerSideTranslatorPB.send(ScmBlockLocationProtocolServerSideTranslatorPB.java:112)
	at org.apache.hadoop.hdds.protocol.proto.ScmBlockLocationProtocolProtos$ScmBlockLocationProtocolService$2.callBlockingMethod(ScmBlockLocationProtocolProtos.java:13157)
	at org.apache.hadoop.ipc.ProtobufRpcEngine$Server$ProtoBufRpcInvoker.call(ProtobufRpcEngine.java:524)
	at org.apache.hadoop.ipc.RPC$Server.call(RPC.java:1025)
	at org.apache.hadoop.ipc.Server$RpcCall.run(Server.java:876)
	at org.apache.hadoop.ipc.Server$RpcCall.run(Server.java:822)
	at java.security.AccessController.doPrivileged(Native Method)
	at javax.security.auth.Subject.doAs(Subject.java:422)
	at org.apache.hadoop.security.UserGroupInformation.doAs(UserGroupInformation.java:1730)
	at org.apache.hadoop.ipc.Server$Handler.run(Server.java:2682)
2019-09-12 11:57:10,516 [IPC Server handler 15 on 43548] INFO  block.BlockManagerImpl (BlockManagerImpl.java:allocateBlock(198)) - Could not find available pipeline of type:RATIS and factor:THREE even after retrying
2019-09-12 11:57:10,516 [IPC Server handler 15 on 43548] ERROR block.BlockManagerImpl (BlockManagerImpl.java:allocateBlock(222)) - Unable to allocate a block for the size: 4194304, type: RATIS, factor: THREE
2019-09-12 11:57:10,516 [IPC Server handler 15 on 43548] ERROR pipeline.PipelinePlacementPolicy (PipelinePlacementPolicy.java:meetCriteria(91)) - Pipeline Placement: Doesn't meet the criteria to be viable node. Heaviness: 6
2019-09-12 11:57:10,516 [IPC Server handler 15 on 43548] ERROR pipeline.PipelinePlacementPolicy (PipelinePlacementPolicy.java:meetCriteria(91)) - Pipeline Placement: Doesn't meet the criteria to be viable node. Heaviness: 6
2019-09-12 11:57:10,516 [IPC Server handler 15 on 43548] ERROR pipeline.PipelinePlacementPolicy (PipelinePlacementPolicy.java:meetCriteria(91)) - Pipeline Placement: Doesn't meet the criteria to be viable node. Heaviness: 6
2019-09-12 11:57:10,516 [IPC Server handler 15 on 43548] ERROR pipeline.PipelinePlacementPolicy (PipelinePlacementPolicy.java:meetCriteria(91)) - Pipeline Placement: Doesn't meet the criteria to be viable node. Heaviness: 6
2019-09-12 11:57:10,516 [IPC Server handler 15 on 43548] ERROR pipeline.PipelinePlacementPolicy (PipelinePlacementPolicy.java:meetCriteria(91)) - Pipeline Placement: Doesn't meet the criteria to be viable node. Heaviness: 6
2019-09-12 11:57:10,517 [IPC Server handler 15 on 43548] ERROR pipeline.PipelinePlacementPolicy (PipelinePlacementPolicy.java:filterViableNodes(146)) - Unable to find enough nodes that meet the criteria that cannot engage in more than 5 pipelines. Nodes required: 3 Found: 0, healthy nodes count inNodeManager: 5.
2019-09-12 11:57:10,517 [IPC Server handler 15 on 43548] ERROR pipeline.SCMPipelineManager (SCMPipelineManager.java:createPipeline(161)) - Pipeline creation failed due to exception: Unable to find enough nodes that meet the criteria that cannot engage in more than 5 pipelines. Nodes required: 3 Found: 0, healthy nodes count inNodeManager: 5.
2019-09-12 11:57:10,517 [IPC Server handler 15 on 43548] WARN  block.BlockManagerImpl (BlockManagerImpl.java:allocateBlock(192)) - Pipeline creation failed for type:RATIS factor:THREE. Retrying get pipelines call once.
org.apache.hadoop.hdds.scm.exceptions.SCMException: Unable to find enough nodes that meet the criteria that cannot engage in more than 5 pipelines. Nodes required: 3 Found: 0, healthy nodes count inNodeManager: 5.
	at org.apache.hadoop.hdds.scm.pipeline.PipelinePlacementPolicy.filterViableNodes(PipelinePlacementPolicy.java:147)
	at org.apache.hadoop.hdds.scm.pipeline.PipelinePlacementPolicy.chooseDatanodes(PipelinePlacementPolicy.java:170)
	at org.apache.hadoop.hdds.scm.pipeline.RatisPipelineProvider.create(RatisPipelineProvider.java:92)
	at org.apache.hadoop.hdds.scm.pipeline.PipelineFactory.create(PipelineFactory.java:57)
	at org.apache.hadoop.hdds.scm.pipeline.SCMPipelineManager.createPipeline(SCMPipelineManager.java:149)
	at org.apache.hadoop.hdds.scm.block.BlockManagerImpl.allocateBlock(BlockManagerImpl.java:190)
	at org.apache.hadoop.hdds.scm.server.SCMBlockProtocolServer.allocateBlock(SCMBlockProtocolServer.java:175)
	at org.apache.hadoop.ozone.protocolPB.ScmBlockLocationProtocolServerSideTranslatorPB.allocateScmBlock(ScmBlockLocationProtocolServerSideTranslatorPB.java:153)
	at org.apache.hadoop.ozone.protocolPB.ScmBlockLocationProtocolServerSideTranslatorPB.send(ScmBlockLocationProtocolServerSideTranslatorPB.java:112)
	at org.apache.hadoop.hdds.protocol.proto.ScmBlockLocationProtocolProtos$ScmBlockLocationProtocolService$2.callBlockingMethod(ScmBlockLocationProtocolProtos.java:13157)
	at org.apache.hadoop.ipc.ProtobufRpcEngine$Server$ProtoBufRpcInvoker.call(ProtobufRpcEngine.java:524)
	at org.apache.hadoop.ipc.RPC$Server.call(RPC.java:1025)
	at org.apache.hadoop.ipc.Server$RpcCall.run(Server.java:876)
	at org.apache.hadoop.ipc.Server$RpcCall.run(Server.java:822)
	at java.security.AccessController.doPrivileged(Native Method)
	at javax.security.auth.Subject.doAs(Subject.java:422)
	at org.apache.hadoop.security.UserGroupInformation.doAs(UserGroupInformation.java:1730)
	at org.apache.hadoop.ipc.Server$Handler.run(Server.java:2682)
2019-09-12 11:57:10,517 [IPC Server handler 15 on 43548] INFO  block.BlockManagerImpl (BlockManagerImpl.java:allocateBlock(198)) - Could not find available pipeline of type:RATIS and factor:THREE even after retrying
2019-09-12 11:57:10,517 [IPC Server handler 15 on 43548] ERROR block.BlockManagerImpl (BlockManagerImpl.java:allocateBlock(222)) - Unable to allocate a block for the size: 4194304, type: RATIS, factor: THREE
2019-09-12 11:57:10,518 [IPC Server handler 15 on 43548] ERROR pipeline.PipelinePlacementPolicy (PipelinePlacementPolicy.java:meetCriteria(91)) - Pipeline Placement: Doesn't meet the criteria to be viable node. Heaviness: 6
2019-09-12 11:57:10,518 [IPC Server handler 15 on 43548] ERROR pipeline.PipelinePlacementPolicy (PipelinePlacementPolicy.java:meetCriteria(91)) - Pipeline Placement: Doesn't meet the criteria to be viable node. Heaviness: 6
2019-09-12 11:57:10,518 [IPC Server handler 15 on 43548] ERROR pipeline.PipelinePlacementPolicy (PipelinePlacementPolicy.java:meetCriteria(91)) - Pipeline Placement: Doesn't meet the criteria to be viable node. Heaviness: 6
2019-09-12 11:57:10,518 [IPC Server handler 15 on 43548] ERROR pipeline.PipelinePlacementPolicy (PipelinePlacementPolicy.java:meetCriteria(91)) - Pipeline Placement: Doesn't meet the criteria to be viable node. Heaviness: 6
2019-09-12 11:57:10,518 [IPC Server handler 15 on 43548] ERROR pipeline.PipelinePlacementPolicy (PipelinePlacementPolicy.java:meetCriteria(91)) - Pipeline Placement: Doesn't meet the criteria to be viable node. Heaviness: 6
2019-09-12 11:57:10,518 [IPC Server handler 15 on 43548] ERROR pipeline.PipelinePlacementPolicy (PipelinePlacementPolicy.java:filterViableNodes(146)) - Unable to find enough nodes that meet the criteria that cannot engage in more than 5 pipelines. Nodes required: 3 Found: 0, healthy nodes count inNodeManager: 5.
2019-09-12 11:57:10,518 [IPC Server handler 15 on 43548] ERROR pipeline.SCMPipelineManager (SCMPipelineManager.java:createPipeline(161)) - Pipeline creation failed due to exception: Unable to find enough nodes that meet the criteria that cannot engage in more than 5 pipelines. Nodes required: 3 Found: 0, healthy nodes count inNodeManager: 5.
2019-09-12 11:57:10,519 [IPC Server handler 15 on 43548] WARN  block.BlockManagerImpl (BlockManagerImpl.java:allocateBlock(192)) - Pipeline creation failed for type:RATIS factor:THREE. Retrying get pipelines call once.
org.apache.hadoop.hdds.scm.exceptions.SCMException: Unable to find enough nodes that meet the criteria that cannot engage in more than 5 pipelines. Nodes required: 3 Found: 0, healthy nodes count inNodeManager: 5.
	at org.apache.hadoop.hdds.scm.pipeline.PipelinePlacementPolicy.filterViableNodes(PipelinePlacementPolicy.java:147)
	at org.apache.hadoop.hdds.scm.pipeline.PipelinePlacementPolicy.chooseDatanodes(PipelinePlacementPolicy.java:170)
	at org.apache.hadoop.hdds.scm.pipeline.RatisPipelineProvider.create(RatisPipelineProvider.java:92)
	at org.apache.hadoop.hdds.scm.pipeline.PipelineFactory.create(PipelineFactory.java:57)
	at org.apache.hadoop.hdds.scm.pipeline.SCMPipelineManager.createPipeline(SCMPipelineManager.java:149)
	at org.apache.hadoop.hdds.scm.block.BlockManagerImpl.allocateBlock(BlockManagerImpl.java:190)
	at org.apache.hadoop.hdds.scm.server.SCMBlockProtocolServer.allocateBlock(SCMBlockProtocolServer.java:175)
	at org.apache.hadoop.ozone.protocolPB.ScmBlockLocationProtocolServerSideTranslatorPB.allocateScmBlock(ScmBlockLocationProtocolServerSideTranslatorPB.java:153)
	at org.apache.hadoop.ozone.protocolPB.ScmBlockLocationProtocolServerSideTranslatorPB.send(ScmBlockLocationProtocolServerSideTranslatorPB.java:112)
	at org.apache.hadoop.hdds.protocol.proto.ScmBlockLocationProtocolProtos$ScmBlockLocationProtocolService$2.callBlockingMethod(ScmBlockLocationProtocolProtos.java:13157)
	at org.apache.hadoop.ipc.ProtobufRpcEngine$Server$ProtoBufRpcInvoker.call(ProtobufRpcEngine.java:524)
	at org.apache.hadoop.ipc.RPC$Server.call(RPC.java:1025)
	at org.apache.hadoop.ipc.Server$RpcCall.run(Server.java:876)
	at org.apache.hadoop.ipc.Server$RpcCall.run(Server.java:822)
	at java.security.AccessController.doPrivileged(Native Method)
	at javax.security.auth.Subject.doAs(Subject.java:422)
	at org.apache.hadoop.security.UserGroupInformation.doAs(UserGroupInformation.java:1730)
	at org.apache.hadoop.ipc.Server$Handler.run(Server.java:2682)
2019-09-12 11:57:10,519 [IPC Server handler 15 on 43548] INFO  block.BlockManagerImpl (BlockManagerImpl.java:allocateBlock(198)) - Could not find available pipeline of type:RATIS and factor:THREE even after retrying
2019-09-12 11:57:10,519 [IPC Server handler 15 on 43548] ERROR block.BlockManagerImpl (BlockManagerImpl.java:allocateBlock(222)) - Unable to allocate a block for the size: 4194304, type: RATIS, factor: THREE
2019-09-12 11:57:10,519 [IPC Server handler 15 on 43548] ERROR pipeline.PipelinePlacementPolicy (PipelinePlacementPolicy.java:meetCriteria(91)) - Pipeline Placement: Doesn't meet the criteria to be viable node. Heaviness: 6
2019-09-12 11:57:10,519 [IPC Server handler 15 on 43548] ERROR pipeline.PipelinePlacementPolicy (PipelinePlacementPolicy.java:meetCriteria(91)) - Pipeline Placement: Doesn't meet the criteria to be viable node. Heaviness: 6
2019-09-12 11:57:10,520 [IPC Server handler 15 on 43548] ERROR pipeline.PipelinePlacementPolicy (PipelinePlacementPolicy.java:meetCriteria(91)) - Pipeline Placement: Doesn't meet the criteria to be viable node. Heaviness: 6
2019-09-12 11:57:10,520 [IPC Server handler 15 on 43548] ERROR pipeline.PipelinePlacementPolicy (PipelinePlacementPolicy.java:meetCriteria(91)) - Pipeline Placement: Doesn't meet the criteria to be viable node. Heaviness: 6
2019-09-12 11:57:10,520 [IPC Server handler 15 on 43548] ERROR pipeline.PipelinePlacementPolicy (PipelinePlacementPolicy.java:meetCriteria(91)) - Pipeline Placement: Doesn't meet the criteria to be viable node. Heaviness: 6
2019-09-12 11:57:10,520 [IPC Server handler 15 on 43548] ERROR pipeline.PipelinePlacementPolicy (PipelinePlacementPolicy.java:filterViableNodes(146)) - Unable to find enough nodes that meet the criteria that cannot engage in more than 5 pipelines. Nodes required: 3 Found: 0, healthy nodes count inNodeManager: 5.
2019-09-12 11:57:10,520 [IPC Server handler 15 on 43548] ERROR pipeline.SCMPipelineManager (SCMPipelineManager.java:createPipeline(161)) - Pipeline creation failed due to exception: Unable to find enough nodes that meet the criteria that cannot engage in more than 5 pipelines. Nodes required: 3 Found: 0, healthy nodes count inNodeManager: 5.
2019-09-12 11:57:10,520 [IPC Server handler 15 on 43548] WARN  block.BlockManagerImpl (BlockManagerImpl.java:allocateBlock(192)) - Pipeline creation failed for type:RATIS factor:THREE. Retrying get pipelines call once.
org.apache.hadoop.hdds.scm.exceptions.SCMException: Unable to find enough nodes that meet the criteria that cannot engage in more than 5 pipelines. Nodes required: 3 Found: 0, healthy nodes count inNodeManager: 5.
	at org.apache.hadoop.hdds.scm.pipeline.PipelinePlacementPolicy.filterViableNodes(PipelinePlacementPolicy.java:147)
	at org.apache.hadoop.hdds.scm.pipeline.PipelinePlacementPolicy.chooseDatanodes(PipelinePlacementPolicy.java:170)
	at org.apache.hadoop.hdds.scm.pipeline.RatisPipelineProvider.create(RatisPipelineProvider.java:92)
	at org.apache.hadoop.hdds.scm.pipeline.PipelineFactory.create(PipelineFactory.java:57)
	at org.apache.hadoop.hdds.scm.pipeline.SCMPipelineManager.createPipeline(SCMPipelineManager.java:149)
	at org.apache.hadoop.hdds.scm.block.BlockManagerImpl.allocateBlock(BlockManagerImpl.java:190)
	at org.apache.hadoop.hdds.scm.server.SCMBlockProtocolServer.allocateBlock(SCMBlockProtocolServer.java:175)
	at org.apache.hadoop.ozone.protocolPB.ScmBlockLocationProtocolServerSideTranslatorPB.allocateScmBlock(ScmBlockLocationProtocolServerSideTranslatorPB.java:153)
	at org.apache.hadoop.ozone.protocolPB.ScmBlockLocationProtocolServerSideTranslatorPB.send(ScmBlockLocationProtocolServerSideTranslatorPB.java:112)
	at org.apache.hadoop.hdds.protocol.proto.ScmBlockLocationProtocolProtos$ScmBlockLocationProtocolService$2.callBlockingMethod(ScmBlockLocationProtocolProtos.java:13157)
	at org.apache.hadoop.ipc.ProtobufRpcEngine$Server$ProtoBufRpcInvoker.call(ProtobufRpcEngine.java:524)
	at org.apache.hadoop.ipc.RPC$Server.call(RPC.java:1025)
	at org.apache.hadoop.ipc.Server$RpcCall.run(Server.java:876)
	at org.apache.hadoop.ipc.Server$RpcCall.run(Server.java:822)
	at java.security.AccessController.doPrivileged(Native Method)
	at javax.security.auth.Subject.doAs(Subject.java:422)
	at org.apache.hadoop.security.UserGroupInformation.doAs(UserGroupInformation.java:1730)
	at org.apache.hadoop.ipc.Server$Handler.run(Server.java:2682)
2019-09-12 11:57:10,521 [IPC Server handler 15 on 43548] INFO  block.BlockManagerImpl (BlockManagerImpl.java:allocateBlock(198)) - Could not find available pipeline of type:RATIS and factor:THREE even after retrying
2019-09-12 11:57:10,521 [IPC Server handler 15 on 43548] ERROR block.BlockManagerImpl (BlockManagerImpl.java:allocateBlock(222)) - Unable to allocate a block for the size: 4194304, type: RATIS, factor: THREE
2019-09-12 11:57:10,521 [IPC Server handler 15 on 43548] ERROR pipeline.PipelinePlacementPolicy (PipelinePlacementPolicy.java:meetCriteria(91)) - Pipeline Placement: Doesn't meet the criteria to be viable node. Heaviness: 6
2019-09-12 11:57:10,521 [IPC Server handler 15 on 43548] ERROR pipeline.PipelinePlacementPolicy (PipelinePlacementPolicy.java:meetCriteria(91)) - Pipeline Placement: Doesn't meet the criteria to be viable node. Heaviness: 6
2019-09-12 11:57:10,521 [IPC Server handler 15 on 43548] ERROR pipeline.PipelinePlacementPolicy (PipelinePlacementPolicy.java:meetCriteria(91)) - Pipeline Placement: Doesn't meet the criteria to be viable node. Heaviness: 6
2019-09-12 11:57:10,521 [IPC Server handler 15 on 43548] ERROR pipeline.PipelinePlacementPolicy (PipelinePlacementPolicy.java:meetCriteria(91)) - Pipeline Placement: Doesn't meet the criteria to be viable node. Heaviness: 6
2019-09-12 11:57:10,522 [IPC Server handler 15 on 43548] ERROR pipeline.PipelinePlacementPolicy (PipelinePlacementPolicy.java:meetCriteria(91)) - Pipeline Placement: Doesn't meet the criteria to be viable node. Heaviness: 6
2019-09-12 11:57:10,522 [IPC Server handler 15 on 43548] ERROR pipeline.PipelinePlacementPolicy (PipelinePlacementPolicy.java:filterViableNodes(146)) - Unable to find enough nodes that meet the criteria that cannot engage in more than 5 pipelines. Nodes required: 3 Found: 0, healthy nodes count inNodeManager: 5.
2019-09-12 11:57:10,522 [IPC Server handler 15 on 43548] ERROR pipeline.SCMPipelineManager (SCMPipelineManager.java:createPipeline(161)) - Pipeline creation failed due to exception: Unable to find enough nodes that meet the criteria that cannot engage in more than 5 pipelines. Nodes required: 3 Found: 0, healthy nodes count inNodeManager: 5.
2019-09-12 11:57:10,522 [IPC Server handler 15 on 43548] WARN  block.BlockManagerImpl (BlockManagerImpl.java:allocateBlock(192)) - Pipeline creation failed for type:RATIS factor:THREE. Retrying get pipelines call once.
org.apache.hadoop.hdds.scm.exceptions.SCMException: Unable to find enough nodes that meet the criteria that cannot engage in more than 5 pipelines. Nodes required: 3 Found: 0, healthy nodes count inNodeManager: 5.
	at org.apache.hadoop.hdds.scm.pipeline.PipelinePlacementPolicy.filterViableNodes(PipelinePlacementPolicy.java:147)
	at org.apache.hadoop.hdds.scm.pipeline.PipelinePlacementPolicy.chooseDatanodes(PipelinePlacementPolicy.java:170)
	at org.apache.hadoop.hdds.scm.pipeline.RatisPipelineProvider.create(RatisPipelineProvider.java:92)
	at org.apache.hadoop.hdds.scm.pipeline.PipelineFactory.create(PipelineFactory.java:57)
	at org.apache.hadoop.hdds.scm.pipeline.SCMPipelineManager.createPipeline(SCMPipelineManager.java:149)
	at org.apache.hadoop.hdds.scm.block.BlockManagerImpl.allocateBlock(BlockManagerImpl.java:190)
	at org.apache.hadoop.hdds.scm.server.SCMBlockProtocolServer.allocateBlock(SCMBlockProtocolServer.java:175)
	at org.apache.hadoop.ozone.protocolPB.ScmBlockLocationProtocolServerSideTranslatorPB.allocateScmBlock(ScmBlockLocationProtocolServerSideTranslatorPB.java:153)
	at org.apache.hadoop.ozone.protocolPB.ScmBlockLocationProtocolServerSideTranslatorPB.send(ScmBlockLocationProtocolServerSideTranslatorPB.java:112)
	at org.apache.hadoop.hdds.protocol.proto.ScmBlockLocationProtocolProtos$ScmBlockLocationProtocolService$2.callBlockingMethod(ScmBlockLocationProtocolProtos.java:13157)
	at org.apache.hadoop.ipc.ProtobufRpcEngine$Server$ProtoBufRpcInvoker.call(ProtobufRpcEngine.java:524)
	at org.apache.hadoop.ipc.RPC$Server.call(RPC.java:1025)
	at org.apache.hadoop.ipc.Server$RpcCall.run(Server.java:876)
	at org.apache.hadoop.ipc.Server$RpcCall.run(Server.java:822)
	at java.security.AccessController.doPrivileged(Native Method)
	at javax.security.auth.Subject.doAs(Subject.java:422)
	at org.apache.hadoop.security.UserGroupInformation.doAs(UserGroupInformation.java:1730)
	at org.apache.hadoop.ipc.Server$Handler.run(Server.java:2682)
2019-09-12 11:57:10,522 [IPC Server handler 15 on 43548] INFO  block.BlockManagerImpl (BlockManagerImpl.java:allocateBlock(198)) - Could not find available pipeline of type:RATIS and factor:THREE even after retrying
2019-09-12 11:57:10,523 [IPC Server handler 15 on 43548] ERROR block.BlockManagerImpl (BlockManagerImpl.java:allocateBlock(222)) - Unable to allocate a block for the size: 4194304, type: RATIS, factor: THREE
2019-09-12 11:57:10,523 [IPC Server handler 15 on 43548] ERROR pipeline.PipelinePlacementPolicy (PipelinePlacementPolicy.java:meetCriteria(91)) - Pipeline Placement: Doesn't meet the criteria to be viable node. Heaviness: 6
2019-09-12 11:57:10,523 [IPC Server handler 15 on 43548] ERROR pipeline.PipelinePlacementPolicy (PipelinePlacementPolicy.java:meetCriteria(91)) - Pipeline Placement: Doesn't meet the criteria to be viable node. Heaviness: 6
2019-09-12 11:57:10,523 [IPC Server handler 15 on 43548] ERROR pipeline.PipelinePlacementPolicy (PipelinePlacementPolicy.java:meetCriteria(91)) - Pipeline Placement: Doesn't meet the criteria to be viable node. Heaviness: 6
2019-09-12 11:57:10,523 [IPC Server handler 15 on 43548] ERROR pipeline.PipelinePlacementPolicy (PipelinePlacementPolicy.java:meetCriteria(91)) - Pipeline Placement: Doesn't meet the criteria to be viable node. Heaviness: 6
2019-09-12 11:57:10,523 [IPC Server handler 15 on 43548] ERROR pipeline.PipelinePlacementPolicy (PipelinePlacementPolicy.java:meetCriteria(91)) - Pipeline Placement: Doesn't meet the criteria to be viable node. Heaviness: 6
2019-09-12 11:57:10,523 [IPC Server handler 15 on 43548] ERROR pipeline.PipelinePlacementPolicy (PipelinePlacementPolicy.java:filterViableNodes(146)) - Unable to find enough nodes that meet the criteria that cannot engage in more than 5 pipelines. Nodes required: 3 Found: 0, healthy nodes count inNodeManager: 5.
2019-09-12 11:57:10,524 [IPC Server handler 15 on 43548] ERROR pipeline.SCMPipelineManager (SCMPipelineManager.java:createPipeline(161)) - Pipeline creation failed due to exception: Unable to find enough nodes that meet the criteria that cannot engage in more than 5 pipelines. Nodes required: 3 Found: 0, healthy nodes count inNodeManager: 5.
2019-09-12 11:57:10,524 [IPC Server handler 15 on 43548] WARN  block.BlockManagerImpl (BlockManagerImpl.java:allocateBlock(192)) - Pipeline creation failed for type:RATIS factor:THREE. Retrying get pipelines call once.
org.apache.hadoop.hdds.scm.exceptions.SCMException: Unable to find enough nodes that meet the criteria that cannot engage in more than 5 pipelines. Nodes required: 3 Found: 0, healthy nodes count inNodeManager: 5.
	at org.apache.hadoop.hdds.scm.pipeline.PipelinePlacementPolicy.filterViableNodes(PipelinePlacementPolicy.java:147)
	at org.apache.hadoop.hdds.scm.pipeline.PipelinePlacementPolicy.chooseDatanodes(PipelinePlacementPolicy.java:170)
	at org.apache.hadoop.hdds.scm.pipeline.RatisPipelineProvider.create(RatisPipelineProvider.java:92)
	at org.apache.hadoop.hdds.scm.pipeline.PipelineFactory.create(PipelineFactory.java:57)
	at org.apache.hadoop.hdds.scm.pipeline.SCMPipelineManager.createPipeline(SCMPipelineManager.java:149)
	at org.apache.hadoop.hdds.scm.block.BlockManagerImpl.allocateBlock(BlockManagerImpl.java:190)
	at org.apache.hadoop.hdds.scm.server.SCMBlockProtocolServer.allocateBlock(SCMBlockProtocolServer.java:175)
	at org.apache.hadoop.ozone.protocolPB.ScmBlockLocationProtocolServerSideTranslatorPB.allocateScmBlock(ScmBlockLocationProtocolServerSideTranslatorPB.java:153)
	at org.apache.hadoop.ozone.protocolPB.ScmBlockLocationProtocolServerSideTranslatorPB.send(ScmBlockLocationProtocolServerSideTranslatorPB.java:112)
	at org.apache.hadoop.hdds.protocol.proto.ScmBlockLocationProtocolProtos$ScmBlockLocationProtocolService$2.callBlockingMethod(ScmBlockLocationProtocolProtos.java:13157)
	at org.apache.hadoop.ipc.ProtobufRpcEngine$Server$ProtoBufRpcInvoker.call(ProtobufRpcEngine.java:524)
	at org.apache.hadoop.ipc.RPC$Server.call(RPC.java:1025)
	at org.apache.hadoop.ipc.Server$RpcCall.run(Server.java:876)
	at org.apache.hadoop.ipc.Server$RpcCall.run(Server.java:822)
	at java.security.AccessController.doPrivileged(Native Method)
	at javax.security.auth.Subject.doAs(Subject.java:422)
	at org.apache.hadoop.security.UserGroupInformation.doAs(UserGroupInformation.java:1730)
	at org.apache.hadoop.ipc.Server$Handler.run(Server.java:2682)
2019-09-12 11:57:10,524 [IPC Server handler 15 on 43548] INFO  block.BlockManagerImpl (BlockManagerImpl.java:allocateBlock(198)) - Could not find available pipeline of type:RATIS and factor:THREE even after retrying
2019-09-12 11:57:10,524 [IPC Server handler 15 on 43548] ERROR block.BlockManagerImpl (BlockManagerImpl.java:allocateBlock(222)) - Unable to allocate a block for the size: 4194304, type: RATIS, factor: THREE
2019-09-12 11:57:10,524 [IPC Server handler 15 on 43548] ERROR pipeline.PipelinePlacementPolicy (PipelinePlacementPolicy.java:meetCriteria(91)) - Pipeline Placement: Doesn't meet the criteria to be viable node. Heaviness: 6
2019-09-12 11:57:10,525 [IPC Server handler 15 on 43548] ERROR pipeline.PipelinePlacementPolicy (PipelinePlacementPolicy.java:meetCriteria(91)) - Pipeline Placement: Doesn't meet the criteria to be viable node. Heaviness: 6
2019-09-12 11:57:10,525 [IPC Server handler 15 on 43548] ERROR pipeline.PipelinePlacementPolicy (PipelinePlacementPolicy.java:meetCriteria(91)) - Pipeline Placement: Doesn't meet the criteria to be viable node. Heaviness: 6
2019-09-12 11:57:10,525 [IPC Server handler 15 on 43548] ERROR pipeline.PipelinePlacementPolicy (PipelinePlacementPolicy.java:meetCriteria(91)) - Pipeline Placement: Doesn't meet the criteria to be viable node. Heaviness: 6
2019-09-12 11:57:10,525 [IPC Server handler 15 on 43548] ERROR pipeline.PipelinePlacementPolicy (PipelinePlacementPolicy.java:meetCriteria(91)) - Pipeline Placement: Doesn't meet the criteria to be viable node. Heaviness: 6
2019-09-12 11:57:10,525 [IPC Server handler 15 on 43548] ERROR pipeline.PipelinePlacementPolicy (PipelinePlacementPolicy.java:filterViableNodes(146)) - Unable to find enough nodes that meet the criteria that cannot engage in more than 5 pipelines. Nodes required: 3 Found: 0, healthy nodes count inNodeManager: 5.
2019-09-12 11:57:10,525 [IPC Server handler 15 on 43548] ERROR pipeline.SCMPipelineManager (SCMPipelineManager.java:createPipeline(161)) - Pipeline creation failed due to exception: Unable to find enough nodes that meet the criteria that cannot engage in more than 5 pipelines. Nodes required: 3 Found: 0, healthy nodes count inNodeManager: 5.
2019-09-12 11:57:10,525 [IPC Server handler 15 on 43548] WARN  block.BlockManagerImpl (BlockManagerImpl.java:allocateBlock(192)) - Pipeline creation failed for type:RATIS factor:THREE. Retrying get pipelines call once.
org.apache.hadoop.hdds.scm.exceptions.SCMException: Unable to find enough nodes that meet the criteria that cannot engage in more than 5 pipelines. Nodes required: 3 Found: 0, healthy nodes count inNodeManager: 5.
	at org.apache.hadoop.hdds.scm.pipeline.PipelinePlacementPolicy.filterViableNodes(PipelinePlacementPolicy.java:147)
	at org.apache.hadoop.hdds.scm.pipeline.PipelinePlacementPolicy.chooseDatanodes(PipelinePlacementPolicy.java:170)
	at org.apache.hadoop.hdds.scm.pipeline.RatisPipelineProvider.create(RatisPipelineProvider.java:92)
	at org.apache.hadoop.hdds.scm.pipeline.PipelineFactory.create(PipelineFactory.java:57)
	at org.apache.hadoop.hdds.scm.pipeline.SCMPipelineManager.createPipeline(SCMPipelineManager.java:149)
	at org.apache.hadoop.hdds.scm.block.BlockManagerImpl.allocateBlock(BlockManagerImpl.java:190)
	at org.apache.hadoop.hdds.scm.server.SCMBlockProtocolServer.allocateBlock(SCMBlockProtocolServer.java:175)
	at org.apache.hadoop.ozone.protocolPB.ScmBlockLocationProtocolServerSideTranslatorPB.allocateScmBlock(ScmBlockLocationProtocolServerSideTranslatorPB.java:153)
	at org.apache.hadoop.ozone.protocolPB.ScmBlockLocationProtocolServerSideTranslatorPB.send(ScmBlockLocationProtocolServerSideTranslatorPB.java:112)
	at org.apache.hadoop.hdds.protocol.proto.ScmBlockLocationProtocolProtos$ScmBlockLocationProtocolService$2.callBlockingMethod(ScmBlockLocationProtocolProtos.java:13157)
	at org.apache.hadoop.ipc.ProtobufRpcEngine$Server$ProtoBufRpcInvoker.call(ProtobufRpcEngine.java:524)
	at org.apache.hadoop.ipc.RPC$Server.call(RPC.java:1025)
	at org.apache.hadoop.ipc.Server$RpcCall.run(Server.java:876)
	at org.apache.hadoop.ipc.Server$RpcCall.run(Server.java:822)
	at java.security.AccessController.doPrivileged(Native Method)
	at javax.security.auth.Subject.doAs(Subject.java:422)
	at org.apache.hadoop.security.UserGroupInformation.doAs(UserGroupInformation.java:1730)
	at org.apache.hadoop.ipc.Server$Handler.run(Server.java:2682)
2019-09-12 11:57:10,526 [IPC Server handler 15 on 43548] INFO  block.BlockManagerImpl (BlockManagerImpl.java:allocateBlock(198)) - Could not find available pipeline of type:RATIS and factor:THREE even after retrying
2019-09-12 11:57:10,526 [IPC Server handler 15 on 43548] ERROR block.BlockManagerImpl (BlockManagerImpl.java:allocateBlock(222)) - Unable to allocate a block for the size: 4194304, type: RATIS, factor: THREE
2019-09-12 11:57:10,526 [IPC Server handler 15 on 43548] ERROR pipeline.PipelinePlacementPolicy (PipelinePlacementPolicy.java:meetCriteria(91)) - Pipeline Placement: Doesn't meet the criteria to be viable node. Heaviness: 6
2019-09-12 11:57:10,526 [IPC Server handler 15 on 43548] ERROR pipeline.PipelinePlacementPolicy (PipelinePlacementPolicy.java:meetCriteria(91)) - Pipeline Placement: Doesn't meet the criteria to be viable node. Heaviness: 6
2019-09-12 11:57:10,526 [IPC Server handler 15 on 43548] ERROR pipeline.PipelinePlacementPolicy (PipelinePlacementPolicy.java:meetCriteria(91)) - Pipeline Placement: Doesn't meet the criteria to be viable node. Heaviness: 6
2019-09-12 11:57:10,527 [IPC Server handler 15 on 43548] ERROR pipeline.PipelinePlacementPolicy (PipelinePlacementPolicy.java:meetCriteria(91)) - Pipeline Placement: Doesn't meet the criteria to be viable node. Heaviness: 6
2019-09-12 11:57:10,527 [IPC Server handler 15 on 43548] ERROR pipeline.PipelinePlacementPolicy (PipelinePlacementPolicy.java:meetCriteria(91)) - Pipeline Placement: Doesn't meet the criteria to be viable node. Heaviness: 6
2019-09-12 11:57:10,527 [IPC Server handler 15 on 43548] ERROR pipeline.PipelinePlacementPolicy (PipelinePlacementPolicy.java:filterViableNodes(146)) - Unable to find enough nodes that meet the criteria that cannot engage in more than 5 pipelines. Nodes required: 3 Found: 0, healthy nodes count inNodeManager: 5.
2019-09-12 11:57:10,527 [IPC Server handler 15 on 43548] ERROR pipeline.SCMPipelineManager (SCMPipelineManager.java:createPipeline(161)) - Pipeline creation failed due to exception: Unable to find enough nodes that meet the criteria that cannot engage in more than 5 pipelines. Nodes required: 3 Found: 0, healthy nodes count inNodeManager: 5.
2019-09-12 11:57:10,527 [IPC Server handler 15 on 43548] WARN  block.BlockManagerImpl (BlockManagerImpl.java:allocateBlock(192)) - Pipeline creation failed for type:RATIS factor:THREE. Retrying get pipelines call once.
org.apache.hadoop.hdds.scm.exceptions.SCMException: Unable to find enough nodes that meet the criteria that cannot engage in more than 5 pipelines. Nodes required: 3 Found: 0, healthy nodes count inNodeManager: 5.
	at org.apache.hadoop.hdds.scm.pipeline.PipelinePlacementPolicy.filterViableNodes(PipelinePlacementPolicy.java:147)
	at org.apache.hadoop.hdds.scm.pipeline.PipelinePlacementPolicy.chooseDatanodes(PipelinePlacementPolicy.java:170)
	at org.apache.hadoop.hdds.scm.pipeline.RatisPipelineProvider.create(RatisPipelineProvider.java:92)
	at org.apache.hadoop.hdds.scm.pipeline.PipelineFactory.create(PipelineFactory.java:57)
	at org.apache.hadoop.hdds.scm.pipeline.SCMPipelineManager.createPipeline(SCMPipelineManager.java:149)
	at org.apache.hadoop.hdds.scm.block.BlockManagerImpl.allocateBlock(BlockManagerImpl.java:190)
	at org.apache.hadoop.hdds.scm.server.SCMBlockProtocolServer.allocateBlock(SCMBlockProtocolServer.java:175)
	at org.apache.hadoop.ozone.protocolPB.ScmBlockLocationProtocolServerSideTranslatorPB.allocateScmBlock(ScmBlockLocationProtocolServerSideTranslatorPB.java:153)
	at org.apache.hadoop.ozone.protocolPB.ScmBlockLocationProtocolServerSideTranslatorPB.send(ScmBlockLocationProtocolServerSideTranslatorPB.java:112)
	at org.apache.hadoop.hdds.protocol.proto.ScmBlockLocationProtocolProtos$ScmBlockLocationProtocolService$2.callBlockingMethod(ScmBlockLocationProtocolProtos.java:13157)
	at org.apache.hadoop.ipc.ProtobufRpcEngine$Server$ProtoBufRpcInvoker.call(ProtobufRpcEngine.java:524)
	at org.apache.hadoop.ipc.RPC$Server.call(RPC.java:1025)
	at org.apache.hadoop.ipc.Server$RpcCall.run(Server.java:876)
	at org.apache.hadoop.ipc.Server$RpcCall.run(Server.java:822)
	at java.security.AccessController.doPrivileged(Native Method)
	at javax.security.auth.Subject.doAs(Subject.java:422)
	at org.apache.hadoop.security.UserGroupInformation.doAs(UserGroupInformation.java:1730)
	at org.apache.hadoop.ipc.Server$Handler.run(Server.java:2682)
2019-09-12 11:57:10,528 [IPC Server handler 15 on 43548] INFO  block.BlockManagerImpl (BlockManagerImpl.java:allocateBlock(198)) - Could not find available pipeline of type:RATIS and factor:THREE even after retrying
2019-09-12 11:57:10,528 [IPC Server handler 15 on 43548] ERROR block.BlockManagerImpl (BlockManagerImpl.java:allocateBlock(222)) - Unable to allocate a block for the size: 4194304, type: RATIS, factor: THREE
2019-09-12 11:57:10,528 [IPC Server handler 15 on 43548] ERROR pipeline.PipelinePlacementPolicy (PipelinePlacementPolicy.java:meetCriteria(91)) - Pipeline Placement: Doesn't meet the criteria to be viable node. Heaviness: 6
2019-09-12 11:57:10,528 [IPC Server handler 15 on 43548] ERROR pipeline.PipelinePlacementPolicy (PipelinePlacementPolicy.java:meetCriteria(91)) - Pipeline Placement: Doesn't meet the criteria to be viable node. Heaviness: 6
2019-09-12 11:57:10,528 [IPC Server handler 15 on 43548] ERROR pipeline.PipelinePlacementPolicy (PipelinePlacementPolicy.java:meetCriteria(91)) - Pipeline Placement: Doesn't meet the criteria to be viable node. Heaviness: 6
2019-09-12 11:57:10,528 [IPC Server handler 15 on 43548] ERROR pipeline.PipelinePlacementPolicy (PipelinePlacementPolicy.java:meetCriteria(91)) - Pipeline Placement: Doesn't meet the criteria to be viable node. Heaviness: 6
2019-09-12 11:57:10,528 [IPC Server handler 15 on 43548] ERROR pipeline.PipelinePlacementPolicy (PipelinePlacementPolicy.java:meetCriteria(91)) - Pipeline Placement: Doesn't meet the criteria to be viable node. Heaviness: 6
2019-09-12 11:57:10,528 [IPC Server handler 15 on 43548] ERROR pipeline.PipelinePlacementPolicy (PipelinePlacementPolicy.java:filterViableNodes(146)) - Unable to find enough nodes that meet the criteria that cannot engage in more than 5 pipelines. Nodes required: 3 Found: 0, healthy nodes count inNodeManager: 5.
2019-09-12 11:57:10,529 [IPC Server handler 15 on 43548] ERROR pipeline.SCMPipelineManager (SCMPipelineManager.java:createPipeline(161)) - Pipeline creation failed due to exception: Unable to find enough nodes that meet the criteria that cannot engage in more than 5 pipelines. Nodes required: 3 Found: 0, healthy nodes count inNodeManager: 5.
2019-09-12 11:57:10,529 [IPC Server handler 15 on 43548] WARN  block.BlockManagerImpl (BlockManagerImpl.java:allocateBlock(192)) - Pipeline creation failed for type:RATIS factor:THREE. Retrying get pipelines call once.
org.apache.hadoop.hdds.scm.exceptions.SCMException: Unable to find enough nodes that meet the criteria that cannot engage in more than 5 pipelines. Nodes required: 3 Found: 0, healthy nodes count inNodeManager: 5.
	at org.apache.hadoop.hdds.scm.pipeline.PipelinePlacementPolicy.filterViableNodes(PipelinePlacementPolicy.java:147)
	at org.apache.hadoop.hdds.scm.pipeline.PipelinePlacementPolicy.chooseDatanodes(PipelinePlacementPolicy.java:170)
	at org.apache.hadoop.hdds.scm.pipeline.RatisPipelineProvider.create(RatisPipelineProvider.java:92)
	at org.apache.hadoop.hdds.scm.pipeline.PipelineFactory.create(PipelineFactory.java:57)
	at org.apache.hadoop.hdds.scm.pipeline.SCMPipelineManager.createPipeline(SCMPipelineManager.java:149)
	at org.apache.hadoop.hdds.scm.block.BlockManagerImpl.allocateBlock(BlockManagerImpl.java:190)
	at org.apache.hadoop.hdds.scm.server.SCMBlockProtocolServer.allocateBlock(SCMBlockProtocolServer.java:175)
	at org.apache.hadoop.ozone.protocolPB.ScmBlockLocationProtocolServerSideTranslatorPB.allocateScmBlock(ScmBlockLocationProtocolServerSideTranslatorPB.java:153)
	at org.apache.hadoop.ozone.protocolPB.ScmBlockLocationProtocolServerSideTranslatorPB.send(ScmBlockLocationProtocolServerSideTranslatorPB.java:112)
	at org.apache.hadoop.hdds.protocol.proto.ScmBlockLocationProtocolProtos$ScmBlockLocationProtocolService$2.callBlockingMethod(ScmBlockLocationProtocolProtos.java:13157)
	at org.apache.hadoop.ipc.ProtobufRpcEngine$Server$ProtoBufRpcInvoker.call(ProtobufRpcEngine.java:524)
	at org.apache.hadoop.ipc.RPC$Server.call(RPC.java:1025)
	at org.apache.hadoop.ipc.Server$RpcCall.run(Server.java:876)
	at org.apache.hadoop.ipc.Server$RpcCall.run(Server.java:822)
	at java.security.AccessController.doPrivileged(Native Method)
	at javax.security.auth.Subject.doAs(Subject.java:422)
	at org.apache.hadoop.security.UserGroupInformation.doAs(UserGroupInformation.java:1730)
	at org.apache.hadoop.ipc.Server$Handler.run(Server.java:2682)
2019-09-12 11:57:10,529 [IPC Server handler 15 on 43548] INFO  block.BlockManagerImpl (BlockManagerImpl.java:allocateBlock(198)) - Could not find available pipeline of type:RATIS and factor:THREE even after retrying
2019-09-12 11:57:10,529 [IPC Server handler 15 on 43548] ERROR block.BlockManagerImpl (BlockManagerImpl.java:allocateBlock(222)) - Unable to allocate a block for the size: 4194304, type: RATIS, factor: THREE
2019-09-12 11:57:10,529 [IPC Server handler 15 on 43548] ERROR pipeline.PipelinePlacementPolicy (PipelinePlacementPolicy.java:meetCriteria(91)) - Pipeline Placement: Doesn't meet the criteria to be viable node. Heaviness: 6
2019-09-12 11:57:10,530 [IPC Server handler 15 on 43548] ERROR pipeline.PipelinePlacementPolicy (PipelinePlacementPolicy.java:meetCriteria(91)) - Pipeline Placement: Doesn't meet the criteria to be viable node. Heaviness: 6
2019-09-12 11:57:10,530 [IPC Server handler 15 on 43548] ERROR pipeline.PipelinePlacementPolicy (PipelinePlacementPolicy.java:meetCriteria(91)) - Pipeline Placement: Doesn't meet the criteria to be viable node. Heaviness: 6
2019-09-12 11:57:10,530 [IPC Server handler 15 on 43548] ERROR pipeline.PipelinePlacementPolicy (PipelinePlacementPolicy.java:meetCriteria(91)) - Pipeline Placement: Doesn't meet the criteria to be viable node. Heaviness: 6
2019-09-12 11:57:10,530 [IPC Server handler 15 on 43548] ERROR pipeline.PipelinePlacementPolicy (PipelinePlacementPolicy.java:meetCriteria(91)) - Pipeline Placement: Doesn't meet the criteria to be viable node. Heaviness: 6
2019-09-12 11:57:10,530 [IPC Server handler 15 on 43548] ERROR pipeline.PipelinePlacementPolicy (PipelinePlacementPolicy.java:filterViableNodes(146)) - Unable to find enough nodes that meet the criteria that cannot engage in more than 5 pipelines. Nodes required: 3 Found: 0, healthy nodes count inNodeManager: 5.
2019-09-12 11:57:10,530 [IPC Server handler 15 on 43548] ERROR pipeline.SCMPipelineManager (SCMPipelineManager.java:createPipeline(161)) - Pipeline creation failed due to exception: Unable to find enough nodes that meet the criteria that cannot engage in more than 5 pipelines. Nodes required: 3 Found: 0, healthy nodes count inNodeManager: 5.
2019-09-12 11:57:10,530 [IPC Server handler 15 on 43548] WARN  block.BlockManagerImpl (BlockManagerImpl.java:allocateBlock(192)) - Pipeline creation failed for type:RATIS factor:THREE. Retrying get pipelines call once.
org.apache.hadoop.hdds.scm.exceptions.SCMException: Unable to find enough nodes that meet the criteria that cannot engage in more than 5 pipelines. Nodes required: 3 Found: 0, healthy nodes count inNodeManager: 5.
	at org.apache.hadoop.hdds.scm.pipeline.PipelinePlacementPolicy.filterViableNodes(PipelinePlacementPolicy.java:147)
	at org.apache.hadoop.hdds.scm.pipeline.PipelinePlacementPolicy.chooseDatanodes(PipelinePlacementPolicy.java:170)
	at org.apache.hadoop.hdds.scm.pipeline.RatisPipelineProvider.create(RatisPipelineProvider.java:92)
	at org.apache.hadoop.hdds.scm.pipeline.PipelineFactory.create(PipelineFactory.java:57)
	at org.apache.hadoop.hdds.scm.pipeline.SCMPipelineManager.createPipeline(SCMPipelineManager.java:149)
	at org.apache.hadoop.hdds.scm.block.BlockManagerImpl.allocateBlock(BlockManagerImpl.java:190)
	at org.apache.hadoop.hdds.scm.server.SCMBlockProtocolServer.allocateBlock(SCMBlockProtocolServer.java:175)
	at org.apache.hadoop.ozone.protocolPB.ScmBlockLocationProtocolServerSideTranslatorPB.allocateScmBlock(ScmBlockLocationProtocolServerSideTranslatorPB.java:153)
	at org.apache.hadoop.ozone.protocolPB.ScmBlockLocationProtocolServerSideTranslatorPB.send(ScmBlockLocationProtocolServerSideTranslatorPB.java:112)
	at org.apache.hadoop.hdds.protocol.proto.ScmBlockLocationProtocolProtos$ScmBlockLocationProtocolService$2.callBlockingMethod(ScmBlockLocationProtocolProtos.java:13157)
	at org.apache.hadoop.ipc.ProtobufRpcEngine$Server$ProtoBufRpcInvoker.call(ProtobufRpcEngine.java:524)
	at org.apache.hadoop.ipc.RPC$Server.call(RPC.java:1025)
	at org.apache.hadoop.ipc.Server$RpcCall.run(Server.java:876)
	at org.apache.hadoop.ipc.Server$RpcCall.run(Server.java:822)
	at java.security.AccessController.doPrivileged(Native Method)
	at javax.security.auth.Subject.doAs(Subject.java:422)
	at org.apache.hadoop.security.UserGroupInformation.doAs(UserGroupInformation.java:1730)
	at org.apache.hadoop.ipc.Server$Handler.run(Server.java:2682)
2019-09-12 11:57:10,531 [IPC Server handler 15 on 43548] INFO  block.BlockManagerImpl (BlockManagerImpl.java:allocateBlock(198)) - Could not find available pipeline of type:RATIS and factor:THREE even after retrying
2019-09-12 11:57:10,531 [IPC Server handler 15 on 43548] ERROR block.BlockManagerImpl (BlockManagerImpl.java:allocateBlock(222)) - Unable to allocate a block for the size: 4194304, type: RATIS, factor: THREE
2019-09-12 11:57:10,531 [IPC Server handler 15 on 43548] ERROR pipeline.PipelinePlacementPolicy (PipelinePlacementPolicy.java:meetCriteria(91)) - Pipeline Placement: Doesn't meet the criteria to be viable node. Heaviness: 6
2019-09-12 11:57:10,531 [IPC Server handler 15 on 43548] ERROR pipeline.PipelinePlacementPolicy (PipelinePlacementPolicy.java:meetCriteria(91)) - Pipeline Placement: Doesn't meet the criteria to be viable node. Heaviness: 6
2019-09-12 11:57:10,531 [IPC Server handler 15 on 43548] ERROR pipeline.PipelinePlacementPolicy (PipelinePlacementPolicy.java:meetCriteria(91)) - Pipeline Placement: Doesn't meet the criteria to be viable node. Heaviness: 6
2019-09-12 11:57:10,531 [IPC Server handler 15 on 43548] ERROR pipeline.PipelinePlacementPolicy (PipelinePlacementPolicy.java:meetCriteria(91)) - Pipeline Placement: Doesn't meet the criteria to be viable node. Heaviness: 6
2019-09-12 11:57:10,532 [IPC Server handler 15 on 43548] ERROR pipeline.PipelinePlacementPolicy (PipelinePlacementPolicy.java:meetCriteria(91)) - Pipeline Placement: Doesn't meet the criteria to be viable node. Heaviness: 6
2019-09-12 11:57:10,532 [IPC Server handler 15 on 43548] ERROR pipeline.PipelinePlacementPolicy (PipelinePlacementPolicy.java:filterViableNodes(146)) - Unable to find enough nodes that meet the criteria that cannot engage in more than 5 pipelines. Nodes required: 3 Found: 0, healthy nodes count inNodeManager: 5.
2019-09-12 11:57:10,532 [IPC Server handler 15 on 43548] ERROR pipeline.SCMPipelineManager (SCMPipelineManager.java:createPipeline(161)) - Pipeline creation failed due to exception: Unable to find enough nodes that meet the criteria that cannot engage in more than 5 pipelines. Nodes required: 3 Found: 0, healthy nodes count inNodeManager: 5.
2019-09-12 11:57:10,532 [IPC Server handler 15 on 43548] WARN  block.BlockManagerImpl (BlockManagerImpl.java:allocateBlock(192)) - Pipeline creation failed for type:RATIS factor:THREE. Retrying get pipelines call once.
org.apache.hadoop.hdds.scm.exceptions.SCMException: Unable to find enough nodes that meet the criteria that cannot engage in more than 5 pipelines. Nodes required: 3 Found: 0, healthy nodes count inNodeManager: 5.
	at org.apache.hadoop.hdds.scm.pipeline.PipelinePlacementPolicy.filterViableNodes(PipelinePlacementPolicy.java:147)
	at org.apache.hadoop.hdds.scm.pipeline.PipelinePlacementPolicy.chooseDatanodes(PipelinePlacementPolicy.java:170)
	at org.apache.hadoop.hdds.scm.pipeline.RatisPipelineProvider.create(RatisPipelineProvider.java:92)
	at org.apache.hadoop.hdds.scm.pipeline.PipelineFactory.create(PipelineFactory.java:57)
	at org.apache.hadoop.hdds.scm.pipeline.SCMPipelineManager.createPipeline(SCMPipelineManager.java:149)
	at org.apache.hadoop.hdds.scm.block.BlockManagerImpl.allocateBlock(BlockManagerImpl.java:190)
	at org.apache.hadoop.hdds.scm.server.SCMBlockProtocolServer.allocateBlock(SCMBlockProtocolServer.java:175)
	at org.apache.hadoop.ozone.protocolPB.ScmBlockLocationProtocolServerSideTranslatorPB.allocateScmBlock(ScmBlockLocationProtocolServerSideTranslatorPB.java:153)
	at org.apache.hadoop.ozone.protocolPB.ScmBlockLocationProtocolServerSideTranslatorPB.send(ScmBlockLocationProtocolServerSideTranslatorPB.java:112)
	at org.apache.hadoop.hdds.protocol.proto.ScmBlockLocationProtocolProtos$ScmBlockLocationProtocolService$2.callBlockingMethod(ScmBlockLocationProtocolProtos.java:13157)
	at org.apache.hadoop.ipc.ProtobufRpcEngine$Server$ProtoBufRpcInvoker.call(ProtobufRpcEngine.java:524)
	at org.apache.hadoop.ipc.RPC$Server.call(RPC.java:1025)
	at org.apache.hadoop.ipc.Server$RpcCall.run(Server.java:876)
	at org.apache.hadoop.ipc.Server$RpcCall.run(Server.java:822)
	at java.security.AccessController.doPrivileged(Native Method)
	at javax.security.auth.Subject.doAs(Subject.java:422)
	at org.apache.hadoop.security.UserGroupInformation.doAs(UserGroupInformation.java:1730)
	at org.apache.hadoop.ipc.Server$Handler.run(Server.java:2682)
2019-09-12 11:57:10,532 [IPC Server handler 15 on 43548] INFO  block.BlockManagerImpl (BlockManagerImpl.java:allocateBlock(198)) - Could not find available pipeline of type:RATIS and factor:THREE even after retrying
2019-09-12 11:57:10,533 [IPC Server handler 15 on 43548] ERROR block.BlockManagerImpl (BlockManagerImpl.java:allocateBlock(222)) - Unable to allocate a block for the size: 4194304, type: RATIS, factor: THREE
2019-09-12 11:57:10,533 [IPC Server handler 15 on 43548] ERROR pipeline.PipelinePlacementPolicy (PipelinePlacementPolicy.java:meetCriteria(91)) - Pipeline Placement: Doesn't meet the criteria to be viable node. Heaviness: 6
2019-09-12 11:57:10,533 [IPC Server handler 15 on 43548] ERROR pipeline.PipelinePlacementPolicy (PipelinePlacementPolicy.java:meetCriteria(91)) - Pipeline Placement: Doesn't meet the criteria to be viable node. Heaviness: 6
2019-09-12 11:57:10,533 [IPC Server handler 15 on 43548] ERROR pipeline.PipelinePlacementPolicy (PipelinePlacementPolicy.java:meetCriteria(91)) - Pipeline Placement: Doesn't meet the criteria to be viable node. Heaviness: 6
2019-09-12 11:57:10,533 [IPC Server handler 15 on 43548] ERROR pipeline.PipelinePlacementPolicy (PipelinePlacementPolicy.java:meetCriteria(91)) - Pipeline Placement: Doesn't meet the criteria to be viable node. Heaviness: 6
2019-09-12 11:57:10,533 [IPC Server handler 15 on 43548] ERROR pipeline.PipelinePlacementPolicy (PipelinePlacementPolicy.java:meetCriteria(91)) - Pipeline Placement: Doesn't meet the criteria to be viable node. Heaviness: 6
2019-09-12 11:57:10,533 [IPC Server handler 15 on 43548] ERROR pipeline.PipelinePlacementPolicy (PipelinePlacementPolicy.java:filterViableNodes(146)) - Unable to find enough nodes that meet the criteria that cannot engage in more than 5 pipelines. Nodes required: 3 Found: 0, healthy nodes count inNodeManager: 5.
2019-09-12 11:57:10,533 [IPC Server handler 15 on 43548] ERROR pipeline.SCMPipelineManager (SCMPipelineManager.java:createPipeline(161)) - Pipeline creation failed due to exception: Unable to find enough nodes that meet the criteria that cannot engage in more than 5 pipelines. Nodes required: 3 Found: 0, healthy nodes count inNodeManager: 5.
2019-09-12 11:57:10,534 [IPC Server handler 15 on 43548] WARN  block.BlockManagerImpl (BlockManagerImpl.java:allocateBlock(192)) - Pipeline creation failed for type:RATIS factor:THREE. Retrying get pipelines call once.
org.apache.hadoop.hdds.scm.exceptions.SCMException: Unable to find enough nodes that meet the criteria that cannot engage in more than 5 pipelines. Nodes required: 3 Found: 0, healthy nodes count inNodeManager: 5.
	at org.apache.hadoop.hdds.scm.pipeline.PipelinePlacementPolicy.filterViableNodes(PipelinePlacementPolicy.java:147)
	at org.apache.hadoop.hdds.scm.pipeline.PipelinePlacementPolicy.chooseDatanodes(PipelinePlacementPolicy.java:170)
	at org.apache.hadoop.hdds.scm.pipeline.RatisPipelineProvider.create(RatisPipelineProvider.java:92)
	at org.apache.hadoop.hdds.scm.pipeline.PipelineFactory.create(PipelineFactory.java:57)
	at org.apache.hadoop.hdds.scm.pipeline.SCMPipelineManager.createPipeline(SCMPipelineManager.java:149)
	at org.apache.hadoop.hdds.scm.block.BlockManagerImpl.allocateBlock(BlockManagerImpl.java:190)
	at org.apache.hadoop.hdds.scm.server.SCMBlockProtocolServer.allocateBlock(SCMBlockProtocolServer.java:175)
	at org.apache.hadoop.ozone.protocolPB.ScmBlockLocationProtocolServerSideTranslatorPB.allocateScmBlock(ScmBlockLocationProtocolServerSideTranslatorPB.java:153)
	at org.apache.hadoop.ozone.protocolPB.ScmBlockLocationProtocolServerSideTranslatorPB.send(ScmBlockLocationProtocolServerSideTranslatorPB.java:112)
	at org.apache.hadoop.hdds.protocol.proto.ScmBlockLocationProtocolProtos$ScmBlockLocationProtocolService$2.callBlockingMethod(ScmBlockLocationProtocolProtos.java:13157)
	at org.apache.hadoop.ipc.ProtobufRpcEngine$Server$ProtoBufRpcInvoker.call(ProtobufRpcEngine.java:524)
	at org.apache.hadoop.ipc.RPC$Server.call(RPC.java:1025)
	at org.apache.hadoop.ipc.Server$RpcCall.run(Server.java:876)
	at org.apache.hadoop.ipc.Server$RpcCall.run(Server.java:822)
	at java.security.AccessController.doPrivileged(Native Method)
	at javax.security.auth.Subject.doAs(Subject.java:422)
	at org.apache.hadoop.security.UserGroupInformation.doAs(UserGroupInformation.java:1730)
	at org.apache.hadoop.ipc.Server$Handler.run(Server.java:2682)
2019-09-12 11:57:10,534 [IPC Server handler 15 on 43548] INFO  block.BlockManagerImpl (BlockManagerImpl.java:allocateBlock(198)) - Could not find available pipeline of type:RATIS and factor:THREE even after retrying
2019-09-12 11:57:10,534 [IPC Server handler 15 on 43548] ERROR block.BlockManagerImpl (BlockManagerImpl.java:allocateBlock(222)) - Unable to allocate a block for the size: 4194304, type: RATIS, factor: THREE
2019-09-12 11:57:10,534 [IPC Server handler 15 on 43548] ERROR pipeline.PipelinePlacementPolicy (PipelinePlacementPolicy.java:meetCriteria(91)) - Pipeline Placement: Doesn't meet the criteria to be viable node. Heaviness: 6
2019-09-12 11:57:10,534 [IPC Server handler 15 on 43548] ERROR pipeline.PipelinePlacementPolicy (PipelinePlacementPolicy.java:meetCriteria(91)) - Pipeline Placement: Doesn't meet the criteria to be viable node. Heaviness: 6
2019-09-12 11:57:10,535 [IPC Server handler 15 on 43548] ERROR pipeline.PipelinePlacementPolicy (PipelinePlacementPolicy.java:meetCriteria(91)) - Pipeline Placement: Doesn't meet the criteria to be viable node. Heaviness: 6
2019-09-12 11:57:10,535 [IPC Server handler 15 on 43548] ERROR pipeline.PipelinePlacementPolicy (PipelinePlacementPolicy.java:meetCriteria(91)) - Pipeline Placement: Doesn't meet the criteria to be viable node. Heaviness: 6
2019-09-12 11:57:10,535 [IPC Server handler 15 on 43548] ERROR pipeline.PipelinePlacementPolicy (PipelinePlacementPolicy.java:meetCriteria(91)) - Pipeline Placement: Doesn't meet the criteria to be viable node. Heaviness: 6
2019-09-12 11:57:10,535 [IPC Server handler 15 on 43548] ERROR pipeline.PipelinePlacementPolicy (PipelinePlacementPolicy.java:filterViableNodes(146)) - Unable to find enough nodes that meet the criteria that cannot engage in more than 5 pipelines. Nodes required: 3 Found: 0, healthy nodes count inNodeManager: 5.
2019-09-12 11:57:10,535 [IPC Server handler 15 on 43548] ERROR pipeline.SCMPipelineManager (SCMPipelineManager.java:createPipeline(161)) - Pipeline creation failed due to exception: Unable to find enough nodes that meet the criteria that cannot engage in more than 5 pipelines. Nodes required: 3 Found: 0, healthy nodes count inNodeManager: 5.
2019-09-12 11:57:10,535 [IPC Server handler 15 on 43548] WARN  block.BlockManagerImpl (BlockManagerImpl.java:allocateBlock(192)) - Pipeline creation failed for type:RATIS factor:THREE. Retrying get pipelines call once.
org.apache.hadoop.hdds.scm.exceptions.SCMException: Unable to find enough nodes that meet the criteria that cannot engage in more than 5 pipelines. Nodes required: 3 Found: 0, healthy nodes count inNodeManager: 5.
	at org.apache.hadoop.hdds.scm.pipeline.PipelinePlacementPolicy.filterViableNodes(PipelinePlacementPolicy.java:147)
	at org.apache.hadoop.hdds.scm.pipeline.PipelinePlacementPolicy.chooseDatanodes(PipelinePlacementPolicy.java:170)
	at org.apache.hadoop.hdds.scm.pipeline.RatisPipelineProvider.create(RatisPipelineProvider.java:92)
	at org.apache.hadoop.hdds.scm.pipeline.PipelineFactory.create(PipelineFactory.java:57)
	at org.apache.hadoop.hdds.scm.pipeline.SCMPipelineManager.createPipeline(SCMPipelineManager.java:149)
	at org.apache.hadoop.hdds.scm.block.BlockManagerImpl.allocateBlock(BlockManagerImpl.java:190)
	at org.apache.hadoop.hdds.scm.server.SCMBlockProtocolServer.allocateBlock(SCMBlockProtocolServer.java:175)
	at org.apache.hadoop.ozone.protocolPB.ScmBlockLocationProtocolServerSideTranslatorPB.allocateScmBlock(ScmBlockLocationProtocolServerSideTranslatorPB.java:153)
	at org.apache.hadoop.ozone.protocolPB.ScmBlockLocationProtocolServerSideTranslatorPB.send(ScmBlockLocationProtocolServerSideTranslatorPB.java:112)
	at org.apache.hadoop.hdds.protocol.proto.ScmBlockLocationProtocolProtos$ScmBlockLocationProtocolService$2.callBlockingMethod(ScmBlockLocationProtocolProtos.java:13157)
	at org.apache.hadoop.ipc.ProtobufRpcEngine$Server$ProtoBufRpcInvoker.call(ProtobufRpcEngine.java:524)
	at org.apache.hadoop.ipc.RPC$Server.call(RPC.java:1025)
	at org.apache.hadoop.ipc.Server$RpcCall.run(Server.java:876)
	at org.apache.hadoop.ipc.Server$RpcCall.run(Server.java:822)
	at java.security.AccessController.doPrivileged(Native Method)
	at javax.security.auth.Subject.doAs(Subject.java:422)
	at org.apache.hadoop.security.UserGroupInformation.doAs(UserGroupInformation.java:1730)
	at org.apache.hadoop.ipc.Server$Handler.run(Server.java:2682)
2019-09-12 11:57:10,536 [IPC Server handler 15 on 43548] INFO  block.BlockManagerImpl (BlockManagerImpl.java:allocateBlock(198)) - Could not find available pipeline of type:RATIS and factor:THREE even after retrying
2019-09-12 11:57:10,536 [IPC Server handler 15 on 43548] ERROR block.BlockManagerImpl (BlockManagerImpl.java:allocateBlock(222)) - Unable to allocate a block for the size: 4194304, type: RATIS, factor: THREE
2019-09-12 11:57:10,536 [IPC Server handler 15 on 43548] ERROR pipeline.PipelinePlacementPolicy (PipelinePlacementPolicy.java:meetCriteria(91)) - Pipeline Placement: Doesn't meet the criteria to be viable node. Heaviness: 6
2019-09-12 11:57:10,536 [IPC Server handler 15 on 43548] ERROR pipeline.PipelinePlacementPolicy (PipelinePlacementPolicy.java:meetCriteria(91)) - Pipeline Placement: Doesn't meet the criteria to be viable node. Heaviness: 6
2019-09-12 11:57:10,536 [IPC Server handler 15 on 43548] ERROR pipeline.PipelinePlacementPolicy (PipelinePlacementPolicy.java:meetCriteria(91)) - Pipeline Placement: Doesn't meet the criteria to be viable node. Heaviness: 6
2019-09-12 11:57:10,536 [IPC Server handler 15 on 43548] ERROR pipeline.PipelinePlacementPolicy (PipelinePlacementPolicy.java:meetCriteria(91)) - Pipeline Placement: Doesn't meet the criteria to be viable node. Heaviness: 6
2019-09-12 11:57:10,536 [IPC Server handler 15 on 43548] ERROR pipeline.PipelinePlacementPolicy (PipelinePlacementPolicy.java:meetCriteria(91)) - Pipeline Placement: Doesn't meet the criteria to be viable node. Heaviness: 6
2019-09-12 11:57:10,537 [IPC Server handler 15 on 43548] ERROR pipeline.PipelinePlacementPolicy (PipelinePlacementPolicy.java:filterViableNodes(146)) - Unable to find enough nodes that meet the criteria that cannot engage in more than 5 pipelines. Nodes required: 3 Found: 0, healthy nodes count inNodeManager: 5.
2019-09-12 11:57:10,537 [IPC Server handler 15 on 43548] ERROR pipeline.SCMPipelineManager (SCMPipelineManager.java:createPipeline(161)) - Pipeline creation failed due to exception: Unable to find enough nodes that meet the criteria that cannot engage in more than 5 pipelines. Nodes required: 3 Found: 0, healthy nodes count inNodeManager: 5.
2019-09-12 11:57:10,537 [IPC Server handler 15 on 43548] WARN  block.BlockManagerImpl (BlockManagerImpl.java:allocateBlock(192)) - Pipeline creation failed for type:RATIS factor:THREE. Retrying get pipelines call once.
org.apache.hadoop.hdds.scm.exceptions.SCMException: Unable to find enough nodes that meet the criteria that cannot engage in more than 5 pipelines. Nodes required: 3 Found: 0, healthy nodes count inNodeManager: 5.
	at org.apache.hadoop.hdds.scm.pipeline.PipelinePlacementPolicy.filterViableNodes(PipelinePlacementPolicy.java:147)
	at org.apache.hadoop.hdds.scm.pipeline.PipelinePlacementPolicy.chooseDatanodes(PipelinePlacementPolicy.java:170)
	at org.apache.hadoop.hdds.scm.pipeline.RatisPipelineProvider.create(RatisPipelineProvider.java:92)
	at org.apache.hadoop.hdds.scm.pipeline.PipelineFactory.create(PipelineFactory.java:57)
	at org.apache.hadoop.hdds.scm.pipeline.SCMPipelineManager.createPipeline(SCMPipelineManager.java:149)
	at org.apache.hadoop.hdds.scm.block.BlockManagerImpl.allocateBlock(BlockManagerImpl.java:190)
	at org.apache.hadoop.hdds.scm.server.SCMBlockProtocolServer.allocateBlock(SCMBlockProtocolServer.java:175)
	at org.apache.hadoop.ozone.protocolPB.ScmBlockLocationProtocolServerSideTranslatorPB.allocateScmBlock(ScmBlockLocationProtocolServerSideTranslatorPB.java:153)
	at org.apache.hadoop.ozone.protocolPB.ScmBlockLocationProtocolServerSideTranslatorPB.send(ScmBlockLocationProtocolServerSideTranslatorPB.java:112)
	at org.apache.hadoop.hdds.protocol.proto.ScmBlockLocationProtocolProtos$ScmBlockLocationProtocolService$2.callBlockingMethod(ScmBlockLocationProtocolProtos.java:13157)
	at org.apache.hadoop.ipc.ProtobufRpcEngine$Server$ProtoBufRpcInvoker.call(ProtobufRpcEngine.java:524)
	at org.apache.hadoop.ipc.RPC$Server.call(RPC.java:1025)
	at org.apache.hadoop.ipc.Server$RpcCall.run(Server.java:876)
	at org.apache.hadoop.ipc.Server$RpcCall.run(Server.java:822)
	at java.security.AccessController.doPrivileged(Native Method)
	at javax.security.auth.Subject.doAs(Subject.java:422)
	at org.apache.hadoop.security.UserGroupInformation.doAs(UserGroupInformation.java:1730)
	at org.apache.hadoop.ipc.Server$Handler.run(Server.java:2682)
2019-09-12 11:57:10,537 [IPC Server handler 15 on 43548] INFO  block.BlockManagerImpl (BlockManagerImpl.java:allocateBlock(198)) - Could not find available pipeline of type:RATIS and factor:THREE even after retrying
2019-09-12 11:57:10,537 [IPC Server handler 15 on 43548] ERROR block.BlockManagerImpl (BlockManagerImpl.java:allocateBlock(222)) - Unable to allocate a block for the size: 4194304, type: RATIS, factor: THREE
2019-09-12 11:57:10,538 [IPC Server handler 15 on 43548] ERROR pipeline.PipelinePlacementPolicy (PipelinePlacementPolicy.java:meetCriteria(91)) - Pipeline Placement: Doesn't meet the criteria to be viable node. Heaviness: 6
2019-09-12 11:57:10,538 [IPC Server handler 15 on 43548] ERROR pipeline.PipelinePlacementPolicy (PipelinePlacementPolicy.java:meetCriteria(91)) - Pipeline Placement: Doesn't meet the criteria to be viable node. Heaviness: 6
2019-09-12 11:57:10,538 [IPC Server handler 15 on 43548] ERROR pipeline.PipelinePlacementPolicy (PipelinePlacementPolicy.java:meetCriteria(91)) - Pipeline Placement: Doesn't meet the criteria to be viable node. Heaviness: 6
2019-09-12 11:57:10,538 [IPC Server handler 15 on 43548] ERROR pipeline.PipelinePlacementPolicy (PipelinePlacementPolicy.java:meetCriteria(91)) - Pipeline Placement: Doesn't meet the criteria to be viable node. Heaviness: 6
2019-09-12 11:57:10,538 [IPC Server handler 15 on 43548] ERROR pipeline.PipelinePlacementPolicy (PipelinePlacementPolicy.java:meetCriteria(91)) - Pipeline Placement: Doesn't meet the criteria to be viable node. Heaviness: 6
2019-09-12 11:57:10,538 [IPC Server handler 15 on 43548] ERROR pipeline.PipelinePlacementPolicy (PipelinePlacementPolicy.java:filterViableNodes(146)) - Unable to find enough nodes that meet the criteria that cannot engage in more than 5 pipelines. Nodes required: 3 Found: 0, healthy nodes count inNodeManager: 5.
2019-09-12 11:57:10,538 [IPC Server handler 15 on 43548] ERROR pipeline.SCMPipelineManager (SCMPipelineManager.java:createPipeline(161)) - Pipeline creation failed due to exception: Unable to find enough nodes that meet the criteria that cannot engage in more than 5 pipelines. Nodes required: 3 Found: 0, healthy nodes count inNodeManager: 5.
2019-09-12 11:57:10,539 [IPC Server handler 15 on 43548] WARN  block.BlockManagerImpl (BlockManagerImpl.java:allocateBlock(192)) - Pipeline creation failed for type:RATIS factor:THREE. Retrying get pipelines call once.
org.apache.hadoop.hdds.scm.exceptions.SCMException: Unable to find enough nodes that meet the criteria that cannot engage in more than 5 pipelines. Nodes required: 3 Found: 0, healthy nodes count inNodeManager: 5.
	at org.apache.hadoop.hdds.scm.pipeline.PipelinePlacementPolicy.filterViableNodes(PipelinePlacementPolicy.java:147)
	at org.apache.hadoop.hdds.scm.pipeline.PipelinePlacementPolicy.chooseDatanodes(PipelinePlacementPolicy.java:170)
	at org.apache.hadoop.hdds.scm.pipeline.RatisPipelineProvider.create(RatisPipelineProvider.java:92)
	at org.apache.hadoop.hdds.scm.pipeline.PipelineFactory.create(PipelineFactory.java:57)
	at org.apache.hadoop.hdds.scm.pipeline.SCMPipelineManager.createPipeline(SCMPipelineManager.java:149)
	at org.apache.hadoop.hdds.scm.block.BlockManagerImpl.allocateBlock(BlockManagerImpl.java:190)
	at org.apache.hadoop.hdds.scm.server.SCMBlockProtocolServer.allocateBlock(SCMBlockProtocolServer.java:175)
	at org.apache.hadoop.ozone.protocolPB.ScmBlockLocationProtocolServerSideTranslatorPB.allocateScmBlock(ScmBlockLocationProtocolServerSideTranslatorPB.java:153)
	at org.apache.hadoop.ozone.protocolPB.ScmBlockLocationProtocolServerSideTranslatorPB.send(ScmBlockLocationProtocolServerSideTranslatorPB.java:112)
	at org.apache.hadoop.hdds.protocol.proto.ScmBlockLocationProtocolProtos$ScmBlockLocationProtocolService$2.callBlockingMethod(ScmBlockLocationProtocolProtos.java:13157)
	at org.apache.hadoop.ipc.ProtobufRpcEngine$Server$ProtoBufRpcInvoker.call(ProtobufRpcEngine.java:524)
	at org.apache.hadoop.ipc.RPC$Server.call(RPC.java:1025)
	at org.apache.hadoop.ipc.Server$RpcCall.run(Server.java:876)
	at org.apache.hadoop.ipc.Server$RpcCall.run(Server.java:822)
	at java.security.AccessController.doPrivileged(Native Method)
	at javax.security.auth.Subject.doAs(Subject.java:422)
	at org.apache.hadoop.security.UserGroupInformation.doAs(UserGroupInformation.java:1730)
	at org.apache.hadoop.ipc.Server$Handler.run(Server.java:2682)
2019-09-12 11:57:10,539 [IPC Server handler 15 on 43548] INFO  block.BlockManagerImpl (BlockManagerImpl.java:allocateBlock(198)) - Could not find available pipeline of type:RATIS and factor:THREE even after retrying
2019-09-12 11:57:10,539 [IPC Server handler 15 on 43548] ERROR block.BlockManagerImpl (BlockManagerImpl.java:allocateBlock(222)) - Unable to allocate a block for the size: 4194304, type: RATIS, factor: THREE
2019-09-12 11:57:10,539 [IPC Server handler 15 on 43548] ERROR pipeline.PipelinePlacementPolicy (PipelinePlacementPolicy.java:meetCriteria(91)) - Pipeline Placement: Doesn't meet the criteria to be viable node. Heaviness: 6
2019-09-12 11:57:10,539 [IPC Server handler 15 on 43548] ERROR pipeline.PipelinePlacementPolicy (PipelinePlacementPolicy.java:meetCriteria(91)) - Pipeline Placement: Doesn't meet the criteria to be viable node. Heaviness: 6
2019-09-12 11:57:10,539 [IPC Server handler 15 on 43548] ERROR pipeline.PipelinePlacementPolicy (PipelinePlacementPolicy.java:meetCriteria(91)) - Pipeline Placement: Doesn't meet the criteria to be viable node. Heaviness: 6
2019-09-12 11:57:10,540 [IPC Server handler 15 on 43548] ERROR pipeline.PipelinePlacementPolicy (PipelinePlacementPolicy.java:meetCriteria(91)) - Pipeline Placement: Doesn't meet the criteria to be viable node. Heaviness: 6
2019-09-12 11:57:10,540 [IPC Server handler 15 on 43548] ERROR pipeline.PipelinePlacementPolicy (PipelinePlacementPolicy.java:meetCriteria(91)) - Pipeline Placement: Doesn't meet the criteria to be viable node. Heaviness: 6
2019-09-12 11:57:10,540 [IPC Server handler 15 on 43548] ERROR pipeline.PipelinePlacementPolicy (PipelinePlacementPolicy.java:filterViableNodes(146)) - Unable to find enough nodes that meet the criteria that cannot engage in more than 5 pipelines. Nodes required: 3 Found: 0, healthy nodes count inNodeManager: 5.
2019-09-12 11:57:10,540 [IPC Server handler 15 on 43548] ERROR pipeline.SCMPipelineManager (SCMPipelineManager.java:createPipeline(161)) - Pipeline creation failed due to exception: Unable to find enough nodes that meet the criteria that cannot engage in more than 5 pipelines. Nodes required: 3 Found: 0, healthy nodes count inNodeManager: 5.
2019-09-12 11:57:10,540 [IPC Server handler 15 on 43548] WARN  block.BlockManagerImpl (BlockManagerImpl.java:allocateBlock(192)) - Pipeline creation failed for type:RATIS factor:THREE. Retrying get pipelines call once.
org.apache.hadoop.hdds.scm.exceptions.SCMException: Unable to find enough nodes that meet the criteria that cannot engage in more than 5 pipelines. Nodes required: 3 Found: 0, healthy nodes count inNodeManager: 5.
	at org.apache.hadoop.hdds.scm.pipeline.PipelinePlacementPolicy.filterViableNodes(PipelinePlacementPolicy.java:147)
	at org.apache.hadoop.hdds.scm.pipeline.PipelinePlacementPolicy.chooseDatanodes(PipelinePlacementPolicy.java:170)
	at org.apache.hadoop.hdds.scm.pipeline.RatisPipelineProvider.create(RatisPipelineProvider.java:92)
	at org.apache.hadoop.hdds.scm.pipeline.PipelineFactory.create(PipelineFactory.java:57)
	at org.apache.hadoop.hdds.scm.pipeline.SCMPipelineManager.createPipeline(SCMPipelineManager.java:149)
	at org.apache.hadoop.hdds.scm.block.BlockManagerImpl.allocateBlock(BlockManagerImpl.java:190)
	at org.apache.hadoop.hdds.scm.server.SCMBlockProtocolServer.allocateBlock(SCMBlockProtocolServer.java:175)
	at org.apache.hadoop.ozone.protocolPB.ScmBlockLocationProtocolServerSideTranslatorPB.allocateScmBlock(ScmBlockLocationProtocolServerSideTranslatorPB.java:153)
	at org.apache.hadoop.ozone.protocolPB.ScmBlockLocationProtocolServerSideTranslatorPB.send(ScmBlockLocationProtocolServerSideTranslatorPB.java:112)
	at org.apache.hadoop.hdds.protocol.proto.ScmBlockLocationProtocolProtos$ScmBlockLocationProtocolService$2.callBlockingMethod(ScmBlockLocationProtocolProtos.java:13157)
	at org.apache.hadoop.ipc.ProtobufRpcEngine$Server$ProtoBufRpcInvoker.call(ProtobufRpcEngine.java:524)
	at org.apache.hadoop.ipc.RPC$Server.call(RPC.java:1025)
	at org.apache.hadoop.ipc.Server$RpcCall.run(Server.java:876)
	at org.apache.hadoop.ipc.Server$RpcCall.run(Server.java:822)
	at java.security.AccessController.doPrivileged(Native Method)
	at javax.security.auth.Subject.doAs(Subject.java:422)
	at org.apache.hadoop.security.UserGroupInformation.doAs(UserGroupInformation.java:1730)
	at org.apache.hadoop.ipc.Server$Handler.run(Server.java:2682)
2019-09-12 11:57:10,540 [IPC Server handler 15 on 43548] INFO  block.BlockManagerImpl (BlockManagerImpl.java:allocateBlock(198)) - Could not find available pipeline of type:RATIS and factor:THREE even after retrying
2019-09-12 11:57:10,540 [IPC Server handler 15 on 43548] ERROR block.BlockManagerImpl (BlockManagerImpl.java:allocateBlock(222)) - Unable to allocate a block for the size: 4194304, type: RATIS, factor: THREE
2019-09-12 11:57:10,541 [IPC Server handler 15 on 43548] ERROR pipeline.PipelinePlacementPolicy (PipelinePlacementPolicy.java:meetCriteria(91)) - Pipeline Placement: Doesn't meet the criteria to be viable node. Heaviness: 6
2019-09-12 11:57:10,541 [IPC Server handler 15 on 43548] ERROR pipeline.PipelinePlacementPolicy (PipelinePlacementPolicy.java:meetCriteria(91)) - Pipeline Placement: Doesn't meet the criteria to be viable node. Heaviness: 6
2019-09-12 11:57:10,541 [IPC Server handler 15 on 43548] ERROR pipeline.PipelinePlacementPolicy (PipelinePlacementPolicy.java:meetCriteria(91)) - Pipeline Placement: Doesn't meet the criteria to be viable node. Heaviness: 6
2019-09-12 11:57:10,541 [IPC Server handler 15 on 43548] ERROR pipeline.PipelinePlacementPolicy (PipelinePlacementPolicy.java:meetCriteria(91)) - Pipeline Placement: Doesn't meet the criteria to be viable node. Heaviness: 6
2019-09-12 11:57:10,541 [IPC Server handler 15 on 43548] ERROR pipeline.PipelinePlacementPolicy (PipelinePlacementPolicy.java:meetCriteria(91)) - Pipeline Placement: Doesn't meet the criteria to be viable node. Heaviness: 6
2019-09-12 11:57:10,541 [IPC Server handler 15 on 43548] ERROR pipeline.PipelinePlacementPolicy (PipelinePlacementPolicy.java:filterViableNodes(146)) - Unable to find enough nodes that meet the criteria that cannot engage in more than 5 pipelines. Nodes required: 3 Found: 0, healthy nodes count inNodeManager: 5.
2019-09-12 11:57:10,541 [IPC Server handler 15 on 43548] ERROR pipeline.SCMPipelineManager (SCMPipelineManager.java:createPipeline(161)) - Pipeline creation failed due to exception: Unable to find enough nodes that meet the criteria that cannot engage in more than 5 pipelines. Nodes required: 3 Found: 0, healthy nodes count inNodeManager: 5.
2019-09-12 11:57:10,541 [IPC Server handler 15 on 43548] WARN  block.BlockManagerImpl (BlockManagerImpl.java:allocateBlock(192)) - Pipeline creation failed for type:RATIS factor:THREE. Retrying get pipelines call once.
org.apache.hadoop.hdds.scm.exceptions.SCMException: Unable to find enough nodes that meet the criteria that cannot engage in more than 5 pipelines. Nodes required: 3 Found: 0, healthy nodes count inNodeManager: 5.
	at org.apache.hadoop.hdds.scm.pipeline.PipelinePlacementPolicy.filterViableNodes(PipelinePlacementPolicy.java:147)
	at org.apache.hadoop.hdds.scm.pipeline.PipelinePlacementPolicy.chooseDatanodes(PipelinePlacementPolicy.java:170)
	at org.apache.hadoop.hdds.scm.pipeline.RatisPipelineProvider.create(RatisPipelineProvider.java:92)
	at org.apache.hadoop.hdds.scm.pipeline.PipelineFactory.create(PipelineFactory.java:57)
	at org.apache.hadoop.hdds.scm.pipeline.SCMPipelineManager.createPipeline(SCMPipelineManager.java:149)
	at org.apache.hadoop.hdds.scm.block.BlockManagerImpl.allocateBlock(BlockManagerImpl.java:190)
	at org.apache.hadoop.hdds.scm.server.SCMBlockProtocolServer.allocateBlock(SCMBlockProtocolServer.java:175)
	at org.apache.hadoop.ozone.protocolPB.ScmBlockLocationProtocolServerSideTranslatorPB.allocateScmBlock(ScmBlockLocationProtocolServerSideTranslatorPB.java:153)
	at org.apache.hadoop.ozone.protocolPB.ScmBlockLocationProtocolServerSideTranslatorPB.send(ScmBlockLocationProtocolServerSideTranslatorPB.java:112)
	at org.apache.hadoop.hdds.protocol.proto.ScmBlockLocationProtocolProtos$ScmBlockLocationProtocolService$2.callBlockingMethod(ScmBlockLocationProtocolProtos.java:13157)
	at org.apache.hadoop.ipc.ProtobufRpcEngine$Server$ProtoBufRpcInvoker.call(ProtobufRpcEngine.java:524)
	at org.apache.hadoop.ipc.RPC$Server.call(RPC.java:1025)
	at org.apache.hadoop.ipc.Server$RpcCall.run(Server.java:876)
	at org.apache.hadoop.ipc.Server$RpcCall.run(Server.java:822)
	at java.security.AccessController.doPrivileged(Native Method)
	at javax.security.auth.Subject.doAs(Subject.java:422)
	at org.apache.hadoop.security.UserGroupInformation.doAs(UserGroupInformation.java:1730)
	at org.apache.hadoop.ipc.Server$Handler.run(Server.java:2682)
2019-09-12 11:57:10,542 [IPC Server handler 15 on 43548] INFO  block.BlockManagerImpl (BlockManagerImpl.java:allocateBlock(198)) - Could not find available pipeline of type:RATIS and factor:THREE even after retrying
2019-09-12 11:57:10,542 [IPC Server handler 15 on 43548] ERROR block.BlockManagerImpl (BlockManagerImpl.java:allocateBlock(222)) - Unable to allocate a block for the size: 4194304, type: RATIS, factor: THREE
2019-09-12 11:57:10,542 [IPC Server handler 15 on 43548] ERROR pipeline.PipelinePlacementPolicy (PipelinePlacementPolicy.java:meetCriteria(91)) - Pipeline Placement: Doesn't meet the criteria to be viable node. Heaviness: 6
2019-09-12 11:57:10,542 [IPC Server handler 15 on 43548] ERROR pipeline.PipelinePlacementPolicy (PipelinePlacementPolicy.java:meetCriteria(91)) - Pipeline Placement: Doesn't meet the criteria to be viable node. Heaviness: 6
2019-09-12 11:57:10,542 [IPC Server handler 15 on 43548] ERROR pipeline.PipelinePlacementPolicy (PipelinePlacementPolicy.java:meetCriteria(91)) - Pipeline Placement: Doesn't meet the criteria to be viable node. Heaviness: 6
2019-09-12 11:57:10,542 [IPC Server handler 15 on 43548] ERROR pipeline.PipelinePlacementPolicy (PipelinePlacementPolicy.java:meetCriteria(91)) - Pipeline Placement: Doesn't meet the criteria to be viable node. Heaviness: 6
2019-09-12 11:57:10,543 [IPC Server handler 15 on 43548] ERROR pipeline.PipelinePlacementPolicy (PipelinePlacementPolicy.java:meetCriteria(91)) - Pipeline Placement: Doesn't meet the criteria to be viable node. Heaviness: 6
2019-09-12 11:57:10,543 [IPC Server handler 15 on 43548] ERROR pipeline.PipelinePlacementPolicy (PipelinePlacementPolicy.java:filterViableNodes(146)) - Unable to find enough nodes that meet the criteria that cannot engage in more than 5 pipelines. Nodes required: 3 Found: 0, healthy nodes count inNodeManager: 5.
2019-09-12 11:57:10,543 [IPC Server handler 15 on 43548] ERROR pipeline.SCMPipelineManager (SCMPipelineManager.java:createPipeline(161)) - Pipeline creation failed due to exception: Unable to find enough nodes that meet the criteria that cannot engage in more than 5 pipelines. Nodes required: 3 Found: 0, healthy nodes count inNodeManager: 5.
2019-09-12 11:57:10,543 [IPC Server handler 15 on 43548] WARN  block.BlockManagerImpl (BlockManagerImpl.java:allocateBlock(192)) - Pipeline creation failed for type:RATIS factor:THREE. Retrying get pipelines call once.
org.apache.hadoop.hdds.scm.exceptions.SCMException: Unable to find enough nodes that meet the criteria that cannot engage in more than 5 pipelines. Nodes required: 3 Found: 0, healthy nodes count inNodeManager: 5.
	at org.apache.hadoop.hdds.scm.pipeline.PipelinePlacementPolicy.filterViableNodes(PipelinePlacementPolicy.java:147)
	at org.apache.hadoop.hdds.scm.pipeline.PipelinePlacementPolicy.chooseDatanodes(PipelinePlacementPolicy.java:170)
	at org.apache.hadoop.hdds.scm.pipeline.RatisPipelineProvider.create(RatisPipelineProvider.java:92)
	at org.apache.hadoop.hdds.scm.pipeline.PipelineFactory.create(PipelineFactory.java:57)
	at org.apache.hadoop.hdds.scm.pipeline.SCMPipelineManager.createPipeline(SCMPipelineManager.java:149)
	at org.apache.hadoop.hdds.scm.block.BlockManagerImpl.allocateBlock(BlockManagerImpl.java:190)
	at org.apache.hadoop.hdds.scm.server.SCMBlockProtocolServer.allocateBlock(SCMBlockProtocolServer.java:175)
	at org.apache.hadoop.ozone.protocolPB.ScmBlockLocationProtocolServerSideTranslatorPB.allocateScmBlock(ScmBlockLocationProtocolServerSideTranslatorPB.java:153)
	at org.apache.hadoop.ozone.protocolPB.ScmBlockLocationProtocolServerSideTranslatorPB.send(ScmBlockLocationProtocolServerSideTranslatorPB.java:112)
	at org.apache.hadoop.hdds.protocol.proto.ScmBlockLocationProtocolProtos$ScmBlockLocationProtocolService$2.callBlockingMethod(ScmBlockLocationProtocolProtos.java:13157)
	at org.apache.hadoop.ipc.ProtobufRpcEngine$Server$ProtoBufRpcInvoker.call(ProtobufRpcEngine.java:524)
	at org.apache.hadoop.ipc.RPC$Server.call(RPC.java:1025)
	at org.apache.hadoop.ipc.Server$RpcCall.run(Server.java:876)
	at org.apache.hadoop.ipc.Server$RpcCall.run(Server.java:822)
	at java.security.AccessController.doPrivileged(Native Method)
	at javax.security.auth.Subject.doAs(Subject.java:422)
	at org.apache.hadoop.security.UserGroupInformation.doAs(UserGroupInformation.java:1730)
	at org.apache.hadoop.ipc.Server$Handler.run(Server.java:2682)
2019-09-12 11:57:10,543 [IPC Server handler 15 on 43548] INFO  block.BlockManagerImpl (BlockManagerImpl.java:allocateBlock(198)) - Could not find available pipeline of type:RATIS and factor:THREE even after retrying
2019-09-12 11:57:10,543 [IPC Server handler 15 on 43548] ERROR block.BlockManagerImpl (BlockManagerImpl.java:allocateBlock(222)) - Unable to allocate a block for the size: 4194304, type: RATIS, factor: THREE
2019-09-12 11:57:10,544 [IPC Server handler 15 on 43548] ERROR pipeline.PipelinePlacementPolicy (PipelinePlacementPolicy.java:meetCriteria(91)) - Pipeline Placement: Doesn't meet the criteria to be viable node. Heaviness: 6
2019-09-12 11:57:10,544 [IPC Server handler 15 on 43548] ERROR pipeline.PipelinePlacementPolicy (PipelinePlacementPolicy.java:meetCriteria(91)) - Pipeline Placement: Doesn't meet the criteria to be viable node. Heaviness: 6
2019-09-12 11:57:10,544 [IPC Server handler 15 on 43548] ERROR pipeline.PipelinePlacementPolicy (PipelinePlacementPolicy.java:meetCriteria(91)) - Pipeline Placement: Doesn't meet the criteria to be viable node. Heaviness: 6
2019-09-12 11:57:10,544 [IPC Server handler 15 on 43548] ERROR pipeline.PipelinePlacementPolicy (PipelinePlacementPolicy.java:meetCriteria(91)) - Pipeline Placement: Doesn't meet the criteria to be viable node. Heaviness: 6
2019-09-12 11:57:10,544 [IPC Server handler 15 on 43548] ERROR pipeline.PipelinePlacementPolicy (PipelinePlacementPolicy.java:meetCriteria(91)) - Pipeline Placement: Doesn't meet the criteria to be viable node. Heaviness: 6
2019-09-12 11:57:10,544 [IPC Server handler 15 on 43548] ERROR pipeline.PipelinePlacementPolicy (PipelinePlacementPolicy.java:filterViableNodes(146)) - Unable to find enough nodes that meet the criteria that cannot engage in more than 5 pipelines. Nodes required: 3 Found: 0, healthy nodes count inNodeManager: 5.
2019-09-12 11:57:10,544 [IPC Server handler 15 on 43548] ERROR pipeline.SCMPipelineManager (SCMPipelineManager.java:createPipeline(161)) - Pipeline creation failed due to exception: Unable to find enough nodes that meet the criteria that cannot engage in more than 5 pipelines. Nodes required: 3 Found: 0, healthy nodes count inNodeManager: 5.
2019-09-12 11:57:10,544 [IPC Server handler 15 on 43548] WARN  block.BlockManagerImpl (BlockManagerImpl.java:allocateBlock(192)) - Pipeline creation failed for type:RATIS factor:THREE. Retrying get pipelines call once.
org.apache.hadoop.hdds.scm.exceptions.SCMException: Unable to find enough nodes that meet the criteria that cannot engage in more than 5 pipelines. Nodes required: 3 Found: 0, healthy nodes count inNodeManager: 5.
	at org.apache.hadoop.hdds.scm.pipeline.PipelinePlacementPolicy.filterViableNodes(PipelinePlacementPolicy.java:147)
	at org.apache.hadoop.hdds.scm.pipeline.PipelinePlacementPolicy.chooseDatanodes(PipelinePlacementPolicy.java:170)
	at org.apache.hadoop.hdds.scm.pipeline.RatisPipelineProvider.create(RatisPipelineProvider.java:92)
	at org.apache.hadoop.hdds.scm.pipeline.PipelineFactory.create(PipelineFactory.java:57)
	at org.apache.hadoop.hdds.scm.pipeline.SCMPipelineManager.createPipeline(SCMPipelineManager.java:149)
	at org.apache.hadoop.hdds.scm.block.BlockManagerImpl.allocateBlock(BlockManagerImpl.java:190)
	at org.apache.hadoop.hdds.scm.server.SCMBlockProtocolServer.allocateBlock(SCMBlockProtocolServer.java:175)
	at org.apache.hadoop.ozone.protocolPB.ScmBlockLocationProtocolServerSideTranslatorPB.allocateScmBlock(ScmBlockLocationProtocolServerSideTranslatorPB.java:153)
	at org.apache.hadoop.ozone.protocolPB.ScmBlockLocationProtocolServerSideTranslatorPB.send(ScmBlockLocationProtocolServerSideTranslatorPB.java:112)
	at org.apache.hadoop.hdds.protocol.proto.ScmBlockLocationProtocolProtos$ScmBlockLocationProtocolService$2.callBlockingMethod(ScmBlockLocationProtocolProtos.java:13157)
	at org.apache.hadoop.ipc.ProtobufRpcEngine$Server$ProtoBufRpcInvoker.call(ProtobufRpcEngine.java:524)
	at org.apache.hadoop.ipc.RPC$Server.call(RPC.java:1025)
	at org.apache.hadoop.ipc.Server$RpcCall.run(Server.java:876)
	at org.apache.hadoop.ipc.Server$RpcCall.run(Server.java:822)
	at java.security.AccessController.doPrivileged(Native Method)
	at javax.security.auth.Subject.doAs(Subject.java:422)
	at org.apache.hadoop.security.UserGroupInformation.doAs(UserGroupInformation.java:1730)
	at org.apache.hadoop.ipc.Server$Handler.run(Server.java:2682)
2019-09-12 11:57:10,545 [IPC Server handler 15 on 43548] INFO  block.BlockManagerImpl (BlockManagerImpl.java:allocateBlock(198)) - Could not find available pipeline of type:RATIS and factor:THREE even after retrying
2019-09-12 11:57:10,545 [IPC Server handler 15 on 43548] ERROR block.BlockManagerImpl (BlockManagerImpl.java:allocateBlock(222)) - Unable to allocate a block for the size: 4194304, type: RATIS, factor: THREE
2019-09-12 11:57:10,545 [IPC Server handler 15 on 43548] ERROR pipeline.PipelinePlacementPolicy (PipelinePlacementPolicy.java:meetCriteria(91)) - Pipeline Placement: Doesn't meet the criteria to be viable node. Heaviness: 6
2019-09-12 11:57:10,545 [IPC Server handler 15 on 43548] ERROR pipeline.PipelinePlacementPolicy (PipelinePlacementPolicy.java:meetCriteria(91)) - Pipeline Placement: Doesn't meet the criteria to be viable node. Heaviness: 6
2019-09-12 11:57:10,545 [IPC Server handler 15 on 43548] ERROR pipeline.PipelinePlacementPolicy (PipelinePlacementPolicy.java:meetCriteria(91)) - Pipeline Placement: Doesn't meet the criteria to be viable node. Heaviness: 6
2019-09-12 11:57:10,546 [IPC Server handler 15 on 43548] ERROR pipeline.PipelinePlacementPolicy (PipelinePlacementPolicy.java:meetCriteria(91)) - Pipeline Placement: Doesn't meet the criteria to be viable node. Heaviness: 6
2019-09-12 11:57:10,546 [IPC Server handler 15 on 43548] ERROR pipeline.PipelinePlacementPolicy (PipelinePlacementPolicy.java:meetCriteria(91)) - Pipeline Placement: Doesn't meet the criteria to be viable node. Heaviness: 6
2019-09-12 11:57:10,546 [IPC Server handler 15 on 43548] ERROR pipeline.PipelinePlacementPolicy (PipelinePlacementPolicy.java:filterViableNodes(146)) - Unable to find enough nodes that meet the criteria that cannot engage in more than 5 pipelines. Nodes required: 3 Found: 0, healthy nodes count inNodeManager: 5.
2019-09-12 11:57:10,546 [IPC Server handler 15 on 43548] ERROR pipeline.SCMPipelineManager (SCMPipelineManager.java:createPipeline(161)) - Pipeline creation failed due to exception: Unable to find enough nodes that meet the criteria that cannot engage in more than 5 pipelines. Nodes required: 3 Found: 0, healthy nodes count inNodeManager: 5.
2019-09-12 11:57:10,546 [IPC Server handler 15 on 43548] WARN  block.BlockManagerImpl (BlockManagerImpl.java:allocateBlock(192)) - Pipeline creation failed for type:RATIS factor:THREE. Retrying get pipelines call once.
org.apache.hadoop.hdds.scm.exceptions.SCMException: Unable to find enough nodes that meet the criteria that cannot engage in more than 5 pipelines. Nodes required: 3 Found: 0, healthy nodes count inNodeManager: 5.
	at org.apache.hadoop.hdds.scm.pipeline.PipelinePlacementPolicy.filterViableNodes(PipelinePlacementPolicy.java:147)
	at org.apache.hadoop.hdds.scm.pipeline.PipelinePlacementPolicy.chooseDatanodes(PipelinePlacementPolicy.java:170)
	at org.apache.hadoop.hdds.scm.pipeline.RatisPipelineProvider.create(RatisPipelineProvider.java:92)
	at org.apache.hadoop.hdds.scm.pipeline.PipelineFactory.create(PipelineFactory.java:57)
	at org.apache.hadoop.hdds.scm.pipeline.SCMPipelineManager.createPipeline(SCMPipelineManager.java:149)
	at org.apache.hadoop.hdds.scm.block.BlockManagerImpl.allocateBlock(BlockManagerImpl.java:190)
	at org.apache.hadoop.hdds.scm.server.SCMBlockProtocolServer.allocateBlock(SCMBlockProtocolServer.java:175)
	at org.apache.hadoop.ozone.protocolPB.ScmBlockLocationProtocolServerSideTranslatorPB.allocateScmBlock(ScmBlockLocationProtocolServerSideTranslatorPB.java:153)
	at org.apache.hadoop.ozone.protocolPB.ScmBlockLocationProtocolServerSideTranslatorPB.send(ScmBlockLocationProtocolServerSideTranslatorPB.java:112)
	at org.apache.hadoop.hdds.protocol.proto.ScmBlockLocationProtocolProtos$ScmBlockLocationProtocolService$2.callBlockingMethod(ScmBlockLocationProtocolProtos.java:13157)
	at org.apache.hadoop.ipc.ProtobufRpcEngine$Server$ProtoBufRpcInvoker.call(ProtobufRpcEngine.java:524)
	at org.apache.hadoop.ipc.RPC$Server.call(RPC.java:1025)
	at org.apache.hadoop.ipc.Server$RpcCall.run(Server.java:876)
	at org.apache.hadoop.ipc.Server$RpcCall.run(Server.java:822)
	at java.security.AccessController.doPrivileged(Native Method)
	at javax.security.auth.Subject.doAs(Subject.java:422)
	at org.apache.hadoop.security.UserGroupInformation.doAs(UserGroupInformation.java:1730)
	at org.apache.hadoop.ipc.Server$Handler.run(Server.java:2682)
2019-09-12 11:57:10,546 [IPC Server handler 15 on 43548] INFO  block.BlockManagerImpl (BlockManagerImpl.java:allocateBlock(198)) - Could not find available pipeline of type:RATIS and factor:THREE even after retrying
2019-09-12 11:57:10,547 [IPC Server handler 15 on 43548] ERROR block.BlockManagerImpl (BlockManagerImpl.java:allocateBlock(222)) - Unable to allocate a block for the size: 4194304, type: RATIS, factor: THREE
2019-09-12 11:57:10,547 [IPC Server handler 15 on 43548] ERROR pipeline.PipelinePlacementPolicy (PipelinePlacementPolicy.java:meetCriteria(91)) - Pipeline Placement: Doesn't meet the criteria to be viable node. Heaviness: 6
2019-09-12 11:57:10,547 [IPC Server handler 15 on 43548] ERROR pipeline.PipelinePlacementPolicy (PipelinePlacementPolicy.java:meetCriteria(91)) - Pipeline Placement: Doesn't meet the criteria to be viable node. Heaviness: 6
2019-09-12 11:57:10,547 [IPC Server handler 15 on 43548] ERROR pipeline.PipelinePlacementPolicy (PipelinePlacementPolicy.java:meetCriteria(91)) - Pipeline Placement: Doesn't meet the criteria to be viable node. Heaviness: 6
2019-09-12 11:57:10,547 [IPC Server handler 15 on 43548] ERROR pipeline.PipelinePlacementPolicy (PipelinePlacementPolicy.java:meetCriteria(91)) - Pipeline Placement: Doesn't meet the criteria to be viable node. Heaviness: 6
2019-09-12 11:57:10,547 [IPC Server handler 15 on 43548] ERROR pipeline.PipelinePlacementPolicy (PipelinePlacementPolicy.java:meetCriteria(91)) - Pipeline Placement: Doesn't meet the criteria to be viable node. Heaviness: 6
2019-09-12 11:57:10,547 [IPC Server handler 15 on 43548] ERROR pipeline.PipelinePlacementPolicy (PipelinePlacementPolicy.java:filterViableNodes(146)) - Unable to find enough nodes that meet the criteria that cannot engage in more than 5 pipelines. Nodes required: 3 Found: 0, healthy nodes count inNodeManager: 5.
2019-09-12 11:57:10,548 [IPC Server handler 15 on 43548] ERROR pipeline.SCMPipelineManager (SCMPipelineManager.java:createPipeline(161)) - Pipeline creation failed due to exception: Unable to find enough nodes that meet the criteria that cannot engage in more than 5 pipelines. Nodes required: 3 Found: 0, healthy nodes count inNodeManager: 5.
2019-09-12 11:57:10,548 [IPC Server handler 15 on 43548] WARN  block.BlockManagerImpl (BlockManagerImpl.java:allocateBlock(192)) - Pipeline creation failed for type:RATIS factor:THREE. Retrying get pipelines call once.
org.apache.hadoop.hdds.scm.exceptions.SCMException: Unable to find enough nodes that meet the criteria that cannot engage in more than 5 pipelines. Nodes required: 3 Found: 0, healthy nodes count inNodeManager: 5.
	at org.apache.hadoop.hdds.scm.pipeline.PipelinePlacementPolicy.filterViableNodes(PipelinePlacementPolicy.java:147)
	at org.apache.hadoop.hdds.scm.pipeline.PipelinePlacementPolicy.chooseDatanodes(PipelinePlacementPolicy.java:170)
	at org.apache.hadoop.hdds.scm.pipeline.RatisPipelineProvider.create(RatisPipelineProvider.java:92)
	at org.apache.hadoop.hdds.scm.pipeline.PipelineFactory.create(PipelineFactory.java:57)
	at org.apache.hadoop.hdds.scm.pipeline.SCMPipelineManager.createPipeline(SCMPipelineManager.java:149)
	at org.apache.hadoop.hdds.scm.block.BlockManagerImpl.allocateBlock(BlockManagerImpl.java:190)
	at org.apache.hadoop.hdds.scm.server.SCMBlockProtocolServer.allocateBlock(SCMBlockProtocolServer.java:175)
	at org.apache.hadoop.ozone.protocolPB.ScmBlockLocationProtocolServerSideTranslatorPB.allocateScmBlock(ScmBlockLocationProtocolServerSideTranslatorPB.java:153)
	at org.apache.hadoop.ozone.protocolPB.ScmBlockLocationProtocolServerSideTranslatorPB.send(ScmBlockLocationProtocolServerSideTranslatorPB.java:112)
	at org.apache.hadoop.hdds.protocol.proto.ScmBlockLocationProtocolProtos$ScmBlockLocationProtocolService$2.callBlockingMethod(ScmBlockLocationProtocolProtos.java:13157)
	at org.apache.hadoop.ipc.ProtobufRpcEngine$Server$ProtoBufRpcInvoker.call(ProtobufRpcEngine.java:524)
	at org.apache.hadoop.ipc.RPC$Server.call(RPC.java:1025)
	at org.apache.hadoop.ipc.Server$RpcCall.run(Server.java:876)
	at org.apache.hadoop.ipc.Server$RpcCall.run(Server.java:822)
	at java.security.AccessController.doPrivileged(Native Method)
	at javax.security.auth.Subject.doAs(Subject.java:422)
	at org.apache.hadoop.security.UserGroupInformation.doAs(UserGroupInformation.java:1730)
	at org.apache.hadoop.ipc.Server$Handler.run(Server.java:2682)
2019-09-12 11:57:10,548 [IPC Server handler 15 on 43548] INFO  block.BlockManagerImpl (BlockManagerImpl.java:allocateBlock(198)) - Could not find available pipeline of type:RATIS and factor:THREE even after retrying
2019-09-12 11:57:10,548 [IPC Server handler 15 on 43548] ERROR block.BlockManagerImpl (BlockManagerImpl.java:allocateBlock(222)) - Unable to allocate a block for the size: 4194304, type: RATIS, factor: THREE
2019-09-12 11:57:10,548 [IPC Server handler 15 on 43548] ERROR pipeline.PipelinePlacementPolicy (PipelinePlacementPolicy.java:meetCriteria(91)) - Pipeline Placement: Doesn't meet the criteria to be viable node. Heaviness: 6
2019-09-12 11:57:10,548 [IPC Server handler 15 on 43548] ERROR pipeline.PipelinePlacementPolicy (PipelinePlacementPolicy.java:meetCriteria(91)) - Pipeline Placement: Doesn't meet the criteria to be viable node. Heaviness: 6
2019-09-12 11:57:10,549 [IPC Server handler 15 on 43548] ERROR pipeline.PipelinePlacementPolicy (PipelinePlacementPolicy.java:meetCriteria(91)) - Pipeline Placement: Doesn't meet the criteria to be viable node. Heaviness: 6
2019-09-12 11:57:10,549 [IPC Server handler 15 on 43548] ERROR pipeline.PipelinePlacementPolicy (PipelinePlacementPolicy.java:meetCriteria(91)) - Pipeline Placement: Doesn't meet the criteria to be viable node. Heaviness: 6
2019-09-12 11:57:10,549 [IPC Server handler 15 on 43548] ERROR pipeline.PipelinePlacementPolicy (PipelinePlacementPolicy.java:meetCriteria(91)) - Pipeline Placement: Doesn't meet the criteria to be viable node. Heaviness: 6
2019-09-12 11:57:10,549 [IPC Server handler 15 on 43548] ERROR pipeline.PipelinePlacementPolicy (PipelinePlacementPolicy.java:filterViableNodes(146)) - Unable to find enough nodes that meet the criteria that cannot engage in more than 5 pipelines. Nodes required: 3 Found: 0, healthy nodes count inNodeManager: 5.
2019-09-12 11:57:10,549 [IPC Server handler 15 on 43548] ERROR pipeline.SCMPipelineManager (SCMPipelineManager.java:createPipeline(161)) - Pipeline creation failed due to exception: Unable to find enough nodes that meet the criteria that cannot engage in more than 5 pipelines. Nodes required: 3 Found: 0, healthy nodes count inNodeManager: 5.
2019-09-12 11:57:10,549 [IPC Server handler 15 on 43548] WARN  block.BlockManagerImpl (BlockManagerImpl.java:allocateBlock(192)) - Pipeline creation failed for type:RATIS factor:THREE. Retrying get pipelines call once.
org.apache.hadoop.hdds.scm.exceptions.SCMException: Unable to find enough nodes that meet the criteria that cannot engage in more than 5 pipelines. Nodes required: 3 Found: 0, healthy nodes count inNodeManager: 5.
	at org.apache.hadoop.hdds.scm.pipeline.PipelinePlacementPolicy.filterViableNodes(PipelinePlacementPolicy.java:147)
	at org.apache.hadoop.hdds.scm.pipeline.PipelinePlacementPolicy.chooseDatanodes(PipelinePlacementPolicy.java:170)
	at org.apache.hadoop.hdds.scm.pipeline.RatisPipelineProvider.create(RatisPipelineProvider.java:92)
	at org.apache.hadoop.hdds.scm.pipeline.PipelineFactory.create(PipelineFactory.java:57)
	at org.apache.hadoop.hdds.scm.pipeline.SCMPipelineManager.createPipeline(SCMPipelineManager.java:149)
	at org.apache.hadoop.hdds.scm.block.BlockManagerImpl.allocateBlock(BlockManagerImpl.java:190)
	at org.apache.hadoop.hdds.scm.server.SCMBlockProtocolServer.allocateBlock(SCMBlockProtocolServer.java:175)
	at org.apache.hadoop.ozone.protocolPB.ScmBlockLocationProtocolServerSideTranslatorPB.allocateScmBlock(ScmBlockLocationProtocolServerSideTranslatorPB.java:153)
	at org.apache.hadoop.ozone.protocolPB.ScmBlockLocationProtocolServerSideTranslatorPB.send(ScmBlockLocationProtocolServerSideTranslatorPB.java:112)
	at org.apache.hadoop.hdds.protocol.proto.ScmBlockLocationProtocolProtos$ScmBlockLocationProtocolService$2.callBlockingMethod(ScmBlockLocationProtocolProtos.java:13157)
	at org.apache.hadoop.ipc.ProtobufRpcEngine$Server$ProtoBufRpcInvoker.call(ProtobufRpcEngine.java:524)
	at org.apache.hadoop.ipc.RPC$Server.call(RPC.java:1025)
	at org.apache.hadoop.ipc.Server$RpcCall.run(Server.java:876)
	at org.apache.hadoop.ipc.Server$RpcCall.run(Server.java:822)
	at java.security.AccessController.doPrivileged(Native Method)
	at javax.security.auth.Subject.doAs(Subject.java:422)
	at org.apache.hadoop.security.UserGroupInformation.doAs(UserGroupInformation.java:1730)
	at org.apache.hadoop.ipc.Server$Handler.run(Server.java:2682)
2019-09-12 11:57:10,550 [IPC Server handler 15 on 43548] INFO  block.BlockManagerImpl (BlockManagerImpl.java:allocateBlock(198)) - Could not find available pipeline of type:RATIS and factor:THREE even after retrying
2019-09-12 11:57:10,550 [IPC Server handler 15 on 43548] ERROR block.BlockManagerImpl (BlockManagerImpl.java:allocateBlock(222)) - Unable to allocate a block for the size: 4194304, type: RATIS, factor: THREE
2019-09-12 11:57:10,550 [IPC Server handler 15 on 43548] ERROR pipeline.PipelinePlacementPolicy (PipelinePlacementPolicy.java:meetCriteria(91)) - Pipeline Placement: Doesn't meet the criteria to be viable node. Heaviness: 6
2019-09-12 11:57:10,550 [IPC Server handler 15 on 43548] ERROR pipeline.PipelinePlacementPolicy (PipelinePlacementPolicy.java:meetCriteria(91)) - Pipeline Placement: Doesn't meet the criteria to be viable node. Heaviness: 6
2019-09-12 11:57:10,550 [IPC Server handler 15 on 43548] ERROR pipeline.PipelinePlacementPolicy (PipelinePlacementPolicy.java:meetCriteria(91)) - Pipeline Placement: Doesn't meet the criteria to be viable node. Heaviness: 6
2019-09-12 11:57:10,550 [IPC Server handler 15 on 43548] ERROR pipeline.PipelinePlacementPolicy (PipelinePlacementPolicy.java:meetCriteria(91)) - Pipeline Placement: Doesn't meet the criteria to be viable node. Heaviness: 6
2019-09-12 11:57:10,550 [IPC Server handler 15 on 43548] ERROR pipeline.PipelinePlacementPolicy (PipelinePlacementPolicy.java:meetCriteria(91)) - Pipeline Placement: Doesn't meet the criteria to be viable node. Heaviness: 6
2019-09-12 11:57:10,551 [IPC Server handler 15 on 43548] ERROR pipeline.PipelinePlacementPolicy (PipelinePlacementPolicy.java:filterViableNodes(146)) - Unable to find enough nodes that meet the criteria that cannot engage in more than 5 pipelines. Nodes required: 3 Found: 0, healthy nodes count inNodeManager: 5.
2019-09-12 11:57:10,551 [IPC Server handler 15 on 43548] ERROR pipeline.SCMPipelineManager (SCMPipelineManager.java:createPipeline(161)) - Pipeline creation failed due to exception: Unable to find enough nodes that meet the criteria that cannot engage in more than 5 pipelines. Nodes required: 3 Found: 0, healthy nodes count inNodeManager: 5.
2019-09-12 11:57:10,551 [IPC Server handler 15 on 43548] WARN  block.BlockManagerImpl (BlockManagerImpl.java:allocateBlock(192)) - Pipeline creation failed for type:RATIS factor:THREE. Retrying get pipelines call once.
org.apache.hadoop.hdds.scm.exceptions.SCMException: Unable to find enough nodes that meet the criteria that cannot engage in more than 5 pipelines. Nodes required: 3 Found: 0, healthy nodes count inNodeManager: 5.
	at org.apache.hadoop.hdds.scm.pipeline.PipelinePlacementPolicy.filterViableNodes(PipelinePlacementPolicy.java:147)
	at org.apache.hadoop.hdds.scm.pipeline.PipelinePlacementPolicy.chooseDatanodes(PipelinePlacementPolicy.java:170)
	at org.apache.hadoop.hdds.scm.pipeline.RatisPipelineProvider.create(RatisPipelineProvider.java:92)
	at org.apache.hadoop.hdds.scm.pipeline.PipelineFactory.create(PipelineFactory.java:57)
	at org.apache.hadoop.hdds.scm.pipeline.SCMPipelineManager.createPipeline(SCMPipelineManager.java:149)
	at org.apache.hadoop.hdds.scm.block.BlockManagerImpl.allocateBlock(BlockManagerImpl.java:190)
	at org.apache.hadoop.hdds.scm.server.SCMBlockProtocolServer.allocateBlock(SCMBlockProtocolServer.java:175)
	at org.apache.hadoop.ozone.protocolPB.ScmBlockLocationProtocolServerSideTranslatorPB.allocateScmBlock(ScmBlockLocationProtocolServerSideTranslatorPB.java:153)
	at org.apache.hadoop.ozone.protocolPB.ScmBlockLocationProtocolServerSideTranslatorPB.send(ScmBlockLocationProtocolServerSideTranslatorPB.java:112)
	at org.apache.hadoop.hdds.protocol.proto.ScmBlockLocationProtocolProtos$ScmBlockLocationProtocolService$2.callBlockingMethod(ScmBlockLocationProtocolProtos.java:13157)
	at org.apache.hadoop.ipc.ProtobufRpcEngine$Server$ProtoBufRpcInvoker.call(ProtobufRpcEngine.java:524)
	at org.apache.hadoop.ipc.RPC$Server.call(RPC.java:1025)
	at org.apache.hadoop.ipc.Server$RpcCall.run(Server.java:876)
	at org.apache.hadoop.ipc.Server$RpcCall.run(Server.java:822)
	at java.security.AccessController.doPrivileged(Native Method)
	at javax.security.auth.Subject.doAs(Subject.java:422)
	at org.apache.hadoop.security.UserGroupInformation.doAs(UserGroupInformation.java:1730)
	at org.apache.hadoop.ipc.Server$Handler.run(Server.java:2682)
2019-09-12 11:57:10,551 [IPC Server handler 15 on 43548] INFO  block.BlockManagerImpl (BlockManagerImpl.java:allocateBlock(198)) - Could not find available pipeline of type:RATIS and factor:THREE even after retrying
2019-09-12 11:57:10,551 [IPC Server handler 15 on 43548] ERROR block.BlockManagerImpl (BlockManagerImpl.java:allocateBlock(222)) - Unable to allocate a block for the size: 4194304, type: RATIS, factor: THREE
2019-09-12 11:57:10,551 [IPC Server handler 15 on 43548] ERROR pipeline.PipelinePlacementPolicy (PipelinePlacementPolicy.java:meetCriteria(91)) - Pipeline Placement: Doesn't meet the criteria to be viable node. Heaviness: 6
2019-09-12 11:57:10,552 [IPC Server handler 15 on 43548] ERROR pipeline.PipelinePlacementPolicy (PipelinePlacementPolicy.java:meetCriteria(91)) - Pipeline Placement: Doesn't meet the criteria to be viable node. Heaviness: 6
2019-09-12 11:57:10,552 [IPC Server handler 15 on 43548] ERROR pipeline.PipelinePlacementPolicy (PipelinePlacementPolicy.java:meetCriteria(91)) - Pipeline Placement: Doesn't meet the criteria to be viable node. Heaviness: 6
2019-09-12 11:57:10,552 [IPC Server handler 15 on 43548] ERROR pipeline.PipelinePlacementPolicy (PipelinePlacementPolicy.java:meetCriteria(91)) - Pipeline Placement: Doesn't meet the criteria to be viable node. Heaviness: 6
2019-09-12 11:57:10,552 [IPC Server handler 15 on 43548] ERROR pipeline.PipelinePlacementPolicy (PipelinePlacementPolicy.java:meetCriteria(91)) - Pipeline Placement: Doesn't meet the criteria to be viable node. Heaviness: 6
2019-09-12 11:57:10,552 [IPC Server handler 15 on 43548] ERROR pipeline.PipelinePlacementPolicy (PipelinePlacementPolicy.java:filterViableNodes(146)) - Unable to find enough nodes that meet the criteria that cannot engage in more than 5 pipelines. Nodes required: 3 Found: 0, healthy nodes count inNodeManager: 5.
2019-09-12 11:57:10,552 [IPC Server handler 15 on 43548] ERROR pipeline.SCMPipelineManager (SCMPipelineManager.java:createPipeline(161)) - Pipeline creation failed due to exception: Unable to find enough nodes that meet the criteria that cannot engage in more than 5 pipelines. Nodes required: 3 Found: 0, healthy nodes count inNodeManager: 5.
2019-09-12 11:57:10,552 [IPC Server handler 15 on 43548] WARN  block.BlockManagerImpl (BlockManagerImpl.java:allocateBlock(192)) - Pipeline creation failed for type:RATIS factor:THREE. Retrying get pipelines call once.
org.apache.hadoop.hdds.scm.exceptions.SCMException: Unable to find enough nodes that meet the criteria that cannot engage in more than 5 pipelines. Nodes required: 3 Found: 0, healthy nodes count inNodeManager: 5.
	at org.apache.hadoop.hdds.scm.pipeline.PipelinePlacementPolicy.filterViableNodes(PipelinePlacementPolicy.java:147)
	at org.apache.hadoop.hdds.scm.pipeline.PipelinePlacementPolicy.chooseDatanodes(PipelinePlacementPolicy.java:170)
	at org.apache.hadoop.hdds.scm.pipeline.RatisPipelineProvider.create(RatisPipelineProvider.java:92)
	at org.apache.hadoop.hdds.scm.pipeline.PipelineFactory.create(PipelineFactory.java:57)
	at org.apache.hadoop.hdds.scm.pipeline.SCMPipelineManager.createPipeline(SCMPipelineManager.java:149)
	at org.apache.hadoop.hdds.scm.block.BlockManagerImpl.allocateBlock(BlockManagerImpl.java:190)
	at org.apache.hadoop.hdds.scm.server.SCMBlockProtocolServer.allocateBlock(SCMBlockProtocolServer.java:175)
	at org.apache.hadoop.ozone.protocolPB.ScmBlockLocationProtocolServerSideTranslatorPB.allocateScmBlock(ScmBlockLocationProtocolServerSideTranslatorPB.java:153)
	at org.apache.hadoop.ozone.protocolPB.ScmBlockLocationProtocolServerSideTranslatorPB.send(ScmBlockLocationProtocolServerSideTranslatorPB.java:112)
	at org.apache.hadoop.hdds.protocol.proto.ScmBlockLocationProtocolProtos$ScmBlockLocationProtocolService$2.callBlockingMethod(ScmBlockLocationProtocolProtos.java:13157)
	at org.apache.hadoop.ipc.ProtobufRpcEngine$Server$ProtoBufRpcInvoker.call(ProtobufRpcEngine.java:524)
	at org.apache.hadoop.ipc.RPC$Server.call(RPC.java:1025)
	at org.apache.hadoop.ipc.Server$RpcCall.run(Server.java:876)
	at org.apache.hadoop.ipc.Server$RpcCall.run(Server.java:822)
	at java.security.AccessController.doPrivileged(Native Method)
	at javax.security.auth.Subject.doAs(Subject.java:422)
	at org.apache.hadoop.security.UserGroupInformation.doAs(UserGroupInformation.java:1730)
	at org.apache.hadoop.ipc.Server$Handler.run(Server.java:2682)
2019-09-12 11:57:10,553 [IPC Server handler 15 on 43548] INFO  block.BlockManagerImpl (BlockManagerImpl.java:allocateBlock(198)) - Could not find available pipeline of type:RATIS and factor:THREE even after retrying
2019-09-12 11:57:10,553 [IPC Server handler 15 on 43548] ERROR block.BlockManagerImpl (BlockManagerImpl.java:allocateBlock(222)) - Unable to allocate a block for the size: 4194304, type: RATIS, factor: THREE
2019-09-12 11:57:10,553 | INFO  | SCMAudit | user=jenkins1000 | ip=192.168.157.195 | op=ALLOCATE_BLOCK {owner=f7492686-26db-4064-a654-129457f98f65, size=4194304, type=RATIS, factor=THREE} | ret=SUCCESS |  
2019-09-12 11:57:10,554 | ERROR | OMAudit | user=jenkins1000 | ip=127.0.0.1 | op=ALLOCATE_KEY {volume=vol-0-44147, bucket=bucket-0-59470, key=key-0-92279, dataSize=2147483657, replicationType=RATIS, replicationFactor=THREE, keyLocationInfo=null} | ret=FAILURE | org.apache.hadoop.hdds.scm.exceptions.SCMException: Allocated 0 blocks. Requested 64 blocks
	at org.apache.hadoop.hdds.scm.protocolPB.ScmBlockLocationProtocolClientSideTranslatorPB.handleError(ScmBlockLocationProtocolClientSideTranslatorPB.java:118)
	at org.apache.hadoop.hdds.scm.protocolPB.ScmBlockLocationProtocolClientSideTranslatorPB.allocateBlock(ScmBlockLocationProtocolClientSideTranslatorPB.java:156) 
2019-09-12 11:57:10,555 [pool-81-thread-1] ERROR freon.RandomKeyGenerator (RandomKeyGenerator.java:createKey(724)) - Exception while adding key: key-0-92279 in bucket: bucket-0-59470 of volume: vol-0-44147.
INTERNAL_ERROR org.apache.hadoop.ozone.om.exceptions.OMException: Allocated 0 blocks. Requested 64 blocks
	at org.apache.hadoop.ozone.om.protocolPB.OzoneManagerProtocolClientSideTranslatorPB.handleError(OzoneManagerProtocolClientSideTranslatorPB.java:725)
	at org.apache.hadoop.ozone.om.protocolPB.OzoneManagerProtocolClientSideTranslatorPB.openKey(OzoneManagerProtocolClientSideTranslatorPB.java:716)
	at org.apache.hadoop.ozone.client.rpc.RpcClient.createKey(RpcClient.java:615)
	at org.apache.hadoop.ozone.client.OzoneBucket.createKey(OzoneBucket.java:323)
	at org.apache.hadoop.ozone.freon.RandomKeyGenerator.createKey(RandomKeyGenerator.java:686)
	at org.apache.hadoop.ozone.freon.RandomKeyGenerator.access$1100(RandomKeyGenerator.java:87)
	at org.apache.hadoop.ozone.freon.RandomKeyGenerator$ObjectCreator.run(RandomKeyGenerator.java:606)
	at java.util.concurrent.Executors$RunnableAdapter.call(Executors.java:511)
	at java.util.concurrent.FutureTask.run(FutureTask.java:266)
	at java.util.concurrent.ThreadPoolExecutor.runWorker(ThreadPoolExecutor.java:1149)
	at java.util.concurrent.ThreadPoolExecutor$Worker.run(ThreadPoolExecutor.java:624)
	at java.lang.Thread.run(Thread.java:748)
2019-09-12 11:57:10,753 | INFO  | SCMAudit | user=jenkins1000 | ip=192.168.157.195 | op=SEND_HEARTBEAT {datanodeUUID=17edbb89-a050-42dd-b919-a8669dd0769f, command=[]} | ret=SUCCESS |  
2019-09-12 11:57:10,756 | INFO  | SCMAudit | user=jenkins1000 | ip=192.168.157.195 | op=SEND_HEARTBEAT {datanodeUUID=af5fed38-0f11-4bc3-b5f8-f25d4cc0e41f, command=[]} | ret=SUCCESS |  
2019-09-12 11:57:10,779 | INFO  | SCMAudit | user=jenkins1000 | ip=192.168.157.195 | op=SEND_HEARTBEAT {datanodeUUID=f8fc3649-0cfb-44b5-b2db-665c617086f3, command=[]} | ret=SUCCESS |  
2019-09-12 11:57:11,042 | INFO  | SCMAudit | user=jenkins1000 | ip=192.168.157.195 | op=SEND_HEARTBEAT {datanodeUUID=17f5de45-d006-42d4-a442-b3531657861f, command=[]} | ret=SUCCESS |  
2019-09-12 11:57:11,239 | INFO  | SCMAudit | user=jenkins1000 | ip=192.168.157.195 | op=SEND_HEARTBEAT {datanodeUUID=7c1edd01-6b93-44c9-a455-1bd851e1af30, command=[]} | ret=SUCCESS |  
 0.00% |█                                                                                                    |  0/1 Time: 0:00:012019-09-12 11:57:11,754 | INFO  | SCMAudit | user=jenkins1000 | ip=192.168.157.195 | op=SEND_HEARTBEAT {datanodeUUID=17edbb89-a050-42dd-b919-a8669dd0769f, command=[]} | ret=SUCCESS |  
2019-09-12 11:57:11,757 | INFO  | SCMAudit | user=jenkins1000 | ip=192.168.157.195 | op=SEND_HEARTBEAT {datanodeUUID=af5fed38-0f11-4bc3-b5f8-f25d4cc0e41f, command=[]} | ret=SUCCESS |  
2019-09-12 11:57:11,779 | INFO  | SCMAudit | user=jenkins1000 | ip=192.168.157.195 | op=SEND_HEARTBEAT {datanodeUUID=f8fc3649-0cfb-44b5-b2db-665c617086f3, command=[]} | ret=SUCCESS |  
2019-09-12 11:57:12,041 | INFO  | SCMAudit | user=jenkins1000 | ip=192.168.157.195 | op=SEND_HEARTBEAT {datanodeUUID=17f5de45-d006-42d4-a442-b3531657861f, command=[]} | ret=SUCCESS |  
2019-09-12 11:57:12,238 | INFO  | SCMAudit | user=jenkins1000 | ip=192.168.157.195 | op=SEND_HEARTBEAT {datanodeUUID=7c1edd01-6b93-44c9-a455-1bd851e1af30, command=[]} | ret=SUCCESS |  
 0.00% |█                                                                                                    |  0/1 Time: 0:00:022019-09-12 11:57:12,753 | INFO  | SCMAudit | user=jenkins1000 | ip=192.168.157.195 | op=SEND_HEARTBEAT {datanodeUUID=17edbb89-a050-42dd-b919-a8669dd0769f, command=[]} | ret=SUCCESS |  
2019-09-12 11:57:12,756 | INFO  | SCMAudit | user=jenkins1000 | ip=192.168.157.195 | op=SEND_HEARTBEAT {datanodeUUID=af5fed38-0f11-4bc3-b5f8-f25d4cc0e41f, command=[]} | ret=SUCCESS |  
2019-09-12 11:57:12,779 | INFO  | SCMAudit | user=jenkins1000 | ip=192.168.157.195 | op=SEND_HEARTBEAT {datanodeUUID=f8fc3649-0cfb-44b5-b2db-665c617086f3, command=[]} | ret=SUCCESS |  
2019-09-12 11:57:13,041 | INFO  | SCMAudit | user=jenkins1000 | ip=192.168.157.195 | op=SEND_HEARTBEAT {datanodeUUID=17f5de45-d006-42d4-a442-b3531657861f, command=[]} | ret=SUCCESS |  
2019-09-12 11:57:13,240 | INFO  | SCMAudit | user=jenkins1000 | ip=192.168.157.195 | op=SEND_HEARTBEAT {datanodeUUID=7c1edd01-6b93-44c9-a455-1bd851e1af30, command=[]} | ret=SUCCESS |  
 0.00% |█                                                                                                    |  0/1 Time: 0:00:032019-09-12 11:57:13,753 | INFO  | SCMAudit | user=jenkins1000 | ip=192.168.157.195 | op=SEND_HEARTBEAT {datanodeUUID=17edbb89-a050-42dd-b919-a8669dd0769f, command=[]} | ret=SUCCESS |  
2019-09-12 11:57:13,757 | INFO  | SCMAudit | user=jenkins1000 | ip=192.168.157.195 | op=SEND_HEARTBEAT {datanodeUUID=af5fed38-0f11-4bc3-b5f8-f25d4cc0e41f, command=[]} | ret=SUCCESS |  
2019-09-12 11:57:13,778 | INFO  | SCMAudit | user=jenkins1000 | ip=192.168.157.195 | op=SEND_HEARTBEAT {datanodeUUID=f8fc3649-0cfb-44b5-b2db-665c617086f3, command=[]} | ret=SUCCESS |  
2019-09-12 11:57:14,041 | INFO  | SCMAudit | user=jenkins1000 | ip=192.168.157.195 | op=SEND_HEARTBEAT {datanodeUUID=17f5de45-d006-42d4-a442-b3531657861f, command=[]} | ret=SUCCESS |  
2019-09-12 11:57:14,240 | INFO  | SCMAudit | user=jenkins1000 | ip=192.168.157.195 | op=SEND_HEARTBEAT {datanodeUUID=7c1edd01-6b93-44c9-a455-1bd851e1af30, command=[]} | ret=SUCCESS |  
 0.00% |█                                                                                                    |  0/1 Time: 0:00:042019-09-12 11:57:14,753 | INFO  | SCMAudit | user=jenkins1000 | ip=192.168.157.195 | op=SEND_HEARTBEAT {datanodeUUID=17edbb89-a050-42dd-b919-a8669dd0769f, command=[]} | ret=SUCCESS |  
2019-09-12 11:57:14,757 | INFO  | SCMAudit | user=jenkins1000 | ip=192.168.157.195 | op=SEND_HEARTBEAT {datanodeUUID=af5fed38-0f11-4bc3-b5f8-f25d4cc0e41f, command=[]} | ret=SUCCESS |  
2019-09-12 11:57:14,778 | INFO  | SCMAudit | user=jenkins1000 | ip=192.168.157.195 | op=SEND_HEARTBEAT {datanodeUUID=f8fc3649-0cfb-44b5-b2db-665c617086f3, command=[]} | ret=SUCCESS |  
2019-09-12 11:57:15,041 | INFO  | SCMAudit | user=jenkins1000 | ip=192.168.157.195 | op=SEND_HEARTBEAT {datanodeUUID=17f5de45-d006-42d4-a442-b3531657861f, command=[]} | ret=SUCCESS |  
2019-09-12 11:57:15,240 | INFO  | SCMAudit | user=jenkins1000 | ip=192.168.157.195 | op=SEND_HEARTBEAT {datanodeUUID=7c1edd01-6b93-44c9-a455-1bd851e1af30, command=[]} | ret=SUCCESS |  
 100.00% |█████████████████████████████████████████████████████████████████████████████████████████████████████|  1/1 Time: 0:00:05
]]></system-out>
  </testcase>
  <testcase name="fileWithSizeZero" classname="org.apache.hadoop.ozone.freon.TestRandomKeyGenerator" time="10.022">
    <error message="Allocated 0 blocks. Requested 1 blocks" type="INTERNAL_ERROR org.apache.hadoop.ozone.om.exceptions.OMException">INTERNAL_ERROR org.apache.hadoop.ozone.om.exceptions.OMException: Allocated 0 blocks. Requested 1 blocks
	at org.apache.hadoop.ozone.om.protocolPB.OzoneManagerProtocolClientSideTranslatorPB.handleError(OzoneManagerProtocolClientSideTranslatorPB.java:725)
	at org.apache.hadoop.ozone.om.protocolPB.OzoneManagerProtocolClientSideTranslatorPB.openKey(OzoneManagerProtocolClientSideTranslatorPB.java:716)
	at org.apache.hadoop.ozone.client.rpc.RpcClient.createKey(RpcClient.java:615)
	at org.apache.hadoop.ozone.client.OzoneBucket.createKey(OzoneBucket.java:323)
	at org.apache.hadoop.ozone.freon.RandomKeyGenerator.createKey(RandomKeyGenerator.java:686)
	at org.apache.hadoop.ozone.freon.RandomKeyGenerator.access$1100(RandomKeyGenerator.java:87)
	at org.apache.hadoop.ozone.freon.RandomKeyGenerator$ObjectCreator.run(RandomKeyGenerator.java:606)
	at java.util.concurrent.Executors$RunnableAdapter.call(Executors.java:511)
	at java.util.concurrent.FutureTask.run(FutureTask.java:266)
	at java.util.concurrent.ThreadPoolExecutor.runWorker(ThreadPoolExecutor.java:1149)
	at java.util.concurrent.ThreadPoolExecutor$Worker.run(ThreadPoolExecutor.java:624)
	at java.lang.Thread.run(Thread.java:748)
</error>
    <system-out><![CDATA[2019-09-12 11:57:15,430 [main] INFO  freon.RandomKeyGenerator (RandomKeyGenerator.java:call(275)) - Number of Threads: 1
2019-09-12 11:57:15,431 [main] INFO  freon.RandomKeyGenerator (RandomKeyGenerator.java:call(280)) - Number of Volumes: 1.
2019-09-12 11:57:15,431 [main] INFO  freon.RandomKeyGenerator (RandomKeyGenerator.java:call(281)) - Number of Buckets per Volume: 1.
2019-09-12 11:57:15,431 [main] INFO  freon.RandomKeyGenerator (RandomKeyGenerator.java:call(282)) - Number of Keys per Bucket: 1.
2019-09-12 11:57:15,432 [main] INFO  freon.RandomKeyGenerator (RandomKeyGenerator.java:call(283)) - Key size: 0 bytes
2019-09-12 11:57:15,432 [main] INFO  freon.RandomKeyGenerator (RandomKeyGenerator.java:call(284)) - Buffer size: 4096 bytes
2019-09-12 11:57:15,433 [main] INFO  freon.RandomKeyGenerator (RandomKeyGenerator.java:call(298)) - Data validation is enabled.
2019-09-12 11:57:15,433 [main] INFO  freon.RandomKeyGenerator (RandomKeyGenerator.java:call(304)) - Starting progress bar Thread.

 0.00% |█                                                                                                    |  0/1 Time: 0:00:002019-09-12 11:57:15,433 [pool-82-thread-1] INFO  rpc.RpcClient (RpcClient.java:createVolume(293)) - Creating Volume: vol-0-06676, with jenkins1000 as owner.
2019-09-12 11:57:15,438 | INFO  | OMAudit | user=jenkins1000 | ip=127.0.0.1 | op=CREATE_VOLUME {admin=jenkins1000, owner=jenkins1000, volume=vol-0-06676, creationTime=1568289435437, quotaInBytes=1152921504606846976} | ret=SUCCESS |  
2019-09-12 11:57:15,440 | INFO  | OMAudit | user=jenkins1000 | ip=127.0.0.1 | op=READ_VOLUME {volume=vol-0-06676} | ret=SUCCESS |  
2019-09-12 11:57:15,441 [pool-82-thread-1] INFO  rpc.RpcClient (RpcClient.java:createBucket(432)) - Creating Bucket: vol-0-06676/bucket-0-83829, with Versioning false and Storage Type set to DISK and Encryption set to false 
2019-09-12 11:57:15,464 | INFO  | OMAudit | user=jenkins1000 | ip=127.0.0.1 | op=CREATE_BUCKET {volume=vol-0-06676, bucket=bucket-0-83829, acls=[user:jenkins1000:a[ACCESS], group:default:a[ACCESS]], isVersionEnabled=false, storageType=DISK, creationTime=0} | ret=SUCCESS |  
2019-09-12 11:57:15,466 | INFO  | OMAudit | user=jenkins1000 | ip=127.0.0.1 | op=READ_BUCKET {volume=vol-0-06676, bucket=bucket-0-83829} | ret=SUCCESS |  
2019-09-12 11:57:15,470 [IPC Server handler 15 on 43548] ERROR pipeline.PipelinePlacementPolicy (PipelinePlacementPolicy.java:meetCriteria(91)) - Pipeline Placement: Doesn't meet the criteria to be viable node. Heaviness: 6
2019-09-12 11:57:15,471 [IPC Server handler 15 on 43548] ERROR pipeline.PipelinePlacementPolicy (PipelinePlacementPolicy.java:meetCriteria(91)) - Pipeline Placement: Doesn't meet the criteria to be viable node. Heaviness: 6
2019-09-12 11:57:15,471 [IPC Server handler 15 on 43548] ERROR pipeline.PipelinePlacementPolicy (PipelinePlacementPolicy.java:meetCriteria(91)) - Pipeline Placement: Doesn't meet the criteria to be viable node. Heaviness: 6
2019-09-12 11:57:15,471 [IPC Server handler 15 on 43548] ERROR pipeline.PipelinePlacementPolicy (PipelinePlacementPolicy.java:meetCriteria(91)) - Pipeline Placement: Doesn't meet the criteria to be viable node. Heaviness: 6
2019-09-12 11:57:15,471 [IPC Server handler 15 on 43548] ERROR pipeline.PipelinePlacementPolicy (PipelinePlacementPolicy.java:meetCriteria(91)) - Pipeline Placement: Doesn't meet the criteria to be viable node. Heaviness: 6
2019-09-12 11:57:15,472 [IPC Server handler 15 on 43548] ERROR pipeline.PipelinePlacementPolicy (PipelinePlacementPolicy.java:filterViableNodes(146)) - Unable to find enough nodes that meet the criteria that cannot engage in more than 5 pipelines. Nodes required: 3 Found: 0, healthy nodes count inNodeManager: 5.
2019-09-12 11:57:15,472 [IPC Server handler 15 on 43548] ERROR pipeline.SCMPipelineManager (SCMPipelineManager.java:createPipeline(161)) - Pipeline creation failed due to exception: Unable to find enough nodes that meet the criteria that cannot engage in more than 5 pipelines. Nodes required: 3 Found: 0, healthy nodes count inNodeManager: 5.
2019-09-12 11:57:15,472 [IPC Server handler 15 on 43548] WARN  block.BlockManagerImpl (BlockManagerImpl.java:allocateBlock(192)) - Pipeline creation failed for type:RATIS factor:THREE. Retrying get pipelines call once.
org.apache.hadoop.hdds.scm.exceptions.SCMException: Unable to find enough nodes that meet the criteria that cannot engage in more than 5 pipelines. Nodes required: 3 Found: 0, healthy nodes count inNodeManager: 5.
	at org.apache.hadoop.hdds.scm.pipeline.PipelinePlacementPolicy.filterViableNodes(PipelinePlacementPolicy.java:147)
	at org.apache.hadoop.hdds.scm.pipeline.PipelinePlacementPolicy.chooseDatanodes(PipelinePlacementPolicy.java:170)
	at org.apache.hadoop.hdds.scm.pipeline.RatisPipelineProvider.create(RatisPipelineProvider.java:92)
	at org.apache.hadoop.hdds.scm.pipeline.PipelineFactory.create(PipelineFactory.java:57)
	at org.apache.hadoop.hdds.scm.pipeline.SCMPipelineManager.createPipeline(SCMPipelineManager.java:149)
	at org.apache.hadoop.hdds.scm.block.BlockManagerImpl.allocateBlock(BlockManagerImpl.java:190)
	at org.apache.hadoop.hdds.scm.server.SCMBlockProtocolServer.allocateBlock(SCMBlockProtocolServer.java:175)
	at org.apache.hadoop.ozone.protocolPB.ScmBlockLocationProtocolServerSideTranslatorPB.allocateScmBlock(ScmBlockLocationProtocolServerSideTranslatorPB.java:153)
	at org.apache.hadoop.ozone.protocolPB.ScmBlockLocationProtocolServerSideTranslatorPB.send(ScmBlockLocationProtocolServerSideTranslatorPB.java:112)
	at org.apache.hadoop.hdds.protocol.proto.ScmBlockLocationProtocolProtos$ScmBlockLocationProtocolService$2.callBlockingMethod(ScmBlockLocationProtocolProtos.java:13157)
	at org.apache.hadoop.ipc.ProtobufRpcEngine$Server$ProtoBufRpcInvoker.call(ProtobufRpcEngine.java:524)
	at org.apache.hadoop.ipc.RPC$Server.call(RPC.java:1025)
	at org.apache.hadoop.ipc.Server$RpcCall.run(Server.java:876)
	at org.apache.hadoop.ipc.Server$RpcCall.run(Server.java:822)
	at java.security.AccessController.doPrivileged(Native Method)
	at javax.security.auth.Subject.doAs(Subject.java:422)
	at org.apache.hadoop.security.UserGroupInformation.doAs(UserGroupInformation.java:1730)
	at org.apache.hadoop.ipc.Server$Handler.run(Server.java:2682)
2019-09-12 11:57:15,473 [IPC Server handler 15 on 43548] INFO  block.BlockManagerImpl (BlockManagerImpl.java:allocateBlock(198)) - Could not find available pipeline of type:RATIS and factor:THREE even after retrying
2019-09-12 11:57:15,473 [IPC Server handler 15 on 43548] ERROR block.BlockManagerImpl (BlockManagerImpl.java:allocateBlock(222)) - Unable to allocate a block for the size: 4194304, type: RATIS, factor: THREE
2019-09-12 11:57:15,473 | INFO  | SCMAudit | user=jenkins1000 | ip=192.168.157.195 | op=ALLOCATE_BLOCK {owner=f7492686-26db-4064-a654-129457f98f65, size=4194304, type=RATIS, factor=THREE} | ret=SUCCESS |  
2019-09-12 11:57:15,474 | ERROR | OMAudit | user=jenkins1000 | ip=127.0.0.1 | op=ALLOCATE_KEY {volume=vol-0-06676, bucket=bucket-0-83829, key=key-0-16529, dataSize=0, replicationType=RATIS, replicationFactor=THREE, keyLocationInfo=null} | ret=FAILURE | org.apache.hadoop.hdds.scm.exceptions.SCMException: Allocated 0 blocks. Requested 1 blocks
	at org.apache.hadoop.hdds.scm.protocolPB.ScmBlockLocationProtocolClientSideTranslatorPB.handleError(ScmBlockLocationProtocolClientSideTranslatorPB.java:118)
	at org.apache.hadoop.hdds.scm.protocolPB.ScmBlockLocationProtocolClientSideTranslatorPB.allocateBlock(ScmBlockLocationProtocolClientSideTranslatorPB.java:156) 
2019-09-12 11:57:15,475 [pool-82-thread-1] ERROR freon.RandomKeyGenerator (RandomKeyGenerator.java:createKey(724)) - Exception while adding key: key-0-16529 in bucket: bucket-0-83829 of volume: vol-0-06676.
INTERNAL_ERROR org.apache.hadoop.ozone.om.exceptions.OMException: Allocated 0 blocks. Requested 1 blocks
	at org.apache.hadoop.ozone.om.protocolPB.OzoneManagerProtocolClientSideTranslatorPB.handleError(OzoneManagerProtocolClientSideTranslatorPB.java:725)
	at org.apache.hadoop.ozone.om.protocolPB.OzoneManagerProtocolClientSideTranslatorPB.openKey(OzoneManagerProtocolClientSideTranslatorPB.java:716)
	at org.apache.hadoop.ozone.client.rpc.RpcClient.createKey(RpcClient.java:615)
	at org.apache.hadoop.ozone.client.OzoneBucket.createKey(OzoneBucket.java:323)
	at org.apache.hadoop.ozone.freon.RandomKeyGenerator.createKey(RandomKeyGenerator.java:686)
	at org.apache.hadoop.ozone.freon.RandomKeyGenerator.access$1100(RandomKeyGenerator.java:87)
	at org.apache.hadoop.ozone.freon.RandomKeyGenerator$ObjectCreator.run(RandomKeyGenerator.java:606)
	at java.util.concurrent.Executors$RunnableAdapter.call(Executors.java:511)
	at java.util.concurrent.FutureTask.run(FutureTask.java:266)
	at java.util.concurrent.ThreadPoolExecutor.runWorker(ThreadPoolExecutor.java:1149)
	at java.util.concurrent.ThreadPoolExecutor$Worker.run(ThreadPoolExecutor.java:624)
	at java.lang.Thread.run(Thread.java:748)
2019-09-12 11:57:15,753 | INFO  | SCMAudit | user=jenkins1000 | ip=192.168.157.195 | op=SEND_HEARTBEAT {datanodeUUID=17edbb89-a050-42dd-b919-a8669dd0769f, command=[]} | ret=SUCCESS |  
2019-09-12 11:57:15,757 | INFO  | SCMAudit | user=jenkins1000 | ip=192.168.157.195 | op=SEND_HEARTBEAT {datanodeUUID=af5fed38-0f11-4bc3-b5f8-f25d4cc0e41f, command=[]} | ret=SUCCESS |  
2019-09-12 11:57:15,779 | INFO  | SCMAudit | user=jenkins1000 | ip=192.168.157.195 | op=SEND_HEARTBEAT {datanodeUUID=f8fc3649-0cfb-44b5-b2db-665c617086f3, command=[]} | ret=SUCCESS |  
2019-09-12 11:57:16,041 | INFO  | SCMAudit | user=jenkins1000 | ip=192.168.157.195 | op=SEND_HEARTBEAT {datanodeUUID=17f5de45-d006-42d4-a442-b3531657861f, command=[]} | ret=SUCCESS |  
2019-09-12 11:57:16,240 | INFO  | SCMAudit | user=jenkins1000 | ip=192.168.157.195 | op=SEND_HEARTBEAT {datanodeUUID=7c1edd01-6b93-44c9-a455-1bd851e1af30, command=[]} | ret=SUCCESS |  
 0.00% |█                                                                                                    |  0/1 Time: 0:00:012019-09-12 11:57:16,753 | INFO  | SCMAudit | user=jenkins1000 | ip=192.168.157.195 | op=SEND_HEARTBEAT {datanodeUUID=17edbb89-a050-42dd-b919-a8669dd0769f, command=[]} | ret=SUCCESS |  
2019-09-12 11:57:16,757 | INFO  | SCMAudit | user=jenkins1000 | ip=192.168.157.195 | op=SEND_HEARTBEAT {datanodeUUID=af5fed38-0f11-4bc3-b5f8-f25d4cc0e41f, command=[]} | ret=SUCCESS |  
2019-09-12 11:57:16,778 | INFO  | SCMAudit | user=jenkins1000 | ip=192.168.157.195 | op=SEND_HEARTBEAT {datanodeUUID=f8fc3649-0cfb-44b5-b2db-665c617086f3, command=[]} | ret=SUCCESS |  
2019-09-12 11:57:17,040 | INFO  | SCMAudit | user=jenkins1000 | ip=192.168.157.195 | op=SEND_HEARTBEAT {datanodeUUID=17f5de45-d006-42d4-a442-b3531657861f, command=[]} | ret=SUCCESS |  
2019-09-12 11:57:17,240 | INFO  | SCMAudit | user=jenkins1000 | ip=192.168.157.195 | op=SEND_HEARTBEAT {datanodeUUID=7c1edd01-6b93-44c9-a455-1bd851e1af30, command=[]} | ret=SUCCESS |  
 0.00% |█                                                                                                    |  0/1 Time: 0:00:022019-09-12 11:57:17,754 | INFO  | SCMAudit | user=jenkins1000 | ip=192.168.157.195 | op=SEND_HEARTBEAT {datanodeUUID=17edbb89-a050-42dd-b919-a8669dd0769f, command=[]} | ret=SUCCESS |  
2019-09-12 11:57:17,758 | INFO  | SCMAudit | user=jenkins1000 | ip=192.168.157.195 | op=SEND_HEARTBEAT {datanodeUUID=af5fed38-0f11-4bc3-b5f8-f25d4cc0e41f, command=[]} | ret=SUCCESS |  
2019-09-12 11:57:17,779 | INFO  | SCMAudit | user=jenkins1000 | ip=192.168.157.195 | op=SEND_HEARTBEAT {datanodeUUID=f8fc3649-0cfb-44b5-b2db-665c617086f3, command=[]} | ret=SUCCESS |  
2019-09-12 11:57:18,040 | INFO  | SCMAudit | user=jenkins1000 | ip=192.168.157.195 | op=SEND_HEARTBEAT {datanodeUUID=17f5de45-d006-42d4-a442-b3531657861f, command=[]} | ret=SUCCESS |  
2019-09-12 11:57:18,239 | INFO  | SCMAudit | user=jenkins1000 | ip=192.168.157.195 | op=SEND_HEARTBEAT {datanodeUUID=7c1edd01-6b93-44c9-a455-1bd851e1af30, command=[]} | ret=SUCCESS |  
 0.00% |█                                                                                                    |  0/1 Time: 0:00:032019-09-12 11:57:18,754 | INFO  | SCMAudit | user=jenkins1000 | ip=192.168.157.195 | op=SEND_HEARTBEAT {datanodeUUID=17edbb89-a050-42dd-b919-a8669dd0769f, command=[]} | ret=SUCCESS |  
2019-09-12 11:57:18,757 | INFO  | SCMAudit | user=jenkins1000 | ip=192.168.157.195 | op=SEND_HEARTBEAT {datanodeUUID=af5fed38-0f11-4bc3-b5f8-f25d4cc0e41f, command=[]} | ret=SUCCESS |  
2019-09-12 11:57:18,779 | INFO  | SCMAudit | user=jenkins1000 | ip=192.168.157.195 | op=SEND_HEARTBEAT {datanodeUUID=f8fc3649-0cfb-44b5-b2db-665c617086f3, command=[]} | ret=SUCCESS |  
2019-09-12 11:57:19,041 | INFO  | SCMAudit | user=jenkins1000 | ip=192.168.157.195 | op=SEND_HEARTBEAT {datanodeUUID=17f5de45-d006-42d4-a442-b3531657861f, command=[]} | ret=SUCCESS |  
2019-09-12 11:57:19,240 | INFO  | SCMAudit | user=jenkins1000 | ip=192.168.157.195 | op=SEND_HEARTBEAT {datanodeUUID=7c1edd01-6b93-44c9-a455-1bd851e1af30, command=[]} | ret=SUCCESS |  
 0.00% |█                                                                                                    |  0/1 Time: 0:00:042019-09-12 11:57:19,754 | INFO  | SCMAudit | user=jenkins1000 | ip=192.168.157.195 | op=SEND_HEARTBEAT {datanodeUUID=17edbb89-a050-42dd-b919-a8669dd0769f, command=[]} | ret=SUCCESS |  
2019-09-12 11:57:19,758 | INFO  | SCMAudit | user=jenkins1000 | ip=192.168.157.195 | op=SEND_HEARTBEAT {datanodeUUID=af5fed38-0f11-4bc3-b5f8-f25d4cc0e41f, command=[]} | ret=SUCCESS |  
2019-09-12 11:57:19,780 | INFO  | SCMAudit | user=jenkins1000 | ip=192.168.157.195 | op=SEND_HEARTBEAT {datanodeUUID=f8fc3649-0cfb-44b5-b2db-665c617086f3, command=[]} | ret=SUCCESS |  
2019-09-12 11:57:20,041 | INFO  | SCMAudit | user=jenkins1000 | ip=192.168.157.195 | op=SEND_HEARTBEAT {datanodeUUID=17f5de45-d006-42d4-a442-b3531657861f, command=[]} | ret=SUCCESS |  
2019-09-12 11:57:20,240 | INFO  | SCMAudit | user=jenkins1000 | ip=192.168.157.195 | op=SEND_HEARTBEAT {datanodeUUID=7c1edd01-6b93-44c9-a455-1bd851e1af30, command=[]} | ret=SUCCESS |  
 100.00% |█████████████████████████████████████████████████████████████████████████████████████████████████████|  1/1 Time: 0:00:05
2019-09-12 11:57:20,754 | INFO  | SCMAudit | user=jenkins1000 | ip=192.168.157.195 | op=SEND_HEARTBEAT {datanodeUUID=17edbb89-a050-42dd-b919-a8669dd0769f, command=[]} | ret=SUCCESS |  
2019-09-12 11:57:20,757 | INFO  | SCMAudit | user=jenkins1000 | ip=192.168.157.195 | op=SEND_HEARTBEAT {datanodeUUID=af5fed38-0f11-4bc3-b5f8-f25d4cc0e41f, command=[]} | ret=SUCCESS |  
2019-09-12 11:57:20,780 | INFO  | SCMAudit | user=jenkins1000 | ip=192.168.157.195 | op=SEND_HEARTBEAT {datanodeUUID=f8fc3649-0cfb-44b5-b2db-665c617086f3, command=[]} | ret=SUCCESS |  
2019-09-12 11:57:21,041 | INFO  | SCMAudit | user=jenkins1000 | ip=192.168.157.195 | op=SEND_HEARTBEAT {datanodeUUID=17f5de45-d006-42d4-a442-b3531657861f, command=[]} | ret=SUCCESS |  
2019-09-12 11:57:21,240 | INFO  | SCMAudit | user=jenkins1000 | ip=192.168.157.195 | op=SEND_HEARTBEAT {datanodeUUID=7c1edd01-6b93-44c9-a455-1bd851e1af30, command=[]} | ret=SUCCESS |  
2019-09-12 11:57:21,754 | INFO  | SCMAudit | user=jenkins1000 | ip=192.168.157.195 | op=SEND_HEARTBEAT {datanodeUUID=17edbb89-a050-42dd-b919-a8669dd0769f, command=[]} | ret=SUCCESS |  
2019-09-12 11:57:21,757 | INFO  | SCMAudit | user=jenkins1000 | ip=192.168.157.195 | op=SEND_HEARTBEAT {datanodeUUID=af5fed38-0f11-4bc3-b5f8-f25d4cc0e41f, command=[]} | ret=SUCCESS |  
2019-09-12 11:57:21,780 | INFO  | SCMAudit | user=jenkins1000 | ip=192.168.157.195 | op=SEND_HEARTBEAT {datanodeUUID=f8fc3649-0cfb-44b5-b2db-665c617086f3, command=[]} | ret=SUCCESS |  
2019-09-12 11:57:22,042 | INFO  | SCMAudit | user=jenkins1000 | ip=192.168.157.195 | op=SEND_HEARTBEAT {datanodeUUID=17f5de45-d006-42d4-a442-b3531657861f, command=[]} | ret=SUCCESS |  
2019-09-12 11:57:22,241 | INFO  | SCMAudit | user=jenkins1000 | ip=192.168.157.195 | op=SEND_HEARTBEAT {datanodeUUID=7c1edd01-6b93-44c9-a455-1bd851e1af30, command=[]} | ret=SUCCESS |  
2019-09-12 11:57:22,755 | INFO  | SCMAudit | user=jenkins1000 | ip=192.168.157.195 | op=SEND_HEARTBEAT {datanodeUUID=17edbb89-a050-42dd-b919-a8669dd0769f, command=[]} | ret=SUCCESS |  
2019-09-12 11:57:22,757 | INFO  | SCMAudit | user=jenkins1000 | ip=192.168.157.195 | op=SEND_HEARTBEAT {datanodeUUID=af5fed38-0f11-4bc3-b5f8-f25d4cc0e41f, command=[]} | ret=SUCCESS |  
2019-09-12 11:57:22,781 | INFO  | SCMAudit | user=jenkins1000 | ip=192.168.157.195 | op=SEND_HEARTBEAT {datanodeUUID=f8fc3649-0cfb-44b5-b2db-665c617086f3, command=[]} | ret=SUCCESS |  
2019-09-12 11:57:23,041 | INFO  | SCMAudit | user=jenkins1000 | ip=192.168.157.195 | op=SEND_HEARTBEAT {datanodeUUID=17f5de45-d006-42d4-a442-b3531657861f, command=[]} | ret=SUCCESS |  
2019-09-12 11:57:23,241 | INFO  | SCMAudit | user=jenkins1000 | ip=192.168.157.195 | op=SEND_HEARTBEAT {datanodeUUID=7c1edd01-6b93-44c9-a455-1bd851e1af30, command=[]} | ret=SUCCESS |  
2019-09-12 11:57:23,755 | INFO  | SCMAudit | user=jenkins1000 | ip=192.168.157.195 | op=SEND_HEARTBEAT {datanodeUUID=17edbb89-a050-42dd-b919-a8669dd0769f, command=[]} | ret=SUCCESS |  
2019-09-12 11:57:23,758 | INFO  | SCMAudit | user=jenkins1000 | ip=192.168.157.195 | op=SEND_HEARTBEAT {datanodeUUID=af5fed38-0f11-4bc3-b5f8-f25d4cc0e41f, command=[]} | ret=SUCCESS |  
2019-09-12 11:57:23,781 | INFO  | SCMAudit | user=jenkins1000 | ip=192.168.157.195 | op=SEND_HEARTBEAT {datanodeUUID=f8fc3649-0cfb-44b5-b2db-665c617086f3, command=[]} | ret=SUCCESS |  
2019-09-12 11:57:24,041 | INFO  | SCMAudit | user=jenkins1000 | ip=192.168.157.195 | op=SEND_HEARTBEAT {datanodeUUID=17f5de45-d006-42d4-a442-b3531657861f, command=[]} | ret=SUCCESS |  
2019-09-12 11:57:24,241 | INFO  | SCMAudit | user=jenkins1000 | ip=192.168.157.195 | op=SEND_HEARTBEAT {datanodeUUID=7c1edd01-6b93-44c9-a455-1bd851e1af30, command=[]} | ret=SUCCESS |  
2019-09-12 11:57:24,755 | INFO  | SCMAudit | user=jenkins1000 | ip=192.168.157.195 | op=SEND_HEARTBEAT {datanodeUUID=17edbb89-a050-42dd-b919-a8669dd0769f, command=[]} | ret=SUCCESS |  
2019-09-12 11:57:24,758 | INFO  | SCMAudit | user=jenkins1000 | ip=192.168.157.195 | op=SEND_HEARTBEAT {datanodeUUID=af5fed38-0f11-4bc3-b5f8-f25d4cc0e41f, command=[]} | ret=SUCCESS |  
2019-09-12 11:57:24,781 | INFO  | SCMAudit | user=jenkins1000 | ip=192.168.157.195 | op=SEND_HEARTBEAT {datanodeUUID=f8fc3649-0cfb-44b5-b2db-665c617086f3, command=[]} | ret=SUCCESS |  
2019-09-12 11:57:25,041 | INFO  | SCMAudit | user=jenkins1000 | ip=192.168.157.195 | op=SEND_HEARTBEAT {datanodeUUID=17f5de45-d006-42d4-a442-b3531657861f, command=[]} | ret=SUCCESS |  
2019-09-12 11:57:25,241 | INFO  | SCMAudit | user=jenkins1000 | ip=192.168.157.195 | op=SEND_HEARTBEAT {datanodeUUID=7c1edd01-6b93-44c9-a455-1bd851e1af30, command=[]} | ret=SUCCESS |  
]]></system-out>
  </testcase>
  <testcase name="multiThread" classname="org.apache.hadoop.ozone.freon.TestRandomKeyGenerator" time="5.029">
    <error message="Allocated 0 blocks. Requested 1 blocks" type="INTERNAL_ERROR org.apache.hadoop.ozone.om.exceptions.OMException">INTERNAL_ERROR org.apache.hadoop.ozone.om.exceptions.OMException: Allocated 0 blocks. Requested 1 blocks
	at org.apache.hadoop.ozone.om.protocolPB.OzoneManagerProtocolClientSideTranslatorPB.handleError(OzoneManagerProtocolClientSideTranslatorPB.java:725)
	at org.apache.hadoop.ozone.om.protocolPB.OzoneManagerProtocolClientSideTranslatorPB.openKey(OzoneManagerProtocolClientSideTranslatorPB.java:716)
	at org.apache.hadoop.ozone.client.rpc.RpcClient.createKey(RpcClient.java:615)
	at org.apache.hadoop.ozone.client.OzoneBucket.createKey(OzoneBucket.java:323)
	at org.apache.hadoop.ozone.freon.RandomKeyGenerator.createKey(RandomKeyGenerator.java:686)
	at org.apache.hadoop.ozone.freon.RandomKeyGenerator.access$1100(RandomKeyGenerator.java:87)
	at org.apache.hadoop.ozone.freon.RandomKeyGenerator$ObjectCreator.run(RandomKeyGenerator.java:606)
	at java.util.concurrent.Executors$RunnableAdapter.call(Executors.java:511)
	at java.util.concurrent.FutureTask.run(FutureTask.java:266)
	at java.util.concurrent.ThreadPoolExecutor.runWorker(ThreadPoolExecutor.java:1149)
	at java.util.concurrent.ThreadPoolExecutor$Worker.run(ThreadPoolExecutor.java:624)
	at java.lang.Thread.run(Thread.java:748)
</error>
    <system-out><![CDATA[2019-09-12 11:57:25,452 [main] INFO  freon.RandomKeyGenerator (RandomKeyGenerator.java:call(275)) - Number of Threads: 10
2019-09-12 11:57:25,452 [main] INFO  freon.RandomKeyGenerator (RandomKeyGenerator.java:call(280)) - Number of Volumes: 10.
2019-09-12 11:57:25,452 [main] INFO  freon.RandomKeyGenerator (RandomKeyGenerator.java:call(281)) - Number of Buckets per Volume: 1.
2019-09-12 11:57:25,453 [main] INFO  freon.RandomKeyGenerator (RandomKeyGenerator.java:call(282)) - Number of Keys per Bucket: 10.
2019-09-12 11:57:25,453 [main] INFO  freon.RandomKeyGenerator (RandomKeyGenerator.java:call(283)) - Key size: 10240 bytes
2019-09-12 11:57:25,453 [main] INFO  freon.RandomKeyGenerator (RandomKeyGenerator.java:call(284)) - Buffer size: 4096 bytes
2019-09-12 11:57:25,455 [pool-83-thread-1] INFO  rpc.RpcClient (RpcClient.java:createVolume(293)) - Creating Volume: vol-0-66800, with jenkins1000 as owner.
2019-09-12 11:57:25,456 [pool-83-thread-3] INFO  rpc.RpcClient (RpcClient.java:createVolume(293)) - Creating Volume: vol-2-56251, with jenkins1000 as owner.
2019-09-12 11:57:25,455 [main] INFO  freon.RandomKeyGenerator (RandomKeyGenerator.java:call(304)) - Starting progress bar Thread.
2019-09-12 11:57:25,458 [pool-83-thread-4] INFO  rpc.RpcClient (RpcClient.java:createVolume(293)) - Creating Volume: vol-3-64943, with jenkins1000 as owner.

2019-09-12 11:57:25,458 [pool-83-thread-10] INFO  rpc.RpcClient (RpcClient.java:createVolume(293)) - Creating Volume: vol-9-94481, with jenkins1000 as owner.
 0.00% |█                                                                                                    |  0/100 Time: 0:00:002019-09-12 11:57:25,456 [pool-83-thread-9] INFO  rpc.RpcClient (RpcClient.java:createVolume(293)) - Creating Volume: vol-8-29222, with jenkins1000 as owner.
2019-09-12 11:57:25,456 [pool-83-thread-6] INFO  rpc.RpcClient (RpcClient.java:createVolume(293)) - Creating Volume: vol-5-62325, with jenkins1000 as owner.
2019-09-12 11:57:25,456 [pool-83-thread-2] INFO  rpc.RpcClient (RpcClient.java:createVolume(293)) - Creating Volume: vol-1-09195, with jenkins1000 as owner.
2019-09-12 11:57:25,459 | INFO  | OMAudit | user=jenkins1000 | ip=127.0.0.1 | op=CREATE_VOLUME {admin=jenkins1000, owner=jenkins1000, volume=vol-0-66800, creationTime=1568289445459, quotaInBytes=1152921504606846976} | ret=SUCCESS |  
2019-09-12 11:57:25,456 [pool-83-thread-8] INFO  rpc.RpcClient (RpcClient.java:createVolume(293)) - Creating Volume: vol-7-73724, with jenkins1000 as owner.
2019-09-12 11:57:25,460 | INFO  | OMAudit | user=jenkins1000 | ip=127.0.0.1 | op=CREATE_VOLUME {admin=jenkins1000, owner=jenkins1000, volume=vol-2-56251, creationTime=1568289445459, quotaInBytes=1152921504606846976} | ret=SUCCESS |  
2019-09-12 11:57:25,456 [pool-83-thread-7] INFO  rpc.RpcClient (RpcClient.java:createVolume(293)) - Creating Volume: vol-6-77665, with jenkins1000 as owner.
2019-09-12 11:57:25,460 | INFO  | OMAudit | user=jenkins1000 | ip=127.0.0.1 | op=CREATE_VOLUME {admin=jenkins1000, owner=jenkins1000, volume=vol-3-64943, creationTime=1568289445460, quotaInBytes=1152921504606846976} | ret=SUCCESS |  
2019-09-12 11:57:25,458 [pool-83-thread-5] INFO  rpc.RpcClient (RpcClient.java:createVolume(293)) - Creating Volume: vol-4-88196, with jenkins1000 as owner.
2019-09-12 11:57:25,461 | INFO  | OMAudit | user=jenkins1000 | ip=127.0.0.1 | op=CREATE_VOLUME {admin=jenkins1000, owner=jenkins1000, volume=vol-9-94481, creationTime=1568289445460, quotaInBytes=1152921504606846976} | ret=SUCCESS |  
2019-09-12 11:57:25,461 | INFO  | OMAudit | user=jenkins1000 | ip=127.0.0.1 | op=CREATE_VOLUME {admin=jenkins1000, owner=jenkins1000, volume=vol-8-29222, creationTime=1568289445461, quotaInBytes=1152921504606846976} | ret=SUCCESS |  
2019-09-12 11:57:25,462 | INFO  | OMAudit | user=jenkins1000 | ip=127.0.0.1 | op=CREATE_VOLUME {admin=jenkins1000, owner=jenkins1000, volume=vol-5-62325, creationTime=1568289445462, quotaInBytes=1152921504606846976} | ret=SUCCESS |  
2019-09-12 11:57:25,462 | INFO  | OMAudit | user=jenkins1000 | ip=127.0.0.1 | op=READ_VOLUME {volume=vol-2-56251} | ret=SUCCESS |  
2019-09-12 11:57:25,465 | INFO  | OMAudit | user=jenkins1000 | ip=127.0.0.1 | op=READ_VOLUME {volume=vol-0-66800} | ret=SUCCESS |  
2019-09-12 11:57:25,465 | INFO  | OMAudit | user=jenkins1000 | ip=127.0.0.1 | op=CREATE_VOLUME {admin=jenkins1000, owner=jenkins1000, volume=vol-1-09195, creationTime=1568289445462, quotaInBytes=1152921504606846976} | ret=SUCCESS |  
2019-09-12 11:57:25,465 | INFO  | OMAudit | user=jenkins1000 | ip=127.0.0.1 | op=READ_VOLUME {volume=vol-3-64943} | ret=SUCCESS |  
2019-09-12 11:57:25,465 | INFO  | OMAudit | user=jenkins1000 | ip=127.0.0.1 | op=READ_VOLUME {volume=vol-8-29222} | ret=SUCCESS |  
2019-09-12 11:57:25,465 | INFO  | OMAudit | user=jenkins1000 | ip=127.0.0.1 | op=READ_VOLUME {volume=vol-9-94481} | ret=SUCCESS |  
2019-09-12 11:57:25,466 | INFO  | OMAudit | user=jenkins1000 | ip=127.0.0.1 | op=CREATE_VOLUME {admin=jenkins1000, owner=jenkins1000, volume=vol-6-77665, creationTime=1568289445465, quotaInBytes=1152921504606846976} | ret=SUCCESS |  
2019-09-12 11:57:25,466 | INFO  | OMAudit | user=jenkins1000 | ip=127.0.0.1 | op=READ_VOLUME {volume=vol-5-62325} | ret=SUCCESS |  
2019-09-12 11:57:25,466 [pool-83-thread-4] INFO  rpc.RpcClient (RpcClient.java:createBucket(432)) - Creating Bucket: vol-2-56251/bucket-0-18608, with Versioning false and Storage Type set to DISK and Encryption set to false 
2019-09-12 11:57:25,466 | INFO  | OMAudit | user=jenkins1000 | ip=127.0.0.1 | op=CREATE_VOLUME {admin=jenkins1000, owner=jenkins1000, volume=vol-7-73724, creationTime=1568289445466, quotaInBytes=1152921504606846976} | ret=SUCCESS |  
2019-09-12 11:57:25,467 | INFO  | OMAudit | user=jenkins1000 | ip=127.0.0.1 | op=READ_VOLUME {volume=vol-1-09195} | ret=SUCCESS |  
2019-09-12 11:57:25,467 [pool-83-thread-9] INFO  rpc.RpcClient (RpcClient.java:createBucket(432)) - Creating Bucket: vol-3-64943/bucket-0-27989, with Versioning false and Storage Type set to DISK and Encryption set to false 
2019-09-12 11:57:25,467 | INFO  | OMAudit | user=jenkins1000 | ip=127.0.0.1 | op=CREATE_VOLUME {admin=jenkins1000, owner=jenkins1000, volume=vol-4-88196, creationTime=1568289445466, quotaInBytes=1152921504606846976} | ret=SUCCESS |  
2019-09-12 11:57:25,467 [pool-83-thread-6] INFO  rpc.RpcClient (RpcClient.java:createBucket(432)) - Creating Bucket: vol-5-62325/bucket-0-56037, with Versioning false and Storage Type set to DISK and Encryption set to false 
2019-09-12 11:57:25,468 | INFO  | OMAudit | user=jenkins1000 | ip=127.0.0.1 | op=READ_VOLUME {volume=vol-6-77665} | ret=SUCCESS |  
2019-09-12 11:57:25,468 | INFO  | OMAudit | user=jenkins1000 | ip=127.0.0.1 | op=READ_VOLUME {volume=vol-7-73724} | ret=SUCCESS |  
2019-09-12 11:57:25,468 | INFO  | OMAudit | user=jenkins1000 | ip=127.0.0.1 | op=CREATE_BUCKET {volume=vol-2-56251, bucket=bucket-0-18608, acls=[user:jenkins1000:a[ACCESS], group:default:a[ACCESS]], isVersionEnabled=false, storageType=DISK, creationTime=0} | ret=SUCCESS |  
2019-09-12 11:57:25,469 | INFO  | OMAudit | user=jenkins1000 | ip=127.0.0.1 | op=CREATE_BUCKET {volume=vol-3-64943, bucket=bucket-0-27989, acls=[user:jenkins1000:a[ACCESS], group:default:a[ACCESS]], isVersionEnabled=false, storageType=DISK, creationTime=0} | ret=SUCCESS |  
2019-09-12 11:57:25,469 | INFO  | OMAudit | user=jenkins1000 | ip=127.0.0.1 | op=READ_VOLUME {volume=vol-4-88196} | ret=SUCCESS |  
2019-09-12 11:57:25,469 [pool-83-thread-8] INFO  rpc.RpcClient (RpcClient.java:createBucket(432)) - Creating Bucket: vol-8-29222/bucket-0-17241, with Versioning false and Storage Type set to DISK and Encryption set to false 
2019-09-12 11:57:25,469 [pool-83-thread-7] INFO  rpc.RpcClient (RpcClient.java:createBucket(432)) - Creating Bucket: vol-7-73724/bucket-0-33619, with Versioning false and Storage Type set to DISK and Encryption set to false 
2019-09-12 11:57:25,469 [pool-83-thread-5] INFO  rpc.RpcClient (RpcClient.java:createBucket(432)) - Creating Bucket: vol-9-94481/bucket-0-28508, with Versioning false and Storage Type set to DISK and Encryption set to false 
2019-09-12 11:57:25,470 | INFO  | OMAudit | user=jenkins1000 | ip=127.0.0.1 | op=CREATE_BUCKET {volume=vol-5-62325, bucket=bucket-0-56037, acls=[user:jenkins1000:a[ACCESS], group:default:a[ACCESS]], isVersionEnabled=false, storageType=DISK, creationTime=0} | ret=SUCCESS |  
2019-09-12 11:57:25,470 | INFO  | OMAudit | user=jenkins1000 | ip=127.0.0.1 | op=READ_BUCKET {volume=vol-2-56251, bucket=bucket-0-18608} | ret=SUCCESS |  
2019-09-12 11:57:25,471 | INFO  | OMAudit | user=jenkins1000 | ip=127.0.0.1 | op=READ_BUCKET {volume=vol-3-64943, bucket=bucket-0-27989} | ret=SUCCESS |  
2019-09-12 11:57:25,471 | INFO  | OMAudit | user=jenkins1000 | ip=127.0.0.1 | op=CREATE_BUCKET {volume=vol-7-73724, bucket=bucket-0-33619, acls=[user:jenkins1000:a[ACCESS], group:default:a[ACCESS]], isVersionEnabled=false, storageType=DISK, creationTime=0} | ret=SUCCESS |  
2019-09-12 11:57:25,471 | INFO  | OMAudit | user=jenkins1000 | ip=127.0.0.1 | op=CREATE_BUCKET {volume=vol-8-29222, bucket=bucket-0-17241, acls=[user:jenkins1000:a[ACCESS], group:default:a[ACCESS]], isVersionEnabled=false, storageType=DISK, creationTime=0} | ret=SUCCESS |  
2019-09-12 11:57:25,471 | INFO  | OMAudit | user=jenkins1000 | ip=127.0.0.1 | op=CREATE_BUCKET {volume=vol-9-94481, bucket=bucket-0-28508, acls=[user:jenkins1000:a[ACCESS], group:default:a[ACCESS]], isVersionEnabled=false, storageType=DISK, creationTime=0} | ret=SUCCESS |  
2019-09-12 11:57:25,472 | INFO  | OMAudit | user=jenkins1000 | ip=127.0.0.1 | op=READ_BUCKET {volume=vol-5-62325, bucket=bucket-0-56037} | ret=SUCCESS |  
2019-09-12 11:57:25,472 | INFO  | OMAudit | user=jenkins1000 | ip=127.0.0.1 | op=READ_BUCKET {volume=vol-7-73724, bucket=bucket-0-33619} | ret=SUCCESS |  
2019-09-12 11:57:25,472 | INFO  | OMAudit | user=jenkins1000 | ip=127.0.0.1 | op=READ_BUCKET {volume=vol-8-29222, bucket=bucket-0-17241} | ret=SUCCESS |  
2019-09-12 11:57:25,472 | INFO  | OMAudit | user=jenkins1000 | ip=127.0.0.1 | op=READ_BUCKET {volume=vol-9-94481, bucket=bucket-0-28508} | ret=SUCCESS |  
2019-09-12 11:57:25,481 [pool-83-thread-3] INFO  rpc.RpcClient (RpcClient.java:createBucket(432)) - Creating Bucket: vol-0-66800/bucket-0-09734, with Versioning false and Storage Type set to DISK and Encryption set to false 
2019-09-12 11:57:25,481 [pool-83-thread-10] INFO  rpc.RpcClient (RpcClient.java:createBucket(432)) - Creating Bucket: vol-4-88196/bucket-0-05986, with Versioning false and Storage Type set to DISK and Encryption set to false 
2019-09-12 11:57:25,481 [pool-83-thread-2] INFO  rpc.RpcClient (RpcClient.java:createBucket(432)) - Creating Bucket: vol-6-77665/bucket-0-17773, with Versioning false and Storage Type set to DISK and Encryption set to false 
2019-09-12 11:57:25,481 [pool-83-thread-1] INFO  rpc.RpcClient (RpcClient.java:createBucket(432)) - Creating Bucket: vol-1-09195/bucket-0-90835, with Versioning false and Storage Type set to DISK and Encryption set to false 
2019-09-12 11:57:25,481 [IPC Server handler 9 on 43548] ERROR pipeline.PipelinePlacementPolicy (PipelinePlacementPolicy.java:meetCriteria(91)) - Pipeline Placement: Doesn't meet the criteria to be viable node. Heaviness: 6
2019-09-12 11:57:25,482 [IPC Server handler 9 on 43548] ERROR pipeline.PipelinePlacementPolicy (PipelinePlacementPolicy.java:meetCriteria(91)) - Pipeline Placement: Doesn't meet the criteria to be viable node. Heaviness: 6
2019-09-12 11:57:25,482 [IPC Server handler 9 on 43548] ERROR pipeline.PipelinePlacementPolicy (PipelinePlacementPolicy.java:meetCriteria(91)) - Pipeline Placement: Doesn't meet the criteria to be viable node. Heaviness: 6
2019-09-12 11:57:25,482 [IPC Server handler 9 on 43548] ERROR pipeline.PipelinePlacementPolicy (PipelinePlacementPolicy.java:meetCriteria(91)) - Pipeline Placement: Doesn't meet the criteria to be viable node. Heaviness: 6
2019-09-12 11:57:25,482 | INFO  | OMAudit | user=jenkins1000 | ip=127.0.0.1 | op=CREATE_BUCKET {volume=vol-0-66800, bucket=bucket-0-09734, acls=[user:jenkins1000:a[ACCESS], group:default:a[ACCESS]], isVersionEnabled=false, storageType=DISK, creationTime=0} | ret=SUCCESS |  
2019-09-12 11:57:25,482 [IPC Server handler 9 on 43548] ERROR pipeline.PipelinePlacementPolicy (PipelinePlacementPolicy.java:meetCriteria(91)) - Pipeline Placement: Doesn't meet the criteria to be viable node. Heaviness: 6
2019-09-12 11:57:25,482 [IPC Server handler 9 on 43548] ERROR pipeline.PipelinePlacementPolicy (PipelinePlacementPolicy.java:filterViableNodes(146)) - Unable to find enough nodes that meet the criteria that cannot engage in more than 5 pipelines. Nodes required: 3 Found: 0, healthy nodes count inNodeManager: 5.
2019-09-12 11:57:25,483 [IPC Server handler 9 on 43548] ERROR pipeline.SCMPipelineManager (SCMPipelineManager.java:createPipeline(161)) - Pipeline creation failed due to exception: Unable to find enough nodes that meet the criteria that cannot engage in more than 5 pipelines. Nodes required: 3 Found: 0, healthy nodes count inNodeManager: 5.
2019-09-12 11:57:25,483 | INFO  | OMAudit | user=jenkins1000 | ip=127.0.0.1 | op=CREATE_BUCKET {volume=vol-6-77665, bucket=bucket-0-17773, acls=[user:jenkins1000:a[ACCESS], group:default:a[ACCESS]], isVersionEnabled=false, storageType=DISK, creationTime=0} | ret=SUCCESS |  
2019-09-12 11:57:25,483 | INFO  | OMAudit | user=jenkins1000 | ip=127.0.0.1 | op=CREATE_BUCKET {volume=vol-4-88196, bucket=bucket-0-05986, acls=[user:jenkins1000:a[ACCESS], group:default:a[ACCESS]], isVersionEnabled=false, storageType=DISK, creationTime=0} | ret=SUCCESS |  
2019-09-12 11:57:25,483 [IPC Server handler 9 on 43548] WARN  block.BlockManagerImpl (BlockManagerImpl.java:allocateBlock(192)) - Pipeline creation failed for type:RATIS factor:THREE. Retrying get pipelines call once.
org.apache.hadoop.hdds.scm.exceptions.SCMException: Unable to find enough nodes that meet the criteria that cannot engage in more than 5 pipelines. Nodes required: 3 Found: 0, healthy nodes count inNodeManager: 5.
	at org.apache.hadoop.hdds.scm.pipeline.PipelinePlacementPolicy.filterViableNodes(PipelinePlacementPolicy.java:147)
	at org.apache.hadoop.hdds.scm.pipeline.PipelinePlacementPolicy.chooseDatanodes(PipelinePlacementPolicy.java:170)
	at org.apache.hadoop.hdds.scm.pipeline.RatisPipelineProvider.create(RatisPipelineProvider.java:92)
	at org.apache.hadoop.hdds.scm.pipeline.PipelineFactory.create(PipelineFactory.java:57)
	at org.apache.hadoop.hdds.scm.pipeline.SCMPipelineManager.createPipeline(SCMPipelineManager.java:149)
	at org.apache.hadoop.hdds.scm.block.BlockManagerImpl.allocateBlock(BlockManagerImpl.java:190)
	at org.apache.hadoop.hdds.scm.server.SCMBlockProtocolServer.allocateBlock(SCMBlockProtocolServer.java:175)
	at org.apache.hadoop.ozone.protocolPB.ScmBlockLocationProtocolServerSideTranslatorPB.allocateScmBlock(ScmBlockLocationProtocolServerSideTranslatorPB.java:153)
	at org.apache.hadoop.ozone.protocolPB.ScmBlockLocationProtocolServerSideTranslatorPB.send(ScmBlockLocationProtocolServerSideTranslatorPB.java:112)
	at org.apache.hadoop.hdds.protocol.proto.ScmBlockLocationProtocolProtos$ScmBlockLocationProtocolService$2.callBlockingMethod(ScmBlockLocationProtocolProtos.java:13157)
	at org.apache.hadoop.ipc.ProtobufRpcEngine$Server$ProtoBufRpcInvoker.call(ProtobufRpcEngine.java:524)
	at org.apache.hadoop.ipc.RPC$Server.call(RPC.java:1025)
	at org.apache.hadoop.ipc.Server$RpcCall.run(Server.java:876)
	at org.apache.hadoop.ipc.Server$RpcCall.run(Server.java:822)
	at java.security.AccessController.doPrivileged(Native Method)
	at javax.security.auth.Subject.doAs(Subject.java:422)
	at org.apache.hadoop.security.UserGroupInformation.doAs(UserGroupInformation.java:1730)
	at org.apache.hadoop.ipc.Server$Handler.run(Server.java:2682)
2019-09-12 11:57:25,483 | INFO  | OMAudit | user=jenkins1000 | ip=127.0.0.1 | op=CREATE_BUCKET {volume=vol-1-09195, bucket=bucket-0-90835, acls=[user:jenkins1000:a[ACCESS], group:default:a[ACCESS]], isVersionEnabled=false, storageType=DISK, creationTime=0} | ret=SUCCESS |  
2019-09-12 11:57:25,483 [IPC Server handler 7 on 43548] ERROR pipeline.PipelinePlacementPolicy (PipelinePlacementPolicy.java:meetCriteria(91)) - Pipeline Placement: Doesn't meet the criteria to be viable node. Heaviness: 6
2019-09-12 11:57:25,483 [IPC Server handler 7 on 43548] ERROR pipeline.PipelinePlacementPolicy (PipelinePlacementPolicy.java:meetCriteria(91)) - Pipeline Placement: Doesn't meet the criteria to be viable node. Heaviness: 6
2019-09-12 11:57:25,483 | INFO  | OMAudit | user=jenkins1000 | ip=127.0.0.1 | op=READ_BUCKET {volume=vol-0-66800, bucket=bucket-0-09734} | ret=SUCCESS |  
2019-09-12 11:57:25,483 [IPC Server handler 7 on 43548] ERROR pipeline.PipelinePlacementPolicy (PipelinePlacementPolicy.java:meetCriteria(91)) - Pipeline Placement: Doesn't meet the criteria to be viable node. Heaviness: 6
2019-09-12 11:57:25,484 [IPC Server handler 7 on 43548] ERROR pipeline.PipelinePlacementPolicy (PipelinePlacementPolicy.java:meetCriteria(91)) - Pipeline Placement: Doesn't meet the criteria to be viable node. Heaviness: 6
2019-09-12 11:57:25,484 [IPC Server handler 7 on 43548] ERROR pipeline.PipelinePlacementPolicy (PipelinePlacementPolicy.java:meetCriteria(91)) - Pipeline Placement: Doesn't meet the criteria to be viable node. Heaviness: 6
2019-09-12 11:57:25,484 | INFO  | OMAudit | user=jenkins1000 | ip=127.0.0.1 | op=READ_BUCKET {volume=vol-6-77665, bucket=bucket-0-17773} | ret=SUCCESS |  
2019-09-12 11:57:25,484 [IPC Server handler 7 on 43548] ERROR pipeline.PipelinePlacementPolicy (PipelinePlacementPolicy.java:filterViableNodes(146)) - Unable to find enough nodes that meet the criteria that cannot engage in more than 5 pipelines. Nodes required: 3 Found: 0, healthy nodes count inNodeManager: 5.
2019-09-12 11:57:25,484 [IPC Server handler 7 on 43548] ERROR pipeline.SCMPipelineManager (SCMPipelineManager.java:createPipeline(161)) - Pipeline creation failed due to exception: Unable to find enough nodes that meet the criteria that cannot engage in more than 5 pipelines. Nodes required: 3 Found: 0, healthy nodes count inNodeManager: 5.
2019-09-12 11:57:25,484 | INFO  | OMAudit | user=jenkins1000 | ip=127.0.0.1 | op=READ_BUCKET {volume=vol-4-88196, bucket=bucket-0-05986} | ret=SUCCESS |  
2019-09-12 11:57:25,484 [IPC Server handler 7 on 43548] WARN  block.BlockManagerImpl (BlockManagerImpl.java:allocateBlock(192)) - Pipeline creation failed for type:RATIS factor:THREE. Retrying get pipelines call once.
org.apache.hadoop.hdds.scm.exceptions.SCMException: Unable to find enough nodes that meet the criteria that cannot engage in more than 5 pipelines. Nodes required: 3 Found: 0, healthy nodes count inNodeManager: 5.
	at org.apache.hadoop.hdds.scm.pipeline.PipelinePlacementPolicy.filterViableNodes(PipelinePlacementPolicy.java:147)
	at org.apache.hadoop.hdds.scm.pipeline.PipelinePlacementPolicy.chooseDatanodes(PipelinePlacementPolicy.java:170)
	at org.apache.hadoop.hdds.scm.pipeline.RatisPipelineProvider.create(RatisPipelineProvider.java:92)
	at org.apache.hadoop.hdds.scm.pipeline.PipelineFactory.create(PipelineFactory.java:57)
	at org.apache.hadoop.hdds.scm.pipeline.SCMPipelineManager.createPipeline(SCMPipelineManager.java:149)
	at org.apache.hadoop.hdds.scm.block.BlockManagerImpl.allocateBlock(BlockManagerImpl.java:190)
	at org.apache.hadoop.hdds.scm.server.SCMBlockProtocolServer.allocateBlock(SCMBlockProtocolServer.java:175)
	at org.apache.hadoop.ozone.protocolPB.ScmBlockLocationProtocolServerSideTranslatorPB.allocateScmBlock(ScmBlockLocationProtocolServerSideTranslatorPB.java:153)
	at org.apache.hadoop.ozone.protocolPB.ScmBlockLocationProtocolServerSideTranslatorPB.send(ScmBlockLocationProtocolServerSideTranslatorPB.java:112)
	at org.apache.hadoop.hdds.protocol.proto.ScmBlockLocationProtocolProtos$ScmBlockLocationProtocolService$2.callBlockingMethod(ScmBlockLocationProtocolProtos.java:13157)
	at org.apache.hadoop.ipc.ProtobufRpcEngine$Server$ProtoBufRpcInvoker.call(ProtobufRpcEngine.java:524)
	at org.apache.hadoop.ipc.RPC$Server.call(RPC.java:1025)
	at org.apache.hadoop.ipc.Server$RpcCall.run(Server.java:876)
	at org.apache.hadoop.ipc.Server$RpcCall.run(Server.java:822)
	at java.security.AccessController.doPrivileged(Native Method)
	at javax.security.auth.Subject.doAs(Subject.java:422)
	at org.apache.hadoop.security.UserGroupInformation.doAs(UserGroupInformation.java:1730)
	at org.apache.hadoop.ipc.Server$Handler.run(Server.java:2682)
2019-09-12 11:57:25,485 | INFO  | OMAudit | user=jenkins1000 | ip=127.0.0.1 | op=READ_BUCKET {volume=vol-1-09195, bucket=bucket-0-90835} | ret=SUCCESS |  
2019-09-12 11:57:25,484 [IPC Server handler 16 on 43548] ERROR pipeline.PipelinePlacementPolicy (PipelinePlacementPolicy.java:meetCriteria(91)) - Pipeline Placement: Doesn't meet the criteria to be viable node. Heaviness: 6
2019-09-12 11:57:25,485 [IPC Server handler 16 on 43548] ERROR pipeline.PipelinePlacementPolicy (PipelinePlacementPolicy.java:meetCriteria(91)) - Pipeline Placement: Doesn't meet the criteria to be viable node. Heaviness: 6
2019-09-12 11:57:25,485 [IPC Server handler 16 on 43548] ERROR pipeline.PipelinePlacementPolicy (PipelinePlacementPolicy.java:meetCriteria(91)) - Pipeline Placement: Doesn't meet the criteria to be viable node. Heaviness: 6
2019-09-12 11:57:25,486 [IPC Server handler 16 on 43548] ERROR pipeline.PipelinePlacementPolicy (PipelinePlacementPolicy.java:meetCriteria(91)) - Pipeline Placement: Doesn't meet the criteria to be viable node. Heaviness: 6
2019-09-12 11:57:25,486 [IPC Server handler 16 on 43548] ERROR pipeline.PipelinePlacementPolicy (PipelinePlacementPolicy.java:meetCriteria(91)) - Pipeline Placement: Doesn't meet the criteria to be viable node. Heaviness: 6
2019-09-12 11:57:25,486 [IPC Server handler 16 on 43548] ERROR pipeline.PipelinePlacementPolicy (PipelinePlacementPolicy.java:filterViableNodes(146)) - Unable to find enough nodes that meet the criteria that cannot engage in more than 5 pipelines. Nodes required: 3 Found: 0, healthy nodes count inNodeManager: 5.
2019-09-12 11:57:25,486 [IPC Server handler 16 on 43548] ERROR pipeline.SCMPipelineManager (SCMPipelineManager.java:createPipeline(161)) - Pipeline creation failed due to exception: Unable to find enough nodes that meet the criteria that cannot engage in more than 5 pipelines. Nodes required: 3 Found: 0, healthy nodes count inNodeManager: 5.
2019-09-12 11:57:25,486 [IPC Server handler 16 on 43548] WARN  block.BlockManagerImpl (BlockManagerImpl.java:allocateBlock(192)) - Pipeline creation failed for type:RATIS factor:THREE. Retrying get pipelines call once.
org.apache.hadoop.hdds.scm.exceptions.SCMException: Unable to find enough nodes that meet the criteria that cannot engage in more than 5 pipelines. Nodes required: 3 Found: 0, healthy nodes count inNodeManager: 5.
	at org.apache.hadoop.hdds.scm.pipeline.PipelinePlacementPolicy.filterViableNodes(PipelinePlacementPolicy.java:147)
	at org.apache.hadoop.hdds.scm.pipeline.PipelinePlacementPolicy.chooseDatanodes(PipelinePlacementPolicy.java:170)
	at org.apache.hadoop.hdds.scm.pipeline.RatisPipelineProvider.create(RatisPipelineProvider.java:92)
	at org.apache.hadoop.hdds.scm.pipeline.PipelineFactory.create(PipelineFactory.java:57)
	at org.apache.hadoop.hdds.scm.pipeline.SCMPipelineManager.createPipeline(SCMPipelineManager.java:149)
	at org.apache.hadoop.hdds.scm.block.BlockManagerImpl.allocateBlock(BlockManagerImpl.java:190)
	at org.apache.hadoop.hdds.scm.server.SCMBlockProtocolServer.allocateBlock(SCMBlockProtocolServer.java:175)
	at org.apache.hadoop.ozone.protocolPB.ScmBlockLocationProtocolServerSideTranslatorPB.allocateScmBlock(ScmBlockLocationProtocolServerSideTranslatorPB.java:153)
	at org.apache.hadoop.ozone.protocolPB.ScmBlockLocationProtocolServerSideTranslatorPB.send(ScmBlockLocationProtocolServerSideTranslatorPB.java:112)
	at org.apache.hadoop.hdds.protocol.proto.ScmBlockLocationProtocolProtos$ScmBlockLocationProtocolService$2.callBlockingMethod(ScmBlockLocationProtocolProtos.java:13157)
	at org.apache.hadoop.ipc.ProtobufRpcEngine$Server$ProtoBufRpcInvoker.call(ProtobufRpcEngine.java:524)
	at org.apache.hadoop.ipc.RPC$Server.call(RPC.java:1025)
	at org.apache.hadoop.ipc.Server$RpcCall.run(Server.java:876)
	at org.apache.hadoop.ipc.Server$RpcCall.run(Server.java:822)
	at java.security.AccessController.doPrivileged(Native Method)
	at javax.security.auth.Subject.doAs(Subject.java:422)
	at org.apache.hadoop.security.UserGroupInformation.doAs(UserGroupInformation.java:1730)
	at org.apache.hadoop.ipc.Server$Handler.run(Server.java:2682)
2019-09-12 11:57:25,486 [IPC Server handler 7 on 43548] INFO  block.BlockManagerImpl (BlockManagerImpl.java:allocateBlock(198)) - Could not find available pipeline of type:RATIS and factor:THREE even after retrying
2019-09-12 11:57:25,486 [IPC Server handler 9 on 43548] INFO  block.BlockManagerImpl (BlockManagerImpl.java:allocateBlock(198)) - Could not find available pipeline of type:RATIS and factor:THREE even after retrying
2019-09-12 11:57:25,487 [IPC Server handler 7 on 43548] ERROR block.BlockManagerImpl (BlockManagerImpl.java:allocateBlock(222)) - Unable to allocate a block for the size: 4194304, type: RATIS, factor: THREE
2019-09-12 11:57:25,488 | INFO  | SCMAudit | user=jenkins1000 | ip=192.168.157.195 | op=ALLOCATE_BLOCK {owner=f7492686-26db-4064-a654-129457f98f65, size=4194304, type=RATIS, factor=THREE} | ret=SUCCESS |  
2019-09-12 11:57:25,487 [IPC Server handler 16 on 43548] INFO  block.BlockManagerImpl (BlockManagerImpl.java:allocateBlock(198)) - Could not find available pipeline of type:RATIS and factor:THREE even after retrying
2019-09-12 11:57:25,488 [IPC Server handler 19 on 43548] ERROR pipeline.PipelinePlacementPolicy (PipelinePlacementPolicy.java:meetCriteria(91)) - Pipeline Placement: Doesn't meet the criteria to be viable node. Heaviness: 6
2019-09-12 11:57:25,488 [IPC Server handler 19 on 43548] ERROR pipeline.PipelinePlacementPolicy (PipelinePlacementPolicy.java:meetCriteria(91)) - Pipeline Placement: Doesn't meet the criteria to be viable node. Heaviness: 6
2019-09-12 11:57:25,488 [IPC Server handler 19 on 43548] ERROR pipeline.PipelinePlacementPolicy (PipelinePlacementPolicy.java:meetCriteria(91)) - Pipeline Placement: Doesn't meet the criteria to be viable node. Heaviness: 6
2019-09-12 11:57:25,488 | ERROR | OMAudit | user=jenkins1000 | ip=127.0.0.1 | op=ALLOCATE_KEY {volume=vol-2-56251, bucket=bucket-0-18608, key=key-0-37392, dataSize=10240, replicationType=RATIS, replicationFactor=THREE, keyLocationInfo=null} | ret=FAILURE | org.apache.hadoop.hdds.scm.exceptions.SCMException: Allocated 0 blocks. Requested 1 blocks
	at org.apache.hadoop.hdds.scm.protocolPB.ScmBlockLocationProtocolClientSideTranslatorPB.handleError(ScmBlockLocationProtocolClientSideTranslatorPB.java:118)
	at org.apache.hadoop.hdds.scm.protocolPB.ScmBlockLocationProtocolClientSideTranslatorPB.allocateBlock(ScmBlockLocationProtocolClientSideTranslatorPB.java:156) 
2019-09-12 11:57:25,488 [IPC Server handler 19 on 43548] ERROR pipeline.PipelinePlacementPolicy (PipelinePlacementPolicy.java:meetCriteria(91)) - Pipeline Placement: Doesn't meet the criteria to be viable node. Heaviness: 6
2019-09-12 11:57:25,489 [IPC Server handler 19 on 43548] ERROR pipeline.PipelinePlacementPolicy (PipelinePlacementPolicy.java:meetCriteria(91)) - Pipeline Placement: Doesn't meet the criteria to be viable node. Heaviness: 6
2019-09-12 11:57:25,487 [IPC Server handler 9 on 43548] ERROR block.BlockManagerImpl (BlockManagerImpl.java:allocateBlock(222)) - Unable to allocate a block for the size: 4194304, type: RATIS, factor: THREE
2019-09-12 11:57:25,489 | INFO  | SCMAudit | user=jenkins1000 | ip=192.168.157.195 | op=ALLOCATE_BLOCK {owner=f7492686-26db-4064-a654-129457f98f65, size=4194304, type=RATIS, factor=THREE} | ret=SUCCESS |  
2019-09-12 11:57:25,489 [IPC Server handler 19 on 43548] ERROR pipeline.PipelinePlacementPolicy (PipelinePlacementPolicy.java:filterViableNodes(146)) - Unable to find enough nodes that meet the criteria that cannot engage in more than 5 pipelines. Nodes required: 3 Found: 0, healthy nodes count inNodeManager: 5.
2019-09-12 11:57:25,489 [pool-83-thread-6] ERROR freon.RandomKeyGenerator (RandomKeyGenerator.java:createKey(724)) - Exception while adding key: key-0-37392 in bucket: bucket-0-18608 of volume: vol-2-56251.
INTERNAL_ERROR org.apache.hadoop.ozone.om.exceptions.OMException: Allocated 0 blocks. Requested 1 blocks
	at org.apache.hadoop.ozone.om.protocolPB.OzoneManagerProtocolClientSideTranslatorPB.handleError(OzoneManagerProtocolClientSideTranslatorPB.java:725)
	at org.apache.hadoop.ozone.om.protocolPB.OzoneManagerProtocolClientSideTranslatorPB.openKey(OzoneManagerProtocolClientSideTranslatorPB.java:716)
	at org.apache.hadoop.ozone.client.rpc.RpcClient.createKey(RpcClient.java:615)
	at org.apache.hadoop.ozone.client.OzoneBucket.createKey(OzoneBucket.java:323)
	at org.apache.hadoop.ozone.freon.RandomKeyGenerator.createKey(RandomKeyGenerator.java:686)
	at org.apache.hadoop.ozone.freon.RandomKeyGenerator.access$1100(RandomKeyGenerator.java:87)
	at org.apache.hadoop.ozone.freon.RandomKeyGenerator$ObjectCreator.run(RandomKeyGenerator.java:606)
	at java.util.concurrent.Executors$RunnableAdapter.call(Executors.java:511)
	at java.util.concurrent.FutureTask.run(FutureTask.java:266)
	at java.util.concurrent.ThreadPoolExecutor.runWorker(ThreadPoolExecutor.java:1149)
	at java.util.concurrent.ThreadPoolExecutor$Worker.run(ThreadPoolExecutor.java:624)
	at java.lang.Thread.run(Thread.java:748)
2019-09-12 11:57:25,488 [IPC Server handler 16 on 43548] ERROR block.BlockManagerImpl (BlockManagerImpl.java:allocateBlock(222)) - Unable to allocate a block for the size: 4194304, type: RATIS, factor: THREE
2019-09-12 11:57:25,491 | ERROR | OMAudit | user=jenkins1000 | ip=127.0.0.1 | op=ALLOCATE_KEY {volume=vol-3-64943, bucket=bucket-0-27989, key=key-0-20253, dataSize=10240, replicationType=RATIS, replicationFactor=THREE, keyLocationInfo=null} | ret=FAILURE | org.apache.hadoop.hdds.scm.exceptions.SCMException: Allocated 0 blocks. Requested 1 blocks
	at org.apache.hadoop.hdds.scm.protocolPB.ScmBlockLocationProtocolClientSideTranslatorPB.handleError(ScmBlockLocationProtocolClientSideTranslatorPB.java:118)
	at org.apache.hadoop.hdds.scm.protocolPB.ScmBlockLocationProtocolClientSideTranslatorPB.allocateBlock(ScmBlockLocationProtocolClientSideTranslatorPB.java:156) 
2019-09-12 11:57:25,492 | INFO  | SCMAudit | user=jenkins1000 | ip=192.168.157.195 | op=ALLOCATE_BLOCK {owner=f7492686-26db-4064-a654-129457f98f65, size=4194304, type=RATIS, factor=THREE} | ret=SUCCESS |  
2019-09-12 11:57:25,489 [IPC Server handler 19 on 43548] ERROR pipeline.SCMPipelineManager (SCMPipelineManager.java:createPipeline(161)) - Pipeline creation failed due to exception: Unable to find enough nodes that meet the criteria that cannot engage in more than 5 pipelines. Nodes required: 3 Found: 0, healthy nodes count inNodeManager: 5.
2019-09-12 11:57:25,492 [IPC Server handler 19 on 43548] WARN  block.BlockManagerImpl (BlockManagerImpl.java:allocateBlock(192)) - Pipeline creation failed for type:RATIS factor:THREE. Retrying get pipelines call once.
org.apache.hadoop.hdds.scm.exceptions.SCMException: Unable to find enough nodes that meet the criteria that cannot engage in more than 5 pipelines. Nodes required: 3 Found: 0, healthy nodes count inNodeManager: 5.
	at org.apache.hadoop.hdds.scm.pipeline.PipelinePlacementPolicy.filterViableNodes(PipelinePlacementPolicy.java:147)
	at org.apache.hadoop.hdds.scm.pipeline.PipelinePlacementPolicy.chooseDatanodes(PipelinePlacementPolicy.java:170)
	at org.apache.hadoop.hdds.scm.pipeline.RatisPipelineProvider.create(RatisPipelineProvider.java:92)
	at org.apache.hadoop.hdds.scm.pipeline.PipelineFactory.create(PipelineFactory.java:57)
	at org.apache.hadoop.hdds.scm.pipeline.SCMPipelineManager.createPipeline(SCMPipelineManager.java:149)
	at org.apache.hadoop.hdds.scm.block.BlockManagerImpl.allocateBlock(BlockManagerImpl.java:190)
	at org.apache.hadoop.hdds.scm.server.SCMBlockProtocolServer.allocateBlock(SCMBlockProtocolServer.java:175)
	at org.apache.hadoop.ozone.protocolPB.ScmBlockLocationProtocolServerSideTranslatorPB.allocateScmBlock(ScmBlockLocationProtocolServerSideTranslatorPB.java:153)
	at org.apache.hadoop.ozone.protocolPB.ScmBlockLocationProtocolServerSideTranslatorPB.send(ScmBlockLocationProtocolServerSideTranslatorPB.java:112)
	at org.apache.hadoop.hdds.protocol.proto.ScmBlockLocationProtocolProtos$ScmBlockLocationProtocolService$2.callBlockingMethod(ScmBlockLocationProtocolProtos.java:13157)
	at org.apache.hadoop.ipc.ProtobufRpcEngine$Server$ProtoBufRpcInvoker.call(ProtobufRpcEngine.java:524)
	at org.apache.hadoop.ipc.RPC$Server.call(RPC.java:1025)
	at org.apache.hadoop.ipc.Server$RpcCall.run(Server.java:876)
	at org.apache.hadoop.ipc.Server$RpcCall.run(Server.java:822)
	at java.security.AccessController.doPrivileged(Native Method)
	at javax.security.auth.Subject.doAs(Subject.java:422)
	at org.apache.hadoop.security.UserGroupInformation.doAs(UserGroupInformation.java:1730)
	at org.apache.hadoop.ipc.Server$Handler.run(Server.java:2682)
2019-09-12 11:57:25,492 [pool-83-thread-7] ERROR freon.RandomKeyGenerator (RandomKeyGenerator.java:createKey(724)) - Exception while adding key: key-0-20253 in bucket: bucket-0-27989 of volume: vol-3-64943.
INTERNAL_ERROR org.apache.hadoop.ozone.om.exceptions.OMException: Allocated 0 blocks. Requested 1 blocks
	at org.apache.hadoop.ozone.om.protocolPB.OzoneManagerProtocolClientSideTranslatorPB.handleError(OzoneManagerProtocolClientSideTranslatorPB.java:725)
	at org.apache.hadoop.ozone.om.protocolPB.OzoneManagerProtocolClientSideTranslatorPB.openKey(OzoneManagerProtocolClientSideTranslatorPB.java:716)
	at org.apache.hadoop.ozone.client.rpc.RpcClient.createKey(RpcClient.java:615)
	at org.apache.hadoop.ozone.client.OzoneBucket.createKey(OzoneBucket.java:323)
	at org.apache.hadoop.ozone.freon.RandomKeyGenerator.createKey(RandomKeyGenerator.java:686)
	at org.apache.hadoop.ozone.freon.RandomKeyGenerator.access$1100(RandomKeyGenerator.java:87)
	at org.apache.hadoop.ozone.freon.RandomKeyGenerator$ObjectCreator.run(RandomKeyGenerator.java:606)
	at java.util.concurrent.Executors$RunnableAdapter.call(Executors.java:511)
	at java.util.concurrent.FutureTask.run(FutureTask.java:266)
	at java.util.concurrent.ThreadPoolExecutor.runWorker(ThreadPoolExecutor.java:1149)
	at java.util.concurrent.ThreadPoolExecutor$Worker.run(ThreadPoolExecutor.java:624)
	at java.lang.Thread.run(Thread.java:748)
2019-09-12 11:57:25,492 | ERROR | OMAudit | user=jenkins1000 | ip=127.0.0.1 | op=ALLOCATE_KEY {volume=vol-5-62325, bucket=bucket-0-56037, key=key-0-13191, dataSize=10240, replicationType=RATIS, replicationFactor=THREE, keyLocationInfo=null} | ret=FAILURE | org.apache.hadoop.hdds.scm.exceptions.SCMException: Allocated 0 blocks. Requested 1 blocks
	at org.apache.hadoop.hdds.scm.protocolPB.ScmBlockLocationProtocolClientSideTranslatorPB.handleError(ScmBlockLocationProtocolClientSideTranslatorPB.java:118)
	at org.apache.hadoop.hdds.scm.protocolPB.ScmBlockLocationProtocolClientSideTranslatorPB.allocateBlock(ScmBlockLocationProtocolClientSideTranslatorPB.java:156) 
2019-09-12 11:57:25,492 [IPC Server handler 17 on 43548] ERROR pipeline.PipelinePlacementPolicy (PipelinePlacementPolicy.java:meetCriteria(91)) - Pipeline Placement: Doesn't meet the criteria to be viable node. Heaviness: 6
2019-09-12 11:57:25,493 [IPC Server handler 17 on 43548] ERROR pipeline.PipelinePlacementPolicy (PipelinePlacementPolicy.java:meetCriteria(91)) - Pipeline Placement: Doesn't meet the criteria to be viable node. Heaviness: 6
2019-09-12 11:57:25,493 [IPC Server handler 17 on 43548] ERROR pipeline.PipelinePlacementPolicy (PipelinePlacementPolicy.java:meetCriteria(91)) - Pipeline Placement: Doesn't meet the criteria to be viable node. Heaviness: 6
2019-09-12 11:57:25,493 [IPC Server handler 17 on 43548] ERROR pipeline.PipelinePlacementPolicy (PipelinePlacementPolicy.java:meetCriteria(91)) - Pipeline Placement: Doesn't meet the criteria to be viable node. Heaviness: 6
2019-09-12 11:57:25,493 [pool-83-thread-8] ERROR freon.RandomKeyGenerator (RandomKeyGenerator.java:createKey(724)) - Exception while adding key: key-0-13191 in bucket: bucket-0-56037 of volume: vol-5-62325.
INTERNAL_ERROR org.apache.hadoop.ozone.om.exceptions.OMException: Allocated 0 blocks. Requested 1 blocks
	at org.apache.hadoop.ozone.om.protocolPB.OzoneManagerProtocolClientSideTranslatorPB.handleError(OzoneManagerProtocolClientSideTranslatorPB.java:725)
	at org.apache.hadoop.ozone.om.protocolPB.OzoneManagerProtocolClientSideTranslatorPB.openKey(OzoneManagerProtocolClientSideTranslatorPB.java:716)
	at org.apache.hadoop.ozone.client.rpc.RpcClient.createKey(RpcClient.java:615)
	at org.apache.hadoop.ozone.client.OzoneBucket.createKey(OzoneBucket.java:323)
	at org.apache.hadoop.ozone.freon.RandomKeyGenerator.createKey(RandomKeyGenerator.java:686)
	at org.apache.hadoop.ozone.freon.RandomKeyGenerator.access$1100(RandomKeyGenerator.java:87)
	at org.apache.hadoop.ozone.freon.RandomKeyGenerator$ObjectCreator.run(RandomKeyGenerator.java:606)
	at java.util.concurrent.Executors$RunnableAdapter.call(Executors.java:511)
	at java.util.concurrent.FutureTask.run(FutureTask.java:266)
	at java.util.concurrent.ThreadPoolExecutor.runWorker(ThreadPoolExecutor.java:1149)
	at java.util.concurrent.ThreadPoolExecutor$Worker.run(ThreadPoolExecutor.java:624)
	at java.lang.Thread.run(Thread.java:748)
2019-09-12 11:57:25,493 [IPC Server handler 17 on 43548] ERROR pipeline.PipelinePlacementPolicy (PipelinePlacementPolicy.java:meetCriteria(91)) - Pipeline Placement: Doesn't meet the criteria to be viable node. Heaviness: 6
2019-09-12 11:57:25,494 [IPC Server handler 17 on 43548] ERROR pipeline.PipelinePlacementPolicy (PipelinePlacementPolicy.java:filterViableNodes(146)) - Unable to find enough nodes that meet the criteria that cannot engage in more than 5 pipelines. Nodes required: 3 Found: 0, healthy nodes count inNodeManager: 5.
2019-09-12 11:57:25,494 [IPC Server handler 17 on 43548] ERROR pipeline.SCMPipelineManager (SCMPipelineManager.java:createPipeline(161)) - Pipeline creation failed due to exception: Unable to find enough nodes that meet the criteria that cannot engage in more than 5 pipelines. Nodes required: 3 Found: 0, healthy nodes count inNodeManager: 5.
2019-09-12 11:57:25,494 [IPC Server handler 17 on 43548] WARN  block.BlockManagerImpl (BlockManagerImpl.java:allocateBlock(192)) - Pipeline creation failed for type:RATIS factor:THREE. Retrying get pipelines call once.
org.apache.hadoop.hdds.scm.exceptions.SCMException: Unable to find enough nodes that meet the criteria that cannot engage in more than 5 pipelines. Nodes required: 3 Found: 0, healthy nodes count inNodeManager: 5.
	at org.apache.hadoop.hdds.scm.pipeline.PipelinePlacementPolicy.filterViableNodes(PipelinePlacementPolicy.java:147)
	at org.apache.hadoop.hdds.scm.pipeline.PipelinePlacementPolicy.chooseDatanodes(PipelinePlacementPolicy.java:170)
	at org.apache.hadoop.hdds.scm.pipeline.RatisPipelineProvider.create(RatisPipelineProvider.java:92)
	at org.apache.hadoop.hdds.scm.pipeline.PipelineFactory.create(PipelineFactory.java:57)
	at org.apache.hadoop.hdds.scm.pipeline.SCMPipelineManager.createPipeline(SCMPipelineManager.java:149)
	at org.apache.hadoop.hdds.scm.block.BlockManagerImpl.allocateBlock(BlockManagerImpl.java:190)
	at org.apache.hadoop.hdds.scm.server.SCMBlockProtocolServer.allocateBlock(SCMBlockProtocolServer.java:175)
	at org.apache.hadoop.ozone.protocolPB.ScmBlockLocationProtocolServerSideTranslatorPB.allocateScmBlock(ScmBlockLocationProtocolServerSideTranslatorPB.java:153)
	at org.apache.hadoop.ozone.protocolPB.ScmBlockLocationProtocolServerSideTranslatorPB.send(ScmBlockLocationProtocolServerSideTranslatorPB.java:112)
	at org.apache.hadoop.hdds.protocol.proto.ScmBlockLocationProtocolProtos$ScmBlockLocationProtocolService$2.callBlockingMethod(ScmBlockLocationProtocolProtos.java:13157)
	at org.apache.hadoop.ipc.ProtobufRpcEngine$Server$ProtoBufRpcInvoker.call(ProtobufRpcEngine.java:524)
	at org.apache.hadoop.ipc.RPC$Server.call(RPC.java:1025)
	at org.apache.hadoop.ipc.Server$RpcCall.run(Server.java:876)
	at org.apache.hadoop.ipc.Server$RpcCall.run(Server.java:822)
	at java.security.AccessController.doPrivileged(Native Method)
	at javax.security.auth.Subject.doAs(Subject.java:422)
	at org.apache.hadoop.security.UserGroupInformation.doAs(UserGroupInformation.java:1730)
	at org.apache.hadoop.ipc.Server$Handler.run(Server.java:2682)
2019-09-12 11:57:25,494 [IPC Server handler 5 on 43548] ERROR pipeline.PipelinePlacementPolicy (PipelinePlacementPolicy.java:meetCriteria(91)) - Pipeline Placement: Doesn't meet the criteria to be viable node. Heaviness: 6
2019-09-12 11:57:25,495 [IPC Server handler 5 on 43548] ERROR pipeline.PipelinePlacementPolicy (PipelinePlacementPolicy.java:meetCriteria(91)) - Pipeline Placement: Doesn't meet the criteria to be viable node. Heaviness: 6
2019-09-12 11:57:25,495 [IPC Server handler 5 on 43548] ERROR pipeline.PipelinePlacementPolicy (PipelinePlacementPolicy.java:meetCriteria(91)) - Pipeline Placement: Doesn't meet the criteria to be viable node. Heaviness: 6
2019-09-12 11:57:25,495 [IPC Server handler 5 on 43548] ERROR pipeline.PipelinePlacementPolicy (PipelinePlacementPolicy.java:meetCriteria(91)) - Pipeline Placement: Doesn't meet the criteria to be viable node. Heaviness: 6
2019-09-12 11:57:25,495 [IPC Server handler 5 on 43548] ERROR pipeline.PipelinePlacementPolicy (PipelinePlacementPolicy.java:meetCriteria(91)) - Pipeline Placement: Doesn't meet the criteria to be viable node. Heaviness: 6
2019-09-12 11:57:25,495 [IPC Server handler 5 on 43548] ERROR pipeline.PipelinePlacementPolicy (PipelinePlacementPolicy.java:filterViableNodes(146)) - Unable to find enough nodes that meet the criteria that cannot engage in more than 5 pipelines. Nodes required: 3 Found: 0, healthy nodes count inNodeManager: 5.
2019-09-12 11:57:25,495 [IPC Server handler 5 on 43548] ERROR pipeline.SCMPipelineManager (SCMPipelineManager.java:createPipeline(161)) - Pipeline creation failed due to exception: Unable to find enough nodes that meet the criteria that cannot engage in more than 5 pipelines. Nodes required: 3 Found: 0, healthy nodes count inNodeManager: 5.
2019-09-12 11:57:25,495 [IPC Server handler 5 on 43548] WARN  block.BlockManagerImpl (BlockManagerImpl.java:allocateBlock(192)) - Pipeline creation failed for type:RATIS factor:THREE. Retrying get pipelines call once.
org.apache.hadoop.hdds.scm.exceptions.SCMException: Unable to find enough nodes that meet the criteria that cannot engage in more than 5 pipelines. Nodes required: 3 Found: 0, healthy nodes count inNodeManager: 5.
	at org.apache.hadoop.hdds.scm.pipeline.PipelinePlacementPolicy.filterViableNodes(PipelinePlacementPolicy.java:147)
	at org.apache.hadoop.hdds.scm.pipeline.PipelinePlacementPolicy.chooseDatanodes(PipelinePlacementPolicy.java:170)
	at org.apache.hadoop.hdds.scm.pipeline.RatisPipelineProvider.create(RatisPipelineProvider.java:92)
	at org.apache.hadoop.hdds.scm.pipeline.PipelineFactory.create(PipelineFactory.java:57)
	at org.apache.hadoop.hdds.scm.pipeline.SCMPipelineManager.createPipeline(SCMPipelineManager.java:149)
	at org.apache.hadoop.hdds.scm.block.BlockManagerImpl.allocateBlock(BlockManagerImpl.java:190)
	at org.apache.hadoop.hdds.scm.server.SCMBlockProtocolServer.allocateBlock(SCMBlockProtocolServer.java:175)
	at org.apache.hadoop.ozone.protocolPB.ScmBlockLocationProtocolServerSideTranslatorPB.allocateScmBlock(ScmBlockLocationProtocolServerSideTranslatorPB.java:153)
	at org.apache.hadoop.ozone.protocolPB.ScmBlockLocationProtocolServerSideTranslatorPB.send(ScmBlockLocationProtocolServerSideTranslatorPB.java:112)
	at org.apache.hadoop.hdds.protocol.proto.ScmBlockLocationProtocolProtos$ScmBlockLocationProtocolService$2.callBlockingMethod(ScmBlockLocationProtocolProtos.java:13157)
	at org.apache.hadoop.ipc.ProtobufRpcEngine$Server$ProtoBufRpcInvoker.call(ProtobufRpcEngine.java:524)
	at org.apache.hadoop.ipc.RPC$Server.call(RPC.java:1025)
	at org.apache.hadoop.ipc.Server$RpcCall.run(Server.java:876)
	at org.apache.hadoop.ipc.Server$RpcCall.run(Server.java:822)
	at java.security.AccessController.doPrivileged(Native Method)
	at javax.security.auth.Subject.doAs(Subject.java:422)
	at org.apache.hadoop.security.UserGroupInformation.doAs(UserGroupInformation.java:1730)
	at org.apache.hadoop.ipc.Server$Handler.run(Server.java:2682)
2019-09-12 11:57:25,496 [IPC Server handler 18 on 43548] ERROR pipeline.PipelinePlacementPolicy (PipelinePlacementPolicy.java:meetCriteria(91)) - Pipeline Placement: Doesn't meet the criteria to be viable node. Heaviness: 6
2019-09-12 11:57:25,496 [IPC Server handler 18 on 43548] ERROR pipeline.PipelinePlacementPolicy (PipelinePlacementPolicy.java:meetCriteria(91)) - Pipeline Placement: Doesn't meet the criteria to be viable node. Heaviness: 6
2019-09-12 11:57:25,496 [IPC Server handler 18 on 43548] ERROR pipeline.PipelinePlacementPolicy (PipelinePlacementPolicy.java:meetCriteria(91)) - Pipeline Placement: Doesn't meet the criteria to be viable node. Heaviness: 6
2019-09-12 11:57:25,496 [IPC Server handler 17 on 43548] INFO  block.BlockManagerImpl (BlockManagerImpl.java:allocateBlock(198)) - Could not find available pipeline of type:RATIS and factor:THREE even after retrying
2019-09-12 11:57:25,496 [IPC Server handler 17 on 43548] ERROR block.BlockManagerImpl (BlockManagerImpl.java:allocateBlock(222)) - Unable to allocate a block for the size: 4194304, type: RATIS, factor: THREE
2019-09-12 11:57:25,497 | INFO  | SCMAudit | user=jenkins1000 | ip=192.168.157.195 | op=ALLOCATE_BLOCK {owner=f7492686-26db-4064-a654-129457f98f65, size=4194304, type=RATIS, factor=THREE} | ret=SUCCESS |  
2019-09-12 11:57:25,496 [IPC Server handler 19 on 43548] INFO  block.BlockManagerImpl (BlockManagerImpl.java:allocateBlock(198)) - Could not find available pipeline of type:RATIS and factor:THREE even after retrying
2019-09-12 11:57:25,497 [IPC Server handler 19 on 43548] ERROR block.BlockManagerImpl (BlockManagerImpl.java:allocateBlock(222)) - Unable to allocate a block for the size: 4194304, type: RATIS, factor: THREE
2019-09-12 11:57:25,496 [IPC Server handler 18 on 43548] ERROR pipeline.PipelinePlacementPolicy (PipelinePlacementPolicy.java:meetCriteria(91)) - Pipeline Placement: Doesn't meet the criteria to be viable node. Heaviness: 6
2019-09-12 11:57:25,497 | INFO  | SCMAudit | user=jenkins1000 | ip=192.168.157.195 | op=ALLOCATE_BLOCK {owner=f7492686-26db-4064-a654-129457f98f65, size=4194304, type=RATIS, factor=THREE} | ret=SUCCESS |  
2019-09-12 11:57:25,497 [IPC Server handler 18 on 43548] ERROR pipeline.PipelinePlacementPolicy (PipelinePlacementPolicy.java:meetCriteria(91)) - Pipeline Placement: Doesn't meet the criteria to be viable node. Heaviness: 6
2019-09-12 11:57:25,497 | ERROR | OMAudit | user=jenkins1000 | ip=127.0.0.1 | op=ALLOCATE_KEY {volume=vol-9-94481, bucket=bucket-0-28508, key=key-0-09437, dataSize=10240, replicationType=RATIS, replicationFactor=THREE, keyLocationInfo=null} | ret=FAILURE | org.apache.hadoop.hdds.scm.exceptions.SCMException: Allocated 0 blocks. Requested 1 blocks
	at org.apache.hadoop.hdds.scm.protocolPB.ScmBlockLocationProtocolClientSideTranslatorPB.handleError(ScmBlockLocationProtocolClientSideTranslatorPB.java:118)
	at org.apache.hadoop.hdds.scm.protocolPB.ScmBlockLocationProtocolClientSideTranslatorPB.allocateBlock(ScmBlockLocationProtocolClientSideTranslatorPB.java:156) 
2019-09-12 11:57:25,498 [IPC Server handler 18 on 43548] ERROR pipeline.PipelinePlacementPolicy (PipelinePlacementPolicy.java:filterViableNodes(146)) - Unable to find enough nodes that meet the criteria that cannot engage in more than 5 pipelines. Nodes required: 3 Found: 0, healthy nodes count inNodeManager: 5.
2019-09-12 11:57:25,498 [IPC Server handler 18 on 43548] ERROR pipeline.SCMPipelineManager (SCMPipelineManager.java:createPipeline(161)) - Pipeline creation failed due to exception: Unable to find enough nodes that meet the criteria that cannot engage in more than 5 pipelines. Nodes required: 3 Found: 0, healthy nodes count inNodeManager: 5.
2019-09-12 11:57:25,498 | ERROR | OMAudit | user=jenkins1000 | ip=127.0.0.1 | op=ALLOCATE_KEY {volume=vol-7-73724, bucket=bucket-0-33619, key=key-0-24373, dataSize=10240, replicationType=RATIS, replicationFactor=THREE, keyLocationInfo=null} | ret=FAILURE | org.apache.hadoop.hdds.scm.exceptions.SCMException: Allocated 0 blocks. Requested 1 blocks
	at org.apache.hadoop.hdds.scm.protocolPB.ScmBlockLocationProtocolClientSideTranslatorPB.handleError(ScmBlockLocationProtocolClientSideTranslatorPB.java:118)
	at org.apache.hadoop.hdds.scm.protocolPB.ScmBlockLocationProtocolClientSideTranslatorPB.allocateBlock(ScmBlockLocationProtocolClientSideTranslatorPB.java:156) 
2019-09-12 11:57:25,498 [pool-83-thread-1] ERROR freon.RandomKeyGenerator (RandomKeyGenerator.java:createKey(724)) - Exception while adding key: key-0-09437 in bucket: bucket-0-28508 of volume: vol-9-94481.
INTERNAL_ERROR org.apache.hadoop.ozone.om.exceptions.OMException: Allocated 0 blocks. Requested 1 blocks
	at org.apache.hadoop.ozone.om.protocolPB.OzoneManagerProtocolClientSideTranslatorPB.handleError(OzoneManagerProtocolClientSideTranslatorPB.java:725)
	at org.apache.hadoop.ozone.om.protocolPB.OzoneManagerProtocolClientSideTranslatorPB.openKey(OzoneManagerProtocolClientSideTranslatorPB.java:716)
	at org.apache.hadoop.ozone.client.rpc.RpcClient.createKey(RpcClient.java:615)
	at org.apache.hadoop.ozone.client.OzoneBucket.createKey(OzoneBucket.java:323)
	at org.apache.hadoop.ozone.freon.RandomKeyGenerator.createKey(RandomKeyGenerator.java:686)
	at org.apache.hadoop.ozone.freon.RandomKeyGenerator.access$1100(RandomKeyGenerator.java:87)
	at org.apache.hadoop.ozone.freon.RandomKeyGenerator$ObjectCreator.run(RandomKeyGenerator.java:606)
	at java.util.concurrent.Executors$RunnableAdapter.call(Executors.java:511)
	at java.util.concurrent.FutureTask.run(FutureTask.java:266)
	at java.util.concurrent.ThreadPoolExecutor.runWorker(ThreadPoolExecutor.java:1149)
	at java.util.concurrent.ThreadPoolExecutor$Worker.run(ThreadPoolExecutor.java:624)
	at java.lang.Thread.run(Thread.java:748)
2019-09-12 11:57:25,498 [IPC Server handler 10 on 43548] ERROR pipeline.PipelinePlacementPolicy (PipelinePlacementPolicy.java:meetCriteria(91)) - Pipeline Placement: Doesn't meet the criteria to be viable node. Heaviness: 6
2019-09-12 11:57:25,499 [IPC Server handler 10 on 43548] ERROR pipeline.PipelinePlacementPolicy (PipelinePlacementPolicy.java:meetCriteria(91)) - Pipeline Placement: Doesn't meet the criteria to be viable node. Heaviness: 6
2019-09-12 11:57:25,499 [IPC Server handler 10 on 43548] ERROR pipeline.PipelinePlacementPolicy (PipelinePlacementPolicy.java:meetCriteria(91)) - Pipeline Placement: Doesn't meet the criteria to be viable node. Heaviness: 6
2019-09-12 11:57:25,499 [IPC Server handler 10 on 43548] ERROR pipeline.PipelinePlacementPolicy (PipelinePlacementPolicy.java:meetCriteria(91)) - Pipeline Placement: Doesn't meet the criteria to be viable node. Heaviness: 6
2019-09-12 11:57:25,499 [IPC Server handler 10 on 43548] ERROR pipeline.PipelinePlacementPolicy (PipelinePlacementPolicy.java:meetCriteria(91)) - Pipeline Placement: Doesn't meet the criteria to be viable node. Heaviness: 6
2019-09-12 11:57:25,498 [IPC Server handler 18 on 43548] WARN  block.BlockManagerImpl (BlockManagerImpl.java:allocateBlock(192)) - Pipeline creation failed for type:RATIS factor:THREE. Retrying get pipelines call once.
org.apache.hadoop.hdds.scm.exceptions.SCMException: Unable to find enough nodes that meet the criteria that cannot engage in more than 5 pipelines. Nodes required: 3 Found: 0, healthy nodes count inNodeManager: 5.
	at org.apache.hadoop.hdds.scm.pipeline.PipelinePlacementPolicy.filterViableNodes(PipelinePlacementPolicy.java:147)
	at org.apache.hadoop.hdds.scm.pipeline.PipelinePlacementPolicy.chooseDatanodes(PipelinePlacementPolicy.java:170)
	at org.apache.hadoop.hdds.scm.pipeline.RatisPipelineProvider.create(RatisPipelineProvider.java:92)
	at org.apache.hadoop.hdds.scm.pipeline.PipelineFactory.create(PipelineFactory.java:57)
	at org.apache.hadoop.hdds.scm.pipeline.SCMPipelineManager.createPipeline(SCMPipelineManager.java:149)
	at org.apache.hadoop.hdds.scm.block.BlockManagerImpl.allocateBlock(BlockManagerImpl.java:190)
	at org.apache.hadoop.hdds.scm.server.SCMBlockProtocolServer.allocateBlock(SCMBlockProtocolServer.java:175)
	at org.apache.hadoop.ozone.protocolPB.ScmBlockLocationProtocolServerSideTranslatorPB.allocateScmBlock(ScmBlockLocationProtocolServerSideTranslatorPB.java:153)
	at org.apache.hadoop.ozone.protocolPB.ScmBlockLocationProtocolServerSideTranslatorPB.send(ScmBlockLocationProtocolServerSideTranslatorPB.java:112)
	at org.apache.hadoop.hdds.protocol.proto.ScmBlockLocationProtocolProtos$ScmBlockLocationProtocolService$2.callBlockingMethod(ScmBlockLocationProtocolProtos.java:13157)
	at org.apache.hadoop.ipc.ProtobufRpcEngine$Server$ProtoBufRpcInvoker.call(ProtobufRpcEngine.java:524)
	at org.apache.hadoop.ipc.RPC$Server.call(RPC.java:1025)
	at org.apache.hadoop.ipc.Server$RpcCall.run(Server.java:876)
	at org.apache.hadoop.ipc.Server$RpcCall.run(Server.java:822)
	at java.security.AccessController.doPrivileged(Native Method)
	at javax.security.auth.Subject.doAs(Subject.java:422)
	at org.apache.hadoop.security.UserGroupInformation.doAs(UserGroupInformation.java:1730)
	at org.apache.hadoop.ipc.Server$Handler.run(Server.java:2682)
2019-09-12 11:57:25,500 [IPC Server handler 10 on 43548] ERROR pipeline.PipelinePlacementPolicy (PipelinePlacementPolicy.java:filterViableNodes(146)) - Unable to find enough nodes that meet the criteria that cannot engage in more than 5 pipelines. Nodes required: 3 Found: 0, healthy nodes count inNodeManager: 5.
2019-09-12 11:57:25,499 [pool-83-thread-2] ERROR freon.RandomKeyGenerator (RandomKeyGenerator.java:createKey(724)) - Exception while adding key: key-0-24373 in bucket: bucket-0-33619 of volume: vol-7-73724.
INTERNAL_ERROR org.apache.hadoop.ozone.om.exceptions.OMException: Allocated 0 blocks. Requested 1 blocks
	at org.apache.hadoop.ozone.om.protocolPB.OzoneManagerProtocolClientSideTranslatorPB.handleError(OzoneManagerProtocolClientSideTranslatorPB.java:725)
	at org.apache.hadoop.ozone.om.protocolPB.OzoneManagerProtocolClientSideTranslatorPB.openKey(OzoneManagerProtocolClientSideTranslatorPB.java:716)
	at org.apache.hadoop.ozone.client.rpc.RpcClient.createKey(RpcClient.java:615)
	at org.apache.hadoop.ozone.client.OzoneBucket.createKey(OzoneBucket.java:323)
	at org.apache.hadoop.ozone.freon.RandomKeyGenerator.createKey(RandomKeyGenerator.java:686)
	at org.apache.hadoop.ozone.freon.RandomKeyGenerator.access$1100(RandomKeyGenerator.java:87)
	at org.apache.hadoop.ozone.freon.RandomKeyGenerator$ObjectCreator.run(RandomKeyGenerator.java:606)
	at java.util.concurrent.Executors$RunnableAdapter.call(Executors.java:511)
	at java.util.concurrent.FutureTask.run(FutureTask.java:266)
	at java.util.concurrent.ThreadPoolExecutor.runWorker(ThreadPoolExecutor.java:1149)
	at java.util.concurrent.ThreadPoolExecutor$Worker.run(ThreadPoolExecutor.java:624)
	at java.lang.Thread.run(Thread.java:748)
2019-09-12 11:57:25,500 [IPC Server handler 10 on 43548] ERROR pipeline.SCMPipelineManager (SCMPipelineManager.java:createPipeline(161)) - Pipeline creation failed due to exception: Unable to find enough nodes that meet the criteria that cannot engage in more than 5 pipelines. Nodes required: 3 Found: 0, healthy nodes count inNodeManager: 5.
2019-09-12 11:57:25,501 [IPC Server handler 10 on 43548] WARN  block.BlockManagerImpl (BlockManagerImpl.java:allocateBlock(192)) - Pipeline creation failed for type:RATIS factor:THREE. Retrying get pipelines call once.
org.apache.hadoop.hdds.scm.exceptions.SCMException: Unable to find enough nodes that meet the criteria that cannot engage in more than 5 pipelines. Nodes required: 3 Found: 0, healthy nodes count inNodeManager: 5.
	at org.apache.hadoop.hdds.scm.pipeline.PipelinePlacementPolicy.filterViableNodes(PipelinePlacementPolicy.java:147)
	at org.apache.hadoop.hdds.scm.pipeline.PipelinePlacementPolicy.chooseDatanodes(PipelinePlacementPolicy.java:170)
	at org.apache.hadoop.hdds.scm.pipeline.RatisPipelineProvider.create(RatisPipelineProvider.java:92)
	at org.apache.hadoop.hdds.scm.pipeline.PipelineFactory.create(PipelineFactory.java:57)
	at org.apache.hadoop.hdds.scm.pipeline.SCMPipelineManager.createPipeline(SCMPipelineManager.java:149)
	at org.apache.hadoop.hdds.scm.block.BlockManagerImpl.allocateBlock(BlockManagerImpl.java:190)
	at org.apache.hadoop.hdds.scm.server.SCMBlockProtocolServer.allocateBlock(SCMBlockProtocolServer.java:175)
	at org.apache.hadoop.ozone.protocolPB.ScmBlockLocationProtocolServerSideTranslatorPB.allocateScmBlock(ScmBlockLocationProtocolServerSideTranslatorPB.java:153)
	at org.apache.hadoop.ozone.protocolPB.ScmBlockLocationProtocolServerSideTranslatorPB.send(ScmBlockLocationProtocolServerSideTranslatorPB.java:112)
	at org.apache.hadoop.hdds.protocol.proto.ScmBlockLocationProtocolProtos$ScmBlockLocationProtocolService$2.callBlockingMethod(ScmBlockLocationProtocolProtos.java:13157)
	at org.apache.hadoop.ipc.ProtobufRpcEngine$Server$ProtoBufRpcInvoker.call(ProtobufRpcEngine.java:524)
	at org.apache.hadoop.ipc.RPC$Server.call(RPC.java:1025)
	at org.apache.hadoop.ipc.Server$RpcCall.run(Server.java:876)
	at org.apache.hadoop.ipc.Server$RpcCall.run(Server.java:822)
	at java.security.AccessController.doPrivileged(Native Method)
	at javax.security.auth.Subject.doAs(Subject.java:422)
	at org.apache.hadoop.security.UserGroupInformation.doAs(UserGroupInformation.java:1730)
	at org.apache.hadoop.ipc.Server$Handler.run(Server.java:2682)
2019-09-12 11:57:25,501 [IPC Server handler 6 on 43548] ERROR pipeline.PipelinePlacementPolicy (PipelinePlacementPolicy.java:meetCriteria(91)) - Pipeline Placement: Doesn't meet the criteria to be viable node. Heaviness: 6
2019-09-12 11:57:25,502 [IPC Server handler 6 on 43548] ERROR pipeline.PipelinePlacementPolicy (PipelinePlacementPolicy.java:meetCriteria(91)) - Pipeline Placement: Doesn't meet the criteria to be viable node. Heaviness: 6
2019-09-12 11:57:25,502 [IPC Server handler 6 on 43548] ERROR pipeline.PipelinePlacementPolicy (PipelinePlacementPolicy.java:meetCriteria(91)) - Pipeline Placement: Doesn't meet the criteria to be viable node. Heaviness: 6
2019-09-12 11:57:25,502 [IPC Server handler 6 on 43548] ERROR pipeline.PipelinePlacementPolicy (PipelinePlacementPolicy.java:meetCriteria(91)) - Pipeline Placement: Doesn't meet the criteria to be viable node. Heaviness: 6
2019-09-12 11:57:25,502 [IPC Server handler 6 on 43548] ERROR pipeline.PipelinePlacementPolicy (PipelinePlacementPolicy.java:meetCriteria(91)) - Pipeline Placement: Doesn't meet the criteria to be viable node. Heaviness: 6
2019-09-12 11:57:25,502 [IPC Server handler 6 on 43548] ERROR pipeline.PipelinePlacementPolicy (PipelinePlacementPolicy.java:filterViableNodes(146)) - Unable to find enough nodes that meet the criteria that cannot engage in more than 5 pipelines. Nodes required: 3 Found: 0, healthy nodes count inNodeManager: 5.
2019-09-12 11:57:25,502 [IPC Server handler 6 on 43548] ERROR pipeline.SCMPipelineManager (SCMPipelineManager.java:createPipeline(161)) - Pipeline creation failed due to exception: Unable to find enough nodes that meet the criteria that cannot engage in more than 5 pipelines. Nodes required: 3 Found: 0, healthy nodes count inNodeManager: 5.
2019-09-12 11:57:25,503 [IPC Server handler 6 on 43548] WARN  block.BlockManagerImpl (BlockManagerImpl.java:allocateBlock(192)) - Pipeline creation failed for type:RATIS factor:THREE. Retrying get pipelines call once.
org.apache.hadoop.hdds.scm.exceptions.SCMException: Unable to find enough nodes that meet the criteria that cannot engage in more than 5 pipelines. Nodes required: 3 Found: 0, healthy nodes count inNodeManager: 5.
	at org.apache.hadoop.hdds.scm.pipeline.PipelinePlacementPolicy.filterViableNodes(PipelinePlacementPolicy.java:147)
	at org.apache.hadoop.hdds.scm.pipeline.PipelinePlacementPolicy.chooseDatanodes(PipelinePlacementPolicy.java:170)
	at org.apache.hadoop.hdds.scm.pipeline.RatisPipelineProvider.create(RatisPipelineProvider.java:92)
	at org.apache.hadoop.hdds.scm.pipeline.PipelineFactory.create(PipelineFactory.java:57)
	at org.apache.hadoop.hdds.scm.pipeline.SCMPipelineManager.createPipeline(SCMPipelineManager.java:149)
	at org.apache.hadoop.hdds.scm.block.BlockManagerImpl.allocateBlock(BlockManagerImpl.java:190)
	at org.apache.hadoop.hdds.scm.server.SCMBlockProtocolServer.allocateBlock(SCMBlockProtocolServer.java:175)
	at org.apache.hadoop.ozone.protocolPB.ScmBlockLocationProtocolServerSideTranslatorPB.allocateScmBlock(ScmBlockLocationProtocolServerSideTranslatorPB.java:153)
	at org.apache.hadoop.ozone.protocolPB.ScmBlockLocationProtocolServerSideTranslatorPB.send(ScmBlockLocationProtocolServerSideTranslatorPB.java:112)
	at org.apache.hadoop.hdds.protocol.proto.ScmBlockLocationProtocolProtos$ScmBlockLocationProtocolService$2.callBlockingMethod(ScmBlockLocationProtocolProtos.java:13157)
	at org.apache.hadoop.ipc.ProtobufRpcEngine$Server$ProtoBufRpcInvoker.call(ProtobufRpcEngine.java:524)
	at org.apache.hadoop.ipc.RPC$Server.call(RPC.java:1025)
	at org.apache.hadoop.ipc.Server$RpcCall.run(Server.java:876)
	at org.apache.hadoop.ipc.Server$RpcCall.run(Server.java:822)
	at java.security.AccessController.doPrivileged(Native Method)
	at javax.security.auth.Subject.doAs(Subject.java:422)
	at org.apache.hadoop.security.UserGroupInformation.doAs(UserGroupInformation.java:1730)
	at org.apache.hadoop.ipc.Server$Handler.run(Server.java:2682)
2019-09-12 11:57:25,503 [IPC Server handler 10 on 43548] INFO  block.BlockManagerImpl (BlockManagerImpl.java:allocateBlock(198)) - Could not find available pipeline of type:RATIS and factor:THREE even after retrying
2019-09-12 11:57:25,503 [IPC Server handler 11 on 43548] ERROR pipeline.PipelinePlacementPolicy (PipelinePlacementPolicy.java:meetCriteria(91)) - Pipeline Placement: Doesn't meet the criteria to be viable node. Heaviness: 6
2019-09-12 11:57:25,503 [IPC Server handler 11 on 43548] ERROR pipeline.PipelinePlacementPolicy (PipelinePlacementPolicy.java:meetCriteria(91)) - Pipeline Placement: Doesn't meet the criteria to be viable node. Heaviness: 6
2019-09-12 11:57:25,503 [IPC Server handler 11 on 43548] ERROR pipeline.PipelinePlacementPolicy (PipelinePlacementPolicy.java:meetCriteria(91)) - Pipeline Placement: Doesn't meet the criteria to be viable node. Heaviness: 6
2019-09-12 11:57:25,503 [IPC Server handler 11 on 43548] ERROR pipeline.PipelinePlacementPolicy (PipelinePlacementPolicy.java:meetCriteria(91)) - Pipeline Placement: Doesn't meet the criteria to be viable node. Heaviness: 6
2019-09-12 11:57:25,504 [IPC Server handler 11 on 43548] ERROR pipeline.PipelinePlacementPolicy (PipelinePlacementPolicy.java:meetCriteria(91)) - Pipeline Placement: Doesn't meet the criteria to be viable node. Heaviness: 6
2019-09-12 11:57:25,503 [IPC Server handler 18 on 43548] INFO  block.BlockManagerImpl (BlockManagerImpl.java:allocateBlock(198)) - Could not find available pipeline of type:RATIS and factor:THREE even after retrying
2019-09-12 11:57:25,503 [IPC Server handler 5 on 43548] INFO  block.BlockManagerImpl (BlockManagerImpl.java:allocateBlock(198)) - Could not find available pipeline of type:RATIS and factor:THREE even after retrying
2019-09-12 11:57:25,504 [IPC Server handler 18 on 43548] ERROR block.BlockManagerImpl (BlockManagerImpl.java:allocateBlock(222)) - Unable to allocate a block for the size: 4194304, type: RATIS, factor: THREE
2019-09-12 11:57:25,504 [IPC Server handler 11 on 43548] ERROR pipeline.PipelinePlacementPolicy (PipelinePlacementPolicy.java:filterViableNodes(146)) - Unable to find enough nodes that meet the criteria that cannot engage in more than 5 pipelines. Nodes required: 3 Found: 0, healthy nodes count inNodeManager: 5.
2019-09-12 11:57:25,504 | INFO  | SCMAudit | user=jenkins1000 | ip=192.168.157.195 | op=ALLOCATE_BLOCK {owner=f7492686-26db-4064-a654-129457f98f65, size=4194304, type=RATIS, factor=THREE} | ret=SUCCESS |  
2019-09-12 11:57:25,503 [IPC Server handler 10 on 43548] ERROR block.BlockManagerImpl (BlockManagerImpl.java:allocateBlock(222)) - Unable to allocate a block for the size: 4194304, type: RATIS, factor: THREE
2019-09-12 11:57:25,504 [IPC Server handler 11 on 43548] ERROR pipeline.SCMPipelineManager (SCMPipelineManager.java:createPipeline(161)) - Pipeline creation failed due to exception: Unable to find enough nodes that meet the criteria that cannot engage in more than 5 pipelines. Nodes required: 3 Found: 0, healthy nodes count inNodeManager: 5.
2019-09-12 11:57:25,505 | INFO  | SCMAudit | user=jenkins1000 | ip=192.168.157.195 | op=ALLOCATE_BLOCK {owner=f7492686-26db-4064-a654-129457f98f65, size=4194304, type=RATIS, factor=THREE} | ret=SUCCESS |  
2019-09-12 11:57:25,505 [IPC Server handler 11 on 43548] WARN  block.BlockManagerImpl (BlockManagerImpl.java:allocateBlock(192)) - Pipeline creation failed for type:RATIS factor:THREE. Retrying get pipelines call once.
org.apache.hadoop.hdds.scm.exceptions.SCMException: Unable to find enough nodes that meet the criteria that cannot engage in more than 5 pipelines. Nodes required: 3 Found: 0, healthy nodes count inNodeManager: 5.
	at org.apache.hadoop.hdds.scm.pipeline.PipelinePlacementPolicy.filterViableNodes(PipelinePlacementPolicy.java:147)
	at org.apache.hadoop.hdds.scm.pipeline.PipelinePlacementPolicy.chooseDatanodes(PipelinePlacementPolicy.java:170)
	at org.apache.hadoop.hdds.scm.pipeline.RatisPipelineProvider.create(RatisPipelineProvider.java:92)
	at org.apache.hadoop.hdds.scm.pipeline.PipelineFactory.create(PipelineFactory.java:57)
	at org.apache.hadoop.hdds.scm.pipeline.SCMPipelineManager.createPipeline(SCMPipelineManager.java:149)
	at org.apache.hadoop.hdds.scm.block.BlockManagerImpl.allocateBlock(BlockManagerImpl.java:190)
	at org.apache.hadoop.hdds.scm.server.SCMBlockProtocolServer.allocateBlock(SCMBlockProtocolServer.java:175)
	at org.apache.hadoop.ozone.protocolPB.ScmBlockLocationProtocolServerSideTranslatorPB.allocateScmBlock(ScmBlockLocationProtocolServerSideTranslatorPB.java:153)
	at org.apache.hadoop.ozone.protocolPB.ScmBlockLocationProtocolServerSideTranslatorPB.send(ScmBlockLocationProtocolServerSideTranslatorPB.java:112)
	at org.apache.hadoop.hdds.protocol.proto.ScmBlockLocationProtocolProtos$ScmBlockLocationProtocolService$2.callBlockingMethod(ScmBlockLocationProtocolProtos.java:13157)
	at org.apache.hadoop.ipc.ProtobufRpcEngine$Server$ProtoBufRpcInvoker.call(ProtobufRpcEngine.java:524)
	at org.apache.hadoop.ipc.RPC$Server.call(RPC.java:1025)
	at org.apache.hadoop.ipc.Server$RpcCall.run(Server.java:876)
	at org.apache.hadoop.ipc.Server$RpcCall.run(Server.java:822)
	at java.security.AccessController.doPrivileged(Native Method)
	at javax.security.auth.Subject.doAs(Subject.java:422)
	at org.apache.hadoop.security.UserGroupInformation.doAs(UserGroupInformation.java:1730)
	at org.apache.hadoop.ipc.Server$Handler.run(Server.java:2682)
2019-09-12 11:57:25,504 [IPC Server handler 5 on 43548] ERROR block.BlockManagerImpl (BlockManagerImpl.java:allocateBlock(222)) - Unable to allocate a block for the size: 4194304, type: RATIS, factor: THREE
2019-09-12 11:57:25,505 | ERROR | OMAudit | user=jenkins1000 | ip=127.0.0.1 | op=ALLOCATE_KEY {volume=vol-0-66800, bucket=bucket-0-09734, key=key-0-55179, dataSize=10240, replicationType=RATIS, replicationFactor=THREE, keyLocationInfo=null} | ret=FAILURE | org.apache.hadoop.hdds.scm.exceptions.SCMException: Allocated 0 blocks. Requested 1 blocks
	at org.apache.hadoop.hdds.scm.protocolPB.ScmBlockLocationProtocolClientSideTranslatorPB.handleError(ScmBlockLocationProtocolClientSideTranslatorPB.java:118)
	at org.apache.hadoop.hdds.scm.protocolPB.ScmBlockLocationProtocolClientSideTranslatorPB.allocateBlock(ScmBlockLocationProtocolClientSideTranslatorPB.java:156) 
2019-09-12 11:57:25,505 [IPC Server handler 11 on 43548] INFO  block.BlockManagerImpl (BlockManagerImpl.java:allocateBlock(198)) - Could not find available pipeline of type:RATIS and factor:THREE even after retrying
2019-09-12 11:57:25,505 | INFO  | SCMAudit | user=jenkins1000 | ip=192.168.157.195 | op=ALLOCATE_BLOCK {owner=f7492686-26db-4064-a654-129457f98f65, size=4194304, type=RATIS, factor=THREE} | ret=SUCCESS |  
2019-09-12 11:57:25,505 [IPC Server handler 11 on 43548] ERROR block.BlockManagerImpl (BlockManagerImpl.java:allocateBlock(222)) - Unable to allocate a block for the size: 4194304, type: RATIS, factor: THREE
2019-09-12 11:57:25,506 | INFO  | SCMAudit | user=jenkins1000 | ip=192.168.157.195 | op=ALLOCATE_BLOCK {owner=f7492686-26db-4064-a654-129457f98f65, size=4194304, type=RATIS, factor=THREE} | ret=SUCCESS |  
2019-09-12 11:57:25,505 [IPC Server handler 6 on 43548] INFO  block.BlockManagerImpl (BlockManagerImpl.java:allocateBlock(198)) - Could not find available pipeline of type:RATIS and factor:THREE even after retrying
2019-09-12 11:57:25,505 | ERROR | OMAudit | user=jenkins1000 | ip=127.0.0.1 | op=ALLOCATE_KEY {volume=vol-1-09195, bucket=bucket-0-90835, key=key-0-64280, dataSize=10240, replicationType=RATIS, replicationFactor=THREE, keyLocationInfo=null} | ret=FAILURE | org.apache.hadoop.hdds.scm.exceptions.SCMException: Allocated 0 blocks. Requested 1 blocks
	at org.apache.hadoop.hdds.scm.protocolPB.ScmBlockLocationProtocolClientSideTranslatorPB.handleError(ScmBlockLocationProtocolClientSideTranslatorPB.java:118)
	at org.apache.hadoop.hdds.scm.protocolPB.ScmBlockLocationProtocolClientSideTranslatorPB.allocateBlock(ScmBlockLocationProtocolClientSideTranslatorPB.java:156) 
2019-09-12 11:57:25,506 [pool-83-thread-4] ERROR freon.RandomKeyGenerator (RandomKeyGenerator.java:createKey(724)) - Exception while adding key: key-0-55179 in bucket: bucket-0-09734 of volume: vol-0-66800.
INTERNAL_ERROR org.apache.hadoop.ozone.om.exceptions.OMException: Allocated 0 blocks. Requested 1 blocks
	at org.apache.hadoop.ozone.om.protocolPB.OzoneManagerProtocolClientSideTranslatorPB.handleError(OzoneManagerProtocolClientSideTranslatorPB.java:725)
	at org.apache.hadoop.ozone.om.protocolPB.OzoneManagerProtocolClientSideTranslatorPB.openKey(OzoneManagerProtocolClientSideTranslatorPB.java:716)
	at org.apache.hadoop.ozone.client.rpc.RpcClient.createKey(RpcClient.java:615)
	at org.apache.hadoop.ozone.client.OzoneBucket.createKey(OzoneBucket.java:323)
	at org.apache.hadoop.ozone.freon.RandomKeyGenerator.createKey(RandomKeyGenerator.java:686)
	at org.apache.hadoop.ozone.freon.RandomKeyGenerator.access$1100(RandomKeyGenerator.java:87)
	at org.apache.hadoop.ozone.freon.RandomKeyGenerator$ObjectCreator.run(RandomKeyGenerator.java:606)
	at java.util.concurrent.Executors$RunnableAdapter.call(Executors.java:511)
	at java.util.concurrent.FutureTask.run(FutureTask.java:266)
	at java.util.concurrent.ThreadPoolExecutor.runWorker(ThreadPoolExecutor.java:1149)
	at java.util.concurrent.ThreadPoolExecutor$Worker.run(ThreadPoolExecutor.java:624)
	at java.lang.Thread.run(Thread.java:748)
2019-09-12 11:57:25,506 [IPC Server handler 6 on 43548] ERROR block.BlockManagerImpl (BlockManagerImpl.java:allocateBlock(222)) - Unable to allocate a block for the size: 4194304, type: RATIS, factor: THREE
2019-09-12 11:57:25,506 | INFO  | SCMAudit | user=jenkins1000 | ip=192.168.157.195 | op=ALLOCATE_BLOCK {owner=f7492686-26db-4064-a654-129457f98f65, size=4194304, type=RATIS, factor=THREE} | ret=SUCCESS |  
2019-09-12 11:57:25,506 | ERROR | OMAudit | user=jenkins1000 | ip=127.0.0.1 | op=ALLOCATE_KEY {volume=vol-8-29222, bucket=bucket-0-17241, key=key-0-70806, dataSize=10240, replicationType=RATIS, replicationFactor=THREE, keyLocationInfo=null} | ret=FAILURE | org.apache.hadoop.hdds.scm.exceptions.SCMException: Allocated 0 blocks. Requested 1 blocks
	at org.apache.hadoop.hdds.scm.protocolPB.ScmBlockLocationProtocolClientSideTranslatorPB.handleError(ScmBlockLocationProtocolClientSideTranslatorPB.java:118)
	at org.apache.hadoop.hdds.scm.protocolPB.ScmBlockLocationProtocolClientSideTranslatorPB.allocateBlock(ScmBlockLocationProtocolClientSideTranslatorPB.java:156) 
2019-09-12 11:57:25,506 | ERROR | OMAudit | user=jenkins1000 | ip=127.0.0.1 | op=ALLOCATE_KEY {volume=vol-6-77665, bucket=bucket-0-17773, key=key-0-34169, dataSize=10240, replicationType=RATIS, replicationFactor=THREE, keyLocationInfo=null} | ret=FAILURE | org.apache.hadoop.hdds.scm.exceptions.SCMException: Allocated 0 blocks. Requested 1 blocks
	at org.apache.hadoop.hdds.scm.protocolPB.ScmBlockLocationProtocolClientSideTranslatorPB.handleError(ScmBlockLocationProtocolClientSideTranslatorPB.java:118)
	at org.apache.hadoop.hdds.scm.protocolPB.ScmBlockLocationProtocolClientSideTranslatorPB.allocateBlock(ScmBlockLocationProtocolClientSideTranslatorPB.java:156) 
2019-09-12 11:57:25,506 [pool-83-thread-9] ERROR freon.RandomKeyGenerator (RandomKeyGenerator.java:createKey(724)) - Exception while adding key: key-0-64280 in bucket: bucket-0-90835 of volume: vol-1-09195.
INTERNAL_ERROR org.apache.hadoop.ozone.om.exceptions.OMException: Allocated 0 blocks. Requested 1 blocks
	at org.apache.hadoop.ozone.om.protocolPB.OzoneManagerProtocolClientSideTranslatorPB.handleError(OzoneManagerProtocolClientSideTranslatorPB.java:725)
	at org.apache.hadoop.ozone.om.protocolPB.OzoneManagerProtocolClientSideTranslatorPB.openKey(OzoneManagerProtocolClientSideTranslatorPB.java:716)
	at org.apache.hadoop.ozone.client.rpc.RpcClient.createKey(RpcClient.java:615)
	at org.apache.hadoop.ozone.client.OzoneBucket.createKey(OzoneBucket.java:323)
	at org.apache.hadoop.ozone.freon.RandomKeyGenerator.createKey(RandomKeyGenerator.java:686)
	at org.apache.hadoop.ozone.freon.RandomKeyGenerator.access$1100(RandomKeyGenerator.java:87)
	at org.apache.hadoop.ozone.freon.RandomKeyGenerator$ObjectCreator.run(RandomKeyGenerator.java:606)
	at java.util.concurrent.Executors$RunnableAdapter.call(Executors.java:511)
	at java.util.concurrent.FutureTask.run(FutureTask.java:266)
	at java.util.concurrent.ThreadPoolExecutor.runWorker(ThreadPoolExecutor.java:1149)
	at java.util.concurrent.ThreadPoolExecutor$Worker.run(ThreadPoolExecutor.java:624)
	at java.lang.Thread.run(Thread.java:748)
2019-09-12 11:57:25,507 | ERROR | OMAudit | user=jenkins1000 | ip=127.0.0.1 | op=ALLOCATE_KEY {volume=vol-4-88196, bucket=bucket-0-05986, key=key-0-27510, dataSize=10240, replicationType=RATIS, replicationFactor=THREE, keyLocationInfo=null} | ret=FAILURE | org.apache.hadoop.hdds.scm.exceptions.SCMException: Allocated 0 blocks. Requested 1 blocks
	at org.apache.hadoop.hdds.scm.protocolPB.ScmBlockLocationProtocolClientSideTranslatorPB.handleError(ScmBlockLocationProtocolClientSideTranslatorPB.java:118)
	at org.apache.hadoop.hdds.scm.protocolPB.ScmBlockLocationProtocolClientSideTranslatorPB.allocateBlock(ScmBlockLocationProtocolClientSideTranslatorPB.java:156) 
2019-09-12 11:57:25,507 [pool-83-thread-3] ERROR freon.RandomKeyGenerator (RandomKeyGenerator.java:createKey(724)) - Exception while adding key: key-0-34169 in bucket: bucket-0-17773 of volume: vol-6-77665.
INTERNAL_ERROR org.apache.hadoop.ozone.om.exceptions.OMException: Allocated 0 blocks. Requested 1 blocks
	at org.apache.hadoop.ozone.om.protocolPB.OzoneManagerProtocolClientSideTranslatorPB.handleError(OzoneManagerProtocolClientSideTranslatorPB.java:725)
	at org.apache.hadoop.ozone.om.protocolPB.OzoneManagerProtocolClientSideTranslatorPB.openKey(OzoneManagerProtocolClientSideTranslatorPB.java:716)
	at org.apache.hadoop.ozone.client.rpc.RpcClient.createKey(RpcClient.java:615)
	at org.apache.hadoop.ozone.client.OzoneBucket.createKey(OzoneBucket.java:323)
	at org.apache.hadoop.ozone.freon.RandomKeyGenerator.createKey(RandomKeyGenerator.java:686)
	at org.apache.hadoop.ozone.freon.RandomKeyGenerator.access$1100(RandomKeyGenerator.java:87)
	at org.apache.hadoop.ozone.freon.RandomKeyGenerator$ObjectCreator.run(RandomKeyGenerator.java:606)
	at java.util.concurrent.Executors$RunnableAdapter.call(Executors.java:511)
	at java.util.concurrent.FutureTask.run(FutureTask.java:266)
	at java.util.concurrent.ThreadPoolExecutor.runWorker(ThreadPoolExecutor.java:1149)
	at java.util.concurrent.ThreadPoolExecutor$Worker.run(ThreadPoolExecutor.java:624)
	at java.lang.Thread.run(Thread.java:748)
2019-09-12 11:57:25,507 [pool-83-thread-10] ERROR freon.RandomKeyGenerator (RandomKeyGenerator.java:createKey(724)) - Exception while adding key: key-0-70806 in bucket: bucket-0-17241 of volume: vol-8-29222.
INTERNAL_ERROR org.apache.hadoop.ozone.om.exceptions.OMException: Allocated 0 blocks. Requested 1 blocks
	at org.apache.hadoop.ozone.om.protocolPB.OzoneManagerProtocolClientSideTranslatorPB.handleError(OzoneManagerProtocolClientSideTranslatorPB.java:725)
	at org.apache.hadoop.ozone.om.protocolPB.OzoneManagerProtocolClientSideTranslatorPB.openKey(OzoneManagerProtocolClientSideTranslatorPB.java:716)
	at org.apache.hadoop.ozone.client.rpc.RpcClient.createKey(RpcClient.java:615)
	at org.apache.hadoop.ozone.client.OzoneBucket.createKey(OzoneBucket.java:323)
	at org.apache.hadoop.ozone.freon.RandomKeyGenerator.createKey(RandomKeyGenerator.java:686)
	at org.apache.hadoop.ozone.freon.RandomKeyGenerator.access$1100(RandomKeyGenerator.java:87)
	at org.apache.hadoop.ozone.freon.RandomKeyGenerator$ObjectCreator.run(RandomKeyGenerator.java:606)
	at java.util.concurrent.Executors$RunnableAdapter.call(Executors.java:511)
	at java.util.concurrent.FutureTask.run(FutureTask.java:266)
	at java.util.concurrent.ThreadPoolExecutor.runWorker(ThreadPoolExecutor.java:1149)
	at java.util.concurrent.ThreadPoolExecutor$Worker.run(ThreadPoolExecutor.java:624)
	at java.lang.Thread.run(Thread.java:748)
2019-09-12 11:57:25,508 [pool-83-thread-5] ERROR freon.RandomKeyGenerator (RandomKeyGenerator.java:createKey(724)) - Exception while adding key: key-0-27510 in bucket: bucket-0-05986 of volume: vol-4-88196.
INTERNAL_ERROR org.apache.hadoop.ozone.om.exceptions.OMException: Allocated 0 blocks. Requested 1 blocks
	at org.apache.hadoop.ozone.om.protocolPB.OzoneManagerProtocolClientSideTranslatorPB.handleError(OzoneManagerProtocolClientSideTranslatorPB.java:725)
	at org.apache.hadoop.ozone.om.protocolPB.OzoneManagerProtocolClientSideTranslatorPB.openKey(OzoneManagerProtocolClientSideTranslatorPB.java:716)
	at org.apache.hadoop.ozone.client.rpc.RpcClient.createKey(RpcClient.java:615)
	at org.apache.hadoop.ozone.client.OzoneBucket.createKey(OzoneBucket.java:323)
	at org.apache.hadoop.ozone.freon.RandomKeyGenerator.createKey(RandomKeyGenerator.java:686)
	at org.apache.hadoop.ozone.freon.RandomKeyGenerator.access$1100(RandomKeyGenerator.java:87)
	at org.apache.hadoop.ozone.freon.RandomKeyGenerator$ObjectCreator.run(RandomKeyGenerator.java:606)
	at java.util.concurrent.Executors$RunnableAdapter.call(Executors.java:511)
	at java.util.concurrent.FutureTask.run(FutureTask.java:266)
	at java.util.concurrent.ThreadPoolExecutor.runWorker(ThreadPoolExecutor.java:1149)
	at java.util.concurrent.ThreadPoolExecutor$Worker.run(ThreadPoolExecutor.java:624)
	at java.lang.Thread.run(Thread.java:748)
2019-09-12 11:57:25,757 | INFO  | SCMAudit | user=jenkins1000 | ip=192.168.157.195 | op=SEND_HEARTBEAT {datanodeUUID=17edbb89-a050-42dd-b919-a8669dd0769f, command=[]} | ret=SUCCESS |  
2019-09-12 11:57:25,758 | INFO  | SCMAudit | user=jenkins1000 | ip=192.168.157.195 | op=SEND_HEARTBEAT {datanodeUUID=af5fed38-0f11-4bc3-b5f8-f25d4cc0e41f, command=[]} | ret=SUCCESS |  
2019-09-12 11:57:25,782 | INFO  | SCMAudit | user=jenkins1000 | ip=192.168.157.195 | op=SEND_HEARTBEAT {datanodeUUID=f8fc3649-0cfb-44b5-b2db-665c617086f3, command=[]} | ret=SUCCESS |  
2019-09-12 11:57:26,042 | INFO  | SCMAudit | user=jenkins1000 | ip=192.168.157.195 | op=SEND_HEARTBEAT {datanodeUUID=17f5de45-d006-42d4-a442-b3531657861f, command=[]} | ret=SUCCESS |  
2019-09-12 11:57:26,241 | INFO  | SCMAudit | user=jenkins1000 | ip=192.168.157.195 | op=SEND_HEARTBEAT {datanodeUUID=7c1edd01-6b93-44c9-a455-1bd851e1af30, command=[]} | ret=SUCCESS |  
 0.00% |█                                                                                                    |  0/100 Time: 0:00:012019-09-12 11:57:26,758 | INFO  | SCMAudit | user=jenkins1000 | ip=192.168.157.195 | op=SEND_HEARTBEAT {datanodeUUID=af5fed38-0f11-4bc3-b5f8-f25d4cc0e41f, command=[]} | ret=SUCCESS |  
2019-09-12 11:57:26,758 | INFO  | SCMAudit | user=jenkins1000 | ip=192.168.157.195 | op=SEND_HEARTBEAT {datanodeUUID=17edbb89-a050-42dd-b919-a8669dd0769f, command=[]} | ret=SUCCESS |  
2019-09-12 11:57:26,782 | INFO  | SCMAudit | user=jenkins1000 | ip=192.168.157.195 | op=SEND_HEARTBEAT {datanodeUUID=f8fc3649-0cfb-44b5-b2db-665c617086f3, command=[]} | ret=SUCCESS |  
2019-09-12 11:57:27,040 | INFO  | SCMAudit | user=jenkins1000 | ip=192.168.157.195 | op=SEND_HEARTBEAT {datanodeUUID=17f5de45-d006-42d4-a442-b3531657861f, command=[]} | ret=SUCCESS |  
2019-09-12 11:57:27,241 | INFO  | SCMAudit | user=jenkins1000 | ip=192.168.157.195 | op=SEND_HEARTBEAT {datanodeUUID=7c1edd01-6b93-44c9-a455-1bd851e1af30, command=[]} | ret=SUCCESS |  
 0.00% |█                                                                                                    |  0/100 Time: 0:00:022019-09-12 11:57:27,757 | INFO  | SCMAudit | user=jenkins1000 | ip=192.168.157.195 | op=SEND_HEARTBEAT {datanodeUUID=17edbb89-a050-42dd-b919-a8669dd0769f, command=[]} | ret=SUCCESS |  
2019-09-12 11:57:27,758 | INFO  | SCMAudit | user=jenkins1000 | ip=192.168.157.195 | op=SEND_HEARTBEAT {datanodeUUID=af5fed38-0f11-4bc3-b5f8-f25d4cc0e41f, command=[]} | ret=SUCCESS |  
2019-09-12 11:57:27,782 | INFO  | SCMAudit | user=jenkins1000 | ip=192.168.157.195 | op=SEND_HEARTBEAT {datanodeUUID=f8fc3649-0cfb-44b5-b2db-665c617086f3, command=[]} | ret=SUCCESS |  
2019-09-12 11:57:28,040 | INFO  | SCMAudit | user=jenkins1000 | ip=192.168.157.195 | op=SEND_HEARTBEAT {datanodeUUID=17f5de45-d006-42d4-a442-b3531657861f, command=[]} | ret=SUCCESS |  
2019-09-12 11:57:28,240 | INFO  | SCMAudit | user=jenkins1000 | ip=192.168.157.195 | op=SEND_HEARTBEAT {datanodeUUID=7c1edd01-6b93-44c9-a455-1bd851e1af30, command=[]} | ret=SUCCESS |  
 0.00% |█                                                                                                    |  0/100 Time: 0:00:032019-09-12 11:57:28,757 | INFO  | SCMAudit | user=jenkins1000 | ip=192.168.157.195 | op=SEND_HEARTBEAT {datanodeUUID=17edbb89-a050-42dd-b919-a8669dd0769f, command=[]} | ret=SUCCESS |  
2019-09-12 11:57:28,757 | INFO  | SCMAudit | user=jenkins1000 | ip=192.168.157.195 | op=SEND_HEARTBEAT {datanodeUUID=af5fed38-0f11-4bc3-b5f8-f25d4cc0e41f, command=[]} | ret=SUCCESS |  
2019-09-12 11:57:28,781 | INFO  | SCMAudit | user=jenkins1000 | ip=192.168.157.195 | op=SEND_HEARTBEAT {datanodeUUID=f8fc3649-0cfb-44b5-b2db-665c617086f3, command=[]} | ret=SUCCESS |  
2019-09-12 11:57:29,041 | INFO  | SCMAudit | user=jenkins1000 | ip=192.168.157.195 | op=SEND_HEARTBEAT {datanodeUUID=17f5de45-d006-42d4-a442-b3531657861f, command=[]} | ret=SUCCESS |  
2019-09-12 11:57:29,241 | INFO  | SCMAudit | user=jenkins1000 | ip=192.168.157.195 | op=SEND_HEARTBEAT {datanodeUUID=7c1edd01-6b93-44c9-a455-1bd851e1af30, command=[]} | ret=SUCCESS |  
 0.00% |█                                                                                                    |  0/100 Time: 0:00:042019-09-12 11:57:29,758 | INFO  | SCMAudit | user=jenkins1000 | ip=192.168.157.195 | op=SEND_HEARTBEAT {datanodeUUID=17edbb89-a050-42dd-b919-a8669dd0769f, command=[]} | ret=SUCCESS |  
2019-09-12 11:57:29,758 | INFO  | SCMAudit | user=jenkins1000 | ip=192.168.157.195 | op=SEND_HEARTBEAT {datanodeUUID=af5fed38-0f11-4bc3-b5f8-f25d4cc0e41f, command=[]} | ret=SUCCESS |  
2019-09-12 11:57:29,782 | INFO  | SCMAudit | user=jenkins1000 | ip=192.168.157.195 | op=SEND_HEARTBEAT {datanodeUUID=f8fc3649-0cfb-44b5-b2db-665c617086f3, command=[]} | ret=SUCCESS |  
2019-09-12 11:57:30,041 | INFO  | SCMAudit | user=jenkins1000 | ip=192.168.157.195 | op=SEND_HEARTBEAT {datanodeUUID=17f5de45-d006-42d4-a442-b3531657861f, command=[]} | ret=SUCCESS |  
2019-09-12 11:57:30,241 | INFO  | SCMAudit | user=jenkins1000 | ip=192.168.157.195 | op=SEND_HEARTBEAT {datanodeUUID=7c1edd01-6b93-44c9-a455-1bd851e1af30, command=[]} | ret=SUCCESS |  
 100.00% |█████████████████████████████████████████████████████████████████████████████████████████████████████|  100/100 Time: 0:00:05
]]></system-out>
  </testcase>
</testsuite>