<?xml version="1.0" encoding="UTF-8"?>
<testsuite xmlns:xsi="http://www.w3.org/2001/XMLSchema-instance" xsi:noNamespaceSchemaLocation="https://maven.apache.org/surefire/maven-surefire-plugin/xsd/surefire-test-report.xsd" name="org.apache.hadoop.ozone.client.rpc.TestWatchForCommit" time="479.934" tests="5" errors="1" skipped="0" failures="0">
  <properties>
    <property name="awt.toolkit" value="sun.awt.X11.XToolkit"/>
    <property name="file.encoding.pkg" value="sun.io"/>
    <property name="java.specification.version" value="1.8"/>
    <property name="sun.cpu.isalist" value=""/>
    <property name="sun.jnu.encoding" value="UTF-8"/>
    <property name="java.class.path" value="/workdir/hadoop-ozone/integration-test/target/test-classes:/workdir/hadoop-ozone/integration-test/target/classes:/home/user/.m2/repository/org/apache/hadoop/hadoop-ozone-common/0.5.0-SNAPSHOT/hadoop-ozone-common-0.5.0-SNAPSHOT.jar:/home/user/.m2/repository/org/apache/commons/commons-compress/1.4.1/commons-compress-1.4.1.jar:/home/user/.m2/repository/org/tukaani/xz/1.0/xz-1.0.jar:/home/user/.m2/repository/org/apache/hadoop/hadoop-common/3.2.0/hadoop-common-3.2.0.jar:/home/user/.m2/repository/org/apache/hadoop/hadoop-hdfs/3.2.0/hadoop-hdfs-3.2.0.jar:/home/user/.m2/repository/org/apache/hadoop/hadoop-hdfs-client/3.2.0/hadoop-hdfs-client-3.2.0.jar:/home/user/.m2/repository/com/fasterxml/jackson/core/jackson-annotations/2.9.9/jackson-annotations-2.9.9.jar:/home/user/.m2/repository/org/apache/hadoop/hadoop-hdds-common/0.5.0-SNAPSHOT/hadoop-hdds-common-0.5.0-SNAPSHOT.jar:/home/user/.m2/repository/javax/annotation/javax.annotation-api/1.2/javax.annotation-api-1.2.jar:/home/user/.m2/repository/org/apache/ratis/ratis-server/0.4.0/ratis-server-0.4.0.jar:/home/user/.m2/repository/org/apache/ratis/ratis-thirdparty-misc/0.2.0/ratis-thirdparty-misc-0.2.0.jar:/home/user/.m2/repository/org/apache/ratis/ratis-proto/0.4.0/ratis-proto-0.4.0.jar:/home/user/.m2/repository/org/apache/ratis/ratis-common/0.4.0/ratis-common-0.4.0.jar:/home/user/.m2/repository/org/apache/ratis/ratis-client/0.4.0/ratis-client-0.4.0.jar:/home/user/.m2/repository/org/apache/ratis/ratis-metrics/0.4.0/ratis-metrics-0.4.0.jar:/home/user/.m2/repository/com/github/joshelser/dropwizard-metrics-hadoop-metrics2-reporter/0.1.2/dropwizard-metrics-hadoop-metrics2-reporter-0.1.2.jar:/home/user/.m2/repository/io/dropwizard/metrics/metrics-jvm/3.2.5/metrics-jvm-3.2.5.jar:/home/user/.m2/repository/io/dropwizard/metrics/metrics-ganglia/3.2.5/metrics-ganglia-3.2.5.jar:/home/user/.m2/repository/info/ganglia/gmetric4j/gmetric4j/1.0.7/gmetric4j-1.0.7.jar:/home/user/.m2/repository/org/apache/ratis/ratis-netty/0.4.0/ratis-netty-0.4.0.jar:/home/user/.m2/repository/org/apache/ratis/ratis-grpc/0.4.0/ratis-grpc-0.4.0.jar:/home/user/.m2/repository/org/rocksdb/rocksdbjni/6.0.1/rocksdbjni-6.0.1.jar:/home/user/.m2/repository/org/apache/logging/log4j/log4j-api/2.11.0/log4j-api-2.11.0.jar:/home/user/.m2/repository/org/apache/logging/log4j/log4j-core/2.11.0/log4j-core-2.11.0.jar:/home/user/.m2/repository/com/lmax/disruptor/3.4.2/disruptor-3.4.2.jar:/home/user/.m2/repository/org/apache/commons/commons-pool2/2.6.0/commons-pool2-2.6.0.jar:/home/user/.m2/repository/org/bouncycastle/bcpkix-jdk15on/1.60/bcpkix-jdk15on-1.60.jar:/home/user/.m2/repository/commons-validator/commons-validator/1.6/commons-validator-1.6.jar:/home/user/.m2/repository/commons-digester/commons-digester/1.8.1/commons-digester-1.8.1.jar:/home/user/.m2/repository/io/jaegertracing/jaeger-client/0.34.0/jaeger-client-0.34.0.jar:/home/user/.m2/repository/io/jaegertracing/jaeger-thrift/0.34.0/jaeger-thrift-0.34.0.jar:/home/user/.m2/repository/org/apache/thrift/libthrift/0.12.0/libthrift-0.12.0.jar:/home/user/.m2/repository/com/squareup/okhttp3/okhttp/3.9.0/okhttp-3.9.0.jar:/home/user/.m2/repository/com/squareup/okio/okio/1.13.0/okio-1.13.0.jar:/home/user/.m2/repository/io/jaegertracing/jaeger-core/0.34.0/jaeger-core-0.34.0.jar:/home/user/.m2/repository/io/jaegertracing/jaeger-tracerresolver/0.34.0/jaeger-tracerresolver-0.34.0.jar:/home/user/.m2/repository/io/opentracing/contrib/opentracing-tracerresolver/0.1.5/opentracing-tracerresolver-0.1.5.jar:/home/user/.m2/repository/io/opentracing/opentracing-util/0.31.0/opentracing-util-0.31.0.jar:/home/user/.m2/repository/io/opentracing/opentracing-api/0.31.0/opentracing-api-0.31.0.jar:/home/user/.m2/repository/io/opentracing/opentracing-noop/0.31.0/opentracing-noop-0.31.0.jar:/home/user/.m2/repository/org/apache/hadoop/hadoop-hdds-server-framework/0.5.0-SNAPSHOT/hadoop-hdds-server-framework-0.5.0-SNAPSHOT.jar:/home/user/.m2/repository/org/apache/hadoop/hadoop-hdds-container-service/0.5.0-SNAPSHOT/hadoop-hdds-container-service-0.5.0-SNAPSHOT.jar:/home/user/.m2/repository/org/apache/hadoop/hadoop-hdds-client/0.5.0-SNAPSHOT/hadoop-hdds-client-0.5.0-SNAPSHOT.jar:/home/user/.m2/repository/org/apache/hadoop/hadoop-hdds-tools/0.5.0-SNAPSHOT/hadoop-hdds-tools-0.5.0-SNAPSHOT.jar:/home/user/.m2/repository/org/apache/hadoop/hadoop-hdds-server-scm/0.5.0-SNAPSHOT/hadoop-hdds-server-scm-0.5.0-SNAPSHOT.jar:/home/user/.m2/repository/org/apache/hadoop/hadoop-hdds-docs/0.5.0-SNAPSHOT/hadoop-hdds-docs-0.5.0-SNAPSHOT.jar:/home/user/.m2/repository/io/dropwizard/metrics/metrics-core/3.2.4/metrics-core-3.2.4.jar:/home/user/.m2/repository/org/hamcrest/hamcrest-all/1.3/hamcrest-all-1.3.jar:/home/user/.m2/repository/org/bouncycastle/bcprov-jdk15on/1.60/bcprov-jdk15on-1.60.jar:/home/user/.m2/repository/info/picocli/picocli/3.9.6/picocli-3.9.6.jar:/home/user/.m2/repository/com/google/protobuf/protobuf-java/2.5.0/protobuf-java-2.5.0.jar:/home/user/.m2/repository/com/google/guava/guava/11.0.2/guava-11.0.2.jar:/home/user/.m2/repository/org/apache/hadoop/hadoop-ozone-ozone-manager/0.5.0-SNAPSHOT/hadoop-ozone-ozone-manager-0.5.0-SNAPSHOT.jar:/home/user/.m2/repository/org/apache/hadoop/hadoop-minikdc/3.2.0/hadoop-minikdc-3.2.0.jar:/home/user/.m2/repository/commons-io/commons-io/2.5/commons-io-2.5.jar:/home/user/.m2/repository/org/apache/kerby/kerb-simplekdc/1.0.1/kerb-simplekdc-1.0.1.jar:/home/user/.m2/repository/org/apache/kerby/kerb-client/1.0.1/kerb-client-1.0.1.jar:/home/user/.m2/repository/org/apache/kerby/kerby-config/1.0.1/kerby-config-1.0.1.jar:/home/user/.m2/repository/org/apache/kerby/kerb-core/1.0.1/kerb-core-1.0.1.jar:/home/user/.m2/repository/org/apache/kerby/kerby-pkix/1.0.1/kerby-pkix-1.0.1.jar:/home/user/.m2/repository/org/apache/kerby/kerby-asn1/1.0.1/kerby-asn1-1.0.1.jar:/home/user/.m2/repository/org/apache/kerby/kerby-util/1.0.1/kerby-util-1.0.1.jar:/home/user/.m2/repository/org/apache/kerby/kerb-common/1.0.1/kerb-common-1.0.1.jar:/home/user/.m2/repository/org/apache/kerby/kerb-crypto/1.0.1/kerb-crypto-1.0.1.jar:/home/user/.m2/repository/org/apache/kerby/kerb-util/1.0.1/kerb-util-1.0.1.jar:/home/user/.m2/repository/org/apache/kerby/token-provider/1.0.1/token-provider-1.0.1.jar:/home/user/.m2/repository/org/apache/kerby/kerb-admin/1.0.1/kerb-admin-1.0.1.jar:/home/user/.m2/repository/org/apache/kerby/kerb-server/1.0.1/kerb-server-1.0.1.jar:/home/user/.m2/repository/org/apache/kerby/kerb-identity/1.0.1/kerb-identity-1.0.1.jar:/home/user/.m2/repository/org/apache/kerby/kerby-xdr/1.0.1/kerby-xdr-1.0.1.jar:/home/user/.m2/repository/org/slf4j/slf4j-log4j12/1.7.25/slf4j-log4j12-1.7.25.jar:/home/user/.m2/repository/org/apache/hadoop/hadoop-ozone-s3gateway/0.5.0-SNAPSHOT/hadoop-ozone-s3gateway-0.5.0-SNAPSHOT.jar:/home/user/.m2/repository/org/jboss/weld/servlet/weld-servlet/2.4.7.Final/weld-servlet-2.4.7.Final.jar:/home/user/.m2/repository/org/glassfish/jersey/containers/jersey-container-servlet-core/2.27/jersey-container-servlet-core-2.27.jar:/home/user/.m2/repository/org/glassfish/hk2/external/javax.inject/2.5.0-b42/javax.inject-2.5.0-b42.jar:/home/user/.m2/repository/org/glassfish/jersey/core/jersey-common/2.27/jersey-common-2.27.jar:/home/user/.m2/repository/org/glassfish/hk2/osgi-resource-locator/1.0.1/osgi-resource-locator-1.0.1.jar:/home/user/.m2/repository/javax/ws/rs/javax.ws.rs-api/2.1/javax.ws.rs-api-2.1.jar:/home/user/.m2/repository/org/glassfish/jersey/ext/cdi/jersey-cdi1x/2.27/jersey-cdi1x-2.27.jar:/home/user/.m2/repository/org/glassfish/jersey/inject/jersey-hk2/2.27/jersey-hk2-2.27.jar:/home/user/.m2/repository/org/glassfish/hk2/hk2-locator/2.5.0-b42/hk2-locator-2.5.0-b42.jar:/home/user/.m2/repository/org/javassist/javassist/3.22.0-CR2/javassist-3.22.0-CR2.jar:/home/user/.m2/repository/org/glassfish/hk2/hk2-api/2.5.0/hk2-api-2.5.0.jar:/home/user/.m2/repository/org/glassfish/hk2/external/jakarta.inject/2.5.0/jakarta.inject-2.5.0.jar:/home/user/.m2/repository/org/glassfish/hk2/hk2-utils/2.5.0/hk2-utils-2.5.0.jar:/home/user/.m2/repository/jakarta/annotation/jakarta.annotation-api/1.3.4/jakarta.annotation-api-1.3.4.jar:/home/user/.m2/repository/org/glassfish/hk2/external/aopalliance-repackaged/2.5.0/aopalliance-repackaged-2.5.0.jar:/home/user/.m2/repository/com/fasterxml/jackson/dataformat/jackson-dataformat-xml/2.9.0/jackson-dataformat-xml-2.9.0.jar:/home/user/.m2/repository/com/fasterxml/jackson/core/jackson-core/2.9.9/jackson-core-2.9.9.jar:/home/user/.m2/repository/com/fasterxml/jackson/module/jackson-module-jaxb-annotations/2.9.9/jackson-module-jaxb-annotations-2.9.9.jar:/home/user/.m2/repository/javax/enterprise/cdi-api/1.2/cdi-api-1.2.jar:/home/user/.m2/repository/javax/el/javax.el-api/3.0.0/javax.el-api-3.0.0.jar:/home/user/.m2/repository/javax/interceptor/javax.interceptor-api/1.2/javax.interceptor-api-1.2.jar:/home/user/.m2/repository/javax/inject/javax.inject/1/javax.inject-1.jar:/home/user/.m2/repository/com/sun/xml/bind/jaxb-impl/2.3.0.1/jaxb-impl-2.3.0.1.jar:/home/user/.m2/repository/com/sun/xml/bind/jaxb-core/2.3.0.1/jaxb-core-2.3.0.1.jar:/home/user/.m2/repository/javax/xml/bind/jaxb-api/2.3.0/jaxb-api-2.3.0.jar:/home/user/.m2/repository/javax/activation/activation/1.1.1/activation-1.1.1.jar:/home/user/.m2/repository/org/apache/hadoop/hadoop-ozone-csi/0.5.0-SNAPSHOT/hadoop-ozone-csi-0.5.0-SNAPSHOT.jar:/home/user/.m2/repository/com/google/protobuf/protobuf-java-util/3.5.1/protobuf-java-util-3.5.1.jar:/home/user/.m2/repository/org/apache/hadoop/hadoop-hdds-config/0.5.0-SNAPSHOT/hadoop-hdds-config-0.5.0-SNAPSHOT.jar:/home/user/.m2/repository/io/grpc/grpc-netty/1.17.1/grpc-netty-1.17.1.jar:/home/user/.m2/repository/io/grpc/grpc-core/1.17.1/grpc-core-1.17.1.jar:/home/user/.m2/repository/io/grpc/grpc-context/1.17.1/grpc-context-1.17.1.jar:/home/user/.m2/repository/com/google/errorprone/error_prone_annotations/2.2.0/error_prone_annotations-2.2.0.jar:/home/user/.m2/repository/org/codehaus/mojo/animal-sniffer-annotations/1.17/animal-sniffer-annotations-1.17.jar:/home/user/.m2/repository/io/opencensus/opencensus-api/0.17.0/opencensus-api-0.17.0.jar:/home/user/.m2/repository/io/opencensus/opencensus-contrib-grpc-metrics/0.17.0/opencensus-contrib-grpc-metrics-0.17.0.jar:/home/user/.m2/repository/io/netty/netty-codec-http2/4.1.30.Final/netty-codec-http2-4.1.30.Final.jar:/home/user/.m2/repository/io/netty/netty-codec-http/4.1.30.Final/netty-codec-http-4.1.30.Final.jar:/home/user/.m2/repository/io/netty/netty-codec/4.1.30.Final/netty-codec-4.1.30.Final.jar:/home/user/.m2/repository/io/netty/netty-handler/4.1.30.Final/netty-handler-4.1.30.Final.jar:/home/user/.m2/repository/io/netty/netty-handler-proxy/4.1.30.Final/netty-handler-proxy-4.1.30.Final.jar:/home/user/.m2/repository/io/netty/netty-codec-socks/4.1.30.Final/netty-codec-socks-4.1.30.Final.jar:/home/user/.m2/repository/io/netty/netty-transport-native-epoll/4.1.30.Final/netty-transport-native-epoll-4.1.30.Final.jar:/home/user/.m2/repository/io/netty/netty-common/4.1.30.Final/netty-common-4.1.30.Final.jar:/home/user/.m2/repository/io/netty/netty-buffer/4.1.30.Final/netty-buffer-4.1.30.Final.jar:/home/user/.m2/repository/io/netty/netty-transport/4.1.30.Final/netty-transport-4.1.30.Final.jar:/home/user/.m2/repository/io/netty/netty-resolver/4.1.30.Final/netty-resolver-4.1.30.Final.jar:/home/user/.m2/repository/io/netty/netty-transport-native-unix-common/4.1.30.Final/netty-transport-native-unix-common-4.1.30.Final.jar:/home/user/.m2/repository/io/grpc/grpc-protobuf/1.17.1/grpc-protobuf-1.17.1.jar:/home/user/.m2/repository/com/google/api/grpc/proto-google-common-protos/1.0.0/proto-google-common-protos-1.0.0.jar:/home/user/.m2/repository/io/grpc/grpc-protobuf-lite/1.17.1/grpc-protobuf-lite-1.17.1.jar:/home/user/.m2/repository/io/grpc/grpc-stub/1.17.1/grpc-stub-1.17.1.jar:/home/user/.m2/repository/org/apache/hadoop/hadoop-ozone-recon/0.5.0-SNAPSHOT/hadoop-ozone-recon-0.5.0-SNAPSHOT.jar:/home/user/.m2/repository/org/apache/hadoop/hadoop-ozone-reconcodegen/0.5.0-SNAPSHOT/hadoop-ozone-reconcodegen-0.5.0-SNAPSHOT.jar:/home/user/.m2/repository/com/google/inject/extensions/guice-multibindings/4.0/guice-multibindings-4.0.jar:/home/user/.m2/repository/com/google/inject/guice/4.0/guice-4.0.jar:/home/user/.m2/repository/aopalliance/aopalliance/1.0/aopalliance-1.0.jar:/home/user/.m2/repository/com/google/inject/extensions/guice-servlet/4.0/guice-servlet-4.0.jar:/home/user/.m2/repository/org/glassfish/jersey/containers/jersey-container-servlet/2.27/jersey-container-servlet-2.27.jar:/home/user/.m2/repository/org/glassfish/hk2/guice-bridge/2.5.0/guice-bridge-2.5.0.jar:/home/user/.m2/repository/org/glassfish/jersey/core/jersey-server/2.27/jersey-server-2.27.jar:/home/user/.m2/repository/org/glassfish/jersey/core/jersey-client/2.27/jersey-client-2.27.jar:/home/user/.m2/repository/org/glassfish/jersey/media/jersey-media-jaxb/2.27/jersey-media-jaxb-2.27.jar:/home/user/.m2/repository/javax/validation/validation-api/1.1.0.Final/validation-api-1.1.0.Final.jar:/home/user/.m2/repository/org/glassfish/jersey/media/jersey-media-json-jackson/2.27/jersey-media-json-jackson-2.27.jar:/home/user/.m2/repository/org/glassfish/jersey/ext/jersey-entity-filtering/2.27/jersey-entity-filtering-2.27.jar:/home/user/.m2/repository/com/google/inject/extensions/guice-assistedinject/4.0/guice-assistedinject-4.0.jar:/home/user/.m2/repository/org/jooq/jooq/3.11.10/jooq-3.11.10.jar:/home/user/.m2/repository/org/jooq/jooq-meta/3.11.10/jooq-meta-3.11.10.jar:/home/user/.m2/repository/org/jooq/jooq-codegen/3.11.10/jooq-codegen-3.11.10.jar:/home/user/.m2/repository/com/jolbox/bonecp/0.8.0.RELEASE/bonecp-0.8.0.RELEASE.jar:/home/user/.m2/repository/org/xerial/sqlite-jdbc/3.25.2/sqlite-jdbc-3.25.2.jar:/home/user/.m2/repository/org/springframework/spring-jdbc/5.1.3.RELEASE/spring-jdbc-5.1.3.RELEASE.jar:/home/user/.m2/repository/org/springframework/spring-beans/5.1.3.RELEASE/spring-beans-5.1.3.RELEASE.jar:/home/user/.m2/repository/org/springframework/spring-core/5.1.3.RELEASE/spring-core-5.1.3.RELEASE.jar:/home/user/.m2/repository/org/springframework/spring-jcl/5.1.3.RELEASE/spring-jcl-5.1.3.RELEASE.jar:/home/user/.m2/repository/org/springframework/spring-tx/5.1.3.RELEASE/spring-tx-5.1.3.RELEASE.jar:/home/user/.m2/repository/org/apache/hadoop/hadoop-ozone-client/0.5.0-SNAPSHOT/hadoop-ozone-client-0.5.0-SNAPSHOT.jar:/home/user/.m2/repository/commons-lang/commons-lang/2.6/commons-lang-2.6.jar:/home/user/.m2/repository/org/apache/hadoop/hadoop-ozone-ozone-manager/0.5.0-SNAPSHOT/hadoop-ozone-ozone-manager-0.5.0-SNAPSHOT-tests.jar:/home/user/.m2/repository/junit/junit/4.11/junit-4.11.jar:/home/user/.m2/repository/org/hamcrest/hamcrest-core/1.3/hamcrest-core-1.3.jar:/home/user/.m2/repository/org/openjdk/jmh/jmh-core/1.19/jmh-core-1.19.jar:/home/user/.m2/repository/net/sf/jopt-simple/jopt-simple/4.6/jopt-simple-4.6.jar:/home/user/.m2/repository/org/apache/commons/commons-math3/3.1.1/commons-math3-3.1.1.jar:/home/user/.m2/repository/org/openjdk/jmh/jmh-generator-annprocess/1.19/jmh-generator-annprocess-1.19.jar:/home/user/.m2/repository/org/mockito/mockito-all/1.8.5/mockito-all-1.8.5.jar:/home/user/.m2/repository/org/apache/hadoop/hadoop-kms/3.2.0/hadoop-kms-3.2.0.jar:/home/user/.m2/repository/org/apache/hadoop/hadoop-auth/3.2.0/hadoop-auth-3.2.0.jar:/home/user/.m2/repository/com/nimbusds/nimbus-jose-jwt/4.41.1/nimbus-jose-jwt-4.41.1.jar:/home/user/.m2/repository/com/github/stephenc/jcip/jcip-annotations/1.0-1/jcip-annotations-1.0-1.jar:/home/user/.m2/repository/net/minidev/json-smart/2.3/json-smart-2.3.jar:/home/user/.m2/repository/net/minidev/accessors-smart/1.2/accessors-smart-1.2.jar:/home/user/.m2/repository/org/ow2/asm/asm/5.0.4/asm-5.0.4.jar:/home/user/.m2/repository/org/apache/curator/curator-framework/2.12.0/curator-framework-2.12.0.jar:/home/user/.m2/repository/com/sun/jersey/jersey-core/1.19/jersey-core-1.19.jar:/home/user/.m2/repository/javax/ws/rs/jsr311-api/1.1.1/jsr311-api-1.1.1.jar:/home/user/.m2/repository/com/sun/jersey/jersey-server/1.19/jersey-server-1.19.jar:/home/user/.m2/repository/javax/servlet/javax.servlet-api/3.1.0/javax.servlet-api-3.1.0.jar:/home/user/.m2/repository/org/eclipse/jetty/jetty-server/9.3.25.v20180904/jetty-server-9.3.25.v20180904.jar:/home/user/.m2/repository/org/eclipse/jetty/jetty-http/9.3.25.v20180904/jetty-http-9.3.25.v20180904.jar:/home/user/.m2/repository/org/eclipse/jetty/jetty-io/9.3.25.v20180904/jetty-io-9.3.25.v20180904.jar:/home/user/.m2/repository/org/eclipse/jetty/jetty-webapp/9.3.25.v20180904/jetty-webapp-9.3.25.v20180904.jar:/home/user/.m2/repository/org/eclipse/jetty/jetty-xml/9.3.25.v20180904/jetty-xml-9.3.25.v20180904.jar:/home/user/.m2/repository/log4j/log4j/1.2.17/log4j-1.2.17.jar:/home/user/.m2/repository/org/slf4j/slf4j-api/1.7.25/slf4j-api-1.7.25.jar:/home/user/.m2/repository/org/slf4j/jul-to-slf4j/1.7.25/jul-to-slf4j-1.7.25.jar:/home/user/.m2/repository/org/eclipse/jetty/jetty-util/9.3.25.v20180904/jetty-util-9.3.25.v20180904.jar:/home/user/.m2/repository/com/fasterxml/jackson/core/jackson-databind/2.9.9/jackson-databind-2.9.9.jar:/home/user/.m2/repository/org/apache/hadoop/hadoop-kms/3.2.0/hadoop-kms-3.2.0-tests.jar:/home/user/.m2/repository/org/apache/hadoop/hadoop-hdds-server-scm/0.5.0-SNAPSHOT/hadoop-hdds-server-scm-0.5.0-SNAPSHOT-tests.jar:/home/user/.m2/repository/org/apache/hadoop/hadoop-hdds-container-service/0.5.0-SNAPSHOT/hadoop-hdds-container-service-0.5.0-SNAPSHOT-tests.jar:/home/user/.m2/repository/org/yaml/snakeyaml/1.16/snakeyaml-1.16.jar:/home/user/.m2/repository/org/apache/hadoop/hadoop-common/3.2.0/hadoop-common-3.2.0-tests.jar:/home/user/.m2/repository/org/apache/hadoop/hadoop-annotations/3.2.0/hadoop-annotations-3.2.0.jar:/usr/lib/jvm/java-1.8-openjdk/jre/../lib/tools.jar:/home/user/.m2/repository/commons-cli/commons-cli/1.2/commons-cli-1.2.jar:/home/user/.m2/repository/org/apache/httpcomponents/httpclient/4.5.2/httpclient-4.5.2.jar:/home/user/.m2/repository/org/apache/httpcomponents/httpcore/4.4.4/httpcore-4.4.4.jar:/home/user/.m2/repository/commons-codec/commons-codec/1.11/commons-codec-1.11.jar:/home/user/.m2/repository/commons-net/commons-net/3.6/commons-net-3.6.jar:/home/user/.m2/repository/commons-collections/commons-collections/3.2.2/commons-collections-3.2.2.jar:/home/user/.m2/repository/org/eclipse/jetty/jetty-servlet/9.3.25.v20180904/jetty-servlet-9.3.25.v20180904.jar:/home/user/.m2/repository/org/eclipse/jetty/jetty-security/9.3.25.v20180904/jetty-security-9.3.25.v20180904.jar:/home/user/.m2/repository/javax/servlet/jsp/jsp-api/2.1/jsp-api-2.1.jar:/home/user/.m2/repository/com/sun/jersey/jersey-servlet/1.19/jersey-servlet-1.19.jar:/home/user/.m2/repository/com/sun/jersey/jersey-json/1.19/jersey-json-1.19.jar:/home/user/.m2/repository/org/codehaus/jettison/jettison/1.1/jettison-1.1.jar:/home/user/.m2/repository/org/codehaus/jackson/jackson-core-asl/1.9.13/jackson-core-asl-1.9.13.jar:/home/user/.m2/repository/org/codehaus/jackson/jackson-mapper-asl/1.9.13/jackson-mapper-asl-1.9.13.jar:/home/user/.m2/repository/org/codehaus/jackson/jackson-jaxrs/1.9.13/jackson-jaxrs-1.9.13.jar:/home/user/.m2/repository/org/codehaus/jackson/jackson-xc/1.9.13/jackson-xc-1.9.13.jar:/home/user/.m2/repository/commons-logging/commons-logging/1.1.3/commons-logging-1.1.3.jar:/home/user/.m2/repository/commons-beanutils/commons-beanutils/1.9.4/commons-beanutils-1.9.4.jar:/home/user/.m2/repository/org/apache/commons/commons-configuration2/2.1.1/commons-configuration2-2.1.1.jar:/home/user/.m2/repository/org/apache/commons/commons-lang3/3.7/commons-lang3-3.7.jar:/home/user/.m2/repository/org/apache/commons/commons-text/1.4/commons-text-1.4.jar:/home/user/.m2/repository/org/apache/avro/avro/1.7.7/avro-1.7.7.jar:/home/user/.m2/repository/com/thoughtworks/paranamer/paranamer/2.3/paranamer-2.3.jar:/home/user/.m2/repository/org/xerial/snappy/snappy-java/1.0.5/snappy-java-1.0.5.jar:/home/user/.m2/repository/com/google/re2j/re2j/1.1/re2j-1.1.jar:/home/user/.m2/repository/com/google/code/gson/gson/2.2.4/gson-2.2.4.jar:/home/user/.m2/repository/com/jcraft/jsch/0.1.54/jsch-0.1.54.jar:/home/user/.m2/repository/org/apache/curator/curator-client/2.12.0/curator-client-2.12.0.jar:/home/user/.m2/repository/org/apache/curator/curator-recipes/2.12.0/curator-recipes-2.12.0.jar:/home/user/.m2/repository/com/google/code/findbugs/jsr305/3.0.0/jsr305-3.0.0.jar:/home/user/.m2/repository/org/apache/htrace/htrace-core4/4.1.0-incubating/htrace-core4-4.1.0-incubating.jar:/home/user/.m2/repository/org/apache/zookeeper/zookeeper/3.4.13/zookeeper-3.4.13.jar:/home/user/.m2/repository/jline/jline/0.9.94/jline-0.9.94.jar:/home/user/.m2/repository/org/apache/yetus/audience-annotations/0.5.0/audience-annotations-0.5.0.jar:/home/user/.m2/repository/org/codehaus/woodstox/stax2-api/3.1.4/stax2-api-3.1.4.jar:/home/user/.m2/repository/com/fasterxml/woodstox/woodstox-core/5.0.3/woodstox-core-5.0.3.jar:/home/user/.m2/repository/dnsjava/dnsjava/2.1.7/dnsjava-2.1.7.jar:/home/user/.m2/repository/org/apache/hadoop/hadoop-hdfs/3.2.0/hadoop-hdfs-3.2.0-tests.jar:/home/user/.m2/repository/org/eclipse/jetty/jetty-util-ajax/9.3.25.v20180904/jetty-util-ajax-9.3.25.v20180904.jar:/home/user/.m2/repository/commons-daemon/commons-daemon/1.0.13/commons-daemon-1.0.13.jar:/home/user/.m2/repository/io/netty/netty/3.10.5.Final/netty-3.10.5.Final.jar:/home/user/.m2/repository/io/netty/netty-all/4.0.52.Final/netty-all-4.0.52.Final.jar:/home/user/.m2/repository/org/fusesource/leveldbjni/leveldbjni-all/1.8/leveldbjni-all-1.8.jar:"/>
    <property name="java.vm.vendor" value="IcedTea"/>
    <property name="sun.arch.data.model" value="64"/>
    <property name="test.build.dir" value="/workdir/hadoop-ozone/integration-test/target/test-dir"/>
    <property name="test.cache.data" value=""/>
    <property name="java.vendor.url" value="https://icedtea.classpath.org"/>
    <property name="user.timezone" value=""/>
    <property name="java.vm.specification.version" value="1.8"/>
    <property name="os.name" value="Linux"/>
    <property name="test.build.data" value="/workdir/hadoop-ozone/integration-test/target/test-dir"/>
    <property name="user.country" value="US"/>
    <property name="sun.java.launcher" value="SUN_STANDARD"/>
    <property name="sun.boot.library.path" value="/usr/lib/jvm/java-1.8-openjdk/jre/lib/amd64"/>
    <property name="sun.java.command" value="/workdir/hadoop-ozone/integration-test/target/surefire/surefirebooter7635851156661928388.jar /workdir/hadoop-ozone/integration-test/target/surefire 2019-09-25T15-47-08_816-jvmRun1 surefire1293845348870509973tmp surefire_542441602371956227504tmp"/>
    <property name="test" value="!TestMiniChaosOzoneCluster"/>
    <property name="surefire.test.class.path" value="/workdir/hadoop-ozone/integration-test/target/test-classes:/workdir/hadoop-ozone/integration-test/target/classes:/home/user/.m2/repository/org/apache/hadoop/hadoop-ozone-common/0.5.0-SNAPSHOT/hadoop-ozone-common-0.5.0-SNAPSHOT.jar:/home/user/.m2/repository/org/apache/commons/commons-compress/1.4.1/commons-compress-1.4.1.jar:/home/user/.m2/repository/org/tukaani/xz/1.0/xz-1.0.jar:/home/user/.m2/repository/org/apache/hadoop/hadoop-common/3.2.0/hadoop-common-3.2.0.jar:/home/user/.m2/repository/org/apache/hadoop/hadoop-hdfs/3.2.0/hadoop-hdfs-3.2.0.jar:/home/user/.m2/repository/org/apache/hadoop/hadoop-hdfs-client/3.2.0/hadoop-hdfs-client-3.2.0.jar:/home/user/.m2/repository/com/fasterxml/jackson/core/jackson-annotations/2.9.9/jackson-annotations-2.9.9.jar:/home/user/.m2/repository/org/apache/hadoop/hadoop-hdds-common/0.5.0-SNAPSHOT/hadoop-hdds-common-0.5.0-SNAPSHOT.jar:/home/user/.m2/repository/javax/annotation/javax.annotation-api/1.2/javax.annotation-api-1.2.jar:/home/user/.m2/repository/org/apache/ratis/ratis-server/0.4.0/ratis-server-0.4.0.jar:/home/user/.m2/repository/org/apache/ratis/ratis-thirdparty-misc/0.2.0/ratis-thirdparty-misc-0.2.0.jar:/home/user/.m2/repository/org/apache/ratis/ratis-proto/0.4.0/ratis-proto-0.4.0.jar:/home/user/.m2/repository/org/apache/ratis/ratis-common/0.4.0/ratis-common-0.4.0.jar:/home/user/.m2/repository/org/apache/ratis/ratis-client/0.4.0/ratis-client-0.4.0.jar:/home/user/.m2/repository/org/apache/ratis/ratis-metrics/0.4.0/ratis-metrics-0.4.0.jar:/home/user/.m2/repository/com/github/joshelser/dropwizard-metrics-hadoop-metrics2-reporter/0.1.2/dropwizard-metrics-hadoop-metrics2-reporter-0.1.2.jar:/home/user/.m2/repository/io/dropwizard/metrics/metrics-jvm/3.2.5/metrics-jvm-3.2.5.jar:/home/user/.m2/repository/io/dropwizard/metrics/metrics-ganglia/3.2.5/metrics-ganglia-3.2.5.jar:/home/user/.m2/repository/info/ganglia/gmetric4j/gmetric4j/1.0.7/gmetric4j-1.0.7.jar:/home/user/.m2/repository/org/apache/ratis/ratis-netty/0.4.0/ratis-netty-0.4.0.jar:/home/user/.m2/repository/org/apache/ratis/ratis-grpc/0.4.0/ratis-grpc-0.4.0.jar:/home/user/.m2/repository/org/rocksdb/rocksdbjni/6.0.1/rocksdbjni-6.0.1.jar:/home/user/.m2/repository/org/apache/logging/log4j/log4j-api/2.11.0/log4j-api-2.11.0.jar:/home/user/.m2/repository/org/apache/logging/log4j/log4j-core/2.11.0/log4j-core-2.11.0.jar:/home/user/.m2/repository/com/lmax/disruptor/3.4.2/disruptor-3.4.2.jar:/home/user/.m2/repository/org/apache/commons/commons-pool2/2.6.0/commons-pool2-2.6.0.jar:/home/user/.m2/repository/org/bouncycastle/bcpkix-jdk15on/1.60/bcpkix-jdk15on-1.60.jar:/home/user/.m2/repository/commons-validator/commons-validator/1.6/commons-validator-1.6.jar:/home/user/.m2/repository/commons-digester/commons-digester/1.8.1/commons-digester-1.8.1.jar:/home/user/.m2/repository/io/jaegertracing/jaeger-client/0.34.0/jaeger-client-0.34.0.jar:/home/user/.m2/repository/io/jaegertracing/jaeger-thrift/0.34.0/jaeger-thrift-0.34.0.jar:/home/user/.m2/repository/org/apache/thrift/libthrift/0.12.0/libthrift-0.12.0.jar:/home/user/.m2/repository/com/squareup/okhttp3/okhttp/3.9.0/okhttp-3.9.0.jar:/home/user/.m2/repository/com/squareup/okio/okio/1.13.0/okio-1.13.0.jar:/home/user/.m2/repository/io/jaegertracing/jaeger-core/0.34.0/jaeger-core-0.34.0.jar:/home/user/.m2/repository/io/jaegertracing/jaeger-tracerresolver/0.34.0/jaeger-tracerresolver-0.34.0.jar:/home/user/.m2/repository/io/opentracing/contrib/opentracing-tracerresolver/0.1.5/opentracing-tracerresolver-0.1.5.jar:/home/user/.m2/repository/io/opentracing/opentracing-util/0.31.0/opentracing-util-0.31.0.jar:/home/user/.m2/repository/io/opentracing/opentracing-api/0.31.0/opentracing-api-0.31.0.jar:/home/user/.m2/repository/io/opentracing/opentracing-noop/0.31.0/opentracing-noop-0.31.0.jar:/home/user/.m2/repository/org/apache/hadoop/hadoop-hdds-server-framework/0.5.0-SNAPSHOT/hadoop-hdds-server-framework-0.5.0-SNAPSHOT.jar:/home/user/.m2/repository/org/apache/hadoop/hadoop-hdds-container-service/0.5.0-SNAPSHOT/hadoop-hdds-container-service-0.5.0-SNAPSHOT.jar:/home/user/.m2/repository/org/apache/hadoop/hadoop-hdds-client/0.5.0-SNAPSHOT/hadoop-hdds-client-0.5.0-SNAPSHOT.jar:/home/user/.m2/repository/org/apache/hadoop/hadoop-hdds-tools/0.5.0-SNAPSHOT/hadoop-hdds-tools-0.5.0-SNAPSHOT.jar:/home/user/.m2/repository/org/apache/hadoop/hadoop-hdds-server-scm/0.5.0-SNAPSHOT/hadoop-hdds-server-scm-0.5.0-SNAPSHOT.jar:/home/user/.m2/repository/org/apache/hadoop/hadoop-hdds-docs/0.5.0-SNAPSHOT/hadoop-hdds-docs-0.5.0-SNAPSHOT.jar:/home/user/.m2/repository/io/dropwizard/metrics/metrics-core/3.2.4/metrics-core-3.2.4.jar:/home/user/.m2/repository/org/hamcrest/hamcrest-all/1.3/hamcrest-all-1.3.jar:/home/user/.m2/repository/org/bouncycastle/bcprov-jdk15on/1.60/bcprov-jdk15on-1.60.jar:/home/user/.m2/repository/info/picocli/picocli/3.9.6/picocli-3.9.6.jar:/home/user/.m2/repository/com/google/protobuf/protobuf-java/2.5.0/protobuf-java-2.5.0.jar:/home/user/.m2/repository/com/google/guava/guava/11.0.2/guava-11.0.2.jar:/home/user/.m2/repository/org/apache/hadoop/hadoop-ozone-ozone-manager/0.5.0-SNAPSHOT/hadoop-ozone-ozone-manager-0.5.0-SNAPSHOT.jar:/home/user/.m2/repository/org/apache/hadoop/hadoop-minikdc/3.2.0/hadoop-minikdc-3.2.0.jar:/home/user/.m2/repository/commons-io/commons-io/2.5/commons-io-2.5.jar:/home/user/.m2/repository/org/apache/kerby/kerb-simplekdc/1.0.1/kerb-simplekdc-1.0.1.jar:/home/user/.m2/repository/org/apache/kerby/kerb-client/1.0.1/kerb-client-1.0.1.jar:/home/user/.m2/repository/org/apache/kerby/kerby-config/1.0.1/kerby-config-1.0.1.jar:/home/user/.m2/repository/org/apache/kerby/kerb-core/1.0.1/kerb-core-1.0.1.jar:/home/user/.m2/repository/org/apache/kerby/kerby-pkix/1.0.1/kerby-pkix-1.0.1.jar:/home/user/.m2/repository/org/apache/kerby/kerby-asn1/1.0.1/kerby-asn1-1.0.1.jar:/home/user/.m2/repository/org/apache/kerby/kerby-util/1.0.1/kerby-util-1.0.1.jar:/home/user/.m2/repository/org/apache/kerby/kerb-common/1.0.1/kerb-common-1.0.1.jar:/home/user/.m2/repository/org/apache/kerby/kerb-crypto/1.0.1/kerb-crypto-1.0.1.jar:/home/user/.m2/repository/org/apache/kerby/kerb-util/1.0.1/kerb-util-1.0.1.jar:/home/user/.m2/repository/org/apache/kerby/token-provider/1.0.1/token-provider-1.0.1.jar:/home/user/.m2/repository/org/apache/kerby/kerb-admin/1.0.1/kerb-admin-1.0.1.jar:/home/user/.m2/repository/org/apache/kerby/kerb-server/1.0.1/kerb-server-1.0.1.jar:/home/user/.m2/repository/org/apache/kerby/kerb-identity/1.0.1/kerb-identity-1.0.1.jar:/home/user/.m2/repository/org/apache/kerby/kerby-xdr/1.0.1/kerby-xdr-1.0.1.jar:/home/user/.m2/repository/org/slf4j/slf4j-log4j12/1.7.25/slf4j-log4j12-1.7.25.jar:/home/user/.m2/repository/org/apache/hadoop/hadoop-ozone-s3gateway/0.5.0-SNAPSHOT/hadoop-ozone-s3gateway-0.5.0-SNAPSHOT.jar:/home/user/.m2/repository/org/jboss/weld/servlet/weld-servlet/2.4.7.Final/weld-servlet-2.4.7.Final.jar:/home/user/.m2/repository/org/glassfish/jersey/containers/jersey-container-servlet-core/2.27/jersey-container-servlet-core-2.27.jar:/home/user/.m2/repository/org/glassfish/hk2/external/javax.inject/2.5.0-b42/javax.inject-2.5.0-b42.jar:/home/user/.m2/repository/org/glassfish/jersey/core/jersey-common/2.27/jersey-common-2.27.jar:/home/user/.m2/repository/org/glassfish/hk2/osgi-resource-locator/1.0.1/osgi-resource-locator-1.0.1.jar:/home/user/.m2/repository/javax/ws/rs/javax.ws.rs-api/2.1/javax.ws.rs-api-2.1.jar:/home/user/.m2/repository/org/glassfish/jersey/ext/cdi/jersey-cdi1x/2.27/jersey-cdi1x-2.27.jar:/home/user/.m2/repository/org/glassfish/jersey/inject/jersey-hk2/2.27/jersey-hk2-2.27.jar:/home/user/.m2/repository/org/glassfish/hk2/hk2-locator/2.5.0-b42/hk2-locator-2.5.0-b42.jar:/home/user/.m2/repository/org/javassist/javassist/3.22.0-CR2/javassist-3.22.0-CR2.jar:/home/user/.m2/repository/org/glassfish/hk2/hk2-api/2.5.0/hk2-api-2.5.0.jar:/home/user/.m2/repository/org/glassfish/hk2/external/jakarta.inject/2.5.0/jakarta.inject-2.5.0.jar:/home/user/.m2/repository/org/glassfish/hk2/hk2-utils/2.5.0/hk2-utils-2.5.0.jar:/home/user/.m2/repository/jakarta/annotation/jakarta.annotation-api/1.3.4/jakarta.annotation-api-1.3.4.jar:/home/user/.m2/repository/org/glassfish/hk2/external/aopalliance-repackaged/2.5.0/aopalliance-repackaged-2.5.0.jar:/home/user/.m2/repository/com/fasterxml/jackson/dataformat/jackson-dataformat-xml/2.9.0/jackson-dataformat-xml-2.9.0.jar:/home/user/.m2/repository/com/fasterxml/jackson/core/jackson-core/2.9.9/jackson-core-2.9.9.jar:/home/user/.m2/repository/com/fasterxml/jackson/module/jackson-module-jaxb-annotations/2.9.9/jackson-module-jaxb-annotations-2.9.9.jar:/home/user/.m2/repository/javax/enterprise/cdi-api/1.2/cdi-api-1.2.jar:/home/user/.m2/repository/javax/el/javax.el-api/3.0.0/javax.el-api-3.0.0.jar:/home/user/.m2/repository/javax/interceptor/javax.interceptor-api/1.2/javax.interceptor-api-1.2.jar:/home/user/.m2/repository/javax/inject/javax.inject/1/javax.inject-1.jar:/home/user/.m2/repository/com/sun/xml/bind/jaxb-impl/2.3.0.1/jaxb-impl-2.3.0.1.jar:/home/user/.m2/repository/com/sun/xml/bind/jaxb-core/2.3.0.1/jaxb-core-2.3.0.1.jar:/home/user/.m2/repository/javax/xml/bind/jaxb-api/2.3.0/jaxb-api-2.3.0.jar:/home/user/.m2/repository/javax/activation/activation/1.1.1/activation-1.1.1.jar:/home/user/.m2/repository/org/apache/hadoop/hadoop-ozone-csi/0.5.0-SNAPSHOT/hadoop-ozone-csi-0.5.0-SNAPSHOT.jar:/home/user/.m2/repository/com/google/protobuf/protobuf-java-util/3.5.1/protobuf-java-util-3.5.1.jar:/home/user/.m2/repository/org/apache/hadoop/hadoop-hdds-config/0.5.0-SNAPSHOT/hadoop-hdds-config-0.5.0-SNAPSHOT.jar:/home/user/.m2/repository/io/grpc/grpc-netty/1.17.1/grpc-netty-1.17.1.jar:/home/user/.m2/repository/io/grpc/grpc-core/1.17.1/grpc-core-1.17.1.jar:/home/user/.m2/repository/io/grpc/grpc-context/1.17.1/grpc-context-1.17.1.jar:/home/user/.m2/repository/com/google/errorprone/error_prone_annotations/2.2.0/error_prone_annotations-2.2.0.jar:/home/user/.m2/repository/org/codehaus/mojo/animal-sniffer-annotations/1.17/animal-sniffer-annotations-1.17.jar:/home/user/.m2/repository/io/opencensus/opencensus-api/0.17.0/opencensus-api-0.17.0.jar:/home/user/.m2/repository/io/opencensus/opencensus-contrib-grpc-metrics/0.17.0/opencensus-contrib-grpc-metrics-0.17.0.jar:/home/user/.m2/repository/io/netty/netty-codec-http2/4.1.30.Final/netty-codec-http2-4.1.30.Final.jar:/home/user/.m2/repository/io/netty/netty-codec-http/4.1.30.Final/netty-codec-http-4.1.30.Final.jar:/home/user/.m2/repository/io/netty/netty-codec/4.1.30.Final/netty-codec-4.1.30.Final.jar:/home/user/.m2/repository/io/netty/netty-handler/4.1.30.Final/netty-handler-4.1.30.Final.jar:/home/user/.m2/repository/io/netty/netty-handler-proxy/4.1.30.Final/netty-handler-proxy-4.1.30.Final.jar:/home/user/.m2/repository/io/netty/netty-codec-socks/4.1.30.Final/netty-codec-socks-4.1.30.Final.jar:/home/user/.m2/repository/io/netty/netty-transport-native-epoll/4.1.30.Final/netty-transport-native-epoll-4.1.30.Final.jar:/home/user/.m2/repository/io/netty/netty-common/4.1.30.Final/netty-common-4.1.30.Final.jar:/home/user/.m2/repository/io/netty/netty-buffer/4.1.30.Final/netty-buffer-4.1.30.Final.jar:/home/user/.m2/repository/io/netty/netty-transport/4.1.30.Final/netty-transport-4.1.30.Final.jar:/home/user/.m2/repository/io/netty/netty-resolver/4.1.30.Final/netty-resolver-4.1.30.Final.jar:/home/user/.m2/repository/io/netty/netty-transport-native-unix-common/4.1.30.Final/netty-transport-native-unix-common-4.1.30.Final.jar:/home/user/.m2/repository/io/grpc/grpc-protobuf/1.17.1/grpc-protobuf-1.17.1.jar:/home/user/.m2/repository/com/google/api/grpc/proto-google-common-protos/1.0.0/proto-google-common-protos-1.0.0.jar:/home/user/.m2/repository/io/grpc/grpc-protobuf-lite/1.17.1/grpc-protobuf-lite-1.17.1.jar:/home/user/.m2/repository/io/grpc/grpc-stub/1.17.1/grpc-stub-1.17.1.jar:/home/user/.m2/repository/org/apache/hadoop/hadoop-ozone-recon/0.5.0-SNAPSHOT/hadoop-ozone-recon-0.5.0-SNAPSHOT.jar:/home/user/.m2/repository/org/apache/hadoop/hadoop-ozone-reconcodegen/0.5.0-SNAPSHOT/hadoop-ozone-reconcodegen-0.5.0-SNAPSHOT.jar:/home/user/.m2/repository/com/google/inject/extensions/guice-multibindings/4.0/guice-multibindings-4.0.jar:/home/user/.m2/repository/com/google/inject/guice/4.0/guice-4.0.jar:/home/user/.m2/repository/aopalliance/aopalliance/1.0/aopalliance-1.0.jar:/home/user/.m2/repository/com/google/inject/extensions/guice-servlet/4.0/guice-servlet-4.0.jar:/home/user/.m2/repository/org/glassfish/jersey/containers/jersey-container-servlet/2.27/jersey-container-servlet-2.27.jar:/home/user/.m2/repository/org/glassfish/hk2/guice-bridge/2.5.0/guice-bridge-2.5.0.jar:/home/user/.m2/repository/org/glassfish/jersey/core/jersey-server/2.27/jersey-server-2.27.jar:/home/user/.m2/repository/org/glassfish/jersey/core/jersey-client/2.27/jersey-client-2.27.jar:/home/user/.m2/repository/org/glassfish/jersey/media/jersey-media-jaxb/2.27/jersey-media-jaxb-2.27.jar:/home/user/.m2/repository/javax/validation/validation-api/1.1.0.Final/validation-api-1.1.0.Final.jar:/home/user/.m2/repository/org/glassfish/jersey/media/jersey-media-json-jackson/2.27/jersey-media-json-jackson-2.27.jar:/home/user/.m2/repository/org/glassfish/jersey/ext/jersey-entity-filtering/2.27/jersey-entity-filtering-2.27.jar:/home/user/.m2/repository/com/google/inject/extensions/guice-assistedinject/4.0/guice-assistedinject-4.0.jar:/home/user/.m2/repository/org/jooq/jooq/3.11.10/jooq-3.11.10.jar:/home/user/.m2/repository/org/jooq/jooq-meta/3.11.10/jooq-meta-3.11.10.jar:/home/user/.m2/repository/org/jooq/jooq-codegen/3.11.10/jooq-codegen-3.11.10.jar:/home/user/.m2/repository/com/jolbox/bonecp/0.8.0.RELEASE/bonecp-0.8.0.RELEASE.jar:/home/user/.m2/repository/org/xerial/sqlite-jdbc/3.25.2/sqlite-jdbc-3.25.2.jar:/home/user/.m2/repository/org/springframework/spring-jdbc/5.1.3.RELEASE/spring-jdbc-5.1.3.RELEASE.jar:/home/user/.m2/repository/org/springframework/spring-beans/5.1.3.RELEASE/spring-beans-5.1.3.RELEASE.jar:/home/user/.m2/repository/org/springframework/spring-core/5.1.3.RELEASE/spring-core-5.1.3.RELEASE.jar:/home/user/.m2/repository/org/springframework/spring-jcl/5.1.3.RELEASE/spring-jcl-5.1.3.RELEASE.jar:/home/user/.m2/repository/org/springframework/spring-tx/5.1.3.RELEASE/spring-tx-5.1.3.RELEASE.jar:/home/user/.m2/repository/org/apache/hadoop/hadoop-ozone-client/0.5.0-SNAPSHOT/hadoop-ozone-client-0.5.0-SNAPSHOT.jar:/home/user/.m2/repository/commons-lang/commons-lang/2.6/commons-lang-2.6.jar:/home/user/.m2/repository/org/apache/hadoop/hadoop-ozone-ozone-manager/0.5.0-SNAPSHOT/hadoop-ozone-ozone-manager-0.5.0-SNAPSHOT-tests.jar:/home/user/.m2/repository/junit/junit/4.11/junit-4.11.jar:/home/user/.m2/repository/org/hamcrest/hamcrest-core/1.3/hamcrest-core-1.3.jar:/home/user/.m2/repository/org/openjdk/jmh/jmh-core/1.19/jmh-core-1.19.jar:/home/user/.m2/repository/net/sf/jopt-simple/jopt-simple/4.6/jopt-simple-4.6.jar:/home/user/.m2/repository/org/apache/commons/commons-math3/3.1.1/commons-math3-3.1.1.jar:/home/user/.m2/repository/org/openjdk/jmh/jmh-generator-annprocess/1.19/jmh-generator-annprocess-1.19.jar:/home/user/.m2/repository/org/mockito/mockito-all/1.8.5/mockito-all-1.8.5.jar:/home/user/.m2/repository/org/apache/hadoop/hadoop-kms/3.2.0/hadoop-kms-3.2.0.jar:/home/user/.m2/repository/org/apache/hadoop/hadoop-auth/3.2.0/hadoop-auth-3.2.0.jar:/home/user/.m2/repository/com/nimbusds/nimbus-jose-jwt/4.41.1/nimbus-jose-jwt-4.41.1.jar:/home/user/.m2/repository/com/github/stephenc/jcip/jcip-annotations/1.0-1/jcip-annotations-1.0-1.jar:/home/user/.m2/repository/net/minidev/json-smart/2.3/json-smart-2.3.jar:/home/user/.m2/repository/net/minidev/accessors-smart/1.2/accessors-smart-1.2.jar:/home/user/.m2/repository/org/ow2/asm/asm/5.0.4/asm-5.0.4.jar:/home/user/.m2/repository/org/apache/curator/curator-framework/2.12.0/curator-framework-2.12.0.jar:/home/user/.m2/repository/com/sun/jersey/jersey-core/1.19/jersey-core-1.19.jar:/home/user/.m2/repository/javax/ws/rs/jsr311-api/1.1.1/jsr311-api-1.1.1.jar:/home/user/.m2/repository/com/sun/jersey/jersey-server/1.19/jersey-server-1.19.jar:/home/user/.m2/repository/javax/servlet/javax.servlet-api/3.1.0/javax.servlet-api-3.1.0.jar:/home/user/.m2/repository/org/eclipse/jetty/jetty-server/9.3.25.v20180904/jetty-server-9.3.25.v20180904.jar:/home/user/.m2/repository/org/eclipse/jetty/jetty-http/9.3.25.v20180904/jetty-http-9.3.25.v20180904.jar:/home/user/.m2/repository/org/eclipse/jetty/jetty-io/9.3.25.v20180904/jetty-io-9.3.25.v20180904.jar:/home/user/.m2/repository/org/eclipse/jetty/jetty-webapp/9.3.25.v20180904/jetty-webapp-9.3.25.v20180904.jar:/home/user/.m2/repository/org/eclipse/jetty/jetty-xml/9.3.25.v20180904/jetty-xml-9.3.25.v20180904.jar:/home/user/.m2/repository/log4j/log4j/1.2.17/log4j-1.2.17.jar:/home/user/.m2/repository/org/slf4j/slf4j-api/1.7.25/slf4j-api-1.7.25.jar:/home/user/.m2/repository/org/slf4j/jul-to-slf4j/1.7.25/jul-to-slf4j-1.7.25.jar:/home/user/.m2/repository/org/eclipse/jetty/jetty-util/9.3.25.v20180904/jetty-util-9.3.25.v20180904.jar:/home/user/.m2/repository/com/fasterxml/jackson/core/jackson-databind/2.9.9/jackson-databind-2.9.9.jar:/home/user/.m2/repository/org/apache/hadoop/hadoop-kms/3.2.0/hadoop-kms-3.2.0-tests.jar:/home/user/.m2/repository/org/apache/hadoop/hadoop-hdds-server-scm/0.5.0-SNAPSHOT/hadoop-hdds-server-scm-0.5.0-SNAPSHOT-tests.jar:/home/user/.m2/repository/org/apache/hadoop/hadoop-hdds-container-service/0.5.0-SNAPSHOT/hadoop-hdds-container-service-0.5.0-SNAPSHOT-tests.jar:/home/user/.m2/repository/org/yaml/snakeyaml/1.16/snakeyaml-1.16.jar:/home/user/.m2/repository/org/apache/hadoop/hadoop-common/3.2.0/hadoop-common-3.2.0-tests.jar:/home/user/.m2/repository/org/apache/hadoop/hadoop-annotations/3.2.0/hadoop-annotations-3.2.0.jar:/usr/lib/jvm/java-1.8-openjdk/jre/../lib/tools.jar:/home/user/.m2/repository/commons-cli/commons-cli/1.2/commons-cli-1.2.jar:/home/user/.m2/repository/org/apache/httpcomponents/httpclient/4.5.2/httpclient-4.5.2.jar:/home/user/.m2/repository/org/apache/httpcomponents/httpcore/4.4.4/httpcore-4.4.4.jar:/home/user/.m2/repository/commons-codec/commons-codec/1.11/commons-codec-1.11.jar:/home/user/.m2/repository/commons-net/commons-net/3.6/commons-net-3.6.jar:/home/user/.m2/repository/commons-collections/commons-collections/3.2.2/commons-collections-3.2.2.jar:/home/user/.m2/repository/org/eclipse/jetty/jetty-servlet/9.3.25.v20180904/jetty-servlet-9.3.25.v20180904.jar:/home/user/.m2/repository/org/eclipse/jetty/jetty-security/9.3.25.v20180904/jetty-security-9.3.25.v20180904.jar:/home/user/.m2/repository/javax/servlet/jsp/jsp-api/2.1/jsp-api-2.1.jar:/home/user/.m2/repository/com/sun/jersey/jersey-servlet/1.19/jersey-servlet-1.19.jar:/home/user/.m2/repository/com/sun/jersey/jersey-json/1.19/jersey-json-1.19.jar:/home/user/.m2/repository/org/codehaus/jettison/jettison/1.1/jettison-1.1.jar:/home/user/.m2/repository/org/codehaus/jackson/jackson-core-asl/1.9.13/jackson-core-asl-1.9.13.jar:/home/user/.m2/repository/org/codehaus/jackson/jackson-mapper-asl/1.9.13/jackson-mapper-asl-1.9.13.jar:/home/user/.m2/repository/org/codehaus/jackson/jackson-jaxrs/1.9.13/jackson-jaxrs-1.9.13.jar:/home/user/.m2/repository/org/codehaus/jackson/jackson-xc/1.9.13/jackson-xc-1.9.13.jar:/home/user/.m2/repository/commons-logging/commons-logging/1.1.3/commons-logging-1.1.3.jar:/home/user/.m2/repository/commons-beanutils/commons-beanutils/1.9.4/commons-beanutils-1.9.4.jar:/home/user/.m2/repository/org/apache/commons/commons-configuration2/2.1.1/commons-configuration2-2.1.1.jar:/home/user/.m2/repository/org/apache/commons/commons-lang3/3.7/commons-lang3-3.7.jar:/home/user/.m2/repository/org/apache/commons/commons-text/1.4/commons-text-1.4.jar:/home/user/.m2/repository/org/apache/avro/avro/1.7.7/avro-1.7.7.jar:/home/user/.m2/repository/com/thoughtworks/paranamer/paranamer/2.3/paranamer-2.3.jar:/home/user/.m2/repository/org/xerial/snappy/snappy-java/1.0.5/snappy-java-1.0.5.jar:/home/user/.m2/repository/com/google/re2j/re2j/1.1/re2j-1.1.jar:/home/user/.m2/repository/com/google/code/gson/gson/2.2.4/gson-2.2.4.jar:/home/user/.m2/repository/com/jcraft/jsch/0.1.54/jsch-0.1.54.jar:/home/user/.m2/repository/org/apache/curator/curator-client/2.12.0/curator-client-2.12.0.jar:/home/user/.m2/repository/org/apache/curator/curator-recipes/2.12.0/curator-recipes-2.12.0.jar:/home/user/.m2/repository/com/google/code/findbugs/jsr305/3.0.0/jsr305-3.0.0.jar:/home/user/.m2/repository/org/apache/htrace/htrace-core4/4.1.0-incubating/htrace-core4-4.1.0-incubating.jar:/home/user/.m2/repository/org/apache/zookeeper/zookeeper/3.4.13/zookeeper-3.4.13.jar:/home/user/.m2/repository/jline/jline/0.9.94/jline-0.9.94.jar:/home/user/.m2/repository/org/apache/yetus/audience-annotations/0.5.0/audience-annotations-0.5.0.jar:/home/user/.m2/repository/org/codehaus/woodstox/stax2-api/3.1.4/stax2-api-3.1.4.jar:/home/user/.m2/repository/com/fasterxml/woodstox/woodstox-core/5.0.3/woodstox-core-5.0.3.jar:/home/user/.m2/repository/dnsjava/dnsjava/2.1.7/dnsjava-2.1.7.jar:/home/user/.m2/repository/org/apache/hadoop/hadoop-hdfs/3.2.0/hadoop-hdfs-3.2.0-tests.jar:/home/user/.m2/repository/org/eclipse/jetty/jetty-util-ajax/9.3.25.v20180904/jetty-util-ajax-9.3.25.v20180904.jar:/home/user/.m2/repository/commons-daemon/commons-daemon/1.0.13/commons-daemon-1.0.13.jar:/home/user/.m2/repository/io/netty/netty/3.10.5.Final/netty-3.10.5.Final.jar:/home/user/.m2/repository/io/netty/netty-all/4.0.52.Final/netty-all-4.0.52.Final.jar:/home/user/.m2/repository/org/fusesource/leveldbjni/leveldbjni-all/1.8/leveldbjni-all-1.8.jar:"/>
    <property name="sun.cpu.endian" value="little"/>
    <property name="user.home" value="/home/user"/>
    <property name="user.language" value="en"/>
    <property name="java.specification.vendor" value="Oracle Corporation"/>
    <property name="java.home" value="/usr/lib/jvm/java-1.8-openjdk/jre"/>
    <property name="java.security.krb5.conf" value="/workdir/hadoop-ozone/integration-test/target/test-classes/krb5.conf"/>
    <property name="basedir" value="/workdir/hadoop-ozone/integration-test"/>
    <property name="file.separator" value="/"/>
    <property name="line.separator" value="&#10;"/>
    <property name="java.vm.specification.vendor" value="Oracle Corporation"/>
    <property name="java.specification.name" value="Java Platform API Specification"/>
    <property name="java.awt.graphicsenv" value="sun.awt.X11GraphicsEnvironment"/>
    <property name="surefire.real.class.path" value="/workdir/hadoop-ozone/integration-test/target/surefire/surefirebooter7635851156661928388.jar"/>
    <property name="hadoop.log.dir" value="/workdir/hadoop-ozone/integration-test/target/log"/>
    <property name="sun.boot.class.path" value="/usr/lib/jvm/java-1.8-openjdk/jre/lib/resources.jar:/usr/lib/jvm/java-1.8-openjdk/jre/lib/rt.jar:/usr/lib/jvm/java-1.8-openjdk/jre/lib/sunrsasign.jar:/usr/lib/jvm/java-1.8-openjdk/jre/lib/jsse.jar:/usr/lib/jvm/java-1.8-openjdk/jre/lib/jce.jar:/usr/lib/jvm/java-1.8-openjdk/jre/lib/charsets.jar:/usr/lib/jvm/java-1.8-openjdk/jre/lib/jfr.jar:/usr/lib/jvm/java-1.8-openjdk/jre/classes"/>
    <property name="sun.management.compiler" value="HotSpot 64-Bit Tiered Compilers"/>
    <property name="java.runtime.version" value="1.8.0_212-b04"/>
    <property name="java.net.preferIPv4Stack" value="true"/>
    <property name="user.name" value="jenkins1000"/>
    <property name="path.separator" value=":"/>
    <property name="java.security.egd" value="file:///dev/urandom"/>
    <property name="os.version" value="3.10.0-957.12.2.el7.x86_64"/>
    <property name="java.endorsed.dirs" value="/usr/lib/jvm/java-1.8-openjdk/jre/lib/endorsed"/>
    <property name="java.runtime.name" value="OpenJDK Runtime Environment"/>
    <property name="file.encoding" value="UTF-8"/>
    <property name="java.vm.name" value="OpenJDK 64-Bit Server VM"/>
    <property name="test.build.webapps" value=""/>
    <property name="localRepository" value="/home/user/.m2/repository"/>
    <property name="java.vendor.url.bug" value="https://icedtea.classpath.org/bugzilla"/>
    <property name="java.io.tmpdir" value="/tmp"/>
    <property name="require.test.libhadoop" value=""/>
    <property name="java.version" value="1.8.0_212"/>
    <property name="user.dir" value="/workdir/hadoop-ozone/integration-test"/>
    <property name="os.arch" value="amd64"/>
    <property name="java.vm.specification.name" value="Java Virtual Machine Specification"/>
    <property name="test.build.classes" value="/workdir/hadoop-ozone/integration-test/target/test-classes"/>
    <property name="java.awt.printerjob" value="sun.print.PSPrinterJob"/>
    <property name="sun.os.patch.level" value="unknown"/>
    <property name="hadoop.tmp.dir" value="/workdir/hadoop-ozone/integration-test/target/tmp"/>
    <property name="java.library.path" value="/usr/lib/jvm/java-1.8-openjdk/jre/lib/amd64/server:/usr/lib/jvm/java-1.8-openjdk/jre/lib/amd64:/usr/lib/jvm/java-1.8-openjdk/jre/../lib/amd64:/workdir/hadoop-ozone/integration-test/target/native/target/usr/local/lib:/workdir/hadoop-ozone/integration-test/../../hadoop-common-project/hadoop-common/target/native/target/usr/local/lib:/usr/java/packages/lib/amd64:/usr/lib64:/lib64:/lib:/usr/lib"/>
    <property name="java.vm.info" value="mixed mode"/>
    <property name="java.vendor" value="IcedTea"/>
    <property name="java.vm.version" value="25.212-b04"/>
    <property name="java.ext.dirs" value="/usr/lib/jvm/java-1.8-openjdk/jre/lib/ext:/usr/java/packages/lib/ext"/>
    <property name="sun.io.unicode.encoding" value="UnicodeLittle"/>
    <property name="java.class.version" value="52.0"/>
  </properties>
  <testcase name="testWatchForCommitWithKeyWrite" classname="org.apache.hadoop.ozone.client.rpc.TestWatchForCommit" time="146.272"/>
  <testcase name="testWatchForCommitWithSmallerTimeoutValue" classname="org.apache.hadoop.ozone.client.rpc.TestWatchForCommit" time="50.696"/>
  <testcase name="testWatchForCommitForRetryfailure" classname="org.apache.hadoop.ozone.client.rpc.TestWatchForCommit" time="104.151"/>
  <testcase name="testWatchForCommitForGroupMismatchException" classname="org.apache.hadoop.ozone.client.rpc.TestWatchForCommit" time="100.982"/>
  <testcase name="test2WayCommitForTimeoutException" classname="org.apache.hadoop.ozone.client.rpc.TestWatchForCommit" time="77.776">
    <error message="org.apache.ratis.protocol.RaftRetryFailureException: Failed RaftClientRequest:client-1FE7EA6B5492-&gt;3ec7e880-e928-4941-b8f6-c8b4ac4bfea9@group-C4B24B798944, cid=102, seq=1*, RW, org.apache.hadoop.hdds.scm.XceiverClientRatis$$Lambda$413/1172943149@1b95968d for 20 attempts with RetryLimited(maxAttempts=20, sleepTime=1000ms)" type="java.util.concurrent.ExecutionException">java.util.concurrent.ExecutionException: org.apache.ratis.protocol.RaftRetryFailureException: Failed RaftClientRequest:client-1FE7EA6B5492->3ec7e880-e928-4941-b8f6-c8b4ac4bfea9@group-C4B24B798944, cid=102, seq=1*, RW, org.apache.hadoop.hdds.scm.XceiverClientRatis$$Lambda$413/1172943149@1b95968d for 20 attempts with RetryLimited(maxAttempts=20, sleepTime=1000ms)
	at java.util.concurrent.CompletableFuture.reportGet(CompletableFuture.java:357)
	at java.util.concurrent.CompletableFuture.get(CompletableFuture.java:1895)
	at org.apache.hadoop.ozone.client.rpc.TestWatchForCommit.test2WayCommitForTimeoutException(TestWatchForCommit.java:384)
	at sun.reflect.NativeMethodAccessorImpl.invoke0(Native Method)
	at sun.reflect.NativeMethodAccessorImpl.invoke(NativeMethodAccessorImpl.java:62)
	at sun.reflect.DelegatingMethodAccessorImpl.invoke(DelegatingMethodAccessorImpl.java:43)
	at java.lang.reflect.Method.invoke(Method.java:498)
	at org.junit.runners.model.FrameworkMethod$1.runReflectiveCall(FrameworkMethod.java:47)
	at org.junit.internal.runners.model.ReflectiveCallable.run(ReflectiveCallable.java:12)
	at org.junit.runners.model.FrameworkMethod.invokeExplosively(FrameworkMethod.java:44)
	at org.junit.internal.runners.statements.InvokeMethod.evaluate(InvokeMethod.java:17)
	at org.junit.runners.ParentRunner.runLeaf(ParentRunner.java:271)
	at org.junit.runners.BlockJUnit4ClassRunner.runChild(BlockJUnit4ClassRunner.java:70)
	at org.junit.runners.BlockJUnit4ClassRunner.runChild(BlockJUnit4ClassRunner.java:50)
	at org.junit.runners.ParentRunner$3.run(ParentRunner.java:238)
	at org.junit.runners.ParentRunner$1.schedule(ParentRunner.java:63)
	at org.junit.runners.ParentRunner.runChildren(ParentRunner.java:236)
	at org.junit.runners.ParentRunner.access$000(ParentRunner.java:53)
	at org.junit.runners.ParentRunner$2.evaluate(ParentRunner.java:229)
	at org.junit.runners.ParentRunner.run(ParentRunner.java:309)
	at org.apache.maven.surefire.junit4.JUnit4Provider.execute(JUnit4Provider.java:365)
	at org.apache.maven.surefire.junit4.JUnit4Provider.executeWithRerun(JUnit4Provider.java:273)
	at org.apache.maven.surefire.junit4.JUnit4Provider.executeTestSet(JUnit4Provider.java:238)
	at org.apache.maven.surefire.junit4.JUnit4Provider.invoke(JUnit4Provider.java:159)
	at org.apache.maven.surefire.booter.ForkedBooter.invokeProviderInSameClassLoader(ForkedBooter.java:384)
	at org.apache.maven.surefire.booter.ForkedBooter.runSuitesInProcess(ForkedBooter.java:345)
	at org.apache.maven.surefire.booter.ForkedBooter.execute(ForkedBooter.java:126)
	at org.apache.maven.surefire.booter.ForkedBooter.main(ForkedBooter.java:418)
Caused by: org.apache.ratis.protocol.RaftRetryFailureException: Failed RaftClientRequest:client-1FE7EA6B5492->3ec7e880-e928-4941-b8f6-c8b4ac4bfea9@group-C4B24B798944, cid=102, seq=1*, RW, org.apache.hadoop.hdds.scm.XceiverClientRatis$$Lambda$413/1172943149@1b95968d for 20 attempts with RetryLimited(maxAttempts=20, sleepTime=1000ms)
	at org.apache.ratis.client.impl.RaftClientImpl.noMoreRetries(RaftClientImpl.java:271)
	at org.apache.ratis.client.impl.OrderedAsync.handleAsyncRetryFailure(OrderedAsync.java:138)
	at org.apache.ratis.client.impl.OrderedAsync.lambda$sendRequest$10(OrderedAsync.java:230)
	at java.util.concurrent.CompletableFuture.uniExceptionally(CompletableFuture.java:870)
	at java.util.concurrent.CompletableFuture$UniExceptionally.tryFire(CompletableFuture.java:852)
	at java.util.concurrent.CompletableFuture.postComplete(CompletableFuture.java:474)
	at java.util.concurrent.CompletableFuture.completeExceptionally(CompletableFuture.java:1977)
	at org.apache.ratis.grpc.client.GrpcClientProtocolClient$AsyncStreamObservers.completeReplyExceptionally(GrpcClientProtocolClient.java:339)
	at org.apache.ratis.grpc.client.GrpcClientProtocolClient$AsyncStreamObservers.access$000(GrpcClientProtocolClient.java:255)
	at org.apache.ratis.grpc.client.GrpcClientProtocolClient$AsyncStreamObservers$1.onNext(GrpcClientProtocolClient.java:267)
	at org.apache.ratis.grpc.client.GrpcClientProtocolClient$AsyncStreamObservers$1.onNext(GrpcClientProtocolClient.java:258)
	at org.apache.ratis.thirdparty.io.grpc.stub.ClientCalls$StreamObserverToCallListenerAdapter.onMessage(ClientCalls.java:421)
	at org.apache.ratis.thirdparty.io.grpc.ForwardingClientCallListener.onMessage(ForwardingClientCallListener.java:33)
	at org.apache.ratis.thirdparty.io.grpc.ForwardingClientCallListener.onMessage(ForwardingClientCallListener.java:33)
	at org.apache.ratis.thirdparty.io.grpc.internal.ClientCallImpl$ClientStreamListenerImpl$1MessagesAvailable.runInContext(ClientCallImpl.java:519)
	at org.apache.ratis.thirdparty.io.grpc.internal.ContextRunnable.run(ContextRunnable.java:37)
	at org.apache.ratis.thirdparty.io.grpc.internal.SerializingExecutor.run(SerializingExecutor.java:123)
	at java.util.concurrent.ThreadPoolExecutor.runWorker(ThreadPoolExecutor.java:1149)
	at java.util.concurrent.ThreadPoolExecutor$Worker.run(ThreadPoolExecutor.java:624)
	at java.lang.Thread.run(Thread.java:748)
Caused by: org.apache.ratis.protocol.NotLeaderException: Server 3ec7e880-e928-4941-b8f6-c8b4ac4bfea9@group-C4B24B798944 is not the leader aef8c539-e26d-4b05-bf2d-d22dfb6dca90:192.168.164.232:39766
	at org.apache.ratis.client.impl.ClientProtoUtils.toRaftClientReply(ClientProtoUtils.java:243)
	at org.apache.ratis.grpc.client.GrpcClientProtocolClient$AsyncStreamObservers$1.onNext(GrpcClientProtocolClient.java:263)
	... 10 more
</error>
    <system-out><![CDATA[2019-09-25 17:38:19,045 [main] WARN  server.ServerUtils (ServerUtils.java:getScmDbDir(145)) - ozone.scm.db.dirs is not configured. We recommend adding this setting. Falling back to ozone.metadata.dirs instead.
2019-09-25 17:38:23,208 [34a543ec-87b7-480e-bd2c-685c4e11d1c9@group-58E6707F13B9:LeaderElection80] WARN  util.FileUtils (LogUtils.java:runAndLog(55)) - Failed to Files.move /workdir/hadoop-ozone/integration-test/target/test-dir/MiniOzoneClusterImpl-4dffb596-37b4-44c9-a12d-f87a159f0bc8/datanode-5/data/ratis/5c6dce3c-371c-4349-8071-58e6707f13b9/current/raft-meta.tmp to /workdir/hadoop-ozone/integration-test/target/test-dir/MiniOzoneClusterImpl-4dffb596-37b4-44c9-a12d-f87a159f0bc8/datanode-5/data/ratis/5c6dce3c-371c-4349-8071-58e6707f13b9/current/raft-meta: java.nio.file.NoSuchFileException: /workdir/hadoop-ozone/integration-test/target/test-dir/MiniOzoneClusterImpl-4dffb596-37b4-44c9-a12d-f87a159f0bc8/datanode-5/data/ratis/5c6dce3c-371c-4349-8071-58e6707f13b9/current/raft-meta.tmp
2019-09-25 17:38:23,210 [main] WARN  server.ServerUtils (ServerUtils.java:getScmDbDir(145)) - ozone.scm.db.dirs is not configured. We recommend adding this setting. Falling back to ozone.metadata.dirs instead.
2019-09-25 17:38:23,211 [34a543ec-87b7-480e-bd2c-685c4e11d1c9@group-58E6707F13B9:LeaderElection80] WARN  util.AtomicFileOutputStream (AtomicFileOutputStream.java:abort(100)) - Unable to delete tmp file during abort /workdir/hadoop-ozone/integration-test/target/test-dir/MiniOzoneClusterImpl-4dffb596-37b4-44c9-a12d-f87a159f0bc8/datanode-5/data/ratis/5c6dce3c-371c-4349-8071-58e6707f13b9/current/raft-meta.tmp
2019-09-25 17:38:23,214 [34a543ec-87b7-480e-bd2c-685c4e11d1c9@group-58E6707F13B9:LeaderElection80] INFO  impl.LeaderElection (LogUtils.java:infoOrTrace(149)) - Failed 34a543ec-87b7-480e-bd2c-685c4e11d1c9@group-58E6707F13B9:LeaderElection80, state=CLOSING: {}
java.nio.file.NoSuchFileException: /workdir/hadoop-ozone/integration-test/target/test-dir/MiniOzoneClusterImpl-4dffb596-37b4-44c9-a12d-f87a159f0bc8/datanode-5/data/ratis/5c6dce3c-371c-4349-8071-58e6707f13b9/current/raft-meta.tmp
	at sun.nio.fs.UnixException.translateToIOException(UnixException.java:86)
	at sun.nio.fs.UnixException.rethrowAsIOException(UnixException.java:102)
	at sun.nio.fs.UnixException.rethrowAsIOException(UnixException.java:107)
	at sun.nio.fs.UnixCopyFile.move(UnixCopyFile.java:409)
	at sun.nio.fs.UnixFileSystemProvider.move(UnixFileSystemProvider.java:262)
	at java.nio.file.Files.move(Files.java:1395)
	at org.apache.ratis.util.FileUtils.lambda$move$6(FileUtils.java:65)
	at org.apache.ratis.util.LogUtils.runAndLog(LogUtils.java:50)
	at org.apache.ratis.util.FileUtils.move(FileUtils.java:64)
	at org.apache.ratis.util.FileUtils.move(FileUtils.java:60)
	at org.apache.ratis.util.AtomicFileOutputStream.close(AtomicFileOutputStream.java:73)
	at org.apache.ratis.server.storage.MetaFile.writeFile(MetaFile.java:96)
	at org.apache.ratis.server.storage.MetaFile.set(MetaFile.java:75)
	at org.apache.ratis.server.raftlog.segmented.SegmentedRaftLog.writeMetadata(SegmentedRaftLog.java:449)
	at org.apache.ratis.server.impl.ServerState.persistMetadata(ServerState.java:230)
	at org.apache.ratis.server.impl.LeaderElection.askForVotes(LeaderElection.java:180)
	at org.apache.ratis.server.impl.LeaderElection.run(LeaderElection.java:133)
	at java.lang.Thread.run(Thread.java:748)
2019-09-25 17:38:23,215 [main] WARN  server.ServerUtils (ServerUtils.java:getScmDbDir(145)) - ozone.scm.db.dirs is not configured. We recommend adding this setting. Falling back to ozone.metadata.dirs instead.
2019-09-25 17:38:23,215 [34a543ec-87b7-480e-bd2c-685c4e11d1c9@group-58E6707F13B9:LeaderElection80] INFO  impl.LeaderElection (LeaderElection.java:run(140)) - 34a543ec-87b7-480e-bd2c-685c4e11d1c9@group-58E6707F13B9:LeaderElection80: NoSuchFileException is safely ignored since this is already CLOSING
2019-09-25 17:38:23,216 [main] INFO  db.DBStoreBuilder (DBStoreBuilder.java:addTable(110)) - using custom profile for table: deletedBlocks
2019-09-25 17:38:23,217 [main] INFO  db.DBStoreBuilder (DBStoreBuilder.java:processTables(161)) - Using default column profile:DBProfile.DISK for Table:deletedBlocks
2019-09-25 17:38:23,217 [main] INFO  db.DBStoreBuilder (DBStoreBuilder.java:addTable(110)) - using custom profile for table: validCerts
2019-09-25 17:38:23,217 [main] INFO  db.DBStoreBuilder (DBStoreBuilder.java:processTables(161)) - Using default column profile:DBProfile.DISK for Table:validCerts
2019-09-25 17:38:23,218 [main] INFO  db.DBStoreBuilder (DBStoreBuilder.java:addTable(110)) - using custom profile for table: revokedCerts
2019-09-25 17:38:23,218 [main] INFO  db.DBStoreBuilder (DBStoreBuilder.java:processTables(161)) - Using default column profile:DBProfile.DISK for Table:revokedCerts
2019-09-25 17:38:23,218 [main] INFO  db.DBStoreBuilder (DBStoreBuilder.java:addTable(110)) - using custom profile for table: default
2019-09-25 17:38:23,218 [main] INFO  db.DBStoreBuilder (DBStoreBuilder.java:processTables(167)) - Using default column profile:DBProfile.DISK for Table:default
2019-09-25 17:38:23,219 [main] INFO  db.DBStoreBuilder (DBStoreBuilder.java:getDbProfile(198)) - Using default options. DBProfile.DISK
2019-09-25 17:38:23,818 [main] INFO  net.NodeSchemaLoader (NodeSchemaLoader.java:loadSchemaFromFile(125)) - Loading file from sun.misc.CompoundEnumeration@3a3b10f4
2019-09-25 17:38:23,819 [main] INFO  net.NodeSchemaLoader (NodeSchemaLoader.java:loadSchema(171)) - Loading network topology layer schema file
2019-09-25 17:38:23,828 [main] WARN  server.ServerUtils (ServerUtils.java:sanitizeUserArgs(70)) - ozone.scm.stale.node.interval value = 300000 is larger than max = 100000 based on the key value of ozone.scm.heartbeat.thread.interval, reset to the max value 100000.
2019-09-25 17:38:23,828 [main] WARN  server.ServerUtils (ServerUtils.java:sanitizeUserArgs(70)) - ozone.scm.stale.node.interval value = 300000 is larger than max = 100000 based on the key value of ozone.scm.heartbeat.thread.interval, reset to the max value 100000.
2019-09-25 17:38:23,829 [main] INFO  node.SCMNodeManager (SCMNodeManager.java:<init>(114)) - Entering startup safe mode.
2019-09-25 17:38:23,830 [main] INFO  algorithms.ContainerPlacementPolicyFactory (ContainerPlacementPolicyFactory.java:getPolicy(57)) - Create container placement policy of type org.apache.hadoop.hdds.scm.container.placement.algorithms.SCMContainerPlacementRandom
2019-09-25 17:38:23,831 [main] WARN  server.ServerUtils (ServerUtils.java:getScmDbDir(145)) - ozone.scm.db.dirs is not configured. We recommend adding this setting. Falling back to ozone.metadata.dirs instead.
2019-09-25 17:38:40,884 [main] INFO  pipeline.SCMPipelineManager (SCMPipelineManager.java:initializePipelineState(132)) - No pipeline exists in current db
2019-09-25 17:38:40,886 [main] WARN  server.ServerUtils (ServerUtils.java:getScmDbDir(145)) - ozone.scm.db.dirs is not configured. We recommend adding this setting. Falling back to ozone.metadata.dirs instead.
2019-09-25 17:38:51,251 [main] WARN  events.EventQueue (EventQueue.java:fireEvent(183)) - No event handler registered for event TypedEvent{payloadType=SafeModeStatus, name='SafeModeStatus'}
2019-09-25 17:38:51,253 [main] INFO  ipc.CallQueueManager (CallQueueManager.java:<init>(84)) - Using callQueue: class java.util.concurrent.LinkedBlockingQueue, queueCapacity: 2000, scheduler: class org.apache.hadoop.ipc.DefaultRpcScheduler, ipcBackoff: false.
2019-09-25 17:38:51,254 [Socket Reader #1 for port 42073] INFO  ipc.Server (Server.java:run(1074)) - Starting Socket Reader #1 for port 42073
2019-09-25 17:38:51,258 [main] INFO  ipc.CallQueueManager (CallQueueManager.java:<init>(84)) - Using callQueue: class java.util.concurrent.LinkedBlockingQueue, queueCapacity: 2000, scheduler: class org.apache.hadoop.ipc.DefaultRpcScheduler, ipcBackoff: false.
2019-09-25 17:38:51,259 [Socket Reader #1 for port 42176] INFO  ipc.Server (Server.java:run(1074)) - Starting Socket Reader #1 for port 42176
2019-09-25 17:38:51,261 [main] INFO  ipc.CallQueueManager (CallQueueManager.java:<init>(84)) - Using callQueue: class java.util.concurrent.LinkedBlockingQueue, queueCapacity: 2000, scheduler: class org.apache.hadoop.ipc.DefaultRpcScheduler, ipcBackoff: false.
2019-09-25 17:38:51,262 [Socket Reader #1 for port 37036] INFO  ipc.Server (Server.java:run(1074)) - Starting Socket Reader #1 for port 37036
2019-09-25 17:38:51,264 [main] INFO  hdfs.DFSUtil (DFSUtil.java:httpServerTemplateForNNAndJN(1641)) - Starting Web-server for scm at: http://0.0.0.0:0
2019-09-25 17:38:51,268 [main] INFO  server.AuthenticationFilter (AuthenticationFilter.java:constructSecretProvider(240)) - Unable to initialize FileSignerSecretProvider, falling back to use random secrets.
2019-09-25 17:38:51,269 [main] WARN  http.HttpRequestLog (HttpRequestLog.java:getRequestLog(97)) - Jetty request log can only be enabled using Log4j
2019-09-25 17:38:51,271 [main] INFO  http.HttpServer2 (HttpServer2.java:addGlobalFilter(975)) - Added global filter 'safety' (class=org.apache.hadoop.http.HttpServer2$QuotingInputFilter)
2019-09-25 17:38:51,272 [main] INFO  http.HttpServer2 (HttpServer2.java:addFilter(948)) - Added filter static_user_filter (class=org.apache.hadoop.http.lib.StaticUserWebFilter$StaticUserFilter) to context scm
2019-09-25 17:38:51,272 [main] INFO  http.HttpServer2 (HttpServer2.java:addFilter(958)) - Added filter static_user_filter (class=org.apache.hadoop.http.lib.StaticUserWebFilter$StaticUserFilter) to context static
2019-09-25 17:38:51,272 [main] INFO  http.HttpServer2 (HttpServer2.java:addFilter(958)) - Added filter static_user_filter (class=org.apache.hadoop.http.lib.StaticUserWebFilter$StaticUserFilter) to context logs
2019-09-25 17:38:51,275 [main] INFO  server.StorageContainerManager (StorageContainerManager.java:start(770)) - StorageContainerLocationProtocol RPC server is listening at /0.0.0.0:37036
2019-09-25 17:38:51,279 [main] WARN  impl.MetricsConfig (MetricsConfig.java:loadFirst(134)) - Cannot locate configuration: tried hadoop-metrics2-storagecontainermanager.properties,hadoop-metrics2.properties
2019-09-25 17:38:51,280 [main] INFO  impl.MetricsSystemImpl (MetricsSystemImpl.java:startTimer(374)) - Scheduled Metric snapshot period at 10 second(s).
2019-09-25 17:38:51,281 [main] INFO  impl.MetricsSystemImpl (MetricsSystemImpl.java:start(191)) - StorageContainerManager metrics system started
2019-09-25 17:38:51,311 [main] WARN  impl.MetricsSystemImpl (MetricsSystemImpl.java:register(276)) - Sink prometheus already exists!
2019-09-25 17:38:51,387 [main] INFO  server.SCMClientProtocolServer (SCMClientProtocolServer.java:start(151)) - RPC server for Client  is listening at /0.0.0.0:37036
2019-09-25 17:38:51,388 [IPC Server Responder] INFO  ipc.Server (Server.java:run(1314)) - IPC Server Responder: starting
2019-09-25 17:38:51,388 [IPC Server listener on 37036] INFO  ipc.Server (Server.java:run(1153)) - IPC Server listener on 37036: starting
2019-09-25 17:38:51,393 [main] INFO  server.StorageContainerManager (StorageContainerManager.java:start(780)) - ScmBlockLocationProtocol RPC server is listening at /0.0.0.0:42176
2019-09-25 17:38:51,393 [main] INFO  server.SCMBlockProtocolServer (SCMBlockProtocolServer.java:start(146)) - RPC server for Block Protocol is listening at /0.0.0.0:42176
2019-09-25 17:38:51,394 [IPC Server Responder] INFO  ipc.Server (Server.java:run(1314)) - IPC Server Responder: starting
2019-09-25 17:38:51,394 [IPC Server listener on 42176] INFO  ipc.Server (Server.java:run(1153)) - IPC Server listener on 42176: starting
2019-09-25 17:38:51,398 [main] INFO  server.StorageContainerManager (StorageContainerManager.java:start(784)) - ScmDatanodeProtocl RPC server is listening at /0.0.0.0:42073
2019-09-25 17:38:51,398 [main] INFO  server.SCMDatanodeProtocolServer (SCMDatanodeProtocolServer.java:start(191)) - RPC server for DataNodes is listening at /0.0.0.0:42073
2019-09-25 17:38:51,399 [IPC Server Responder] INFO  ipc.Server (Server.java:run(1314)) - IPC Server Responder: starting
2019-09-25 17:38:51,399 [IPC Server listener on 42073] INFO  ipc.Server (Server.java:run(1153)) - IPC Server listener on 42073: starting
2019-09-25 17:38:51,404 [main] INFO  http.HttpServer2 (HttpServer2.java:bindListener(1191)) - Jetty bound to port 39589
2019-09-25 17:38:51,404 [main] INFO  server.Server (Server.java:doStart(351)) - jetty-9.3.25.v20180904, build timestamp: 2018-09-04T21:11:46Z, git hash: 3ce520221d0240229c862b122d2b06c12a625732
2019-09-25 17:38:51,406 [main] INFO  handler.ContextHandler (ContextHandler.java:doStart(781)) - Started o.e.j.s.ServletContextHandler@4ed18798{/logs,file:///workdir/hadoop-ozone/integration-test/target/log,AVAILABLE}
2019-09-25 17:38:51,406 [main] INFO  handler.ContextHandler (ContextHandler.java:doStart(781)) - Started o.e.j.s.ServletContextHandler@5b29ab61{/static,file:///workdir/hadoop-ozone/integration-test/target/test-classes/webapps/static,AVAILABLE}
2019-09-25 17:38:51,410 [main] INFO  handler.ContextHandler (ContextHandler.java:doStart(781)) - Started o.e.j.w.WebAppContext@1d2fb82{/,file:///workdir/hadoop-ozone/integration-test/target/test-classes/webapps/scm/,AVAILABLE}{/scm}
2019-09-25 17:38:51,410 [main] INFO  server.AbstractConnector (AbstractConnector.java:doStart(278)) - Started ServerConnector@34045582{HTTP/1.1,[http/1.1]}{0.0.0.0:39589}
2019-09-25 17:38:51,412 [main] INFO  server.Server (Server.java:doStart(419)) - Started @434844ms
2019-09-25 17:38:51,412 [main] WARN  impl.MetricsSystemImpl (MetricsSystemImpl.java:register(276)) - Sink prometheus already exists!
2019-09-25 17:38:51,413 [main] INFO  server.BaseHttpServer (BaseHttpServer.java:updateConnectorAddress(215)) - HTTP server of SCM is listening at http://0.0.0.0:39589
2019-09-25 17:38:51,413 [main] WARN  server.ServerUtils (ServerUtils.java:getDBPath(222)) - ozone.om.db.dirs is not configured. We recommend adding this setting. Falling back to ozone.metadata.dirs instead.
2019-09-25 17:38:51,414 [org.apache.hadoop.util.JvmPauseMonitor$Monitor@1edccfd4] INFO  util.JvmPauseMonitor (JvmPauseMonitor.java:run(188)) - Starting JVM pause monitor
2019-09-25 17:38:51,428 [main] WARN  server.ServerUtils (ServerUtils.java:getDBPath(222)) - ozone.om.db.dirs is not configured. We recommend adding this setting. Falling back to ozone.metadata.dirs instead.
2019-09-25 17:38:51,428 [main] WARN  server.ServerUtils (ServerUtils.java:getDBPath(222)) - ozone.om.db.dirs is not configured. We recommend adding this setting. Falling back to ozone.metadata.dirs instead.
2019-09-25 17:38:51,429 [main] INFO  om.OzoneManager (OzoneManager.java:setOMNodeDetails(652)) - OM Service ID is not set. Setting it to the default ID: omServiceIdDefault
2019-09-25 17:38:51,429 [main] INFO  om.OzoneManager (OzoneManager.java:setOMNodeDetails(658)) - OM Node ID is not set. Setting it to the OmStorage's OmID: a787daf0-8da5-48b8-9a19-7ac0aed694ba
2019-09-25 17:38:51,429 [main] INFO  om.OzoneManager (OzoneManager.java:loadOMHAConfigs(609)) - Found matching OM address with OMServiceId: null, OMNodeId: null, RPC Address: localhost:0 and Ratis port: 9872
2019-09-25 17:38:51,436 [main] WARN  server.ServerUtils (ServerUtils.java:getDBPath(222)) - ozone.om.db.dirs is not configured. We recommend adding this setting. Falling back to ozone.metadata.dirs instead.
2019-09-25 17:38:51,437 [main] INFO  db.DBStoreBuilder (DBStoreBuilder.java:addTable(110)) - using custom profile for table: userTable
2019-09-25 17:38:51,437 [main] INFO  db.DBStoreBuilder (DBStoreBuilder.java:processTables(161)) - Using default column profile:DBProfile.DISK for Table:userTable
2019-09-25 17:38:51,437 [main] INFO  db.DBStoreBuilder (DBStoreBuilder.java:addTable(110)) - using custom profile for table: volumeTable
2019-09-25 17:38:51,437 [main] INFO  db.DBStoreBuilder (DBStoreBuilder.java:processTables(161)) - Using default column profile:DBProfile.DISK for Table:volumeTable
2019-09-25 17:38:51,438 [main] INFO  db.DBStoreBuilder (DBStoreBuilder.java:addTable(110)) - using custom profile for table: bucketTable
2019-09-25 17:38:51,438 [main] INFO  db.DBStoreBuilder (DBStoreBuilder.java:processTables(161)) - Using default column profile:DBProfile.DISK for Table:bucketTable
2019-09-25 17:38:51,438 [main] INFO  db.DBStoreBuilder (DBStoreBuilder.java:addTable(110)) - using custom profile for table: keyTable
2019-09-25 17:38:51,438 [main] INFO  db.DBStoreBuilder (DBStoreBuilder.java:processTables(161)) - Using default column profile:DBProfile.DISK for Table:keyTable
2019-09-25 17:38:51,439 [main] INFO  db.DBStoreBuilder (DBStoreBuilder.java:addTable(110)) - using custom profile for table: deletedTable
2019-09-25 17:38:51,439 [main] INFO  db.DBStoreBuilder (DBStoreBuilder.java:processTables(161)) - Using default column profile:DBProfile.DISK for Table:deletedTable
2019-09-25 17:38:51,439 [main] INFO  db.DBStoreBuilder (DBStoreBuilder.java:addTable(110)) - using custom profile for table: openKeyTable
2019-09-25 17:38:51,439 [main] INFO  db.DBStoreBuilder (DBStoreBuilder.java:processTables(161)) - Using default column profile:DBProfile.DISK for Table:openKeyTable
2019-09-25 17:38:51,439 [main] INFO  db.DBStoreBuilder (DBStoreBuilder.java:addTable(110)) - using custom profile for table: s3Table
2019-09-25 17:38:51,439 [main] INFO  db.DBStoreBuilder (DBStoreBuilder.java:processTables(161)) - Using default column profile:DBProfile.DISK for Table:s3Table
2019-09-25 17:38:51,440 [main] INFO  db.DBStoreBuilder (DBStoreBuilder.java:addTable(110)) - using custom profile for table: multipartInfoTable
2019-09-25 17:38:51,440 [main] INFO  db.DBStoreBuilder (DBStoreBuilder.java:processTables(161)) - Using default column profile:DBProfile.DISK for Table:multipartInfoTable
2019-09-25 17:38:51,440 [main] INFO  db.DBStoreBuilder (DBStoreBuilder.java:addTable(110)) - using custom profile for table: dTokenTable
2019-09-25 17:38:51,440 [main] INFO  db.DBStoreBuilder (DBStoreBuilder.java:processTables(161)) - Using default column profile:DBProfile.DISK for Table:dTokenTable
2019-09-25 17:38:51,441 [main] INFO  db.DBStoreBuilder (DBStoreBuilder.java:addTable(110)) - using custom profile for table: s3SecretTable
2019-09-25 17:38:51,441 [main] INFO  db.DBStoreBuilder (DBStoreBuilder.java:processTables(161)) - Using default column profile:DBProfile.DISK for Table:s3SecretTable
2019-09-25 17:38:51,441 [main] INFO  db.DBStoreBuilder (DBStoreBuilder.java:addTable(110)) - using custom profile for table: prefixTable
2019-09-25 17:38:51,441 [main] INFO  db.DBStoreBuilder (DBStoreBuilder.java:processTables(161)) - Using default column profile:DBProfile.DISK for Table:prefixTable
2019-09-25 17:38:51,442 [main] INFO  db.DBStoreBuilder (DBStoreBuilder.java:addTable(110)) - using custom profile for table: default
2019-09-25 17:38:51,442 [main] INFO  db.DBStoreBuilder (DBStoreBuilder.java:processTables(167)) - Using default column profile:DBProfile.DISK for Table:default
2019-09-25 17:38:51,442 [main] INFO  db.DBStoreBuilder (DBStoreBuilder.java:getDbProfile(198)) - Using default options. DBProfile.DISK
2019-09-25 17:38:56,771 [main] INFO  ipc.CallQueueManager (CallQueueManager.java:<init>(84)) - Using callQueue: class java.util.concurrent.LinkedBlockingQueue, queueCapacity: 2000, scheduler: class org.apache.hadoop.ipc.DefaultRpcScheduler, ipcBackoff: false.
2019-09-25 17:38:56,772 [Socket Reader #1 for port 38834] INFO  ipc.Server (Server.java:run(1074)) - Starting Socket Reader #1 for port 38834
2019-09-25 17:38:56,796 [main] INFO  om.OzoneManager (OzoneManager.java:start(1243)) - OzoneManager RPC server is listening at localhost/127.0.0.1:38834
2019-09-25 17:38:56,796 [main] INFO  impl.MetricsSystemImpl (MetricsSystemImpl.java:init(158)) - OzoneManager metrics system started (again)
2019-09-25 17:38:56,797 [IPC Server Responder] INFO  ipc.Server (Server.java:run(1314)) - IPC Server Responder: starting
2019-09-25 17:38:56,797 [IPC Server listener on 38834] INFO  ipc.Server (Server.java:run(1153)) - IPC Server listener on 38834: starting
2019-09-25 17:38:56,806 [main] INFO  hdfs.DFSUtil (DFSUtil.java:httpServerTemplateForNNAndJN(1641)) - Starting Web-server for ozoneManager at: http://0.0.0.0:0
2019-09-25 17:38:56,808 [main] INFO  server.AuthenticationFilter (AuthenticationFilter.java:constructSecretProvider(240)) - Unable to initialize FileSignerSecretProvider, falling back to use random secrets.
2019-09-25 17:38:56,809 [main] WARN  http.HttpRequestLog (HttpRequestLog.java:getRequestLog(97)) - Jetty request log can only be enabled using Log4j
2019-09-25 17:38:56,812 [main] INFO  http.HttpServer2 (HttpServer2.java:addGlobalFilter(975)) - Added global filter 'safety' (class=org.apache.hadoop.http.HttpServer2$QuotingInputFilter)
2019-09-25 17:38:56,813 [main] INFO  http.HttpServer2 (HttpServer2.java:addFilter(948)) - Added filter static_user_filter (class=org.apache.hadoop.http.lib.StaticUserWebFilter$StaticUserFilter) to context ozoneManager
2019-09-25 17:38:56,813 [main] INFO  http.HttpServer2 (HttpServer2.java:addFilter(958)) - Added filter static_user_filter (class=org.apache.hadoop.http.lib.StaticUserWebFilter$StaticUserFilter) to context static
2019-09-25 17:38:56,813 [main] INFO  http.HttpServer2 (HttpServer2.java:addFilter(958)) - Added filter static_user_filter (class=org.apache.hadoop.http.lib.StaticUserWebFilter$StaticUserFilter) to context logs
2019-09-25 17:38:56,814 [main] INFO  http.HttpServer2 (HttpServer2.java:bindListener(1191)) - Jetty bound to port 43384
2019-09-25 17:38:56,815 [main] INFO  server.Server (Server.java:doStart(351)) - jetty-9.3.25.v20180904, build timestamp: 2018-09-04T21:11:46Z, git hash: 3ce520221d0240229c862b122d2b06c12a625732
2019-09-25 17:38:56,817 [main] INFO  handler.ContextHandler (ContextHandler.java:doStart(781)) - Started o.e.j.s.ServletContextHandler@240f350a{/logs,file:///workdir/hadoop-ozone/integration-test/target/log,AVAILABLE}
2019-09-25 17:38:56,818 [main] INFO  handler.ContextHandler (ContextHandler.java:doStart(781)) - Started o.e.j.s.ServletContextHandler@3af2f846{/static,file:///workdir/hadoop-ozone/integration-test/target/test-classes/webapps/static,AVAILABLE}
2019-09-25 17:38:56,825 [main] INFO  handler.ContextHandler (ContextHandler.java:doStart(781)) - Started o.e.j.w.WebAppContext@19fec3d6{/,file:///workdir/hadoop-ozone/integration-test/target/test-classes/webapps/ozoneManager/,AVAILABLE}{/ozoneManager}
2019-09-25 17:38:56,826 [main] INFO  server.AbstractConnector (AbstractConnector.java:doStart(278)) - Started ServerConnector@5287ba5f{HTTP/1.1,[http/1.1]}{0.0.0.0:43384}
2019-09-25 17:38:56,828 [main] INFO  server.Server (Server.java:doStart(419)) - Started @440260ms
2019-09-25 17:38:56,828 [main] WARN  impl.MetricsSystemImpl (MetricsSystemImpl.java:register(276)) - Sink prometheus already exists!
2019-09-25 17:38:56,829 [main] INFO  server.BaseHttpServer (BaseHttpServer.java:updateConnectorAddress(215)) - HTTP server of OZONEMANAGER is listening at http://0.0.0.0:43384
2019-09-25 17:38:56,848 [main] INFO  impl.MetricsSystemImpl (MetricsSystemImpl.java:init(158)) - HddsDatanode metrics system started (again)
2019-09-25 17:38:56,852 [main] INFO  ozone.HddsDatanodeService (HddsDatanodeService.java:start(184)) - HddsDatanodeService host:pr-hdds-2174-qcxnv-2820930021 ip:192.168.164.232
2019-09-25 17:38:56,858 [main] INFO  volume.HddsVolume (HddsVolume.java:<init>(176)) - Creating Volume: /workdir/hadoop-ozone/integration-test/target/test-dir/MiniOzoneClusterImpl-439681d3-64da-4b85-98e7-707fc1fcf72a/datanode-0/data/containers/hdds of  storage type : DISK and capacity : 1482555576320
2019-09-25 17:38:56,858 [main] INFO  volume.VolumeSet (VolumeSet.java:initializeVolumeSet(170)) - Added Volume : /workdir/hadoop-ozone/integration-test/target/test-dir/MiniOzoneClusterImpl-439681d3-64da-4b85-98e7-707fc1fcf72a/datanode-0/data/containers/hdds to VolumeSet
2019-09-25 17:38:56,858 [main] INFO  volume.ThrottledAsyncChecker (ThrottledAsyncChecker.java:schedule(139)) - Scheduling a check for org.apache.hadoop.ozone.container.common.volume.HddsVolume@7ec08115
2019-09-25 17:38:56,859 [main] INFO  volume.HddsVolumeChecker (HddsVolumeChecker.java:checkAllVolumes(202)) - Scheduled health check for volume org.apache.hadoop.ozone.container.common.volume.HddsVolume@7ec08115
2019-09-25 17:38:56,874 [main] INFO  impl.RaftServerProxy (ConfUtils.java:logGet(43)) - raft.rpc.type = GRPC (default)
2019-09-25 17:38:56,874 [main] INFO  grpc.GrpcFactory (GrpcFactory.java:checkPooledByteBufAllocatorUseCacheForAllThreads(45)) - PERFORMANCE WARNING: useCacheForAllThreads is true that may cause Netty to create a lot garbage objects and, as a result, trigger GC.
	It is recommended to disable useCacheForAllThreads by setting -Dorg.apache.ratis.thirdparty.io.netty.allocator.useCacheForAllThreads=false in command line.
2019-09-25 17:38:56,875 [main] INFO  grpc.GrpcConfigKeys$Server (ConfUtils.java:logGet(43)) - raft.grpc.server.port = 0 (default)
2019-09-25 17:38:56,875 [main] INFO  server.GrpcService (ConfUtils.java:logGet(43)) - raft.grpc.message.size.max = 33570816 (custom)
2019-09-25 17:38:56,875 [main] INFO  server.RaftServerConfigKeys (ConfUtils.java:logGet(43)) - raft.server.log.appender.buffer.byte-limit = 33554432 (custom)
2019-09-25 17:38:56,875 [main] INFO  server.GrpcService (ConfUtils.java:logGet(43)) - raft.grpc.flow.control.window = 1MB (=1048576) (default)
2019-09-25 17:38:56,875 [main] INFO  server.RaftServerConfigKeys (ConfUtils.java:logGet(43)) - raft.server.rpc.request.timeout = 3000ms (default)
2019-09-25 17:38:56,876 [main] INFO  server.RaftServerConfigKeys (ConfUtils.java:logGet(43)) - raft.server.storage.dir = [/workdir/hadoop-ozone/integration-test/target/test-dir/MiniOzoneClusterImpl-439681d3-64da-4b85-98e7-707fc1fcf72a/datanode-0/data/ratis] (custom)
2019-09-25 17:38:56,878 [main] INFO  hdfs.DFSUtil (DFSUtil.java:httpServerTemplateForNNAndJN(1641)) - Starting Web-server for hddsDatanode at: http://0.0.0.0:0
2019-09-25 17:38:56,879 [main] INFO  server.AuthenticationFilter (AuthenticationFilter.java:constructSecretProvider(240)) - Unable to initialize FileSignerSecretProvider, falling back to use random secrets.
2019-09-25 17:38:56,880 [main] WARN  http.HttpRequestLog (HttpRequestLog.java:getRequestLog(97)) - Jetty request log can only be enabled using Log4j
2019-09-25 17:38:56,881 [main] INFO  http.HttpServer2 (HttpServer2.java:addGlobalFilter(975)) - Added global filter 'safety' (class=org.apache.hadoop.http.HttpServer2$QuotingInputFilter)
2019-09-25 17:38:56,881 [main] INFO  http.HttpServer2 (HttpServer2.java:addFilter(948)) - Added filter static_user_filter (class=org.apache.hadoop.http.lib.StaticUserWebFilter$StaticUserFilter) to context hddsDatanode
2019-09-25 17:38:56,882 [main] INFO  http.HttpServer2 (HttpServer2.java:addFilter(958)) - Added filter static_user_filter (class=org.apache.hadoop.http.lib.StaticUserWebFilter$StaticUserFilter) to context logs
2019-09-25 17:38:56,882 [main] INFO  http.HttpServer2 (HttpServer2.java:addFilter(958)) - Added filter static_user_filter (class=org.apache.hadoop.http.lib.StaticUserWebFilter$StaticUserFilter) to context static
2019-09-25 17:38:56,882 [main] INFO  http.HttpServer2 (HttpServer2.java:bindListener(1191)) - Jetty bound to port 32785
2019-09-25 17:38:56,883 [main] INFO  server.Server (Server.java:doStart(351)) - jetty-9.3.25.v20180904, build timestamp: 2018-09-04T21:11:46Z, git hash: 3ce520221d0240229c862b122d2b06c12a625732
2019-09-25 17:38:56,884 [main] INFO  handler.ContextHandler (ContextHandler.java:doStart(781)) - Started o.e.j.s.ServletContextHandler@6c9b44bf{/logs,file:///workdir/hadoop-ozone/integration-test/target/log,AVAILABLE}
2019-09-25 17:38:56,885 [main] INFO  handler.ContextHandler (ContextHandler.java:doStart(781)) - Started o.e.j.s.ServletContextHandler@191a0351{/static,jar:file:/home/user/.m2/repository/org/apache/hadoop/hadoop-hdds-container-service/0.5.0-SNAPSHOT/hadoop-hdds-container-service-0.5.0-SNAPSHOT.jar!/webapps/static,AVAILABLE}
2019-09-25 17:38:56,913 [main] INFO  handler.ContextHandler (ContextHandler.java:doStart(781)) - Started o.e.j.w.WebAppContext@52abed9d{/,file:///tmp/jetty-0.0.0.0-32785-hddsDatanode-_-any-4325522015525363268.dir/webapp/,AVAILABLE}{/hddsDatanode}
2019-09-25 17:38:56,914 [main] INFO  server.AbstractConnector (AbstractConnector.java:doStart(278)) - Started ServerConnector@281b2dfd{HTTP/1.1,[http/1.1]}{0.0.0.0:32785}
2019-09-25 17:38:56,915 [main] INFO  server.Server (Server.java:doStart(419)) - Started @440348ms
2019-09-25 17:38:56,916 [main] WARN  impl.MetricsSystemImpl (MetricsSystemImpl.java:register(276)) - Sink prometheus already exists!
2019-09-25 17:38:56,916 [main] INFO  server.BaseHttpServer (BaseHttpServer.java:updateConnectorAddress(215)) - HTTP server of HDDSDATANODE is listening at http://0.0.0.0:32785
2019-09-25 17:38:56,917 [main] INFO  impl.MetricsSystemImpl (MetricsSystemImpl.java:init(158)) - HddsDatanode metrics system started (again)
2019-09-25 17:38:56,919 [main] INFO  ozone.HddsDatanodeService (HddsDatanodeService.java:start(184)) - HddsDatanodeService host:pr-hdds-2174-qcxnv-2820930021 ip:192.168.164.232
2019-09-25 17:38:56,919 [org.apache.hadoop.util.JvmPauseMonitor$Monitor@5bcaaa8c] INFO  util.JvmPauseMonitor (JvmPauseMonitor.java:run(188)) - Starting JVM pause monitor
2019-09-25 17:38:56,922 [Datanode State Machine Thread - 0] INFO  datanode.InitDatanodeState (InitDatanodeState.java:persistContainerDatanodeDetails(140)) - DatanodeDetails is persisted to /workdir/hadoop-ozone/integration-test/target/test-dir/MiniOzoneClusterImpl-439681d3-64da-4b85-98e7-707fc1fcf72a/datanode-0/meta/datanode.id
2019-09-25 17:38:56,924 [main] INFO  volume.HddsVolume (HddsVolume.java:<init>(176)) - Creating Volume: /workdir/hadoop-ozone/integration-test/target/test-dir/MiniOzoneClusterImpl-439681d3-64da-4b85-98e7-707fc1fcf72a/datanode-1/data/containers/hdds of  storage type : DISK and capacity : 1482555576320
2019-09-25 17:38:56,925 [main] INFO  volume.VolumeSet (VolumeSet.java:initializeVolumeSet(170)) - Added Volume : /workdir/hadoop-ozone/integration-test/target/test-dir/MiniOzoneClusterImpl-439681d3-64da-4b85-98e7-707fc1fcf72a/datanode-1/data/containers/hdds to VolumeSet
2019-09-25 17:38:56,925 [main] INFO  volume.ThrottledAsyncChecker (ThrottledAsyncChecker.java:schedule(139)) - Scheduling a check for org.apache.hadoop.ozone.container.common.volume.HddsVolume@6d69a0d3
2019-09-25 17:38:56,925 [main] INFO  volume.HddsVolumeChecker (HddsVolumeChecker.java:checkAllVolumes(202)) - Scheduled health check for volume org.apache.hadoop.ozone.container.common.volume.HddsVolume@6d69a0d3
2019-09-25 17:38:56,938 [main] INFO  impl.RaftServerProxy (ConfUtils.java:logGet(43)) - raft.rpc.type = GRPC (default)
2019-09-25 17:38:56,938 [main] INFO  grpc.GrpcFactory (GrpcFactory.java:checkPooledByteBufAllocatorUseCacheForAllThreads(45)) - PERFORMANCE WARNING: useCacheForAllThreads is true that may cause Netty to create a lot garbage objects and, as a result, trigger GC.
	It is recommended to disable useCacheForAllThreads by setting -Dorg.apache.ratis.thirdparty.io.netty.allocator.useCacheForAllThreads=false in command line.
2019-09-25 17:38:56,938 [main] INFO  grpc.GrpcConfigKeys$Server (ConfUtils.java:logGet(43)) - raft.grpc.server.port = 0 (default)
2019-09-25 17:38:56,938 [main] INFO  server.GrpcService (ConfUtils.java:logGet(43)) - raft.grpc.message.size.max = 33570816 (custom)
2019-09-25 17:38:56,938 [main] INFO  server.RaftServerConfigKeys (ConfUtils.java:logGet(43)) - raft.server.log.appender.buffer.byte-limit = 33554432 (custom)
2019-09-25 17:38:56,938 [main] INFO  server.GrpcService (ConfUtils.java:logGet(43)) - raft.grpc.flow.control.window = 1MB (=1048576) (default)
2019-09-25 17:38:56,939 [main] INFO  server.RaftServerConfigKeys (ConfUtils.java:logGet(43)) - raft.server.rpc.request.timeout = 3000ms (default)
2019-09-25 17:38:56,939 [main] INFO  server.RaftServerConfigKeys (ConfUtils.java:logGet(43)) - raft.server.storage.dir = [/workdir/hadoop-ozone/integration-test/target/test-dir/MiniOzoneClusterImpl-439681d3-64da-4b85-98e7-707fc1fcf72a/datanode-1/data/ratis] (custom)
2019-09-25 17:38:56,940 [main] INFO  hdfs.DFSUtil (DFSUtil.java:httpServerTemplateForNNAndJN(1641)) - Starting Web-server for hddsDatanode at: http://0.0.0.0:0
2019-09-25 17:38:56,941 [main] INFO  server.AuthenticationFilter (AuthenticationFilter.java:constructSecretProvider(240)) - Unable to initialize FileSignerSecretProvider, falling back to use random secrets.
2019-09-25 17:38:56,941 [main] WARN  http.HttpRequestLog (HttpRequestLog.java:getRequestLog(97)) - Jetty request log can only be enabled using Log4j
2019-09-25 17:38:56,942 [main] INFO  http.HttpServer2 (HttpServer2.java:addGlobalFilter(975)) - Added global filter 'safety' (class=org.apache.hadoop.http.HttpServer2$QuotingInputFilter)
2019-09-25 17:38:56,943 [main] INFO  http.HttpServer2 (HttpServer2.java:addFilter(948)) - Added filter static_user_filter (class=org.apache.hadoop.http.lib.StaticUserWebFilter$StaticUserFilter) to context hddsDatanode
2019-09-25 17:38:56,943 [main] INFO  http.HttpServer2 (HttpServer2.java:addFilter(958)) - Added filter static_user_filter (class=org.apache.hadoop.http.lib.StaticUserWebFilter$StaticUserFilter) to context static
2019-09-25 17:38:56,943 [main] INFO  http.HttpServer2 (HttpServer2.java:addFilter(958)) - Added filter static_user_filter (class=org.apache.hadoop.http.lib.StaticUserWebFilter$StaticUserFilter) to context logs
2019-09-25 17:38:56,944 [main] INFO  http.HttpServer2 (HttpServer2.java:bindListener(1191)) - Jetty bound to port 33952
2019-09-25 17:38:56,944 [main] INFO  server.Server (Server.java:doStart(351)) - jetty-9.3.25.v20180904, build timestamp: 2018-09-04T21:11:46Z, git hash: 3ce520221d0240229c862b122d2b06c12a625732
2019-09-25 17:38:56,945 [main] INFO  handler.ContextHandler (ContextHandler.java:doStart(781)) - Started o.e.j.s.ServletContextHandler@16cf8438{/logs,file:///workdir/hadoop-ozone/integration-test/target/log,AVAILABLE}
2019-09-25 17:38:56,946 [main] INFO  handler.ContextHandler (ContextHandler.java:doStart(781)) - Started o.e.j.s.ServletContextHandler@7c588adc{/static,jar:file:/home/user/.m2/repository/org/apache/hadoop/hadoop-hdds-container-service/0.5.0-SNAPSHOT/hadoop-hdds-container-service-0.5.0-SNAPSHOT.jar!/webapps/static,AVAILABLE}
2019-09-25 17:38:56,972 [main] INFO  handler.ContextHandler (ContextHandler.java:doStart(781)) - Started o.e.j.w.WebAppContext@637c840d{/,file:///tmp/jetty-0.0.0.0-33952-hddsDatanode-_-any-1936826810027235272.dir/webapp/,AVAILABLE}{/hddsDatanode}
2019-09-25 17:38:56,972 [main] INFO  server.AbstractConnector (AbstractConnector.java:doStart(278)) - Started ServerConnector@51ac12ac{HTTP/1.1,[http/1.1]}{0.0.0.0:33952}
2019-09-25 17:38:56,974 [main] INFO  server.Server (Server.java:doStart(419)) - Started @440407ms
2019-09-25 17:38:56,974 [main] WARN  impl.MetricsSystemImpl (MetricsSystemImpl.java:register(276)) - Sink prometheus already exists!
2019-09-25 17:38:56,974 [main] INFO  server.BaseHttpServer (BaseHttpServer.java:updateConnectorAddress(215)) - HTTP server of HDDSDATANODE is listening at http://0.0.0.0:33952
2019-09-25 17:38:56,975 [main] INFO  impl.MetricsSystemImpl (MetricsSystemImpl.java:init(158)) - HddsDatanode metrics system started (again)
2019-09-25 17:38:56,978 [main] INFO  ozone.HddsDatanodeService (HddsDatanodeService.java:start(184)) - HddsDatanodeService host:pr-hdds-2174-qcxnv-2820930021 ip:192.168.164.232
2019-09-25 17:38:56,978 [org.apache.hadoop.util.JvmPauseMonitor$Monitor@43fd8841] INFO  util.JvmPauseMonitor (JvmPauseMonitor.java:run(188)) - Starting JVM pause monitor
2019-09-25 17:38:56,979 [Datanode State Machine Thread - 0] INFO  datanode.InitDatanodeState (InitDatanodeState.java:persistContainerDatanodeDetails(140)) - DatanodeDetails is persisted to /workdir/hadoop-ozone/integration-test/target/test-dir/MiniOzoneClusterImpl-439681d3-64da-4b85-98e7-707fc1fcf72a/datanode-1/meta/datanode.id
2019-09-25 17:38:56,984 [main] INFO  volume.HddsVolume (HddsVolume.java:<init>(176)) - Creating Volume: /workdir/hadoop-ozone/integration-test/target/test-dir/MiniOzoneClusterImpl-439681d3-64da-4b85-98e7-707fc1fcf72a/datanode-2/data/containers/hdds of  storage type : DISK and capacity : 1482555576320
2019-09-25 17:38:56,984 [main] INFO  volume.VolumeSet (VolumeSet.java:initializeVolumeSet(170)) - Added Volume : /workdir/hadoop-ozone/integration-test/target/test-dir/MiniOzoneClusterImpl-439681d3-64da-4b85-98e7-707fc1fcf72a/datanode-2/data/containers/hdds to VolumeSet
2019-09-25 17:38:56,984 [main] INFO  volume.ThrottledAsyncChecker (ThrottledAsyncChecker.java:schedule(139)) - Scheduling a check for org.apache.hadoop.ozone.container.common.volume.HddsVolume@256bb5be
2019-09-25 17:38:56,984 [main] INFO  volume.HddsVolumeChecker (HddsVolumeChecker.java:checkAllVolumes(202)) - Scheduled health check for volume org.apache.hadoop.ozone.container.common.volume.HddsVolume@256bb5be
2019-09-25 17:38:57,000 [main] INFO  impl.RaftServerProxy (ConfUtils.java:logGet(43)) - raft.rpc.type = GRPC (default)
2019-09-25 17:38:57,000 [main] INFO  grpc.GrpcFactory (GrpcFactory.java:checkPooledByteBufAllocatorUseCacheForAllThreads(45)) - PERFORMANCE WARNING: useCacheForAllThreads is true that may cause Netty to create a lot garbage objects and, as a result, trigger GC.
	It is recommended to disable useCacheForAllThreads by setting -Dorg.apache.ratis.thirdparty.io.netty.allocator.useCacheForAllThreads=false in command line.
2019-09-25 17:38:57,000 [main] INFO  grpc.GrpcConfigKeys$Server (ConfUtils.java:logGet(43)) - raft.grpc.server.port = 0 (default)
2019-09-25 17:38:57,000 [main] INFO  server.GrpcService (ConfUtils.java:logGet(43)) - raft.grpc.message.size.max = 33570816 (custom)
2019-09-25 17:38:57,001 [main] INFO  server.RaftServerConfigKeys (ConfUtils.java:logGet(43)) - raft.server.log.appender.buffer.byte-limit = 33554432 (custom)
2019-09-25 17:38:57,001 [main] INFO  server.GrpcService (ConfUtils.java:logGet(43)) - raft.grpc.flow.control.window = 1MB (=1048576) (default)
2019-09-25 17:38:57,001 [main] INFO  server.RaftServerConfigKeys (ConfUtils.java:logGet(43)) - raft.server.rpc.request.timeout = 3000ms (default)
2019-09-25 17:38:57,001 [main] INFO  server.RaftServerConfigKeys (ConfUtils.java:logGet(43)) - raft.server.storage.dir = [/workdir/hadoop-ozone/integration-test/target/test-dir/MiniOzoneClusterImpl-439681d3-64da-4b85-98e7-707fc1fcf72a/datanode-2/data/ratis] (custom)
2019-09-25 17:38:57,002 [main] INFO  hdfs.DFSUtil (DFSUtil.java:httpServerTemplateForNNAndJN(1641)) - Starting Web-server for hddsDatanode at: http://0.0.0.0:0
2019-09-25 17:38:57,003 [main] INFO  server.AuthenticationFilter (AuthenticationFilter.java:constructSecretProvider(240)) - Unable to initialize FileSignerSecretProvider, falling back to use random secrets.
2019-09-25 17:38:57,004 [main] WARN  http.HttpRequestLog (HttpRequestLog.java:getRequestLog(97)) - Jetty request log can only be enabled using Log4j
2019-09-25 17:38:57,005 [main] INFO  http.HttpServer2 (HttpServer2.java:addGlobalFilter(975)) - Added global filter 'safety' (class=org.apache.hadoop.http.HttpServer2$QuotingInputFilter)
2019-09-25 17:38:57,005 [main] INFO  http.HttpServer2 (HttpServer2.java:addFilter(948)) - Added filter static_user_filter (class=org.apache.hadoop.http.lib.StaticUserWebFilter$StaticUserFilter) to context hddsDatanode
2019-09-25 17:38:57,005 [main] INFO  http.HttpServer2 (HttpServer2.java:addFilter(958)) - Added filter static_user_filter (class=org.apache.hadoop.http.lib.StaticUserWebFilter$StaticUserFilter) to context logs
2019-09-25 17:38:57,006 [main] INFO  http.HttpServer2 (HttpServer2.java:addFilter(958)) - Added filter static_user_filter (class=org.apache.hadoop.http.lib.StaticUserWebFilter$StaticUserFilter) to context static
2019-09-25 17:38:57,006 [main] INFO  http.HttpServer2 (HttpServer2.java:bindListener(1191)) - Jetty bound to port 35767
2019-09-25 17:38:57,006 [main] INFO  server.Server (Server.java:doStart(351)) - jetty-9.3.25.v20180904, build timestamp: 2018-09-04T21:11:46Z, git hash: 3ce520221d0240229c862b122d2b06c12a625732
2019-09-25 17:38:57,008 [main] INFO  handler.ContextHandler (ContextHandler.java:doStart(781)) - Started o.e.j.s.ServletContextHandler@11f23038{/logs,file:///workdir/hadoop-ozone/integration-test/target/log,AVAILABLE}
2019-09-25 17:38:57,008 [main] INFO  handler.ContextHandler (ContextHandler.java:doStart(781)) - Started o.e.j.s.ServletContextHandler@691567ea{/static,jar:file:/home/user/.m2/repository/org/apache/hadoop/hadoop-hdds-container-service/0.5.0-SNAPSHOT/hadoop-hdds-container-service-0.5.0-SNAPSHOT.jar!/webapps/static,AVAILABLE}
2019-09-25 17:38:57,035 [main] INFO  handler.ContextHandler (ContextHandler.java:doStart(781)) - Started o.e.j.w.WebAppContext@27a9f025{/,file:///tmp/jetty-0.0.0.0-35767-hddsDatanode-_-any-2167375410935595440.dir/webapp/,AVAILABLE}{/hddsDatanode}
2019-09-25 17:38:57,035 [main] INFO  server.AbstractConnector (AbstractConnector.java:doStart(278)) - Started ServerConnector@71936a92{HTTP/1.1,[http/1.1]}{0.0.0.0:35767}
2019-09-25 17:38:57,036 [main] INFO  server.Server (Server.java:doStart(419)) - Started @440469ms
2019-09-25 17:38:57,036 [main] WARN  impl.MetricsSystemImpl (MetricsSystemImpl.java:register(276)) - Sink prometheus already exists!
2019-09-25 17:38:57,037 [main] INFO  server.BaseHttpServer (BaseHttpServer.java:updateConnectorAddress(215)) - HTTP server of HDDSDATANODE is listening at http://0.0.0.0:35767
2019-09-25 17:38:57,037 [main] INFO  impl.MetricsSystemImpl (MetricsSystemImpl.java:init(158)) - HddsDatanode metrics system started (again)
2019-09-25 17:38:57,040 [org.apache.hadoop.util.JvmPauseMonitor$Monitor@7bb14532] INFO  util.JvmPauseMonitor (JvmPauseMonitor.java:run(188)) - Starting JVM pause monitor
2019-09-25 17:38:57,041 [main] INFO  ozone.HddsDatanodeService (HddsDatanodeService.java:start(184)) - HddsDatanodeService host:pr-hdds-2174-qcxnv-2820930021 ip:192.168.164.232
2019-09-25 17:38:57,042 [Datanode State Machine Thread - 0] INFO  datanode.InitDatanodeState (InitDatanodeState.java:persistContainerDatanodeDetails(140)) - DatanodeDetails is persisted to /workdir/hadoop-ozone/integration-test/target/test-dir/MiniOzoneClusterImpl-439681d3-64da-4b85-98e7-707fc1fcf72a/datanode-2/meta/datanode.id
2019-09-25 17:38:57,047 [main] INFO  volume.HddsVolume (HddsVolume.java:<init>(176)) - Creating Volume: /workdir/hadoop-ozone/integration-test/target/test-dir/MiniOzoneClusterImpl-439681d3-64da-4b85-98e7-707fc1fcf72a/datanode-3/data/containers/hdds of  storage type : DISK and capacity : 1482555576320
2019-09-25 17:38:57,047 [main] INFO  volume.VolumeSet (VolumeSet.java:initializeVolumeSet(170)) - Added Volume : /workdir/hadoop-ozone/integration-test/target/test-dir/MiniOzoneClusterImpl-439681d3-64da-4b85-98e7-707fc1fcf72a/datanode-3/data/containers/hdds to VolumeSet
2019-09-25 17:38:57,047 [main] INFO  volume.ThrottledAsyncChecker (ThrottledAsyncChecker.java:schedule(139)) - Scheduling a check for org.apache.hadoop.ozone.container.common.volume.HddsVolume@6cbb7a7d
2019-09-25 17:38:57,047 [main] INFO  volume.HddsVolumeChecker (HddsVolumeChecker.java:checkAllVolumes(202)) - Scheduled health check for volume org.apache.hadoop.ozone.container.common.volume.HddsVolume@6cbb7a7d
2019-09-25 17:38:57,059 [main] INFO  impl.RaftServerProxy (ConfUtils.java:logGet(43)) - raft.rpc.type = GRPC (default)
2019-09-25 17:38:57,059 [main] INFO  grpc.GrpcFactory (GrpcFactory.java:checkPooledByteBufAllocatorUseCacheForAllThreads(45)) - PERFORMANCE WARNING: useCacheForAllThreads is true that may cause Netty to create a lot garbage objects and, as a result, trigger GC.
	It is recommended to disable useCacheForAllThreads by setting -Dorg.apache.ratis.thirdparty.io.netty.allocator.useCacheForAllThreads=false in command line.
2019-09-25 17:38:57,059 [main] INFO  grpc.GrpcConfigKeys$Server (ConfUtils.java:logGet(43)) - raft.grpc.server.port = 0 (default)
2019-09-25 17:38:57,059 [main] INFO  server.GrpcService (ConfUtils.java:logGet(43)) - raft.grpc.message.size.max = 33570816 (custom)
2019-09-25 17:38:57,060 [main] INFO  server.RaftServerConfigKeys (ConfUtils.java:logGet(43)) - raft.server.log.appender.buffer.byte-limit = 33554432 (custom)
2019-09-25 17:38:57,060 [main] INFO  server.GrpcService (ConfUtils.java:logGet(43)) - raft.grpc.flow.control.window = 1MB (=1048576) (default)
2019-09-25 17:38:57,060 [main] INFO  server.RaftServerConfigKeys (ConfUtils.java:logGet(43)) - raft.server.rpc.request.timeout = 3000ms (default)
2019-09-25 17:38:57,060 [main] INFO  server.RaftServerConfigKeys (ConfUtils.java:logGet(43)) - raft.server.storage.dir = [/workdir/hadoop-ozone/integration-test/target/test-dir/MiniOzoneClusterImpl-439681d3-64da-4b85-98e7-707fc1fcf72a/datanode-3/data/ratis] (custom)
2019-09-25 17:38:57,061 [main] INFO  hdfs.DFSUtil (DFSUtil.java:httpServerTemplateForNNAndJN(1641)) - Starting Web-server for hddsDatanode at: http://0.0.0.0:0
2019-09-25 17:38:57,062 [main] INFO  server.AuthenticationFilter (AuthenticationFilter.java:constructSecretProvider(240)) - Unable to initialize FileSignerSecretProvider, falling back to use random secrets.
2019-09-25 17:38:57,063 [main] WARN  http.HttpRequestLog (HttpRequestLog.java:getRequestLog(97)) - Jetty request log can only be enabled using Log4j
2019-09-25 17:38:57,064 [main] INFO  http.HttpServer2 (HttpServer2.java:addGlobalFilter(975)) - Added global filter 'safety' (class=org.apache.hadoop.http.HttpServer2$QuotingInputFilter)
2019-09-25 17:38:57,064 [main] INFO  http.HttpServer2 (HttpServer2.java:addFilter(948)) - Added filter static_user_filter (class=org.apache.hadoop.http.lib.StaticUserWebFilter$StaticUserFilter) to context hddsDatanode
2019-09-25 17:38:57,064 [main] INFO  http.HttpServer2 (HttpServer2.java:addFilter(958)) - Added filter static_user_filter (class=org.apache.hadoop.http.lib.StaticUserWebFilter$StaticUserFilter) to context static
2019-09-25 17:38:57,064 [main] INFO  http.HttpServer2 (HttpServer2.java:addFilter(958)) - Added filter static_user_filter (class=org.apache.hadoop.http.lib.StaticUserWebFilter$StaticUserFilter) to context logs
2019-09-25 17:38:57,065 [main] INFO  http.HttpServer2 (HttpServer2.java:bindListener(1191)) - Jetty bound to port 39191
2019-09-25 17:38:57,065 [main] INFO  server.Server (Server.java:doStart(351)) - jetty-9.3.25.v20180904, build timestamp: 2018-09-04T21:11:46Z, git hash: 3ce520221d0240229c862b122d2b06c12a625732
2019-09-25 17:38:57,067 [main] INFO  handler.ContextHandler (ContextHandler.java:doStart(781)) - Started o.e.j.s.ServletContextHandler@37c7766e{/logs,file:///workdir/hadoop-ozone/integration-test/target/log,AVAILABLE}
2019-09-25 17:38:57,067 [main] INFO  handler.ContextHandler (ContextHandler.java:doStart(781)) - Started o.e.j.s.ServletContextHandler@4b7ed03e{/static,jar:file:/home/user/.m2/repository/org/apache/hadoop/hadoop-hdds-container-service/0.5.0-SNAPSHOT/hadoop-hdds-container-service-0.5.0-SNAPSHOT.jar!/webapps/static,AVAILABLE}
2019-09-25 17:38:57,094 [main] INFO  handler.ContextHandler (ContextHandler.java:doStart(781)) - Started o.e.j.w.WebAppContext@2801827a{/,file:///tmp/jetty-0.0.0.0-39191-hddsDatanode-_-any-3374053939251586706.dir/webapp/,AVAILABLE}{/hddsDatanode}
2019-09-25 17:38:57,094 [main] INFO  server.AbstractConnector (AbstractConnector.java:doStart(278)) - Started ServerConnector@50bc3219{HTTP/1.1,[http/1.1]}{0.0.0.0:39191}
2019-09-25 17:38:57,096 [main] INFO  server.Server (Server.java:doStart(419)) - Started @440529ms
2019-09-25 17:38:57,096 [main] WARN  impl.MetricsSystemImpl (MetricsSystemImpl.java:register(276)) - Sink prometheus already exists!
2019-09-25 17:38:57,096 [main] INFO  server.BaseHttpServer (BaseHttpServer.java:updateConnectorAddress(215)) - HTTP server of HDDSDATANODE is listening at http://0.0.0.0:39191
2019-09-25 17:38:57,097 [main] INFO  impl.MetricsSystemImpl (MetricsSystemImpl.java:init(158)) - HddsDatanode metrics system started (again)
2019-09-25 17:38:57,100 [org.apache.hadoop.util.JvmPauseMonitor$Monitor@718405f3] INFO  util.JvmPauseMonitor (JvmPauseMonitor.java:run(188)) - Starting JVM pause monitor
2019-09-25 17:38:57,100 [main] INFO  ozone.HddsDatanodeService (HddsDatanodeService.java:start(184)) - HddsDatanodeService host:pr-hdds-2174-qcxnv-2820930021 ip:192.168.164.232
2019-09-25 17:38:57,101 [Datanode State Machine Thread - 0] INFO  datanode.InitDatanodeState (InitDatanodeState.java:persistContainerDatanodeDetails(140)) - DatanodeDetails is persisted to /workdir/hadoop-ozone/integration-test/target/test-dir/MiniOzoneClusterImpl-439681d3-64da-4b85-98e7-707fc1fcf72a/datanode-3/meta/datanode.id
2019-09-25 17:38:57,106 [main] INFO  volume.HddsVolume (HddsVolume.java:<init>(176)) - Creating Volume: /workdir/hadoop-ozone/integration-test/target/test-dir/MiniOzoneClusterImpl-439681d3-64da-4b85-98e7-707fc1fcf72a/datanode-4/data/containers/hdds of  storage type : DISK and capacity : 1482555576320
2019-09-25 17:38:57,106 [main] INFO  volume.VolumeSet (VolumeSet.java:initializeVolumeSet(170)) - Added Volume : /workdir/hadoop-ozone/integration-test/target/test-dir/MiniOzoneClusterImpl-439681d3-64da-4b85-98e7-707fc1fcf72a/datanode-4/data/containers/hdds to VolumeSet
2019-09-25 17:38:57,106 [main] INFO  volume.ThrottledAsyncChecker (ThrottledAsyncChecker.java:schedule(139)) - Scheduling a check for org.apache.hadoop.ozone.container.common.volume.HddsVolume@2725ca05
2019-09-25 17:38:57,106 [main] INFO  volume.HddsVolumeChecker (HddsVolumeChecker.java:checkAllVolumes(202)) - Scheduled health check for volume org.apache.hadoop.ozone.container.common.volume.HddsVolume@2725ca05
2019-09-25 17:38:57,118 [main] INFO  impl.RaftServerProxy (ConfUtils.java:logGet(43)) - raft.rpc.type = GRPC (default)
2019-09-25 17:38:57,118 [main] INFO  grpc.GrpcFactory (GrpcFactory.java:checkPooledByteBufAllocatorUseCacheForAllThreads(45)) - PERFORMANCE WARNING: useCacheForAllThreads is true that may cause Netty to create a lot garbage objects and, as a result, trigger GC.
	It is recommended to disable useCacheForAllThreads by setting -Dorg.apache.ratis.thirdparty.io.netty.allocator.useCacheForAllThreads=false in command line.
2019-09-25 17:38:57,118 [main] INFO  grpc.GrpcConfigKeys$Server (ConfUtils.java:logGet(43)) - raft.grpc.server.port = 0 (default)
2019-09-25 17:38:57,119 [main] INFO  server.GrpcService (ConfUtils.java:logGet(43)) - raft.grpc.message.size.max = 33570816 (custom)
2019-09-25 17:38:57,119 [main] INFO  server.RaftServerConfigKeys (ConfUtils.java:logGet(43)) - raft.server.log.appender.buffer.byte-limit = 33554432 (custom)
2019-09-25 17:38:57,119 [main] INFO  server.GrpcService (ConfUtils.java:logGet(43)) - raft.grpc.flow.control.window = 1MB (=1048576) (default)
2019-09-25 17:38:57,119 [main] INFO  server.RaftServerConfigKeys (ConfUtils.java:logGet(43)) - raft.server.rpc.request.timeout = 3000ms (default)
2019-09-25 17:38:57,119 [main] INFO  server.RaftServerConfigKeys (ConfUtils.java:logGet(43)) - raft.server.storage.dir = [/workdir/hadoop-ozone/integration-test/target/test-dir/MiniOzoneClusterImpl-439681d3-64da-4b85-98e7-707fc1fcf72a/datanode-4/data/ratis] (custom)
2019-09-25 17:38:57,121 [main] INFO  hdfs.DFSUtil (DFSUtil.java:httpServerTemplateForNNAndJN(1641)) - Starting Web-server for hddsDatanode at: http://0.0.0.0:0
2019-09-25 17:38:57,122 [main] INFO  server.AuthenticationFilter (AuthenticationFilter.java:constructSecretProvider(240)) - Unable to initialize FileSignerSecretProvider, falling back to use random secrets.
2019-09-25 17:38:57,123 [main] WARN  http.HttpRequestLog (HttpRequestLog.java:getRequestLog(97)) - Jetty request log can only be enabled using Log4j
2019-09-25 17:38:57,124 [main] INFO  http.HttpServer2 (HttpServer2.java:addGlobalFilter(975)) - Added global filter 'safety' (class=org.apache.hadoop.http.HttpServer2$QuotingInputFilter)
2019-09-25 17:38:57,125 [main] INFO  http.HttpServer2 (HttpServer2.java:addFilter(948)) - Added filter static_user_filter (class=org.apache.hadoop.http.lib.StaticUserWebFilter$StaticUserFilter) to context hddsDatanode
2019-09-25 17:38:57,125 [main] INFO  http.HttpServer2 (HttpServer2.java:addFilter(958)) - Added filter static_user_filter (class=org.apache.hadoop.http.lib.StaticUserWebFilter$StaticUserFilter) to context logs
2019-09-25 17:38:57,125 [main] INFO  http.HttpServer2 (HttpServer2.java:addFilter(958)) - Added filter static_user_filter (class=org.apache.hadoop.http.lib.StaticUserWebFilter$StaticUserFilter) to context static
2019-09-25 17:38:57,126 [main] INFO  http.HttpServer2 (HttpServer2.java:bindListener(1191)) - Jetty bound to port 42748
2019-09-25 17:38:57,126 [main] INFO  server.Server (Server.java:doStart(351)) - jetty-9.3.25.v20180904, build timestamp: 2018-09-04T21:11:46Z, git hash: 3ce520221d0240229c862b122d2b06c12a625732
2019-09-25 17:38:57,128 [main] INFO  handler.ContextHandler (ContextHandler.java:doStart(781)) - Started o.e.j.s.ServletContextHandler@231cdda8{/logs,file:///workdir/hadoop-ozone/integration-test/target/log,AVAILABLE}
2019-09-25 17:38:57,131 [main] INFO  handler.ContextHandler (ContextHandler.java:doStart(781)) - Started o.e.j.s.ServletContextHandler@3002e397{/static,jar:file:/home/user/.m2/repository/org/apache/hadoop/hadoop-hdds-container-service/0.5.0-SNAPSHOT/hadoop-hdds-container-service-0.5.0-SNAPSHOT.jar!/webapps/static,AVAILABLE}
2019-09-25 17:38:57,160 [main] INFO  handler.ContextHandler (ContextHandler.java:doStart(781)) - Started o.e.j.w.WebAppContext@586cc15d{/,file:///tmp/jetty-0.0.0.0-42748-hddsDatanode-_-any-383076271830292282.dir/webapp/,AVAILABLE}{/hddsDatanode}
2019-09-25 17:38:57,163 [main] INFO  server.AbstractConnector (AbstractConnector.java:doStart(278)) - Started ServerConnector@6c835217{HTTP/1.1,[http/1.1]}{0.0.0.0:42748}
2019-09-25 17:38:57,163 [main] INFO  server.Server (Server.java:doStart(419)) - Started @440596ms
2019-09-25 17:38:57,163 [main] WARN  impl.MetricsSystemImpl (MetricsSystemImpl.java:register(276)) - Sink prometheus already exists!
2019-09-25 17:38:57,164 [main] INFO  server.BaseHttpServer (BaseHttpServer.java:updateConnectorAddress(215)) - HTTP server of HDDSDATANODE is listening at http://0.0.0.0:42748
2019-09-25 17:38:57,165 [main] INFO  impl.MetricsSystemImpl (MetricsSystemImpl.java:init(158)) - HddsDatanode metrics system started (again)
2019-09-25 17:38:57,166 [org.apache.hadoop.util.JvmPauseMonitor$Monitor@50ed1cc2] INFO  util.JvmPauseMonitor (JvmPauseMonitor.java:run(188)) - Starting JVM pause monitor
2019-09-25 17:38:57,169 [Datanode State Machine Thread - 0] INFO  datanode.InitDatanodeState (InitDatanodeState.java:persistContainerDatanodeDetails(140)) - DatanodeDetails is persisted to /workdir/hadoop-ozone/integration-test/target/test-dir/MiniOzoneClusterImpl-439681d3-64da-4b85-98e7-707fc1fcf72a/datanode-4/meta/datanode.id
2019-09-25 17:38:57,172 [main] INFO  ozone.HddsDatanodeService (HddsDatanodeService.java:start(184)) - HddsDatanodeService host:pr-hdds-2174-qcxnv-2820930021 ip:192.168.164.232
2019-09-25 17:38:57,179 [main] INFO  volume.HddsVolume (HddsVolume.java:<init>(176)) - Creating Volume: /workdir/hadoop-ozone/integration-test/target/test-dir/MiniOzoneClusterImpl-439681d3-64da-4b85-98e7-707fc1fcf72a/datanode-5/data/containers/hdds of  storage type : DISK and capacity : 1482555576320
2019-09-25 17:38:57,179 [main] INFO  volume.VolumeSet (VolumeSet.java:initializeVolumeSet(170)) - Added Volume : /workdir/hadoop-ozone/integration-test/target/test-dir/MiniOzoneClusterImpl-439681d3-64da-4b85-98e7-707fc1fcf72a/datanode-5/data/containers/hdds to VolumeSet
2019-09-25 17:38:57,180 [main] INFO  volume.ThrottledAsyncChecker (ThrottledAsyncChecker.java:schedule(139)) - Scheduling a check for org.apache.hadoop.ozone.container.common.volume.HddsVolume@3b4ef59f
2019-09-25 17:38:57,180 [main] INFO  volume.HddsVolumeChecker (HddsVolumeChecker.java:checkAllVolumes(202)) - Scheduled health check for volume org.apache.hadoop.ozone.container.common.volume.HddsVolume@3b4ef59f
2019-09-25 17:38:57,198 [main] INFO  impl.RaftServerProxy (ConfUtils.java:logGet(43)) - raft.rpc.type = GRPC (default)
2019-09-25 17:38:57,198 [main] INFO  grpc.GrpcFactory (GrpcFactory.java:checkPooledByteBufAllocatorUseCacheForAllThreads(45)) - PERFORMANCE WARNING: useCacheForAllThreads is true that may cause Netty to create a lot garbage objects and, as a result, trigger GC.
	It is recommended to disable useCacheForAllThreads by setting -Dorg.apache.ratis.thirdparty.io.netty.allocator.useCacheForAllThreads=false in command line.
2019-09-25 17:38:57,199 [main] INFO  grpc.GrpcConfigKeys$Server (ConfUtils.java:logGet(43)) - raft.grpc.server.port = 0 (default)
2019-09-25 17:38:57,199 [main] INFO  server.GrpcService (ConfUtils.java:logGet(43)) - raft.grpc.message.size.max = 33570816 (custom)
2019-09-25 17:38:57,199 [main] INFO  server.RaftServerConfigKeys (ConfUtils.java:logGet(43)) - raft.server.log.appender.buffer.byte-limit = 33554432 (custom)
2019-09-25 17:38:57,199 [main] INFO  server.GrpcService (ConfUtils.java:logGet(43)) - raft.grpc.flow.control.window = 1MB (=1048576) (default)
2019-09-25 17:38:57,200 [main] INFO  server.RaftServerConfigKeys (ConfUtils.java:logGet(43)) - raft.server.rpc.request.timeout = 3000ms (default)
2019-09-25 17:38:57,200 [main] INFO  server.RaftServerConfigKeys (ConfUtils.java:logGet(43)) - raft.server.storage.dir = [/workdir/hadoop-ozone/integration-test/target/test-dir/MiniOzoneClusterImpl-439681d3-64da-4b85-98e7-707fc1fcf72a/datanode-5/data/ratis] (custom)
2019-09-25 17:38:57,202 [main] INFO  hdfs.DFSUtil (DFSUtil.java:httpServerTemplateForNNAndJN(1641)) - Starting Web-server for hddsDatanode at: http://0.0.0.0:0
2019-09-25 17:38:57,204 [main] INFO  server.AuthenticationFilter (AuthenticationFilter.java:constructSecretProvider(240)) - Unable to initialize FileSignerSecretProvider, falling back to use random secrets.
2019-09-25 17:38:57,205 [main] WARN  http.HttpRequestLog (HttpRequestLog.java:getRequestLog(97)) - Jetty request log can only be enabled using Log4j
2019-09-25 17:38:57,206 [main] INFO  http.HttpServer2 (HttpServer2.java:addGlobalFilter(975)) - Added global filter 'safety' (class=org.apache.hadoop.http.HttpServer2$QuotingInputFilter)
2019-09-25 17:38:57,207 [main] INFO  http.HttpServer2 (HttpServer2.java:addFilter(948)) - Added filter static_user_filter (class=org.apache.hadoop.http.lib.StaticUserWebFilter$StaticUserFilter) to context hddsDatanode
2019-09-25 17:38:57,207 [main] INFO  http.HttpServer2 (HttpServer2.java:addFilter(958)) - Added filter static_user_filter (class=org.apache.hadoop.http.lib.StaticUserWebFilter$StaticUserFilter) to context static
2019-09-25 17:38:57,207 [main] INFO  http.HttpServer2 (HttpServer2.java:addFilter(958)) - Added filter static_user_filter (class=org.apache.hadoop.http.lib.StaticUserWebFilter$StaticUserFilter) to context logs
2019-09-25 17:38:57,208 [main] INFO  http.HttpServer2 (HttpServer2.java:bindListener(1191)) - Jetty bound to port 40135
2019-09-25 17:38:57,208 [main] INFO  server.Server (Server.java:doStart(351)) - jetty-9.3.25.v20180904, build timestamp: 2018-09-04T21:11:46Z, git hash: 3ce520221d0240229c862b122d2b06c12a625732
2019-09-25 17:38:57,211 [main] INFO  handler.ContextHandler (ContextHandler.java:doStart(781)) - Started o.e.j.s.ServletContextHandler@3487442d{/logs,file:///workdir/hadoop-ozone/integration-test/target/log,AVAILABLE}
2019-09-25 17:38:57,211 [main] INFO  handler.ContextHandler (ContextHandler.java:doStart(781)) - Started o.e.j.s.ServletContextHandler@3a3f96ab{/static,jar:file:/home/user/.m2/repository/org/apache/hadoop/hadoop-hdds-container-service/0.5.0-SNAPSHOT/hadoop-hdds-container-service-0.5.0-SNAPSHOT.jar!/webapps/static,AVAILABLE}
2019-09-25 17:38:57,244 [main] INFO  handler.ContextHandler (ContextHandler.java:doStart(781)) - Started o.e.j.w.WebAppContext@747f6c5a{/,file:///tmp/jetty-0.0.0.0-40135-hddsDatanode-_-any-77763691689419831.dir/webapp/,AVAILABLE}{/hddsDatanode}
2019-09-25 17:38:57,245 [main] INFO  server.AbstractConnector (AbstractConnector.java:doStart(278)) - Started ServerConnector@66e341e9{HTTP/1.1,[http/1.1]}{0.0.0.0:40135}
2019-09-25 17:38:57,246 [main] INFO  server.Server (Server.java:doStart(419)) - Started @440679ms
2019-09-25 17:38:57,247 [main] WARN  impl.MetricsSystemImpl (MetricsSystemImpl.java:register(276)) - Sink prometheus already exists!
2019-09-25 17:38:57,247 [main] INFO  server.BaseHttpServer (BaseHttpServer.java:updateConnectorAddress(215)) - HTTP server of HDDSDATANODE is listening at http://0.0.0.0:40135
2019-09-25 17:38:57,247 [main] INFO  impl.MetricsSystemImpl (MetricsSystemImpl.java:init(158)) - HddsDatanode metrics system started (again)
2019-09-25 17:38:57,252 [org.apache.hadoop.util.JvmPauseMonitor$Monitor@29bf2609] INFO  util.JvmPauseMonitor (JvmPauseMonitor.java:run(188)) - Starting JVM pause monitor
2019-09-25 17:38:57,253 [main] INFO  ozone.HddsDatanodeService (HddsDatanodeService.java:start(184)) - HddsDatanodeService host:pr-hdds-2174-qcxnv-2820930021 ip:192.168.164.232
2019-09-25 17:38:57,253 [Datanode State Machine Thread - 0] INFO  datanode.InitDatanodeState (InitDatanodeState.java:persistContainerDatanodeDetails(140)) - DatanodeDetails is persisted to /workdir/hadoop-ozone/integration-test/target/test-dir/MiniOzoneClusterImpl-439681d3-64da-4b85-98e7-707fc1fcf72a/datanode-5/meta/datanode.id
2019-09-25 17:38:57,259 [main] INFO  volume.HddsVolume (HddsVolume.java:<init>(176)) - Creating Volume: /workdir/hadoop-ozone/integration-test/target/test-dir/MiniOzoneClusterImpl-439681d3-64da-4b85-98e7-707fc1fcf72a/datanode-6/data/containers/hdds of  storage type : DISK and capacity : 1482555576320
2019-09-25 17:38:57,259 [main] INFO  volume.VolumeSet (VolumeSet.java:initializeVolumeSet(170)) - Added Volume : /workdir/hadoop-ozone/integration-test/target/test-dir/MiniOzoneClusterImpl-439681d3-64da-4b85-98e7-707fc1fcf72a/datanode-6/data/containers/hdds to VolumeSet
2019-09-25 17:38:57,260 [main] INFO  volume.ThrottledAsyncChecker (ThrottledAsyncChecker.java:schedule(139)) - Scheduling a check for org.apache.hadoop.ozone.container.common.volume.HddsVolume@5dbab232
2019-09-25 17:38:57,260 [main] INFO  volume.HddsVolumeChecker (HddsVolumeChecker.java:checkAllVolumes(202)) - Scheduled health check for volume org.apache.hadoop.ozone.container.common.volume.HddsVolume@5dbab232
2019-09-25 17:38:57,275 [main] INFO  impl.RaftServerProxy (ConfUtils.java:logGet(43)) - raft.rpc.type = GRPC (default)
2019-09-25 17:38:57,275 [main] INFO  grpc.GrpcFactory (GrpcFactory.java:checkPooledByteBufAllocatorUseCacheForAllThreads(45)) - PERFORMANCE WARNING: useCacheForAllThreads is true that may cause Netty to create a lot garbage objects and, as a result, trigger GC.
	It is recommended to disable useCacheForAllThreads by setting -Dorg.apache.ratis.thirdparty.io.netty.allocator.useCacheForAllThreads=false in command line.
2019-09-25 17:38:57,275 [main] INFO  grpc.GrpcConfigKeys$Server (ConfUtils.java:logGet(43)) - raft.grpc.server.port = 0 (default)
2019-09-25 17:38:57,275 [main] INFO  server.GrpcService (ConfUtils.java:logGet(43)) - raft.grpc.message.size.max = 33570816 (custom)
2019-09-25 17:38:57,276 [main] INFO  server.RaftServerConfigKeys (ConfUtils.java:logGet(43)) - raft.server.log.appender.buffer.byte-limit = 33554432 (custom)
2019-09-25 17:38:57,276 [main] INFO  server.GrpcService (ConfUtils.java:logGet(43)) - raft.grpc.flow.control.window = 1MB (=1048576) (default)
2019-09-25 17:38:57,276 [main] INFO  server.RaftServerConfigKeys (ConfUtils.java:logGet(43)) - raft.server.rpc.request.timeout = 3000ms (default)
2019-09-25 17:38:57,276 [main] INFO  server.RaftServerConfigKeys (ConfUtils.java:logGet(43)) - raft.server.storage.dir = [/workdir/hadoop-ozone/integration-test/target/test-dir/MiniOzoneClusterImpl-439681d3-64da-4b85-98e7-707fc1fcf72a/datanode-6/data/ratis] (custom)
2019-09-25 17:38:57,278 [main] INFO  hdfs.DFSUtil (DFSUtil.java:httpServerTemplateForNNAndJN(1641)) - Starting Web-server for hddsDatanode at: http://0.0.0.0:0
2019-09-25 17:38:57,279 [main] INFO  server.AuthenticationFilter (AuthenticationFilter.java:constructSecretProvider(240)) - Unable to initialize FileSignerSecretProvider, falling back to use random secrets.
2019-09-25 17:38:57,280 [main] WARN  http.HttpRequestLog (HttpRequestLog.java:getRequestLog(97)) - Jetty request log can only be enabled using Log4j
2019-09-25 17:38:57,282 [main] INFO  http.HttpServer2 (HttpServer2.java:addGlobalFilter(975)) - Added global filter 'safety' (class=org.apache.hadoop.http.HttpServer2$QuotingInputFilter)
2019-09-25 17:38:57,282 [main] INFO  http.HttpServer2 (HttpServer2.java:addFilter(948)) - Added filter static_user_filter (class=org.apache.hadoop.http.lib.StaticUserWebFilter$StaticUserFilter) to context hddsDatanode
2019-09-25 17:38:57,282 [main] INFO  http.HttpServer2 (HttpServer2.java:addFilter(958)) - Added filter static_user_filter (class=org.apache.hadoop.http.lib.StaticUserWebFilter$StaticUserFilter) to context static
2019-09-25 17:38:57,283 [main] INFO  http.HttpServer2 (HttpServer2.java:addFilter(958)) - Added filter static_user_filter (class=org.apache.hadoop.http.lib.StaticUserWebFilter$StaticUserFilter) to context logs
2019-09-25 17:38:57,283 [main] INFO  http.HttpServer2 (HttpServer2.java:bindListener(1191)) - Jetty bound to port 39814
2019-09-25 17:38:57,284 [main] INFO  server.Server (Server.java:doStart(351)) - jetty-9.3.25.v20180904, build timestamp: 2018-09-04T21:11:46Z, git hash: 3ce520221d0240229c862b122d2b06c12a625732
2019-09-25 17:38:57,285 [main] INFO  handler.ContextHandler (ContextHandler.java:doStart(781)) - Started o.e.j.s.ServletContextHandler@6f1fa1d0{/logs,file:///workdir/hadoop-ozone/integration-test/target/log,AVAILABLE}
2019-09-25 17:38:57,286 [main] INFO  handler.ContextHandler (ContextHandler.java:doStart(781)) - Started o.e.j.s.ServletContextHandler@52ba685a{/static,jar:file:/home/user/.m2/repository/org/apache/hadoop/hadoop-hdds-container-service/0.5.0-SNAPSHOT/hadoop-hdds-container-service-0.5.0-SNAPSHOT.jar!/webapps/static,AVAILABLE}
2019-09-25 17:38:57,322 [main] INFO  handler.ContextHandler (ContextHandler.java:doStart(781)) - Started o.e.j.w.WebAppContext@3c18942{/,file:///tmp/jetty-0.0.0.0-39814-hddsDatanode-_-any-6649719158200946538.dir/webapp/,AVAILABLE}{/hddsDatanode}
2019-09-25 17:38:57,323 [main] INFO  server.AbstractConnector (AbstractConnector.java:doStart(278)) - Started ServerConnector@743c3520{HTTP/1.1,[http/1.1]}{0.0.0.0:39814}
2019-09-25 17:38:57,324 [main] INFO  server.Server (Server.java:doStart(419)) - Started @440757ms
2019-09-25 17:38:57,325 [main] WARN  impl.MetricsSystemImpl (MetricsSystemImpl.java:register(276)) - Sink prometheus already exists!
2019-09-25 17:38:57,325 [main] INFO  server.BaseHttpServer (BaseHttpServer.java:updateConnectorAddress(215)) - HTTP server of HDDSDATANODE is listening at http://0.0.0.0:39814
2019-09-25 17:38:57,326 [main] INFO  ozone.MiniOzoneClusterImpl (MiniOzoneClusterImpl.java:lambda$waitForClusterToBeReady$0(147)) - Waiting for cluster to be ready. Got 0 of 7 DN Heartbeats.
2019-09-25 17:38:57,327 [org.apache.hadoop.util.JvmPauseMonitor$Monitor@196bc7e7] INFO  util.JvmPauseMonitor (JvmPauseMonitor.java:run(188)) - Starting JVM pause monitor
2019-09-25 17:38:57,328 [Datanode State Machine Thread - 0] INFO  datanode.InitDatanodeState (InitDatanodeState.java:persistContainerDatanodeDetails(140)) - DatanodeDetails is persisted to /workdir/hadoop-ozone/integration-test/target/test-dir/MiniOzoneClusterImpl-439681d3-64da-4b85-98e7-707fc1fcf72a/datanode-6/meta/datanode.id
2019-09-25 17:38:58,326 [main] INFO  ozone.MiniOzoneClusterImpl (MiniOzoneClusterImpl.java:lambda$waitForClusterToBeReady$0(147)) - Waiting for cluster to be ready. Got 0 of 7 DN Heartbeats.
2019-09-25 17:38:59,327 [main] INFO  ozone.MiniOzoneClusterImpl (MiniOzoneClusterImpl.java:lambda$waitForClusterToBeReady$0(147)) - Waiting for cluster to be ready. Got 0 of 7 DN Heartbeats.
2019-09-25 17:39:00,327 [main] INFO  ozone.MiniOzoneClusterImpl (MiniOzoneClusterImpl.java:lambda$waitForClusterToBeReady$0(147)) - Waiting for cluster to be ready. Got 0 of 7 DN Heartbeats.
2019-09-25 17:39:01,334 [main] INFO  ozone.MiniOzoneClusterImpl (MiniOzoneClusterImpl.java:lambda$waitForClusterToBeReady$0(147)) - Waiting for cluster to be ready. Got 0 of 7 DN Heartbeats.
2019-09-25 17:39:02,335 [main] INFO  ozone.MiniOzoneClusterImpl (MiniOzoneClusterImpl.java:lambda$waitForClusterToBeReady$0(147)) - Waiting for cluster to be ready. Got 0 of 7 DN Heartbeats.
2019-09-25 17:39:03,335 [main] INFO  ozone.MiniOzoneClusterImpl (MiniOzoneClusterImpl.java:lambda$waitForClusterToBeReady$0(147)) - Waiting for cluster to be ready. Got 0 of 7 DN Heartbeats.
2019-09-25 17:39:04,336 [main] INFO  ozone.MiniOzoneClusterImpl (MiniOzoneClusterImpl.java:lambda$waitForClusterToBeReady$0(147)) - Waiting for cluster to be ready. Got 0 of 7 DN Heartbeats.
2019-09-25 17:39:05,337 [main] INFO  ozone.MiniOzoneClusterImpl (MiniOzoneClusterImpl.java:lambda$waitForClusterToBeReady$0(147)) - Waiting for cluster to be ready. Got 0 of 7 DN Heartbeats.
2019-09-25 17:39:06,337 [main] INFO  ozone.MiniOzoneClusterImpl (MiniOzoneClusterImpl.java:lambda$waitForClusterToBeReady$0(147)) - Waiting for cluster to be ready. Got 0 of 7 DN Heartbeats.
2019-09-25 17:39:07,338 [main] INFO  ozone.MiniOzoneClusterImpl (MiniOzoneClusterImpl.java:lambda$waitForClusterToBeReady$0(147)) - Waiting for cluster to be ready. Got 0 of 7 DN Heartbeats.
2019-09-25 17:39:08,338 [main] INFO  ozone.MiniOzoneClusterImpl (MiniOzoneClusterImpl.java:lambda$waitForClusterToBeReady$0(147)) - Waiting for cluster to be ready. Got 0 of 7 DN Heartbeats.
2019-09-25 17:39:08,543 [Datanode State Machine Thread - 0] INFO  ozoneimpl.OzoneContainer (OzoneContainer.java:start(217)) - Attempting to start container services.
2019-09-25 17:39:08,544 [Datanode State Machine Thread - 0] INFO  ozoneimpl.OzoneContainer (OzoneContainer.java:startContainerScrub(179)) - Background container scanner has been disabled.
2019-09-25 17:39:08,544 [Datanode State Machine Thread - 0] INFO  ozoneimpl.OzoneContainer (OzoneContainer.java:start(217)) - Attempting to start container services.
2019-09-25 17:39:08,544 [Datanode State Machine Thread - 0] INFO  ozoneimpl.OzoneContainer (OzoneContainer.java:start(217)) - Attempting to start container services.
2019-09-25 17:39:08,544 [Datanode State Machine Thread - 0] INFO  ratis.XceiverServerRatis (XceiverServerRatis.java:start(411)) - Starting XceiverServerRatis 5438351b-ff2f-4cba-beb7-59d41aac9b86 at port 0
2019-09-25 17:39:08,544 [Datanode State Machine Thread - 0] INFO  ozoneimpl.OzoneContainer (OzoneContainer.java:start(217)) - Attempting to start container services.
2019-09-25 17:39:08,544 [Datanode State Machine Thread - 0] INFO  ozoneimpl.OzoneContainer (OzoneContainer.java:start(217)) - Attempting to start container services.
2019-09-25 17:39:08,544 [Datanode State Machine Thread - 0] INFO  ozoneimpl.OzoneContainer (OzoneContainer.java:start(217)) - Attempting to start container services.
2019-09-25 17:39:08,545 [Datanode State Machine Thread - 0] INFO  ozoneimpl.OzoneContainer (OzoneContainer.java:startContainerScrub(179)) - Background container scanner has been disabled.
2019-09-25 17:39:08,545 [Datanode State Machine Thread - 0] INFO  ozoneimpl.OzoneContainer (OzoneContainer.java:startContainerScrub(179)) - Background container scanner has been disabled.
2019-09-25 17:39:08,544 [Datanode State Machine Thread - 0] INFO  ozoneimpl.OzoneContainer (OzoneContainer.java:startContainerScrub(179)) - Background container scanner has been disabled.
2019-09-25 17:39:08,546 [Datanode State Machine Thread - 0] INFO  ratis.XceiverServerRatis (XceiverServerRatis.java:start(411)) - Starting XceiverServerRatis 3ec7e880-e928-4941-b8f6-c8b4ac4bfea9 at port 0
2019-09-25 17:39:08,544 [Datanode State Machine Thread - 0] INFO  ozoneimpl.OzoneContainer (OzoneContainer.java:start(217)) - Attempting to start container services.
2019-09-25 17:39:08,544 [Datanode State Machine Thread - 0] INFO  ozoneimpl.OzoneContainer (OzoneContainer.java:startContainerScrub(179)) - Background container scanner has been disabled.
2019-09-25 17:39:08,546 [Datanode State Machine Thread - 0] INFO  ozoneimpl.OzoneContainer (OzoneContainer.java:startContainerScrub(179)) - Background container scanner has been disabled.
2019-09-25 17:39:08,545 [Datanode State Machine Thread - 0] INFO  ratis.XceiverServerRatis (XceiverServerRatis.java:start(411)) - Starting XceiverServerRatis aef8c539-e26d-4b05-bf2d-d22dfb6dca90 at port 0
2019-09-25 17:39:08,545 [Datanode State Machine Thread - 0] INFO  ratis.XceiverServerRatis (XceiverServerRatis.java:start(411)) - Starting XceiverServerRatis 3c05e510-6915-4b7b-9ae3-8ad11ab09515 at port 0
2019-09-25 17:39:08,545 [Datanode State Machine Thread - 0] INFO  ozoneimpl.OzoneContainer (OzoneContainer.java:startContainerScrub(179)) - Background container scanner has been disabled.
2019-09-25 17:39:08,546 [Datanode State Machine Thread - 0] INFO  ratis.XceiverServerRatis (XceiverServerRatis.java:start(411)) - Starting XceiverServerRatis a2389647-2746-4532-8d28-1d3f97518474 at port 0
2019-09-25 17:39:08,546 [Datanode State Machine Thread - 0] INFO  ratis.XceiverServerRatis (XceiverServerRatis.java:start(411)) - Starting XceiverServerRatis f03bab29-cec5-4c64-9189-7e5e31aec38d at port 0
2019-09-25 17:39:08,547 [Datanode State Machine Thread - 0] INFO  ratis.XceiverServerRatis (XceiverServerRatis.java:start(411)) - Starting XceiverServerRatis 2a0aecae-049e-4606-8a85-9e3403624ec8 at port 0
2019-09-25 17:39:08,600 [Datanode State Machine Thread - 0] INFO  impl.RaftServerProxy (RaftServerProxy.java:lambda$start$3(299)) - f03bab29-cec5-4c64-9189-7e5e31aec38d: start RPC server
2019-09-25 17:39:08,600 [Datanode State Machine Thread - 0] INFO  impl.RaftServerProxy (RaftServerProxy.java:lambda$start$3(299)) - 5438351b-ff2f-4cba-beb7-59d41aac9b86: start RPC server
2019-09-25 17:39:08,602 [Datanode State Machine Thread - 0] INFO  impl.RaftServerProxy (RaftServerProxy.java:lambda$start$3(299)) - 3ec7e880-e928-4941-b8f6-c8b4ac4bfea9: start RPC server
2019-09-25 17:39:08,602 [Datanode State Machine Thread - 0] INFO  impl.RaftServerProxy (RaftServerProxy.java:lambda$start$3(299)) - 3c05e510-6915-4b7b-9ae3-8ad11ab09515: start RPC server
2019-09-25 17:39:08,602 [Datanode State Machine Thread - 0] INFO  impl.RaftServerProxy (RaftServerProxy.java:lambda$start$3(299)) - aef8c539-e26d-4b05-bf2d-d22dfb6dca90: start RPC server
2019-09-25 17:39:08,605 [Datanode State Machine Thread - 0] INFO  server.GrpcService (GrpcService.java:startImpl(158)) - f03bab29-cec5-4c64-9189-7e5e31aec38d: GrpcService started, listening on 0.0.0.0/0.0.0.0:39129
2019-09-25 17:39:08,605 [Datanode State Machine Thread - 0] INFO  server.GrpcService (GrpcService.java:startImpl(158)) - 3c05e510-6915-4b7b-9ae3-8ad11ab09515: GrpcService started, listening on 0.0.0.0/0.0.0.0:41182
2019-09-25 17:39:08,605 [Datanode State Machine Thread - 0] INFO  server.GrpcService (GrpcService.java:startImpl(158)) - aef8c539-e26d-4b05-bf2d-d22dfb6dca90: GrpcService started, listening on 0.0.0.0/0.0.0.0:39766
2019-09-25 17:39:08,605 [Datanode State Machine Thread - 0] INFO  server.GrpcService (GrpcService.java:startImpl(158)) - 5438351b-ff2f-4cba-beb7-59d41aac9b86: GrpcService started, listening on 0.0.0.0/0.0.0.0:35106
2019-09-25 17:39:08,605 [Datanode State Machine Thread - 0] INFO  server.GrpcService (GrpcService.java:startImpl(158)) - 3ec7e880-e928-4941-b8f6-c8b4ac4bfea9: GrpcService started, listening on 0.0.0.0/0.0.0.0:37332
2019-09-25 17:39:08,606 [Datanode State Machine Thread - 0] INFO  ratis.XceiverServerRatis (XceiverServerRatis.java:start(421)) - XceiverServerRatis 5438351b-ff2f-4cba-beb7-59d41aac9b86 is started using port 35106
2019-09-25 17:39:08,605 [Datanode State Machine Thread - 0] INFO  ratis.XceiverServerRatis (XceiverServerRatis.java:start(421)) - XceiverServerRatis aef8c539-e26d-4b05-bf2d-d22dfb6dca90 is started using port 39766
2019-09-25 17:39:08,605 [Datanode State Machine Thread - 0] INFO  ratis.XceiverServerRatis (XceiverServerRatis.java:start(421)) - XceiverServerRatis 3c05e510-6915-4b7b-9ae3-8ad11ab09515 is started using port 41182
2019-09-25 17:39:08,605 [Datanode State Machine Thread - 0] INFO  ratis.XceiverServerRatis (XceiverServerRatis.java:start(421)) - XceiverServerRatis f03bab29-cec5-4c64-9189-7e5e31aec38d is started using port 39129
2019-09-25 17:39:08,609 [Datanode State Machine Thread - 0] INFO  impl.RaftServerProxy (RaftServerProxy.java:lambda$start$3(299)) - a2389647-2746-4532-8d28-1d3f97518474: start RPC server
2019-09-25 17:39:08,609 [Datanode State Machine Thread - 0] INFO  server.XceiverServerGrpc (XceiverServerGrpc.java:start(149)) - XceiverServerGrpc 5438351b-ff2f-4cba-beb7-59d41aac9b86 is started using port 46237
2019-09-25 17:39:08,606 [Datanode State Machine Thread - 0] INFO  ratis.XceiverServerRatis (XceiverServerRatis.java:start(421)) - XceiverServerRatis 3ec7e880-e928-4941-b8f6-c8b4ac4bfea9 is started using port 37332
2019-09-25 17:39:08,611 [Datanode State Machine Thread - 0] INFO  server.XceiverServerGrpc (XceiverServerGrpc.java:start(149)) - XceiverServerGrpc 3c05e510-6915-4b7b-9ae3-8ad11ab09515 is started using port 44141
2019-09-25 17:39:08,611 [Datanode State Machine Thread - 0] INFO  impl.RaftServerProxy (RaftServerProxy.java:lambda$start$3(299)) - 2a0aecae-049e-4606-8a85-9e3403624ec8: start RPC server
2019-09-25 17:39:08,609 [Datanode State Machine Thread - 0] INFO  server.XceiverServerGrpc (XceiverServerGrpc.java:start(149)) - XceiverServerGrpc aef8c539-e26d-4b05-bf2d-d22dfb6dca90 is started using port 41614
2019-09-25 17:39:08,616 [Datanode State Machine Thread - 0] INFO  server.GrpcService (GrpcService.java:startImpl(158)) - a2389647-2746-4532-8d28-1d3f97518474: GrpcService started, listening on 0.0.0.0/0.0.0.0:41701
2019-09-25 17:39:08,616 [Datanode State Machine Thread - 0] INFO  server.XceiverServerGrpc (XceiverServerGrpc.java:start(149)) - XceiverServerGrpc 3ec7e880-e928-4941-b8f6-c8b4ac4bfea9 is started using port 33624
2019-09-25 17:39:08,618 [Datanode State Machine Thread - 0] INFO  server.GrpcService (GrpcService.java:startImpl(158)) - 2a0aecae-049e-4606-8a85-9e3403624ec8: GrpcService started, listening on 0.0.0.0/0.0.0.0:37868
2019-09-25 17:39:08,615 [Datanode State Machine Thread - 0] INFO  server.XceiverServerGrpc (XceiverServerGrpc.java:start(149)) - XceiverServerGrpc f03bab29-cec5-4c64-9189-7e5e31aec38d is started using port 35166
2019-09-25 17:39:08,618 [Datanode State Machine Thread - 0] INFO  ratis.XceiverServerRatis (XceiverServerRatis.java:start(421)) - XceiverServerRatis 2a0aecae-049e-4606-8a85-9e3403624ec8 is started using port 37868
2019-09-25 17:39:08,616 [Datanode State Machine Thread - 0] INFO  ratis.XceiverServerRatis (XceiverServerRatis.java:start(421)) - XceiverServerRatis a2389647-2746-4532-8d28-1d3f97518474 is started using port 41701
2019-09-25 17:39:08,623 [Datanode State Machine Thread - 0] INFO  server.XceiverServerGrpc (XceiverServerGrpc.java:start(149)) - XceiverServerGrpc 2a0aecae-049e-4606-8a85-9e3403624ec8 is started using port 46463
2019-09-25 17:39:08,623 [Datanode State Machine Thread - 0] INFO  server.XceiverServerGrpc (XceiverServerGrpc.java:start(149)) - XceiverServerGrpc a2389647-2746-4532-8d28-1d3f97518474 is started using port 32875
2019-09-25 17:39:08,933 [IPC Server handler 3 on 42073] INFO  net.NetworkTopology (NetworkTopologyImpl.java:add(111)) - Added a new node: /default-rack/5438351b-ff2f-4cba-beb7-59d41aac9b86
2019-09-25 17:39:08,935 [IPC Server handler 3 on 42073] INFO  node.SCMNodeManager (SCMNodeManager.java:register(266)) - Registered Data node : 5438351b-ff2f-4cba-beb7-59d41aac9b86{ip: 192.168.164.232, host: pr-hdds-2174-qcxnv-2820930021, networkLocation: /default-rack, certSerialId: null}
2019-09-25 17:39:08,936 [EventQueue-NodeRegistrationContainerReportForDataNodeSafeModeRule] INFO  safemode.SCMSafeModeManager (DataNodeSafeModeRule.java:process(71)) - SCM in safe mode. 1 DataNodes registered, 1 required.
2019-09-25 17:39:08,939 [EventQueue-NodeRegistrationContainerReportForDataNodeSafeModeRule] INFO  safemode.SCMSafeModeManager (SCMSafeModeManager.java:validateSafeModeExitRules(177)) - ScmSafeModeManager, all rules are successfully validated
2019-09-25 17:39:08,939 [EventQueue-NodeRegistrationContainerReportForDataNodeSafeModeRule] INFO  safemode.SCMSafeModeManager (SCMSafeModeManager.java:exitSafeMode(193)) - SCM exiting safe mode.
2019-09-25 17:39:08,947 [grpc-default-executor-0] INFO  impl.RaftServerProxy (RaftServerProxy.java:addNew(89)) - 5438351b-ff2f-4cba-beb7-59d41aac9b86: addNew group-915012A56DD6:[5438351b-ff2f-4cba-beb7-59d41aac9b86:192.168.164.232:35106] returns group-915012A56DD6:java.util.concurrent.CompletableFuture@54922828[Not completed]
2019-09-25 17:39:08,949 [pool-383-thread-1] INFO  impl.RaftServerImpl (RaftServerImpl.java:<init>(95)) - 5438351b-ff2f-4cba-beb7-59d41aac9b86: new RaftServerImpl for group-915012A56DD6:[5438351b-ff2f-4cba-beb7-59d41aac9b86:192.168.164.232:35106] with ContainerStateMachine:uninitialized
2019-09-25 17:39:08,949 [pool-383-thread-1] INFO  server.RaftServerConfigKeys (ConfUtils.java:logGet(43)) - raft.server.rpc.timeout.min = 5s (custom)
2019-09-25 17:39:08,949 [pool-383-thread-1] INFO  server.RaftServerConfigKeys (ConfUtils.java:logGet(43)) - raft.server.rpc.timeout.max = 5200ms (custom)
2019-09-25 17:39:08,949 [pool-383-thread-1] INFO  server.RaftServerConfigKeys (ConfUtils.java:logGet(43)) - raft.server.rpcslowness.timeout = 120s (custom)
2019-09-25 17:39:08,949 [pool-383-thread-1] INFO  server.RaftServerConfigKeys (ConfUtils.java:logGet(43)) - raft.server.sleep.deviation.threshold = 300 (default)
2019-09-25 17:39:08,949 [pool-383-thread-1] INFO  server.RaftServerConfigKeys (ConfUtils.java:logGet(43)) - raft.server.log.appender.install.snapshot.enabled = false (custom)
2019-09-25 17:39:08,950 [pool-383-thread-1] INFO  impl.RaftServerImpl (ServerState.java:<init>(103)) - 5438351b-ff2f-4cba-beb7-59d41aac9b86@group-915012A56DD6: ConfigurationManager, init=-1: [5438351b-ff2f-4cba-beb7-59d41aac9b86:192.168.164.232:35106], old=null, confs=<EMPTY_MAP>
2019-09-25 17:39:08,950 [pool-383-thread-1] INFO  server.RaftServerConfigKeys (ConfUtils.java:logGet(43)) - raft.server.storage.dir = [/workdir/hadoop-ozone/integration-test/target/test-dir/MiniOzoneClusterImpl-439681d3-64da-4b85-98e7-707fc1fcf72a/datanode-0/data/ratis] (custom)
2019-09-25 17:39:08,950 [pool-383-thread-1] INFO  storage.RaftStorageDirectory (RaftStorageDirectory.java:analyzeStorage(246)) - The storage directory /workdir/hadoop-ozone/integration-test/target/test-dir/MiniOzoneClusterImpl-439681d3-64da-4b85-98e7-707fc1fcf72a/datanode-0/data/ratis/1cccc06c-b7b0-4fa6-8d8f-915012a56dd6 does not exist. Creating ...
2019-09-25 17:39:08,965 [pool-383-thread-1] INFO  storage.RaftStorageDirectory (RaftStorageDirectory.java:tryLock(328)) - Lock on /workdir/hadoop-ozone/integration-test/target/test-dir/MiniOzoneClusterImpl-439681d3-64da-4b85-98e7-707fc1fcf72a/datanode-0/data/ratis/1cccc06c-b7b0-4fa6-8d8f-915012a56dd6/in_use.lock acquired by nodename 20008@pr-hdds-2174-qcxnv-2820930021
2019-09-25 17:39:08,978 [pool-383-thread-1] INFO  storage.RaftStorage (RaftStorage.java:format(72)) - Storage directory /workdir/hadoop-ozone/integration-test/target/test-dir/MiniOzoneClusterImpl-439681d3-64da-4b85-98e7-707fc1fcf72a/datanode-0/data/ratis/1cccc06c-b7b0-4fa6-8d8f-915012a56dd6 has been successfully formatted.
2019-09-25 17:39:08,978 [pool-383-thread-1] INFO  ratis.ContainerStateMachine (ContainerStateMachine.java:loadSnapshot(230)) - group-915012A56DD6: The snapshot info is null. Setting the last applied indexto:(t:0, i:~)
2019-09-25 17:39:08,978 [pool-383-thread-1] INFO  server.RaftServerConfigKeys (ConfUtils.java:logGet(43)) - raft.server.notification.no-leader.timeout = 120s (custom)
2019-09-25 17:39:08,978 [pool-383-thread-1] INFO  server.RaftServerConfigKeys (ConfUtils.java:logGet(43)) - raft.server.log.use.memory = false (default)
2019-09-25 17:39:08,978 [pool-383-thread-1] INFO  server.RaftServerConfigKeys (ConfUtils.java:logGet(43)) - raft.server.log.purge.gap = 1000000 (custom)
2019-09-25 17:39:08,979 [pool-383-thread-1] INFO  server.RaftServerConfigKeys (ConfUtils.java:logGet(43)) - raft.server.log.appender.buffer.byte-limit = 33554432 (custom)
2019-09-25 17:39:08,979 [pool-383-thread-1] INFO  server.RaftServerConfigKeys (ConfUtils.java:logGet(43)) - raft.server.log.segment.size.max = 1048576 (custom)
2019-09-25 17:39:08,981 [pool-383-thread-1] INFO  server.RaftServerConfigKeys (ConfUtils.java:logGet(43)) - raft.server.log.segment.cache.num.max = 2 (custom)
2019-09-25 17:39:08,981 [pool-383-thread-1] INFO  segmented.SegmentedRaftLogWorker (SegmentedRaftLogWorker.java:<init>(172)) - new 5438351b-ff2f-4cba-beb7-59d41aac9b86@group-915012A56DD6-SegmentedRaftLogWorker for RaftStorage:Storage Directory /workdir/hadoop-ozone/integration-test/target/test-dir/MiniOzoneClusterImpl-439681d3-64da-4b85-98e7-707fc1fcf72a/datanode-0/data/ratis/1cccc06c-b7b0-4fa6-8d8f-915012a56dd6
2019-09-25 17:39:08,982 [IPC Server handler 2 on 42073] INFO  net.NetworkTopology (NetworkTopologyImpl.java:add(111)) - Added a new node: /default-rack/3ec7e880-e928-4941-b8f6-c8b4ac4bfea9
2019-09-25 17:39:08,982 [IPC Server handler 2 on 42073] INFO  node.SCMNodeManager (SCMNodeManager.java:register(266)) - Registered Data node : 3ec7e880-e928-4941-b8f6-c8b4ac4bfea9{ip: 192.168.164.232, host: pr-hdds-2174-qcxnv-2820930021, networkLocation: /default-rack, certSerialId: null}
2019-09-25 17:39:08,983 [pool-383-thread-1] INFO  server.RaftServerConfigKeys (ConfUtils.java:logGet(43)) - raft.server.log.queue.byte-limit = 2147483647 (custom)
2019-09-25 17:39:08,983 [pool-383-thread-1] INFO  server.RaftServerConfigKeys (ConfUtils.java:logGet(43)) - raft.server.log.queue.element-limit = 1024 (custom)
2019-09-25 17:39:08,983 [pool-383-thread-1] INFO  server.RaftServerConfigKeys (ConfUtils.java:logGet(43)) - raft.server.log.segment.size.max = 1048576 (custom)
2019-09-25 17:39:08,984 [pool-383-thread-1] INFO  server.RaftServerConfigKeys (ConfUtils.java:logGet(43)) - raft.server.log.preallocated.size = 16384 (custom)
2019-09-25 17:39:08,984 [pool-383-thread-1] INFO  server.RaftServerConfigKeys (ConfUtils.java:logGet(43)) - raft.server.log.write.buffer.size = 33554432 (custom)
2019-09-25 17:39:08,984 [pool-383-thread-1] INFO  server.RaftServerConfigKeys (ConfUtils.java:logGet(43)) - raft.server.log.force.sync.num = 128 (default)
2019-09-25 17:39:08,984 [pool-383-thread-1] INFO  server.RaftServerConfigKeys (ConfUtils.java:logGet(43)) - raft.server.log.statemachine.data.sync = true (default)
2019-09-25 17:39:08,984 [pool-383-thread-1] INFO  server.RaftServerConfigKeys (ConfUtils.java:logGet(43)) - raft.server.log.statemachine.data.sync.timeout = 10s (default)
2019-09-25 17:39:08,984 [pool-383-thread-1] INFO  server.RaftServerConfigKeys (ConfUtils.java:logGet(43)) - raft.server.log.statemachine.data.sync.timeout.retry = -1 (default)
2019-09-25 17:39:08,984 [pool-383-thread-1] INFO  server.RaftServerConfigKeys (ConfUtils.java:logGet(43)) - raft.server.log.statemachine.data.caching.enabled = true (custom)
2019-09-25 17:39:08,985 [pool-383-thread-1] INFO  segmented.SegmentedRaftLogWorker (SegmentedRaftLogWorker.java:lambda$new$0(132)) - 5438351b-ff2f-4cba-beb7-59d41aac9b86@group-915012A56DD6-SegmentedRaftLogWorker: flushIndex: setUnconditionally 0 -> -1
2019-09-25 17:39:08,985 [pool-383-thread-1] INFO  server.RaftServerConfigKeys (ConfUtils.java:logGet(43)) - raft.server.snapshot.auto.trigger.enabled = true (custom)
2019-09-25 17:39:08,985 [pool-383-thread-1] INFO  server.RaftServerConfigKeys (ConfUtils.java:logGet(43)) - raft.server.snapshot.auto.trigger.threshold = 10000 (custom)
2019-09-25 17:39:08,985 [pool-383-thread-1] INFO  server.RaftServerConfigKeys (ConfUtils.java:logGet(43)) - raft.server.snapshot.retention.num.files = 5 (custom)
2019-09-25 17:39:08,985 [pool-383-thread-1] INFO  server.RaftServerConfigKeys (ConfUtils.java:logGet(43)) - raft.server.retrycache.expirytime = 600000ms (custom)
2019-09-25 17:39:08,987 [pool-383-thread-1] INFO  impl.RaftServerImpl (RaftServerImpl.java:start(185)) - 5438351b-ff2f-4cba-beb7-59d41aac9b86@group-915012A56DD6: start as a follower, conf=-1: [5438351b-ff2f-4cba-beb7-59d41aac9b86:192.168.164.232:35106], old=null
2019-09-25 17:39:08,987 [pool-383-thread-1] INFO  impl.RaftServerImpl (RaftServerImpl.java:setRole(174)) - 5438351b-ff2f-4cba-beb7-59d41aac9b86@group-915012A56DD6: changes role from      null to FOLLOWER at term 0 for startAsFollower
2019-09-25 17:39:08,987 [pool-383-thread-1] INFO  impl.RoleInfo (RoleInfo.java:updateAndGet(143)) - 5438351b-ff2f-4cba-beb7-59d41aac9b86: start FollowerState
2019-09-25 17:39:08,988 [pool-383-thread-1] INFO  util.JmxRegister (JmxRegister.java:tryRegister(44)) - Successfully registered JMX Bean with object name Ratis:service=RaftServer,group=group-915012A56DD6,id=5438351b-ff2f-4cba-beb7-59d41aac9b86
2019-09-25 17:39:08,991 [RatisPipelineUtilsThread] INFO  pipeline.PipelineStateManager (PipelineStateManager.java:addPipeline(56)) - Created pipeline Pipeline[ Id: 1cccc06c-b7b0-4fa6-8d8f-915012a56dd6, Nodes: 5438351b-ff2f-4cba-beb7-59d41aac9b86{ip: 192.168.164.232, host: pr-hdds-2174-qcxnv-2820930021, networkLocation: /default-rack, certSerialId: null}, Type:RATIS, Factor:ONE, State:OPEN]
2019-09-25 17:39:08,995 [grpc-default-executor-0] INFO  impl.RaftServerProxy (RaftServerProxy.java:addNew(89)) - 3ec7e880-e928-4941-b8f6-c8b4ac4bfea9: addNew group-2E917C82D73C:[3ec7e880-e928-4941-b8f6-c8b4ac4bfea9:192.168.164.232:37332] returns group-2E917C82D73C:java.util.concurrent.CompletableFuture@50097a71[Not completed]
2019-09-25 17:39:08,998 [pool-393-thread-1] INFO  impl.RaftServerImpl (RaftServerImpl.java:<init>(95)) - 3ec7e880-e928-4941-b8f6-c8b4ac4bfea9: new RaftServerImpl for group-2E917C82D73C:[3ec7e880-e928-4941-b8f6-c8b4ac4bfea9:192.168.164.232:37332] with ContainerStateMachine:uninitialized
2019-09-25 17:39:08,998 [pool-393-thread-1] INFO  server.RaftServerConfigKeys (ConfUtils.java:logGet(43)) - raft.server.rpc.timeout.min = 5s (custom)
2019-09-25 17:39:08,998 [pool-393-thread-1] INFO  server.RaftServerConfigKeys (ConfUtils.java:logGet(43)) - raft.server.rpc.timeout.max = 5200ms (custom)
2019-09-25 17:39:08,998 [pool-393-thread-1] INFO  server.RaftServerConfigKeys (ConfUtils.java:logGet(43)) - raft.server.rpcslowness.timeout = 120s (custom)
2019-09-25 17:39:08,999 [pool-393-thread-1] INFO  server.RaftServerConfigKeys (ConfUtils.java:logGet(43)) - raft.server.sleep.deviation.threshold = 300 (default)
2019-09-25 17:39:08,999 [pool-393-thread-1] INFO  server.RaftServerConfigKeys (ConfUtils.java:logGet(43)) - raft.server.log.appender.install.snapshot.enabled = false (custom)
2019-09-25 17:39:08,999 [pool-393-thread-1] INFO  impl.RaftServerImpl (ServerState.java:<init>(103)) - 3ec7e880-e928-4941-b8f6-c8b4ac4bfea9@group-2E917C82D73C: ConfigurationManager, init=-1: [3ec7e880-e928-4941-b8f6-c8b4ac4bfea9:192.168.164.232:37332], old=null, confs=<EMPTY_MAP>
2019-09-25 17:39:08,999 [pool-393-thread-1] INFO  server.RaftServerConfigKeys (ConfUtils.java:logGet(43)) - raft.server.storage.dir = [/workdir/hadoop-ozone/integration-test/target/test-dir/MiniOzoneClusterImpl-439681d3-64da-4b85-98e7-707fc1fcf72a/datanode-1/data/ratis] (custom)
2019-09-25 17:39:09,000 [pool-393-thread-1] INFO  storage.RaftStorageDirectory (RaftStorageDirectory.java:analyzeStorage(246)) - The storage directory /workdir/hadoop-ozone/integration-test/target/test-dir/MiniOzoneClusterImpl-439681d3-64da-4b85-98e7-707fc1fcf72a/datanode-1/data/ratis/77fd8f60-ee15-4306-8f3d-2e917c82d73c does not exist. Creating ...
2019-09-25 17:39:09,012 [pool-393-thread-1] INFO  storage.RaftStorageDirectory (RaftStorageDirectory.java:tryLock(328)) - Lock on /workdir/hadoop-ozone/integration-test/target/test-dir/MiniOzoneClusterImpl-439681d3-64da-4b85-98e7-707fc1fcf72a/datanode-1/data/ratis/77fd8f60-ee15-4306-8f3d-2e917c82d73c/in_use.lock acquired by nodename 20008@pr-hdds-2174-qcxnv-2820930021
2019-09-25 17:39:09,025 [pool-393-thread-1] INFO  storage.RaftStorage (RaftStorage.java:format(72)) - Storage directory /workdir/hadoop-ozone/integration-test/target/test-dir/MiniOzoneClusterImpl-439681d3-64da-4b85-98e7-707fc1fcf72a/datanode-1/data/ratis/77fd8f60-ee15-4306-8f3d-2e917c82d73c has been successfully formatted.
2019-09-25 17:39:09,026 [pool-393-thread-1] INFO  ratis.ContainerStateMachine (ContainerStateMachine.java:loadSnapshot(230)) - group-2E917C82D73C: The snapshot info is null. Setting the last applied indexto:(t:0, i:~)
2019-09-25 17:39:09,026 [pool-393-thread-1] INFO  server.RaftServerConfigKeys (ConfUtils.java:logGet(43)) - raft.server.notification.no-leader.timeout = 120s (custom)
2019-09-25 17:39:09,026 [pool-393-thread-1] INFO  server.RaftServerConfigKeys (ConfUtils.java:logGet(43)) - raft.server.log.use.memory = false (default)
2019-09-25 17:39:09,026 [pool-393-thread-1] INFO  server.RaftServerConfigKeys (ConfUtils.java:logGet(43)) - raft.server.log.purge.gap = 1000000 (custom)
2019-09-25 17:39:09,026 [pool-393-thread-1] INFO  server.RaftServerConfigKeys (ConfUtils.java:logGet(43)) - raft.server.log.appender.buffer.byte-limit = 33554432 (custom)
2019-09-25 17:39:09,027 [pool-393-thread-1] INFO  server.RaftServerConfigKeys (ConfUtils.java:logGet(43)) - raft.server.log.segment.size.max = 1048576 (custom)
2019-09-25 17:39:09,027 [pool-393-thread-1] INFO  server.RaftServerConfigKeys (ConfUtils.java:logGet(43)) - raft.server.log.segment.cache.num.max = 2 (custom)
2019-09-25 17:39:09,027 [pool-393-thread-1] INFO  segmented.SegmentedRaftLogWorker (SegmentedRaftLogWorker.java:<init>(172)) - new 3ec7e880-e928-4941-b8f6-c8b4ac4bfea9@group-2E917C82D73C-SegmentedRaftLogWorker for RaftStorage:Storage Directory /workdir/hadoop-ozone/integration-test/target/test-dir/MiniOzoneClusterImpl-439681d3-64da-4b85-98e7-707fc1fcf72a/datanode-1/data/ratis/77fd8f60-ee15-4306-8f3d-2e917c82d73c
2019-09-25 17:39:09,031 [pool-393-thread-1] INFO  server.RaftServerConfigKeys (ConfUtils.java:logGet(43)) - raft.server.log.queue.byte-limit = 2147483647 (custom)
2019-09-25 17:39:09,031 [pool-393-thread-1] INFO  server.RaftServerConfigKeys (ConfUtils.java:logGet(43)) - raft.server.log.queue.element-limit = 1024 (custom)
2019-09-25 17:39:09,031 [pool-393-thread-1] INFO  server.RaftServerConfigKeys (ConfUtils.java:logGet(43)) - raft.server.log.segment.size.max = 1048576 (custom)
2019-09-25 17:39:09,031 [pool-393-thread-1] INFO  server.RaftServerConfigKeys (ConfUtils.java:logGet(43)) - raft.server.log.preallocated.size = 16384 (custom)
2019-09-25 17:39:09,031 [pool-393-thread-1] INFO  server.RaftServerConfigKeys (ConfUtils.java:logGet(43)) - raft.server.log.write.buffer.size = 33554432 (custom)
2019-09-25 17:39:09,032 [pool-393-thread-1] INFO  server.RaftServerConfigKeys (ConfUtils.java:logGet(43)) - raft.server.log.force.sync.num = 128 (default)
2019-09-25 17:39:09,032 [pool-393-thread-1] INFO  server.RaftServerConfigKeys (ConfUtils.java:logGet(43)) - raft.server.log.statemachine.data.sync = true (default)
2019-09-25 17:39:09,032 [pool-393-thread-1] INFO  server.RaftServerConfigKeys (ConfUtils.java:logGet(43)) - raft.server.log.statemachine.data.sync.timeout = 10s (default)
2019-09-25 17:39:09,032 [pool-393-thread-1] INFO  server.RaftServerConfigKeys (ConfUtils.java:logGet(43)) - raft.server.log.statemachine.data.sync.timeout.retry = -1 (default)
2019-09-25 17:39:09,032 [pool-393-thread-1] INFO  server.RaftServerConfigKeys (ConfUtils.java:logGet(43)) - raft.server.log.statemachine.data.caching.enabled = true (custom)
2019-09-25 17:39:09,033 [pool-393-thread-1] INFO  segmented.SegmentedRaftLogWorker (SegmentedRaftLogWorker.java:lambda$new$0(132)) - 3ec7e880-e928-4941-b8f6-c8b4ac4bfea9@group-2E917C82D73C-SegmentedRaftLogWorker: flushIndex: setUnconditionally 0 -> -1
2019-09-25 17:39:09,033 [pool-393-thread-1] INFO  server.RaftServerConfigKeys (ConfUtils.java:logGet(43)) - raft.server.snapshot.auto.trigger.enabled = true (custom)
2019-09-25 17:39:09,033 [pool-393-thread-1] INFO  server.RaftServerConfigKeys (ConfUtils.java:logGet(43)) - raft.server.snapshot.auto.trigger.threshold = 10000 (custom)
2019-09-25 17:39:09,033 [pool-393-thread-1] INFO  server.RaftServerConfigKeys (ConfUtils.java:logGet(43)) - raft.server.snapshot.retention.num.files = 5 (custom)
2019-09-25 17:39:09,034 [pool-393-thread-1] INFO  server.RaftServerConfigKeys (ConfUtils.java:logGet(43)) - raft.server.retrycache.expirytime = 600000ms (custom)
2019-09-25 17:39:09,036 [pool-393-thread-1] INFO  impl.RaftServerImpl (RaftServerImpl.java:start(185)) - 3ec7e880-e928-4941-b8f6-c8b4ac4bfea9@group-2E917C82D73C: start as a follower, conf=-1: [3ec7e880-e928-4941-b8f6-c8b4ac4bfea9:192.168.164.232:37332], old=null
2019-09-25 17:39:09,036 [pool-393-thread-1] INFO  impl.RaftServerImpl (RaftServerImpl.java:setRole(174)) - 3ec7e880-e928-4941-b8f6-c8b4ac4bfea9@group-2E917C82D73C: changes role from      null to FOLLOWER at term 0 for startAsFollower
2019-09-25 17:39:09,036 [pool-393-thread-1] INFO  impl.RoleInfo (RoleInfo.java:updateAndGet(143)) - 3ec7e880-e928-4941-b8f6-c8b4ac4bfea9: start FollowerState
2019-09-25 17:39:09,036 [pool-393-thread-1] INFO  util.JmxRegister (JmxRegister.java:tryRegister(44)) - Successfully registered JMX Bean with object name Ratis:service=RaftServer,group=group-2E917C82D73C,id=3ec7e880-e928-4941-b8f6-c8b4ac4bfea9
2019-09-25 17:39:09,039 [RatisPipelineUtilsThread] INFO  pipeline.PipelineStateManager (PipelineStateManager.java:addPipeline(56)) - Created pipeline Pipeline[ Id: 77fd8f60-ee15-4306-8f3d-2e917c82d73c, Nodes: 3ec7e880-e928-4941-b8f6-c8b4ac4bfea9{ip: 192.168.164.232, host: pr-hdds-2174-qcxnv-2820930021, networkLocation: /default-rack, certSerialId: null}, Type:RATIS, Factor:ONE, State:OPEN]
2019-09-25 17:39:09,065 [IPC Server handler 4 on 42073] INFO  net.NetworkTopology (NetworkTopologyImpl.java:add(111)) - Added a new node: /default-rack/aef8c539-e26d-4b05-bf2d-d22dfb6dca90
2019-09-25 17:39:09,065 [IPC Server handler 4 on 42073] INFO  node.SCMNodeManager (SCMNodeManager.java:register(266)) - Registered Data node : aef8c539-e26d-4b05-bf2d-d22dfb6dca90{ip: 192.168.164.232, host: pr-hdds-2174-qcxnv-2820930021, networkLocation: /default-rack, certSerialId: null}
2019-09-25 17:39:09,070 [grpc-default-executor-0] INFO  impl.RaftServerProxy (RaftServerProxy.java:addNew(89)) - aef8c539-e26d-4b05-bf2d-d22dfb6dca90: addNew group-351988B9CD62:[aef8c539-e26d-4b05-bf2d-d22dfb6dca90:192.168.164.232:39766] returns group-351988B9CD62:java.util.concurrent.CompletableFuture@613037ab[Not completed]
2019-09-25 17:39:09,071 [pool-403-thread-1] INFO  impl.RaftServerImpl (RaftServerImpl.java:<init>(95)) - aef8c539-e26d-4b05-bf2d-d22dfb6dca90: new RaftServerImpl for group-351988B9CD62:[aef8c539-e26d-4b05-bf2d-d22dfb6dca90:192.168.164.232:39766] with ContainerStateMachine:uninitialized
2019-09-25 17:39:09,071 [pool-403-thread-1] INFO  server.RaftServerConfigKeys (ConfUtils.java:logGet(43)) - raft.server.rpc.timeout.min = 5s (custom)
2019-09-25 17:39:09,072 [pool-403-thread-1] INFO  server.RaftServerConfigKeys (ConfUtils.java:logGet(43)) - raft.server.rpc.timeout.max = 5200ms (custom)
2019-09-25 17:39:09,072 [pool-403-thread-1] INFO  server.RaftServerConfigKeys (ConfUtils.java:logGet(43)) - raft.server.rpcslowness.timeout = 120s (custom)
2019-09-25 17:39:09,072 [pool-403-thread-1] INFO  server.RaftServerConfigKeys (ConfUtils.java:logGet(43)) - raft.server.sleep.deviation.threshold = 300 (default)
2019-09-25 17:39:09,072 [pool-403-thread-1] INFO  server.RaftServerConfigKeys (ConfUtils.java:logGet(43)) - raft.server.log.appender.install.snapshot.enabled = false (custom)
2019-09-25 17:39:09,072 [pool-403-thread-1] INFO  impl.RaftServerImpl (ServerState.java:<init>(103)) - aef8c539-e26d-4b05-bf2d-d22dfb6dca90@group-351988B9CD62: ConfigurationManager, init=-1: [aef8c539-e26d-4b05-bf2d-d22dfb6dca90:192.168.164.232:39766], old=null, confs=<EMPTY_MAP>
2019-09-25 17:39:09,072 [pool-403-thread-1] INFO  server.RaftServerConfigKeys (ConfUtils.java:logGet(43)) - raft.server.storage.dir = [/workdir/hadoop-ozone/integration-test/target/test-dir/MiniOzoneClusterImpl-439681d3-64da-4b85-98e7-707fc1fcf72a/datanode-2/data/ratis] (custom)
2019-09-25 17:39:09,073 [pool-403-thread-1] INFO  storage.RaftStorageDirectory (RaftStorageDirectory.java:analyzeStorage(246)) - The storage directory /workdir/hadoop-ozone/integration-test/target/test-dir/MiniOzoneClusterImpl-439681d3-64da-4b85-98e7-707fc1fcf72a/datanode-2/data/ratis/77074700-cab0-4a42-a1ec-351988b9cd62 does not exist. Creating ...
2019-09-25 17:39:09,085 [pool-403-thread-1] INFO  storage.RaftStorageDirectory (RaftStorageDirectory.java:tryLock(328)) - Lock on /workdir/hadoop-ozone/integration-test/target/test-dir/MiniOzoneClusterImpl-439681d3-64da-4b85-98e7-707fc1fcf72a/datanode-2/data/ratis/77074700-cab0-4a42-a1ec-351988b9cd62/in_use.lock acquired by nodename 20008@pr-hdds-2174-qcxnv-2820930021
2019-09-25 17:39:09,098 [pool-403-thread-1] INFO  storage.RaftStorage (RaftStorage.java:format(72)) - Storage directory /workdir/hadoop-ozone/integration-test/target/test-dir/MiniOzoneClusterImpl-439681d3-64da-4b85-98e7-707fc1fcf72a/datanode-2/data/ratis/77074700-cab0-4a42-a1ec-351988b9cd62 has been successfully formatted.
2019-09-25 17:39:09,098 [pool-403-thread-1] INFO  ratis.ContainerStateMachine (ContainerStateMachine.java:loadSnapshot(230)) - group-351988B9CD62: The snapshot info is null. Setting the last applied indexto:(t:0, i:~)
2019-09-25 17:39:09,098 [pool-403-thread-1] INFO  server.RaftServerConfigKeys (ConfUtils.java:logGet(43)) - raft.server.notification.no-leader.timeout = 120s (custom)
2019-09-25 17:39:09,098 [pool-403-thread-1] INFO  server.RaftServerConfigKeys (ConfUtils.java:logGet(43)) - raft.server.log.use.memory = false (default)
2019-09-25 17:39:09,099 [pool-403-thread-1] INFO  server.RaftServerConfigKeys (ConfUtils.java:logGet(43)) - raft.server.log.purge.gap = 1000000 (custom)
2019-09-25 17:39:09,099 [pool-403-thread-1] INFO  server.RaftServerConfigKeys (ConfUtils.java:logGet(43)) - raft.server.log.appender.buffer.byte-limit = 33554432 (custom)
2019-09-25 17:39:09,099 [pool-403-thread-1] INFO  server.RaftServerConfigKeys (ConfUtils.java:logGet(43)) - raft.server.log.segment.size.max = 1048576 (custom)
2019-09-25 17:39:09,099 [pool-403-thread-1] INFO  server.RaftServerConfigKeys (ConfUtils.java:logGet(43)) - raft.server.log.segment.cache.num.max = 2 (custom)
2019-09-25 17:39:09,099 [pool-403-thread-1] INFO  segmented.SegmentedRaftLogWorker (SegmentedRaftLogWorker.java:<init>(172)) - new aef8c539-e26d-4b05-bf2d-d22dfb6dca90@group-351988B9CD62-SegmentedRaftLogWorker for RaftStorage:Storage Directory /workdir/hadoop-ozone/integration-test/target/test-dir/MiniOzoneClusterImpl-439681d3-64da-4b85-98e7-707fc1fcf72a/datanode-2/data/ratis/77074700-cab0-4a42-a1ec-351988b9cd62
2019-09-25 17:39:09,104 [IPC Server handler 5 on 42073] INFO  net.NetworkTopology (NetworkTopologyImpl.java:add(111)) - Added a new node: /default-rack/3c05e510-6915-4b7b-9ae3-8ad11ab09515
2019-09-25 17:39:09,105 [IPC Server handler 5 on 42073] INFO  node.SCMNodeManager (SCMNodeManager.java:register(266)) - Registered Data node : 3c05e510-6915-4b7b-9ae3-8ad11ab09515{ip: 192.168.164.232, host: pr-hdds-2174-qcxnv-2820930021, networkLocation: /default-rack, certSerialId: null}
2019-09-25 17:39:09,105 [pool-403-thread-1] INFO  server.RaftServerConfigKeys (ConfUtils.java:logGet(43)) - raft.server.log.queue.byte-limit = 2147483647 (custom)
2019-09-25 17:39:09,105 [pool-403-thread-1] INFO  server.RaftServerConfigKeys (ConfUtils.java:logGet(43)) - raft.server.log.queue.element-limit = 1024 (custom)
2019-09-25 17:39:09,105 [pool-403-thread-1] INFO  server.RaftServerConfigKeys (ConfUtils.java:logGet(43)) - raft.server.log.segment.size.max = 1048576 (custom)
2019-09-25 17:39:09,105 [pool-403-thread-1] INFO  server.RaftServerConfigKeys (ConfUtils.java:logGet(43)) - raft.server.log.preallocated.size = 16384 (custom)
2019-09-25 17:39:09,106 [pool-403-thread-1] INFO  server.RaftServerConfigKeys (ConfUtils.java:logGet(43)) - raft.server.log.write.buffer.size = 33554432 (custom)
2019-09-25 17:39:09,106 [pool-403-thread-1] INFO  server.RaftServerConfigKeys (ConfUtils.java:logGet(43)) - raft.server.log.force.sync.num = 128 (default)
2019-09-25 17:39:09,106 [pool-403-thread-1] INFO  server.RaftServerConfigKeys (ConfUtils.java:logGet(43)) - raft.server.log.statemachine.data.sync = true (default)
2019-09-25 17:39:09,106 [pool-403-thread-1] INFO  server.RaftServerConfigKeys (ConfUtils.java:logGet(43)) - raft.server.log.statemachine.data.sync.timeout = 10s (default)
2019-09-25 17:39:09,106 [pool-403-thread-1] INFO  server.RaftServerConfigKeys (ConfUtils.java:logGet(43)) - raft.server.log.statemachine.data.sync.timeout.retry = -1 (default)
2019-09-25 17:39:09,107 [pool-403-thread-1] INFO  server.RaftServerConfigKeys (ConfUtils.java:logGet(43)) - raft.server.log.statemachine.data.caching.enabled = true (custom)
2019-09-25 17:39:09,107 [pool-403-thread-1] INFO  segmented.SegmentedRaftLogWorker (SegmentedRaftLogWorker.java:lambda$new$0(132)) - aef8c539-e26d-4b05-bf2d-d22dfb6dca90@group-351988B9CD62-SegmentedRaftLogWorker: flushIndex: setUnconditionally 0 -> -1
2019-09-25 17:39:09,107 [pool-403-thread-1] INFO  server.RaftServerConfigKeys (ConfUtils.java:logGet(43)) - raft.server.snapshot.auto.trigger.enabled = true (custom)
2019-09-25 17:39:09,108 [pool-403-thread-1] INFO  server.RaftServerConfigKeys (ConfUtils.java:logGet(43)) - raft.server.snapshot.auto.trigger.threshold = 10000 (custom)
2019-09-25 17:39:09,108 [pool-403-thread-1] INFO  server.RaftServerConfigKeys (ConfUtils.java:logGet(43)) - raft.server.snapshot.retention.num.files = 5 (custom)
2019-09-25 17:39:09,108 [pool-403-thread-1] INFO  server.RaftServerConfigKeys (ConfUtils.java:logGet(43)) - raft.server.retrycache.expirytime = 600000ms (custom)
2019-09-25 17:39:09,110 [pool-403-thread-1] INFO  impl.RaftServerImpl (RaftServerImpl.java:start(185)) - aef8c539-e26d-4b05-bf2d-d22dfb6dca90@group-351988B9CD62: start as a follower, conf=-1: [aef8c539-e26d-4b05-bf2d-d22dfb6dca90:192.168.164.232:39766], old=null
2019-09-25 17:39:09,110 [pool-403-thread-1] INFO  impl.RaftServerImpl (RaftServerImpl.java:setRole(174)) - aef8c539-e26d-4b05-bf2d-d22dfb6dca90@group-351988B9CD62: changes role from      null to FOLLOWER at term 0 for startAsFollower
2019-09-25 17:39:09,110 [pool-403-thread-1] INFO  impl.RoleInfo (RoleInfo.java:updateAndGet(143)) - aef8c539-e26d-4b05-bf2d-d22dfb6dca90: start FollowerState
2019-09-25 17:39:09,111 [pool-403-thread-1] INFO  util.JmxRegister (JmxRegister.java:tryRegister(44)) - Successfully registered JMX Bean with object name Ratis:service=RaftServer,group=group-351988B9CD62,id=aef8c539-e26d-4b05-bf2d-d22dfb6dca90
2019-09-25 17:39:09,113 [RatisPipelineUtilsThread] INFO  pipeline.PipelineStateManager (PipelineStateManager.java:addPipeline(56)) - Created pipeline Pipeline[ Id: 77074700-cab0-4a42-a1ec-351988b9cd62, Nodes: aef8c539-e26d-4b05-bf2d-d22dfb6dca90{ip: 192.168.164.232, host: pr-hdds-2174-qcxnv-2820930021, networkLocation: /default-rack, certSerialId: null}, Type:RATIS, Factor:ONE, State:OPEN]
2019-09-25 17:39:09,117 [grpc-default-executor-0] INFO  impl.RaftServerProxy (RaftServerProxy.java:addNew(89)) - 3c05e510-6915-4b7b-9ae3-8ad11ab09515: addNew group-53A6DD6FA1CD:[3c05e510-6915-4b7b-9ae3-8ad11ab09515:192.168.164.232:41182] returns group-53A6DD6FA1CD:java.util.concurrent.CompletableFuture@34493526[Not completed]
2019-09-25 17:39:09,119 [pool-413-thread-1] INFO  impl.RaftServerImpl (RaftServerImpl.java:<init>(95)) - 3c05e510-6915-4b7b-9ae3-8ad11ab09515: new RaftServerImpl for group-53A6DD6FA1CD:[3c05e510-6915-4b7b-9ae3-8ad11ab09515:192.168.164.232:41182] with ContainerStateMachine:uninitialized
2019-09-25 17:39:09,119 [pool-413-thread-1] INFO  server.RaftServerConfigKeys (ConfUtils.java:logGet(43)) - raft.server.rpc.timeout.min = 5s (custom)
2019-09-25 17:39:09,119 [pool-413-thread-1] INFO  server.RaftServerConfigKeys (ConfUtils.java:logGet(43)) - raft.server.rpc.timeout.max = 5200ms (custom)
2019-09-25 17:39:09,120 [pool-413-thread-1] INFO  server.RaftServerConfigKeys (ConfUtils.java:logGet(43)) - raft.server.rpcslowness.timeout = 120s (custom)
2019-09-25 17:39:09,120 [pool-413-thread-1] INFO  server.RaftServerConfigKeys (ConfUtils.java:logGet(43)) - raft.server.sleep.deviation.threshold = 300 (default)
2019-09-25 17:39:09,120 [pool-413-thread-1] INFO  server.RaftServerConfigKeys (ConfUtils.java:logGet(43)) - raft.server.log.appender.install.snapshot.enabled = false (custom)
2019-09-25 17:39:09,120 [pool-413-thread-1] INFO  impl.RaftServerImpl (ServerState.java:<init>(103)) - 3c05e510-6915-4b7b-9ae3-8ad11ab09515@group-53A6DD6FA1CD: ConfigurationManager, init=-1: [3c05e510-6915-4b7b-9ae3-8ad11ab09515:192.168.164.232:41182], old=null, confs=<EMPTY_MAP>
2019-09-25 17:39:09,120 [pool-413-thread-1] INFO  server.RaftServerConfigKeys (ConfUtils.java:logGet(43)) - raft.server.storage.dir = [/workdir/hadoop-ozone/integration-test/target/test-dir/MiniOzoneClusterImpl-439681d3-64da-4b85-98e7-707fc1fcf72a/datanode-3/data/ratis] (custom)
2019-09-25 17:39:09,121 [pool-413-thread-1] INFO  storage.RaftStorageDirectory (RaftStorageDirectory.java:analyzeStorage(246)) - The storage directory /workdir/hadoop-ozone/integration-test/target/test-dir/MiniOzoneClusterImpl-439681d3-64da-4b85-98e7-707fc1fcf72a/datanode-3/data/ratis/58984d00-d77e-46e8-bf10-53a6dd6fa1cd does not exist. Creating ...
2019-09-25 17:39:09,133 [pool-413-thread-1] INFO  storage.RaftStorageDirectory (RaftStorageDirectory.java:tryLock(328)) - Lock on /workdir/hadoop-ozone/integration-test/target/test-dir/MiniOzoneClusterImpl-439681d3-64da-4b85-98e7-707fc1fcf72a/datanode-3/data/ratis/58984d00-d77e-46e8-bf10-53a6dd6fa1cd/in_use.lock acquired by nodename 20008@pr-hdds-2174-qcxnv-2820930021
2019-09-25 17:39:09,146 [pool-413-thread-1] INFO  storage.RaftStorage (RaftStorage.java:format(72)) - Storage directory /workdir/hadoop-ozone/integration-test/target/test-dir/MiniOzoneClusterImpl-439681d3-64da-4b85-98e7-707fc1fcf72a/datanode-3/data/ratis/58984d00-d77e-46e8-bf10-53a6dd6fa1cd has been successfully formatted.
2019-09-25 17:39:09,146 [pool-413-thread-1] INFO  ratis.ContainerStateMachine (ContainerStateMachine.java:loadSnapshot(230)) - group-53A6DD6FA1CD: The snapshot info is null. Setting the last applied indexto:(t:0, i:~)
2019-09-25 17:39:09,147 [pool-413-thread-1] INFO  server.RaftServerConfigKeys (ConfUtils.java:logGet(43)) - raft.server.notification.no-leader.timeout = 120s (custom)
2019-09-25 17:39:09,147 [pool-413-thread-1] INFO  server.RaftServerConfigKeys (ConfUtils.java:logGet(43)) - raft.server.log.use.memory = false (default)
2019-09-25 17:39:09,147 [pool-413-thread-1] INFO  server.RaftServerConfigKeys (ConfUtils.java:logGet(43)) - raft.server.log.purge.gap = 1000000 (custom)
2019-09-25 17:39:09,147 [pool-413-thread-1] INFO  server.RaftServerConfigKeys (ConfUtils.java:logGet(43)) - raft.server.log.appender.buffer.byte-limit = 33554432 (custom)
2019-09-25 17:39:09,147 [pool-413-thread-1] INFO  server.RaftServerConfigKeys (ConfUtils.java:logGet(43)) - raft.server.log.segment.size.max = 1048576 (custom)
2019-09-25 17:39:09,147 [pool-413-thread-1] INFO  server.RaftServerConfigKeys (ConfUtils.java:logGet(43)) - raft.server.log.segment.cache.num.max = 2 (custom)
2019-09-25 17:39:09,147 [pool-413-thread-1] INFO  segmented.SegmentedRaftLogWorker (SegmentedRaftLogWorker.java:<init>(172)) - new 3c05e510-6915-4b7b-9ae3-8ad11ab09515@group-53A6DD6FA1CD-SegmentedRaftLogWorker for RaftStorage:Storage Directory /workdir/hadoop-ozone/integration-test/target/test-dir/MiniOzoneClusterImpl-439681d3-64da-4b85-98e7-707fc1fcf72a/datanode-3/data/ratis/58984d00-d77e-46e8-bf10-53a6dd6fa1cd
2019-09-25 17:39:09,150 [pool-413-thread-1] INFO  server.RaftServerConfigKeys (ConfUtils.java:logGet(43)) - raft.server.log.queue.byte-limit = 2147483647 (custom)
2019-09-25 17:39:09,150 [pool-413-thread-1] INFO  server.RaftServerConfigKeys (ConfUtils.java:logGet(43)) - raft.server.log.queue.element-limit = 1024 (custom)
2019-09-25 17:39:09,151 [pool-413-thread-1] INFO  server.RaftServerConfigKeys (ConfUtils.java:logGet(43)) - raft.server.log.segment.size.max = 1048576 (custom)
2019-09-25 17:39:09,151 [pool-413-thread-1] INFO  server.RaftServerConfigKeys (ConfUtils.java:logGet(43)) - raft.server.log.preallocated.size = 16384 (custom)
2019-09-25 17:39:09,151 [pool-413-thread-1] INFO  server.RaftServerConfigKeys (ConfUtils.java:logGet(43)) - raft.server.log.write.buffer.size = 33554432 (custom)
2019-09-25 17:39:09,151 [pool-413-thread-1] INFO  server.RaftServerConfigKeys (ConfUtils.java:logGet(43)) - raft.server.log.force.sync.num = 128 (default)
2019-09-25 17:39:09,151 [pool-413-thread-1] INFO  server.RaftServerConfigKeys (ConfUtils.java:logGet(43)) - raft.server.log.statemachine.data.sync = true (default)
2019-09-25 17:39:09,151 [pool-413-thread-1] INFO  server.RaftServerConfigKeys (ConfUtils.java:logGet(43)) - raft.server.log.statemachine.data.sync.timeout = 10s (default)
2019-09-25 17:39:09,152 [pool-413-thread-1] INFO  server.RaftServerConfigKeys (ConfUtils.java:logGet(43)) - raft.server.log.statemachine.data.sync.timeout.retry = -1 (default)
2019-09-25 17:39:09,152 [pool-413-thread-1] INFO  server.RaftServerConfigKeys (ConfUtils.java:logGet(43)) - raft.server.log.statemachine.data.caching.enabled = true (custom)
2019-09-25 17:39:09,153 [pool-413-thread-1] INFO  segmented.SegmentedRaftLogWorker (SegmentedRaftLogWorker.java:lambda$new$0(132)) - 3c05e510-6915-4b7b-9ae3-8ad11ab09515@group-53A6DD6FA1CD-SegmentedRaftLogWorker: flushIndex: setUnconditionally 0 -> -1
2019-09-25 17:39:09,153 [pool-413-thread-1] INFO  server.RaftServerConfigKeys (ConfUtils.java:logGet(43)) - raft.server.snapshot.auto.trigger.enabled = true (custom)
2019-09-25 17:39:09,153 [pool-413-thread-1] INFO  server.RaftServerConfigKeys (ConfUtils.java:logGet(43)) - raft.server.snapshot.auto.trigger.threshold = 10000 (custom)
2019-09-25 17:39:09,153 [pool-413-thread-1] INFO  server.RaftServerConfigKeys (ConfUtils.java:logGet(43)) - raft.server.snapshot.retention.num.files = 5 (custom)
2019-09-25 17:39:09,154 [pool-413-thread-1] INFO  server.RaftServerConfigKeys (ConfUtils.java:logGet(43)) - raft.server.retrycache.expirytime = 600000ms (custom)
2019-09-25 17:39:09,156 [pool-413-thread-1] INFO  impl.RaftServerImpl (RaftServerImpl.java:start(185)) - 3c05e510-6915-4b7b-9ae3-8ad11ab09515@group-53A6DD6FA1CD: start as a follower, conf=-1: [3c05e510-6915-4b7b-9ae3-8ad11ab09515:192.168.164.232:41182], old=null
2019-09-25 17:39:09,156 [pool-413-thread-1] INFO  impl.RaftServerImpl (RaftServerImpl.java:setRole(174)) - 3c05e510-6915-4b7b-9ae3-8ad11ab09515@group-53A6DD6FA1CD: changes role from      null to FOLLOWER at term 0 for startAsFollower
2019-09-25 17:39:09,156 [pool-413-thread-1] INFO  impl.RoleInfo (RoleInfo.java:updateAndGet(143)) - 3c05e510-6915-4b7b-9ae3-8ad11ab09515: start FollowerState
2019-09-25 17:39:09,157 [pool-413-thread-1] INFO  util.JmxRegister (JmxRegister.java:tryRegister(44)) - Successfully registered JMX Bean with object name Ratis:service=RaftServer,group=group-53A6DD6FA1CD,id=3c05e510-6915-4b7b-9ae3-8ad11ab09515
2019-09-25 17:39:09,159 [RatisPipelineUtilsThread] INFO  pipeline.PipelineStateManager (PipelineStateManager.java:addPipeline(56)) - Created pipeline Pipeline[ Id: 58984d00-d77e-46e8-bf10-53a6dd6fa1cd, Nodes: 3c05e510-6915-4b7b-9ae3-8ad11ab09515{ip: 192.168.164.232, host: pr-hdds-2174-qcxnv-2820930021, networkLocation: /default-rack, certSerialId: null}, Type:RATIS, Factor:ONE, State:OPEN]
2019-09-25 17:39:09,174 [IPC Server handler 7 on 42073] INFO  net.NetworkTopology (NetworkTopologyImpl.java:add(111)) - Added a new node: /default-rack/2a0aecae-049e-4606-8a85-9e3403624ec8
2019-09-25 17:39:09,174 [IPC Server handler 7 on 42073] INFO  node.SCMNodeManager (SCMNodeManager.java:register(266)) - Registered Data node : 2a0aecae-049e-4606-8a85-9e3403624ec8{ip: 192.168.164.232, host: pr-hdds-2174-qcxnv-2820930021, networkLocation: /default-rack, certSerialId: null}
2019-09-25 17:39:09,175 [grpc-default-executor-9] INFO  impl.RaftServerProxy (RaftServerProxy.java:addNew(89)) - 3c05e510-6915-4b7b-9ae3-8ad11ab09515: addNew group-C4B24B798944:[aef8c539-e26d-4b05-bf2d-d22dfb6dca90:192.168.164.232:39766, 3c05e510-6915-4b7b-9ae3-8ad11ab09515:192.168.164.232:41182, 3ec7e880-e928-4941-b8f6-c8b4ac4bfea9:192.168.164.232:37332] returns group-C4B24B798944:java.util.concurrent.CompletableFuture@305f74b1[Not completed]
2019-09-25 17:39:09,175 [grpc-default-executor-8] INFO  impl.RaftServerProxy (RaftServerProxy.java:addNew(89)) - 3ec7e880-e928-4941-b8f6-c8b4ac4bfea9: addNew group-C4B24B798944:[aef8c539-e26d-4b05-bf2d-d22dfb6dca90:192.168.164.232:39766, 3c05e510-6915-4b7b-9ae3-8ad11ab09515:192.168.164.232:41182, 3ec7e880-e928-4941-b8f6-c8b4ac4bfea9:192.168.164.232:37332] returns group-C4B24B798944:java.util.concurrent.CompletableFuture@2ff77e1[Not completed]
2019-09-25 17:39:09,176 [grpc-default-executor-8] INFO  impl.RaftServerProxy (RaftServerProxy.java:addNew(89)) - aef8c539-e26d-4b05-bf2d-d22dfb6dca90: addNew group-C4B24B798944:[aef8c539-e26d-4b05-bf2d-d22dfb6dca90:192.168.164.232:39766, 3c05e510-6915-4b7b-9ae3-8ad11ab09515:192.168.164.232:41182, 3ec7e880-e928-4941-b8f6-c8b4ac4bfea9:192.168.164.232:37332] returns group-C4B24B798944:java.util.concurrent.CompletableFuture@58f7695d[Not completed]
2019-09-25 17:39:09,177 [pool-413-thread-1] INFO  impl.RaftServerImpl (RaftServerImpl.java:<init>(95)) - 3c05e510-6915-4b7b-9ae3-8ad11ab09515: new RaftServerImpl for group-C4B24B798944:[aef8c539-e26d-4b05-bf2d-d22dfb6dca90:192.168.164.232:39766, 3c05e510-6915-4b7b-9ae3-8ad11ab09515:192.168.164.232:41182, 3ec7e880-e928-4941-b8f6-c8b4ac4bfea9:192.168.164.232:37332] with ContainerStateMachine:uninitialized
2019-09-25 17:39:09,177 [pool-413-thread-1] INFO  server.RaftServerConfigKeys (ConfUtils.java:logGet(43)) - raft.server.rpc.timeout.min = 5s (custom)
2019-09-25 17:39:09,177 [pool-413-thread-1] INFO  server.RaftServerConfigKeys (ConfUtils.java:logGet(43)) - raft.server.rpc.timeout.max = 5200ms (custom)
2019-09-25 17:39:09,177 [pool-413-thread-1] INFO  server.RaftServerConfigKeys (ConfUtils.java:logGet(43)) - raft.server.rpcslowness.timeout = 120s (custom)
2019-09-25 17:39:09,177 [pool-413-thread-1] INFO  server.RaftServerConfigKeys (ConfUtils.java:logGet(43)) - raft.server.sleep.deviation.threshold = 300 (default)
2019-09-25 17:39:09,177 [pool-413-thread-1] INFO  server.RaftServerConfigKeys (ConfUtils.java:logGet(43)) - raft.server.log.appender.install.snapshot.enabled = false (custom)
2019-09-25 17:39:09,178 [pool-413-thread-1] INFO  impl.RaftServerImpl (ServerState.java:<init>(103)) - 3c05e510-6915-4b7b-9ae3-8ad11ab09515@group-C4B24B798944: ConfigurationManager, init=-1: [aef8c539-e26d-4b05-bf2d-d22dfb6dca90:192.168.164.232:39766, 3c05e510-6915-4b7b-9ae3-8ad11ab09515:192.168.164.232:41182, 3ec7e880-e928-4941-b8f6-c8b4ac4bfea9:192.168.164.232:37332], old=null, confs=<EMPTY_MAP>
2019-09-25 17:39:09,178 [pool-413-thread-1] INFO  server.RaftServerConfigKeys (ConfUtils.java:logGet(43)) - raft.server.storage.dir = [/workdir/hadoop-ozone/integration-test/target/test-dir/MiniOzoneClusterImpl-439681d3-64da-4b85-98e7-707fc1fcf72a/datanode-3/data/ratis] (custom)
2019-09-25 17:39:09,178 [pool-393-thread-1] INFO  impl.RaftServerImpl (RaftServerImpl.java:<init>(95)) - 3ec7e880-e928-4941-b8f6-c8b4ac4bfea9: new RaftServerImpl for group-C4B24B798944:[aef8c539-e26d-4b05-bf2d-d22dfb6dca90:192.168.164.232:39766, 3c05e510-6915-4b7b-9ae3-8ad11ab09515:192.168.164.232:41182, 3ec7e880-e928-4941-b8f6-c8b4ac4bfea9:192.168.164.232:37332] with ContainerStateMachine:uninitialized
2019-09-25 17:39:09,178 [pool-393-thread-1] INFO  server.RaftServerConfigKeys (ConfUtils.java:logGet(43)) - raft.server.rpc.timeout.min = 5s (custom)
2019-09-25 17:39:09,178 [pool-413-thread-1] INFO  storage.RaftStorageDirectory (RaftStorageDirectory.java:analyzeStorage(246)) - The storage directory /workdir/hadoop-ozone/integration-test/target/test-dir/MiniOzoneClusterImpl-439681d3-64da-4b85-98e7-707fc1fcf72a/datanode-3/data/ratis/80d944dc-9701-46f9-8fad-c4b24b798944 does not exist. Creating ...
2019-09-25 17:39:09,178 [pool-393-thread-1] INFO  server.RaftServerConfigKeys (ConfUtils.java:logGet(43)) - raft.server.rpc.timeout.max = 5200ms (custom)
2019-09-25 17:39:09,179 [pool-393-thread-1] INFO  server.RaftServerConfigKeys (ConfUtils.java:logGet(43)) - raft.server.rpcslowness.timeout = 120s (custom)
2019-09-25 17:39:09,179 [pool-393-thread-1] INFO  server.RaftServerConfigKeys (ConfUtils.java:logGet(43)) - raft.server.sleep.deviation.threshold = 300 (default)
2019-09-25 17:39:09,179 [pool-403-thread-1] INFO  impl.RaftServerImpl (RaftServerImpl.java:<init>(95)) - aef8c539-e26d-4b05-bf2d-d22dfb6dca90: new RaftServerImpl for group-C4B24B798944:[aef8c539-e26d-4b05-bf2d-d22dfb6dca90:192.168.164.232:39766, 3c05e510-6915-4b7b-9ae3-8ad11ab09515:192.168.164.232:41182, 3ec7e880-e928-4941-b8f6-c8b4ac4bfea9:192.168.164.232:37332] with ContainerStateMachine:uninitialized
2019-09-25 17:39:09,179 [pool-393-thread-1] INFO  server.RaftServerConfigKeys (ConfUtils.java:logGet(43)) - raft.server.log.appender.install.snapshot.enabled = false (custom)
2019-09-25 17:39:09,179 [pool-403-thread-1] INFO  server.RaftServerConfigKeys (ConfUtils.java:logGet(43)) - raft.server.rpc.timeout.min = 5s (custom)
2019-09-25 17:39:09,179 [pool-393-thread-1] INFO  impl.RaftServerImpl (ServerState.java:<init>(103)) - 3ec7e880-e928-4941-b8f6-c8b4ac4bfea9@group-C4B24B798944: ConfigurationManager, init=-1: [aef8c539-e26d-4b05-bf2d-d22dfb6dca90:192.168.164.232:39766, 3c05e510-6915-4b7b-9ae3-8ad11ab09515:192.168.164.232:41182, 3ec7e880-e928-4941-b8f6-c8b4ac4bfea9:192.168.164.232:37332], old=null, confs=<EMPTY_MAP>
2019-09-25 17:39:09,180 [pool-403-thread-1] INFO  server.RaftServerConfigKeys (ConfUtils.java:logGet(43)) - raft.server.rpc.timeout.max = 5200ms (custom)
2019-09-25 17:39:09,180 [pool-393-thread-1] INFO  server.RaftServerConfigKeys (ConfUtils.java:logGet(43)) - raft.server.storage.dir = [/workdir/hadoop-ozone/integration-test/target/test-dir/MiniOzoneClusterImpl-439681d3-64da-4b85-98e7-707fc1fcf72a/datanode-1/data/ratis] (custom)
2019-09-25 17:39:09,180 [pool-403-thread-1] INFO  server.RaftServerConfigKeys (ConfUtils.java:logGet(43)) - raft.server.rpcslowness.timeout = 120s (custom)
2019-09-25 17:39:09,180 [pool-403-thread-1] INFO  server.RaftServerConfigKeys (ConfUtils.java:logGet(43)) - raft.server.sleep.deviation.threshold = 300 (default)
2019-09-25 17:39:09,180 [pool-393-thread-1] INFO  storage.RaftStorageDirectory (RaftStorageDirectory.java:analyzeStorage(246)) - The storage directory /workdir/hadoop-ozone/integration-test/target/test-dir/MiniOzoneClusterImpl-439681d3-64da-4b85-98e7-707fc1fcf72a/datanode-1/data/ratis/80d944dc-9701-46f9-8fad-c4b24b798944 does not exist. Creating ...
2019-09-25 17:39:09,180 [pool-403-thread-1] INFO  server.RaftServerConfigKeys (ConfUtils.java:logGet(43)) - raft.server.log.appender.install.snapshot.enabled = false (custom)
2019-09-25 17:39:09,181 [pool-403-thread-1] INFO  impl.RaftServerImpl (ServerState.java:<init>(103)) - aef8c539-e26d-4b05-bf2d-d22dfb6dca90@group-C4B24B798944: ConfigurationManager, init=-1: [aef8c539-e26d-4b05-bf2d-d22dfb6dca90:192.168.164.232:39766, 3c05e510-6915-4b7b-9ae3-8ad11ab09515:192.168.164.232:41182, 3ec7e880-e928-4941-b8f6-c8b4ac4bfea9:192.168.164.232:37332], old=null, confs=<EMPTY_MAP>
2019-09-25 17:39:09,181 [pool-403-thread-1] INFO  server.RaftServerConfigKeys (ConfUtils.java:logGet(43)) - raft.server.storage.dir = [/workdir/hadoop-ozone/integration-test/target/test-dir/MiniOzoneClusterImpl-439681d3-64da-4b85-98e7-707fc1fcf72a/datanode-2/data/ratis] (custom)
2019-09-25 17:39:09,181 [pool-403-thread-1] INFO  storage.RaftStorageDirectory (RaftStorageDirectory.java:analyzeStorage(246)) - The storage directory /workdir/hadoop-ozone/integration-test/target/test-dir/MiniOzoneClusterImpl-439681d3-64da-4b85-98e7-707fc1fcf72a/datanode-2/data/ratis/80d944dc-9701-46f9-8fad-c4b24b798944 does not exist. Creating ...
2019-09-25 17:39:09,192 [pool-393-thread-1] INFO  storage.RaftStorageDirectory (RaftStorageDirectory.java:tryLock(328)) - Lock on /workdir/hadoop-ozone/integration-test/target/test-dir/MiniOzoneClusterImpl-439681d3-64da-4b85-98e7-707fc1fcf72a/datanode-1/data/ratis/80d944dc-9701-46f9-8fad-c4b24b798944/in_use.lock acquired by nodename 20008@pr-hdds-2174-qcxnv-2820930021
2019-09-25 17:39:09,192 [pool-403-thread-1] INFO  storage.RaftStorageDirectory (RaftStorageDirectory.java:tryLock(328)) - Lock on /workdir/hadoop-ozone/integration-test/target/test-dir/MiniOzoneClusterImpl-439681d3-64da-4b85-98e7-707fc1fcf72a/datanode-2/data/ratis/80d944dc-9701-46f9-8fad-c4b24b798944/in_use.lock acquired by nodename 20008@pr-hdds-2174-qcxnv-2820930021
2019-09-25 17:39:09,192 [pool-413-thread-1] INFO  storage.RaftStorageDirectory (RaftStorageDirectory.java:tryLock(328)) - Lock on /workdir/hadoop-ozone/integration-test/target/test-dir/MiniOzoneClusterImpl-439681d3-64da-4b85-98e7-707fc1fcf72a/datanode-3/data/ratis/80d944dc-9701-46f9-8fad-c4b24b798944/in_use.lock acquired by nodename 20008@pr-hdds-2174-qcxnv-2820930021
2019-09-25 17:39:09,205 [pool-403-thread-1] INFO  storage.RaftStorage (RaftStorage.java:format(72)) - Storage directory /workdir/hadoop-ozone/integration-test/target/test-dir/MiniOzoneClusterImpl-439681d3-64da-4b85-98e7-707fc1fcf72a/datanode-2/data/ratis/80d944dc-9701-46f9-8fad-c4b24b798944 has been successfully formatted.
2019-09-25 17:39:09,206 [pool-393-thread-1] INFO  storage.RaftStorage (RaftStorage.java:format(72)) - Storage directory /workdir/hadoop-ozone/integration-test/target/test-dir/MiniOzoneClusterImpl-439681d3-64da-4b85-98e7-707fc1fcf72a/datanode-1/data/ratis/80d944dc-9701-46f9-8fad-c4b24b798944 has been successfully formatted.
2019-09-25 17:39:09,205 [pool-413-thread-1] INFO  storage.RaftStorage (RaftStorage.java:format(72)) - Storage directory /workdir/hadoop-ozone/integration-test/target/test-dir/MiniOzoneClusterImpl-439681d3-64da-4b85-98e7-707fc1fcf72a/datanode-3/data/ratis/80d944dc-9701-46f9-8fad-c4b24b798944 has been successfully formatted.
2019-09-25 17:39:09,206 [pool-403-thread-1] INFO  ratis.ContainerStateMachine (ContainerStateMachine.java:loadSnapshot(230)) - group-C4B24B798944: The snapshot info is null. Setting the last applied indexto:(t:0, i:~)
2019-09-25 17:39:09,206 [pool-393-thread-1] INFO  ratis.ContainerStateMachine (ContainerStateMachine.java:loadSnapshot(230)) - group-C4B24B798944: The snapshot info is null. Setting the last applied indexto:(t:0, i:~)
2019-09-25 17:39:09,206 [pool-403-thread-1] INFO  server.RaftServerConfigKeys (ConfUtils.java:logGet(43)) - raft.server.notification.no-leader.timeout = 120s (custom)
2019-09-25 17:39:09,206 [pool-413-thread-1] INFO  ratis.ContainerStateMachine (ContainerStateMachine.java:loadSnapshot(230)) - group-C4B24B798944: The snapshot info is null. Setting the last applied indexto:(t:0, i:~)
2019-09-25 17:39:09,206 [pool-403-thread-1] INFO  server.RaftServerConfigKeys (ConfUtils.java:logGet(43)) - raft.server.log.use.memory = false (default)
2019-09-25 17:39:09,206 [pool-393-thread-1] INFO  server.RaftServerConfigKeys (ConfUtils.java:logGet(43)) - raft.server.notification.no-leader.timeout = 120s (custom)
2019-09-25 17:39:09,207 [pool-403-thread-1] INFO  server.RaftServerConfigKeys (ConfUtils.java:logGet(43)) - raft.server.log.purge.gap = 1000000 (custom)
2019-09-25 17:39:09,207 [pool-413-thread-1] INFO  server.RaftServerConfigKeys (ConfUtils.java:logGet(43)) - raft.server.notification.no-leader.timeout = 120s (custom)
2019-09-25 17:39:09,207 [pool-403-thread-1] INFO  server.RaftServerConfigKeys (ConfUtils.java:logGet(43)) - raft.server.log.appender.buffer.byte-limit = 33554432 (custom)
2019-09-25 17:39:09,207 [pool-393-thread-1] INFO  server.RaftServerConfigKeys (ConfUtils.java:logGet(43)) - raft.server.log.use.memory = false (default)
2019-09-25 17:39:09,207 [pool-403-thread-1] INFO  server.RaftServerConfigKeys (ConfUtils.java:logGet(43)) - raft.server.log.segment.size.max = 1048576 (custom)
2019-09-25 17:39:09,207 [pool-413-thread-1] INFO  server.RaftServerConfigKeys (ConfUtils.java:logGet(43)) - raft.server.log.use.memory = false (default)
2019-09-25 17:39:09,207 [pool-403-thread-1] INFO  server.RaftServerConfigKeys (ConfUtils.java:logGet(43)) - raft.server.log.segment.cache.num.max = 2 (custom)
2019-09-25 17:39:09,207 [pool-393-thread-1] INFO  server.RaftServerConfigKeys (ConfUtils.java:logGet(43)) - raft.server.log.purge.gap = 1000000 (custom)
2019-09-25 17:39:09,208 [pool-403-thread-1] INFO  segmented.SegmentedRaftLogWorker (SegmentedRaftLogWorker.java:<init>(172)) - new aef8c539-e26d-4b05-bf2d-d22dfb6dca90@group-C4B24B798944-SegmentedRaftLogWorker for RaftStorage:Storage Directory /workdir/hadoop-ozone/integration-test/target/test-dir/MiniOzoneClusterImpl-439681d3-64da-4b85-98e7-707fc1fcf72a/datanode-2/data/ratis/80d944dc-9701-46f9-8fad-c4b24b798944
2019-09-25 17:39:09,208 [pool-413-thread-1] INFO  server.RaftServerConfigKeys (ConfUtils.java:logGet(43)) - raft.server.log.purge.gap = 1000000 (custom)
2019-09-25 17:39:09,208 [pool-403-thread-1] INFO  server.RaftServerConfigKeys (ConfUtils.java:logGet(43)) - raft.server.log.queue.byte-limit = 2147483647 (custom)
2019-09-25 17:39:09,208 [pool-393-thread-1] INFO  server.RaftServerConfigKeys (ConfUtils.java:logGet(43)) - raft.server.log.appender.buffer.byte-limit = 33554432 (custom)
2019-09-25 17:39:09,208 [pool-403-thread-1] INFO  server.RaftServerConfigKeys (ConfUtils.java:logGet(43)) - raft.server.log.queue.element-limit = 1024 (custom)
2019-09-25 17:39:09,208 [pool-413-thread-1] INFO  server.RaftServerConfigKeys (ConfUtils.java:logGet(43)) - raft.server.log.appender.buffer.byte-limit = 33554432 (custom)
2019-09-25 17:39:09,209 [pool-403-thread-1] INFO  server.RaftServerConfigKeys (ConfUtils.java:logGet(43)) - raft.server.log.segment.size.max = 1048576 (custom)
2019-09-25 17:39:09,208 [pool-393-thread-1] INFO  server.RaftServerConfigKeys (ConfUtils.java:logGet(43)) - raft.server.log.segment.size.max = 1048576 (custom)
2019-09-25 17:39:09,209 [pool-403-thread-1] INFO  server.RaftServerConfigKeys (ConfUtils.java:logGet(43)) - raft.server.log.preallocated.size = 16384 (custom)
2019-09-25 17:39:09,209 [pool-413-thread-1] INFO  server.RaftServerConfigKeys (ConfUtils.java:logGet(43)) - raft.server.log.segment.size.max = 1048576 (custom)
2019-09-25 17:39:09,209 [pool-403-thread-1] INFO  server.RaftServerConfigKeys (ConfUtils.java:logGet(43)) - raft.server.log.write.buffer.size = 33554432 (custom)
2019-09-25 17:39:09,209 [pool-393-thread-1] INFO  server.RaftServerConfigKeys (ConfUtils.java:logGet(43)) - raft.server.log.segment.cache.num.max = 2 (custom)
2019-09-25 17:39:09,210 [pool-403-thread-1] INFO  server.RaftServerConfigKeys (ConfUtils.java:logGet(43)) - raft.server.log.force.sync.num = 128 (default)
2019-09-25 17:39:09,209 [pool-413-thread-1] INFO  server.RaftServerConfigKeys (ConfUtils.java:logGet(43)) - raft.server.log.segment.cache.num.max = 2 (custom)
2019-09-25 17:39:09,210 [pool-403-thread-1] INFO  server.RaftServerConfigKeys (ConfUtils.java:logGet(43)) - raft.server.log.statemachine.data.sync = true (default)
2019-09-25 17:39:09,210 [pool-393-thread-1] INFO  segmented.SegmentedRaftLogWorker (SegmentedRaftLogWorker.java:<init>(172)) - new 3ec7e880-e928-4941-b8f6-c8b4ac4bfea9@group-C4B24B798944-SegmentedRaftLogWorker for RaftStorage:Storage Directory /workdir/hadoop-ozone/integration-test/target/test-dir/MiniOzoneClusterImpl-439681d3-64da-4b85-98e7-707fc1fcf72a/datanode-1/data/ratis/80d944dc-9701-46f9-8fad-c4b24b798944
2019-09-25 17:39:09,210 [pool-403-thread-1] INFO  server.RaftServerConfigKeys (ConfUtils.java:logGet(43)) - raft.server.log.statemachine.data.sync.timeout = 10s (default)
2019-09-25 17:39:09,210 [pool-413-thread-1] INFO  segmented.SegmentedRaftLogWorker (SegmentedRaftLogWorker.java:<init>(172)) - new 3c05e510-6915-4b7b-9ae3-8ad11ab09515@group-C4B24B798944-SegmentedRaftLogWorker for RaftStorage:Storage Directory /workdir/hadoop-ozone/integration-test/target/test-dir/MiniOzoneClusterImpl-439681d3-64da-4b85-98e7-707fc1fcf72a/datanode-3/data/ratis/80d944dc-9701-46f9-8fad-c4b24b798944
2019-09-25 17:39:09,210 [pool-403-thread-1] INFO  server.RaftServerConfigKeys (ConfUtils.java:logGet(43)) - raft.server.log.statemachine.data.sync.timeout.retry = -1 (default)
2019-09-25 17:39:09,210 [pool-393-thread-1] INFO  server.RaftServerConfigKeys (ConfUtils.java:logGet(43)) - raft.server.log.queue.byte-limit = 2147483647 (custom)
2019-09-25 17:39:09,211 [pool-403-thread-1] INFO  server.RaftServerConfigKeys (ConfUtils.java:logGet(43)) - raft.server.log.statemachine.data.caching.enabled = true (custom)
2019-09-25 17:39:09,211 [pool-413-thread-1] INFO  server.RaftServerConfigKeys (ConfUtils.java:logGet(43)) - raft.server.log.queue.byte-limit = 2147483647 (custom)
2019-09-25 17:39:09,211 [pool-393-thread-1] INFO  server.RaftServerConfigKeys (ConfUtils.java:logGet(43)) - raft.server.log.queue.element-limit = 1024 (custom)
2019-09-25 17:39:09,211 [pool-403-thread-1] INFO  segmented.SegmentedRaftLogWorker (SegmentedRaftLogWorker.java:lambda$new$0(132)) - aef8c539-e26d-4b05-bf2d-d22dfb6dca90@group-C4B24B798944-SegmentedRaftLogWorker: flushIndex: setUnconditionally 0 -> -1
2019-09-25 17:39:09,211 [pool-413-thread-1] INFO  server.RaftServerConfigKeys (ConfUtils.java:logGet(43)) - raft.server.log.queue.element-limit = 1024 (custom)
2019-09-25 17:39:09,211 [pool-393-thread-1] INFO  server.RaftServerConfigKeys (ConfUtils.java:logGet(43)) - raft.server.log.segment.size.max = 1048576 (custom)
2019-09-25 17:39:09,212 [pool-413-thread-1] INFO  server.RaftServerConfigKeys (ConfUtils.java:logGet(43)) - raft.server.log.segment.size.max = 1048576 (custom)
2019-09-25 17:39:09,212 [pool-403-thread-1] INFO  server.RaftServerConfigKeys (ConfUtils.java:logGet(43)) - raft.server.snapshot.auto.trigger.enabled = true (custom)
2019-09-25 17:39:09,212 [pool-413-thread-1] INFO  server.RaftServerConfigKeys (ConfUtils.java:logGet(43)) - raft.server.log.preallocated.size = 16384 (custom)
2019-09-25 17:39:09,212 [pool-393-thread-1] INFO  server.RaftServerConfigKeys (ConfUtils.java:logGet(43)) - raft.server.log.preallocated.size = 16384 (custom)
2019-09-25 17:39:09,212 [pool-413-thread-1] INFO  server.RaftServerConfigKeys (ConfUtils.java:logGet(43)) - raft.server.log.write.buffer.size = 33554432 (custom)
2019-09-25 17:39:09,212 [pool-403-thread-1] INFO  server.RaftServerConfigKeys (ConfUtils.java:logGet(43)) - raft.server.snapshot.auto.trigger.threshold = 10000 (custom)
2019-09-25 17:39:09,213 [pool-413-thread-1] INFO  server.RaftServerConfigKeys (ConfUtils.java:logGet(43)) - raft.server.log.force.sync.num = 128 (default)
2019-09-25 17:39:09,213 [pool-413-thread-1] INFO  server.RaftServerConfigKeys (ConfUtils.java:logGet(43)) - raft.server.log.statemachine.data.sync = true (default)
2019-09-25 17:39:09,212 [pool-393-thread-1] INFO  server.RaftServerConfigKeys (ConfUtils.java:logGet(43)) - raft.server.log.write.buffer.size = 33554432 (custom)
2019-09-25 17:39:09,213 [pool-413-thread-1] INFO  server.RaftServerConfigKeys (ConfUtils.java:logGet(43)) - raft.server.log.statemachine.data.sync.timeout = 10s (default)
2019-09-25 17:39:09,213 [pool-403-thread-1] INFO  server.RaftServerConfigKeys (ConfUtils.java:logGet(43)) - raft.server.snapshot.retention.num.files = 5 (custom)
2019-09-25 17:39:09,213 [pool-413-thread-1] INFO  server.RaftServerConfigKeys (ConfUtils.java:logGet(43)) - raft.server.log.statemachine.data.sync.timeout.retry = -1 (default)
2019-09-25 17:39:09,213 [pool-393-thread-1] INFO  server.RaftServerConfigKeys (ConfUtils.java:logGet(43)) - raft.server.log.force.sync.num = 128 (default)
2019-09-25 17:39:09,214 [pool-413-thread-1] INFO  server.RaftServerConfigKeys (ConfUtils.java:logGet(43)) - raft.server.log.statemachine.data.caching.enabled = true (custom)
2019-09-25 17:39:09,214 [pool-403-thread-1] INFO  server.RaftServerConfigKeys (ConfUtils.java:logGet(43)) - raft.server.retrycache.expirytime = 600000ms (custom)
2019-09-25 17:39:09,214 [pool-393-thread-1] INFO  server.RaftServerConfigKeys (ConfUtils.java:logGet(43)) - raft.server.log.statemachine.data.sync = true (default)
2019-09-25 17:39:09,214 [pool-413-thread-1] INFO  segmented.SegmentedRaftLogWorker (SegmentedRaftLogWorker.java:lambda$new$0(132)) - 3c05e510-6915-4b7b-9ae3-8ad11ab09515@group-C4B24B798944-SegmentedRaftLogWorker: flushIndex: setUnconditionally 0 -> -1
2019-09-25 17:39:09,214 [pool-393-thread-1] INFO  server.RaftServerConfigKeys (ConfUtils.java:logGet(43)) - raft.server.log.statemachine.data.sync.timeout = 10s (default)
2019-09-25 17:39:09,215 [pool-393-thread-1] INFO  server.RaftServerConfigKeys (ConfUtils.java:logGet(43)) - raft.server.log.statemachine.data.sync.timeout.retry = -1 (default)
2019-09-25 17:39:09,215 [pool-413-thread-1] INFO  server.RaftServerConfigKeys (ConfUtils.java:logGet(43)) - raft.server.snapshot.auto.trigger.enabled = true (custom)
2019-09-25 17:39:09,215 [pool-393-thread-1] INFO  server.RaftServerConfigKeys (ConfUtils.java:logGet(43)) - raft.server.log.statemachine.data.caching.enabled = true (custom)
2019-09-25 17:39:09,215 [pool-413-thread-1] INFO  server.RaftServerConfigKeys (ConfUtils.java:logGet(43)) - raft.server.snapshot.auto.trigger.threshold = 10000 (custom)
2019-09-25 17:39:09,215 [pool-413-thread-1] INFO  server.RaftServerConfigKeys (ConfUtils.java:logGet(43)) - raft.server.snapshot.retention.num.files = 5 (custom)
2019-09-25 17:39:09,215 [pool-393-thread-1] INFO  segmented.SegmentedRaftLogWorker (SegmentedRaftLogWorker.java:lambda$new$0(132)) - 3ec7e880-e928-4941-b8f6-c8b4ac4bfea9@group-C4B24B798944-SegmentedRaftLogWorker: flushIndex: setUnconditionally 0 -> -1
2019-09-25 17:39:09,216 [pool-413-thread-1] INFO  server.RaftServerConfigKeys (ConfUtils.java:logGet(43)) - raft.server.retrycache.expirytime = 600000ms (custom)
2019-09-25 17:39:09,216 [pool-393-thread-1] INFO  server.RaftServerConfigKeys (ConfUtils.java:logGet(43)) - raft.server.snapshot.auto.trigger.enabled = true (custom)
2019-09-25 17:39:09,216 [pool-393-thread-1] INFO  server.RaftServerConfigKeys (ConfUtils.java:logGet(43)) - raft.server.snapshot.auto.trigger.threshold = 10000 (custom)
2019-09-25 17:39:09,216 [pool-393-thread-1] INFO  server.RaftServerConfigKeys (ConfUtils.java:logGet(43)) - raft.server.snapshot.retention.num.files = 5 (custom)
2019-09-25 17:39:09,217 [pool-393-thread-1] INFO  server.RaftServerConfigKeys (ConfUtils.java:logGet(43)) - raft.server.retrycache.expirytime = 600000ms (custom)
2019-09-25 17:39:09,217 [pool-403-thread-1] INFO  impl.RaftServerImpl (RaftServerImpl.java:start(185)) - aef8c539-e26d-4b05-bf2d-d22dfb6dca90@group-C4B24B798944: start as a follower, conf=-1: [aef8c539-e26d-4b05-bf2d-d22dfb6dca90:192.168.164.232:39766, 3c05e510-6915-4b7b-9ae3-8ad11ab09515:192.168.164.232:41182, 3ec7e880-e928-4941-b8f6-c8b4ac4bfea9:192.168.164.232:37332], old=null
2019-09-25 17:39:09,217 [pool-403-thread-1] INFO  impl.RaftServerImpl (RaftServerImpl.java:setRole(174)) - aef8c539-e26d-4b05-bf2d-d22dfb6dca90@group-C4B24B798944: changes role from      null to FOLLOWER at term 0 for startAsFollower
2019-09-25 17:39:09,218 [pool-403-thread-1] INFO  impl.RoleInfo (RoleInfo.java:updateAndGet(143)) - aef8c539-e26d-4b05-bf2d-d22dfb6dca90: start FollowerState
2019-09-25 17:39:09,218 [pool-403-thread-1] INFO  util.JmxRegister (JmxRegister.java:tryRegister(44)) - Successfully registered JMX Bean with object name Ratis:service=RaftServer,group=group-C4B24B798944,id=aef8c539-e26d-4b05-bf2d-d22dfb6dca90
2019-09-25 17:39:09,219 [pool-413-thread-1] INFO  impl.RaftServerImpl (RaftServerImpl.java:start(185)) - 3c05e510-6915-4b7b-9ae3-8ad11ab09515@group-C4B24B798944: start as a follower, conf=-1: [aef8c539-e26d-4b05-bf2d-d22dfb6dca90:192.168.164.232:39766, 3c05e510-6915-4b7b-9ae3-8ad11ab09515:192.168.164.232:41182, 3ec7e880-e928-4941-b8f6-c8b4ac4bfea9:192.168.164.232:37332], old=null
2019-09-25 17:39:09,219 [pool-413-thread-1] INFO  impl.RaftServerImpl (RaftServerImpl.java:setRole(174)) - 3c05e510-6915-4b7b-9ae3-8ad11ab09515@group-C4B24B798944: changes role from      null to FOLLOWER at term 0 for startAsFollower
2019-09-25 17:39:09,219 [pool-413-thread-1] INFO  impl.RoleInfo (RoleInfo.java:updateAndGet(143)) - 3c05e510-6915-4b7b-9ae3-8ad11ab09515: start FollowerState
2019-09-25 17:39:09,220 [pool-413-thread-1] INFO  util.JmxRegister (JmxRegister.java:tryRegister(44)) - Successfully registered JMX Bean with object name Ratis:service=RaftServer,group=group-C4B24B798944,id=3c05e510-6915-4b7b-9ae3-8ad11ab09515
2019-09-25 17:39:09,220 [pool-393-thread-1] INFO  impl.RaftServerImpl (RaftServerImpl.java:start(185)) - 3ec7e880-e928-4941-b8f6-c8b4ac4bfea9@group-C4B24B798944: start as a follower, conf=-1: [aef8c539-e26d-4b05-bf2d-d22dfb6dca90:192.168.164.232:39766, 3c05e510-6915-4b7b-9ae3-8ad11ab09515:192.168.164.232:41182, 3ec7e880-e928-4941-b8f6-c8b4ac4bfea9:192.168.164.232:37332], old=null
2019-09-25 17:39:09,220 [pool-393-thread-1] INFO  impl.RaftServerImpl (RaftServerImpl.java:setRole(174)) - 3ec7e880-e928-4941-b8f6-c8b4ac4bfea9@group-C4B24B798944: changes role from      null to FOLLOWER at term 0 for startAsFollower
2019-09-25 17:39:09,220 [pool-393-thread-1] INFO  impl.RoleInfo (RoleInfo.java:updateAndGet(143)) - 3ec7e880-e928-4941-b8f6-c8b4ac4bfea9: start FollowerState
2019-09-25 17:39:09,221 [pool-393-thread-1] INFO  util.JmxRegister (JmxRegister.java:tryRegister(44)) - Successfully registered JMX Bean with object name Ratis:service=RaftServer,group=group-C4B24B798944,id=3ec7e880-e928-4941-b8f6-c8b4ac4bfea9
2019-09-25 17:39:09,223 [RatisPipelineUtilsThread] INFO  pipeline.PipelineStateManager (PipelineStateManager.java:addPipeline(56)) - Created pipeline Pipeline[ Id: 80d944dc-9701-46f9-8fad-c4b24b798944, Nodes: aef8c539-e26d-4b05-bf2d-d22dfb6dca90{ip: 192.168.164.232, host: pr-hdds-2174-qcxnv-2820930021, networkLocation: /default-rack, certSerialId: null}3c05e510-6915-4b7b-9ae3-8ad11ab09515{ip: 192.168.164.232, host: pr-hdds-2174-qcxnv-2820930021, networkLocation: /default-rack, certSerialId: null}3ec7e880-e928-4941-b8f6-c8b4ac4bfea9{ip: 192.168.164.232, host: pr-hdds-2174-qcxnv-2820930021, networkLocation: /default-rack, certSerialId: null}, Type:RATIS, Factor:THREE, State:OPEN]
2019-09-25 17:39:09,258 [IPC Server handler 8 on 42073] INFO  net.NetworkTopology (NetworkTopologyImpl.java:add(111)) - Added a new node: /default-rack/f03bab29-cec5-4c64-9189-7e5e31aec38d
2019-09-25 17:39:09,258 [IPC Server handler 8 on 42073] INFO  node.SCMNodeManager (SCMNodeManager.java:register(266)) - Registered Data node : f03bab29-cec5-4c64-9189-7e5e31aec38d{ip: 192.168.164.232, host: pr-hdds-2174-qcxnv-2820930021, networkLocation: /default-rack, certSerialId: null}
2019-09-25 17:39:09,263 [grpc-default-executor-8] INFO  impl.RaftServerProxy (RaftServerProxy.java:addNew(89)) - 2a0aecae-049e-4606-8a85-9e3403624ec8: addNew group-50A664AAC6AF:[2a0aecae-049e-4606-8a85-9e3403624ec8:192.168.164.232:37868] returns group-50A664AAC6AF:java.util.concurrent.CompletableFuture@5dd74be4[Not completed]
2019-09-25 17:39:09,268 [pool-423-thread-1] INFO  impl.RaftServerImpl (RaftServerImpl.java:<init>(95)) - 2a0aecae-049e-4606-8a85-9e3403624ec8: new RaftServerImpl for group-50A664AAC6AF:[2a0aecae-049e-4606-8a85-9e3403624ec8:192.168.164.232:37868] with ContainerStateMachine:uninitialized
2019-09-25 17:39:09,268 [pool-423-thread-1] INFO  server.RaftServerConfigKeys (ConfUtils.java:logGet(43)) - raft.server.rpc.timeout.min = 5s (custom)
2019-09-25 17:39:09,268 [pool-423-thread-1] INFO  server.RaftServerConfigKeys (ConfUtils.java:logGet(43)) - raft.server.rpc.timeout.max = 5200ms (custom)
2019-09-25 17:39:09,268 [pool-423-thread-1] INFO  server.RaftServerConfigKeys (ConfUtils.java:logGet(43)) - raft.server.rpcslowness.timeout = 120s (custom)
2019-09-25 17:39:09,268 [pool-423-thread-1] INFO  server.RaftServerConfigKeys (ConfUtils.java:logGet(43)) - raft.server.sleep.deviation.threshold = 300 (default)
2019-09-25 17:39:09,268 [pool-423-thread-1] INFO  server.RaftServerConfigKeys (ConfUtils.java:logGet(43)) - raft.server.log.appender.install.snapshot.enabled = false (custom)
2019-09-25 17:39:09,269 [pool-423-thread-1] INFO  impl.RaftServerImpl (ServerState.java:<init>(103)) - 2a0aecae-049e-4606-8a85-9e3403624ec8@group-50A664AAC6AF: ConfigurationManager, init=-1: [2a0aecae-049e-4606-8a85-9e3403624ec8:192.168.164.232:37868], old=null, confs=<EMPTY_MAP>
2019-09-25 17:39:09,269 [pool-423-thread-1] INFO  server.RaftServerConfigKeys (ConfUtils.java:logGet(43)) - raft.server.storage.dir = [/workdir/hadoop-ozone/integration-test/target/test-dir/MiniOzoneClusterImpl-439681d3-64da-4b85-98e7-707fc1fcf72a/datanode-4/data/ratis] (custom)
2019-09-25 17:39:09,269 [pool-423-thread-1] INFO  storage.RaftStorageDirectory (RaftStorageDirectory.java:analyzeStorage(246)) - The storage directory /workdir/hadoop-ozone/integration-test/target/test-dir/MiniOzoneClusterImpl-439681d3-64da-4b85-98e7-707fc1fcf72a/datanode-4/data/ratis/09a0f44f-332c-44d8-a5e7-50a664aac6af does not exist. Creating ...
2019-09-25 17:39:09,282 [pool-423-thread-1] INFO  storage.RaftStorageDirectory (RaftStorageDirectory.java:tryLock(328)) - Lock on /workdir/hadoop-ozone/integration-test/target/test-dir/MiniOzoneClusterImpl-439681d3-64da-4b85-98e7-707fc1fcf72a/datanode-4/data/ratis/09a0f44f-332c-44d8-a5e7-50a664aac6af/in_use.lock acquired by nodename 20008@pr-hdds-2174-qcxnv-2820930021
2019-09-25 17:39:09,295 [pool-423-thread-1] INFO  storage.RaftStorage (RaftStorage.java:format(72)) - Storage directory /workdir/hadoop-ozone/integration-test/target/test-dir/MiniOzoneClusterImpl-439681d3-64da-4b85-98e7-707fc1fcf72a/datanode-4/data/ratis/09a0f44f-332c-44d8-a5e7-50a664aac6af has been successfully formatted.
2019-09-25 17:39:09,296 [pool-423-thread-1] INFO  ratis.ContainerStateMachine (ContainerStateMachine.java:loadSnapshot(230)) - group-50A664AAC6AF: The snapshot info is null. Setting the last applied indexto:(t:0, i:~)
2019-09-25 17:39:09,296 [pool-423-thread-1] INFO  server.RaftServerConfigKeys (ConfUtils.java:logGet(43)) - raft.server.notification.no-leader.timeout = 120s (custom)
2019-09-25 17:39:09,296 [pool-423-thread-1] INFO  server.RaftServerConfigKeys (ConfUtils.java:logGet(43)) - raft.server.log.use.memory = false (default)
2019-09-25 17:39:09,296 [pool-423-thread-1] INFO  server.RaftServerConfigKeys (ConfUtils.java:logGet(43)) - raft.server.log.purge.gap = 1000000 (custom)
2019-09-25 17:39:09,296 [pool-423-thread-1] INFO  server.RaftServerConfigKeys (ConfUtils.java:logGet(43)) - raft.server.log.appender.buffer.byte-limit = 33554432 (custom)
2019-09-25 17:39:09,297 [pool-423-thread-1] INFO  server.RaftServerConfigKeys (ConfUtils.java:logGet(43)) - raft.server.log.segment.size.max = 1048576 (custom)
2019-09-25 17:39:09,297 [pool-423-thread-1] INFO  server.RaftServerConfigKeys (ConfUtils.java:logGet(43)) - raft.server.log.segment.cache.num.max = 2 (custom)
2019-09-25 17:39:09,297 [pool-423-thread-1] INFO  segmented.SegmentedRaftLogWorker (SegmentedRaftLogWorker.java:<init>(172)) - new 2a0aecae-049e-4606-8a85-9e3403624ec8@group-50A664AAC6AF-SegmentedRaftLogWorker for RaftStorage:Storage Directory /workdir/hadoop-ozone/integration-test/target/test-dir/MiniOzoneClusterImpl-439681d3-64da-4b85-98e7-707fc1fcf72a/datanode-4/data/ratis/09a0f44f-332c-44d8-a5e7-50a664aac6af
2019-09-25 17:39:09,299 [pool-423-thread-1] INFO  server.RaftServerConfigKeys (ConfUtils.java:logGet(43)) - raft.server.log.queue.byte-limit = 2147483647 (custom)
2019-09-25 17:39:09,300 [pool-423-thread-1] INFO  server.RaftServerConfigKeys (ConfUtils.java:logGet(43)) - raft.server.log.queue.element-limit = 1024 (custom)
2019-09-25 17:39:09,300 [pool-423-thread-1] INFO  server.RaftServerConfigKeys (ConfUtils.java:logGet(43)) - raft.server.log.segment.size.max = 1048576 (custom)
2019-09-25 17:39:09,300 [pool-423-thread-1] INFO  server.RaftServerConfigKeys (ConfUtils.java:logGet(43)) - raft.server.log.preallocated.size = 16384 (custom)
2019-09-25 17:39:09,300 [pool-423-thread-1] INFO  server.RaftServerConfigKeys (ConfUtils.java:logGet(43)) - raft.server.log.write.buffer.size = 33554432 (custom)
2019-09-25 17:39:09,300 [pool-423-thread-1] INFO  server.RaftServerConfigKeys (ConfUtils.java:logGet(43)) - raft.server.log.force.sync.num = 128 (default)
2019-09-25 17:39:09,300 [pool-423-thread-1] INFO  server.RaftServerConfigKeys (ConfUtils.java:logGet(43)) - raft.server.log.statemachine.data.sync = true (default)
2019-09-25 17:39:09,301 [pool-423-thread-1] INFO  server.RaftServerConfigKeys (ConfUtils.java:logGet(43)) - raft.server.log.statemachine.data.sync.timeout = 10s (default)
2019-09-25 17:39:09,301 [pool-423-thread-1] INFO  server.RaftServerConfigKeys (ConfUtils.java:logGet(43)) - raft.server.log.statemachine.data.sync.timeout.retry = -1 (default)
2019-09-25 17:39:09,301 [pool-423-thread-1] INFO  server.RaftServerConfigKeys (ConfUtils.java:logGet(43)) - raft.server.log.statemachine.data.caching.enabled = true (custom)
2019-09-25 17:39:09,301 [pool-423-thread-1] INFO  segmented.SegmentedRaftLogWorker (SegmentedRaftLogWorker.java:lambda$new$0(132)) - 2a0aecae-049e-4606-8a85-9e3403624ec8@group-50A664AAC6AF-SegmentedRaftLogWorker: flushIndex: setUnconditionally 0 -> -1
2019-09-25 17:39:09,302 [pool-423-thread-1] INFO  server.RaftServerConfigKeys (ConfUtils.java:logGet(43)) - raft.server.snapshot.auto.trigger.enabled = true (custom)
2019-09-25 17:39:09,302 [pool-423-thread-1] INFO  server.RaftServerConfigKeys (ConfUtils.java:logGet(43)) - raft.server.snapshot.auto.trigger.threshold = 10000 (custom)
2019-09-25 17:39:09,302 [pool-423-thread-1] INFO  server.RaftServerConfigKeys (ConfUtils.java:logGet(43)) - raft.server.snapshot.retention.num.files = 5 (custom)
2019-09-25 17:39:09,302 [pool-423-thread-1] INFO  server.RaftServerConfigKeys (ConfUtils.java:logGet(43)) - raft.server.retrycache.expirytime = 600000ms (custom)
2019-09-25 17:39:09,304 [pool-423-thread-1] INFO  impl.RaftServerImpl (RaftServerImpl.java:start(185)) - 2a0aecae-049e-4606-8a85-9e3403624ec8@group-50A664AAC6AF: start as a follower, conf=-1: [2a0aecae-049e-4606-8a85-9e3403624ec8:192.168.164.232:37868], old=null
2019-09-25 17:39:09,304 [pool-423-thread-1] INFO  impl.RaftServerImpl (RaftServerImpl.java:setRole(174)) - 2a0aecae-049e-4606-8a85-9e3403624ec8@group-50A664AAC6AF: changes role from      null to FOLLOWER at term 0 for startAsFollower
2019-09-25 17:39:09,305 [pool-423-thread-1] INFO  impl.RoleInfo (RoleInfo.java:updateAndGet(143)) - 2a0aecae-049e-4606-8a85-9e3403624ec8: start FollowerState
2019-09-25 17:39:09,305 [pool-423-thread-1] INFO  util.JmxRegister (JmxRegister.java:tryRegister(44)) - Successfully registered JMX Bean with object name Ratis:service=RaftServer,group=group-50A664AAC6AF,id=2a0aecae-049e-4606-8a85-9e3403624ec8
2019-09-25 17:39:09,307 [RatisPipelineUtilsThread] INFO  pipeline.PipelineStateManager (PipelineStateManager.java:addPipeline(56)) - Created pipeline Pipeline[ Id: 09a0f44f-332c-44d8-a5e7-50a664aac6af, Nodes: 2a0aecae-049e-4606-8a85-9e3403624ec8{ip: 192.168.164.232, host: pr-hdds-2174-qcxnv-2820930021, networkLocation: /default-rack, certSerialId: null}, Type:RATIS, Factor:ONE, State:OPEN]
2019-09-25 17:39:09,315 [grpc-default-executor-8] INFO  impl.RaftServerProxy (RaftServerProxy.java:addNew(89)) - f03bab29-cec5-4c64-9189-7e5e31aec38d: addNew group-32C92A12C6D8:[f03bab29-cec5-4c64-9189-7e5e31aec38d:192.168.164.232:39129] returns group-32C92A12C6D8:java.util.concurrent.CompletableFuture@2929ce80[Not completed]
2019-09-25 17:39:09,317 [pool-433-thread-1] INFO  impl.RaftServerImpl (RaftServerImpl.java:<init>(95)) - f03bab29-cec5-4c64-9189-7e5e31aec38d: new RaftServerImpl for group-32C92A12C6D8:[f03bab29-cec5-4c64-9189-7e5e31aec38d:192.168.164.232:39129] with ContainerStateMachine:uninitialized
2019-09-25 17:39:09,318 [pool-433-thread-1] INFO  server.RaftServerConfigKeys (ConfUtils.java:logGet(43)) - raft.server.rpc.timeout.min = 5s (custom)
2019-09-25 17:39:09,318 [pool-433-thread-1] INFO  server.RaftServerConfigKeys (ConfUtils.java:logGet(43)) - raft.server.rpc.timeout.max = 5200ms (custom)
2019-09-25 17:39:09,318 [pool-433-thread-1] INFO  server.RaftServerConfigKeys (ConfUtils.java:logGet(43)) - raft.server.rpcslowness.timeout = 120s (custom)
2019-09-25 17:39:09,318 [pool-433-thread-1] INFO  server.RaftServerConfigKeys (ConfUtils.java:logGet(43)) - raft.server.sleep.deviation.threshold = 300 (default)
2019-09-25 17:39:09,318 [pool-433-thread-1] INFO  server.RaftServerConfigKeys (ConfUtils.java:logGet(43)) - raft.server.log.appender.install.snapshot.enabled = false (custom)
2019-09-25 17:39:09,319 [pool-433-thread-1] INFO  impl.RaftServerImpl (ServerState.java:<init>(103)) - f03bab29-cec5-4c64-9189-7e5e31aec38d@group-32C92A12C6D8: ConfigurationManager, init=-1: [f03bab29-cec5-4c64-9189-7e5e31aec38d:192.168.164.232:39129], old=null, confs=<EMPTY_MAP>
2019-09-25 17:39:09,319 [pool-433-thread-1] INFO  server.RaftServerConfigKeys (ConfUtils.java:logGet(43)) - raft.server.storage.dir = [/workdir/hadoop-ozone/integration-test/target/test-dir/MiniOzoneClusterImpl-439681d3-64da-4b85-98e7-707fc1fcf72a/datanode-5/data/ratis] (custom)
2019-09-25 17:39:09,320 [pool-433-thread-1] INFO  storage.RaftStorageDirectory (RaftStorageDirectory.java:analyzeStorage(246)) - The storage directory /workdir/hadoop-ozone/integration-test/target/test-dir/MiniOzoneClusterImpl-439681d3-64da-4b85-98e7-707fc1fcf72a/datanode-5/data/ratis/94b881a9-7b06-4e88-a6f7-32c92a12c6d8 does not exist. Creating ...
2019-09-25 17:39:09,335 [pool-433-thread-1] INFO  storage.RaftStorageDirectory (RaftStorageDirectory.java:tryLock(328)) - Lock on /workdir/hadoop-ozone/integration-test/target/test-dir/MiniOzoneClusterImpl-439681d3-64da-4b85-98e7-707fc1fcf72a/datanode-5/data/ratis/94b881a9-7b06-4e88-a6f7-32c92a12c6d8/in_use.lock acquired by nodename 20008@pr-hdds-2174-qcxnv-2820930021
2019-09-25 17:39:09,336 [IPC Server handler 6 on 42073] INFO  net.NetworkTopology (NetworkTopologyImpl.java:add(111)) - Added a new node: /default-rack/a2389647-2746-4532-8d28-1d3f97518474
2019-09-25 17:39:09,336 [IPC Server handler 6 on 42073] INFO  node.SCMNodeManager (SCMNodeManager.java:register(266)) - Registered Data node : a2389647-2746-4532-8d28-1d3f97518474{ip: 192.168.164.232, host: pr-hdds-2174-qcxnv-2820930021, networkLocation: /default-rack, certSerialId: null}
2019-09-25 17:39:09,339 [main] INFO  ozone.MiniOzoneClusterImpl (MiniOzoneClusterImpl.java:lambda$waitForClusterToBeReady$0(147)) - Cluster is ready. Got 7 of 7 DN Heartbeats.
2019-09-25 17:39:09,348 [pool-433-thread-1] INFO  storage.RaftStorage (RaftStorage.java:format(72)) - Storage directory /workdir/hadoop-ozone/integration-test/target/test-dir/MiniOzoneClusterImpl-439681d3-64da-4b85-98e7-707fc1fcf72a/datanode-5/data/ratis/94b881a9-7b06-4e88-a6f7-32c92a12c6d8 has been successfully formatted.
2019-09-25 17:39:09,348 [pool-433-thread-1] INFO  ratis.ContainerStateMachine (ContainerStateMachine.java:loadSnapshot(230)) - group-32C92A12C6D8: The snapshot info is null. Setting the last applied indexto:(t:0, i:~)
2019-09-25 17:39:09,348 [pool-433-thread-1] INFO  server.RaftServerConfigKeys (ConfUtils.java:logGet(43)) - raft.server.notification.no-leader.timeout = 120s (custom)
2019-09-25 17:39:09,349 [pool-433-thread-1] INFO  server.RaftServerConfigKeys (ConfUtils.java:logGet(43)) - raft.server.log.use.memory = false (default)
2019-09-25 17:39:09,349 [pool-433-thread-1] INFO  server.RaftServerConfigKeys (ConfUtils.java:logGet(43)) - raft.server.log.purge.gap = 1000000 (custom)
2019-09-25 17:39:09,349 [pool-433-thread-1] INFO  server.RaftServerConfigKeys (ConfUtils.java:logGet(43)) - raft.server.log.appender.buffer.byte-limit = 33554432 (custom)
2019-09-25 17:39:09,349 [pool-433-thread-1] INFO  server.RaftServerConfigKeys (ConfUtils.java:logGet(43)) - raft.server.log.segment.size.max = 1048576 (custom)
2019-09-25 17:39:09,349 [pool-433-thread-1] INFO  server.RaftServerConfigKeys (ConfUtils.java:logGet(43)) - raft.server.log.segment.cache.num.max = 2 (custom)
2019-09-25 17:39:09,349 [pool-433-thread-1] INFO  segmented.SegmentedRaftLogWorker (SegmentedRaftLogWorker.java:<init>(172)) - new f03bab29-cec5-4c64-9189-7e5e31aec38d@group-32C92A12C6D8-SegmentedRaftLogWorker for RaftStorage:Storage Directory /workdir/hadoop-ozone/integration-test/target/test-dir/MiniOzoneClusterImpl-439681d3-64da-4b85-98e7-707fc1fcf72a/datanode-5/data/ratis/94b881a9-7b06-4e88-a6f7-32c92a12c6d8
2019-09-25 17:39:09,359 [pool-433-thread-1] INFO  server.RaftServerConfigKeys (ConfUtils.java:logGet(43)) - raft.server.log.queue.byte-limit = 2147483647 (custom)
2019-09-25 17:39:09,367 [pool-433-thread-1] INFO  server.RaftServerConfigKeys (ConfUtils.java:logGet(43)) - raft.server.log.queue.element-limit = 1024 (custom)
2019-09-25 17:39:09,367 [pool-433-thread-1] INFO  server.RaftServerConfigKeys (ConfUtils.java:logGet(43)) - raft.server.log.segment.size.max = 1048576 (custom)
2019-09-25 17:39:09,367 [pool-433-thread-1] INFO  server.RaftServerConfigKeys (ConfUtils.java:logGet(43)) - raft.server.log.preallocated.size = 16384 (custom)
2019-09-25 17:39:09,367 [pool-433-thread-1] INFO  server.RaftServerConfigKeys (ConfUtils.java:logGet(43)) - raft.server.log.write.buffer.size = 33554432 (custom)
2019-09-25 17:39:09,367 [pool-433-thread-1] INFO  server.RaftServerConfigKeys (ConfUtils.java:logGet(43)) - raft.server.log.force.sync.num = 128 (default)
2019-09-25 17:39:09,367 [pool-433-thread-1] INFO  server.RaftServerConfigKeys (ConfUtils.java:logGet(43)) - raft.server.log.statemachine.data.sync = true (default)
2019-09-25 17:39:09,367 [pool-433-thread-1] INFO  server.RaftServerConfigKeys (ConfUtils.java:logGet(43)) - raft.server.log.statemachine.data.sync.timeout = 10s (default)
2019-09-25 17:39:09,368 [pool-433-thread-1] INFO  server.RaftServerConfigKeys (ConfUtils.java:logGet(43)) - raft.server.log.statemachine.data.sync.timeout.retry = -1 (default)
2019-09-25 17:39:09,368 [pool-433-thread-1] INFO  server.RaftServerConfigKeys (ConfUtils.java:logGet(43)) - raft.server.log.statemachine.data.caching.enabled = true (custom)
2019-09-25 17:39:09,368 [pool-433-thread-1] INFO  segmented.SegmentedRaftLogWorker (SegmentedRaftLogWorker.java:lambda$new$0(132)) - f03bab29-cec5-4c64-9189-7e5e31aec38d@group-32C92A12C6D8-SegmentedRaftLogWorker: flushIndex: setUnconditionally 0 -> -1
2019-09-25 17:39:09,368 [pool-433-thread-1] INFO  server.RaftServerConfigKeys (ConfUtils.java:logGet(43)) - raft.server.snapshot.auto.trigger.enabled = true (custom)
2019-09-25 17:39:09,368 [pool-433-thread-1] INFO  server.RaftServerConfigKeys (ConfUtils.java:logGet(43)) - raft.server.snapshot.auto.trigger.threshold = 10000 (custom)
2019-09-25 17:39:09,368 [pool-433-thread-1] INFO  server.RaftServerConfigKeys (ConfUtils.java:logGet(43)) - raft.server.snapshot.retention.num.files = 5 (custom)
2019-09-25 17:39:09,369 [pool-433-thread-1] INFO  server.RaftServerConfigKeys (ConfUtils.java:logGet(43)) - raft.server.retrycache.expirytime = 600000ms (custom)
2019-09-25 17:39:09,370 [pool-433-thread-1] INFO  impl.RaftServerImpl (RaftServerImpl.java:start(185)) - f03bab29-cec5-4c64-9189-7e5e31aec38d@group-32C92A12C6D8: start as a follower, conf=-1: [f03bab29-cec5-4c64-9189-7e5e31aec38d:192.168.164.232:39129], old=null
2019-09-25 17:39:09,370 [pool-433-thread-1] INFO  impl.RaftServerImpl (RaftServerImpl.java:setRole(174)) - f03bab29-cec5-4c64-9189-7e5e31aec38d@group-32C92A12C6D8: changes role from      null to FOLLOWER at term 0 for startAsFollower
2019-09-25 17:39:09,370 [pool-433-thread-1] INFO  impl.RoleInfo (RoleInfo.java:updateAndGet(143)) - f03bab29-cec5-4c64-9189-7e5e31aec38d: start FollowerState
2019-09-25 17:39:09,372 [pool-433-thread-1] INFO  util.JmxRegister (JmxRegister.java:tryRegister(44)) - Successfully registered JMX Bean with object name Ratis:service=RaftServer,group=group-32C92A12C6D8,id=f03bab29-cec5-4c64-9189-7e5e31aec38d
2019-09-25 17:39:09,375 [main] INFO  rpc.RpcClient (RpcClient.java:createVolume(276)) - Creating Volume: watchforcommithandlingtest, with jenkins1000 as owner.
2019-09-25 17:39:09,375 [RatisPipelineUtilsThread] INFO  pipeline.PipelineStateManager (PipelineStateManager.java:addPipeline(56)) - Created pipeline Pipeline[ Id: 94b881a9-7b06-4e88-a6f7-32c92a12c6d8, Nodes: f03bab29-cec5-4c64-9189-7e5e31aec38d{ip: 192.168.164.232, host: pr-hdds-2174-qcxnv-2820930021, networkLocation: /default-rack, certSerialId: null}, Type:RATIS, Factor:ONE, State:OPEN]
2019-09-25 17:39:09,380 [IPC Server handler 0 on 38834] INFO  volume.OMVolumeCreateRequest (OMVolumeCreateRequest.java:validateAndUpdateCache(194)) - created volume:watchforcommithandlingtest for user:jenkins1000
2019-09-25 17:39:09,382 [grpc-default-executor-8] INFO  impl.RaftServerProxy (RaftServerProxy.java:addNew(89)) - a2389647-2746-4532-8d28-1d3f97518474: addNew group-20AAE0BFEBC9:[a2389647-2746-4532-8d28-1d3f97518474:192.168.164.232:41701] returns group-20AAE0BFEBC9:java.util.concurrent.CompletableFuture@7e0baf02[Not completed]
2019-09-25 17:39:09,386 [pool-443-thread-1] INFO  impl.RaftServerImpl (RaftServerImpl.java:<init>(95)) - a2389647-2746-4532-8d28-1d3f97518474: new RaftServerImpl for group-20AAE0BFEBC9:[a2389647-2746-4532-8d28-1d3f97518474:192.168.164.232:41701] with ContainerStateMachine:uninitialized
2019-09-25 17:39:09,386 [pool-443-thread-1] INFO  server.RaftServerConfigKeys (ConfUtils.java:logGet(43)) - raft.server.rpc.timeout.min = 5s (custom)
2019-09-25 17:39:09,386 [pool-443-thread-1] INFO  server.RaftServerConfigKeys (ConfUtils.java:logGet(43)) - raft.server.rpc.timeout.max = 5200ms (custom)
2019-09-25 17:39:09,395 [pool-443-thread-1] INFO  server.RaftServerConfigKeys (ConfUtils.java:logGet(43)) - raft.server.rpcslowness.timeout = 120s (custom)
2019-09-25 17:39:09,396 [pool-443-thread-1] INFO  server.RaftServerConfigKeys (ConfUtils.java:logGet(43)) - raft.server.sleep.deviation.threshold = 300 (default)
2019-09-25 17:39:09,396 [pool-443-thread-1] INFO  server.RaftServerConfigKeys (ConfUtils.java:logGet(43)) - raft.server.log.appender.install.snapshot.enabled = false (custom)
2019-09-25 17:39:09,396 [main] INFO  rpc.RpcClient (RpcClient.java:createBucket(415)) - Creating Bucket: watchforcommithandlingtest/watchforcommithandlingtest, with Versioning false and Storage Type set to DISK and Encryption set to false 
2019-09-25 17:39:09,396 [pool-443-thread-1] INFO  impl.RaftServerImpl (ServerState.java:<init>(103)) - a2389647-2746-4532-8d28-1d3f97518474@group-20AAE0BFEBC9: ConfigurationManager, init=-1: [a2389647-2746-4532-8d28-1d3f97518474:192.168.164.232:41701], old=null, confs=<EMPTY_MAP>
2019-09-25 17:39:09,396 [pool-443-thread-1] INFO  server.RaftServerConfigKeys (ConfUtils.java:logGet(43)) - raft.server.storage.dir = [/workdir/hadoop-ozone/integration-test/target/test-dir/MiniOzoneClusterImpl-439681d3-64da-4b85-98e7-707fc1fcf72a/datanode-6/data/ratis] (custom)
2019-09-25 17:39:09,397 [pool-443-thread-1] INFO  storage.RaftStorageDirectory (RaftStorageDirectory.java:analyzeStorage(246)) - The storage directory /workdir/hadoop-ozone/integration-test/target/test-dir/MiniOzoneClusterImpl-439681d3-64da-4b85-98e7-707fc1fcf72a/datanode-6/data/ratis/ca27d2ca-21a9-4216-9603-20aae0bfebc9 does not exist. Creating ...
2019-09-25 17:39:09,401 [main] INFO  ozone.MiniOzoneClusterImpl (MiniOzoneClusterImpl.java:getStorageContainerLocationClient(234)) - Creating StorageContainerLocationProtocol RPC client with address /0.0.0.0:37036
2019-09-25 17:39:09,410 [pool-443-thread-1] INFO  storage.RaftStorageDirectory (RaftStorageDirectory.java:tryLock(328)) - Lock on /workdir/hadoop-ozone/integration-test/target/test-dir/MiniOzoneClusterImpl-439681d3-64da-4b85-98e7-707fc1fcf72a/datanode-6/data/ratis/ca27d2ca-21a9-4216-9603-20aae0bfebc9/in_use.lock acquired by nodename 20008@pr-hdds-2174-qcxnv-2820930021
2019-09-25 17:39:09,423 [pool-443-thread-1] INFO  storage.RaftStorage (RaftStorage.java:format(72)) - Storage directory /workdir/hadoop-ozone/integration-test/target/test-dir/MiniOzoneClusterImpl-439681d3-64da-4b85-98e7-707fc1fcf72a/datanode-6/data/ratis/ca27d2ca-21a9-4216-9603-20aae0bfebc9 has been successfully formatted.
2019-09-25 17:39:09,423 [pool-443-thread-1] INFO  ratis.ContainerStateMachine (ContainerStateMachine.java:loadSnapshot(230)) - group-20AAE0BFEBC9: The snapshot info is null. Setting the last applied indexto:(t:0, i:~)
2019-09-25 17:39:09,423 [pool-443-thread-1] INFO  server.RaftServerConfigKeys (ConfUtils.java:logGet(43)) - raft.server.notification.no-leader.timeout = 120s (custom)
2019-09-25 17:39:09,423 [pool-443-thread-1] INFO  server.RaftServerConfigKeys (ConfUtils.java:logGet(43)) - raft.server.log.use.memory = false (default)
2019-09-25 17:39:09,423 [pool-443-thread-1] INFO  server.RaftServerConfigKeys (ConfUtils.java:logGet(43)) - raft.server.log.purge.gap = 1000000 (custom)
2019-09-25 17:39:09,423 [pool-443-thread-1] INFO  server.RaftServerConfigKeys (ConfUtils.java:logGet(43)) - raft.server.log.appender.buffer.byte-limit = 33554432 (custom)
2019-09-25 17:39:09,424 [pool-443-thread-1] INFO  server.RaftServerConfigKeys (ConfUtils.java:logGet(43)) - raft.server.log.segment.size.max = 1048576 (custom)
2019-09-25 17:39:09,424 [pool-443-thread-1] INFO  server.RaftServerConfigKeys (ConfUtils.java:logGet(43)) - raft.server.log.segment.cache.num.max = 2 (custom)
2019-09-25 17:39:09,424 [pool-443-thread-1] INFO  segmented.SegmentedRaftLogWorker (SegmentedRaftLogWorker.java:<init>(172)) - new a2389647-2746-4532-8d28-1d3f97518474@group-20AAE0BFEBC9-SegmentedRaftLogWorker for RaftStorage:Storage Directory /workdir/hadoop-ozone/integration-test/target/test-dir/MiniOzoneClusterImpl-439681d3-64da-4b85-98e7-707fc1fcf72a/datanode-6/data/ratis/ca27d2ca-21a9-4216-9603-20aae0bfebc9
2019-09-25 17:39:09,425 [pool-443-thread-1] INFO  server.RaftServerConfigKeys (ConfUtils.java:logGet(43)) - raft.server.log.queue.byte-limit = 2147483647 (custom)
2019-09-25 17:39:09,425 [pool-443-thread-1] INFO  server.RaftServerConfigKeys (ConfUtils.java:logGet(43)) - raft.server.log.queue.element-limit = 1024 (custom)
2019-09-25 17:39:09,426 [pool-443-thread-1] INFO  server.RaftServerConfigKeys (ConfUtils.java:logGet(43)) - raft.server.log.segment.size.max = 1048576 (custom)
2019-09-25 17:39:09,426 [pool-443-thread-1] INFO  server.RaftServerConfigKeys (ConfUtils.java:logGet(43)) - raft.server.log.preallocated.size = 16384 (custom)
2019-09-25 17:39:09,426 [pool-443-thread-1] INFO  server.RaftServerConfigKeys (ConfUtils.java:logGet(43)) - raft.server.log.write.buffer.size = 33554432 (custom)
2019-09-25 17:39:09,426 [pool-443-thread-1] INFO  server.RaftServerConfigKeys (ConfUtils.java:logGet(43)) - raft.server.log.force.sync.num = 128 (default)
2019-09-25 17:39:09,426 [pool-443-thread-1] INFO  server.RaftServerConfigKeys (ConfUtils.java:logGet(43)) - raft.server.log.statemachine.data.sync = true (default)
2019-09-25 17:39:09,426 [pool-443-thread-1] INFO  server.RaftServerConfigKeys (ConfUtils.java:logGet(43)) - raft.server.log.statemachine.data.sync.timeout = 10s (default)
2019-09-25 17:39:09,426 [pool-443-thread-1] INFO  server.RaftServerConfigKeys (ConfUtils.java:logGet(43)) - raft.server.log.statemachine.data.sync.timeout.retry = -1 (default)
2019-09-25 17:39:09,427 [pool-443-thread-1] INFO  server.RaftServerConfigKeys (ConfUtils.java:logGet(43)) - raft.server.log.statemachine.data.caching.enabled = true (custom)
2019-09-25 17:39:09,427 [pool-443-thread-1] INFO  segmented.SegmentedRaftLogWorker (SegmentedRaftLogWorker.java:lambda$new$0(132)) - a2389647-2746-4532-8d28-1d3f97518474@group-20AAE0BFEBC9-SegmentedRaftLogWorker: flushIndex: setUnconditionally 0 -> -1
2019-09-25 17:39:09,427 [pool-443-thread-1] INFO  server.RaftServerConfigKeys (ConfUtils.java:logGet(43)) - raft.server.snapshot.auto.trigger.enabled = true (custom)
2019-09-25 17:39:09,427 [pool-443-thread-1] INFO  server.RaftServerConfigKeys (ConfUtils.java:logGet(43)) - raft.server.snapshot.auto.trigger.threshold = 10000 (custom)
2019-09-25 17:39:09,427 [pool-443-thread-1] INFO  server.RaftServerConfigKeys (ConfUtils.java:logGet(43)) - raft.server.snapshot.retention.num.files = 5 (custom)
2019-09-25 17:39:09,428 [pool-443-thread-1] INFO  server.RaftServerConfigKeys (ConfUtils.java:logGet(43)) - raft.server.retrycache.expirytime = 600000ms (custom)
2019-09-25 17:39:09,429 [pool-443-thread-1] INFO  impl.RaftServerImpl (RaftServerImpl.java:start(185)) - a2389647-2746-4532-8d28-1d3f97518474@group-20AAE0BFEBC9: start as a follower, conf=-1: [a2389647-2746-4532-8d28-1d3f97518474:192.168.164.232:41701], old=null
2019-09-25 17:39:09,429 [pool-443-thread-1] INFO  impl.RaftServerImpl (RaftServerImpl.java:setRole(174)) - a2389647-2746-4532-8d28-1d3f97518474@group-20AAE0BFEBC9: changes role from      null to FOLLOWER at term 0 for startAsFollower
2019-09-25 17:39:09,429 [pool-443-thread-1] INFO  impl.RoleInfo (RoleInfo.java:updateAndGet(143)) - a2389647-2746-4532-8d28-1d3f97518474: start FollowerState
2019-09-25 17:39:09,430 [pool-443-thread-1] INFO  util.JmxRegister (JmxRegister.java:tryRegister(44)) - Successfully registered JMX Bean with object name Ratis:service=RaftServer,group=group-20AAE0BFEBC9,id=a2389647-2746-4532-8d28-1d3f97518474
2019-09-25 17:39:09,432 [RatisPipelineUtilsThread] INFO  pipeline.PipelineStateManager (PipelineStateManager.java:addPipeline(56)) - Created pipeline Pipeline[ Id: ca27d2ca-21a9-4216-9603-20aae0bfebc9, Nodes: a2389647-2746-4532-8d28-1d3f97518474{ip: 192.168.164.232, host: pr-hdds-2174-qcxnv-2820930021, networkLocation: /default-rack, certSerialId: null}, Type:RATIS, Factor:ONE, State:OPEN]
2019-09-25 17:39:09,448 [grpc-default-executor-9] INFO  impl.RaftServerProxy (RaftServerProxy.java:addNew(89)) - a2389647-2746-4532-8d28-1d3f97518474: addNew group-242F2926C5F2:[a2389647-2746-4532-8d28-1d3f97518474:192.168.164.232:41701, f03bab29-cec5-4c64-9189-7e5e31aec38d:192.168.164.232:39129, 2a0aecae-049e-4606-8a85-9e3403624ec8:192.168.164.232:37868] returns group-242F2926C5F2:java.util.concurrent.CompletableFuture@37fbc4cd[Not completed]
2019-09-25 17:39:09,451 [grpc-default-executor-8] INFO  impl.RaftServerProxy (RaftServerProxy.java:addNew(89)) - 2a0aecae-049e-4606-8a85-9e3403624ec8: addNew group-242F2926C5F2:[a2389647-2746-4532-8d28-1d3f97518474:192.168.164.232:41701, f03bab29-cec5-4c64-9189-7e5e31aec38d:192.168.164.232:39129, 2a0aecae-049e-4606-8a85-9e3403624ec8:192.168.164.232:37868] returns group-242F2926C5F2:java.util.concurrent.CompletableFuture@66494ff9[Not completed]
2019-09-25 17:39:09,448 [grpc-default-executor-0] INFO  impl.RaftServerProxy (RaftServerProxy.java:addNew(89)) - f03bab29-cec5-4c64-9189-7e5e31aec38d: addNew group-242F2926C5F2:[a2389647-2746-4532-8d28-1d3f97518474:192.168.164.232:41701, f03bab29-cec5-4c64-9189-7e5e31aec38d:192.168.164.232:39129, 2a0aecae-049e-4606-8a85-9e3403624ec8:192.168.164.232:37868] returns group-242F2926C5F2:java.util.concurrent.CompletableFuture@539fc9a7[Not completed]
2019-09-25 17:39:09,452 [pool-433-thread-1] INFO  impl.RaftServerImpl (RaftServerImpl.java:<init>(95)) - f03bab29-cec5-4c64-9189-7e5e31aec38d: new RaftServerImpl for group-242F2926C5F2:[a2389647-2746-4532-8d28-1d3f97518474:192.168.164.232:41701, f03bab29-cec5-4c64-9189-7e5e31aec38d:192.168.164.232:39129, 2a0aecae-049e-4606-8a85-9e3403624ec8:192.168.164.232:37868] with ContainerStateMachine:uninitialized
2019-09-25 17:39:09,452 [pool-433-thread-1] INFO  server.RaftServerConfigKeys (ConfUtils.java:logGet(43)) - raft.server.rpc.timeout.min = 5s (custom)
2019-09-25 17:39:09,452 [pool-433-thread-1] INFO  server.RaftServerConfigKeys (ConfUtils.java:logGet(43)) - raft.server.rpc.timeout.max = 5200ms (custom)
2019-09-25 17:39:09,453 [pool-433-thread-1] INFO  server.RaftServerConfigKeys (ConfUtils.java:logGet(43)) - raft.server.rpcslowness.timeout = 120s (custom)
2019-09-25 17:39:09,453 [pool-433-thread-1] INFO  server.RaftServerConfigKeys (ConfUtils.java:logGet(43)) - raft.server.sleep.deviation.threshold = 300 (default)
2019-09-25 17:39:09,453 [pool-423-thread-1] INFO  impl.RaftServerImpl (RaftServerImpl.java:<init>(95)) - 2a0aecae-049e-4606-8a85-9e3403624ec8: new RaftServerImpl for group-242F2926C5F2:[a2389647-2746-4532-8d28-1d3f97518474:192.168.164.232:41701, f03bab29-cec5-4c64-9189-7e5e31aec38d:192.168.164.232:39129, 2a0aecae-049e-4606-8a85-9e3403624ec8:192.168.164.232:37868] with ContainerStateMachine:uninitialized
2019-09-25 17:39:09,453 [pool-433-thread-1] INFO  server.RaftServerConfigKeys (ConfUtils.java:logGet(43)) - raft.server.log.appender.install.snapshot.enabled = false (custom)
2019-09-25 17:39:09,453 [pool-423-thread-1] INFO  server.RaftServerConfigKeys (ConfUtils.java:logGet(43)) - raft.server.rpc.timeout.min = 5s (custom)
2019-09-25 17:39:09,453 [pool-433-thread-1] INFO  impl.RaftServerImpl (ServerState.java:<init>(103)) - f03bab29-cec5-4c64-9189-7e5e31aec38d@group-242F2926C5F2: ConfigurationManager, init=-1: [a2389647-2746-4532-8d28-1d3f97518474:192.168.164.232:41701, f03bab29-cec5-4c64-9189-7e5e31aec38d:192.168.164.232:39129, 2a0aecae-049e-4606-8a85-9e3403624ec8:192.168.164.232:37868], old=null, confs=<EMPTY_MAP>
2019-09-25 17:39:09,453 [pool-443-thread-1] INFO  impl.RaftServerImpl (RaftServerImpl.java:<init>(95)) - a2389647-2746-4532-8d28-1d3f97518474: new RaftServerImpl for group-242F2926C5F2:[a2389647-2746-4532-8d28-1d3f97518474:192.168.164.232:41701, f03bab29-cec5-4c64-9189-7e5e31aec38d:192.168.164.232:39129, 2a0aecae-049e-4606-8a85-9e3403624ec8:192.168.164.232:37868] with ContainerStateMachine:uninitialized
2019-09-25 17:39:09,453 [pool-433-thread-1] INFO  server.RaftServerConfigKeys (ConfUtils.java:logGet(43)) - raft.server.storage.dir = [/workdir/hadoop-ozone/integration-test/target/test-dir/MiniOzoneClusterImpl-439681d3-64da-4b85-98e7-707fc1fcf72a/datanode-5/data/ratis] (custom)
2019-09-25 17:39:09,453 [pool-423-thread-1] INFO  server.RaftServerConfigKeys (ConfUtils.java:logGet(43)) - raft.server.rpc.timeout.max = 5200ms (custom)
2019-09-25 17:39:09,453 [pool-443-thread-1] INFO  server.RaftServerConfigKeys (ConfUtils.java:logGet(43)) - raft.server.rpc.timeout.min = 5s (custom)
2019-09-25 17:39:09,454 [pool-423-thread-1] INFO  server.RaftServerConfigKeys (ConfUtils.java:logGet(43)) - raft.server.rpcslowness.timeout = 120s (custom)
2019-09-25 17:39:09,454 [pool-433-thread-1] INFO  storage.RaftStorageDirectory (RaftStorageDirectory.java:analyzeStorage(246)) - The storage directory /workdir/hadoop-ozone/integration-test/target/test-dir/MiniOzoneClusterImpl-439681d3-64da-4b85-98e7-707fc1fcf72a/datanode-5/data/ratis/c58fd17e-2ab8-4192-9746-242f2926c5f2 does not exist. Creating ...
2019-09-25 17:39:09,454 [pool-443-thread-1] INFO  server.RaftServerConfigKeys (ConfUtils.java:logGet(43)) - raft.server.rpc.timeout.max = 5200ms (custom)
2019-09-25 17:39:09,454 [pool-423-thread-1] INFO  server.RaftServerConfigKeys (ConfUtils.java:logGet(43)) - raft.server.sleep.deviation.threshold = 300 (default)
2019-09-25 17:39:09,454 [pool-443-thread-1] INFO  server.RaftServerConfigKeys (ConfUtils.java:logGet(43)) - raft.server.rpcslowness.timeout = 120s (custom)
2019-09-25 17:39:09,454 [pool-423-thread-1] INFO  server.RaftServerConfigKeys (ConfUtils.java:logGet(43)) - raft.server.log.appender.install.snapshot.enabled = false (custom)
2019-09-25 17:39:09,454 [pool-443-thread-1] INFO  server.RaftServerConfigKeys (ConfUtils.java:logGet(43)) - raft.server.sleep.deviation.threshold = 300 (default)
2019-09-25 17:39:09,454 [pool-423-thread-1] INFO  impl.RaftServerImpl (ServerState.java:<init>(103)) - 2a0aecae-049e-4606-8a85-9e3403624ec8@group-242F2926C5F2: ConfigurationManager, init=-1: [a2389647-2746-4532-8d28-1d3f97518474:192.168.164.232:41701, f03bab29-cec5-4c64-9189-7e5e31aec38d:192.168.164.232:39129, 2a0aecae-049e-4606-8a85-9e3403624ec8:192.168.164.232:37868], old=null, confs=<EMPTY_MAP>
2019-09-25 17:39:09,454 [pool-443-thread-1] INFO  server.RaftServerConfigKeys (ConfUtils.java:logGet(43)) - raft.server.log.appender.install.snapshot.enabled = false (custom)
2019-09-25 17:39:09,455 [pool-423-thread-1] INFO  server.RaftServerConfigKeys (ConfUtils.java:logGet(43)) - raft.server.storage.dir = [/workdir/hadoop-ozone/integration-test/target/test-dir/MiniOzoneClusterImpl-439681d3-64da-4b85-98e7-707fc1fcf72a/datanode-4/data/ratis] (custom)
2019-09-25 17:39:09,455 [pool-443-thread-1] INFO  impl.RaftServerImpl (ServerState.java:<init>(103)) - a2389647-2746-4532-8d28-1d3f97518474@group-242F2926C5F2: ConfigurationManager, init=-1: [a2389647-2746-4532-8d28-1d3f97518474:192.168.164.232:41701, f03bab29-cec5-4c64-9189-7e5e31aec38d:192.168.164.232:39129, 2a0aecae-049e-4606-8a85-9e3403624ec8:192.168.164.232:37868], old=null, confs=<EMPTY_MAP>
2019-09-25 17:39:09,455 [pool-443-thread-1] INFO  server.RaftServerConfigKeys (ConfUtils.java:logGet(43)) - raft.server.storage.dir = [/workdir/hadoop-ozone/integration-test/target/test-dir/MiniOzoneClusterImpl-439681d3-64da-4b85-98e7-707fc1fcf72a/datanode-6/data/ratis] (custom)
2019-09-25 17:39:09,455 [pool-423-thread-1] INFO  storage.RaftStorageDirectory (RaftStorageDirectory.java:analyzeStorage(246)) - The storage directory /workdir/hadoop-ozone/integration-test/target/test-dir/MiniOzoneClusterImpl-439681d3-64da-4b85-98e7-707fc1fcf72a/datanode-4/data/ratis/c58fd17e-2ab8-4192-9746-242f2926c5f2 does not exist. Creating ...
2019-09-25 17:39:09,455 [pool-443-thread-1] INFO  storage.RaftStorageDirectory (RaftStorageDirectory.java:analyzeStorage(246)) - The storage directory /workdir/hadoop-ozone/integration-test/target/test-dir/MiniOzoneClusterImpl-439681d3-64da-4b85-98e7-707fc1fcf72a/datanode-6/data/ratis/c58fd17e-2ab8-4192-9746-242f2926c5f2 does not exist. Creating ...
2019-09-25 17:39:09,467 [pool-423-thread-1] INFO  storage.RaftStorageDirectory (RaftStorageDirectory.java:tryLock(328)) - Lock on /workdir/hadoop-ozone/integration-test/target/test-dir/MiniOzoneClusterImpl-439681d3-64da-4b85-98e7-707fc1fcf72a/datanode-4/data/ratis/c58fd17e-2ab8-4192-9746-242f2926c5f2/in_use.lock acquired by nodename 20008@pr-hdds-2174-qcxnv-2820930021
2019-09-25 17:39:09,467 [pool-433-thread-1] INFO  storage.RaftStorageDirectory (RaftStorageDirectory.java:tryLock(328)) - Lock on /workdir/hadoop-ozone/integration-test/target/test-dir/MiniOzoneClusterImpl-439681d3-64da-4b85-98e7-707fc1fcf72a/datanode-5/data/ratis/c58fd17e-2ab8-4192-9746-242f2926c5f2/in_use.lock acquired by nodename 20008@pr-hdds-2174-qcxnv-2820930021
2019-09-25 17:39:09,467 [pool-443-thread-1] INFO  storage.RaftStorageDirectory (RaftStorageDirectory.java:tryLock(328)) - Lock on /workdir/hadoop-ozone/integration-test/target/test-dir/MiniOzoneClusterImpl-439681d3-64da-4b85-98e7-707fc1fcf72a/datanode-6/data/ratis/c58fd17e-2ab8-4192-9746-242f2926c5f2/in_use.lock acquired by nodename 20008@pr-hdds-2174-qcxnv-2820930021
2019-09-25 17:39:09,485 [pool-433-thread-1] INFO  storage.RaftStorage (RaftStorage.java:format(72)) - Storage directory /workdir/hadoop-ozone/integration-test/target/test-dir/MiniOzoneClusterImpl-439681d3-64da-4b85-98e7-707fc1fcf72a/datanode-5/data/ratis/c58fd17e-2ab8-4192-9746-242f2926c5f2 has been successfully formatted.
2019-09-25 17:39:09,485 [pool-423-thread-1] INFO  storage.RaftStorage (RaftStorage.java:format(72)) - Storage directory /workdir/hadoop-ozone/integration-test/target/test-dir/MiniOzoneClusterImpl-439681d3-64da-4b85-98e7-707fc1fcf72a/datanode-4/data/ratis/c58fd17e-2ab8-4192-9746-242f2926c5f2 has been successfully formatted.
2019-09-25 17:39:09,485 [pool-443-thread-1] INFO  storage.RaftStorage (RaftStorage.java:format(72)) - Storage directory /workdir/hadoop-ozone/integration-test/target/test-dir/MiniOzoneClusterImpl-439681d3-64da-4b85-98e7-707fc1fcf72a/datanode-6/data/ratis/c58fd17e-2ab8-4192-9746-242f2926c5f2 has been successfully formatted.
2019-09-25 17:39:09,486 [pool-423-thread-1] INFO  ratis.ContainerStateMachine (ContainerStateMachine.java:loadSnapshot(230)) - group-242F2926C5F2: The snapshot info is null. Setting the last applied indexto:(t:0, i:~)
2019-09-25 17:39:09,486 [pool-433-thread-1] INFO  ratis.ContainerStateMachine (ContainerStateMachine.java:loadSnapshot(230)) - group-242F2926C5F2: The snapshot info is null. Setting the last applied indexto:(t:0, i:~)
2019-09-25 17:39:09,486 [pool-423-thread-1] INFO  server.RaftServerConfigKeys (ConfUtils.java:logGet(43)) - raft.server.notification.no-leader.timeout = 120s (custom)
2019-09-25 17:39:09,486 [pool-443-thread-1] INFO  ratis.ContainerStateMachine (ContainerStateMachine.java:loadSnapshot(230)) - group-242F2926C5F2: The snapshot info is null. Setting the last applied indexto:(t:0, i:~)
2019-09-25 17:39:09,489 [pool-423-thread-1] INFO  server.RaftServerConfigKeys (ConfUtils.java:logGet(43)) - raft.server.log.use.memory = false (default)
2019-09-25 17:39:09,488 [pool-433-thread-1] INFO  server.RaftServerConfigKeys (ConfUtils.java:logGet(43)) - raft.server.notification.no-leader.timeout = 120s (custom)
2019-09-25 17:39:09,489 [pool-423-thread-1] INFO  server.RaftServerConfigKeys (ConfUtils.java:logGet(43)) - raft.server.log.purge.gap = 1000000 (custom)
2019-09-25 17:39:09,489 [pool-443-thread-1] INFO  server.RaftServerConfigKeys (ConfUtils.java:logGet(43)) - raft.server.notification.no-leader.timeout = 120s (custom)
2019-09-25 17:39:09,489 [pool-423-thread-1] INFO  server.RaftServerConfigKeys (ConfUtils.java:logGet(43)) - raft.server.log.appender.buffer.byte-limit = 33554432 (custom)
2019-09-25 17:39:09,489 [pool-433-thread-1] INFO  server.RaftServerConfigKeys (ConfUtils.java:logGet(43)) - raft.server.log.use.memory = false (default)
2019-09-25 17:39:09,490 [pool-423-thread-1] INFO  server.RaftServerConfigKeys (ConfUtils.java:logGet(43)) - raft.server.log.segment.size.max = 1048576 (custom)
2019-09-25 17:39:09,489 [pool-443-thread-1] INFO  server.RaftServerConfigKeys (ConfUtils.java:logGet(43)) - raft.server.log.use.memory = false (default)
2019-09-25 17:39:09,490 [pool-423-thread-1] INFO  server.RaftServerConfigKeys (ConfUtils.java:logGet(43)) - raft.server.log.segment.cache.num.max = 2 (custom)
2019-09-25 17:39:09,490 [pool-433-thread-1] INFO  server.RaftServerConfigKeys (ConfUtils.java:logGet(43)) - raft.server.log.purge.gap = 1000000 (custom)
2019-09-25 17:39:09,490 [pool-423-thread-1] INFO  segmented.SegmentedRaftLogWorker (SegmentedRaftLogWorker.java:<init>(172)) - new 2a0aecae-049e-4606-8a85-9e3403624ec8@group-242F2926C5F2-SegmentedRaftLogWorker for RaftStorage:Storage Directory /workdir/hadoop-ozone/integration-test/target/test-dir/MiniOzoneClusterImpl-439681d3-64da-4b85-98e7-707fc1fcf72a/datanode-4/data/ratis/c58fd17e-2ab8-4192-9746-242f2926c5f2
2019-09-25 17:39:09,490 [pool-443-thread-1] INFO  server.RaftServerConfigKeys (ConfUtils.java:logGet(43)) - raft.server.log.purge.gap = 1000000 (custom)
2019-09-25 17:39:09,490 [pool-423-thread-1] INFO  server.RaftServerConfigKeys (ConfUtils.java:logGet(43)) - raft.server.log.queue.byte-limit = 2147483647 (custom)
2019-09-25 17:39:09,490 [pool-433-thread-1] INFO  server.RaftServerConfigKeys (ConfUtils.java:logGet(43)) - raft.server.log.appender.buffer.byte-limit = 33554432 (custom)
2019-09-25 17:39:09,491 [pool-423-thread-1] INFO  server.RaftServerConfigKeys (ConfUtils.java:logGet(43)) - raft.server.log.queue.element-limit = 1024 (custom)
2019-09-25 17:39:09,491 [pool-443-thread-1] INFO  server.RaftServerConfigKeys (ConfUtils.java:logGet(43)) - raft.server.log.appender.buffer.byte-limit = 33554432 (custom)
2019-09-25 17:39:09,491 [pool-423-thread-1] INFO  server.RaftServerConfigKeys (ConfUtils.java:logGet(43)) - raft.server.log.segment.size.max = 1048576 (custom)
2019-09-25 17:39:09,491 [pool-433-thread-1] INFO  server.RaftServerConfigKeys (ConfUtils.java:logGet(43)) - raft.server.log.segment.size.max = 1048576 (custom)
2019-09-25 17:39:09,491 [pool-423-thread-1] INFO  server.RaftServerConfigKeys (ConfUtils.java:logGet(43)) - raft.server.log.preallocated.size = 16384 (custom)
2019-09-25 17:39:09,491 [pool-443-thread-1] INFO  server.RaftServerConfigKeys (ConfUtils.java:logGet(43)) - raft.server.log.segment.size.max = 1048576 (custom)
2019-09-25 17:39:09,492 [pool-423-thread-1] INFO  server.RaftServerConfigKeys (ConfUtils.java:logGet(43)) - raft.server.log.write.buffer.size = 33554432 (custom)
2019-09-25 17:39:09,492 [pool-423-thread-1] INFO  server.RaftServerConfigKeys (ConfUtils.java:logGet(43)) - raft.server.log.force.sync.num = 128 (default)
2019-09-25 17:39:09,492 [pool-433-thread-1] INFO  server.RaftServerConfigKeys (ConfUtils.java:logGet(43)) - raft.server.log.segment.cache.num.max = 2 (custom)
2019-09-25 17:39:09,492 [pool-423-thread-1] INFO  server.RaftServerConfigKeys (ConfUtils.java:logGet(43)) - raft.server.log.statemachine.data.sync = true (default)
2019-09-25 17:39:09,493 [pool-423-thread-1] INFO  server.RaftServerConfigKeys (ConfUtils.java:logGet(43)) - raft.server.log.statemachine.data.sync.timeout = 10s (default)
2019-09-25 17:39:09,492 [pool-443-thread-1] INFO  server.RaftServerConfigKeys (ConfUtils.java:logGet(43)) - raft.server.log.segment.cache.num.max = 2 (custom)
2019-09-25 17:39:09,493 [pool-423-thread-1] INFO  server.RaftServerConfigKeys (ConfUtils.java:logGet(43)) - raft.server.log.statemachine.data.sync.timeout.retry = -1 (default)
2019-09-25 17:39:09,492 [pool-433-thread-1] INFO  segmented.SegmentedRaftLogWorker (SegmentedRaftLogWorker.java:<init>(172)) - new f03bab29-cec5-4c64-9189-7e5e31aec38d@group-242F2926C5F2-SegmentedRaftLogWorker for RaftStorage:Storage Directory /workdir/hadoop-ozone/integration-test/target/test-dir/MiniOzoneClusterImpl-439681d3-64da-4b85-98e7-707fc1fcf72a/datanode-5/data/ratis/c58fd17e-2ab8-4192-9746-242f2926c5f2
2019-09-25 17:39:09,493 [pool-423-thread-1] INFO  server.RaftServerConfigKeys (ConfUtils.java:logGet(43)) - raft.server.log.statemachine.data.caching.enabled = true (custom)
2019-09-25 17:39:09,493 [pool-443-thread-1] INFO  segmented.SegmentedRaftLogWorker (SegmentedRaftLogWorker.java:<init>(172)) - new a2389647-2746-4532-8d28-1d3f97518474@group-242F2926C5F2-SegmentedRaftLogWorker for RaftStorage:Storage Directory /workdir/hadoop-ozone/integration-test/target/test-dir/MiniOzoneClusterImpl-439681d3-64da-4b85-98e7-707fc1fcf72a/datanode-6/data/ratis/c58fd17e-2ab8-4192-9746-242f2926c5f2
2019-09-25 17:39:09,493 [pool-433-thread-1] INFO  server.RaftServerConfigKeys (ConfUtils.java:logGet(43)) - raft.server.log.queue.byte-limit = 2147483647 (custom)
2019-09-25 17:39:09,494 [pool-423-thread-1] INFO  segmented.SegmentedRaftLogWorker (SegmentedRaftLogWorker.java:lambda$new$0(132)) - 2a0aecae-049e-4606-8a85-9e3403624ec8@group-242F2926C5F2-SegmentedRaftLogWorker: flushIndex: setUnconditionally 0 -> -1
2019-09-25 17:39:09,494 [pool-443-thread-1] INFO  server.RaftServerConfigKeys (ConfUtils.java:logGet(43)) - raft.server.log.queue.byte-limit = 2147483647 (custom)
2019-09-25 17:39:09,494 [pool-433-thread-1] INFO  server.RaftServerConfigKeys (ConfUtils.java:logGet(43)) - raft.server.log.queue.element-limit = 1024 (custom)
2019-09-25 17:39:09,494 [pool-423-thread-1] INFO  server.RaftServerConfigKeys (ConfUtils.java:logGet(43)) - raft.server.snapshot.auto.trigger.enabled = true (custom)
2019-09-25 17:39:09,494 [pool-443-thread-1] INFO  server.RaftServerConfigKeys (ConfUtils.java:logGet(43)) - raft.server.log.queue.element-limit = 1024 (custom)
2019-09-25 17:39:09,494 [pool-423-thread-1] INFO  server.RaftServerConfigKeys (ConfUtils.java:logGet(43)) - raft.server.snapshot.auto.trigger.threshold = 10000 (custom)
2019-09-25 17:39:09,495 [pool-423-thread-1] INFO  server.RaftServerConfigKeys (ConfUtils.java:logGet(43)) - raft.server.snapshot.retention.num.files = 5 (custom)
2019-09-25 17:39:09,494 [pool-433-thread-1] INFO  server.RaftServerConfigKeys (ConfUtils.java:logGet(43)) - raft.server.log.segment.size.max = 1048576 (custom)
2019-09-25 17:39:09,495 [pool-423-thread-1] INFO  server.RaftServerConfigKeys (ConfUtils.java:logGet(43)) - raft.server.retrycache.expirytime = 600000ms (custom)
2019-09-25 17:39:09,495 [pool-443-thread-1] INFO  server.RaftServerConfigKeys (ConfUtils.java:logGet(43)) - raft.server.log.segment.size.max = 1048576 (custom)
2019-09-25 17:39:09,495 [pool-443-thread-1] INFO  server.RaftServerConfigKeys (ConfUtils.java:logGet(43)) - raft.server.log.preallocated.size = 16384 (custom)
2019-09-25 17:39:09,495 [pool-433-thread-1] INFO  server.RaftServerConfigKeys (ConfUtils.java:logGet(43)) - raft.server.log.preallocated.size = 16384 (custom)
2019-09-25 17:39:09,495 [pool-443-thread-1] INFO  server.RaftServerConfigKeys (ConfUtils.java:logGet(43)) - raft.server.log.write.buffer.size = 33554432 (custom)
2019-09-25 17:39:09,496 [pool-433-thread-1] INFO  server.RaftServerConfigKeys (ConfUtils.java:logGet(43)) - raft.server.log.write.buffer.size = 33554432 (custom)
2019-09-25 17:39:09,496 [pool-443-thread-1] INFO  server.RaftServerConfigKeys (ConfUtils.java:logGet(43)) - raft.server.log.force.sync.num = 128 (default)
2019-09-25 17:39:09,496 [pool-433-thread-1] INFO  server.RaftServerConfigKeys (ConfUtils.java:logGet(43)) - raft.server.log.force.sync.num = 128 (default)
2019-09-25 17:39:09,496 [pool-443-thread-1] INFO  server.RaftServerConfigKeys (ConfUtils.java:logGet(43)) - raft.server.log.statemachine.data.sync = true (default)
2019-09-25 17:39:09,496 [pool-433-thread-1] INFO  server.RaftServerConfigKeys (ConfUtils.java:logGet(43)) - raft.server.log.statemachine.data.sync = true (default)
2019-09-25 17:39:09,496 [pool-443-thread-1] INFO  server.RaftServerConfigKeys (ConfUtils.java:logGet(43)) - raft.server.log.statemachine.data.sync.timeout = 10s (default)
2019-09-25 17:39:09,497 [pool-433-thread-1] INFO  server.RaftServerConfigKeys (ConfUtils.java:logGet(43)) - raft.server.log.statemachine.data.sync.timeout = 10s (default)
2019-09-25 17:39:09,497 [pool-443-thread-1] INFO  server.RaftServerConfigKeys (ConfUtils.java:logGet(43)) - raft.server.log.statemachine.data.sync.timeout.retry = -1 (default)
2019-09-25 17:39:09,497 [pool-433-thread-1] INFO  server.RaftServerConfigKeys (ConfUtils.java:logGet(43)) - raft.server.log.statemachine.data.sync.timeout.retry = -1 (default)
2019-09-25 17:39:09,497 [pool-423-thread-1] INFO  impl.RaftServerImpl (RaftServerImpl.java:start(185)) - 2a0aecae-049e-4606-8a85-9e3403624ec8@group-242F2926C5F2: start as a follower, conf=-1: [a2389647-2746-4532-8d28-1d3f97518474:192.168.164.232:41701, f03bab29-cec5-4c64-9189-7e5e31aec38d:192.168.164.232:39129, 2a0aecae-049e-4606-8a85-9e3403624ec8:192.168.164.232:37868], old=null
2019-09-25 17:39:09,497 [pool-443-thread-1] INFO  server.RaftServerConfigKeys (ConfUtils.java:logGet(43)) - raft.server.log.statemachine.data.caching.enabled = true (custom)
2019-09-25 17:39:09,497 [pool-423-thread-1] INFO  impl.RaftServerImpl (RaftServerImpl.java:setRole(174)) - 2a0aecae-049e-4606-8a85-9e3403624ec8@group-242F2926C5F2: changes role from      null to FOLLOWER at term 0 for startAsFollower
2019-09-25 17:39:09,497 [pool-433-thread-1] INFO  server.RaftServerConfigKeys (ConfUtils.java:logGet(43)) - raft.server.log.statemachine.data.caching.enabled = true (custom)
2019-09-25 17:39:09,498 [pool-423-thread-1] INFO  impl.RoleInfo (RoleInfo.java:updateAndGet(143)) - 2a0aecae-049e-4606-8a85-9e3403624ec8: start FollowerState
2019-09-25 17:39:09,498 [pool-443-thread-1] INFO  segmented.SegmentedRaftLogWorker (SegmentedRaftLogWorker.java:lambda$new$0(132)) - a2389647-2746-4532-8d28-1d3f97518474@group-242F2926C5F2-SegmentedRaftLogWorker: flushIndex: setUnconditionally 0 -> -1
2019-09-25 17:39:09,498 [pool-433-thread-1] INFO  segmented.SegmentedRaftLogWorker (SegmentedRaftLogWorker.java:lambda$new$0(132)) - f03bab29-cec5-4c64-9189-7e5e31aec38d@group-242F2926C5F2-SegmentedRaftLogWorker: flushIndex: setUnconditionally 0 -> -1
2019-09-25 17:39:09,498 [pool-423-thread-1] INFO  util.JmxRegister (JmxRegister.java:tryRegister(44)) - Successfully registered JMX Bean with object name Ratis:service=RaftServer,group=group-242F2926C5F2,id=2a0aecae-049e-4606-8a85-9e3403624ec8
2019-09-25 17:39:09,498 [pool-433-thread-1] INFO  server.RaftServerConfigKeys (ConfUtils.java:logGet(43)) - raft.server.snapshot.auto.trigger.enabled = true (custom)
2019-09-25 17:39:09,498 [pool-443-thread-1] INFO  server.RaftServerConfigKeys (ConfUtils.java:logGet(43)) - raft.server.snapshot.auto.trigger.enabled = true (custom)
2019-09-25 17:39:09,498 [pool-433-thread-1] INFO  server.RaftServerConfigKeys (ConfUtils.java:logGet(43)) - raft.server.snapshot.auto.trigger.threshold = 10000 (custom)
2019-09-25 17:39:09,499 [pool-443-thread-1] INFO  server.RaftServerConfigKeys (ConfUtils.java:logGet(43)) - raft.server.snapshot.auto.trigger.threshold = 10000 (custom)
2019-09-25 17:39:09,499 [pool-433-thread-1] INFO  server.RaftServerConfigKeys (ConfUtils.java:logGet(43)) - raft.server.snapshot.retention.num.files = 5 (custom)
2019-09-25 17:39:09,499 [pool-443-thread-1] INFO  server.RaftServerConfigKeys (ConfUtils.java:logGet(43)) - raft.server.snapshot.retention.num.files = 5 (custom)
2019-09-25 17:39:09,499 [pool-433-thread-1] INFO  server.RaftServerConfigKeys (ConfUtils.java:logGet(43)) - raft.server.retrycache.expirytime = 600000ms (custom)
2019-09-25 17:39:09,499 [pool-443-thread-1] INFO  server.RaftServerConfigKeys (ConfUtils.java:logGet(43)) - raft.server.retrycache.expirytime = 600000ms (custom)
2019-09-25 17:39:09,501 [pool-433-thread-1] INFO  impl.RaftServerImpl (RaftServerImpl.java:start(185)) - f03bab29-cec5-4c64-9189-7e5e31aec38d@group-242F2926C5F2: start as a follower, conf=-1: [a2389647-2746-4532-8d28-1d3f97518474:192.168.164.232:41701, f03bab29-cec5-4c64-9189-7e5e31aec38d:192.168.164.232:39129, 2a0aecae-049e-4606-8a85-9e3403624ec8:192.168.164.232:37868], old=null
2019-09-25 17:39:09,501 [pool-433-thread-1] INFO  impl.RaftServerImpl (RaftServerImpl.java:setRole(174)) - f03bab29-cec5-4c64-9189-7e5e31aec38d@group-242F2926C5F2: changes role from      null to FOLLOWER at term 0 for startAsFollower
2019-09-25 17:39:09,501 [pool-433-thread-1] INFO  impl.RoleInfo (RoleInfo.java:updateAndGet(143)) - f03bab29-cec5-4c64-9189-7e5e31aec38d: start FollowerState
2019-09-25 17:39:09,502 [pool-443-thread-1] INFO  impl.RaftServerImpl (RaftServerImpl.java:start(185)) - a2389647-2746-4532-8d28-1d3f97518474@group-242F2926C5F2: start as a follower, conf=-1: [a2389647-2746-4532-8d28-1d3f97518474:192.168.164.232:41701, f03bab29-cec5-4c64-9189-7e5e31aec38d:192.168.164.232:39129, 2a0aecae-049e-4606-8a85-9e3403624ec8:192.168.164.232:37868], old=null
2019-09-25 17:39:09,502 [pool-433-thread-1] INFO  util.JmxRegister (JmxRegister.java:tryRegister(44)) - Successfully registered JMX Bean with object name Ratis:service=RaftServer,group=group-242F2926C5F2,id=f03bab29-cec5-4c64-9189-7e5e31aec38d
2019-09-25 17:39:09,502 [pool-443-thread-1] INFO  impl.RaftServerImpl (RaftServerImpl.java:setRole(174)) - a2389647-2746-4532-8d28-1d3f97518474@group-242F2926C5F2: changes role from      null to FOLLOWER at term 0 for startAsFollower
2019-09-25 17:39:09,502 [pool-443-thread-1] INFO  impl.RoleInfo (RoleInfo.java:updateAndGet(143)) - a2389647-2746-4532-8d28-1d3f97518474: start FollowerState
2019-09-25 17:39:09,503 [pool-443-thread-1] INFO  util.JmxRegister (JmxRegister.java:tryRegister(44)) - Successfully registered JMX Bean with object name Ratis:service=RaftServer,group=group-242F2926C5F2,id=a2389647-2746-4532-8d28-1d3f97518474
2019-09-25 17:39:09,505 [RatisPipelineUtilsThread] INFO  pipeline.PipelineStateManager (PipelineStateManager.java:addPipeline(56)) - Created pipeline Pipeline[ Id: c58fd17e-2ab8-4192-9746-242f2926c5f2, Nodes: 2a0aecae-049e-4606-8a85-9e3403624ec8{ip: 192.168.164.232, host: pr-hdds-2174-qcxnv-2820930021, networkLocation: /default-rack, certSerialId: null}f03bab29-cec5-4c64-9189-7e5e31aec38d{ip: 192.168.164.232, host: pr-hdds-2174-qcxnv-2820930021, networkLocation: /default-rack, certSerialId: null}a2389647-2746-4532-8d28-1d3f97518474{ip: 192.168.164.232, host: pr-hdds-2174-qcxnv-2820930021, networkLocation: /default-rack, certSerialId: null}, Type:RATIS, Factor:THREE, State:OPEN]
2019-09-25 17:39:11,940 [Thread-2481] INFO  container.ReplicationManager (ReplicationManager.java:start(162)) - Starting Replication Monitor Thread.
2019-09-25 17:39:11,946 [ReplicationMonitor] INFO  container.ReplicationManager (ReplicationManager.java:run(225)) - Replication Monitor Thread took 0 milliseconds for processing 1 containers.
2019-09-25 17:39:14,138 [Thread-2483] INFO  impl.FollowerState (FollowerState.java:run(106)) - 5438351b-ff2f-4cba-beb7-59d41aac9b86:group-915012A56DD6 changes to CANDIDATE, lastRpcTime:5150, electionTimeout:5150ms
2019-09-25 17:39:14,139 [Thread-2483] INFO  impl.RoleInfo (RoleInfo.java:shutdownFollowerState(121)) - 5438351b-ff2f-4cba-beb7-59d41aac9b86: shutdown FollowerState
2019-09-25 17:39:14,139 [Thread-2483] INFO  impl.RaftServerImpl (RaftServerImpl.java:setRole(174)) - 5438351b-ff2f-4cba-beb7-59d41aac9b86@group-915012A56DD6: changes role from  FOLLOWER to CANDIDATE at term 0 for changeToCandidate
2019-09-25 17:39:14,139 [Thread-2483] INFO  impl.RoleInfo (RoleInfo.java:updateAndGet(143)) - 5438351b-ff2f-4cba-beb7-59d41aac9b86: start LeaderElection
2019-09-25 17:39:14,145 [Thread-2486] INFO  impl.FollowerState (FollowerState.java:run(106)) - 3ec7e880-e928-4941-b8f6-c8b4ac4bfea9:group-2E917C82D73C changes to CANDIDATE, lastRpcTime:5106, electionTimeout:5106ms
2019-09-25 17:39:14,145 [Thread-2486] INFO  impl.RoleInfo (RoleInfo.java:shutdownFollowerState(121)) - 3ec7e880-e928-4941-b8f6-c8b4ac4bfea9: shutdown FollowerState
2019-09-25 17:39:14,145 [Thread-2486] INFO  impl.RaftServerImpl (RaftServerImpl.java:setRole(174)) - 3ec7e880-e928-4941-b8f6-c8b4ac4bfea9@group-2E917C82D73C: changes role from  FOLLOWER to CANDIDATE at term 0 for changeToCandidate
2019-09-25 17:39:14,145 [Thread-2486] INFO  impl.RoleInfo (RoleInfo.java:updateAndGet(143)) - 3ec7e880-e928-4941-b8f6-c8b4ac4bfea9: start LeaderElection
2019-09-25 17:39:14,170 [Thread-2489] INFO  impl.FollowerState (FollowerState.java:run(106)) - aef8c539-e26d-4b05-bf2d-d22dfb6dca90:group-351988B9CD62 changes to CANDIDATE, lastRpcTime:5059, electionTimeout:5059ms
2019-09-25 17:39:14,170 [Thread-2489] INFO  impl.RoleInfo (RoleInfo.java:shutdownFollowerState(121)) - aef8c539-e26d-4b05-bf2d-d22dfb6dca90: shutdown FollowerState
2019-09-25 17:39:14,170 [Thread-2489] INFO  impl.RaftServerImpl (RaftServerImpl.java:setRole(174)) - aef8c539-e26d-4b05-bf2d-d22dfb6dca90@group-351988B9CD62: changes role from  FOLLOWER to CANDIDATE at term 0 for changeToCandidate
2019-09-25 17:39:14,171 [Thread-2489] INFO  impl.RoleInfo (RoleInfo.java:updateAndGet(143)) - aef8c539-e26d-4b05-bf2d-d22dfb6dca90: start LeaderElection
2019-09-25 17:39:14,189 [Thread-2492] INFO  impl.FollowerState (FollowerState.java:run(106)) - 3c05e510-6915-4b7b-9ae3-8ad11ab09515:group-53A6DD6FA1CD changes to CANDIDATE, lastRpcTime:5032, electionTimeout:5032ms
2019-09-25 17:39:14,189 [Thread-2492] INFO  impl.RoleInfo (RoleInfo.java:shutdownFollowerState(121)) - 3c05e510-6915-4b7b-9ae3-8ad11ab09515: shutdown FollowerState
2019-09-25 17:39:14,189 [Thread-2492] INFO  impl.RaftServerImpl (RaftServerImpl.java:setRole(174)) - 3c05e510-6915-4b7b-9ae3-8ad11ab09515@group-53A6DD6FA1CD: changes role from  FOLLOWER to CANDIDATE at term 0 for changeToCandidate
2019-09-25 17:39:14,189 [Thread-2492] INFO  impl.RoleInfo (RoleInfo.java:updateAndGet(143)) - 3c05e510-6915-4b7b-9ae3-8ad11ab09515: start LeaderElection
2019-09-25 17:39:14,276 [Thread-2501] INFO  impl.FollowerState (FollowerState.java:run(106)) - 3ec7e880-e928-4941-b8f6-c8b4ac4bfea9:group-C4B24B798944 changes to CANDIDATE, lastRpcTime:5055, electionTimeout:5055ms
2019-09-25 17:39:14,276 [Thread-2501] INFO  impl.RoleInfo (RoleInfo.java:shutdownFollowerState(121)) - 3ec7e880-e928-4941-b8f6-c8b4ac4bfea9: shutdown FollowerState
2019-09-25 17:39:14,276 [Thread-2501] INFO  impl.RaftServerImpl (RaftServerImpl.java:setRole(174)) - 3ec7e880-e928-4941-b8f6-c8b4ac4bfea9@group-C4B24B798944: changes role from  FOLLOWER to CANDIDATE at term 0 for changeToCandidate
2019-09-25 17:39:14,276 [Thread-2501] INFO  impl.RoleInfo (RoleInfo.java:updateAndGet(143)) - 3ec7e880-e928-4941-b8f6-c8b4ac4bfea9: start LeaderElection
2019-09-25 17:39:14,294 [Thread-2497] INFO  impl.FollowerState (FollowerState.java:run(106)) - aef8c539-e26d-4b05-bf2d-d22dfb6dca90:group-C4B24B798944 changes to CANDIDATE, lastRpcTime:5076, electionTimeout:5076ms
2019-09-25 17:39:14,294 [Thread-2497] INFO  impl.RoleInfo (RoleInfo.java:shutdownFollowerState(121)) - aef8c539-e26d-4b05-bf2d-d22dfb6dca90: shutdown FollowerState
2019-09-25 17:39:14,295 [Thread-2497] INFO  impl.RaftServerImpl (RaftServerImpl.java:setRole(174)) - aef8c539-e26d-4b05-bf2d-d22dfb6dca90@group-C4B24B798944: changes role from  FOLLOWER to CANDIDATE at term 0 for changeToCandidate
2019-09-25 17:39:14,295 [Thread-2497] INFO  impl.RoleInfo (RoleInfo.java:updateAndGet(143)) - aef8c539-e26d-4b05-bf2d-d22dfb6dca90: start LeaderElection
2019-09-25 17:39:14,344 [Thread-2499] INFO  impl.FollowerState (FollowerState.java:run(106)) - 3c05e510-6915-4b7b-9ae3-8ad11ab09515:group-C4B24B798944 changes to CANDIDATE, lastRpcTime:5124, electionTimeout:5124ms
2019-09-25 17:39:14,344 [Thread-2499] INFO  impl.RoleInfo (RoleInfo.java:shutdownFollowerState(121)) - 3c05e510-6915-4b7b-9ae3-8ad11ab09515: shutdown FollowerState
2019-09-25 17:39:14,344 [Thread-2499] INFO  impl.RaftServerImpl (RaftServerImpl.java:setRole(174)) - 3c05e510-6915-4b7b-9ae3-8ad11ab09515@group-C4B24B798944: changes role from  FOLLOWER to CANDIDATE at term 0 for changeToCandidate
2019-09-25 17:39:14,345 [Thread-2499] INFO  impl.RoleInfo (RoleInfo.java:updateAndGet(143)) - 3c05e510-6915-4b7b-9ae3-8ad11ab09515: start LeaderElection
2019-09-25 17:39:14,461 [Thread-2509] INFO  impl.FollowerState (FollowerState.java:run(106)) - f03bab29-cec5-4c64-9189-7e5e31aec38d:group-32C92A12C6D8 changes to CANDIDATE, lastRpcTime:5091, electionTimeout:5089ms
2019-09-25 17:39:14,462 [Thread-2509] INFO  impl.RoleInfo (RoleInfo.java:shutdownFollowerState(121)) - f03bab29-cec5-4c64-9189-7e5e31aec38d: shutdown FollowerState
2019-09-25 17:39:14,462 [Thread-2509] INFO  impl.RaftServerImpl (RaftServerImpl.java:setRole(174)) - f03bab29-cec5-4c64-9189-7e5e31aec38d@group-32C92A12C6D8: changes role from  FOLLOWER to CANDIDATE at term 0 for changeToCandidate
2019-09-25 17:39:14,462 [Thread-2509] INFO  impl.RoleInfo (RoleInfo.java:updateAndGet(143)) - f03bab29-cec5-4c64-9189-7e5e31aec38d: start LeaderElection
2019-09-25 17:39:14,471 [Thread-2512] INFO  impl.FollowerState (FollowerState.java:run(106)) - a2389647-2746-4532-8d28-1d3f97518474:group-20AAE0BFEBC9 changes to CANDIDATE, lastRpcTime:5041, electionTimeout:5037ms
2019-09-25 17:39:14,471 [Thread-2512] INFO  impl.RoleInfo (RoleInfo.java:shutdownFollowerState(121)) - a2389647-2746-4532-8d28-1d3f97518474: shutdown FollowerState
2019-09-25 17:39:14,471 [Thread-2512] INFO  impl.RaftServerImpl (RaftServerImpl.java:setRole(174)) - a2389647-2746-4532-8d28-1d3f97518474@group-20AAE0BFEBC9: changes role from  FOLLOWER to CANDIDATE at term 0 for changeToCandidate
2019-09-25 17:39:14,471 [Thread-2512] INFO  impl.RoleInfo (RoleInfo.java:updateAndGet(143)) - a2389647-2746-4532-8d28-1d3f97518474: start LeaderElection
2019-09-25 17:39:14,476 [Thread-2504] INFO  impl.FollowerState (FollowerState.java:run(106)) - 2a0aecae-049e-4606-8a85-9e3403624ec8:group-50A664AAC6AF changes to CANDIDATE, lastRpcTime:5171, electionTimeout:5168ms
2019-09-25 17:39:14,477 [Thread-2504] INFO  impl.RoleInfo (RoleInfo.java:shutdownFollowerState(121)) - 2a0aecae-049e-4606-8a85-9e3403624ec8: shutdown FollowerState
2019-09-25 17:39:14,477 [Thread-2504] INFO  impl.RaftServerImpl (RaftServerImpl.java:setRole(174)) - 2a0aecae-049e-4606-8a85-9e3403624ec8@group-50A664AAC6AF: changes role from  FOLLOWER to CANDIDATE at term 0 for changeToCandidate
2019-09-25 17:39:14,477 [Thread-2504] INFO  impl.RoleInfo (RoleInfo.java:updateAndGet(143)) - 2a0aecae-049e-4606-8a85-9e3403624ec8: start LeaderElection
2019-09-25 17:39:14,505 [Thread-2515] INFO  impl.FollowerState (FollowerState.java:run(106)) - 2a0aecae-049e-4606-8a85-9e3403624ec8:group-242F2926C5F2 changes to CANDIDATE, lastRpcTime:5006, electionTimeout:5006ms
2019-09-25 17:39:14,505 [Thread-2515] INFO  impl.RoleInfo (RoleInfo.java:shutdownFollowerState(121)) - 2a0aecae-049e-4606-8a85-9e3403624ec8: shutdown FollowerState
2019-09-25 17:39:14,505 [Thread-2515] INFO  impl.RaftServerImpl (RaftServerImpl.java:setRole(174)) - 2a0aecae-049e-4606-8a85-9e3403624ec8@group-242F2926C5F2: changes role from  FOLLOWER to CANDIDATE at term 0 for changeToCandidate
2019-09-25 17:39:14,505 [Thread-2515] INFO  impl.RoleInfo (RoleInfo.java:updateAndGet(143)) - 2a0aecae-049e-4606-8a85-9e3403624ec8: start LeaderElection
2019-09-25 17:39:14,521 [Thread-2519] INFO  impl.FollowerState (FollowerState.java:run(106)) - f03bab29-cec5-4c64-9189-7e5e31aec38d:group-242F2926C5F2 changes to CANDIDATE, lastRpcTime:5019, electionTimeout:5019ms
2019-09-25 17:39:14,521 [Thread-2519] INFO  impl.RoleInfo (RoleInfo.java:shutdownFollowerState(121)) - f03bab29-cec5-4c64-9189-7e5e31aec38d: shutdown FollowerState
2019-09-25 17:39:14,521 [Thread-2519] INFO  impl.RaftServerImpl (RaftServerImpl.java:setRole(174)) - f03bab29-cec5-4c64-9189-7e5e31aec38d@group-242F2926C5F2: changes role from  FOLLOWER to CANDIDATE at term 0 for changeToCandidate
2019-09-25 17:39:14,521 [Thread-2519] INFO  impl.RoleInfo (RoleInfo.java:updateAndGet(143)) - f03bab29-cec5-4c64-9189-7e5e31aec38d: start LeaderElection
2019-09-25 17:39:14,600 [Thread-2521] INFO  impl.FollowerState (FollowerState.java:run(106)) - a2389647-2746-4532-8d28-1d3f97518474:group-242F2926C5F2 changes to CANDIDATE, lastRpcTime:5097, electionTimeout:5097ms
2019-09-25 17:39:14,600 [Thread-2521] INFO  impl.RoleInfo (RoleInfo.java:shutdownFollowerState(121)) - a2389647-2746-4532-8d28-1d3f97518474: shutdown FollowerState
2019-09-25 17:39:14,600 [Thread-2521] INFO  impl.RaftServerImpl (RaftServerImpl.java:setRole(174)) - a2389647-2746-4532-8d28-1d3f97518474@group-242F2926C5F2: changes role from  FOLLOWER to CANDIDATE at term 0 for changeToCandidate
2019-09-25 17:39:14,600 [Thread-2521] INFO  impl.RoleInfo (RoleInfo.java:updateAndGet(143)) - a2389647-2746-4532-8d28-1d3f97518474: start LeaderElection
2019-09-25 17:39:17,295 [3ec7e880-e928-4941-b8f6-c8b4ac4bfea9@group-2E917C82D73C:LeaderElection82] INFO  impl.LeaderElection (LeaderElection.java:askForVotes(182)) - 3ec7e880-e928-4941-b8f6-c8b4ac4bfea9@group-2E917C82D73C:LeaderElection82: begin an election at term 1 for -1: [3ec7e880-e928-4941-b8f6-c8b4ac4bfea9:192.168.164.232:37332], old=null
2019-09-25 17:39:17,295 [5438351b-ff2f-4cba-beb7-59d41aac9b86@group-915012A56DD6:LeaderElection81] INFO  impl.LeaderElection (LeaderElection.java:askForVotes(182)) - 5438351b-ff2f-4cba-beb7-59d41aac9b86@group-915012A56DD6:LeaderElection81: begin an election at term 1 for -1: [5438351b-ff2f-4cba-beb7-59d41aac9b86:192.168.164.232:35106], old=null
2019-09-25 17:39:17,296 [3ec7e880-e928-4941-b8f6-c8b4ac4bfea9@group-2E917C82D73C:LeaderElection82] INFO  impl.RoleInfo (RoleInfo.java:shutdownLeaderElection(134)) - 3ec7e880-e928-4941-b8f6-c8b4ac4bfea9: shutdown LeaderElection
2019-09-25 17:39:17,296 [5438351b-ff2f-4cba-beb7-59d41aac9b86@group-915012A56DD6:LeaderElection81] INFO  impl.RoleInfo (RoleInfo.java:shutdownLeaderElection(134)) - 5438351b-ff2f-4cba-beb7-59d41aac9b86: shutdown LeaderElection
2019-09-25 17:39:17,296 [3ec7e880-e928-4941-b8f6-c8b4ac4bfea9@group-2E917C82D73C:LeaderElection82] INFO  impl.RaftServerImpl (RaftServerImpl.java:setRole(174)) - 3ec7e880-e928-4941-b8f6-c8b4ac4bfea9@group-2E917C82D73C: changes role from CANDIDATE to LEADER at term 1 for changeToLeader
2019-09-25 17:39:17,296 [f03bab29-cec5-4c64-9189-7e5e31aec38d@group-32C92A12C6D8:LeaderElection88] INFO  impl.LeaderElection (LeaderElection.java:askForVotes(182)) - f03bab29-cec5-4c64-9189-7e5e31aec38d@group-32C92A12C6D8:LeaderElection88: begin an election at term 1 for -1: [f03bab29-cec5-4c64-9189-7e5e31aec38d:192.168.164.232:39129], old=null
2019-09-25 17:39:17,296 [3ec7e880-e928-4941-b8f6-c8b4ac4bfea9@group-2E917C82D73C:LeaderElection82] INFO  impl.RaftServerImpl (ServerState.java:setLeader(253)) - 3ec7e880-e928-4941-b8f6-c8b4ac4bfea9@group-2E917C82D73C: change Leader from null to 3ec7e880-e928-4941-b8f6-c8b4ac4bfea9 at term 1 for becomeLeader, leader elected after 8270ms
2019-09-25 17:39:17,297 [f03bab29-cec5-4c64-9189-7e5e31aec38d@group-32C92A12C6D8:LeaderElection88] INFO  impl.RoleInfo (RoleInfo.java:shutdownLeaderElection(134)) - f03bab29-cec5-4c64-9189-7e5e31aec38d: shutdown LeaderElection
2019-09-25 17:39:17,297 [3ec7e880-e928-4941-b8f6-c8b4ac4bfea9@group-2E917C82D73C:LeaderElection82] INFO  server.RaftServerConfigKeys (ConfUtils.java:logGet(43)) - raft.server.staging.catchup.gap = 1000 (default)
2019-09-25 17:39:17,296 [2a0aecae-049e-4606-8a85-9e3403624ec8@group-242F2926C5F2:LeaderElection91] INFO  impl.LeaderElection (LeaderElection.java:askForVotes(182)) - 2a0aecae-049e-4606-8a85-9e3403624ec8@group-242F2926C5F2:LeaderElection91: begin an election at term 1 for -1: [a2389647-2746-4532-8d28-1d3f97518474:192.168.164.232:41701, f03bab29-cec5-4c64-9189-7e5e31aec38d:192.168.164.232:39129, 2a0aecae-049e-4606-8a85-9e3403624ec8:192.168.164.232:37868], old=null
2019-09-25 17:39:17,296 [a2389647-2746-4532-8d28-1d3f97518474@group-242F2926C5F2:LeaderElection93] INFO  impl.LeaderElection (LeaderElection.java:askForVotes(182)) - a2389647-2746-4532-8d28-1d3f97518474@group-242F2926C5F2:LeaderElection93: begin an election at term 1 for -1: [a2389647-2746-4532-8d28-1d3f97518474:192.168.164.232:41701, f03bab29-cec5-4c64-9189-7e5e31aec38d:192.168.164.232:39129, 2a0aecae-049e-4606-8a85-9e3403624ec8:192.168.164.232:37868], old=null
2019-09-25 17:39:17,296 [3ec7e880-e928-4941-b8f6-c8b4ac4bfea9@group-C4B24B798944:LeaderElection85] INFO  impl.LeaderElection (LeaderElection.java:askForVotes(182)) - 3ec7e880-e928-4941-b8f6-c8b4ac4bfea9@group-C4B24B798944:LeaderElection85: begin an election at term 1 for -1: [aef8c539-e26d-4b05-bf2d-d22dfb6dca90:192.168.164.232:39766, 3c05e510-6915-4b7b-9ae3-8ad11ab09515:192.168.164.232:41182, 3ec7e880-e928-4941-b8f6-c8b4ac4bfea9:192.168.164.232:37332], old=null
2019-09-25 17:39:17,296 [2a0aecae-049e-4606-8a85-9e3403624ec8@group-50A664AAC6AF:LeaderElection90] INFO  impl.LeaderElection (LeaderElection.java:askForVotes(182)) - 2a0aecae-049e-4606-8a85-9e3403624ec8@group-50A664AAC6AF:LeaderElection90: begin an election at term 1 for -1: [2a0aecae-049e-4606-8a85-9e3403624ec8:192.168.164.232:37868], old=null
2019-09-25 17:39:17,296 [f03bab29-cec5-4c64-9189-7e5e31aec38d@group-242F2926C5F2:LeaderElection92] INFO  impl.LeaderElection (LeaderElection.java:askForVotes(182)) - f03bab29-cec5-4c64-9189-7e5e31aec38d@group-242F2926C5F2:LeaderElection92: begin an election at term 1 for -1: [a2389647-2746-4532-8d28-1d3f97518474:192.168.164.232:41701, f03bab29-cec5-4c64-9189-7e5e31aec38d:192.168.164.232:39129, 2a0aecae-049e-4606-8a85-9e3403624ec8:192.168.164.232:37868], old=null
2019-09-25 17:39:17,296 [a2389647-2746-4532-8d28-1d3f97518474@group-20AAE0BFEBC9:LeaderElection89] INFO  impl.LeaderElection (LeaderElection.java:askForVotes(182)) - a2389647-2746-4532-8d28-1d3f97518474@group-20AAE0BFEBC9:LeaderElection89: begin an election at term 1 for -1: [a2389647-2746-4532-8d28-1d3f97518474:192.168.164.232:41701], old=null
2019-09-25 17:39:17,296 [5438351b-ff2f-4cba-beb7-59d41aac9b86@group-915012A56DD6:LeaderElection81] INFO  impl.RaftServerImpl (RaftServerImpl.java:setRole(174)) - 5438351b-ff2f-4cba-beb7-59d41aac9b86@group-915012A56DD6: changes role from CANDIDATE to LEADER at term 1 for changeToLeader
2019-09-25 17:39:17,296 [aef8c539-e26d-4b05-bf2d-d22dfb6dca90@group-C4B24B798944:LeaderElection86] INFO  impl.LeaderElection (LeaderElection.java:askForVotes(182)) - aef8c539-e26d-4b05-bf2d-d22dfb6dca90@group-C4B24B798944:LeaderElection86: begin an election at term 1 for -1: [aef8c539-e26d-4b05-bf2d-d22dfb6dca90:192.168.164.232:39766, 3c05e510-6915-4b7b-9ae3-8ad11ab09515:192.168.164.232:41182, 3ec7e880-e928-4941-b8f6-c8b4ac4bfea9:192.168.164.232:37332], old=null
2019-09-25 17:39:17,296 [aef8c539-e26d-4b05-bf2d-d22dfb6dca90@group-351988B9CD62:LeaderElection83] INFO  impl.LeaderElection (LeaderElection.java:askForVotes(182)) - aef8c539-e26d-4b05-bf2d-d22dfb6dca90@group-351988B9CD62:LeaderElection83: begin an election at term 1 for -1: [aef8c539-e26d-4b05-bf2d-d22dfb6dca90:192.168.164.232:39766], old=null
2019-09-25 17:39:17,296 [3c05e510-6915-4b7b-9ae3-8ad11ab09515@group-53A6DD6FA1CD:LeaderElection84] INFO  impl.LeaderElection (LeaderElection.java:askForVotes(182)) - 3c05e510-6915-4b7b-9ae3-8ad11ab09515@group-53A6DD6FA1CD:LeaderElection84: begin an election at term 1 for -1: [3c05e510-6915-4b7b-9ae3-8ad11ab09515:192.168.164.232:41182], old=null
2019-09-25 17:39:17,298 [aef8c539-e26d-4b05-bf2d-d22dfb6dca90@group-351988B9CD62:LeaderElection83] INFO  impl.RoleInfo (RoleInfo.java:shutdownLeaderElection(134)) - aef8c539-e26d-4b05-bf2d-d22dfb6dca90: shutdown LeaderElection
2019-09-25 17:39:17,298 [5438351b-ff2f-4cba-beb7-59d41aac9b86@group-915012A56DD6:LeaderElection81] INFO  impl.RaftServerImpl (ServerState.java:setLeader(253)) - 5438351b-ff2f-4cba-beb7-59d41aac9b86@group-915012A56DD6: change Leader from null to 5438351b-ff2f-4cba-beb7-59d41aac9b86 at term 1 for becomeLeader, leader elected after 8319ms
2019-09-25 17:39:17,298 [a2389647-2746-4532-8d28-1d3f97518474@group-20AAE0BFEBC9:LeaderElection89] INFO  impl.RoleInfo (RoleInfo.java:shutdownLeaderElection(134)) - a2389647-2746-4532-8d28-1d3f97518474: shutdown LeaderElection
2019-09-25 17:39:17,298 [2a0aecae-049e-4606-8a85-9e3403624ec8@group-50A664AAC6AF:LeaderElection90] INFO  impl.RoleInfo (RoleInfo.java:shutdownLeaderElection(134)) - 2a0aecae-049e-4606-8a85-9e3403624ec8: shutdown LeaderElection
2019-09-25 17:39:17,297 [3ec7e880-e928-4941-b8f6-c8b4ac4bfea9@group-2E917C82D73C:LeaderElection82] INFO  server.RaftServerConfigKeys (ConfUtils.java:logGet(43)) - raft.server.rpc.sleep.time = 25ms (default)
2019-09-25 17:39:17,297 [f03bab29-cec5-4c64-9189-7e5e31aec38d@group-32C92A12C6D8:LeaderElection88] INFO  impl.RaftServerImpl (RaftServerImpl.java:setRole(174)) - f03bab29-cec5-4c64-9189-7e5e31aec38d@group-32C92A12C6D8: changes role from CANDIDATE to LEADER at term 1 for changeToLeader
2019-09-25 17:39:17,296 [3c05e510-6915-4b7b-9ae3-8ad11ab09515@group-C4B24B798944:LeaderElection87] INFO  impl.LeaderElection (LeaderElection.java:askForVotes(182)) - 3c05e510-6915-4b7b-9ae3-8ad11ab09515@group-C4B24B798944:LeaderElection87: begin an election at term 1 for -1: [aef8c539-e26d-4b05-bf2d-d22dfb6dca90:192.168.164.232:39766, 3c05e510-6915-4b7b-9ae3-8ad11ab09515:192.168.164.232:41182, 3ec7e880-e928-4941-b8f6-c8b4ac4bfea9:192.168.164.232:37332], old=null
2019-09-25 17:39:17,300 [f03bab29-cec5-4c64-9189-7e5e31aec38d@group-32C92A12C6D8:LeaderElection88] INFO  impl.RaftServerImpl (ServerState.java:setLeader(253)) - f03bab29-cec5-4c64-9189-7e5e31aec38d@group-32C92A12C6D8: change Leader from null to f03bab29-cec5-4c64-9189-7e5e31aec38d at term 1 for becomeLeader, leader elected after 7951ms
2019-09-25 17:39:17,300 [3ec7e880-e928-4941-b8f6-c8b4ac4bfea9@group-2E917C82D73C:LeaderElection82] INFO  server.RaftServerConfigKeys (ConfUtils.java:logGet(43)) - raft.server.write.element-limit = 4096 (default)
2019-09-25 17:39:17,301 [f03bab29-cec5-4c64-9189-7e5e31aec38d@group-32C92A12C6D8:LeaderElection88] INFO  server.RaftServerConfigKeys (ConfUtils.java:logGet(43)) - raft.server.staging.catchup.gap = 1000 (default)
2019-09-25 17:39:17,299 [2a0aecae-049e-4606-8a85-9e3403624ec8@group-50A664AAC6AF:LeaderElection90] INFO  impl.RaftServerImpl (RaftServerImpl.java:setRole(174)) - 2a0aecae-049e-4606-8a85-9e3403624ec8@group-50A664AAC6AF: changes role from CANDIDATE to LEADER at term 1 for changeToLeader
2019-09-25 17:39:17,301 [2a0aecae-049e-4606-8a85-9e3403624ec8@group-50A664AAC6AF:LeaderElection90] INFO  impl.RaftServerImpl (ServerState.java:setLeader(253)) - 2a0aecae-049e-4606-8a85-9e3403624ec8@group-50A664AAC6AF: change Leader from null to 2a0aecae-049e-4606-8a85-9e3403624ec8 at term 1 for becomeLeader, leader elected after 8005ms
2019-09-25 17:39:17,299 [a2389647-2746-4532-8d28-1d3f97518474@group-20AAE0BFEBC9:LeaderElection89] INFO  impl.RaftServerImpl (RaftServerImpl.java:setRole(174)) - a2389647-2746-4532-8d28-1d3f97518474@group-20AAE0BFEBC9: changes role from CANDIDATE to LEADER at term 1 for changeToLeader
2019-09-25 17:39:17,301 [a2389647-2746-4532-8d28-1d3f97518474@group-20AAE0BFEBC9:LeaderElection89] INFO  impl.RaftServerImpl (ServerState.java:setLeader(253)) - a2389647-2746-4532-8d28-1d3f97518474@group-20AAE0BFEBC9: change Leader from null to a2389647-2746-4532-8d28-1d3f97518474 at term 1 for becomeLeader, leader elected after 7878ms
2019-09-25 17:39:17,299 [5438351b-ff2f-4cba-beb7-59d41aac9b86@group-915012A56DD6:LeaderElection81] INFO  server.RaftServerConfigKeys (ConfUtils.java:logGet(43)) - raft.server.staging.catchup.gap = 1000 (default)
2019-09-25 17:39:17,299 [3c05e510-6915-4b7b-9ae3-8ad11ab09515@group-53A6DD6FA1CD:LeaderElection84] INFO  impl.RoleInfo (RoleInfo.java:shutdownLeaderElection(134)) - 3c05e510-6915-4b7b-9ae3-8ad11ab09515: shutdown LeaderElection
2019-09-25 17:39:17,299 [aef8c539-e26d-4b05-bf2d-d22dfb6dca90@group-351988B9CD62:LeaderElection83] INFO  impl.RaftServerImpl (RaftServerImpl.java:setRole(174)) - aef8c539-e26d-4b05-bf2d-d22dfb6dca90@group-351988B9CD62: changes role from CANDIDATE to LEADER at term 1 for changeToLeader
2019-09-25 17:39:17,302 [3c05e510-6915-4b7b-9ae3-8ad11ab09515@group-53A6DD6FA1CD:LeaderElection84] INFO  impl.RaftServerImpl (RaftServerImpl.java:setRole(174)) - 3c05e510-6915-4b7b-9ae3-8ad11ab09515@group-53A6DD6FA1CD: changes role from CANDIDATE to LEADER at term 1 for changeToLeader
2019-09-25 17:39:17,302 [5438351b-ff2f-4cba-beb7-59d41aac9b86@group-915012A56DD6:LeaderElection81] INFO  server.RaftServerConfigKeys (ConfUtils.java:logGet(43)) - raft.server.rpc.sleep.time = 25ms (default)
2019-09-25 17:39:17,302 [a2389647-2746-4532-8d28-1d3f97518474@group-20AAE0BFEBC9:LeaderElection89] INFO  server.RaftServerConfigKeys (ConfUtils.java:logGet(43)) - raft.server.staging.catchup.gap = 1000 (default)
2019-09-25 17:39:17,301 [2a0aecae-049e-4606-8a85-9e3403624ec8@group-50A664AAC6AF:LeaderElection90] INFO  server.RaftServerConfigKeys (ConfUtils.java:logGet(43)) - raft.server.staging.catchup.gap = 1000 (default)
2019-09-25 17:39:17,301 [3ec7e880-e928-4941-b8f6-c8b4ac4bfea9@group-2E917C82D73C:LeaderElection82] INFO  server.RaftServerConfigKeys (ConfUtils.java:logGet(43)) - raft.server.watch.timeout = 10s (default)
2019-09-25 17:39:17,301 [f03bab29-cec5-4c64-9189-7e5e31aec38d@group-32C92A12C6D8:LeaderElection88] INFO  server.RaftServerConfigKeys (ConfUtils.java:logGet(43)) - raft.server.rpc.sleep.time = 25ms (default)
2019-09-25 17:39:17,304 [3ec7e880-e928-4941-b8f6-c8b4ac4bfea9@group-2E917C82D73C:LeaderElection82] INFO  server.RaftServerConfigKeys (ConfUtils.java:logGet(43)) - raft.server.watch.timeout.denomination = 1s (default)
2019-09-25 17:39:17,304 [5438351b-ff2f-4cba-beb7-59d41aac9b86@group-915012A56DD6:LeaderElection81] INFO  server.RaftServerConfigKeys (ConfUtils.java:logGet(43)) - raft.server.write.element-limit = 4096 (default)
2019-09-25 17:39:17,304 [2a0aecae-049e-4606-8a85-9e3403624ec8@group-50A664AAC6AF:LeaderElection90] INFO  server.RaftServerConfigKeys (ConfUtils.java:logGet(43)) - raft.server.rpc.sleep.time = 25ms (default)
2019-09-25 17:39:17,306 [2a0aecae-049e-4606-8a85-9e3403624ec8@group-50A664AAC6AF:LeaderElection90] INFO  server.RaftServerConfigKeys (ConfUtils.java:logGet(43)) - raft.server.write.element-limit = 4096 (default)
2019-09-25 17:39:17,307 [2a0aecae-049e-4606-8a85-9e3403624ec8@group-50A664AAC6AF:LeaderElection90] INFO  server.RaftServerConfigKeys (ConfUtils.java:logGet(43)) - raft.server.watch.timeout = 10s (default)
2019-09-25 17:39:17,307 [2a0aecae-049e-4606-8a85-9e3403624ec8@group-50A664AAC6AF:LeaderElection90] INFO  server.RaftServerConfigKeys (ConfUtils.java:logGet(43)) - raft.server.watch.timeout.denomination = 1s (default)
2019-09-25 17:39:17,307 [2a0aecae-049e-4606-8a85-9e3403624ec8@group-50A664AAC6AF:LeaderElection90] INFO  server.RaftServerConfigKeys (ConfUtils.java:logGet(43)) - raft.server.watch.element-limit = 65536 (default)
2019-09-25 17:39:17,304 [a2389647-2746-4532-8d28-1d3f97518474@group-20AAE0BFEBC9:LeaderElection89] INFO  server.RaftServerConfigKeys (ConfUtils.java:logGet(43)) - raft.server.rpc.sleep.time = 25ms (default)
2019-09-25 17:39:17,309 [a2389647-2746-4532-8d28-1d3f97518474@group-20AAE0BFEBC9:LeaderElection89] INFO  server.RaftServerConfigKeys (ConfUtils.java:logGet(43)) - raft.server.write.element-limit = 4096 (default)
2019-09-25 17:39:17,309 [a2389647-2746-4532-8d28-1d3f97518474@group-20AAE0BFEBC9:LeaderElection89] INFO  server.RaftServerConfigKeys (ConfUtils.java:logGet(43)) - raft.server.watch.timeout = 10s (default)
2019-09-25 17:39:17,309 [a2389647-2746-4532-8d28-1d3f97518474@group-20AAE0BFEBC9:LeaderElection89] INFO  server.RaftServerConfigKeys (ConfUtils.java:logGet(43)) - raft.server.watch.timeout.denomination = 1s (default)
2019-09-25 17:39:17,310 [a2389647-2746-4532-8d28-1d3f97518474@group-20AAE0BFEBC9:LeaderElection89] INFO  server.RaftServerConfigKeys (ConfUtils.java:logGet(43)) - raft.server.watch.element-limit = 65536 (default)
2019-09-25 17:39:17,304 [3c05e510-6915-4b7b-9ae3-8ad11ab09515@group-53A6DD6FA1CD:LeaderElection84] INFO  impl.RaftServerImpl (ServerState.java:setLeader(253)) - 3c05e510-6915-4b7b-9ae3-8ad11ab09515@group-53A6DD6FA1CD: change Leader from null to 3c05e510-6915-4b7b-9ae3-8ad11ab09515 at term 1 for becomeLeader, leader elected after 8156ms
2019-09-25 17:39:17,303 [aef8c539-e26d-4b05-bf2d-d22dfb6dca90@group-351988B9CD62:LeaderElection83] INFO  impl.RaftServerImpl (ServerState.java:setLeader(253)) - aef8c539-e26d-4b05-bf2d-d22dfb6dca90@group-351988B9CD62: change Leader from null to aef8c539-e26d-4b05-bf2d-d22dfb6dca90 at term 1 for becomeLeader, leader elected after 8204ms
2019-09-25 17:39:17,310 [3c05e510-6915-4b7b-9ae3-8ad11ab09515@group-53A6DD6FA1CD:LeaderElection84] INFO  server.RaftServerConfigKeys (ConfUtils.java:logGet(43)) - raft.server.staging.catchup.gap = 1000 (default)
2019-09-25 17:39:17,306 [5438351b-ff2f-4cba-beb7-59d41aac9b86@group-915012A56DD6:LeaderElection81] INFO  server.RaftServerConfigKeys (ConfUtils.java:logGet(43)) - raft.server.watch.timeout = 10s (default)
2019-09-25 17:39:17,306 [3ec7e880-e928-4941-b8f6-c8b4ac4bfea9@group-2E917C82D73C:LeaderElection82] INFO  server.RaftServerConfigKeys (ConfUtils.java:logGet(43)) - raft.server.watch.element-limit = 65536 (default)
2019-09-25 17:39:17,306 [f03bab29-cec5-4c64-9189-7e5e31aec38d@group-32C92A12C6D8:LeaderElection88] INFO  server.RaftServerConfigKeys (ConfUtils.java:logGet(43)) - raft.server.write.element-limit = 4096 (default)
2019-09-25 17:39:17,311 [5438351b-ff2f-4cba-beb7-59d41aac9b86@group-915012A56DD6:LeaderElection81] INFO  server.RaftServerConfigKeys (ConfUtils.java:logGet(43)) - raft.server.watch.timeout.denomination = 1s (default)
2019-09-25 17:39:17,311 [5438351b-ff2f-4cba-beb7-59d41aac9b86@group-915012A56DD6:LeaderElection81] INFO  server.RaftServerConfigKeys (ConfUtils.java:logGet(43)) - raft.server.watch.element-limit = 65536 (default)
2019-09-25 17:39:17,311 [3c05e510-6915-4b7b-9ae3-8ad11ab09515@group-53A6DD6FA1CD:LeaderElection84] INFO  server.RaftServerConfigKeys (ConfUtils.java:logGet(43)) - raft.server.rpc.sleep.time = 25ms (default)
2019-09-25 17:39:17,310 [aef8c539-e26d-4b05-bf2d-d22dfb6dca90@group-351988B9CD62:LeaderElection83] INFO  server.RaftServerConfigKeys (ConfUtils.java:logGet(43)) - raft.server.staging.catchup.gap = 1000 (default)
2019-09-25 17:39:17,311 [f03bab29-cec5-4c64-9189-7e5e31aec38d@group-32C92A12C6D8:LeaderElection88] INFO  server.RaftServerConfigKeys (ConfUtils.java:logGet(43)) - raft.server.watch.timeout = 10s (default)
2019-09-25 17:39:17,312 [aef8c539-e26d-4b05-bf2d-d22dfb6dca90@group-351988B9CD62:LeaderElection83] INFO  server.RaftServerConfigKeys (ConfUtils.java:logGet(43)) - raft.server.rpc.sleep.time = 25ms (default)
2019-09-25 17:39:17,312 [3c05e510-6915-4b7b-9ae3-8ad11ab09515@group-53A6DD6FA1CD:LeaderElection84] INFO  server.RaftServerConfigKeys (ConfUtils.java:logGet(43)) - raft.server.write.element-limit = 4096 (default)
2019-09-25 17:39:17,312 [aef8c539-e26d-4b05-bf2d-d22dfb6dca90@group-351988B9CD62:LeaderElection83] INFO  server.RaftServerConfigKeys (ConfUtils.java:logGet(43)) - raft.server.write.element-limit = 4096 (default)
2019-09-25 17:39:17,312 [f03bab29-cec5-4c64-9189-7e5e31aec38d@group-32C92A12C6D8:LeaderElection88] INFO  server.RaftServerConfigKeys (ConfUtils.java:logGet(43)) - raft.server.watch.timeout.denomination = 1s (default)
2019-09-25 17:39:17,313 [aef8c539-e26d-4b05-bf2d-d22dfb6dca90@group-351988B9CD62:LeaderElection83] INFO  server.RaftServerConfigKeys (ConfUtils.java:logGet(43)) - raft.server.watch.timeout = 10s (default)
2019-09-25 17:39:17,313 [aef8c539-e26d-4b05-bf2d-d22dfb6dca90@group-351988B9CD62:LeaderElection83] INFO  server.RaftServerConfigKeys (ConfUtils.java:logGet(43)) - raft.server.watch.timeout.denomination = 1s (default)
2019-09-25 17:39:17,313 [aef8c539-e26d-4b05-bf2d-d22dfb6dca90@group-351988B9CD62:LeaderElection83] INFO  server.RaftServerConfigKeys (ConfUtils.java:logGet(43)) - raft.server.watch.element-limit = 65536 (default)
2019-09-25 17:39:17,313 [3c05e510-6915-4b7b-9ae3-8ad11ab09515@group-53A6DD6FA1CD:LeaderElection84] INFO  server.RaftServerConfigKeys (ConfUtils.java:logGet(43)) - raft.server.watch.timeout = 10s (default)
2019-09-25 17:39:17,314 [f03bab29-cec5-4c64-9189-7e5e31aec38d@group-242F2926C5F2:LeaderElection92] INFO  impl.LeaderElection (LeaderElection.java:logAndReturn(56)) - f03bab29-cec5-4c64-9189-7e5e31aec38d@group-242F2926C5F2:LeaderElection92: Election REJECTED; received 2 response(s) [f03bab29-cec5-4c64-9189-7e5e31aec38d<-a2389647-2746-4532-8d28-1d3f97518474#0:FAIL-t1, f03bab29-cec5-4c64-9189-7e5e31aec38d<-2a0aecae-049e-4606-8a85-9e3403624ec8#0:FAIL-t1] and 0 exception(s); f03bab29-cec5-4c64-9189-7e5e31aec38d@group-242F2926C5F2:t1, leader=null, voted=f03bab29-cec5-4c64-9189-7e5e31aec38d, raftlog=f03bab29-cec5-4c64-9189-7e5e31aec38d@group-242F2926C5F2-SegmentedRaftLog:OPENED:c-1,f-1,i0, conf=-1: [a2389647-2746-4532-8d28-1d3f97518474:192.168.164.232:41701, f03bab29-cec5-4c64-9189-7e5e31aec38d:192.168.164.232:39129, 2a0aecae-049e-4606-8a85-9e3403624ec8:192.168.164.232:37868], old=null
2019-09-25 17:39:17,313 [f03bab29-cec5-4c64-9189-7e5e31aec38d@group-32C92A12C6D8:LeaderElection88] INFO  server.RaftServerConfigKeys (ConfUtils.java:logGet(43)) - raft.server.watch.element-limit = 65536 (default)
2019-09-25 17:39:17,315 [f03bab29-cec5-4c64-9189-7e5e31aec38d@group-242F2926C5F2:LeaderElection92] INFO  impl.RaftServerImpl (RaftServerImpl.java:setRole(174)) - f03bab29-cec5-4c64-9189-7e5e31aec38d@group-242F2926C5F2: changes role from CANDIDATE to FOLLOWER at term 1 for DISCOVERED_A_NEW_TERM
2019-09-25 17:39:17,321 [2a0aecae-049e-4606-8a85-9e3403624ec8@group-242F2926C5F2:LeaderElection91] INFO  impl.LeaderElection (LeaderElection.java:logAndReturn(56)) - 2a0aecae-049e-4606-8a85-9e3403624ec8@group-242F2926C5F2:LeaderElection91: Election REJECTED; received 2 response(s) [2a0aecae-049e-4606-8a85-9e3403624ec8<-a2389647-2746-4532-8d28-1d3f97518474#0:FAIL-t1, 2a0aecae-049e-4606-8a85-9e3403624ec8<-f03bab29-cec5-4c64-9189-7e5e31aec38d#0:FAIL-t1] and 0 exception(s); 2a0aecae-049e-4606-8a85-9e3403624ec8@group-242F2926C5F2:t1, leader=null, voted=2a0aecae-049e-4606-8a85-9e3403624ec8, raftlog=2a0aecae-049e-4606-8a85-9e3403624ec8@group-242F2926C5F2-SegmentedRaftLog:OPENED:c-1,f-1,i0, conf=-1: [a2389647-2746-4532-8d28-1d3f97518474:192.168.164.232:41701, f03bab29-cec5-4c64-9189-7e5e31aec38d:192.168.164.232:39129, 2a0aecae-049e-4606-8a85-9e3403624ec8:192.168.164.232:37868], old=null
2019-09-25 17:39:17,314 [3c05e510-6915-4b7b-9ae3-8ad11ab09515@group-53A6DD6FA1CD:LeaderElection84] INFO  server.RaftServerConfigKeys (ConfUtils.java:logGet(43)) - raft.server.watch.timeout.denomination = 1s (default)
2019-09-25 17:39:17,322 [2a0aecae-049e-4606-8a85-9e3403624ec8@group-242F2926C5F2:LeaderElection91] INFO  impl.RaftServerImpl (RaftServerImpl.java:setRole(174)) - 2a0aecae-049e-4606-8a85-9e3403624ec8@group-242F2926C5F2: changes role from CANDIDATE to FOLLOWER at term 1 for DISCOVERED_A_NEW_TERM
2019-09-25 17:39:17,324 [2a0aecae-049e-4606-8a85-9e3403624ec8@group-242F2926C5F2:LeaderElection91] INFO  impl.RoleInfo (RoleInfo.java:shutdownLeaderElection(134)) - 2a0aecae-049e-4606-8a85-9e3403624ec8: shutdown LeaderElection
2019-09-25 17:39:17,321 [f03bab29-cec5-4c64-9189-7e5e31aec38d@group-242F2926C5F2:LeaderElection92] INFO  impl.RoleInfo (RoleInfo.java:shutdownLeaderElection(134)) - f03bab29-cec5-4c64-9189-7e5e31aec38d: shutdown LeaderElection
2019-09-25 17:39:17,324 [2a0aecae-049e-4606-8a85-9e3403624ec8@group-242F2926C5F2:LeaderElection91] INFO  impl.RoleInfo (RoleInfo.java:updateAndGet(143)) - 2a0aecae-049e-4606-8a85-9e3403624ec8: start FollowerState
2019-09-25 17:39:17,322 [3c05e510-6915-4b7b-9ae3-8ad11ab09515@group-53A6DD6FA1CD:LeaderElection84] INFO  server.RaftServerConfigKeys (ConfUtils.java:logGet(43)) - raft.server.watch.element-limit = 65536 (default)
2019-09-25 17:39:17,324 [a2389647-2746-4532-8d28-1d3f97518474@group-242F2926C5F2:LeaderElection93] INFO  impl.LeaderElection (LeaderElection.java:logAndReturn(56)) - a2389647-2746-4532-8d28-1d3f97518474@group-242F2926C5F2:LeaderElection93: Election REJECTED; received 2 response(s) [a2389647-2746-4532-8d28-1d3f97518474<-f03bab29-cec5-4c64-9189-7e5e31aec38d#0:FAIL-t1, a2389647-2746-4532-8d28-1d3f97518474<-2a0aecae-049e-4606-8a85-9e3403624ec8#0:FAIL-t1] and 0 exception(s); a2389647-2746-4532-8d28-1d3f97518474@group-242F2926C5F2:t1, leader=null, voted=a2389647-2746-4532-8d28-1d3f97518474, raftlog=a2389647-2746-4532-8d28-1d3f97518474@group-242F2926C5F2-SegmentedRaftLog:OPENED:c-1,f-1,i0, conf=-1: [a2389647-2746-4532-8d28-1d3f97518474:192.168.164.232:41701, f03bab29-cec5-4c64-9189-7e5e31aec38d:192.168.164.232:39129, 2a0aecae-049e-4606-8a85-9e3403624ec8:192.168.164.232:37868], old=null
2019-09-25 17:39:17,324 [f03bab29-cec5-4c64-9189-7e5e31aec38d@group-242F2926C5F2:LeaderElection92] INFO  impl.RoleInfo (RoleInfo.java:updateAndGet(143)) - f03bab29-cec5-4c64-9189-7e5e31aec38d: start FollowerState
2019-09-25 17:39:17,325 [a2389647-2746-4532-8d28-1d3f97518474@group-242F2926C5F2:LeaderElection93] INFO  impl.RaftServerImpl (RaftServerImpl.java:setRole(174)) - a2389647-2746-4532-8d28-1d3f97518474@group-242F2926C5F2: changes role from CANDIDATE to FOLLOWER at term 1 for DISCOVERED_A_NEW_TERM
2019-09-25 17:39:17,325 [aef8c539-e26d-4b05-bf2d-d22dfb6dca90@group-C4B24B798944:LeaderElection86] INFO  impl.LeaderElection (LeaderElection.java:logAndReturn(56)) - aef8c539-e26d-4b05-bf2d-d22dfb6dca90@group-C4B24B798944:LeaderElection86: Election REJECTED; received 2 response(s) [aef8c539-e26d-4b05-bf2d-d22dfb6dca90<-3c05e510-6915-4b7b-9ae3-8ad11ab09515#0:FAIL-t1, aef8c539-e26d-4b05-bf2d-d22dfb6dca90<-3ec7e880-e928-4941-b8f6-c8b4ac4bfea9#0:FAIL-t1] and 0 exception(s); aef8c539-e26d-4b05-bf2d-d22dfb6dca90@group-C4B24B798944:t1, leader=null, voted=aef8c539-e26d-4b05-bf2d-d22dfb6dca90, raftlog=aef8c539-e26d-4b05-bf2d-d22dfb6dca90@group-C4B24B798944-SegmentedRaftLog:OPENED:c-1,f-1,i0, conf=-1: [aef8c539-e26d-4b05-bf2d-d22dfb6dca90:192.168.164.232:39766, 3c05e510-6915-4b7b-9ae3-8ad11ab09515:192.168.164.232:41182, 3ec7e880-e928-4941-b8f6-c8b4ac4bfea9:192.168.164.232:37332], old=null
2019-09-25 17:39:17,328 [a2389647-2746-4532-8d28-1d3f97518474@group-242F2926C5F2:LeaderElection93] INFO  impl.RoleInfo (RoleInfo.java:shutdownLeaderElection(134)) - a2389647-2746-4532-8d28-1d3f97518474: shutdown LeaderElection
2019-09-25 17:39:17,328 [3c05e510-6915-4b7b-9ae3-8ad11ab09515@group-C4B24B798944:LeaderElection87] INFO  impl.LeaderElection (LeaderElection.java:logAndReturn(56)) - 3c05e510-6915-4b7b-9ae3-8ad11ab09515@group-C4B24B798944:LeaderElection87: Election REJECTED; received 2 response(s) [3c05e510-6915-4b7b-9ae3-8ad11ab09515<-aef8c539-e26d-4b05-bf2d-d22dfb6dca90#0:FAIL-t1, 3c05e510-6915-4b7b-9ae3-8ad11ab09515<-3ec7e880-e928-4941-b8f6-c8b4ac4bfea9#0:FAIL-t1] and 0 exception(s); 3c05e510-6915-4b7b-9ae3-8ad11ab09515@group-C4B24B798944:t1, leader=null, voted=3c05e510-6915-4b7b-9ae3-8ad11ab09515, raftlog=3c05e510-6915-4b7b-9ae3-8ad11ab09515@group-C4B24B798944-SegmentedRaftLog:OPENED:c-1,f-1,i0, conf=-1: [aef8c539-e26d-4b05-bf2d-d22dfb6dca90:192.168.164.232:39766, 3c05e510-6915-4b7b-9ae3-8ad11ab09515:192.168.164.232:41182, 3ec7e880-e928-4941-b8f6-c8b4ac4bfea9:192.168.164.232:37332], old=null
2019-09-25 17:39:17,331 [a2389647-2746-4532-8d28-1d3f97518474@group-242F2926C5F2:LeaderElection93] INFO  impl.RoleInfo (RoleInfo.java:updateAndGet(143)) - a2389647-2746-4532-8d28-1d3f97518474: start FollowerState
2019-09-25 17:39:17,329 [3ec7e880-e928-4941-b8f6-c8b4ac4bfea9@group-C4B24B798944:LeaderElection85] INFO  impl.LeaderElection (LeaderElection.java:logAndReturn(56)) - 3ec7e880-e928-4941-b8f6-c8b4ac4bfea9@group-C4B24B798944:LeaderElection85: Election REJECTED; received 2 response(s) [3ec7e880-e928-4941-b8f6-c8b4ac4bfea9<-aef8c539-e26d-4b05-bf2d-d22dfb6dca90#0:FAIL-t1, 3ec7e880-e928-4941-b8f6-c8b4ac4bfea9<-3c05e510-6915-4b7b-9ae3-8ad11ab09515#0:FAIL-t1] and 0 exception(s); 3ec7e880-e928-4941-b8f6-c8b4ac4bfea9@group-C4B24B798944:t1, leader=null, voted=3ec7e880-e928-4941-b8f6-c8b4ac4bfea9, raftlog=3ec7e880-e928-4941-b8f6-c8b4ac4bfea9@group-C4B24B798944-SegmentedRaftLog:OPENED:c-1,f-1,i0, conf=-1: [aef8c539-e26d-4b05-bf2d-d22dfb6dca90:192.168.164.232:39766, 3c05e510-6915-4b7b-9ae3-8ad11ab09515:192.168.164.232:41182, 3ec7e880-e928-4941-b8f6-c8b4ac4bfea9:192.168.164.232:37332], old=null
2019-09-25 17:39:17,329 [aef8c539-e26d-4b05-bf2d-d22dfb6dca90@group-C4B24B798944:LeaderElection86] INFO  impl.RaftServerImpl (RaftServerImpl.java:setRole(174)) - aef8c539-e26d-4b05-bf2d-d22dfb6dca90@group-C4B24B798944: changes role from CANDIDATE to FOLLOWER at term 1 for DISCOVERED_A_NEW_TERM
2019-09-25 17:39:17,335 [3ec7e880-e928-4941-b8f6-c8b4ac4bfea9@group-C4B24B798944:LeaderElection85] INFO  impl.RaftServerImpl (RaftServerImpl.java:setRole(174)) - 3ec7e880-e928-4941-b8f6-c8b4ac4bfea9@group-C4B24B798944: changes role from CANDIDATE to FOLLOWER at term 1 for DISCOVERED_A_NEW_TERM
2019-09-25 17:39:17,338 [3ec7e880-e928-4941-b8f6-c8b4ac4bfea9@group-C4B24B798944:LeaderElection85] INFO  impl.RoleInfo (RoleInfo.java:shutdownLeaderElection(134)) - 3ec7e880-e928-4941-b8f6-c8b4ac4bfea9: shutdown LeaderElection
2019-09-25 17:39:17,331 [3c05e510-6915-4b7b-9ae3-8ad11ab09515@group-C4B24B798944:LeaderElection87] INFO  impl.RaftServerImpl (RaftServerImpl.java:setRole(174)) - 3c05e510-6915-4b7b-9ae3-8ad11ab09515@group-C4B24B798944: changes role from CANDIDATE to FOLLOWER at term 1 for DISCOVERED_A_NEW_TERM
2019-09-25 17:39:17,338 [3ec7e880-e928-4941-b8f6-c8b4ac4bfea9@group-C4B24B798944:LeaderElection85] INFO  impl.RoleInfo (RoleInfo.java:updateAndGet(143)) - 3ec7e880-e928-4941-b8f6-c8b4ac4bfea9: start FollowerState
2019-09-25 17:39:17,336 [aef8c539-e26d-4b05-bf2d-d22dfb6dca90@group-C4B24B798944:LeaderElection86] INFO  impl.RoleInfo (RoleInfo.java:shutdownLeaderElection(134)) - aef8c539-e26d-4b05-bf2d-d22dfb6dca90: shutdown LeaderElection
2019-09-25 17:39:17,339 [3c05e510-6915-4b7b-9ae3-8ad11ab09515@group-C4B24B798944:LeaderElection87] INFO  impl.RoleInfo (RoleInfo.java:shutdownLeaderElection(134)) - 3c05e510-6915-4b7b-9ae3-8ad11ab09515: shutdown LeaderElection
2019-09-25 17:39:17,339 [aef8c539-e26d-4b05-bf2d-d22dfb6dca90@group-C4B24B798944:LeaderElection86] INFO  impl.RoleInfo (RoleInfo.java:updateAndGet(143)) - aef8c539-e26d-4b05-bf2d-d22dfb6dca90: start FollowerState
2019-09-25 17:39:17,339 [3c05e510-6915-4b7b-9ae3-8ad11ab09515@group-C4B24B798944:LeaderElection87] INFO  impl.RoleInfo (RoleInfo.java:updateAndGet(143)) - 3c05e510-6915-4b7b-9ae3-8ad11ab09515: start FollowerState
2019-09-25 17:39:17,342 [2a0aecae-049e-4606-8a85-9e3403624ec8@group-50A664AAC6AF:LeaderElection90] INFO  impl.RoleInfo (RoleInfo.java:updateAndGet(143)) - 2a0aecae-049e-4606-8a85-9e3403624ec8: start LeaderState
2019-09-25 17:39:17,342 [a2389647-2746-4532-8d28-1d3f97518474@group-20AAE0BFEBC9:LeaderElection89] INFO  impl.RoleInfo (RoleInfo.java:updateAndGet(143)) - a2389647-2746-4532-8d28-1d3f97518474: start LeaderState
2019-09-25 17:39:17,342 [2a0aecae-049e-4606-8a85-9e3403624ec8@group-50A664AAC6AF:LeaderElection90] INFO  segmented.SegmentedRaftLogWorker (SegmentedRaftLogWorker.java:startLogSegment(380)) - 2a0aecae-049e-4606-8a85-9e3403624ec8@group-50A664AAC6AF-SegmentedRaftLogWorker: Starting segment from index:0
2019-09-25 17:39:17,342 [a2389647-2746-4532-8d28-1d3f97518474@group-20AAE0BFEBC9:LeaderElection89] INFO  segmented.SegmentedRaftLogWorker (SegmentedRaftLogWorker.java:startLogSegment(380)) - a2389647-2746-4532-8d28-1d3f97518474@group-20AAE0BFEBC9-SegmentedRaftLogWorker: Starting segment from index:0
2019-09-25 17:39:17,344 [a2389647-2746-4532-8d28-1d3f97518474@group-20AAE0BFEBC9:LeaderElection89] INFO  impl.RaftServerImpl (ServerState.java:setRaftConf(354)) - a2389647-2746-4532-8d28-1d3f97518474@group-20AAE0BFEBC9: set configuration 0: [a2389647-2746-4532-8d28-1d3f97518474:192.168.164.232:41701], old=null at 0
2019-09-25 17:39:17,344 [2a0aecae-049e-4606-8a85-9e3403624ec8@group-50A664AAC6AF:LeaderElection90] INFO  impl.RaftServerImpl (ServerState.java:setRaftConf(354)) - 2a0aecae-049e-4606-8a85-9e3403624ec8@group-50A664AAC6AF: set configuration 0: [2a0aecae-049e-4606-8a85-9e3403624ec8:192.168.164.232:37868], old=null at 0
2019-09-25 17:39:17,344 [3ec7e880-e928-4941-b8f6-c8b4ac4bfea9@group-2E917C82D73C:LeaderElection82] INFO  impl.RoleInfo (RoleInfo.java:updateAndGet(143)) - 3ec7e880-e928-4941-b8f6-c8b4ac4bfea9: start LeaderState
2019-09-25 17:39:17,344 [3ec7e880-e928-4941-b8f6-c8b4ac4bfea9@group-2E917C82D73C:LeaderElection82] INFO  segmented.SegmentedRaftLogWorker (SegmentedRaftLogWorker.java:startLogSegment(380)) - 3ec7e880-e928-4941-b8f6-c8b4ac4bfea9@group-2E917C82D73C-SegmentedRaftLogWorker: Starting segment from index:0
2019-09-25 17:39:17,344 [5438351b-ff2f-4cba-beb7-59d41aac9b86@group-915012A56DD6:LeaderElection81] INFO  impl.RoleInfo (RoleInfo.java:updateAndGet(143)) - 5438351b-ff2f-4cba-beb7-59d41aac9b86: start LeaderState
2019-09-25 17:39:17,345 [3ec7e880-e928-4941-b8f6-c8b4ac4bfea9@group-2E917C82D73C:LeaderElection82] INFO  impl.RaftServerImpl (ServerState.java:setRaftConf(354)) - 3ec7e880-e928-4941-b8f6-c8b4ac4bfea9@group-2E917C82D73C: set configuration 0: [3ec7e880-e928-4941-b8f6-c8b4ac4bfea9:192.168.164.232:37332], old=null at 0
2019-09-25 17:39:17,345 [5438351b-ff2f-4cba-beb7-59d41aac9b86@group-915012A56DD6:LeaderElection81] INFO  segmented.SegmentedRaftLogWorker (SegmentedRaftLogWorker.java:startLogSegment(380)) - 5438351b-ff2f-4cba-beb7-59d41aac9b86@group-915012A56DD6-SegmentedRaftLogWorker: Starting segment from index:0
2019-09-25 17:39:17,346 [5438351b-ff2f-4cba-beb7-59d41aac9b86@group-915012A56DD6:LeaderElection81] INFO  impl.RaftServerImpl (ServerState.java:setRaftConf(354)) - 5438351b-ff2f-4cba-beb7-59d41aac9b86@group-915012A56DD6: set configuration 0: [5438351b-ff2f-4cba-beb7-59d41aac9b86:192.168.164.232:35106], old=null at 0
2019-09-25 17:39:17,346 [aef8c539-e26d-4b05-bf2d-d22dfb6dca90@group-351988B9CD62:LeaderElection83] INFO  impl.RoleInfo (RoleInfo.java:updateAndGet(143)) - aef8c539-e26d-4b05-bf2d-d22dfb6dca90: start LeaderState
2019-09-25 17:39:17,346 [f03bab29-cec5-4c64-9189-7e5e31aec38d@group-32C92A12C6D8:LeaderElection88] INFO  impl.RoleInfo (RoleInfo.java:updateAndGet(143)) - f03bab29-cec5-4c64-9189-7e5e31aec38d: start LeaderState
2019-09-25 17:39:17,346 [aef8c539-e26d-4b05-bf2d-d22dfb6dca90@group-351988B9CD62:LeaderElection83] INFO  segmented.SegmentedRaftLogWorker (SegmentedRaftLogWorker.java:startLogSegment(380)) - aef8c539-e26d-4b05-bf2d-d22dfb6dca90@group-351988B9CD62-SegmentedRaftLogWorker: Starting segment from index:0
2019-09-25 17:39:17,346 [f03bab29-cec5-4c64-9189-7e5e31aec38d@group-32C92A12C6D8:LeaderElection88] INFO  segmented.SegmentedRaftLogWorker (SegmentedRaftLogWorker.java:startLogSegment(380)) - f03bab29-cec5-4c64-9189-7e5e31aec38d@group-32C92A12C6D8-SegmentedRaftLogWorker: Starting segment from index:0
2019-09-25 17:39:17,346 [3c05e510-6915-4b7b-9ae3-8ad11ab09515@group-53A6DD6FA1CD:LeaderElection84] INFO  impl.RoleInfo (RoleInfo.java:updateAndGet(143)) - 3c05e510-6915-4b7b-9ae3-8ad11ab09515: start LeaderState
2019-09-25 17:39:17,347 [aef8c539-e26d-4b05-bf2d-d22dfb6dca90@group-351988B9CD62:LeaderElection83] INFO  impl.RaftServerImpl (ServerState.java:setRaftConf(354)) - aef8c539-e26d-4b05-bf2d-d22dfb6dca90@group-351988B9CD62: set configuration 0: [aef8c539-e26d-4b05-bf2d-d22dfb6dca90:192.168.164.232:39766], old=null at 0
2019-09-25 17:39:17,347 [3c05e510-6915-4b7b-9ae3-8ad11ab09515@group-53A6DD6FA1CD:LeaderElection84] INFO  segmented.SegmentedRaftLogWorker (SegmentedRaftLogWorker.java:startLogSegment(380)) - 3c05e510-6915-4b7b-9ae3-8ad11ab09515@group-53A6DD6FA1CD-SegmentedRaftLogWorker: Starting segment from index:0
2019-09-25 17:39:17,347 [f03bab29-cec5-4c64-9189-7e5e31aec38d@group-32C92A12C6D8:LeaderElection88] INFO  impl.RaftServerImpl (ServerState.java:setRaftConf(354)) - f03bab29-cec5-4c64-9189-7e5e31aec38d@group-32C92A12C6D8: set configuration 0: [f03bab29-cec5-4c64-9189-7e5e31aec38d:192.168.164.232:39129], old=null at 0
2019-09-25 17:39:17,347 [3c05e510-6915-4b7b-9ae3-8ad11ab09515@group-53A6DD6FA1CD:LeaderElection84] INFO  impl.RaftServerImpl (ServerState.java:setRaftConf(354)) - 3c05e510-6915-4b7b-9ae3-8ad11ab09515@group-53A6DD6FA1CD: set configuration 0: [3c05e510-6915-4b7b-9ae3-8ad11ab09515:192.168.164.232:41182], old=null at 0
2019-09-25 17:39:22,353 [Thread-2573] INFO  impl.FollowerState (FollowerState.java:run(106)) - 2a0aecae-049e-4606-8a85-9e3403624ec8:group-242F2926C5F2 changes to CANDIDATE, lastRpcTime:5028, electionTimeout:5028ms
2019-09-25 17:39:22,353 [Thread-2573] INFO  impl.RoleInfo (RoleInfo.java:shutdownFollowerState(121)) - 2a0aecae-049e-4606-8a85-9e3403624ec8: shutdown FollowerState
2019-09-25 17:39:22,353 [Thread-2573] INFO  impl.RaftServerImpl (RaftServerImpl.java:setRole(174)) - 2a0aecae-049e-4606-8a85-9e3403624ec8@group-242F2926C5F2: changes role from  FOLLOWER to CANDIDATE at term 1 for changeToCandidate
2019-09-25 17:39:22,354 [Thread-2573] INFO  impl.RoleInfo (RoleInfo.java:updateAndGet(143)) - 2a0aecae-049e-4606-8a85-9e3403624ec8: start LeaderElection
2019-09-25 17:39:22,375 [a2389647-2746-4532-8d28-1d3f97518474@group-20AAE0BFEBC9-SegmentedRaftLogWorker] INFO  segmented.SegmentedRaftLogWorker (SegmentedRaftLogWorker.java:execute(569)) - a2389647-2746-4532-8d28-1d3f97518474@group-20AAE0BFEBC9-SegmentedRaftLogWorker: created new log segment /workdir/hadoop-ozone/integration-test/target/test-dir/MiniOzoneClusterImpl-439681d3-64da-4b85-98e7-707fc1fcf72a/datanode-6/data/ratis/ca27d2ca-21a9-4216-9603-20aae0bfebc9/current/log_inprogress_0
2019-09-25 17:39:22,375 [2a0aecae-049e-4606-8a85-9e3403624ec8@group-242F2926C5F2:LeaderElection94] INFO  impl.LeaderElection (LeaderElection.java:askForVotes(182)) - 2a0aecae-049e-4606-8a85-9e3403624ec8@group-242F2926C5F2:LeaderElection94: begin an election at term 2 for -1: [a2389647-2746-4532-8d28-1d3f97518474:192.168.164.232:41701, f03bab29-cec5-4c64-9189-7e5e31aec38d:192.168.164.232:39129, 2a0aecae-049e-4606-8a85-9e3403624ec8:192.168.164.232:37868], old=null
2019-09-25 17:39:22,375 [aef8c539-e26d-4b05-bf2d-d22dfb6dca90@group-351988B9CD62-SegmentedRaftLogWorker] INFO  segmented.SegmentedRaftLogWorker (SegmentedRaftLogWorker.java:execute(569)) - aef8c539-e26d-4b05-bf2d-d22dfb6dca90@group-351988B9CD62-SegmentedRaftLogWorker: created new log segment /workdir/hadoop-ozone/integration-test/target/test-dir/MiniOzoneClusterImpl-439681d3-64da-4b85-98e7-707fc1fcf72a/datanode-2/data/ratis/77074700-cab0-4a42-a1ec-351988b9cd62/current/log_inprogress_0
2019-09-25 17:39:22,375 [2a0aecae-049e-4606-8a85-9e3403624ec8@group-50A664AAC6AF-SegmentedRaftLogWorker] INFO  segmented.SegmentedRaftLogWorker (SegmentedRaftLogWorker.java:execute(569)) - 2a0aecae-049e-4606-8a85-9e3403624ec8@group-50A664AAC6AF-SegmentedRaftLogWorker: created new log segment /workdir/hadoop-ozone/integration-test/target/test-dir/MiniOzoneClusterImpl-439681d3-64da-4b85-98e7-707fc1fcf72a/datanode-4/data/ratis/09a0f44f-332c-44d8-a5e7-50a664aac6af/current/log_inprogress_0
2019-09-25 17:39:22,375 [3ec7e880-e928-4941-b8f6-c8b4ac4bfea9@group-2E917C82D73C-SegmentedRaftLogWorker] INFO  segmented.SegmentedRaftLogWorker (SegmentedRaftLogWorker.java:execute(569)) - 3ec7e880-e928-4941-b8f6-c8b4ac4bfea9@group-2E917C82D73C-SegmentedRaftLogWorker: created new log segment /workdir/hadoop-ozone/integration-test/target/test-dir/MiniOzoneClusterImpl-439681d3-64da-4b85-98e7-707fc1fcf72a/datanode-1/data/ratis/77fd8f60-ee15-4306-8f3d-2e917c82d73c/current/log_inprogress_0
2019-09-25 17:39:22,375 [3c05e510-6915-4b7b-9ae3-8ad11ab09515@group-53A6DD6FA1CD-SegmentedRaftLogWorker] INFO  segmented.SegmentedRaftLogWorker (SegmentedRaftLogWorker.java:execute(569)) - 3c05e510-6915-4b7b-9ae3-8ad11ab09515@group-53A6DD6FA1CD-SegmentedRaftLogWorker: created new log segment /workdir/hadoop-ozone/integration-test/target/test-dir/MiniOzoneClusterImpl-439681d3-64da-4b85-98e7-707fc1fcf72a/datanode-3/data/ratis/58984d00-d77e-46e8-bf10-53a6dd6fa1cd/current/log_inprogress_0
2019-09-25 17:39:22,375 [5438351b-ff2f-4cba-beb7-59d41aac9b86@group-915012A56DD6-SegmentedRaftLogWorker] INFO  segmented.SegmentedRaftLogWorker (SegmentedRaftLogWorker.java:execute(569)) - 5438351b-ff2f-4cba-beb7-59d41aac9b86@group-915012A56DD6-SegmentedRaftLogWorker: created new log segment /workdir/hadoop-ozone/integration-test/target/test-dir/MiniOzoneClusterImpl-439681d3-64da-4b85-98e7-707fc1fcf72a/datanode-0/data/ratis/1cccc06c-b7b0-4fa6-8d8f-915012a56dd6/current/log_inprogress_0
2019-09-25 17:39:22,375 [f03bab29-cec5-4c64-9189-7e5e31aec38d@group-32C92A12C6D8-SegmentedRaftLogWorker] INFO  segmented.SegmentedRaftLogWorker (SegmentedRaftLogWorker.java:execute(569)) - f03bab29-cec5-4c64-9189-7e5e31aec38d@group-32C92A12C6D8-SegmentedRaftLogWorker: created new log segment /workdir/hadoop-ozone/integration-test/target/test-dir/MiniOzoneClusterImpl-439681d3-64da-4b85-98e7-707fc1fcf72a/datanode-5/data/ratis/94b881a9-7b06-4e88-a6f7-32c92a12c6d8/current/log_inprogress_0
2019-09-25 17:39:22,381 [grpc-default-executor-12] INFO  impl.RaftServerImpl (RaftServerImpl.java:setRole(174)) - f03bab29-cec5-4c64-9189-7e5e31aec38d@group-242F2926C5F2: changes role from  FOLLOWER to FOLLOWER at term 2 for recognizeCandidate:2a0aecae-049e-4606-8a85-9e3403624ec8
2019-09-25 17:39:22,381 [grpc-default-executor-11] INFO  impl.RaftServerImpl (RaftServerImpl.java:setRole(174)) - a2389647-2746-4532-8d28-1d3f97518474@group-242F2926C5F2: changes role from  FOLLOWER to FOLLOWER at term 2 for recognizeCandidate:2a0aecae-049e-4606-8a85-9e3403624ec8
2019-09-25 17:39:22,381 [grpc-default-executor-12] INFO  impl.RoleInfo (RoleInfo.java:shutdownFollowerState(121)) - f03bab29-cec5-4c64-9189-7e5e31aec38d: shutdown FollowerState
2019-09-25 17:39:22,382 [grpc-default-executor-11] INFO  impl.RoleInfo (RoleInfo.java:shutdownFollowerState(121)) - a2389647-2746-4532-8d28-1d3f97518474: shutdown FollowerState
2019-09-25 17:39:22,382 [grpc-default-executor-12] INFO  impl.RoleInfo (RoleInfo.java:updateAndGet(143)) - f03bab29-cec5-4c64-9189-7e5e31aec38d: start FollowerState
2019-09-25 17:39:22,382 [Thread-2575] INFO  impl.FollowerState (FollowerState.java:run(115)) - a2389647-2746-4532-8d28-1d3f97518474: FollowerState was interrupted: java.lang.InterruptedException: sleep interrupted
2019-09-25 17:39:22,382 [grpc-default-executor-11] INFO  impl.RoleInfo (RoleInfo.java:updateAndGet(143)) - a2389647-2746-4532-8d28-1d3f97518474: start FollowerState
2019-09-25 17:39:22,382 [Thread-2574] INFO  impl.FollowerState (FollowerState.java:run(115)) - f03bab29-cec5-4c64-9189-7e5e31aec38d: FollowerState was interrupted: java.lang.InterruptedException: sleep interrupted
2019-09-25 17:39:22,408 [2a0aecae-049e-4606-8a85-9e3403624ec8@group-242F2926C5F2:LeaderElection94] INFO  impl.LeaderElection (LeaderElection.java:logAndReturn(56)) - 2a0aecae-049e-4606-8a85-9e3403624ec8@group-242F2926C5F2:LeaderElection94: Election PASSED; received 1 response(s) [2a0aecae-049e-4606-8a85-9e3403624ec8<-a2389647-2746-4532-8d28-1d3f97518474#0:OK-t2] and 0 exception(s); 2a0aecae-049e-4606-8a85-9e3403624ec8@group-242F2926C5F2:t2, leader=null, voted=2a0aecae-049e-4606-8a85-9e3403624ec8, raftlog=2a0aecae-049e-4606-8a85-9e3403624ec8@group-242F2926C5F2-SegmentedRaftLog:OPENED:c-1,f-1,i0, conf=-1: [a2389647-2746-4532-8d28-1d3f97518474:192.168.164.232:41701, f03bab29-cec5-4c64-9189-7e5e31aec38d:192.168.164.232:39129, 2a0aecae-049e-4606-8a85-9e3403624ec8:192.168.164.232:37868], old=null
2019-09-25 17:39:22,409 [2a0aecae-049e-4606-8a85-9e3403624ec8@group-242F2926C5F2:LeaderElection94] INFO  impl.RoleInfo (RoleInfo.java:shutdownLeaderElection(134)) - 2a0aecae-049e-4606-8a85-9e3403624ec8: shutdown LeaderElection
2019-09-25 17:39:22,409 [2a0aecae-049e-4606-8a85-9e3403624ec8@group-242F2926C5F2:LeaderElection94] INFO  impl.RaftServerImpl (RaftServerImpl.java:setRole(174)) - 2a0aecae-049e-4606-8a85-9e3403624ec8@group-242F2926C5F2: changes role from CANDIDATE to LEADER at term 2 for changeToLeader
2019-09-25 17:39:22,409 [2a0aecae-049e-4606-8a85-9e3403624ec8@group-242F2926C5F2:LeaderElection94] INFO  impl.RaftServerImpl (ServerState.java:setLeader(253)) - 2a0aecae-049e-4606-8a85-9e3403624ec8@group-242F2926C5F2: change Leader from null to 2a0aecae-049e-4606-8a85-9e3403624ec8 at term 2 for becomeLeader, leader elected after 12923ms
2019-09-25 17:39:22,409 [2a0aecae-049e-4606-8a85-9e3403624ec8@group-242F2926C5F2:LeaderElection94] INFO  server.RaftServerConfigKeys (ConfUtils.java:logGet(43)) - raft.server.staging.catchup.gap = 1000 (default)
2019-09-25 17:39:22,409 [2a0aecae-049e-4606-8a85-9e3403624ec8@group-242F2926C5F2:LeaderElection94] INFO  server.RaftServerConfigKeys (ConfUtils.java:logGet(43)) - raft.server.rpc.sleep.time = 25ms (default)
2019-09-25 17:39:22,409 [2a0aecae-049e-4606-8a85-9e3403624ec8@group-242F2926C5F2:LeaderElection94] INFO  server.RaftServerConfigKeys (ConfUtils.java:logGet(43)) - raft.server.write.element-limit = 4096 (default)
2019-09-25 17:39:22,410 [2a0aecae-049e-4606-8a85-9e3403624ec8@group-242F2926C5F2:LeaderElection94] INFO  server.RaftServerConfigKeys (ConfUtils.java:logGet(43)) - raft.server.watch.timeout = 10s (default)
2019-09-25 17:39:22,410 [2a0aecae-049e-4606-8a85-9e3403624ec8@group-242F2926C5F2:LeaderElection94] INFO  server.RaftServerConfigKeys (ConfUtils.java:logGet(43)) - raft.server.watch.timeout.denomination = 1s (default)
2019-09-25 17:39:22,410 [2a0aecae-049e-4606-8a85-9e3403624ec8@group-242F2926C5F2:LeaderElection94] INFO  server.RaftServerConfigKeys (ConfUtils.java:logGet(43)) - raft.server.watch.element-limit = 65536 (default)
2019-09-25 17:39:22,412 [2a0aecae-049e-4606-8a85-9e3403624ec8@group-242F2926C5F2:LeaderElection94] INFO  server.RaftServerConfigKeys (ConfUtils.java:logGet(43)) - raft.server.log.appender.snapshot.chunk.size.max = 16MB (=16777216) (default)
2019-09-25 17:39:22,412 [2a0aecae-049e-4606-8a85-9e3403624ec8@group-242F2926C5F2:LeaderElection94] INFO  server.RaftServerConfigKeys (ConfUtils.java:logGet(43)) - raft.server.log.appender.buffer.byte-limit = 33554432 (custom)
2019-09-25 17:39:22,412 [2a0aecae-049e-4606-8a85-9e3403624ec8@group-242F2926C5F2:LeaderElection94] INFO  server.RaftServerConfigKeys (ConfUtils.java:logGet(43)) - raft.server.log.appender.buffer.element-limit = 1 (custom)
2019-09-25 17:39:22,413 [2a0aecae-049e-4606-8a85-9e3403624ec8@group-242F2926C5F2:LeaderElection94] INFO  grpc.GrpcConfigKeys$Server (ConfUtils.java:logGet(43)) - raft.grpc.server.leader.outstanding.appends.max = 128 (default)
2019-09-25 17:39:22,413 [2a0aecae-049e-4606-8a85-9e3403624ec8@group-242F2926C5F2:LeaderElection94] INFO  server.RaftServerConfigKeys (ConfUtils.java:logGet(43)) - raft.server.rpc.request.timeout = 3000ms (default)
2019-09-25 17:39:22,413 [2a0aecae-049e-4606-8a85-9e3403624ec8@group-242F2926C5F2:LeaderElection94] INFO  server.RaftServerConfigKeys (ConfUtils.java:logGet(43)) - raft.server.log.appender.install.snapshot.enabled = false (custom)
2019-09-25 17:39:22,413 [2a0aecae-049e-4606-8a85-9e3403624ec8@group-242F2926C5F2:LeaderElection94] INFO  server.RaftServerConfigKeys (ConfUtils.java:logGet(43)) - raft.server.log.appender.snapshot.chunk.size.max = 16MB (=16777216) (default)
2019-09-25 17:39:22,413 [2a0aecae-049e-4606-8a85-9e3403624ec8@group-242F2926C5F2:LeaderElection94] INFO  server.RaftServerConfigKeys (ConfUtils.java:logGet(43)) - raft.server.log.appender.buffer.byte-limit = 33554432 (custom)
2019-09-25 17:39:22,414 [2a0aecae-049e-4606-8a85-9e3403624ec8@group-242F2926C5F2:LeaderElection94] INFO  server.RaftServerConfigKeys (ConfUtils.java:logGet(43)) - raft.server.log.appender.buffer.element-limit = 1 (custom)
2019-09-25 17:39:22,414 [2a0aecae-049e-4606-8a85-9e3403624ec8@group-242F2926C5F2:LeaderElection94] INFO  grpc.GrpcConfigKeys$Server (ConfUtils.java:logGet(43)) - raft.grpc.server.leader.outstanding.appends.max = 128 (default)
2019-09-25 17:39:22,414 [2a0aecae-049e-4606-8a85-9e3403624ec8@group-242F2926C5F2:LeaderElection94] INFO  server.RaftServerConfigKeys (ConfUtils.java:logGet(43)) - raft.server.rpc.request.timeout = 3000ms (default)
2019-09-25 17:39:22,414 [2a0aecae-049e-4606-8a85-9e3403624ec8@group-242F2926C5F2:LeaderElection94] INFO  server.RaftServerConfigKeys (ConfUtils.java:logGet(43)) - raft.server.log.appender.install.snapshot.enabled = false (custom)
2019-09-25 17:39:22,414 [2a0aecae-049e-4606-8a85-9e3403624ec8@group-242F2926C5F2:LeaderElection94] INFO  impl.RoleInfo (RoleInfo.java:updateAndGet(143)) - 2a0aecae-049e-4606-8a85-9e3403624ec8: start LeaderState
2019-09-25 17:39:22,414 [2a0aecae-049e-4606-8a85-9e3403624ec8@group-242F2926C5F2:LeaderElection94] INFO  segmented.SegmentedRaftLogWorker (SegmentedRaftLogWorker.java:startLogSegment(380)) - 2a0aecae-049e-4606-8a85-9e3403624ec8@group-242F2926C5F2-SegmentedRaftLogWorker: Starting segment from index:0
2019-09-25 17:39:22,415 [2a0aecae-049e-4606-8a85-9e3403624ec8@group-242F2926C5F2:LeaderElection94] INFO  impl.RaftServerImpl (ServerState.java:setRaftConf(354)) - 2a0aecae-049e-4606-8a85-9e3403624ec8@group-242F2926C5F2: set configuration 0: [a2389647-2746-4532-8d28-1d3f97518474:192.168.164.232:41701, f03bab29-cec5-4c64-9189-7e5e31aec38d:192.168.164.232:39129, 2a0aecae-049e-4606-8a85-9e3403624ec8:192.168.164.232:37868], old=null at 0
2019-09-25 17:39:22,449 [Thread-2577] INFO  impl.FollowerState (FollowerState.java:run(106)) - aef8c539-e26d-4b05-bf2d-d22dfb6dca90:group-C4B24B798944 changes to CANDIDATE, lastRpcTime:5110, electionTimeout:5079ms
2019-09-25 17:39:22,452 [Thread-2577] INFO  impl.RoleInfo (RoleInfo.java:shutdownFollowerState(121)) - aef8c539-e26d-4b05-bf2d-d22dfb6dca90: shutdown FollowerState
2019-09-25 17:39:22,452 [Thread-2577] INFO  impl.RaftServerImpl (RaftServerImpl.java:setRole(174)) - aef8c539-e26d-4b05-bf2d-d22dfb6dca90@group-C4B24B798944: changes role from  FOLLOWER to CANDIDATE at term 1 for changeToCandidate
2019-09-25 17:39:22,452 [Thread-2577] INFO  impl.RoleInfo (RoleInfo.java:updateAndGet(143)) - aef8c539-e26d-4b05-bf2d-d22dfb6dca90: start LeaderElection
2019-09-25 17:39:22,456 [grpc-default-executor-11] INFO  impl.RaftServerImpl (ServerState.java:setLeader(253)) - f03bab29-cec5-4c64-9189-7e5e31aec38d@group-242F2926C5F2: change Leader from null to 2a0aecae-049e-4606-8a85-9e3403624ec8 at term 2 for appendEntries, leader elected after 12967ms
2019-09-25 17:39:22,471 [grpc-default-executor-12] INFO  impl.RaftServerImpl (ServerState.java:setLeader(253)) - a2389647-2746-4532-8d28-1d3f97518474@group-242F2926C5F2: change Leader from null to 2a0aecae-049e-4606-8a85-9e3403624ec8 at term 2 for appendEntries, leader elected after 12981ms
2019-09-25 17:39:22,471 [aef8c539-e26d-4b05-bf2d-d22dfb6dca90@group-C4B24B798944:LeaderElection95] INFO  impl.LeaderElection (LeaderElection.java:askForVotes(182)) - aef8c539-e26d-4b05-bf2d-d22dfb6dca90@group-C4B24B798944:LeaderElection95: begin an election at term 2 for -1: [aef8c539-e26d-4b05-bf2d-d22dfb6dca90:192.168.164.232:39766, 3c05e510-6915-4b7b-9ae3-8ad11ab09515:192.168.164.232:41182, 3ec7e880-e928-4941-b8f6-c8b4ac4bfea9:192.168.164.232:37332], old=null
2019-09-25 17:39:22,470 [2a0aecae-049e-4606-8a85-9e3403624ec8@group-242F2926C5F2-SegmentedRaftLogWorker] INFO  segmented.SegmentedRaftLogWorker (SegmentedRaftLogWorker.java:execute(569)) - 2a0aecae-049e-4606-8a85-9e3403624ec8@group-242F2926C5F2-SegmentedRaftLogWorker: created new log segment /workdir/hadoop-ozone/integration-test/target/test-dir/MiniOzoneClusterImpl-439681d3-64da-4b85-98e7-707fc1fcf72a/datanode-4/data/ratis/c58fd17e-2ab8-4192-9746-242f2926c5f2/current/log_inprogress_0
2019-09-25 17:39:22,474 [grpc-default-executor-11] INFO  impl.RaftServerImpl (ServerState.java:setRaftConf(354)) - f03bab29-cec5-4c64-9189-7e5e31aec38d@group-242F2926C5F2: set configuration 0: [a2389647-2746-4532-8d28-1d3f97518474:192.168.164.232:41701, f03bab29-cec5-4c64-9189-7e5e31aec38d:192.168.164.232:39129, 2a0aecae-049e-4606-8a85-9e3403624ec8:192.168.164.232:37868], old=null at 0
2019-09-25 17:39:22,474 [grpc-default-executor-18] INFO  impl.RaftServerImpl (RaftServerImpl.java:setRole(174)) - 3c05e510-6915-4b7b-9ae3-8ad11ab09515@group-C4B24B798944: changes role from  FOLLOWER to FOLLOWER at term 2 for recognizeCandidate:aef8c539-e26d-4b05-bf2d-d22dfb6dca90
2019-09-25 17:39:22,474 [grpc-default-executor-14] INFO  impl.RaftServerImpl (RaftServerImpl.java:setRole(174)) - 3ec7e880-e928-4941-b8f6-c8b4ac4bfea9@group-C4B24B798944: changes role from  FOLLOWER to FOLLOWER at term 2 for recognizeCandidate:aef8c539-e26d-4b05-bf2d-d22dfb6dca90
2019-09-25 17:39:22,474 [grpc-default-executor-14] INFO  impl.RoleInfo (RoleInfo.java:shutdownFollowerState(121)) - 3ec7e880-e928-4941-b8f6-c8b4ac4bfea9: shutdown FollowerState
2019-09-25 17:39:22,474 [grpc-default-executor-12] INFO  impl.RaftServerImpl (ServerState.java:setRaftConf(354)) - a2389647-2746-4532-8d28-1d3f97518474@group-242F2926C5F2: set configuration 0: [a2389647-2746-4532-8d28-1d3f97518474:192.168.164.232:41701, f03bab29-cec5-4c64-9189-7e5e31aec38d:192.168.164.232:39129, 2a0aecae-049e-4606-8a85-9e3403624ec8:192.168.164.232:37868], old=null at 0
2019-09-25 17:39:22,474 [Thread-2576] INFO  impl.FollowerState (FollowerState.java:run(115)) - 3ec7e880-e928-4941-b8f6-c8b4ac4bfea9: FollowerState was interrupted: java.lang.InterruptedException: sleep interrupted
2019-09-25 17:39:22,474 [grpc-default-executor-14] INFO  impl.RoleInfo (RoleInfo.java:updateAndGet(143)) - 3ec7e880-e928-4941-b8f6-c8b4ac4bfea9: start FollowerState
2019-09-25 17:39:22,474 [grpc-default-executor-18] INFO  impl.RoleInfo (RoleInfo.java:shutdownFollowerState(121)) - 3c05e510-6915-4b7b-9ae3-8ad11ab09515: shutdown FollowerState
2019-09-25 17:39:22,474 [grpc-default-executor-11] INFO  segmented.SegmentedRaftLogWorker (SegmentedRaftLogWorker.java:startLogSegment(380)) - f03bab29-cec5-4c64-9189-7e5e31aec38d@group-242F2926C5F2-SegmentedRaftLogWorker: Starting segment from index:0
2019-09-25 17:39:22,478 [Thread-2578] INFO  impl.FollowerState (FollowerState.java:run(115)) - 3c05e510-6915-4b7b-9ae3-8ad11ab09515: FollowerState was interrupted: java.lang.InterruptedException: sleep interrupted
2019-09-25 17:39:22,478 [grpc-default-executor-18] INFO  impl.RoleInfo (RoleInfo.java:updateAndGet(143)) - 3c05e510-6915-4b7b-9ae3-8ad11ab09515: start FollowerState
2019-09-25 17:39:22,475 [grpc-default-executor-12] INFO  segmented.SegmentedRaftLogWorker (SegmentedRaftLogWorker.java:startLogSegment(380)) - a2389647-2746-4532-8d28-1d3f97518474@group-242F2926C5F2-SegmentedRaftLogWorker: Starting segment from index:0
2019-09-25 17:39:22,493 [aef8c539-e26d-4b05-bf2d-d22dfb6dca90@group-C4B24B798944:LeaderElection95] INFO  impl.LeaderElection (LeaderElection.java:logAndReturn(56)) - aef8c539-e26d-4b05-bf2d-d22dfb6dca90@group-C4B24B798944:LeaderElection95: Election PASSED; received 1 response(s) [aef8c539-e26d-4b05-bf2d-d22dfb6dca90<-3c05e510-6915-4b7b-9ae3-8ad11ab09515#0:OK-t2] and 0 exception(s); aef8c539-e26d-4b05-bf2d-d22dfb6dca90@group-C4B24B798944:t2, leader=null, voted=aef8c539-e26d-4b05-bf2d-d22dfb6dca90, raftlog=aef8c539-e26d-4b05-bf2d-d22dfb6dca90@group-C4B24B798944-SegmentedRaftLog:OPENED:c-1,f-1,i0, conf=-1: [aef8c539-e26d-4b05-bf2d-d22dfb6dca90:192.168.164.232:39766, 3c05e510-6915-4b7b-9ae3-8ad11ab09515:192.168.164.232:41182, 3ec7e880-e928-4941-b8f6-c8b4ac4bfea9:192.168.164.232:37332], old=null
2019-09-25 17:39:22,493 [aef8c539-e26d-4b05-bf2d-d22dfb6dca90@group-C4B24B798944:LeaderElection95] INFO  impl.RoleInfo (RoleInfo.java:shutdownLeaderElection(134)) - aef8c539-e26d-4b05-bf2d-d22dfb6dca90: shutdown LeaderElection
2019-09-25 17:39:22,494 [aef8c539-e26d-4b05-bf2d-d22dfb6dca90@group-C4B24B798944:LeaderElection95] INFO  impl.RaftServerImpl (RaftServerImpl.java:setRole(174)) - aef8c539-e26d-4b05-bf2d-d22dfb6dca90@group-C4B24B798944: changes role from CANDIDATE to LEADER at term 2 for changeToLeader
2019-09-25 17:39:22,494 [aef8c539-e26d-4b05-bf2d-d22dfb6dca90@group-C4B24B798944:LeaderElection95] INFO  impl.RaftServerImpl (ServerState.java:setLeader(253)) - aef8c539-e26d-4b05-bf2d-d22dfb6dca90@group-C4B24B798944: change Leader from null to aef8c539-e26d-4b05-bf2d-d22dfb6dca90 at term 2 for becomeLeader, leader elected after 13287ms
2019-09-25 17:39:22,494 [aef8c539-e26d-4b05-bf2d-d22dfb6dca90@group-C4B24B798944:LeaderElection95] INFO  server.RaftServerConfigKeys (ConfUtils.java:logGet(43)) - raft.server.staging.catchup.gap = 1000 (default)
2019-09-25 17:39:22,494 [aef8c539-e26d-4b05-bf2d-d22dfb6dca90@group-C4B24B798944:LeaderElection95] INFO  server.RaftServerConfigKeys (ConfUtils.java:logGet(43)) - raft.server.rpc.sleep.time = 25ms (default)
2019-09-25 17:39:22,494 [aef8c539-e26d-4b05-bf2d-d22dfb6dca90@group-C4B24B798944:LeaderElection95] INFO  server.RaftServerConfigKeys (ConfUtils.java:logGet(43)) - raft.server.write.element-limit = 4096 (default)
2019-09-25 17:39:22,494 [aef8c539-e26d-4b05-bf2d-d22dfb6dca90@group-C4B24B798944:LeaderElection95] INFO  server.RaftServerConfigKeys (ConfUtils.java:logGet(43)) - raft.server.watch.timeout = 10s (default)
2019-09-25 17:39:22,494 [aef8c539-e26d-4b05-bf2d-d22dfb6dca90@group-C4B24B798944:LeaderElection95] INFO  server.RaftServerConfigKeys (ConfUtils.java:logGet(43)) - raft.server.watch.timeout.denomination = 1s (default)
2019-09-25 17:39:22,494 [aef8c539-e26d-4b05-bf2d-d22dfb6dca90@group-C4B24B798944:LeaderElection95] INFO  server.RaftServerConfigKeys (ConfUtils.java:logGet(43)) - raft.server.watch.element-limit = 65536 (default)
2019-09-25 17:39:22,496 [aef8c539-e26d-4b05-bf2d-d22dfb6dca90@group-C4B24B798944:LeaderElection95] INFO  server.RaftServerConfigKeys (ConfUtils.java:logGet(43)) - raft.server.log.appender.snapshot.chunk.size.max = 16MB (=16777216) (default)
2019-09-25 17:39:22,496 [aef8c539-e26d-4b05-bf2d-d22dfb6dca90@group-C4B24B798944:LeaderElection95] INFO  server.RaftServerConfigKeys (ConfUtils.java:logGet(43)) - raft.server.log.appender.buffer.byte-limit = 33554432 (custom)
2019-09-25 17:39:22,496 [aef8c539-e26d-4b05-bf2d-d22dfb6dca90@group-C4B24B798944:LeaderElection95] INFO  server.RaftServerConfigKeys (ConfUtils.java:logGet(43)) - raft.server.log.appender.buffer.element-limit = 1 (custom)
2019-09-25 17:39:22,496 [aef8c539-e26d-4b05-bf2d-d22dfb6dca90@group-C4B24B798944:LeaderElection95] INFO  grpc.GrpcConfigKeys$Server (ConfUtils.java:logGet(43)) - raft.grpc.server.leader.outstanding.appends.max = 128 (default)
2019-09-25 17:39:22,497 [aef8c539-e26d-4b05-bf2d-d22dfb6dca90@group-C4B24B798944:LeaderElection95] INFO  server.RaftServerConfigKeys (ConfUtils.java:logGet(43)) - raft.server.rpc.request.timeout = 3000ms (default)
2019-09-25 17:39:22,497 [aef8c539-e26d-4b05-bf2d-d22dfb6dca90@group-C4B24B798944:LeaderElection95] INFO  server.RaftServerConfigKeys (ConfUtils.java:logGet(43)) - raft.server.log.appender.install.snapshot.enabled = false (custom)
2019-09-25 17:39:22,497 [aef8c539-e26d-4b05-bf2d-d22dfb6dca90@group-C4B24B798944:LeaderElection95] INFO  server.RaftServerConfigKeys (ConfUtils.java:logGet(43)) - raft.server.log.appender.snapshot.chunk.size.max = 16MB (=16777216) (default)
2019-09-25 17:39:22,497 [aef8c539-e26d-4b05-bf2d-d22dfb6dca90@group-C4B24B798944:LeaderElection95] INFO  server.RaftServerConfigKeys (ConfUtils.java:logGet(43)) - raft.server.log.appender.buffer.byte-limit = 33554432 (custom)
2019-09-25 17:39:22,497 [aef8c539-e26d-4b05-bf2d-d22dfb6dca90@group-C4B24B798944:LeaderElection95] INFO  server.RaftServerConfigKeys (ConfUtils.java:logGet(43)) - raft.server.log.appender.buffer.element-limit = 1 (custom)
2019-09-25 17:39:22,497 [aef8c539-e26d-4b05-bf2d-d22dfb6dca90@group-C4B24B798944:LeaderElection95] INFO  grpc.GrpcConfigKeys$Server (ConfUtils.java:logGet(43)) - raft.grpc.server.leader.outstanding.appends.max = 128 (default)
2019-09-25 17:39:22,497 [aef8c539-e26d-4b05-bf2d-d22dfb6dca90@group-C4B24B798944:LeaderElection95] INFO  server.RaftServerConfigKeys (ConfUtils.java:logGet(43)) - raft.server.rpc.request.timeout = 3000ms (default)
2019-09-25 17:39:22,497 [aef8c539-e26d-4b05-bf2d-d22dfb6dca90@group-C4B24B798944:LeaderElection95] INFO  server.RaftServerConfigKeys (ConfUtils.java:logGet(43)) - raft.server.log.appender.install.snapshot.enabled = false (custom)
2019-09-25 17:39:22,498 [aef8c539-e26d-4b05-bf2d-d22dfb6dca90@group-C4B24B798944:LeaderElection95] INFO  impl.RoleInfo (RoleInfo.java:updateAndGet(143)) - aef8c539-e26d-4b05-bf2d-d22dfb6dca90: start LeaderState
2019-09-25 17:39:22,498 [aef8c539-e26d-4b05-bf2d-d22dfb6dca90@group-C4B24B798944:LeaderElection95] INFO  segmented.SegmentedRaftLogWorker (SegmentedRaftLogWorker.java:startLogSegment(380)) - aef8c539-e26d-4b05-bf2d-d22dfb6dca90@group-C4B24B798944-SegmentedRaftLogWorker: Starting segment from index:0
2019-09-25 17:39:22,498 [aef8c539-e26d-4b05-bf2d-d22dfb6dca90@group-C4B24B798944:LeaderElection95] INFO  impl.RaftServerImpl (ServerState.java:setRaftConf(354)) - aef8c539-e26d-4b05-bf2d-d22dfb6dca90@group-C4B24B798944: set configuration 0: [aef8c539-e26d-4b05-bf2d-d22dfb6dca90:192.168.164.232:39766, 3c05e510-6915-4b7b-9ae3-8ad11ab09515:192.168.164.232:41182, 3ec7e880-e928-4941-b8f6-c8b4ac4bfea9:192.168.164.232:37332], old=null at 0
2019-09-25 17:39:22,500 [grpc-default-executor-14] INFO  impl.RaftServerImpl (ServerState.java:setLeader(253)) - 3c05e510-6915-4b7b-9ae3-8ad11ab09515@group-C4B24B798944: change Leader from null to aef8c539-e26d-4b05-bf2d-d22dfb6dca90 at term 2 for appendEntries, leader elected after 13293ms
2019-09-25 17:39:22,500 [grpc-default-executor-18] INFO  impl.RaftServerImpl (ServerState.java:setLeader(253)) - 3ec7e880-e928-4941-b8f6-c8b4ac4bfea9@group-C4B24B798944: change Leader from null to aef8c539-e26d-4b05-bf2d-d22dfb6dca90 at term 2 for appendEntries, leader elected after 13293ms
2019-09-25 17:39:22,535 [grpc-default-executor-18] INFO  impl.RaftServerImpl (ServerState.java:setRaftConf(354)) - 3c05e510-6915-4b7b-9ae3-8ad11ab09515@group-C4B24B798944: set configuration 0: [aef8c539-e26d-4b05-bf2d-d22dfb6dca90:192.168.164.232:39766, 3c05e510-6915-4b7b-9ae3-8ad11ab09515:192.168.164.232:41182, 3ec7e880-e928-4941-b8f6-c8b4ac4bfea9:192.168.164.232:37332], old=null at 0
2019-09-25 17:39:22,535 [grpc-default-executor-14] INFO  impl.RaftServerImpl (ServerState.java:setRaftConf(354)) - 3ec7e880-e928-4941-b8f6-c8b4ac4bfea9@group-C4B24B798944: set configuration 0: [aef8c539-e26d-4b05-bf2d-d22dfb6dca90:192.168.164.232:39766, 3c05e510-6915-4b7b-9ae3-8ad11ab09515:192.168.164.232:41182, 3ec7e880-e928-4941-b8f6-c8b4ac4bfea9:192.168.164.232:37332], old=null at 0
2019-09-25 17:39:22,535 [grpc-default-executor-18] INFO  segmented.SegmentedRaftLogWorker (SegmentedRaftLogWorker.java:startLogSegment(380)) - 3c05e510-6915-4b7b-9ae3-8ad11ab09515@group-C4B24B798944-SegmentedRaftLogWorker: Starting segment from index:0
2019-09-25 17:39:22,536 [grpc-default-executor-14] INFO  segmented.SegmentedRaftLogWorker (SegmentedRaftLogWorker.java:startLogSegment(380)) - 3ec7e880-e928-4941-b8f6-c8b4ac4bfea9@group-C4B24B798944-SegmentedRaftLogWorker: Starting segment from index:0
2019-09-25 17:39:22,538 [aef8c539-e26d-4b05-bf2d-d22dfb6dca90@group-C4B24B798944-SegmentedRaftLogWorker] INFO  segmented.SegmentedRaftLogWorker (SegmentedRaftLogWorker.java:execute(569)) - aef8c539-e26d-4b05-bf2d-d22dfb6dca90@group-C4B24B798944-SegmentedRaftLogWorker: created new log segment /workdir/hadoop-ozone/integration-test/target/test-dir/MiniOzoneClusterImpl-439681d3-64da-4b85-98e7-707fc1fcf72a/datanode-2/data/ratis/80d944dc-9701-46f9-8fad-c4b24b798944/current/log_inprogress_0
2019-09-25 17:39:22,538 [a2389647-2746-4532-8d28-1d3f97518474@group-242F2926C5F2-SegmentedRaftLogWorker] INFO  segmented.SegmentedRaftLogWorker (SegmentedRaftLogWorker.java:execute(569)) - a2389647-2746-4532-8d28-1d3f97518474@group-242F2926C5F2-SegmentedRaftLogWorker: created new log segment /workdir/hadoop-ozone/integration-test/target/test-dir/MiniOzoneClusterImpl-439681d3-64da-4b85-98e7-707fc1fcf72a/datanode-6/data/ratis/c58fd17e-2ab8-4192-9746-242f2926c5f2/current/log_inprogress_0
2019-09-25 17:39:22,538 [f03bab29-cec5-4c64-9189-7e5e31aec38d@group-242F2926C5F2-SegmentedRaftLogWorker] INFO  segmented.SegmentedRaftLogWorker (SegmentedRaftLogWorker.java:execute(569)) - f03bab29-cec5-4c64-9189-7e5e31aec38d@group-242F2926C5F2-SegmentedRaftLogWorker: created new log segment /workdir/hadoop-ozone/integration-test/target/test-dir/MiniOzoneClusterImpl-439681d3-64da-4b85-98e7-707fc1fcf72a/datanode-5/data/ratis/c58fd17e-2ab8-4192-9746-242f2926c5f2/current/log_inprogress_0
2019-09-25 17:39:22,575 [3c05e510-6915-4b7b-9ae3-8ad11ab09515@group-C4B24B798944-SegmentedRaftLogWorker] INFO  segmented.SegmentedRaftLogWorker (SegmentedRaftLogWorker.java:execute(569)) - 3c05e510-6915-4b7b-9ae3-8ad11ab09515@group-C4B24B798944-SegmentedRaftLogWorker: created new log segment /workdir/hadoop-ozone/integration-test/target/test-dir/MiniOzoneClusterImpl-439681d3-64da-4b85-98e7-707fc1fcf72a/datanode-3/data/ratis/80d944dc-9701-46f9-8fad-c4b24b798944/current/log_inprogress_0
2019-09-25 17:39:22,575 [3ec7e880-e928-4941-b8f6-c8b4ac4bfea9@group-C4B24B798944-SegmentedRaftLogWorker] INFO  segmented.SegmentedRaftLogWorker (SegmentedRaftLogWorker.java:execute(569)) - 3ec7e880-e928-4941-b8f6-c8b4ac4bfea9@group-C4B24B798944-SegmentedRaftLogWorker: created new log segment /workdir/hadoop-ozone/integration-test/target/test-dir/MiniOzoneClusterImpl-439681d3-64da-4b85-98e7-707fc1fcf72a/datanode-1/data/ratis/80d944dc-9701-46f9-8fad-c4b24b798944/current/log_inprogress_0
]]></system-out>
  </testcase>
</testsuite>