<?xml version="1.0" encoding="UTF-8"?>
<testsuite xmlns:xsi="http://www.w3.org/2001/XMLSchema-instance" xsi:noNamespaceSchemaLocation="https://maven.apache.org/surefire/maven-surefire-plugin/xsd/surefire-test-report.xsd" name="org.apache.hadoop.ozone.client.rpc.TestContainerReplicationEndToEnd" time="26.633" tests="1" errors="1" skipped="0" failures="0">
  <properties>
    <property name="awt.toolkit" value="sun.awt.X11.XToolkit"/>
    <property name="file.encoding.pkg" value="sun.io"/>
    <property name="java.specification.version" value="1.8"/>
    <property name="sun.cpu.isalist" value=""/>
    <property name="sun.jnu.encoding" value="UTF-8"/>
    <property name="java.class.path" value="/workdir/hadoop-ozone/integration-test/target/test-classes:/workdir/hadoop-ozone/integration-test/target/classes:/home/user/.m2/repository/org/apache/hadoop/hadoop-ozone-common/0.5.0-SNAPSHOT/hadoop-ozone-common-0.5.0-SNAPSHOT.jar:/home/user/.m2/repository/org/apache/commons/commons-compress/1.4.1/commons-compress-1.4.1.jar:/home/user/.m2/repository/org/tukaani/xz/1.0/xz-1.0.jar:/home/user/.m2/repository/org/apache/hadoop/hadoop-common/3.2.0/hadoop-common-3.2.0.jar:/home/user/.m2/repository/org/apache/hadoop/hadoop-hdfs/3.2.0/hadoop-hdfs-3.2.0.jar:/home/user/.m2/repository/org/apache/hadoop/hadoop-hdfs-client/3.2.0/hadoop-hdfs-client-3.2.0.jar:/home/user/.m2/repository/com/fasterxml/jackson/core/jackson-annotations/2.9.9/jackson-annotations-2.9.9.jar:/home/user/.m2/repository/org/apache/hadoop/hadoop-hdds-common/0.5.0-SNAPSHOT/hadoop-hdds-common-0.5.0-SNAPSHOT.jar:/home/user/.m2/repository/javax/annotation/javax.annotation-api/1.2/javax.annotation-api-1.2.jar:/home/user/.m2/repository/org/apache/ratis/ratis-server/0.4.0-78e95b9-SNAPSHOT/ratis-server-0.4.0-78e95b9-SNAPSHOT.jar:/home/user/.m2/repository/org/apache/ratis/ratis-thirdparty-misc/0.2.0/ratis-thirdparty-misc-0.2.0.jar:/home/user/.m2/repository/org/apache/ratis/ratis-proto/0.4.0-78e95b9-SNAPSHOT/ratis-proto-0.4.0-78e95b9-SNAPSHOT.jar:/home/user/.m2/repository/org/apache/ratis/ratis-common/0.4.0-78e95b9-SNAPSHOT/ratis-common-0.4.0-78e95b9-SNAPSHOT.jar:/home/user/.m2/repository/org/apache/ratis/ratis-client/0.4.0-78e95b9-SNAPSHOT/ratis-client-0.4.0-78e95b9-SNAPSHOT.jar:/home/user/.m2/repository/org/apache/ratis/ratis-metrics/0.4.0-78e95b9-SNAPSHOT/ratis-metrics-0.4.0-78e95b9-SNAPSHOT.jar:/home/user/.m2/repository/com/github/joshelser/dropwizard-metrics-hadoop-metrics2-reporter/0.1.2/dropwizard-metrics-hadoop-metrics2-reporter-0.1.2.jar:/home/user/.m2/repository/io/dropwizard/metrics/metrics-jvm/3.2.5/metrics-jvm-3.2.5.jar:/home/user/.m2/repository/io/dropwizard/metrics/metrics-ganglia/3.2.5/metrics-ganglia-3.2.5.jar:/home/user/.m2/repository/info/ganglia/gmetric4j/gmetric4j/1.0.7/gmetric4j-1.0.7.jar:/home/user/.m2/repository/org/apache/ratis/ratis-netty/0.4.0-78e95b9-SNAPSHOT/ratis-netty-0.4.0-78e95b9-SNAPSHOT.jar:/home/user/.m2/repository/org/apache/ratis/ratis-grpc/0.4.0-78e95b9-SNAPSHOT/ratis-grpc-0.4.0-78e95b9-SNAPSHOT.jar:/home/user/.m2/repository/org/rocksdb/rocksdbjni/6.0.1/rocksdbjni-6.0.1.jar:/home/user/.m2/repository/org/apache/logging/log4j/log4j-api/2.11.0/log4j-api-2.11.0.jar:/home/user/.m2/repository/org/apache/logging/log4j/log4j-core/2.11.0/log4j-core-2.11.0.jar:/home/user/.m2/repository/com/lmax/disruptor/3.4.2/disruptor-3.4.2.jar:/home/user/.m2/repository/org/apache/commons/commons-pool2/2.6.0/commons-pool2-2.6.0.jar:/home/user/.m2/repository/org/bouncycastle/bcpkix-jdk15on/1.60/bcpkix-jdk15on-1.60.jar:/home/user/.m2/repository/commons-validator/commons-validator/1.6/commons-validator-1.6.jar:/home/user/.m2/repository/commons-digester/commons-digester/1.8.1/commons-digester-1.8.1.jar:/home/user/.m2/repository/io/jaegertracing/jaeger-client/0.34.0/jaeger-client-0.34.0.jar:/home/user/.m2/repository/io/jaegertracing/jaeger-thrift/0.34.0/jaeger-thrift-0.34.0.jar:/home/user/.m2/repository/org/apache/thrift/libthrift/0.12.0/libthrift-0.12.0.jar:/home/user/.m2/repository/com/squareup/okhttp3/okhttp/3.9.0/okhttp-3.9.0.jar:/home/user/.m2/repository/com/squareup/okio/okio/1.13.0/okio-1.13.0.jar:/home/user/.m2/repository/io/jaegertracing/jaeger-core/0.34.0/jaeger-core-0.34.0.jar:/home/user/.m2/repository/io/jaegertracing/jaeger-tracerresolver/0.34.0/jaeger-tracerresolver-0.34.0.jar:/home/user/.m2/repository/io/opentracing/contrib/opentracing-tracerresolver/0.1.5/opentracing-tracerresolver-0.1.5.jar:/home/user/.m2/repository/io/opentracing/opentracing-util/0.31.0/opentracing-util-0.31.0.jar:/home/user/.m2/repository/io/opentracing/opentracing-api/0.31.0/opentracing-api-0.31.0.jar:/home/user/.m2/repository/io/opentracing/opentracing-noop/0.31.0/opentracing-noop-0.31.0.jar:/home/user/.m2/repository/org/apache/hadoop/hadoop-hdds-server-framework/0.5.0-SNAPSHOT/hadoop-hdds-server-framework-0.5.0-SNAPSHOT.jar:/home/user/.m2/repository/org/apache/hadoop/hadoop-hdds-container-service/0.5.0-SNAPSHOT/hadoop-hdds-container-service-0.5.0-SNAPSHOT.jar:/home/user/.m2/repository/org/apache/hadoop/hadoop-hdds-client/0.5.0-SNAPSHOT/hadoop-hdds-client-0.5.0-SNAPSHOT.jar:/home/user/.m2/repository/org/apache/hadoop/hadoop-hdds-tools/0.5.0-SNAPSHOT/hadoop-hdds-tools-0.5.0-SNAPSHOT.jar:/home/user/.m2/repository/org/apache/hadoop/hadoop-hdds-server-scm/0.5.0-SNAPSHOT/hadoop-hdds-server-scm-0.5.0-SNAPSHOT.jar:/home/user/.m2/repository/org/apache/hadoop/hadoop-hdds-docs/0.5.0-SNAPSHOT/hadoop-hdds-docs-0.5.0-SNAPSHOT.jar:/home/user/.m2/repository/io/dropwizard/metrics/metrics-core/3.2.4/metrics-core-3.2.4.jar:/home/user/.m2/repository/org/hamcrest/hamcrest-all/1.3/hamcrest-all-1.3.jar:/home/user/.m2/repository/org/bouncycastle/bcprov-jdk15on/1.60/bcprov-jdk15on-1.60.jar:/home/user/.m2/repository/info/picocli/picocli/3.9.6/picocli-3.9.6.jar:/home/user/.m2/repository/com/google/protobuf/protobuf-java/2.5.0/protobuf-java-2.5.0.jar:/home/user/.m2/repository/com/google/guava/guava/11.0.2/guava-11.0.2.jar:/home/user/.m2/repository/org/apache/hadoop/hadoop-ozone-ozone-manager/0.5.0-SNAPSHOT/hadoop-ozone-ozone-manager-0.5.0-SNAPSHOT.jar:/home/user/.m2/repository/org/apache/hadoop/hadoop-minikdc/3.2.0/hadoop-minikdc-3.2.0.jar:/home/user/.m2/repository/commons-io/commons-io/2.5/commons-io-2.5.jar:/home/user/.m2/repository/org/apache/kerby/kerb-simplekdc/1.0.1/kerb-simplekdc-1.0.1.jar:/home/user/.m2/repository/org/apache/kerby/kerb-client/1.0.1/kerb-client-1.0.1.jar:/home/user/.m2/repository/org/apache/kerby/kerby-config/1.0.1/kerby-config-1.0.1.jar:/home/user/.m2/repository/org/apache/kerby/kerb-core/1.0.1/kerb-core-1.0.1.jar:/home/user/.m2/repository/org/apache/kerby/kerby-pkix/1.0.1/kerby-pkix-1.0.1.jar:/home/user/.m2/repository/org/apache/kerby/kerby-asn1/1.0.1/kerby-asn1-1.0.1.jar:/home/user/.m2/repository/org/apache/kerby/kerby-util/1.0.1/kerby-util-1.0.1.jar:/home/user/.m2/repository/org/apache/kerby/kerb-common/1.0.1/kerb-common-1.0.1.jar:/home/user/.m2/repository/org/apache/kerby/kerb-crypto/1.0.1/kerb-crypto-1.0.1.jar:/home/user/.m2/repository/org/apache/kerby/kerb-util/1.0.1/kerb-util-1.0.1.jar:/home/user/.m2/repository/org/apache/kerby/token-provider/1.0.1/token-provider-1.0.1.jar:/home/user/.m2/repository/org/apache/kerby/kerb-admin/1.0.1/kerb-admin-1.0.1.jar:/home/user/.m2/repository/org/apache/kerby/kerb-server/1.0.1/kerb-server-1.0.1.jar:/home/user/.m2/repository/org/apache/kerby/kerb-identity/1.0.1/kerb-identity-1.0.1.jar:/home/user/.m2/repository/org/apache/kerby/kerby-xdr/1.0.1/kerby-xdr-1.0.1.jar:/home/user/.m2/repository/org/slf4j/slf4j-log4j12/1.7.25/slf4j-log4j12-1.7.25.jar:/home/user/.m2/repository/org/apache/hadoop/hadoop-ozone-s3gateway/0.5.0-SNAPSHOT/hadoop-ozone-s3gateway-0.5.0-SNAPSHOT.jar:/home/user/.m2/repository/org/jboss/weld/servlet/weld-servlet/2.4.7.Final/weld-servlet-2.4.7.Final.jar:/home/user/.m2/repository/org/glassfish/jersey/containers/jersey-container-servlet-core/2.27/jersey-container-servlet-core-2.27.jar:/home/user/.m2/repository/org/glassfish/hk2/external/javax.inject/2.5.0-b42/javax.inject-2.5.0-b42.jar:/home/user/.m2/repository/org/glassfish/jersey/core/jersey-common/2.27/jersey-common-2.27.jar:/home/user/.m2/repository/org/glassfish/hk2/osgi-resource-locator/1.0.1/osgi-resource-locator-1.0.1.jar:/home/user/.m2/repository/javax/ws/rs/javax.ws.rs-api/2.1/javax.ws.rs-api-2.1.jar:/home/user/.m2/repository/org/glassfish/jersey/ext/cdi/jersey-cdi1x/2.27/jersey-cdi1x-2.27.jar:/home/user/.m2/repository/org/glassfish/jersey/inject/jersey-hk2/2.27/jersey-hk2-2.27.jar:/home/user/.m2/repository/org/glassfish/hk2/hk2-locator/2.5.0-b42/hk2-locator-2.5.0-b42.jar:/home/user/.m2/repository/org/javassist/javassist/3.22.0-CR2/javassist-3.22.0-CR2.jar:/home/user/.m2/repository/org/glassfish/hk2/hk2-api/2.5.0/hk2-api-2.5.0.jar:/home/user/.m2/repository/org/glassfish/hk2/external/jakarta.inject/2.5.0/jakarta.inject-2.5.0.jar:/home/user/.m2/repository/org/glassfish/hk2/hk2-utils/2.5.0/hk2-utils-2.5.0.jar:/home/user/.m2/repository/jakarta/annotation/jakarta.annotation-api/1.3.4/jakarta.annotation-api-1.3.4.jar:/home/user/.m2/repository/org/glassfish/hk2/external/aopalliance-repackaged/2.5.0/aopalliance-repackaged-2.5.0.jar:/home/user/.m2/repository/com/fasterxml/jackson/dataformat/jackson-dataformat-xml/2.9.0/jackson-dataformat-xml-2.9.0.jar:/home/user/.m2/repository/com/fasterxml/jackson/core/jackson-core/2.9.9/jackson-core-2.9.9.jar:/home/user/.m2/repository/com/fasterxml/jackson/module/jackson-module-jaxb-annotations/2.9.9/jackson-module-jaxb-annotations-2.9.9.jar:/home/user/.m2/repository/javax/enterprise/cdi-api/1.2/cdi-api-1.2.jar:/home/user/.m2/repository/javax/el/javax.el-api/3.0.0/javax.el-api-3.0.0.jar:/home/user/.m2/repository/javax/interceptor/javax.interceptor-api/1.2/javax.interceptor-api-1.2.jar:/home/user/.m2/repository/javax/inject/javax.inject/1/javax.inject-1.jar:/home/user/.m2/repository/com/sun/xml/bind/jaxb-impl/2.3.0.1/jaxb-impl-2.3.0.1.jar:/home/user/.m2/repository/com/sun/xml/bind/jaxb-core/2.3.0.1/jaxb-core-2.3.0.1.jar:/home/user/.m2/repository/javax/xml/bind/jaxb-api/2.3.0/jaxb-api-2.3.0.jar:/home/user/.m2/repository/javax/activation/activation/1.1.1/activation-1.1.1.jar:/home/user/.m2/repository/org/apache/hadoop/hadoop-ozone-csi/0.5.0-SNAPSHOT/hadoop-ozone-csi-0.5.0-SNAPSHOT.jar:/home/user/.m2/repository/com/google/protobuf/protobuf-java-util/3.5.1/protobuf-java-util-3.5.1.jar:/home/user/.m2/repository/org/apache/hadoop/hadoop-hdds-config/0.5.0-SNAPSHOT/hadoop-hdds-config-0.5.0-SNAPSHOT.jar:/home/user/.m2/repository/io/grpc/grpc-netty/1.17.1/grpc-netty-1.17.1.jar:/home/user/.m2/repository/io/grpc/grpc-core/1.17.1/grpc-core-1.17.1.jar:/home/user/.m2/repository/io/grpc/grpc-context/1.17.1/grpc-context-1.17.1.jar:/home/user/.m2/repository/com/google/errorprone/error_prone_annotations/2.2.0/error_prone_annotations-2.2.0.jar:/home/user/.m2/repository/org/codehaus/mojo/animal-sniffer-annotations/1.17/animal-sniffer-annotations-1.17.jar:/home/user/.m2/repository/io/opencensus/opencensus-api/0.17.0/opencensus-api-0.17.0.jar:/home/user/.m2/repository/io/opencensus/opencensus-contrib-grpc-metrics/0.17.0/opencensus-contrib-grpc-metrics-0.17.0.jar:/home/user/.m2/repository/io/netty/netty-codec-http2/4.1.30.Final/netty-codec-http2-4.1.30.Final.jar:/home/user/.m2/repository/io/netty/netty-codec-http/4.1.30.Final/netty-codec-http-4.1.30.Final.jar:/home/user/.m2/repository/io/netty/netty-codec/4.1.30.Final/netty-codec-4.1.30.Final.jar:/home/user/.m2/repository/io/netty/netty-handler/4.1.30.Final/netty-handler-4.1.30.Final.jar:/home/user/.m2/repository/io/netty/netty-handler-proxy/4.1.30.Final/netty-handler-proxy-4.1.30.Final.jar:/home/user/.m2/repository/io/netty/netty-codec-socks/4.1.30.Final/netty-codec-socks-4.1.30.Final.jar:/home/user/.m2/repository/io/netty/netty-transport-native-epoll/4.1.30.Final/netty-transport-native-epoll-4.1.30.Final.jar:/home/user/.m2/repository/io/netty/netty-common/4.1.30.Final/netty-common-4.1.30.Final.jar:/home/user/.m2/repository/io/netty/netty-buffer/4.1.30.Final/netty-buffer-4.1.30.Final.jar:/home/user/.m2/repository/io/netty/netty-transport/4.1.30.Final/netty-transport-4.1.30.Final.jar:/home/user/.m2/repository/io/netty/netty-resolver/4.1.30.Final/netty-resolver-4.1.30.Final.jar:/home/user/.m2/repository/io/netty/netty-transport-native-unix-common/4.1.30.Final/netty-transport-native-unix-common-4.1.30.Final.jar:/home/user/.m2/repository/io/grpc/grpc-protobuf/1.17.1/grpc-protobuf-1.17.1.jar:/home/user/.m2/repository/com/google/api/grpc/proto-google-common-protos/1.0.0/proto-google-common-protos-1.0.0.jar:/home/user/.m2/repository/io/grpc/grpc-protobuf-lite/1.17.1/grpc-protobuf-lite-1.17.1.jar:/home/user/.m2/repository/io/grpc/grpc-stub/1.17.1/grpc-stub-1.17.1.jar:/home/user/.m2/repository/org/apache/hadoop/hadoop-ozone-recon/0.5.0-SNAPSHOT/hadoop-ozone-recon-0.5.0-SNAPSHOT.jar:/home/user/.m2/repository/org/apache/hadoop/hadoop-ozone-reconcodegen/0.5.0-SNAPSHOT/hadoop-ozone-reconcodegen-0.5.0-SNAPSHOT.jar:/home/user/.m2/repository/com/google/inject/extensions/guice-multibindings/4.0/guice-multibindings-4.0.jar:/home/user/.m2/repository/com/google/inject/guice/4.0/guice-4.0.jar:/home/user/.m2/repository/aopalliance/aopalliance/1.0/aopalliance-1.0.jar:/home/user/.m2/repository/com/google/inject/extensions/guice-servlet/4.0/guice-servlet-4.0.jar:/home/user/.m2/repository/org/glassfish/jersey/containers/jersey-container-servlet/2.27/jersey-container-servlet-2.27.jar:/home/user/.m2/repository/org/glassfish/hk2/guice-bridge/2.5.0/guice-bridge-2.5.0.jar:/home/user/.m2/repository/org/glassfish/jersey/core/jersey-server/2.27/jersey-server-2.27.jar:/home/user/.m2/repository/org/glassfish/jersey/core/jersey-client/2.27/jersey-client-2.27.jar:/home/user/.m2/repository/org/glassfish/jersey/media/jersey-media-jaxb/2.27/jersey-media-jaxb-2.27.jar:/home/user/.m2/repository/javax/validation/validation-api/1.1.0.Final/validation-api-1.1.0.Final.jar:/home/user/.m2/repository/org/glassfish/jersey/media/jersey-media-json-jackson/2.27/jersey-media-json-jackson-2.27.jar:/home/user/.m2/repository/org/glassfish/jersey/ext/jersey-entity-filtering/2.27/jersey-entity-filtering-2.27.jar:/home/user/.m2/repository/com/google/inject/extensions/guice-assistedinject/4.0/guice-assistedinject-4.0.jar:/home/user/.m2/repository/org/jooq/jooq/3.11.10/jooq-3.11.10.jar:/home/user/.m2/repository/org/jooq/jooq-meta/3.11.10/jooq-meta-3.11.10.jar:/home/user/.m2/repository/org/jooq/jooq-codegen/3.11.10/jooq-codegen-3.11.10.jar:/home/user/.m2/repository/com/jolbox/bonecp/0.8.0.RELEASE/bonecp-0.8.0.RELEASE.jar:/home/user/.m2/repository/org/xerial/sqlite-jdbc/3.25.2/sqlite-jdbc-3.25.2.jar:/home/user/.m2/repository/org/springframework/spring-jdbc/5.1.3.RELEASE/spring-jdbc-5.1.3.RELEASE.jar:/home/user/.m2/repository/org/springframework/spring-beans/5.1.3.RELEASE/spring-beans-5.1.3.RELEASE.jar:/home/user/.m2/repository/org/springframework/spring-core/5.1.3.RELEASE/spring-core-5.1.3.RELEASE.jar:/home/user/.m2/repository/org/springframework/spring-jcl/5.1.3.RELEASE/spring-jcl-5.1.3.RELEASE.jar:/home/user/.m2/repository/org/springframework/spring-tx/5.1.3.RELEASE/spring-tx-5.1.3.RELEASE.jar:/home/user/.m2/repository/org/apache/hadoop/hadoop-ozone-client/0.5.0-SNAPSHOT/hadoop-ozone-client-0.5.0-SNAPSHOT.jar:/home/user/.m2/repository/commons-lang/commons-lang/2.6/commons-lang-2.6.jar:/home/user/.m2/repository/org/apache/hadoop/hadoop-ozone-ozone-manager/0.5.0-SNAPSHOT/hadoop-ozone-ozone-manager-0.5.0-SNAPSHOT-tests.jar:/home/user/.m2/repository/junit/junit/4.11/junit-4.11.jar:/home/user/.m2/repository/org/hamcrest/hamcrest-core/1.3/hamcrest-core-1.3.jar:/home/user/.m2/repository/org/openjdk/jmh/jmh-core/1.19/jmh-core-1.19.jar:/home/user/.m2/repository/net/sf/jopt-simple/jopt-simple/4.6/jopt-simple-4.6.jar:/home/user/.m2/repository/org/apache/commons/commons-math3/3.1.1/commons-math3-3.1.1.jar:/home/user/.m2/repository/org/openjdk/jmh/jmh-generator-annprocess/1.19/jmh-generator-annprocess-1.19.jar:/home/user/.m2/repository/org/mockito/mockito-all/1.8.5/mockito-all-1.8.5.jar:/home/user/.m2/repository/org/apache/hadoop/hadoop-kms/3.2.0/hadoop-kms-3.2.0.jar:/home/user/.m2/repository/org/apache/hadoop/hadoop-auth/3.2.0/hadoop-auth-3.2.0.jar:/home/user/.m2/repository/com/nimbusds/nimbus-jose-jwt/4.41.1/nimbus-jose-jwt-4.41.1.jar:/home/user/.m2/repository/com/github/stephenc/jcip/jcip-annotations/1.0-1/jcip-annotations-1.0-1.jar:/home/user/.m2/repository/net/minidev/json-smart/2.3/json-smart-2.3.jar:/home/user/.m2/repository/net/minidev/accessors-smart/1.2/accessors-smart-1.2.jar:/home/user/.m2/repository/org/ow2/asm/asm/5.0.4/asm-5.0.4.jar:/home/user/.m2/repository/org/apache/curator/curator-framework/2.12.0/curator-framework-2.12.0.jar:/home/user/.m2/repository/com/sun/jersey/jersey-core/1.19/jersey-core-1.19.jar:/home/user/.m2/repository/javax/ws/rs/jsr311-api/1.1.1/jsr311-api-1.1.1.jar:/home/user/.m2/repository/com/sun/jersey/jersey-server/1.19/jersey-server-1.19.jar:/home/user/.m2/repository/javax/servlet/javax.servlet-api/3.1.0/javax.servlet-api-3.1.0.jar:/home/user/.m2/repository/org/eclipse/jetty/jetty-server/9.3.25.v20180904/jetty-server-9.3.25.v20180904.jar:/home/user/.m2/repository/org/eclipse/jetty/jetty-http/9.3.25.v20180904/jetty-http-9.3.25.v20180904.jar:/home/user/.m2/repository/org/eclipse/jetty/jetty-io/9.3.25.v20180904/jetty-io-9.3.25.v20180904.jar:/home/user/.m2/repository/org/eclipse/jetty/jetty-webapp/9.3.25.v20180904/jetty-webapp-9.3.25.v20180904.jar:/home/user/.m2/repository/org/eclipse/jetty/jetty-xml/9.3.25.v20180904/jetty-xml-9.3.25.v20180904.jar:/home/user/.m2/repository/log4j/log4j/1.2.17/log4j-1.2.17.jar:/home/user/.m2/repository/org/slf4j/slf4j-api/1.7.25/slf4j-api-1.7.25.jar:/home/user/.m2/repository/org/slf4j/jul-to-slf4j/1.7.25/jul-to-slf4j-1.7.25.jar:/home/user/.m2/repository/org/eclipse/jetty/jetty-util/9.3.25.v20180904/jetty-util-9.3.25.v20180904.jar:/home/user/.m2/repository/com/fasterxml/jackson/core/jackson-databind/2.9.9/jackson-databind-2.9.9.jar:/home/user/.m2/repository/org/apache/hadoop/hadoop-kms/3.2.0/hadoop-kms-3.2.0-tests.jar:/home/user/.m2/repository/org/apache/hadoop/hadoop-hdds-server-scm/0.5.0-SNAPSHOT/hadoop-hdds-server-scm-0.5.0-SNAPSHOT-tests.jar:/home/user/.m2/repository/org/apache/hadoop/hadoop-hdds-container-service/0.5.0-SNAPSHOT/hadoop-hdds-container-service-0.5.0-SNAPSHOT-tests.jar:/home/user/.m2/repository/org/yaml/snakeyaml/1.16/snakeyaml-1.16.jar:/home/user/.m2/repository/org/apache/hadoop/hadoop-common/3.2.0/hadoop-common-3.2.0-tests.jar:/home/user/.m2/repository/org/apache/hadoop/hadoop-annotations/3.2.0/hadoop-annotations-3.2.0.jar:/usr/lib/jvm/java-1.8-openjdk/jre/../lib/tools.jar:/home/user/.m2/repository/commons-cli/commons-cli/1.2/commons-cli-1.2.jar:/home/user/.m2/repository/org/apache/httpcomponents/httpclient/4.5.2/httpclient-4.5.2.jar:/home/user/.m2/repository/org/apache/httpcomponents/httpcore/4.4.4/httpcore-4.4.4.jar:/home/user/.m2/repository/commons-codec/commons-codec/1.11/commons-codec-1.11.jar:/home/user/.m2/repository/commons-net/commons-net/3.6/commons-net-3.6.jar:/home/user/.m2/repository/commons-collections/commons-collections/3.2.2/commons-collections-3.2.2.jar:/home/user/.m2/repository/org/eclipse/jetty/jetty-servlet/9.3.25.v20180904/jetty-servlet-9.3.25.v20180904.jar:/home/user/.m2/repository/org/eclipse/jetty/jetty-security/9.3.25.v20180904/jetty-security-9.3.25.v20180904.jar:/home/user/.m2/repository/javax/servlet/jsp/jsp-api/2.1/jsp-api-2.1.jar:/home/user/.m2/repository/com/sun/jersey/jersey-servlet/1.19/jersey-servlet-1.19.jar:/home/user/.m2/repository/com/sun/jersey/jersey-json/1.19/jersey-json-1.19.jar:/home/user/.m2/repository/org/codehaus/jettison/jettison/1.1/jettison-1.1.jar:/home/user/.m2/repository/org/codehaus/jackson/jackson-core-asl/1.9.13/jackson-core-asl-1.9.13.jar:/home/user/.m2/repository/org/codehaus/jackson/jackson-mapper-asl/1.9.13/jackson-mapper-asl-1.9.13.jar:/home/user/.m2/repository/org/codehaus/jackson/jackson-jaxrs/1.9.13/jackson-jaxrs-1.9.13.jar:/home/user/.m2/repository/org/codehaus/jackson/jackson-xc/1.9.13/jackson-xc-1.9.13.jar:/home/user/.m2/repository/commons-logging/commons-logging/1.1.3/commons-logging-1.1.3.jar:/home/user/.m2/repository/commons-beanutils/commons-beanutils/1.9.4/commons-beanutils-1.9.4.jar:/home/user/.m2/repository/org/apache/commons/commons-configuration2/2.1.1/commons-configuration2-2.1.1.jar:/home/user/.m2/repository/org/apache/commons/commons-lang3/3.7/commons-lang3-3.7.jar:/home/user/.m2/repository/org/apache/commons/commons-text/1.4/commons-text-1.4.jar:/home/user/.m2/repository/org/apache/avro/avro/1.7.7/avro-1.7.7.jar:/home/user/.m2/repository/com/thoughtworks/paranamer/paranamer/2.3/paranamer-2.3.jar:/home/user/.m2/repository/org/xerial/snappy/snappy-java/1.0.5/snappy-java-1.0.5.jar:/home/user/.m2/repository/com/google/re2j/re2j/1.1/re2j-1.1.jar:/home/user/.m2/repository/com/google/code/gson/gson/2.2.4/gson-2.2.4.jar:/home/user/.m2/repository/com/jcraft/jsch/0.1.54/jsch-0.1.54.jar:/home/user/.m2/repository/org/apache/curator/curator-client/2.12.0/curator-client-2.12.0.jar:/home/user/.m2/repository/org/apache/curator/curator-recipes/2.12.0/curator-recipes-2.12.0.jar:/home/user/.m2/repository/com/google/code/findbugs/jsr305/3.0.0/jsr305-3.0.0.jar:/home/user/.m2/repository/org/apache/htrace/htrace-core4/4.1.0-incubating/htrace-core4-4.1.0-incubating.jar:/home/user/.m2/repository/org/apache/zookeeper/zookeeper/3.4.13/zookeeper-3.4.13.jar:/home/user/.m2/repository/jline/jline/0.9.94/jline-0.9.94.jar:/home/user/.m2/repository/org/apache/yetus/audience-annotations/0.5.0/audience-annotations-0.5.0.jar:/home/user/.m2/repository/org/codehaus/woodstox/stax2-api/3.1.4/stax2-api-3.1.4.jar:/home/user/.m2/repository/com/fasterxml/woodstox/woodstox-core/5.0.3/woodstox-core-5.0.3.jar:/home/user/.m2/repository/dnsjava/dnsjava/2.1.7/dnsjava-2.1.7.jar:/home/user/.m2/repository/org/apache/hadoop/hadoop-hdfs/3.2.0/hadoop-hdfs-3.2.0-tests.jar:/home/user/.m2/repository/org/eclipse/jetty/jetty-util-ajax/9.3.25.v20180904/jetty-util-ajax-9.3.25.v20180904.jar:/home/user/.m2/repository/commons-daemon/commons-daemon/1.0.13/commons-daemon-1.0.13.jar:/home/user/.m2/repository/io/netty/netty/3.10.5.Final/netty-3.10.5.Final.jar:/home/user/.m2/repository/io/netty/netty-all/4.0.52.Final/netty-all-4.0.52.Final.jar:/home/user/.m2/repository/org/fusesource/leveldbjni/leveldbjni-all/1.8/leveldbjni-all-1.8.jar:"/>
    <property name="java.vm.vendor" value="IcedTea"/>
    <property name="sun.arch.data.model" value="64"/>
    <property name="test.build.dir" value="/workdir/hadoop-ozone/integration-test/target/test-dir"/>
    <property name="test.cache.data" value=""/>
    <property name="java.vendor.url" value="https://icedtea.classpath.org"/>
    <property name="user.timezone" value=""/>
    <property name="java.vm.specification.version" value="1.8"/>
    <property name="os.name" value="Linux"/>
    <property name="test.build.data" value="/workdir/hadoop-ozone/integration-test/target/test-dir"/>
    <property name="user.country" value="US"/>
    <property name="sun.java.launcher" value="SUN_STANDARD"/>
    <property name="sun.boot.library.path" value="/usr/lib/jvm/java-1.8-openjdk/jre/lib/amd64"/>
    <property name="sun.java.command" value="/workdir/hadoop-ozone/integration-test/target/surefire/surefirebooter5983495925289227883.jar /workdir/hadoop-ozone/integration-test/target/surefire 2019-09-20T00-11-37_468-jvmRun1 surefire5926396291612480970tmp surefire_718151304978495525520tmp"/>
    <property name="test" value="!TestMiniChaosOzoneCluster"/>
    <property name="surefire.test.class.path" value="/workdir/hadoop-ozone/integration-test/target/test-classes:/workdir/hadoop-ozone/integration-test/target/classes:/home/user/.m2/repository/org/apache/hadoop/hadoop-ozone-common/0.5.0-SNAPSHOT/hadoop-ozone-common-0.5.0-SNAPSHOT.jar:/home/user/.m2/repository/org/apache/commons/commons-compress/1.4.1/commons-compress-1.4.1.jar:/home/user/.m2/repository/org/tukaani/xz/1.0/xz-1.0.jar:/home/user/.m2/repository/org/apache/hadoop/hadoop-common/3.2.0/hadoop-common-3.2.0.jar:/home/user/.m2/repository/org/apache/hadoop/hadoop-hdfs/3.2.0/hadoop-hdfs-3.2.0.jar:/home/user/.m2/repository/org/apache/hadoop/hadoop-hdfs-client/3.2.0/hadoop-hdfs-client-3.2.0.jar:/home/user/.m2/repository/com/fasterxml/jackson/core/jackson-annotations/2.9.9/jackson-annotations-2.9.9.jar:/home/user/.m2/repository/org/apache/hadoop/hadoop-hdds-common/0.5.0-SNAPSHOT/hadoop-hdds-common-0.5.0-SNAPSHOT.jar:/home/user/.m2/repository/javax/annotation/javax.annotation-api/1.2/javax.annotation-api-1.2.jar:/home/user/.m2/repository/org/apache/ratis/ratis-server/0.4.0-78e95b9-SNAPSHOT/ratis-server-0.4.0-78e95b9-SNAPSHOT.jar:/home/user/.m2/repository/org/apache/ratis/ratis-thirdparty-misc/0.2.0/ratis-thirdparty-misc-0.2.0.jar:/home/user/.m2/repository/org/apache/ratis/ratis-proto/0.4.0-78e95b9-SNAPSHOT/ratis-proto-0.4.0-78e95b9-SNAPSHOT.jar:/home/user/.m2/repository/org/apache/ratis/ratis-common/0.4.0-78e95b9-SNAPSHOT/ratis-common-0.4.0-78e95b9-SNAPSHOT.jar:/home/user/.m2/repository/org/apache/ratis/ratis-client/0.4.0-78e95b9-SNAPSHOT/ratis-client-0.4.0-78e95b9-SNAPSHOT.jar:/home/user/.m2/repository/org/apache/ratis/ratis-metrics/0.4.0-78e95b9-SNAPSHOT/ratis-metrics-0.4.0-78e95b9-SNAPSHOT.jar:/home/user/.m2/repository/com/github/joshelser/dropwizard-metrics-hadoop-metrics2-reporter/0.1.2/dropwizard-metrics-hadoop-metrics2-reporter-0.1.2.jar:/home/user/.m2/repository/io/dropwizard/metrics/metrics-jvm/3.2.5/metrics-jvm-3.2.5.jar:/home/user/.m2/repository/io/dropwizard/metrics/metrics-ganglia/3.2.5/metrics-ganglia-3.2.5.jar:/home/user/.m2/repository/info/ganglia/gmetric4j/gmetric4j/1.0.7/gmetric4j-1.0.7.jar:/home/user/.m2/repository/org/apache/ratis/ratis-netty/0.4.0-78e95b9-SNAPSHOT/ratis-netty-0.4.0-78e95b9-SNAPSHOT.jar:/home/user/.m2/repository/org/apache/ratis/ratis-grpc/0.4.0-78e95b9-SNAPSHOT/ratis-grpc-0.4.0-78e95b9-SNAPSHOT.jar:/home/user/.m2/repository/org/rocksdb/rocksdbjni/6.0.1/rocksdbjni-6.0.1.jar:/home/user/.m2/repository/org/apache/logging/log4j/log4j-api/2.11.0/log4j-api-2.11.0.jar:/home/user/.m2/repository/org/apache/logging/log4j/log4j-core/2.11.0/log4j-core-2.11.0.jar:/home/user/.m2/repository/com/lmax/disruptor/3.4.2/disruptor-3.4.2.jar:/home/user/.m2/repository/org/apache/commons/commons-pool2/2.6.0/commons-pool2-2.6.0.jar:/home/user/.m2/repository/org/bouncycastle/bcpkix-jdk15on/1.60/bcpkix-jdk15on-1.60.jar:/home/user/.m2/repository/commons-validator/commons-validator/1.6/commons-validator-1.6.jar:/home/user/.m2/repository/commons-digester/commons-digester/1.8.1/commons-digester-1.8.1.jar:/home/user/.m2/repository/io/jaegertracing/jaeger-client/0.34.0/jaeger-client-0.34.0.jar:/home/user/.m2/repository/io/jaegertracing/jaeger-thrift/0.34.0/jaeger-thrift-0.34.0.jar:/home/user/.m2/repository/org/apache/thrift/libthrift/0.12.0/libthrift-0.12.0.jar:/home/user/.m2/repository/com/squareup/okhttp3/okhttp/3.9.0/okhttp-3.9.0.jar:/home/user/.m2/repository/com/squareup/okio/okio/1.13.0/okio-1.13.0.jar:/home/user/.m2/repository/io/jaegertracing/jaeger-core/0.34.0/jaeger-core-0.34.0.jar:/home/user/.m2/repository/io/jaegertracing/jaeger-tracerresolver/0.34.0/jaeger-tracerresolver-0.34.0.jar:/home/user/.m2/repository/io/opentracing/contrib/opentracing-tracerresolver/0.1.5/opentracing-tracerresolver-0.1.5.jar:/home/user/.m2/repository/io/opentracing/opentracing-util/0.31.0/opentracing-util-0.31.0.jar:/home/user/.m2/repository/io/opentracing/opentracing-api/0.31.0/opentracing-api-0.31.0.jar:/home/user/.m2/repository/io/opentracing/opentracing-noop/0.31.0/opentracing-noop-0.31.0.jar:/home/user/.m2/repository/org/apache/hadoop/hadoop-hdds-server-framework/0.5.0-SNAPSHOT/hadoop-hdds-server-framework-0.5.0-SNAPSHOT.jar:/home/user/.m2/repository/org/apache/hadoop/hadoop-hdds-container-service/0.5.0-SNAPSHOT/hadoop-hdds-container-service-0.5.0-SNAPSHOT.jar:/home/user/.m2/repository/org/apache/hadoop/hadoop-hdds-client/0.5.0-SNAPSHOT/hadoop-hdds-client-0.5.0-SNAPSHOT.jar:/home/user/.m2/repository/org/apache/hadoop/hadoop-hdds-tools/0.5.0-SNAPSHOT/hadoop-hdds-tools-0.5.0-SNAPSHOT.jar:/home/user/.m2/repository/org/apache/hadoop/hadoop-hdds-server-scm/0.5.0-SNAPSHOT/hadoop-hdds-server-scm-0.5.0-SNAPSHOT.jar:/home/user/.m2/repository/org/apache/hadoop/hadoop-hdds-docs/0.5.0-SNAPSHOT/hadoop-hdds-docs-0.5.0-SNAPSHOT.jar:/home/user/.m2/repository/io/dropwizard/metrics/metrics-core/3.2.4/metrics-core-3.2.4.jar:/home/user/.m2/repository/org/hamcrest/hamcrest-all/1.3/hamcrest-all-1.3.jar:/home/user/.m2/repository/org/bouncycastle/bcprov-jdk15on/1.60/bcprov-jdk15on-1.60.jar:/home/user/.m2/repository/info/picocli/picocli/3.9.6/picocli-3.9.6.jar:/home/user/.m2/repository/com/google/protobuf/protobuf-java/2.5.0/protobuf-java-2.5.0.jar:/home/user/.m2/repository/com/google/guava/guava/11.0.2/guava-11.0.2.jar:/home/user/.m2/repository/org/apache/hadoop/hadoop-ozone-ozone-manager/0.5.0-SNAPSHOT/hadoop-ozone-ozone-manager-0.5.0-SNAPSHOT.jar:/home/user/.m2/repository/org/apache/hadoop/hadoop-minikdc/3.2.0/hadoop-minikdc-3.2.0.jar:/home/user/.m2/repository/commons-io/commons-io/2.5/commons-io-2.5.jar:/home/user/.m2/repository/org/apache/kerby/kerb-simplekdc/1.0.1/kerb-simplekdc-1.0.1.jar:/home/user/.m2/repository/org/apache/kerby/kerb-client/1.0.1/kerb-client-1.0.1.jar:/home/user/.m2/repository/org/apache/kerby/kerby-config/1.0.1/kerby-config-1.0.1.jar:/home/user/.m2/repository/org/apache/kerby/kerb-core/1.0.1/kerb-core-1.0.1.jar:/home/user/.m2/repository/org/apache/kerby/kerby-pkix/1.0.1/kerby-pkix-1.0.1.jar:/home/user/.m2/repository/org/apache/kerby/kerby-asn1/1.0.1/kerby-asn1-1.0.1.jar:/home/user/.m2/repository/org/apache/kerby/kerby-util/1.0.1/kerby-util-1.0.1.jar:/home/user/.m2/repository/org/apache/kerby/kerb-common/1.0.1/kerb-common-1.0.1.jar:/home/user/.m2/repository/org/apache/kerby/kerb-crypto/1.0.1/kerb-crypto-1.0.1.jar:/home/user/.m2/repository/org/apache/kerby/kerb-util/1.0.1/kerb-util-1.0.1.jar:/home/user/.m2/repository/org/apache/kerby/token-provider/1.0.1/token-provider-1.0.1.jar:/home/user/.m2/repository/org/apache/kerby/kerb-admin/1.0.1/kerb-admin-1.0.1.jar:/home/user/.m2/repository/org/apache/kerby/kerb-server/1.0.1/kerb-server-1.0.1.jar:/home/user/.m2/repository/org/apache/kerby/kerb-identity/1.0.1/kerb-identity-1.0.1.jar:/home/user/.m2/repository/org/apache/kerby/kerby-xdr/1.0.1/kerby-xdr-1.0.1.jar:/home/user/.m2/repository/org/slf4j/slf4j-log4j12/1.7.25/slf4j-log4j12-1.7.25.jar:/home/user/.m2/repository/org/apache/hadoop/hadoop-ozone-s3gateway/0.5.0-SNAPSHOT/hadoop-ozone-s3gateway-0.5.0-SNAPSHOT.jar:/home/user/.m2/repository/org/jboss/weld/servlet/weld-servlet/2.4.7.Final/weld-servlet-2.4.7.Final.jar:/home/user/.m2/repository/org/glassfish/jersey/containers/jersey-container-servlet-core/2.27/jersey-container-servlet-core-2.27.jar:/home/user/.m2/repository/org/glassfish/hk2/external/javax.inject/2.5.0-b42/javax.inject-2.5.0-b42.jar:/home/user/.m2/repository/org/glassfish/jersey/core/jersey-common/2.27/jersey-common-2.27.jar:/home/user/.m2/repository/org/glassfish/hk2/osgi-resource-locator/1.0.1/osgi-resource-locator-1.0.1.jar:/home/user/.m2/repository/javax/ws/rs/javax.ws.rs-api/2.1/javax.ws.rs-api-2.1.jar:/home/user/.m2/repository/org/glassfish/jersey/ext/cdi/jersey-cdi1x/2.27/jersey-cdi1x-2.27.jar:/home/user/.m2/repository/org/glassfish/jersey/inject/jersey-hk2/2.27/jersey-hk2-2.27.jar:/home/user/.m2/repository/org/glassfish/hk2/hk2-locator/2.5.0-b42/hk2-locator-2.5.0-b42.jar:/home/user/.m2/repository/org/javassist/javassist/3.22.0-CR2/javassist-3.22.0-CR2.jar:/home/user/.m2/repository/org/glassfish/hk2/hk2-api/2.5.0/hk2-api-2.5.0.jar:/home/user/.m2/repository/org/glassfish/hk2/external/jakarta.inject/2.5.0/jakarta.inject-2.5.0.jar:/home/user/.m2/repository/org/glassfish/hk2/hk2-utils/2.5.0/hk2-utils-2.5.0.jar:/home/user/.m2/repository/jakarta/annotation/jakarta.annotation-api/1.3.4/jakarta.annotation-api-1.3.4.jar:/home/user/.m2/repository/org/glassfish/hk2/external/aopalliance-repackaged/2.5.0/aopalliance-repackaged-2.5.0.jar:/home/user/.m2/repository/com/fasterxml/jackson/dataformat/jackson-dataformat-xml/2.9.0/jackson-dataformat-xml-2.9.0.jar:/home/user/.m2/repository/com/fasterxml/jackson/core/jackson-core/2.9.9/jackson-core-2.9.9.jar:/home/user/.m2/repository/com/fasterxml/jackson/module/jackson-module-jaxb-annotations/2.9.9/jackson-module-jaxb-annotations-2.9.9.jar:/home/user/.m2/repository/javax/enterprise/cdi-api/1.2/cdi-api-1.2.jar:/home/user/.m2/repository/javax/el/javax.el-api/3.0.0/javax.el-api-3.0.0.jar:/home/user/.m2/repository/javax/interceptor/javax.interceptor-api/1.2/javax.interceptor-api-1.2.jar:/home/user/.m2/repository/javax/inject/javax.inject/1/javax.inject-1.jar:/home/user/.m2/repository/com/sun/xml/bind/jaxb-impl/2.3.0.1/jaxb-impl-2.3.0.1.jar:/home/user/.m2/repository/com/sun/xml/bind/jaxb-core/2.3.0.1/jaxb-core-2.3.0.1.jar:/home/user/.m2/repository/javax/xml/bind/jaxb-api/2.3.0/jaxb-api-2.3.0.jar:/home/user/.m2/repository/javax/activation/activation/1.1.1/activation-1.1.1.jar:/home/user/.m2/repository/org/apache/hadoop/hadoop-ozone-csi/0.5.0-SNAPSHOT/hadoop-ozone-csi-0.5.0-SNAPSHOT.jar:/home/user/.m2/repository/com/google/protobuf/protobuf-java-util/3.5.1/protobuf-java-util-3.5.1.jar:/home/user/.m2/repository/org/apache/hadoop/hadoop-hdds-config/0.5.0-SNAPSHOT/hadoop-hdds-config-0.5.0-SNAPSHOT.jar:/home/user/.m2/repository/io/grpc/grpc-netty/1.17.1/grpc-netty-1.17.1.jar:/home/user/.m2/repository/io/grpc/grpc-core/1.17.1/grpc-core-1.17.1.jar:/home/user/.m2/repository/io/grpc/grpc-context/1.17.1/grpc-context-1.17.1.jar:/home/user/.m2/repository/com/google/errorprone/error_prone_annotations/2.2.0/error_prone_annotations-2.2.0.jar:/home/user/.m2/repository/org/codehaus/mojo/animal-sniffer-annotations/1.17/animal-sniffer-annotations-1.17.jar:/home/user/.m2/repository/io/opencensus/opencensus-api/0.17.0/opencensus-api-0.17.0.jar:/home/user/.m2/repository/io/opencensus/opencensus-contrib-grpc-metrics/0.17.0/opencensus-contrib-grpc-metrics-0.17.0.jar:/home/user/.m2/repository/io/netty/netty-codec-http2/4.1.30.Final/netty-codec-http2-4.1.30.Final.jar:/home/user/.m2/repository/io/netty/netty-codec-http/4.1.30.Final/netty-codec-http-4.1.30.Final.jar:/home/user/.m2/repository/io/netty/netty-codec/4.1.30.Final/netty-codec-4.1.30.Final.jar:/home/user/.m2/repository/io/netty/netty-handler/4.1.30.Final/netty-handler-4.1.30.Final.jar:/home/user/.m2/repository/io/netty/netty-handler-proxy/4.1.30.Final/netty-handler-proxy-4.1.30.Final.jar:/home/user/.m2/repository/io/netty/netty-codec-socks/4.1.30.Final/netty-codec-socks-4.1.30.Final.jar:/home/user/.m2/repository/io/netty/netty-transport-native-epoll/4.1.30.Final/netty-transport-native-epoll-4.1.30.Final.jar:/home/user/.m2/repository/io/netty/netty-common/4.1.30.Final/netty-common-4.1.30.Final.jar:/home/user/.m2/repository/io/netty/netty-buffer/4.1.30.Final/netty-buffer-4.1.30.Final.jar:/home/user/.m2/repository/io/netty/netty-transport/4.1.30.Final/netty-transport-4.1.30.Final.jar:/home/user/.m2/repository/io/netty/netty-resolver/4.1.30.Final/netty-resolver-4.1.30.Final.jar:/home/user/.m2/repository/io/netty/netty-transport-native-unix-common/4.1.30.Final/netty-transport-native-unix-common-4.1.30.Final.jar:/home/user/.m2/repository/io/grpc/grpc-protobuf/1.17.1/grpc-protobuf-1.17.1.jar:/home/user/.m2/repository/com/google/api/grpc/proto-google-common-protos/1.0.0/proto-google-common-protos-1.0.0.jar:/home/user/.m2/repository/io/grpc/grpc-protobuf-lite/1.17.1/grpc-protobuf-lite-1.17.1.jar:/home/user/.m2/repository/io/grpc/grpc-stub/1.17.1/grpc-stub-1.17.1.jar:/home/user/.m2/repository/org/apache/hadoop/hadoop-ozone-recon/0.5.0-SNAPSHOT/hadoop-ozone-recon-0.5.0-SNAPSHOT.jar:/home/user/.m2/repository/org/apache/hadoop/hadoop-ozone-reconcodegen/0.5.0-SNAPSHOT/hadoop-ozone-reconcodegen-0.5.0-SNAPSHOT.jar:/home/user/.m2/repository/com/google/inject/extensions/guice-multibindings/4.0/guice-multibindings-4.0.jar:/home/user/.m2/repository/com/google/inject/guice/4.0/guice-4.0.jar:/home/user/.m2/repository/aopalliance/aopalliance/1.0/aopalliance-1.0.jar:/home/user/.m2/repository/com/google/inject/extensions/guice-servlet/4.0/guice-servlet-4.0.jar:/home/user/.m2/repository/org/glassfish/jersey/containers/jersey-container-servlet/2.27/jersey-container-servlet-2.27.jar:/home/user/.m2/repository/org/glassfish/hk2/guice-bridge/2.5.0/guice-bridge-2.5.0.jar:/home/user/.m2/repository/org/glassfish/jersey/core/jersey-server/2.27/jersey-server-2.27.jar:/home/user/.m2/repository/org/glassfish/jersey/core/jersey-client/2.27/jersey-client-2.27.jar:/home/user/.m2/repository/org/glassfish/jersey/media/jersey-media-jaxb/2.27/jersey-media-jaxb-2.27.jar:/home/user/.m2/repository/javax/validation/validation-api/1.1.0.Final/validation-api-1.1.0.Final.jar:/home/user/.m2/repository/org/glassfish/jersey/media/jersey-media-json-jackson/2.27/jersey-media-json-jackson-2.27.jar:/home/user/.m2/repository/org/glassfish/jersey/ext/jersey-entity-filtering/2.27/jersey-entity-filtering-2.27.jar:/home/user/.m2/repository/com/google/inject/extensions/guice-assistedinject/4.0/guice-assistedinject-4.0.jar:/home/user/.m2/repository/org/jooq/jooq/3.11.10/jooq-3.11.10.jar:/home/user/.m2/repository/org/jooq/jooq-meta/3.11.10/jooq-meta-3.11.10.jar:/home/user/.m2/repository/org/jooq/jooq-codegen/3.11.10/jooq-codegen-3.11.10.jar:/home/user/.m2/repository/com/jolbox/bonecp/0.8.0.RELEASE/bonecp-0.8.0.RELEASE.jar:/home/user/.m2/repository/org/xerial/sqlite-jdbc/3.25.2/sqlite-jdbc-3.25.2.jar:/home/user/.m2/repository/org/springframework/spring-jdbc/5.1.3.RELEASE/spring-jdbc-5.1.3.RELEASE.jar:/home/user/.m2/repository/org/springframework/spring-beans/5.1.3.RELEASE/spring-beans-5.1.3.RELEASE.jar:/home/user/.m2/repository/org/springframework/spring-core/5.1.3.RELEASE/spring-core-5.1.3.RELEASE.jar:/home/user/.m2/repository/org/springframework/spring-jcl/5.1.3.RELEASE/spring-jcl-5.1.3.RELEASE.jar:/home/user/.m2/repository/org/springframework/spring-tx/5.1.3.RELEASE/spring-tx-5.1.3.RELEASE.jar:/home/user/.m2/repository/org/apache/hadoop/hadoop-ozone-client/0.5.0-SNAPSHOT/hadoop-ozone-client-0.5.0-SNAPSHOT.jar:/home/user/.m2/repository/commons-lang/commons-lang/2.6/commons-lang-2.6.jar:/home/user/.m2/repository/org/apache/hadoop/hadoop-ozone-ozone-manager/0.5.0-SNAPSHOT/hadoop-ozone-ozone-manager-0.5.0-SNAPSHOT-tests.jar:/home/user/.m2/repository/junit/junit/4.11/junit-4.11.jar:/home/user/.m2/repository/org/hamcrest/hamcrest-core/1.3/hamcrest-core-1.3.jar:/home/user/.m2/repository/org/openjdk/jmh/jmh-core/1.19/jmh-core-1.19.jar:/home/user/.m2/repository/net/sf/jopt-simple/jopt-simple/4.6/jopt-simple-4.6.jar:/home/user/.m2/repository/org/apache/commons/commons-math3/3.1.1/commons-math3-3.1.1.jar:/home/user/.m2/repository/org/openjdk/jmh/jmh-generator-annprocess/1.19/jmh-generator-annprocess-1.19.jar:/home/user/.m2/repository/org/mockito/mockito-all/1.8.5/mockito-all-1.8.5.jar:/home/user/.m2/repository/org/apache/hadoop/hadoop-kms/3.2.0/hadoop-kms-3.2.0.jar:/home/user/.m2/repository/org/apache/hadoop/hadoop-auth/3.2.0/hadoop-auth-3.2.0.jar:/home/user/.m2/repository/com/nimbusds/nimbus-jose-jwt/4.41.1/nimbus-jose-jwt-4.41.1.jar:/home/user/.m2/repository/com/github/stephenc/jcip/jcip-annotations/1.0-1/jcip-annotations-1.0-1.jar:/home/user/.m2/repository/net/minidev/json-smart/2.3/json-smart-2.3.jar:/home/user/.m2/repository/net/minidev/accessors-smart/1.2/accessors-smart-1.2.jar:/home/user/.m2/repository/org/ow2/asm/asm/5.0.4/asm-5.0.4.jar:/home/user/.m2/repository/org/apache/curator/curator-framework/2.12.0/curator-framework-2.12.0.jar:/home/user/.m2/repository/com/sun/jersey/jersey-core/1.19/jersey-core-1.19.jar:/home/user/.m2/repository/javax/ws/rs/jsr311-api/1.1.1/jsr311-api-1.1.1.jar:/home/user/.m2/repository/com/sun/jersey/jersey-server/1.19/jersey-server-1.19.jar:/home/user/.m2/repository/javax/servlet/javax.servlet-api/3.1.0/javax.servlet-api-3.1.0.jar:/home/user/.m2/repository/org/eclipse/jetty/jetty-server/9.3.25.v20180904/jetty-server-9.3.25.v20180904.jar:/home/user/.m2/repository/org/eclipse/jetty/jetty-http/9.3.25.v20180904/jetty-http-9.3.25.v20180904.jar:/home/user/.m2/repository/org/eclipse/jetty/jetty-io/9.3.25.v20180904/jetty-io-9.3.25.v20180904.jar:/home/user/.m2/repository/org/eclipse/jetty/jetty-webapp/9.3.25.v20180904/jetty-webapp-9.3.25.v20180904.jar:/home/user/.m2/repository/org/eclipse/jetty/jetty-xml/9.3.25.v20180904/jetty-xml-9.3.25.v20180904.jar:/home/user/.m2/repository/log4j/log4j/1.2.17/log4j-1.2.17.jar:/home/user/.m2/repository/org/slf4j/slf4j-api/1.7.25/slf4j-api-1.7.25.jar:/home/user/.m2/repository/org/slf4j/jul-to-slf4j/1.7.25/jul-to-slf4j-1.7.25.jar:/home/user/.m2/repository/org/eclipse/jetty/jetty-util/9.3.25.v20180904/jetty-util-9.3.25.v20180904.jar:/home/user/.m2/repository/com/fasterxml/jackson/core/jackson-databind/2.9.9/jackson-databind-2.9.9.jar:/home/user/.m2/repository/org/apache/hadoop/hadoop-kms/3.2.0/hadoop-kms-3.2.0-tests.jar:/home/user/.m2/repository/org/apache/hadoop/hadoop-hdds-server-scm/0.5.0-SNAPSHOT/hadoop-hdds-server-scm-0.5.0-SNAPSHOT-tests.jar:/home/user/.m2/repository/org/apache/hadoop/hadoop-hdds-container-service/0.5.0-SNAPSHOT/hadoop-hdds-container-service-0.5.0-SNAPSHOT-tests.jar:/home/user/.m2/repository/org/yaml/snakeyaml/1.16/snakeyaml-1.16.jar:/home/user/.m2/repository/org/apache/hadoop/hadoop-common/3.2.0/hadoop-common-3.2.0-tests.jar:/home/user/.m2/repository/org/apache/hadoop/hadoop-annotations/3.2.0/hadoop-annotations-3.2.0.jar:/usr/lib/jvm/java-1.8-openjdk/jre/../lib/tools.jar:/home/user/.m2/repository/commons-cli/commons-cli/1.2/commons-cli-1.2.jar:/home/user/.m2/repository/org/apache/httpcomponents/httpclient/4.5.2/httpclient-4.5.2.jar:/home/user/.m2/repository/org/apache/httpcomponents/httpcore/4.4.4/httpcore-4.4.4.jar:/home/user/.m2/repository/commons-codec/commons-codec/1.11/commons-codec-1.11.jar:/home/user/.m2/repository/commons-net/commons-net/3.6/commons-net-3.6.jar:/home/user/.m2/repository/commons-collections/commons-collections/3.2.2/commons-collections-3.2.2.jar:/home/user/.m2/repository/org/eclipse/jetty/jetty-servlet/9.3.25.v20180904/jetty-servlet-9.3.25.v20180904.jar:/home/user/.m2/repository/org/eclipse/jetty/jetty-security/9.3.25.v20180904/jetty-security-9.3.25.v20180904.jar:/home/user/.m2/repository/javax/servlet/jsp/jsp-api/2.1/jsp-api-2.1.jar:/home/user/.m2/repository/com/sun/jersey/jersey-servlet/1.19/jersey-servlet-1.19.jar:/home/user/.m2/repository/com/sun/jersey/jersey-json/1.19/jersey-json-1.19.jar:/home/user/.m2/repository/org/codehaus/jettison/jettison/1.1/jettison-1.1.jar:/home/user/.m2/repository/org/codehaus/jackson/jackson-core-asl/1.9.13/jackson-core-asl-1.9.13.jar:/home/user/.m2/repository/org/codehaus/jackson/jackson-mapper-asl/1.9.13/jackson-mapper-asl-1.9.13.jar:/home/user/.m2/repository/org/codehaus/jackson/jackson-jaxrs/1.9.13/jackson-jaxrs-1.9.13.jar:/home/user/.m2/repository/org/codehaus/jackson/jackson-xc/1.9.13/jackson-xc-1.9.13.jar:/home/user/.m2/repository/commons-logging/commons-logging/1.1.3/commons-logging-1.1.3.jar:/home/user/.m2/repository/commons-beanutils/commons-beanutils/1.9.4/commons-beanutils-1.9.4.jar:/home/user/.m2/repository/org/apache/commons/commons-configuration2/2.1.1/commons-configuration2-2.1.1.jar:/home/user/.m2/repository/org/apache/commons/commons-lang3/3.7/commons-lang3-3.7.jar:/home/user/.m2/repository/org/apache/commons/commons-text/1.4/commons-text-1.4.jar:/home/user/.m2/repository/org/apache/avro/avro/1.7.7/avro-1.7.7.jar:/home/user/.m2/repository/com/thoughtworks/paranamer/paranamer/2.3/paranamer-2.3.jar:/home/user/.m2/repository/org/xerial/snappy/snappy-java/1.0.5/snappy-java-1.0.5.jar:/home/user/.m2/repository/com/google/re2j/re2j/1.1/re2j-1.1.jar:/home/user/.m2/repository/com/google/code/gson/gson/2.2.4/gson-2.2.4.jar:/home/user/.m2/repository/com/jcraft/jsch/0.1.54/jsch-0.1.54.jar:/home/user/.m2/repository/org/apache/curator/curator-client/2.12.0/curator-client-2.12.0.jar:/home/user/.m2/repository/org/apache/curator/curator-recipes/2.12.0/curator-recipes-2.12.0.jar:/home/user/.m2/repository/com/google/code/findbugs/jsr305/3.0.0/jsr305-3.0.0.jar:/home/user/.m2/repository/org/apache/htrace/htrace-core4/4.1.0-incubating/htrace-core4-4.1.0-incubating.jar:/home/user/.m2/repository/org/apache/zookeeper/zookeeper/3.4.13/zookeeper-3.4.13.jar:/home/user/.m2/repository/jline/jline/0.9.94/jline-0.9.94.jar:/home/user/.m2/repository/org/apache/yetus/audience-annotations/0.5.0/audience-annotations-0.5.0.jar:/home/user/.m2/repository/org/codehaus/woodstox/stax2-api/3.1.4/stax2-api-3.1.4.jar:/home/user/.m2/repository/com/fasterxml/woodstox/woodstox-core/5.0.3/woodstox-core-5.0.3.jar:/home/user/.m2/repository/dnsjava/dnsjava/2.1.7/dnsjava-2.1.7.jar:/home/user/.m2/repository/org/apache/hadoop/hadoop-hdfs/3.2.0/hadoop-hdfs-3.2.0-tests.jar:/home/user/.m2/repository/org/eclipse/jetty/jetty-util-ajax/9.3.25.v20180904/jetty-util-ajax-9.3.25.v20180904.jar:/home/user/.m2/repository/commons-daemon/commons-daemon/1.0.13/commons-daemon-1.0.13.jar:/home/user/.m2/repository/io/netty/netty/3.10.5.Final/netty-3.10.5.Final.jar:/home/user/.m2/repository/io/netty/netty-all/4.0.52.Final/netty-all-4.0.52.Final.jar:/home/user/.m2/repository/org/fusesource/leveldbjni/leveldbjni-all/1.8/leveldbjni-all-1.8.jar:"/>
    <property name="sun.cpu.endian" value="little"/>
    <property name="user.home" value="/home/user"/>
    <property name="user.language" value="en"/>
    <property name="java.specification.vendor" value="Oracle Corporation"/>
    <property name="java.home" value="/usr/lib/jvm/java-1.8-openjdk/jre"/>
    <property name="java.security.krb5.conf" value="/workdir/hadoop-ozone/integration-test/target/test-classes/krb5.conf"/>
    <property name="basedir" value="/workdir/hadoop-ozone/integration-test"/>
    <property name="file.separator" value="/"/>
    <property name="line.separator" value="&#10;"/>
    <property name="java.vm.specification.vendor" value="Oracle Corporation"/>
    <property name="java.specification.name" value="Java Platform API Specification"/>
    <property name="java.awt.graphicsenv" value="sun.awt.X11GraphicsEnvironment"/>
    <property name="surefire.real.class.path" value="/workdir/hadoop-ozone/integration-test/target/surefire/surefirebooter5983495925289227883.jar"/>
    <property name="hadoop.log.dir" value="/workdir/hadoop-ozone/integration-test/target/log"/>
    <property name="sun.boot.class.path" value="/usr/lib/jvm/java-1.8-openjdk/jre/lib/resources.jar:/usr/lib/jvm/java-1.8-openjdk/jre/lib/rt.jar:/usr/lib/jvm/java-1.8-openjdk/jre/lib/sunrsasign.jar:/usr/lib/jvm/java-1.8-openjdk/jre/lib/jsse.jar:/usr/lib/jvm/java-1.8-openjdk/jre/lib/jce.jar:/usr/lib/jvm/java-1.8-openjdk/jre/lib/charsets.jar:/usr/lib/jvm/java-1.8-openjdk/jre/lib/jfr.jar:/usr/lib/jvm/java-1.8-openjdk/jre/classes"/>
    <property name="sun.management.compiler" value="HotSpot 64-Bit Tiered Compilers"/>
    <property name="java.runtime.version" value="1.8.0_212-b04"/>
    <property name="java.net.preferIPv4Stack" value="true"/>
    <property name="user.name" value="jenkins1000"/>
    <property name="path.separator" value=":"/>
    <property name="java.security.egd" value="file:///dev/urandom"/>
    <property name="os.version" value="3.10.0-957.12.2.el7.x86_64"/>
    <property name="java.endorsed.dirs" value="/usr/lib/jvm/java-1.8-openjdk/jre/lib/endorsed"/>
    <property name="java.runtime.name" value="OpenJDK Runtime Environment"/>
    <property name="file.encoding" value="UTF-8"/>
    <property name="java.vm.name" value="OpenJDK 64-Bit Server VM"/>
    <property name="test.build.webapps" value=""/>
    <property name="localRepository" value="/home/user/.m2/repository"/>
    <property name="java.vendor.url.bug" value="https://icedtea.classpath.org/bugzilla"/>
    <property name="java.io.tmpdir" value="/tmp"/>
    <property name="require.test.libhadoop" value=""/>
    <property name="java.version" value="1.8.0_212"/>
    <property name="user.dir" value="/workdir/hadoop-ozone/integration-test"/>
    <property name="os.arch" value="amd64"/>
    <property name="java.vm.specification.name" value="Java Virtual Machine Specification"/>
    <property name="test.build.classes" value="/workdir/hadoop-ozone/integration-test/target/test-classes"/>
    <property name="java.awt.printerjob" value="sun.print.PSPrinterJob"/>
    <property name="sun.os.patch.level" value="unknown"/>
    <property name="hadoop.tmp.dir" value="/workdir/hadoop-ozone/integration-test/target/tmp"/>
    <property name="java.library.path" value="/usr/lib/jvm/java-1.8-openjdk/jre/lib/amd64/server:/usr/lib/jvm/java-1.8-openjdk/jre/lib/amd64:/usr/lib/jvm/java-1.8-openjdk/jre/../lib/amd64:/workdir/hadoop-ozone/integration-test/target/native/target/usr/local/lib:/workdir/hadoop-ozone/integration-test/../../hadoop-common-project/hadoop-common/target/native/target/usr/local/lib:/usr/java/packages/lib/amd64:/usr/lib64:/lib64:/lib:/usr/lib"/>
    <property name="java.vm.info" value="mixed mode"/>
    <property name="java.vendor" value="IcedTea"/>
    <property name="java.vm.version" value="25.212-b04"/>
    <property name="java.ext.dirs" value="/usr/lib/jvm/java-1.8-openjdk/jre/lib/ext:/usr/java/packages/lib/ext"/>
    <property name="sun.io.unicode.encoding" value="UnicodeLittle"/>
    <property name="java.class.version" value="52.0"/>
  </properties>
  <testcase name="testContainerReplication" classname="org.apache.hadoop.ozone.client.rpc.TestContainerReplicationEndToEnd" time="5.299">
    <error message="Failed to update container state #1, reason: invalid state transition from state: CLOSING upon event: FINALIZE." type="org.apache.hadoop.hdds.scm.exceptions.SCMException">org.apache.hadoop.hdds.scm.exceptions.SCMException: Failed to update container state #1, reason: invalid state transition from state: CLOSING upon event: FINALIZE.
	at org.apache.hadoop.hdds.scm.container.ContainerStateManager.updateContainerState(ContainerStateManager.java:336)
	at org.apache.hadoop.hdds.scm.container.SCMContainerManager.updateContainerState(SCMContainerManager.java:312)
	at org.apache.hadoop.ozone.client.rpc.TestContainerReplicationEndToEnd.testContainerReplication(TestContainerReplicationEndToEnd.java:159)
	at sun.reflect.NativeMethodAccessorImpl.invoke0(Native Method)
	at sun.reflect.NativeMethodAccessorImpl.invoke(NativeMethodAccessorImpl.java:62)
	at sun.reflect.DelegatingMethodAccessorImpl.invoke(DelegatingMethodAccessorImpl.java:43)
	at java.lang.reflect.Method.invoke(Method.java:498)
	at org.junit.runners.model.FrameworkMethod$1.runReflectiveCall(FrameworkMethod.java:47)
	at org.junit.internal.runners.model.ReflectiveCallable.run(ReflectiveCallable.java:12)
	at org.junit.runners.model.FrameworkMethod.invokeExplosively(FrameworkMethod.java:44)
	at org.junit.internal.runners.statements.InvokeMethod.evaluate(InvokeMethod.java:17)
	at org.junit.runners.ParentRunner.runLeaf(ParentRunner.java:271)
	at org.junit.runners.BlockJUnit4ClassRunner.runChild(BlockJUnit4ClassRunner.java:70)
	at org.junit.runners.BlockJUnit4ClassRunner.runChild(BlockJUnit4ClassRunner.java:50)
	at org.junit.runners.ParentRunner$3.run(ParentRunner.java:238)
	at org.junit.runners.ParentRunner$1.schedule(ParentRunner.java:63)
	at org.junit.runners.ParentRunner.runChildren(ParentRunner.java:236)
	at org.junit.runners.ParentRunner.access$000(ParentRunner.java:53)
	at org.junit.runners.ParentRunner$2.evaluate(ParentRunner.java:229)
	at org.junit.internal.runners.statements.RunBefores.evaluate(RunBefores.java:26)
	at org.junit.internal.runners.statements.RunAfters.evaluate(RunAfters.java:27)
	at org.junit.runners.ParentRunner.run(ParentRunner.java:309)
	at org.apache.maven.surefire.junit4.JUnit4Provider.execute(JUnit4Provider.java:365)
	at org.apache.maven.surefire.junit4.JUnit4Provider.executeWithRerun(JUnit4Provider.java:273)
	at org.apache.maven.surefire.junit4.JUnit4Provider.executeTestSet(JUnit4Provider.java:238)
	at org.apache.maven.surefire.junit4.JUnit4Provider.invoke(JUnit4Provider.java:159)
	at org.apache.maven.surefire.booter.ForkedBooter.invokeProviderInSameClassLoader(ForkedBooter.java:384)
	at org.apache.maven.surefire.booter.ForkedBooter.runSuitesInProcess(ForkedBooter.java:345)
	at org.apache.maven.surefire.booter.ForkedBooter.execute(ForkedBooter.java:126)
	at org.apache.maven.surefire.booter.ForkedBooter.main(ForkedBooter.java:418)
</error>
    <system-out><![CDATA[2019-09-20 01:16:54,989 [main] WARN  server.ServerUtils (ServerUtils.java:getScmDbDir(145)) - ozone.scm.db.dirs is not configured. We recommend adding this setting. Falling back to ozone.metadata.dirs instead.
2019-09-20 01:16:55,119 [main] WARN  server.ServerUtils (ServerUtils.java:getScmDbDir(145)) - ozone.scm.db.dirs is not configured. We recommend adding this setting. Falling back to ozone.metadata.dirs instead.
2019-09-20 01:16:55,123 [main] WARN  server.ServerUtils (ServerUtils.java:getScmDbDir(145)) - ozone.scm.db.dirs is not configured. We recommend adding this setting. Falling back to ozone.metadata.dirs instead.
2019-09-20 01:16:55,143 [main] INFO  util.log (Log.java:initialized(192)) - Logging initialized @859ms
2019-09-20 01:16:55,249 [main] INFO  db.DBStoreBuilder (DBStoreBuilder.java:addTable(110)) - using custom profile for table: deletedBlocks
2019-09-20 01:16:55,249 [main] INFO  db.DBStoreBuilder (DBStoreBuilder.java:processTables(161)) - Using default column profile:DBProfile.DISK for Table:deletedBlocks
2019-09-20 01:16:55,249 [main] INFO  db.DBStoreBuilder (DBStoreBuilder.java:addTable(110)) - using custom profile for table: validCerts
2019-09-20 01:16:55,250 [main] INFO  db.DBStoreBuilder (DBStoreBuilder.java:processTables(161)) - Using default column profile:DBProfile.DISK for Table:validCerts
2019-09-20 01:16:55,250 [main] INFO  db.DBStoreBuilder (DBStoreBuilder.java:addTable(110)) - using custom profile for table: revokedCerts
2019-09-20 01:16:55,250 [main] INFO  db.DBStoreBuilder (DBStoreBuilder.java:processTables(161)) - Using default column profile:DBProfile.DISK for Table:revokedCerts
2019-09-20 01:16:55,263 [main] INFO  db.DBStoreBuilder (DBStoreBuilder.java:addTable(110)) - using custom profile for table: default
2019-09-20 01:16:55,263 [main] INFO  db.DBStoreBuilder (DBStoreBuilder.java:processTables(167)) - Using default column profile:DBProfile.DISK for Table:default
2019-09-20 01:16:55,265 [main] INFO  db.DBStoreBuilder (DBStoreBuilder.java:getDbProfile(198)) - Using default options. DBProfile.DISK
2019-09-20 01:16:55,575 [main] INFO  net.NodeSchemaLoader (NodeSchemaLoader.java:loadSchemaFromFile(125)) - Loading file from sun.misc.CompoundEnumeration@71d44a3
2019-09-20 01:16:55,577 [main] INFO  net.NodeSchemaLoader (NodeSchemaLoader.java:loadSchema(171)) - Loading network topology layer schema file
2019-09-20 01:16:55,651 [main] INFO  node.SCMNodeManager (SCMNodeManager.java:<init>(114)) - Entering startup safe mode.
2019-09-20 01:16:55,726 [main] INFO  algorithms.ContainerPlacementPolicyFactory (ContainerPlacementPolicyFactory.java:getPolicy(57)) - Create container placement policy of type org.apache.hadoop.hdds.scm.container.placement.algorithms.SCMContainerPlacementRandom
2019-09-20 01:16:55,741 [main] WARN  server.ServerUtils (ServerUtils.java:getScmDbDir(145)) - ozone.scm.db.dirs is not configured. We recommend adding this setting. Falling back to ozone.metadata.dirs instead.
2019-09-20 01:16:55,811 [main] INFO  pipeline.SCMPipelineManager (SCMPipelineManager.java:initializePipelineState(128)) - No pipeline exists in current db
2019-09-20 01:16:55,813 [main] WARN  server.ServerUtils (ServerUtils.java:getScmDbDir(145)) - ozone.scm.db.dirs is not configured. We recommend adding this setting. Falling back to ozone.metadata.dirs instead.
2019-09-20 01:16:55,922 [main] INFO  Configuration.deprecation (Configuration.java:logDeprecation(1394)) - No unit for hdds.scm.replication.thread.interval(2000) assuming MILLISECONDS
2019-09-20 01:16:55,958 [main] WARN  events.EventQueue (EventQueue.java:fireEvent(183)) - No event handler registered for event TypedEvent{payloadType=SafeModeStatus, name='SafeModeStatus'}
2019-09-20 01:16:56,328 [main] INFO  ipc.CallQueueManager (CallQueueManager.java:<init>(84)) - Using callQueue: class java.util.concurrent.LinkedBlockingQueue, queueCapacity: 2000, scheduler: class org.apache.hadoop.ipc.DefaultRpcScheduler, ipcBackoff: false.
2019-09-20 01:16:56,356 [Socket Reader #1 for port 42462] INFO  ipc.Server (Server.java:run(1074)) - Starting Socket Reader #1 for port 42462
2019-09-20 01:16:56,528 [main] INFO  ipc.CallQueueManager (CallQueueManager.java:<init>(84)) - Using callQueue: class java.util.concurrent.LinkedBlockingQueue, queueCapacity: 2000, scheduler: class org.apache.hadoop.ipc.DefaultRpcScheduler, ipcBackoff: false.
2019-09-20 01:16:56,529 [Socket Reader #1 for port 33167] INFO  ipc.Server (Server.java:run(1074)) - Starting Socket Reader #1 for port 33167
2019-09-20 01:16:56,542 [main] INFO  ipc.CallQueueManager (CallQueueManager.java:<init>(84)) - Using callQueue: class java.util.concurrent.LinkedBlockingQueue, queueCapacity: 2000, scheduler: class org.apache.hadoop.ipc.DefaultRpcScheduler, ipcBackoff: false.
2019-09-20 01:16:56,543 [Socket Reader #1 for port 44263] INFO  ipc.Server (Server.java:run(1074)) - Starting Socket Reader #1 for port 44263
2019-09-20 01:16:56,573 [main] INFO  hdfs.DFSUtil (DFSUtil.java:httpServerTemplateForNNAndJN(1641)) - Starting Web-server for scm at: http://0.0.0.0:0
2019-09-20 01:16:56,743 [main] INFO  server.AuthenticationFilter (AuthenticationFilter.java:constructSecretProvider(240)) - Unable to initialize FileSignerSecretProvider, falling back to use random secrets.
2019-09-20 01:16:56,752 [main] WARN  http.HttpRequestLog (HttpRequestLog.java:getRequestLog(97)) - Jetty request log can only be enabled using Log4j
2019-09-20 01:16:56,760 [main] INFO  http.HttpServer2 (HttpServer2.java:addGlobalFilter(975)) - Added global filter 'safety' (class=org.apache.hadoop.http.HttpServer2$QuotingInputFilter)
2019-09-20 01:16:56,763 [main] INFO  http.HttpServer2 (HttpServer2.java:addFilter(948)) - Added filter static_user_filter (class=org.apache.hadoop.http.lib.StaticUserWebFilter$StaticUserFilter) to context scm
2019-09-20 01:16:56,763 [main] INFO  http.HttpServer2 (HttpServer2.java:addFilter(958)) - Added filter static_user_filter (class=org.apache.hadoop.http.lib.StaticUserWebFilter$StaticUserFilter) to context static
2019-09-20 01:16:56,763 [main] INFO  http.HttpServer2 (HttpServer2.java:addFilter(958)) - Added filter static_user_filter (class=org.apache.hadoop.http.lib.StaticUserWebFilter$StaticUserFilter) to context logs
2019-09-20 01:16:56,794 [main] INFO  server.StorageContainerManager (StorageContainerManager.java:start(763)) - StorageContainerLocationProtocol RPC server is listening at /0.0.0.0:44263
2019-09-20 01:16:56,854 [main] WARN  impl.MetricsConfig (MetricsConfig.java:loadFirst(134)) - Cannot locate configuration: tried hadoop-metrics2-storagecontainermanager.properties,hadoop-metrics2.properties
2019-09-20 01:16:56,867 [main] INFO  impl.MetricsSystemImpl (MetricsSystemImpl.java:startTimer(374)) - Scheduled Metric snapshot period at 10 second(s).
2019-09-20 01:16:56,867 [main] INFO  impl.MetricsSystemImpl (MetricsSystemImpl.java:start(191)) - StorageContainerManager metrics system started
2019-09-20 01:16:57,107 [main] INFO  server.SCMClientProtocolServer (SCMClientProtocolServer.java:start(151)) - RPC server for Client  is listening at /0.0.0.0:44263
2019-09-20 01:16:57,107 [IPC Server Responder] INFO  ipc.Server (Server.java:run(1314)) - IPC Server Responder: starting
2019-09-20 01:16:57,108 [IPC Server listener on 44263] INFO  ipc.Server (Server.java:run(1153)) - IPC Server listener on 44263: starting
2019-09-20 01:16:57,110 [main] INFO  server.StorageContainerManager (StorageContainerManager.java:start(773)) - ScmBlockLocationProtocol RPC server is listening at /0.0.0.0:33167
2019-09-20 01:16:57,112 [main] INFO  server.SCMBlockProtocolServer (SCMBlockProtocolServer.java:start(146)) - RPC server for Block Protocol is listening at /0.0.0.0:33167
2019-09-20 01:16:57,112 [IPC Server Responder] INFO  ipc.Server (Server.java:run(1314)) - IPC Server Responder: starting
2019-09-20 01:16:57,112 [IPC Server listener on 33167] INFO  ipc.Server (Server.java:run(1153)) - IPC Server listener on 33167: starting
2019-09-20 01:16:57,115 [main] INFO  server.StorageContainerManager (StorageContainerManager.java:start(777)) - ScmDatanodeProtocl RPC server is listening at /0.0.0.0:42462
2019-09-20 01:16:57,115 [main] INFO  server.SCMDatanodeProtocolServer (SCMDatanodeProtocolServer.java:start(191)) - RPC server for DataNodes is listening at /0.0.0.0:42462
2019-09-20 01:16:57,116 [IPC Server Responder] INFO  ipc.Server (Server.java:run(1314)) - IPC Server Responder: starting
2019-09-20 01:16:57,116 [IPC Server listener on 42462] INFO  ipc.Server (Server.java:run(1153)) - IPC Server listener on 42462: starting
2019-09-20 01:16:57,120 [main] INFO  http.HttpServer2 (HttpServer2.java:bindListener(1191)) - Jetty bound to port 45832
2019-09-20 01:16:57,121 [main] INFO  server.Server (Server.java:doStart(351)) - jetty-9.3.25.v20180904, build timestamp: 2018-09-04T21:11:46Z, git hash: 3ce520221d0240229c862b122d2b06c12a625732
2019-09-20 01:16:57,161 [main] INFO  handler.ContextHandler (ContextHandler.java:doStart(781)) - Started o.e.j.s.ServletContextHandler@23fb172e{/logs,file:///workdir/hadoop-ozone/integration-test/target/log,AVAILABLE}
2019-09-20 01:16:57,161 [main] INFO  handler.ContextHandler (ContextHandler.java:doStart(781)) - Started o.e.j.s.ServletContextHandler@158a3b2e{/static,file:///workdir/hadoop-ozone/integration-test/target/test-classes/webapps/static,AVAILABLE}
2019-09-20 01:16:57,216 [main] INFO  handler.ContextHandler (ContextHandler.java:doStart(781)) - Started o.e.j.w.WebAppContext@b5cc23a{/,file:///workdir/hadoop-ozone/integration-test/target/test-classes/webapps/scm/,AVAILABLE}{/scm}
2019-09-20 01:16:57,223 [main] INFO  server.AbstractConnector (AbstractConnector.java:doStart(278)) - Started ServerConnector@61a002b1{HTTP/1.1,[http/1.1]}{0.0.0.0:45832}
2019-09-20 01:16:57,224 [main] INFO  server.Server (Server.java:doStart(419)) - Started @2940ms
2019-09-20 01:16:57,226 [main] INFO  impl.MetricsSinkAdapter (MetricsSinkAdapter.java:start(204)) - Sink prometheus started
2019-09-20 01:16:57,226 [main] INFO  impl.MetricsSystemImpl (MetricsSystemImpl.java:registerSink(301)) - Registered sink prometheus
2019-09-20 01:16:57,228 [main] INFO  server.BaseHttpServer (BaseHttpServer.java:updateConnectorAddress(215)) - HTTP server of SCM is listening at http://0.0.0.0:45832
2019-09-20 01:16:57,237 [org.apache.hadoop.util.JvmPauseMonitor$Monitor@58c540cf] INFO  util.JvmPauseMonitor (JvmPauseMonitor.java:run(188)) - Starting JVM pause monitor
2019-09-20 01:16:57,242 [main] WARN  server.ServerUtils (ServerUtils.java:getDBPath(222)) - ozone.om.db.dirs is not configured. We recommend adding this setting. Falling back to ozone.metadata.dirs instead.
2019-09-20 01:16:57,372 [main] WARN  server.ServerUtils (ServerUtils.java:getDBPath(222)) - ozone.om.db.dirs is not configured. We recommend adding this setting. Falling back to ozone.metadata.dirs instead.
2019-09-20 01:16:57,373 [main] WARN  server.ServerUtils (ServerUtils.java:getDBPath(222)) - ozone.om.db.dirs is not configured. We recommend adding this setting. Falling back to ozone.metadata.dirs instead.
2019-09-20 01:16:57,374 [main] INFO  om.OzoneManager (OzoneManager.java:setOMNodeDetails(649)) - OM Service ID is not set. Setting it to the default ID: omServiceIdDefault
2019-09-20 01:16:57,374 [main] INFO  om.OzoneManager (OzoneManager.java:setOMNodeDetails(655)) - OM Node ID is not set. Setting it to the OmStorage's OmID: 51c2d0fb-2dd1-41d1-a7b1-2e05d17c7d9f
2019-09-20 01:16:57,376 [main] INFO  om.OzoneManager (OzoneManager.java:loadOMHAConfigs(606)) - Found matching OM address with OMServiceId: null, OMNodeId: null, RPC Address: localhost:0 and Ratis port: 9872
2019-09-20 01:16:58,136 [main] WARN  server.ServerUtils (ServerUtils.java:getDBPath(222)) - ozone.om.db.dirs is not configured. We recommend adding this setting. Falling back to ozone.metadata.dirs instead.
2019-09-20 01:16:58,144 [main] INFO  db.DBStoreBuilder (DBStoreBuilder.java:addTable(110)) - using custom profile for table: userTable
2019-09-20 01:16:58,144 [main] INFO  db.DBStoreBuilder (DBStoreBuilder.java:processTables(161)) - Using default column profile:DBProfile.DISK for Table:userTable
2019-09-20 01:16:58,144 [main] INFO  db.DBStoreBuilder (DBStoreBuilder.java:addTable(110)) - using custom profile for table: volumeTable
2019-09-20 01:16:58,145 [main] INFO  db.DBStoreBuilder (DBStoreBuilder.java:processTables(161)) - Using default column profile:DBProfile.DISK for Table:volumeTable
2019-09-20 01:16:58,145 [main] INFO  db.DBStoreBuilder (DBStoreBuilder.java:addTable(110)) - using custom profile for table: bucketTable
2019-09-20 01:16:58,145 [main] INFO  db.DBStoreBuilder (DBStoreBuilder.java:processTables(161)) - Using default column profile:DBProfile.DISK for Table:bucketTable
2019-09-20 01:16:58,145 [main] INFO  db.DBStoreBuilder (DBStoreBuilder.java:addTable(110)) - using custom profile for table: keyTable
2019-09-20 01:16:58,145 [main] INFO  db.DBStoreBuilder (DBStoreBuilder.java:processTables(161)) - Using default column profile:DBProfile.DISK for Table:keyTable
2019-09-20 01:16:58,146 [main] INFO  db.DBStoreBuilder (DBStoreBuilder.java:addTable(110)) - using custom profile for table: deletedTable
2019-09-20 01:16:58,146 [main] INFO  db.DBStoreBuilder (DBStoreBuilder.java:processTables(161)) - Using default column profile:DBProfile.DISK for Table:deletedTable
2019-09-20 01:16:58,146 [main] INFO  db.DBStoreBuilder (DBStoreBuilder.java:addTable(110)) - using custom profile for table: openKeyTable
2019-09-20 01:16:58,146 [main] INFO  db.DBStoreBuilder (DBStoreBuilder.java:processTables(161)) - Using default column profile:DBProfile.DISK for Table:openKeyTable
2019-09-20 01:16:58,147 [main] INFO  db.DBStoreBuilder (DBStoreBuilder.java:addTable(110)) - using custom profile for table: s3Table
2019-09-20 01:16:58,147 [main] INFO  db.DBStoreBuilder (DBStoreBuilder.java:processTables(161)) - Using default column profile:DBProfile.DISK for Table:s3Table
2019-09-20 01:16:58,147 [main] INFO  db.DBStoreBuilder (DBStoreBuilder.java:addTable(110)) - using custom profile for table: multipartInfoTable
2019-09-20 01:16:58,147 [main] INFO  db.DBStoreBuilder (DBStoreBuilder.java:processTables(161)) - Using default column profile:DBProfile.DISK for Table:multipartInfoTable
2019-09-20 01:16:58,148 [main] INFO  db.DBStoreBuilder (DBStoreBuilder.java:addTable(110)) - using custom profile for table: dTokenTable
2019-09-20 01:16:58,148 [main] INFO  db.DBStoreBuilder (DBStoreBuilder.java:processTables(161)) - Using default column profile:DBProfile.DISK for Table:dTokenTable
2019-09-20 01:16:58,148 [main] INFO  db.DBStoreBuilder (DBStoreBuilder.java:addTable(110)) - using custom profile for table: s3SecretTable
2019-09-20 01:16:58,148 [main] INFO  db.DBStoreBuilder (DBStoreBuilder.java:processTables(161)) - Using default column profile:DBProfile.DISK for Table:s3SecretTable
2019-09-20 01:16:58,149 [main] INFO  db.DBStoreBuilder (DBStoreBuilder.java:addTable(110)) - using custom profile for table: prefixTable
2019-09-20 01:16:58,149 [main] INFO  db.DBStoreBuilder (DBStoreBuilder.java:processTables(161)) - Using default column profile:DBProfile.DISK for Table:prefixTable
2019-09-20 01:16:58,149 [main] INFO  db.DBStoreBuilder (DBStoreBuilder.java:addTable(110)) - using custom profile for table: default
2019-09-20 01:16:58,149 [main] INFO  db.DBStoreBuilder (DBStoreBuilder.java:processTables(167)) - Using default column profile:DBProfile.DISK for Table:default
2019-09-20 01:16:58,150 [main] INFO  db.DBStoreBuilder (DBStoreBuilder.java:getDbProfile(198)) - Using default options. DBProfile.DISK
2019-09-20 01:16:58,603 [main] INFO  ipc.CallQueueManager (CallQueueManager.java:<init>(84)) - Using callQueue: class java.util.concurrent.LinkedBlockingQueue, queueCapacity: 2000, scheduler: class org.apache.hadoop.ipc.DefaultRpcScheduler, ipcBackoff: false.
2019-09-20 01:16:58,604 [Socket Reader #1 for port 38032] INFO  ipc.Server (Server.java:run(1074)) - Starting Socket Reader #1 for port 38032
2019-09-20 01:16:58,626 [main] INFO  om.OzoneManager (OzoneManager.java:start(1240)) - OzoneManager RPC server is listening at localhost/127.0.0.1:38032
2019-09-20 01:16:58,626 [main] INFO  impl.MetricsSystemImpl (MetricsSystemImpl.java:init(158)) - OzoneManager metrics system started (again)
2019-09-20 01:16:58,627 [IPC Server Responder] INFO  ipc.Server (Server.java:run(1314)) - IPC Server Responder: starting
2019-09-20 01:16:58,628 [IPC Server listener on 38032] INFO  ipc.Server (Server.java:run(1153)) - IPC Server listener on 38032: starting
2019-09-20 01:16:58,634 [main] INFO  hdfs.DFSUtil (DFSUtil.java:httpServerTemplateForNNAndJN(1641)) - Starting Web-server for ozoneManager at: http://0.0.0.0:0
2019-09-20 01:16:58,635 [main] INFO  server.AuthenticationFilter (AuthenticationFilter.java:constructSecretProvider(240)) - Unable to initialize FileSignerSecretProvider, falling back to use random secrets.
2019-09-20 01:16:58,636 [main] WARN  http.HttpRequestLog (HttpRequestLog.java:getRequestLog(97)) - Jetty request log can only be enabled using Log4j
2019-09-20 01:16:58,638 [main] INFO  http.HttpServer2 (HttpServer2.java:addGlobalFilter(975)) - Added global filter 'safety' (class=org.apache.hadoop.http.HttpServer2$QuotingInputFilter)
2019-09-20 01:16:58,639 [main] INFO  http.HttpServer2 (HttpServer2.java:addFilter(948)) - Added filter static_user_filter (class=org.apache.hadoop.http.lib.StaticUserWebFilter$StaticUserFilter) to context ozoneManager
2019-09-20 01:16:58,639 [main] INFO  http.HttpServer2 (HttpServer2.java:addFilter(958)) - Added filter static_user_filter (class=org.apache.hadoop.http.lib.StaticUserWebFilter$StaticUserFilter) to context logs
2019-09-20 01:16:58,639 [main] INFO  http.HttpServer2 (HttpServer2.java:addFilter(958)) - Added filter static_user_filter (class=org.apache.hadoop.http.lib.StaticUserWebFilter$StaticUserFilter) to context static
2019-09-20 01:16:58,641 [main] INFO  http.HttpServer2 (HttpServer2.java:bindListener(1191)) - Jetty bound to port 46216
2019-09-20 01:16:58,642 [main] INFO  server.Server (Server.java:doStart(351)) - jetty-9.3.25.v20180904, build timestamp: 2018-09-04T21:11:46Z, git hash: 3ce520221d0240229c862b122d2b06c12a625732
2019-09-20 01:16:58,644 [main] INFO  handler.ContextHandler (ContextHandler.java:doStart(781)) - Started o.e.j.s.ServletContextHandler@4a9486c0{/logs,file:///workdir/hadoop-ozone/integration-test/target/log,AVAILABLE}
2019-09-20 01:16:58,645 [main] INFO  handler.ContextHandler (ContextHandler.java:doStart(781)) - Started o.e.j.s.ServletContextHandler@40ee0a22{/static,file:///workdir/hadoop-ozone/integration-test/target/test-classes/webapps/static,AVAILABLE}
2019-09-20 01:16:58,663 [main] INFO  handler.ContextHandler (ContextHandler.java:doStart(781)) - Started o.e.j.w.WebAppContext@2dbd803f{/,file:///workdir/hadoop-ozone/integration-test/target/test-classes/webapps/ozoneManager/,AVAILABLE}{/ozoneManager}
2019-09-20 01:16:58,670 [main] INFO  server.AbstractConnector (AbstractConnector.java:doStart(278)) - Started ServerConnector@3e48e859{HTTP/1.1,[http/1.1]}{0.0.0.0:46216}
2019-09-20 01:16:58,672 [main] INFO  server.Server (Server.java:doStart(419)) - Started @4388ms
2019-09-20 01:16:58,672 [main] WARN  impl.MetricsSystemImpl (MetricsSystemImpl.java:register(276)) - Sink prometheus already exists!
2019-09-20 01:16:58,674 [main] INFO  server.BaseHttpServer (BaseHttpServer.java:updateConnectorAddress(215)) - HTTP server of OZONEMANAGER is listening at http://0.0.0.0:46216
2019-09-20 01:16:59,026 [main] INFO  impl.MetricsSystemImpl (MetricsSystemImpl.java:init(158)) - HddsDatanode metrics system started (again)
2019-09-20 01:16:59,074 [main] INFO  ozone.HddsDatanodeService (HddsDatanodeService.java:start(184)) - HddsDatanodeService host:pr-hdds-2150-czsg7-3946154559 ip:192.168.151.120
2019-09-20 01:16:59,108 [main] INFO  volume.HddsVolume (HddsVolume.java:<init>(176)) - Creating Volume: /workdir/hadoop-ozone/integration-test/target/test-dir/MiniOzoneClusterImpl-5159e439-27ea-48a2-9ee8-0024257d1a62/datanode-0/data/containers/hdds of  storage type : DISK and capacity : 1482555576320
2019-09-20 01:16:59,111 [main] INFO  volume.VolumeSet (VolumeSet.java:initializeVolumeSet(170)) - Added Volume : /workdir/hadoop-ozone/integration-test/target/test-dir/MiniOzoneClusterImpl-5159e439-27ea-48a2-9ee8-0024257d1a62/datanode-0/data/containers/hdds to VolumeSet
2019-09-20 01:16:59,114 [main] INFO  volume.ThrottledAsyncChecker (ThrottledAsyncChecker.java:schedule(139)) - Scheduling a check for org.apache.hadoop.ozone.container.common.volume.HddsVolume@30814f43
2019-09-20 01:16:59,133 [main] INFO  volume.HddsVolumeChecker (HddsVolumeChecker.java:checkAllVolumes(202)) - Scheduled health check for volume org.apache.hadoop.ozone.container.common.volume.HddsVolume@30814f43
2019-09-20 01:16:59,247 [main] INFO  impl.RaftServerProxy (ConfUtils.java:logGet(43)) - raft.rpc.type = GRPC (default)
2019-09-20 01:16:59,319 [main] INFO  grpc.GrpcFactory (GrpcFactory.java:checkPooledByteBufAllocatorUseCacheForAllThreads(45)) - PERFORMANCE WARNING: useCacheForAllThreads is true that may cause Netty to create a lot garbage objects and, as a result, trigger GC.
	It is recommended to disable useCacheForAllThreads by setting -Dorg.apache.ratis.thirdparty.io.netty.allocator.useCacheForAllThreads=false in command line.
2019-09-20 01:16:59,326 [main] INFO  grpc.GrpcConfigKeys$Server (ConfUtils.java:logGet(43)) - raft.grpc.server.port = 0 (default)
2019-09-20 01:16:59,327 [main] INFO  server.GrpcService (ConfUtils.java:logGet(43)) - raft.grpc.message.size.max = 33570816 (custom)
2019-09-20 01:16:59,329 [main] INFO  server.RaftServerConfigKeys (ConfUtils.java:logGet(43)) - raft.server.log.appender.buffer.byte-limit = 33554432 (custom)
2019-09-20 01:16:59,330 [main] INFO  server.GrpcService (ConfUtils.java:logGet(43)) - raft.grpc.flow.control.window = 1MB (=1048576) (default)
2019-09-20 01:16:59,331 [main] INFO  server.RaftServerConfigKeys (ConfUtils.java:logGet(43)) - raft.server.rpc.request.timeout = 3000ms (default)
2019-09-20 01:16:59,485 [main] INFO  server.RaftServerConfigKeys (ConfUtils.java:logGet(43)) - raft.server.storage.dir = [/workdir/hadoop-ozone/integration-test/target/test-dir/MiniOzoneClusterImpl-5159e439-27ea-48a2-9ee8-0024257d1a62/datanode-0/data/ratis] (custom)
2019-09-20 01:16:59,530 [main] INFO  hdfs.DFSUtil (DFSUtil.java:httpServerTemplateForNNAndJN(1641)) - Starting Web-server for hddsDatanode at: http://0.0.0.0:0
2019-09-20 01:16:59,533 [main] INFO  server.AuthenticationFilter (AuthenticationFilter.java:constructSecretProvider(240)) - Unable to initialize FileSignerSecretProvider, falling back to use random secrets.
2019-09-20 01:16:59,534 [main] WARN  http.HttpRequestLog (HttpRequestLog.java:getRequestLog(97)) - Jetty request log can only be enabled using Log4j
2019-09-20 01:16:59,537 [main] INFO  http.HttpServer2 (HttpServer2.java:addGlobalFilter(975)) - Added global filter 'safety' (class=org.apache.hadoop.http.HttpServer2$QuotingInputFilter)
2019-09-20 01:16:59,538 [main] INFO  http.HttpServer2 (HttpServer2.java:addFilter(948)) - Added filter static_user_filter (class=org.apache.hadoop.http.lib.StaticUserWebFilter$StaticUserFilter) to context hddsDatanode
2019-09-20 01:16:59,539 [main] INFO  http.HttpServer2 (HttpServer2.java:addFilter(958)) - Added filter static_user_filter (class=org.apache.hadoop.http.lib.StaticUserWebFilter$StaticUserFilter) to context static
2019-09-20 01:16:59,539 [main] INFO  http.HttpServer2 (HttpServer2.java:addFilter(958)) - Added filter static_user_filter (class=org.apache.hadoop.http.lib.StaticUserWebFilter$StaticUserFilter) to context logs
2019-09-20 01:16:59,541 [main] INFO  http.HttpServer2 (HttpServer2.java:bindListener(1191)) - Jetty bound to port 46488
2019-09-20 01:16:59,541 [main] INFO  server.Server (Server.java:doStart(351)) - jetty-9.3.25.v20180904, build timestamp: 2018-09-04T21:11:46Z, git hash: 3ce520221d0240229c862b122d2b06c12a625732
2019-09-20 01:16:59,544 [main] INFO  handler.ContextHandler (ContextHandler.java:doStart(781)) - Started o.e.j.s.ServletContextHandler@31ee2fdb{/logs,file:///workdir/hadoop-ozone/integration-test/target/log,AVAILABLE}
2019-09-20 01:16:59,545 [main] INFO  handler.ContextHandler (ContextHandler.java:doStart(781)) - Started o.e.j.s.ServletContextHandler@1effd53c{/static,jar:file:/home/user/.m2/repository/org/apache/hadoop/hadoop-hdds-container-service/0.5.0-SNAPSHOT/hadoop-hdds-container-service-0.5.0-SNAPSHOT.jar!/webapps/static,AVAILABLE}
2019-09-20 01:16:59,595 [main] INFO  handler.ContextHandler (ContextHandler.java:doStart(781)) - Started o.e.j.w.WebAppContext@65b97f47{/,file:///tmp/jetty-0.0.0.0-46488-hddsDatanode-_-any-7974522788820730948.dir/webapp/,AVAILABLE}{/hddsDatanode}
2019-09-20 01:16:59,595 [main] INFO  server.AbstractConnector (AbstractConnector.java:doStart(278)) - Started ServerConnector@255eaa6b{HTTP/1.1,[http/1.1]}{0.0.0.0:46488}
2019-09-20 01:16:59,596 [main] INFO  server.Server (Server.java:doStart(419)) - Started @5312ms
2019-09-20 01:16:59,598 [main] WARN  impl.MetricsSystemImpl (MetricsSystemImpl.java:register(276)) - Sink prometheus already exists!
2019-09-20 01:16:59,599 [main] INFO  server.BaseHttpServer (BaseHttpServer.java:updateConnectorAddress(215)) - HTTP server of HDDSDATANODE is listening at http://0.0.0.0:46488
2019-09-20 01:16:59,600 [main] INFO  impl.MetricsSystemImpl (MetricsSystemImpl.java:init(158)) - HddsDatanode metrics system started (again)
2019-09-20 01:16:59,603 [main] INFO  ozone.HddsDatanodeService (HddsDatanodeService.java:start(184)) - HddsDatanodeService host:pr-hdds-2150-czsg7-3946154559 ip:192.168.151.120
2019-09-20 01:16:59,607 [org.apache.hadoop.util.JvmPauseMonitor$Monitor@6854215c] INFO  util.JvmPauseMonitor (JvmPauseMonitor.java:run(188)) - Starting JVM pause monitor
2019-09-20 01:16:59,613 [main] INFO  volume.HddsVolume (HddsVolume.java:<init>(176)) - Creating Volume: /workdir/hadoop-ozone/integration-test/target/test-dir/MiniOzoneClusterImpl-5159e439-27ea-48a2-9ee8-0024257d1a62/datanode-1/data/containers/hdds of  storage type : DISK and capacity : 1482555576320
2019-09-20 01:16:59,614 [main] INFO  volume.VolumeSet (VolumeSet.java:initializeVolumeSet(170)) - Added Volume : /workdir/hadoop-ozone/integration-test/target/test-dir/MiniOzoneClusterImpl-5159e439-27ea-48a2-9ee8-0024257d1a62/datanode-1/data/containers/hdds to VolumeSet
2019-09-20 01:16:59,614 [main] INFO  volume.ThrottledAsyncChecker (ThrottledAsyncChecker.java:schedule(139)) - Scheduling a check for org.apache.hadoop.ozone.container.common.volume.HddsVolume@3e33d73e
2019-09-20 01:16:59,615 [main] INFO  volume.HddsVolumeChecker (HddsVolumeChecker.java:checkAllVolumes(202)) - Scheduled health check for volume org.apache.hadoop.ozone.container.common.volume.HddsVolume@3e33d73e
2019-09-20 01:16:59,631 [main] INFO  impl.RaftServerProxy (ConfUtils.java:logGet(43)) - raft.rpc.type = GRPC (default)
2019-09-20 01:16:59,631 [main] INFO  grpc.GrpcFactory (GrpcFactory.java:checkPooledByteBufAllocatorUseCacheForAllThreads(45)) - PERFORMANCE WARNING: useCacheForAllThreads is true that may cause Netty to create a lot garbage objects and, as a result, trigger GC.
	It is recommended to disable useCacheForAllThreads by setting -Dorg.apache.ratis.thirdparty.io.netty.allocator.useCacheForAllThreads=false in command line.
2019-09-20 01:16:59,631 [main] INFO  grpc.GrpcConfigKeys$Server (ConfUtils.java:logGet(43)) - raft.grpc.server.port = 0 (default)
2019-09-20 01:16:59,631 [main] INFO  server.GrpcService (ConfUtils.java:logGet(43)) - raft.grpc.message.size.max = 33570816 (custom)
2019-09-20 01:16:59,632 [main] INFO  server.RaftServerConfigKeys (ConfUtils.java:logGet(43)) - raft.server.log.appender.buffer.byte-limit = 33554432 (custom)
2019-09-20 01:16:59,632 [main] INFO  server.GrpcService (ConfUtils.java:logGet(43)) - raft.grpc.flow.control.window = 1MB (=1048576) (default)
2019-09-20 01:16:59,632 [main] INFO  server.RaftServerConfigKeys (ConfUtils.java:logGet(43)) - raft.server.rpc.request.timeout = 3000ms (default)
2019-09-20 01:16:59,633 [main] INFO  server.RaftServerConfigKeys (ConfUtils.java:logGet(43)) - raft.server.storage.dir = [/workdir/hadoop-ozone/integration-test/target/test-dir/MiniOzoneClusterImpl-5159e439-27ea-48a2-9ee8-0024257d1a62/datanode-1/data/ratis] (custom)
2019-09-20 01:16:59,635 [main] INFO  hdfs.DFSUtil (DFSUtil.java:httpServerTemplateForNNAndJN(1641)) - Starting Web-server for hddsDatanode at: http://0.0.0.0:0
2019-09-20 01:16:59,636 [main] INFO  server.AuthenticationFilter (AuthenticationFilter.java:constructSecretProvider(240)) - Unable to initialize FileSignerSecretProvider, falling back to use random secrets.
2019-09-20 01:16:59,637 [main] WARN  http.HttpRequestLog (HttpRequestLog.java:getRequestLog(97)) - Jetty request log can only be enabled using Log4j
2019-09-20 01:16:59,639 [main] INFO  http.HttpServer2 (HttpServer2.java:addGlobalFilter(975)) - Added global filter 'safety' (class=org.apache.hadoop.http.HttpServer2$QuotingInputFilter)
2019-09-20 01:16:59,639 [main] INFO  http.HttpServer2 (HttpServer2.java:addFilter(948)) - Added filter static_user_filter (class=org.apache.hadoop.http.lib.StaticUserWebFilter$StaticUserFilter) to context hddsDatanode
2019-09-20 01:16:59,639 [main] INFO  http.HttpServer2 (HttpServer2.java:addFilter(958)) - Added filter static_user_filter (class=org.apache.hadoop.http.lib.StaticUserWebFilter$StaticUserFilter) to context static
2019-09-20 01:16:59,640 [main] INFO  http.HttpServer2 (HttpServer2.java:addFilter(958)) - Added filter static_user_filter (class=org.apache.hadoop.http.lib.StaticUserWebFilter$StaticUserFilter) to context logs
2019-09-20 01:16:59,640 [main] INFO  http.HttpServer2 (HttpServer2.java:bindListener(1191)) - Jetty bound to port 41824
2019-09-20 01:16:59,641 [main] INFO  server.Server (Server.java:doStart(351)) - jetty-9.3.25.v20180904, build timestamp: 2018-09-04T21:11:46Z, git hash: 3ce520221d0240229c862b122d2b06c12a625732
2019-09-20 01:16:59,645 [main] INFO  handler.ContextHandler (ContextHandler.java:doStart(781)) - Started o.e.j.s.ServletContextHandler@4b6e1c0{/logs,file:///workdir/hadoop-ozone/integration-test/target/log,AVAILABLE}
2019-09-20 01:16:59,646 [main] INFO  handler.ContextHandler (ContextHandler.java:doStart(781)) - Started o.e.j.s.ServletContextHandler@654c7d2d{/static,jar:file:/home/user/.m2/repository/org/apache/hadoop/hadoop-hdds-container-service/0.5.0-SNAPSHOT/hadoop-hdds-container-service-0.5.0-SNAPSHOT.jar!/webapps/static,AVAILABLE}
2019-09-20 01:16:59,676 [main] INFO  handler.ContextHandler (ContextHandler.java:doStart(781)) - Started o.e.j.w.WebAppContext@7ceb4478{/,file:///tmp/jetty-0.0.0.0-41824-hddsDatanode-_-any-7526135503734303035.dir/webapp/,AVAILABLE}{/hddsDatanode}
2019-09-20 01:16:59,677 [main] INFO  server.AbstractConnector (AbstractConnector.java:doStart(278)) - Started ServerConnector@7fdab70c{HTTP/1.1,[http/1.1]}{0.0.0.0:41824}
2019-09-20 01:16:59,677 [main] INFO  server.Server (Server.java:doStart(419)) - Started @5394ms
2019-09-20 01:16:59,678 [main] WARN  impl.MetricsSystemImpl (MetricsSystemImpl.java:register(276)) - Sink prometheus already exists!
2019-09-20 01:16:59,680 [main] INFO  server.BaseHttpServer (BaseHttpServer.java:updateConnectorAddress(215)) - HTTP server of HDDSDATANODE is listening at http://0.0.0.0:41824
2019-09-20 01:16:59,680 [main] INFO  impl.MetricsSystemImpl (MetricsSystemImpl.java:init(158)) - HddsDatanode metrics system started (again)
2019-09-20 01:16:59,683 [org.apache.hadoop.util.JvmPauseMonitor$Monitor@35218f68] INFO  util.JvmPauseMonitor (JvmPauseMonitor.java:run(188)) - Starting JVM pause monitor
2019-09-20 01:16:59,685 [main] INFO  ozone.HddsDatanodeService (HddsDatanodeService.java:start(184)) - HddsDatanodeService host:pr-hdds-2150-czsg7-3946154559 ip:192.168.151.120
2019-09-20 01:16:59,695 [main] INFO  volume.HddsVolume (HddsVolume.java:<init>(176)) - Creating Volume: /workdir/hadoop-ozone/integration-test/target/test-dir/MiniOzoneClusterImpl-5159e439-27ea-48a2-9ee8-0024257d1a62/datanode-2/data/containers/hdds of  storage type : DISK and capacity : 1482555576320
2019-09-20 01:16:59,696 [main] INFO  volume.VolumeSet (VolumeSet.java:initializeVolumeSet(170)) - Added Volume : /workdir/hadoop-ozone/integration-test/target/test-dir/MiniOzoneClusterImpl-5159e439-27ea-48a2-9ee8-0024257d1a62/datanode-2/data/containers/hdds to VolumeSet
2019-09-20 01:16:59,696 [main] INFO  volume.ThrottledAsyncChecker (ThrottledAsyncChecker.java:schedule(139)) - Scheduling a check for org.apache.hadoop.ozone.container.common.volume.HddsVolume@30b131b2
2019-09-20 01:16:59,697 [main] INFO  volume.HddsVolumeChecker (HddsVolumeChecker.java:checkAllVolumes(202)) - Scheduled health check for volume org.apache.hadoop.ozone.container.common.volume.HddsVolume@30b131b2
2019-09-20 01:16:59,718 [main] INFO  impl.RaftServerProxy (ConfUtils.java:logGet(43)) - raft.rpc.type = GRPC (default)
2019-09-20 01:16:59,719 [main] INFO  grpc.GrpcFactory (GrpcFactory.java:checkPooledByteBufAllocatorUseCacheForAllThreads(45)) - PERFORMANCE WARNING: useCacheForAllThreads is true that may cause Netty to create a lot garbage objects and, as a result, trigger GC.
	It is recommended to disable useCacheForAllThreads by setting -Dorg.apache.ratis.thirdparty.io.netty.allocator.useCacheForAllThreads=false in command line.
2019-09-20 01:16:59,719 [main] INFO  grpc.GrpcConfigKeys$Server (ConfUtils.java:logGet(43)) - raft.grpc.server.port = 0 (default)
2019-09-20 01:16:59,720 [main] INFO  server.GrpcService (ConfUtils.java:logGet(43)) - raft.grpc.message.size.max = 33570816 (custom)
2019-09-20 01:16:59,720 [main] INFO  server.RaftServerConfigKeys (ConfUtils.java:logGet(43)) - raft.server.log.appender.buffer.byte-limit = 33554432 (custom)
2019-09-20 01:16:59,720 [main] INFO  server.GrpcService (ConfUtils.java:logGet(43)) - raft.grpc.flow.control.window = 1MB (=1048576) (default)
2019-09-20 01:16:59,721 [main] INFO  server.RaftServerConfigKeys (ConfUtils.java:logGet(43)) - raft.server.rpc.request.timeout = 3000ms (default)
2019-09-20 01:16:59,722 [main] INFO  server.RaftServerConfigKeys (ConfUtils.java:logGet(43)) - raft.server.storage.dir = [/workdir/hadoop-ozone/integration-test/target/test-dir/MiniOzoneClusterImpl-5159e439-27ea-48a2-9ee8-0024257d1a62/datanode-2/data/ratis] (custom)
2019-09-20 01:16:59,724 [main] INFO  hdfs.DFSUtil (DFSUtil.java:httpServerTemplateForNNAndJN(1641)) - Starting Web-server for hddsDatanode at: http://0.0.0.0:0
2019-09-20 01:16:59,725 [main] INFO  server.AuthenticationFilter (AuthenticationFilter.java:constructSecretProvider(240)) - Unable to initialize FileSignerSecretProvider, falling back to use random secrets.
2019-09-20 01:16:59,726 [main] WARN  http.HttpRequestLog (HttpRequestLog.java:getRequestLog(97)) - Jetty request log can only be enabled using Log4j
2019-09-20 01:16:59,727 [main] INFO  http.HttpServer2 (HttpServer2.java:addGlobalFilter(975)) - Added global filter 'safety' (class=org.apache.hadoop.http.HttpServer2$QuotingInputFilter)
2019-09-20 01:16:59,728 [main] INFO  http.HttpServer2 (HttpServer2.java:addFilter(948)) - Added filter static_user_filter (class=org.apache.hadoop.http.lib.StaticUserWebFilter$StaticUserFilter) to context hddsDatanode
2019-09-20 01:16:59,728 [main] INFO  http.HttpServer2 (HttpServer2.java:addFilter(958)) - Added filter static_user_filter (class=org.apache.hadoop.http.lib.StaticUserWebFilter$StaticUserFilter) to context static
2019-09-20 01:16:59,728 [main] INFO  http.HttpServer2 (HttpServer2.java:addFilter(958)) - Added filter static_user_filter (class=org.apache.hadoop.http.lib.StaticUserWebFilter$StaticUserFilter) to context logs
2019-09-20 01:16:59,729 [main] INFO  http.HttpServer2 (HttpServer2.java:bindListener(1191)) - Jetty bound to port 38581
2019-09-20 01:16:59,729 [main] INFO  server.Server (Server.java:doStart(351)) - jetty-9.3.25.v20180904, build timestamp: 2018-09-04T21:11:46Z, git hash: 3ce520221d0240229c862b122d2b06c12a625732
2019-09-20 01:16:59,731 [main] INFO  handler.ContextHandler (ContextHandler.java:doStart(781)) - Started o.e.j.s.ServletContextHandler@5af8bb51{/logs,file:///workdir/hadoop-ozone/integration-test/target/log,AVAILABLE}
2019-09-20 01:16:59,732 [main] INFO  handler.ContextHandler (ContextHandler.java:doStart(781)) - Started o.e.j.s.ServletContextHandler@2e66bc32{/static,jar:file:/home/user/.m2/repository/org/apache/hadoop/hadoop-hdds-container-service/0.5.0-SNAPSHOT/hadoop-hdds-container-service-0.5.0-SNAPSHOT.jar!/webapps/static,AVAILABLE}
2019-09-20 01:16:59,760 [main] INFO  handler.ContextHandler (ContextHandler.java:doStart(781)) - Started o.e.j.w.WebAppContext@328d044f{/,file:///tmp/jetty-0.0.0.0-38581-hddsDatanode-_-any-5062567083974369382.dir/webapp/,AVAILABLE}{/hddsDatanode}
2019-09-20 01:16:59,761 [main] INFO  server.AbstractConnector (AbstractConnector.java:doStart(278)) - Started ServerConnector@10f7c76{HTTP/1.1,[http/1.1]}{0.0.0.0:38581}
2019-09-20 01:16:59,762 [main] INFO  server.Server (Server.java:doStart(419)) - Started @5478ms
2019-09-20 01:16:59,762 [main] WARN  impl.MetricsSystemImpl (MetricsSystemImpl.java:register(276)) - Sink prometheus already exists!
2019-09-20 01:16:59,764 [main] INFO  server.BaseHttpServer (BaseHttpServer.java:updateConnectorAddress(215)) - HTTP server of HDDSDATANODE is listening at http://0.0.0.0:38581
2019-09-20 01:16:59,764 [main] INFO  impl.MetricsSystemImpl (MetricsSystemImpl.java:init(158)) - HddsDatanode metrics system started (again)
2019-09-20 01:16:59,768 [main] INFO  ozone.HddsDatanodeService (HddsDatanodeService.java:start(184)) - HddsDatanodeService host:pr-hdds-2150-czsg7-3946154559 ip:192.168.151.120
2019-09-20 01:16:59,768 [org.apache.hadoop.util.JvmPauseMonitor$Monitor@6e7eeb33] INFO  util.JvmPauseMonitor (JvmPauseMonitor.java:run(188)) - Starting JVM pause monitor
2019-09-20 01:16:59,777 [main] INFO  volume.HddsVolume (HddsVolume.java:<init>(176)) - Creating Volume: /workdir/hadoop-ozone/integration-test/target/test-dir/MiniOzoneClusterImpl-5159e439-27ea-48a2-9ee8-0024257d1a62/datanode-3/data/containers/hdds of  storage type : DISK and capacity : 1482555576320
2019-09-20 01:16:59,777 [main] INFO  volume.VolumeSet (VolumeSet.java:initializeVolumeSet(170)) - Added Volume : /workdir/hadoop-ozone/integration-test/target/test-dir/MiniOzoneClusterImpl-5159e439-27ea-48a2-9ee8-0024257d1a62/datanode-3/data/containers/hdds to VolumeSet
2019-09-20 01:16:59,778 [main] INFO  volume.ThrottledAsyncChecker (ThrottledAsyncChecker.java:schedule(139)) - Scheduling a check for org.apache.hadoop.ozone.container.common.volume.HddsVolume@118ffcfd
2019-09-20 01:16:59,778 [main] INFO  volume.HddsVolumeChecker (HddsVolumeChecker.java:checkAllVolumes(202)) - Scheduled health check for volume org.apache.hadoop.ozone.container.common.volume.HddsVolume@118ffcfd
2019-09-20 01:16:59,781 [Datanode State Machine Thread - 0] INFO  datanode.InitDatanodeState (InitDatanodeState.java:persistContainerDatanodeDetails(140)) - DatanodeDetails is persisted to /workdir/hadoop-ozone/integration-test/target/test-dir/MiniOzoneClusterImpl-5159e439-27ea-48a2-9ee8-0024257d1a62/datanode-0/meta/datanode.id
2019-09-20 01:16:59,787 [Datanode State Machine Thread - 0] INFO  datanode.InitDatanodeState (InitDatanodeState.java:persistContainerDatanodeDetails(140)) - DatanodeDetails is persisted to /workdir/hadoop-ozone/integration-test/target/test-dir/MiniOzoneClusterImpl-5159e439-27ea-48a2-9ee8-0024257d1a62/datanode-2/meta/datanode.id
2019-09-20 01:16:59,789 [Datanode State Machine Thread - 0] INFO  datanode.InitDatanodeState (InitDatanodeState.java:persistContainerDatanodeDetails(140)) - DatanodeDetails is persisted to /workdir/hadoop-ozone/integration-test/target/test-dir/MiniOzoneClusterImpl-5159e439-27ea-48a2-9ee8-0024257d1a62/datanode-1/meta/datanode.id
2019-09-20 01:16:59,801 [main] INFO  impl.RaftServerProxy (ConfUtils.java:logGet(43)) - raft.rpc.type = GRPC (default)
2019-09-20 01:16:59,801 [main] INFO  grpc.GrpcFactory (GrpcFactory.java:checkPooledByteBufAllocatorUseCacheForAllThreads(45)) - PERFORMANCE WARNING: useCacheForAllThreads is true that may cause Netty to create a lot garbage objects and, as a result, trigger GC.
	It is recommended to disable useCacheForAllThreads by setting -Dorg.apache.ratis.thirdparty.io.netty.allocator.useCacheForAllThreads=false in command line.
2019-09-20 01:16:59,801 [main] INFO  grpc.GrpcConfigKeys$Server (ConfUtils.java:logGet(43)) - raft.grpc.server.port = 0 (default)
2019-09-20 01:16:59,802 [main] INFO  server.GrpcService (ConfUtils.java:logGet(43)) - raft.grpc.message.size.max = 33570816 (custom)
2019-09-20 01:16:59,802 [main] INFO  server.RaftServerConfigKeys (ConfUtils.java:logGet(43)) - raft.server.log.appender.buffer.byte-limit = 33554432 (custom)
2019-09-20 01:16:59,802 [main] INFO  server.GrpcService (ConfUtils.java:logGet(43)) - raft.grpc.flow.control.window = 1MB (=1048576) (default)
2019-09-20 01:16:59,803 [main] INFO  server.RaftServerConfigKeys (ConfUtils.java:logGet(43)) - raft.server.rpc.request.timeout = 3000ms (default)
2019-09-20 01:16:59,803 [main] INFO  server.RaftServerConfigKeys (ConfUtils.java:logGet(43)) - raft.server.storage.dir = [/workdir/hadoop-ozone/integration-test/target/test-dir/MiniOzoneClusterImpl-5159e439-27ea-48a2-9ee8-0024257d1a62/datanode-3/data/ratis] (custom)
2019-09-20 01:16:59,805 [main] INFO  hdfs.DFSUtil (DFSUtil.java:httpServerTemplateForNNAndJN(1641)) - Starting Web-server for hddsDatanode at: http://0.0.0.0:0
2019-09-20 01:16:59,807 [main] INFO  server.AuthenticationFilter (AuthenticationFilter.java:constructSecretProvider(240)) - Unable to initialize FileSignerSecretProvider, falling back to use random secrets.
2019-09-20 01:16:59,808 [main] WARN  http.HttpRequestLog (HttpRequestLog.java:getRequestLog(97)) - Jetty request log can only be enabled using Log4j
2019-09-20 01:16:59,811 [main] INFO  http.HttpServer2 (HttpServer2.java:addGlobalFilter(975)) - Added global filter 'safety' (class=org.apache.hadoop.http.HttpServer2$QuotingInputFilter)
2019-09-20 01:16:59,812 [main] INFO  http.HttpServer2 (HttpServer2.java:addFilter(948)) - Added filter static_user_filter (class=org.apache.hadoop.http.lib.StaticUserWebFilter$StaticUserFilter) to context hddsDatanode
2019-09-20 01:16:59,812 [main] INFO  http.HttpServer2 (HttpServer2.java:addFilter(958)) - Added filter static_user_filter (class=org.apache.hadoop.http.lib.StaticUserWebFilter$StaticUserFilter) to context static
2019-09-20 01:16:59,812 [main] INFO  http.HttpServer2 (HttpServer2.java:addFilter(958)) - Added filter static_user_filter (class=org.apache.hadoop.http.lib.StaticUserWebFilter$StaticUserFilter) to context logs
2019-09-20 01:16:59,813 [main] INFO  http.HttpServer2 (HttpServer2.java:bindListener(1191)) - Jetty bound to port 39841
2019-09-20 01:16:59,814 [main] INFO  server.Server (Server.java:doStart(351)) - jetty-9.3.25.v20180904, build timestamp: 2018-09-04T21:11:46Z, git hash: 3ce520221d0240229c862b122d2b06c12a625732
2019-09-20 01:16:59,821 [main] INFO  handler.ContextHandler (ContextHandler.java:doStart(781)) - Started o.e.j.s.ServletContextHandler@3cd9aa64{/logs,file:///workdir/hadoop-ozone/integration-test/target/log,AVAILABLE}
2019-09-20 01:16:59,822 [main] INFO  handler.ContextHandler (ContextHandler.java:doStart(781)) - Started o.e.j.s.ServletContextHandler@443effcb{/static,jar:file:/home/user/.m2/repository/org/apache/hadoop/hadoop-hdds-container-service/0.5.0-SNAPSHOT/hadoop-hdds-container-service-0.5.0-SNAPSHOT.jar!/webapps/static,AVAILABLE}
2019-09-20 01:16:59,867 [main] INFO  handler.ContextHandler (ContextHandler.java:doStart(781)) - Started o.e.j.w.WebAppContext@709ed6f3{/,file:///tmp/jetty-0.0.0.0-39841-hddsDatanode-_-any-5091874966479205204.dir/webapp/,AVAILABLE}{/hddsDatanode}
2019-09-20 01:16:59,868 [main] INFO  server.AbstractConnector (AbstractConnector.java:doStart(278)) - Started ServerConnector@698fee9a{HTTP/1.1,[http/1.1]}{0.0.0.0:39841}
2019-09-20 01:16:59,869 [main] INFO  server.Server (Server.java:doStart(419)) - Started @5585ms
2019-09-20 01:16:59,870 [main] WARN  impl.MetricsSystemImpl (MetricsSystemImpl.java:register(276)) - Sink prometheus already exists!
2019-09-20 01:16:59,871 [main] INFO  server.BaseHttpServer (BaseHttpServer.java:updateConnectorAddress(215)) - HTTP server of HDDSDATANODE is listening at http://0.0.0.0:39841
2019-09-20 01:16:59,874 [main] INFO  ozone.MiniOzoneClusterImpl (MiniOzoneClusterImpl.java:lambda$waitForClusterToBeReady$0(145)) - Waiting for cluster to be ready. Got 0 of 4 DN Heartbeats.
2019-09-20 01:16:59,875 [org.apache.hadoop.util.JvmPauseMonitor$Monitor@56cfc1ca] INFO  util.JvmPauseMonitor (JvmPauseMonitor.java:run(188)) - Starting JVM pause monitor
2019-09-20 01:16:59,879 [Datanode State Machine Thread - 0] INFO  datanode.InitDatanodeState (InitDatanodeState.java:persistContainerDatanodeDetails(140)) - DatanodeDetails is persisted to /workdir/hadoop-ozone/integration-test/target/test-dir/MiniOzoneClusterImpl-5159e439-27ea-48a2-9ee8-0024257d1a62/datanode-3/meta/datanode.id
2019-09-20 01:17:00,875 [main] INFO  ozone.MiniOzoneClusterImpl (MiniOzoneClusterImpl.java:lambda$waitForClusterToBeReady$0(145)) - Waiting for cluster to be ready. Got 0 of 4 DN Heartbeats.
2019-09-20 01:17:01,672 [Datanode State Machine Thread - 0] INFO  ozoneimpl.OzoneContainer (OzoneContainer.java:start(217)) - Attempting to start container services.
2019-09-20 01:17:01,675 [Datanode State Machine Thread - 0] INFO  ozoneimpl.OzoneContainer (OzoneContainer.java:startContainerScrub(179)) - Background container scanner has been disabled.
2019-09-20 01:17:01,675 [Datanode State Machine Thread - 0] INFO  ratis.XceiverServerRatis (XceiverServerRatis.java:start(411)) - Starting XceiverServerRatis ca8cd17d-d9e7-4885-88c9-2067f54ae44d at port 0
2019-09-20 01:17:01,702 [Datanode State Machine Thread - 0] INFO  ozoneimpl.OzoneContainer (OzoneContainer.java:start(217)) - Attempting to start container services.
2019-09-20 01:17:01,710 [Datanode State Machine Thread - 0] INFO  ozoneimpl.OzoneContainer (OzoneContainer.java:startContainerScrub(179)) - Background container scanner has been disabled.
2019-09-20 01:17:01,710 [Datanode State Machine Thread - 0] INFO  ratis.XceiverServerRatis (XceiverServerRatis.java:start(411)) - Starting XceiverServerRatis be831ace-9e11-4db0-94c8-58d73a8b05a7 at port 0
2019-09-20 01:17:01,714 [Datanode State Machine Thread - 0] INFO  impl.RaftServerProxy (RaftServerProxy.java:lambda$start$3(299)) - ca8cd17d-d9e7-4885-88c9-2067f54ae44d: start RPC server
2019-09-20 01:17:01,726 [Datanode State Machine Thread - 0] INFO  impl.RaftServerProxy (RaftServerProxy.java:lambda$start$3(299)) - be831ace-9e11-4db0-94c8-58d73a8b05a7: start RPC server
2019-09-20 01:17:01,783 [Datanode State Machine Thread - 0] INFO  ozoneimpl.OzoneContainer (OzoneContainer.java:start(217)) - Attempting to start container services.
2019-09-20 01:17:01,785 [Datanode State Machine Thread - 0] INFO  ozoneimpl.OzoneContainer (OzoneContainer.java:startContainerScrub(179)) - Background container scanner has been disabled.
2019-09-20 01:17:01,785 [Datanode State Machine Thread - 0] INFO  ratis.XceiverServerRatis (XceiverServerRatis.java:start(411)) - Starting XceiverServerRatis 6622f916-d331-4bba-8fd2-5f3d53fb59f4 at port 0
2019-09-20 01:17:01,794 [Datanode State Machine Thread - 0] INFO  impl.RaftServerProxy (RaftServerProxy.java:lambda$start$3(299)) - 6622f916-d331-4bba-8fd2-5f3d53fb59f4: start RPC server
2019-09-20 01:17:01,876 [main] INFO  ozone.MiniOzoneClusterImpl (MiniOzoneClusterImpl.java:lambda$waitForClusterToBeReady$0(145)) - Waiting for cluster to be ready. Got 0 of 4 DN Heartbeats.
2019-09-20 01:17:01,889 [Datanode State Machine Thread - 0] INFO  server.GrpcService (GrpcService.java:startImpl(158)) - ca8cd17d-d9e7-4885-88c9-2067f54ae44d: GrpcService started, listening on 0.0.0.0/0.0.0.0:33160
2019-09-20 01:17:01,889 [Datanode State Machine Thread - 0] INFO  ozoneimpl.OzoneContainer (OzoneContainer.java:start(217)) - Attempting to start container services.
2019-09-20 01:17:01,889 [Datanode State Machine Thread - 0] INFO  server.GrpcService (GrpcService.java:startImpl(158)) - 6622f916-d331-4bba-8fd2-5f3d53fb59f4: GrpcService started, listening on 0.0.0.0/0.0.0.0:39843
2019-09-20 01:17:01,889 [Datanode State Machine Thread - 0] INFO  server.GrpcService (GrpcService.java:startImpl(158)) - be831ace-9e11-4db0-94c8-58d73a8b05a7: GrpcService started, listening on 0.0.0.0/0.0.0.0:35744
2019-09-20 01:17:01,891 [Datanode State Machine Thread - 0] INFO  ratis.XceiverServerRatis (XceiverServerRatis.java:start(421)) - XceiverServerRatis 6622f916-d331-4bba-8fd2-5f3d53fb59f4 is started using port 39843
2019-09-20 01:17:01,891 [Datanode State Machine Thread - 0] INFO  ozoneimpl.OzoneContainer (OzoneContainer.java:startContainerScrub(179)) - Background container scanner has been disabled.
2019-09-20 01:17:01,890 [Datanode State Machine Thread - 0] INFO  ratis.XceiverServerRatis (XceiverServerRatis.java:start(421)) - XceiverServerRatis ca8cd17d-d9e7-4885-88c9-2067f54ae44d is started using port 33160
2019-09-20 01:17:01,892 [Datanode State Machine Thread - 0] INFO  ratis.XceiverServerRatis (XceiverServerRatis.java:start(411)) - Starting XceiverServerRatis 26af4371-9d5d-428d-8e45-bfde8adece44 at port 0
2019-09-20 01:17:01,891 [Datanode State Machine Thread - 0] INFO  ratis.XceiverServerRatis (XceiverServerRatis.java:start(421)) - XceiverServerRatis be831ace-9e11-4db0-94c8-58d73a8b05a7 is started using port 35744
2019-09-20 01:17:01,899 [Datanode State Machine Thread - 0] INFO  server.XceiverServerGrpc (XceiverServerGrpc.java:start(163)) - XceiverServerGrpc be831ace-9e11-4db0-94c8-58d73a8b05a7 is started using port 45767
2019-09-20 01:17:01,899 [Datanode State Machine Thread - 0] INFO  server.XceiverServerGrpc (XceiverServerGrpc.java:start(163)) - XceiverServerGrpc 6622f916-d331-4bba-8fd2-5f3d53fb59f4 is started using port 39202
2019-09-20 01:17:01,899 [Datanode State Machine Thread - 0] INFO  server.XceiverServerGrpc (XceiverServerGrpc.java:start(163)) - XceiverServerGrpc ca8cd17d-d9e7-4885-88c9-2067f54ae44d is started using port 41019
2019-09-20 01:17:01,910 [Datanode State Machine Thread - 0] INFO  impl.RaftServerProxy (RaftServerProxy.java:lambda$start$3(299)) - 26af4371-9d5d-428d-8e45-bfde8adece44: start RPC server
2019-09-20 01:17:01,912 [Datanode State Machine Thread - 0] INFO  server.GrpcService (GrpcService.java:startImpl(158)) - 26af4371-9d5d-428d-8e45-bfde8adece44: GrpcService started, listening on 0.0.0.0/0.0.0.0:43474
2019-09-20 01:17:01,912 [Datanode State Machine Thread - 0] INFO  ratis.XceiverServerRatis (XceiverServerRatis.java:start(421)) - XceiverServerRatis 26af4371-9d5d-428d-8e45-bfde8adece44 is started using port 43474
2019-09-20 01:17:01,915 [Datanode State Machine Thread - 0] INFO  server.XceiverServerGrpc (XceiverServerGrpc.java:start(163)) - XceiverServerGrpc 26af4371-9d5d-428d-8e45-bfde8adece44 is started using port 42909
2019-09-20 01:17:02,876 [main] INFO  ozone.MiniOzoneClusterImpl (MiniOzoneClusterImpl.java:lambda$waitForClusterToBeReady$0(145)) - Waiting for cluster to be ready. Got 0 of 4 DN Heartbeats.
2019-09-20 01:17:03,645 [IPC Server handler 0 on 42462] INFO  net.NetworkTopology (NetworkTopologyImpl.java:add(111)) - Added a new node: /default-rack/ca8cd17d-d9e7-4885-88c9-2067f54ae44d
2019-09-20 01:17:03,646 [IPC Server handler 0 on 42462] INFO  node.SCMNodeManager (SCMNodeManager.java:register(266)) - Registered Data node : ca8cd17d-d9e7-4885-88c9-2067f54ae44d{ip: 192.168.151.120, host: pr-hdds-2150-czsg7-3946154559, networkLocation: /default-rack, certSerialId: null}
2019-09-20 01:17:03,650 [EventQueue-NodeRegistrationContainerReportForDataNodeSafeModeRule] INFO  safemode.SCMSafeModeManager (DataNodeSafeModeRule.java:process(71)) - SCM in safe mode. 1 DataNodes registered, 1 required.
2019-09-20 01:17:03,651 [EventQueue-NodeRegistrationContainerReportForDataNodeSafeModeRule] INFO  safemode.SCMSafeModeManager (SCMSafeModeManager.java:validateSafeModeExitRules(177)) - ScmSafeModeManager, all rules are successfully validated
2019-09-20 01:17:03,651 [EventQueue-NodeRegistrationContainerReportForDataNodeSafeModeRule] INFO  safemode.SCMSafeModeManager (SCMSafeModeManager.java:exitSafeMode(193)) - SCM exiting safe mode.
2019-09-20 01:17:03,690 [IPC Server handler 2 on 42462] INFO  net.NetworkTopology (NetworkTopologyImpl.java:add(111)) - Added a new node: /default-rack/be831ace-9e11-4db0-94c8-58d73a8b05a7
2019-09-20 01:17:03,690 [IPC Server handler 2 on 42462] INFO  node.SCMNodeManager (SCMNodeManager.java:register(266)) - Registered Data node : be831ace-9e11-4db0-94c8-58d73a8b05a7{ip: 192.168.151.120, host: pr-hdds-2150-czsg7-3946154559, networkLocation: /default-rack, certSerialId: null}
2019-09-20 01:17:03,771 [IPC Server handler 4 on 42462] INFO  net.NetworkTopology (NetworkTopologyImpl.java:add(111)) - Added a new node: /default-rack/6622f916-d331-4bba-8fd2-5f3d53fb59f4
2019-09-20 01:17:03,772 [IPC Server handler 4 on 42462] INFO  node.SCMNodeManager (SCMNodeManager.java:register(266)) - Registered Data node : 6622f916-d331-4bba-8fd2-5f3d53fb59f4{ip: 192.168.151.120, host: pr-hdds-2150-czsg7-3946154559, networkLocation: /default-rack, certSerialId: null}
2019-09-20 01:17:03,878 [main] INFO  ozone.MiniOzoneClusterImpl (MiniOzoneClusterImpl.java:lambda$waitForClusterToBeReady$0(145)) - Waiting for cluster to be ready. Got 3 of 4 DN Heartbeats.
2019-09-20 01:17:03,879 [IPC Server handler 3 on 42462] INFO  net.NetworkTopology (NetworkTopologyImpl.java:add(111)) - Added a new node: /default-rack/26af4371-9d5d-428d-8e45-bfde8adece44
2019-09-20 01:17:03,879 [IPC Server handler 3 on 42462] INFO  node.SCMNodeManager (SCMNodeManager.java:register(266)) - Registered Data node : 26af4371-9d5d-428d-8e45-bfde8adece44{ip: 192.168.151.120, host: pr-hdds-2150-czsg7-3946154559, networkLocation: /default-rack, certSerialId: null}
2019-09-20 01:17:04,218 [grpc-default-executor-0] INFO  impl.RaftServerProxy (RaftServerProxy.java:addNew(89)) - ca8cd17d-d9e7-4885-88c9-2067f54ae44d: addNew group-2E84FEDC37CD:[ca8cd17d-d9e7-4885-88c9-2067f54ae44d:192.168.151.120:33160] returns group-2E84FEDC37CD:java.util.concurrent.CompletableFuture@4eb902c4[Not completed]
2019-09-20 01:17:04,240 [pool-27-thread-1] INFO  impl.RaftServerImpl (RaftServerImpl.java:<init>(95)) - ca8cd17d-d9e7-4885-88c9-2067f54ae44d: new RaftServerImpl for group-2E84FEDC37CD:[ca8cd17d-d9e7-4885-88c9-2067f54ae44d:192.168.151.120:33160] with ContainerStateMachine:uninitialized
2019-09-20 01:17:04,244 [pool-27-thread-1] INFO  server.RaftServerConfigKeys (ConfUtils.java:logGet(43)) - raft.server.rpc.timeout.min = 5s (custom)
2019-09-20 01:17:04,245 [pool-27-thread-1] INFO  server.RaftServerConfigKeys (ConfUtils.java:logGet(43)) - raft.server.rpc.timeout.max = 5200ms (custom)
2019-09-20 01:17:04,246 [pool-27-thread-1] INFO  server.RaftServerConfigKeys (ConfUtils.java:logGet(43)) - raft.server.rpcslowness.timeout = 1000s (custom)
2019-09-20 01:17:04,247 [pool-27-thread-1] INFO  server.RaftServerConfigKeys (ConfUtils.java:logGet(43)) - raft.server.sleep.deviation.threshold = 300 (default)
2019-09-20 01:17:04,248 [pool-27-thread-1] INFO  server.RaftServerConfigKeys (ConfUtils.java:logGet(43)) - raft.server.log.appender.install.snapshot.enabled = false (custom)
2019-09-20 01:17:04,258 [pool-27-thread-1] INFO  impl.RaftServerImpl (ServerState.java:<init>(103)) - ca8cd17d-d9e7-4885-88c9-2067f54ae44d@group-2E84FEDC37CD: ConfigurationManager, init=-1: [ca8cd17d-d9e7-4885-88c9-2067f54ae44d:192.168.151.120:33160], old=null, confs=<EMPTY_MAP>
2019-09-20 01:17:04,259 [pool-27-thread-1] INFO  server.RaftServerConfigKeys (ConfUtils.java:logGet(43)) - raft.server.storage.dir = [/workdir/hadoop-ozone/integration-test/target/test-dir/MiniOzoneClusterImpl-5159e439-27ea-48a2-9ee8-0024257d1a62/datanode-0/data/ratis] (custom)
2019-09-20 01:17:04,268 [pool-27-thread-1] INFO  storage.RaftStorageDirectory (RaftStorageDirectory.java:analyzeStorage(246)) - The storage directory /workdir/hadoop-ozone/integration-test/target/test-dir/MiniOzoneClusterImpl-5159e439-27ea-48a2-9ee8-0024257d1a62/datanode-0/data/ratis/eb7cae1d-0807-491e-bf8e-2e84fedc37cd does not exist. Creating ...
2019-09-20 01:17:04,298 [pool-27-thread-1] INFO  storage.RaftStorageDirectory (RaftStorageDirectory.java:tryLock(328)) - Lock on /workdir/hadoop-ozone/integration-test/target/test-dir/MiniOzoneClusterImpl-5159e439-27ea-48a2-9ee8-0024257d1a62/datanode-0/data/ratis/eb7cae1d-0807-491e-bf8e-2e84fedc37cd/in_use.lock acquired by nodename 15239@pr-hdds-2150-czsg7-3946154559
2019-09-20 01:17:04,313 [pool-27-thread-1] INFO  storage.RaftStorage (RaftStorage.java:format(72)) - Storage directory /workdir/hadoop-ozone/integration-test/target/test-dir/MiniOzoneClusterImpl-5159e439-27ea-48a2-9ee8-0024257d1a62/datanode-0/data/ratis/eb7cae1d-0807-491e-bf8e-2e84fedc37cd has been successfully formatted.
2019-09-20 01:17:04,316 [pool-27-thread-1] INFO  ratis.ContainerStateMachine (ContainerStateMachine.java:loadSnapshot(230)) - group-2E84FEDC37CD: The snapshot info is null. Setting the last applied indexto:(t:0, i:~)
2019-09-20 01:17:04,316 [pool-27-thread-1] INFO  server.RaftServerConfigKeys (ConfUtils.java:logGet(43)) - raft.server.notification.no-leader.timeout = 1000s (custom)
2019-09-20 01:17:04,319 [pool-27-thread-1] INFO  server.RaftServerConfigKeys (ConfUtils.java:logGet(43)) - raft.server.log.use.memory = false (default)
2019-09-20 01:17:04,326 [pool-27-thread-1] INFO  server.RaftServerConfigKeys (ConfUtils.java:logGet(43)) - raft.server.log.purge.gap = 1000000 (custom)
2019-09-20 01:17:04,326 [pool-27-thread-1] INFO  server.RaftServerConfigKeys (ConfUtils.java:logGet(43)) - raft.server.log.appender.buffer.byte-limit = 33554432 (custom)
2019-09-20 01:17:04,329 [pool-27-thread-1] INFO  server.RaftServerConfigKeys (ConfUtils.java:logGet(43)) - raft.server.log.segment.size.max = 1048576 (custom)
2019-09-20 01:17:04,334 [pool-27-thread-1] INFO  server.RaftServerConfigKeys (ConfUtils.java:logGet(43)) - raft.server.log.segment.cache.num.max = 2 (custom)
2019-09-20 01:17:04,340 [pool-27-thread-1] INFO  segmented.SegmentedRaftLogWorker (SegmentedRaftLogWorker.java:<init>(172)) - new ca8cd17d-d9e7-4885-88c9-2067f54ae44d@group-2E84FEDC37CD-SegmentedRaftLogWorker for RaftStorage:Storage Directory /workdir/hadoop-ozone/integration-test/target/test-dir/MiniOzoneClusterImpl-5159e439-27ea-48a2-9ee8-0024257d1a62/datanode-0/data/ratis/eb7cae1d-0807-491e-bf8e-2e84fedc37cd
2019-09-20 01:17:04,342 [pool-27-thread-1] INFO  impl.MetricsSystemImpl (MetricsSystemImpl.java:init(158)) - ratis metrics system started (again)
2019-09-20 01:17:04,377 [pool-27-thread-1] INFO  server.RaftServerConfigKeys (ConfUtils.java:logGet(43)) - raft.server.log.queue.byte-limit = 2147483647 (custom)
2019-09-20 01:17:04,377 [pool-27-thread-1] INFO  server.RaftServerConfigKeys (ConfUtils.java:logGet(43)) - raft.server.log.queue.element-limit = 1024 (custom)
2019-09-20 01:17:04,381 [pool-27-thread-1] INFO  server.RaftServerConfigKeys (ConfUtils.java:logGet(43)) - raft.server.log.segment.size.max = 1048576 (custom)
2019-09-20 01:17:04,381 [pool-27-thread-1] INFO  server.RaftServerConfigKeys (ConfUtils.java:logGet(43)) - raft.server.log.preallocated.size = 16384 (custom)
2019-09-20 01:17:04,381 [pool-27-thread-1] INFO  server.RaftServerConfigKeys (ConfUtils.java:logGet(43)) - raft.server.log.write.buffer.size = 33554432 (custom)
2019-09-20 01:17:04,382 [pool-27-thread-1] INFO  server.RaftServerConfigKeys (ConfUtils.java:logGet(43)) - raft.server.log.force.sync.num = 128 (default)
2019-09-20 01:17:04,383 [pool-27-thread-1] INFO  server.RaftServerConfigKeys (ConfUtils.java:logGet(43)) - raft.server.log.statemachine.data.sync = true (default)
2019-09-20 01:17:04,383 [pool-27-thread-1] INFO  server.RaftServerConfigKeys (ConfUtils.java:logGet(43)) - raft.server.log.statemachine.data.sync.timeout = 10s (default)
2019-09-20 01:17:04,383 [pool-27-thread-1] INFO  server.RaftServerConfigKeys (ConfUtils.java:logGet(43)) - raft.server.log.statemachine.data.sync.timeout.retry = -1 (default)
2019-09-20 01:17:04,391 [pool-27-thread-1] INFO  server.RaftServerConfigKeys (ConfUtils.java:logGet(43)) - raft.server.log.statemachine.data.caching.enabled = true (custom)
2019-09-20 01:17:04,396 [pool-27-thread-1] INFO  segmented.SegmentedRaftLogWorker (SegmentedRaftLogWorker.java:lambda$new$0(132)) - ca8cd17d-d9e7-4885-88c9-2067f54ae44d@group-2E84FEDC37CD-SegmentedRaftLogWorker: flushIndex: setUnconditionally 0 -> -1
2019-09-20 01:17:04,400 [pool-27-thread-1] INFO  server.RaftServerConfigKeys (ConfUtils.java:logGet(43)) - raft.server.snapshot.auto.trigger.enabled = true (custom)
2019-09-20 01:17:04,401 [pool-27-thread-1] INFO  server.RaftServerConfigKeys (ConfUtils.java:logGet(43)) - raft.server.snapshot.auto.trigger.threshold = 10000 (custom)
2019-09-20 01:17:04,402 [pool-27-thread-1] INFO  server.RaftServerConfigKeys (ConfUtils.java:logGet(43)) - raft.server.snapshot.retention.num.files = 5 (custom)
2019-09-20 01:17:04,402 [pool-27-thread-1] INFO  server.RaftServerConfigKeys (ConfUtils.java:logGet(43)) - raft.server.retrycache.expirytime = 600000ms (custom)
2019-09-20 01:17:04,428 [pool-27-thread-1] INFO  impl.RaftServerImpl (RaftServerImpl.java:start(185)) - ca8cd17d-d9e7-4885-88c9-2067f54ae44d@group-2E84FEDC37CD: start as a follower, conf=-1: [ca8cd17d-d9e7-4885-88c9-2067f54ae44d:192.168.151.120:33160], old=null
2019-09-20 01:17:04,429 [pool-27-thread-1] INFO  impl.RaftServerImpl (RaftServerImpl.java:setRole(174)) - ca8cd17d-d9e7-4885-88c9-2067f54ae44d@group-2E84FEDC37CD: changes role from      null to FOLLOWER at term 0 for startAsFollower
2019-09-20 01:17:04,430 [pool-27-thread-1] INFO  impl.RoleInfo (RoleInfo.java:updateAndGet(143)) - ca8cd17d-d9e7-4885-88c9-2067f54ae44d: start FollowerState
2019-09-20 01:17:04,432 [pool-27-thread-1] INFO  util.JmxRegister (JmxRegister.java:tryRegister(44)) - Successfully registered JMX Bean with object name Ratis:service=RaftServer,group=group-2E84FEDC37CD,id=ca8cd17d-d9e7-4885-88c9-2067f54ae44d
2019-09-20 01:17:04,515 [RatisPipelineUtilsThread] INFO  pipeline.PipelineStateManager (PipelineStateManager.java:addPipeline(56)) - Created pipeline Pipeline[ Id: eb7cae1d-0807-491e-bf8e-2e84fedc37cd, Nodes: ca8cd17d-d9e7-4885-88c9-2067f54ae44d{ip: 192.168.151.120, host: pr-hdds-2150-czsg7-3946154559, networkLocation: /default-rack, certSerialId: null}, Type:RATIS, Factor:ONE, State:OPEN]
2019-09-20 01:17:04,541 [grpc-default-executor-0] INFO  impl.RaftServerProxy (RaftServerProxy.java:addNew(89)) - be831ace-9e11-4db0-94c8-58d73a8b05a7: addNew group-5496AF10BB8D:[be831ace-9e11-4db0-94c8-58d73a8b05a7:192.168.151.120:35744] returns group-5496AF10BB8D:java.util.concurrent.CompletableFuture@36de225b[Not completed]
2019-09-20 01:17:04,586 [pool-37-thread-1] INFO  impl.RaftServerImpl (RaftServerImpl.java:<init>(95)) - be831ace-9e11-4db0-94c8-58d73a8b05a7: new RaftServerImpl for group-5496AF10BB8D:[be831ace-9e11-4db0-94c8-58d73a8b05a7:192.168.151.120:35744] with ContainerStateMachine:uninitialized
2019-09-20 01:17:04,589 [pool-37-thread-1] INFO  server.RaftServerConfigKeys (ConfUtils.java:logGet(43)) - raft.server.rpc.timeout.min = 5s (custom)
2019-09-20 01:17:04,589 [pool-37-thread-1] INFO  server.RaftServerConfigKeys (ConfUtils.java:logGet(43)) - raft.server.rpc.timeout.max = 5200ms (custom)
2019-09-20 01:17:04,589 [pool-37-thread-1] INFO  server.RaftServerConfigKeys (ConfUtils.java:logGet(43)) - raft.server.rpcslowness.timeout = 1000s (custom)
2019-09-20 01:17:04,589 [pool-37-thread-1] INFO  server.RaftServerConfigKeys (ConfUtils.java:logGet(43)) - raft.server.sleep.deviation.threshold = 300 (default)
2019-09-20 01:17:04,590 [pool-37-thread-1] INFO  server.RaftServerConfigKeys (ConfUtils.java:logGet(43)) - raft.server.log.appender.install.snapshot.enabled = false (custom)
2019-09-20 01:17:04,590 [pool-37-thread-1] INFO  impl.RaftServerImpl (ServerState.java:<init>(103)) - be831ace-9e11-4db0-94c8-58d73a8b05a7@group-5496AF10BB8D: ConfigurationManager, init=-1: [be831ace-9e11-4db0-94c8-58d73a8b05a7:192.168.151.120:35744], old=null, confs=<EMPTY_MAP>
2019-09-20 01:17:04,590 [pool-37-thread-1] INFO  server.RaftServerConfigKeys (ConfUtils.java:logGet(43)) - raft.server.storage.dir = [/workdir/hadoop-ozone/integration-test/target/test-dir/MiniOzoneClusterImpl-5159e439-27ea-48a2-9ee8-0024257d1a62/datanode-1/data/ratis] (custom)
2019-09-20 01:17:04,591 [pool-37-thread-1] INFO  storage.RaftStorageDirectory (RaftStorageDirectory.java:analyzeStorage(246)) - The storage directory /workdir/hadoop-ozone/integration-test/target/test-dir/MiniOzoneClusterImpl-5159e439-27ea-48a2-9ee8-0024257d1a62/datanode-1/data/ratis/7a8e15cd-7792-435e-b0ba-5496af10bb8d does not exist. Creating ...
2019-09-20 01:17:04,617 [pool-37-thread-1] INFO  storage.RaftStorageDirectory (RaftStorageDirectory.java:tryLock(328)) - Lock on /workdir/hadoop-ozone/integration-test/target/test-dir/MiniOzoneClusterImpl-5159e439-27ea-48a2-9ee8-0024257d1a62/datanode-1/data/ratis/7a8e15cd-7792-435e-b0ba-5496af10bb8d/in_use.lock acquired by nodename 15239@pr-hdds-2150-czsg7-3946154559
2019-09-20 01:17:04,647 [pool-37-thread-1] INFO  storage.RaftStorage (RaftStorage.java:format(72)) - Storage directory /workdir/hadoop-ozone/integration-test/target/test-dir/MiniOzoneClusterImpl-5159e439-27ea-48a2-9ee8-0024257d1a62/datanode-1/data/ratis/7a8e15cd-7792-435e-b0ba-5496af10bb8d has been successfully formatted.
2019-09-20 01:17:04,648 [pool-37-thread-1] INFO  ratis.ContainerStateMachine (ContainerStateMachine.java:loadSnapshot(230)) - group-5496AF10BB8D: The snapshot info is null. Setting the last applied indexto:(t:0, i:~)
2019-09-20 01:17:04,650 [pool-37-thread-1] INFO  server.RaftServerConfigKeys (ConfUtils.java:logGet(43)) - raft.server.notification.no-leader.timeout = 1000s (custom)
2019-09-20 01:17:04,650 [pool-37-thread-1] INFO  server.RaftServerConfigKeys (ConfUtils.java:logGet(43)) - raft.server.log.use.memory = false (default)
2019-09-20 01:17:04,651 [pool-37-thread-1] INFO  server.RaftServerConfigKeys (ConfUtils.java:logGet(43)) - raft.server.log.purge.gap = 1000000 (custom)
2019-09-20 01:17:04,651 [pool-37-thread-1] INFO  server.RaftServerConfigKeys (ConfUtils.java:logGet(43)) - raft.server.log.appender.buffer.byte-limit = 33554432 (custom)
2019-09-20 01:17:04,651 [pool-37-thread-1] INFO  server.RaftServerConfigKeys (ConfUtils.java:logGet(43)) - raft.server.log.segment.size.max = 1048576 (custom)
2019-09-20 01:17:04,652 [pool-37-thread-1] INFO  server.RaftServerConfigKeys (ConfUtils.java:logGet(43)) - raft.server.log.segment.cache.num.max = 2 (custom)
2019-09-20 01:17:04,652 [pool-37-thread-1] INFO  segmented.SegmentedRaftLogWorker (SegmentedRaftLogWorker.java:<init>(172)) - new be831ace-9e11-4db0-94c8-58d73a8b05a7@group-5496AF10BB8D-SegmentedRaftLogWorker for RaftStorage:Storage Directory /workdir/hadoop-ozone/integration-test/target/test-dir/MiniOzoneClusterImpl-5159e439-27ea-48a2-9ee8-0024257d1a62/datanode-1/data/ratis/7a8e15cd-7792-435e-b0ba-5496af10bb8d
2019-09-20 01:17:04,661 [pool-37-thread-1] INFO  server.RaftServerConfigKeys (ConfUtils.java:logGet(43)) - raft.server.log.queue.byte-limit = 2147483647 (custom)
2019-09-20 01:17:04,661 [pool-37-thread-1] INFO  server.RaftServerConfigKeys (ConfUtils.java:logGet(43)) - raft.server.log.queue.element-limit = 1024 (custom)
2019-09-20 01:17:04,662 [pool-37-thread-1] INFO  server.RaftServerConfigKeys (ConfUtils.java:logGet(43)) - raft.server.log.segment.size.max = 1048576 (custom)
2019-09-20 01:17:04,662 [pool-37-thread-1] INFO  server.RaftServerConfigKeys (ConfUtils.java:logGet(43)) - raft.server.log.preallocated.size = 16384 (custom)
2019-09-20 01:17:04,662 [pool-37-thread-1] INFO  server.RaftServerConfigKeys (ConfUtils.java:logGet(43)) - raft.server.log.write.buffer.size = 33554432 (custom)
2019-09-20 01:17:04,663 [pool-37-thread-1] INFO  server.RaftServerConfigKeys (ConfUtils.java:logGet(43)) - raft.server.log.force.sync.num = 128 (default)
2019-09-20 01:17:04,663 [pool-37-thread-1] INFO  server.RaftServerConfigKeys (ConfUtils.java:logGet(43)) - raft.server.log.statemachine.data.sync = true (default)
2019-09-20 01:17:04,663 [pool-37-thread-1] INFO  server.RaftServerConfigKeys (ConfUtils.java:logGet(43)) - raft.server.log.statemachine.data.sync.timeout = 10s (default)
2019-09-20 01:17:04,663 [pool-37-thread-1] INFO  server.RaftServerConfigKeys (ConfUtils.java:logGet(43)) - raft.server.log.statemachine.data.sync.timeout.retry = -1 (default)
2019-09-20 01:17:04,664 [pool-37-thread-1] INFO  server.RaftServerConfigKeys (ConfUtils.java:logGet(43)) - raft.server.log.statemachine.data.caching.enabled = true (custom)
2019-09-20 01:17:04,665 [pool-37-thread-1] INFO  segmented.SegmentedRaftLogWorker (SegmentedRaftLogWorker.java:lambda$new$0(132)) - be831ace-9e11-4db0-94c8-58d73a8b05a7@group-5496AF10BB8D-SegmentedRaftLogWorker: flushIndex: setUnconditionally 0 -> -1
2019-09-20 01:17:04,665 [pool-37-thread-1] INFO  server.RaftServerConfigKeys (ConfUtils.java:logGet(43)) - raft.server.snapshot.auto.trigger.enabled = true (custom)
2019-09-20 01:17:04,665 [pool-37-thread-1] INFO  server.RaftServerConfigKeys (ConfUtils.java:logGet(43)) - raft.server.snapshot.auto.trigger.threshold = 10000 (custom)
2019-09-20 01:17:04,666 [pool-37-thread-1] INFO  server.RaftServerConfigKeys (ConfUtils.java:logGet(43)) - raft.server.snapshot.retention.num.files = 5 (custom)
2019-09-20 01:17:04,666 [pool-37-thread-1] INFO  server.RaftServerConfigKeys (ConfUtils.java:logGet(43)) - raft.server.retrycache.expirytime = 600000ms (custom)
2019-09-20 01:17:04,673 [pool-37-thread-1] INFO  impl.RaftServerImpl (RaftServerImpl.java:start(185)) - be831ace-9e11-4db0-94c8-58d73a8b05a7@group-5496AF10BB8D: start as a follower, conf=-1: [be831ace-9e11-4db0-94c8-58d73a8b05a7:192.168.151.120:35744], old=null
2019-09-20 01:17:04,674 [pool-37-thread-1] INFO  impl.RaftServerImpl (RaftServerImpl.java:setRole(174)) - be831ace-9e11-4db0-94c8-58d73a8b05a7@group-5496AF10BB8D: changes role from      null to FOLLOWER at term 0 for startAsFollower
2019-09-20 01:17:04,674 [pool-37-thread-1] INFO  impl.RoleInfo (RoleInfo.java:updateAndGet(143)) - be831ace-9e11-4db0-94c8-58d73a8b05a7: start FollowerState
2019-09-20 01:17:04,676 [pool-37-thread-1] INFO  util.JmxRegister (JmxRegister.java:tryRegister(44)) - Successfully registered JMX Bean with object name Ratis:service=RaftServer,group=group-5496AF10BB8D,id=be831ace-9e11-4db0-94c8-58d73a8b05a7
2019-09-20 01:17:04,691 [RatisPipelineUtilsThread] INFO  pipeline.PipelineStateManager (PipelineStateManager.java:addPipeline(56)) - Created pipeline Pipeline[ Id: 7a8e15cd-7792-435e-b0ba-5496af10bb8d, Nodes: be831ace-9e11-4db0-94c8-58d73a8b05a7{ip: 192.168.151.120, host: pr-hdds-2150-czsg7-3946154559, networkLocation: /default-rack, certSerialId: null}, Type:RATIS, Factor:ONE, State:OPEN]
2019-09-20 01:17:04,715 [grpc-default-executor-0] INFO  impl.RaftServerProxy (RaftServerProxy.java:addNew(89)) - 6622f916-d331-4bba-8fd2-5f3d53fb59f4: addNew group-A3CD6776B829:[6622f916-d331-4bba-8fd2-5f3d53fb59f4:192.168.151.120:39843] returns group-A3CD6776B829:java.util.concurrent.CompletableFuture@c95edc1[Not completed]
2019-09-20 01:17:04,736 [pool-47-thread-1] INFO  impl.RaftServerImpl (RaftServerImpl.java:<init>(95)) - 6622f916-d331-4bba-8fd2-5f3d53fb59f4: new RaftServerImpl for group-A3CD6776B829:[6622f916-d331-4bba-8fd2-5f3d53fb59f4:192.168.151.120:39843] with ContainerStateMachine:uninitialized
2019-09-20 01:17:04,740 [pool-47-thread-1] INFO  server.RaftServerConfigKeys (ConfUtils.java:logGet(43)) - raft.server.rpc.timeout.min = 5s (custom)
2019-09-20 01:17:04,740 [pool-47-thread-1] INFO  server.RaftServerConfigKeys (ConfUtils.java:logGet(43)) - raft.server.rpc.timeout.max = 5200ms (custom)
2019-09-20 01:17:04,740 [pool-47-thread-1] INFO  server.RaftServerConfigKeys (ConfUtils.java:logGet(43)) - raft.server.rpcslowness.timeout = 1000s (custom)
2019-09-20 01:17:04,740 [pool-47-thread-1] INFO  server.RaftServerConfigKeys (ConfUtils.java:logGet(43)) - raft.server.sleep.deviation.threshold = 300 (default)
2019-09-20 01:17:04,740 [pool-47-thread-1] INFO  server.RaftServerConfigKeys (ConfUtils.java:logGet(43)) - raft.server.log.appender.install.snapshot.enabled = false (custom)
2019-09-20 01:17:04,741 [pool-47-thread-1] INFO  impl.RaftServerImpl (ServerState.java:<init>(103)) - 6622f916-d331-4bba-8fd2-5f3d53fb59f4@group-A3CD6776B829: ConfigurationManager, init=-1: [6622f916-d331-4bba-8fd2-5f3d53fb59f4:192.168.151.120:39843], old=null, confs=<EMPTY_MAP>
2019-09-20 01:17:04,741 [pool-47-thread-1] INFO  server.RaftServerConfigKeys (ConfUtils.java:logGet(43)) - raft.server.storage.dir = [/workdir/hadoop-ozone/integration-test/target/test-dir/MiniOzoneClusterImpl-5159e439-27ea-48a2-9ee8-0024257d1a62/datanode-2/data/ratis] (custom)
2019-09-20 01:17:04,741 [pool-47-thread-1] INFO  storage.RaftStorageDirectory (RaftStorageDirectory.java:analyzeStorage(246)) - The storage directory /workdir/hadoop-ozone/integration-test/target/test-dir/MiniOzoneClusterImpl-5159e439-27ea-48a2-9ee8-0024257d1a62/datanode-2/data/ratis/6a02b33a-d988-4206-bc32-a3cd6776b829 does not exist. Creating ...
2019-09-20 01:17:04,766 [pool-47-thread-1] INFO  storage.RaftStorageDirectory (RaftStorageDirectory.java:tryLock(328)) - Lock on /workdir/hadoop-ozone/integration-test/target/test-dir/MiniOzoneClusterImpl-5159e439-27ea-48a2-9ee8-0024257d1a62/datanode-2/data/ratis/6a02b33a-d988-4206-bc32-a3cd6776b829/in_use.lock acquired by nodename 15239@pr-hdds-2150-czsg7-3946154559
2019-09-20 01:17:04,779 [pool-47-thread-1] INFO  storage.RaftStorage (RaftStorage.java:format(72)) - Storage directory /workdir/hadoop-ozone/integration-test/target/test-dir/MiniOzoneClusterImpl-5159e439-27ea-48a2-9ee8-0024257d1a62/datanode-2/data/ratis/6a02b33a-d988-4206-bc32-a3cd6776b829 has been successfully formatted.
2019-09-20 01:17:04,779 [pool-47-thread-1] INFO  ratis.ContainerStateMachine (ContainerStateMachine.java:loadSnapshot(230)) - group-A3CD6776B829: The snapshot info is null. Setting the last applied indexto:(t:0, i:~)
2019-09-20 01:17:04,780 [pool-47-thread-1] INFO  server.RaftServerConfigKeys (ConfUtils.java:logGet(43)) - raft.server.notification.no-leader.timeout = 1000s (custom)
2019-09-20 01:17:04,780 [pool-47-thread-1] INFO  server.RaftServerConfigKeys (ConfUtils.java:logGet(43)) - raft.server.log.use.memory = false (default)
2019-09-20 01:17:04,780 [pool-47-thread-1] INFO  server.RaftServerConfigKeys (ConfUtils.java:logGet(43)) - raft.server.log.purge.gap = 1000000 (custom)
2019-09-20 01:17:04,780 [pool-47-thread-1] INFO  server.RaftServerConfigKeys (ConfUtils.java:logGet(43)) - raft.server.log.appender.buffer.byte-limit = 33554432 (custom)
2019-09-20 01:17:04,780 [pool-47-thread-1] INFO  server.RaftServerConfigKeys (ConfUtils.java:logGet(43)) - raft.server.log.segment.size.max = 1048576 (custom)
2019-09-20 01:17:04,781 [pool-47-thread-1] INFO  server.RaftServerConfigKeys (ConfUtils.java:logGet(43)) - raft.server.log.segment.cache.num.max = 2 (custom)
2019-09-20 01:17:04,781 [pool-47-thread-1] INFO  segmented.SegmentedRaftLogWorker (SegmentedRaftLogWorker.java:<init>(172)) - new 6622f916-d331-4bba-8fd2-5f3d53fb59f4@group-A3CD6776B829-SegmentedRaftLogWorker for RaftStorage:Storage Directory /workdir/hadoop-ozone/integration-test/target/test-dir/MiniOzoneClusterImpl-5159e439-27ea-48a2-9ee8-0024257d1a62/datanode-2/data/ratis/6a02b33a-d988-4206-bc32-a3cd6776b829
2019-09-20 01:17:04,809 [pool-47-thread-1] INFO  server.RaftServerConfigKeys (ConfUtils.java:logGet(43)) - raft.server.log.queue.byte-limit = 2147483647 (custom)
2019-09-20 01:17:04,810 [pool-47-thread-1] INFO  server.RaftServerConfigKeys (ConfUtils.java:logGet(43)) - raft.server.log.queue.element-limit = 1024 (custom)
2019-09-20 01:17:04,810 [pool-47-thread-1] INFO  server.RaftServerConfigKeys (ConfUtils.java:logGet(43)) - raft.server.log.segment.size.max = 1048576 (custom)
2019-09-20 01:17:04,810 [pool-47-thread-1] INFO  server.RaftServerConfigKeys (ConfUtils.java:logGet(43)) - raft.server.log.preallocated.size = 16384 (custom)
2019-09-20 01:17:04,810 [pool-47-thread-1] INFO  server.RaftServerConfigKeys (ConfUtils.java:logGet(43)) - raft.server.log.write.buffer.size = 33554432 (custom)
2019-09-20 01:17:04,811 [pool-47-thread-1] INFO  server.RaftServerConfigKeys (ConfUtils.java:logGet(43)) - raft.server.log.force.sync.num = 128 (default)
2019-09-20 01:17:04,811 [pool-47-thread-1] INFO  server.RaftServerConfigKeys (ConfUtils.java:logGet(43)) - raft.server.log.statemachine.data.sync = true (default)
2019-09-20 01:17:04,811 [pool-47-thread-1] INFO  server.RaftServerConfigKeys (ConfUtils.java:logGet(43)) - raft.server.log.statemachine.data.sync.timeout = 10s (default)
2019-09-20 01:17:04,811 [pool-47-thread-1] INFO  server.RaftServerConfigKeys (ConfUtils.java:logGet(43)) - raft.server.log.statemachine.data.sync.timeout.retry = -1 (default)
2019-09-20 01:17:04,812 [pool-47-thread-1] INFO  server.RaftServerConfigKeys (ConfUtils.java:logGet(43)) - raft.server.log.statemachine.data.caching.enabled = true (custom)
2019-09-20 01:17:04,812 [pool-47-thread-1] INFO  segmented.SegmentedRaftLogWorker (SegmentedRaftLogWorker.java:lambda$new$0(132)) - 6622f916-d331-4bba-8fd2-5f3d53fb59f4@group-A3CD6776B829-SegmentedRaftLogWorker: flushIndex: setUnconditionally 0 -> -1
2019-09-20 01:17:04,813 [pool-47-thread-1] INFO  server.RaftServerConfigKeys (ConfUtils.java:logGet(43)) - raft.server.snapshot.auto.trigger.enabled = true (custom)
2019-09-20 01:17:04,813 [pool-47-thread-1] INFO  server.RaftServerConfigKeys (ConfUtils.java:logGet(43)) - raft.server.snapshot.auto.trigger.threshold = 10000 (custom)
2019-09-20 01:17:04,813 [pool-47-thread-1] INFO  server.RaftServerConfigKeys (ConfUtils.java:logGet(43)) - raft.server.snapshot.retention.num.files = 5 (custom)
2019-09-20 01:17:04,813 [pool-47-thread-1] INFO  server.RaftServerConfigKeys (ConfUtils.java:logGet(43)) - raft.server.retrycache.expirytime = 600000ms (custom)
2019-09-20 01:17:04,818 [pool-47-thread-1] INFO  impl.RaftServerImpl (RaftServerImpl.java:start(185)) - 6622f916-d331-4bba-8fd2-5f3d53fb59f4@group-A3CD6776B829: start as a follower, conf=-1: [6622f916-d331-4bba-8fd2-5f3d53fb59f4:192.168.151.120:39843], old=null
2019-09-20 01:17:04,818 [pool-47-thread-1] INFO  impl.RaftServerImpl (RaftServerImpl.java:setRole(174)) - 6622f916-d331-4bba-8fd2-5f3d53fb59f4@group-A3CD6776B829: changes role from      null to FOLLOWER at term 0 for startAsFollower
2019-09-20 01:17:04,818 [pool-47-thread-1] INFO  impl.RoleInfo (RoleInfo.java:updateAndGet(143)) - 6622f916-d331-4bba-8fd2-5f3d53fb59f4: start FollowerState
2019-09-20 01:17:04,818 [pool-47-thread-1] INFO  util.JmxRegister (JmxRegister.java:tryRegister(44)) - Successfully registered JMX Bean with object name Ratis:service=RaftServer,group=group-A3CD6776B829,id=6622f916-d331-4bba-8fd2-5f3d53fb59f4
2019-09-20 01:17:04,830 [RatisPipelineUtilsThread] INFO  pipeline.PipelineStateManager (PipelineStateManager.java:addPipeline(56)) - Created pipeline Pipeline[ Id: 6a02b33a-d988-4206-bc32-a3cd6776b829, Nodes: 6622f916-d331-4bba-8fd2-5f3d53fb59f4{ip: 192.168.151.120, host: pr-hdds-2150-czsg7-3946154559, networkLocation: /default-rack, certSerialId: null}, Type:RATIS, Factor:ONE, State:OPEN]
2019-09-20 01:17:04,850 [grpc-default-executor-0] INFO  impl.RaftServerProxy (RaftServerProxy.java:addNew(89)) - 26af4371-9d5d-428d-8e45-bfde8adece44: addNew group-603E97D3DDB4:[26af4371-9d5d-428d-8e45-bfde8adece44:192.168.151.120:43474] returns group-603E97D3DDB4:java.util.concurrent.CompletableFuture@4e857037[Not completed]
2019-09-20 01:17:04,852 [pool-57-thread-1] INFO  impl.RaftServerImpl (RaftServerImpl.java:<init>(95)) - 26af4371-9d5d-428d-8e45-bfde8adece44: new RaftServerImpl for group-603E97D3DDB4:[26af4371-9d5d-428d-8e45-bfde8adece44:192.168.151.120:43474] with ContainerStateMachine:uninitialized
2019-09-20 01:17:04,852 [pool-57-thread-1] INFO  server.RaftServerConfigKeys (ConfUtils.java:logGet(43)) - raft.server.rpc.timeout.min = 5s (custom)
2019-09-20 01:17:04,852 [pool-57-thread-1] INFO  server.RaftServerConfigKeys (ConfUtils.java:logGet(43)) - raft.server.rpc.timeout.max = 5200ms (custom)
2019-09-20 01:17:04,852 [pool-57-thread-1] INFO  server.RaftServerConfigKeys (ConfUtils.java:logGet(43)) - raft.server.rpcslowness.timeout = 1000s (custom)
2019-09-20 01:17:04,852 [pool-57-thread-1] INFO  server.RaftServerConfigKeys (ConfUtils.java:logGet(43)) - raft.server.sleep.deviation.threshold = 300 (default)
2019-09-20 01:17:04,852 [pool-57-thread-1] INFO  server.RaftServerConfigKeys (ConfUtils.java:logGet(43)) - raft.server.log.appender.install.snapshot.enabled = false (custom)
2019-09-20 01:17:04,853 [pool-57-thread-1] INFO  impl.RaftServerImpl (ServerState.java:<init>(103)) - 26af4371-9d5d-428d-8e45-bfde8adece44@group-603E97D3DDB4: ConfigurationManager, init=-1: [26af4371-9d5d-428d-8e45-bfde8adece44:192.168.151.120:43474], old=null, confs=<EMPTY_MAP>
2019-09-20 01:17:04,853 [pool-57-thread-1] INFO  server.RaftServerConfigKeys (ConfUtils.java:logGet(43)) - raft.server.storage.dir = [/workdir/hadoop-ozone/integration-test/target/test-dir/MiniOzoneClusterImpl-5159e439-27ea-48a2-9ee8-0024257d1a62/datanode-3/data/ratis] (custom)
2019-09-20 01:17:04,853 [pool-57-thread-1] INFO  storage.RaftStorageDirectory (RaftStorageDirectory.java:analyzeStorage(246)) - The storage directory /workdir/hadoop-ozone/integration-test/target/test-dir/MiniOzoneClusterImpl-5159e439-27ea-48a2-9ee8-0024257d1a62/datanode-3/data/ratis/1cca460e-0de0-417b-82f6-603e97d3ddb4 does not exist. Creating ...
2019-09-20 01:17:04,878 [pool-57-thread-1] INFO  storage.RaftStorageDirectory (RaftStorageDirectory.java:tryLock(328)) - Lock on /workdir/hadoop-ozone/integration-test/target/test-dir/MiniOzoneClusterImpl-5159e439-27ea-48a2-9ee8-0024257d1a62/datanode-3/data/ratis/1cca460e-0de0-417b-82f6-603e97d3ddb4/in_use.lock acquired by nodename 15239@pr-hdds-2150-czsg7-3946154559
2019-09-20 01:17:04,878 [main] INFO  ozone.MiniOzoneClusterImpl (MiniOzoneClusterImpl.java:lambda$waitForClusterToBeReady$0(145)) - Cluster is ready. Got 4 of 4 DN Heartbeats.
2019-09-20 01:17:04,882 [main] INFO  container.ReplicationManager (ReplicationManager.java:start(162)) - Starting Replication Monitor Thread.
2019-09-20 01:17:04,884 [ReplicationMonitor] INFO  container.ReplicationManager (ReplicationManager.java:run(225)) - Replication Monitor Thread took 0 milliseconds for processing 0 containers.
2019-09-20 01:17:04,891 [pool-57-thread-1] INFO  storage.RaftStorage (RaftStorage.java:format(72)) - Storage directory /workdir/hadoop-ozone/integration-test/target/test-dir/MiniOzoneClusterImpl-5159e439-27ea-48a2-9ee8-0024257d1a62/datanode-3/data/ratis/1cca460e-0de0-417b-82f6-603e97d3ddb4 has been successfully formatted.
2019-09-20 01:17:04,891 [pool-57-thread-1] INFO  ratis.ContainerStateMachine (ContainerStateMachine.java:loadSnapshot(230)) - group-603E97D3DDB4: The snapshot info is null. Setting the last applied indexto:(t:0, i:~)
2019-09-20 01:17:04,892 [pool-57-thread-1] INFO  server.RaftServerConfigKeys (ConfUtils.java:logGet(43)) - raft.server.notification.no-leader.timeout = 1000s (custom)
2019-09-20 01:17:04,892 [pool-57-thread-1] INFO  server.RaftServerConfigKeys (ConfUtils.java:logGet(43)) - raft.server.log.use.memory = false (default)
2019-09-20 01:17:04,892 [pool-57-thread-1] INFO  server.RaftServerConfigKeys (ConfUtils.java:logGet(43)) - raft.server.log.purge.gap = 1000000 (custom)
2019-09-20 01:17:04,892 [pool-57-thread-1] INFO  server.RaftServerConfigKeys (ConfUtils.java:logGet(43)) - raft.server.log.appender.buffer.byte-limit = 33554432 (custom)
2019-09-20 01:17:04,892 [pool-57-thread-1] INFO  server.RaftServerConfigKeys (ConfUtils.java:logGet(43)) - raft.server.log.segment.size.max = 1048576 (custom)
2019-09-20 01:17:04,892 [pool-57-thread-1] INFO  server.RaftServerConfigKeys (ConfUtils.java:logGet(43)) - raft.server.log.segment.cache.num.max = 2 (custom)
2019-09-20 01:17:04,893 [pool-57-thread-1] INFO  segmented.SegmentedRaftLogWorker (SegmentedRaftLogWorker.java:<init>(172)) - new 26af4371-9d5d-428d-8e45-bfde8adece44@group-603E97D3DDB4-SegmentedRaftLogWorker for RaftStorage:Storage Directory /workdir/hadoop-ozone/integration-test/target/test-dir/MiniOzoneClusterImpl-5159e439-27ea-48a2-9ee8-0024257d1a62/datanode-3/data/ratis/1cca460e-0de0-417b-82f6-603e97d3ddb4
2019-09-20 01:17:04,896 [pool-57-thread-1] INFO  server.RaftServerConfigKeys (ConfUtils.java:logGet(43)) - raft.server.log.queue.byte-limit = 2147483647 (custom)
2019-09-20 01:17:04,897 [pool-57-thread-1] INFO  server.RaftServerConfigKeys (ConfUtils.java:logGet(43)) - raft.server.log.queue.element-limit = 1024 (custom)
2019-09-20 01:17:04,897 [pool-57-thread-1] INFO  server.RaftServerConfigKeys (ConfUtils.java:logGet(43)) - raft.server.log.segment.size.max = 1048576 (custom)
2019-09-20 01:17:04,897 [pool-57-thread-1] INFO  server.RaftServerConfigKeys (ConfUtils.java:logGet(43)) - raft.server.log.preallocated.size = 16384 (custom)
2019-09-20 01:17:04,897 [pool-57-thread-1] INFO  server.RaftServerConfigKeys (ConfUtils.java:logGet(43)) - raft.server.log.write.buffer.size = 33554432 (custom)
2019-09-20 01:17:04,897 [pool-57-thread-1] INFO  server.RaftServerConfigKeys (ConfUtils.java:logGet(43)) - raft.server.log.force.sync.num = 128 (default)
2019-09-20 01:17:04,897 [pool-57-thread-1] INFO  server.RaftServerConfigKeys (ConfUtils.java:logGet(43)) - raft.server.log.statemachine.data.sync = true (default)
2019-09-20 01:17:04,897 [pool-57-thread-1] INFO  server.RaftServerConfigKeys (ConfUtils.java:logGet(43)) - raft.server.log.statemachine.data.sync.timeout = 10s (default)
2019-09-20 01:17:04,898 [pool-57-thread-1] INFO  server.RaftServerConfigKeys (ConfUtils.java:logGet(43)) - raft.server.log.statemachine.data.sync.timeout.retry = -1 (default)
2019-09-20 01:17:04,898 [pool-57-thread-1] INFO  server.RaftServerConfigKeys (ConfUtils.java:logGet(43)) - raft.server.log.statemachine.data.caching.enabled = true (custom)
2019-09-20 01:17:04,898 [pool-57-thread-1] INFO  segmented.SegmentedRaftLogWorker (SegmentedRaftLogWorker.java:lambda$new$0(132)) - 26af4371-9d5d-428d-8e45-bfde8adece44@group-603E97D3DDB4-SegmentedRaftLogWorker: flushIndex: setUnconditionally 0 -> -1
2019-09-20 01:17:04,899 [pool-57-thread-1] INFO  server.RaftServerConfigKeys (ConfUtils.java:logGet(43)) - raft.server.snapshot.auto.trigger.enabled = true (custom)
2019-09-20 01:17:04,899 [pool-57-thread-1] INFO  server.RaftServerConfigKeys (ConfUtils.java:logGet(43)) - raft.server.snapshot.auto.trigger.threshold = 10000 (custom)
2019-09-20 01:17:04,899 [pool-57-thread-1] INFO  server.RaftServerConfigKeys (ConfUtils.java:logGet(43)) - raft.server.snapshot.retention.num.files = 5 (custom)
2019-09-20 01:17:04,899 [pool-57-thread-1] INFO  server.RaftServerConfigKeys (ConfUtils.java:logGet(43)) - raft.server.retrycache.expirytime = 600000ms (custom)
2019-09-20 01:17:04,903 [pool-57-thread-1] INFO  impl.RaftServerImpl (RaftServerImpl.java:start(185)) - 26af4371-9d5d-428d-8e45-bfde8adece44@group-603E97D3DDB4: start as a follower, conf=-1: [26af4371-9d5d-428d-8e45-bfde8adece44:192.168.151.120:43474], old=null
2019-09-20 01:17:04,903 [pool-57-thread-1] INFO  impl.RaftServerImpl (RaftServerImpl.java:setRole(174)) - 26af4371-9d5d-428d-8e45-bfde8adece44@group-603E97D3DDB4: changes role from      null to FOLLOWER at term 0 for startAsFollower
2019-09-20 01:17:04,903 [pool-57-thread-1] INFO  impl.RoleInfo (RoleInfo.java:updateAndGet(143)) - 26af4371-9d5d-428d-8e45-bfde8adece44: start FollowerState
2019-09-20 01:17:04,903 [pool-57-thread-1] INFO  util.JmxRegister (JmxRegister.java:tryRegister(44)) - Successfully registered JMX Bean with object name Ratis:service=RaftServer,group=group-603E97D3DDB4,id=26af4371-9d5d-428d-8e45-bfde8adece44
2019-09-20 01:17:04,914 [RatisPipelineUtilsThread] INFO  pipeline.PipelineStateManager (PipelineStateManager.java:addPipeline(56)) - Created pipeline Pipeline[ Id: 1cca460e-0de0-417b-82f6-603e97d3ddb4, Nodes: 26af4371-9d5d-428d-8e45-bfde8adece44{ip: 192.168.151.120, host: pr-hdds-2150-czsg7-3946154559, networkLocation: /default-rack, certSerialId: null}, Type:RATIS, Factor:ONE, State:OPEN]
2019-09-20 01:17:04,971 [grpc-default-executor-1] INFO  impl.RaftServerProxy (RaftServerProxy.java:addNew(89)) - 6622f916-d331-4bba-8fd2-5f3d53fb59f4: addNew group-9C255A61EACA:[ca8cd17d-d9e7-4885-88c9-2067f54ae44d:192.168.151.120:33160, 6622f916-d331-4bba-8fd2-5f3d53fb59f4:192.168.151.120:39843, be831ace-9e11-4db0-94c8-58d73a8b05a7:192.168.151.120:35744] returns group-9C255A61EACA:java.util.concurrent.CompletableFuture@77283c79[Not completed]
2019-09-20 01:17:04,976 [grpc-default-executor-0] INFO  impl.RaftServerProxy (RaftServerProxy.java:addNew(89)) - ca8cd17d-d9e7-4885-88c9-2067f54ae44d: addNew group-9C255A61EACA:[ca8cd17d-d9e7-4885-88c9-2067f54ae44d:192.168.151.120:33160, 6622f916-d331-4bba-8fd2-5f3d53fb59f4:192.168.151.120:39843, be831ace-9e11-4db0-94c8-58d73a8b05a7:192.168.151.120:35744] returns group-9C255A61EACA:java.util.concurrent.CompletableFuture@50a9f9c0[Not completed]
2019-09-20 01:17:04,976 [grpc-default-executor-2] INFO  impl.RaftServerProxy (RaftServerProxy.java:addNew(89)) - be831ace-9e11-4db0-94c8-58d73a8b05a7: addNew group-9C255A61EACA:[ca8cd17d-d9e7-4885-88c9-2067f54ae44d:192.168.151.120:33160, 6622f916-d331-4bba-8fd2-5f3d53fb59f4:192.168.151.120:39843, be831ace-9e11-4db0-94c8-58d73a8b05a7:192.168.151.120:35744] returns group-9C255A61EACA:java.util.concurrent.CompletableFuture@5a40b576[Not completed]
2019-09-20 01:17:04,977 [pool-47-thread-1] INFO  impl.RaftServerImpl (RaftServerImpl.java:<init>(95)) - 6622f916-d331-4bba-8fd2-5f3d53fb59f4: new RaftServerImpl for group-9C255A61EACA:[ca8cd17d-d9e7-4885-88c9-2067f54ae44d:192.168.151.120:33160, 6622f916-d331-4bba-8fd2-5f3d53fb59f4:192.168.151.120:39843, be831ace-9e11-4db0-94c8-58d73a8b05a7:192.168.151.120:35744] with ContainerStateMachine:uninitialized
2019-09-20 01:17:04,977 [pool-47-thread-1] INFO  server.RaftServerConfigKeys (ConfUtils.java:logGet(43)) - raft.server.rpc.timeout.min = 5s (custom)
2019-09-20 01:17:04,978 [pool-47-thread-1] INFO  server.RaftServerConfigKeys (ConfUtils.java:logGet(43)) - raft.server.rpc.timeout.max = 5200ms (custom)
2019-09-20 01:17:04,978 [pool-47-thread-1] INFO  server.RaftServerConfigKeys (ConfUtils.java:logGet(43)) - raft.server.rpcslowness.timeout = 1000s (custom)
2019-09-20 01:17:04,978 [pool-47-thread-1] INFO  server.RaftServerConfigKeys (ConfUtils.java:logGet(43)) - raft.server.sleep.deviation.threshold = 300 (default)
2019-09-20 01:17:04,978 [pool-47-thread-1] INFO  server.RaftServerConfigKeys (ConfUtils.java:logGet(43)) - raft.server.log.appender.install.snapshot.enabled = false (custom)
2019-09-20 01:17:04,978 [pool-37-thread-1] INFO  impl.RaftServerImpl (RaftServerImpl.java:<init>(95)) - be831ace-9e11-4db0-94c8-58d73a8b05a7: new RaftServerImpl for group-9C255A61EACA:[ca8cd17d-d9e7-4885-88c9-2067f54ae44d:192.168.151.120:33160, 6622f916-d331-4bba-8fd2-5f3d53fb59f4:192.168.151.120:39843, be831ace-9e11-4db0-94c8-58d73a8b05a7:192.168.151.120:35744] with ContainerStateMachine:uninitialized
2019-09-20 01:17:04,979 [pool-47-thread-1] INFO  impl.RaftServerImpl (ServerState.java:<init>(103)) - 6622f916-d331-4bba-8fd2-5f3d53fb59f4@group-9C255A61EACA: ConfigurationManager, init=-1: [ca8cd17d-d9e7-4885-88c9-2067f54ae44d:192.168.151.120:33160, 6622f916-d331-4bba-8fd2-5f3d53fb59f4:192.168.151.120:39843, be831ace-9e11-4db0-94c8-58d73a8b05a7:192.168.151.120:35744], old=null, confs=<EMPTY_MAP>
2019-09-20 01:17:04,979 [pool-37-thread-1] INFO  server.RaftServerConfigKeys (ConfUtils.java:logGet(43)) - raft.server.rpc.timeout.min = 5s (custom)
2019-09-20 01:17:04,979 [pool-47-thread-1] INFO  server.RaftServerConfigKeys (ConfUtils.java:logGet(43)) - raft.server.storage.dir = [/workdir/hadoop-ozone/integration-test/target/test-dir/MiniOzoneClusterImpl-5159e439-27ea-48a2-9ee8-0024257d1a62/datanode-2/data/ratis] (custom)
2019-09-20 01:17:04,979 [pool-37-thread-1] INFO  server.RaftServerConfigKeys (ConfUtils.java:logGet(43)) - raft.server.rpc.timeout.max = 5200ms (custom)
2019-09-20 01:17:04,979 [pool-37-thread-1] INFO  server.RaftServerConfigKeys (ConfUtils.java:logGet(43)) - raft.server.rpcslowness.timeout = 1000s (custom)
2019-09-20 01:17:04,980 [pool-47-thread-1] INFO  storage.RaftStorageDirectory (RaftStorageDirectory.java:analyzeStorage(246)) - The storage directory /workdir/hadoop-ozone/integration-test/target/test-dir/MiniOzoneClusterImpl-5159e439-27ea-48a2-9ee8-0024257d1a62/datanode-2/data/ratis/3190ba27-29a2-4460-a5fd-9c255a61eaca does not exist. Creating ...
2019-09-20 01:17:04,980 [pool-37-thread-1] INFO  server.RaftServerConfigKeys (ConfUtils.java:logGet(43)) - raft.server.sleep.deviation.threshold = 300 (default)
2019-09-20 01:17:04,980 [pool-27-thread-1] INFO  impl.RaftServerImpl (RaftServerImpl.java:<init>(95)) - ca8cd17d-d9e7-4885-88c9-2067f54ae44d: new RaftServerImpl for group-9C255A61EACA:[ca8cd17d-d9e7-4885-88c9-2067f54ae44d:192.168.151.120:33160, 6622f916-d331-4bba-8fd2-5f3d53fb59f4:192.168.151.120:39843, be831ace-9e11-4db0-94c8-58d73a8b05a7:192.168.151.120:35744] with ContainerStateMachine:uninitialized
2019-09-20 01:17:04,980 [pool-37-thread-1] INFO  server.RaftServerConfigKeys (ConfUtils.java:logGet(43)) - raft.server.log.appender.install.snapshot.enabled = false (custom)
2019-09-20 01:17:04,980 [pool-27-thread-1] INFO  server.RaftServerConfigKeys (ConfUtils.java:logGet(43)) - raft.server.rpc.timeout.min = 5s (custom)
2019-09-20 01:17:04,980 [pool-37-thread-1] INFO  impl.RaftServerImpl (ServerState.java:<init>(103)) - be831ace-9e11-4db0-94c8-58d73a8b05a7@group-9C255A61EACA: ConfigurationManager, init=-1: [ca8cd17d-d9e7-4885-88c9-2067f54ae44d:192.168.151.120:33160, 6622f916-d331-4bba-8fd2-5f3d53fb59f4:192.168.151.120:39843, be831ace-9e11-4db0-94c8-58d73a8b05a7:192.168.151.120:35744], old=null, confs=<EMPTY_MAP>
2019-09-20 01:17:04,980 [pool-27-thread-1] INFO  server.RaftServerConfigKeys (ConfUtils.java:logGet(43)) - raft.server.rpc.timeout.max = 5200ms (custom)
2019-09-20 01:17:04,981 [pool-37-thread-1] INFO  server.RaftServerConfigKeys (ConfUtils.java:logGet(43)) - raft.server.storage.dir = [/workdir/hadoop-ozone/integration-test/target/test-dir/MiniOzoneClusterImpl-5159e439-27ea-48a2-9ee8-0024257d1a62/datanode-1/data/ratis] (custom)
2019-09-20 01:17:04,981 [pool-27-thread-1] INFO  server.RaftServerConfigKeys (ConfUtils.java:logGet(43)) - raft.server.rpcslowness.timeout = 1000s (custom)
2019-09-20 01:17:04,981 [pool-27-thread-1] INFO  server.RaftServerConfigKeys (ConfUtils.java:logGet(43)) - raft.server.sleep.deviation.threshold = 300 (default)
2019-09-20 01:17:04,981 [pool-37-thread-1] INFO  storage.RaftStorageDirectory (RaftStorageDirectory.java:analyzeStorage(246)) - The storage directory /workdir/hadoop-ozone/integration-test/target/test-dir/MiniOzoneClusterImpl-5159e439-27ea-48a2-9ee8-0024257d1a62/datanode-1/data/ratis/3190ba27-29a2-4460-a5fd-9c255a61eaca does not exist. Creating ...
2019-09-20 01:17:04,981 [pool-27-thread-1] INFO  server.RaftServerConfigKeys (ConfUtils.java:logGet(43)) - raft.server.log.appender.install.snapshot.enabled = false (custom)
2019-09-20 01:17:04,982 [pool-27-thread-1] INFO  impl.RaftServerImpl (ServerState.java:<init>(103)) - ca8cd17d-d9e7-4885-88c9-2067f54ae44d@group-9C255A61EACA: ConfigurationManager, init=-1: [ca8cd17d-d9e7-4885-88c9-2067f54ae44d:192.168.151.120:33160, 6622f916-d331-4bba-8fd2-5f3d53fb59f4:192.168.151.120:39843, be831ace-9e11-4db0-94c8-58d73a8b05a7:192.168.151.120:35744], old=null, confs=<EMPTY_MAP>
2019-09-20 01:17:04,982 [pool-27-thread-1] INFO  server.RaftServerConfigKeys (ConfUtils.java:logGet(43)) - raft.server.storage.dir = [/workdir/hadoop-ozone/integration-test/target/test-dir/MiniOzoneClusterImpl-5159e439-27ea-48a2-9ee8-0024257d1a62/datanode-0/data/ratis] (custom)
2019-09-20 01:17:04,982 [pool-27-thread-1] INFO  storage.RaftStorageDirectory (RaftStorageDirectory.java:analyzeStorage(246)) - The storage directory /workdir/hadoop-ozone/integration-test/target/test-dir/MiniOzoneClusterImpl-5159e439-27ea-48a2-9ee8-0024257d1a62/datanode-0/data/ratis/3190ba27-29a2-4460-a5fd-9c255a61eaca does not exist. Creating ...
2019-09-20 01:17:04,993 [pool-27-thread-1] INFO  storage.RaftStorageDirectory (RaftStorageDirectory.java:tryLock(328)) - Lock on /workdir/hadoop-ozone/integration-test/target/test-dir/MiniOzoneClusterImpl-5159e439-27ea-48a2-9ee8-0024257d1a62/datanode-0/data/ratis/3190ba27-29a2-4460-a5fd-9c255a61eaca/in_use.lock acquired by nodename 15239@pr-hdds-2150-czsg7-3946154559
2019-09-20 01:17:04,993 [pool-37-thread-1] INFO  storage.RaftStorageDirectory (RaftStorageDirectory.java:tryLock(328)) - Lock on /workdir/hadoop-ozone/integration-test/target/test-dir/MiniOzoneClusterImpl-5159e439-27ea-48a2-9ee8-0024257d1a62/datanode-1/data/ratis/3190ba27-29a2-4460-a5fd-9c255a61eaca/in_use.lock acquired by nodename 15239@pr-hdds-2150-czsg7-3946154559
2019-09-20 01:17:04,993 [pool-47-thread-1] INFO  storage.RaftStorageDirectory (RaftStorageDirectory.java:tryLock(328)) - Lock on /workdir/hadoop-ozone/integration-test/target/test-dir/MiniOzoneClusterImpl-5159e439-27ea-48a2-9ee8-0024257d1a62/datanode-2/data/ratis/3190ba27-29a2-4460-a5fd-9c255a61eaca/in_use.lock acquired by nodename 15239@pr-hdds-2150-czsg7-3946154559
2019-09-20 01:17:05,027 [pool-27-thread-1] INFO  storage.RaftStorage (RaftStorage.java:format(72)) - Storage directory /workdir/hadoop-ozone/integration-test/target/test-dir/MiniOzoneClusterImpl-5159e439-27ea-48a2-9ee8-0024257d1a62/datanode-0/data/ratis/3190ba27-29a2-4460-a5fd-9c255a61eaca has been successfully formatted.
2019-09-20 01:17:05,027 [pool-37-thread-1] INFO  storage.RaftStorage (RaftStorage.java:format(72)) - Storage directory /workdir/hadoop-ozone/integration-test/target/test-dir/MiniOzoneClusterImpl-5159e439-27ea-48a2-9ee8-0024257d1a62/datanode-1/data/ratis/3190ba27-29a2-4460-a5fd-9c255a61eaca has been successfully formatted.
2019-09-20 01:17:05,027 [pool-47-thread-1] INFO  storage.RaftStorage (RaftStorage.java:format(72)) - Storage directory /workdir/hadoop-ozone/integration-test/target/test-dir/MiniOzoneClusterImpl-5159e439-27ea-48a2-9ee8-0024257d1a62/datanode-2/data/ratis/3190ba27-29a2-4460-a5fd-9c255a61eaca has been successfully formatted.
2019-09-20 01:17:05,028 [pool-27-thread-1] INFO  ratis.ContainerStateMachine (ContainerStateMachine.java:loadSnapshot(230)) - group-9C255A61EACA: The snapshot info is null. Setting the last applied indexto:(t:0, i:~)
2019-09-20 01:17:05,028 [pool-37-thread-1] INFO  ratis.ContainerStateMachine (ContainerStateMachine.java:loadSnapshot(230)) - group-9C255A61EACA: The snapshot info is null. Setting the last applied indexto:(t:0, i:~)
2019-09-20 01:17:05,028 [pool-47-thread-1] INFO  ratis.ContainerStateMachine (ContainerStateMachine.java:loadSnapshot(230)) - group-9C255A61EACA: The snapshot info is null. Setting the last applied indexto:(t:0, i:~)
2019-09-20 01:17:05,028 [pool-27-thread-1] INFO  server.RaftServerConfigKeys (ConfUtils.java:logGet(43)) - raft.server.notification.no-leader.timeout = 1000s (custom)
2019-09-20 01:17:05,028 [pool-47-thread-1] INFO  server.RaftServerConfigKeys (ConfUtils.java:logGet(43)) - raft.server.notification.no-leader.timeout = 1000s (custom)
2019-09-20 01:17:05,028 [pool-37-thread-1] INFO  server.RaftServerConfigKeys (ConfUtils.java:logGet(43)) - raft.server.notification.no-leader.timeout = 1000s (custom)
2019-09-20 01:17:05,029 [pool-47-thread-1] INFO  server.RaftServerConfigKeys (ConfUtils.java:logGet(43)) - raft.server.log.use.memory = false (default)
2019-09-20 01:17:05,029 [pool-27-thread-1] INFO  server.RaftServerConfigKeys (ConfUtils.java:logGet(43)) - raft.server.log.use.memory = false (default)
2019-09-20 01:17:05,029 [pool-47-thread-1] INFO  server.RaftServerConfigKeys (ConfUtils.java:logGet(43)) - raft.server.log.purge.gap = 1000000 (custom)
2019-09-20 01:17:05,029 [pool-37-thread-1] INFO  server.RaftServerConfigKeys (ConfUtils.java:logGet(43)) - raft.server.log.use.memory = false (default)
2019-09-20 01:17:05,029 [pool-47-thread-1] INFO  server.RaftServerConfigKeys (ConfUtils.java:logGet(43)) - raft.server.log.appender.buffer.byte-limit = 33554432 (custom)
2019-09-20 01:17:05,029 [pool-27-thread-1] INFO  server.RaftServerConfigKeys (ConfUtils.java:logGet(43)) - raft.server.log.purge.gap = 1000000 (custom)
2019-09-20 01:17:05,030 [pool-47-thread-1] INFO  server.RaftServerConfigKeys (ConfUtils.java:logGet(43)) - raft.server.log.segment.size.max = 1048576 (custom)
2019-09-20 01:17:05,030 [pool-37-thread-1] INFO  server.RaftServerConfigKeys (ConfUtils.java:logGet(43)) - raft.server.log.purge.gap = 1000000 (custom)
2019-09-20 01:17:05,030 [pool-47-thread-1] INFO  server.RaftServerConfigKeys (ConfUtils.java:logGet(43)) - raft.server.log.segment.cache.num.max = 2 (custom)
2019-09-20 01:17:05,030 [pool-27-thread-1] INFO  server.RaftServerConfigKeys (ConfUtils.java:logGet(43)) - raft.server.log.appender.buffer.byte-limit = 33554432 (custom)
2019-09-20 01:17:05,030 [pool-47-thread-1] INFO  segmented.SegmentedRaftLogWorker (SegmentedRaftLogWorker.java:<init>(172)) - new 6622f916-d331-4bba-8fd2-5f3d53fb59f4@group-9C255A61EACA-SegmentedRaftLogWorker for RaftStorage:Storage Directory /workdir/hadoop-ozone/integration-test/target/test-dir/MiniOzoneClusterImpl-5159e439-27ea-48a2-9ee8-0024257d1a62/datanode-2/data/ratis/3190ba27-29a2-4460-a5fd-9c255a61eaca
2019-09-20 01:17:05,030 [pool-37-thread-1] INFO  server.RaftServerConfigKeys (ConfUtils.java:logGet(43)) - raft.server.log.appender.buffer.byte-limit = 33554432 (custom)
2019-09-20 01:17:05,031 [pool-47-thread-1] INFO  server.RaftServerConfigKeys (ConfUtils.java:logGet(43)) - raft.server.log.queue.byte-limit = 2147483647 (custom)
2019-09-20 01:17:05,031 [pool-27-thread-1] INFO  server.RaftServerConfigKeys (ConfUtils.java:logGet(43)) - raft.server.log.segment.size.max = 1048576 (custom)
2019-09-20 01:17:05,031 [pool-47-thread-1] INFO  server.RaftServerConfigKeys (ConfUtils.java:logGet(43)) - raft.server.log.queue.element-limit = 1024 (custom)
2019-09-20 01:17:05,031 [pool-37-thread-1] INFO  server.RaftServerConfigKeys (ConfUtils.java:logGet(43)) - raft.server.log.segment.size.max = 1048576 (custom)
2019-09-20 01:17:05,031 [pool-47-thread-1] INFO  server.RaftServerConfigKeys (ConfUtils.java:logGet(43)) - raft.server.log.segment.size.max = 1048576 (custom)
2019-09-20 01:17:05,031 [pool-27-thread-1] INFO  server.RaftServerConfigKeys (ConfUtils.java:logGet(43)) - raft.server.log.segment.cache.num.max = 2 (custom)
2019-09-20 01:17:05,032 [pool-47-thread-1] INFO  server.RaftServerConfigKeys (ConfUtils.java:logGet(43)) - raft.server.log.preallocated.size = 16384 (custom)
2019-09-20 01:17:05,032 [pool-37-thread-1] INFO  server.RaftServerConfigKeys (ConfUtils.java:logGet(43)) - raft.server.log.segment.cache.num.max = 2 (custom)
2019-09-20 01:17:05,032 [pool-47-thread-1] INFO  server.RaftServerConfigKeys (ConfUtils.java:logGet(43)) - raft.server.log.write.buffer.size = 33554432 (custom)
2019-09-20 01:17:05,032 [pool-27-thread-1] INFO  segmented.SegmentedRaftLogWorker (SegmentedRaftLogWorker.java:<init>(172)) - new ca8cd17d-d9e7-4885-88c9-2067f54ae44d@group-9C255A61EACA-SegmentedRaftLogWorker for RaftStorage:Storage Directory /workdir/hadoop-ozone/integration-test/target/test-dir/MiniOzoneClusterImpl-5159e439-27ea-48a2-9ee8-0024257d1a62/datanode-0/data/ratis/3190ba27-29a2-4460-a5fd-9c255a61eaca
2019-09-20 01:17:05,033 [pool-47-thread-1] INFO  server.RaftServerConfigKeys (ConfUtils.java:logGet(43)) - raft.server.log.force.sync.num = 128 (default)
2019-09-20 01:17:05,033 [pool-37-thread-1] INFO  segmented.SegmentedRaftLogWorker (SegmentedRaftLogWorker.java:<init>(172)) - new be831ace-9e11-4db0-94c8-58d73a8b05a7@group-9C255A61EACA-SegmentedRaftLogWorker for RaftStorage:Storage Directory /workdir/hadoop-ozone/integration-test/target/test-dir/MiniOzoneClusterImpl-5159e439-27ea-48a2-9ee8-0024257d1a62/datanode-1/data/ratis/3190ba27-29a2-4460-a5fd-9c255a61eaca
2019-09-20 01:17:05,033 [pool-47-thread-1] INFO  server.RaftServerConfigKeys (ConfUtils.java:logGet(43)) - raft.server.log.statemachine.data.sync = true (default)
2019-09-20 01:17:05,033 [pool-27-thread-1] INFO  server.RaftServerConfigKeys (ConfUtils.java:logGet(43)) - raft.server.log.queue.byte-limit = 2147483647 (custom)
2019-09-20 01:17:05,034 [pool-47-thread-1] INFO  server.RaftServerConfigKeys (ConfUtils.java:logGet(43)) - raft.server.log.statemachine.data.sync.timeout = 10s (default)
2019-09-20 01:17:05,033 [pool-37-thread-1] INFO  server.RaftServerConfigKeys (ConfUtils.java:logGet(43)) - raft.server.log.queue.byte-limit = 2147483647 (custom)
2019-09-20 01:17:05,034 [pool-47-thread-1] INFO  server.RaftServerConfigKeys (ConfUtils.java:logGet(43)) - raft.server.log.statemachine.data.sync.timeout.retry = -1 (default)
2019-09-20 01:17:05,034 [pool-27-thread-1] INFO  server.RaftServerConfigKeys (ConfUtils.java:logGet(43)) - raft.server.log.queue.element-limit = 1024 (custom)
2019-09-20 01:17:05,034 [pool-37-thread-1] INFO  server.RaftServerConfigKeys (ConfUtils.java:logGet(43)) - raft.server.log.queue.element-limit = 1024 (custom)
2019-09-20 01:17:05,034 [pool-47-thread-1] INFO  server.RaftServerConfigKeys (ConfUtils.java:logGet(43)) - raft.server.log.statemachine.data.caching.enabled = true (custom)
2019-09-20 01:17:05,034 [pool-27-thread-1] INFO  server.RaftServerConfigKeys (ConfUtils.java:logGet(43)) - raft.server.log.segment.size.max = 1048576 (custom)
2019-09-20 01:17:05,035 [pool-37-thread-1] INFO  server.RaftServerConfigKeys (ConfUtils.java:logGet(43)) - raft.server.log.segment.size.max = 1048576 (custom)
2019-09-20 01:17:05,035 [pool-47-thread-1] INFO  segmented.SegmentedRaftLogWorker (SegmentedRaftLogWorker.java:lambda$new$0(132)) - 6622f916-d331-4bba-8fd2-5f3d53fb59f4@group-9C255A61EACA-SegmentedRaftLogWorker: flushIndex: setUnconditionally 0 -> -1
2019-09-20 01:17:05,035 [pool-27-thread-1] INFO  server.RaftServerConfigKeys (ConfUtils.java:logGet(43)) - raft.server.log.preallocated.size = 16384 (custom)
2019-09-20 01:17:05,035 [pool-37-thread-1] INFO  server.RaftServerConfigKeys (ConfUtils.java:logGet(43)) - raft.server.log.preallocated.size = 16384 (custom)
2019-09-20 01:17:05,036 [pool-27-thread-1] INFO  server.RaftServerConfigKeys (ConfUtils.java:logGet(43)) - raft.server.log.write.buffer.size = 33554432 (custom)
2019-09-20 01:17:05,036 [pool-37-thread-1] INFO  server.RaftServerConfigKeys (ConfUtils.java:logGet(43)) - raft.server.log.write.buffer.size = 33554432 (custom)
2019-09-20 01:17:05,036 [pool-47-thread-1] INFO  server.RaftServerConfigKeys (ConfUtils.java:logGet(43)) - raft.server.snapshot.auto.trigger.enabled = true (custom)
2019-09-20 01:17:05,036 [pool-37-thread-1] INFO  server.RaftServerConfigKeys (ConfUtils.java:logGet(43)) - raft.server.log.force.sync.num = 128 (default)
2019-09-20 01:17:05,036 [pool-27-thread-1] INFO  server.RaftServerConfigKeys (ConfUtils.java:logGet(43)) - raft.server.log.force.sync.num = 128 (default)
2019-09-20 01:17:05,036 [pool-37-thread-1] INFO  server.RaftServerConfigKeys (ConfUtils.java:logGet(43)) - raft.server.log.statemachine.data.sync = true (default)
2019-09-20 01:17:05,036 [pool-47-thread-1] INFO  server.RaftServerConfigKeys (ConfUtils.java:logGet(43)) - raft.server.snapshot.auto.trigger.threshold = 10000 (custom)
2019-09-20 01:17:05,037 [pool-37-thread-1] INFO  server.RaftServerConfigKeys (ConfUtils.java:logGet(43)) - raft.server.log.statemachine.data.sync.timeout = 10s (default)
2019-09-20 01:17:05,037 [pool-27-thread-1] INFO  server.RaftServerConfigKeys (ConfUtils.java:logGet(43)) - raft.server.log.statemachine.data.sync = true (default)
2019-09-20 01:17:05,037 [pool-37-thread-1] INFO  server.RaftServerConfigKeys (ConfUtils.java:logGet(43)) - raft.server.log.statemachine.data.sync.timeout.retry = -1 (default)
2019-09-20 01:17:05,037 [pool-47-thread-1] INFO  server.RaftServerConfigKeys (ConfUtils.java:logGet(43)) - raft.server.snapshot.retention.num.files = 5 (custom)
2019-09-20 01:17:05,038 [pool-37-thread-1] INFO  server.RaftServerConfigKeys (ConfUtils.java:logGet(43)) - raft.server.log.statemachine.data.caching.enabled = true (custom)
2019-09-20 01:17:05,038 [pool-47-thread-1] INFO  server.RaftServerConfigKeys (ConfUtils.java:logGet(43)) - raft.server.retrycache.expirytime = 600000ms (custom)
2019-09-20 01:17:05,037 [pool-27-thread-1] INFO  server.RaftServerConfigKeys (ConfUtils.java:logGet(43)) - raft.server.log.statemachine.data.sync.timeout = 10s (default)
2019-09-20 01:17:05,038 [pool-37-thread-1] INFO  segmented.SegmentedRaftLogWorker (SegmentedRaftLogWorker.java:lambda$new$0(132)) - be831ace-9e11-4db0-94c8-58d73a8b05a7@group-9C255A61EACA-SegmentedRaftLogWorker: flushIndex: setUnconditionally 0 -> -1
2019-09-20 01:17:05,038 [pool-27-thread-1] INFO  server.RaftServerConfigKeys (ConfUtils.java:logGet(43)) - raft.server.log.statemachine.data.sync.timeout.retry = -1 (default)
2019-09-20 01:17:05,039 [pool-37-thread-1] INFO  server.RaftServerConfigKeys (ConfUtils.java:logGet(43)) - raft.server.snapshot.auto.trigger.enabled = true (custom)
2019-09-20 01:17:05,039 [pool-27-thread-1] INFO  server.RaftServerConfigKeys (ConfUtils.java:logGet(43)) - raft.server.log.statemachine.data.caching.enabled = true (custom)
2019-09-20 01:17:05,039 [pool-37-thread-1] INFO  server.RaftServerConfigKeys (ConfUtils.java:logGet(43)) - raft.server.snapshot.auto.trigger.threshold = 10000 (custom)
2019-09-20 01:17:05,039 [pool-27-thread-1] INFO  segmented.SegmentedRaftLogWorker (SegmentedRaftLogWorker.java:lambda$new$0(132)) - ca8cd17d-d9e7-4885-88c9-2067f54ae44d@group-9C255A61EACA-SegmentedRaftLogWorker: flushIndex: setUnconditionally 0 -> -1
2019-09-20 01:17:05,039 [pool-37-thread-1] INFO  server.RaftServerConfigKeys (ConfUtils.java:logGet(43)) - raft.server.snapshot.retention.num.files = 5 (custom)
2019-09-20 01:17:05,040 [pool-27-thread-1] INFO  server.RaftServerConfigKeys (ConfUtils.java:logGet(43)) - raft.server.snapshot.auto.trigger.enabled = true (custom)
2019-09-20 01:17:05,040 [pool-37-thread-1] INFO  server.RaftServerConfigKeys (ConfUtils.java:logGet(43)) - raft.server.retrycache.expirytime = 600000ms (custom)
2019-09-20 01:17:05,040 [pool-27-thread-1] INFO  server.RaftServerConfigKeys (ConfUtils.java:logGet(43)) - raft.server.snapshot.auto.trigger.threshold = 10000 (custom)
2019-09-20 01:17:05,040 [pool-27-thread-1] INFO  server.RaftServerConfigKeys (ConfUtils.java:logGet(43)) - raft.server.snapshot.retention.num.files = 5 (custom)
2019-09-20 01:17:05,040 [pool-27-thread-1] INFO  server.RaftServerConfigKeys (ConfUtils.java:logGet(43)) - raft.server.retrycache.expirytime = 600000ms (custom)
2019-09-20 01:17:05,045 [pool-47-thread-1] INFO  impl.RaftServerImpl (RaftServerImpl.java:start(185)) - 6622f916-d331-4bba-8fd2-5f3d53fb59f4@group-9C255A61EACA: start as a follower, conf=-1: [ca8cd17d-d9e7-4885-88c9-2067f54ae44d:192.168.151.120:33160, 6622f916-d331-4bba-8fd2-5f3d53fb59f4:192.168.151.120:39843, be831ace-9e11-4db0-94c8-58d73a8b05a7:192.168.151.120:35744], old=null
2019-09-20 01:17:05,045 [pool-47-thread-1] INFO  impl.RaftServerImpl (RaftServerImpl.java:setRole(174)) - 6622f916-d331-4bba-8fd2-5f3d53fb59f4@group-9C255A61EACA: changes role from      null to FOLLOWER at term 0 for startAsFollower
2019-09-20 01:17:05,046 [pool-47-thread-1] INFO  impl.RoleInfo (RoleInfo.java:updateAndGet(143)) - 6622f916-d331-4bba-8fd2-5f3d53fb59f4: start FollowerState
2019-09-20 01:17:05,046 [pool-47-thread-1] INFO  util.JmxRegister (JmxRegister.java:tryRegister(44)) - Successfully registered JMX Bean with object name Ratis:service=RaftServer,group=group-9C255A61EACA,id=6622f916-d331-4bba-8fd2-5f3d53fb59f4
2019-09-20 01:17:05,046 [pool-27-thread-1] INFO  impl.RaftServerImpl (RaftServerImpl.java:start(185)) - ca8cd17d-d9e7-4885-88c9-2067f54ae44d@group-9C255A61EACA: start as a follower, conf=-1: [ca8cd17d-d9e7-4885-88c9-2067f54ae44d:192.168.151.120:33160, 6622f916-d331-4bba-8fd2-5f3d53fb59f4:192.168.151.120:39843, be831ace-9e11-4db0-94c8-58d73a8b05a7:192.168.151.120:35744], old=null
2019-09-20 01:17:05,047 [pool-37-thread-1] INFO  impl.RaftServerImpl (RaftServerImpl.java:start(185)) - be831ace-9e11-4db0-94c8-58d73a8b05a7@group-9C255A61EACA: start as a follower, conf=-1: [ca8cd17d-d9e7-4885-88c9-2067f54ae44d:192.168.151.120:33160, 6622f916-d331-4bba-8fd2-5f3d53fb59f4:192.168.151.120:39843, be831ace-9e11-4db0-94c8-58d73a8b05a7:192.168.151.120:35744], old=null
2019-09-20 01:17:05,047 [pool-27-thread-1] INFO  impl.RaftServerImpl (RaftServerImpl.java:setRole(174)) - ca8cd17d-d9e7-4885-88c9-2067f54ae44d@group-9C255A61EACA: changes role from      null to FOLLOWER at term 0 for startAsFollower
2019-09-20 01:17:05,047 [pool-37-thread-1] INFO  impl.RaftServerImpl (RaftServerImpl.java:setRole(174)) - be831ace-9e11-4db0-94c8-58d73a8b05a7@group-9C255A61EACA: changes role from      null to FOLLOWER at term 0 for startAsFollower
2019-09-20 01:17:05,047 [pool-27-thread-1] INFO  impl.RoleInfo (RoleInfo.java:updateAndGet(143)) - ca8cd17d-d9e7-4885-88c9-2067f54ae44d: start FollowerState
2019-09-20 01:17:05,047 [pool-37-thread-1] INFO  impl.RoleInfo (RoleInfo.java:updateAndGet(143)) - be831ace-9e11-4db0-94c8-58d73a8b05a7: start FollowerState
2019-09-20 01:17:05,047 [pool-27-thread-1] INFO  util.JmxRegister (JmxRegister.java:tryRegister(44)) - Successfully registered JMX Bean with object name Ratis:service=RaftServer,group=group-9C255A61EACA,id=ca8cd17d-d9e7-4885-88c9-2067f54ae44d
2019-09-20 01:17:05,048 [pool-37-thread-1] INFO  util.JmxRegister (JmxRegister.java:tryRegister(44)) - Successfully registered JMX Bean with object name Ratis:service=RaftServer,group=group-9C255A61EACA,id=be831ace-9e11-4db0-94c8-58d73a8b05a7
2019-09-20 01:17:05,075 [RatisPipelineUtilsThread] INFO  pipeline.PipelineStateManager (PipelineStateManager.java:addPipeline(56)) - Created pipeline Pipeline[ Id: 3190ba27-29a2-4460-a5fd-9c255a61eaca, Nodes: ca8cd17d-d9e7-4885-88c9-2067f54ae44d{ip: 192.168.151.120, host: pr-hdds-2150-czsg7-3946154559, networkLocation: /default-rack, certSerialId: null}be831ace-9e11-4db0-94c8-58d73a8b05a7{ip: 192.168.151.120, host: pr-hdds-2150-czsg7-3946154559, networkLocation: /default-rack, certSerialId: null}6622f916-d331-4bba-8fd2-5f3d53fb59f4{ip: 192.168.151.120, host: pr-hdds-2150-czsg7-3946154559, networkLocation: /default-rack, certSerialId: null}, Type:RATIS, Factor:THREE, State:OPEN]
2019-09-20 01:17:05,453 [main] INFO  rpc.RpcClient (RpcClient.java:createVolume(302)) - Creating Volume: testcontainerstatemachinefailures, with jenkins1000 as owner.
2019-09-20 01:17:05,569 [IPC Server handler 0 on 38032] INFO  volume.OMVolumeCreateRequest (OMVolumeCreateRequest.java:validateAndUpdateCache(189)) - created volume:testcontainerstatemachinefailures for user:jenkins1000
2019-09-20 01:17:05,600 [main] INFO  rpc.RpcClient (RpcClient.java:createBucket(441)) - Creating Bucket: testcontainerstatemachinefailures/testcontainerstatemachinefailures, with Versioning false and Storage Type set to DISK and Encryption set to false 
2019-09-20 01:17:06,096 [EventQueue-StaleNodeForStaleNodeHandler] INFO  node.StaleNodeHandler (StaleNodeHandler.java:onMessage(58)) - Datanode 6622f916-d331-4bba-8fd2-5f3d53fb59f4{ip: 192.168.151.120, host: pr-hdds-2150-czsg7-3946154559, networkLocation: /default-rack, certSerialId: null} moved to stale state. Finalizing its pipelines [PipelineID=6a02b33a-d988-4206-bc32-a3cd6776b829, PipelineID=3190ba27-29a2-4460-a5fd-9c255a61eaca]
2019-09-20 01:17:06,099 [EventQueue-StaleNodeForStaleNodeHandler] INFO  pipeline.SCMPipelineManager (SCMPipelineManager.java:finalizeAndDestroyPipeline(311)) - destroying pipeline:Pipeline[ Id: 6a02b33a-d988-4206-bc32-a3cd6776b829, Nodes: 6622f916-d331-4bba-8fd2-5f3d53fb59f4{ip: 192.168.151.120, host: pr-hdds-2150-czsg7-3946154559, networkLocation: /default-rack, certSerialId: null}, Type:RATIS, Factor:ONE, State:OPEN]
2019-09-20 01:17:06,103 [EventQueue-StaleNodeForStaleNodeHandler] INFO  pipeline.PipelineStateManager (PipelineStateManager.java:finalizePipeline(123)) - Pipeline Pipeline[ Id: 6a02b33a-d988-4206-bc32-a3cd6776b829, Nodes: 6622f916-d331-4bba-8fd2-5f3d53fb59f4{ip: 192.168.151.120, host: pr-hdds-2150-czsg7-3946154559, networkLocation: /default-rack, certSerialId: null}, Type:RATIS, Factor:ONE, State:CLOSED] moved to CLOSED state
2019-09-20 01:17:06,105 [EventQueue-StaleNodeForStaleNodeHandler] INFO  pipeline.SCMPipelineManager (SCMPipelineManager.java:finalizeAndDestroyPipeline(311)) - destroying pipeline:Pipeline[ Id: 3190ba27-29a2-4460-a5fd-9c255a61eaca, Nodes: ca8cd17d-d9e7-4885-88c9-2067f54ae44d{ip: 192.168.151.120, host: pr-hdds-2150-czsg7-3946154559, networkLocation: /default-rack, certSerialId: null}be831ace-9e11-4db0-94c8-58d73a8b05a7{ip: 192.168.151.120, host: pr-hdds-2150-czsg7-3946154559, networkLocation: /default-rack, certSerialId: null}6622f916-d331-4bba-8fd2-5f3d53fb59f4{ip: 192.168.151.120, host: pr-hdds-2150-czsg7-3946154559, networkLocation: /default-rack, certSerialId: null}, Type:RATIS, Factor:THREE, State:OPEN]
2019-09-20 01:17:06,105 [EventQueue-StaleNodeForStaleNodeHandler] INFO  pipeline.PipelineStateManager (PipelineStateManager.java:finalizePipeline(123)) - Pipeline Pipeline[ Id: 3190ba27-29a2-4460-a5fd-9c255a61eaca, Nodes: ca8cd17d-d9e7-4885-88c9-2067f54ae44d{ip: 192.168.151.120, host: pr-hdds-2150-czsg7-3946154559, networkLocation: /default-rack, certSerialId: null}be831ace-9e11-4db0-94c8-58d73a8b05a7{ip: 192.168.151.120, host: pr-hdds-2150-czsg7-3946154559, networkLocation: /default-rack, certSerialId: null}6622f916-d331-4bba-8fd2-5f3d53fb59f4{ip: 192.168.151.120, host: pr-hdds-2150-czsg7-3946154559, networkLocation: /default-rack, certSerialId: null}, Type:RATIS, Factor:THREE, State:CLOSED] moved to CLOSED state
2019-09-20 01:17:06,106 [EventQueue-CloseContainerForCloseContainerEventHandler] INFO  container.CloseContainerEventHandler (CloseContainerEventHandler.java:onMessage(61)) - Close container Event triggered for container : #1
2019-09-20 01:17:06,106 [EventQueue-StaleNodeForStaleNodeHandler] INFO  node.StaleNodeHandler (StaleNodeHandler.java:onMessage(58)) - Datanode 26af4371-9d5d-428d-8e45-bfde8adece44{ip: 192.168.151.120, host: pr-hdds-2150-czsg7-3946154559, networkLocation: /default-rack, certSerialId: null} moved to stale state. Finalizing its pipelines [PipelineID=1cca460e-0de0-417b-82f6-603e97d3ddb4]
2019-09-20 01:17:06,109 [EventQueue-StaleNodeForStaleNodeHandler] INFO  pipeline.SCMPipelineManager (SCMPipelineManager.java:finalizeAndDestroyPipeline(311)) - destroying pipeline:Pipeline[ Id: 1cca460e-0de0-417b-82f6-603e97d3ddb4, Nodes: 26af4371-9d5d-428d-8e45-bfde8adece44{ip: 192.168.151.120, host: pr-hdds-2150-czsg7-3946154559, networkLocation: /default-rack, certSerialId: null}, Type:RATIS, Factor:ONE, State:OPEN]
2019-09-20 01:17:06,109 [EventQueue-StaleNodeForStaleNodeHandler] INFO  pipeline.PipelineStateManager (PipelineStateManager.java:finalizePipeline(123)) - Pipeline Pipeline[ Id: 1cca460e-0de0-417b-82f6-603e97d3ddb4, Nodes: 26af4371-9d5d-428d-8e45-bfde8adece44{ip: 192.168.151.120, host: pr-hdds-2150-czsg7-3946154559, networkLocation: /default-rack, certSerialId: null}, Type:RATIS, Factor:ONE, State:CLOSED] moved to CLOSED state
2019-09-20 01:17:06,199 [grpc-default-executor-2] INFO  impl.RaftServerProxy (RaftServerProxy.java:addNew(89)) - 6622f916-d331-4bba-8fd2-5f3d53fb59f4: addNew group-3F13775CFDE5:[6622f916-d331-4bba-8fd2-5f3d53fb59f4:192.168.151.120:39843] returns group-3F13775CFDE5:java.util.concurrent.CompletableFuture@99c955a[Not completed]
2019-09-20 01:17:06,201 [pool-47-thread-1] INFO  impl.RaftServerImpl (RaftServerImpl.java:<init>(95)) - 6622f916-d331-4bba-8fd2-5f3d53fb59f4: new RaftServerImpl for group-3F13775CFDE5:[6622f916-d331-4bba-8fd2-5f3d53fb59f4:192.168.151.120:39843] with ContainerStateMachine:uninitialized
2019-09-20 01:17:06,201 [pool-47-thread-1] INFO  server.RaftServerConfigKeys (ConfUtils.java:logGet(43)) - raft.server.rpc.timeout.min = 5s (custom)
2019-09-20 01:17:06,201 [pool-47-thread-1] INFO  server.RaftServerConfigKeys (ConfUtils.java:logGet(43)) - raft.server.rpc.timeout.max = 5200ms (custom)
2019-09-20 01:17:06,201 [pool-47-thread-1] INFO  server.RaftServerConfigKeys (ConfUtils.java:logGet(43)) - raft.server.rpcslowness.timeout = 1000s (custom)
2019-09-20 01:17:06,201 [pool-47-thread-1] INFO  server.RaftServerConfigKeys (ConfUtils.java:logGet(43)) - raft.server.sleep.deviation.threshold = 300 (default)
2019-09-20 01:17:06,202 [pool-47-thread-1] INFO  server.RaftServerConfigKeys (ConfUtils.java:logGet(43)) - raft.server.log.appender.install.snapshot.enabled = false (custom)
2019-09-20 01:17:06,202 [pool-47-thread-1] INFO  impl.RaftServerImpl (ServerState.java:<init>(103)) - 6622f916-d331-4bba-8fd2-5f3d53fb59f4@group-3F13775CFDE5: ConfigurationManager, init=-1: [6622f916-d331-4bba-8fd2-5f3d53fb59f4:192.168.151.120:39843], old=null, confs=<EMPTY_MAP>
2019-09-20 01:17:06,202 [pool-47-thread-1] INFO  server.RaftServerConfigKeys (ConfUtils.java:logGet(43)) - raft.server.storage.dir = [/workdir/hadoop-ozone/integration-test/target/test-dir/MiniOzoneClusterImpl-5159e439-27ea-48a2-9ee8-0024257d1a62/datanode-2/data/ratis] (custom)
2019-09-20 01:17:06,203 [pool-47-thread-1] INFO  storage.RaftStorageDirectory (RaftStorageDirectory.java:analyzeStorage(246)) - The storage directory /workdir/hadoop-ozone/integration-test/target/test-dir/MiniOzoneClusterImpl-5159e439-27ea-48a2-9ee8-0024257d1a62/datanode-2/data/ratis/50eef98f-5279-47d1-9647-3f13775cfde5 does not exist. Creating ...
2019-09-20 01:17:06,215 [pool-47-thread-1] INFO  storage.RaftStorageDirectory (RaftStorageDirectory.java:tryLock(328)) - Lock on /workdir/hadoop-ozone/integration-test/target/test-dir/MiniOzoneClusterImpl-5159e439-27ea-48a2-9ee8-0024257d1a62/datanode-2/data/ratis/50eef98f-5279-47d1-9647-3f13775cfde5/in_use.lock acquired by nodename 15239@pr-hdds-2150-czsg7-3946154559
2019-09-20 01:17:06,219 [main] INFO  impl.MetricsSystemImpl (MetricsSystemImpl.java:init(158)) - XceiverClientMetrics metrics system started (again)
2019-09-20 01:17:06,228 [pool-47-thread-1] INFO  storage.RaftStorage (RaftStorage.java:format(72)) - Storage directory /workdir/hadoop-ozone/integration-test/target/test-dir/MiniOzoneClusterImpl-5159e439-27ea-48a2-9ee8-0024257d1a62/datanode-2/data/ratis/50eef98f-5279-47d1-9647-3f13775cfde5 has been successfully formatted.
2019-09-20 01:17:06,229 [pool-47-thread-1] INFO  ratis.ContainerStateMachine (ContainerStateMachine.java:loadSnapshot(230)) - group-3F13775CFDE5: The snapshot info is null. Setting the last applied indexto:(t:0, i:~)
2019-09-20 01:17:06,229 [pool-47-thread-1] INFO  server.RaftServerConfigKeys (ConfUtils.java:logGet(43)) - raft.server.notification.no-leader.timeout = 1000s (custom)
2019-09-20 01:17:06,229 [pool-47-thread-1] INFO  server.RaftServerConfigKeys (ConfUtils.java:logGet(43)) - raft.server.log.use.memory = false (default)
2019-09-20 01:17:06,229 [pool-47-thread-1] INFO  server.RaftServerConfigKeys (ConfUtils.java:logGet(43)) - raft.server.log.purge.gap = 1000000 (custom)
2019-09-20 01:17:06,229 [pool-47-thread-1] INFO  server.RaftServerConfigKeys (ConfUtils.java:logGet(43)) - raft.server.log.appender.buffer.byte-limit = 33554432 (custom)
2019-09-20 01:17:06,229 [pool-47-thread-1] INFO  server.RaftServerConfigKeys (ConfUtils.java:logGet(43)) - raft.server.log.segment.size.max = 1048576 (custom)
2019-09-20 01:17:06,230 [pool-47-thread-1] INFO  server.RaftServerConfigKeys (ConfUtils.java:logGet(43)) - raft.server.log.segment.cache.num.max = 2 (custom)
2019-09-20 01:17:06,230 [pool-47-thread-1] INFO  segmented.SegmentedRaftLogWorker (SegmentedRaftLogWorker.java:<init>(172)) - new 6622f916-d331-4bba-8fd2-5f3d53fb59f4@group-3F13775CFDE5-SegmentedRaftLogWorker for RaftStorage:Storage Directory /workdir/hadoop-ozone/integration-test/target/test-dir/MiniOzoneClusterImpl-5159e439-27ea-48a2-9ee8-0024257d1a62/datanode-2/data/ratis/50eef98f-5279-47d1-9647-3f13775cfde5
2019-09-20 01:17:06,230 [pool-47-thread-1] INFO  server.RaftServerConfigKeys (ConfUtils.java:logGet(43)) - raft.server.log.queue.byte-limit = 2147483647 (custom)
2019-09-20 01:17:06,230 [pool-47-thread-1] INFO  server.RaftServerConfigKeys (ConfUtils.java:logGet(43)) - raft.server.log.queue.element-limit = 1024 (custom)
2019-09-20 01:17:06,230 [pool-47-thread-1] INFO  server.RaftServerConfigKeys (ConfUtils.java:logGet(43)) - raft.server.log.segment.size.max = 1048576 (custom)
2019-09-20 01:17:06,230 [pool-47-thread-1] INFO  server.RaftServerConfigKeys (ConfUtils.java:logGet(43)) - raft.server.log.preallocated.size = 16384 (custom)
2019-09-20 01:17:06,230 [pool-47-thread-1] INFO  server.RaftServerConfigKeys (ConfUtils.java:logGet(43)) - raft.server.log.write.buffer.size = 33554432 (custom)
2019-09-20 01:17:06,231 [pool-47-thread-1] INFO  server.RaftServerConfigKeys (ConfUtils.java:logGet(43)) - raft.server.log.force.sync.num = 128 (default)
2019-09-20 01:17:06,231 [pool-47-thread-1] INFO  server.RaftServerConfigKeys (ConfUtils.java:logGet(43)) - raft.server.log.statemachine.data.sync = true (default)
2019-09-20 01:17:06,231 [pool-47-thread-1] INFO  server.RaftServerConfigKeys (ConfUtils.java:logGet(43)) - raft.server.log.statemachine.data.sync.timeout = 10s (default)
2019-09-20 01:17:06,231 [pool-47-thread-1] INFO  server.RaftServerConfigKeys (ConfUtils.java:logGet(43)) - raft.server.log.statemachine.data.sync.timeout.retry = -1 (default)
2019-09-20 01:17:06,231 [pool-47-thread-1] INFO  server.RaftServerConfigKeys (ConfUtils.java:logGet(43)) - raft.server.log.statemachine.data.caching.enabled = true (custom)
2019-09-20 01:17:06,232 [pool-47-thread-1] INFO  segmented.SegmentedRaftLogWorker (SegmentedRaftLogWorker.java:lambda$new$0(132)) - 6622f916-d331-4bba-8fd2-5f3d53fb59f4@group-3F13775CFDE5-SegmentedRaftLogWorker: flushIndex: setUnconditionally 0 -> -1
2019-09-20 01:17:06,232 [pool-47-thread-1] INFO  server.RaftServerConfigKeys (ConfUtils.java:logGet(43)) - raft.server.snapshot.auto.trigger.enabled = true (custom)
2019-09-20 01:17:06,232 [pool-47-thread-1] INFO  server.RaftServerConfigKeys (ConfUtils.java:logGet(43)) - raft.server.snapshot.auto.trigger.threshold = 10000 (custom)
2019-09-20 01:17:06,232 [pool-47-thread-1] INFO  server.RaftServerConfigKeys (ConfUtils.java:logGet(43)) - raft.server.snapshot.retention.num.files = 5 (custom)
2019-09-20 01:17:06,232 [pool-47-thread-1] INFO  server.RaftServerConfigKeys (ConfUtils.java:logGet(43)) - raft.server.retrycache.expirytime = 600000ms (custom)
2019-09-20 01:17:06,237 [pool-47-thread-1] INFO  impl.RaftServerImpl (RaftServerImpl.java:start(185)) - 6622f916-d331-4bba-8fd2-5f3d53fb59f4@group-3F13775CFDE5: start as a follower, conf=-1: [6622f916-d331-4bba-8fd2-5f3d53fb59f4:192.168.151.120:39843], old=null
2019-09-20 01:17:06,237 [pool-47-thread-1] INFO  impl.RaftServerImpl (RaftServerImpl.java:setRole(174)) - 6622f916-d331-4bba-8fd2-5f3d53fb59f4@group-3F13775CFDE5: changes role from      null to FOLLOWER at term 0 for startAsFollower
2019-09-20 01:17:06,237 [pool-47-thread-1] INFO  impl.RoleInfo (RoleInfo.java:updateAndGet(143)) - 6622f916-d331-4bba-8fd2-5f3d53fb59f4: start FollowerState
2019-09-20 01:17:06,237 [pool-47-thread-1] INFO  util.JmxRegister (JmxRegister.java:tryRegister(44)) - Successfully registered JMX Bean with object name Ratis:service=RaftServer,group=group-3F13775CFDE5,id=6622f916-d331-4bba-8fd2-5f3d53fb59f4
2019-09-20 01:17:06,247 [RatisPipelineUtilsThread] INFO  pipeline.PipelineStateManager (PipelineStateManager.java:addPipeline(56)) - Created pipeline Pipeline[ Id: 50eef98f-5279-47d1-9647-3f13775cfde5, Nodes: 6622f916-d331-4bba-8fd2-5f3d53fb59f4{ip: 192.168.151.120, host: pr-hdds-2150-czsg7-3946154559, networkLocation: /default-rack, certSerialId: null}, Type:RATIS, Factor:ONE, State:OPEN]
2019-09-20 01:17:06,263 [grpc-default-executor-2] INFO  impl.RaftServerProxy (RaftServerProxy.java:addNew(89)) - 26af4371-9d5d-428d-8e45-bfde8adece44: addNew group-A02232167DF5:[26af4371-9d5d-428d-8e45-bfde8adece44:192.168.151.120:43474] returns group-A02232167DF5:java.util.concurrent.CompletableFuture@71a3718b[Not completed]
2019-09-20 01:17:06,265 [pool-57-thread-1] INFO  impl.RaftServerImpl (RaftServerImpl.java:<init>(95)) - 26af4371-9d5d-428d-8e45-bfde8adece44: new RaftServerImpl for group-A02232167DF5:[26af4371-9d5d-428d-8e45-bfde8adece44:192.168.151.120:43474] with ContainerStateMachine:uninitialized
2019-09-20 01:17:06,266 [pool-57-thread-1] INFO  server.RaftServerConfigKeys (ConfUtils.java:logGet(43)) - raft.server.rpc.timeout.min = 5s (custom)
2019-09-20 01:17:06,266 [pool-57-thread-1] INFO  server.RaftServerConfigKeys (ConfUtils.java:logGet(43)) - raft.server.rpc.timeout.max = 5200ms (custom)
2019-09-20 01:17:06,266 [pool-57-thread-1] INFO  server.RaftServerConfigKeys (ConfUtils.java:logGet(43)) - raft.server.rpcslowness.timeout = 1000s (custom)
2019-09-20 01:17:06,266 [pool-57-thread-1] INFO  server.RaftServerConfigKeys (ConfUtils.java:logGet(43)) - raft.server.sleep.deviation.threshold = 300 (default)
2019-09-20 01:17:06,266 [pool-57-thread-1] INFO  server.RaftServerConfigKeys (ConfUtils.java:logGet(43)) - raft.server.log.appender.install.snapshot.enabled = false (custom)
2019-09-20 01:17:06,266 [pool-57-thread-1] INFO  impl.RaftServerImpl (ServerState.java:<init>(103)) - 26af4371-9d5d-428d-8e45-bfde8adece44@group-A02232167DF5: ConfigurationManager, init=-1: [26af4371-9d5d-428d-8e45-bfde8adece44:192.168.151.120:43474], old=null, confs=<EMPTY_MAP>
2019-09-20 01:17:06,267 [pool-57-thread-1] INFO  server.RaftServerConfigKeys (ConfUtils.java:logGet(43)) - raft.server.storage.dir = [/workdir/hadoop-ozone/integration-test/target/test-dir/MiniOzoneClusterImpl-5159e439-27ea-48a2-9ee8-0024257d1a62/datanode-3/data/ratis] (custom)
2019-09-20 01:17:06,267 [pool-57-thread-1] INFO  storage.RaftStorageDirectory (RaftStorageDirectory.java:analyzeStorage(246)) - The storage directory /workdir/hadoop-ozone/integration-test/target/test-dir/MiniOzoneClusterImpl-5159e439-27ea-48a2-9ee8-0024257d1a62/datanode-3/data/ratis/1f85ded7-f0cd-4885-a336-a02232167df5 does not exist. Creating ...
2019-09-20 01:17:06,280 [pool-57-thread-1] INFO  storage.RaftStorageDirectory (RaftStorageDirectory.java:tryLock(328)) - Lock on /workdir/hadoop-ozone/integration-test/target/test-dir/MiniOzoneClusterImpl-5159e439-27ea-48a2-9ee8-0024257d1a62/datanode-3/data/ratis/1f85ded7-f0cd-4885-a336-a02232167df5/in_use.lock acquired by nodename 15239@pr-hdds-2150-czsg7-3946154559
2019-09-20 01:17:06,295 [pool-57-thread-1] INFO  storage.RaftStorage (RaftStorage.java:format(72)) - Storage directory /workdir/hadoop-ozone/integration-test/target/test-dir/MiniOzoneClusterImpl-5159e439-27ea-48a2-9ee8-0024257d1a62/datanode-3/data/ratis/1f85ded7-f0cd-4885-a336-a02232167df5 has been successfully formatted.
2019-09-20 01:17:06,295 [pool-57-thread-1] INFO  ratis.ContainerStateMachine (ContainerStateMachine.java:loadSnapshot(230)) - group-A02232167DF5: The snapshot info is null. Setting the last applied indexto:(t:0, i:~)
2019-09-20 01:17:06,295 [pool-57-thread-1] INFO  server.RaftServerConfigKeys (ConfUtils.java:logGet(43)) - raft.server.notification.no-leader.timeout = 1000s (custom)
2019-09-20 01:17:06,296 [pool-57-thread-1] INFO  server.RaftServerConfigKeys (ConfUtils.java:logGet(43)) - raft.server.log.use.memory = false (default)
2019-09-20 01:17:06,296 [pool-57-thread-1] INFO  server.RaftServerConfigKeys (ConfUtils.java:logGet(43)) - raft.server.log.purge.gap = 1000000 (custom)
2019-09-20 01:17:06,296 [pool-57-thread-1] INFO  server.RaftServerConfigKeys (ConfUtils.java:logGet(43)) - raft.server.log.appender.buffer.byte-limit = 33554432 (custom)
2019-09-20 01:17:06,296 [pool-57-thread-1] INFO  server.RaftServerConfigKeys (ConfUtils.java:logGet(43)) - raft.server.log.segment.size.max = 1048576 (custom)
2019-09-20 01:17:06,296 [pool-57-thread-1] INFO  server.RaftServerConfigKeys (ConfUtils.java:logGet(43)) - raft.server.log.segment.cache.num.max = 2 (custom)
2019-09-20 01:17:06,297 [pool-57-thread-1] INFO  segmented.SegmentedRaftLogWorker (SegmentedRaftLogWorker.java:<init>(172)) - new 26af4371-9d5d-428d-8e45-bfde8adece44@group-A02232167DF5-SegmentedRaftLogWorker for RaftStorage:Storage Directory /workdir/hadoop-ozone/integration-test/target/test-dir/MiniOzoneClusterImpl-5159e439-27ea-48a2-9ee8-0024257d1a62/datanode-3/data/ratis/1f85ded7-f0cd-4885-a336-a02232167df5
2019-09-20 01:17:06,297 [pool-57-thread-1] INFO  server.RaftServerConfigKeys (ConfUtils.java:logGet(43)) - raft.server.log.queue.byte-limit = 2147483647 (custom)
2019-09-20 01:17:06,297 [pool-57-thread-1] INFO  server.RaftServerConfigKeys (ConfUtils.java:logGet(43)) - raft.server.log.queue.element-limit = 1024 (custom)
2019-09-20 01:17:06,297 [pool-57-thread-1] INFO  server.RaftServerConfigKeys (ConfUtils.java:logGet(43)) - raft.server.log.segment.size.max = 1048576 (custom)
2019-09-20 01:17:06,297 [pool-57-thread-1] INFO  server.RaftServerConfigKeys (ConfUtils.java:logGet(43)) - raft.server.log.preallocated.size = 16384 (custom)
2019-09-20 01:17:06,297 [pool-57-thread-1] INFO  server.RaftServerConfigKeys (ConfUtils.java:logGet(43)) - raft.server.log.write.buffer.size = 33554432 (custom)
2019-09-20 01:17:06,298 [pool-57-thread-1] INFO  server.RaftServerConfigKeys (ConfUtils.java:logGet(43)) - raft.server.log.force.sync.num = 128 (default)
2019-09-20 01:17:06,298 [pool-57-thread-1] INFO  server.RaftServerConfigKeys (ConfUtils.java:logGet(43)) - raft.server.log.statemachine.data.sync = true (default)
2019-09-20 01:17:06,298 [pool-57-thread-1] INFO  server.RaftServerConfigKeys (ConfUtils.java:logGet(43)) - raft.server.log.statemachine.data.sync.timeout = 10s (default)
2019-09-20 01:17:06,298 [pool-57-thread-1] INFO  server.RaftServerConfigKeys (ConfUtils.java:logGet(43)) - raft.server.log.statemachine.data.sync.timeout.retry = -1 (default)
2019-09-20 01:17:06,298 [pool-57-thread-1] INFO  server.RaftServerConfigKeys (ConfUtils.java:logGet(43)) - raft.server.log.statemachine.data.caching.enabled = true (custom)
2019-09-20 01:17:06,299 [pool-57-thread-1] INFO  segmented.SegmentedRaftLogWorker (SegmentedRaftLogWorker.java:lambda$new$0(132)) - 26af4371-9d5d-428d-8e45-bfde8adece44@group-A02232167DF5-SegmentedRaftLogWorker: flushIndex: setUnconditionally 0 -> -1
2019-09-20 01:17:06,299 [pool-57-thread-1] INFO  server.RaftServerConfigKeys (ConfUtils.java:logGet(43)) - raft.server.snapshot.auto.trigger.enabled = true (custom)
2019-09-20 01:17:06,300 [pool-57-thread-1] INFO  server.RaftServerConfigKeys (ConfUtils.java:logGet(43)) - raft.server.snapshot.auto.trigger.threshold = 10000 (custom)
2019-09-20 01:17:06,300 [pool-57-thread-1] INFO  server.RaftServerConfigKeys (ConfUtils.java:logGet(43)) - raft.server.snapshot.retention.num.files = 5 (custom)
2019-09-20 01:17:06,300 [pool-57-thread-1] INFO  server.RaftServerConfigKeys (ConfUtils.java:logGet(43)) - raft.server.retrycache.expirytime = 600000ms (custom)
2019-09-20 01:17:06,305 [pool-57-thread-1] INFO  impl.RaftServerImpl (RaftServerImpl.java:start(185)) - 26af4371-9d5d-428d-8e45-bfde8adece44@group-A02232167DF5: start as a follower, conf=-1: [26af4371-9d5d-428d-8e45-bfde8adece44:192.168.151.120:43474], old=null
2019-09-20 01:17:06,306 [pool-57-thread-1] INFO  impl.RaftServerImpl (RaftServerImpl.java:setRole(174)) - 26af4371-9d5d-428d-8e45-bfde8adece44@group-A02232167DF5: changes role from      null to FOLLOWER at term 0 for startAsFollower
2019-09-20 01:17:06,306 [pool-57-thread-1] INFO  impl.RoleInfo (RoleInfo.java:updateAndGet(143)) - 26af4371-9d5d-428d-8e45-bfde8adece44: start FollowerState
2019-09-20 01:17:06,306 [pool-57-thread-1] INFO  util.JmxRegister (JmxRegister.java:tryRegister(44)) - Successfully registered JMX Bean with object name Ratis:service=RaftServer,group=group-A02232167DF5,id=26af4371-9d5d-428d-8e45-bfde8adece44
2019-09-20 01:17:06,318 [RatisPipelineUtilsThread] INFO  pipeline.PipelineStateManager (PipelineStateManager.java:addPipeline(56)) - Created pipeline Pipeline[ Id: 1f85ded7-f0cd-4885-a336-a02232167df5, Nodes: 26af4371-9d5d-428d-8e45-bfde8adece44{ip: 192.168.151.120, host: pr-hdds-2150-czsg7-3946154559, networkLocation: /default-rack, certSerialId: null}, Type:RATIS, Factor:ONE, State:OPEN]
2019-09-20 01:17:06,348 [grpc-default-executor-2] INFO  impl.RaftServerProxy (RaftServerProxy.java:addNew(89)) - be831ace-9e11-4db0-94c8-58d73a8b05a7: addNew group-3B4F9A08199E:[ca8cd17d-d9e7-4885-88c9-2067f54ae44d:192.168.151.120:33160, 6622f916-d331-4bba-8fd2-5f3d53fb59f4:192.168.151.120:39843, be831ace-9e11-4db0-94c8-58d73a8b05a7:192.168.151.120:35744] returns group-3B4F9A08199E:java.util.concurrent.CompletableFuture@6aa73bff[Not completed]
2019-09-20 01:17:06,350 [grpc-default-executor-2] INFO  impl.RaftServerProxy (RaftServerProxy.java:addNew(89)) - ca8cd17d-d9e7-4885-88c9-2067f54ae44d: addNew group-3B4F9A08199E:[ca8cd17d-d9e7-4885-88c9-2067f54ae44d:192.168.151.120:33160, 6622f916-d331-4bba-8fd2-5f3d53fb59f4:192.168.151.120:39843, be831ace-9e11-4db0-94c8-58d73a8b05a7:192.168.151.120:35744] returns group-3B4F9A08199E:java.util.concurrent.CompletableFuture@5cade9d1[Not completed]
2019-09-20 01:17:06,352 [pool-37-thread-1] INFO  impl.RaftServerImpl (RaftServerImpl.java:<init>(95)) - be831ace-9e11-4db0-94c8-58d73a8b05a7: new RaftServerImpl for group-3B4F9A08199E:[ca8cd17d-d9e7-4885-88c9-2067f54ae44d:192.168.151.120:33160, 6622f916-d331-4bba-8fd2-5f3d53fb59f4:192.168.151.120:39843, be831ace-9e11-4db0-94c8-58d73a8b05a7:192.168.151.120:35744] with ContainerStateMachine:uninitialized
2019-09-20 01:17:06,352 [pool-37-thread-1] INFO  server.RaftServerConfigKeys (ConfUtils.java:logGet(43)) - raft.server.rpc.timeout.min = 5s (custom)
2019-09-20 01:17:06,352 [pool-37-thread-1] INFO  server.RaftServerConfigKeys (ConfUtils.java:logGet(43)) - raft.server.rpc.timeout.max = 5200ms (custom)
2019-09-20 01:17:06,353 [grpc-default-executor-2] INFO  impl.RaftServerProxy (RaftServerProxy.java:addNew(89)) - 6622f916-d331-4bba-8fd2-5f3d53fb59f4: addNew group-3B4F9A08199E:[ca8cd17d-d9e7-4885-88c9-2067f54ae44d:192.168.151.120:33160, 6622f916-d331-4bba-8fd2-5f3d53fb59f4:192.168.151.120:39843, be831ace-9e11-4db0-94c8-58d73a8b05a7:192.168.151.120:35744] returns group-3B4F9A08199E:java.util.concurrent.CompletableFuture@4d34cfa0[Not completed]
2019-09-20 01:17:06,353 [pool-37-thread-1] INFO  server.RaftServerConfigKeys (ConfUtils.java:logGet(43)) - raft.server.rpcslowness.timeout = 1000s (custom)
2019-09-20 01:17:06,353 [pool-37-thread-1] INFO  server.RaftServerConfigKeys (ConfUtils.java:logGet(43)) - raft.server.sleep.deviation.threshold = 300 (default)
2019-09-20 01:17:06,353 [pool-27-thread-1] INFO  impl.RaftServerImpl (RaftServerImpl.java:<init>(95)) - ca8cd17d-d9e7-4885-88c9-2067f54ae44d: new RaftServerImpl for group-3B4F9A08199E:[ca8cd17d-d9e7-4885-88c9-2067f54ae44d:192.168.151.120:33160, 6622f916-d331-4bba-8fd2-5f3d53fb59f4:192.168.151.120:39843, be831ace-9e11-4db0-94c8-58d73a8b05a7:192.168.151.120:35744] with ContainerStateMachine:uninitialized
2019-09-20 01:17:06,353 [pool-37-thread-1] INFO  server.RaftServerConfigKeys (ConfUtils.java:logGet(43)) - raft.server.log.appender.install.snapshot.enabled = false (custom)
2019-09-20 01:17:06,353 [pool-27-thread-1] INFO  server.RaftServerConfigKeys (ConfUtils.java:logGet(43)) - raft.server.rpc.timeout.min = 5s (custom)
2019-09-20 01:17:06,353 [pool-37-thread-1] INFO  impl.RaftServerImpl (ServerState.java:<init>(103)) - be831ace-9e11-4db0-94c8-58d73a8b05a7@group-3B4F9A08199E: ConfigurationManager, init=-1: [ca8cd17d-d9e7-4885-88c9-2067f54ae44d:192.168.151.120:33160, 6622f916-d331-4bba-8fd2-5f3d53fb59f4:192.168.151.120:39843, be831ace-9e11-4db0-94c8-58d73a8b05a7:192.168.151.120:35744], old=null, confs=<EMPTY_MAP>
2019-09-20 01:17:06,353 [pool-27-thread-1] INFO  server.RaftServerConfigKeys (ConfUtils.java:logGet(43)) - raft.server.rpc.timeout.max = 5200ms (custom)
2019-09-20 01:17:06,354 [pool-27-thread-1] INFO  server.RaftServerConfigKeys (ConfUtils.java:logGet(43)) - raft.server.rpcslowness.timeout = 1000s (custom)
2019-09-20 01:17:06,354 [pool-37-thread-1] INFO  server.RaftServerConfigKeys (ConfUtils.java:logGet(43)) - raft.server.storage.dir = [/workdir/hadoop-ozone/integration-test/target/test-dir/MiniOzoneClusterImpl-5159e439-27ea-48a2-9ee8-0024257d1a62/datanode-1/data/ratis] (custom)
2019-09-20 01:17:06,354 [pool-47-thread-1] INFO  impl.RaftServerImpl (RaftServerImpl.java:<init>(95)) - 6622f916-d331-4bba-8fd2-5f3d53fb59f4: new RaftServerImpl for group-3B4F9A08199E:[ca8cd17d-d9e7-4885-88c9-2067f54ae44d:192.168.151.120:33160, 6622f916-d331-4bba-8fd2-5f3d53fb59f4:192.168.151.120:39843, be831ace-9e11-4db0-94c8-58d73a8b05a7:192.168.151.120:35744] with ContainerStateMachine:uninitialized
2019-09-20 01:17:06,354 [pool-27-thread-1] INFO  server.RaftServerConfigKeys (ConfUtils.java:logGet(43)) - raft.server.sleep.deviation.threshold = 300 (default)
2019-09-20 01:17:06,354 [pool-47-thread-1] INFO  server.RaftServerConfigKeys (ConfUtils.java:logGet(43)) - raft.server.rpc.timeout.min = 5s (custom)
2019-09-20 01:17:06,354 [pool-27-thread-1] INFO  server.RaftServerConfigKeys (ConfUtils.java:logGet(43)) - raft.server.log.appender.install.snapshot.enabled = false (custom)
2019-09-20 01:17:06,354 [pool-37-thread-1] INFO  storage.RaftStorageDirectory (RaftStorageDirectory.java:analyzeStorage(246)) - The storage directory /workdir/hadoop-ozone/integration-test/target/test-dir/MiniOzoneClusterImpl-5159e439-27ea-48a2-9ee8-0024257d1a62/datanode-1/data/ratis/8341cb99-7bb4-40f8-8ddb-3b4f9a08199e does not exist. Creating ...
2019-09-20 01:17:06,354 [pool-47-thread-1] INFO  server.RaftServerConfigKeys (ConfUtils.java:logGet(43)) - raft.server.rpc.timeout.max = 5200ms (custom)
2019-09-20 01:17:06,354 [pool-27-thread-1] INFO  impl.RaftServerImpl (ServerState.java:<init>(103)) - ca8cd17d-d9e7-4885-88c9-2067f54ae44d@group-3B4F9A08199E: ConfigurationManager, init=-1: [ca8cd17d-d9e7-4885-88c9-2067f54ae44d:192.168.151.120:33160, 6622f916-d331-4bba-8fd2-5f3d53fb59f4:192.168.151.120:39843, be831ace-9e11-4db0-94c8-58d73a8b05a7:192.168.151.120:35744], old=null, confs=<EMPTY_MAP>
2019-09-20 01:17:06,355 [pool-47-thread-1] INFO  server.RaftServerConfigKeys (ConfUtils.java:logGet(43)) - raft.server.rpcslowness.timeout = 1000s (custom)
2019-09-20 01:17:06,355 [pool-27-thread-1] INFO  server.RaftServerConfigKeys (ConfUtils.java:logGet(43)) - raft.server.storage.dir = [/workdir/hadoop-ozone/integration-test/target/test-dir/MiniOzoneClusterImpl-5159e439-27ea-48a2-9ee8-0024257d1a62/datanode-0/data/ratis] (custom)
2019-09-20 01:17:06,355 [pool-47-thread-1] INFO  server.RaftServerConfigKeys (ConfUtils.java:logGet(43)) - raft.server.sleep.deviation.threshold = 300 (default)
2019-09-20 01:17:06,355 [pool-47-thread-1] INFO  server.RaftServerConfigKeys (ConfUtils.java:logGet(43)) - raft.server.log.appender.install.snapshot.enabled = false (custom)
2019-09-20 01:17:06,355 [pool-27-thread-1] INFO  storage.RaftStorageDirectory (RaftStorageDirectory.java:analyzeStorage(246)) - The storage directory /workdir/hadoop-ozone/integration-test/target/test-dir/MiniOzoneClusterImpl-5159e439-27ea-48a2-9ee8-0024257d1a62/datanode-0/data/ratis/8341cb99-7bb4-40f8-8ddb-3b4f9a08199e does not exist. Creating ...
2019-09-20 01:17:06,355 [pool-47-thread-1] INFO  impl.RaftServerImpl (ServerState.java:<init>(103)) - 6622f916-d331-4bba-8fd2-5f3d53fb59f4@group-3B4F9A08199E: ConfigurationManager, init=-1: [ca8cd17d-d9e7-4885-88c9-2067f54ae44d:192.168.151.120:33160, 6622f916-d331-4bba-8fd2-5f3d53fb59f4:192.168.151.120:39843, be831ace-9e11-4db0-94c8-58d73a8b05a7:192.168.151.120:35744], old=null, confs=<EMPTY_MAP>
2019-09-20 01:17:06,355 [pool-47-thread-1] INFO  server.RaftServerConfigKeys (ConfUtils.java:logGet(43)) - raft.server.storage.dir = [/workdir/hadoop-ozone/integration-test/target/test-dir/MiniOzoneClusterImpl-5159e439-27ea-48a2-9ee8-0024257d1a62/datanode-2/data/ratis] (custom)
2019-09-20 01:17:06,356 [pool-47-thread-1] INFO  storage.RaftStorageDirectory (RaftStorageDirectory.java:analyzeStorage(246)) - The storage directory /workdir/hadoop-ozone/integration-test/target/test-dir/MiniOzoneClusterImpl-5159e439-27ea-48a2-9ee8-0024257d1a62/datanode-2/data/ratis/8341cb99-7bb4-40f8-8ddb-3b4f9a08199e does not exist. Creating ...
2019-09-20 01:17:06,377 [grpc-default-executor-1] INFO  client.GrpcClientProtocolClient (GrpcClientProtocolClient.java:onNext(264)) - client-C3ACF874DF68->ca8cd17d-d9e7-4885-88c9-2067f54ae44d: receive RaftClientReply:client-C3ACF874DF68->ca8cd17d-d9e7-4885-88c9-2067f54ae44d@group-9C255A61EACA, cid=9, FAILED org.apache.ratis.protocol.NotLeaderException: Server ca8cd17d-d9e7-4885-88c9-2067f54ae44d@group-9C255A61EACA is not the leader, logIndex=0, commits[ca8cd17d-d9e7-4885-88c9-2067f54ae44d:c-1]
2019-09-20 01:17:06,380 [pool-37-thread-1] INFO  storage.RaftStorageDirectory (RaftStorageDirectory.java:tryLock(328)) - Lock on /workdir/hadoop-ozone/integration-test/target/test-dir/MiniOzoneClusterImpl-5159e439-27ea-48a2-9ee8-0024257d1a62/datanode-1/data/ratis/8341cb99-7bb4-40f8-8ddb-3b4f9a08199e/in_use.lock acquired by nodename 15239@pr-hdds-2150-czsg7-3946154559
2019-09-20 01:17:06,380 [pool-27-thread-1] INFO  storage.RaftStorageDirectory (RaftStorageDirectory.java:tryLock(328)) - Lock on /workdir/hadoop-ozone/integration-test/target/test-dir/MiniOzoneClusterImpl-5159e439-27ea-48a2-9ee8-0024257d1a62/datanode-0/data/ratis/8341cb99-7bb4-40f8-8ddb-3b4f9a08199e/in_use.lock acquired by nodename 15239@pr-hdds-2150-czsg7-3946154559
2019-09-20 01:17:06,380 [pool-47-thread-1] INFO  storage.RaftStorageDirectory (RaftStorageDirectory.java:tryLock(328)) - Lock on /workdir/hadoop-ozone/integration-test/target/test-dir/MiniOzoneClusterImpl-5159e439-27ea-48a2-9ee8-0024257d1a62/datanode-2/data/ratis/8341cb99-7bb4-40f8-8ddb-3b4f9a08199e/in_use.lock acquired by nodename 15239@pr-hdds-2150-czsg7-3946154559
2019-09-20 01:17:06,387 [pool-27-thread-1] INFO  storage.RaftStorage (RaftStorage.java:format(72)) - Storage directory /workdir/hadoop-ozone/integration-test/target/test-dir/MiniOzoneClusterImpl-5159e439-27ea-48a2-9ee8-0024257d1a62/datanode-0/data/ratis/8341cb99-7bb4-40f8-8ddb-3b4f9a08199e has been successfully formatted.
2019-09-20 01:17:06,387 [pool-37-thread-1] INFO  storage.RaftStorage (RaftStorage.java:format(72)) - Storage directory /workdir/hadoop-ozone/integration-test/target/test-dir/MiniOzoneClusterImpl-5159e439-27ea-48a2-9ee8-0024257d1a62/datanode-1/data/ratis/8341cb99-7bb4-40f8-8ddb-3b4f9a08199e has been successfully formatted.
2019-09-20 01:17:06,387 [pool-47-thread-1] INFO  storage.RaftStorage (RaftStorage.java:format(72)) - Storage directory /workdir/hadoop-ozone/integration-test/target/test-dir/MiniOzoneClusterImpl-5159e439-27ea-48a2-9ee8-0024257d1a62/datanode-2/data/ratis/8341cb99-7bb4-40f8-8ddb-3b4f9a08199e has been successfully formatted.
2019-09-20 01:17:06,388 [pool-27-thread-1] INFO  ratis.ContainerStateMachine (ContainerStateMachine.java:loadSnapshot(230)) - group-3B4F9A08199E: The snapshot info is null. Setting the last applied indexto:(t:0, i:~)
2019-09-20 01:17:06,388 [pool-37-thread-1] INFO  ratis.ContainerStateMachine (ContainerStateMachine.java:loadSnapshot(230)) - group-3B4F9A08199E: The snapshot info is null. Setting the last applied indexto:(t:0, i:~)
2019-09-20 01:17:06,389 [pool-47-thread-1] INFO  ratis.ContainerStateMachine (ContainerStateMachine.java:loadSnapshot(230)) - group-3B4F9A08199E: The snapshot info is null. Setting the last applied indexto:(t:0, i:~)
2019-09-20 01:17:06,389 [pool-27-thread-1] INFO  server.RaftServerConfigKeys (ConfUtils.java:logGet(43)) - raft.server.notification.no-leader.timeout = 1000s (custom)
2019-09-20 01:17:06,389 [pool-47-thread-1] INFO  server.RaftServerConfigKeys (ConfUtils.java:logGet(43)) - raft.server.notification.no-leader.timeout = 1000s (custom)
2019-09-20 01:17:06,389 [pool-37-thread-1] INFO  server.RaftServerConfigKeys (ConfUtils.java:logGet(43)) - raft.server.notification.no-leader.timeout = 1000s (custom)
2019-09-20 01:17:06,389 [pool-47-thread-1] INFO  server.RaftServerConfigKeys (ConfUtils.java:logGet(43)) - raft.server.log.use.memory = false (default)
2019-09-20 01:17:06,389 [pool-27-thread-1] INFO  server.RaftServerConfigKeys (ConfUtils.java:logGet(43)) - raft.server.log.use.memory = false (default)
2019-09-20 01:17:06,390 [pool-47-thread-1] INFO  server.RaftServerConfigKeys (ConfUtils.java:logGet(43)) - raft.server.log.purge.gap = 1000000 (custom)
2019-09-20 01:17:06,389 [pool-37-thread-1] INFO  server.RaftServerConfigKeys (ConfUtils.java:logGet(43)) - raft.server.log.use.memory = false (default)
2019-09-20 01:17:06,390 [pool-47-thread-1] INFO  server.RaftServerConfigKeys (ConfUtils.java:logGet(43)) - raft.server.log.appender.buffer.byte-limit = 33554432 (custom)
2019-09-20 01:17:06,390 [pool-27-thread-1] INFO  server.RaftServerConfigKeys (ConfUtils.java:logGet(43)) - raft.server.log.purge.gap = 1000000 (custom)
2019-09-20 01:17:06,390 [pool-47-thread-1] INFO  server.RaftServerConfigKeys (ConfUtils.java:logGet(43)) - raft.server.log.segment.size.max = 1048576 (custom)
2019-09-20 01:17:06,390 [pool-37-thread-1] INFO  server.RaftServerConfigKeys (ConfUtils.java:logGet(43)) - raft.server.log.purge.gap = 1000000 (custom)
2019-09-20 01:17:06,391 [pool-47-thread-1] INFO  server.RaftServerConfigKeys (ConfUtils.java:logGet(43)) - raft.server.log.segment.cache.num.max = 2 (custom)
2019-09-20 01:17:06,390 [pool-27-thread-1] INFO  server.RaftServerConfigKeys (ConfUtils.java:logGet(43)) - raft.server.log.appender.buffer.byte-limit = 33554432 (custom)
2019-09-20 01:17:06,391 [pool-47-thread-1] INFO  segmented.SegmentedRaftLogWorker (SegmentedRaftLogWorker.java:<init>(172)) - new 6622f916-d331-4bba-8fd2-5f3d53fb59f4@group-3B4F9A08199E-SegmentedRaftLogWorker for RaftStorage:Storage Directory /workdir/hadoop-ozone/integration-test/target/test-dir/MiniOzoneClusterImpl-5159e439-27ea-48a2-9ee8-0024257d1a62/datanode-2/data/ratis/8341cb99-7bb4-40f8-8ddb-3b4f9a08199e
2019-09-20 01:17:06,391 [pool-37-thread-1] INFO  server.RaftServerConfigKeys (ConfUtils.java:logGet(43)) - raft.server.log.appender.buffer.byte-limit = 33554432 (custom)
2019-09-20 01:17:06,391 [pool-47-thread-1] INFO  server.RaftServerConfigKeys (ConfUtils.java:logGet(43)) - raft.server.log.queue.byte-limit = 2147483647 (custom)
2019-09-20 01:17:06,391 [pool-27-thread-1] INFO  server.RaftServerConfigKeys (ConfUtils.java:logGet(43)) - raft.server.log.segment.size.max = 1048576 (custom)
2019-09-20 01:17:06,392 [pool-47-thread-1] INFO  server.RaftServerConfigKeys (ConfUtils.java:logGet(43)) - raft.server.log.queue.element-limit = 1024 (custom)
2019-09-20 01:17:06,391 [pool-37-thread-1] INFO  server.RaftServerConfigKeys (ConfUtils.java:logGet(43)) - raft.server.log.segment.size.max = 1048576 (custom)
2019-09-20 01:17:06,392 [pool-27-thread-1] INFO  server.RaftServerConfigKeys (ConfUtils.java:logGet(43)) - raft.server.log.segment.cache.num.max = 2 (custom)
2019-09-20 01:17:06,393 [pool-37-thread-1] INFO  server.RaftServerConfigKeys (ConfUtils.java:logGet(43)) - raft.server.log.segment.cache.num.max = 2 (custom)
2019-09-20 01:17:06,393 [pool-47-thread-1] INFO  server.RaftServerConfigKeys (ConfUtils.java:logGet(43)) - raft.server.log.segment.size.max = 1048576 (custom)
2019-09-20 01:17:06,394 [pool-37-thread-1] INFO  segmented.SegmentedRaftLogWorker (SegmentedRaftLogWorker.java:<init>(172)) - new be831ace-9e11-4db0-94c8-58d73a8b05a7@group-3B4F9A08199E-SegmentedRaftLogWorker for RaftStorage:Storage Directory /workdir/hadoop-ozone/integration-test/target/test-dir/MiniOzoneClusterImpl-5159e439-27ea-48a2-9ee8-0024257d1a62/datanode-1/data/ratis/8341cb99-7bb4-40f8-8ddb-3b4f9a08199e
2019-09-20 01:17:06,394 [pool-27-thread-1] INFO  segmented.SegmentedRaftLogWorker (SegmentedRaftLogWorker.java:<init>(172)) - new ca8cd17d-d9e7-4885-88c9-2067f54ae44d@group-3B4F9A08199E-SegmentedRaftLogWorker for RaftStorage:Storage Directory /workdir/hadoop-ozone/integration-test/target/test-dir/MiniOzoneClusterImpl-5159e439-27ea-48a2-9ee8-0024257d1a62/datanode-0/data/ratis/8341cb99-7bb4-40f8-8ddb-3b4f9a08199e
2019-09-20 01:17:06,395 [pool-37-thread-1] INFO  server.RaftServerConfigKeys (ConfUtils.java:logGet(43)) - raft.server.log.queue.byte-limit = 2147483647 (custom)
2019-09-20 01:17:06,394 [pool-47-thread-1] INFO  server.RaftServerConfigKeys (ConfUtils.java:logGet(43)) - raft.server.log.preallocated.size = 16384 (custom)
2019-09-20 01:17:06,395 [pool-37-thread-1] INFO  server.RaftServerConfigKeys (ConfUtils.java:logGet(43)) - raft.server.log.queue.element-limit = 1024 (custom)
2019-09-20 01:17:06,395 [pool-27-thread-1] INFO  server.RaftServerConfigKeys (ConfUtils.java:logGet(43)) - raft.server.log.queue.byte-limit = 2147483647 (custom)
2019-09-20 01:17:06,395 [pool-37-thread-1] INFO  server.RaftServerConfigKeys (ConfUtils.java:logGet(43)) - raft.server.log.segment.size.max = 1048576 (custom)
2019-09-20 01:17:06,395 [pool-47-thread-1] INFO  server.RaftServerConfigKeys (ConfUtils.java:logGet(43)) - raft.server.log.write.buffer.size = 33554432 (custom)
2019-09-20 01:17:06,396 [pool-37-thread-1] INFO  server.RaftServerConfigKeys (ConfUtils.java:logGet(43)) - raft.server.log.preallocated.size = 16384 (custom)
2019-09-20 01:17:06,395 [pool-27-thread-1] INFO  server.RaftServerConfigKeys (ConfUtils.java:logGet(43)) - raft.server.log.queue.element-limit = 1024 (custom)
2019-09-20 01:17:06,396 [pool-37-thread-1] INFO  server.RaftServerConfigKeys (ConfUtils.java:logGet(43)) - raft.server.log.write.buffer.size = 33554432 (custom)
2019-09-20 01:17:06,396 [pool-47-thread-1] INFO  server.RaftServerConfigKeys (ConfUtils.java:logGet(43)) - raft.server.log.force.sync.num = 128 (default)
2019-09-20 01:17:06,396 [pool-37-thread-1] INFO  server.RaftServerConfigKeys (ConfUtils.java:logGet(43)) - raft.server.log.force.sync.num = 128 (default)
2019-09-20 01:17:06,396 [pool-27-thread-1] INFO  server.RaftServerConfigKeys (ConfUtils.java:logGet(43)) - raft.server.log.segment.size.max = 1048576 (custom)
2019-09-20 01:17:06,397 [pool-37-thread-1] INFO  server.RaftServerConfigKeys (ConfUtils.java:logGet(43)) - raft.server.log.statemachine.data.sync = true (default)
2019-09-20 01:17:06,396 [pool-47-thread-1] INFO  server.RaftServerConfigKeys (ConfUtils.java:logGet(43)) - raft.server.log.statemachine.data.sync = true (default)
2019-09-20 01:17:06,397 [pool-37-thread-1] INFO  server.RaftServerConfigKeys (ConfUtils.java:logGet(43)) - raft.server.log.statemachine.data.sync.timeout = 10s (default)
2019-09-20 01:17:06,397 [pool-27-thread-1] INFO  server.RaftServerConfigKeys (ConfUtils.java:logGet(43)) - raft.server.log.preallocated.size = 16384 (custom)
2019-09-20 01:17:06,397 [pool-37-thread-1] INFO  server.RaftServerConfigKeys (ConfUtils.java:logGet(43)) - raft.server.log.statemachine.data.sync.timeout.retry = -1 (default)
2019-09-20 01:17:06,397 [pool-47-thread-1] INFO  server.RaftServerConfigKeys (ConfUtils.java:logGet(43)) - raft.server.log.statemachine.data.sync.timeout = 10s (default)
2019-09-20 01:17:06,398 [pool-37-thread-1] INFO  server.RaftServerConfigKeys (ConfUtils.java:logGet(43)) - raft.server.log.statemachine.data.caching.enabled = true (custom)
2019-09-20 01:17:06,397 [pool-27-thread-1] INFO  server.RaftServerConfigKeys (ConfUtils.java:logGet(43)) - raft.server.log.write.buffer.size = 33554432 (custom)
2019-09-20 01:17:06,398 [pool-47-thread-1] INFO  server.RaftServerConfigKeys (ConfUtils.java:logGet(43)) - raft.server.log.statemachine.data.sync.timeout.retry = -1 (default)
2019-09-20 01:17:06,398 [pool-37-thread-1] INFO  segmented.SegmentedRaftLogWorker (SegmentedRaftLogWorker.java:lambda$new$0(132)) - be831ace-9e11-4db0-94c8-58d73a8b05a7@group-3B4F9A08199E-SegmentedRaftLogWorker: flushIndex: setUnconditionally 0 -> -1
2019-09-20 01:17:06,398 [pool-27-thread-1] INFO  server.RaftServerConfigKeys (ConfUtils.java:logGet(43)) - raft.server.log.force.sync.num = 128 (default)
2019-09-20 01:17:06,398 [pool-47-thread-1] INFO  server.RaftServerConfigKeys (ConfUtils.java:logGet(43)) - raft.server.log.statemachine.data.caching.enabled = true (custom)
2019-09-20 01:17:06,399 [pool-37-thread-1] INFO  server.RaftServerConfigKeys (ConfUtils.java:logGet(43)) - raft.server.snapshot.auto.trigger.enabled = true (custom)
2019-09-20 01:17:06,399 [pool-27-thread-1] INFO  server.RaftServerConfigKeys (ConfUtils.java:logGet(43)) - raft.server.log.statemachine.data.sync = true (default)
2019-09-20 01:17:06,399 [pool-47-thread-1] INFO  segmented.SegmentedRaftLogWorker (SegmentedRaftLogWorker.java:lambda$new$0(132)) - 6622f916-d331-4bba-8fd2-5f3d53fb59f4@group-3B4F9A08199E-SegmentedRaftLogWorker: flushIndex: setUnconditionally 0 -> -1
2019-09-20 01:17:06,399 [pool-37-thread-1] INFO  server.RaftServerConfigKeys (ConfUtils.java:logGet(43)) - raft.server.snapshot.auto.trigger.threshold = 10000 (custom)
2019-09-20 01:17:06,399 [pool-27-thread-1] INFO  server.RaftServerConfigKeys (ConfUtils.java:logGet(43)) - raft.server.log.statemachine.data.sync.timeout = 10s (default)
2019-09-20 01:17:06,399 [pool-47-thread-1] INFO  server.RaftServerConfigKeys (ConfUtils.java:logGet(43)) - raft.server.snapshot.auto.trigger.enabled = true (custom)
2019-09-20 01:17:06,399 [pool-37-thread-1] INFO  server.RaftServerConfigKeys (ConfUtils.java:logGet(43)) - raft.server.snapshot.retention.num.files = 5 (custom)
2019-09-20 01:17:06,400 [pool-47-thread-1] INFO  server.RaftServerConfigKeys (ConfUtils.java:logGet(43)) - raft.server.snapshot.auto.trigger.threshold = 10000 (custom)
2019-09-20 01:17:06,400 [pool-27-thread-1] INFO  server.RaftServerConfigKeys (ConfUtils.java:logGet(43)) - raft.server.log.statemachine.data.sync.timeout.retry = -1 (default)
2019-09-20 01:17:06,400 [pool-47-thread-1] INFO  server.RaftServerConfigKeys (ConfUtils.java:logGet(43)) - raft.server.snapshot.retention.num.files = 5 (custom)
2019-09-20 01:17:06,400 [pool-37-thread-1] INFO  server.RaftServerConfigKeys (ConfUtils.java:logGet(43)) - raft.server.retrycache.expirytime = 600000ms (custom)
2019-09-20 01:17:06,400 [pool-47-thread-1] INFO  server.RaftServerConfigKeys (ConfUtils.java:logGet(43)) - raft.server.retrycache.expirytime = 600000ms (custom)
2019-09-20 01:17:06,400 [pool-27-thread-1] INFO  server.RaftServerConfigKeys (ConfUtils.java:logGet(43)) - raft.server.log.statemachine.data.caching.enabled = true (custom)
2019-09-20 01:17:06,401 [pool-27-thread-1] INFO  segmented.SegmentedRaftLogWorker (SegmentedRaftLogWorker.java:lambda$new$0(132)) - ca8cd17d-d9e7-4885-88c9-2067f54ae44d@group-3B4F9A08199E-SegmentedRaftLogWorker: flushIndex: setUnconditionally 0 -> -1
2019-09-20 01:17:06,401 [pool-27-thread-1] INFO  server.RaftServerConfigKeys (ConfUtils.java:logGet(43)) - raft.server.snapshot.auto.trigger.enabled = true (custom)
2019-09-20 01:17:06,401 [pool-27-thread-1] INFO  server.RaftServerConfigKeys (ConfUtils.java:logGet(43)) - raft.server.snapshot.auto.trigger.threshold = 10000 (custom)
2019-09-20 01:17:06,401 [pool-27-thread-1] INFO  server.RaftServerConfigKeys (ConfUtils.java:logGet(43)) - raft.server.snapshot.retention.num.files = 5 (custom)
2019-09-20 01:17:06,401 [pool-27-thread-1] INFO  server.RaftServerConfigKeys (ConfUtils.java:logGet(43)) - raft.server.retrycache.expirytime = 600000ms (custom)
2019-09-20 01:17:06,405 [pool-37-thread-1] INFO  impl.RaftServerImpl (RaftServerImpl.java:start(185)) - be831ace-9e11-4db0-94c8-58d73a8b05a7@group-3B4F9A08199E: start as a follower, conf=-1: [ca8cd17d-d9e7-4885-88c9-2067f54ae44d:192.168.151.120:33160, 6622f916-d331-4bba-8fd2-5f3d53fb59f4:192.168.151.120:39843, be831ace-9e11-4db0-94c8-58d73a8b05a7:192.168.151.120:35744], old=null
2019-09-20 01:17:06,405 [pool-37-thread-1] INFO  impl.RaftServerImpl (RaftServerImpl.java:setRole(174)) - be831ace-9e11-4db0-94c8-58d73a8b05a7@group-3B4F9A08199E: changes role from      null to FOLLOWER at term 0 for startAsFollower
2019-09-20 01:17:06,405 [pool-37-thread-1] INFO  impl.RoleInfo (RoleInfo.java:updateAndGet(143)) - be831ace-9e11-4db0-94c8-58d73a8b05a7: start FollowerState
2019-09-20 01:17:06,406 [pool-37-thread-1] INFO  util.JmxRegister (JmxRegister.java:tryRegister(44)) - Successfully registered JMX Bean with object name Ratis:service=RaftServer,group=group-3B4F9A08199E,id=be831ace-9e11-4db0-94c8-58d73a8b05a7
2019-09-20 01:17:06,406 [pool-27-thread-1] INFO  impl.RaftServerImpl (RaftServerImpl.java:start(185)) - ca8cd17d-d9e7-4885-88c9-2067f54ae44d@group-3B4F9A08199E: start as a follower, conf=-1: [ca8cd17d-d9e7-4885-88c9-2067f54ae44d:192.168.151.120:33160, 6622f916-d331-4bba-8fd2-5f3d53fb59f4:192.168.151.120:39843, be831ace-9e11-4db0-94c8-58d73a8b05a7:192.168.151.120:35744], old=null
2019-09-20 01:17:06,406 [pool-47-thread-1] INFO  impl.RaftServerImpl (RaftServerImpl.java:start(185)) - 6622f916-d331-4bba-8fd2-5f3d53fb59f4@group-3B4F9A08199E: start as a follower, conf=-1: [ca8cd17d-d9e7-4885-88c9-2067f54ae44d:192.168.151.120:33160, 6622f916-d331-4bba-8fd2-5f3d53fb59f4:192.168.151.120:39843, be831ace-9e11-4db0-94c8-58d73a8b05a7:192.168.151.120:35744], old=null
2019-09-20 01:17:06,406 [pool-27-thread-1] INFO  impl.RaftServerImpl (RaftServerImpl.java:setRole(174)) - ca8cd17d-d9e7-4885-88c9-2067f54ae44d@group-3B4F9A08199E: changes role from      null to FOLLOWER at term 0 for startAsFollower
2019-09-20 01:17:06,406 [pool-47-thread-1] INFO  impl.RaftServerImpl (RaftServerImpl.java:setRole(174)) - 6622f916-d331-4bba-8fd2-5f3d53fb59f4@group-3B4F9A08199E: changes role from      null to FOLLOWER at term 0 for startAsFollower
2019-09-20 01:17:06,406 [pool-27-thread-1] INFO  impl.RoleInfo (RoleInfo.java:updateAndGet(143)) - ca8cd17d-d9e7-4885-88c9-2067f54ae44d: start FollowerState
2019-09-20 01:17:06,407 [pool-47-thread-1] INFO  impl.RoleInfo (RoleInfo.java:updateAndGet(143)) - 6622f916-d331-4bba-8fd2-5f3d53fb59f4: start FollowerState
2019-09-20 01:17:06,407 [pool-27-thread-1] INFO  util.JmxRegister (JmxRegister.java:tryRegister(44)) - Successfully registered JMX Bean with object name Ratis:service=RaftServer,group=group-3B4F9A08199E,id=ca8cd17d-d9e7-4885-88c9-2067f54ae44d
2019-09-20 01:17:06,407 [pool-47-thread-1] INFO  util.JmxRegister (JmxRegister.java:tryRegister(44)) - Successfully registered JMX Bean with object name Ratis:service=RaftServer,group=group-3B4F9A08199E,id=6622f916-d331-4bba-8fd2-5f3d53fb59f4
2019-09-20 01:17:06,422 [RatisPipelineUtilsThread] INFO  pipeline.PipelineStateManager (PipelineStateManager.java:addPipeline(56)) - Created pipeline Pipeline[ Id: 8341cb99-7bb4-40f8-8ddb-3b4f9a08199e, Nodes: ca8cd17d-d9e7-4885-88c9-2067f54ae44d{ip: 192.168.151.120, host: pr-hdds-2150-czsg7-3946154559, networkLocation: /default-rack, certSerialId: null}be831ace-9e11-4db0-94c8-58d73a8b05a7{ip: 192.168.151.120, host: pr-hdds-2150-czsg7-3946154559, networkLocation: /default-rack, certSerialId: null}6622f916-d331-4bba-8fd2-5f3d53fb59f4{ip: 192.168.151.120, host: pr-hdds-2150-czsg7-3946154559, networkLocation: /default-rack, certSerialId: null}, Type:RATIS, Factor:THREE, State:OPEN]
2019-09-20 01:17:06,607 [Command processor thread] ERROR commandhandler.CloseContainerCommandHandler (CloseContainerCommandHandler.java:handle(84)) - Container #1 does not exist in datanode. Container close failed.
2019-09-20 01:17:06,653 [Thread-193] INFO  container.ReplicationManager (ReplicationManager.java:start(169)) - Replication Monitor Thread is already running.
2019-09-20 01:17:06,686 [Command processor thread] ERROR commandhandler.CloseContainerCommandHandler (CloseContainerCommandHandler.java:handle(84)) - Container #1 does not exist in datanode. Container close failed.
2019-09-20 01:17:06,768 [Command processor thread] ERROR commandhandler.CloseContainerCommandHandler (CloseContainerCommandHandler.java:handle(84)) - Container #1 does not exist in datanode. Container close failed.
2019-09-20 01:17:06,916 [ReplicationMonitor] INFO  container.ReplicationManager (ReplicationManager.java:run(225)) - Replication Monitor Thread took 31 milliseconds for processing 1 containers.
2019-09-20 01:17:07,413 [grpc-default-executor-1] INFO  client.GrpcClientProtocolClient (GrpcClientProtocolClient.java:onNext(264)) - client-C3ACF874DF68->be831ace-9e11-4db0-94c8-58d73a8b05a7: receive RaftClientReply:client-C3ACF874DF68->be831ace-9e11-4db0-94c8-58d73a8b05a7@group-9C255A61EACA, cid=9, FAILED org.apache.ratis.protocol.NotLeaderException: Server be831ace-9e11-4db0-94c8-58d73a8b05a7@group-9C255A61EACA is not the leader, logIndex=0, commits[be831ace-9e11-4db0-94c8-58d73a8b05a7:c-1]
2019-09-20 01:17:08,442 [grpc-default-executor-1] INFO  client.GrpcClientProtocolClient (GrpcClientProtocolClient.java:onNext(264)) - client-C3ACF874DF68->6622f916-d331-4bba-8fd2-5f3d53fb59f4: receive RaftClientReply:client-C3ACF874DF68->6622f916-d331-4bba-8fd2-5f3d53fb59f4@group-9C255A61EACA, cid=9, FAILED org.apache.ratis.protocol.NotLeaderException: Server 6622f916-d331-4bba-8fd2-5f3d53fb59f4@group-9C255A61EACA is not the leader, logIndex=0, commits[6622f916-d331-4bba-8fd2-5f3d53fb59f4:c-1]
2019-09-20 01:17:08,916 [ReplicationMonitor] INFO  container.ReplicationManager (ReplicationManager.java:run(225)) - Replication Monitor Thread took 0 milliseconds for processing 1 containers.
2019-09-20 01:17:09,469 [grpc-default-executor-1] INFO  client.GrpcClientProtocolClient (GrpcClientProtocolClient.java:onNext(264)) - client-C3ACF874DF68->ca8cd17d-d9e7-4885-88c9-2067f54ae44d: receive RaftClientReply:client-C3ACF874DF68->ca8cd17d-d9e7-4885-88c9-2067f54ae44d@group-9C255A61EACA, cid=9, FAILED org.apache.ratis.protocol.NotLeaderException: Server ca8cd17d-d9e7-4885-88c9-2067f54ae44d@group-9C255A61EACA is not the leader, logIndex=0, commits[ca8cd17d-d9e7-4885-88c9-2067f54ae44d:c-1]
2019-09-20 01:17:09,488 [Thread-195] INFO  impl.FollowerState (FollowerState.java:run(106)) - ca8cd17d-d9e7-4885-88c9-2067f54ae44d:group-2E84FEDC37CD changes to CANDIDATE, lastRpcTime:5058, electionTimeout:5057ms
2019-09-20 01:17:09,492 [Thread-195] INFO  impl.RoleInfo (RoleInfo.java:shutdownFollowerState(121)) - ca8cd17d-d9e7-4885-88c9-2067f54ae44d: shutdown FollowerState
2019-09-20 01:17:09,492 [Thread-195] INFO  impl.RaftServerImpl (RaftServerImpl.java:setRole(174)) - ca8cd17d-d9e7-4885-88c9-2067f54ae44d@group-2E84FEDC37CD: changes role from  FOLLOWER to CANDIDATE at term 0 for changeToCandidate
2019-09-20 01:17:09,499 [Thread-195] INFO  impl.RoleInfo (RoleInfo.java:updateAndGet(143)) - ca8cd17d-d9e7-4885-88c9-2067f54ae44d: start LeaderElection
2019-09-20 01:17:09,516 [ca8cd17d-d9e7-4885-88c9-2067f54ae44d@group-2E84FEDC37CD:LeaderElection1] INFO  impl.LeaderElection (LeaderElection.java:askForVotes(182)) - ca8cd17d-d9e7-4885-88c9-2067f54ae44d@group-2E84FEDC37CD:LeaderElection1: begin an election at term 1 for -1: [ca8cd17d-d9e7-4885-88c9-2067f54ae44d:192.168.151.120:33160], old=null
2019-09-20 01:17:09,518 [ca8cd17d-d9e7-4885-88c9-2067f54ae44d@group-2E84FEDC37CD:LeaderElection1] INFO  impl.RoleInfo (RoleInfo.java:shutdownLeaderElection(134)) - ca8cd17d-d9e7-4885-88c9-2067f54ae44d: shutdown LeaderElection
2019-09-20 01:17:09,518 [ca8cd17d-d9e7-4885-88c9-2067f54ae44d@group-2E84FEDC37CD:LeaderElection1] INFO  impl.RaftServerImpl (RaftServerImpl.java:setRole(174)) - ca8cd17d-d9e7-4885-88c9-2067f54ae44d@group-2E84FEDC37CD: changes role from CANDIDATE to LEADER at term 1 for changeToLeader
2019-09-20 01:17:09,519 [ca8cd17d-d9e7-4885-88c9-2067f54ae44d@group-2E84FEDC37CD:LeaderElection1] INFO  impl.RaftServerImpl (ServerState.java:setLeader(253)) - ca8cd17d-d9e7-4885-88c9-2067f54ae44d@group-2E84FEDC37CD: change Leader from null to ca8cd17d-d9e7-4885-88c9-2067f54ae44d at term 1 for becomeLeader, leader elected after 5202ms
2019-09-20 01:17:09,526 [ca8cd17d-d9e7-4885-88c9-2067f54ae44d@group-2E84FEDC37CD:LeaderElection1] INFO  server.RaftServerConfigKeys (ConfUtils.java:logGet(43)) - raft.server.staging.catchup.gap = 1000 (default)
2019-09-20 01:17:09,526 [ca8cd17d-d9e7-4885-88c9-2067f54ae44d@group-2E84FEDC37CD:LeaderElection1] INFO  server.RaftServerConfigKeys (ConfUtils.java:logGet(43)) - raft.server.rpc.sleep.time = 25ms (default)
2019-09-20 01:17:09,530 [ca8cd17d-d9e7-4885-88c9-2067f54ae44d@group-2E84FEDC37CD:LeaderElection1] INFO  server.RaftServerConfigKeys (ConfUtils.java:logGet(43)) - raft.server.write.element-limit = 4096 (default)
2019-09-20 01:17:09,533 [ca8cd17d-d9e7-4885-88c9-2067f54ae44d@group-2E84FEDC37CD:LeaderElection1] INFO  server.RaftServerConfigKeys (ConfUtils.java:logGet(43)) - raft.server.watch.timeout = 10s (default)
2019-09-20 01:17:09,534 [ca8cd17d-d9e7-4885-88c9-2067f54ae44d@group-2E84FEDC37CD:LeaderElection1] INFO  server.RaftServerConfigKeys (ConfUtils.java:logGet(43)) - raft.server.watch.timeout.denomination = 1s (default)
2019-09-20 01:17:09,535 [ca8cd17d-d9e7-4885-88c9-2067f54ae44d@group-2E84FEDC37CD:LeaderElection1] INFO  server.RaftServerConfigKeys (ConfUtils.java:logGet(43)) - raft.server.watch.element-limit = 65536 (default)
2019-09-20 01:17:09,548 [ca8cd17d-d9e7-4885-88c9-2067f54ae44d@group-2E84FEDC37CD:LeaderElection1] INFO  impl.RoleInfo (RoleInfo.java:updateAndGet(143)) - ca8cd17d-d9e7-4885-88c9-2067f54ae44d: start LeaderState
2019-09-20 01:17:09,576 [ca8cd17d-d9e7-4885-88c9-2067f54ae44d@group-2E84FEDC37CD:LeaderElection1] INFO  segmented.SegmentedRaftLogWorker (SegmentedRaftLogWorker.java:startLogSegment(380)) - ca8cd17d-d9e7-4885-88c9-2067f54ae44d@group-2E84FEDC37CD-SegmentedRaftLogWorker: Starting segment from index:0
2019-09-20 01:17:09,586 [ca8cd17d-d9e7-4885-88c9-2067f54ae44d@group-2E84FEDC37CD:LeaderElection1] INFO  impl.RaftServerImpl (ServerState.java:setRaftConf(354)) - ca8cd17d-d9e7-4885-88c9-2067f54ae44d@group-2E84FEDC37CD: set configuration 0: [ca8cd17d-d9e7-4885-88c9-2067f54ae44d:192.168.151.120:33160], old=null at 0
2019-09-20 01:17:09,705 [Thread-198] INFO  impl.FollowerState (FollowerState.java:run(106)) - be831ace-9e11-4db0-94c8-58d73a8b05a7:group-5496AF10BB8D changes to CANDIDATE, lastRpcTime:5031, electionTimeout:5029ms
2019-09-20 01:17:09,707 [Thread-198] INFO  impl.RoleInfo (RoleInfo.java:shutdownFollowerState(121)) - be831ace-9e11-4db0-94c8-58d73a8b05a7: shutdown FollowerState
2019-09-20 01:17:09,707 [Thread-198] INFO  impl.RaftServerImpl (RaftServerImpl.java:setRole(174)) - be831ace-9e11-4db0-94c8-58d73a8b05a7@group-5496AF10BB8D: changes role from  FOLLOWER to CANDIDATE at term 0 for changeToCandidate
2019-09-20 01:17:09,707 [Thread-198] INFO  impl.RoleInfo (RoleInfo.java:updateAndGet(143)) - be831ace-9e11-4db0-94c8-58d73a8b05a7: start LeaderElection
2019-09-20 01:17:09,723 [be831ace-9e11-4db0-94c8-58d73a8b05a7@group-5496AF10BB8D:LeaderElection2] INFO  impl.LeaderElection (LeaderElection.java:askForVotes(182)) - be831ace-9e11-4db0-94c8-58d73a8b05a7@group-5496AF10BB8D:LeaderElection2: begin an election at term 1 for -1: [be831ace-9e11-4db0-94c8-58d73a8b05a7:192.168.151.120:35744], old=null
2019-09-20 01:17:09,728 [be831ace-9e11-4db0-94c8-58d73a8b05a7@group-5496AF10BB8D:LeaderElection2] INFO  impl.RoleInfo (RoleInfo.java:shutdownLeaderElection(134)) - be831ace-9e11-4db0-94c8-58d73a8b05a7: shutdown LeaderElection
2019-09-20 01:17:09,728 [be831ace-9e11-4db0-94c8-58d73a8b05a7@group-5496AF10BB8D:LeaderElection2] INFO  impl.RaftServerImpl (RaftServerImpl.java:setRole(174)) - be831ace-9e11-4db0-94c8-58d73a8b05a7@group-5496AF10BB8D: changes role from CANDIDATE to LEADER at term 1 for changeToLeader
2019-09-20 01:17:09,728 [be831ace-9e11-4db0-94c8-58d73a8b05a7@group-5496AF10BB8D:LeaderElection2] INFO  impl.RaftServerImpl (ServerState.java:setLeader(253)) - be831ace-9e11-4db0-94c8-58d73a8b05a7@group-5496AF10BB8D: change Leader from null to be831ace-9e11-4db0-94c8-58d73a8b05a7 at term 1 for becomeLeader, leader elected after 5078ms
2019-09-20 01:17:09,728 [be831ace-9e11-4db0-94c8-58d73a8b05a7@group-5496AF10BB8D:LeaderElection2] INFO  server.RaftServerConfigKeys (ConfUtils.java:logGet(43)) - raft.server.staging.catchup.gap = 1000 (default)
2019-09-20 01:17:09,729 [be831ace-9e11-4db0-94c8-58d73a8b05a7@group-5496AF10BB8D:LeaderElection2] INFO  server.RaftServerConfigKeys (ConfUtils.java:logGet(43)) - raft.server.rpc.sleep.time = 25ms (default)
2019-09-20 01:17:09,729 [be831ace-9e11-4db0-94c8-58d73a8b05a7@group-5496AF10BB8D:LeaderElection2] INFO  server.RaftServerConfigKeys (ConfUtils.java:logGet(43)) - raft.server.write.element-limit = 4096 (default)
2019-09-20 01:17:09,729 [be831ace-9e11-4db0-94c8-58d73a8b05a7@group-5496AF10BB8D:LeaderElection2] INFO  server.RaftServerConfigKeys (ConfUtils.java:logGet(43)) - raft.server.watch.timeout = 10s (default)
2019-09-20 01:17:09,729 [be831ace-9e11-4db0-94c8-58d73a8b05a7@group-5496AF10BB8D:LeaderElection2] INFO  server.RaftServerConfigKeys (ConfUtils.java:logGet(43)) - raft.server.watch.timeout.denomination = 1s (default)
2019-09-20 01:17:09,729 [be831ace-9e11-4db0-94c8-58d73a8b05a7@group-5496AF10BB8D:LeaderElection2] INFO  server.RaftServerConfigKeys (ConfUtils.java:logGet(43)) - raft.server.watch.element-limit = 65536 (default)
2019-09-20 01:17:09,733 [be831ace-9e11-4db0-94c8-58d73a8b05a7@group-5496AF10BB8D:LeaderElection2] INFO  impl.RoleInfo (RoleInfo.java:updateAndGet(143)) - be831ace-9e11-4db0-94c8-58d73a8b05a7: start LeaderState
2019-09-20 01:17:09,733 [be831ace-9e11-4db0-94c8-58d73a8b05a7@group-5496AF10BB8D:LeaderElection2] INFO  segmented.SegmentedRaftLogWorker (SegmentedRaftLogWorker.java:startLogSegment(380)) - be831ace-9e11-4db0-94c8-58d73a8b05a7@group-5496AF10BB8D-SegmentedRaftLogWorker: Starting segment from index:0
2019-09-20 01:17:09,734 [be831ace-9e11-4db0-94c8-58d73a8b05a7@group-5496AF10BB8D:LeaderElection2] INFO  impl.RaftServerImpl (ServerState.java:setRaftConf(354)) - be831ace-9e11-4db0-94c8-58d73a8b05a7@group-5496AF10BB8D: set configuration 0: [be831ace-9e11-4db0-94c8-58d73a8b05a7:192.168.151.120:35744], old=null at 0
2019-09-20 01:17:09,838 [ca8cd17d-d9e7-4885-88c9-2067f54ae44d@group-2E84FEDC37CD-SegmentedRaftLogWorker] INFO  segmented.SegmentedRaftLogWorker (SegmentedRaftLogWorker.java:execute(569)) - ca8cd17d-d9e7-4885-88c9-2067f54ae44d@group-2E84FEDC37CD-SegmentedRaftLogWorker: created new log segment /workdir/hadoop-ozone/integration-test/target/test-dir/MiniOzoneClusterImpl-5159e439-27ea-48a2-9ee8-0024257d1a62/datanode-0/data/ratis/eb7cae1d-0807-491e-bf8e-2e84fedc37cd/current/log_inprogress_0
2019-09-20 01:17:09,838 [be831ace-9e11-4db0-94c8-58d73a8b05a7@group-5496AF10BB8D-SegmentedRaftLogWorker] INFO  segmented.SegmentedRaftLogWorker (SegmentedRaftLogWorker.java:execute(569)) - be831ace-9e11-4db0-94c8-58d73a8b05a7@group-5496AF10BB8D-SegmentedRaftLogWorker: created new log segment /workdir/hadoop-ozone/integration-test/target/test-dir/MiniOzoneClusterImpl-5159e439-27ea-48a2-9ee8-0024257d1a62/datanode-1/data/ratis/7a8e15cd-7792-435e-b0ba-5496af10bb8d/current/log_inprogress_0
2019-09-20 01:17:09,881 [Thread-201] INFO  impl.FollowerState (FollowerState.java:run(106)) - 6622f916-d331-4bba-8fd2-5f3d53fb59f4:group-A3CD6776B829 changes to CANDIDATE, lastRpcTime:5062, electionTimeout:5062ms
2019-09-20 01:17:09,881 [Thread-201] INFO  impl.RoleInfo (RoleInfo.java:shutdownFollowerState(121)) - 6622f916-d331-4bba-8fd2-5f3d53fb59f4: shutdown FollowerState
2019-09-20 01:17:09,881 [Thread-201] INFO  impl.RaftServerImpl (RaftServerImpl.java:setRole(174)) - 6622f916-d331-4bba-8fd2-5f3d53fb59f4@group-A3CD6776B829: changes role from  FOLLOWER to CANDIDATE at term 0 for changeToCandidate
2019-09-20 01:17:09,881 [Thread-201] INFO  impl.RoleInfo (RoleInfo.java:updateAndGet(143)) - 6622f916-d331-4bba-8fd2-5f3d53fb59f4: start LeaderElection
2019-09-20 01:17:09,898 [6622f916-d331-4bba-8fd2-5f3d53fb59f4@group-A3CD6776B829:LeaderElection3] INFO  impl.LeaderElection (LeaderElection.java:askForVotes(182)) - 6622f916-d331-4bba-8fd2-5f3d53fb59f4@group-A3CD6776B829:LeaderElection3: begin an election at term 1 for -1: [6622f916-d331-4bba-8fd2-5f3d53fb59f4:192.168.151.120:39843], old=null
2019-09-20 01:17:09,900 [6622f916-d331-4bba-8fd2-5f3d53fb59f4@group-A3CD6776B829:LeaderElection3] INFO  impl.RoleInfo (RoleInfo.java:shutdownLeaderElection(134)) - 6622f916-d331-4bba-8fd2-5f3d53fb59f4: shutdown LeaderElection
2019-09-20 01:17:09,900 [6622f916-d331-4bba-8fd2-5f3d53fb59f4@group-A3CD6776B829:LeaderElection3] INFO  impl.RaftServerImpl (RaftServerImpl.java:setRole(174)) - 6622f916-d331-4bba-8fd2-5f3d53fb59f4@group-A3CD6776B829: changes role from CANDIDATE to LEADER at term 1 for changeToLeader
2019-09-20 01:17:09,900 [6622f916-d331-4bba-8fd2-5f3d53fb59f4@group-A3CD6776B829:LeaderElection3] INFO  impl.RaftServerImpl (ServerState.java:setLeader(253)) - 6622f916-d331-4bba-8fd2-5f3d53fb59f4@group-A3CD6776B829: change Leader from null to 6622f916-d331-4bba-8fd2-5f3d53fb59f4 at term 1 for becomeLeader, leader elected after 5120ms
2019-09-20 01:17:09,901 [6622f916-d331-4bba-8fd2-5f3d53fb59f4@group-A3CD6776B829:LeaderElection3] INFO  server.RaftServerConfigKeys (ConfUtils.java:logGet(43)) - raft.server.staging.catchup.gap = 1000 (default)
2019-09-20 01:17:09,902 [6622f916-d331-4bba-8fd2-5f3d53fb59f4@group-A3CD6776B829:LeaderElection3] INFO  server.RaftServerConfigKeys (ConfUtils.java:logGet(43)) - raft.server.rpc.sleep.time = 25ms (default)
2019-09-20 01:17:09,902 [6622f916-d331-4bba-8fd2-5f3d53fb59f4@group-A3CD6776B829:LeaderElection3] INFO  server.RaftServerConfigKeys (ConfUtils.java:logGet(43)) - raft.server.write.element-limit = 4096 (default)
2019-09-20 01:17:09,902 [6622f916-d331-4bba-8fd2-5f3d53fb59f4@group-A3CD6776B829:LeaderElection3] INFO  server.RaftServerConfigKeys (ConfUtils.java:logGet(43)) - raft.server.watch.timeout = 10s (default)
2019-09-20 01:17:09,902 [6622f916-d331-4bba-8fd2-5f3d53fb59f4@group-A3CD6776B829:LeaderElection3] INFO  server.RaftServerConfigKeys (ConfUtils.java:logGet(43)) - raft.server.watch.timeout.denomination = 1s (default)
2019-09-20 01:17:09,902 [6622f916-d331-4bba-8fd2-5f3d53fb59f4@group-A3CD6776B829:LeaderElection3] INFO  server.RaftServerConfigKeys (ConfUtils.java:logGet(43)) - raft.server.watch.element-limit = 65536 (default)
2019-09-20 01:17:09,906 [6622f916-d331-4bba-8fd2-5f3d53fb59f4@group-A3CD6776B829:LeaderElection3] INFO  impl.RoleInfo (RoleInfo.java:updateAndGet(143)) - 6622f916-d331-4bba-8fd2-5f3d53fb59f4: start LeaderState
2019-09-20 01:17:09,906 [6622f916-d331-4bba-8fd2-5f3d53fb59f4@group-A3CD6776B829:LeaderElection3] INFO  segmented.SegmentedRaftLogWorker (SegmentedRaftLogWorker.java:startLogSegment(380)) - 6622f916-d331-4bba-8fd2-5f3d53fb59f4@group-A3CD6776B829-SegmentedRaftLogWorker: Starting segment from index:0
2019-09-20 01:17:09,907 [6622f916-d331-4bba-8fd2-5f3d53fb59f4@group-A3CD6776B829:LeaderElection3] INFO  impl.RaftServerImpl (ServerState.java:setRaftConf(354)) - 6622f916-d331-4bba-8fd2-5f3d53fb59f4@group-A3CD6776B829: set configuration 0: [6622f916-d331-4bba-8fd2-5f3d53fb59f4:192.168.151.120:39843], old=null at 0
2019-09-20 01:17:09,945 [Thread-205] INFO  impl.FollowerState (FollowerState.java:run(106)) - 26af4371-9d5d-428d-8e45-bfde8adece44:group-603E97D3DDB4 changes to CANDIDATE, lastRpcTime:5042, electionTimeout:5042ms
2019-09-20 01:17:09,946 [Thread-205] INFO  impl.RoleInfo (RoleInfo.java:shutdownFollowerState(121)) - 26af4371-9d5d-428d-8e45-bfde8adece44: shutdown FollowerState
2019-09-20 01:17:09,946 [Thread-205] INFO  impl.RaftServerImpl (RaftServerImpl.java:setRole(174)) - 26af4371-9d5d-428d-8e45-bfde8adece44@group-603E97D3DDB4: changes role from  FOLLOWER to CANDIDATE at term 0 for changeToCandidate
2019-09-20 01:17:09,946 [Thread-205] INFO  impl.RoleInfo (RoleInfo.java:updateAndGet(143)) - 26af4371-9d5d-428d-8e45-bfde8adece44: start LeaderElection
2019-09-20 01:17:09,967 [6622f916-d331-4bba-8fd2-5f3d53fb59f4@group-A3CD6776B829-SegmentedRaftLogWorker] INFO  segmented.SegmentedRaftLogWorker (SegmentedRaftLogWorker.java:execute(569)) - 6622f916-d331-4bba-8fd2-5f3d53fb59f4@group-A3CD6776B829-SegmentedRaftLogWorker: created new log segment /workdir/hadoop-ozone/integration-test/target/test-dir/MiniOzoneClusterImpl-5159e439-27ea-48a2-9ee8-0024257d1a62/datanode-2/data/ratis/6a02b33a-d988-4206-bc32-a3cd6776b829/current/log_inprogress_0
2019-09-20 01:17:09,967 [26af4371-9d5d-428d-8e45-bfde8adece44@group-603E97D3DDB4:LeaderElection4] INFO  impl.LeaderElection (LeaderElection.java:askForVotes(182)) - 26af4371-9d5d-428d-8e45-bfde8adece44@group-603E97D3DDB4:LeaderElection4: begin an election at term 1 for -1: [26af4371-9d5d-428d-8e45-bfde8adece44:192.168.151.120:43474], old=null
2019-09-20 01:17:09,968 [26af4371-9d5d-428d-8e45-bfde8adece44@group-603E97D3DDB4:LeaderElection4] INFO  impl.RoleInfo (RoleInfo.java:shutdownLeaderElection(134)) - 26af4371-9d5d-428d-8e45-bfde8adece44: shutdown LeaderElection
2019-09-20 01:17:09,968 [26af4371-9d5d-428d-8e45-bfde8adece44@group-603E97D3DDB4:LeaderElection4] INFO  impl.RaftServerImpl (RaftServerImpl.java:setRole(174)) - 26af4371-9d5d-428d-8e45-bfde8adece44@group-603E97D3DDB4: changes role from CANDIDATE to LEADER at term 1 for changeToLeader
2019-09-20 01:17:09,968 [26af4371-9d5d-428d-8e45-bfde8adece44@group-603E97D3DDB4:LeaderElection4] INFO  impl.RaftServerImpl (ServerState.java:setLeader(253)) - 26af4371-9d5d-428d-8e45-bfde8adece44@group-603E97D3DDB4: change Leader from null to 26af4371-9d5d-428d-8e45-bfde8adece44 at term 1 for becomeLeader, leader elected after 5076ms
2019-09-20 01:17:09,969 [26af4371-9d5d-428d-8e45-bfde8adece44@group-603E97D3DDB4:LeaderElection4] INFO  server.RaftServerConfigKeys (ConfUtils.java:logGet(43)) - raft.server.staging.catchup.gap = 1000 (default)
2019-09-20 01:17:09,970 [26af4371-9d5d-428d-8e45-bfde8adece44@group-603E97D3DDB4:LeaderElection4] INFO  server.RaftServerConfigKeys (ConfUtils.java:logGet(43)) - raft.server.rpc.sleep.time = 25ms (default)
2019-09-20 01:17:09,970 [26af4371-9d5d-428d-8e45-bfde8adece44@group-603E97D3DDB4:LeaderElection4] INFO  server.RaftServerConfigKeys (ConfUtils.java:logGet(43)) - raft.server.write.element-limit = 4096 (default)
2019-09-20 01:17:09,970 [26af4371-9d5d-428d-8e45-bfde8adece44@group-603E97D3DDB4:LeaderElection4] INFO  server.RaftServerConfigKeys (ConfUtils.java:logGet(43)) - raft.server.watch.timeout = 10s (default)
2019-09-20 01:17:09,970 [26af4371-9d5d-428d-8e45-bfde8adece44@group-603E97D3DDB4:LeaderElection4] INFO  server.RaftServerConfigKeys (ConfUtils.java:logGet(43)) - raft.server.watch.timeout.denomination = 1s (default)
2019-09-20 01:17:09,970 [26af4371-9d5d-428d-8e45-bfde8adece44@group-603E97D3DDB4:LeaderElection4] INFO  server.RaftServerConfigKeys (ConfUtils.java:logGet(43)) - raft.server.watch.element-limit = 65536 (default)
2019-09-20 01:17:09,974 [26af4371-9d5d-428d-8e45-bfde8adece44@group-603E97D3DDB4:LeaderElection4] INFO  impl.RoleInfo (RoleInfo.java:updateAndGet(143)) - 26af4371-9d5d-428d-8e45-bfde8adece44: start LeaderState
2019-09-20 01:17:09,974 [26af4371-9d5d-428d-8e45-bfde8adece44@group-603E97D3DDB4:LeaderElection4] INFO  segmented.SegmentedRaftLogWorker (SegmentedRaftLogWorker.java:startLogSegment(380)) - 26af4371-9d5d-428d-8e45-bfde8adece44@group-603E97D3DDB4-SegmentedRaftLogWorker: Starting segment from index:0
2019-09-20 01:17:09,975 [26af4371-9d5d-428d-8e45-bfde8adece44@group-603E97D3DDB4:LeaderElection4] INFO  impl.RaftServerImpl (ServerState.java:setRaftConf(354)) - 26af4371-9d5d-428d-8e45-bfde8adece44@group-603E97D3DDB4: set configuration 0: [26af4371-9d5d-428d-8e45-bfde8adece44:192.168.151.120:43474], old=null at 0
2019-09-20 01:17:10,031 [26af4371-9d5d-428d-8e45-bfde8adece44@group-603E97D3DDB4-SegmentedRaftLogWorker] INFO  segmented.SegmentedRaftLogWorker (SegmentedRaftLogWorker.java:execute(569)) - 26af4371-9d5d-428d-8e45-bfde8adece44@group-603E97D3DDB4-SegmentedRaftLogWorker: created new log segment /workdir/hadoop-ozone/integration-test/target/test-dir/MiniOzoneClusterImpl-5159e439-27ea-48a2-9ee8-0024257d1a62/datanode-3/data/ratis/1cca460e-0de0-417b-82f6-603e97d3ddb4/current/log_inprogress_0
2019-09-20 01:17:10,157 [Thread-213] INFO  impl.FollowerState (FollowerState.java:run(106)) - be831ace-9e11-4db0-94c8-58d73a8b05a7:group-9C255A61EACA changes to CANDIDATE, lastRpcTime:5109, electionTimeout:5109ms
2019-09-20 01:17:10,157 [Thread-213] INFO  impl.RoleInfo (RoleInfo.java:shutdownFollowerState(121)) - be831ace-9e11-4db0-94c8-58d73a8b05a7: shutdown FollowerState
2019-09-20 01:17:10,157 [Thread-213] INFO  impl.RaftServerImpl (RaftServerImpl.java:setRole(174)) - be831ace-9e11-4db0-94c8-58d73a8b05a7@group-9C255A61EACA: changes role from  FOLLOWER to CANDIDATE at term 0 for changeToCandidate
2019-09-20 01:17:10,157 [Thread-213] INFO  impl.RoleInfo (RoleInfo.java:updateAndGet(143)) - be831ace-9e11-4db0-94c8-58d73a8b05a7: start LeaderElection
2019-09-20 01:17:10,172 [be831ace-9e11-4db0-94c8-58d73a8b05a7@group-9C255A61EACA:LeaderElection5] INFO  impl.LeaderElection (LeaderElection.java:askForVotes(182)) - be831ace-9e11-4db0-94c8-58d73a8b05a7@group-9C255A61EACA:LeaderElection5: begin an election at term 1 for -1: [ca8cd17d-d9e7-4885-88c9-2067f54ae44d:192.168.151.120:33160, 6622f916-d331-4bba-8fd2-5f3d53fb59f4:192.168.151.120:39843, be831ace-9e11-4db0-94c8-58d73a8b05a7:192.168.151.120:35744], old=null
2019-09-20 01:17:10,173 [Thread-211] INFO  impl.FollowerState (FollowerState.java:run(106)) - ca8cd17d-d9e7-4885-88c9-2067f54ae44d:group-9C255A61EACA changes to CANDIDATE, lastRpcTime:5125, electionTimeout:5125ms
2019-09-20 01:17:10,173 [Thread-211] INFO  impl.RoleInfo (RoleInfo.java:shutdownFollowerState(121)) - ca8cd17d-d9e7-4885-88c9-2067f54ae44d: shutdown FollowerState
2019-09-20 01:17:10,173 [Thread-211] INFO  impl.RaftServerImpl (RaftServerImpl.java:setRole(174)) - ca8cd17d-d9e7-4885-88c9-2067f54ae44d@group-9C255A61EACA: changes role from  FOLLOWER to CANDIDATE at term 0 for changeToCandidate
2019-09-20 01:17:10,173 [Thread-211] INFO  impl.RoleInfo (RoleInfo.java:updateAndGet(143)) - ca8cd17d-d9e7-4885-88c9-2067f54ae44d: start LeaderElection
2019-09-20 01:17:10,191 [ca8cd17d-d9e7-4885-88c9-2067f54ae44d@group-9C255A61EACA:LeaderElection6] INFO  impl.LeaderElection (LeaderElection.java:askForVotes(182)) - ca8cd17d-d9e7-4885-88c9-2067f54ae44d@group-9C255A61EACA:LeaderElection6: begin an election at term 1 for -1: [ca8cd17d-d9e7-4885-88c9-2067f54ae44d:192.168.151.120:33160, 6622f916-d331-4bba-8fd2-5f3d53fb59f4:192.168.151.120:39843, be831ace-9e11-4db0-94c8-58d73a8b05a7:192.168.151.120:35744], old=null
2019-09-20 01:17:10,215 [grpc-default-executor-3] INFO  impl.RaftServerImpl (RaftServerImpl.java:setRole(174)) - 6622f916-d331-4bba-8fd2-5f3d53fb59f4@group-9C255A61EACA: changes role from  FOLLOWER to FOLLOWER at term 1 for recognizeCandidate:ca8cd17d-d9e7-4885-88c9-2067f54ae44d
2019-09-20 01:17:10,215 [grpc-default-executor-3] INFO  impl.RoleInfo (RoleInfo.java:shutdownFollowerState(121)) - 6622f916-d331-4bba-8fd2-5f3d53fb59f4: shutdown FollowerState
2019-09-20 01:17:10,215 [grpc-default-executor-3] INFO  impl.RoleInfo (RoleInfo.java:updateAndGet(143)) - 6622f916-d331-4bba-8fd2-5f3d53fb59f4: start FollowerState
2019-09-20 01:17:10,216 [Thread-210] INFO  impl.FollowerState (FollowerState.java:run(115)) - 6622f916-d331-4bba-8fd2-5f3d53fb59f4: FollowerState was interrupted: java.lang.InterruptedException: sleep interrupted
2019-09-20 01:17:10,251 [ca8cd17d-d9e7-4885-88c9-2067f54ae44d@group-9C255A61EACA:LeaderElection6] INFO  impl.LeaderElection (LeaderElection.java:logAndReturn(56)) - ca8cd17d-d9e7-4885-88c9-2067f54ae44d@group-9C255A61EACA:LeaderElection6: Election PASSED; received 2 response(s) [ca8cd17d-d9e7-4885-88c9-2067f54ae44d<-6622f916-d331-4bba-8fd2-5f3d53fb59f4#0:OK-t1, ca8cd17d-d9e7-4885-88c9-2067f54ae44d<-be831ace-9e11-4db0-94c8-58d73a8b05a7#0:FAIL-t1] and 0 exception(s); ca8cd17d-d9e7-4885-88c9-2067f54ae44d@group-9C255A61EACA:t1, leader=null, voted=ca8cd17d-d9e7-4885-88c9-2067f54ae44d, raftlog=ca8cd17d-d9e7-4885-88c9-2067f54ae44d@group-9C255A61EACA-SegmentedRaftLog:OPENED:c-1,f-1,i0, conf=-1: [ca8cd17d-d9e7-4885-88c9-2067f54ae44d:192.168.151.120:33160, 6622f916-d331-4bba-8fd2-5f3d53fb59f4:192.168.151.120:39843, be831ace-9e11-4db0-94c8-58d73a8b05a7:192.168.151.120:35744], old=null
2019-09-20 01:17:10,251 [be831ace-9e11-4db0-94c8-58d73a8b05a7@group-9C255A61EACA:LeaderElection5] INFO  impl.LeaderElection (LeaderElection.java:logAndReturn(56)) - be831ace-9e11-4db0-94c8-58d73a8b05a7@group-9C255A61EACA:LeaderElection5: Election REJECTED; received 2 response(s) [be831ace-9e11-4db0-94c8-58d73a8b05a7<-ca8cd17d-d9e7-4885-88c9-2067f54ae44d#0:FAIL-t1, be831ace-9e11-4db0-94c8-58d73a8b05a7<-6622f916-d331-4bba-8fd2-5f3d53fb59f4#0:FAIL-t1] and 0 exception(s); be831ace-9e11-4db0-94c8-58d73a8b05a7@group-9C255A61EACA:t1, leader=null, voted=be831ace-9e11-4db0-94c8-58d73a8b05a7, raftlog=be831ace-9e11-4db0-94c8-58d73a8b05a7@group-9C255A61EACA-SegmentedRaftLog:OPENED:c-1,f-1,i0, conf=-1: [ca8cd17d-d9e7-4885-88c9-2067f54ae44d:192.168.151.120:33160, 6622f916-d331-4bba-8fd2-5f3d53fb59f4:192.168.151.120:39843, be831ace-9e11-4db0-94c8-58d73a8b05a7:192.168.151.120:35744], old=null
2019-09-20 01:17:10,251 [ca8cd17d-d9e7-4885-88c9-2067f54ae44d@group-9C255A61EACA:LeaderElection6] INFO  impl.RoleInfo (RoleInfo.java:shutdownLeaderElection(134)) - ca8cd17d-d9e7-4885-88c9-2067f54ae44d: shutdown LeaderElection
2019-09-20 01:17:10,253 [be831ace-9e11-4db0-94c8-58d73a8b05a7@group-9C255A61EACA:LeaderElection5] INFO  impl.RaftServerImpl (RaftServerImpl.java:setRole(174)) - be831ace-9e11-4db0-94c8-58d73a8b05a7@group-9C255A61EACA: changes role from CANDIDATE to FOLLOWER at term 1 for DISCOVERED_A_NEW_TERM
2019-09-20 01:17:10,258 [ca8cd17d-d9e7-4885-88c9-2067f54ae44d@group-9C255A61EACA:LeaderElection6] INFO  impl.RaftServerImpl (RaftServerImpl.java:setRole(174)) - ca8cd17d-d9e7-4885-88c9-2067f54ae44d@group-9C255A61EACA: changes role from CANDIDATE to LEADER at term 1 for changeToLeader
2019-09-20 01:17:10,258 [be831ace-9e11-4db0-94c8-58d73a8b05a7@group-9C255A61EACA:LeaderElection5] INFO  impl.RoleInfo (RoleInfo.java:shutdownLeaderElection(134)) - be831ace-9e11-4db0-94c8-58d73a8b05a7: shutdown LeaderElection
2019-09-20 01:17:10,258 [ca8cd17d-d9e7-4885-88c9-2067f54ae44d@group-9C255A61EACA:LeaderElection6] INFO  impl.RaftServerImpl (ServerState.java:setLeader(253)) - ca8cd17d-d9e7-4885-88c9-2067f54ae44d@group-9C255A61EACA: change Leader from null to ca8cd17d-d9e7-4885-88c9-2067f54ae44d at term 1 for becomeLeader, leader elected after 5230ms
2019-09-20 01:17:10,259 [be831ace-9e11-4db0-94c8-58d73a8b05a7@group-9C255A61EACA:LeaderElection5] INFO  impl.RoleInfo (RoleInfo.java:updateAndGet(143)) - be831ace-9e11-4db0-94c8-58d73a8b05a7: start FollowerState
2019-09-20 01:17:10,259 [ca8cd17d-d9e7-4885-88c9-2067f54ae44d@group-9C255A61EACA:LeaderElection6] INFO  server.RaftServerConfigKeys (ConfUtils.java:logGet(43)) - raft.server.staging.catchup.gap = 1000 (default)
2019-09-20 01:17:10,259 [ca8cd17d-d9e7-4885-88c9-2067f54ae44d@group-9C255A61EACA:LeaderElection6] INFO  server.RaftServerConfigKeys (ConfUtils.java:logGet(43)) - raft.server.rpc.sleep.time = 25ms (default)
2019-09-20 01:17:10,260 [ca8cd17d-d9e7-4885-88c9-2067f54ae44d@group-9C255A61EACA:LeaderElection6] INFO  server.RaftServerConfigKeys (ConfUtils.java:logGet(43)) - raft.server.write.element-limit = 4096 (default)
2019-09-20 01:17:10,260 [ca8cd17d-d9e7-4885-88c9-2067f54ae44d@group-9C255A61EACA:LeaderElection6] INFO  server.RaftServerConfigKeys (ConfUtils.java:logGet(43)) - raft.server.watch.timeout = 10s (default)
2019-09-20 01:17:10,261 [ca8cd17d-d9e7-4885-88c9-2067f54ae44d@group-9C255A61EACA:LeaderElection6] INFO  server.RaftServerConfigKeys (ConfUtils.java:logGet(43)) - raft.server.watch.timeout.denomination = 1s (default)
2019-09-20 01:17:10,261 [ca8cd17d-d9e7-4885-88c9-2067f54ae44d@group-9C255A61EACA:LeaderElection6] INFO  server.RaftServerConfigKeys (ConfUtils.java:logGet(43)) - raft.server.watch.element-limit = 65536 (default)
2019-09-20 01:17:10,265 [ca8cd17d-d9e7-4885-88c9-2067f54ae44d@group-9C255A61EACA:LeaderElection6] INFO  server.RaftServerConfigKeys (ConfUtils.java:logGet(43)) - raft.server.log.appender.snapshot.chunk.size.max = 16MB (=16777216) (default)
2019-09-20 01:17:10,266 [ca8cd17d-d9e7-4885-88c9-2067f54ae44d@group-9C255A61EACA:LeaderElection6] INFO  server.RaftServerConfigKeys (ConfUtils.java:logGet(43)) - raft.server.log.appender.buffer.byte-limit = 33554432 (custom)
2019-09-20 01:17:10,266 [ca8cd17d-d9e7-4885-88c9-2067f54ae44d@group-9C255A61EACA:LeaderElection6] INFO  server.RaftServerConfigKeys (ConfUtils.java:logGet(43)) - raft.server.log.appender.buffer.element-limit = 1 (custom)
2019-09-20 01:17:10,270 [ca8cd17d-d9e7-4885-88c9-2067f54ae44d@group-9C255A61EACA:LeaderElection6] INFO  grpc.GrpcConfigKeys$Server (ConfUtils.java:logGet(43)) - raft.grpc.server.leader.outstanding.appends.max = 128 (default)
2019-09-20 01:17:10,271 [ca8cd17d-d9e7-4885-88c9-2067f54ae44d@group-9C255A61EACA:LeaderElection6] INFO  server.RaftServerConfigKeys (ConfUtils.java:logGet(43)) - raft.server.rpc.request.timeout = 3000ms (default)
2019-09-20 01:17:10,271 [ca8cd17d-d9e7-4885-88c9-2067f54ae44d@group-9C255A61EACA:LeaderElection6] INFO  server.RaftServerConfigKeys (ConfUtils.java:logGet(43)) - raft.server.log.appender.install.snapshot.enabled = false (custom)
2019-09-20 01:17:10,272 [ca8cd17d-d9e7-4885-88c9-2067f54ae44d@group-9C255A61EACA:LeaderElection6] INFO  server.RaftServerConfigKeys (ConfUtils.java:logGet(43)) - raft.server.log.appender.snapshot.chunk.size.max = 16MB (=16777216) (default)
2019-09-20 01:17:10,272 [ca8cd17d-d9e7-4885-88c9-2067f54ae44d@group-9C255A61EACA:LeaderElection6] INFO  server.RaftServerConfigKeys (ConfUtils.java:logGet(43)) - raft.server.log.appender.buffer.byte-limit = 33554432 (custom)
2019-09-20 01:17:10,272 [ca8cd17d-d9e7-4885-88c9-2067f54ae44d@group-9C255A61EACA:LeaderElection6] INFO  server.RaftServerConfigKeys (ConfUtils.java:logGet(43)) - raft.server.log.appender.buffer.element-limit = 1 (custom)
2019-09-20 01:17:10,272 [ca8cd17d-d9e7-4885-88c9-2067f54ae44d@group-9C255A61EACA:LeaderElection6] INFO  grpc.GrpcConfigKeys$Server (ConfUtils.java:logGet(43)) - raft.grpc.server.leader.outstanding.appends.max = 128 (default)
2019-09-20 01:17:10,273 [ca8cd17d-d9e7-4885-88c9-2067f54ae44d@group-9C255A61EACA:LeaderElection6] INFO  server.RaftServerConfigKeys (ConfUtils.java:logGet(43)) - raft.server.rpc.request.timeout = 3000ms (default)
2019-09-20 01:17:10,273 [ca8cd17d-d9e7-4885-88c9-2067f54ae44d@group-9C255A61EACA:LeaderElection6] INFO  server.RaftServerConfigKeys (ConfUtils.java:logGet(43)) - raft.server.log.appender.install.snapshot.enabled = false (custom)
2019-09-20 01:17:10,274 [ca8cd17d-d9e7-4885-88c9-2067f54ae44d@group-9C255A61EACA:LeaderElection6] INFO  impl.RoleInfo (RoleInfo.java:updateAndGet(143)) - ca8cd17d-d9e7-4885-88c9-2067f54ae44d: start LeaderState
2019-09-20 01:17:10,274 [ca8cd17d-d9e7-4885-88c9-2067f54ae44d@group-9C255A61EACA:LeaderElection6] INFO  segmented.SegmentedRaftLogWorker (SegmentedRaftLogWorker.java:startLogSegment(380)) - ca8cd17d-d9e7-4885-88c9-2067f54ae44d@group-9C255A61EACA-SegmentedRaftLogWorker: Starting segment from index:0
2019-09-20 01:17:10,275 [ca8cd17d-d9e7-4885-88c9-2067f54ae44d@group-9C255A61EACA:LeaderElection6] INFO  impl.RaftServerImpl (ServerState.java:setRaftConf(354)) - ca8cd17d-d9e7-4885-88c9-2067f54ae44d@group-9C255A61EACA: set configuration 0: [ca8cd17d-d9e7-4885-88c9-2067f54ae44d:192.168.151.120:33160, 6622f916-d331-4bba-8fd2-5f3d53fb59f4:192.168.151.120:39843, be831ace-9e11-4db0-94c8-58d73a8b05a7:192.168.151.120:35744], old=null at 0
2019-09-20 01:17:10,332 [ca8cd17d-d9e7-4885-88c9-2067f54ae44d@group-9C255A61EACA-SegmentedRaftLogWorker] INFO  segmented.SegmentedRaftLogWorker (SegmentedRaftLogWorker.java:execute(569)) - ca8cd17d-d9e7-4885-88c9-2067f54ae44d@group-9C255A61EACA-SegmentedRaftLogWorker: created new log segment /workdir/hadoop-ozone/integration-test/target/test-dir/MiniOzoneClusterImpl-5159e439-27ea-48a2-9ee8-0024257d1a62/datanode-0/data/ratis/3190ba27-29a2-4460-a5fd-9c255a61eaca/current/log_inprogress_0
2019-09-20 01:17:10,335 [grpc-default-executor-0] INFO  impl.RaftServerImpl (ServerState.java:setLeader(253)) - be831ace-9e11-4db0-94c8-58d73a8b05a7@group-9C255A61EACA: change Leader from null to ca8cd17d-d9e7-4885-88c9-2067f54ae44d at term 1 for appendEntries, leader elected after 5306ms
2019-09-20 01:17:10,335 [grpc-default-executor-3] INFO  impl.RaftServerImpl (ServerState.java:setLeader(253)) - 6622f916-d331-4bba-8fd2-5f3d53fb59f4@group-9C255A61EACA: change Leader from null to ca8cd17d-d9e7-4885-88c9-2067f54ae44d at term 1 for appendEntries, leader elected after 5306ms
2019-09-20 01:17:10,364 [grpc-default-executor-3] INFO  impl.RaftServerImpl (ServerState.java:setRaftConf(354)) - be831ace-9e11-4db0-94c8-58d73a8b05a7@group-9C255A61EACA: set configuration 0: [ca8cd17d-d9e7-4885-88c9-2067f54ae44d:192.168.151.120:33160, 6622f916-d331-4bba-8fd2-5f3d53fb59f4:192.168.151.120:39843, be831ace-9e11-4db0-94c8-58d73a8b05a7:192.168.151.120:35744], old=null at 0
2019-09-20 01:17:10,364 [grpc-default-executor-0] INFO  impl.RaftServerImpl (ServerState.java:setRaftConf(354)) - 6622f916-d331-4bba-8fd2-5f3d53fb59f4@group-9C255A61EACA: set configuration 0: [ca8cd17d-d9e7-4885-88c9-2067f54ae44d:192.168.151.120:33160, 6622f916-d331-4bba-8fd2-5f3d53fb59f4:192.168.151.120:39843, be831ace-9e11-4db0-94c8-58d73a8b05a7:192.168.151.120:35744], old=null at 0
2019-09-20 01:17:10,364 [grpc-default-executor-3] INFO  segmented.SegmentedRaftLogWorker (SegmentedRaftLogWorker.java:startLogSegment(380)) - be831ace-9e11-4db0-94c8-58d73a8b05a7@group-9C255A61EACA-SegmentedRaftLogWorker: Starting segment from index:0
2019-09-20 01:17:10,365 [grpc-default-executor-0] INFO  segmented.SegmentedRaftLogWorker (SegmentedRaftLogWorker.java:startLogSegment(380)) - 6622f916-d331-4bba-8fd2-5f3d53fb59f4@group-9C255A61EACA-SegmentedRaftLogWorker: Starting segment from index:0
2019-09-20 01:17:10,406 [6622f916-d331-4bba-8fd2-5f3d53fb59f4@group-9C255A61EACA-SegmentedRaftLogWorker] INFO  segmented.SegmentedRaftLogWorker (SegmentedRaftLogWorker.java:execute(569)) - 6622f916-d331-4bba-8fd2-5f3d53fb59f4@group-9C255A61EACA-SegmentedRaftLogWorker: created new log segment /workdir/hadoop-ozone/integration-test/target/test-dir/MiniOzoneClusterImpl-5159e439-27ea-48a2-9ee8-0024257d1a62/datanode-2/data/ratis/3190ba27-29a2-4460-a5fd-9c255a61eaca/current/log_inprogress_0
2019-09-20 01:17:10,406 [be831ace-9e11-4db0-94c8-58d73a8b05a7@group-9C255A61EACA-SegmentedRaftLogWorker] INFO  segmented.SegmentedRaftLogWorker (SegmentedRaftLogWorker.java:execute(569)) - be831ace-9e11-4db0-94c8-58d73a8b05a7@group-9C255A61EACA-SegmentedRaftLogWorker: created new log segment /workdir/hadoop-ozone/integration-test/target/test-dir/MiniOzoneClusterImpl-5159e439-27ea-48a2-9ee8-0024257d1a62/datanode-1/data/ratis/3190ba27-29a2-4460-a5fd-9c255a61eaca/current/log_inprogress_0
2019-09-20 01:17:10,500 [grpc-default-executor-3] INFO  client.GrpcClientProtocolClient (GrpcClientProtocolClient.java:onNext(264)) - client-C3ACF874DF68->6622f916-d331-4bba-8fd2-5f3d53fb59f4: receive RaftClientReply:client-C3ACF874DF68->6622f916-d331-4bba-8fd2-5f3d53fb59f4@group-9C255A61EACA, cid=9, FAILED org.apache.ratis.protocol.NotLeaderException: Server 6622f916-d331-4bba-8fd2-5f3d53fb59f4@group-9C255A61EACA is not the leader ca8cd17d-d9e7-4885-88c9-2067f54ae44d:192.168.151.120:33160, logIndex=0, commits[6622f916-d331-4bba-8fd2-5f3d53fb59f4:c0, ca8cd17d-d9e7-4885-88c9-2067f54ae44d:c0, be831ace-9e11-4db0-94c8-58d73a8b05a7:c-1]
2019-09-20 01:17:10,830 [grpc-default-executor-3] INFO  client.GrpcClientProtocolClient (GrpcClientProtocolClient.java:onNext(264)) - client-C3ACF874DF68->ca8cd17d-d9e7-4885-88c9-2067f54ae44d: receive RaftClientReply:client-C3ACF874DF68->ca8cd17d-d9e7-4885-88c9-2067f54ae44d@group-9C255A61EACA, cid=9, SUCCESS, logIndex=1, commits[ca8cd17d-d9e7-4885-88c9-2067f54ae44d:c2, 6622f916-d331-4bba-8fd2-5f3d53fb59f4:c0, be831ace-9e11-4db0-94c8-58d73a8b05a7:c1]
2019-09-20 01:17:10,900 [grpc-default-executor-0] INFO  client.GrpcClientProtocolClient (GrpcClientProtocolClient.java:onNext(264)) - client-C3ACF874DF68->ca8cd17d-d9e7-4885-88c9-2067f54ae44d: receive RaftClientReply:client-C3ACF874DF68->ca8cd17d-d9e7-4885-88c9-2067f54ae44d@group-9C255A61EACA, cid=13, SUCCESS, logIndex=3, commits[ca8cd17d-d9e7-4885-88c9-2067f54ae44d:c4, 6622f916-d331-4bba-8fd2-5f3d53fb59f4:c3, be831ace-9e11-4db0-94c8-58d73a8b05a7:c3]
2019-09-20 01:17:10,916 [ReplicationMonitor] INFO  container.ReplicationManager (ReplicationManager.java:sendCloseCommand(659)) - Sending close container command for container #1 to datanode ca8cd17d-d9e7-4885-88c9-2067f54ae44d{ip: 192.168.151.120, host: pr-hdds-2150-czsg7-3946154559, networkLocation: /default-rack, certSerialId: null}.
2019-09-20 01:17:10,917 [ReplicationMonitor] INFO  container.ReplicationManager (ReplicationManager.java:sendCloseCommand(659)) - Sending close container command for container #1 to datanode 6622f916-d331-4bba-8fd2-5f3d53fb59f4{ip: 192.168.151.120, host: pr-hdds-2150-czsg7-3946154559, networkLocation: /default-rack, certSerialId: null}.
2019-09-20 01:17:10,917 [ReplicationMonitor] INFO  container.ReplicationManager (ReplicationManager.java:sendCloseCommand(659)) - Sending close container command for container #1 to datanode be831ace-9e11-4db0-94c8-58d73a8b05a7{ip: 192.168.151.120, host: pr-hdds-2150-czsg7-3946154559, networkLocation: /default-rack, certSerialId: null}.
2019-09-20 01:17:10,917 [ReplicationMonitor] INFO  container.ReplicationManager (ReplicationManager.java:run(225)) - Replication Monitor Thread took 1 milliseconds for processing 1 containers.
2019-09-20 01:17:10,925 [main] ERROR container.ContainerStateManager (ContainerStateManager.java:updateContainerState(335)) - Failed to update container state #1, reason: invalid state transition from state: CLOSING upon event: FINALIZE.
]]></system-out>
    <system-err><![CDATA[ERROR StatusLogger No Log4j 2 configuration file found. Using default configuration (logging only errors to the console), or user programmatically provided configurations. Set system property 'log4j2.debug' to show Log4j 2 internal initialization logging. See https://logging.apache.org/log4j/2.x/manual/configuration.html for instructions on how to configure Log4j 2
]]></system-err>
  </testcase>
</testsuite>