<?xml version="1.0" encoding="UTF-8"?>
<testsuite xmlns:xsi="http://www.w3.org/2001/XMLSchema-instance" xsi:noNamespaceSchemaLocation="https://maven.apache.org/surefire/maven-surefire-plugin/xsd/surefire-test-report.xsd" name="org.apache.hadoop.ozone.client.rpc.TestBlockOutputStreamWithFailures" time="741.235" tests="8" errors="0" skipped="0" failures="1">
  <properties>
    <property name="awt.toolkit" value="sun.awt.X11.XToolkit"/>
    <property name="file.encoding.pkg" value="sun.io"/>
    <property name="java.specification.version" value="1.8"/>
    <property name="sun.cpu.isalist" value=""/>
    <property name="sun.jnu.encoding" value="UTF-8"/>
    <property name="java.class.path" value="/workdir/hadoop-ozone/integration-test/target/test-classes:/workdir/hadoop-ozone/integration-test/target/classes:/home/user/.m2/repository/org/apache/hadoop/hadoop-ozone-common/0.5.0-SNAPSHOT/hadoop-ozone-common-0.5.0-SNAPSHOT.jar:/home/user/.m2/repository/org/apache/commons/commons-compress/1.4.1/commons-compress-1.4.1.jar:/home/user/.m2/repository/org/tukaani/xz/1.0/xz-1.0.jar:/home/user/.m2/repository/org/apache/hadoop/hadoop-common/3.2.0/hadoop-common-3.2.0.jar:/home/user/.m2/repository/org/apache/hadoop/hadoop-hdfs/3.2.0/hadoop-hdfs-3.2.0.jar:/home/user/.m2/repository/org/apache/hadoop/hadoop-hdfs-client/3.2.0/hadoop-hdfs-client-3.2.0.jar:/home/user/.m2/repository/com/fasterxml/jackson/core/jackson-annotations/2.9.9/jackson-annotations-2.9.9.jar:/home/user/.m2/repository/org/apache/hadoop/hadoop-hdds-common/0.5.0-SNAPSHOT/hadoop-hdds-common-0.5.0-SNAPSHOT.jar:/home/user/.m2/repository/javax/annotation/javax.annotation-api/1.2/javax.annotation-api-1.2.jar:/home/user/.m2/repository/org/apache/ratis/ratis-server/0.4.0-78e95b9-SNAPSHOT/ratis-server-0.4.0-78e95b9-SNAPSHOT.jar:/home/user/.m2/repository/org/apache/ratis/ratis-thirdparty-misc/0.2.0/ratis-thirdparty-misc-0.2.0.jar:/home/user/.m2/repository/org/apache/ratis/ratis-proto/0.4.0-78e95b9-SNAPSHOT/ratis-proto-0.4.0-78e95b9-SNAPSHOT.jar:/home/user/.m2/repository/org/apache/ratis/ratis-common/0.4.0-78e95b9-SNAPSHOT/ratis-common-0.4.0-78e95b9-SNAPSHOT.jar:/home/user/.m2/repository/org/apache/ratis/ratis-client/0.4.0-78e95b9-SNAPSHOT/ratis-client-0.4.0-78e95b9-SNAPSHOT.jar:/home/user/.m2/repository/org/apache/ratis/ratis-metrics/0.4.0-78e95b9-SNAPSHOT/ratis-metrics-0.4.0-78e95b9-SNAPSHOT.jar:/home/user/.m2/repository/com/github/joshelser/dropwizard-metrics-hadoop-metrics2-reporter/0.1.2/dropwizard-metrics-hadoop-metrics2-reporter-0.1.2.jar:/home/user/.m2/repository/io/dropwizard/metrics/metrics-jvm/3.2.5/metrics-jvm-3.2.5.jar:/home/user/.m2/repository/io/dropwizard/metrics/metrics-ganglia/3.2.5/metrics-ganglia-3.2.5.jar:/home/user/.m2/repository/info/ganglia/gmetric4j/gmetric4j/1.0.7/gmetric4j-1.0.7.jar:/home/user/.m2/repository/org/apache/ratis/ratis-netty/0.4.0-78e95b9-SNAPSHOT/ratis-netty-0.4.0-78e95b9-SNAPSHOT.jar:/home/user/.m2/repository/org/apache/ratis/ratis-grpc/0.4.0-78e95b9-SNAPSHOT/ratis-grpc-0.4.0-78e95b9-SNAPSHOT.jar:/home/user/.m2/repository/org/rocksdb/rocksdbjni/6.0.1/rocksdbjni-6.0.1.jar:/home/user/.m2/repository/org/apache/logging/log4j/log4j-api/2.11.0/log4j-api-2.11.0.jar:/home/user/.m2/repository/org/apache/logging/log4j/log4j-core/2.11.0/log4j-core-2.11.0.jar:/home/user/.m2/repository/com/lmax/disruptor/3.4.2/disruptor-3.4.2.jar:/home/user/.m2/repository/org/apache/commons/commons-pool2/2.6.0/commons-pool2-2.6.0.jar:/home/user/.m2/repository/org/bouncycastle/bcpkix-jdk15on/1.60/bcpkix-jdk15on-1.60.jar:/home/user/.m2/repository/commons-validator/commons-validator/1.6/commons-validator-1.6.jar:/home/user/.m2/repository/commons-digester/commons-digester/1.8.1/commons-digester-1.8.1.jar:/home/user/.m2/repository/io/jaegertracing/jaeger-client/0.34.0/jaeger-client-0.34.0.jar:/home/user/.m2/repository/io/jaegertracing/jaeger-thrift/0.34.0/jaeger-thrift-0.34.0.jar:/home/user/.m2/repository/org/apache/thrift/libthrift/0.12.0/libthrift-0.12.0.jar:/home/user/.m2/repository/com/squareup/okhttp3/okhttp/3.9.0/okhttp-3.9.0.jar:/home/user/.m2/repository/com/squareup/okio/okio/1.13.0/okio-1.13.0.jar:/home/user/.m2/repository/io/jaegertracing/jaeger-core/0.34.0/jaeger-core-0.34.0.jar:/home/user/.m2/repository/io/jaegertracing/jaeger-tracerresolver/0.34.0/jaeger-tracerresolver-0.34.0.jar:/home/user/.m2/repository/io/opentracing/contrib/opentracing-tracerresolver/0.1.5/opentracing-tracerresolver-0.1.5.jar:/home/user/.m2/repository/io/opentracing/opentracing-util/0.31.0/opentracing-util-0.31.0.jar:/home/user/.m2/repository/io/opentracing/opentracing-api/0.31.0/opentracing-api-0.31.0.jar:/home/user/.m2/repository/io/opentracing/opentracing-noop/0.31.0/opentracing-noop-0.31.0.jar:/home/user/.m2/repository/org/apache/hadoop/hadoop-hdds-server-framework/0.5.0-SNAPSHOT/hadoop-hdds-server-framework-0.5.0-SNAPSHOT.jar:/home/user/.m2/repository/org/apache/hadoop/hadoop-hdds-container-service/0.5.0-SNAPSHOT/hadoop-hdds-container-service-0.5.0-SNAPSHOT.jar:/home/user/.m2/repository/org/apache/hadoop/hadoop-hdds-client/0.5.0-SNAPSHOT/hadoop-hdds-client-0.5.0-SNAPSHOT.jar:/home/user/.m2/repository/org/apache/hadoop/hadoop-hdds-tools/0.5.0-SNAPSHOT/hadoop-hdds-tools-0.5.0-SNAPSHOT.jar:/home/user/.m2/repository/org/apache/hadoop/hadoop-hdds-server-scm/0.5.0-SNAPSHOT/hadoop-hdds-server-scm-0.5.0-SNAPSHOT.jar:/home/user/.m2/repository/org/apache/hadoop/hadoop-hdds-docs/0.5.0-SNAPSHOT/hadoop-hdds-docs-0.5.0-SNAPSHOT.jar:/home/user/.m2/repository/io/dropwizard/metrics/metrics-core/3.2.4/metrics-core-3.2.4.jar:/home/user/.m2/repository/org/hamcrest/hamcrest-all/1.3/hamcrest-all-1.3.jar:/home/user/.m2/repository/org/bouncycastle/bcprov-jdk15on/1.60/bcprov-jdk15on-1.60.jar:/home/user/.m2/repository/info/picocli/picocli/3.9.6/picocli-3.9.6.jar:/home/user/.m2/repository/com/google/protobuf/protobuf-java/2.5.0/protobuf-java-2.5.0.jar:/home/user/.m2/repository/com/google/guava/guava/11.0.2/guava-11.0.2.jar:/home/user/.m2/repository/org/apache/hadoop/hadoop-ozone-ozone-manager/0.5.0-SNAPSHOT/hadoop-ozone-ozone-manager-0.5.0-SNAPSHOT.jar:/home/user/.m2/repository/org/apache/hadoop/hadoop-minikdc/3.2.0/hadoop-minikdc-3.2.0.jar:/home/user/.m2/repository/commons-io/commons-io/2.5/commons-io-2.5.jar:/home/user/.m2/repository/org/apache/kerby/kerb-simplekdc/1.0.1/kerb-simplekdc-1.0.1.jar:/home/user/.m2/repository/org/apache/kerby/kerb-client/1.0.1/kerb-client-1.0.1.jar:/home/user/.m2/repository/org/apache/kerby/kerby-config/1.0.1/kerby-config-1.0.1.jar:/home/user/.m2/repository/org/apache/kerby/kerb-core/1.0.1/kerb-core-1.0.1.jar:/home/user/.m2/repository/org/apache/kerby/kerby-pkix/1.0.1/kerby-pkix-1.0.1.jar:/home/user/.m2/repository/org/apache/kerby/kerby-asn1/1.0.1/kerby-asn1-1.0.1.jar:/home/user/.m2/repository/org/apache/kerby/kerby-util/1.0.1/kerby-util-1.0.1.jar:/home/user/.m2/repository/org/apache/kerby/kerb-common/1.0.1/kerb-common-1.0.1.jar:/home/user/.m2/repository/org/apache/kerby/kerb-crypto/1.0.1/kerb-crypto-1.0.1.jar:/home/user/.m2/repository/org/apache/kerby/kerb-util/1.0.1/kerb-util-1.0.1.jar:/home/user/.m2/repository/org/apache/kerby/token-provider/1.0.1/token-provider-1.0.1.jar:/home/user/.m2/repository/org/apache/kerby/kerb-admin/1.0.1/kerb-admin-1.0.1.jar:/home/user/.m2/repository/org/apache/kerby/kerb-server/1.0.1/kerb-server-1.0.1.jar:/home/user/.m2/repository/org/apache/kerby/kerb-identity/1.0.1/kerb-identity-1.0.1.jar:/home/user/.m2/repository/org/apache/kerby/kerby-xdr/1.0.1/kerby-xdr-1.0.1.jar:/home/user/.m2/repository/org/slf4j/slf4j-log4j12/1.7.25/slf4j-log4j12-1.7.25.jar:/home/user/.m2/repository/org/apache/hadoop/hadoop-ozone-s3gateway/0.5.0-SNAPSHOT/hadoop-ozone-s3gateway-0.5.0-SNAPSHOT.jar:/home/user/.m2/repository/org/jboss/weld/servlet/weld-servlet/2.4.7.Final/weld-servlet-2.4.7.Final.jar:/home/user/.m2/repository/org/glassfish/jersey/containers/jersey-container-servlet-core/2.27/jersey-container-servlet-core-2.27.jar:/home/user/.m2/repository/org/glassfish/hk2/external/javax.inject/2.5.0-b42/javax.inject-2.5.0-b42.jar:/home/user/.m2/repository/org/glassfish/jersey/core/jersey-common/2.27/jersey-common-2.27.jar:/home/user/.m2/repository/org/glassfish/hk2/osgi-resource-locator/1.0.1/osgi-resource-locator-1.0.1.jar:/home/user/.m2/repository/javax/ws/rs/javax.ws.rs-api/2.1/javax.ws.rs-api-2.1.jar:/home/user/.m2/repository/org/glassfish/jersey/ext/cdi/jersey-cdi1x/2.27/jersey-cdi1x-2.27.jar:/home/user/.m2/repository/org/glassfish/jersey/inject/jersey-hk2/2.27/jersey-hk2-2.27.jar:/home/user/.m2/repository/org/glassfish/hk2/hk2-locator/2.5.0-b42/hk2-locator-2.5.0-b42.jar:/home/user/.m2/repository/org/javassist/javassist/3.22.0-CR2/javassist-3.22.0-CR2.jar:/home/user/.m2/repository/org/glassfish/hk2/hk2-api/2.5.0/hk2-api-2.5.0.jar:/home/user/.m2/repository/org/glassfish/hk2/external/jakarta.inject/2.5.0/jakarta.inject-2.5.0.jar:/home/user/.m2/repository/org/glassfish/hk2/hk2-utils/2.5.0/hk2-utils-2.5.0.jar:/home/user/.m2/repository/jakarta/annotation/jakarta.annotation-api/1.3.4/jakarta.annotation-api-1.3.4.jar:/home/user/.m2/repository/org/glassfish/hk2/external/aopalliance-repackaged/2.5.0/aopalliance-repackaged-2.5.0.jar:/home/user/.m2/repository/com/fasterxml/jackson/dataformat/jackson-dataformat-xml/2.9.0/jackson-dataformat-xml-2.9.0.jar:/home/user/.m2/repository/com/fasterxml/jackson/core/jackson-core/2.9.9/jackson-core-2.9.9.jar:/home/user/.m2/repository/com/fasterxml/jackson/module/jackson-module-jaxb-annotations/2.9.9/jackson-module-jaxb-annotations-2.9.9.jar:/home/user/.m2/repository/javax/enterprise/cdi-api/1.2/cdi-api-1.2.jar:/home/user/.m2/repository/javax/el/javax.el-api/3.0.0/javax.el-api-3.0.0.jar:/home/user/.m2/repository/javax/interceptor/javax.interceptor-api/1.2/javax.interceptor-api-1.2.jar:/home/user/.m2/repository/javax/inject/javax.inject/1/javax.inject-1.jar:/home/user/.m2/repository/com/sun/xml/bind/jaxb-impl/2.3.0.1/jaxb-impl-2.3.0.1.jar:/home/user/.m2/repository/com/sun/xml/bind/jaxb-core/2.3.0.1/jaxb-core-2.3.0.1.jar:/home/user/.m2/repository/javax/xml/bind/jaxb-api/2.3.0/jaxb-api-2.3.0.jar:/home/user/.m2/repository/javax/activation/activation/1.1.1/activation-1.1.1.jar:/home/user/.m2/repository/org/apache/hadoop/hadoop-ozone-csi/0.5.0-SNAPSHOT/hadoop-ozone-csi-0.5.0-SNAPSHOT.jar:/home/user/.m2/repository/com/google/protobuf/protobuf-java-util/3.5.1/protobuf-java-util-3.5.1.jar:/home/user/.m2/repository/org/apache/hadoop/hadoop-hdds-config/0.5.0-SNAPSHOT/hadoop-hdds-config-0.5.0-SNAPSHOT.jar:/home/user/.m2/repository/io/grpc/grpc-netty/1.17.1/grpc-netty-1.17.1.jar:/home/user/.m2/repository/io/grpc/grpc-core/1.17.1/grpc-core-1.17.1.jar:/home/user/.m2/repository/io/grpc/grpc-context/1.17.1/grpc-context-1.17.1.jar:/home/user/.m2/repository/com/google/errorprone/error_prone_annotations/2.2.0/error_prone_annotations-2.2.0.jar:/home/user/.m2/repository/org/codehaus/mojo/animal-sniffer-annotations/1.17/animal-sniffer-annotations-1.17.jar:/home/user/.m2/repository/io/opencensus/opencensus-api/0.17.0/opencensus-api-0.17.0.jar:/home/user/.m2/repository/io/opencensus/opencensus-contrib-grpc-metrics/0.17.0/opencensus-contrib-grpc-metrics-0.17.0.jar:/home/user/.m2/repository/io/netty/netty-codec-http2/4.1.30.Final/netty-codec-http2-4.1.30.Final.jar:/home/user/.m2/repository/io/netty/netty-codec-http/4.1.30.Final/netty-codec-http-4.1.30.Final.jar:/home/user/.m2/repository/io/netty/netty-codec/4.1.30.Final/netty-codec-4.1.30.Final.jar:/home/user/.m2/repository/io/netty/netty-handler/4.1.30.Final/netty-handler-4.1.30.Final.jar:/home/user/.m2/repository/io/netty/netty-handler-proxy/4.1.30.Final/netty-handler-proxy-4.1.30.Final.jar:/home/user/.m2/repository/io/netty/netty-codec-socks/4.1.30.Final/netty-codec-socks-4.1.30.Final.jar:/home/user/.m2/repository/io/netty/netty-transport-native-epoll/4.1.30.Final/netty-transport-native-epoll-4.1.30.Final.jar:/home/user/.m2/repository/io/netty/netty-common/4.1.30.Final/netty-common-4.1.30.Final.jar:/home/user/.m2/repository/io/netty/netty-buffer/4.1.30.Final/netty-buffer-4.1.30.Final.jar:/home/user/.m2/repository/io/netty/netty-transport/4.1.30.Final/netty-transport-4.1.30.Final.jar:/home/user/.m2/repository/io/netty/netty-resolver/4.1.30.Final/netty-resolver-4.1.30.Final.jar:/home/user/.m2/repository/io/netty/netty-transport-native-unix-common/4.1.30.Final/netty-transport-native-unix-common-4.1.30.Final.jar:/home/user/.m2/repository/io/grpc/grpc-protobuf/1.17.1/grpc-protobuf-1.17.1.jar:/home/user/.m2/repository/com/google/api/grpc/proto-google-common-protos/1.0.0/proto-google-common-protos-1.0.0.jar:/home/user/.m2/repository/io/grpc/grpc-protobuf-lite/1.17.1/grpc-protobuf-lite-1.17.1.jar:/home/user/.m2/repository/io/grpc/grpc-stub/1.17.1/grpc-stub-1.17.1.jar:/home/user/.m2/repository/org/apache/hadoop/hadoop-ozone-recon/0.5.0-SNAPSHOT/hadoop-ozone-recon-0.5.0-SNAPSHOT.jar:/home/user/.m2/repository/org/apache/hadoop/hadoop-ozone-reconcodegen/0.5.0-SNAPSHOT/hadoop-ozone-reconcodegen-0.5.0-SNAPSHOT.jar:/home/user/.m2/repository/com/google/inject/extensions/guice-multibindings/4.0/guice-multibindings-4.0.jar:/home/user/.m2/repository/com/google/inject/guice/4.0/guice-4.0.jar:/home/user/.m2/repository/aopalliance/aopalliance/1.0/aopalliance-1.0.jar:/home/user/.m2/repository/com/google/inject/extensions/guice-servlet/4.0/guice-servlet-4.0.jar:/home/user/.m2/repository/org/glassfish/jersey/containers/jersey-container-servlet/2.27/jersey-container-servlet-2.27.jar:/home/user/.m2/repository/org/glassfish/hk2/guice-bridge/2.5.0/guice-bridge-2.5.0.jar:/home/user/.m2/repository/org/glassfish/jersey/core/jersey-server/2.27/jersey-server-2.27.jar:/home/user/.m2/repository/org/glassfish/jersey/core/jersey-client/2.27/jersey-client-2.27.jar:/home/user/.m2/repository/org/glassfish/jersey/media/jersey-media-jaxb/2.27/jersey-media-jaxb-2.27.jar:/home/user/.m2/repository/javax/validation/validation-api/1.1.0.Final/validation-api-1.1.0.Final.jar:/home/user/.m2/repository/org/glassfish/jersey/media/jersey-media-json-jackson/2.27/jersey-media-json-jackson-2.27.jar:/home/user/.m2/repository/org/glassfish/jersey/ext/jersey-entity-filtering/2.27/jersey-entity-filtering-2.27.jar:/home/user/.m2/repository/com/google/inject/extensions/guice-assistedinject/4.0/guice-assistedinject-4.0.jar:/home/user/.m2/repository/org/jooq/jooq/3.11.10/jooq-3.11.10.jar:/home/user/.m2/repository/org/jooq/jooq-meta/3.11.10/jooq-meta-3.11.10.jar:/home/user/.m2/repository/org/jooq/jooq-codegen/3.11.10/jooq-codegen-3.11.10.jar:/home/user/.m2/repository/com/jolbox/bonecp/0.8.0.RELEASE/bonecp-0.8.0.RELEASE.jar:/home/user/.m2/repository/org/xerial/sqlite-jdbc/3.25.2/sqlite-jdbc-3.25.2.jar:/home/user/.m2/repository/org/springframework/spring-jdbc/5.1.3.RELEASE/spring-jdbc-5.1.3.RELEASE.jar:/home/user/.m2/repository/org/springframework/spring-beans/5.1.3.RELEASE/spring-beans-5.1.3.RELEASE.jar:/home/user/.m2/repository/org/springframework/spring-core/5.1.3.RELEASE/spring-core-5.1.3.RELEASE.jar:/home/user/.m2/repository/org/springframework/spring-jcl/5.1.3.RELEASE/spring-jcl-5.1.3.RELEASE.jar:/home/user/.m2/repository/org/springframework/spring-tx/5.1.3.RELEASE/spring-tx-5.1.3.RELEASE.jar:/home/user/.m2/repository/org/apache/hadoop/hadoop-ozone-client/0.5.0-SNAPSHOT/hadoop-ozone-client-0.5.0-SNAPSHOT.jar:/home/user/.m2/repository/commons-lang/commons-lang/2.6/commons-lang-2.6.jar:/home/user/.m2/repository/org/apache/hadoop/hadoop-ozone-ozone-manager/0.5.0-SNAPSHOT/hadoop-ozone-ozone-manager-0.5.0-SNAPSHOT-tests.jar:/home/user/.m2/repository/junit/junit/4.11/junit-4.11.jar:/home/user/.m2/repository/org/hamcrest/hamcrest-core/1.3/hamcrest-core-1.3.jar:/home/user/.m2/repository/org/openjdk/jmh/jmh-core/1.19/jmh-core-1.19.jar:/home/user/.m2/repository/net/sf/jopt-simple/jopt-simple/4.6/jopt-simple-4.6.jar:/home/user/.m2/repository/org/apache/commons/commons-math3/3.1.1/commons-math3-3.1.1.jar:/home/user/.m2/repository/org/openjdk/jmh/jmh-generator-annprocess/1.19/jmh-generator-annprocess-1.19.jar:/home/user/.m2/repository/org/mockito/mockito-all/1.8.5/mockito-all-1.8.5.jar:/home/user/.m2/repository/org/apache/hadoop/hadoop-kms/3.2.0/hadoop-kms-3.2.0.jar:/home/user/.m2/repository/org/apache/hadoop/hadoop-auth/3.2.0/hadoop-auth-3.2.0.jar:/home/user/.m2/repository/com/nimbusds/nimbus-jose-jwt/4.41.1/nimbus-jose-jwt-4.41.1.jar:/home/user/.m2/repository/com/github/stephenc/jcip/jcip-annotations/1.0-1/jcip-annotations-1.0-1.jar:/home/user/.m2/repository/net/minidev/json-smart/2.3/json-smart-2.3.jar:/home/user/.m2/repository/net/minidev/accessors-smart/1.2/accessors-smart-1.2.jar:/home/user/.m2/repository/org/ow2/asm/asm/5.0.4/asm-5.0.4.jar:/home/user/.m2/repository/org/apache/curator/curator-framework/2.12.0/curator-framework-2.12.0.jar:/home/user/.m2/repository/com/sun/jersey/jersey-core/1.19/jersey-core-1.19.jar:/home/user/.m2/repository/javax/ws/rs/jsr311-api/1.1.1/jsr311-api-1.1.1.jar:/home/user/.m2/repository/com/sun/jersey/jersey-server/1.19/jersey-server-1.19.jar:/home/user/.m2/repository/javax/servlet/javax.servlet-api/3.1.0/javax.servlet-api-3.1.0.jar:/home/user/.m2/repository/org/eclipse/jetty/jetty-server/9.3.25.v20180904/jetty-server-9.3.25.v20180904.jar:/home/user/.m2/repository/org/eclipse/jetty/jetty-http/9.3.25.v20180904/jetty-http-9.3.25.v20180904.jar:/home/user/.m2/repository/org/eclipse/jetty/jetty-io/9.3.25.v20180904/jetty-io-9.3.25.v20180904.jar:/home/user/.m2/repository/org/eclipse/jetty/jetty-webapp/9.3.25.v20180904/jetty-webapp-9.3.25.v20180904.jar:/home/user/.m2/repository/org/eclipse/jetty/jetty-xml/9.3.25.v20180904/jetty-xml-9.3.25.v20180904.jar:/home/user/.m2/repository/log4j/log4j/1.2.17/log4j-1.2.17.jar:/home/user/.m2/repository/org/slf4j/slf4j-api/1.7.25/slf4j-api-1.7.25.jar:/home/user/.m2/repository/org/slf4j/jul-to-slf4j/1.7.25/jul-to-slf4j-1.7.25.jar:/home/user/.m2/repository/org/eclipse/jetty/jetty-util/9.3.25.v20180904/jetty-util-9.3.25.v20180904.jar:/home/user/.m2/repository/com/fasterxml/jackson/core/jackson-databind/2.9.9/jackson-databind-2.9.9.jar:/home/user/.m2/repository/org/apache/hadoop/hadoop-kms/3.2.0/hadoop-kms-3.2.0-tests.jar:/home/user/.m2/repository/org/apache/hadoop/hadoop-hdds-server-scm/0.5.0-SNAPSHOT/hadoop-hdds-server-scm-0.5.0-SNAPSHOT-tests.jar:/home/user/.m2/repository/org/apache/hadoop/hadoop-hdds-container-service/0.5.0-SNAPSHOT/hadoop-hdds-container-service-0.5.0-SNAPSHOT-tests.jar:/home/user/.m2/repository/org/yaml/snakeyaml/1.16/snakeyaml-1.16.jar:/home/user/.m2/repository/org/apache/hadoop/hadoop-common/3.2.0/hadoop-common-3.2.0-tests.jar:/home/user/.m2/repository/org/apache/hadoop/hadoop-annotations/3.2.0/hadoop-annotations-3.2.0.jar:/usr/lib/jvm/java-1.8-openjdk/jre/../lib/tools.jar:/home/user/.m2/repository/commons-cli/commons-cli/1.2/commons-cli-1.2.jar:/home/user/.m2/repository/org/apache/httpcomponents/httpclient/4.5.2/httpclient-4.5.2.jar:/home/user/.m2/repository/org/apache/httpcomponents/httpcore/4.4.4/httpcore-4.4.4.jar:/home/user/.m2/repository/commons-codec/commons-codec/1.11/commons-codec-1.11.jar:/home/user/.m2/repository/commons-net/commons-net/3.6/commons-net-3.6.jar:/home/user/.m2/repository/commons-collections/commons-collections/3.2.2/commons-collections-3.2.2.jar:/home/user/.m2/repository/org/eclipse/jetty/jetty-servlet/9.3.25.v20180904/jetty-servlet-9.3.25.v20180904.jar:/home/user/.m2/repository/org/eclipse/jetty/jetty-security/9.3.25.v20180904/jetty-security-9.3.25.v20180904.jar:/home/user/.m2/repository/javax/servlet/jsp/jsp-api/2.1/jsp-api-2.1.jar:/home/user/.m2/repository/com/sun/jersey/jersey-servlet/1.19/jersey-servlet-1.19.jar:/home/user/.m2/repository/com/sun/jersey/jersey-json/1.19/jersey-json-1.19.jar:/home/user/.m2/repository/org/codehaus/jettison/jettison/1.1/jettison-1.1.jar:/home/user/.m2/repository/org/codehaus/jackson/jackson-core-asl/1.9.13/jackson-core-asl-1.9.13.jar:/home/user/.m2/repository/org/codehaus/jackson/jackson-mapper-asl/1.9.13/jackson-mapper-asl-1.9.13.jar:/home/user/.m2/repository/org/codehaus/jackson/jackson-jaxrs/1.9.13/jackson-jaxrs-1.9.13.jar:/home/user/.m2/repository/org/codehaus/jackson/jackson-xc/1.9.13/jackson-xc-1.9.13.jar:/home/user/.m2/repository/commons-logging/commons-logging/1.1.3/commons-logging-1.1.3.jar:/home/user/.m2/repository/commons-beanutils/commons-beanutils/1.9.4/commons-beanutils-1.9.4.jar:/home/user/.m2/repository/org/apache/commons/commons-configuration2/2.1.1/commons-configuration2-2.1.1.jar:/home/user/.m2/repository/org/apache/commons/commons-lang3/3.7/commons-lang3-3.7.jar:/home/user/.m2/repository/org/apache/commons/commons-text/1.4/commons-text-1.4.jar:/home/user/.m2/repository/org/apache/avro/avro/1.7.7/avro-1.7.7.jar:/home/user/.m2/repository/com/thoughtworks/paranamer/paranamer/2.3/paranamer-2.3.jar:/home/user/.m2/repository/org/xerial/snappy/snappy-java/1.0.5/snappy-java-1.0.5.jar:/home/user/.m2/repository/com/google/re2j/re2j/1.1/re2j-1.1.jar:/home/user/.m2/repository/com/google/code/gson/gson/2.2.4/gson-2.2.4.jar:/home/user/.m2/repository/com/jcraft/jsch/0.1.54/jsch-0.1.54.jar:/home/user/.m2/repository/org/apache/curator/curator-client/2.12.0/curator-client-2.12.0.jar:/home/user/.m2/repository/org/apache/curator/curator-recipes/2.12.0/curator-recipes-2.12.0.jar:/home/user/.m2/repository/com/google/code/findbugs/jsr305/3.0.0/jsr305-3.0.0.jar:/home/user/.m2/repository/org/apache/htrace/htrace-core4/4.1.0-incubating/htrace-core4-4.1.0-incubating.jar:/home/user/.m2/repository/org/apache/zookeeper/zookeeper/3.4.13/zookeeper-3.4.13.jar:/home/user/.m2/repository/jline/jline/0.9.94/jline-0.9.94.jar:/home/user/.m2/repository/org/apache/yetus/audience-annotations/0.5.0/audience-annotations-0.5.0.jar:/home/user/.m2/repository/org/codehaus/woodstox/stax2-api/3.1.4/stax2-api-3.1.4.jar:/home/user/.m2/repository/com/fasterxml/woodstox/woodstox-core/5.0.3/woodstox-core-5.0.3.jar:/home/user/.m2/repository/dnsjava/dnsjava/2.1.7/dnsjava-2.1.7.jar:/home/user/.m2/repository/org/apache/hadoop/hadoop-hdfs/3.2.0/hadoop-hdfs-3.2.0-tests.jar:/home/user/.m2/repository/org/eclipse/jetty/jetty-util-ajax/9.3.25.v20180904/jetty-util-ajax-9.3.25.v20180904.jar:/home/user/.m2/repository/commons-daemon/commons-daemon/1.0.13/commons-daemon-1.0.13.jar:/home/user/.m2/repository/io/netty/netty/3.10.5.Final/netty-3.10.5.Final.jar:/home/user/.m2/repository/io/netty/netty-all/4.0.52.Final/netty-all-4.0.52.Final.jar:/home/user/.m2/repository/org/fusesource/leveldbjni/leveldbjni-all/1.8/leveldbjni-all-1.8.jar:"/>
    <property name="java.vm.vendor" value="IcedTea"/>
    <property name="sun.arch.data.model" value="64"/>
    <property name="test.build.dir" value="/workdir/hadoop-ozone/integration-test/target/test-dir"/>
    <property name="test.cache.data" value=""/>
    <property name="java.vendor.url" value="https://icedtea.classpath.org"/>
    <property name="user.timezone" value=""/>
    <property name="java.vm.specification.version" value="1.8"/>
    <property name="os.name" value="Linux"/>
    <property name="test.build.data" value="/workdir/hadoop-ozone/integration-test/target/test-dir"/>
    <property name="user.country" value="US"/>
    <property name="sun.java.launcher" value="SUN_STANDARD"/>
    <property name="sun.boot.library.path" value="/usr/lib/jvm/java-1.8-openjdk/jre/lib/amd64"/>
    <property name="sun.java.command" value="/workdir/hadoop-ozone/integration-test/target/surefire/surefirebooter2765881487624760567.jar /workdir/hadoop-ozone/integration-test/target/surefire 2019-09-20T00-11-37_468-jvmRun1 surefire2320227676665873448tmp surefire_626591474601373349360tmp"/>
    <property name="test" value="!TestMiniChaosOzoneCluster"/>
    <property name="surefire.test.class.path" value="/workdir/hadoop-ozone/integration-test/target/test-classes:/workdir/hadoop-ozone/integration-test/target/classes:/home/user/.m2/repository/org/apache/hadoop/hadoop-ozone-common/0.5.0-SNAPSHOT/hadoop-ozone-common-0.5.0-SNAPSHOT.jar:/home/user/.m2/repository/org/apache/commons/commons-compress/1.4.1/commons-compress-1.4.1.jar:/home/user/.m2/repository/org/tukaani/xz/1.0/xz-1.0.jar:/home/user/.m2/repository/org/apache/hadoop/hadoop-common/3.2.0/hadoop-common-3.2.0.jar:/home/user/.m2/repository/org/apache/hadoop/hadoop-hdfs/3.2.0/hadoop-hdfs-3.2.0.jar:/home/user/.m2/repository/org/apache/hadoop/hadoop-hdfs-client/3.2.0/hadoop-hdfs-client-3.2.0.jar:/home/user/.m2/repository/com/fasterxml/jackson/core/jackson-annotations/2.9.9/jackson-annotations-2.9.9.jar:/home/user/.m2/repository/org/apache/hadoop/hadoop-hdds-common/0.5.0-SNAPSHOT/hadoop-hdds-common-0.5.0-SNAPSHOT.jar:/home/user/.m2/repository/javax/annotation/javax.annotation-api/1.2/javax.annotation-api-1.2.jar:/home/user/.m2/repository/org/apache/ratis/ratis-server/0.4.0-78e95b9-SNAPSHOT/ratis-server-0.4.0-78e95b9-SNAPSHOT.jar:/home/user/.m2/repository/org/apache/ratis/ratis-thirdparty-misc/0.2.0/ratis-thirdparty-misc-0.2.0.jar:/home/user/.m2/repository/org/apache/ratis/ratis-proto/0.4.0-78e95b9-SNAPSHOT/ratis-proto-0.4.0-78e95b9-SNAPSHOT.jar:/home/user/.m2/repository/org/apache/ratis/ratis-common/0.4.0-78e95b9-SNAPSHOT/ratis-common-0.4.0-78e95b9-SNAPSHOT.jar:/home/user/.m2/repository/org/apache/ratis/ratis-client/0.4.0-78e95b9-SNAPSHOT/ratis-client-0.4.0-78e95b9-SNAPSHOT.jar:/home/user/.m2/repository/org/apache/ratis/ratis-metrics/0.4.0-78e95b9-SNAPSHOT/ratis-metrics-0.4.0-78e95b9-SNAPSHOT.jar:/home/user/.m2/repository/com/github/joshelser/dropwizard-metrics-hadoop-metrics2-reporter/0.1.2/dropwizard-metrics-hadoop-metrics2-reporter-0.1.2.jar:/home/user/.m2/repository/io/dropwizard/metrics/metrics-jvm/3.2.5/metrics-jvm-3.2.5.jar:/home/user/.m2/repository/io/dropwizard/metrics/metrics-ganglia/3.2.5/metrics-ganglia-3.2.5.jar:/home/user/.m2/repository/info/ganglia/gmetric4j/gmetric4j/1.0.7/gmetric4j-1.0.7.jar:/home/user/.m2/repository/org/apache/ratis/ratis-netty/0.4.0-78e95b9-SNAPSHOT/ratis-netty-0.4.0-78e95b9-SNAPSHOT.jar:/home/user/.m2/repository/org/apache/ratis/ratis-grpc/0.4.0-78e95b9-SNAPSHOT/ratis-grpc-0.4.0-78e95b9-SNAPSHOT.jar:/home/user/.m2/repository/org/rocksdb/rocksdbjni/6.0.1/rocksdbjni-6.0.1.jar:/home/user/.m2/repository/org/apache/logging/log4j/log4j-api/2.11.0/log4j-api-2.11.0.jar:/home/user/.m2/repository/org/apache/logging/log4j/log4j-core/2.11.0/log4j-core-2.11.0.jar:/home/user/.m2/repository/com/lmax/disruptor/3.4.2/disruptor-3.4.2.jar:/home/user/.m2/repository/org/apache/commons/commons-pool2/2.6.0/commons-pool2-2.6.0.jar:/home/user/.m2/repository/org/bouncycastle/bcpkix-jdk15on/1.60/bcpkix-jdk15on-1.60.jar:/home/user/.m2/repository/commons-validator/commons-validator/1.6/commons-validator-1.6.jar:/home/user/.m2/repository/commons-digester/commons-digester/1.8.1/commons-digester-1.8.1.jar:/home/user/.m2/repository/io/jaegertracing/jaeger-client/0.34.0/jaeger-client-0.34.0.jar:/home/user/.m2/repository/io/jaegertracing/jaeger-thrift/0.34.0/jaeger-thrift-0.34.0.jar:/home/user/.m2/repository/org/apache/thrift/libthrift/0.12.0/libthrift-0.12.0.jar:/home/user/.m2/repository/com/squareup/okhttp3/okhttp/3.9.0/okhttp-3.9.0.jar:/home/user/.m2/repository/com/squareup/okio/okio/1.13.0/okio-1.13.0.jar:/home/user/.m2/repository/io/jaegertracing/jaeger-core/0.34.0/jaeger-core-0.34.0.jar:/home/user/.m2/repository/io/jaegertracing/jaeger-tracerresolver/0.34.0/jaeger-tracerresolver-0.34.0.jar:/home/user/.m2/repository/io/opentracing/contrib/opentracing-tracerresolver/0.1.5/opentracing-tracerresolver-0.1.5.jar:/home/user/.m2/repository/io/opentracing/opentracing-util/0.31.0/opentracing-util-0.31.0.jar:/home/user/.m2/repository/io/opentracing/opentracing-api/0.31.0/opentracing-api-0.31.0.jar:/home/user/.m2/repository/io/opentracing/opentracing-noop/0.31.0/opentracing-noop-0.31.0.jar:/home/user/.m2/repository/org/apache/hadoop/hadoop-hdds-server-framework/0.5.0-SNAPSHOT/hadoop-hdds-server-framework-0.5.0-SNAPSHOT.jar:/home/user/.m2/repository/org/apache/hadoop/hadoop-hdds-container-service/0.5.0-SNAPSHOT/hadoop-hdds-container-service-0.5.0-SNAPSHOT.jar:/home/user/.m2/repository/org/apache/hadoop/hadoop-hdds-client/0.5.0-SNAPSHOT/hadoop-hdds-client-0.5.0-SNAPSHOT.jar:/home/user/.m2/repository/org/apache/hadoop/hadoop-hdds-tools/0.5.0-SNAPSHOT/hadoop-hdds-tools-0.5.0-SNAPSHOT.jar:/home/user/.m2/repository/org/apache/hadoop/hadoop-hdds-server-scm/0.5.0-SNAPSHOT/hadoop-hdds-server-scm-0.5.0-SNAPSHOT.jar:/home/user/.m2/repository/org/apache/hadoop/hadoop-hdds-docs/0.5.0-SNAPSHOT/hadoop-hdds-docs-0.5.0-SNAPSHOT.jar:/home/user/.m2/repository/io/dropwizard/metrics/metrics-core/3.2.4/metrics-core-3.2.4.jar:/home/user/.m2/repository/org/hamcrest/hamcrest-all/1.3/hamcrest-all-1.3.jar:/home/user/.m2/repository/org/bouncycastle/bcprov-jdk15on/1.60/bcprov-jdk15on-1.60.jar:/home/user/.m2/repository/info/picocli/picocli/3.9.6/picocli-3.9.6.jar:/home/user/.m2/repository/com/google/protobuf/protobuf-java/2.5.0/protobuf-java-2.5.0.jar:/home/user/.m2/repository/com/google/guava/guava/11.0.2/guava-11.0.2.jar:/home/user/.m2/repository/org/apache/hadoop/hadoop-ozone-ozone-manager/0.5.0-SNAPSHOT/hadoop-ozone-ozone-manager-0.5.0-SNAPSHOT.jar:/home/user/.m2/repository/org/apache/hadoop/hadoop-minikdc/3.2.0/hadoop-minikdc-3.2.0.jar:/home/user/.m2/repository/commons-io/commons-io/2.5/commons-io-2.5.jar:/home/user/.m2/repository/org/apache/kerby/kerb-simplekdc/1.0.1/kerb-simplekdc-1.0.1.jar:/home/user/.m2/repository/org/apache/kerby/kerb-client/1.0.1/kerb-client-1.0.1.jar:/home/user/.m2/repository/org/apache/kerby/kerby-config/1.0.1/kerby-config-1.0.1.jar:/home/user/.m2/repository/org/apache/kerby/kerb-core/1.0.1/kerb-core-1.0.1.jar:/home/user/.m2/repository/org/apache/kerby/kerby-pkix/1.0.1/kerby-pkix-1.0.1.jar:/home/user/.m2/repository/org/apache/kerby/kerby-asn1/1.0.1/kerby-asn1-1.0.1.jar:/home/user/.m2/repository/org/apache/kerby/kerby-util/1.0.1/kerby-util-1.0.1.jar:/home/user/.m2/repository/org/apache/kerby/kerb-common/1.0.1/kerb-common-1.0.1.jar:/home/user/.m2/repository/org/apache/kerby/kerb-crypto/1.0.1/kerb-crypto-1.0.1.jar:/home/user/.m2/repository/org/apache/kerby/kerb-util/1.0.1/kerb-util-1.0.1.jar:/home/user/.m2/repository/org/apache/kerby/token-provider/1.0.1/token-provider-1.0.1.jar:/home/user/.m2/repository/org/apache/kerby/kerb-admin/1.0.1/kerb-admin-1.0.1.jar:/home/user/.m2/repository/org/apache/kerby/kerb-server/1.0.1/kerb-server-1.0.1.jar:/home/user/.m2/repository/org/apache/kerby/kerb-identity/1.0.1/kerb-identity-1.0.1.jar:/home/user/.m2/repository/org/apache/kerby/kerby-xdr/1.0.1/kerby-xdr-1.0.1.jar:/home/user/.m2/repository/org/slf4j/slf4j-log4j12/1.7.25/slf4j-log4j12-1.7.25.jar:/home/user/.m2/repository/org/apache/hadoop/hadoop-ozone-s3gateway/0.5.0-SNAPSHOT/hadoop-ozone-s3gateway-0.5.0-SNAPSHOT.jar:/home/user/.m2/repository/org/jboss/weld/servlet/weld-servlet/2.4.7.Final/weld-servlet-2.4.7.Final.jar:/home/user/.m2/repository/org/glassfish/jersey/containers/jersey-container-servlet-core/2.27/jersey-container-servlet-core-2.27.jar:/home/user/.m2/repository/org/glassfish/hk2/external/javax.inject/2.5.0-b42/javax.inject-2.5.0-b42.jar:/home/user/.m2/repository/org/glassfish/jersey/core/jersey-common/2.27/jersey-common-2.27.jar:/home/user/.m2/repository/org/glassfish/hk2/osgi-resource-locator/1.0.1/osgi-resource-locator-1.0.1.jar:/home/user/.m2/repository/javax/ws/rs/javax.ws.rs-api/2.1/javax.ws.rs-api-2.1.jar:/home/user/.m2/repository/org/glassfish/jersey/ext/cdi/jersey-cdi1x/2.27/jersey-cdi1x-2.27.jar:/home/user/.m2/repository/org/glassfish/jersey/inject/jersey-hk2/2.27/jersey-hk2-2.27.jar:/home/user/.m2/repository/org/glassfish/hk2/hk2-locator/2.5.0-b42/hk2-locator-2.5.0-b42.jar:/home/user/.m2/repository/org/javassist/javassist/3.22.0-CR2/javassist-3.22.0-CR2.jar:/home/user/.m2/repository/org/glassfish/hk2/hk2-api/2.5.0/hk2-api-2.5.0.jar:/home/user/.m2/repository/org/glassfish/hk2/external/jakarta.inject/2.5.0/jakarta.inject-2.5.0.jar:/home/user/.m2/repository/org/glassfish/hk2/hk2-utils/2.5.0/hk2-utils-2.5.0.jar:/home/user/.m2/repository/jakarta/annotation/jakarta.annotation-api/1.3.4/jakarta.annotation-api-1.3.4.jar:/home/user/.m2/repository/org/glassfish/hk2/external/aopalliance-repackaged/2.5.0/aopalliance-repackaged-2.5.0.jar:/home/user/.m2/repository/com/fasterxml/jackson/dataformat/jackson-dataformat-xml/2.9.0/jackson-dataformat-xml-2.9.0.jar:/home/user/.m2/repository/com/fasterxml/jackson/core/jackson-core/2.9.9/jackson-core-2.9.9.jar:/home/user/.m2/repository/com/fasterxml/jackson/module/jackson-module-jaxb-annotations/2.9.9/jackson-module-jaxb-annotations-2.9.9.jar:/home/user/.m2/repository/javax/enterprise/cdi-api/1.2/cdi-api-1.2.jar:/home/user/.m2/repository/javax/el/javax.el-api/3.0.0/javax.el-api-3.0.0.jar:/home/user/.m2/repository/javax/interceptor/javax.interceptor-api/1.2/javax.interceptor-api-1.2.jar:/home/user/.m2/repository/javax/inject/javax.inject/1/javax.inject-1.jar:/home/user/.m2/repository/com/sun/xml/bind/jaxb-impl/2.3.0.1/jaxb-impl-2.3.0.1.jar:/home/user/.m2/repository/com/sun/xml/bind/jaxb-core/2.3.0.1/jaxb-core-2.3.0.1.jar:/home/user/.m2/repository/javax/xml/bind/jaxb-api/2.3.0/jaxb-api-2.3.0.jar:/home/user/.m2/repository/javax/activation/activation/1.1.1/activation-1.1.1.jar:/home/user/.m2/repository/org/apache/hadoop/hadoop-ozone-csi/0.5.0-SNAPSHOT/hadoop-ozone-csi-0.5.0-SNAPSHOT.jar:/home/user/.m2/repository/com/google/protobuf/protobuf-java-util/3.5.1/protobuf-java-util-3.5.1.jar:/home/user/.m2/repository/org/apache/hadoop/hadoop-hdds-config/0.5.0-SNAPSHOT/hadoop-hdds-config-0.5.0-SNAPSHOT.jar:/home/user/.m2/repository/io/grpc/grpc-netty/1.17.1/grpc-netty-1.17.1.jar:/home/user/.m2/repository/io/grpc/grpc-core/1.17.1/grpc-core-1.17.1.jar:/home/user/.m2/repository/io/grpc/grpc-context/1.17.1/grpc-context-1.17.1.jar:/home/user/.m2/repository/com/google/errorprone/error_prone_annotations/2.2.0/error_prone_annotations-2.2.0.jar:/home/user/.m2/repository/org/codehaus/mojo/animal-sniffer-annotations/1.17/animal-sniffer-annotations-1.17.jar:/home/user/.m2/repository/io/opencensus/opencensus-api/0.17.0/opencensus-api-0.17.0.jar:/home/user/.m2/repository/io/opencensus/opencensus-contrib-grpc-metrics/0.17.0/opencensus-contrib-grpc-metrics-0.17.0.jar:/home/user/.m2/repository/io/netty/netty-codec-http2/4.1.30.Final/netty-codec-http2-4.1.30.Final.jar:/home/user/.m2/repository/io/netty/netty-codec-http/4.1.30.Final/netty-codec-http-4.1.30.Final.jar:/home/user/.m2/repository/io/netty/netty-codec/4.1.30.Final/netty-codec-4.1.30.Final.jar:/home/user/.m2/repository/io/netty/netty-handler/4.1.30.Final/netty-handler-4.1.30.Final.jar:/home/user/.m2/repository/io/netty/netty-handler-proxy/4.1.30.Final/netty-handler-proxy-4.1.30.Final.jar:/home/user/.m2/repository/io/netty/netty-codec-socks/4.1.30.Final/netty-codec-socks-4.1.30.Final.jar:/home/user/.m2/repository/io/netty/netty-transport-native-epoll/4.1.30.Final/netty-transport-native-epoll-4.1.30.Final.jar:/home/user/.m2/repository/io/netty/netty-common/4.1.30.Final/netty-common-4.1.30.Final.jar:/home/user/.m2/repository/io/netty/netty-buffer/4.1.30.Final/netty-buffer-4.1.30.Final.jar:/home/user/.m2/repository/io/netty/netty-transport/4.1.30.Final/netty-transport-4.1.30.Final.jar:/home/user/.m2/repository/io/netty/netty-resolver/4.1.30.Final/netty-resolver-4.1.30.Final.jar:/home/user/.m2/repository/io/netty/netty-transport-native-unix-common/4.1.30.Final/netty-transport-native-unix-common-4.1.30.Final.jar:/home/user/.m2/repository/io/grpc/grpc-protobuf/1.17.1/grpc-protobuf-1.17.1.jar:/home/user/.m2/repository/com/google/api/grpc/proto-google-common-protos/1.0.0/proto-google-common-protos-1.0.0.jar:/home/user/.m2/repository/io/grpc/grpc-protobuf-lite/1.17.1/grpc-protobuf-lite-1.17.1.jar:/home/user/.m2/repository/io/grpc/grpc-stub/1.17.1/grpc-stub-1.17.1.jar:/home/user/.m2/repository/org/apache/hadoop/hadoop-ozone-recon/0.5.0-SNAPSHOT/hadoop-ozone-recon-0.5.0-SNAPSHOT.jar:/home/user/.m2/repository/org/apache/hadoop/hadoop-ozone-reconcodegen/0.5.0-SNAPSHOT/hadoop-ozone-reconcodegen-0.5.0-SNAPSHOT.jar:/home/user/.m2/repository/com/google/inject/extensions/guice-multibindings/4.0/guice-multibindings-4.0.jar:/home/user/.m2/repository/com/google/inject/guice/4.0/guice-4.0.jar:/home/user/.m2/repository/aopalliance/aopalliance/1.0/aopalliance-1.0.jar:/home/user/.m2/repository/com/google/inject/extensions/guice-servlet/4.0/guice-servlet-4.0.jar:/home/user/.m2/repository/org/glassfish/jersey/containers/jersey-container-servlet/2.27/jersey-container-servlet-2.27.jar:/home/user/.m2/repository/org/glassfish/hk2/guice-bridge/2.5.0/guice-bridge-2.5.0.jar:/home/user/.m2/repository/org/glassfish/jersey/core/jersey-server/2.27/jersey-server-2.27.jar:/home/user/.m2/repository/org/glassfish/jersey/core/jersey-client/2.27/jersey-client-2.27.jar:/home/user/.m2/repository/org/glassfish/jersey/media/jersey-media-jaxb/2.27/jersey-media-jaxb-2.27.jar:/home/user/.m2/repository/javax/validation/validation-api/1.1.0.Final/validation-api-1.1.0.Final.jar:/home/user/.m2/repository/org/glassfish/jersey/media/jersey-media-json-jackson/2.27/jersey-media-json-jackson-2.27.jar:/home/user/.m2/repository/org/glassfish/jersey/ext/jersey-entity-filtering/2.27/jersey-entity-filtering-2.27.jar:/home/user/.m2/repository/com/google/inject/extensions/guice-assistedinject/4.0/guice-assistedinject-4.0.jar:/home/user/.m2/repository/org/jooq/jooq/3.11.10/jooq-3.11.10.jar:/home/user/.m2/repository/org/jooq/jooq-meta/3.11.10/jooq-meta-3.11.10.jar:/home/user/.m2/repository/org/jooq/jooq-codegen/3.11.10/jooq-codegen-3.11.10.jar:/home/user/.m2/repository/com/jolbox/bonecp/0.8.0.RELEASE/bonecp-0.8.0.RELEASE.jar:/home/user/.m2/repository/org/xerial/sqlite-jdbc/3.25.2/sqlite-jdbc-3.25.2.jar:/home/user/.m2/repository/org/springframework/spring-jdbc/5.1.3.RELEASE/spring-jdbc-5.1.3.RELEASE.jar:/home/user/.m2/repository/org/springframework/spring-beans/5.1.3.RELEASE/spring-beans-5.1.3.RELEASE.jar:/home/user/.m2/repository/org/springframework/spring-core/5.1.3.RELEASE/spring-core-5.1.3.RELEASE.jar:/home/user/.m2/repository/org/springframework/spring-jcl/5.1.3.RELEASE/spring-jcl-5.1.3.RELEASE.jar:/home/user/.m2/repository/org/springframework/spring-tx/5.1.3.RELEASE/spring-tx-5.1.3.RELEASE.jar:/home/user/.m2/repository/org/apache/hadoop/hadoop-ozone-client/0.5.0-SNAPSHOT/hadoop-ozone-client-0.5.0-SNAPSHOT.jar:/home/user/.m2/repository/commons-lang/commons-lang/2.6/commons-lang-2.6.jar:/home/user/.m2/repository/org/apache/hadoop/hadoop-ozone-ozone-manager/0.5.0-SNAPSHOT/hadoop-ozone-ozone-manager-0.5.0-SNAPSHOT-tests.jar:/home/user/.m2/repository/junit/junit/4.11/junit-4.11.jar:/home/user/.m2/repository/org/hamcrest/hamcrest-core/1.3/hamcrest-core-1.3.jar:/home/user/.m2/repository/org/openjdk/jmh/jmh-core/1.19/jmh-core-1.19.jar:/home/user/.m2/repository/net/sf/jopt-simple/jopt-simple/4.6/jopt-simple-4.6.jar:/home/user/.m2/repository/org/apache/commons/commons-math3/3.1.1/commons-math3-3.1.1.jar:/home/user/.m2/repository/org/openjdk/jmh/jmh-generator-annprocess/1.19/jmh-generator-annprocess-1.19.jar:/home/user/.m2/repository/org/mockito/mockito-all/1.8.5/mockito-all-1.8.5.jar:/home/user/.m2/repository/org/apache/hadoop/hadoop-kms/3.2.0/hadoop-kms-3.2.0.jar:/home/user/.m2/repository/org/apache/hadoop/hadoop-auth/3.2.0/hadoop-auth-3.2.0.jar:/home/user/.m2/repository/com/nimbusds/nimbus-jose-jwt/4.41.1/nimbus-jose-jwt-4.41.1.jar:/home/user/.m2/repository/com/github/stephenc/jcip/jcip-annotations/1.0-1/jcip-annotations-1.0-1.jar:/home/user/.m2/repository/net/minidev/json-smart/2.3/json-smart-2.3.jar:/home/user/.m2/repository/net/minidev/accessors-smart/1.2/accessors-smart-1.2.jar:/home/user/.m2/repository/org/ow2/asm/asm/5.0.4/asm-5.0.4.jar:/home/user/.m2/repository/org/apache/curator/curator-framework/2.12.0/curator-framework-2.12.0.jar:/home/user/.m2/repository/com/sun/jersey/jersey-core/1.19/jersey-core-1.19.jar:/home/user/.m2/repository/javax/ws/rs/jsr311-api/1.1.1/jsr311-api-1.1.1.jar:/home/user/.m2/repository/com/sun/jersey/jersey-server/1.19/jersey-server-1.19.jar:/home/user/.m2/repository/javax/servlet/javax.servlet-api/3.1.0/javax.servlet-api-3.1.0.jar:/home/user/.m2/repository/org/eclipse/jetty/jetty-server/9.3.25.v20180904/jetty-server-9.3.25.v20180904.jar:/home/user/.m2/repository/org/eclipse/jetty/jetty-http/9.3.25.v20180904/jetty-http-9.3.25.v20180904.jar:/home/user/.m2/repository/org/eclipse/jetty/jetty-io/9.3.25.v20180904/jetty-io-9.3.25.v20180904.jar:/home/user/.m2/repository/org/eclipse/jetty/jetty-webapp/9.3.25.v20180904/jetty-webapp-9.3.25.v20180904.jar:/home/user/.m2/repository/org/eclipse/jetty/jetty-xml/9.3.25.v20180904/jetty-xml-9.3.25.v20180904.jar:/home/user/.m2/repository/log4j/log4j/1.2.17/log4j-1.2.17.jar:/home/user/.m2/repository/org/slf4j/slf4j-api/1.7.25/slf4j-api-1.7.25.jar:/home/user/.m2/repository/org/slf4j/jul-to-slf4j/1.7.25/jul-to-slf4j-1.7.25.jar:/home/user/.m2/repository/org/eclipse/jetty/jetty-util/9.3.25.v20180904/jetty-util-9.3.25.v20180904.jar:/home/user/.m2/repository/com/fasterxml/jackson/core/jackson-databind/2.9.9/jackson-databind-2.9.9.jar:/home/user/.m2/repository/org/apache/hadoop/hadoop-kms/3.2.0/hadoop-kms-3.2.0-tests.jar:/home/user/.m2/repository/org/apache/hadoop/hadoop-hdds-server-scm/0.5.0-SNAPSHOT/hadoop-hdds-server-scm-0.5.0-SNAPSHOT-tests.jar:/home/user/.m2/repository/org/apache/hadoop/hadoop-hdds-container-service/0.5.0-SNAPSHOT/hadoop-hdds-container-service-0.5.0-SNAPSHOT-tests.jar:/home/user/.m2/repository/org/yaml/snakeyaml/1.16/snakeyaml-1.16.jar:/home/user/.m2/repository/org/apache/hadoop/hadoop-common/3.2.0/hadoop-common-3.2.0-tests.jar:/home/user/.m2/repository/org/apache/hadoop/hadoop-annotations/3.2.0/hadoop-annotations-3.2.0.jar:/usr/lib/jvm/java-1.8-openjdk/jre/../lib/tools.jar:/home/user/.m2/repository/commons-cli/commons-cli/1.2/commons-cli-1.2.jar:/home/user/.m2/repository/org/apache/httpcomponents/httpclient/4.5.2/httpclient-4.5.2.jar:/home/user/.m2/repository/org/apache/httpcomponents/httpcore/4.4.4/httpcore-4.4.4.jar:/home/user/.m2/repository/commons-codec/commons-codec/1.11/commons-codec-1.11.jar:/home/user/.m2/repository/commons-net/commons-net/3.6/commons-net-3.6.jar:/home/user/.m2/repository/commons-collections/commons-collections/3.2.2/commons-collections-3.2.2.jar:/home/user/.m2/repository/org/eclipse/jetty/jetty-servlet/9.3.25.v20180904/jetty-servlet-9.3.25.v20180904.jar:/home/user/.m2/repository/org/eclipse/jetty/jetty-security/9.3.25.v20180904/jetty-security-9.3.25.v20180904.jar:/home/user/.m2/repository/javax/servlet/jsp/jsp-api/2.1/jsp-api-2.1.jar:/home/user/.m2/repository/com/sun/jersey/jersey-servlet/1.19/jersey-servlet-1.19.jar:/home/user/.m2/repository/com/sun/jersey/jersey-json/1.19/jersey-json-1.19.jar:/home/user/.m2/repository/org/codehaus/jettison/jettison/1.1/jettison-1.1.jar:/home/user/.m2/repository/org/codehaus/jackson/jackson-core-asl/1.9.13/jackson-core-asl-1.9.13.jar:/home/user/.m2/repository/org/codehaus/jackson/jackson-mapper-asl/1.9.13/jackson-mapper-asl-1.9.13.jar:/home/user/.m2/repository/org/codehaus/jackson/jackson-jaxrs/1.9.13/jackson-jaxrs-1.9.13.jar:/home/user/.m2/repository/org/codehaus/jackson/jackson-xc/1.9.13/jackson-xc-1.9.13.jar:/home/user/.m2/repository/commons-logging/commons-logging/1.1.3/commons-logging-1.1.3.jar:/home/user/.m2/repository/commons-beanutils/commons-beanutils/1.9.4/commons-beanutils-1.9.4.jar:/home/user/.m2/repository/org/apache/commons/commons-configuration2/2.1.1/commons-configuration2-2.1.1.jar:/home/user/.m2/repository/org/apache/commons/commons-lang3/3.7/commons-lang3-3.7.jar:/home/user/.m2/repository/org/apache/commons/commons-text/1.4/commons-text-1.4.jar:/home/user/.m2/repository/org/apache/avro/avro/1.7.7/avro-1.7.7.jar:/home/user/.m2/repository/com/thoughtworks/paranamer/paranamer/2.3/paranamer-2.3.jar:/home/user/.m2/repository/org/xerial/snappy/snappy-java/1.0.5/snappy-java-1.0.5.jar:/home/user/.m2/repository/com/google/re2j/re2j/1.1/re2j-1.1.jar:/home/user/.m2/repository/com/google/code/gson/gson/2.2.4/gson-2.2.4.jar:/home/user/.m2/repository/com/jcraft/jsch/0.1.54/jsch-0.1.54.jar:/home/user/.m2/repository/org/apache/curator/curator-client/2.12.0/curator-client-2.12.0.jar:/home/user/.m2/repository/org/apache/curator/curator-recipes/2.12.0/curator-recipes-2.12.0.jar:/home/user/.m2/repository/com/google/code/findbugs/jsr305/3.0.0/jsr305-3.0.0.jar:/home/user/.m2/repository/org/apache/htrace/htrace-core4/4.1.0-incubating/htrace-core4-4.1.0-incubating.jar:/home/user/.m2/repository/org/apache/zookeeper/zookeeper/3.4.13/zookeeper-3.4.13.jar:/home/user/.m2/repository/jline/jline/0.9.94/jline-0.9.94.jar:/home/user/.m2/repository/org/apache/yetus/audience-annotations/0.5.0/audience-annotations-0.5.0.jar:/home/user/.m2/repository/org/codehaus/woodstox/stax2-api/3.1.4/stax2-api-3.1.4.jar:/home/user/.m2/repository/com/fasterxml/woodstox/woodstox-core/5.0.3/woodstox-core-5.0.3.jar:/home/user/.m2/repository/dnsjava/dnsjava/2.1.7/dnsjava-2.1.7.jar:/home/user/.m2/repository/org/apache/hadoop/hadoop-hdfs/3.2.0/hadoop-hdfs-3.2.0-tests.jar:/home/user/.m2/repository/org/eclipse/jetty/jetty-util-ajax/9.3.25.v20180904/jetty-util-ajax-9.3.25.v20180904.jar:/home/user/.m2/repository/commons-daemon/commons-daemon/1.0.13/commons-daemon-1.0.13.jar:/home/user/.m2/repository/io/netty/netty/3.10.5.Final/netty-3.10.5.Final.jar:/home/user/.m2/repository/io/netty/netty-all/4.0.52.Final/netty-all-4.0.52.Final.jar:/home/user/.m2/repository/org/fusesource/leveldbjni/leveldbjni-all/1.8/leveldbjni-all-1.8.jar:"/>
    <property name="sun.cpu.endian" value="little"/>
    <property name="user.home" value="/home/user"/>
    <property name="user.language" value="en"/>
    <property name="java.specification.vendor" value="Oracle Corporation"/>
    <property name="java.home" value="/usr/lib/jvm/java-1.8-openjdk/jre"/>
    <property name="java.security.krb5.conf" value="/workdir/hadoop-ozone/integration-test/target/test-classes/krb5.conf"/>
    <property name="basedir" value="/workdir/hadoop-ozone/integration-test"/>
    <property name="file.separator" value="/"/>
    <property name="line.separator" value="&#10;"/>
    <property name="java.vm.specification.vendor" value="Oracle Corporation"/>
    <property name="java.specification.name" value="Java Platform API Specification"/>
    <property name="java.awt.graphicsenv" value="sun.awt.X11GraphicsEnvironment"/>
    <property name="surefire.real.class.path" value="/workdir/hadoop-ozone/integration-test/target/surefire/surefirebooter2765881487624760567.jar"/>
    <property name="hadoop.log.dir" value="/workdir/hadoop-ozone/integration-test/target/log"/>
    <property name="sun.boot.class.path" value="/usr/lib/jvm/java-1.8-openjdk/jre/lib/resources.jar:/usr/lib/jvm/java-1.8-openjdk/jre/lib/rt.jar:/usr/lib/jvm/java-1.8-openjdk/jre/lib/sunrsasign.jar:/usr/lib/jvm/java-1.8-openjdk/jre/lib/jsse.jar:/usr/lib/jvm/java-1.8-openjdk/jre/lib/jce.jar:/usr/lib/jvm/java-1.8-openjdk/jre/lib/charsets.jar:/usr/lib/jvm/java-1.8-openjdk/jre/lib/jfr.jar:/usr/lib/jvm/java-1.8-openjdk/jre/classes"/>
    <property name="sun.management.compiler" value="HotSpot 64-Bit Tiered Compilers"/>
    <property name="java.runtime.version" value="1.8.0_212-b04"/>
    <property name="java.net.preferIPv4Stack" value="true"/>
    <property name="user.name" value="jenkins1000"/>
    <property name="path.separator" value=":"/>
    <property name="java.security.egd" value="file:///dev/urandom"/>
    <property name="os.version" value="3.10.0-957.12.2.el7.x86_64"/>
    <property name="java.endorsed.dirs" value="/usr/lib/jvm/java-1.8-openjdk/jre/lib/endorsed"/>
    <property name="java.runtime.name" value="OpenJDK Runtime Environment"/>
    <property name="file.encoding" value="UTF-8"/>
    <property name="java.vm.name" value="OpenJDK 64-Bit Server VM"/>
    <property name="test.build.webapps" value=""/>
    <property name="localRepository" value="/home/user/.m2/repository"/>
    <property name="java.vendor.url.bug" value="https://icedtea.classpath.org/bugzilla"/>
    <property name="java.io.tmpdir" value="/tmp"/>
    <property name="require.test.libhadoop" value=""/>
    <property name="java.version" value="1.8.0_212"/>
    <property name="user.dir" value="/workdir/hadoop-ozone/integration-test"/>
    <property name="os.arch" value="amd64"/>
    <property name="java.vm.specification.name" value="Java Virtual Machine Specification"/>
    <property name="test.build.classes" value="/workdir/hadoop-ozone/integration-test/target/test-classes"/>
    <property name="java.awt.printerjob" value="sun.print.PSPrinterJob"/>
    <property name="sun.os.patch.level" value="unknown"/>
    <property name="hadoop.tmp.dir" value="/workdir/hadoop-ozone/integration-test/target/tmp"/>
    <property name="java.library.path" value="/usr/lib/jvm/java-1.8-openjdk/jre/lib/amd64/server:/usr/lib/jvm/java-1.8-openjdk/jre/lib/amd64:/usr/lib/jvm/java-1.8-openjdk/jre/../lib/amd64:/workdir/hadoop-ozone/integration-test/target/native/target/usr/local/lib:/workdir/hadoop-ozone/integration-test/../../hadoop-common-project/hadoop-common/target/native/target/usr/local/lib:/usr/java/packages/lib/amd64:/usr/lib64:/lib64:/lib:/usr/lib"/>
    <property name="java.vm.info" value="mixed mode"/>
    <property name="java.vendor" value="IcedTea"/>
    <property name="java.vm.version" value="25.212-b04"/>
    <property name="java.ext.dirs" value="/usr/lib/jvm/java-1.8-openjdk/jre/lib/ext:/usr/java/packages/lib/ext"/>
    <property name="sun.io.unicode.encoding" value="UnicodeLittle"/>
    <property name="java.class.version" value="52.0"/>
  </properties>
  <testcase name="test2DatanodesFailure" classname="org.apache.hadoop.ozone.client.rpc.TestBlockOutputStreamWithFailures" time="105.303"/>
  <testcase name="testDatanodeFailureWithPreAllocation" classname="org.apache.hadoop.ozone.client.rpc.TestBlockOutputStreamWithFailures" time="223.565"/>
  <testcase name="testDatanodeFailureWithSingleNodeRatis" classname="org.apache.hadoop.ozone.client.rpc.TestBlockOutputStreamWithFailures" time="223.404"/>
  <testcase name="testWatchForCommitWithSingleNodeRatis" classname="org.apache.hadoop.ozone.client.rpc.TestBlockOutputStreamWithFailures" time="33.347"/>
  <testcase name="testWatchForCommitDatanodeFailure" classname="org.apache.hadoop.ozone.client.rpc.TestBlockOutputStreamWithFailures" time="47.22"/>
  <testcase name="testFailureWithPrimeSizedData" classname="org.apache.hadoop.ozone.client.rpc.TestBlockOutputStreamWithFailures" time="33.233"/>
  <testcase name="testWatchForCommitWithCloseContainerException" classname="org.apache.hadoop.ozone.client.rpc.TestBlockOutputStreamWithFailures" time="34.337">
    <failure message="expected:&lt;77&gt; but was:&lt;78&gt;" type="java.lang.AssertionError"><![CDATA[java.lang.AssertionError: expected:<77> but was:<78>
	at org.junit.Assert.fail(Assert.java:88)
	at org.junit.Assert.failNotEquals(Assert.java:743)
	at org.junit.Assert.assertEquals(Assert.java:118)
	at org.junit.Assert.assertEquals(Assert.java:555)
	at org.junit.Assert.assertEquals(Assert.java:542)
	at org.apache.hadoop.ozone.client.rpc.TestBlockOutputStreamWithFailures.testWatchForCommitWithCloseContainerException(TestBlockOutputStreamWithFailures.java:196)
	at sun.reflect.NativeMethodAccessorImpl.invoke0(Native Method)
	at sun.reflect.NativeMethodAccessorImpl.invoke(NativeMethodAccessorImpl.java:62)
	at sun.reflect.DelegatingMethodAccessorImpl.invoke(DelegatingMethodAccessorImpl.java:43)
	at java.lang.reflect.Method.invoke(Method.java:498)
	at org.junit.runners.model.FrameworkMethod$1.runReflectiveCall(FrameworkMethod.java:47)
	at org.junit.internal.runners.model.ReflectiveCallable.run(ReflectiveCallable.java:12)
	at org.junit.runners.model.FrameworkMethod.invokeExplosively(FrameworkMethod.java:44)
	at org.junit.internal.runners.statements.InvokeMethod.evaluate(InvokeMethod.java:17)
	at org.junit.internal.runners.statements.RunBefores.evaluate(RunBefores.java:26)
	at org.junit.internal.runners.statements.RunAfters.evaluate(RunAfters.java:27)
	at org.junit.runners.ParentRunner.runLeaf(ParentRunner.java:271)
	at org.junit.runners.BlockJUnit4ClassRunner.runChild(BlockJUnit4ClassRunner.java:70)
	at org.junit.runners.BlockJUnit4ClassRunner.runChild(BlockJUnit4ClassRunner.java:50)
	at org.junit.runners.ParentRunner$3.run(ParentRunner.java:238)
	at org.junit.runners.ParentRunner$1.schedule(ParentRunner.java:63)
	at org.junit.runners.ParentRunner.runChildren(ParentRunner.java:236)
	at org.junit.runners.ParentRunner.access$000(ParentRunner.java:53)
	at org.junit.runners.ParentRunner$2.evaluate(ParentRunner.java:229)
	at org.junit.runners.ParentRunner.run(ParentRunner.java:309)
	at org.apache.maven.surefire.junit4.JUnit4Provider.execute(JUnit4Provider.java:365)
	at org.apache.maven.surefire.junit4.JUnit4Provider.executeWithRerun(JUnit4Provider.java:273)
	at org.apache.maven.surefire.junit4.JUnit4Provider.executeTestSet(JUnit4Provider.java:238)
	at org.apache.maven.surefire.junit4.JUnit4Provider.invoke(JUnit4Provider.java:159)
	at org.apache.maven.surefire.booter.ForkedBooter.invokeProviderInSameClassLoader(ForkedBooter.java:384)
	at org.apache.maven.surefire.booter.ForkedBooter.runSuitesInProcess(ForkedBooter.java:345)
	at org.apache.maven.surefire.booter.ForkedBooter.execute(ForkedBooter.java:126)
	at org.apache.maven.surefire.booter.ForkedBooter.main(ForkedBooter.java:418)
]]></failure>
    <system-out><![CDATA[2019-09-20 01:07:39,438 [main] WARN  server.ServerUtils (ServerUtils.java:getScmDbDir(145)) - ozone.scm.db.dirs is not configured. We recommend adding this setting. Falling back to ozone.metadata.dirs instead.
2019-09-20 01:07:39,467 [main] WARN  server.ServerUtils (ServerUtils.java:getScmDbDir(145)) - ozone.scm.db.dirs is not configured. We recommend adding this setting. Falling back to ozone.metadata.dirs instead.
2019-09-20 01:07:39,468 [main] WARN  server.ServerUtils (ServerUtils.java:getScmDbDir(145)) - ozone.scm.db.dirs is not configured. We recommend adding this setting. Falling back to ozone.metadata.dirs instead.
2019-09-20 01:07:39,468 [main] INFO  db.DBStoreBuilder (DBStoreBuilder.java:addTable(110)) - using custom profile for table: deletedBlocks
2019-09-20 01:07:39,469 [main] INFO  db.DBStoreBuilder (DBStoreBuilder.java:processTables(161)) - Using default column profile:DBProfile.DISK for Table:deletedBlocks
2019-09-20 01:07:39,469 [main] INFO  db.DBStoreBuilder (DBStoreBuilder.java:addTable(110)) - using custom profile for table: validCerts
2019-09-20 01:07:39,469 [main] INFO  db.DBStoreBuilder (DBStoreBuilder.java:processTables(161)) - Using default column profile:DBProfile.DISK for Table:validCerts
2019-09-20 01:07:39,469 [main] INFO  db.DBStoreBuilder (DBStoreBuilder.java:addTable(110)) - using custom profile for table: revokedCerts
2019-09-20 01:07:39,469 [main] INFO  db.DBStoreBuilder (DBStoreBuilder.java:processTables(161)) - Using default column profile:DBProfile.DISK for Table:revokedCerts
2019-09-20 01:07:39,470 [main] INFO  db.DBStoreBuilder (DBStoreBuilder.java:addTable(110)) - using custom profile for table: default
2019-09-20 01:07:39,470 [main] INFO  db.DBStoreBuilder (DBStoreBuilder.java:processTables(167)) - Using default column profile:DBProfile.DISK for Table:default
2019-09-20 01:07:39,470 [main] INFO  db.DBStoreBuilder (DBStoreBuilder.java:getDbProfile(198)) - Using default options. DBProfile.DISK
2019-09-20 01:07:39,627 [main] INFO  net.NodeSchemaLoader (NodeSchemaLoader.java:loadSchemaFromFile(125)) - Loading file from sun.misc.CompoundEnumeration@52c46334
2019-09-20 01:07:39,627 [main] INFO  net.NodeSchemaLoader (NodeSchemaLoader.java:loadSchema(171)) - Loading network topology layer schema file
2019-09-20 01:07:39,632 [main] INFO  node.SCMNodeManager (SCMNodeManager.java:<init>(114)) - Entering startup safe mode.
2019-09-20 01:07:39,633 [main] INFO  algorithms.ContainerPlacementPolicyFactory (ContainerPlacementPolicyFactory.java:getPolicy(57)) - Create container placement policy of type org.apache.hadoop.hdds.scm.container.placement.algorithms.SCMContainerPlacementRandom
2019-09-20 01:07:39,633 [main] WARN  server.ServerUtils (ServerUtils.java:getScmDbDir(145)) - ozone.scm.db.dirs is not configured. We recommend adding this setting. Falling back to ozone.metadata.dirs instead.
2019-09-20 01:07:39,686 [main] INFO  pipeline.SCMPipelineManager (SCMPipelineManager.java:initializePipelineState(128)) - No pipeline exists in current db
2019-09-20 01:07:39,686 [main] WARN  server.ServerUtils (ServerUtils.java:getScmDbDir(145)) - ozone.scm.db.dirs is not configured. We recommend adding this setting. Falling back to ozone.metadata.dirs instead.
2019-09-20 01:07:39,741 [main] WARN  events.EventQueue (EventQueue.java:fireEvent(183)) - No event handler registered for event TypedEvent{payloadType=SafeModeStatus, name='SafeModeStatus'}
2019-09-20 01:07:39,742 [main] INFO  ipc.CallQueueManager (CallQueueManager.java:<init>(84)) - Using callQueue: class java.util.concurrent.LinkedBlockingQueue, queueCapacity: 2000, scheduler: class org.apache.hadoop.ipc.DefaultRpcScheduler, ipcBackoff: false.
2019-09-20 01:07:39,743 [Socket Reader #1 for port 43099] INFO  ipc.Server (Server.java:run(1074)) - Starting Socket Reader #1 for port 43099
2019-09-20 01:07:39,745 [main] INFO  ipc.CallQueueManager (CallQueueManager.java:<init>(84)) - Using callQueue: class java.util.concurrent.LinkedBlockingQueue, queueCapacity: 2000, scheduler: class org.apache.hadoop.ipc.DefaultRpcScheduler, ipcBackoff: false.
2019-09-20 01:07:39,746 [Socket Reader #1 for port 41928] INFO  ipc.Server (Server.java:run(1074)) - Starting Socket Reader #1 for port 41928
2019-09-20 01:07:39,748 [main] INFO  ipc.CallQueueManager (CallQueueManager.java:<init>(84)) - Using callQueue: class java.util.concurrent.LinkedBlockingQueue, queueCapacity: 2000, scheduler: class org.apache.hadoop.ipc.DefaultRpcScheduler, ipcBackoff: false.
2019-09-20 01:07:39,749 [Socket Reader #1 for port 38744] INFO  ipc.Server (Server.java:run(1074)) - Starting Socket Reader #1 for port 38744
2019-09-20 01:07:39,752 [main] INFO  hdfs.DFSUtil (DFSUtil.java:httpServerTemplateForNNAndJN(1641)) - Starting Web-server for scm at: http://0.0.0.0:0
2019-09-20 01:07:39,754 [main] INFO  server.AuthenticationFilter (AuthenticationFilter.java:constructSecretProvider(240)) - Unable to initialize FileSignerSecretProvider, falling back to use random secrets.
2019-09-20 01:07:39,754 [main] WARN  http.HttpRequestLog (HttpRequestLog.java:getRequestLog(97)) - Jetty request log can only be enabled using Log4j
2019-09-20 01:07:39,757 [main] INFO  http.HttpServer2 (HttpServer2.java:addGlobalFilter(975)) - Added global filter 'safety' (class=org.apache.hadoop.http.HttpServer2$QuotingInputFilter)
2019-09-20 01:07:39,757 [main] INFO  http.HttpServer2 (HttpServer2.java:addFilter(948)) - Added filter static_user_filter (class=org.apache.hadoop.http.lib.StaticUserWebFilter$StaticUserFilter) to context scm
2019-09-20 01:07:39,758 [main] INFO  http.HttpServer2 (HttpServer2.java:addFilter(958)) - Added filter static_user_filter (class=org.apache.hadoop.http.lib.StaticUserWebFilter$StaticUserFilter) to context logs
2019-09-20 01:07:39,758 [main] INFO  http.HttpServer2 (HttpServer2.java:addFilter(958)) - Added filter static_user_filter (class=org.apache.hadoop.http.lib.StaticUserWebFilter$StaticUserFilter) to context static
2019-09-20 01:07:39,759 [main] INFO  server.StorageContainerManager (StorageContainerManager.java:start(763)) - StorageContainerLocationProtocol RPC server is listening at /0.0.0.0:38744
2019-09-20 01:07:39,762 [main] WARN  impl.MetricsConfig (MetricsConfig.java:loadFirst(134)) - Cannot locate configuration: tried hadoop-metrics2-storagecontainermanager.properties,hadoop-metrics2.properties
2019-09-20 01:07:39,763 [main] INFO  impl.MetricsSystemImpl (MetricsSystemImpl.java:startTimer(374)) - Scheduled Metric snapshot period at 10 second(s).
2019-09-20 01:07:39,763 [main] INFO  impl.MetricsSystemImpl (MetricsSystemImpl.java:start(191)) - StorageContainerManager metrics system started
2019-09-20 01:07:39,861 [main] INFO  lib.Interns (Interns.java:removeEldestEntry(50)) - Metrics intern cache overflow at 2011 for MetricsSystem={MetricsSystem=MetricsInfoImpl{name=MetricsSystem, description=MetricsSystem}, MetricsSystem record=MetricsInfoImpl{name=MetricsSystem, description=MetricsSystem record}}
2019-09-20 01:07:39,931 [main] WARN  impl.MetricsSystemImpl (MetricsSystemImpl.java:register(276)) - Sink prometheus already exists!
2019-09-20 01:07:39,993 [main] INFO  server.SCMClientProtocolServer (SCMClientProtocolServer.java:start(151)) - RPC server for Client  is listening at /0.0.0.0:38744
2019-09-20 01:07:39,994 [IPC Server listener on 38744] INFO  ipc.Server (Server.java:run(1153)) - IPC Server listener on 38744: starting
2019-09-20 01:07:39,994 [IPC Server Responder] INFO  ipc.Server (Server.java:run(1314)) - IPC Server Responder: starting
2019-09-20 01:07:39,998 [main] INFO  server.StorageContainerManager (StorageContainerManager.java:start(773)) - ScmBlockLocationProtocol RPC server is listening at /0.0.0.0:41928
2019-09-20 01:07:39,998 [main] INFO  server.SCMBlockProtocolServer (SCMBlockProtocolServer.java:start(146)) - RPC server for Block Protocol is listening at /0.0.0.0:41928
2019-09-20 01:07:39,998 [IPC Server Responder] INFO  ipc.Server (Server.java:run(1314)) - IPC Server Responder: starting
2019-09-20 01:07:39,999 [IPC Server listener on 41928] INFO  ipc.Server (Server.java:run(1153)) - IPC Server listener on 41928: starting
2019-09-20 01:07:40,003 [main] INFO  server.StorageContainerManager (StorageContainerManager.java:start(777)) - ScmDatanodeProtocl RPC server is listening at /0.0.0.0:43099
2019-09-20 01:07:40,004 [main] INFO  server.SCMDatanodeProtocolServer (SCMDatanodeProtocolServer.java:start(191)) - RPC server for DataNodes is listening at /0.0.0.0:43099
2019-09-20 01:07:40,005 [IPC Server Responder] INFO  ipc.Server (Server.java:run(1314)) - IPC Server Responder: starting
2019-09-20 01:07:40,005 [IPC Server listener on 43099] INFO  ipc.Server (Server.java:run(1153)) - IPC Server listener on 43099: starting
2019-09-20 01:07:40,009 [main] INFO  http.HttpServer2 (HttpServer2.java:bindListener(1191)) - Jetty bound to port 34929
2019-09-20 01:07:40,010 [main] INFO  server.Server (Server.java:doStart(351)) - jetty-9.3.25.v20180904, build timestamp: 2018-09-04T21:11:46Z, git hash: 3ce520221d0240229c862b122d2b06c12a625732
2019-09-20 01:07:40,011 [main] INFO  handler.ContextHandler (ContextHandler.java:doStart(781)) - Started o.e.j.s.ServletContextHandler@464ede1f{/logs,file:///workdir/hadoop-ozone/integration-test/target/log,AVAILABLE}
2019-09-20 01:07:40,012 [main] INFO  handler.ContextHandler (ContextHandler.java:doStart(781)) - Started o.e.j.s.ServletContextHandler@1247c72e{/static,file:///workdir/hadoop-ozone/integration-test/target/test-classes/webapps/static,AVAILABLE}
2019-09-20 01:07:40,015 [main] INFO  handler.ContextHandler (ContextHandler.java:doStart(781)) - Started o.e.j.w.WebAppContext@559d19c{/,file:///workdir/hadoop-ozone/integration-test/target/test-classes/webapps/scm/,AVAILABLE}{/scm}
2019-09-20 01:07:40,015 [main] INFO  server.AbstractConnector (AbstractConnector.java:doStart(278)) - Started ServerConnector@719c1faf{HTTP/1.1,[http/1.1]}{0.0.0.0:34929}
2019-09-20 01:07:40,017 [main] INFO  server.Server (Server.java:doStart(419)) - Started @667350ms
2019-09-20 01:07:40,017 [main] WARN  impl.MetricsSystemImpl (MetricsSystemImpl.java:register(276)) - Sink prometheus already exists!
2019-09-20 01:07:40,018 [main] INFO  server.BaseHttpServer (BaseHttpServer.java:updateConnectorAddress(215)) - HTTP server of SCM is listening at http://0.0.0.0:34929
2019-09-20 01:07:40,018 [main] WARN  server.ServerUtils (ServerUtils.java:getDBPath(222)) - ozone.om.db.dirs is not configured. We recommend adding this setting. Falling back to ozone.metadata.dirs instead.
2019-09-20 01:07:40,020 [org.apache.hadoop.util.JvmPauseMonitor$Monitor@1f172892] INFO  util.JvmPauseMonitor (JvmPauseMonitor.java:run(188)) - Starting JVM pause monitor
2019-09-20 01:07:40,033 [main] WARN  server.ServerUtils (ServerUtils.java:getDBPath(222)) - ozone.om.db.dirs is not configured. We recommend adding this setting. Falling back to ozone.metadata.dirs instead.
2019-09-20 01:07:40,033 [main] WARN  server.ServerUtils (ServerUtils.java:getDBPath(222)) - ozone.om.db.dirs is not configured. We recommend adding this setting. Falling back to ozone.metadata.dirs instead.
2019-09-20 01:07:40,034 [main] INFO  om.OzoneManager (OzoneManager.java:setOMNodeDetails(649)) - OM Service ID is not set. Setting it to the default ID: omServiceIdDefault
2019-09-20 01:07:40,034 [main] INFO  om.OzoneManager (OzoneManager.java:setOMNodeDetails(655)) - OM Node ID is not set. Setting it to the OmStorage's OmID: aa4215b2-58e5-4b4d-9379-35d929540080
2019-09-20 01:07:40,034 [main] INFO  om.OzoneManager (OzoneManager.java:loadOMHAConfigs(606)) - Found matching OM address with OMServiceId: null, OMNodeId: null, RPC Address: localhost:0 and Ratis port: 9872
2019-09-20 01:07:40,042 [main] WARN  server.ServerUtils (ServerUtils.java:getDBPath(222)) - ozone.om.db.dirs is not configured. We recommend adding this setting. Falling back to ozone.metadata.dirs instead.
2019-09-20 01:07:40,042 [main] INFO  db.DBStoreBuilder (DBStoreBuilder.java:addTable(110)) - using custom profile for table: userTable
2019-09-20 01:07:40,043 [main] INFO  db.DBStoreBuilder (DBStoreBuilder.java:processTables(161)) - Using default column profile:DBProfile.DISK for Table:userTable
2019-09-20 01:07:40,043 [main] INFO  db.DBStoreBuilder (DBStoreBuilder.java:addTable(110)) - using custom profile for table: volumeTable
2019-09-20 01:07:40,043 [main] INFO  db.DBStoreBuilder (DBStoreBuilder.java:processTables(161)) - Using default column profile:DBProfile.DISK for Table:volumeTable
2019-09-20 01:07:40,043 [main] INFO  db.DBStoreBuilder (DBStoreBuilder.java:addTable(110)) - using custom profile for table: bucketTable
2019-09-20 01:07:40,044 [main] INFO  db.DBStoreBuilder (DBStoreBuilder.java:processTables(161)) - Using default column profile:DBProfile.DISK for Table:bucketTable
2019-09-20 01:07:40,044 [main] INFO  db.DBStoreBuilder (DBStoreBuilder.java:addTable(110)) - using custom profile for table: keyTable
2019-09-20 01:07:40,044 [main] INFO  db.DBStoreBuilder (DBStoreBuilder.java:processTables(161)) - Using default column profile:DBProfile.DISK for Table:keyTable
2019-09-20 01:07:40,044 [main] INFO  db.DBStoreBuilder (DBStoreBuilder.java:addTable(110)) - using custom profile for table: deletedTable
2019-09-20 01:07:40,044 [main] INFO  db.DBStoreBuilder (DBStoreBuilder.java:processTables(161)) - Using default column profile:DBProfile.DISK for Table:deletedTable
2019-09-20 01:07:40,045 [main] INFO  db.DBStoreBuilder (DBStoreBuilder.java:addTable(110)) - using custom profile for table: openKeyTable
2019-09-20 01:07:40,045 [main] INFO  db.DBStoreBuilder (DBStoreBuilder.java:processTables(161)) - Using default column profile:DBProfile.DISK for Table:openKeyTable
2019-09-20 01:07:40,045 [main] INFO  db.DBStoreBuilder (DBStoreBuilder.java:addTable(110)) - using custom profile for table: s3Table
2019-09-20 01:07:40,045 [main] INFO  db.DBStoreBuilder (DBStoreBuilder.java:processTables(161)) - Using default column profile:DBProfile.DISK for Table:s3Table
2019-09-20 01:07:40,046 [main] INFO  db.DBStoreBuilder (DBStoreBuilder.java:addTable(110)) - using custom profile for table: multipartInfoTable
2019-09-20 01:07:40,046 [main] INFO  db.DBStoreBuilder (DBStoreBuilder.java:processTables(161)) - Using default column profile:DBProfile.DISK for Table:multipartInfoTable
2019-09-20 01:07:40,046 [main] INFO  db.DBStoreBuilder (DBStoreBuilder.java:addTable(110)) - using custom profile for table: dTokenTable
2019-09-20 01:07:40,046 [main] INFO  db.DBStoreBuilder (DBStoreBuilder.java:processTables(161)) - Using default column profile:DBProfile.DISK for Table:dTokenTable
2019-09-20 01:07:40,047 [main] INFO  db.DBStoreBuilder (DBStoreBuilder.java:addTable(110)) - using custom profile for table: s3SecretTable
2019-09-20 01:07:40,047 [main] INFO  db.DBStoreBuilder (DBStoreBuilder.java:processTables(161)) - Using default column profile:DBProfile.DISK for Table:s3SecretTable
2019-09-20 01:07:40,047 [main] INFO  db.DBStoreBuilder (DBStoreBuilder.java:addTable(110)) - using custom profile for table: prefixTable
2019-09-20 01:07:40,047 [main] INFO  db.DBStoreBuilder (DBStoreBuilder.java:processTables(161)) - Using default column profile:DBProfile.DISK for Table:prefixTable
2019-09-20 01:07:40,048 [main] INFO  db.DBStoreBuilder (DBStoreBuilder.java:addTable(110)) - using custom profile for table: default
2019-09-20 01:07:40,048 [main] INFO  db.DBStoreBuilder (DBStoreBuilder.java:processTables(167)) - Using default column profile:DBProfile.DISK for Table:default
2019-09-20 01:07:40,048 [main] INFO  db.DBStoreBuilder (DBStoreBuilder.java:getDbProfile(198)) - Using default options. DBProfile.DISK
2019-09-20 01:07:40,480 [main] INFO  ipc.CallQueueManager (CallQueueManager.java:<init>(84)) - Using callQueue: class java.util.concurrent.LinkedBlockingQueue, queueCapacity: 2000, scheduler: class org.apache.hadoop.ipc.DefaultRpcScheduler, ipcBackoff: false.
2019-09-20 01:07:40,481 [Socket Reader #1 for port 44112] INFO  ipc.Server (Server.java:run(1074)) - Starting Socket Reader #1 for port 44112
2019-09-20 01:07:40,497 [main] INFO  om.OzoneManager (OzoneManager.java:start(1240)) - OzoneManager RPC server is listening at localhost/127.0.0.1:44112
2019-09-20 01:07:40,497 [main] INFO  impl.MetricsSystemImpl (MetricsSystemImpl.java:init(158)) - OzoneManager metrics system started (again)
2019-09-20 01:07:40,498 [IPC Server Responder] INFO  ipc.Server (Server.java:run(1314)) - IPC Server Responder: starting
2019-09-20 01:07:40,498 [IPC Server listener on 44112] INFO  ipc.Server (Server.java:run(1153)) - IPC Server listener on 44112: starting
2019-09-20 01:07:40,503 [main] INFO  hdfs.DFSUtil (DFSUtil.java:httpServerTemplateForNNAndJN(1641)) - Starting Web-server for ozoneManager at: http://0.0.0.0:0
2019-09-20 01:07:40,504 [main] INFO  server.AuthenticationFilter (AuthenticationFilter.java:constructSecretProvider(240)) - Unable to initialize FileSignerSecretProvider, falling back to use random secrets.
2019-09-20 01:07:40,505 [main] WARN  http.HttpRequestLog (HttpRequestLog.java:getRequestLog(97)) - Jetty request log can only be enabled using Log4j
2019-09-20 01:07:40,506 [main] INFO  http.HttpServer2 (HttpServer2.java:addGlobalFilter(975)) - Added global filter 'safety' (class=org.apache.hadoop.http.HttpServer2$QuotingInputFilter)
2019-09-20 01:07:40,506 [main] INFO  http.HttpServer2 (HttpServer2.java:addFilter(948)) - Added filter static_user_filter (class=org.apache.hadoop.http.lib.StaticUserWebFilter$StaticUserFilter) to context ozoneManager
2019-09-20 01:07:40,506 [main] INFO  http.HttpServer2 (HttpServer2.java:addFilter(958)) - Added filter static_user_filter (class=org.apache.hadoop.http.lib.StaticUserWebFilter$StaticUserFilter) to context logs
2019-09-20 01:07:40,507 [main] INFO  http.HttpServer2 (HttpServer2.java:addFilter(958)) - Added filter static_user_filter (class=org.apache.hadoop.http.lib.StaticUserWebFilter$StaticUserFilter) to context static
2019-09-20 01:07:40,507 [main] INFO  http.HttpServer2 (HttpServer2.java:bindListener(1191)) - Jetty bound to port 34770
2019-09-20 01:07:40,507 [main] INFO  server.Server (Server.java:doStart(351)) - jetty-9.3.25.v20180904, build timestamp: 2018-09-04T21:11:46Z, git hash: 3ce520221d0240229c862b122d2b06c12a625732
2019-09-20 01:07:40,509 [main] INFO  handler.ContextHandler (ContextHandler.java:doStart(781)) - Started o.e.j.s.ServletContextHandler@1b8fa2fa{/logs,file:///workdir/hadoop-ozone/integration-test/target/log,AVAILABLE}
2019-09-20 01:07:40,509 [main] INFO  handler.ContextHandler (ContextHandler.java:doStart(781)) - Started o.e.j.s.ServletContextHandler@7cc1f72c{/static,file:///workdir/hadoop-ozone/integration-test/target/test-classes/webapps/static,AVAILABLE}
2019-09-20 01:07:40,512 [main] INFO  handler.ContextHandler (ContextHandler.java:doStart(781)) - Started o.e.j.w.WebAppContext@3eac2e8a{/,file:///workdir/hadoop-ozone/integration-test/target/test-classes/webapps/ozoneManager/,AVAILABLE}{/ozoneManager}
2019-09-20 01:07:40,512 [main] INFO  server.AbstractConnector (AbstractConnector.java:doStart(278)) - Started ServerConnector@352f6727{HTTP/1.1,[http/1.1]}{0.0.0.0:34770}
2019-09-20 01:07:40,514 [main] INFO  server.Server (Server.java:doStart(419)) - Started @667847ms
2019-09-20 01:07:40,514 [main] WARN  impl.MetricsSystemImpl (MetricsSystemImpl.java:register(276)) - Sink prometheus already exists!
2019-09-20 01:07:40,515 [main] INFO  server.BaseHttpServer (BaseHttpServer.java:updateConnectorAddress(215)) - HTTP server of OZONEMANAGER is listening at http://0.0.0.0:34770
2019-09-20 01:07:40,526 [main] INFO  impl.MetricsSystemImpl (MetricsSystemImpl.java:init(158)) - HddsDatanode metrics system started (again)
2019-09-20 01:07:40,530 [main] INFO  ozone.HddsDatanodeService (HddsDatanodeService.java:start(184)) - HddsDatanodeService host:pr-hdds-2150-czsg7-3946154559 ip:192.168.151.120
2019-09-20 01:07:40,536 [main] INFO  volume.HddsVolume (HddsVolume.java:<init>(176)) - Creating Volume: /workdir/hadoop-ozone/integration-test/target/test-dir/MiniOzoneClusterImpl-b9d2aae5-7523-433a-8853-e61f75a3b2d9/datanode-0/data/containers/hdds of  storage type : DISK and capacity : 1482555576320
2019-09-20 01:07:40,537 [main] INFO  volume.VolumeSet (VolumeSet.java:initializeVolumeSet(170)) - Added Volume : /workdir/hadoop-ozone/integration-test/target/test-dir/MiniOzoneClusterImpl-b9d2aae5-7523-433a-8853-e61f75a3b2d9/datanode-0/data/containers/hdds to VolumeSet
2019-09-20 01:07:40,537 [main] INFO  volume.ThrottledAsyncChecker (ThrottledAsyncChecker.java:schedule(139)) - Scheduling a check for org.apache.hadoop.ozone.container.common.volume.HddsVolume@17b6ad97
2019-09-20 01:07:40,537 [main] INFO  volume.HddsVolumeChecker (HddsVolumeChecker.java:checkAllVolumes(202)) - Scheduled health check for volume org.apache.hadoop.ozone.container.common.volume.HddsVolume@17b6ad97
2019-09-20 01:07:40,550 [main] INFO  impl.RaftServerProxy (ConfUtils.java:logGet(43)) - raft.rpc.type = GRPC (default)
2019-09-20 01:07:40,551 [main] INFO  grpc.GrpcFactory (GrpcFactory.java:checkPooledByteBufAllocatorUseCacheForAllThreads(45)) - PERFORMANCE WARNING: useCacheForAllThreads is true that may cause Netty to create a lot garbage objects and, as a result, trigger GC.
	It is recommended to disable useCacheForAllThreads by setting -Dorg.apache.ratis.thirdparty.io.netty.allocator.useCacheForAllThreads=false in command line.
2019-09-20 01:07:40,551 [main] INFO  grpc.GrpcConfigKeys$Server (ConfUtils.java:logGet(43)) - raft.grpc.server.port = 0 (default)
2019-09-20 01:07:40,551 [main] INFO  server.GrpcService (ConfUtils.java:logGet(43)) - raft.grpc.message.size.max = 33570816 (custom)
2019-09-20 01:07:40,551 [main] INFO  server.RaftServerConfigKeys (ConfUtils.java:logGet(43)) - raft.server.log.appender.buffer.byte-limit = 33554432 (custom)
2019-09-20 01:07:40,551 [main] INFO  server.GrpcService (ConfUtils.java:logGet(43)) - raft.grpc.flow.control.window = 1MB (=1048576) (default)
2019-09-20 01:07:40,551 [main] INFO  server.RaftServerConfigKeys (ConfUtils.java:logGet(43)) - raft.server.rpc.request.timeout = 3000ms (default)
2019-09-20 01:07:40,552 [main] INFO  server.RaftServerConfigKeys (ConfUtils.java:logGet(43)) - raft.server.storage.dir = [/workdir/hadoop-ozone/integration-test/target/test-dir/MiniOzoneClusterImpl-b9d2aae5-7523-433a-8853-e61f75a3b2d9/datanode-0/data/ratis] (custom)
2019-09-20 01:07:40,553 [main] INFO  hdfs.DFSUtil (DFSUtil.java:httpServerTemplateForNNAndJN(1641)) - Starting Web-server for hddsDatanode at: http://0.0.0.0:0
2019-09-20 01:07:40,554 [main] INFO  server.AuthenticationFilter (AuthenticationFilter.java:constructSecretProvider(240)) - Unable to initialize FileSignerSecretProvider, falling back to use random secrets.
2019-09-20 01:07:40,554 [main] WARN  http.HttpRequestLog (HttpRequestLog.java:getRequestLog(97)) - Jetty request log can only be enabled using Log4j
2019-09-20 01:07:40,556 [main] INFO  http.HttpServer2 (HttpServer2.java:addGlobalFilter(975)) - Added global filter 'safety' (class=org.apache.hadoop.http.HttpServer2$QuotingInputFilter)
2019-09-20 01:07:40,556 [main] INFO  http.HttpServer2 (HttpServer2.java:addFilter(948)) - Added filter static_user_filter (class=org.apache.hadoop.http.lib.StaticUserWebFilter$StaticUserFilter) to context hddsDatanode
2019-09-20 01:07:40,556 [main] INFO  http.HttpServer2 (HttpServer2.java:addFilter(958)) - Added filter static_user_filter (class=org.apache.hadoop.http.lib.StaticUserWebFilter$StaticUserFilter) to context logs
2019-09-20 01:07:40,556 [main] INFO  http.HttpServer2 (HttpServer2.java:addFilter(958)) - Added filter static_user_filter (class=org.apache.hadoop.http.lib.StaticUserWebFilter$StaticUserFilter) to context static
2019-09-20 01:07:40,557 [main] INFO  http.HttpServer2 (HttpServer2.java:bindListener(1191)) - Jetty bound to port 38018
2019-09-20 01:07:40,557 [main] INFO  server.Server (Server.java:doStart(351)) - jetty-9.3.25.v20180904, build timestamp: 2018-09-04T21:11:46Z, git hash: 3ce520221d0240229c862b122d2b06c12a625732
2019-09-20 01:07:40,558 [main] INFO  handler.ContextHandler (ContextHandler.java:doStart(781)) - Started o.e.j.s.ServletContextHandler@3686389{/logs,file:///workdir/hadoop-ozone/integration-test/target/log,AVAILABLE}
2019-09-20 01:07:40,558 [main] INFO  handler.ContextHandler (ContextHandler.java:doStart(781)) - Started o.e.j.s.ServletContextHandler@4228f269{/static,jar:file:/home/user/.m2/repository/org/apache/hadoop/hadoop-hdds-container-service/0.5.0-SNAPSHOT/hadoop-hdds-container-service-0.5.0-SNAPSHOT.jar!/webapps/static,AVAILABLE}
2019-09-20 01:07:40,585 [main] INFO  handler.ContextHandler (ContextHandler.java:doStart(781)) - Started o.e.j.w.WebAppContext@37a67cf{/,file:///tmp/jetty-0.0.0.0-38018-hddsDatanode-_-any-7169740005964644204.dir/webapp/,AVAILABLE}{/hddsDatanode}
2019-09-20 01:07:40,585 [main] INFO  server.AbstractConnector (AbstractConnector.java:doStart(278)) - Started ServerConnector@5822ecda{HTTP/1.1,[http/1.1]}{0.0.0.0:38018}
2019-09-20 01:07:40,587 [main] INFO  server.Server (Server.java:doStart(419)) - Started @667920ms
2019-09-20 01:07:40,587 [main] WARN  impl.MetricsSystemImpl (MetricsSystemImpl.java:register(276)) - Sink prometheus already exists!
2019-09-20 01:07:40,588 [main] INFO  server.BaseHttpServer (BaseHttpServer.java:updateConnectorAddress(215)) - HTTP server of HDDSDATANODE is listening at http://0.0.0.0:38018
2019-09-20 01:07:40,588 [main] INFO  impl.MetricsSystemImpl (MetricsSystemImpl.java:init(158)) - HddsDatanode metrics system started (again)
2019-09-20 01:07:40,593 [org.apache.hadoop.util.JvmPauseMonitor$Monitor@2867b5f1] INFO  util.JvmPauseMonitor (JvmPauseMonitor.java:run(188)) - Starting JVM pause monitor
2019-09-20 01:07:40,593 [main] INFO  ozone.HddsDatanodeService (HddsDatanodeService.java:start(184)) - HddsDatanodeService host:pr-hdds-2150-czsg7-3946154559 ip:192.168.151.120
2019-09-20 01:07:40,595 [Datanode State Machine Thread - 0] INFO  datanode.InitDatanodeState (InitDatanodeState.java:persistContainerDatanodeDetails(140)) - DatanodeDetails is persisted to /workdir/hadoop-ozone/integration-test/target/test-dir/MiniOzoneClusterImpl-b9d2aae5-7523-433a-8853-e61f75a3b2d9/datanode-0/meta/datanode.id
2019-09-20 01:07:40,599 [main] INFO  volume.HddsVolume (HddsVolume.java:<init>(176)) - Creating Volume: /workdir/hadoop-ozone/integration-test/target/test-dir/MiniOzoneClusterImpl-b9d2aae5-7523-433a-8853-e61f75a3b2d9/datanode-1/data/containers/hdds of  storage type : DISK and capacity : 1482555576320
2019-09-20 01:07:40,600 [main] INFO  volume.VolumeSet (VolumeSet.java:initializeVolumeSet(170)) - Added Volume : /workdir/hadoop-ozone/integration-test/target/test-dir/MiniOzoneClusterImpl-b9d2aae5-7523-433a-8853-e61f75a3b2d9/datanode-1/data/containers/hdds to VolumeSet
2019-09-20 01:07:40,600 [main] INFO  volume.ThrottledAsyncChecker (ThrottledAsyncChecker.java:schedule(139)) - Scheduling a check for org.apache.hadoop.ozone.container.common.volume.HddsVolume@6f867b0c
2019-09-20 01:07:40,600 [main] INFO  volume.HddsVolumeChecker (HddsVolumeChecker.java:checkAllVolumes(202)) - Scheduled health check for volume org.apache.hadoop.ozone.container.common.volume.HddsVolume@6f867b0c
2019-09-20 01:07:40,612 [main] INFO  impl.RaftServerProxy (ConfUtils.java:logGet(43)) - raft.rpc.type = GRPC (default)
2019-09-20 01:07:40,613 [main] INFO  grpc.GrpcFactory (GrpcFactory.java:checkPooledByteBufAllocatorUseCacheForAllThreads(45)) - PERFORMANCE WARNING: useCacheForAllThreads is true that may cause Netty to create a lot garbage objects and, as a result, trigger GC.
	It is recommended to disable useCacheForAllThreads by setting -Dorg.apache.ratis.thirdparty.io.netty.allocator.useCacheForAllThreads=false in command line.
2019-09-20 01:07:40,613 [main] INFO  grpc.GrpcConfigKeys$Server (ConfUtils.java:logGet(43)) - raft.grpc.server.port = 0 (default)
2019-09-20 01:07:40,613 [main] INFO  server.GrpcService (ConfUtils.java:logGet(43)) - raft.grpc.message.size.max = 33570816 (custom)
2019-09-20 01:07:40,613 [main] INFO  server.RaftServerConfigKeys (ConfUtils.java:logGet(43)) - raft.server.log.appender.buffer.byte-limit = 33554432 (custom)
2019-09-20 01:07:40,613 [main] INFO  server.GrpcService (ConfUtils.java:logGet(43)) - raft.grpc.flow.control.window = 1MB (=1048576) (default)
2019-09-20 01:07:40,613 [main] INFO  server.RaftServerConfigKeys (ConfUtils.java:logGet(43)) - raft.server.rpc.request.timeout = 3000ms (default)
2019-09-20 01:07:40,614 [main] INFO  server.RaftServerConfigKeys (ConfUtils.java:logGet(43)) - raft.server.storage.dir = [/workdir/hadoop-ozone/integration-test/target/test-dir/MiniOzoneClusterImpl-b9d2aae5-7523-433a-8853-e61f75a3b2d9/datanode-1/data/ratis] (custom)
2019-09-20 01:07:40,615 [main] INFO  hdfs.DFSUtil (DFSUtil.java:httpServerTemplateForNNAndJN(1641)) - Starting Web-server for hddsDatanode at: http://0.0.0.0:0
2019-09-20 01:07:40,616 [main] INFO  server.AuthenticationFilter (AuthenticationFilter.java:constructSecretProvider(240)) - Unable to initialize FileSignerSecretProvider, falling back to use random secrets.
2019-09-20 01:07:40,616 [main] WARN  http.HttpRequestLog (HttpRequestLog.java:getRequestLog(97)) - Jetty request log can only be enabled using Log4j
2019-09-20 01:07:40,617 [main] INFO  http.HttpServer2 (HttpServer2.java:addGlobalFilter(975)) - Added global filter 'safety' (class=org.apache.hadoop.http.HttpServer2$QuotingInputFilter)
2019-09-20 01:07:40,618 [main] INFO  http.HttpServer2 (HttpServer2.java:addFilter(948)) - Added filter static_user_filter (class=org.apache.hadoop.http.lib.StaticUserWebFilter$StaticUserFilter) to context hddsDatanode
2019-09-20 01:07:40,618 [main] INFO  http.HttpServer2 (HttpServer2.java:addFilter(958)) - Added filter static_user_filter (class=org.apache.hadoop.http.lib.StaticUserWebFilter$StaticUserFilter) to context static
2019-09-20 01:07:40,618 [main] INFO  http.HttpServer2 (HttpServer2.java:addFilter(958)) - Added filter static_user_filter (class=org.apache.hadoop.http.lib.StaticUserWebFilter$StaticUserFilter) to context logs
2019-09-20 01:07:40,619 [main] INFO  http.HttpServer2 (HttpServer2.java:bindListener(1191)) - Jetty bound to port 35866
2019-09-20 01:07:40,619 [main] INFO  server.Server (Server.java:doStart(351)) - jetty-9.3.25.v20180904, build timestamp: 2018-09-04T21:11:46Z, git hash: 3ce520221d0240229c862b122d2b06c12a625732
2019-09-20 01:07:40,620 [main] INFO  handler.ContextHandler (ContextHandler.java:doStart(781)) - Started o.e.j.s.ServletContextHandler@7e050be1{/logs,file:///workdir/hadoop-ozone/integration-test/target/log,AVAILABLE}
2019-09-20 01:07:40,620 [main] INFO  handler.ContextHandler (ContextHandler.java:doStart(781)) - Started o.e.j.s.ServletContextHandler@506aa618{/static,jar:file:/home/user/.m2/repository/org/apache/hadoop/hadoop-hdds-container-service/0.5.0-SNAPSHOT/hadoop-hdds-container-service-0.5.0-SNAPSHOT.jar!/webapps/static,AVAILABLE}
2019-09-20 01:07:40,648 [main] INFO  handler.ContextHandler (ContextHandler.java:doStart(781)) - Started o.e.j.w.WebAppContext@6a6d1ff3{/,file:///tmp/jetty-0.0.0.0-35866-hddsDatanode-_-any-3272977952781521815.dir/webapp/,AVAILABLE}{/hddsDatanode}
2019-09-20 01:07:40,648 [main] INFO  server.AbstractConnector (AbstractConnector.java:doStart(278)) - Started ServerConnector@64b73e0a{HTTP/1.1,[http/1.1]}{0.0.0.0:35866}
2019-09-20 01:07:40,650 [main] INFO  server.Server (Server.java:doStart(419)) - Started @667983ms
2019-09-20 01:07:40,650 [main] WARN  impl.MetricsSystemImpl (MetricsSystemImpl.java:register(276)) - Sink prometheus already exists!
2019-09-20 01:07:40,651 [main] INFO  server.BaseHttpServer (BaseHttpServer.java:updateConnectorAddress(215)) - HTTP server of HDDSDATANODE is listening at http://0.0.0.0:35866
2019-09-20 01:07:40,651 [main] INFO  impl.MetricsSystemImpl (MetricsSystemImpl.java:init(158)) - HddsDatanode metrics system started (again)
2019-09-20 01:07:40,655 [org.apache.hadoop.util.JvmPauseMonitor$Monitor@241fc11f] INFO  util.JvmPauseMonitor (JvmPauseMonitor.java:run(188)) - Starting JVM pause monitor
2019-09-20 01:07:40,655 [main] INFO  ozone.HddsDatanodeService (HddsDatanodeService.java:start(184)) - HddsDatanodeService host:pr-hdds-2150-czsg7-3946154559 ip:192.168.151.120
2019-09-20 01:07:40,656 [Datanode State Machine Thread - 0] INFO  datanode.InitDatanodeState (InitDatanodeState.java:persistContainerDatanodeDetails(140)) - DatanodeDetails is persisted to /workdir/hadoop-ozone/integration-test/target/test-dir/MiniOzoneClusterImpl-b9d2aae5-7523-433a-8853-e61f75a3b2d9/datanode-1/meta/datanode.id
2019-09-20 01:07:40,661 [main] INFO  volume.HddsVolume (HddsVolume.java:<init>(176)) - Creating Volume: /workdir/hadoop-ozone/integration-test/target/test-dir/MiniOzoneClusterImpl-b9d2aae5-7523-433a-8853-e61f75a3b2d9/datanode-2/data/containers/hdds of  storage type : DISK and capacity : 1482555576320
2019-09-20 01:07:40,661 [main] INFO  volume.VolumeSet (VolumeSet.java:initializeVolumeSet(170)) - Added Volume : /workdir/hadoop-ozone/integration-test/target/test-dir/MiniOzoneClusterImpl-b9d2aae5-7523-433a-8853-e61f75a3b2d9/datanode-2/data/containers/hdds to VolumeSet
2019-09-20 01:07:40,661 [main] INFO  volume.ThrottledAsyncChecker (ThrottledAsyncChecker.java:schedule(139)) - Scheduling a check for org.apache.hadoop.ozone.container.common.volume.HddsVolume@c262f2f
2019-09-20 01:07:40,662 [main] INFO  volume.HddsVolumeChecker (HddsVolumeChecker.java:checkAllVolumes(202)) - Scheduled health check for volume org.apache.hadoop.ozone.container.common.volume.HddsVolume@c262f2f
2019-09-20 01:07:40,673 [main] INFO  impl.RaftServerProxy (ConfUtils.java:logGet(43)) - raft.rpc.type = GRPC (default)
2019-09-20 01:07:40,673 [main] INFO  grpc.GrpcFactory (GrpcFactory.java:checkPooledByteBufAllocatorUseCacheForAllThreads(45)) - PERFORMANCE WARNING: useCacheForAllThreads is true that may cause Netty to create a lot garbage objects and, as a result, trigger GC.
	It is recommended to disable useCacheForAllThreads by setting -Dorg.apache.ratis.thirdparty.io.netty.allocator.useCacheForAllThreads=false in command line.
2019-09-20 01:07:40,673 [main] INFO  grpc.GrpcConfigKeys$Server (ConfUtils.java:logGet(43)) - raft.grpc.server.port = 0 (default)
2019-09-20 01:07:40,674 [main] INFO  server.GrpcService (ConfUtils.java:logGet(43)) - raft.grpc.message.size.max = 33570816 (custom)
2019-09-20 01:07:40,674 [main] INFO  server.RaftServerConfigKeys (ConfUtils.java:logGet(43)) - raft.server.log.appender.buffer.byte-limit = 33554432 (custom)
2019-09-20 01:07:40,674 [main] INFO  server.GrpcService (ConfUtils.java:logGet(43)) - raft.grpc.flow.control.window = 1MB (=1048576) (default)
2019-09-20 01:07:40,674 [main] INFO  server.RaftServerConfigKeys (ConfUtils.java:logGet(43)) - raft.server.rpc.request.timeout = 3000ms (default)
2019-09-20 01:07:40,674 [main] INFO  server.RaftServerConfigKeys (ConfUtils.java:logGet(43)) - raft.server.storage.dir = [/workdir/hadoop-ozone/integration-test/target/test-dir/MiniOzoneClusterImpl-b9d2aae5-7523-433a-8853-e61f75a3b2d9/datanode-2/data/ratis] (custom)
2019-09-20 01:07:40,675 [main] INFO  hdfs.DFSUtil (DFSUtil.java:httpServerTemplateForNNAndJN(1641)) - Starting Web-server for hddsDatanode at: http://0.0.0.0:0
2019-09-20 01:07:40,676 [main] INFO  server.AuthenticationFilter (AuthenticationFilter.java:constructSecretProvider(240)) - Unable to initialize FileSignerSecretProvider, falling back to use random secrets.
2019-09-20 01:07:40,677 [main] WARN  http.HttpRequestLog (HttpRequestLog.java:getRequestLog(97)) - Jetty request log can only be enabled using Log4j
2019-09-20 01:07:40,678 [main] INFO  http.HttpServer2 (HttpServer2.java:addGlobalFilter(975)) - Added global filter 'safety' (class=org.apache.hadoop.http.HttpServer2$QuotingInputFilter)
2019-09-20 01:07:40,678 [main] INFO  http.HttpServer2 (HttpServer2.java:addFilter(948)) - Added filter static_user_filter (class=org.apache.hadoop.http.lib.StaticUserWebFilter$StaticUserFilter) to context hddsDatanode
2019-09-20 01:07:40,678 [main] INFO  http.HttpServer2 (HttpServer2.java:addFilter(958)) - Added filter static_user_filter (class=org.apache.hadoop.http.lib.StaticUserWebFilter$StaticUserFilter) to context logs
2019-09-20 01:07:40,679 [main] INFO  http.HttpServer2 (HttpServer2.java:addFilter(958)) - Added filter static_user_filter (class=org.apache.hadoop.http.lib.StaticUserWebFilter$StaticUserFilter) to context static
2019-09-20 01:07:40,679 [main] INFO  http.HttpServer2 (HttpServer2.java:bindListener(1191)) - Jetty bound to port 37696
2019-09-20 01:07:40,679 [main] INFO  server.Server (Server.java:doStart(351)) - jetty-9.3.25.v20180904, build timestamp: 2018-09-04T21:11:46Z, git hash: 3ce520221d0240229c862b122d2b06c12a625732
2019-09-20 01:07:40,681 [main] INFO  handler.ContextHandler (ContextHandler.java:doStart(781)) - Started o.e.j.s.ServletContextHandler@bd4ee01{/logs,file:///workdir/hadoop-ozone/integration-test/target/log,AVAILABLE}
2019-09-20 01:07:40,681 [main] INFO  handler.ContextHandler (ContextHandler.java:doStart(781)) - Started o.e.j.s.ServletContextHandler@598657cd{/static,jar:file:/home/user/.m2/repository/org/apache/hadoop/hadoop-hdds-container-service/0.5.0-SNAPSHOT/hadoop-hdds-container-service-0.5.0-SNAPSHOT.jar!/webapps/static,AVAILABLE}
2019-09-20 01:07:40,705 [main] INFO  handler.ContextHandler (ContextHandler.java:doStart(781)) - Started o.e.j.w.WebAppContext@701d2b59{/,file:///tmp/jetty-0.0.0.0-37696-hddsDatanode-_-any-736201278875766906.dir/webapp/,AVAILABLE}{/hddsDatanode}
2019-09-20 01:07:40,706 [main] INFO  server.AbstractConnector (AbstractConnector.java:doStart(278)) - Started ServerConnector@1999149e{HTTP/1.1,[http/1.1]}{0.0.0.0:37696}
2019-09-20 01:07:40,708 [main] INFO  server.Server (Server.java:doStart(419)) - Started @668040ms
2019-09-20 01:07:40,708 [main] WARN  impl.MetricsSystemImpl (MetricsSystemImpl.java:register(276)) - Sink prometheus already exists!
2019-09-20 01:07:40,708 [main] INFO  server.BaseHttpServer (BaseHttpServer.java:updateConnectorAddress(215)) - HTTP server of HDDSDATANODE is listening at http://0.0.0.0:37696
2019-09-20 01:07:40,709 [main] INFO  impl.MetricsSystemImpl (MetricsSystemImpl.java:init(158)) - HddsDatanode metrics system started (again)
2019-09-20 01:07:40,713 [org.apache.hadoop.util.JvmPauseMonitor$Monitor@5092dfd1] INFO  util.JvmPauseMonitor (JvmPauseMonitor.java:run(188)) - Starting JVM pause monitor
2019-09-20 01:07:40,714 [main] INFO  ozone.HddsDatanodeService (HddsDatanodeService.java:start(184)) - HddsDatanodeService host:pr-hdds-2150-czsg7-3946154559 ip:192.168.151.120
2019-09-20 01:07:40,715 [Datanode State Machine Thread - 0] INFO  datanode.InitDatanodeState (InitDatanodeState.java:persistContainerDatanodeDetails(140)) - DatanodeDetails is persisted to /workdir/hadoop-ozone/integration-test/target/test-dir/MiniOzoneClusterImpl-b9d2aae5-7523-433a-8853-e61f75a3b2d9/datanode-2/meta/datanode.id
2019-09-20 01:07:40,720 [main] INFO  volume.HddsVolume (HddsVolume.java:<init>(176)) - Creating Volume: /workdir/hadoop-ozone/integration-test/target/test-dir/MiniOzoneClusterImpl-b9d2aae5-7523-433a-8853-e61f75a3b2d9/datanode-3/data/containers/hdds of  storage type : DISK and capacity : 1482555576320
2019-09-20 01:07:40,720 [main] INFO  volume.VolumeSet (VolumeSet.java:initializeVolumeSet(170)) - Added Volume : /workdir/hadoop-ozone/integration-test/target/test-dir/MiniOzoneClusterImpl-b9d2aae5-7523-433a-8853-e61f75a3b2d9/datanode-3/data/containers/hdds to VolumeSet
2019-09-20 01:07:40,720 [main] INFO  volume.ThrottledAsyncChecker (ThrottledAsyncChecker.java:schedule(139)) - Scheduling a check for org.apache.hadoop.ozone.container.common.volume.HddsVolume@30517a57
2019-09-20 01:07:40,720 [main] INFO  volume.HddsVolumeChecker (HddsVolumeChecker.java:checkAllVolumes(202)) - Scheduled health check for volume org.apache.hadoop.ozone.container.common.volume.HddsVolume@30517a57
2019-09-20 01:07:40,732 [main] INFO  impl.RaftServerProxy (ConfUtils.java:logGet(43)) - raft.rpc.type = GRPC (default)
2019-09-20 01:07:40,732 [main] INFO  grpc.GrpcFactory (GrpcFactory.java:checkPooledByteBufAllocatorUseCacheForAllThreads(45)) - PERFORMANCE WARNING: useCacheForAllThreads is true that may cause Netty to create a lot garbage objects and, as a result, trigger GC.
	It is recommended to disable useCacheForAllThreads by setting -Dorg.apache.ratis.thirdparty.io.netty.allocator.useCacheForAllThreads=false in command line.
2019-09-20 01:07:40,732 [main] INFO  grpc.GrpcConfigKeys$Server (ConfUtils.java:logGet(43)) - raft.grpc.server.port = 0 (default)
2019-09-20 01:07:40,732 [main] INFO  server.GrpcService (ConfUtils.java:logGet(43)) - raft.grpc.message.size.max = 33570816 (custom)
2019-09-20 01:07:40,732 [main] INFO  server.RaftServerConfigKeys (ConfUtils.java:logGet(43)) - raft.server.log.appender.buffer.byte-limit = 33554432 (custom)
2019-09-20 01:07:40,733 [main] INFO  server.GrpcService (ConfUtils.java:logGet(43)) - raft.grpc.flow.control.window = 1MB (=1048576) (default)
2019-09-20 01:07:40,733 [main] INFO  server.RaftServerConfigKeys (ConfUtils.java:logGet(43)) - raft.server.rpc.request.timeout = 3000ms (default)
2019-09-20 01:07:40,733 [main] INFO  server.RaftServerConfigKeys (ConfUtils.java:logGet(43)) - raft.server.storage.dir = [/workdir/hadoop-ozone/integration-test/target/test-dir/MiniOzoneClusterImpl-b9d2aae5-7523-433a-8853-e61f75a3b2d9/datanode-3/data/ratis] (custom)
2019-09-20 01:07:40,734 [main] INFO  hdfs.DFSUtil (DFSUtil.java:httpServerTemplateForNNAndJN(1641)) - Starting Web-server for hddsDatanode at: http://0.0.0.0:0
2019-09-20 01:07:40,735 [main] INFO  server.AuthenticationFilter (AuthenticationFilter.java:constructSecretProvider(240)) - Unable to initialize FileSignerSecretProvider, falling back to use random secrets.
2019-09-20 01:07:40,736 [main] WARN  http.HttpRequestLog (HttpRequestLog.java:getRequestLog(97)) - Jetty request log can only be enabled using Log4j
2019-09-20 01:07:40,737 [main] INFO  http.HttpServer2 (HttpServer2.java:addGlobalFilter(975)) - Added global filter 'safety' (class=org.apache.hadoop.http.HttpServer2$QuotingInputFilter)
2019-09-20 01:07:40,737 [main] INFO  http.HttpServer2 (HttpServer2.java:addFilter(948)) - Added filter static_user_filter (class=org.apache.hadoop.http.lib.StaticUserWebFilter$StaticUserFilter) to context hddsDatanode
2019-09-20 01:07:40,737 [main] INFO  http.HttpServer2 (HttpServer2.java:addFilter(958)) - Added filter static_user_filter (class=org.apache.hadoop.http.lib.StaticUserWebFilter$StaticUserFilter) to context logs
2019-09-20 01:07:40,737 [main] INFO  http.HttpServer2 (HttpServer2.java:addFilter(958)) - Added filter static_user_filter (class=org.apache.hadoop.http.lib.StaticUserWebFilter$StaticUserFilter) to context static
2019-09-20 01:07:40,738 [main] INFO  http.HttpServer2 (HttpServer2.java:bindListener(1191)) - Jetty bound to port 41773
2019-09-20 01:07:40,738 [main] INFO  server.Server (Server.java:doStart(351)) - jetty-9.3.25.v20180904, build timestamp: 2018-09-04T21:11:46Z, git hash: 3ce520221d0240229c862b122d2b06c12a625732
2019-09-20 01:07:40,739 [main] INFO  handler.ContextHandler (ContextHandler.java:doStart(781)) - Started o.e.j.s.ServletContextHandler@1377b1a0{/logs,file:///workdir/hadoop-ozone/integration-test/target/log,AVAILABLE}
2019-09-20 01:07:40,740 [main] INFO  handler.ContextHandler (ContextHandler.java:doStart(781)) - Started o.e.j.s.ServletContextHandler@27dbaa33{/static,jar:file:/home/user/.m2/repository/org/apache/hadoop/hadoop-hdds-container-service/0.5.0-SNAPSHOT/hadoop-hdds-container-service-0.5.0-SNAPSHOT.jar!/webapps/static,AVAILABLE}
2019-09-20 01:07:40,768 [main] INFO  handler.ContextHandler (ContextHandler.java:doStart(781)) - Started o.e.j.w.WebAppContext@2a7ebe07{/,file:///tmp/jetty-0.0.0.0-41773-hddsDatanode-_-any-267584631514808672.dir/webapp/,AVAILABLE}{/hddsDatanode}
2019-09-20 01:07:40,768 [main] INFO  server.AbstractConnector (AbstractConnector.java:doStart(278)) - Started ServerConnector@6e93b0e7{HTTP/1.1,[http/1.1]}{0.0.0.0:41773}
2019-09-20 01:07:40,770 [main] INFO  server.Server (Server.java:doStart(419)) - Started @668103ms
2019-09-20 01:07:40,770 [main] WARN  impl.MetricsSystemImpl (MetricsSystemImpl.java:register(276)) - Sink prometheus already exists!
2019-09-20 01:07:40,771 [main] INFO  server.BaseHttpServer (BaseHttpServer.java:updateConnectorAddress(215)) - HTTP server of HDDSDATANODE is listening at http://0.0.0.0:41773
2019-09-20 01:07:40,771 [main] INFO  impl.MetricsSystemImpl (MetricsSystemImpl.java:init(158)) - HddsDatanode metrics system started (again)
2019-09-20 01:07:40,776 [org.apache.hadoop.util.JvmPauseMonitor$Monitor@42103817] INFO  util.JvmPauseMonitor (JvmPauseMonitor.java:run(188)) - Starting JVM pause monitor
2019-09-20 01:07:40,777 [main] INFO  ozone.HddsDatanodeService (HddsDatanodeService.java:start(184)) - HddsDatanodeService host:pr-hdds-2150-czsg7-3946154559 ip:192.168.151.120
2019-09-20 01:07:40,777 [Datanode State Machine Thread - 0] INFO  datanode.InitDatanodeState (InitDatanodeState.java:persistContainerDatanodeDetails(140)) - DatanodeDetails is persisted to /workdir/hadoop-ozone/integration-test/target/test-dir/MiniOzoneClusterImpl-b9d2aae5-7523-433a-8853-e61f75a3b2d9/datanode-3/meta/datanode.id
2019-09-20 01:07:40,783 [main] INFO  volume.HddsVolume (HddsVolume.java:<init>(176)) - Creating Volume: /workdir/hadoop-ozone/integration-test/target/test-dir/MiniOzoneClusterImpl-b9d2aae5-7523-433a-8853-e61f75a3b2d9/datanode-4/data/containers/hdds of  storage type : DISK and capacity : 1482555576320
2019-09-20 01:07:40,783 [main] INFO  volume.VolumeSet (VolumeSet.java:initializeVolumeSet(170)) - Added Volume : /workdir/hadoop-ozone/integration-test/target/test-dir/MiniOzoneClusterImpl-b9d2aae5-7523-433a-8853-e61f75a3b2d9/datanode-4/data/containers/hdds to VolumeSet
2019-09-20 01:07:40,783 [main] INFO  volume.ThrottledAsyncChecker (ThrottledAsyncChecker.java:schedule(139)) - Scheduling a check for org.apache.hadoop.ozone.container.common.volume.HddsVolume@5ab7ac02
2019-09-20 01:07:40,784 [main] INFO  volume.HddsVolumeChecker (HddsVolumeChecker.java:checkAllVolumes(202)) - Scheduled health check for volume org.apache.hadoop.ozone.container.common.volume.HddsVolume@5ab7ac02
2019-09-20 01:07:40,797 [main] INFO  impl.RaftServerProxy (ConfUtils.java:logGet(43)) - raft.rpc.type = GRPC (default)
2019-09-20 01:07:40,798 [main] INFO  grpc.GrpcFactory (GrpcFactory.java:checkPooledByteBufAllocatorUseCacheForAllThreads(45)) - PERFORMANCE WARNING: useCacheForAllThreads is true that may cause Netty to create a lot garbage objects and, as a result, trigger GC.
	It is recommended to disable useCacheForAllThreads by setting -Dorg.apache.ratis.thirdparty.io.netty.allocator.useCacheForAllThreads=false in command line.
2019-09-20 01:07:40,798 [main] INFO  grpc.GrpcConfigKeys$Server (ConfUtils.java:logGet(43)) - raft.grpc.server.port = 0 (default)
2019-09-20 01:07:40,798 [main] INFO  server.GrpcService (ConfUtils.java:logGet(43)) - raft.grpc.message.size.max = 33570816 (custom)
2019-09-20 01:07:40,798 [main] INFO  server.RaftServerConfigKeys (ConfUtils.java:logGet(43)) - raft.server.log.appender.buffer.byte-limit = 33554432 (custom)
2019-09-20 01:07:40,798 [main] INFO  server.GrpcService (ConfUtils.java:logGet(43)) - raft.grpc.flow.control.window = 1MB (=1048576) (default)
2019-09-20 01:07:40,799 [main] INFO  server.RaftServerConfigKeys (ConfUtils.java:logGet(43)) - raft.server.rpc.request.timeout = 3000ms (default)
2019-09-20 01:07:40,799 [main] INFO  server.RaftServerConfigKeys (ConfUtils.java:logGet(43)) - raft.server.storage.dir = [/workdir/hadoop-ozone/integration-test/target/test-dir/MiniOzoneClusterImpl-b9d2aae5-7523-433a-8853-e61f75a3b2d9/datanode-4/data/ratis] (custom)
2019-09-20 01:07:40,801 [main] INFO  hdfs.DFSUtil (DFSUtil.java:httpServerTemplateForNNAndJN(1641)) - Starting Web-server for hddsDatanode at: http://0.0.0.0:0
2019-09-20 01:07:40,802 [main] INFO  server.AuthenticationFilter (AuthenticationFilter.java:constructSecretProvider(240)) - Unable to initialize FileSignerSecretProvider, falling back to use random secrets.
2019-09-20 01:07:40,803 [main] WARN  http.HttpRequestLog (HttpRequestLog.java:getRequestLog(97)) - Jetty request log can only be enabled using Log4j
2019-09-20 01:07:40,804 [main] INFO  http.HttpServer2 (HttpServer2.java:addGlobalFilter(975)) - Added global filter 'safety' (class=org.apache.hadoop.http.HttpServer2$QuotingInputFilter)
2019-09-20 01:07:40,805 [main] INFO  http.HttpServer2 (HttpServer2.java:addFilter(948)) - Added filter static_user_filter (class=org.apache.hadoop.http.lib.StaticUserWebFilter$StaticUserFilter) to context hddsDatanode
2019-09-20 01:07:40,805 [main] INFO  http.HttpServer2 (HttpServer2.java:addFilter(958)) - Added filter static_user_filter (class=org.apache.hadoop.http.lib.StaticUserWebFilter$StaticUserFilter) to context static
2019-09-20 01:07:40,805 [main] INFO  http.HttpServer2 (HttpServer2.java:addFilter(958)) - Added filter static_user_filter (class=org.apache.hadoop.http.lib.StaticUserWebFilter$StaticUserFilter) to context logs
2019-09-20 01:07:40,806 [main] INFO  http.HttpServer2 (HttpServer2.java:bindListener(1191)) - Jetty bound to port 39061
2019-09-20 01:07:40,806 [main] INFO  server.Server (Server.java:doStart(351)) - jetty-9.3.25.v20180904, build timestamp: 2018-09-04T21:11:46Z, git hash: 3ce520221d0240229c862b122d2b06c12a625732
2019-09-20 01:07:40,808 [main] INFO  handler.ContextHandler (ContextHandler.java:doStart(781)) - Started o.e.j.s.ServletContextHandler@619c3546{/logs,file:///workdir/hadoop-ozone/integration-test/target/log,AVAILABLE}
2019-09-20 01:07:40,808 [main] INFO  handler.ContextHandler (ContextHandler.java:doStart(781)) - Started o.e.j.s.ServletContextHandler@30cafd13{/static,jar:file:/home/user/.m2/repository/org/apache/hadoop/hadoop-hdds-container-service/0.5.0-SNAPSHOT/hadoop-hdds-container-service-0.5.0-SNAPSHOT.jar!/webapps/static,AVAILABLE}
2019-09-20 01:07:40,847 [main] INFO  handler.ContextHandler (ContextHandler.java:doStart(781)) - Started o.e.j.w.WebAppContext@171aa66{/,file:///tmp/jetty-0.0.0.0-39061-hddsDatanode-_-any-1446255834767344079.dir/webapp/,AVAILABLE}{/hddsDatanode}
2019-09-20 01:07:40,847 [main] INFO  server.AbstractConnector (AbstractConnector.java:doStart(278)) - Started ServerConnector@58739e5e{HTTP/1.1,[http/1.1]}{0.0.0.0:39061}
2019-09-20 01:07:40,849 [main] INFO  server.Server (Server.java:doStart(419)) - Started @668182ms
2019-09-20 01:07:40,849 [main] WARN  impl.MetricsSystemImpl (MetricsSystemImpl.java:register(276)) - Sink prometheus already exists!
2019-09-20 01:07:40,850 [main] INFO  server.BaseHttpServer (BaseHttpServer.java:updateConnectorAddress(215)) - HTTP server of HDDSDATANODE is listening at http://0.0.0.0:39061
2019-09-20 01:07:40,850 [main] INFO  impl.MetricsSystemImpl (MetricsSystemImpl.java:init(158)) - HddsDatanode metrics system started (again)
2019-09-20 01:07:40,856 [org.apache.hadoop.util.JvmPauseMonitor$Monitor@75deabc9] INFO  util.JvmPauseMonitor (JvmPauseMonitor.java:run(188)) - Starting JVM pause monitor
2019-09-20 01:07:40,857 [Datanode State Machine Thread - 0] INFO  datanode.InitDatanodeState (InitDatanodeState.java:persistContainerDatanodeDetails(140)) - DatanodeDetails is persisted to /workdir/hadoop-ozone/integration-test/target/test-dir/MiniOzoneClusterImpl-b9d2aae5-7523-433a-8853-e61f75a3b2d9/datanode-4/meta/datanode.id
2019-09-20 01:07:40,857 [main] INFO  ozone.HddsDatanodeService (HddsDatanodeService.java:start(184)) - HddsDatanodeService host:pr-hdds-2150-czsg7-3946154559 ip:192.168.151.120
2019-09-20 01:07:40,863 [main] INFO  volume.HddsVolume (HddsVolume.java:<init>(176)) - Creating Volume: /workdir/hadoop-ozone/integration-test/target/test-dir/MiniOzoneClusterImpl-b9d2aae5-7523-433a-8853-e61f75a3b2d9/datanode-5/data/containers/hdds of  storage type : DISK and capacity : 1482555576320
2019-09-20 01:07:40,864 [main] INFO  volume.VolumeSet (VolumeSet.java:initializeVolumeSet(170)) - Added Volume : /workdir/hadoop-ozone/integration-test/target/test-dir/MiniOzoneClusterImpl-b9d2aae5-7523-433a-8853-e61f75a3b2d9/datanode-5/data/containers/hdds to VolumeSet
2019-09-20 01:07:40,864 [main] INFO  volume.ThrottledAsyncChecker (ThrottledAsyncChecker.java:schedule(139)) - Scheduling a check for org.apache.hadoop.ozone.container.common.volume.HddsVolume@75e0a54c
2019-09-20 01:07:40,864 [main] INFO  volume.HddsVolumeChecker (HddsVolumeChecker.java:checkAllVolumes(202)) - Scheduled health check for volume org.apache.hadoop.ozone.container.common.volume.HddsVolume@75e0a54c
2019-09-20 01:07:40,880 [main] INFO  impl.RaftServerProxy (ConfUtils.java:logGet(43)) - raft.rpc.type = GRPC (default)
2019-09-20 01:07:40,881 [main] INFO  grpc.GrpcFactory (GrpcFactory.java:checkPooledByteBufAllocatorUseCacheForAllThreads(45)) - PERFORMANCE WARNING: useCacheForAllThreads is true that may cause Netty to create a lot garbage objects and, as a result, trigger GC.
	It is recommended to disable useCacheForAllThreads by setting -Dorg.apache.ratis.thirdparty.io.netty.allocator.useCacheForAllThreads=false in command line.
2019-09-20 01:07:40,881 [main] INFO  grpc.GrpcConfigKeys$Server (ConfUtils.java:logGet(43)) - raft.grpc.server.port = 0 (default)
2019-09-20 01:07:40,881 [main] INFO  server.GrpcService (ConfUtils.java:logGet(43)) - raft.grpc.message.size.max = 33570816 (custom)
2019-09-20 01:07:40,881 [main] INFO  server.RaftServerConfigKeys (ConfUtils.java:logGet(43)) - raft.server.log.appender.buffer.byte-limit = 33554432 (custom)
2019-09-20 01:07:40,882 [main] INFO  server.GrpcService (ConfUtils.java:logGet(43)) - raft.grpc.flow.control.window = 1MB (=1048576) (default)
2019-09-20 01:07:40,882 [main] INFO  server.RaftServerConfigKeys (ConfUtils.java:logGet(43)) - raft.server.rpc.request.timeout = 3000ms (default)
2019-09-20 01:07:40,882 [main] INFO  server.RaftServerConfigKeys (ConfUtils.java:logGet(43)) - raft.server.storage.dir = [/workdir/hadoop-ozone/integration-test/target/test-dir/MiniOzoneClusterImpl-b9d2aae5-7523-433a-8853-e61f75a3b2d9/datanode-5/data/ratis] (custom)
2019-09-20 01:07:40,884 [main] INFO  hdfs.DFSUtil (DFSUtil.java:httpServerTemplateForNNAndJN(1641)) - Starting Web-server for hddsDatanode at: http://0.0.0.0:0
2019-09-20 01:07:40,885 [main] INFO  server.AuthenticationFilter (AuthenticationFilter.java:constructSecretProvider(240)) - Unable to initialize FileSignerSecretProvider, falling back to use random secrets.
2019-09-20 01:07:40,886 [main] WARN  http.HttpRequestLog (HttpRequestLog.java:getRequestLog(97)) - Jetty request log can only be enabled using Log4j
2019-09-20 01:07:40,887 [main] INFO  http.HttpServer2 (HttpServer2.java:addGlobalFilter(975)) - Added global filter 'safety' (class=org.apache.hadoop.http.HttpServer2$QuotingInputFilter)
2019-09-20 01:07:40,888 [main] INFO  http.HttpServer2 (HttpServer2.java:addFilter(948)) - Added filter static_user_filter (class=org.apache.hadoop.http.lib.StaticUserWebFilter$StaticUserFilter) to context hddsDatanode
2019-09-20 01:07:40,888 [main] INFO  http.HttpServer2 (HttpServer2.java:addFilter(958)) - Added filter static_user_filter (class=org.apache.hadoop.http.lib.StaticUserWebFilter$StaticUserFilter) to context logs
2019-09-20 01:07:40,888 [main] INFO  http.HttpServer2 (HttpServer2.java:addFilter(958)) - Added filter static_user_filter (class=org.apache.hadoop.http.lib.StaticUserWebFilter$StaticUserFilter) to context static
2019-09-20 01:07:40,889 [main] INFO  http.HttpServer2 (HttpServer2.java:bindListener(1191)) - Jetty bound to port 41115
2019-09-20 01:07:40,889 [main] INFO  server.Server (Server.java:doStart(351)) - jetty-9.3.25.v20180904, build timestamp: 2018-09-04T21:11:46Z, git hash: 3ce520221d0240229c862b122d2b06c12a625732
2019-09-20 01:07:40,891 [main] INFO  handler.ContextHandler (ContextHandler.java:doStart(781)) - Started o.e.j.s.ServletContextHandler@1da75dde{/logs,file:///workdir/hadoop-ozone/integration-test/target/log,AVAILABLE}
2019-09-20 01:07:40,891 [main] INFO  handler.ContextHandler (ContextHandler.java:doStart(781)) - Started o.e.j.s.ServletContextHandler@153cfd86{/static,jar:file:/home/user/.m2/repository/org/apache/hadoop/hadoop-hdds-container-service/0.5.0-SNAPSHOT/hadoop-hdds-container-service-0.5.0-SNAPSHOT.jar!/webapps/static,AVAILABLE}
2019-09-20 01:07:40,921 [main] INFO  handler.ContextHandler (ContextHandler.java:doStart(781)) - Started o.e.j.w.WebAppContext@2a2b7a35{/,file:///tmp/jetty-0.0.0.0-41115-hddsDatanode-_-any-3773555967501704170.dir/webapp/,AVAILABLE}{/hddsDatanode}
2019-09-20 01:07:40,922 [main] INFO  server.AbstractConnector (AbstractConnector.java:doStart(278)) - Started ServerConnector@58186f9f{HTTP/1.1,[http/1.1]}{0.0.0.0:41115}
2019-09-20 01:07:40,924 [main] INFO  server.Server (Server.java:doStart(419)) - Started @668257ms
2019-09-20 01:07:40,924 [main] WARN  impl.MetricsSystemImpl (MetricsSystemImpl.java:register(276)) - Sink prometheus already exists!
2019-09-20 01:07:40,925 [main] INFO  server.BaseHttpServer (BaseHttpServer.java:updateConnectorAddress(215)) - HTTP server of HDDSDATANODE is listening at http://0.0.0.0:41115
2019-09-20 01:07:40,925 [main] INFO  impl.MetricsSystemImpl (MetricsSystemImpl.java:init(158)) - HddsDatanode metrics system started (again)
2019-09-20 01:07:40,931 [org.apache.hadoop.util.JvmPauseMonitor$Monitor@4cd94530] INFO  util.JvmPauseMonitor (JvmPauseMonitor.java:run(188)) - Starting JVM pause monitor
2019-09-20 01:07:40,932 [main] INFO  ozone.HddsDatanodeService (HddsDatanodeService.java:start(184)) - HddsDatanodeService host:pr-hdds-2150-czsg7-3946154559 ip:192.168.151.120
2019-09-20 01:07:40,932 [Datanode State Machine Thread - 0] INFO  datanode.InitDatanodeState (InitDatanodeState.java:persistContainerDatanodeDetails(140)) - DatanodeDetails is persisted to /workdir/hadoop-ozone/integration-test/target/test-dir/MiniOzoneClusterImpl-b9d2aae5-7523-433a-8853-e61f75a3b2d9/datanode-5/meta/datanode.id
2019-09-20 01:07:40,939 [main] INFO  volume.HddsVolume (HddsVolume.java:<init>(176)) - Creating Volume: /workdir/hadoop-ozone/integration-test/target/test-dir/MiniOzoneClusterImpl-b9d2aae5-7523-433a-8853-e61f75a3b2d9/datanode-6/data/containers/hdds of  storage type : DISK and capacity : 1482555576320
2019-09-20 01:07:40,939 [main] INFO  volume.VolumeSet (VolumeSet.java:initializeVolumeSet(170)) - Added Volume : /workdir/hadoop-ozone/integration-test/target/test-dir/MiniOzoneClusterImpl-b9d2aae5-7523-433a-8853-e61f75a3b2d9/datanode-6/data/containers/hdds to VolumeSet
2019-09-20 01:07:40,939 [main] INFO  volume.ThrottledAsyncChecker (ThrottledAsyncChecker.java:schedule(139)) - Scheduling a check for org.apache.hadoop.ozone.container.common.volume.HddsVolume@671d97bc
2019-09-20 01:07:40,940 [main] INFO  volume.HddsVolumeChecker (HddsVolumeChecker.java:checkAllVolumes(202)) - Scheduled health check for volume org.apache.hadoop.ozone.container.common.volume.HddsVolume@671d97bc
2019-09-20 01:07:40,952 [main] INFO  impl.RaftServerProxy (ConfUtils.java:logGet(43)) - raft.rpc.type = GRPC (default)
2019-09-20 01:07:40,952 [main] INFO  grpc.GrpcFactory (GrpcFactory.java:checkPooledByteBufAllocatorUseCacheForAllThreads(45)) - PERFORMANCE WARNING: useCacheForAllThreads is true that may cause Netty to create a lot garbage objects and, as a result, trigger GC.
	It is recommended to disable useCacheForAllThreads by setting -Dorg.apache.ratis.thirdparty.io.netty.allocator.useCacheForAllThreads=false in command line.
2019-09-20 01:07:40,952 [main] INFO  grpc.GrpcConfigKeys$Server (ConfUtils.java:logGet(43)) - raft.grpc.server.port = 0 (default)
2019-09-20 01:07:40,952 [main] INFO  server.GrpcService (ConfUtils.java:logGet(43)) - raft.grpc.message.size.max = 33570816 (custom)
2019-09-20 01:07:40,952 [main] INFO  server.RaftServerConfigKeys (ConfUtils.java:logGet(43)) - raft.server.log.appender.buffer.byte-limit = 33554432 (custom)
2019-09-20 01:07:40,952 [main] INFO  server.GrpcService (ConfUtils.java:logGet(43)) - raft.grpc.flow.control.window = 1MB (=1048576) (default)
2019-09-20 01:07:40,953 [main] INFO  server.RaftServerConfigKeys (ConfUtils.java:logGet(43)) - raft.server.rpc.request.timeout = 3000ms (default)
2019-09-20 01:07:40,953 [main] INFO  server.RaftServerConfigKeys (ConfUtils.java:logGet(43)) - raft.server.storage.dir = [/workdir/hadoop-ozone/integration-test/target/test-dir/MiniOzoneClusterImpl-b9d2aae5-7523-433a-8853-e61f75a3b2d9/datanode-6/data/ratis] (custom)
2019-09-20 01:07:40,954 [main] INFO  hdfs.DFSUtil (DFSUtil.java:httpServerTemplateForNNAndJN(1641)) - Starting Web-server for hddsDatanode at: http://0.0.0.0:0
2019-09-20 01:07:40,955 [main] INFO  server.AuthenticationFilter (AuthenticationFilter.java:constructSecretProvider(240)) - Unable to initialize FileSignerSecretProvider, falling back to use random secrets.
2019-09-20 01:07:40,955 [main] WARN  http.HttpRequestLog (HttpRequestLog.java:getRequestLog(97)) - Jetty request log can only be enabled using Log4j
2019-09-20 01:07:40,956 [main] INFO  http.HttpServer2 (HttpServer2.java:addGlobalFilter(975)) - Added global filter 'safety' (class=org.apache.hadoop.http.HttpServer2$QuotingInputFilter)
2019-09-20 01:07:40,957 [main] INFO  http.HttpServer2 (HttpServer2.java:addFilter(948)) - Added filter static_user_filter (class=org.apache.hadoop.http.lib.StaticUserWebFilter$StaticUserFilter) to context hddsDatanode
2019-09-20 01:07:40,957 [main] INFO  http.HttpServer2 (HttpServer2.java:addFilter(958)) - Added filter static_user_filter (class=org.apache.hadoop.http.lib.StaticUserWebFilter$StaticUserFilter) to context static
2019-09-20 01:07:40,957 [main] INFO  http.HttpServer2 (HttpServer2.java:addFilter(958)) - Added filter static_user_filter (class=org.apache.hadoop.http.lib.StaticUserWebFilter$StaticUserFilter) to context logs
2019-09-20 01:07:40,958 [main] INFO  http.HttpServer2 (HttpServer2.java:bindListener(1191)) - Jetty bound to port 46059
2019-09-20 01:07:40,958 [main] INFO  server.Server (Server.java:doStart(351)) - jetty-9.3.25.v20180904, build timestamp: 2018-09-04T21:11:46Z, git hash: 3ce520221d0240229c862b122d2b06c12a625732
2019-09-20 01:07:40,959 [main] INFO  handler.ContextHandler (ContextHandler.java:doStart(781)) - Started o.e.j.s.ServletContextHandler@6eeb29c0{/logs,file:///workdir/hadoop-ozone/integration-test/target/log,AVAILABLE}
2019-09-20 01:07:40,959 [main] INFO  handler.ContextHandler (ContextHandler.java:doStart(781)) - Started o.e.j.s.ServletContextHandler@6f986501{/static,jar:file:/home/user/.m2/repository/org/apache/hadoop/hadoop-hdds-container-service/0.5.0-SNAPSHOT/hadoop-hdds-container-service-0.5.0-SNAPSHOT.jar!/webapps/static,AVAILABLE}
2019-09-20 01:07:40,985 [main] INFO  handler.ContextHandler (ContextHandler.java:doStart(781)) - Started o.e.j.w.WebAppContext@5486ee92{/,file:///tmp/jetty-0.0.0.0-46059-hddsDatanode-_-any-3221870639761049975.dir/webapp/,AVAILABLE}{/hddsDatanode}
2019-09-20 01:07:40,985 [main] INFO  server.AbstractConnector (AbstractConnector.java:doStart(278)) - Started ServerConnector@20820df0{HTTP/1.1,[http/1.1]}{0.0.0.0:46059}
2019-09-20 01:07:40,987 [main] INFO  server.Server (Server.java:doStart(419)) - Started @668320ms
2019-09-20 01:07:40,987 [main] WARN  impl.MetricsSystemImpl (MetricsSystemImpl.java:register(276)) - Sink prometheus already exists!
2019-09-20 01:07:40,988 [main] INFO  server.BaseHttpServer (BaseHttpServer.java:updateConnectorAddress(215)) - HTTP server of HDDSDATANODE is listening at http://0.0.0.0:46059
2019-09-20 01:07:40,988 [main] INFO  ozone.MiniOzoneClusterImpl (MiniOzoneClusterImpl.java:lambda$waitForClusterToBeReady$0(145)) - Waiting for cluster to be ready. Got 0 of 7 DN Heartbeats.
2019-09-20 01:07:40,989 [org.apache.hadoop.util.JvmPauseMonitor$Monitor@13804405] INFO  util.JvmPauseMonitor (JvmPauseMonitor.java:run(188)) - Starting JVM pause monitor
2019-09-20 01:07:40,990 [Datanode State Machine Thread - 0] INFO  datanode.InitDatanodeState (InitDatanodeState.java:persistContainerDatanodeDetails(140)) - DatanodeDetails is persisted to /workdir/hadoop-ozone/integration-test/target/test-dir/MiniOzoneClusterImpl-b9d2aae5-7523-433a-8853-e61f75a3b2d9/datanode-6/meta/datanode.id
2019-09-20 01:07:41,989 [main] INFO  ozone.MiniOzoneClusterImpl (MiniOzoneClusterImpl.java:lambda$waitForClusterToBeReady$0(145)) - Waiting for cluster to be ready. Got 0 of 7 DN Heartbeats.
2019-09-20 01:07:42,644 [Datanode State Machine Thread - 0] INFO  ozoneimpl.OzoneContainer (OzoneContainer.java:start(217)) - Attempting to start container services.
2019-09-20 01:07:42,645 [Datanode State Machine Thread - 0] INFO  ozoneimpl.OzoneContainer (OzoneContainer.java:startContainerScrub(179)) - Background container scanner has been disabled.
2019-09-20 01:07:42,645 [Datanode State Machine Thread - 0] INFO  ratis.XceiverServerRatis (XceiverServerRatis.java:start(411)) - Starting XceiverServerRatis 117db472-d517-4212-84f1-798145bdd4fe at port 0
2019-09-20 01:07:42,652 [Datanode State Machine Thread - 0] INFO  impl.RaftServerProxy (RaftServerProxy.java:lambda$start$3(299)) - 117db472-d517-4212-84f1-798145bdd4fe: start RPC server
2019-09-20 01:07:42,658 [Datanode State Machine Thread - 0] INFO  server.GrpcService (GrpcService.java:startImpl(158)) - 117db472-d517-4212-84f1-798145bdd4fe: GrpcService started, listening on 0.0.0.0/0.0.0.0:38734
2019-09-20 01:07:42,659 [Datanode State Machine Thread - 0] INFO  ratis.XceiverServerRatis (XceiverServerRatis.java:start(421)) - XceiverServerRatis 117db472-d517-4212-84f1-798145bdd4fe is started using port 38734
2019-09-20 01:07:42,659 [Datanode State Machine Thread - 0] INFO  server.XceiverServerGrpc (XceiverServerGrpc.java:start(163)) - XceiverServerGrpc 117db472-d517-4212-84f1-798145bdd4fe is started using port 39108
2019-09-20 01:07:42,672 [Datanode State Machine Thread - 0] INFO  ozoneimpl.OzoneContainer (OzoneContainer.java:start(217)) - Attempting to start container services.
2019-09-20 01:07:42,672 [Datanode State Machine Thread - 0] INFO  ozoneimpl.OzoneContainer (OzoneContainer.java:startContainerScrub(179)) - Background container scanner has been disabled.
2019-09-20 01:07:42,672 [Datanode State Machine Thread - 0] INFO  ratis.XceiverServerRatis (XceiverServerRatis.java:start(411)) - Starting XceiverServerRatis 063be966-4847-4d82-9ae0-381db0b4ba8b at port 0
2019-09-20 01:07:42,679 [Datanode State Machine Thread - 0] INFO  impl.RaftServerProxy (RaftServerProxy.java:lambda$start$3(299)) - 063be966-4847-4d82-9ae0-381db0b4ba8b: start RPC server
2019-09-20 01:07:42,680 [Datanode State Machine Thread - 0] INFO  server.GrpcService (GrpcService.java:startImpl(158)) - 063be966-4847-4d82-9ae0-381db0b4ba8b: GrpcService started, listening on 0.0.0.0/0.0.0.0:40286
2019-09-20 01:07:42,680 [Datanode State Machine Thread - 0] INFO  ratis.XceiverServerRatis (XceiverServerRatis.java:start(421)) - XceiverServerRatis 063be966-4847-4d82-9ae0-381db0b4ba8b is started using port 40286
2019-09-20 01:07:42,680 [Datanode State Machine Thread - 0] INFO  server.XceiverServerGrpc (XceiverServerGrpc.java:start(163)) - XceiverServerGrpc 063be966-4847-4d82-9ae0-381db0b4ba8b is started using port 39643
2019-09-20 01:07:42,727 [Datanode State Machine Thread - 0] INFO  ozoneimpl.OzoneContainer (OzoneContainer.java:start(217)) - Attempting to start container services.
2019-09-20 01:07:42,727 [Datanode State Machine Thread - 0] INFO  ozoneimpl.OzoneContainer (OzoneContainer.java:startContainerScrub(179)) - Background container scanner has been disabled.
2019-09-20 01:07:42,727 [Datanode State Machine Thread - 0] INFO  ratis.XceiverServerRatis (XceiverServerRatis.java:start(411)) - Starting XceiverServerRatis 809f5201-257f-4963-aae6-d62ea1498496 at port 0
2019-09-20 01:07:42,732 [Datanode State Machine Thread - 0] INFO  impl.RaftServerProxy (RaftServerProxy.java:lambda$start$3(299)) - 809f5201-257f-4963-aae6-d62ea1498496: start RPC server
2019-09-20 01:07:42,735 [Datanode State Machine Thread - 0] INFO  server.GrpcService (GrpcService.java:startImpl(158)) - 809f5201-257f-4963-aae6-d62ea1498496: GrpcService started, listening on 0.0.0.0/0.0.0.0:33730
2019-09-20 01:07:42,735 [Datanode State Machine Thread - 0] INFO  ratis.XceiverServerRatis (XceiverServerRatis.java:start(421)) - XceiverServerRatis 809f5201-257f-4963-aae6-d62ea1498496 is started using port 33730
2019-09-20 01:07:42,735 [Datanode State Machine Thread - 0] INFO  server.XceiverServerGrpc (XceiverServerGrpc.java:start(163)) - XceiverServerGrpc 809f5201-257f-4963-aae6-d62ea1498496 is started using port 36608
2019-09-20 01:07:42,790 [Datanode State Machine Thread - 0] INFO  ozoneimpl.OzoneContainer (OzoneContainer.java:start(217)) - Attempting to start container services.
2019-09-20 01:07:42,790 [Datanode State Machine Thread - 0] INFO  ozoneimpl.OzoneContainer (OzoneContainer.java:startContainerScrub(179)) - Background container scanner has been disabled.
2019-09-20 01:07:42,790 [Datanode State Machine Thread - 0] INFO  ratis.XceiverServerRatis (XceiverServerRatis.java:start(411)) - Starting XceiverServerRatis bd6af757-a6f4-41b6-ac37-208ac1659023 at port 0
2019-09-20 01:07:42,797 [Datanode State Machine Thread - 0] INFO  impl.RaftServerProxy (RaftServerProxy.java:lambda$start$3(299)) - bd6af757-a6f4-41b6-ac37-208ac1659023: start RPC server
2019-09-20 01:07:42,799 [Datanode State Machine Thread - 0] INFO  server.GrpcService (GrpcService.java:startImpl(158)) - bd6af757-a6f4-41b6-ac37-208ac1659023: GrpcService started, listening on 0.0.0.0/0.0.0.0:32908
2019-09-20 01:07:42,799 [Datanode State Machine Thread - 0] INFO  ratis.XceiverServerRatis (XceiverServerRatis.java:start(421)) - XceiverServerRatis bd6af757-a6f4-41b6-ac37-208ac1659023 is started using port 32908
2019-09-20 01:07:42,800 [Datanode State Machine Thread - 0] INFO  server.XceiverServerGrpc (XceiverServerGrpc.java:start(163)) - XceiverServerGrpc bd6af757-a6f4-41b6-ac37-208ac1659023 is started using port 35170
2019-09-20 01:07:42,870 [Datanode State Machine Thread - 0] INFO  ozoneimpl.OzoneContainer (OzoneContainer.java:start(217)) - Attempting to start container services.
2019-09-20 01:07:42,870 [Datanode State Machine Thread - 0] INFO  ozoneimpl.OzoneContainer (OzoneContainer.java:startContainerScrub(179)) - Background container scanner has been disabled.
2019-09-20 01:07:42,870 [Datanode State Machine Thread - 0] INFO  ratis.XceiverServerRatis (XceiverServerRatis.java:start(411)) - Starting XceiverServerRatis 254019d8-3748-4e2e-b6e0-9e9e1011683c at port 0
2019-09-20 01:07:42,877 [Datanode State Machine Thread - 0] INFO  impl.RaftServerProxy (RaftServerProxy.java:lambda$start$3(299)) - 254019d8-3748-4e2e-b6e0-9e9e1011683c: start RPC server
2019-09-20 01:07:42,879 [Datanode State Machine Thread - 0] INFO  server.GrpcService (GrpcService.java:startImpl(158)) - 254019d8-3748-4e2e-b6e0-9e9e1011683c: GrpcService started, listening on 0.0.0.0/0.0.0.0:35108
2019-09-20 01:07:42,879 [Datanode State Machine Thread - 0] INFO  ratis.XceiverServerRatis (XceiverServerRatis.java:start(421)) - XceiverServerRatis 254019d8-3748-4e2e-b6e0-9e9e1011683c is started using port 35108
2019-09-20 01:07:42,879 [Datanode State Machine Thread - 0] INFO  server.XceiverServerGrpc (XceiverServerGrpc.java:start(163)) - XceiverServerGrpc 254019d8-3748-4e2e-b6e0-9e9e1011683c is started using port 40728
2019-09-20 01:07:42,945 [Datanode State Machine Thread - 0] INFO  ozoneimpl.OzoneContainer (OzoneContainer.java:start(217)) - Attempting to start container services.
2019-09-20 01:07:42,945 [Datanode State Machine Thread - 0] INFO  ozoneimpl.OzoneContainer (OzoneContainer.java:startContainerScrub(179)) - Background container scanner has been disabled.
2019-09-20 01:07:42,945 [Datanode State Machine Thread - 0] INFO  ratis.XceiverServerRatis (XceiverServerRatis.java:start(411)) - Starting XceiverServerRatis fb7bf5ec-d7cf-4d54-97ec-dd85076a9577 at port 0
2019-09-20 01:07:42,952 [Datanode State Machine Thread - 0] INFO  impl.RaftServerProxy (RaftServerProxy.java:lambda$start$3(299)) - fb7bf5ec-d7cf-4d54-97ec-dd85076a9577: start RPC server
2019-09-20 01:07:42,953 [Datanode State Machine Thread - 0] INFO  server.GrpcService (GrpcService.java:startImpl(158)) - fb7bf5ec-d7cf-4d54-97ec-dd85076a9577: GrpcService started, listening on 0.0.0.0/0.0.0.0:44615
2019-09-20 01:07:42,953 [Datanode State Machine Thread - 0] INFO  ratis.XceiverServerRatis (XceiverServerRatis.java:start(421)) - XceiverServerRatis fb7bf5ec-d7cf-4d54-97ec-dd85076a9577 is started using port 44615
2019-09-20 01:07:42,962 [Datanode State Machine Thread - 0] INFO  server.XceiverServerGrpc (XceiverServerGrpc.java:start(163)) - XceiverServerGrpc fb7bf5ec-d7cf-4d54-97ec-dd85076a9577 is started using port 36926
2019-09-20 01:07:42,990 [main] INFO  ozone.MiniOzoneClusterImpl (MiniOzoneClusterImpl.java:lambda$waitForClusterToBeReady$0(145)) - Waiting for cluster to be ready. Got 0 of 7 DN Heartbeats.
2019-09-20 01:07:43,004 [Datanode State Machine Thread - 0] INFO  ozoneimpl.OzoneContainer (OzoneContainer.java:start(217)) - Attempting to start container services.
2019-09-20 01:07:43,005 [Datanode State Machine Thread - 0] INFO  ozoneimpl.OzoneContainer (OzoneContainer.java:startContainerScrub(179)) - Background container scanner has been disabled.
2019-09-20 01:07:43,005 [Datanode State Machine Thread - 0] INFO  ratis.XceiverServerRatis (XceiverServerRatis.java:start(411)) - Starting XceiverServerRatis b2789397-81aa-440e-89aa-cc98be636228 at port 0
2019-09-20 01:07:43,012 [Datanode State Machine Thread - 0] INFO  impl.RaftServerProxy (RaftServerProxy.java:lambda$start$3(299)) - b2789397-81aa-440e-89aa-cc98be636228: start RPC server
2019-09-20 01:07:43,012 [Datanode State Machine Thread - 0] INFO  server.GrpcService (GrpcService.java:startImpl(158)) - b2789397-81aa-440e-89aa-cc98be636228: GrpcService started, listening on 0.0.0.0/0.0.0.0:46882
2019-09-20 01:07:43,013 [Datanode State Machine Thread - 0] INFO  ratis.XceiverServerRatis (XceiverServerRatis.java:start(421)) - XceiverServerRatis b2789397-81aa-440e-89aa-cc98be636228 is started using port 46882
2019-09-20 01:07:43,013 [Datanode State Machine Thread - 0] INFO  server.XceiverServerGrpc (XceiverServerGrpc.java:start(163)) - XceiverServerGrpc b2789397-81aa-440e-89aa-cc98be636228 is started using port 38931
2019-09-20 01:07:43,991 [main] INFO  ozone.MiniOzoneClusterImpl (MiniOzoneClusterImpl.java:lambda$waitForClusterToBeReady$0(145)) - Waiting for cluster to be ready. Got 0 of 7 DN Heartbeats.
2019-09-20 01:07:44,598 [IPC Server handler 0 on 43099] INFO  net.NetworkTopology (NetworkTopologyImpl.java:add(111)) - Added a new node: /default-rack/117db472-d517-4212-84f1-798145bdd4fe
2019-09-20 01:07:44,600 [IPC Server handler 0 on 43099] INFO  node.SCMNodeManager (SCMNodeManager.java:register(266)) - Registered Data node : 117db472-d517-4212-84f1-798145bdd4fe{ip: 192.168.151.120, host: pr-hdds-2150-czsg7-3946154559, networkLocation: /default-rack, certSerialId: null}
2019-09-20 01:07:44,601 [EventQueue-NodeRegistrationContainerReportForDataNodeSafeModeRule] INFO  safemode.SCMSafeModeManager (DataNodeSafeModeRule.java:process(71)) - SCM in safe mode. 1 DataNodes registered, 1 required.
2019-09-20 01:07:44,603 [EventQueue-NodeRegistrationContainerReportForDataNodeSafeModeRule] INFO  safemode.SCMSafeModeManager (SCMSafeModeManager.java:validateSafeModeExitRules(177)) - ScmSafeModeManager, all rules are successfully validated
2019-09-20 01:07:44,604 [EventQueue-NodeRegistrationContainerReportForDataNodeSafeModeRule] INFO  safemode.SCMSafeModeManager (SCMSafeModeManager.java:exitSafeMode(193)) - SCM exiting safe mode.
2019-09-20 01:07:44,617 [grpc-default-executor-6] INFO  impl.RaftServerProxy (RaftServerProxy.java:addNew(89)) - 117db472-d517-4212-84f1-798145bdd4fe: addNew group-7FB160F7E46A:[117db472-d517-4212-84f1-798145bdd4fe:192.168.151.120:38734] returns group-7FB160F7E46A:java.util.concurrent.CompletableFuture@3452511d[Not completed]
2019-09-20 01:07:44,620 [pool-589-thread-1] INFO  impl.RaftServerImpl (RaftServerImpl.java:<init>(95)) - 117db472-d517-4212-84f1-798145bdd4fe: new RaftServerImpl for group-7FB160F7E46A:[117db472-d517-4212-84f1-798145bdd4fe:192.168.151.120:38734] with ContainerStateMachine:uninitialized
2019-09-20 01:07:44,621 [pool-589-thread-1] INFO  server.RaftServerConfigKeys (ConfUtils.java:logGet(43)) - raft.server.rpc.timeout.min = 5s (custom)
2019-09-20 01:07:44,621 [pool-589-thread-1] INFO  server.RaftServerConfigKeys (ConfUtils.java:logGet(43)) - raft.server.rpc.timeout.max = 5200ms (custom)
2019-09-20 01:07:44,621 [pool-589-thread-1] INFO  server.RaftServerConfigKeys (ConfUtils.java:logGet(43)) - raft.server.rpcslowness.timeout = 120s (custom)
2019-09-20 01:07:44,621 [pool-589-thread-1] INFO  server.RaftServerConfigKeys (ConfUtils.java:logGet(43)) - raft.server.sleep.deviation.threshold = 300 (default)
2019-09-20 01:07:44,621 [pool-589-thread-1] INFO  server.RaftServerConfigKeys (ConfUtils.java:logGet(43)) - raft.server.log.appender.install.snapshot.enabled = false (custom)
2019-09-20 01:07:44,621 [pool-589-thread-1] INFO  impl.RaftServerImpl (ServerState.java:<init>(103)) - 117db472-d517-4212-84f1-798145bdd4fe@group-7FB160F7E46A: ConfigurationManager, init=-1: [117db472-d517-4212-84f1-798145bdd4fe:192.168.151.120:38734], old=null, confs=<EMPTY_MAP>
2019-09-20 01:07:44,622 [pool-589-thread-1] INFO  server.RaftServerConfigKeys (ConfUtils.java:logGet(43)) - raft.server.storage.dir = [/workdir/hadoop-ozone/integration-test/target/test-dir/MiniOzoneClusterImpl-b9d2aae5-7523-433a-8853-e61f75a3b2d9/datanode-0/data/ratis] (custom)
2019-09-20 01:07:44,622 [pool-589-thread-1] INFO  storage.RaftStorageDirectory (RaftStorageDirectory.java:analyzeStorage(246)) - The storage directory /workdir/hadoop-ozone/integration-test/target/test-dir/MiniOzoneClusterImpl-b9d2aae5-7523-433a-8853-e61f75a3b2d9/datanode-0/data/ratis/0e2be91b-2c86-4373-8aca-7fb160f7e46a does not exist. Creating ...
2019-09-20 01:07:44,636 [pool-589-thread-1] INFO  storage.RaftStorageDirectory (RaftStorageDirectory.java:tryLock(328)) - Lock on /workdir/hadoop-ozone/integration-test/target/test-dir/MiniOzoneClusterImpl-b9d2aae5-7523-433a-8853-e61f75a3b2d9/datanode-0/data/ratis/0e2be91b-2c86-4373-8aca-7fb160f7e46a/in_use.lock acquired by nodename 22440@pr-hdds-2150-czsg7-3946154559
2019-09-20 01:07:44,649 [pool-589-thread-1] INFO  storage.RaftStorage (RaftStorage.java:format(72)) - Storage directory /workdir/hadoop-ozone/integration-test/target/test-dir/MiniOzoneClusterImpl-b9d2aae5-7523-433a-8853-e61f75a3b2d9/datanode-0/data/ratis/0e2be91b-2c86-4373-8aca-7fb160f7e46a has been successfully formatted.
2019-09-20 01:07:44,650 [pool-589-thread-1] INFO  ratis.ContainerStateMachine (ContainerStateMachine.java:loadSnapshot(230)) - group-7FB160F7E46A: The snapshot info is null. Setting the last applied indexto:(t:0, i:~)
2019-09-20 01:07:44,650 [pool-589-thread-1] INFO  server.RaftServerConfigKeys (ConfUtils.java:logGet(43)) - raft.server.notification.no-leader.timeout = 120s (custom)
2019-09-20 01:07:44,650 [pool-589-thread-1] INFO  server.RaftServerConfigKeys (ConfUtils.java:logGet(43)) - raft.server.log.use.memory = false (default)
2019-09-20 01:07:44,650 [pool-589-thread-1] INFO  server.RaftServerConfigKeys (ConfUtils.java:logGet(43)) - raft.server.log.purge.gap = 1000000 (custom)
2019-09-20 01:07:44,650 [pool-589-thread-1] INFO  server.RaftServerConfigKeys (ConfUtils.java:logGet(43)) - raft.server.log.appender.buffer.byte-limit = 33554432 (custom)
2019-09-20 01:07:44,650 [pool-589-thread-1] INFO  server.RaftServerConfigKeys (ConfUtils.java:logGet(43)) - raft.server.log.segment.size.max = 1048576 (custom)
2019-09-20 01:07:44,651 [pool-589-thread-1] INFO  server.RaftServerConfigKeys (ConfUtils.java:logGet(43)) - raft.server.log.segment.cache.num.max = 2 (custom)
2019-09-20 01:07:44,651 [pool-589-thread-1] INFO  segmented.SegmentedRaftLogWorker (SegmentedRaftLogWorker.java:<init>(172)) - new 117db472-d517-4212-84f1-798145bdd4fe@group-7FB160F7E46A-SegmentedRaftLogWorker for RaftStorage:Storage Directory /workdir/hadoop-ozone/integration-test/target/test-dir/MiniOzoneClusterImpl-b9d2aae5-7523-433a-8853-e61f75a3b2d9/datanode-0/data/ratis/0e2be91b-2c86-4373-8aca-7fb160f7e46a
2019-09-20 01:07:44,653 [pool-589-thread-1] INFO  server.RaftServerConfigKeys (ConfUtils.java:logGet(43)) - raft.server.log.queue.byte-limit = 2147483647 (custom)
2019-09-20 01:07:44,653 [pool-589-thread-1] INFO  server.RaftServerConfigKeys (ConfUtils.java:logGet(43)) - raft.server.log.queue.element-limit = 1024 (custom)
2019-09-20 01:07:44,653 [pool-589-thread-1] INFO  server.RaftServerConfigKeys (ConfUtils.java:logGet(43)) - raft.server.log.segment.size.max = 1048576 (custom)
2019-09-20 01:07:44,653 [pool-589-thread-1] INFO  server.RaftServerConfigKeys (ConfUtils.java:logGet(43)) - raft.server.log.preallocated.size = 16384 (custom)
2019-09-20 01:07:44,653 [pool-589-thread-1] INFO  server.RaftServerConfigKeys (ConfUtils.java:logGet(43)) - raft.server.log.write.buffer.size = 33554432 (custom)
2019-09-20 01:07:44,654 [pool-589-thread-1] INFO  server.RaftServerConfigKeys (ConfUtils.java:logGet(43)) - raft.server.log.force.sync.num = 128 (default)
2019-09-20 01:07:44,654 [pool-589-thread-1] INFO  server.RaftServerConfigKeys (ConfUtils.java:logGet(43)) - raft.server.log.statemachine.data.sync = true (default)
2019-09-20 01:07:44,654 [pool-589-thread-1] INFO  server.RaftServerConfigKeys (ConfUtils.java:logGet(43)) - raft.server.log.statemachine.data.sync.timeout = 10s (default)
2019-09-20 01:07:44,654 [pool-589-thread-1] INFO  server.RaftServerConfigKeys (ConfUtils.java:logGet(43)) - raft.server.log.statemachine.data.sync.timeout.retry = -1 (default)
2019-09-20 01:07:44,654 [pool-589-thread-1] INFO  server.RaftServerConfigKeys (ConfUtils.java:logGet(43)) - raft.server.log.statemachine.data.caching.enabled = true (custom)
2019-09-20 01:07:44,655 [pool-589-thread-1] INFO  segmented.SegmentedRaftLogWorker (SegmentedRaftLogWorker.java:lambda$new$0(132)) - 117db472-d517-4212-84f1-798145bdd4fe@group-7FB160F7E46A-SegmentedRaftLogWorker: flushIndex: setUnconditionally 0 -> -1
2019-09-20 01:07:44,655 [pool-589-thread-1] INFO  server.RaftServerConfigKeys (ConfUtils.java:logGet(43)) - raft.server.snapshot.auto.trigger.enabled = true (custom)
2019-09-20 01:07:44,655 [pool-589-thread-1] INFO  server.RaftServerConfigKeys (ConfUtils.java:logGet(43)) - raft.server.snapshot.auto.trigger.threshold = 10000 (custom)
2019-09-20 01:07:44,655 [pool-589-thread-1] INFO  server.RaftServerConfigKeys (ConfUtils.java:logGet(43)) - raft.server.snapshot.retention.num.files = 5 (custom)
2019-09-20 01:07:44,656 [pool-589-thread-1] INFO  server.RaftServerConfigKeys (ConfUtils.java:logGet(43)) - raft.server.retrycache.expirytime = 600000ms (custom)
2019-09-20 01:07:44,656 [IPC Server handler 1 on 43099] INFO  net.NetworkTopology (NetworkTopologyImpl.java:add(111)) - Added a new node: /default-rack/063be966-4847-4d82-9ae0-381db0b4ba8b
2019-09-20 01:07:44,656 [IPC Server handler 1 on 43099] INFO  node.SCMNodeManager (SCMNodeManager.java:register(266)) - Registered Data node : 063be966-4847-4d82-9ae0-381db0b4ba8b{ip: 192.168.151.120, host: pr-hdds-2150-czsg7-3946154559, networkLocation: /default-rack, certSerialId: null}
2019-09-20 01:07:44,657 [pool-589-thread-1] INFO  impl.RaftServerImpl (RaftServerImpl.java:start(185)) - 117db472-d517-4212-84f1-798145bdd4fe@group-7FB160F7E46A: start as a follower, conf=-1: [117db472-d517-4212-84f1-798145bdd4fe:192.168.151.120:38734], old=null
2019-09-20 01:07:44,657 [pool-589-thread-1] INFO  impl.RaftServerImpl (RaftServerImpl.java:setRole(174)) - 117db472-d517-4212-84f1-798145bdd4fe@group-7FB160F7E46A: changes role from      null to FOLLOWER at term 0 for startAsFollower
2019-09-20 01:07:44,657 [pool-589-thread-1] INFO  impl.RoleInfo (RoleInfo.java:updateAndGet(143)) - 117db472-d517-4212-84f1-798145bdd4fe: start FollowerState
2019-09-20 01:07:44,658 [pool-589-thread-1] INFO  util.JmxRegister (JmxRegister.java:tryRegister(44)) - Successfully registered JMX Bean with object name Ratis:service=RaftServer,group=group-7FB160F7E46A,id=117db472-d517-4212-84f1-798145bdd4fe
2019-09-20 01:07:44,661 [RatisPipelineUtilsThread] INFO  pipeline.PipelineStateManager (PipelineStateManager.java:addPipeline(56)) - Created pipeline Pipeline[ Id: 0e2be91b-2c86-4373-8aca-7fb160f7e46a, Nodes: 117db472-d517-4212-84f1-798145bdd4fe{ip: 192.168.151.120, host: pr-hdds-2150-czsg7-3946154559, networkLocation: /default-rack, certSerialId: null}, Type:RATIS, Factor:ONE, State:OPEN]
2019-09-20 01:07:44,667 [grpc-default-executor-6] INFO  impl.RaftServerProxy (RaftServerProxy.java:addNew(89)) - 063be966-4847-4d82-9ae0-381db0b4ba8b: addNew group-94C1816ACF52:[063be966-4847-4d82-9ae0-381db0b4ba8b:192.168.151.120:40286] returns group-94C1816ACF52:java.util.concurrent.CompletableFuture@209f9d17[Not completed]
2019-09-20 01:07:44,669 [pool-599-thread-1] INFO  impl.RaftServerImpl (RaftServerImpl.java:<init>(95)) - 063be966-4847-4d82-9ae0-381db0b4ba8b: new RaftServerImpl for group-94C1816ACF52:[063be966-4847-4d82-9ae0-381db0b4ba8b:192.168.151.120:40286] with ContainerStateMachine:uninitialized
2019-09-20 01:07:44,669 [pool-599-thread-1] INFO  server.RaftServerConfigKeys (ConfUtils.java:logGet(43)) - raft.server.rpc.timeout.min = 5s (custom)
2019-09-20 01:07:44,669 [pool-599-thread-1] INFO  server.RaftServerConfigKeys (ConfUtils.java:logGet(43)) - raft.server.rpc.timeout.max = 5200ms (custom)
2019-09-20 01:07:44,669 [pool-599-thread-1] INFO  server.RaftServerConfigKeys (ConfUtils.java:logGet(43)) - raft.server.rpcslowness.timeout = 120s (custom)
2019-09-20 01:07:44,669 [pool-599-thread-1] INFO  server.RaftServerConfigKeys (ConfUtils.java:logGet(43)) - raft.server.sleep.deviation.threshold = 300 (default)
2019-09-20 01:07:44,669 [pool-599-thread-1] INFO  server.RaftServerConfigKeys (ConfUtils.java:logGet(43)) - raft.server.log.appender.install.snapshot.enabled = false (custom)
2019-09-20 01:07:44,670 [pool-599-thread-1] INFO  impl.RaftServerImpl (ServerState.java:<init>(103)) - 063be966-4847-4d82-9ae0-381db0b4ba8b@group-94C1816ACF52: ConfigurationManager, init=-1: [063be966-4847-4d82-9ae0-381db0b4ba8b:192.168.151.120:40286], old=null, confs=<EMPTY_MAP>
2019-09-20 01:07:44,670 [pool-599-thread-1] INFO  server.RaftServerConfigKeys (ConfUtils.java:logGet(43)) - raft.server.storage.dir = [/workdir/hadoop-ozone/integration-test/target/test-dir/MiniOzoneClusterImpl-b9d2aae5-7523-433a-8853-e61f75a3b2d9/datanode-1/data/ratis] (custom)
2019-09-20 01:07:44,670 [pool-599-thread-1] INFO  storage.RaftStorageDirectory (RaftStorageDirectory.java:analyzeStorage(246)) - The storage directory /workdir/hadoop-ozone/integration-test/target/test-dir/MiniOzoneClusterImpl-b9d2aae5-7523-433a-8853-e61f75a3b2d9/datanode-1/data/ratis/4cc46082-6b96-4432-80e2-94c1816acf52 does not exist. Creating ...
2019-09-20 01:07:44,683 [pool-599-thread-1] INFO  storage.RaftStorageDirectory (RaftStorageDirectory.java:tryLock(328)) - Lock on /workdir/hadoop-ozone/integration-test/target/test-dir/MiniOzoneClusterImpl-b9d2aae5-7523-433a-8853-e61f75a3b2d9/datanode-1/data/ratis/4cc46082-6b96-4432-80e2-94c1816acf52/in_use.lock acquired by nodename 22440@pr-hdds-2150-czsg7-3946154559
2019-09-20 01:07:44,696 [pool-599-thread-1] INFO  storage.RaftStorage (RaftStorage.java:format(72)) - Storage directory /workdir/hadoop-ozone/integration-test/target/test-dir/MiniOzoneClusterImpl-b9d2aae5-7523-433a-8853-e61f75a3b2d9/datanode-1/data/ratis/4cc46082-6b96-4432-80e2-94c1816acf52 has been successfully formatted.
2019-09-20 01:07:44,697 [pool-599-thread-1] INFO  ratis.ContainerStateMachine (ContainerStateMachine.java:loadSnapshot(230)) - group-94C1816ACF52: The snapshot info is null. Setting the last applied indexto:(t:0, i:~)
2019-09-20 01:07:44,697 [pool-599-thread-1] INFO  server.RaftServerConfigKeys (ConfUtils.java:logGet(43)) - raft.server.notification.no-leader.timeout = 120s (custom)
2019-09-20 01:07:44,697 [pool-599-thread-1] INFO  server.RaftServerConfigKeys (ConfUtils.java:logGet(43)) - raft.server.log.use.memory = false (default)
2019-09-20 01:07:44,697 [pool-599-thread-1] INFO  server.RaftServerConfigKeys (ConfUtils.java:logGet(43)) - raft.server.log.purge.gap = 1000000 (custom)
2019-09-20 01:07:44,697 [pool-599-thread-1] INFO  server.RaftServerConfigKeys (ConfUtils.java:logGet(43)) - raft.server.log.appender.buffer.byte-limit = 33554432 (custom)
2019-09-20 01:07:44,697 [pool-599-thread-1] INFO  server.RaftServerConfigKeys (ConfUtils.java:logGet(43)) - raft.server.log.segment.size.max = 1048576 (custom)
2019-09-20 01:07:44,697 [pool-599-thread-1] INFO  server.RaftServerConfigKeys (ConfUtils.java:logGet(43)) - raft.server.log.segment.cache.num.max = 2 (custom)
2019-09-20 01:07:44,698 [pool-599-thread-1] INFO  segmented.SegmentedRaftLogWorker (SegmentedRaftLogWorker.java:<init>(172)) - new 063be966-4847-4d82-9ae0-381db0b4ba8b@group-94C1816ACF52-SegmentedRaftLogWorker for RaftStorage:Storage Directory /workdir/hadoop-ozone/integration-test/target/test-dir/MiniOzoneClusterImpl-b9d2aae5-7523-433a-8853-e61f75a3b2d9/datanode-1/data/ratis/4cc46082-6b96-4432-80e2-94c1816acf52
2019-09-20 01:07:44,699 [pool-599-thread-1] INFO  server.RaftServerConfigKeys (ConfUtils.java:logGet(43)) - raft.server.log.queue.byte-limit = 2147483647 (custom)
2019-09-20 01:07:44,699 [pool-599-thread-1] INFO  server.RaftServerConfigKeys (ConfUtils.java:logGet(43)) - raft.server.log.queue.element-limit = 1024 (custom)
2019-09-20 01:07:44,700 [pool-599-thread-1] INFO  server.RaftServerConfigKeys (ConfUtils.java:logGet(43)) - raft.server.log.segment.size.max = 1048576 (custom)
2019-09-20 01:07:44,700 [pool-599-thread-1] INFO  server.RaftServerConfigKeys (ConfUtils.java:logGet(43)) - raft.server.log.preallocated.size = 16384 (custom)
2019-09-20 01:07:44,700 [pool-599-thread-1] INFO  server.RaftServerConfigKeys (ConfUtils.java:logGet(43)) - raft.server.log.write.buffer.size = 33554432 (custom)
2019-09-20 01:07:44,700 [pool-599-thread-1] INFO  server.RaftServerConfigKeys (ConfUtils.java:logGet(43)) - raft.server.log.force.sync.num = 128 (default)
2019-09-20 01:07:44,700 [pool-599-thread-1] INFO  server.RaftServerConfigKeys (ConfUtils.java:logGet(43)) - raft.server.log.statemachine.data.sync = true (default)
2019-09-20 01:07:44,700 [pool-599-thread-1] INFO  server.RaftServerConfigKeys (ConfUtils.java:logGet(43)) - raft.server.log.statemachine.data.sync.timeout = 10s (default)
2019-09-20 01:07:44,700 [pool-599-thread-1] INFO  server.RaftServerConfigKeys (ConfUtils.java:logGet(43)) - raft.server.log.statemachine.data.sync.timeout.retry = -1 (default)
2019-09-20 01:07:44,701 [pool-599-thread-1] INFO  server.RaftServerConfigKeys (ConfUtils.java:logGet(43)) - raft.server.log.statemachine.data.caching.enabled = true (custom)
2019-09-20 01:07:44,701 [pool-599-thread-1] INFO  segmented.SegmentedRaftLogWorker (SegmentedRaftLogWorker.java:lambda$new$0(132)) - 063be966-4847-4d82-9ae0-381db0b4ba8b@group-94C1816ACF52-SegmentedRaftLogWorker: flushIndex: setUnconditionally 0 -> -1
2019-09-20 01:07:44,701 [pool-599-thread-1] INFO  server.RaftServerConfigKeys (ConfUtils.java:logGet(43)) - raft.server.snapshot.auto.trigger.enabled = true (custom)
2019-09-20 01:07:44,701 [pool-599-thread-1] INFO  server.RaftServerConfigKeys (ConfUtils.java:logGet(43)) - raft.server.snapshot.auto.trigger.threshold = 10000 (custom)
2019-09-20 01:07:44,701 [pool-599-thread-1] INFO  server.RaftServerConfigKeys (ConfUtils.java:logGet(43)) - raft.server.snapshot.retention.num.files = 5 (custom)
2019-09-20 01:07:44,702 [pool-599-thread-1] INFO  server.RaftServerConfigKeys (ConfUtils.java:logGet(43)) - raft.server.retrycache.expirytime = 600000ms (custom)
2019-09-20 01:07:44,703 [pool-599-thread-1] INFO  impl.RaftServerImpl (RaftServerImpl.java:start(185)) - 063be966-4847-4d82-9ae0-381db0b4ba8b@group-94C1816ACF52: start as a follower, conf=-1: [063be966-4847-4d82-9ae0-381db0b4ba8b:192.168.151.120:40286], old=null
2019-09-20 01:07:44,703 [pool-599-thread-1] INFO  impl.RaftServerImpl (RaftServerImpl.java:setRole(174)) - 063be966-4847-4d82-9ae0-381db0b4ba8b@group-94C1816ACF52: changes role from      null to FOLLOWER at term 0 for startAsFollower
2019-09-20 01:07:44,703 [pool-599-thread-1] INFO  impl.RoleInfo (RoleInfo.java:updateAndGet(143)) - 063be966-4847-4d82-9ae0-381db0b4ba8b: start FollowerState
2019-09-20 01:07:44,704 [pool-599-thread-1] INFO  util.JmxRegister (JmxRegister.java:tryRegister(44)) - Successfully registered JMX Bean with object name Ratis:service=RaftServer,group=group-94C1816ACF52,id=063be966-4847-4d82-9ae0-381db0b4ba8b
2019-09-20 01:07:44,706 [RatisPipelineUtilsThread] INFO  pipeline.PipelineStateManager (PipelineStateManager.java:addPipeline(56)) - Created pipeline Pipeline[ Id: 4cc46082-6b96-4432-80e2-94c1816acf52, Nodes: 063be966-4847-4d82-9ae0-381db0b4ba8b{ip: 192.168.151.120, host: pr-hdds-2150-czsg7-3946154559, networkLocation: /default-rack, certSerialId: null}, Type:RATIS, Factor:ONE, State:OPEN]
2019-09-20 01:07:44,713 [IPC Server handler 2 on 43099] INFO  net.NetworkTopology (NetworkTopologyImpl.java:add(111)) - Added a new node: /default-rack/809f5201-257f-4963-aae6-d62ea1498496
2019-09-20 01:07:44,715 [IPC Server handler 2 on 43099] INFO  node.SCMNodeManager (SCMNodeManager.java:register(266)) - Registered Data node : 809f5201-257f-4963-aae6-d62ea1498496{ip: 192.168.151.120, host: pr-hdds-2150-czsg7-3946154559, networkLocation: /default-rack, certSerialId: null}
2019-09-20 01:07:44,720 [grpc-default-executor-6] INFO  impl.RaftServerProxy (RaftServerProxy.java:addNew(89)) - 809f5201-257f-4963-aae6-d62ea1498496: addNew group-73AB37D4B7E0:[809f5201-257f-4963-aae6-d62ea1498496:192.168.151.120:33730] returns group-73AB37D4B7E0:java.util.concurrent.CompletableFuture@1ff34e94[Not completed]
2019-09-20 01:07:44,721 [pool-609-thread-1] INFO  impl.RaftServerImpl (RaftServerImpl.java:<init>(95)) - 809f5201-257f-4963-aae6-d62ea1498496: new RaftServerImpl for group-73AB37D4B7E0:[809f5201-257f-4963-aae6-d62ea1498496:192.168.151.120:33730] with ContainerStateMachine:uninitialized
2019-09-20 01:07:44,721 [pool-609-thread-1] INFO  server.RaftServerConfigKeys (ConfUtils.java:logGet(43)) - raft.server.rpc.timeout.min = 5s (custom)
2019-09-20 01:07:44,721 [pool-609-thread-1] INFO  server.RaftServerConfigKeys (ConfUtils.java:logGet(43)) - raft.server.rpc.timeout.max = 5200ms (custom)
2019-09-20 01:07:44,721 [pool-609-thread-1] INFO  server.RaftServerConfigKeys (ConfUtils.java:logGet(43)) - raft.server.rpcslowness.timeout = 120s (custom)
2019-09-20 01:07:44,721 [pool-609-thread-1] INFO  server.RaftServerConfigKeys (ConfUtils.java:logGet(43)) - raft.server.sleep.deviation.threshold = 300 (default)
2019-09-20 01:07:44,721 [pool-609-thread-1] INFO  server.RaftServerConfigKeys (ConfUtils.java:logGet(43)) - raft.server.log.appender.install.snapshot.enabled = false (custom)
2019-09-20 01:07:44,722 [pool-609-thread-1] INFO  impl.RaftServerImpl (ServerState.java:<init>(103)) - 809f5201-257f-4963-aae6-d62ea1498496@group-73AB37D4B7E0: ConfigurationManager, init=-1: [809f5201-257f-4963-aae6-d62ea1498496:192.168.151.120:33730], old=null, confs=<EMPTY_MAP>
2019-09-20 01:07:44,722 [pool-609-thread-1] INFO  server.RaftServerConfigKeys (ConfUtils.java:logGet(43)) - raft.server.storage.dir = [/workdir/hadoop-ozone/integration-test/target/test-dir/MiniOzoneClusterImpl-b9d2aae5-7523-433a-8853-e61f75a3b2d9/datanode-2/data/ratis] (custom)
2019-09-20 01:07:44,722 [pool-609-thread-1] INFO  storage.RaftStorageDirectory (RaftStorageDirectory.java:analyzeStorage(246)) - The storage directory /workdir/hadoop-ozone/integration-test/target/test-dir/MiniOzoneClusterImpl-b9d2aae5-7523-433a-8853-e61f75a3b2d9/datanode-2/data/ratis/de9c5a42-ffad-45ab-a036-73ab37d4b7e0 does not exist. Creating ...
2019-09-20 01:07:44,735 [pool-609-thread-1] INFO  storage.RaftStorageDirectory (RaftStorageDirectory.java:tryLock(328)) - Lock on /workdir/hadoop-ozone/integration-test/target/test-dir/MiniOzoneClusterImpl-b9d2aae5-7523-433a-8853-e61f75a3b2d9/datanode-2/data/ratis/de9c5a42-ffad-45ab-a036-73ab37d4b7e0/in_use.lock acquired by nodename 22440@pr-hdds-2150-czsg7-3946154559
2019-09-20 01:07:44,738 [pool-609-thread-1] INFO  storage.RaftStorage (RaftStorage.java:format(72)) - Storage directory /workdir/hadoop-ozone/integration-test/target/test-dir/MiniOzoneClusterImpl-b9d2aae5-7523-433a-8853-e61f75a3b2d9/datanode-2/data/ratis/de9c5a42-ffad-45ab-a036-73ab37d4b7e0 has been successfully formatted.
2019-09-20 01:07:44,738 [pool-609-thread-1] INFO  ratis.ContainerStateMachine (ContainerStateMachine.java:loadSnapshot(230)) - group-73AB37D4B7E0: The snapshot info is null. Setting the last applied indexto:(t:0, i:~)
2019-09-20 01:07:44,738 [pool-609-thread-1] INFO  server.RaftServerConfigKeys (ConfUtils.java:logGet(43)) - raft.server.notification.no-leader.timeout = 120s (custom)
2019-09-20 01:07:44,738 [pool-609-thread-1] INFO  server.RaftServerConfigKeys (ConfUtils.java:logGet(43)) - raft.server.log.use.memory = false (default)
2019-09-20 01:07:44,739 [pool-609-thread-1] INFO  server.RaftServerConfigKeys (ConfUtils.java:logGet(43)) - raft.server.log.purge.gap = 1000000 (custom)
2019-09-20 01:07:44,739 [pool-609-thread-1] INFO  server.RaftServerConfigKeys (ConfUtils.java:logGet(43)) - raft.server.log.appender.buffer.byte-limit = 33554432 (custom)
2019-09-20 01:07:44,739 [pool-609-thread-1] INFO  server.RaftServerConfigKeys (ConfUtils.java:logGet(43)) - raft.server.log.segment.size.max = 1048576 (custom)
2019-09-20 01:07:44,739 [pool-609-thread-1] INFO  server.RaftServerConfigKeys (ConfUtils.java:logGet(43)) - raft.server.log.segment.cache.num.max = 2 (custom)
2019-09-20 01:07:44,739 [pool-609-thread-1] INFO  segmented.SegmentedRaftLogWorker (SegmentedRaftLogWorker.java:<init>(172)) - new 809f5201-257f-4963-aae6-d62ea1498496@group-73AB37D4B7E0-SegmentedRaftLogWorker for RaftStorage:Storage Directory /workdir/hadoop-ozone/integration-test/target/test-dir/MiniOzoneClusterImpl-b9d2aae5-7523-433a-8853-e61f75a3b2d9/datanode-2/data/ratis/de9c5a42-ffad-45ab-a036-73ab37d4b7e0
2019-09-20 01:07:44,741 [pool-609-thread-1] INFO  server.RaftServerConfigKeys (ConfUtils.java:logGet(43)) - raft.server.log.queue.byte-limit = 2147483647 (custom)
2019-09-20 01:07:44,741 [pool-609-thread-1] INFO  server.RaftServerConfigKeys (ConfUtils.java:logGet(43)) - raft.server.log.queue.element-limit = 1024 (custom)
2019-09-20 01:07:44,741 [pool-609-thread-1] INFO  server.RaftServerConfigKeys (ConfUtils.java:logGet(43)) - raft.server.log.segment.size.max = 1048576 (custom)
2019-09-20 01:07:44,741 [pool-609-thread-1] INFO  server.RaftServerConfigKeys (ConfUtils.java:logGet(43)) - raft.server.log.preallocated.size = 16384 (custom)
2019-09-20 01:07:44,741 [pool-609-thread-1] INFO  server.RaftServerConfigKeys (ConfUtils.java:logGet(43)) - raft.server.log.write.buffer.size = 33554432 (custom)
2019-09-20 01:07:44,741 [pool-609-thread-1] INFO  server.RaftServerConfigKeys (ConfUtils.java:logGet(43)) - raft.server.log.force.sync.num = 128 (default)
2019-09-20 01:07:44,741 [pool-609-thread-1] INFO  server.RaftServerConfigKeys (ConfUtils.java:logGet(43)) - raft.server.log.statemachine.data.sync = true (default)
2019-09-20 01:07:44,741 [pool-609-thread-1] INFO  server.RaftServerConfigKeys (ConfUtils.java:logGet(43)) - raft.server.log.statemachine.data.sync.timeout = 10s (default)
2019-09-20 01:07:44,742 [pool-609-thread-1] INFO  server.RaftServerConfigKeys (ConfUtils.java:logGet(43)) - raft.server.log.statemachine.data.sync.timeout.retry = -1 (default)
2019-09-20 01:07:44,742 [pool-609-thread-1] INFO  server.RaftServerConfigKeys (ConfUtils.java:logGet(43)) - raft.server.log.statemachine.data.caching.enabled = true (custom)
2019-09-20 01:07:44,742 [pool-609-thread-1] INFO  segmented.SegmentedRaftLogWorker (SegmentedRaftLogWorker.java:lambda$new$0(132)) - 809f5201-257f-4963-aae6-d62ea1498496@group-73AB37D4B7E0-SegmentedRaftLogWorker: flushIndex: setUnconditionally 0 -> -1
2019-09-20 01:07:44,742 [pool-609-thread-1] INFO  server.RaftServerConfigKeys (ConfUtils.java:logGet(43)) - raft.server.snapshot.auto.trigger.enabled = true (custom)
2019-09-20 01:07:44,742 [pool-609-thread-1] INFO  server.RaftServerConfigKeys (ConfUtils.java:logGet(43)) - raft.server.snapshot.auto.trigger.threshold = 10000 (custom)
2019-09-20 01:07:44,743 [pool-609-thread-1] INFO  server.RaftServerConfigKeys (ConfUtils.java:logGet(43)) - raft.server.snapshot.retention.num.files = 5 (custom)
2019-09-20 01:07:44,743 [pool-609-thread-1] INFO  server.RaftServerConfigKeys (ConfUtils.java:logGet(43)) - raft.server.retrycache.expirytime = 600000ms (custom)
2019-09-20 01:07:44,744 [pool-609-thread-1] INFO  impl.RaftServerImpl (RaftServerImpl.java:start(185)) - 809f5201-257f-4963-aae6-d62ea1498496@group-73AB37D4B7E0: start as a follower, conf=-1: [809f5201-257f-4963-aae6-d62ea1498496:192.168.151.120:33730], old=null
2019-09-20 01:07:44,744 [pool-609-thread-1] INFO  impl.RaftServerImpl (RaftServerImpl.java:setRole(174)) - 809f5201-257f-4963-aae6-d62ea1498496@group-73AB37D4B7E0: changes role from      null to FOLLOWER at term 0 for startAsFollower
2019-09-20 01:07:44,744 [pool-609-thread-1] INFO  impl.RoleInfo (RoleInfo.java:updateAndGet(143)) - 809f5201-257f-4963-aae6-d62ea1498496: start FollowerState
2019-09-20 01:07:44,745 [pool-609-thread-1] INFO  util.JmxRegister (JmxRegister.java:tryRegister(44)) - Successfully registered JMX Bean with object name Ratis:service=RaftServer,group=group-73AB37D4B7E0,id=809f5201-257f-4963-aae6-d62ea1498496
2019-09-20 01:07:44,747 [RatisPipelineUtilsThread] INFO  pipeline.PipelineStateManager (PipelineStateManager.java:addPipeline(56)) - Created pipeline Pipeline[ Id: de9c5a42-ffad-45ab-a036-73ab37d4b7e0, Nodes: 809f5201-257f-4963-aae6-d62ea1498496{ip: 192.168.151.120, host: pr-hdds-2150-czsg7-3946154559, networkLocation: /default-rack, certSerialId: null}, Type:RATIS, Factor:ONE, State:OPEN]
2019-09-20 01:07:44,755 [grpc-default-executor-10] INFO  impl.RaftServerProxy (RaftServerProxy.java:addNew(89)) - 063be966-4847-4d82-9ae0-381db0b4ba8b: addNew group-3C57384956DC:[809f5201-257f-4963-aae6-d62ea1498496:192.168.151.120:33730, 063be966-4847-4d82-9ae0-381db0b4ba8b:192.168.151.120:40286, 117db472-d517-4212-84f1-798145bdd4fe:192.168.151.120:38734] returns group-3C57384956DC:java.util.concurrent.CompletableFuture@46e5f0b2[Not completed]
2019-09-20 01:07:44,755 [grpc-default-executor-9] INFO  impl.RaftServerProxy (RaftServerProxy.java:addNew(89)) - 117db472-d517-4212-84f1-798145bdd4fe: addNew group-3C57384956DC:[809f5201-257f-4963-aae6-d62ea1498496:192.168.151.120:33730, 063be966-4847-4d82-9ae0-381db0b4ba8b:192.168.151.120:40286, 117db472-d517-4212-84f1-798145bdd4fe:192.168.151.120:38734] returns group-3C57384956DC:java.util.concurrent.CompletableFuture@5f75aae5[Not completed]
2019-09-20 01:07:44,755 [grpc-default-executor-6] INFO  impl.RaftServerProxy (RaftServerProxy.java:addNew(89)) - 809f5201-257f-4963-aae6-d62ea1498496: addNew group-3C57384956DC:[809f5201-257f-4963-aae6-d62ea1498496:192.168.151.120:33730, 063be966-4847-4d82-9ae0-381db0b4ba8b:192.168.151.120:40286, 117db472-d517-4212-84f1-798145bdd4fe:192.168.151.120:38734] returns group-3C57384956DC:java.util.concurrent.CompletableFuture@5af7cb69[Not completed]
2019-09-20 01:07:44,757 [pool-599-thread-1] INFO  impl.RaftServerImpl (RaftServerImpl.java:<init>(95)) - 063be966-4847-4d82-9ae0-381db0b4ba8b: new RaftServerImpl for group-3C57384956DC:[809f5201-257f-4963-aae6-d62ea1498496:192.168.151.120:33730, 063be966-4847-4d82-9ae0-381db0b4ba8b:192.168.151.120:40286, 117db472-d517-4212-84f1-798145bdd4fe:192.168.151.120:38734] with ContainerStateMachine:uninitialized
2019-09-20 01:07:44,757 [pool-599-thread-1] INFO  server.RaftServerConfigKeys (ConfUtils.java:logGet(43)) - raft.server.rpc.timeout.min = 5s (custom)
2019-09-20 01:07:44,757 [pool-599-thread-1] INFO  server.RaftServerConfigKeys (ConfUtils.java:logGet(43)) - raft.server.rpc.timeout.max = 5200ms (custom)
2019-09-20 01:07:44,757 [pool-609-thread-1] INFO  impl.RaftServerImpl (RaftServerImpl.java:<init>(95)) - 809f5201-257f-4963-aae6-d62ea1498496: new RaftServerImpl for group-3C57384956DC:[809f5201-257f-4963-aae6-d62ea1498496:192.168.151.120:33730, 063be966-4847-4d82-9ae0-381db0b4ba8b:192.168.151.120:40286, 117db472-d517-4212-84f1-798145bdd4fe:192.168.151.120:38734] with ContainerStateMachine:uninitialized
2019-09-20 01:07:44,757 [pool-599-thread-1] INFO  server.RaftServerConfigKeys (ConfUtils.java:logGet(43)) - raft.server.rpcslowness.timeout = 120s (custom)
2019-09-20 01:07:44,757 [pool-609-thread-1] INFO  server.RaftServerConfigKeys (ConfUtils.java:logGet(43)) - raft.server.rpc.timeout.min = 5s (custom)
2019-09-20 01:07:44,758 [pool-599-thread-1] INFO  server.RaftServerConfigKeys (ConfUtils.java:logGet(43)) - raft.server.sleep.deviation.threshold = 300 (default)
2019-09-20 01:07:44,758 [pool-609-thread-1] INFO  server.RaftServerConfigKeys (ConfUtils.java:logGet(43)) - raft.server.rpc.timeout.max = 5200ms (custom)
2019-09-20 01:07:44,758 [pool-599-thread-1] INFO  server.RaftServerConfigKeys (ConfUtils.java:logGet(43)) - raft.server.log.appender.install.snapshot.enabled = false (custom)
2019-09-20 01:07:44,758 [pool-589-thread-1] INFO  impl.RaftServerImpl (RaftServerImpl.java:<init>(95)) - 117db472-d517-4212-84f1-798145bdd4fe: new RaftServerImpl for group-3C57384956DC:[809f5201-257f-4963-aae6-d62ea1498496:192.168.151.120:33730, 063be966-4847-4d82-9ae0-381db0b4ba8b:192.168.151.120:40286, 117db472-d517-4212-84f1-798145bdd4fe:192.168.151.120:38734] with ContainerStateMachine:uninitialized
2019-09-20 01:07:44,758 [pool-609-thread-1] INFO  server.RaftServerConfigKeys (ConfUtils.java:logGet(43)) - raft.server.rpcslowness.timeout = 120s (custom)
2019-09-20 01:07:44,758 [pool-589-thread-1] INFO  server.RaftServerConfigKeys (ConfUtils.java:logGet(43)) - raft.server.rpc.timeout.min = 5s (custom)
2019-09-20 01:07:44,758 [pool-599-thread-1] INFO  impl.RaftServerImpl (ServerState.java:<init>(103)) - 063be966-4847-4d82-9ae0-381db0b4ba8b@group-3C57384956DC: ConfigurationManager, init=-1: [809f5201-257f-4963-aae6-d62ea1498496:192.168.151.120:33730, 063be966-4847-4d82-9ae0-381db0b4ba8b:192.168.151.120:40286, 117db472-d517-4212-84f1-798145bdd4fe:192.168.151.120:38734], old=null, confs=<EMPTY_MAP>
2019-09-20 01:07:44,758 [pool-589-thread-1] INFO  server.RaftServerConfigKeys (ConfUtils.java:logGet(43)) - raft.server.rpc.timeout.max = 5200ms (custom)
2019-09-20 01:07:44,758 [pool-609-thread-1] INFO  server.RaftServerConfigKeys (ConfUtils.java:logGet(43)) - raft.server.sleep.deviation.threshold = 300 (default)
2019-09-20 01:07:44,759 [pool-589-thread-1] INFO  server.RaftServerConfigKeys (ConfUtils.java:logGet(43)) - raft.server.rpcslowness.timeout = 120s (custom)
2019-09-20 01:07:44,759 [pool-599-thread-1] INFO  server.RaftServerConfigKeys (ConfUtils.java:logGet(43)) - raft.server.storage.dir = [/workdir/hadoop-ozone/integration-test/target/test-dir/MiniOzoneClusterImpl-b9d2aae5-7523-433a-8853-e61f75a3b2d9/datanode-1/data/ratis] (custom)
2019-09-20 01:07:44,759 [pool-589-thread-1] INFO  server.RaftServerConfigKeys (ConfUtils.java:logGet(43)) - raft.server.sleep.deviation.threshold = 300 (default)
2019-09-20 01:07:44,759 [pool-609-thread-1] INFO  server.RaftServerConfigKeys (ConfUtils.java:logGet(43)) - raft.server.log.appender.install.snapshot.enabled = false (custom)
2019-09-20 01:07:44,759 [pool-589-thread-1] INFO  server.RaftServerConfigKeys (ConfUtils.java:logGet(43)) - raft.server.log.appender.install.snapshot.enabled = false (custom)
2019-09-20 01:07:44,759 [pool-599-thread-1] INFO  storage.RaftStorageDirectory (RaftStorageDirectory.java:analyzeStorage(246)) - The storage directory /workdir/hadoop-ozone/integration-test/target/test-dir/MiniOzoneClusterImpl-b9d2aae5-7523-433a-8853-e61f75a3b2d9/datanode-1/data/ratis/2fb24749-56ae-4ee3-ba0e-3c57384956dc does not exist. Creating ...
2019-09-20 01:07:44,759 [pool-609-thread-1] INFO  impl.RaftServerImpl (ServerState.java:<init>(103)) - 809f5201-257f-4963-aae6-d62ea1498496@group-3C57384956DC: ConfigurationManager, init=-1: [809f5201-257f-4963-aae6-d62ea1498496:192.168.151.120:33730, 063be966-4847-4d82-9ae0-381db0b4ba8b:192.168.151.120:40286, 117db472-d517-4212-84f1-798145bdd4fe:192.168.151.120:38734], old=null, confs=<EMPTY_MAP>
2019-09-20 01:07:44,759 [pool-589-thread-1] INFO  impl.RaftServerImpl (ServerState.java:<init>(103)) - 117db472-d517-4212-84f1-798145bdd4fe@group-3C57384956DC: ConfigurationManager, init=-1: [809f5201-257f-4963-aae6-d62ea1498496:192.168.151.120:33730, 063be966-4847-4d82-9ae0-381db0b4ba8b:192.168.151.120:40286, 117db472-d517-4212-84f1-798145bdd4fe:192.168.151.120:38734], old=null, confs=<EMPTY_MAP>
2019-09-20 01:07:44,760 [pool-609-thread-1] INFO  server.RaftServerConfigKeys (ConfUtils.java:logGet(43)) - raft.server.storage.dir = [/workdir/hadoop-ozone/integration-test/target/test-dir/MiniOzoneClusterImpl-b9d2aae5-7523-433a-8853-e61f75a3b2d9/datanode-2/data/ratis] (custom)
2019-09-20 01:07:44,760 [pool-589-thread-1] INFO  server.RaftServerConfigKeys (ConfUtils.java:logGet(43)) - raft.server.storage.dir = [/workdir/hadoop-ozone/integration-test/target/test-dir/MiniOzoneClusterImpl-b9d2aae5-7523-433a-8853-e61f75a3b2d9/datanode-0/data/ratis] (custom)
2019-09-20 01:07:44,760 [pool-609-thread-1] INFO  storage.RaftStorageDirectory (RaftStorageDirectory.java:analyzeStorage(246)) - The storage directory /workdir/hadoop-ozone/integration-test/target/test-dir/MiniOzoneClusterImpl-b9d2aae5-7523-433a-8853-e61f75a3b2d9/datanode-2/data/ratis/2fb24749-56ae-4ee3-ba0e-3c57384956dc does not exist. Creating ...
2019-09-20 01:07:44,760 [pool-589-thread-1] INFO  storage.RaftStorageDirectory (RaftStorageDirectory.java:analyzeStorage(246)) - The storage directory /workdir/hadoop-ozone/integration-test/target/test-dir/MiniOzoneClusterImpl-b9d2aae5-7523-433a-8853-e61f75a3b2d9/datanode-0/data/ratis/2fb24749-56ae-4ee3-ba0e-3c57384956dc does not exist. Creating ...
2019-09-20 01:07:44,769 [pool-609-thread-1] INFO  storage.RaftStorageDirectory (RaftStorageDirectory.java:tryLock(328)) - Lock on /workdir/hadoop-ozone/integration-test/target/test-dir/MiniOzoneClusterImpl-b9d2aae5-7523-433a-8853-e61f75a3b2d9/datanode-2/data/ratis/2fb24749-56ae-4ee3-ba0e-3c57384956dc/in_use.lock acquired by nodename 22440@pr-hdds-2150-czsg7-3946154559
2019-09-20 01:07:44,769 [pool-589-thread-1] INFO  storage.RaftStorageDirectory (RaftStorageDirectory.java:tryLock(328)) - Lock on /workdir/hadoop-ozone/integration-test/target/test-dir/MiniOzoneClusterImpl-b9d2aae5-7523-433a-8853-e61f75a3b2d9/datanode-0/data/ratis/2fb24749-56ae-4ee3-ba0e-3c57384956dc/in_use.lock acquired by nodename 22440@pr-hdds-2150-czsg7-3946154559
2019-09-20 01:07:44,769 [pool-599-thread-1] INFO  storage.RaftStorageDirectory (RaftStorageDirectory.java:tryLock(328)) - Lock on /workdir/hadoop-ozone/integration-test/target/test-dir/MiniOzoneClusterImpl-b9d2aae5-7523-433a-8853-e61f75a3b2d9/datanode-1/data/ratis/2fb24749-56ae-4ee3-ba0e-3c57384956dc/in_use.lock acquired by nodename 22440@pr-hdds-2150-czsg7-3946154559
2019-09-20 01:07:44,776 [IPC Server handler 3 on 43099] INFO  net.NetworkTopology (NetworkTopologyImpl.java:add(111)) - Added a new node: /default-rack/bd6af757-a6f4-41b6-ac37-208ac1659023
2019-09-20 01:07:44,777 [IPC Server handler 3 on 43099] INFO  node.SCMNodeManager (SCMNodeManager.java:register(266)) - Registered Data node : bd6af757-a6f4-41b6-ac37-208ac1659023{ip: 192.168.151.120, host: pr-hdds-2150-czsg7-3946154559, networkLocation: /default-rack, certSerialId: null}
2019-09-20 01:07:44,782 [pool-609-thread-1] INFO  storage.RaftStorage (RaftStorage.java:format(72)) - Storage directory /workdir/hadoop-ozone/integration-test/target/test-dir/MiniOzoneClusterImpl-b9d2aae5-7523-433a-8853-e61f75a3b2d9/datanode-2/data/ratis/2fb24749-56ae-4ee3-ba0e-3c57384956dc has been successfully formatted.
2019-09-20 01:07:44,782 [pool-589-thread-1] INFO  storage.RaftStorage (RaftStorage.java:format(72)) - Storage directory /workdir/hadoop-ozone/integration-test/target/test-dir/MiniOzoneClusterImpl-b9d2aae5-7523-433a-8853-e61f75a3b2d9/datanode-0/data/ratis/2fb24749-56ae-4ee3-ba0e-3c57384956dc has been successfully formatted.
2019-09-20 01:07:44,782 [pool-609-thread-1] INFO  ratis.ContainerStateMachine (ContainerStateMachine.java:loadSnapshot(230)) - group-3C57384956DC: The snapshot info is null. Setting the last applied indexto:(t:0, i:~)
2019-09-20 01:07:44,783 [pool-589-thread-1] INFO  ratis.ContainerStateMachine (ContainerStateMachine.java:loadSnapshot(230)) - group-3C57384956DC: The snapshot info is null. Setting the last applied indexto:(t:0, i:~)
2019-09-20 01:07:44,782 [pool-599-thread-1] INFO  storage.RaftStorage (RaftStorage.java:format(72)) - Storage directory /workdir/hadoop-ozone/integration-test/target/test-dir/MiniOzoneClusterImpl-b9d2aae5-7523-433a-8853-e61f75a3b2d9/datanode-1/data/ratis/2fb24749-56ae-4ee3-ba0e-3c57384956dc has been successfully formatted.
2019-09-20 01:07:44,783 [pool-589-thread-1] INFO  server.RaftServerConfigKeys (ConfUtils.java:logGet(43)) - raft.server.notification.no-leader.timeout = 120s (custom)
2019-09-20 01:07:44,783 [pool-599-thread-1] INFO  ratis.ContainerStateMachine (ContainerStateMachine.java:loadSnapshot(230)) - group-3C57384956DC: The snapshot info is null. Setting the last applied indexto:(t:0, i:~)
2019-09-20 01:07:44,783 [pool-609-thread-1] INFO  server.RaftServerConfigKeys (ConfUtils.java:logGet(43)) - raft.server.notification.no-leader.timeout = 120s (custom)
2019-09-20 01:07:44,783 [pool-599-thread-1] INFO  server.RaftServerConfigKeys (ConfUtils.java:logGet(43)) - raft.server.notification.no-leader.timeout = 120s (custom)
2019-09-20 01:07:44,783 [pool-589-thread-1] INFO  server.RaftServerConfigKeys (ConfUtils.java:logGet(43)) - raft.server.log.use.memory = false (default)
2019-09-20 01:07:44,784 [pool-599-thread-1] INFO  server.RaftServerConfigKeys (ConfUtils.java:logGet(43)) - raft.server.log.use.memory = false (default)
2019-09-20 01:07:44,783 [pool-609-thread-1] INFO  server.RaftServerConfigKeys (ConfUtils.java:logGet(43)) - raft.server.log.use.memory = false (default)
2019-09-20 01:07:44,784 [pool-599-thread-1] INFO  server.RaftServerConfigKeys (ConfUtils.java:logGet(43)) - raft.server.log.purge.gap = 1000000 (custom)
2019-09-20 01:07:44,784 [pool-589-thread-1] INFO  server.RaftServerConfigKeys (ConfUtils.java:logGet(43)) - raft.server.log.purge.gap = 1000000 (custom)
2019-09-20 01:07:44,784 [pool-599-thread-1] INFO  server.RaftServerConfigKeys (ConfUtils.java:logGet(43)) - raft.server.log.appender.buffer.byte-limit = 33554432 (custom)
2019-09-20 01:07:44,784 [pool-609-thread-1] INFO  server.RaftServerConfigKeys (ConfUtils.java:logGet(43)) - raft.server.log.purge.gap = 1000000 (custom)
2019-09-20 01:07:44,784 [pool-599-thread-1] INFO  server.RaftServerConfigKeys (ConfUtils.java:logGet(43)) - raft.server.log.segment.size.max = 1048576 (custom)
2019-09-20 01:07:44,784 [pool-589-thread-1] INFO  server.RaftServerConfigKeys (ConfUtils.java:logGet(43)) - raft.server.log.appender.buffer.byte-limit = 33554432 (custom)
2019-09-20 01:07:44,785 [pool-599-thread-1] INFO  server.RaftServerConfigKeys (ConfUtils.java:logGet(43)) - raft.server.log.segment.cache.num.max = 2 (custom)
2019-09-20 01:07:44,784 [pool-609-thread-1] INFO  server.RaftServerConfigKeys (ConfUtils.java:logGet(43)) - raft.server.log.appender.buffer.byte-limit = 33554432 (custom)
2019-09-20 01:07:44,785 [pool-599-thread-1] INFO  segmented.SegmentedRaftLogWorker (SegmentedRaftLogWorker.java:<init>(172)) - new 063be966-4847-4d82-9ae0-381db0b4ba8b@group-3C57384956DC-SegmentedRaftLogWorker for RaftStorage:Storage Directory /workdir/hadoop-ozone/integration-test/target/test-dir/MiniOzoneClusterImpl-b9d2aae5-7523-433a-8853-e61f75a3b2d9/datanode-1/data/ratis/2fb24749-56ae-4ee3-ba0e-3c57384956dc
2019-09-20 01:07:44,785 [pool-589-thread-1] INFO  server.RaftServerConfigKeys (ConfUtils.java:logGet(43)) - raft.server.log.segment.size.max = 1048576 (custom)
2019-09-20 01:07:44,785 [pool-599-thread-1] INFO  server.RaftServerConfigKeys (ConfUtils.java:logGet(43)) - raft.server.log.queue.byte-limit = 2147483647 (custom)
2019-09-20 01:07:44,785 [pool-609-thread-1] INFO  server.RaftServerConfigKeys (ConfUtils.java:logGet(43)) - raft.server.log.segment.size.max = 1048576 (custom)
2019-09-20 01:07:44,785 [pool-599-thread-1] INFO  server.RaftServerConfigKeys (ConfUtils.java:logGet(43)) - raft.server.log.queue.element-limit = 1024 (custom)
2019-09-20 01:07:44,785 [pool-589-thread-1] INFO  server.RaftServerConfigKeys (ConfUtils.java:logGet(43)) - raft.server.log.segment.cache.num.max = 2 (custom)
2019-09-20 01:07:44,786 [pool-599-thread-1] INFO  server.RaftServerConfigKeys (ConfUtils.java:logGet(43)) - raft.server.log.segment.size.max = 1048576 (custom)
2019-09-20 01:07:44,785 [pool-609-thread-1] INFO  server.RaftServerConfigKeys (ConfUtils.java:logGet(43)) - raft.server.log.segment.cache.num.max = 2 (custom)
2019-09-20 01:07:44,786 [pool-599-thread-1] INFO  server.RaftServerConfigKeys (ConfUtils.java:logGet(43)) - raft.server.log.preallocated.size = 16384 (custom)
2019-09-20 01:07:44,786 [pool-589-thread-1] INFO  segmented.SegmentedRaftLogWorker (SegmentedRaftLogWorker.java:<init>(172)) - new 117db472-d517-4212-84f1-798145bdd4fe@group-3C57384956DC-SegmentedRaftLogWorker for RaftStorage:Storage Directory /workdir/hadoop-ozone/integration-test/target/test-dir/MiniOzoneClusterImpl-b9d2aae5-7523-433a-8853-e61f75a3b2d9/datanode-0/data/ratis/2fb24749-56ae-4ee3-ba0e-3c57384956dc
2019-09-20 01:07:44,786 [pool-599-thread-1] INFO  server.RaftServerConfigKeys (ConfUtils.java:logGet(43)) - raft.server.log.write.buffer.size = 33554432 (custom)
2019-09-20 01:07:44,786 [pool-609-thread-1] INFO  segmented.SegmentedRaftLogWorker (SegmentedRaftLogWorker.java:<init>(172)) - new 809f5201-257f-4963-aae6-d62ea1498496@group-3C57384956DC-SegmentedRaftLogWorker for RaftStorage:Storage Directory /workdir/hadoop-ozone/integration-test/target/test-dir/MiniOzoneClusterImpl-b9d2aae5-7523-433a-8853-e61f75a3b2d9/datanode-2/data/ratis/2fb24749-56ae-4ee3-ba0e-3c57384956dc
2019-09-20 01:07:44,786 [pool-599-thread-1] INFO  server.RaftServerConfigKeys (ConfUtils.java:logGet(43)) - raft.server.log.force.sync.num = 128 (default)
2019-09-20 01:07:44,787 [pool-599-thread-1] INFO  server.RaftServerConfigKeys (ConfUtils.java:logGet(43)) - raft.server.log.statemachine.data.sync = true (default)
2019-09-20 01:07:44,786 [pool-589-thread-1] INFO  server.RaftServerConfigKeys (ConfUtils.java:logGet(43)) - raft.server.log.queue.byte-limit = 2147483647 (custom)
2019-09-20 01:07:44,787 [pool-599-thread-1] INFO  server.RaftServerConfigKeys (ConfUtils.java:logGet(43)) - raft.server.log.statemachine.data.sync.timeout = 10s (default)
2019-09-20 01:07:44,787 [pool-609-thread-1] INFO  server.RaftServerConfigKeys (ConfUtils.java:logGet(43)) - raft.server.log.queue.byte-limit = 2147483647 (custom)
2019-09-20 01:07:44,787 [pool-599-thread-1] INFO  server.RaftServerConfigKeys (ConfUtils.java:logGet(43)) - raft.server.log.statemachine.data.sync.timeout.retry = -1 (default)
2019-09-20 01:07:44,787 [pool-589-thread-1] INFO  server.RaftServerConfigKeys (ConfUtils.java:logGet(43)) - raft.server.log.queue.element-limit = 1024 (custom)
2019-09-20 01:07:44,787 [pool-599-thread-1] INFO  server.RaftServerConfigKeys (ConfUtils.java:logGet(43)) - raft.server.log.statemachine.data.caching.enabled = true (custom)
2019-09-20 01:07:44,787 [pool-609-thread-1] INFO  server.RaftServerConfigKeys (ConfUtils.java:logGet(43)) - raft.server.log.queue.element-limit = 1024 (custom)
2019-09-20 01:07:44,788 [pool-589-thread-1] INFO  server.RaftServerConfigKeys (ConfUtils.java:logGet(43)) - raft.server.log.segment.size.max = 1048576 (custom)
2019-09-20 01:07:44,788 [pool-599-thread-1] INFO  segmented.SegmentedRaftLogWorker (SegmentedRaftLogWorker.java:lambda$new$0(132)) - 063be966-4847-4d82-9ae0-381db0b4ba8b@group-3C57384956DC-SegmentedRaftLogWorker: flushIndex: setUnconditionally 0 -> -1
2019-09-20 01:07:44,788 [pool-609-thread-1] INFO  server.RaftServerConfigKeys (ConfUtils.java:logGet(43)) - raft.server.log.segment.size.max = 1048576 (custom)
2019-09-20 01:07:44,788 [pool-589-thread-1] INFO  server.RaftServerConfigKeys (ConfUtils.java:logGet(43)) - raft.server.log.preallocated.size = 16384 (custom)
2019-09-20 01:07:44,788 [pool-599-thread-1] INFO  server.RaftServerConfigKeys (ConfUtils.java:logGet(43)) - raft.server.snapshot.auto.trigger.enabled = true (custom)
2019-09-20 01:07:44,788 [pool-609-thread-1] INFO  server.RaftServerConfigKeys (ConfUtils.java:logGet(43)) - raft.server.log.preallocated.size = 16384 (custom)
2019-09-20 01:07:44,788 [pool-599-thread-1] INFO  server.RaftServerConfigKeys (ConfUtils.java:logGet(43)) - raft.server.snapshot.auto.trigger.threshold = 10000 (custom)
2019-09-20 01:07:44,789 [pool-599-thread-1] INFO  server.RaftServerConfigKeys (ConfUtils.java:logGet(43)) - raft.server.snapshot.retention.num.files = 5 (custom)
2019-09-20 01:07:44,788 [pool-589-thread-1] INFO  server.RaftServerConfigKeys (ConfUtils.java:logGet(43)) - raft.server.log.write.buffer.size = 33554432 (custom)
2019-09-20 01:07:44,789 [pool-599-thread-1] INFO  server.RaftServerConfigKeys (ConfUtils.java:logGet(43)) - raft.server.retrycache.expirytime = 600000ms (custom)
2019-09-20 01:07:44,789 [pool-609-thread-1] INFO  server.RaftServerConfigKeys (ConfUtils.java:logGet(43)) - raft.server.log.write.buffer.size = 33554432 (custom)
2019-09-20 01:07:44,789 [pool-589-thread-1] INFO  server.RaftServerConfigKeys (ConfUtils.java:logGet(43)) - raft.server.log.force.sync.num = 128 (default)
2019-09-20 01:07:44,789 [pool-609-thread-1] INFO  server.RaftServerConfigKeys (ConfUtils.java:logGet(43)) - raft.server.log.force.sync.num = 128 (default)
2019-09-20 01:07:44,789 [pool-589-thread-1] INFO  server.RaftServerConfigKeys (ConfUtils.java:logGet(43)) - raft.server.log.statemachine.data.sync = true (default)
2019-09-20 01:07:44,789 [pool-609-thread-1] INFO  server.RaftServerConfigKeys (ConfUtils.java:logGet(43)) - raft.server.log.statemachine.data.sync = true (default)
2019-09-20 01:07:44,790 [pool-589-thread-1] INFO  server.RaftServerConfigKeys (ConfUtils.java:logGet(43)) - raft.server.log.statemachine.data.sync.timeout = 10s (default)
2019-09-20 01:07:44,790 [pool-609-thread-1] INFO  server.RaftServerConfigKeys (ConfUtils.java:logGet(43)) - raft.server.log.statemachine.data.sync.timeout = 10s (default)
2019-09-20 01:07:44,790 [pool-589-thread-1] INFO  server.RaftServerConfigKeys (ConfUtils.java:logGet(43)) - raft.server.log.statemachine.data.sync.timeout.retry = -1 (default)
2019-09-20 01:07:44,790 [pool-609-thread-1] INFO  server.RaftServerConfigKeys (ConfUtils.java:logGet(43)) - raft.server.log.statemachine.data.sync.timeout.retry = -1 (default)
2019-09-20 01:07:44,790 [pool-589-thread-1] INFO  server.RaftServerConfigKeys (ConfUtils.java:logGet(43)) - raft.server.log.statemachine.data.caching.enabled = true (custom)
2019-09-20 01:07:44,790 [pool-609-thread-1] INFO  server.RaftServerConfigKeys (ConfUtils.java:logGet(43)) - raft.server.log.statemachine.data.caching.enabled = true (custom)
2019-09-20 01:07:44,790 [pool-589-thread-1] INFO  segmented.SegmentedRaftLogWorker (SegmentedRaftLogWorker.java:lambda$new$0(132)) - 117db472-d517-4212-84f1-798145bdd4fe@group-3C57384956DC-SegmentedRaftLogWorker: flushIndex: setUnconditionally 0 -> -1
2019-09-20 01:07:44,791 [pool-609-thread-1] INFO  segmented.SegmentedRaftLogWorker (SegmentedRaftLogWorker.java:lambda$new$0(132)) - 809f5201-257f-4963-aae6-d62ea1498496@group-3C57384956DC-SegmentedRaftLogWorker: flushIndex: setUnconditionally 0 -> -1
2019-09-20 01:07:44,791 [pool-599-thread-1] INFO  impl.RaftServerImpl (RaftServerImpl.java:start(185)) - 063be966-4847-4d82-9ae0-381db0b4ba8b@group-3C57384956DC: start as a follower, conf=-1: [809f5201-257f-4963-aae6-d62ea1498496:192.168.151.120:33730, 063be966-4847-4d82-9ae0-381db0b4ba8b:192.168.151.120:40286, 117db472-d517-4212-84f1-798145bdd4fe:192.168.151.120:38734], old=null
2019-09-20 01:07:44,791 [pool-589-thread-1] INFO  server.RaftServerConfigKeys (ConfUtils.java:logGet(43)) - raft.server.snapshot.auto.trigger.enabled = true (custom)
2019-09-20 01:07:44,791 [pool-609-thread-1] INFO  server.RaftServerConfigKeys (ConfUtils.java:logGet(43)) - raft.server.snapshot.auto.trigger.enabled = true (custom)
2019-09-20 01:07:44,791 [pool-599-thread-1] INFO  impl.RaftServerImpl (RaftServerImpl.java:setRole(174)) - 063be966-4847-4d82-9ae0-381db0b4ba8b@group-3C57384956DC: changes role from      null to FOLLOWER at term 0 for startAsFollower
2019-09-20 01:07:44,791 [pool-609-thread-1] INFO  server.RaftServerConfigKeys (ConfUtils.java:logGet(43)) - raft.server.snapshot.auto.trigger.threshold = 10000 (custom)
2019-09-20 01:07:44,791 [pool-589-thread-1] INFO  server.RaftServerConfigKeys (ConfUtils.java:logGet(43)) - raft.server.snapshot.auto.trigger.threshold = 10000 (custom)
2019-09-20 01:07:44,791 [pool-609-thread-1] INFO  server.RaftServerConfigKeys (ConfUtils.java:logGet(43)) - raft.server.snapshot.retention.num.files = 5 (custom)
2019-09-20 01:07:44,791 [pool-599-thread-1] INFO  impl.RoleInfo (RoleInfo.java:updateAndGet(143)) - 063be966-4847-4d82-9ae0-381db0b4ba8b: start FollowerState
2019-09-20 01:07:44,792 [pool-609-thread-1] INFO  server.RaftServerConfigKeys (ConfUtils.java:logGet(43)) - raft.server.retrycache.expirytime = 600000ms (custom)
2019-09-20 01:07:44,791 [pool-589-thread-1] INFO  server.RaftServerConfigKeys (ConfUtils.java:logGet(43)) - raft.server.snapshot.retention.num.files = 5 (custom)
2019-09-20 01:07:44,792 [pool-599-thread-1] INFO  util.JmxRegister (JmxRegister.java:tryRegister(44)) - Successfully registered JMX Bean with object name Ratis:service=RaftServer,group=group-3C57384956DC,id=063be966-4847-4d82-9ae0-381db0b4ba8b
2019-09-20 01:07:44,792 [pool-589-thread-1] INFO  server.RaftServerConfigKeys (ConfUtils.java:logGet(43)) - raft.server.retrycache.expirytime = 600000ms (custom)
2019-09-20 01:07:44,794 [pool-609-thread-1] INFO  impl.RaftServerImpl (RaftServerImpl.java:start(185)) - 809f5201-257f-4963-aae6-d62ea1498496@group-3C57384956DC: start as a follower, conf=-1: [809f5201-257f-4963-aae6-d62ea1498496:192.168.151.120:33730, 063be966-4847-4d82-9ae0-381db0b4ba8b:192.168.151.120:40286, 117db472-d517-4212-84f1-798145bdd4fe:192.168.151.120:38734], old=null
2019-09-20 01:07:44,794 [pool-609-thread-1] INFO  impl.RaftServerImpl (RaftServerImpl.java:setRole(174)) - 809f5201-257f-4963-aae6-d62ea1498496@group-3C57384956DC: changes role from      null to FOLLOWER at term 0 for startAsFollower
2019-09-20 01:07:44,794 [pool-609-thread-1] INFO  impl.RoleInfo (RoleInfo.java:updateAndGet(143)) - 809f5201-257f-4963-aae6-d62ea1498496: start FollowerState
2019-09-20 01:07:44,794 [pool-609-thread-1] INFO  util.JmxRegister (JmxRegister.java:tryRegister(44)) - Successfully registered JMX Bean with object name Ratis:service=RaftServer,group=group-3C57384956DC,id=809f5201-257f-4963-aae6-d62ea1498496
2019-09-20 01:07:44,795 [pool-589-thread-1] INFO  impl.RaftServerImpl (RaftServerImpl.java:start(185)) - 117db472-d517-4212-84f1-798145bdd4fe@group-3C57384956DC: start as a follower, conf=-1: [809f5201-257f-4963-aae6-d62ea1498496:192.168.151.120:33730, 063be966-4847-4d82-9ae0-381db0b4ba8b:192.168.151.120:40286, 117db472-d517-4212-84f1-798145bdd4fe:192.168.151.120:38734], old=null
2019-09-20 01:07:44,795 [pool-589-thread-1] INFO  impl.RaftServerImpl (RaftServerImpl.java:setRole(174)) - 117db472-d517-4212-84f1-798145bdd4fe@group-3C57384956DC: changes role from      null to FOLLOWER at term 0 for startAsFollower
2019-09-20 01:07:44,795 [pool-589-thread-1] INFO  impl.RoleInfo (RoleInfo.java:updateAndGet(143)) - 117db472-d517-4212-84f1-798145bdd4fe: start FollowerState
2019-09-20 01:07:44,795 [pool-589-thread-1] INFO  util.JmxRegister (JmxRegister.java:tryRegister(44)) - Successfully registered JMX Bean with object name Ratis:service=RaftServer,group=group-3C57384956DC,id=117db472-d517-4212-84f1-798145bdd4fe
2019-09-20 01:07:44,797 [RatisPipelineUtilsThread] INFO  pipeline.PipelineStateManager (PipelineStateManager.java:addPipeline(56)) - Created pipeline Pipeline[ Id: 2fb24749-56ae-4ee3-ba0e-3c57384956dc, Nodes: 809f5201-257f-4963-aae6-d62ea1498496{ip: 192.168.151.120, host: pr-hdds-2150-czsg7-3946154559, networkLocation: /default-rack, certSerialId: null}117db472-d517-4212-84f1-798145bdd4fe{ip: 192.168.151.120, host: pr-hdds-2150-czsg7-3946154559, networkLocation: /default-rack, certSerialId: null}063be966-4847-4d82-9ae0-381db0b4ba8b{ip: 192.168.151.120, host: pr-hdds-2150-czsg7-3946154559, networkLocation: /default-rack, certSerialId: null}, Type:RATIS, Factor:THREE, State:OPEN]
2019-09-20 01:07:44,858 [IPC Server handler 6 on 43099] INFO  net.NetworkTopology (NetworkTopologyImpl.java:add(111)) - Added a new node: /default-rack/254019d8-3748-4e2e-b6e0-9e9e1011683c
2019-09-20 01:07:44,858 [IPC Server handler 6 on 43099] INFO  node.SCMNodeManager (SCMNodeManager.java:register(266)) - Registered Data node : 254019d8-3748-4e2e-b6e0-9e9e1011683c{ip: 192.168.151.120, host: pr-hdds-2150-czsg7-3946154559, networkLocation: /default-rack, certSerialId: null}
2019-09-20 01:07:44,865 [grpc-default-executor-6] INFO  impl.RaftServerProxy (RaftServerProxy.java:addNew(89)) - bd6af757-a6f4-41b6-ac37-208ac1659023: addNew group-1F369B533D2D:[bd6af757-a6f4-41b6-ac37-208ac1659023:192.168.151.120:32908] returns group-1F369B533D2D:java.util.concurrent.CompletableFuture@1ed2873f[Not completed]
2019-09-20 01:07:44,868 [pool-619-thread-1] INFO  impl.RaftServerImpl (RaftServerImpl.java:<init>(95)) - bd6af757-a6f4-41b6-ac37-208ac1659023: new RaftServerImpl for group-1F369B533D2D:[bd6af757-a6f4-41b6-ac37-208ac1659023:192.168.151.120:32908] with ContainerStateMachine:uninitialized
2019-09-20 01:07:44,868 [pool-619-thread-1] INFO  server.RaftServerConfigKeys (ConfUtils.java:logGet(43)) - raft.server.rpc.timeout.min = 5s (custom)
2019-09-20 01:07:44,869 [pool-619-thread-1] INFO  server.RaftServerConfigKeys (ConfUtils.java:logGet(43)) - raft.server.rpc.timeout.max = 5200ms (custom)
2019-09-20 01:07:44,869 [pool-619-thread-1] INFO  server.RaftServerConfigKeys (ConfUtils.java:logGet(43)) - raft.server.rpcslowness.timeout = 120s (custom)
2019-09-20 01:07:44,869 [pool-619-thread-1] INFO  server.RaftServerConfigKeys (ConfUtils.java:logGet(43)) - raft.server.sleep.deviation.threshold = 300 (default)
2019-09-20 01:07:44,869 [pool-619-thread-1] INFO  server.RaftServerConfigKeys (ConfUtils.java:logGet(43)) - raft.server.log.appender.install.snapshot.enabled = false (custom)
2019-09-20 01:07:44,869 [pool-619-thread-1] INFO  impl.RaftServerImpl (ServerState.java:<init>(103)) - bd6af757-a6f4-41b6-ac37-208ac1659023@group-1F369B533D2D: ConfigurationManager, init=-1: [bd6af757-a6f4-41b6-ac37-208ac1659023:192.168.151.120:32908], old=null, confs=<EMPTY_MAP>
2019-09-20 01:07:44,869 [pool-619-thread-1] INFO  server.RaftServerConfigKeys (ConfUtils.java:logGet(43)) - raft.server.storage.dir = [/workdir/hadoop-ozone/integration-test/target/test-dir/MiniOzoneClusterImpl-b9d2aae5-7523-433a-8853-e61f75a3b2d9/datanode-3/data/ratis] (custom)
2019-09-20 01:07:44,870 [pool-619-thread-1] INFO  storage.RaftStorageDirectory (RaftStorageDirectory.java:analyzeStorage(246)) - The storage directory /workdir/hadoop-ozone/integration-test/target/test-dir/MiniOzoneClusterImpl-b9d2aae5-7523-433a-8853-e61f75a3b2d9/datanode-3/data/ratis/4c4c128f-0710-468e-8ce8-1f369b533d2d does not exist. Creating ...
2019-09-20 01:07:44,883 [pool-619-thread-1] INFO  storage.RaftStorageDirectory (RaftStorageDirectory.java:tryLock(328)) - Lock on /workdir/hadoop-ozone/integration-test/target/test-dir/MiniOzoneClusterImpl-b9d2aae5-7523-433a-8853-e61f75a3b2d9/datanode-3/data/ratis/4c4c128f-0710-468e-8ce8-1f369b533d2d/in_use.lock acquired by nodename 22440@pr-hdds-2150-czsg7-3946154559
2019-09-20 01:07:44,896 [pool-619-thread-1] INFO  storage.RaftStorage (RaftStorage.java:format(72)) - Storage directory /workdir/hadoop-ozone/integration-test/target/test-dir/MiniOzoneClusterImpl-b9d2aae5-7523-433a-8853-e61f75a3b2d9/datanode-3/data/ratis/4c4c128f-0710-468e-8ce8-1f369b533d2d has been successfully formatted.
2019-09-20 01:07:44,897 [pool-619-thread-1] INFO  ratis.ContainerStateMachine (ContainerStateMachine.java:loadSnapshot(230)) - group-1F369B533D2D: The snapshot info is null. Setting the last applied indexto:(t:0, i:~)
2019-09-20 01:07:44,897 [pool-619-thread-1] INFO  server.RaftServerConfigKeys (ConfUtils.java:logGet(43)) - raft.server.notification.no-leader.timeout = 120s (custom)
2019-09-20 01:07:44,897 [pool-619-thread-1] INFO  server.RaftServerConfigKeys (ConfUtils.java:logGet(43)) - raft.server.log.use.memory = false (default)
2019-09-20 01:07:44,897 [pool-619-thread-1] INFO  server.RaftServerConfigKeys (ConfUtils.java:logGet(43)) - raft.server.log.purge.gap = 1000000 (custom)
2019-09-20 01:07:44,897 [pool-619-thread-1] INFO  server.RaftServerConfigKeys (ConfUtils.java:logGet(43)) - raft.server.log.appender.buffer.byte-limit = 33554432 (custom)
2019-09-20 01:07:44,897 [pool-619-thread-1] INFO  server.RaftServerConfigKeys (ConfUtils.java:logGet(43)) - raft.server.log.segment.size.max = 1048576 (custom)
2019-09-20 01:07:44,898 [pool-619-thread-1] INFO  server.RaftServerConfigKeys (ConfUtils.java:logGet(43)) - raft.server.log.segment.cache.num.max = 2 (custom)
2019-09-20 01:07:44,898 [pool-619-thread-1] INFO  segmented.SegmentedRaftLogWorker (SegmentedRaftLogWorker.java:<init>(172)) - new bd6af757-a6f4-41b6-ac37-208ac1659023@group-1F369B533D2D-SegmentedRaftLogWorker for RaftStorage:Storage Directory /workdir/hadoop-ozone/integration-test/target/test-dir/MiniOzoneClusterImpl-b9d2aae5-7523-433a-8853-e61f75a3b2d9/datanode-3/data/ratis/4c4c128f-0710-468e-8ce8-1f369b533d2d
2019-09-20 01:07:44,901 [pool-619-thread-1] INFO  server.RaftServerConfigKeys (ConfUtils.java:logGet(43)) - raft.server.log.queue.byte-limit = 2147483647 (custom)
2019-09-20 01:07:44,901 [pool-619-thread-1] INFO  server.RaftServerConfigKeys (ConfUtils.java:logGet(43)) - raft.server.log.queue.element-limit = 1024 (custom)
2019-09-20 01:07:44,901 [pool-619-thread-1] INFO  server.RaftServerConfigKeys (ConfUtils.java:logGet(43)) - raft.server.log.segment.size.max = 1048576 (custom)
2019-09-20 01:07:44,901 [pool-619-thread-1] INFO  server.RaftServerConfigKeys (ConfUtils.java:logGet(43)) - raft.server.log.preallocated.size = 16384 (custom)
2019-09-20 01:07:44,901 [pool-619-thread-1] INFO  server.RaftServerConfigKeys (ConfUtils.java:logGet(43)) - raft.server.log.write.buffer.size = 33554432 (custom)
2019-09-20 01:07:44,902 [pool-619-thread-1] INFO  server.RaftServerConfigKeys (ConfUtils.java:logGet(43)) - raft.server.log.force.sync.num = 128 (default)
2019-09-20 01:07:44,902 [pool-619-thread-1] INFO  server.RaftServerConfigKeys (ConfUtils.java:logGet(43)) - raft.server.log.statemachine.data.sync = true (default)
2019-09-20 01:07:44,902 [pool-619-thread-1] INFO  server.RaftServerConfigKeys (ConfUtils.java:logGet(43)) - raft.server.log.statemachine.data.sync.timeout = 10s (default)
2019-09-20 01:07:44,902 [pool-619-thread-1] INFO  server.RaftServerConfigKeys (ConfUtils.java:logGet(43)) - raft.server.log.statemachine.data.sync.timeout.retry = -1 (default)
2019-09-20 01:07:44,902 [pool-619-thread-1] INFO  server.RaftServerConfigKeys (ConfUtils.java:logGet(43)) - raft.server.log.statemachine.data.caching.enabled = true (custom)
2019-09-20 01:07:44,903 [pool-619-thread-1] INFO  segmented.SegmentedRaftLogWorker (SegmentedRaftLogWorker.java:lambda$new$0(132)) - bd6af757-a6f4-41b6-ac37-208ac1659023@group-1F369B533D2D-SegmentedRaftLogWorker: flushIndex: setUnconditionally 0 -> -1
2019-09-20 01:07:44,903 [pool-619-thread-1] INFO  server.RaftServerConfigKeys (ConfUtils.java:logGet(43)) - raft.server.snapshot.auto.trigger.enabled = true (custom)
2019-09-20 01:07:44,903 [pool-619-thread-1] INFO  server.RaftServerConfigKeys (ConfUtils.java:logGet(43)) - raft.server.snapshot.auto.trigger.threshold = 10000 (custom)
2019-09-20 01:07:44,904 [pool-619-thread-1] INFO  server.RaftServerConfigKeys (ConfUtils.java:logGet(43)) - raft.server.snapshot.retention.num.files = 5 (custom)
2019-09-20 01:07:44,904 [pool-619-thread-1] INFO  server.RaftServerConfigKeys (ConfUtils.java:logGet(43)) - raft.server.retrycache.expirytime = 600000ms (custom)
2019-09-20 01:07:44,906 [pool-619-thread-1] INFO  impl.RaftServerImpl (RaftServerImpl.java:start(185)) - bd6af757-a6f4-41b6-ac37-208ac1659023@group-1F369B533D2D: start as a follower, conf=-1: [bd6af757-a6f4-41b6-ac37-208ac1659023:192.168.151.120:32908], old=null
2019-09-20 01:07:44,906 [pool-619-thread-1] INFO  impl.RaftServerImpl (RaftServerImpl.java:setRole(174)) - bd6af757-a6f4-41b6-ac37-208ac1659023@group-1F369B533D2D: changes role from      null to FOLLOWER at term 0 for startAsFollower
2019-09-20 01:07:44,906 [pool-619-thread-1] INFO  impl.RoleInfo (RoleInfo.java:updateAndGet(143)) - bd6af757-a6f4-41b6-ac37-208ac1659023: start FollowerState
2019-09-20 01:07:44,920 [pool-619-thread-1] INFO  util.JmxRegister (JmxRegister.java:tryRegister(44)) - Successfully registered JMX Bean with object name Ratis:service=RaftServer,group=group-1F369B533D2D,id=bd6af757-a6f4-41b6-ac37-208ac1659023
2019-09-20 01:07:44,929 [RatisPipelineUtilsThread] INFO  pipeline.PipelineStateManager (PipelineStateManager.java:addPipeline(56)) - Created pipeline Pipeline[ Id: 4c4c128f-0710-468e-8ce8-1f369b533d2d, Nodes: bd6af757-a6f4-41b6-ac37-208ac1659023{ip: 192.168.151.120, host: pr-hdds-2150-czsg7-3946154559, networkLocation: /default-rack, certSerialId: null}, Type:RATIS, Factor:ONE, State:OPEN]
2019-09-20 01:07:44,932 [IPC Server handler 5 on 43099] INFO  net.NetworkTopology (NetworkTopologyImpl.java:add(111)) - Added a new node: /default-rack/fb7bf5ec-d7cf-4d54-97ec-dd85076a9577
2019-09-20 01:07:44,933 [IPC Server handler 5 on 43099] INFO  node.SCMNodeManager (SCMNodeManager.java:register(266)) - Registered Data node : fb7bf5ec-d7cf-4d54-97ec-dd85076a9577{ip: 192.168.151.120, host: pr-hdds-2150-czsg7-3946154559, networkLocation: /default-rack, certSerialId: null}
2019-09-20 01:07:44,935 [grpc-default-executor-6] INFO  impl.RaftServerProxy (RaftServerProxy.java:addNew(89)) - 254019d8-3748-4e2e-b6e0-9e9e1011683c: addNew group-AA18E3522CB0:[254019d8-3748-4e2e-b6e0-9e9e1011683c:192.168.151.120:35108] returns group-AA18E3522CB0:java.util.concurrent.CompletableFuture@6c5da22e[Not completed]
2019-09-20 01:07:44,937 [pool-629-thread-1] INFO  impl.RaftServerImpl (RaftServerImpl.java:<init>(95)) - 254019d8-3748-4e2e-b6e0-9e9e1011683c: new RaftServerImpl for group-AA18E3522CB0:[254019d8-3748-4e2e-b6e0-9e9e1011683c:192.168.151.120:35108] with ContainerStateMachine:uninitialized
2019-09-20 01:07:44,937 [pool-629-thread-1] INFO  server.RaftServerConfigKeys (ConfUtils.java:logGet(43)) - raft.server.rpc.timeout.min = 5s (custom)
2019-09-20 01:07:44,937 [pool-629-thread-1] INFO  server.RaftServerConfigKeys (ConfUtils.java:logGet(43)) - raft.server.rpc.timeout.max = 5200ms (custom)
2019-09-20 01:07:44,937 [pool-629-thread-1] INFO  server.RaftServerConfigKeys (ConfUtils.java:logGet(43)) - raft.server.rpcslowness.timeout = 120s (custom)
2019-09-20 01:07:44,937 [pool-629-thread-1] INFO  server.RaftServerConfigKeys (ConfUtils.java:logGet(43)) - raft.server.sleep.deviation.threshold = 300 (default)
2019-09-20 01:07:44,937 [pool-629-thread-1] INFO  server.RaftServerConfigKeys (ConfUtils.java:logGet(43)) - raft.server.log.appender.install.snapshot.enabled = false (custom)
2019-09-20 01:07:44,937 [pool-629-thread-1] INFO  impl.RaftServerImpl (ServerState.java:<init>(103)) - 254019d8-3748-4e2e-b6e0-9e9e1011683c@group-AA18E3522CB0: ConfigurationManager, init=-1: [254019d8-3748-4e2e-b6e0-9e9e1011683c:192.168.151.120:35108], old=null, confs=<EMPTY_MAP>
2019-09-20 01:07:44,937 [pool-629-thread-1] INFO  server.RaftServerConfigKeys (ConfUtils.java:logGet(43)) - raft.server.storage.dir = [/workdir/hadoop-ozone/integration-test/target/test-dir/MiniOzoneClusterImpl-b9d2aae5-7523-433a-8853-e61f75a3b2d9/datanode-4/data/ratis] (custom)
2019-09-20 01:07:44,938 [pool-629-thread-1] INFO  storage.RaftStorageDirectory (RaftStorageDirectory.java:analyzeStorage(246)) - The storage directory /workdir/hadoop-ozone/integration-test/target/test-dir/MiniOzoneClusterImpl-b9d2aae5-7523-433a-8853-e61f75a3b2d9/datanode-4/data/ratis/a60ac30b-046e-4160-b746-aa18e3522cb0 does not exist. Creating ...
2019-09-20 01:07:44,951 [pool-629-thread-1] INFO  storage.RaftStorageDirectory (RaftStorageDirectory.java:tryLock(328)) - Lock on /workdir/hadoop-ozone/integration-test/target/test-dir/MiniOzoneClusterImpl-b9d2aae5-7523-433a-8853-e61f75a3b2d9/datanode-4/data/ratis/a60ac30b-046e-4160-b746-aa18e3522cb0/in_use.lock acquired by nodename 22440@pr-hdds-2150-czsg7-3946154559
2019-09-20 01:07:44,964 [pool-629-thread-1] INFO  storage.RaftStorage (RaftStorage.java:format(72)) - Storage directory /workdir/hadoop-ozone/integration-test/target/test-dir/MiniOzoneClusterImpl-b9d2aae5-7523-433a-8853-e61f75a3b2d9/datanode-4/data/ratis/a60ac30b-046e-4160-b746-aa18e3522cb0 has been successfully formatted.
2019-09-20 01:07:44,964 [pool-629-thread-1] INFO  ratis.ContainerStateMachine (ContainerStateMachine.java:loadSnapshot(230)) - group-AA18E3522CB0: The snapshot info is null. Setting the last applied indexto:(t:0, i:~)
2019-09-20 01:07:44,964 [pool-629-thread-1] INFO  server.RaftServerConfigKeys (ConfUtils.java:logGet(43)) - raft.server.notification.no-leader.timeout = 120s (custom)
2019-09-20 01:07:44,964 [pool-629-thread-1] INFO  server.RaftServerConfigKeys (ConfUtils.java:logGet(43)) - raft.server.log.use.memory = false (default)
2019-09-20 01:07:44,964 [pool-629-thread-1] INFO  server.RaftServerConfigKeys (ConfUtils.java:logGet(43)) - raft.server.log.purge.gap = 1000000 (custom)
2019-09-20 01:07:44,964 [pool-629-thread-1] INFO  server.RaftServerConfigKeys (ConfUtils.java:logGet(43)) - raft.server.log.appender.buffer.byte-limit = 33554432 (custom)
2019-09-20 01:07:44,965 [pool-629-thread-1] INFO  server.RaftServerConfigKeys (ConfUtils.java:logGet(43)) - raft.server.log.segment.size.max = 1048576 (custom)
2019-09-20 01:07:44,965 [pool-629-thread-1] INFO  server.RaftServerConfigKeys (ConfUtils.java:logGet(43)) - raft.server.log.segment.cache.num.max = 2 (custom)
2019-09-20 01:07:44,965 [pool-629-thread-1] INFO  segmented.SegmentedRaftLogWorker (SegmentedRaftLogWorker.java:<init>(172)) - new 254019d8-3748-4e2e-b6e0-9e9e1011683c@group-AA18E3522CB0-SegmentedRaftLogWorker for RaftStorage:Storage Directory /workdir/hadoop-ozone/integration-test/target/test-dir/MiniOzoneClusterImpl-b9d2aae5-7523-433a-8853-e61f75a3b2d9/datanode-4/data/ratis/a60ac30b-046e-4160-b746-aa18e3522cb0
2019-09-20 01:07:44,966 [pool-629-thread-1] INFO  server.RaftServerConfigKeys (ConfUtils.java:logGet(43)) - raft.server.log.queue.byte-limit = 2147483647 (custom)
2019-09-20 01:07:44,966 [pool-629-thread-1] INFO  server.RaftServerConfigKeys (ConfUtils.java:logGet(43)) - raft.server.log.queue.element-limit = 1024 (custom)
2019-09-20 01:07:44,966 [pool-629-thread-1] INFO  server.RaftServerConfigKeys (ConfUtils.java:logGet(43)) - raft.server.log.segment.size.max = 1048576 (custom)
2019-09-20 01:07:44,966 [pool-629-thread-1] INFO  server.RaftServerConfigKeys (ConfUtils.java:logGet(43)) - raft.server.log.preallocated.size = 16384 (custom)
2019-09-20 01:07:44,966 [pool-629-thread-1] INFO  server.RaftServerConfigKeys (ConfUtils.java:logGet(43)) - raft.server.log.write.buffer.size = 33554432 (custom)
2019-09-20 01:07:44,966 [pool-629-thread-1] INFO  server.RaftServerConfigKeys (ConfUtils.java:logGet(43)) - raft.server.log.force.sync.num = 128 (default)
2019-09-20 01:07:44,966 [pool-629-thread-1] INFO  server.RaftServerConfigKeys (ConfUtils.java:logGet(43)) - raft.server.log.statemachine.data.sync = true (default)
2019-09-20 01:07:44,967 [pool-629-thread-1] INFO  server.RaftServerConfigKeys (ConfUtils.java:logGet(43)) - raft.server.log.statemachine.data.sync.timeout = 10s (default)
2019-09-20 01:07:44,967 [pool-629-thread-1] INFO  server.RaftServerConfigKeys (ConfUtils.java:logGet(43)) - raft.server.log.statemachine.data.sync.timeout.retry = -1 (default)
2019-09-20 01:07:44,967 [pool-629-thread-1] INFO  server.RaftServerConfigKeys (ConfUtils.java:logGet(43)) - raft.server.log.statemachine.data.caching.enabled = true (custom)
2019-09-20 01:07:44,967 [pool-629-thread-1] INFO  segmented.SegmentedRaftLogWorker (SegmentedRaftLogWorker.java:lambda$new$0(132)) - 254019d8-3748-4e2e-b6e0-9e9e1011683c@group-AA18E3522CB0-SegmentedRaftLogWorker: flushIndex: setUnconditionally 0 -> -1
2019-09-20 01:07:44,967 [pool-629-thread-1] INFO  server.RaftServerConfigKeys (ConfUtils.java:logGet(43)) - raft.server.snapshot.auto.trigger.enabled = true (custom)
2019-09-20 01:07:44,967 [pool-629-thread-1] INFO  server.RaftServerConfigKeys (ConfUtils.java:logGet(43)) - raft.server.snapshot.auto.trigger.threshold = 10000 (custom)
2019-09-20 01:07:44,967 [pool-629-thread-1] INFO  server.RaftServerConfigKeys (ConfUtils.java:logGet(43)) - raft.server.snapshot.retention.num.files = 5 (custom)
2019-09-20 01:07:44,967 [pool-629-thread-1] INFO  server.RaftServerConfigKeys (ConfUtils.java:logGet(43)) - raft.server.retrycache.expirytime = 600000ms (custom)
2019-09-20 01:07:44,968 [pool-629-thread-1] INFO  impl.RaftServerImpl (RaftServerImpl.java:start(185)) - 254019d8-3748-4e2e-b6e0-9e9e1011683c@group-AA18E3522CB0: start as a follower, conf=-1: [254019d8-3748-4e2e-b6e0-9e9e1011683c:192.168.151.120:35108], old=null
2019-09-20 01:07:44,968 [pool-629-thread-1] INFO  impl.RaftServerImpl (RaftServerImpl.java:setRole(174)) - 254019d8-3748-4e2e-b6e0-9e9e1011683c@group-AA18E3522CB0: changes role from      null to FOLLOWER at term 0 for startAsFollower
2019-09-20 01:07:44,969 [pool-629-thread-1] INFO  impl.RoleInfo (RoleInfo.java:updateAndGet(143)) - 254019d8-3748-4e2e-b6e0-9e9e1011683c: start FollowerState
2019-09-20 01:07:44,969 [pool-629-thread-1] INFO  util.JmxRegister (JmxRegister.java:tryRegister(44)) - Successfully registered JMX Bean with object name Ratis:service=RaftServer,group=group-AA18E3522CB0,id=254019d8-3748-4e2e-b6e0-9e9e1011683c
2019-09-20 01:07:44,971 [RatisPipelineUtilsThread] INFO  pipeline.PipelineStateManager (PipelineStateManager.java:addPipeline(56)) - Created pipeline Pipeline[ Id: a60ac30b-046e-4160-b746-aa18e3522cb0, Nodes: 254019d8-3748-4e2e-b6e0-9e9e1011683c{ip: 192.168.151.120, host: pr-hdds-2150-czsg7-3946154559, networkLocation: /default-rack, certSerialId: null}, Type:RATIS, Factor:ONE, State:OPEN]
2019-09-20 01:07:44,977 [grpc-default-executor-6] INFO  impl.RaftServerProxy (RaftServerProxy.java:addNew(89)) - fb7bf5ec-d7cf-4d54-97ec-dd85076a9577: addNew group-A3DB5A587382:[fb7bf5ec-d7cf-4d54-97ec-dd85076a9577:192.168.151.120:44615] returns group-A3DB5A587382:java.util.concurrent.CompletableFuture@21b0034c[Not completed]
2019-09-20 01:07:44,978 [pool-639-thread-1] INFO  impl.RaftServerImpl (RaftServerImpl.java:<init>(95)) - fb7bf5ec-d7cf-4d54-97ec-dd85076a9577: new RaftServerImpl for group-A3DB5A587382:[fb7bf5ec-d7cf-4d54-97ec-dd85076a9577:192.168.151.120:44615] with ContainerStateMachine:uninitialized
2019-09-20 01:07:44,978 [pool-639-thread-1] INFO  server.RaftServerConfigKeys (ConfUtils.java:logGet(43)) - raft.server.rpc.timeout.min = 5s (custom)
2019-09-20 01:07:44,978 [pool-639-thread-1] INFO  server.RaftServerConfigKeys (ConfUtils.java:logGet(43)) - raft.server.rpc.timeout.max = 5200ms (custom)
2019-09-20 01:07:44,978 [pool-639-thread-1] INFO  server.RaftServerConfigKeys (ConfUtils.java:logGet(43)) - raft.server.rpcslowness.timeout = 120s (custom)
2019-09-20 01:07:44,978 [pool-639-thread-1] INFO  server.RaftServerConfigKeys (ConfUtils.java:logGet(43)) - raft.server.sleep.deviation.threshold = 300 (default)
2019-09-20 01:07:44,978 [pool-639-thread-1] INFO  server.RaftServerConfigKeys (ConfUtils.java:logGet(43)) - raft.server.log.appender.install.snapshot.enabled = false (custom)
2019-09-20 01:07:44,978 [pool-639-thread-1] INFO  impl.RaftServerImpl (ServerState.java:<init>(103)) - fb7bf5ec-d7cf-4d54-97ec-dd85076a9577@group-A3DB5A587382: ConfigurationManager, init=-1: [fb7bf5ec-d7cf-4d54-97ec-dd85076a9577:192.168.151.120:44615], old=null, confs=<EMPTY_MAP>
2019-09-20 01:07:44,978 [pool-639-thread-1] INFO  server.RaftServerConfigKeys (ConfUtils.java:logGet(43)) - raft.server.storage.dir = [/workdir/hadoop-ozone/integration-test/target/test-dir/MiniOzoneClusterImpl-b9d2aae5-7523-433a-8853-e61f75a3b2d9/datanode-5/data/ratis] (custom)
2019-09-20 01:07:44,979 [pool-639-thread-1] INFO  storage.RaftStorageDirectory (RaftStorageDirectory.java:analyzeStorage(246)) - The storage directory /workdir/hadoop-ozone/integration-test/target/test-dir/MiniOzoneClusterImpl-b9d2aae5-7523-433a-8853-e61f75a3b2d9/datanode-5/data/ratis/8fbbb6b8-6d13-4dc7-8d99-a3db5a587382 does not exist. Creating ...
2019-09-20 01:07:44,991 [IPC Server handler 8 on 43099] INFO  net.NetworkTopology (NetworkTopologyImpl.java:add(111)) - Added a new node: /default-rack/b2789397-81aa-440e-89aa-cc98be636228
2019-09-20 01:07:44,991 [IPC Server handler 8 on 43099] INFO  node.SCMNodeManager (SCMNodeManager.java:register(266)) - Registered Data node : b2789397-81aa-440e-89aa-cc98be636228{ip: 192.168.151.120, host: pr-hdds-2150-czsg7-3946154559, networkLocation: /default-rack, certSerialId: null}
2019-09-20 01:07:44,991 [main] INFO  ozone.MiniOzoneClusterImpl (MiniOzoneClusterImpl.java:lambda$waitForClusterToBeReady$0(145)) - Cluster is ready. Got 7 of 7 DN Heartbeats.
2019-09-20 01:07:44,991 [pool-639-thread-1] INFO  storage.RaftStorageDirectory (RaftStorageDirectory.java:tryLock(328)) - Lock on /workdir/hadoop-ozone/integration-test/target/test-dir/MiniOzoneClusterImpl-b9d2aae5-7523-433a-8853-e61f75a3b2d9/datanode-5/data/ratis/8fbbb6b8-6d13-4dc7-8d99-a3db5a587382/in_use.lock acquired by nodename 22440@pr-hdds-2150-czsg7-3946154559
2019-09-20 01:07:45,007 [pool-639-thread-1] INFO  storage.RaftStorage (RaftStorage.java:format(72)) - Storage directory /workdir/hadoop-ozone/integration-test/target/test-dir/MiniOzoneClusterImpl-b9d2aae5-7523-433a-8853-e61f75a3b2d9/datanode-5/data/ratis/8fbbb6b8-6d13-4dc7-8d99-a3db5a587382 has been successfully formatted.
2019-09-20 01:07:45,014 [pool-639-thread-1] INFO  ratis.ContainerStateMachine (ContainerStateMachine.java:loadSnapshot(230)) - group-A3DB5A587382: The snapshot info is null. Setting the last applied indexto:(t:0, i:~)
2019-09-20 01:07:45,014 [pool-639-thread-1] INFO  server.RaftServerConfigKeys (ConfUtils.java:logGet(43)) - raft.server.notification.no-leader.timeout = 120s (custom)
2019-09-20 01:07:45,015 [pool-639-thread-1] INFO  server.RaftServerConfigKeys (ConfUtils.java:logGet(43)) - raft.server.log.use.memory = false (default)
2019-09-20 01:07:45,015 [pool-639-thread-1] INFO  server.RaftServerConfigKeys (ConfUtils.java:logGet(43)) - raft.server.log.purge.gap = 1000000 (custom)
2019-09-20 01:07:45,015 [pool-639-thread-1] INFO  server.RaftServerConfigKeys (ConfUtils.java:logGet(43)) - raft.server.log.appender.buffer.byte-limit = 33554432 (custom)
2019-09-20 01:07:45,015 [pool-639-thread-1] INFO  server.RaftServerConfigKeys (ConfUtils.java:logGet(43)) - raft.server.log.segment.size.max = 1048576 (custom)
2019-09-20 01:07:45,015 [pool-639-thread-1] INFO  server.RaftServerConfigKeys (ConfUtils.java:logGet(43)) - raft.server.log.segment.cache.num.max = 2 (custom)
2019-09-20 01:07:45,015 [pool-639-thread-1] INFO  segmented.SegmentedRaftLogWorker (SegmentedRaftLogWorker.java:<init>(172)) - new fb7bf5ec-d7cf-4d54-97ec-dd85076a9577@group-A3DB5A587382-SegmentedRaftLogWorker for RaftStorage:Storage Directory /workdir/hadoop-ozone/integration-test/target/test-dir/MiniOzoneClusterImpl-b9d2aae5-7523-433a-8853-e61f75a3b2d9/datanode-5/data/ratis/8fbbb6b8-6d13-4dc7-8d99-a3db5a587382
2019-09-20 01:07:45,016 [pool-639-thread-1] INFO  server.RaftServerConfigKeys (ConfUtils.java:logGet(43)) - raft.server.log.queue.byte-limit = 2147483647 (custom)
2019-09-20 01:07:45,016 [pool-639-thread-1] INFO  server.RaftServerConfigKeys (ConfUtils.java:logGet(43)) - raft.server.log.queue.element-limit = 1024 (custom)
2019-09-20 01:07:45,016 [pool-639-thread-1] INFO  server.RaftServerConfigKeys (ConfUtils.java:logGet(43)) - raft.server.log.segment.size.max = 1048576 (custom)
2019-09-20 01:07:45,016 [pool-639-thread-1] INFO  server.RaftServerConfigKeys (ConfUtils.java:logGet(43)) - raft.server.log.preallocated.size = 16384 (custom)
2019-09-20 01:07:45,016 [pool-639-thread-1] INFO  server.RaftServerConfigKeys (ConfUtils.java:logGet(43)) - raft.server.log.write.buffer.size = 33554432 (custom)
2019-09-20 01:07:45,016 [pool-639-thread-1] INFO  server.RaftServerConfigKeys (ConfUtils.java:logGet(43)) - raft.server.log.force.sync.num = 128 (default)
2019-09-20 01:07:45,016 [pool-639-thread-1] INFO  server.RaftServerConfigKeys (ConfUtils.java:logGet(43)) - raft.server.log.statemachine.data.sync = true (default)
2019-09-20 01:07:45,017 [pool-639-thread-1] INFO  server.RaftServerConfigKeys (ConfUtils.java:logGet(43)) - raft.server.log.statemachine.data.sync.timeout = 10s (default)
2019-09-20 01:07:45,017 [pool-639-thread-1] INFO  server.RaftServerConfigKeys (ConfUtils.java:logGet(43)) - raft.server.log.statemachine.data.sync.timeout.retry = -1 (default)
2019-09-20 01:07:45,017 [pool-639-thread-1] INFO  server.RaftServerConfigKeys (ConfUtils.java:logGet(43)) - raft.server.log.statemachine.data.caching.enabled = true (custom)
2019-09-20 01:07:45,017 [pool-639-thread-1] INFO  segmented.SegmentedRaftLogWorker (SegmentedRaftLogWorker.java:lambda$new$0(132)) - fb7bf5ec-d7cf-4d54-97ec-dd85076a9577@group-A3DB5A587382-SegmentedRaftLogWorker: flushIndex: setUnconditionally 0 -> -1
2019-09-20 01:07:45,017 [pool-639-thread-1] INFO  server.RaftServerConfigKeys (ConfUtils.java:logGet(43)) - raft.server.snapshot.auto.trigger.enabled = true (custom)
2019-09-20 01:07:45,017 [pool-639-thread-1] INFO  server.RaftServerConfigKeys (ConfUtils.java:logGet(43)) - raft.server.snapshot.auto.trigger.threshold = 10000 (custom)
2019-09-20 01:07:45,017 [pool-639-thread-1] INFO  server.RaftServerConfigKeys (ConfUtils.java:logGet(43)) - raft.server.snapshot.retention.num.files = 5 (custom)
2019-09-20 01:07:45,017 [pool-639-thread-1] INFO  server.RaftServerConfigKeys (ConfUtils.java:logGet(43)) - raft.server.retrycache.expirytime = 600000ms (custom)
2019-09-20 01:07:45,018 [main] INFO  rpc.RpcClient (RpcClient.java:createVolume(302)) - Creating Volume: testblockoutputstream, with jenkins1000 as owner.
2019-09-20 01:07:45,018 [pool-639-thread-1] INFO  impl.RaftServerImpl (RaftServerImpl.java:start(185)) - fb7bf5ec-d7cf-4d54-97ec-dd85076a9577@group-A3DB5A587382: start as a follower, conf=-1: [fb7bf5ec-d7cf-4d54-97ec-dd85076a9577:192.168.151.120:44615], old=null
2019-09-20 01:07:45,019 [pool-639-thread-1] INFO  impl.RaftServerImpl (RaftServerImpl.java:setRole(174)) - fb7bf5ec-d7cf-4d54-97ec-dd85076a9577@group-A3DB5A587382: changes role from      null to FOLLOWER at term 0 for startAsFollower
2019-09-20 01:07:45,019 [pool-639-thread-1] INFO  impl.RoleInfo (RoleInfo.java:updateAndGet(143)) - fb7bf5ec-d7cf-4d54-97ec-dd85076a9577: start FollowerState
2019-09-20 01:07:45,019 [pool-639-thread-1] INFO  util.JmxRegister (JmxRegister.java:tryRegister(44)) - Successfully registered JMX Bean with object name Ratis:service=RaftServer,group=group-A3DB5A587382,id=fb7bf5ec-d7cf-4d54-97ec-dd85076a9577
2019-09-20 01:07:45,021 [RatisPipelineUtilsThread] INFO  pipeline.PipelineStateManager (PipelineStateManager.java:addPipeline(56)) - Created pipeline Pipeline[ Id: 8fbbb6b8-6d13-4dc7-8d99-a3db5a587382, Nodes: fb7bf5ec-d7cf-4d54-97ec-dd85076a9577{ip: 192.168.151.120, host: pr-hdds-2150-czsg7-3946154559, networkLocation: /default-rack, certSerialId: null}, Type:RATIS, Factor:ONE, State:OPEN]
2019-09-20 01:07:45,021 [IPC Server handler 1 on 44112] INFO  volume.OMVolumeCreateRequest (OMVolumeCreateRequest.java:validateAndUpdateCache(189)) - created volume:testblockoutputstream for user:jenkins1000
2019-09-20 01:07:45,027 [grpc-default-executor-6] INFO  impl.RaftServerProxy (RaftServerProxy.java:addNew(89)) - b2789397-81aa-440e-89aa-cc98be636228: addNew group-A88D701203E2:[b2789397-81aa-440e-89aa-cc98be636228:192.168.151.120:46882] returns group-A88D701203E2:java.util.concurrent.CompletableFuture@633b4934[Not completed]
2019-09-20 01:07:45,038 [main] INFO  rpc.RpcClient (RpcClient.java:createBucket(441)) - Creating Bucket: testblockoutputstream/testblockoutputstream, with Versioning false and Storage Type set to DISK and Encryption set to false 
2019-09-20 01:07:45,038 [pool-649-thread-1] INFO  impl.RaftServerImpl (RaftServerImpl.java:<init>(95)) - b2789397-81aa-440e-89aa-cc98be636228: new RaftServerImpl for group-A88D701203E2:[b2789397-81aa-440e-89aa-cc98be636228:192.168.151.120:46882] with ContainerStateMachine:uninitialized
2019-09-20 01:07:45,038 [pool-649-thread-1] INFO  server.RaftServerConfigKeys (ConfUtils.java:logGet(43)) - raft.server.rpc.timeout.min = 5s (custom)
2019-09-20 01:07:45,038 [pool-649-thread-1] INFO  server.RaftServerConfigKeys (ConfUtils.java:logGet(43)) - raft.server.rpc.timeout.max = 5200ms (custom)
2019-09-20 01:07:45,038 [pool-649-thread-1] INFO  server.RaftServerConfigKeys (ConfUtils.java:logGet(43)) - raft.server.rpcslowness.timeout = 120s (custom)
2019-09-20 01:07:45,039 [pool-649-thread-1] INFO  server.RaftServerConfigKeys (ConfUtils.java:logGet(43)) - raft.server.sleep.deviation.threshold = 300 (default)
2019-09-20 01:07:45,039 [pool-649-thread-1] INFO  server.RaftServerConfigKeys (ConfUtils.java:logGet(43)) - raft.server.log.appender.install.snapshot.enabled = false (custom)
2019-09-20 01:07:45,039 [pool-649-thread-1] INFO  impl.RaftServerImpl (ServerState.java:<init>(103)) - b2789397-81aa-440e-89aa-cc98be636228@group-A88D701203E2: ConfigurationManager, init=-1: [b2789397-81aa-440e-89aa-cc98be636228:192.168.151.120:46882], old=null, confs=<EMPTY_MAP>
2019-09-20 01:07:45,039 [pool-649-thread-1] INFO  server.RaftServerConfigKeys (ConfUtils.java:logGet(43)) - raft.server.storage.dir = [/workdir/hadoop-ozone/integration-test/target/test-dir/MiniOzoneClusterImpl-b9d2aae5-7523-433a-8853-e61f75a3b2d9/datanode-6/data/ratis] (custom)
2019-09-20 01:07:45,039 [pool-649-thread-1] INFO  storage.RaftStorageDirectory (RaftStorageDirectory.java:analyzeStorage(246)) - The storage directory /workdir/hadoop-ozone/integration-test/target/test-dir/MiniOzoneClusterImpl-b9d2aae5-7523-433a-8853-e61f75a3b2d9/datanode-6/data/ratis/a3ed7ee2-dac7-4258-a815-a88d701203e2 does not exist. Creating ...
2019-09-20 01:07:45,057 [pool-649-thread-1] INFO  storage.RaftStorageDirectory (RaftStorageDirectory.java:tryLock(328)) - Lock on /workdir/hadoop-ozone/integration-test/target/test-dir/MiniOzoneClusterImpl-b9d2aae5-7523-433a-8853-e61f75a3b2d9/datanode-6/data/ratis/a3ed7ee2-dac7-4258-a815-a88d701203e2/in_use.lock acquired by nodename 22440@pr-hdds-2150-czsg7-3946154559
2019-09-20 01:07:45,070 [pool-649-thread-1] INFO  storage.RaftStorage (RaftStorage.java:format(72)) - Storage directory /workdir/hadoop-ozone/integration-test/target/test-dir/MiniOzoneClusterImpl-b9d2aae5-7523-433a-8853-e61f75a3b2d9/datanode-6/data/ratis/a3ed7ee2-dac7-4258-a815-a88d701203e2 has been successfully formatted.
2019-09-20 01:07:45,070 [pool-649-thread-1] INFO  ratis.ContainerStateMachine (ContainerStateMachine.java:loadSnapshot(230)) - group-A88D701203E2: The snapshot info is null. Setting the last applied indexto:(t:0, i:~)
2019-09-20 01:07:45,071 [pool-649-thread-1] INFO  server.RaftServerConfigKeys (ConfUtils.java:logGet(43)) - raft.server.notification.no-leader.timeout = 120s (custom)
2019-09-20 01:07:45,071 [pool-649-thread-1] INFO  server.RaftServerConfigKeys (ConfUtils.java:logGet(43)) - raft.server.log.use.memory = false (default)
2019-09-20 01:07:45,071 [pool-649-thread-1] INFO  server.RaftServerConfigKeys (ConfUtils.java:logGet(43)) - raft.server.log.purge.gap = 1000000 (custom)
2019-09-20 01:07:45,071 [pool-649-thread-1] INFO  server.RaftServerConfigKeys (ConfUtils.java:logGet(43)) - raft.server.log.appender.buffer.byte-limit = 33554432 (custom)
2019-09-20 01:07:45,071 [pool-649-thread-1] INFO  server.RaftServerConfigKeys (ConfUtils.java:logGet(43)) - raft.server.log.segment.size.max = 1048576 (custom)
2019-09-20 01:07:45,071 [pool-649-thread-1] INFO  server.RaftServerConfigKeys (ConfUtils.java:logGet(43)) - raft.server.log.segment.cache.num.max = 2 (custom)
2019-09-20 01:07:45,071 [pool-649-thread-1] INFO  segmented.SegmentedRaftLogWorker (SegmentedRaftLogWorker.java:<init>(172)) - new b2789397-81aa-440e-89aa-cc98be636228@group-A88D701203E2-SegmentedRaftLogWorker for RaftStorage:Storage Directory /workdir/hadoop-ozone/integration-test/target/test-dir/MiniOzoneClusterImpl-b9d2aae5-7523-433a-8853-e61f75a3b2d9/datanode-6/data/ratis/a3ed7ee2-dac7-4258-a815-a88d701203e2
2019-09-20 01:07:45,073 [pool-649-thread-1] INFO  server.RaftServerConfigKeys (ConfUtils.java:logGet(43)) - raft.server.log.queue.byte-limit = 2147483647 (custom)
2019-09-20 01:07:45,073 [pool-649-thread-1] INFO  server.RaftServerConfigKeys (ConfUtils.java:logGet(43)) - raft.server.log.queue.element-limit = 1024 (custom)
2019-09-20 01:07:45,073 [pool-649-thread-1] INFO  server.RaftServerConfigKeys (ConfUtils.java:logGet(43)) - raft.server.log.segment.size.max = 1048576 (custom)
2019-09-20 01:07:45,074 [pool-649-thread-1] INFO  server.RaftServerConfigKeys (ConfUtils.java:logGet(43)) - raft.server.log.preallocated.size = 16384 (custom)
2019-09-20 01:07:45,074 [pool-649-thread-1] INFO  server.RaftServerConfigKeys (ConfUtils.java:logGet(43)) - raft.server.log.write.buffer.size = 33554432 (custom)
2019-09-20 01:07:45,074 [pool-649-thread-1] INFO  server.RaftServerConfigKeys (ConfUtils.java:logGet(43)) - raft.server.log.force.sync.num = 128 (default)
2019-09-20 01:07:45,074 [pool-649-thread-1] INFO  server.RaftServerConfigKeys (ConfUtils.java:logGet(43)) - raft.server.log.statemachine.data.sync = true (default)
2019-09-20 01:07:45,074 [pool-649-thread-1] INFO  server.RaftServerConfigKeys (ConfUtils.java:logGet(43)) - raft.server.log.statemachine.data.sync.timeout = 10s (default)
2019-09-20 01:07:45,074 [pool-649-thread-1] INFO  server.RaftServerConfigKeys (ConfUtils.java:logGet(43)) - raft.server.log.statemachine.data.sync.timeout.retry = -1 (default)
2019-09-20 01:07:45,075 [pool-649-thread-1] INFO  server.RaftServerConfigKeys (ConfUtils.java:logGet(43)) - raft.server.log.statemachine.data.caching.enabled = true (custom)
2019-09-20 01:07:45,075 [pool-649-thread-1] INFO  segmented.SegmentedRaftLogWorker (SegmentedRaftLogWorker.java:lambda$new$0(132)) - b2789397-81aa-440e-89aa-cc98be636228@group-A88D701203E2-SegmentedRaftLogWorker: flushIndex: setUnconditionally 0 -> -1
2019-09-20 01:07:45,075 [pool-649-thread-1] INFO  server.RaftServerConfigKeys (ConfUtils.java:logGet(43)) - raft.server.snapshot.auto.trigger.enabled = true (custom)
2019-09-20 01:07:45,075 [pool-649-thread-1] INFO  server.RaftServerConfigKeys (ConfUtils.java:logGet(43)) - raft.server.snapshot.auto.trigger.threshold = 10000 (custom)
2019-09-20 01:07:45,075 [pool-649-thread-1] INFO  server.RaftServerConfigKeys (ConfUtils.java:logGet(43)) - raft.server.snapshot.retention.num.files = 5 (custom)
2019-09-20 01:07:45,076 [pool-649-thread-1] INFO  server.RaftServerConfigKeys (ConfUtils.java:logGet(43)) - raft.server.retrycache.expirytime = 600000ms (custom)
2019-09-20 01:07:45,077 [pool-649-thread-1] INFO  impl.RaftServerImpl (RaftServerImpl.java:start(185)) - b2789397-81aa-440e-89aa-cc98be636228@group-A88D701203E2: start as a follower, conf=-1: [b2789397-81aa-440e-89aa-cc98be636228:192.168.151.120:46882], old=null
2019-09-20 01:07:45,077 [pool-649-thread-1] INFO  impl.RaftServerImpl (RaftServerImpl.java:setRole(174)) - b2789397-81aa-440e-89aa-cc98be636228@group-A88D701203E2: changes role from      null to FOLLOWER at term 0 for startAsFollower
2019-09-20 01:07:45,078 [pool-649-thread-1] INFO  impl.RoleInfo (RoleInfo.java:updateAndGet(143)) - b2789397-81aa-440e-89aa-cc98be636228: start FollowerState
2019-09-20 01:07:45,078 [pool-649-thread-1] INFO  util.JmxRegister (JmxRegister.java:tryRegister(44)) - Successfully registered JMX Bean with object name Ratis:service=RaftServer,group=group-A88D701203E2,id=b2789397-81aa-440e-89aa-cc98be636228
2019-09-20 01:07:45,080 [RatisPipelineUtilsThread] INFO  pipeline.PipelineStateManager (PipelineStateManager.java:addPipeline(56)) - Created pipeline Pipeline[ Id: a3ed7ee2-dac7-4258-a815-a88d701203e2, Nodes: b2789397-81aa-440e-89aa-cc98be636228{ip: 192.168.151.120, host: pr-hdds-2150-czsg7-3946154559, networkLocation: /default-rack, certSerialId: null}, Type:RATIS, Factor:ONE, State:OPEN]
2019-09-20 01:07:45,098 [grpc-default-executor-9] INFO  impl.RaftServerProxy (RaftServerProxy.java:addNew(89)) - bd6af757-a6f4-41b6-ac37-208ac1659023: addNew group-59206F4A050A:[bd6af757-a6f4-41b6-ac37-208ac1659023:192.168.151.120:32908, b2789397-81aa-440e-89aa-cc98be636228:192.168.151.120:46882, fb7bf5ec-d7cf-4d54-97ec-dd85076a9577:192.168.151.120:44615] returns group-59206F4A050A:java.util.concurrent.CompletableFuture@ea5d666[Not completed]
2019-09-20 01:07:45,098 [grpc-default-executor-10] INFO  impl.RaftServerProxy (RaftServerProxy.java:addNew(89)) - fb7bf5ec-d7cf-4d54-97ec-dd85076a9577: addNew group-59206F4A050A:[bd6af757-a6f4-41b6-ac37-208ac1659023:192.168.151.120:32908, b2789397-81aa-440e-89aa-cc98be636228:192.168.151.120:46882, fb7bf5ec-d7cf-4d54-97ec-dd85076a9577:192.168.151.120:44615] returns group-59206F4A050A:java.util.concurrent.CompletableFuture@66cce0cd[Not completed]
2019-09-20 01:07:45,098 [grpc-default-executor-6] INFO  impl.RaftServerProxy (RaftServerProxy.java:addNew(89)) - b2789397-81aa-440e-89aa-cc98be636228: addNew group-59206F4A050A:[bd6af757-a6f4-41b6-ac37-208ac1659023:192.168.151.120:32908, b2789397-81aa-440e-89aa-cc98be636228:192.168.151.120:46882, fb7bf5ec-d7cf-4d54-97ec-dd85076a9577:192.168.151.120:44615] returns group-59206F4A050A:java.util.concurrent.CompletableFuture@ecd8c15[Not completed]
2019-09-20 01:07:45,099 [pool-619-thread-1] INFO  impl.RaftServerImpl (RaftServerImpl.java:<init>(95)) - bd6af757-a6f4-41b6-ac37-208ac1659023: new RaftServerImpl for group-59206F4A050A:[bd6af757-a6f4-41b6-ac37-208ac1659023:192.168.151.120:32908, b2789397-81aa-440e-89aa-cc98be636228:192.168.151.120:46882, fb7bf5ec-d7cf-4d54-97ec-dd85076a9577:192.168.151.120:44615] with ContainerStateMachine:uninitialized
2019-09-20 01:07:45,099 [pool-619-thread-1] INFO  server.RaftServerConfigKeys (ConfUtils.java:logGet(43)) - raft.server.rpc.timeout.min = 5s (custom)
2019-09-20 01:07:45,099 [pool-619-thread-1] INFO  server.RaftServerConfigKeys (ConfUtils.java:logGet(43)) - raft.server.rpc.timeout.max = 5200ms (custom)
2019-09-20 01:07:45,099 [pool-619-thread-1] INFO  server.RaftServerConfigKeys (ConfUtils.java:logGet(43)) - raft.server.rpcslowness.timeout = 120s (custom)
2019-09-20 01:07:45,099 [pool-619-thread-1] INFO  server.RaftServerConfigKeys (ConfUtils.java:logGet(43)) - raft.server.sleep.deviation.threshold = 300 (default)
2019-09-20 01:07:45,099 [pool-619-thread-1] INFO  server.RaftServerConfigKeys (ConfUtils.java:logGet(43)) - raft.server.log.appender.install.snapshot.enabled = false (custom)
2019-09-20 01:07:45,099 [pool-619-thread-1] INFO  impl.RaftServerImpl (ServerState.java:<init>(103)) - bd6af757-a6f4-41b6-ac37-208ac1659023@group-59206F4A050A: ConfigurationManager, init=-1: [bd6af757-a6f4-41b6-ac37-208ac1659023:192.168.151.120:32908, b2789397-81aa-440e-89aa-cc98be636228:192.168.151.120:46882, fb7bf5ec-d7cf-4d54-97ec-dd85076a9577:192.168.151.120:44615], old=null, confs=<EMPTY_MAP>
2019-09-20 01:07:45,100 [pool-619-thread-1] INFO  server.RaftServerConfigKeys (ConfUtils.java:logGet(43)) - raft.server.storage.dir = [/workdir/hadoop-ozone/integration-test/target/test-dir/MiniOzoneClusterImpl-b9d2aae5-7523-433a-8853-e61f75a3b2d9/datanode-3/data/ratis] (custom)
2019-09-20 01:07:45,100 [pool-649-thread-1] INFO  impl.RaftServerImpl (RaftServerImpl.java:<init>(95)) - b2789397-81aa-440e-89aa-cc98be636228: new RaftServerImpl for group-59206F4A050A:[bd6af757-a6f4-41b6-ac37-208ac1659023:192.168.151.120:32908, b2789397-81aa-440e-89aa-cc98be636228:192.168.151.120:46882, fb7bf5ec-d7cf-4d54-97ec-dd85076a9577:192.168.151.120:44615] with ContainerStateMachine:uninitialized
2019-09-20 01:07:45,100 [pool-649-thread-1] INFO  server.RaftServerConfigKeys (ConfUtils.java:logGet(43)) - raft.server.rpc.timeout.min = 5s (custom)
2019-09-20 01:07:45,100 [pool-619-thread-1] INFO  storage.RaftStorageDirectory (RaftStorageDirectory.java:analyzeStorage(246)) - The storage directory /workdir/hadoop-ozone/integration-test/target/test-dir/MiniOzoneClusterImpl-b9d2aae5-7523-433a-8853-e61f75a3b2d9/datanode-3/data/ratis/fdfff3bf-00c4-4548-a179-59206f4a050a does not exist. Creating ...
2019-09-20 01:07:45,100 [pool-639-thread-1] INFO  impl.RaftServerImpl (RaftServerImpl.java:<init>(95)) - fb7bf5ec-d7cf-4d54-97ec-dd85076a9577: new RaftServerImpl for group-59206F4A050A:[bd6af757-a6f4-41b6-ac37-208ac1659023:192.168.151.120:32908, b2789397-81aa-440e-89aa-cc98be636228:192.168.151.120:46882, fb7bf5ec-d7cf-4d54-97ec-dd85076a9577:192.168.151.120:44615] with ContainerStateMachine:uninitialized
2019-09-20 01:07:45,100 [pool-649-thread-1] INFO  server.RaftServerConfigKeys (ConfUtils.java:logGet(43)) - raft.server.rpc.timeout.max = 5200ms (custom)
2019-09-20 01:07:45,100 [pool-639-thread-1] INFO  server.RaftServerConfigKeys (ConfUtils.java:logGet(43)) - raft.server.rpc.timeout.min = 5s (custom)
2019-09-20 01:07:45,100 [pool-649-thread-1] INFO  server.RaftServerConfigKeys (ConfUtils.java:logGet(43)) - raft.server.rpcslowness.timeout = 120s (custom)
2019-09-20 01:07:45,100 [pool-639-thread-1] INFO  server.RaftServerConfigKeys (ConfUtils.java:logGet(43)) - raft.server.rpc.timeout.max = 5200ms (custom)
2019-09-20 01:07:45,101 [pool-649-thread-1] INFO  server.RaftServerConfigKeys (ConfUtils.java:logGet(43)) - raft.server.sleep.deviation.threshold = 300 (default)
2019-09-20 01:07:45,101 [pool-639-thread-1] INFO  server.RaftServerConfigKeys (ConfUtils.java:logGet(43)) - raft.server.rpcslowness.timeout = 120s (custom)
2019-09-20 01:07:45,101 [pool-649-thread-1] INFO  server.RaftServerConfigKeys (ConfUtils.java:logGet(43)) - raft.server.log.appender.install.snapshot.enabled = false (custom)
2019-09-20 01:07:45,101 [pool-639-thread-1] INFO  server.RaftServerConfigKeys (ConfUtils.java:logGet(43)) - raft.server.sleep.deviation.threshold = 300 (default)
2019-09-20 01:07:45,101 [pool-649-thread-1] INFO  impl.RaftServerImpl (ServerState.java:<init>(103)) - b2789397-81aa-440e-89aa-cc98be636228@group-59206F4A050A: ConfigurationManager, init=-1: [bd6af757-a6f4-41b6-ac37-208ac1659023:192.168.151.120:32908, b2789397-81aa-440e-89aa-cc98be636228:192.168.151.120:46882, fb7bf5ec-d7cf-4d54-97ec-dd85076a9577:192.168.151.120:44615], old=null, confs=<EMPTY_MAP>
2019-09-20 01:07:45,101 [pool-639-thread-1] INFO  server.RaftServerConfigKeys (ConfUtils.java:logGet(43)) - raft.server.log.appender.install.snapshot.enabled = false (custom)
2019-09-20 01:07:45,101 [pool-649-thread-1] INFO  server.RaftServerConfigKeys (ConfUtils.java:logGet(43)) - raft.server.storage.dir = [/workdir/hadoop-ozone/integration-test/target/test-dir/MiniOzoneClusterImpl-b9d2aae5-7523-433a-8853-e61f75a3b2d9/datanode-6/data/ratis] (custom)
2019-09-20 01:07:45,101 [pool-639-thread-1] INFO  impl.RaftServerImpl (ServerState.java:<init>(103)) - fb7bf5ec-d7cf-4d54-97ec-dd85076a9577@group-59206F4A050A: ConfigurationManager, init=-1: [bd6af757-a6f4-41b6-ac37-208ac1659023:192.168.151.120:32908, b2789397-81aa-440e-89aa-cc98be636228:192.168.151.120:46882, fb7bf5ec-d7cf-4d54-97ec-dd85076a9577:192.168.151.120:44615], old=null, confs=<EMPTY_MAP>
2019-09-20 01:07:45,102 [pool-639-thread-1] INFO  server.RaftServerConfigKeys (ConfUtils.java:logGet(43)) - raft.server.storage.dir = [/workdir/hadoop-ozone/integration-test/target/test-dir/MiniOzoneClusterImpl-b9d2aae5-7523-433a-8853-e61f75a3b2d9/datanode-5/data/ratis] (custom)
2019-09-20 01:07:45,102 [pool-649-thread-1] INFO  storage.RaftStorageDirectory (RaftStorageDirectory.java:analyzeStorage(246)) - The storage directory /workdir/hadoop-ozone/integration-test/target/test-dir/MiniOzoneClusterImpl-b9d2aae5-7523-433a-8853-e61f75a3b2d9/datanode-6/data/ratis/fdfff3bf-00c4-4548-a179-59206f4a050a does not exist. Creating ...
2019-09-20 01:07:45,102 [pool-639-thread-1] INFO  storage.RaftStorageDirectory (RaftStorageDirectory.java:analyzeStorage(246)) - The storage directory /workdir/hadoop-ozone/integration-test/target/test-dir/MiniOzoneClusterImpl-b9d2aae5-7523-433a-8853-e61f75a3b2d9/datanode-5/data/ratis/fdfff3bf-00c4-4548-a179-59206f4a050a does not exist. Creating ...
2019-09-20 01:07:45,113 [pool-639-thread-1] INFO  storage.RaftStorageDirectory (RaftStorageDirectory.java:tryLock(328)) - Lock on /workdir/hadoop-ozone/integration-test/target/test-dir/MiniOzoneClusterImpl-b9d2aae5-7523-433a-8853-e61f75a3b2d9/datanode-5/data/ratis/fdfff3bf-00c4-4548-a179-59206f4a050a/in_use.lock acquired by nodename 22440@pr-hdds-2150-czsg7-3946154559
2019-09-20 01:07:45,113 [pool-619-thread-1] INFO  storage.RaftStorageDirectory (RaftStorageDirectory.java:tryLock(328)) - Lock on /workdir/hadoop-ozone/integration-test/target/test-dir/MiniOzoneClusterImpl-b9d2aae5-7523-433a-8853-e61f75a3b2d9/datanode-3/data/ratis/fdfff3bf-00c4-4548-a179-59206f4a050a/in_use.lock acquired by nodename 22440@pr-hdds-2150-czsg7-3946154559
2019-09-20 01:07:45,113 [pool-649-thread-1] INFO  storage.RaftStorageDirectory (RaftStorageDirectory.java:tryLock(328)) - Lock on /workdir/hadoop-ozone/integration-test/target/test-dir/MiniOzoneClusterImpl-b9d2aae5-7523-433a-8853-e61f75a3b2d9/datanode-6/data/ratis/fdfff3bf-00c4-4548-a179-59206f4a050a/in_use.lock acquired by nodename 22440@pr-hdds-2150-czsg7-3946154559
2019-09-20 01:07:45,127 [pool-649-thread-1] INFO  storage.RaftStorage (RaftStorage.java:format(72)) - Storage directory /workdir/hadoop-ozone/integration-test/target/test-dir/MiniOzoneClusterImpl-b9d2aae5-7523-433a-8853-e61f75a3b2d9/datanode-6/data/ratis/fdfff3bf-00c4-4548-a179-59206f4a050a has been successfully formatted.
2019-09-20 01:07:45,127 [pool-619-thread-1] INFO  storage.RaftStorage (RaftStorage.java:format(72)) - Storage directory /workdir/hadoop-ozone/integration-test/target/test-dir/MiniOzoneClusterImpl-b9d2aae5-7523-433a-8853-e61f75a3b2d9/datanode-3/data/ratis/fdfff3bf-00c4-4548-a179-59206f4a050a has been successfully formatted.
2019-09-20 01:07:45,127 [pool-639-thread-1] INFO  storage.RaftStorage (RaftStorage.java:format(72)) - Storage directory /workdir/hadoop-ozone/integration-test/target/test-dir/MiniOzoneClusterImpl-b9d2aae5-7523-433a-8853-e61f75a3b2d9/datanode-5/data/ratis/fdfff3bf-00c4-4548-a179-59206f4a050a has been successfully formatted.
2019-09-20 01:07:45,127 [pool-649-thread-1] INFO  ratis.ContainerStateMachine (ContainerStateMachine.java:loadSnapshot(230)) - group-59206F4A050A: The snapshot info is null. Setting the last applied indexto:(t:0, i:~)
2019-09-20 01:07:45,127 [pool-639-thread-1] INFO  ratis.ContainerStateMachine (ContainerStateMachine.java:loadSnapshot(230)) - group-59206F4A050A: The snapshot info is null. Setting the last applied indexto:(t:0, i:~)
2019-09-20 01:07:45,127 [pool-619-thread-1] INFO  ratis.ContainerStateMachine (ContainerStateMachine.java:loadSnapshot(230)) - group-59206F4A050A: The snapshot info is null. Setting the last applied indexto:(t:0, i:~)
2019-09-20 01:07:45,128 [pool-639-thread-1] INFO  server.RaftServerConfigKeys (ConfUtils.java:logGet(43)) - raft.server.notification.no-leader.timeout = 120s (custom)
2019-09-20 01:07:45,128 [pool-649-thread-1] INFO  server.RaftServerConfigKeys (ConfUtils.java:logGet(43)) - raft.server.notification.no-leader.timeout = 120s (custom)
2019-09-20 01:07:45,128 [pool-639-thread-1] INFO  server.RaftServerConfigKeys (ConfUtils.java:logGet(43)) - raft.server.log.use.memory = false (default)
2019-09-20 01:07:45,128 [pool-619-thread-1] INFO  server.RaftServerConfigKeys (ConfUtils.java:logGet(43)) - raft.server.notification.no-leader.timeout = 120s (custom)
2019-09-20 01:07:45,128 [pool-639-thread-1] INFO  server.RaftServerConfigKeys (ConfUtils.java:logGet(43)) - raft.server.log.purge.gap = 1000000 (custom)
2019-09-20 01:07:45,128 [pool-649-thread-1] INFO  server.RaftServerConfigKeys (ConfUtils.java:logGet(43)) - raft.server.log.use.memory = false (default)
2019-09-20 01:07:45,128 [pool-639-thread-1] INFO  server.RaftServerConfigKeys (ConfUtils.java:logGet(43)) - raft.server.log.appender.buffer.byte-limit = 33554432 (custom)
2019-09-20 01:07:45,128 [pool-619-thread-1] INFO  server.RaftServerConfigKeys (ConfUtils.java:logGet(43)) - raft.server.log.use.memory = false (default)
2019-09-20 01:07:45,129 [pool-639-thread-1] INFO  server.RaftServerConfigKeys (ConfUtils.java:logGet(43)) - raft.server.log.segment.size.max = 1048576 (custom)
2019-09-20 01:07:45,129 [pool-649-thread-1] INFO  server.RaftServerConfigKeys (ConfUtils.java:logGet(43)) - raft.server.log.purge.gap = 1000000 (custom)
2019-09-20 01:07:45,129 [pool-639-thread-1] INFO  server.RaftServerConfigKeys (ConfUtils.java:logGet(43)) - raft.server.log.segment.cache.num.max = 2 (custom)
2019-09-20 01:07:45,129 [pool-619-thread-1] INFO  server.RaftServerConfigKeys (ConfUtils.java:logGet(43)) - raft.server.log.purge.gap = 1000000 (custom)
2019-09-20 01:07:45,129 [pool-639-thread-1] INFO  segmented.SegmentedRaftLogWorker (SegmentedRaftLogWorker.java:<init>(172)) - new fb7bf5ec-d7cf-4d54-97ec-dd85076a9577@group-59206F4A050A-SegmentedRaftLogWorker for RaftStorage:Storage Directory /workdir/hadoop-ozone/integration-test/target/test-dir/MiniOzoneClusterImpl-b9d2aae5-7523-433a-8853-e61f75a3b2d9/datanode-5/data/ratis/fdfff3bf-00c4-4548-a179-59206f4a050a
2019-09-20 01:07:45,129 [pool-649-thread-1] INFO  server.RaftServerConfigKeys (ConfUtils.java:logGet(43)) - raft.server.log.appender.buffer.byte-limit = 33554432 (custom)
2019-09-20 01:07:45,129 [pool-619-thread-1] INFO  server.RaftServerConfigKeys (ConfUtils.java:logGet(43)) - raft.server.log.appender.buffer.byte-limit = 33554432 (custom)
2019-09-20 01:07:45,130 [pool-649-thread-1] INFO  server.RaftServerConfigKeys (ConfUtils.java:logGet(43)) - raft.server.log.segment.size.max = 1048576 (custom)
2019-09-20 01:07:45,129 [pool-639-thread-1] INFO  server.RaftServerConfigKeys (ConfUtils.java:logGet(43)) - raft.server.log.queue.byte-limit = 2147483647 (custom)
2019-09-20 01:07:45,130 [pool-649-thread-1] INFO  server.RaftServerConfigKeys (ConfUtils.java:logGet(43)) - raft.server.log.segment.cache.num.max = 2 (custom)
2019-09-20 01:07:45,130 [pool-619-thread-1] INFO  server.RaftServerConfigKeys (ConfUtils.java:logGet(43)) - raft.server.log.segment.size.max = 1048576 (custom)
2019-09-20 01:07:45,130 [pool-649-thread-1] INFO  segmented.SegmentedRaftLogWorker (SegmentedRaftLogWorker.java:<init>(172)) - new b2789397-81aa-440e-89aa-cc98be636228@group-59206F4A050A-SegmentedRaftLogWorker for RaftStorage:Storage Directory /workdir/hadoop-ozone/integration-test/target/test-dir/MiniOzoneClusterImpl-b9d2aae5-7523-433a-8853-e61f75a3b2d9/datanode-6/data/ratis/fdfff3bf-00c4-4548-a179-59206f4a050a
2019-09-20 01:07:45,130 [pool-639-thread-1] INFO  server.RaftServerConfigKeys (ConfUtils.java:logGet(43)) - raft.server.log.queue.element-limit = 1024 (custom)
2019-09-20 01:07:45,130 [pool-649-thread-1] INFO  server.RaftServerConfigKeys (ConfUtils.java:logGet(43)) - raft.server.log.queue.byte-limit = 2147483647 (custom)
2019-09-20 01:07:45,130 [pool-619-thread-1] INFO  server.RaftServerConfigKeys (ConfUtils.java:logGet(43)) - raft.server.log.segment.cache.num.max = 2 (custom)
2019-09-20 01:07:45,131 [pool-649-thread-1] INFO  server.RaftServerConfigKeys (ConfUtils.java:logGet(43)) - raft.server.log.queue.element-limit = 1024 (custom)
2019-09-20 01:07:45,131 [pool-639-thread-1] INFO  server.RaftServerConfigKeys (ConfUtils.java:logGet(43)) - raft.server.log.segment.size.max = 1048576 (custom)
2019-09-20 01:07:45,131 [pool-649-thread-1] INFO  server.RaftServerConfigKeys (ConfUtils.java:logGet(43)) - raft.server.log.segment.size.max = 1048576 (custom)
2019-09-20 01:07:45,131 [pool-619-thread-1] INFO  segmented.SegmentedRaftLogWorker (SegmentedRaftLogWorker.java:<init>(172)) - new bd6af757-a6f4-41b6-ac37-208ac1659023@group-59206F4A050A-SegmentedRaftLogWorker for RaftStorage:Storage Directory /workdir/hadoop-ozone/integration-test/target/test-dir/MiniOzoneClusterImpl-b9d2aae5-7523-433a-8853-e61f75a3b2d9/datanode-3/data/ratis/fdfff3bf-00c4-4548-a179-59206f4a050a
2019-09-20 01:07:45,131 [pool-649-thread-1] INFO  server.RaftServerConfigKeys (ConfUtils.java:logGet(43)) - raft.server.log.preallocated.size = 16384 (custom)
2019-09-20 01:07:45,131 [pool-639-thread-1] INFO  server.RaftServerConfigKeys (ConfUtils.java:logGet(43)) - raft.server.log.preallocated.size = 16384 (custom)
2019-09-20 01:07:45,131 [pool-649-thread-1] INFO  server.RaftServerConfigKeys (ConfUtils.java:logGet(43)) - raft.server.log.write.buffer.size = 33554432 (custom)
2019-09-20 01:07:45,131 [pool-619-thread-1] INFO  server.RaftServerConfigKeys (ConfUtils.java:logGet(43)) - raft.server.log.queue.byte-limit = 2147483647 (custom)
2019-09-20 01:07:45,132 [pool-649-thread-1] INFO  server.RaftServerConfigKeys (ConfUtils.java:logGet(43)) - raft.server.log.force.sync.num = 128 (default)
2019-09-20 01:07:45,132 [pool-639-thread-1] INFO  server.RaftServerConfigKeys (ConfUtils.java:logGet(43)) - raft.server.log.write.buffer.size = 33554432 (custom)
2019-09-20 01:07:45,132 [pool-649-thread-1] INFO  server.RaftServerConfigKeys (ConfUtils.java:logGet(43)) - raft.server.log.statemachine.data.sync = true (default)
2019-09-20 01:07:45,132 [pool-619-thread-1] INFO  server.RaftServerConfigKeys (ConfUtils.java:logGet(43)) - raft.server.log.queue.element-limit = 1024 (custom)
2019-09-20 01:07:45,132 [pool-649-thread-1] INFO  server.RaftServerConfigKeys (ConfUtils.java:logGet(43)) - raft.server.log.statemachine.data.sync.timeout = 10s (default)
2019-09-20 01:07:45,132 [pool-639-thread-1] INFO  server.RaftServerConfigKeys (ConfUtils.java:logGet(43)) - raft.server.log.force.sync.num = 128 (default)
2019-09-20 01:07:45,133 [pool-649-thread-1] INFO  server.RaftServerConfigKeys (ConfUtils.java:logGet(43)) - raft.server.log.statemachine.data.sync.timeout.retry = -1 (default)
2019-09-20 01:07:45,133 [pool-619-thread-1] INFO  server.RaftServerConfigKeys (ConfUtils.java:logGet(43)) - raft.server.log.segment.size.max = 1048576 (custom)
2019-09-20 01:07:45,133 [pool-649-thread-1] INFO  server.RaftServerConfigKeys (ConfUtils.java:logGet(43)) - raft.server.log.statemachine.data.caching.enabled = true (custom)
2019-09-20 01:07:45,133 [pool-639-thread-1] INFO  server.RaftServerConfigKeys (ConfUtils.java:logGet(43)) - raft.server.log.statemachine.data.sync = true (default)
2019-09-20 01:07:45,133 [pool-619-thread-1] INFO  server.RaftServerConfigKeys (ConfUtils.java:logGet(43)) - raft.server.log.preallocated.size = 16384 (custom)
2019-09-20 01:07:45,133 [pool-639-thread-1] INFO  server.RaftServerConfigKeys (ConfUtils.java:logGet(43)) - raft.server.log.statemachine.data.sync.timeout = 10s (default)
2019-09-20 01:07:45,134 [pool-649-thread-1] INFO  segmented.SegmentedRaftLogWorker (SegmentedRaftLogWorker.java:lambda$new$0(132)) - b2789397-81aa-440e-89aa-cc98be636228@group-59206F4A050A-SegmentedRaftLogWorker: flushIndex: setUnconditionally 0 -> -1
2019-09-20 01:07:45,134 [pool-619-thread-1] INFO  server.RaftServerConfigKeys (ConfUtils.java:logGet(43)) - raft.server.log.write.buffer.size = 33554432 (custom)
2019-09-20 01:07:45,134 [pool-619-thread-1] INFO  server.RaftServerConfigKeys (ConfUtils.java:logGet(43)) - raft.server.log.force.sync.num = 128 (default)
2019-09-20 01:07:45,134 [pool-639-thread-1] INFO  server.RaftServerConfigKeys (ConfUtils.java:logGet(43)) - raft.server.log.statemachine.data.sync.timeout.retry = -1 (default)
2019-09-20 01:07:45,134 [pool-649-thread-1] INFO  server.RaftServerConfigKeys (ConfUtils.java:logGet(43)) - raft.server.snapshot.auto.trigger.enabled = true (custom)
2019-09-20 01:07:45,134 [pool-619-thread-1] INFO  server.RaftServerConfigKeys (ConfUtils.java:logGet(43)) - raft.server.log.statemachine.data.sync = true (default)
2019-09-20 01:07:45,134 [pool-649-thread-1] INFO  server.RaftServerConfigKeys (ConfUtils.java:logGet(43)) - raft.server.snapshot.auto.trigger.threshold = 10000 (custom)
2019-09-20 01:07:45,134 [pool-639-thread-1] INFO  server.RaftServerConfigKeys (ConfUtils.java:logGet(43)) - raft.server.log.statemachine.data.caching.enabled = true (custom)
2019-09-20 01:07:45,135 [pool-649-thread-1] INFO  server.RaftServerConfigKeys (ConfUtils.java:logGet(43)) - raft.server.snapshot.retention.num.files = 5 (custom)
2019-09-20 01:07:45,135 [pool-639-thread-1] INFO  segmented.SegmentedRaftLogWorker (SegmentedRaftLogWorker.java:lambda$new$0(132)) - fb7bf5ec-d7cf-4d54-97ec-dd85076a9577@group-59206F4A050A-SegmentedRaftLogWorker: flushIndex: setUnconditionally 0 -> -1
2019-09-20 01:07:45,135 [pool-619-thread-1] INFO  server.RaftServerConfigKeys (ConfUtils.java:logGet(43)) - raft.server.log.statemachine.data.sync.timeout = 10s (default)
2019-09-20 01:07:45,135 [pool-649-thread-1] INFO  server.RaftServerConfigKeys (ConfUtils.java:logGet(43)) - raft.server.retrycache.expirytime = 600000ms (custom)
2019-09-20 01:07:45,135 [pool-639-thread-1] INFO  server.RaftServerConfigKeys (ConfUtils.java:logGet(43)) - raft.server.snapshot.auto.trigger.enabled = true (custom)
2019-09-20 01:07:45,135 [pool-619-thread-1] INFO  server.RaftServerConfigKeys (ConfUtils.java:logGet(43)) - raft.server.log.statemachine.data.sync.timeout.retry = -1 (default)
2019-09-20 01:07:45,135 [pool-639-thread-1] INFO  server.RaftServerConfigKeys (ConfUtils.java:logGet(43)) - raft.server.snapshot.auto.trigger.threshold = 10000 (custom)
2019-09-20 01:07:45,136 [pool-619-thread-1] INFO  server.RaftServerConfigKeys (ConfUtils.java:logGet(43)) - raft.server.log.statemachine.data.caching.enabled = true (custom)
2019-09-20 01:07:45,136 [pool-639-thread-1] INFO  server.RaftServerConfigKeys (ConfUtils.java:logGet(43)) - raft.server.snapshot.retention.num.files = 5 (custom)
2019-09-20 01:07:45,136 [pool-619-thread-1] INFO  segmented.SegmentedRaftLogWorker (SegmentedRaftLogWorker.java:lambda$new$0(132)) - bd6af757-a6f4-41b6-ac37-208ac1659023@group-59206F4A050A-SegmentedRaftLogWorker: flushIndex: setUnconditionally 0 -> -1
2019-09-20 01:07:45,136 [pool-639-thread-1] INFO  server.RaftServerConfigKeys (ConfUtils.java:logGet(43)) - raft.server.retrycache.expirytime = 600000ms (custom)
2019-09-20 01:07:45,136 [pool-619-thread-1] INFO  server.RaftServerConfigKeys (ConfUtils.java:logGet(43)) - raft.server.snapshot.auto.trigger.enabled = true (custom)
2019-09-20 01:07:45,136 [pool-619-thread-1] INFO  server.RaftServerConfigKeys (ConfUtils.java:logGet(43)) - raft.server.snapshot.auto.trigger.threshold = 10000 (custom)
2019-09-20 01:07:45,136 [pool-619-thread-1] INFO  server.RaftServerConfigKeys (ConfUtils.java:logGet(43)) - raft.server.snapshot.retention.num.files = 5 (custom)
2019-09-20 01:07:45,136 [pool-619-thread-1] INFO  server.RaftServerConfigKeys (ConfUtils.java:logGet(43)) - raft.server.retrycache.expirytime = 600000ms (custom)
2019-09-20 01:07:45,139 [pool-649-thread-1] INFO  impl.RaftServerImpl (RaftServerImpl.java:start(185)) - b2789397-81aa-440e-89aa-cc98be636228@group-59206F4A050A: start as a follower, conf=-1: [bd6af757-a6f4-41b6-ac37-208ac1659023:192.168.151.120:32908, b2789397-81aa-440e-89aa-cc98be636228:192.168.151.120:46882, fb7bf5ec-d7cf-4d54-97ec-dd85076a9577:192.168.151.120:44615], old=null
2019-09-20 01:07:45,139 [pool-649-thread-1] INFO  impl.RaftServerImpl (RaftServerImpl.java:setRole(174)) - b2789397-81aa-440e-89aa-cc98be636228@group-59206F4A050A: changes role from      null to FOLLOWER at term 0 for startAsFollower
2019-09-20 01:07:45,139 [pool-649-thread-1] INFO  impl.RoleInfo (RoleInfo.java:updateAndGet(143)) - b2789397-81aa-440e-89aa-cc98be636228: start FollowerState
2019-09-20 01:07:45,139 [pool-649-thread-1] INFO  util.JmxRegister (JmxRegister.java:tryRegister(44)) - Successfully registered JMX Bean with object name Ratis:service=RaftServer,group=group-59206F4A050A,id=b2789397-81aa-440e-89aa-cc98be636228
2019-09-20 01:07:45,140 [pool-639-thread-1] INFO  impl.RaftServerImpl (RaftServerImpl.java:start(185)) - fb7bf5ec-d7cf-4d54-97ec-dd85076a9577@group-59206F4A050A: start as a follower, conf=-1: [bd6af757-a6f4-41b6-ac37-208ac1659023:192.168.151.120:32908, b2789397-81aa-440e-89aa-cc98be636228:192.168.151.120:46882, fb7bf5ec-d7cf-4d54-97ec-dd85076a9577:192.168.151.120:44615], old=null
2019-09-20 01:07:45,140 [pool-619-thread-1] INFO  impl.RaftServerImpl (RaftServerImpl.java:start(185)) - bd6af757-a6f4-41b6-ac37-208ac1659023@group-59206F4A050A: start as a follower, conf=-1: [bd6af757-a6f4-41b6-ac37-208ac1659023:192.168.151.120:32908, b2789397-81aa-440e-89aa-cc98be636228:192.168.151.120:46882, fb7bf5ec-d7cf-4d54-97ec-dd85076a9577:192.168.151.120:44615], old=null
2019-09-20 01:07:45,140 [pool-639-thread-1] INFO  impl.RaftServerImpl (RaftServerImpl.java:setRole(174)) - fb7bf5ec-d7cf-4d54-97ec-dd85076a9577@group-59206F4A050A: changes role from      null to FOLLOWER at term 0 for startAsFollower
2019-09-20 01:07:45,140 [pool-619-thread-1] INFO  impl.RaftServerImpl (RaftServerImpl.java:setRole(174)) - bd6af757-a6f4-41b6-ac37-208ac1659023@group-59206F4A050A: changes role from      null to FOLLOWER at term 0 for startAsFollower
2019-09-20 01:07:45,140 [pool-639-thread-1] INFO  impl.RoleInfo (RoleInfo.java:updateAndGet(143)) - fb7bf5ec-d7cf-4d54-97ec-dd85076a9577: start FollowerState
2019-09-20 01:07:45,140 [pool-619-thread-1] INFO  impl.RoleInfo (RoleInfo.java:updateAndGet(143)) - bd6af757-a6f4-41b6-ac37-208ac1659023: start FollowerState
2019-09-20 01:07:45,140 [pool-639-thread-1] INFO  util.JmxRegister (JmxRegister.java:tryRegister(44)) - Successfully registered JMX Bean with object name Ratis:service=RaftServer,group=group-59206F4A050A,id=fb7bf5ec-d7cf-4d54-97ec-dd85076a9577
2019-09-20 01:07:45,141 [pool-619-thread-1] INFO  util.JmxRegister (JmxRegister.java:tryRegister(44)) - Successfully registered JMX Bean with object name Ratis:service=RaftServer,group=group-59206F4A050A,id=bd6af757-a6f4-41b6-ac37-208ac1659023
2019-09-20 01:07:45,144 [RatisPipelineUtilsThread] INFO  pipeline.PipelineStateManager (PipelineStateManager.java:addPipeline(56)) - Created pipeline Pipeline[ Id: fdfff3bf-00c4-4548-a179-59206f4a050a, Nodes: b2789397-81aa-440e-89aa-cc98be636228{ip: 192.168.151.120, host: pr-hdds-2150-czsg7-3946154559, networkLocation: /default-rack, certSerialId: null}bd6af757-a6f4-41b6-ac37-208ac1659023{ip: 192.168.151.120, host: pr-hdds-2150-czsg7-3946154559, networkLocation: /default-rack, certSerialId: null}fb7bf5ec-d7cf-4d54-97ec-dd85076a9577{ip: 192.168.151.120, host: pr-hdds-2150-czsg7-3946154559, networkLocation: /default-rack, certSerialId: null}, Type:RATIS, Factor:THREE, State:OPEN]
2019-09-20 01:07:45,176 [grpc-default-executor-6] INFO  client.GrpcClientProtocolClient (GrpcClientProtocolClient.java:onNext(264)) - client-764E9C913DE3->809f5201-257f-4963-aae6-d62ea1498496: receive RaftClientReply:client-764E9C913DE3->809f5201-257f-4963-aae6-d62ea1498496@group-3C57384956DC, cid=230, FAILED org.apache.ratis.protocol.NotLeaderException: Server 809f5201-257f-4963-aae6-d62ea1498496@group-3C57384956DC is not the leader, logIndex=0, commits[809f5201-257f-4963-aae6-d62ea1498496:c-1]
2019-09-20 01:07:46,191 [grpc-default-executor-6] INFO  client.GrpcClientProtocolClient (GrpcClientProtocolClient.java:onNext(264)) - client-764E9C913DE3->117db472-d517-4212-84f1-798145bdd4fe: receive RaftClientReply:client-764E9C913DE3->117db472-d517-4212-84f1-798145bdd4fe@group-3C57384956DC, cid=230, FAILED org.apache.ratis.protocol.NotLeaderException: Server 117db472-d517-4212-84f1-798145bdd4fe@group-3C57384956DC is not the leader, logIndex=0, commits[117db472-d517-4212-84f1-798145bdd4fe:c-1]
2019-09-20 01:07:47,208 [grpc-default-executor-10] INFO  client.GrpcClientProtocolClient (GrpcClientProtocolClient.java:onNext(264)) - client-764E9C913DE3->063be966-4847-4d82-9ae0-381db0b4ba8b: receive RaftClientReply:client-764E9C913DE3->063be966-4847-4d82-9ae0-381db0b4ba8b@group-3C57384956DC, cid=230, FAILED org.apache.ratis.protocol.NotLeaderException: Server 063be966-4847-4d82-9ae0-381db0b4ba8b@group-3C57384956DC is not the leader, logIndex=0, commits[063be966-4847-4d82-9ae0-381db0b4ba8b:c-1]
2019-09-20 01:07:47,606 [Thread-3936] INFO  container.ReplicationManager (ReplicationManager.java:start(162)) - Starting Replication Monitor Thread.
2019-09-20 01:07:47,616 [ReplicationMonitor] INFO  container.ReplicationManager (ReplicationManager.java:run(225)) - Replication Monitor Thread took 1 milliseconds for processing 1 containers.
2019-09-20 01:07:48,230 [grpc-default-executor-10] INFO  client.GrpcClientProtocolClient (GrpcClientProtocolClient.java:onNext(264)) - client-764E9C913DE3->809f5201-257f-4963-aae6-d62ea1498496: receive RaftClientReply:client-764E9C913DE3->809f5201-257f-4963-aae6-d62ea1498496@group-3C57384956DC, cid=230, FAILED org.apache.ratis.protocol.NotLeaderException: Server 809f5201-257f-4963-aae6-d62ea1498496@group-3C57384956DC is not the leader, logIndex=0, commits[809f5201-257f-4963-aae6-d62ea1498496:c-1]
2019-09-20 01:07:49,256 [grpc-default-executor-6] INFO  client.GrpcClientProtocolClient (GrpcClientProtocolClient.java:onNext(264)) - client-764E9C913DE3->063be966-4847-4d82-9ae0-381db0b4ba8b: receive RaftClientReply:client-764E9C913DE3->063be966-4847-4d82-9ae0-381db0b4ba8b@group-3C57384956DC, cid=230, FAILED org.apache.ratis.protocol.NotLeaderException: Server 063be966-4847-4d82-9ae0-381db0b4ba8b@group-3C57384956DC is not the leader, logIndex=0, commits[063be966-4847-4d82-9ae0-381db0b4ba8b:c-1]
2019-09-20 01:07:49,770 [Thread-3941] INFO  impl.FollowerState (FollowerState.java:run(106)) - 063be966-4847-4d82-9ae0-381db0b4ba8b:group-94C1816ACF52 changes to CANDIDATE, lastRpcTime:5066, electionTimeout:5066ms
2019-09-20 01:07:49,770 [Thread-3941] INFO  impl.RoleInfo (RoleInfo.java:shutdownFollowerState(121)) - 063be966-4847-4d82-9ae0-381db0b4ba8b: shutdown FollowerState
2019-09-20 01:07:49,771 [Thread-3941] INFO  impl.RaftServerImpl (RaftServerImpl.java:setRole(174)) - 063be966-4847-4d82-9ae0-381db0b4ba8b@group-94C1816ACF52: changes role from  FOLLOWER to CANDIDATE at term 0 for changeToCandidate
2019-09-20 01:07:49,771 [Thread-3941] INFO  impl.RoleInfo (RoleInfo.java:updateAndGet(143)) - 063be966-4847-4d82-9ae0-381db0b4ba8b: start LeaderElection
2019-09-20 01:07:49,790 [Thread-3944] INFO  impl.FollowerState (FollowerState.java:run(106)) - 809f5201-257f-4963-aae6-d62ea1498496:group-73AB37D4B7E0 changes to CANDIDATE, lastRpcTime:5045, electionTimeout:5045ms
2019-09-20 01:07:49,790 [Thread-3944] INFO  impl.RoleInfo (RoleInfo.java:shutdownFollowerState(121)) - 809f5201-257f-4963-aae6-d62ea1498496: shutdown FollowerState
2019-09-20 01:07:49,790 [Thread-3944] INFO  impl.RaftServerImpl (RaftServerImpl.java:setRole(174)) - 809f5201-257f-4963-aae6-d62ea1498496@group-73AB37D4B7E0: changes role from  FOLLOWER to CANDIDATE at term 0 for changeToCandidate
2019-09-20 01:07:49,790 [Thread-3944] INFO  impl.RoleInfo (RoleInfo.java:updateAndGet(143)) - 809f5201-257f-4963-aae6-d62ea1498496: start LeaderElection
2019-09-20 01:07:49,801 [063be966-4847-4d82-9ae0-381db0b4ba8b@group-94C1816ACF52:LeaderElection89] INFO  impl.LeaderElection (LeaderElection.java:askForVotes(182)) - 063be966-4847-4d82-9ae0-381db0b4ba8b@group-94C1816ACF52:LeaderElection89: begin an election at term 1 for -1: [063be966-4847-4d82-9ae0-381db0b4ba8b:192.168.151.120:40286], old=null
2019-09-20 01:07:49,801 [063be966-4847-4d82-9ae0-381db0b4ba8b@group-94C1816ACF52:LeaderElection89] INFO  impl.RoleInfo (RoleInfo.java:shutdownLeaderElection(134)) - 063be966-4847-4d82-9ae0-381db0b4ba8b: shutdown LeaderElection
2019-09-20 01:07:49,802 [063be966-4847-4d82-9ae0-381db0b4ba8b@group-94C1816ACF52:LeaderElection89] INFO  impl.RaftServerImpl (RaftServerImpl.java:setRole(174)) - 063be966-4847-4d82-9ae0-381db0b4ba8b@group-94C1816ACF52: changes role from CANDIDATE to LEADER at term 1 for changeToLeader
2019-09-20 01:07:49,802 [063be966-4847-4d82-9ae0-381db0b4ba8b@group-94C1816ACF52:LeaderElection89] INFO  impl.RaftServerImpl (ServerState.java:setLeader(253)) - 063be966-4847-4d82-9ae0-381db0b4ba8b@group-94C1816ACF52: change Leader from null to 063be966-4847-4d82-9ae0-381db0b4ba8b at term 1 for becomeLeader, leader elected after 5105ms
2019-09-20 01:07:49,802 [063be966-4847-4d82-9ae0-381db0b4ba8b@group-94C1816ACF52:LeaderElection89] INFO  server.RaftServerConfigKeys (ConfUtils.java:logGet(43)) - raft.server.staging.catchup.gap = 1000 (default)
2019-09-20 01:07:49,802 [063be966-4847-4d82-9ae0-381db0b4ba8b@group-94C1816ACF52:LeaderElection89] INFO  server.RaftServerConfigKeys (ConfUtils.java:logGet(43)) - raft.server.rpc.sleep.time = 25ms (default)
2019-09-20 01:07:49,803 [063be966-4847-4d82-9ae0-381db0b4ba8b@group-94C1816ACF52:LeaderElection89] INFO  server.RaftServerConfigKeys (ConfUtils.java:logGet(43)) - raft.server.write.element-limit = 4096 (default)
2019-09-20 01:07:49,803 [063be966-4847-4d82-9ae0-381db0b4ba8b@group-94C1816ACF52:LeaderElection89] INFO  server.RaftServerConfigKeys (ConfUtils.java:logGet(43)) - raft.server.watch.timeout = 10s (default)
2019-09-20 01:07:49,803 [063be966-4847-4d82-9ae0-381db0b4ba8b@group-94C1816ACF52:LeaderElection89] INFO  server.RaftServerConfigKeys (ConfUtils.java:logGet(43)) - raft.server.watch.timeout.denomination = 1s (default)
2019-09-20 01:07:49,803 [063be966-4847-4d82-9ae0-381db0b4ba8b@group-94C1816ACF52:LeaderElection89] INFO  server.RaftServerConfigKeys (ConfUtils.java:logGet(43)) - raft.server.watch.element-limit = 65536 (default)
2019-09-20 01:07:49,804 [809f5201-257f-4963-aae6-d62ea1498496@group-73AB37D4B7E0:LeaderElection90] INFO  impl.LeaderElection (LeaderElection.java:askForVotes(182)) - 809f5201-257f-4963-aae6-d62ea1498496@group-73AB37D4B7E0:LeaderElection90: begin an election at term 1 for -1: [809f5201-257f-4963-aae6-d62ea1498496:192.168.151.120:33730], old=null
2019-09-20 01:07:49,804 [809f5201-257f-4963-aae6-d62ea1498496@group-73AB37D4B7E0:LeaderElection90] INFO  impl.RoleInfo (RoleInfo.java:shutdownLeaderElection(134)) - 809f5201-257f-4963-aae6-d62ea1498496: shutdown LeaderElection
2019-09-20 01:07:49,804 [809f5201-257f-4963-aae6-d62ea1498496@group-73AB37D4B7E0:LeaderElection90] INFO  impl.RaftServerImpl (RaftServerImpl.java:setRole(174)) - 809f5201-257f-4963-aae6-d62ea1498496@group-73AB37D4B7E0: changes role from CANDIDATE to LEADER at term 1 for changeToLeader
2019-09-20 01:07:49,804 [809f5201-257f-4963-aae6-d62ea1498496@group-73AB37D4B7E0:LeaderElection90] INFO  impl.RaftServerImpl (ServerState.java:setLeader(253)) - 809f5201-257f-4963-aae6-d62ea1498496@group-73AB37D4B7E0: change Leader from null to 809f5201-257f-4963-aae6-d62ea1498496 at term 1 for becomeLeader, leader elected after 5065ms
2019-09-20 01:07:49,804 [809f5201-257f-4963-aae6-d62ea1498496@group-73AB37D4B7E0:LeaderElection90] INFO  server.RaftServerConfigKeys (ConfUtils.java:logGet(43)) - raft.server.staging.catchup.gap = 1000 (default)
2019-09-20 01:07:49,805 [809f5201-257f-4963-aae6-d62ea1498496@group-73AB37D4B7E0:LeaderElection90] INFO  server.RaftServerConfigKeys (ConfUtils.java:logGet(43)) - raft.server.rpc.sleep.time = 25ms (default)
2019-09-20 01:07:49,805 [809f5201-257f-4963-aae6-d62ea1498496@group-73AB37D4B7E0:LeaderElection90] INFO  server.RaftServerConfigKeys (ConfUtils.java:logGet(43)) - raft.server.write.element-limit = 4096 (default)
2019-09-20 01:07:49,805 [809f5201-257f-4963-aae6-d62ea1498496@group-73AB37D4B7E0:LeaderElection90] INFO  server.RaftServerConfigKeys (ConfUtils.java:logGet(43)) - raft.server.watch.timeout = 10s (default)
2019-09-20 01:07:49,805 [809f5201-257f-4963-aae6-d62ea1498496@group-73AB37D4B7E0:LeaderElection90] INFO  server.RaftServerConfigKeys (ConfUtils.java:logGet(43)) - raft.server.watch.timeout.denomination = 1s (default)
2019-09-20 01:07:49,805 [809f5201-257f-4963-aae6-d62ea1498496@group-73AB37D4B7E0:LeaderElection90] INFO  server.RaftServerConfigKeys (ConfUtils.java:logGet(43)) - raft.server.watch.element-limit = 65536 (default)
2019-09-20 01:07:49,808 [063be966-4847-4d82-9ae0-381db0b4ba8b@group-94C1816ACF52:LeaderElection89] INFO  impl.RoleInfo (RoleInfo.java:updateAndGet(143)) - 063be966-4847-4d82-9ae0-381db0b4ba8b: start LeaderState
2019-09-20 01:07:49,809 [809f5201-257f-4963-aae6-d62ea1498496@group-73AB37D4B7E0:LeaderElection90] INFO  impl.RoleInfo (RoleInfo.java:updateAndGet(143)) - 809f5201-257f-4963-aae6-d62ea1498496: start LeaderState
2019-09-20 01:07:49,809 [063be966-4847-4d82-9ae0-381db0b4ba8b@group-94C1816ACF52:LeaderElection89] INFO  segmented.SegmentedRaftLogWorker (SegmentedRaftLogWorker.java:startLogSegment(380)) - 063be966-4847-4d82-9ae0-381db0b4ba8b@group-94C1816ACF52-SegmentedRaftLogWorker: Starting segment from index:0
2019-09-20 01:07:49,809 [809f5201-257f-4963-aae6-d62ea1498496@group-73AB37D4B7E0:LeaderElection90] INFO  segmented.SegmentedRaftLogWorker (SegmentedRaftLogWorker.java:startLogSegment(380)) - 809f5201-257f-4963-aae6-d62ea1498496@group-73AB37D4B7E0-SegmentedRaftLogWorker: Starting segment from index:0
2019-09-20 01:07:49,810 [063be966-4847-4d82-9ae0-381db0b4ba8b@group-94C1816ACF52:LeaderElection89] INFO  impl.RaftServerImpl (ServerState.java:setRaftConf(354)) - 063be966-4847-4d82-9ae0-381db0b4ba8b@group-94C1816ACF52: set configuration 0: [063be966-4847-4d82-9ae0-381db0b4ba8b:192.168.151.120:40286], old=null at 0
2019-09-20 01:07:49,810 [809f5201-257f-4963-aae6-d62ea1498496@group-73AB37D4B7E0:LeaderElection90] INFO  impl.RaftServerImpl (ServerState.java:setRaftConf(354)) - 809f5201-257f-4963-aae6-d62ea1498496@group-73AB37D4B7E0: set configuration 0: [809f5201-257f-4963-aae6-d62ea1498496:192.168.151.120:33730], old=null at 0
2019-09-20 01:07:49,823 [Thread-3938] INFO  impl.FollowerState (FollowerState.java:run(106)) - 117db472-d517-4212-84f1-798145bdd4fe:group-7FB160F7E46A changes to CANDIDATE, lastRpcTime:5165, electionTimeout:5165ms
2019-09-20 01:07:49,823 [Thread-3938] INFO  impl.RoleInfo (RoleInfo.java:shutdownFollowerState(121)) - 117db472-d517-4212-84f1-798145bdd4fe: shutdown FollowerState
2019-09-20 01:07:49,824 [Thread-3938] INFO  impl.RaftServerImpl (RaftServerImpl.java:setRole(174)) - 117db472-d517-4212-84f1-798145bdd4fe@group-7FB160F7E46A: changes role from  FOLLOWER to CANDIDATE at term 0 for changeToCandidate
2019-09-20 01:07:49,824 [Thread-3938] INFO  impl.RoleInfo (RoleInfo.java:updateAndGet(143)) - 117db472-d517-4212-84f1-798145bdd4fe: start LeaderElection
2019-09-20 01:07:49,861 [063be966-4847-4d82-9ae0-381db0b4ba8b@group-94C1816ACF52-SegmentedRaftLogWorker] INFO  segmented.SegmentedRaftLogWorker (SegmentedRaftLogWorker.java:execute(569)) - 063be966-4847-4d82-9ae0-381db0b4ba8b@group-94C1816ACF52-SegmentedRaftLogWorker: created new log segment /workdir/hadoop-ozone/integration-test/target/test-dir/MiniOzoneClusterImpl-b9d2aae5-7523-433a-8853-e61f75a3b2d9/datanode-1/data/ratis/4cc46082-6b96-4432-80e2-94c1816acf52/current/log_inprogress_0
2019-09-20 01:07:49,861 [809f5201-257f-4963-aae6-d62ea1498496@group-73AB37D4B7E0-SegmentedRaftLogWorker] INFO  segmented.SegmentedRaftLogWorker (SegmentedRaftLogWorker.java:execute(569)) - 809f5201-257f-4963-aae6-d62ea1498496@group-73AB37D4B7E0-SegmentedRaftLogWorker: created new log segment /workdir/hadoop-ozone/integration-test/target/test-dir/MiniOzoneClusterImpl-b9d2aae5-7523-433a-8853-e61f75a3b2d9/datanode-2/data/ratis/de9c5a42-ffad-45ab-a036-73ab37d4b7e0/current/log_inprogress_0
2019-09-20 01:07:49,861 [117db472-d517-4212-84f1-798145bdd4fe@group-7FB160F7E46A:LeaderElection91] INFO  impl.LeaderElection (LeaderElection.java:askForVotes(182)) - 117db472-d517-4212-84f1-798145bdd4fe@group-7FB160F7E46A:LeaderElection91: begin an election at term 1 for -1: [117db472-d517-4212-84f1-798145bdd4fe:192.168.151.120:38734], old=null
2019-09-20 01:07:49,861 [117db472-d517-4212-84f1-798145bdd4fe@group-7FB160F7E46A:LeaderElection91] INFO  impl.RoleInfo (RoleInfo.java:shutdownLeaderElection(134)) - 117db472-d517-4212-84f1-798145bdd4fe: shutdown LeaderElection
2019-09-20 01:07:49,862 [117db472-d517-4212-84f1-798145bdd4fe@group-7FB160F7E46A:LeaderElection91] INFO  impl.RaftServerImpl (RaftServerImpl.java:setRole(174)) - 117db472-d517-4212-84f1-798145bdd4fe@group-7FB160F7E46A: changes role from CANDIDATE to LEADER at term 1 for changeToLeader
2019-09-20 01:07:49,862 [117db472-d517-4212-84f1-798145bdd4fe@group-7FB160F7E46A:LeaderElection91] INFO  impl.RaftServerImpl (ServerState.java:setLeader(253)) - 117db472-d517-4212-84f1-798145bdd4fe@group-7FB160F7E46A: change Leader from null to 117db472-d517-4212-84f1-798145bdd4fe at term 1 for becomeLeader, leader elected after 5211ms
2019-09-20 01:07:49,862 [117db472-d517-4212-84f1-798145bdd4fe@group-7FB160F7E46A:LeaderElection91] INFO  server.RaftServerConfigKeys (ConfUtils.java:logGet(43)) - raft.server.staging.catchup.gap = 1000 (default)
2019-09-20 01:07:49,862 [117db472-d517-4212-84f1-798145bdd4fe@group-7FB160F7E46A:LeaderElection91] INFO  server.RaftServerConfigKeys (ConfUtils.java:logGet(43)) - raft.server.rpc.sleep.time = 25ms (default)
2019-09-20 01:07:49,862 [117db472-d517-4212-84f1-798145bdd4fe@group-7FB160F7E46A:LeaderElection91] INFO  server.RaftServerConfigKeys (ConfUtils.java:logGet(43)) - raft.server.write.element-limit = 4096 (default)
2019-09-20 01:07:49,862 [117db472-d517-4212-84f1-798145bdd4fe@group-7FB160F7E46A:LeaderElection91] INFO  server.RaftServerConfigKeys (ConfUtils.java:logGet(43)) - raft.server.watch.timeout = 10s (default)
2019-09-20 01:07:49,862 [117db472-d517-4212-84f1-798145bdd4fe@group-7FB160F7E46A:LeaderElection91] INFO  server.RaftServerConfigKeys (ConfUtils.java:logGet(43)) - raft.server.watch.timeout.denomination = 1s (default)
2019-09-20 01:07:49,862 [117db472-d517-4212-84f1-798145bdd4fe@group-7FB160F7E46A:LeaderElection91] INFO  server.RaftServerConfigKeys (ConfUtils.java:logGet(43)) - raft.server.watch.element-limit = 65536 (default)
2019-09-20 01:07:49,863 [Thread-3953] INFO  impl.FollowerState (FollowerState.java:run(106)) - 117db472-d517-4212-84f1-798145bdd4fe:group-3C57384956DC changes to CANDIDATE, lastRpcTime:5068, electionTimeout:5068ms
2019-09-20 01:07:49,864 [Thread-3953] INFO  impl.RoleInfo (RoleInfo.java:shutdownFollowerState(121)) - 117db472-d517-4212-84f1-798145bdd4fe: shutdown FollowerState
2019-09-20 01:07:49,864 [Thread-3953] INFO  impl.RaftServerImpl (RaftServerImpl.java:setRole(174)) - 117db472-d517-4212-84f1-798145bdd4fe@group-3C57384956DC: changes role from  FOLLOWER to CANDIDATE at term 0 for changeToCandidate
2019-09-20 01:07:49,864 [Thread-3953] INFO  impl.RoleInfo (RoleInfo.java:updateAndGet(143)) - 117db472-d517-4212-84f1-798145bdd4fe: start LeaderElection
2019-09-20 01:07:49,868 [117db472-d517-4212-84f1-798145bdd4fe@group-7FB160F7E46A:LeaderElection91] INFO  impl.RoleInfo (RoleInfo.java:updateAndGet(143)) - 117db472-d517-4212-84f1-798145bdd4fe: start LeaderState
2019-09-20 01:07:49,868 [117db472-d517-4212-84f1-798145bdd4fe@group-7FB160F7E46A:LeaderElection91] INFO  segmented.SegmentedRaftLogWorker (SegmentedRaftLogWorker.java:startLogSegment(380)) - 117db472-d517-4212-84f1-798145bdd4fe@group-7FB160F7E46A-SegmentedRaftLogWorker: Starting segment from index:0
2019-09-20 01:07:49,869 [117db472-d517-4212-84f1-798145bdd4fe@group-7FB160F7E46A:LeaderElection91] INFO  impl.RaftServerImpl (ServerState.java:setRaftConf(354)) - 117db472-d517-4212-84f1-798145bdd4fe@group-7FB160F7E46A: set configuration 0: [117db472-d517-4212-84f1-798145bdd4fe:192.168.151.120:38734], old=null at 0
2019-09-20 01:07:49,875 [117db472-d517-4212-84f1-798145bdd4fe@group-3C57384956DC:LeaderElection92] INFO  impl.LeaderElection (LeaderElection.java:askForVotes(182)) - 117db472-d517-4212-84f1-798145bdd4fe@group-3C57384956DC:LeaderElection92: begin an election at term 1 for -1: [809f5201-257f-4963-aae6-d62ea1498496:192.168.151.120:33730, 063be966-4847-4d82-9ae0-381db0b4ba8b:192.168.151.120:40286, 117db472-d517-4212-84f1-798145bdd4fe:192.168.151.120:38734], old=null
2019-09-20 01:07:49,881 [grpc-default-executor-6] INFO  impl.RaftServerImpl (RaftServerImpl.java:setRole(174)) - 809f5201-257f-4963-aae6-d62ea1498496@group-3C57384956DC: changes role from  FOLLOWER to FOLLOWER at term 1 for recognizeCandidate:117db472-d517-4212-84f1-798145bdd4fe
2019-09-20 01:07:49,881 [grpc-default-executor-10] INFO  impl.RaftServerImpl (RaftServerImpl.java:setRole(174)) - 063be966-4847-4d82-9ae0-381db0b4ba8b@group-3C57384956DC: changes role from  FOLLOWER to FOLLOWER at term 1 for recognizeCandidate:117db472-d517-4212-84f1-798145bdd4fe
2019-09-20 01:07:49,881 [grpc-default-executor-6] INFO  impl.RoleInfo (RoleInfo.java:shutdownFollowerState(121)) - 809f5201-257f-4963-aae6-d62ea1498496: shutdown FollowerState
2019-09-20 01:07:49,881 [grpc-default-executor-10] INFO  impl.RoleInfo (RoleInfo.java:shutdownFollowerState(121)) - 063be966-4847-4d82-9ae0-381db0b4ba8b: shutdown FollowerState
2019-09-20 01:07:49,881 [grpc-default-executor-6] INFO  impl.RoleInfo (RoleInfo.java:updateAndGet(143)) - 809f5201-257f-4963-aae6-d62ea1498496: start FollowerState
2019-09-20 01:07:49,881 [Thread-3947] INFO  impl.FollowerState (FollowerState.java:run(115)) - 063be966-4847-4d82-9ae0-381db0b4ba8b: FollowerState was interrupted: java.lang.InterruptedException: sleep interrupted
2019-09-20 01:07:49,881 [Thread-3951] INFO  impl.FollowerState (FollowerState.java:run(115)) - 809f5201-257f-4963-aae6-d62ea1498496: FollowerState was interrupted: java.lang.InterruptedException: sleep interrupted
2019-09-20 01:07:49,881 [grpc-default-executor-10] INFO  impl.RoleInfo (RoleInfo.java:updateAndGet(143)) - 063be966-4847-4d82-9ae0-381db0b4ba8b: start FollowerState
2019-09-20 01:07:49,921 [117db472-d517-4212-84f1-798145bdd4fe@group-7FB160F7E46A-SegmentedRaftLogWorker] INFO  segmented.SegmentedRaftLogWorker (SegmentedRaftLogWorker.java:execute(569)) - 117db472-d517-4212-84f1-798145bdd4fe@group-7FB160F7E46A-SegmentedRaftLogWorker: created new log segment /workdir/hadoop-ozone/integration-test/target/test-dir/MiniOzoneClusterImpl-b9d2aae5-7523-433a-8853-e61f75a3b2d9/datanode-0/data/ratis/0e2be91b-2c86-4373-8aca-7fb160f7e46a/current/log_inprogress_0
2019-09-20 01:07:49,923 [117db472-d517-4212-84f1-798145bdd4fe@group-3C57384956DC:LeaderElection92] INFO  impl.LeaderElection (LeaderElection.java:logAndReturn(56)) - 117db472-d517-4212-84f1-798145bdd4fe@group-3C57384956DC:LeaderElection92: Election PASSED; received 1 response(s) [117db472-d517-4212-84f1-798145bdd4fe<-063be966-4847-4d82-9ae0-381db0b4ba8b#0:OK-t1] and 0 exception(s); 117db472-d517-4212-84f1-798145bdd4fe@group-3C57384956DC:t1, leader=null, voted=117db472-d517-4212-84f1-798145bdd4fe, raftlog=117db472-d517-4212-84f1-798145bdd4fe@group-3C57384956DC-SegmentedRaftLog:OPENED:c-1,f-1,i0, conf=-1: [809f5201-257f-4963-aae6-d62ea1498496:192.168.151.120:33730, 063be966-4847-4d82-9ae0-381db0b4ba8b:192.168.151.120:40286, 117db472-d517-4212-84f1-798145bdd4fe:192.168.151.120:38734], old=null
2019-09-20 01:07:49,923 [117db472-d517-4212-84f1-798145bdd4fe@group-3C57384956DC:LeaderElection92] INFO  impl.RoleInfo (RoleInfo.java:shutdownLeaderElection(134)) - 117db472-d517-4212-84f1-798145bdd4fe: shutdown LeaderElection
2019-09-20 01:07:49,923 [117db472-d517-4212-84f1-798145bdd4fe@group-3C57384956DC:LeaderElection92] INFO  impl.RaftServerImpl (RaftServerImpl.java:setRole(174)) - 117db472-d517-4212-84f1-798145bdd4fe@group-3C57384956DC: changes role from CANDIDATE to LEADER at term 1 for changeToLeader
2019-09-20 01:07:49,923 [117db472-d517-4212-84f1-798145bdd4fe@group-3C57384956DC:LeaderElection92] INFO  impl.RaftServerImpl (ServerState.java:setLeader(253)) - 117db472-d517-4212-84f1-798145bdd4fe@group-3C57384956DC: change Leader from null to 117db472-d517-4212-84f1-798145bdd4fe at term 1 for becomeLeader, leader elected after 5140ms
2019-09-20 01:07:49,923 [117db472-d517-4212-84f1-798145bdd4fe@group-3C57384956DC:LeaderElection92] INFO  server.RaftServerConfigKeys (ConfUtils.java:logGet(43)) - raft.server.staging.catchup.gap = 1000 (default)
2019-09-20 01:07:49,923 [117db472-d517-4212-84f1-798145bdd4fe@group-3C57384956DC:LeaderElection92] INFO  server.RaftServerConfigKeys (ConfUtils.java:logGet(43)) - raft.server.rpc.sleep.time = 25ms (default)
2019-09-20 01:07:49,924 [117db472-d517-4212-84f1-798145bdd4fe@group-3C57384956DC:LeaderElection92] INFO  server.RaftServerConfigKeys (ConfUtils.java:logGet(43)) - raft.server.write.element-limit = 4096 (default)
2019-09-20 01:07:49,924 [117db472-d517-4212-84f1-798145bdd4fe@group-3C57384956DC:LeaderElection92] INFO  server.RaftServerConfigKeys (ConfUtils.java:logGet(43)) - raft.server.watch.timeout = 10s (default)
2019-09-20 01:07:49,924 [117db472-d517-4212-84f1-798145bdd4fe@group-3C57384956DC:LeaderElection92] INFO  server.RaftServerConfigKeys (ConfUtils.java:logGet(43)) - raft.server.watch.timeout.denomination = 1s (default)
2019-09-20 01:07:49,924 [117db472-d517-4212-84f1-798145bdd4fe@group-3C57384956DC:LeaderElection92] INFO  server.RaftServerConfigKeys (ConfUtils.java:logGet(43)) - raft.server.watch.element-limit = 65536 (default)
2019-09-20 01:07:49,926 [117db472-d517-4212-84f1-798145bdd4fe@group-3C57384956DC:LeaderElection92] INFO  server.RaftServerConfigKeys (ConfUtils.java:logGet(43)) - raft.server.log.appender.snapshot.chunk.size.max = 16MB (=16777216) (default)
2019-09-20 01:07:49,926 [117db472-d517-4212-84f1-798145bdd4fe@group-3C57384956DC:LeaderElection92] INFO  server.RaftServerConfigKeys (ConfUtils.java:logGet(43)) - raft.server.log.appender.buffer.byte-limit = 33554432 (custom)
2019-09-20 01:07:49,926 [117db472-d517-4212-84f1-798145bdd4fe@group-3C57384956DC:LeaderElection92] INFO  server.RaftServerConfigKeys (ConfUtils.java:logGet(43)) - raft.server.log.appender.buffer.element-limit = 1 (custom)
2019-09-20 01:07:49,927 [117db472-d517-4212-84f1-798145bdd4fe@group-3C57384956DC:LeaderElection92] INFO  grpc.GrpcConfigKeys$Server (ConfUtils.java:logGet(43)) - raft.grpc.server.leader.outstanding.appends.max = 128 (default)
2019-09-20 01:07:49,927 [117db472-d517-4212-84f1-798145bdd4fe@group-3C57384956DC:LeaderElection92] INFO  server.RaftServerConfigKeys (ConfUtils.java:logGet(43)) - raft.server.rpc.request.timeout = 3000ms (default)
2019-09-20 01:07:49,927 [117db472-d517-4212-84f1-798145bdd4fe@group-3C57384956DC:LeaderElection92] INFO  server.RaftServerConfigKeys (ConfUtils.java:logGet(43)) - raft.server.log.appender.install.snapshot.enabled = false (custom)
2019-09-20 01:07:49,927 [117db472-d517-4212-84f1-798145bdd4fe@group-3C57384956DC:LeaderElection92] INFO  server.RaftServerConfigKeys (ConfUtils.java:logGet(43)) - raft.server.log.appender.snapshot.chunk.size.max = 16MB (=16777216) (default)
2019-09-20 01:07:49,928 [117db472-d517-4212-84f1-798145bdd4fe@group-3C57384956DC:LeaderElection92] INFO  server.RaftServerConfigKeys (ConfUtils.java:logGet(43)) - raft.server.log.appender.buffer.byte-limit = 33554432 (custom)
2019-09-20 01:07:49,928 [117db472-d517-4212-84f1-798145bdd4fe@group-3C57384956DC:LeaderElection92] INFO  server.RaftServerConfigKeys (ConfUtils.java:logGet(43)) - raft.server.log.appender.buffer.element-limit = 1 (custom)
2019-09-20 01:07:49,928 [117db472-d517-4212-84f1-798145bdd4fe@group-3C57384956DC:LeaderElection92] INFO  grpc.GrpcConfigKeys$Server (ConfUtils.java:logGet(43)) - raft.grpc.server.leader.outstanding.appends.max = 128 (default)
2019-09-20 01:07:49,928 [117db472-d517-4212-84f1-798145bdd4fe@group-3C57384956DC:LeaderElection92] INFO  server.RaftServerConfigKeys (ConfUtils.java:logGet(43)) - raft.server.rpc.request.timeout = 3000ms (default)
2019-09-20 01:07:49,928 [117db472-d517-4212-84f1-798145bdd4fe@group-3C57384956DC:LeaderElection92] INFO  server.RaftServerConfigKeys (ConfUtils.java:logGet(43)) - raft.server.log.appender.install.snapshot.enabled = false (custom)
2019-09-20 01:07:49,928 [117db472-d517-4212-84f1-798145bdd4fe@group-3C57384956DC:LeaderElection92] INFO  impl.RoleInfo (RoleInfo.java:updateAndGet(143)) - 117db472-d517-4212-84f1-798145bdd4fe: start LeaderState
2019-09-20 01:07:49,929 [117db472-d517-4212-84f1-798145bdd4fe@group-3C57384956DC:LeaderElection92] INFO  segmented.SegmentedRaftLogWorker (SegmentedRaftLogWorker.java:startLogSegment(380)) - 117db472-d517-4212-84f1-798145bdd4fe@group-3C57384956DC-SegmentedRaftLogWorker: Starting segment from index:0
2019-09-20 01:07:49,929 [117db472-d517-4212-84f1-798145bdd4fe@group-3C57384956DC:LeaderElection92] INFO  impl.RaftServerImpl (ServerState.java:setRaftConf(354)) - 117db472-d517-4212-84f1-798145bdd4fe@group-3C57384956DC: set configuration 0: [809f5201-257f-4963-aae6-d62ea1498496:192.168.151.120:33730, 063be966-4847-4d82-9ae0-381db0b4ba8b:192.168.151.120:40286, 117db472-d517-4212-84f1-798145bdd4fe:192.168.151.120:38734], old=null at 0
2019-09-20 01:07:49,967 [Thread-3956] INFO  impl.FollowerState (FollowerState.java:run(106)) - bd6af757-a6f4-41b6-ac37-208ac1659023:group-1F369B533D2D changes to CANDIDATE, lastRpcTime:5060, electionTimeout:5040ms
2019-09-20 01:07:49,969 [Thread-3956] INFO  impl.RoleInfo (RoleInfo.java:shutdownFollowerState(121)) - bd6af757-a6f4-41b6-ac37-208ac1659023: shutdown FollowerState
2019-09-20 01:07:49,970 [Thread-3956] INFO  impl.RaftServerImpl (RaftServerImpl.java:setRole(174)) - bd6af757-a6f4-41b6-ac37-208ac1659023@group-1F369B533D2D: changes role from  FOLLOWER to CANDIDATE at term 0 for changeToCandidate
2019-09-20 01:07:49,970 [Thread-3956] INFO  impl.RoleInfo (RoleInfo.java:updateAndGet(143)) - bd6af757-a6f4-41b6-ac37-208ac1659023: start LeaderElection
2019-09-20 01:07:49,993 [117db472-d517-4212-84f1-798145bdd4fe@group-3C57384956DC-SegmentedRaftLogWorker] INFO  segmented.SegmentedRaftLogWorker (SegmentedRaftLogWorker.java:execute(569)) - 117db472-d517-4212-84f1-798145bdd4fe@group-3C57384956DC-SegmentedRaftLogWorker: created new log segment /workdir/hadoop-ozone/integration-test/target/test-dir/MiniOzoneClusterImpl-b9d2aae5-7523-433a-8853-e61f75a3b2d9/datanode-0/data/ratis/2fb24749-56ae-4ee3-ba0e-3c57384956dc/current/log_inprogress_0
2019-09-20 01:07:49,993 [Thread-3959] INFO  impl.FollowerState (FollowerState.java:run(106)) - 254019d8-3748-4e2e-b6e0-9e9e1011683c:group-AA18E3522CB0 changes to CANDIDATE, lastRpcTime:5024, electionTimeout:5016ms
2019-09-20 01:07:49,993 [Thread-3959] INFO  impl.RoleInfo (RoleInfo.java:shutdownFollowerState(121)) - 254019d8-3748-4e2e-b6e0-9e9e1011683c: shutdown FollowerState
2019-09-20 01:07:49,993 [Thread-3959] INFO  impl.RaftServerImpl (RaftServerImpl.java:setRole(174)) - 254019d8-3748-4e2e-b6e0-9e9e1011683c@group-AA18E3522CB0: changes role from  FOLLOWER to CANDIDATE at term 0 for changeToCandidate
2019-09-20 01:07:49,994 [Thread-3959] INFO  impl.RoleInfo (RoleInfo.java:updateAndGet(143)) - 254019d8-3748-4e2e-b6e0-9e9e1011683c: start LeaderElection
2019-09-20 01:07:49,998 [grpc-default-executor-6] INFO  impl.RaftServerImpl (ServerState.java:setLeader(253)) - 063be966-4847-4d82-9ae0-381db0b4ba8b@group-3C57384956DC: change Leader from null to 117db472-d517-4212-84f1-798145bdd4fe at term 1 for appendEntries, leader elected after 5214ms
2019-09-20 01:07:49,998 [bd6af757-a6f4-41b6-ac37-208ac1659023@group-1F369B533D2D:LeaderElection93] INFO  impl.LeaderElection (LeaderElection.java:askForVotes(182)) - bd6af757-a6f4-41b6-ac37-208ac1659023@group-1F369B533D2D:LeaderElection93: begin an election at term 1 for -1: [bd6af757-a6f4-41b6-ac37-208ac1659023:192.168.151.120:32908], old=null
2019-09-20 01:07:49,998 [grpc-default-executor-9] INFO  impl.RaftServerImpl (ServerState.java:setLeader(253)) - 809f5201-257f-4963-aae6-d62ea1498496@group-3C57384956DC: change Leader from null to 117db472-d517-4212-84f1-798145bdd4fe at term 1 for appendEntries, leader elected after 5214ms
2019-09-20 01:07:50,002 [bd6af757-a6f4-41b6-ac37-208ac1659023@group-1F369B533D2D:LeaderElection93] INFO  impl.RoleInfo (RoleInfo.java:shutdownLeaderElection(134)) - bd6af757-a6f4-41b6-ac37-208ac1659023: shutdown LeaderElection
2019-09-20 01:07:50,003 [bd6af757-a6f4-41b6-ac37-208ac1659023@group-1F369B533D2D:LeaderElection93] INFO  impl.RaftServerImpl (RaftServerImpl.java:setRole(174)) - bd6af757-a6f4-41b6-ac37-208ac1659023@group-1F369B533D2D: changes role from CANDIDATE to LEADER at term 1 for changeToLeader
2019-09-20 01:07:50,003 [bd6af757-a6f4-41b6-ac37-208ac1659023@group-1F369B533D2D:LeaderElection93] INFO  impl.RaftServerImpl (ServerState.java:setLeader(253)) - bd6af757-a6f4-41b6-ac37-208ac1659023@group-1F369B533D2D: change Leader from null to bd6af757-a6f4-41b6-ac37-208ac1659023 at term 1 for becomeLeader, leader elected after 5105ms
2019-09-20 01:07:50,003 [bd6af757-a6f4-41b6-ac37-208ac1659023@group-1F369B533D2D:LeaderElection93] INFO  server.RaftServerConfigKeys (ConfUtils.java:logGet(43)) - raft.server.staging.catchup.gap = 1000 (default)
2019-09-20 01:07:50,003 [bd6af757-a6f4-41b6-ac37-208ac1659023@group-1F369B533D2D:LeaderElection93] INFO  server.RaftServerConfigKeys (ConfUtils.java:logGet(43)) - raft.server.rpc.sleep.time = 25ms (default)
2019-09-20 01:07:50,003 [bd6af757-a6f4-41b6-ac37-208ac1659023@group-1F369B533D2D:LeaderElection93] INFO  server.RaftServerConfigKeys (ConfUtils.java:logGet(43)) - raft.server.write.element-limit = 4096 (default)
2019-09-20 01:07:50,004 [bd6af757-a6f4-41b6-ac37-208ac1659023@group-1F369B533D2D:LeaderElection93] INFO  server.RaftServerConfigKeys (ConfUtils.java:logGet(43)) - raft.server.watch.timeout = 10s (default)
2019-09-20 01:07:50,004 [bd6af757-a6f4-41b6-ac37-208ac1659023@group-1F369B533D2D:LeaderElection93] INFO  server.RaftServerConfigKeys (ConfUtils.java:logGet(43)) - raft.server.watch.timeout.denomination = 1s (default)
2019-09-20 01:07:50,004 [bd6af757-a6f4-41b6-ac37-208ac1659023@group-1F369B533D2D:LeaderElection93] INFO  server.RaftServerConfigKeys (ConfUtils.java:logGet(43)) - raft.server.watch.element-limit = 65536 (default)
2019-09-20 01:07:50,005 [grpc-default-executor-9] INFO  impl.RaftServerImpl (ServerState.java:setRaftConf(354)) - 809f5201-257f-4963-aae6-d62ea1498496@group-3C57384956DC: set configuration 0: [809f5201-257f-4963-aae6-d62ea1498496:192.168.151.120:33730, 063be966-4847-4d82-9ae0-381db0b4ba8b:192.168.151.120:40286, 117db472-d517-4212-84f1-798145bdd4fe:192.168.151.120:38734], old=null at 0
2019-09-20 01:07:50,005 [grpc-default-executor-6] INFO  impl.RaftServerImpl (ServerState.java:setRaftConf(354)) - 063be966-4847-4d82-9ae0-381db0b4ba8b@group-3C57384956DC: set configuration 0: [809f5201-257f-4963-aae6-d62ea1498496:192.168.151.120:33730, 063be966-4847-4d82-9ae0-381db0b4ba8b:192.168.151.120:40286, 117db472-d517-4212-84f1-798145bdd4fe:192.168.151.120:38734], old=null at 0
2019-09-20 01:07:50,005 [grpc-default-executor-9] INFO  segmented.SegmentedRaftLogWorker (SegmentedRaftLogWorker.java:startLogSegment(380)) - 809f5201-257f-4963-aae6-d62ea1498496@group-3C57384956DC-SegmentedRaftLogWorker: Starting segment from index:0
2019-09-20 01:07:50,005 [254019d8-3748-4e2e-b6e0-9e9e1011683c@group-AA18E3522CB0:LeaderElection94] INFO  impl.LeaderElection (LeaderElection.java:askForVotes(182)) - 254019d8-3748-4e2e-b6e0-9e9e1011683c@group-AA18E3522CB0:LeaderElection94: begin an election at term 1 for -1: [254019d8-3748-4e2e-b6e0-9e9e1011683c:192.168.151.120:35108], old=null
2019-09-20 01:07:50,005 [grpc-default-executor-6] INFO  segmented.SegmentedRaftLogWorker (SegmentedRaftLogWorker.java:startLogSegment(380)) - 063be966-4847-4d82-9ae0-381db0b4ba8b@group-3C57384956DC-SegmentedRaftLogWorker: Starting segment from index:0
2019-09-20 01:07:50,006 [254019d8-3748-4e2e-b6e0-9e9e1011683c@group-AA18E3522CB0:LeaderElection94] INFO  impl.RoleInfo (RoleInfo.java:shutdownLeaderElection(134)) - 254019d8-3748-4e2e-b6e0-9e9e1011683c: shutdown LeaderElection
2019-09-20 01:07:50,006 [254019d8-3748-4e2e-b6e0-9e9e1011683c@group-AA18E3522CB0:LeaderElection94] INFO  impl.RaftServerImpl (RaftServerImpl.java:setRole(174)) - 254019d8-3748-4e2e-b6e0-9e9e1011683c@group-AA18E3522CB0: changes role from CANDIDATE to LEADER at term 1 for changeToLeader
2019-09-20 01:07:50,006 [254019d8-3748-4e2e-b6e0-9e9e1011683c@group-AA18E3522CB0:LeaderElection94] INFO  impl.RaftServerImpl (ServerState.java:setLeader(253)) - 254019d8-3748-4e2e-b6e0-9e9e1011683c@group-AA18E3522CB0: change Leader from null to 254019d8-3748-4e2e-b6e0-9e9e1011683c at term 1 for becomeLeader, leader elected after 5041ms
2019-09-20 01:07:50,006 [254019d8-3748-4e2e-b6e0-9e9e1011683c@group-AA18E3522CB0:LeaderElection94] INFO  server.RaftServerConfigKeys (ConfUtils.java:logGet(43)) - raft.server.staging.catchup.gap = 1000 (default)
2019-09-20 01:07:50,006 [254019d8-3748-4e2e-b6e0-9e9e1011683c@group-AA18E3522CB0:LeaderElection94] INFO  server.RaftServerConfigKeys (ConfUtils.java:logGet(43)) - raft.server.rpc.sleep.time = 25ms (default)
2019-09-20 01:07:50,006 [bd6af757-a6f4-41b6-ac37-208ac1659023@group-1F369B533D2D:LeaderElection93] INFO  impl.RoleInfo (RoleInfo.java:updateAndGet(143)) - bd6af757-a6f4-41b6-ac37-208ac1659023: start LeaderState
2019-09-20 01:07:50,007 [254019d8-3748-4e2e-b6e0-9e9e1011683c@group-AA18E3522CB0:LeaderElection94] INFO  server.RaftServerConfigKeys (ConfUtils.java:logGet(43)) - raft.server.write.element-limit = 4096 (default)
2019-09-20 01:07:50,007 [bd6af757-a6f4-41b6-ac37-208ac1659023@group-1F369B533D2D:LeaderElection93] INFO  segmented.SegmentedRaftLogWorker (SegmentedRaftLogWorker.java:startLogSegment(380)) - bd6af757-a6f4-41b6-ac37-208ac1659023@group-1F369B533D2D-SegmentedRaftLogWorker: Starting segment from index:0
2019-09-20 01:07:50,007 [254019d8-3748-4e2e-b6e0-9e9e1011683c@group-AA18E3522CB0:LeaderElection94] INFO  server.RaftServerConfigKeys (ConfUtils.java:logGet(43)) - raft.server.watch.timeout = 10s (default)
2019-09-20 01:07:50,007 [254019d8-3748-4e2e-b6e0-9e9e1011683c@group-AA18E3522CB0:LeaderElection94] INFO  server.RaftServerConfigKeys (ConfUtils.java:logGet(43)) - raft.server.watch.timeout.denomination = 1s (default)
2019-09-20 01:07:50,007 [254019d8-3748-4e2e-b6e0-9e9e1011683c@group-AA18E3522CB0:LeaderElection94] INFO  server.RaftServerConfigKeys (ConfUtils.java:logGet(43)) - raft.server.watch.element-limit = 65536 (default)
2019-09-20 01:07:50,007 [bd6af757-a6f4-41b6-ac37-208ac1659023@group-1F369B533D2D:LeaderElection93] INFO  impl.RaftServerImpl (ServerState.java:setRaftConf(354)) - bd6af757-a6f4-41b6-ac37-208ac1659023@group-1F369B533D2D: set configuration 0: [bd6af757-a6f4-41b6-ac37-208ac1659023:192.168.151.120:32908], old=null at 0
2019-09-20 01:07:50,047 [254019d8-3748-4e2e-b6e0-9e9e1011683c@group-AA18E3522CB0:LeaderElection94] INFO  impl.RoleInfo (RoleInfo.java:updateAndGet(143)) - 254019d8-3748-4e2e-b6e0-9e9e1011683c: start LeaderState
2019-09-20 01:07:50,047 [254019d8-3748-4e2e-b6e0-9e9e1011683c@group-AA18E3522CB0:LeaderElection94] INFO  segmented.SegmentedRaftLogWorker (SegmentedRaftLogWorker.java:startLogSegment(380)) - 254019d8-3748-4e2e-b6e0-9e9e1011683c@group-AA18E3522CB0-SegmentedRaftLogWorker: Starting segment from index:0
2019-09-20 01:07:50,048 [254019d8-3748-4e2e-b6e0-9e9e1011683c@group-AA18E3522CB0:LeaderElection94] INFO  impl.RaftServerImpl (ServerState.java:setRaftConf(354)) - 254019d8-3748-4e2e-b6e0-9e9e1011683c@group-AA18E3522CB0: set configuration 0: [254019d8-3748-4e2e-b6e0-9e9e1011683c:192.168.151.120:35108], old=null at 0
2019-09-20 01:07:50,078 [809f5201-257f-4963-aae6-d62ea1498496@group-3C57384956DC-SegmentedRaftLogWorker] INFO  segmented.SegmentedRaftLogWorker (SegmentedRaftLogWorker.java:execute(569)) - 809f5201-257f-4963-aae6-d62ea1498496@group-3C57384956DC-SegmentedRaftLogWorker: created new log segment /workdir/hadoop-ozone/integration-test/target/test-dir/MiniOzoneClusterImpl-b9d2aae5-7523-433a-8853-e61f75a3b2d9/datanode-2/data/ratis/2fb24749-56ae-4ee3-ba0e-3c57384956dc/current/log_inprogress_0
2019-09-20 01:07:50,078 [063be966-4847-4d82-9ae0-381db0b4ba8b@group-3C57384956DC-SegmentedRaftLogWorker] INFO  segmented.SegmentedRaftLogWorker (SegmentedRaftLogWorker.java:execute(569)) - 063be966-4847-4d82-9ae0-381db0b4ba8b@group-3C57384956DC-SegmentedRaftLogWorker: created new log segment /workdir/hadoop-ozone/integration-test/target/test-dir/MiniOzoneClusterImpl-b9d2aae5-7523-433a-8853-e61f75a3b2d9/datanode-1/data/ratis/2fb24749-56ae-4ee3-ba0e-3c57384956dc/current/log_inprogress_0
2019-09-20 01:07:50,078 [bd6af757-a6f4-41b6-ac37-208ac1659023@group-1F369B533D2D-SegmentedRaftLogWorker] INFO  segmented.SegmentedRaftLogWorker (SegmentedRaftLogWorker.java:execute(569)) - bd6af757-a6f4-41b6-ac37-208ac1659023@group-1F369B533D2D-SegmentedRaftLogWorker: created new log segment /workdir/hadoop-ozone/integration-test/target/test-dir/MiniOzoneClusterImpl-b9d2aae5-7523-433a-8853-e61f75a3b2d9/datanode-3/data/ratis/4c4c128f-0710-468e-8ce8-1f369b533d2d/current/log_inprogress_0
2019-09-20 01:07:50,083 [254019d8-3748-4e2e-b6e0-9e9e1011683c@group-AA18E3522CB0-SegmentedRaftLogWorker] INFO  segmented.SegmentedRaftLogWorker (SegmentedRaftLogWorker.java:execute(569)) - 254019d8-3748-4e2e-b6e0-9e9e1011683c@group-AA18E3522CB0-SegmentedRaftLogWorker: created new log segment /workdir/hadoop-ozone/integration-test/target/test-dir/MiniOzoneClusterImpl-b9d2aae5-7523-433a-8853-e61f75a3b2d9/datanode-4/data/ratis/a60ac30b-046e-4160-b746-aa18e3522cb0/current/log_inprogress_0
2019-09-20 01:07:50,114 [Thread-3967] INFO  impl.FollowerState (FollowerState.java:run(106)) - b2789397-81aa-440e-89aa-cc98be636228:group-A88D701203E2 changes to CANDIDATE, lastRpcTime:5036, electionTimeout:5036ms
2019-09-20 01:07:50,114 [Thread-3967] INFO  impl.RoleInfo (RoleInfo.java:shutdownFollowerState(121)) - b2789397-81aa-440e-89aa-cc98be636228: shutdown FollowerState
2019-09-20 01:07:50,114 [Thread-3967] INFO  impl.RaftServerImpl (RaftServerImpl.java:setRole(174)) - b2789397-81aa-440e-89aa-cc98be636228@group-A88D701203E2: changes role from  FOLLOWER to CANDIDATE at term 0 for changeToCandidate
2019-09-20 01:07:50,114 [Thread-3967] INFO  impl.RoleInfo (RoleInfo.java:updateAndGet(143)) - b2789397-81aa-440e-89aa-cc98be636228: start LeaderElection
2019-09-20 01:07:50,135 [b2789397-81aa-440e-89aa-cc98be636228@group-A88D701203E2:LeaderElection95] INFO  impl.LeaderElection (LeaderElection.java:askForVotes(182)) - b2789397-81aa-440e-89aa-cc98be636228@group-A88D701203E2:LeaderElection95: begin an election at term 1 for -1: [b2789397-81aa-440e-89aa-cc98be636228:192.168.151.120:46882], old=null
2019-09-20 01:07:50,136 [b2789397-81aa-440e-89aa-cc98be636228@group-A88D701203E2:LeaderElection95] INFO  impl.RoleInfo (RoleInfo.java:shutdownLeaderElection(134)) - b2789397-81aa-440e-89aa-cc98be636228: shutdown LeaderElection
2019-09-20 01:07:50,136 [b2789397-81aa-440e-89aa-cc98be636228@group-A88D701203E2:LeaderElection95] INFO  impl.RaftServerImpl (RaftServerImpl.java:setRole(174)) - b2789397-81aa-440e-89aa-cc98be636228@group-A88D701203E2: changes role from CANDIDATE to LEADER at term 1 for changeToLeader
2019-09-20 01:07:50,136 [b2789397-81aa-440e-89aa-cc98be636228@group-A88D701203E2:LeaderElection95] INFO  impl.RaftServerImpl (ServerState.java:setLeader(253)) - b2789397-81aa-440e-89aa-cc98be636228@group-A88D701203E2: change Leader from null to b2789397-81aa-440e-89aa-cc98be636228 at term 1 for becomeLeader, leader elected after 5065ms
2019-09-20 01:07:50,136 [b2789397-81aa-440e-89aa-cc98be636228@group-A88D701203E2:LeaderElection95] INFO  server.RaftServerConfigKeys (ConfUtils.java:logGet(43)) - raft.server.staging.catchup.gap = 1000 (default)
2019-09-20 01:07:50,136 [b2789397-81aa-440e-89aa-cc98be636228@group-A88D701203E2:LeaderElection95] INFO  server.RaftServerConfigKeys (ConfUtils.java:logGet(43)) - raft.server.rpc.sleep.time = 25ms (default)
2019-09-20 01:07:50,136 [b2789397-81aa-440e-89aa-cc98be636228@group-A88D701203E2:LeaderElection95] INFO  server.RaftServerConfigKeys (ConfUtils.java:logGet(43)) - raft.server.write.element-limit = 4096 (default)
2019-09-20 01:07:50,136 [b2789397-81aa-440e-89aa-cc98be636228@group-A88D701203E2:LeaderElection95] INFO  server.RaftServerConfigKeys (ConfUtils.java:logGet(43)) - raft.server.watch.timeout = 10s (default)
2019-09-20 01:07:50,137 [b2789397-81aa-440e-89aa-cc98be636228@group-A88D701203E2:LeaderElection95] INFO  server.RaftServerConfigKeys (ConfUtils.java:logGet(43)) - raft.server.watch.timeout.denomination = 1s (default)
2019-09-20 01:07:50,137 [b2789397-81aa-440e-89aa-cc98be636228@group-A88D701203E2:LeaderElection95] INFO  server.RaftServerConfigKeys (ConfUtils.java:logGet(43)) - raft.server.watch.element-limit = 65536 (default)
2019-09-20 01:07:50,139 [b2789397-81aa-440e-89aa-cc98be636228@group-A88D701203E2:LeaderElection95] INFO  impl.RoleInfo (RoleInfo.java:updateAndGet(143)) - b2789397-81aa-440e-89aa-cc98be636228: start LeaderState
2019-09-20 01:07:50,139 [b2789397-81aa-440e-89aa-cc98be636228@group-A88D701203E2:LeaderElection95] INFO  segmented.SegmentedRaftLogWorker (SegmentedRaftLogWorker.java:startLogSegment(380)) - b2789397-81aa-440e-89aa-cc98be636228@group-A88D701203E2-SegmentedRaftLogWorker: Starting segment from index:0
2019-09-20 01:07:50,139 [b2789397-81aa-440e-89aa-cc98be636228@group-A88D701203E2:LeaderElection95] INFO  impl.RaftServerImpl (ServerState.java:setRaftConf(354)) - b2789397-81aa-440e-89aa-cc98be636228@group-A88D701203E2: set configuration 0: [b2789397-81aa-440e-89aa-cc98be636228:192.168.151.120:46882], old=null at 0
2019-09-20 01:07:50,178 [Thread-3964] INFO  impl.FollowerState (FollowerState.java:run(106)) - fb7bf5ec-d7cf-4d54-97ec-dd85076a9577:group-A3DB5A587382 changes to CANDIDATE, lastRpcTime:5159, electionTimeout:5122ms
2019-09-20 01:07:50,179 [Thread-3964] INFO  impl.RoleInfo (RoleInfo.java:shutdownFollowerState(121)) - fb7bf5ec-d7cf-4d54-97ec-dd85076a9577: shutdown FollowerState
2019-09-20 01:07:50,179 [Thread-3964] INFO  impl.RaftServerImpl (RaftServerImpl.java:setRole(174)) - fb7bf5ec-d7cf-4d54-97ec-dd85076a9577@group-A3DB5A587382: changes role from  FOLLOWER to CANDIDATE at term 0 for changeToCandidate
2019-09-20 01:07:50,179 [Thread-3964] INFO  impl.RoleInfo (RoleInfo.java:updateAndGet(143)) - fb7bf5ec-d7cf-4d54-97ec-dd85076a9577: start LeaderElection
2019-09-20 01:07:50,191 [b2789397-81aa-440e-89aa-cc98be636228@group-A88D701203E2-SegmentedRaftLogWorker] INFO  segmented.SegmentedRaftLogWorker (SegmentedRaftLogWorker.java:execute(569)) - b2789397-81aa-440e-89aa-cc98be636228@group-A88D701203E2-SegmentedRaftLogWorker: created new log segment /workdir/hadoop-ozone/integration-test/target/test-dir/MiniOzoneClusterImpl-b9d2aae5-7523-433a-8853-e61f75a3b2d9/datanode-6/data/ratis/a3ed7ee2-dac7-4258-a815-a88d701203e2/current/log_inprogress_0
2019-09-20 01:07:50,191 [fb7bf5ec-d7cf-4d54-97ec-dd85076a9577@group-A3DB5A587382:LeaderElection96] INFO  impl.LeaderElection (LeaderElection.java:askForVotes(182)) - fb7bf5ec-d7cf-4d54-97ec-dd85076a9577@group-A3DB5A587382:LeaderElection96: begin an election at term 1 for -1: [fb7bf5ec-d7cf-4d54-97ec-dd85076a9577:192.168.151.120:44615], old=null
2019-09-20 01:07:50,191 [fb7bf5ec-d7cf-4d54-97ec-dd85076a9577@group-A3DB5A587382:LeaderElection96] INFO  impl.RoleInfo (RoleInfo.java:shutdownLeaderElection(134)) - fb7bf5ec-d7cf-4d54-97ec-dd85076a9577: shutdown LeaderElection
2019-09-20 01:07:50,192 [fb7bf5ec-d7cf-4d54-97ec-dd85076a9577@group-A3DB5A587382:LeaderElection96] INFO  impl.RaftServerImpl (RaftServerImpl.java:setRole(174)) - fb7bf5ec-d7cf-4d54-97ec-dd85076a9577@group-A3DB5A587382: changes role from CANDIDATE to LEADER at term 1 for changeToLeader
2019-09-20 01:07:50,192 [fb7bf5ec-d7cf-4d54-97ec-dd85076a9577@group-A3DB5A587382:LeaderElection96] INFO  impl.RaftServerImpl (ServerState.java:setLeader(253)) - fb7bf5ec-d7cf-4d54-97ec-dd85076a9577@group-A3DB5A587382: change Leader from null to fb7bf5ec-d7cf-4d54-97ec-dd85076a9577 at term 1 for becomeLeader, leader elected after 5177ms
2019-09-20 01:07:50,192 [fb7bf5ec-d7cf-4d54-97ec-dd85076a9577@group-A3DB5A587382:LeaderElection96] INFO  server.RaftServerConfigKeys (ConfUtils.java:logGet(43)) - raft.server.staging.catchup.gap = 1000 (default)
2019-09-20 01:07:50,192 [fb7bf5ec-d7cf-4d54-97ec-dd85076a9577@group-A3DB5A587382:LeaderElection96] INFO  server.RaftServerConfigKeys (ConfUtils.java:logGet(43)) - raft.server.rpc.sleep.time = 25ms (default)
2019-09-20 01:07:50,192 [fb7bf5ec-d7cf-4d54-97ec-dd85076a9577@group-A3DB5A587382:LeaderElection96] INFO  server.RaftServerConfigKeys (ConfUtils.java:logGet(43)) - raft.server.write.element-limit = 4096 (default)
2019-09-20 01:07:50,192 [fb7bf5ec-d7cf-4d54-97ec-dd85076a9577@group-A3DB5A587382:LeaderElection96] INFO  server.RaftServerConfigKeys (ConfUtils.java:logGet(43)) - raft.server.watch.timeout = 10s (default)
2019-09-20 01:07:50,192 [fb7bf5ec-d7cf-4d54-97ec-dd85076a9577@group-A3DB5A587382:LeaderElection96] INFO  server.RaftServerConfigKeys (ConfUtils.java:logGet(43)) - raft.server.watch.timeout.denomination = 1s (default)
2019-09-20 01:07:50,193 [fb7bf5ec-d7cf-4d54-97ec-dd85076a9577@group-A3DB5A587382:LeaderElection96] INFO  server.RaftServerConfigKeys (ConfUtils.java:logGet(43)) - raft.server.watch.element-limit = 65536 (default)
2019-09-20 01:07:50,194 [fb7bf5ec-d7cf-4d54-97ec-dd85076a9577@group-A3DB5A587382:LeaderElection96] INFO  impl.RoleInfo (RoleInfo.java:updateAndGet(143)) - fb7bf5ec-d7cf-4d54-97ec-dd85076a9577: start LeaderState
2019-09-20 01:07:50,195 [fb7bf5ec-d7cf-4d54-97ec-dd85076a9577@group-A3DB5A587382:LeaderElection96] INFO  segmented.SegmentedRaftLogWorker (SegmentedRaftLogWorker.java:startLogSegment(380)) - fb7bf5ec-d7cf-4d54-97ec-dd85076a9577@group-A3DB5A587382-SegmentedRaftLogWorker: Starting segment from index:0
2019-09-20 01:07:50,195 [fb7bf5ec-d7cf-4d54-97ec-dd85076a9577@group-A3DB5A587382:LeaderElection96] INFO  impl.RaftServerImpl (ServerState.java:setRaftConf(354)) - fb7bf5ec-d7cf-4d54-97ec-dd85076a9577@group-A3DB5A587382: set configuration 0: [fb7bf5ec-d7cf-4d54-97ec-dd85076a9577:192.168.151.120:44615], old=null at 0
2019-09-20 01:07:50,240 [fb7bf5ec-d7cf-4d54-97ec-dd85076a9577@group-A3DB5A587382-SegmentedRaftLogWorker] INFO  segmented.SegmentedRaftLogWorker (SegmentedRaftLogWorker.java:execute(569)) - fb7bf5ec-d7cf-4d54-97ec-dd85076a9577@group-A3DB5A587382-SegmentedRaftLogWorker: created new log segment /workdir/hadoop-ozone/integration-test/target/test-dir/MiniOzoneClusterImpl-b9d2aae5-7523-433a-8853-e61f75a3b2d9/datanode-5/data/ratis/8fbbb6b8-6d13-4dc7-8d99-a3db5a587382/current/log_inprogress_0
2019-09-20 01:07:50,244 [Thread-3975] INFO  impl.FollowerState (FollowerState.java:run(106)) - bd6af757-a6f4-41b6-ac37-208ac1659023:group-59206F4A050A changes to CANDIDATE, lastRpcTime:5103, electionTimeout:5103ms
2019-09-20 01:07:50,244 [Thread-3975] INFO  impl.RoleInfo (RoleInfo.java:shutdownFollowerState(121)) - bd6af757-a6f4-41b6-ac37-208ac1659023: shutdown FollowerState
2019-09-20 01:07:50,244 [Thread-3975] INFO  impl.RaftServerImpl (RaftServerImpl.java:setRole(174)) - bd6af757-a6f4-41b6-ac37-208ac1659023@group-59206F4A050A: changes role from  FOLLOWER to CANDIDATE at term 0 for changeToCandidate
2019-09-20 01:07:50,244 [Thread-3975] INFO  impl.RoleInfo (RoleInfo.java:updateAndGet(143)) - bd6af757-a6f4-41b6-ac37-208ac1659023: start LeaderElection
2019-09-20 01:07:50,265 [grpc-default-executor-6] INFO  client.GrpcClientProtocolClient (GrpcClientProtocolClient.java:onNext(264)) - client-764E9C913DE3->809f5201-257f-4963-aae6-d62ea1498496: receive RaftClientReply:client-764E9C913DE3->809f5201-257f-4963-aae6-d62ea1498496@group-3C57384956DC, cid=230, FAILED org.apache.ratis.protocol.NotLeaderException: Server 809f5201-257f-4963-aae6-d62ea1498496@group-3C57384956DC is not the leader 117db472-d517-4212-84f1-798145bdd4fe:192.168.151.120:38734, logIndex=0, commits[809f5201-257f-4963-aae6-d62ea1498496:c0, 063be966-4847-4d82-9ae0-381db0b4ba8b:c-1, 117db472-d517-4212-84f1-798145bdd4fe:c0]
2019-09-20 01:07:50,269 [bd6af757-a6f4-41b6-ac37-208ac1659023@group-59206F4A050A:LeaderElection97] INFO  impl.LeaderElection (LeaderElection.java:askForVotes(182)) - bd6af757-a6f4-41b6-ac37-208ac1659023@group-59206F4A050A:LeaderElection97: begin an election at term 1 for -1: [bd6af757-a6f4-41b6-ac37-208ac1659023:192.168.151.120:32908, b2789397-81aa-440e-89aa-cc98be636228:192.168.151.120:46882, fb7bf5ec-d7cf-4d54-97ec-dd85076a9577:192.168.151.120:44615], old=null
2019-09-20 01:07:50,272 [grpc-default-executor-6] INFO  impl.RaftServerImpl (RaftServerImpl.java:setRole(174)) - fb7bf5ec-d7cf-4d54-97ec-dd85076a9577@group-59206F4A050A: changes role from  FOLLOWER to FOLLOWER at term 1 for recognizeCandidate:bd6af757-a6f4-41b6-ac37-208ac1659023
2019-09-20 01:07:50,276 [grpc-default-executor-6] INFO  impl.RoleInfo (RoleInfo.java:shutdownFollowerState(121)) - fb7bf5ec-d7cf-4d54-97ec-dd85076a9577: shutdown FollowerState
2019-09-20 01:07:50,276 [grpc-default-executor-10] INFO  impl.RaftServerImpl (RaftServerImpl.java:setRole(174)) - b2789397-81aa-440e-89aa-cc98be636228@group-59206F4A050A: changes role from  FOLLOWER to FOLLOWER at term 1 for recognizeCandidate:bd6af757-a6f4-41b6-ac37-208ac1659023
2019-09-20 01:07:50,276 [grpc-default-executor-6] INFO  impl.RoleInfo (RoleInfo.java:updateAndGet(143)) - fb7bf5ec-d7cf-4d54-97ec-dd85076a9577: start FollowerState
2019-09-20 01:07:50,276 [grpc-default-executor-10] INFO  impl.RoleInfo (RoleInfo.java:shutdownFollowerState(121)) - b2789397-81aa-440e-89aa-cc98be636228: shutdown FollowerState
2019-09-20 01:07:50,276 [Thread-3974] INFO  impl.FollowerState (FollowerState.java:run(115)) - fb7bf5ec-d7cf-4d54-97ec-dd85076a9577: FollowerState was interrupted: java.lang.InterruptedException: sleep interrupted
2019-09-20 01:07:50,277 [grpc-default-executor-10] INFO  impl.RoleInfo (RoleInfo.java:updateAndGet(143)) - b2789397-81aa-440e-89aa-cc98be636228: start FollowerState
2019-09-20 01:07:50,280 [Thread-3972] INFO  impl.FollowerState (FollowerState.java:run(115)) - b2789397-81aa-440e-89aa-cc98be636228: FollowerState was interrupted: java.lang.InterruptedException: sleep interrupted
2019-09-20 01:07:50,298 [bd6af757-a6f4-41b6-ac37-208ac1659023@group-59206F4A050A:LeaderElection97] INFO  impl.LeaderElection (LeaderElection.java:logAndReturn(56)) - bd6af757-a6f4-41b6-ac37-208ac1659023@group-59206F4A050A:LeaderElection97: Election PASSED; received 1 response(s) [bd6af757-a6f4-41b6-ac37-208ac1659023<-b2789397-81aa-440e-89aa-cc98be636228#0:OK-t1] and 0 exception(s); bd6af757-a6f4-41b6-ac37-208ac1659023@group-59206F4A050A:t1, leader=null, voted=bd6af757-a6f4-41b6-ac37-208ac1659023, raftlog=bd6af757-a6f4-41b6-ac37-208ac1659023@group-59206F4A050A-SegmentedRaftLog:OPENED:c-1,f-1,i0, conf=-1: [bd6af757-a6f4-41b6-ac37-208ac1659023:192.168.151.120:32908, b2789397-81aa-440e-89aa-cc98be636228:192.168.151.120:46882, fb7bf5ec-d7cf-4d54-97ec-dd85076a9577:192.168.151.120:44615], old=null
2019-09-20 01:07:50,298 [bd6af757-a6f4-41b6-ac37-208ac1659023@group-59206F4A050A:LeaderElection97] INFO  impl.RoleInfo (RoleInfo.java:shutdownLeaderElection(134)) - bd6af757-a6f4-41b6-ac37-208ac1659023: shutdown LeaderElection
2019-09-20 01:07:50,298 [bd6af757-a6f4-41b6-ac37-208ac1659023@group-59206F4A050A:LeaderElection97] INFO  impl.RaftServerImpl (RaftServerImpl.java:setRole(174)) - bd6af757-a6f4-41b6-ac37-208ac1659023@group-59206F4A050A: changes role from CANDIDATE to LEADER at term 1 for changeToLeader
2019-09-20 01:07:50,298 [bd6af757-a6f4-41b6-ac37-208ac1659023@group-59206F4A050A:LeaderElection97] INFO  impl.RaftServerImpl (ServerState.java:setLeader(253)) - bd6af757-a6f4-41b6-ac37-208ac1659023@group-59206F4A050A: change Leader from null to bd6af757-a6f4-41b6-ac37-208ac1659023 at term 1 for becomeLeader, leader elected after 5170ms
2019-09-20 01:07:50,298 [bd6af757-a6f4-41b6-ac37-208ac1659023@group-59206F4A050A:LeaderElection97] INFO  server.RaftServerConfigKeys (ConfUtils.java:logGet(43)) - raft.server.staging.catchup.gap = 1000 (default)
2019-09-20 01:07:50,299 [bd6af757-a6f4-41b6-ac37-208ac1659023@group-59206F4A050A:LeaderElection97] INFO  server.RaftServerConfigKeys (ConfUtils.java:logGet(43)) - raft.server.rpc.sleep.time = 25ms (default)
2019-09-20 01:07:50,299 [bd6af757-a6f4-41b6-ac37-208ac1659023@group-59206F4A050A:LeaderElection97] INFO  server.RaftServerConfigKeys (ConfUtils.java:logGet(43)) - raft.server.write.element-limit = 4096 (default)
2019-09-20 01:07:50,299 [bd6af757-a6f4-41b6-ac37-208ac1659023@group-59206F4A050A:LeaderElection97] INFO  server.RaftServerConfigKeys (ConfUtils.java:logGet(43)) - raft.server.watch.timeout = 10s (default)
2019-09-20 01:07:50,299 [bd6af757-a6f4-41b6-ac37-208ac1659023@group-59206F4A050A:LeaderElection97] INFO  server.RaftServerConfigKeys (ConfUtils.java:logGet(43)) - raft.server.watch.timeout.denomination = 1s (default)
2019-09-20 01:07:50,299 [bd6af757-a6f4-41b6-ac37-208ac1659023@group-59206F4A050A:LeaderElection97] INFO  server.RaftServerConfigKeys (ConfUtils.java:logGet(43)) - raft.server.watch.element-limit = 65536 (default)
2019-09-20 01:07:50,301 [bd6af757-a6f4-41b6-ac37-208ac1659023@group-59206F4A050A:LeaderElection97] INFO  server.RaftServerConfigKeys (ConfUtils.java:logGet(43)) - raft.server.log.appender.snapshot.chunk.size.max = 16MB (=16777216) (default)
2019-09-20 01:07:50,301 [bd6af757-a6f4-41b6-ac37-208ac1659023@group-59206F4A050A:LeaderElection97] INFO  server.RaftServerConfigKeys (ConfUtils.java:logGet(43)) - raft.server.log.appender.buffer.byte-limit = 33554432 (custom)
2019-09-20 01:07:50,301 [bd6af757-a6f4-41b6-ac37-208ac1659023@group-59206F4A050A:LeaderElection97] INFO  server.RaftServerConfigKeys (ConfUtils.java:logGet(43)) - raft.server.log.appender.buffer.element-limit = 1 (custom)
2019-09-20 01:07:50,301 [bd6af757-a6f4-41b6-ac37-208ac1659023@group-59206F4A050A:LeaderElection97] INFO  grpc.GrpcConfigKeys$Server (ConfUtils.java:logGet(43)) - raft.grpc.server.leader.outstanding.appends.max = 128 (default)
2019-09-20 01:07:50,301 [bd6af757-a6f4-41b6-ac37-208ac1659023@group-59206F4A050A:LeaderElection97] INFO  server.RaftServerConfigKeys (ConfUtils.java:logGet(43)) - raft.server.rpc.request.timeout = 3000ms (default)
2019-09-20 01:07:50,301 [bd6af757-a6f4-41b6-ac37-208ac1659023@group-59206F4A050A:LeaderElection97] INFO  server.RaftServerConfigKeys (ConfUtils.java:logGet(43)) - raft.server.log.appender.install.snapshot.enabled = false (custom)
2019-09-20 01:07:50,302 [bd6af757-a6f4-41b6-ac37-208ac1659023@group-59206F4A050A:LeaderElection97] INFO  server.RaftServerConfigKeys (ConfUtils.java:logGet(43)) - raft.server.log.appender.snapshot.chunk.size.max = 16MB (=16777216) (default)
2019-09-20 01:07:50,302 [bd6af757-a6f4-41b6-ac37-208ac1659023@group-59206F4A050A:LeaderElection97] INFO  server.RaftServerConfigKeys (ConfUtils.java:logGet(43)) - raft.server.log.appender.buffer.byte-limit = 33554432 (custom)
2019-09-20 01:07:50,302 [bd6af757-a6f4-41b6-ac37-208ac1659023@group-59206F4A050A:LeaderElection97] INFO  server.RaftServerConfigKeys (ConfUtils.java:logGet(43)) - raft.server.log.appender.buffer.element-limit = 1 (custom)
2019-09-20 01:07:50,302 [bd6af757-a6f4-41b6-ac37-208ac1659023@group-59206F4A050A:LeaderElection97] INFO  grpc.GrpcConfigKeys$Server (ConfUtils.java:logGet(43)) - raft.grpc.server.leader.outstanding.appends.max = 128 (default)
2019-09-20 01:07:50,302 [bd6af757-a6f4-41b6-ac37-208ac1659023@group-59206F4A050A:LeaderElection97] INFO  server.RaftServerConfigKeys (ConfUtils.java:logGet(43)) - raft.server.rpc.request.timeout = 3000ms (default)
2019-09-20 01:07:50,302 [bd6af757-a6f4-41b6-ac37-208ac1659023@group-59206F4A050A:LeaderElection97] INFO  server.RaftServerConfigKeys (ConfUtils.java:logGet(43)) - raft.server.log.appender.install.snapshot.enabled = false (custom)
2019-09-20 01:07:50,303 [bd6af757-a6f4-41b6-ac37-208ac1659023@group-59206F4A050A:LeaderElection97] INFO  impl.RoleInfo (RoleInfo.java:updateAndGet(143)) - bd6af757-a6f4-41b6-ac37-208ac1659023: start LeaderState
2019-09-20 01:07:50,303 [bd6af757-a6f4-41b6-ac37-208ac1659023@group-59206F4A050A:LeaderElection97] INFO  segmented.SegmentedRaftLogWorker (SegmentedRaftLogWorker.java:startLogSegment(380)) - bd6af757-a6f4-41b6-ac37-208ac1659023@group-59206F4A050A-SegmentedRaftLogWorker: Starting segment from index:0
2019-09-20 01:07:50,303 [bd6af757-a6f4-41b6-ac37-208ac1659023@group-59206F4A050A:LeaderElection97] INFO  impl.RaftServerImpl (ServerState.java:setRaftConf(354)) - bd6af757-a6f4-41b6-ac37-208ac1659023@group-59206F4A050A: set configuration 0: [bd6af757-a6f4-41b6-ac37-208ac1659023:192.168.151.120:32908, b2789397-81aa-440e-89aa-cc98be636228:192.168.151.120:46882, fb7bf5ec-d7cf-4d54-97ec-dd85076a9577:192.168.151.120:44615], old=null at 0
2019-09-20 01:07:50,340 [grpc-default-executor-6] INFO  impl.RaftServerImpl (ServerState.java:setLeader(253)) - b2789397-81aa-440e-89aa-cc98be636228@group-59206F4A050A: change Leader from null to bd6af757-a6f4-41b6-ac37-208ac1659023 at term 1 for appendEntries, leader elected after 5212ms
2019-09-20 01:07:50,340 [grpc-default-executor-10] INFO  impl.RaftServerImpl (ServerState.java:setLeader(253)) - fb7bf5ec-d7cf-4d54-97ec-dd85076a9577@group-59206F4A050A: change Leader from null to bd6af757-a6f4-41b6-ac37-208ac1659023 at term 1 for appendEntries, leader elected after 5212ms
2019-09-20 01:07:50,342 [bd6af757-a6f4-41b6-ac37-208ac1659023@group-59206F4A050A-SegmentedRaftLogWorker] INFO  segmented.SegmentedRaftLogWorker (SegmentedRaftLogWorker.java:execute(569)) - bd6af757-a6f4-41b6-ac37-208ac1659023@group-59206F4A050A-SegmentedRaftLogWorker: created new log segment /workdir/hadoop-ozone/integration-test/target/test-dir/MiniOzoneClusterImpl-b9d2aae5-7523-433a-8853-e61f75a3b2d9/datanode-3/data/ratis/fdfff3bf-00c4-4548-a179-59206f4a050a/current/log_inprogress_0
2019-09-20 01:07:50,344 [grpc-default-executor-10] INFO  impl.RaftServerImpl (ServerState.java:setRaftConf(354)) - b2789397-81aa-440e-89aa-cc98be636228@group-59206F4A050A: set configuration 0: [bd6af757-a6f4-41b6-ac37-208ac1659023:192.168.151.120:32908, b2789397-81aa-440e-89aa-cc98be636228:192.168.151.120:46882, fb7bf5ec-d7cf-4d54-97ec-dd85076a9577:192.168.151.120:44615], old=null at 0
2019-09-20 01:07:50,345 [grpc-default-executor-10] INFO  segmented.SegmentedRaftLogWorker (SegmentedRaftLogWorker.java:startLogSegment(380)) - b2789397-81aa-440e-89aa-cc98be636228@group-59206F4A050A-SegmentedRaftLogWorker: Starting segment from index:0
2019-09-20 01:07:50,345 [grpc-default-executor-6] INFO  impl.RaftServerImpl (ServerState.java:setRaftConf(354)) - fb7bf5ec-d7cf-4d54-97ec-dd85076a9577@group-59206F4A050A: set configuration 0: [bd6af757-a6f4-41b6-ac37-208ac1659023:192.168.151.120:32908, b2789397-81aa-440e-89aa-cc98be636228:192.168.151.120:46882, fb7bf5ec-d7cf-4d54-97ec-dd85076a9577:192.168.151.120:44615], old=null at 0
2019-09-20 01:07:50,345 [grpc-default-executor-6] INFO  segmented.SegmentedRaftLogWorker (SegmentedRaftLogWorker.java:startLogSegment(380)) - fb7bf5ec-d7cf-4d54-97ec-dd85076a9577@group-59206F4A050A-SegmentedRaftLogWorker: Starting segment from index:0
2019-09-20 01:07:50,391 [b2789397-81aa-440e-89aa-cc98be636228@group-59206F4A050A-SegmentedRaftLogWorker] INFO  segmented.SegmentedRaftLogWorker (SegmentedRaftLogWorker.java:execute(569)) - b2789397-81aa-440e-89aa-cc98be636228@group-59206F4A050A-SegmentedRaftLogWorker: created new log segment /workdir/hadoop-ozone/integration-test/target/test-dir/MiniOzoneClusterImpl-b9d2aae5-7523-433a-8853-e61f75a3b2d9/datanode-6/data/ratis/fdfff3bf-00c4-4548-a179-59206f4a050a/current/log_inprogress_0
2019-09-20 01:07:50,391 [fb7bf5ec-d7cf-4d54-97ec-dd85076a9577@group-59206F4A050A-SegmentedRaftLogWorker] INFO  segmented.SegmentedRaftLogWorker (SegmentedRaftLogWorker.java:execute(569)) - fb7bf5ec-d7cf-4d54-97ec-dd85076a9577@group-59206F4A050A-SegmentedRaftLogWorker: created new log segment /workdir/hadoop-ozone/integration-test/target/test-dir/MiniOzoneClusterImpl-b9d2aae5-7523-433a-8853-e61f75a3b2d9/datanode-5/data/ratis/fdfff3bf-00c4-4548-a179-59206f4a050a/current/log_inprogress_0
2019-09-20 01:07:50,416 [grpc-default-executor-6] INFO  client.GrpcClientProtocolClient (GrpcClientProtocolClient.java:onNext(264)) - client-764E9C913DE3->117db472-d517-4212-84f1-798145bdd4fe: receive RaftClientReply:client-764E9C913DE3->117db472-d517-4212-84f1-798145bdd4fe@group-3C57384956DC, cid=230, SUCCESS, logIndex=1, commits[117db472-d517-4212-84f1-798145bdd4fe:c1, 809f5201-257f-4963-aae6-d62ea1498496:c0, 063be966-4847-4d82-9ae0-381db0b4ba8b:c0]
2019-09-20 01:07:50,450 [grpc-default-executor-9] INFO  client.GrpcClientProtocolClient (GrpcClientProtocolClient.java:onNext(264)) - client-764E9C913DE3->117db472-d517-4212-84f1-798145bdd4fe: receive RaftClientReply:client-764E9C913DE3->117db472-d517-4212-84f1-798145bdd4fe@group-3C57384956DC, cid=231, SUCCESS, logIndex=3, commits[117db472-d517-4212-84f1-798145bdd4fe:c4, 809f5201-257f-4963-aae6-d62ea1498496:c2, 063be966-4847-4d82-9ae0-381db0b4ba8b:c2]
2019-09-20 01:07:50,489 [grpc-default-executor-9] INFO  client.GrpcClientProtocolClient (GrpcClientProtocolClient.java:onNext(264)) - client-764E9C913DE3->117db472-d517-4212-84f1-798145bdd4fe: receive RaftClientReply:client-764E9C913DE3->117db472-d517-4212-84f1-798145bdd4fe@group-3C57384956DC, cid=232, SUCCESS, logIndex=4, commits[117db472-d517-4212-84f1-798145bdd4fe:c12, 809f5201-257f-4963-aae6-d62ea1498496:c7, 063be966-4847-4d82-9ae0-381db0b4ba8b:c7]
2019-09-20 01:07:50,490 [grpc-default-executor-9] INFO  client.GrpcClientProtocolClient (GrpcClientProtocolClient.java:onNext(264)) - client-764E9C913DE3->117db472-d517-4212-84f1-798145bdd4fe: receive RaftClientReply:client-764E9C913DE3->117db472-d517-4212-84f1-798145bdd4fe@group-3C57384956DC, cid=233, SUCCESS, logIndex=5, commits[117db472-d517-4212-84f1-798145bdd4fe:c12, 809f5201-257f-4963-aae6-d62ea1498496:c7, 063be966-4847-4d82-9ae0-381db0b4ba8b:c7]
2019-09-20 01:07:50,490 [grpc-default-executor-9] INFO  client.GrpcClientProtocolClient (GrpcClientProtocolClient.java:onNext(264)) - client-764E9C913DE3->117db472-d517-4212-84f1-798145bdd4fe: receive RaftClientReply:client-764E9C913DE3->117db472-d517-4212-84f1-798145bdd4fe@group-3C57384956DC, cid=234, SUCCESS, logIndex=6, commits[117db472-d517-4212-84f1-798145bdd4fe:c12, 809f5201-257f-4963-aae6-d62ea1498496:c7, 063be966-4847-4d82-9ae0-381db0b4ba8b:c7]
2019-09-20 01:07:50,540 [grpc-default-executor-9] INFO  client.GrpcClientProtocolClient (GrpcClientProtocolClient.java:onNext(264)) - client-764E9C913DE3->117db472-d517-4212-84f1-798145bdd4fe: receive RaftClientReply:client-764E9C913DE3->117db472-d517-4212-84f1-798145bdd4fe@group-3C57384956DC, cid=235, SUCCESS, logIndex=7, commits[117db472-d517-4212-84f1-798145bdd4fe:c12, 809f5201-257f-4963-aae6-d62ea1498496:c7, 063be966-4847-4d82-9ae0-381db0b4ba8b:c7]
2019-09-20 01:07:50,572 [grpc-default-executor-10] INFO  client.GrpcClientProtocolClient (GrpcClientProtocolClient.java:onNext(264)) - client-764E9C913DE3->117db472-d517-4212-84f1-798145bdd4fe: receive RaftClientReply:client-764E9C913DE3->117db472-d517-4212-84f1-798145bdd4fe@group-3C57384956DC, cid=236, SUCCESS, logIndex=13, commits[117db472-d517-4212-84f1-798145bdd4fe:c14, 809f5201-257f-4963-aae6-d62ea1498496:c12, 063be966-4847-4d82-9ae0-381db0b4ba8b:c12]
2019-09-20 01:07:50,572 [grpc-default-executor-10] INFO  client.GrpcClientProtocolClient (GrpcClientProtocolClient.java:onNext(264)) - client-764E9C913DE3->117db472-d517-4212-84f1-798145bdd4fe: receive RaftClientReply:client-764E9C913DE3->117db472-d517-4212-84f1-798145bdd4fe@group-3C57384956DC, cid=237, SUCCESS, logIndex=14, commits[117db472-d517-4212-84f1-798145bdd4fe:c14, 809f5201-257f-4963-aae6-d62ea1498496:c12, 063be966-4847-4d82-9ae0-381db0b4ba8b:c12]
2019-09-20 01:07:51,573 [main] WARN  scm.XceiverClientRatis (XceiverClientRatis.java:watchForCommit(262)) - 3 way commit failed on pipeline Pipeline[ Id: 2fb24749-56ae-4ee3-ba0e-3c57384956dc, Nodes: 809f5201-257f-4963-aae6-d62ea1498496{ip: 192.168.151.120, host: pr-hdds-2150-czsg7-3946154559, networkLocation: /default-rack, certSerialId: null}117db472-d517-4212-84f1-798145bdd4fe{ip: 192.168.151.120, host: pr-hdds-2150-czsg7-3946154559, networkLocation: /default-rack, certSerialId: null}063be966-4847-4d82-9ae0-381db0b4ba8b{ip: 192.168.151.120, host: pr-hdds-2150-czsg7-3946154559, networkLocation: /default-rack, certSerialId: null}, Type:RATIS, Factor:THREE, State:OPEN]
java.util.concurrent.TimeoutException
	at java.util.concurrent.CompletableFuture.timedGet(CompletableFuture.java:1771)
	at java.util.concurrent.CompletableFuture.get(CompletableFuture.java:1915)
	at org.apache.hadoop.hdds.scm.XceiverClientRatis.watchForCommit(XceiverClientRatis.java:259)
	at org.apache.hadoop.hdds.scm.storage.CommitWatcher.watchForCommit(CommitWatcher.java:194)
	at org.apache.hadoop.hdds.scm.storage.CommitWatcher.watchOnLastIndex(CommitWatcher.java:157)
	at org.apache.hadoop.hdds.scm.storage.BlockOutputStream.watchForCommit(BlockOutputStream.java:347)
	at org.apache.hadoop.hdds.scm.storage.BlockOutputStream.handleFlush(BlockOutputStream.java:479)
	at org.apache.hadoop.hdds.scm.storage.BlockOutputStream.flush(BlockOutputStream.java:428)
	at org.apache.hadoop.ozone.client.io.BlockOutputStreamEntry.flush(BlockOutputStreamEntry.java:136)
	at org.apache.hadoop.ozone.client.io.KeyOutputStream.handleFlushOrClose(KeyOutputStream.java:442)
	at org.apache.hadoop.ozone.client.io.KeyOutputStream.flush(KeyOutputStream.java:396)
	at org.apache.hadoop.ozone.client.io.OzoneOutputStream.flush(OzoneOutputStream.java:54)
	at org.apache.hadoop.ozone.client.rpc.TestBlockOutputStreamWithFailures.testWatchForCommitWithCloseContainerException(TestBlockOutputStreamWithFailures.java:190)
	at sun.reflect.NativeMethodAccessorImpl.invoke0(Native Method)
	at sun.reflect.NativeMethodAccessorImpl.invoke(NativeMethodAccessorImpl.java:62)
	at sun.reflect.DelegatingMethodAccessorImpl.invoke(DelegatingMethodAccessorImpl.java:43)
	at java.lang.reflect.Method.invoke(Method.java:498)
	at org.junit.runners.model.FrameworkMethod$1.runReflectiveCall(FrameworkMethod.java:47)
	at org.junit.internal.runners.model.ReflectiveCallable.run(ReflectiveCallable.java:12)
	at org.junit.runners.model.FrameworkMethod.invokeExplosively(FrameworkMethod.java:44)
	at org.junit.internal.runners.statements.InvokeMethod.evaluate(InvokeMethod.java:17)
	at org.junit.internal.runners.statements.RunBefores.evaluate(RunBefores.java:26)
	at org.junit.internal.runners.statements.RunAfters.evaluate(RunAfters.java:27)
	at org.junit.runners.ParentRunner.runLeaf(ParentRunner.java:271)
	at org.junit.runners.BlockJUnit4ClassRunner.runChild(BlockJUnit4ClassRunner.java:70)
	at org.junit.runners.BlockJUnit4ClassRunner.runChild(BlockJUnit4ClassRunner.java:50)
	at org.junit.runners.ParentRunner$3.run(ParentRunner.java:238)
	at org.junit.runners.ParentRunner$1.schedule(ParentRunner.java:63)
	at org.junit.runners.ParentRunner.runChildren(ParentRunner.java:236)
	at org.junit.runners.ParentRunner.access$000(ParentRunner.java:53)
	at org.junit.runners.ParentRunner$2.evaluate(ParentRunner.java:229)
	at org.junit.runners.ParentRunner.run(ParentRunner.java:309)
	at org.apache.maven.surefire.junit4.JUnit4Provider.execute(JUnit4Provider.java:365)
	at org.apache.maven.surefire.junit4.JUnit4Provider.executeWithRerun(JUnit4Provider.java:273)
	at org.apache.maven.surefire.junit4.JUnit4Provider.executeTestSet(JUnit4Provider.java:238)
	at org.apache.maven.surefire.junit4.JUnit4Provider.invoke(JUnit4Provider.java:159)
	at org.apache.maven.surefire.booter.ForkedBooter.invokeProviderInSameClassLoader(ForkedBooter.java:384)
	at org.apache.maven.surefire.booter.ForkedBooter.runSuitesInProcess(ForkedBooter.java:345)
	at org.apache.maven.surefire.booter.ForkedBooter.execute(ForkedBooter.java:126)
	at org.apache.maven.surefire.booter.ForkedBooter.main(ForkedBooter.java:418)
2019-09-20 01:07:52,579 [main] WARN  storage.CommitWatcher (CommitWatcher.java:watchForCommit(203)) - watchForCommit failed for index 14
java.util.concurrent.TimeoutException
	at java.util.concurrent.CompletableFuture.timedGet(CompletableFuture.java:1771)
	at java.util.concurrent.CompletableFuture.get(CompletableFuture.java:1915)
	at org.apache.hadoop.hdds.scm.XceiverClientRatis.watchForCommit(XceiverClientRatis.java:268)
	at org.apache.hadoop.hdds.scm.storage.CommitWatcher.watchForCommit(CommitWatcher.java:194)
	at org.apache.hadoop.hdds.scm.storage.CommitWatcher.watchOnLastIndex(CommitWatcher.java:157)
	at org.apache.hadoop.hdds.scm.storage.BlockOutputStream.watchForCommit(BlockOutputStream.java:347)
	at org.apache.hadoop.hdds.scm.storage.BlockOutputStream.handleFlush(BlockOutputStream.java:479)
	at org.apache.hadoop.hdds.scm.storage.BlockOutputStream.flush(BlockOutputStream.java:428)
	at org.apache.hadoop.ozone.client.io.BlockOutputStreamEntry.flush(BlockOutputStreamEntry.java:136)
	at org.apache.hadoop.ozone.client.io.KeyOutputStream.handleFlushOrClose(KeyOutputStream.java:442)
	at org.apache.hadoop.ozone.client.io.KeyOutputStream.flush(KeyOutputStream.java:396)
	at org.apache.hadoop.ozone.client.io.OzoneOutputStream.flush(OzoneOutputStream.java:54)
	at org.apache.hadoop.ozone.client.rpc.TestBlockOutputStreamWithFailures.testWatchForCommitWithCloseContainerException(TestBlockOutputStreamWithFailures.java:190)
	at sun.reflect.NativeMethodAccessorImpl.invoke0(Native Method)
	at sun.reflect.NativeMethodAccessorImpl.invoke(NativeMethodAccessorImpl.java:62)
	at sun.reflect.DelegatingMethodAccessorImpl.invoke(DelegatingMethodAccessorImpl.java:43)
	at java.lang.reflect.Method.invoke(Method.java:498)
	at org.junit.runners.model.FrameworkMethod$1.runReflectiveCall(FrameworkMethod.java:47)
	at org.junit.internal.runners.model.ReflectiveCallable.run(ReflectiveCallable.java:12)
	at org.junit.runners.model.FrameworkMethod.invokeExplosively(FrameworkMethod.java:44)
	at org.junit.internal.runners.statements.InvokeMethod.evaluate(InvokeMethod.java:17)
	at org.junit.internal.runners.statements.RunBefores.evaluate(RunBefores.java:26)
	at org.junit.internal.runners.statements.RunAfters.evaluate(RunAfters.java:27)
	at org.junit.runners.ParentRunner.runLeaf(ParentRunner.java:271)
	at org.junit.runners.BlockJUnit4ClassRunner.runChild(BlockJUnit4ClassRunner.java:70)
	at org.junit.runners.BlockJUnit4ClassRunner.runChild(BlockJUnit4ClassRunner.java:50)
	at org.junit.runners.ParentRunner$3.run(ParentRunner.java:238)
	at org.junit.runners.ParentRunner$1.schedule(ParentRunner.java:63)
	at org.junit.runners.ParentRunner.runChildren(ParentRunner.java:236)
	at org.junit.runners.ParentRunner.access$000(ParentRunner.java:53)
	at org.junit.runners.ParentRunner$2.evaluate(ParentRunner.java:229)
	at org.junit.runners.ParentRunner.run(ParentRunner.java:309)
	at org.apache.maven.surefire.junit4.JUnit4Provider.execute(JUnit4Provider.java:365)
	at org.apache.maven.surefire.junit4.JUnit4Provider.executeWithRerun(JUnit4Provider.java:273)
	at org.apache.maven.surefire.junit4.JUnit4Provider.executeTestSet(JUnit4Provider.java:238)
	at org.apache.maven.surefire.junit4.JUnit4Provider.invoke(JUnit4Provider.java:159)
	at org.apache.maven.surefire.booter.ForkedBooter.invokeProviderInSameClassLoader(ForkedBooter.java:384)
	at org.apache.maven.surefire.booter.ForkedBooter.runSuitesInProcess(ForkedBooter.java:345)
	at org.apache.maven.surefire.booter.ForkedBooter.execute(ForkedBooter.java:126)
	at org.apache.maven.surefire.booter.ForkedBooter.main(ForkedBooter.java:418)
2019-09-20 01:07:52,581 [main] WARN  io.KeyOutputStream (KeyOutputStream.java:handleException(276)) - Encountered exception java.io.IOException: Unexpected Storage Container Exception: java.io.IOException: Unexpected Storage Container Exception: java.util.concurrent.TimeoutException on the pipeline Pipeline[ Id: 2fb24749-56ae-4ee3-ba0e-3c57384956dc, Nodes: 809f5201-257f-4963-aae6-d62ea1498496{ip: 192.168.151.120, host: pr-hdds-2150-czsg7-3946154559, networkLocation: /default-rack, certSerialId: null}117db472-d517-4212-84f1-798145bdd4fe{ip: 192.168.151.120, host: pr-hdds-2150-czsg7-3946154559, networkLocation: /default-rack, certSerialId: null}063be966-4847-4d82-9ae0-381db0b4ba8b{ip: 192.168.151.120, host: pr-hdds-2150-czsg7-3946154559, networkLocation: /default-rack, certSerialId: null}, Type:RATIS, Factor:THREE, State:OPEN]. The last committed block length is 400, uncommitted data length is 50 retry count 0
2019-09-20 01:07:52,611 [grpc-default-executor-10] INFO  client.GrpcClientProtocolClient (GrpcClientProtocolClient.java:onNext(264)) - client-EA690FCECCCC->b2789397-81aa-440e-89aa-cc98be636228: receive RaftClientReply:client-EA690FCECCCC->b2789397-81aa-440e-89aa-cc98be636228@group-59206F4A050A, cid=240, FAILED org.apache.ratis.protocol.NotLeaderException: Server b2789397-81aa-440e-89aa-cc98be636228@group-59206F4A050A is not the leader bd6af757-a6f4-41b6-ac37-208ac1659023:192.168.151.120:32908, logIndex=0, commits[b2789397-81aa-440e-89aa-cc98be636228:c-1, bd6af757-a6f4-41b6-ac37-208ac1659023:c-1, fb7bf5ec-d7cf-4d54-97ec-dd85076a9577:c-1]
2019-09-20 01:07:52,767 [grpc-default-executor-10] INFO  client.GrpcClientProtocolClient (GrpcClientProtocolClient.java:onNext(264)) - client-EA690FCECCCC->bd6af757-a6f4-41b6-ac37-208ac1659023: receive RaftClientReply:client-EA690FCECCCC->bd6af757-a6f4-41b6-ac37-208ac1659023@group-59206F4A050A, cid=240, SUCCESS, logIndex=1, commits[bd6af757-a6f4-41b6-ac37-208ac1659023:c1, b2789397-81aa-440e-89aa-cc98be636228:c0, fb7bf5ec-d7cf-4d54-97ec-dd85076a9577:c0]
2019-09-20 01:07:52,812 [grpc-default-executor-10] INFO  client.GrpcClientProtocolClient (GrpcClientProtocolClient.java:onNext(264)) - client-EA690FCECCCC->bd6af757-a6f4-41b6-ac37-208ac1659023: receive RaftClientReply:client-EA690FCECCCC->bd6af757-a6f4-41b6-ac37-208ac1659023@group-59206F4A050A, cid=241, SUCCESS, logIndex=3, commits[bd6af757-a6f4-41b6-ac37-208ac1659023:c4, b2789397-81aa-440e-89aa-cc98be636228:c3, fb7bf5ec-d7cf-4d54-97ec-dd85076a9577:c3]
2019-09-20 01:07:52,813 [main] INFO  ozone.MiniOzoneClusterImpl (MiniOzoneClusterImpl.java:shutdown(312)) - Shutting down the Mini Ozone Cluster
2019-09-20 01:07:52,815 [main] INFO  ozone.MiniOzoneClusterImpl (MiniOzoneClusterImpl.java:stop(327)) - Stopping the Mini Ozone Cluster
2019-09-20 01:07:52,816 [main] INFO  ozone.MiniOzoneClusterImpl (MiniOzoneClusterImpl.java:stop(329)) - Stopping the OzoneManager
2019-09-20 01:07:52,816 [main] INFO  ipc.Server (Server.java:stop(3082)) - Stopping server on 44112
2019-09-20 01:07:52,831 [IPC Server listener on 44112] INFO  ipc.Server (Server.java:run(1185)) - Stopping IPC Server listener on 44112
2019-09-20 01:07:52,837 [main] INFO  ratis.OzoneManagerDoubleBuffer (OzoneManagerDoubleBuffer.java:stop(248)) - Stopping OMDoubleBuffer flush thread
2019-09-20 01:07:52,837 [IPC Server Responder] INFO  ipc.Server (Server.java:run(1319)) - Stopping IPC Server Responder
2019-09-20 01:07:52,843 [OMDoubleBufferFlushThread] INFO  ratis.OzoneManagerDoubleBuffer (OzoneManagerDoubleBuffer.java:flushTransactions(191)) - OMDoubleBuffer flush thread OMDoubleBufferFlushThread is interrupted and will exit. OMDoubleBufferFlushThread
2019-09-20 01:07:52,853 [main] INFO  utils.BackgroundService (BackgroundService.java:shutdown(148)) - Shutting down service KeyDeletingService
2019-09-20 01:07:52,855 [main] INFO  handler.ContextHandler (ContextHandler.java:doStop(910)) - Stopped o.e.j.w.WebAppContext@3eac2e8a{/,null,UNAVAILABLE}{/ozoneManager}
2019-09-20 01:07:52,855 [main] INFO  server.AbstractConnector (AbstractConnector.java:doStop(318)) - Stopped ServerConnector@352f6727{HTTP/1.1,[http/1.1]}{0.0.0.0:0}
2019-09-20 01:07:52,856 [main] INFO  handler.ContextHandler (ContextHandler.java:doStop(910)) - Stopped o.e.j.s.ServletContextHandler@7cc1f72c{/static,file:///workdir/hadoop-ozone/integration-test/target/test-classes/webapps/static,UNAVAILABLE}
2019-09-20 01:07:52,856 [main] INFO  handler.ContextHandler (ContextHandler.java:doStop(910)) - Stopped o.e.j.s.ServletContextHandler@1b8fa2fa{/logs,file:///workdir/hadoop-ozone/integration-test/target/log,UNAVAILABLE}
2019-09-20 01:07:52,875 [main] INFO  ozone.MiniOzoneClusterImpl (MiniOzoneClusterImpl.java:stop(335)) - Shutting the HddsDatanodes
2019-09-20 01:07:53,086 [grpc-default-executor-9] INFO  client.GrpcClientProtocolClient (GrpcClientProtocolClient.java:onNext(264)) - client-764E9C913DE3->117db472-d517-4212-84f1-798145bdd4fe: receive RaftClientReply:client-764E9C913DE3->117db472-d517-4212-84f1-798145bdd4fe@group-3C57384956DC, cid=239, SUCCESS, logIndex=0, commits[117db472-d517-4212-84f1-798145bdd4fe:c16, 809f5201-257f-4963-aae6-d62ea1498496:c12, 063be966-4847-4d82-9ae0-381db0b4ba8b:c16]
2019-09-20 01:07:53,087 [grpc-default-executor-9] INFO  client.GrpcClientProtocolClient (GrpcClientProtocolClient.java:onNext(264)) - client-764E9C913DE3->117db472-d517-4212-84f1-798145bdd4fe: receive RaftClientReply:client-764E9C913DE3->117db472-d517-4212-84f1-798145bdd4fe@group-3C57384956DC, cid=238, SUCCESS, logIndex=0, commits[117db472-d517-4212-84f1-798145bdd4fe:c16, 809f5201-257f-4963-aae6-d62ea1498496:c16, 063be966-4847-4d82-9ae0-381db0b4ba8b:c16]
2019-09-20 01:07:53,400 [Datanode State Machine Thread - 0] INFO  statemachine.DatanodeStateMachine (DatanodeStateMachine.java:lambda$startDaemon$0(350)) - Ozone container server started.
2019-09-20 01:07:53,858 [Datanode State Machine Thread - 0] INFO  statemachine.DatanodeStateMachine (DatanodeStateMachine.java:lambda$startDaemon$0(350)) - Ozone container server started.
2019-09-20 01:07:57,495 [EventQueue-StaleNodeForStaleNodeHandler] INFO  node.StaleNodeHandler (StaleNodeHandler.java:onMessage(58)) - Datanode 063be966-4847-4d82-9ae0-381db0b4ba8b{ip: 192.168.151.120, host: pr-hdds-2150-czsg7-3946154559, networkLocation: /default-rack, certSerialId: null} moved to stale state. Finalizing its pipelines [PipelineID=4cc46082-6b96-4432-80e2-94c1816acf52, PipelineID=2fb24749-56ae-4ee3-ba0e-3c57384956dc]
2019-09-20 01:07:57,495 [EventQueue-StaleNodeForStaleNodeHandler] INFO  pipeline.SCMPipelineManager (SCMPipelineManager.java:finalizeAndDestroyPipeline(311)) - destroying pipeline:Pipeline[ Id: 4cc46082-6b96-4432-80e2-94c1816acf52, Nodes: 063be966-4847-4d82-9ae0-381db0b4ba8b{ip: 192.168.151.120, host: pr-hdds-2150-czsg7-3946154559, networkLocation: /default-rack, certSerialId: null}, Type:RATIS, Factor:ONE, State:OPEN]
2019-09-20 01:07:57,495 [EventQueue-StaleNodeForStaleNodeHandler] INFO  pipeline.PipelineStateManager (PipelineStateManager.java:finalizePipeline(123)) - Pipeline Pipeline[ Id: 4cc46082-6b96-4432-80e2-94c1816acf52, Nodes: 063be966-4847-4d82-9ae0-381db0b4ba8b{ip: 192.168.151.120, host: pr-hdds-2150-czsg7-3946154559, networkLocation: /default-rack, certSerialId: null}, Type:RATIS, Factor:ONE, State:CLOSED] moved to CLOSED state
2019-09-20 01:07:57,496 [EventQueue-StaleNodeForStaleNodeHandler] INFO  pipeline.SCMPipelineManager (SCMPipelineManager.java:finalizeAndDestroyPipeline(311)) - destroying pipeline:Pipeline[ Id: 2fb24749-56ae-4ee3-ba0e-3c57384956dc, Nodes: 809f5201-257f-4963-aae6-d62ea1498496{ip: 192.168.151.120, host: pr-hdds-2150-czsg7-3946154559, networkLocation: /default-rack, certSerialId: null}117db472-d517-4212-84f1-798145bdd4fe{ip: 192.168.151.120, host: pr-hdds-2150-czsg7-3946154559, networkLocation: /default-rack, certSerialId: null}063be966-4847-4d82-9ae0-381db0b4ba8b{ip: 192.168.151.120, host: pr-hdds-2150-czsg7-3946154559, networkLocation: /default-rack, certSerialId: null}, Type:RATIS, Factor:THREE, State:OPEN]
2019-09-20 01:07:57,496 [EventQueue-StaleNodeForStaleNodeHandler] INFO  pipeline.PipelineStateManager (PipelineStateManager.java:finalizePipeline(123)) - Pipeline Pipeline[ Id: 2fb24749-56ae-4ee3-ba0e-3c57384956dc, Nodes: 809f5201-257f-4963-aae6-d62ea1498496{ip: 192.168.151.120, host: pr-hdds-2150-czsg7-3946154559, networkLocation: /default-rack, certSerialId: null}117db472-d517-4212-84f1-798145bdd4fe{ip: 192.168.151.120, host: pr-hdds-2150-czsg7-3946154559, networkLocation: /default-rack, certSerialId: null}063be966-4847-4d82-9ae0-381db0b4ba8b{ip: 192.168.151.120, host: pr-hdds-2150-czsg7-3946154559, networkLocation: /default-rack, certSerialId: null}, Type:RATIS, Factor:THREE, State:CLOSED] moved to CLOSED state
2019-09-20 01:07:57,497 [EventQueue-CloseContainerForCloseContainerEventHandler] INFO  container.CloseContainerEventHandler (CloseContainerEventHandler.java:onMessage(61)) - Close container Event triggered for container : #1
2019-09-20 01:07:57,876 [main] INFO  ozoneimpl.OzoneContainer (OzoneContainer.java:stop(231)) - Attempting to stop container services.
2019-09-20 01:07:57,877 [ForkJoinPool.commonPool-worker-0] INFO  ozoneimpl.OzoneContainer (OzoneContainer.java:stop(231)) - Attempting to stop container services.
2019-09-20 01:07:57,885 [main] INFO  impl.RaftServerProxy (RaftServerProxy.java:lambda$close$4(314)) - 254019d8-3748-4e2e-b6e0-9e9e1011683c: close
2019-09-20 01:07:57,886 [ForkJoinPool.commonPool-worker-0] INFO  impl.RaftServerProxy (RaftServerProxy.java:lambda$close$4(314)) - 063be966-4847-4d82-9ae0-381db0b4ba8b: close
2019-09-20 01:07:57,886 [main] INFO  impl.RaftServerImpl (RaftServerImpl.java:lambda$shutdown$3(251)) - 254019d8-3748-4e2e-b6e0-9e9e1011683c@group-AA18E3522CB0: shutdown
2019-09-20 01:07:57,886 [ForkJoinPool.commonPool-worker-0] INFO  impl.RaftServerImpl (RaftServerImpl.java:lambda$shutdown$3(251)) - 063be966-4847-4d82-9ae0-381db0b4ba8b@group-94C1816ACF52: shutdown
2019-09-20 01:07:57,886 [main] INFO  util.JmxRegister (JmxRegister.java:unregister(73)) - Successfully un-registered JMX Bean with object name Ratis:service=RaftServer,group=group-AA18E3522CB0,id=254019d8-3748-4e2e-b6e0-9e9e1011683c
2019-09-20 01:07:57,887 [ForkJoinPool.commonPool-worker-0] INFO  util.JmxRegister (JmxRegister.java:unregister(73)) - Successfully un-registered JMX Bean with object name Ratis:service=RaftServer,group=group-94C1816ACF52,id=063be966-4847-4d82-9ae0-381db0b4ba8b
2019-09-20 01:07:57,887 [main] INFO  impl.RoleInfo (RoleInfo.java:shutdownLeaderState(104)) - 254019d8-3748-4e2e-b6e0-9e9e1011683c: shutdown LeaderState
2019-09-20 01:07:57,887 [ForkJoinPool.commonPool-worker-0] INFO  impl.RoleInfo (RoleInfo.java:shutdownLeaderState(104)) - 063be966-4847-4d82-9ae0-381db0b4ba8b: shutdown LeaderState
2019-09-20 01:07:57,887 [main] INFO  impl.PendingRequests (PendingRequests.java:sendNotLeaderResponses(202)) - 254019d8-3748-4e2e-b6e0-9e9e1011683c-PendingRequests: sendNotLeaderResponses
2019-09-20 01:07:57,888 [ForkJoinPool.commonPool-worker-0] INFO  impl.PendingRequests (PendingRequests.java:sendNotLeaderResponses(202)) - 063be966-4847-4d82-9ae0-381db0b4ba8b-PendingRequests: sendNotLeaderResponses
2019-09-20 01:07:57,888 [main] INFO  impl.StateMachineUpdater (StateMachineUpdater.java:stopAndJoin(125)) - 254019d8-3748-4e2e-b6e0-9e9e1011683c@group-AA18E3522CB0-StateMachineUpdater: set stopIndex = 0
2019-09-20 01:07:57,888 [ForkJoinPool.commonPool-worker-0] INFO  impl.StateMachineUpdater (StateMachineUpdater.java:stopAndJoin(125)) - 063be966-4847-4d82-9ae0-381db0b4ba8b@group-94C1816ACF52-StateMachineUpdater: set stopIndex = 0
2019-09-20 01:07:57,888 [ForkJoinPool.commonPool-worker-0] INFO  impl.RaftServerImpl (ServerState.java:close(385)) - 063be966-4847-4d82-9ae0-381db0b4ba8b@group-94C1816ACF52: closes. applyIndex: 0
2019-09-20 01:07:57,888 [main] INFO  impl.RaftServerImpl (ServerState.java:close(385)) - 254019d8-3748-4e2e-b6e0-9e9e1011683c@group-AA18E3522CB0: closes. applyIndex: 0
2019-09-20 01:07:57,889 [063be966-4847-4d82-9ae0-381db0b4ba8b@group-94C1816ACF52-SegmentedRaftLogWorker] INFO  segmented.SegmentedRaftLogWorker (SegmentedRaftLogWorker.java:run(313)) - 063be966-4847-4d82-9ae0-381db0b4ba8b@group-94C1816ACF52-SegmentedRaftLogWorker was interrupted, exiting. There are 0 tasks remaining in the queue.
2019-09-20 01:07:57,889 [254019d8-3748-4e2e-b6e0-9e9e1011683c@group-AA18E3522CB0-SegmentedRaftLogWorker] INFO  segmented.SegmentedRaftLogWorker (SegmentedRaftLogWorker.java:run(313)) - 254019d8-3748-4e2e-b6e0-9e9e1011683c@group-AA18E3522CB0-SegmentedRaftLogWorker was interrupted, exiting. There are 0 tasks remaining in the queue.
2019-09-20 01:07:57,896 [main] INFO  segmented.SegmentedRaftLogWorker (SegmentedRaftLogWorker.java:close(228)) - 254019d8-3748-4e2e-b6e0-9e9e1011683c@group-AA18E3522CB0-SegmentedRaftLogWorker close()
2019-09-20 01:07:57,902 [main] INFO  server.GrpcService (GrpcService.java:closeImpl(164)) - 254019d8-3748-4e2e-b6e0-9e9e1011683c: shutdown server with port 35108 now
2019-09-20 01:07:57,902 [EventQueue-StaleNodeForStaleNodeHandler] INFO  node.StaleNodeHandler (StaleNodeHandler.java:onMessage(58)) - Datanode 254019d8-3748-4e2e-b6e0-9e9e1011683c{ip: 192.168.151.120, host: pr-hdds-2150-czsg7-3946154559, networkLocation: /default-rack, certSerialId: null} moved to stale state. Finalizing its pipelines [PipelineID=a60ac30b-046e-4160-b746-aa18e3522cb0]
2019-09-20 01:07:57,902 [EventQueue-StaleNodeForStaleNodeHandler] INFO  pipeline.SCMPipelineManager (SCMPipelineManager.java:finalizeAndDestroyPipeline(311)) - destroying pipeline:Pipeline[ Id: a60ac30b-046e-4160-b746-aa18e3522cb0, Nodes: 254019d8-3748-4e2e-b6e0-9e9e1011683c{ip: 192.168.151.120, host: pr-hdds-2150-czsg7-3946154559, networkLocation: /default-rack, certSerialId: null}, Type:RATIS, Factor:ONE, State:OPEN]
2019-09-20 01:07:57,905 [main] INFO  server.GrpcService (GrpcService.java:closeImpl(172)) - 254019d8-3748-4e2e-b6e0-9e9e1011683c: shutdown server with port 35108 successfully
2019-09-20 01:07:57,905 [EventQueue-StaleNodeForStaleNodeHandler] INFO  pipeline.PipelineStateManager (PipelineStateManager.java:finalizePipeline(123)) - Pipeline Pipeline[ Id: a60ac30b-046e-4160-b746-aa18e3522cb0, Nodes: 254019d8-3748-4e2e-b6e0-9e9e1011683c{ip: 192.168.151.120, host: pr-hdds-2150-czsg7-3946154559, networkLocation: /default-rack, certSerialId: null}, Type:RATIS, Factor:ONE, State:CLOSED] moved to CLOSED state
2019-09-20 01:07:57,907 [ForkJoinPool.commonPool-worker-0] INFO  segmented.SegmentedRaftLogWorker (SegmentedRaftLogWorker.java:close(228)) - 063be966-4847-4d82-9ae0-381db0b4ba8b@group-94C1816ACF52-SegmentedRaftLogWorker close()
2019-09-20 01:07:57,913 [ForkJoinPool.commonPool-worker-0] INFO  impl.RaftServerImpl (RaftServerImpl.java:lambda$shutdown$3(251)) - 063be966-4847-4d82-9ae0-381db0b4ba8b@group-3C57384956DC: shutdown
2019-09-20 01:07:57,913 [ForkJoinPool.commonPool-worker-0] INFO  util.JmxRegister (JmxRegister.java:unregister(73)) - Successfully un-registered JMX Bean with object name Ratis:service=RaftServer,group=group-3C57384956DC,id=063be966-4847-4d82-9ae0-381db0b4ba8b
2019-09-20 01:07:57,913 [ForkJoinPool.commonPool-worker-0] INFO  impl.RoleInfo (RoleInfo.java:shutdownFollowerState(121)) - 063be966-4847-4d82-9ae0-381db0b4ba8b: shutdown FollowerState
2019-09-20 01:07:57,913 [ForkJoinPool.commonPool-worker-0] INFO  impl.StateMachineUpdater (StateMachineUpdater.java:stopAndJoin(125)) - 063be966-4847-4d82-9ae0-381db0b4ba8b@group-3C57384956DC-StateMachineUpdater: set stopIndex = 16
2019-09-20 01:07:57,914 [063be966-4847-4d82-9ae0-381db0b4ba8b@group-3C57384956DC-StateMachineUpdater] INFO  ratis.ContainerStateMachine (ContainerStateMachine.java:takeSnapshot(289)) - group-3C57384956DC: Taking a snapshot at:(t:1, i:16) file /workdir/hadoop-ozone/integration-test/target/test-dir/MiniOzoneClusterImpl-b9d2aae5-7523-433a-8853-e61f75a3b2d9/datanode-1/data/ratis/2fb24749-56ae-4ee3-ba0e-3c57384956dc/sm/snapshot.1_16
2019-09-20 01:07:57,914 [Thread-4000] INFO  impl.FollowerState (FollowerState.java:run(115)) - 063be966-4847-4d82-9ae0-381db0b4ba8b: FollowerState was interrupted: java.lang.InterruptedException: sleep interrupted
2019-09-20 01:07:57,918 [refreshUsed-/workdir/hadoop-ozone/integration-test/target/test-dir/MiniOzoneClusterImpl-b9d2aae5-7523-433a-8853-e61f75a3b2d9/datanode-4/data/containers] WARN  fs.CachingGetSpaceUsed (CachingGetSpaceUsed.java:run(183)) - Thread Interrupted waiting to refresh disk information: sleep interrupted
2019-09-20 01:07:57,931 [063be966-4847-4d82-9ae0-381db0b4ba8b@group-3C57384956DC-StateMachineUpdater] INFO  ratis.ContainerStateMachine (ContainerStateMachine.java:takeSnapshot(300)) - group-3C57384956DC: Finished taking a snapshot at:(t:1, i:16) file:/workdir/hadoop-ozone/integration-test/target/test-dir/MiniOzoneClusterImpl-b9d2aae5-7523-433a-8853-e61f75a3b2d9/datanode-1/data/ratis/2fb24749-56ae-4ee3-ba0e-3c57384956dc/sm/snapshot.1_16 time:17
2019-09-20 01:07:57,931 [063be966-4847-4d82-9ae0-381db0b4ba8b@group-3C57384956DC-StateMachineUpdater] INFO  impl.StateMachineUpdater (StateMachineUpdater.java:takeSnapshot(258)) - 063be966-4847-4d82-9ae0-381db0b4ba8b@group-3C57384956DC-StateMachineUpdater: Took a snapshot at index 16
2019-09-20 01:07:57,931 [063be966-4847-4d82-9ae0-381db0b4ba8b@group-3C57384956DC-StateMachineUpdater] INFO  impl.StateMachineUpdater (StateMachineUpdater.java:lambda$new$0(83)) - 063be966-4847-4d82-9ae0-381db0b4ba8b@group-3C57384956DC-StateMachineUpdater: snapshotIndex: updateIncreasingly -1 -> 16
2019-09-20 01:07:57,931 [ForkJoinPool.commonPool-worker-0] INFO  impl.RaftServerImpl (ServerState.java:close(385)) - 063be966-4847-4d82-9ae0-381db0b4ba8b@group-3C57384956DC: closes. applyIndex: 16
2019-09-20 01:07:57,932 [063be966-4847-4d82-9ae0-381db0b4ba8b@group-3C57384956DC-SegmentedRaftLogWorker] INFO  segmented.SegmentedRaftLogWorker (SegmentedRaftLogWorker.java:run(313)) - 063be966-4847-4d82-9ae0-381db0b4ba8b@group-3C57384956DC-SegmentedRaftLogWorker was interrupted, exiting. There are 0 tasks remaining in the queue.
2019-09-20 01:07:57,932 [main] INFO  utils.BackgroundService (BackgroundService.java:shutdown(148)) - Shutting down service BlockDeletingService
2019-09-20 01:07:57,935 [ForkJoinPool.commonPool-worker-0] INFO  segmented.SegmentedRaftLogWorker (SegmentedRaftLogWorker.java:close(228)) - 063be966-4847-4d82-9ae0-381db0b4ba8b@group-3C57384956DC-SegmentedRaftLogWorker close()
2019-09-20 01:07:57,941 [ForkJoinPool.commonPool-worker-0] INFO  server.GrpcService (GrpcService.java:closeImpl(164)) - 063be966-4847-4d82-9ae0-381db0b4ba8b: shutdown server with port 40286 now
2019-09-20 01:07:57,946 [main] INFO  statemachine.DatanodeStateMachine (DatanodeStateMachine.java:stopDaemon(395)) - Ozone container server stopped.
2019-09-20 01:07:57,947 [grpc-default-executor-9] WARN  server.GrpcServerProtocolService (LogUtils.java:warn(134)) - 063be966-4847-4d82-9ae0-381db0b4ba8b: installSnapshot onError, lastRequest: 117db472-d517-4212-84f1-798145bdd4fe->063be966-4847-4d82-9ae0-381db0b4ba8b#19-t1, previous=(t:1, i:16), leaderCommit=16, initializing? false, entries: <empty>: org.apache.ratis.thirdparty.io.grpc.StatusRuntimeException: CANCELLED: cancelled before receiving half close
2019-09-20 01:07:57,947 [ForkJoinPool.commonPool-worker-0] INFO  server.GrpcService (GrpcService.java:closeImpl(172)) - 063be966-4847-4d82-9ae0-381db0b4ba8b: shutdown server with port 40286 successfully
2019-09-20 01:07:57,947 [grpc-default-executor-7] WARN  server.GrpcLogAppender (LogUtils.java:warn(134)) - 117db472-d517-4212-84f1-798145bdd4fe@group-3C57384956DC->063be966-4847-4d82-9ae0-381db0b4ba8b-AppendLogResponseHandler: Failed appendEntries: org.apache.ratis.thirdparty.io.grpc.StatusRuntimeException: CANCELLED: HTTP/2 error code: CANCEL
Received Rst Stream
2019-09-20 01:07:57,947 [main] INFO  handler.ContextHandler (ContextHandler.java:doStop(910)) - Stopped o.e.j.w.WebAppContext@171aa66{/,null,UNAVAILABLE}{/hddsDatanode}
2019-09-20 01:07:57,948 [grpc-default-executor-7] INFO  impl.FollowerInfo (FollowerInfo.java:lambda$new$0(51)) - 117db472-d517-4212-84f1-798145bdd4fe@group-3C57384956DC->063be966-4847-4d82-9ae0-381db0b4ba8b: nextIndex: updateUnconditionally 17 -> 16
2019-09-20 01:07:57,948 [main] INFO  server.AbstractConnector (AbstractConnector.java:doStop(318)) - Stopped ServerConnector@58739e5e{HTTP/1.1,[http/1.1]}{0.0.0.0:0}
2019-09-20 01:07:57,949 [main] INFO  handler.ContextHandler (ContextHandler.java:doStop(910)) - Stopped o.e.j.s.ServletContextHandler@30cafd13{/static,jar:file:/home/user/.m2/repository/org/apache/hadoop/hadoop-hdds-container-service/0.5.0-SNAPSHOT/hadoop-hdds-container-service-0.5.0-SNAPSHOT.jar!/webapps/static,UNAVAILABLE}
2019-09-20 01:07:57,950 [refreshUsed-/workdir/hadoop-ozone/integration-test/target/test-dir/MiniOzoneClusterImpl-b9d2aae5-7523-433a-8853-e61f75a3b2d9/datanode-1/data/containers] WARN  fs.CachingGetSpaceUsed (CachingGetSpaceUsed.java:run(183)) - Thread Interrupted waiting to refresh disk information: sleep interrupted
2019-09-20 01:07:57,950 [main] INFO  handler.ContextHandler (ContextHandler.java:doStop(910)) - Stopped o.e.j.s.ServletContextHandler@619c3546{/logs,file:///workdir/hadoop-ozone/integration-test/target/log,UNAVAILABLE}
2019-09-20 01:07:57,963 [ForkJoinPool.commonPool-worker-0] INFO  utils.BackgroundService (BackgroundService.java:shutdown(148)) - Shutting down service BlockDeletingService
2019-09-20 01:07:57,970 [ForkJoinPool.commonPool-worker-0] INFO  statemachine.DatanodeStateMachine (DatanodeStateMachine.java:stopDaemon(395)) - Ozone container server stopped.
2019-09-20 01:07:57,978 [ForkJoinPool.commonPool-worker-0] INFO  handler.ContextHandler (ContextHandler.java:doStop(910)) - Stopped o.e.j.w.WebAppContext@6a6d1ff3{/,null,UNAVAILABLE}{/hddsDatanode}
2019-09-20 01:07:57,978 [ForkJoinPool.commonPool-worker-0] INFO  server.AbstractConnector (AbstractConnector.java:doStop(318)) - Stopped ServerConnector@64b73e0a{HTTP/1.1,[http/1.1]}{0.0.0.0:0}
2019-09-20 01:07:57,981 [ForkJoinPool.commonPool-worker-0] INFO  handler.ContextHandler (ContextHandler.java:doStop(910)) - Stopped o.e.j.s.ServletContextHandler@506aa618{/static,jar:file:/home/user/.m2/repository/org/apache/hadoop/hadoop-hdds-container-service/0.5.0-SNAPSHOT/hadoop-hdds-container-service-0.5.0-SNAPSHOT.jar!/webapps/static,UNAVAILABLE}
2019-09-20 01:07:57,983 [ForkJoinPool.commonPool-worker-0] INFO  handler.ContextHandler (ContextHandler.java:doStop(910)) - Stopped o.e.j.s.ServletContextHandler@7e050be1{/logs,file:///workdir/hadoop-ozone/integration-test/target/log,UNAVAILABLE}
2019-09-20 01:07:58,085 [grpc-default-executor-10] WARN  server.GrpcLogAppender (LogUtils.java:warn(134)) - 117db472-d517-4212-84f1-798145bdd4fe@group-3C57384956DC->063be966-4847-4d82-9ae0-381db0b4ba8b-AppendLogResponseHandler: Failed appendEntries: org.apache.ratis.thirdparty.io.grpc.StatusRuntimeException: UNAVAILABLE: io exception
2019-09-20 01:07:58,085 [grpc-default-executor-10] INFO  impl.FollowerInfo (FollowerInfo.java:lambda$new$0(51)) - 117db472-d517-4212-84f1-798145bdd4fe@group-3C57384956DC->063be966-4847-4d82-9ae0-381db0b4ba8b: nextIndex: updateUnconditionally 16 -> 15
2019-09-20 01:07:58,400 [Datanode State Machine Thread - 0] INFO  statemachine.DatanodeStateMachine (DatanodeStateMachine.java:lambda$startDaemon$0(350)) - Ozone container server started.
2019-09-20 01:07:58,746 [Datanode State Machine Thread - 0] INFO  statemachine.DatanodeStateMachine (DatanodeStateMachine.java:lambda$startDaemon$0(350)) - Ozone container server started.
2019-09-20 01:07:59,415 [grpc-default-executor-10] WARN  server.GrpcLogAppender (LogUtils.java:warn(134)) - 117db472-d517-4212-84f1-798145bdd4fe@group-3C57384956DC->063be966-4847-4d82-9ae0-381db0b4ba8b-AppendLogResponseHandler: Failed appendEntries: org.apache.ratis.thirdparty.io.grpc.StatusRuntimeException: UNAVAILABLE: io exception
2019-09-20 01:07:59,416 [grpc-default-executor-10] INFO  impl.FollowerInfo (FollowerInfo.java:lambda$new$0(51)) - 117db472-d517-4212-84f1-798145bdd4fe@group-3C57384956DC->063be966-4847-4d82-9ae0-381db0b4ba8b: nextIndex: updateUnconditionally 16 -> 15
2019-09-20 01:07:59,427 [grpc-default-executor-9] WARN  server.GrpcLogAppender (LogUtils.java:warn(134)) - 117db472-d517-4212-84f1-798145bdd4fe@group-3C57384956DC->063be966-4847-4d82-9ae0-381db0b4ba8b-AppendLogResponseHandler: Failed appendEntries: org.apache.ratis.thirdparty.io.grpc.StatusRuntimeException: UNAVAILABLE: io exception
2019-09-20 01:07:59,428 [grpc-default-executor-9] INFO  impl.FollowerInfo (FollowerInfo.java:lambda$new$0(51)) - 117db472-d517-4212-84f1-798145bdd4fe@group-3C57384956DC->063be966-4847-4d82-9ae0-381db0b4ba8b: nextIndex: updateUnconditionally 16 -> 15
2019-09-20 01:07:59,439 [grpc-default-executor-10] WARN  server.GrpcLogAppender (LogUtils.java:warn(134)) - 117db472-d517-4212-84f1-798145bdd4fe@group-3C57384956DC->063be966-4847-4d82-9ae0-381db0b4ba8b-AppendLogResponseHandler: Failed appendEntries: org.apache.ratis.thirdparty.io.grpc.StatusRuntimeException: UNAVAILABLE: io exception
2019-09-20 01:07:59,439 [grpc-default-executor-10] INFO  impl.FollowerInfo (FollowerInfo.java:lambda$new$0(51)) - 117db472-d517-4212-84f1-798145bdd4fe@group-3C57384956DC->063be966-4847-4d82-9ae0-381db0b4ba8b: nextIndex: updateUnconditionally 16 -> 15
2019-09-20 01:07:59,441 [RatisApplyTransactionExecutor 1] INFO  interfaces.Container (KeyValueContainer.java:flushAndSyncDB(386)) - Container 1 is synced with bcsId 14.
2019-09-20 01:07:59,441 [RatisApplyTransactionExecutor 1] INFO  interfaces.Container (KeyValueContainer.java:flushAndSyncDB(386)) - Container 1 is synced with bcsId 14.
2019-09-20 01:07:59,447 [RatisApplyTransactionExecutor 1] INFO  interfaces.Container (KeyValueContainer.java:close(335)) - Container 1 is closed with bcsId 14.
2019-09-20 01:07:59,447 [RatisApplyTransactionExecutor 1] INFO  interfaces.Container (KeyValueContainer.java:flushAndSyncDB(386)) - Container 1 is synced with bcsId 14.
2019-09-20 01:07:59,448 [RatisApplyTransactionExecutor 1] INFO  interfaces.Container (KeyValueContainer.java:flushAndSyncDB(386)) - Container 1 is synced with bcsId 14.
2019-09-20 01:07:59,448 [EventQueue-IncrementalContainerReportForIncrementalContainerReportHandler] INFO  container.IncrementalContainerReportHandler (AbstractContainerReportHandler.java:updateContainerState(176)) - Moving container #1 to CLOSED state, datanode 117db472-d517-4212-84f1-798145bdd4fe{ip: 192.168.151.120, host: pr-hdds-2150-czsg7-3946154559, networkLocation: /default-rack, certSerialId: null} reported CLOSED replica.
2019-09-20 01:07:59,462 [RatisApplyTransactionExecutor 1] INFO  interfaces.Container (KeyValueContainer.java:close(335)) - Container 1 is closed with bcsId 14.
2019-09-20 01:08:01,946 [grpc-default-executor-7] WARN  server.GrpcLogAppender (LogUtils.java:warn(134)) - 117db472-d517-4212-84f1-798145bdd4fe@group-3C57384956DC->063be966-4847-4d82-9ae0-381db0b4ba8b-AppendLogResponseHandler: Failed appendEntries: org.apache.ratis.thirdparty.io.grpc.StatusRuntimeException: UNAVAILABLE: io exception
2019-09-20 01:08:01,948 [grpc-default-executor-7] INFO  impl.FollowerInfo (FollowerInfo.java:lambda$new$0(51)) - 117db472-d517-4212-84f1-798145bdd4fe@group-3C57384956DC->063be966-4847-4d82-9ae0-381db0b4ba8b: nextIndex: updateUnconditionally 15 -> 14
2019-09-20 01:08:02,408 [EventQueue-StaleNodeForStaleNodeHandler] INFO  node.StaleNodeHandler (StaleNodeHandler.java:onMessage(58)) - Datanode 809f5201-257f-4963-aae6-d62ea1498496{ip: 192.168.151.120, host: pr-hdds-2150-czsg7-3946154559, networkLocation: /default-rack, certSerialId: null} moved to stale state. Finalizing its pipelines [PipelineID=de9c5a42-ffad-45ab-a036-73ab37d4b7e0, PipelineID=2fb24749-56ae-4ee3-ba0e-3c57384956dc]
2019-09-20 01:08:02,408 [EventQueue-StaleNodeForStaleNodeHandler] INFO  pipeline.SCMPipelineManager (SCMPipelineManager.java:finalizeAndDestroyPipeline(311)) - destroying pipeline:Pipeline[ Id: de9c5a42-ffad-45ab-a036-73ab37d4b7e0, Nodes: 809f5201-257f-4963-aae6-d62ea1498496{ip: 192.168.151.120, host: pr-hdds-2150-czsg7-3946154559, networkLocation: /default-rack, certSerialId: null}, Type:RATIS, Factor:ONE, State:OPEN]
2019-09-20 01:08:02,409 [EventQueue-StaleNodeForStaleNodeHandler] INFO  pipeline.PipelineStateManager (PipelineStateManager.java:finalizePipeline(123)) - Pipeline Pipeline[ Id: de9c5a42-ffad-45ab-a036-73ab37d4b7e0, Nodes: 809f5201-257f-4963-aae6-d62ea1498496{ip: 192.168.151.120, host: pr-hdds-2150-czsg7-3946154559, networkLocation: /default-rack, certSerialId: null}, Type:RATIS, Factor:ONE, State:CLOSED] moved to CLOSED state
2019-09-20 01:08:02,409 [EventQueue-StaleNodeForStaleNodeHandler] INFO  pipeline.SCMPipelineManager (SCMPipelineManager.java:finalizeAndDestroyPipeline(311)) - destroying pipeline:Pipeline[ Id: 2fb24749-56ae-4ee3-ba0e-3c57384956dc, Nodes: 809f5201-257f-4963-aae6-d62ea1498496{ip: 192.168.151.120, host: pr-hdds-2150-czsg7-3946154559, networkLocation: /default-rack, certSerialId: null}117db472-d517-4212-84f1-798145bdd4fe{ip: 192.168.151.120, host: pr-hdds-2150-czsg7-3946154559, networkLocation: /default-rack, certSerialId: null}063be966-4847-4d82-9ae0-381db0b4ba8b{ip: 192.168.151.120, host: pr-hdds-2150-czsg7-3946154559, networkLocation: /default-rack, certSerialId: null}, Type:RATIS, Factor:THREE, State:CLOSED]
2019-09-20 01:08:02,808 [EventQueue-StaleNodeForStaleNodeHandler] INFO  node.StaleNodeHandler (StaleNodeHandler.java:onMessage(58)) - Datanode bd6af757-a6f4-41b6-ac37-208ac1659023{ip: 192.168.151.120, host: pr-hdds-2150-czsg7-3946154559, networkLocation: /default-rack, certSerialId: null} moved to stale state. Finalizing its pipelines [PipelineID=fdfff3bf-00c4-4548-a179-59206f4a050a, PipelineID=4c4c128f-0710-468e-8ce8-1f369b533d2d]
2019-09-20 01:08:02,809 [EventQueue-StaleNodeForStaleNodeHandler] INFO  pipeline.SCMPipelineManager (SCMPipelineManager.java:finalizeAndDestroyPipeline(311)) - destroying pipeline:Pipeline[ Id: fdfff3bf-00c4-4548-a179-59206f4a050a, Nodes: b2789397-81aa-440e-89aa-cc98be636228{ip: 192.168.151.120, host: pr-hdds-2150-czsg7-3946154559, networkLocation: /default-rack, certSerialId: null}bd6af757-a6f4-41b6-ac37-208ac1659023{ip: 192.168.151.120, host: pr-hdds-2150-czsg7-3946154559, networkLocation: /default-rack, certSerialId: null}fb7bf5ec-d7cf-4d54-97ec-dd85076a9577{ip: 192.168.151.120, host: pr-hdds-2150-czsg7-3946154559, networkLocation: /default-rack, certSerialId: null}, Type:RATIS, Factor:THREE, State:OPEN]
2019-09-20 01:08:02,809 [EventQueue-StaleNodeForStaleNodeHandler] INFO  pipeline.PipelineStateManager (PipelineStateManager.java:finalizePipeline(123)) - Pipeline Pipeline[ Id: fdfff3bf-00c4-4548-a179-59206f4a050a, Nodes: b2789397-81aa-440e-89aa-cc98be636228{ip: 192.168.151.120, host: pr-hdds-2150-czsg7-3946154559, networkLocation: /default-rack, certSerialId: null}bd6af757-a6f4-41b6-ac37-208ac1659023{ip: 192.168.151.120, host: pr-hdds-2150-czsg7-3946154559, networkLocation: /default-rack, certSerialId: null}fb7bf5ec-d7cf-4d54-97ec-dd85076a9577{ip: 192.168.151.120, host: pr-hdds-2150-czsg7-3946154559, networkLocation: /default-rack, certSerialId: null}, Type:RATIS, Factor:THREE, State:CLOSED] moved to CLOSED state
2019-09-20 01:08:02,809 [EventQueue-CloseContainerForCloseContainerEventHandler] INFO  container.CloseContainerEventHandler (CloseContainerEventHandler.java:onMessage(61)) - Close container Event triggered for container : #2
2019-09-20 01:08:02,809 [EventQueue-StaleNodeForStaleNodeHandler] INFO  pipeline.SCMPipelineManager (SCMPipelineManager.java:finalizeAndDestroyPipeline(311)) - destroying pipeline:Pipeline[ Id: 4c4c128f-0710-468e-8ce8-1f369b533d2d, Nodes: bd6af757-a6f4-41b6-ac37-208ac1659023{ip: 192.168.151.120, host: pr-hdds-2150-czsg7-3946154559, networkLocation: /default-rack, certSerialId: null}, Type:RATIS, Factor:ONE, State:OPEN]
2019-09-20 01:08:02,817 [EventQueue-StaleNodeForStaleNodeHandler] INFO  pipeline.PipelineStateManager (PipelineStateManager.java:finalizePipeline(123)) - Pipeline Pipeline[ Id: 4c4c128f-0710-468e-8ce8-1f369b533d2d, Nodes: bd6af757-a6f4-41b6-ac37-208ac1659023{ip: 192.168.151.120, host: pr-hdds-2150-czsg7-3946154559, networkLocation: /default-rack, certSerialId: null}, Type:RATIS, Factor:ONE, State:CLOSED] moved to CLOSED state
2019-09-20 01:08:02,955 [main] INFO  ozoneimpl.OzoneContainer (OzoneContainer.java:stop(231)) - Attempting to stop container services.
2019-09-20 01:08:02,956 [main] INFO  impl.RaftServerProxy (RaftServerProxy.java:lambda$close$4(314)) - bd6af757-a6f4-41b6-ac37-208ac1659023: close
2019-09-20 01:08:02,956 [main] INFO  impl.RaftServerImpl (RaftServerImpl.java:lambda$shutdown$3(251)) - bd6af757-a6f4-41b6-ac37-208ac1659023@group-59206F4A050A: shutdown
2019-09-20 01:08:02,957 [main] INFO  util.JmxRegister (JmxRegister.java:unregister(73)) - Successfully un-registered JMX Bean with object name Ratis:service=RaftServer,group=group-59206F4A050A,id=bd6af757-a6f4-41b6-ac37-208ac1659023
2019-09-20 01:08:02,957 [main] INFO  impl.RoleInfo (RoleInfo.java:shutdownLeaderState(104)) - bd6af757-a6f4-41b6-ac37-208ac1659023: shutdown LeaderState
2019-09-20 01:08:02,963 [main] INFO  impl.PendingRequests (PendingRequests.java:sendNotLeaderResponses(202)) - bd6af757-a6f4-41b6-ac37-208ac1659023-PendingRequests: sendNotLeaderResponses
2019-09-20 01:08:02,964 [org.apache.ratis.server.impl.LogAppender$AppenderDaemon$$Lambda$512/170610044@2a72573c] WARN  server.GrpcLogAppender (GrpcLogAppender.java:mayWait(143)) - bd6af757-a6f4-41b6-ac37-208ac1659023@group-59206F4A050A->b2789397-81aa-440e-89aa-cc98be636228-GrpcLogAppender: Wait interrupted by java.lang.InterruptedException
2019-09-20 01:08:02,963 [org.apache.ratis.server.impl.LogAppender$AppenderDaemon$$Lambda$512/170610044@aa42b2b] WARN  server.GrpcLogAppender (GrpcLogAppender.java:mayWait(143)) - bd6af757-a6f4-41b6-ac37-208ac1659023@group-59206F4A050A->fb7bf5ec-d7cf-4d54-97ec-dd85076a9577-GrpcLogAppender: Wait interrupted by java.lang.InterruptedException
2019-09-20 01:08:02,971 [main] INFO  impl.StateMachineUpdater (StateMachineUpdater.java:stopAndJoin(125)) - bd6af757-a6f4-41b6-ac37-208ac1659023@group-59206F4A050A-StateMachineUpdater: set stopIndex = 4
2019-09-20 01:08:02,971 [bd6af757-a6f4-41b6-ac37-208ac1659023@group-59206F4A050A-StateMachineUpdater] INFO  ratis.ContainerStateMachine (ContainerStateMachine.java:takeSnapshot(289)) - group-59206F4A050A: Taking a snapshot at:(t:1, i:4) file /workdir/hadoop-ozone/integration-test/target/test-dir/MiniOzoneClusterImpl-b9d2aae5-7523-433a-8853-e61f75a3b2d9/datanode-3/data/ratis/fdfff3bf-00c4-4548-a179-59206f4a050a/sm/snapshot.1_4
2019-09-20 01:08:02,972 [grpc-default-executor-7] INFO  server.GrpcServerProtocolService (GrpcServerProtocolService.java:onCompleted(113)) - b2789397-81aa-440e-89aa-cc98be636228: Completed APPEND_ENTRIES, lastRequest: bd6af757-a6f4-41b6-ac37-208ac1659023->b2789397-81aa-440e-89aa-cc98be636228#9-t1, previous=(t:1, i:4), leaderCommit=4, initializing? false, entries: <empty>
2019-09-20 01:08:02,972 [grpc-default-executor-10] INFO  server.GrpcServerProtocolService (GrpcServerProtocolService.java:onCompleted(113)) - fb7bf5ec-d7cf-4d54-97ec-dd85076a9577: Completed APPEND_ENTRIES, lastRequest: bd6af757-a6f4-41b6-ac37-208ac1659023->fb7bf5ec-d7cf-4d54-97ec-dd85076a9577#9-t1, previous=(t:1, i:4), leaderCommit=4, initializing? false, entries: <empty>
2019-09-20 01:08:02,973 [grpc-default-executor-10] INFO  server.GrpcLogAppender (GrpcLogAppender.java:onCompleted(293)) - bd6af757-a6f4-41b6-ac37-208ac1659023@group-59206F4A050A->b2789397-81aa-440e-89aa-cc98be636228-AppendLogResponseHandler: follower responses appendEntries COMPLETED
2019-09-20 01:08:02,973 [grpc-default-executor-9] INFO  server.GrpcLogAppender (GrpcLogAppender.java:onCompleted(293)) - bd6af757-a6f4-41b6-ac37-208ac1659023@group-59206F4A050A->fb7bf5ec-d7cf-4d54-97ec-dd85076a9577-AppendLogResponseHandler: follower responses appendEntries COMPLETED
2019-09-20 01:08:02,973 [grpc-default-executor-10] INFO  impl.FollowerInfo (FollowerInfo.java:lambda$new$0(51)) - bd6af757-a6f4-41b6-ac37-208ac1659023@group-59206F4A050A->b2789397-81aa-440e-89aa-cc98be636228: nextIndex: updateUnconditionally 5 -> 4
2019-09-20 01:08:02,973 [grpc-default-executor-9] INFO  impl.FollowerInfo (FollowerInfo.java:lambda$new$0(51)) - bd6af757-a6f4-41b6-ac37-208ac1659023@group-59206F4A050A->fb7bf5ec-d7cf-4d54-97ec-dd85076a9577: nextIndex: updateUnconditionally 5 -> 4
2019-09-20 01:08:02,985 [ForkJoinPool.commonPool-worker-0] INFO  ozoneimpl.OzoneContainer (OzoneContainer.java:stop(231)) - Attempting to stop container services.
2019-09-20 01:08:02,985 [ForkJoinPool.commonPool-worker-0] INFO  impl.RaftServerProxy (RaftServerProxy.java:lambda$close$4(314)) - 809f5201-257f-4963-aae6-d62ea1498496: close
2019-09-20 01:08:02,985 [ForkJoinPool.commonPool-worker-0] INFO  impl.RaftServerImpl (RaftServerImpl.java:lambda$shutdown$3(251)) - 809f5201-257f-4963-aae6-d62ea1498496@group-73AB37D4B7E0: shutdown
2019-09-20 01:08:02,985 [ForkJoinPool.commonPool-worker-0] INFO  util.JmxRegister (JmxRegister.java:unregister(73)) - Successfully un-registered JMX Bean with object name Ratis:service=RaftServer,group=group-73AB37D4B7E0,id=809f5201-257f-4963-aae6-d62ea1498496
2019-09-20 01:08:02,986 [ForkJoinPool.commonPool-worker-0] INFO  impl.RoleInfo (RoleInfo.java:shutdownLeaderState(104)) - 809f5201-257f-4963-aae6-d62ea1498496: shutdown LeaderState
2019-09-20 01:08:02,986 [ForkJoinPool.commonPool-worker-0] INFO  impl.PendingRequests (PendingRequests.java:sendNotLeaderResponses(202)) - 809f5201-257f-4963-aae6-d62ea1498496-PendingRequests: sendNotLeaderResponses
2019-09-20 01:08:02,986 [bd6af757-a6f4-41b6-ac37-208ac1659023@group-59206F4A050A-StateMachineUpdater] INFO  ratis.ContainerStateMachine (ContainerStateMachine.java:takeSnapshot(300)) - group-59206F4A050A: Finished taking a snapshot at:(t:1, i:4) file:/workdir/hadoop-ozone/integration-test/target/test-dir/MiniOzoneClusterImpl-b9d2aae5-7523-433a-8853-e61f75a3b2d9/datanode-3/data/ratis/fdfff3bf-00c4-4548-a179-59206f4a050a/sm/snapshot.1_4 time:15
2019-09-20 01:08:02,986 [ForkJoinPool.commonPool-worker-0] INFO  impl.StateMachineUpdater (StateMachineUpdater.java:stopAndJoin(125)) - 809f5201-257f-4963-aae6-d62ea1498496@group-73AB37D4B7E0-StateMachineUpdater: set stopIndex = 0
2019-09-20 01:08:02,986 [bd6af757-a6f4-41b6-ac37-208ac1659023@group-59206F4A050A-StateMachineUpdater] INFO  impl.StateMachineUpdater (StateMachineUpdater.java:takeSnapshot(258)) - bd6af757-a6f4-41b6-ac37-208ac1659023@group-59206F4A050A-StateMachineUpdater: Took a snapshot at index 4
2019-09-20 01:08:02,986 [ForkJoinPool.commonPool-worker-0] INFO  impl.RaftServerImpl (ServerState.java:close(385)) - 809f5201-257f-4963-aae6-d62ea1498496@group-73AB37D4B7E0: closes. applyIndex: 0
2019-09-20 01:08:02,987 [bd6af757-a6f4-41b6-ac37-208ac1659023@group-59206F4A050A-StateMachineUpdater] INFO  impl.StateMachineUpdater (StateMachineUpdater.java:lambda$new$0(83)) - bd6af757-a6f4-41b6-ac37-208ac1659023@group-59206F4A050A-StateMachineUpdater: snapshotIndex: updateIncreasingly -1 -> 4
2019-09-20 01:08:02,987 [809f5201-257f-4963-aae6-d62ea1498496@group-73AB37D4B7E0-SegmentedRaftLogWorker] INFO  segmented.SegmentedRaftLogWorker (SegmentedRaftLogWorker.java:run(313)) - 809f5201-257f-4963-aae6-d62ea1498496@group-73AB37D4B7E0-SegmentedRaftLogWorker was interrupted, exiting. There are 0 tasks remaining in the queue.
2019-09-20 01:08:02,990 [ForkJoinPool.commonPool-worker-0] INFO  segmented.SegmentedRaftLogWorker (SegmentedRaftLogWorker.java:close(228)) - 809f5201-257f-4963-aae6-d62ea1498496@group-73AB37D4B7E0-SegmentedRaftLogWorker close()
2019-09-20 01:08:02,990 [main] INFO  impl.RaftServerImpl (ServerState.java:close(385)) - bd6af757-a6f4-41b6-ac37-208ac1659023@group-59206F4A050A: closes. applyIndex: 4
2019-09-20 01:08:03,007 [ForkJoinPool.commonPool-worker-0] INFO  impl.RaftServerImpl (RaftServerImpl.java:lambda$shutdown$3(251)) - 809f5201-257f-4963-aae6-d62ea1498496@group-3C57384956DC: shutdown
2019-09-20 01:08:03,009 [bd6af757-a6f4-41b6-ac37-208ac1659023@group-59206F4A050A-SegmentedRaftLogWorker] INFO  segmented.SegmentedRaftLogWorker (SegmentedRaftLogWorker.java:run(313)) - bd6af757-a6f4-41b6-ac37-208ac1659023@group-59206F4A050A-SegmentedRaftLogWorker was interrupted, exiting. There are 0 tasks remaining in the queue.
2019-09-20 01:08:03,009 [ForkJoinPool.commonPool-worker-0] INFO  util.JmxRegister (JmxRegister.java:unregister(73)) - Successfully un-registered JMX Bean with object name Ratis:service=RaftServer,group=group-3C57384956DC,id=809f5201-257f-4963-aae6-d62ea1498496
2019-09-20 01:08:03,010 [ForkJoinPool.commonPool-worker-0] INFO  impl.RoleInfo (RoleInfo.java:shutdownFollowerState(121)) - 809f5201-257f-4963-aae6-d62ea1498496: shutdown FollowerState
2019-09-20 01:08:03,010 [main] INFO  segmented.SegmentedRaftLogWorker (SegmentedRaftLogWorker.java:close(228)) - bd6af757-a6f4-41b6-ac37-208ac1659023@group-59206F4A050A-SegmentedRaftLogWorker close()
2019-09-20 01:08:03,010 [Thread-3999] INFO  impl.FollowerState (FollowerState.java:run(115)) - 809f5201-257f-4963-aae6-d62ea1498496: FollowerState was interrupted: java.lang.InterruptedException: sleep interrupted
2019-09-20 01:08:03,010 [809f5201-257f-4963-aae6-d62ea1498496@group-3C57384956DC-StateMachineUpdater] INFO  ratis.ContainerStateMachine (ContainerStateMachine.java:takeSnapshot(289)) - group-3C57384956DC: Taking a snapshot at:(t:1, i:17) file /workdir/hadoop-ozone/integration-test/target/test-dir/MiniOzoneClusterImpl-b9d2aae5-7523-433a-8853-e61f75a3b2d9/datanode-2/data/ratis/2fb24749-56ae-4ee3-ba0e-3c57384956dc/sm/snapshot.1_17
2019-09-20 01:08:03,010 [ForkJoinPool.commonPool-worker-0] INFO  impl.StateMachineUpdater (StateMachineUpdater.java:stopAndJoin(125)) - 809f5201-257f-4963-aae6-d62ea1498496@group-3C57384956DC-StateMachineUpdater: set stopIndex = 18
2019-09-20 01:08:03,012 [main] INFO  impl.RaftServerImpl (RaftServerImpl.java:lambda$shutdown$3(251)) - bd6af757-a6f4-41b6-ac37-208ac1659023@group-1F369B533D2D: shutdown
2019-09-20 01:08:03,015 [main] INFO  util.JmxRegister (JmxRegister.java:unregister(73)) - Successfully un-registered JMX Bean with object name Ratis:service=RaftServer,group=group-1F369B533D2D,id=bd6af757-a6f4-41b6-ac37-208ac1659023
2019-09-20 01:08:03,015 [main] INFO  impl.RoleInfo (RoleInfo.java:shutdownLeaderState(104)) - bd6af757-a6f4-41b6-ac37-208ac1659023: shutdown LeaderState
2019-09-20 01:08:03,016 [main] INFO  impl.PendingRequests (PendingRequests.java:sendNotLeaderResponses(202)) - bd6af757-a6f4-41b6-ac37-208ac1659023-PendingRequests: sendNotLeaderResponses
2019-09-20 01:08:03,016 [main] INFO  impl.StateMachineUpdater (StateMachineUpdater.java:stopAndJoin(125)) - bd6af757-a6f4-41b6-ac37-208ac1659023@group-1F369B533D2D-StateMachineUpdater: set stopIndex = 0
2019-09-20 01:08:03,016 [main] INFO  impl.RaftServerImpl (ServerState.java:close(385)) - bd6af757-a6f4-41b6-ac37-208ac1659023@group-1F369B533D2D: closes. applyIndex: 0
2019-09-20 01:08:03,017 [bd6af757-a6f4-41b6-ac37-208ac1659023@group-1F369B533D2D-SegmentedRaftLogWorker] INFO  segmented.SegmentedRaftLogWorker (SegmentedRaftLogWorker.java:run(313)) - bd6af757-a6f4-41b6-ac37-208ac1659023@group-1F369B533D2D-SegmentedRaftLogWorker was interrupted, exiting. There are 0 tasks remaining in the queue.
2019-09-20 01:08:03,017 [main] INFO  segmented.SegmentedRaftLogWorker (SegmentedRaftLogWorker.java:close(228)) - bd6af757-a6f4-41b6-ac37-208ac1659023@group-1F369B533D2D-SegmentedRaftLogWorker close()
2019-09-20 01:08:03,019 [809f5201-257f-4963-aae6-d62ea1498496@group-3C57384956DC-StateMachineUpdater] INFO  ratis.ContainerStateMachine (ContainerStateMachine.java:takeSnapshot(300)) - group-3C57384956DC: Finished taking a snapshot at:(t:1, i:17) file:/workdir/hadoop-ozone/integration-test/target/test-dir/MiniOzoneClusterImpl-b9d2aae5-7523-433a-8853-e61f75a3b2d9/datanode-2/data/ratis/2fb24749-56ae-4ee3-ba0e-3c57384956dc/sm/snapshot.1_17 time:10
2019-09-20 01:08:03,019 [main] INFO  server.GrpcService (GrpcService.java:closeImpl(164)) - bd6af757-a6f4-41b6-ac37-208ac1659023: shutdown server with port 32908 now
2019-09-20 01:08:03,020 [809f5201-257f-4963-aae6-d62ea1498496@group-3C57384956DC-StateMachineUpdater] INFO  impl.StateMachineUpdater (StateMachineUpdater.java:takeSnapshot(258)) - 809f5201-257f-4963-aae6-d62ea1498496@group-3C57384956DC-StateMachineUpdater: Took a snapshot at index 17
2019-09-20 01:08:03,020 [809f5201-257f-4963-aae6-d62ea1498496@group-3C57384956DC-StateMachineUpdater] INFO  impl.StateMachineUpdater (StateMachineUpdater.java:lambda$new$0(83)) - 809f5201-257f-4963-aae6-d62ea1498496@group-3C57384956DC-StateMachineUpdater: snapshotIndex: updateIncreasingly -1 -> 17
2019-09-20 01:08:03,020 [main] INFO  server.GrpcService (GrpcService.java:closeImpl(172)) - bd6af757-a6f4-41b6-ac37-208ac1659023: shutdown server with port 32908 successfully
2019-09-20 01:08:03,020 [809f5201-257f-4963-aae6-d62ea1498496@group-3C57384956DC-StateMachineUpdater] INFO  ratis.ContainerStateMachine (ContainerStateMachine.java:takeSnapshot(289)) - group-3C57384956DC: Taking a snapshot at:(t:1, i:17) file /workdir/hadoop-ozone/integration-test/target/test-dir/MiniOzoneClusterImpl-b9d2aae5-7523-433a-8853-e61f75a3b2d9/datanode-2/data/ratis/2fb24749-56ae-4ee3-ba0e-3c57384956dc/sm/snapshot.1_17
2019-09-20 01:08:03,024 [809f5201-257f-4963-aae6-d62ea1498496@group-3C57384956DC-StateMachineUpdater] INFO  ratis.ContainerStateMachine (ContainerStateMachine.java:takeSnapshot(300)) - group-3C57384956DC: Finished taking a snapshot at:(t:1, i:17) file:/workdir/hadoop-ozone/integration-test/target/test-dir/MiniOzoneClusterImpl-b9d2aae5-7523-433a-8853-e61f75a3b2d9/datanode-2/data/ratis/2fb24749-56ae-4ee3-ba0e-3c57384956dc/sm/snapshot.1_17 time:3
2019-09-20 01:08:03,024 [refreshUsed-/workdir/hadoop-ozone/integration-test/target/test-dir/MiniOzoneClusterImpl-b9d2aae5-7523-433a-8853-e61f75a3b2d9/datanode-3/data/containers] WARN  fs.CachingGetSpaceUsed (CachingGetSpaceUsed.java:run(183)) - Thread Interrupted waiting to refresh disk information: sleep interrupted
2019-09-20 01:08:03,024 [809f5201-257f-4963-aae6-d62ea1498496@group-3C57384956DC-StateMachineUpdater] INFO  impl.StateMachineUpdater (StateMachineUpdater.java:takeSnapshot(258)) - 809f5201-257f-4963-aae6-d62ea1498496@group-3C57384956DC-StateMachineUpdater: Took a snapshot at index 17
2019-09-20 01:08:03,025 [809f5201-257f-4963-aae6-d62ea1498496@group-3C57384956DC-StateMachineUpdater] INFO  impl.StateMachineUpdater (StateMachineUpdater.java:lambda$new$0(83)) - 809f5201-257f-4963-aae6-d62ea1498496@group-3C57384956DC-StateMachineUpdater: snapshotIndex: updateIncreasingly 17 -> 17
2019-09-20 01:08:03,025 [ForkJoinPool.commonPool-worker-0] INFO  impl.RaftServerImpl (ServerState.java:close(385)) - 809f5201-257f-4963-aae6-d62ea1498496@group-3C57384956DC: closes. applyIndex: 18
2019-09-20 01:08:03,026 [809f5201-257f-4963-aae6-d62ea1498496@group-3C57384956DC-SegmentedRaftLogWorker] INFO  segmented.SegmentedRaftLogWorker (SegmentedRaftLogWorker.java:run(313)) - 809f5201-257f-4963-aae6-d62ea1498496@group-3C57384956DC-SegmentedRaftLogWorker was interrupted, exiting. There are 0 tasks remaining in the queue.
2019-09-20 01:08:03,026 [ForkJoinPool.commonPool-worker-0] INFO  segmented.SegmentedRaftLogWorker (SegmentedRaftLogWorker.java:close(228)) - 809f5201-257f-4963-aae6-d62ea1498496@group-3C57384956DC-SegmentedRaftLogWorker close()
2019-09-20 01:08:03,028 [ForkJoinPool.commonPool-worker-0] INFO  server.GrpcService (GrpcService.java:closeImpl(164)) - 809f5201-257f-4963-aae6-d62ea1498496: shutdown server with port 33730 now
2019-09-20 01:08:03,029 [ForkJoinPool.commonPool-worker-0] INFO  server.GrpcService (GrpcService.java:closeImpl(172)) - 809f5201-257f-4963-aae6-d62ea1498496: shutdown server with port 33730 successfully
2019-09-20 01:08:03,030 [grpc-default-executor-9] WARN  server.GrpcLogAppender (LogUtils.java:warn(134)) - 117db472-d517-4212-84f1-798145bdd4fe@group-3C57384956DC->809f5201-257f-4963-aae6-d62ea1498496-AppendLogResponseHandler: Failed appendEntries: org.apache.ratis.thirdparty.io.grpc.StatusRuntimeException: CANCELLED: HTTP/2 error code: CANCEL
Received Rst Stream
2019-09-20 01:08:03,030 [grpc-default-executor-10] WARN  server.GrpcServerProtocolService (LogUtils.java:warn(134)) - 809f5201-257f-4963-aae6-d62ea1498496: installSnapshot onError, lastRequest: 117db472-d517-4212-84f1-798145bdd4fe->809f5201-257f-4963-aae6-d62ea1498496#23-t1, previous=(t:1, i:18), leaderCommit=18, initializing? false, entries: <empty>: org.apache.ratis.thirdparty.io.grpc.StatusRuntimeException: CANCELLED: cancelled before receiving half close
2019-09-20 01:08:03,031 [grpc-default-executor-9] INFO  impl.FollowerInfo (FollowerInfo.java:lambda$new$0(51)) - 117db472-d517-4212-84f1-798145bdd4fe@group-3C57384956DC->809f5201-257f-4963-aae6-d62ea1498496: nextIndex: updateUnconditionally 19 -> 18
2019-09-20 01:08:03,035 [refreshUsed-/workdir/hadoop-ozone/integration-test/target/test-dir/MiniOzoneClusterImpl-b9d2aae5-7523-433a-8853-e61f75a3b2d9/datanode-2/data/containers] WARN  fs.CachingGetSpaceUsed (CachingGetSpaceUsed.java:run(183)) - Thread Interrupted waiting to refresh disk information: sleep interrupted
2019-09-20 01:08:03,052 [main] INFO  utils.BackgroundService (BackgroundService.java:shutdown(148)) - Shutting down service BlockDeletingService
2019-09-20 01:08:03,058 [main] INFO  statemachine.DatanodeStateMachine (DatanodeStateMachine.java:stopDaemon(395)) - Ozone container server stopped.
2019-09-20 01:08:03,060 [ForkJoinPool.commonPool-worker-0] INFO  utils.BackgroundService (BackgroundService.java:shutdown(148)) - Shutting down service BlockDeletingService
2019-09-20 01:08:03,060 [main] INFO  handler.ContextHandler (ContextHandler.java:doStop(910)) - Stopped o.e.j.w.WebAppContext@2a7ebe07{/,null,UNAVAILABLE}{/hddsDatanode}
2019-09-20 01:08:03,065 [ForkJoinPool.commonPool-worker-0] INFO  statemachine.DatanodeStateMachine (DatanodeStateMachine.java:stopDaemon(395)) - Ozone container server stopped.
2019-09-20 01:08:03,079 [ForkJoinPool.commonPool-worker-0] INFO  handler.ContextHandler (ContextHandler.java:doStop(910)) - Stopped o.e.j.w.WebAppContext@701d2b59{/,null,UNAVAILABLE}{/hddsDatanode}
2019-09-20 01:08:03,079 [main] INFO  server.AbstractConnector (AbstractConnector.java:doStop(318)) - Stopped ServerConnector@6e93b0e7{HTTP/1.1,[http/1.1]}{0.0.0.0:0}
2019-09-20 01:08:03,079 [ForkJoinPool.commonPool-worker-0] INFO  server.AbstractConnector (AbstractConnector.java:doStop(318)) - Stopped ServerConnector@1999149e{HTTP/1.1,[http/1.1]}{0.0.0.0:0}
2019-09-20 01:08:03,080 [main] INFO  handler.ContextHandler (ContextHandler.java:doStop(910)) - Stopped o.e.j.s.ServletContextHandler@27dbaa33{/static,jar:file:/home/user/.m2/repository/org/apache/hadoop/hadoop-hdds-container-service/0.5.0-SNAPSHOT/hadoop-hdds-container-service-0.5.0-SNAPSHOT.jar!/webapps/static,UNAVAILABLE}
2019-09-20 01:08:03,082 [ForkJoinPool.commonPool-worker-0] INFO  handler.ContextHandler (ContextHandler.java:doStop(910)) - Stopped o.e.j.s.ServletContextHandler@598657cd{/static,jar:file:/home/user/.m2/repository/org/apache/hadoop/hadoop-hdds-container-service/0.5.0-SNAPSHOT/hadoop-hdds-container-service-0.5.0-SNAPSHOT.jar!/webapps/static,UNAVAILABLE}
2019-09-20 01:08:03,082 [main] INFO  handler.ContextHandler (ContextHandler.java:doStop(910)) - Stopped o.e.j.s.ServletContextHandler@1377b1a0{/logs,file:///workdir/hadoop-ozone/integration-test/target/log,UNAVAILABLE}
2019-09-20 01:08:03,084 [ForkJoinPool.commonPool-worker-0] INFO  handler.ContextHandler (ContextHandler.java:doStop(910)) - Stopped o.e.j.s.ServletContextHandler@bd4ee01{/logs,file:///workdir/hadoop-ozone/integration-test/target/log,UNAVAILABLE}
2019-09-20 01:08:03,448 [Datanode State Machine Thread - 0] INFO  statemachine.DatanodeStateMachine (DatanodeStateMachine.java:lambda$startDaemon$0(350)) - Ozone container server started.
2019-09-20 01:08:03,747 [Datanode State Machine Thread - 0] INFO  statemachine.DatanodeStateMachine (DatanodeStateMachine.java:lambda$startDaemon$0(350)) - Ozone container server started.
2019-09-20 01:08:04,444 [grpc-default-executor-10] WARN  server.GrpcLogAppender (LogUtils.java:warn(134)) - 117db472-d517-4212-84f1-798145bdd4fe@group-3C57384956DC->063be966-4847-4d82-9ae0-381db0b4ba8b-AppendLogResponseHandler: Failed appendEntries: org.apache.ratis.thirdparty.io.grpc.StatusRuntimeException: UNAVAILABLE: io exception
2019-09-20 01:08:04,444 [grpc-default-executor-10] INFO  impl.FollowerInfo (FollowerInfo.java:lambda$new$0(51)) - 117db472-d517-4212-84f1-798145bdd4fe@group-3C57384956DC->063be966-4847-4d82-9ae0-381db0b4ba8b: nextIndex: updateUnconditionally 14 -> 13
2019-09-20 01:08:04,447 [grpc-default-executor-10] WARN  server.GrpcLogAppender (LogUtils.java:warn(134)) - 117db472-d517-4212-84f1-798145bdd4fe@group-3C57384956DC->809f5201-257f-4963-aae6-d62ea1498496-AppendLogResponseHandler: Failed appendEntries: org.apache.ratis.thirdparty.io.grpc.StatusRuntimeException: UNAVAILABLE: io exception
2019-09-20 01:08:04,447 [grpc-default-executor-10] INFO  impl.FollowerInfo (FollowerInfo.java:lambda$new$0(51)) - 117db472-d517-4212-84f1-798145bdd4fe@group-3C57384956DC->809f5201-257f-4963-aae6-d62ea1498496: nextIndex: updateUnconditionally 18 -> 17
2019-09-20 01:08:06,947 [grpc-default-executor-10] WARN  server.GrpcLogAppender (LogUtils.java:warn(134)) - 117db472-d517-4212-84f1-798145bdd4fe@group-3C57384956DC->063be966-4847-4d82-9ae0-381db0b4ba8b-AppendLogResponseHandler: Failed appendEntries: org.apache.ratis.thirdparty.io.grpc.StatusRuntimeException: UNAVAILABLE: io exception
2019-09-20 01:08:06,947 [grpc-default-executor-9] WARN  server.GrpcLogAppender (LogUtils.java:warn(134)) - 117db472-d517-4212-84f1-798145bdd4fe@group-3C57384956DC->809f5201-257f-4963-aae6-d62ea1498496-AppendLogResponseHandler: Failed appendEntries: org.apache.ratis.thirdparty.io.grpc.StatusRuntimeException: UNAVAILABLE: io exception
2019-09-20 01:08:06,948 [grpc-default-executor-9] INFO  impl.FollowerInfo (FollowerInfo.java:lambda$new$0(51)) - 117db472-d517-4212-84f1-798145bdd4fe@group-3C57384956DC->809f5201-257f-4963-aae6-d62ea1498496: nextIndex: updateUnconditionally 17 -> 16
2019-09-20 01:08:06,948 [grpc-default-executor-10] INFO  impl.FollowerInfo (FollowerInfo.java:lambda$new$0(51)) - 117db472-d517-4212-84f1-798145bdd4fe@group-3C57384956DC->063be966-4847-4d82-9ae0-381db0b4ba8b: nextIndex: updateUnconditionally 13 -> 12
2019-09-20 01:08:07,515 [EventQueue-StaleNodeForStaleNodeHandler] INFO  node.StaleNodeHandler (StaleNodeHandler.java:onMessage(58)) - Datanode 117db472-d517-4212-84f1-798145bdd4fe{ip: 192.168.151.120, host: pr-hdds-2150-czsg7-3946154559, networkLocation: /default-rack, certSerialId: null} moved to stale state. Finalizing its pipelines [PipelineID=0e2be91b-2c86-4373-8aca-7fb160f7e46a, PipelineID=2fb24749-56ae-4ee3-ba0e-3c57384956dc]
2019-09-20 01:08:07,516 [EventQueue-StaleNodeForStaleNodeHandler] INFO  pipeline.SCMPipelineManager (SCMPipelineManager.java:finalizeAndDestroyPipeline(311)) - destroying pipeline:Pipeline[ Id: 0e2be91b-2c86-4373-8aca-7fb160f7e46a, Nodes: 117db472-d517-4212-84f1-798145bdd4fe{ip: 192.168.151.120, host: pr-hdds-2150-czsg7-3946154559, networkLocation: /default-rack, certSerialId: null}, Type:RATIS, Factor:ONE, State:OPEN]
2019-09-20 01:08:07,516 [EventQueue-StaleNodeForStaleNodeHandler] INFO  pipeline.PipelineStateManager (PipelineStateManager.java:finalizePipeline(123)) - Pipeline Pipeline[ Id: 0e2be91b-2c86-4373-8aca-7fb160f7e46a, Nodes: 117db472-d517-4212-84f1-798145bdd4fe{ip: 192.168.151.120, host: pr-hdds-2150-czsg7-3946154559, networkLocation: /default-rack, certSerialId: null}, Type:RATIS, Factor:ONE, State:CLOSED] moved to CLOSED state
2019-09-20 01:08:07,517 [EventQueue-StaleNodeForStaleNodeHandler] INFO  pipeline.SCMPipelineManager (SCMPipelineManager.java:finalizeAndDestroyPipeline(311)) - destroying pipeline:Pipeline[ Id: 2fb24749-56ae-4ee3-ba0e-3c57384956dc, Nodes: 809f5201-257f-4963-aae6-d62ea1498496{ip: 192.168.151.120, host: pr-hdds-2150-czsg7-3946154559, networkLocation: /default-rack, certSerialId: null}117db472-d517-4212-84f1-798145bdd4fe{ip: 192.168.151.120, host: pr-hdds-2150-czsg7-3946154559, networkLocation: /default-rack, certSerialId: null}063be966-4847-4d82-9ae0-381db0b4ba8b{ip: 192.168.151.120, host: pr-hdds-2150-czsg7-3946154559, networkLocation: /default-rack, certSerialId: null}, Type:RATIS, Factor:THREE, State:CLOSED]
2019-09-20 01:08:07,815 [EventQueue-StaleNodeForStaleNodeHandler] INFO  node.StaleNodeHandler (StaleNodeHandler.java:onMessage(58)) - Datanode b2789397-81aa-440e-89aa-cc98be636228{ip: 192.168.151.120, host: pr-hdds-2150-czsg7-3946154559, networkLocation: /default-rack, certSerialId: null} moved to stale state. Finalizing its pipelines [PipelineID=fdfff3bf-00c4-4548-a179-59206f4a050a, PipelineID=a3ed7ee2-dac7-4258-a815-a88d701203e2]
2019-09-20 01:08:07,815 [EventQueue-StaleNodeForStaleNodeHandler] INFO  pipeline.SCMPipelineManager (SCMPipelineManager.java:finalizeAndDestroyPipeline(311)) - destroying pipeline:Pipeline[ Id: fdfff3bf-00c4-4548-a179-59206f4a050a, Nodes: b2789397-81aa-440e-89aa-cc98be636228{ip: 192.168.151.120, host: pr-hdds-2150-czsg7-3946154559, networkLocation: /default-rack, certSerialId: null}bd6af757-a6f4-41b6-ac37-208ac1659023{ip: 192.168.151.120, host: pr-hdds-2150-czsg7-3946154559, networkLocation: /default-rack, certSerialId: null}fb7bf5ec-d7cf-4d54-97ec-dd85076a9577{ip: 192.168.151.120, host: pr-hdds-2150-czsg7-3946154559, networkLocation: /default-rack, certSerialId: null}, Type:RATIS, Factor:THREE, State:CLOSED]
2019-09-20 01:08:07,816 [EventQueue-StaleNodeForStaleNodeHandler] INFO  pipeline.SCMPipelineManager (SCMPipelineManager.java:finalizeAndDestroyPipeline(311)) - destroying pipeline:Pipeline[ Id: a3ed7ee2-dac7-4258-a815-a88d701203e2, Nodes: b2789397-81aa-440e-89aa-cc98be636228{ip: 192.168.151.120, host: pr-hdds-2150-czsg7-3946154559, networkLocation: /default-rack, certSerialId: null}, Type:RATIS, Factor:ONE, State:OPEN]
2019-09-20 01:08:07,816 [EventQueue-StaleNodeForStaleNodeHandler] INFO  pipeline.PipelineStateManager (PipelineStateManager.java:finalizePipeline(123)) - Pipeline Pipeline[ Id: a3ed7ee2-dac7-4258-a815-a88d701203e2, Nodes: b2789397-81aa-440e-89aa-cc98be636228{ip: 192.168.151.120, host: pr-hdds-2150-czsg7-3946154559, networkLocation: /default-rack, certSerialId: null}, Type:RATIS, Factor:ONE, State:CLOSED] moved to CLOSED state
2019-09-20 01:08:08,088 [main] INFO  ozoneimpl.OzoneContainer (OzoneContainer.java:stop(231)) - Attempting to stop container services.
2019-09-20 01:08:08,088 [ForkJoinPool.commonPool-worker-0] INFO  ozoneimpl.OzoneContainer (OzoneContainer.java:stop(231)) - Attempting to stop container services.
2019-09-20 01:08:08,096 [main] INFO  impl.RaftServerProxy (RaftServerProxy.java:lambda$close$4(314)) - b2789397-81aa-440e-89aa-cc98be636228: close
2019-09-20 01:08:08,096 [ForkJoinPool.commonPool-worker-0] INFO  impl.RaftServerProxy (RaftServerProxy.java:lambda$close$4(314)) - 117db472-d517-4212-84f1-798145bdd4fe: close
2019-09-20 01:08:08,097 [main] INFO  impl.RaftServerImpl (RaftServerImpl.java:lambda$shutdown$3(251)) - b2789397-81aa-440e-89aa-cc98be636228@group-59206F4A050A: shutdown
2019-09-20 01:08:08,098 [ForkJoinPool.commonPool-worker-0] INFO  impl.RaftServerImpl (RaftServerImpl.java:lambda$shutdown$3(251)) - 117db472-d517-4212-84f1-798145bdd4fe@group-7FB160F7E46A: shutdown
2019-09-20 01:08:08,099 [main] INFO  util.JmxRegister (JmxRegister.java:unregister(73)) - Successfully un-registered JMX Bean with object name Ratis:service=RaftServer,group=group-59206F4A050A,id=b2789397-81aa-440e-89aa-cc98be636228
2019-09-20 01:08:08,099 [ForkJoinPool.commonPool-worker-0] INFO  util.JmxRegister (JmxRegister.java:unregister(73)) - Successfully un-registered JMX Bean with object name Ratis:service=RaftServer,group=group-7FB160F7E46A,id=117db472-d517-4212-84f1-798145bdd4fe
2019-09-20 01:08:08,100 [main] INFO  impl.RoleInfo (RoleInfo.java:shutdownFollowerState(121)) - b2789397-81aa-440e-89aa-cc98be636228: shutdown FollowerState
2019-09-20 01:08:08,100 [ForkJoinPool.commonPool-worker-0] INFO  impl.RoleInfo (RoleInfo.java:shutdownLeaderState(104)) - 117db472-d517-4212-84f1-798145bdd4fe: shutdown LeaderState
2019-09-20 01:08:08,100 [main] INFO  impl.StateMachineUpdater (StateMachineUpdater.java:stopAndJoin(125)) - b2789397-81aa-440e-89aa-cc98be636228@group-59206F4A050A-StateMachineUpdater: set stopIndex = 4
2019-09-20 01:08:08,101 [ForkJoinPool.commonPool-worker-0] INFO  impl.PendingRequests (PendingRequests.java:sendNotLeaderResponses(202)) - 117db472-d517-4212-84f1-798145bdd4fe-PendingRequests: sendNotLeaderResponses
2019-09-20 01:08:08,101 [Thread-4025] INFO  impl.FollowerState (FollowerState.java:run(115)) - b2789397-81aa-440e-89aa-cc98be636228: FollowerState was interrupted: java.lang.InterruptedException: sleep interrupted
2019-09-20 01:08:08,101 [b2789397-81aa-440e-89aa-cc98be636228@group-59206F4A050A-StateMachineUpdater] INFO  ratis.ContainerStateMachine (ContainerStateMachine.java:takeSnapshot(289)) - group-59206F4A050A: Taking a snapshot at:(t:1, i:3) file /workdir/hadoop-ozone/integration-test/target/test-dir/MiniOzoneClusterImpl-b9d2aae5-7523-433a-8853-e61f75a3b2d9/datanode-6/data/ratis/fdfff3bf-00c4-4548-a179-59206f4a050a/sm/snapshot.1_3
2019-09-20 01:08:08,108 [ForkJoinPool.commonPool-worker-0] INFO  impl.StateMachineUpdater (StateMachineUpdater.java:stopAndJoin(125)) - 117db472-d517-4212-84f1-798145bdd4fe@group-7FB160F7E46A-StateMachineUpdater: set stopIndex = 0
2019-09-20 01:08:08,109 [ForkJoinPool.commonPool-worker-0] INFO  impl.RaftServerImpl (ServerState.java:close(385)) - 117db472-d517-4212-84f1-798145bdd4fe@group-7FB160F7E46A: closes. applyIndex: 0
2019-09-20 01:08:08,110 [117db472-d517-4212-84f1-798145bdd4fe@group-7FB160F7E46A-SegmentedRaftLogWorker] INFO  segmented.SegmentedRaftLogWorker (SegmentedRaftLogWorker.java:run(313)) - 117db472-d517-4212-84f1-798145bdd4fe@group-7FB160F7E46A-SegmentedRaftLogWorker was interrupted, exiting. There are 0 tasks remaining in the queue.
2019-09-20 01:08:08,110 [ForkJoinPool.commonPool-worker-0] INFO  segmented.SegmentedRaftLogWorker (SegmentedRaftLogWorker.java:close(228)) - 117db472-d517-4212-84f1-798145bdd4fe@group-7FB160F7E46A-SegmentedRaftLogWorker close()
2019-09-20 01:08:08,112 [ForkJoinPool.commonPool-worker-0] INFO  impl.RaftServerImpl (RaftServerImpl.java:lambda$shutdown$3(251)) - 117db472-d517-4212-84f1-798145bdd4fe@group-3C57384956DC: shutdown
2019-09-20 01:08:08,113 [ForkJoinPool.commonPool-worker-0] INFO  util.JmxRegister (JmxRegister.java:unregister(73)) - Successfully un-registered JMX Bean with object name Ratis:service=RaftServer,group=group-3C57384956DC,id=117db472-d517-4212-84f1-798145bdd4fe
2019-09-20 01:08:08,113 [ForkJoinPool.commonPool-worker-0] INFO  impl.RoleInfo (RoleInfo.java:shutdownLeaderState(104)) - 117db472-d517-4212-84f1-798145bdd4fe: shutdown LeaderState
2019-09-20 01:08:08,117 [ForkJoinPool.commonPool-worker-0] INFO  impl.PendingRequests (PendingRequests.java:sendNotLeaderResponses(202)) - 117db472-d517-4212-84f1-798145bdd4fe-PendingRequests: sendNotLeaderResponses
2019-09-20 01:08:08,117 [org.apache.ratis.server.impl.LogAppender$AppenderDaemon$$Lambda$512/170610044@6e32df30] WARN  server.GrpcLogAppender (GrpcLogAppender.java:mayWait(143)) - 117db472-d517-4212-84f1-798145bdd4fe@group-3C57384956DC->809f5201-257f-4963-aae6-d62ea1498496-GrpcLogAppender: Wait interrupted by java.lang.InterruptedException
2019-09-20 01:08:08,117 [org.apache.ratis.server.impl.LogAppender$AppenderDaemon$$Lambda$512/170610044@ee04f8b] WARN  server.GrpcLogAppender (GrpcLogAppender.java:mayWait(143)) - 117db472-d517-4212-84f1-798145bdd4fe@group-3C57384956DC->063be966-4847-4d82-9ae0-381db0b4ba8b-GrpcLogAppender: Wait interrupted by java.lang.InterruptedException
2019-09-20 01:08:08,121 [ForkJoinPool.commonPool-worker-0] INFO  impl.StateMachineUpdater (StateMachineUpdater.java:stopAndJoin(125)) - 117db472-d517-4212-84f1-798145bdd4fe@group-3C57384956DC-StateMachineUpdater: set stopIndex = 18
2019-09-20 01:08:08,121 [117db472-d517-4212-84f1-798145bdd4fe@group-3C57384956DC-StateMachineUpdater] INFO  ratis.ContainerStateMachine (ContainerStateMachine.java:takeSnapshot(289)) - group-3C57384956DC: Taking a snapshot at:(t:1, i:18) file /workdir/hadoop-ozone/integration-test/target/test-dir/MiniOzoneClusterImpl-b9d2aae5-7523-433a-8853-e61f75a3b2d9/datanode-0/data/ratis/2fb24749-56ae-4ee3-ba0e-3c57384956dc/sm/snapshot.1_18
2019-09-20 01:08:08,123 [b2789397-81aa-440e-89aa-cc98be636228@group-59206F4A050A-StateMachineUpdater] INFO  ratis.ContainerStateMachine (ContainerStateMachine.java:takeSnapshot(300)) - group-59206F4A050A: Finished taking a snapshot at:(t:1, i:3) file:/workdir/hadoop-ozone/integration-test/target/test-dir/MiniOzoneClusterImpl-b9d2aae5-7523-433a-8853-e61f75a3b2d9/datanode-6/data/ratis/fdfff3bf-00c4-4548-a179-59206f4a050a/sm/snapshot.1_3 time:23
2019-09-20 01:08:08,124 [b2789397-81aa-440e-89aa-cc98be636228@group-59206F4A050A-StateMachineUpdater] INFO  impl.StateMachineUpdater (StateMachineUpdater.java:takeSnapshot(258)) - b2789397-81aa-440e-89aa-cc98be636228@group-59206F4A050A-StateMachineUpdater: Took a snapshot at index 3
2019-09-20 01:08:08,124 [b2789397-81aa-440e-89aa-cc98be636228@group-59206F4A050A-StateMachineUpdater] INFO  impl.StateMachineUpdater (StateMachineUpdater.java:lambda$new$0(83)) - b2789397-81aa-440e-89aa-cc98be636228@group-59206F4A050A-StateMachineUpdater: snapshotIndex: updateIncreasingly -1 -> 3
2019-09-20 01:08:08,125 [b2789397-81aa-440e-89aa-cc98be636228@group-59206F4A050A-StateMachineUpdater] INFO  ratis.ContainerStateMachine (ContainerStateMachine.java:takeSnapshot(289)) - group-59206F4A050A: Taking a snapshot at:(t:1, i:3) file /workdir/hadoop-ozone/integration-test/target/test-dir/MiniOzoneClusterImpl-b9d2aae5-7523-433a-8853-e61f75a3b2d9/datanode-6/data/ratis/fdfff3bf-00c4-4548-a179-59206f4a050a/sm/snapshot.1_3
2019-09-20 01:08:08,125 [117db472-d517-4212-84f1-798145bdd4fe@group-3C57384956DC-StateMachineUpdater] INFO  ratis.ContainerStateMachine (ContainerStateMachine.java:takeSnapshot(300)) - group-3C57384956DC: Finished taking a snapshot at:(t:1, i:18) file:/workdir/hadoop-ozone/integration-test/target/test-dir/MiniOzoneClusterImpl-b9d2aae5-7523-433a-8853-e61f75a3b2d9/datanode-0/data/ratis/2fb24749-56ae-4ee3-ba0e-3c57384956dc/sm/snapshot.1_18 time:5
2019-09-20 01:08:08,126 [117db472-d517-4212-84f1-798145bdd4fe@group-3C57384956DC-StateMachineUpdater] INFO  impl.StateMachineUpdater (StateMachineUpdater.java:takeSnapshot(258)) - 117db472-d517-4212-84f1-798145bdd4fe@group-3C57384956DC-StateMachineUpdater: Took a snapshot at index 18
2019-09-20 01:08:08,126 [117db472-d517-4212-84f1-798145bdd4fe@group-3C57384956DC-StateMachineUpdater] INFO  impl.StateMachineUpdater (StateMachineUpdater.java:lambda$new$0(83)) - 117db472-d517-4212-84f1-798145bdd4fe@group-3C57384956DC-StateMachineUpdater: snapshotIndex: updateIncreasingly -1 -> 18
2019-09-20 01:08:08,126 [ForkJoinPool.commonPool-worker-0] INFO  impl.RaftServerImpl (ServerState.java:close(385)) - 117db472-d517-4212-84f1-798145bdd4fe@group-3C57384956DC: closes. applyIndex: 18
2019-09-20 01:08:08,127 [117db472-d517-4212-84f1-798145bdd4fe@group-3C57384956DC-SegmentedRaftLogWorker] INFO  segmented.SegmentedRaftLogWorker (SegmentedRaftLogWorker.java:run(313)) - 117db472-d517-4212-84f1-798145bdd4fe@group-3C57384956DC-SegmentedRaftLogWorker was interrupted, exiting. There are 0 tasks remaining in the queue.
2019-09-20 01:08:08,127 [ForkJoinPool.commonPool-worker-0] INFO  segmented.SegmentedRaftLogWorker (SegmentedRaftLogWorker.java:close(228)) - 117db472-d517-4212-84f1-798145bdd4fe@group-3C57384956DC-SegmentedRaftLogWorker close()
2019-09-20 01:08:08,129 [b2789397-81aa-440e-89aa-cc98be636228@group-59206F4A050A-StateMachineUpdater] INFO  ratis.ContainerStateMachine (ContainerStateMachine.java:takeSnapshot(300)) - group-59206F4A050A: Finished taking a snapshot at:(t:1, i:3) file:/workdir/hadoop-ozone/integration-test/target/test-dir/MiniOzoneClusterImpl-b9d2aae5-7523-433a-8853-e61f75a3b2d9/datanode-6/data/ratis/fdfff3bf-00c4-4548-a179-59206f4a050a/sm/snapshot.1_3 time:4
2019-09-20 01:08:08,129 [ForkJoinPool.commonPool-worker-0] INFO  server.GrpcService (GrpcService.java:closeImpl(164)) - 117db472-d517-4212-84f1-798145bdd4fe: shutdown server with port 38734 now
2019-09-20 01:08:08,129 [b2789397-81aa-440e-89aa-cc98be636228@group-59206F4A050A-StateMachineUpdater] INFO  impl.StateMachineUpdater (StateMachineUpdater.java:takeSnapshot(258)) - b2789397-81aa-440e-89aa-cc98be636228@group-59206F4A050A-StateMachineUpdater: Took a snapshot at index 3
2019-09-20 01:08:08,129 [b2789397-81aa-440e-89aa-cc98be636228@group-59206F4A050A-StateMachineUpdater] INFO  impl.StateMachineUpdater (StateMachineUpdater.java:lambda$new$0(83)) - b2789397-81aa-440e-89aa-cc98be636228@group-59206F4A050A-StateMachineUpdater: snapshotIndex: updateIncreasingly 3 -> 3
2019-09-20 01:08:08,129 [main] INFO  impl.RaftServerImpl (ServerState.java:close(385)) - b2789397-81aa-440e-89aa-cc98be636228@group-59206F4A050A: closes. applyIndex: 4
2019-09-20 01:08:08,130 [grpc-default-executor-9] WARN  client.GrpcClientProtocolService (LogUtils.java:warn(134)) - 2-UnorderedRequestStreamObserver2: onError: org.apache.ratis.thirdparty.io.grpc.StatusRuntimeException: CANCELLED: cancelled before receiving half close
2019-09-20 01:08:08,130 [ForkJoinPool.commonPool-worker-0] INFO  server.GrpcService (GrpcService.java:closeImpl(172)) - 117db472-d517-4212-84f1-798145bdd4fe: shutdown server with port 38734 successfully
2019-09-20 01:08:08,130 [b2789397-81aa-440e-89aa-cc98be636228@group-59206F4A050A-SegmentedRaftLogWorker] INFO  segmented.SegmentedRaftLogWorker (SegmentedRaftLogWorker.java:run(313)) - b2789397-81aa-440e-89aa-cc98be636228@group-59206F4A050A-SegmentedRaftLogWorker was interrupted, exiting. There are 0 tasks remaining in the queue.
2019-09-20 01:08:08,131 [main] INFO  segmented.SegmentedRaftLogWorker (SegmentedRaftLogWorker.java:close(228)) - b2789397-81aa-440e-89aa-cc98be636228@group-59206F4A050A-SegmentedRaftLogWorker close()
2019-09-20 01:08:08,134 [main] INFO  impl.RaftServerImpl (RaftServerImpl.java:lambda$shutdown$3(251)) - b2789397-81aa-440e-89aa-cc98be636228@group-A88D701203E2: shutdown
2019-09-20 01:08:08,135 [main] INFO  util.JmxRegister (JmxRegister.java:unregister(73)) - Successfully un-registered JMX Bean with object name Ratis:service=RaftServer,group=group-A88D701203E2,id=b2789397-81aa-440e-89aa-cc98be636228
2019-09-20 01:08:08,135 [main] INFO  impl.RoleInfo (RoleInfo.java:shutdownLeaderState(104)) - b2789397-81aa-440e-89aa-cc98be636228: shutdown LeaderState
2019-09-20 01:08:08,136 [main] INFO  impl.PendingRequests (PendingRequests.java:sendNotLeaderResponses(202)) - b2789397-81aa-440e-89aa-cc98be636228-PendingRequests: sendNotLeaderResponses
2019-09-20 01:08:08,137 [main] INFO  impl.StateMachineUpdater (StateMachineUpdater.java:stopAndJoin(125)) - b2789397-81aa-440e-89aa-cc98be636228@group-A88D701203E2-StateMachineUpdater: set stopIndex = 0
2019-09-20 01:08:08,138 [main] INFO  impl.RaftServerImpl (ServerState.java:close(385)) - b2789397-81aa-440e-89aa-cc98be636228@group-A88D701203E2: closes. applyIndex: 0
2019-09-20 01:08:08,137 [refreshUsed-/workdir/hadoop-ozone/integration-test/target/test-dir/MiniOzoneClusterImpl-b9d2aae5-7523-433a-8853-e61f75a3b2d9/datanode-0/data/containers] WARN  fs.CachingGetSpaceUsed (CachingGetSpaceUsed.java:run(183)) - Thread Interrupted waiting to refresh disk information: sleep interrupted
2019-09-20 01:08:08,140 [b2789397-81aa-440e-89aa-cc98be636228@group-A88D701203E2-SegmentedRaftLogWorker] INFO  segmented.SegmentedRaftLogWorker (SegmentedRaftLogWorker.java:run(313)) - b2789397-81aa-440e-89aa-cc98be636228@group-A88D701203E2-SegmentedRaftLogWorker was interrupted, exiting. There are 0 tasks remaining in the queue.
2019-09-20 01:08:08,140 [main] INFO  segmented.SegmentedRaftLogWorker (SegmentedRaftLogWorker.java:close(228)) - b2789397-81aa-440e-89aa-cc98be636228@group-A88D701203E2-SegmentedRaftLogWorker close()
2019-09-20 01:08:08,142 [main] INFO  server.GrpcService (GrpcService.java:closeImpl(164)) - b2789397-81aa-440e-89aa-cc98be636228: shutdown server with port 46882 now
2019-09-20 01:08:08,150 [main] INFO  server.GrpcService (GrpcService.java:closeImpl(172)) - b2789397-81aa-440e-89aa-cc98be636228: shutdown server with port 46882 successfully
2019-09-20 01:08:08,154 [refreshUsed-/workdir/hadoop-ozone/integration-test/target/test-dir/MiniOzoneClusterImpl-b9d2aae5-7523-433a-8853-e61f75a3b2d9/datanode-6/data/containers] WARN  fs.CachingGetSpaceUsed (CachingGetSpaceUsed.java:run(183)) - Thread Interrupted waiting to refresh disk information: sleep interrupted
2019-09-20 01:08:08,165 [main] INFO  utils.BackgroundService (BackgroundService.java:shutdown(148)) - Shutting down service BlockDeletingService
2019-09-20 01:08:08,170 [main] INFO  statemachine.DatanodeStateMachine (DatanodeStateMachine.java:stopDaemon(395)) - Ozone container server stopped.
2019-09-20 01:08:08,171 [main] INFO  handler.ContextHandler (ContextHandler.java:doStop(910)) - Stopped o.e.j.w.WebAppContext@5486ee92{/,null,UNAVAILABLE}{/hddsDatanode}
2019-09-20 01:08:08,172 [main] INFO  server.AbstractConnector (AbstractConnector.java:doStop(318)) - Stopped ServerConnector@20820df0{HTTP/1.1,[http/1.1]}{0.0.0.0:0}
2019-09-20 01:08:08,173 [main] INFO  handler.ContextHandler (ContextHandler.java:doStop(910)) - Stopped o.e.j.s.ServletContextHandler@6f986501{/static,jar:file:/home/user/.m2/repository/org/apache/hadoop/hadoop-hdds-container-service/0.5.0-SNAPSHOT/hadoop-hdds-container-service-0.5.0-SNAPSHOT.jar!/webapps/static,UNAVAILABLE}
2019-09-20 01:08:08,173 [ForkJoinPool.commonPool-worker-0] INFO  utils.BackgroundService (BackgroundService.java:shutdown(148)) - Shutting down service BlockDeletingService
2019-09-20 01:08:08,173 [main] INFO  handler.ContextHandler (ContextHandler.java:doStop(910)) - Stopped o.e.j.s.ServletContextHandler@6eeb29c0{/logs,file:///workdir/hadoop-ozone/integration-test/target/log,UNAVAILABLE}
2019-09-20 01:08:08,177 [ForkJoinPool.commonPool-worker-0] INFO  statemachine.DatanodeStateMachine (DatanodeStateMachine.java:stopDaemon(395)) - Ozone container server stopped.
2019-09-20 01:08:08,179 [ForkJoinPool.commonPool-worker-0] INFO  handler.ContextHandler (ContextHandler.java:doStop(910)) - Stopped o.e.j.w.WebAppContext@37a67cf{/,null,UNAVAILABLE}{/hddsDatanode}
2019-09-20 01:08:08,180 [ForkJoinPool.commonPool-worker-0] INFO  server.AbstractConnector (AbstractConnector.java:doStop(318)) - Stopped ServerConnector@5822ecda{HTTP/1.1,[http/1.1]}{0.0.0.0:0}
2019-09-20 01:08:08,181 [ForkJoinPool.commonPool-worker-0] INFO  handler.ContextHandler (ContextHandler.java:doStop(910)) - Stopped o.e.j.s.ServletContextHandler@4228f269{/static,jar:file:/home/user/.m2/repository/org/apache/hadoop/hadoop-hdds-container-service/0.5.0-SNAPSHOT/hadoop-hdds-container-service-0.5.0-SNAPSHOT.jar!/webapps/static,UNAVAILABLE}
2019-09-20 01:08:08,183 [ForkJoinPool.commonPool-worker-0] INFO  handler.ContextHandler (ContextHandler.java:doStop(910)) - Stopped o.e.j.s.ServletContextHandler@3686389{/logs,file:///workdir/hadoop-ozone/integration-test/target/log,UNAVAILABLE}
2019-09-20 01:08:08,765 [Datanode State Machine Thread - 0] INFO  statemachine.DatanodeStateMachine (DatanodeStateMachine.java:lambda$startDaemon$0(350)) - Ozone container server started.
2019-09-20 01:08:10,623 [Thread-4024] INFO  impl.FollowerState (FollowerState.java:run(106)) - fb7bf5ec-d7cf-4d54-97ec-dd85076a9577:group-59206F4A050A changes to CANDIDATE, lastRpcTime:7822, electionTimeout:5016ms
2019-09-20 01:08:10,623 [Thread-4024] INFO  impl.RoleInfo (RoleInfo.java:shutdownFollowerState(121)) - fb7bf5ec-d7cf-4d54-97ec-dd85076a9577: shutdown FollowerState
2019-09-20 01:08:10,623 [Thread-4024] INFO  impl.RaftServerImpl (RaftServerImpl.java:setRole(174)) - fb7bf5ec-d7cf-4d54-97ec-dd85076a9577@group-59206F4A050A: changes role from  FOLLOWER to CANDIDATE at term 1 for changeToCandidate
2019-09-20 01:08:10,623 [Thread-4024] INFO  impl.RoleInfo (RoleInfo.java:updateAndGet(143)) - fb7bf5ec-d7cf-4d54-97ec-dd85076a9577: start LeaderElection
2019-09-20 01:08:10,626 [fb7bf5ec-d7cf-4d54-97ec-dd85076a9577@group-59206F4A050A:LeaderElection98] INFO  impl.RaftServerImpl (ServerState.java:setLeader(253)) - fb7bf5ec-d7cf-4d54-97ec-dd85076a9577@group-59206F4A050A: change Leader from bd6af757-a6f4-41b6-ac37-208ac1659023 to null at term 1 for initElection
2019-09-20 01:08:10,644 [fb7bf5ec-d7cf-4d54-97ec-dd85076a9577@group-59206F4A050A:LeaderElection98] INFO  impl.LeaderElection (LeaderElection.java:askForVotes(182)) - fb7bf5ec-d7cf-4d54-97ec-dd85076a9577@group-59206F4A050A:LeaderElection98: begin an election at term 2 for 0: [bd6af757-a6f4-41b6-ac37-208ac1659023:192.168.151.120:32908, b2789397-81aa-440e-89aa-cc98be636228:192.168.151.120:46882, fb7bf5ec-d7cf-4d54-97ec-dd85076a9577:192.168.151.120:44615], old=null
2019-09-20 01:08:10,649 [fb7bf5ec-d7cf-4d54-97ec-dd85076a9577@group-59206F4A050A:LeaderElection98] INFO  impl.LeaderElection (LogUtils.java:infoOrTrace(149)) - fb7bf5ec-d7cf-4d54-97ec-dd85076a9577@group-59206F4A050A:LeaderElection98 got exception when requesting votes: {}
java.util.concurrent.ExecutionException: org.apache.ratis.thirdparty.io.grpc.StatusRuntimeException: UNAVAILABLE: io exception
	at java.util.concurrent.FutureTask.report(FutureTask.java:122)
	at java.util.concurrent.FutureTask.get(FutureTask.java:192)
	at org.apache.ratis.server.impl.LeaderElection.waitForResults(LeaderElection.java:263)
	at org.apache.ratis.server.impl.LeaderElection.askForVotes(LeaderElection.java:201)
	at org.apache.ratis.server.impl.LeaderElection.run(LeaderElection.java:133)
	at java.lang.Thread.run(Thread.java:748)
Caused by: org.apache.ratis.thirdparty.io.grpc.StatusRuntimeException: UNAVAILABLE: io exception
	at org.apache.ratis.thirdparty.io.grpc.stub.ClientCalls.toStatusRuntimeException(ClientCalls.java:233)
	at org.apache.ratis.thirdparty.io.grpc.stub.ClientCalls.getUnchecked(ClientCalls.java:214)
	at org.apache.ratis.thirdparty.io.grpc.stub.ClientCalls.blockingUnaryCall(ClientCalls.java:139)
	at org.apache.ratis.proto.grpc.RaftServerProtocolServiceGrpc$RaftServerProtocolServiceBlockingStub.requestVote(RaftServerProtocolServiceGrpc.java:265)
	at org.apache.ratis.grpc.server.GrpcServerProtocolClient.requestVote(GrpcServerProtocolClient.java:90)
	at org.apache.ratis.grpc.server.GrpcService.requestVote(GrpcService.java:204)
	at org.apache.ratis.server.impl.LeaderElection.lambda$submitRequests$1(LeaderElection.java:238)
	at java.util.concurrent.FutureTask.run(FutureTask.java:266)
	at java.util.concurrent.Executors$RunnableAdapter.call(Executors.java:511)
	at java.util.concurrent.FutureTask.run(FutureTask.java:266)
	at java.util.concurrent.ThreadPoolExecutor.runWorker(ThreadPoolExecutor.java:1149)
	at java.util.concurrent.ThreadPoolExecutor$Worker.run(ThreadPoolExecutor.java:624)
	... 1 more
Caused by: org.apache.ratis.thirdparty.io.netty.channel.AbstractChannel$AnnotatedConnectException: Connection refused: /192.168.151.120:46882
	at sun.nio.ch.SocketChannelImpl.checkConnect(Native Method)
	at sun.nio.ch.SocketChannelImpl.finishConnect(SocketChannelImpl.java:717)
	at org.apache.ratis.thirdparty.io.netty.channel.socket.nio.NioSocketChannel.doFinishConnect(NioSocketChannel.java:327)
	at org.apache.ratis.thirdparty.io.netty.channel.nio.AbstractNioChannel$AbstractNioUnsafe.finishConnect(AbstractNioChannel.java:340)
	at org.apache.ratis.thirdparty.io.netty.channel.nio.NioEventLoop.processSelectedKey(NioEventLoop.java:632)
	at org.apache.ratis.thirdparty.io.netty.channel.nio.NioEventLoop.processSelectedKeysOptimized(NioEventLoop.java:579)
	at org.apache.ratis.thirdparty.io.netty.channel.nio.NioEventLoop.processSelectedKeys(NioEventLoop.java:496)
	at org.apache.ratis.thirdparty.io.netty.channel.nio.NioEventLoop.run(NioEventLoop.java:458)
	at org.apache.ratis.thirdparty.io.netty.util.concurrent.SingleThreadEventExecutor$5.run(SingleThreadEventExecutor.java:897)
	at org.apache.ratis.thirdparty.io.netty.util.concurrent.FastThreadLocalRunnable.run(FastThreadLocalRunnable.java:30)
	... 1 more
Caused by: java.net.ConnectException: Connection refused
	... 11 more
2019-09-20 01:08:10,652 [fb7bf5ec-d7cf-4d54-97ec-dd85076a9577@group-59206F4A050A:LeaderElection98] INFO  impl.LeaderElection (LogUtils.java:infoOrTrace(149)) - fb7bf5ec-d7cf-4d54-97ec-dd85076a9577@group-59206F4A050A:LeaderElection98 got exception when requesting votes: {}
java.util.concurrent.ExecutionException: org.apache.ratis.thirdparty.io.grpc.StatusRuntimeException: UNAVAILABLE: io exception
	at java.util.concurrent.FutureTask.report(FutureTask.java:122)
	at java.util.concurrent.FutureTask.get(FutureTask.java:192)
	at org.apache.ratis.server.impl.LeaderElection.waitForResults(LeaderElection.java:263)
	at org.apache.ratis.server.impl.LeaderElection.askForVotes(LeaderElection.java:201)
	at org.apache.ratis.server.impl.LeaderElection.run(LeaderElection.java:133)
	at java.lang.Thread.run(Thread.java:748)
Caused by: org.apache.ratis.thirdparty.io.grpc.StatusRuntimeException: UNAVAILABLE: io exception
	at org.apache.ratis.thirdparty.io.grpc.stub.ClientCalls.toStatusRuntimeException(ClientCalls.java:233)
	at org.apache.ratis.thirdparty.io.grpc.stub.ClientCalls.getUnchecked(ClientCalls.java:214)
	at org.apache.ratis.thirdparty.io.grpc.stub.ClientCalls.blockingUnaryCall(ClientCalls.java:139)
	at org.apache.ratis.proto.grpc.RaftServerProtocolServiceGrpc$RaftServerProtocolServiceBlockingStub.requestVote(RaftServerProtocolServiceGrpc.java:265)
	at org.apache.ratis.grpc.server.GrpcServerProtocolClient.requestVote(GrpcServerProtocolClient.java:90)
	at org.apache.ratis.grpc.server.GrpcService.requestVote(GrpcService.java:204)
	at org.apache.ratis.server.impl.LeaderElection.lambda$submitRequests$1(LeaderElection.java:238)
	at java.util.concurrent.FutureTask.run(FutureTask.java:266)
	at java.util.concurrent.Executors$RunnableAdapter.call(Executors.java:511)
	at java.util.concurrent.FutureTask.run(FutureTask.java:266)
	at java.util.concurrent.ThreadPoolExecutor.runWorker(ThreadPoolExecutor.java:1149)
	at java.util.concurrent.ThreadPoolExecutor$Worker.run(ThreadPoolExecutor.java:624)
	... 1 more
Caused by: org.apache.ratis.thirdparty.io.netty.channel.AbstractChannel$AnnotatedConnectException: Connection refused: /192.168.151.120:32908
	at sun.nio.ch.SocketChannelImpl.checkConnect(Native Method)
	at sun.nio.ch.SocketChannelImpl.finishConnect(SocketChannelImpl.java:717)
	at org.apache.ratis.thirdparty.io.netty.channel.socket.nio.NioSocketChannel.doFinishConnect(NioSocketChannel.java:327)
	at org.apache.ratis.thirdparty.io.netty.channel.nio.AbstractNioChannel$AbstractNioUnsafe.finishConnect(AbstractNioChannel.java:340)
	at org.apache.ratis.thirdparty.io.netty.channel.nio.NioEventLoop.processSelectedKey(NioEventLoop.java:632)
	at org.apache.ratis.thirdparty.io.netty.channel.nio.NioEventLoop.processSelectedKeysOptimized(NioEventLoop.java:579)
	at org.apache.ratis.thirdparty.io.netty.channel.nio.NioEventLoop.processSelectedKeys(NioEventLoop.java:496)
	at org.apache.ratis.thirdparty.io.netty.channel.nio.NioEventLoop.run(NioEventLoop.java:458)
	at org.apache.ratis.thirdparty.io.netty.util.concurrent.SingleThreadEventExecutor$5.run(SingleThreadEventExecutor.java:897)
	at org.apache.ratis.thirdparty.io.netty.util.concurrent.FastThreadLocalRunnable.run(FastThreadLocalRunnable.java:30)
	... 1 more
Caused by: java.net.ConnectException: Connection refused
	... 11 more
2019-09-20 01:08:10,654 [fb7bf5ec-d7cf-4d54-97ec-dd85076a9577@group-59206F4A050A:LeaderElection98] INFO  impl.LeaderElection (LeaderElection.java:logAndReturn(56)) - fb7bf5ec-d7cf-4d54-97ec-dd85076a9577@group-59206F4A050A:LeaderElection98: Election REJECTED; received 0 response(s) [] and 2 exception(s); fb7bf5ec-d7cf-4d54-97ec-dd85076a9577@group-59206F4A050A:t2, leader=null, voted=fb7bf5ec-d7cf-4d54-97ec-dd85076a9577, raftlog=fb7bf5ec-d7cf-4d54-97ec-dd85076a9577@group-59206F4A050A-SegmentedRaftLog:OPENED:c4,f4,i4, conf=0: [bd6af757-a6f4-41b6-ac37-208ac1659023:192.168.151.120:32908, b2789397-81aa-440e-89aa-cc98be636228:192.168.151.120:46882, fb7bf5ec-d7cf-4d54-97ec-dd85076a9577:192.168.151.120:44615], old=null
2019-09-20 01:08:10,654 [fb7bf5ec-d7cf-4d54-97ec-dd85076a9577@group-59206F4A050A:LeaderElection98] INFO  impl.LeaderElection (LogUtils.java:infoOrTrace(149)) -   Exception 0: {}
java.util.concurrent.ExecutionException: org.apache.ratis.thirdparty.io.grpc.StatusRuntimeException: UNAVAILABLE: io exception
	at java.util.concurrent.FutureTask.report(FutureTask.java:122)
	at java.util.concurrent.FutureTask.get(FutureTask.java:192)
	at org.apache.ratis.server.impl.LeaderElection.waitForResults(LeaderElection.java:263)
	at org.apache.ratis.server.impl.LeaderElection.askForVotes(LeaderElection.java:201)
	at org.apache.ratis.server.impl.LeaderElection.run(LeaderElection.java:133)
	at java.lang.Thread.run(Thread.java:748)
Caused by: org.apache.ratis.thirdparty.io.grpc.StatusRuntimeException: UNAVAILABLE: io exception
	at org.apache.ratis.thirdparty.io.grpc.stub.ClientCalls.toStatusRuntimeException(ClientCalls.java:233)
	at org.apache.ratis.thirdparty.io.grpc.stub.ClientCalls.getUnchecked(ClientCalls.java:214)
	at org.apache.ratis.thirdparty.io.grpc.stub.ClientCalls.blockingUnaryCall(ClientCalls.java:139)
	at org.apache.ratis.proto.grpc.RaftServerProtocolServiceGrpc$RaftServerProtocolServiceBlockingStub.requestVote(RaftServerProtocolServiceGrpc.java:265)
	at org.apache.ratis.grpc.server.GrpcServerProtocolClient.requestVote(GrpcServerProtocolClient.java:90)
	at org.apache.ratis.grpc.server.GrpcService.requestVote(GrpcService.java:204)
	at org.apache.ratis.server.impl.LeaderElection.lambda$submitRequests$1(LeaderElection.java:238)
	at java.util.concurrent.FutureTask.run(FutureTask.java:266)
	at java.util.concurrent.Executors$RunnableAdapter.call(Executors.java:511)
	at java.util.concurrent.FutureTask.run(FutureTask.java:266)
	at java.util.concurrent.ThreadPoolExecutor.runWorker(ThreadPoolExecutor.java:1149)
	at java.util.concurrent.ThreadPoolExecutor$Worker.run(ThreadPoolExecutor.java:624)
	... 1 more
Caused by: org.apache.ratis.thirdparty.io.netty.channel.AbstractChannel$AnnotatedConnectException: Connection refused: /192.168.151.120:46882
	at sun.nio.ch.SocketChannelImpl.checkConnect(Native Method)
	at sun.nio.ch.SocketChannelImpl.finishConnect(SocketChannelImpl.java:717)
	at org.apache.ratis.thirdparty.io.netty.channel.socket.nio.NioSocketChannel.doFinishConnect(NioSocketChannel.java:327)
	at org.apache.ratis.thirdparty.io.netty.channel.nio.AbstractNioChannel$AbstractNioUnsafe.finishConnect(AbstractNioChannel.java:340)
	at org.apache.ratis.thirdparty.io.netty.channel.nio.NioEventLoop.processSelectedKey(NioEventLoop.java:632)
	at org.apache.ratis.thirdparty.io.netty.channel.nio.NioEventLoop.processSelectedKeysOptimized(NioEventLoop.java:579)
	at org.apache.ratis.thirdparty.io.netty.channel.nio.NioEventLoop.processSelectedKeys(NioEventLoop.java:496)
	at org.apache.ratis.thirdparty.io.netty.channel.nio.NioEventLoop.run(NioEventLoop.java:458)
	at org.apache.ratis.thirdparty.io.netty.util.concurrent.SingleThreadEventExecutor$5.run(SingleThreadEventExecutor.java:897)
	at org.apache.ratis.thirdparty.io.netty.util.concurrent.FastThreadLocalRunnable.run(FastThreadLocalRunnable.java:30)
	... 1 more
Caused by: java.net.ConnectException: Connection refused
	... 11 more
2019-09-20 01:08:10,655 [fb7bf5ec-d7cf-4d54-97ec-dd85076a9577@group-59206F4A050A:LeaderElection98] INFO  impl.LeaderElection (LogUtils.java:infoOrTrace(149)) -   Exception 1: {}
java.util.concurrent.ExecutionException: org.apache.ratis.thirdparty.io.grpc.StatusRuntimeException: UNAVAILABLE: io exception
	at java.util.concurrent.FutureTask.report(FutureTask.java:122)
	at java.util.concurrent.FutureTask.get(FutureTask.java:192)
	at org.apache.ratis.server.impl.LeaderElection.waitForResults(LeaderElection.java:263)
	at org.apache.ratis.server.impl.LeaderElection.askForVotes(LeaderElection.java:201)
	at org.apache.ratis.server.impl.LeaderElection.run(LeaderElection.java:133)
	at java.lang.Thread.run(Thread.java:748)
Caused by: org.apache.ratis.thirdparty.io.grpc.StatusRuntimeException: UNAVAILABLE: io exception
	at org.apache.ratis.thirdparty.io.grpc.stub.ClientCalls.toStatusRuntimeException(ClientCalls.java:233)
	at org.apache.ratis.thirdparty.io.grpc.stub.ClientCalls.getUnchecked(ClientCalls.java:214)
	at org.apache.ratis.thirdparty.io.grpc.stub.ClientCalls.blockingUnaryCall(ClientCalls.java:139)
	at org.apache.ratis.proto.grpc.RaftServerProtocolServiceGrpc$RaftServerProtocolServiceBlockingStub.requestVote(RaftServerProtocolServiceGrpc.java:265)
	at org.apache.ratis.grpc.server.GrpcServerProtocolClient.requestVote(GrpcServerProtocolClient.java:90)
	at org.apache.ratis.grpc.server.GrpcService.requestVote(GrpcService.java:204)
	at org.apache.ratis.server.impl.LeaderElection.lambda$submitRequests$1(LeaderElection.java:238)
	at java.util.concurrent.FutureTask.run(FutureTask.java:266)
	at java.util.concurrent.Executors$RunnableAdapter.call(Executors.java:511)
	at java.util.concurrent.FutureTask.run(FutureTask.java:266)
	at java.util.concurrent.ThreadPoolExecutor.runWorker(ThreadPoolExecutor.java:1149)
	at java.util.concurrent.ThreadPoolExecutor$Worker.run(ThreadPoolExecutor.java:624)
	... 1 more
Caused by: org.apache.ratis.thirdparty.io.netty.channel.AbstractChannel$AnnotatedConnectException: Connection refused: /192.168.151.120:32908
	at sun.nio.ch.SocketChannelImpl.checkConnect(Native Method)
	at sun.nio.ch.SocketChannelImpl.finishConnect(SocketChannelImpl.java:717)
	at org.apache.ratis.thirdparty.io.netty.channel.socket.nio.NioSocketChannel.doFinishConnect(NioSocketChannel.java:327)
	at org.apache.ratis.thirdparty.io.netty.channel.nio.AbstractNioChannel$AbstractNioUnsafe.finishConnect(AbstractNioChannel.java:340)
	at org.apache.ratis.thirdparty.io.netty.channel.nio.NioEventLoop.processSelectedKey(NioEventLoop.java:632)
	at org.apache.ratis.thirdparty.io.netty.channel.nio.NioEventLoop.processSelectedKeysOptimized(NioEventLoop.java:579)
	at org.apache.ratis.thirdparty.io.netty.channel.nio.NioEventLoop.processSelectedKeys(NioEventLoop.java:496)
	at org.apache.ratis.thirdparty.io.netty.channel.nio.NioEventLoop.run(NioEventLoop.java:458)
	at org.apache.ratis.thirdparty.io.netty.util.concurrent.SingleThreadEventExecutor$5.run(SingleThreadEventExecutor.java:897)
	at org.apache.ratis.thirdparty.io.netty.util.concurrent.FastThreadLocalRunnable.run(FastThreadLocalRunnable.java:30)
	... 1 more
Caused by: java.net.ConnectException: Connection refused
	... 11 more
2019-09-20 01:08:10,655 [fb7bf5ec-d7cf-4d54-97ec-dd85076a9577@group-59206F4A050A:LeaderElection98] INFO  impl.RaftServerImpl (RaftServerImpl.java:setRole(174)) - fb7bf5ec-d7cf-4d54-97ec-dd85076a9577@group-59206F4A050A: changes role from CANDIDATE to FOLLOWER at term 2 for DISCOVERED_A_NEW_TERM
2019-09-20 01:08:10,655 [fb7bf5ec-d7cf-4d54-97ec-dd85076a9577@group-59206F4A050A:LeaderElection98] INFO  impl.RoleInfo (RoleInfo.java:shutdownLeaderElection(134)) - fb7bf5ec-d7cf-4d54-97ec-dd85076a9577: shutdown LeaderElection
2019-09-20 01:08:10,655 [fb7bf5ec-d7cf-4d54-97ec-dd85076a9577@group-59206F4A050A:LeaderElection98] INFO  impl.RoleInfo (RoleInfo.java:updateAndGet(143)) - fb7bf5ec-d7cf-4d54-97ec-dd85076a9577: start FollowerState
2019-09-20 01:08:12,822 [EventQueue-StaleNodeForStaleNodeHandler] INFO  node.StaleNodeHandler (StaleNodeHandler.java:onMessage(58)) - Datanode fb7bf5ec-d7cf-4d54-97ec-dd85076a9577{ip: 192.168.151.120, host: pr-hdds-2150-czsg7-3946154559, networkLocation: /default-rack, certSerialId: null} moved to stale state. Finalizing its pipelines [PipelineID=fdfff3bf-00c4-4548-a179-59206f4a050a, PipelineID=8fbbb6b8-6d13-4dc7-8d99-a3db5a587382]
2019-09-20 01:08:12,825 [EventQueue-StaleNodeForStaleNodeHandler] INFO  pipeline.SCMPipelineManager (SCMPipelineManager.java:finalizeAndDestroyPipeline(311)) - destroying pipeline:Pipeline[ Id: fdfff3bf-00c4-4548-a179-59206f4a050a, Nodes: b2789397-81aa-440e-89aa-cc98be636228{ip: 192.168.151.120, host: pr-hdds-2150-czsg7-3946154559, networkLocation: /default-rack, certSerialId: null}bd6af757-a6f4-41b6-ac37-208ac1659023{ip: 192.168.151.120, host: pr-hdds-2150-czsg7-3946154559, networkLocation: /default-rack, certSerialId: null}fb7bf5ec-d7cf-4d54-97ec-dd85076a9577{ip: 192.168.151.120, host: pr-hdds-2150-czsg7-3946154559, networkLocation: /default-rack, certSerialId: null}, Type:RATIS, Factor:THREE, State:CLOSED]
2019-09-20 01:08:12,825 [EventQueue-StaleNodeForStaleNodeHandler] INFO  pipeline.SCMPipelineManager (SCMPipelineManager.java:finalizeAndDestroyPipeline(311)) - destroying pipeline:Pipeline[ Id: 8fbbb6b8-6d13-4dc7-8d99-a3db5a587382, Nodes: fb7bf5ec-d7cf-4d54-97ec-dd85076a9577{ip: 192.168.151.120, host: pr-hdds-2150-czsg7-3946154559, networkLocation: /default-rack, certSerialId: null}, Type:RATIS, Factor:ONE, State:OPEN]
2019-09-20 01:08:12,825 [EventQueue-StaleNodeForStaleNodeHandler] INFO  pipeline.PipelineStateManager (PipelineStateManager.java:finalizePipeline(123)) - Pipeline Pipeline[ Id: 8fbbb6b8-6d13-4dc7-8d99-a3db5a587382, Nodes: fb7bf5ec-d7cf-4d54-97ec-dd85076a9577{ip: 192.168.151.120, host: pr-hdds-2150-czsg7-3946154559, networkLocation: /default-rack, certSerialId: null}, Type:RATIS, Factor:ONE, State:CLOSED] moved to CLOSED state
2019-09-20 01:08:13,180 [main] INFO  ozoneimpl.OzoneContainer (OzoneContainer.java:stop(231)) - Attempting to stop container services.
2019-09-20 01:08:13,182 [main] INFO  impl.RaftServerProxy (RaftServerProxy.java:lambda$close$4(314)) - fb7bf5ec-d7cf-4d54-97ec-dd85076a9577: close
2019-09-20 01:08:13,183 [main] INFO  impl.RaftServerImpl (RaftServerImpl.java:lambda$shutdown$3(251)) - fb7bf5ec-d7cf-4d54-97ec-dd85076a9577@group-59206F4A050A: shutdown
2019-09-20 01:08:13,183 [ForkJoinPool.commonPool-worker-1] INFO  impl.RaftServerImpl (RaftServerImpl.java:lambda$shutdown$3(251)) - fb7bf5ec-d7cf-4d54-97ec-dd85076a9577@group-A3DB5A587382: shutdown
2019-09-20 01:08:13,183 [main] INFO  util.JmxRegister (JmxRegister.java:unregister(73)) - Successfully un-registered JMX Bean with object name Ratis:service=RaftServer,group=group-59206F4A050A,id=fb7bf5ec-d7cf-4d54-97ec-dd85076a9577
2019-09-20 01:08:13,375 [main] INFO  impl.RoleInfo (RoleInfo.java:shutdownFollowerState(121)) - fb7bf5ec-d7cf-4d54-97ec-dd85076a9577: shutdown FollowerState
2019-09-20 01:08:13,375 [ForkJoinPool.commonPool-worker-1] INFO  util.JmxRegister (JmxRegister.java:unregister(73)) - Successfully un-registered JMX Bean with object name Ratis:service=RaftServer,group=group-A3DB5A587382,id=fb7bf5ec-d7cf-4d54-97ec-dd85076a9577
2019-09-20 01:08:13,382 [main] INFO  impl.StateMachineUpdater (StateMachineUpdater.java:stopAndJoin(125)) - fb7bf5ec-d7cf-4d54-97ec-dd85076a9577@group-59206F4A050A-StateMachineUpdater: set stopIndex = 4
2019-09-20 01:08:13,387 [Thread-4123] INFO  impl.FollowerState (FollowerState.java:run(115)) - fb7bf5ec-d7cf-4d54-97ec-dd85076a9577: FollowerState was interrupted: java.lang.InterruptedException: sleep interrupted
2019-09-20 01:08:13,382 [ForkJoinPool.commonPool-worker-1] INFO  impl.RoleInfo (RoleInfo.java:shutdownLeaderState(104)) - fb7bf5ec-d7cf-4d54-97ec-dd85076a9577: shutdown LeaderState
2019-09-20 01:08:13,411 [ForkJoinPool.commonPool-worker-1] INFO  impl.PendingRequests (PendingRequests.java:sendNotLeaderResponses(202)) - fb7bf5ec-d7cf-4d54-97ec-dd85076a9577-PendingRequests: sendNotLeaderResponses
2019-09-20 01:08:13,417 [fb7bf5ec-d7cf-4d54-97ec-dd85076a9577@group-59206F4A050A-StateMachineUpdater] INFO  ratis.ContainerStateMachine (ContainerStateMachine.java:takeSnapshot(289)) - group-59206F4A050A: Taking a snapshot at:(t:1, i:3) file /workdir/hadoop-ozone/integration-test/target/test-dir/MiniOzoneClusterImpl-b9d2aae5-7523-433a-8853-e61f75a3b2d9/datanode-5/data/ratis/fdfff3bf-00c4-4548-a179-59206f4a050a/sm/snapshot.1_3
2019-09-20 01:08:13,422 [ForkJoinPool.commonPool-worker-1] INFO  impl.StateMachineUpdater (StateMachineUpdater.java:stopAndJoin(125)) - fb7bf5ec-d7cf-4d54-97ec-dd85076a9577@group-A3DB5A587382-StateMachineUpdater: set stopIndex = 0
2019-09-20 01:08:13,440 [ForkJoinPool.commonPool-worker-1] INFO  impl.RaftServerImpl (ServerState.java:close(385)) - fb7bf5ec-d7cf-4d54-97ec-dd85076a9577@group-A3DB5A587382: closes. applyIndex: 0
2019-09-20 01:08:13,446 [fb7bf5ec-d7cf-4d54-97ec-dd85076a9577@group-59206F4A050A-StateMachineUpdater] INFO  ratis.ContainerStateMachine (ContainerStateMachine.java:takeSnapshot(300)) - group-59206F4A050A: Finished taking a snapshot at:(t:1, i:3) file:/workdir/hadoop-ozone/integration-test/target/test-dir/MiniOzoneClusterImpl-b9d2aae5-7523-433a-8853-e61f75a3b2d9/datanode-5/data/ratis/fdfff3bf-00c4-4548-a179-59206f4a050a/sm/snapshot.1_3 time:36
2019-09-20 01:08:13,451 [fb7bf5ec-d7cf-4d54-97ec-dd85076a9577@group-A3DB5A587382-SegmentedRaftLogWorker] INFO  segmented.SegmentedRaftLogWorker (SegmentedRaftLogWorker.java:run(313)) - fb7bf5ec-d7cf-4d54-97ec-dd85076a9577@group-A3DB5A587382-SegmentedRaftLogWorker was interrupted, exiting. There are 0 tasks remaining in the queue.
2019-09-20 01:08:13,507 [ForkJoinPool.commonPool-worker-1] INFO  segmented.SegmentedRaftLogWorker (SegmentedRaftLogWorker.java:close(228)) - fb7bf5ec-d7cf-4d54-97ec-dd85076a9577@group-A3DB5A587382-SegmentedRaftLogWorker close()
2019-09-20 01:08:13,507 [fb7bf5ec-d7cf-4d54-97ec-dd85076a9577@group-59206F4A050A-StateMachineUpdater] INFO  impl.StateMachineUpdater (StateMachineUpdater.java:takeSnapshot(258)) - fb7bf5ec-d7cf-4d54-97ec-dd85076a9577@group-59206F4A050A-StateMachineUpdater: Took a snapshot at index 3
2019-09-20 01:08:13,528 [fb7bf5ec-d7cf-4d54-97ec-dd85076a9577@group-59206F4A050A-StateMachineUpdater] INFO  impl.StateMachineUpdater (StateMachineUpdater.java:lambda$new$0(83)) - fb7bf5ec-d7cf-4d54-97ec-dd85076a9577@group-59206F4A050A-StateMachineUpdater: snapshotIndex: updateIncreasingly -1 -> 3
2019-09-20 01:08:13,553 [fb7bf5ec-d7cf-4d54-97ec-dd85076a9577@group-59206F4A050A-StateMachineUpdater] INFO  ratis.ContainerStateMachine (ContainerStateMachine.java:takeSnapshot(289)) - group-59206F4A050A: Taking a snapshot at:(t:1, i:3) file /workdir/hadoop-ozone/integration-test/target/test-dir/MiniOzoneClusterImpl-b9d2aae5-7523-433a-8853-e61f75a3b2d9/datanode-5/data/ratis/fdfff3bf-00c4-4548-a179-59206f4a050a/sm/snapshot.1_3
2019-09-20 01:08:13,569 [fb7bf5ec-d7cf-4d54-97ec-dd85076a9577@group-59206F4A050A-StateMachineUpdater] INFO  ratis.ContainerStateMachine (ContainerStateMachine.java:takeSnapshot(300)) - group-59206F4A050A: Finished taking a snapshot at:(t:1, i:3) file:/workdir/hadoop-ozone/integration-test/target/test-dir/MiniOzoneClusterImpl-b9d2aae5-7523-433a-8853-e61f75a3b2d9/datanode-5/data/ratis/fdfff3bf-00c4-4548-a179-59206f4a050a/sm/snapshot.1_3 time:16
2019-09-20 01:08:13,599 [fb7bf5ec-d7cf-4d54-97ec-dd85076a9577@group-59206F4A050A-StateMachineUpdater] INFO  impl.StateMachineUpdater (StateMachineUpdater.java:takeSnapshot(258)) - fb7bf5ec-d7cf-4d54-97ec-dd85076a9577@group-59206F4A050A-StateMachineUpdater: Took a snapshot at index 3
2019-09-20 01:08:13,600 [fb7bf5ec-d7cf-4d54-97ec-dd85076a9577@group-59206F4A050A-StateMachineUpdater] INFO  impl.StateMachineUpdater (StateMachineUpdater.java:lambda$new$0(83)) - fb7bf5ec-d7cf-4d54-97ec-dd85076a9577@group-59206F4A050A-StateMachineUpdater: snapshotIndex: updateIncreasingly 3 -> 3
2019-09-20 01:08:13,600 [main] INFO  impl.RaftServerImpl (ServerState.java:close(385)) - fb7bf5ec-d7cf-4d54-97ec-dd85076a9577@group-59206F4A050A: closes. applyIndex: 4
2019-09-20 01:08:13,601 [fb7bf5ec-d7cf-4d54-97ec-dd85076a9577@group-59206F4A050A-SegmentedRaftLogWorker] INFO  segmented.SegmentedRaftLogWorker (SegmentedRaftLogWorker.java:run(313)) - fb7bf5ec-d7cf-4d54-97ec-dd85076a9577@group-59206F4A050A-SegmentedRaftLogWorker was interrupted, exiting. There are 0 tasks remaining in the queue.
2019-09-20 01:08:13,601 [main] INFO  segmented.SegmentedRaftLogWorker (SegmentedRaftLogWorker.java:close(228)) - fb7bf5ec-d7cf-4d54-97ec-dd85076a9577@group-59206F4A050A-SegmentedRaftLogWorker close()
2019-09-20 01:08:13,603 [main] INFO  server.GrpcService (GrpcService.java:closeImpl(164)) - fb7bf5ec-d7cf-4d54-97ec-dd85076a9577: shutdown server with port 44615 now
2019-09-20 01:08:13,604 [main] INFO  server.GrpcService (GrpcService.java:closeImpl(172)) - fb7bf5ec-d7cf-4d54-97ec-dd85076a9577: shutdown server with port 44615 successfully
2019-09-20 01:08:13,607 [refreshUsed-/workdir/hadoop-ozone/integration-test/target/test-dir/MiniOzoneClusterImpl-b9d2aae5-7523-433a-8853-e61f75a3b2d9/datanode-5/data/containers] WARN  fs.CachingGetSpaceUsed (CachingGetSpaceUsed.java:run(183)) - Thread Interrupted waiting to refresh disk information: sleep interrupted
2019-09-20 01:08:13,622 [main] INFO  utils.BackgroundService (BackgroundService.java:shutdown(148)) - Shutting down service BlockDeletingService
2019-09-20 01:08:13,627 [main] INFO  statemachine.DatanodeStateMachine (DatanodeStateMachine.java:stopDaemon(395)) - Ozone container server stopped.
2019-09-20 01:08:13,628 [main] INFO  handler.ContextHandler (ContextHandler.java:doStop(910)) - Stopped o.e.j.w.WebAppContext@2a2b7a35{/,null,UNAVAILABLE}{/hddsDatanode}
2019-09-20 01:08:13,629 [main] INFO  server.AbstractConnector (AbstractConnector.java:doStop(318)) - Stopped ServerConnector@58186f9f{HTTP/1.1,[http/1.1]}{0.0.0.0:0}
2019-09-20 01:08:13,629 [main] INFO  handler.ContextHandler (ContextHandler.java:doStop(910)) - Stopped o.e.j.s.ServletContextHandler@153cfd86{/static,jar:file:/home/user/.m2/repository/org/apache/hadoop/hadoop-hdds-container-service/0.5.0-SNAPSHOT/hadoop-hdds-container-service-0.5.0-SNAPSHOT.jar!/webapps/static,UNAVAILABLE}
2019-09-20 01:08:13,629 [main] INFO  handler.ContextHandler (ContextHandler.java:doStop(910)) - Stopped o.e.j.s.ServletContextHandler@1da75dde{/logs,file:///workdir/hadoop-ozone/integration-test/target/log,UNAVAILABLE}
2019-09-20 01:08:13,630 [main] INFO  ozone.MiniOzoneClusterImpl (MiniOzoneClusterImpl.java:stop(344)) - Stopping the StorageContainerManager
2019-09-20 01:08:13,630 [main] INFO  server.StorageContainerManager (StorageContainerManager.java:stop(801)) - Stopping Replication Manager Service.
2019-09-20 01:08:13,630 [main] INFO  container.ReplicationManager (ReplicationManager.java:stop(203)) - Stopping Replication Monitor Thread.
2019-09-20 01:08:13,630 [main] INFO  server.StorageContainerManager (StorageContainerManager.java:stop(808)) - Stopping Lease Manager of the command watchers
2019-09-20 01:08:13,631 [main] INFO  server.StorageContainerManager (StorageContainerManager.java:stop(815)) - Stopping datanode service RPC server
2019-09-20 01:08:13,631 [main] INFO  server.SCMDatanodeProtocolServer (SCMDatanodeProtocolServer.java:stop(367)) - Stopping the RPC server for DataNodes
2019-09-20 01:08:13,631 [main] INFO  ipc.Server (Server.java:stop(3082)) - Stopping server on 43099
2019-09-20 01:08:13,634 [IPC Server listener on 43099] INFO  ipc.Server (Server.java:run(1185)) - Stopping IPC Server listener on 43099
2019-09-20 01:08:13,634 [IPC Server Responder] INFO  ipc.Server (Server.java:run(1319)) - Stopping IPC Server Responder
2019-09-20 01:08:13,675 [SCM Heartbeat Processing Thread - 0] WARN  node.NodeStateManager (NodeStateManager.java:scheduleNextHealthCheck(646)) - Current Thread is interrupted, shutting down HB processing thread for Node Manager.
2019-09-20 01:08:13,675 [main] INFO  server.StorageContainerManager (StorageContainerManager.java:stop(823)) - Stopping block service RPC server
2019-09-20 01:08:13,676 [main] INFO  server.SCMBlockProtocolServer (SCMBlockProtocolServer.java:stop(155)) - Stopping the RPC server for Block Protocol
2019-09-20 01:08:13,676 [main] INFO  ipc.Server (Server.java:stop(3082)) - Stopping server on 41928
2019-09-20 01:08:13,678 [IPC Server listener on 41928] INFO  ipc.Server (Server.java:run(1185)) - Stopping IPC Server listener on 41928
2019-09-20 01:08:13,678 [main] INFO  server.StorageContainerManager (StorageContainerManager.java:stop(830)) - Stopping the StorageContainerLocationProtocol RPC server
2019-09-20 01:08:13,678 [IPC Server Responder] INFO  ipc.Server (Server.java:run(1319)) - Stopping IPC Server Responder
2019-09-20 01:08:13,679 [main] INFO  server.SCMClientProtocolServer (SCMClientProtocolServer.java:stop(159)) - Stopping the RPC server for Client Protocol
2019-09-20 01:08:13,679 [main] INFO  ipc.Server (Server.java:stop(3082)) - Stopping server on 38744
2019-09-20 01:08:13,681 [IPC Server listener on 38744] INFO  ipc.Server (Server.java:run(1185)) - Stopping IPC Server listener on 38744
2019-09-20 01:08:13,681 [main] INFO  server.StorageContainerManager (StorageContainerManager.java:stop(837)) - Stopping Storage Container Manager HTTP server.
2019-09-20 01:08:13,682 [IPC Server Responder] INFO  ipc.Server (Server.java:run(1319)) - Stopping IPC Server Responder
2019-09-20 01:08:13,684 [main] INFO  handler.ContextHandler (ContextHandler.java:doStop(910)) - Stopped o.e.j.w.WebAppContext@559d19c{/,null,UNAVAILABLE}{/scm}
2019-09-20 01:08:13,684 [main] INFO  server.AbstractConnector (AbstractConnector.java:doStop(318)) - Stopped ServerConnector@719c1faf{HTTP/1.1,[http/1.1]}{0.0.0.0:0}
2019-09-20 01:08:13,685 [main] INFO  handler.ContextHandler (ContextHandler.java:doStop(910)) - Stopped o.e.j.s.ServletContextHandler@1247c72e{/static,file:///workdir/hadoop-ozone/integration-test/target/test-classes/webapps/static,UNAVAILABLE}
2019-09-20 01:08:13,685 [main] INFO  handler.ContextHandler (ContextHandler.java:doStop(910)) - Stopped o.e.j.s.ServletContextHandler@464ede1f{/logs,file:///workdir/hadoop-ozone/integration-test/target/log,UNAVAILABLE}
2019-09-20 01:08:13,686 [main] INFO  server.StorageContainerManager (StorageContainerManager.java:stop(848)) - Stopping Block Manager Service.
2019-09-20 01:08:13,686 [main] INFO  utils.BackgroundService (BackgroundService.java:shutdown(148)) - Shutting down service SCMBlockDeletingService
2019-09-20 01:08:13,686 [main] INFO  utils.BackgroundService (BackgroundService.java:shutdown(148)) - Shutting down service SCMBlockDeletingService
2019-09-20 01:08:13,686 [main] INFO  server.StorageContainerManager (StorageContainerManager.java:stop(870)) - Stopping SCM Event Queue.
2019-09-20 01:08:13,690 [main] INFO  impl.MetricsSystemImpl (MetricsSystemImpl.java:stop(210)) - Stopping HddsDatanode metrics system...
2019-09-20 01:08:13,719 [main] INFO  impl.MetricsSystemImpl (MetricsSystemImpl.java:stop(216)) - HddsDatanode metrics system stopped.
]]></system-out>
    <system-err><![CDATA[Sep 20, 2019 1:07:57 AM org.apache.ratis.thirdparty.io.grpc.internal.SerializingExecutor run
SEVERE: Exception while executing runnable org.apache.ratis.thirdparty.io.grpc.internal.ServerImpl$JumpToApplicationThreadServerStreamListener$1Closed@b7ffaf6
org.apache.ratis.thirdparty.io.grpc.StatusRuntimeException: CANCELLED: call already cancelled
	at org.apache.ratis.thirdparty.io.grpc.Status.asRuntimeException(Status.java:517)
	at org.apache.ratis.thirdparty.io.grpc.stub.ServerCalls$ServerCallStreamObserverImpl.onCompleted(ServerCalls.java:356)
	at org.apache.ratis.grpc.server.GrpcServerProtocolService$ServerRequestStreamObserver.onError(GrpcServerProtocolService.java:121)
	at org.apache.ratis.thirdparty.io.grpc.stub.ServerCalls$StreamingServerCallHandler$StreamingServerCallListener.onCancel(ServerCalls.java:269)
	at org.apache.ratis.thirdparty.io.grpc.internal.ServerCallImpl$ServerStreamListenerImpl.closed(ServerCallImpl.java:293)
	at org.apache.ratis.thirdparty.io.grpc.internal.ServerImpl$JumpToApplicationThreadServerStreamListener$1Closed.runInContext(ServerImpl.java:741)
	at org.apache.ratis.thirdparty.io.grpc.internal.ContextRunnable.run(ContextRunnable.java:37)
	at org.apache.ratis.thirdparty.io.grpc.internal.SerializingExecutor.run(SerializingExecutor.java:123)
	at java.util.concurrent.ThreadPoolExecutor.runWorker(ThreadPoolExecutor.java:1149)
	at java.util.concurrent.ThreadPoolExecutor$Worker.run(ThreadPoolExecutor.java:624)
	at java.lang.Thread.run(Thread.java:748)

Sep 20, 2019 1:08:03 AM org.apache.ratis.thirdparty.io.grpc.internal.SerializingExecutor run
SEVERE: Exception while executing runnable org.apache.ratis.thirdparty.io.grpc.internal.ServerImpl$JumpToApplicationThreadServerStreamListener$1Closed@3d61452f
org.apache.ratis.thirdparty.io.grpc.StatusRuntimeException: CANCELLED: call already cancelled
	at org.apache.ratis.thirdparty.io.grpc.Status.asRuntimeException(Status.java:517)
	at org.apache.ratis.thirdparty.io.grpc.stub.ServerCalls$ServerCallStreamObserverImpl.onCompleted(ServerCalls.java:356)
	at org.apache.ratis.grpc.server.GrpcServerProtocolService$ServerRequestStreamObserver.onError(GrpcServerProtocolService.java:121)
	at org.apache.ratis.thirdparty.io.grpc.stub.ServerCalls$StreamingServerCallHandler$StreamingServerCallListener.onCancel(ServerCalls.java:269)
	at org.apache.ratis.thirdparty.io.grpc.internal.ServerCallImpl$ServerStreamListenerImpl.closed(ServerCallImpl.java:293)
	at org.apache.ratis.thirdparty.io.grpc.internal.ServerImpl$JumpToApplicationThreadServerStreamListener$1Closed.runInContext(ServerImpl.java:741)
	at org.apache.ratis.thirdparty.io.grpc.internal.ContextRunnable.run(ContextRunnable.java:37)
	at org.apache.ratis.thirdparty.io.grpc.internal.SerializingExecutor.run(SerializingExecutor.java:123)
	at java.util.concurrent.ThreadPoolExecutor.runWorker(ThreadPoolExecutor.java:1149)
	at java.util.concurrent.ThreadPoolExecutor$Worker.run(ThreadPoolExecutor.java:624)
	at java.lang.Thread.run(Thread.java:748)

]]></system-err>
  </testcase>
  <testcase name="testExceptionDuringClose" classname="org.apache.hadoop.ozone.client.rpc.TestBlockOutputStreamWithFailures" time="40.52"/>
</testsuite>