<?xml version="1.0" encoding="UTF-8"?>
<testsuite xmlns:xsi="http://www.w3.org/2001/XMLSchema-instance" xsi:noNamespaceSchemaLocation="https://maven.apache.org/surefire/maven-surefire-plugin/xsd/surefire-test-report.xsd" name="org.apache.hadoop.fs.ozone.TestOzoneFSInputStream" time="106.427" tests="1" errors="1" skipped="0" failures="0">
  <properties>
    <property name="awt.toolkit" value="sun.awt.X11.XToolkit"/>
    <property name="file.encoding.pkg" value="sun.io"/>
    <property name="java.specification.version" value="1.8"/>
    <property name="sun.cpu.isalist" value=""/>
    <property name="sun.jnu.encoding" value="UTF-8"/>
    <property name="java.class.path" value="/workdir/hadoop-ozone/ozonefs/target/test-classes:/workdir/hadoop-ozone/ozonefs/target/classes:/home/user/.m2/repository/org/apache/hadoop/hadoop-common/3.2.0/hadoop-common-3.2.0.jar:/home/user/.m2/repository/org/apache/hadoop/hadoop-annotations/3.2.0/hadoop-annotations-3.2.0.jar:/usr/lib/jvm/java-1.8-openjdk/jre/../lib/tools.jar:/home/user/.m2/repository/com/google/guava/guava/11.0.2/guava-11.0.2.jar:/home/user/.m2/repository/commons-cli/commons-cli/1.2/commons-cli-1.2.jar:/home/user/.m2/repository/org/apache/commons/commons-math3/3.1.1/commons-math3-3.1.1.jar:/home/user/.m2/repository/org/apache/httpcomponents/httpclient/4.5.2/httpclient-4.5.2.jar:/home/user/.m2/repository/org/apache/httpcomponents/httpcore/4.4.4/httpcore-4.4.4.jar:/home/user/.m2/repository/commons-codec/commons-codec/1.11/commons-codec-1.11.jar:/home/user/.m2/repository/commons-io/commons-io/2.5/commons-io-2.5.jar:/home/user/.m2/repository/commons-net/commons-net/3.6/commons-net-3.6.jar:/home/user/.m2/repository/commons-collections/commons-collections/3.2.2/commons-collections-3.2.2.jar:/home/user/.m2/repository/javax/servlet/javax.servlet-api/3.1.0/javax.servlet-api-3.1.0.jar:/home/user/.m2/repository/org/eclipse/jetty/jetty-server/9.3.25.v20180904/jetty-server-9.3.25.v20180904.jar:/home/user/.m2/repository/org/eclipse/jetty/jetty-http/9.3.25.v20180904/jetty-http-9.3.25.v20180904.jar:/home/user/.m2/repository/org/eclipse/jetty/jetty-io/9.3.25.v20180904/jetty-io-9.3.25.v20180904.jar:/home/user/.m2/repository/org/eclipse/jetty/jetty-util/9.3.25.v20180904/jetty-util-9.3.25.v20180904.jar:/home/user/.m2/repository/org/eclipse/jetty/jetty-servlet/9.3.25.v20180904/jetty-servlet-9.3.25.v20180904.jar:/home/user/.m2/repository/org/eclipse/jetty/jetty-security/9.3.25.v20180904/jetty-security-9.3.25.v20180904.jar:/home/user/.m2/repository/org/eclipse/jetty/jetty-webapp/9.3.25.v20180904/jetty-webapp-9.3.25.v20180904.jar:/home/user/.m2/repository/org/eclipse/jetty/jetty-xml/9.3.25.v20180904/jetty-xml-9.3.25.v20180904.jar:/home/user/.m2/repository/javax/servlet/jsp/jsp-api/2.1/jsp-api-2.1.jar:/home/user/.m2/repository/com/sun/jersey/jersey-core/1.19/jersey-core-1.19.jar:/home/user/.m2/repository/javax/ws/rs/jsr311-api/1.1.1/jsr311-api-1.1.1.jar:/home/user/.m2/repository/com/sun/jersey/jersey-servlet/1.19/jersey-servlet-1.19.jar:/home/user/.m2/repository/com/sun/jersey/jersey-json/1.19/jersey-json-1.19.jar:/home/user/.m2/repository/org/codehaus/jettison/jettison/1.1/jettison-1.1.jar:/home/user/.m2/repository/com/sun/xml/bind/jaxb-impl/2.3.0.1/jaxb-impl-2.3.0.1.jar:/home/user/.m2/repository/org/codehaus/jackson/jackson-core-asl/1.9.13/jackson-core-asl-1.9.13.jar:/home/user/.m2/repository/org/codehaus/jackson/jackson-mapper-asl/1.9.13/jackson-mapper-asl-1.9.13.jar:/home/user/.m2/repository/org/codehaus/jackson/jackson-jaxrs/1.9.13/jackson-jaxrs-1.9.13.jar:/home/user/.m2/repository/org/codehaus/jackson/jackson-xc/1.9.13/jackson-xc-1.9.13.jar:/home/user/.m2/repository/com/sun/jersey/jersey-server/1.19/jersey-server-1.19.jar:/home/user/.m2/repository/commons-logging/commons-logging/1.1.3/commons-logging-1.1.3.jar:/home/user/.m2/repository/log4j/log4j/1.2.17/log4j-1.2.17.jar:/home/user/.m2/repository/commons-beanutils/commons-beanutils/1.9.4/commons-beanutils-1.9.4.jar:/home/user/.m2/repository/org/apache/commons/commons-configuration2/2.1.1/commons-configuration2-2.1.1.jar:/home/user/.m2/repository/org/apache/commons/commons-lang3/3.7/commons-lang3-3.7.jar:/home/user/.m2/repository/org/apache/commons/commons-text/1.4/commons-text-1.4.jar:/home/user/.m2/repository/org/slf4j/slf4j-api/1.7.25/slf4j-api-1.7.25.jar:/home/user/.m2/repository/org/slf4j/slf4j-log4j12/1.7.25/slf4j-log4j12-1.7.25.jar:/home/user/.m2/repository/org/apache/avro/avro/1.7.7/avro-1.7.7.jar:/home/user/.m2/repository/com/thoughtworks/paranamer/paranamer/2.3/paranamer-2.3.jar:/home/user/.m2/repository/org/xerial/snappy/snappy-java/1.0.5/snappy-java-1.0.5.jar:/home/user/.m2/repository/com/google/re2j/re2j/1.1/re2j-1.1.jar:/home/user/.m2/repository/com/google/protobuf/protobuf-java/2.5.0/protobuf-java-2.5.0.jar:/home/user/.m2/repository/com/google/code/gson/gson/2.2.4/gson-2.2.4.jar:/home/user/.m2/repository/org/apache/hadoop/hadoop-auth/3.2.0/hadoop-auth-3.2.0.jar:/home/user/.m2/repository/com/nimbusds/nimbus-jose-jwt/4.41.1/nimbus-jose-jwt-4.41.1.jar:/home/user/.m2/repository/com/github/stephenc/jcip/jcip-annotations/1.0-1/jcip-annotations-1.0-1.jar:/home/user/.m2/repository/net/minidev/json-smart/2.3/json-smart-2.3.jar:/home/user/.m2/repository/net/minidev/accessors-smart/1.2/accessors-smart-1.2.jar:/home/user/.m2/repository/org/apache/curator/curator-framework/2.12.0/curator-framework-2.12.0.jar:/home/user/.m2/repository/com/jcraft/jsch/0.1.54/jsch-0.1.54.jar:/home/user/.m2/repository/org/apache/curator/curator-client/2.12.0/curator-client-2.12.0.jar:/home/user/.m2/repository/org/apache/curator/curator-recipes/2.12.0/curator-recipes-2.12.0.jar:/home/user/.m2/repository/com/google/code/findbugs/jsr305/3.0.0/jsr305-3.0.0.jar:/home/user/.m2/repository/org/apache/htrace/htrace-core4/4.1.0-incubating/htrace-core4-4.1.0-incubating.jar:/home/user/.m2/repository/org/apache/zookeeper/zookeeper/3.4.13/zookeeper-3.4.13.jar:/home/user/.m2/repository/jline/jline/0.9.94/jline-0.9.94.jar:/home/user/.m2/repository/org/apache/yetus/audience-annotations/0.5.0/audience-annotations-0.5.0.jar:/home/user/.m2/repository/org/apache/commons/commons-compress/1.4.1/commons-compress-1.4.1.jar:/home/user/.m2/repository/org/tukaani/xz/1.0/xz-1.0.jar:/home/user/.m2/repository/org/apache/kerby/kerb-simplekdc/1.0.1/kerb-simplekdc-1.0.1.jar:/home/user/.m2/repository/org/apache/kerby/kerb-client/1.0.1/kerb-client-1.0.1.jar:/home/user/.m2/repository/org/apache/kerby/kerby-config/1.0.1/kerby-config-1.0.1.jar:/home/user/.m2/repository/org/apache/kerby/kerb-core/1.0.1/kerb-core-1.0.1.jar:/home/user/.m2/repository/org/apache/kerby/kerby-pkix/1.0.1/kerby-pkix-1.0.1.jar:/home/user/.m2/repository/org/apache/kerby/kerby-asn1/1.0.1/kerby-asn1-1.0.1.jar:/home/user/.m2/repository/org/apache/kerby/kerby-util/1.0.1/kerby-util-1.0.1.jar:/home/user/.m2/repository/org/apache/kerby/kerb-common/1.0.1/kerb-common-1.0.1.jar:/home/user/.m2/repository/org/apache/kerby/kerb-crypto/1.0.1/kerb-crypto-1.0.1.jar:/home/user/.m2/repository/org/apache/kerby/kerb-util/1.0.1/kerb-util-1.0.1.jar:/home/user/.m2/repository/org/apache/kerby/token-provider/1.0.1/token-provider-1.0.1.jar:/home/user/.m2/repository/org/apache/kerby/kerb-admin/1.0.1/kerb-admin-1.0.1.jar:/home/user/.m2/repository/org/apache/kerby/kerb-server/1.0.1/kerb-server-1.0.1.jar:/home/user/.m2/repository/org/apache/kerby/kerb-identity/1.0.1/kerb-identity-1.0.1.jar:/home/user/.m2/repository/org/apache/kerby/kerby-xdr/1.0.1/kerby-xdr-1.0.1.jar:/home/user/.m2/repository/com/fasterxml/jackson/core/jackson-databind/2.9.9/jackson-databind-2.9.9.jar:/home/user/.m2/repository/com/fasterxml/jackson/core/jackson-annotations/2.9.9/jackson-annotations-2.9.9.jar:/home/user/.m2/repository/com/fasterxml/jackson/core/jackson-core/2.9.9/jackson-core-2.9.9.jar:/home/user/.m2/repository/org/codehaus/woodstox/stax2-api/3.1.4/stax2-api-3.1.4.jar:/home/user/.m2/repository/com/fasterxml/woodstox/woodstox-core/5.0.3/woodstox-core-5.0.3.jar:/home/user/.m2/repository/dnsjava/dnsjava/2.1.7/dnsjava-2.1.7.jar:/home/user/.m2/repository/org/apache/hadoop/hadoop-hdfs/3.2.0/hadoop-hdfs-3.2.0.jar:/home/user/.m2/repository/org/eclipse/jetty/jetty-util-ajax/9.3.25.v20180904/jetty-util-ajax-9.3.25.v20180904.jar:/home/user/.m2/repository/commons-daemon/commons-daemon/1.0.13/commons-daemon-1.0.13.jar:/home/user/.m2/repository/io/netty/netty/3.10.5.Final/netty-3.10.5.Final.jar:/home/user/.m2/repository/io/netty/netty-all/4.0.52.Final/netty-all-4.0.52.Final.jar:/home/user/.m2/repository/org/fusesource/leveldbjni/leveldbjni-all/1.8/leveldbjni-all-1.8.jar:/home/user/.m2/repository/org/apache/hadoop/hadoop-hdds-common/0.5.0-SNAPSHOT/hadoop-hdds-common-0.5.0-SNAPSHOT.jar:/home/user/.m2/repository/org/apache/hadoop/hadoop-hdds-config/0.5.0-SNAPSHOT/hadoop-hdds-config-0.5.0-SNAPSHOT.jar:/home/user/.m2/repository/javax/annotation/javax.annotation-api/1.2/javax.annotation-api-1.2.jar:/home/user/.m2/repository/org/apache/ratis/ratis-server/0.4.0/ratis-server-0.4.0.jar:/home/user/.m2/repository/org/apache/ratis/ratis-thirdparty-misc/0.2.0/ratis-thirdparty-misc-0.2.0.jar:/home/user/.m2/repository/org/apache/ratis/ratis-proto/0.4.0/ratis-proto-0.4.0.jar:/home/user/.m2/repository/org/apache/ratis/ratis-common/0.4.0/ratis-common-0.4.0.jar:/home/user/.m2/repository/org/apache/ratis/ratis-client/0.4.0/ratis-client-0.4.0.jar:/home/user/.m2/repository/org/apache/ratis/ratis-metrics/0.4.0/ratis-metrics-0.4.0.jar:/home/user/.m2/repository/com/github/joshelser/dropwizard-metrics-hadoop-metrics2-reporter/0.1.2/dropwizard-metrics-hadoop-metrics2-reporter-0.1.2.jar:/home/user/.m2/repository/io/dropwizard/metrics/metrics-jvm/3.2.5/metrics-jvm-3.2.5.jar:/home/user/.m2/repository/io/dropwizard/metrics/metrics-ganglia/3.2.5/metrics-ganglia-3.2.5.jar:/home/user/.m2/repository/info/ganglia/gmetric4j/gmetric4j/1.0.7/gmetric4j-1.0.7.jar:/home/user/.m2/repository/org/apache/ratis/ratis-netty/0.4.0/ratis-netty-0.4.0.jar:/home/user/.m2/repository/org/apache/ratis/ratis-grpc/0.4.0/ratis-grpc-0.4.0.jar:/home/user/.m2/repository/org/rocksdb/rocksdbjni/6.0.1/rocksdbjni-6.0.1.jar:/home/user/.m2/repository/org/apache/logging/log4j/log4j-api/2.11.0/log4j-api-2.11.0.jar:/home/user/.m2/repository/org/apache/logging/log4j/log4j-core/2.11.0/log4j-core-2.11.0.jar:/home/user/.m2/repository/com/lmax/disruptor/3.4.2/disruptor-3.4.2.jar:/home/user/.m2/repository/org/apache/commons/commons-pool2/2.6.0/commons-pool2-2.6.0.jar:/home/user/.m2/repository/org/bouncycastle/bcpkix-jdk15on/1.60/bcpkix-jdk15on-1.60.jar:/home/user/.m2/repository/commons-validator/commons-validator/1.6/commons-validator-1.6.jar:/home/user/.m2/repository/commons-digester/commons-digester/1.8.1/commons-digester-1.8.1.jar:/home/user/.m2/repository/io/jaegertracing/jaeger-client/0.34.0/jaeger-client-0.34.0.jar:/home/user/.m2/repository/io/jaegertracing/jaeger-thrift/0.34.0/jaeger-thrift-0.34.0.jar:/home/user/.m2/repository/org/apache/thrift/libthrift/0.12.0/libthrift-0.12.0.jar:/home/user/.m2/repository/com/squareup/okhttp3/okhttp/3.9.0/okhttp-3.9.0.jar:/home/user/.m2/repository/com/squareup/okio/okio/1.13.0/okio-1.13.0.jar:/home/user/.m2/repository/io/jaegertracing/jaeger-core/0.34.0/jaeger-core-0.34.0.jar:/home/user/.m2/repository/io/jaegertracing/jaeger-tracerresolver/0.34.0/jaeger-tracerresolver-0.34.0.jar:/home/user/.m2/repository/io/opentracing/contrib/opentracing-tracerresolver/0.1.5/opentracing-tracerresolver-0.1.5.jar:/home/user/.m2/repository/io/opentracing/opentracing-util/0.31.0/opentracing-util-0.31.0.jar:/home/user/.m2/repository/io/opentracing/opentracing-api/0.31.0/opentracing-api-0.31.0.jar:/home/user/.m2/repository/io/opentracing/opentracing-noop/0.31.0/opentracing-noop-0.31.0.jar:/home/user/.m2/repository/org/yaml/snakeyaml/1.16/snakeyaml-1.16.jar:/home/user/.m2/repository/org/apache/hadoop/hadoop-hdfs-client/3.2.0/hadoop-hdfs-client-3.2.0.jar:/home/user/.m2/repository/info/picocli/picocli/3.9.6/picocli-3.9.6.jar:/home/user/.m2/repository/org/apache/hadoop/hadoop-hdds-server-scm/0.5.0-SNAPSHOT/hadoop-hdds-server-scm-0.5.0-SNAPSHOT.jar:/home/user/.m2/repository/org/apache/hadoop/hadoop-hdds-docs/0.5.0-SNAPSHOT/hadoop-hdds-docs-0.5.0-SNAPSHOT.jar:/home/user/.m2/repository/io/dropwizard/metrics/metrics-core/3.2.4/metrics-core-3.2.4.jar:/home/user/.m2/repository/org/hamcrest/hamcrest-all/1.3/hamcrest-all-1.3.jar:/home/user/.m2/repository/org/bouncycastle/bcprov-jdk15on/1.60/bcprov-jdk15on-1.60.jar:/home/user/.m2/repository/org/apache/hadoop/hadoop-hdds-server-framework/0.5.0-SNAPSHOT/hadoop-hdds-server-framework-0.5.0-SNAPSHOT.jar:/home/user/.m2/repository/org/apache/hadoop/hadoop-ozone-ozone-manager/0.5.0-SNAPSHOT/hadoop-ozone-ozone-manager-0.5.0-SNAPSHOT.jar:/home/user/.m2/repository/org/apache/hadoop/hadoop-hdds-container-service/0.5.0-SNAPSHOT/hadoop-hdds-container-service-0.5.0-SNAPSHOT.jar:/home/user/.m2/repository/org/apache/hadoop/hadoop-hdds-client/0.5.0-SNAPSHOT/hadoop-hdds-client-0.5.0-SNAPSHOT.jar:/home/user/.m2/repository/org/apache/hadoop/hadoop-ozone-common/0.5.0-SNAPSHOT/hadoop-ozone-common-0.5.0-SNAPSHOT.jar:/home/user/.m2/repository/org/apache/hadoop/hadoop-hdds-tools/0.5.0-SNAPSHOT/hadoop-hdds-tools-0.5.0-SNAPSHOT.jar:/home/user/.m2/repository/org/xerial/sqlite-jdbc/3.25.2/sqlite-jdbc-3.25.2.jar:/home/user/.m2/repository/com/google/code/findbugs/findbugs/3.0.1/findbugs-3.0.1.jar:/home/user/.m2/repository/net/jcip/jcip-annotations/1.0/jcip-annotations-1.0.jar:/home/user/.m2/repository/com/google/code/findbugs/bcel-findbugs/6.0/bcel-findbugs-6.0.jar:/home/user/.m2/repository/com/google/code/findbugs/jFormatString/2.0.1/jFormatString-2.0.1.jar:/home/user/.m2/repository/dom4j/dom4j/1.6.1/dom4j-1.6.1.jar:/home/user/.m2/repository/xml-apis/xml-apis/1.0.b2/xml-apis-1.0.b2.jar:/home/user/.m2/repository/org/ow2/asm/asm-debug-all/5.0.2/asm-debug-all-5.0.2.jar:/home/user/.m2/repository/org/ow2/asm/asm-commons/5.0.2/asm-commons-5.0.2.jar:/home/user/.m2/repository/org/ow2/asm/asm-tree/5.0.2/asm-tree-5.0.2.jar:/home/user/.m2/repository/org/ow2/asm/asm/5.0.4/asm-5.0.4.jar:/home/user/.m2/repository/commons-lang/commons-lang/2.6/commons-lang-2.6.jar:/home/user/.m2/repository/com/apple/AppleJavaExtensions/1.4/AppleJavaExtensions-1.4.jar:/home/user/.m2/repository/jaxen/jaxen/1.1.6/jaxen-1.1.6.jar:/home/user/.m2/repository/org/apache/hadoop/hadoop-common/3.2.0/hadoop-common-3.2.0-tests.jar:/home/user/.m2/repository/org/apache/hadoop/hadoop-ozone-client/0.5.0-SNAPSHOT/hadoop-ozone-client-0.5.0-SNAPSHOT.jar:/home/user/.m2/repository/org/apache/hadoop/hadoop-hdfs/3.2.0/hadoop-hdfs-3.2.0-tests.jar:/workdir/hadoop-ozone/integration-test/target/test-classes:/home/user/.m2/repository/org/apache/hadoop/hadoop-ozone-s3gateway/0.5.0-SNAPSHOT/hadoop-ozone-s3gateway-0.5.0-SNAPSHOT.jar:/home/user/.m2/repository/org/jboss/weld/servlet/weld-servlet/2.4.7.Final/weld-servlet-2.4.7.Final.jar:/home/user/.m2/repository/org/glassfish/jersey/containers/jersey-container-servlet-core/2.27/jersey-container-servlet-core-2.27.jar:/home/user/.m2/repository/org/glassfish/hk2/external/javax.inject/2.5.0-b42/javax.inject-2.5.0-b42.jar:/home/user/.m2/repository/org/glassfish/jersey/core/jersey-common/2.27/jersey-common-2.27.jar:/home/user/.m2/repository/org/glassfish/hk2/osgi-resource-locator/1.0.1/osgi-resource-locator-1.0.1.jar:/home/user/.m2/repository/javax/ws/rs/javax.ws.rs-api/2.1/javax.ws.rs-api-2.1.jar:/home/user/.m2/repository/org/glassfish/jersey/ext/cdi/jersey-cdi1x/2.27/jersey-cdi1x-2.27.jar:/home/user/.m2/repository/org/glassfish/jersey/inject/jersey-hk2/2.27/jersey-hk2-2.27.jar:/home/user/.m2/repository/org/glassfish/hk2/hk2-locator/2.5.0-b42/hk2-locator-2.5.0-b42.jar:/home/user/.m2/repository/org/javassist/javassist/3.22.0-CR2/javassist-3.22.0-CR2.jar:/home/user/.m2/repository/org/glassfish/hk2/hk2-api/2.5.0/hk2-api-2.5.0.jar:/home/user/.m2/repository/org/glassfish/hk2/external/jakarta.inject/2.5.0/jakarta.inject-2.5.0.jar:/home/user/.m2/repository/org/glassfish/hk2/hk2-utils/2.5.0/hk2-utils-2.5.0.jar:/home/user/.m2/repository/jakarta/annotation/jakarta.annotation-api/1.3.4/jakarta.annotation-api-1.3.4.jar:/home/user/.m2/repository/org/glassfish/hk2/external/aopalliance-repackaged/2.5.0/aopalliance-repackaged-2.5.0.jar:/home/user/.m2/repository/com/fasterxml/jackson/dataformat/jackson-dataformat-xml/2.9.0/jackson-dataformat-xml-2.9.0.jar:/home/user/.m2/repository/com/fasterxml/jackson/module/jackson-module-jaxb-annotations/2.9.9/jackson-module-jaxb-annotations-2.9.9.jar:/home/user/.m2/repository/javax/enterprise/cdi-api/1.2/cdi-api-1.2.jar:/home/user/.m2/repository/javax/el/javax.el-api/3.0.0/javax.el-api-3.0.0.jar:/home/user/.m2/repository/javax/interceptor/javax.interceptor-api/1.2/javax.interceptor-api-1.2.jar:/home/user/.m2/repository/javax/inject/javax.inject/1/javax.inject-1.jar:/home/user/.m2/repository/com/sun/xml/bind/jaxb-core/2.3.0.1/jaxb-core-2.3.0.1.jar:/home/user/.m2/repository/javax/xml/bind/jaxb-api/2.3.0/jaxb-api-2.3.0.jar:/home/user/.m2/repository/javax/activation/activation/1.1.1/activation-1.1.1.jar:/home/user/.m2/repository/org/apache/hadoop/hadoop-ozone-csi/0.5.0-SNAPSHOT/hadoop-ozone-csi-0.5.0-SNAPSHOT.jar:/home/user/.m2/repository/com/google/protobuf/protobuf-java-util/3.5.1/protobuf-java-util-3.5.1.jar:/home/user/.m2/repository/io/grpc/grpc-netty/1.17.1/grpc-netty-1.17.1.jar:/home/user/.m2/repository/io/grpc/grpc-core/1.17.1/grpc-core-1.17.1.jar:/home/user/.m2/repository/io/grpc/grpc-context/1.17.1/grpc-context-1.17.1.jar:/home/user/.m2/repository/com/google/errorprone/error_prone_annotations/2.2.0/error_prone_annotations-2.2.0.jar:/home/user/.m2/repository/org/codehaus/mojo/animal-sniffer-annotations/1.17/animal-sniffer-annotations-1.17.jar:/home/user/.m2/repository/io/opencensus/opencensus-api/0.17.0/opencensus-api-0.17.0.jar:/home/user/.m2/repository/io/opencensus/opencensus-contrib-grpc-metrics/0.17.0/opencensus-contrib-grpc-metrics-0.17.0.jar:/home/user/.m2/repository/io/netty/netty-codec-http2/4.1.30.Final/netty-codec-http2-4.1.30.Final.jar:/home/user/.m2/repository/io/netty/netty-codec-http/4.1.30.Final/netty-codec-http-4.1.30.Final.jar:/home/user/.m2/repository/io/netty/netty-codec/4.1.30.Final/netty-codec-4.1.30.Final.jar:/home/user/.m2/repository/io/netty/netty-handler/4.1.30.Final/netty-handler-4.1.30.Final.jar:/home/user/.m2/repository/io/netty/netty-handler-proxy/4.1.30.Final/netty-handler-proxy-4.1.30.Final.jar:/home/user/.m2/repository/io/netty/netty-codec-socks/4.1.30.Final/netty-codec-socks-4.1.30.Final.jar:/home/user/.m2/repository/io/netty/netty-transport-native-epoll/4.1.30.Final/netty-transport-native-epoll-4.1.30.Final.jar:/home/user/.m2/repository/io/netty/netty-common/4.1.30.Final/netty-common-4.1.30.Final.jar:/home/user/.m2/repository/io/netty/netty-buffer/4.1.30.Final/netty-buffer-4.1.30.Final.jar:/home/user/.m2/repository/io/netty/netty-transport/4.1.30.Final/netty-transport-4.1.30.Final.jar:/home/user/.m2/repository/io/netty/netty-resolver/4.1.30.Final/netty-resolver-4.1.30.Final.jar:/home/user/.m2/repository/io/netty/netty-transport-native-unix-common/4.1.30.Final/netty-transport-native-unix-common-4.1.30.Final.jar:/home/user/.m2/repository/io/grpc/grpc-protobuf/1.17.1/grpc-protobuf-1.17.1.jar:/home/user/.m2/repository/com/google/api/grpc/proto-google-common-protos/1.0.0/proto-google-common-protos-1.0.0.jar:/home/user/.m2/repository/io/grpc/grpc-protobuf-lite/1.17.1/grpc-protobuf-lite-1.17.1.jar:/home/user/.m2/repository/io/grpc/grpc-stub/1.17.1/grpc-stub-1.17.1.jar:/home/user/.m2/repository/org/apache/hadoop/hadoop-ozone-recon/0.5.0-SNAPSHOT/hadoop-ozone-recon-0.5.0-SNAPSHOT.jar:/home/user/.m2/repository/org/apache/hadoop/hadoop-ozone-reconcodegen/0.5.0-SNAPSHOT/hadoop-ozone-reconcodegen-0.5.0-SNAPSHOT.jar:/home/user/.m2/repository/com/google/inject/extensions/guice-multibindings/4.0/guice-multibindings-4.0.jar:/home/user/.m2/repository/com/google/inject/guice/4.0/guice-4.0.jar:/home/user/.m2/repository/aopalliance/aopalliance/1.0/aopalliance-1.0.jar:/home/user/.m2/repository/org/glassfish/jersey/containers/jersey-container-servlet/2.27/jersey-container-servlet-2.27.jar:/home/user/.m2/repository/org/glassfish/hk2/guice-bridge/2.5.0/guice-bridge-2.5.0.jar:/home/user/.m2/repository/org/glassfish/jersey/core/jersey-server/2.27/jersey-server-2.27.jar:/home/user/.m2/repository/org/glassfish/jersey/core/jersey-client/2.27/jersey-client-2.27.jar:/home/user/.m2/repository/org/glassfish/jersey/media/jersey-media-jaxb/2.27/jersey-media-jaxb-2.27.jar:/home/user/.m2/repository/javax/validation/validation-api/1.1.0.Final/validation-api-1.1.0.Final.jar:/home/user/.m2/repository/org/glassfish/jersey/media/jersey-media-json-jackson/2.27/jersey-media-json-jackson-2.27.jar:/home/user/.m2/repository/org/glassfish/jersey/ext/jersey-entity-filtering/2.27/jersey-entity-filtering-2.27.jar:/home/user/.m2/repository/com/google/inject/extensions/guice-assistedinject/4.0/guice-assistedinject-4.0.jar:/home/user/.m2/repository/org/jooq/jooq/3.11.10/jooq-3.11.10.jar:/home/user/.m2/repository/org/jooq/jooq-meta/3.11.10/jooq-meta-3.11.10.jar:/home/user/.m2/repository/org/jooq/jooq-codegen/3.11.10/jooq-codegen-3.11.10.jar:/home/user/.m2/repository/com/jolbox/bonecp/0.8.0.RELEASE/bonecp-0.8.0.RELEASE.jar:/home/user/.m2/repository/org/springframework/spring-jdbc/5.1.3.RELEASE/spring-jdbc-5.1.3.RELEASE.jar:/home/user/.m2/repository/org/springframework/spring-beans/5.1.3.RELEASE/spring-beans-5.1.3.RELEASE.jar:/home/user/.m2/repository/org/springframework/spring-core/5.1.3.RELEASE/spring-core-5.1.3.RELEASE.jar:/home/user/.m2/repository/org/springframework/spring-jcl/5.1.3.RELEASE/spring-jcl-5.1.3.RELEASE.jar:/home/user/.m2/repository/org/springframework/spring-tx/5.1.3.RELEASE/spring-tx-5.1.3.RELEASE.jar:/home/user/.m2/repository/org/mockito/mockito-all/1.10.19/mockito-all-1.10.19.jar:/home/user/.m2/repository/junit/junit/4.11/junit-4.11.jar:/home/user/.m2/repository/org/hamcrest/hamcrest-core/1.3/hamcrest-core-1.3.jar:/home/user/.m2/repository/org/apache/hadoop/hadoop-distcp/3.2.0/hadoop-distcp-3.2.0.jar:/home/user/.m2/repository/org/apache/hadoop/hadoop-distcp/3.2.0/hadoop-distcp-3.2.0-tests.jar:/home/user/.m2/repository/org/apache/hadoop/hadoop-mapreduce-client-jobclient/3.2.0/hadoop-mapreduce-client-jobclient-3.2.0.jar:/home/user/.m2/repository/org/apache/hadoop/hadoop-mapreduce-client-common/3.2.0/hadoop-mapreduce-client-common-3.2.0.jar:/home/user/.m2/repository/org/apache/hadoop/hadoop-yarn-common/3.2.0/hadoop-yarn-common-3.2.0.jar:/home/user/.m2/repository/org/apache/hadoop/hadoop-yarn-api/3.2.0/hadoop-yarn-api-3.2.0.jar:/home/user/.m2/repository/com/sun/jersey/jersey-client/1.19/jersey-client-1.19.jar:/home/user/.m2/repository/com/sun/jersey/contribs/jersey-guice/1.19/jersey-guice-1.19.jar:/home/user/.m2/repository/com/fasterxml/jackson/jaxrs/jackson-jaxrs-json-provider/2.9.9/jackson-jaxrs-json-provider-2.9.9.jar:/home/user/.m2/repository/com/fasterxml/jackson/jaxrs/jackson-jaxrs-base/2.9.9/jackson-jaxrs-base-2.9.9.jar:/home/user/.m2/repository/org/apache/hadoop/hadoop-yarn-client/3.2.0/hadoop-yarn-client-3.2.0.jar:/home/user/.m2/repository/org/apache/hadoop/hadoop-mapreduce-client-core/3.2.0/hadoop-mapreduce-client-core-3.2.0.jar:/home/user/.m2/repository/com/google/inject/extensions/guice-servlet/4.0/guice-servlet-4.0.jar:/home/user/.m2/repository/org/powermock/powermock-module-junit4/1.6.5/powermock-module-junit4-1.6.5.jar:/home/user/.m2/repository/org/powermock/powermock-module-junit4-common/1.6.5/powermock-module-junit4-common-1.6.5.jar:/home/user/.m2/repository/org/powermock/powermock-core/1.6.5/powermock-core-1.6.5.jar:/home/user/.m2/repository/org/powermock/powermock-reflect/1.6.5/powermock-reflect-1.6.5.jar:/home/user/.m2/repository/org/powermock/powermock-api-mockito/1.6.5/powermock-api-mockito-1.6.5.jar:/home/user/.m2/repository/org/mockito/mockito-core/1.10.19/mockito-core-1.10.19.jar:/home/user/.m2/repository/org/objenesis/objenesis/1.0/objenesis-1.0.jar:/home/user/.m2/repository/org/powermock/powermock-api-mockito-common/1.6.5/powermock-api-mockito-common-1.6.5.jar:/home/user/.m2/repository/org/powermock/powermock-api-support/1.6.5/powermock-api-support-1.6.5.jar:"/>
    <property name="java.vm.vendor" value="IcedTea"/>
    <property name="sun.arch.data.model" value="64"/>
    <property name="test.build.dir" value="/workdir/hadoop-ozone/ozonefs/target/test-dir"/>
    <property name="test.cache.data" value=""/>
    <property name="java.vendor.url" value="https://icedtea.classpath.org"/>
    <property name="user.timezone" value=""/>
    <property name="java.vm.specification.version" value="1.8"/>
    <property name="os.name" value="Linux"/>
    <property name="test.build.data" value="/workdir/hadoop-ozone/ozonefs/target/test-dir"/>
    <property name="user.country" value="US"/>
    <property name="sun.java.launcher" value="SUN_STANDARD"/>
    <property name="sun.boot.library.path" value="/usr/lib/jvm/java-1.8-openjdk/jre/lib/amd64"/>
    <property name="sun.java.command" value="/workdir/hadoop-ozone/ozonefs/target/surefire/surefirebooter837078504639497839.jar /workdir/hadoop-ozone/ozonefs/target/surefire 2019-09-25T04-13-15_280-jvmRun1 surefire1191696651480025289tmp surefire_1023265377097879716510tmp"/>
    <property name="test" value="!TestMiniChaosOzoneCluster"/>
    <property name="surefire.test.class.path" value="/workdir/hadoop-ozone/ozonefs/target/test-classes:/workdir/hadoop-ozone/ozonefs/target/classes:/home/user/.m2/repository/org/apache/hadoop/hadoop-common/3.2.0/hadoop-common-3.2.0.jar:/home/user/.m2/repository/org/apache/hadoop/hadoop-annotations/3.2.0/hadoop-annotations-3.2.0.jar:/usr/lib/jvm/java-1.8-openjdk/jre/../lib/tools.jar:/home/user/.m2/repository/com/google/guava/guava/11.0.2/guava-11.0.2.jar:/home/user/.m2/repository/commons-cli/commons-cli/1.2/commons-cli-1.2.jar:/home/user/.m2/repository/org/apache/commons/commons-math3/3.1.1/commons-math3-3.1.1.jar:/home/user/.m2/repository/org/apache/httpcomponents/httpclient/4.5.2/httpclient-4.5.2.jar:/home/user/.m2/repository/org/apache/httpcomponents/httpcore/4.4.4/httpcore-4.4.4.jar:/home/user/.m2/repository/commons-codec/commons-codec/1.11/commons-codec-1.11.jar:/home/user/.m2/repository/commons-io/commons-io/2.5/commons-io-2.5.jar:/home/user/.m2/repository/commons-net/commons-net/3.6/commons-net-3.6.jar:/home/user/.m2/repository/commons-collections/commons-collections/3.2.2/commons-collections-3.2.2.jar:/home/user/.m2/repository/javax/servlet/javax.servlet-api/3.1.0/javax.servlet-api-3.1.0.jar:/home/user/.m2/repository/org/eclipse/jetty/jetty-server/9.3.25.v20180904/jetty-server-9.3.25.v20180904.jar:/home/user/.m2/repository/org/eclipse/jetty/jetty-http/9.3.25.v20180904/jetty-http-9.3.25.v20180904.jar:/home/user/.m2/repository/org/eclipse/jetty/jetty-io/9.3.25.v20180904/jetty-io-9.3.25.v20180904.jar:/home/user/.m2/repository/org/eclipse/jetty/jetty-util/9.3.25.v20180904/jetty-util-9.3.25.v20180904.jar:/home/user/.m2/repository/org/eclipse/jetty/jetty-servlet/9.3.25.v20180904/jetty-servlet-9.3.25.v20180904.jar:/home/user/.m2/repository/org/eclipse/jetty/jetty-security/9.3.25.v20180904/jetty-security-9.3.25.v20180904.jar:/home/user/.m2/repository/org/eclipse/jetty/jetty-webapp/9.3.25.v20180904/jetty-webapp-9.3.25.v20180904.jar:/home/user/.m2/repository/org/eclipse/jetty/jetty-xml/9.3.25.v20180904/jetty-xml-9.3.25.v20180904.jar:/home/user/.m2/repository/javax/servlet/jsp/jsp-api/2.1/jsp-api-2.1.jar:/home/user/.m2/repository/com/sun/jersey/jersey-core/1.19/jersey-core-1.19.jar:/home/user/.m2/repository/javax/ws/rs/jsr311-api/1.1.1/jsr311-api-1.1.1.jar:/home/user/.m2/repository/com/sun/jersey/jersey-servlet/1.19/jersey-servlet-1.19.jar:/home/user/.m2/repository/com/sun/jersey/jersey-json/1.19/jersey-json-1.19.jar:/home/user/.m2/repository/org/codehaus/jettison/jettison/1.1/jettison-1.1.jar:/home/user/.m2/repository/com/sun/xml/bind/jaxb-impl/2.3.0.1/jaxb-impl-2.3.0.1.jar:/home/user/.m2/repository/org/codehaus/jackson/jackson-core-asl/1.9.13/jackson-core-asl-1.9.13.jar:/home/user/.m2/repository/org/codehaus/jackson/jackson-mapper-asl/1.9.13/jackson-mapper-asl-1.9.13.jar:/home/user/.m2/repository/org/codehaus/jackson/jackson-jaxrs/1.9.13/jackson-jaxrs-1.9.13.jar:/home/user/.m2/repository/org/codehaus/jackson/jackson-xc/1.9.13/jackson-xc-1.9.13.jar:/home/user/.m2/repository/com/sun/jersey/jersey-server/1.19/jersey-server-1.19.jar:/home/user/.m2/repository/commons-logging/commons-logging/1.1.3/commons-logging-1.1.3.jar:/home/user/.m2/repository/log4j/log4j/1.2.17/log4j-1.2.17.jar:/home/user/.m2/repository/commons-beanutils/commons-beanutils/1.9.4/commons-beanutils-1.9.4.jar:/home/user/.m2/repository/org/apache/commons/commons-configuration2/2.1.1/commons-configuration2-2.1.1.jar:/home/user/.m2/repository/org/apache/commons/commons-lang3/3.7/commons-lang3-3.7.jar:/home/user/.m2/repository/org/apache/commons/commons-text/1.4/commons-text-1.4.jar:/home/user/.m2/repository/org/slf4j/slf4j-api/1.7.25/slf4j-api-1.7.25.jar:/home/user/.m2/repository/org/slf4j/slf4j-log4j12/1.7.25/slf4j-log4j12-1.7.25.jar:/home/user/.m2/repository/org/apache/avro/avro/1.7.7/avro-1.7.7.jar:/home/user/.m2/repository/com/thoughtworks/paranamer/paranamer/2.3/paranamer-2.3.jar:/home/user/.m2/repository/org/xerial/snappy/snappy-java/1.0.5/snappy-java-1.0.5.jar:/home/user/.m2/repository/com/google/re2j/re2j/1.1/re2j-1.1.jar:/home/user/.m2/repository/com/google/protobuf/protobuf-java/2.5.0/protobuf-java-2.5.0.jar:/home/user/.m2/repository/com/google/code/gson/gson/2.2.4/gson-2.2.4.jar:/home/user/.m2/repository/org/apache/hadoop/hadoop-auth/3.2.0/hadoop-auth-3.2.0.jar:/home/user/.m2/repository/com/nimbusds/nimbus-jose-jwt/4.41.1/nimbus-jose-jwt-4.41.1.jar:/home/user/.m2/repository/com/github/stephenc/jcip/jcip-annotations/1.0-1/jcip-annotations-1.0-1.jar:/home/user/.m2/repository/net/minidev/json-smart/2.3/json-smart-2.3.jar:/home/user/.m2/repository/net/minidev/accessors-smart/1.2/accessors-smart-1.2.jar:/home/user/.m2/repository/org/apache/curator/curator-framework/2.12.0/curator-framework-2.12.0.jar:/home/user/.m2/repository/com/jcraft/jsch/0.1.54/jsch-0.1.54.jar:/home/user/.m2/repository/org/apache/curator/curator-client/2.12.0/curator-client-2.12.0.jar:/home/user/.m2/repository/org/apache/curator/curator-recipes/2.12.0/curator-recipes-2.12.0.jar:/home/user/.m2/repository/com/google/code/findbugs/jsr305/3.0.0/jsr305-3.0.0.jar:/home/user/.m2/repository/org/apache/htrace/htrace-core4/4.1.0-incubating/htrace-core4-4.1.0-incubating.jar:/home/user/.m2/repository/org/apache/zookeeper/zookeeper/3.4.13/zookeeper-3.4.13.jar:/home/user/.m2/repository/jline/jline/0.9.94/jline-0.9.94.jar:/home/user/.m2/repository/org/apache/yetus/audience-annotations/0.5.0/audience-annotations-0.5.0.jar:/home/user/.m2/repository/org/apache/commons/commons-compress/1.4.1/commons-compress-1.4.1.jar:/home/user/.m2/repository/org/tukaani/xz/1.0/xz-1.0.jar:/home/user/.m2/repository/org/apache/kerby/kerb-simplekdc/1.0.1/kerb-simplekdc-1.0.1.jar:/home/user/.m2/repository/org/apache/kerby/kerb-client/1.0.1/kerb-client-1.0.1.jar:/home/user/.m2/repository/org/apache/kerby/kerby-config/1.0.1/kerby-config-1.0.1.jar:/home/user/.m2/repository/org/apache/kerby/kerb-core/1.0.1/kerb-core-1.0.1.jar:/home/user/.m2/repository/org/apache/kerby/kerby-pkix/1.0.1/kerby-pkix-1.0.1.jar:/home/user/.m2/repository/org/apache/kerby/kerby-asn1/1.0.1/kerby-asn1-1.0.1.jar:/home/user/.m2/repository/org/apache/kerby/kerby-util/1.0.1/kerby-util-1.0.1.jar:/home/user/.m2/repository/org/apache/kerby/kerb-common/1.0.1/kerb-common-1.0.1.jar:/home/user/.m2/repository/org/apache/kerby/kerb-crypto/1.0.1/kerb-crypto-1.0.1.jar:/home/user/.m2/repository/org/apache/kerby/kerb-util/1.0.1/kerb-util-1.0.1.jar:/home/user/.m2/repository/org/apache/kerby/token-provider/1.0.1/token-provider-1.0.1.jar:/home/user/.m2/repository/org/apache/kerby/kerb-admin/1.0.1/kerb-admin-1.0.1.jar:/home/user/.m2/repository/org/apache/kerby/kerb-server/1.0.1/kerb-server-1.0.1.jar:/home/user/.m2/repository/org/apache/kerby/kerb-identity/1.0.1/kerb-identity-1.0.1.jar:/home/user/.m2/repository/org/apache/kerby/kerby-xdr/1.0.1/kerby-xdr-1.0.1.jar:/home/user/.m2/repository/com/fasterxml/jackson/core/jackson-databind/2.9.9/jackson-databind-2.9.9.jar:/home/user/.m2/repository/com/fasterxml/jackson/core/jackson-annotations/2.9.9/jackson-annotations-2.9.9.jar:/home/user/.m2/repository/com/fasterxml/jackson/core/jackson-core/2.9.9/jackson-core-2.9.9.jar:/home/user/.m2/repository/org/codehaus/woodstox/stax2-api/3.1.4/stax2-api-3.1.4.jar:/home/user/.m2/repository/com/fasterxml/woodstox/woodstox-core/5.0.3/woodstox-core-5.0.3.jar:/home/user/.m2/repository/dnsjava/dnsjava/2.1.7/dnsjava-2.1.7.jar:/home/user/.m2/repository/org/apache/hadoop/hadoop-hdfs/3.2.0/hadoop-hdfs-3.2.0.jar:/home/user/.m2/repository/org/eclipse/jetty/jetty-util-ajax/9.3.25.v20180904/jetty-util-ajax-9.3.25.v20180904.jar:/home/user/.m2/repository/commons-daemon/commons-daemon/1.0.13/commons-daemon-1.0.13.jar:/home/user/.m2/repository/io/netty/netty/3.10.5.Final/netty-3.10.5.Final.jar:/home/user/.m2/repository/io/netty/netty-all/4.0.52.Final/netty-all-4.0.52.Final.jar:/home/user/.m2/repository/org/fusesource/leveldbjni/leveldbjni-all/1.8/leveldbjni-all-1.8.jar:/home/user/.m2/repository/org/apache/hadoop/hadoop-hdds-common/0.5.0-SNAPSHOT/hadoop-hdds-common-0.5.0-SNAPSHOT.jar:/home/user/.m2/repository/org/apache/hadoop/hadoop-hdds-config/0.5.0-SNAPSHOT/hadoop-hdds-config-0.5.0-SNAPSHOT.jar:/home/user/.m2/repository/javax/annotation/javax.annotation-api/1.2/javax.annotation-api-1.2.jar:/home/user/.m2/repository/org/apache/ratis/ratis-server/0.4.0/ratis-server-0.4.0.jar:/home/user/.m2/repository/org/apache/ratis/ratis-thirdparty-misc/0.2.0/ratis-thirdparty-misc-0.2.0.jar:/home/user/.m2/repository/org/apache/ratis/ratis-proto/0.4.0/ratis-proto-0.4.0.jar:/home/user/.m2/repository/org/apache/ratis/ratis-common/0.4.0/ratis-common-0.4.0.jar:/home/user/.m2/repository/org/apache/ratis/ratis-client/0.4.0/ratis-client-0.4.0.jar:/home/user/.m2/repository/org/apache/ratis/ratis-metrics/0.4.0/ratis-metrics-0.4.0.jar:/home/user/.m2/repository/com/github/joshelser/dropwizard-metrics-hadoop-metrics2-reporter/0.1.2/dropwizard-metrics-hadoop-metrics2-reporter-0.1.2.jar:/home/user/.m2/repository/io/dropwizard/metrics/metrics-jvm/3.2.5/metrics-jvm-3.2.5.jar:/home/user/.m2/repository/io/dropwizard/metrics/metrics-ganglia/3.2.5/metrics-ganglia-3.2.5.jar:/home/user/.m2/repository/info/ganglia/gmetric4j/gmetric4j/1.0.7/gmetric4j-1.0.7.jar:/home/user/.m2/repository/org/apache/ratis/ratis-netty/0.4.0/ratis-netty-0.4.0.jar:/home/user/.m2/repository/org/apache/ratis/ratis-grpc/0.4.0/ratis-grpc-0.4.0.jar:/home/user/.m2/repository/org/rocksdb/rocksdbjni/6.0.1/rocksdbjni-6.0.1.jar:/home/user/.m2/repository/org/apache/logging/log4j/log4j-api/2.11.0/log4j-api-2.11.0.jar:/home/user/.m2/repository/org/apache/logging/log4j/log4j-core/2.11.0/log4j-core-2.11.0.jar:/home/user/.m2/repository/com/lmax/disruptor/3.4.2/disruptor-3.4.2.jar:/home/user/.m2/repository/org/apache/commons/commons-pool2/2.6.0/commons-pool2-2.6.0.jar:/home/user/.m2/repository/org/bouncycastle/bcpkix-jdk15on/1.60/bcpkix-jdk15on-1.60.jar:/home/user/.m2/repository/commons-validator/commons-validator/1.6/commons-validator-1.6.jar:/home/user/.m2/repository/commons-digester/commons-digester/1.8.1/commons-digester-1.8.1.jar:/home/user/.m2/repository/io/jaegertracing/jaeger-client/0.34.0/jaeger-client-0.34.0.jar:/home/user/.m2/repository/io/jaegertracing/jaeger-thrift/0.34.0/jaeger-thrift-0.34.0.jar:/home/user/.m2/repository/org/apache/thrift/libthrift/0.12.0/libthrift-0.12.0.jar:/home/user/.m2/repository/com/squareup/okhttp3/okhttp/3.9.0/okhttp-3.9.0.jar:/home/user/.m2/repository/com/squareup/okio/okio/1.13.0/okio-1.13.0.jar:/home/user/.m2/repository/io/jaegertracing/jaeger-core/0.34.0/jaeger-core-0.34.0.jar:/home/user/.m2/repository/io/jaegertracing/jaeger-tracerresolver/0.34.0/jaeger-tracerresolver-0.34.0.jar:/home/user/.m2/repository/io/opentracing/contrib/opentracing-tracerresolver/0.1.5/opentracing-tracerresolver-0.1.5.jar:/home/user/.m2/repository/io/opentracing/opentracing-util/0.31.0/opentracing-util-0.31.0.jar:/home/user/.m2/repository/io/opentracing/opentracing-api/0.31.0/opentracing-api-0.31.0.jar:/home/user/.m2/repository/io/opentracing/opentracing-noop/0.31.0/opentracing-noop-0.31.0.jar:/home/user/.m2/repository/org/yaml/snakeyaml/1.16/snakeyaml-1.16.jar:/home/user/.m2/repository/org/apache/hadoop/hadoop-hdfs-client/3.2.0/hadoop-hdfs-client-3.2.0.jar:/home/user/.m2/repository/info/picocli/picocli/3.9.6/picocli-3.9.6.jar:/home/user/.m2/repository/org/apache/hadoop/hadoop-hdds-server-scm/0.5.0-SNAPSHOT/hadoop-hdds-server-scm-0.5.0-SNAPSHOT.jar:/home/user/.m2/repository/org/apache/hadoop/hadoop-hdds-docs/0.5.0-SNAPSHOT/hadoop-hdds-docs-0.5.0-SNAPSHOT.jar:/home/user/.m2/repository/io/dropwizard/metrics/metrics-core/3.2.4/metrics-core-3.2.4.jar:/home/user/.m2/repository/org/hamcrest/hamcrest-all/1.3/hamcrest-all-1.3.jar:/home/user/.m2/repository/org/bouncycastle/bcprov-jdk15on/1.60/bcprov-jdk15on-1.60.jar:/home/user/.m2/repository/org/apache/hadoop/hadoop-hdds-server-framework/0.5.0-SNAPSHOT/hadoop-hdds-server-framework-0.5.0-SNAPSHOT.jar:/home/user/.m2/repository/org/apache/hadoop/hadoop-ozone-ozone-manager/0.5.0-SNAPSHOT/hadoop-ozone-ozone-manager-0.5.0-SNAPSHOT.jar:/home/user/.m2/repository/org/apache/hadoop/hadoop-hdds-container-service/0.5.0-SNAPSHOT/hadoop-hdds-container-service-0.5.0-SNAPSHOT.jar:/home/user/.m2/repository/org/apache/hadoop/hadoop-hdds-client/0.5.0-SNAPSHOT/hadoop-hdds-client-0.5.0-SNAPSHOT.jar:/home/user/.m2/repository/org/apache/hadoop/hadoop-ozone-common/0.5.0-SNAPSHOT/hadoop-ozone-common-0.5.0-SNAPSHOT.jar:/home/user/.m2/repository/org/apache/hadoop/hadoop-hdds-tools/0.5.0-SNAPSHOT/hadoop-hdds-tools-0.5.0-SNAPSHOT.jar:/home/user/.m2/repository/org/xerial/sqlite-jdbc/3.25.2/sqlite-jdbc-3.25.2.jar:/home/user/.m2/repository/com/google/code/findbugs/findbugs/3.0.1/findbugs-3.0.1.jar:/home/user/.m2/repository/net/jcip/jcip-annotations/1.0/jcip-annotations-1.0.jar:/home/user/.m2/repository/com/google/code/findbugs/bcel-findbugs/6.0/bcel-findbugs-6.0.jar:/home/user/.m2/repository/com/google/code/findbugs/jFormatString/2.0.1/jFormatString-2.0.1.jar:/home/user/.m2/repository/dom4j/dom4j/1.6.1/dom4j-1.6.1.jar:/home/user/.m2/repository/xml-apis/xml-apis/1.0.b2/xml-apis-1.0.b2.jar:/home/user/.m2/repository/org/ow2/asm/asm-debug-all/5.0.2/asm-debug-all-5.0.2.jar:/home/user/.m2/repository/org/ow2/asm/asm-commons/5.0.2/asm-commons-5.0.2.jar:/home/user/.m2/repository/org/ow2/asm/asm-tree/5.0.2/asm-tree-5.0.2.jar:/home/user/.m2/repository/org/ow2/asm/asm/5.0.4/asm-5.0.4.jar:/home/user/.m2/repository/commons-lang/commons-lang/2.6/commons-lang-2.6.jar:/home/user/.m2/repository/com/apple/AppleJavaExtensions/1.4/AppleJavaExtensions-1.4.jar:/home/user/.m2/repository/jaxen/jaxen/1.1.6/jaxen-1.1.6.jar:/home/user/.m2/repository/org/apache/hadoop/hadoop-common/3.2.0/hadoop-common-3.2.0-tests.jar:/home/user/.m2/repository/org/apache/hadoop/hadoop-ozone-client/0.5.0-SNAPSHOT/hadoop-ozone-client-0.5.0-SNAPSHOT.jar:/home/user/.m2/repository/org/apache/hadoop/hadoop-hdfs/3.2.0/hadoop-hdfs-3.2.0-tests.jar:/workdir/hadoop-ozone/integration-test/target/test-classes:/home/user/.m2/repository/org/apache/hadoop/hadoop-ozone-s3gateway/0.5.0-SNAPSHOT/hadoop-ozone-s3gateway-0.5.0-SNAPSHOT.jar:/home/user/.m2/repository/org/jboss/weld/servlet/weld-servlet/2.4.7.Final/weld-servlet-2.4.7.Final.jar:/home/user/.m2/repository/org/glassfish/jersey/containers/jersey-container-servlet-core/2.27/jersey-container-servlet-core-2.27.jar:/home/user/.m2/repository/org/glassfish/hk2/external/javax.inject/2.5.0-b42/javax.inject-2.5.0-b42.jar:/home/user/.m2/repository/org/glassfish/jersey/core/jersey-common/2.27/jersey-common-2.27.jar:/home/user/.m2/repository/org/glassfish/hk2/osgi-resource-locator/1.0.1/osgi-resource-locator-1.0.1.jar:/home/user/.m2/repository/javax/ws/rs/javax.ws.rs-api/2.1/javax.ws.rs-api-2.1.jar:/home/user/.m2/repository/org/glassfish/jersey/ext/cdi/jersey-cdi1x/2.27/jersey-cdi1x-2.27.jar:/home/user/.m2/repository/org/glassfish/jersey/inject/jersey-hk2/2.27/jersey-hk2-2.27.jar:/home/user/.m2/repository/org/glassfish/hk2/hk2-locator/2.5.0-b42/hk2-locator-2.5.0-b42.jar:/home/user/.m2/repository/org/javassist/javassist/3.22.0-CR2/javassist-3.22.0-CR2.jar:/home/user/.m2/repository/org/glassfish/hk2/hk2-api/2.5.0/hk2-api-2.5.0.jar:/home/user/.m2/repository/org/glassfish/hk2/external/jakarta.inject/2.5.0/jakarta.inject-2.5.0.jar:/home/user/.m2/repository/org/glassfish/hk2/hk2-utils/2.5.0/hk2-utils-2.5.0.jar:/home/user/.m2/repository/jakarta/annotation/jakarta.annotation-api/1.3.4/jakarta.annotation-api-1.3.4.jar:/home/user/.m2/repository/org/glassfish/hk2/external/aopalliance-repackaged/2.5.0/aopalliance-repackaged-2.5.0.jar:/home/user/.m2/repository/com/fasterxml/jackson/dataformat/jackson-dataformat-xml/2.9.0/jackson-dataformat-xml-2.9.0.jar:/home/user/.m2/repository/com/fasterxml/jackson/module/jackson-module-jaxb-annotations/2.9.9/jackson-module-jaxb-annotations-2.9.9.jar:/home/user/.m2/repository/javax/enterprise/cdi-api/1.2/cdi-api-1.2.jar:/home/user/.m2/repository/javax/el/javax.el-api/3.0.0/javax.el-api-3.0.0.jar:/home/user/.m2/repository/javax/interceptor/javax.interceptor-api/1.2/javax.interceptor-api-1.2.jar:/home/user/.m2/repository/javax/inject/javax.inject/1/javax.inject-1.jar:/home/user/.m2/repository/com/sun/xml/bind/jaxb-core/2.3.0.1/jaxb-core-2.3.0.1.jar:/home/user/.m2/repository/javax/xml/bind/jaxb-api/2.3.0/jaxb-api-2.3.0.jar:/home/user/.m2/repository/javax/activation/activation/1.1.1/activation-1.1.1.jar:/home/user/.m2/repository/org/apache/hadoop/hadoop-ozone-csi/0.5.0-SNAPSHOT/hadoop-ozone-csi-0.5.0-SNAPSHOT.jar:/home/user/.m2/repository/com/google/protobuf/protobuf-java-util/3.5.1/protobuf-java-util-3.5.1.jar:/home/user/.m2/repository/io/grpc/grpc-netty/1.17.1/grpc-netty-1.17.1.jar:/home/user/.m2/repository/io/grpc/grpc-core/1.17.1/grpc-core-1.17.1.jar:/home/user/.m2/repository/io/grpc/grpc-context/1.17.1/grpc-context-1.17.1.jar:/home/user/.m2/repository/com/google/errorprone/error_prone_annotations/2.2.0/error_prone_annotations-2.2.0.jar:/home/user/.m2/repository/org/codehaus/mojo/animal-sniffer-annotations/1.17/animal-sniffer-annotations-1.17.jar:/home/user/.m2/repository/io/opencensus/opencensus-api/0.17.0/opencensus-api-0.17.0.jar:/home/user/.m2/repository/io/opencensus/opencensus-contrib-grpc-metrics/0.17.0/opencensus-contrib-grpc-metrics-0.17.0.jar:/home/user/.m2/repository/io/netty/netty-codec-http2/4.1.30.Final/netty-codec-http2-4.1.30.Final.jar:/home/user/.m2/repository/io/netty/netty-codec-http/4.1.30.Final/netty-codec-http-4.1.30.Final.jar:/home/user/.m2/repository/io/netty/netty-codec/4.1.30.Final/netty-codec-4.1.30.Final.jar:/home/user/.m2/repository/io/netty/netty-handler/4.1.30.Final/netty-handler-4.1.30.Final.jar:/home/user/.m2/repository/io/netty/netty-handler-proxy/4.1.30.Final/netty-handler-proxy-4.1.30.Final.jar:/home/user/.m2/repository/io/netty/netty-codec-socks/4.1.30.Final/netty-codec-socks-4.1.30.Final.jar:/home/user/.m2/repository/io/netty/netty-transport-native-epoll/4.1.30.Final/netty-transport-native-epoll-4.1.30.Final.jar:/home/user/.m2/repository/io/netty/netty-common/4.1.30.Final/netty-common-4.1.30.Final.jar:/home/user/.m2/repository/io/netty/netty-buffer/4.1.30.Final/netty-buffer-4.1.30.Final.jar:/home/user/.m2/repository/io/netty/netty-transport/4.1.30.Final/netty-transport-4.1.30.Final.jar:/home/user/.m2/repository/io/netty/netty-resolver/4.1.30.Final/netty-resolver-4.1.30.Final.jar:/home/user/.m2/repository/io/netty/netty-transport-native-unix-common/4.1.30.Final/netty-transport-native-unix-common-4.1.30.Final.jar:/home/user/.m2/repository/io/grpc/grpc-protobuf/1.17.1/grpc-protobuf-1.17.1.jar:/home/user/.m2/repository/com/google/api/grpc/proto-google-common-protos/1.0.0/proto-google-common-protos-1.0.0.jar:/home/user/.m2/repository/io/grpc/grpc-protobuf-lite/1.17.1/grpc-protobuf-lite-1.17.1.jar:/home/user/.m2/repository/io/grpc/grpc-stub/1.17.1/grpc-stub-1.17.1.jar:/home/user/.m2/repository/org/apache/hadoop/hadoop-ozone-recon/0.5.0-SNAPSHOT/hadoop-ozone-recon-0.5.0-SNAPSHOT.jar:/home/user/.m2/repository/org/apache/hadoop/hadoop-ozone-reconcodegen/0.5.0-SNAPSHOT/hadoop-ozone-reconcodegen-0.5.0-SNAPSHOT.jar:/home/user/.m2/repository/com/google/inject/extensions/guice-multibindings/4.0/guice-multibindings-4.0.jar:/home/user/.m2/repository/com/google/inject/guice/4.0/guice-4.0.jar:/home/user/.m2/repository/aopalliance/aopalliance/1.0/aopalliance-1.0.jar:/home/user/.m2/repository/org/glassfish/jersey/containers/jersey-container-servlet/2.27/jersey-container-servlet-2.27.jar:/home/user/.m2/repository/org/glassfish/hk2/guice-bridge/2.5.0/guice-bridge-2.5.0.jar:/home/user/.m2/repository/org/glassfish/jersey/core/jersey-server/2.27/jersey-server-2.27.jar:/home/user/.m2/repository/org/glassfish/jersey/core/jersey-client/2.27/jersey-client-2.27.jar:/home/user/.m2/repository/org/glassfish/jersey/media/jersey-media-jaxb/2.27/jersey-media-jaxb-2.27.jar:/home/user/.m2/repository/javax/validation/validation-api/1.1.0.Final/validation-api-1.1.0.Final.jar:/home/user/.m2/repository/org/glassfish/jersey/media/jersey-media-json-jackson/2.27/jersey-media-json-jackson-2.27.jar:/home/user/.m2/repository/org/glassfish/jersey/ext/jersey-entity-filtering/2.27/jersey-entity-filtering-2.27.jar:/home/user/.m2/repository/com/google/inject/extensions/guice-assistedinject/4.0/guice-assistedinject-4.0.jar:/home/user/.m2/repository/org/jooq/jooq/3.11.10/jooq-3.11.10.jar:/home/user/.m2/repository/org/jooq/jooq-meta/3.11.10/jooq-meta-3.11.10.jar:/home/user/.m2/repository/org/jooq/jooq-codegen/3.11.10/jooq-codegen-3.11.10.jar:/home/user/.m2/repository/com/jolbox/bonecp/0.8.0.RELEASE/bonecp-0.8.0.RELEASE.jar:/home/user/.m2/repository/org/springframework/spring-jdbc/5.1.3.RELEASE/spring-jdbc-5.1.3.RELEASE.jar:/home/user/.m2/repository/org/springframework/spring-beans/5.1.3.RELEASE/spring-beans-5.1.3.RELEASE.jar:/home/user/.m2/repository/org/springframework/spring-core/5.1.3.RELEASE/spring-core-5.1.3.RELEASE.jar:/home/user/.m2/repository/org/springframework/spring-jcl/5.1.3.RELEASE/spring-jcl-5.1.3.RELEASE.jar:/home/user/.m2/repository/org/springframework/spring-tx/5.1.3.RELEASE/spring-tx-5.1.3.RELEASE.jar:/home/user/.m2/repository/org/mockito/mockito-all/1.10.19/mockito-all-1.10.19.jar:/home/user/.m2/repository/junit/junit/4.11/junit-4.11.jar:/home/user/.m2/repository/org/hamcrest/hamcrest-core/1.3/hamcrest-core-1.3.jar:/home/user/.m2/repository/org/apache/hadoop/hadoop-distcp/3.2.0/hadoop-distcp-3.2.0.jar:/home/user/.m2/repository/org/apache/hadoop/hadoop-distcp/3.2.0/hadoop-distcp-3.2.0-tests.jar:/home/user/.m2/repository/org/apache/hadoop/hadoop-mapreduce-client-jobclient/3.2.0/hadoop-mapreduce-client-jobclient-3.2.0.jar:/home/user/.m2/repository/org/apache/hadoop/hadoop-mapreduce-client-common/3.2.0/hadoop-mapreduce-client-common-3.2.0.jar:/home/user/.m2/repository/org/apache/hadoop/hadoop-yarn-common/3.2.0/hadoop-yarn-common-3.2.0.jar:/home/user/.m2/repository/org/apache/hadoop/hadoop-yarn-api/3.2.0/hadoop-yarn-api-3.2.0.jar:/home/user/.m2/repository/com/sun/jersey/jersey-client/1.19/jersey-client-1.19.jar:/home/user/.m2/repository/com/sun/jersey/contribs/jersey-guice/1.19/jersey-guice-1.19.jar:/home/user/.m2/repository/com/fasterxml/jackson/jaxrs/jackson-jaxrs-json-provider/2.9.9/jackson-jaxrs-json-provider-2.9.9.jar:/home/user/.m2/repository/com/fasterxml/jackson/jaxrs/jackson-jaxrs-base/2.9.9/jackson-jaxrs-base-2.9.9.jar:/home/user/.m2/repository/org/apache/hadoop/hadoop-yarn-client/3.2.0/hadoop-yarn-client-3.2.0.jar:/home/user/.m2/repository/org/apache/hadoop/hadoop-mapreduce-client-core/3.2.0/hadoop-mapreduce-client-core-3.2.0.jar:/home/user/.m2/repository/com/google/inject/extensions/guice-servlet/4.0/guice-servlet-4.0.jar:/home/user/.m2/repository/org/powermock/powermock-module-junit4/1.6.5/powermock-module-junit4-1.6.5.jar:/home/user/.m2/repository/org/powermock/powermock-module-junit4-common/1.6.5/powermock-module-junit4-common-1.6.5.jar:/home/user/.m2/repository/org/powermock/powermock-core/1.6.5/powermock-core-1.6.5.jar:/home/user/.m2/repository/org/powermock/powermock-reflect/1.6.5/powermock-reflect-1.6.5.jar:/home/user/.m2/repository/org/powermock/powermock-api-mockito/1.6.5/powermock-api-mockito-1.6.5.jar:/home/user/.m2/repository/org/mockito/mockito-core/1.10.19/mockito-core-1.10.19.jar:/home/user/.m2/repository/org/objenesis/objenesis/1.0/objenesis-1.0.jar:/home/user/.m2/repository/org/powermock/powermock-api-mockito-common/1.6.5/powermock-api-mockito-common-1.6.5.jar:/home/user/.m2/repository/org/powermock/powermock-api-support/1.6.5/powermock-api-support-1.6.5.jar:"/>
    <property name="sun.cpu.endian" value="little"/>
    <property name="user.home" value="/home/user"/>
    <property name="user.language" value="en"/>
    <property name="java.specification.vendor" value="Oracle Corporation"/>
    <property name="java.home" value="/usr/lib/jvm/java-1.8-openjdk/jre"/>
    <property name="java.security.krb5.conf" value="/workdir/hadoop-ozone/ozonefs/target/test-classes/krb5.conf"/>
    <property name="basedir" value="/workdir/hadoop-ozone/ozonefs"/>
    <property name="file.separator" value="/"/>
    <property name="line.separator" value="&#10;"/>
    <property name="java.vm.specification.vendor" value="Oracle Corporation"/>
    <property name="java.specification.name" value="Java Platform API Specification"/>
    <property name="java.awt.graphicsenv" value="sun.awt.X11GraphicsEnvironment"/>
    <property name="surefire.real.class.path" value="/workdir/hadoop-ozone/ozonefs/target/surefire/surefirebooter837078504639497839.jar"/>
    <property name="hadoop.log.dir" value="/workdir/hadoop-ozone/ozonefs/target/log"/>
    <property name="sun.boot.class.path" value="/usr/lib/jvm/java-1.8-openjdk/jre/lib/resources.jar:/usr/lib/jvm/java-1.8-openjdk/jre/lib/rt.jar:/usr/lib/jvm/java-1.8-openjdk/jre/lib/sunrsasign.jar:/usr/lib/jvm/java-1.8-openjdk/jre/lib/jsse.jar:/usr/lib/jvm/java-1.8-openjdk/jre/lib/jce.jar:/usr/lib/jvm/java-1.8-openjdk/jre/lib/charsets.jar:/usr/lib/jvm/java-1.8-openjdk/jre/lib/jfr.jar:/usr/lib/jvm/java-1.8-openjdk/jre/classes"/>
    <property name="sun.management.compiler" value="HotSpot 64-Bit Tiered Compilers"/>
    <property name="java.runtime.version" value="1.8.0_212-b04"/>
    <property name="java.net.preferIPv4Stack" value="true"/>
    <property name="user.name" value="jenkins1000"/>
    <property name="path.separator" value=":"/>
    <property name="java.security.egd" value="file:///dev/urandom"/>
    <property name="os.version" value="3.10.0-957.12.2.el7.x86_64"/>
    <property name="java.endorsed.dirs" value="/usr/lib/jvm/java-1.8-openjdk/jre/lib/endorsed"/>
    <property name="java.runtime.name" value="OpenJDK Runtime Environment"/>
    <property name="file.encoding" value="UTF-8"/>
    <property name="java.vm.name" value="OpenJDK 64-Bit Server VM"/>
    <property name="test.build.webapps" value=""/>
    <property name="localRepository" value="/home/user/.m2/repository"/>
    <property name="java.vendor.url.bug" value="https://icedtea.classpath.org/bugzilla"/>
    <property name="java.io.tmpdir" value="/tmp"/>
    <property name="require.test.libhadoop" value=""/>
    <property name="java.version" value="1.8.0_212"/>
    <property name="user.dir" value="/workdir/hadoop-ozone/ozonefs"/>
    <property name="os.arch" value="amd64"/>
    <property name="java.vm.specification.name" value="Java Virtual Machine Specification"/>
    <property name="test.build.classes" value="/workdir/hadoop-ozone/ozonefs/target/test-classes"/>
    <property name="java.awt.printerjob" value="sun.print.PSPrinterJob"/>
    <property name="sun.os.patch.level" value="unknown"/>
    <property name="hadoop.tmp.dir" value="/workdir/hadoop-ozone/ozonefs/target/tmp"/>
    <property name="java.library.path" value="/usr/lib/jvm/java-1.8-openjdk/jre/lib/amd64/server:/usr/lib/jvm/java-1.8-openjdk/jre/lib/amd64:/usr/lib/jvm/java-1.8-openjdk/jre/../lib/amd64:/workdir/hadoop-ozone/ozonefs/target/native/target/usr/local/lib:/workdir/hadoop-ozone/ozonefs/../../hadoop-common-project/hadoop-common/target/native/target/usr/local/lib:/usr/java/packages/lib/amd64:/usr/lib64:/lib64:/lib:/usr/lib"/>
    <property name="java.vm.info" value="mixed mode"/>
    <property name="java.vendor" value="IcedTea"/>
    <property name="java.vm.version" value="25.212-b04"/>
    <property name="java.ext.dirs" value="/usr/lib/jvm/java-1.8-openjdk/jre/lib/ext:/usr/java/packages/lib/ext"/>
    <property name="sun.io.unicode.encoding" value="UnicodeLittle"/>
    <property name="java.class.version" value="52.0"/>
  </properties>
  <testcase name="org.apache.hadoop.fs.ozone.TestOzoneFSInputStream" classname="org.apache.hadoop.fs.ozone.TestOzoneFSInputStream" time="106.427">
    <error message="Allocated 0 blocks. Requested 1 blocks" type="INTERNAL_ERROR org.apache.hadoop.ozone.om.exceptions.OMException">INTERNAL_ERROR org.apache.hadoop.ozone.om.exceptions.OMException: Allocated 0 blocks. Requested 1 blocks
	at org.apache.hadoop.ozone.om.protocolPB.OzoneManagerProtocolClientSideTranslatorPB.handleError(OzoneManagerProtocolClientSideTranslatorPB.java:732)
	at org.apache.hadoop.ozone.om.protocolPB.OzoneManagerProtocolClientSideTranslatorPB.createFile(OzoneManagerProtocolClientSideTranslatorPB.java:1536)
	at sun.reflect.NativeMethodAccessorImpl.invoke0(Native Method)
	at sun.reflect.NativeMethodAccessorImpl.invoke(NativeMethodAccessorImpl.java:62)
	at sun.reflect.DelegatingMethodAccessorImpl.invoke(DelegatingMethodAccessorImpl.java:43)
	at java.lang.reflect.Method.invoke(Method.java:498)
	at org.apache.hadoop.hdds.tracing.TraceAllMethod.invoke(TraceAllMethod.java:66)
	at com.sun.proxy.$Proxy37.createFile(Unknown Source)
	at org.apache.hadoop.ozone.client.rpc.RpcClient.createFile(RpcClient.java:1006)
	at org.apache.hadoop.ozone.client.OzoneBucket.createFile(OzoneBucket.java:537)
	at org.apache.hadoop.fs.ozone.BasicOzoneClientAdapterImpl.createFile(BasicOzoneClientAdapterImpl.java:205)
	at org.apache.hadoop.fs.ozone.BasicOzoneFileSystem.createOutputStream(BasicOzoneFileSystem.java:250)
	at org.apache.hadoop.fs.ozone.BasicOzoneFileSystem.create(BasicOzoneFileSystem.java:231)
	at org.apache.hadoop.fs.FileSystem.create(FileSystem.java:1118)
	at org.apache.hadoop.fs.FileSystem.create(FileSystem.java:1098)
	at org.apache.hadoop.fs.FileSystem.create(FileSystem.java:987)
	at org.apache.hadoop.fs.FileSystem.create(FileSystem.java:975)
	at org.apache.hadoop.fs.ozone.TestOzoneFSInputStream.init(TestOzoneFSInputStream.java:86)
	at sun.reflect.NativeMethodAccessorImpl.invoke0(Native Method)
	at sun.reflect.NativeMethodAccessorImpl.invoke(NativeMethodAccessorImpl.java:62)
	at sun.reflect.DelegatingMethodAccessorImpl.invoke(DelegatingMethodAccessorImpl.java:43)
	at java.lang.reflect.Method.invoke(Method.java:498)
	at org.junit.runners.model.FrameworkMethod$1.runReflectiveCall(FrameworkMethod.java:47)
	at org.junit.internal.runners.model.ReflectiveCallable.run(ReflectiveCallable.java:12)
	at org.junit.runners.model.FrameworkMethod.invokeExplosively(FrameworkMethod.java:44)
	at org.junit.internal.runners.statements.RunBefores.evaluate(RunBefores.java:24)
	at org.junit.internal.runners.statements.RunAfters.evaluate(RunAfters.java:27)
	at org.junit.runners.ParentRunner.run(ParentRunner.java:309)
	at org.apache.maven.surefire.junit4.JUnit4Provider.execute(JUnit4Provider.java:365)
	at org.apache.maven.surefire.junit4.JUnit4Provider.executeWithRerun(JUnit4Provider.java:273)
	at org.apache.maven.surefire.junit4.JUnit4Provider.executeTestSet(JUnit4Provider.java:238)
	at org.apache.maven.surefire.junit4.JUnit4Provider.invoke(JUnit4Provider.java:159)
	at org.apache.maven.surefire.booter.ForkedBooter.invokeProviderInSameClassLoader(ForkedBooter.java:384)
	at org.apache.maven.surefire.booter.ForkedBooter.runSuitesInProcess(ForkedBooter.java:345)
	at org.apache.maven.surefire.booter.ForkedBooter.execute(ForkedBooter.java:126)
	at org.apache.maven.surefire.booter.ForkedBooter.main(ForkedBooter.java:418)
</error>
    <system-out><![CDATA[2019-09-25 06:32:43,340 [main] WARN  server.ServerUtils (ServerUtils.java:getScmDbDir(145)) - ozone.scm.db.dirs is not configured. We recommend adding this setting. Falling back to ozone.metadata.dirs instead.
2019-09-25 06:32:43,442 [main] WARN  server.ServerUtils (ServerUtils.java:getScmDbDir(145)) - ozone.scm.db.dirs is not configured. We recommend adding this setting. Falling back to ozone.metadata.dirs instead.
2019-09-25 06:32:43,445 [main] WARN  server.ServerUtils (ServerUtils.java:getScmDbDir(145)) - ozone.scm.db.dirs is not configured. We recommend adding this setting. Falling back to ozone.metadata.dirs instead.
2019-09-25 06:32:43,462 [main] INFO  util.log (Log.java:initialized(192)) - Logging initialized @860ms
2019-09-25 06:32:43,563 [main] INFO  db.DBStoreBuilder (DBStoreBuilder.java:addTable(110)) - using custom profile for table: deletedBlocks
2019-09-25 06:32:43,563 [main] INFO  db.DBStoreBuilder (DBStoreBuilder.java:processTables(161)) - Using default column profile:DBProfile.DISK for Table:deletedBlocks
2019-09-25 06:32:43,564 [main] INFO  db.DBStoreBuilder (DBStoreBuilder.java:addTable(110)) - using custom profile for table: validCerts
2019-09-25 06:32:43,564 [main] INFO  db.DBStoreBuilder (DBStoreBuilder.java:processTables(161)) - Using default column profile:DBProfile.DISK for Table:validCerts
2019-09-25 06:32:43,564 [main] INFO  db.DBStoreBuilder (DBStoreBuilder.java:addTable(110)) - using custom profile for table: revokedCerts
2019-09-25 06:32:43,564 [main] INFO  db.DBStoreBuilder (DBStoreBuilder.java:processTables(161)) - Using default column profile:DBProfile.DISK for Table:revokedCerts
2019-09-25 06:32:43,576 [main] INFO  db.DBStoreBuilder (DBStoreBuilder.java:addTable(110)) - using custom profile for table: default
2019-09-25 06:32:43,577 [main] INFO  db.DBStoreBuilder (DBStoreBuilder.java:processTables(167)) - Using default column profile:DBProfile.DISK for Table:default
2019-09-25 06:32:43,578 [main] INFO  db.DBStoreBuilder (DBStoreBuilder.java:getDbProfile(198)) - Using default options. DBProfile.DISK
2019-09-25 06:32:48,302 [main] INFO  net.NodeSchemaLoader (NodeSchemaLoader.java:loadSchemaFromFile(125)) - Loading file from sun.misc.CompoundEnumeration@6771beb3
2019-09-25 06:32:48,304 [main] INFO  net.NodeSchemaLoader (NodeSchemaLoader.java:loadSchema(171)) - Loading network topology layer schema file
2019-09-25 06:32:48,373 [main] WARN  server.ServerUtils (ServerUtils.java:sanitizeUserArgs(70)) - ozone.scm.stale.node.interval value = 300000 is larger than max = 100000 based on the key value of ozone.scm.heartbeat.thread.interval, reset to the max value 100000.
2019-09-25 06:32:48,374 [main] WARN  server.ServerUtils (ServerUtils.java:sanitizeUserArgs(70)) - ozone.scm.stale.node.interval value = 300000 is larger than max = 100000 based on the key value of ozone.scm.heartbeat.thread.interval, reset to the max value 100000.
2019-09-25 06:32:48,377 [main] INFO  node.SCMNodeManager (SCMNodeManager.java:<init>(114)) - Entering startup safe mode.
2019-09-25 06:32:48,506 [main] INFO  algorithms.ContainerPlacementPolicyFactory (ContainerPlacementPolicyFactory.java:getPolicy(60)) - Create container placement policy of type org.apache.hadoop.hdds.scm.container.placement.algorithms.SCMContainerPlacementRandom
2019-09-25 06:32:48,522 [main] WARN  server.ServerUtils (ServerUtils.java:getScmDbDir(145)) - ozone.scm.db.dirs is not configured. We recommend adding this setting. Falling back to ozone.metadata.dirs instead.
2019-09-25 06:32:48,623 [main] INFO  pipeline.SCMPipelineManager (SCMPipelineManager.java:initializePipelineState(132)) - No pipeline exists in current db
2019-09-25 06:32:48,626 [main] WARN  server.ServerUtils (ServerUtils.java:getScmDbDir(145)) - ozone.scm.db.dirs is not configured. We recommend adding this setting. Falling back to ozone.metadata.dirs instead.
2019-09-25 06:32:48,763 [main] WARN  events.EventQueue (EventQueue.java:fireEvent(183)) - No event handler registered for event TypedEvent{payloadType=SafeModeStatus, name='SafeModeStatus'}
2019-09-25 06:32:49,196 [main] INFO  ipc.CallQueueManager (CallQueueManager.java:<init>(84)) - Using callQueue: class java.util.concurrent.LinkedBlockingQueue, queueCapacity: 2000, scheduler: class org.apache.hadoop.ipc.DefaultRpcScheduler, ipcBackoff: false.
2019-09-25 06:32:49,329 [Socket Reader #1 for port 40766] INFO  ipc.Server (Server.java:run(1074)) - Starting Socket Reader #1 for port 40766
2019-09-25 06:32:49,365 [main] INFO  ipc.CallQueueManager (CallQueueManager.java:<init>(84)) - Using callQueue: class java.util.concurrent.LinkedBlockingQueue, queueCapacity: 2000, scheduler: class org.apache.hadoop.ipc.DefaultRpcScheduler, ipcBackoff: false.
2019-09-25 06:32:49,366 [Socket Reader #1 for port 35789] INFO  ipc.Server (Server.java:run(1074)) - Starting Socket Reader #1 for port 35789
2019-09-25 06:32:49,375 [main] INFO  ipc.CallQueueManager (CallQueueManager.java:<init>(84)) - Using callQueue: class java.util.concurrent.LinkedBlockingQueue, queueCapacity: 2000, scheduler: class org.apache.hadoop.ipc.DefaultRpcScheduler, ipcBackoff: false.
2019-09-25 06:32:49,376 [Socket Reader #1 for port 35629] INFO  ipc.Server (Server.java:run(1074)) - Starting Socket Reader #1 for port 35629
2019-09-25 06:32:49,396 [main] INFO  hdfs.DFSUtil (DFSUtil.java:httpServerTemplateForNNAndJN(1641)) - Starting Web-server for scm at: http://0.0.0.0:0
2019-09-25 06:32:49,506 [main] INFO  server.AuthenticationFilter (AuthenticationFilter.java:constructSecretProvider(240)) - Unable to initialize FileSignerSecretProvider, falling back to use random secrets.
2019-09-25 06:32:49,520 [main] WARN  http.HttpRequestLog (HttpRequestLog.java:getRequestLog(97)) - Jetty request log can only be enabled using Log4j
2019-09-25 06:32:49,529 [main] INFO  http.HttpServer2 (HttpServer2.java:addGlobalFilter(975)) - Added global filter 'safety' (class=org.apache.hadoop.http.HttpServer2$QuotingInputFilter)
2019-09-25 06:32:49,532 [main] INFO  http.HttpServer2 (HttpServer2.java:addFilter(948)) - Added filter static_user_filter (class=org.apache.hadoop.http.lib.StaticUserWebFilter$StaticUserFilter) to context scm
2019-09-25 06:32:49,532 [main] INFO  http.HttpServer2 (HttpServer2.java:addFilter(958)) - Added filter static_user_filter (class=org.apache.hadoop.http.lib.StaticUserWebFilter$StaticUserFilter) to context logs
2019-09-25 06:32:49,532 [main] INFO  http.HttpServer2 (HttpServer2.java:addFilter(958)) - Added filter static_user_filter (class=org.apache.hadoop.http.lib.StaticUserWebFilter$StaticUserFilter) to context static
2019-09-25 06:32:49,557 [main] INFO  server.StorageContainerManager (StorageContainerManager.java:start(770)) - StorageContainerLocationProtocol RPC server is listening at /0.0.0.0:35629
2019-09-25 06:32:49,603 [main] WARN  impl.MetricsConfig (MetricsConfig.java:loadFirst(134)) - Cannot locate configuration: tried hadoop-metrics2-storagecontainermanager.properties,hadoop-metrics2.properties
2019-09-25 06:32:49,616 [main] INFO  impl.MetricsSystemImpl (MetricsSystemImpl.java:startTimer(374)) - Scheduled Metric snapshot period at 10 second(s).
2019-09-25 06:32:49,616 [main] INFO  impl.MetricsSystemImpl (MetricsSystemImpl.java:start(191)) - StorageContainerManager metrics system started
2019-09-25 06:32:49,822 [main] INFO  server.SCMClientProtocolServer (SCMClientProtocolServer.java:start(151)) - RPC server for Client  is listening at /0.0.0.0:35629
2019-09-25 06:32:49,822 [IPC Server Responder] INFO  ipc.Server (Server.java:run(1314)) - IPC Server Responder: starting
2019-09-25 06:32:49,822 [IPC Server listener on 35629] INFO  ipc.Server (Server.java:run(1153)) - IPC Server listener on 35629: starting
2019-09-25 06:32:49,826 [main] INFO  server.StorageContainerManager (StorageContainerManager.java:start(780)) - ScmBlockLocationProtocol RPC server is listening at /0.0.0.0:35789
2019-09-25 06:32:49,827 [main] INFO  server.SCMBlockProtocolServer (SCMBlockProtocolServer.java:start(146)) - RPC server for Block Protocol is listening at /0.0.0.0:35789
2019-09-25 06:32:49,828 [IPC Server Responder] INFO  ipc.Server (Server.java:run(1314)) - IPC Server Responder: starting
2019-09-25 06:32:49,828 [IPC Server listener on 35789] INFO  ipc.Server (Server.java:run(1153)) - IPC Server listener on 35789: starting
2019-09-25 06:32:49,831 [main] INFO  server.StorageContainerManager (StorageContainerManager.java:start(784)) - ScmDatanodeProtocl RPC server is listening at /0.0.0.0:40766
2019-09-25 06:32:49,831 [main] INFO  server.SCMDatanodeProtocolServer (SCMDatanodeProtocolServer.java:start(191)) - RPC server for DataNodes is listening at /0.0.0.0:40766
2019-09-25 06:32:49,831 [IPC Server Responder] INFO  ipc.Server (Server.java:run(1314)) - IPC Server Responder: starting
2019-09-25 06:32:49,832 [IPC Server listener on 40766] INFO  ipc.Server (Server.java:run(1153)) - IPC Server listener on 40766: starting
2019-09-25 06:32:49,836 [main] INFO  http.HttpServer2 (HttpServer2.java:bindListener(1191)) - Jetty bound to port 44652
2019-09-25 06:32:49,838 [main] INFO  server.Server (Server.java:doStart(351)) - jetty-9.3.25.v20180904, build timestamp: 2018-09-04T21:11:46Z, git hash: 3ce520221d0240229c862b122d2b06c12a625732
2019-09-25 06:32:49,873 [main] INFO  handler.ContextHandler (ContextHandler.java:doStart(781)) - Started o.e.j.s.ServletContextHandler@68fa0ba8{/logs,file:///workdir/hadoop-ozone/ozonefs/target/log,AVAILABLE}
2019-09-25 06:32:49,874 [main] INFO  handler.ContextHandler (ContextHandler.java:doStart(781)) - Started o.e.j.s.ServletContextHandler@5c10f1c3{/static,jar:file:/home/user/.m2/repository/org/apache/hadoop/hadoop-hdds-server-scm/0.5.0-SNAPSHOT/hadoop-hdds-server-scm-0.5.0-SNAPSHOT.jar!/webapps/static,AVAILABLE}
2019-09-25 06:32:49,946 [main] INFO  handler.ContextHandler (ContextHandler.java:doStart(781)) - Started o.e.j.w.WebAppContext@5a021cb9{/,file:///tmp/jetty-0.0.0.0-44652-scm-_-any-6898279475961674230.dir/webapp/,AVAILABLE}{/scm}
2019-09-25 06:32:49,951 [main] INFO  server.AbstractConnector (AbstractConnector.java:doStart(278)) - Started ServerConnector@287f94b1{HTTP/1.1,[http/1.1]}{0.0.0.0:44652}
2019-09-25 06:32:49,952 [main] INFO  server.Server (Server.java:doStart(419)) - Started @7350ms
2019-09-25 06:32:49,954 [main] INFO  impl.MetricsSinkAdapter (MetricsSinkAdapter.java:start(204)) - Sink prometheus started
2019-09-25 06:32:49,954 [main] INFO  impl.MetricsSystemImpl (MetricsSystemImpl.java:registerSink(301)) - Registered sink prometheus
2019-09-25 06:32:49,955 [main] INFO  server.BaseHttpServer (BaseHttpServer.java:updateConnectorAddress(215)) - HTTP server of SCM is listening at http://0.0.0.0:44652
2019-09-25 06:32:49,965 [org.apache.hadoop.util.JvmPauseMonitor$Monitor@324c64cd] INFO  util.JvmPauseMonitor (JvmPauseMonitor.java:run(188)) - Starting JVM pause monitor
2019-09-25 06:32:49,968 [main] WARN  server.ServerUtils (ServerUtils.java:getDBPath(222)) - ozone.om.db.dirs is not configured. We recommend adding this setting. Falling back to ozone.metadata.dirs instead.
2019-09-25 06:32:50,079 [main] WARN  server.ServerUtils (ServerUtils.java:getDBPath(222)) - ozone.om.db.dirs is not configured. We recommend adding this setting. Falling back to ozone.metadata.dirs instead.
2019-09-25 06:32:50,080 [main] WARN  server.ServerUtils (ServerUtils.java:getDBPath(222)) - ozone.om.db.dirs is not configured. We recommend adding this setting. Falling back to ozone.metadata.dirs instead.
2019-09-25 06:32:50,081 [main] INFO  om.OzoneManager (OzoneManager.java:setOMNodeDetails(652)) - OM Service ID is not set. Setting it to the default ID: omServiceIdDefault
2019-09-25 06:32:50,082 [main] INFO  om.OzoneManager (OzoneManager.java:setOMNodeDetails(658)) - OM Node ID is not set. Setting it to the OmStorage's OmID: fde51982-2ebf-4f91-a2a5-a86908df2ffa
2019-09-25 06:32:50,083 [main] INFO  om.OzoneManager (OzoneManager.java:loadOMHAConfigs(609)) - Found matching OM address with OMServiceId: null, OMNodeId: null, RPC Address: localhost:0 and Ratis port: 9872
2019-09-25 06:32:50,833 [main] WARN  server.ServerUtils (ServerUtils.java:getDBPath(222)) - ozone.om.db.dirs is not configured. We recommend adding this setting. Falling back to ozone.metadata.dirs instead.
2019-09-25 06:32:50,843 [main] INFO  db.DBStoreBuilder (DBStoreBuilder.java:addTable(110)) - using custom profile for table: userTable
2019-09-25 06:32:50,843 [main] INFO  db.DBStoreBuilder (DBStoreBuilder.java:processTables(161)) - Using default column profile:DBProfile.DISK for Table:userTable
2019-09-25 06:32:50,843 [main] INFO  db.DBStoreBuilder (DBStoreBuilder.java:addTable(110)) - using custom profile for table: volumeTable
2019-09-25 06:32:50,843 [main] INFO  db.DBStoreBuilder (DBStoreBuilder.java:processTables(161)) - Using default column profile:DBProfile.DISK for Table:volumeTable
2019-09-25 06:32:50,844 [main] INFO  db.DBStoreBuilder (DBStoreBuilder.java:addTable(110)) - using custom profile for table: bucketTable
2019-09-25 06:32:50,844 [main] INFO  db.DBStoreBuilder (DBStoreBuilder.java:processTables(161)) - Using default column profile:DBProfile.DISK for Table:bucketTable
2019-09-25 06:32:50,844 [main] INFO  db.DBStoreBuilder (DBStoreBuilder.java:addTable(110)) - using custom profile for table: keyTable
2019-09-25 06:32:50,844 [main] INFO  db.DBStoreBuilder (DBStoreBuilder.java:processTables(161)) - Using default column profile:DBProfile.DISK for Table:keyTable
2019-09-25 06:32:50,844 [main] INFO  db.DBStoreBuilder (DBStoreBuilder.java:addTable(110)) - using custom profile for table: deletedTable
2019-09-25 06:32:50,845 [main] INFO  db.DBStoreBuilder (DBStoreBuilder.java:processTables(161)) - Using default column profile:DBProfile.DISK for Table:deletedTable
2019-09-25 06:32:50,845 [main] INFO  db.DBStoreBuilder (DBStoreBuilder.java:addTable(110)) - using custom profile for table: openKeyTable
2019-09-25 06:32:50,845 [main] INFO  db.DBStoreBuilder (DBStoreBuilder.java:processTables(161)) - Using default column profile:DBProfile.DISK for Table:openKeyTable
2019-09-25 06:32:50,845 [main] INFO  db.DBStoreBuilder (DBStoreBuilder.java:addTable(110)) - using custom profile for table: s3Table
2019-09-25 06:32:50,846 [main] INFO  db.DBStoreBuilder (DBStoreBuilder.java:processTables(161)) - Using default column profile:DBProfile.DISK for Table:s3Table
2019-09-25 06:32:50,846 [main] INFO  db.DBStoreBuilder (DBStoreBuilder.java:addTable(110)) - using custom profile for table: multipartInfoTable
2019-09-25 06:32:50,846 [main] INFO  db.DBStoreBuilder (DBStoreBuilder.java:processTables(161)) - Using default column profile:DBProfile.DISK for Table:multipartInfoTable
2019-09-25 06:32:50,846 [main] INFO  db.DBStoreBuilder (DBStoreBuilder.java:addTable(110)) - using custom profile for table: dTokenTable
2019-09-25 06:32:50,846 [main] INFO  db.DBStoreBuilder (DBStoreBuilder.java:processTables(161)) - Using default column profile:DBProfile.DISK for Table:dTokenTable
2019-09-25 06:32:50,847 [main] INFO  db.DBStoreBuilder (DBStoreBuilder.java:addTable(110)) - using custom profile for table: s3SecretTable
2019-09-25 06:32:50,847 [main] INFO  db.DBStoreBuilder (DBStoreBuilder.java:processTables(161)) - Using default column profile:DBProfile.DISK for Table:s3SecretTable
2019-09-25 06:32:50,847 [main] INFO  db.DBStoreBuilder (DBStoreBuilder.java:addTable(110)) - using custom profile for table: prefixTable
2019-09-25 06:32:50,847 [main] INFO  db.DBStoreBuilder (DBStoreBuilder.java:processTables(161)) - Using default column profile:DBProfile.DISK for Table:prefixTable
2019-09-25 06:32:50,848 [main] INFO  db.DBStoreBuilder (DBStoreBuilder.java:addTable(110)) - using custom profile for table: default
2019-09-25 06:32:50,848 [main] INFO  db.DBStoreBuilder (DBStoreBuilder.java:processTables(167)) - Using default column profile:DBProfile.DISK for Table:default
2019-09-25 06:32:50,848 [main] INFO  db.DBStoreBuilder (DBStoreBuilder.java:getDbProfile(198)) - Using default options. DBProfile.DISK
2019-09-25 06:33:45,904 [main] INFO  ipc.CallQueueManager (CallQueueManager.java:<init>(84)) - Using callQueue: class java.util.concurrent.LinkedBlockingQueue, queueCapacity: 2000, scheduler: class org.apache.hadoop.ipc.DefaultRpcScheduler, ipcBackoff: false.
2019-09-25 06:33:45,907 [Socket Reader #1 for port 43660] INFO  ipc.Server (Server.java:run(1074)) - Starting Socket Reader #1 for port 43660
2019-09-25 06:33:45,950 [main] INFO  om.OzoneManager (OzoneManager.java:start(1243)) - OzoneManager RPC server is listening at localhost/127.0.0.1:43660
2019-09-25 06:33:45,950 [main] INFO  impl.MetricsSystemImpl (MetricsSystemImpl.java:init(158)) - OzoneManager metrics system started (again)
2019-09-25 06:33:45,952 [IPC Server Responder] INFO  ipc.Server (Server.java:run(1314)) - IPC Server Responder: starting
2019-09-25 06:33:45,952 [IPC Server listener on 43660] INFO  ipc.Server (Server.java:run(1153)) - IPC Server listener on 43660: starting
2019-09-25 06:33:45,959 [main] INFO  hdfs.DFSUtil (DFSUtil.java:httpServerTemplateForNNAndJN(1641)) - Starting Web-server for ozoneManager at: http://0.0.0.0:0
2019-09-25 06:33:45,962 [main] INFO  server.AuthenticationFilter (AuthenticationFilter.java:constructSecretProvider(240)) - Unable to initialize FileSignerSecretProvider, falling back to use random secrets.
2019-09-25 06:33:45,964 [main] WARN  http.HttpRequestLog (HttpRequestLog.java:getRequestLog(97)) - Jetty request log can only be enabled using Log4j
2019-09-25 06:33:45,966 [main] INFO  http.HttpServer2 (HttpServer2.java:addGlobalFilter(975)) - Added global filter 'safety' (class=org.apache.hadoop.http.HttpServer2$QuotingInputFilter)
2019-09-25 06:33:45,968 [main] INFO  http.HttpServer2 (HttpServer2.java:addFilter(948)) - Added filter static_user_filter (class=org.apache.hadoop.http.lib.StaticUserWebFilter$StaticUserFilter) to context ozoneManager
2019-09-25 06:33:45,968 [main] INFO  http.HttpServer2 (HttpServer2.java:addFilter(958)) - Added filter static_user_filter (class=org.apache.hadoop.http.lib.StaticUserWebFilter$StaticUserFilter) to context logs
2019-09-25 06:33:45,968 [main] INFO  http.HttpServer2 (HttpServer2.java:addFilter(958)) - Added filter static_user_filter (class=org.apache.hadoop.http.lib.StaticUserWebFilter$StaticUserFilter) to context static
2019-09-25 06:33:45,971 [main] INFO  http.HttpServer2 (HttpServer2.java:bindListener(1191)) - Jetty bound to port 33294
2019-09-25 06:33:45,971 [main] INFO  server.Server (Server.java:doStart(351)) - jetty-9.3.25.v20180904, build timestamp: 2018-09-04T21:11:46Z, git hash: 3ce520221d0240229c862b122d2b06c12a625732
2019-09-25 06:33:45,974 [main] INFO  handler.ContextHandler (ContextHandler.java:doStart(781)) - Started o.e.j.s.ServletContextHandler@56303475{/logs,file:///workdir/hadoop-ozone/ozonefs/target/log,AVAILABLE}
2019-09-25 06:33:45,974 [main] INFO  handler.ContextHandler (ContextHandler.java:doStart(781)) - Started o.e.j.s.ServletContextHandler@1dcca8d3{/static,jar:file:/home/user/.m2/repository/org/apache/hadoop/hadoop-ozone-ozone-manager/0.5.0-SNAPSHOT/hadoop-ozone-ozone-manager-0.5.0-SNAPSHOT.jar!/webapps/static,AVAILABLE}
2019-09-25 06:33:46,030 [main] INFO  handler.ContextHandler (ContextHandler.java:doStart(781)) - Started o.e.j.w.WebAppContext@298d9a05{/,file:///tmp/jetty-0.0.0.0-33294-ozoneManager-_-any-8756259341389609642.dir/webapp/,AVAILABLE}{/ozoneManager}
2019-09-25 06:33:46,031 [main] INFO  server.AbstractConnector (AbstractConnector.java:doStart(278)) - Started ServerConnector@58399d82{HTTP/1.1,[http/1.1]}{0.0.0.0:33294}
2019-09-25 06:33:46,031 [main] INFO  server.Server (Server.java:doStart(419)) - Started @63430ms
2019-09-25 06:33:46,032 [main] WARN  impl.MetricsSystemImpl (MetricsSystemImpl.java:register(276)) - Sink prometheus already exists!
2019-09-25 06:33:46,033 [main] INFO  server.BaseHttpServer (BaseHttpServer.java:updateConnectorAddress(215)) - HTTP server of OZONEMANAGER is listening at http://0.0.0.0:33294
2019-09-25 06:33:46,337 [main] INFO  impl.MetricsSystemImpl (MetricsSystemImpl.java:init(158)) - HddsDatanode metrics system started (again)
2019-09-25 06:33:46,391 [main] INFO  ozone.HddsDatanodeService (HddsDatanodeService.java:start(184)) - HddsDatanodeService host:pr-hdds-1569-s44lr-3492059363 ip:192.168.164.207
2019-09-25 06:33:46,425 [main] INFO  volume.HddsVolume (HddsVolume.java:<init>(176)) - Creating Volume: /workdir/hadoop-ozone/ozonefs/target/test-dir/MiniOzoneClusterImpl-d97e1daa-6e0c-4900-b1c9-997de4e3459a/datanode-0/data/containers/hdds of  storage type : DISK and capacity : 1482555576320
2019-09-25 06:33:46,427 [main] INFO  volume.VolumeSet (VolumeSet.java:initializeVolumeSet(170)) - Added Volume : /workdir/hadoop-ozone/ozonefs/target/test-dir/MiniOzoneClusterImpl-d97e1daa-6e0c-4900-b1c9-997de4e3459a/datanode-0/data/containers/hdds to VolumeSet
2019-09-25 06:33:46,430 [main] INFO  volume.ThrottledAsyncChecker (ThrottledAsyncChecker.java:schedule(139)) - Scheduling a check for org.apache.hadoop.ozone.container.common.volume.HddsVolume@2aeefcc
2019-09-25 06:33:46,446 [main] INFO  volume.HddsVolumeChecker (HddsVolumeChecker.java:checkAllVolumes(202)) - Scheduled health check for volume org.apache.hadoop.ozone.container.common.volume.HddsVolume@2aeefcc
2019-09-25 06:33:46,562 [main] INFO  impl.RaftServerProxy (ConfUtils.java:logGet(43)) - raft.rpc.type = GRPC (default)
2019-09-25 06:33:46,631 [main] INFO  grpc.GrpcFactory (GrpcFactory.java:checkPooledByteBufAllocatorUseCacheForAllThreads(45)) - PERFORMANCE WARNING: useCacheForAllThreads is true that may cause Netty to create a lot garbage objects and, as a result, trigger GC.
	It is recommended to disable useCacheForAllThreads by setting -Dorg.apache.ratis.thirdparty.io.netty.allocator.useCacheForAllThreads=false in command line.
2019-09-25 06:33:46,636 [main] INFO  grpc.GrpcConfigKeys$Server (ConfUtils.java:logGet(43)) - raft.grpc.server.port = 0 (default)
2019-09-25 06:33:46,637 [main] INFO  server.GrpcService (ConfUtils.java:logGet(43)) - raft.grpc.message.size.max = 33570816 (custom)
2019-09-25 06:33:46,639 [main] INFO  server.RaftServerConfigKeys (ConfUtils.java:logGet(43)) - raft.server.log.appender.buffer.byte-limit = 33554432 (custom)
2019-09-25 06:33:46,639 [main] INFO  server.GrpcService (ConfUtils.java:logGet(43)) - raft.grpc.flow.control.window = 1MB (=1048576) (default)
2019-09-25 06:33:46,640 [main] INFO  server.RaftServerConfigKeys (ConfUtils.java:logGet(43)) - raft.server.rpc.request.timeout = 3000ms (default)
2019-09-25 06:33:46,794 [main] INFO  server.RaftServerConfigKeys (ConfUtils.java:logGet(43)) - raft.server.storage.dir = [/workdir/hadoop-ozone/ozonefs/target/test-dir/MiniOzoneClusterImpl-d97e1daa-6e0c-4900-b1c9-997de4e3459a/datanode-0/data/ratis] (custom)
2019-09-25 06:33:46,848 [main] INFO  hdfs.DFSUtil (DFSUtil.java:httpServerTemplateForNNAndJN(1641)) - Starting Web-server for hddsDatanode at: http://0.0.0.0:0
2019-09-25 06:33:46,850 [main] INFO  server.AuthenticationFilter (AuthenticationFilter.java:constructSecretProvider(240)) - Unable to initialize FileSignerSecretProvider, falling back to use random secrets.
2019-09-25 06:33:46,850 [main] WARN  http.HttpRequestLog (HttpRequestLog.java:getRequestLog(97)) - Jetty request log can only be enabled using Log4j
2019-09-25 06:33:46,852 [main] INFO  http.HttpServer2 (HttpServer2.java:addGlobalFilter(975)) - Added global filter 'safety' (class=org.apache.hadoop.http.HttpServer2$QuotingInputFilter)
2019-09-25 06:33:46,853 [main] INFO  http.HttpServer2 (HttpServer2.java:addFilter(948)) - Added filter static_user_filter (class=org.apache.hadoop.http.lib.StaticUserWebFilter$StaticUserFilter) to context hddsDatanode
2019-09-25 06:33:46,853 [main] INFO  http.HttpServer2 (HttpServer2.java:addFilter(958)) - Added filter static_user_filter (class=org.apache.hadoop.http.lib.StaticUserWebFilter$StaticUserFilter) to context static
2019-09-25 06:33:46,853 [main] INFO  http.HttpServer2 (HttpServer2.java:addFilter(958)) - Added filter static_user_filter (class=org.apache.hadoop.http.lib.StaticUserWebFilter$StaticUserFilter) to context logs
2019-09-25 06:33:46,854 [main] INFO  http.HttpServer2 (HttpServer2.java:bindListener(1191)) - Jetty bound to port 41762
2019-09-25 06:33:46,854 [main] INFO  server.Server (Server.java:doStart(351)) - jetty-9.3.25.v20180904, build timestamp: 2018-09-04T21:11:46Z, git hash: 3ce520221d0240229c862b122d2b06c12a625732
2019-09-25 06:33:46,857 [main] INFO  handler.ContextHandler (ContextHandler.java:doStart(781)) - Started o.e.j.s.ServletContextHandler@fc807c1{/logs,file:///workdir/hadoop-ozone/ozonefs/target/log,AVAILABLE}
2019-09-25 06:33:46,857 [main] INFO  handler.ContextHandler (ContextHandler.java:doStart(781)) - Started o.e.j.s.ServletContextHandler@59cda16e{/static,jar:file:/home/user/.m2/repository/org/apache/hadoop/hadoop-hdds-container-service/0.5.0-SNAPSHOT/hadoop-hdds-container-service-0.5.0-SNAPSHOT.jar!/webapps/static,AVAILABLE}
2019-09-25 06:33:46,881 [main] INFO  handler.ContextHandler (ContextHandler.java:doStart(781)) - Started o.e.j.w.WebAppContext@42b84286{/,file:///tmp/jetty-0.0.0.0-41762-hddsDatanode-_-any-4783491588816660719.dir/webapp/,AVAILABLE}{/hddsDatanode}
2019-09-25 06:33:46,882 [main] INFO  server.AbstractConnector (AbstractConnector.java:doStart(278)) - Started ServerConnector@443effcb{HTTP/1.1,[http/1.1]}{0.0.0.0:41762}
2019-09-25 06:33:46,882 [main] INFO  server.Server (Server.java:doStart(419)) - Started @64281ms
2019-09-25 06:33:46,883 [main] WARN  impl.MetricsSystemImpl (MetricsSystemImpl.java:register(276)) - Sink prometheus already exists!
2019-09-25 06:33:46,883 [main] INFO  server.BaseHttpServer (BaseHttpServer.java:updateConnectorAddress(215)) - HTTP server of HDDSDATANODE is listening at http://0.0.0.0:41762
2019-09-25 06:33:46,884 [main] INFO  impl.MetricsSystemImpl (MetricsSystemImpl.java:init(158)) - HddsDatanode metrics system started (again)
2019-09-25 06:33:46,886 [main] INFO  ozone.HddsDatanodeService (HddsDatanodeService.java:start(184)) - HddsDatanodeService host:pr-hdds-1569-s44lr-3492059363 ip:192.168.164.207
2019-09-25 06:33:46,890 [org.apache.hadoop.util.JvmPauseMonitor$Monitor@670722cd] INFO  util.JvmPauseMonitor (JvmPauseMonitor.java:run(188)) - Starting JVM pause monitor
2019-09-25 06:33:46,892 [main] INFO  volume.HddsVolume (HddsVolume.java:<init>(176)) - Creating Volume: /workdir/hadoop-ozone/ozonefs/target/test-dir/MiniOzoneClusterImpl-d97e1daa-6e0c-4900-b1c9-997de4e3459a/datanode-1/data/containers/hdds of  storage type : DISK and capacity : 1482555576320
2019-09-25 06:33:46,892 [main] INFO  volume.VolumeSet (VolumeSet.java:initializeVolumeSet(170)) - Added Volume : /workdir/hadoop-ozone/ozonefs/target/test-dir/MiniOzoneClusterImpl-d97e1daa-6e0c-4900-b1c9-997de4e3459a/datanode-1/data/containers/hdds to VolumeSet
2019-09-25 06:33:46,892 [main] INFO  volume.ThrottledAsyncChecker (ThrottledAsyncChecker.java:schedule(139)) - Scheduling a check for org.apache.hadoop.ozone.container.common.volume.HddsVolume@23f3da8b
2019-09-25 06:33:46,893 [main] INFO  volume.HddsVolumeChecker (HddsVolumeChecker.java:checkAllVolumes(202)) - Scheduled health check for volume org.apache.hadoop.ozone.container.common.volume.HddsVolume@23f3da8b
2019-09-25 06:33:46,915 [main] INFO  impl.RaftServerProxy (ConfUtils.java:logGet(43)) - raft.rpc.type = GRPC (default)
2019-09-25 06:33:46,915 [main] INFO  grpc.GrpcFactory (GrpcFactory.java:checkPooledByteBufAllocatorUseCacheForAllThreads(45)) - PERFORMANCE WARNING: useCacheForAllThreads is true that may cause Netty to create a lot garbage objects and, as a result, trigger GC.
	It is recommended to disable useCacheForAllThreads by setting -Dorg.apache.ratis.thirdparty.io.netty.allocator.useCacheForAllThreads=false in command line.
2019-09-25 06:33:46,915 [main] INFO  grpc.GrpcConfigKeys$Server (ConfUtils.java:logGet(43)) - raft.grpc.server.port = 0 (default)
2019-09-25 06:33:46,916 [main] INFO  server.GrpcService (ConfUtils.java:logGet(43)) - raft.grpc.message.size.max = 33570816 (custom)
2019-09-25 06:33:46,916 [main] INFO  server.RaftServerConfigKeys (ConfUtils.java:logGet(43)) - raft.server.log.appender.buffer.byte-limit = 33554432 (custom)
2019-09-25 06:33:46,916 [main] INFO  server.GrpcService (ConfUtils.java:logGet(43)) - raft.grpc.flow.control.window = 1MB (=1048576) (default)
2019-09-25 06:33:46,916 [main] INFO  server.RaftServerConfigKeys (ConfUtils.java:logGet(43)) - raft.server.rpc.request.timeout = 3000ms (default)
2019-09-25 06:33:46,917 [main] INFO  server.RaftServerConfigKeys (ConfUtils.java:logGet(43)) - raft.server.storage.dir = [/workdir/hadoop-ozone/ozonefs/target/test-dir/MiniOzoneClusterImpl-d97e1daa-6e0c-4900-b1c9-997de4e3459a/datanode-1/data/ratis] (custom)
2019-09-25 06:33:46,918 [main] INFO  hdfs.DFSUtil (DFSUtil.java:httpServerTemplateForNNAndJN(1641)) - Starting Web-server for hddsDatanode at: http://0.0.0.0:0
2019-09-25 06:33:46,919 [main] INFO  server.AuthenticationFilter (AuthenticationFilter.java:constructSecretProvider(240)) - Unable to initialize FileSignerSecretProvider, falling back to use random secrets.
2019-09-25 06:33:46,920 [main] WARN  http.HttpRequestLog (HttpRequestLog.java:getRequestLog(97)) - Jetty request log can only be enabled using Log4j
2019-09-25 06:33:46,922 [main] INFO  http.HttpServer2 (HttpServer2.java:addGlobalFilter(975)) - Added global filter 'safety' (class=org.apache.hadoop.http.HttpServer2$QuotingInputFilter)
2019-09-25 06:33:46,923 [main] INFO  http.HttpServer2 (HttpServer2.java:addFilter(948)) - Added filter static_user_filter (class=org.apache.hadoop.http.lib.StaticUserWebFilter$StaticUserFilter) to context hddsDatanode
2019-09-25 06:33:46,923 [main] INFO  http.HttpServer2 (HttpServer2.java:addFilter(958)) - Added filter static_user_filter (class=org.apache.hadoop.http.lib.StaticUserWebFilter$StaticUserFilter) to context static
2019-09-25 06:33:46,923 [main] INFO  http.HttpServer2 (HttpServer2.java:addFilter(958)) - Added filter static_user_filter (class=org.apache.hadoop.http.lib.StaticUserWebFilter$StaticUserFilter) to context logs
2019-09-25 06:33:46,924 [main] INFO  http.HttpServer2 (HttpServer2.java:bindListener(1191)) - Jetty bound to port 39261
2019-09-25 06:33:46,924 [main] INFO  server.Server (Server.java:doStart(351)) - jetty-9.3.25.v20180904, build timestamp: 2018-09-04T21:11:46Z, git hash: 3ce520221d0240229c862b122d2b06c12a625732
2019-09-25 06:33:46,926 [main] INFO  handler.ContextHandler (ContextHandler.java:doStart(781)) - Started o.e.j.s.ServletContextHandler@7fb29ca9{/logs,file:///workdir/hadoop-ozone/ozonefs/target/log,AVAILABLE}
2019-09-25 06:33:46,926 [main] INFO  handler.ContextHandler (ContextHandler.java:doStart(781)) - Started o.e.j.s.ServletContextHandler@350d3f4d{/static,jar:file:/home/user/.m2/repository/org/apache/hadoop/hadoop-hdds-container-service/0.5.0-SNAPSHOT/hadoop-hdds-container-service-0.5.0-SNAPSHOT.jar!/webapps/static,AVAILABLE}
2019-09-25 06:33:46,952 [main] INFO  handler.ContextHandler (ContextHandler.java:doStart(781)) - Started o.e.j.w.WebAppContext@67e13bd0{/,file:///tmp/jetty-0.0.0.0-39261-hddsDatanode-_-any-8500929293317017308.dir/webapp/,AVAILABLE}{/hddsDatanode}
2019-09-25 06:33:46,953 [main] INFO  server.AbstractConnector (AbstractConnector.java:doStart(278)) - Started ServerConnector@50fb33a{HTTP/1.1,[http/1.1]}{0.0.0.0:39261}
2019-09-25 06:33:46,954 [main] INFO  server.Server (Server.java:doStart(419)) - Started @64352ms
2019-09-25 06:33:46,954 [main] WARN  impl.MetricsSystemImpl (MetricsSystemImpl.java:register(276)) - Sink prometheus already exists!
2019-09-25 06:33:46,954 [main] INFO  server.BaseHttpServer (BaseHttpServer.java:updateConnectorAddress(215)) - HTTP server of HDDSDATANODE is listening at http://0.0.0.0:39261
2019-09-25 06:33:46,955 [main] INFO  impl.MetricsSystemImpl (MetricsSystemImpl.java:init(158)) - HddsDatanode metrics system started (again)
2019-09-25 06:33:46,957 [main] INFO  ozone.HddsDatanodeService (HddsDatanodeService.java:start(184)) - HddsDatanodeService host:pr-hdds-1569-s44lr-3492059363 ip:192.168.164.207
2019-09-25 06:33:46,958 [org.apache.hadoop.util.JvmPauseMonitor$Monitor@fe0bd2d] INFO  util.JvmPauseMonitor (JvmPauseMonitor.java:run(188)) - Starting JVM pause monitor
2019-09-25 06:33:46,962 [main] INFO  volume.HddsVolume (HddsVolume.java:<init>(176)) - Creating Volume: /workdir/hadoop-ozone/ozonefs/target/test-dir/MiniOzoneClusterImpl-d97e1daa-6e0c-4900-b1c9-997de4e3459a/datanode-2/data/containers/hdds of  storage type : DISK and capacity : 1482555576320
2019-09-25 06:33:46,963 [main] INFO  volume.VolumeSet (VolumeSet.java:initializeVolumeSet(170)) - Added Volume : /workdir/hadoop-ozone/ozonefs/target/test-dir/MiniOzoneClusterImpl-d97e1daa-6e0c-4900-b1c9-997de4e3459a/datanode-2/data/containers/hdds to VolumeSet
2019-09-25 06:33:46,963 [main] INFO  volume.ThrottledAsyncChecker (ThrottledAsyncChecker.java:schedule(139)) - Scheduling a check for org.apache.hadoop.ozone.container.common.volume.HddsVolume@618ff5c2
2019-09-25 06:33:46,964 [main] INFO  volume.HddsVolumeChecker (HddsVolumeChecker.java:checkAllVolumes(202)) - Scheduled health check for volume org.apache.hadoop.ozone.container.common.volume.HddsVolume@618ff5c2
2019-09-25 06:33:46,985 [main] INFO  impl.RaftServerProxy (ConfUtils.java:logGet(43)) - raft.rpc.type = GRPC (default)
2019-09-25 06:33:46,985 [main] INFO  grpc.GrpcFactory (GrpcFactory.java:checkPooledByteBufAllocatorUseCacheForAllThreads(45)) - PERFORMANCE WARNING: useCacheForAllThreads is true that may cause Netty to create a lot garbage objects and, as a result, trigger GC.
	It is recommended to disable useCacheForAllThreads by setting -Dorg.apache.ratis.thirdparty.io.netty.allocator.useCacheForAllThreads=false in command line.
2019-09-25 06:33:46,985 [main] INFO  grpc.GrpcConfigKeys$Server (ConfUtils.java:logGet(43)) - raft.grpc.server.port = 0 (default)
2019-09-25 06:33:46,986 [main] INFO  server.GrpcService (ConfUtils.java:logGet(43)) - raft.grpc.message.size.max = 33570816 (custom)
2019-09-25 06:33:46,986 [main] INFO  server.RaftServerConfigKeys (ConfUtils.java:logGet(43)) - raft.server.log.appender.buffer.byte-limit = 33554432 (custom)
2019-09-25 06:33:46,986 [main] INFO  server.GrpcService (ConfUtils.java:logGet(43)) - raft.grpc.flow.control.window = 1MB (=1048576) (default)
2019-09-25 06:33:46,986 [main] INFO  server.RaftServerConfigKeys (ConfUtils.java:logGet(43)) - raft.server.rpc.request.timeout = 3000ms (default)
2019-09-25 06:33:46,987 [main] INFO  server.RaftServerConfigKeys (ConfUtils.java:logGet(43)) - raft.server.storage.dir = [/workdir/hadoop-ozone/ozonefs/target/test-dir/MiniOzoneClusterImpl-d97e1daa-6e0c-4900-b1c9-997de4e3459a/datanode-2/data/ratis] (custom)
2019-09-25 06:33:46,988 [main] INFO  hdfs.DFSUtil (DFSUtil.java:httpServerTemplateForNNAndJN(1641)) - Starting Web-server for hddsDatanode at: http://0.0.0.0:0
2019-09-25 06:33:46,990 [main] INFO  server.AuthenticationFilter (AuthenticationFilter.java:constructSecretProvider(240)) - Unable to initialize FileSignerSecretProvider, falling back to use random secrets.
2019-09-25 06:33:46,990 [main] WARN  http.HttpRequestLog (HttpRequestLog.java:getRequestLog(97)) - Jetty request log can only be enabled using Log4j
2019-09-25 06:33:46,992 [main] INFO  http.HttpServer2 (HttpServer2.java:addGlobalFilter(975)) - Added global filter 'safety' (class=org.apache.hadoop.http.HttpServer2$QuotingInputFilter)
2019-09-25 06:33:46,993 [main] INFO  http.HttpServer2 (HttpServer2.java:addFilter(948)) - Added filter static_user_filter (class=org.apache.hadoop.http.lib.StaticUserWebFilter$StaticUserFilter) to context hddsDatanode
2019-09-25 06:33:46,993 [main] INFO  http.HttpServer2 (HttpServer2.java:addFilter(958)) - Added filter static_user_filter (class=org.apache.hadoop.http.lib.StaticUserWebFilter$StaticUserFilter) to context static
2019-09-25 06:33:46,993 [main] INFO  http.HttpServer2 (HttpServer2.java:addFilter(958)) - Added filter static_user_filter (class=org.apache.hadoop.http.lib.StaticUserWebFilter$StaticUserFilter) to context logs
2019-09-25 06:33:46,994 [main] INFO  http.HttpServer2 (HttpServer2.java:bindListener(1191)) - Jetty bound to port 38360
2019-09-25 06:33:46,994 [main] INFO  server.Server (Server.java:doStart(351)) - jetty-9.3.25.v20180904, build timestamp: 2018-09-04T21:11:46Z, git hash: 3ce520221d0240229c862b122d2b06c12a625732
2019-09-25 06:33:46,997 [main] INFO  handler.ContextHandler (ContextHandler.java:doStart(781)) - Started o.e.j.s.ServletContextHandler@2b7962a2{/logs,file:///workdir/hadoop-ozone/ozonefs/target/log,AVAILABLE}
2019-09-25 06:33:46,997 [main] INFO  handler.ContextHandler (ContextHandler.java:doStart(781)) - Started o.e.j.s.ServletContextHandler@74ea46e2{/static,jar:file:/home/user/.m2/repository/org/apache/hadoop/hadoop-hdds-container-service/0.5.0-SNAPSHOT/hadoop-hdds-container-service-0.5.0-SNAPSHOT.jar!/webapps/static,AVAILABLE}
2019-09-25 06:33:47,021 [main] INFO  handler.ContextHandler (ContextHandler.java:doStart(781)) - Started o.e.j.w.WebAppContext@2b6fcb9f{/,file:///tmp/jetty-0.0.0.0-38360-hddsDatanode-_-any-6599978623605388186.dir/webapp/,AVAILABLE}{/hddsDatanode}
2019-09-25 06:33:47,023 [main] INFO  server.AbstractConnector (AbstractConnector.java:doStart(278)) - Started ServerConnector@75de6341{HTTP/1.1,[http/1.1]}{0.0.0.0:38360}
2019-09-25 06:33:47,023 [main] INFO  server.Server (Server.java:doStart(419)) - Started @64421ms
2019-09-25 06:33:47,023 [Datanode State Machine Thread - 0] INFO  datanode.InitDatanodeState (InitDatanodeState.java:persistContainerDatanodeDetails(140)) - DatanodeDetails is persisted to /workdir/hadoop-ozone/ozonefs/target/test-dir/MiniOzoneClusterImpl-d97e1daa-6e0c-4900-b1c9-997de4e3459a/datanode-0/meta/datanode.id
2019-09-25 06:33:47,023 [main] WARN  impl.MetricsSystemImpl (MetricsSystemImpl.java:register(276)) - Sink prometheus already exists!
2019-09-25 06:33:47,025 [main] INFO  server.BaseHttpServer (BaseHttpServer.java:updateConnectorAddress(215)) - HTTP server of HDDSDATANODE is listening at http://0.0.0.0:38360
2019-09-25 06:33:47,026 [main] INFO  impl.MetricsSystemImpl (MetricsSystemImpl.java:init(158)) - HddsDatanode metrics system started (again)
2019-09-25 06:33:47,027 [Datanode State Machine Thread - 0] INFO  datanode.InitDatanodeState (InitDatanodeState.java:persistContainerDatanodeDetails(140)) - DatanodeDetails is persisted to /workdir/hadoop-ozone/ozonefs/target/test-dir/MiniOzoneClusterImpl-d97e1daa-6e0c-4900-b1c9-997de4e3459a/datanode-1/meta/datanode.id
2019-09-25 06:33:47,028 [org.apache.hadoop.util.JvmPauseMonitor$Monitor@4ec46042] INFO  util.JvmPauseMonitor (JvmPauseMonitor.java:run(188)) - Starting JVM pause monitor
2019-09-25 06:33:47,029 [main] INFO  ozone.HddsDatanodeService (HddsDatanodeService.java:start(184)) - HddsDatanodeService host:pr-hdds-1569-s44lr-3492059363 ip:192.168.164.207
2019-09-25 06:33:47,030 [Datanode State Machine Thread - 0] INFO  datanode.InitDatanodeState (InitDatanodeState.java:persistContainerDatanodeDetails(140)) - DatanodeDetails is persisted to /workdir/hadoop-ozone/ozonefs/target/test-dir/MiniOzoneClusterImpl-d97e1daa-6e0c-4900-b1c9-997de4e3459a/datanode-2/meta/datanode.id
2019-09-25 06:33:47,033 [main] INFO  volume.HddsVolume (HddsVolume.java:<init>(176)) - Creating Volume: /workdir/hadoop-ozone/ozonefs/target/test-dir/MiniOzoneClusterImpl-d97e1daa-6e0c-4900-b1c9-997de4e3459a/datanode-3/data/containers/hdds of  storage type : DISK and capacity : 1482555576320
2019-09-25 06:33:47,033 [main] INFO  volume.VolumeSet (VolumeSet.java:initializeVolumeSet(170)) - Added Volume : /workdir/hadoop-ozone/ozonefs/target/test-dir/MiniOzoneClusterImpl-d97e1daa-6e0c-4900-b1c9-997de4e3459a/datanode-3/data/containers/hdds to VolumeSet
2019-09-25 06:33:47,034 [main] INFO  volume.ThrottledAsyncChecker (ThrottledAsyncChecker.java:schedule(139)) - Scheduling a check for org.apache.hadoop.ozone.container.common.volume.HddsVolume@3d7fb838
2019-09-25 06:33:47,034 [main] INFO  volume.HddsVolumeChecker (HddsVolumeChecker.java:checkAllVolumes(202)) - Scheduled health check for volume org.apache.hadoop.ozone.container.common.volume.HddsVolume@3d7fb838
2019-09-25 06:33:47,052 [main] INFO  impl.RaftServerProxy (ConfUtils.java:logGet(43)) - raft.rpc.type = GRPC (default)
2019-09-25 06:33:47,052 [main] INFO  grpc.GrpcFactory (GrpcFactory.java:checkPooledByteBufAllocatorUseCacheForAllThreads(45)) - PERFORMANCE WARNING: useCacheForAllThreads is true that may cause Netty to create a lot garbage objects and, as a result, trigger GC.
	It is recommended to disable useCacheForAllThreads by setting -Dorg.apache.ratis.thirdparty.io.netty.allocator.useCacheForAllThreads=false in command line.
2019-09-25 06:33:47,052 [main] INFO  grpc.GrpcConfigKeys$Server (ConfUtils.java:logGet(43)) - raft.grpc.server.port = 0 (default)
2019-09-25 06:33:47,052 [main] INFO  server.GrpcService (ConfUtils.java:logGet(43)) - raft.grpc.message.size.max = 33570816 (custom)
2019-09-25 06:33:47,052 [main] INFO  server.RaftServerConfigKeys (ConfUtils.java:logGet(43)) - raft.server.log.appender.buffer.byte-limit = 33554432 (custom)
2019-09-25 06:33:47,053 [main] INFO  server.GrpcService (ConfUtils.java:logGet(43)) - raft.grpc.flow.control.window = 1MB (=1048576) (default)
2019-09-25 06:33:47,053 [main] INFO  server.RaftServerConfigKeys (ConfUtils.java:logGet(43)) - raft.server.rpc.request.timeout = 3000ms (default)
2019-09-25 06:33:47,053 [main] INFO  server.RaftServerConfigKeys (ConfUtils.java:logGet(43)) - raft.server.storage.dir = [/workdir/hadoop-ozone/ozonefs/target/test-dir/MiniOzoneClusterImpl-d97e1daa-6e0c-4900-b1c9-997de4e3459a/datanode-3/data/ratis] (custom)
2019-09-25 06:33:47,055 [main] INFO  hdfs.DFSUtil (DFSUtil.java:httpServerTemplateForNNAndJN(1641)) - Starting Web-server for hddsDatanode at: http://0.0.0.0:0
2019-09-25 06:33:47,056 [main] INFO  server.AuthenticationFilter (AuthenticationFilter.java:constructSecretProvider(240)) - Unable to initialize FileSignerSecretProvider, falling back to use random secrets.
2019-09-25 06:33:47,056 [main] WARN  http.HttpRequestLog (HttpRequestLog.java:getRequestLog(97)) - Jetty request log can only be enabled using Log4j
2019-09-25 06:33:47,058 [main] INFO  http.HttpServer2 (HttpServer2.java:addGlobalFilter(975)) - Added global filter 'safety' (class=org.apache.hadoop.http.HttpServer2$QuotingInputFilter)
2019-09-25 06:33:47,058 [main] INFO  http.HttpServer2 (HttpServer2.java:addFilter(948)) - Added filter static_user_filter (class=org.apache.hadoop.http.lib.StaticUserWebFilter$StaticUserFilter) to context hddsDatanode
2019-09-25 06:33:47,059 [main] INFO  http.HttpServer2 (HttpServer2.java:addFilter(958)) - Added filter static_user_filter (class=org.apache.hadoop.http.lib.StaticUserWebFilter$StaticUserFilter) to context static
2019-09-25 06:33:47,059 [main] INFO  http.HttpServer2 (HttpServer2.java:addFilter(958)) - Added filter static_user_filter (class=org.apache.hadoop.http.lib.StaticUserWebFilter$StaticUserFilter) to context logs
2019-09-25 06:33:47,059 [main] INFO  http.HttpServer2 (HttpServer2.java:bindListener(1191)) - Jetty bound to port 35894
2019-09-25 06:33:47,060 [main] INFO  server.Server (Server.java:doStart(351)) - jetty-9.3.25.v20180904, build timestamp: 2018-09-04T21:11:46Z, git hash: 3ce520221d0240229c862b122d2b06c12a625732
2019-09-25 06:33:47,061 [main] INFO  handler.ContextHandler (ContextHandler.java:doStart(781)) - Started o.e.j.s.ServletContextHandler@63884e4{/logs,file:///workdir/hadoop-ozone/ozonefs/target/log,AVAILABLE}
2019-09-25 06:33:47,062 [main] INFO  handler.ContextHandler (ContextHandler.java:doStart(781)) - Started o.e.j.s.ServletContextHandler@4acb7ecc{/static,jar:file:/home/user/.m2/repository/org/apache/hadoop/hadoop-hdds-container-service/0.5.0-SNAPSHOT/hadoop-hdds-container-service-0.5.0-SNAPSHOT.jar!/webapps/static,AVAILABLE}
2019-09-25 06:33:47,086 [main] INFO  handler.ContextHandler (ContextHandler.java:doStart(781)) - Started o.e.j.w.WebAppContext@58434b19{/,file:///tmp/jetty-0.0.0.0-35894-hddsDatanode-_-any-4318424398524019000.dir/webapp/,AVAILABLE}{/hddsDatanode}
2019-09-25 06:33:47,087 [main] INFO  server.AbstractConnector (AbstractConnector.java:doStart(278)) - Started ServerConnector@7d3fb0ef{HTTP/1.1,[http/1.1]}{0.0.0.0:35894}
2019-09-25 06:33:47,087 [main] INFO  server.Server (Server.java:doStart(419)) - Started @64485ms
2019-09-25 06:33:47,087 [main] WARN  impl.MetricsSystemImpl (MetricsSystemImpl.java:register(276)) - Sink prometheus already exists!
2019-09-25 06:33:47,088 [main] INFO  server.BaseHttpServer (BaseHttpServer.java:updateConnectorAddress(215)) - HTTP server of HDDSDATANODE is listening at http://0.0.0.0:35894
2019-09-25 06:33:47,088 [main] INFO  impl.MetricsSystemImpl (MetricsSystemImpl.java:init(158)) - HddsDatanode metrics system started (again)
2019-09-25 06:33:47,091 [main] INFO  ozone.HddsDatanodeService (HddsDatanodeService.java:start(184)) - HddsDatanodeService host:pr-hdds-1569-s44lr-3492059363 ip:192.168.164.207
2019-09-25 06:33:47,093 [org.apache.hadoop.util.JvmPauseMonitor$Monitor@515b52a8] INFO  util.JvmPauseMonitor (JvmPauseMonitor.java:run(188)) - Starting JVM pause monitor
2019-09-25 06:33:47,096 [Datanode State Machine Thread - 0] INFO  datanode.InitDatanodeState (InitDatanodeState.java:persistContainerDatanodeDetails(140)) - DatanodeDetails is persisted to /workdir/hadoop-ozone/ozonefs/target/test-dir/MiniOzoneClusterImpl-d97e1daa-6e0c-4900-b1c9-997de4e3459a/datanode-3/meta/datanode.id
2019-09-25 06:33:47,098 [main] INFO  volume.HddsVolume (HddsVolume.java:<init>(176)) - Creating Volume: /workdir/hadoop-ozone/ozonefs/target/test-dir/MiniOzoneClusterImpl-d97e1daa-6e0c-4900-b1c9-997de4e3459a/datanode-4/data/containers/hdds of  storage type : DISK and capacity : 1482555576320
2019-09-25 06:33:47,098 [main] INFO  volume.VolumeSet (VolumeSet.java:initializeVolumeSet(170)) - Added Volume : /workdir/hadoop-ozone/ozonefs/target/test-dir/MiniOzoneClusterImpl-d97e1daa-6e0c-4900-b1c9-997de4e3459a/datanode-4/data/containers/hdds to VolumeSet
2019-09-25 06:33:47,098 [main] INFO  volume.ThrottledAsyncChecker (ThrottledAsyncChecker.java:schedule(139)) - Scheduling a check for org.apache.hadoop.ozone.container.common.volume.HddsVolume@1e9469b8
2019-09-25 06:33:47,099 [main] INFO  volume.HddsVolumeChecker (HddsVolumeChecker.java:checkAllVolumes(202)) - Scheduled health check for volume org.apache.hadoop.ozone.container.common.volume.HddsVolume@1e9469b8
2019-09-25 06:33:47,118 [main] INFO  impl.RaftServerProxy (ConfUtils.java:logGet(43)) - raft.rpc.type = GRPC (default)
2019-09-25 06:33:47,119 [main] INFO  grpc.GrpcFactory (GrpcFactory.java:checkPooledByteBufAllocatorUseCacheForAllThreads(45)) - PERFORMANCE WARNING: useCacheForAllThreads is true that may cause Netty to create a lot garbage objects and, as a result, trigger GC.
	It is recommended to disable useCacheForAllThreads by setting -Dorg.apache.ratis.thirdparty.io.netty.allocator.useCacheForAllThreads=false in command line.
2019-09-25 06:33:47,119 [main] INFO  grpc.GrpcConfigKeys$Server (ConfUtils.java:logGet(43)) - raft.grpc.server.port = 0 (default)
2019-09-25 06:33:47,119 [main] INFO  server.GrpcService (ConfUtils.java:logGet(43)) - raft.grpc.message.size.max = 33570816 (custom)
2019-09-25 06:33:47,119 [main] INFO  server.RaftServerConfigKeys (ConfUtils.java:logGet(43)) - raft.server.log.appender.buffer.byte-limit = 33554432 (custom)
2019-09-25 06:33:47,119 [main] INFO  server.GrpcService (ConfUtils.java:logGet(43)) - raft.grpc.flow.control.window = 1MB (=1048576) (default)
2019-09-25 06:33:47,120 [main] INFO  server.RaftServerConfigKeys (ConfUtils.java:logGet(43)) - raft.server.rpc.request.timeout = 3000ms (default)
2019-09-25 06:33:47,120 [main] INFO  server.RaftServerConfigKeys (ConfUtils.java:logGet(43)) - raft.server.storage.dir = [/workdir/hadoop-ozone/ozonefs/target/test-dir/MiniOzoneClusterImpl-d97e1daa-6e0c-4900-b1c9-997de4e3459a/datanode-4/data/ratis] (custom)
2019-09-25 06:33:47,121 [main] INFO  hdfs.DFSUtil (DFSUtil.java:httpServerTemplateForNNAndJN(1641)) - Starting Web-server for hddsDatanode at: http://0.0.0.0:0
2019-09-25 06:33:47,123 [main] INFO  server.AuthenticationFilter (AuthenticationFilter.java:constructSecretProvider(240)) - Unable to initialize FileSignerSecretProvider, falling back to use random secrets.
2019-09-25 06:33:47,123 [main] WARN  http.HttpRequestLog (HttpRequestLog.java:getRequestLog(97)) - Jetty request log can only be enabled using Log4j
2019-09-25 06:33:47,125 [main] INFO  http.HttpServer2 (HttpServer2.java:addGlobalFilter(975)) - Added global filter 'safety' (class=org.apache.hadoop.http.HttpServer2$QuotingInputFilter)
2019-09-25 06:33:47,126 [main] INFO  http.HttpServer2 (HttpServer2.java:addFilter(948)) - Added filter static_user_filter (class=org.apache.hadoop.http.lib.StaticUserWebFilter$StaticUserFilter) to context hddsDatanode
2019-09-25 06:33:47,126 [main] INFO  http.HttpServer2 (HttpServer2.java:addFilter(958)) - Added filter static_user_filter (class=org.apache.hadoop.http.lib.StaticUserWebFilter$StaticUserFilter) to context static
2019-09-25 06:33:47,126 [main] INFO  http.HttpServer2 (HttpServer2.java:addFilter(958)) - Added filter static_user_filter (class=org.apache.hadoop.http.lib.StaticUserWebFilter$StaticUserFilter) to context logs
2019-09-25 06:33:47,127 [main] INFO  http.HttpServer2 (HttpServer2.java:bindListener(1191)) - Jetty bound to port 36693
2019-09-25 06:33:47,127 [main] INFO  server.Server (Server.java:doStart(351)) - jetty-9.3.25.v20180904, build timestamp: 2018-09-04T21:11:46Z, git hash: 3ce520221d0240229c862b122d2b06c12a625732
2019-09-25 06:33:47,129 [main] INFO  handler.ContextHandler (ContextHandler.java:doStart(781)) - Started o.e.j.s.ServletContextHandler@2cc75074{/logs,file:///workdir/hadoop-ozone/ozonefs/target/log,AVAILABLE}
2019-09-25 06:33:47,129 [main] INFO  handler.ContextHandler (ContextHandler.java:doStart(781)) - Started o.e.j.s.ServletContextHandler@b9a77c8{/static,jar:file:/home/user/.m2/repository/org/apache/hadoop/hadoop-hdds-container-service/0.5.0-SNAPSHOT/hadoop-hdds-container-service-0.5.0-SNAPSHOT.jar!/webapps/static,AVAILABLE}
2019-09-25 06:33:47,156 [main] INFO  handler.ContextHandler (ContextHandler.java:doStart(781)) - Started o.e.j.w.WebAppContext@37b52340{/,file:///tmp/jetty-0.0.0.0-36693-hddsDatanode-_-any-36698891875580853.dir/webapp/,AVAILABLE}{/hddsDatanode}
2019-09-25 06:33:47,156 [main] INFO  server.AbstractConnector (AbstractConnector.java:doStart(278)) - Started ServerConnector@663bb8ef{HTTP/1.1,[http/1.1]}{0.0.0.0:36693}
2019-09-25 06:33:47,157 [main] INFO  server.Server (Server.java:doStart(419)) - Started @64555ms
2019-09-25 06:33:47,157 [main] WARN  impl.MetricsSystemImpl (MetricsSystemImpl.java:register(276)) - Sink prometheus already exists!
2019-09-25 06:33:47,158 [main] INFO  server.BaseHttpServer (BaseHttpServer.java:updateConnectorAddress(215)) - HTTP server of HDDSDATANODE is listening at http://0.0.0.0:36693
2019-09-25 06:33:47,158 [main] INFO  impl.MetricsSystemImpl (MetricsSystemImpl.java:init(158)) - HddsDatanode metrics system started (again)
2019-09-25 06:33:47,160 [main] INFO  ozone.HddsDatanodeService (HddsDatanodeService.java:start(184)) - HddsDatanodeService host:pr-hdds-1569-s44lr-3492059363 ip:192.168.164.207
2019-09-25 06:33:47,162 [org.apache.hadoop.util.JvmPauseMonitor$Monitor@1c25e453] INFO  util.JvmPauseMonitor (JvmPauseMonitor.java:run(188)) - Starting JVM pause monitor
2019-09-25 06:33:47,165 [Datanode State Machine Thread - 0] INFO  datanode.InitDatanodeState (InitDatanodeState.java:persistContainerDatanodeDetails(140)) - DatanodeDetails is persisted to /workdir/hadoop-ozone/ozonefs/target/test-dir/MiniOzoneClusterImpl-d97e1daa-6e0c-4900-b1c9-997de4e3459a/datanode-4/meta/datanode.id
2019-09-25 06:33:47,166 [main] INFO  volume.HddsVolume (HddsVolume.java:<init>(176)) - Creating Volume: /workdir/hadoop-ozone/ozonefs/target/test-dir/MiniOzoneClusterImpl-d97e1daa-6e0c-4900-b1c9-997de4e3459a/datanode-5/data/containers/hdds of  storage type : DISK and capacity : 1482555576320
2019-09-25 06:33:47,166 [main] INFO  volume.VolumeSet (VolumeSet.java:initializeVolumeSet(170)) - Added Volume : /workdir/hadoop-ozone/ozonefs/target/test-dir/MiniOzoneClusterImpl-d97e1daa-6e0c-4900-b1c9-997de4e3459a/datanode-5/data/containers/hdds to VolumeSet
2019-09-25 06:33:47,166 [main] INFO  volume.ThrottledAsyncChecker (ThrottledAsyncChecker.java:schedule(139)) - Scheduling a check for org.apache.hadoop.ozone.container.common.volume.HddsVolume@6d5c2745
2019-09-25 06:33:47,167 [main] INFO  volume.HddsVolumeChecker (HddsVolumeChecker.java:checkAllVolumes(202)) - Scheduled health check for volume org.apache.hadoop.ozone.container.common.volume.HddsVolume@6d5c2745
2019-09-25 06:33:47,187 [main] INFO  impl.RaftServerProxy (ConfUtils.java:logGet(43)) - raft.rpc.type = GRPC (default)
2019-09-25 06:33:47,187 [main] INFO  grpc.GrpcFactory (GrpcFactory.java:checkPooledByteBufAllocatorUseCacheForAllThreads(45)) - PERFORMANCE WARNING: useCacheForAllThreads is true that may cause Netty to create a lot garbage objects and, as a result, trigger GC.
	It is recommended to disable useCacheForAllThreads by setting -Dorg.apache.ratis.thirdparty.io.netty.allocator.useCacheForAllThreads=false in command line.
2019-09-25 06:33:47,188 [main] INFO  grpc.GrpcConfigKeys$Server (ConfUtils.java:logGet(43)) - raft.grpc.server.port = 0 (default)
2019-09-25 06:33:47,188 [main] INFO  server.GrpcService (ConfUtils.java:logGet(43)) - raft.grpc.message.size.max = 33570816 (custom)
2019-09-25 06:33:47,188 [main] INFO  server.RaftServerConfigKeys (ConfUtils.java:logGet(43)) - raft.server.log.appender.buffer.byte-limit = 33554432 (custom)
2019-09-25 06:33:47,188 [main] INFO  server.GrpcService (ConfUtils.java:logGet(43)) - raft.grpc.flow.control.window = 1MB (=1048576) (default)
2019-09-25 06:33:47,188 [main] INFO  server.RaftServerConfigKeys (ConfUtils.java:logGet(43)) - raft.server.rpc.request.timeout = 3000ms (default)
2019-09-25 06:33:47,189 [main] INFO  server.RaftServerConfigKeys (ConfUtils.java:logGet(43)) - raft.server.storage.dir = [/workdir/hadoop-ozone/ozonefs/target/test-dir/MiniOzoneClusterImpl-d97e1daa-6e0c-4900-b1c9-997de4e3459a/datanode-5/data/ratis] (custom)
2019-09-25 06:33:47,190 [main] INFO  hdfs.DFSUtil (DFSUtil.java:httpServerTemplateForNNAndJN(1641)) - Starting Web-server for hddsDatanode at: http://0.0.0.0:0
2019-09-25 06:33:47,192 [main] INFO  server.AuthenticationFilter (AuthenticationFilter.java:constructSecretProvider(240)) - Unable to initialize FileSignerSecretProvider, falling back to use random secrets.
2019-09-25 06:33:47,192 [main] WARN  http.HttpRequestLog (HttpRequestLog.java:getRequestLog(97)) - Jetty request log can only be enabled using Log4j
2019-09-25 06:33:47,194 [main] INFO  http.HttpServer2 (HttpServer2.java:addGlobalFilter(975)) - Added global filter 'safety' (class=org.apache.hadoop.http.HttpServer2$QuotingInputFilter)
2019-09-25 06:33:47,195 [main] INFO  http.HttpServer2 (HttpServer2.java:addFilter(948)) - Added filter static_user_filter (class=org.apache.hadoop.http.lib.StaticUserWebFilter$StaticUserFilter) to context hddsDatanode
2019-09-25 06:33:47,195 [main] INFO  http.HttpServer2 (HttpServer2.java:addFilter(958)) - Added filter static_user_filter (class=org.apache.hadoop.http.lib.StaticUserWebFilter$StaticUserFilter) to context static
2019-09-25 06:33:47,195 [main] INFO  http.HttpServer2 (HttpServer2.java:addFilter(958)) - Added filter static_user_filter (class=org.apache.hadoop.http.lib.StaticUserWebFilter$StaticUserFilter) to context logs
2019-09-25 06:33:47,196 [main] INFO  http.HttpServer2 (HttpServer2.java:bindListener(1191)) - Jetty bound to port 39677
2019-09-25 06:33:47,196 [main] INFO  server.Server (Server.java:doStart(351)) - jetty-9.3.25.v20180904, build timestamp: 2018-09-04T21:11:46Z, git hash: 3ce520221d0240229c862b122d2b06c12a625732
2019-09-25 06:33:47,197 [main] INFO  handler.ContextHandler (ContextHandler.java:doStart(781)) - Started o.e.j.s.ServletContextHandler@4bd51d3e{/logs,file:///workdir/hadoop-ozone/ozonefs/target/log,AVAILABLE}
2019-09-25 06:33:47,198 [main] INFO  handler.ContextHandler (ContextHandler.java:doStart(781)) - Started o.e.j.s.ServletContextHandler@4b74b35{/static,jar:file:/home/user/.m2/repository/org/apache/hadoop/hadoop-hdds-container-service/0.5.0-SNAPSHOT/hadoop-hdds-container-service-0.5.0-SNAPSHOT.jar!/webapps/static,AVAILABLE}
2019-09-25 06:33:47,224 [main] INFO  handler.ContextHandler (ContextHandler.java:doStart(781)) - Started o.e.j.w.WebAppContext@12704e15{/,file:///tmp/jetty-0.0.0.0-39677-hddsDatanode-_-any-3430860989837954719.dir/webapp/,AVAILABLE}{/hddsDatanode}
2019-09-25 06:33:47,225 [main] INFO  server.AbstractConnector (AbstractConnector.java:doStart(278)) - Started ServerConnector@512575e9{HTTP/1.1,[http/1.1]}{0.0.0.0:39677}
2019-09-25 06:33:47,225 [main] INFO  server.Server (Server.java:doStart(419)) - Started @64624ms
2019-09-25 06:33:47,226 [main] WARN  impl.MetricsSystemImpl (MetricsSystemImpl.java:register(276)) - Sink prometheus already exists!
2019-09-25 06:33:47,226 [main] INFO  server.BaseHttpServer (BaseHttpServer.java:updateConnectorAddress(215)) - HTTP server of HDDSDATANODE is listening at http://0.0.0.0:39677
2019-09-25 06:33:47,227 [main] INFO  impl.MetricsSystemImpl (MetricsSystemImpl.java:init(158)) - HddsDatanode metrics system started (again)
2019-09-25 06:33:47,229 [org.apache.hadoop.util.JvmPauseMonitor$Monitor@18f25e80] INFO  util.JvmPauseMonitor (JvmPauseMonitor.java:run(188)) - Starting JVM pause monitor
2019-09-25 06:33:47,229 [main] INFO  ozone.HddsDatanodeService (HddsDatanodeService.java:start(184)) - HddsDatanodeService host:pr-hdds-1569-s44lr-3492059363 ip:192.168.164.207
2019-09-25 06:33:47,232 [Datanode State Machine Thread - 0] INFO  datanode.InitDatanodeState (InitDatanodeState.java:persistContainerDatanodeDetails(140)) - DatanodeDetails is persisted to /workdir/hadoop-ozone/ozonefs/target/test-dir/MiniOzoneClusterImpl-d97e1daa-6e0c-4900-b1c9-997de4e3459a/datanode-5/meta/datanode.id
2019-09-25 06:33:47,234 [main] INFO  volume.HddsVolume (HddsVolume.java:<init>(176)) - Creating Volume: /workdir/hadoop-ozone/ozonefs/target/test-dir/MiniOzoneClusterImpl-d97e1daa-6e0c-4900-b1c9-997de4e3459a/datanode-6/data/containers/hdds of  storage type : DISK and capacity : 1482555576320
2019-09-25 06:33:47,234 [main] INFO  volume.VolumeSet (VolumeSet.java:initializeVolumeSet(170)) - Added Volume : /workdir/hadoop-ozone/ozonefs/target/test-dir/MiniOzoneClusterImpl-d97e1daa-6e0c-4900-b1c9-997de4e3459a/datanode-6/data/containers/hdds to VolumeSet
2019-09-25 06:33:47,234 [main] INFO  volume.ThrottledAsyncChecker (ThrottledAsyncChecker.java:schedule(139)) - Scheduling a check for org.apache.hadoop.ozone.container.common.volume.HddsVolume@67064bdc
2019-09-25 06:33:47,235 [main] INFO  volume.HddsVolumeChecker (HddsVolumeChecker.java:checkAllVolumes(202)) - Scheduled health check for volume org.apache.hadoop.ozone.container.common.volume.HddsVolume@67064bdc
2019-09-25 06:33:47,256 [main] INFO  impl.RaftServerProxy (ConfUtils.java:logGet(43)) - raft.rpc.type = GRPC (default)
2019-09-25 06:33:47,256 [main] INFO  grpc.GrpcFactory (GrpcFactory.java:checkPooledByteBufAllocatorUseCacheForAllThreads(45)) - PERFORMANCE WARNING: useCacheForAllThreads is true that may cause Netty to create a lot garbage objects and, as a result, trigger GC.
	It is recommended to disable useCacheForAllThreads by setting -Dorg.apache.ratis.thirdparty.io.netty.allocator.useCacheForAllThreads=false in command line.
2019-09-25 06:33:47,256 [main] INFO  grpc.GrpcConfigKeys$Server (ConfUtils.java:logGet(43)) - raft.grpc.server.port = 0 (default)
2019-09-25 06:33:47,257 [main] INFO  server.GrpcService (ConfUtils.java:logGet(43)) - raft.grpc.message.size.max = 33570816 (custom)
2019-09-25 06:33:47,257 [main] INFO  server.RaftServerConfigKeys (ConfUtils.java:logGet(43)) - raft.server.log.appender.buffer.byte-limit = 33554432 (custom)
2019-09-25 06:33:47,257 [main] INFO  server.GrpcService (ConfUtils.java:logGet(43)) - raft.grpc.flow.control.window = 1MB (=1048576) (default)
2019-09-25 06:33:47,257 [main] INFO  server.RaftServerConfigKeys (ConfUtils.java:logGet(43)) - raft.server.rpc.request.timeout = 3000ms (default)
2019-09-25 06:33:47,258 [main] INFO  server.RaftServerConfigKeys (ConfUtils.java:logGet(43)) - raft.server.storage.dir = [/workdir/hadoop-ozone/ozonefs/target/test-dir/MiniOzoneClusterImpl-d97e1daa-6e0c-4900-b1c9-997de4e3459a/datanode-6/data/ratis] (custom)
2019-09-25 06:33:47,259 [main] INFO  hdfs.DFSUtil (DFSUtil.java:httpServerTemplateForNNAndJN(1641)) - Starting Web-server for hddsDatanode at: http://0.0.0.0:0
2019-09-25 06:33:47,261 [main] INFO  server.AuthenticationFilter (AuthenticationFilter.java:constructSecretProvider(240)) - Unable to initialize FileSignerSecretProvider, falling back to use random secrets.
2019-09-25 06:33:47,261 [main] WARN  http.HttpRequestLog (HttpRequestLog.java:getRequestLog(97)) - Jetty request log can only be enabled using Log4j
2019-09-25 06:33:47,263 [main] INFO  http.HttpServer2 (HttpServer2.java:addGlobalFilter(975)) - Added global filter 'safety' (class=org.apache.hadoop.http.HttpServer2$QuotingInputFilter)
2019-09-25 06:33:47,264 [main] INFO  http.HttpServer2 (HttpServer2.java:addFilter(948)) - Added filter static_user_filter (class=org.apache.hadoop.http.lib.StaticUserWebFilter$StaticUserFilter) to context hddsDatanode
2019-09-25 06:33:47,264 [main] INFO  http.HttpServer2 (HttpServer2.java:addFilter(958)) - Added filter static_user_filter (class=org.apache.hadoop.http.lib.StaticUserWebFilter$StaticUserFilter) to context logs
2019-09-25 06:33:47,264 [main] INFO  http.HttpServer2 (HttpServer2.java:addFilter(958)) - Added filter static_user_filter (class=org.apache.hadoop.http.lib.StaticUserWebFilter$StaticUserFilter) to context static
2019-09-25 06:33:47,265 [main] INFO  http.HttpServer2 (HttpServer2.java:bindListener(1191)) - Jetty bound to port 45816
2019-09-25 06:33:47,265 [main] INFO  server.Server (Server.java:doStart(351)) - jetty-9.3.25.v20180904, build timestamp: 2018-09-04T21:11:46Z, git hash: 3ce520221d0240229c862b122d2b06c12a625732
2019-09-25 06:33:47,267 [main] INFO  handler.ContextHandler (ContextHandler.java:doStart(781)) - Started o.e.j.s.ServletContextHandler@6535117e{/logs,file:///workdir/hadoop-ozone/ozonefs/target/log,AVAILABLE}
2019-09-25 06:33:47,267 [main] INFO  handler.ContextHandler (ContextHandler.java:doStart(781)) - Started o.e.j.s.ServletContextHandler@6fa13e6{/static,jar:file:/home/user/.m2/repository/org/apache/hadoop/hadoop-hdds-container-service/0.5.0-SNAPSHOT/hadoop-hdds-container-service-0.5.0-SNAPSHOT.jar!/webapps/static,AVAILABLE}
2019-09-25 06:33:47,298 [main] INFO  handler.ContextHandler (ContextHandler.java:doStart(781)) - Started o.e.j.w.WebAppContext@37045b48{/,file:///tmp/jetty-0.0.0.0-45816-hddsDatanode-_-any-5393445455013309002.dir/webapp/,AVAILABLE}{/hddsDatanode}
2019-09-25 06:33:47,299 [main] INFO  server.AbstractConnector (AbstractConnector.java:doStart(278)) - Started ServerConnector@60b34931{HTTP/1.1,[http/1.1]}{0.0.0.0:45816}
2019-09-25 06:33:47,299 [main] INFO  server.Server (Server.java:doStart(419)) - Started @64697ms
2019-09-25 06:33:47,299 [main] WARN  impl.MetricsSystemImpl (MetricsSystemImpl.java:register(276)) - Sink prometheus already exists!
2019-09-25 06:33:47,300 [main] INFO  server.BaseHttpServer (BaseHttpServer.java:updateConnectorAddress(215)) - HTTP server of HDDSDATANODE is listening at http://0.0.0.0:45816
2019-09-25 06:33:47,300 [main] INFO  impl.MetricsSystemImpl (MetricsSystemImpl.java:init(158)) - HddsDatanode metrics system started (again)
2019-09-25 06:33:47,303 [org.apache.hadoop.util.JvmPauseMonitor$Monitor@9e73b2d] INFO  util.JvmPauseMonitor (JvmPauseMonitor.java:run(188)) - Starting JVM pause monitor
2019-09-25 06:33:47,303 [main] INFO  ozone.HddsDatanodeService (HddsDatanodeService.java:start(184)) - HddsDatanodeService host:pr-hdds-1569-s44lr-3492059363 ip:192.168.164.207
2019-09-25 06:33:47,305 [Datanode State Machine Thread - 0] INFO  datanode.InitDatanodeState (InitDatanodeState.java:persistContainerDatanodeDetails(140)) - DatanodeDetails is persisted to /workdir/hadoop-ozone/ozonefs/target/test-dir/MiniOzoneClusterImpl-d97e1daa-6e0c-4900-b1c9-997de4e3459a/datanode-6/meta/datanode.id
2019-09-25 06:33:47,308 [main] INFO  volume.HddsVolume (HddsVolume.java:<init>(176)) - Creating Volume: /workdir/hadoop-ozone/ozonefs/target/test-dir/MiniOzoneClusterImpl-d97e1daa-6e0c-4900-b1c9-997de4e3459a/datanode-7/data/containers/hdds of  storage type : DISK and capacity : 1482555576320
2019-09-25 06:33:47,308 [main] INFO  volume.VolumeSet (VolumeSet.java:initializeVolumeSet(170)) - Added Volume : /workdir/hadoop-ozone/ozonefs/target/test-dir/MiniOzoneClusterImpl-d97e1daa-6e0c-4900-b1c9-997de4e3459a/datanode-7/data/containers/hdds to VolumeSet
2019-09-25 06:33:47,308 [main] INFO  volume.ThrottledAsyncChecker (ThrottledAsyncChecker.java:schedule(139)) - Scheduling a check for org.apache.hadoop.ozone.container.common.volume.HddsVolume@329bad59
2019-09-25 06:33:47,309 [main] INFO  volume.HddsVolumeChecker (HddsVolumeChecker.java:checkAllVolumes(202)) - Scheduled health check for volume org.apache.hadoop.ozone.container.common.volume.HddsVolume@329bad59
2019-09-25 06:33:47,328 [main] INFO  impl.RaftServerProxy (ConfUtils.java:logGet(43)) - raft.rpc.type = GRPC (default)
2019-09-25 06:33:47,328 [main] INFO  grpc.GrpcFactory (GrpcFactory.java:checkPooledByteBufAllocatorUseCacheForAllThreads(45)) - PERFORMANCE WARNING: useCacheForAllThreads is true that may cause Netty to create a lot garbage objects and, as a result, trigger GC.
	It is recommended to disable useCacheForAllThreads by setting -Dorg.apache.ratis.thirdparty.io.netty.allocator.useCacheForAllThreads=false in command line.
2019-09-25 06:33:47,328 [main] INFO  grpc.GrpcConfigKeys$Server (ConfUtils.java:logGet(43)) - raft.grpc.server.port = 0 (default)
2019-09-25 06:33:47,328 [main] INFO  server.GrpcService (ConfUtils.java:logGet(43)) - raft.grpc.message.size.max = 33570816 (custom)
2019-09-25 06:33:47,329 [main] INFO  server.RaftServerConfigKeys (ConfUtils.java:logGet(43)) - raft.server.log.appender.buffer.byte-limit = 33554432 (custom)
2019-09-25 06:33:47,329 [main] INFO  server.GrpcService (ConfUtils.java:logGet(43)) - raft.grpc.flow.control.window = 1MB (=1048576) (default)
2019-09-25 06:33:47,329 [main] INFO  server.RaftServerConfigKeys (ConfUtils.java:logGet(43)) - raft.server.rpc.request.timeout = 3000ms (default)
2019-09-25 06:33:47,330 [main] INFO  server.RaftServerConfigKeys (ConfUtils.java:logGet(43)) - raft.server.storage.dir = [/workdir/hadoop-ozone/ozonefs/target/test-dir/MiniOzoneClusterImpl-d97e1daa-6e0c-4900-b1c9-997de4e3459a/datanode-7/data/ratis] (custom)
2019-09-25 06:33:47,331 [main] INFO  hdfs.DFSUtil (DFSUtil.java:httpServerTemplateForNNAndJN(1641)) - Starting Web-server for hddsDatanode at: http://0.0.0.0:0
2019-09-25 06:33:47,332 [main] INFO  server.AuthenticationFilter (AuthenticationFilter.java:constructSecretProvider(240)) - Unable to initialize FileSignerSecretProvider, falling back to use random secrets.
2019-09-25 06:33:47,333 [main] WARN  http.HttpRequestLog (HttpRequestLog.java:getRequestLog(97)) - Jetty request log can only be enabled using Log4j
2019-09-25 06:33:47,334 [main] INFO  http.HttpServer2 (HttpServer2.java:addGlobalFilter(975)) - Added global filter 'safety' (class=org.apache.hadoop.http.HttpServer2$QuotingInputFilter)
2019-09-25 06:33:47,335 [main] INFO  http.HttpServer2 (HttpServer2.java:addFilter(948)) - Added filter static_user_filter (class=org.apache.hadoop.http.lib.StaticUserWebFilter$StaticUserFilter) to context hddsDatanode
2019-09-25 06:33:47,335 [main] INFO  http.HttpServer2 (HttpServer2.java:addFilter(958)) - Added filter static_user_filter (class=org.apache.hadoop.http.lib.StaticUserWebFilter$StaticUserFilter) to context static
2019-09-25 06:33:47,335 [main] INFO  http.HttpServer2 (HttpServer2.java:addFilter(958)) - Added filter static_user_filter (class=org.apache.hadoop.http.lib.StaticUserWebFilter$StaticUserFilter) to context logs
2019-09-25 06:33:47,336 [main] INFO  http.HttpServer2 (HttpServer2.java:bindListener(1191)) - Jetty bound to port 35410
2019-09-25 06:33:47,336 [main] INFO  server.Server (Server.java:doStart(351)) - jetty-9.3.25.v20180904, build timestamp: 2018-09-04T21:11:46Z, git hash: 3ce520221d0240229c862b122d2b06c12a625732
2019-09-25 06:33:47,338 [main] INFO  handler.ContextHandler (ContextHandler.java:doStart(781)) - Started o.e.j.s.ServletContextHandler@65f651eb{/logs,file:///workdir/hadoop-ozone/ozonefs/target/log,AVAILABLE}
2019-09-25 06:33:47,338 [main] INFO  handler.ContextHandler (ContextHandler.java:doStart(781)) - Started o.e.j.s.ServletContextHandler@1f1ff879{/static,jar:file:/home/user/.m2/repository/org/apache/hadoop/hadoop-hdds-container-service/0.5.0-SNAPSHOT/hadoop-hdds-container-service-0.5.0-SNAPSHOT.jar!/webapps/static,AVAILABLE}
2019-09-25 06:33:47,364 [main] INFO  handler.ContextHandler (ContextHandler.java:doStart(781)) - Started o.e.j.w.WebAppContext@20d87335{/,file:///tmp/jetty-0.0.0.0-35410-hddsDatanode-_-any-3357104576941207638.dir/webapp/,AVAILABLE}{/hddsDatanode}
2019-09-25 06:33:47,365 [main] INFO  server.AbstractConnector (AbstractConnector.java:doStart(278)) - Started ServerConnector@2a8a4e0c{HTTP/1.1,[http/1.1]}{0.0.0.0:35410}
2019-09-25 06:33:47,366 [main] INFO  server.Server (Server.java:doStart(419)) - Started @64764ms
2019-09-25 06:33:47,366 [main] WARN  impl.MetricsSystemImpl (MetricsSystemImpl.java:register(276)) - Sink prometheus already exists!
2019-09-25 06:33:47,367 [main] INFO  server.BaseHttpServer (BaseHttpServer.java:updateConnectorAddress(215)) - HTTP server of HDDSDATANODE is listening at http://0.0.0.0:35410
2019-09-25 06:33:47,367 [main] INFO  impl.MetricsSystemImpl (MetricsSystemImpl.java:init(158)) - HddsDatanode metrics system started (again)
2019-09-25 06:33:47,371 [org.apache.hadoop.util.JvmPauseMonitor$Monitor@7501ef03] INFO  util.JvmPauseMonitor (JvmPauseMonitor.java:run(188)) - Starting JVM pause monitor
2019-09-25 06:33:47,372 [main] INFO  ozone.HddsDatanodeService (HddsDatanodeService.java:start(184)) - HddsDatanodeService host:pr-hdds-1569-s44lr-3492059363 ip:192.168.164.207
2019-09-25 06:33:47,374 [Datanode State Machine Thread - 0] INFO  datanode.InitDatanodeState (InitDatanodeState.java:persistContainerDatanodeDetails(140)) - DatanodeDetails is persisted to /workdir/hadoop-ozone/ozonefs/target/test-dir/MiniOzoneClusterImpl-d97e1daa-6e0c-4900-b1c9-997de4e3459a/datanode-7/meta/datanode.id
2019-09-25 06:33:47,378 [main] INFO  volume.HddsVolume (HddsVolume.java:<init>(176)) - Creating Volume: /workdir/hadoop-ozone/ozonefs/target/test-dir/MiniOzoneClusterImpl-d97e1daa-6e0c-4900-b1c9-997de4e3459a/datanode-8/data/containers/hdds of  storage type : DISK and capacity : 1482555576320
2019-09-25 06:33:47,379 [main] INFO  volume.VolumeSet (VolumeSet.java:initializeVolumeSet(170)) - Added Volume : /workdir/hadoop-ozone/ozonefs/target/test-dir/MiniOzoneClusterImpl-d97e1daa-6e0c-4900-b1c9-997de4e3459a/datanode-8/data/containers/hdds to VolumeSet
2019-09-25 06:33:47,379 [main] INFO  volume.ThrottledAsyncChecker (ThrottledAsyncChecker.java:schedule(139)) - Scheduling a check for org.apache.hadoop.ozone.container.common.volume.HddsVolume@5b7c8930
2019-09-25 06:33:47,380 [main] INFO  volume.HddsVolumeChecker (HddsVolumeChecker.java:checkAllVolumes(202)) - Scheduled health check for volume org.apache.hadoop.ozone.container.common.volume.HddsVolume@5b7c8930
2019-09-25 06:33:47,409 [main] INFO  impl.RaftServerProxy (ConfUtils.java:logGet(43)) - raft.rpc.type = GRPC (default)
2019-09-25 06:33:47,409 [main] INFO  grpc.GrpcFactory (GrpcFactory.java:checkPooledByteBufAllocatorUseCacheForAllThreads(45)) - PERFORMANCE WARNING: useCacheForAllThreads is true that may cause Netty to create a lot garbage objects and, as a result, trigger GC.
	It is recommended to disable useCacheForAllThreads by setting -Dorg.apache.ratis.thirdparty.io.netty.allocator.useCacheForAllThreads=false in command line.
2019-09-25 06:33:47,409 [main] INFO  grpc.GrpcConfigKeys$Server (ConfUtils.java:logGet(43)) - raft.grpc.server.port = 0 (default)
2019-09-25 06:33:47,410 [main] INFO  server.GrpcService (ConfUtils.java:logGet(43)) - raft.grpc.message.size.max = 33570816 (custom)
2019-09-25 06:33:47,410 [main] INFO  server.RaftServerConfigKeys (ConfUtils.java:logGet(43)) - raft.server.log.appender.buffer.byte-limit = 33554432 (custom)
2019-09-25 06:33:47,410 [main] INFO  server.GrpcService (ConfUtils.java:logGet(43)) - raft.grpc.flow.control.window = 1MB (=1048576) (default)
2019-09-25 06:33:47,411 [main] INFO  server.RaftServerConfigKeys (ConfUtils.java:logGet(43)) - raft.server.rpc.request.timeout = 3000ms (default)
2019-09-25 06:33:47,411 [main] INFO  server.RaftServerConfigKeys (ConfUtils.java:logGet(43)) - raft.server.storage.dir = [/workdir/hadoop-ozone/ozonefs/target/test-dir/MiniOzoneClusterImpl-d97e1daa-6e0c-4900-b1c9-997de4e3459a/datanode-8/data/ratis] (custom)
2019-09-25 06:33:47,413 [main] INFO  hdfs.DFSUtil (DFSUtil.java:httpServerTemplateForNNAndJN(1641)) - Starting Web-server for hddsDatanode at: http://0.0.0.0:0
2019-09-25 06:33:47,416 [main] INFO  server.AuthenticationFilter (AuthenticationFilter.java:constructSecretProvider(240)) - Unable to initialize FileSignerSecretProvider, falling back to use random secrets.
2019-09-25 06:33:47,416 [main] WARN  http.HttpRequestLog (HttpRequestLog.java:getRequestLog(97)) - Jetty request log can only be enabled using Log4j
2019-09-25 06:33:47,418 [main] INFO  http.HttpServer2 (HttpServer2.java:addGlobalFilter(975)) - Added global filter 'safety' (class=org.apache.hadoop.http.HttpServer2$QuotingInputFilter)
2019-09-25 06:33:47,419 [main] INFO  http.HttpServer2 (HttpServer2.java:addFilter(948)) - Added filter static_user_filter (class=org.apache.hadoop.http.lib.StaticUserWebFilter$StaticUserFilter) to context hddsDatanode
2019-09-25 06:33:47,419 [main] INFO  http.HttpServer2 (HttpServer2.java:addFilter(958)) - Added filter static_user_filter (class=org.apache.hadoop.http.lib.StaticUserWebFilter$StaticUserFilter) to context static
2019-09-25 06:33:47,419 [main] INFO  http.HttpServer2 (HttpServer2.java:addFilter(958)) - Added filter static_user_filter (class=org.apache.hadoop.http.lib.StaticUserWebFilter$StaticUserFilter) to context logs
2019-09-25 06:33:47,420 [main] INFO  http.HttpServer2 (HttpServer2.java:bindListener(1191)) - Jetty bound to port 35427
2019-09-25 06:33:47,420 [main] INFO  server.Server (Server.java:doStart(351)) - jetty-9.3.25.v20180904, build timestamp: 2018-09-04T21:11:46Z, git hash: 3ce520221d0240229c862b122d2b06c12a625732
2019-09-25 06:33:47,422 [main] INFO  handler.ContextHandler (ContextHandler.java:doStart(781)) - Started o.e.j.s.ServletContextHandler@38e7ed69{/logs,file:///workdir/hadoop-ozone/ozonefs/target/log,AVAILABLE}
2019-09-25 06:33:47,423 [main] INFO  handler.ContextHandler (ContextHandler.java:doStart(781)) - Started o.e.j.s.ServletContextHandler@78b612c6{/static,jar:file:/home/user/.m2/repository/org/apache/hadoop/hadoop-hdds-container-service/0.5.0-SNAPSHOT/hadoop-hdds-container-service-0.5.0-SNAPSHOT.jar!/webapps/static,AVAILABLE}
2019-09-25 06:33:47,453 [main] INFO  handler.ContextHandler (ContextHandler.java:doStart(781)) - Started o.e.j.w.WebAppContext@6c5ddccd{/,file:///tmp/jetty-0.0.0.0-35427-hddsDatanode-_-any-475941747225652459.dir/webapp/,AVAILABLE}{/hddsDatanode}
2019-09-25 06:33:47,454 [main] INFO  server.AbstractConnector (AbstractConnector.java:doStart(278)) - Started ServerConnector@1dbd580{HTTP/1.1,[http/1.1]}{0.0.0.0:35427}
2019-09-25 06:33:47,455 [main] INFO  server.Server (Server.java:doStart(419)) - Started @64853ms
2019-09-25 06:33:47,455 [main] WARN  impl.MetricsSystemImpl (MetricsSystemImpl.java:register(276)) - Sink prometheus already exists!
2019-09-25 06:33:47,456 [main] INFO  server.BaseHttpServer (BaseHttpServer.java:updateConnectorAddress(215)) - HTTP server of HDDSDATANODE is listening at http://0.0.0.0:35427
2019-09-25 06:33:47,456 [main] INFO  impl.MetricsSystemImpl (MetricsSystemImpl.java:init(158)) - HddsDatanode metrics system started (again)
2019-09-25 06:33:47,462 [org.apache.hadoop.util.JvmPauseMonitor$Monitor@6533f544] INFO  util.JvmPauseMonitor (JvmPauseMonitor.java:run(188)) - Starting JVM pause monitor
2019-09-25 06:33:47,462 [main] INFO  ozone.HddsDatanodeService (HddsDatanodeService.java:start(184)) - HddsDatanodeService host:pr-hdds-1569-s44lr-3492059363 ip:192.168.164.207
2019-09-25 06:33:47,465 [Datanode State Machine Thread - 0] INFO  datanode.InitDatanodeState (InitDatanodeState.java:persistContainerDatanodeDetails(140)) - DatanodeDetails is persisted to /workdir/hadoop-ozone/ozonefs/target/test-dir/MiniOzoneClusterImpl-d97e1daa-6e0c-4900-b1c9-997de4e3459a/datanode-8/meta/datanode.id
2019-09-25 06:33:47,469 [main] INFO  volume.HddsVolume (HddsVolume.java:<init>(176)) - Creating Volume: /workdir/hadoop-ozone/ozonefs/target/test-dir/MiniOzoneClusterImpl-d97e1daa-6e0c-4900-b1c9-997de4e3459a/datanode-9/data/containers/hdds of  storage type : DISK and capacity : 1482555576320
2019-09-25 06:33:47,469 [main] INFO  volume.VolumeSet (VolumeSet.java:initializeVolumeSet(170)) - Added Volume : /workdir/hadoop-ozone/ozonefs/target/test-dir/MiniOzoneClusterImpl-d97e1daa-6e0c-4900-b1c9-997de4e3459a/datanode-9/data/containers/hdds to VolumeSet
2019-09-25 06:33:47,470 [main] INFO  volume.ThrottledAsyncChecker (ThrottledAsyncChecker.java:schedule(139)) - Scheduling a check for org.apache.hadoop.ozone.container.common.volume.HddsVolume@69d45cca
2019-09-25 06:33:47,470 [main] INFO  volume.HddsVolumeChecker (HddsVolumeChecker.java:checkAllVolumes(202)) - Scheduled health check for volume org.apache.hadoop.ozone.container.common.volume.HddsVolume@69d45cca
2019-09-25 06:33:47,490 [main] INFO  impl.RaftServerProxy (ConfUtils.java:logGet(43)) - raft.rpc.type = GRPC (default)
2019-09-25 06:33:47,491 [main] INFO  grpc.GrpcFactory (GrpcFactory.java:checkPooledByteBufAllocatorUseCacheForAllThreads(45)) - PERFORMANCE WARNING: useCacheForAllThreads is true that may cause Netty to create a lot garbage objects and, as a result, trigger GC.
	It is recommended to disable useCacheForAllThreads by setting -Dorg.apache.ratis.thirdparty.io.netty.allocator.useCacheForAllThreads=false in command line.
2019-09-25 06:33:47,491 [main] INFO  grpc.GrpcConfigKeys$Server (ConfUtils.java:logGet(43)) - raft.grpc.server.port = 0 (default)
2019-09-25 06:33:47,491 [main] INFO  server.GrpcService (ConfUtils.java:logGet(43)) - raft.grpc.message.size.max = 33570816 (custom)
2019-09-25 06:33:47,491 [main] INFO  server.RaftServerConfigKeys (ConfUtils.java:logGet(43)) - raft.server.log.appender.buffer.byte-limit = 33554432 (custom)
2019-09-25 06:33:47,491 [main] INFO  server.GrpcService (ConfUtils.java:logGet(43)) - raft.grpc.flow.control.window = 1MB (=1048576) (default)
2019-09-25 06:33:47,491 [main] INFO  server.RaftServerConfigKeys (ConfUtils.java:logGet(43)) - raft.server.rpc.request.timeout = 3000ms (default)
2019-09-25 06:33:47,492 [main] INFO  server.RaftServerConfigKeys (ConfUtils.java:logGet(43)) - raft.server.storage.dir = [/workdir/hadoop-ozone/ozonefs/target/test-dir/MiniOzoneClusterImpl-d97e1daa-6e0c-4900-b1c9-997de4e3459a/datanode-9/data/ratis] (custom)
2019-09-25 06:33:47,493 [main] INFO  hdfs.DFSUtil (DFSUtil.java:httpServerTemplateForNNAndJN(1641)) - Starting Web-server for hddsDatanode at: http://0.0.0.0:0
2019-09-25 06:33:47,494 [main] INFO  server.AuthenticationFilter (AuthenticationFilter.java:constructSecretProvider(240)) - Unable to initialize FileSignerSecretProvider, falling back to use random secrets.
2019-09-25 06:33:47,495 [main] WARN  http.HttpRequestLog (HttpRequestLog.java:getRequestLog(97)) - Jetty request log can only be enabled using Log4j
2019-09-25 06:33:47,496 [main] INFO  http.HttpServer2 (HttpServer2.java:addGlobalFilter(975)) - Added global filter 'safety' (class=org.apache.hadoop.http.HttpServer2$QuotingInputFilter)
2019-09-25 06:33:47,497 [main] INFO  http.HttpServer2 (HttpServer2.java:addFilter(948)) - Added filter static_user_filter (class=org.apache.hadoop.http.lib.StaticUserWebFilter$StaticUserFilter) to context hddsDatanode
2019-09-25 06:33:47,497 [main] INFO  http.HttpServer2 (HttpServer2.java:addFilter(958)) - Added filter static_user_filter (class=org.apache.hadoop.http.lib.StaticUserWebFilter$StaticUserFilter) to context static
2019-09-25 06:33:47,497 [main] INFO  http.HttpServer2 (HttpServer2.java:addFilter(958)) - Added filter static_user_filter (class=org.apache.hadoop.http.lib.StaticUserWebFilter$StaticUserFilter) to context logs
2019-09-25 06:33:47,498 [main] INFO  http.HttpServer2 (HttpServer2.java:bindListener(1191)) - Jetty bound to port 34249
2019-09-25 06:33:47,498 [main] INFO  server.Server (Server.java:doStart(351)) - jetty-9.3.25.v20180904, build timestamp: 2018-09-04T21:11:46Z, git hash: 3ce520221d0240229c862b122d2b06c12a625732
2019-09-25 06:33:47,499 [main] INFO  handler.ContextHandler (ContextHandler.java:doStart(781)) - Started o.e.j.s.ServletContextHandler@c29fe36{/logs,file:///workdir/hadoop-ozone/ozonefs/target/log,AVAILABLE}
2019-09-25 06:33:47,500 [main] INFO  handler.ContextHandler (ContextHandler.java:doStart(781)) - Started o.e.j.s.ServletContextHandler@4d266391{/static,jar:file:/home/user/.m2/repository/org/apache/hadoop/hadoop-hdds-container-service/0.5.0-SNAPSHOT/hadoop-hdds-container-service-0.5.0-SNAPSHOT.jar!/webapps/static,AVAILABLE}
2019-09-25 06:33:47,523 [main] INFO  handler.ContextHandler (ContextHandler.java:doStart(781)) - Started o.e.j.w.WebAppContext@11c3ff67{/,file:///tmp/jetty-0.0.0.0-34249-hddsDatanode-_-any-7546635048553326192.dir/webapp/,AVAILABLE}{/hddsDatanode}
2019-09-25 06:33:47,524 [main] INFO  server.AbstractConnector (AbstractConnector.java:doStart(278)) - Started ServerConnector@4397a639{HTTP/1.1,[http/1.1]}{0.0.0.0:34249}
2019-09-25 06:33:47,525 [main] INFO  server.Server (Server.java:doStart(419)) - Started @64923ms
2019-09-25 06:33:47,525 [main] WARN  impl.MetricsSystemImpl (MetricsSystemImpl.java:register(276)) - Sink prometheus already exists!
2019-09-25 06:33:47,526 [main] INFO  server.BaseHttpServer (BaseHttpServer.java:updateConnectorAddress(215)) - HTTP server of HDDSDATANODE is listening at http://0.0.0.0:34249
2019-09-25 06:33:47,530 [main] INFO  ozone.MiniOzoneClusterImpl (MiniOzoneClusterImpl.java:lambda$waitForClusterToBeReady$0(147)) - Waiting for cluster to be ready. Got 0 of 10 DN Heartbeats.
2019-09-25 06:33:47,531 [org.apache.hadoop.util.JvmPauseMonitor$Monitor@36063cc9] INFO  util.JvmPauseMonitor (JvmPauseMonitor.java:run(188)) - Starting JVM pause monitor
2019-09-25 06:33:47,535 [Datanode State Machine Thread - 0] INFO  datanode.InitDatanodeState (InitDatanodeState.java:persistContainerDatanodeDetails(140)) - DatanodeDetails is persisted to /workdir/hadoop-ozone/ozonefs/target/test-dir/MiniOzoneClusterImpl-d97e1daa-6e0c-4900-b1c9-997de4e3459a/datanode-9/meta/datanode.id
2019-09-25 06:33:48,531 [main] INFO  ozone.MiniOzoneClusterImpl (MiniOzoneClusterImpl.java:lambda$waitForClusterToBeReady$0(147)) - Waiting for cluster to be ready. Got 0 of 10 DN Heartbeats.
2019-09-25 06:33:48,973 [Datanode State Machine Thread - 0] INFO  ozoneimpl.OzoneContainer (OzoneContainer.java:start(217)) - Attempting to start container services.
2019-09-25 06:33:48,975 [Datanode State Machine Thread - 0] INFO  ozoneimpl.OzoneContainer (OzoneContainer.java:startContainerScrub(179)) - Background container scanner has been disabled.
2019-09-25 06:33:48,975 [Datanode State Machine Thread - 0] INFO  ratis.XceiverServerRatis (XceiverServerRatis.java:start(411)) - Starting XceiverServerRatis 81f06f72-72c9-4329-855f-4bc73f7e5da2 at port 0
2019-09-25 06:33:48,975 [Datanode State Machine Thread - 0] INFO  ozoneimpl.OzoneContainer (OzoneContainer.java:start(217)) - Attempting to start container services.
2019-09-25 06:33:48,982 [Datanode State Machine Thread - 0] INFO  ozoneimpl.OzoneContainer (OzoneContainer.java:startContainerScrub(179)) - Background container scanner has been disabled.
2019-09-25 06:33:48,982 [Datanode State Machine Thread - 0] INFO  ratis.XceiverServerRatis (XceiverServerRatis.java:start(411)) - Starting XceiverServerRatis f9a1adb5-ac95-4f8b-8632-8bfce9a5ce16 at port 0
2019-09-25 06:33:49,006 [Datanode State Machine Thread - 0] INFO  impl.RaftServerProxy (RaftServerProxy.java:lambda$start$3(299)) - f9a1adb5-ac95-4f8b-8632-8bfce9a5ce16: start RPC server
2019-09-25 06:33:49,006 [Datanode State Machine Thread - 0] INFO  impl.RaftServerProxy (RaftServerProxy.java:lambda$start$3(299)) - 81f06f72-72c9-4329-855f-4bc73f7e5da2: start RPC server
2019-09-25 06:33:49,045 [Datanode State Machine Thread - 0] INFO  ozoneimpl.OzoneContainer (OzoneContainer.java:start(217)) - Attempting to start container services.
2019-09-25 06:33:49,045 [Datanode State Machine Thread - 0] INFO  ozoneimpl.OzoneContainer (OzoneContainer.java:startContainerScrub(179)) - Background container scanner has been disabled.
2019-09-25 06:33:49,050 [Datanode State Machine Thread - 0] INFO  ratis.XceiverServerRatis (XceiverServerRatis.java:start(411)) - Starting XceiverServerRatis 59047a66-3178-4e61-9c82-892aa22a5b81 at port 0
2019-09-25 06:33:49,056 [Datanode State Machine Thread - 0] INFO  impl.RaftServerProxy (RaftServerProxy.java:lambda$start$3(299)) - 59047a66-3178-4e61-9c82-892aa22a5b81: start RPC server
2019-09-25 06:33:49,110 [Datanode State Machine Thread - 0] INFO  ozoneimpl.OzoneContainer (OzoneContainer.java:start(217)) - Attempting to start container services.
2019-09-25 06:33:49,111 [Datanode State Machine Thread - 0] INFO  ozoneimpl.OzoneContainer (OzoneContainer.java:startContainerScrub(179)) - Background container scanner has been disabled.
2019-09-25 06:33:49,111 [Datanode State Machine Thread - 0] INFO  ratis.XceiverServerRatis (XceiverServerRatis.java:start(411)) - Starting XceiverServerRatis f64f24cc-0a31-403c-8370-70bfbc60f804 at port 0
2019-09-25 06:33:49,119 [Datanode State Machine Thread - 0] INFO  impl.RaftServerProxy (RaftServerProxy.java:lambda$start$3(299)) - f64f24cc-0a31-403c-8370-70bfbc60f804: start RPC server
2019-09-25 06:33:49,172 [Datanode State Machine Thread - 0] INFO  server.GrpcService (GrpcService.java:startImpl(158)) - f64f24cc-0a31-403c-8370-70bfbc60f804: GrpcService started, listening on 0.0.0.0/0.0.0.0:40060
2019-09-25 06:33:49,172 [Datanode State Machine Thread - 0] INFO  server.GrpcService (GrpcService.java:startImpl(158)) - f9a1adb5-ac95-4f8b-8632-8bfce9a5ce16: GrpcService started, listening on 0.0.0.0/0.0.0.0:36912
2019-09-25 06:33:49,172 [Datanode State Machine Thread - 0] INFO  server.GrpcService (GrpcService.java:startImpl(158)) - 59047a66-3178-4e61-9c82-892aa22a5b81: GrpcService started, listening on 0.0.0.0/0.0.0.0:38018
2019-09-25 06:33:49,172 [Datanode State Machine Thread - 0] INFO  server.GrpcService (GrpcService.java:startImpl(158)) - 81f06f72-72c9-4329-855f-4bc73f7e5da2: GrpcService started, listening on 0.0.0.0/0.0.0.0:40731
2019-09-25 06:33:49,174 [Datanode State Machine Thread - 0] INFO  ratis.XceiverServerRatis (XceiverServerRatis.java:start(421)) - XceiverServerRatis 59047a66-3178-4e61-9c82-892aa22a5b81 is started using port 38018
2019-09-25 06:33:49,174 [Datanode State Machine Thread - 0] INFO  ratis.XceiverServerRatis (XceiverServerRatis.java:start(421)) - XceiverServerRatis f9a1adb5-ac95-4f8b-8632-8bfce9a5ce16 is started using port 36912
2019-09-25 06:33:49,174 [Datanode State Machine Thread - 0] INFO  ratis.XceiverServerRatis (XceiverServerRatis.java:start(421)) - XceiverServerRatis f64f24cc-0a31-403c-8370-70bfbc60f804 is started using port 40060
2019-09-25 06:33:49,174 [Datanode State Machine Thread - 0] INFO  ratis.XceiverServerRatis (XceiverServerRatis.java:start(421)) - XceiverServerRatis 81f06f72-72c9-4329-855f-4bc73f7e5da2 is started using port 40731
2019-09-25 06:33:49,182 [Datanode State Machine Thread - 0] INFO  ozoneimpl.OzoneContainer (OzoneContainer.java:start(217)) - Attempting to start container services.
2019-09-25 06:33:49,185 [Datanode State Machine Thread - 0] INFO  ozoneimpl.OzoneContainer (OzoneContainer.java:startContainerScrub(179)) - Background container scanner has been disabled.
2019-09-25 06:33:49,185 [Datanode State Machine Thread - 0] INFO  ratis.XceiverServerRatis (XceiverServerRatis.java:start(411)) - Starting XceiverServerRatis 49960203-aee6-4047-85fd-ecacef3efebf at port 0
2019-09-25 06:33:49,185 [Datanode State Machine Thread - 0] INFO  server.XceiverServerGrpc (XceiverServerGrpc.java:start(149)) - XceiverServerGrpc 81f06f72-72c9-4329-855f-4bc73f7e5da2 is started using port 38296
2019-09-25 06:33:49,185 [Datanode State Machine Thread - 0] INFO  server.XceiverServerGrpc (XceiverServerGrpc.java:start(149)) - XceiverServerGrpc f64f24cc-0a31-403c-8370-70bfbc60f804 is started using port 37674
2019-09-25 06:33:49,185 [Datanode State Machine Thread - 0] INFO  server.XceiverServerGrpc (XceiverServerGrpc.java:start(149)) - XceiverServerGrpc f9a1adb5-ac95-4f8b-8632-8bfce9a5ce16 is started using port 42764
2019-09-25 06:33:49,185 [Datanode State Machine Thread - 0] INFO  server.XceiverServerGrpc (XceiverServerGrpc.java:start(149)) - XceiverServerGrpc 59047a66-3178-4e61-9c82-892aa22a5b81 is started using port 36103
2019-09-25 06:33:49,198 [Datanode State Machine Thread - 0] INFO  impl.RaftServerProxy (RaftServerProxy.java:lambda$start$3(299)) - 49960203-aee6-4047-85fd-ecacef3efebf: start RPC server
2019-09-25 06:33:49,201 [Datanode State Machine Thread - 0] INFO  server.GrpcService (GrpcService.java:startImpl(158)) - 49960203-aee6-4047-85fd-ecacef3efebf: GrpcService started, listening on 0.0.0.0/0.0.0.0:34853
2019-09-25 06:33:49,201 [Datanode State Machine Thread - 0] INFO  ratis.XceiverServerRatis (XceiverServerRatis.java:start(421)) - XceiverServerRatis 49960203-aee6-4047-85fd-ecacef3efebf is started using port 34853
2019-09-25 06:33:49,203 [Datanode State Machine Thread - 0] INFO  server.XceiverServerGrpc (XceiverServerGrpc.java:start(149)) - XceiverServerGrpc 49960203-aee6-4047-85fd-ecacef3efebf is started using port 45049
2019-09-25 06:33:49,244 [Datanode State Machine Thread - 0] INFO  ozoneimpl.OzoneContainer (OzoneContainer.java:start(217)) - Attempting to start container services.
2019-09-25 06:33:49,244 [Datanode State Machine Thread - 0] INFO  ozoneimpl.OzoneContainer (OzoneContainer.java:startContainerScrub(179)) - Background container scanner has been disabled.
2019-09-25 06:33:49,244 [Datanode State Machine Thread - 0] INFO  ratis.XceiverServerRatis (XceiverServerRatis.java:start(411)) - Starting XceiverServerRatis ada091b4-9675-42a7-afd4-5850bd9f4e78 at port 0
2019-09-25 06:33:49,251 [Datanode State Machine Thread - 0] INFO  impl.RaftServerProxy (RaftServerProxy.java:lambda$start$3(299)) - ada091b4-9675-42a7-afd4-5850bd9f4e78: start RPC server
2019-09-25 06:33:49,255 [Datanode State Machine Thread - 0] INFO  server.GrpcService (GrpcService.java:startImpl(158)) - ada091b4-9675-42a7-afd4-5850bd9f4e78: GrpcService started, listening on 0.0.0.0/0.0.0.0:35963
2019-09-25 06:33:49,255 [Datanode State Machine Thread - 0] INFO  ratis.XceiverServerRatis (XceiverServerRatis.java:start(421)) - XceiverServerRatis ada091b4-9675-42a7-afd4-5850bd9f4e78 is started using port 35963
2019-09-25 06:33:49,258 [Datanode State Machine Thread - 0] INFO  server.XceiverServerGrpc (XceiverServerGrpc.java:start(149)) - XceiverServerGrpc ada091b4-9675-42a7-afd4-5850bd9f4e78 is started using port 37805
2019-09-25 06:33:49,318 [Datanode State Machine Thread - 0] INFO  ozoneimpl.OzoneContainer (OzoneContainer.java:start(217)) - Attempting to start container services.
2019-09-25 06:33:49,319 [Datanode State Machine Thread - 0] INFO  ozoneimpl.OzoneContainer (OzoneContainer.java:startContainerScrub(179)) - Background container scanner has been disabled.
2019-09-25 06:33:49,319 [Datanode State Machine Thread - 0] INFO  ratis.XceiverServerRatis (XceiverServerRatis.java:start(411)) - Starting XceiverServerRatis 2977e106-bb5f-48ce-bb13-3d7f6b9d6732 at port 0
2019-09-25 06:33:49,325 [Datanode State Machine Thread - 0] INFO  impl.RaftServerProxy (RaftServerProxy.java:lambda$start$3(299)) - 2977e106-bb5f-48ce-bb13-3d7f6b9d6732: start RPC server
2019-09-25 06:33:49,328 [Datanode State Machine Thread - 0] INFO  server.GrpcService (GrpcService.java:startImpl(158)) - 2977e106-bb5f-48ce-bb13-3d7f6b9d6732: GrpcService started, listening on 0.0.0.0/0.0.0.0:45443
2019-09-25 06:33:49,328 [Datanode State Machine Thread - 0] INFO  ratis.XceiverServerRatis (XceiverServerRatis.java:start(421)) - XceiverServerRatis 2977e106-bb5f-48ce-bb13-3d7f6b9d6732 is started using port 45443
2019-09-25 06:33:49,332 [Datanode State Machine Thread - 0] INFO  server.XceiverServerGrpc (XceiverServerGrpc.java:start(149)) - XceiverServerGrpc 2977e106-bb5f-48ce-bb13-3d7f6b9d6732 is started using port 39308
2019-09-25 06:33:49,387 [Datanode State Machine Thread - 0] INFO  ozoneimpl.OzoneContainer (OzoneContainer.java:start(217)) - Attempting to start container services.
2019-09-25 06:33:49,388 [Datanode State Machine Thread - 0] INFO  ozoneimpl.OzoneContainer (OzoneContainer.java:startContainerScrub(179)) - Background container scanner has been disabled.
2019-09-25 06:33:49,388 [Datanode State Machine Thread - 0] INFO  ratis.XceiverServerRatis (XceiverServerRatis.java:start(411)) - Starting XceiverServerRatis ceffdcde-d41f-4c1b-8c84-bdffc4697707 at port 0
2019-09-25 06:33:49,395 [Datanode State Machine Thread - 0] INFO  impl.RaftServerProxy (RaftServerProxy.java:lambda$start$3(299)) - ceffdcde-d41f-4c1b-8c84-bdffc4697707: start RPC server
2019-09-25 06:33:49,399 [Datanode State Machine Thread - 0] INFO  server.GrpcService (GrpcService.java:startImpl(158)) - ceffdcde-d41f-4c1b-8c84-bdffc4697707: GrpcService started, listening on 0.0.0.0/0.0.0.0:44173
2019-09-25 06:33:49,400 [Datanode State Machine Thread - 0] INFO  ratis.XceiverServerRatis (XceiverServerRatis.java:start(421)) - XceiverServerRatis ceffdcde-d41f-4c1b-8c84-bdffc4697707 is started using port 44173
2019-09-25 06:33:49,404 [Datanode State Machine Thread - 0] INFO  server.XceiverServerGrpc (XceiverServerGrpc.java:start(149)) - XceiverServerGrpc ceffdcde-d41f-4c1b-8c84-bdffc4697707 is started using port 46759
2019-09-25 06:33:49,479 [Datanode State Machine Thread - 0] INFO  ozoneimpl.OzoneContainer (OzoneContainer.java:start(217)) - Attempting to start container services.
2019-09-25 06:33:49,479 [Datanode State Machine Thread - 0] INFO  ozoneimpl.OzoneContainer (OzoneContainer.java:startContainerScrub(179)) - Background container scanner has been disabled.
2019-09-25 06:33:49,479 [Datanode State Machine Thread - 0] INFO  ratis.XceiverServerRatis (XceiverServerRatis.java:start(411)) - Starting XceiverServerRatis 313782b9-e18d-44cb-a4a7-8816635983d3 at port 0
2019-09-25 06:33:49,484 [Datanode State Machine Thread - 0] INFO  impl.RaftServerProxy (RaftServerProxy.java:lambda$start$3(299)) - 313782b9-e18d-44cb-a4a7-8816635983d3: start RPC server
2019-09-25 06:33:49,491 [Datanode State Machine Thread - 0] INFO  server.GrpcService (GrpcService.java:startImpl(158)) - 313782b9-e18d-44cb-a4a7-8816635983d3: GrpcService started, listening on 0.0.0.0/0.0.0.0:33244
2019-09-25 06:33:49,491 [Datanode State Machine Thread - 0] INFO  ratis.XceiverServerRatis (XceiverServerRatis.java:start(421)) - XceiverServerRatis 313782b9-e18d-44cb-a4a7-8816635983d3 is started using port 33244
2019-09-25 06:33:49,508 [Datanode State Machine Thread - 0] INFO  server.XceiverServerGrpc (XceiverServerGrpc.java:start(149)) - XceiverServerGrpc 313782b9-e18d-44cb-a4a7-8816635983d3 is started using port 40017
2019-09-25 06:33:49,531 [main] INFO  ozone.MiniOzoneClusterImpl (MiniOzoneClusterImpl.java:lambda$waitForClusterToBeReady$0(147)) - Waiting for cluster to be ready. Got 0 of 10 DN Heartbeats.
2019-09-25 06:33:49,549 [Datanode State Machine Thread - 0] INFO  ozoneimpl.OzoneContainer (OzoneContainer.java:start(217)) - Attempting to start container services.
2019-09-25 06:33:49,549 [Datanode State Machine Thread - 0] INFO  ozoneimpl.OzoneContainer (OzoneContainer.java:startContainerScrub(179)) - Background container scanner has been disabled.
2019-09-25 06:33:49,549 [Datanode State Machine Thread - 0] INFO  ratis.XceiverServerRatis (XceiverServerRatis.java:start(411)) - Starting XceiverServerRatis 9f1e8130-5807-4ed4-a5b5-273b79efb982 at port 0
2019-09-25 06:33:49,593 [Datanode State Machine Thread - 0] INFO  impl.RaftServerProxy (RaftServerProxy.java:lambda$start$3(299)) - 9f1e8130-5807-4ed4-a5b5-273b79efb982: start RPC server
2019-09-25 06:33:49,605 [Datanode State Machine Thread - 0] INFO  server.GrpcService (GrpcService.java:startImpl(158)) - 9f1e8130-5807-4ed4-a5b5-273b79efb982: GrpcService started, listening on 0.0.0.0/0.0.0.0:40481
2019-09-25 06:33:49,605 [Datanode State Machine Thread - 0] INFO  ratis.XceiverServerRatis (XceiverServerRatis.java:start(421)) - XceiverServerRatis 9f1e8130-5807-4ed4-a5b5-273b79efb982 is started using port 40481
2019-09-25 06:33:49,632 [Datanode State Machine Thread - 0] INFO  server.XceiverServerGrpc (XceiverServerGrpc.java:start(149)) - XceiverServerGrpc 9f1e8130-5807-4ed4-a5b5-273b79efb982 is started using port 43915
2019-09-25 06:33:50,532 [main] INFO  ozone.MiniOzoneClusterImpl (MiniOzoneClusterImpl.java:lambda$waitForClusterToBeReady$0(147)) - Waiting for cluster to be ready. Got 0 of 10 DN Heartbeats.
2019-09-25 06:33:50,942 [IPC Server handler 4 on 40766] INFO  net.NetworkTopology (NetworkTopologyImpl.java:add(111)) - Added a new node: /default-rack/81f06f72-72c9-4329-855f-4bc73f7e5da2
2019-09-25 06:33:50,942 [IPC Server handler 4 on 40766] INFO  node.SCMNodeManager (SCMNodeManager.java:register(266)) - Registered Data node : 81f06f72-72c9-4329-855f-4bc73f7e5da2{ip: 192.168.164.207, host: pr-hdds-1569-s44lr-3492059363, networkLocation: /default-rack, certSerialId: null}
2019-09-25 06:33:50,953 [EventQueue-NodeRegistrationContainerReportForDataNodeSafeModeRule] INFO  safemode.SCMSafeModeManager (DataNodeSafeModeRule.java:process(71)) - SCM in safe mode. 1 DataNodes registered, 1 required.
2019-09-25 06:33:50,956 [EventQueue-NodeRegistrationContainerReportForDataNodeSafeModeRule] INFO  safemode.SCMSafeModeManager (SCMSafeModeManager.java:validateSafeModeExitRules(177)) - ScmSafeModeManager, all rules are successfully validated
2019-09-25 06:33:50,956 [EventQueue-NodeRegistrationContainerReportForDataNodeSafeModeRule] INFO  safemode.SCMSafeModeManager (SCMSafeModeManager.java:exitSafeMode(193)) - SCM exiting safe mode.
2019-09-25 06:33:50,963 [IPC Server handler 1 on 40766] INFO  net.NetworkTopology (NetworkTopologyImpl.java:add(111)) - Added a new node: /default-rack/f9a1adb5-ac95-4f8b-8632-8bfce9a5ce16
2019-09-25 06:33:50,967 [IPC Server handler 1 on 40766] INFO  node.SCMNodeManager (SCMNodeManager.java:register(266)) - Registered Data node : f9a1adb5-ac95-4f8b-8632-8bfce9a5ce16{ip: 192.168.164.207, host: pr-hdds-1569-s44lr-3492059363, networkLocation: /default-rack, certSerialId: null}
2019-09-25 06:33:51,034 [IPC Server handler 5 on 40766] INFO  net.NetworkTopology (NetworkTopologyImpl.java:add(111)) - Added a new node: /default-rack/59047a66-3178-4e61-9c82-892aa22a5b81
2019-09-25 06:33:51,034 [IPC Server handler 5 on 40766] INFO  node.SCMNodeManager (SCMNodeManager.java:register(266)) - Registered Data node : 59047a66-3178-4e61-9c82-892aa22a5b81{ip: 192.168.164.207, host: pr-hdds-1569-s44lr-3492059363, networkLocation: /default-rack, certSerialId: null}
2019-09-25 06:33:51,096 [IPC Server handler 3 on 40766] INFO  net.NetworkTopology (NetworkTopologyImpl.java:add(111)) - Added a new node: /default-rack/f64f24cc-0a31-403c-8370-70bfbc60f804
2019-09-25 06:33:51,097 [IPC Server handler 3 on 40766] INFO  node.SCMNodeManager (SCMNodeManager.java:register(266)) - Registered Data node : f64f24cc-0a31-403c-8370-70bfbc60f804{ip: 192.168.164.207, host: pr-hdds-1569-s44lr-3492059363, networkLocation: /default-rack, certSerialId: null}
2019-09-25 06:33:51,167 [IPC Server handler 7 on 40766] INFO  net.NetworkTopology (NetworkTopologyImpl.java:add(111)) - Added a new node: /default-rack/49960203-aee6-4047-85fd-ecacef3efebf
2019-09-25 06:33:51,167 [IPC Server handler 7 on 40766] INFO  node.SCMNodeManager (SCMNodeManager.java:register(266)) - Registered Data node : 49960203-aee6-4047-85fd-ecacef3efebf{ip: 192.168.164.207, host: pr-hdds-1569-s44lr-3492059363, networkLocation: /default-rack, certSerialId: null}
2019-09-25 06:33:51,234 [IPC Server handler 2 on 40766] INFO  net.NetworkTopology (NetworkTopologyImpl.java:add(111)) - Added a new node: /default-rack/ada091b4-9675-42a7-afd4-5850bd9f4e78
2019-09-25 06:33:51,235 [IPC Server handler 2 on 40766] INFO  node.SCMNodeManager (SCMNodeManager.java:register(266)) - Registered Data node : ada091b4-9675-42a7-afd4-5850bd9f4e78{ip: 192.168.164.207, host: pr-hdds-1569-s44lr-3492059363, networkLocation: /default-rack, certSerialId: null}
2019-09-25 06:33:51,307 [IPC Server handler 6 on 40766] INFO  net.NetworkTopology (NetworkTopologyImpl.java:add(111)) - Added a new node: /default-rack/2977e106-bb5f-48ce-bb13-3d7f6b9d6732
2019-09-25 06:33:51,307 [IPC Server handler 6 on 40766] INFO  node.SCMNodeManager (SCMNodeManager.java:register(266)) - Registered Data node : 2977e106-bb5f-48ce-bb13-3d7f6b9d6732{ip: 192.168.164.207, host: pr-hdds-1569-s44lr-3492059363, networkLocation: /default-rack, certSerialId: null}
2019-09-25 06:33:51,389 [IPC Server handler 11 on 40766] INFO  net.NetworkTopology (NetworkTopologyImpl.java:add(111)) - Added a new node: /default-rack/ceffdcde-d41f-4c1b-8c84-bdffc4697707
2019-09-25 06:33:51,390 [IPC Server handler 11 on 40766] INFO  node.SCMNodeManager (SCMNodeManager.java:register(266)) - Registered Data node : ceffdcde-d41f-4c1b-8c84-bdffc4697707{ip: 192.168.164.207, host: pr-hdds-1569-s44lr-3492059363, networkLocation: /default-rack, certSerialId: null}
2019-09-25 06:33:51,486 [IPC Server handler 10 on 40766] INFO  net.NetworkTopology (NetworkTopologyImpl.java:add(111)) - Added a new node: /default-rack/313782b9-e18d-44cb-a4a7-8816635983d3
2019-09-25 06:33:51,487 [IPC Server handler 10 on 40766] INFO  node.SCMNodeManager (SCMNodeManager.java:register(266)) - Registered Data node : 313782b9-e18d-44cb-a4a7-8816635983d3{ip: 192.168.164.207, host: pr-hdds-1569-s44lr-3492059363, networkLocation: /default-rack, certSerialId: null}
2019-09-25 06:33:51,532 [main] INFO  ozone.MiniOzoneClusterImpl (MiniOzoneClusterImpl.java:lambda$waitForClusterToBeReady$0(147)) - Waiting for cluster to be ready. Got 9 of 10 DN Heartbeats.
2019-09-25 06:33:51,536 [IPC Server handler 12 on 40766] INFO  net.NetworkTopology (NetworkTopologyImpl.java:add(111)) - Added a new node: /default-rack/9f1e8130-5807-4ed4-a5b5-273b79efb982
2019-09-25 06:33:51,536 [IPC Server handler 12 on 40766] INFO  node.SCMNodeManager (SCMNodeManager.java:register(266)) - Registered Data node : 9f1e8130-5807-4ed4-a5b5-273b79efb982{ip: 192.168.164.207, host: pr-hdds-1569-s44lr-3492059363, networkLocation: /default-rack, certSerialId: null}
2019-09-25 06:33:51,620 [grpc-default-executor-0] INFO  impl.RaftServerProxy (RaftServerProxy.java:addNew(89)) - 81f06f72-72c9-4329-855f-4bc73f7e5da2: addNew group-3D29C8EE3A09:[81f06f72-72c9-4329-855f-4bc73f7e5da2:192.168.164.207:40731] returns group-3D29C8EE3A09:java.util.concurrent.CompletableFuture@e3278d7[Not completed]
2019-09-25 06:33:51,658 [pool-27-thread-1] INFO  impl.RaftServerImpl (RaftServerImpl.java:<init>(95)) - 81f06f72-72c9-4329-855f-4bc73f7e5da2: new RaftServerImpl for group-3D29C8EE3A09:[81f06f72-72c9-4329-855f-4bc73f7e5da2:192.168.164.207:40731] with ContainerStateMachine:uninitialized
2019-09-25 06:33:51,660 [pool-27-thread-1] INFO  server.RaftServerConfigKeys (ConfUtils.java:logGet(43)) - raft.server.rpc.timeout.min = 5s (custom)
2019-09-25 06:33:51,662 [pool-27-thread-1] INFO  server.RaftServerConfigKeys (ConfUtils.java:logGet(43)) - raft.server.rpc.timeout.max = 5200ms (custom)
2019-09-25 06:33:51,662 [pool-27-thread-1] INFO  server.RaftServerConfigKeys (ConfUtils.java:logGet(43)) - raft.server.rpcslowness.timeout = 120s (custom)
2019-09-25 06:33:51,662 [pool-27-thread-1] INFO  server.RaftServerConfigKeys (ConfUtils.java:logGet(43)) - raft.server.sleep.deviation.threshold = 300 (default)
2019-09-25 06:33:51,663 [pool-27-thread-1] INFO  server.RaftServerConfigKeys (ConfUtils.java:logGet(43)) - raft.server.log.appender.install.snapshot.enabled = false (custom)
2019-09-25 06:33:51,670 [pool-27-thread-1] INFO  impl.RaftServerImpl (ServerState.java:<init>(103)) - 81f06f72-72c9-4329-855f-4bc73f7e5da2@group-3D29C8EE3A09: ConfigurationManager, init=-1: [81f06f72-72c9-4329-855f-4bc73f7e5da2:192.168.164.207:40731], old=null, confs=<EMPTY_MAP>
2019-09-25 06:33:51,670 [pool-27-thread-1] INFO  server.RaftServerConfigKeys (ConfUtils.java:logGet(43)) - raft.server.storage.dir = [/workdir/hadoop-ozone/ozonefs/target/test-dir/MiniOzoneClusterImpl-d97e1daa-6e0c-4900-b1c9-997de4e3459a/datanode-0/data/ratis] (custom)
2019-09-25 06:33:51,677 [pool-27-thread-1] INFO  storage.RaftStorageDirectory (RaftStorageDirectory.java:analyzeStorage(246)) - The storage directory /workdir/hadoop-ozone/ozonefs/target/test-dir/MiniOzoneClusterImpl-d97e1daa-6e0c-4900-b1c9-997de4e3459a/datanode-0/data/ratis/a148df0e-4bcc-47e1-83f1-3d29c8ee3a09 does not exist. Creating ...
2019-09-25 06:33:51,693 [pool-27-thread-1] INFO  storage.RaftStorageDirectory (RaftStorageDirectory.java:tryLock(328)) - Lock on /workdir/hadoop-ozone/ozonefs/target/test-dir/MiniOzoneClusterImpl-d97e1daa-6e0c-4900-b1c9-997de4e3459a/datanode-0/data/ratis/a148df0e-4bcc-47e1-83f1-3d29c8ee3a09/in_use.lock acquired by nodename 9063@pr-hdds-1569-s44lr-3492059363
2019-09-25 06:33:51,710 [pool-27-thread-1] INFO  storage.RaftStorage (RaftStorage.java:format(72)) - Storage directory /workdir/hadoop-ozone/ozonefs/target/test-dir/MiniOzoneClusterImpl-d97e1daa-6e0c-4900-b1c9-997de4e3459a/datanode-0/data/ratis/a148df0e-4bcc-47e1-83f1-3d29c8ee3a09 has been successfully formatted.
2019-09-25 06:33:51,712 [pool-27-thread-1] INFO  ratis.ContainerStateMachine (ContainerStateMachine.java:loadSnapshot(230)) - group-3D29C8EE3A09: The snapshot info is null. Setting the last applied indexto:(t:0, i:~)
2019-09-25 06:33:51,712 [pool-27-thread-1] INFO  server.RaftServerConfigKeys (ConfUtils.java:logGet(43)) - raft.server.notification.no-leader.timeout = 120s (custom)
2019-09-25 06:33:51,714 [pool-27-thread-1] INFO  server.RaftServerConfigKeys (ConfUtils.java:logGet(43)) - raft.server.log.use.memory = false (default)
2019-09-25 06:33:51,719 [pool-27-thread-1] INFO  server.RaftServerConfigKeys (ConfUtils.java:logGet(43)) - raft.server.log.purge.gap = 1000000 (custom)
2019-09-25 06:33:51,719 [pool-27-thread-1] INFO  server.RaftServerConfigKeys (ConfUtils.java:logGet(43)) - raft.server.log.appender.buffer.byte-limit = 33554432 (custom)
2019-09-25 06:33:51,721 [pool-27-thread-1] INFO  server.RaftServerConfigKeys (ConfUtils.java:logGet(43)) - raft.server.log.segment.size.max = 1048576 (custom)
2019-09-25 06:33:51,725 [pool-27-thread-1] INFO  server.RaftServerConfigKeys (ConfUtils.java:logGet(43)) - raft.server.log.segment.cache.num.max = 2 (custom)
2019-09-25 06:33:51,730 [pool-27-thread-1] INFO  segmented.SegmentedRaftLogWorker (SegmentedRaftLogWorker.java:<init>(172)) - new 81f06f72-72c9-4329-855f-4bc73f7e5da2@group-3D29C8EE3A09-SegmentedRaftLogWorker for RaftStorage:Storage Directory /workdir/hadoop-ozone/ozonefs/target/test-dir/MiniOzoneClusterImpl-d97e1daa-6e0c-4900-b1c9-997de4e3459a/datanode-0/data/ratis/a148df0e-4bcc-47e1-83f1-3d29c8ee3a09
2019-09-25 06:33:51,731 [pool-27-thread-1] INFO  impl.MetricsSystemImpl (MetricsSystemImpl.java:init(158)) - ratis metrics system started (again)
2019-09-25 06:33:51,737 [pool-27-thread-1] INFO  metrics.MetricRegistries (MetricRegistriesLoader.java:load(64)) - Loaded MetricRegistries class org.apache.ratis.metrics.impl.MetricRegistriesImpl
2019-09-25 06:33:51,775 [pool-27-thread-1] INFO  server.RaftServerConfigKeys (ConfUtils.java:logGet(43)) - raft.server.log.queue.byte-limit = 2147483647 (custom)
2019-09-25 06:33:51,776 [pool-27-thread-1] INFO  server.RaftServerConfigKeys (ConfUtils.java:logGet(43)) - raft.server.log.queue.element-limit = 1024 (custom)
2019-09-25 06:33:51,779 [pool-27-thread-1] INFO  server.RaftServerConfigKeys (ConfUtils.java:logGet(43)) - raft.server.log.segment.size.max = 1048576 (custom)
2019-09-25 06:33:51,780 [pool-27-thread-1] INFO  server.RaftServerConfigKeys (ConfUtils.java:logGet(43)) - raft.server.log.preallocated.size = 16384 (custom)
2019-09-25 06:33:51,780 [pool-27-thread-1] INFO  server.RaftServerConfigKeys (ConfUtils.java:logGet(43)) - raft.server.log.write.buffer.size = 33554432 (custom)
2019-09-25 06:33:51,781 [pool-27-thread-1] INFO  server.RaftServerConfigKeys (ConfUtils.java:logGet(43)) - raft.server.log.force.sync.num = 128 (default)
2019-09-25 06:33:51,781 [pool-27-thread-1] INFO  server.RaftServerConfigKeys (ConfUtils.java:logGet(43)) - raft.server.log.statemachine.data.sync = true (default)
2019-09-25 06:33:51,782 [pool-27-thread-1] INFO  server.RaftServerConfigKeys (ConfUtils.java:logGet(43)) - raft.server.log.statemachine.data.sync.timeout = 10s (default)
2019-09-25 06:33:51,782 [pool-27-thread-1] INFO  server.RaftServerConfigKeys (ConfUtils.java:logGet(43)) - raft.server.log.statemachine.data.sync.timeout.retry = -1 (default)
2019-09-25 06:33:51,791 [pool-27-thread-1] INFO  server.RaftServerConfigKeys (ConfUtils.java:logGet(43)) - raft.server.log.statemachine.data.caching.enabled = true (custom)
2019-09-25 06:33:51,796 [pool-27-thread-1] INFO  segmented.SegmentedRaftLogWorker (SegmentedRaftLogWorker.java:lambda$new$0(132)) - 81f06f72-72c9-4329-855f-4bc73f7e5da2@group-3D29C8EE3A09-SegmentedRaftLogWorker: flushIndex: setUnconditionally 0 -> -1
2019-09-25 06:33:51,800 [pool-27-thread-1] INFO  server.RaftServerConfigKeys (ConfUtils.java:logGet(43)) - raft.server.snapshot.auto.trigger.enabled = true (custom)
2019-09-25 06:33:51,801 [pool-27-thread-1] INFO  server.RaftServerConfigKeys (ConfUtils.java:logGet(43)) - raft.server.snapshot.auto.trigger.threshold = 10000 (custom)
2019-09-25 06:33:51,802 [pool-27-thread-1] INFO  server.RaftServerConfigKeys (ConfUtils.java:logGet(43)) - raft.server.snapshot.retention.num.files = 5 (custom)
2019-09-25 06:33:51,802 [pool-27-thread-1] INFO  server.RaftServerConfigKeys (ConfUtils.java:logGet(43)) - raft.server.retrycache.expirytime = 600000ms (custom)
2019-09-25 06:33:51,833 [pool-27-thread-1] INFO  impl.RaftServerImpl (RaftServerImpl.java:start(185)) - 81f06f72-72c9-4329-855f-4bc73f7e5da2@group-3D29C8EE3A09: start as a follower, conf=-1: [81f06f72-72c9-4329-855f-4bc73f7e5da2:192.168.164.207:40731], old=null
2019-09-25 06:33:51,834 [pool-27-thread-1] INFO  impl.RaftServerImpl (RaftServerImpl.java:setRole(174)) - 81f06f72-72c9-4329-855f-4bc73f7e5da2@group-3D29C8EE3A09: changes role from      null to FOLLOWER at term 0 for startAsFollower
2019-09-25 06:33:51,835 [pool-27-thread-1] INFO  impl.RoleInfo (RoleInfo.java:updateAndGet(143)) - 81f06f72-72c9-4329-855f-4bc73f7e5da2: start FollowerState
2019-09-25 06:33:51,854 [pool-27-thread-1] INFO  util.JmxRegister (JmxRegister.java:tryRegister(44)) - Successfully registered JMX Bean with object name Ratis:service=RaftServer,group=group-3D29C8EE3A09,id=81f06f72-72c9-4329-855f-4bc73f7e5da2
2019-09-25 06:33:51,931 [RatisPipelineUtilsThread] INFO  pipeline.PipelineStateManager (PipelineStateManager.java:addPipeline(56)) - Created pipeline Pipeline[ Id: a148df0e-4bcc-47e1-83f1-3d29c8ee3a09, Nodes: 81f06f72-72c9-4329-855f-4bc73f7e5da2{ip: 192.168.164.207, host: pr-hdds-1569-s44lr-3492059363, networkLocation: /default-rack, certSerialId: null}, Type:RATIS, Factor:ONE, State:OPEN]
2019-09-25 06:33:51,962 [grpc-default-executor-0] INFO  impl.RaftServerProxy (RaftServerProxy.java:addNew(89)) - 59047a66-3178-4e61-9c82-892aa22a5b81: addNew group-5B1CD26A0FBC:[59047a66-3178-4e61-9c82-892aa22a5b81:192.168.164.207:38018] returns group-5B1CD26A0FBC:java.util.concurrent.CompletableFuture@7c156667[Not completed]
2019-09-25 06:33:52,020 [pool-47-thread-1] INFO  impl.RaftServerImpl (RaftServerImpl.java:<init>(95)) - 59047a66-3178-4e61-9c82-892aa22a5b81: new RaftServerImpl for group-5B1CD26A0FBC:[59047a66-3178-4e61-9c82-892aa22a5b81:192.168.164.207:38018] with ContainerStateMachine:uninitialized
2019-09-25 06:33:52,021 [pool-47-thread-1] INFO  server.RaftServerConfigKeys (ConfUtils.java:logGet(43)) - raft.server.rpc.timeout.min = 5s (custom)
2019-09-25 06:33:52,021 [pool-47-thread-1] INFO  server.RaftServerConfigKeys (ConfUtils.java:logGet(43)) - raft.server.rpc.timeout.max = 5200ms (custom)
2019-09-25 06:33:52,022 [pool-47-thread-1] INFO  server.RaftServerConfigKeys (ConfUtils.java:logGet(43)) - raft.server.rpcslowness.timeout = 120s (custom)
2019-09-25 06:33:52,022 [pool-47-thread-1] INFO  server.RaftServerConfigKeys (ConfUtils.java:logGet(43)) - raft.server.sleep.deviation.threshold = 300 (default)
2019-09-25 06:33:52,022 [pool-47-thread-1] INFO  server.RaftServerConfigKeys (ConfUtils.java:logGet(43)) - raft.server.log.appender.install.snapshot.enabled = false (custom)
2019-09-25 06:33:52,022 [pool-47-thread-1] INFO  impl.RaftServerImpl (ServerState.java:<init>(103)) - 59047a66-3178-4e61-9c82-892aa22a5b81@group-5B1CD26A0FBC: ConfigurationManager, init=-1: [59047a66-3178-4e61-9c82-892aa22a5b81:192.168.164.207:38018], old=null, confs=<EMPTY_MAP>
2019-09-25 06:33:52,022 [pool-47-thread-1] INFO  server.RaftServerConfigKeys (ConfUtils.java:logGet(43)) - raft.server.storage.dir = [/workdir/hadoop-ozone/ozonefs/target/test-dir/MiniOzoneClusterImpl-d97e1daa-6e0c-4900-b1c9-997de4e3459a/datanode-2/data/ratis] (custom)
2019-09-25 06:33:52,022 [pool-47-thread-1] INFO  storage.RaftStorageDirectory (RaftStorageDirectory.java:analyzeStorage(246)) - The storage directory /workdir/hadoop-ozone/ozonefs/target/test-dir/MiniOzoneClusterImpl-d97e1daa-6e0c-4900-b1c9-997de4e3459a/datanode-2/data/ratis/2e55cc21-4da4-4df8-b404-5b1cd26a0fbc does not exist. Creating ...
2019-09-25 06:33:52,037 [pool-47-thread-1] INFO  storage.RaftStorageDirectory (RaftStorageDirectory.java:tryLock(328)) - Lock on /workdir/hadoop-ozone/ozonefs/target/test-dir/MiniOzoneClusterImpl-d97e1daa-6e0c-4900-b1c9-997de4e3459a/datanode-2/data/ratis/2e55cc21-4da4-4df8-b404-5b1cd26a0fbc/in_use.lock acquired by nodename 9063@pr-hdds-1569-s44lr-3492059363
2019-09-25 06:33:52,050 [pool-47-thread-1] INFO  storage.RaftStorage (RaftStorage.java:format(72)) - Storage directory /workdir/hadoop-ozone/ozonefs/target/test-dir/MiniOzoneClusterImpl-d97e1daa-6e0c-4900-b1c9-997de4e3459a/datanode-2/data/ratis/2e55cc21-4da4-4df8-b404-5b1cd26a0fbc has been successfully formatted.
2019-09-25 06:33:52,062 [pool-47-thread-1] INFO  ratis.ContainerStateMachine (ContainerStateMachine.java:loadSnapshot(230)) - group-5B1CD26A0FBC: The snapshot info is null. Setting the last applied indexto:(t:0, i:~)
2019-09-25 06:33:52,062 [pool-47-thread-1] INFO  server.RaftServerConfigKeys (ConfUtils.java:logGet(43)) - raft.server.notification.no-leader.timeout = 120s (custom)
2019-09-25 06:33:52,063 [pool-47-thread-1] INFO  server.RaftServerConfigKeys (ConfUtils.java:logGet(43)) - raft.server.log.use.memory = false (default)
2019-09-25 06:33:52,063 [pool-47-thread-1] INFO  server.RaftServerConfigKeys (ConfUtils.java:logGet(43)) - raft.server.log.purge.gap = 1000000 (custom)
2019-09-25 06:33:52,063 [pool-47-thread-1] INFO  server.RaftServerConfigKeys (ConfUtils.java:logGet(43)) - raft.server.log.appender.buffer.byte-limit = 33554432 (custom)
2019-09-25 06:33:52,063 [pool-47-thread-1] INFO  server.RaftServerConfigKeys (ConfUtils.java:logGet(43)) - raft.server.log.segment.size.max = 1048576 (custom)
2019-09-25 06:33:52,063 [pool-47-thread-1] INFO  server.RaftServerConfigKeys (ConfUtils.java:logGet(43)) - raft.server.log.segment.cache.num.max = 2 (custom)
2019-09-25 06:33:52,063 [pool-47-thread-1] INFO  segmented.SegmentedRaftLogWorker (SegmentedRaftLogWorker.java:<init>(172)) - new 59047a66-3178-4e61-9c82-892aa22a5b81@group-5B1CD26A0FBC-SegmentedRaftLogWorker for RaftStorage:Storage Directory /workdir/hadoop-ozone/ozonefs/target/test-dir/MiniOzoneClusterImpl-d97e1daa-6e0c-4900-b1c9-997de4e3459a/datanode-2/data/ratis/2e55cc21-4da4-4df8-b404-5b1cd26a0fbc
2019-09-25 06:33:52,067 [pool-47-thread-1] INFO  server.RaftServerConfigKeys (ConfUtils.java:logGet(43)) - raft.server.log.queue.byte-limit = 2147483647 (custom)
2019-09-25 06:33:52,067 [pool-47-thread-1] INFO  server.RaftServerConfigKeys (ConfUtils.java:logGet(43)) - raft.server.log.queue.element-limit = 1024 (custom)
2019-09-25 06:33:52,068 [pool-47-thread-1] INFO  server.RaftServerConfigKeys (ConfUtils.java:logGet(43)) - raft.server.log.segment.size.max = 1048576 (custom)
2019-09-25 06:33:52,068 [pool-47-thread-1] INFO  server.RaftServerConfigKeys (ConfUtils.java:logGet(43)) - raft.server.log.preallocated.size = 16384 (custom)
2019-09-25 06:33:52,068 [pool-47-thread-1] INFO  server.RaftServerConfigKeys (ConfUtils.java:logGet(43)) - raft.server.log.write.buffer.size = 33554432 (custom)
2019-09-25 06:33:52,068 [pool-47-thread-1] INFO  server.RaftServerConfigKeys (ConfUtils.java:logGet(43)) - raft.server.log.force.sync.num = 128 (default)
2019-09-25 06:33:52,068 [pool-47-thread-1] INFO  server.RaftServerConfigKeys (ConfUtils.java:logGet(43)) - raft.server.log.statemachine.data.sync = true (default)
2019-09-25 06:33:52,068 [pool-47-thread-1] INFO  server.RaftServerConfigKeys (ConfUtils.java:logGet(43)) - raft.server.log.statemachine.data.sync.timeout = 10s (default)
2019-09-25 06:33:52,068 [pool-47-thread-1] INFO  server.RaftServerConfigKeys (ConfUtils.java:logGet(43)) - raft.server.log.statemachine.data.sync.timeout.retry = -1 (default)
2019-09-25 06:33:52,069 [pool-47-thread-1] INFO  server.RaftServerConfigKeys (ConfUtils.java:logGet(43)) - raft.server.log.statemachine.data.caching.enabled = true (custom)
2019-09-25 06:33:52,069 [pool-47-thread-1] INFO  segmented.SegmentedRaftLogWorker (SegmentedRaftLogWorker.java:lambda$new$0(132)) - 59047a66-3178-4e61-9c82-892aa22a5b81@group-5B1CD26A0FBC-SegmentedRaftLogWorker: flushIndex: setUnconditionally 0 -> -1
2019-09-25 06:33:52,069 [pool-47-thread-1] INFO  server.RaftServerConfigKeys (ConfUtils.java:logGet(43)) - raft.server.snapshot.auto.trigger.enabled = true (custom)
2019-09-25 06:33:52,069 [pool-47-thread-1] INFO  server.RaftServerConfigKeys (ConfUtils.java:logGet(43)) - raft.server.snapshot.auto.trigger.threshold = 10000 (custom)
2019-09-25 06:33:52,069 [pool-47-thread-1] INFO  server.RaftServerConfigKeys (ConfUtils.java:logGet(43)) - raft.server.snapshot.retention.num.files = 5 (custom)
2019-09-25 06:33:52,069 [pool-47-thread-1] INFO  server.RaftServerConfigKeys (ConfUtils.java:logGet(43)) - raft.server.retrycache.expirytime = 600000ms (custom)
2019-09-25 06:33:52,073 [pool-47-thread-1] INFO  impl.RaftServerImpl (RaftServerImpl.java:start(185)) - 59047a66-3178-4e61-9c82-892aa22a5b81@group-5B1CD26A0FBC: start as a follower, conf=-1: [59047a66-3178-4e61-9c82-892aa22a5b81:192.168.164.207:38018], old=null
2019-09-25 06:33:52,073 [pool-47-thread-1] INFO  impl.RaftServerImpl (RaftServerImpl.java:setRole(174)) - 59047a66-3178-4e61-9c82-892aa22a5b81@group-5B1CD26A0FBC: changes role from      null to FOLLOWER at term 0 for startAsFollower
2019-09-25 06:33:52,073 [pool-47-thread-1] INFO  impl.RoleInfo (RoleInfo.java:updateAndGet(143)) - 59047a66-3178-4e61-9c82-892aa22a5b81: start FollowerState
2019-09-25 06:33:52,074 [pool-47-thread-1] INFO  util.JmxRegister (JmxRegister.java:tryRegister(44)) - Successfully registered JMX Bean with object name Ratis:service=RaftServer,group=group-5B1CD26A0FBC,id=59047a66-3178-4e61-9c82-892aa22a5b81
2019-09-25 06:33:52,091 [RatisPipelineUtilsThread] INFO  pipeline.PipelineStateManager (PipelineStateManager.java:addPipeline(56)) - Created pipeline Pipeline[ Id: 2e55cc21-4da4-4df8-b404-5b1cd26a0fbc, Nodes: 59047a66-3178-4e61-9c82-892aa22a5b81{ip: 192.168.164.207, host: pr-hdds-1569-s44lr-3492059363, networkLocation: /default-rack, certSerialId: null}, Type:RATIS, Factor:ONE, State:OPEN]
2019-09-25 06:33:52,113 [grpc-default-executor-0] INFO  impl.RaftServerProxy (RaftServerProxy.java:addNew(89)) - f9a1adb5-ac95-4f8b-8632-8bfce9a5ce16: addNew group-95409C4043EF:[f9a1adb5-ac95-4f8b-8632-8bfce9a5ce16:192.168.164.207:36912] returns group-95409C4043EF:java.util.concurrent.CompletableFuture@238caede[Not completed]
2019-09-25 06:33:52,157 [pool-37-thread-1] INFO  impl.RaftServerImpl (RaftServerImpl.java:<init>(95)) - f9a1adb5-ac95-4f8b-8632-8bfce9a5ce16: new RaftServerImpl for group-95409C4043EF:[f9a1adb5-ac95-4f8b-8632-8bfce9a5ce16:192.168.164.207:36912] with ContainerStateMachine:uninitialized
2019-09-25 06:33:52,158 [pool-37-thread-1] INFO  server.RaftServerConfigKeys (ConfUtils.java:logGet(43)) - raft.server.rpc.timeout.min = 5s (custom)
2019-09-25 06:33:52,158 [pool-37-thread-1] INFO  server.RaftServerConfigKeys (ConfUtils.java:logGet(43)) - raft.server.rpc.timeout.max = 5200ms (custom)
2019-09-25 06:33:52,158 [pool-37-thread-1] INFO  server.RaftServerConfigKeys (ConfUtils.java:logGet(43)) - raft.server.rpcslowness.timeout = 120s (custom)
2019-09-25 06:33:52,158 [pool-37-thread-1] INFO  server.RaftServerConfigKeys (ConfUtils.java:logGet(43)) - raft.server.sleep.deviation.threshold = 300 (default)
2019-09-25 06:33:52,158 [pool-37-thread-1] INFO  server.RaftServerConfigKeys (ConfUtils.java:logGet(43)) - raft.server.log.appender.install.snapshot.enabled = false (custom)
2019-09-25 06:33:52,159 [pool-37-thread-1] INFO  impl.RaftServerImpl (ServerState.java:<init>(103)) - f9a1adb5-ac95-4f8b-8632-8bfce9a5ce16@group-95409C4043EF: ConfigurationManager, init=-1: [f9a1adb5-ac95-4f8b-8632-8bfce9a5ce16:192.168.164.207:36912], old=null, confs=<EMPTY_MAP>
2019-09-25 06:33:52,159 [pool-37-thread-1] INFO  server.RaftServerConfigKeys (ConfUtils.java:logGet(43)) - raft.server.storage.dir = [/workdir/hadoop-ozone/ozonefs/target/test-dir/MiniOzoneClusterImpl-d97e1daa-6e0c-4900-b1c9-997de4e3459a/datanode-1/data/ratis] (custom)
2019-09-25 06:33:52,159 [pool-37-thread-1] INFO  storage.RaftStorageDirectory (RaftStorageDirectory.java:analyzeStorage(246)) - The storage directory /workdir/hadoop-ozone/ozonefs/target/test-dir/MiniOzoneClusterImpl-d97e1daa-6e0c-4900-b1c9-997de4e3459a/datanode-1/data/ratis/f5e50c4b-6b71-4e18-8a06-95409c4043ef does not exist. Creating ...
2019-09-25 06:33:52,185 [pool-37-thread-1] INFO  storage.RaftStorageDirectory (RaftStorageDirectory.java:tryLock(328)) - Lock on /workdir/hadoop-ozone/ozonefs/target/test-dir/MiniOzoneClusterImpl-d97e1daa-6e0c-4900-b1c9-997de4e3459a/datanode-1/data/ratis/f5e50c4b-6b71-4e18-8a06-95409c4043ef/in_use.lock acquired by nodename 9063@pr-hdds-1569-s44lr-3492059363
2019-09-25 06:33:52,197 [pool-37-thread-1] INFO  storage.RaftStorage (RaftStorage.java:format(72)) - Storage directory /workdir/hadoop-ozone/ozonefs/target/test-dir/MiniOzoneClusterImpl-d97e1daa-6e0c-4900-b1c9-997de4e3459a/datanode-1/data/ratis/f5e50c4b-6b71-4e18-8a06-95409c4043ef has been successfully formatted.
2019-09-25 06:33:52,200 [pool-37-thread-1] INFO  ratis.ContainerStateMachine (ContainerStateMachine.java:loadSnapshot(230)) - group-95409C4043EF: The snapshot info is null. Setting the last applied indexto:(t:0, i:~)
2019-09-25 06:33:52,202 [pool-37-thread-1] INFO  server.RaftServerConfigKeys (ConfUtils.java:logGet(43)) - raft.server.notification.no-leader.timeout = 120s (custom)
2019-09-25 06:33:52,202 [pool-37-thread-1] INFO  server.RaftServerConfigKeys (ConfUtils.java:logGet(43)) - raft.server.log.use.memory = false (default)
2019-09-25 06:33:52,202 [pool-37-thread-1] INFO  server.RaftServerConfigKeys (ConfUtils.java:logGet(43)) - raft.server.log.purge.gap = 1000000 (custom)
2019-09-25 06:33:52,202 [pool-37-thread-1] INFO  server.RaftServerConfigKeys (ConfUtils.java:logGet(43)) - raft.server.log.appender.buffer.byte-limit = 33554432 (custom)
2019-09-25 06:33:52,202 [pool-37-thread-1] INFO  server.RaftServerConfigKeys (ConfUtils.java:logGet(43)) - raft.server.log.segment.size.max = 1048576 (custom)
2019-09-25 06:33:52,202 [pool-37-thread-1] INFO  server.RaftServerConfigKeys (ConfUtils.java:logGet(43)) - raft.server.log.segment.cache.num.max = 2 (custom)
2019-09-25 06:33:52,203 [pool-37-thread-1] INFO  segmented.SegmentedRaftLogWorker (SegmentedRaftLogWorker.java:<init>(172)) - new f9a1adb5-ac95-4f8b-8632-8bfce9a5ce16@group-95409C4043EF-SegmentedRaftLogWorker for RaftStorage:Storage Directory /workdir/hadoop-ozone/ozonefs/target/test-dir/MiniOzoneClusterImpl-d97e1daa-6e0c-4900-b1c9-997de4e3459a/datanode-1/data/ratis/f5e50c4b-6b71-4e18-8a06-95409c4043ef
2019-09-25 06:33:52,239 [pool-37-thread-1] INFO  server.RaftServerConfigKeys (ConfUtils.java:logGet(43)) - raft.server.log.queue.byte-limit = 2147483647 (custom)
2019-09-25 06:33:52,239 [pool-37-thread-1] INFO  server.RaftServerConfigKeys (ConfUtils.java:logGet(43)) - raft.server.log.queue.element-limit = 1024 (custom)
2019-09-25 06:33:52,240 [pool-37-thread-1] INFO  server.RaftServerConfigKeys (ConfUtils.java:logGet(43)) - raft.server.log.segment.size.max = 1048576 (custom)
2019-09-25 06:33:52,240 [pool-37-thread-1] INFO  server.RaftServerConfigKeys (ConfUtils.java:logGet(43)) - raft.server.log.preallocated.size = 16384 (custom)
2019-09-25 06:33:52,240 [pool-37-thread-1] INFO  server.RaftServerConfigKeys (ConfUtils.java:logGet(43)) - raft.server.log.write.buffer.size = 33554432 (custom)
2019-09-25 06:33:52,240 [pool-37-thread-1] INFO  server.RaftServerConfigKeys (ConfUtils.java:logGet(43)) - raft.server.log.force.sync.num = 128 (default)
2019-09-25 06:33:52,240 [pool-37-thread-1] INFO  server.RaftServerConfigKeys (ConfUtils.java:logGet(43)) - raft.server.log.statemachine.data.sync = true (default)
2019-09-25 06:33:52,240 [pool-37-thread-1] INFO  server.RaftServerConfigKeys (ConfUtils.java:logGet(43)) - raft.server.log.statemachine.data.sync.timeout = 10s (default)
2019-09-25 06:33:52,240 [pool-37-thread-1] INFO  server.RaftServerConfigKeys (ConfUtils.java:logGet(43)) - raft.server.log.statemachine.data.sync.timeout.retry = -1 (default)
2019-09-25 06:33:52,241 [pool-37-thread-1] INFO  server.RaftServerConfigKeys (ConfUtils.java:logGet(43)) - raft.server.log.statemachine.data.caching.enabled = true (custom)
2019-09-25 06:33:52,241 [pool-37-thread-1] INFO  segmented.SegmentedRaftLogWorker (SegmentedRaftLogWorker.java:lambda$new$0(132)) - f9a1adb5-ac95-4f8b-8632-8bfce9a5ce16@group-95409C4043EF-SegmentedRaftLogWorker: flushIndex: setUnconditionally 0 -> -1
2019-09-25 06:33:52,241 [pool-37-thread-1] INFO  server.RaftServerConfigKeys (ConfUtils.java:logGet(43)) - raft.server.snapshot.auto.trigger.enabled = true (custom)
2019-09-25 06:33:52,241 [pool-37-thread-1] INFO  server.RaftServerConfigKeys (ConfUtils.java:logGet(43)) - raft.server.snapshot.auto.trigger.threshold = 10000 (custom)
2019-09-25 06:33:52,241 [pool-37-thread-1] INFO  server.RaftServerConfigKeys (ConfUtils.java:logGet(43)) - raft.server.snapshot.retention.num.files = 5 (custom)
2019-09-25 06:33:52,242 [pool-37-thread-1] INFO  server.RaftServerConfigKeys (ConfUtils.java:logGet(43)) - raft.server.retrycache.expirytime = 600000ms (custom)
2019-09-25 06:33:52,245 [pool-37-thread-1] INFO  impl.RaftServerImpl (RaftServerImpl.java:start(185)) - f9a1adb5-ac95-4f8b-8632-8bfce9a5ce16@group-95409C4043EF: start as a follower, conf=-1: [f9a1adb5-ac95-4f8b-8632-8bfce9a5ce16:192.168.164.207:36912], old=null
2019-09-25 06:33:52,246 [pool-37-thread-1] INFO  impl.RaftServerImpl (RaftServerImpl.java:setRole(174)) - f9a1adb5-ac95-4f8b-8632-8bfce9a5ce16@group-95409C4043EF: changes role from      null to FOLLOWER at term 0 for startAsFollower
2019-09-25 06:33:52,246 [pool-37-thread-1] INFO  impl.RoleInfo (RoleInfo.java:updateAndGet(143)) - f9a1adb5-ac95-4f8b-8632-8bfce9a5ce16: start FollowerState
2019-09-25 06:33:52,248 [pool-37-thread-1] INFO  util.JmxRegister (JmxRegister.java:tryRegister(44)) - Successfully registered JMX Bean with object name Ratis:service=RaftServer,group=group-95409C4043EF,id=f9a1adb5-ac95-4f8b-8632-8bfce9a5ce16
2019-09-25 06:33:52,262 [RatisPipelineUtilsThread] INFO  pipeline.PipelineStateManager (PipelineStateManager.java:addPipeline(56)) - Created pipeline Pipeline[ Id: f5e50c4b-6b71-4e18-8a06-95409c4043ef, Nodes: f9a1adb5-ac95-4f8b-8632-8bfce9a5ce16{ip: 192.168.164.207, host: pr-hdds-1569-s44lr-3492059363, networkLocation: /default-rack, certSerialId: null}, Type:RATIS, Factor:ONE, State:OPEN]
2019-09-25 06:33:52,281 [grpc-default-executor-0] INFO  impl.RaftServerProxy (RaftServerProxy.java:addNew(89)) - 81f06f72-72c9-4329-855f-4bc73f7e5da2: addNew group-8248A8B75CAB:[81f06f72-72c9-4329-855f-4bc73f7e5da2:192.168.164.207:40731] returns group-8248A8B75CAB:java.util.concurrent.CompletableFuture@ff713a4[Not completed]
2019-09-25 06:33:52,283 [pool-27-thread-1] INFO  impl.RaftServerImpl (RaftServerImpl.java:<init>(95)) - 81f06f72-72c9-4329-855f-4bc73f7e5da2: new RaftServerImpl for group-8248A8B75CAB:[81f06f72-72c9-4329-855f-4bc73f7e5da2:192.168.164.207:40731] with ContainerStateMachine:uninitialized
2019-09-25 06:33:52,283 [pool-27-thread-1] INFO  server.RaftServerConfigKeys (ConfUtils.java:logGet(43)) - raft.server.rpc.timeout.min = 5s (custom)
2019-09-25 06:33:52,283 [pool-27-thread-1] INFO  server.RaftServerConfigKeys (ConfUtils.java:logGet(43)) - raft.server.rpc.timeout.max = 5200ms (custom)
2019-09-25 06:33:52,283 [pool-27-thread-1] INFO  server.RaftServerConfigKeys (ConfUtils.java:logGet(43)) - raft.server.rpcslowness.timeout = 120s (custom)
2019-09-25 06:33:52,283 [pool-27-thread-1] INFO  server.RaftServerConfigKeys (ConfUtils.java:logGet(43)) - raft.server.sleep.deviation.threshold = 300 (default)
2019-09-25 06:33:52,283 [pool-27-thread-1] INFO  server.RaftServerConfigKeys (ConfUtils.java:logGet(43)) - raft.server.log.appender.install.snapshot.enabled = false (custom)
2019-09-25 06:33:52,284 [pool-27-thread-1] INFO  impl.RaftServerImpl (ServerState.java:<init>(103)) - 81f06f72-72c9-4329-855f-4bc73f7e5da2@group-8248A8B75CAB: ConfigurationManager, init=-1: [81f06f72-72c9-4329-855f-4bc73f7e5da2:192.168.164.207:40731], old=null, confs=<EMPTY_MAP>
2019-09-25 06:33:52,284 [pool-27-thread-1] INFO  server.RaftServerConfigKeys (ConfUtils.java:logGet(43)) - raft.server.storage.dir = [/workdir/hadoop-ozone/ozonefs/target/test-dir/MiniOzoneClusterImpl-d97e1daa-6e0c-4900-b1c9-997de4e3459a/datanode-0/data/ratis] (custom)
2019-09-25 06:33:52,284 [pool-27-thread-1] INFO  storage.RaftStorageDirectory (RaftStorageDirectory.java:analyzeStorage(246)) - The storage directory /workdir/hadoop-ozone/ozonefs/target/test-dir/MiniOzoneClusterImpl-d97e1daa-6e0c-4900-b1c9-997de4e3459a/datanode-0/data/ratis/7a5ecf0e-ada2-45eb-bb21-8248a8b75cab does not exist. Creating ...
2019-09-25 06:33:52,297 [pool-27-thread-1] INFO  storage.RaftStorageDirectory (RaftStorageDirectory.java:tryLock(328)) - Lock on /workdir/hadoop-ozone/ozonefs/target/test-dir/MiniOzoneClusterImpl-d97e1daa-6e0c-4900-b1c9-997de4e3459a/datanode-0/data/ratis/7a5ecf0e-ada2-45eb-bb21-8248a8b75cab/in_use.lock acquired by nodename 9063@pr-hdds-1569-s44lr-3492059363
2019-09-25 06:33:52,319 [pool-27-thread-1] INFO  storage.RaftStorage (RaftStorage.java:format(72)) - Storage directory /workdir/hadoop-ozone/ozonefs/target/test-dir/MiniOzoneClusterImpl-d97e1daa-6e0c-4900-b1c9-997de4e3459a/datanode-0/data/ratis/7a5ecf0e-ada2-45eb-bb21-8248a8b75cab has been successfully formatted.
2019-09-25 06:33:52,319 [pool-27-thread-1] INFO  ratis.ContainerStateMachine (ContainerStateMachine.java:loadSnapshot(230)) - group-8248A8B75CAB: The snapshot info is null. Setting the last applied indexto:(t:0, i:~)
2019-09-25 06:33:52,319 [pool-27-thread-1] INFO  server.RaftServerConfigKeys (ConfUtils.java:logGet(43)) - raft.server.notification.no-leader.timeout = 120s (custom)
2019-09-25 06:33:52,319 [pool-27-thread-1] INFO  server.RaftServerConfigKeys (ConfUtils.java:logGet(43)) - raft.server.log.use.memory = false (default)
2019-09-25 06:33:52,319 [pool-27-thread-1] INFO  server.RaftServerConfigKeys (ConfUtils.java:logGet(43)) - raft.server.log.purge.gap = 1000000 (custom)
2019-09-25 06:33:52,319 [pool-27-thread-1] INFO  server.RaftServerConfigKeys (ConfUtils.java:logGet(43)) - raft.server.log.appender.buffer.byte-limit = 33554432 (custom)
2019-09-25 06:33:52,319 [pool-27-thread-1] INFO  server.RaftServerConfigKeys (ConfUtils.java:logGet(43)) - raft.server.log.segment.size.max = 1048576 (custom)
2019-09-25 06:33:52,320 [pool-27-thread-1] INFO  server.RaftServerConfigKeys (ConfUtils.java:logGet(43)) - raft.server.log.segment.cache.num.max = 2 (custom)
2019-09-25 06:33:52,320 [pool-27-thread-1] INFO  segmented.SegmentedRaftLogWorker (SegmentedRaftLogWorker.java:<init>(172)) - new 81f06f72-72c9-4329-855f-4bc73f7e5da2@group-8248A8B75CAB-SegmentedRaftLogWorker for RaftStorage:Storage Directory /workdir/hadoop-ozone/ozonefs/target/test-dir/MiniOzoneClusterImpl-d97e1daa-6e0c-4900-b1c9-997de4e3459a/datanode-0/data/ratis/7a5ecf0e-ada2-45eb-bb21-8248a8b75cab
2019-09-25 06:33:52,320 [pool-27-thread-1] INFO  server.RaftServerConfigKeys (ConfUtils.java:logGet(43)) - raft.server.log.queue.byte-limit = 2147483647 (custom)
2019-09-25 06:33:52,320 [pool-27-thread-1] INFO  server.RaftServerConfigKeys (ConfUtils.java:logGet(43)) - raft.server.log.queue.element-limit = 1024 (custom)
2019-09-25 06:33:52,320 [pool-27-thread-1] INFO  server.RaftServerConfigKeys (ConfUtils.java:logGet(43)) - raft.server.log.segment.size.max = 1048576 (custom)
2019-09-25 06:33:52,320 [pool-27-thread-1] INFO  server.RaftServerConfigKeys (ConfUtils.java:logGet(43)) - raft.server.log.preallocated.size = 16384 (custom)
2019-09-25 06:33:52,320 [pool-27-thread-1] INFO  server.RaftServerConfigKeys (ConfUtils.java:logGet(43)) - raft.server.log.write.buffer.size = 33554432 (custom)
2019-09-25 06:33:52,321 [pool-27-thread-1] INFO  server.RaftServerConfigKeys (ConfUtils.java:logGet(43)) - raft.server.log.force.sync.num = 128 (default)
2019-09-25 06:33:52,321 [pool-27-thread-1] INFO  server.RaftServerConfigKeys (ConfUtils.java:logGet(43)) - raft.server.log.statemachine.data.sync = true (default)
2019-09-25 06:33:52,321 [pool-27-thread-1] INFO  server.RaftServerConfigKeys (ConfUtils.java:logGet(43)) - raft.server.log.statemachine.data.sync.timeout = 10s (default)
2019-09-25 06:33:52,321 [pool-27-thread-1] INFO  server.RaftServerConfigKeys (ConfUtils.java:logGet(43)) - raft.server.log.statemachine.data.sync.timeout.retry = -1 (default)
2019-09-25 06:33:52,321 [pool-27-thread-1] INFO  server.RaftServerConfigKeys (ConfUtils.java:logGet(43)) - raft.server.log.statemachine.data.caching.enabled = true (custom)
2019-09-25 06:33:52,321 [pool-27-thread-1] INFO  segmented.SegmentedRaftLogWorker (SegmentedRaftLogWorker.java:lambda$new$0(132)) - 81f06f72-72c9-4329-855f-4bc73f7e5da2@group-8248A8B75CAB-SegmentedRaftLogWorker: flushIndex: setUnconditionally 0 -> -1
2019-09-25 06:33:52,322 [pool-27-thread-1] INFO  server.RaftServerConfigKeys (ConfUtils.java:logGet(43)) - raft.server.snapshot.auto.trigger.enabled = true (custom)
2019-09-25 06:33:52,322 [pool-27-thread-1] INFO  server.RaftServerConfigKeys (ConfUtils.java:logGet(43)) - raft.server.snapshot.auto.trigger.threshold = 10000 (custom)
2019-09-25 06:33:52,322 [pool-27-thread-1] INFO  server.RaftServerConfigKeys (ConfUtils.java:logGet(43)) - raft.server.snapshot.retention.num.files = 5 (custom)
2019-09-25 06:33:52,322 [pool-27-thread-1] INFO  server.RaftServerConfigKeys (ConfUtils.java:logGet(43)) - raft.server.retrycache.expirytime = 600000ms (custom)
2019-09-25 06:33:52,326 [pool-27-thread-1] INFO  impl.RaftServerImpl (RaftServerImpl.java:start(185)) - 81f06f72-72c9-4329-855f-4bc73f7e5da2@group-8248A8B75CAB: start as a follower, conf=-1: [81f06f72-72c9-4329-855f-4bc73f7e5da2:192.168.164.207:40731], old=null
2019-09-25 06:33:52,326 [pool-27-thread-1] INFO  impl.RaftServerImpl (RaftServerImpl.java:setRole(174)) - 81f06f72-72c9-4329-855f-4bc73f7e5da2@group-8248A8B75CAB: changes role from      null to FOLLOWER at term 0 for startAsFollower
2019-09-25 06:33:52,326 [pool-27-thread-1] INFO  impl.RoleInfo (RoleInfo.java:updateAndGet(143)) - 81f06f72-72c9-4329-855f-4bc73f7e5da2: start FollowerState
2019-09-25 06:33:52,327 [pool-27-thread-1] INFO  util.JmxRegister (JmxRegister.java:tryRegister(44)) - Successfully registered JMX Bean with object name Ratis:service=RaftServer,group=group-8248A8B75CAB,id=81f06f72-72c9-4329-855f-4bc73f7e5da2
2019-09-25 06:33:52,352 [RatisPipelineUtilsThread] INFO  pipeline.PipelineStateManager (PipelineStateManager.java:addPipeline(56)) - Created pipeline Pipeline[ Id: 7a5ecf0e-ada2-45eb-bb21-8248a8b75cab, Nodes: 81f06f72-72c9-4329-855f-4bc73f7e5da2{ip: 192.168.164.207, host: pr-hdds-1569-s44lr-3492059363, networkLocation: /default-rack, certSerialId: null}, Type:RATIS, Factor:ONE, State:OPEN]
2019-09-25 06:33:52,366 [grpc-default-executor-0] INFO  impl.RaftServerProxy (RaftServerProxy.java:addNew(89)) - 59047a66-3178-4e61-9c82-892aa22a5b81: addNew group-65AD5FD3CE27:[59047a66-3178-4e61-9c82-892aa22a5b81:192.168.164.207:38018] returns group-65AD5FD3CE27:java.util.concurrent.CompletableFuture@7f12ca0[Not completed]
2019-09-25 06:33:52,368 [pool-47-thread-1] INFO  impl.RaftServerImpl (RaftServerImpl.java:<init>(95)) - 59047a66-3178-4e61-9c82-892aa22a5b81: new RaftServerImpl for group-65AD5FD3CE27:[59047a66-3178-4e61-9c82-892aa22a5b81:192.168.164.207:38018] with ContainerStateMachine:uninitialized
2019-09-25 06:33:52,368 [pool-47-thread-1] INFO  server.RaftServerConfigKeys (ConfUtils.java:logGet(43)) - raft.server.rpc.timeout.min = 5s (custom)
2019-09-25 06:33:52,368 [pool-47-thread-1] INFO  server.RaftServerConfigKeys (ConfUtils.java:logGet(43)) - raft.server.rpc.timeout.max = 5200ms (custom)
2019-09-25 06:33:52,368 [pool-47-thread-1] INFO  server.RaftServerConfigKeys (ConfUtils.java:logGet(43)) - raft.server.rpcslowness.timeout = 120s (custom)
2019-09-25 06:33:52,368 [pool-47-thread-1] INFO  server.RaftServerConfigKeys (ConfUtils.java:logGet(43)) - raft.server.sleep.deviation.threshold = 300 (default)
2019-09-25 06:33:52,368 [pool-47-thread-1] INFO  server.RaftServerConfigKeys (ConfUtils.java:logGet(43)) - raft.server.log.appender.install.snapshot.enabled = false (custom)
2019-09-25 06:33:52,369 [pool-47-thread-1] INFO  impl.RaftServerImpl (ServerState.java:<init>(103)) - 59047a66-3178-4e61-9c82-892aa22a5b81@group-65AD5FD3CE27: ConfigurationManager, init=-1: [59047a66-3178-4e61-9c82-892aa22a5b81:192.168.164.207:38018], old=null, confs=<EMPTY_MAP>
2019-09-25 06:33:52,369 [pool-47-thread-1] INFO  server.RaftServerConfigKeys (ConfUtils.java:logGet(43)) - raft.server.storage.dir = [/workdir/hadoop-ozone/ozonefs/target/test-dir/MiniOzoneClusterImpl-d97e1daa-6e0c-4900-b1c9-997de4e3459a/datanode-2/data/ratis] (custom)
2019-09-25 06:33:52,369 [pool-47-thread-1] INFO  storage.RaftStorageDirectory (RaftStorageDirectory.java:analyzeStorage(246)) - The storage directory /workdir/hadoop-ozone/ozonefs/target/test-dir/MiniOzoneClusterImpl-d97e1daa-6e0c-4900-b1c9-997de4e3459a/datanode-2/data/ratis/88673c7f-0dd3-4df4-91b4-65ad5fd3ce27 does not exist. Creating ...
2019-09-25 06:33:52,382 [pool-47-thread-1] INFO  storage.RaftStorageDirectory (RaftStorageDirectory.java:tryLock(328)) - Lock on /workdir/hadoop-ozone/ozonefs/target/test-dir/MiniOzoneClusterImpl-d97e1daa-6e0c-4900-b1c9-997de4e3459a/datanode-2/data/ratis/88673c7f-0dd3-4df4-91b4-65ad5fd3ce27/in_use.lock acquired by nodename 9063@pr-hdds-1569-s44lr-3492059363
2019-09-25 06:33:52,395 [pool-47-thread-1] INFO  storage.RaftStorage (RaftStorage.java:format(72)) - Storage directory /workdir/hadoop-ozone/ozonefs/target/test-dir/MiniOzoneClusterImpl-d97e1daa-6e0c-4900-b1c9-997de4e3459a/datanode-2/data/ratis/88673c7f-0dd3-4df4-91b4-65ad5fd3ce27 has been successfully formatted.
2019-09-25 06:33:52,396 [pool-47-thread-1] INFO  ratis.ContainerStateMachine (ContainerStateMachine.java:loadSnapshot(230)) - group-65AD5FD3CE27: The snapshot info is null. Setting the last applied indexto:(t:0, i:~)
2019-09-25 06:33:52,396 [pool-47-thread-1] INFO  server.RaftServerConfigKeys (ConfUtils.java:logGet(43)) - raft.server.notification.no-leader.timeout = 120s (custom)
2019-09-25 06:33:52,396 [pool-47-thread-1] INFO  server.RaftServerConfigKeys (ConfUtils.java:logGet(43)) - raft.server.log.use.memory = false (default)
2019-09-25 06:33:52,396 [pool-47-thread-1] INFO  server.RaftServerConfigKeys (ConfUtils.java:logGet(43)) - raft.server.log.purge.gap = 1000000 (custom)
2019-09-25 06:33:52,396 [pool-47-thread-1] INFO  server.RaftServerConfigKeys (ConfUtils.java:logGet(43)) - raft.server.log.appender.buffer.byte-limit = 33554432 (custom)
2019-09-25 06:33:52,396 [pool-47-thread-1] INFO  server.RaftServerConfigKeys (ConfUtils.java:logGet(43)) - raft.server.log.segment.size.max = 1048576 (custom)
2019-09-25 06:33:52,397 [pool-47-thread-1] INFO  server.RaftServerConfigKeys (ConfUtils.java:logGet(43)) - raft.server.log.segment.cache.num.max = 2 (custom)
2019-09-25 06:33:52,397 [pool-47-thread-1] INFO  segmented.SegmentedRaftLogWorker (SegmentedRaftLogWorker.java:<init>(172)) - new 59047a66-3178-4e61-9c82-892aa22a5b81@group-65AD5FD3CE27-SegmentedRaftLogWorker for RaftStorage:Storage Directory /workdir/hadoop-ozone/ozonefs/target/test-dir/MiniOzoneClusterImpl-d97e1daa-6e0c-4900-b1c9-997de4e3459a/datanode-2/data/ratis/88673c7f-0dd3-4df4-91b4-65ad5fd3ce27
2019-09-25 06:33:52,397 [pool-47-thread-1] INFO  server.RaftServerConfigKeys (ConfUtils.java:logGet(43)) - raft.server.log.queue.byte-limit = 2147483647 (custom)
2019-09-25 06:33:52,397 [pool-47-thread-1] INFO  server.RaftServerConfigKeys (ConfUtils.java:logGet(43)) - raft.server.log.queue.element-limit = 1024 (custom)
2019-09-25 06:33:52,397 [pool-47-thread-1] INFO  server.RaftServerConfigKeys (ConfUtils.java:logGet(43)) - raft.server.log.segment.size.max = 1048576 (custom)
2019-09-25 06:33:52,397 [pool-47-thread-1] INFO  server.RaftServerConfigKeys (ConfUtils.java:logGet(43)) - raft.server.log.preallocated.size = 16384 (custom)
2019-09-25 06:33:52,397 [pool-47-thread-1] INFO  server.RaftServerConfigKeys (ConfUtils.java:logGet(43)) - raft.server.log.write.buffer.size = 33554432 (custom)
2019-09-25 06:33:52,398 [pool-47-thread-1] INFO  server.RaftServerConfigKeys (ConfUtils.java:logGet(43)) - raft.server.log.force.sync.num = 128 (default)
2019-09-25 06:33:52,398 [pool-47-thread-1] INFO  server.RaftServerConfigKeys (ConfUtils.java:logGet(43)) - raft.server.log.statemachine.data.sync = true (default)
2019-09-25 06:33:52,398 [pool-47-thread-1] INFO  server.RaftServerConfigKeys (ConfUtils.java:logGet(43)) - raft.server.log.statemachine.data.sync.timeout = 10s (default)
2019-09-25 06:33:52,398 [pool-47-thread-1] INFO  server.RaftServerConfigKeys (ConfUtils.java:logGet(43)) - raft.server.log.statemachine.data.sync.timeout.retry = -1 (default)
2019-09-25 06:33:52,398 [pool-47-thread-1] INFO  server.RaftServerConfigKeys (ConfUtils.java:logGet(43)) - raft.server.log.statemachine.data.caching.enabled = true (custom)
2019-09-25 06:33:52,398 [pool-47-thread-1] INFO  segmented.SegmentedRaftLogWorker (SegmentedRaftLogWorker.java:lambda$new$0(132)) - 59047a66-3178-4e61-9c82-892aa22a5b81@group-65AD5FD3CE27-SegmentedRaftLogWorker: flushIndex: setUnconditionally 0 -> -1
2019-09-25 06:33:52,399 [pool-47-thread-1] INFO  server.RaftServerConfigKeys (ConfUtils.java:logGet(43)) - raft.server.snapshot.auto.trigger.enabled = true (custom)
2019-09-25 06:33:52,399 [pool-47-thread-1] INFO  server.RaftServerConfigKeys (ConfUtils.java:logGet(43)) - raft.server.snapshot.auto.trigger.threshold = 10000 (custom)
2019-09-25 06:33:52,399 [pool-47-thread-1] INFO  server.RaftServerConfigKeys (ConfUtils.java:logGet(43)) - raft.server.snapshot.retention.num.files = 5 (custom)
2019-09-25 06:33:52,399 [pool-47-thread-1] INFO  server.RaftServerConfigKeys (ConfUtils.java:logGet(43)) - raft.server.retrycache.expirytime = 600000ms (custom)
2019-09-25 06:33:52,403 [pool-47-thread-1] INFO  impl.RaftServerImpl (RaftServerImpl.java:start(185)) - 59047a66-3178-4e61-9c82-892aa22a5b81@group-65AD5FD3CE27: start as a follower, conf=-1: [59047a66-3178-4e61-9c82-892aa22a5b81:192.168.164.207:38018], old=null
2019-09-25 06:33:52,403 [pool-47-thread-1] INFO  impl.RaftServerImpl (RaftServerImpl.java:setRole(174)) - 59047a66-3178-4e61-9c82-892aa22a5b81@group-65AD5FD3CE27: changes role from      null to FOLLOWER at term 0 for startAsFollower
2019-09-25 06:33:52,403 [pool-47-thread-1] INFO  impl.RoleInfo (RoleInfo.java:updateAndGet(143)) - 59047a66-3178-4e61-9c82-892aa22a5b81: start FollowerState
2019-09-25 06:33:52,403 [pool-47-thread-1] INFO  util.JmxRegister (JmxRegister.java:tryRegister(44)) - Successfully registered JMX Bean with object name Ratis:service=RaftServer,group=group-65AD5FD3CE27,id=59047a66-3178-4e61-9c82-892aa22a5b81
2019-09-25 06:33:52,415 [RatisPipelineUtilsThread] INFO  pipeline.PipelineStateManager (PipelineStateManager.java:addPipeline(56)) - Created pipeline Pipeline[ Id: 88673c7f-0dd3-4df4-91b4-65ad5fd3ce27, Nodes: 59047a66-3178-4e61-9c82-892aa22a5b81{ip: 192.168.164.207, host: pr-hdds-1569-s44lr-3492059363, networkLocation: /default-rack, certSerialId: null}, Type:RATIS, Factor:ONE, State:OPEN]
2019-09-25 06:33:52,428 [grpc-default-executor-0] INFO  impl.RaftServerProxy (RaftServerProxy.java:addNew(89)) - f9a1adb5-ac95-4f8b-8632-8bfce9a5ce16: addNew group-711781CA78ED:[f9a1adb5-ac95-4f8b-8632-8bfce9a5ce16:192.168.164.207:36912] returns group-711781CA78ED:java.util.concurrent.CompletableFuture@2a5fed8d[Not completed]
2019-09-25 06:33:52,430 [pool-37-thread-1] INFO  impl.RaftServerImpl (RaftServerImpl.java:<init>(95)) - f9a1adb5-ac95-4f8b-8632-8bfce9a5ce16: new RaftServerImpl for group-711781CA78ED:[f9a1adb5-ac95-4f8b-8632-8bfce9a5ce16:192.168.164.207:36912] with ContainerStateMachine:uninitialized
2019-09-25 06:33:52,430 [pool-37-thread-1] INFO  server.RaftServerConfigKeys (ConfUtils.java:logGet(43)) - raft.server.rpc.timeout.min = 5s (custom)
2019-09-25 06:33:52,430 [pool-37-thread-1] INFO  server.RaftServerConfigKeys (ConfUtils.java:logGet(43)) - raft.server.rpc.timeout.max = 5200ms (custom)
2019-09-25 06:33:52,430 [pool-37-thread-1] INFO  server.RaftServerConfigKeys (ConfUtils.java:logGet(43)) - raft.server.rpcslowness.timeout = 120s (custom)
2019-09-25 06:33:52,430 [pool-37-thread-1] INFO  server.RaftServerConfigKeys (ConfUtils.java:logGet(43)) - raft.server.sleep.deviation.threshold = 300 (default)
2019-09-25 06:33:52,430 [pool-37-thread-1] INFO  server.RaftServerConfigKeys (ConfUtils.java:logGet(43)) - raft.server.log.appender.install.snapshot.enabled = false (custom)
2019-09-25 06:33:52,430 [pool-37-thread-1] INFO  impl.RaftServerImpl (ServerState.java:<init>(103)) - f9a1adb5-ac95-4f8b-8632-8bfce9a5ce16@group-711781CA78ED: ConfigurationManager, init=-1: [f9a1adb5-ac95-4f8b-8632-8bfce9a5ce16:192.168.164.207:36912], old=null, confs=<EMPTY_MAP>
2019-09-25 06:33:52,430 [pool-37-thread-1] INFO  server.RaftServerConfigKeys (ConfUtils.java:logGet(43)) - raft.server.storage.dir = [/workdir/hadoop-ozone/ozonefs/target/test-dir/MiniOzoneClusterImpl-d97e1daa-6e0c-4900-b1c9-997de4e3459a/datanode-1/data/ratis] (custom)
2019-09-25 06:33:52,431 [pool-37-thread-1] INFO  storage.RaftStorageDirectory (RaftStorageDirectory.java:analyzeStorage(246)) - The storage directory /workdir/hadoop-ozone/ozonefs/target/test-dir/MiniOzoneClusterImpl-d97e1daa-6e0c-4900-b1c9-997de4e3459a/datanode-1/data/ratis/077708f0-cd30-49a8-8cd8-711781ca78ed does not exist. Creating ...
2019-09-25 06:33:52,444 [pool-37-thread-1] INFO  storage.RaftStorageDirectory (RaftStorageDirectory.java:tryLock(328)) - Lock on /workdir/hadoop-ozone/ozonefs/target/test-dir/MiniOzoneClusterImpl-d97e1daa-6e0c-4900-b1c9-997de4e3459a/datanode-1/data/ratis/077708f0-cd30-49a8-8cd8-711781ca78ed/in_use.lock acquired by nodename 9063@pr-hdds-1569-s44lr-3492059363
2019-09-25 06:33:52,457 [pool-37-thread-1] INFO  storage.RaftStorage (RaftStorage.java:format(72)) - Storage directory /workdir/hadoop-ozone/ozonefs/target/test-dir/MiniOzoneClusterImpl-d97e1daa-6e0c-4900-b1c9-997de4e3459a/datanode-1/data/ratis/077708f0-cd30-49a8-8cd8-711781ca78ed has been successfully formatted.
2019-09-25 06:33:52,457 [pool-37-thread-1] INFO  ratis.ContainerStateMachine (ContainerStateMachine.java:loadSnapshot(230)) - group-711781CA78ED: The snapshot info is null. Setting the last applied indexto:(t:0, i:~)
2019-09-25 06:33:52,458 [pool-37-thread-1] INFO  server.RaftServerConfigKeys (ConfUtils.java:logGet(43)) - raft.server.notification.no-leader.timeout = 120s (custom)
2019-09-25 06:33:52,458 [pool-37-thread-1] INFO  server.RaftServerConfigKeys (ConfUtils.java:logGet(43)) - raft.server.log.use.memory = false (default)
2019-09-25 06:33:52,458 [pool-37-thread-1] INFO  server.RaftServerConfigKeys (ConfUtils.java:logGet(43)) - raft.server.log.purge.gap = 1000000 (custom)
2019-09-25 06:33:52,458 [pool-37-thread-1] INFO  server.RaftServerConfigKeys (ConfUtils.java:logGet(43)) - raft.server.log.appender.buffer.byte-limit = 33554432 (custom)
2019-09-25 06:33:52,458 [pool-37-thread-1] INFO  server.RaftServerConfigKeys (ConfUtils.java:logGet(43)) - raft.server.log.segment.size.max = 1048576 (custom)
2019-09-25 06:33:52,459 [pool-37-thread-1] INFO  server.RaftServerConfigKeys (ConfUtils.java:logGet(43)) - raft.server.log.segment.cache.num.max = 2 (custom)
2019-09-25 06:33:52,459 [pool-37-thread-1] INFO  segmented.SegmentedRaftLogWorker (SegmentedRaftLogWorker.java:<init>(172)) - new f9a1adb5-ac95-4f8b-8632-8bfce9a5ce16@group-711781CA78ED-SegmentedRaftLogWorker for RaftStorage:Storage Directory /workdir/hadoop-ozone/ozonefs/target/test-dir/MiniOzoneClusterImpl-d97e1daa-6e0c-4900-b1c9-997de4e3459a/datanode-1/data/ratis/077708f0-cd30-49a8-8cd8-711781ca78ed
2019-09-25 06:33:52,459 [pool-37-thread-1] INFO  server.RaftServerConfigKeys (ConfUtils.java:logGet(43)) - raft.server.log.queue.byte-limit = 2147483647 (custom)
2019-09-25 06:33:52,459 [pool-37-thread-1] INFO  server.RaftServerConfigKeys (ConfUtils.java:logGet(43)) - raft.server.log.queue.element-limit = 1024 (custom)
2019-09-25 06:33:52,459 [pool-37-thread-1] INFO  server.RaftServerConfigKeys (ConfUtils.java:logGet(43)) - raft.server.log.segment.size.max = 1048576 (custom)
2019-09-25 06:33:52,460 [pool-37-thread-1] INFO  server.RaftServerConfigKeys (ConfUtils.java:logGet(43)) - raft.server.log.preallocated.size = 16384 (custom)
2019-09-25 06:33:52,460 [pool-37-thread-1] INFO  server.RaftServerConfigKeys (ConfUtils.java:logGet(43)) - raft.server.log.write.buffer.size = 33554432 (custom)
2019-09-25 06:33:52,460 [pool-37-thread-1] INFO  server.RaftServerConfigKeys (ConfUtils.java:logGet(43)) - raft.server.log.force.sync.num = 128 (default)
2019-09-25 06:33:52,460 [pool-37-thread-1] INFO  server.RaftServerConfigKeys (ConfUtils.java:logGet(43)) - raft.server.log.statemachine.data.sync = true (default)
2019-09-25 06:33:52,460 [pool-37-thread-1] INFO  server.RaftServerConfigKeys (ConfUtils.java:logGet(43)) - raft.server.log.statemachine.data.sync.timeout = 10s (default)
2019-09-25 06:33:52,460 [pool-37-thread-1] INFO  server.RaftServerConfigKeys (ConfUtils.java:logGet(43)) - raft.server.log.statemachine.data.sync.timeout.retry = -1 (default)
2019-09-25 06:33:52,461 [pool-37-thread-1] INFO  server.RaftServerConfigKeys (ConfUtils.java:logGet(43)) - raft.server.log.statemachine.data.caching.enabled = true (custom)
2019-09-25 06:33:52,461 [pool-37-thread-1] INFO  segmented.SegmentedRaftLogWorker (SegmentedRaftLogWorker.java:lambda$new$0(132)) - f9a1adb5-ac95-4f8b-8632-8bfce9a5ce16@group-711781CA78ED-SegmentedRaftLogWorker: flushIndex: setUnconditionally 0 -> -1
2019-09-25 06:33:52,461 [pool-37-thread-1] INFO  server.RaftServerConfigKeys (ConfUtils.java:logGet(43)) - raft.server.snapshot.auto.trigger.enabled = true (custom)
2019-09-25 06:33:52,462 [pool-37-thread-1] INFO  server.RaftServerConfigKeys (ConfUtils.java:logGet(43)) - raft.server.snapshot.auto.trigger.threshold = 10000 (custom)
2019-09-25 06:33:52,462 [pool-37-thread-1] INFO  server.RaftServerConfigKeys (ConfUtils.java:logGet(43)) - raft.server.snapshot.retention.num.files = 5 (custom)
2019-09-25 06:33:52,462 [pool-37-thread-1] INFO  server.RaftServerConfigKeys (ConfUtils.java:logGet(43)) - raft.server.retrycache.expirytime = 600000ms (custom)
2019-09-25 06:33:52,466 [pool-37-thread-1] INFO  impl.RaftServerImpl (RaftServerImpl.java:start(185)) - f9a1adb5-ac95-4f8b-8632-8bfce9a5ce16@group-711781CA78ED: start as a follower, conf=-1: [f9a1adb5-ac95-4f8b-8632-8bfce9a5ce16:192.168.164.207:36912], old=null
2019-09-25 06:33:52,467 [pool-37-thread-1] INFO  impl.RaftServerImpl (RaftServerImpl.java:setRole(174)) - f9a1adb5-ac95-4f8b-8632-8bfce9a5ce16@group-711781CA78ED: changes role from      null to FOLLOWER at term 0 for startAsFollower
2019-09-25 06:33:52,467 [pool-37-thread-1] INFO  impl.RoleInfo (RoleInfo.java:updateAndGet(143)) - f9a1adb5-ac95-4f8b-8632-8bfce9a5ce16: start FollowerState
2019-09-25 06:33:52,467 [pool-37-thread-1] INFO  util.JmxRegister (JmxRegister.java:tryRegister(44)) - Successfully registered JMX Bean with object name Ratis:service=RaftServer,group=group-711781CA78ED,id=f9a1adb5-ac95-4f8b-8632-8bfce9a5ce16
2019-09-25 06:33:52,481 [RatisPipelineUtilsThread] INFO  pipeline.PipelineStateManager (PipelineStateManager.java:addPipeline(56)) - Created pipeline Pipeline[ Id: 077708f0-cd30-49a8-8cd8-711781ca78ed, Nodes: f9a1adb5-ac95-4f8b-8632-8bfce9a5ce16{ip: 192.168.164.207, host: pr-hdds-1569-s44lr-3492059363, networkLocation: /default-rack, certSerialId: null}, Type:RATIS, Factor:ONE, State:OPEN]
2019-09-25 06:33:52,500 [grpc-default-executor-0] INFO  impl.RaftServerProxy (RaftServerProxy.java:addNew(89)) - 9f1e8130-5807-4ed4-a5b5-273b79efb982: addNew group-E8FD0F436770:[9f1e8130-5807-4ed4-a5b5-273b79efb982:192.168.164.207:40481] returns group-E8FD0F436770:java.util.concurrent.CompletableFuture@1928c05[Not completed]
2019-09-25 06:33:52,507 [pool-117-thread-1] INFO  impl.RaftServerImpl (RaftServerImpl.java:<init>(95)) - 9f1e8130-5807-4ed4-a5b5-273b79efb982: new RaftServerImpl for group-E8FD0F436770:[9f1e8130-5807-4ed4-a5b5-273b79efb982:192.168.164.207:40481] with ContainerStateMachine:uninitialized
2019-09-25 06:33:52,508 [pool-117-thread-1] INFO  server.RaftServerConfigKeys (ConfUtils.java:logGet(43)) - raft.server.rpc.timeout.min = 5s (custom)
2019-09-25 06:33:52,508 [pool-117-thread-1] INFO  server.RaftServerConfigKeys (ConfUtils.java:logGet(43)) - raft.server.rpc.timeout.max = 5200ms (custom)
2019-09-25 06:33:52,508 [pool-117-thread-1] INFO  server.RaftServerConfigKeys (ConfUtils.java:logGet(43)) - raft.server.rpcslowness.timeout = 120s (custom)
2019-09-25 06:33:52,508 [pool-117-thread-1] INFO  server.RaftServerConfigKeys (ConfUtils.java:logGet(43)) - raft.server.sleep.deviation.threshold = 300 (default)
2019-09-25 06:33:52,509 [pool-117-thread-1] INFO  server.RaftServerConfigKeys (ConfUtils.java:logGet(43)) - raft.server.log.appender.install.snapshot.enabled = false (custom)
2019-09-25 06:33:52,509 [pool-117-thread-1] INFO  impl.RaftServerImpl (ServerState.java:<init>(103)) - 9f1e8130-5807-4ed4-a5b5-273b79efb982@group-E8FD0F436770: ConfigurationManager, init=-1: [9f1e8130-5807-4ed4-a5b5-273b79efb982:192.168.164.207:40481], old=null, confs=<EMPTY_MAP>
2019-09-25 06:33:52,509 [pool-117-thread-1] INFO  server.RaftServerConfigKeys (ConfUtils.java:logGet(43)) - raft.server.storage.dir = [/workdir/hadoop-ozone/ozonefs/target/test-dir/MiniOzoneClusterImpl-d97e1daa-6e0c-4900-b1c9-997de4e3459a/datanode-9/data/ratis] (custom)
2019-09-25 06:33:52,510 [pool-117-thread-1] INFO  storage.RaftStorageDirectory (RaftStorageDirectory.java:analyzeStorage(246)) - The storage directory /workdir/hadoop-ozone/ozonefs/target/test-dir/MiniOzoneClusterImpl-d97e1daa-6e0c-4900-b1c9-997de4e3459a/datanode-9/data/ratis/9b96dc26-ec27-4d23-854b-e8fd0f436770 does not exist. Creating ...
2019-09-25 06:33:52,523 [pool-117-thread-1] INFO  storage.RaftStorageDirectory (RaftStorageDirectory.java:tryLock(328)) - Lock on /workdir/hadoop-ozone/ozonefs/target/test-dir/MiniOzoneClusterImpl-d97e1daa-6e0c-4900-b1c9-997de4e3459a/datanode-9/data/ratis/9b96dc26-ec27-4d23-854b-e8fd0f436770/in_use.lock acquired by nodename 9063@pr-hdds-1569-s44lr-3492059363
2019-09-25 06:33:52,533 [main] INFO  ozone.MiniOzoneClusterImpl (MiniOzoneClusterImpl.java:lambda$waitForClusterToBeReady$0(147)) - Cluster is ready. Got 10 of 10 DN Heartbeats.
2019-09-25 06:33:52,536 [pool-117-thread-1] INFO  storage.RaftStorage (RaftStorage.java:format(72)) - Storage directory /workdir/hadoop-ozone/ozonefs/target/test-dir/MiniOzoneClusterImpl-d97e1daa-6e0c-4900-b1c9-997de4e3459a/datanode-9/data/ratis/9b96dc26-ec27-4d23-854b-e8fd0f436770 has been successfully formatted.
2019-09-25 06:33:52,537 [pool-117-thread-1] INFO  ratis.ContainerStateMachine (ContainerStateMachine.java:loadSnapshot(230)) - group-E8FD0F436770: The snapshot info is null. Setting the last applied indexto:(t:0, i:~)
2019-09-25 06:33:52,537 [pool-117-thread-1] INFO  server.RaftServerConfigKeys (ConfUtils.java:logGet(43)) - raft.server.notification.no-leader.timeout = 120s (custom)
2019-09-25 06:33:52,537 [pool-117-thread-1] INFO  server.RaftServerConfigKeys (ConfUtils.java:logGet(43)) - raft.server.log.use.memory = false (default)
2019-09-25 06:33:52,537 [pool-117-thread-1] INFO  server.RaftServerConfigKeys (ConfUtils.java:logGet(43)) - raft.server.log.purge.gap = 1000000 (custom)
2019-09-25 06:33:52,538 [pool-117-thread-1] INFO  server.RaftServerConfigKeys (ConfUtils.java:logGet(43)) - raft.server.log.appender.buffer.byte-limit = 33554432 (custom)
2019-09-25 06:33:52,538 [pool-117-thread-1] INFO  server.RaftServerConfigKeys (ConfUtils.java:logGet(43)) - raft.server.log.segment.size.max = 1048576 (custom)
2019-09-25 06:33:52,538 [pool-117-thread-1] INFO  server.RaftServerConfigKeys (ConfUtils.java:logGet(43)) - raft.server.log.segment.cache.num.max = 2 (custom)
2019-09-25 06:33:52,538 [pool-117-thread-1] INFO  segmented.SegmentedRaftLogWorker (SegmentedRaftLogWorker.java:<init>(172)) - new 9f1e8130-5807-4ed4-a5b5-273b79efb982@group-E8FD0F436770-SegmentedRaftLogWorker for RaftStorage:Storage Directory /workdir/hadoop-ozone/ozonefs/target/test-dir/MiniOzoneClusterImpl-d97e1daa-6e0c-4900-b1c9-997de4e3459a/datanode-9/data/ratis/9b96dc26-ec27-4d23-854b-e8fd0f436770
2019-09-25 06:33:52,544 [pool-117-thread-1] INFO  server.RaftServerConfigKeys (ConfUtils.java:logGet(43)) - raft.server.log.queue.byte-limit = 2147483647 (custom)
2019-09-25 06:33:52,544 [pool-117-thread-1] INFO  server.RaftServerConfigKeys (ConfUtils.java:logGet(43)) - raft.server.log.queue.element-limit = 1024 (custom)
2019-09-25 06:33:52,544 [pool-117-thread-1] INFO  server.RaftServerConfigKeys (ConfUtils.java:logGet(43)) - raft.server.log.segment.size.max = 1048576 (custom)
2019-09-25 06:33:52,545 [pool-117-thread-1] INFO  server.RaftServerConfigKeys (ConfUtils.java:logGet(43)) - raft.server.log.preallocated.size = 16384 (custom)
2019-09-25 06:33:52,545 [pool-117-thread-1] INFO  server.RaftServerConfigKeys (ConfUtils.java:logGet(43)) - raft.server.log.write.buffer.size = 33554432 (custom)
2019-09-25 06:33:52,545 [pool-117-thread-1] INFO  server.RaftServerConfigKeys (ConfUtils.java:logGet(43)) - raft.server.log.force.sync.num = 128 (default)
2019-09-25 06:33:52,545 [pool-117-thread-1] INFO  server.RaftServerConfigKeys (ConfUtils.java:logGet(43)) - raft.server.log.statemachine.data.sync = true (default)
2019-09-25 06:33:52,545 [pool-117-thread-1] INFO  server.RaftServerConfigKeys (ConfUtils.java:logGet(43)) - raft.server.log.statemachine.data.sync.timeout = 10s (default)
2019-09-25 06:33:52,546 [pool-117-thread-1] INFO  server.RaftServerConfigKeys (ConfUtils.java:logGet(43)) - raft.server.log.statemachine.data.sync.timeout.retry = -1 (default)
2019-09-25 06:33:52,546 [pool-117-thread-1] INFO  server.RaftServerConfigKeys (ConfUtils.java:logGet(43)) - raft.server.log.statemachine.data.caching.enabled = true (custom)
2019-09-25 06:33:52,546 [pool-117-thread-1] INFO  segmented.SegmentedRaftLogWorker (SegmentedRaftLogWorker.java:lambda$new$0(132)) - 9f1e8130-5807-4ed4-a5b5-273b79efb982@group-E8FD0F436770-SegmentedRaftLogWorker: flushIndex: setUnconditionally 0 -> -1
2019-09-25 06:33:52,547 [pool-117-thread-1] INFO  server.RaftServerConfigKeys (ConfUtils.java:logGet(43)) - raft.server.snapshot.auto.trigger.enabled = true (custom)
2019-09-25 06:33:52,547 [pool-117-thread-1] INFO  server.RaftServerConfigKeys (ConfUtils.java:logGet(43)) - raft.server.snapshot.auto.trigger.threshold = 10000 (custom)
2019-09-25 06:33:52,547 [pool-117-thread-1] INFO  server.RaftServerConfigKeys (ConfUtils.java:logGet(43)) - raft.server.snapshot.retention.num.files = 5 (custom)
2019-09-25 06:33:52,548 [pool-117-thread-1] INFO  server.RaftServerConfigKeys (ConfUtils.java:logGet(43)) - raft.server.retrycache.expirytime = 600000ms (custom)
2019-09-25 06:33:52,551 [pool-117-thread-1] INFO  impl.RaftServerImpl (RaftServerImpl.java:start(185)) - 9f1e8130-5807-4ed4-a5b5-273b79efb982@group-E8FD0F436770: start as a follower, conf=-1: [9f1e8130-5807-4ed4-a5b5-273b79efb982:192.168.164.207:40481], old=null
2019-09-25 06:33:52,551 [pool-117-thread-1] INFO  impl.RaftServerImpl (RaftServerImpl.java:setRole(174)) - 9f1e8130-5807-4ed4-a5b5-273b79efb982@group-E8FD0F436770: changes role from      null to FOLLOWER at term 0 for startAsFollower
2019-09-25 06:33:52,551 [pool-117-thread-1] INFO  impl.RoleInfo (RoleInfo.java:updateAndGet(143)) - 9f1e8130-5807-4ed4-a5b5-273b79efb982: start FollowerState
2019-09-25 06:33:52,552 [pool-117-thread-1] INFO  util.JmxRegister (JmxRegister.java:tryRegister(44)) - Successfully registered JMX Bean with object name Ratis:service=RaftServer,group=group-E8FD0F436770,id=9f1e8130-5807-4ed4-a5b5-273b79efb982
2019-09-25 06:33:52,580 [RatisPipelineUtilsThread] INFO  pipeline.PipelineStateManager (PipelineStateManager.java:addPipeline(56)) - Created pipeline Pipeline[ Id: 9b96dc26-ec27-4d23-854b-e8fd0f436770, Nodes: 9f1e8130-5807-4ed4-a5b5-273b79efb982{ip: 192.168.164.207, host: pr-hdds-1569-s44lr-3492059363, networkLocation: /default-rack, certSerialId: null}, Type:RATIS, Factor:ONE, State:OPEN]
2019-09-25 06:33:52,598 [grpc-default-executor-0] INFO  impl.RaftServerProxy (RaftServerProxy.java:addNew(89)) - f9a1adb5-ac95-4f8b-8632-8bfce9a5ce16: addNew group-A8D3F6769C8A:[f9a1adb5-ac95-4f8b-8632-8bfce9a5ce16:192.168.164.207:36912] returns group-A8D3F6769C8A:java.util.concurrent.CompletableFuture@28dba6f3[Not completed]
2019-09-25 06:33:52,600 [pool-37-thread-1] INFO  impl.RaftServerImpl (RaftServerImpl.java:<init>(95)) - f9a1adb5-ac95-4f8b-8632-8bfce9a5ce16: new RaftServerImpl for group-A8D3F6769C8A:[f9a1adb5-ac95-4f8b-8632-8bfce9a5ce16:192.168.164.207:36912] with ContainerStateMachine:uninitialized
2019-09-25 06:33:52,601 [pool-37-thread-1] INFO  server.RaftServerConfigKeys (ConfUtils.java:logGet(43)) - raft.server.rpc.timeout.min = 5s (custom)
2019-09-25 06:33:52,601 [pool-37-thread-1] INFO  server.RaftServerConfigKeys (ConfUtils.java:logGet(43)) - raft.server.rpc.timeout.max = 5200ms (custom)
2019-09-25 06:33:52,601 [pool-37-thread-1] INFO  server.RaftServerConfigKeys (ConfUtils.java:logGet(43)) - raft.server.rpcslowness.timeout = 120s (custom)
2019-09-25 06:33:52,601 [pool-37-thread-1] INFO  server.RaftServerConfigKeys (ConfUtils.java:logGet(43)) - raft.server.sleep.deviation.threshold = 300 (default)
2019-09-25 06:33:52,601 [pool-37-thread-1] INFO  server.RaftServerConfigKeys (ConfUtils.java:logGet(43)) - raft.server.log.appender.install.snapshot.enabled = false (custom)
2019-09-25 06:33:52,601 [pool-37-thread-1] INFO  impl.RaftServerImpl (ServerState.java:<init>(103)) - f9a1adb5-ac95-4f8b-8632-8bfce9a5ce16@group-A8D3F6769C8A: ConfigurationManager, init=-1: [f9a1adb5-ac95-4f8b-8632-8bfce9a5ce16:192.168.164.207:36912], old=null, confs=<EMPTY_MAP>
2019-09-25 06:33:52,602 [pool-37-thread-1] INFO  server.RaftServerConfigKeys (ConfUtils.java:logGet(43)) - raft.server.storage.dir = [/workdir/hadoop-ozone/ozonefs/target/test-dir/MiniOzoneClusterImpl-d97e1daa-6e0c-4900-b1c9-997de4e3459a/datanode-1/data/ratis] (custom)
2019-09-25 06:33:52,602 [pool-37-thread-1] INFO  storage.RaftStorageDirectory (RaftStorageDirectory.java:analyzeStorage(246)) - The storage directory /workdir/hadoop-ozone/ozonefs/target/test-dir/MiniOzoneClusterImpl-d97e1daa-6e0c-4900-b1c9-997de4e3459a/datanode-1/data/ratis/f10f859c-0751-4401-9747-a8d3f6769c8a does not exist. Creating ...
2019-09-25 06:33:52,623 [pool-37-thread-1] INFO  storage.RaftStorageDirectory (RaftStorageDirectory.java:tryLock(328)) - Lock on /workdir/hadoop-ozone/ozonefs/target/test-dir/MiniOzoneClusterImpl-d97e1daa-6e0c-4900-b1c9-997de4e3459a/datanode-1/data/ratis/f10f859c-0751-4401-9747-a8d3f6769c8a/in_use.lock acquired by nodename 9063@pr-hdds-1569-s44lr-3492059363
2019-09-25 06:33:52,637 [pool-37-thread-1] INFO  storage.RaftStorage (RaftStorage.java:format(72)) - Storage directory /workdir/hadoop-ozone/ozonefs/target/test-dir/MiniOzoneClusterImpl-d97e1daa-6e0c-4900-b1c9-997de4e3459a/datanode-1/data/ratis/f10f859c-0751-4401-9747-a8d3f6769c8a has been successfully formatted.
2019-09-25 06:33:52,638 [pool-37-thread-1] INFO  ratis.ContainerStateMachine (ContainerStateMachine.java:loadSnapshot(230)) - group-A8D3F6769C8A: The snapshot info is null. Setting the last applied indexto:(t:0, i:~)
2019-09-25 06:33:52,638 [pool-37-thread-1] INFO  server.RaftServerConfigKeys (ConfUtils.java:logGet(43)) - raft.server.notification.no-leader.timeout = 120s (custom)
2019-09-25 06:33:52,638 [pool-37-thread-1] INFO  server.RaftServerConfigKeys (ConfUtils.java:logGet(43)) - raft.server.log.use.memory = false (default)
2019-09-25 06:33:52,638 [pool-37-thread-1] INFO  server.RaftServerConfigKeys (ConfUtils.java:logGet(43)) - raft.server.log.purge.gap = 1000000 (custom)
2019-09-25 06:33:52,638 [pool-37-thread-1] INFO  server.RaftServerConfigKeys (ConfUtils.java:logGet(43)) - raft.server.log.appender.buffer.byte-limit = 33554432 (custom)
2019-09-25 06:33:52,639 [pool-37-thread-1] INFO  server.RaftServerConfigKeys (ConfUtils.java:logGet(43)) - raft.server.log.segment.size.max = 1048576 (custom)
2019-09-25 06:33:52,639 [pool-37-thread-1] INFO  server.RaftServerConfigKeys (ConfUtils.java:logGet(43)) - raft.server.log.segment.cache.num.max = 2 (custom)
2019-09-25 06:33:52,639 [pool-37-thread-1] INFO  segmented.SegmentedRaftLogWorker (SegmentedRaftLogWorker.java:<init>(172)) - new f9a1adb5-ac95-4f8b-8632-8bfce9a5ce16@group-A8D3F6769C8A-SegmentedRaftLogWorker for RaftStorage:Storage Directory /workdir/hadoop-ozone/ozonefs/target/test-dir/MiniOzoneClusterImpl-d97e1daa-6e0c-4900-b1c9-997de4e3459a/datanode-1/data/ratis/f10f859c-0751-4401-9747-a8d3f6769c8a
2019-09-25 06:33:52,639 [pool-37-thread-1] INFO  server.RaftServerConfigKeys (ConfUtils.java:logGet(43)) - raft.server.log.queue.byte-limit = 2147483647 (custom)
2019-09-25 06:33:52,639 [pool-37-thread-1] INFO  server.RaftServerConfigKeys (ConfUtils.java:logGet(43)) - raft.server.log.queue.element-limit = 1024 (custom)
2019-09-25 06:33:52,640 [pool-37-thread-1] INFO  server.RaftServerConfigKeys (ConfUtils.java:logGet(43)) - raft.server.log.segment.size.max = 1048576 (custom)
2019-09-25 06:33:52,640 [pool-37-thread-1] INFO  server.RaftServerConfigKeys (ConfUtils.java:logGet(43)) - raft.server.log.preallocated.size = 16384 (custom)
2019-09-25 06:33:52,640 [pool-37-thread-1] INFO  server.RaftServerConfigKeys (ConfUtils.java:logGet(43)) - raft.server.log.write.buffer.size = 33554432 (custom)
2019-09-25 06:33:52,640 [pool-37-thread-1] INFO  server.RaftServerConfigKeys (ConfUtils.java:logGet(43)) - raft.server.log.force.sync.num = 128 (default)
2019-09-25 06:33:52,640 [pool-37-thread-1] INFO  server.RaftServerConfigKeys (ConfUtils.java:logGet(43)) - raft.server.log.statemachine.data.sync = true (default)
2019-09-25 06:33:52,641 [pool-37-thread-1] INFO  server.RaftServerConfigKeys (ConfUtils.java:logGet(43)) - raft.server.log.statemachine.data.sync.timeout = 10s (default)
2019-09-25 06:33:52,641 [pool-37-thread-1] INFO  server.RaftServerConfigKeys (ConfUtils.java:logGet(43)) - raft.server.log.statemachine.data.sync.timeout.retry = -1 (default)
2019-09-25 06:33:52,641 [pool-37-thread-1] INFO  server.RaftServerConfigKeys (ConfUtils.java:logGet(43)) - raft.server.log.statemachine.data.caching.enabled = true (custom)
2019-09-25 06:33:52,641 [pool-37-thread-1] INFO  segmented.SegmentedRaftLogWorker (SegmentedRaftLogWorker.java:lambda$new$0(132)) - f9a1adb5-ac95-4f8b-8632-8bfce9a5ce16@group-A8D3F6769C8A-SegmentedRaftLogWorker: flushIndex: setUnconditionally 0 -> -1
2019-09-25 06:33:52,642 [pool-37-thread-1] INFO  server.RaftServerConfigKeys (ConfUtils.java:logGet(43)) - raft.server.snapshot.auto.trigger.enabled = true (custom)
2019-09-25 06:33:52,642 [pool-37-thread-1] INFO  server.RaftServerConfigKeys (ConfUtils.java:logGet(43)) - raft.server.snapshot.auto.trigger.threshold = 10000 (custom)
2019-09-25 06:33:52,642 [pool-37-thread-1] INFO  server.RaftServerConfigKeys (ConfUtils.java:logGet(43)) - raft.server.snapshot.retention.num.files = 5 (custom)
2019-09-25 06:33:52,643 [pool-37-thread-1] INFO  server.RaftServerConfigKeys (ConfUtils.java:logGet(43)) - raft.server.retrycache.expirytime = 600000ms (custom)
2019-09-25 06:33:52,646 [pool-37-thread-1] INFO  impl.RaftServerImpl (RaftServerImpl.java:start(185)) - f9a1adb5-ac95-4f8b-8632-8bfce9a5ce16@group-A8D3F6769C8A: start as a follower, conf=-1: [f9a1adb5-ac95-4f8b-8632-8bfce9a5ce16:192.168.164.207:36912], old=null
2019-09-25 06:33:52,647 [pool-37-thread-1] INFO  impl.RaftServerImpl (RaftServerImpl.java:setRole(174)) - f9a1adb5-ac95-4f8b-8632-8bfce9a5ce16@group-A8D3F6769C8A: changes role from      null to FOLLOWER at term 0 for startAsFollower
2019-09-25 06:33:52,647 [pool-37-thread-1] INFO  impl.RoleInfo (RoleInfo.java:updateAndGet(143)) - f9a1adb5-ac95-4f8b-8632-8bfce9a5ce16: start FollowerState
2019-09-25 06:33:52,647 [pool-37-thread-1] INFO  util.JmxRegister (JmxRegister.java:tryRegister(44)) - Successfully registered JMX Bean with object name Ratis:service=RaftServer,group=group-A8D3F6769C8A,id=f9a1adb5-ac95-4f8b-8632-8bfce9a5ce16
2019-09-25 06:33:52,664 [RatisPipelineUtilsThread] INFO  pipeline.PipelineStateManager (PipelineStateManager.java:addPipeline(56)) - Created pipeline Pipeline[ Id: f10f859c-0751-4401-9747-a8d3f6769c8a, Nodes: f9a1adb5-ac95-4f8b-8632-8bfce9a5ce16{ip: 192.168.164.207, host: pr-hdds-1569-s44lr-3492059363, networkLocation: /default-rack, certSerialId: null}, Type:RATIS, Factor:ONE, State:OPEN]
2019-09-25 06:33:52,686 [grpc-default-executor-0] INFO  impl.RaftServerProxy (RaftServerProxy.java:addNew(89)) - 2977e106-bb5f-48ce-bb13-3d7f6b9d6732: addNew group-5380C7D647F2:[2977e106-bb5f-48ce-bb13-3d7f6b9d6732:192.168.164.207:45443] returns group-5380C7D647F2:java.util.concurrent.CompletableFuture@6f413f41[Not completed]
2019-09-25 06:33:52,695 [pool-87-thread-1] INFO  impl.RaftServerImpl (RaftServerImpl.java:<init>(95)) - 2977e106-bb5f-48ce-bb13-3d7f6b9d6732: new RaftServerImpl for group-5380C7D647F2:[2977e106-bb5f-48ce-bb13-3d7f6b9d6732:192.168.164.207:45443] with ContainerStateMachine:uninitialized
2019-09-25 06:33:52,696 [pool-87-thread-1] INFO  server.RaftServerConfigKeys (ConfUtils.java:logGet(43)) - raft.server.rpc.timeout.min = 5s (custom)
2019-09-25 06:33:52,696 [pool-87-thread-1] INFO  server.RaftServerConfigKeys (ConfUtils.java:logGet(43)) - raft.server.rpc.timeout.max = 5200ms (custom)
2019-09-25 06:33:52,696 [pool-87-thread-1] INFO  server.RaftServerConfigKeys (ConfUtils.java:logGet(43)) - raft.server.rpcslowness.timeout = 120s (custom)
2019-09-25 06:33:52,696 [pool-87-thread-1] INFO  server.RaftServerConfigKeys (ConfUtils.java:logGet(43)) - raft.server.sleep.deviation.threshold = 300 (default)
2019-09-25 06:33:52,696 [pool-87-thread-1] INFO  server.RaftServerConfigKeys (ConfUtils.java:logGet(43)) - raft.server.log.appender.install.snapshot.enabled = false (custom)
2019-09-25 06:33:52,696 [pool-87-thread-1] INFO  impl.RaftServerImpl (ServerState.java:<init>(103)) - 2977e106-bb5f-48ce-bb13-3d7f6b9d6732@group-5380C7D647F2: ConfigurationManager, init=-1: [2977e106-bb5f-48ce-bb13-3d7f6b9d6732:192.168.164.207:45443], old=null, confs=<EMPTY_MAP>
2019-09-25 06:33:52,697 [pool-87-thread-1] INFO  server.RaftServerConfigKeys (ConfUtils.java:logGet(43)) - raft.server.storage.dir = [/workdir/hadoop-ozone/ozonefs/target/test-dir/MiniOzoneClusterImpl-d97e1daa-6e0c-4900-b1c9-997de4e3459a/datanode-6/data/ratis] (custom)
2019-09-25 06:33:52,697 [pool-87-thread-1] INFO  storage.RaftStorageDirectory (RaftStorageDirectory.java:analyzeStorage(246)) - The storage directory /workdir/hadoop-ozone/ozonefs/target/test-dir/MiniOzoneClusterImpl-d97e1daa-6e0c-4900-b1c9-997de4e3459a/datanode-6/data/ratis/275be526-9fc9-4cc7-b4de-5380c7d647f2 does not exist. Creating ...
2019-09-25 06:33:52,710 [pool-87-thread-1] INFO  storage.RaftStorageDirectory (RaftStorageDirectory.java:tryLock(328)) - Lock on /workdir/hadoop-ozone/ozonefs/target/test-dir/MiniOzoneClusterImpl-d97e1daa-6e0c-4900-b1c9-997de4e3459a/datanode-6/data/ratis/275be526-9fc9-4cc7-b4de-5380c7d647f2/in_use.lock acquired by nodename 9063@pr-hdds-1569-s44lr-3492059363
2019-09-25 06:33:52,723 [pool-87-thread-1] INFO  storage.RaftStorage (RaftStorage.java:format(72)) - Storage directory /workdir/hadoop-ozone/ozonefs/target/test-dir/MiniOzoneClusterImpl-d97e1daa-6e0c-4900-b1c9-997de4e3459a/datanode-6/data/ratis/275be526-9fc9-4cc7-b4de-5380c7d647f2 has been successfully formatted.
2019-09-25 06:33:52,724 [pool-87-thread-1] INFO  ratis.ContainerStateMachine (ContainerStateMachine.java:loadSnapshot(230)) - group-5380C7D647F2: The snapshot info is null. Setting the last applied indexto:(t:0, i:~)
2019-09-25 06:33:52,724 [pool-87-thread-1] INFO  server.RaftServerConfigKeys (ConfUtils.java:logGet(43)) - raft.server.notification.no-leader.timeout = 120s (custom)
2019-09-25 06:33:52,724 [pool-87-thread-1] INFO  server.RaftServerConfigKeys (ConfUtils.java:logGet(43)) - raft.server.log.use.memory = false (default)
2019-09-25 06:33:52,724 [pool-87-thread-1] INFO  server.RaftServerConfigKeys (ConfUtils.java:logGet(43)) - raft.server.log.purge.gap = 1000000 (custom)
2019-09-25 06:33:52,724 [pool-87-thread-1] INFO  server.RaftServerConfigKeys (ConfUtils.java:logGet(43)) - raft.server.log.appender.buffer.byte-limit = 33554432 (custom)
2019-09-25 06:33:52,724 [pool-87-thread-1] INFO  server.RaftServerConfigKeys (ConfUtils.java:logGet(43)) - raft.server.log.segment.size.max = 1048576 (custom)
2019-09-25 06:33:52,725 [pool-87-thread-1] INFO  server.RaftServerConfigKeys (ConfUtils.java:logGet(43)) - raft.server.log.segment.cache.num.max = 2 (custom)
2019-09-25 06:33:52,725 [pool-87-thread-1] INFO  segmented.SegmentedRaftLogWorker (SegmentedRaftLogWorker.java:<init>(172)) - new 2977e106-bb5f-48ce-bb13-3d7f6b9d6732@group-5380C7D647F2-SegmentedRaftLogWorker for RaftStorage:Storage Directory /workdir/hadoop-ozone/ozonefs/target/test-dir/MiniOzoneClusterImpl-d97e1daa-6e0c-4900-b1c9-997de4e3459a/datanode-6/data/ratis/275be526-9fc9-4cc7-b4de-5380c7d647f2
2019-09-25 06:33:52,727 [pool-87-thread-1] INFO  server.RaftServerConfigKeys (ConfUtils.java:logGet(43)) - raft.server.log.queue.byte-limit = 2147483647 (custom)
2019-09-25 06:33:52,728 [pool-87-thread-1] INFO  server.RaftServerConfigKeys (ConfUtils.java:logGet(43)) - raft.server.log.queue.element-limit = 1024 (custom)
2019-09-25 06:33:52,728 [pool-87-thread-1] INFO  server.RaftServerConfigKeys (ConfUtils.java:logGet(43)) - raft.server.log.segment.size.max = 1048576 (custom)
2019-09-25 06:33:52,728 [pool-87-thread-1] INFO  server.RaftServerConfigKeys (ConfUtils.java:logGet(43)) - raft.server.log.preallocated.size = 16384 (custom)
2019-09-25 06:33:52,728 [pool-87-thread-1] INFO  server.RaftServerConfigKeys (ConfUtils.java:logGet(43)) - raft.server.log.write.buffer.size = 33554432 (custom)
2019-09-25 06:33:52,728 [pool-87-thread-1] INFO  server.RaftServerConfigKeys (ConfUtils.java:logGet(43)) - raft.server.log.force.sync.num = 128 (default)
2019-09-25 06:33:52,728 [pool-87-thread-1] INFO  server.RaftServerConfigKeys (ConfUtils.java:logGet(43)) - raft.server.log.statemachine.data.sync = true (default)
2019-09-25 06:33:52,729 [pool-87-thread-1] INFO  server.RaftServerConfigKeys (ConfUtils.java:logGet(43)) - raft.server.log.statemachine.data.sync.timeout = 10s (default)
2019-09-25 06:33:52,729 [pool-87-thread-1] INFO  server.RaftServerConfigKeys (ConfUtils.java:logGet(43)) - raft.server.log.statemachine.data.sync.timeout.retry = -1 (default)
2019-09-25 06:33:52,729 [pool-87-thread-1] INFO  server.RaftServerConfigKeys (ConfUtils.java:logGet(43)) - raft.server.log.statemachine.data.caching.enabled = true (custom)
2019-09-25 06:33:52,730 [pool-87-thread-1] INFO  segmented.SegmentedRaftLogWorker (SegmentedRaftLogWorker.java:lambda$new$0(132)) - 2977e106-bb5f-48ce-bb13-3d7f6b9d6732@group-5380C7D647F2-SegmentedRaftLogWorker: flushIndex: setUnconditionally 0 -> -1
2019-09-25 06:33:52,730 [pool-87-thread-1] INFO  server.RaftServerConfigKeys (ConfUtils.java:logGet(43)) - raft.server.snapshot.auto.trigger.enabled = true (custom)
2019-09-25 06:33:52,730 [pool-87-thread-1] INFO  server.RaftServerConfigKeys (ConfUtils.java:logGet(43)) - raft.server.snapshot.auto.trigger.threshold = 10000 (custom)
2019-09-25 06:33:52,730 [pool-87-thread-1] INFO  server.RaftServerConfigKeys (ConfUtils.java:logGet(43)) - raft.server.snapshot.retention.num.files = 5 (custom)
2019-09-25 06:33:52,730 [pool-87-thread-1] INFO  server.RaftServerConfigKeys (ConfUtils.java:logGet(43)) - raft.server.retrycache.expirytime = 600000ms (custom)
2019-09-25 06:33:52,733 [pool-87-thread-1] INFO  impl.RaftServerImpl (RaftServerImpl.java:start(185)) - 2977e106-bb5f-48ce-bb13-3d7f6b9d6732@group-5380C7D647F2: start as a follower, conf=-1: [2977e106-bb5f-48ce-bb13-3d7f6b9d6732:192.168.164.207:45443], old=null
2019-09-25 06:33:52,733 [pool-87-thread-1] INFO  impl.RaftServerImpl (RaftServerImpl.java:setRole(174)) - 2977e106-bb5f-48ce-bb13-3d7f6b9d6732@group-5380C7D647F2: changes role from      null to FOLLOWER at term 0 for startAsFollower
2019-09-25 06:33:52,733 [pool-87-thread-1] INFO  impl.RoleInfo (RoleInfo.java:updateAndGet(143)) - 2977e106-bb5f-48ce-bb13-3d7f6b9d6732: start FollowerState
2019-09-25 06:33:52,734 [pool-87-thread-1] INFO  util.JmxRegister (JmxRegister.java:tryRegister(44)) - Successfully registered JMX Bean with object name Ratis:service=RaftServer,group=group-5380C7D647F2,id=2977e106-bb5f-48ce-bb13-3d7f6b9d6732
2019-09-25 06:33:52,755 [RatisPipelineUtilsThread] INFO  pipeline.PipelineStateManager (PipelineStateManager.java:addPipeline(56)) - Created pipeline Pipeline[ Id: 275be526-9fc9-4cc7-b4de-5380c7d647f2, Nodes: 2977e106-bb5f-48ce-bb13-3d7f6b9d6732{ip: 192.168.164.207, host: pr-hdds-1569-s44lr-3492059363, networkLocation: /default-rack, certSerialId: null}, Type:RATIS, Factor:ONE, State:OPEN]
2019-09-25 06:33:52,781 [grpc-default-executor-0] INFO  impl.RaftServerProxy (RaftServerProxy.java:addNew(89)) - 313782b9-e18d-44cb-a4a7-8816635983d3: addNew group-A872D9AF1F24:[313782b9-e18d-44cb-a4a7-8816635983d3:192.168.164.207:33244] returns group-A872D9AF1F24:java.util.concurrent.CompletableFuture@35aa15e1[Not completed]
2019-09-25 06:33:52,789 [pool-107-thread-1] INFO  impl.RaftServerImpl (RaftServerImpl.java:<init>(95)) - 313782b9-e18d-44cb-a4a7-8816635983d3: new RaftServerImpl for group-A872D9AF1F24:[313782b9-e18d-44cb-a4a7-8816635983d3:192.168.164.207:33244] with ContainerStateMachine:uninitialized
2019-09-25 06:33:52,790 [pool-107-thread-1] INFO  server.RaftServerConfigKeys (ConfUtils.java:logGet(43)) - raft.server.rpc.timeout.min = 5s (custom)
2019-09-25 06:33:52,790 [pool-107-thread-1] INFO  server.RaftServerConfigKeys (ConfUtils.java:logGet(43)) - raft.server.rpc.timeout.max = 5200ms (custom)
2019-09-25 06:33:52,790 [pool-107-thread-1] INFO  server.RaftServerConfigKeys (ConfUtils.java:logGet(43)) - raft.server.rpcslowness.timeout = 120s (custom)
2019-09-25 06:33:52,790 [pool-107-thread-1] INFO  server.RaftServerConfigKeys (ConfUtils.java:logGet(43)) - raft.server.sleep.deviation.threshold = 300 (default)
2019-09-25 06:33:52,790 [pool-107-thread-1] INFO  server.RaftServerConfigKeys (ConfUtils.java:logGet(43)) - raft.server.log.appender.install.snapshot.enabled = false (custom)
2019-09-25 06:33:52,790 [pool-107-thread-1] INFO  impl.RaftServerImpl (ServerState.java:<init>(103)) - 313782b9-e18d-44cb-a4a7-8816635983d3@group-A872D9AF1F24: ConfigurationManager, init=-1: [313782b9-e18d-44cb-a4a7-8816635983d3:192.168.164.207:33244], old=null, confs=<EMPTY_MAP>
2019-09-25 06:33:52,790 [pool-107-thread-1] INFO  server.RaftServerConfigKeys (ConfUtils.java:logGet(43)) - raft.server.storage.dir = [/workdir/hadoop-ozone/ozonefs/target/test-dir/MiniOzoneClusterImpl-d97e1daa-6e0c-4900-b1c9-997de4e3459a/datanode-8/data/ratis] (custom)
2019-09-25 06:33:52,791 [pool-107-thread-1] INFO  storage.RaftStorageDirectory (RaftStorageDirectory.java:analyzeStorage(246)) - The storage directory /workdir/hadoop-ozone/ozonefs/target/test-dir/MiniOzoneClusterImpl-d97e1daa-6e0c-4900-b1c9-997de4e3459a/datanode-8/data/ratis/04031931-5be0-471a-9a6c-a872d9af1f24 does not exist. Creating ...
2019-09-25 06:33:52,803 [pool-107-thread-1] INFO  storage.RaftStorageDirectory (RaftStorageDirectory.java:tryLock(328)) - Lock on /workdir/hadoop-ozone/ozonefs/target/test-dir/MiniOzoneClusterImpl-d97e1daa-6e0c-4900-b1c9-997de4e3459a/datanode-8/data/ratis/04031931-5be0-471a-9a6c-a872d9af1f24/in_use.lock acquired by nodename 9063@pr-hdds-1569-s44lr-3492059363
2019-09-25 06:33:52,816 [pool-107-thread-1] INFO  storage.RaftStorage (RaftStorage.java:format(72)) - Storage directory /workdir/hadoop-ozone/ozonefs/target/test-dir/MiniOzoneClusterImpl-d97e1daa-6e0c-4900-b1c9-997de4e3459a/datanode-8/data/ratis/04031931-5be0-471a-9a6c-a872d9af1f24 has been successfully formatted.
2019-09-25 06:33:52,816 [pool-107-thread-1] INFO  ratis.ContainerStateMachine (ContainerStateMachine.java:loadSnapshot(230)) - group-A872D9AF1F24: The snapshot info is null. Setting the last applied indexto:(t:0, i:~)
2019-09-25 06:33:52,816 [pool-107-thread-1] INFO  server.RaftServerConfigKeys (ConfUtils.java:logGet(43)) - raft.server.notification.no-leader.timeout = 120s (custom)
2019-09-25 06:33:52,816 [pool-107-thread-1] INFO  server.RaftServerConfigKeys (ConfUtils.java:logGet(43)) - raft.server.log.use.memory = false (default)
2019-09-25 06:33:52,816 [pool-107-thread-1] INFO  server.RaftServerConfigKeys (ConfUtils.java:logGet(43)) - raft.server.log.purge.gap = 1000000 (custom)
2019-09-25 06:33:52,817 [pool-107-thread-1] INFO  server.RaftServerConfigKeys (ConfUtils.java:logGet(43)) - raft.server.log.appender.buffer.byte-limit = 33554432 (custom)
2019-09-25 06:33:52,817 [pool-107-thread-1] INFO  server.RaftServerConfigKeys (ConfUtils.java:logGet(43)) - raft.server.log.segment.size.max = 1048576 (custom)
2019-09-25 06:33:52,817 [pool-107-thread-1] INFO  server.RaftServerConfigKeys (ConfUtils.java:logGet(43)) - raft.server.log.segment.cache.num.max = 2 (custom)
2019-09-25 06:33:52,817 [pool-107-thread-1] INFO  segmented.SegmentedRaftLogWorker (SegmentedRaftLogWorker.java:<init>(172)) - new 313782b9-e18d-44cb-a4a7-8816635983d3@group-A872D9AF1F24-SegmentedRaftLogWorker for RaftStorage:Storage Directory /workdir/hadoop-ozone/ozonefs/target/test-dir/MiniOzoneClusterImpl-d97e1daa-6e0c-4900-b1c9-997de4e3459a/datanode-8/data/ratis/04031931-5be0-471a-9a6c-a872d9af1f24
2019-09-25 06:33:52,819 [pool-107-thread-1] INFO  server.RaftServerConfigKeys (ConfUtils.java:logGet(43)) - raft.server.log.queue.byte-limit = 2147483647 (custom)
2019-09-25 06:33:52,819 [pool-107-thread-1] INFO  server.RaftServerConfigKeys (ConfUtils.java:logGet(43)) - raft.server.log.queue.element-limit = 1024 (custom)
2019-09-25 06:33:52,819 [pool-107-thread-1] INFO  server.RaftServerConfigKeys (ConfUtils.java:logGet(43)) - raft.server.log.segment.size.max = 1048576 (custom)
2019-09-25 06:33:52,819 [pool-107-thread-1] INFO  server.RaftServerConfigKeys (ConfUtils.java:logGet(43)) - raft.server.log.preallocated.size = 16384 (custom)
2019-09-25 06:33:52,819 [pool-107-thread-1] INFO  server.RaftServerConfigKeys (ConfUtils.java:logGet(43)) - raft.server.log.write.buffer.size = 33554432 (custom)
2019-09-25 06:33:52,820 [pool-107-thread-1] INFO  server.RaftServerConfigKeys (ConfUtils.java:logGet(43)) - raft.server.log.force.sync.num = 128 (default)
2019-09-25 06:33:52,820 [pool-107-thread-1] INFO  server.RaftServerConfigKeys (ConfUtils.java:logGet(43)) - raft.server.log.statemachine.data.sync = true (default)
2019-09-25 06:33:52,820 [pool-107-thread-1] INFO  server.RaftServerConfigKeys (ConfUtils.java:logGet(43)) - raft.server.log.statemachine.data.sync.timeout = 10s (default)
2019-09-25 06:33:52,820 [pool-107-thread-1] INFO  server.RaftServerConfigKeys (ConfUtils.java:logGet(43)) - raft.server.log.statemachine.data.sync.timeout.retry = -1 (default)
2019-09-25 06:33:52,820 [pool-107-thread-1] INFO  server.RaftServerConfigKeys (ConfUtils.java:logGet(43)) - raft.server.log.statemachine.data.caching.enabled = true (custom)
2019-09-25 06:33:52,820 [pool-107-thread-1] INFO  segmented.SegmentedRaftLogWorker (SegmentedRaftLogWorker.java:lambda$new$0(132)) - 313782b9-e18d-44cb-a4a7-8816635983d3@group-A872D9AF1F24-SegmentedRaftLogWorker: flushIndex: setUnconditionally 0 -> -1
2019-09-25 06:33:52,821 [pool-107-thread-1] INFO  server.RaftServerConfigKeys (ConfUtils.java:logGet(43)) - raft.server.snapshot.auto.trigger.enabled = true (custom)
2019-09-25 06:33:52,821 [pool-107-thread-1] INFO  server.RaftServerConfigKeys (ConfUtils.java:logGet(43)) - raft.server.snapshot.auto.trigger.threshold = 10000 (custom)
2019-09-25 06:33:52,821 [pool-107-thread-1] INFO  server.RaftServerConfigKeys (ConfUtils.java:logGet(43)) - raft.server.snapshot.retention.num.files = 5 (custom)
2019-09-25 06:33:52,821 [pool-107-thread-1] INFO  server.RaftServerConfigKeys (ConfUtils.java:logGet(43)) - raft.server.retrycache.expirytime = 600000ms (custom)
2019-09-25 06:33:52,827 [pool-107-thread-1] INFO  impl.RaftServerImpl (RaftServerImpl.java:start(185)) - 313782b9-e18d-44cb-a4a7-8816635983d3@group-A872D9AF1F24: start as a follower, conf=-1: [313782b9-e18d-44cb-a4a7-8816635983d3:192.168.164.207:33244], old=null
2019-09-25 06:33:52,827 [pool-107-thread-1] INFO  impl.RaftServerImpl (RaftServerImpl.java:setRole(174)) - 313782b9-e18d-44cb-a4a7-8816635983d3@group-A872D9AF1F24: changes role from      null to FOLLOWER at term 0 for startAsFollower
2019-09-25 06:33:52,827 [pool-107-thread-1] INFO  impl.RoleInfo (RoleInfo.java:updateAndGet(143)) - 313782b9-e18d-44cb-a4a7-8816635983d3: start FollowerState
2019-09-25 06:33:52,827 [pool-107-thread-1] INFO  util.JmxRegister (JmxRegister.java:tryRegister(44)) - Successfully registered JMX Bean with object name Ratis:service=RaftServer,group=group-A872D9AF1F24,id=313782b9-e18d-44cb-a4a7-8816635983d3
2019-09-25 06:33:52,841 [RatisPipelineUtilsThread] INFO  pipeline.PipelineStateManager (PipelineStateManager.java:addPipeline(56)) - Created pipeline Pipeline[ Id: 04031931-5be0-471a-9a6c-a872d9af1f24, Nodes: 313782b9-e18d-44cb-a4a7-8816635983d3{ip: 192.168.164.207, host: pr-hdds-1569-s44lr-3492059363, networkLocation: /default-rack, certSerialId: null}, Type:RATIS, Factor:ONE, State:OPEN]
2019-09-25 06:33:52,853 [grpc-default-executor-0] INFO  impl.RaftServerProxy (RaftServerProxy.java:addNew(89)) - 59047a66-3178-4e61-9c82-892aa22a5b81: addNew group-99DA1549C481:[59047a66-3178-4e61-9c82-892aa22a5b81:192.168.164.207:38018] returns group-99DA1549C481:java.util.concurrent.CompletableFuture@ef18ee8[Not completed]
2019-09-25 06:33:52,855 [pool-47-thread-1] INFO  impl.RaftServerImpl (RaftServerImpl.java:<init>(95)) - 59047a66-3178-4e61-9c82-892aa22a5b81: new RaftServerImpl for group-99DA1549C481:[59047a66-3178-4e61-9c82-892aa22a5b81:192.168.164.207:38018] with ContainerStateMachine:uninitialized
2019-09-25 06:33:52,855 [pool-47-thread-1] INFO  server.RaftServerConfigKeys (ConfUtils.java:logGet(43)) - raft.server.rpc.timeout.min = 5s (custom)
2019-09-25 06:33:52,856 [pool-47-thread-1] INFO  server.RaftServerConfigKeys (ConfUtils.java:logGet(43)) - raft.server.rpc.timeout.max = 5200ms (custom)
2019-09-25 06:33:52,856 [pool-47-thread-1] INFO  server.RaftServerConfigKeys (ConfUtils.java:logGet(43)) - raft.server.rpcslowness.timeout = 120s (custom)
2019-09-25 06:33:52,856 [pool-47-thread-1] INFO  server.RaftServerConfigKeys (ConfUtils.java:logGet(43)) - raft.server.sleep.deviation.threshold = 300 (default)
2019-09-25 06:33:52,856 [pool-47-thread-1] INFO  server.RaftServerConfigKeys (ConfUtils.java:logGet(43)) - raft.server.log.appender.install.snapshot.enabled = false (custom)
2019-09-25 06:33:52,856 [pool-47-thread-1] INFO  impl.RaftServerImpl (ServerState.java:<init>(103)) - 59047a66-3178-4e61-9c82-892aa22a5b81@group-99DA1549C481: ConfigurationManager, init=-1: [59047a66-3178-4e61-9c82-892aa22a5b81:192.168.164.207:38018], old=null, confs=<EMPTY_MAP>
2019-09-25 06:33:52,857 [pool-47-thread-1] INFO  server.RaftServerConfigKeys (ConfUtils.java:logGet(43)) - raft.server.storage.dir = [/workdir/hadoop-ozone/ozonefs/target/test-dir/MiniOzoneClusterImpl-d97e1daa-6e0c-4900-b1c9-997de4e3459a/datanode-2/data/ratis] (custom)
2019-09-25 06:33:52,857 [pool-47-thread-1] INFO  storage.RaftStorageDirectory (RaftStorageDirectory.java:analyzeStorage(246)) - The storage directory /workdir/hadoop-ozone/ozonefs/target/test-dir/MiniOzoneClusterImpl-d97e1daa-6e0c-4900-b1c9-997de4e3459a/datanode-2/data/ratis/295a063c-3f33-4fff-80de-99da1549c481 does not exist. Creating ...
2019-09-25 06:33:52,870 [pool-47-thread-1] INFO  storage.RaftStorageDirectory (RaftStorageDirectory.java:tryLock(328)) - Lock on /workdir/hadoop-ozone/ozonefs/target/test-dir/MiniOzoneClusterImpl-d97e1daa-6e0c-4900-b1c9-997de4e3459a/datanode-2/data/ratis/295a063c-3f33-4fff-80de-99da1549c481/in_use.lock acquired by nodename 9063@pr-hdds-1569-s44lr-3492059363
2019-09-25 06:33:52,884 [pool-47-thread-1] INFO  storage.RaftStorage (RaftStorage.java:format(72)) - Storage directory /workdir/hadoop-ozone/ozonefs/target/test-dir/MiniOzoneClusterImpl-d97e1daa-6e0c-4900-b1c9-997de4e3459a/datanode-2/data/ratis/295a063c-3f33-4fff-80de-99da1549c481 has been successfully formatted.
2019-09-25 06:33:52,885 [pool-47-thread-1] INFO  ratis.ContainerStateMachine (ContainerStateMachine.java:loadSnapshot(230)) - group-99DA1549C481: The snapshot info is null. Setting the last applied indexto:(t:0, i:~)
2019-09-25 06:33:52,885 [pool-47-thread-1] INFO  server.RaftServerConfigKeys (ConfUtils.java:logGet(43)) - raft.server.notification.no-leader.timeout = 120s (custom)
2019-09-25 06:33:52,885 [pool-47-thread-1] INFO  server.RaftServerConfigKeys (ConfUtils.java:logGet(43)) - raft.server.log.use.memory = false (default)
2019-09-25 06:33:52,885 [pool-47-thread-1] INFO  server.RaftServerConfigKeys (ConfUtils.java:logGet(43)) - raft.server.log.purge.gap = 1000000 (custom)
2019-09-25 06:33:52,885 [pool-47-thread-1] INFO  server.RaftServerConfigKeys (ConfUtils.java:logGet(43)) - raft.server.log.appender.buffer.byte-limit = 33554432 (custom)
2019-09-25 06:33:52,885 [pool-47-thread-1] INFO  server.RaftServerConfigKeys (ConfUtils.java:logGet(43)) - raft.server.log.segment.size.max = 1048576 (custom)
2019-09-25 06:33:52,886 [pool-47-thread-1] INFO  server.RaftServerConfigKeys (ConfUtils.java:logGet(43)) - raft.server.log.segment.cache.num.max = 2 (custom)
2019-09-25 06:33:52,886 [pool-47-thread-1] INFO  segmented.SegmentedRaftLogWorker (SegmentedRaftLogWorker.java:<init>(172)) - new 59047a66-3178-4e61-9c82-892aa22a5b81@group-99DA1549C481-SegmentedRaftLogWorker for RaftStorage:Storage Directory /workdir/hadoop-ozone/ozonefs/target/test-dir/MiniOzoneClusterImpl-d97e1daa-6e0c-4900-b1c9-997de4e3459a/datanode-2/data/ratis/295a063c-3f33-4fff-80de-99da1549c481
2019-09-25 06:33:52,886 [pool-47-thread-1] INFO  server.RaftServerConfigKeys (ConfUtils.java:logGet(43)) - raft.server.log.queue.byte-limit = 2147483647 (custom)
2019-09-25 06:33:52,886 [pool-47-thread-1] INFO  server.RaftServerConfigKeys (ConfUtils.java:logGet(43)) - raft.server.log.queue.element-limit = 1024 (custom)
2019-09-25 06:33:52,886 [pool-47-thread-1] INFO  server.RaftServerConfigKeys (ConfUtils.java:logGet(43)) - raft.server.log.segment.size.max = 1048576 (custom)
2019-09-25 06:33:52,886 [pool-47-thread-1] INFO  server.RaftServerConfigKeys (ConfUtils.java:logGet(43)) - raft.server.log.preallocated.size = 16384 (custom)
2019-09-25 06:33:52,886 [pool-47-thread-1] INFO  server.RaftServerConfigKeys (ConfUtils.java:logGet(43)) - raft.server.log.write.buffer.size = 33554432 (custom)
2019-09-25 06:33:52,887 [pool-47-thread-1] INFO  server.RaftServerConfigKeys (ConfUtils.java:logGet(43)) - raft.server.log.force.sync.num = 128 (default)
2019-09-25 06:33:52,887 [pool-47-thread-1] INFO  server.RaftServerConfigKeys (ConfUtils.java:logGet(43)) - raft.server.log.statemachine.data.sync = true (default)
2019-09-25 06:33:52,887 [pool-47-thread-1] INFO  server.RaftServerConfigKeys (ConfUtils.java:logGet(43)) - raft.server.log.statemachine.data.sync.timeout = 10s (default)
2019-09-25 06:33:52,887 [pool-47-thread-1] INFO  server.RaftServerConfigKeys (ConfUtils.java:logGet(43)) - raft.server.log.statemachine.data.sync.timeout.retry = -1 (default)
2019-09-25 06:33:52,887 [pool-47-thread-1] INFO  server.RaftServerConfigKeys (ConfUtils.java:logGet(43)) - raft.server.log.statemachine.data.caching.enabled = true (custom)
2019-09-25 06:33:52,888 [pool-47-thread-1] INFO  segmented.SegmentedRaftLogWorker (SegmentedRaftLogWorker.java:lambda$new$0(132)) - 59047a66-3178-4e61-9c82-892aa22a5b81@group-99DA1549C481-SegmentedRaftLogWorker: flushIndex: setUnconditionally 0 -> -1
2019-09-25 06:33:52,888 [pool-47-thread-1] INFO  server.RaftServerConfigKeys (ConfUtils.java:logGet(43)) - raft.server.snapshot.auto.trigger.enabled = true (custom)
2019-09-25 06:33:52,888 [pool-47-thread-1] INFO  server.RaftServerConfigKeys (ConfUtils.java:logGet(43)) - raft.server.snapshot.auto.trigger.threshold = 10000 (custom)
2019-09-25 06:33:52,888 [pool-47-thread-1] INFO  server.RaftServerConfigKeys (ConfUtils.java:logGet(43)) - raft.server.snapshot.retention.num.files = 5 (custom)
2019-09-25 06:33:52,889 [pool-47-thread-1] INFO  server.RaftServerConfigKeys (ConfUtils.java:logGet(43)) - raft.server.retrycache.expirytime = 600000ms (custom)
2019-09-25 06:33:52,891 [pool-47-thread-1] INFO  impl.RaftServerImpl (RaftServerImpl.java:start(185)) - 59047a66-3178-4e61-9c82-892aa22a5b81@group-99DA1549C481: start as a follower, conf=-1: [59047a66-3178-4e61-9c82-892aa22a5b81:192.168.164.207:38018], old=null
2019-09-25 06:33:52,891 [pool-47-thread-1] INFO  impl.RaftServerImpl (RaftServerImpl.java:setRole(174)) - 59047a66-3178-4e61-9c82-892aa22a5b81@group-99DA1549C481: changes role from      null to FOLLOWER at term 0 for startAsFollower
2019-09-25 06:33:52,892 [pool-47-thread-1] INFO  impl.RoleInfo (RoleInfo.java:updateAndGet(143)) - 59047a66-3178-4e61-9c82-892aa22a5b81: start FollowerState
2019-09-25 06:33:52,892 [pool-47-thread-1] INFO  util.JmxRegister (JmxRegister.java:tryRegister(44)) - Successfully registered JMX Bean with object name Ratis:service=RaftServer,group=group-99DA1549C481,id=59047a66-3178-4e61-9c82-892aa22a5b81
2019-09-25 06:33:52,911 [RatisPipelineUtilsThread] INFO  pipeline.PipelineStateManager (PipelineStateManager.java:addPipeline(56)) - Created pipeline Pipeline[ Id: 295a063c-3f33-4fff-80de-99da1549c481, Nodes: 59047a66-3178-4e61-9c82-892aa22a5b81{ip: 192.168.164.207, host: pr-hdds-1569-s44lr-3492059363, networkLocation: /default-rack, certSerialId: null}, Type:RATIS, Factor:ONE, State:OPEN]
2019-09-25 06:33:52,945 [grpc-default-executor-0] INFO  impl.RaftServerProxy (RaftServerProxy.java:addNew(89)) - 313782b9-e18d-44cb-a4a7-8816635983d3: addNew group-56B299CA57A1:[313782b9-e18d-44cb-a4a7-8816635983d3:192.168.164.207:33244] returns group-56B299CA57A1:java.util.concurrent.CompletableFuture@4d63f2f4[Not completed]
2019-09-25 06:33:52,946 [pool-107-thread-1] INFO  impl.RaftServerImpl (RaftServerImpl.java:<init>(95)) - 313782b9-e18d-44cb-a4a7-8816635983d3: new RaftServerImpl for group-56B299CA57A1:[313782b9-e18d-44cb-a4a7-8816635983d3:192.168.164.207:33244] with ContainerStateMachine:uninitialized
2019-09-25 06:33:52,946 [pool-107-thread-1] INFO  server.RaftServerConfigKeys (ConfUtils.java:logGet(43)) - raft.server.rpc.timeout.min = 5s (custom)
2019-09-25 06:33:52,946 [pool-107-thread-1] INFO  server.RaftServerConfigKeys (ConfUtils.java:logGet(43)) - raft.server.rpc.timeout.max = 5200ms (custom)
2019-09-25 06:33:52,946 [pool-107-thread-1] INFO  server.RaftServerConfigKeys (ConfUtils.java:logGet(43)) - raft.server.rpcslowness.timeout = 120s (custom)
2019-09-25 06:33:52,947 [pool-107-thread-1] INFO  server.RaftServerConfigKeys (ConfUtils.java:logGet(43)) - raft.server.sleep.deviation.threshold = 300 (default)
2019-09-25 06:33:52,947 [pool-107-thread-1] INFO  server.RaftServerConfigKeys (ConfUtils.java:logGet(43)) - raft.server.log.appender.install.snapshot.enabled = false (custom)
2019-09-25 06:33:52,947 [pool-107-thread-1] INFO  impl.RaftServerImpl (ServerState.java:<init>(103)) - 313782b9-e18d-44cb-a4a7-8816635983d3@group-56B299CA57A1: ConfigurationManager, init=-1: [313782b9-e18d-44cb-a4a7-8816635983d3:192.168.164.207:33244], old=null, confs=<EMPTY_MAP>
2019-09-25 06:33:52,947 [pool-107-thread-1] INFO  server.RaftServerConfigKeys (ConfUtils.java:logGet(43)) - raft.server.storage.dir = [/workdir/hadoop-ozone/ozonefs/target/test-dir/MiniOzoneClusterImpl-d97e1daa-6e0c-4900-b1c9-997de4e3459a/datanode-8/data/ratis] (custom)
2019-09-25 06:33:52,947 [pool-107-thread-1] INFO  storage.RaftStorageDirectory (RaftStorageDirectory.java:analyzeStorage(246)) - The storage directory /workdir/hadoop-ozone/ozonefs/target/test-dir/MiniOzoneClusterImpl-d97e1daa-6e0c-4900-b1c9-997de4e3459a/datanode-8/data/ratis/92cfabf1-7bba-4a4d-93fa-56b299ca57a1 does not exist. Creating ...
2019-09-25 06:33:52,962 [pool-107-thread-1] INFO  storage.RaftStorageDirectory (RaftStorageDirectory.java:tryLock(328)) - Lock on /workdir/hadoop-ozone/ozonefs/target/test-dir/MiniOzoneClusterImpl-d97e1daa-6e0c-4900-b1c9-997de4e3459a/datanode-8/data/ratis/92cfabf1-7bba-4a4d-93fa-56b299ca57a1/in_use.lock acquired by nodename 9063@pr-hdds-1569-s44lr-3492059363
2019-09-25 06:33:52,975 [pool-107-thread-1] INFO  storage.RaftStorage (RaftStorage.java:format(72)) - Storage directory /workdir/hadoop-ozone/ozonefs/target/test-dir/MiniOzoneClusterImpl-d97e1daa-6e0c-4900-b1c9-997de4e3459a/datanode-8/data/ratis/92cfabf1-7bba-4a4d-93fa-56b299ca57a1 has been successfully formatted.
2019-09-25 06:33:52,975 [pool-107-thread-1] INFO  ratis.ContainerStateMachine (ContainerStateMachine.java:loadSnapshot(230)) - group-56B299CA57A1: The snapshot info is null. Setting the last applied indexto:(t:0, i:~)
2019-09-25 06:33:52,976 [pool-107-thread-1] INFO  server.RaftServerConfigKeys (ConfUtils.java:logGet(43)) - raft.server.notification.no-leader.timeout = 120s (custom)
2019-09-25 06:33:52,976 [pool-107-thread-1] INFO  server.RaftServerConfigKeys (ConfUtils.java:logGet(43)) - raft.server.log.use.memory = false (default)
2019-09-25 06:33:52,976 [pool-107-thread-1] INFO  server.RaftServerConfigKeys (ConfUtils.java:logGet(43)) - raft.server.log.purge.gap = 1000000 (custom)
2019-09-25 06:33:52,976 [pool-107-thread-1] INFO  server.RaftServerConfigKeys (ConfUtils.java:logGet(43)) - raft.server.log.appender.buffer.byte-limit = 33554432 (custom)
2019-09-25 06:33:52,976 [pool-107-thread-1] INFO  server.RaftServerConfigKeys (ConfUtils.java:logGet(43)) - raft.server.log.segment.size.max = 1048576 (custom)
2019-09-25 06:33:52,976 [pool-107-thread-1] INFO  server.RaftServerConfigKeys (ConfUtils.java:logGet(43)) - raft.server.log.segment.cache.num.max = 2 (custom)
2019-09-25 06:33:52,976 [pool-107-thread-1] INFO  segmented.SegmentedRaftLogWorker (SegmentedRaftLogWorker.java:<init>(172)) - new 313782b9-e18d-44cb-a4a7-8816635983d3@group-56B299CA57A1-SegmentedRaftLogWorker for RaftStorage:Storage Directory /workdir/hadoop-ozone/ozonefs/target/test-dir/MiniOzoneClusterImpl-d97e1daa-6e0c-4900-b1c9-997de4e3459a/datanode-8/data/ratis/92cfabf1-7bba-4a4d-93fa-56b299ca57a1
2019-09-25 06:33:52,976 [pool-107-thread-1] INFO  server.RaftServerConfigKeys (ConfUtils.java:logGet(43)) - raft.server.log.queue.byte-limit = 2147483647 (custom)
2019-09-25 06:33:52,977 [pool-107-thread-1] INFO  server.RaftServerConfigKeys (ConfUtils.java:logGet(43)) - raft.server.log.queue.element-limit = 1024 (custom)
2019-09-25 06:33:52,977 [pool-107-thread-1] INFO  server.RaftServerConfigKeys (ConfUtils.java:logGet(43)) - raft.server.log.segment.size.max = 1048576 (custom)
2019-09-25 06:33:52,977 [pool-107-thread-1] INFO  server.RaftServerConfigKeys (ConfUtils.java:logGet(43)) - raft.server.log.preallocated.size = 16384 (custom)
2019-09-25 06:33:52,977 [pool-107-thread-1] INFO  server.RaftServerConfigKeys (ConfUtils.java:logGet(43)) - raft.server.log.write.buffer.size = 33554432 (custom)
2019-09-25 06:33:52,977 [pool-107-thread-1] INFO  server.RaftServerConfigKeys (ConfUtils.java:logGet(43)) - raft.server.log.force.sync.num = 128 (default)
2019-09-25 06:33:52,977 [pool-107-thread-1] INFO  server.RaftServerConfigKeys (ConfUtils.java:logGet(43)) - raft.server.log.statemachine.data.sync = true (default)
2019-09-25 06:33:52,977 [pool-107-thread-1] INFO  server.RaftServerConfigKeys (ConfUtils.java:logGet(43)) - raft.server.log.statemachine.data.sync.timeout = 10s (default)
2019-09-25 06:33:52,977 [pool-107-thread-1] INFO  server.RaftServerConfigKeys (ConfUtils.java:logGet(43)) - raft.server.log.statemachine.data.sync.timeout.retry = -1 (default)
2019-09-25 06:33:52,978 [pool-107-thread-1] INFO  server.RaftServerConfigKeys (ConfUtils.java:logGet(43)) - raft.server.log.statemachine.data.caching.enabled = true (custom)
2019-09-25 06:33:52,978 [pool-107-thread-1] INFO  segmented.SegmentedRaftLogWorker (SegmentedRaftLogWorker.java:lambda$new$0(132)) - 313782b9-e18d-44cb-a4a7-8816635983d3@group-56B299CA57A1-SegmentedRaftLogWorker: flushIndex: setUnconditionally 0 -> -1
2019-09-25 06:33:52,978 [pool-107-thread-1] INFO  server.RaftServerConfigKeys (ConfUtils.java:logGet(43)) - raft.server.snapshot.auto.trigger.enabled = true (custom)
2019-09-25 06:33:52,978 [pool-107-thread-1] INFO  server.RaftServerConfigKeys (ConfUtils.java:logGet(43)) - raft.server.snapshot.auto.trigger.threshold = 10000 (custom)
2019-09-25 06:33:52,978 [pool-107-thread-1] INFO  server.RaftServerConfigKeys (ConfUtils.java:logGet(43)) - raft.server.snapshot.retention.num.files = 5 (custom)
2019-09-25 06:33:52,979 [pool-107-thread-1] INFO  server.RaftServerConfigKeys (ConfUtils.java:logGet(43)) - raft.server.retrycache.expirytime = 600000ms (custom)
2019-09-25 06:33:52,981 [pool-107-thread-1] INFO  impl.RaftServerImpl (RaftServerImpl.java:start(185)) - 313782b9-e18d-44cb-a4a7-8816635983d3@group-56B299CA57A1: start as a follower, conf=-1: [313782b9-e18d-44cb-a4a7-8816635983d3:192.168.164.207:33244], old=null
2019-09-25 06:33:52,981 [pool-107-thread-1] INFO  impl.RaftServerImpl (RaftServerImpl.java:setRole(174)) - 313782b9-e18d-44cb-a4a7-8816635983d3@group-56B299CA57A1: changes role from      null to FOLLOWER at term 0 for startAsFollower
2019-09-25 06:33:52,981 [pool-107-thread-1] INFO  impl.RoleInfo (RoleInfo.java:updateAndGet(143)) - 313782b9-e18d-44cb-a4a7-8816635983d3: start FollowerState
2019-09-25 06:33:52,981 [pool-107-thread-1] INFO  util.JmxRegister (JmxRegister.java:tryRegister(44)) - Successfully registered JMX Bean with object name Ratis:service=RaftServer,group=group-56B299CA57A1,id=313782b9-e18d-44cb-a4a7-8816635983d3
2019-09-25 06:33:52,991 [RatisPipelineUtilsThread] INFO  pipeline.PipelineStateManager (PipelineStateManager.java:addPipeline(56)) - Created pipeline Pipeline[ Id: 92cfabf1-7bba-4a4d-93fa-56b299ca57a1, Nodes: 313782b9-e18d-44cb-a4a7-8816635983d3{ip: 192.168.164.207, host: pr-hdds-1569-s44lr-3492059363, networkLocation: /default-rack, certSerialId: null}, Type:RATIS, Factor:ONE, State:OPEN]
2019-09-25 06:33:53,004 [grpc-default-executor-0] INFO  impl.RaftServerProxy (RaftServerProxy.java:addNew(89)) - 49960203-aee6-4047-85fd-ecacef3efebf: addNew group-8FB31ACDEDC4:[49960203-aee6-4047-85fd-ecacef3efebf:192.168.164.207:34853] returns group-8FB31ACDEDC4:java.util.concurrent.CompletableFuture@174a66a4[Not completed]
2019-09-25 06:33:53,008 [pool-67-thread-1] INFO  impl.RaftServerImpl (RaftServerImpl.java:<init>(95)) - 49960203-aee6-4047-85fd-ecacef3efebf: new RaftServerImpl for group-8FB31ACDEDC4:[49960203-aee6-4047-85fd-ecacef3efebf:192.168.164.207:34853] with ContainerStateMachine:uninitialized
2019-09-25 06:33:53,008 [pool-67-thread-1] INFO  server.RaftServerConfigKeys (ConfUtils.java:logGet(43)) - raft.server.rpc.timeout.min = 5s (custom)
2019-09-25 06:33:53,009 [pool-67-thread-1] INFO  server.RaftServerConfigKeys (ConfUtils.java:logGet(43)) - raft.server.rpc.timeout.max = 5200ms (custom)
2019-09-25 06:33:53,009 [pool-67-thread-1] INFO  server.RaftServerConfigKeys (ConfUtils.java:logGet(43)) - raft.server.rpcslowness.timeout = 120s (custom)
2019-09-25 06:33:53,009 [pool-67-thread-1] INFO  server.RaftServerConfigKeys (ConfUtils.java:logGet(43)) - raft.server.sleep.deviation.threshold = 300 (default)
2019-09-25 06:33:53,009 [pool-67-thread-1] INFO  server.RaftServerConfigKeys (ConfUtils.java:logGet(43)) - raft.server.log.appender.install.snapshot.enabled = false (custom)
2019-09-25 06:33:53,009 [pool-67-thread-1] INFO  impl.RaftServerImpl (ServerState.java:<init>(103)) - 49960203-aee6-4047-85fd-ecacef3efebf@group-8FB31ACDEDC4: ConfigurationManager, init=-1: [49960203-aee6-4047-85fd-ecacef3efebf:192.168.164.207:34853], old=null, confs=<EMPTY_MAP>
2019-09-25 06:33:53,009 [pool-67-thread-1] INFO  server.RaftServerConfigKeys (ConfUtils.java:logGet(43)) - raft.server.storage.dir = [/workdir/hadoop-ozone/ozonefs/target/test-dir/MiniOzoneClusterImpl-d97e1daa-6e0c-4900-b1c9-997de4e3459a/datanode-4/data/ratis] (custom)
2019-09-25 06:33:53,009 [pool-67-thread-1] INFO  storage.RaftStorageDirectory (RaftStorageDirectory.java:analyzeStorage(246)) - The storage directory /workdir/hadoop-ozone/ozonefs/target/test-dir/MiniOzoneClusterImpl-d97e1daa-6e0c-4900-b1c9-997de4e3459a/datanode-4/data/ratis/d508075d-1fc4-4188-adcd-8fb31acdedc4 does not exist. Creating ...
2019-09-25 06:33:53,023 [pool-67-thread-1] INFO  storage.RaftStorageDirectory (RaftStorageDirectory.java:tryLock(328)) - Lock on /workdir/hadoop-ozone/ozonefs/target/test-dir/MiniOzoneClusterImpl-d97e1daa-6e0c-4900-b1c9-997de4e3459a/datanode-4/data/ratis/d508075d-1fc4-4188-adcd-8fb31acdedc4/in_use.lock acquired by nodename 9063@pr-hdds-1569-s44lr-3492059363
2019-09-25 06:33:53,036 [pool-67-thread-1] INFO  storage.RaftStorage (RaftStorage.java:format(72)) - Storage directory /workdir/hadoop-ozone/ozonefs/target/test-dir/MiniOzoneClusterImpl-d97e1daa-6e0c-4900-b1c9-997de4e3459a/datanode-4/data/ratis/d508075d-1fc4-4188-adcd-8fb31acdedc4 has been successfully formatted.
2019-09-25 06:33:53,036 [pool-67-thread-1] INFO  ratis.ContainerStateMachine (ContainerStateMachine.java:loadSnapshot(230)) - group-8FB31ACDEDC4: The snapshot info is null. Setting the last applied indexto:(t:0, i:~)
2019-09-25 06:33:53,036 [pool-67-thread-1] INFO  server.RaftServerConfigKeys (ConfUtils.java:logGet(43)) - raft.server.notification.no-leader.timeout = 120s (custom)
2019-09-25 06:33:53,037 [pool-67-thread-1] INFO  server.RaftServerConfigKeys (ConfUtils.java:logGet(43)) - raft.server.log.use.memory = false (default)
2019-09-25 06:33:53,037 [pool-67-thread-1] INFO  server.RaftServerConfigKeys (ConfUtils.java:logGet(43)) - raft.server.log.purge.gap = 1000000 (custom)
2019-09-25 06:33:53,037 [pool-67-thread-1] INFO  server.RaftServerConfigKeys (ConfUtils.java:logGet(43)) - raft.server.log.appender.buffer.byte-limit = 33554432 (custom)
2019-09-25 06:33:53,037 [pool-67-thread-1] INFO  server.RaftServerConfigKeys (ConfUtils.java:logGet(43)) - raft.server.log.segment.size.max = 1048576 (custom)
2019-09-25 06:33:53,037 [pool-67-thread-1] INFO  server.RaftServerConfigKeys (ConfUtils.java:logGet(43)) - raft.server.log.segment.cache.num.max = 2 (custom)
2019-09-25 06:33:53,037 [pool-67-thread-1] INFO  segmented.SegmentedRaftLogWorker (SegmentedRaftLogWorker.java:<init>(172)) - new 49960203-aee6-4047-85fd-ecacef3efebf@group-8FB31ACDEDC4-SegmentedRaftLogWorker for RaftStorage:Storage Directory /workdir/hadoop-ozone/ozonefs/target/test-dir/MiniOzoneClusterImpl-d97e1daa-6e0c-4900-b1c9-997de4e3459a/datanode-4/data/ratis/d508075d-1fc4-4188-adcd-8fb31acdedc4
2019-09-25 06:33:53,039 [pool-67-thread-1] INFO  server.RaftServerConfigKeys (ConfUtils.java:logGet(43)) - raft.server.log.queue.byte-limit = 2147483647 (custom)
2019-09-25 06:33:53,039 [pool-67-thread-1] INFO  server.RaftServerConfigKeys (ConfUtils.java:logGet(43)) - raft.server.log.queue.element-limit = 1024 (custom)
2019-09-25 06:33:53,043 [pool-67-thread-1] INFO  server.RaftServerConfigKeys (ConfUtils.java:logGet(43)) - raft.server.log.segment.size.max = 1048576 (custom)
2019-09-25 06:33:53,043 [pool-67-thread-1] INFO  server.RaftServerConfigKeys (ConfUtils.java:logGet(43)) - raft.server.log.preallocated.size = 16384 (custom)
2019-09-25 06:33:53,043 [pool-67-thread-1] INFO  server.RaftServerConfigKeys (ConfUtils.java:logGet(43)) - raft.server.log.write.buffer.size = 33554432 (custom)
2019-09-25 06:33:53,044 [pool-67-thread-1] INFO  server.RaftServerConfigKeys (ConfUtils.java:logGet(43)) - raft.server.log.force.sync.num = 128 (default)
2019-09-25 06:33:53,044 [pool-67-thread-1] INFO  server.RaftServerConfigKeys (ConfUtils.java:logGet(43)) - raft.server.log.statemachine.data.sync = true (default)
2019-09-25 06:33:53,044 [pool-67-thread-1] INFO  server.RaftServerConfigKeys (ConfUtils.java:logGet(43)) - raft.server.log.statemachine.data.sync.timeout = 10s (default)
2019-09-25 06:33:53,044 [pool-67-thread-1] INFO  server.RaftServerConfigKeys (ConfUtils.java:logGet(43)) - raft.server.log.statemachine.data.sync.timeout.retry = -1 (default)
2019-09-25 06:33:53,044 [pool-67-thread-1] INFO  server.RaftServerConfigKeys (ConfUtils.java:logGet(43)) - raft.server.log.statemachine.data.caching.enabled = true (custom)
2019-09-25 06:33:53,044 [pool-67-thread-1] INFO  segmented.SegmentedRaftLogWorker (SegmentedRaftLogWorker.java:lambda$new$0(132)) - 49960203-aee6-4047-85fd-ecacef3efebf@group-8FB31ACDEDC4-SegmentedRaftLogWorker: flushIndex: setUnconditionally 0 -> -1
2019-09-25 06:33:53,045 [pool-67-thread-1] INFO  server.RaftServerConfigKeys (ConfUtils.java:logGet(43)) - raft.server.snapshot.auto.trigger.enabled = true (custom)
2019-09-25 06:33:53,045 [pool-67-thread-1] INFO  server.RaftServerConfigKeys (ConfUtils.java:logGet(43)) - raft.server.snapshot.auto.trigger.threshold = 10000 (custom)
2019-09-25 06:33:53,045 [pool-67-thread-1] INFO  server.RaftServerConfigKeys (ConfUtils.java:logGet(43)) - raft.server.snapshot.retention.num.files = 5 (custom)
2019-09-25 06:33:53,045 [pool-67-thread-1] INFO  server.RaftServerConfigKeys (ConfUtils.java:logGet(43)) - raft.server.retrycache.expirytime = 600000ms (custom)
2019-09-25 06:33:53,047 [pool-67-thread-1] INFO  impl.RaftServerImpl (RaftServerImpl.java:start(185)) - 49960203-aee6-4047-85fd-ecacef3efebf@group-8FB31ACDEDC4: start as a follower, conf=-1: [49960203-aee6-4047-85fd-ecacef3efebf:192.168.164.207:34853], old=null
2019-09-25 06:33:53,048 [pool-67-thread-1] INFO  impl.RaftServerImpl (RaftServerImpl.java:setRole(174)) - 49960203-aee6-4047-85fd-ecacef3efebf@group-8FB31ACDEDC4: changes role from      null to FOLLOWER at term 0 for startAsFollower
2019-09-25 06:33:53,048 [pool-67-thread-1] INFO  impl.RoleInfo (RoleInfo.java:updateAndGet(143)) - 49960203-aee6-4047-85fd-ecacef3efebf: start FollowerState
2019-09-25 06:33:53,048 [pool-67-thread-1] INFO  util.JmxRegister (JmxRegister.java:tryRegister(44)) - Successfully registered JMX Bean with object name Ratis:service=RaftServer,group=group-8FB31ACDEDC4,id=49960203-aee6-4047-85fd-ecacef3efebf
2019-09-25 06:33:53,066 [RatisPipelineUtilsThread] INFO  pipeline.PipelineStateManager (PipelineStateManager.java:addPipeline(56)) - Created pipeline Pipeline[ Id: d508075d-1fc4-4188-adcd-8fb31acdedc4, Nodes: 49960203-aee6-4047-85fd-ecacef3efebf{ip: 192.168.164.207, host: pr-hdds-1569-s44lr-3492059363, networkLocation: /default-rack, certSerialId: null}, Type:RATIS, Factor:ONE, State:OPEN]
2019-09-25 06:33:53,078 [grpc-default-executor-0] INFO  impl.RaftServerProxy (RaftServerProxy.java:addNew(89)) - f9a1adb5-ac95-4f8b-8632-8bfce9a5ce16: addNew group-1974E36795F0:[f9a1adb5-ac95-4f8b-8632-8bfce9a5ce16:192.168.164.207:36912] returns group-1974E36795F0:java.util.concurrent.CompletableFuture@708cdd71[Not completed]
2019-09-25 06:33:53,080 [pool-37-thread-1] INFO  impl.RaftServerImpl (RaftServerImpl.java:<init>(95)) - f9a1adb5-ac95-4f8b-8632-8bfce9a5ce16: new RaftServerImpl for group-1974E36795F0:[f9a1adb5-ac95-4f8b-8632-8bfce9a5ce16:192.168.164.207:36912] with ContainerStateMachine:uninitialized
2019-09-25 06:33:53,080 [pool-37-thread-1] INFO  server.RaftServerConfigKeys (ConfUtils.java:logGet(43)) - raft.server.rpc.timeout.min = 5s (custom)
2019-09-25 06:33:53,080 [pool-37-thread-1] INFO  server.RaftServerConfigKeys (ConfUtils.java:logGet(43)) - raft.server.rpc.timeout.max = 5200ms (custom)
2019-09-25 06:33:53,081 [pool-37-thread-1] INFO  server.RaftServerConfigKeys (ConfUtils.java:logGet(43)) - raft.server.rpcslowness.timeout = 120s (custom)
2019-09-25 06:33:53,081 [pool-37-thread-1] INFO  server.RaftServerConfigKeys (ConfUtils.java:logGet(43)) - raft.server.sleep.deviation.threshold = 300 (default)
2019-09-25 06:33:53,081 [pool-37-thread-1] INFO  server.RaftServerConfigKeys (ConfUtils.java:logGet(43)) - raft.server.log.appender.install.snapshot.enabled = false (custom)
2019-09-25 06:33:53,081 [pool-37-thread-1] INFO  impl.RaftServerImpl (ServerState.java:<init>(103)) - f9a1adb5-ac95-4f8b-8632-8bfce9a5ce16@group-1974E36795F0: ConfigurationManager, init=-1: [f9a1adb5-ac95-4f8b-8632-8bfce9a5ce16:192.168.164.207:36912], old=null, confs=<EMPTY_MAP>
2019-09-25 06:33:53,081 [pool-37-thread-1] INFO  server.RaftServerConfigKeys (ConfUtils.java:logGet(43)) - raft.server.storage.dir = [/workdir/hadoop-ozone/ozonefs/target/test-dir/MiniOzoneClusterImpl-d97e1daa-6e0c-4900-b1c9-997de4e3459a/datanode-1/data/ratis] (custom)
2019-09-25 06:33:53,082 [pool-37-thread-1] INFO  storage.RaftStorageDirectory (RaftStorageDirectory.java:analyzeStorage(246)) - The storage directory /workdir/hadoop-ozone/ozonefs/target/test-dir/MiniOzoneClusterImpl-d97e1daa-6e0c-4900-b1c9-997de4e3459a/datanode-1/data/ratis/b4aebc3f-2827-4a4f-9cad-1974e36795f0 does not exist. Creating ...
2019-09-25 06:33:53,095 [pool-37-thread-1] INFO  storage.RaftStorageDirectory (RaftStorageDirectory.java:tryLock(328)) - Lock on /workdir/hadoop-ozone/ozonefs/target/test-dir/MiniOzoneClusterImpl-d97e1daa-6e0c-4900-b1c9-997de4e3459a/datanode-1/data/ratis/b4aebc3f-2827-4a4f-9cad-1974e36795f0/in_use.lock acquired by nodename 9063@pr-hdds-1569-s44lr-3492059363
2019-09-25 06:33:53,117 [pool-37-thread-1] INFO  storage.RaftStorage (RaftStorage.java:format(72)) - Storage directory /workdir/hadoop-ozone/ozonefs/target/test-dir/MiniOzoneClusterImpl-d97e1daa-6e0c-4900-b1c9-997de4e3459a/datanode-1/data/ratis/b4aebc3f-2827-4a4f-9cad-1974e36795f0 has been successfully formatted.
2019-09-25 06:33:53,117 [pool-37-thread-1] INFO  ratis.ContainerStateMachine (ContainerStateMachine.java:loadSnapshot(230)) - group-1974E36795F0: The snapshot info is null. Setting the last applied indexto:(t:0, i:~)
2019-09-25 06:33:53,117 [pool-37-thread-1] INFO  server.RaftServerConfigKeys (ConfUtils.java:logGet(43)) - raft.server.notification.no-leader.timeout = 120s (custom)
2019-09-25 06:33:53,117 [pool-37-thread-1] INFO  server.RaftServerConfigKeys (ConfUtils.java:logGet(43)) - raft.server.log.use.memory = false (default)
2019-09-25 06:33:53,118 [pool-37-thread-1] INFO  server.RaftServerConfigKeys (ConfUtils.java:logGet(43)) - raft.server.log.purge.gap = 1000000 (custom)
2019-09-25 06:33:53,118 [pool-37-thread-1] INFO  server.RaftServerConfigKeys (ConfUtils.java:logGet(43)) - raft.server.log.appender.buffer.byte-limit = 33554432 (custom)
2019-09-25 06:33:53,118 [pool-37-thread-1] INFO  server.RaftServerConfigKeys (ConfUtils.java:logGet(43)) - raft.server.log.segment.size.max = 1048576 (custom)
2019-09-25 06:33:53,118 [pool-37-thread-1] INFO  server.RaftServerConfigKeys (ConfUtils.java:logGet(43)) - raft.server.log.segment.cache.num.max = 2 (custom)
2019-09-25 06:33:53,118 [pool-37-thread-1] INFO  segmented.SegmentedRaftLogWorker (SegmentedRaftLogWorker.java:<init>(172)) - new f9a1adb5-ac95-4f8b-8632-8bfce9a5ce16@group-1974E36795F0-SegmentedRaftLogWorker for RaftStorage:Storage Directory /workdir/hadoop-ozone/ozonefs/target/test-dir/MiniOzoneClusterImpl-d97e1daa-6e0c-4900-b1c9-997de4e3459a/datanode-1/data/ratis/b4aebc3f-2827-4a4f-9cad-1974e36795f0
2019-09-25 06:33:53,118 [pool-37-thread-1] INFO  server.RaftServerConfigKeys (ConfUtils.java:logGet(43)) - raft.server.log.queue.byte-limit = 2147483647 (custom)
2019-09-25 06:33:53,119 [pool-37-thread-1] INFO  server.RaftServerConfigKeys (ConfUtils.java:logGet(43)) - raft.server.log.queue.element-limit = 1024 (custom)
2019-09-25 06:33:53,119 [pool-37-thread-1] INFO  server.RaftServerConfigKeys (ConfUtils.java:logGet(43)) - raft.server.log.segment.size.max = 1048576 (custom)
2019-09-25 06:33:53,119 [pool-37-thread-1] INFO  server.RaftServerConfigKeys (ConfUtils.java:logGet(43)) - raft.server.log.preallocated.size = 16384 (custom)
2019-09-25 06:33:53,119 [pool-37-thread-1] INFO  server.RaftServerConfigKeys (ConfUtils.java:logGet(43)) - raft.server.log.write.buffer.size = 33554432 (custom)
2019-09-25 06:33:53,119 [pool-37-thread-1] INFO  server.RaftServerConfigKeys (ConfUtils.java:logGet(43)) - raft.server.log.force.sync.num = 128 (default)
2019-09-25 06:33:53,119 [pool-37-thread-1] INFO  server.RaftServerConfigKeys (ConfUtils.java:logGet(43)) - raft.server.log.statemachine.data.sync = true (default)
2019-09-25 06:33:53,120 [pool-37-thread-1] INFO  server.RaftServerConfigKeys (ConfUtils.java:logGet(43)) - raft.server.log.statemachine.data.sync.timeout = 10s (default)
2019-09-25 06:33:53,120 [pool-37-thread-1] INFO  server.RaftServerConfigKeys (ConfUtils.java:logGet(43)) - raft.server.log.statemachine.data.sync.timeout.retry = -1 (default)
2019-09-25 06:33:53,120 [pool-37-thread-1] INFO  server.RaftServerConfigKeys (ConfUtils.java:logGet(43)) - raft.server.log.statemachine.data.caching.enabled = true (custom)
2019-09-25 06:33:53,120 [pool-37-thread-1] INFO  segmented.SegmentedRaftLogWorker (SegmentedRaftLogWorker.java:lambda$new$0(132)) - f9a1adb5-ac95-4f8b-8632-8bfce9a5ce16@group-1974E36795F0-SegmentedRaftLogWorker: flushIndex: setUnconditionally 0 -> -1
2019-09-25 06:33:53,121 [pool-37-thread-1] INFO  server.RaftServerConfigKeys (ConfUtils.java:logGet(43)) - raft.server.snapshot.auto.trigger.enabled = true (custom)
2019-09-25 06:33:53,121 [pool-37-thread-1] INFO  server.RaftServerConfigKeys (ConfUtils.java:logGet(43)) - raft.server.snapshot.auto.trigger.threshold = 10000 (custom)
2019-09-25 06:33:53,121 [pool-37-thread-1] INFO  server.RaftServerConfigKeys (ConfUtils.java:logGet(43)) - raft.server.snapshot.retention.num.files = 5 (custom)
2019-09-25 06:33:53,121 [pool-37-thread-1] INFO  server.RaftServerConfigKeys (ConfUtils.java:logGet(43)) - raft.server.retrycache.expirytime = 600000ms (custom)
2019-09-25 06:33:53,124 [pool-37-thread-1] INFO  impl.RaftServerImpl (RaftServerImpl.java:start(185)) - f9a1adb5-ac95-4f8b-8632-8bfce9a5ce16@group-1974E36795F0: start as a follower, conf=-1: [f9a1adb5-ac95-4f8b-8632-8bfce9a5ce16:192.168.164.207:36912], old=null
2019-09-25 06:33:53,124 [pool-37-thread-1] INFO  impl.RaftServerImpl (RaftServerImpl.java:setRole(174)) - f9a1adb5-ac95-4f8b-8632-8bfce9a5ce16@group-1974E36795F0: changes role from      null to FOLLOWER at term 0 for startAsFollower
2019-09-25 06:33:53,125 [pool-37-thread-1] INFO  impl.RoleInfo (RoleInfo.java:updateAndGet(143)) - f9a1adb5-ac95-4f8b-8632-8bfce9a5ce16: start FollowerState
2019-09-25 06:33:53,125 [pool-37-thread-1] INFO  util.JmxRegister (JmxRegister.java:tryRegister(44)) - Successfully registered JMX Bean with object name Ratis:service=RaftServer,group=group-1974E36795F0,id=f9a1adb5-ac95-4f8b-8632-8bfce9a5ce16
2019-09-25 06:33:53,150 [RatisPipelineUtilsThread] INFO  pipeline.PipelineStateManager (PipelineStateManager.java:addPipeline(56)) - Created pipeline Pipeline[ Id: b4aebc3f-2827-4a4f-9cad-1974e36795f0, Nodes: f9a1adb5-ac95-4f8b-8632-8bfce9a5ce16{ip: 192.168.164.207, host: pr-hdds-1569-s44lr-3492059363, networkLocation: /default-rack, certSerialId: null}, Type:RATIS, Factor:ONE, State:OPEN]
2019-09-25 06:33:53,160 [grpc-default-executor-0] INFO  impl.RaftServerProxy (RaftServerProxy.java:addNew(89)) - 313782b9-e18d-44cb-a4a7-8816635983d3: addNew group-DAF03E1835B3:[313782b9-e18d-44cb-a4a7-8816635983d3:192.168.164.207:33244] returns group-DAF03E1835B3:java.util.concurrent.CompletableFuture@21907a1a[Not completed]
2019-09-25 06:33:53,162 [pool-107-thread-1] INFO  impl.RaftServerImpl (RaftServerImpl.java:<init>(95)) - 313782b9-e18d-44cb-a4a7-8816635983d3: new RaftServerImpl for group-DAF03E1835B3:[313782b9-e18d-44cb-a4a7-8816635983d3:192.168.164.207:33244] with ContainerStateMachine:uninitialized
2019-09-25 06:33:53,163 [pool-107-thread-1] INFO  server.RaftServerConfigKeys (ConfUtils.java:logGet(43)) - raft.server.rpc.timeout.min = 5s (custom)
2019-09-25 06:33:53,163 [pool-107-thread-1] INFO  server.RaftServerConfigKeys (ConfUtils.java:logGet(43)) - raft.server.rpc.timeout.max = 5200ms (custom)
2019-09-25 06:33:53,164 [pool-107-thread-1] INFO  server.RaftServerConfigKeys (ConfUtils.java:logGet(43)) - raft.server.rpcslowness.timeout = 120s (custom)
2019-09-25 06:33:53,164 [pool-107-thread-1] INFO  server.RaftServerConfigKeys (ConfUtils.java:logGet(43)) - raft.server.sleep.deviation.threshold = 300 (default)
2019-09-25 06:33:53,165 [pool-107-thread-1] INFO  server.RaftServerConfigKeys (ConfUtils.java:logGet(43)) - raft.server.log.appender.install.snapshot.enabled = false (custom)
2019-09-25 06:33:53,165 [pool-107-thread-1] INFO  impl.RaftServerImpl (ServerState.java:<init>(103)) - 313782b9-e18d-44cb-a4a7-8816635983d3@group-DAF03E1835B3: ConfigurationManager, init=-1: [313782b9-e18d-44cb-a4a7-8816635983d3:192.168.164.207:33244], old=null, confs=<EMPTY_MAP>
2019-09-25 06:33:53,165 [pool-107-thread-1] INFO  server.RaftServerConfigKeys (ConfUtils.java:logGet(43)) - raft.server.storage.dir = [/workdir/hadoop-ozone/ozonefs/target/test-dir/MiniOzoneClusterImpl-d97e1daa-6e0c-4900-b1c9-997de4e3459a/datanode-8/data/ratis] (custom)
2019-09-25 06:33:53,165 [pool-107-thread-1] INFO  storage.RaftStorageDirectory (RaftStorageDirectory.java:analyzeStorage(246)) - The storage directory /workdir/hadoop-ozone/ozonefs/target/test-dir/MiniOzoneClusterImpl-d97e1daa-6e0c-4900-b1c9-997de4e3459a/datanode-8/data/ratis/faacba7c-96b1-4768-9ad5-daf03e1835b3 does not exist. Creating ...
2019-09-25 06:33:53,179 [pool-107-thread-1] INFO  storage.RaftStorageDirectory (RaftStorageDirectory.java:tryLock(328)) - Lock on /workdir/hadoop-ozone/ozonefs/target/test-dir/MiniOzoneClusterImpl-d97e1daa-6e0c-4900-b1c9-997de4e3459a/datanode-8/data/ratis/faacba7c-96b1-4768-9ad5-daf03e1835b3/in_use.lock acquired by nodename 9063@pr-hdds-1569-s44lr-3492059363
2019-09-25 06:33:53,193 [pool-107-thread-1] INFO  storage.RaftStorage (RaftStorage.java:format(72)) - Storage directory /workdir/hadoop-ozone/ozonefs/target/test-dir/MiniOzoneClusterImpl-d97e1daa-6e0c-4900-b1c9-997de4e3459a/datanode-8/data/ratis/faacba7c-96b1-4768-9ad5-daf03e1835b3 has been successfully formatted.
2019-09-25 06:33:53,197 [pool-107-thread-1] INFO  ratis.ContainerStateMachine (ContainerStateMachine.java:loadSnapshot(230)) - group-DAF03E1835B3: The snapshot info is null. Setting the last applied indexto:(t:0, i:~)
2019-09-25 06:33:53,198 [pool-107-thread-1] INFO  server.RaftServerConfigKeys (ConfUtils.java:logGet(43)) - raft.server.notification.no-leader.timeout = 120s (custom)
2019-09-25 06:33:53,198 [pool-107-thread-1] INFO  server.RaftServerConfigKeys (ConfUtils.java:logGet(43)) - raft.server.log.use.memory = false (default)
2019-09-25 06:33:53,198 [pool-107-thread-1] INFO  server.RaftServerConfigKeys (ConfUtils.java:logGet(43)) - raft.server.log.purge.gap = 1000000 (custom)
2019-09-25 06:33:53,198 [pool-107-thread-1] INFO  server.RaftServerConfigKeys (ConfUtils.java:logGet(43)) - raft.server.log.appender.buffer.byte-limit = 33554432 (custom)
2019-09-25 06:33:53,198 [pool-107-thread-1] INFO  server.RaftServerConfigKeys (ConfUtils.java:logGet(43)) - raft.server.log.segment.size.max = 1048576 (custom)
2019-09-25 06:33:53,198 [pool-107-thread-1] INFO  server.RaftServerConfigKeys (ConfUtils.java:logGet(43)) - raft.server.log.segment.cache.num.max = 2 (custom)
2019-09-25 06:33:53,199 [pool-107-thread-1] INFO  segmented.SegmentedRaftLogWorker (SegmentedRaftLogWorker.java:<init>(172)) - new 313782b9-e18d-44cb-a4a7-8816635983d3@group-DAF03E1835B3-SegmentedRaftLogWorker for RaftStorage:Storage Directory /workdir/hadoop-ozone/ozonefs/target/test-dir/MiniOzoneClusterImpl-d97e1daa-6e0c-4900-b1c9-997de4e3459a/datanode-8/data/ratis/faacba7c-96b1-4768-9ad5-daf03e1835b3
2019-09-25 06:33:53,199 [pool-107-thread-1] INFO  server.RaftServerConfigKeys (ConfUtils.java:logGet(43)) - raft.server.log.queue.byte-limit = 2147483647 (custom)
2019-09-25 06:33:53,199 [pool-107-thread-1] INFO  server.RaftServerConfigKeys (ConfUtils.java:logGet(43)) - raft.server.log.queue.element-limit = 1024 (custom)
2019-09-25 06:33:53,199 [pool-107-thread-1] INFO  server.RaftServerConfigKeys (ConfUtils.java:logGet(43)) - raft.server.log.segment.size.max = 1048576 (custom)
2019-09-25 06:33:53,199 [pool-107-thread-1] INFO  server.RaftServerConfigKeys (ConfUtils.java:logGet(43)) - raft.server.log.preallocated.size = 16384 (custom)
2019-09-25 06:33:53,199 [pool-107-thread-1] INFO  server.RaftServerConfigKeys (ConfUtils.java:logGet(43)) - raft.server.log.write.buffer.size = 33554432 (custom)
2019-09-25 06:33:53,200 [pool-107-thread-1] INFO  server.RaftServerConfigKeys (ConfUtils.java:logGet(43)) - raft.server.log.force.sync.num = 128 (default)
2019-09-25 06:33:53,200 [pool-107-thread-1] INFO  server.RaftServerConfigKeys (ConfUtils.java:logGet(43)) - raft.server.log.statemachine.data.sync = true (default)
2019-09-25 06:33:53,200 [pool-107-thread-1] INFO  server.RaftServerConfigKeys (ConfUtils.java:logGet(43)) - raft.server.log.statemachine.data.sync.timeout = 10s (default)
2019-09-25 06:33:53,200 [pool-107-thread-1] INFO  server.RaftServerConfigKeys (ConfUtils.java:logGet(43)) - raft.server.log.statemachine.data.sync.timeout.retry = -1 (default)
2019-09-25 06:33:53,200 [pool-107-thread-1] INFO  server.RaftServerConfigKeys (ConfUtils.java:logGet(43)) - raft.server.log.statemachine.data.caching.enabled = true (custom)
2019-09-25 06:33:53,201 [pool-107-thread-1] INFO  segmented.SegmentedRaftLogWorker (SegmentedRaftLogWorker.java:lambda$new$0(132)) - 313782b9-e18d-44cb-a4a7-8816635983d3@group-DAF03E1835B3-SegmentedRaftLogWorker: flushIndex: setUnconditionally 0 -> -1
2019-09-25 06:33:53,201 [pool-107-thread-1] INFO  server.RaftServerConfigKeys (ConfUtils.java:logGet(43)) - raft.server.snapshot.auto.trigger.enabled = true (custom)
2019-09-25 06:33:53,201 [pool-107-thread-1] INFO  server.RaftServerConfigKeys (ConfUtils.java:logGet(43)) - raft.server.snapshot.auto.trigger.threshold = 10000 (custom)
2019-09-25 06:33:53,201 [pool-107-thread-1] INFO  server.RaftServerConfigKeys (ConfUtils.java:logGet(43)) - raft.server.snapshot.retention.num.files = 5 (custom)
2019-09-25 06:33:53,201 [pool-107-thread-1] INFO  server.RaftServerConfigKeys (ConfUtils.java:logGet(43)) - raft.server.retrycache.expirytime = 600000ms (custom)
2019-09-25 06:33:53,204 [pool-107-thread-1] INFO  impl.RaftServerImpl (RaftServerImpl.java:start(185)) - 313782b9-e18d-44cb-a4a7-8816635983d3@group-DAF03E1835B3: start as a follower, conf=-1: [313782b9-e18d-44cb-a4a7-8816635983d3:192.168.164.207:33244], old=null
2019-09-25 06:33:53,204 [pool-107-thread-1] INFO  impl.RaftServerImpl (RaftServerImpl.java:setRole(174)) - 313782b9-e18d-44cb-a4a7-8816635983d3@group-DAF03E1835B3: changes role from      null to FOLLOWER at term 0 for startAsFollower
2019-09-25 06:33:53,204 [pool-107-thread-1] INFO  impl.RoleInfo (RoleInfo.java:updateAndGet(143)) - 313782b9-e18d-44cb-a4a7-8816635983d3: start FollowerState
2019-09-25 06:33:53,205 [pool-107-thread-1] INFO  util.JmxRegister (JmxRegister.java:tryRegister(44)) - Successfully registered JMX Bean with object name Ratis:service=RaftServer,group=group-DAF03E1835B3,id=313782b9-e18d-44cb-a4a7-8816635983d3
2019-09-25 06:33:53,209 [RatisPipelineUtilsThread] INFO  pipeline.PipelineStateManager (PipelineStateManager.java:addPipeline(56)) - Created pipeline Pipeline[ Id: faacba7c-96b1-4768-9ad5-daf03e1835b3, Nodes: 313782b9-e18d-44cb-a4a7-8816635983d3{ip: 192.168.164.207, host: pr-hdds-1569-s44lr-3492059363, networkLocation: /default-rack, certSerialId: null}, Type:RATIS, Factor:ONE, State:OPEN]
2019-09-25 06:33:53,221 [grpc-default-executor-0] INFO  impl.RaftServerProxy (RaftServerProxy.java:addNew(89)) - 59047a66-3178-4e61-9c82-892aa22a5b81: addNew group-F55AE318680E:[59047a66-3178-4e61-9c82-892aa22a5b81:192.168.164.207:38018] returns group-F55AE318680E:java.util.concurrent.CompletableFuture@9352603[Not completed]
2019-09-25 06:33:53,222 [pool-47-thread-1] INFO  impl.RaftServerImpl (RaftServerImpl.java:<init>(95)) - 59047a66-3178-4e61-9c82-892aa22a5b81: new RaftServerImpl for group-F55AE318680E:[59047a66-3178-4e61-9c82-892aa22a5b81:192.168.164.207:38018] with ContainerStateMachine:uninitialized
2019-09-25 06:33:53,223 [pool-47-thread-1] INFO  server.RaftServerConfigKeys (ConfUtils.java:logGet(43)) - raft.server.rpc.timeout.min = 5s (custom)
2019-09-25 06:33:53,223 [pool-47-thread-1] INFO  server.RaftServerConfigKeys (ConfUtils.java:logGet(43)) - raft.server.rpc.timeout.max = 5200ms (custom)
2019-09-25 06:33:53,223 [pool-47-thread-1] INFO  server.RaftServerConfigKeys (ConfUtils.java:logGet(43)) - raft.server.rpcslowness.timeout = 120s (custom)
2019-09-25 06:33:53,223 [pool-47-thread-1] INFO  server.RaftServerConfigKeys (ConfUtils.java:logGet(43)) - raft.server.sleep.deviation.threshold = 300 (default)
2019-09-25 06:33:53,223 [pool-47-thread-1] INFO  server.RaftServerConfigKeys (ConfUtils.java:logGet(43)) - raft.server.log.appender.install.snapshot.enabled = false (custom)
2019-09-25 06:33:53,223 [pool-47-thread-1] INFO  impl.RaftServerImpl (ServerState.java:<init>(103)) - 59047a66-3178-4e61-9c82-892aa22a5b81@group-F55AE318680E: ConfigurationManager, init=-1: [59047a66-3178-4e61-9c82-892aa22a5b81:192.168.164.207:38018], old=null, confs=<EMPTY_MAP>
2019-09-25 06:33:53,224 [pool-47-thread-1] INFO  server.RaftServerConfigKeys (ConfUtils.java:logGet(43)) - raft.server.storage.dir = [/workdir/hadoop-ozone/ozonefs/target/test-dir/MiniOzoneClusterImpl-d97e1daa-6e0c-4900-b1c9-997de4e3459a/datanode-2/data/ratis] (custom)
2019-09-25 06:33:53,224 [pool-47-thread-1] INFO  storage.RaftStorageDirectory (RaftStorageDirectory.java:analyzeStorage(246)) - The storage directory /workdir/hadoop-ozone/ozonefs/target/test-dir/MiniOzoneClusterImpl-d97e1daa-6e0c-4900-b1c9-997de4e3459a/datanode-2/data/ratis/f5e87ab8-f52f-43c7-85ea-f55ae318680e does not exist. Creating ...
2019-09-25 06:33:53,238 [pool-47-thread-1] INFO  storage.RaftStorageDirectory (RaftStorageDirectory.java:tryLock(328)) - Lock on /workdir/hadoop-ozone/ozonefs/target/test-dir/MiniOzoneClusterImpl-d97e1daa-6e0c-4900-b1c9-997de4e3459a/datanode-2/data/ratis/f5e87ab8-f52f-43c7-85ea-f55ae318680e/in_use.lock acquired by nodename 9063@pr-hdds-1569-s44lr-3492059363
2019-09-25 06:33:53,251 [pool-47-thread-1] INFO  storage.RaftStorage (RaftStorage.java:format(72)) - Storage directory /workdir/hadoop-ozone/ozonefs/target/test-dir/MiniOzoneClusterImpl-d97e1daa-6e0c-4900-b1c9-997de4e3459a/datanode-2/data/ratis/f5e87ab8-f52f-43c7-85ea-f55ae318680e has been successfully formatted.
2019-09-25 06:33:53,251 [pool-47-thread-1] INFO  ratis.ContainerStateMachine (ContainerStateMachine.java:loadSnapshot(230)) - group-F55AE318680E: The snapshot info is null. Setting the last applied indexto:(t:0, i:~)
2019-09-25 06:33:53,251 [pool-47-thread-1] INFO  server.RaftServerConfigKeys (ConfUtils.java:logGet(43)) - raft.server.notification.no-leader.timeout = 120s (custom)
2019-09-25 06:33:53,251 [pool-47-thread-1] INFO  server.RaftServerConfigKeys (ConfUtils.java:logGet(43)) - raft.server.log.use.memory = false (default)
2019-09-25 06:33:53,251 [pool-47-thread-1] INFO  server.RaftServerConfigKeys (ConfUtils.java:logGet(43)) - raft.server.log.purge.gap = 1000000 (custom)
2019-09-25 06:33:53,252 [pool-47-thread-1] INFO  server.RaftServerConfigKeys (ConfUtils.java:logGet(43)) - raft.server.log.appender.buffer.byte-limit = 33554432 (custom)
2019-09-25 06:33:53,252 [pool-47-thread-1] INFO  server.RaftServerConfigKeys (ConfUtils.java:logGet(43)) - raft.server.log.segment.size.max = 1048576 (custom)
2019-09-25 06:33:53,252 [pool-47-thread-1] INFO  server.RaftServerConfigKeys (ConfUtils.java:logGet(43)) - raft.server.log.segment.cache.num.max = 2 (custom)
2019-09-25 06:33:53,252 [pool-47-thread-1] INFO  segmented.SegmentedRaftLogWorker (SegmentedRaftLogWorker.java:<init>(172)) - new 59047a66-3178-4e61-9c82-892aa22a5b81@group-F55AE318680E-SegmentedRaftLogWorker for RaftStorage:Storage Directory /workdir/hadoop-ozone/ozonefs/target/test-dir/MiniOzoneClusterImpl-d97e1daa-6e0c-4900-b1c9-997de4e3459a/datanode-2/data/ratis/f5e87ab8-f52f-43c7-85ea-f55ae318680e
2019-09-25 06:33:53,252 [pool-47-thread-1] INFO  server.RaftServerConfigKeys (ConfUtils.java:logGet(43)) - raft.server.log.queue.byte-limit = 2147483647 (custom)
2019-09-25 06:33:53,252 [pool-47-thread-1] INFO  server.RaftServerConfigKeys (ConfUtils.java:logGet(43)) - raft.server.log.queue.element-limit = 1024 (custom)
2019-09-25 06:33:53,253 [pool-47-thread-1] INFO  server.RaftServerConfigKeys (ConfUtils.java:logGet(43)) - raft.server.log.segment.size.max = 1048576 (custom)
2019-09-25 06:33:53,253 [pool-47-thread-1] INFO  server.RaftServerConfigKeys (ConfUtils.java:logGet(43)) - raft.server.log.preallocated.size = 16384 (custom)
2019-09-25 06:33:53,253 [pool-47-thread-1] INFO  server.RaftServerConfigKeys (ConfUtils.java:logGet(43)) - raft.server.log.write.buffer.size = 33554432 (custom)
2019-09-25 06:33:53,253 [pool-47-thread-1] INFO  server.RaftServerConfigKeys (ConfUtils.java:logGet(43)) - raft.server.log.force.sync.num = 128 (default)
2019-09-25 06:33:53,253 [pool-47-thread-1] INFO  server.RaftServerConfigKeys (ConfUtils.java:logGet(43)) - raft.server.log.statemachine.data.sync = true (default)
2019-09-25 06:33:53,253 [pool-47-thread-1] INFO  server.RaftServerConfigKeys (ConfUtils.java:logGet(43)) - raft.server.log.statemachine.data.sync.timeout = 10s (default)
2019-09-25 06:33:53,253 [pool-47-thread-1] INFO  server.RaftServerConfigKeys (ConfUtils.java:logGet(43)) - raft.server.log.statemachine.data.sync.timeout.retry = -1 (default)
2019-09-25 06:33:53,254 [pool-47-thread-1] INFO  server.RaftServerConfigKeys (ConfUtils.java:logGet(43)) - raft.server.log.statemachine.data.caching.enabled = true (custom)
2019-09-25 06:33:53,254 [pool-47-thread-1] INFO  segmented.SegmentedRaftLogWorker (SegmentedRaftLogWorker.java:lambda$new$0(132)) - 59047a66-3178-4e61-9c82-892aa22a5b81@group-F55AE318680E-SegmentedRaftLogWorker: flushIndex: setUnconditionally 0 -> -1
2019-09-25 06:33:53,254 [pool-47-thread-1] INFO  server.RaftServerConfigKeys (ConfUtils.java:logGet(43)) - raft.server.snapshot.auto.trigger.enabled = true (custom)
2019-09-25 06:33:53,254 [pool-47-thread-1] INFO  server.RaftServerConfigKeys (ConfUtils.java:logGet(43)) - raft.server.snapshot.auto.trigger.threshold = 10000 (custom)
2019-09-25 06:33:53,255 [pool-47-thread-1] INFO  server.RaftServerConfigKeys (ConfUtils.java:logGet(43)) - raft.server.snapshot.retention.num.files = 5 (custom)
2019-09-25 06:33:53,255 [pool-47-thread-1] INFO  server.RaftServerConfigKeys (ConfUtils.java:logGet(43)) - raft.server.retrycache.expirytime = 600000ms (custom)
2019-09-25 06:33:53,257 [pool-47-thread-1] INFO  impl.RaftServerImpl (RaftServerImpl.java:start(185)) - 59047a66-3178-4e61-9c82-892aa22a5b81@group-F55AE318680E: start as a follower, conf=-1: [59047a66-3178-4e61-9c82-892aa22a5b81:192.168.164.207:38018], old=null
2019-09-25 06:33:53,258 [pool-47-thread-1] INFO  impl.RaftServerImpl (RaftServerImpl.java:setRole(174)) - 59047a66-3178-4e61-9c82-892aa22a5b81@group-F55AE318680E: changes role from      null to FOLLOWER at term 0 for startAsFollower
2019-09-25 06:33:53,258 [pool-47-thread-1] INFO  impl.RoleInfo (RoleInfo.java:updateAndGet(143)) - 59047a66-3178-4e61-9c82-892aa22a5b81: start FollowerState
2019-09-25 06:33:53,258 [pool-47-thread-1] INFO  util.JmxRegister (JmxRegister.java:tryRegister(44)) - Successfully registered JMX Bean with object name Ratis:service=RaftServer,group=group-F55AE318680E,id=59047a66-3178-4e61-9c82-892aa22a5b81
2019-09-25 06:33:53,264 [RatisPipelineUtilsThread] INFO  pipeline.PipelineStateManager (PipelineStateManager.java:addPipeline(56)) - Created pipeline Pipeline[ Id: f5e87ab8-f52f-43c7-85ea-f55ae318680e, Nodes: 59047a66-3178-4e61-9c82-892aa22a5b81{ip: 192.168.164.207, host: pr-hdds-1569-s44lr-3492059363, networkLocation: /default-rack, certSerialId: null}, Type:RATIS, Factor:ONE, State:OPEN]
2019-09-25 06:33:53,284 [grpc-default-executor-0] INFO  impl.RaftServerProxy (RaftServerProxy.java:addNew(89)) - f64f24cc-0a31-403c-8370-70bfbc60f804: addNew group-49111CF88755:[f64f24cc-0a31-403c-8370-70bfbc60f804:192.168.164.207:40060] returns group-49111CF88755:java.util.concurrent.CompletableFuture@3c40ceb[Not completed]
2019-09-25 06:33:53,285 [main] INFO  rpc.RpcClient (RpcClient.java:createVolume(276)) - Creating Volume: volume73420, with user66473 as owner.
2019-09-25 06:33:53,289 [pool-57-thread-1] INFO  impl.RaftServerImpl (RaftServerImpl.java:<init>(95)) - f64f24cc-0a31-403c-8370-70bfbc60f804: new RaftServerImpl for group-49111CF88755:[f64f24cc-0a31-403c-8370-70bfbc60f804:192.168.164.207:40060] with ContainerStateMachine:uninitialized
2019-09-25 06:33:53,289 [pool-57-thread-1] INFO  server.RaftServerConfigKeys (ConfUtils.java:logGet(43)) - raft.server.rpc.timeout.min = 5s (custom)
2019-09-25 06:33:53,289 [pool-57-thread-1] INFO  server.RaftServerConfigKeys (ConfUtils.java:logGet(43)) - raft.server.rpc.timeout.max = 5200ms (custom)
2019-09-25 06:33:53,289 [pool-57-thread-1] INFO  server.RaftServerConfigKeys (ConfUtils.java:logGet(43)) - raft.server.rpcslowness.timeout = 120s (custom)
2019-09-25 06:33:53,289 [pool-57-thread-1] INFO  server.RaftServerConfigKeys (ConfUtils.java:logGet(43)) - raft.server.sleep.deviation.threshold = 300 (default)
2019-09-25 06:33:53,289 [pool-57-thread-1] INFO  server.RaftServerConfigKeys (ConfUtils.java:logGet(43)) - raft.server.log.appender.install.snapshot.enabled = false (custom)
2019-09-25 06:33:53,289 [pool-57-thread-1] INFO  impl.RaftServerImpl (ServerState.java:<init>(103)) - f64f24cc-0a31-403c-8370-70bfbc60f804@group-49111CF88755: ConfigurationManager, init=-1: [f64f24cc-0a31-403c-8370-70bfbc60f804:192.168.164.207:40060], old=null, confs=<EMPTY_MAP>
2019-09-25 06:33:53,289 [pool-57-thread-1] INFO  server.RaftServerConfigKeys (ConfUtils.java:logGet(43)) - raft.server.storage.dir = [/workdir/hadoop-ozone/ozonefs/target/test-dir/MiniOzoneClusterImpl-d97e1daa-6e0c-4900-b1c9-997de4e3459a/datanode-3/data/ratis] (custom)
2019-09-25 06:33:53,290 [pool-57-thread-1] INFO  storage.RaftStorageDirectory (RaftStorageDirectory.java:analyzeStorage(246)) - The storage directory /workdir/hadoop-ozone/ozonefs/target/test-dir/MiniOzoneClusterImpl-d97e1daa-6e0c-4900-b1c9-997de4e3459a/datanode-3/data/ratis/0d41f923-f549-4bc2-8d0b-49111cf88755 does not exist. Creating ...
2019-09-25 06:33:53,302 [pool-57-thread-1] INFO  storage.RaftStorageDirectory (RaftStorageDirectory.java:tryLock(328)) - Lock on /workdir/hadoop-ozone/ozonefs/target/test-dir/MiniOzoneClusterImpl-d97e1daa-6e0c-4900-b1c9-997de4e3459a/datanode-3/data/ratis/0d41f923-f549-4bc2-8d0b-49111cf88755/in_use.lock acquired by nodename 9063@pr-hdds-1569-s44lr-3492059363
2019-09-25 06:33:53,315 [pool-57-thread-1] INFO  storage.RaftStorage (RaftStorage.java:format(72)) - Storage directory /workdir/hadoop-ozone/ozonefs/target/test-dir/MiniOzoneClusterImpl-d97e1daa-6e0c-4900-b1c9-997de4e3459a/datanode-3/data/ratis/0d41f923-f549-4bc2-8d0b-49111cf88755 has been successfully formatted.
2019-09-25 06:33:53,315 [pool-57-thread-1] INFO  ratis.ContainerStateMachine (ContainerStateMachine.java:loadSnapshot(230)) - group-49111CF88755: The snapshot info is null. Setting the last applied indexto:(t:0, i:~)
2019-09-25 06:33:53,315 [pool-57-thread-1] INFO  server.RaftServerConfigKeys (ConfUtils.java:logGet(43)) - raft.server.notification.no-leader.timeout = 120s (custom)
2019-09-25 06:33:53,315 [pool-57-thread-1] INFO  server.RaftServerConfigKeys (ConfUtils.java:logGet(43)) - raft.server.log.use.memory = false (default)
2019-09-25 06:33:53,315 [pool-57-thread-1] INFO  server.RaftServerConfigKeys (ConfUtils.java:logGet(43)) - raft.server.log.purge.gap = 1000000 (custom)
2019-09-25 06:33:53,315 [pool-57-thread-1] INFO  server.RaftServerConfigKeys (ConfUtils.java:logGet(43)) - raft.server.log.appender.buffer.byte-limit = 33554432 (custom)
2019-09-25 06:33:53,315 [pool-57-thread-1] INFO  server.RaftServerConfigKeys (ConfUtils.java:logGet(43)) - raft.server.log.segment.size.max = 1048576 (custom)
2019-09-25 06:33:53,316 [pool-57-thread-1] INFO  server.RaftServerConfigKeys (ConfUtils.java:logGet(43)) - raft.server.log.segment.cache.num.max = 2 (custom)
2019-09-25 06:33:53,316 [pool-57-thread-1] INFO  segmented.SegmentedRaftLogWorker (SegmentedRaftLogWorker.java:<init>(172)) - new f64f24cc-0a31-403c-8370-70bfbc60f804@group-49111CF88755-SegmentedRaftLogWorker for RaftStorage:Storage Directory /workdir/hadoop-ozone/ozonefs/target/test-dir/MiniOzoneClusterImpl-d97e1daa-6e0c-4900-b1c9-997de4e3459a/datanode-3/data/ratis/0d41f923-f549-4bc2-8d0b-49111cf88755
2019-09-25 06:33:53,317 [pool-57-thread-1] INFO  server.RaftServerConfigKeys (ConfUtils.java:logGet(43)) - raft.server.log.queue.byte-limit = 2147483647 (custom)
2019-09-25 06:33:53,318 [pool-57-thread-1] INFO  server.RaftServerConfigKeys (ConfUtils.java:logGet(43)) - raft.server.log.queue.element-limit = 1024 (custom)
2019-09-25 06:33:53,320 [pool-57-thread-1] INFO  server.RaftServerConfigKeys (ConfUtils.java:logGet(43)) - raft.server.log.segment.size.max = 1048576 (custom)
2019-09-25 06:33:53,320 [pool-57-thread-1] INFO  server.RaftServerConfigKeys (ConfUtils.java:logGet(43)) - raft.server.log.preallocated.size = 16384 (custom)
2019-09-25 06:33:53,321 [pool-57-thread-1] INFO  server.RaftServerConfigKeys (ConfUtils.java:logGet(43)) - raft.server.log.write.buffer.size = 33554432 (custom)
2019-09-25 06:33:53,321 [pool-57-thread-1] INFO  server.RaftServerConfigKeys (ConfUtils.java:logGet(43)) - raft.server.log.force.sync.num = 128 (default)
2019-09-25 06:33:53,321 [pool-57-thread-1] INFO  server.RaftServerConfigKeys (ConfUtils.java:logGet(43)) - raft.server.log.statemachine.data.sync = true (default)
2019-09-25 06:33:53,321 [pool-57-thread-1] INFO  server.RaftServerConfigKeys (ConfUtils.java:logGet(43)) - raft.server.log.statemachine.data.sync.timeout = 10s (default)
2019-09-25 06:33:53,321 [pool-57-thread-1] INFO  server.RaftServerConfigKeys (ConfUtils.java:logGet(43)) - raft.server.log.statemachine.data.sync.timeout.retry = -1 (default)
2019-09-25 06:33:53,321 [pool-57-thread-1] INFO  server.RaftServerConfigKeys (ConfUtils.java:logGet(43)) - raft.server.log.statemachine.data.caching.enabled = true (custom)
2019-09-25 06:33:53,321 [pool-57-thread-1] INFO  segmented.SegmentedRaftLogWorker (SegmentedRaftLogWorker.java:lambda$new$0(132)) - f64f24cc-0a31-403c-8370-70bfbc60f804@group-49111CF88755-SegmentedRaftLogWorker: flushIndex: setUnconditionally 0 -> -1
2019-09-25 06:33:53,322 [pool-57-thread-1] INFO  server.RaftServerConfigKeys (ConfUtils.java:logGet(43)) - raft.server.snapshot.auto.trigger.enabled = true (custom)
2019-09-25 06:33:53,322 [pool-57-thread-1] INFO  server.RaftServerConfigKeys (ConfUtils.java:logGet(43)) - raft.server.snapshot.auto.trigger.threshold = 10000 (custom)
2019-09-25 06:33:53,322 [pool-57-thread-1] INFO  server.RaftServerConfigKeys (ConfUtils.java:logGet(43)) - raft.server.snapshot.retention.num.files = 5 (custom)
2019-09-25 06:33:53,323 [pool-57-thread-1] INFO  server.RaftServerConfigKeys (ConfUtils.java:logGet(43)) - raft.server.retrycache.expirytime = 600000ms (custom)
2019-09-25 06:33:53,325 [pool-57-thread-1] INFO  impl.RaftServerImpl (RaftServerImpl.java:start(185)) - f64f24cc-0a31-403c-8370-70bfbc60f804@group-49111CF88755: start as a follower, conf=-1: [f64f24cc-0a31-403c-8370-70bfbc60f804:192.168.164.207:40060], old=null
2019-09-25 06:33:53,325 [pool-57-thread-1] INFO  impl.RaftServerImpl (RaftServerImpl.java:setRole(174)) - f64f24cc-0a31-403c-8370-70bfbc60f804@group-49111CF88755: changes role from      null to FOLLOWER at term 0 for startAsFollower
2019-09-25 06:33:53,325 [pool-57-thread-1] INFO  impl.RoleInfo (RoleInfo.java:updateAndGet(143)) - f64f24cc-0a31-403c-8370-70bfbc60f804: start FollowerState
2019-09-25 06:33:53,326 [pool-57-thread-1] INFO  util.JmxRegister (JmxRegister.java:tryRegister(44)) - Successfully registered JMX Bean with object name Ratis:service=RaftServer,group=group-49111CF88755,id=f64f24cc-0a31-403c-8370-70bfbc60f804
2019-09-25 06:33:53,330 [RatisPipelineUtilsThread] INFO  pipeline.PipelineStateManager (PipelineStateManager.java:addPipeline(56)) - Created pipeline Pipeline[ Id: 0d41f923-f549-4bc2-8d0b-49111cf88755, Nodes: f64f24cc-0a31-403c-8370-70bfbc60f804{ip: 192.168.164.207, host: pr-hdds-1569-s44lr-3492059363, networkLocation: /default-rack, certSerialId: null}, Type:RATIS, Factor:ONE, State:OPEN]
2019-09-25 06:33:53,339 [grpc-default-executor-0] INFO  impl.RaftServerProxy (RaftServerProxy.java:addNew(89)) - 2977e106-bb5f-48ce-bb13-3d7f6b9d6732: addNew group-3E6E9A744F20:[2977e106-bb5f-48ce-bb13-3d7f6b9d6732:192.168.164.207:45443] returns group-3E6E9A744F20:java.util.concurrent.CompletableFuture@66f47973[Not completed]
2019-09-25 06:33:53,340 [pool-87-thread-1] INFO  impl.RaftServerImpl (RaftServerImpl.java:<init>(95)) - 2977e106-bb5f-48ce-bb13-3d7f6b9d6732: new RaftServerImpl for group-3E6E9A744F20:[2977e106-bb5f-48ce-bb13-3d7f6b9d6732:192.168.164.207:45443] with ContainerStateMachine:uninitialized
2019-09-25 06:33:53,340 [pool-87-thread-1] INFO  server.RaftServerConfigKeys (ConfUtils.java:logGet(43)) - raft.server.rpc.timeout.min = 5s (custom)
2019-09-25 06:33:53,340 [pool-87-thread-1] INFO  server.RaftServerConfigKeys (ConfUtils.java:logGet(43)) - raft.server.rpc.timeout.max = 5200ms (custom)
2019-09-25 06:33:53,340 [pool-87-thread-1] INFO  server.RaftServerConfigKeys (ConfUtils.java:logGet(43)) - raft.server.rpcslowness.timeout = 120s (custom)
2019-09-25 06:33:53,340 [pool-87-thread-1] INFO  server.RaftServerConfigKeys (ConfUtils.java:logGet(43)) - raft.server.sleep.deviation.threshold = 300 (default)
2019-09-25 06:33:53,341 [pool-87-thread-1] INFO  server.RaftServerConfigKeys (ConfUtils.java:logGet(43)) - raft.server.log.appender.install.snapshot.enabled = false (custom)
2019-09-25 06:33:53,341 [pool-87-thread-1] INFO  impl.RaftServerImpl (ServerState.java:<init>(103)) - 2977e106-bb5f-48ce-bb13-3d7f6b9d6732@group-3E6E9A744F20: ConfigurationManager, init=-1: [2977e106-bb5f-48ce-bb13-3d7f6b9d6732:192.168.164.207:45443], old=null, confs=<EMPTY_MAP>
2019-09-25 06:33:53,341 [pool-87-thread-1] INFO  server.RaftServerConfigKeys (ConfUtils.java:logGet(43)) - raft.server.storage.dir = [/workdir/hadoop-ozone/ozonefs/target/test-dir/MiniOzoneClusterImpl-d97e1daa-6e0c-4900-b1c9-997de4e3459a/datanode-6/data/ratis] (custom)
2019-09-25 06:33:53,341 [pool-87-thread-1] INFO  storage.RaftStorageDirectory (RaftStorageDirectory.java:analyzeStorage(246)) - The storage directory /workdir/hadoop-ozone/ozonefs/target/test-dir/MiniOzoneClusterImpl-d97e1daa-6e0c-4900-b1c9-997de4e3459a/datanode-6/data/ratis/72ab5e47-9c66-42ce-b62b-3e6e9a744f20 does not exist. Creating ...
2019-09-25 06:33:53,353 [pool-87-thread-1] INFO  storage.RaftStorageDirectory (RaftStorageDirectory.java:tryLock(328)) - Lock on /workdir/hadoop-ozone/ozonefs/target/test-dir/MiniOzoneClusterImpl-d97e1daa-6e0c-4900-b1c9-997de4e3459a/datanode-6/data/ratis/72ab5e47-9c66-42ce-b62b-3e6e9a744f20/in_use.lock acquired by nodename 9063@pr-hdds-1569-s44lr-3492059363
2019-09-25 06:33:53,393 [pool-87-thread-1] INFO  storage.RaftStorage (RaftStorage.java:format(72)) - Storage directory /workdir/hadoop-ozone/ozonefs/target/test-dir/MiniOzoneClusterImpl-d97e1daa-6e0c-4900-b1c9-997de4e3459a/datanode-6/data/ratis/72ab5e47-9c66-42ce-b62b-3e6e9a744f20 has been successfully formatted.
2019-09-25 06:33:53,394 [pool-87-thread-1] INFO  ratis.ContainerStateMachine (ContainerStateMachine.java:loadSnapshot(230)) - group-3E6E9A744F20: The snapshot info is null. Setting the last applied indexto:(t:0, i:~)
2019-09-25 06:33:53,394 [pool-87-thread-1] INFO  server.RaftServerConfigKeys (ConfUtils.java:logGet(43)) - raft.server.notification.no-leader.timeout = 120s (custom)
2019-09-25 06:33:53,394 [pool-87-thread-1] INFO  server.RaftServerConfigKeys (ConfUtils.java:logGet(43)) - raft.server.log.use.memory = false (default)
2019-09-25 06:33:53,394 [pool-87-thread-1] INFO  server.RaftServerConfigKeys (ConfUtils.java:logGet(43)) - raft.server.log.purge.gap = 1000000 (custom)
2019-09-25 06:33:53,395 [pool-87-thread-1] INFO  server.RaftServerConfigKeys (ConfUtils.java:logGet(43)) - raft.server.log.appender.buffer.byte-limit = 33554432 (custom)
2019-09-25 06:33:53,395 [pool-87-thread-1] INFO  server.RaftServerConfigKeys (ConfUtils.java:logGet(43)) - raft.server.log.segment.size.max = 1048576 (custom)
2019-09-25 06:33:53,395 [pool-87-thread-1] INFO  server.RaftServerConfigKeys (ConfUtils.java:logGet(43)) - raft.server.log.segment.cache.num.max = 2 (custom)
2019-09-25 06:33:53,395 [pool-87-thread-1] INFO  segmented.SegmentedRaftLogWorker (SegmentedRaftLogWorker.java:<init>(172)) - new 2977e106-bb5f-48ce-bb13-3d7f6b9d6732@group-3E6E9A744F20-SegmentedRaftLogWorker for RaftStorage:Storage Directory /workdir/hadoop-ozone/ozonefs/target/test-dir/MiniOzoneClusterImpl-d97e1daa-6e0c-4900-b1c9-997de4e3459a/datanode-6/data/ratis/72ab5e47-9c66-42ce-b62b-3e6e9a744f20
2019-09-25 06:33:53,395 [pool-87-thread-1] INFO  server.RaftServerConfigKeys (ConfUtils.java:logGet(43)) - raft.server.log.queue.byte-limit = 2147483647 (custom)
2019-09-25 06:33:53,396 [pool-87-thread-1] INFO  server.RaftServerConfigKeys (ConfUtils.java:logGet(43)) - raft.server.log.queue.element-limit = 1024 (custom)
2019-09-25 06:33:53,396 [pool-87-thread-1] INFO  server.RaftServerConfigKeys (ConfUtils.java:logGet(43)) - raft.server.log.segment.size.max = 1048576 (custom)
2019-09-25 06:33:53,396 [pool-87-thread-1] INFO  server.RaftServerConfigKeys (ConfUtils.java:logGet(43)) - raft.server.log.preallocated.size = 16384 (custom)
2019-09-25 06:33:53,396 [pool-87-thread-1] INFO  server.RaftServerConfigKeys (ConfUtils.java:logGet(43)) - raft.server.log.write.buffer.size = 33554432 (custom)
2019-09-25 06:33:53,396 [pool-87-thread-1] INFO  server.RaftServerConfigKeys (ConfUtils.java:logGet(43)) - raft.server.log.force.sync.num = 128 (default)
2019-09-25 06:33:53,396 [pool-87-thread-1] INFO  server.RaftServerConfigKeys (ConfUtils.java:logGet(43)) - raft.server.log.statemachine.data.sync = true (default)
2019-09-25 06:33:53,396 [pool-87-thread-1] INFO  server.RaftServerConfigKeys (ConfUtils.java:logGet(43)) - raft.server.log.statemachine.data.sync.timeout = 10s (default)
2019-09-25 06:33:53,397 [pool-87-thread-1] INFO  server.RaftServerConfigKeys (ConfUtils.java:logGet(43)) - raft.server.log.statemachine.data.sync.timeout.retry = -1 (default)
2019-09-25 06:33:53,397 [pool-87-thread-1] INFO  server.RaftServerConfigKeys (ConfUtils.java:logGet(43)) - raft.server.log.statemachine.data.caching.enabled = true (custom)
2019-09-25 06:33:53,397 [pool-87-thread-1] INFO  segmented.SegmentedRaftLogWorker (SegmentedRaftLogWorker.java:lambda$new$0(132)) - 2977e106-bb5f-48ce-bb13-3d7f6b9d6732@group-3E6E9A744F20-SegmentedRaftLogWorker: flushIndex: setUnconditionally 0 -> -1
2019-09-25 06:33:53,398 [pool-87-thread-1] INFO  server.RaftServerConfigKeys (ConfUtils.java:logGet(43)) - raft.server.snapshot.auto.trigger.enabled = true (custom)
2019-09-25 06:33:53,398 [pool-87-thread-1] INFO  server.RaftServerConfigKeys (ConfUtils.java:logGet(43)) - raft.server.snapshot.auto.trigger.threshold = 10000 (custom)
2019-09-25 06:33:53,398 [pool-87-thread-1] INFO  server.RaftServerConfigKeys (ConfUtils.java:logGet(43)) - raft.server.snapshot.retention.num.files = 5 (custom)
2019-09-25 06:33:53,398 [pool-87-thread-1] INFO  server.RaftServerConfigKeys (ConfUtils.java:logGet(43)) - raft.server.retrycache.expirytime = 600000ms (custom)
2019-09-25 06:33:53,401 [pool-87-thread-1] INFO  impl.RaftServerImpl (RaftServerImpl.java:start(185)) - 2977e106-bb5f-48ce-bb13-3d7f6b9d6732@group-3E6E9A744F20: start as a follower, conf=-1: [2977e106-bb5f-48ce-bb13-3d7f6b9d6732:192.168.164.207:45443], old=null
2019-09-25 06:33:53,401 [pool-87-thread-1] INFO  impl.RaftServerImpl (RaftServerImpl.java:setRole(174)) - 2977e106-bb5f-48ce-bb13-3d7f6b9d6732@group-3E6E9A744F20: changes role from      null to FOLLOWER at term 0 for startAsFollower
2019-09-25 06:33:53,401 [pool-87-thread-1] INFO  impl.RoleInfo (RoleInfo.java:updateAndGet(143)) - 2977e106-bb5f-48ce-bb13-3d7f6b9d6732: start FollowerState
2019-09-25 06:33:53,402 [pool-87-thread-1] INFO  util.JmxRegister (JmxRegister.java:tryRegister(44)) - Successfully registered JMX Bean with object name Ratis:service=RaftServer,group=group-3E6E9A744F20,id=2977e106-bb5f-48ce-bb13-3d7f6b9d6732
2019-09-25 06:33:53,408 [RatisPipelineUtilsThread] INFO  pipeline.PipelineStateManager (PipelineStateManager.java:addPipeline(56)) - Created pipeline Pipeline[ Id: 72ab5e47-9c66-42ce-b62b-3e6e9a744f20, Nodes: 2977e106-bb5f-48ce-bb13-3d7f6b9d6732{ip: 192.168.164.207, host: pr-hdds-1569-s44lr-3492059363, networkLocation: /default-rack, certSerialId: null}, Type:RATIS, Factor:ONE, State:OPEN]
2019-09-25 06:33:53,423 [grpc-default-executor-0] INFO  impl.RaftServerProxy (RaftServerProxy.java:addNew(89)) - ada091b4-9675-42a7-afd4-5850bd9f4e78: addNew group-071BE83B3689:[ada091b4-9675-42a7-afd4-5850bd9f4e78:192.168.164.207:35963] returns group-071BE83B3689:java.util.concurrent.CompletableFuture@392ba4b7[Not completed]
2019-09-25 06:33:53,437 [pool-77-thread-1] INFO  impl.RaftServerImpl (RaftServerImpl.java:<init>(95)) - ada091b4-9675-42a7-afd4-5850bd9f4e78: new RaftServerImpl for group-071BE83B3689:[ada091b4-9675-42a7-afd4-5850bd9f4e78:192.168.164.207:35963] with ContainerStateMachine:uninitialized
2019-09-25 06:33:53,437 [pool-77-thread-1] INFO  server.RaftServerConfigKeys (ConfUtils.java:logGet(43)) - raft.server.rpc.timeout.min = 5s (custom)
2019-09-25 06:33:53,438 [pool-77-thread-1] INFO  server.RaftServerConfigKeys (ConfUtils.java:logGet(43)) - raft.server.rpc.timeout.max = 5200ms (custom)
2019-09-25 06:33:53,438 [pool-77-thread-1] INFO  server.RaftServerConfigKeys (ConfUtils.java:logGet(43)) - raft.server.rpcslowness.timeout = 120s (custom)
2019-09-25 06:33:53,438 [pool-77-thread-1] INFO  server.RaftServerConfigKeys (ConfUtils.java:logGet(43)) - raft.server.sleep.deviation.threshold = 300 (default)
2019-09-25 06:33:53,438 [pool-77-thread-1] INFO  server.RaftServerConfigKeys (ConfUtils.java:logGet(43)) - raft.server.log.appender.install.snapshot.enabled = false (custom)
2019-09-25 06:33:53,438 [pool-77-thread-1] INFO  impl.RaftServerImpl (ServerState.java:<init>(103)) - ada091b4-9675-42a7-afd4-5850bd9f4e78@group-071BE83B3689: ConfigurationManager, init=-1: [ada091b4-9675-42a7-afd4-5850bd9f4e78:192.168.164.207:35963], old=null, confs=<EMPTY_MAP>
2019-09-25 06:33:53,438 [pool-77-thread-1] INFO  server.RaftServerConfigKeys (ConfUtils.java:logGet(43)) - raft.server.storage.dir = [/workdir/hadoop-ozone/ozonefs/target/test-dir/MiniOzoneClusterImpl-d97e1daa-6e0c-4900-b1c9-997de4e3459a/datanode-5/data/ratis] (custom)
2019-09-25 06:33:53,439 [pool-77-thread-1] INFO  storage.RaftStorageDirectory (RaftStorageDirectory.java:analyzeStorage(246)) - The storage directory /workdir/hadoop-ozone/ozonefs/target/test-dir/MiniOzoneClusterImpl-d97e1daa-6e0c-4900-b1c9-997de4e3459a/datanode-5/data/ratis/abe36aa4-5e6b-4f84-88ab-071be83b3689 does not exist. Creating ...
2019-09-25 06:33:53,451 [IPC Server handler 6 on 43660] INFO  volume.OMVolumeCreateRequest (OMVolumeCreateRequest.java:validateAndUpdateCache(189)) - created volume:volume73420 for user:user66473
2019-09-25 06:33:53,453 [pool-77-thread-1] INFO  storage.RaftStorageDirectory (RaftStorageDirectory.java:tryLock(328)) - Lock on /workdir/hadoop-ozone/ozonefs/target/test-dir/MiniOzoneClusterImpl-d97e1daa-6e0c-4900-b1c9-997de4e3459a/datanode-5/data/ratis/abe36aa4-5e6b-4f84-88ab-071be83b3689/in_use.lock acquired by nodename 9063@pr-hdds-1569-s44lr-3492059363
2019-09-25 06:33:53,796 [pool-77-thread-1] INFO  storage.RaftStorage (RaftStorage.java:format(72)) - Storage directory /workdir/hadoop-ozone/ozonefs/target/test-dir/MiniOzoneClusterImpl-d97e1daa-6e0c-4900-b1c9-997de4e3459a/datanode-5/data/ratis/abe36aa4-5e6b-4f84-88ab-071be83b3689 has been successfully formatted.
2019-09-25 06:33:53,811 [pool-77-thread-1] INFO  ratis.ContainerStateMachine (ContainerStateMachine.java:loadSnapshot(230)) - group-071BE83B3689: The snapshot info is null. Setting the last applied indexto:(t:0, i:~)
2019-09-25 06:33:53,813 [pool-77-thread-1] INFO  server.RaftServerConfigKeys (ConfUtils.java:logGet(43)) - raft.server.notification.no-leader.timeout = 120s (custom)
2019-09-25 06:33:53,813 [pool-77-thread-1] INFO  server.RaftServerConfigKeys (ConfUtils.java:logGet(43)) - raft.server.log.use.memory = false (default)
2019-09-25 06:33:53,817 [pool-77-thread-1] INFO  server.RaftServerConfigKeys (ConfUtils.java:logGet(43)) - raft.server.log.purge.gap = 1000000 (custom)
2019-09-25 06:33:53,817 [pool-77-thread-1] INFO  server.RaftServerConfigKeys (ConfUtils.java:logGet(43)) - raft.server.log.appender.buffer.byte-limit = 33554432 (custom)
2019-09-25 06:33:53,817 [pool-77-thread-1] INFO  server.RaftServerConfigKeys (ConfUtils.java:logGet(43)) - raft.server.log.segment.size.max = 1048576 (custom)
2019-09-25 06:33:53,817 [pool-77-thread-1] INFO  server.RaftServerConfigKeys (ConfUtils.java:logGet(43)) - raft.server.log.segment.cache.num.max = 2 (custom)
2019-09-25 06:33:53,819 [pool-77-thread-1] INFO  segmented.SegmentedRaftLogWorker (SegmentedRaftLogWorker.java:<init>(172)) - new ada091b4-9675-42a7-afd4-5850bd9f4e78@group-071BE83B3689-SegmentedRaftLogWorker for RaftStorage:Storage Directory /workdir/hadoop-ozone/ozonefs/target/test-dir/MiniOzoneClusterImpl-d97e1daa-6e0c-4900-b1c9-997de4e3459a/datanode-5/data/ratis/abe36aa4-5e6b-4f84-88ab-071be83b3689
2019-09-25 06:33:53,821 [pool-77-thread-1] INFO  server.RaftServerConfigKeys (ConfUtils.java:logGet(43)) - raft.server.log.queue.byte-limit = 2147483647 (custom)
2019-09-25 06:33:53,821 [pool-77-thread-1] INFO  server.RaftServerConfigKeys (ConfUtils.java:logGet(43)) - raft.server.log.queue.element-limit = 1024 (custom)
2019-09-25 06:33:53,822 [pool-77-thread-1] INFO  server.RaftServerConfigKeys (ConfUtils.java:logGet(43)) - raft.server.log.segment.size.max = 1048576 (custom)
2019-09-25 06:33:53,822 [pool-77-thread-1] INFO  server.RaftServerConfigKeys (ConfUtils.java:logGet(43)) - raft.server.log.preallocated.size = 16384 (custom)
2019-09-25 06:33:53,822 [pool-77-thread-1] INFO  server.RaftServerConfigKeys (ConfUtils.java:logGet(43)) - raft.server.log.write.buffer.size = 33554432 (custom)
2019-09-25 06:33:53,822 [pool-77-thread-1] INFO  server.RaftServerConfigKeys (ConfUtils.java:logGet(43)) - raft.server.log.force.sync.num = 128 (default)
2019-09-25 06:33:53,822 [pool-77-thread-1] INFO  server.RaftServerConfigKeys (ConfUtils.java:logGet(43)) - raft.server.log.statemachine.data.sync = true (default)
2019-09-25 06:33:53,822 [pool-77-thread-1] INFO  server.RaftServerConfigKeys (ConfUtils.java:logGet(43)) - raft.server.log.statemachine.data.sync.timeout = 10s (default)
2019-09-25 06:33:53,827 [pool-77-thread-1] INFO  server.RaftServerConfigKeys (ConfUtils.java:logGet(43)) - raft.server.log.statemachine.data.sync.timeout.retry = -1 (default)
2019-09-25 06:33:53,829 [pool-77-thread-1] INFO  server.RaftServerConfigKeys (ConfUtils.java:logGet(43)) - raft.server.log.statemachine.data.caching.enabled = true (custom)
2019-09-25 06:33:53,830 [pool-77-thread-1] INFO  segmented.SegmentedRaftLogWorker (SegmentedRaftLogWorker.java:lambda$new$0(132)) - ada091b4-9675-42a7-afd4-5850bd9f4e78@group-071BE83B3689-SegmentedRaftLogWorker: flushIndex: setUnconditionally 0 -> -1
2019-09-25 06:33:53,830 [pool-77-thread-1] INFO  server.RaftServerConfigKeys (ConfUtils.java:logGet(43)) - raft.server.snapshot.auto.trigger.enabled = true (custom)
2019-09-25 06:33:53,830 [pool-77-thread-1] INFO  server.RaftServerConfigKeys (ConfUtils.java:logGet(43)) - raft.server.snapshot.auto.trigger.threshold = 10000 (custom)
2019-09-25 06:33:53,830 [pool-77-thread-1] INFO  server.RaftServerConfigKeys (ConfUtils.java:logGet(43)) - raft.server.snapshot.retention.num.files = 5 (custom)
2019-09-25 06:33:53,830 [pool-77-thread-1] INFO  server.RaftServerConfigKeys (ConfUtils.java:logGet(43)) - raft.server.retrycache.expirytime = 600000ms (custom)
2019-09-25 06:33:53,833 [pool-77-thread-1] INFO  impl.RaftServerImpl (RaftServerImpl.java:start(185)) - ada091b4-9675-42a7-afd4-5850bd9f4e78@group-071BE83B3689: start as a follower, conf=-1: [ada091b4-9675-42a7-afd4-5850bd9f4e78:192.168.164.207:35963], old=null
2019-09-25 06:33:53,833 [pool-77-thread-1] INFO  impl.RaftServerImpl (RaftServerImpl.java:setRole(174)) - ada091b4-9675-42a7-afd4-5850bd9f4e78@group-071BE83B3689: changes role from      null to FOLLOWER at term 0 for startAsFollower
2019-09-25 06:33:53,833 [pool-77-thread-1] INFO  impl.RoleInfo (RoleInfo.java:updateAndGet(143)) - ada091b4-9675-42a7-afd4-5850bd9f4e78: start FollowerState
2019-09-25 06:33:53,833 [pool-77-thread-1] INFO  util.JmxRegister (JmxRegister.java:tryRegister(44)) - Successfully registered JMX Bean with object name Ratis:service=RaftServer,group=group-071BE83B3689,id=ada091b4-9675-42a7-afd4-5850bd9f4e78
2019-09-25 06:33:53,839 [RatisPipelineUtilsThread] INFO  pipeline.PipelineStateManager (PipelineStateManager.java:addPipeline(56)) - Created pipeline Pipeline[ Id: abe36aa4-5e6b-4f84-88ab-071be83b3689, Nodes: ada091b4-9675-42a7-afd4-5850bd9f4e78{ip: 192.168.164.207, host: pr-hdds-1569-s44lr-3492059363, networkLocation: /default-rack, certSerialId: null}, Type:RATIS, Factor:ONE, State:OPEN]
2019-09-25 06:33:53,859 [main] INFO  rpc.RpcClient (RpcClient.java:createBucket(415)) - Creating Bucket: volume73420/bucket68402, with Versioning false and Storage Type set to DISK and Encryption set to false 
2019-09-25 06:33:53,871 [grpc-default-executor-0] INFO  impl.RaftServerProxy (RaftServerProxy.java:addNew(89)) - 81f06f72-72c9-4329-855f-4bc73f7e5da2: addNew group-C4515C1B56D7:[81f06f72-72c9-4329-855f-4bc73f7e5da2:192.168.164.207:40731] returns group-C4515C1B56D7:java.util.concurrent.CompletableFuture@26329fcf[Not completed]
2019-09-25 06:33:53,875 [pool-27-thread-1] INFO  impl.RaftServerImpl (RaftServerImpl.java:<init>(95)) - 81f06f72-72c9-4329-855f-4bc73f7e5da2: new RaftServerImpl for group-C4515C1B56D7:[81f06f72-72c9-4329-855f-4bc73f7e5da2:192.168.164.207:40731] with ContainerStateMachine:uninitialized
2019-09-25 06:33:53,875 [pool-27-thread-1] INFO  server.RaftServerConfigKeys (ConfUtils.java:logGet(43)) - raft.server.rpc.timeout.min = 5s (custom)
2019-09-25 06:33:53,875 [pool-27-thread-1] INFO  server.RaftServerConfigKeys (ConfUtils.java:logGet(43)) - raft.server.rpc.timeout.max = 5200ms (custom)
2019-09-25 06:33:53,875 [pool-27-thread-1] INFO  server.RaftServerConfigKeys (ConfUtils.java:logGet(43)) - raft.server.rpcslowness.timeout = 120s (custom)
2019-09-25 06:33:53,875 [pool-27-thread-1] INFO  server.RaftServerConfigKeys (ConfUtils.java:logGet(43)) - raft.server.sleep.deviation.threshold = 300 (default)
2019-09-25 06:33:53,875 [pool-27-thread-1] INFO  server.RaftServerConfigKeys (ConfUtils.java:logGet(43)) - raft.server.log.appender.install.snapshot.enabled = false (custom)
2019-09-25 06:33:53,876 [pool-27-thread-1] INFO  impl.RaftServerImpl (ServerState.java:<init>(103)) - 81f06f72-72c9-4329-855f-4bc73f7e5da2@group-C4515C1B56D7: ConfigurationManager, init=-1: [81f06f72-72c9-4329-855f-4bc73f7e5da2:192.168.164.207:40731], old=null, confs=<EMPTY_MAP>
2019-09-25 06:33:53,876 [pool-27-thread-1] INFO  server.RaftServerConfigKeys (ConfUtils.java:logGet(43)) - raft.server.storage.dir = [/workdir/hadoop-ozone/ozonefs/target/test-dir/MiniOzoneClusterImpl-d97e1daa-6e0c-4900-b1c9-997de4e3459a/datanode-0/data/ratis] (custom)
2019-09-25 06:33:53,878 [pool-27-thread-1] INFO  storage.RaftStorageDirectory (RaftStorageDirectory.java:analyzeStorage(246)) - The storage directory /workdir/hadoop-ozone/ozonefs/target/test-dir/MiniOzoneClusterImpl-d97e1daa-6e0c-4900-b1c9-997de4e3459a/datanode-0/data/ratis/f4b0ce00-026e-4074-94e9-c4515c1b56d7 does not exist. Creating ...
2019-09-25 06:33:53,891 [pool-27-thread-1] INFO  storage.RaftStorageDirectory (RaftStorageDirectory.java:tryLock(328)) - Lock on /workdir/hadoop-ozone/ozonefs/target/test-dir/MiniOzoneClusterImpl-d97e1daa-6e0c-4900-b1c9-997de4e3459a/datanode-0/data/ratis/f4b0ce00-026e-4074-94e9-c4515c1b56d7/in_use.lock acquired by nodename 9063@pr-hdds-1569-s44lr-3492059363
2019-09-25 06:33:53,903 [pool-27-thread-1] INFO  storage.RaftStorage (RaftStorage.java:format(72)) - Storage directory /workdir/hadoop-ozone/ozonefs/target/test-dir/MiniOzoneClusterImpl-d97e1daa-6e0c-4900-b1c9-997de4e3459a/datanode-0/data/ratis/f4b0ce00-026e-4074-94e9-c4515c1b56d7 has been successfully formatted.
2019-09-25 06:33:53,903 [pool-27-thread-1] INFO  ratis.ContainerStateMachine (ContainerStateMachine.java:loadSnapshot(230)) - group-C4515C1B56D7: The snapshot info is null. Setting the last applied indexto:(t:0, i:~)
2019-09-25 06:33:53,903 [pool-27-thread-1] INFO  server.RaftServerConfigKeys (ConfUtils.java:logGet(43)) - raft.server.notification.no-leader.timeout = 120s (custom)
2019-09-25 06:33:53,903 [pool-27-thread-1] INFO  server.RaftServerConfigKeys (ConfUtils.java:logGet(43)) - raft.server.log.use.memory = false (default)
2019-09-25 06:33:53,903 [pool-27-thread-1] INFO  server.RaftServerConfigKeys (ConfUtils.java:logGet(43)) - raft.server.log.purge.gap = 1000000 (custom)
2019-09-25 06:33:53,903 [pool-27-thread-1] INFO  server.RaftServerConfigKeys (ConfUtils.java:logGet(43)) - raft.server.log.appender.buffer.byte-limit = 33554432 (custom)
2019-09-25 06:33:53,904 [pool-27-thread-1] INFO  server.RaftServerConfigKeys (ConfUtils.java:logGet(43)) - raft.server.log.segment.size.max = 1048576 (custom)
2019-09-25 06:33:53,904 [pool-27-thread-1] INFO  server.RaftServerConfigKeys (ConfUtils.java:logGet(43)) - raft.server.log.segment.cache.num.max = 2 (custom)
2019-09-25 06:33:53,904 [pool-27-thread-1] INFO  segmented.SegmentedRaftLogWorker (SegmentedRaftLogWorker.java:<init>(172)) - new 81f06f72-72c9-4329-855f-4bc73f7e5da2@group-C4515C1B56D7-SegmentedRaftLogWorker for RaftStorage:Storage Directory /workdir/hadoop-ozone/ozonefs/target/test-dir/MiniOzoneClusterImpl-d97e1daa-6e0c-4900-b1c9-997de4e3459a/datanode-0/data/ratis/f4b0ce00-026e-4074-94e9-c4515c1b56d7
2019-09-25 06:33:53,904 [pool-27-thread-1] INFO  server.RaftServerConfigKeys (ConfUtils.java:logGet(43)) - raft.server.log.queue.byte-limit = 2147483647 (custom)
2019-09-25 06:33:53,904 [pool-27-thread-1] INFO  server.RaftServerConfigKeys (ConfUtils.java:logGet(43)) - raft.server.log.queue.element-limit = 1024 (custom)
2019-09-25 06:33:53,904 [pool-27-thread-1] INFO  server.RaftServerConfigKeys (ConfUtils.java:logGet(43)) - raft.server.log.segment.size.max = 1048576 (custom)
2019-09-25 06:33:53,904 [pool-27-thread-1] INFO  server.RaftServerConfigKeys (ConfUtils.java:logGet(43)) - raft.server.log.preallocated.size = 16384 (custom)
2019-09-25 06:33:53,905 [pool-27-thread-1] INFO  server.RaftServerConfigKeys (ConfUtils.java:logGet(43)) - raft.server.log.write.buffer.size = 33554432 (custom)
2019-09-25 06:33:53,905 [pool-27-thread-1] INFO  server.RaftServerConfigKeys (ConfUtils.java:logGet(43)) - raft.server.log.force.sync.num = 128 (default)
2019-09-25 06:33:53,905 [pool-27-thread-1] INFO  server.RaftServerConfigKeys (ConfUtils.java:logGet(43)) - raft.server.log.statemachine.data.sync = true (default)
2019-09-25 06:33:53,905 [pool-27-thread-1] INFO  server.RaftServerConfigKeys (ConfUtils.java:logGet(43)) - raft.server.log.statemachine.data.sync.timeout = 10s (default)
2019-09-25 06:33:53,905 [pool-27-thread-1] INFO  server.RaftServerConfigKeys (ConfUtils.java:logGet(43)) - raft.server.log.statemachine.data.sync.timeout.retry = -1 (default)
2019-09-25 06:33:53,905 [pool-27-thread-1] INFO  server.RaftServerConfigKeys (ConfUtils.java:logGet(43)) - raft.server.log.statemachine.data.caching.enabled = true (custom)
2019-09-25 06:33:53,906 [pool-27-thread-1] INFO  segmented.SegmentedRaftLogWorker (SegmentedRaftLogWorker.java:lambda$new$0(132)) - 81f06f72-72c9-4329-855f-4bc73f7e5da2@group-C4515C1B56D7-SegmentedRaftLogWorker: flushIndex: setUnconditionally 0 -> -1
2019-09-25 06:33:53,906 [pool-27-thread-1] INFO  server.RaftServerConfigKeys (ConfUtils.java:logGet(43)) - raft.server.snapshot.auto.trigger.enabled = true (custom)
2019-09-25 06:33:53,906 [pool-27-thread-1] INFO  server.RaftServerConfigKeys (ConfUtils.java:logGet(43)) - raft.server.snapshot.auto.trigger.threshold = 10000 (custom)
2019-09-25 06:33:53,906 [pool-27-thread-1] INFO  server.RaftServerConfigKeys (ConfUtils.java:logGet(43)) - raft.server.snapshot.retention.num.files = 5 (custom)
2019-09-25 06:33:53,906 [pool-27-thread-1] INFO  server.RaftServerConfigKeys (ConfUtils.java:logGet(43)) - raft.server.retrycache.expirytime = 600000ms (custom)
2019-09-25 06:33:53,909 [pool-27-thread-1] INFO  impl.RaftServerImpl (RaftServerImpl.java:start(185)) - 81f06f72-72c9-4329-855f-4bc73f7e5da2@group-C4515C1B56D7: start as a follower, conf=-1: [81f06f72-72c9-4329-855f-4bc73f7e5da2:192.168.164.207:40731], old=null
2019-09-25 06:33:53,909 [pool-27-thread-1] INFO  impl.RaftServerImpl (RaftServerImpl.java:setRole(174)) - 81f06f72-72c9-4329-855f-4bc73f7e5da2@group-C4515C1B56D7: changes role from      null to FOLLOWER at term 0 for startAsFollower
2019-09-25 06:33:53,909 [pool-27-thread-1] INFO  impl.RoleInfo (RoleInfo.java:updateAndGet(143)) - 81f06f72-72c9-4329-855f-4bc73f7e5da2: start FollowerState
2019-09-25 06:33:53,917 [pool-27-thread-1] INFO  util.JmxRegister (JmxRegister.java:tryRegister(44)) - Successfully registered JMX Bean with object name Ratis:service=RaftServer,group=group-C4515C1B56D7,id=81f06f72-72c9-4329-855f-4bc73f7e5da2
2019-09-25 06:33:53,936 [RatisPipelineUtilsThread] INFO  pipeline.PipelineStateManager (PipelineStateManager.java:addPipeline(56)) - Created pipeline Pipeline[ Id: f4b0ce00-026e-4074-94e9-c4515c1b56d7, Nodes: 81f06f72-72c9-4329-855f-4bc73f7e5da2{ip: 192.168.164.207, host: pr-hdds-1569-s44lr-3492059363, networkLocation: /default-rack, certSerialId: null}, Type:RATIS, Factor:ONE, State:OPEN]
2019-09-25 06:33:53,947 [grpc-default-executor-0] INFO  impl.RaftServerProxy (RaftServerProxy.java:addNew(89)) - 59047a66-3178-4e61-9c82-892aa22a5b81: addNew group-2FA50E43BD3C:[59047a66-3178-4e61-9c82-892aa22a5b81:192.168.164.207:38018] returns group-2FA50E43BD3C:java.util.concurrent.CompletableFuture@3c12a30d[Not completed]
2019-09-25 06:33:53,948 [pool-47-thread-1] INFO  impl.RaftServerImpl (RaftServerImpl.java:<init>(95)) - 59047a66-3178-4e61-9c82-892aa22a5b81: new RaftServerImpl for group-2FA50E43BD3C:[59047a66-3178-4e61-9c82-892aa22a5b81:192.168.164.207:38018] with ContainerStateMachine:uninitialized
2019-09-25 06:33:53,948 [pool-47-thread-1] INFO  server.RaftServerConfigKeys (ConfUtils.java:logGet(43)) - raft.server.rpc.timeout.min = 5s (custom)
2019-09-25 06:33:53,949 [pool-47-thread-1] INFO  server.RaftServerConfigKeys (ConfUtils.java:logGet(43)) - raft.server.rpc.timeout.max = 5200ms (custom)
2019-09-25 06:33:53,949 [pool-47-thread-1] INFO  server.RaftServerConfigKeys (ConfUtils.java:logGet(43)) - raft.server.rpcslowness.timeout = 120s (custom)
2019-09-25 06:33:53,949 [pool-47-thread-1] INFO  server.RaftServerConfigKeys (ConfUtils.java:logGet(43)) - raft.server.sleep.deviation.threshold = 300 (default)
2019-09-25 06:33:53,949 [pool-47-thread-1] INFO  server.RaftServerConfigKeys (ConfUtils.java:logGet(43)) - raft.server.log.appender.install.snapshot.enabled = false (custom)
2019-09-25 06:33:53,949 [pool-47-thread-1] INFO  impl.RaftServerImpl (ServerState.java:<init>(103)) - 59047a66-3178-4e61-9c82-892aa22a5b81@group-2FA50E43BD3C: ConfigurationManager, init=-1: [59047a66-3178-4e61-9c82-892aa22a5b81:192.168.164.207:38018], old=null, confs=<EMPTY_MAP>
2019-09-25 06:33:53,949 [pool-47-thread-1] INFO  server.RaftServerConfigKeys (ConfUtils.java:logGet(43)) - raft.server.storage.dir = [/workdir/hadoop-ozone/ozonefs/target/test-dir/MiniOzoneClusterImpl-d97e1daa-6e0c-4900-b1c9-997de4e3459a/datanode-2/data/ratis] (custom)
2019-09-25 06:33:53,950 [pool-47-thread-1] INFO  storage.RaftStorageDirectory (RaftStorageDirectory.java:analyzeStorage(246)) - The storage directory /workdir/hadoop-ozone/ozonefs/target/test-dir/MiniOzoneClusterImpl-d97e1daa-6e0c-4900-b1c9-997de4e3459a/datanode-2/data/ratis/1fc2d687-8d0d-4824-8ba1-2fa50e43bd3c does not exist. Creating ...
2019-09-25 06:33:53,968 [pool-47-thread-1] INFO  storage.RaftStorageDirectory (RaftStorageDirectory.java:tryLock(328)) - Lock on /workdir/hadoop-ozone/ozonefs/target/test-dir/MiniOzoneClusterImpl-d97e1daa-6e0c-4900-b1c9-997de4e3459a/datanode-2/data/ratis/1fc2d687-8d0d-4824-8ba1-2fa50e43bd3c/in_use.lock acquired by nodename 9063@pr-hdds-1569-s44lr-3492059363
2019-09-25 06:33:53,978 [Thread-283] INFO  container.ReplicationManager (ReplicationManager.java:start(163)) - Starting Replication Monitor Thread.
2019-09-25 06:33:53,982 [ReplicationMonitor] INFO  container.ReplicationManager (ReplicationManager.java:run(226)) - Replication Monitor Thread took 1 milliseconds for processing 0 containers.
2019-09-25 06:33:53,996 [pool-47-thread-1] INFO  storage.RaftStorage (RaftStorage.java:format(72)) - Storage directory /workdir/hadoop-ozone/ozonefs/target/test-dir/MiniOzoneClusterImpl-d97e1daa-6e0c-4900-b1c9-997de4e3459a/datanode-2/data/ratis/1fc2d687-8d0d-4824-8ba1-2fa50e43bd3c has been successfully formatted.
2019-09-25 06:33:53,996 [pool-47-thread-1] INFO  ratis.ContainerStateMachine (ContainerStateMachine.java:loadSnapshot(230)) - group-2FA50E43BD3C: The snapshot info is null. Setting the last applied indexto:(t:0, i:~)
2019-09-25 06:33:53,997 [pool-47-thread-1] INFO  server.RaftServerConfigKeys (ConfUtils.java:logGet(43)) - raft.server.notification.no-leader.timeout = 120s (custom)
2019-09-25 06:33:53,997 [pool-47-thread-1] INFO  server.RaftServerConfigKeys (ConfUtils.java:logGet(43)) - raft.server.log.use.memory = false (default)
2019-09-25 06:33:53,997 [pool-47-thread-1] INFO  server.RaftServerConfigKeys (ConfUtils.java:logGet(43)) - raft.server.log.purge.gap = 1000000 (custom)
2019-09-25 06:33:53,997 [pool-47-thread-1] INFO  server.RaftServerConfigKeys (ConfUtils.java:logGet(43)) - raft.server.log.appender.buffer.byte-limit = 33554432 (custom)
2019-09-25 06:33:53,997 [pool-47-thread-1] INFO  server.RaftServerConfigKeys (ConfUtils.java:logGet(43)) - raft.server.log.segment.size.max = 1048576 (custom)
2019-09-25 06:33:53,997 [pool-47-thread-1] INFO  server.RaftServerConfigKeys (ConfUtils.java:logGet(43)) - raft.server.log.segment.cache.num.max = 2 (custom)
2019-09-25 06:33:53,998 [pool-47-thread-1] INFO  segmented.SegmentedRaftLogWorker (SegmentedRaftLogWorker.java:<init>(172)) - new 59047a66-3178-4e61-9c82-892aa22a5b81@group-2FA50E43BD3C-SegmentedRaftLogWorker for RaftStorage:Storage Directory /workdir/hadoop-ozone/ozonefs/target/test-dir/MiniOzoneClusterImpl-d97e1daa-6e0c-4900-b1c9-997de4e3459a/datanode-2/data/ratis/1fc2d687-8d0d-4824-8ba1-2fa50e43bd3c
2019-09-25 06:33:53,998 [pool-47-thread-1] INFO  server.RaftServerConfigKeys (ConfUtils.java:logGet(43)) - raft.server.log.queue.byte-limit = 2147483647 (custom)
2019-09-25 06:33:53,998 [pool-47-thread-1] INFO  server.RaftServerConfigKeys (ConfUtils.java:logGet(43)) - raft.server.log.queue.element-limit = 1024 (custom)
2019-09-25 06:33:53,998 [pool-47-thread-1] INFO  server.RaftServerConfigKeys (ConfUtils.java:logGet(43)) - raft.server.log.segment.size.max = 1048576 (custom)
2019-09-25 06:33:53,998 [pool-47-thread-1] INFO  server.RaftServerConfigKeys (ConfUtils.java:logGet(43)) - raft.server.log.preallocated.size = 16384 (custom)
2019-09-25 06:33:53,998 [pool-47-thread-1] INFO  server.RaftServerConfigKeys (ConfUtils.java:logGet(43)) - raft.server.log.write.buffer.size = 33554432 (custom)
2019-09-25 06:33:53,999 [pool-47-thread-1] INFO  server.RaftServerConfigKeys (ConfUtils.java:logGet(43)) - raft.server.log.force.sync.num = 128 (default)
2019-09-25 06:33:53,999 [pool-47-thread-1] INFO  server.RaftServerConfigKeys (ConfUtils.java:logGet(43)) - raft.server.log.statemachine.data.sync = true (default)
2019-09-25 06:33:53,999 [pool-47-thread-1] INFO  server.RaftServerConfigKeys (ConfUtils.java:logGet(43)) - raft.server.log.statemachine.data.sync.timeout = 10s (default)
2019-09-25 06:33:53,999 [pool-47-thread-1] INFO  server.RaftServerConfigKeys (ConfUtils.java:logGet(43)) - raft.server.log.statemachine.data.sync.timeout.retry = -1 (default)
2019-09-25 06:33:53,999 [pool-47-thread-1] INFO  server.RaftServerConfigKeys (ConfUtils.java:logGet(43)) - raft.server.log.statemachine.data.caching.enabled = true (custom)
2019-09-25 06:33:54,000 [pool-47-thread-1] INFO  segmented.SegmentedRaftLogWorker (SegmentedRaftLogWorker.java:lambda$new$0(132)) - 59047a66-3178-4e61-9c82-892aa22a5b81@group-2FA50E43BD3C-SegmentedRaftLogWorker: flushIndex: setUnconditionally 0 -> -1
2019-09-25 06:33:54,000 [pool-47-thread-1] INFO  server.RaftServerConfigKeys (ConfUtils.java:logGet(43)) - raft.server.snapshot.auto.trigger.enabled = true (custom)
2019-09-25 06:33:54,000 [pool-47-thread-1] INFO  server.RaftServerConfigKeys (ConfUtils.java:logGet(43)) - raft.server.snapshot.auto.trigger.threshold = 10000 (custom)
2019-09-25 06:33:54,000 [pool-47-thread-1] INFO  server.RaftServerConfigKeys (ConfUtils.java:logGet(43)) - raft.server.snapshot.retention.num.files = 5 (custom)
2019-09-25 06:33:54,001 [pool-47-thread-1] INFO  server.RaftServerConfigKeys (ConfUtils.java:logGet(43)) - raft.server.retrycache.expirytime = 600000ms (custom)
2019-09-25 06:33:54,003 [pool-47-thread-1] INFO  impl.RaftServerImpl (RaftServerImpl.java:start(185)) - 59047a66-3178-4e61-9c82-892aa22a5b81@group-2FA50E43BD3C: start as a follower, conf=-1: [59047a66-3178-4e61-9c82-892aa22a5b81:192.168.164.207:38018], old=null
2019-09-25 06:33:54,003 [pool-47-thread-1] INFO  impl.RaftServerImpl (RaftServerImpl.java:setRole(174)) - 59047a66-3178-4e61-9c82-892aa22a5b81@group-2FA50E43BD3C: changes role from      null to FOLLOWER at term 0 for startAsFollower
2019-09-25 06:33:54,004 [pool-47-thread-1] INFO  impl.RoleInfo (RoleInfo.java:updateAndGet(143)) - 59047a66-3178-4e61-9c82-892aa22a5b81: start FollowerState
2019-09-25 06:33:54,004 [pool-47-thread-1] INFO  util.JmxRegister (JmxRegister.java:tryRegister(44)) - Successfully registered JMX Bean with object name Ratis:service=RaftServer,group=group-2FA50E43BD3C,id=59047a66-3178-4e61-9c82-892aa22a5b81
2019-09-25 06:33:54,010 [RatisPipelineUtilsThread] INFO  pipeline.PipelineStateManager (PipelineStateManager.java:addPipeline(56)) - Created pipeline Pipeline[ Id: 1fc2d687-8d0d-4824-8ba1-2fa50e43bd3c, Nodes: 59047a66-3178-4e61-9c82-892aa22a5b81{ip: 192.168.164.207, host: pr-hdds-1569-s44lr-3492059363, networkLocation: /default-rack, certSerialId: null}, Type:RATIS, Factor:ONE, State:OPEN]
2019-09-25 06:33:54,021 [grpc-default-executor-0] INFO  impl.RaftServerProxy (RaftServerProxy.java:addNew(89)) - 2977e106-bb5f-48ce-bb13-3d7f6b9d6732: addNew group-D73F45324AEE:[2977e106-bb5f-48ce-bb13-3d7f6b9d6732:192.168.164.207:45443] returns group-D73F45324AEE:java.util.concurrent.CompletableFuture@79a242a1[Not completed]
2019-09-25 06:33:54,022 [pool-87-thread-1] INFO  impl.RaftServerImpl (RaftServerImpl.java:<init>(95)) - 2977e106-bb5f-48ce-bb13-3d7f6b9d6732: new RaftServerImpl for group-D73F45324AEE:[2977e106-bb5f-48ce-bb13-3d7f6b9d6732:192.168.164.207:45443] with ContainerStateMachine:uninitialized
2019-09-25 06:33:54,023 [pool-87-thread-1] INFO  server.RaftServerConfigKeys (ConfUtils.java:logGet(43)) - raft.server.rpc.timeout.min = 5s (custom)
2019-09-25 06:33:54,023 [pool-87-thread-1] INFO  server.RaftServerConfigKeys (ConfUtils.java:logGet(43)) - raft.server.rpc.timeout.max = 5200ms (custom)
2019-09-25 06:33:54,023 [pool-87-thread-1] INFO  server.RaftServerConfigKeys (ConfUtils.java:logGet(43)) - raft.server.rpcslowness.timeout = 120s (custom)
2019-09-25 06:33:54,023 [pool-87-thread-1] INFO  server.RaftServerConfigKeys (ConfUtils.java:logGet(43)) - raft.server.sleep.deviation.threshold = 300 (default)
2019-09-25 06:33:54,023 [pool-87-thread-1] INFO  server.RaftServerConfigKeys (ConfUtils.java:logGet(43)) - raft.server.log.appender.install.snapshot.enabled = false (custom)
2019-09-25 06:33:54,023 [pool-87-thread-1] INFO  impl.RaftServerImpl (ServerState.java:<init>(103)) - 2977e106-bb5f-48ce-bb13-3d7f6b9d6732@group-D73F45324AEE: ConfigurationManager, init=-1: [2977e106-bb5f-48ce-bb13-3d7f6b9d6732:192.168.164.207:45443], old=null, confs=<EMPTY_MAP>
2019-09-25 06:33:54,024 [pool-87-thread-1] INFO  server.RaftServerConfigKeys (ConfUtils.java:logGet(43)) - raft.server.storage.dir = [/workdir/hadoop-ozone/ozonefs/target/test-dir/MiniOzoneClusterImpl-d97e1daa-6e0c-4900-b1c9-997de4e3459a/datanode-6/data/ratis] (custom)
2019-09-25 06:33:54,024 [pool-87-thread-1] INFO  storage.RaftStorageDirectory (RaftStorageDirectory.java:analyzeStorage(246)) - The storage directory /workdir/hadoop-ozone/ozonefs/target/test-dir/MiniOzoneClusterImpl-d97e1daa-6e0c-4900-b1c9-997de4e3459a/datanode-6/data/ratis/eb2860d9-0aea-4a6b-8414-d73f45324aee does not exist. Creating ...
2019-09-25 06:33:54,037 [pool-87-thread-1] INFO  storage.RaftStorageDirectory (RaftStorageDirectory.java:tryLock(328)) - Lock on /workdir/hadoop-ozone/ozonefs/target/test-dir/MiniOzoneClusterImpl-d97e1daa-6e0c-4900-b1c9-997de4e3459a/datanode-6/data/ratis/eb2860d9-0aea-4a6b-8414-d73f45324aee/in_use.lock acquired by nodename 9063@pr-hdds-1569-s44lr-3492059363
2019-09-25 06:33:54,059 [pool-87-thread-1] INFO  storage.RaftStorage (RaftStorage.java:format(72)) - Storage directory /workdir/hadoop-ozone/ozonefs/target/test-dir/MiniOzoneClusterImpl-d97e1daa-6e0c-4900-b1c9-997de4e3459a/datanode-6/data/ratis/eb2860d9-0aea-4a6b-8414-d73f45324aee has been successfully formatted.
2019-09-25 06:33:54,059 [pool-87-thread-1] INFO  ratis.ContainerStateMachine (ContainerStateMachine.java:loadSnapshot(230)) - group-D73F45324AEE: The snapshot info is null. Setting the last applied indexto:(t:0, i:~)
2019-09-25 06:33:54,059 [pool-87-thread-1] INFO  server.RaftServerConfigKeys (ConfUtils.java:logGet(43)) - raft.server.notification.no-leader.timeout = 120s (custom)
2019-09-25 06:33:54,059 [pool-87-thread-1] INFO  server.RaftServerConfigKeys (ConfUtils.java:logGet(43)) - raft.server.log.use.memory = false (default)
2019-09-25 06:33:54,060 [pool-87-thread-1] INFO  server.RaftServerConfigKeys (ConfUtils.java:logGet(43)) - raft.server.log.purge.gap = 1000000 (custom)
2019-09-25 06:33:54,060 [pool-87-thread-1] INFO  server.RaftServerConfigKeys (ConfUtils.java:logGet(43)) - raft.server.log.appender.buffer.byte-limit = 33554432 (custom)
2019-09-25 06:33:54,060 [pool-87-thread-1] INFO  server.RaftServerConfigKeys (ConfUtils.java:logGet(43)) - raft.server.log.segment.size.max = 1048576 (custom)
2019-09-25 06:33:54,060 [pool-87-thread-1] INFO  server.RaftServerConfigKeys (ConfUtils.java:logGet(43)) - raft.server.log.segment.cache.num.max = 2 (custom)
2019-09-25 06:33:54,060 [pool-87-thread-1] INFO  segmented.SegmentedRaftLogWorker (SegmentedRaftLogWorker.java:<init>(172)) - new 2977e106-bb5f-48ce-bb13-3d7f6b9d6732@group-D73F45324AEE-SegmentedRaftLogWorker for RaftStorage:Storage Directory /workdir/hadoop-ozone/ozonefs/target/test-dir/MiniOzoneClusterImpl-d97e1daa-6e0c-4900-b1c9-997de4e3459a/datanode-6/data/ratis/eb2860d9-0aea-4a6b-8414-d73f45324aee
2019-09-25 06:33:54,060 [pool-87-thread-1] INFO  server.RaftServerConfigKeys (ConfUtils.java:logGet(43)) - raft.server.log.queue.byte-limit = 2147483647 (custom)
2019-09-25 06:33:54,060 [pool-87-thread-1] INFO  server.RaftServerConfigKeys (ConfUtils.java:logGet(43)) - raft.server.log.queue.element-limit = 1024 (custom)
2019-09-25 06:33:54,061 [pool-87-thread-1] INFO  server.RaftServerConfigKeys (ConfUtils.java:logGet(43)) - raft.server.log.segment.size.max = 1048576 (custom)
2019-09-25 06:33:54,061 [pool-87-thread-1] INFO  server.RaftServerConfigKeys (ConfUtils.java:logGet(43)) - raft.server.log.preallocated.size = 16384 (custom)
2019-09-25 06:33:54,061 [pool-87-thread-1] INFO  server.RaftServerConfigKeys (ConfUtils.java:logGet(43)) - raft.server.log.write.buffer.size = 33554432 (custom)
2019-09-25 06:33:54,061 [pool-87-thread-1] INFO  server.RaftServerConfigKeys (ConfUtils.java:logGet(43)) - raft.server.log.force.sync.num = 128 (default)
2019-09-25 06:33:54,061 [pool-87-thread-1] INFO  server.RaftServerConfigKeys (ConfUtils.java:logGet(43)) - raft.server.log.statemachine.data.sync = true (default)
2019-09-25 06:33:54,061 [pool-87-thread-1] INFO  server.RaftServerConfigKeys (ConfUtils.java:logGet(43)) - raft.server.log.statemachine.data.sync.timeout = 10s (default)
2019-09-25 06:33:54,061 [pool-87-thread-1] INFO  server.RaftServerConfigKeys (ConfUtils.java:logGet(43)) - raft.server.log.statemachine.data.sync.timeout.retry = -1 (default)
2019-09-25 06:33:54,062 [pool-87-thread-1] INFO  server.RaftServerConfigKeys (ConfUtils.java:logGet(43)) - raft.server.log.statemachine.data.caching.enabled = true (custom)
2019-09-25 06:33:54,062 [pool-87-thread-1] INFO  segmented.SegmentedRaftLogWorker (SegmentedRaftLogWorker.java:lambda$new$0(132)) - 2977e106-bb5f-48ce-bb13-3d7f6b9d6732@group-D73F45324AEE-SegmentedRaftLogWorker: flushIndex: setUnconditionally 0 -> -1
2019-09-25 06:33:54,062 [pool-87-thread-1] INFO  server.RaftServerConfigKeys (ConfUtils.java:logGet(43)) - raft.server.snapshot.auto.trigger.enabled = true (custom)
2019-09-25 06:33:54,063 [pool-87-thread-1] INFO  server.RaftServerConfigKeys (ConfUtils.java:logGet(43)) - raft.server.snapshot.auto.trigger.threshold = 10000 (custom)
2019-09-25 06:33:54,063 [pool-87-thread-1] INFO  server.RaftServerConfigKeys (ConfUtils.java:logGet(43)) - raft.server.snapshot.retention.num.files = 5 (custom)
2019-09-25 06:33:54,063 [pool-87-thread-1] INFO  server.RaftServerConfigKeys (ConfUtils.java:logGet(43)) - raft.server.retrycache.expirytime = 600000ms (custom)
2019-09-25 06:33:54,065 [pool-87-thread-1] INFO  impl.RaftServerImpl (RaftServerImpl.java:start(185)) - 2977e106-bb5f-48ce-bb13-3d7f6b9d6732@group-D73F45324AEE: start as a follower, conf=-1: [2977e106-bb5f-48ce-bb13-3d7f6b9d6732:192.168.164.207:45443], old=null
2019-09-25 06:33:54,066 [pool-87-thread-1] INFO  impl.RaftServerImpl (RaftServerImpl.java:setRole(174)) - 2977e106-bb5f-48ce-bb13-3d7f6b9d6732@group-D73F45324AEE: changes role from      null to FOLLOWER at term 0 for startAsFollower
2019-09-25 06:33:54,066 [pool-87-thread-1] INFO  impl.RoleInfo (RoleInfo.java:updateAndGet(143)) - 2977e106-bb5f-48ce-bb13-3d7f6b9d6732: start FollowerState
2019-09-25 06:33:54,066 [pool-87-thread-1] INFO  util.JmxRegister (JmxRegister.java:tryRegister(44)) - Successfully registered JMX Bean with object name Ratis:service=RaftServer,group=group-D73F45324AEE,id=2977e106-bb5f-48ce-bb13-3d7f6b9d6732
2019-09-25 06:33:54,076 [RatisPipelineUtilsThread] INFO  pipeline.PipelineStateManager (PipelineStateManager.java:addPipeline(56)) - Created pipeline Pipeline[ Id: eb2860d9-0aea-4a6b-8414-d73f45324aee, Nodes: 2977e106-bb5f-48ce-bb13-3d7f6b9d6732{ip: 192.168.164.207, host: pr-hdds-1569-s44lr-3492059363, networkLocation: /default-rack, certSerialId: null}, Type:RATIS, Factor:ONE, State:OPEN]
2019-09-25 06:33:54,088 [grpc-default-executor-0] INFO  impl.RaftServerProxy (RaftServerProxy.java:addNew(89)) - f9a1adb5-ac95-4f8b-8632-8bfce9a5ce16: addNew group-574076A47EFF:[f9a1adb5-ac95-4f8b-8632-8bfce9a5ce16:192.168.164.207:36912] returns group-574076A47EFF:java.util.concurrent.CompletableFuture@4db14f0a[Not completed]
2019-09-25 06:33:54,089 [pool-37-thread-1] INFO  impl.RaftServerImpl (RaftServerImpl.java:<init>(95)) - f9a1adb5-ac95-4f8b-8632-8bfce9a5ce16: new RaftServerImpl for group-574076A47EFF:[f9a1adb5-ac95-4f8b-8632-8bfce9a5ce16:192.168.164.207:36912] with ContainerStateMachine:uninitialized
2019-09-25 06:33:54,090 [pool-37-thread-1] INFO  server.RaftServerConfigKeys (ConfUtils.java:logGet(43)) - raft.server.rpc.timeout.min = 5s (custom)
2019-09-25 06:33:54,090 [pool-37-thread-1] INFO  server.RaftServerConfigKeys (ConfUtils.java:logGet(43)) - raft.server.rpc.timeout.max = 5200ms (custom)
2019-09-25 06:33:54,090 [pool-37-thread-1] INFO  server.RaftServerConfigKeys (ConfUtils.java:logGet(43)) - raft.server.rpcslowness.timeout = 120s (custom)
2019-09-25 06:33:54,090 [pool-37-thread-1] INFO  server.RaftServerConfigKeys (ConfUtils.java:logGet(43)) - raft.server.sleep.deviation.threshold = 300 (default)
2019-09-25 06:33:54,090 [pool-37-thread-1] INFO  server.RaftServerConfigKeys (ConfUtils.java:logGet(43)) - raft.server.log.appender.install.snapshot.enabled = false (custom)
2019-09-25 06:33:54,090 [pool-37-thread-1] INFO  impl.RaftServerImpl (ServerState.java:<init>(103)) - f9a1adb5-ac95-4f8b-8632-8bfce9a5ce16@group-574076A47EFF: ConfigurationManager, init=-1: [f9a1adb5-ac95-4f8b-8632-8bfce9a5ce16:192.168.164.207:36912], old=null, confs=<EMPTY_MAP>
2019-09-25 06:33:54,091 [pool-37-thread-1] INFO  server.RaftServerConfigKeys (ConfUtils.java:logGet(43)) - raft.server.storage.dir = [/workdir/hadoop-ozone/ozonefs/target/test-dir/MiniOzoneClusterImpl-d97e1daa-6e0c-4900-b1c9-997de4e3459a/datanode-1/data/ratis] (custom)
2019-09-25 06:33:54,091 [pool-37-thread-1] INFO  storage.RaftStorageDirectory (RaftStorageDirectory.java:analyzeStorage(246)) - The storage directory /workdir/hadoop-ozone/ozonefs/target/test-dir/MiniOzoneClusterImpl-d97e1daa-6e0c-4900-b1c9-997de4e3459a/datanode-1/data/ratis/a48f1489-4847-40a6-ac21-574076a47eff does not exist. Creating ...
2019-09-25 06:33:54,112 [pool-37-thread-1] INFO  storage.RaftStorageDirectory (RaftStorageDirectory.java:tryLock(328)) - Lock on /workdir/hadoop-ozone/ozonefs/target/test-dir/MiniOzoneClusterImpl-d97e1daa-6e0c-4900-b1c9-997de4e3459a/datanode-1/data/ratis/a48f1489-4847-40a6-ac21-574076a47eff/in_use.lock acquired by nodename 9063@pr-hdds-1569-s44lr-3492059363
2019-09-25 06:33:54,125 [pool-37-thread-1] INFO  storage.RaftStorage (RaftStorage.java:format(72)) - Storage directory /workdir/hadoop-ozone/ozonefs/target/test-dir/MiniOzoneClusterImpl-d97e1daa-6e0c-4900-b1c9-997de4e3459a/datanode-1/data/ratis/a48f1489-4847-40a6-ac21-574076a47eff has been successfully formatted.
2019-09-25 06:33:54,126 [pool-37-thread-1] INFO  ratis.ContainerStateMachine (ContainerStateMachine.java:loadSnapshot(230)) - group-574076A47EFF: The snapshot info is null. Setting the last applied indexto:(t:0, i:~)
2019-09-25 06:33:54,126 [pool-37-thread-1] INFO  server.RaftServerConfigKeys (ConfUtils.java:logGet(43)) - raft.server.notification.no-leader.timeout = 120s (custom)
2019-09-25 06:33:54,126 [pool-37-thread-1] INFO  server.RaftServerConfigKeys (ConfUtils.java:logGet(43)) - raft.server.log.use.memory = false (default)
2019-09-25 06:33:54,126 [pool-37-thread-1] INFO  server.RaftServerConfigKeys (ConfUtils.java:logGet(43)) - raft.server.log.purge.gap = 1000000 (custom)
2019-09-25 06:33:54,126 [pool-37-thread-1] INFO  server.RaftServerConfigKeys (ConfUtils.java:logGet(43)) - raft.server.log.appender.buffer.byte-limit = 33554432 (custom)
2019-09-25 06:33:54,126 [pool-37-thread-1] INFO  server.RaftServerConfigKeys (ConfUtils.java:logGet(43)) - raft.server.log.segment.size.max = 1048576 (custom)
2019-09-25 06:33:54,127 [pool-37-thread-1] INFO  server.RaftServerConfigKeys (ConfUtils.java:logGet(43)) - raft.server.log.segment.cache.num.max = 2 (custom)
2019-09-25 06:33:54,127 [pool-37-thread-1] INFO  segmented.SegmentedRaftLogWorker (SegmentedRaftLogWorker.java:<init>(172)) - new f9a1adb5-ac95-4f8b-8632-8bfce9a5ce16@group-574076A47EFF-SegmentedRaftLogWorker for RaftStorage:Storage Directory /workdir/hadoop-ozone/ozonefs/target/test-dir/MiniOzoneClusterImpl-d97e1daa-6e0c-4900-b1c9-997de4e3459a/datanode-1/data/ratis/a48f1489-4847-40a6-ac21-574076a47eff
2019-09-25 06:33:54,127 [pool-37-thread-1] INFO  server.RaftServerConfigKeys (ConfUtils.java:logGet(43)) - raft.server.log.queue.byte-limit = 2147483647 (custom)
2019-09-25 06:33:54,127 [pool-37-thread-1] INFO  server.RaftServerConfigKeys (ConfUtils.java:logGet(43)) - raft.server.log.queue.element-limit = 1024 (custom)
2019-09-25 06:33:54,127 [pool-37-thread-1] INFO  server.RaftServerConfigKeys (ConfUtils.java:logGet(43)) - raft.server.log.segment.size.max = 1048576 (custom)
2019-09-25 06:33:54,127 [pool-37-thread-1] INFO  server.RaftServerConfigKeys (ConfUtils.java:logGet(43)) - raft.server.log.preallocated.size = 16384 (custom)
2019-09-25 06:33:54,128 [pool-37-thread-1] INFO  server.RaftServerConfigKeys (ConfUtils.java:logGet(43)) - raft.server.log.write.buffer.size = 33554432 (custom)
2019-09-25 06:33:54,128 [pool-37-thread-1] INFO  server.RaftServerConfigKeys (ConfUtils.java:logGet(43)) - raft.server.log.force.sync.num = 128 (default)
2019-09-25 06:33:54,128 [pool-37-thread-1] INFO  server.RaftServerConfigKeys (ConfUtils.java:logGet(43)) - raft.server.log.statemachine.data.sync = true (default)
2019-09-25 06:33:54,128 [pool-37-thread-1] INFO  server.RaftServerConfigKeys (ConfUtils.java:logGet(43)) - raft.server.log.statemachine.data.sync.timeout = 10s (default)
2019-09-25 06:33:54,128 [pool-37-thread-1] INFO  server.RaftServerConfigKeys (ConfUtils.java:logGet(43)) - raft.server.log.statemachine.data.sync.timeout.retry = -1 (default)
2019-09-25 06:33:54,129 [pool-37-thread-1] INFO  server.RaftServerConfigKeys (ConfUtils.java:logGet(43)) - raft.server.log.statemachine.data.caching.enabled = true (custom)
2019-09-25 06:33:54,129 [pool-37-thread-1] INFO  segmented.SegmentedRaftLogWorker (SegmentedRaftLogWorker.java:lambda$new$0(132)) - f9a1adb5-ac95-4f8b-8632-8bfce9a5ce16@group-574076A47EFF-SegmentedRaftLogWorker: flushIndex: setUnconditionally 0 -> -1
2019-09-25 06:33:54,129 [pool-37-thread-1] INFO  server.RaftServerConfigKeys (ConfUtils.java:logGet(43)) - raft.server.snapshot.auto.trigger.enabled = true (custom)
2019-09-25 06:33:54,129 [pool-37-thread-1] INFO  server.RaftServerConfigKeys (ConfUtils.java:logGet(43)) - raft.server.snapshot.auto.trigger.threshold = 10000 (custom)
2019-09-25 06:33:54,130 [pool-37-thread-1] INFO  server.RaftServerConfigKeys (ConfUtils.java:logGet(43)) - raft.server.snapshot.retention.num.files = 5 (custom)
2019-09-25 06:33:54,130 [pool-37-thread-1] INFO  server.RaftServerConfigKeys (ConfUtils.java:logGet(43)) - raft.server.retrycache.expirytime = 600000ms (custom)
2019-09-25 06:33:54,133 [pool-37-thread-1] INFO  impl.RaftServerImpl (RaftServerImpl.java:start(185)) - f9a1adb5-ac95-4f8b-8632-8bfce9a5ce16@group-574076A47EFF: start as a follower, conf=-1: [f9a1adb5-ac95-4f8b-8632-8bfce9a5ce16:192.168.164.207:36912], old=null
2019-09-25 06:33:54,133 [pool-37-thread-1] INFO  impl.RaftServerImpl (RaftServerImpl.java:setRole(174)) - f9a1adb5-ac95-4f8b-8632-8bfce9a5ce16@group-574076A47EFF: changes role from      null to FOLLOWER at term 0 for startAsFollower
2019-09-25 06:33:54,133 [pool-37-thread-1] INFO  impl.RoleInfo (RoleInfo.java:updateAndGet(143)) - f9a1adb5-ac95-4f8b-8632-8bfce9a5ce16: start FollowerState
2019-09-25 06:33:54,133 [pool-37-thread-1] INFO  util.JmxRegister (JmxRegister.java:tryRegister(44)) - Successfully registered JMX Bean with object name Ratis:service=RaftServer,group=group-574076A47EFF,id=f9a1adb5-ac95-4f8b-8632-8bfce9a5ce16
2019-09-25 06:33:54,139 [RatisPipelineUtilsThread] INFO  pipeline.PipelineStateManager (PipelineStateManager.java:addPipeline(56)) - Created pipeline Pipeline[ Id: a48f1489-4847-40a6-ac21-574076a47eff, Nodes: f9a1adb5-ac95-4f8b-8632-8bfce9a5ce16{ip: 192.168.164.207, host: pr-hdds-1569-s44lr-3492059363, networkLocation: /default-rack, certSerialId: null}, Type:RATIS, Factor:ONE, State:OPEN]
2019-09-25 06:33:54,150 [grpc-default-executor-0] INFO  impl.RaftServerProxy (RaftServerProxy.java:addNew(89)) - 59047a66-3178-4e61-9c82-892aa22a5b81: addNew group-B859B4EADA08:[59047a66-3178-4e61-9c82-892aa22a5b81:192.168.164.207:38018] returns group-B859B4EADA08:java.util.concurrent.CompletableFuture@e1e0c7d[Not completed]
2019-09-25 06:33:54,151 [pool-47-thread-1] INFO  impl.RaftServerImpl (RaftServerImpl.java:<init>(95)) - 59047a66-3178-4e61-9c82-892aa22a5b81: new RaftServerImpl for group-B859B4EADA08:[59047a66-3178-4e61-9c82-892aa22a5b81:192.168.164.207:38018] with ContainerStateMachine:uninitialized
2019-09-25 06:33:54,151 [pool-47-thread-1] INFO  server.RaftServerConfigKeys (ConfUtils.java:logGet(43)) - raft.server.rpc.timeout.min = 5s (custom)
2019-09-25 06:33:54,151 [pool-47-thread-1] INFO  server.RaftServerConfigKeys (ConfUtils.java:logGet(43)) - raft.server.rpc.timeout.max = 5200ms (custom)
2019-09-25 06:33:54,151 [pool-47-thread-1] INFO  server.RaftServerConfigKeys (ConfUtils.java:logGet(43)) - raft.server.rpcslowness.timeout = 120s (custom)
2019-09-25 06:33:54,151 [pool-47-thread-1] INFO  server.RaftServerConfigKeys (ConfUtils.java:logGet(43)) - raft.server.sleep.deviation.threshold = 300 (default)
2019-09-25 06:33:54,152 [pool-47-thread-1] INFO  server.RaftServerConfigKeys (ConfUtils.java:logGet(43)) - raft.server.log.appender.install.snapshot.enabled = false (custom)
2019-09-25 06:33:54,152 [pool-47-thread-1] INFO  impl.RaftServerImpl (ServerState.java:<init>(103)) - 59047a66-3178-4e61-9c82-892aa22a5b81@group-B859B4EADA08: ConfigurationManager, init=-1: [59047a66-3178-4e61-9c82-892aa22a5b81:192.168.164.207:38018], old=null, confs=<EMPTY_MAP>
2019-09-25 06:33:54,152 [pool-47-thread-1] INFO  server.RaftServerConfigKeys (ConfUtils.java:logGet(43)) - raft.server.storage.dir = [/workdir/hadoop-ozone/ozonefs/target/test-dir/MiniOzoneClusterImpl-d97e1daa-6e0c-4900-b1c9-997de4e3459a/datanode-2/data/ratis] (custom)
2019-09-25 06:33:54,152 [pool-47-thread-1] INFO  storage.RaftStorageDirectory (RaftStorageDirectory.java:analyzeStorage(246)) - The storage directory /workdir/hadoop-ozone/ozonefs/target/test-dir/MiniOzoneClusterImpl-d97e1daa-6e0c-4900-b1c9-997de4e3459a/datanode-2/data/ratis/10177fac-0010-48e5-9638-b859b4eada08 does not exist. Creating ...
2019-09-25 06:33:54,165 [pool-47-thread-1] INFO  storage.RaftStorageDirectory (RaftStorageDirectory.java:tryLock(328)) - Lock on /workdir/hadoop-ozone/ozonefs/target/test-dir/MiniOzoneClusterImpl-d97e1daa-6e0c-4900-b1c9-997de4e3459a/datanode-2/data/ratis/10177fac-0010-48e5-9638-b859b4eada08/in_use.lock acquired by nodename 9063@pr-hdds-1569-s44lr-3492059363
2019-09-25 06:33:54,188 [pool-47-thread-1] INFO  storage.RaftStorage (RaftStorage.java:format(72)) - Storage directory /workdir/hadoop-ozone/ozonefs/target/test-dir/MiniOzoneClusterImpl-d97e1daa-6e0c-4900-b1c9-997de4e3459a/datanode-2/data/ratis/10177fac-0010-48e5-9638-b859b4eada08 has been successfully formatted.
2019-09-25 06:33:54,188 [pool-47-thread-1] INFO  ratis.ContainerStateMachine (ContainerStateMachine.java:loadSnapshot(230)) - group-B859B4EADA08: The snapshot info is null. Setting the last applied indexto:(t:0, i:~)
2019-09-25 06:33:54,189 [pool-47-thread-1] INFO  server.RaftServerConfigKeys (ConfUtils.java:logGet(43)) - raft.server.notification.no-leader.timeout = 120s (custom)
2019-09-25 06:33:54,189 [pool-47-thread-1] INFO  server.RaftServerConfigKeys (ConfUtils.java:logGet(43)) - raft.server.log.use.memory = false (default)
2019-09-25 06:33:54,189 [pool-47-thread-1] INFO  server.RaftServerConfigKeys (ConfUtils.java:logGet(43)) - raft.server.log.purge.gap = 1000000 (custom)
2019-09-25 06:33:54,189 [pool-47-thread-1] INFO  server.RaftServerConfigKeys (ConfUtils.java:logGet(43)) - raft.server.log.appender.buffer.byte-limit = 33554432 (custom)
2019-09-25 06:33:54,189 [pool-47-thread-1] INFO  server.RaftServerConfigKeys (ConfUtils.java:logGet(43)) - raft.server.log.segment.size.max = 1048576 (custom)
2019-09-25 06:33:54,189 [pool-47-thread-1] INFO  server.RaftServerConfigKeys (ConfUtils.java:logGet(43)) - raft.server.log.segment.cache.num.max = 2 (custom)
2019-09-25 06:33:54,189 [pool-47-thread-1] INFO  segmented.SegmentedRaftLogWorker (SegmentedRaftLogWorker.java:<init>(172)) - new 59047a66-3178-4e61-9c82-892aa22a5b81@group-B859B4EADA08-SegmentedRaftLogWorker for RaftStorage:Storage Directory /workdir/hadoop-ozone/ozonefs/target/test-dir/MiniOzoneClusterImpl-d97e1daa-6e0c-4900-b1c9-997de4e3459a/datanode-2/data/ratis/10177fac-0010-48e5-9638-b859b4eada08
2019-09-25 06:33:54,190 [pool-47-thread-1] INFO  server.RaftServerConfigKeys (ConfUtils.java:logGet(43)) - raft.server.log.queue.byte-limit = 2147483647 (custom)
2019-09-25 06:33:54,190 [pool-47-thread-1] INFO  server.RaftServerConfigKeys (ConfUtils.java:logGet(43)) - raft.server.log.queue.element-limit = 1024 (custom)
2019-09-25 06:33:54,190 [pool-47-thread-1] INFO  server.RaftServerConfigKeys (ConfUtils.java:logGet(43)) - raft.server.log.segment.size.max = 1048576 (custom)
2019-09-25 06:33:54,190 [pool-47-thread-1] INFO  server.RaftServerConfigKeys (ConfUtils.java:logGet(43)) - raft.server.log.preallocated.size = 16384 (custom)
2019-09-25 06:33:54,190 [pool-47-thread-1] INFO  server.RaftServerConfigKeys (ConfUtils.java:logGet(43)) - raft.server.log.write.buffer.size = 33554432 (custom)
2019-09-25 06:33:54,190 [pool-47-thread-1] INFO  server.RaftServerConfigKeys (ConfUtils.java:logGet(43)) - raft.server.log.force.sync.num = 128 (default)
2019-09-25 06:33:54,190 [pool-47-thread-1] INFO  server.RaftServerConfigKeys (ConfUtils.java:logGet(43)) - raft.server.log.statemachine.data.sync = true (default)
2019-09-25 06:33:54,191 [pool-47-thread-1] INFO  server.RaftServerConfigKeys (ConfUtils.java:logGet(43)) - raft.server.log.statemachine.data.sync.timeout = 10s (default)
2019-09-25 06:33:54,191 [pool-47-thread-1] INFO  server.RaftServerConfigKeys (ConfUtils.java:logGet(43)) - raft.server.log.statemachine.data.sync.timeout.retry = -1 (default)
2019-09-25 06:33:54,191 [pool-47-thread-1] INFO  server.RaftServerConfigKeys (ConfUtils.java:logGet(43)) - raft.server.log.statemachine.data.caching.enabled = true (custom)
2019-09-25 06:33:54,191 [pool-47-thread-1] INFO  segmented.SegmentedRaftLogWorker (SegmentedRaftLogWorker.java:lambda$new$0(132)) - 59047a66-3178-4e61-9c82-892aa22a5b81@group-B859B4EADA08-SegmentedRaftLogWorker: flushIndex: setUnconditionally 0 -> -1
2019-09-25 06:33:54,192 [pool-47-thread-1] INFO  server.RaftServerConfigKeys (ConfUtils.java:logGet(43)) - raft.server.snapshot.auto.trigger.enabled = true (custom)
2019-09-25 06:33:54,192 [pool-47-thread-1] INFO  server.RaftServerConfigKeys (ConfUtils.java:logGet(43)) - raft.server.snapshot.auto.trigger.threshold = 10000 (custom)
2019-09-25 06:33:54,192 [pool-47-thread-1] INFO  server.RaftServerConfigKeys (ConfUtils.java:logGet(43)) - raft.server.snapshot.retention.num.files = 5 (custom)
2019-09-25 06:33:54,192 [pool-47-thread-1] INFO  server.RaftServerConfigKeys (ConfUtils.java:logGet(43)) - raft.server.retrycache.expirytime = 600000ms (custom)
2019-09-25 06:33:54,194 [pool-47-thread-1] INFO  impl.RaftServerImpl (RaftServerImpl.java:start(185)) - 59047a66-3178-4e61-9c82-892aa22a5b81@group-B859B4EADA08: start as a follower, conf=-1: [59047a66-3178-4e61-9c82-892aa22a5b81:192.168.164.207:38018], old=null
2019-09-25 06:33:54,195 [pool-47-thread-1] INFO  impl.RaftServerImpl (RaftServerImpl.java:setRole(174)) - 59047a66-3178-4e61-9c82-892aa22a5b81@group-B859B4EADA08: changes role from      null to FOLLOWER at term 0 for startAsFollower
2019-09-25 06:33:54,195 [pool-47-thread-1] INFO  impl.RoleInfo (RoleInfo.java:updateAndGet(143)) - 59047a66-3178-4e61-9c82-892aa22a5b81: start FollowerState
2019-09-25 06:33:54,195 [pool-47-thread-1] INFO  util.JmxRegister (JmxRegister.java:tryRegister(44)) - Successfully registered JMX Bean with object name Ratis:service=RaftServer,group=group-B859B4EADA08,id=59047a66-3178-4e61-9c82-892aa22a5b81
2019-09-25 06:33:54,201 [RatisPipelineUtilsThread] INFO  pipeline.PipelineStateManager (PipelineStateManager.java:addPipeline(56)) - Created pipeline Pipeline[ Id: 10177fac-0010-48e5-9638-b859b4eada08, Nodes: 59047a66-3178-4e61-9c82-892aa22a5b81{ip: 192.168.164.207, host: pr-hdds-1569-s44lr-3492059363, networkLocation: /default-rack, certSerialId: null}, Type:RATIS, Factor:ONE, State:OPEN]
2019-09-25 06:33:54,202 [RatisPipelineUtilsThread] INFO  pipeline.PipelinePlacementPolicy (PipelinePlacementPolicy.java:meetCriteria(91)) - Pipeline Placement: can't place more pipeline on heavy datanode： 59047a66-3178-4e61-9c82-892aa22a5b81 Heaviness: 6 limit: 5
2019-09-25 06:33:54,212 [grpc-default-executor-0] INFO  impl.RaftServerProxy (RaftServerProxy.java:addNew(89)) - ada091b4-9675-42a7-afd4-5850bd9f4e78: addNew group-209C792F5FF5:[ada091b4-9675-42a7-afd4-5850bd9f4e78:192.168.164.207:35963] returns group-209C792F5FF5:java.util.concurrent.CompletableFuture@39e0b6da[Not completed]
2019-09-25 06:33:54,214 [pool-77-thread-1] INFO  impl.RaftServerImpl (RaftServerImpl.java:<init>(95)) - ada091b4-9675-42a7-afd4-5850bd9f4e78: new RaftServerImpl for group-209C792F5FF5:[ada091b4-9675-42a7-afd4-5850bd9f4e78:192.168.164.207:35963] with ContainerStateMachine:uninitialized
2019-09-25 06:33:54,214 [pool-77-thread-1] INFO  server.RaftServerConfigKeys (ConfUtils.java:logGet(43)) - raft.server.rpc.timeout.min = 5s (custom)
2019-09-25 06:33:54,215 [pool-77-thread-1] INFO  server.RaftServerConfigKeys (ConfUtils.java:logGet(43)) - raft.server.rpc.timeout.max = 5200ms (custom)
2019-09-25 06:33:54,215 [pool-77-thread-1] INFO  server.RaftServerConfigKeys (ConfUtils.java:logGet(43)) - raft.server.rpcslowness.timeout = 120s (custom)
2019-09-25 06:33:54,215 [pool-77-thread-1] INFO  server.RaftServerConfigKeys (ConfUtils.java:logGet(43)) - raft.server.sleep.deviation.threshold = 300 (default)
2019-09-25 06:33:54,215 [pool-77-thread-1] INFO  server.RaftServerConfigKeys (ConfUtils.java:logGet(43)) - raft.server.log.appender.install.snapshot.enabled = false (custom)
2019-09-25 06:33:54,215 [pool-77-thread-1] INFO  impl.RaftServerImpl (ServerState.java:<init>(103)) - ada091b4-9675-42a7-afd4-5850bd9f4e78@group-209C792F5FF5: ConfigurationManager, init=-1: [ada091b4-9675-42a7-afd4-5850bd9f4e78:192.168.164.207:35963], old=null, confs=<EMPTY_MAP>
2019-09-25 06:33:54,215 [pool-77-thread-1] INFO  server.RaftServerConfigKeys (ConfUtils.java:logGet(43)) - raft.server.storage.dir = [/workdir/hadoop-ozone/ozonefs/target/test-dir/MiniOzoneClusterImpl-d97e1daa-6e0c-4900-b1c9-997de4e3459a/datanode-5/data/ratis] (custom)
2019-09-25 06:33:54,216 [pool-77-thread-1] INFO  storage.RaftStorageDirectory (RaftStorageDirectory.java:analyzeStorage(246)) - The storage directory /workdir/hadoop-ozone/ozonefs/target/test-dir/MiniOzoneClusterImpl-d97e1daa-6e0c-4900-b1c9-997de4e3459a/datanode-5/data/ratis/daa491b8-e108-44dc-af26-209c792f5ff5 does not exist. Creating ...
2019-09-25 06:33:54,230 [pool-77-thread-1] INFO  storage.RaftStorageDirectory (RaftStorageDirectory.java:tryLock(328)) - Lock on /workdir/hadoop-ozone/ozonefs/target/test-dir/MiniOzoneClusterImpl-d97e1daa-6e0c-4900-b1c9-997de4e3459a/datanode-5/data/ratis/daa491b8-e108-44dc-af26-209c792f5ff5/in_use.lock acquired by nodename 9063@pr-hdds-1569-s44lr-3492059363
2019-09-25 06:33:54,243 [pool-77-thread-1] INFO  storage.RaftStorage (RaftStorage.java:format(72)) - Storage directory /workdir/hadoop-ozone/ozonefs/target/test-dir/MiniOzoneClusterImpl-d97e1daa-6e0c-4900-b1c9-997de4e3459a/datanode-5/data/ratis/daa491b8-e108-44dc-af26-209c792f5ff5 has been successfully formatted.
2019-09-25 06:33:54,243 [pool-77-thread-1] INFO  ratis.ContainerStateMachine (ContainerStateMachine.java:loadSnapshot(230)) - group-209C792F5FF5: The snapshot info is null. Setting the last applied indexto:(t:0, i:~)
2019-09-25 06:33:54,244 [pool-77-thread-1] INFO  server.RaftServerConfigKeys (ConfUtils.java:logGet(43)) - raft.server.notification.no-leader.timeout = 120s (custom)
2019-09-25 06:33:54,244 [pool-77-thread-1] INFO  server.RaftServerConfigKeys (ConfUtils.java:logGet(43)) - raft.server.log.use.memory = false (default)
2019-09-25 06:33:54,244 [pool-77-thread-1] INFO  server.RaftServerConfigKeys (ConfUtils.java:logGet(43)) - raft.server.log.purge.gap = 1000000 (custom)
2019-09-25 06:33:54,244 [pool-77-thread-1] INFO  server.RaftServerConfigKeys (ConfUtils.java:logGet(43)) - raft.server.log.appender.buffer.byte-limit = 33554432 (custom)
2019-09-25 06:33:54,244 [pool-77-thread-1] INFO  server.RaftServerConfigKeys (ConfUtils.java:logGet(43)) - raft.server.log.segment.size.max = 1048576 (custom)
2019-09-25 06:33:54,245 [pool-77-thread-1] INFO  server.RaftServerConfigKeys (ConfUtils.java:logGet(43)) - raft.server.log.segment.cache.num.max = 2 (custom)
2019-09-25 06:33:54,245 [pool-77-thread-1] INFO  segmented.SegmentedRaftLogWorker (SegmentedRaftLogWorker.java:<init>(172)) - new ada091b4-9675-42a7-afd4-5850bd9f4e78@group-209C792F5FF5-SegmentedRaftLogWorker for RaftStorage:Storage Directory /workdir/hadoop-ozone/ozonefs/target/test-dir/MiniOzoneClusterImpl-d97e1daa-6e0c-4900-b1c9-997de4e3459a/datanode-5/data/ratis/daa491b8-e108-44dc-af26-209c792f5ff5
2019-09-25 06:33:54,245 [pool-77-thread-1] INFO  server.RaftServerConfigKeys (ConfUtils.java:logGet(43)) - raft.server.log.queue.byte-limit = 2147483647 (custom)
2019-09-25 06:33:54,245 [pool-77-thread-1] INFO  server.RaftServerConfigKeys (ConfUtils.java:logGet(43)) - raft.server.log.queue.element-limit = 1024 (custom)
2019-09-25 06:33:54,245 [pool-77-thread-1] INFO  server.RaftServerConfigKeys (ConfUtils.java:logGet(43)) - raft.server.log.segment.size.max = 1048576 (custom)
2019-09-25 06:33:54,245 [pool-77-thread-1] INFO  server.RaftServerConfigKeys (ConfUtils.java:logGet(43)) - raft.server.log.preallocated.size = 16384 (custom)
2019-09-25 06:33:54,246 [pool-77-thread-1] INFO  server.RaftServerConfigKeys (ConfUtils.java:logGet(43)) - raft.server.log.write.buffer.size = 33554432 (custom)
2019-09-25 06:33:54,246 [pool-77-thread-1] INFO  server.RaftServerConfigKeys (ConfUtils.java:logGet(43)) - raft.server.log.force.sync.num = 128 (default)
2019-09-25 06:33:54,246 [pool-77-thread-1] INFO  server.RaftServerConfigKeys (ConfUtils.java:logGet(43)) - raft.server.log.statemachine.data.sync = true (default)
2019-09-25 06:33:54,246 [pool-77-thread-1] INFO  server.RaftServerConfigKeys (ConfUtils.java:logGet(43)) - raft.server.log.statemachine.data.sync.timeout = 10s (default)
2019-09-25 06:33:54,246 [pool-77-thread-1] INFO  server.RaftServerConfigKeys (ConfUtils.java:logGet(43)) - raft.server.log.statemachine.data.sync.timeout.retry = -1 (default)
2019-09-25 06:33:54,247 [pool-77-thread-1] INFO  server.RaftServerConfigKeys (ConfUtils.java:logGet(43)) - raft.server.log.statemachine.data.caching.enabled = true (custom)
2019-09-25 06:33:54,247 [pool-77-thread-1] INFO  segmented.SegmentedRaftLogWorker (SegmentedRaftLogWorker.java:lambda$new$0(132)) - ada091b4-9675-42a7-afd4-5850bd9f4e78@group-209C792F5FF5-SegmentedRaftLogWorker: flushIndex: setUnconditionally 0 -> -1
2019-09-25 06:33:54,247 [pool-77-thread-1] INFO  server.RaftServerConfigKeys (ConfUtils.java:logGet(43)) - raft.server.snapshot.auto.trigger.enabled = true (custom)
2019-09-25 06:33:54,247 [pool-77-thread-1] INFO  server.RaftServerConfigKeys (ConfUtils.java:logGet(43)) - raft.server.snapshot.auto.trigger.threshold = 10000 (custom)
2019-09-25 06:33:54,248 [pool-77-thread-1] INFO  server.RaftServerConfigKeys (ConfUtils.java:logGet(43)) - raft.server.snapshot.retention.num.files = 5 (custom)
2019-09-25 06:33:54,248 [pool-77-thread-1] INFO  server.RaftServerConfigKeys (ConfUtils.java:logGet(43)) - raft.server.retrycache.expirytime = 600000ms (custom)
2019-09-25 06:33:54,251 [pool-77-thread-1] INFO  impl.RaftServerImpl (RaftServerImpl.java:start(185)) - ada091b4-9675-42a7-afd4-5850bd9f4e78@group-209C792F5FF5: start as a follower, conf=-1: [ada091b4-9675-42a7-afd4-5850bd9f4e78:192.168.164.207:35963], old=null
2019-09-25 06:33:54,251 [pool-77-thread-1] INFO  impl.RaftServerImpl (RaftServerImpl.java:setRole(174)) - ada091b4-9675-42a7-afd4-5850bd9f4e78@group-209C792F5FF5: changes role from      null to FOLLOWER at term 0 for startAsFollower
2019-09-25 06:33:54,251 [pool-77-thread-1] INFO  impl.RoleInfo (RoleInfo.java:updateAndGet(143)) - ada091b4-9675-42a7-afd4-5850bd9f4e78: start FollowerState
2019-09-25 06:33:54,252 [pool-77-thread-1] INFO  util.JmxRegister (JmxRegister.java:tryRegister(44)) - Successfully registered JMX Bean with object name Ratis:service=RaftServer,group=group-209C792F5FF5,id=ada091b4-9675-42a7-afd4-5850bd9f4e78
2019-09-25 06:33:54,258 [RatisPipelineUtilsThread] INFO  pipeline.PipelineStateManager (PipelineStateManager.java:addPipeline(56)) - Created pipeline Pipeline[ Id: daa491b8-e108-44dc-af26-209c792f5ff5, Nodes: ada091b4-9675-42a7-afd4-5850bd9f4e78{ip: 192.168.164.207, host: pr-hdds-1569-s44lr-3492059363, networkLocation: /default-rack, certSerialId: null}, Type:RATIS, Factor:ONE, State:OPEN]
2019-09-25 06:33:54,258 [RatisPipelineUtilsThread] INFO  pipeline.PipelinePlacementPolicy (PipelinePlacementPolicy.java:meetCriteria(91)) - Pipeline Placement: can't place more pipeline on heavy datanode： 59047a66-3178-4e61-9c82-892aa22a5b81 Heaviness: 6 limit: 5
2019-09-25 06:33:54,268 [grpc-default-executor-0] INFO  impl.RaftServerProxy (RaftServerProxy.java:addNew(89)) - f9a1adb5-ac95-4f8b-8632-8bfce9a5ce16: addNew group-6643F46BE229:[f9a1adb5-ac95-4f8b-8632-8bfce9a5ce16:192.168.164.207:36912] returns group-6643F46BE229:java.util.concurrent.CompletableFuture@353a872b[Not completed]
2019-09-25 06:33:54,269 [pool-37-thread-1] INFO  impl.RaftServerImpl (RaftServerImpl.java:<init>(95)) - f9a1adb5-ac95-4f8b-8632-8bfce9a5ce16: new RaftServerImpl for group-6643F46BE229:[f9a1adb5-ac95-4f8b-8632-8bfce9a5ce16:192.168.164.207:36912] with ContainerStateMachine:uninitialized
2019-09-25 06:33:54,269 [pool-37-thread-1] INFO  server.RaftServerConfigKeys (ConfUtils.java:logGet(43)) - raft.server.rpc.timeout.min = 5s (custom)
2019-09-25 06:33:54,269 [pool-37-thread-1] INFO  server.RaftServerConfigKeys (ConfUtils.java:logGet(43)) - raft.server.rpc.timeout.max = 5200ms (custom)
2019-09-25 06:33:54,269 [pool-37-thread-1] INFO  server.RaftServerConfigKeys (ConfUtils.java:logGet(43)) - raft.server.rpcslowness.timeout = 120s (custom)
2019-09-25 06:33:54,269 [pool-37-thread-1] INFO  server.RaftServerConfigKeys (ConfUtils.java:logGet(43)) - raft.server.sleep.deviation.threshold = 300 (default)
2019-09-25 06:33:54,269 [pool-37-thread-1] INFO  server.RaftServerConfigKeys (ConfUtils.java:logGet(43)) - raft.server.log.appender.install.snapshot.enabled = false (custom)
2019-09-25 06:33:54,270 [pool-37-thread-1] INFO  impl.RaftServerImpl (ServerState.java:<init>(103)) - f9a1adb5-ac95-4f8b-8632-8bfce9a5ce16@group-6643F46BE229: ConfigurationManager, init=-1: [f9a1adb5-ac95-4f8b-8632-8bfce9a5ce16:192.168.164.207:36912], old=null, confs=<EMPTY_MAP>
2019-09-25 06:33:54,270 [pool-37-thread-1] INFO  server.RaftServerConfigKeys (ConfUtils.java:logGet(43)) - raft.server.storage.dir = [/workdir/hadoop-ozone/ozonefs/target/test-dir/MiniOzoneClusterImpl-d97e1daa-6e0c-4900-b1c9-997de4e3459a/datanode-1/data/ratis] (custom)
2019-09-25 06:33:54,270 [pool-37-thread-1] INFO  storage.RaftStorageDirectory (RaftStorageDirectory.java:analyzeStorage(246)) - The storage directory /workdir/hadoop-ozone/ozonefs/target/test-dir/MiniOzoneClusterImpl-d97e1daa-6e0c-4900-b1c9-997de4e3459a/datanode-1/data/ratis/b69099cb-2912-43b1-a377-6643f46be229 does not exist. Creating ...
2019-09-25 06:33:54,282 [pool-37-thread-1] INFO  storage.RaftStorageDirectory (RaftStorageDirectory.java:tryLock(328)) - Lock on /workdir/hadoop-ozone/ozonefs/target/test-dir/MiniOzoneClusterImpl-d97e1daa-6e0c-4900-b1c9-997de4e3459a/datanode-1/data/ratis/b69099cb-2912-43b1-a377-6643f46be229/in_use.lock acquired by nodename 9063@pr-hdds-1569-s44lr-3492059363
2019-09-25 06:33:54,295 [pool-37-thread-1] INFO  storage.RaftStorage (RaftStorage.java:format(72)) - Storage directory /workdir/hadoop-ozone/ozonefs/target/test-dir/MiniOzoneClusterImpl-d97e1daa-6e0c-4900-b1c9-997de4e3459a/datanode-1/data/ratis/b69099cb-2912-43b1-a377-6643f46be229 has been successfully formatted.
2019-09-25 06:33:54,295 [pool-37-thread-1] INFO  ratis.ContainerStateMachine (ContainerStateMachine.java:loadSnapshot(230)) - group-6643F46BE229: The snapshot info is null. Setting the last applied indexto:(t:0, i:~)
2019-09-25 06:33:54,296 [pool-37-thread-1] INFO  server.RaftServerConfigKeys (ConfUtils.java:logGet(43)) - raft.server.notification.no-leader.timeout = 120s (custom)
2019-09-25 06:33:54,296 [pool-37-thread-1] INFO  server.RaftServerConfigKeys (ConfUtils.java:logGet(43)) - raft.server.log.use.memory = false (default)
2019-09-25 06:33:54,296 [pool-37-thread-1] INFO  server.RaftServerConfigKeys (ConfUtils.java:logGet(43)) - raft.server.log.purge.gap = 1000000 (custom)
2019-09-25 06:33:54,296 [pool-37-thread-1] INFO  server.RaftServerConfigKeys (ConfUtils.java:logGet(43)) - raft.server.log.appender.buffer.byte-limit = 33554432 (custom)
2019-09-25 06:33:54,296 [pool-37-thread-1] INFO  server.RaftServerConfigKeys (ConfUtils.java:logGet(43)) - raft.server.log.segment.size.max = 1048576 (custom)
2019-09-25 06:33:54,296 [pool-37-thread-1] INFO  server.RaftServerConfigKeys (ConfUtils.java:logGet(43)) - raft.server.log.segment.cache.num.max = 2 (custom)
2019-09-25 06:33:54,296 [pool-37-thread-1] INFO  segmented.SegmentedRaftLogWorker (SegmentedRaftLogWorker.java:<init>(172)) - new f9a1adb5-ac95-4f8b-8632-8bfce9a5ce16@group-6643F46BE229-SegmentedRaftLogWorker for RaftStorage:Storage Directory /workdir/hadoop-ozone/ozonefs/target/test-dir/MiniOzoneClusterImpl-d97e1daa-6e0c-4900-b1c9-997de4e3459a/datanode-1/data/ratis/b69099cb-2912-43b1-a377-6643f46be229
2019-09-25 06:33:54,296 [pool-37-thread-1] INFO  server.RaftServerConfigKeys (ConfUtils.java:logGet(43)) - raft.server.log.queue.byte-limit = 2147483647 (custom)
2019-09-25 06:33:54,297 [pool-37-thread-1] INFO  server.RaftServerConfigKeys (ConfUtils.java:logGet(43)) - raft.server.log.queue.element-limit = 1024 (custom)
2019-09-25 06:33:54,297 [pool-37-thread-1] INFO  server.RaftServerConfigKeys (ConfUtils.java:logGet(43)) - raft.server.log.segment.size.max = 1048576 (custom)
2019-09-25 06:33:54,297 [pool-37-thread-1] INFO  server.RaftServerConfigKeys (ConfUtils.java:logGet(43)) - raft.server.log.preallocated.size = 16384 (custom)
2019-09-25 06:33:54,297 [pool-37-thread-1] INFO  server.RaftServerConfigKeys (ConfUtils.java:logGet(43)) - raft.server.log.write.buffer.size = 33554432 (custom)
2019-09-25 06:33:54,297 [pool-37-thread-1] INFO  server.RaftServerConfigKeys (ConfUtils.java:logGet(43)) - raft.server.log.force.sync.num = 128 (default)
2019-09-25 06:33:54,297 [pool-37-thread-1] INFO  server.RaftServerConfigKeys (ConfUtils.java:logGet(43)) - raft.server.log.statemachine.data.sync = true (default)
2019-09-25 06:33:54,297 [pool-37-thread-1] INFO  server.RaftServerConfigKeys (ConfUtils.java:logGet(43)) - raft.server.log.statemachine.data.sync.timeout = 10s (default)
2019-09-25 06:33:54,297 [pool-37-thread-1] INFO  server.RaftServerConfigKeys (ConfUtils.java:logGet(43)) - raft.server.log.statemachine.data.sync.timeout.retry = -1 (default)
2019-09-25 06:33:54,298 [pool-37-thread-1] INFO  server.RaftServerConfigKeys (ConfUtils.java:logGet(43)) - raft.server.log.statemachine.data.caching.enabled = true (custom)
2019-09-25 06:33:54,298 [pool-37-thread-1] INFO  segmented.SegmentedRaftLogWorker (SegmentedRaftLogWorker.java:lambda$new$0(132)) - f9a1adb5-ac95-4f8b-8632-8bfce9a5ce16@group-6643F46BE229-SegmentedRaftLogWorker: flushIndex: setUnconditionally 0 -> -1
2019-09-25 06:33:54,298 [pool-37-thread-1] INFO  server.RaftServerConfigKeys (ConfUtils.java:logGet(43)) - raft.server.snapshot.auto.trigger.enabled = true (custom)
2019-09-25 06:33:54,298 [pool-37-thread-1] INFO  server.RaftServerConfigKeys (ConfUtils.java:logGet(43)) - raft.server.snapshot.auto.trigger.threshold = 10000 (custom)
2019-09-25 06:33:54,298 [pool-37-thread-1] INFO  server.RaftServerConfigKeys (ConfUtils.java:logGet(43)) - raft.server.snapshot.retention.num.files = 5 (custom)
2019-09-25 06:33:54,298 [pool-37-thread-1] INFO  server.RaftServerConfigKeys (ConfUtils.java:logGet(43)) - raft.server.retrycache.expirytime = 600000ms (custom)
2019-09-25 06:33:54,300 [pool-37-thread-1] INFO  impl.RaftServerImpl (RaftServerImpl.java:start(185)) - f9a1adb5-ac95-4f8b-8632-8bfce9a5ce16@group-6643F46BE229: start as a follower, conf=-1: [f9a1adb5-ac95-4f8b-8632-8bfce9a5ce16:192.168.164.207:36912], old=null
2019-09-25 06:33:54,301 [pool-37-thread-1] INFO  impl.RaftServerImpl (RaftServerImpl.java:setRole(174)) - f9a1adb5-ac95-4f8b-8632-8bfce9a5ce16@group-6643F46BE229: changes role from      null to FOLLOWER at term 0 for startAsFollower
2019-09-25 06:33:54,301 [pool-37-thread-1] INFO  impl.RoleInfo (RoleInfo.java:updateAndGet(143)) - f9a1adb5-ac95-4f8b-8632-8bfce9a5ce16: start FollowerState
2019-09-25 06:33:54,301 [pool-37-thread-1] INFO  util.JmxRegister (JmxRegister.java:tryRegister(44)) - Successfully registered JMX Bean with object name Ratis:service=RaftServer,group=group-6643F46BE229,id=f9a1adb5-ac95-4f8b-8632-8bfce9a5ce16
2019-09-25 06:33:54,307 [RatisPipelineUtilsThread] INFO  pipeline.PipelineStateManager (PipelineStateManager.java:addPipeline(56)) - Created pipeline Pipeline[ Id: b69099cb-2912-43b1-a377-6643f46be229, Nodes: f9a1adb5-ac95-4f8b-8632-8bfce9a5ce16{ip: 192.168.164.207, host: pr-hdds-1569-s44lr-3492059363, networkLocation: /default-rack, certSerialId: null}, Type:RATIS, Factor:ONE, State:OPEN]
2019-09-25 06:33:54,307 [RatisPipelineUtilsThread] INFO  pipeline.PipelinePlacementPolicy (PipelinePlacementPolicy.java:meetCriteria(91)) - Pipeline Placement: can't place more pipeline on heavy datanode： f9a1adb5-ac95-4f8b-8632-8bfce9a5ce16 Heaviness: 6 limit: 5
2019-09-25 06:33:54,307 [RatisPipelineUtilsThread] INFO  pipeline.PipelinePlacementPolicy (PipelinePlacementPolicy.java:meetCriteria(91)) - Pipeline Placement: can't place more pipeline on heavy datanode： 59047a66-3178-4e61-9c82-892aa22a5b81 Heaviness: 6 limit: 5
2019-09-25 06:33:54,315 [grpc-default-executor-0] INFO  impl.RaftServerProxy (RaftServerProxy.java:addNew(89)) - 9f1e8130-5807-4ed4-a5b5-273b79efb982: addNew group-6F9D63031104:[9f1e8130-5807-4ed4-a5b5-273b79efb982:192.168.164.207:40481] returns group-6F9D63031104:java.util.concurrent.CompletableFuture@4cb5fd9[Not completed]
2019-09-25 06:33:54,316 [pool-117-thread-1] INFO  impl.RaftServerImpl (RaftServerImpl.java:<init>(95)) - 9f1e8130-5807-4ed4-a5b5-273b79efb982: new RaftServerImpl for group-6F9D63031104:[9f1e8130-5807-4ed4-a5b5-273b79efb982:192.168.164.207:40481] with ContainerStateMachine:uninitialized
2019-09-25 06:33:54,316 [pool-117-thread-1] INFO  server.RaftServerConfigKeys (ConfUtils.java:logGet(43)) - raft.server.rpc.timeout.min = 5s (custom)
2019-09-25 06:33:54,316 [pool-117-thread-1] INFO  server.RaftServerConfigKeys (ConfUtils.java:logGet(43)) - raft.server.rpc.timeout.max = 5200ms (custom)
2019-09-25 06:33:54,316 [pool-117-thread-1] INFO  server.RaftServerConfigKeys (ConfUtils.java:logGet(43)) - raft.server.rpcslowness.timeout = 120s (custom)
2019-09-25 06:33:54,317 [pool-117-thread-1] INFO  server.RaftServerConfigKeys (ConfUtils.java:logGet(43)) - raft.server.sleep.deviation.threshold = 300 (default)
2019-09-25 06:33:54,317 [pool-117-thread-1] INFO  server.RaftServerConfigKeys (ConfUtils.java:logGet(43)) - raft.server.log.appender.install.snapshot.enabled = false (custom)
2019-09-25 06:33:54,317 [pool-117-thread-1] INFO  impl.RaftServerImpl (ServerState.java:<init>(103)) - 9f1e8130-5807-4ed4-a5b5-273b79efb982@group-6F9D63031104: ConfigurationManager, init=-1: [9f1e8130-5807-4ed4-a5b5-273b79efb982:192.168.164.207:40481], old=null, confs=<EMPTY_MAP>
2019-09-25 06:33:54,317 [pool-117-thread-1] INFO  server.RaftServerConfigKeys (ConfUtils.java:logGet(43)) - raft.server.storage.dir = [/workdir/hadoop-ozone/ozonefs/target/test-dir/MiniOzoneClusterImpl-d97e1daa-6e0c-4900-b1c9-997de4e3459a/datanode-9/data/ratis] (custom)
2019-09-25 06:33:54,317 [pool-117-thread-1] INFO  storage.RaftStorageDirectory (RaftStorageDirectory.java:analyzeStorage(246)) - The storage directory /workdir/hadoop-ozone/ozonefs/target/test-dir/MiniOzoneClusterImpl-d97e1daa-6e0c-4900-b1c9-997de4e3459a/datanode-9/data/ratis/fba7b37e-43dd-4edf-aa37-6f9d63031104 does not exist. Creating ...
2019-09-25 06:33:54,330 [pool-117-thread-1] INFO  storage.RaftStorageDirectory (RaftStorageDirectory.java:tryLock(328)) - Lock on /workdir/hadoop-ozone/ozonefs/target/test-dir/MiniOzoneClusterImpl-d97e1daa-6e0c-4900-b1c9-997de4e3459a/datanode-9/data/ratis/fba7b37e-43dd-4edf-aa37-6f9d63031104/in_use.lock acquired by nodename 9063@pr-hdds-1569-s44lr-3492059363
2019-09-25 06:33:54,342 [pool-117-thread-1] INFO  storage.RaftStorage (RaftStorage.java:format(72)) - Storage directory /workdir/hadoop-ozone/ozonefs/target/test-dir/MiniOzoneClusterImpl-d97e1daa-6e0c-4900-b1c9-997de4e3459a/datanode-9/data/ratis/fba7b37e-43dd-4edf-aa37-6f9d63031104 has been successfully formatted.
2019-09-25 06:33:54,343 [pool-117-thread-1] INFO  ratis.ContainerStateMachine (ContainerStateMachine.java:loadSnapshot(230)) - group-6F9D63031104: The snapshot info is null. Setting the last applied indexto:(t:0, i:~)
2019-09-25 06:33:54,343 [pool-117-thread-1] INFO  server.RaftServerConfigKeys (ConfUtils.java:logGet(43)) - raft.server.notification.no-leader.timeout = 120s (custom)
2019-09-25 06:33:54,343 [pool-117-thread-1] INFO  server.RaftServerConfigKeys (ConfUtils.java:logGet(43)) - raft.server.log.use.memory = false (default)
2019-09-25 06:33:54,343 [pool-117-thread-1] INFO  server.RaftServerConfigKeys (ConfUtils.java:logGet(43)) - raft.server.log.purge.gap = 1000000 (custom)
2019-09-25 06:33:54,343 [pool-117-thread-1] INFO  server.RaftServerConfigKeys (ConfUtils.java:logGet(43)) - raft.server.log.appender.buffer.byte-limit = 33554432 (custom)
2019-09-25 06:33:54,343 [pool-117-thread-1] INFO  server.RaftServerConfigKeys (ConfUtils.java:logGet(43)) - raft.server.log.segment.size.max = 1048576 (custom)
2019-09-25 06:33:54,344 [pool-117-thread-1] INFO  server.RaftServerConfigKeys (ConfUtils.java:logGet(43)) - raft.server.log.segment.cache.num.max = 2 (custom)
2019-09-25 06:33:54,344 [pool-117-thread-1] INFO  segmented.SegmentedRaftLogWorker (SegmentedRaftLogWorker.java:<init>(172)) - new 9f1e8130-5807-4ed4-a5b5-273b79efb982@group-6F9D63031104-SegmentedRaftLogWorker for RaftStorage:Storage Directory /workdir/hadoop-ozone/ozonefs/target/test-dir/MiniOzoneClusterImpl-d97e1daa-6e0c-4900-b1c9-997de4e3459a/datanode-9/data/ratis/fba7b37e-43dd-4edf-aa37-6f9d63031104
2019-09-25 06:33:54,344 [pool-117-thread-1] INFO  server.RaftServerConfigKeys (ConfUtils.java:logGet(43)) - raft.server.log.queue.byte-limit = 2147483647 (custom)
2019-09-25 06:33:54,344 [pool-117-thread-1] INFO  server.RaftServerConfigKeys (ConfUtils.java:logGet(43)) - raft.server.log.queue.element-limit = 1024 (custom)
2019-09-25 06:33:54,344 [pool-117-thread-1] INFO  server.RaftServerConfigKeys (ConfUtils.java:logGet(43)) - raft.server.log.segment.size.max = 1048576 (custom)
2019-09-25 06:33:54,344 [pool-117-thread-1] INFO  server.RaftServerConfigKeys (ConfUtils.java:logGet(43)) - raft.server.log.preallocated.size = 16384 (custom)
2019-09-25 06:33:54,344 [pool-117-thread-1] INFO  server.RaftServerConfigKeys (ConfUtils.java:logGet(43)) - raft.server.log.write.buffer.size = 33554432 (custom)
2019-09-25 06:33:54,344 [pool-117-thread-1] INFO  server.RaftServerConfigKeys (ConfUtils.java:logGet(43)) - raft.server.log.force.sync.num = 128 (default)
2019-09-25 06:33:54,344 [pool-117-thread-1] INFO  server.RaftServerConfigKeys (ConfUtils.java:logGet(43)) - raft.server.log.statemachine.data.sync = true (default)
2019-09-25 06:33:54,344 [pool-117-thread-1] INFO  server.RaftServerConfigKeys (ConfUtils.java:logGet(43)) - raft.server.log.statemachine.data.sync.timeout = 10s (default)
2019-09-25 06:33:54,345 [pool-117-thread-1] INFO  server.RaftServerConfigKeys (ConfUtils.java:logGet(43)) - raft.server.log.statemachine.data.sync.timeout.retry = -1 (default)
2019-09-25 06:33:54,345 [pool-117-thread-1] INFO  server.RaftServerConfigKeys (ConfUtils.java:logGet(43)) - raft.server.log.statemachine.data.caching.enabled = true (custom)
2019-09-25 06:33:54,345 [pool-117-thread-1] INFO  segmented.SegmentedRaftLogWorker (SegmentedRaftLogWorker.java:lambda$new$0(132)) - 9f1e8130-5807-4ed4-a5b5-273b79efb982@group-6F9D63031104-SegmentedRaftLogWorker: flushIndex: setUnconditionally 0 -> -1
2019-09-25 06:33:54,345 [pool-117-thread-1] INFO  server.RaftServerConfigKeys (ConfUtils.java:logGet(43)) - raft.server.snapshot.auto.trigger.enabled = true (custom)
2019-09-25 06:33:54,345 [pool-117-thread-1] INFO  server.RaftServerConfigKeys (ConfUtils.java:logGet(43)) - raft.server.snapshot.auto.trigger.threshold = 10000 (custom)
2019-09-25 06:33:54,346 [pool-117-thread-1] INFO  server.RaftServerConfigKeys (ConfUtils.java:logGet(43)) - raft.server.snapshot.retention.num.files = 5 (custom)
2019-09-25 06:33:54,346 [pool-117-thread-1] INFO  server.RaftServerConfigKeys (ConfUtils.java:logGet(43)) - raft.server.retrycache.expirytime = 600000ms (custom)
2019-09-25 06:33:54,348 [pool-117-thread-1] INFO  impl.RaftServerImpl (RaftServerImpl.java:start(185)) - 9f1e8130-5807-4ed4-a5b5-273b79efb982@group-6F9D63031104: start as a follower, conf=-1: [9f1e8130-5807-4ed4-a5b5-273b79efb982:192.168.164.207:40481], old=null
2019-09-25 06:33:54,348 [pool-117-thread-1] INFO  impl.RaftServerImpl (RaftServerImpl.java:setRole(174)) - 9f1e8130-5807-4ed4-a5b5-273b79efb982@group-6F9D63031104: changes role from      null to FOLLOWER at term 0 for startAsFollower
2019-09-25 06:33:54,348 [pool-117-thread-1] INFO  impl.RoleInfo (RoleInfo.java:updateAndGet(143)) - 9f1e8130-5807-4ed4-a5b5-273b79efb982: start FollowerState
2019-09-25 06:33:54,348 [pool-117-thread-1] INFO  util.JmxRegister (JmxRegister.java:tryRegister(44)) - Successfully registered JMX Bean with object name Ratis:service=RaftServer,group=group-6F9D63031104,id=9f1e8130-5807-4ed4-a5b5-273b79efb982
2019-09-25 06:33:54,353 [RatisPipelineUtilsThread] INFO  pipeline.PipelineStateManager (PipelineStateManager.java:addPipeline(56)) - Created pipeline Pipeline[ Id: fba7b37e-43dd-4edf-aa37-6f9d63031104, Nodes: 9f1e8130-5807-4ed4-a5b5-273b79efb982{ip: 192.168.164.207, host: pr-hdds-1569-s44lr-3492059363, networkLocation: /default-rack, certSerialId: null}, Type:RATIS, Factor:ONE, State:OPEN]
2019-09-25 06:33:54,353 [RatisPipelineUtilsThread] INFO  pipeline.PipelinePlacementPolicy (PipelinePlacementPolicy.java:meetCriteria(91)) - Pipeline Placement: can't place more pipeline on heavy datanode： f9a1adb5-ac95-4f8b-8632-8bfce9a5ce16 Heaviness: 6 limit: 5
2019-09-25 06:33:54,353 [RatisPipelineUtilsThread] INFO  pipeline.PipelinePlacementPolicy (PipelinePlacementPolicy.java:meetCriteria(91)) - Pipeline Placement: can't place more pipeline on heavy datanode： 59047a66-3178-4e61-9c82-892aa22a5b81 Heaviness: 6 limit: 5
2019-09-25 06:33:54,362 [grpc-default-executor-0] INFO  impl.RaftServerProxy (RaftServerProxy.java:addNew(89)) - 9f1e8130-5807-4ed4-a5b5-273b79efb982: addNew group-524783405F08:[9f1e8130-5807-4ed4-a5b5-273b79efb982:192.168.164.207:40481] returns group-524783405F08:java.util.concurrent.CompletableFuture@662dab27[Not completed]
2019-09-25 06:33:54,363 [pool-117-thread-1] INFO  impl.RaftServerImpl (RaftServerImpl.java:<init>(95)) - 9f1e8130-5807-4ed4-a5b5-273b79efb982: new RaftServerImpl for group-524783405F08:[9f1e8130-5807-4ed4-a5b5-273b79efb982:192.168.164.207:40481] with ContainerStateMachine:uninitialized
2019-09-25 06:33:54,363 [pool-117-thread-1] INFO  server.RaftServerConfigKeys (ConfUtils.java:logGet(43)) - raft.server.rpc.timeout.min = 5s (custom)
2019-09-25 06:33:54,363 [pool-117-thread-1] INFO  server.RaftServerConfigKeys (ConfUtils.java:logGet(43)) - raft.server.rpc.timeout.max = 5200ms (custom)
2019-09-25 06:33:54,364 [pool-117-thread-1] INFO  server.RaftServerConfigKeys (ConfUtils.java:logGet(43)) - raft.server.rpcslowness.timeout = 120s (custom)
2019-09-25 06:33:54,364 [pool-117-thread-1] INFO  server.RaftServerConfigKeys (ConfUtils.java:logGet(43)) - raft.server.sleep.deviation.threshold = 300 (default)
2019-09-25 06:33:54,364 [pool-117-thread-1] INFO  server.RaftServerConfigKeys (ConfUtils.java:logGet(43)) - raft.server.log.appender.install.snapshot.enabled = false (custom)
2019-09-25 06:33:54,364 [pool-117-thread-1] INFO  impl.RaftServerImpl (ServerState.java:<init>(103)) - 9f1e8130-5807-4ed4-a5b5-273b79efb982@group-524783405F08: ConfigurationManager, init=-1: [9f1e8130-5807-4ed4-a5b5-273b79efb982:192.168.164.207:40481], old=null, confs=<EMPTY_MAP>
2019-09-25 06:33:54,364 [pool-117-thread-1] INFO  server.RaftServerConfigKeys (ConfUtils.java:logGet(43)) - raft.server.storage.dir = [/workdir/hadoop-ozone/ozonefs/target/test-dir/MiniOzoneClusterImpl-d97e1daa-6e0c-4900-b1c9-997de4e3459a/datanode-9/data/ratis] (custom)
2019-09-25 06:33:54,365 [pool-117-thread-1] INFO  storage.RaftStorageDirectory (RaftStorageDirectory.java:analyzeStorage(246)) - The storage directory /workdir/hadoop-ozone/ozonefs/target/test-dir/MiniOzoneClusterImpl-d97e1daa-6e0c-4900-b1c9-997de4e3459a/datanode-9/data/ratis/cf1bcbd3-c06c-4d66-9c3d-524783405f08 does not exist. Creating ...
2019-09-25 06:33:54,377 [pool-117-thread-1] INFO  storage.RaftStorageDirectory (RaftStorageDirectory.java:tryLock(328)) - Lock on /workdir/hadoop-ozone/ozonefs/target/test-dir/MiniOzoneClusterImpl-d97e1daa-6e0c-4900-b1c9-997de4e3459a/datanode-9/data/ratis/cf1bcbd3-c06c-4d66-9c3d-524783405f08/in_use.lock acquired by nodename 9063@pr-hdds-1569-s44lr-3492059363
2019-09-25 06:33:54,390 [pool-117-thread-1] INFO  storage.RaftStorage (RaftStorage.java:format(72)) - Storage directory /workdir/hadoop-ozone/ozonefs/target/test-dir/MiniOzoneClusterImpl-d97e1daa-6e0c-4900-b1c9-997de4e3459a/datanode-9/data/ratis/cf1bcbd3-c06c-4d66-9c3d-524783405f08 has been successfully formatted.
2019-09-25 06:33:54,390 [pool-117-thread-1] INFO  ratis.ContainerStateMachine (ContainerStateMachine.java:loadSnapshot(230)) - group-524783405F08: The snapshot info is null. Setting the last applied indexto:(t:0, i:~)
2019-09-25 06:33:54,391 [pool-117-thread-1] INFO  server.RaftServerConfigKeys (ConfUtils.java:logGet(43)) - raft.server.notification.no-leader.timeout = 120s (custom)
2019-09-25 06:33:54,391 [pool-117-thread-1] INFO  server.RaftServerConfigKeys (ConfUtils.java:logGet(43)) - raft.server.log.use.memory = false (default)
2019-09-25 06:33:54,391 [pool-117-thread-1] INFO  server.RaftServerConfigKeys (ConfUtils.java:logGet(43)) - raft.server.log.purge.gap = 1000000 (custom)
2019-09-25 06:33:54,391 [pool-117-thread-1] INFO  server.RaftServerConfigKeys (ConfUtils.java:logGet(43)) - raft.server.log.appender.buffer.byte-limit = 33554432 (custom)
2019-09-25 06:33:54,391 [pool-117-thread-1] INFO  server.RaftServerConfigKeys (ConfUtils.java:logGet(43)) - raft.server.log.segment.size.max = 1048576 (custom)
2019-09-25 06:33:54,391 [pool-117-thread-1] INFO  server.RaftServerConfigKeys (ConfUtils.java:logGet(43)) - raft.server.log.segment.cache.num.max = 2 (custom)
2019-09-25 06:33:54,391 [pool-117-thread-1] INFO  segmented.SegmentedRaftLogWorker (SegmentedRaftLogWorker.java:<init>(172)) - new 9f1e8130-5807-4ed4-a5b5-273b79efb982@group-524783405F08-SegmentedRaftLogWorker for RaftStorage:Storage Directory /workdir/hadoop-ozone/ozonefs/target/test-dir/MiniOzoneClusterImpl-d97e1daa-6e0c-4900-b1c9-997de4e3459a/datanode-9/data/ratis/cf1bcbd3-c06c-4d66-9c3d-524783405f08
2019-09-25 06:33:54,392 [pool-117-thread-1] INFO  server.RaftServerConfigKeys (ConfUtils.java:logGet(43)) - raft.server.log.queue.byte-limit = 2147483647 (custom)
2019-09-25 06:33:54,392 [pool-117-thread-1] INFO  server.RaftServerConfigKeys (ConfUtils.java:logGet(43)) - raft.server.log.queue.element-limit = 1024 (custom)
2019-09-25 06:33:54,392 [pool-117-thread-1] INFO  server.RaftServerConfigKeys (ConfUtils.java:logGet(43)) - raft.server.log.segment.size.max = 1048576 (custom)
2019-09-25 06:33:54,392 [pool-117-thread-1] INFO  server.RaftServerConfigKeys (ConfUtils.java:logGet(43)) - raft.server.log.preallocated.size = 16384 (custom)
2019-09-25 06:33:54,392 [pool-117-thread-1] INFO  server.RaftServerConfigKeys (ConfUtils.java:logGet(43)) - raft.server.log.write.buffer.size = 33554432 (custom)
2019-09-25 06:33:54,392 [pool-117-thread-1] INFO  server.RaftServerConfigKeys (ConfUtils.java:logGet(43)) - raft.server.log.force.sync.num = 128 (default)
2019-09-25 06:33:54,392 [pool-117-thread-1] INFO  server.RaftServerConfigKeys (ConfUtils.java:logGet(43)) - raft.server.log.statemachine.data.sync = true (default)
2019-09-25 06:33:54,393 [pool-117-thread-1] INFO  server.RaftServerConfigKeys (ConfUtils.java:logGet(43)) - raft.server.log.statemachine.data.sync.timeout = 10s (default)
2019-09-25 06:33:54,393 [pool-117-thread-1] INFO  server.RaftServerConfigKeys (ConfUtils.java:logGet(43)) - raft.server.log.statemachine.data.sync.timeout.retry = -1 (default)
2019-09-25 06:33:54,393 [pool-117-thread-1] INFO  server.RaftServerConfigKeys (ConfUtils.java:logGet(43)) - raft.server.log.statemachine.data.caching.enabled = true (custom)
2019-09-25 06:33:54,393 [pool-117-thread-1] INFO  segmented.SegmentedRaftLogWorker (SegmentedRaftLogWorker.java:lambda$new$0(132)) - 9f1e8130-5807-4ed4-a5b5-273b79efb982@group-524783405F08-SegmentedRaftLogWorker: flushIndex: setUnconditionally 0 -> -1
2019-09-25 06:33:54,394 [pool-117-thread-1] INFO  server.RaftServerConfigKeys (ConfUtils.java:logGet(43)) - raft.server.snapshot.auto.trigger.enabled = true (custom)
2019-09-25 06:33:54,394 [pool-117-thread-1] INFO  server.RaftServerConfigKeys (ConfUtils.java:logGet(43)) - raft.server.snapshot.auto.trigger.threshold = 10000 (custom)
2019-09-25 06:33:54,394 [pool-117-thread-1] INFO  server.RaftServerConfigKeys (ConfUtils.java:logGet(43)) - raft.server.snapshot.retention.num.files = 5 (custom)
2019-09-25 06:33:54,394 [pool-117-thread-1] INFO  server.RaftServerConfigKeys (ConfUtils.java:logGet(43)) - raft.server.retrycache.expirytime = 600000ms (custom)
2019-09-25 06:33:54,396 [pool-117-thread-1] INFO  impl.RaftServerImpl (RaftServerImpl.java:start(185)) - 9f1e8130-5807-4ed4-a5b5-273b79efb982@group-524783405F08: start as a follower, conf=-1: [9f1e8130-5807-4ed4-a5b5-273b79efb982:192.168.164.207:40481], old=null
2019-09-25 06:33:54,397 [pool-117-thread-1] INFO  impl.RaftServerImpl (RaftServerImpl.java:setRole(174)) - 9f1e8130-5807-4ed4-a5b5-273b79efb982@group-524783405F08: changes role from      null to FOLLOWER at term 0 for startAsFollower
2019-09-25 06:33:54,397 [pool-117-thread-1] INFO  impl.RoleInfo (RoleInfo.java:updateAndGet(143)) - 9f1e8130-5807-4ed4-a5b5-273b79efb982: start FollowerState
2019-09-25 06:33:54,397 [pool-117-thread-1] INFO  util.JmxRegister (JmxRegister.java:tryRegister(44)) - Successfully registered JMX Bean with object name Ratis:service=RaftServer,group=group-524783405F08,id=9f1e8130-5807-4ed4-a5b5-273b79efb982
2019-09-25 06:33:54,403 [RatisPipelineUtilsThread] INFO  pipeline.PipelineStateManager (PipelineStateManager.java:addPipeline(56)) - Created pipeline Pipeline[ Id: cf1bcbd3-c06c-4d66-9c3d-524783405f08, Nodes: 9f1e8130-5807-4ed4-a5b5-273b79efb982{ip: 192.168.164.207, host: pr-hdds-1569-s44lr-3492059363, networkLocation: /default-rack, certSerialId: null}, Type:RATIS, Factor:ONE, State:OPEN]
2019-09-25 06:33:54,403 [RatisPipelineUtilsThread] INFO  pipeline.PipelinePlacementPolicy (PipelinePlacementPolicy.java:meetCriteria(91)) - Pipeline Placement: can't place more pipeline on heavy datanode： f9a1adb5-ac95-4f8b-8632-8bfce9a5ce16 Heaviness: 6 limit: 5
2019-09-25 06:33:54,403 [RatisPipelineUtilsThread] INFO  pipeline.PipelinePlacementPolicy (PipelinePlacementPolicy.java:meetCriteria(91)) - Pipeline Placement: can't place more pipeline on heavy datanode： 59047a66-3178-4e61-9c82-892aa22a5b81 Heaviness: 6 limit: 5
2019-09-25 06:33:54,415 [grpc-default-executor-0] INFO  impl.RaftServerProxy (RaftServerProxy.java:addNew(89)) - ada091b4-9675-42a7-afd4-5850bd9f4e78: addNew group-AA114494D80C:[ada091b4-9675-42a7-afd4-5850bd9f4e78:192.168.164.207:35963] returns group-AA114494D80C:java.util.concurrent.CompletableFuture@b178d92[Not completed]
2019-09-25 06:33:54,416 [pool-77-thread-1] INFO  impl.RaftServerImpl (RaftServerImpl.java:<init>(95)) - ada091b4-9675-42a7-afd4-5850bd9f4e78: new RaftServerImpl for group-AA114494D80C:[ada091b4-9675-42a7-afd4-5850bd9f4e78:192.168.164.207:35963] with ContainerStateMachine:uninitialized
2019-09-25 06:33:54,416 [pool-77-thread-1] INFO  server.RaftServerConfigKeys (ConfUtils.java:logGet(43)) - raft.server.rpc.timeout.min = 5s (custom)
2019-09-25 06:33:54,416 [pool-77-thread-1] INFO  server.RaftServerConfigKeys (ConfUtils.java:logGet(43)) - raft.server.rpc.timeout.max = 5200ms (custom)
2019-09-25 06:33:54,417 [pool-77-thread-1] INFO  server.RaftServerConfigKeys (ConfUtils.java:logGet(43)) - raft.server.rpcslowness.timeout = 120s (custom)
2019-09-25 06:33:54,417 [pool-77-thread-1] INFO  server.RaftServerConfigKeys (ConfUtils.java:logGet(43)) - raft.server.sleep.deviation.threshold = 300 (default)
2019-09-25 06:33:54,417 [pool-77-thread-1] INFO  server.RaftServerConfigKeys (ConfUtils.java:logGet(43)) - raft.server.log.appender.install.snapshot.enabled = false (custom)
2019-09-25 06:33:54,417 [pool-77-thread-1] INFO  impl.RaftServerImpl (ServerState.java:<init>(103)) - ada091b4-9675-42a7-afd4-5850bd9f4e78@group-AA114494D80C: ConfigurationManager, init=-1: [ada091b4-9675-42a7-afd4-5850bd9f4e78:192.168.164.207:35963], old=null, confs=<EMPTY_MAP>
2019-09-25 06:33:54,417 [pool-77-thread-1] INFO  server.RaftServerConfigKeys (ConfUtils.java:logGet(43)) - raft.server.storage.dir = [/workdir/hadoop-ozone/ozonefs/target/test-dir/MiniOzoneClusterImpl-d97e1daa-6e0c-4900-b1c9-997de4e3459a/datanode-5/data/ratis] (custom)
2019-09-25 06:33:54,418 [pool-77-thread-1] INFO  storage.RaftStorageDirectory (RaftStorageDirectory.java:analyzeStorage(246)) - The storage directory /workdir/hadoop-ozone/ozonefs/target/test-dir/MiniOzoneClusterImpl-d97e1daa-6e0c-4900-b1c9-997de4e3459a/datanode-5/data/ratis/6201c140-bb18-4a89-90f5-aa114494d80c does not exist. Creating ...
2019-09-25 06:33:54,454 [pool-77-thread-1] INFO  storage.RaftStorageDirectory (RaftStorageDirectory.java:tryLock(328)) - Lock on /workdir/hadoop-ozone/ozonefs/target/test-dir/MiniOzoneClusterImpl-d97e1daa-6e0c-4900-b1c9-997de4e3459a/datanode-5/data/ratis/6201c140-bb18-4a89-90f5-aa114494d80c/in_use.lock acquired by nodename 9063@pr-hdds-1569-s44lr-3492059363
2019-09-25 06:33:54,468 [pool-77-thread-1] INFO  storage.RaftStorage (RaftStorage.java:format(72)) - Storage directory /workdir/hadoop-ozone/ozonefs/target/test-dir/MiniOzoneClusterImpl-d97e1daa-6e0c-4900-b1c9-997de4e3459a/datanode-5/data/ratis/6201c140-bb18-4a89-90f5-aa114494d80c has been successfully formatted.
2019-09-25 06:33:54,468 [pool-77-thread-1] INFO  ratis.ContainerStateMachine (ContainerStateMachine.java:loadSnapshot(230)) - group-AA114494D80C: The snapshot info is null. Setting the last applied indexto:(t:0, i:~)
2019-09-25 06:33:54,469 [pool-77-thread-1] INFO  server.RaftServerConfigKeys (ConfUtils.java:logGet(43)) - raft.server.notification.no-leader.timeout = 120s (custom)
2019-09-25 06:33:54,469 [pool-77-thread-1] INFO  server.RaftServerConfigKeys (ConfUtils.java:logGet(43)) - raft.server.log.use.memory = false (default)
2019-09-25 06:33:54,469 [pool-77-thread-1] INFO  server.RaftServerConfigKeys (ConfUtils.java:logGet(43)) - raft.server.log.purge.gap = 1000000 (custom)
2019-09-25 06:33:54,469 [pool-77-thread-1] INFO  server.RaftServerConfigKeys (ConfUtils.java:logGet(43)) - raft.server.log.appender.buffer.byte-limit = 33554432 (custom)
2019-09-25 06:33:54,470 [pool-77-thread-1] INFO  server.RaftServerConfigKeys (ConfUtils.java:logGet(43)) - raft.server.log.segment.size.max = 1048576 (custom)
2019-09-25 06:33:54,470 [pool-77-thread-1] INFO  server.RaftServerConfigKeys (ConfUtils.java:logGet(43)) - raft.server.log.segment.cache.num.max = 2 (custom)
2019-09-25 06:33:54,470 [pool-77-thread-1] INFO  segmented.SegmentedRaftLogWorker (SegmentedRaftLogWorker.java:<init>(172)) - new ada091b4-9675-42a7-afd4-5850bd9f4e78@group-AA114494D80C-SegmentedRaftLogWorker for RaftStorage:Storage Directory /workdir/hadoop-ozone/ozonefs/target/test-dir/MiniOzoneClusterImpl-d97e1daa-6e0c-4900-b1c9-997de4e3459a/datanode-5/data/ratis/6201c140-bb18-4a89-90f5-aa114494d80c
2019-09-25 06:33:54,470 [pool-77-thread-1] INFO  server.RaftServerConfigKeys (ConfUtils.java:logGet(43)) - raft.server.log.queue.byte-limit = 2147483647 (custom)
2019-09-25 06:33:54,470 [pool-77-thread-1] INFO  server.RaftServerConfigKeys (ConfUtils.java:logGet(43)) - raft.server.log.queue.element-limit = 1024 (custom)
2019-09-25 06:33:54,471 [pool-77-thread-1] INFO  server.RaftServerConfigKeys (ConfUtils.java:logGet(43)) - raft.server.log.segment.size.max = 1048576 (custom)
2019-09-25 06:33:54,471 [pool-77-thread-1] INFO  server.RaftServerConfigKeys (ConfUtils.java:logGet(43)) - raft.server.log.preallocated.size = 16384 (custom)
2019-09-25 06:33:54,471 [pool-77-thread-1] INFO  server.RaftServerConfigKeys (ConfUtils.java:logGet(43)) - raft.server.log.write.buffer.size = 33554432 (custom)
2019-09-25 06:33:54,471 [pool-77-thread-1] INFO  server.RaftServerConfigKeys (ConfUtils.java:logGet(43)) - raft.server.log.force.sync.num = 128 (default)
2019-09-25 06:33:54,471 [pool-77-thread-1] INFO  server.RaftServerConfigKeys (ConfUtils.java:logGet(43)) - raft.server.log.statemachine.data.sync = true (default)
2019-09-25 06:33:54,472 [pool-77-thread-1] INFO  server.RaftServerConfigKeys (ConfUtils.java:logGet(43)) - raft.server.log.statemachine.data.sync.timeout = 10s (default)
2019-09-25 06:33:54,472 [pool-77-thread-1] INFO  server.RaftServerConfigKeys (ConfUtils.java:logGet(43)) - raft.server.log.statemachine.data.sync.timeout.retry = -1 (default)
2019-09-25 06:33:54,472 [pool-77-thread-1] INFO  server.RaftServerConfigKeys (ConfUtils.java:logGet(43)) - raft.server.log.statemachine.data.caching.enabled = true (custom)
2019-09-25 06:33:54,472 [pool-77-thread-1] INFO  segmented.SegmentedRaftLogWorker (SegmentedRaftLogWorker.java:lambda$new$0(132)) - ada091b4-9675-42a7-afd4-5850bd9f4e78@group-AA114494D80C-SegmentedRaftLogWorker: flushIndex: setUnconditionally 0 -> -1
2019-09-25 06:33:54,473 [pool-77-thread-1] INFO  server.RaftServerConfigKeys (ConfUtils.java:logGet(43)) - raft.server.snapshot.auto.trigger.enabled = true (custom)
2019-09-25 06:33:54,473 [pool-77-thread-1] INFO  server.RaftServerConfigKeys (ConfUtils.java:logGet(43)) - raft.server.snapshot.auto.trigger.threshold = 10000 (custom)
2019-09-25 06:33:54,473 [pool-77-thread-1] INFO  server.RaftServerConfigKeys (ConfUtils.java:logGet(43)) - raft.server.snapshot.retention.num.files = 5 (custom)
2019-09-25 06:33:54,473 [pool-77-thread-1] INFO  server.RaftServerConfigKeys (ConfUtils.java:logGet(43)) - raft.server.retrycache.expirytime = 600000ms (custom)
2019-09-25 06:33:54,477 [pool-77-thread-1] INFO  impl.RaftServerImpl (RaftServerImpl.java:start(185)) - ada091b4-9675-42a7-afd4-5850bd9f4e78@group-AA114494D80C: start as a follower, conf=-1: [ada091b4-9675-42a7-afd4-5850bd9f4e78:192.168.164.207:35963], old=null
2019-09-25 06:33:54,477 [pool-77-thread-1] INFO  impl.RaftServerImpl (RaftServerImpl.java:setRole(174)) - ada091b4-9675-42a7-afd4-5850bd9f4e78@group-AA114494D80C: changes role from      null to FOLLOWER at term 0 for startAsFollower
2019-09-25 06:33:54,477 [pool-77-thread-1] INFO  impl.RoleInfo (RoleInfo.java:updateAndGet(143)) - ada091b4-9675-42a7-afd4-5850bd9f4e78: start FollowerState
2019-09-25 06:33:54,478 [pool-77-thread-1] INFO  util.JmxRegister (JmxRegister.java:tryRegister(44)) - Successfully registered JMX Bean with object name Ratis:service=RaftServer,group=group-AA114494D80C,id=ada091b4-9675-42a7-afd4-5850bd9f4e78
2019-09-25 06:33:54,484 [RatisPipelineUtilsThread] INFO  pipeline.PipelineStateManager (PipelineStateManager.java:addPipeline(56)) - Created pipeline Pipeline[ Id: 6201c140-bb18-4a89-90f5-aa114494d80c, Nodes: ada091b4-9675-42a7-afd4-5850bd9f4e78{ip: 192.168.164.207, host: pr-hdds-1569-s44lr-3492059363, networkLocation: /default-rack, certSerialId: null}, Type:RATIS, Factor:ONE, State:OPEN]
2019-09-25 06:33:54,484 [RatisPipelineUtilsThread] INFO  pipeline.PipelinePlacementPolicy (PipelinePlacementPolicy.java:meetCriteria(91)) - Pipeline Placement: can't place more pipeline on heavy datanode： f9a1adb5-ac95-4f8b-8632-8bfce9a5ce16 Heaviness: 6 limit: 5
2019-09-25 06:33:54,484 [RatisPipelineUtilsThread] INFO  pipeline.PipelinePlacementPolicy (PipelinePlacementPolicy.java:meetCriteria(91)) - Pipeline Placement: can't place more pipeline on heavy datanode： 59047a66-3178-4e61-9c82-892aa22a5b81 Heaviness: 6 limit: 5
2019-09-25 06:33:54,493 [grpc-default-executor-0] INFO  impl.RaftServerProxy (RaftServerProxy.java:addNew(89)) - f64f24cc-0a31-403c-8370-70bfbc60f804: addNew group-33429AF2912F:[f64f24cc-0a31-403c-8370-70bfbc60f804:192.168.164.207:40060] returns group-33429AF2912F:java.util.concurrent.CompletableFuture@7ce234aa[Not completed]
2019-09-25 06:33:54,495 [pool-57-thread-1] INFO  impl.RaftServerImpl (RaftServerImpl.java:<init>(95)) - f64f24cc-0a31-403c-8370-70bfbc60f804: new RaftServerImpl for group-33429AF2912F:[f64f24cc-0a31-403c-8370-70bfbc60f804:192.168.164.207:40060] with ContainerStateMachine:uninitialized
2019-09-25 06:33:54,495 [pool-57-thread-1] INFO  server.RaftServerConfigKeys (ConfUtils.java:logGet(43)) - raft.server.rpc.timeout.min = 5s (custom)
2019-09-25 06:33:54,495 [pool-57-thread-1] INFO  server.RaftServerConfigKeys (ConfUtils.java:logGet(43)) - raft.server.rpc.timeout.max = 5200ms (custom)
2019-09-25 06:33:54,495 [pool-57-thread-1] INFO  server.RaftServerConfigKeys (ConfUtils.java:logGet(43)) - raft.server.rpcslowness.timeout = 120s (custom)
2019-09-25 06:33:54,495 [pool-57-thread-1] INFO  server.RaftServerConfigKeys (ConfUtils.java:logGet(43)) - raft.server.sleep.deviation.threshold = 300 (default)
2019-09-25 06:33:54,495 [pool-57-thread-1] INFO  server.RaftServerConfigKeys (ConfUtils.java:logGet(43)) - raft.server.log.appender.install.snapshot.enabled = false (custom)
2019-09-25 06:33:54,495 [pool-57-thread-1] INFO  impl.RaftServerImpl (ServerState.java:<init>(103)) - f64f24cc-0a31-403c-8370-70bfbc60f804@group-33429AF2912F: ConfigurationManager, init=-1: [f64f24cc-0a31-403c-8370-70bfbc60f804:192.168.164.207:40060], old=null, confs=<EMPTY_MAP>
2019-09-25 06:33:54,496 [pool-57-thread-1] INFO  server.RaftServerConfigKeys (ConfUtils.java:logGet(43)) - raft.server.storage.dir = [/workdir/hadoop-ozone/ozonefs/target/test-dir/MiniOzoneClusterImpl-d97e1daa-6e0c-4900-b1c9-997de4e3459a/datanode-3/data/ratis] (custom)
2019-09-25 06:33:54,496 [pool-57-thread-1] INFO  storage.RaftStorageDirectory (RaftStorageDirectory.java:analyzeStorage(246)) - The storage directory /workdir/hadoop-ozone/ozonefs/target/test-dir/MiniOzoneClusterImpl-d97e1daa-6e0c-4900-b1c9-997de4e3459a/datanode-3/data/ratis/7b673f5c-ed35-4699-80e9-33429af2912f does not exist. Creating ...
2019-09-25 06:33:54,509 [pool-57-thread-1] INFO  storage.RaftStorageDirectory (RaftStorageDirectory.java:tryLock(328)) - Lock on /workdir/hadoop-ozone/ozonefs/target/test-dir/MiniOzoneClusterImpl-d97e1daa-6e0c-4900-b1c9-997de4e3459a/datanode-3/data/ratis/7b673f5c-ed35-4699-80e9-33429af2912f/in_use.lock acquired by nodename 9063@pr-hdds-1569-s44lr-3492059363
2019-09-25 06:33:54,524 [pool-57-thread-1] INFO  storage.RaftStorage (RaftStorage.java:format(72)) - Storage directory /workdir/hadoop-ozone/ozonefs/target/test-dir/MiniOzoneClusterImpl-d97e1daa-6e0c-4900-b1c9-997de4e3459a/datanode-3/data/ratis/7b673f5c-ed35-4699-80e9-33429af2912f has been successfully formatted.
2019-09-25 06:33:54,524 [pool-57-thread-1] INFO  ratis.ContainerStateMachine (ContainerStateMachine.java:loadSnapshot(230)) - group-33429AF2912F: The snapshot info is null. Setting the last applied indexto:(t:0, i:~)
2019-09-25 06:33:54,524 [pool-57-thread-1] INFO  server.RaftServerConfigKeys (ConfUtils.java:logGet(43)) - raft.server.notification.no-leader.timeout = 120s (custom)
2019-09-25 06:33:54,524 [pool-57-thread-1] INFO  server.RaftServerConfigKeys (ConfUtils.java:logGet(43)) - raft.server.log.use.memory = false (default)
2019-09-25 06:33:54,524 [pool-57-thread-1] INFO  server.RaftServerConfigKeys (ConfUtils.java:logGet(43)) - raft.server.log.purge.gap = 1000000 (custom)
2019-09-25 06:33:54,524 [pool-57-thread-1] INFO  server.RaftServerConfigKeys (ConfUtils.java:logGet(43)) - raft.server.log.appender.buffer.byte-limit = 33554432 (custom)
2019-09-25 06:33:54,525 [pool-57-thread-1] INFO  server.RaftServerConfigKeys (ConfUtils.java:logGet(43)) - raft.server.log.segment.size.max = 1048576 (custom)
2019-09-25 06:33:54,525 [pool-57-thread-1] INFO  server.RaftServerConfigKeys (ConfUtils.java:logGet(43)) - raft.server.log.segment.cache.num.max = 2 (custom)
2019-09-25 06:33:54,525 [pool-57-thread-1] INFO  segmented.SegmentedRaftLogWorker (SegmentedRaftLogWorker.java:<init>(172)) - new f64f24cc-0a31-403c-8370-70bfbc60f804@group-33429AF2912F-SegmentedRaftLogWorker for RaftStorage:Storage Directory /workdir/hadoop-ozone/ozonefs/target/test-dir/MiniOzoneClusterImpl-d97e1daa-6e0c-4900-b1c9-997de4e3459a/datanode-3/data/ratis/7b673f5c-ed35-4699-80e9-33429af2912f
2019-09-25 06:33:54,525 [pool-57-thread-1] INFO  server.RaftServerConfigKeys (ConfUtils.java:logGet(43)) - raft.server.log.queue.byte-limit = 2147483647 (custom)
2019-09-25 06:33:54,525 [pool-57-thread-1] INFO  server.RaftServerConfigKeys (ConfUtils.java:logGet(43)) - raft.server.log.queue.element-limit = 1024 (custom)
2019-09-25 06:33:54,525 [pool-57-thread-1] INFO  server.RaftServerConfigKeys (ConfUtils.java:logGet(43)) - raft.server.log.segment.size.max = 1048576 (custom)
2019-09-25 06:33:54,525 [pool-57-thread-1] INFO  server.RaftServerConfigKeys (ConfUtils.java:logGet(43)) - raft.server.log.preallocated.size = 16384 (custom)
2019-09-25 06:33:54,525 [pool-57-thread-1] INFO  server.RaftServerConfigKeys (ConfUtils.java:logGet(43)) - raft.server.log.write.buffer.size = 33554432 (custom)
2019-09-25 06:33:54,525 [pool-57-thread-1] INFO  server.RaftServerConfigKeys (ConfUtils.java:logGet(43)) - raft.server.log.force.sync.num = 128 (default)
2019-09-25 06:33:54,525 [pool-57-thread-1] INFO  server.RaftServerConfigKeys (ConfUtils.java:logGet(43)) - raft.server.log.statemachine.data.sync = true (default)
2019-09-25 06:33:54,526 [pool-57-thread-1] INFO  server.RaftServerConfigKeys (ConfUtils.java:logGet(43)) - raft.server.log.statemachine.data.sync.timeout = 10s (default)
2019-09-25 06:33:54,526 [pool-57-thread-1] INFO  server.RaftServerConfigKeys (ConfUtils.java:logGet(43)) - raft.server.log.statemachine.data.sync.timeout.retry = -1 (default)
2019-09-25 06:33:54,526 [pool-57-thread-1] INFO  server.RaftServerConfigKeys (ConfUtils.java:logGet(43)) - raft.server.log.statemachine.data.caching.enabled = true (custom)
2019-09-25 06:33:54,526 [pool-57-thread-1] INFO  segmented.SegmentedRaftLogWorker (SegmentedRaftLogWorker.java:lambda$new$0(132)) - f64f24cc-0a31-403c-8370-70bfbc60f804@group-33429AF2912F-SegmentedRaftLogWorker: flushIndex: setUnconditionally 0 -> -1
2019-09-25 06:33:54,526 [pool-57-thread-1] INFO  server.RaftServerConfigKeys (ConfUtils.java:logGet(43)) - raft.server.snapshot.auto.trigger.enabled = true (custom)
2019-09-25 06:33:54,526 [pool-57-thread-1] INFO  server.RaftServerConfigKeys (ConfUtils.java:logGet(43)) - raft.server.snapshot.auto.trigger.threshold = 10000 (custom)
2019-09-25 06:33:54,527 [pool-57-thread-1] INFO  server.RaftServerConfigKeys (ConfUtils.java:logGet(43)) - raft.server.snapshot.retention.num.files = 5 (custom)
2019-09-25 06:33:54,527 [pool-57-thread-1] INFO  server.RaftServerConfigKeys (ConfUtils.java:logGet(43)) - raft.server.retrycache.expirytime = 600000ms (custom)
2019-09-25 06:33:54,529 [pool-57-thread-1] INFO  impl.RaftServerImpl (RaftServerImpl.java:start(185)) - f64f24cc-0a31-403c-8370-70bfbc60f804@group-33429AF2912F: start as a follower, conf=-1: [f64f24cc-0a31-403c-8370-70bfbc60f804:192.168.164.207:40060], old=null
2019-09-25 06:33:54,529 [pool-57-thread-1] INFO  impl.RaftServerImpl (RaftServerImpl.java:setRole(174)) - f64f24cc-0a31-403c-8370-70bfbc60f804@group-33429AF2912F: changes role from      null to FOLLOWER at term 0 for startAsFollower
2019-09-25 06:33:54,529 [pool-57-thread-1] INFO  impl.RoleInfo (RoleInfo.java:updateAndGet(143)) - f64f24cc-0a31-403c-8370-70bfbc60f804: start FollowerState
2019-09-25 06:33:54,529 [pool-57-thread-1] INFO  util.JmxRegister (JmxRegister.java:tryRegister(44)) - Successfully registered JMX Bean with object name Ratis:service=RaftServer,group=group-33429AF2912F,id=f64f24cc-0a31-403c-8370-70bfbc60f804
2019-09-25 06:33:54,535 [RatisPipelineUtilsThread] INFO  pipeline.PipelineStateManager (PipelineStateManager.java:addPipeline(56)) - Created pipeline Pipeline[ Id: 7b673f5c-ed35-4699-80e9-33429af2912f, Nodes: f64f24cc-0a31-403c-8370-70bfbc60f804{ip: 192.168.164.207, host: pr-hdds-1569-s44lr-3492059363, networkLocation: /default-rack, certSerialId: null}, Type:RATIS, Factor:ONE, State:OPEN]
2019-09-25 06:33:54,535 [RatisPipelineUtilsThread] INFO  pipeline.PipelinePlacementPolicy (PipelinePlacementPolicy.java:meetCriteria(91)) - Pipeline Placement: can't place more pipeline on heavy datanode： f9a1adb5-ac95-4f8b-8632-8bfce9a5ce16 Heaviness: 6 limit: 5
2019-09-25 06:33:54,536 [RatisPipelineUtilsThread] INFO  pipeline.PipelinePlacementPolicy (PipelinePlacementPolicy.java:meetCriteria(91)) - Pipeline Placement: can't place more pipeline on heavy datanode： 59047a66-3178-4e61-9c82-892aa22a5b81 Heaviness: 6 limit: 5
2019-09-25 06:33:54,544 [grpc-default-executor-0] INFO  impl.RaftServerProxy (RaftServerProxy.java:addNew(89)) - ada091b4-9675-42a7-afd4-5850bd9f4e78: addNew group-7104373670D1:[ada091b4-9675-42a7-afd4-5850bd9f4e78:192.168.164.207:35963] returns group-7104373670D1:java.util.concurrent.CompletableFuture@7fcdaef7[Not completed]
2019-09-25 06:33:54,545 [pool-77-thread-1] INFO  impl.RaftServerImpl (RaftServerImpl.java:<init>(95)) - ada091b4-9675-42a7-afd4-5850bd9f4e78: new RaftServerImpl for group-7104373670D1:[ada091b4-9675-42a7-afd4-5850bd9f4e78:192.168.164.207:35963] with ContainerStateMachine:uninitialized
2019-09-25 06:33:54,545 [pool-77-thread-1] INFO  server.RaftServerConfigKeys (ConfUtils.java:logGet(43)) - raft.server.rpc.timeout.min = 5s (custom)
2019-09-25 06:33:54,545 [pool-77-thread-1] INFO  server.RaftServerConfigKeys (ConfUtils.java:logGet(43)) - raft.server.rpc.timeout.max = 5200ms (custom)
2019-09-25 06:33:54,545 [pool-77-thread-1] INFO  server.RaftServerConfigKeys (ConfUtils.java:logGet(43)) - raft.server.rpcslowness.timeout = 120s (custom)
2019-09-25 06:33:54,546 [pool-77-thread-1] INFO  server.RaftServerConfigKeys (ConfUtils.java:logGet(43)) - raft.server.sleep.deviation.threshold = 300 (default)
2019-09-25 06:33:54,546 [pool-77-thread-1] INFO  server.RaftServerConfigKeys (ConfUtils.java:logGet(43)) - raft.server.log.appender.install.snapshot.enabled = false (custom)
2019-09-25 06:33:54,546 [pool-77-thread-1] INFO  impl.RaftServerImpl (ServerState.java:<init>(103)) - ada091b4-9675-42a7-afd4-5850bd9f4e78@group-7104373670D1: ConfigurationManager, init=-1: [ada091b4-9675-42a7-afd4-5850bd9f4e78:192.168.164.207:35963], old=null, confs=<EMPTY_MAP>
2019-09-25 06:33:54,546 [pool-77-thread-1] INFO  server.RaftServerConfigKeys (ConfUtils.java:logGet(43)) - raft.server.storage.dir = [/workdir/hadoop-ozone/ozonefs/target/test-dir/MiniOzoneClusterImpl-d97e1daa-6e0c-4900-b1c9-997de4e3459a/datanode-5/data/ratis] (custom)
2019-09-25 06:33:54,546 [pool-77-thread-1] INFO  storage.RaftStorageDirectory (RaftStorageDirectory.java:analyzeStorage(246)) - The storage directory /workdir/hadoop-ozone/ozonefs/target/test-dir/MiniOzoneClusterImpl-d97e1daa-6e0c-4900-b1c9-997de4e3459a/datanode-5/data/ratis/13dff35d-a74c-4f3e-bc5e-7104373670d1 does not exist. Creating ...
2019-09-25 06:33:54,559 [pool-77-thread-1] INFO  storage.RaftStorageDirectory (RaftStorageDirectory.java:tryLock(328)) - Lock on /workdir/hadoop-ozone/ozonefs/target/test-dir/MiniOzoneClusterImpl-d97e1daa-6e0c-4900-b1c9-997de4e3459a/datanode-5/data/ratis/13dff35d-a74c-4f3e-bc5e-7104373670d1/in_use.lock acquired by nodename 9063@pr-hdds-1569-s44lr-3492059363
2019-09-25 06:33:54,573 [pool-77-thread-1] INFO  storage.RaftStorage (RaftStorage.java:format(72)) - Storage directory /workdir/hadoop-ozone/ozonefs/target/test-dir/MiniOzoneClusterImpl-d97e1daa-6e0c-4900-b1c9-997de4e3459a/datanode-5/data/ratis/13dff35d-a74c-4f3e-bc5e-7104373670d1 has been successfully formatted.
2019-09-25 06:33:54,574 [pool-77-thread-1] INFO  ratis.ContainerStateMachine (ContainerStateMachine.java:loadSnapshot(230)) - group-7104373670D1: The snapshot info is null. Setting the last applied indexto:(t:0, i:~)
2019-09-25 06:33:54,574 [pool-77-thread-1] INFO  server.RaftServerConfigKeys (ConfUtils.java:logGet(43)) - raft.server.notification.no-leader.timeout = 120s (custom)
2019-09-25 06:33:54,574 [pool-77-thread-1] INFO  server.RaftServerConfigKeys (ConfUtils.java:logGet(43)) - raft.server.log.use.memory = false (default)
2019-09-25 06:33:54,574 [pool-77-thread-1] INFO  server.RaftServerConfigKeys (ConfUtils.java:logGet(43)) - raft.server.log.purge.gap = 1000000 (custom)
2019-09-25 06:33:54,574 [pool-77-thread-1] INFO  server.RaftServerConfigKeys (ConfUtils.java:logGet(43)) - raft.server.log.appender.buffer.byte-limit = 33554432 (custom)
2019-09-25 06:33:54,574 [pool-77-thread-1] INFO  server.RaftServerConfigKeys (ConfUtils.java:logGet(43)) - raft.server.log.segment.size.max = 1048576 (custom)
2019-09-25 06:33:54,574 [pool-77-thread-1] INFO  server.RaftServerConfigKeys (ConfUtils.java:logGet(43)) - raft.server.log.segment.cache.num.max = 2 (custom)
2019-09-25 06:33:54,574 [pool-77-thread-1] INFO  segmented.SegmentedRaftLogWorker (SegmentedRaftLogWorker.java:<init>(172)) - new ada091b4-9675-42a7-afd4-5850bd9f4e78@group-7104373670D1-SegmentedRaftLogWorker for RaftStorage:Storage Directory /workdir/hadoop-ozone/ozonefs/target/test-dir/MiniOzoneClusterImpl-d97e1daa-6e0c-4900-b1c9-997de4e3459a/datanode-5/data/ratis/13dff35d-a74c-4f3e-bc5e-7104373670d1
2019-09-25 06:33:54,575 [pool-77-thread-1] INFO  server.RaftServerConfigKeys (ConfUtils.java:logGet(43)) - raft.server.log.queue.byte-limit = 2147483647 (custom)
2019-09-25 06:33:54,575 [pool-77-thread-1] INFO  server.RaftServerConfigKeys (ConfUtils.java:logGet(43)) - raft.server.log.queue.element-limit = 1024 (custom)
2019-09-25 06:33:54,575 [pool-77-thread-1] INFO  server.RaftServerConfigKeys (ConfUtils.java:logGet(43)) - raft.server.log.segment.size.max = 1048576 (custom)
2019-09-25 06:33:54,575 [pool-77-thread-1] INFO  server.RaftServerConfigKeys (ConfUtils.java:logGet(43)) - raft.server.log.preallocated.size = 16384 (custom)
2019-09-25 06:33:54,575 [pool-77-thread-1] INFO  server.RaftServerConfigKeys (ConfUtils.java:logGet(43)) - raft.server.log.write.buffer.size = 33554432 (custom)
2019-09-25 06:33:54,575 [pool-77-thread-1] INFO  server.RaftServerConfigKeys (ConfUtils.java:logGet(43)) - raft.server.log.force.sync.num = 128 (default)
2019-09-25 06:33:54,575 [pool-77-thread-1] INFO  server.RaftServerConfigKeys (ConfUtils.java:logGet(43)) - raft.server.log.statemachine.data.sync = true (default)
2019-09-25 06:33:54,575 [pool-77-thread-1] INFO  server.RaftServerConfigKeys (ConfUtils.java:logGet(43)) - raft.server.log.statemachine.data.sync.timeout = 10s (default)
2019-09-25 06:33:54,575 [pool-77-thread-1] INFO  server.RaftServerConfigKeys (ConfUtils.java:logGet(43)) - raft.server.log.statemachine.data.sync.timeout.retry = -1 (default)
2019-09-25 06:33:54,575 [pool-77-thread-1] INFO  server.RaftServerConfigKeys (ConfUtils.java:logGet(43)) - raft.server.log.statemachine.data.caching.enabled = true (custom)
2019-09-25 06:33:54,576 [pool-77-thread-1] INFO  segmented.SegmentedRaftLogWorker (SegmentedRaftLogWorker.java:lambda$new$0(132)) - ada091b4-9675-42a7-afd4-5850bd9f4e78@group-7104373670D1-SegmentedRaftLogWorker: flushIndex: setUnconditionally 0 -> -1
2019-09-25 06:33:54,576 [pool-77-thread-1] INFO  server.RaftServerConfigKeys (ConfUtils.java:logGet(43)) - raft.server.snapshot.auto.trigger.enabled = true (custom)
2019-09-25 06:33:54,576 [pool-77-thread-1] INFO  server.RaftServerConfigKeys (ConfUtils.java:logGet(43)) - raft.server.snapshot.auto.trigger.threshold = 10000 (custom)
2019-09-25 06:33:54,576 [pool-77-thread-1] INFO  server.RaftServerConfigKeys (ConfUtils.java:logGet(43)) - raft.server.snapshot.retention.num.files = 5 (custom)
2019-09-25 06:33:54,576 [pool-77-thread-1] INFO  server.RaftServerConfigKeys (ConfUtils.java:logGet(43)) - raft.server.retrycache.expirytime = 600000ms (custom)
2019-09-25 06:33:54,578 [pool-77-thread-1] INFO  impl.RaftServerImpl (RaftServerImpl.java:start(185)) - ada091b4-9675-42a7-afd4-5850bd9f4e78@group-7104373670D1: start as a follower, conf=-1: [ada091b4-9675-42a7-afd4-5850bd9f4e78:192.168.164.207:35963], old=null
2019-09-25 06:33:54,578 [pool-77-thread-1] INFO  impl.RaftServerImpl (RaftServerImpl.java:setRole(174)) - ada091b4-9675-42a7-afd4-5850bd9f4e78@group-7104373670D1: changes role from      null to FOLLOWER at term 0 for startAsFollower
2019-09-25 06:33:54,578 [pool-77-thread-1] INFO  impl.RoleInfo (RoleInfo.java:updateAndGet(143)) - ada091b4-9675-42a7-afd4-5850bd9f4e78: start FollowerState
2019-09-25 06:33:54,579 [pool-77-thread-1] INFO  util.JmxRegister (JmxRegister.java:tryRegister(44)) - Successfully registered JMX Bean with object name Ratis:service=RaftServer,group=group-7104373670D1,id=ada091b4-9675-42a7-afd4-5850bd9f4e78
2019-09-25 06:33:54,620 [RatisPipelineUtilsThread] INFO  pipeline.PipelineStateManager (PipelineStateManager.java:addPipeline(56)) - Created pipeline Pipeline[ Id: 13dff35d-a74c-4f3e-bc5e-7104373670d1, Nodes: ada091b4-9675-42a7-afd4-5850bd9f4e78{ip: 192.168.164.207, host: pr-hdds-1569-s44lr-3492059363, networkLocation: /default-rack, certSerialId: null}, Type:RATIS, Factor:ONE, State:OPEN]
2019-09-25 06:33:54,620 [RatisPipelineUtilsThread] INFO  pipeline.PipelinePlacementPolicy (PipelinePlacementPolicy.java:meetCriteria(91)) - Pipeline Placement: can't place more pipeline on heavy datanode： f9a1adb5-ac95-4f8b-8632-8bfce9a5ce16 Heaviness: 6 limit: 5
2019-09-25 06:33:54,620 [RatisPipelineUtilsThread] INFO  pipeline.PipelinePlacementPolicy (PipelinePlacementPolicy.java:meetCriteria(91)) - Pipeline Placement: can't place more pipeline on heavy datanode： 59047a66-3178-4e61-9c82-892aa22a5b81 Heaviness: 6 limit: 5
2019-09-25 06:33:54,635 [grpc-default-executor-0] INFO  impl.RaftServerProxy (RaftServerProxy.java:addNew(89)) - 2977e106-bb5f-48ce-bb13-3d7f6b9d6732: addNew group-56C81175DE97:[2977e106-bb5f-48ce-bb13-3d7f6b9d6732:192.168.164.207:45443] returns group-56C81175DE97:java.util.concurrent.CompletableFuture@b8cd9cc[Not completed]
2019-09-25 06:33:54,637 [pool-87-thread-1] INFO  impl.RaftServerImpl (RaftServerImpl.java:<init>(95)) - 2977e106-bb5f-48ce-bb13-3d7f6b9d6732: new RaftServerImpl for group-56C81175DE97:[2977e106-bb5f-48ce-bb13-3d7f6b9d6732:192.168.164.207:45443] with ContainerStateMachine:uninitialized
2019-09-25 06:33:54,637 [pool-87-thread-1] INFO  server.RaftServerConfigKeys (ConfUtils.java:logGet(43)) - raft.server.rpc.timeout.min = 5s (custom)
2019-09-25 06:33:54,637 [pool-87-thread-1] INFO  server.RaftServerConfigKeys (ConfUtils.java:logGet(43)) - raft.server.rpc.timeout.max = 5200ms (custom)
2019-09-25 06:33:54,637 [pool-87-thread-1] INFO  server.RaftServerConfigKeys (ConfUtils.java:logGet(43)) - raft.server.rpcslowness.timeout = 120s (custom)
2019-09-25 06:33:54,637 [pool-87-thread-1] INFO  server.RaftServerConfigKeys (ConfUtils.java:logGet(43)) - raft.server.sleep.deviation.threshold = 300 (default)
2019-09-25 06:33:54,637 [pool-87-thread-1] INFO  server.RaftServerConfigKeys (ConfUtils.java:logGet(43)) - raft.server.log.appender.install.snapshot.enabled = false (custom)
2019-09-25 06:33:54,638 [pool-87-thread-1] INFO  impl.RaftServerImpl (ServerState.java:<init>(103)) - 2977e106-bb5f-48ce-bb13-3d7f6b9d6732@group-56C81175DE97: ConfigurationManager, init=-1: [2977e106-bb5f-48ce-bb13-3d7f6b9d6732:192.168.164.207:45443], old=null, confs=<EMPTY_MAP>
2019-09-25 06:33:54,638 [pool-87-thread-1] INFO  server.RaftServerConfigKeys (ConfUtils.java:logGet(43)) - raft.server.storage.dir = [/workdir/hadoop-ozone/ozonefs/target/test-dir/MiniOzoneClusterImpl-d97e1daa-6e0c-4900-b1c9-997de4e3459a/datanode-6/data/ratis] (custom)
2019-09-25 06:33:54,651 [pool-87-thread-1] INFO  storage.RaftStorageDirectory (RaftStorageDirectory.java:analyzeStorage(246)) - The storage directory /workdir/hadoop-ozone/ozonefs/target/test-dir/MiniOzoneClusterImpl-d97e1daa-6e0c-4900-b1c9-997de4e3459a/datanode-6/data/ratis/6cf68888-c776-45f8-83fa-56c81175de97 does not exist. Creating ...
2019-09-25 06:33:56,984 [Thread-285] INFO  impl.FollowerState (FollowerState.java:run(106)) - 81f06f72-72c9-4329-855f-4bc73f7e5da2:group-3D29C8EE3A09 changes to CANDIDATE, lastRpcTime:5149, electionTimeout:5148ms
2019-09-25 06:33:56,998 [Thread-285] INFO  impl.RoleInfo (RoleInfo.java:shutdownFollowerState(121)) - 81f06f72-72c9-4329-855f-4bc73f7e5da2: shutdown FollowerState
2019-09-25 06:33:56,998 [Thread-285] INFO  impl.RaftServerImpl (RaftServerImpl.java:setRole(174)) - 81f06f72-72c9-4329-855f-4bc73f7e5da2@group-3D29C8EE3A09: changes role from  FOLLOWER to CANDIDATE at term 0 for changeToCandidate
2019-09-25 06:33:57,007 [Thread-285] INFO  impl.RoleInfo (RoleInfo.java:updateAndGet(143)) - 81f06f72-72c9-4329-855f-4bc73f7e5da2: start LeaderElection
2019-09-25 06:33:57,118 [Thread-288] INFO  impl.FollowerState (FollowerState.java:run(106)) - 59047a66-3178-4e61-9c82-892aa22a5b81:group-5B1CD26A0FBC changes to CANDIDATE, lastRpcTime:5044, electionTimeout:5044ms
2019-09-25 06:33:57,121 [Thread-288] INFO  impl.RoleInfo (RoleInfo.java:shutdownFollowerState(121)) - 59047a66-3178-4e61-9c82-892aa22a5b81: shutdown FollowerState
2019-09-25 06:33:57,121 [Thread-288] INFO  impl.RaftServerImpl (RaftServerImpl.java:setRole(174)) - 59047a66-3178-4e61-9c82-892aa22a5b81@group-5B1CD26A0FBC: changes role from  FOLLOWER to CANDIDATE at term 0 for changeToCandidate
2019-09-25 06:33:57,122 [Thread-288] INFO  impl.RoleInfo (RoleInfo.java:updateAndGet(143)) - 59047a66-3178-4e61-9c82-892aa22a5b81: start LeaderElection
2019-09-25 06:33:57,324 [Thread-291] INFO  impl.FollowerState (FollowerState.java:run(106)) - f9a1adb5-ac95-4f8b-8632-8bfce9a5ce16:group-95409C4043EF changes to CANDIDATE, lastRpcTime:5077, electionTimeout:5076ms
2019-09-25 06:33:57,324 [Thread-291] INFO  impl.RoleInfo (RoleInfo.java:shutdownFollowerState(121)) - f9a1adb5-ac95-4f8b-8632-8bfce9a5ce16: shutdown FollowerState
2019-09-25 06:33:57,324 [Thread-291] INFO  impl.RaftServerImpl (RaftServerImpl.java:setRole(174)) - f9a1adb5-ac95-4f8b-8632-8bfce9a5ce16@group-95409C4043EF: changes role from  FOLLOWER to CANDIDATE at term 0 for changeToCandidate
2019-09-25 06:33:57,324 [Thread-291] INFO  impl.RoleInfo (RoleInfo.java:updateAndGet(143)) - f9a1adb5-ac95-4f8b-8632-8bfce9a5ce16: start LeaderElection
2019-09-25 06:33:57,402 [Thread-294] INFO  impl.FollowerState (FollowerState.java:run(106)) - 81f06f72-72c9-4329-855f-4bc73f7e5da2:group-8248A8B75CAB changes to CANDIDATE, lastRpcTime:5075, electionTimeout:5075ms
2019-09-25 06:33:57,402 [Thread-294] INFO  impl.RoleInfo (RoleInfo.java:shutdownFollowerState(121)) - 81f06f72-72c9-4329-855f-4bc73f7e5da2: shutdown FollowerState
2019-09-25 06:33:57,402 [Thread-294] INFO  impl.RaftServerImpl (RaftServerImpl.java:setRole(174)) - 81f06f72-72c9-4329-855f-4bc73f7e5da2@group-8248A8B75CAB: changes role from  FOLLOWER to CANDIDATE at term 0 for changeToCandidate
2019-09-25 06:33:57,402 [Thread-294] INFO  impl.RoleInfo (RoleInfo.java:updateAndGet(143)) - 81f06f72-72c9-4329-855f-4bc73f7e5da2: start LeaderElection
2019-09-25 06:33:57,452 [Thread-297] INFO  impl.FollowerState (FollowerState.java:run(106)) - 59047a66-3178-4e61-9c82-892aa22a5b81:group-65AD5FD3CE27 changes to CANDIDATE, lastRpcTime:5049, electionTimeout:5049ms
2019-09-25 06:33:57,453 [Thread-297] INFO  impl.RoleInfo (RoleInfo.java:shutdownFollowerState(121)) - 59047a66-3178-4e61-9c82-892aa22a5b81: shutdown FollowerState
2019-09-25 06:33:57,453 [Thread-297] INFO  impl.RaftServerImpl (RaftServerImpl.java:setRole(174)) - 59047a66-3178-4e61-9c82-892aa22a5b81@group-65AD5FD3CE27: changes role from  FOLLOWER to CANDIDATE at term 0 for changeToCandidate
2019-09-25 06:33:57,453 [Thread-297] INFO  impl.RoleInfo (RoleInfo.java:updateAndGet(143)) - 59047a66-3178-4e61-9c82-892aa22a5b81: start LeaderElection
2019-09-25 06:33:57,482 [Thread-300] INFO  impl.FollowerState (FollowerState.java:run(106)) - f9a1adb5-ac95-4f8b-8632-8bfce9a5ce16:group-711781CA78ED changes to CANDIDATE, lastRpcTime:5015, electionTimeout:5015ms
2019-09-25 06:33:57,483 [Thread-300] INFO  impl.RoleInfo (RoleInfo.java:shutdownFollowerState(121)) - f9a1adb5-ac95-4f8b-8632-8bfce9a5ce16: shutdown FollowerState
2019-09-25 06:33:57,483 [Thread-300] INFO  impl.RaftServerImpl (RaftServerImpl.java:setRole(174)) - f9a1adb5-ac95-4f8b-8632-8bfce9a5ce16@group-711781CA78ED: changes role from  FOLLOWER to CANDIDATE at term 0 for changeToCandidate
2019-09-25 06:33:57,483 [Thread-300] INFO  impl.RoleInfo (RoleInfo.java:updateAndGet(143)) - f9a1adb5-ac95-4f8b-8632-8bfce9a5ce16: start LeaderElection
2019-09-25 06:33:57,644 [RATISCREATEPIPELINE1] ERROR pipeline.RatisPipelineProvider (RatisPipelineProvider.java:lambda$null$2(181)) - Failed invoke Ratis rpc org.apache.hadoop.hdds.scm.pipeline.RatisPipelineProvider$$Lambda$186/1344066393@3be0358b for 2977e106-bb5f-48ce-bb13-3d7f6b9d6732
org.apache.ratis.protocol.TimeoutIOException: deadline exceeded after 2999716373ns
	at org.apache.ratis.grpc.GrpcUtil.tryUnwrapException(GrpcUtil.java:82)
	at org.apache.ratis.grpc.GrpcUtil.unwrapException(GrpcUtil.java:75)
	at org.apache.ratis.grpc.client.GrpcClientProtocolClient.blockingCall(GrpcClientProtocolClient.java:178)
	at org.apache.ratis.grpc.client.GrpcClientProtocolClient.groupAdd(GrpcClientProtocolClient.java:147)
	at org.apache.ratis.grpc.client.GrpcClientRpc.sendRequest(GrpcClientRpc.java:94)
	at org.apache.ratis.client.impl.RaftClientImpl.sendRequest(RaftClientImpl.java:278)
	at org.apache.ratis.client.impl.RaftClientImpl.groupAdd(RaftClientImpl.java:205)
	at org.apache.hadoop.hdds.scm.pipeline.RatisPipelineProvider.lambda$initializePipeline$1(RatisPipelineProvider.java:142)
	at org.apache.hadoop.hdds.scm.pipeline.RatisPipelineProvider.lambda$null$2(RatisPipelineProvider.java:177)
	at java.util.stream.ForEachOps$ForEachOp$OfRef.accept(ForEachOps.java:184)
	at java.util.ArrayList$ArrayListSpliterator.forEachRemaining(ArrayList.java:1382)
	at java.util.stream.AbstractPipeline.copyInto(AbstractPipeline.java:482)
	at java.util.stream.ForEachOps$ForEachTask.compute(ForEachOps.java:291)
	at java.util.concurrent.CountedCompleter.exec(CountedCompleter.java:731)
	at java.util.concurrent.ForkJoinTask.doExec(ForkJoinTask.java:289)
	at java.util.concurrent.ForkJoinTask.doInvoke(ForkJoinTask.java:401)
	at java.util.concurrent.ForkJoinTask.invoke(ForkJoinTask.java:734)
	at java.util.stream.ForEachOps$ForEachOp.evaluateParallel(ForEachOps.java:160)
	at java.util.stream.ForEachOps$ForEachOp$OfRef.evaluateParallel(ForEachOps.java:174)
	at java.util.stream.AbstractPipeline.evaluate(AbstractPipeline.java:233)
	at java.util.stream.ReferencePipeline.forEach(ReferencePipeline.java:418)
	at java.util.stream.ReferencePipeline$Head.forEach(ReferencePipeline.java:583)
	at org.apache.hadoop.hdds.scm.pipeline.RatisPipelineProvider.lambda$callRatisRpc$3(RatisPipelineProvider.java:171)
	at java.util.concurrent.ForkJoinTask$AdaptedRunnableAction.exec(ForkJoinTask.java:1386)
	at java.util.concurrent.ForkJoinTask.doExec(ForkJoinTask.java:289)
	at java.util.concurrent.ForkJoinPool$WorkQueue.runTask(ForkJoinPool.java:1056)
	at java.util.concurrent.ForkJoinPool.runWorker(ForkJoinPool.java:1692)
	at java.util.concurrent.ForkJoinWorkerThread.run(ForkJoinWorkerThread.java:157)
Caused by: org.apache.ratis.thirdparty.io.grpc.StatusRuntimeException: DEADLINE_EXCEEDED: deadline exceeded after 2999716373ns
	at org.apache.ratis.thirdparty.io.grpc.stub.ClientCalls.toStatusRuntimeException(ClientCalls.java:233)
	at org.apache.ratis.thirdparty.io.grpc.stub.ClientCalls.getUnchecked(ClientCalls.java:214)
	at org.apache.ratis.thirdparty.io.grpc.stub.ClientCalls.blockingUnaryCall(ClientCalls.java:139)
	at org.apache.ratis.proto.grpc.AdminProtocolServiceGrpc$AdminProtocolServiceBlockingStub.groupManagement(AdminProtocolServiceGrpc.java:274)
	at org.apache.ratis.grpc.client.GrpcClientProtocolClient.lambda$groupAdd$3(GrpcClientProtocolClient.java:149)
	at org.apache.ratis.grpc.client.GrpcClientProtocolClient.blockingCall(GrpcClientProtocolClient.java:176)
	... 25 more
2019-09-25 06:33:57,650 [RatisPipelineUtilsThread] ERROR pipeline.SCMPipelineManager (SCMPipelineManager.java:createPipeline(167)) - Pipeline creation failed.
java.io.IOException: Failed invoke Ratis rpc org.apache.hadoop.hdds.scm.pipeline.RatisPipelineProvider$$Lambda$186/1344066393@3be0358b for 2977e106-bb5f-48ce-bb13-3d7f6b9d6732
	at org.apache.hadoop.hdds.scm.pipeline.RatisPipelineProvider.lambda$null$2(RatisPipelineProvider.java:182)
	at java.util.stream.ForEachOps$ForEachOp$OfRef.accept(ForEachOps.java:184)
	at java.util.ArrayList$ArrayListSpliterator.forEachRemaining(ArrayList.java:1382)
	at java.util.stream.AbstractPipeline.copyInto(AbstractPipeline.java:482)
	at java.util.stream.ForEachOps$ForEachTask.compute(ForEachOps.java:291)
	at java.util.concurrent.CountedCompleter.exec(CountedCompleter.java:731)
	at java.util.concurrent.ForkJoinTask.doExec(ForkJoinTask.java:289)
	at java.util.concurrent.ForkJoinTask.doInvoke(ForkJoinTask.java:401)
	at java.util.concurrent.ForkJoinTask.invoke(ForkJoinTask.java:734)
	at java.util.stream.ForEachOps$ForEachOp.evaluateParallel(ForEachOps.java:160)
	at java.util.stream.ForEachOps$ForEachOp$OfRef.evaluateParallel(ForEachOps.java:174)
	at java.util.stream.AbstractPipeline.evaluate(AbstractPipeline.java:233)
	at java.util.stream.ReferencePipeline.forEach(ReferencePipeline.java:418)
	at java.util.stream.ReferencePipeline$Head.forEach(ReferencePipeline.java:583)
	at org.apache.hadoop.hdds.scm.pipeline.RatisPipelineProvider.lambda$callRatisRpc$3(RatisPipelineProvider.java:171)
	at java.util.concurrent.ForkJoinTask$AdaptedRunnableAction.exec(ForkJoinTask.java:1386)
	at java.util.concurrent.ForkJoinTask.doExec(ForkJoinTask.java:289)
	at java.util.concurrent.ForkJoinPool$WorkQueue.runTask(ForkJoinPool.java:1056)
	at java.util.concurrent.ForkJoinPool.runWorker(ForkJoinPool.java:1692)
	at java.util.concurrent.ForkJoinWorkerThread.run(ForkJoinWorkerThread.java:157)
Caused by: org.apache.ratis.protocol.TimeoutIOException: deadline exceeded after 2999716373ns
	at org.apache.ratis.grpc.GrpcUtil.tryUnwrapException(GrpcUtil.java:82)
	at org.apache.ratis.grpc.GrpcUtil.unwrapException(GrpcUtil.java:75)
	at org.apache.ratis.grpc.client.GrpcClientProtocolClient.blockingCall(GrpcClientProtocolClient.java:178)
	at org.apache.ratis.grpc.client.GrpcClientProtocolClient.groupAdd(GrpcClientProtocolClient.java:147)
	at org.apache.ratis.grpc.client.GrpcClientRpc.sendRequest(GrpcClientRpc.java:94)
	at org.apache.ratis.client.impl.RaftClientImpl.sendRequest(RaftClientImpl.java:278)
	at org.apache.ratis.client.impl.RaftClientImpl.groupAdd(RaftClientImpl.java:205)
	at org.apache.hadoop.hdds.scm.pipeline.RatisPipelineProvider.lambda$initializePipeline$1(RatisPipelineProvider.java:142)
	at org.apache.hadoop.hdds.scm.pipeline.RatisPipelineProvider.lambda$null$2(RatisPipelineProvider.java:177)
	... 19 more
Caused by: org.apache.ratis.thirdparty.io.grpc.StatusRuntimeException: DEADLINE_EXCEEDED: deadline exceeded after 2999716373ns
	at org.apache.ratis.thirdparty.io.grpc.stub.ClientCalls.toStatusRuntimeException(ClientCalls.java:233)
	at org.apache.ratis.thirdparty.io.grpc.stub.ClientCalls.getUnchecked(ClientCalls.java:214)
	at org.apache.ratis.thirdparty.io.grpc.stub.ClientCalls.blockingUnaryCall(ClientCalls.java:139)
	at org.apache.ratis.proto.grpc.AdminProtocolServiceGrpc$AdminProtocolServiceBlockingStub.groupManagement(AdminProtocolServiceGrpc.java:274)
	at org.apache.ratis.grpc.client.GrpcClientProtocolClient.lambda$groupAdd$3(GrpcClientProtocolClient.java:149)
	at org.apache.ratis.grpc.client.GrpcClientProtocolClient.blockingCall(GrpcClientProtocolClient.java:176)
	... 25 more
2019-09-25 06:33:57,654 [RatisPipelineUtilsThread] INFO  pipeline.PipelinePlacementPolicy (PipelinePlacementPolicy.java:meetCriteria(91)) - Pipeline Placement: can't place more pipeline on heavy datanode： f9a1adb5-ac95-4f8b-8632-8bfce9a5ce16 Heaviness: 6 limit: 5
2019-09-25 06:33:57,654 [RatisPipelineUtilsThread] INFO  pipeline.PipelinePlacementPolicy (PipelinePlacementPolicy.java:meetCriteria(91)) - Pipeline Placement: can't place more pipeline on heavy datanode： 59047a66-3178-4e61-9c82-892aa22a5b81 Heaviness: 6 limit: 5
2019-09-25 06:33:57,685 [Thread-306] INFO  impl.FollowerState (FollowerState.java:run(106)) - f9a1adb5-ac95-4f8b-8632-8bfce9a5ce16:group-A8D3F6769C8A changes to CANDIDATE, lastRpcTime:5038, electionTimeout:5037ms
2019-09-25 06:33:57,686 [Thread-306] INFO  impl.RoleInfo (RoleInfo.java:shutdownFollowerState(121)) - f9a1adb5-ac95-4f8b-8632-8bfce9a5ce16: shutdown FollowerState
2019-09-25 06:33:57,686 [Thread-306] INFO  impl.RaftServerImpl (RaftServerImpl.java:setRole(174)) - f9a1adb5-ac95-4f8b-8632-8bfce9a5ce16@group-A8D3F6769C8A: changes role from  FOLLOWER to CANDIDATE at term 0 for changeToCandidate
2019-09-25 06:33:57,686 [Thread-306] INFO  impl.RoleInfo (RoleInfo.java:updateAndGet(143)) - f9a1adb5-ac95-4f8b-8632-8bfce9a5ce16: start LeaderElection
2019-09-25 06:33:57,694 [Thread-303] INFO  impl.FollowerState (FollowerState.java:run(106)) - 9f1e8130-5807-4ed4-a5b5-273b79efb982:group-E8FD0F436770 changes to CANDIDATE, lastRpcTime:5142, electionTimeout:5142ms
2019-09-25 06:33:57,694 [Thread-303] INFO  impl.RoleInfo (RoleInfo.java:shutdownFollowerState(121)) - 9f1e8130-5807-4ed4-a5b5-273b79efb982: shutdown FollowerState
2019-09-25 06:33:57,694 [Thread-303] INFO  impl.RaftServerImpl (RaftServerImpl.java:setRole(174)) - 9f1e8130-5807-4ed4-a5b5-273b79efb982@group-E8FD0F436770: changes role from  FOLLOWER to CANDIDATE at term 0 for changeToCandidate
2019-09-25 06:33:57,694 [Thread-303] INFO  impl.RoleInfo (RoleInfo.java:updateAndGet(143)) - 9f1e8130-5807-4ed4-a5b5-273b79efb982: start LeaderElection
2019-09-25 06:33:57,705 [grpc-default-executor-1] INFO  impl.RaftServerProxy (RaftServerProxy.java:addNew(89)) - 49960203-aee6-4047-85fd-ecacef3efebf: addNew group-AC61B04265AD:[49960203-aee6-4047-85fd-ecacef3efebf:192.168.164.207:34853, 81f06f72-72c9-4329-855f-4bc73f7e5da2:192.168.164.207:40731, 313782b9-e18d-44cb-a4a7-8816635983d3:192.168.164.207:33244] returns group-AC61B04265AD:java.util.concurrent.CompletableFuture@1a53cb16[Not completed]
2019-09-25 06:33:57,708 [grpc-default-executor-0] INFO  impl.RaftServerProxy (RaftServerProxy.java:addNew(89)) - 81f06f72-72c9-4329-855f-4bc73f7e5da2: addNew group-AC61B04265AD:[49960203-aee6-4047-85fd-ecacef3efebf:192.168.164.207:34853, 81f06f72-72c9-4329-855f-4bc73f7e5da2:192.168.164.207:40731, 313782b9-e18d-44cb-a4a7-8816635983d3:192.168.164.207:33244] returns group-AC61B04265AD:java.util.concurrent.CompletableFuture@5f68f60d[Not completed]
2019-09-25 06:33:57,705 [grpc-default-executor-2] INFO  impl.RaftServerProxy (RaftServerProxy.java:addNew(89)) - 313782b9-e18d-44cb-a4a7-8816635983d3: addNew group-AC61B04265AD:[49960203-aee6-4047-85fd-ecacef3efebf:192.168.164.207:34853, 81f06f72-72c9-4329-855f-4bc73f7e5da2:192.168.164.207:40731, 313782b9-e18d-44cb-a4a7-8816635983d3:192.168.164.207:33244] returns group-AC61B04265AD:java.util.concurrent.CompletableFuture@66f87ffd[Not completed]
2019-09-25 06:33:57,710 [pool-107-thread-1] INFO  impl.RaftServerImpl (RaftServerImpl.java:<init>(95)) - 313782b9-e18d-44cb-a4a7-8816635983d3: new RaftServerImpl for group-AC61B04265AD:[49960203-aee6-4047-85fd-ecacef3efebf:192.168.164.207:34853, 81f06f72-72c9-4329-855f-4bc73f7e5da2:192.168.164.207:40731, 313782b9-e18d-44cb-a4a7-8816635983d3:192.168.164.207:33244] with ContainerStateMachine:uninitialized
2019-09-25 06:33:57,710 [pool-107-thread-1] INFO  server.RaftServerConfigKeys (ConfUtils.java:logGet(43)) - raft.server.rpc.timeout.min = 5s (custom)
2019-09-25 06:33:57,710 [pool-107-thread-1] INFO  server.RaftServerConfigKeys (ConfUtils.java:logGet(43)) - raft.server.rpc.timeout.max = 5200ms (custom)
2019-09-25 06:33:57,710 [pool-107-thread-1] INFO  server.RaftServerConfigKeys (ConfUtils.java:logGet(43)) - raft.server.rpcslowness.timeout = 120s (custom)
2019-09-25 06:33:57,710 [pool-107-thread-1] INFO  server.RaftServerConfigKeys (ConfUtils.java:logGet(43)) - raft.server.sleep.deviation.threshold = 300 (default)
2019-09-25 06:33:57,711 [pool-27-thread-1] INFO  impl.RaftServerImpl (RaftServerImpl.java:<init>(95)) - 81f06f72-72c9-4329-855f-4bc73f7e5da2: new RaftServerImpl for group-AC61B04265AD:[49960203-aee6-4047-85fd-ecacef3efebf:192.168.164.207:34853, 81f06f72-72c9-4329-855f-4bc73f7e5da2:192.168.164.207:40731, 313782b9-e18d-44cb-a4a7-8816635983d3:192.168.164.207:33244] with ContainerStateMachine:uninitialized
2019-09-25 06:33:57,711 [pool-107-thread-1] INFO  server.RaftServerConfigKeys (ConfUtils.java:logGet(43)) - raft.server.log.appender.install.snapshot.enabled = false (custom)
2019-09-25 06:33:57,711 [pool-27-thread-1] INFO  server.RaftServerConfigKeys (ConfUtils.java:logGet(43)) - raft.server.rpc.timeout.min = 5s (custom)
2019-09-25 06:33:57,711 [pool-107-thread-1] INFO  impl.RaftServerImpl (ServerState.java:<init>(103)) - 313782b9-e18d-44cb-a4a7-8816635983d3@group-AC61B04265AD: ConfigurationManager, init=-1: [49960203-aee6-4047-85fd-ecacef3efebf:192.168.164.207:34853, 81f06f72-72c9-4329-855f-4bc73f7e5da2:192.168.164.207:40731, 313782b9-e18d-44cb-a4a7-8816635983d3:192.168.164.207:33244], old=null, confs=<EMPTY_MAP>
2019-09-25 06:33:57,711 [pool-27-thread-1] INFO  server.RaftServerConfigKeys (ConfUtils.java:logGet(43)) - raft.server.rpc.timeout.max = 5200ms (custom)
2019-09-25 06:33:57,711 [pool-107-thread-1] INFO  server.RaftServerConfigKeys (ConfUtils.java:logGet(43)) - raft.server.storage.dir = [/workdir/hadoop-ozone/ozonefs/target/test-dir/MiniOzoneClusterImpl-d97e1daa-6e0c-4900-b1c9-997de4e3459a/datanode-8/data/ratis] (custom)
2019-09-25 06:33:57,711 [pool-27-thread-1] INFO  server.RaftServerConfigKeys (ConfUtils.java:logGet(43)) - raft.server.rpcslowness.timeout = 120s (custom)
2019-09-25 06:33:57,711 [pool-27-thread-1] INFO  server.RaftServerConfigKeys (ConfUtils.java:logGet(43)) - raft.server.sleep.deviation.threshold = 300 (default)
2019-09-25 06:33:57,712 [pool-27-thread-1] INFO  server.RaftServerConfigKeys (ConfUtils.java:logGet(43)) - raft.server.log.appender.install.snapshot.enabled = false (custom)
2019-09-25 06:33:57,712 [pool-67-thread-1] INFO  impl.RaftServerImpl (RaftServerImpl.java:<init>(95)) - 49960203-aee6-4047-85fd-ecacef3efebf: new RaftServerImpl for group-AC61B04265AD:[49960203-aee6-4047-85fd-ecacef3efebf:192.168.164.207:34853, 81f06f72-72c9-4329-855f-4bc73f7e5da2:192.168.164.207:40731, 313782b9-e18d-44cb-a4a7-8816635983d3:192.168.164.207:33244] with ContainerStateMachine:uninitialized
2019-09-25 06:33:57,712 [pool-107-thread-1] INFO  storage.RaftStorageDirectory (RaftStorageDirectory.java:analyzeStorage(246)) - The storage directory /workdir/hadoop-ozone/ozonefs/target/test-dir/MiniOzoneClusterImpl-d97e1daa-6e0c-4900-b1c9-997de4e3459a/datanode-8/data/ratis/b0d93935-a9ea-4875-92a9-ac61b04265ad does not exist. Creating ...
2019-09-25 06:33:57,712 [pool-67-thread-1] INFO  server.RaftServerConfigKeys (ConfUtils.java:logGet(43)) - raft.server.rpc.timeout.min = 5s (custom)
2019-09-25 06:33:57,712 [pool-27-thread-1] INFO  impl.RaftServerImpl (ServerState.java:<init>(103)) - 81f06f72-72c9-4329-855f-4bc73f7e5da2@group-AC61B04265AD: ConfigurationManager, init=-1: [49960203-aee6-4047-85fd-ecacef3efebf:192.168.164.207:34853, 81f06f72-72c9-4329-855f-4bc73f7e5da2:192.168.164.207:40731, 313782b9-e18d-44cb-a4a7-8816635983d3:192.168.164.207:33244], old=null, confs=<EMPTY_MAP>
2019-09-25 06:33:57,712 [pool-67-thread-1] INFO  server.RaftServerConfigKeys (ConfUtils.java:logGet(43)) - raft.server.rpc.timeout.max = 5200ms (custom)
2019-09-25 06:33:57,712 [pool-27-thread-1] INFO  server.RaftServerConfigKeys (ConfUtils.java:logGet(43)) - raft.server.storage.dir = [/workdir/hadoop-ozone/ozonefs/target/test-dir/MiniOzoneClusterImpl-d97e1daa-6e0c-4900-b1c9-997de4e3459a/datanode-0/data/ratis] (custom)
2019-09-25 06:33:57,712 [pool-67-thread-1] INFO  server.RaftServerConfigKeys (ConfUtils.java:logGet(43)) - raft.server.rpcslowness.timeout = 120s (custom)
2019-09-25 06:33:57,713 [pool-67-thread-1] INFO  server.RaftServerConfigKeys (ConfUtils.java:logGet(43)) - raft.server.sleep.deviation.threshold = 300 (default)
2019-09-25 06:33:57,713 [pool-27-thread-1] INFO  storage.RaftStorageDirectory (RaftStorageDirectory.java:analyzeStorage(246)) - The storage directory /workdir/hadoop-ozone/ozonefs/target/test-dir/MiniOzoneClusterImpl-d97e1daa-6e0c-4900-b1c9-997de4e3459a/datanode-0/data/ratis/b0d93935-a9ea-4875-92a9-ac61b04265ad does not exist. Creating ...
2019-09-25 06:33:57,713 [pool-67-thread-1] INFO  server.RaftServerConfigKeys (ConfUtils.java:logGet(43)) - raft.server.log.appender.install.snapshot.enabled = false (custom)
2019-09-25 06:33:57,713 [pool-67-thread-1] INFO  impl.RaftServerImpl (ServerState.java:<init>(103)) - 49960203-aee6-4047-85fd-ecacef3efebf@group-AC61B04265AD: ConfigurationManager, init=-1: [49960203-aee6-4047-85fd-ecacef3efebf:192.168.164.207:34853, 81f06f72-72c9-4329-855f-4bc73f7e5da2:192.168.164.207:40731, 313782b9-e18d-44cb-a4a7-8816635983d3:192.168.164.207:33244], old=null, confs=<EMPTY_MAP>
2019-09-25 06:33:57,713 [pool-67-thread-1] INFO  server.RaftServerConfigKeys (ConfUtils.java:logGet(43)) - raft.server.storage.dir = [/workdir/hadoop-ozone/ozonefs/target/test-dir/MiniOzoneClusterImpl-d97e1daa-6e0c-4900-b1c9-997de4e3459a/datanode-4/data/ratis] (custom)
2019-09-25 06:33:57,714 [pool-67-thread-1] INFO  storage.RaftStorageDirectory (RaftStorageDirectory.java:analyzeStorage(246)) - The storage directory /workdir/hadoop-ozone/ozonefs/target/test-dir/MiniOzoneClusterImpl-d97e1daa-6e0c-4900-b1c9-997de4e3459a/datanode-4/data/ratis/b0d93935-a9ea-4875-92a9-ac61b04265ad does not exist. Creating ...
2019-09-25 06:33:57,858 [Thread-312] INFO  impl.FollowerState (FollowerState.java:run(106)) - 313782b9-e18d-44cb-a4a7-8816635983d3:group-A872D9AF1F24 changes to CANDIDATE, lastRpcTime:5031, electionTimeout:5031ms
2019-09-25 06:33:57,859 [Thread-312] INFO  impl.RoleInfo (RoleInfo.java:shutdownFollowerState(121)) - 313782b9-e18d-44cb-a4a7-8816635983d3: shutdown FollowerState
2019-09-25 06:33:57,859 [Thread-312] INFO  impl.RaftServerImpl (RaftServerImpl.java:setRole(174)) - 313782b9-e18d-44cb-a4a7-8816635983d3@group-A872D9AF1F24: changes role from  FOLLOWER to CANDIDATE at term 0 for changeToCandidate
2019-09-25 06:33:57,860 [Thread-312] INFO  impl.RoleInfo (RoleInfo.java:updateAndGet(143)) - 313782b9-e18d-44cb-a4a7-8816635983d3: start LeaderElection
2019-09-25 06:33:57,899 [Thread-309] INFO  impl.FollowerState (FollowerState.java:run(106)) - 2977e106-bb5f-48ce-bb13-3d7f6b9d6732:group-5380C7D647F2 changes to CANDIDATE, lastRpcTime:5165, electionTimeout:5165ms
2019-09-25 06:33:57,899 [Thread-309] INFO  impl.RoleInfo (RoleInfo.java:shutdownFollowerState(121)) - 2977e106-bb5f-48ce-bb13-3d7f6b9d6732: shutdown FollowerState
2019-09-25 06:33:57,899 [Thread-309] INFO  impl.RaftServerImpl (RaftServerImpl.java:setRole(174)) - 2977e106-bb5f-48ce-bb13-3d7f6b9d6732@group-5380C7D647F2: changes role from  FOLLOWER to CANDIDATE at term 0 for changeToCandidate
2019-09-25 06:33:57,900 [Thread-309] INFO  impl.RoleInfo (RoleInfo.java:updateAndGet(143)) - 2977e106-bb5f-48ce-bb13-3d7f6b9d6732: start LeaderElection
2019-09-25 06:33:57,974 [Thread-315] INFO  impl.FollowerState (FollowerState.java:run(106)) - 59047a66-3178-4e61-9c82-892aa22a5b81:group-99DA1549C481 changes to CANDIDATE, lastRpcTime:5082, electionTimeout:5082ms
2019-09-25 06:33:57,974 [Thread-315] INFO  impl.RoleInfo (RoleInfo.java:shutdownFollowerState(121)) - 59047a66-3178-4e61-9c82-892aa22a5b81: shutdown FollowerState
2019-09-25 06:33:57,975 [Thread-315] INFO  impl.RaftServerImpl (RaftServerImpl.java:setRole(174)) - 59047a66-3178-4e61-9c82-892aa22a5b81@group-99DA1549C481: changes role from  FOLLOWER to CANDIDATE at term 0 for changeToCandidate
2019-09-25 06:33:57,975 [Thread-315] INFO  impl.RoleInfo (RoleInfo.java:updateAndGet(143)) - 59047a66-3178-4e61-9c82-892aa22a5b81: start LeaderElection
2019-09-25 06:33:58,005 [Thread-319] INFO  impl.FollowerState (FollowerState.java:run(106)) - 313782b9-e18d-44cb-a4a7-8816635983d3:group-56B299CA57A1 changes to CANDIDATE, lastRpcTime:5024, electionTimeout:5024ms
2019-09-25 06:33:58,006 [Thread-319] INFO  impl.RoleInfo (RoleInfo.java:shutdownFollowerState(121)) - 313782b9-e18d-44cb-a4a7-8816635983d3: shutdown FollowerState
2019-09-25 06:33:58,006 [Thread-319] INFO  impl.RaftServerImpl (RaftServerImpl.java:setRole(174)) - 313782b9-e18d-44cb-a4a7-8816635983d3@group-56B299CA57A1: changes role from  FOLLOWER to CANDIDATE at term 0 for changeToCandidate
2019-09-25 06:33:58,006 [Thread-319] INFO  impl.RoleInfo (RoleInfo.java:updateAndGet(143)) - 313782b9-e18d-44cb-a4a7-8816635983d3: start LeaderElection
2019-09-25 06:33:58,118 [Thread-322] INFO  impl.FollowerState (FollowerState.java:run(106)) - 49960203-aee6-4047-85fd-ecacef3efebf:group-8FB31ACDEDC4 changes to CANDIDATE, lastRpcTime:5070, electionTimeout:5070ms
2019-09-25 06:33:58,118 [Thread-322] INFO  impl.RoleInfo (RoleInfo.java:shutdownFollowerState(121)) - 49960203-aee6-4047-85fd-ecacef3efebf: shutdown FollowerState
2019-09-25 06:33:58,119 [Thread-322] INFO  impl.RaftServerImpl (RaftServerImpl.java:setRole(174)) - 49960203-aee6-4047-85fd-ecacef3efebf@group-8FB31ACDEDC4: changes role from  FOLLOWER to CANDIDATE at term 0 for changeToCandidate
2019-09-25 06:33:58,119 [Thread-322] INFO  impl.RoleInfo (RoleInfo.java:updateAndGet(143)) - 49960203-aee6-4047-85fd-ecacef3efebf: start LeaderElection
2019-09-25 06:33:58,198 [Thread-325] INFO  impl.FollowerState (FollowerState.java:run(106)) - f9a1adb5-ac95-4f8b-8632-8bfce9a5ce16:group-1974E36795F0 changes to CANDIDATE, lastRpcTime:5073, electionTimeout:5073ms
2019-09-25 06:33:58,198 [Thread-325] INFO  impl.RoleInfo (RoleInfo.java:shutdownFollowerState(121)) - f9a1adb5-ac95-4f8b-8632-8bfce9a5ce16: shutdown FollowerState
2019-09-25 06:33:58,199 [Thread-325] INFO  impl.RaftServerImpl (RaftServerImpl.java:setRole(174)) - f9a1adb5-ac95-4f8b-8632-8bfce9a5ce16@group-1974E36795F0: changes role from  FOLLOWER to CANDIDATE at term 0 for changeToCandidate
2019-09-25 06:33:58,199 [Thread-325] INFO  impl.RoleInfo (RoleInfo.java:updateAndGet(143)) - f9a1adb5-ac95-4f8b-8632-8bfce9a5ce16: start LeaderElection
2019-09-25 06:33:58,327 [Thread-336] INFO  impl.FollowerState (FollowerState.java:run(106)) - f64f24cc-0a31-403c-8370-70bfbc60f804:group-49111CF88755 changes to CANDIDATE, lastRpcTime:5001, electionTimeout:5001ms
2019-09-25 06:33:58,327 [Thread-336] INFO  impl.RoleInfo (RoleInfo.java:shutdownFollowerState(121)) - f64f24cc-0a31-403c-8370-70bfbc60f804: shutdown FollowerState
2019-09-25 06:33:58,327 [Thread-336] INFO  impl.RaftServerImpl (RaftServerImpl.java:setRole(174)) - f64f24cc-0a31-403c-8370-70bfbc60f804@group-49111CF88755: changes role from  FOLLOWER to CANDIDATE at term 0 for changeToCandidate
2019-09-25 06:33:58,328 [Thread-336] INFO  impl.RoleInfo (RoleInfo.java:updateAndGet(143)) - f64f24cc-0a31-403c-8370-70bfbc60f804: start LeaderElection
2019-09-25 06:33:58,367 [Thread-329] INFO  impl.FollowerState (FollowerState.java:run(106)) - 313782b9-e18d-44cb-a4a7-8816635983d3:group-DAF03E1835B3 changes to CANDIDATE, lastRpcTime:5162, electionTimeout:5162ms
2019-09-25 06:33:58,367 [Thread-329] INFO  impl.RoleInfo (RoleInfo.java:shutdownFollowerState(121)) - 313782b9-e18d-44cb-a4a7-8816635983d3: shutdown FollowerState
2019-09-25 06:33:58,367 [Thread-329] INFO  impl.RaftServerImpl (RaftServerImpl.java:setRole(174)) - 313782b9-e18d-44cb-a4a7-8816635983d3@group-DAF03E1835B3: changes role from  FOLLOWER to CANDIDATE at term 0 for changeToCandidate
2019-09-25 06:33:58,367 [Thread-329] INFO  impl.RoleInfo (RoleInfo.java:updateAndGet(143)) - 313782b9-e18d-44cb-a4a7-8816635983d3: start LeaderElection
2019-09-25 06:33:58,458 [Thread-333] INFO  impl.FollowerState (FollowerState.java:run(106)) - 59047a66-3178-4e61-9c82-892aa22a5b81:group-F55AE318680E changes to CANDIDATE, lastRpcTime:5200, electionTimeout:5200ms
2019-09-25 06:33:58,459 [Thread-333] INFO  impl.RoleInfo (RoleInfo.java:shutdownFollowerState(121)) - 59047a66-3178-4e61-9c82-892aa22a5b81: shutdown FollowerState
2019-09-25 06:33:58,459 [Thread-333] INFO  impl.RaftServerImpl (RaftServerImpl.java:setRole(174)) - 59047a66-3178-4e61-9c82-892aa22a5b81@group-F55AE318680E: changes role from  FOLLOWER to CANDIDATE at term 0 for changeToCandidate
2019-09-25 06:33:58,459 [Thread-333] INFO  impl.RoleInfo (RoleInfo.java:updateAndGet(143)) - 59047a66-3178-4e61-9c82-892aa22a5b81: start LeaderElection
2019-09-25 06:33:58,601 [Thread-339] INFO  impl.FollowerState (FollowerState.java:run(106)) - 2977e106-bb5f-48ce-bb13-3d7f6b9d6732:group-3E6E9A744F20 changes to CANDIDATE, lastRpcTime:5199, electionTimeout:5199ms
2019-09-25 06:33:58,601 [Thread-339] INFO  impl.RoleInfo (RoleInfo.java:shutdownFollowerState(121)) - 2977e106-bb5f-48ce-bb13-3d7f6b9d6732: shutdown FollowerState
2019-09-25 06:33:58,601 [Thread-339] INFO  impl.RaftServerImpl (RaftServerImpl.java:setRole(174)) - 2977e106-bb5f-48ce-bb13-3d7f6b9d6732@group-3E6E9A744F20: changes role from  FOLLOWER to CANDIDATE at term 0 for changeToCandidate
2019-09-25 06:33:58,601 [Thread-339] INFO  impl.RoleInfo (RoleInfo.java:updateAndGet(143)) - 2977e106-bb5f-48ce-bb13-3d7f6b9d6732: start LeaderElection
2019-09-25 06:33:58,962 [Thread-342] INFO  impl.FollowerState (FollowerState.java:run(106)) - ada091b4-9675-42a7-afd4-5850bd9f4e78:group-071BE83B3689 changes to CANDIDATE, lastRpcTime:5128, electionTimeout:5128ms
2019-09-25 06:33:58,962 [Thread-342] INFO  impl.RoleInfo (RoleInfo.java:shutdownFollowerState(121)) - ada091b4-9675-42a7-afd4-5850bd9f4e78: shutdown FollowerState
2019-09-25 06:33:58,962 [Thread-342] INFO  impl.RaftServerImpl (RaftServerImpl.java:setRole(174)) - ada091b4-9675-42a7-afd4-5850bd9f4e78@group-071BE83B3689: changes role from  FOLLOWER to CANDIDATE at term 0 for changeToCandidate
2019-09-25 06:33:58,962 [Thread-342] INFO  impl.RoleInfo (RoleInfo.java:updateAndGet(143)) - ada091b4-9675-42a7-afd4-5850bd9f4e78: start LeaderElection
2019-09-25 06:33:59,050 [Thread-351] INFO  impl.FollowerState (FollowerState.java:run(106)) - 59047a66-3178-4e61-9c82-892aa22a5b81:group-2FA50E43BD3C changes to CANDIDATE, lastRpcTime:5046, electionTimeout:5046ms
2019-09-25 06:33:59,050 [Thread-351] INFO  impl.RoleInfo (RoleInfo.java:shutdownFollowerState(121)) - 59047a66-3178-4e61-9c82-892aa22a5b81: shutdown FollowerState
2019-09-25 06:33:59,051 [Thread-351] INFO  impl.RaftServerImpl (RaftServerImpl.java:setRole(174)) - 59047a66-3178-4e61-9c82-892aa22a5b81@group-2FA50E43BD3C: changes role from  FOLLOWER to CANDIDATE at term 0 for changeToCandidate
2019-09-25 06:33:59,051 [Thread-351] INFO  impl.RoleInfo (RoleInfo.java:updateAndGet(143)) - 59047a66-3178-4e61-9c82-892aa22a5b81: start LeaderElection
2019-09-25 06:33:59,086 [Thread-346] INFO  impl.FollowerState (FollowerState.java:run(106)) - 81f06f72-72c9-4329-855f-4bc73f7e5da2:group-C4515C1B56D7 changes to CANDIDATE, lastRpcTime:5176, electionTimeout:5168ms
2019-09-25 06:33:59,086 [Thread-346] INFO  impl.RoleInfo (RoleInfo.java:shutdownFollowerState(121)) - 81f06f72-72c9-4329-855f-4bc73f7e5da2: shutdown FollowerState
2019-09-25 06:33:59,086 [Thread-346] INFO  impl.RaftServerImpl (RaftServerImpl.java:setRole(174)) - 81f06f72-72c9-4329-855f-4bc73f7e5da2@group-C4515C1B56D7: changes role from  FOLLOWER to CANDIDATE at term 0 for changeToCandidate
2019-09-25 06:33:59,086 [Thread-346] INFO  impl.RoleInfo (RoleInfo.java:updateAndGet(143)) - 81f06f72-72c9-4329-855f-4bc73f7e5da2: start LeaderElection
2019-09-25 06:33:59,184 [Thread-354] INFO  impl.FollowerState (FollowerState.java:run(106)) - 2977e106-bb5f-48ce-bb13-3d7f6b9d6732:group-D73F45324AEE changes to CANDIDATE, lastRpcTime:5118, electionTimeout:5118ms
2019-09-25 06:33:59,185 [Thread-354] INFO  impl.RoleInfo (RoleInfo.java:shutdownFollowerState(121)) - 2977e106-bb5f-48ce-bb13-3d7f6b9d6732: shutdown FollowerState
2019-09-25 06:33:59,185 [Thread-354] INFO  impl.RaftServerImpl (RaftServerImpl.java:setRole(174)) - 2977e106-bb5f-48ce-bb13-3d7f6b9d6732@group-D73F45324AEE: changes role from  FOLLOWER to CANDIDATE at term 0 for changeToCandidate
2019-09-25 06:33:59,185 [Thread-354] INFO  impl.RoleInfo (RoleInfo.java:updateAndGet(143)) - 2977e106-bb5f-48ce-bb13-3d7f6b9d6732: start LeaderElection
2019-09-25 06:33:59,305 [Thread-357] INFO  impl.FollowerState (FollowerState.java:run(106)) - f9a1adb5-ac95-4f8b-8632-8bfce9a5ce16:group-574076A47EFF changes to CANDIDATE, lastRpcTime:5172, electionTimeout:5172ms
2019-09-25 06:33:59,306 [Thread-357] INFO  impl.RoleInfo (RoleInfo.java:shutdownFollowerState(121)) - f9a1adb5-ac95-4f8b-8632-8bfce9a5ce16: shutdown FollowerState
2019-09-25 06:33:59,306 [Thread-357] INFO  impl.RaftServerImpl (RaftServerImpl.java:setRole(174)) - f9a1adb5-ac95-4f8b-8632-8bfce9a5ce16@group-574076A47EFF: changes role from  FOLLOWER to CANDIDATE at term 0 for changeToCandidate
2019-09-25 06:33:59,306 [Thread-357] INFO  impl.RoleInfo (RoleInfo.java:updateAndGet(143)) - f9a1adb5-ac95-4f8b-8632-8bfce9a5ce16: start LeaderElection
2019-09-25 06:33:59,343 [Thread-366] INFO  impl.FollowerState (FollowerState.java:run(106)) - f9a1adb5-ac95-4f8b-8632-8bfce9a5ce16:group-6643F46BE229 changes to CANDIDATE, lastRpcTime:5042, electionTimeout:5042ms
2019-09-25 06:33:59,343 [Thread-366] INFO  impl.RoleInfo (RoleInfo.java:shutdownFollowerState(121)) - f9a1adb5-ac95-4f8b-8632-8bfce9a5ce16: shutdown FollowerState
2019-09-25 06:33:59,343 [Thread-366] INFO  impl.RaftServerImpl (RaftServerImpl.java:setRole(174)) - f9a1adb5-ac95-4f8b-8632-8bfce9a5ce16@group-6643F46BE229: changes role from  FOLLOWER to CANDIDATE at term 0 for changeToCandidate
2019-09-25 06:33:59,343 [Thread-366] INFO  impl.RoleInfo (RoleInfo.java:updateAndGet(143)) - f9a1adb5-ac95-4f8b-8632-8bfce9a5ce16: start LeaderElection
2019-09-25 06:33:59,360 [Thread-363] INFO  impl.FollowerState (FollowerState.java:run(106)) - ada091b4-9675-42a7-afd4-5850bd9f4e78:group-209C792F5FF5 changes to CANDIDATE, lastRpcTime:5108, electionTimeout:5108ms
2019-09-25 06:33:59,360 [Thread-363] INFO  impl.RoleInfo (RoleInfo.java:shutdownFollowerState(121)) - ada091b4-9675-42a7-afd4-5850bd9f4e78: shutdown FollowerState
2019-09-25 06:33:59,360 [Thread-363] INFO  impl.RaftServerImpl (RaftServerImpl.java:setRole(174)) - ada091b4-9675-42a7-afd4-5850bd9f4e78@group-209C792F5FF5: changes role from  FOLLOWER to CANDIDATE at term 0 for changeToCandidate
2019-09-25 06:33:59,360 [Thread-363] INFO  impl.RoleInfo (RoleInfo.java:updateAndGet(143)) - ada091b4-9675-42a7-afd4-5850bd9f4e78: start LeaderElection
2019-09-25 06:33:59,386 [Thread-360] INFO  impl.FollowerState (FollowerState.java:run(106)) - 59047a66-3178-4e61-9c82-892aa22a5b81:group-B859B4EADA08 changes to CANDIDATE, lastRpcTime:5191, electionTimeout:5191ms
2019-09-25 06:33:59,386 [Thread-360] INFO  impl.RoleInfo (RoleInfo.java:shutdownFollowerState(121)) - 59047a66-3178-4e61-9c82-892aa22a5b81: shutdown FollowerState
2019-09-25 06:33:59,387 [Thread-360] INFO  impl.RaftServerImpl (RaftServerImpl.java:setRole(174)) - 59047a66-3178-4e61-9c82-892aa22a5b81@group-B859B4EADA08: changes role from  FOLLOWER to CANDIDATE at term 0 for changeToCandidate
2019-09-25 06:33:59,387 [Thread-360] INFO  impl.RoleInfo (RoleInfo.java:updateAndGet(143)) - 59047a66-3178-4e61-9c82-892aa22a5b81: start LeaderElection
2019-09-25 06:33:59,390 [Thread-369] INFO  impl.FollowerState (FollowerState.java:run(106)) - 9f1e8130-5807-4ed4-a5b5-273b79efb982:group-6F9D63031104 changes to CANDIDATE, lastRpcTime:5042, electionTimeout:5042ms
2019-09-25 06:33:59,391 [Thread-369] INFO  impl.RoleInfo (RoleInfo.java:shutdownFollowerState(121)) - 9f1e8130-5807-4ed4-a5b5-273b79efb982: shutdown FollowerState
2019-09-25 06:33:59,391 [Thread-369] INFO  impl.RaftServerImpl (RaftServerImpl.java:setRole(174)) - 9f1e8130-5807-4ed4-a5b5-273b79efb982@group-6F9D63031104: changes role from  FOLLOWER to CANDIDATE at term 0 for changeToCandidate
2019-09-25 06:33:59,391 [Thread-369] INFO  impl.RoleInfo (RoleInfo.java:updateAndGet(143)) - 9f1e8130-5807-4ed4-a5b5-273b79efb982: start LeaderElection
2019-09-25 06:33:59,542 [Thread-375] INFO  impl.FollowerState (FollowerState.java:run(106)) - ada091b4-9675-42a7-afd4-5850bd9f4e78:group-AA114494D80C changes to CANDIDATE, lastRpcTime:5064, electionTimeout:5064ms
2019-09-25 06:33:59,542 [Thread-375] INFO  impl.RoleInfo (RoleInfo.java:shutdownFollowerState(121)) - ada091b4-9675-42a7-afd4-5850bd9f4e78: shutdown FollowerState
2019-09-25 06:33:59,542 [Thread-375] INFO  impl.RaftServerImpl (RaftServerImpl.java:setRole(174)) - ada091b4-9675-42a7-afd4-5850bd9f4e78@group-AA114494D80C: changes role from  FOLLOWER to CANDIDATE at term 0 for changeToCandidate
2019-09-25 06:33:59,542 [Thread-375] INFO  impl.RoleInfo (RoleInfo.java:updateAndGet(143)) - ada091b4-9675-42a7-afd4-5850bd9f4e78: start LeaderElection
2019-09-25 06:33:59,564 [Thread-372] INFO  impl.FollowerState (FollowerState.java:run(106)) - 9f1e8130-5807-4ed4-a5b5-273b79efb982:group-524783405F08 changes to CANDIDATE, lastRpcTime:5167, electionTimeout:5167ms
2019-09-25 06:33:59,564 [Thread-372] INFO  impl.RoleInfo (RoleInfo.java:shutdownFollowerState(121)) - 9f1e8130-5807-4ed4-a5b5-273b79efb982: shutdown FollowerState
2019-09-25 06:33:59,565 [Thread-372] INFO  impl.RaftServerImpl (RaftServerImpl.java:setRole(174)) - 9f1e8130-5807-4ed4-a5b5-273b79efb982@group-524783405F08: changes role from  FOLLOWER to CANDIDATE at term 0 for changeToCandidate
2019-09-25 06:33:59,565 [Thread-372] INFO  impl.RoleInfo (RoleInfo.java:updateAndGet(143)) - 9f1e8130-5807-4ed4-a5b5-273b79efb982: start LeaderElection
2019-09-25 06:33:59,896 [Thread-378] INFO  impl.FollowerState (FollowerState.java:run(106)) - f64f24cc-0a31-403c-8370-70bfbc60f804:group-33429AF2912F changes to CANDIDATE, lastRpcTime:5367, electionTimeout:5149ms
2019-09-25 06:33:59,897 [Thread-378] INFO  impl.RoleInfo (RoleInfo.java:shutdownFollowerState(121)) - f64f24cc-0a31-403c-8370-70bfbc60f804: shutdown FollowerState
2019-09-25 06:33:59,897 [Thread-378] INFO  impl.RaftServerImpl (RaftServerImpl.java:setRole(174)) - f64f24cc-0a31-403c-8370-70bfbc60f804@group-33429AF2912F: changes role from  FOLLOWER to CANDIDATE at term 0 for changeToCandidate
2019-09-25 06:33:59,898 [Thread-378] INFO  impl.RoleInfo (RoleInfo.java:updateAndGet(143)) - f64f24cc-0a31-403c-8370-70bfbc60f804: start LeaderElection
2019-09-25 06:34:00,199 [SCM Heartbeat Processing Thread - 0] ERROR node.NodeStateManager (NodeStateManager.java:checkNodesHealth(635)) - Total time spend processing datanode HB's is greater than configured values for datanode heartbeats. Please adjust the heartbeat configs. Time Spend on HB processing: 0 seconds Datanode heartbeat Interval: 100 seconds.
2019-09-25 06:34:00,212 [Thread-381] INFO  impl.FollowerState (FollowerState.java:run(106)) - ada091b4-9675-42a7-afd4-5850bd9f4e78:group-7104373670D1 changes to CANDIDATE, lastRpcTime:5633, electionTimeout:5140ms
2019-09-25 06:34:00,214 [Thread-381] INFO  impl.RoleInfo (RoleInfo.java:shutdownFollowerState(121)) - ada091b4-9675-42a7-afd4-5850bd9f4e78: shutdown FollowerState
2019-09-25 06:34:00,215 [Thread-381] INFO  impl.RaftServerImpl (RaftServerImpl.java:setRole(174)) - ada091b4-9675-42a7-afd4-5850bd9f4e78@group-7104373670D1: changes role from  FOLLOWER to CANDIDATE at term 0 for changeToCandidate
2019-09-25 06:34:00,217 [Thread-381] INFO  impl.RoleInfo (RoleInfo.java:updateAndGet(143)) - ada091b4-9675-42a7-afd4-5850bd9f4e78: start LeaderElection
2019-09-25 06:34:00,679 [RATISCREATEPIPELINE1] ERROR pipeline.RatisPipelineProvider (RatisPipelineProvider.java:lambda$null$2(181)) - Failed invoke Ratis rpc org.apache.hadoop.hdds.scm.pipeline.RatisPipelineProvider$$Lambda$186/1344066393@653af836 for 313782b9-e18d-44cb-a4a7-8816635983d3
org.apache.ratis.protocol.TimeoutIOException: deadline exceeded after 2997239247ns
	at org.apache.ratis.grpc.GrpcUtil.tryUnwrapException(GrpcUtil.java:82)
	at org.apache.ratis.grpc.GrpcUtil.unwrapException(GrpcUtil.java:75)
	at org.apache.ratis.grpc.client.GrpcClientProtocolClient.blockingCall(GrpcClientProtocolClient.java:178)
	at org.apache.ratis.grpc.client.GrpcClientProtocolClient.groupAdd(GrpcClientProtocolClient.java:147)
	at org.apache.ratis.grpc.client.GrpcClientRpc.sendRequest(GrpcClientRpc.java:94)
	at org.apache.ratis.client.impl.RaftClientImpl.sendRequest(RaftClientImpl.java:278)
	at org.apache.ratis.client.impl.RaftClientImpl.groupAdd(RaftClientImpl.java:205)
	at org.apache.hadoop.hdds.scm.pipeline.RatisPipelineProvider.lambda$initializePipeline$1(RatisPipelineProvider.java:142)
	at org.apache.hadoop.hdds.scm.pipeline.RatisPipelineProvider.lambda$null$2(RatisPipelineProvider.java:177)
	at java.util.stream.ForEachOps$ForEachOp$OfRef.accept(ForEachOps.java:184)
	at java.util.ArrayList$ArrayListSpliterator.forEachRemaining(ArrayList.java:1382)
	at java.util.stream.AbstractPipeline.copyInto(AbstractPipeline.java:482)
	at java.util.stream.ForEachOps$ForEachTask.compute(ForEachOps.java:291)
	at java.util.concurrent.CountedCompleter.exec(CountedCompleter.java:731)
	at java.util.concurrent.ForkJoinTask.doExec(ForkJoinTask.java:289)
	at java.util.concurrent.ForkJoinTask.doInvoke(ForkJoinTask.java:401)
	at java.util.concurrent.ForkJoinTask.invoke(ForkJoinTask.java:734)
	at java.util.stream.ForEachOps$ForEachOp.evaluateParallel(ForEachOps.java:160)
	at java.util.stream.ForEachOps$ForEachOp$OfRef.evaluateParallel(ForEachOps.java:174)
	at java.util.stream.AbstractPipeline.evaluate(AbstractPipeline.java:233)
	at java.util.stream.ReferencePipeline.forEach(ReferencePipeline.java:418)
	at java.util.stream.ReferencePipeline$Head.forEach(ReferencePipeline.java:583)
	at org.apache.hadoop.hdds.scm.pipeline.RatisPipelineProvider.lambda$callRatisRpc$3(RatisPipelineProvider.java:171)
	at java.util.concurrent.ForkJoinTask$AdaptedRunnableAction.exec(ForkJoinTask.java:1386)
	at java.util.concurrent.ForkJoinTask.doExec(ForkJoinTask.java:289)
	at java.util.concurrent.ForkJoinPool$WorkQueue.runTask(ForkJoinPool.java:1056)
	at java.util.concurrent.ForkJoinPool.runWorker(ForkJoinPool.java:1692)
	at java.util.concurrent.ForkJoinWorkerThread.run(ForkJoinWorkerThread.java:157)
Caused by: org.apache.ratis.thirdparty.io.grpc.StatusRuntimeException: DEADLINE_EXCEEDED: deadline exceeded after 2997239247ns
	at org.apache.ratis.thirdparty.io.grpc.stub.ClientCalls.toStatusRuntimeException(ClientCalls.java:233)
	at org.apache.ratis.thirdparty.io.grpc.stub.ClientCalls.getUnchecked(ClientCalls.java:214)
	at org.apache.ratis.thirdparty.io.grpc.stub.ClientCalls.blockingUnaryCall(ClientCalls.java:139)
	at org.apache.ratis.proto.grpc.AdminProtocolServiceGrpc$AdminProtocolServiceBlockingStub.groupManagement(AdminProtocolServiceGrpc.java:274)
	at org.apache.ratis.grpc.client.GrpcClientProtocolClient.lambda$groupAdd$3(GrpcClientProtocolClient.java:149)
	at org.apache.ratis.grpc.client.GrpcClientProtocolClient.blockingCall(GrpcClientProtocolClient.java:176)
	... 25 more
2019-09-25 06:34:00,682 [RATISCREATEPIPELINE2] ERROR pipeline.RatisPipelineProvider (RatisPipelineProvider.java:lambda$null$2(181)) - Failed invoke Ratis rpc org.apache.hadoop.hdds.scm.pipeline.RatisPipelineProvider$$Lambda$186/1344066393@653af836 for 81f06f72-72c9-4329-855f-4bc73f7e5da2
org.apache.ratis.protocol.TimeoutIOException: deadline exceeded after 2996944559ns
	at org.apache.ratis.grpc.GrpcUtil.tryUnwrapException(GrpcUtil.java:82)
	at org.apache.ratis.grpc.GrpcUtil.unwrapException(GrpcUtil.java:75)
	at org.apache.ratis.grpc.client.GrpcClientProtocolClient.blockingCall(GrpcClientProtocolClient.java:178)
	at org.apache.ratis.grpc.client.GrpcClientProtocolClient.groupAdd(GrpcClientProtocolClient.java:147)
	at org.apache.ratis.grpc.client.GrpcClientRpc.sendRequest(GrpcClientRpc.java:94)
	at org.apache.ratis.client.impl.RaftClientImpl.sendRequest(RaftClientImpl.java:278)
	at org.apache.ratis.client.impl.RaftClientImpl.groupAdd(RaftClientImpl.java:205)
	at org.apache.hadoop.hdds.scm.pipeline.RatisPipelineProvider.lambda$initializePipeline$1(RatisPipelineProvider.java:142)
	at org.apache.hadoop.hdds.scm.pipeline.RatisPipelineProvider.lambda$null$2(RatisPipelineProvider.java:177)
	at java.util.stream.ForEachOps$ForEachOp$OfRef.accept(ForEachOps.java:184)
	at java.util.ArrayList$ArrayListSpliterator.forEachRemaining(ArrayList.java:1382)
	at java.util.stream.AbstractPipeline.copyInto(AbstractPipeline.java:482)
	at java.util.stream.ForEachOps$ForEachTask.compute(ForEachOps.java:291)
	at java.util.concurrent.CountedCompleter.exec(CountedCompleter.java:731)
	at java.util.concurrent.ForkJoinTask.doExec(ForkJoinTask.java:289)
	at java.util.concurrent.ForkJoinPool$WorkQueue.runTask(ForkJoinPool.java:1056)
	at java.util.concurrent.ForkJoinPool.runWorker(ForkJoinPool.java:1692)
	at java.util.concurrent.ForkJoinWorkerThread.run(ForkJoinWorkerThread.java:157)
Caused by: org.apache.ratis.thirdparty.io.grpc.StatusRuntimeException: DEADLINE_EXCEEDED: deadline exceeded after 2996944559ns
	at org.apache.ratis.thirdparty.io.grpc.stub.ClientCalls.toStatusRuntimeException(ClientCalls.java:233)
	at org.apache.ratis.thirdparty.io.grpc.stub.ClientCalls.getUnchecked(ClientCalls.java:214)
	at org.apache.ratis.thirdparty.io.grpc.stub.ClientCalls.blockingUnaryCall(ClientCalls.java:139)
	at org.apache.ratis.proto.grpc.AdminProtocolServiceGrpc$AdminProtocolServiceBlockingStub.groupManagement(AdminProtocolServiceGrpc.java:274)
	at org.apache.ratis.grpc.client.GrpcClientProtocolClient.lambda$groupAdd$3(GrpcClientProtocolClient.java:149)
	at org.apache.ratis.grpc.client.GrpcClientProtocolClient.blockingCall(GrpcClientProtocolClient.java:176)
	... 15 more
2019-09-25 06:34:00,679 [RATISCREATEPIPELINE3] ERROR pipeline.RatisPipelineProvider (RatisPipelineProvider.java:lambda$null$2(181)) - Failed invoke Ratis rpc org.apache.hadoop.hdds.scm.pipeline.RatisPipelineProvider$$Lambda$186/1344066393@653af836 for 49960203-aee6-4047-85fd-ecacef3efebf
org.apache.ratis.protocol.TimeoutIOException: deadline exceeded after 2996979072ns
	at org.apache.ratis.grpc.GrpcUtil.tryUnwrapException(GrpcUtil.java:82)
	at org.apache.ratis.grpc.GrpcUtil.unwrapException(GrpcUtil.java:75)
	at org.apache.ratis.grpc.client.GrpcClientProtocolClient.blockingCall(GrpcClientProtocolClient.java:178)
	at org.apache.ratis.grpc.client.GrpcClientProtocolClient.groupAdd(GrpcClientProtocolClient.java:147)
	at org.apache.ratis.grpc.client.GrpcClientRpc.sendRequest(GrpcClientRpc.java:94)
	at org.apache.ratis.client.impl.RaftClientImpl.sendRequest(RaftClientImpl.java:278)
	at org.apache.ratis.client.impl.RaftClientImpl.groupAdd(RaftClientImpl.java:205)
	at org.apache.hadoop.hdds.scm.pipeline.RatisPipelineProvider.lambda$initializePipeline$1(RatisPipelineProvider.java:142)
	at org.apache.hadoop.hdds.scm.pipeline.RatisPipelineProvider.lambda$null$2(RatisPipelineProvider.java:177)
	at java.util.stream.ForEachOps$ForEachOp$OfRef.accept(ForEachOps.java:184)
	at java.util.ArrayList$ArrayListSpliterator.forEachRemaining(ArrayList.java:1382)
	at java.util.stream.AbstractPipeline.copyInto(AbstractPipeline.java:482)
	at java.util.stream.ForEachOps$ForEachTask.compute(ForEachOps.java:291)
	at java.util.concurrent.CountedCompleter.exec(CountedCompleter.java:731)
	at java.util.concurrent.ForkJoinTask.doExec(ForkJoinTask.java:289)
	at java.util.concurrent.ForkJoinPool$WorkQueue.runTask(ForkJoinPool.java:1056)
	at java.util.concurrent.ForkJoinPool.runWorker(ForkJoinPool.java:1692)
	at java.util.concurrent.ForkJoinWorkerThread.run(ForkJoinWorkerThread.java:157)
Caused by: org.apache.ratis.thirdparty.io.grpc.StatusRuntimeException: DEADLINE_EXCEEDED: deadline exceeded after 2996979072ns
	at org.apache.ratis.thirdparty.io.grpc.stub.ClientCalls.toStatusRuntimeException(ClientCalls.java:233)
	at org.apache.ratis.thirdparty.io.grpc.stub.ClientCalls.getUnchecked(ClientCalls.java:214)
	at org.apache.ratis.thirdparty.io.grpc.stub.ClientCalls.blockingUnaryCall(ClientCalls.java:139)
	at org.apache.ratis.proto.grpc.AdminProtocolServiceGrpc$AdminProtocolServiceBlockingStub.groupManagement(AdminProtocolServiceGrpc.java:274)
	at org.apache.ratis.grpc.client.GrpcClientProtocolClient.lambda$groupAdd$3(GrpcClientProtocolClient.java:149)
	at org.apache.ratis.grpc.client.GrpcClientProtocolClient.blockingCall(GrpcClientProtocolClient.java:176)
	... 15 more
2019-09-25 06:34:00,693 [RatisPipelineUtilsThread] ERROR pipeline.SCMPipelineManager (SCMPipelineManager.java:createPipeline(167)) - Pipeline creation failed.
org.apache.hadoop.io.MultipleIOException: 3 exceptions [java.io.IOException: Failed invoke Ratis rpc org.apache.hadoop.hdds.scm.pipeline.RatisPipelineProvider$$Lambda$186/1344066393@653af836 for 313782b9-e18d-44cb-a4a7-8816635983d3, java.io.IOException: Failed invoke Ratis rpc org.apache.hadoop.hdds.scm.pipeline.RatisPipelineProvider$$Lambda$186/1344066393@653af836 for 81f06f72-72c9-4329-855f-4bc73f7e5da2, java.io.IOException: Failed invoke Ratis rpc org.apache.hadoop.hdds.scm.pipeline.RatisPipelineProvider$$Lambda$186/1344066393@653af836 for 49960203-aee6-4047-85fd-ecacef3efebf]
	at org.apache.hadoop.io.MultipleIOException.createIOException(MultipleIOException.java:53)
	at org.apache.hadoop.hdds.scm.pipeline.RatisPipelineProvider.callRatisRpc(RatisPipelineProvider.java:197)
	at org.apache.hadoop.hdds.scm.pipeline.RatisPipelineProvider.initializePipeline(RatisPipelineProvider.java:140)
	at org.apache.hadoop.hdds.scm.pipeline.RatisPipelineProvider.create(RatisPipelineProvider.java:109)
	at org.apache.hadoop.hdds.scm.pipeline.PipelineFactory.create(PipelineFactory.java:58)
	at org.apache.hadoop.hdds.scm.pipeline.SCMPipelineManager.createPipeline(SCMPipelineManager.java:155)
	at org.apache.hadoop.hdds.scm.pipeline.BackgroundPipelineCreator.createPipelines(BackgroundPipelineCreator.java:99)
	at java.util.concurrent.Executors$RunnableAdapter.call(Executors.java:511)
	at java.util.concurrent.FutureTask.run(FutureTask.java:266)
	at java.util.concurrent.ScheduledThreadPoolExecutor$ScheduledFutureTask.access$201(ScheduledThreadPoolExecutor.java:180)
	at java.util.concurrent.ScheduledThreadPoolExecutor$ScheduledFutureTask.run(ScheduledThreadPoolExecutor.java:293)
	at java.util.concurrent.ThreadPoolExecutor.runWorker(ThreadPoolExecutor.java:1149)
	at java.util.concurrent.ThreadPoolExecutor$Worker.run(ThreadPoolExecutor.java:624)
	at java.lang.Thread.run(Thread.java:748)
2019-09-25 06:34:00,695 [RatisPipelineUtilsThread] INFO  pipeline.PipelinePlacementPolicy (PipelinePlacementPolicy.java:meetCriteria(91)) - Pipeline Placement: can't place more pipeline on heavy datanode： f9a1adb5-ac95-4f8b-8632-8bfce9a5ce16 Heaviness: 6 limit: 5
2019-09-25 06:34:00,695 [RatisPipelineUtilsThread] INFO  pipeline.PipelinePlacementPolicy (PipelinePlacementPolicy.java:meetCriteria(91)) - Pipeline Placement: can't place more pipeline on heavy datanode： 59047a66-3178-4e61-9c82-892aa22a5b81 Heaviness: 6 limit: 5
2019-09-25 06:34:00,707 [grpc-default-executor-0] INFO  impl.RaftServerProxy (RaftServerProxy.java:addNew(89)) - 313782b9-e18d-44cb-a4a7-8816635983d3: addNew group-DD2E0293C18B:[313782b9-e18d-44cb-a4a7-8816635983d3:192.168.164.207:33244] returns group-DD2E0293C18B:java.util.concurrent.CompletableFuture@6386d1d0[Not completed]
2019-09-25 06:34:01,454 [pool-87-thread-1] INFO  storage.RaftStorageDirectory (RaftStorageDirectory.java:tryLock(328)) - Lock on /workdir/hadoop-ozone/ozonefs/target/test-dir/MiniOzoneClusterImpl-d97e1daa-6e0c-4900-b1c9-997de4e3459a/datanode-6/data/ratis/6cf68888-c776-45f8-83fa-56c81175de97/in_use.lock acquired by nodename 9063@pr-hdds-1569-s44lr-3492059363
2019-09-25 06:34:01,652 [pool-67-thread-1] INFO  storage.RaftStorageDirectory (RaftStorageDirectory.java:tryLock(328)) - Lock on /workdir/hadoop-ozone/ozonefs/target/test-dir/MiniOzoneClusterImpl-d97e1daa-6e0c-4900-b1c9-997de4e3459a/datanode-4/data/ratis/b0d93935-a9ea-4875-92a9-ac61b04265ad/in_use.lock acquired by nodename 9063@pr-hdds-1569-s44lr-3492059363
2019-09-25 06:34:01,652 [pool-27-thread-1] INFO  storage.RaftStorageDirectory (RaftStorageDirectory.java:tryLock(328)) - Lock on /workdir/hadoop-ozone/ozonefs/target/test-dir/MiniOzoneClusterImpl-d97e1daa-6e0c-4900-b1c9-997de4e3459a/datanode-0/data/ratis/b0d93935-a9ea-4875-92a9-ac61b04265ad/in_use.lock acquired by nodename 9063@pr-hdds-1569-s44lr-3492059363
2019-09-25 06:34:01,652 [pool-107-thread-1] INFO  storage.RaftStorageDirectory (RaftStorageDirectory.java:tryLock(328)) - Lock on /workdir/hadoop-ozone/ozonefs/target/test-dir/MiniOzoneClusterImpl-d97e1daa-6e0c-4900-b1c9-997de4e3459a/datanode-8/data/ratis/b0d93935-a9ea-4875-92a9-ac61b04265ad/in_use.lock acquired by nodename 9063@pr-hdds-1569-s44lr-3492059363
2019-09-25 06:34:01,663 [59047a66-3178-4e61-9c82-892aa22a5b81@group-F55AE318680E:LeaderElection17] INFO  impl.LeaderElection (LeaderElection.java:askForVotes(182)) - 59047a66-3178-4e61-9c82-892aa22a5b81@group-F55AE318680E:LeaderElection17: begin an election at term 1 for -1: [59047a66-3178-4e61-9c82-892aa22a5b81:192.168.164.207:38018], old=null
2019-09-25 06:34:01,676 [313782b9-e18d-44cb-a4a7-8816635983d3@group-DAF03E1835B3:LeaderElection16] INFO  impl.LeaderElection (LeaderElection.java:askForVotes(182)) - 313782b9-e18d-44cb-a4a7-8816635983d3@group-DAF03E1835B3:LeaderElection16: begin an election at term 1 for -1: [313782b9-e18d-44cb-a4a7-8816635983d3:192.168.164.207:33244], old=null
2019-09-25 06:34:01,676 [f9a1adb5-ac95-4f8b-8632-8bfce9a5ce16@group-6643F46BE229:LeaderElection24] INFO  impl.LeaderElection (LeaderElection.java:askForVotes(182)) - f9a1adb5-ac95-4f8b-8632-8bfce9a5ce16@group-6643F46BE229:LeaderElection24: begin an election at term 1 for -1: [f9a1adb5-ac95-4f8b-8632-8bfce9a5ce16:192.168.164.207:36912], old=null
2019-09-25 06:34:01,676 [9f1e8130-5807-4ed4-a5b5-273b79efb982@group-524783405F08:LeaderElection29] INFO  impl.LeaderElection (LeaderElection.java:askForVotes(182)) - 9f1e8130-5807-4ed4-a5b5-273b79efb982@group-524783405F08:LeaderElection29: begin an election at term 1 for -1: [9f1e8130-5807-4ed4-a5b5-273b79efb982:192.168.164.207:40481], old=null
2019-09-25 06:34:01,675 [9f1e8130-5807-4ed4-a5b5-273b79efb982@group-6F9D63031104:LeaderElection27] INFO  impl.LeaderElection (LeaderElection.java:askForVotes(182)) - 9f1e8130-5807-4ed4-a5b5-273b79efb982@group-6F9D63031104:LeaderElection27: begin an election at term 1 for -1: [9f1e8130-5807-4ed4-a5b5-273b79efb982:192.168.164.207:40481], old=null
2019-09-25 06:34:01,675 [59047a66-3178-4e61-9c82-892aa22a5b81@group-2FA50E43BD3C:LeaderElection20] INFO  impl.LeaderElection (LeaderElection.java:askForVotes(182)) - 59047a66-3178-4e61-9c82-892aa22a5b81@group-2FA50E43BD3C:LeaderElection20: begin an election at term 1 for -1: [59047a66-3178-4e61-9c82-892aa22a5b81:192.168.164.207:38018], old=null
2019-09-25 06:34:01,675 [59047a66-3178-4e61-9c82-892aa22a5b81@group-B859B4EADA08:LeaderElection26] INFO  impl.LeaderElection (LeaderElection.java:askForVotes(182)) - 59047a66-3178-4e61-9c82-892aa22a5b81@group-B859B4EADA08:LeaderElection26: begin an election at term 1 for -1: [59047a66-3178-4e61-9c82-892aa22a5b81:192.168.164.207:38018], old=null
2019-09-25 06:34:01,675 [f9a1adb5-ac95-4f8b-8632-8bfce9a5ce16@group-574076A47EFF:LeaderElection23] INFO  impl.LeaderElection (LeaderElection.java:askForVotes(182)) - f9a1adb5-ac95-4f8b-8632-8bfce9a5ce16@group-574076A47EFF:LeaderElection23: begin an election at term 1 for -1: [f9a1adb5-ac95-4f8b-8632-8bfce9a5ce16:192.168.164.207:36912], old=null
2019-09-25 06:34:01,663 [f64f24cc-0a31-403c-8370-70bfbc60f804@group-49111CF88755:LeaderElection15] INFO  impl.LeaderElection (LeaderElection.java:askForVotes(182)) - f64f24cc-0a31-403c-8370-70bfbc60f804@group-49111CF88755:LeaderElection15: begin an election at term 1 for -1: [f64f24cc-0a31-403c-8370-70bfbc60f804:192.168.164.207:40060], old=null
2019-09-25 06:34:01,663 [f64f24cc-0a31-403c-8370-70bfbc60f804@group-33429AF2912F:LeaderElection30] INFO  impl.LeaderElection (LeaderElection.java:askForVotes(182)) - f64f24cc-0a31-403c-8370-70bfbc60f804@group-33429AF2912F:LeaderElection30: begin an election at term 1 for -1: [f64f24cc-0a31-403c-8370-70bfbc60f804:192.168.164.207:40060], old=null
2019-09-25 06:34:01,675 [pool-87-thread-1] INFO  storage.RaftStorage (RaftStorage.java:format(72)) - Storage directory /workdir/hadoop-ozone/ozonefs/target/test-dir/MiniOzoneClusterImpl-d97e1daa-6e0c-4900-b1c9-997de4e3459a/datanode-6/data/ratis/6cf68888-c776-45f8-83fa-56c81175de97 has been successfully formatted.
2019-09-25 06:34:01,675 [2977e106-bb5f-48ce-bb13-3d7f6b9d6732@group-D73F45324AEE:LeaderElection22] INFO  impl.LeaderElection (LeaderElection.java:askForVotes(182)) - 2977e106-bb5f-48ce-bb13-3d7f6b9d6732@group-D73F45324AEE:LeaderElection22: begin an election at term 1 for -1: [2977e106-bb5f-48ce-bb13-3d7f6b9d6732:192.168.164.207:45443], old=null
2019-09-25 06:34:01,663 [59047a66-3178-4e61-9c82-892aa22a5b81@group-99DA1549C481:LeaderElection11] INFO  impl.LeaderElection (LeaderElection.java:askForVotes(182)) - 59047a66-3178-4e61-9c82-892aa22a5b81@group-99DA1549C481:LeaderElection11: begin an election at term 1 for -1: [59047a66-3178-4e61-9c82-892aa22a5b81:192.168.164.207:38018], old=null
2019-09-25 06:34:01,677 [pool-87-thread-1] INFO  ratis.ContainerStateMachine (ContainerStateMachine.java:loadSnapshot(230)) - group-56C81175DE97: The snapshot info is null. Setting the last applied indexto:(t:0, i:~)
2019-09-25 06:34:01,663 [f9a1adb5-ac95-4f8b-8632-8bfce9a5ce16@group-1974E36795F0:LeaderElection14] INFO  impl.LeaderElection (LeaderElection.java:askForVotes(182)) - f9a1adb5-ac95-4f8b-8632-8bfce9a5ce16@group-1974E36795F0:LeaderElection14: begin an election at term 1 for -1: [f9a1adb5-ac95-4f8b-8632-8bfce9a5ce16:192.168.164.207:36912], old=null
2019-09-25 06:34:01,663 [59047a66-3178-4e61-9c82-892aa22a5b81@group-65AD5FD3CE27:LeaderElection5] INFO  impl.LeaderElection (LeaderElection.java:askForVotes(182)) - 59047a66-3178-4e61-9c82-892aa22a5b81@group-65AD5FD3CE27:LeaderElection5: begin an election at term 1 for -1: [59047a66-3178-4e61-9c82-892aa22a5b81:192.168.164.207:38018], old=null
2019-09-25 06:34:01,675 [9f1e8130-5807-4ed4-a5b5-273b79efb982@group-E8FD0F436770:LeaderElection8] INFO  impl.LeaderElection (LeaderElection.java:askForVotes(182)) - 9f1e8130-5807-4ed4-a5b5-273b79efb982@group-E8FD0F436770:LeaderElection8: begin an election at term 1 for -1: [9f1e8130-5807-4ed4-a5b5-273b79efb982:192.168.164.207:40481], old=null
2019-09-25 06:34:01,663 [ada091b4-9675-42a7-afd4-5850bd9f4e78@group-AA114494D80C:LeaderElection28] INFO  impl.LeaderElection (LeaderElection.java:askForVotes(182)) - ada091b4-9675-42a7-afd4-5850bd9f4e78@group-AA114494D80C:LeaderElection28: begin an election at term 1 for -1: [ada091b4-9675-42a7-afd4-5850bd9f4e78:192.168.164.207:35963], old=null
2019-09-25 06:34:01,663 [f9a1adb5-ac95-4f8b-8632-8bfce9a5ce16@group-A8D3F6769C8A:LeaderElection7] INFO  impl.LeaderElection (LeaderElection.java:askForVotes(182)) - f9a1adb5-ac95-4f8b-8632-8bfce9a5ce16@group-A8D3F6769C8A:LeaderElection7: begin an election at term 1 for -1: [f9a1adb5-ac95-4f8b-8632-8bfce9a5ce16:192.168.164.207:36912], old=null
2019-09-25 06:34:01,663 [81f06f72-72c9-4329-855f-4bc73f7e5da2@group-8248A8B75CAB:LeaderElection4] INFO  impl.LeaderElection (LeaderElection.java:askForVotes(182)) - 81f06f72-72c9-4329-855f-4bc73f7e5da2@group-8248A8B75CAB:LeaderElection4: begin an election at term 1 for -1: [81f06f72-72c9-4329-855f-4bc73f7e5da2:192.168.164.207:40731], old=null
2019-09-25 06:34:01,663 [49960203-aee6-4047-85fd-ecacef3efebf@group-8FB31ACDEDC4:LeaderElection13] INFO  impl.LeaderElection (LeaderElection.java:askForVotes(182)) - 49960203-aee6-4047-85fd-ecacef3efebf@group-8FB31ACDEDC4:LeaderElection13: begin an election at term 1 for -1: [49960203-aee6-4047-85fd-ecacef3efebf:192.168.164.207:34853], old=null
2019-09-25 06:34:01,663 [f9a1adb5-ac95-4f8b-8632-8bfce9a5ce16@group-95409C4043EF:LeaderElection3] INFO  impl.LeaderElection (LeaderElection.java:askForVotes(182)) - f9a1adb5-ac95-4f8b-8632-8bfce9a5ce16@group-95409C4043EF:LeaderElection3: begin an election at term 1 for -1: [f9a1adb5-ac95-4f8b-8632-8bfce9a5ce16:192.168.164.207:36912], old=null
2019-09-25 06:34:01,663 [313782b9-e18d-44cb-a4a7-8816635983d3@group-56B299CA57A1:LeaderElection12] INFO  impl.LeaderElection (LeaderElection.java:askForVotes(182)) - 313782b9-e18d-44cb-a4a7-8816635983d3@group-56B299CA57A1:LeaderElection12: begin an election at term 1 for -1: [313782b9-e18d-44cb-a4a7-8816635983d3:192.168.164.207:33244], old=null
2019-09-25 06:34:01,663 [59047a66-3178-4e61-9c82-892aa22a5b81@group-5B1CD26A0FBC:LeaderElection2] INFO  impl.LeaderElection (LeaderElection.java:askForVotes(182)) - 59047a66-3178-4e61-9c82-892aa22a5b81@group-5B1CD26A0FBC:LeaderElection2: begin an election at term 1 for -1: [59047a66-3178-4e61-9c82-892aa22a5b81:192.168.164.207:38018], old=null
2019-09-25 06:34:01,678 [f9a1adb5-ac95-4f8b-8632-8bfce9a5ce16@group-A8D3F6769C8A:LeaderElection7] INFO  impl.RoleInfo (RoleInfo.java:shutdownLeaderElection(134)) - f9a1adb5-ac95-4f8b-8632-8bfce9a5ce16: shutdown LeaderElection
2019-09-25 06:34:01,663 [ada091b4-9675-42a7-afd4-5850bd9f4e78@group-7104373670D1:LeaderElection31] INFO  impl.LeaderElection (LeaderElection.java:askForVotes(182)) - ada091b4-9675-42a7-afd4-5850bd9f4e78@group-7104373670D1:LeaderElection31: begin an election at term 1 for -1: [ada091b4-9675-42a7-afd4-5850bd9f4e78:192.168.164.207:35963], old=null
2019-09-25 06:34:01,663 [81f06f72-72c9-4329-855f-4bc73f7e5da2@group-3D29C8EE3A09:LeaderElection1] INFO  impl.LeaderElection (LeaderElection.java:askForVotes(182)) - 81f06f72-72c9-4329-855f-4bc73f7e5da2@group-3D29C8EE3A09:LeaderElection1: begin an election at term 1 for -1: [81f06f72-72c9-4329-855f-4bc73f7e5da2:192.168.164.207:40731], old=null
2019-09-25 06:34:01,663 [313782b9-e18d-44cb-a4a7-8816635983d3@group-A872D9AF1F24:LeaderElection9] INFO  impl.LeaderElection (LeaderElection.java:askForVotes(182)) - 313782b9-e18d-44cb-a4a7-8816635983d3@group-A872D9AF1F24:LeaderElection9: begin an election at term 1 for -1: [313782b9-e18d-44cb-a4a7-8816635983d3:192.168.164.207:33244], old=null
2019-09-25 06:34:01,663 [f9a1adb5-ac95-4f8b-8632-8bfce9a5ce16@group-711781CA78ED:LeaderElection6] INFO  impl.LeaderElection (LeaderElection.java:askForVotes(182)) - f9a1adb5-ac95-4f8b-8632-8bfce9a5ce16@group-711781CA78ED:LeaderElection6: begin an election at term 1 for -1: [f9a1adb5-ac95-4f8b-8632-8bfce9a5ce16:192.168.164.207:36912], old=null
2019-09-25 06:34:01,663 [ada091b4-9675-42a7-afd4-5850bd9f4e78@group-209C792F5FF5:LeaderElection25] INFO  impl.LeaderElection (LeaderElection.java:askForVotes(182)) - ada091b4-9675-42a7-afd4-5850bd9f4e78@group-209C792F5FF5:LeaderElection25: begin an election at term 1 for -1: [ada091b4-9675-42a7-afd4-5850bd9f4e78:192.168.164.207:35963], old=null
2019-09-25 06:34:01,663 [ada091b4-9675-42a7-afd4-5850bd9f4e78@group-071BE83B3689:LeaderElection19] INFO  impl.LeaderElection (LeaderElection.java:askForVotes(182)) - ada091b4-9675-42a7-afd4-5850bd9f4e78@group-071BE83B3689:LeaderElection19: begin an election at term 1 for -1: [ada091b4-9675-42a7-afd4-5850bd9f4e78:192.168.164.207:35963], old=null
2019-09-25 06:34:01,663 [2977e106-bb5f-48ce-bb13-3d7f6b9d6732@group-5380C7D647F2:LeaderElection10] INFO  impl.LeaderElection (LeaderElection.java:askForVotes(182)) - 2977e106-bb5f-48ce-bb13-3d7f6b9d6732@group-5380C7D647F2:LeaderElection10: begin an election at term 1 for -1: [2977e106-bb5f-48ce-bb13-3d7f6b9d6732:192.168.164.207:45443], old=null
2019-09-25 06:34:01,663 [2977e106-bb5f-48ce-bb13-3d7f6b9d6732@group-3E6E9A744F20:LeaderElection18] INFO  impl.LeaderElection (LeaderElection.java:askForVotes(182)) - 2977e106-bb5f-48ce-bb13-3d7f6b9d6732@group-3E6E9A744F20:LeaderElection18: begin an election at term 1 for -1: [2977e106-bb5f-48ce-bb13-3d7f6b9d6732:192.168.164.207:45443], old=null
2019-09-25 06:34:01,680 [f9a1adb5-ac95-4f8b-8632-8bfce9a5ce16@group-A8D3F6769C8A:LeaderElection7] INFO  impl.RaftServerImpl (RaftServerImpl.java:setRole(174)) - f9a1adb5-ac95-4f8b-8632-8bfce9a5ce16@group-A8D3F6769C8A: changes role from CANDIDATE to LEADER at term 1 for changeToLeader
2019-09-25 06:34:01,663 [81f06f72-72c9-4329-855f-4bc73f7e5da2@group-C4515C1B56D7:LeaderElection21] INFO  impl.LeaderElection (LeaderElection.java:askForVotes(182)) - 81f06f72-72c9-4329-855f-4bc73f7e5da2@group-C4515C1B56D7:LeaderElection21: begin an election at term 1 for -1: [81f06f72-72c9-4329-855f-4bc73f7e5da2:192.168.164.207:40731], old=null
2019-09-25 06:34:01,680 [2977e106-bb5f-48ce-bb13-3d7f6b9d6732@group-3E6E9A744F20:LeaderElection18] INFO  impl.RoleInfo (RoleInfo.java:shutdownLeaderElection(134)) - 2977e106-bb5f-48ce-bb13-3d7f6b9d6732: shutdown LeaderElection
2019-09-25 06:34:01,680 [f9a1adb5-ac95-4f8b-8632-8bfce9a5ce16@group-A8D3F6769C8A:LeaderElection7] INFO  impl.RaftServerImpl (ServerState.java:setLeader(253)) - f9a1adb5-ac95-4f8b-8632-8bfce9a5ce16@group-A8D3F6769C8A: change Leader from null to f9a1adb5-ac95-4f8b-8632-8bfce9a5ce16 at term 1 for becomeLeader, leader elected after 9042ms
2019-09-25 06:34:01,680 [2977e106-bb5f-48ce-bb13-3d7f6b9d6732@group-5380C7D647F2:LeaderElection10] INFO  impl.RoleInfo (RoleInfo.java:shutdownLeaderElection(134)) - 2977e106-bb5f-48ce-bb13-3d7f6b9d6732: shutdown LeaderElection
2019-09-25 06:34:01,679 [ada091b4-9675-42a7-afd4-5850bd9f4e78@group-071BE83B3689:LeaderElection19] INFO  impl.RoleInfo (RoleInfo.java:shutdownLeaderElection(134)) - ada091b4-9675-42a7-afd4-5850bd9f4e78: shutdown LeaderElection
2019-09-25 06:34:01,679 [ada091b4-9675-42a7-afd4-5850bd9f4e78@group-209C792F5FF5:LeaderElection25] INFO  impl.RoleInfo (RoleInfo.java:shutdownLeaderElection(134)) - ada091b4-9675-42a7-afd4-5850bd9f4e78: shutdown LeaderElection
2019-09-25 06:34:01,679 [f9a1adb5-ac95-4f8b-8632-8bfce9a5ce16@group-711781CA78ED:LeaderElection6] INFO  impl.RoleInfo (RoleInfo.java:shutdownLeaderElection(134)) - f9a1adb5-ac95-4f8b-8632-8bfce9a5ce16: shutdown LeaderElection
2019-09-25 06:34:01,679 [313782b9-e18d-44cb-a4a7-8816635983d3@group-A872D9AF1F24:LeaderElection9] INFO  impl.RoleInfo (RoleInfo.java:shutdownLeaderElection(134)) - 313782b9-e18d-44cb-a4a7-8816635983d3: shutdown LeaderElection
2019-09-25 06:34:01,679 [81f06f72-72c9-4329-855f-4bc73f7e5da2@group-3D29C8EE3A09:LeaderElection1] INFO  impl.RoleInfo (RoleInfo.java:shutdownLeaderElection(134)) - 81f06f72-72c9-4329-855f-4bc73f7e5da2: shutdown LeaderElection
2019-09-25 06:34:01,679 [ada091b4-9675-42a7-afd4-5850bd9f4e78@group-7104373670D1:LeaderElection31] INFO  impl.RoleInfo (RoleInfo.java:shutdownLeaderElection(134)) - ada091b4-9675-42a7-afd4-5850bd9f4e78: shutdown LeaderElection
2019-09-25 06:34:01,679 [49960203-aee6-4047-85fd-ecacef3efebf@group-8FB31ACDEDC4:LeaderElection13] INFO  impl.RoleInfo (RoleInfo.java:shutdownLeaderElection(134)) - 49960203-aee6-4047-85fd-ecacef3efebf: shutdown LeaderElection
2019-09-25 06:34:01,679 [2977e106-bb5f-48ce-bb13-3d7f6b9d6732@group-D73F45324AEE:LeaderElection22] INFO  impl.RoleInfo (RoleInfo.java:shutdownLeaderElection(134)) - 2977e106-bb5f-48ce-bb13-3d7f6b9d6732: shutdown LeaderElection
2019-09-25 06:34:01,679 [313782b9-e18d-44cb-a4a7-8816635983d3@group-DAF03E1835B3:LeaderElection16] INFO  impl.RoleInfo (RoleInfo.java:shutdownLeaderElection(134)) - 313782b9-e18d-44cb-a4a7-8816635983d3: shutdown LeaderElection
2019-09-25 06:34:01,679 [59047a66-3178-4e61-9c82-892aa22a5b81@group-5B1CD26A0FBC:LeaderElection2] INFO  impl.RoleInfo (RoleInfo.java:shutdownLeaderElection(134)) - 59047a66-3178-4e61-9c82-892aa22a5b81: shutdown LeaderElection
2019-09-25 06:34:01,679 [f9a1adb5-ac95-4f8b-8632-8bfce9a5ce16@group-6643F46BE229:LeaderElection24] INFO  impl.RoleInfo (RoleInfo.java:shutdownLeaderElection(134)) - f9a1adb5-ac95-4f8b-8632-8bfce9a5ce16: shutdown LeaderElection
2019-09-25 06:34:01,679 [f64f24cc-0a31-403c-8370-70bfbc60f804@group-33429AF2912F:LeaderElection30] INFO  impl.RoleInfo (RoleInfo.java:shutdownLeaderElection(134)) - f64f24cc-0a31-403c-8370-70bfbc60f804: shutdown LeaderElection
2019-09-25 06:34:01,678 [ada091b4-9675-42a7-afd4-5850bd9f4e78@group-AA114494D80C:LeaderElection28] INFO  impl.RoleInfo (RoleInfo.java:shutdownLeaderElection(134)) - ada091b4-9675-42a7-afd4-5850bd9f4e78: shutdown LeaderElection
2019-09-25 06:34:01,678 [f9a1adb5-ac95-4f8b-8632-8bfce9a5ce16@group-574076A47EFF:LeaderElection23] INFO  impl.RoleInfo (RoleInfo.java:shutdownLeaderElection(134)) - f9a1adb5-ac95-4f8b-8632-8bfce9a5ce16: shutdown LeaderElection
2019-09-25 06:34:01,678 [313782b9-e18d-44cb-a4a7-8816635983d3@group-56B299CA57A1:LeaderElection12] INFO  impl.RoleInfo (RoleInfo.java:shutdownLeaderElection(134)) - 313782b9-e18d-44cb-a4a7-8816635983d3: shutdown LeaderElection
2019-09-25 06:34:01,678 [f9a1adb5-ac95-4f8b-8632-8bfce9a5ce16@group-95409C4043EF:LeaderElection3] INFO  impl.RoleInfo (RoleInfo.java:shutdownLeaderElection(134)) - f9a1adb5-ac95-4f8b-8632-8bfce9a5ce16: shutdown LeaderElection
2019-09-25 06:34:01,678 [59047a66-3178-4e61-9c82-892aa22a5b81@group-F55AE318680E:LeaderElection17] INFO  impl.RoleInfo (RoleInfo.java:shutdownLeaderElection(134)) - 59047a66-3178-4e61-9c82-892aa22a5b81: shutdown LeaderElection
2019-09-25 06:34:01,678 [f9a1adb5-ac95-4f8b-8632-8bfce9a5ce16@group-1974E36795F0:LeaderElection14] INFO  impl.RoleInfo (RoleInfo.java:shutdownLeaderElection(134)) - f9a1adb5-ac95-4f8b-8632-8bfce9a5ce16: shutdown LeaderElection
2019-09-25 06:34:01,678 [9f1e8130-5807-4ed4-a5b5-273b79efb982@group-6F9D63031104:LeaderElection27] INFO  impl.RoleInfo (RoleInfo.java:shutdownLeaderElection(134)) - 9f1e8130-5807-4ed4-a5b5-273b79efb982: shutdown LeaderElection
2019-09-25 06:34:01,678 [9f1e8130-5807-4ed4-a5b5-273b79efb982@group-524783405F08:LeaderElection29] INFO  impl.RoleInfo (RoleInfo.java:shutdownLeaderElection(134)) - 9f1e8130-5807-4ed4-a5b5-273b79efb982: shutdown LeaderElection
2019-09-25 06:34:01,678 [81f06f72-72c9-4329-855f-4bc73f7e5da2@group-8248A8B75CAB:LeaderElection4] INFO  impl.RoleInfo (RoleInfo.java:shutdownLeaderElection(134)) - 81f06f72-72c9-4329-855f-4bc73f7e5da2: shutdown LeaderElection
2019-09-25 06:34:01,678 [59047a66-3178-4e61-9c82-892aa22a5b81@group-B859B4EADA08:LeaderElection26] INFO  impl.RoleInfo (RoleInfo.java:shutdownLeaderElection(134)) - 59047a66-3178-4e61-9c82-892aa22a5b81: shutdown LeaderElection
2019-09-25 06:34:01,678 [f64f24cc-0a31-403c-8370-70bfbc60f804@group-49111CF88755:LeaderElection15] INFO  impl.RoleInfo (RoleInfo.java:shutdownLeaderElection(134)) - f64f24cc-0a31-403c-8370-70bfbc60f804: shutdown LeaderElection
2019-09-25 06:34:01,678 [59047a66-3178-4e61-9c82-892aa22a5b81@group-99DA1549C481:LeaderElection11] INFO  impl.RoleInfo (RoleInfo.java:shutdownLeaderElection(134)) - 59047a66-3178-4e61-9c82-892aa22a5b81: shutdown LeaderElection
2019-09-25 06:34:01,678 [59047a66-3178-4e61-9c82-892aa22a5b81@group-65AD5FD3CE27:LeaderElection5] INFO  impl.RoleInfo (RoleInfo.java:shutdownLeaderElection(134)) - 59047a66-3178-4e61-9c82-892aa22a5b81: shutdown LeaderElection
2019-09-25 06:34:01,678 [9f1e8130-5807-4ed4-a5b5-273b79efb982@group-E8FD0F436770:LeaderElection8] INFO  impl.RoleInfo (RoleInfo.java:shutdownLeaderElection(134)) - 9f1e8130-5807-4ed4-a5b5-273b79efb982: shutdown LeaderElection
2019-09-25 06:34:01,683 [59047a66-3178-4e61-9c82-892aa22a5b81@group-65AD5FD3CE27:LeaderElection5] INFO  impl.RaftServerImpl (RaftServerImpl.java:setRole(174)) - 59047a66-3178-4e61-9c82-892aa22a5b81@group-65AD5FD3CE27: changes role from CANDIDATE to LEADER at term 1 for changeToLeader
2019-09-25 06:34:01,678 [59047a66-3178-4e61-9c82-892aa22a5b81@group-2FA50E43BD3C:LeaderElection20] INFO  impl.RoleInfo (RoleInfo.java:shutdownLeaderElection(134)) - 59047a66-3178-4e61-9c82-892aa22a5b81: shutdown LeaderElection
2019-09-25 06:34:01,684 [59047a66-3178-4e61-9c82-892aa22a5b81@group-65AD5FD3CE27:LeaderElection5] INFO  impl.RaftServerImpl (ServerState.java:setLeader(253)) - 59047a66-3178-4e61-9c82-892aa22a5b81@group-65AD5FD3CE27: change Leader from null to 59047a66-3178-4e61-9c82-892aa22a5b81 at term 1 for becomeLeader, leader elected after 9287ms
2019-09-25 06:34:01,677 [pool-87-thread-1] INFO  server.RaftServerConfigKeys (ConfUtils.java:logGet(43)) - raft.server.notification.no-leader.timeout = 120s (custom)
2019-09-25 06:34:01,684 [59047a66-3178-4e61-9c82-892aa22a5b81@group-2FA50E43BD3C:LeaderElection20] INFO  impl.RaftServerImpl (RaftServerImpl.java:setRole(174)) - 59047a66-3178-4e61-9c82-892aa22a5b81@group-2FA50E43BD3C: changes role from CANDIDATE to LEADER at term 1 for changeToLeader
2019-09-25 06:34:01,684 [59047a66-3178-4e61-9c82-892aa22a5b81@group-2FA50E43BD3C:LeaderElection20] INFO  impl.RaftServerImpl (ServerState.java:setLeader(253)) - 59047a66-3178-4e61-9c82-892aa22a5b81@group-2FA50E43BD3C: change Leader from null to 59047a66-3178-4e61-9c82-892aa22a5b81 at term 1 for becomeLeader, leader elected after 7687ms
2019-09-25 06:34:01,683 [9f1e8130-5807-4ed4-a5b5-273b79efb982@group-E8FD0F436770:LeaderElection8] INFO  impl.RaftServerImpl (RaftServerImpl.java:setRole(174)) - 9f1e8130-5807-4ed4-a5b5-273b79efb982@group-E8FD0F436770: changes role from CANDIDATE to LEADER at term 1 for changeToLeader
2019-09-25 06:34:01,683 [59047a66-3178-4e61-9c82-892aa22a5b81@group-99DA1549C481:LeaderElection11] INFO  impl.RaftServerImpl (RaftServerImpl.java:setRole(174)) - 59047a66-3178-4e61-9c82-892aa22a5b81@group-99DA1549C481: changes role from CANDIDATE to LEADER at term 1 for changeToLeader
2019-09-25 06:34:01,683 [f64f24cc-0a31-403c-8370-70bfbc60f804@group-49111CF88755:LeaderElection15] INFO  impl.RaftServerImpl (RaftServerImpl.java:setRole(174)) - f64f24cc-0a31-403c-8370-70bfbc60f804@group-49111CF88755: changes role from CANDIDATE to LEADER at term 1 for changeToLeader
2019-09-25 06:34:01,683 [59047a66-3178-4e61-9c82-892aa22a5b81@group-B859B4EADA08:LeaderElection26] INFO  impl.RaftServerImpl (RaftServerImpl.java:setRole(174)) - 59047a66-3178-4e61-9c82-892aa22a5b81@group-B859B4EADA08: changes role from CANDIDATE to LEADER at term 1 for changeToLeader
2019-09-25 06:34:01,683 [81f06f72-72c9-4329-855f-4bc73f7e5da2@group-8248A8B75CAB:LeaderElection4] INFO  impl.RaftServerImpl (RaftServerImpl.java:setRole(174)) - 81f06f72-72c9-4329-855f-4bc73f7e5da2@group-8248A8B75CAB: changes role from CANDIDATE to LEADER at term 1 for changeToLeader
2019-09-25 06:34:01,685 [81f06f72-72c9-4329-855f-4bc73f7e5da2@group-8248A8B75CAB:LeaderElection4] INFO  impl.RaftServerImpl (ServerState.java:setLeader(253)) - 81f06f72-72c9-4329-855f-4bc73f7e5da2@group-8248A8B75CAB: change Leader from null to 81f06f72-72c9-4329-855f-4bc73f7e5da2 at term 1 for becomeLeader, leader elected after 9365ms
2019-09-25 06:34:01,683 [9f1e8130-5807-4ed4-a5b5-273b79efb982@group-524783405F08:LeaderElection29] INFO  impl.RaftServerImpl (RaftServerImpl.java:setRole(174)) - 9f1e8130-5807-4ed4-a5b5-273b79efb982@group-524783405F08: changes role from CANDIDATE to LEADER at term 1 for changeToLeader
2019-09-25 06:34:01,683 [9f1e8130-5807-4ed4-a5b5-273b79efb982@group-6F9D63031104:LeaderElection27] INFO  impl.RaftServerImpl (RaftServerImpl.java:setRole(174)) - 9f1e8130-5807-4ed4-a5b5-273b79efb982@group-6F9D63031104: changes role from CANDIDATE to LEADER at term 1 for changeToLeader
2019-09-25 06:34:01,682 [f9a1adb5-ac95-4f8b-8632-8bfce9a5ce16@group-1974E36795F0:LeaderElection14] INFO  impl.RaftServerImpl (RaftServerImpl.java:setRole(174)) - f9a1adb5-ac95-4f8b-8632-8bfce9a5ce16@group-1974E36795F0: changes role from CANDIDATE to LEADER at term 1 for changeToLeader
2019-09-25 06:34:01,682 [59047a66-3178-4e61-9c82-892aa22a5b81@group-F55AE318680E:LeaderElection17] INFO  impl.RaftServerImpl (RaftServerImpl.java:setRole(174)) - 59047a66-3178-4e61-9c82-892aa22a5b81@group-F55AE318680E: changes role from CANDIDATE to LEADER at term 1 for changeToLeader
2019-09-25 06:34:01,682 [f9a1adb5-ac95-4f8b-8632-8bfce9a5ce16@group-95409C4043EF:LeaderElection3] INFO  impl.RaftServerImpl (RaftServerImpl.java:setRole(174)) - f9a1adb5-ac95-4f8b-8632-8bfce9a5ce16@group-95409C4043EF: changes role from CANDIDATE to LEADER at term 1 for changeToLeader
2019-09-25 06:34:01,682 [313782b9-e18d-44cb-a4a7-8816635983d3@group-56B299CA57A1:LeaderElection12] INFO  impl.RaftServerImpl (RaftServerImpl.java:setRole(174)) - 313782b9-e18d-44cb-a4a7-8816635983d3@group-56B299CA57A1: changes role from CANDIDATE to LEADER at term 1 for changeToLeader
2019-09-25 06:34:01,682 [f9a1adb5-ac95-4f8b-8632-8bfce9a5ce16@group-574076A47EFF:LeaderElection23] INFO  impl.RaftServerImpl (RaftServerImpl.java:setRole(174)) - f9a1adb5-ac95-4f8b-8632-8bfce9a5ce16@group-574076A47EFF: changes role from CANDIDATE to LEADER at term 1 for changeToLeader
2019-09-25 06:34:01,682 [ada091b4-9675-42a7-afd4-5850bd9f4e78@group-AA114494D80C:LeaderElection28] INFO  impl.RaftServerImpl (RaftServerImpl.java:setRole(174)) - ada091b4-9675-42a7-afd4-5850bd9f4e78@group-AA114494D80C: changes role from CANDIDATE to LEADER at term 1 for changeToLeader
2019-09-25 06:34:01,682 [f64f24cc-0a31-403c-8370-70bfbc60f804@group-33429AF2912F:LeaderElection30] INFO  impl.RaftServerImpl (RaftServerImpl.java:setRole(174)) - f64f24cc-0a31-403c-8370-70bfbc60f804@group-33429AF2912F: changes role from CANDIDATE to LEADER at term 1 for changeToLeader
2019-09-25 06:34:01,682 [f9a1adb5-ac95-4f8b-8632-8bfce9a5ce16@group-6643F46BE229:LeaderElection24] INFO  impl.RaftServerImpl (RaftServerImpl.java:setRole(174)) - f9a1adb5-ac95-4f8b-8632-8bfce9a5ce16@group-6643F46BE229: changes role from CANDIDATE to LEADER at term 1 for changeToLeader
2019-09-25 06:34:01,681 [313782b9-e18d-44cb-a4a7-8816635983d3@group-DAF03E1835B3:LeaderElection16] INFO  impl.RaftServerImpl (RaftServerImpl.java:setRole(174)) - 313782b9-e18d-44cb-a4a7-8816635983d3@group-DAF03E1835B3: changes role from CANDIDATE to LEADER at term 1 for changeToLeader
2019-09-25 06:34:01,681 [59047a66-3178-4e61-9c82-892aa22a5b81@group-5B1CD26A0FBC:LeaderElection2] INFO  impl.RaftServerImpl (RaftServerImpl.java:setRole(174)) - 59047a66-3178-4e61-9c82-892aa22a5b81@group-5B1CD26A0FBC: changes role from CANDIDATE to LEADER at term 1 for changeToLeader
2019-09-25 06:34:01,681 [2977e106-bb5f-48ce-bb13-3d7f6b9d6732@group-D73F45324AEE:LeaderElection22] INFO  impl.RaftServerImpl (RaftServerImpl.java:setRole(174)) - 2977e106-bb5f-48ce-bb13-3d7f6b9d6732@group-D73F45324AEE: changes role from CANDIDATE to LEADER at term 1 for changeToLeader
2019-09-25 06:34:01,681 [49960203-aee6-4047-85fd-ecacef3efebf@group-8FB31ACDEDC4:LeaderElection13] INFO  impl.RaftServerImpl (RaftServerImpl.java:setRole(174)) - 49960203-aee6-4047-85fd-ecacef3efebf@group-8FB31ACDEDC4: changes role from CANDIDATE to LEADER at term 1 for changeToLeader
2019-09-25 06:34:01,681 [ada091b4-9675-42a7-afd4-5850bd9f4e78@group-7104373670D1:LeaderElection31] INFO  impl.RaftServerImpl (RaftServerImpl.java:setRole(174)) - ada091b4-9675-42a7-afd4-5850bd9f4e78@group-7104373670D1: changes role from CANDIDATE to LEADER at term 1 for changeToLeader
2019-09-25 06:34:01,681 [81f06f72-72c9-4329-855f-4bc73f7e5da2@group-3D29C8EE3A09:LeaderElection1] INFO  impl.RaftServerImpl (RaftServerImpl.java:setRole(174)) - 81f06f72-72c9-4329-855f-4bc73f7e5da2@group-3D29C8EE3A09: changes role from CANDIDATE to LEADER at term 1 for changeToLeader
2019-09-25 06:34:01,681 [313782b9-e18d-44cb-a4a7-8816635983d3@group-A872D9AF1F24:LeaderElection9] INFO  impl.RaftServerImpl (RaftServerImpl.java:setRole(174)) - 313782b9-e18d-44cb-a4a7-8816635983d3@group-A872D9AF1F24: changes role from CANDIDATE to LEADER at term 1 for changeToLeader
2019-09-25 06:34:01,681 [f9a1adb5-ac95-4f8b-8632-8bfce9a5ce16@group-711781CA78ED:LeaderElection6] INFO  impl.RaftServerImpl (RaftServerImpl.java:setRole(174)) - f9a1adb5-ac95-4f8b-8632-8bfce9a5ce16@group-711781CA78ED: changes role from CANDIDATE to LEADER at term 1 for changeToLeader
2019-09-25 06:34:01,681 [ada091b4-9675-42a7-afd4-5850bd9f4e78@group-209C792F5FF5:LeaderElection25] INFO  impl.RaftServerImpl (RaftServerImpl.java:setRole(174)) - ada091b4-9675-42a7-afd4-5850bd9f4e78@group-209C792F5FF5: changes role from CANDIDATE to LEADER at term 1 for changeToLeader
2019-09-25 06:34:01,680 [ada091b4-9675-42a7-afd4-5850bd9f4e78@group-071BE83B3689:LeaderElection19] INFO  impl.RaftServerImpl (RaftServerImpl.java:setRole(174)) - ada091b4-9675-42a7-afd4-5850bd9f4e78@group-071BE83B3689: changes role from CANDIDATE to LEADER at term 1 for changeToLeader
2019-09-25 06:34:01,680 [2977e106-bb5f-48ce-bb13-3d7f6b9d6732@group-5380C7D647F2:LeaderElection10] INFO  impl.RaftServerImpl (RaftServerImpl.java:setRole(174)) - 2977e106-bb5f-48ce-bb13-3d7f6b9d6732@group-5380C7D647F2: changes role from CANDIDATE to LEADER at term 1 for changeToLeader
2019-09-25 06:34:01,680 [2977e106-bb5f-48ce-bb13-3d7f6b9d6732@group-3E6E9A744F20:LeaderElection18] INFO  impl.RaftServerImpl (RaftServerImpl.java:setRole(174)) - 2977e106-bb5f-48ce-bb13-3d7f6b9d6732@group-3E6E9A744F20: changes role from CANDIDATE to LEADER at term 1 for changeToLeader
2019-09-25 06:34:01,680 [81f06f72-72c9-4329-855f-4bc73f7e5da2@group-C4515C1B56D7:LeaderElection21] INFO  impl.RoleInfo (RoleInfo.java:shutdownLeaderElection(134)) - 81f06f72-72c9-4329-855f-4bc73f7e5da2: shutdown LeaderElection
2019-09-25 06:34:01,687 [2977e106-bb5f-48ce-bb13-3d7f6b9d6732@group-3E6E9A744F20:LeaderElection18] INFO  impl.RaftServerImpl (ServerState.java:setLeader(253)) - 2977e106-bb5f-48ce-bb13-3d7f6b9d6732@group-3E6E9A744F20: change Leader from null to 2977e106-bb5f-48ce-bb13-3d7f6b9d6732 at term 1 for becomeLeader, leader elected after 8293ms
2019-09-25 06:34:01,687 [2977e106-bb5f-48ce-bb13-3d7f6b9d6732@group-5380C7D647F2:LeaderElection10] INFO  impl.RaftServerImpl (ServerState.java:setLeader(253)) - 2977e106-bb5f-48ce-bb13-3d7f6b9d6732@group-5380C7D647F2: change Leader from null to 2977e106-bb5f-48ce-bb13-3d7f6b9d6732 at term 1 for becomeLeader, leader elected after 8963ms
2019-09-25 06:34:01,687 [ada091b4-9675-42a7-afd4-5850bd9f4e78@group-071BE83B3689:LeaderElection19] INFO  impl.RaftServerImpl (ServerState.java:setLeader(253)) - ada091b4-9675-42a7-afd4-5850bd9f4e78@group-071BE83B3689: change Leader from null to ada091b4-9675-42a7-afd4-5850bd9f4e78 at term 1 for becomeLeader, leader elected after 7873ms
2019-09-25 06:34:01,687 [ada091b4-9675-42a7-afd4-5850bd9f4e78@group-209C792F5FF5:LeaderElection25] INFO  impl.RaftServerImpl (ServerState.java:setLeader(253)) - ada091b4-9675-42a7-afd4-5850bd9f4e78@group-209C792F5FF5: change Leader from null to ada091b4-9675-42a7-afd4-5850bd9f4e78 at term 1 for becomeLeader, leader elected after 7443ms
2019-09-25 06:34:01,687 [f9a1adb5-ac95-4f8b-8632-8bfce9a5ce16@group-711781CA78ED:LeaderElection6] INFO  impl.RaftServerImpl (ServerState.java:setLeader(253)) - f9a1adb5-ac95-4f8b-8632-8bfce9a5ce16@group-711781CA78ED: change Leader from null to f9a1adb5-ac95-4f8b-8632-8bfce9a5ce16 at term 1 for becomeLeader, leader elected after 9228ms
2019-09-25 06:34:01,687 [313782b9-e18d-44cb-a4a7-8816635983d3@group-A872D9AF1F24:LeaderElection9] INFO  impl.RaftServerImpl (ServerState.java:setLeader(253)) - 313782b9-e18d-44cb-a4a7-8816635983d3@group-A872D9AF1F24: change Leader from null to 313782b9-e18d-44cb-a4a7-8816635983d3 at term 1 for becomeLeader, leader elected after 8870ms
2019-09-25 06:34:01,686 [81f06f72-72c9-4329-855f-4bc73f7e5da2@group-3D29C8EE3A09:LeaderElection1] INFO  impl.RaftServerImpl (ServerState.java:setLeader(253)) - 81f06f72-72c9-4329-855f-4bc73f7e5da2@group-3D29C8EE3A09: change Leader from null to 81f06f72-72c9-4329-855f-4bc73f7e5da2 at term 1 for becomeLeader, leader elected after 9974ms
2019-09-25 06:34:01,686 [ada091b4-9675-42a7-afd4-5850bd9f4e78@group-7104373670D1:LeaderElection31] INFO  impl.RaftServerImpl (ServerState.java:setLeader(253)) - ada091b4-9675-42a7-afd4-5850bd9f4e78@group-7104373670D1: change Leader from null to ada091b4-9675-42a7-afd4-5850bd9f4e78 at term 1 for becomeLeader, leader elected after 7112ms
2019-09-25 06:34:01,686 [49960203-aee6-4047-85fd-ecacef3efebf@group-8FB31ACDEDC4:LeaderElection13] INFO  impl.RaftServerImpl (ServerState.java:setLeader(253)) - 49960203-aee6-4047-85fd-ecacef3efebf@group-8FB31ACDEDC4: change Leader from null to 49960203-aee6-4047-85fd-ecacef3efebf at term 1 for becomeLeader, leader elected after 8649ms
2019-09-25 06:34:01,686 [2977e106-bb5f-48ce-bb13-3d7f6b9d6732@group-D73F45324AEE:LeaderElection22] INFO  impl.RaftServerImpl (ServerState.java:setLeader(253)) - 2977e106-bb5f-48ce-bb13-3d7f6b9d6732@group-D73F45324AEE: change Leader from null to 2977e106-bb5f-48ce-bb13-3d7f6b9d6732 at term 1 for becomeLeader, leader elected after 7626ms
2019-09-25 06:34:01,686 [59047a66-3178-4e61-9c82-892aa22a5b81@group-5B1CD26A0FBC:LeaderElection2] INFO  impl.RaftServerImpl (ServerState.java:setLeader(253)) - 59047a66-3178-4e61-9c82-892aa22a5b81@group-5B1CD26A0FBC: change Leader from null to 59047a66-3178-4e61-9c82-892aa22a5b81 at term 1 for becomeLeader, leader elected after 9623ms
2019-09-25 06:34:01,686 [313782b9-e18d-44cb-a4a7-8816635983d3@group-DAF03E1835B3:LeaderElection16] INFO  impl.RaftServerImpl (ServerState.java:setLeader(253)) - 313782b9-e18d-44cb-a4a7-8816635983d3@group-DAF03E1835B3: change Leader from null to 313782b9-e18d-44cb-a4a7-8816635983d3 at term 1 for becomeLeader, leader elected after 8488ms
2019-09-25 06:34:01,686 [f9a1adb5-ac95-4f8b-8632-8bfce9a5ce16@group-6643F46BE229:LeaderElection24] INFO  impl.RaftServerImpl (ServerState.java:setLeader(253)) - f9a1adb5-ac95-4f8b-8632-8bfce9a5ce16@group-6643F46BE229: change Leader from null to f9a1adb5-ac95-4f8b-8632-8bfce9a5ce16 at term 1 for becomeLeader, leader elected after 7390ms
2019-09-25 06:34:01,689 [313782b9-e18d-44cb-a4a7-8816635983d3@group-A872D9AF1F24:LeaderElection9] INFO  server.RaftServerConfigKeys (ConfUtils.java:logGet(43)) - raft.server.staging.catchup.gap = 1000 (default)
2019-09-25 06:34:01,686 [f64f24cc-0a31-403c-8370-70bfbc60f804@group-33429AF2912F:LeaderElection30] INFO  impl.RaftServerImpl (ServerState.java:setLeader(253)) - f64f24cc-0a31-403c-8370-70bfbc60f804@group-33429AF2912F: change Leader from null to f64f24cc-0a31-403c-8370-70bfbc60f804 at term 1 for becomeLeader, leader elected after 7161ms
2019-09-25 06:34:01,686 [ada091b4-9675-42a7-afd4-5850bd9f4e78@group-AA114494D80C:LeaderElection28] INFO  impl.RaftServerImpl (ServerState.java:setLeader(253)) - ada091b4-9675-42a7-afd4-5850bd9f4e78@group-AA114494D80C: change Leader from null to ada091b4-9675-42a7-afd4-5850bd9f4e78 at term 1 for becomeLeader, leader elected after 7216ms
2019-09-25 06:34:01,685 [f9a1adb5-ac95-4f8b-8632-8bfce9a5ce16@group-574076A47EFF:LeaderElection23] INFO  impl.RaftServerImpl (ServerState.java:setLeader(253)) - f9a1adb5-ac95-4f8b-8632-8bfce9a5ce16@group-574076A47EFF: change Leader from null to f9a1adb5-ac95-4f8b-8632-8bfce9a5ce16 at term 1 for becomeLeader, leader elected after 7559ms
2019-09-25 06:34:01,685 [313782b9-e18d-44cb-a4a7-8816635983d3@group-56B299CA57A1:LeaderElection12] INFO  impl.RaftServerImpl (ServerState.java:setLeader(253)) - 313782b9-e18d-44cb-a4a7-8816635983d3@group-56B299CA57A1: change Leader from null to 313782b9-e18d-44cb-a4a7-8816635983d3 at term 1 for becomeLeader, leader elected after 8709ms
2019-09-25 06:34:01,685 [f9a1adb5-ac95-4f8b-8632-8bfce9a5ce16@group-95409C4043EF:LeaderElection3] INFO  impl.RaftServerImpl (ServerState.java:setLeader(253)) - f9a1adb5-ac95-4f8b-8632-8bfce9a5ce16@group-95409C4043EF: change Leader from null to f9a1adb5-ac95-4f8b-8632-8bfce9a5ce16 at term 1 for becomeLeader, leader elected after 9483ms
2019-09-25 06:34:01,685 [59047a66-3178-4e61-9c82-892aa22a5b81@group-F55AE318680E:LeaderElection17] INFO  impl.RaftServerImpl (ServerState.java:setLeader(253)) - 59047a66-3178-4e61-9c82-892aa22a5b81@group-F55AE318680E: change Leader from null to 59047a66-3178-4e61-9c82-892aa22a5b81 at term 1 for becomeLeader, leader elected after 8434ms
2019-09-25 06:34:01,685 [f9a1adb5-ac95-4f8b-8632-8bfce9a5ce16@group-1974E36795F0:LeaderElection14] INFO  impl.RaftServerImpl (ServerState.java:setLeader(253)) - f9a1adb5-ac95-4f8b-8632-8bfce9a5ce16@group-1974E36795F0: change Leader from null to f9a1adb5-ac95-4f8b-8632-8bfce9a5ce16 at term 1 for becomeLeader, leader elected after 8567ms
2019-09-25 06:34:01,685 [9f1e8130-5807-4ed4-a5b5-273b79efb982@group-6F9D63031104:LeaderElection27] INFO  impl.RaftServerImpl (ServerState.java:setLeader(253)) - 9f1e8130-5807-4ed4-a5b5-273b79efb982@group-6F9D63031104: change Leader from null to 9f1e8130-5807-4ed4-a5b5-273b79efb982 at term 1 for becomeLeader, leader elected after 7342ms
2019-09-25 06:34:01,685 [9f1e8130-5807-4ed4-a5b5-273b79efb982@group-524783405F08:LeaderElection29] INFO  impl.RaftServerImpl (ServerState.java:setLeader(253)) - 9f1e8130-5807-4ed4-a5b5-273b79efb982@group-524783405F08: change Leader from null to 9f1e8130-5807-4ed4-a5b5-273b79efb982 at term 1 for becomeLeader, leader elected after 7294ms
2019-09-25 06:34:01,684 [59047a66-3178-4e61-9c82-892aa22a5b81@group-B859B4EADA08:LeaderElection26] INFO  impl.RaftServerImpl (ServerState.java:setLeader(253)) - 59047a66-3178-4e61-9c82-892aa22a5b81@group-B859B4EADA08: change Leader from null to 59047a66-3178-4e61-9c82-892aa22a5b81 at term 1 for becomeLeader, leader elected after 7495ms
2019-09-25 06:34:01,684 [f64f24cc-0a31-403c-8370-70bfbc60f804@group-49111CF88755:LeaderElection15] INFO  impl.RaftServerImpl (ServerState.java:setLeader(253)) - f64f24cc-0a31-403c-8370-70bfbc60f804@group-49111CF88755: change Leader from null to f64f24cc-0a31-403c-8370-70bfbc60f804 at term 1 for becomeLeader, leader elected after 8369ms
2019-09-25 06:34:01,684 [59047a66-3178-4e61-9c82-892aa22a5b81@group-99DA1549C481:LeaderElection11] INFO  impl.RaftServerImpl (ServerState.java:setLeader(253)) - 59047a66-3178-4e61-9c82-892aa22a5b81@group-99DA1549C481: change Leader from null to 59047a66-3178-4e61-9c82-892aa22a5b81 at term 1 for becomeLeader, leader elected after 8799ms
2019-09-25 06:34:01,691 [ada091b4-9675-42a7-afd4-5850bd9f4e78@group-071BE83B3689:LeaderElection19] INFO  server.RaftServerConfigKeys (ConfUtils.java:logGet(43)) - raft.server.staging.catchup.gap = 1000 (default)
2019-09-25 06:34:01,684 [9f1e8130-5807-4ed4-a5b5-273b79efb982@group-E8FD0F436770:LeaderElection8] INFO  impl.RaftServerImpl (ServerState.java:setLeader(253)) - 9f1e8130-5807-4ed4-a5b5-273b79efb982@group-E8FD0F436770: change Leader from null to 9f1e8130-5807-4ed4-a5b5-273b79efb982 at term 1 for becomeLeader, leader elected after 9147ms
2019-09-25 06:34:01,684 [pool-87-thread-1] INFO  server.RaftServerConfigKeys (ConfUtils.java:logGet(43)) - raft.server.log.use.memory = false (default)
2019-09-25 06:34:01,691 [9f1e8130-5807-4ed4-a5b5-273b79efb982@group-E8FD0F436770:LeaderElection8] INFO  server.RaftServerConfigKeys (ConfUtils.java:logGet(43)) - raft.server.staging.catchup.gap = 1000 (default)
2019-09-25 06:34:01,691 [ada091b4-9675-42a7-afd4-5850bd9f4e78@group-071BE83B3689:LeaderElection19] INFO  server.RaftServerConfigKeys (ConfUtils.java:logGet(43)) - raft.server.rpc.sleep.time = 25ms (default)
2019-09-25 06:34:01,691 [59047a66-3178-4e61-9c82-892aa22a5b81@group-99DA1549C481:LeaderElection11] INFO  server.RaftServerConfigKeys (ConfUtils.java:logGet(43)) - raft.server.staging.catchup.gap = 1000 (default)
2019-09-25 06:34:01,691 [59047a66-3178-4e61-9c82-892aa22a5b81@group-5B1CD26A0FBC:LeaderElection2] INFO  server.RaftServerConfigKeys (ConfUtils.java:logGet(43)) - raft.server.staging.catchup.gap = 1000 (default)
2019-09-25 06:34:01,691 [f64f24cc-0a31-403c-8370-70bfbc60f804@group-49111CF88755:LeaderElection15] INFO  server.RaftServerConfigKeys (ConfUtils.java:logGet(43)) - raft.server.staging.catchup.gap = 1000 (default)
2019-09-25 06:34:01,690 [313782b9-e18d-44cb-a4a7-8816635983d3@group-DAF03E1835B3:LeaderElection16] INFO  server.RaftServerConfigKeys (ConfUtils.java:logGet(43)) - raft.server.staging.catchup.gap = 1000 (default)
2019-09-25 06:34:01,690 [59047a66-3178-4e61-9c82-892aa22a5b81@group-B859B4EADA08:LeaderElection26] INFO  server.RaftServerConfigKeys (ConfUtils.java:logGet(43)) - raft.server.staging.catchup.gap = 1000 (default)
2019-09-25 06:34:01,690 [ada091b4-9675-42a7-afd4-5850bd9f4e78@group-209C792F5FF5:LeaderElection25] INFO  server.RaftServerConfigKeys (ConfUtils.java:logGet(43)) - raft.server.staging.catchup.gap = 1000 (default)
2019-09-25 06:34:01,690 [9f1e8130-5807-4ed4-a5b5-273b79efb982@group-524783405F08:LeaderElection29] INFO  server.RaftServerConfigKeys (ConfUtils.java:logGet(43)) - raft.server.staging.catchup.gap = 1000 (default)
2019-09-25 06:34:01,690 [9f1e8130-5807-4ed4-a5b5-273b79efb982@group-6F9D63031104:LeaderElection27] INFO  server.RaftServerConfigKeys (ConfUtils.java:logGet(43)) - raft.server.staging.catchup.gap = 1000 (default)
2019-09-25 06:34:01,690 [f9a1adb5-ac95-4f8b-8632-8bfce9a5ce16@group-1974E36795F0:LeaderElection14] INFO  server.RaftServerConfigKeys (ConfUtils.java:logGet(43)) - raft.server.staging.catchup.gap = 1000 (default)
2019-09-25 06:34:01,690 [59047a66-3178-4e61-9c82-892aa22a5b81@group-F55AE318680E:LeaderElection17] INFO  server.RaftServerConfigKeys (ConfUtils.java:logGet(43)) - raft.server.staging.catchup.gap = 1000 (default)
2019-09-25 06:34:01,690 [f9a1adb5-ac95-4f8b-8632-8bfce9a5ce16@group-95409C4043EF:LeaderElection3] INFO  server.RaftServerConfigKeys (ConfUtils.java:logGet(43)) - raft.server.staging.catchup.gap = 1000 (default)
2019-09-25 06:34:01,690 [313782b9-e18d-44cb-a4a7-8816635983d3@group-56B299CA57A1:LeaderElection12] INFO  server.RaftServerConfigKeys (ConfUtils.java:logGet(43)) - raft.server.staging.catchup.gap = 1000 (default)
2019-09-25 06:34:01,690 [f9a1adb5-ac95-4f8b-8632-8bfce9a5ce16@group-574076A47EFF:LeaderElection23] INFO  server.RaftServerConfigKeys (ConfUtils.java:logGet(43)) - raft.server.staging.catchup.gap = 1000 (default)
2019-09-25 06:34:01,690 [ada091b4-9675-42a7-afd4-5850bd9f4e78@group-AA114494D80C:LeaderElection28] INFO  server.RaftServerConfigKeys (ConfUtils.java:logGet(43)) - raft.server.staging.catchup.gap = 1000 (default)
2019-09-25 06:34:01,689 [f64f24cc-0a31-403c-8370-70bfbc60f804@group-33429AF2912F:LeaderElection30] INFO  server.RaftServerConfigKeys (ConfUtils.java:logGet(43)) - raft.server.staging.catchup.gap = 1000 (default)
2019-09-25 06:34:01,689 [313782b9-e18d-44cb-a4a7-8816635983d3@group-A872D9AF1F24:LeaderElection9] INFO  server.RaftServerConfigKeys (ConfUtils.java:logGet(43)) - raft.server.rpc.sleep.time = 25ms (default)
2019-09-25 06:34:01,689 [59047a66-3178-4e61-9c82-892aa22a5b81@group-65AD5FD3CE27:LeaderElection5] INFO  server.RaftServerConfigKeys (ConfUtils.java:logGet(43)) - raft.server.staging.catchup.gap = 1000 (default)
2019-09-25 06:34:01,689 [81f06f72-72c9-4329-855f-4bc73f7e5da2@group-8248A8B75CAB:LeaderElection4] INFO  server.RaftServerConfigKeys (ConfUtils.java:logGet(43)) - raft.server.staging.catchup.gap = 1000 (default)
2019-09-25 06:34:01,689 [f9a1adb5-ac95-4f8b-8632-8bfce9a5ce16@group-711781CA78ED:LeaderElection6] INFO  server.RaftServerConfigKeys (ConfUtils.java:logGet(43)) - raft.server.staging.catchup.gap = 1000 (default)
2019-09-25 06:34:01,689 [ada091b4-9675-42a7-afd4-5850bd9f4e78@group-7104373670D1:LeaderElection31] INFO  server.RaftServerConfigKeys (ConfUtils.java:logGet(43)) - raft.server.staging.catchup.gap = 1000 (default)
2019-09-25 06:34:01,694 [ada091b4-9675-42a7-afd4-5850bd9f4e78@group-7104373670D1:LeaderElection31] INFO  server.RaftServerConfigKeys (ConfUtils.java:logGet(43)) - raft.server.rpc.sleep.time = 25ms (default)
2019-09-25 06:34:01,689 [59047a66-3178-4e61-9c82-892aa22a5b81@group-2FA50E43BD3C:LeaderElection20] INFO  server.RaftServerConfigKeys (ConfUtils.java:logGet(43)) - raft.server.staging.catchup.gap = 1000 (default)
2019-09-25 06:34:01,689 [f9a1adb5-ac95-4f8b-8632-8bfce9a5ce16@group-A8D3F6769C8A:LeaderElection7] INFO  server.RaftServerConfigKeys (ConfUtils.java:logGet(43)) - raft.server.staging.catchup.gap = 1000 (default)
2019-09-25 06:34:01,694 [f9a1adb5-ac95-4f8b-8632-8bfce9a5ce16@group-A8D3F6769C8A:LeaderElection7] INFO  server.RaftServerConfigKeys (ConfUtils.java:logGet(43)) - raft.server.rpc.sleep.time = 25ms (default)
2019-09-25 06:34:01,689 [f9a1adb5-ac95-4f8b-8632-8bfce9a5ce16@group-6643F46BE229:LeaderElection24] INFO  server.RaftServerConfigKeys (ConfUtils.java:logGet(43)) - raft.server.staging.catchup.gap = 1000 (default)
2019-09-25 06:34:01,689 [2977e106-bb5f-48ce-bb13-3d7f6b9d6732@group-D73F45324AEE:LeaderElection22] INFO  server.RaftServerConfigKeys (ConfUtils.java:logGet(43)) - raft.server.staging.catchup.gap = 1000 (default)
2019-09-25 06:34:01,689 [2977e106-bb5f-48ce-bb13-3d7f6b9d6732@group-5380C7D647F2:LeaderElection10] INFO  server.RaftServerConfigKeys (ConfUtils.java:logGet(43)) - raft.server.staging.catchup.gap = 1000 (default)
2019-09-25 06:34:01,689 [81f06f72-72c9-4329-855f-4bc73f7e5da2@group-3D29C8EE3A09:LeaderElection1] INFO  server.RaftServerConfigKeys (ConfUtils.java:logGet(43)) - raft.server.staging.catchup.gap = 1000 (default)
2019-09-25 06:34:01,689 [49960203-aee6-4047-85fd-ecacef3efebf@group-8FB31ACDEDC4:LeaderElection13] INFO  server.RaftServerConfigKeys (ConfUtils.java:logGet(43)) - raft.server.staging.catchup.gap = 1000 (default)
2019-09-25 06:34:01,689 [2977e106-bb5f-48ce-bb13-3d7f6b9d6732@group-3E6E9A744F20:LeaderElection18] INFO  server.RaftServerConfigKeys (ConfUtils.java:logGet(43)) - raft.server.staging.catchup.gap = 1000 (default)
2019-09-25 06:34:01,687 [81f06f72-72c9-4329-855f-4bc73f7e5da2@group-C4515C1B56D7:LeaderElection21] INFO  impl.RaftServerImpl (RaftServerImpl.java:setRole(174)) - 81f06f72-72c9-4329-855f-4bc73f7e5da2@group-C4515C1B56D7: changes role from CANDIDATE to LEADER at term 1 for changeToLeader
2019-09-25 06:34:01,695 [2977e106-bb5f-48ce-bb13-3d7f6b9d6732@group-3E6E9A744F20:LeaderElection18] INFO  server.RaftServerConfigKeys (ConfUtils.java:logGet(43)) - raft.server.rpc.sleep.time = 25ms (default)
2019-09-25 06:34:01,695 [49960203-aee6-4047-85fd-ecacef3efebf@group-8FB31ACDEDC4:LeaderElection13] INFO  server.RaftServerConfigKeys (ConfUtils.java:logGet(43)) - raft.server.rpc.sleep.time = 25ms (default)
2019-09-25 06:34:01,695 [81f06f72-72c9-4329-855f-4bc73f7e5da2@group-3D29C8EE3A09:LeaderElection1] INFO  server.RaftServerConfigKeys (ConfUtils.java:logGet(43)) - raft.server.rpc.sleep.time = 25ms (default)
2019-09-25 06:34:01,695 [2977e106-bb5f-48ce-bb13-3d7f6b9d6732@group-5380C7D647F2:LeaderElection10] INFO  server.RaftServerConfigKeys (ConfUtils.java:logGet(43)) - raft.server.rpc.sleep.time = 25ms (default)
2019-09-25 06:34:01,695 [2977e106-bb5f-48ce-bb13-3d7f6b9d6732@group-D73F45324AEE:LeaderElection22] INFO  server.RaftServerConfigKeys (ConfUtils.java:logGet(43)) - raft.server.rpc.sleep.time = 25ms (default)
2019-09-25 06:34:01,695 [f9a1adb5-ac95-4f8b-8632-8bfce9a5ce16@group-6643F46BE229:LeaderElection24] INFO  server.RaftServerConfigKeys (ConfUtils.java:logGet(43)) - raft.server.rpc.sleep.time = 25ms (default)
2019-09-25 06:34:01,694 [59047a66-3178-4e61-9c82-892aa22a5b81@group-2FA50E43BD3C:LeaderElection20] INFO  server.RaftServerConfigKeys (ConfUtils.java:logGet(43)) - raft.server.rpc.sleep.time = 25ms (default)
2019-09-25 06:34:01,694 [f9a1adb5-ac95-4f8b-8632-8bfce9a5ce16@group-711781CA78ED:LeaderElection6] INFO  server.RaftServerConfigKeys (ConfUtils.java:logGet(43)) - raft.server.rpc.sleep.time = 25ms (default)
2019-09-25 06:34:01,694 [81f06f72-72c9-4329-855f-4bc73f7e5da2@group-8248A8B75CAB:LeaderElection4] INFO  server.RaftServerConfigKeys (ConfUtils.java:logGet(43)) - raft.server.rpc.sleep.time = 25ms (default)
2019-09-25 06:34:01,693 [59047a66-3178-4e61-9c82-892aa22a5b81@group-65AD5FD3CE27:LeaderElection5] INFO  server.RaftServerConfigKeys (ConfUtils.java:logGet(43)) - raft.server.rpc.sleep.time = 25ms (default)
2019-09-25 06:34:01,693 [f64f24cc-0a31-403c-8370-70bfbc60f804@group-33429AF2912F:LeaderElection30] INFO  server.RaftServerConfigKeys (ConfUtils.java:logGet(43)) - raft.server.rpc.sleep.time = 25ms (default)
2019-09-25 06:34:01,693 [ada091b4-9675-42a7-afd4-5850bd9f4e78@group-AA114494D80C:LeaderElection28] INFO  server.RaftServerConfigKeys (ConfUtils.java:logGet(43)) - raft.server.rpc.sleep.time = 25ms (default)
2019-09-25 06:34:01,693 [f9a1adb5-ac95-4f8b-8632-8bfce9a5ce16@group-574076A47EFF:LeaderElection23] INFO  server.RaftServerConfigKeys (ConfUtils.java:logGet(43)) - raft.server.rpc.sleep.time = 25ms (default)
2019-09-25 06:34:01,693 [313782b9-e18d-44cb-a4a7-8816635983d3@group-56B299CA57A1:LeaderElection12] INFO  server.RaftServerConfigKeys (ConfUtils.java:logGet(43)) - raft.server.rpc.sleep.time = 25ms (default)
2019-09-25 06:34:01,693 [f9a1adb5-ac95-4f8b-8632-8bfce9a5ce16@group-95409C4043EF:LeaderElection3] INFO  server.RaftServerConfigKeys (ConfUtils.java:logGet(43)) - raft.server.rpc.sleep.time = 25ms (default)
2019-09-25 06:34:01,693 [59047a66-3178-4e61-9c82-892aa22a5b81@group-F55AE318680E:LeaderElection17] INFO  server.RaftServerConfigKeys (ConfUtils.java:logGet(43)) - raft.server.rpc.sleep.time = 25ms (default)
2019-09-25 06:34:01,692 [f9a1adb5-ac95-4f8b-8632-8bfce9a5ce16@group-1974E36795F0:LeaderElection14] INFO  server.RaftServerConfigKeys (ConfUtils.java:logGet(43)) - raft.server.rpc.sleep.time = 25ms (default)
2019-09-25 06:34:01,692 [9f1e8130-5807-4ed4-a5b5-273b79efb982@group-6F9D63031104:LeaderElection27] INFO  server.RaftServerConfigKeys (ConfUtils.java:logGet(43)) - raft.server.rpc.sleep.time = 25ms (default)
2019-09-25 06:34:01,692 [9f1e8130-5807-4ed4-a5b5-273b79efb982@group-524783405F08:LeaderElection29] INFO  server.RaftServerConfigKeys (ConfUtils.java:logGet(43)) - raft.server.rpc.sleep.time = 25ms (default)
2019-09-25 06:34:01,692 [ada091b4-9675-42a7-afd4-5850bd9f4e78@group-209C792F5FF5:LeaderElection25] INFO  server.RaftServerConfigKeys (ConfUtils.java:logGet(43)) - raft.server.rpc.sleep.time = 25ms (default)
2019-09-25 06:34:01,692 [59047a66-3178-4e61-9c82-892aa22a5b81@group-B859B4EADA08:LeaderElection26] INFO  server.RaftServerConfigKeys (ConfUtils.java:logGet(43)) - raft.server.rpc.sleep.time = 25ms (default)
2019-09-25 06:34:01,692 [313782b9-e18d-44cb-a4a7-8816635983d3@group-DAF03E1835B3:LeaderElection16] INFO  server.RaftServerConfigKeys (ConfUtils.java:logGet(43)) - raft.server.rpc.sleep.time = 25ms (default)
2019-09-25 06:34:01,692 [f64f24cc-0a31-403c-8370-70bfbc60f804@group-49111CF88755:LeaderElection15] INFO  server.RaftServerConfigKeys (ConfUtils.java:logGet(43)) - raft.server.rpc.sleep.time = 25ms (default)
2019-09-25 06:34:01,692 [59047a66-3178-4e61-9c82-892aa22a5b81@group-5B1CD26A0FBC:LeaderElection2] INFO  server.RaftServerConfigKeys (ConfUtils.java:logGet(43)) - raft.server.rpc.sleep.time = 25ms (default)
2019-09-25 06:34:01,691 [59047a66-3178-4e61-9c82-892aa22a5b81@group-99DA1549C481:LeaderElection11] INFO  server.RaftServerConfigKeys (ConfUtils.java:logGet(43)) - raft.server.rpc.sleep.time = 25ms (default)
2019-09-25 06:34:01,691 [9f1e8130-5807-4ed4-a5b5-273b79efb982@group-E8FD0F436770:LeaderElection8] INFO  server.RaftServerConfigKeys (ConfUtils.java:logGet(43)) - raft.server.rpc.sleep.time = 25ms (default)
2019-09-25 06:34:01,691 [pool-87-thread-1] INFO  server.RaftServerConfigKeys (ConfUtils.java:logGet(43)) - raft.server.log.purge.gap = 1000000 (custom)
2019-09-25 06:34:01,699 [9f1e8130-5807-4ed4-a5b5-273b79efb982@group-E8FD0F436770:LeaderElection8] INFO  server.RaftServerConfigKeys (ConfUtils.java:logGet(43)) - raft.server.write.element-limit = 4096 (default)
2019-09-25 06:34:01,699 [59047a66-3178-4e61-9c82-892aa22a5b81@group-99DA1549C481:LeaderElection11] INFO  server.RaftServerConfigKeys (ConfUtils.java:logGet(43)) - raft.server.write.element-limit = 4096 (default)
2019-09-25 06:34:01,699 [59047a66-3178-4e61-9c82-892aa22a5b81@group-5B1CD26A0FBC:LeaderElection2] INFO  server.RaftServerConfigKeys (ConfUtils.java:logGet(43)) - raft.server.write.element-limit = 4096 (default)
2019-09-25 06:34:01,699 [f64f24cc-0a31-403c-8370-70bfbc60f804@group-49111CF88755:LeaderElection15] INFO  server.RaftServerConfigKeys (ConfUtils.java:logGet(43)) - raft.server.write.element-limit = 4096 (default)
2019-09-25 06:34:01,699 [313782b9-e18d-44cb-a4a7-8816635983d3@group-DAF03E1835B3:LeaderElection16] INFO  server.RaftServerConfigKeys (ConfUtils.java:logGet(43)) - raft.server.write.element-limit = 4096 (default)
2019-09-25 06:34:01,699 [59047a66-3178-4e61-9c82-892aa22a5b81@group-B859B4EADA08:LeaderElection26] INFO  server.RaftServerConfigKeys (ConfUtils.java:logGet(43)) - raft.server.write.element-limit = 4096 (default)
2019-09-25 06:34:01,698 [ada091b4-9675-42a7-afd4-5850bd9f4e78@group-209C792F5FF5:LeaderElection25] INFO  server.RaftServerConfigKeys (ConfUtils.java:logGet(43)) - raft.server.write.element-limit = 4096 (default)
2019-09-25 06:34:01,698 [9f1e8130-5807-4ed4-a5b5-273b79efb982@group-524783405F08:LeaderElection29] INFO  server.RaftServerConfigKeys (ConfUtils.java:logGet(43)) - raft.server.write.element-limit = 4096 (default)
2019-09-25 06:34:01,698 [9f1e8130-5807-4ed4-a5b5-273b79efb982@group-6F9D63031104:LeaderElection27] INFO  server.RaftServerConfigKeys (ConfUtils.java:logGet(43)) - raft.server.write.element-limit = 4096 (default)
2019-09-25 06:34:01,698 [f9a1adb5-ac95-4f8b-8632-8bfce9a5ce16@group-1974E36795F0:LeaderElection14] INFO  server.RaftServerConfigKeys (ConfUtils.java:logGet(43)) - raft.server.write.element-limit = 4096 (default)
2019-09-25 06:34:01,698 [59047a66-3178-4e61-9c82-892aa22a5b81@group-F55AE318680E:LeaderElection17] INFO  server.RaftServerConfigKeys (ConfUtils.java:logGet(43)) - raft.server.write.element-limit = 4096 (default)
2019-09-25 06:34:01,698 [f9a1adb5-ac95-4f8b-8632-8bfce9a5ce16@group-95409C4043EF:LeaderElection3] INFO  server.RaftServerConfigKeys (ConfUtils.java:logGet(43)) - raft.server.write.element-limit = 4096 (default)
2019-09-25 06:34:01,698 [313782b9-e18d-44cb-a4a7-8816635983d3@group-56B299CA57A1:LeaderElection12] INFO  server.RaftServerConfigKeys (ConfUtils.java:logGet(43)) - raft.server.write.element-limit = 4096 (default)
2019-09-25 06:34:01,698 [f9a1adb5-ac95-4f8b-8632-8bfce9a5ce16@group-574076A47EFF:LeaderElection23] INFO  server.RaftServerConfigKeys (ConfUtils.java:logGet(43)) - raft.server.write.element-limit = 4096 (default)
2019-09-25 06:34:01,697 [ada091b4-9675-42a7-afd4-5850bd9f4e78@group-AA114494D80C:LeaderElection28] INFO  server.RaftServerConfigKeys (ConfUtils.java:logGet(43)) - raft.server.write.element-limit = 4096 (default)
2019-09-25 06:34:01,697 [f64f24cc-0a31-403c-8370-70bfbc60f804@group-33429AF2912F:LeaderElection30] INFO  server.RaftServerConfigKeys (ConfUtils.java:logGet(43)) - raft.server.write.element-limit = 4096 (default)
2019-09-25 06:34:01,697 [59047a66-3178-4e61-9c82-892aa22a5b81@group-65AD5FD3CE27:LeaderElection5] INFO  server.RaftServerConfigKeys (ConfUtils.java:logGet(43)) - raft.server.write.element-limit = 4096 (default)
2019-09-25 06:34:01,697 [81f06f72-72c9-4329-855f-4bc73f7e5da2@group-8248A8B75CAB:LeaderElection4] INFO  server.RaftServerConfigKeys (ConfUtils.java:logGet(43)) - raft.server.write.element-limit = 4096 (default)
2019-09-25 06:34:01,697 [f9a1adb5-ac95-4f8b-8632-8bfce9a5ce16@group-711781CA78ED:LeaderElection6] INFO  server.RaftServerConfigKeys (ConfUtils.java:logGet(43)) - raft.server.write.element-limit = 4096 (default)
2019-09-25 06:34:01,697 [59047a66-3178-4e61-9c82-892aa22a5b81@group-2FA50E43BD3C:LeaderElection20] INFO  server.RaftServerConfigKeys (ConfUtils.java:logGet(43)) - raft.server.write.element-limit = 4096 (default)
2019-09-25 06:34:01,697 [f9a1adb5-ac95-4f8b-8632-8bfce9a5ce16@group-6643F46BE229:LeaderElection24] INFO  server.RaftServerConfigKeys (ConfUtils.java:logGet(43)) - raft.server.write.element-limit = 4096 (default)
2019-09-25 06:34:01,696 [2977e106-bb5f-48ce-bb13-3d7f6b9d6732@group-D73F45324AEE:LeaderElection22] INFO  server.RaftServerConfigKeys (ConfUtils.java:logGet(43)) - raft.server.write.element-limit = 4096 (default)
2019-09-25 06:34:01,696 [2977e106-bb5f-48ce-bb13-3d7f6b9d6732@group-5380C7D647F2:LeaderElection10] INFO  server.RaftServerConfigKeys (ConfUtils.java:logGet(43)) - raft.server.write.element-limit = 4096 (default)
2019-09-25 06:34:01,702 [f9a1adb5-ac95-4f8b-8632-8bfce9a5ce16@group-6643F46BE229:LeaderElection24] INFO  server.RaftServerConfigKeys (ConfUtils.java:logGet(43)) - raft.server.watch.timeout = 10s (default)
2019-09-25 06:34:01,696 [ada091b4-9675-42a7-afd4-5850bd9f4e78@group-071BE83B3689:LeaderElection19] INFO  server.RaftServerConfigKeys (ConfUtils.java:logGet(43)) - raft.server.write.element-limit = 4096 (default)
2019-09-25 06:34:01,703 [f9a1adb5-ac95-4f8b-8632-8bfce9a5ce16@group-711781CA78ED:LeaderElection6] INFO  server.RaftServerConfigKeys (ConfUtils.java:logGet(43)) - raft.server.watch.timeout = 10s (default)
2019-09-25 06:34:01,703 [313782b9-e18d-44cb-a4a7-8816635983d3@group-DAF03E1835B3:LeaderElection16] INFO  server.RaftServerConfigKeys (ConfUtils.java:logGet(43)) - raft.server.watch.timeout = 10s (default)
2019-09-25 06:34:01,696 [81f06f72-72c9-4329-855f-4bc73f7e5da2@group-3D29C8EE3A09:LeaderElection1] INFO  server.RaftServerConfigKeys (ConfUtils.java:logGet(43)) - raft.server.write.element-limit = 4096 (default)
2019-09-25 06:34:01,696 [2977e106-bb5f-48ce-bb13-3d7f6b9d6732@group-3E6E9A744F20:LeaderElection18] INFO  server.RaftServerConfigKeys (ConfUtils.java:logGet(43)) - raft.server.write.element-limit = 4096 (default)
2019-09-25 06:34:01,696 [313782b9-e18d-44cb-a4a7-8816635983d3@group-A872D9AF1F24:LeaderElection9] INFO  server.RaftServerConfigKeys (ConfUtils.java:logGet(43)) - raft.server.write.element-limit = 4096 (default)
2019-09-25 06:34:01,696 [49960203-aee6-4047-85fd-ecacef3efebf@group-8FB31ACDEDC4:LeaderElection13] INFO  server.RaftServerConfigKeys (ConfUtils.java:logGet(43)) - raft.server.write.element-limit = 4096 (default)
2019-09-25 06:34:01,696 [f9a1adb5-ac95-4f8b-8632-8bfce9a5ce16@group-A8D3F6769C8A:LeaderElection7] INFO  server.RaftServerConfigKeys (ConfUtils.java:logGet(43)) - raft.server.write.element-limit = 4096 (default)
2019-09-25 06:34:01,696 [ada091b4-9675-42a7-afd4-5850bd9f4e78@group-7104373670D1:LeaderElection31] INFO  server.RaftServerConfigKeys (ConfUtils.java:logGet(43)) - raft.server.write.element-limit = 4096 (default)
2019-09-25 06:34:01,696 [81f06f72-72c9-4329-855f-4bc73f7e5da2@group-C4515C1B56D7:LeaderElection21] INFO  impl.RaftServerImpl (ServerState.java:setLeader(253)) - 81f06f72-72c9-4329-855f-4bc73f7e5da2@group-C4515C1B56D7: change Leader from null to 81f06f72-72c9-4329-855f-4bc73f7e5da2 at term 1 for becomeLeader, leader elected after 7792ms
2019-09-25 06:34:01,704 [ada091b4-9675-42a7-afd4-5850bd9f4e78@group-7104373670D1:LeaderElection31] INFO  server.RaftServerConfigKeys (ConfUtils.java:logGet(43)) - raft.server.watch.timeout = 10s (default)
2019-09-25 06:34:01,703 [f9a1adb5-ac95-4f8b-8632-8bfce9a5ce16@group-A8D3F6769C8A:LeaderElection7] INFO  server.RaftServerConfigKeys (ConfUtils.java:logGet(43)) - raft.server.watch.timeout = 10s (default)
2019-09-25 06:34:01,703 [49960203-aee6-4047-85fd-ecacef3efebf@group-8FB31ACDEDC4:LeaderElection13] INFO  server.RaftServerConfigKeys (ConfUtils.java:logGet(43)) - raft.server.watch.timeout = 10s (default)
2019-09-25 06:34:01,703 [313782b9-e18d-44cb-a4a7-8816635983d3@group-A872D9AF1F24:LeaderElection9] INFO  server.RaftServerConfigKeys (ConfUtils.java:logGet(43)) - raft.server.watch.timeout = 10s (default)
2019-09-25 06:34:01,703 [2977e106-bb5f-48ce-bb13-3d7f6b9d6732@group-3E6E9A744F20:LeaderElection18] INFO  server.RaftServerConfigKeys (ConfUtils.java:logGet(43)) - raft.server.watch.timeout = 10s (default)
2019-09-25 06:34:01,703 [pool-27-thread-1] INFO  storage.RaftStorage (RaftStorage.java:format(72)) - Storage directory /workdir/hadoop-ozone/ozonefs/target/test-dir/MiniOzoneClusterImpl-d97e1daa-6e0c-4900-b1c9-997de4e3459a/datanode-0/data/ratis/b0d93935-a9ea-4875-92a9-ac61b04265ad has been successfully formatted.
2019-09-25 06:34:01,703 [pool-67-thread-1] INFO  storage.RaftStorage (RaftStorage.java:format(72)) - Storage directory /workdir/hadoop-ozone/ozonefs/target/test-dir/MiniOzoneClusterImpl-d97e1daa-6e0c-4900-b1c9-997de4e3459a/datanode-4/data/ratis/b0d93935-a9ea-4875-92a9-ac61b04265ad has been successfully formatted.
2019-09-25 06:34:01,703 [pool-107-thread-1] INFO  storage.RaftStorage (RaftStorage.java:format(72)) - Storage directory /workdir/hadoop-ozone/ozonefs/target/test-dir/MiniOzoneClusterImpl-d97e1daa-6e0c-4900-b1c9-997de4e3459a/datanode-8/data/ratis/b0d93935-a9ea-4875-92a9-ac61b04265ad has been successfully formatted.
2019-09-25 06:34:01,703 [81f06f72-72c9-4329-855f-4bc73f7e5da2@group-3D29C8EE3A09:LeaderElection1] INFO  server.RaftServerConfigKeys (ConfUtils.java:logGet(43)) - raft.server.watch.timeout = 10s (default)
2019-09-25 06:34:01,705 [pool-107-thread-1] INFO  ratis.ContainerStateMachine (ContainerStateMachine.java:loadSnapshot(230)) - group-AC61B04265AD: The snapshot info is null. Setting the last applied indexto:(t:0, i:~)
2019-09-25 06:34:01,703 [313782b9-e18d-44cb-a4a7-8816635983d3@group-DAF03E1835B3:LeaderElection16] INFO  server.RaftServerConfigKeys (ConfUtils.java:logGet(43)) - raft.server.watch.timeout.denomination = 1s (default)
2019-09-25 06:34:01,703 [f9a1adb5-ac95-4f8b-8632-8bfce9a5ce16@group-711781CA78ED:LeaderElection6] INFO  server.RaftServerConfigKeys (ConfUtils.java:logGet(43)) - raft.server.watch.timeout.denomination = 1s (default)
2019-09-25 06:34:01,703 [ada091b4-9675-42a7-afd4-5850bd9f4e78@group-AA114494D80C:LeaderElection28] INFO  server.RaftServerConfigKeys (ConfUtils.java:logGet(43)) - raft.server.watch.timeout = 10s (default)
2019-09-25 06:34:01,703 [ada091b4-9675-42a7-afd4-5850bd9f4e78@group-071BE83B3689:LeaderElection19] INFO  server.RaftServerConfigKeys (ConfUtils.java:logGet(43)) - raft.server.watch.timeout = 10s (default)
2019-09-25 06:34:01,705 [ada091b4-9675-42a7-afd4-5850bd9f4e78@group-071BE83B3689:LeaderElection19] INFO  server.RaftServerConfigKeys (ConfUtils.java:logGet(43)) - raft.server.watch.timeout.denomination = 1s (default)
2019-09-25 06:34:01,703 [f9a1adb5-ac95-4f8b-8632-8bfce9a5ce16@group-6643F46BE229:LeaderElection24] INFO  server.RaftServerConfigKeys (ConfUtils.java:logGet(43)) - raft.server.watch.timeout.denomination = 1s (default)
2019-09-25 06:34:01,703 [59047a66-3178-4e61-9c82-892aa22a5b81@group-2FA50E43BD3C:LeaderElection20] INFO  server.RaftServerConfigKeys (ConfUtils.java:logGet(43)) - raft.server.watch.timeout = 10s (default)
2019-09-25 06:34:01,703 [9f1e8130-5807-4ed4-a5b5-273b79efb982@group-6F9D63031104:LeaderElection27] INFO  server.RaftServerConfigKeys (ConfUtils.java:logGet(43)) - raft.server.watch.timeout = 10s (default)
2019-09-25 06:34:01,703 [f9a1adb5-ac95-4f8b-8632-8bfce9a5ce16@group-1974E36795F0:LeaderElection14] INFO  server.RaftServerConfigKeys (ConfUtils.java:logGet(43)) - raft.server.watch.timeout = 10s (default)
2019-09-25 06:34:01,702 [81f06f72-72c9-4329-855f-4bc73f7e5da2@group-8248A8B75CAB:LeaderElection4] INFO  server.RaftServerConfigKeys (ConfUtils.java:logGet(43)) - raft.server.watch.timeout = 10s (default)
2019-09-25 06:34:01,702 [9f1e8130-5807-4ed4-a5b5-273b79efb982@group-524783405F08:LeaderElection29] INFO  server.RaftServerConfigKeys (ConfUtils.java:logGet(43)) - raft.server.watch.timeout = 10s (default)
2019-09-25 06:34:01,703 [313782b9-e18d-44cb-a4a7-8816635983d3@group-56B299CA57A1:LeaderElection12] INFO  server.RaftServerConfigKeys (ConfUtils.java:logGet(43)) - raft.server.watch.timeout = 10s (default)
2019-09-25 06:34:01,702 [f9a1adb5-ac95-4f8b-8632-8bfce9a5ce16@group-574076A47EFF:LeaderElection23] INFO  server.RaftServerConfigKeys (ConfUtils.java:logGet(43)) - raft.server.watch.timeout = 10s (default)
2019-09-25 06:34:01,702 [f64f24cc-0a31-403c-8370-70bfbc60f804@group-49111CF88755:LeaderElection15] INFO  server.RaftServerConfigKeys (ConfUtils.java:logGet(43)) - raft.server.watch.timeout = 10s (default)
2019-09-25 06:34:01,702 [2977e106-bb5f-48ce-bb13-3d7f6b9d6732@group-5380C7D647F2:LeaderElection10] INFO  server.RaftServerConfigKeys (ConfUtils.java:logGet(43)) - raft.server.watch.timeout = 10s (default)
2019-09-25 06:34:01,702 [9f1e8130-5807-4ed4-a5b5-273b79efb982@group-E8FD0F436770:LeaderElection8] INFO  server.RaftServerConfigKeys (ConfUtils.java:logGet(43)) - raft.server.watch.timeout = 10s (default)
2019-09-25 06:34:01,702 [f9a1adb5-ac95-4f8b-8632-8bfce9a5ce16@group-95409C4043EF:LeaderElection3] INFO  server.RaftServerConfigKeys (ConfUtils.java:logGet(43)) - raft.server.watch.timeout = 10s (default)
2019-09-25 06:34:01,702 [f64f24cc-0a31-403c-8370-70bfbc60f804@group-33429AF2912F:LeaderElection30] INFO  server.RaftServerConfigKeys (ConfUtils.java:logGet(43)) - raft.server.watch.timeout = 10s (default)
2019-09-25 06:34:01,702 [59047a66-3178-4e61-9c82-892aa22a5b81@group-99DA1549C481:LeaderElection11] INFO  server.RaftServerConfigKeys (ConfUtils.java:logGet(43)) - raft.server.watch.timeout = 10s (default)
2019-09-25 06:34:01,702 [59047a66-3178-4e61-9c82-892aa22a5b81@group-5B1CD26A0FBC:LeaderElection2] INFO  server.RaftServerConfigKeys (ConfUtils.java:logGet(43)) - raft.server.watch.timeout = 10s (default)
2019-09-25 06:34:01,708 [59047a66-3178-4e61-9c82-892aa22a5b81@group-5B1CD26A0FBC:LeaderElection2] INFO  server.RaftServerConfigKeys (ConfUtils.java:logGet(43)) - raft.server.watch.timeout.denomination = 1s (default)
2019-09-25 06:34:01,702 [59047a66-3178-4e61-9c82-892aa22a5b81@group-F55AE318680E:LeaderElection17] INFO  server.RaftServerConfigKeys (ConfUtils.java:logGet(43)) - raft.server.watch.timeout = 10s (default)
2019-09-25 06:34:01,702 [ada091b4-9675-42a7-afd4-5850bd9f4e78@group-209C792F5FF5:LeaderElection25] INFO  server.RaftServerConfigKeys (ConfUtils.java:logGet(43)) - raft.server.watch.timeout = 10s (default)
2019-09-25 06:34:01,702 [2977e106-bb5f-48ce-bb13-3d7f6b9d6732@group-D73F45324AEE:LeaderElection22] INFO  server.RaftServerConfigKeys (ConfUtils.java:logGet(43)) - raft.server.watch.timeout = 10s (default)
2019-09-25 06:34:01,702 [59047a66-3178-4e61-9c82-892aa22a5b81@group-B859B4EADA08:LeaderElection26] INFO  server.RaftServerConfigKeys (ConfUtils.java:logGet(43)) - raft.server.watch.timeout = 10s (default)
2019-09-25 06:34:01,702 [59047a66-3178-4e61-9c82-892aa22a5b81@group-65AD5FD3CE27:LeaderElection5] INFO  server.RaftServerConfigKeys (ConfUtils.java:logGet(43)) - raft.server.watch.timeout = 10s (default)
2019-09-25 06:34:01,708 [59047a66-3178-4e61-9c82-892aa22a5b81@group-65AD5FD3CE27:LeaderElection5] INFO  server.RaftServerConfigKeys (ConfUtils.java:logGet(43)) - raft.server.watch.timeout.denomination = 1s (default)
2019-09-25 06:34:01,699 [pool-87-thread-1] INFO  server.RaftServerConfigKeys (ConfUtils.java:logGet(43)) - raft.server.log.appender.buffer.byte-limit = 33554432 (custom)
2019-09-25 06:34:01,708 [59047a66-3178-4e61-9c82-892aa22a5b81@group-65AD5FD3CE27:LeaderElection5] INFO  server.RaftServerConfigKeys (ConfUtils.java:logGet(43)) - raft.server.watch.element-limit = 65536 (default)
2019-09-25 06:34:01,708 [59047a66-3178-4e61-9c82-892aa22a5b81@group-B859B4EADA08:LeaderElection26] INFO  server.RaftServerConfigKeys (ConfUtils.java:logGet(43)) - raft.server.watch.timeout.denomination = 1s (default)
2019-09-25 06:34:01,708 [2977e106-bb5f-48ce-bb13-3d7f6b9d6732@group-D73F45324AEE:LeaderElection22] INFO  server.RaftServerConfigKeys (ConfUtils.java:logGet(43)) - raft.server.watch.timeout.denomination = 1s (default)
2019-09-25 06:34:01,709 [2977e106-bb5f-48ce-bb13-3d7f6b9d6732@group-D73F45324AEE:LeaderElection22] INFO  server.RaftServerConfigKeys (ConfUtils.java:logGet(43)) - raft.server.watch.element-limit = 65536 (default)
2019-09-25 06:34:01,708 [ada091b4-9675-42a7-afd4-5850bd9f4e78@group-209C792F5FF5:LeaderElection25] INFO  server.RaftServerConfigKeys (ConfUtils.java:logGet(43)) - raft.server.watch.timeout.denomination = 1s (default)
2019-09-25 06:34:01,708 [59047a66-3178-4e61-9c82-892aa22a5b81@group-F55AE318680E:LeaderElection17] INFO  server.RaftServerConfigKeys (ConfUtils.java:logGet(43)) - raft.server.watch.timeout.denomination = 1s (default)
2019-09-25 06:34:01,708 [59047a66-3178-4e61-9c82-892aa22a5b81@group-5B1CD26A0FBC:LeaderElection2] INFO  server.RaftServerConfigKeys (ConfUtils.java:logGet(43)) - raft.server.watch.element-limit = 65536 (default)
2019-09-25 06:34:01,707 [59047a66-3178-4e61-9c82-892aa22a5b81@group-99DA1549C481:LeaderElection11] INFO  server.RaftServerConfigKeys (ConfUtils.java:logGet(43)) - raft.server.watch.timeout.denomination = 1s (default)
2019-09-25 06:34:01,707 [f64f24cc-0a31-403c-8370-70bfbc60f804@group-33429AF2912F:LeaderElection30] INFO  server.RaftServerConfigKeys (ConfUtils.java:logGet(43)) - raft.server.watch.timeout.denomination = 1s (default)
2019-09-25 06:34:01,707 [f9a1adb5-ac95-4f8b-8632-8bfce9a5ce16@group-95409C4043EF:LeaderElection3] INFO  server.RaftServerConfigKeys (ConfUtils.java:logGet(43)) - raft.server.watch.timeout.denomination = 1s (default)
2019-09-25 06:34:01,707 [9f1e8130-5807-4ed4-a5b5-273b79efb982@group-E8FD0F436770:LeaderElection8] INFO  server.RaftServerConfigKeys (ConfUtils.java:logGet(43)) - raft.server.watch.timeout.denomination = 1s (default)
2019-09-25 06:34:01,707 [2977e106-bb5f-48ce-bb13-3d7f6b9d6732@group-5380C7D647F2:LeaderElection10] INFO  server.RaftServerConfigKeys (ConfUtils.java:logGet(43)) - raft.server.watch.timeout.denomination = 1s (default)
2019-09-25 06:34:01,707 [f64f24cc-0a31-403c-8370-70bfbc60f804@group-49111CF88755:LeaderElection15] INFO  server.RaftServerConfigKeys (ConfUtils.java:logGet(43)) - raft.server.watch.timeout.denomination = 1s (default)
2019-09-25 06:34:01,707 [f9a1adb5-ac95-4f8b-8632-8bfce9a5ce16@group-574076A47EFF:LeaderElection23] INFO  server.RaftServerConfigKeys (ConfUtils.java:logGet(43)) - raft.server.watch.timeout.denomination = 1s (default)
2019-09-25 06:34:01,706 [313782b9-e18d-44cb-a4a7-8816635983d3@group-56B299CA57A1:LeaderElection12] INFO  server.RaftServerConfigKeys (ConfUtils.java:logGet(43)) - raft.server.watch.timeout.denomination = 1s (default)
2019-09-25 06:34:01,706 [9f1e8130-5807-4ed4-a5b5-273b79efb982@group-524783405F08:LeaderElection29] INFO  server.RaftServerConfigKeys (ConfUtils.java:logGet(43)) - raft.server.watch.timeout.denomination = 1s (default)
2019-09-25 06:34:01,706 [81f06f72-72c9-4329-855f-4bc73f7e5da2@group-8248A8B75CAB:LeaderElection4] INFO  server.RaftServerConfigKeys (ConfUtils.java:logGet(43)) - raft.server.watch.timeout.denomination = 1s (default)
2019-09-25 06:34:01,706 [f9a1adb5-ac95-4f8b-8632-8bfce9a5ce16@group-6643F46BE229:LeaderElection24] INFO  server.RaftServerConfigKeys (ConfUtils.java:logGet(43)) - raft.server.watch.element-limit = 65536 (default)
2019-09-25 06:34:01,706 [f9a1adb5-ac95-4f8b-8632-8bfce9a5ce16@group-1974E36795F0:LeaderElection14] INFO  server.RaftServerConfigKeys (ConfUtils.java:logGet(43)) - raft.server.watch.timeout.denomination = 1s (default)
2019-09-25 06:34:01,706 [9f1e8130-5807-4ed4-a5b5-273b79efb982@group-6F9D63031104:LeaderElection27] INFO  server.RaftServerConfigKeys (ConfUtils.java:logGet(43)) - raft.server.watch.timeout.denomination = 1s (default)
2019-09-25 06:34:01,706 [313782b9-e18d-44cb-a4a7-8816635983d3@group-DAF03E1835B3:LeaderElection16] INFO  server.RaftServerConfigKeys (ConfUtils.java:logGet(43)) - raft.server.watch.element-limit = 65536 (default)
2019-09-25 06:34:01,706 [ada091b4-9675-42a7-afd4-5850bd9f4e78@group-071BE83B3689:LeaderElection19] INFO  server.RaftServerConfigKeys (ConfUtils.java:logGet(43)) - raft.server.watch.element-limit = 65536 (default)
2019-09-25 06:34:01,706 [59047a66-3178-4e61-9c82-892aa22a5b81@group-2FA50E43BD3C:LeaderElection20] INFO  server.RaftServerConfigKeys (ConfUtils.java:logGet(43)) - raft.server.watch.timeout.denomination = 1s (default)
2019-09-25 06:34:01,712 [59047a66-3178-4e61-9c82-892aa22a5b81@group-2FA50E43BD3C:LeaderElection20] INFO  server.RaftServerConfigKeys (ConfUtils.java:logGet(43)) - raft.server.watch.element-limit = 65536 (default)
2019-09-25 06:34:01,706 [f9a1adb5-ac95-4f8b-8632-8bfce9a5ce16@group-711781CA78ED:LeaderElection6] INFO  server.RaftServerConfigKeys (ConfUtils.java:logGet(43)) - raft.server.watch.element-limit = 65536 (default)
2019-09-25 06:34:01,705 [ada091b4-9675-42a7-afd4-5850bd9f4e78@group-AA114494D80C:LeaderElection28] INFO  server.RaftServerConfigKeys (ConfUtils.java:logGet(43)) - raft.server.watch.timeout.denomination = 1s (default)
2019-09-25 06:34:01,705 [pool-107-thread-1] INFO  server.RaftServerConfigKeys (ConfUtils.java:logGet(43)) - raft.server.notification.no-leader.timeout = 120s (custom)
2019-09-25 06:34:01,705 [81f06f72-72c9-4329-855f-4bc73f7e5da2@group-3D29C8EE3A09:LeaderElection1] INFO  server.RaftServerConfigKeys (ConfUtils.java:logGet(43)) - raft.server.watch.timeout.denomination = 1s (default)
2019-09-25 06:34:01,705 [pool-67-thread-1] INFO  ratis.ContainerStateMachine (ContainerStateMachine.java:loadSnapshot(230)) - group-AC61B04265AD: The snapshot info is null. Setting the last applied indexto:(t:0, i:~)
2019-09-25 06:34:01,704 [pool-27-thread-1] INFO  ratis.ContainerStateMachine (ContainerStateMachine.java:loadSnapshot(230)) - group-AC61B04265AD: The snapshot info is null. Setting the last applied indexto:(t:0, i:~)
2019-09-25 06:34:01,704 [2977e106-bb5f-48ce-bb13-3d7f6b9d6732@group-3E6E9A744F20:LeaderElection18] INFO  server.RaftServerConfigKeys (ConfUtils.java:logGet(43)) - raft.server.watch.timeout.denomination = 1s (default)
2019-09-25 06:34:01,704 [313782b9-e18d-44cb-a4a7-8816635983d3@group-A872D9AF1F24:LeaderElection9] INFO  server.RaftServerConfigKeys (ConfUtils.java:logGet(43)) - raft.server.watch.timeout.denomination = 1s (default)
2019-09-25 06:34:01,704 [49960203-aee6-4047-85fd-ecacef3efebf@group-8FB31ACDEDC4:LeaderElection13] INFO  server.RaftServerConfigKeys (ConfUtils.java:logGet(43)) - raft.server.watch.timeout.denomination = 1s (default)
2019-09-25 06:34:01,704 [f9a1adb5-ac95-4f8b-8632-8bfce9a5ce16@group-A8D3F6769C8A:LeaderElection7] INFO  server.RaftServerConfigKeys (ConfUtils.java:logGet(43)) - raft.server.watch.timeout.denomination = 1s (default)
2019-09-25 06:34:01,704 [ada091b4-9675-42a7-afd4-5850bd9f4e78@group-7104373670D1:LeaderElection31] INFO  server.RaftServerConfigKeys (ConfUtils.java:logGet(43)) - raft.server.watch.timeout.denomination = 1s (default)
2019-09-25 06:34:01,704 [81f06f72-72c9-4329-855f-4bc73f7e5da2@group-C4515C1B56D7:LeaderElection21] INFO  server.RaftServerConfigKeys (ConfUtils.java:logGet(43)) - raft.server.staging.catchup.gap = 1000 (default)
2019-09-25 06:34:01,713 [ada091b4-9675-42a7-afd4-5850bd9f4e78@group-7104373670D1:LeaderElection31] INFO  server.RaftServerConfigKeys (ConfUtils.java:logGet(43)) - raft.server.watch.element-limit = 65536 (default)
2019-09-25 06:34:01,713 [f9a1adb5-ac95-4f8b-8632-8bfce9a5ce16@group-A8D3F6769C8A:LeaderElection7] INFO  server.RaftServerConfigKeys (ConfUtils.java:logGet(43)) - raft.server.watch.element-limit = 65536 (default)
2019-09-25 06:34:01,713 [49960203-aee6-4047-85fd-ecacef3efebf@group-8FB31ACDEDC4:LeaderElection13] INFO  server.RaftServerConfigKeys (ConfUtils.java:logGet(43)) - raft.server.watch.element-limit = 65536 (default)
2019-09-25 06:34:01,713 [313782b9-e18d-44cb-a4a7-8816635983d3@group-A872D9AF1F24:LeaderElection9] INFO  server.RaftServerConfigKeys (ConfUtils.java:logGet(43)) - raft.server.watch.element-limit = 65536 (default)
2019-09-25 06:34:01,713 [2977e106-bb5f-48ce-bb13-3d7f6b9d6732@group-3E6E9A744F20:LeaderElection18] INFO  server.RaftServerConfigKeys (ConfUtils.java:logGet(43)) - raft.server.watch.element-limit = 65536 (default)
2019-09-25 06:34:01,712 [pool-27-thread-1] INFO  server.RaftServerConfigKeys (ConfUtils.java:logGet(43)) - raft.server.notification.no-leader.timeout = 120s (custom)
2019-09-25 06:34:01,712 [pool-67-thread-1] INFO  server.RaftServerConfigKeys (ConfUtils.java:logGet(43)) - raft.server.notification.no-leader.timeout = 120s (custom)
2019-09-25 06:34:01,712 [81f06f72-72c9-4329-855f-4bc73f7e5da2@group-3D29C8EE3A09:LeaderElection1] INFO  server.RaftServerConfigKeys (ConfUtils.java:logGet(43)) - raft.server.watch.element-limit = 65536 (default)
2019-09-25 06:34:01,712 [pool-107-thread-1] INFO  server.RaftServerConfigKeys (ConfUtils.java:logGet(43)) - raft.server.log.use.memory = false (default)
2019-09-25 06:34:01,712 [ada091b4-9675-42a7-afd4-5850bd9f4e78@group-AA114494D80C:LeaderElection28] INFO  server.RaftServerConfigKeys (ConfUtils.java:logGet(43)) - raft.server.watch.element-limit = 65536 (default)
2019-09-25 06:34:01,711 [9f1e8130-5807-4ed4-a5b5-273b79efb982@group-6F9D63031104:LeaderElection27] INFO  server.RaftServerConfigKeys (ConfUtils.java:logGet(43)) - raft.server.watch.element-limit = 65536 (default)
2019-09-25 06:34:01,711 [f9a1adb5-ac95-4f8b-8632-8bfce9a5ce16@group-1974E36795F0:LeaderElection14] INFO  server.RaftServerConfigKeys (ConfUtils.java:logGet(43)) - raft.server.watch.element-limit = 65536 (default)
2019-09-25 06:34:01,711 [81f06f72-72c9-4329-855f-4bc73f7e5da2@group-8248A8B75CAB:LeaderElection4] INFO  server.RaftServerConfigKeys (ConfUtils.java:logGet(43)) - raft.server.watch.element-limit = 65536 (default)
2019-09-25 06:34:01,711 [9f1e8130-5807-4ed4-a5b5-273b79efb982@group-524783405F08:LeaderElection29] INFO  server.RaftServerConfigKeys (ConfUtils.java:logGet(43)) - raft.server.watch.element-limit = 65536 (default)
2019-09-25 06:34:01,711 [313782b9-e18d-44cb-a4a7-8816635983d3@group-56B299CA57A1:LeaderElection12] INFO  server.RaftServerConfigKeys (ConfUtils.java:logGet(43)) - raft.server.watch.element-limit = 65536 (default)
2019-09-25 06:34:01,710 [f9a1adb5-ac95-4f8b-8632-8bfce9a5ce16@group-574076A47EFF:LeaderElection23] INFO  server.RaftServerConfigKeys (ConfUtils.java:logGet(43)) - raft.server.watch.element-limit = 65536 (default)
2019-09-25 06:34:01,710 [f64f24cc-0a31-403c-8370-70bfbc60f804@group-49111CF88755:LeaderElection15] INFO  server.RaftServerConfigKeys (ConfUtils.java:logGet(43)) - raft.server.watch.element-limit = 65536 (default)
2019-09-25 06:34:01,710 [2977e106-bb5f-48ce-bb13-3d7f6b9d6732@group-5380C7D647F2:LeaderElection10] INFO  server.RaftServerConfigKeys (ConfUtils.java:logGet(43)) - raft.server.watch.element-limit = 65536 (default)
2019-09-25 06:34:01,710 [9f1e8130-5807-4ed4-a5b5-273b79efb982@group-E8FD0F436770:LeaderElection8] INFO  server.RaftServerConfigKeys (ConfUtils.java:logGet(43)) - raft.server.watch.element-limit = 65536 (default)
2019-09-25 06:34:01,710 [f9a1adb5-ac95-4f8b-8632-8bfce9a5ce16@group-95409C4043EF:LeaderElection3] INFO  server.RaftServerConfigKeys (ConfUtils.java:logGet(43)) - raft.server.watch.element-limit = 65536 (default)
2019-09-25 06:34:01,710 [f64f24cc-0a31-403c-8370-70bfbc60f804@group-33429AF2912F:LeaderElection30] INFO  server.RaftServerConfigKeys (ConfUtils.java:logGet(43)) - raft.server.watch.element-limit = 65536 (default)
2019-09-25 06:34:01,709 [59047a66-3178-4e61-9c82-892aa22a5b81@group-99DA1549C481:LeaderElection11] INFO  server.RaftServerConfigKeys (ConfUtils.java:logGet(43)) - raft.server.watch.element-limit = 65536 (default)
2019-09-25 06:34:01,709 [59047a66-3178-4e61-9c82-892aa22a5b81@group-F55AE318680E:LeaderElection17] INFO  server.RaftServerConfigKeys (ConfUtils.java:logGet(43)) - raft.server.watch.element-limit = 65536 (default)
2019-09-25 06:34:01,709 [ada091b4-9675-42a7-afd4-5850bd9f4e78@group-209C792F5FF5:LeaderElection25] INFO  server.RaftServerConfigKeys (ConfUtils.java:logGet(43)) - raft.server.watch.element-limit = 65536 (default)
2019-09-25 06:34:01,709 [59047a66-3178-4e61-9c82-892aa22a5b81@group-B859B4EADA08:LeaderElection26] INFO  server.RaftServerConfigKeys (ConfUtils.java:logGet(43)) - raft.server.watch.element-limit = 65536 (default)
2019-09-25 06:34:01,709 [pool-87-thread-1] INFO  server.RaftServerConfigKeys (ConfUtils.java:logGet(43)) - raft.server.log.segment.size.max = 1048576 (custom)
2019-09-25 06:34:01,714 [pool-107-thread-1] INFO  server.RaftServerConfigKeys (ConfUtils.java:logGet(43)) - raft.server.log.purge.gap = 1000000 (custom)
2019-09-25 06:34:01,714 [pool-67-thread-1] INFO  server.RaftServerConfigKeys (ConfUtils.java:logGet(43)) - raft.server.log.use.memory = false (default)
2019-09-25 06:34:01,714 [pool-27-thread-1] INFO  server.RaftServerConfigKeys (ConfUtils.java:logGet(43)) - raft.server.log.use.memory = false (default)
2019-09-25 06:34:01,713 [81f06f72-72c9-4329-855f-4bc73f7e5da2@group-C4515C1B56D7:LeaderElection21] INFO  server.RaftServerConfigKeys (ConfUtils.java:logGet(43)) - raft.server.rpc.sleep.time = 25ms (default)
2019-09-25 06:34:01,717 [pool-27-thread-1] INFO  server.RaftServerConfigKeys (ConfUtils.java:logGet(43)) - raft.server.log.purge.gap = 1000000 (custom)
2019-09-25 06:34:01,717 [81f06f72-72c9-4329-855f-4bc73f7e5da2@group-C4515C1B56D7:LeaderElection21] INFO  server.RaftServerConfigKeys (ConfUtils.java:logGet(43)) - raft.server.write.element-limit = 4096 (default)
2019-09-25 06:34:01,717 [pool-67-thread-1] INFO  server.RaftServerConfigKeys (ConfUtils.java:logGet(43)) - raft.server.log.purge.gap = 1000000 (custom)
2019-09-25 06:34:01,717 [pool-107-thread-1] INFO  server.RaftServerConfigKeys (ConfUtils.java:logGet(43)) - raft.server.log.appender.buffer.byte-limit = 33554432 (custom)
2019-09-25 06:34:01,717 [pool-87-thread-1] INFO  server.RaftServerConfigKeys (ConfUtils.java:logGet(43)) - raft.server.log.segment.cache.num.max = 2 (custom)
2019-09-25 06:34:01,718 [pool-107-thread-1] INFO  server.RaftServerConfigKeys (ConfUtils.java:logGet(43)) - raft.server.log.segment.size.max = 1048576 (custom)
2019-09-25 06:34:01,718 [pool-67-thread-1] INFO  server.RaftServerConfigKeys (ConfUtils.java:logGet(43)) - raft.server.log.appender.buffer.byte-limit = 33554432 (custom)
2019-09-25 06:34:01,718 [81f06f72-72c9-4329-855f-4bc73f7e5da2@group-C4515C1B56D7:LeaderElection21] INFO  server.RaftServerConfigKeys (ConfUtils.java:logGet(43)) - raft.server.watch.timeout = 10s (default)
2019-09-25 06:34:01,717 [pool-27-thread-1] INFO  server.RaftServerConfigKeys (ConfUtils.java:logGet(43)) - raft.server.log.appender.buffer.byte-limit = 33554432 (custom)
2019-09-25 06:34:01,718 [81f06f72-72c9-4329-855f-4bc73f7e5da2@group-C4515C1B56D7:LeaderElection21] INFO  server.RaftServerConfigKeys (ConfUtils.java:logGet(43)) - raft.server.watch.timeout.denomination = 1s (default)
2019-09-25 06:34:01,718 [pool-67-thread-1] INFO  server.RaftServerConfigKeys (ConfUtils.java:logGet(43)) - raft.server.log.segment.size.max = 1048576 (custom)
2019-09-25 06:34:01,718 [pool-107-thread-1] INFO  server.RaftServerConfigKeys (ConfUtils.java:logGet(43)) - raft.server.log.segment.cache.num.max = 2 (custom)
2019-09-25 06:34:01,718 [pool-87-thread-1] INFO  segmented.SegmentedRaftLogWorker (SegmentedRaftLogWorker.java:<init>(172)) - new 2977e106-bb5f-48ce-bb13-3d7f6b9d6732@group-56C81175DE97-SegmentedRaftLogWorker for RaftStorage:Storage Directory /workdir/hadoop-ozone/ozonefs/target/test-dir/MiniOzoneClusterImpl-d97e1daa-6e0c-4900-b1c9-997de4e3459a/datanode-6/data/ratis/6cf68888-c776-45f8-83fa-56c81175de97
2019-09-25 06:34:01,719 [pool-107-thread-1] INFO  segmented.SegmentedRaftLogWorker (SegmentedRaftLogWorker.java:<init>(172)) - new 313782b9-e18d-44cb-a4a7-8816635983d3@group-AC61B04265AD-SegmentedRaftLogWorker for RaftStorage:Storage Directory /workdir/hadoop-ozone/ozonefs/target/test-dir/MiniOzoneClusterImpl-d97e1daa-6e0c-4900-b1c9-997de4e3459a/datanode-8/data/ratis/b0d93935-a9ea-4875-92a9-ac61b04265ad
2019-09-25 06:34:01,719 [pool-67-thread-1] INFO  server.RaftServerConfigKeys (ConfUtils.java:logGet(43)) - raft.server.log.segment.cache.num.max = 2 (custom)
2019-09-25 06:34:01,719 [81f06f72-72c9-4329-855f-4bc73f7e5da2@group-C4515C1B56D7:LeaderElection21] INFO  server.RaftServerConfigKeys (ConfUtils.java:logGet(43)) - raft.server.watch.element-limit = 65536 (default)
2019-09-25 06:34:01,718 [pool-27-thread-1] INFO  server.RaftServerConfigKeys (ConfUtils.java:logGet(43)) - raft.server.log.segment.size.max = 1048576 (custom)
2019-09-25 06:34:01,719 [pool-67-thread-1] INFO  segmented.SegmentedRaftLogWorker (SegmentedRaftLogWorker.java:<init>(172)) - new 49960203-aee6-4047-85fd-ecacef3efebf@group-AC61B04265AD-SegmentedRaftLogWorker for RaftStorage:Storage Directory /workdir/hadoop-ozone/ozonefs/target/test-dir/MiniOzoneClusterImpl-d97e1daa-6e0c-4900-b1c9-997de4e3459a/datanode-4/data/ratis/b0d93935-a9ea-4875-92a9-ac61b04265ad
2019-09-25 06:34:01,719 [pool-107-thread-1] INFO  server.RaftServerConfigKeys (ConfUtils.java:logGet(43)) - raft.server.log.queue.byte-limit = 2147483647 (custom)
2019-09-25 06:34:01,719 [pool-87-thread-1] INFO  server.RaftServerConfigKeys (ConfUtils.java:logGet(43)) - raft.server.log.queue.byte-limit = 2147483647 (custom)
2019-09-25 06:34:01,720 [pool-107-thread-1] INFO  server.RaftServerConfigKeys (ConfUtils.java:logGet(43)) - raft.server.log.queue.element-limit = 1024 (custom)
2019-09-25 06:34:01,720 [pool-67-thread-1] INFO  server.RaftServerConfigKeys (ConfUtils.java:logGet(43)) - raft.server.log.queue.byte-limit = 2147483647 (custom)
2019-09-25 06:34:01,719 [pool-27-thread-1] INFO  server.RaftServerConfigKeys (ConfUtils.java:logGet(43)) - raft.server.log.segment.cache.num.max = 2 (custom)
2019-09-25 06:34:01,720 [pool-67-thread-1] INFO  server.RaftServerConfigKeys (ConfUtils.java:logGet(43)) - raft.server.log.queue.element-limit = 1024 (custom)
2019-09-25 06:34:01,720 [pool-107-thread-1] INFO  server.RaftServerConfigKeys (ConfUtils.java:logGet(43)) - raft.server.log.segment.size.max = 1048576 (custom)
2019-09-25 06:34:01,720 [pool-87-thread-1] INFO  server.RaftServerConfigKeys (ConfUtils.java:logGet(43)) - raft.server.log.queue.element-limit = 1024 (custom)
2019-09-25 06:34:01,721 [pool-107-thread-1] INFO  server.RaftServerConfigKeys (ConfUtils.java:logGet(43)) - raft.server.log.preallocated.size = 16384 (custom)
2019-09-25 06:34:01,720 [pool-67-thread-1] INFO  server.RaftServerConfigKeys (ConfUtils.java:logGet(43)) - raft.server.log.segment.size.max = 1048576 (custom)
2019-09-25 06:34:01,720 [pool-27-thread-1] INFO  segmented.SegmentedRaftLogWorker (SegmentedRaftLogWorker.java:<init>(172)) - new 81f06f72-72c9-4329-855f-4bc73f7e5da2@group-AC61B04265AD-SegmentedRaftLogWorker for RaftStorage:Storage Directory /workdir/hadoop-ozone/ozonefs/target/test-dir/MiniOzoneClusterImpl-d97e1daa-6e0c-4900-b1c9-997de4e3459a/datanode-0/data/ratis/b0d93935-a9ea-4875-92a9-ac61b04265ad
2019-09-25 06:34:01,721 [pool-67-thread-1] INFO  server.RaftServerConfigKeys (ConfUtils.java:logGet(43)) - raft.server.log.preallocated.size = 16384 (custom)
2019-09-25 06:34:01,721 [pool-107-thread-1] INFO  server.RaftServerConfigKeys (ConfUtils.java:logGet(43)) - raft.server.log.write.buffer.size = 33554432 (custom)
2019-09-25 06:34:01,721 [pool-87-thread-1] INFO  server.RaftServerConfigKeys (ConfUtils.java:logGet(43)) - raft.server.log.segment.size.max = 1048576 (custom)
2019-09-25 06:34:01,721 [pool-107-thread-1] INFO  server.RaftServerConfigKeys (ConfUtils.java:logGet(43)) - raft.server.log.force.sync.num = 128 (default)
2019-09-25 06:34:01,721 [pool-67-thread-1] INFO  server.RaftServerConfigKeys (ConfUtils.java:logGet(43)) - raft.server.log.write.buffer.size = 33554432 (custom)
2019-09-25 06:34:01,721 [pool-27-thread-1] INFO  server.RaftServerConfigKeys (ConfUtils.java:logGet(43)) - raft.server.log.queue.byte-limit = 2147483647 (custom)
2019-09-25 06:34:01,722 [pool-67-thread-1] INFO  server.RaftServerConfigKeys (ConfUtils.java:logGet(43)) - raft.server.log.force.sync.num = 128 (default)
2019-09-25 06:34:01,722 [pool-107-thread-1] INFO  server.RaftServerConfigKeys (ConfUtils.java:logGet(43)) - raft.server.log.statemachine.data.sync = true (default)
2019-09-25 06:34:01,721 [pool-87-thread-1] INFO  server.RaftServerConfigKeys (ConfUtils.java:logGet(43)) - raft.server.log.preallocated.size = 16384 (custom)
2019-09-25 06:34:01,722 [pool-107-thread-1] INFO  server.RaftServerConfigKeys (ConfUtils.java:logGet(43)) - raft.server.log.statemachine.data.sync.timeout = 10s (default)
2019-09-25 06:34:01,722 [pool-67-thread-1] INFO  server.RaftServerConfigKeys (ConfUtils.java:logGet(43)) - raft.server.log.statemachine.data.sync = true (default)
2019-09-25 06:34:01,722 [pool-27-thread-1] INFO  server.RaftServerConfigKeys (ConfUtils.java:logGet(43)) - raft.server.log.queue.element-limit = 1024 (custom)
2019-09-25 06:34:01,723 [pool-67-thread-1] INFO  server.RaftServerConfigKeys (ConfUtils.java:logGet(43)) - raft.server.log.statemachine.data.sync.timeout = 10s (default)
2019-09-25 06:34:01,722 [pool-107-thread-1] INFO  server.RaftServerConfigKeys (ConfUtils.java:logGet(43)) - raft.server.log.statemachine.data.sync.timeout.retry = -1 (default)
2019-09-25 06:34:01,722 [pool-87-thread-1] INFO  server.RaftServerConfigKeys (ConfUtils.java:logGet(43)) - raft.server.log.write.buffer.size = 33554432 (custom)
2019-09-25 06:34:01,723 [pool-67-thread-1] INFO  server.RaftServerConfigKeys (ConfUtils.java:logGet(43)) - raft.server.log.statemachine.data.sync.timeout.retry = -1 (default)
2019-09-25 06:34:01,723 [pool-107-thread-1] INFO  server.RaftServerConfigKeys (ConfUtils.java:logGet(43)) - raft.server.log.statemachine.data.caching.enabled = true (custom)
2019-09-25 06:34:01,723 [pool-27-thread-1] INFO  server.RaftServerConfigKeys (ConfUtils.java:logGet(43)) - raft.server.log.segment.size.max = 1048576 (custom)
2019-09-25 06:34:01,723 [pool-67-thread-1] INFO  server.RaftServerConfigKeys (ConfUtils.java:logGet(43)) - raft.server.log.statemachine.data.caching.enabled = true (custom)
2019-09-25 06:34:01,723 [pool-87-thread-1] INFO  server.RaftServerConfigKeys (ConfUtils.java:logGet(43)) - raft.server.log.force.sync.num = 128 (default)
2019-09-25 06:34:01,724 [pool-107-thread-1] INFO  segmented.SegmentedRaftLogWorker (SegmentedRaftLogWorker.java:lambda$new$0(132)) - 313782b9-e18d-44cb-a4a7-8816635983d3@group-AC61B04265AD-SegmentedRaftLogWorker: flushIndex: setUnconditionally 0 -> -1
2019-09-25 06:34:01,724 [pool-27-thread-1] INFO  server.RaftServerConfigKeys (ConfUtils.java:logGet(43)) - raft.server.log.preallocated.size = 16384 (custom)
2019-09-25 06:34:01,724 [pool-67-thread-1] INFO  segmented.SegmentedRaftLogWorker (SegmentedRaftLogWorker.java:lambda$new$0(132)) - 49960203-aee6-4047-85fd-ecacef3efebf@group-AC61B04265AD-SegmentedRaftLogWorker: flushIndex: setUnconditionally 0 -> -1
2019-09-25 06:34:01,724 [pool-87-thread-1] INFO  server.RaftServerConfigKeys (ConfUtils.java:logGet(43)) - raft.server.log.statemachine.data.sync = true (default)
2019-09-25 06:34:01,724 [pool-27-thread-1] INFO  server.RaftServerConfigKeys (ConfUtils.java:logGet(43)) - raft.server.log.write.buffer.size = 33554432 (custom)
2019-09-25 06:34:01,725 [pool-67-thread-1] INFO  server.RaftServerConfigKeys (ConfUtils.java:logGet(43)) - raft.server.snapshot.auto.trigger.enabled = true (custom)
2019-09-25 06:34:01,724 [pool-107-thread-1] INFO  server.RaftServerConfigKeys (ConfUtils.java:logGet(43)) - raft.server.snapshot.auto.trigger.enabled = true (custom)
2019-09-25 06:34:01,725 [pool-67-thread-1] INFO  server.RaftServerConfigKeys (ConfUtils.java:logGet(43)) - raft.server.snapshot.auto.trigger.threshold = 10000 (custom)
2019-09-25 06:34:01,725 [pool-27-thread-1] INFO  server.RaftServerConfigKeys (ConfUtils.java:logGet(43)) - raft.server.log.force.sync.num = 128 (default)
2019-09-25 06:34:01,724 [pool-87-thread-1] INFO  server.RaftServerConfigKeys (ConfUtils.java:logGet(43)) - raft.server.log.statemachine.data.sync.timeout = 10s (default)
2019-09-25 06:34:01,725 [pool-27-thread-1] INFO  server.RaftServerConfigKeys (ConfUtils.java:logGet(43)) - raft.server.log.statemachine.data.sync = true (default)
2019-09-25 06:34:01,725 [pool-67-thread-1] INFO  server.RaftServerConfigKeys (ConfUtils.java:logGet(43)) - raft.server.snapshot.retention.num.files = 5 (custom)
2019-09-25 06:34:01,725 [pool-107-thread-1] INFO  server.RaftServerConfigKeys (ConfUtils.java:logGet(43)) - raft.server.snapshot.auto.trigger.threshold = 10000 (custom)
2019-09-25 06:34:01,726 [pool-67-thread-1] INFO  server.RaftServerConfigKeys (ConfUtils.java:logGet(43)) - raft.server.retrycache.expirytime = 600000ms (custom)
2019-09-25 06:34:01,725 [pool-27-thread-1] INFO  server.RaftServerConfigKeys (ConfUtils.java:logGet(43)) - raft.server.log.statemachine.data.sync.timeout = 10s (default)
2019-09-25 06:34:01,725 [pool-87-thread-1] INFO  server.RaftServerConfigKeys (ConfUtils.java:logGet(43)) - raft.server.log.statemachine.data.sync.timeout.retry = -1 (default)
2019-09-25 06:34:01,726 [2977e106-bb5f-48ce-bb13-3d7f6b9d6732@group-D73F45324AEE:LeaderElection22] INFO  impl.RoleInfo (RoleInfo.java:updateAndGet(143)) - 2977e106-bb5f-48ce-bb13-3d7f6b9d6732: start LeaderState
2019-09-25 06:34:01,726 [pool-27-thread-1] INFO  server.RaftServerConfigKeys (ConfUtils.java:logGet(43)) - raft.server.log.statemachine.data.sync.timeout.retry = -1 (default)
2019-09-25 06:34:01,726 [pool-107-thread-1] INFO  server.RaftServerConfigKeys (ConfUtils.java:logGet(43)) - raft.server.snapshot.retention.num.files = 5 (custom)
2019-09-25 06:34:01,726 [pool-27-thread-1] INFO  server.RaftServerConfigKeys (ConfUtils.java:logGet(43)) - raft.server.log.statemachine.data.caching.enabled = true (custom)
2019-09-25 06:34:01,727 [pool-107-thread-1] INFO  server.RaftServerConfigKeys (ConfUtils.java:logGet(43)) - raft.server.retrycache.expirytime = 600000ms (custom)
2019-09-25 06:34:01,726 [pool-87-thread-1] INFO  server.RaftServerConfigKeys (ConfUtils.java:logGet(43)) - raft.server.log.statemachine.data.caching.enabled = true (custom)
2019-09-25 06:34:01,727 [pool-27-thread-1] INFO  segmented.SegmentedRaftLogWorker (SegmentedRaftLogWorker.java:lambda$new$0(132)) - 81f06f72-72c9-4329-855f-4bc73f7e5da2@group-AC61B04265AD-SegmentedRaftLogWorker: flushIndex: setUnconditionally 0 -> -1
2019-09-25 06:34:01,727 [pool-87-thread-1] INFO  segmented.SegmentedRaftLogWorker (SegmentedRaftLogWorker.java:lambda$new$0(132)) - 2977e106-bb5f-48ce-bb13-3d7f6b9d6732@group-56C81175DE97-SegmentedRaftLogWorker: flushIndex: setUnconditionally 0 -> -1
2019-09-25 06:34:01,727 [pool-27-thread-1] INFO  server.RaftServerConfigKeys (ConfUtils.java:logGet(43)) - raft.server.snapshot.auto.trigger.enabled = true (custom)
2019-09-25 06:34:01,727 [pool-27-thread-1] INFO  server.RaftServerConfigKeys (ConfUtils.java:logGet(43)) - raft.server.snapshot.auto.trigger.threshold = 10000 (custom)
2019-09-25 06:34:01,727 [pool-87-thread-1] INFO  server.RaftServerConfigKeys (ConfUtils.java:logGet(43)) - raft.server.snapshot.auto.trigger.enabled = true (custom)
2019-09-25 06:34:01,727 [pool-27-thread-1] INFO  server.RaftServerConfigKeys (ConfUtils.java:logGet(43)) - raft.server.snapshot.retention.num.files = 5 (custom)
2019-09-25 06:34:01,727 [pool-87-thread-1] INFO  server.RaftServerConfigKeys (ConfUtils.java:logGet(43)) - raft.server.snapshot.auto.trigger.threshold = 10000 (custom)
2019-09-25 06:34:01,728 [pool-27-thread-1] INFO  server.RaftServerConfigKeys (ConfUtils.java:logGet(43)) - raft.server.retrycache.expirytime = 600000ms (custom)
2019-09-25 06:34:01,728 [pool-87-thread-1] INFO  server.RaftServerConfigKeys (ConfUtils.java:logGet(43)) - raft.server.snapshot.retention.num.files = 5 (custom)
2019-09-25 06:34:01,728 [pool-87-thread-1] INFO  server.RaftServerConfigKeys (ConfUtils.java:logGet(43)) - raft.server.retrycache.expirytime = 600000ms (custom)
2019-09-25 06:34:01,743 [49960203-aee6-4047-85fd-ecacef3efebf@group-8FB31ACDEDC4:LeaderElection13] INFO  impl.RoleInfo (RoleInfo.java:updateAndGet(143)) - 49960203-aee6-4047-85fd-ecacef3efebf: start LeaderState
2019-09-25 06:34:01,743 [f9a1adb5-ac95-4f8b-8632-8bfce9a5ce16@group-A8D3F6769C8A:LeaderElection7] INFO  impl.RoleInfo (RoleInfo.java:updateAndGet(143)) - f9a1adb5-ac95-4f8b-8632-8bfce9a5ce16: start LeaderState
2019-09-25 06:34:01,755 [ada091b4-9675-42a7-afd4-5850bd9f4e78@group-AA114494D80C:LeaderElection28] INFO  impl.RoleInfo (RoleInfo.java:updateAndGet(143)) - ada091b4-9675-42a7-afd4-5850bd9f4e78: start LeaderState
2019-09-25 06:34:01,756 [ada091b4-9675-42a7-afd4-5850bd9f4e78@group-AA114494D80C:LeaderElection28] INFO  segmented.SegmentedRaftLogWorker (SegmentedRaftLogWorker.java:startLogSegment(380)) - ada091b4-9675-42a7-afd4-5850bd9f4e78@group-AA114494D80C-SegmentedRaftLogWorker: Starting segment from index:0
2019-09-25 06:34:01,756 [f9a1adb5-ac95-4f8b-8632-8bfce9a5ce16@group-A8D3F6769C8A:LeaderElection7] INFO  segmented.SegmentedRaftLogWorker (SegmentedRaftLogWorker.java:startLogSegment(380)) - f9a1adb5-ac95-4f8b-8632-8bfce9a5ce16@group-A8D3F6769C8A-SegmentedRaftLogWorker: Starting segment from index:0
2019-09-25 06:34:01,756 [49960203-aee6-4047-85fd-ecacef3efebf@group-8FB31ACDEDC4:LeaderElection13] INFO  segmented.SegmentedRaftLogWorker (SegmentedRaftLogWorker.java:startLogSegment(380)) - 49960203-aee6-4047-85fd-ecacef3efebf@group-8FB31ACDEDC4-SegmentedRaftLogWorker: Starting segment from index:0
2019-09-25 06:34:01,756 [2977e106-bb5f-48ce-bb13-3d7f6b9d6732@group-D73F45324AEE:LeaderElection22] INFO  segmented.SegmentedRaftLogWorker (SegmentedRaftLogWorker.java:startLogSegment(380)) - 2977e106-bb5f-48ce-bb13-3d7f6b9d6732@group-D73F45324AEE-SegmentedRaftLogWorker: Starting segment from index:0
2019-09-25 06:34:01,760 [ada091b4-9675-42a7-afd4-5850bd9f4e78@group-7104373670D1:LeaderElection31] INFO  impl.RoleInfo (RoleInfo.java:updateAndGet(143)) - ada091b4-9675-42a7-afd4-5850bd9f4e78: start LeaderState
2019-09-25 06:34:01,760 [ada091b4-9675-42a7-afd4-5850bd9f4e78@group-7104373670D1:LeaderElection31] INFO  segmented.SegmentedRaftLogWorker (SegmentedRaftLogWorker.java:startLogSegment(380)) - ada091b4-9675-42a7-afd4-5850bd9f4e78@group-7104373670D1-SegmentedRaftLogWorker: Starting segment from index:0
2019-09-25 06:34:01,762 [f64f24cc-0a31-403c-8370-70bfbc60f804@group-49111CF88755:LeaderElection15] INFO  impl.RoleInfo (RoleInfo.java:updateAndGet(143)) - f64f24cc-0a31-403c-8370-70bfbc60f804: start LeaderState
2019-09-25 06:34:01,762 [f64f24cc-0a31-403c-8370-70bfbc60f804@group-49111CF88755:LeaderElection15] INFO  segmented.SegmentedRaftLogWorker (SegmentedRaftLogWorker.java:startLogSegment(380)) - f64f24cc-0a31-403c-8370-70bfbc60f804@group-49111CF88755-SegmentedRaftLogWorker: Starting segment from index:0
2019-09-25 06:34:01,765 [f9a1adb5-ac95-4f8b-8632-8bfce9a5ce16@group-711781CA78ED:LeaderElection6] INFO  impl.RoleInfo (RoleInfo.java:updateAndGet(143)) - f9a1adb5-ac95-4f8b-8632-8bfce9a5ce16: start LeaderState
2019-09-25 06:34:01,765 [f9a1adb5-ac95-4f8b-8632-8bfce9a5ce16@group-711781CA78ED:LeaderElection6] INFO  segmented.SegmentedRaftLogWorker (SegmentedRaftLogWorker.java:startLogSegment(380)) - f9a1adb5-ac95-4f8b-8632-8bfce9a5ce16@group-711781CA78ED-SegmentedRaftLogWorker: Starting segment from index:0
2019-09-25 06:34:01,765 [49960203-aee6-4047-85fd-ecacef3efebf@group-8FB31ACDEDC4:LeaderElection13] INFO  impl.RaftServerImpl (ServerState.java:setRaftConf(354)) - 49960203-aee6-4047-85fd-ecacef3efebf@group-8FB31ACDEDC4: set configuration 0: [49960203-aee6-4047-85fd-ecacef3efebf:192.168.164.207:34853], old=null at 0
2019-09-25 06:34:01,765 [f9a1adb5-ac95-4f8b-8632-8bfce9a5ce16@group-A8D3F6769C8A:LeaderElection7] INFO  impl.RaftServerImpl (ServerState.java:setRaftConf(354)) - f9a1adb5-ac95-4f8b-8632-8bfce9a5ce16@group-A8D3F6769C8A: set configuration 0: [f9a1adb5-ac95-4f8b-8632-8bfce9a5ce16:192.168.164.207:36912], old=null at 0
2019-09-25 06:34:01,765 [f64f24cc-0a31-403c-8370-70bfbc60f804@group-49111CF88755:LeaderElection15] INFO  impl.RaftServerImpl (ServerState.java:setRaftConf(354)) - f64f24cc-0a31-403c-8370-70bfbc60f804@group-49111CF88755: set configuration 0: [f64f24cc-0a31-403c-8370-70bfbc60f804:192.168.164.207:40060], old=null at 0
2019-09-25 06:34:01,765 [ada091b4-9675-42a7-afd4-5850bd9f4e78@group-7104373670D1:LeaderElection31] INFO  impl.RaftServerImpl (ServerState.java:setRaftConf(354)) - ada091b4-9675-42a7-afd4-5850bd9f4e78@group-7104373670D1: set configuration 0: [ada091b4-9675-42a7-afd4-5850bd9f4e78:192.168.164.207:35963], old=null at 0
2019-09-25 06:34:01,765 [2977e106-bb5f-48ce-bb13-3d7f6b9d6732@group-D73F45324AEE:LeaderElection22] INFO  impl.RaftServerImpl (ServerState.java:setRaftConf(354)) - 2977e106-bb5f-48ce-bb13-3d7f6b9d6732@group-D73F45324AEE: set configuration 0: [2977e106-bb5f-48ce-bb13-3d7f6b9d6732:192.168.164.207:45443], old=null at 0
2019-09-25 06:34:01,765 [ada091b4-9675-42a7-afd4-5850bd9f4e78@group-AA114494D80C:LeaderElection28] INFO  impl.RaftServerImpl (ServerState.java:setRaftConf(354)) - ada091b4-9675-42a7-afd4-5850bd9f4e78@group-AA114494D80C: set configuration 0: [ada091b4-9675-42a7-afd4-5850bd9f4e78:192.168.164.207:35963], old=null at 0
2019-09-25 06:34:01,769 [f9a1adb5-ac95-4f8b-8632-8bfce9a5ce16@group-711781CA78ED:LeaderElection6] INFO  impl.RaftServerImpl (ServerState.java:setRaftConf(354)) - f9a1adb5-ac95-4f8b-8632-8bfce9a5ce16@group-711781CA78ED: set configuration 0: [f9a1adb5-ac95-4f8b-8632-8bfce9a5ce16:192.168.164.207:36912], old=null at 0
2019-09-25 06:34:01,783 [313782b9-e18d-44cb-a4a7-8816635983d3@group-DAF03E1835B3:LeaderElection16] INFO  impl.RoleInfo (RoleInfo.java:updateAndGet(143)) - 313782b9-e18d-44cb-a4a7-8816635983d3: start LeaderState
2019-09-25 06:34:01,783 [313782b9-e18d-44cb-a4a7-8816635983d3@group-DAF03E1835B3:LeaderElection16] INFO  segmented.SegmentedRaftLogWorker (SegmentedRaftLogWorker.java:startLogSegment(380)) - 313782b9-e18d-44cb-a4a7-8816635983d3@group-DAF03E1835B3-SegmentedRaftLogWorker: Starting segment from index:0
2019-09-25 06:34:01,784 [313782b9-e18d-44cb-a4a7-8816635983d3@group-DAF03E1835B3:LeaderElection16] INFO  impl.RaftServerImpl (ServerState.java:setRaftConf(354)) - 313782b9-e18d-44cb-a4a7-8816635983d3@group-DAF03E1835B3: set configuration 0: [313782b9-e18d-44cb-a4a7-8816635983d3:192.168.164.207:33244], old=null at 0
2019-09-25 06:34:01,786 [59047a66-3178-4e61-9c82-892aa22a5b81@group-5B1CD26A0FBC:LeaderElection2] INFO  impl.RoleInfo (RoleInfo.java:updateAndGet(143)) - 59047a66-3178-4e61-9c82-892aa22a5b81: start LeaderState
2019-09-25 06:34:01,787 [59047a66-3178-4e61-9c82-892aa22a5b81@group-5B1CD26A0FBC:LeaderElection2] INFO  segmented.SegmentedRaftLogWorker (SegmentedRaftLogWorker.java:startLogSegment(380)) - 59047a66-3178-4e61-9c82-892aa22a5b81@group-5B1CD26A0FBC-SegmentedRaftLogWorker: Starting segment from index:0
2019-09-25 06:34:01,787 [59047a66-3178-4e61-9c82-892aa22a5b81@group-5B1CD26A0FBC:LeaderElection2] INFO  impl.RaftServerImpl (ServerState.java:setRaftConf(354)) - 59047a66-3178-4e61-9c82-892aa22a5b81@group-5B1CD26A0FBC: set configuration 0: [59047a66-3178-4e61-9c82-892aa22a5b81:192.168.164.207:38018], old=null at 0
2019-09-25 06:34:01,790 [59047a66-3178-4e61-9c82-892aa22a5b81@group-65AD5FD3CE27:LeaderElection5] INFO  impl.RoleInfo (RoleInfo.java:updateAndGet(143)) - 59047a66-3178-4e61-9c82-892aa22a5b81: start LeaderState
2019-09-25 06:34:01,790 [59047a66-3178-4e61-9c82-892aa22a5b81@group-65AD5FD3CE27:LeaderElection5] INFO  segmented.SegmentedRaftLogWorker (SegmentedRaftLogWorker.java:startLogSegment(380)) - 59047a66-3178-4e61-9c82-892aa22a5b81@group-65AD5FD3CE27-SegmentedRaftLogWorker: Starting segment from index:0
2019-09-25 06:34:01,790 [59047a66-3178-4e61-9c82-892aa22a5b81@group-65AD5FD3CE27:LeaderElection5] INFO  impl.RaftServerImpl (ServerState.java:setRaftConf(354)) - 59047a66-3178-4e61-9c82-892aa22a5b81@group-65AD5FD3CE27: set configuration 0: [59047a66-3178-4e61-9c82-892aa22a5b81:192.168.164.207:38018], old=null at 0
2019-09-25 06:34:01,793 [f9a1adb5-ac95-4f8b-8632-8bfce9a5ce16@group-6643F46BE229:LeaderElection24] INFO  impl.RoleInfo (RoleInfo.java:updateAndGet(143)) - f9a1adb5-ac95-4f8b-8632-8bfce9a5ce16: start LeaderState
2019-09-25 06:34:01,793 [f9a1adb5-ac95-4f8b-8632-8bfce9a5ce16@group-6643F46BE229:LeaderElection24] INFO  segmented.SegmentedRaftLogWorker (SegmentedRaftLogWorker.java:startLogSegment(380)) - f9a1adb5-ac95-4f8b-8632-8bfce9a5ce16@group-6643F46BE229-SegmentedRaftLogWorker: Starting segment from index:0
2019-09-25 06:34:01,794 [f9a1adb5-ac95-4f8b-8632-8bfce9a5ce16@group-6643F46BE229:LeaderElection24] INFO  impl.RaftServerImpl (ServerState.java:setRaftConf(354)) - f9a1adb5-ac95-4f8b-8632-8bfce9a5ce16@group-6643F46BE229: set configuration 0: [f9a1adb5-ac95-4f8b-8632-8bfce9a5ce16:192.168.164.207:36912], old=null at 0
2019-09-25 06:34:01,800 [ada091b4-9675-42a7-afd4-5850bd9f4e78@group-071BE83B3689:LeaderElection19] INFO  impl.RoleInfo (RoleInfo.java:updateAndGet(143)) - ada091b4-9675-42a7-afd4-5850bd9f4e78: start LeaderState
2019-09-25 06:34:01,800 [ada091b4-9675-42a7-afd4-5850bd9f4e78@group-071BE83B3689:LeaderElection19] INFO  segmented.SegmentedRaftLogWorker (SegmentedRaftLogWorker.java:startLogSegment(380)) - ada091b4-9675-42a7-afd4-5850bd9f4e78@group-071BE83B3689-SegmentedRaftLogWorker: Starting segment from index:0
2019-09-25 06:34:01,801 [ada091b4-9675-42a7-afd4-5850bd9f4e78@group-071BE83B3689:LeaderElection19] INFO  impl.RaftServerImpl (ServerState.java:setRaftConf(354)) - ada091b4-9675-42a7-afd4-5850bd9f4e78@group-071BE83B3689: set configuration 0: [ada091b4-9675-42a7-afd4-5850bd9f4e78:192.168.164.207:35963], old=null at 0
2019-09-25 06:34:01,803 [59047a66-3178-4e61-9c82-892aa22a5b81@group-2FA50E43BD3C:LeaderElection20] INFO  impl.RoleInfo (RoleInfo.java:updateAndGet(143)) - 59047a66-3178-4e61-9c82-892aa22a5b81: start LeaderState
2019-09-25 06:34:01,804 [59047a66-3178-4e61-9c82-892aa22a5b81@group-2FA50E43BD3C:LeaderElection20] INFO  segmented.SegmentedRaftLogWorker (SegmentedRaftLogWorker.java:startLogSegment(380)) - 59047a66-3178-4e61-9c82-892aa22a5b81@group-2FA50E43BD3C-SegmentedRaftLogWorker: Starting segment from index:0
2019-09-25 06:34:01,804 [59047a66-3178-4e61-9c82-892aa22a5b81@group-2FA50E43BD3C:LeaderElection20] INFO  impl.RaftServerImpl (ServerState.java:setRaftConf(354)) - 59047a66-3178-4e61-9c82-892aa22a5b81@group-2FA50E43BD3C: set configuration 0: [59047a66-3178-4e61-9c82-892aa22a5b81:192.168.164.207:38018], old=null at 0
2019-09-25 06:34:01,808 [81f06f72-72c9-4329-855f-4bc73f7e5da2@group-C4515C1B56D7:LeaderElection21] INFO  impl.RoleInfo (RoleInfo.java:updateAndGet(143)) - 81f06f72-72c9-4329-855f-4bc73f7e5da2: start LeaderState
2019-09-25 06:34:01,808 [81f06f72-72c9-4329-855f-4bc73f7e5da2@group-C4515C1B56D7:LeaderElection21] INFO  segmented.SegmentedRaftLogWorker (SegmentedRaftLogWorker.java:startLogSegment(380)) - 81f06f72-72c9-4329-855f-4bc73f7e5da2@group-C4515C1B56D7-SegmentedRaftLogWorker: Starting segment from index:0
2019-09-25 06:34:01,809 [81f06f72-72c9-4329-855f-4bc73f7e5da2@group-C4515C1B56D7:LeaderElection21] INFO  impl.RaftServerImpl (ServerState.java:setRaftConf(354)) - 81f06f72-72c9-4329-855f-4bc73f7e5da2@group-C4515C1B56D7: set configuration 0: [81f06f72-72c9-4329-855f-4bc73f7e5da2:192.168.164.207:40731], old=null at 0
2019-09-25 06:34:01,812 [59047a66-3178-4e61-9c82-892aa22a5b81@group-B859B4EADA08:LeaderElection26] INFO  impl.RoleInfo (RoleInfo.java:updateAndGet(143)) - 59047a66-3178-4e61-9c82-892aa22a5b81: start LeaderState
2019-09-25 06:34:01,813 [59047a66-3178-4e61-9c82-892aa22a5b81@group-B859B4EADA08:LeaderElection26] INFO  segmented.SegmentedRaftLogWorker (SegmentedRaftLogWorker.java:startLogSegment(380)) - 59047a66-3178-4e61-9c82-892aa22a5b81@group-B859B4EADA08-SegmentedRaftLogWorker: Starting segment from index:0
2019-09-25 06:34:01,813 [59047a66-3178-4e61-9c82-892aa22a5b81@group-B859B4EADA08:LeaderElection26] INFO  impl.RaftServerImpl (ServerState.java:setRaftConf(354)) - 59047a66-3178-4e61-9c82-892aa22a5b81@group-B859B4EADA08: set configuration 0: [59047a66-3178-4e61-9c82-892aa22a5b81:192.168.164.207:38018], old=null at 0
2019-09-25 06:34:01,815 [ada091b4-9675-42a7-afd4-5850bd9f4e78@group-209C792F5FF5:LeaderElection25] INFO  impl.RoleInfo (RoleInfo.java:updateAndGet(143)) - ada091b4-9675-42a7-afd4-5850bd9f4e78: start LeaderState
2019-09-25 06:34:01,815 [ada091b4-9675-42a7-afd4-5850bd9f4e78@group-209C792F5FF5:LeaderElection25] INFO  segmented.SegmentedRaftLogWorker (SegmentedRaftLogWorker.java:startLogSegment(380)) - ada091b4-9675-42a7-afd4-5850bd9f4e78@group-209C792F5FF5-SegmentedRaftLogWorker: Starting segment from index:0
2019-09-25 06:34:01,816 [ada091b4-9675-42a7-afd4-5850bd9f4e78@group-209C792F5FF5:LeaderElection25] INFO  impl.RaftServerImpl (ServerState.java:setRaftConf(354)) - ada091b4-9675-42a7-afd4-5850bd9f4e78@group-209C792F5FF5: set configuration 0: [ada091b4-9675-42a7-afd4-5850bd9f4e78:192.168.164.207:35963], old=null at 0
2019-09-25 06:34:01,820 [59047a66-3178-4e61-9c82-892aa22a5b81@group-F55AE318680E:LeaderElection17] INFO  impl.RoleInfo (RoleInfo.java:updateAndGet(143)) - 59047a66-3178-4e61-9c82-892aa22a5b81: start LeaderState
2019-09-25 06:34:01,820 [59047a66-3178-4e61-9c82-892aa22a5b81@group-F55AE318680E:LeaderElection17] INFO  segmented.SegmentedRaftLogWorker (SegmentedRaftLogWorker.java:startLogSegment(380)) - 59047a66-3178-4e61-9c82-892aa22a5b81@group-F55AE318680E-SegmentedRaftLogWorker: Starting segment from index:0
2019-09-25 06:34:01,820 [59047a66-3178-4e61-9c82-892aa22a5b81@group-F55AE318680E:LeaderElection17] INFO  impl.RaftServerImpl (ServerState.java:setRaftConf(354)) - 59047a66-3178-4e61-9c82-892aa22a5b81@group-F55AE318680E: set configuration 0: [59047a66-3178-4e61-9c82-892aa22a5b81:192.168.164.207:38018], old=null at 0
2019-09-25 06:34:01,822 [59047a66-3178-4e61-9c82-892aa22a5b81@group-99DA1549C481:LeaderElection11] INFO  impl.RoleInfo (RoleInfo.java:updateAndGet(143)) - 59047a66-3178-4e61-9c82-892aa22a5b81: start LeaderState
2019-09-25 06:34:01,823 [59047a66-3178-4e61-9c82-892aa22a5b81@group-99DA1549C481:LeaderElection11] INFO  segmented.SegmentedRaftLogWorker (SegmentedRaftLogWorker.java:startLogSegment(380)) - 59047a66-3178-4e61-9c82-892aa22a5b81@group-99DA1549C481-SegmentedRaftLogWorker: Starting segment from index:0
2019-09-25 06:34:01,823 [59047a66-3178-4e61-9c82-892aa22a5b81@group-99DA1549C481:LeaderElection11] INFO  impl.RaftServerImpl (ServerState.java:setRaftConf(354)) - 59047a66-3178-4e61-9c82-892aa22a5b81@group-99DA1549C481: set configuration 0: [59047a66-3178-4e61-9c82-892aa22a5b81:192.168.164.207:38018], old=null at 0
2019-09-25 06:34:01,825 [f64f24cc-0a31-403c-8370-70bfbc60f804@group-33429AF2912F:LeaderElection30] INFO  impl.RoleInfo (RoleInfo.java:updateAndGet(143)) - f64f24cc-0a31-403c-8370-70bfbc60f804: start LeaderState
2019-09-25 06:34:01,826 [f64f24cc-0a31-403c-8370-70bfbc60f804@group-33429AF2912F:LeaderElection30] INFO  segmented.SegmentedRaftLogWorker (SegmentedRaftLogWorker.java:startLogSegment(380)) - f64f24cc-0a31-403c-8370-70bfbc60f804@group-33429AF2912F-SegmentedRaftLogWorker: Starting segment from index:0
2019-09-25 06:34:01,826 [f64f24cc-0a31-403c-8370-70bfbc60f804@group-33429AF2912F:LeaderElection30] INFO  impl.RaftServerImpl (ServerState.java:setRaftConf(354)) - f64f24cc-0a31-403c-8370-70bfbc60f804@group-33429AF2912F: set configuration 0: [f64f24cc-0a31-403c-8370-70bfbc60f804:192.168.164.207:40060], old=null at 0
2019-09-25 06:34:01,826 [f9a1adb5-ac95-4f8b-8632-8bfce9a5ce16@group-95409C4043EF:LeaderElection3] INFO  impl.RoleInfo (RoleInfo.java:updateAndGet(143)) - f9a1adb5-ac95-4f8b-8632-8bfce9a5ce16: start LeaderState
2019-09-25 06:34:01,828 [f9a1adb5-ac95-4f8b-8632-8bfce9a5ce16@group-95409C4043EF:LeaderElection3] INFO  segmented.SegmentedRaftLogWorker (SegmentedRaftLogWorker.java:startLogSegment(380)) - f9a1adb5-ac95-4f8b-8632-8bfce9a5ce16@group-95409C4043EF-SegmentedRaftLogWorker: Starting segment from index:0
2019-09-25 06:34:01,828 [f9a1adb5-ac95-4f8b-8632-8bfce9a5ce16@group-95409C4043EF:LeaderElection3] INFO  impl.RaftServerImpl (ServerState.java:setRaftConf(354)) - f9a1adb5-ac95-4f8b-8632-8bfce9a5ce16@group-95409C4043EF: set configuration 0: [f9a1adb5-ac95-4f8b-8632-8bfce9a5ce16:192.168.164.207:36912], old=null at 0
2019-09-25 06:34:01,838 [9f1e8130-5807-4ed4-a5b5-273b79efb982@group-E8FD0F436770:LeaderElection8] INFO  impl.RoleInfo (RoleInfo.java:updateAndGet(143)) - 9f1e8130-5807-4ed4-a5b5-273b79efb982: start LeaderState
2019-09-25 06:34:01,838 [9f1e8130-5807-4ed4-a5b5-273b79efb982@group-E8FD0F436770:LeaderElection8] INFO  segmented.SegmentedRaftLogWorker (SegmentedRaftLogWorker.java:startLogSegment(380)) - 9f1e8130-5807-4ed4-a5b5-273b79efb982@group-E8FD0F436770-SegmentedRaftLogWorker: Starting segment from index:0
2019-09-25 06:34:01,839 [9f1e8130-5807-4ed4-a5b5-273b79efb982@group-E8FD0F436770:LeaderElection8] INFO  impl.RaftServerImpl (ServerState.java:setRaftConf(354)) - 9f1e8130-5807-4ed4-a5b5-273b79efb982@group-E8FD0F436770: set configuration 0: [9f1e8130-5807-4ed4-a5b5-273b79efb982:192.168.164.207:40481], old=null at 0
2019-09-25 06:34:01,839 [2977e106-bb5f-48ce-bb13-3d7f6b9d6732@group-5380C7D647F2:LeaderElection10] INFO  impl.RoleInfo (RoleInfo.java:updateAndGet(143)) - 2977e106-bb5f-48ce-bb13-3d7f6b9d6732: start LeaderState
2019-09-25 06:34:01,839 [2977e106-bb5f-48ce-bb13-3d7f6b9d6732@group-5380C7D647F2:LeaderElection10] INFO  segmented.SegmentedRaftLogWorker (SegmentedRaftLogWorker.java:startLogSegment(380)) - 2977e106-bb5f-48ce-bb13-3d7f6b9d6732@group-5380C7D647F2-SegmentedRaftLogWorker: Starting segment from index:0
2019-09-25 06:34:01,839 [2977e106-bb5f-48ce-bb13-3d7f6b9d6732@group-5380C7D647F2:LeaderElection10] INFO  impl.RaftServerImpl (ServerState.java:setRaftConf(354)) - 2977e106-bb5f-48ce-bb13-3d7f6b9d6732@group-5380C7D647F2: set configuration 0: [2977e106-bb5f-48ce-bb13-3d7f6b9d6732:192.168.164.207:45443], old=null at 0
2019-09-25 06:34:01,839 [f9a1adb5-ac95-4f8b-8632-8bfce9a5ce16@group-574076A47EFF:LeaderElection23] INFO  impl.RoleInfo (RoleInfo.java:updateAndGet(143)) - f9a1adb5-ac95-4f8b-8632-8bfce9a5ce16: start LeaderState
2019-09-25 06:34:01,839 [f9a1adb5-ac95-4f8b-8632-8bfce9a5ce16@group-574076A47EFF:LeaderElection23] INFO  segmented.SegmentedRaftLogWorker (SegmentedRaftLogWorker.java:startLogSegment(380)) - f9a1adb5-ac95-4f8b-8632-8bfce9a5ce16@group-574076A47EFF-SegmentedRaftLogWorker: Starting segment from index:0
2019-09-25 06:34:01,840 [f9a1adb5-ac95-4f8b-8632-8bfce9a5ce16@group-574076A47EFF:LeaderElection23] INFO  impl.RaftServerImpl (ServerState.java:setRaftConf(354)) - f9a1adb5-ac95-4f8b-8632-8bfce9a5ce16@group-574076A47EFF: set configuration 0: [f9a1adb5-ac95-4f8b-8632-8bfce9a5ce16:192.168.164.207:36912], old=null at 0
2019-09-25 06:34:01,840 [313782b9-e18d-44cb-a4a7-8816635983d3@group-56B299CA57A1:LeaderElection12] INFO  impl.RoleInfo (RoleInfo.java:updateAndGet(143)) - 313782b9-e18d-44cb-a4a7-8816635983d3: start LeaderState
2019-09-25 06:34:01,842 [313782b9-e18d-44cb-a4a7-8816635983d3@group-56B299CA57A1:LeaderElection12] INFO  segmented.SegmentedRaftLogWorker (SegmentedRaftLogWorker.java:startLogSegment(380)) - 313782b9-e18d-44cb-a4a7-8816635983d3@group-56B299CA57A1-SegmentedRaftLogWorker: Starting segment from index:0
2019-09-25 06:34:01,842 [313782b9-e18d-44cb-a4a7-8816635983d3@group-56B299CA57A1:LeaderElection12] INFO  impl.RaftServerImpl (ServerState.java:setRaftConf(354)) - 313782b9-e18d-44cb-a4a7-8816635983d3@group-56B299CA57A1: set configuration 0: [313782b9-e18d-44cb-a4a7-8816635983d3:192.168.164.207:33244], old=null at 0
2019-09-25 06:34:01,842 [9f1e8130-5807-4ed4-a5b5-273b79efb982@group-524783405F08:LeaderElection29] INFO  impl.RoleInfo (RoleInfo.java:updateAndGet(143)) - 9f1e8130-5807-4ed4-a5b5-273b79efb982: start LeaderState
2019-09-25 06:34:01,843 [9f1e8130-5807-4ed4-a5b5-273b79efb982@group-524783405F08:LeaderElection29] INFO  segmented.SegmentedRaftLogWorker (SegmentedRaftLogWorker.java:startLogSegment(380)) - 9f1e8130-5807-4ed4-a5b5-273b79efb982@group-524783405F08-SegmentedRaftLogWorker: Starting segment from index:0
2019-09-25 06:34:01,843 [81f06f72-72c9-4329-855f-4bc73f7e5da2@group-8248A8B75CAB:LeaderElection4] INFO  impl.RoleInfo (RoleInfo.java:updateAndGet(143)) - 81f06f72-72c9-4329-855f-4bc73f7e5da2: start LeaderState
2019-09-25 06:34:01,843 [f9a1adb5-ac95-4f8b-8632-8bfce9a5ce16@group-1974E36795F0:LeaderElection14] INFO  impl.RoleInfo (RoleInfo.java:updateAndGet(143)) - f9a1adb5-ac95-4f8b-8632-8bfce9a5ce16: start LeaderState
2019-09-25 06:34:01,843 [81f06f72-72c9-4329-855f-4bc73f7e5da2@group-8248A8B75CAB:LeaderElection4] INFO  segmented.SegmentedRaftLogWorker (SegmentedRaftLogWorker.java:startLogSegment(380)) - 81f06f72-72c9-4329-855f-4bc73f7e5da2@group-8248A8B75CAB-SegmentedRaftLogWorker: Starting segment from index:0
2019-09-25 06:34:01,843 [f9a1adb5-ac95-4f8b-8632-8bfce9a5ce16@group-1974E36795F0:LeaderElection14] INFO  segmented.SegmentedRaftLogWorker (SegmentedRaftLogWorker.java:startLogSegment(380)) - f9a1adb5-ac95-4f8b-8632-8bfce9a5ce16@group-1974E36795F0-SegmentedRaftLogWorker: Starting segment from index:0
2019-09-25 06:34:01,843 [9f1e8130-5807-4ed4-a5b5-273b79efb982@group-6F9D63031104:LeaderElection27] INFO  impl.RoleInfo (RoleInfo.java:updateAndGet(143)) - 9f1e8130-5807-4ed4-a5b5-273b79efb982: start LeaderState
2019-09-25 06:34:01,843 [81f06f72-72c9-4329-855f-4bc73f7e5da2@group-8248A8B75CAB:LeaderElection4] INFO  impl.RaftServerImpl (ServerState.java:setRaftConf(354)) - 81f06f72-72c9-4329-855f-4bc73f7e5da2@group-8248A8B75CAB: set configuration 0: [81f06f72-72c9-4329-855f-4bc73f7e5da2:192.168.164.207:40731], old=null at 0
2019-09-25 06:34:01,843 [9f1e8130-5807-4ed4-a5b5-273b79efb982@group-524783405F08:LeaderElection29] INFO  impl.RaftServerImpl (ServerState.java:setRaftConf(354)) - 9f1e8130-5807-4ed4-a5b5-273b79efb982@group-524783405F08: set configuration 0: [9f1e8130-5807-4ed4-a5b5-273b79efb982:192.168.164.207:40481], old=null at 0
2019-09-25 06:34:01,843 [81f06f72-72c9-4329-855f-4bc73f7e5da2@group-3D29C8EE3A09:LeaderElection1] INFO  impl.RoleInfo (RoleInfo.java:updateAndGet(143)) - 81f06f72-72c9-4329-855f-4bc73f7e5da2: start LeaderState
2019-09-25 06:34:01,843 [f9a1adb5-ac95-4f8b-8632-8bfce9a5ce16@group-1974E36795F0:LeaderElection14] INFO  impl.RaftServerImpl (ServerState.java:setRaftConf(354)) - f9a1adb5-ac95-4f8b-8632-8bfce9a5ce16@group-1974E36795F0: set configuration 0: [f9a1adb5-ac95-4f8b-8632-8bfce9a5ce16:192.168.164.207:36912], old=null at 0
2019-09-25 06:34:01,843 [9f1e8130-5807-4ed4-a5b5-273b79efb982@group-6F9D63031104:LeaderElection27] INFO  segmented.SegmentedRaftLogWorker (SegmentedRaftLogWorker.java:startLogSegment(380)) - 9f1e8130-5807-4ed4-a5b5-273b79efb982@group-6F9D63031104-SegmentedRaftLogWorker: Starting segment from index:0
2019-09-25 06:34:01,845 [2977e106-bb5f-48ce-bb13-3d7f6b9d6732@group-3E6E9A744F20:LeaderElection18] INFO  impl.RoleInfo (RoleInfo.java:updateAndGet(143)) - 2977e106-bb5f-48ce-bb13-3d7f6b9d6732: start LeaderState
2019-09-25 06:34:01,845 [81f06f72-72c9-4329-855f-4bc73f7e5da2@group-3D29C8EE3A09:LeaderElection1] INFO  segmented.SegmentedRaftLogWorker (SegmentedRaftLogWorker.java:startLogSegment(380)) - 81f06f72-72c9-4329-855f-4bc73f7e5da2@group-3D29C8EE3A09-SegmentedRaftLogWorker: Starting segment from index:0
2019-09-25 06:34:01,846 [9f1e8130-5807-4ed4-a5b5-273b79efb982@group-6F9D63031104:LeaderElection27] INFO  impl.RaftServerImpl (ServerState.java:setRaftConf(354)) - 9f1e8130-5807-4ed4-a5b5-273b79efb982@group-6F9D63031104: set configuration 0: [9f1e8130-5807-4ed4-a5b5-273b79efb982:192.168.164.207:40481], old=null at 0
2019-09-25 06:34:01,846 [2977e106-bb5f-48ce-bb13-3d7f6b9d6732@group-3E6E9A744F20:LeaderElection18] INFO  segmented.SegmentedRaftLogWorker (SegmentedRaftLogWorker.java:startLogSegment(380)) - 2977e106-bb5f-48ce-bb13-3d7f6b9d6732@group-3E6E9A744F20-SegmentedRaftLogWorker: Starting segment from index:0
2019-09-25 06:34:01,848 [pool-67-thread-1] INFO  impl.RaftServerImpl (RaftServerImpl.java:start(185)) - 49960203-aee6-4047-85fd-ecacef3efebf@group-AC61B04265AD: start as a follower, conf=-1: [49960203-aee6-4047-85fd-ecacef3efebf:192.168.164.207:34853, 81f06f72-72c9-4329-855f-4bc73f7e5da2:192.168.164.207:40731, 313782b9-e18d-44cb-a4a7-8816635983d3:192.168.164.207:33244], old=null
2019-09-25 06:34:01,846 [313782b9-e18d-44cb-a4a7-8816635983d3@group-A872D9AF1F24:LeaderElection9] INFO  impl.RoleInfo (RoleInfo.java:updateAndGet(143)) - 313782b9-e18d-44cb-a4a7-8816635983d3: start LeaderState
2019-09-25 06:34:01,848 [2977e106-bb5f-48ce-bb13-3d7f6b9d6732@group-3E6E9A744F20:LeaderElection18] INFO  impl.RaftServerImpl (ServerState.java:setRaftConf(354)) - 2977e106-bb5f-48ce-bb13-3d7f6b9d6732@group-3E6E9A744F20: set configuration 0: [2977e106-bb5f-48ce-bb13-3d7f6b9d6732:192.168.164.207:45443], old=null at 0
2019-09-25 06:34:01,848 [pool-67-thread-1] INFO  impl.RaftServerImpl (RaftServerImpl.java:setRole(174)) - 49960203-aee6-4047-85fd-ecacef3efebf@group-AC61B04265AD: changes role from      null to FOLLOWER at term 0 for startAsFollower
2019-09-25 06:34:01,848 [pool-27-thread-1] INFO  impl.RaftServerImpl (RaftServerImpl.java:start(185)) - 81f06f72-72c9-4329-855f-4bc73f7e5da2@group-AC61B04265AD: start as a follower, conf=-1: [49960203-aee6-4047-85fd-ecacef3efebf:192.168.164.207:34853, 81f06f72-72c9-4329-855f-4bc73f7e5da2:192.168.164.207:40731, 313782b9-e18d-44cb-a4a7-8816635983d3:192.168.164.207:33244], old=null
2019-09-25 06:34:01,848 [pool-87-thread-1] INFO  impl.RaftServerImpl (RaftServerImpl.java:start(185)) - 2977e106-bb5f-48ce-bb13-3d7f6b9d6732@group-56C81175DE97: start as a follower, conf=-1: [2977e106-bb5f-48ce-bb13-3d7f6b9d6732:192.168.164.207:45443], old=null
2019-09-25 06:34:01,848 [81f06f72-72c9-4329-855f-4bc73f7e5da2@group-3D29C8EE3A09:LeaderElection1] INFO  impl.RaftServerImpl (ServerState.java:setRaftConf(354)) - 81f06f72-72c9-4329-855f-4bc73f7e5da2@group-3D29C8EE3A09: set configuration 0: [81f06f72-72c9-4329-855f-4bc73f7e5da2:192.168.164.207:40731], old=null at 0
2019-09-25 06:34:01,848 [pool-87-thread-1] INFO  impl.RaftServerImpl (RaftServerImpl.java:setRole(174)) - 2977e106-bb5f-48ce-bb13-3d7f6b9d6732@group-56C81175DE97: changes role from      null to FOLLOWER at term 0 for startAsFollower
2019-09-25 06:34:01,848 [pool-27-thread-1] INFO  impl.RaftServerImpl (RaftServerImpl.java:setRole(174)) - 81f06f72-72c9-4329-855f-4bc73f7e5da2@group-AC61B04265AD: changes role from      null to FOLLOWER at term 0 for startAsFollower
2019-09-25 06:34:01,849 [pool-87-thread-1] INFO  impl.RoleInfo (RoleInfo.java:updateAndGet(143)) - 2977e106-bb5f-48ce-bb13-3d7f6b9d6732: start FollowerState
2019-09-25 06:34:01,848 [pool-67-thread-1] INFO  impl.RoleInfo (RoleInfo.java:updateAndGet(143)) - 49960203-aee6-4047-85fd-ecacef3efebf: start FollowerState
2019-09-25 06:34:01,848 [313782b9-e18d-44cb-a4a7-8816635983d3@group-A872D9AF1F24:LeaderElection9] INFO  segmented.SegmentedRaftLogWorker (SegmentedRaftLogWorker.java:startLogSegment(380)) - 313782b9-e18d-44cb-a4a7-8816635983d3@group-A872D9AF1F24-SegmentedRaftLogWorker: Starting segment from index:0
2019-09-25 06:34:01,849 [pool-107-thread-1] INFO  impl.RaftServerImpl (RaftServerImpl.java:<init>(95)) - 313782b9-e18d-44cb-a4a7-8816635983d3: new RaftServerImpl for group-DD2E0293C18B:[313782b9-e18d-44cb-a4a7-8816635983d3:192.168.164.207:33244] with ContainerStateMachine:uninitialized
2019-09-25 06:34:01,849 [pool-27-thread-1] INFO  impl.RoleInfo (RoleInfo.java:updateAndGet(143)) - 81f06f72-72c9-4329-855f-4bc73f7e5da2: start FollowerState
2019-09-25 06:34:01,849 [pool-107-thread-1] INFO  server.RaftServerConfigKeys (ConfUtils.java:logGet(43)) - raft.server.rpc.timeout.min = 5s (custom)
2019-09-25 06:34:01,849 [pool-67-thread-1] INFO  util.JmxRegister (JmxRegister.java:tryRegister(44)) - Successfully registered JMX Bean with object name Ratis:service=RaftServer,group=group-AC61B04265AD,id=49960203-aee6-4047-85fd-ecacef3efebf
2019-09-25 06:34:01,849 [pool-87-thread-1] INFO  util.JmxRegister (JmxRegister.java:tryRegister(44)) - Successfully registered JMX Bean with object name Ratis:service=RaftServer,group=group-56C81175DE97,id=2977e106-bb5f-48ce-bb13-3d7f6b9d6732
2019-09-25 06:34:01,849 [pool-27-thread-1] INFO  util.JmxRegister (JmxRegister.java:tryRegister(44)) - Successfully registered JMX Bean with object name Ratis:service=RaftServer,group=group-AC61B04265AD,id=81f06f72-72c9-4329-855f-4bc73f7e5da2
2019-09-25 06:34:01,849 [pool-107-thread-1] INFO  server.RaftServerConfigKeys (ConfUtils.java:logGet(43)) - raft.server.rpc.timeout.max = 5200ms (custom)
2019-09-25 06:34:01,849 [313782b9-e18d-44cb-a4a7-8816635983d3@group-A872D9AF1F24:LeaderElection9] INFO  impl.RaftServerImpl (ServerState.java:setRaftConf(354)) - 313782b9-e18d-44cb-a4a7-8816635983d3@group-A872D9AF1F24: set configuration 0: [313782b9-e18d-44cb-a4a7-8816635983d3:192.168.164.207:33244], old=null at 0
2019-09-25 06:34:01,850 [pool-107-thread-1] INFO  server.RaftServerConfigKeys (ConfUtils.java:logGet(43)) - raft.server.rpcslowness.timeout = 120s (custom)
2019-09-25 06:34:01,850 [pool-107-thread-1] INFO  server.RaftServerConfigKeys (ConfUtils.java:logGet(43)) - raft.server.sleep.deviation.threshold = 300 (default)
2019-09-25 06:34:01,850 [pool-107-thread-1] INFO  server.RaftServerConfigKeys (ConfUtils.java:logGet(43)) - raft.server.log.appender.install.snapshot.enabled = false (custom)
2019-09-25 06:34:01,850 [pool-107-thread-1] INFO  impl.RaftServerImpl (ServerState.java:<init>(103)) - 313782b9-e18d-44cb-a4a7-8816635983d3@group-DD2E0293C18B: ConfigurationManager, init=-1: [313782b9-e18d-44cb-a4a7-8816635983d3:192.168.164.207:33244], old=null, confs=<EMPTY_MAP>
2019-09-25 06:34:01,850 [pool-107-thread-1] INFO  server.RaftServerConfigKeys (ConfUtils.java:logGet(43)) - raft.server.storage.dir = [/workdir/hadoop-ozone/ozonefs/target/test-dir/MiniOzoneClusterImpl-d97e1daa-6e0c-4900-b1c9-997de4e3459a/datanode-8/data/ratis] (custom)
2019-09-25 06:34:01,851 [pool-107-thread-1] INFO  storage.RaftStorageDirectory (RaftStorageDirectory.java:analyzeStorage(246)) - The storage directory /workdir/hadoop-ozone/ozonefs/target/test-dir/MiniOzoneClusterImpl-d97e1daa-6e0c-4900-b1c9-997de4e3459a/datanode-8/data/ratis/dc373807-332c-45e3-978e-dd2e0293c18b does not exist. Creating ...
2019-09-25 06:34:01,864 [pool-107-thread-1] INFO  storage.RaftStorageDirectory (RaftStorageDirectory.java:tryLock(328)) - Lock on /workdir/hadoop-ozone/ozonefs/target/test-dir/MiniOzoneClusterImpl-d97e1daa-6e0c-4900-b1c9-997de4e3459a/datanode-8/data/ratis/dc373807-332c-45e3-978e-dd2e0293c18b/in_use.lock acquired by nodename 9063@pr-hdds-1569-s44lr-3492059363
2019-09-25 06:34:01,876 [pool-107-thread-1] INFO  storage.RaftStorage (RaftStorage.java:format(72)) - Storage directory /workdir/hadoop-ozone/ozonefs/target/test-dir/MiniOzoneClusterImpl-d97e1daa-6e0c-4900-b1c9-997de4e3459a/datanode-8/data/ratis/dc373807-332c-45e3-978e-dd2e0293c18b has been successfully formatted.
2019-09-25 06:34:01,877 [pool-107-thread-1] INFO  ratis.ContainerStateMachine (ContainerStateMachine.java:loadSnapshot(230)) - group-DD2E0293C18B: The snapshot info is null. Setting the last applied indexto:(t:0, i:~)
2019-09-25 06:34:01,877 [pool-107-thread-1] INFO  server.RaftServerConfigKeys (ConfUtils.java:logGet(43)) - raft.server.notification.no-leader.timeout = 120s (custom)
2019-09-25 06:34:01,877 [pool-107-thread-1] INFO  server.RaftServerConfigKeys (ConfUtils.java:logGet(43)) - raft.server.log.use.memory = false (default)
2019-09-25 06:34:01,877 [pool-107-thread-1] INFO  server.RaftServerConfigKeys (ConfUtils.java:logGet(43)) - raft.server.log.purge.gap = 1000000 (custom)
2019-09-25 06:34:01,877 [pool-107-thread-1] INFO  server.RaftServerConfigKeys (ConfUtils.java:logGet(43)) - raft.server.log.appender.buffer.byte-limit = 33554432 (custom)
2019-09-25 06:34:01,877 [pool-107-thread-1] INFO  server.RaftServerConfigKeys (ConfUtils.java:logGet(43)) - raft.server.log.segment.size.max = 1048576 (custom)
2019-09-25 06:34:01,877 [pool-107-thread-1] INFO  server.RaftServerConfigKeys (ConfUtils.java:logGet(43)) - raft.server.log.segment.cache.num.max = 2 (custom)
2019-09-25 06:34:01,877 [pool-107-thread-1] INFO  segmented.SegmentedRaftLogWorker (SegmentedRaftLogWorker.java:<init>(172)) - new 313782b9-e18d-44cb-a4a7-8816635983d3@group-DD2E0293C18B-SegmentedRaftLogWorker for RaftStorage:Storage Directory /workdir/hadoop-ozone/ozonefs/target/test-dir/MiniOzoneClusterImpl-d97e1daa-6e0c-4900-b1c9-997de4e3459a/datanode-8/data/ratis/dc373807-332c-45e3-978e-dd2e0293c18b
2019-09-25 06:34:01,877 [pool-107-thread-1] INFO  server.RaftServerConfigKeys (ConfUtils.java:logGet(43)) - raft.server.log.queue.byte-limit = 2147483647 (custom)
2019-09-25 06:34:01,878 [pool-107-thread-1] INFO  server.RaftServerConfigKeys (ConfUtils.java:logGet(43)) - raft.server.log.queue.element-limit = 1024 (custom)
2019-09-25 06:34:01,878 [pool-107-thread-1] INFO  server.RaftServerConfigKeys (ConfUtils.java:logGet(43)) - raft.server.log.segment.size.max = 1048576 (custom)
2019-09-25 06:34:01,878 [pool-107-thread-1] INFO  server.RaftServerConfigKeys (ConfUtils.java:logGet(43)) - raft.server.log.preallocated.size = 16384 (custom)
2019-09-25 06:34:01,878 [pool-107-thread-1] INFO  server.RaftServerConfigKeys (ConfUtils.java:logGet(43)) - raft.server.log.write.buffer.size = 33554432 (custom)
2019-09-25 06:34:01,878 [pool-107-thread-1] INFO  server.RaftServerConfigKeys (ConfUtils.java:logGet(43)) - raft.server.log.force.sync.num = 128 (default)
2019-09-25 06:34:01,878 [pool-107-thread-1] INFO  server.RaftServerConfigKeys (ConfUtils.java:logGet(43)) - raft.server.log.statemachine.data.sync = true (default)
2019-09-25 06:34:01,878 [pool-107-thread-1] INFO  server.RaftServerConfigKeys (ConfUtils.java:logGet(43)) - raft.server.log.statemachine.data.sync.timeout = 10s (default)
2019-09-25 06:34:01,878 [pool-107-thread-1] INFO  server.RaftServerConfigKeys (ConfUtils.java:logGet(43)) - raft.server.log.statemachine.data.sync.timeout.retry = -1 (default)
2019-09-25 06:34:01,878 [pool-107-thread-1] INFO  server.RaftServerConfigKeys (ConfUtils.java:logGet(43)) - raft.server.log.statemachine.data.caching.enabled = true (custom)
2019-09-25 06:34:01,879 [pool-107-thread-1] INFO  segmented.SegmentedRaftLogWorker (SegmentedRaftLogWorker.java:lambda$new$0(132)) - 313782b9-e18d-44cb-a4a7-8816635983d3@group-DD2E0293C18B-SegmentedRaftLogWorker: flushIndex: setUnconditionally 0 -> -1
2019-09-25 06:34:01,879 [pool-107-thread-1] INFO  server.RaftServerConfigKeys (ConfUtils.java:logGet(43)) - raft.server.snapshot.auto.trigger.enabled = true (custom)
2019-09-25 06:34:01,879 [pool-107-thread-1] INFO  server.RaftServerConfigKeys (ConfUtils.java:logGet(43)) - raft.server.snapshot.auto.trigger.threshold = 10000 (custom)
2019-09-25 06:34:01,879 [pool-107-thread-1] INFO  server.RaftServerConfigKeys (ConfUtils.java:logGet(43)) - raft.server.snapshot.retention.num.files = 5 (custom)
2019-09-25 06:34:01,879 [pool-107-thread-1] INFO  server.RaftServerConfigKeys (ConfUtils.java:logGet(43)) - raft.server.retrycache.expirytime = 600000ms (custom)
2019-09-25 06:34:01,881 [pool-107-thread-1] INFO  impl.RaftServerImpl (RaftServerImpl.java:start(185)) - 313782b9-e18d-44cb-a4a7-8816635983d3@group-AC61B04265AD: start as a follower, conf=-1: [49960203-aee6-4047-85fd-ecacef3efebf:192.168.164.207:34853, 81f06f72-72c9-4329-855f-4bc73f7e5da2:192.168.164.207:40731, 313782b9-e18d-44cb-a4a7-8816635983d3:192.168.164.207:33244], old=null
2019-09-25 06:34:01,881 [pool-107-thread-1] INFO  impl.RaftServerImpl (RaftServerImpl.java:setRole(174)) - 313782b9-e18d-44cb-a4a7-8816635983d3@group-AC61B04265AD: changes role from      null to FOLLOWER at term 0 for startAsFollower
2019-09-25 06:34:01,881 [pool-107-thread-1] INFO  impl.RoleInfo (RoleInfo.java:updateAndGet(143)) - 313782b9-e18d-44cb-a4a7-8816635983d3: start FollowerState
2019-09-25 06:34:01,881 [pool-107-thread-1] INFO  util.JmxRegister (JmxRegister.java:tryRegister(44)) - Successfully registered JMX Bean with object name Ratis:service=RaftServer,group=group-AC61B04265AD,id=313782b9-e18d-44cb-a4a7-8816635983d3
2019-09-25 06:34:01,882 [pool-107-thread-1] INFO  impl.RaftServerImpl (RaftServerImpl.java:start(185)) - 313782b9-e18d-44cb-a4a7-8816635983d3@group-DD2E0293C18B: start as a follower, conf=-1: [313782b9-e18d-44cb-a4a7-8816635983d3:192.168.164.207:33244], old=null
2019-09-25 06:34:01,882 [pool-107-thread-1] INFO  impl.RaftServerImpl (RaftServerImpl.java:setRole(174)) - 313782b9-e18d-44cb-a4a7-8816635983d3@group-DD2E0293C18B: changes role from      null to FOLLOWER at term 0 for startAsFollower
2019-09-25 06:34:01,882 [pool-107-thread-1] INFO  impl.RoleInfo (RoleInfo.java:updateAndGet(143)) - 313782b9-e18d-44cb-a4a7-8816635983d3: start FollowerState
2019-09-25 06:34:01,882 [pool-107-thread-1] INFO  util.JmxRegister (JmxRegister.java:tryRegister(44)) - Successfully registered JMX Bean with object name Ratis:service=RaftServer,group=group-DD2E0293C18B,id=313782b9-e18d-44cb-a4a7-8816635983d3
2019-09-25 06:34:01,888 [RatisPipelineUtilsThread] INFO  pipeline.PipelineStateManager (PipelineStateManager.java:addPipeline(56)) - Created pipeline Pipeline[ Id: dc373807-332c-45e3-978e-dd2e0293c18b, Nodes: 313782b9-e18d-44cb-a4a7-8816635983d3{ip: 192.168.164.207, host: pr-hdds-1569-s44lr-3492059363, networkLocation: /default-rack, certSerialId: null}, Type:RATIS, Factor:ONE, State:OPEN]
2019-09-25 06:34:01,888 [RatisPipelineUtilsThread] INFO  pipeline.PipelinePlacementPolicy (PipelinePlacementPolicy.java:meetCriteria(91)) - Pipeline Placement: can't place more pipeline on heavy datanode： f9a1adb5-ac95-4f8b-8632-8bfce9a5ce16 Heaviness: 6 limit: 5
2019-09-25 06:34:01,889 [RatisPipelineUtilsThread] INFO  pipeline.PipelinePlacementPolicy (PipelinePlacementPolicy.java:meetCriteria(91)) - Pipeline Placement: can't place more pipeline on heavy datanode： 59047a66-3178-4e61-9c82-892aa22a5b81 Heaviness: 6 limit: 5
2019-09-25 06:34:01,902 [grpc-default-executor-0] INFO  impl.RaftServerProxy (RaftServerProxy.java:addNew(89)) - ada091b4-9675-42a7-afd4-5850bd9f4e78: addNew group-BCC550F4A4E8:[ada091b4-9675-42a7-afd4-5850bd9f4e78:192.168.164.207:35963] returns group-BCC550F4A4E8:java.util.concurrent.CompletableFuture@34533786[Not completed]
2019-09-25 06:34:01,903 [pool-77-thread-1] INFO  impl.RaftServerImpl (RaftServerImpl.java:<init>(95)) - ada091b4-9675-42a7-afd4-5850bd9f4e78: new RaftServerImpl for group-BCC550F4A4E8:[ada091b4-9675-42a7-afd4-5850bd9f4e78:192.168.164.207:35963] with ContainerStateMachine:uninitialized
2019-09-25 06:34:01,903 [pool-77-thread-1] INFO  server.RaftServerConfigKeys (ConfUtils.java:logGet(43)) - raft.server.rpc.timeout.min = 5s (custom)
2019-09-25 06:34:01,903 [pool-77-thread-1] INFO  server.RaftServerConfigKeys (ConfUtils.java:logGet(43)) - raft.server.rpc.timeout.max = 5200ms (custom)
2019-09-25 06:34:01,903 [pool-77-thread-1] INFO  server.RaftServerConfigKeys (ConfUtils.java:logGet(43)) - raft.server.rpcslowness.timeout = 120s (custom)
2019-09-25 06:34:01,903 [pool-77-thread-1] INFO  server.RaftServerConfigKeys (ConfUtils.java:logGet(43)) - raft.server.sleep.deviation.threshold = 300 (default)
2019-09-25 06:34:01,903 [pool-77-thread-1] INFO  server.RaftServerConfigKeys (ConfUtils.java:logGet(43)) - raft.server.log.appender.install.snapshot.enabled = false (custom)
2019-09-25 06:34:01,904 [pool-77-thread-1] INFO  impl.RaftServerImpl (ServerState.java:<init>(103)) - ada091b4-9675-42a7-afd4-5850bd9f4e78@group-BCC550F4A4E8: ConfigurationManager, init=-1: [ada091b4-9675-42a7-afd4-5850bd9f4e78:192.168.164.207:35963], old=null, confs=<EMPTY_MAP>
2019-09-25 06:34:01,904 [pool-77-thread-1] INFO  server.RaftServerConfigKeys (ConfUtils.java:logGet(43)) - raft.server.storage.dir = [/workdir/hadoop-ozone/ozonefs/target/test-dir/MiniOzoneClusterImpl-d97e1daa-6e0c-4900-b1c9-997de4e3459a/datanode-5/data/ratis] (custom)
2019-09-25 06:34:01,904 [pool-77-thread-1] INFO  storage.RaftStorageDirectory (RaftStorageDirectory.java:analyzeStorage(246)) - The storage directory /workdir/hadoop-ozone/ozonefs/target/test-dir/MiniOzoneClusterImpl-d97e1daa-6e0c-4900-b1c9-997de4e3459a/datanode-5/data/ratis/f2d6775c-287b-476f-b19a-bcc550f4a4e8 does not exist. Creating ...
2019-09-25 06:34:01,917 [pool-77-thread-1] INFO  storage.RaftStorageDirectory (RaftStorageDirectory.java:tryLock(328)) - Lock on /workdir/hadoop-ozone/ozonefs/target/test-dir/MiniOzoneClusterImpl-d97e1daa-6e0c-4900-b1c9-997de4e3459a/datanode-5/data/ratis/f2d6775c-287b-476f-b19a-bcc550f4a4e8/in_use.lock acquired by nodename 9063@pr-hdds-1569-s44lr-3492059363
2019-09-25 06:34:01,930 [pool-77-thread-1] INFO  storage.RaftStorage (RaftStorage.java:format(72)) - Storage directory /workdir/hadoop-ozone/ozonefs/target/test-dir/MiniOzoneClusterImpl-d97e1daa-6e0c-4900-b1c9-997de4e3459a/datanode-5/data/ratis/f2d6775c-287b-476f-b19a-bcc550f4a4e8 has been successfully formatted.
2019-09-25 06:34:01,930 [pool-77-thread-1] INFO  ratis.ContainerStateMachine (ContainerStateMachine.java:loadSnapshot(230)) - group-BCC550F4A4E8: The snapshot info is null. Setting the last applied indexto:(t:0, i:~)
2019-09-25 06:34:01,931 [pool-77-thread-1] INFO  server.RaftServerConfigKeys (ConfUtils.java:logGet(43)) - raft.server.notification.no-leader.timeout = 120s (custom)
2019-09-25 06:34:01,931 [pool-77-thread-1] INFO  server.RaftServerConfigKeys (ConfUtils.java:logGet(43)) - raft.server.log.use.memory = false (default)
2019-09-25 06:34:01,931 [pool-77-thread-1] INFO  server.RaftServerConfigKeys (ConfUtils.java:logGet(43)) - raft.server.log.purge.gap = 1000000 (custom)
2019-09-25 06:34:01,931 [pool-77-thread-1] INFO  server.RaftServerConfigKeys (ConfUtils.java:logGet(43)) - raft.server.log.appender.buffer.byte-limit = 33554432 (custom)
2019-09-25 06:34:01,931 [pool-77-thread-1] INFO  server.RaftServerConfigKeys (ConfUtils.java:logGet(43)) - raft.server.log.segment.size.max = 1048576 (custom)
2019-09-25 06:34:01,931 [pool-77-thread-1] INFO  server.RaftServerConfigKeys (ConfUtils.java:logGet(43)) - raft.server.log.segment.cache.num.max = 2 (custom)
2019-09-25 06:34:01,931 [pool-77-thread-1] INFO  segmented.SegmentedRaftLogWorker (SegmentedRaftLogWorker.java:<init>(172)) - new ada091b4-9675-42a7-afd4-5850bd9f4e78@group-BCC550F4A4E8-SegmentedRaftLogWorker for RaftStorage:Storage Directory /workdir/hadoop-ozone/ozonefs/target/test-dir/MiniOzoneClusterImpl-d97e1daa-6e0c-4900-b1c9-997de4e3459a/datanode-5/data/ratis/f2d6775c-287b-476f-b19a-bcc550f4a4e8
2019-09-25 06:34:01,932 [pool-77-thread-1] INFO  server.RaftServerConfigKeys (ConfUtils.java:logGet(43)) - raft.server.log.queue.byte-limit = 2147483647 (custom)
2019-09-25 06:34:01,932 [pool-77-thread-1] INFO  server.RaftServerConfigKeys (ConfUtils.java:logGet(43)) - raft.server.log.queue.element-limit = 1024 (custom)
2019-09-25 06:34:01,932 [pool-77-thread-1] INFO  server.RaftServerConfigKeys (ConfUtils.java:logGet(43)) - raft.server.log.segment.size.max = 1048576 (custom)
2019-09-25 06:34:01,932 [pool-77-thread-1] INFO  server.RaftServerConfigKeys (ConfUtils.java:logGet(43)) - raft.server.log.preallocated.size = 16384 (custom)
2019-09-25 06:34:01,932 [pool-77-thread-1] INFO  server.RaftServerConfigKeys (ConfUtils.java:logGet(43)) - raft.server.log.write.buffer.size = 33554432 (custom)
2019-09-25 06:34:01,932 [pool-77-thread-1] INFO  server.RaftServerConfigKeys (ConfUtils.java:logGet(43)) - raft.server.log.force.sync.num = 128 (default)
2019-09-25 06:34:01,932 [pool-77-thread-1] INFO  server.RaftServerConfigKeys (ConfUtils.java:logGet(43)) - raft.server.log.statemachine.data.sync = true (default)
2019-09-25 06:34:01,932 [pool-77-thread-1] INFO  server.RaftServerConfigKeys (ConfUtils.java:logGet(43)) - raft.server.log.statemachine.data.sync.timeout = 10s (default)
2019-09-25 06:34:01,933 [pool-77-thread-1] INFO  server.RaftServerConfigKeys (ConfUtils.java:logGet(43)) - raft.server.log.statemachine.data.sync.timeout.retry = -1 (default)
2019-09-25 06:34:01,933 [pool-77-thread-1] INFO  server.RaftServerConfigKeys (ConfUtils.java:logGet(43)) - raft.server.log.statemachine.data.caching.enabled = true (custom)
2019-09-25 06:34:01,933 [pool-77-thread-1] INFO  segmented.SegmentedRaftLogWorker (SegmentedRaftLogWorker.java:lambda$new$0(132)) - ada091b4-9675-42a7-afd4-5850bd9f4e78@group-BCC550F4A4E8-SegmentedRaftLogWorker: flushIndex: setUnconditionally 0 -> -1
2019-09-25 06:34:01,933 [pool-77-thread-1] INFO  server.RaftServerConfigKeys (ConfUtils.java:logGet(43)) - raft.server.snapshot.auto.trigger.enabled = true (custom)
2019-09-25 06:34:01,934 [pool-77-thread-1] INFO  server.RaftServerConfigKeys (ConfUtils.java:logGet(43)) - raft.server.snapshot.auto.trigger.threshold = 10000 (custom)
2019-09-25 06:34:01,934 [pool-77-thread-1] INFO  server.RaftServerConfigKeys (ConfUtils.java:logGet(43)) - raft.server.snapshot.retention.num.files = 5 (custom)
2019-09-25 06:34:01,934 [pool-77-thread-1] INFO  server.RaftServerConfigKeys (ConfUtils.java:logGet(43)) - raft.server.retrycache.expirytime = 600000ms (custom)
2019-09-25 06:34:01,936 [pool-77-thread-1] INFO  impl.RaftServerImpl (RaftServerImpl.java:start(185)) - ada091b4-9675-42a7-afd4-5850bd9f4e78@group-BCC550F4A4E8: start as a follower, conf=-1: [ada091b4-9675-42a7-afd4-5850bd9f4e78:192.168.164.207:35963], old=null
2019-09-25 06:34:01,936 [pool-77-thread-1] INFO  impl.RaftServerImpl (RaftServerImpl.java:setRole(174)) - ada091b4-9675-42a7-afd4-5850bd9f4e78@group-BCC550F4A4E8: changes role from      null to FOLLOWER at term 0 for startAsFollower
2019-09-25 06:34:01,936 [pool-77-thread-1] INFO  impl.RoleInfo (RoleInfo.java:updateAndGet(143)) - ada091b4-9675-42a7-afd4-5850bd9f4e78: start FollowerState
2019-09-25 06:34:01,936 [pool-77-thread-1] INFO  util.JmxRegister (JmxRegister.java:tryRegister(44)) - Successfully registered JMX Bean with object name Ratis:service=RaftServer,group=group-BCC550F4A4E8,id=ada091b4-9675-42a7-afd4-5850bd9f4e78
2019-09-25 06:34:01,942 [RatisPipelineUtilsThread] INFO  pipeline.PipelineStateManager (PipelineStateManager.java:addPipeline(56)) - Created pipeline Pipeline[ Id: f2d6775c-287b-476f-b19a-bcc550f4a4e8, Nodes: ada091b4-9675-42a7-afd4-5850bd9f4e78{ip: 192.168.164.207, host: pr-hdds-1569-s44lr-3492059363, networkLocation: /default-rack, certSerialId: null}, Type:RATIS, Factor:ONE, State:OPEN]
2019-09-25 06:34:01,942 [RatisPipelineUtilsThread] INFO  pipeline.PipelinePlacementPolicy (PipelinePlacementPolicy.java:meetCriteria(91)) - Pipeline Placement: can't place more pipeline on heavy datanode： f9a1adb5-ac95-4f8b-8632-8bfce9a5ce16 Heaviness: 6 limit: 5
2019-09-25 06:34:01,942 [RatisPipelineUtilsThread] INFO  pipeline.PipelinePlacementPolicy (PipelinePlacementPolicy.java:meetCriteria(91)) - Pipeline Placement: can't place more pipeline on heavy datanode： 59047a66-3178-4e61-9c82-892aa22a5b81 Heaviness: 6 limit: 5
2019-09-25 06:34:01,952 [grpc-default-executor-0] INFO  impl.RaftServerProxy (RaftServerProxy.java:addNew(89)) - 81f06f72-72c9-4329-855f-4bc73f7e5da2: addNew group-864BC70F4916:[81f06f72-72c9-4329-855f-4bc73f7e5da2:192.168.164.207:40731] returns group-864BC70F4916:java.util.concurrent.CompletableFuture@26bb3faa[Not completed]
2019-09-25 06:34:01,953 [pool-27-thread-1] INFO  impl.RaftServerImpl (RaftServerImpl.java:<init>(95)) - 81f06f72-72c9-4329-855f-4bc73f7e5da2: new RaftServerImpl for group-864BC70F4916:[81f06f72-72c9-4329-855f-4bc73f7e5da2:192.168.164.207:40731] with ContainerStateMachine:uninitialized
2019-09-25 06:34:01,954 [pool-27-thread-1] INFO  server.RaftServerConfigKeys (ConfUtils.java:logGet(43)) - raft.server.rpc.timeout.min = 5s (custom)
2019-09-25 06:34:01,954 [pool-27-thread-1] INFO  server.RaftServerConfigKeys (ConfUtils.java:logGet(43)) - raft.server.rpc.timeout.max = 5200ms (custom)
2019-09-25 06:34:01,954 [pool-27-thread-1] INFO  server.RaftServerConfigKeys (ConfUtils.java:logGet(43)) - raft.server.rpcslowness.timeout = 120s (custom)
2019-09-25 06:34:01,954 [pool-27-thread-1] INFO  server.RaftServerConfigKeys (ConfUtils.java:logGet(43)) - raft.server.sleep.deviation.threshold = 300 (default)
2019-09-25 06:34:01,954 [pool-27-thread-1] INFO  server.RaftServerConfigKeys (ConfUtils.java:logGet(43)) - raft.server.log.appender.install.snapshot.enabled = false (custom)
2019-09-25 06:34:01,954 [pool-27-thread-1] INFO  impl.RaftServerImpl (ServerState.java:<init>(103)) - 81f06f72-72c9-4329-855f-4bc73f7e5da2@group-864BC70F4916: ConfigurationManager, init=-1: [81f06f72-72c9-4329-855f-4bc73f7e5da2:192.168.164.207:40731], old=null, confs=<EMPTY_MAP>
2019-09-25 06:34:01,954 [pool-27-thread-1] INFO  server.RaftServerConfigKeys (ConfUtils.java:logGet(43)) - raft.server.storage.dir = [/workdir/hadoop-ozone/ozonefs/target/test-dir/MiniOzoneClusterImpl-d97e1daa-6e0c-4900-b1c9-997de4e3459a/datanode-0/data/ratis] (custom)
2019-09-25 06:34:01,955 [pool-27-thread-1] INFO  storage.RaftStorageDirectory (RaftStorageDirectory.java:analyzeStorage(246)) - The storage directory /workdir/hadoop-ozone/ozonefs/target/test-dir/MiniOzoneClusterImpl-d97e1daa-6e0c-4900-b1c9-997de4e3459a/datanode-0/data/ratis/8284bfdf-0f04-46d9-bee5-864bc70f4916 does not exist. Creating ...
2019-09-25 06:34:01,967 [pool-27-thread-1] INFO  storage.RaftStorageDirectory (RaftStorageDirectory.java:tryLock(328)) - Lock on /workdir/hadoop-ozone/ozonefs/target/test-dir/MiniOzoneClusterImpl-d97e1daa-6e0c-4900-b1c9-997de4e3459a/datanode-0/data/ratis/8284bfdf-0f04-46d9-bee5-864bc70f4916/in_use.lock acquired by nodename 9063@pr-hdds-1569-s44lr-3492059363
2019-09-25 06:34:02,002 [pool-27-thread-1] INFO  storage.RaftStorage (RaftStorage.java:format(72)) - Storage directory /workdir/hadoop-ozone/ozonefs/target/test-dir/MiniOzoneClusterImpl-d97e1daa-6e0c-4900-b1c9-997de4e3459a/datanode-0/data/ratis/8284bfdf-0f04-46d9-bee5-864bc70f4916 has been successfully formatted.
2019-09-25 06:34:02,002 [pool-27-thread-1] INFO  ratis.ContainerStateMachine (ContainerStateMachine.java:loadSnapshot(230)) - group-864BC70F4916: The snapshot info is null. Setting the last applied indexto:(t:0, i:~)
2019-09-25 06:34:02,002 [pool-27-thread-1] INFO  server.RaftServerConfigKeys (ConfUtils.java:logGet(43)) - raft.server.notification.no-leader.timeout = 120s (custom)
2019-09-25 06:34:02,003 [pool-27-thread-1] INFO  server.RaftServerConfigKeys (ConfUtils.java:logGet(43)) - raft.server.log.use.memory = false (default)
2019-09-25 06:34:02,003 [pool-27-thread-1] INFO  server.RaftServerConfigKeys (ConfUtils.java:logGet(43)) - raft.server.log.purge.gap = 1000000 (custom)
2019-09-25 06:34:02,003 [pool-27-thread-1] INFO  server.RaftServerConfigKeys (ConfUtils.java:logGet(43)) - raft.server.log.appender.buffer.byte-limit = 33554432 (custom)
2019-09-25 06:34:02,003 [pool-27-thread-1] INFO  server.RaftServerConfigKeys (ConfUtils.java:logGet(43)) - raft.server.log.segment.size.max = 1048576 (custom)
2019-09-25 06:34:02,003 [pool-27-thread-1] INFO  server.RaftServerConfigKeys (ConfUtils.java:logGet(43)) - raft.server.log.segment.cache.num.max = 2 (custom)
2019-09-25 06:34:02,003 [pool-27-thread-1] INFO  segmented.SegmentedRaftLogWorker (SegmentedRaftLogWorker.java:<init>(172)) - new 81f06f72-72c9-4329-855f-4bc73f7e5da2@group-864BC70F4916-SegmentedRaftLogWorker for RaftStorage:Storage Directory /workdir/hadoop-ozone/ozonefs/target/test-dir/MiniOzoneClusterImpl-d97e1daa-6e0c-4900-b1c9-997de4e3459a/datanode-0/data/ratis/8284bfdf-0f04-46d9-bee5-864bc70f4916
2019-09-25 06:34:02,003 [pool-27-thread-1] INFO  server.RaftServerConfigKeys (ConfUtils.java:logGet(43)) - raft.server.log.queue.byte-limit = 2147483647 (custom)
2019-09-25 06:34:02,004 [pool-27-thread-1] INFO  server.RaftServerConfigKeys (ConfUtils.java:logGet(43)) - raft.server.log.queue.element-limit = 1024 (custom)
2019-09-25 06:34:02,004 [pool-27-thread-1] INFO  server.RaftServerConfigKeys (ConfUtils.java:logGet(43)) - raft.server.log.segment.size.max = 1048576 (custom)
2019-09-25 06:34:02,004 [pool-27-thread-1] INFO  server.RaftServerConfigKeys (ConfUtils.java:logGet(43)) - raft.server.log.preallocated.size = 16384 (custom)
2019-09-25 06:34:02,004 [pool-27-thread-1] INFO  server.RaftServerConfigKeys (ConfUtils.java:logGet(43)) - raft.server.log.write.buffer.size = 33554432 (custom)
2019-09-25 06:34:02,004 [pool-27-thread-1] INFO  server.RaftServerConfigKeys (ConfUtils.java:logGet(43)) - raft.server.log.force.sync.num = 128 (default)
2019-09-25 06:34:02,004 [pool-27-thread-1] INFO  server.RaftServerConfigKeys (ConfUtils.java:logGet(43)) - raft.server.log.statemachine.data.sync = true (default)
2019-09-25 06:34:02,004 [pool-27-thread-1] INFO  server.RaftServerConfigKeys (ConfUtils.java:logGet(43)) - raft.server.log.statemachine.data.sync.timeout = 10s (default)
2019-09-25 06:34:02,005 [pool-27-thread-1] INFO  server.RaftServerConfigKeys (ConfUtils.java:logGet(43)) - raft.server.log.statemachine.data.sync.timeout.retry = -1 (default)
2019-09-25 06:34:02,005 [pool-27-thread-1] INFO  server.RaftServerConfigKeys (ConfUtils.java:logGet(43)) - raft.server.log.statemachine.data.caching.enabled = true (custom)
2019-09-25 06:34:02,005 [pool-27-thread-1] INFO  segmented.SegmentedRaftLogWorker (SegmentedRaftLogWorker.java:lambda$new$0(132)) - 81f06f72-72c9-4329-855f-4bc73f7e5da2@group-864BC70F4916-SegmentedRaftLogWorker: flushIndex: setUnconditionally 0 -> -1
2019-09-25 06:34:02,006 [pool-27-thread-1] INFO  server.RaftServerConfigKeys (ConfUtils.java:logGet(43)) - raft.server.snapshot.auto.trigger.enabled = true (custom)
2019-09-25 06:34:02,006 [pool-27-thread-1] INFO  server.RaftServerConfigKeys (ConfUtils.java:logGet(43)) - raft.server.snapshot.auto.trigger.threshold = 10000 (custom)
2019-09-25 06:34:02,006 [pool-27-thread-1] INFO  server.RaftServerConfigKeys (ConfUtils.java:logGet(43)) - raft.server.snapshot.retention.num.files = 5 (custom)
2019-09-25 06:34:02,006 [pool-27-thread-1] INFO  server.RaftServerConfigKeys (ConfUtils.java:logGet(43)) - raft.server.retrycache.expirytime = 600000ms (custom)
2019-09-25 06:34:02,026 [59047a66-3178-4e61-9c82-892aa22a5b81@group-5B1CD26A0FBC-SegmentedRaftLogWorker] INFO  segmented.SegmentedRaftLogWorker (SegmentedRaftLogWorker.java:execute(569)) - 59047a66-3178-4e61-9c82-892aa22a5b81@group-5B1CD26A0FBC-SegmentedRaftLogWorker: created new log segment /workdir/hadoop-ozone/ozonefs/target/test-dir/MiniOzoneClusterImpl-d97e1daa-6e0c-4900-b1c9-997de4e3459a/datanode-2/data/ratis/2e55cc21-4da4-4df8-b404-5b1cd26a0fbc/current/log_inprogress_0
2019-09-25 06:34:02,026 [f9a1adb5-ac95-4f8b-8632-8bfce9a5ce16@group-6643F46BE229-SegmentedRaftLogWorker] INFO  segmented.SegmentedRaftLogWorker (SegmentedRaftLogWorker.java:execute(569)) - f9a1adb5-ac95-4f8b-8632-8bfce9a5ce16@group-6643F46BE229-SegmentedRaftLogWorker: created new log segment /workdir/hadoop-ozone/ozonefs/target/test-dir/MiniOzoneClusterImpl-d97e1daa-6e0c-4900-b1c9-997de4e3459a/datanode-1/data/ratis/b69099cb-2912-43b1-a377-6643f46be229/current/log_inprogress_0
2019-09-25 06:34:02,026 [81f06f72-72c9-4329-855f-4bc73f7e5da2@group-C4515C1B56D7-SegmentedRaftLogWorker] INFO  segmented.SegmentedRaftLogWorker (SegmentedRaftLogWorker.java:execute(569)) - 81f06f72-72c9-4329-855f-4bc73f7e5da2@group-C4515C1B56D7-SegmentedRaftLogWorker: created new log segment /workdir/hadoop-ozone/ozonefs/target/test-dir/MiniOzoneClusterImpl-d97e1daa-6e0c-4900-b1c9-997de4e3459a/datanode-0/data/ratis/f4b0ce00-026e-4074-94e9-c4515c1b56d7/current/log_inprogress_0
2019-09-25 06:34:02,035 [pool-27-thread-1] INFO  impl.RaftServerImpl (RaftServerImpl.java:start(185)) - 81f06f72-72c9-4329-855f-4bc73f7e5da2@group-864BC70F4916: start as a follower, conf=-1: [81f06f72-72c9-4329-855f-4bc73f7e5da2:192.168.164.207:40731], old=null
2019-09-25 06:34:02,035 [pool-27-thread-1] INFO  impl.RaftServerImpl (RaftServerImpl.java:setRole(174)) - 81f06f72-72c9-4329-855f-4bc73f7e5da2@group-864BC70F4916: changes role from      null to FOLLOWER at term 0 for startAsFollower
2019-09-25 06:34:02,035 [pool-27-thread-1] INFO  impl.RoleInfo (RoleInfo.java:updateAndGet(143)) - 81f06f72-72c9-4329-855f-4bc73f7e5da2: start FollowerState
2019-09-25 06:34:02,038 [2977e106-bb5f-48ce-bb13-3d7f6b9d6732@group-D73F45324AEE-SegmentedRaftLogWorker] INFO  segmented.SegmentedRaftLogWorker (SegmentedRaftLogWorker.java:execute(569)) - 2977e106-bb5f-48ce-bb13-3d7f6b9d6732@group-D73F45324AEE-SegmentedRaftLogWorker: created new log segment /workdir/hadoop-ozone/ozonefs/target/test-dir/MiniOzoneClusterImpl-d97e1daa-6e0c-4900-b1c9-997de4e3459a/datanode-6/data/ratis/eb2860d9-0aea-4a6b-8414-d73f45324aee/current/log_inprogress_0
2019-09-25 06:34:02,041 [ada091b4-9675-42a7-afd4-5850bd9f4e78@group-AA114494D80C-SegmentedRaftLogWorker] INFO  segmented.SegmentedRaftLogWorker (SegmentedRaftLogWorker.java:execute(569)) - ada091b4-9675-42a7-afd4-5850bd9f4e78@group-AA114494D80C-SegmentedRaftLogWorker: created new log segment /workdir/hadoop-ozone/ozonefs/target/test-dir/MiniOzoneClusterImpl-d97e1daa-6e0c-4900-b1c9-997de4e3459a/datanode-5/data/ratis/6201c140-bb18-4a89-90f5-aa114494d80c/current/log_inprogress_0
2019-09-25 06:34:02,042 [f9a1adb5-ac95-4f8b-8632-8bfce9a5ce16@group-711781CA78ED-SegmentedRaftLogWorker] INFO  segmented.SegmentedRaftLogWorker (SegmentedRaftLogWorker.java:execute(569)) - f9a1adb5-ac95-4f8b-8632-8bfce9a5ce16@group-711781CA78ED-SegmentedRaftLogWorker: created new log segment /workdir/hadoop-ozone/ozonefs/target/test-dir/MiniOzoneClusterImpl-d97e1daa-6e0c-4900-b1c9-997de4e3459a/datanode-1/data/ratis/077708f0-cd30-49a8-8cd8-711781ca78ed/current/log_inprogress_0
2019-09-25 06:34:02,042 [313782b9-e18d-44cb-a4a7-8816635983d3@group-DAF03E1835B3-SegmentedRaftLogWorker] INFO  segmented.SegmentedRaftLogWorker (SegmentedRaftLogWorker.java:execute(569)) - 313782b9-e18d-44cb-a4a7-8816635983d3@group-DAF03E1835B3-SegmentedRaftLogWorker: created new log segment /workdir/hadoop-ozone/ozonefs/target/test-dir/MiniOzoneClusterImpl-d97e1daa-6e0c-4900-b1c9-997de4e3459a/datanode-8/data/ratis/faacba7c-96b1-4768-9ad5-daf03e1835b3/current/log_inprogress_0
2019-09-25 06:34:02,042 [59047a66-3178-4e61-9c82-892aa22a5b81@group-2FA50E43BD3C-SegmentedRaftLogWorker] INFO  segmented.SegmentedRaftLogWorker (SegmentedRaftLogWorker.java:execute(569)) - 59047a66-3178-4e61-9c82-892aa22a5b81@group-2FA50E43BD3C-SegmentedRaftLogWorker: created new log segment /workdir/hadoop-ozone/ozonefs/target/test-dir/MiniOzoneClusterImpl-d97e1daa-6e0c-4900-b1c9-997de4e3459a/datanode-2/data/ratis/1fc2d687-8d0d-4824-8ba1-2fa50e43bd3c/current/log_inprogress_0
2019-09-25 06:34:02,045 [9f1e8130-5807-4ed4-a5b5-273b79efb982@group-E8FD0F436770-SegmentedRaftLogWorker] INFO  segmented.SegmentedRaftLogWorker (SegmentedRaftLogWorker.java:execute(569)) - 9f1e8130-5807-4ed4-a5b5-273b79efb982@group-E8FD0F436770-SegmentedRaftLogWorker: created new log segment /workdir/hadoop-ozone/ozonefs/target/test-dir/MiniOzoneClusterImpl-d97e1daa-6e0c-4900-b1c9-997de4e3459a/datanode-9/data/ratis/9b96dc26-ec27-4d23-854b-e8fd0f436770/current/log_inprogress_0
2019-09-25 06:34:02,045 [313782b9-e18d-44cb-a4a7-8816635983d3@group-A872D9AF1F24-SegmentedRaftLogWorker] INFO  segmented.SegmentedRaftLogWorker (SegmentedRaftLogWorker.java:execute(569)) - 313782b9-e18d-44cb-a4a7-8816635983d3@group-A872D9AF1F24-SegmentedRaftLogWorker: created new log segment /workdir/hadoop-ozone/ozonefs/target/test-dir/MiniOzoneClusterImpl-d97e1daa-6e0c-4900-b1c9-997de4e3459a/datanode-8/data/ratis/04031931-5be0-471a-9a6c-a872d9af1f24/current/log_inprogress_0
2019-09-25 06:34:02,047 [f9a1adb5-ac95-4f8b-8632-8bfce9a5ce16@group-574076A47EFF-SegmentedRaftLogWorker] INFO  segmented.SegmentedRaftLogWorker (SegmentedRaftLogWorker.java:execute(569)) - f9a1adb5-ac95-4f8b-8632-8bfce9a5ce16@group-574076A47EFF-SegmentedRaftLogWorker: created new log segment /workdir/hadoop-ozone/ozonefs/target/test-dir/MiniOzoneClusterImpl-d97e1daa-6e0c-4900-b1c9-997de4e3459a/datanode-1/data/ratis/a48f1489-4847-40a6-ac21-574076a47eff/current/log_inprogress_0
2019-09-25 06:34:02,049 [313782b9-e18d-44cb-a4a7-8816635983d3@group-56B299CA57A1-SegmentedRaftLogWorker] INFO  segmented.SegmentedRaftLogWorker (SegmentedRaftLogWorker.java:execute(569)) - 313782b9-e18d-44cb-a4a7-8816635983d3@group-56B299CA57A1-SegmentedRaftLogWorker: created new log segment /workdir/hadoop-ozone/ozonefs/target/test-dir/MiniOzoneClusterImpl-d97e1daa-6e0c-4900-b1c9-997de4e3459a/datanode-8/data/ratis/92cfabf1-7bba-4a4d-93fa-56b299ca57a1/current/log_inprogress_0
2019-09-25 06:34:02,049 [59047a66-3178-4e61-9c82-892aa22a5b81@group-F55AE318680E-SegmentedRaftLogWorker] INFO  segmented.SegmentedRaftLogWorker (SegmentedRaftLogWorker.java:execute(569)) - 59047a66-3178-4e61-9c82-892aa22a5b81@group-F55AE318680E-SegmentedRaftLogWorker: created new log segment /workdir/hadoop-ozone/ozonefs/target/test-dir/MiniOzoneClusterImpl-d97e1daa-6e0c-4900-b1c9-997de4e3459a/datanode-2/data/ratis/f5e87ab8-f52f-43c7-85ea-f55ae318680e/current/log_inprogress_0
2019-09-25 06:34:02,062 [2977e106-bb5f-48ce-bb13-3d7f6b9d6732@group-3E6E9A744F20-SegmentedRaftLogWorker] INFO  segmented.SegmentedRaftLogWorker (SegmentedRaftLogWorker.java:execute(569)) - 2977e106-bb5f-48ce-bb13-3d7f6b9d6732@group-3E6E9A744F20-SegmentedRaftLogWorker: created new log segment /workdir/hadoop-ozone/ozonefs/target/test-dir/MiniOzoneClusterImpl-d97e1daa-6e0c-4900-b1c9-997de4e3459a/datanode-6/data/ratis/72ab5e47-9c66-42ce-b62b-3e6e9a744f20/current/log_inprogress_0
2019-09-25 06:34:02,062 [81f06f72-72c9-4329-855f-4bc73f7e5da2@group-3D29C8EE3A09-SegmentedRaftLogWorker] INFO  segmented.SegmentedRaftLogWorker (SegmentedRaftLogWorker.java:execute(569)) - 81f06f72-72c9-4329-855f-4bc73f7e5da2@group-3D29C8EE3A09-SegmentedRaftLogWorker: created new log segment /workdir/hadoop-ozone/ozonefs/target/test-dir/MiniOzoneClusterImpl-d97e1daa-6e0c-4900-b1c9-997de4e3459a/datanode-0/data/ratis/a148df0e-4bcc-47e1-83f1-3d29c8ee3a09/current/log_inprogress_0
2019-09-25 06:34:02,062 [2977e106-bb5f-48ce-bb13-3d7f6b9d6732@group-5380C7D647F2-SegmentedRaftLogWorker] INFO  segmented.SegmentedRaftLogWorker (SegmentedRaftLogWorker.java:execute(569)) - 2977e106-bb5f-48ce-bb13-3d7f6b9d6732@group-5380C7D647F2-SegmentedRaftLogWorker: created new log segment /workdir/hadoop-ozone/ozonefs/target/test-dir/MiniOzoneClusterImpl-d97e1daa-6e0c-4900-b1c9-997de4e3459a/datanode-6/data/ratis/275be526-9fc9-4cc7-b4de-5380c7d647f2/current/log_inprogress_0
2019-09-25 06:34:02,062 [59047a66-3178-4e61-9c82-892aa22a5b81@group-65AD5FD3CE27-SegmentedRaftLogWorker] INFO  segmented.SegmentedRaftLogWorker (SegmentedRaftLogWorker.java:execute(569)) - 59047a66-3178-4e61-9c82-892aa22a5b81@group-65AD5FD3CE27-SegmentedRaftLogWorker: created new log segment /workdir/hadoop-ozone/ozonefs/target/test-dir/MiniOzoneClusterImpl-d97e1daa-6e0c-4900-b1c9-997de4e3459a/datanode-2/data/ratis/88673c7f-0dd3-4df4-91b4-65ad5fd3ce27/current/log_inprogress_0
2019-09-25 06:34:02,062 [ada091b4-9675-42a7-afd4-5850bd9f4e78@group-209C792F5FF5-SegmentedRaftLogWorker] INFO  segmented.SegmentedRaftLogWorker (SegmentedRaftLogWorker.java:execute(569)) - ada091b4-9675-42a7-afd4-5850bd9f4e78@group-209C792F5FF5-SegmentedRaftLogWorker: created new log segment /workdir/hadoop-ozone/ozonefs/target/test-dir/MiniOzoneClusterImpl-d97e1daa-6e0c-4900-b1c9-997de4e3459a/datanode-5/data/ratis/daa491b8-e108-44dc-af26-209c792f5ff5/current/log_inprogress_0
2019-09-25 06:34:02,075 [ada091b4-9675-42a7-afd4-5850bd9f4e78@group-071BE83B3689-SegmentedRaftLogWorker] INFO  segmented.SegmentedRaftLogWorker (SegmentedRaftLogWorker.java:execute(569)) - ada091b4-9675-42a7-afd4-5850bd9f4e78@group-071BE83B3689-SegmentedRaftLogWorker: created new log segment /workdir/hadoop-ozone/ozonefs/target/test-dir/MiniOzoneClusterImpl-d97e1daa-6e0c-4900-b1c9-997de4e3459a/datanode-5/data/ratis/abe36aa4-5e6b-4f84-88ab-071be83b3689/current/log_inprogress_0
2019-09-25 06:34:02,075 [f9a1adb5-ac95-4f8b-8632-8bfce9a5ce16@group-A8D3F6769C8A-SegmentedRaftLogWorker] INFO  segmented.SegmentedRaftLogWorker (SegmentedRaftLogWorker.java:execute(569)) - f9a1adb5-ac95-4f8b-8632-8bfce9a5ce16@group-A8D3F6769C8A-SegmentedRaftLogWorker: created new log segment /workdir/hadoop-ozone/ozonefs/target/test-dir/MiniOzoneClusterImpl-d97e1daa-6e0c-4900-b1c9-997de4e3459a/datanode-1/data/ratis/f10f859c-0751-4401-9747-a8d3f6769c8a/current/log_inprogress_0
2019-09-25 06:34:02,075 [f9a1adb5-ac95-4f8b-8632-8bfce9a5ce16@group-1974E36795F0-SegmentedRaftLogWorker] INFO  segmented.SegmentedRaftLogWorker (SegmentedRaftLogWorker.java:execute(569)) - f9a1adb5-ac95-4f8b-8632-8bfce9a5ce16@group-1974E36795F0-SegmentedRaftLogWorker: created new log segment /workdir/hadoop-ozone/ozonefs/target/test-dir/MiniOzoneClusterImpl-d97e1daa-6e0c-4900-b1c9-997de4e3459a/datanode-1/data/ratis/b4aebc3f-2827-4a4f-9cad-1974e36795f0/current/log_inprogress_0
2019-09-25 06:34:02,075 [9f1e8130-5807-4ed4-a5b5-273b79efb982@group-524783405F08-SegmentedRaftLogWorker] INFO  segmented.SegmentedRaftLogWorker (SegmentedRaftLogWorker.java:execute(569)) - 9f1e8130-5807-4ed4-a5b5-273b79efb982@group-524783405F08-SegmentedRaftLogWorker: created new log segment /workdir/hadoop-ozone/ozonefs/target/test-dir/MiniOzoneClusterImpl-d97e1daa-6e0c-4900-b1c9-997de4e3459a/datanode-9/data/ratis/cf1bcbd3-c06c-4d66-9c3d-524783405f08/current/log_inprogress_0
2019-09-25 06:34:02,075 [9f1e8130-5807-4ed4-a5b5-273b79efb982@group-6F9D63031104-SegmentedRaftLogWorker] INFO  segmented.SegmentedRaftLogWorker (SegmentedRaftLogWorker.java:execute(569)) - 9f1e8130-5807-4ed4-a5b5-273b79efb982@group-6F9D63031104-SegmentedRaftLogWorker: created new log segment /workdir/hadoop-ozone/ozonefs/target/test-dir/MiniOzoneClusterImpl-d97e1daa-6e0c-4900-b1c9-997de4e3459a/datanode-9/data/ratis/fba7b37e-43dd-4edf-aa37-6f9d63031104/current/log_inprogress_0
2019-09-25 06:34:02,075 [ada091b4-9675-42a7-afd4-5850bd9f4e78@group-7104373670D1-SegmentedRaftLogWorker] INFO  segmented.SegmentedRaftLogWorker (SegmentedRaftLogWorker.java:execute(569)) - ada091b4-9675-42a7-afd4-5850bd9f4e78@group-7104373670D1-SegmentedRaftLogWorker: created new log segment /workdir/hadoop-ozone/ozonefs/target/test-dir/MiniOzoneClusterImpl-d97e1daa-6e0c-4900-b1c9-997de4e3459a/datanode-5/data/ratis/13dff35d-a74c-4f3e-bc5e-7104373670d1/current/log_inprogress_0
2019-09-25 06:34:02,075 [59047a66-3178-4e61-9c82-892aa22a5b81@group-99DA1549C481-SegmentedRaftLogWorker] INFO  segmented.SegmentedRaftLogWorker (SegmentedRaftLogWorker.java:execute(569)) - 59047a66-3178-4e61-9c82-892aa22a5b81@group-99DA1549C481-SegmentedRaftLogWorker: created new log segment /workdir/hadoop-ozone/ozonefs/target/test-dir/MiniOzoneClusterImpl-d97e1daa-6e0c-4900-b1c9-997de4e3459a/datanode-2/data/ratis/295a063c-3f33-4fff-80de-99da1549c481/current/log_inprogress_0
2019-09-25 06:34:02,075 [81f06f72-72c9-4329-855f-4bc73f7e5da2@group-8248A8B75CAB-SegmentedRaftLogWorker] INFO  segmented.SegmentedRaftLogWorker (SegmentedRaftLogWorker.java:execute(569)) - 81f06f72-72c9-4329-855f-4bc73f7e5da2@group-8248A8B75CAB-SegmentedRaftLogWorker: created new log segment /workdir/hadoop-ozone/ozonefs/target/test-dir/MiniOzoneClusterImpl-d97e1daa-6e0c-4900-b1c9-997de4e3459a/datanode-0/data/ratis/7a5ecf0e-ada2-45eb-bb21-8248a8b75cab/current/log_inprogress_0
2019-09-25 06:34:02,075 [49960203-aee6-4047-85fd-ecacef3efebf@group-8FB31ACDEDC4-SegmentedRaftLogWorker] INFO  segmented.SegmentedRaftLogWorker (SegmentedRaftLogWorker.java:execute(569)) - 49960203-aee6-4047-85fd-ecacef3efebf@group-8FB31ACDEDC4-SegmentedRaftLogWorker: created new log segment /workdir/hadoop-ozone/ozonefs/target/test-dir/MiniOzoneClusterImpl-d97e1daa-6e0c-4900-b1c9-997de4e3459a/datanode-4/data/ratis/d508075d-1fc4-4188-adcd-8fb31acdedc4/current/log_inprogress_0
2019-09-25 06:34:02,075 [59047a66-3178-4e61-9c82-892aa22a5b81@group-B859B4EADA08-SegmentedRaftLogWorker] INFO  segmented.SegmentedRaftLogWorker (SegmentedRaftLogWorker.java:execute(569)) - 59047a66-3178-4e61-9c82-892aa22a5b81@group-B859B4EADA08-SegmentedRaftLogWorker: created new log segment /workdir/hadoop-ozone/ozonefs/target/test-dir/MiniOzoneClusterImpl-d97e1daa-6e0c-4900-b1c9-997de4e3459a/datanode-2/data/ratis/10177fac-0010-48e5-9638-b859b4eada08/current/log_inprogress_0
2019-09-25 06:34:02,090 [f64f24cc-0a31-403c-8370-70bfbc60f804@group-49111CF88755-SegmentedRaftLogWorker] INFO  segmented.SegmentedRaftLogWorker (SegmentedRaftLogWorker.java:execute(569)) - f64f24cc-0a31-403c-8370-70bfbc60f804@group-49111CF88755-SegmentedRaftLogWorker: created new log segment /workdir/hadoop-ozone/ozonefs/target/test-dir/MiniOzoneClusterImpl-d97e1daa-6e0c-4900-b1c9-997de4e3459a/datanode-3/data/ratis/0d41f923-f549-4bc2-8d0b-49111cf88755/current/log_inprogress_0
2019-09-25 06:34:02,090 [f64f24cc-0a31-403c-8370-70bfbc60f804@group-33429AF2912F-SegmentedRaftLogWorker] INFO  segmented.SegmentedRaftLogWorker (SegmentedRaftLogWorker.java:execute(569)) - f64f24cc-0a31-403c-8370-70bfbc60f804@group-33429AF2912F-SegmentedRaftLogWorker: created new log segment /workdir/hadoop-ozone/ozonefs/target/test-dir/MiniOzoneClusterImpl-d97e1daa-6e0c-4900-b1c9-997de4e3459a/datanode-3/data/ratis/7b673f5c-ed35-4699-80e9-33429af2912f/current/log_inprogress_0
2019-09-25 06:34:02,090 [f9a1adb5-ac95-4f8b-8632-8bfce9a5ce16@group-95409C4043EF-SegmentedRaftLogWorker] INFO  segmented.SegmentedRaftLogWorker (SegmentedRaftLogWorker.java:execute(569)) - f9a1adb5-ac95-4f8b-8632-8bfce9a5ce16@group-95409C4043EF-SegmentedRaftLogWorker: created new log segment /workdir/hadoop-ozone/ozonefs/target/test-dir/MiniOzoneClusterImpl-d97e1daa-6e0c-4900-b1c9-997de4e3459a/datanode-1/data/ratis/f5e50c4b-6b71-4e18-8a06-95409c4043ef/current/log_inprogress_0
2019-09-25 06:34:02,246 [pool-27-thread-1] INFO  util.JmxRegister (JmxRegister.java:tryRegister(44)) - Successfully registered JMX Bean with object name Ratis:service=RaftServer,group=group-864BC70F4916,id=81f06f72-72c9-4329-855f-4bc73f7e5da2
2019-09-25 06:34:02,254 [RatisPipelineUtilsThread] INFO  pipeline.PipelineStateManager (PipelineStateManager.java:addPipeline(56)) - Created pipeline Pipeline[ Id: 8284bfdf-0f04-46d9-bee5-864bc70f4916, Nodes: 81f06f72-72c9-4329-855f-4bc73f7e5da2{ip: 192.168.164.207, host: pr-hdds-1569-s44lr-3492059363, networkLocation: /default-rack, certSerialId: null}, Type:RATIS, Factor:ONE, State:OPEN]
2019-09-25 06:34:02,254 [RatisPipelineUtilsThread] INFO  pipeline.PipelinePlacementPolicy (PipelinePlacementPolicy.java:meetCriteria(91)) - Pipeline Placement: can't place more pipeline on heavy datanode： f9a1adb5-ac95-4f8b-8632-8bfce9a5ce16 Heaviness: 6 limit: 5
2019-09-25 06:34:02,254 [RatisPipelineUtilsThread] INFO  pipeline.PipelinePlacementPolicy (PipelinePlacementPolicy.java:meetCriteria(91)) - Pipeline Placement: can't place more pipeline on heavy datanode： 59047a66-3178-4e61-9c82-892aa22a5b81 Heaviness: 6 limit: 5
2019-09-25 06:34:02,275 [grpc-default-executor-0] INFO  impl.RaftServerProxy (RaftServerProxy.java:addNew(89)) - 81f06f72-72c9-4329-855f-4bc73f7e5da2: addNew group-4BD8251C4044:[81f06f72-72c9-4329-855f-4bc73f7e5da2:192.168.164.207:40731] returns group-4BD8251C4044:java.util.concurrent.CompletableFuture@3cf93a80[Not completed]
2019-09-25 06:34:02,276 [pool-27-thread-1] INFO  impl.RaftServerImpl (RaftServerImpl.java:<init>(95)) - 81f06f72-72c9-4329-855f-4bc73f7e5da2: new RaftServerImpl for group-4BD8251C4044:[81f06f72-72c9-4329-855f-4bc73f7e5da2:192.168.164.207:40731] with ContainerStateMachine:uninitialized
2019-09-25 06:34:02,276 [pool-27-thread-1] INFO  server.RaftServerConfigKeys (ConfUtils.java:logGet(43)) - raft.server.rpc.timeout.min = 5s (custom)
2019-09-25 06:34:02,276 [pool-27-thread-1] INFO  server.RaftServerConfigKeys (ConfUtils.java:logGet(43)) - raft.server.rpc.timeout.max = 5200ms (custom)
2019-09-25 06:34:02,276 [pool-27-thread-1] INFO  server.RaftServerConfigKeys (ConfUtils.java:logGet(43)) - raft.server.rpcslowness.timeout = 120s (custom)
2019-09-25 06:34:02,276 [pool-27-thread-1] INFO  server.RaftServerConfigKeys (ConfUtils.java:logGet(43)) - raft.server.sleep.deviation.threshold = 300 (default)
2019-09-25 06:34:02,276 [pool-27-thread-1] INFO  server.RaftServerConfigKeys (ConfUtils.java:logGet(43)) - raft.server.log.appender.install.snapshot.enabled = false (custom)
2019-09-25 06:34:02,276 [pool-27-thread-1] INFO  impl.RaftServerImpl (ServerState.java:<init>(103)) - 81f06f72-72c9-4329-855f-4bc73f7e5da2@group-4BD8251C4044: ConfigurationManager, init=-1: [81f06f72-72c9-4329-855f-4bc73f7e5da2:192.168.164.207:40731], old=null, confs=<EMPTY_MAP>
2019-09-25 06:34:02,276 [pool-27-thread-1] INFO  server.RaftServerConfigKeys (ConfUtils.java:logGet(43)) - raft.server.storage.dir = [/workdir/hadoop-ozone/ozonefs/target/test-dir/MiniOzoneClusterImpl-d97e1daa-6e0c-4900-b1c9-997de4e3459a/datanode-0/data/ratis] (custom)
2019-09-25 06:34:02,277 [pool-27-thread-1] INFO  storage.RaftStorageDirectory (RaftStorageDirectory.java:analyzeStorage(246)) - The storage directory /workdir/hadoop-ozone/ozonefs/target/test-dir/MiniOzoneClusterImpl-d97e1daa-6e0c-4900-b1c9-997de4e3459a/datanode-0/data/ratis/af9a1a93-cb78-476b-aa26-4bd8251c4044 does not exist. Creating ...
2019-09-25 06:34:02,304 [pool-27-thread-1] INFO  storage.RaftStorageDirectory (RaftStorageDirectory.java:tryLock(328)) - Lock on /workdir/hadoop-ozone/ozonefs/target/test-dir/MiniOzoneClusterImpl-d97e1daa-6e0c-4900-b1c9-997de4e3459a/datanode-0/data/ratis/af9a1a93-cb78-476b-aa26-4bd8251c4044/in_use.lock acquired by nodename 9063@pr-hdds-1569-s44lr-3492059363
2019-09-25 06:34:02,318 [pool-27-thread-1] INFO  storage.RaftStorage (RaftStorage.java:format(72)) - Storage directory /workdir/hadoop-ozone/ozonefs/target/test-dir/MiniOzoneClusterImpl-d97e1daa-6e0c-4900-b1c9-997de4e3459a/datanode-0/data/ratis/af9a1a93-cb78-476b-aa26-4bd8251c4044 has been successfully formatted.
2019-09-25 06:34:02,319 [pool-27-thread-1] INFO  ratis.ContainerStateMachine (ContainerStateMachine.java:loadSnapshot(230)) - group-4BD8251C4044: The snapshot info is null. Setting the last applied indexto:(t:0, i:~)
2019-09-25 06:34:02,319 [pool-27-thread-1] INFO  server.RaftServerConfigKeys (ConfUtils.java:logGet(43)) - raft.server.notification.no-leader.timeout = 120s (custom)
2019-09-25 06:34:02,319 [pool-27-thread-1] INFO  server.RaftServerConfigKeys (ConfUtils.java:logGet(43)) - raft.server.log.use.memory = false (default)
2019-09-25 06:34:02,319 [pool-27-thread-1] INFO  server.RaftServerConfigKeys (ConfUtils.java:logGet(43)) - raft.server.log.purge.gap = 1000000 (custom)
2019-09-25 06:34:02,319 [pool-27-thread-1] INFO  server.RaftServerConfigKeys (ConfUtils.java:logGet(43)) - raft.server.log.appender.buffer.byte-limit = 33554432 (custom)
2019-09-25 06:34:02,320 [pool-27-thread-1] INFO  server.RaftServerConfigKeys (ConfUtils.java:logGet(43)) - raft.server.log.segment.size.max = 1048576 (custom)
2019-09-25 06:34:02,320 [pool-27-thread-1] INFO  server.RaftServerConfigKeys (ConfUtils.java:logGet(43)) - raft.server.log.segment.cache.num.max = 2 (custom)
2019-09-25 06:34:02,320 [pool-27-thread-1] INFO  segmented.SegmentedRaftLogWorker (SegmentedRaftLogWorker.java:<init>(172)) - new 81f06f72-72c9-4329-855f-4bc73f7e5da2@group-4BD8251C4044-SegmentedRaftLogWorker for RaftStorage:Storage Directory /workdir/hadoop-ozone/ozonefs/target/test-dir/MiniOzoneClusterImpl-d97e1daa-6e0c-4900-b1c9-997de4e3459a/datanode-0/data/ratis/af9a1a93-cb78-476b-aa26-4bd8251c4044
2019-09-25 06:34:02,320 [pool-27-thread-1] INFO  server.RaftServerConfigKeys (ConfUtils.java:logGet(43)) - raft.server.log.queue.byte-limit = 2147483647 (custom)
2019-09-25 06:34:02,320 [pool-27-thread-1] INFO  server.RaftServerConfigKeys (ConfUtils.java:logGet(43)) - raft.server.log.queue.element-limit = 1024 (custom)
2019-09-25 06:34:02,320 [pool-27-thread-1] INFO  server.RaftServerConfigKeys (ConfUtils.java:logGet(43)) - raft.server.log.segment.size.max = 1048576 (custom)
2019-09-25 06:34:02,321 [pool-27-thread-1] INFO  server.RaftServerConfigKeys (ConfUtils.java:logGet(43)) - raft.server.log.preallocated.size = 16384 (custom)
2019-09-25 06:34:02,321 [pool-27-thread-1] INFO  server.RaftServerConfigKeys (ConfUtils.java:logGet(43)) - raft.server.log.write.buffer.size = 33554432 (custom)
2019-09-25 06:34:02,321 [pool-27-thread-1] INFO  server.RaftServerConfigKeys (ConfUtils.java:logGet(43)) - raft.server.log.force.sync.num = 128 (default)
2019-09-25 06:34:02,321 [pool-27-thread-1] INFO  server.RaftServerConfigKeys (ConfUtils.java:logGet(43)) - raft.server.log.statemachine.data.sync = true (default)
2019-09-25 06:34:02,321 [pool-27-thread-1] INFO  server.RaftServerConfigKeys (ConfUtils.java:logGet(43)) - raft.server.log.statemachine.data.sync.timeout = 10s (default)
2019-09-25 06:34:02,321 [pool-27-thread-1] INFO  server.RaftServerConfigKeys (ConfUtils.java:logGet(43)) - raft.server.log.statemachine.data.sync.timeout.retry = -1 (default)
2019-09-25 06:34:02,322 [pool-27-thread-1] INFO  server.RaftServerConfigKeys (ConfUtils.java:logGet(43)) - raft.server.log.statemachine.data.caching.enabled = true (custom)
2019-09-25 06:34:02,322 [pool-27-thread-1] INFO  segmented.SegmentedRaftLogWorker (SegmentedRaftLogWorker.java:lambda$new$0(132)) - 81f06f72-72c9-4329-855f-4bc73f7e5da2@group-4BD8251C4044-SegmentedRaftLogWorker: flushIndex: setUnconditionally 0 -> -1
2019-09-25 06:34:02,322 [pool-27-thread-1] INFO  server.RaftServerConfigKeys (ConfUtils.java:logGet(43)) - raft.server.snapshot.auto.trigger.enabled = true (custom)
2019-09-25 06:34:02,323 [pool-27-thread-1] INFO  server.RaftServerConfigKeys (ConfUtils.java:logGet(43)) - raft.server.snapshot.auto.trigger.threshold = 10000 (custom)
2019-09-25 06:34:02,323 [pool-27-thread-1] INFO  server.RaftServerConfigKeys (ConfUtils.java:logGet(43)) - raft.server.snapshot.retention.num.files = 5 (custom)
2019-09-25 06:34:02,323 [pool-27-thread-1] INFO  server.RaftServerConfigKeys (ConfUtils.java:logGet(43)) - raft.server.retrycache.expirytime = 600000ms (custom)
2019-09-25 06:34:02,327 [pool-27-thread-1] INFO  impl.RaftServerImpl (RaftServerImpl.java:start(185)) - 81f06f72-72c9-4329-855f-4bc73f7e5da2@group-4BD8251C4044: start as a follower, conf=-1: [81f06f72-72c9-4329-855f-4bc73f7e5da2:192.168.164.207:40731], old=null
2019-09-25 06:34:02,327 [pool-27-thread-1] INFO  impl.RaftServerImpl (RaftServerImpl.java:setRole(174)) - 81f06f72-72c9-4329-855f-4bc73f7e5da2@group-4BD8251C4044: changes role from      null to FOLLOWER at term 0 for startAsFollower
2019-09-25 06:34:02,327 [pool-27-thread-1] INFO  impl.RoleInfo (RoleInfo.java:updateAndGet(143)) - 81f06f72-72c9-4329-855f-4bc73f7e5da2: start FollowerState
2019-09-25 06:34:02,327 [pool-27-thread-1] INFO  util.JmxRegister (JmxRegister.java:tryRegister(44)) - Successfully registered JMX Bean with object name Ratis:service=RaftServer,group=group-4BD8251C4044,id=81f06f72-72c9-4329-855f-4bc73f7e5da2
2019-09-25 06:34:02,333 [RatisPipelineUtilsThread] INFO  pipeline.PipelineStateManager (PipelineStateManager.java:addPipeline(56)) - Created pipeline Pipeline[ Id: af9a1a93-cb78-476b-aa26-4bd8251c4044, Nodes: 81f06f72-72c9-4329-855f-4bc73f7e5da2{ip: 192.168.164.207, host: pr-hdds-1569-s44lr-3492059363, networkLocation: /default-rack, certSerialId: null}, Type:RATIS, Factor:ONE, State:OPEN]
2019-09-25 06:34:02,333 [RatisPipelineUtilsThread] INFO  pipeline.PipelinePlacementPolicy (PipelinePlacementPolicy.java:meetCriteria(91)) - Pipeline Placement: can't place more pipeline on heavy datanode： f9a1adb5-ac95-4f8b-8632-8bfce9a5ce16 Heaviness: 6 limit: 5
2019-09-25 06:34:02,333 [RatisPipelineUtilsThread] INFO  pipeline.PipelinePlacementPolicy (PipelinePlacementPolicy.java:meetCriteria(91)) - Pipeline Placement: can't place more pipeline on heavy datanode： 59047a66-3178-4e61-9c82-892aa22a5b81 Heaviness: 6 limit: 5
2019-09-25 06:34:02,347 [grpc-default-executor-0] INFO  impl.RaftServerProxy (RaftServerProxy.java:addNew(89)) - 81f06f72-72c9-4329-855f-4bc73f7e5da2: addNew group-070725D35EDC:[81f06f72-72c9-4329-855f-4bc73f7e5da2:192.168.164.207:40731] returns group-070725D35EDC:java.util.concurrent.CompletableFuture@3a46f5e[Not completed]
2019-09-25 06:34:02,349 [pool-27-thread-1] INFO  impl.RaftServerImpl (RaftServerImpl.java:<init>(95)) - 81f06f72-72c9-4329-855f-4bc73f7e5da2: new RaftServerImpl for group-070725D35EDC:[81f06f72-72c9-4329-855f-4bc73f7e5da2:192.168.164.207:40731] with ContainerStateMachine:uninitialized
2019-09-25 06:34:02,349 [pool-27-thread-1] INFO  server.RaftServerConfigKeys (ConfUtils.java:logGet(43)) - raft.server.rpc.timeout.min = 5s (custom)
2019-09-25 06:34:02,349 [pool-27-thread-1] INFO  server.RaftServerConfigKeys (ConfUtils.java:logGet(43)) - raft.server.rpc.timeout.max = 5200ms (custom)
2019-09-25 06:34:02,349 [pool-27-thread-1] INFO  server.RaftServerConfigKeys (ConfUtils.java:logGet(43)) - raft.server.rpcslowness.timeout = 120s (custom)
2019-09-25 06:34:02,349 [pool-27-thread-1] INFO  server.RaftServerConfigKeys (ConfUtils.java:logGet(43)) - raft.server.sleep.deviation.threshold = 300 (default)
2019-09-25 06:34:02,349 [pool-27-thread-1] INFO  server.RaftServerConfigKeys (ConfUtils.java:logGet(43)) - raft.server.log.appender.install.snapshot.enabled = false (custom)
2019-09-25 06:34:02,350 [pool-27-thread-1] INFO  impl.RaftServerImpl (ServerState.java:<init>(103)) - 81f06f72-72c9-4329-855f-4bc73f7e5da2@group-070725D35EDC: ConfigurationManager, init=-1: [81f06f72-72c9-4329-855f-4bc73f7e5da2:192.168.164.207:40731], old=null, confs=<EMPTY_MAP>
2019-09-25 06:34:02,350 [pool-27-thread-1] INFO  server.RaftServerConfigKeys (ConfUtils.java:logGet(43)) - raft.server.storage.dir = [/workdir/hadoop-ozone/ozonefs/target/test-dir/MiniOzoneClusterImpl-d97e1daa-6e0c-4900-b1c9-997de4e3459a/datanode-0/data/ratis] (custom)
2019-09-25 06:34:02,350 [pool-27-thread-1] INFO  storage.RaftStorageDirectory (RaftStorageDirectory.java:analyzeStorage(246)) - The storage directory /workdir/hadoop-ozone/ozonefs/target/test-dir/MiniOzoneClusterImpl-d97e1daa-6e0c-4900-b1c9-997de4e3459a/datanode-0/data/ratis/9b749bf9-2cca-4743-a93e-070725d35edc does not exist. Creating ...
2019-09-25 06:34:02,363 [pool-27-thread-1] INFO  storage.RaftStorageDirectory (RaftStorageDirectory.java:tryLock(328)) - Lock on /workdir/hadoop-ozone/ozonefs/target/test-dir/MiniOzoneClusterImpl-d97e1daa-6e0c-4900-b1c9-997de4e3459a/datanode-0/data/ratis/9b749bf9-2cca-4743-a93e-070725d35edc/in_use.lock acquired by nodename 9063@pr-hdds-1569-s44lr-3492059363
2019-09-25 06:34:02,378 [pool-27-thread-1] INFO  storage.RaftStorage (RaftStorage.java:format(72)) - Storage directory /workdir/hadoop-ozone/ozonefs/target/test-dir/MiniOzoneClusterImpl-d97e1daa-6e0c-4900-b1c9-997de4e3459a/datanode-0/data/ratis/9b749bf9-2cca-4743-a93e-070725d35edc has been successfully formatted.
2019-09-25 06:34:02,378 [pool-27-thread-1] INFO  ratis.ContainerStateMachine (ContainerStateMachine.java:loadSnapshot(230)) - group-070725D35EDC: The snapshot info is null. Setting the last applied indexto:(t:0, i:~)
2019-09-25 06:34:02,378 [pool-27-thread-1] INFO  server.RaftServerConfigKeys (ConfUtils.java:logGet(43)) - raft.server.notification.no-leader.timeout = 120s (custom)
2019-09-25 06:34:02,379 [pool-27-thread-1] INFO  server.RaftServerConfigKeys (ConfUtils.java:logGet(43)) - raft.server.log.use.memory = false (default)
2019-09-25 06:34:02,379 [pool-27-thread-1] INFO  server.RaftServerConfigKeys (ConfUtils.java:logGet(43)) - raft.server.log.purge.gap = 1000000 (custom)
2019-09-25 06:34:02,379 [pool-27-thread-1] INFO  server.RaftServerConfigKeys (ConfUtils.java:logGet(43)) - raft.server.log.appender.buffer.byte-limit = 33554432 (custom)
2019-09-25 06:34:02,379 [pool-27-thread-1] INFO  server.RaftServerConfigKeys (ConfUtils.java:logGet(43)) - raft.server.log.segment.size.max = 1048576 (custom)
2019-09-25 06:34:02,379 [pool-27-thread-1] INFO  server.RaftServerConfigKeys (ConfUtils.java:logGet(43)) - raft.server.log.segment.cache.num.max = 2 (custom)
2019-09-25 06:34:02,379 [pool-27-thread-1] INFO  segmented.SegmentedRaftLogWorker (SegmentedRaftLogWorker.java:<init>(172)) - new 81f06f72-72c9-4329-855f-4bc73f7e5da2@group-070725D35EDC-SegmentedRaftLogWorker for RaftStorage:Storage Directory /workdir/hadoop-ozone/ozonefs/target/test-dir/MiniOzoneClusterImpl-d97e1daa-6e0c-4900-b1c9-997de4e3459a/datanode-0/data/ratis/9b749bf9-2cca-4743-a93e-070725d35edc
2019-09-25 06:34:02,380 [pool-27-thread-1] INFO  server.RaftServerConfigKeys (ConfUtils.java:logGet(43)) - raft.server.log.queue.byte-limit = 2147483647 (custom)
2019-09-25 06:34:02,380 [pool-27-thread-1] INFO  server.RaftServerConfigKeys (ConfUtils.java:logGet(43)) - raft.server.log.queue.element-limit = 1024 (custom)
2019-09-25 06:34:02,380 [pool-27-thread-1] INFO  server.RaftServerConfigKeys (ConfUtils.java:logGet(43)) - raft.server.log.segment.size.max = 1048576 (custom)
2019-09-25 06:34:02,380 [pool-27-thread-1] INFO  server.RaftServerConfigKeys (ConfUtils.java:logGet(43)) - raft.server.log.preallocated.size = 16384 (custom)
2019-09-25 06:34:02,380 [pool-27-thread-1] INFO  server.RaftServerConfigKeys (ConfUtils.java:logGet(43)) - raft.server.log.write.buffer.size = 33554432 (custom)
2019-09-25 06:34:02,380 [pool-27-thread-1] INFO  server.RaftServerConfigKeys (ConfUtils.java:logGet(43)) - raft.server.log.force.sync.num = 128 (default)
2019-09-25 06:34:02,380 [pool-27-thread-1] INFO  server.RaftServerConfigKeys (ConfUtils.java:logGet(43)) - raft.server.log.statemachine.data.sync = true (default)
2019-09-25 06:34:02,381 [pool-27-thread-1] INFO  server.RaftServerConfigKeys (ConfUtils.java:logGet(43)) - raft.server.log.statemachine.data.sync.timeout = 10s (default)
2019-09-25 06:34:02,381 [pool-27-thread-1] INFO  server.RaftServerConfigKeys (ConfUtils.java:logGet(43)) - raft.server.log.statemachine.data.sync.timeout.retry = -1 (default)
2019-09-25 06:34:02,381 [pool-27-thread-1] INFO  server.RaftServerConfigKeys (ConfUtils.java:logGet(43)) - raft.server.log.statemachine.data.caching.enabled = true (custom)
2019-09-25 06:34:02,381 [pool-27-thread-1] INFO  segmented.SegmentedRaftLogWorker (SegmentedRaftLogWorker.java:lambda$new$0(132)) - 81f06f72-72c9-4329-855f-4bc73f7e5da2@group-070725D35EDC-SegmentedRaftLogWorker: flushIndex: setUnconditionally 0 -> -1
2019-09-25 06:34:02,382 [pool-27-thread-1] INFO  server.RaftServerConfigKeys (ConfUtils.java:logGet(43)) - raft.server.snapshot.auto.trigger.enabled = true (custom)
2019-09-25 06:34:02,382 [pool-27-thread-1] INFO  server.RaftServerConfigKeys (ConfUtils.java:logGet(43)) - raft.server.snapshot.auto.trigger.threshold = 10000 (custom)
2019-09-25 06:34:02,382 [pool-27-thread-1] INFO  server.RaftServerConfigKeys (ConfUtils.java:logGet(43)) - raft.server.snapshot.retention.num.files = 5 (custom)
2019-09-25 06:34:02,382 [pool-27-thread-1] INFO  server.RaftServerConfigKeys (ConfUtils.java:logGet(43)) - raft.server.retrycache.expirytime = 600000ms (custom)
2019-09-25 06:34:02,384 [pool-27-thread-1] INFO  impl.RaftServerImpl (RaftServerImpl.java:start(185)) - 81f06f72-72c9-4329-855f-4bc73f7e5da2@group-070725D35EDC: start as a follower, conf=-1: [81f06f72-72c9-4329-855f-4bc73f7e5da2:192.168.164.207:40731], old=null
2019-09-25 06:34:02,384 [pool-27-thread-1] INFO  impl.RaftServerImpl (RaftServerImpl.java:setRole(174)) - 81f06f72-72c9-4329-855f-4bc73f7e5da2@group-070725D35EDC: changes role from      null to FOLLOWER at term 0 for startAsFollower
2019-09-25 06:34:02,385 [pool-27-thread-1] INFO  impl.RoleInfo (RoleInfo.java:updateAndGet(143)) - 81f06f72-72c9-4329-855f-4bc73f7e5da2: start FollowerState
2019-09-25 06:34:02,393 [pool-27-thread-1] INFO  util.JmxRegister (JmxRegister.java:tryRegister(44)) - Successfully registered JMX Bean with object name Ratis:service=RaftServer,group=group-070725D35EDC,id=81f06f72-72c9-4329-855f-4bc73f7e5da2
2019-09-25 06:34:02,410 [RatisPipelineUtilsThread] INFO  pipeline.PipelineStateManager (PipelineStateManager.java:addPipeline(56)) - Created pipeline Pipeline[ Id: 9b749bf9-2cca-4743-a93e-070725d35edc, Nodes: 81f06f72-72c9-4329-855f-4bc73f7e5da2{ip: 192.168.164.207, host: pr-hdds-1569-s44lr-3492059363, networkLocation: /default-rack, certSerialId: null}, Type:RATIS, Factor:ONE, State:OPEN]
2019-09-25 06:34:02,410 [RatisPipelineUtilsThread] INFO  pipeline.PipelinePlacementPolicy (PipelinePlacementPolicy.java:meetCriteria(91)) - Pipeline Placement: can't place more pipeline on heavy datanode： 81f06f72-72c9-4329-855f-4bc73f7e5da2 Heaviness: 6 limit: 5
2019-09-25 06:34:02,410 [RatisPipelineUtilsThread] INFO  pipeline.PipelinePlacementPolicy (PipelinePlacementPolicy.java:meetCriteria(91)) - Pipeline Placement: can't place more pipeline on heavy datanode： f9a1adb5-ac95-4f8b-8632-8bfce9a5ce16 Heaviness: 6 limit: 5
2019-09-25 06:34:02,410 [RatisPipelineUtilsThread] INFO  pipeline.PipelinePlacementPolicy (PipelinePlacementPolicy.java:meetCriteria(91)) - Pipeline Placement: can't place more pipeline on heavy datanode： 59047a66-3178-4e61-9c82-892aa22a5b81 Heaviness: 6 limit: 5
2019-09-25 06:34:02,416 [grpc-default-executor-0] INFO  impl.RaftServerProxy (RaftServerProxy.java:addNew(89)) - 49960203-aee6-4047-85fd-ecacef3efebf: addNew group-D919D7464917:[49960203-aee6-4047-85fd-ecacef3efebf:192.168.164.207:34853] returns group-D919D7464917:java.util.concurrent.CompletableFuture@3989bb5c[Not completed]
2019-09-25 06:34:02,417 [pool-67-thread-1] INFO  impl.RaftServerImpl (RaftServerImpl.java:<init>(95)) - 49960203-aee6-4047-85fd-ecacef3efebf: new RaftServerImpl for group-D919D7464917:[49960203-aee6-4047-85fd-ecacef3efebf:192.168.164.207:34853] with ContainerStateMachine:uninitialized
2019-09-25 06:34:02,417 [pool-67-thread-1] INFO  server.RaftServerConfigKeys (ConfUtils.java:logGet(43)) - raft.server.rpc.timeout.min = 5s (custom)
2019-09-25 06:34:02,418 [pool-67-thread-1] INFO  server.RaftServerConfigKeys (ConfUtils.java:logGet(43)) - raft.server.rpc.timeout.max = 5200ms (custom)
2019-09-25 06:34:02,418 [pool-67-thread-1] INFO  server.RaftServerConfigKeys (ConfUtils.java:logGet(43)) - raft.server.rpcslowness.timeout = 120s (custom)
2019-09-25 06:34:02,418 [pool-67-thread-1] INFO  server.RaftServerConfigKeys (ConfUtils.java:logGet(43)) - raft.server.sleep.deviation.threshold = 300 (default)
2019-09-25 06:34:02,418 [pool-67-thread-1] INFO  server.RaftServerConfigKeys (ConfUtils.java:logGet(43)) - raft.server.log.appender.install.snapshot.enabled = false (custom)
2019-09-25 06:34:02,418 [pool-67-thread-1] INFO  impl.RaftServerImpl (ServerState.java:<init>(103)) - 49960203-aee6-4047-85fd-ecacef3efebf@group-D919D7464917: ConfigurationManager, init=-1: [49960203-aee6-4047-85fd-ecacef3efebf:192.168.164.207:34853], old=null, confs=<EMPTY_MAP>
2019-09-25 06:34:02,418 [pool-67-thread-1] INFO  server.RaftServerConfigKeys (ConfUtils.java:logGet(43)) - raft.server.storage.dir = [/workdir/hadoop-ozone/ozonefs/target/test-dir/MiniOzoneClusterImpl-d97e1daa-6e0c-4900-b1c9-997de4e3459a/datanode-4/data/ratis] (custom)
2019-09-25 06:34:02,419 [pool-67-thread-1] INFO  storage.RaftStorageDirectory (RaftStorageDirectory.java:analyzeStorage(246)) - The storage directory /workdir/hadoop-ozone/ozonefs/target/test-dir/MiniOzoneClusterImpl-d97e1daa-6e0c-4900-b1c9-997de4e3459a/datanode-4/data/ratis/9ec1be39-227d-46fc-9151-d919d7464917 does not exist. Creating ...
2019-09-25 06:34:02,431 [pool-67-thread-1] INFO  storage.RaftStorageDirectory (RaftStorageDirectory.java:tryLock(328)) - Lock on /workdir/hadoop-ozone/ozonefs/target/test-dir/MiniOzoneClusterImpl-d97e1daa-6e0c-4900-b1c9-997de4e3459a/datanode-4/data/ratis/9ec1be39-227d-46fc-9151-d919d7464917/in_use.lock acquired by nodename 9063@pr-hdds-1569-s44lr-3492059363
2019-09-25 06:34:02,445 [pool-67-thread-1] INFO  storage.RaftStorage (RaftStorage.java:format(72)) - Storage directory /workdir/hadoop-ozone/ozonefs/target/test-dir/MiniOzoneClusterImpl-d97e1daa-6e0c-4900-b1c9-997de4e3459a/datanode-4/data/ratis/9ec1be39-227d-46fc-9151-d919d7464917 has been successfully formatted.
2019-09-25 06:34:02,445 [pool-67-thread-1] INFO  ratis.ContainerStateMachine (ContainerStateMachine.java:loadSnapshot(230)) - group-D919D7464917: The snapshot info is null. Setting the last applied indexto:(t:0, i:~)
2019-09-25 06:34:02,445 [pool-67-thread-1] INFO  server.RaftServerConfigKeys (ConfUtils.java:logGet(43)) - raft.server.notification.no-leader.timeout = 120s (custom)
2019-09-25 06:34:02,445 [pool-67-thread-1] INFO  server.RaftServerConfigKeys (ConfUtils.java:logGet(43)) - raft.server.log.use.memory = false (default)
2019-09-25 06:34:02,446 [pool-67-thread-1] INFO  server.RaftServerConfigKeys (ConfUtils.java:logGet(43)) - raft.server.log.purge.gap = 1000000 (custom)
2019-09-25 06:34:02,446 [pool-67-thread-1] INFO  server.RaftServerConfigKeys (ConfUtils.java:logGet(43)) - raft.server.log.appender.buffer.byte-limit = 33554432 (custom)
2019-09-25 06:34:02,446 [pool-67-thread-1] INFO  server.RaftServerConfigKeys (ConfUtils.java:logGet(43)) - raft.server.log.segment.size.max = 1048576 (custom)
2019-09-25 06:34:02,446 [pool-67-thread-1] INFO  server.RaftServerConfigKeys (ConfUtils.java:logGet(43)) - raft.server.log.segment.cache.num.max = 2 (custom)
2019-09-25 06:34:02,446 [pool-67-thread-1] INFO  segmented.SegmentedRaftLogWorker (SegmentedRaftLogWorker.java:<init>(172)) - new 49960203-aee6-4047-85fd-ecacef3efebf@group-D919D7464917-SegmentedRaftLogWorker for RaftStorage:Storage Directory /workdir/hadoop-ozone/ozonefs/target/test-dir/MiniOzoneClusterImpl-d97e1daa-6e0c-4900-b1c9-997de4e3459a/datanode-4/data/ratis/9ec1be39-227d-46fc-9151-d919d7464917
2019-09-25 06:34:02,446 [pool-67-thread-1] INFO  server.RaftServerConfigKeys (ConfUtils.java:logGet(43)) - raft.server.log.queue.byte-limit = 2147483647 (custom)
2019-09-25 06:34:02,446 [pool-67-thread-1] INFO  server.RaftServerConfigKeys (ConfUtils.java:logGet(43)) - raft.server.log.queue.element-limit = 1024 (custom)
2019-09-25 06:34:02,447 [pool-67-thread-1] INFO  server.RaftServerConfigKeys (ConfUtils.java:logGet(43)) - raft.server.log.segment.size.max = 1048576 (custom)
2019-09-25 06:34:02,447 [pool-67-thread-1] INFO  server.RaftServerConfigKeys (ConfUtils.java:logGet(43)) - raft.server.log.preallocated.size = 16384 (custom)
2019-09-25 06:34:02,447 [pool-67-thread-1] INFO  server.RaftServerConfigKeys (ConfUtils.java:logGet(43)) - raft.server.log.write.buffer.size = 33554432 (custom)
2019-09-25 06:34:02,447 [pool-67-thread-1] INFO  server.RaftServerConfigKeys (ConfUtils.java:logGet(43)) - raft.server.log.force.sync.num = 128 (default)
2019-09-25 06:34:02,447 [pool-67-thread-1] INFO  server.RaftServerConfigKeys (ConfUtils.java:logGet(43)) - raft.server.log.statemachine.data.sync = true (default)
2019-09-25 06:34:02,447 [pool-67-thread-1] INFO  server.RaftServerConfigKeys (ConfUtils.java:logGet(43)) - raft.server.log.statemachine.data.sync.timeout = 10s (default)
2019-09-25 06:34:02,447 [pool-67-thread-1] INFO  server.RaftServerConfigKeys (ConfUtils.java:logGet(43)) - raft.server.log.statemachine.data.sync.timeout.retry = -1 (default)
2019-09-25 06:34:02,447 [pool-67-thread-1] INFO  server.RaftServerConfigKeys (ConfUtils.java:logGet(43)) - raft.server.log.statemachine.data.caching.enabled = true (custom)
2019-09-25 06:34:02,448 [pool-67-thread-1] INFO  segmented.SegmentedRaftLogWorker (SegmentedRaftLogWorker.java:lambda$new$0(132)) - 49960203-aee6-4047-85fd-ecacef3efebf@group-D919D7464917-SegmentedRaftLogWorker: flushIndex: setUnconditionally 0 -> -1
2019-09-25 06:34:02,448 [pool-67-thread-1] INFO  server.RaftServerConfigKeys (ConfUtils.java:logGet(43)) - raft.server.snapshot.auto.trigger.enabled = true (custom)
2019-09-25 06:34:02,448 [pool-67-thread-1] INFO  server.RaftServerConfigKeys (ConfUtils.java:logGet(43)) - raft.server.snapshot.auto.trigger.threshold = 10000 (custom)
2019-09-25 06:34:02,448 [pool-67-thread-1] INFO  server.RaftServerConfigKeys (ConfUtils.java:logGet(43)) - raft.server.snapshot.retention.num.files = 5 (custom)
2019-09-25 06:34:02,448 [pool-67-thread-1] INFO  server.RaftServerConfigKeys (ConfUtils.java:logGet(43)) - raft.server.retrycache.expirytime = 600000ms (custom)
2019-09-25 06:34:02,451 [pool-67-thread-1] INFO  impl.RaftServerImpl (RaftServerImpl.java:start(185)) - 49960203-aee6-4047-85fd-ecacef3efebf@group-D919D7464917: start as a follower, conf=-1: [49960203-aee6-4047-85fd-ecacef3efebf:192.168.164.207:34853], old=null
2019-09-25 06:34:02,451 [pool-67-thread-1] INFO  impl.RaftServerImpl (RaftServerImpl.java:setRole(174)) - 49960203-aee6-4047-85fd-ecacef3efebf@group-D919D7464917: changes role from      null to FOLLOWER at term 0 for startAsFollower
2019-09-25 06:34:02,451 [pool-67-thread-1] INFO  impl.RoleInfo (RoleInfo.java:updateAndGet(143)) - 49960203-aee6-4047-85fd-ecacef3efebf: start FollowerState
2019-09-25 06:34:02,451 [pool-67-thread-1] INFO  util.JmxRegister (JmxRegister.java:tryRegister(44)) - Successfully registered JMX Bean with object name Ratis:service=RaftServer,group=group-D919D7464917,id=49960203-aee6-4047-85fd-ecacef3efebf
2019-09-25 06:34:02,454 [RatisPipelineUtilsThread] INFO  pipeline.PipelineStateManager (PipelineStateManager.java:addPipeline(56)) - Created pipeline Pipeline[ Id: 9ec1be39-227d-46fc-9151-d919d7464917, Nodes: 49960203-aee6-4047-85fd-ecacef3efebf{ip: 192.168.164.207, host: pr-hdds-1569-s44lr-3492059363, networkLocation: /default-rack, certSerialId: null}, Type:RATIS, Factor:ONE, State:OPEN]
2019-09-25 06:34:02,454 [RatisPipelineUtilsThread] INFO  pipeline.PipelinePlacementPolicy (PipelinePlacementPolicy.java:meetCriteria(91)) - Pipeline Placement: can't place more pipeline on heavy datanode： 81f06f72-72c9-4329-855f-4bc73f7e5da2 Heaviness: 6 limit: 5
2019-09-25 06:34:02,454 [RatisPipelineUtilsThread] INFO  pipeline.PipelinePlacementPolicy (PipelinePlacementPolicy.java:meetCriteria(91)) - Pipeline Placement: can't place more pipeline on heavy datanode： f9a1adb5-ac95-4f8b-8632-8bfce9a5ce16 Heaviness: 6 limit: 5
2019-09-25 06:34:02,455 [RatisPipelineUtilsThread] INFO  pipeline.PipelinePlacementPolicy (PipelinePlacementPolicy.java:meetCriteria(91)) - Pipeline Placement: can't place more pipeline on heavy datanode： 59047a66-3178-4e61-9c82-892aa22a5b81 Heaviness: 6 limit: 5
2019-09-25 06:34:02,476 [grpc-default-executor-0] INFO  impl.RaftServerProxy (RaftServerProxy.java:addNew(89)) - ceffdcde-d41f-4c1b-8c84-bdffc4697707: addNew group-F03F79E7435B:[ceffdcde-d41f-4c1b-8c84-bdffc4697707:192.168.164.207:44173] returns group-F03F79E7435B:java.util.concurrent.CompletableFuture@4e8f8a1b[Not completed]
2019-09-25 06:34:02,477 [pool-97-thread-1] INFO  impl.RaftServerImpl (RaftServerImpl.java:<init>(95)) - ceffdcde-d41f-4c1b-8c84-bdffc4697707: new RaftServerImpl for group-F03F79E7435B:[ceffdcde-d41f-4c1b-8c84-bdffc4697707:192.168.164.207:44173] with ContainerStateMachine:uninitialized
2019-09-25 06:34:02,478 [pool-97-thread-1] INFO  server.RaftServerConfigKeys (ConfUtils.java:logGet(43)) - raft.server.rpc.timeout.min = 5s (custom)
2019-09-25 06:34:02,478 [pool-97-thread-1] INFO  server.RaftServerConfigKeys (ConfUtils.java:logGet(43)) - raft.server.rpc.timeout.max = 5200ms (custom)
2019-09-25 06:34:02,478 [pool-97-thread-1] INFO  server.RaftServerConfigKeys (ConfUtils.java:logGet(43)) - raft.server.rpcslowness.timeout = 120s (custom)
2019-09-25 06:34:02,478 [pool-97-thread-1] INFO  server.RaftServerConfigKeys (ConfUtils.java:logGet(43)) - raft.server.sleep.deviation.threshold = 300 (default)
2019-09-25 06:34:02,478 [pool-97-thread-1] INFO  server.RaftServerConfigKeys (ConfUtils.java:logGet(43)) - raft.server.log.appender.install.snapshot.enabled = false (custom)
2019-09-25 06:34:02,478 [pool-97-thread-1] INFO  impl.RaftServerImpl (ServerState.java:<init>(103)) - ceffdcde-d41f-4c1b-8c84-bdffc4697707@group-F03F79E7435B: ConfigurationManager, init=-1: [ceffdcde-d41f-4c1b-8c84-bdffc4697707:192.168.164.207:44173], old=null, confs=<EMPTY_MAP>
2019-09-25 06:34:02,478 [pool-97-thread-1] INFO  server.RaftServerConfigKeys (ConfUtils.java:logGet(43)) - raft.server.storage.dir = [/workdir/hadoop-ozone/ozonefs/target/test-dir/MiniOzoneClusterImpl-d97e1daa-6e0c-4900-b1c9-997de4e3459a/datanode-7/data/ratis] (custom)
2019-09-25 06:34:02,478 [pool-97-thread-1] INFO  storage.RaftStorageDirectory (RaftStorageDirectory.java:analyzeStorage(246)) - The storage directory /workdir/hadoop-ozone/ozonefs/target/test-dir/MiniOzoneClusterImpl-d97e1daa-6e0c-4900-b1c9-997de4e3459a/datanode-7/data/ratis/4b056994-e344-450a-b740-f03f79e7435b does not exist. Creating ...
2019-09-25 06:34:02,491 [pool-97-thread-1] INFO  storage.RaftStorageDirectory (RaftStorageDirectory.java:tryLock(328)) - Lock on /workdir/hadoop-ozone/ozonefs/target/test-dir/MiniOzoneClusterImpl-d97e1daa-6e0c-4900-b1c9-997de4e3459a/datanode-7/data/ratis/4b056994-e344-450a-b740-f03f79e7435b/in_use.lock acquired by nodename 9063@pr-hdds-1569-s44lr-3492059363
2019-09-25 06:34:02,504 [pool-97-thread-1] INFO  storage.RaftStorage (RaftStorage.java:format(72)) - Storage directory /workdir/hadoop-ozone/ozonefs/target/test-dir/MiniOzoneClusterImpl-d97e1daa-6e0c-4900-b1c9-997de4e3459a/datanode-7/data/ratis/4b056994-e344-450a-b740-f03f79e7435b has been successfully formatted.
2019-09-25 06:34:02,504 [pool-97-thread-1] INFO  ratis.ContainerStateMachine (ContainerStateMachine.java:loadSnapshot(230)) - group-F03F79E7435B: The snapshot info is null. Setting the last applied indexto:(t:0, i:~)
2019-09-25 06:34:02,505 [pool-97-thread-1] INFO  server.RaftServerConfigKeys (ConfUtils.java:logGet(43)) - raft.server.notification.no-leader.timeout = 120s (custom)
2019-09-25 06:34:02,505 [pool-97-thread-1] INFO  server.RaftServerConfigKeys (ConfUtils.java:logGet(43)) - raft.server.log.use.memory = false (default)
2019-09-25 06:34:02,505 [pool-97-thread-1] INFO  server.RaftServerConfigKeys (ConfUtils.java:logGet(43)) - raft.server.log.purge.gap = 1000000 (custom)
2019-09-25 06:34:02,505 [pool-97-thread-1] INFO  server.RaftServerConfigKeys (ConfUtils.java:logGet(43)) - raft.server.log.appender.buffer.byte-limit = 33554432 (custom)
2019-09-25 06:34:02,505 [pool-97-thread-1] INFO  server.RaftServerConfigKeys (ConfUtils.java:logGet(43)) - raft.server.log.segment.size.max = 1048576 (custom)
2019-09-25 06:34:02,505 [pool-97-thread-1] INFO  server.RaftServerConfigKeys (ConfUtils.java:logGet(43)) - raft.server.log.segment.cache.num.max = 2 (custom)
2019-09-25 06:34:02,505 [pool-97-thread-1] INFO  segmented.SegmentedRaftLogWorker (SegmentedRaftLogWorker.java:<init>(172)) - new ceffdcde-d41f-4c1b-8c84-bdffc4697707@group-F03F79E7435B-SegmentedRaftLogWorker for RaftStorage:Storage Directory /workdir/hadoop-ozone/ozonefs/target/test-dir/MiniOzoneClusterImpl-d97e1daa-6e0c-4900-b1c9-997de4e3459a/datanode-7/data/ratis/4b056994-e344-450a-b740-f03f79e7435b
2019-09-25 06:34:02,507 [pool-97-thread-1] INFO  server.RaftServerConfigKeys (ConfUtils.java:logGet(43)) - raft.server.log.queue.byte-limit = 2147483647 (custom)
2019-09-25 06:34:02,507 [pool-97-thread-1] INFO  server.RaftServerConfigKeys (ConfUtils.java:logGet(43)) - raft.server.log.queue.element-limit = 1024 (custom)
2019-09-25 06:34:02,507 [pool-97-thread-1] INFO  server.RaftServerConfigKeys (ConfUtils.java:logGet(43)) - raft.server.log.segment.size.max = 1048576 (custom)
2019-09-25 06:34:02,507 [pool-97-thread-1] INFO  server.RaftServerConfigKeys (ConfUtils.java:logGet(43)) - raft.server.log.preallocated.size = 16384 (custom)
2019-09-25 06:34:02,507 [pool-97-thread-1] INFO  server.RaftServerConfigKeys (ConfUtils.java:logGet(43)) - raft.server.log.write.buffer.size = 33554432 (custom)
2019-09-25 06:34:02,507 [pool-97-thread-1] INFO  server.RaftServerConfigKeys (ConfUtils.java:logGet(43)) - raft.server.log.force.sync.num = 128 (default)
2019-09-25 06:34:02,507 [pool-97-thread-1] INFO  server.RaftServerConfigKeys (ConfUtils.java:logGet(43)) - raft.server.log.statemachine.data.sync = true (default)
2019-09-25 06:34:02,507 [pool-97-thread-1] INFO  server.RaftServerConfigKeys (ConfUtils.java:logGet(43)) - raft.server.log.statemachine.data.sync.timeout = 10s (default)
2019-09-25 06:34:02,507 [pool-97-thread-1] INFO  server.RaftServerConfigKeys (ConfUtils.java:logGet(43)) - raft.server.log.statemachine.data.sync.timeout.retry = -1 (default)
2019-09-25 06:34:02,508 [pool-97-thread-1] INFO  server.RaftServerConfigKeys (ConfUtils.java:logGet(43)) - raft.server.log.statemachine.data.caching.enabled = true (custom)
2019-09-25 06:34:02,508 [pool-97-thread-1] INFO  segmented.SegmentedRaftLogWorker (SegmentedRaftLogWorker.java:lambda$new$0(132)) - ceffdcde-d41f-4c1b-8c84-bdffc4697707@group-F03F79E7435B-SegmentedRaftLogWorker: flushIndex: setUnconditionally 0 -> -1
2019-09-25 06:34:02,508 [pool-97-thread-1] INFO  server.RaftServerConfigKeys (ConfUtils.java:logGet(43)) - raft.server.snapshot.auto.trigger.enabled = true (custom)
2019-09-25 06:34:02,508 [pool-97-thread-1] INFO  server.RaftServerConfigKeys (ConfUtils.java:logGet(43)) - raft.server.snapshot.auto.trigger.threshold = 10000 (custom)
2019-09-25 06:34:02,508 [pool-97-thread-1] INFO  server.RaftServerConfigKeys (ConfUtils.java:logGet(43)) - raft.server.snapshot.retention.num.files = 5 (custom)
2019-09-25 06:34:02,508 [pool-97-thread-1] INFO  server.RaftServerConfigKeys (ConfUtils.java:logGet(43)) - raft.server.retrycache.expirytime = 600000ms (custom)
2019-09-25 06:34:02,510 [pool-97-thread-1] INFO  impl.RaftServerImpl (RaftServerImpl.java:start(185)) - ceffdcde-d41f-4c1b-8c84-bdffc4697707@group-F03F79E7435B: start as a follower, conf=-1: [ceffdcde-d41f-4c1b-8c84-bdffc4697707:192.168.164.207:44173], old=null
2019-09-25 06:34:02,510 [pool-97-thread-1] INFO  impl.RaftServerImpl (RaftServerImpl.java:setRole(174)) - ceffdcde-d41f-4c1b-8c84-bdffc4697707@group-F03F79E7435B: changes role from      null to FOLLOWER at term 0 for startAsFollower
2019-09-25 06:34:02,510 [pool-97-thread-1] INFO  impl.RoleInfo (RoleInfo.java:updateAndGet(143)) - ceffdcde-d41f-4c1b-8c84-bdffc4697707: start FollowerState
2019-09-25 06:34:02,510 [pool-97-thread-1] INFO  util.JmxRegister (JmxRegister.java:tryRegister(44)) - Successfully registered JMX Bean with object name Ratis:service=RaftServer,group=group-F03F79E7435B,id=ceffdcde-d41f-4c1b-8c84-bdffc4697707
2019-09-25 06:34:02,513 [RatisPipelineUtilsThread] INFO  pipeline.PipelineStateManager (PipelineStateManager.java:addPipeline(56)) - Created pipeline Pipeline[ Id: 4b056994-e344-450a-b740-f03f79e7435b, Nodes: ceffdcde-d41f-4c1b-8c84-bdffc4697707{ip: 192.168.164.207, host: pr-hdds-1569-s44lr-3492059363, networkLocation: /default-rack, certSerialId: null}, Type:RATIS, Factor:ONE, State:OPEN]
2019-09-25 06:34:02,513 [RatisPipelineUtilsThread] INFO  pipeline.PipelinePlacementPolicy (PipelinePlacementPolicy.java:meetCriteria(91)) - Pipeline Placement: can't place more pipeline on heavy datanode： 81f06f72-72c9-4329-855f-4bc73f7e5da2 Heaviness: 6 limit: 5
2019-09-25 06:34:02,514 [RatisPipelineUtilsThread] INFO  pipeline.PipelinePlacementPolicy (PipelinePlacementPolicy.java:meetCriteria(91)) - Pipeline Placement: can't place more pipeline on heavy datanode： f9a1adb5-ac95-4f8b-8632-8bfce9a5ce16 Heaviness: 6 limit: 5
2019-09-25 06:34:02,514 [RatisPipelineUtilsThread] INFO  pipeline.PipelinePlacementPolicy (PipelinePlacementPolicy.java:meetCriteria(91)) - Pipeline Placement: can't place more pipeline on heavy datanode： 59047a66-3178-4e61-9c82-892aa22a5b81 Heaviness: 6 limit: 5
2019-09-25 06:34:02,519 [grpc-default-executor-0] INFO  impl.RaftServerProxy (RaftServerProxy.java:addNew(89)) - f64f24cc-0a31-403c-8370-70bfbc60f804: addNew group-823433BFA536:[f64f24cc-0a31-403c-8370-70bfbc60f804:192.168.164.207:40060] returns group-823433BFA536:java.util.concurrent.CompletableFuture@461dc5f4[Not completed]
2019-09-25 06:34:02,520 [pool-57-thread-1] INFO  impl.RaftServerImpl (RaftServerImpl.java:<init>(95)) - f64f24cc-0a31-403c-8370-70bfbc60f804: new RaftServerImpl for group-823433BFA536:[f64f24cc-0a31-403c-8370-70bfbc60f804:192.168.164.207:40060] with ContainerStateMachine:uninitialized
2019-09-25 06:34:02,521 [pool-57-thread-1] INFO  server.RaftServerConfigKeys (ConfUtils.java:logGet(43)) - raft.server.rpc.timeout.min = 5s (custom)
2019-09-25 06:34:02,521 [pool-57-thread-1] INFO  server.RaftServerConfigKeys (ConfUtils.java:logGet(43)) - raft.server.rpc.timeout.max = 5200ms (custom)
2019-09-25 06:34:02,521 [pool-57-thread-1] INFO  server.RaftServerConfigKeys (ConfUtils.java:logGet(43)) - raft.server.rpcslowness.timeout = 120s (custom)
2019-09-25 06:34:02,521 [pool-57-thread-1] INFO  server.RaftServerConfigKeys (ConfUtils.java:logGet(43)) - raft.server.sleep.deviation.threshold = 300 (default)
2019-09-25 06:34:02,521 [pool-57-thread-1] INFO  server.RaftServerConfigKeys (ConfUtils.java:logGet(43)) - raft.server.log.appender.install.snapshot.enabled = false (custom)
2019-09-25 06:34:02,521 [pool-57-thread-1] INFO  impl.RaftServerImpl (ServerState.java:<init>(103)) - f64f24cc-0a31-403c-8370-70bfbc60f804@group-823433BFA536: ConfigurationManager, init=-1: [f64f24cc-0a31-403c-8370-70bfbc60f804:192.168.164.207:40060], old=null, confs=<EMPTY_MAP>
2019-09-25 06:34:02,521 [pool-57-thread-1] INFO  server.RaftServerConfigKeys (ConfUtils.java:logGet(43)) - raft.server.storage.dir = [/workdir/hadoop-ozone/ozonefs/target/test-dir/MiniOzoneClusterImpl-d97e1daa-6e0c-4900-b1c9-997de4e3459a/datanode-3/data/ratis] (custom)
2019-09-25 06:34:02,522 [pool-57-thread-1] INFO  storage.RaftStorageDirectory (RaftStorageDirectory.java:analyzeStorage(246)) - The storage directory /workdir/hadoop-ozone/ozonefs/target/test-dir/MiniOzoneClusterImpl-d97e1daa-6e0c-4900-b1c9-997de4e3459a/datanode-3/data/ratis/2a38d5f8-e155-44d3-bc58-823433bfa536 does not exist. Creating ...
2019-09-25 06:34:02,535 [pool-57-thread-1] INFO  storage.RaftStorageDirectory (RaftStorageDirectory.java:tryLock(328)) - Lock on /workdir/hadoop-ozone/ozonefs/target/test-dir/MiniOzoneClusterImpl-d97e1daa-6e0c-4900-b1c9-997de4e3459a/datanode-3/data/ratis/2a38d5f8-e155-44d3-bc58-823433bfa536/in_use.lock acquired by nodename 9063@pr-hdds-1569-s44lr-3492059363
2019-09-25 06:34:02,548 [pool-57-thread-1] INFO  storage.RaftStorage (RaftStorage.java:format(72)) - Storage directory /workdir/hadoop-ozone/ozonefs/target/test-dir/MiniOzoneClusterImpl-d97e1daa-6e0c-4900-b1c9-997de4e3459a/datanode-3/data/ratis/2a38d5f8-e155-44d3-bc58-823433bfa536 has been successfully formatted.
2019-09-25 06:34:02,548 [pool-57-thread-1] INFO  ratis.ContainerStateMachine (ContainerStateMachine.java:loadSnapshot(230)) - group-823433BFA536: The snapshot info is null. Setting the last applied indexto:(t:0, i:~)
2019-09-25 06:34:02,548 [pool-57-thread-1] INFO  server.RaftServerConfigKeys (ConfUtils.java:logGet(43)) - raft.server.notification.no-leader.timeout = 120s (custom)
2019-09-25 06:34:02,548 [pool-57-thread-1] INFO  server.RaftServerConfigKeys (ConfUtils.java:logGet(43)) - raft.server.log.use.memory = false (default)
2019-09-25 06:34:02,548 [pool-57-thread-1] INFO  server.RaftServerConfigKeys (ConfUtils.java:logGet(43)) - raft.server.log.purge.gap = 1000000 (custom)
2019-09-25 06:34:02,548 [pool-57-thread-1] INFO  server.RaftServerConfigKeys (ConfUtils.java:logGet(43)) - raft.server.log.appender.buffer.byte-limit = 33554432 (custom)
2019-09-25 06:34:02,549 [pool-57-thread-1] INFO  server.RaftServerConfigKeys (ConfUtils.java:logGet(43)) - raft.server.log.segment.size.max = 1048576 (custom)
2019-09-25 06:34:02,549 [pool-57-thread-1] INFO  server.RaftServerConfigKeys (ConfUtils.java:logGet(43)) - raft.server.log.segment.cache.num.max = 2 (custom)
2019-09-25 06:34:02,549 [pool-57-thread-1] INFO  segmented.SegmentedRaftLogWorker (SegmentedRaftLogWorker.java:<init>(172)) - new f64f24cc-0a31-403c-8370-70bfbc60f804@group-823433BFA536-SegmentedRaftLogWorker for RaftStorage:Storage Directory /workdir/hadoop-ozone/ozonefs/target/test-dir/MiniOzoneClusterImpl-d97e1daa-6e0c-4900-b1c9-997de4e3459a/datanode-3/data/ratis/2a38d5f8-e155-44d3-bc58-823433bfa536
2019-09-25 06:34:02,549 [pool-57-thread-1] INFO  server.RaftServerConfigKeys (ConfUtils.java:logGet(43)) - raft.server.log.queue.byte-limit = 2147483647 (custom)
2019-09-25 06:34:02,549 [pool-57-thread-1] INFO  server.RaftServerConfigKeys (ConfUtils.java:logGet(43)) - raft.server.log.queue.element-limit = 1024 (custom)
2019-09-25 06:34:02,549 [pool-57-thread-1] INFO  server.RaftServerConfigKeys (ConfUtils.java:logGet(43)) - raft.server.log.segment.size.max = 1048576 (custom)
2019-09-25 06:34:02,549 [pool-57-thread-1] INFO  server.RaftServerConfigKeys (ConfUtils.java:logGet(43)) - raft.server.log.preallocated.size = 16384 (custom)
2019-09-25 06:34:02,549 [pool-57-thread-1] INFO  server.RaftServerConfigKeys (ConfUtils.java:logGet(43)) - raft.server.log.write.buffer.size = 33554432 (custom)
2019-09-25 06:34:02,550 [pool-57-thread-1] INFO  server.RaftServerConfigKeys (ConfUtils.java:logGet(43)) - raft.server.log.force.sync.num = 128 (default)
2019-09-25 06:34:02,550 [pool-57-thread-1] INFO  server.RaftServerConfigKeys (ConfUtils.java:logGet(43)) - raft.server.log.statemachine.data.sync = true (default)
2019-09-25 06:34:02,550 [pool-57-thread-1] INFO  server.RaftServerConfigKeys (ConfUtils.java:logGet(43)) - raft.server.log.statemachine.data.sync.timeout = 10s (default)
2019-09-25 06:34:02,550 [pool-57-thread-1] INFO  server.RaftServerConfigKeys (ConfUtils.java:logGet(43)) - raft.server.log.statemachine.data.sync.timeout.retry = -1 (default)
2019-09-25 06:34:02,550 [pool-57-thread-1] INFO  server.RaftServerConfigKeys (ConfUtils.java:logGet(43)) - raft.server.log.statemachine.data.caching.enabled = true (custom)
2019-09-25 06:34:02,550 [pool-57-thread-1] INFO  segmented.SegmentedRaftLogWorker (SegmentedRaftLogWorker.java:lambda$new$0(132)) - f64f24cc-0a31-403c-8370-70bfbc60f804@group-823433BFA536-SegmentedRaftLogWorker: flushIndex: setUnconditionally 0 -> -1
2019-09-25 06:34:02,551 [pool-57-thread-1] INFO  server.RaftServerConfigKeys (ConfUtils.java:logGet(43)) - raft.server.snapshot.auto.trigger.enabled = true (custom)
2019-09-25 06:34:02,551 [pool-57-thread-1] INFO  server.RaftServerConfigKeys (ConfUtils.java:logGet(43)) - raft.server.snapshot.auto.trigger.threshold = 10000 (custom)
2019-09-25 06:34:02,551 [pool-57-thread-1] INFO  server.RaftServerConfigKeys (ConfUtils.java:logGet(43)) - raft.server.snapshot.retention.num.files = 5 (custom)
2019-09-25 06:34:02,551 [pool-57-thread-1] INFO  server.RaftServerConfigKeys (ConfUtils.java:logGet(43)) - raft.server.retrycache.expirytime = 600000ms (custom)
2019-09-25 06:34:02,553 [pool-57-thread-1] INFO  impl.RaftServerImpl (RaftServerImpl.java:start(185)) - f64f24cc-0a31-403c-8370-70bfbc60f804@group-823433BFA536: start as a follower, conf=-1: [f64f24cc-0a31-403c-8370-70bfbc60f804:192.168.164.207:40060], old=null
2019-09-25 06:34:02,553 [pool-57-thread-1] INFO  impl.RaftServerImpl (RaftServerImpl.java:setRole(174)) - f64f24cc-0a31-403c-8370-70bfbc60f804@group-823433BFA536: changes role from      null to FOLLOWER at term 0 for startAsFollower
2019-09-25 06:34:02,553 [pool-57-thread-1] INFO  impl.RoleInfo (RoleInfo.java:updateAndGet(143)) - f64f24cc-0a31-403c-8370-70bfbc60f804: start FollowerState
2019-09-25 06:34:02,554 [pool-57-thread-1] INFO  util.JmxRegister (JmxRegister.java:tryRegister(44)) - Successfully registered JMX Bean with object name Ratis:service=RaftServer,group=group-823433BFA536,id=f64f24cc-0a31-403c-8370-70bfbc60f804
2019-09-25 06:34:02,556 [RatisPipelineUtilsThread] INFO  pipeline.PipelineStateManager (PipelineStateManager.java:addPipeline(56)) - Created pipeline Pipeline[ Id: 2a38d5f8-e155-44d3-bc58-823433bfa536, Nodes: f64f24cc-0a31-403c-8370-70bfbc60f804{ip: 192.168.164.207, host: pr-hdds-1569-s44lr-3492059363, networkLocation: /default-rack, certSerialId: null}, Type:RATIS, Factor:ONE, State:OPEN]
2019-09-25 06:34:02,556 [RatisPipelineUtilsThread] INFO  pipeline.PipelinePlacementPolicy (PipelinePlacementPolicy.java:meetCriteria(91)) - Pipeline Placement: can't place more pipeline on heavy datanode： 81f06f72-72c9-4329-855f-4bc73f7e5da2 Heaviness: 6 limit: 5
2019-09-25 06:34:02,557 [RatisPipelineUtilsThread] INFO  pipeline.PipelinePlacementPolicy (PipelinePlacementPolicy.java:meetCriteria(91)) - Pipeline Placement: can't place more pipeline on heavy datanode： f9a1adb5-ac95-4f8b-8632-8bfce9a5ce16 Heaviness: 6 limit: 5
2019-09-25 06:34:02,557 [RatisPipelineUtilsThread] INFO  pipeline.PipelinePlacementPolicy (PipelinePlacementPolicy.java:meetCriteria(91)) - Pipeline Placement: can't place more pipeline on heavy datanode： 59047a66-3178-4e61-9c82-892aa22a5b81 Heaviness: 6 limit: 5
2019-09-25 06:34:02,562 [grpc-default-executor-0] INFO  impl.RaftServerProxy (RaftServerProxy.java:addNew(89)) - ceffdcde-d41f-4c1b-8c84-bdffc4697707: addNew group-D7AAA7D520A0:[ceffdcde-d41f-4c1b-8c84-bdffc4697707:192.168.164.207:44173] returns group-D7AAA7D520A0:java.util.concurrent.CompletableFuture@5a485fba[Not completed]
2019-09-25 06:34:02,563 [pool-97-thread-1] INFO  impl.RaftServerImpl (RaftServerImpl.java:<init>(95)) - ceffdcde-d41f-4c1b-8c84-bdffc4697707: new RaftServerImpl for group-D7AAA7D520A0:[ceffdcde-d41f-4c1b-8c84-bdffc4697707:192.168.164.207:44173] with ContainerStateMachine:uninitialized
2019-09-25 06:34:02,563 [pool-97-thread-1] INFO  server.RaftServerConfigKeys (ConfUtils.java:logGet(43)) - raft.server.rpc.timeout.min = 5s (custom)
2019-09-25 06:34:02,563 [pool-97-thread-1] INFO  server.RaftServerConfigKeys (ConfUtils.java:logGet(43)) - raft.server.rpc.timeout.max = 5200ms (custom)
2019-09-25 06:34:02,563 [pool-97-thread-1] INFO  server.RaftServerConfigKeys (ConfUtils.java:logGet(43)) - raft.server.rpcslowness.timeout = 120s (custom)
2019-09-25 06:34:02,563 [pool-97-thread-1] INFO  server.RaftServerConfigKeys (ConfUtils.java:logGet(43)) - raft.server.sleep.deviation.threshold = 300 (default)
2019-09-25 06:34:02,563 [pool-97-thread-1] INFO  server.RaftServerConfigKeys (ConfUtils.java:logGet(43)) - raft.server.log.appender.install.snapshot.enabled = false (custom)
2019-09-25 06:34:02,563 [pool-97-thread-1] INFO  impl.RaftServerImpl (ServerState.java:<init>(103)) - ceffdcde-d41f-4c1b-8c84-bdffc4697707@group-D7AAA7D520A0: ConfigurationManager, init=-1: [ceffdcde-d41f-4c1b-8c84-bdffc4697707:192.168.164.207:44173], old=null, confs=<EMPTY_MAP>
2019-09-25 06:34:02,563 [pool-97-thread-1] INFO  server.RaftServerConfigKeys (ConfUtils.java:logGet(43)) - raft.server.storage.dir = [/workdir/hadoop-ozone/ozonefs/target/test-dir/MiniOzoneClusterImpl-d97e1daa-6e0c-4900-b1c9-997de4e3459a/datanode-7/data/ratis] (custom)
2019-09-25 06:34:02,563 [pool-97-thread-1] INFO  storage.RaftStorageDirectory (RaftStorageDirectory.java:analyzeStorage(246)) - The storage directory /workdir/hadoop-ozone/ozonefs/target/test-dir/MiniOzoneClusterImpl-d97e1daa-6e0c-4900-b1c9-997de4e3459a/datanode-7/data/ratis/cab055cf-a31b-4000-bda4-d7aaa7d520a0 does not exist. Creating ...
2019-09-25 06:34:02,576 [pool-97-thread-1] INFO  storage.RaftStorageDirectory (RaftStorageDirectory.java:tryLock(328)) - Lock on /workdir/hadoop-ozone/ozonefs/target/test-dir/MiniOzoneClusterImpl-d97e1daa-6e0c-4900-b1c9-997de4e3459a/datanode-7/data/ratis/cab055cf-a31b-4000-bda4-d7aaa7d520a0/in_use.lock acquired by nodename 9063@pr-hdds-1569-s44lr-3492059363
2019-09-25 06:34:02,589 [pool-97-thread-1] INFO  storage.RaftStorage (RaftStorage.java:format(72)) - Storage directory /workdir/hadoop-ozone/ozonefs/target/test-dir/MiniOzoneClusterImpl-d97e1daa-6e0c-4900-b1c9-997de4e3459a/datanode-7/data/ratis/cab055cf-a31b-4000-bda4-d7aaa7d520a0 has been successfully formatted.
2019-09-25 06:34:02,589 [pool-97-thread-1] INFO  ratis.ContainerStateMachine (ContainerStateMachine.java:loadSnapshot(230)) - group-D7AAA7D520A0: The snapshot info is null. Setting the last applied indexto:(t:0, i:~)
2019-09-25 06:34:02,589 [pool-97-thread-1] INFO  server.RaftServerConfigKeys (ConfUtils.java:logGet(43)) - raft.server.notification.no-leader.timeout = 120s (custom)
2019-09-25 06:34:02,590 [pool-97-thread-1] INFO  server.RaftServerConfigKeys (ConfUtils.java:logGet(43)) - raft.server.log.use.memory = false (default)
2019-09-25 06:34:02,590 [pool-97-thread-1] INFO  server.RaftServerConfigKeys (ConfUtils.java:logGet(43)) - raft.server.log.purge.gap = 1000000 (custom)
2019-09-25 06:34:02,590 [pool-97-thread-1] INFO  server.RaftServerConfigKeys (ConfUtils.java:logGet(43)) - raft.server.log.appender.buffer.byte-limit = 33554432 (custom)
2019-09-25 06:34:02,590 [pool-97-thread-1] INFO  server.RaftServerConfigKeys (ConfUtils.java:logGet(43)) - raft.server.log.segment.size.max = 1048576 (custom)
2019-09-25 06:34:02,590 [pool-97-thread-1] INFO  server.RaftServerConfigKeys (ConfUtils.java:logGet(43)) - raft.server.log.segment.cache.num.max = 2 (custom)
2019-09-25 06:34:02,590 [pool-97-thread-1] INFO  segmented.SegmentedRaftLogWorker (SegmentedRaftLogWorker.java:<init>(172)) - new ceffdcde-d41f-4c1b-8c84-bdffc4697707@group-D7AAA7D520A0-SegmentedRaftLogWorker for RaftStorage:Storage Directory /workdir/hadoop-ozone/ozonefs/target/test-dir/MiniOzoneClusterImpl-d97e1daa-6e0c-4900-b1c9-997de4e3459a/datanode-7/data/ratis/cab055cf-a31b-4000-bda4-d7aaa7d520a0
2019-09-25 06:34:02,590 [pool-97-thread-1] INFO  server.RaftServerConfigKeys (ConfUtils.java:logGet(43)) - raft.server.log.queue.byte-limit = 2147483647 (custom)
2019-09-25 06:34:02,590 [pool-97-thread-1] INFO  server.RaftServerConfigKeys (ConfUtils.java:logGet(43)) - raft.server.log.queue.element-limit = 1024 (custom)
2019-09-25 06:34:02,590 [pool-97-thread-1] INFO  server.RaftServerConfigKeys (ConfUtils.java:logGet(43)) - raft.server.log.segment.size.max = 1048576 (custom)
2019-09-25 06:34:02,590 [pool-97-thread-1] INFO  server.RaftServerConfigKeys (ConfUtils.java:logGet(43)) - raft.server.log.preallocated.size = 16384 (custom)
2019-09-25 06:34:02,590 [pool-97-thread-1] INFO  server.RaftServerConfigKeys (ConfUtils.java:logGet(43)) - raft.server.log.write.buffer.size = 33554432 (custom)
2019-09-25 06:34:02,591 [pool-97-thread-1] INFO  server.RaftServerConfigKeys (ConfUtils.java:logGet(43)) - raft.server.log.force.sync.num = 128 (default)
2019-09-25 06:34:02,591 [pool-97-thread-1] INFO  server.RaftServerConfigKeys (ConfUtils.java:logGet(43)) - raft.server.log.statemachine.data.sync = true (default)
2019-09-25 06:34:02,591 [pool-97-thread-1] INFO  server.RaftServerConfigKeys (ConfUtils.java:logGet(43)) - raft.server.log.statemachine.data.sync.timeout = 10s (default)
2019-09-25 06:34:02,591 [pool-97-thread-1] INFO  server.RaftServerConfigKeys (ConfUtils.java:logGet(43)) - raft.server.log.statemachine.data.sync.timeout.retry = -1 (default)
2019-09-25 06:34:02,591 [pool-97-thread-1] INFO  server.RaftServerConfigKeys (ConfUtils.java:logGet(43)) - raft.server.log.statemachine.data.caching.enabled = true (custom)
2019-09-25 06:34:02,591 [pool-97-thread-1] INFO  segmented.SegmentedRaftLogWorker (SegmentedRaftLogWorker.java:lambda$new$0(132)) - ceffdcde-d41f-4c1b-8c84-bdffc4697707@group-D7AAA7D520A0-SegmentedRaftLogWorker: flushIndex: setUnconditionally 0 -> -1
2019-09-25 06:34:02,591 [pool-97-thread-1] INFO  server.RaftServerConfigKeys (ConfUtils.java:logGet(43)) - raft.server.snapshot.auto.trigger.enabled = true (custom)
2019-09-25 06:34:02,592 [pool-97-thread-1] INFO  server.RaftServerConfigKeys (ConfUtils.java:logGet(43)) - raft.server.snapshot.auto.trigger.threshold = 10000 (custom)
2019-09-25 06:34:02,592 [pool-97-thread-1] INFO  server.RaftServerConfigKeys (ConfUtils.java:logGet(43)) - raft.server.snapshot.retention.num.files = 5 (custom)
2019-09-25 06:34:02,592 [pool-97-thread-1] INFO  server.RaftServerConfigKeys (ConfUtils.java:logGet(43)) - raft.server.retrycache.expirytime = 600000ms (custom)
2019-09-25 06:34:02,593 [pool-97-thread-1] INFO  impl.RaftServerImpl (RaftServerImpl.java:start(185)) - ceffdcde-d41f-4c1b-8c84-bdffc4697707@group-D7AAA7D520A0: start as a follower, conf=-1: [ceffdcde-d41f-4c1b-8c84-bdffc4697707:192.168.164.207:44173], old=null
2019-09-25 06:34:02,593 [pool-97-thread-1] INFO  impl.RaftServerImpl (RaftServerImpl.java:setRole(174)) - ceffdcde-d41f-4c1b-8c84-bdffc4697707@group-D7AAA7D520A0: changes role from      null to FOLLOWER at term 0 for startAsFollower
2019-09-25 06:34:02,594 [pool-97-thread-1] INFO  impl.RoleInfo (RoleInfo.java:updateAndGet(143)) - ceffdcde-d41f-4c1b-8c84-bdffc4697707: start FollowerState
2019-09-25 06:34:02,594 [pool-97-thread-1] INFO  util.JmxRegister (JmxRegister.java:tryRegister(44)) - Successfully registered JMX Bean with object name Ratis:service=RaftServer,group=group-D7AAA7D520A0,id=ceffdcde-d41f-4c1b-8c84-bdffc4697707
2019-09-25 06:34:02,596 [RatisPipelineUtilsThread] INFO  pipeline.PipelineStateManager (PipelineStateManager.java:addPipeline(56)) - Created pipeline Pipeline[ Id: cab055cf-a31b-4000-bda4-d7aaa7d520a0, Nodes: ceffdcde-d41f-4c1b-8c84-bdffc4697707{ip: 192.168.164.207, host: pr-hdds-1569-s44lr-3492059363, networkLocation: /default-rack, certSerialId: null}, Type:RATIS, Factor:ONE, State:OPEN]
2019-09-25 06:34:02,596 [RatisPipelineUtilsThread] INFO  pipeline.PipelinePlacementPolicy (PipelinePlacementPolicy.java:meetCriteria(91)) - Pipeline Placement: can't place more pipeline on heavy datanode： 81f06f72-72c9-4329-855f-4bc73f7e5da2 Heaviness: 6 limit: 5
2019-09-25 06:34:02,596 [RatisPipelineUtilsThread] INFO  pipeline.PipelinePlacementPolicy (PipelinePlacementPolicy.java:meetCriteria(91)) - Pipeline Placement: can't place more pipeline on heavy datanode： f9a1adb5-ac95-4f8b-8632-8bfce9a5ce16 Heaviness: 6 limit: 5
2019-09-25 06:34:02,596 [RatisPipelineUtilsThread] INFO  pipeline.PipelinePlacementPolicy (PipelinePlacementPolicy.java:meetCriteria(91)) - Pipeline Placement: can't place more pipeline on heavy datanode： 59047a66-3178-4e61-9c82-892aa22a5b81 Heaviness: 6 limit: 5
2019-09-25 06:34:02,601 [grpc-default-executor-0] INFO  impl.RaftServerProxy (RaftServerProxy.java:addNew(89)) - f64f24cc-0a31-403c-8370-70bfbc60f804: addNew group-7DC2977C5F4D:[f64f24cc-0a31-403c-8370-70bfbc60f804:192.168.164.207:40060] returns group-7DC2977C5F4D:java.util.concurrent.CompletableFuture@c5a02c4[Not completed]
2019-09-25 06:34:02,602 [pool-57-thread-1] INFO  impl.RaftServerImpl (RaftServerImpl.java:<init>(95)) - f64f24cc-0a31-403c-8370-70bfbc60f804: new RaftServerImpl for group-7DC2977C5F4D:[f64f24cc-0a31-403c-8370-70bfbc60f804:192.168.164.207:40060] with ContainerStateMachine:uninitialized
2019-09-25 06:34:02,602 [pool-57-thread-1] INFO  server.RaftServerConfigKeys (ConfUtils.java:logGet(43)) - raft.server.rpc.timeout.min = 5s (custom)
2019-09-25 06:34:02,602 [pool-57-thread-1] INFO  server.RaftServerConfigKeys (ConfUtils.java:logGet(43)) - raft.server.rpc.timeout.max = 5200ms (custom)
2019-09-25 06:34:02,603 [pool-57-thread-1] INFO  server.RaftServerConfigKeys (ConfUtils.java:logGet(43)) - raft.server.rpcslowness.timeout = 120s (custom)
2019-09-25 06:34:02,603 [pool-57-thread-1] INFO  server.RaftServerConfigKeys (ConfUtils.java:logGet(43)) - raft.server.sleep.deviation.threshold = 300 (default)
2019-09-25 06:34:02,603 [pool-57-thread-1] INFO  server.RaftServerConfigKeys (ConfUtils.java:logGet(43)) - raft.server.log.appender.install.snapshot.enabled = false (custom)
2019-09-25 06:34:02,603 [pool-57-thread-1] INFO  impl.RaftServerImpl (ServerState.java:<init>(103)) - f64f24cc-0a31-403c-8370-70bfbc60f804@group-7DC2977C5F4D: ConfigurationManager, init=-1: [f64f24cc-0a31-403c-8370-70bfbc60f804:192.168.164.207:40060], old=null, confs=<EMPTY_MAP>
2019-09-25 06:34:02,603 [pool-57-thread-1] INFO  server.RaftServerConfigKeys (ConfUtils.java:logGet(43)) - raft.server.storage.dir = [/workdir/hadoop-ozone/ozonefs/target/test-dir/MiniOzoneClusterImpl-d97e1daa-6e0c-4900-b1c9-997de4e3459a/datanode-3/data/ratis] (custom)
2019-09-25 06:34:02,603 [pool-57-thread-1] INFO  storage.RaftStorageDirectory (RaftStorageDirectory.java:analyzeStorage(246)) - The storage directory /workdir/hadoop-ozone/ozonefs/target/test-dir/MiniOzoneClusterImpl-d97e1daa-6e0c-4900-b1c9-997de4e3459a/datanode-3/data/ratis/8a253e93-0588-4f36-892e-7dc2977c5f4d does not exist. Creating ...
2019-09-25 06:34:02,616 [pool-57-thread-1] INFO  storage.RaftStorageDirectory (RaftStorageDirectory.java:tryLock(328)) - Lock on /workdir/hadoop-ozone/ozonefs/target/test-dir/MiniOzoneClusterImpl-d97e1daa-6e0c-4900-b1c9-997de4e3459a/datanode-3/data/ratis/8a253e93-0588-4f36-892e-7dc2977c5f4d/in_use.lock acquired by nodename 9063@pr-hdds-1569-s44lr-3492059363
2019-09-25 06:34:02,629 [pool-57-thread-1] INFO  storage.RaftStorage (RaftStorage.java:format(72)) - Storage directory /workdir/hadoop-ozone/ozonefs/target/test-dir/MiniOzoneClusterImpl-d97e1daa-6e0c-4900-b1c9-997de4e3459a/datanode-3/data/ratis/8a253e93-0588-4f36-892e-7dc2977c5f4d has been successfully formatted.
2019-09-25 06:34:02,629 [pool-57-thread-1] INFO  ratis.ContainerStateMachine (ContainerStateMachine.java:loadSnapshot(230)) - group-7DC2977C5F4D: The snapshot info is null. Setting the last applied indexto:(t:0, i:~)
2019-09-25 06:34:02,629 [pool-57-thread-1] INFO  server.RaftServerConfigKeys (ConfUtils.java:logGet(43)) - raft.server.notification.no-leader.timeout = 120s (custom)
2019-09-25 06:34:02,629 [pool-57-thread-1] INFO  server.RaftServerConfigKeys (ConfUtils.java:logGet(43)) - raft.server.log.use.memory = false (default)
2019-09-25 06:34:02,630 [pool-57-thread-1] INFO  server.RaftServerConfigKeys (ConfUtils.java:logGet(43)) - raft.server.log.purge.gap = 1000000 (custom)
2019-09-25 06:34:02,630 [pool-57-thread-1] INFO  server.RaftServerConfigKeys (ConfUtils.java:logGet(43)) - raft.server.log.appender.buffer.byte-limit = 33554432 (custom)
2019-09-25 06:34:02,630 [pool-57-thread-1] INFO  server.RaftServerConfigKeys (ConfUtils.java:logGet(43)) - raft.server.log.segment.size.max = 1048576 (custom)
2019-09-25 06:34:02,630 [pool-57-thread-1] INFO  server.RaftServerConfigKeys (ConfUtils.java:logGet(43)) - raft.server.log.segment.cache.num.max = 2 (custom)
2019-09-25 06:34:02,630 [pool-57-thread-1] INFO  segmented.SegmentedRaftLogWorker (SegmentedRaftLogWorker.java:<init>(172)) - new f64f24cc-0a31-403c-8370-70bfbc60f804@group-7DC2977C5F4D-SegmentedRaftLogWorker for RaftStorage:Storage Directory /workdir/hadoop-ozone/ozonefs/target/test-dir/MiniOzoneClusterImpl-d97e1daa-6e0c-4900-b1c9-997de4e3459a/datanode-3/data/ratis/8a253e93-0588-4f36-892e-7dc2977c5f4d
2019-09-25 06:34:02,630 [pool-57-thread-1] INFO  server.RaftServerConfigKeys (ConfUtils.java:logGet(43)) - raft.server.log.queue.byte-limit = 2147483647 (custom)
2019-09-25 06:34:02,630 [pool-57-thread-1] INFO  server.RaftServerConfigKeys (ConfUtils.java:logGet(43)) - raft.server.log.queue.element-limit = 1024 (custom)
2019-09-25 06:34:02,630 [pool-57-thread-1] INFO  server.RaftServerConfigKeys (ConfUtils.java:logGet(43)) - raft.server.log.segment.size.max = 1048576 (custom)
2019-09-25 06:34:02,630 [pool-57-thread-1] INFO  server.RaftServerConfigKeys (ConfUtils.java:logGet(43)) - raft.server.log.preallocated.size = 16384 (custom)
2019-09-25 06:34:02,630 [pool-57-thread-1] INFO  server.RaftServerConfigKeys (ConfUtils.java:logGet(43)) - raft.server.log.write.buffer.size = 33554432 (custom)
2019-09-25 06:34:02,630 [pool-57-thread-1] INFO  server.RaftServerConfigKeys (ConfUtils.java:logGet(43)) - raft.server.log.force.sync.num = 128 (default)
2019-09-25 06:34:02,630 [pool-57-thread-1] INFO  server.RaftServerConfigKeys (ConfUtils.java:logGet(43)) - raft.server.log.statemachine.data.sync = true (default)
2019-09-25 06:34:02,631 [pool-57-thread-1] INFO  server.RaftServerConfigKeys (ConfUtils.java:logGet(43)) - raft.server.log.statemachine.data.sync.timeout = 10s (default)
2019-09-25 06:34:02,631 [pool-57-thread-1] INFO  server.RaftServerConfigKeys (ConfUtils.java:logGet(43)) - raft.server.log.statemachine.data.sync.timeout.retry = -1 (default)
2019-09-25 06:34:02,631 [pool-57-thread-1] INFO  server.RaftServerConfigKeys (ConfUtils.java:logGet(43)) - raft.server.log.statemachine.data.caching.enabled = true (custom)
2019-09-25 06:34:02,631 [pool-57-thread-1] INFO  segmented.SegmentedRaftLogWorker (SegmentedRaftLogWorker.java:lambda$new$0(132)) - f64f24cc-0a31-403c-8370-70bfbc60f804@group-7DC2977C5F4D-SegmentedRaftLogWorker: flushIndex: setUnconditionally 0 -> -1
2019-09-25 06:34:02,631 [pool-57-thread-1] INFO  server.RaftServerConfigKeys (ConfUtils.java:logGet(43)) - raft.server.snapshot.auto.trigger.enabled = true (custom)
2019-09-25 06:34:02,631 [pool-57-thread-1] INFO  server.RaftServerConfigKeys (ConfUtils.java:logGet(43)) - raft.server.snapshot.auto.trigger.threshold = 10000 (custom)
2019-09-25 06:34:02,631 [pool-57-thread-1] INFO  server.RaftServerConfigKeys (ConfUtils.java:logGet(43)) - raft.server.snapshot.retention.num.files = 5 (custom)
2019-09-25 06:34:02,631 [pool-57-thread-1] INFO  server.RaftServerConfigKeys (ConfUtils.java:logGet(43)) - raft.server.retrycache.expirytime = 600000ms (custom)
2019-09-25 06:34:02,633 [pool-57-thread-1] INFO  impl.RaftServerImpl (RaftServerImpl.java:start(185)) - f64f24cc-0a31-403c-8370-70bfbc60f804@group-7DC2977C5F4D: start as a follower, conf=-1: [f64f24cc-0a31-403c-8370-70bfbc60f804:192.168.164.207:40060], old=null
2019-09-25 06:34:02,633 [pool-57-thread-1] INFO  impl.RaftServerImpl (RaftServerImpl.java:setRole(174)) - f64f24cc-0a31-403c-8370-70bfbc60f804@group-7DC2977C5F4D: changes role from      null to FOLLOWER at term 0 for startAsFollower
2019-09-25 06:34:02,633 [pool-57-thread-1] INFO  impl.RoleInfo (RoleInfo.java:updateAndGet(143)) - f64f24cc-0a31-403c-8370-70bfbc60f804: start FollowerState
2019-09-25 06:34:02,633 [pool-57-thread-1] INFO  util.JmxRegister (JmxRegister.java:tryRegister(44)) - Successfully registered JMX Bean with object name Ratis:service=RaftServer,group=group-7DC2977C5F4D,id=f64f24cc-0a31-403c-8370-70bfbc60f804
2019-09-25 06:34:02,636 [RatisPipelineUtilsThread] INFO  pipeline.PipelineStateManager (PipelineStateManager.java:addPipeline(56)) - Created pipeline Pipeline[ Id: 8a253e93-0588-4f36-892e-7dc2977c5f4d, Nodes: f64f24cc-0a31-403c-8370-70bfbc60f804{ip: 192.168.164.207, host: pr-hdds-1569-s44lr-3492059363, networkLocation: /default-rack, certSerialId: null}, Type:RATIS, Factor:ONE, State:OPEN]
2019-09-25 06:34:02,636 [RatisPipelineUtilsThread] INFO  pipeline.PipelinePlacementPolicy (PipelinePlacementPolicy.java:meetCriteria(91)) - Pipeline Placement: can't place more pipeline on heavy datanode： 81f06f72-72c9-4329-855f-4bc73f7e5da2 Heaviness: 6 limit: 5
2019-09-25 06:34:02,636 [RatisPipelineUtilsThread] INFO  pipeline.PipelinePlacementPolicy (PipelinePlacementPolicy.java:meetCriteria(91)) - Pipeline Placement: can't place more pipeline on heavy datanode： f9a1adb5-ac95-4f8b-8632-8bfce9a5ce16 Heaviness: 6 limit: 5
2019-09-25 06:34:02,636 [RatisPipelineUtilsThread] INFO  pipeline.PipelinePlacementPolicy (PipelinePlacementPolicy.java:meetCriteria(91)) - Pipeline Placement: can't place more pipeline on heavy datanode： 59047a66-3178-4e61-9c82-892aa22a5b81 Heaviness: 6 limit: 5
2019-09-25 06:34:02,642 [grpc-default-executor-0] INFO  impl.RaftServerProxy (RaftServerProxy.java:addNew(89)) - ada091b4-9675-42a7-afd4-5850bd9f4e78: addNew group-9754A2FD11DA:[ada091b4-9675-42a7-afd4-5850bd9f4e78:192.168.164.207:35963] returns group-9754A2FD11DA:java.util.concurrent.CompletableFuture@526b0da2[Not completed]
2019-09-25 06:34:02,642 [pool-77-thread-1] INFO  impl.RaftServerImpl (RaftServerImpl.java:<init>(95)) - ada091b4-9675-42a7-afd4-5850bd9f4e78: new RaftServerImpl for group-9754A2FD11DA:[ada091b4-9675-42a7-afd4-5850bd9f4e78:192.168.164.207:35963] with ContainerStateMachine:uninitialized
2019-09-25 06:34:02,642 [pool-77-thread-1] INFO  server.RaftServerConfigKeys (ConfUtils.java:logGet(43)) - raft.server.rpc.timeout.min = 5s (custom)
2019-09-25 06:34:02,643 [pool-77-thread-1] INFO  server.RaftServerConfigKeys (ConfUtils.java:logGet(43)) - raft.server.rpc.timeout.max = 5200ms (custom)
2019-09-25 06:34:02,643 [pool-77-thread-1] INFO  server.RaftServerConfigKeys (ConfUtils.java:logGet(43)) - raft.server.rpcslowness.timeout = 120s (custom)
2019-09-25 06:34:02,643 [pool-77-thread-1] INFO  server.RaftServerConfigKeys (ConfUtils.java:logGet(43)) - raft.server.sleep.deviation.threshold = 300 (default)
2019-09-25 06:34:02,643 [pool-77-thread-1] INFO  server.RaftServerConfigKeys (ConfUtils.java:logGet(43)) - raft.server.log.appender.install.snapshot.enabled = false (custom)
2019-09-25 06:34:02,643 [pool-77-thread-1] INFO  impl.RaftServerImpl (ServerState.java:<init>(103)) - ada091b4-9675-42a7-afd4-5850bd9f4e78@group-9754A2FD11DA: ConfigurationManager, init=-1: [ada091b4-9675-42a7-afd4-5850bd9f4e78:192.168.164.207:35963], old=null, confs=<EMPTY_MAP>
2019-09-25 06:34:02,643 [pool-77-thread-1] INFO  server.RaftServerConfigKeys (ConfUtils.java:logGet(43)) - raft.server.storage.dir = [/workdir/hadoop-ozone/ozonefs/target/test-dir/MiniOzoneClusterImpl-d97e1daa-6e0c-4900-b1c9-997de4e3459a/datanode-5/data/ratis] (custom)
2019-09-25 06:34:02,643 [pool-77-thread-1] INFO  storage.RaftStorageDirectory (RaftStorageDirectory.java:analyzeStorage(246)) - The storage directory /workdir/hadoop-ozone/ozonefs/target/test-dir/MiniOzoneClusterImpl-d97e1daa-6e0c-4900-b1c9-997de4e3459a/datanode-5/data/ratis/3dad7f71-271f-4e5f-b7a7-9754a2fd11da does not exist. Creating ...
2019-09-25 06:34:02,651 [pool-77-thread-1] INFO  storage.RaftStorageDirectory (RaftStorageDirectory.java:tryLock(328)) - Lock on /workdir/hadoop-ozone/ozonefs/target/test-dir/MiniOzoneClusterImpl-d97e1daa-6e0c-4900-b1c9-997de4e3459a/datanode-5/data/ratis/3dad7f71-271f-4e5f-b7a7-9754a2fd11da/in_use.lock acquired by nodename 9063@pr-hdds-1569-s44lr-3492059363
2019-09-25 06:34:02,664 [pool-77-thread-1] INFO  storage.RaftStorage (RaftStorage.java:format(72)) - Storage directory /workdir/hadoop-ozone/ozonefs/target/test-dir/MiniOzoneClusterImpl-d97e1daa-6e0c-4900-b1c9-997de4e3459a/datanode-5/data/ratis/3dad7f71-271f-4e5f-b7a7-9754a2fd11da has been successfully formatted.
2019-09-25 06:34:02,664 [pool-77-thread-1] INFO  ratis.ContainerStateMachine (ContainerStateMachine.java:loadSnapshot(230)) - group-9754A2FD11DA: The snapshot info is null. Setting the last applied indexto:(t:0, i:~)
2019-09-25 06:34:02,664 [pool-77-thread-1] INFO  server.RaftServerConfigKeys (ConfUtils.java:logGet(43)) - raft.server.notification.no-leader.timeout = 120s (custom)
2019-09-25 06:34:02,665 [pool-77-thread-1] INFO  server.RaftServerConfigKeys (ConfUtils.java:logGet(43)) - raft.server.log.use.memory = false (default)
2019-09-25 06:34:02,665 [pool-77-thread-1] INFO  server.RaftServerConfigKeys (ConfUtils.java:logGet(43)) - raft.server.log.purge.gap = 1000000 (custom)
2019-09-25 06:34:02,665 [pool-77-thread-1] INFO  server.RaftServerConfigKeys (ConfUtils.java:logGet(43)) - raft.server.log.appender.buffer.byte-limit = 33554432 (custom)
2019-09-25 06:34:02,665 [pool-77-thread-1] INFO  server.RaftServerConfigKeys (ConfUtils.java:logGet(43)) - raft.server.log.segment.size.max = 1048576 (custom)
2019-09-25 06:34:02,665 [pool-77-thread-1] INFO  server.RaftServerConfigKeys (ConfUtils.java:logGet(43)) - raft.server.log.segment.cache.num.max = 2 (custom)
2019-09-25 06:34:02,665 [pool-77-thread-1] INFO  segmented.SegmentedRaftLogWorker (SegmentedRaftLogWorker.java:<init>(172)) - new ada091b4-9675-42a7-afd4-5850bd9f4e78@group-9754A2FD11DA-SegmentedRaftLogWorker for RaftStorage:Storage Directory /workdir/hadoop-ozone/ozonefs/target/test-dir/MiniOzoneClusterImpl-d97e1daa-6e0c-4900-b1c9-997de4e3459a/datanode-5/data/ratis/3dad7f71-271f-4e5f-b7a7-9754a2fd11da
2019-09-25 06:34:02,665 [pool-77-thread-1] INFO  server.RaftServerConfigKeys (ConfUtils.java:logGet(43)) - raft.server.log.queue.byte-limit = 2147483647 (custom)
2019-09-25 06:34:02,665 [pool-77-thread-1] INFO  server.RaftServerConfigKeys (ConfUtils.java:logGet(43)) - raft.server.log.queue.element-limit = 1024 (custom)
2019-09-25 06:34:02,665 [pool-77-thread-1] INFO  server.RaftServerConfigKeys (ConfUtils.java:logGet(43)) - raft.server.log.segment.size.max = 1048576 (custom)
2019-09-25 06:34:02,665 [pool-77-thread-1] INFO  server.RaftServerConfigKeys (ConfUtils.java:logGet(43)) - raft.server.log.preallocated.size = 16384 (custom)
2019-09-25 06:34:02,666 [pool-77-thread-1] INFO  server.RaftServerConfigKeys (ConfUtils.java:logGet(43)) - raft.server.log.write.buffer.size = 33554432 (custom)
2019-09-25 06:34:02,666 [pool-77-thread-1] INFO  server.RaftServerConfigKeys (ConfUtils.java:logGet(43)) - raft.server.log.force.sync.num = 128 (default)
2019-09-25 06:34:02,666 [pool-77-thread-1] INFO  server.RaftServerConfigKeys (ConfUtils.java:logGet(43)) - raft.server.log.statemachine.data.sync = true (default)
2019-09-25 06:34:02,666 [pool-77-thread-1] INFO  server.RaftServerConfigKeys (ConfUtils.java:logGet(43)) - raft.server.log.statemachine.data.sync.timeout = 10s (default)
2019-09-25 06:34:02,666 [pool-77-thread-1] INFO  server.RaftServerConfigKeys (ConfUtils.java:logGet(43)) - raft.server.log.statemachine.data.sync.timeout.retry = -1 (default)
2019-09-25 06:34:02,666 [pool-77-thread-1] INFO  server.RaftServerConfigKeys (ConfUtils.java:logGet(43)) - raft.server.log.statemachine.data.caching.enabled = true (custom)
2019-09-25 06:34:02,666 [pool-77-thread-1] INFO  segmented.SegmentedRaftLogWorker (SegmentedRaftLogWorker.java:lambda$new$0(132)) - ada091b4-9675-42a7-afd4-5850bd9f4e78@group-9754A2FD11DA-SegmentedRaftLogWorker: flushIndex: setUnconditionally 0 -> -1
2019-09-25 06:34:02,667 [pool-77-thread-1] INFO  server.RaftServerConfigKeys (ConfUtils.java:logGet(43)) - raft.server.snapshot.auto.trigger.enabled = true (custom)
2019-09-25 06:34:02,667 [pool-77-thread-1] INFO  server.RaftServerConfigKeys (ConfUtils.java:logGet(43)) - raft.server.snapshot.auto.trigger.threshold = 10000 (custom)
2019-09-25 06:34:02,667 [pool-77-thread-1] INFO  server.RaftServerConfigKeys (ConfUtils.java:logGet(43)) - raft.server.snapshot.retention.num.files = 5 (custom)
2019-09-25 06:34:02,667 [pool-77-thread-1] INFO  server.RaftServerConfigKeys (ConfUtils.java:logGet(43)) - raft.server.retrycache.expirytime = 600000ms (custom)
2019-09-25 06:34:02,669 [pool-77-thread-1] INFO  impl.RaftServerImpl (RaftServerImpl.java:start(185)) - ada091b4-9675-42a7-afd4-5850bd9f4e78@group-9754A2FD11DA: start as a follower, conf=-1: [ada091b4-9675-42a7-afd4-5850bd9f4e78:192.168.164.207:35963], old=null
2019-09-25 06:34:02,669 [pool-77-thread-1] INFO  impl.RaftServerImpl (RaftServerImpl.java:setRole(174)) - ada091b4-9675-42a7-afd4-5850bd9f4e78@group-9754A2FD11DA: changes role from      null to FOLLOWER at term 0 for startAsFollower
2019-09-25 06:34:02,669 [pool-77-thread-1] INFO  impl.RoleInfo (RoleInfo.java:updateAndGet(143)) - ada091b4-9675-42a7-afd4-5850bd9f4e78: start FollowerState
2019-09-25 06:34:02,669 [pool-77-thread-1] INFO  util.JmxRegister (JmxRegister.java:tryRegister(44)) - Successfully registered JMX Bean with object name Ratis:service=RaftServer,group=group-9754A2FD11DA,id=ada091b4-9675-42a7-afd4-5850bd9f4e78
2019-09-25 06:34:02,671 [RatisPipelineUtilsThread] INFO  pipeline.PipelineStateManager (PipelineStateManager.java:addPipeline(56)) - Created pipeline Pipeline[ Id: 3dad7f71-271f-4e5f-b7a7-9754a2fd11da, Nodes: ada091b4-9675-42a7-afd4-5850bd9f4e78{ip: 192.168.164.207, host: pr-hdds-1569-s44lr-3492059363, networkLocation: /default-rack, certSerialId: null}, Type:RATIS, Factor:ONE, State:OPEN]
2019-09-25 06:34:02,672 [RatisPipelineUtilsThread] INFO  pipeline.PipelinePlacementPolicy (PipelinePlacementPolicy.java:meetCriteria(91)) - Pipeline Placement: can't place more pipeline on heavy datanode： ada091b4-9675-42a7-afd4-5850bd9f4e78 Heaviness: 6 limit: 5
2019-09-25 06:34:02,672 [RatisPipelineUtilsThread] INFO  pipeline.PipelinePlacementPolicy (PipelinePlacementPolicy.java:meetCriteria(91)) - Pipeline Placement: can't place more pipeline on heavy datanode： 81f06f72-72c9-4329-855f-4bc73f7e5da2 Heaviness: 6 limit: 5
2019-09-25 06:34:02,672 [RatisPipelineUtilsThread] INFO  pipeline.PipelinePlacementPolicy (PipelinePlacementPolicy.java:meetCriteria(91)) - Pipeline Placement: can't place more pipeline on heavy datanode： f9a1adb5-ac95-4f8b-8632-8bfce9a5ce16 Heaviness: 6 limit: 5
2019-09-25 06:34:02,672 [RatisPipelineUtilsThread] INFO  pipeline.PipelinePlacementPolicy (PipelinePlacementPolicy.java:meetCriteria(91)) - Pipeline Placement: can't place more pipeline on heavy datanode： 59047a66-3178-4e61-9c82-892aa22a5b81 Heaviness: 6 limit: 5
2019-09-25 06:34:02,677 [grpc-default-executor-0] INFO  impl.RaftServerProxy (RaftServerProxy.java:addNew(89)) - f64f24cc-0a31-403c-8370-70bfbc60f804: addNew group-EAA402B0152C:[f64f24cc-0a31-403c-8370-70bfbc60f804:192.168.164.207:40060] returns group-EAA402B0152C:java.util.concurrent.CompletableFuture@2813107d[Not completed]
2019-09-25 06:34:02,678 [pool-57-thread-1] INFO  impl.RaftServerImpl (RaftServerImpl.java:<init>(95)) - f64f24cc-0a31-403c-8370-70bfbc60f804: new RaftServerImpl for group-EAA402B0152C:[f64f24cc-0a31-403c-8370-70bfbc60f804:192.168.164.207:40060] with ContainerStateMachine:uninitialized
2019-09-25 06:34:02,679 [pool-57-thread-1] INFO  server.RaftServerConfigKeys (ConfUtils.java:logGet(43)) - raft.server.rpc.timeout.min = 5s (custom)
2019-09-25 06:34:02,679 [pool-57-thread-1] INFO  server.RaftServerConfigKeys (ConfUtils.java:logGet(43)) - raft.server.rpc.timeout.max = 5200ms (custom)
2019-09-25 06:34:02,679 [pool-57-thread-1] INFO  server.RaftServerConfigKeys (ConfUtils.java:logGet(43)) - raft.server.rpcslowness.timeout = 120s (custom)
2019-09-25 06:34:02,679 [pool-57-thread-1] INFO  server.RaftServerConfigKeys (ConfUtils.java:logGet(43)) - raft.server.sleep.deviation.threshold = 300 (default)
2019-09-25 06:34:02,679 [pool-57-thread-1] INFO  server.RaftServerConfigKeys (ConfUtils.java:logGet(43)) - raft.server.log.appender.install.snapshot.enabled = false (custom)
2019-09-25 06:34:02,679 [pool-57-thread-1] INFO  impl.RaftServerImpl (ServerState.java:<init>(103)) - f64f24cc-0a31-403c-8370-70bfbc60f804@group-EAA402B0152C: ConfigurationManager, init=-1: [f64f24cc-0a31-403c-8370-70bfbc60f804:192.168.164.207:40060], old=null, confs=<EMPTY_MAP>
2019-09-25 06:34:02,680 [pool-57-thread-1] INFO  server.RaftServerConfigKeys (ConfUtils.java:logGet(43)) - raft.server.storage.dir = [/workdir/hadoop-ozone/ozonefs/target/test-dir/MiniOzoneClusterImpl-d97e1daa-6e0c-4900-b1c9-997de4e3459a/datanode-3/data/ratis] (custom)
2019-09-25 06:34:02,680 [pool-57-thread-1] INFO  storage.RaftStorageDirectory (RaftStorageDirectory.java:analyzeStorage(246)) - The storage directory /workdir/hadoop-ozone/ozonefs/target/test-dir/MiniOzoneClusterImpl-d97e1daa-6e0c-4900-b1c9-997de4e3459a/datanode-3/data/ratis/43adeab8-c81b-4932-b5e5-eaa402b0152c does not exist. Creating ...
2019-09-25 06:34:02,693 [pool-57-thread-1] INFO  storage.RaftStorageDirectory (RaftStorageDirectory.java:tryLock(328)) - Lock on /workdir/hadoop-ozone/ozonefs/target/test-dir/MiniOzoneClusterImpl-d97e1daa-6e0c-4900-b1c9-997de4e3459a/datanode-3/data/ratis/43adeab8-c81b-4932-b5e5-eaa402b0152c/in_use.lock acquired by nodename 9063@pr-hdds-1569-s44lr-3492059363
2019-09-25 06:34:02,707 [pool-57-thread-1] INFO  storage.RaftStorage (RaftStorage.java:format(72)) - Storage directory /workdir/hadoop-ozone/ozonefs/target/test-dir/MiniOzoneClusterImpl-d97e1daa-6e0c-4900-b1c9-997de4e3459a/datanode-3/data/ratis/43adeab8-c81b-4932-b5e5-eaa402b0152c has been successfully formatted.
2019-09-25 06:34:02,707 [pool-57-thread-1] INFO  ratis.ContainerStateMachine (ContainerStateMachine.java:loadSnapshot(230)) - group-EAA402B0152C: The snapshot info is null. Setting the last applied indexto:(t:0, i:~)
2019-09-25 06:34:02,707 [pool-57-thread-1] INFO  server.RaftServerConfigKeys (ConfUtils.java:logGet(43)) - raft.server.notification.no-leader.timeout = 120s (custom)
2019-09-25 06:34:02,707 [pool-57-thread-1] INFO  server.RaftServerConfigKeys (ConfUtils.java:logGet(43)) - raft.server.log.use.memory = false (default)
2019-09-25 06:34:02,708 [pool-57-thread-1] INFO  server.RaftServerConfigKeys (ConfUtils.java:logGet(43)) - raft.server.log.purge.gap = 1000000 (custom)
2019-09-25 06:34:02,708 [pool-57-thread-1] INFO  server.RaftServerConfigKeys (ConfUtils.java:logGet(43)) - raft.server.log.appender.buffer.byte-limit = 33554432 (custom)
2019-09-25 06:34:02,708 [pool-57-thread-1] INFO  server.RaftServerConfigKeys (ConfUtils.java:logGet(43)) - raft.server.log.segment.size.max = 1048576 (custom)
2019-09-25 06:34:02,708 [pool-57-thread-1] INFO  server.RaftServerConfigKeys (ConfUtils.java:logGet(43)) - raft.server.log.segment.cache.num.max = 2 (custom)
2019-09-25 06:34:02,708 [pool-57-thread-1] INFO  segmented.SegmentedRaftLogWorker (SegmentedRaftLogWorker.java:<init>(172)) - new f64f24cc-0a31-403c-8370-70bfbc60f804@group-EAA402B0152C-SegmentedRaftLogWorker for RaftStorage:Storage Directory /workdir/hadoop-ozone/ozonefs/target/test-dir/MiniOzoneClusterImpl-d97e1daa-6e0c-4900-b1c9-997de4e3459a/datanode-3/data/ratis/43adeab8-c81b-4932-b5e5-eaa402b0152c
2019-09-25 06:34:02,708 [pool-57-thread-1] INFO  server.RaftServerConfigKeys (ConfUtils.java:logGet(43)) - raft.server.log.queue.byte-limit = 2147483647 (custom)
2019-09-25 06:34:02,708 [pool-57-thread-1] INFO  server.RaftServerConfigKeys (ConfUtils.java:logGet(43)) - raft.server.log.queue.element-limit = 1024 (custom)
2019-09-25 06:34:02,709 [pool-57-thread-1] INFO  server.RaftServerConfigKeys (ConfUtils.java:logGet(43)) - raft.server.log.segment.size.max = 1048576 (custom)
2019-09-25 06:34:02,709 [pool-57-thread-1] INFO  server.RaftServerConfigKeys (ConfUtils.java:logGet(43)) - raft.server.log.preallocated.size = 16384 (custom)
2019-09-25 06:34:02,709 [pool-57-thread-1] INFO  server.RaftServerConfigKeys (ConfUtils.java:logGet(43)) - raft.server.log.write.buffer.size = 33554432 (custom)
2019-09-25 06:34:02,709 [pool-57-thread-1] INFO  server.RaftServerConfigKeys (ConfUtils.java:logGet(43)) - raft.server.log.force.sync.num = 128 (default)
2019-09-25 06:34:02,709 [pool-57-thread-1] INFO  server.RaftServerConfigKeys (ConfUtils.java:logGet(43)) - raft.server.log.statemachine.data.sync = true (default)
2019-09-25 06:34:02,709 [pool-57-thread-1] INFO  server.RaftServerConfigKeys (ConfUtils.java:logGet(43)) - raft.server.log.statemachine.data.sync.timeout = 10s (default)
2019-09-25 06:34:02,709 [pool-57-thread-1] INFO  server.RaftServerConfigKeys (ConfUtils.java:logGet(43)) - raft.server.log.statemachine.data.sync.timeout.retry = -1 (default)
2019-09-25 06:34:02,710 [pool-57-thread-1] INFO  server.RaftServerConfigKeys (ConfUtils.java:logGet(43)) - raft.server.log.statemachine.data.caching.enabled = true (custom)
2019-09-25 06:34:02,710 [pool-57-thread-1] INFO  segmented.SegmentedRaftLogWorker (SegmentedRaftLogWorker.java:lambda$new$0(132)) - f64f24cc-0a31-403c-8370-70bfbc60f804@group-EAA402B0152C-SegmentedRaftLogWorker: flushIndex: setUnconditionally 0 -> -1
2019-09-25 06:34:02,710 [pool-57-thread-1] INFO  server.RaftServerConfigKeys (ConfUtils.java:logGet(43)) - raft.server.snapshot.auto.trigger.enabled = true (custom)
2019-09-25 06:34:02,711 [pool-57-thread-1] INFO  server.RaftServerConfigKeys (ConfUtils.java:logGet(43)) - raft.server.snapshot.auto.trigger.threshold = 10000 (custom)
2019-09-25 06:34:02,711 [pool-57-thread-1] INFO  server.RaftServerConfigKeys (ConfUtils.java:logGet(43)) - raft.server.snapshot.retention.num.files = 5 (custom)
2019-09-25 06:34:02,711 [pool-57-thread-1] INFO  server.RaftServerConfigKeys (ConfUtils.java:logGet(43)) - raft.server.retrycache.expirytime = 600000ms (custom)
2019-09-25 06:34:02,713 [pool-57-thread-1] INFO  impl.RaftServerImpl (RaftServerImpl.java:start(185)) - f64f24cc-0a31-403c-8370-70bfbc60f804@group-EAA402B0152C: start as a follower, conf=-1: [f64f24cc-0a31-403c-8370-70bfbc60f804:192.168.164.207:40060], old=null
2019-09-25 06:34:02,714 [pool-57-thread-1] INFO  impl.RaftServerImpl (RaftServerImpl.java:setRole(174)) - f64f24cc-0a31-403c-8370-70bfbc60f804@group-EAA402B0152C: changes role from      null to FOLLOWER at term 0 for startAsFollower
2019-09-25 06:34:02,714 [pool-57-thread-1] INFO  impl.RoleInfo (RoleInfo.java:updateAndGet(143)) - f64f24cc-0a31-403c-8370-70bfbc60f804: start FollowerState
2019-09-25 06:34:02,714 [pool-57-thread-1] INFO  util.JmxRegister (JmxRegister.java:tryRegister(44)) - Successfully registered JMX Bean with object name Ratis:service=RaftServer,group=group-EAA402B0152C,id=f64f24cc-0a31-403c-8370-70bfbc60f804
2019-09-25 06:34:02,717 [RatisPipelineUtilsThread] INFO  pipeline.PipelineStateManager (PipelineStateManager.java:addPipeline(56)) - Created pipeline Pipeline[ Id: 43adeab8-c81b-4932-b5e5-eaa402b0152c, Nodes: f64f24cc-0a31-403c-8370-70bfbc60f804{ip: 192.168.164.207, host: pr-hdds-1569-s44lr-3492059363, networkLocation: /default-rack, certSerialId: null}, Type:RATIS, Factor:ONE, State:OPEN]
2019-09-25 06:34:02,717 [RatisPipelineUtilsThread] INFO  pipeline.PipelinePlacementPolicy (PipelinePlacementPolicy.java:meetCriteria(91)) - Pipeline Placement: can't place more pipeline on heavy datanode： ada091b4-9675-42a7-afd4-5850bd9f4e78 Heaviness: 6 limit: 5
2019-09-25 06:34:02,718 [RatisPipelineUtilsThread] INFO  pipeline.PipelinePlacementPolicy (PipelinePlacementPolicy.java:meetCriteria(91)) - Pipeline Placement: can't place more pipeline on heavy datanode： 81f06f72-72c9-4329-855f-4bc73f7e5da2 Heaviness: 6 limit: 5
2019-09-25 06:34:02,718 [RatisPipelineUtilsThread] INFO  pipeline.PipelinePlacementPolicy (PipelinePlacementPolicy.java:meetCriteria(91)) - Pipeline Placement: can't place more pipeline on heavy datanode： f9a1adb5-ac95-4f8b-8632-8bfce9a5ce16 Heaviness: 6 limit: 5
2019-09-25 06:34:02,718 [RatisPipelineUtilsThread] INFO  pipeline.PipelinePlacementPolicy (PipelinePlacementPolicy.java:meetCriteria(91)) - Pipeline Placement: can't place more pipeline on heavy datanode： 59047a66-3178-4e61-9c82-892aa22a5b81 Heaviness: 6 limit: 5
2019-09-25 06:34:02,723 [grpc-default-executor-0] INFO  impl.RaftServerProxy (RaftServerProxy.java:addNew(89)) - ceffdcde-d41f-4c1b-8c84-bdffc4697707: addNew group-FA49097B2DB6:[ceffdcde-d41f-4c1b-8c84-bdffc4697707:192.168.164.207:44173] returns group-FA49097B2DB6:java.util.concurrent.CompletableFuture@59547222[Not completed]
2019-09-25 06:34:02,725 [pool-97-thread-1] INFO  impl.RaftServerImpl (RaftServerImpl.java:<init>(95)) - ceffdcde-d41f-4c1b-8c84-bdffc4697707: new RaftServerImpl for group-FA49097B2DB6:[ceffdcde-d41f-4c1b-8c84-bdffc4697707:192.168.164.207:44173] with ContainerStateMachine:uninitialized
2019-09-25 06:34:02,725 [pool-97-thread-1] INFO  server.RaftServerConfigKeys (ConfUtils.java:logGet(43)) - raft.server.rpc.timeout.min = 5s (custom)
2019-09-25 06:34:02,725 [pool-97-thread-1] INFO  server.RaftServerConfigKeys (ConfUtils.java:logGet(43)) - raft.server.rpc.timeout.max = 5200ms (custom)
2019-09-25 06:34:02,725 [pool-97-thread-1] INFO  server.RaftServerConfigKeys (ConfUtils.java:logGet(43)) - raft.server.rpcslowness.timeout = 120s (custom)
2019-09-25 06:34:02,725 [pool-97-thread-1] INFO  server.RaftServerConfigKeys (ConfUtils.java:logGet(43)) - raft.server.sleep.deviation.threshold = 300 (default)
2019-09-25 06:34:02,725 [pool-97-thread-1] INFO  server.RaftServerConfigKeys (ConfUtils.java:logGet(43)) - raft.server.log.appender.install.snapshot.enabled = false (custom)
2019-09-25 06:34:02,725 [pool-97-thread-1] INFO  impl.RaftServerImpl (ServerState.java:<init>(103)) - ceffdcde-d41f-4c1b-8c84-bdffc4697707@group-FA49097B2DB6: ConfigurationManager, init=-1: [ceffdcde-d41f-4c1b-8c84-bdffc4697707:192.168.164.207:44173], old=null, confs=<EMPTY_MAP>
2019-09-25 06:34:02,726 [pool-97-thread-1] INFO  server.RaftServerConfigKeys (ConfUtils.java:logGet(43)) - raft.server.storage.dir = [/workdir/hadoop-ozone/ozonefs/target/test-dir/MiniOzoneClusterImpl-d97e1daa-6e0c-4900-b1c9-997de4e3459a/datanode-7/data/ratis] (custom)
2019-09-25 06:34:02,726 [pool-97-thread-1] INFO  storage.RaftStorageDirectory (RaftStorageDirectory.java:analyzeStorage(246)) - The storage directory /workdir/hadoop-ozone/ozonefs/target/test-dir/MiniOzoneClusterImpl-d97e1daa-6e0c-4900-b1c9-997de4e3459a/datanode-7/data/ratis/f4393b42-641f-4168-a6c4-fa49097b2db6 does not exist. Creating ...
2019-09-25 06:34:02,739 [pool-97-thread-1] INFO  storage.RaftStorageDirectory (RaftStorageDirectory.java:tryLock(328)) - Lock on /workdir/hadoop-ozone/ozonefs/target/test-dir/MiniOzoneClusterImpl-d97e1daa-6e0c-4900-b1c9-997de4e3459a/datanode-7/data/ratis/f4393b42-641f-4168-a6c4-fa49097b2db6/in_use.lock acquired by nodename 9063@pr-hdds-1569-s44lr-3492059363
2019-09-25 06:34:02,752 [pool-97-thread-1] INFO  storage.RaftStorage (RaftStorage.java:format(72)) - Storage directory /workdir/hadoop-ozone/ozonefs/target/test-dir/MiniOzoneClusterImpl-d97e1daa-6e0c-4900-b1c9-997de4e3459a/datanode-7/data/ratis/f4393b42-641f-4168-a6c4-fa49097b2db6 has been successfully formatted.
2019-09-25 06:34:02,753 [pool-97-thread-1] INFO  ratis.ContainerStateMachine (ContainerStateMachine.java:loadSnapshot(230)) - group-FA49097B2DB6: The snapshot info is null. Setting the last applied indexto:(t:0, i:~)
2019-09-25 06:34:02,753 [pool-97-thread-1] INFO  server.RaftServerConfigKeys (ConfUtils.java:logGet(43)) - raft.server.notification.no-leader.timeout = 120s (custom)
2019-09-25 06:34:02,753 [pool-97-thread-1] INFO  server.RaftServerConfigKeys (ConfUtils.java:logGet(43)) - raft.server.log.use.memory = false (default)
2019-09-25 06:34:02,753 [pool-97-thread-1] INFO  server.RaftServerConfigKeys (ConfUtils.java:logGet(43)) - raft.server.log.purge.gap = 1000000 (custom)
2019-09-25 06:34:02,753 [pool-97-thread-1] INFO  server.RaftServerConfigKeys (ConfUtils.java:logGet(43)) - raft.server.log.appender.buffer.byte-limit = 33554432 (custom)
2019-09-25 06:34:02,754 [pool-97-thread-1] INFO  server.RaftServerConfigKeys (ConfUtils.java:logGet(43)) - raft.server.log.segment.size.max = 1048576 (custom)
2019-09-25 06:34:02,754 [pool-97-thread-1] INFO  server.RaftServerConfigKeys (ConfUtils.java:logGet(43)) - raft.server.log.segment.cache.num.max = 2 (custom)
2019-09-25 06:34:02,754 [pool-97-thread-1] INFO  segmented.SegmentedRaftLogWorker (SegmentedRaftLogWorker.java:<init>(172)) - new ceffdcde-d41f-4c1b-8c84-bdffc4697707@group-FA49097B2DB6-SegmentedRaftLogWorker for RaftStorage:Storage Directory /workdir/hadoop-ozone/ozonefs/target/test-dir/MiniOzoneClusterImpl-d97e1daa-6e0c-4900-b1c9-997de4e3459a/datanode-7/data/ratis/f4393b42-641f-4168-a6c4-fa49097b2db6
2019-09-25 06:34:02,754 [pool-97-thread-1] INFO  server.RaftServerConfigKeys (ConfUtils.java:logGet(43)) - raft.server.log.queue.byte-limit = 2147483647 (custom)
2019-09-25 06:34:02,754 [pool-97-thread-1] INFO  server.RaftServerConfigKeys (ConfUtils.java:logGet(43)) - raft.server.log.queue.element-limit = 1024 (custom)
2019-09-25 06:34:02,754 [pool-97-thread-1] INFO  server.RaftServerConfigKeys (ConfUtils.java:logGet(43)) - raft.server.log.segment.size.max = 1048576 (custom)
2019-09-25 06:34:02,754 [pool-97-thread-1] INFO  server.RaftServerConfigKeys (ConfUtils.java:logGet(43)) - raft.server.log.preallocated.size = 16384 (custom)
2019-09-25 06:34:02,755 [pool-97-thread-1] INFO  server.RaftServerConfigKeys (ConfUtils.java:logGet(43)) - raft.server.log.write.buffer.size = 33554432 (custom)
2019-09-25 06:34:02,755 [pool-97-thread-1] INFO  server.RaftServerConfigKeys (ConfUtils.java:logGet(43)) - raft.server.log.force.sync.num = 128 (default)
2019-09-25 06:34:02,755 [pool-97-thread-1] INFO  server.RaftServerConfigKeys (ConfUtils.java:logGet(43)) - raft.server.log.statemachine.data.sync = true (default)
2019-09-25 06:34:02,755 [pool-97-thread-1] INFO  server.RaftServerConfigKeys (ConfUtils.java:logGet(43)) - raft.server.log.statemachine.data.sync.timeout = 10s (default)
2019-09-25 06:34:02,755 [pool-97-thread-1] INFO  server.RaftServerConfigKeys (ConfUtils.java:logGet(43)) - raft.server.log.statemachine.data.sync.timeout.retry = -1 (default)
2019-09-25 06:34:02,755 [pool-97-thread-1] INFO  server.RaftServerConfigKeys (ConfUtils.java:logGet(43)) - raft.server.log.statemachine.data.caching.enabled = true (custom)
2019-09-25 06:34:02,756 [pool-97-thread-1] INFO  segmented.SegmentedRaftLogWorker (SegmentedRaftLogWorker.java:lambda$new$0(132)) - ceffdcde-d41f-4c1b-8c84-bdffc4697707@group-FA49097B2DB6-SegmentedRaftLogWorker: flushIndex: setUnconditionally 0 -> -1
2019-09-25 06:34:02,756 [pool-97-thread-1] INFO  server.RaftServerConfigKeys (ConfUtils.java:logGet(43)) - raft.server.snapshot.auto.trigger.enabled = true (custom)
2019-09-25 06:34:02,756 [pool-97-thread-1] INFO  server.RaftServerConfigKeys (ConfUtils.java:logGet(43)) - raft.server.snapshot.auto.trigger.threshold = 10000 (custom)
2019-09-25 06:34:02,756 [pool-97-thread-1] INFO  server.RaftServerConfigKeys (ConfUtils.java:logGet(43)) - raft.server.snapshot.retention.num.files = 5 (custom)
2019-09-25 06:34:02,756 [pool-97-thread-1] INFO  server.RaftServerConfigKeys (ConfUtils.java:logGet(43)) - raft.server.retrycache.expirytime = 600000ms (custom)
2019-09-25 06:34:02,759 [pool-97-thread-1] INFO  impl.RaftServerImpl (RaftServerImpl.java:start(185)) - ceffdcde-d41f-4c1b-8c84-bdffc4697707@group-FA49097B2DB6: start as a follower, conf=-1: [ceffdcde-d41f-4c1b-8c84-bdffc4697707:192.168.164.207:44173], old=null
2019-09-25 06:34:02,759 [pool-97-thread-1] INFO  impl.RaftServerImpl (RaftServerImpl.java:setRole(174)) - ceffdcde-d41f-4c1b-8c84-bdffc4697707@group-FA49097B2DB6: changes role from      null to FOLLOWER at term 0 for startAsFollower
2019-09-25 06:34:02,759 [pool-97-thread-1] INFO  impl.RoleInfo (RoleInfo.java:updateAndGet(143)) - ceffdcde-d41f-4c1b-8c84-bdffc4697707: start FollowerState
2019-09-25 06:34:02,759 [pool-97-thread-1] INFO  util.JmxRegister (JmxRegister.java:tryRegister(44)) - Successfully registered JMX Bean with object name Ratis:service=RaftServer,group=group-FA49097B2DB6,id=ceffdcde-d41f-4c1b-8c84-bdffc4697707
2019-09-25 06:34:02,762 [RatisPipelineUtilsThread] INFO  pipeline.PipelineStateManager (PipelineStateManager.java:addPipeline(56)) - Created pipeline Pipeline[ Id: f4393b42-641f-4168-a6c4-fa49097b2db6, Nodes: ceffdcde-d41f-4c1b-8c84-bdffc4697707{ip: 192.168.164.207, host: pr-hdds-1569-s44lr-3492059363, networkLocation: /default-rack, certSerialId: null}, Type:RATIS, Factor:ONE, State:OPEN]
2019-09-25 06:34:02,762 [RatisPipelineUtilsThread] INFO  pipeline.PipelinePlacementPolicy (PipelinePlacementPolicy.java:meetCriteria(91)) - Pipeline Placement: can't place more pipeline on heavy datanode： ada091b4-9675-42a7-afd4-5850bd9f4e78 Heaviness: 6 limit: 5
2019-09-25 06:34:02,762 [RatisPipelineUtilsThread] INFO  pipeline.PipelinePlacementPolicy (PipelinePlacementPolicy.java:meetCriteria(91)) - Pipeline Placement: can't place more pipeline on heavy datanode： 81f06f72-72c9-4329-855f-4bc73f7e5da2 Heaviness: 6 limit: 5
2019-09-25 06:34:02,762 [RatisPipelineUtilsThread] INFO  pipeline.PipelinePlacementPolicy (PipelinePlacementPolicy.java:meetCriteria(91)) - Pipeline Placement: can't place more pipeline on heavy datanode： f9a1adb5-ac95-4f8b-8632-8bfce9a5ce16 Heaviness: 6 limit: 5
2019-09-25 06:34:02,763 [RatisPipelineUtilsThread] INFO  pipeline.PipelinePlacementPolicy (PipelinePlacementPolicy.java:meetCriteria(91)) - Pipeline Placement: can't place more pipeline on heavy datanode： 59047a66-3178-4e61-9c82-892aa22a5b81 Heaviness: 6 limit: 5
2019-09-25 06:34:02,768 [grpc-default-executor-0] INFO  impl.RaftServerProxy (RaftServerProxy.java:addNew(89)) - 9f1e8130-5807-4ed4-a5b5-273b79efb982: addNew group-417A3FD59CE3:[9f1e8130-5807-4ed4-a5b5-273b79efb982:192.168.164.207:40481] returns group-417A3FD59CE3:java.util.concurrent.CompletableFuture@6983ce9[Not completed]
2019-09-25 06:34:02,769 [pool-117-thread-1] INFO  impl.RaftServerImpl (RaftServerImpl.java:<init>(95)) - 9f1e8130-5807-4ed4-a5b5-273b79efb982: new RaftServerImpl for group-417A3FD59CE3:[9f1e8130-5807-4ed4-a5b5-273b79efb982:192.168.164.207:40481] with ContainerStateMachine:uninitialized
2019-09-25 06:34:02,770 [pool-117-thread-1] INFO  server.RaftServerConfigKeys (ConfUtils.java:logGet(43)) - raft.server.rpc.timeout.min = 5s (custom)
2019-09-25 06:34:02,770 [pool-117-thread-1] INFO  server.RaftServerConfigKeys (ConfUtils.java:logGet(43)) - raft.server.rpc.timeout.max = 5200ms (custom)
2019-09-25 06:34:02,770 [pool-117-thread-1] INFO  server.RaftServerConfigKeys (ConfUtils.java:logGet(43)) - raft.server.rpcslowness.timeout = 120s (custom)
2019-09-25 06:34:02,770 [pool-117-thread-1] INFO  server.RaftServerConfigKeys (ConfUtils.java:logGet(43)) - raft.server.sleep.deviation.threshold = 300 (default)
2019-09-25 06:34:02,770 [pool-117-thread-1] INFO  server.RaftServerConfigKeys (ConfUtils.java:logGet(43)) - raft.server.log.appender.install.snapshot.enabled = false (custom)
2019-09-25 06:34:02,770 [pool-117-thread-1] INFO  impl.RaftServerImpl (ServerState.java:<init>(103)) - 9f1e8130-5807-4ed4-a5b5-273b79efb982@group-417A3FD59CE3: ConfigurationManager, init=-1: [9f1e8130-5807-4ed4-a5b5-273b79efb982:192.168.164.207:40481], old=null, confs=<EMPTY_MAP>
2019-09-25 06:34:02,770 [pool-117-thread-1] INFO  server.RaftServerConfigKeys (ConfUtils.java:logGet(43)) - raft.server.storage.dir = [/workdir/hadoop-ozone/ozonefs/target/test-dir/MiniOzoneClusterImpl-d97e1daa-6e0c-4900-b1c9-997de4e3459a/datanode-9/data/ratis] (custom)
2019-09-25 06:34:02,771 [pool-117-thread-1] INFO  storage.RaftStorageDirectory (RaftStorageDirectory.java:analyzeStorage(246)) - The storage directory /workdir/hadoop-ozone/ozonefs/target/test-dir/MiniOzoneClusterImpl-d97e1daa-6e0c-4900-b1c9-997de4e3459a/datanode-9/data/ratis/2cb33790-f77f-48dd-8974-417a3fd59ce3 does not exist. Creating ...
2019-09-25 06:34:02,783 [pool-117-thread-1] INFO  storage.RaftStorageDirectory (RaftStorageDirectory.java:tryLock(328)) - Lock on /workdir/hadoop-ozone/ozonefs/target/test-dir/MiniOzoneClusterImpl-d97e1daa-6e0c-4900-b1c9-997de4e3459a/datanode-9/data/ratis/2cb33790-f77f-48dd-8974-417a3fd59ce3/in_use.lock acquired by nodename 9063@pr-hdds-1569-s44lr-3492059363
2019-09-25 06:34:02,796 [pool-117-thread-1] INFO  storage.RaftStorage (RaftStorage.java:format(72)) - Storage directory /workdir/hadoop-ozone/ozonefs/target/test-dir/MiniOzoneClusterImpl-d97e1daa-6e0c-4900-b1c9-997de4e3459a/datanode-9/data/ratis/2cb33790-f77f-48dd-8974-417a3fd59ce3 has been successfully formatted.
2019-09-25 06:34:02,796 [pool-117-thread-1] INFO  ratis.ContainerStateMachine (ContainerStateMachine.java:loadSnapshot(230)) - group-417A3FD59CE3: The snapshot info is null. Setting the last applied indexto:(t:0, i:~)
2019-09-25 06:34:02,796 [pool-117-thread-1] INFO  server.RaftServerConfigKeys (ConfUtils.java:logGet(43)) - raft.server.notification.no-leader.timeout = 120s (custom)
2019-09-25 06:34:02,796 [pool-117-thread-1] INFO  server.RaftServerConfigKeys (ConfUtils.java:logGet(43)) - raft.server.log.use.memory = false (default)
2019-09-25 06:34:02,797 [pool-117-thread-1] INFO  server.RaftServerConfigKeys (ConfUtils.java:logGet(43)) - raft.server.log.purge.gap = 1000000 (custom)
2019-09-25 06:34:02,797 [pool-117-thread-1] INFO  server.RaftServerConfigKeys (ConfUtils.java:logGet(43)) - raft.server.log.appender.buffer.byte-limit = 33554432 (custom)
2019-09-25 06:34:02,797 [pool-117-thread-1] INFO  server.RaftServerConfigKeys (ConfUtils.java:logGet(43)) - raft.server.log.segment.size.max = 1048576 (custom)
2019-09-25 06:34:02,797 [pool-117-thread-1] INFO  server.RaftServerConfigKeys (ConfUtils.java:logGet(43)) - raft.server.log.segment.cache.num.max = 2 (custom)
2019-09-25 06:34:02,797 [pool-117-thread-1] INFO  segmented.SegmentedRaftLogWorker (SegmentedRaftLogWorker.java:<init>(172)) - new 9f1e8130-5807-4ed4-a5b5-273b79efb982@group-417A3FD59CE3-SegmentedRaftLogWorker for RaftStorage:Storage Directory /workdir/hadoop-ozone/ozonefs/target/test-dir/MiniOzoneClusterImpl-d97e1daa-6e0c-4900-b1c9-997de4e3459a/datanode-9/data/ratis/2cb33790-f77f-48dd-8974-417a3fd59ce3
2019-09-25 06:34:02,797 [pool-117-thread-1] INFO  server.RaftServerConfigKeys (ConfUtils.java:logGet(43)) - raft.server.log.queue.byte-limit = 2147483647 (custom)
2019-09-25 06:34:02,798 [pool-117-thread-1] INFO  server.RaftServerConfigKeys (ConfUtils.java:logGet(43)) - raft.server.log.queue.element-limit = 1024 (custom)
2019-09-25 06:34:02,798 [pool-117-thread-1] INFO  server.RaftServerConfigKeys (ConfUtils.java:logGet(43)) - raft.server.log.segment.size.max = 1048576 (custom)
2019-09-25 06:34:02,798 [pool-117-thread-1] INFO  server.RaftServerConfigKeys (ConfUtils.java:logGet(43)) - raft.server.log.preallocated.size = 16384 (custom)
2019-09-25 06:34:02,798 [pool-117-thread-1] INFO  server.RaftServerConfigKeys (ConfUtils.java:logGet(43)) - raft.server.log.write.buffer.size = 33554432 (custom)
2019-09-25 06:34:02,798 [pool-117-thread-1] INFO  server.RaftServerConfigKeys (ConfUtils.java:logGet(43)) - raft.server.log.force.sync.num = 128 (default)
2019-09-25 06:34:02,798 [pool-117-thread-1] INFO  server.RaftServerConfigKeys (ConfUtils.java:logGet(43)) - raft.server.log.statemachine.data.sync = true (default)
2019-09-25 06:34:02,798 [pool-117-thread-1] INFO  server.RaftServerConfigKeys (ConfUtils.java:logGet(43)) - raft.server.log.statemachine.data.sync.timeout = 10s (default)
2019-09-25 06:34:02,798 [pool-117-thread-1] INFO  server.RaftServerConfigKeys (ConfUtils.java:logGet(43)) - raft.server.log.statemachine.data.sync.timeout.retry = -1 (default)
2019-09-25 06:34:02,799 [pool-117-thread-1] INFO  server.RaftServerConfigKeys (ConfUtils.java:logGet(43)) - raft.server.log.statemachine.data.caching.enabled = true (custom)
2019-09-25 06:34:02,799 [pool-117-thread-1] INFO  segmented.SegmentedRaftLogWorker (SegmentedRaftLogWorker.java:lambda$new$0(132)) - 9f1e8130-5807-4ed4-a5b5-273b79efb982@group-417A3FD59CE3-SegmentedRaftLogWorker: flushIndex: setUnconditionally 0 -> -1
2019-09-25 06:34:02,799 [pool-117-thread-1] INFO  server.RaftServerConfigKeys (ConfUtils.java:logGet(43)) - raft.server.snapshot.auto.trigger.enabled = true (custom)
2019-09-25 06:34:02,799 [pool-117-thread-1] INFO  server.RaftServerConfigKeys (ConfUtils.java:logGet(43)) - raft.server.snapshot.auto.trigger.threshold = 10000 (custom)
2019-09-25 06:34:02,800 [pool-117-thread-1] INFO  server.RaftServerConfigKeys (ConfUtils.java:logGet(43)) - raft.server.snapshot.retention.num.files = 5 (custom)
2019-09-25 06:34:02,800 [pool-117-thread-1] INFO  server.RaftServerConfigKeys (ConfUtils.java:logGet(43)) - raft.server.retrycache.expirytime = 600000ms (custom)
2019-09-25 06:34:02,802 [pool-117-thread-1] INFO  impl.RaftServerImpl (RaftServerImpl.java:start(185)) - 9f1e8130-5807-4ed4-a5b5-273b79efb982@group-417A3FD59CE3: start as a follower, conf=-1: [9f1e8130-5807-4ed4-a5b5-273b79efb982:192.168.164.207:40481], old=null
2019-09-25 06:34:02,802 [pool-117-thread-1] INFO  impl.RaftServerImpl (RaftServerImpl.java:setRole(174)) - 9f1e8130-5807-4ed4-a5b5-273b79efb982@group-417A3FD59CE3: changes role from      null to FOLLOWER at term 0 for startAsFollower
2019-09-25 06:34:02,802 [pool-117-thread-1] INFO  impl.RoleInfo (RoleInfo.java:updateAndGet(143)) - 9f1e8130-5807-4ed4-a5b5-273b79efb982: start FollowerState
2019-09-25 06:34:02,802 [pool-117-thread-1] INFO  util.JmxRegister (JmxRegister.java:tryRegister(44)) - Successfully registered JMX Bean with object name Ratis:service=RaftServer,group=group-417A3FD59CE3,id=9f1e8130-5807-4ed4-a5b5-273b79efb982
2019-09-25 06:34:02,805 [RatisPipelineUtilsThread] INFO  pipeline.PipelineStateManager (PipelineStateManager.java:addPipeline(56)) - Created pipeline Pipeline[ Id: 2cb33790-f77f-48dd-8974-417a3fd59ce3, Nodes: 9f1e8130-5807-4ed4-a5b5-273b79efb982{ip: 192.168.164.207, host: pr-hdds-1569-s44lr-3492059363, networkLocation: /default-rack, certSerialId: null}, Type:RATIS, Factor:ONE, State:OPEN]
2019-09-25 06:34:02,805 [RatisPipelineUtilsThread] INFO  pipeline.PipelinePlacementPolicy (PipelinePlacementPolicy.java:meetCriteria(91)) - Pipeline Placement: can't place more pipeline on heavy datanode： ada091b4-9675-42a7-afd4-5850bd9f4e78 Heaviness: 6 limit: 5
2019-09-25 06:34:02,805 [RatisPipelineUtilsThread] INFO  pipeline.PipelinePlacementPolicy (PipelinePlacementPolicy.java:meetCriteria(91)) - Pipeline Placement: can't place more pipeline on heavy datanode： 81f06f72-72c9-4329-855f-4bc73f7e5da2 Heaviness: 6 limit: 5
2019-09-25 06:34:02,805 [RatisPipelineUtilsThread] INFO  pipeline.PipelinePlacementPolicy (PipelinePlacementPolicy.java:meetCriteria(91)) - Pipeline Placement: can't place more pipeline on heavy datanode： f9a1adb5-ac95-4f8b-8632-8bfce9a5ce16 Heaviness: 6 limit: 5
2019-09-25 06:34:02,806 [RatisPipelineUtilsThread] INFO  pipeline.PipelinePlacementPolicy (PipelinePlacementPolicy.java:meetCriteria(91)) - Pipeline Placement: can't place more pipeline on heavy datanode： 59047a66-3178-4e61-9c82-892aa22a5b81 Heaviness: 6 limit: 5
2019-09-25 06:34:02,811 [grpc-default-executor-0] INFO  impl.RaftServerProxy (RaftServerProxy.java:addNew(89)) - 313782b9-e18d-44cb-a4a7-8816635983d3: addNew group-1ACCDD21E46D:[313782b9-e18d-44cb-a4a7-8816635983d3:192.168.164.207:33244] returns group-1ACCDD21E46D:java.util.concurrent.CompletableFuture@6c701d96[Not completed]
2019-09-25 06:34:02,812 [pool-107-thread-1] INFO  impl.RaftServerImpl (RaftServerImpl.java:<init>(95)) - 313782b9-e18d-44cb-a4a7-8816635983d3: new RaftServerImpl for group-1ACCDD21E46D:[313782b9-e18d-44cb-a4a7-8816635983d3:192.168.164.207:33244] with ContainerStateMachine:uninitialized
2019-09-25 06:34:02,812 [pool-107-thread-1] INFO  server.RaftServerConfigKeys (ConfUtils.java:logGet(43)) - raft.server.rpc.timeout.min = 5s (custom)
2019-09-25 06:34:02,813 [pool-107-thread-1] INFO  server.RaftServerConfigKeys (ConfUtils.java:logGet(43)) - raft.server.rpc.timeout.max = 5200ms (custom)
2019-09-25 06:34:02,813 [pool-107-thread-1] INFO  server.RaftServerConfigKeys (ConfUtils.java:logGet(43)) - raft.server.rpcslowness.timeout = 120s (custom)
2019-09-25 06:34:02,813 [pool-107-thread-1] INFO  server.RaftServerConfigKeys (ConfUtils.java:logGet(43)) - raft.server.sleep.deviation.threshold = 300 (default)
2019-09-25 06:34:02,813 [pool-107-thread-1] INFO  server.RaftServerConfigKeys (ConfUtils.java:logGet(43)) - raft.server.log.appender.install.snapshot.enabled = false (custom)
2019-09-25 06:34:02,813 [pool-107-thread-1] INFO  impl.RaftServerImpl (ServerState.java:<init>(103)) - 313782b9-e18d-44cb-a4a7-8816635983d3@group-1ACCDD21E46D: ConfigurationManager, init=-1: [313782b9-e18d-44cb-a4a7-8816635983d3:192.168.164.207:33244], old=null, confs=<EMPTY_MAP>
2019-09-25 06:34:02,813 [pool-107-thread-1] INFO  server.RaftServerConfigKeys (ConfUtils.java:logGet(43)) - raft.server.storage.dir = [/workdir/hadoop-ozone/ozonefs/target/test-dir/MiniOzoneClusterImpl-d97e1daa-6e0c-4900-b1c9-997de4e3459a/datanode-8/data/ratis] (custom)
2019-09-25 06:34:02,814 [pool-107-thread-1] INFO  storage.RaftStorageDirectory (RaftStorageDirectory.java:analyzeStorage(246)) - The storage directory /workdir/hadoop-ozone/ozonefs/target/test-dir/MiniOzoneClusterImpl-d97e1daa-6e0c-4900-b1c9-997de4e3459a/datanode-8/data/ratis/e04e8e3e-3c9a-4e5e-a895-1accdd21e46d does not exist. Creating ...
2019-09-25 06:34:02,827 [pool-107-thread-1] INFO  storage.RaftStorageDirectory (RaftStorageDirectory.java:tryLock(328)) - Lock on /workdir/hadoop-ozone/ozonefs/target/test-dir/MiniOzoneClusterImpl-d97e1daa-6e0c-4900-b1c9-997de4e3459a/datanode-8/data/ratis/e04e8e3e-3c9a-4e5e-a895-1accdd21e46d/in_use.lock acquired by nodename 9063@pr-hdds-1569-s44lr-3492059363
2019-09-25 06:34:02,840 [pool-107-thread-1] INFO  storage.RaftStorage (RaftStorage.java:format(72)) - Storage directory /workdir/hadoop-ozone/ozonefs/target/test-dir/MiniOzoneClusterImpl-d97e1daa-6e0c-4900-b1c9-997de4e3459a/datanode-8/data/ratis/e04e8e3e-3c9a-4e5e-a895-1accdd21e46d has been successfully formatted.
2019-09-25 06:34:02,841 [pool-107-thread-1] INFO  ratis.ContainerStateMachine (ContainerStateMachine.java:loadSnapshot(230)) - group-1ACCDD21E46D: The snapshot info is null. Setting the last applied indexto:(t:0, i:~)
2019-09-25 06:34:02,841 [pool-107-thread-1] INFO  server.RaftServerConfigKeys (ConfUtils.java:logGet(43)) - raft.server.notification.no-leader.timeout = 120s (custom)
2019-09-25 06:34:02,841 [pool-107-thread-1] INFO  server.RaftServerConfigKeys (ConfUtils.java:logGet(43)) - raft.server.log.use.memory = false (default)
2019-09-25 06:34:02,841 [pool-107-thread-1] INFO  server.RaftServerConfigKeys (ConfUtils.java:logGet(43)) - raft.server.log.purge.gap = 1000000 (custom)
2019-09-25 06:34:02,841 [pool-107-thread-1] INFO  server.RaftServerConfigKeys (ConfUtils.java:logGet(43)) - raft.server.log.appender.buffer.byte-limit = 33554432 (custom)
2019-09-25 06:34:02,842 [pool-107-thread-1] INFO  server.RaftServerConfigKeys (ConfUtils.java:logGet(43)) - raft.server.log.segment.size.max = 1048576 (custom)
2019-09-25 06:34:02,842 [pool-107-thread-1] INFO  server.RaftServerConfigKeys (ConfUtils.java:logGet(43)) - raft.server.log.segment.cache.num.max = 2 (custom)
2019-09-25 06:34:02,842 [pool-107-thread-1] INFO  segmented.SegmentedRaftLogWorker (SegmentedRaftLogWorker.java:<init>(172)) - new 313782b9-e18d-44cb-a4a7-8816635983d3@group-1ACCDD21E46D-SegmentedRaftLogWorker for RaftStorage:Storage Directory /workdir/hadoop-ozone/ozonefs/target/test-dir/MiniOzoneClusterImpl-d97e1daa-6e0c-4900-b1c9-997de4e3459a/datanode-8/data/ratis/e04e8e3e-3c9a-4e5e-a895-1accdd21e46d
2019-09-25 06:34:02,842 [pool-107-thread-1] INFO  server.RaftServerConfigKeys (ConfUtils.java:logGet(43)) - raft.server.log.queue.byte-limit = 2147483647 (custom)
2019-09-25 06:34:02,842 [pool-107-thread-1] INFO  server.RaftServerConfigKeys (ConfUtils.java:logGet(43)) - raft.server.log.queue.element-limit = 1024 (custom)
2019-09-25 06:34:02,842 [pool-107-thread-1] INFO  server.RaftServerConfigKeys (ConfUtils.java:logGet(43)) - raft.server.log.segment.size.max = 1048576 (custom)
2019-09-25 06:34:02,842 [pool-107-thread-1] INFO  server.RaftServerConfigKeys (ConfUtils.java:logGet(43)) - raft.server.log.preallocated.size = 16384 (custom)
2019-09-25 06:34:02,843 [pool-107-thread-1] INFO  server.RaftServerConfigKeys (ConfUtils.java:logGet(43)) - raft.server.log.write.buffer.size = 33554432 (custom)
2019-09-25 06:34:02,843 [pool-107-thread-1] INFO  server.RaftServerConfigKeys (ConfUtils.java:logGet(43)) - raft.server.log.force.sync.num = 128 (default)
2019-09-25 06:34:02,843 [pool-107-thread-1] INFO  server.RaftServerConfigKeys (ConfUtils.java:logGet(43)) - raft.server.log.statemachine.data.sync = true (default)
2019-09-25 06:34:02,843 [pool-107-thread-1] INFO  server.RaftServerConfigKeys (ConfUtils.java:logGet(43)) - raft.server.log.statemachine.data.sync.timeout = 10s (default)
2019-09-25 06:34:02,843 [pool-107-thread-1] INFO  server.RaftServerConfigKeys (ConfUtils.java:logGet(43)) - raft.server.log.statemachine.data.sync.timeout.retry = -1 (default)
2019-09-25 06:34:02,843 [pool-107-thread-1] INFO  server.RaftServerConfigKeys (ConfUtils.java:logGet(43)) - raft.server.log.statemachine.data.caching.enabled = true (custom)
2019-09-25 06:34:02,844 [pool-107-thread-1] INFO  segmented.SegmentedRaftLogWorker (SegmentedRaftLogWorker.java:lambda$new$0(132)) - 313782b9-e18d-44cb-a4a7-8816635983d3@group-1ACCDD21E46D-SegmentedRaftLogWorker: flushIndex: setUnconditionally 0 -> -1
2019-09-25 06:34:02,844 [pool-107-thread-1] INFO  server.RaftServerConfigKeys (ConfUtils.java:logGet(43)) - raft.server.snapshot.auto.trigger.enabled = true (custom)
2019-09-25 06:34:02,844 [pool-107-thread-1] INFO  server.RaftServerConfigKeys (ConfUtils.java:logGet(43)) - raft.server.snapshot.auto.trigger.threshold = 10000 (custom)
2019-09-25 06:34:02,844 [pool-107-thread-1] INFO  server.RaftServerConfigKeys (ConfUtils.java:logGet(43)) - raft.server.snapshot.retention.num.files = 5 (custom)
2019-09-25 06:34:02,845 [pool-107-thread-1] INFO  server.RaftServerConfigKeys (ConfUtils.java:logGet(43)) - raft.server.retrycache.expirytime = 600000ms (custom)
2019-09-25 06:34:02,847 [pool-107-thread-1] INFO  impl.RaftServerImpl (RaftServerImpl.java:start(185)) - 313782b9-e18d-44cb-a4a7-8816635983d3@group-1ACCDD21E46D: start as a follower, conf=-1: [313782b9-e18d-44cb-a4a7-8816635983d3:192.168.164.207:33244], old=null
2019-09-25 06:34:02,847 [pool-107-thread-1] INFO  impl.RaftServerImpl (RaftServerImpl.java:setRole(174)) - 313782b9-e18d-44cb-a4a7-8816635983d3@group-1ACCDD21E46D: changes role from      null to FOLLOWER at term 0 for startAsFollower
2019-09-25 06:34:02,847 [pool-107-thread-1] INFO  impl.RoleInfo (RoleInfo.java:updateAndGet(143)) - 313782b9-e18d-44cb-a4a7-8816635983d3: start FollowerState
2019-09-25 06:34:02,848 [pool-107-thread-1] INFO  util.JmxRegister (JmxRegister.java:tryRegister(44)) - Successfully registered JMX Bean with object name Ratis:service=RaftServer,group=group-1ACCDD21E46D,id=313782b9-e18d-44cb-a4a7-8816635983d3
2019-09-25 06:34:02,850 [RatisPipelineUtilsThread] INFO  pipeline.PipelineStateManager (PipelineStateManager.java:addPipeline(56)) - Created pipeline Pipeline[ Id: e04e8e3e-3c9a-4e5e-a895-1accdd21e46d, Nodes: 313782b9-e18d-44cb-a4a7-8816635983d3{ip: 192.168.164.207, host: pr-hdds-1569-s44lr-3492059363, networkLocation: /default-rack, certSerialId: null}, Type:RATIS, Factor:ONE, State:OPEN]
2019-09-25 06:34:02,851 [RatisPipelineUtilsThread] INFO  pipeline.PipelinePlacementPolicy (PipelinePlacementPolicy.java:meetCriteria(91)) - Pipeline Placement: can't place more pipeline on heavy datanode： ada091b4-9675-42a7-afd4-5850bd9f4e78 Heaviness: 6 limit: 5
2019-09-25 06:34:02,851 [RatisPipelineUtilsThread] INFO  pipeline.PipelinePlacementPolicy (PipelinePlacementPolicy.java:meetCriteria(91)) - Pipeline Placement: can't place more pipeline on heavy datanode： 81f06f72-72c9-4329-855f-4bc73f7e5da2 Heaviness: 6 limit: 5
2019-09-25 06:34:02,851 [RatisPipelineUtilsThread] INFO  pipeline.PipelinePlacementPolicy (PipelinePlacementPolicy.java:meetCriteria(91)) - Pipeline Placement: can't place more pipeline on heavy datanode： f9a1adb5-ac95-4f8b-8632-8bfce9a5ce16 Heaviness: 6 limit: 5
2019-09-25 06:34:02,851 [RatisPipelineUtilsThread] INFO  pipeline.PipelinePlacementPolicy (PipelinePlacementPolicy.java:meetCriteria(91)) - Pipeline Placement: can't place more pipeline on heavy datanode： 59047a66-3178-4e61-9c82-892aa22a5b81 Heaviness: 6 limit: 5
2019-09-25 06:34:02,857 [grpc-default-executor-0] INFO  impl.RaftServerProxy (RaftServerProxy.java:addNew(89)) - ceffdcde-d41f-4c1b-8c84-bdffc4697707: addNew group-B54ED40E3E38:[ceffdcde-d41f-4c1b-8c84-bdffc4697707:192.168.164.207:44173] returns group-B54ED40E3E38:java.util.concurrent.CompletableFuture@5f91afa1[Not completed]
2019-09-25 06:34:02,858 [pool-97-thread-1] INFO  impl.RaftServerImpl (RaftServerImpl.java:<init>(95)) - ceffdcde-d41f-4c1b-8c84-bdffc4697707: new RaftServerImpl for group-B54ED40E3E38:[ceffdcde-d41f-4c1b-8c84-bdffc4697707:192.168.164.207:44173] with ContainerStateMachine:uninitialized
2019-09-25 06:34:02,858 [pool-97-thread-1] INFO  server.RaftServerConfigKeys (ConfUtils.java:logGet(43)) - raft.server.rpc.timeout.min = 5s (custom)
2019-09-25 06:34:02,858 [pool-97-thread-1] INFO  server.RaftServerConfigKeys (ConfUtils.java:logGet(43)) - raft.server.rpc.timeout.max = 5200ms (custom)
2019-09-25 06:34:02,858 [pool-97-thread-1] INFO  server.RaftServerConfigKeys (ConfUtils.java:logGet(43)) - raft.server.rpcslowness.timeout = 120s (custom)
2019-09-25 06:34:02,858 [pool-97-thread-1] INFO  server.RaftServerConfigKeys (ConfUtils.java:logGet(43)) - raft.server.sleep.deviation.threshold = 300 (default)
2019-09-25 06:34:02,859 [pool-97-thread-1] INFO  server.RaftServerConfigKeys (ConfUtils.java:logGet(43)) - raft.server.log.appender.install.snapshot.enabled = false (custom)
2019-09-25 06:34:02,859 [pool-97-thread-1] INFO  impl.RaftServerImpl (ServerState.java:<init>(103)) - ceffdcde-d41f-4c1b-8c84-bdffc4697707@group-B54ED40E3E38: ConfigurationManager, init=-1: [ceffdcde-d41f-4c1b-8c84-bdffc4697707:192.168.164.207:44173], old=null, confs=<EMPTY_MAP>
2019-09-25 06:34:02,859 [pool-97-thread-1] INFO  server.RaftServerConfigKeys (ConfUtils.java:logGet(43)) - raft.server.storage.dir = [/workdir/hadoop-ozone/ozonefs/target/test-dir/MiniOzoneClusterImpl-d97e1daa-6e0c-4900-b1c9-997de4e3459a/datanode-7/data/ratis] (custom)
2019-09-25 06:34:02,859 [pool-97-thread-1] INFO  storage.RaftStorageDirectory (RaftStorageDirectory.java:analyzeStorage(246)) - The storage directory /workdir/hadoop-ozone/ozonefs/target/test-dir/MiniOzoneClusterImpl-d97e1daa-6e0c-4900-b1c9-997de4e3459a/datanode-7/data/ratis/a855ba27-c5e2-4848-9542-b54ed40e3e38 does not exist. Creating ...
2019-09-25 06:34:02,872 [pool-97-thread-1] INFO  storage.RaftStorageDirectory (RaftStorageDirectory.java:tryLock(328)) - Lock on /workdir/hadoop-ozone/ozonefs/target/test-dir/MiniOzoneClusterImpl-d97e1daa-6e0c-4900-b1c9-997de4e3459a/datanode-7/data/ratis/a855ba27-c5e2-4848-9542-b54ed40e3e38/in_use.lock acquired by nodename 9063@pr-hdds-1569-s44lr-3492059363
2019-09-25 06:34:02,906 [pool-97-thread-1] INFO  storage.RaftStorage (RaftStorage.java:format(72)) - Storage directory /workdir/hadoop-ozone/ozonefs/target/test-dir/MiniOzoneClusterImpl-d97e1daa-6e0c-4900-b1c9-997de4e3459a/datanode-7/data/ratis/a855ba27-c5e2-4848-9542-b54ed40e3e38 has been successfully formatted.
2019-09-25 06:34:02,906 [pool-97-thread-1] INFO  ratis.ContainerStateMachine (ContainerStateMachine.java:loadSnapshot(230)) - group-B54ED40E3E38: The snapshot info is null. Setting the last applied indexto:(t:0, i:~)
2019-09-25 06:34:02,907 [pool-97-thread-1] INFO  server.RaftServerConfigKeys (ConfUtils.java:logGet(43)) - raft.server.notification.no-leader.timeout = 120s (custom)
2019-09-25 06:34:02,907 [pool-97-thread-1] INFO  server.RaftServerConfigKeys (ConfUtils.java:logGet(43)) - raft.server.log.use.memory = false (default)
2019-09-25 06:34:02,907 [pool-97-thread-1] INFO  server.RaftServerConfigKeys (ConfUtils.java:logGet(43)) - raft.server.log.purge.gap = 1000000 (custom)
2019-09-25 06:34:02,907 [pool-97-thread-1] INFO  server.RaftServerConfigKeys (ConfUtils.java:logGet(43)) - raft.server.log.appender.buffer.byte-limit = 33554432 (custom)
2019-09-25 06:34:02,907 [pool-97-thread-1] INFO  server.RaftServerConfigKeys (ConfUtils.java:logGet(43)) - raft.server.log.segment.size.max = 1048576 (custom)
2019-09-25 06:34:02,908 [pool-97-thread-1] INFO  server.RaftServerConfigKeys (ConfUtils.java:logGet(43)) - raft.server.log.segment.cache.num.max = 2 (custom)
2019-09-25 06:34:02,908 [pool-97-thread-1] INFO  segmented.SegmentedRaftLogWorker (SegmentedRaftLogWorker.java:<init>(172)) - new ceffdcde-d41f-4c1b-8c84-bdffc4697707@group-B54ED40E3E38-SegmentedRaftLogWorker for RaftStorage:Storage Directory /workdir/hadoop-ozone/ozonefs/target/test-dir/MiniOzoneClusterImpl-d97e1daa-6e0c-4900-b1c9-997de4e3459a/datanode-7/data/ratis/a855ba27-c5e2-4848-9542-b54ed40e3e38
2019-09-25 06:34:02,908 [pool-97-thread-1] INFO  server.RaftServerConfigKeys (ConfUtils.java:logGet(43)) - raft.server.log.queue.byte-limit = 2147483647 (custom)
2019-09-25 06:34:02,908 [pool-97-thread-1] INFO  server.RaftServerConfigKeys (ConfUtils.java:logGet(43)) - raft.server.log.queue.element-limit = 1024 (custom)
2019-09-25 06:34:02,908 [pool-97-thread-1] INFO  server.RaftServerConfigKeys (ConfUtils.java:logGet(43)) - raft.server.log.segment.size.max = 1048576 (custom)
2019-09-25 06:34:02,908 [pool-97-thread-1] INFO  server.RaftServerConfigKeys (ConfUtils.java:logGet(43)) - raft.server.log.preallocated.size = 16384 (custom)
2019-09-25 06:34:02,909 [pool-97-thread-1] INFO  server.RaftServerConfigKeys (ConfUtils.java:logGet(43)) - raft.server.log.write.buffer.size = 33554432 (custom)
2019-09-25 06:34:02,909 [pool-97-thread-1] INFO  server.RaftServerConfigKeys (ConfUtils.java:logGet(43)) - raft.server.log.force.sync.num = 128 (default)
2019-09-25 06:34:02,909 [pool-97-thread-1] INFO  server.RaftServerConfigKeys (ConfUtils.java:logGet(43)) - raft.server.log.statemachine.data.sync = true (default)
2019-09-25 06:34:02,909 [pool-97-thread-1] INFO  server.RaftServerConfigKeys (ConfUtils.java:logGet(43)) - raft.server.log.statemachine.data.sync.timeout = 10s (default)
2019-09-25 06:34:02,909 [pool-97-thread-1] INFO  server.RaftServerConfigKeys (ConfUtils.java:logGet(43)) - raft.server.log.statemachine.data.sync.timeout.retry = -1 (default)
2019-09-25 06:34:02,909 [pool-97-thread-1] INFO  server.RaftServerConfigKeys (ConfUtils.java:logGet(43)) - raft.server.log.statemachine.data.caching.enabled = true (custom)
2019-09-25 06:34:02,910 [pool-97-thread-1] INFO  segmented.SegmentedRaftLogWorker (SegmentedRaftLogWorker.java:lambda$new$0(132)) - ceffdcde-d41f-4c1b-8c84-bdffc4697707@group-B54ED40E3E38-SegmentedRaftLogWorker: flushIndex: setUnconditionally 0 -> -1
2019-09-25 06:34:02,910 [pool-97-thread-1] INFO  server.RaftServerConfigKeys (ConfUtils.java:logGet(43)) - raft.server.snapshot.auto.trigger.enabled = true (custom)
2019-09-25 06:34:02,910 [pool-97-thread-1] INFO  server.RaftServerConfigKeys (ConfUtils.java:logGet(43)) - raft.server.snapshot.auto.trigger.threshold = 10000 (custom)
2019-09-25 06:34:02,911 [pool-97-thread-1] INFO  server.RaftServerConfigKeys (ConfUtils.java:logGet(43)) - raft.server.snapshot.retention.num.files = 5 (custom)
2019-09-25 06:34:02,911 [pool-97-thread-1] INFO  server.RaftServerConfigKeys (ConfUtils.java:logGet(43)) - raft.server.retrycache.expirytime = 600000ms (custom)
2019-09-25 06:34:02,913 [pool-97-thread-1] INFO  impl.RaftServerImpl (RaftServerImpl.java:start(185)) - ceffdcde-d41f-4c1b-8c84-bdffc4697707@group-B54ED40E3E38: start as a follower, conf=-1: [ceffdcde-d41f-4c1b-8c84-bdffc4697707:192.168.164.207:44173], old=null
2019-09-25 06:34:02,913 [pool-97-thread-1] INFO  impl.RaftServerImpl (RaftServerImpl.java:setRole(174)) - ceffdcde-d41f-4c1b-8c84-bdffc4697707@group-B54ED40E3E38: changes role from      null to FOLLOWER at term 0 for startAsFollower
2019-09-25 06:34:02,913 [pool-97-thread-1] INFO  impl.RoleInfo (RoleInfo.java:updateAndGet(143)) - ceffdcde-d41f-4c1b-8c84-bdffc4697707: start FollowerState
2019-09-25 06:34:02,913 [pool-97-thread-1] INFO  util.JmxRegister (JmxRegister.java:tryRegister(44)) - Successfully registered JMX Bean with object name Ratis:service=RaftServer,group=group-B54ED40E3E38,id=ceffdcde-d41f-4c1b-8c84-bdffc4697707
2019-09-25 06:34:02,916 [RatisPipelineUtilsThread] INFO  pipeline.PipelineStateManager (PipelineStateManager.java:addPipeline(56)) - Created pipeline Pipeline[ Id: a855ba27-c5e2-4848-9542-b54ed40e3e38, Nodes: ceffdcde-d41f-4c1b-8c84-bdffc4697707{ip: 192.168.164.207, host: pr-hdds-1569-s44lr-3492059363, networkLocation: /default-rack, certSerialId: null}, Type:RATIS, Factor:ONE, State:OPEN]
2019-09-25 06:34:02,916 [RatisPipelineUtilsThread] INFO  pipeline.PipelinePlacementPolicy (PipelinePlacementPolicy.java:meetCriteria(91)) - Pipeline Placement: can't place more pipeline on heavy datanode： ada091b4-9675-42a7-afd4-5850bd9f4e78 Heaviness: 6 limit: 5
2019-09-25 06:34:02,916 [RatisPipelineUtilsThread] INFO  pipeline.PipelinePlacementPolicy (PipelinePlacementPolicy.java:meetCriteria(91)) - Pipeline Placement: can't place more pipeline on heavy datanode： 81f06f72-72c9-4329-855f-4bc73f7e5da2 Heaviness: 6 limit: 5
2019-09-25 06:34:02,916 [RatisPipelineUtilsThread] INFO  pipeline.PipelinePlacementPolicy (PipelinePlacementPolicy.java:meetCriteria(91)) - Pipeline Placement: can't place more pipeline on heavy datanode： f9a1adb5-ac95-4f8b-8632-8bfce9a5ce16 Heaviness: 6 limit: 5
2019-09-25 06:34:02,916 [RatisPipelineUtilsThread] INFO  pipeline.PipelinePlacementPolicy (PipelinePlacementPolicy.java:meetCriteria(91)) - Pipeline Placement: can't place more pipeline on heavy datanode： 59047a66-3178-4e61-9c82-892aa22a5b81 Heaviness: 6 limit: 5
2019-09-25 06:34:02,922 [grpc-default-executor-0] INFO  impl.RaftServerProxy (RaftServerProxy.java:addNew(89)) - 9f1e8130-5807-4ed4-a5b5-273b79efb982: addNew group-00870AABA4F8:[9f1e8130-5807-4ed4-a5b5-273b79efb982:192.168.164.207:40481] returns group-00870AABA4F8:java.util.concurrent.CompletableFuture@58855cb9[Not completed]
2019-09-25 06:34:02,923 [pool-117-thread-1] INFO  impl.RaftServerImpl (RaftServerImpl.java:<init>(95)) - 9f1e8130-5807-4ed4-a5b5-273b79efb982: new RaftServerImpl for group-00870AABA4F8:[9f1e8130-5807-4ed4-a5b5-273b79efb982:192.168.164.207:40481] with ContainerStateMachine:uninitialized
2019-09-25 06:34:02,923 [pool-117-thread-1] INFO  server.RaftServerConfigKeys (ConfUtils.java:logGet(43)) - raft.server.rpc.timeout.min = 5s (custom)
2019-09-25 06:34:02,923 [pool-117-thread-1] INFO  server.RaftServerConfigKeys (ConfUtils.java:logGet(43)) - raft.server.rpc.timeout.max = 5200ms (custom)
2019-09-25 06:34:02,924 [pool-117-thread-1] INFO  server.RaftServerConfigKeys (ConfUtils.java:logGet(43)) - raft.server.rpcslowness.timeout = 120s (custom)
2019-09-25 06:34:02,924 [pool-117-thread-1] INFO  server.RaftServerConfigKeys (ConfUtils.java:logGet(43)) - raft.server.sleep.deviation.threshold = 300 (default)
2019-09-25 06:34:02,924 [pool-117-thread-1] INFO  server.RaftServerConfigKeys (ConfUtils.java:logGet(43)) - raft.server.log.appender.install.snapshot.enabled = false (custom)
2019-09-25 06:34:02,924 [pool-117-thread-1] INFO  impl.RaftServerImpl (ServerState.java:<init>(103)) - 9f1e8130-5807-4ed4-a5b5-273b79efb982@group-00870AABA4F8: ConfigurationManager, init=-1: [9f1e8130-5807-4ed4-a5b5-273b79efb982:192.168.164.207:40481], old=null, confs=<EMPTY_MAP>
2019-09-25 06:34:02,924 [pool-117-thread-1] INFO  server.RaftServerConfigKeys (ConfUtils.java:logGet(43)) - raft.server.storage.dir = [/workdir/hadoop-ozone/ozonefs/target/test-dir/MiniOzoneClusterImpl-d97e1daa-6e0c-4900-b1c9-997de4e3459a/datanode-9/data/ratis] (custom)
2019-09-25 06:34:02,925 [pool-117-thread-1] INFO  storage.RaftStorageDirectory (RaftStorageDirectory.java:analyzeStorage(246)) - The storage directory /workdir/hadoop-ozone/ozonefs/target/test-dir/MiniOzoneClusterImpl-d97e1daa-6e0c-4900-b1c9-997de4e3459a/datanode-9/data/ratis/6c38b3a7-e98d-4df3-b418-00870aaba4f8 does not exist. Creating ...
2019-09-25 06:34:02,939 [pool-117-thread-1] INFO  storage.RaftStorageDirectory (RaftStorageDirectory.java:tryLock(328)) - Lock on /workdir/hadoop-ozone/ozonefs/target/test-dir/MiniOzoneClusterImpl-d97e1daa-6e0c-4900-b1c9-997de4e3459a/datanode-9/data/ratis/6c38b3a7-e98d-4df3-b418-00870aaba4f8/in_use.lock acquired by nodename 9063@pr-hdds-1569-s44lr-3492059363
2019-09-25 06:34:02,953 [pool-117-thread-1] INFO  storage.RaftStorage (RaftStorage.java:format(72)) - Storage directory /workdir/hadoop-ozone/ozonefs/target/test-dir/MiniOzoneClusterImpl-d97e1daa-6e0c-4900-b1c9-997de4e3459a/datanode-9/data/ratis/6c38b3a7-e98d-4df3-b418-00870aaba4f8 has been successfully formatted.
2019-09-25 06:34:02,953 [pool-117-thread-1] INFO  ratis.ContainerStateMachine (ContainerStateMachine.java:loadSnapshot(230)) - group-00870AABA4F8: The snapshot info is null. Setting the last applied indexto:(t:0, i:~)
2019-09-25 06:34:02,953 [pool-117-thread-1] INFO  server.RaftServerConfigKeys (ConfUtils.java:logGet(43)) - raft.server.notification.no-leader.timeout = 120s (custom)
2019-09-25 06:34:02,953 [pool-117-thread-1] INFO  server.RaftServerConfigKeys (ConfUtils.java:logGet(43)) - raft.server.log.use.memory = false (default)
2019-09-25 06:34:02,954 [pool-117-thread-1] INFO  server.RaftServerConfigKeys (ConfUtils.java:logGet(43)) - raft.server.log.purge.gap = 1000000 (custom)
2019-09-25 06:34:02,954 [pool-117-thread-1] INFO  server.RaftServerConfigKeys (ConfUtils.java:logGet(43)) - raft.server.log.appender.buffer.byte-limit = 33554432 (custom)
2019-09-25 06:34:02,954 [pool-117-thread-1] INFO  server.RaftServerConfigKeys (ConfUtils.java:logGet(43)) - raft.server.log.segment.size.max = 1048576 (custom)
2019-09-25 06:34:02,954 [pool-117-thread-1] INFO  server.RaftServerConfigKeys (ConfUtils.java:logGet(43)) - raft.server.log.segment.cache.num.max = 2 (custom)
2019-09-25 06:34:02,954 [pool-117-thread-1] INFO  segmented.SegmentedRaftLogWorker (SegmentedRaftLogWorker.java:<init>(172)) - new 9f1e8130-5807-4ed4-a5b5-273b79efb982@group-00870AABA4F8-SegmentedRaftLogWorker for RaftStorage:Storage Directory /workdir/hadoop-ozone/ozonefs/target/test-dir/MiniOzoneClusterImpl-d97e1daa-6e0c-4900-b1c9-997de4e3459a/datanode-9/data/ratis/6c38b3a7-e98d-4df3-b418-00870aaba4f8
2019-09-25 06:34:02,954 [pool-117-thread-1] INFO  server.RaftServerConfigKeys (ConfUtils.java:logGet(43)) - raft.server.log.queue.byte-limit = 2147483647 (custom)
2019-09-25 06:34:02,955 [pool-117-thread-1] INFO  server.RaftServerConfigKeys (ConfUtils.java:logGet(43)) - raft.server.log.queue.element-limit = 1024 (custom)
2019-09-25 06:34:02,955 [pool-117-thread-1] INFO  server.RaftServerConfigKeys (ConfUtils.java:logGet(43)) - raft.server.log.segment.size.max = 1048576 (custom)
2019-09-25 06:34:02,955 [pool-117-thread-1] INFO  server.RaftServerConfigKeys (ConfUtils.java:logGet(43)) - raft.server.log.preallocated.size = 16384 (custom)
2019-09-25 06:34:02,955 [pool-117-thread-1] INFO  server.RaftServerConfigKeys (ConfUtils.java:logGet(43)) - raft.server.log.write.buffer.size = 33554432 (custom)
2019-09-25 06:34:02,955 [pool-117-thread-1] INFO  server.RaftServerConfigKeys (ConfUtils.java:logGet(43)) - raft.server.log.force.sync.num = 128 (default)
2019-09-25 06:34:02,955 [pool-117-thread-1] INFO  server.RaftServerConfigKeys (ConfUtils.java:logGet(43)) - raft.server.log.statemachine.data.sync = true (default)
2019-09-25 06:34:02,955 [pool-117-thread-1] INFO  server.RaftServerConfigKeys (ConfUtils.java:logGet(43)) - raft.server.log.statemachine.data.sync.timeout = 10s (default)
2019-09-25 06:34:02,956 [pool-117-thread-1] INFO  server.RaftServerConfigKeys (ConfUtils.java:logGet(43)) - raft.server.log.statemachine.data.sync.timeout.retry = -1 (default)
2019-09-25 06:34:02,956 [pool-117-thread-1] INFO  server.RaftServerConfigKeys (ConfUtils.java:logGet(43)) - raft.server.log.statemachine.data.caching.enabled = true (custom)
2019-09-25 06:34:02,956 [pool-117-thread-1] INFO  segmented.SegmentedRaftLogWorker (SegmentedRaftLogWorker.java:lambda$new$0(132)) - 9f1e8130-5807-4ed4-a5b5-273b79efb982@group-00870AABA4F8-SegmentedRaftLogWorker: flushIndex: setUnconditionally 0 -> -1
2019-09-25 06:34:02,957 [pool-117-thread-1] INFO  server.RaftServerConfigKeys (ConfUtils.java:logGet(43)) - raft.server.snapshot.auto.trigger.enabled = true (custom)
2019-09-25 06:34:02,957 [pool-117-thread-1] INFO  server.RaftServerConfigKeys (ConfUtils.java:logGet(43)) - raft.server.snapshot.auto.trigger.threshold = 10000 (custom)
2019-09-25 06:34:02,957 [pool-117-thread-1] INFO  server.RaftServerConfigKeys (ConfUtils.java:logGet(43)) - raft.server.snapshot.retention.num.files = 5 (custom)
2019-09-25 06:34:02,957 [pool-117-thread-1] INFO  server.RaftServerConfigKeys (ConfUtils.java:logGet(43)) - raft.server.retrycache.expirytime = 600000ms (custom)
2019-09-25 06:34:02,959 [pool-117-thread-1] INFO  impl.RaftServerImpl (RaftServerImpl.java:start(185)) - 9f1e8130-5807-4ed4-a5b5-273b79efb982@group-00870AABA4F8: start as a follower, conf=-1: [9f1e8130-5807-4ed4-a5b5-273b79efb982:192.168.164.207:40481], old=null
2019-09-25 06:34:02,959 [pool-117-thread-1] INFO  impl.RaftServerImpl (RaftServerImpl.java:setRole(174)) - 9f1e8130-5807-4ed4-a5b5-273b79efb982@group-00870AABA4F8: changes role from      null to FOLLOWER at term 0 for startAsFollower
2019-09-25 06:34:02,960 [pool-117-thread-1] INFO  impl.RoleInfo (RoleInfo.java:updateAndGet(143)) - 9f1e8130-5807-4ed4-a5b5-273b79efb982: start FollowerState
2019-09-25 06:34:02,960 [pool-117-thread-1] INFO  util.JmxRegister (JmxRegister.java:tryRegister(44)) - Successfully registered JMX Bean with object name Ratis:service=RaftServer,group=group-00870AABA4F8,id=9f1e8130-5807-4ed4-a5b5-273b79efb982
2019-09-25 06:34:02,963 [RatisPipelineUtilsThread] INFO  pipeline.PipelineStateManager (PipelineStateManager.java:addPipeline(56)) - Created pipeline Pipeline[ Id: 6c38b3a7-e98d-4df3-b418-00870aaba4f8, Nodes: 9f1e8130-5807-4ed4-a5b5-273b79efb982{ip: 192.168.164.207, host: pr-hdds-1569-s44lr-3492059363, networkLocation: /default-rack, certSerialId: null}, Type:RATIS, Factor:ONE, State:OPEN]
2019-09-25 06:34:02,963 [RatisPipelineUtilsThread] INFO  pipeline.PipelinePlacementPolicy (PipelinePlacementPolicy.java:meetCriteria(91)) - Pipeline Placement: can't place more pipeline on heavy datanode： ada091b4-9675-42a7-afd4-5850bd9f4e78 Heaviness: 6 limit: 5
2019-09-25 06:34:02,963 [RatisPipelineUtilsThread] INFO  pipeline.PipelinePlacementPolicy (PipelinePlacementPolicy.java:meetCriteria(91)) - Pipeline Placement: can't place more pipeline on heavy datanode： 81f06f72-72c9-4329-855f-4bc73f7e5da2 Heaviness: 6 limit: 5
2019-09-25 06:34:02,963 [RatisPipelineUtilsThread] INFO  pipeline.PipelinePlacementPolicy (PipelinePlacementPolicy.java:meetCriteria(91)) - Pipeline Placement: can't place more pipeline on heavy datanode： f9a1adb5-ac95-4f8b-8632-8bfce9a5ce16 Heaviness: 6 limit: 5
2019-09-25 06:34:02,964 [RatisPipelineUtilsThread] INFO  pipeline.PipelinePlacementPolicy (PipelinePlacementPolicy.java:meetCriteria(91)) - Pipeline Placement: can't place more pipeline on heavy datanode： 59047a66-3178-4e61-9c82-892aa22a5b81 Heaviness: 6 limit: 5
2019-09-25 06:34:02,969 [grpc-default-executor-0] INFO  impl.RaftServerProxy (RaftServerProxy.java:addNew(89)) - 9f1e8130-5807-4ed4-a5b5-273b79efb982: addNew group-6BDA0D6A3994:[9f1e8130-5807-4ed4-a5b5-273b79efb982:192.168.164.207:40481] returns group-6BDA0D6A3994:java.util.concurrent.CompletableFuture@5f7e62c1[Not completed]
2019-09-25 06:34:02,970 [pool-117-thread-1] INFO  impl.RaftServerImpl (RaftServerImpl.java:<init>(95)) - 9f1e8130-5807-4ed4-a5b5-273b79efb982: new RaftServerImpl for group-6BDA0D6A3994:[9f1e8130-5807-4ed4-a5b5-273b79efb982:192.168.164.207:40481] with ContainerStateMachine:uninitialized
2019-09-25 06:34:02,970 [pool-117-thread-1] INFO  server.RaftServerConfigKeys (ConfUtils.java:logGet(43)) - raft.server.rpc.timeout.min = 5s (custom)
2019-09-25 06:34:02,970 [pool-117-thread-1] INFO  server.RaftServerConfigKeys (ConfUtils.java:logGet(43)) - raft.server.rpc.timeout.max = 5200ms (custom)
2019-09-25 06:34:02,970 [pool-117-thread-1] INFO  server.RaftServerConfigKeys (ConfUtils.java:logGet(43)) - raft.server.rpcslowness.timeout = 120s (custom)
2019-09-25 06:34:02,970 [pool-117-thread-1] INFO  server.RaftServerConfigKeys (ConfUtils.java:logGet(43)) - raft.server.sleep.deviation.threshold = 300 (default)
2019-09-25 06:34:02,970 [pool-117-thread-1] INFO  server.RaftServerConfigKeys (ConfUtils.java:logGet(43)) - raft.server.log.appender.install.snapshot.enabled = false (custom)
2019-09-25 06:34:02,970 [pool-117-thread-1] INFO  impl.RaftServerImpl (ServerState.java:<init>(103)) - 9f1e8130-5807-4ed4-a5b5-273b79efb982@group-6BDA0D6A3994: ConfigurationManager, init=-1: [9f1e8130-5807-4ed4-a5b5-273b79efb982:192.168.164.207:40481], old=null, confs=<EMPTY_MAP>
2019-09-25 06:34:02,971 [pool-117-thread-1] INFO  server.RaftServerConfigKeys (ConfUtils.java:logGet(43)) - raft.server.storage.dir = [/workdir/hadoop-ozone/ozonefs/target/test-dir/MiniOzoneClusterImpl-d97e1daa-6e0c-4900-b1c9-997de4e3459a/datanode-9/data/ratis] (custom)
2019-09-25 06:34:02,971 [pool-117-thread-1] INFO  storage.RaftStorageDirectory (RaftStorageDirectory.java:analyzeStorage(246)) - The storage directory /workdir/hadoop-ozone/ozonefs/target/test-dir/MiniOzoneClusterImpl-d97e1daa-6e0c-4900-b1c9-997de4e3459a/datanode-9/data/ratis/e9a842d2-b141-47f7-aba1-6bda0d6a3994 does not exist. Creating ...
2019-09-25 06:34:02,983 [pool-117-thread-1] INFO  storage.RaftStorageDirectory (RaftStorageDirectory.java:tryLock(328)) - Lock on /workdir/hadoop-ozone/ozonefs/target/test-dir/MiniOzoneClusterImpl-d97e1daa-6e0c-4900-b1c9-997de4e3459a/datanode-9/data/ratis/e9a842d2-b141-47f7-aba1-6bda0d6a3994/in_use.lock acquired by nodename 9063@pr-hdds-1569-s44lr-3492059363
2019-09-25 06:34:02,996 [pool-117-thread-1] INFO  storage.RaftStorage (RaftStorage.java:format(72)) - Storage directory /workdir/hadoop-ozone/ozonefs/target/test-dir/MiniOzoneClusterImpl-d97e1daa-6e0c-4900-b1c9-997de4e3459a/datanode-9/data/ratis/e9a842d2-b141-47f7-aba1-6bda0d6a3994 has been successfully formatted.
2019-09-25 06:34:02,997 [pool-117-thread-1] INFO  ratis.ContainerStateMachine (ContainerStateMachine.java:loadSnapshot(230)) - group-6BDA0D6A3994: The snapshot info is null. Setting the last applied indexto:(t:0, i:~)
2019-09-25 06:34:02,997 [pool-117-thread-1] INFO  server.RaftServerConfigKeys (ConfUtils.java:logGet(43)) - raft.server.notification.no-leader.timeout = 120s (custom)
2019-09-25 06:34:02,997 [pool-117-thread-1] INFO  server.RaftServerConfigKeys (ConfUtils.java:logGet(43)) - raft.server.log.use.memory = false (default)
2019-09-25 06:34:02,997 [pool-117-thread-1] INFO  server.RaftServerConfigKeys (ConfUtils.java:logGet(43)) - raft.server.log.purge.gap = 1000000 (custom)
2019-09-25 06:34:02,997 [pool-117-thread-1] INFO  server.RaftServerConfigKeys (ConfUtils.java:logGet(43)) - raft.server.log.appender.buffer.byte-limit = 33554432 (custom)
2019-09-25 06:34:02,997 [pool-117-thread-1] INFO  server.RaftServerConfigKeys (ConfUtils.java:logGet(43)) - raft.server.log.segment.size.max = 1048576 (custom)
2019-09-25 06:34:02,997 [pool-117-thread-1] INFO  server.RaftServerConfigKeys (ConfUtils.java:logGet(43)) - raft.server.log.segment.cache.num.max = 2 (custom)
2019-09-25 06:34:02,998 [pool-117-thread-1] INFO  segmented.SegmentedRaftLogWorker (SegmentedRaftLogWorker.java:<init>(172)) - new 9f1e8130-5807-4ed4-a5b5-273b79efb982@group-6BDA0D6A3994-SegmentedRaftLogWorker for RaftStorage:Storage Directory /workdir/hadoop-ozone/ozonefs/target/test-dir/MiniOzoneClusterImpl-d97e1daa-6e0c-4900-b1c9-997de4e3459a/datanode-9/data/ratis/e9a842d2-b141-47f7-aba1-6bda0d6a3994
2019-09-25 06:34:02,998 [pool-117-thread-1] INFO  server.RaftServerConfigKeys (ConfUtils.java:logGet(43)) - raft.server.log.queue.byte-limit = 2147483647 (custom)
2019-09-25 06:34:02,998 [pool-117-thread-1] INFO  server.RaftServerConfigKeys (ConfUtils.java:logGet(43)) - raft.server.log.queue.element-limit = 1024 (custom)
2019-09-25 06:34:02,998 [pool-117-thread-1] INFO  server.RaftServerConfigKeys (ConfUtils.java:logGet(43)) - raft.server.log.segment.size.max = 1048576 (custom)
2019-09-25 06:34:02,998 [pool-117-thread-1] INFO  server.RaftServerConfigKeys (ConfUtils.java:logGet(43)) - raft.server.log.preallocated.size = 16384 (custom)
2019-09-25 06:34:02,998 [pool-117-thread-1] INFO  server.RaftServerConfigKeys (ConfUtils.java:logGet(43)) - raft.server.log.write.buffer.size = 33554432 (custom)
2019-09-25 06:34:02,998 [pool-117-thread-1] INFO  server.RaftServerConfigKeys (ConfUtils.java:logGet(43)) - raft.server.log.force.sync.num = 128 (default)
2019-09-25 06:34:02,998 [pool-117-thread-1] INFO  server.RaftServerConfigKeys (ConfUtils.java:logGet(43)) - raft.server.log.statemachine.data.sync = true (default)
2019-09-25 06:34:02,999 [pool-117-thread-1] INFO  server.RaftServerConfigKeys (ConfUtils.java:logGet(43)) - raft.server.log.statemachine.data.sync.timeout = 10s (default)
2019-09-25 06:34:02,999 [pool-117-thread-1] INFO  server.RaftServerConfigKeys (ConfUtils.java:logGet(43)) - raft.server.log.statemachine.data.sync.timeout.retry = -1 (default)
2019-09-25 06:34:02,999 [pool-117-thread-1] INFO  server.RaftServerConfigKeys (ConfUtils.java:logGet(43)) - raft.server.log.statemachine.data.caching.enabled = true (custom)
2019-09-25 06:34:02,999 [pool-117-thread-1] INFO  segmented.SegmentedRaftLogWorker (SegmentedRaftLogWorker.java:lambda$new$0(132)) - 9f1e8130-5807-4ed4-a5b5-273b79efb982@group-6BDA0D6A3994-SegmentedRaftLogWorker: flushIndex: setUnconditionally 0 -> -1
2019-09-25 06:34:02,999 [pool-117-thread-1] INFO  server.RaftServerConfigKeys (ConfUtils.java:logGet(43)) - raft.server.snapshot.auto.trigger.enabled = true (custom)
2019-09-25 06:34:03,000 [pool-117-thread-1] INFO  server.RaftServerConfigKeys (ConfUtils.java:logGet(43)) - raft.server.snapshot.auto.trigger.threshold = 10000 (custom)
2019-09-25 06:34:03,000 [pool-117-thread-1] INFO  server.RaftServerConfigKeys (ConfUtils.java:logGet(43)) - raft.server.snapshot.retention.num.files = 5 (custom)
2019-09-25 06:34:03,000 [pool-117-thread-1] INFO  server.RaftServerConfigKeys (ConfUtils.java:logGet(43)) - raft.server.retrycache.expirytime = 600000ms (custom)
2019-09-25 06:34:03,002 [pool-117-thread-1] INFO  impl.RaftServerImpl (RaftServerImpl.java:start(185)) - 9f1e8130-5807-4ed4-a5b5-273b79efb982@group-6BDA0D6A3994: start as a follower, conf=-1: [9f1e8130-5807-4ed4-a5b5-273b79efb982:192.168.164.207:40481], old=null
2019-09-25 06:34:03,002 [pool-117-thread-1] INFO  impl.RaftServerImpl (RaftServerImpl.java:setRole(174)) - 9f1e8130-5807-4ed4-a5b5-273b79efb982@group-6BDA0D6A3994: changes role from      null to FOLLOWER at term 0 for startAsFollower
2019-09-25 06:34:03,002 [pool-117-thread-1] INFO  impl.RoleInfo (RoleInfo.java:updateAndGet(143)) - 9f1e8130-5807-4ed4-a5b5-273b79efb982: start FollowerState
2019-09-25 06:34:03,002 [pool-117-thread-1] INFO  util.JmxRegister (JmxRegister.java:tryRegister(44)) - Successfully registered JMX Bean with object name Ratis:service=RaftServer,group=group-6BDA0D6A3994,id=9f1e8130-5807-4ed4-a5b5-273b79efb982
2019-09-25 06:34:03,005 [RatisPipelineUtilsThread] INFO  pipeline.PipelineStateManager (PipelineStateManager.java:addPipeline(56)) - Created pipeline Pipeline[ Id: e9a842d2-b141-47f7-aba1-6bda0d6a3994, Nodes: 9f1e8130-5807-4ed4-a5b5-273b79efb982{ip: 192.168.164.207, host: pr-hdds-1569-s44lr-3492059363, networkLocation: /default-rack, certSerialId: null}, Type:RATIS, Factor:ONE, State:OPEN]
2019-09-25 06:34:03,005 [RatisPipelineUtilsThread] INFO  pipeline.PipelinePlacementPolicy (PipelinePlacementPolicy.java:meetCriteria(91)) - Pipeline Placement: can't place more pipeline on heavy datanode： ada091b4-9675-42a7-afd4-5850bd9f4e78 Heaviness: 6 limit: 5
2019-09-25 06:34:03,005 [RatisPipelineUtilsThread] INFO  pipeline.PipelinePlacementPolicy (PipelinePlacementPolicy.java:meetCriteria(91)) - Pipeline Placement: can't place more pipeline on heavy datanode： 81f06f72-72c9-4329-855f-4bc73f7e5da2 Heaviness: 6 limit: 5
2019-09-25 06:34:03,005 [RatisPipelineUtilsThread] INFO  pipeline.PipelinePlacementPolicy (PipelinePlacementPolicy.java:meetCriteria(91)) - Pipeline Placement: can't place more pipeline on heavy datanode： f9a1adb5-ac95-4f8b-8632-8bfce9a5ce16 Heaviness: 6 limit: 5
2019-09-25 06:34:03,005 [RatisPipelineUtilsThread] INFO  pipeline.PipelinePlacementPolicy (PipelinePlacementPolicy.java:meetCriteria(91)) - Pipeline Placement: can't place more pipeline on heavy datanode： 59047a66-3178-4e61-9c82-892aa22a5b81 Heaviness: 6 limit: 5
2019-09-25 06:34:03,006 [RatisPipelineUtilsThread] INFO  pipeline.PipelinePlacementPolicy (PipelinePlacementPolicy.java:meetCriteria(91)) - Pipeline Placement: can't place more pipeline on heavy datanode： 9f1e8130-5807-4ed4-a5b5-273b79efb982 Heaviness: 6 limit: 5
2019-09-25 06:34:03,010 [grpc-default-executor-0] INFO  impl.RaftServerProxy (RaftServerProxy.java:addNew(89)) - 49960203-aee6-4047-85fd-ecacef3efebf: addNew group-067E227E8922:[49960203-aee6-4047-85fd-ecacef3efebf:192.168.164.207:34853] returns group-067E227E8922:java.util.concurrent.CompletableFuture@32dea31d[Not completed]
2019-09-25 06:34:03,011 [pool-67-thread-1] INFO  impl.RaftServerImpl (RaftServerImpl.java:<init>(95)) - 49960203-aee6-4047-85fd-ecacef3efebf: new RaftServerImpl for group-067E227E8922:[49960203-aee6-4047-85fd-ecacef3efebf:192.168.164.207:34853] with ContainerStateMachine:uninitialized
2019-09-25 06:34:03,011 [pool-67-thread-1] INFO  server.RaftServerConfigKeys (ConfUtils.java:logGet(43)) - raft.server.rpc.timeout.min = 5s (custom)
2019-09-25 06:34:03,011 [pool-67-thread-1] INFO  server.RaftServerConfigKeys (ConfUtils.java:logGet(43)) - raft.server.rpc.timeout.max = 5200ms (custom)
2019-09-25 06:34:03,012 [pool-67-thread-1] INFO  server.RaftServerConfigKeys (ConfUtils.java:logGet(43)) - raft.server.rpcslowness.timeout = 120s (custom)
2019-09-25 06:34:03,012 [pool-67-thread-1] INFO  server.RaftServerConfigKeys (ConfUtils.java:logGet(43)) - raft.server.sleep.deviation.threshold = 300 (default)
2019-09-25 06:34:03,012 [pool-67-thread-1] INFO  server.RaftServerConfigKeys (ConfUtils.java:logGet(43)) - raft.server.log.appender.install.snapshot.enabled = false (custom)
2019-09-25 06:34:03,012 [pool-67-thread-1] INFO  impl.RaftServerImpl (ServerState.java:<init>(103)) - 49960203-aee6-4047-85fd-ecacef3efebf@group-067E227E8922: ConfigurationManager, init=-1: [49960203-aee6-4047-85fd-ecacef3efebf:192.168.164.207:34853], old=null, confs=<EMPTY_MAP>
2019-09-25 06:34:03,012 [pool-67-thread-1] INFO  server.RaftServerConfigKeys (ConfUtils.java:logGet(43)) - raft.server.storage.dir = [/workdir/hadoop-ozone/ozonefs/target/test-dir/MiniOzoneClusterImpl-d97e1daa-6e0c-4900-b1c9-997de4e3459a/datanode-4/data/ratis] (custom)
2019-09-25 06:34:03,012 [pool-67-thread-1] INFO  storage.RaftStorageDirectory (RaftStorageDirectory.java:analyzeStorage(246)) - The storage directory /workdir/hadoop-ozone/ozonefs/target/test-dir/MiniOzoneClusterImpl-d97e1daa-6e0c-4900-b1c9-997de4e3459a/datanode-4/data/ratis/666ebd63-8b14-495f-901e-067e227e8922 does not exist. Creating ...
2019-09-25 06:34:03,026 [pool-67-thread-1] INFO  storage.RaftStorageDirectory (RaftStorageDirectory.java:tryLock(328)) - Lock on /workdir/hadoop-ozone/ozonefs/target/test-dir/MiniOzoneClusterImpl-d97e1daa-6e0c-4900-b1c9-997de4e3459a/datanode-4/data/ratis/666ebd63-8b14-495f-901e-067e227e8922/in_use.lock acquired by nodename 9063@pr-hdds-1569-s44lr-3492059363
2019-09-25 06:34:03,040 [pool-67-thread-1] INFO  storage.RaftStorage (RaftStorage.java:format(72)) - Storage directory /workdir/hadoop-ozone/ozonefs/target/test-dir/MiniOzoneClusterImpl-d97e1daa-6e0c-4900-b1c9-997de4e3459a/datanode-4/data/ratis/666ebd63-8b14-495f-901e-067e227e8922 has been successfully formatted.
2019-09-25 06:34:03,040 [pool-67-thread-1] INFO  ratis.ContainerStateMachine (ContainerStateMachine.java:loadSnapshot(230)) - group-067E227E8922: The snapshot info is null. Setting the last applied indexto:(t:0, i:~)
2019-09-25 06:34:03,040 [pool-67-thread-1] INFO  server.RaftServerConfigKeys (ConfUtils.java:logGet(43)) - raft.server.notification.no-leader.timeout = 120s (custom)
2019-09-25 06:34:03,040 [pool-67-thread-1] INFO  server.RaftServerConfigKeys (ConfUtils.java:logGet(43)) - raft.server.log.use.memory = false (default)
2019-09-25 06:34:03,040 [pool-67-thread-1] INFO  server.RaftServerConfigKeys (ConfUtils.java:logGet(43)) - raft.server.log.purge.gap = 1000000 (custom)
2019-09-25 06:34:03,040 [pool-67-thread-1] INFO  server.RaftServerConfigKeys (ConfUtils.java:logGet(43)) - raft.server.log.appender.buffer.byte-limit = 33554432 (custom)
2019-09-25 06:34:03,041 [pool-67-thread-1] INFO  server.RaftServerConfigKeys (ConfUtils.java:logGet(43)) - raft.server.log.segment.size.max = 1048576 (custom)
2019-09-25 06:34:03,041 [pool-67-thread-1] INFO  server.RaftServerConfigKeys (ConfUtils.java:logGet(43)) - raft.server.log.segment.cache.num.max = 2 (custom)
2019-09-25 06:34:03,041 [pool-67-thread-1] INFO  segmented.SegmentedRaftLogWorker (SegmentedRaftLogWorker.java:<init>(172)) - new 49960203-aee6-4047-85fd-ecacef3efebf@group-067E227E8922-SegmentedRaftLogWorker for RaftStorage:Storage Directory /workdir/hadoop-ozone/ozonefs/target/test-dir/MiniOzoneClusterImpl-d97e1daa-6e0c-4900-b1c9-997de4e3459a/datanode-4/data/ratis/666ebd63-8b14-495f-901e-067e227e8922
2019-09-25 06:34:03,041 [pool-67-thread-1] INFO  server.RaftServerConfigKeys (ConfUtils.java:logGet(43)) - raft.server.log.queue.byte-limit = 2147483647 (custom)
2019-09-25 06:34:03,041 [pool-67-thread-1] INFO  server.RaftServerConfigKeys (ConfUtils.java:logGet(43)) - raft.server.log.queue.element-limit = 1024 (custom)
2019-09-25 06:34:03,041 [pool-67-thread-1] INFO  server.RaftServerConfigKeys (ConfUtils.java:logGet(43)) - raft.server.log.segment.size.max = 1048576 (custom)
2019-09-25 06:34:03,041 [pool-67-thread-1] INFO  server.RaftServerConfigKeys (ConfUtils.java:logGet(43)) - raft.server.log.preallocated.size = 16384 (custom)
2019-09-25 06:34:03,041 [pool-67-thread-1] INFO  server.RaftServerConfigKeys (ConfUtils.java:logGet(43)) - raft.server.log.write.buffer.size = 33554432 (custom)
2019-09-25 06:34:03,042 [pool-67-thread-1] INFO  server.RaftServerConfigKeys (ConfUtils.java:logGet(43)) - raft.server.log.force.sync.num = 128 (default)
2019-09-25 06:34:03,042 [pool-67-thread-1] INFO  server.RaftServerConfigKeys (ConfUtils.java:logGet(43)) - raft.server.log.statemachine.data.sync = true (default)
2019-09-25 06:34:03,042 [pool-67-thread-1] INFO  server.RaftServerConfigKeys (ConfUtils.java:logGet(43)) - raft.server.log.statemachine.data.sync.timeout = 10s (default)
2019-09-25 06:34:03,042 [pool-67-thread-1] INFO  server.RaftServerConfigKeys (ConfUtils.java:logGet(43)) - raft.server.log.statemachine.data.sync.timeout.retry = -1 (default)
2019-09-25 06:34:03,042 [pool-67-thread-1] INFO  server.RaftServerConfigKeys (ConfUtils.java:logGet(43)) - raft.server.log.statemachine.data.caching.enabled = true (custom)
2019-09-25 06:34:03,042 [pool-67-thread-1] INFO  segmented.SegmentedRaftLogWorker (SegmentedRaftLogWorker.java:lambda$new$0(132)) - 49960203-aee6-4047-85fd-ecacef3efebf@group-067E227E8922-SegmentedRaftLogWorker: flushIndex: setUnconditionally 0 -> -1
2019-09-25 06:34:03,043 [pool-67-thread-1] INFO  server.RaftServerConfigKeys (ConfUtils.java:logGet(43)) - raft.server.snapshot.auto.trigger.enabled = true (custom)
2019-09-25 06:34:03,043 [pool-67-thread-1] INFO  server.RaftServerConfigKeys (ConfUtils.java:logGet(43)) - raft.server.snapshot.auto.trigger.threshold = 10000 (custom)
2019-09-25 06:34:03,043 [pool-67-thread-1] INFO  server.RaftServerConfigKeys (ConfUtils.java:logGet(43)) - raft.server.snapshot.retention.num.files = 5 (custom)
2019-09-25 06:34:03,043 [pool-67-thread-1] INFO  server.RaftServerConfigKeys (ConfUtils.java:logGet(43)) - raft.server.retrycache.expirytime = 600000ms (custom)
2019-09-25 06:34:03,045 [pool-67-thread-1] INFO  impl.RaftServerImpl (RaftServerImpl.java:start(185)) - 49960203-aee6-4047-85fd-ecacef3efebf@group-067E227E8922: start as a follower, conf=-1: [49960203-aee6-4047-85fd-ecacef3efebf:192.168.164.207:34853], old=null
2019-09-25 06:34:03,045 [pool-67-thread-1] INFO  impl.RaftServerImpl (RaftServerImpl.java:setRole(174)) - 49960203-aee6-4047-85fd-ecacef3efebf@group-067E227E8922: changes role from      null to FOLLOWER at term 0 for startAsFollower
2019-09-25 06:34:03,045 [pool-67-thread-1] INFO  impl.RoleInfo (RoleInfo.java:updateAndGet(143)) - 49960203-aee6-4047-85fd-ecacef3efebf: start FollowerState
2019-09-25 06:34:03,045 [pool-67-thread-1] INFO  util.JmxRegister (JmxRegister.java:tryRegister(44)) - Successfully registered JMX Bean with object name Ratis:service=RaftServer,group=group-067E227E8922,id=49960203-aee6-4047-85fd-ecacef3efebf
2019-09-25 06:34:03,047 [RatisPipelineUtilsThread] INFO  pipeline.PipelineStateManager (PipelineStateManager.java:addPipeline(56)) - Created pipeline Pipeline[ Id: 666ebd63-8b14-495f-901e-067e227e8922, Nodes: 49960203-aee6-4047-85fd-ecacef3efebf{ip: 192.168.164.207, host: pr-hdds-1569-s44lr-3492059363, networkLocation: /default-rack, certSerialId: null}, Type:RATIS, Factor:ONE, State:OPEN]
2019-09-25 06:34:03,048 [RatisPipelineUtilsThread] INFO  pipeline.PipelinePlacementPolicy (PipelinePlacementPolicy.java:meetCriteria(91)) - Pipeline Placement: can't place more pipeline on heavy datanode： ada091b4-9675-42a7-afd4-5850bd9f4e78 Heaviness: 6 limit: 5
2019-09-25 06:34:03,048 [RatisPipelineUtilsThread] INFO  pipeline.PipelinePlacementPolicy (PipelinePlacementPolicy.java:meetCriteria(91)) - Pipeline Placement: can't place more pipeline on heavy datanode： 81f06f72-72c9-4329-855f-4bc73f7e5da2 Heaviness: 6 limit: 5
2019-09-25 06:34:03,048 [RatisPipelineUtilsThread] INFO  pipeline.PipelinePlacementPolicy (PipelinePlacementPolicy.java:meetCriteria(91)) - Pipeline Placement: can't place more pipeline on heavy datanode： f9a1adb5-ac95-4f8b-8632-8bfce9a5ce16 Heaviness: 6 limit: 5
2019-09-25 06:34:03,048 [RatisPipelineUtilsThread] INFO  pipeline.PipelinePlacementPolicy (PipelinePlacementPolicy.java:meetCriteria(91)) - Pipeline Placement: can't place more pipeline on heavy datanode： 59047a66-3178-4e61-9c82-892aa22a5b81 Heaviness: 6 limit: 5
2019-09-25 06:34:03,048 [RatisPipelineUtilsThread] INFO  pipeline.PipelinePlacementPolicy (PipelinePlacementPolicy.java:meetCriteria(91)) - Pipeline Placement: can't place more pipeline on heavy datanode： 9f1e8130-5807-4ed4-a5b5-273b79efb982 Heaviness: 6 limit: 5
2019-09-25 06:34:03,057 [grpc-default-executor-0] INFO  impl.RaftServerProxy (RaftServerProxy.java:addNew(89)) - ceffdcde-d41f-4c1b-8c84-bdffc4697707: addNew group-6E5EC7790BF8:[ceffdcde-d41f-4c1b-8c84-bdffc4697707:192.168.164.207:44173] returns group-6E5EC7790BF8:java.util.concurrent.CompletableFuture@1295f308[Not completed]
2019-09-25 06:34:03,059 [pool-97-thread-1] INFO  impl.RaftServerImpl (RaftServerImpl.java:<init>(95)) - ceffdcde-d41f-4c1b-8c84-bdffc4697707: new RaftServerImpl for group-6E5EC7790BF8:[ceffdcde-d41f-4c1b-8c84-bdffc4697707:192.168.164.207:44173] with ContainerStateMachine:uninitialized
2019-09-25 06:34:03,060 [pool-97-thread-1] INFO  server.RaftServerConfigKeys (ConfUtils.java:logGet(43)) - raft.server.rpc.timeout.min = 5s (custom)
2019-09-25 06:34:03,060 [pool-97-thread-1] INFO  server.RaftServerConfigKeys (ConfUtils.java:logGet(43)) - raft.server.rpc.timeout.max = 5200ms (custom)
2019-09-25 06:34:03,060 [pool-97-thread-1] INFO  server.RaftServerConfigKeys (ConfUtils.java:logGet(43)) - raft.server.rpcslowness.timeout = 120s (custom)
2019-09-25 06:34:03,061 [pool-97-thread-1] INFO  server.RaftServerConfigKeys (ConfUtils.java:logGet(43)) - raft.server.sleep.deviation.threshold = 300 (default)
2019-09-25 06:34:03,061 [pool-97-thread-1] INFO  server.RaftServerConfigKeys (ConfUtils.java:logGet(43)) - raft.server.log.appender.install.snapshot.enabled = false (custom)
2019-09-25 06:34:03,061 [pool-97-thread-1] INFO  impl.RaftServerImpl (ServerState.java:<init>(103)) - ceffdcde-d41f-4c1b-8c84-bdffc4697707@group-6E5EC7790BF8: ConfigurationManager, init=-1: [ceffdcde-d41f-4c1b-8c84-bdffc4697707:192.168.164.207:44173], old=null, confs=<EMPTY_MAP>
2019-09-25 06:34:03,061 [pool-97-thread-1] INFO  server.RaftServerConfigKeys (ConfUtils.java:logGet(43)) - raft.server.storage.dir = [/workdir/hadoop-ozone/ozonefs/target/test-dir/MiniOzoneClusterImpl-d97e1daa-6e0c-4900-b1c9-997de4e3459a/datanode-7/data/ratis] (custom)
2019-09-25 06:34:03,062 [pool-97-thread-1] INFO  storage.RaftStorageDirectory (RaftStorageDirectory.java:analyzeStorage(246)) - The storage directory /workdir/hadoop-ozone/ozonefs/target/test-dir/MiniOzoneClusterImpl-d97e1daa-6e0c-4900-b1c9-997de4e3459a/datanode-7/data/ratis/5571d3a4-e93d-4cab-b24d-6e5ec7790bf8 does not exist. Creating ...
2019-09-25 06:34:03,075 [pool-97-thread-1] INFO  storage.RaftStorageDirectory (RaftStorageDirectory.java:tryLock(328)) - Lock on /workdir/hadoop-ozone/ozonefs/target/test-dir/MiniOzoneClusterImpl-d97e1daa-6e0c-4900-b1c9-997de4e3459a/datanode-7/data/ratis/5571d3a4-e93d-4cab-b24d-6e5ec7790bf8/in_use.lock acquired by nodename 9063@pr-hdds-1569-s44lr-3492059363
2019-09-25 06:34:03,089 [pool-97-thread-1] INFO  storage.RaftStorage (RaftStorage.java:format(72)) - Storage directory /workdir/hadoop-ozone/ozonefs/target/test-dir/MiniOzoneClusterImpl-d97e1daa-6e0c-4900-b1c9-997de4e3459a/datanode-7/data/ratis/5571d3a4-e93d-4cab-b24d-6e5ec7790bf8 has been successfully formatted.
2019-09-25 06:34:03,089 [pool-97-thread-1] INFO  ratis.ContainerStateMachine (ContainerStateMachine.java:loadSnapshot(230)) - group-6E5EC7790BF8: The snapshot info is null. Setting the last applied indexto:(t:0, i:~)
2019-09-25 06:34:03,089 [pool-97-thread-1] INFO  server.RaftServerConfigKeys (ConfUtils.java:logGet(43)) - raft.server.notification.no-leader.timeout = 120s (custom)
2019-09-25 06:34:03,090 [pool-97-thread-1] INFO  server.RaftServerConfigKeys (ConfUtils.java:logGet(43)) - raft.server.log.use.memory = false (default)
2019-09-25 06:34:03,090 [pool-97-thread-1] INFO  server.RaftServerConfigKeys (ConfUtils.java:logGet(43)) - raft.server.log.purge.gap = 1000000 (custom)
2019-09-25 06:34:03,090 [pool-97-thread-1] INFO  server.RaftServerConfigKeys (ConfUtils.java:logGet(43)) - raft.server.log.appender.buffer.byte-limit = 33554432 (custom)
2019-09-25 06:34:03,090 [pool-97-thread-1] INFO  server.RaftServerConfigKeys (ConfUtils.java:logGet(43)) - raft.server.log.segment.size.max = 1048576 (custom)
2019-09-25 06:34:03,090 [pool-97-thread-1] INFO  server.RaftServerConfigKeys (ConfUtils.java:logGet(43)) - raft.server.log.segment.cache.num.max = 2 (custom)
2019-09-25 06:34:03,090 [pool-97-thread-1] INFO  segmented.SegmentedRaftLogWorker (SegmentedRaftLogWorker.java:<init>(172)) - new ceffdcde-d41f-4c1b-8c84-bdffc4697707@group-6E5EC7790BF8-SegmentedRaftLogWorker for RaftStorage:Storage Directory /workdir/hadoop-ozone/ozonefs/target/test-dir/MiniOzoneClusterImpl-d97e1daa-6e0c-4900-b1c9-997de4e3459a/datanode-7/data/ratis/5571d3a4-e93d-4cab-b24d-6e5ec7790bf8
2019-09-25 06:34:03,090 [pool-97-thread-1] INFO  server.RaftServerConfigKeys (ConfUtils.java:logGet(43)) - raft.server.log.queue.byte-limit = 2147483647 (custom)
2019-09-25 06:34:03,091 [pool-97-thread-1] INFO  server.RaftServerConfigKeys (ConfUtils.java:logGet(43)) - raft.server.log.queue.element-limit = 1024 (custom)
2019-09-25 06:34:03,091 [pool-97-thread-1] INFO  server.RaftServerConfigKeys (ConfUtils.java:logGet(43)) - raft.server.log.segment.size.max = 1048576 (custom)
2019-09-25 06:34:03,091 [pool-97-thread-1] INFO  server.RaftServerConfigKeys (ConfUtils.java:logGet(43)) - raft.server.log.preallocated.size = 16384 (custom)
2019-09-25 06:34:03,091 [pool-97-thread-1] INFO  server.RaftServerConfigKeys (ConfUtils.java:logGet(43)) - raft.server.log.write.buffer.size = 33554432 (custom)
2019-09-25 06:34:03,091 [pool-97-thread-1] INFO  server.RaftServerConfigKeys (ConfUtils.java:logGet(43)) - raft.server.log.force.sync.num = 128 (default)
2019-09-25 06:34:03,091 [pool-97-thread-1] INFO  server.RaftServerConfigKeys (ConfUtils.java:logGet(43)) - raft.server.log.statemachine.data.sync = true (default)
2019-09-25 06:34:03,091 [pool-97-thread-1] INFO  server.RaftServerConfigKeys (ConfUtils.java:logGet(43)) - raft.server.log.statemachine.data.sync.timeout = 10s (default)
2019-09-25 06:34:03,091 [pool-97-thread-1] INFO  server.RaftServerConfigKeys (ConfUtils.java:logGet(43)) - raft.server.log.statemachine.data.sync.timeout.retry = -1 (default)
2019-09-25 06:34:03,092 [pool-97-thread-1] INFO  server.RaftServerConfigKeys (ConfUtils.java:logGet(43)) - raft.server.log.statemachine.data.caching.enabled = true (custom)
2019-09-25 06:34:03,092 [pool-97-thread-1] INFO  segmented.SegmentedRaftLogWorker (SegmentedRaftLogWorker.java:lambda$new$0(132)) - ceffdcde-d41f-4c1b-8c84-bdffc4697707@group-6E5EC7790BF8-SegmentedRaftLogWorker: flushIndex: setUnconditionally 0 -> -1
2019-09-25 06:34:03,092 [pool-97-thread-1] INFO  server.RaftServerConfigKeys (ConfUtils.java:logGet(43)) - raft.server.snapshot.auto.trigger.enabled = true (custom)
2019-09-25 06:34:03,092 [pool-97-thread-1] INFO  server.RaftServerConfigKeys (ConfUtils.java:logGet(43)) - raft.server.snapshot.auto.trigger.threshold = 10000 (custom)
2019-09-25 06:34:03,093 [pool-97-thread-1] INFO  server.RaftServerConfigKeys (ConfUtils.java:logGet(43)) - raft.server.snapshot.retention.num.files = 5 (custom)
2019-09-25 06:34:03,093 [pool-97-thread-1] INFO  server.RaftServerConfigKeys (ConfUtils.java:logGet(43)) - raft.server.retrycache.expirytime = 600000ms (custom)
2019-09-25 06:34:03,095 [pool-97-thread-1] INFO  impl.RaftServerImpl (RaftServerImpl.java:start(185)) - ceffdcde-d41f-4c1b-8c84-bdffc4697707@group-6E5EC7790BF8: start as a follower, conf=-1: [ceffdcde-d41f-4c1b-8c84-bdffc4697707:192.168.164.207:44173], old=null
2019-09-25 06:34:03,095 [pool-97-thread-1] INFO  impl.RaftServerImpl (RaftServerImpl.java:setRole(174)) - ceffdcde-d41f-4c1b-8c84-bdffc4697707@group-6E5EC7790BF8: changes role from      null to FOLLOWER at term 0 for startAsFollower
2019-09-25 06:34:03,095 [pool-97-thread-1] INFO  impl.RoleInfo (RoleInfo.java:updateAndGet(143)) - ceffdcde-d41f-4c1b-8c84-bdffc4697707: start FollowerState
2019-09-25 06:34:03,096 [pool-97-thread-1] INFO  util.JmxRegister (JmxRegister.java:tryRegister(44)) - Successfully registered JMX Bean with object name Ratis:service=RaftServer,group=group-6E5EC7790BF8,id=ceffdcde-d41f-4c1b-8c84-bdffc4697707
2019-09-25 06:34:03,099 [RatisPipelineUtilsThread] INFO  pipeline.PipelineStateManager (PipelineStateManager.java:addPipeline(56)) - Created pipeline Pipeline[ Id: 5571d3a4-e93d-4cab-b24d-6e5ec7790bf8, Nodes: ceffdcde-d41f-4c1b-8c84-bdffc4697707{ip: 192.168.164.207, host: pr-hdds-1569-s44lr-3492059363, networkLocation: /default-rack, certSerialId: null}, Type:RATIS, Factor:ONE, State:OPEN]
2019-09-25 06:34:03,099 [RatisPipelineUtilsThread] INFO  pipeline.PipelinePlacementPolicy (PipelinePlacementPolicy.java:meetCriteria(91)) - Pipeline Placement: can't place more pipeline on heavy datanode： ada091b4-9675-42a7-afd4-5850bd9f4e78 Heaviness: 6 limit: 5
2019-09-25 06:34:03,099 [RatisPipelineUtilsThread] INFO  pipeline.PipelinePlacementPolicy (PipelinePlacementPolicy.java:meetCriteria(91)) - Pipeline Placement: can't place more pipeline on heavy datanode： 81f06f72-72c9-4329-855f-4bc73f7e5da2 Heaviness: 6 limit: 5
2019-09-25 06:34:03,099 [RatisPipelineUtilsThread] INFO  pipeline.PipelinePlacementPolicy (PipelinePlacementPolicy.java:meetCriteria(91)) - Pipeline Placement: can't place more pipeline on heavy datanode： f9a1adb5-ac95-4f8b-8632-8bfce9a5ce16 Heaviness: 6 limit: 5
2019-09-25 06:34:03,100 [RatisPipelineUtilsThread] INFO  pipeline.PipelinePlacementPolicy (PipelinePlacementPolicy.java:meetCriteria(91)) - Pipeline Placement: can't place more pipeline on heavy datanode： 59047a66-3178-4e61-9c82-892aa22a5b81 Heaviness: 6 limit: 5
2019-09-25 06:34:03,100 [RatisPipelineUtilsThread] INFO  pipeline.PipelinePlacementPolicy (PipelinePlacementPolicy.java:meetCriteria(91)) - Pipeline Placement: can't place more pipeline on heavy datanode： 9f1e8130-5807-4ed4-a5b5-273b79efb982 Heaviness: 6 limit: 5
2019-09-25 06:34:03,105 [grpc-default-executor-0] INFO  impl.RaftServerProxy (RaftServerProxy.java:addNew(89)) - 313782b9-e18d-44cb-a4a7-8816635983d3: addNew group-D6FC75DBDD14:[313782b9-e18d-44cb-a4a7-8816635983d3:192.168.164.207:33244] returns group-D6FC75DBDD14:java.util.concurrent.CompletableFuture@77835822[Not completed]
2019-09-25 06:34:03,105 [pool-107-thread-1] INFO  impl.RaftServerImpl (RaftServerImpl.java:<init>(95)) - 313782b9-e18d-44cb-a4a7-8816635983d3: new RaftServerImpl for group-D6FC75DBDD14:[313782b9-e18d-44cb-a4a7-8816635983d3:192.168.164.207:33244] with ContainerStateMachine:uninitialized
2019-09-25 06:34:03,106 [pool-107-thread-1] INFO  server.RaftServerConfigKeys (ConfUtils.java:logGet(43)) - raft.server.rpc.timeout.min = 5s (custom)
2019-09-25 06:34:03,106 [pool-107-thread-1] INFO  server.RaftServerConfigKeys (ConfUtils.java:logGet(43)) - raft.server.rpc.timeout.max = 5200ms (custom)
2019-09-25 06:34:03,106 [pool-107-thread-1] INFO  server.RaftServerConfigKeys (ConfUtils.java:logGet(43)) - raft.server.rpcslowness.timeout = 120s (custom)
2019-09-25 06:34:03,106 [pool-107-thread-1] INFO  server.RaftServerConfigKeys (ConfUtils.java:logGet(43)) - raft.server.sleep.deviation.threshold = 300 (default)
2019-09-25 06:34:03,106 [pool-107-thread-1] INFO  server.RaftServerConfigKeys (ConfUtils.java:logGet(43)) - raft.server.log.appender.install.snapshot.enabled = false (custom)
2019-09-25 06:34:03,106 [pool-107-thread-1] INFO  impl.RaftServerImpl (ServerState.java:<init>(103)) - 313782b9-e18d-44cb-a4a7-8816635983d3@group-D6FC75DBDD14: ConfigurationManager, init=-1: [313782b9-e18d-44cb-a4a7-8816635983d3:192.168.164.207:33244], old=null, confs=<EMPTY_MAP>
2019-09-25 06:34:03,106 [pool-107-thread-1] INFO  server.RaftServerConfigKeys (ConfUtils.java:logGet(43)) - raft.server.storage.dir = [/workdir/hadoop-ozone/ozonefs/target/test-dir/MiniOzoneClusterImpl-d97e1daa-6e0c-4900-b1c9-997de4e3459a/datanode-8/data/ratis] (custom)
2019-09-25 06:34:03,107 [pool-107-thread-1] INFO  storage.RaftStorageDirectory (RaftStorageDirectory.java:analyzeStorage(246)) - The storage directory /workdir/hadoop-ozone/ozonefs/target/test-dir/MiniOzoneClusterImpl-d97e1daa-6e0c-4900-b1c9-997de4e3459a/datanode-8/data/ratis/dfb460a2-1c6c-480b-bd2e-d6fc75dbdd14 does not exist. Creating ...
2019-09-25 06:34:03,119 [pool-107-thread-1] INFO  storage.RaftStorageDirectory (RaftStorageDirectory.java:tryLock(328)) - Lock on /workdir/hadoop-ozone/ozonefs/target/test-dir/MiniOzoneClusterImpl-d97e1daa-6e0c-4900-b1c9-997de4e3459a/datanode-8/data/ratis/dfb460a2-1c6c-480b-bd2e-d6fc75dbdd14/in_use.lock acquired by nodename 9063@pr-hdds-1569-s44lr-3492059363
2019-09-25 06:34:03,123 [pool-107-thread-1] INFO  storage.RaftStorage (RaftStorage.java:format(72)) - Storage directory /workdir/hadoop-ozone/ozonefs/target/test-dir/MiniOzoneClusterImpl-d97e1daa-6e0c-4900-b1c9-997de4e3459a/datanode-8/data/ratis/dfb460a2-1c6c-480b-bd2e-d6fc75dbdd14 has been successfully formatted.
2019-09-25 06:34:03,123 [pool-107-thread-1] INFO  ratis.ContainerStateMachine (ContainerStateMachine.java:loadSnapshot(230)) - group-D6FC75DBDD14: The snapshot info is null. Setting the last applied indexto:(t:0, i:~)
2019-09-25 06:34:03,123 [pool-107-thread-1] INFO  server.RaftServerConfigKeys (ConfUtils.java:logGet(43)) - raft.server.notification.no-leader.timeout = 120s (custom)
2019-09-25 06:34:03,123 [pool-107-thread-1] INFO  server.RaftServerConfigKeys (ConfUtils.java:logGet(43)) - raft.server.log.use.memory = false (default)
2019-09-25 06:34:03,123 [pool-107-thread-1] INFO  server.RaftServerConfigKeys (ConfUtils.java:logGet(43)) - raft.server.log.purge.gap = 1000000 (custom)
2019-09-25 06:34:03,123 [pool-107-thread-1] INFO  server.RaftServerConfigKeys (ConfUtils.java:logGet(43)) - raft.server.log.appender.buffer.byte-limit = 33554432 (custom)
2019-09-25 06:34:03,124 [pool-107-thread-1] INFO  server.RaftServerConfigKeys (ConfUtils.java:logGet(43)) - raft.server.log.segment.size.max = 1048576 (custom)
2019-09-25 06:34:03,124 [pool-107-thread-1] INFO  server.RaftServerConfigKeys (ConfUtils.java:logGet(43)) - raft.server.log.segment.cache.num.max = 2 (custom)
2019-09-25 06:34:03,124 [pool-107-thread-1] INFO  segmented.SegmentedRaftLogWorker (SegmentedRaftLogWorker.java:<init>(172)) - new 313782b9-e18d-44cb-a4a7-8816635983d3@group-D6FC75DBDD14-SegmentedRaftLogWorker for RaftStorage:Storage Directory /workdir/hadoop-ozone/ozonefs/target/test-dir/MiniOzoneClusterImpl-d97e1daa-6e0c-4900-b1c9-997de4e3459a/datanode-8/data/ratis/dfb460a2-1c6c-480b-bd2e-d6fc75dbdd14
2019-09-25 06:34:03,124 [pool-107-thread-1] INFO  server.RaftServerConfigKeys (ConfUtils.java:logGet(43)) - raft.server.log.queue.byte-limit = 2147483647 (custom)
2019-09-25 06:34:03,124 [pool-107-thread-1] INFO  server.RaftServerConfigKeys (ConfUtils.java:logGet(43)) - raft.server.log.queue.element-limit = 1024 (custom)
2019-09-25 06:34:03,124 [pool-107-thread-1] INFO  server.RaftServerConfigKeys (ConfUtils.java:logGet(43)) - raft.server.log.segment.size.max = 1048576 (custom)
2019-09-25 06:34:03,124 [pool-107-thread-1] INFO  server.RaftServerConfigKeys (ConfUtils.java:logGet(43)) - raft.server.log.preallocated.size = 16384 (custom)
2019-09-25 06:34:03,124 [pool-107-thread-1] INFO  server.RaftServerConfigKeys (ConfUtils.java:logGet(43)) - raft.server.log.write.buffer.size = 33554432 (custom)
2019-09-25 06:34:03,124 [pool-107-thread-1] INFO  server.RaftServerConfigKeys (ConfUtils.java:logGet(43)) - raft.server.log.force.sync.num = 128 (default)
2019-09-25 06:34:03,125 [pool-107-thread-1] INFO  server.RaftServerConfigKeys (ConfUtils.java:logGet(43)) - raft.server.log.statemachine.data.sync = true (default)
2019-09-25 06:34:03,125 [pool-107-thread-1] INFO  server.RaftServerConfigKeys (ConfUtils.java:logGet(43)) - raft.server.log.statemachine.data.sync.timeout = 10s (default)
2019-09-25 06:34:03,125 [pool-107-thread-1] INFO  server.RaftServerConfigKeys (ConfUtils.java:logGet(43)) - raft.server.log.statemachine.data.sync.timeout.retry = -1 (default)
2019-09-25 06:34:03,125 [pool-107-thread-1] INFO  server.RaftServerConfigKeys (ConfUtils.java:logGet(43)) - raft.server.log.statemachine.data.caching.enabled = true (custom)
2019-09-25 06:34:03,125 [pool-107-thread-1] INFO  segmented.SegmentedRaftLogWorker (SegmentedRaftLogWorker.java:lambda$new$0(132)) - 313782b9-e18d-44cb-a4a7-8816635983d3@group-D6FC75DBDD14-SegmentedRaftLogWorker: flushIndex: setUnconditionally 0 -> -1
2019-09-25 06:34:03,125 [pool-107-thread-1] INFO  server.RaftServerConfigKeys (ConfUtils.java:logGet(43)) - raft.server.snapshot.auto.trigger.enabled = true (custom)
2019-09-25 06:34:03,126 [pool-107-thread-1] INFO  server.RaftServerConfigKeys (ConfUtils.java:logGet(43)) - raft.server.snapshot.auto.trigger.threshold = 10000 (custom)
2019-09-25 06:34:03,126 [pool-107-thread-1] INFO  server.RaftServerConfigKeys (ConfUtils.java:logGet(43)) - raft.server.snapshot.retention.num.files = 5 (custom)
2019-09-25 06:34:03,126 [pool-107-thread-1] INFO  server.RaftServerConfigKeys (ConfUtils.java:logGet(43)) - raft.server.retrycache.expirytime = 600000ms (custom)
2019-09-25 06:34:03,127 [pool-107-thread-1] INFO  impl.RaftServerImpl (RaftServerImpl.java:start(185)) - 313782b9-e18d-44cb-a4a7-8816635983d3@group-D6FC75DBDD14: start as a follower, conf=-1: [313782b9-e18d-44cb-a4a7-8816635983d3:192.168.164.207:33244], old=null
2019-09-25 06:34:03,128 [pool-107-thread-1] INFO  impl.RaftServerImpl (RaftServerImpl.java:setRole(174)) - 313782b9-e18d-44cb-a4a7-8816635983d3@group-D6FC75DBDD14: changes role from      null to FOLLOWER at term 0 for startAsFollower
2019-09-25 06:34:03,128 [pool-107-thread-1] INFO  impl.RoleInfo (RoleInfo.java:updateAndGet(143)) - 313782b9-e18d-44cb-a4a7-8816635983d3: start FollowerState
2019-09-25 06:34:03,128 [pool-107-thread-1] INFO  util.JmxRegister (JmxRegister.java:tryRegister(44)) - Successfully registered JMX Bean with object name Ratis:service=RaftServer,group=group-D6FC75DBDD14,id=313782b9-e18d-44cb-a4a7-8816635983d3
2019-09-25 06:34:03,130 [RatisPipelineUtilsThread] INFO  pipeline.PipelineStateManager (PipelineStateManager.java:addPipeline(56)) - Created pipeline Pipeline[ Id: dfb460a2-1c6c-480b-bd2e-d6fc75dbdd14, Nodes: 313782b9-e18d-44cb-a4a7-8816635983d3{ip: 192.168.164.207, host: pr-hdds-1569-s44lr-3492059363, networkLocation: /default-rack, certSerialId: null}, Type:RATIS, Factor:ONE, State:OPEN]
2019-09-25 06:34:03,130 [RatisPipelineUtilsThread] INFO  pipeline.PipelinePlacementPolicy (PipelinePlacementPolicy.java:meetCriteria(91)) - Pipeline Placement: can't place more pipeline on heavy datanode： 313782b9-e18d-44cb-a4a7-8816635983d3 Heaviness: 6 limit: 5
2019-09-25 06:34:03,131 [RatisPipelineUtilsThread] INFO  pipeline.PipelinePlacementPolicy (PipelinePlacementPolicy.java:meetCriteria(91)) - Pipeline Placement: can't place more pipeline on heavy datanode： ada091b4-9675-42a7-afd4-5850bd9f4e78 Heaviness: 6 limit: 5
2019-09-25 06:34:03,131 [RatisPipelineUtilsThread] INFO  pipeline.PipelinePlacementPolicy (PipelinePlacementPolicy.java:meetCriteria(91)) - Pipeline Placement: can't place more pipeline on heavy datanode： 81f06f72-72c9-4329-855f-4bc73f7e5da2 Heaviness: 6 limit: 5
2019-09-25 06:34:03,131 [RatisPipelineUtilsThread] INFO  pipeline.PipelinePlacementPolicy (PipelinePlacementPolicy.java:meetCriteria(91)) - Pipeline Placement: can't place more pipeline on heavy datanode： f9a1adb5-ac95-4f8b-8632-8bfce9a5ce16 Heaviness: 6 limit: 5
2019-09-25 06:34:03,131 [RatisPipelineUtilsThread] INFO  pipeline.PipelinePlacementPolicy (PipelinePlacementPolicy.java:meetCriteria(91)) - Pipeline Placement: can't place more pipeline on heavy datanode： 59047a66-3178-4e61-9c82-892aa22a5b81 Heaviness: 6 limit: 5
2019-09-25 06:34:03,131 [RatisPipelineUtilsThread] INFO  pipeline.PipelinePlacementPolicy (PipelinePlacementPolicy.java:meetCriteria(91)) - Pipeline Placement: can't place more pipeline on heavy datanode： 9f1e8130-5807-4ed4-a5b5-273b79efb982 Heaviness: 6 limit: 5
2019-09-25 06:34:03,135 [grpc-default-executor-0] INFO  impl.RaftServerProxy (RaftServerProxy.java:addNew(89)) - f64f24cc-0a31-403c-8370-70bfbc60f804: addNew group-336F44829697:[f64f24cc-0a31-403c-8370-70bfbc60f804:192.168.164.207:40060] returns group-336F44829697:java.util.concurrent.CompletableFuture@7be0ace4[Not completed]
2019-09-25 06:34:03,136 [pool-57-thread-1] INFO  impl.RaftServerImpl (RaftServerImpl.java:<init>(95)) - f64f24cc-0a31-403c-8370-70bfbc60f804: new RaftServerImpl for group-336F44829697:[f64f24cc-0a31-403c-8370-70bfbc60f804:192.168.164.207:40060] with ContainerStateMachine:uninitialized
2019-09-25 06:34:03,137 [pool-57-thread-1] INFO  server.RaftServerConfigKeys (ConfUtils.java:logGet(43)) - raft.server.rpc.timeout.min = 5s (custom)
2019-09-25 06:34:03,137 [pool-57-thread-1] INFO  server.RaftServerConfigKeys (ConfUtils.java:logGet(43)) - raft.server.rpc.timeout.max = 5200ms (custom)
2019-09-25 06:34:03,137 [pool-57-thread-1] INFO  server.RaftServerConfigKeys (ConfUtils.java:logGet(43)) - raft.server.rpcslowness.timeout = 120s (custom)
2019-09-25 06:34:03,137 [pool-57-thread-1] INFO  server.RaftServerConfigKeys (ConfUtils.java:logGet(43)) - raft.server.sleep.deviation.threshold = 300 (default)
2019-09-25 06:34:03,137 [pool-57-thread-1] INFO  server.RaftServerConfigKeys (ConfUtils.java:logGet(43)) - raft.server.log.appender.install.snapshot.enabled = false (custom)
2019-09-25 06:34:03,137 [pool-57-thread-1] INFO  impl.RaftServerImpl (ServerState.java:<init>(103)) - f64f24cc-0a31-403c-8370-70bfbc60f804@group-336F44829697: ConfigurationManager, init=-1: [f64f24cc-0a31-403c-8370-70bfbc60f804:192.168.164.207:40060], old=null, confs=<EMPTY_MAP>
2019-09-25 06:34:03,137 [pool-57-thread-1] INFO  server.RaftServerConfigKeys (ConfUtils.java:logGet(43)) - raft.server.storage.dir = [/workdir/hadoop-ozone/ozonefs/target/test-dir/MiniOzoneClusterImpl-d97e1daa-6e0c-4900-b1c9-997de4e3459a/datanode-3/data/ratis] (custom)
2019-09-25 06:34:03,138 [pool-57-thread-1] INFO  storage.RaftStorageDirectory (RaftStorageDirectory.java:analyzeStorage(246)) - The storage directory /workdir/hadoop-ozone/ozonefs/target/test-dir/MiniOzoneClusterImpl-d97e1daa-6e0c-4900-b1c9-997de4e3459a/datanode-3/data/ratis/24feeb86-7096-44ce-85f2-336f44829697 does not exist. Creating ...
2019-09-25 06:34:03,148 [pool-57-thread-1] INFO  storage.RaftStorageDirectory (RaftStorageDirectory.java:tryLock(328)) - Lock on /workdir/hadoop-ozone/ozonefs/target/test-dir/MiniOzoneClusterImpl-d97e1daa-6e0c-4900-b1c9-997de4e3459a/datanode-3/data/ratis/24feeb86-7096-44ce-85f2-336f44829697/in_use.lock acquired by nodename 9063@pr-hdds-1569-s44lr-3492059363
2019-09-25 06:34:03,157 [pool-57-thread-1] INFO  storage.RaftStorage (RaftStorage.java:format(72)) - Storage directory /workdir/hadoop-ozone/ozonefs/target/test-dir/MiniOzoneClusterImpl-d97e1daa-6e0c-4900-b1c9-997de4e3459a/datanode-3/data/ratis/24feeb86-7096-44ce-85f2-336f44829697 has been successfully formatted.
2019-09-25 06:34:03,158 [pool-57-thread-1] INFO  ratis.ContainerStateMachine (ContainerStateMachine.java:loadSnapshot(230)) - group-336F44829697: The snapshot info is null. Setting the last applied indexto:(t:0, i:~)
2019-09-25 06:34:03,158 [pool-57-thread-1] INFO  server.RaftServerConfigKeys (ConfUtils.java:logGet(43)) - raft.server.notification.no-leader.timeout = 120s (custom)
2019-09-25 06:34:03,158 [pool-57-thread-1] INFO  server.RaftServerConfigKeys (ConfUtils.java:logGet(43)) - raft.server.log.use.memory = false (default)
2019-09-25 06:34:03,158 [pool-57-thread-1] INFO  server.RaftServerConfigKeys (ConfUtils.java:logGet(43)) - raft.server.log.purge.gap = 1000000 (custom)
2019-09-25 06:34:03,158 [pool-57-thread-1] INFO  server.RaftServerConfigKeys (ConfUtils.java:logGet(43)) - raft.server.log.appender.buffer.byte-limit = 33554432 (custom)
2019-09-25 06:34:03,158 [pool-57-thread-1] INFO  server.RaftServerConfigKeys (ConfUtils.java:logGet(43)) - raft.server.log.segment.size.max = 1048576 (custom)
2019-09-25 06:34:03,158 [pool-57-thread-1] INFO  server.RaftServerConfigKeys (ConfUtils.java:logGet(43)) - raft.server.log.segment.cache.num.max = 2 (custom)
2019-09-25 06:34:03,159 [pool-57-thread-1] INFO  segmented.SegmentedRaftLogWorker (SegmentedRaftLogWorker.java:<init>(172)) - new f64f24cc-0a31-403c-8370-70bfbc60f804@group-336F44829697-SegmentedRaftLogWorker for RaftStorage:Storage Directory /workdir/hadoop-ozone/ozonefs/target/test-dir/MiniOzoneClusterImpl-d97e1daa-6e0c-4900-b1c9-997de4e3459a/datanode-3/data/ratis/24feeb86-7096-44ce-85f2-336f44829697
2019-09-25 06:34:03,159 [pool-57-thread-1] INFO  server.RaftServerConfigKeys (ConfUtils.java:logGet(43)) - raft.server.log.queue.byte-limit = 2147483647 (custom)
2019-09-25 06:34:03,159 [pool-57-thread-1] INFO  server.RaftServerConfigKeys (ConfUtils.java:logGet(43)) - raft.server.log.queue.element-limit = 1024 (custom)
2019-09-25 06:34:03,159 [pool-57-thread-1] INFO  server.RaftServerConfigKeys (ConfUtils.java:logGet(43)) - raft.server.log.segment.size.max = 1048576 (custom)
2019-09-25 06:34:03,159 [pool-57-thread-1] INFO  server.RaftServerConfigKeys (ConfUtils.java:logGet(43)) - raft.server.log.preallocated.size = 16384 (custom)
2019-09-25 06:34:03,159 [pool-57-thread-1] INFO  server.RaftServerConfigKeys (ConfUtils.java:logGet(43)) - raft.server.log.write.buffer.size = 33554432 (custom)
2019-09-25 06:34:03,159 [pool-57-thread-1] INFO  server.RaftServerConfigKeys (ConfUtils.java:logGet(43)) - raft.server.log.force.sync.num = 128 (default)
2019-09-25 06:34:03,160 [pool-57-thread-1] INFO  server.RaftServerConfigKeys (ConfUtils.java:logGet(43)) - raft.server.log.statemachine.data.sync = true (default)
2019-09-25 06:34:03,160 [pool-57-thread-1] INFO  server.RaftServerConfigKeys (ConfUtils.java:logGet(43)) - raft.server.log.statemachine.data.sync.timeout = 10s (default)
2019-09-25 06:34:03,160 [pool-57-thread-1] INFO  server.RaftServerConfigKeys (ConfUtils.java:logGet(43)) - raft.server.log.statemachine.data.sync.timeout.retry = -1 (default)
2019-09-25 06:34:03,160 [pool-57-thread-1] INFO  server.RaftServerConfigKeys (ConfUtils.java:logGet(43)) - raft.server.log.statemachine.data.caching.enabled = true (custom)
2019-09-25 06:34:03,160 [pool-57-thread-1] INFO  segmented.SegmentedRaftLogWorker (SegmentedRaftLogWorker.java:lambda$new$0(132)) - f64f24cc-0a31-403c-8370-70bfbc60f804@group-336F44829697-SegmentedRaftLogWorker: flushIndex: setUnconditionally 0 -> -1
2019-09-25 06:34:03,161 [pool-57-thread-1] INFO  server.RaftServerConfigKeys (ConfUtils.java:logGet(43)) - raft.server.snapshot.auto.trigger.enabled = true (custom)
2019-09-25 06:34:03,161 [pool-57-thread-1] INFO  server.RaftServerConfigKeys (ConfUtils.java:logGet(43)) - raft.server.snapshot.auto.trigger.threshold = 10000 (custom)
2019-09-25 06:34:03,161 [pool-57-thread-1] INFO  server.RaftServerConfigKeys (ConfUtils.java:logGet(43)) - raft.server.snapshot.retention.num.files = 5 (custom)
2019-09-25 06:34:03,161 [pool-57-thread-1] INFO  server.RaftServerConfigKeys (ConfUtils.java:logGet(43)) - raft.server.retrycache.expirytime = 600000ms (custom)
2019-09-25 06:34:03,163 [pool-57-thread-1] INFO  impl.RaftServerImpl (RaftServerImpl.java:start(185)) - f64f24cc-0a31-403c-8370-70bfbc60f804@group-336F44829697: start as a follower, conf=-1: [f64f24cc-0a31-403c-8370-70bfbc60f804:192.168.164.207:40060], old=null
2019-09-25 06:34:03,163 [pool-57-thread-1] INFO  impl.RaftServerImpl (RaftServerImpl.java:setRole(174)) - f64f24cc-0a31-403c-8370-70bfbc60f804@group-336F44829697: changes role from      null to FOLLOWER at term 0 for startAsFollower
2019-09-25 06:34:03,163 [pool-57-thread-1] INFO  impl.RoleInfo (RoleInfo.java:updateAndGet(143)) - f64f24cc-0a31-403c-8370-70bfbc60f804: start FollowerState
2019-09-25 06:34:03,164 [pool-57-thread-1] INFO  util.JmxRegister (JmxRegister.java:tryRegister(44)) - Successfully registered JMX Bean with object name Ratis:service=RaftServer,group=group-336F44829697,id=f64f24cc-0a31-403c-8370-70bfbc60f804
2019-09-25 06:34:03,166 [RatisPipelineUtilsThread] INFO  pipeline.PipelineStateManager (PipelineStateManager.java:addPipeline(56)) - Created pipeline Pipeline[ Id: 24feeb86-7096-44ce-85f2-336f44829697, Nodes: f64f24cc-0a31-403c-8370-70bfbc60f804{ip: 192.168.164.207, host: pr-hdds-1569-s44lr-3492059363, networkLocation: /default-rack, certSerialId: null}, Type:RATIS, Factor:ONE, State:OPEN]
2019-09-25 06:34:03,166 [RatisPipelineUtilsThread] INFO  pipeline.PipelinePlacementPolicy (PipelinePlacementPolicy.java:meetCriteria(91)) - Pipeline Placement: can't place more pipeline on heavy datanode： 313782b9-e18d-44cb-a4a7-8816635983d3 Heaviness: 6 limit: 5
2019-09-25 06:34:03,167 [RatisPipelineUtilsThread] INFO  pipeline.PipelinePlacementPolicy (PipelinePlacementPolicy.java:meetCriteria(91)) - Pipeline Placement: can't place more pipeline on heavy datanode： f64f24cc-0a31-403c-8370-70bfbc60f804 Heaviness: 6 limit: 5
2019-09-25 06:34:03,167 [RatisPipelineUtilsThread] INFO  pipeline.PipelinePlacementPolicy (PipelinePlacementPolicy.java:meetCriteria(91)) - Pipeline Placement: can't place more pipeline on heavy datanode： ada091b4-9675-42a7-afd4-5850bd9f4e78 Heaviness: 6 limit: 5
2019-09-25 06:34:03,167 [RatisPipelineUtilsThread] INFO  pipeline.PipelinePlacementPolicy (PipelinePlacementPolicy.java:meetCriteria(91)) - Pipeline Placement: can't place more pipeline on heavy datanode： 81f06f72-72c9-4329-855f-4bc73f7e5da2 Heaviness: 6 limit: 5
2019-09-25 06:34:03,167 [RatisPipelineUtilsThread] INFO  pipeline.PipelinePlacementPolicy (PipelinePlacementPolicy.java:meetCriteria(91)) - Pipeline Placement: can't place more pipeline on heavy datanode： f9a1adb5-ac95-4f8b-8632-8bfce9a5ce16 Heaviness: 6 limit: 5
2019-09-25 06:34:03,167 [RatisPipelineUtilsThread] INFO  pipeline.PipelinePlacementPolicy (PipelinePlacementPolicy.java:meetCriteria(91)) - Pipeline Placement: can't place more pipeline on heavy datanode： 59047a66-3178-4e61-9c82-892aa22a5b81 Heaviness: 6 limit: 5
2019-09-25 06:34:03,167 [RatisPipelineUtilsThread] INFO  pipeline.PipelinePlacementPolicy (PipelinePlacementPolicy.java:meetCriteria(91)) - Pipeline Placement: can't place more pipeline on heavy datanode： 9f1e8130-5807-4ed4-a5b5-273b79efb982 Heaviness: 6 limit: 5
2019-09-25 06:34:03,172 [grpc-default-executor-0] INFO  impl.RaftServerProxy (RaftServerProxy.java:addNew(89)) - 49960203-aee6-4047-85fd-ecacef3efebf: addNew group-95DE5D47C8A8:[49960203-aee6-4047-85fd-ecacef3efebf:192.168.164.207:34853] returns group-95DE5D47C8A8:java.util.concurrent.CompletableFuture@307048de[Not completed]
2019-09-25 06:34:03,173 [pool-67-thread-1] INFO  impl.RaftServerImpl (RaftServerImpl.java:<init>(95)) - 49960203-aee6-4047-85fd-ecacef3efebf: new RaftServerImpl for group-95DE5D47C8A8:[49960203-aee6-4047-85fd-ecacef3efebf:192.168.164.207:34853] with ContainerStateMachine:uninitialized
2019-09-25 06:34:03,173 [pool-67-thread-1] INFO  server.RaftServerConfigKeys (ConfUtils.java:logGet(43)) - raft.server.rpc.timeout.min = 5s (custom)
2019-09-25 06:34:03,174 [pool-67-thread-1] INFO  server.RaftServerConfigKeys (ConfUtils.java:logGet(43)) - raft.server.rpc.timeout.max = 5200ms (custom)
2019-09-25 06:34:03,174 [pool-67-thread-1] INFO  server.RaftServerConfigKeys (ConfUtils.java:logGet(43)) - raft.server.rpcslowness.timeout = 120s (custom)
2019-09-25 06:34:03,174 [pool-67-thread-1] INFO  server.RaftServerConfigKeys (ConfUtils.java:logGet(43)) - raft.server.sleep.deviation.threshold = 300 (default)
2019-09-25 06:34:03,174 [pool-67-thread-1] INFO  server.RaftServerConfigKeys (ConfUtils.java:logGet(43)) - raft.server.log.appender.install.snapshot.enabled = false (custom)
2019-09-25 06:34:03,174 [pool-67-thread-1] INFO  impl.RaftServerImpl (ServerState.java:<init>(103)) - 49960203-aee6-4047-85fd-ecacef3efebf@group-95DE5D47C8A8: ConfigurationManager, init=-1: [49960203-aee6-4047-85fd-ecacef3efebf:192.168.164.207:34853], old=null, confs=<EMPTY_MAP>
2019-09-25 06:34:03,174 [pool-67-thread-1] INFO  server.RaftServerConfigKeys (ConfUtils.java:logGet(43)) - raft.server.storage.dir = [/workdir/hadoop-ozone/ozonefs/target/test-dir/MiniOzoneClusterImpl-d97e1daa-6e0c-4900-b1c9-997de4e3459a/datanode-4/data/ratis] (custom)
2019-09-25 06:34:03,174 [pool-67-thread-1] INFO  storage.RaftStorageDirectory (RaftStorageDirectory.java:analyzeStorage(246)) - The storage directory /workdir/hadoop-ozone/ozonefs/target/test-dir/MiniOzoneClusterImpl-d97e1daa-6e0c-4900-b1c9-997de4e3459a/datanode-4/data/ratis/fb221107-06ff-42d7-a015-95de5d47c8a8 does not exist. Creating ...
2019-09-25 06:34:03,186 [pool-67-thread-1] INFO  storage.RaftStorageDirectory (RaftStorageDirectory.java:tryLock(328)) - Lock on /workdir/hadoop-ozone/ozonefs/target/test-dir/MiniOzoneClusterImpl-d97e1daa-6e0c-4900-b1c9-997de4e3459a/datanode-4/data/ratis/fb221107-06ff-42d7-a015-95de5d47c8a8/in_use.lock acquired by nodename 9063@pr-hdds-1569-s44lr-3492059363
2019-09-25 06:34:03,199 [pool-67-thread-1] INFO  storage.RaftStorage (RaftStorage.java:format(72)) - Storage directory /workdir/hadoop-ozone/ozonefs/target/test-dir/MiniOzoneClusterImpl-d97e1daa-6e0c-4900-b1c9-997de4e3459a/datanode-4/data/ratis/fb221107-06ff-42d7-a015-95de5d47c8a8 has been successfully formatted.
2019-09-25 06:34:03,199 [pool-67-thread-1] INFO  ratis.ContainerStateMachine (ContainerStateMachine.java:loadSnapshot(230)) - group-95DE5D47C8A8: The snapshot info is null. Setting the last applied indexto:(t:0, i:~)
2019-09-25 06:34:03,199 [pool-67-thread-1] INFO  server.RaftServerConfigKeys (ConfUtils.java:logGet(43)) - raft.server.notification.no-leader.timeout = 120s (custom)
2019-09-25 06:34:03,200 [pool-67-thread-1] INFO  server.RaftServerConfigKeys (ConfUtils.java:logGet(43)) - raft.server.log.use.memory = false (default)
2019-09-25 06:34:03,200 [pool-67-thread-1] INFO  server.RaftServerConfigKeys (ConfUtils.java:logGet(43)) - raft.server.log.purge.gap = 1000000 (custom)
2019-09-25 06:34:03,200 [pool-67-thread-1] INFO  server.RaftServerConfigKeys (ConfUtils.java:logGet(43)) - raft.server.log.appender.buffer.byte-limit = 33554432 (custom)
2019-09-25 06:34:03,200 [pool-67-thread-1] INFO  server.RaftServerConfigKeys (ConfUtils.java:logGet(43)) - raft.server.log.segment.size.max = 1048576 (custom)
2019-09-25 06:34:03,200 [pool-67-thread-1] INFO  server.RaftServerConfigKeys (ConfUtils.java:logGet(43)) - raft.server.log.segment.cache.num.max = 2 (custom)
2019-09-25 06:34:03,200 [pool-67-thread-1] INFO  segmented.SegmentedRaftLogWorker (SegmentedRaftLogWorker.java:<init>(172)) - new 49960203-aee6-4047-85fd-ecacef3efebf@group-95DE5D47C8A8-SegmentedRaftLogWorker for RaftStorage:Storage Directory /workdir/hadoop-ozone/ozonefs/target/test-dir/MiniOzoneClusterImpl-d97e1daa-6e0c-4900-b1c9-997de4e3459a/datanode-4/data/ratis/fb221107-06ff-42d7-a015-95de5d47c8a8
2019-09-25 06:34:03,200 [pool-67-thread-1] INFO  server.RaftServerConfigKeys (ConfUtils.java:logGet(43)) - raft.server.log.queue.byte-limit = 2147483647 (custom)
2019-09-25 06:34:03,200 [pool-67-thread-1] INFO  server.RaftServerConfigKeys (ConfUtils.java:logGet(43)) - raft.server.log.queue.element-limit = 1024 (custom)
2019-09-25 06:34:03,200 [pool-67-thread-1] INFO  server.RaftServerConfigKeys (ConfUtils.java:logGet(43)) - raft.server.log.segment.size.max = 1048576 (custom)
2019-09-25 06:34:03,200 [pool-67-thread-1] INFO  server.RaftServerConfigKeys (ConfUtils.java:logGet(43)) - raft.server.log.preallocated.size = 16384 (custom)
2019-09-25 06:34:03,200 [pool-67-thread-1] INFO  server.RaftServerConfigKeys (ConfUtils.java:logGet(43)) - raft.server.log.write.buffer.size = 33554432 (custom)
2019-09-25 06:34:03,201 [pool-67-thread-1] INFO  server.RaftServerConfigKeys (ConfUtils.java:logGet(43)) - raft.server.log.force.sync.num = 128 (default)
2019-09-25 06:34:03,201 [pool-67-thread-1] INFO  server.RaftServerConfigKeys (ConfUtils.java:logGet(43)) - raft.server.log.statemachine.data.sync = true (default)
2019-09-25 06:34:03,201 [pool-67-thread-1] INFO  server.RaftServerConfigKeys (ConfUtils.java:logGet(43)) - raft.server.log.statemachine.data.sync.timeout = 10s (default)
2019-09-25 06:34:03,201 [pool-67-thread-1] INFO  server.RaftServerConfigKeys (ConfUtils.java:logGet(43)) - raft.server.log.statemachine.data.sync.timeout.retry = -1 (default)
2019-09-25 06:34:03,201 [pool-67-thread-1] INFO  server.RaftServerConfigKeys (ConfUtils.java:logGet(43)) - raft.server.log.statemachine.data.caching.enabled = true (custom)
2019-09-25 06:34:03,201 [pool-67-thread-1] INFO  segmented.SegmentedRaftLogWorker (SegmentedRaftLogWorker.java:lambda$new$0(132)) - 49960203-aee6-4047-85fd-ecacef3efebf@group-95DE5D47C8A8-SegmentedRaftLogWorker: flushIndex: setUnconditionally 0 -> -1
2019-09-25 06:34:03,201 [pool-67-thread-1] INFO  server.RaftServerConfigKeys (ConfUtils.java:logGet(43)) - raft.server.snapshot.auto.trigger.enabled = true (custom)
2019-09-25 06:34:03,201 [pool-67-thread-1] INFO  server.RaftServerConfigKeys (ConfUtils.java:logGet(43)) - raft.server.snapshot.auto.trigger.threshold = 10000 (custom)
2019-09-25 06:34:03,202 [pool-67-thread-1] INFO  server.RaftServerConfigKeys (ConfUtils.java:logGet(43)) - raft.server.snapshot.retention.num.files = 5 (custom)
2019-09-25 06:34:03,202 [pool-67-thread-1] INFO  server.RaftServerConfigKeys (ConfUtils.java:logGet(43)) - raft.server.retrycache.expirytime = 600000ms (custom)
2019-09-25 06:34:03,203 [pool-67-thread-1] INFO  impl.RaftServerImpl (RaftServerImpl.java:start(185)) - 49960203-aee6-4047-85fd-ecacef3efebf@group-95DE5D47C8A8: start as a follower, conf=-1: [49960203-aee6-4047-85fd-ecacef3efebf:192.168.164.207:34853], old=null
2019-09-25 06:34:03,203 [pool-67-thread-1] INFO  impl.RaftServerImpl (RaftServerImpl.java:setRole(174)) - 49960203-aee6-4047-85fd-ecacef3efebf@group-95DE5D47C8A8: changes role from      null to FOLLOWER at term 0 for startAsFollower
2019-09-25 06:34:03,203 [pool-67-thread-1] INFO  impl.RoleInfo (RoleInfo.java:updateAndGet(143)) - 49960203-aee6-4047-85fd-ecacef3efebf: start FollowerState
2019-09-25 06:34:03,203 [pool-67-thread-1] INFO  util.JmxRegister (JmxRegister.java:tryRegister(44)) - Successfully registered JMX Bean with object name Ratis:service=RaftServer,group=group-95DE5D47C8A8,id=49960203-aee6-4047-85fd-ecacef3efebf
2019-09-25 06:34:03,206 [RatisPipelineUtilsThread] INFO  pipeline.PipelineStateManager (PipelineStateManager.java:addPipeline(56)) - Created pipeline Pipeline[ Id: fb221107-06ff-42d7-a015-95de5d47c8a8, Nodes: 49960203-aee6-4047-85fd-ecacef3efebf{ip: 192.168.164.207, host: pr-hdds-1569-s44lr-3492059363, networkLocation: /default-rack, certSerialId: null}, Type:RATIS, Factor:ONE, State:OPEN]
2019-09-25 06:34:03,206 [RatisPipelineUtilsThread] INFO  pipeline.PipelinePlacementPolicy (PipelinePlacementPolicy.java:meetCriteria(91)) - Pipeline Placement: can't place more pipeline on heavy datanode： 313782b9-e18d-44cb-a4a7-8816635983d3 Heaviness: 6 limit: 5
2019-09-25 06:34:03,206 [RatisPipelineUtilsThread] INFO  pipeline.PipelinePlacementPolicy (PipelinePlacementPolicy.java:meetCriteria(91)) - Pipeline Placement: can't place more pipeline on heavy datanode： f64f24cc-0a31-403c-8370-70bfbc60f804 Heaviness: 6 limit: 5
2019-09-25 06:34:03,206 [RatisPipelineUtilsThread] INFO  pipeline.PipelinePlacementPolicy (PipelinePlacementPolicy.java:meetCriteria(91)) - Pipeline Placement: can't place more pipeline on heavy datanode： ada091b4-9675-42a7-afd4-5850bd9f4e78 Heaviness: 6 limit: 5
2019-09-25 06:34:03,207 [RatisPipelineUtilsThread] INFO  pipeline.PipelinePlacementPolicy (PipelinePlacementPolicy.java:meetCriteria(91)) - Pipeline Placement: can't place more pipeline on heavy datanode： 81f06f72-72c9-4329-855f-4bc73f7e5da2 Heaviness: 6 limit: 5
2019-09-25 06:34:03,207 [RatisPipelineUtilsThread] INFO  pipeline.PipelinePlacementPolicy (PipelinePlacementPolicy.java:meetCriteria(91)) - Pipeline Placement: can't place more pipeline on heavy datanode： f9a1adb5-ac95-4f8b-8632-8bfce9a5ce16 Heaviness: 6 limit: 5
2019-09-25 06:34:03,207 [RatisPipelineUtilsThread] INFO  pipeline.PipelinePlacementPolicy (PipelinePlacementPolicy.java:meetCriteria(91)) - Pipeline Placement: can't place more pipeline on heavy datanode： 59047a66-3178-4e61-9c82-892aa22a5b81 Heaviness: 6 limit: 5
2019-09-25 06:34:03,207 [RatisPipelineUtilsThread] INFO  pipeline.PipelinePlacementPolicy (PipelinePlacementPolicy.java:meetCriteria(91)) - Pipeline Placement: can't place more pipeline on heavy datanode： 9f1e8130-5807-4ed4-a5b5-273b79efb982 Heaviness: 6 limit: 5
2019-09-25 06:34:03,212 [grpc-default-executor-0] INFO  impl.RaftServerProxy (RaftServerProxy.java:addNew(89)) - ceffdcde-d41f-4c1b-8c84-bdffc4697707: addNew group-D1714ED517E8:[ceffdcde-d41f-4c1b-8c84-bdffc4697707:192.168.164.207:44173] returns group-D1714ED517E8:java.util.concurrent.CompletableFuture@84b6d59[Not completed]
2019-09-25 06:34:03,213 [pool-97-thread-1] INFO  impl.RaftServerImpl (RaftServerImpl.java:<init>(95)) - ceffdcde-d41f-4c1b-8c84-bdffc4697707: new RaftServerImpl for group-D1714ED517E8:[ceffdcde-d41f-4c1b-8c84-bdffc4697707:192.168.164.207:44173] with ContainerStateMachine:uninitialized
2019-09-25 06:34:03,213 [pool-97-thread-1] INFO  server.RaftServerConfigKeys (ConfUtils.java:logGet(43)) - raft.server.rpc.timeout.min = 5s (custom)
2019-09-25 06:34:03,213 [pool-97-thread-1] INFO  server.RaftServerConfigKeys (ConfUtils.java:logGet(43)) - raft.server.rpc.timeout.max = 5200ms (custom)
2019-09-25 06:34:03,213 [pool-97-thread-1] INFO  server.RaftServerConfigKeys (ConfUtils.java:logGet(43)) - raft.server.rpcslowness.timeout = 120s (custom)
2019-09-25 06:34:03,213 [pool-97-thread-1] INFO  server.RaftServerConfigKeys (ConfUtils.java:logGet(43)) - raft.server.sleep.deviation.threshold = 300 (default)
2019-09-25 06:34:03,213 [pool-97-thread-1] INFO  server.RaftServerConfigKeys (ConfUtils.java:logGet(43)) - raft.server.log.appender.install.snapshot.enabled = false (custom)
2019-09-25 06:34:03,213 [pool-97-thread-1] INFO  impl.RaftServerImpl (ServerState.java:<init>(103)) - ceffdcde-d41f-4c1b-8c84-bdffc4697707@group-D1714ED517E8: ConfigurationManager, init=-1: [ceffdcde-d41f-4c1b-8c84-bdffc4697707:192.168.164.207:44173], old=null, confs=<EMPTY_MAP>
2019-09-25 06:34:03,214 [pool-97-thread-1] INFO  server.RaftServerConfigKeys (ConfUtils.java:logGet(43)) - raft.server.storage.dir = [/workdir/hadoop-ozone/ozonefs/target/test-dir/MiniOzoneClusterImpl-d97e1daa-6e0c-4900-b1c9-997de4e3459a/datanode-7/data/ratis] (custom)
2019-09-25 06:34:03,214 [pool-97-thread-1] INFO  storage.RaftStorageDirectory (RaftStorageDirectory.java:analyzeStorage(246)) - The storage directory /workdir/hadoop-ozone/ozonefs/target/test-dir/MiniOzoneClusterImpl-d97e1daa-6e0c-4900-b1c9-997de4e3459a/datanode-7/data/ratis/50bd1707-05b8-4300-85fe-d1714ed517e8 does not exist. Creating ...
2019-09-25 06:34:03,226 [pool-97-thread-1] INFO  storage.RaftStorageDirectory (RaftStorageDirectory.java:tryLock(328)) - Lock on /workdir/hadoop-ozone/ozonefs/target/test-dir/MiniOzoneClusterImpl-d97e1daa-6e0c-4900-b1c9-997de4e3459a/datanode-7/data/ratis/50bd1707-05b8-4300-85fe-d1714ed517e8/in_use.lock acquired by nodename 9063@pr-hdds-1569-s44lr-3492059363
2019-09-25 06:34:03,239 [pool-97-thread-1] INFO  storage.RaftStorage (RaftStorage.java:format(72)) - Storage directory /workdir/hadoop-ozone/ozonefs/target/test-dir/MiniOzoneClusterImpl-d97e1daa-6e0c-4900-b1c9-997de4e3459a/datanode-7/data/ratis/50bd1707-05b8-4300-85fe-d1714ed517e8 has been successfully formatted.
2019-09-25 06:34:03,239 [pool-97-thread-1] INFO  ratis.ContainerStateMachine (ContainerStateMachine.java:loadSnapshot(230)) - group-D1714ED517E8: The snapshot info is null. Setting the last applied indexto:(t:0, i:~)
2019-09-25 06:34:03,239 [pool-97-thread-1] INFO  server.RaftServerConfigKeys (ConfUtils.java:logGet(43)) - raft.server.notification.no-leader.timeout = 120s (custom)
2019-09-25 06:34:03,239 [pool-97-thread-1] INFO  server.RaftServerConfigKeys (ConfUtils.java:logGet(43)) - raft.server.log.use.memory = false (default)
2019-09-25 06:34:03,240 [pool-97-thread-1] INFO  server.RaftServerConfigKeys (ConfUtils.java:logGet(43)) - raft.server.log.purge.gap = 1000000 (custom)
2019-09-25 06:34:03,240 [pool-97-thread-1] INFO  server.RaftServerConfigKeys (ConfUtils.java:logGet(43)) - raft.server.log.appender.buffer.byte-limit = 33554432 (custom)
2019-09-25 06:34:03,240 [pool-97-thread-1] INFO  server.RaftServerConfigKeys (ConfUtils.java:logGet(43)) - raft.server.log.segment.size.max = 1048576 (custom)
2019-09-25 06:34:03,240 [pool-97-thread-1] INFO  server.RaftServerConfigKeys (ConfUtils.java:logGet(43)) - raft.server.log.segment.cache.num.max = 2 (custom)
2019-09-25 06:34:03,240 [pool-97-thread-1] INFO  segmented.SegmentedRaftLogWorker (SegmentedRaftLogWorker.java:<init>(172)) - new ceffdcde-d41f-4c1b-8c84-bdffc4697707@group-D1714ED517E8-SegmentedRaftLogWorker for RaftStorage:Storage Directory /workdir/hadoop-ozone/ozonefs/target/test-dir/MiniOzoneClusterImpl-d97e1daa-6e0c-4900-b1c9-997de4e3459a/datanode-7/data/ratis/50bd1707-05b8-4300-85fe-d1714ed517e8
2019-09-25 06:34:03,240 [pool-97-thread-1] INFO  server.RaftServerConfigKeys (ConfUtils.java:logGet(43)) - raft.server.log.queue.byte-limit = 2147483647 (custom)
2019-09-25 06:34:03,240 [pool-97-thread-1] INFO  server.RaftServerConfigKeys (ConfUtils.java:logGet(43)) - raft.server.log.queue.element-limit = 1024 (custom)
2019-09-25 06:34:03,240 [pool-97-thread-1] INFO  server.RaftServerConfigKeys (ConfUtils.java:logGet(43)) - raft.server.log.segment.size.max = 1048576 (custom)
2019-09-25 06:34:03,240 [pool-97-thread-1] INFO  server.RaftServerConfigKeys (ConfUtils.java:logGet(43)) - raft.server.log.preallocated.size = 16384 (custom)
2019-09-25 06:34:03,241 [pool-97-thread-1] INFO  server.RaftServerConfigKeys (ConfUtils.java:logGet(43)) - raft.server.log.write.buffer.size = 33554432 (custom)
2019-09-25 06:34:03,241 [pool-97-thread-1] INFO  server.RaftServerConfigKeys (ConfUtils.java:logGet(43)) - raft.server.log.force.sync.num = 128 (default)
2019-09-25 06:34:03,241 [pool-97-thread-1] INFO  server.RaftServerConfigKeys (ConfUtils.java:logGet(43)) - raft.server.log.statemachine.data.sync = true (default)
2019-09-25 06:34:03,241 [pool-97-thread-1] INFO  server.RaftServerConfigKeys (ConfUtils.java:logGet(43)) - raft.server.log.statemachine.data.sync.timeout = 10s (default)
2019-09-25 06:34:03,241 [pool-97-thread-1] INFO  server.RaftServerConfigKeys (ConfUtils.java:logGet(43)) - raft.server.log.statemachine.data.sync.timeout.retry = -1 (default)
2019-09-25 06:34:03,241 [pool-97-thread-1] INFO  server.RaftServerConfigKeys (ConfUtils.java:logGet(43)) - raft.server.log.statemachine.data.caching.enabled = true (custom)
2019-09-25 06:34:03,241 [pool-97-thread-1] INFO  segmented.SegmentedRaftLogWorker (SegmentedRaftLogWorker.java:lambda$new$0(132)) - ceffdcde-d41f-4c1b-8c84-bdffc4697707@group-D1714ED517E8-SegmentedRaftLogWorker: flushIndex: setUnconditionally 0 -> -1
2019-09-25 06:34:03,242 [pool-97-thread-1] INFO  server.RaftServerConfigKeys (ConfUtils.java:logGet(43)) - raft.server.snapshot.auto.trigger.enabled = true (custom)
2019-09-25 06:34:03,242 [pool-97-thread-1] INFO  server.RaftServerConfigKeys (ConfUtils.java:logGet(43)) - raft.server.snapshot.auto.trigger.threshold = 10000 (custom)
2019-09-25 06:34:03,242 [pool-97-thread-1] INFO  server.RaftServerConfigKeys (ConfUtils.java:logGet(43)) - raft.server.snapshot.retention.num.files = 5 (custom)
2019-09-25 06:34:03,242 [pool-97-thread-1] INFO  server.RaftServerConfigKeys (ConfUtils.java:logGet(43)) - raft.server.retrycache.expirytime = 600000ms (custom)
2019-09-25 06:34:03,243 [pool-97-thread-1] INFO  impl.RaftServerImpl (RaftServerImpl.java:start(185)) - ceffdcde-d41f-4c1b-8c84-bdffc4697707@group-D1714ED517E8: start as a follower, conf=-1: [ceffdcde-d41f-4c1b-8c84-bdffc4697707:192.168.164.207:44173], old=null
2019-09-25 06:34:03,244 [pool-97-thread-1] INFO  impl.RaftServerImpl (RaftServerImpl.java:setRole(174)) - ceffdcde-d41f-4c1b-8c84-bdffc4697707@group-D1714ED517E8: changes role from      null to FOLLOWER at term 0 for startAsFollower
2019-09-25 06:34:03,244 [pool-97-thread-1] INFO  impl.RoleInfo (RoleInfo.java:updateAndGet(143)) - ceffdcde-d41f-4c1b-8c84-bdffc4697707: start FollowerState
2019-09-25 06:34:03,244 [pool-97-thread-1] INFO  util.JmxRegister (JmxRegister.java:tryRegister(44)) - Successfully registered JMX Bean with object name Ratis:service=RaftServer,group=group-D1714ED517E8,id=ceffdcde-d41f-4c1b-8c84-bdffc4697707
2019-09-25 06:34:03,246 [RatisPipelineUtilsThread] INFO  pipeline.PipelineStateManager (PipelineStateManager.java:addPipeline(56)) - Created pipeline Pipeline[ Id: 50bd1707-05b8-4300-85fe-d1714ed517e8, Nodes: ceffdcde-d41f-4c1b-8c84-bdffc4697707{ip: 192.168.164.207, host: pr-hdds-1569-s44lr-3492059363, networkLocation: /default-rack, certSerialId: null}, Type:RATIS, Factor:ONE, State:OPEN]
2019-09-25 06:34:03,246 [RatisPipelineUtilsThread] INFO  pipeline.PipelinePlacementPolicy (PipelinePlacementPolicy.java:meetCriteria(91)) - Pipeline Placement: can't place more pipeline on heavy datanode： ceffdcde-d41f-4c1b-8c84-bdffc4697707 Heaviness: 6 limit: 5
2019-09-25 06:34:03,246 [RatisPipelineUtilsThread] INFO  pipeline.PipelinePlacementPolicy (PipelinePlacementPolicy.java:meetCriteria(91)) - Pipeline Placement: can't place more pipeline on heavy datanode： 313782b9-e18d-44cb-a4a7-8816635983d3 Heaviness: 6 limit: 5
2019-09-25 06:34:03,247 [RatisPipelineUtilsThread] INFO  pipeline.PipelinePlacementPolicy (PipelinePlacementPolicy.java:meetCriteria(91)) - Pipeline Placement: can't place more pipeline on heavy datanode： f64f24cc-0a31-403c-8370-70bfbc60f804 Heaviness: 6 limit: 5
2019-09-25 06:34:03,247 [RatisPipelineUtilsThread] INFO  pipeline.PipelinePlacementPolicy (PipelinePlacementPolicy.java:meetCriteria(91)) - Pipeline Placement: can't place more pipeline on heavy datanode： ada091b4-9675-42a7-afd4-5850bd9f4e78 Heaviness: 6 limit: 5
2019-09-25 06:34:03,247 [RatisPipelineUtilsThread] INFO  pipeline.PipelinePlacementPolicy (PipelinePlacementPolicy.java:meetCriteria(91)) - Pipeline Placement: can't place more pipeline on heavy datanode： 81f06f72-72c9-4329-855f-4bc73f7e5da2 Heaviness: 6 limit: 5
2019-09-25 06:34:03,247 [RatisPipelineUtilsThread] INFO  pipeline.PipelinePlacementPolicy (PipelinePlacementPolicy.java:meetCriteria(91)) - Pipeline Placement: can't place more pipeline on heavy datanode： f9a1adb5-ac95-4f8b-8632-8bfce9a5ce16 Heaviness: 6 limit: 5
2019-09-25 06:34:03,247 [RatisPipelineUtilsThread] INFO  pipeline.PipelinePlacementPolicy (PipelinePlacementPolicy.java:meetCriteria(91)) - Pipeline Placement: can't place more pipeline on heavy datanode： 59047a66-3178-4e61-9c82-892aa22a5b81 Heaviness: 6 limit: 5
2019-09-25 06:34:03,247 [RatisPipelineUtilsThread] INFO  pipeline.PipelinePlacementPolicy (PipelinePlacementPolicy.java:meetCriteria(91)) - Pipeline Placement: can't place more pipeline on heavy datanode： 9f1e8130-5807-4ed4-a5b5-273b79efb982 Heaviness: 6 limit: 5
2019-09-25 06:34:03,255 [grpc-default-executor-0] INFO  impl.RaftServerProxy (RaftServerProxy.java:addNew(89)) - 49960203-aee6-4047-85fd-ecacef3efebf: addNew group-72492F3C7D30:[49960203-aee6-4047-85fd-ecacef3efebf:192.168.164.207:34853] returns group-72492F3C7D30:java.util.concurrent.CompletableFuture@1dffd1f7[Not completed]
2019-09-25 06:34:03,256 [pool-67-thread-1] INFO  impl.RaftServerImpl (RaftServerImpl.java:<init>(95)) - 49960203-aee6-4047-85fd-ecacef3efebf: new RaftServerImpl for group-72492F3C7D30:[49960203-aee6-4047-85fd-ecacef3efebf:192.168.164.207:34853] with ContainerStateMachine:uninitialized
2019-09-25 06:34:03,256 [pool-67-thread-1] INFO  server.RaftServerConfigKeys (ConfUtils.java:logGet(43)) - raft.server.rpc.timeout.min = 5s (custom)
2019-09-25 06:34:03,256 [pool-67-thread-1] INFO  server.RaftServerConfigKeys (ConfUtils.java:logGet(43)) - raft.server.rpc.timeout.max = 5200ms (custom)
2019-09-25 06:34:03,256 [pool-67-thread-1] INFO  server.RaftServerConfigKeys (ConfUtils.java:logGet(43)) - raft.server.rpcslowness.timeout = 120s (custom)
2019-09-25 06:34:03,256 [pool-67-thread-1] INFO  server.RaftServerConfigKeys (ConfUtils.java:logGet(43)) - raft.server.sleep.deviation.threshold = 300 (default)
2019-09-25 06:34:03,256 [pool-67-thread-1] INFO  server.RaftServerConfigKeys (ConfUtils.java:logGet(43)) - raft.server.log.appender.install.snapshot.enabled = false (custom)
2019-09-25 06:34:03,256 [pool-67-thread-1] INFO  impl.RaftServerImpl (ServerState.java:<init>(103)) - 49960203-aee6-4047-85fd-ecacef3efebf@group-72492F3C7D30: ConfigurationManager, init=-1: [49960203-aee6-4047-85fd-ecacef3efebf:192.168.164.207:34853], old=null, confs=<EMPTY_MAP>
2019-09-25 06:34:03,256 [pool-67-thread-1] INFO  server.RaftServerConfigKeys (ConfUtils.java:logGet(43)) - raft.server.storage.dir = [/workdir/hadoop-ozone/ozonefs/target/test-dir/MiniOzoneClusterImpl-d97e1daa-6e0c-4900-b1c9-997de4e3459a/datanode-4/data/ratis] (custom)
2019-09-25 06:34:03,257 [pool-67-thread-1] INFO  storage.RaftStorageDirectory (RaftStorageDirectory.java:analyzeStorage(246)) - The storage directory /workdir/hadoop-ozone/ozonefs/target/test-dir/MiniOzoneClusterImpl-d97e1daa-6e0c-4900-b1c9-997de4e3459a/datanode-4/data/ratis/c97fb1b3-d685-4975-8b1f-72492f3c7d30 does not exist. Creating ...
2019-09-25 06:34:03,269 [pool-67-thread-1] INFO  storage.RaftStorageDirectory (RaftStorageDirectory.java:tryLock(328)) - Lock on /workdir/hadoop-ozone/ozonefs/target/test-dir/MiniOzoneClusterImpl-d97e1daa-6e0c-4900-b1c9-997de4e3459a/datanode-4/data/ratis/c97fb1b3-d685-4975-8b1f-72492f3c7d30/in_use.lock acquired by nodename 9063@pr-hdds-1569-s44lr-3492059363
2019-09-25 06:34:03,281 [pool-67-thread-1] INFO  storage.RaftStorage (RaftStorage.java:format(72)) - Storage directory /workdir/hadoop-ozone/ozonefs/target/test-dir/MiniOzoneClusterImpl-d97e1daa-6e0c-4900-b1c9-997de4e3459a/datanode-4/data/ratis/c97fb1b3-d685-4975-8b1f-72492f3c7d30 has been successfully formatted.
2019-09-25 06:34:03,282 [pool-67-thread-1] INFO  ratis.ContainerStateMachine (ContainerStateMachine.java:loadSnapshot(230)) - group-72492F3C7D30: The snapshot info is null. Setting the last applied indexto:(t:0, i:~)
2019-09-25 06:34:03,282 [pool-67-thread-1] INFO  server.RaftServerConfigKeys (ConfUtils.java:logGet(43)) - raft.server.notification.no-leader.timeout = 120s (custom)
2019-09-25 06:34:03,282 [pool-67-thread-1] INFO  server.RaftServerConfigKeys (ConfUtils.java:logGet(43)) - raft.server.log.use.memory = false (default)
2019-09-25 06:34:03,282 [pool-67-thread-1] INFO  server.RaftServerConfigKeys (ConfUtils.java:logGet(43)) - raft.server.log.purge.gap = 1000000 (custom)
2019-09-25 06:34:03,282 [pool-67-thread-1] INFO  server.RaftServerConfigKeys (ConfUtils.java:logGet(43)) - raft.server.log.appender.buffer.byte-limit = 33554432 (custom)
2019-09-25 06:34:03,282 [pool-67-thread-1] INFO  server.RaftServerConfigKeys (ConfUtils.java:logGet(43)) - raft.server.log.segment.size.max = 1048576 (custom)
2019-09-25 06:34:03,282 [pool-67-thread-1] INFO  server.RaftServerConfigKeys (ConfUtils.java:logGet(43)) - raft.server.log.segment.cache.num.max = 2 (custom)
2019-09-25 06:34:03,282 [pool-67-thread-1] INFO  segmented.SegmentedRaftLogWorker (SegmentedRaftLogWorker.java:<init>(172)) - new 49960203-aee6-4047-85fd-ecacef3efebf@group-72492F3C7D30-SegmentedRaftLogWorker for RaftStorage:Storage Directory /workdir/hadoop-ozone/ozonefs/target/test-dir/MiniOzoneClusterImpl-d97e1daa-6e0c-4900-b1c9-997de4e3459a/datanode-4/data/ratis/c97fb1b3-d685-4975-8b1f-72492f3c7d30
2019-09-25 06:34:03,282 [pool-67-thread-1] INFO  server.RaftServerConfigKeys (ConfUtils.java:logGet(43)) - raft.server.log.queue.byte-limit = 2147483647 (custom)
2019-09-25 06:34:03,282 [pool-67-thread-1] INFO  server.RaftServerConfigKeys (ConfUtils.java:logGet(43)) - raft.server.log.queue.element-limit = 1024 (custom)
2019-09-25 06:34:03,282 [pool-67-thread-1] INFO  server.RaftServerConfigKeys (ConfUtils.java:logGet(43)) - raft.server.log.segment.size.max = 1048576 (custom)
2019-09-25 06:34:03,283 [pool-67-thread-1] INFO  server.RaftServerConfigKeys (ConfUtils.java:logGet(43)) - raft.server.log.preallocated.size = 16384 (custom)
2019-09-25 06:34:03,283 [pool-67-thread-1] INFO  server.RaftServerConfigKeys (ConfUtils.java:logGet(43)) - raft.server.log.write.buffer.size = 33554432 (custom)
2019-09-25 06:34:03,283 [pool-67-thread-1] INFO  server.RaftServerConfigKeys (ConfUtils.java:logGet(43)) - raft.server.log.force.sync.num = 128 (default)
2019-09-25 06:34:03,283 [pool-67-thread-1] INFO  server.RaftServerConfigKeys (ConfUtils.java:logGet(43)) - raft.server.log.statemachine.data.sync = true (default)
2019-09-25 06:34:03,283 [pool-67-thread-1] INFO  server.RaftServerConfigKeys (ConfUtils.java:logGet(43)) - raft.server.log.statemachine.data.sync.timeout = 10s (default)
2019-09-25 06:34:03,283 [pool-67-thread-1] INFO  server.RaftServerConfigKeys (ConfUtils.java:logGet(43)) - raft.server.log.statemachine.data.sync.timeout.retry = -1 (default)
2019-09-25 06:34:03,283 [pool-67-thread-1] INFO  server.RaftServerConfigKeys (ConfUtils.java:logGet(43)) - raft.server.log.statemachine.data.caching.enabled = true (custom)
2019-09-25 06:34:03,283 [pool-67-thread-1] INFO  segmented.SegmentedRaftLogWorker (SegmentedRaftLogWorker.java:lambda$new$0(132)) - 49960203-aee6-4047-85fd-ecacef3efebf@group-72492F3C7D30-SegmentedRaftLogWorker: flushIndex: setUnconditionally 0 -> -1
2019-09-25 06:34:03,284 [pool-67-thread-1] INFO  server.RaftServerConfigKeys (ConfUtils.java:logGet(43)) - raft.server.snapshot.auto.trigger.enabled = true (custom)
2019-09-25 06:34:03,284 [pool-67-thread-1] INFO  server.RaftServerConfigKeys (ConfUtils.java:logGet(43)) - raft.server.snapshot.auto.trigger.threshold = 10000 (custom)
2019-09-25 06:34:03,284 [pool-67-thread-1] INFO  server.RaftServerConfigKeys (ConfUtils.java:logGet(43)) - raft.server.snapshot.retention.num.files = 5 (custom)
2019-09-25 06:34:03,284 [pool-67-thread-1] INFO  server.RaftServerConfigKeys (ConfUtils.java:logGet(43)) - raft.server.retrycache.expirytime = 600000ms (custom)
2019-09-25 06:34:03,285 [pool-67-thread-1] INFO  impl.RaftServerImpl (RaftServerImpl.java:start(185)) - 49960203-aee6-4047-85fd-ecacef3efebf@group-72492F3C7D30: start as a follower, conf=-1: [49960203-aee6-4047-85fd-ecacef3efebf:192.168.164.207:34853], old=null
2019-09-25 06:34:03,285 [pool-67-thread-1] INFO  impl.RaftServerImpl (RaftServerImpl.java:setRole(174)) - 49960203-aee6-4047-85fd-ecacef3efebf@group-72492F3C7D30: changes role from      null to FOLLOWER at term 0 for startAsFollower
2019-09-25 06:34:03,285 [pool-67-thread-1] INFO  impl.RoleInfo (RoleInfo.java:updateAndGet(143)) - 49960203-aee6-4047-85fd-ecacef3efebf: start FollowerState
2019-09-25 06:34:03,285 [pool-67-thread-1] INFO  util.JmxRegister (JmxRegister.java:tryRegister(44)) - Successfully registered JMX Bean with object name Ratis:service=RaftServer,group=group-72492F3C7D30,id=49960203-aee6-4047-85fd-ecacef3efebf
2019-09-25 06:34:03,288 [RatisPipelineUtilsThread] INFO  pipeline.PipelineStateManager (PipelineStateManager.java:addPipeline(56)) - Created pipeline Pipeline[ Id: c97fb1b3-d685-4975-8b1f-72492f3c7d30, Nodes: 49960203-aee6-4047-85fd-ecacef3efebf{ip: 192.168.164.207, host: pr-hdds-1569-s44lr-3492059363, networkLocation: /default-rack, certSerialId: null}, Type:RATIS, Factor:ONE, State:OPEN]
2019-09-25 06:34:03,288 [RatisPipelineUtilsThread] INFO  pipeline.PipelinePlacementPolicy (PipelinePlacementPolicy.java:meetCriteria(91)) - Pipeline Placement: can't place more pipeline on heavy datanode： ceffdcde-d41f-4c1b-8c84-bdffc4697707 Heaviness: 6 limit: 5
2019-09-25 06:34:03,288 [RatisPipelineUtilsThread] INFO  pipeline.PipelinePlacementPolicy (PipelinePlacementPolicy.java:meetCriteria(91)) - Pipeline Placement: can't place more pipeline on heavy datanode： 313782b9-e18d-44cb-a4a7-8816635983d3 Heaviness: 6 limit: 5
2019-09-25 06:34:03,288 [RatisPipelineUtilsThread] INFO  pipeline.PipelinePlacementPolicy (PipelinePlacementPolicy.java:meetCriteria(91)) - Pipeline Placement: can't place more pipeline on heavy datanode： f64f24cc-0a31-403c-8370-70bfbc60f804 Heaviness: 6 limit: 5
2019-09-25 06:34:03,288 [RatisPipelineUtilsThread] INFO  pipeline.PipelinePlacementPolicy (PipelinePlacementPolicy.java:meetCriteria(91)) - Pipeline Placement: can't place more pipeline on heavy datanode： ada091b4-9675-42a7-afd4-5850bd9f4e78 Heaviness: 6 limit: 5
2019-09-25 06:34:03,289 [RatisPipelineUtilsThread] INFO  pipeline.PipelinePlacementPolicy (PipelinePlacementPolicy.java:meetCriteria(91)) - Pipeline Placement: can't place more pipeline on heavy datanode： 81f06f72-72c9-4329-855f-4bc73f7e5da2 Heaviness: 6 limit: 5
2019-09-25 06:34:03,289 [RatisPipelineUtilsThread] INFO  pipeline.PipelinePlacementPolicy (PipelinePlacementPolicy.java:meetCriteria(91)) - Pipeline Placement: can't place more pipeline on heavy datanode： f9a1adb5-ac95-4f8b-8632-8bfce9a5ce16 Heaviness: 6 limit: 5
2019-09-25 06:34:03,289 [RatisPipelineUtilsThread] INFO  pipeline.PipelinePlacementPolicy (PipelinePlacementPolicy.java:meetCriteria(91)) - Pipeline Placement: can't place more pipeline on heavy datanode： 59047a66-3178-4e61-9c82-892aa22a5b81 Heaviness: 6 limit: 5
2019-09-25 06:34:03,289 [RatisPipelineUtilsThread] INFO  pipeline.PipelinePlacementPolicy (PipelinePlacementPolicy.java:meetCriteria(91)) - Pipeline Placement: can't place more pipeline on heavy datanode： 9f1e8130-5807-4ed4-a5b5-273b79efb982 Heaviness: 6 limit: 5
2019-09-25 06:34:03,294 [grpc-default-executor-0] INFO  impl.RaftServerProxy (RaftServerProxy.java:addNew(89)) - 2977e106-bb5f-48ce-bb13-3d7f6b9d6732: addNew group-3AB44D43395C:[2977e106-bb5f-48ce-bb13-3d7f6b9d6732:192.168.164.207:45443] returns group-3AB44D43395C:java.util.concurrent.CompletableFuture@2b1d6c8e[Not completed]
2019-09-25 06:34:03,294 [pool-87-thread-1] INFO  impl.RaftServerImpl (RaftServerImpl.java:<init>(95)) - 2977e106-bb5f-48ce-bb13-3d7f6b9d6732: new RaftServerImpl for group-3AB44D43395C:[2977e106-bb5f-48ce-bb13-3d7f6b9d6732:192.168.164.207:45443] with ContainerStateMachine:uninitialized
2019-09-25 06:34:03,295 [pool-87-thread-1] INFO  server.RaftServerConfigKeys (ConfUtils.java:logGet(43)) - raft.server.rpc.timeout.min = 5s (custom)
2019-09-25 06:34:03,295 [pool-87-thread-1] INFO  server.RaftServerConfigKeys (ConfUtils.java:logGet(43)) - raft.server.rpc.timeout.max = 5200ms (custom)
2019-09-25 06:34:03,295 [pool-87-thread-1] INFO  server.RaftServerConfigKeys (ConfUtils.java:logGet(43)) - raft.server.rpcslowness.timeout = 120s (custom)
2019-09-25 06:34:03,295 [pool-87-thread-1] INFO  server.RaftServerConfigKeys (ConfUtils.java:logGet(43)) - raft.server.sleep.deviation.threshold = 300 (default)
2019-09-25 06:34:03,295 [pool-87-thread-1] INFO  server.RaftServerConfigKeys (ConfUtils.java:logGet(43)) - raft.server.log.appender.install.snapshot.enabled = false (custom)
2019-09-25 06:34:03,295 [pool-87-thread-1] INFO  impl.RaftServerImpl (ServerState.java:<init>(103)) - 2977e106-bb5f-48ce-bb13-3d7f6b9d6732@group-3AB44D43395C: ConfigurationManager, init=-1: [2977e106-bb5f-48ce-bb13-3d7f6b9d6732:192.168.164.207:45443], old=null, confs=<EMPTY_MAP>
2019-09-25 06:34:03,295 [pool-87-thread-1] INFO  server.RaftServerConfigKeys (ConfUtils.java:logGet(43)) - raft.server.storage.dir = [/workdir/hadoop-ozone/ozonefs/target/test-dir/MiniOzoneClusterImpl-d97e1daa-6e0c-4900-b1c9-997de4e3459a/datanode-6/data/ratis] (custom)
2019-09-25 06:34:03,296 [pool-87-thread-1] INFO  storage.RaftStorageDirectory (RaftStorageDirectory.java:analyzeStorage(246)) - The storage directory /workdir/hadoop-ozone/ozonefs/target/test-dir/MiniOzoneClusterImpl-d97e1daa-6e0c-4900-b1c9-997de4e3459a/datanode-6/data/ratis/3ed7d92c-79c6-4c81-aa7b-3ab44d43395c does not exist. Creating ...
2019-09-25 06:34:03,308 [pool-87-thread-1] INFO  storage.RaftStorageDirectory (RaftStorageDirectory.java:tryLock(328)) - Lock on /workdir/hadoop-ozone/ozonefs/target/test-dir/MiniOzoneClusterImpl-d97e1daa-6e0c-4900-b1c9-997de4e3459a/datanode-6/data/ratis/3ed7d92c-79c6-4c81-aa7b-3ab44d43395c/in_use.lock acquired by nodename 9063@pr-hdds-1569-s44lr-3492059363
2019-09-25 06:34:03,320 [pool-87-thread-1] INFO  storage.RaftStorage (RaftStorage.java:format(72)) - Storage directory /workdir/hadoop-ozone/ozonefs/target/test-dir/MiniOzoneClusterImpl-d97e1daa-6e0c-4900-b1c9-997de4e3459a/datanode-6/data/ratis/3ed7d92c-79c6-4c81-aa7b-3ab44d43395c has been successfully formatted.
2019-09-25 06:34:03,321 [pool-87-thread-1] INFO  ratis.ContainerStateMachine (ContainerStateMachine.java:loadSnapshot(230)) - group-3AB44D43395C: The snapshot info is null. Setting the last applied indexto:(t:0, i:~)
2019-09-25 06:34:03,321 [pool-87-thread-1] INFO  server.RaftServerConfigKeys (ConfUtils.java:logGet(43)) - raft.server.notification.no-leader.timeout = 120s (custom)
2019-09-25 06:34:03,321 [pool-87-thread-1] INFO  server.RaftServerConfigKeys (ConfUtils.java:logGet(43)) - raft.server.log.use.memory = false (default)
2019-09-25 06:34:03,321 [pool-87-thread-1] INFO  server.RaftServerConfigKeys (ConfUtils.java:logGet(43)) - raft.server.log.purge.gap = 1000000 (custom)
2019-09-25 06:34:03,321 [pool-87-thread-1] INFO  server.RaftServerConfigKeys (ConfUtils.java:logGet(43)) - raft.server.log.appender.buffer.byte-limit = 33554432 (custom)
2019-09-25 06:34:03,321 [pool-87-thread-1] INFO  server.RaftServerConfigKeys (ConfUtils.java:logGet(43)) - raft.server.log.segment.size.max = 1048576 (custom)
2019-09-25 06:34:03,321 [pool-87-thread-1] INFO  server.RaftServerConfigKeys (ConfUtils.java:logGet(43)) - raft.server.log.segment.cache.num.max = 2 (custom)
2019-09-25 06:34:03,321 [pool-87-thread-1] INFO  segmented.SegmentedRaftLogWorker (SegmentedRaftLogWorker.java:<init>(172)) - new 2977e106-bb5f-48ce-bb13-3d7f6b9d6732@group-3AB44D43395C-SegmentedRaftLogWorker for RaftStorage:Storage Directory /workdir/hadoop-ozone/ozonefs/target/test-dir/MiniOzoneClusterImpl-d97e1daa-6e0c-4900-b1c9-997de4e3459a/datanode-6/data/ratis/3ed7d92c-79c6-4c81-aa7b-3ab44d43395c
2019-09-25 06:34:03,321 [pool-87-thread-1] INFO  server.RaftServerConfigKeys (ConfUtils.java:logGet(43)) - raft.server.log.queue.byte-limit = 2147483647 (custom)
2019-09-25 06:34:03,322 [pool-87-thread-1] INFO  server.RaftServerConfigKeys (ConfUtils.java:logGet(43)) - raft.server.log.queue.element-limit = 1024 (custom)
2019-09-25 06:34:03,322 [pool-87-thread-1] INFO  server.RaftServerConfigKeys (ConfUtils.java:logGet(43)) - raft.server.log.segment.size.max = 1048576 (custom)
2019-09-25 06:34:03,322 [pool-87-thread-1] INFO  server.RaftServerConfigKeys (ConfUtils.java:logGet(43)) - raft.server.log.preallocated.size = 16384 (custom)
2019-09-25 06:34:03,322 [pool-87-thread-1] INFO  server.RaftServerConfigKeys (ConfUtils.java:logGet(43)) - raft.server.log.write.buffer.size = 33554432 (custom)
2019-09-25 06:34:03,322 [pool-87-thread-1] INFO  server.RaftServerConfigKeys (ConfUtils.java:logGet(43)) - raft.server.log.force.sync.num = 128 (default)
2019-09-25 06:34:03,322 [pool-87-thread-1] INFO  server.RaftServerConfigKeys (ConfUtils.java:logGet(43)) - raft.server.log.statemachine.data.sync = true (default)
2019-09-25 06:34:03,322 [pool-87-thread-1] INFO  server.RaftServerConfigKeys (ConfUtils.java:logGet(43)) - raft.server.log.statemachine.data.sync.timeout = 10s (default)
2019-09-25 06:34:03,322 [pool-87-thread-1] INFO  server.RaftServerConfigKeys (ConfUtils.java:logGet(43)) - raft.server.log.statemachine.data.sync.timeout.retry = -1 (default)
2019-09-25 06:34:03,322 [pool-87-thread-1] INFO  server.RaftServerConfigKeys (ConfUtils.java:logGet(43)) - raft.server.log.statemachine.data.caching.enabled = true (custom)
2019-09-25 06:34:03,323 [pool-87-thread-1] INFO  segmented.SegmentedRaftLogWorker (SegmentedRaftLogWorker.java:lambda$new$0(132)) - 2977e106-bb5f-48ce-bb13-3d7f6b9d6732@group-3AB44D43395C-SegmentedRaftLogWorker: flushIndex: setUnconditionally 0 -> -1
2019-09-25 06:34:03,323 [pool-87-thread-1] INFO  server.RaftServerConfigKeys (ConfUtils.java:logGet(43)) - raft.server.snapshot.auto.trigger.enabled = true (custom)
2019-09-25 06:34:03,323 [pool-87-thread-1] INFO  server.RaftServerConfigKeys (ConfUtils.java:logGet(43)) - raft.server.snapshot.auto.trigger.threshold = 10000 (custom)
2019-09-25 06:34:03,323 [pool-87-thread-1] INFO  server.RaftServerConfigKeys (ConfUtils.java:logGet(43)) - raft.server.snapshot.retention.num.files = 5 (custom)
2019-09-25 06:34:03,323 [pool-87-thread-1] INFO  server.RaftServerConfigKeys (ConfUtils.java:logGet(43)) - raft.server.retrycache.expirytime = 600000ms (custom)
2019-09-25 06:34:03,325 [pool-87-thread-1] INFO  impl.RaftServerImpl (RaftServerImpl.java:start(185)) - 2977e106-bb5f-48ce-bb13-3d7f6b9d6732@group-3AB44D43395C: start as a follower, conf=-1: [2977e106-bb5f-48ce-bb13-3d7f6b9d6732:192.168.164.207:45443], old=null
2019-09-25 06:34:03,325 [pool-87-thread-1] INFO  impl.RaftServerImpl (RaftServerImpl.java:setRole(174)) - 2977e106-bb5f-48ce-bb13-3d7f6b9d6732@group-3AB44D43395C: changes role from      null to FOLLOWER at term 0 for startAsFollower
2019-09-25 06:34:03,325 [pool-87-thread-1] INFO  impl.RoleInfo (RoleInfo.java:updateAndGet(143)) - 2977e106-bb5f-48ce-bb13-3d7f6b9d6732: start FollowerState
2019-09-25 06:34:03,325 [pool-87-thread-1] INFO  util.JmxRegister (JmxRegister.java:tryRegister(44)) - Successfully registered JMX Bean with object name Ratis:service=RaftServer,group=group-3AB44D43395C,id=2977e106-bb5f-48ce-bb13-3d7f6b9d6732
2019-09-25 06:34:03,327 [RatisPipelineUtilsThread] INFO  pipeline.PipelineStateManager (PipelineStateManager.java:addPipeline(56)) - Created pipeline Pipeline[ Id: 3ed7d92c-79c6-4c81-aa7b-3ab44d43395c, Nodes: 2977e106-bb5f-48ce-bb13-3d7f6b9d6732{ip: 192.168.164.207, host: pr-hdds-1569-s44lr-3492059363, networkLocation: /default-rack, certSerialId: null}, Type:RATIS, Factor:ONE, State:OPEN]
2019-09-25 06:34:03,327 [RatisPipelineUtilsThread] INFO  pipeline.PipelinePlacementPolicy (PipelinePlacementPolicy.java:meetCriteria(91)) - Pipeline Placement: can't place more pipeline on heavy datanode： ceffdcde-d41f-4c1b-8c84-bdffc4697707 Heaviness: 6 limit: 5
2019-09-25 06:34:03,328 [RatisPipelineUtilsThread] INFO  pipeline.PipelinePlacementPolicy (PipelinePlacementPolicy.java:meetCriteria(91)) - Pipeline Placement: can't place more pipeline on heavy datanode： 313782b9-e18d-44cb-a4a7-8816635983d3 Heaviness: 6 limit: 5
2019-09-25 06:34:03,328 [RatisPipelineUtilsThread] INFO  pipeline.PipelinePlacementPolicy (PipelinePlacementPolicy.java:meetCriteria(91)) - Pipeline Placement: can't place more pipeline on heavy datanode： f64f24cc-0a31-403c-8370-70bfbc60f804 Heaviness: 6 limit: 5
2019-09-25 06:34:03,328 [RatisPipelineUtilsThread] INFO  pipeline.PipelinePlacementPolicy (PipelinePlacementPolicy.java:meetCriteria(91)) - Pipeline Placement: can't place more pipeline on heavy datanode： ada091b4-9675-42a7-afd4-5850bd9f4e78 Heaviness: 6 limit: 5
2019-09-25 06:34:03,328 [RatisPipelineUtilsThread] INFO  pipeline.PipelinePlacementPolicy (PipelinePlacementPolicy.java:meetCriteria(91)) - Pipeline Placement: can't place more pipeline on heavy datanode： 81f06f72-72c9-4329-855f-4bc73f7e5da2 Heaviness: 6 limit: 5
2019-09-25 06:34:03,328 [RatisPipelineUtilsThread] INFO  pipeline.PipelinePlacementPolicy (PipelinePlacementPolicy.java:meetCriteria(91)) - Pipeline Placement: can't place more pipeline on heavy datanode： f9a1adb5-ac95-4f8b-8632-8bfce9a5ce16 Heaviness: 6 limit: 5
2019-09-25 06:34:03,328 [RatisPipelineUtilsThread] INFO  pipeline.PipelinePlacementPolicy (PipelinePlacementPolicy.java:meetCriteria(91)) - Pipeline Placement: can't place more pipeline on heavy datanode： 59047a66-3178-4e61-9c82-892aa22a5b81 Heaviness: 6 limit: 5
2019-09-25 06:34:03,329 [RatisPipelineUtilsThread] INFO  pipeline.PipelinePlacementPolicy (PipelinePlacementPolicy.java:meetCriteria(91)) - Pipeline Placement: can't place more pipeline on heavy datanode： 9f1e8130-5807-4ed4-a5b5-273b79efb982 Heaviness: 6 limit: 5
2019-09-25 06:34:03,333 [grpc-default-executor-0] INFO  impl.RaftServerProxy (RaftServerProxy.java:addNew(89)) - 49960203-aee6-4047-85fd-ecacef3efebf: addNew group-08330B6B6583:[49960203-aee6-4047-85fd-ecacef3efebf:192.168.164.207:34853] returns group-08330B6B6583:java.util.concurrent.CompletableFuture@3d53696f[Not completed]
2019-09-25 06:34:03,334 [pool-67-thread-1] INFO  impl.RaftServerImpl (RaftServerImpl.java:<init>(95)) - 49960203-aee6-4047-85fd-ecacef3efebf: new RaftServerImpl for group-08330B6B6583:[49960203-aee6-4047-85fd-ecacef3efebf:192.168.164.207:34853] with ContainerStateMachine:uninitialized
2019-09-25 06:34:03,334 [pool-67-thread-1] INFO  server.RaftServerConfigKeys (ConfUtils.java:logGet(43)) - raft.server.rpc.timeout.min = 5s (custom)
2019-09-25 06:34:03,334 [pool-67-thread-1] INFO  server.RaftServerConfigKeys (ConfUtils.java:logGet(43)) - raft.server.rpc.timeout.max = 5200ms (custom)
2019-09-25 06:34:03,334 [pool-67-thread-1] INFO  server.RaftServerConfigKeys (ConfUtils.java:logGet(43)) - raft.server.rpcslowness.timeout = 120s (custom)
2019-09-25 06:34:03,334 [pool-67-thread-1] INFO  server.RaftServerConfigKeys (ConfUtils.java:logGet(43)) - raft.server.sleep.deviation.threshold = 300 (default)
2019-09-25 06:34:03,335 [pool-67-thread-1] INFO  server.RaftServerConfigKeys (ConfUtils.java:logGet(43)) - raft.server.log.appender.install.snapshot.enabled = false (custom)
2019-09-25 06:34:03,335 [pool-67-thread-1] INFO  impl.RaftServerImpl (ServerState.java:<init>(103)) - 49960203-aee6-4047-85fd-ecacef3efebf@group-08330B6B6583: ConfigurationManager, init=-1: [49960203-aee6-4047-85fd-ecacef3efebf:192.168.164.207:34853], old=null, confs=<EMPTY_MAP>
2019-09-25 06:34:03,335 [pool-67-thread-1] INFO  server.RaftServerConfigKeys (ConfUtils.java:logGet(43)) - raft.server.storage.dir = [/workdir/hadoop-ozone/ozonefs/target/test-dir/MiniOzoneClusterImpl-d97e1daa-6e0c-4900-b1c9-997de4e3459a/datanode-4/data/ratis] (custom)
2019-09-25 06:34:03,335 [pool-67-thread-1] INFO  storage.RaftStorageDirectory (RaftStorageDirectory.java:analyzeStorage(246)) - The storage directory /workdir/hadoop-ozone/ozonefs/target/test-dir/MiniOzoneClusterImpl-d97e1daa-6e0c-4900-b1c9-997de4e3459a/datanode-4/data/ratis/04cedf7a-5a12-472c-baa8-08330b6b6583 does not exist. Creating ...
2019-09-25 06:34:03,348 [pool-67-thread-1] INFO  storage.RaftStorageDirectory (RaftStorageDirectory.java:tryLock(328)) - Lock on /workdir/hadoop-ozone/ozonefs/target/test-dir/MiniOzoneClusterImpl-d97e1daa-6e0c-4900-b1c9-997de4e3459a/datanode-4/data/ratis/04cedf7a-5a12-472c-baa8-08330b6b6583/in_use.lock acquired by nodename 9063@pr-hdds-1569-s44lr-3492059363
2019-09-25 06:34:03,361 [pool-67-thread-1] INFO  storage.RaftStorage (RaftStorage.java:format(72)) - Storage directory /workdir/hadoop-ozone/ozonefs/target/test-dir/MiniOzoneClusterImpl-d97e1daa-6e0c-4900-b1c9-997de4e3459a/datanode-4/data/ratis/04cedf7a-5a12-472c-baa8-08330b6b6583 has been successfully formatted.
2019-09-25 06:34:03,361 [pool-67-thread-1] INFO  ratis.ContainerStateMachine (ContainerStateMachine.java:loadSnapshot(230)) - group-08330B6B6583: The snapshot info is null. Setting the last applied indexto:(t:0, i:~)
2019-09-25 06:34:03,361 [pool-67-thread-1] INFO  server.RaftServerConfigKeys (ConfUtils.java:logGet(43)) - raft.server.notification.no-leader.timeout = 120s (custom)
2019-09-25 06:34:03,362 [pool-67-thread-1] INFO  server.RaftServerConfigKeys (ConfUtils.java:logGet(43)) - raft.server.log.use.memory = false (default)
2019-09-25 06:34:03,362 [pool-67-thread-1] INFO  server.RaftServerConfigKeys (ConfUtils.java:logGet(43)) - raft.server.log.purge.gap = 1000000 (custom)
2019-09-25 06:34:03,362 [pool-67-thread-1] INFO  server.RaftServerConfigKeys (ConfUtils.java:logGet(43)) - raft.server.log.appender.buffer.byte-limit = 33554432 (custom)
2019-09-25 06:34:03,362 [pool-67-thread-1] INFO  server.RaftServerConfigKeys (ConfUtils.java:logGet(43)) - raft.server.log.segment.size.max = 1048576 (custom)
2019-09-25 06:34:03,362 [pool-67-thread-1] INFO  server.RaftServerConfigKeys (ConfUtils.java:logGet(43)) - raft.server.log.segment.cache.num.max = 2 (custom)
2019-09-25 06:34:03,362 [pool-67-thread-1] INFO  segmented.SegmentedRaftLogWorker (SegmentedRaftLogWorker.java:<init>(172)) - new 49960203-aee6-4047-85fd-ecacef3efebf@group-08330B6B6583-SegmentedRaftLogWorker for RaftStorage:Storage Directory /workdir/hadoop-ozone/ozonefs/target/test-dir/MiniOzoneClusterImpl-d97e1daa-6e0c-4900-b1c9-997de4e3459a/datanode-4/data/ratis/04cedf7a-5a12-472c-baa8-08330b6b6583
2019-09-25 06:34:03,363 [pool-67-thread-1] INFO  server.RaftServerConfigKeys (ConfUtils.java:logGet(43)) - raft.server.log.queue.byte-limit = 2147483647 (custom)
2019-09-25 06:34:03,363 [pool-67-thread-1] INFO  server.RaftServerConfigKeys (ConfUtils.java:logGet(43)) - raft.server.log.queue.element-limit = 1024 (custom)
2019-09-25 06:34:03,363 [pool-67-thread-1] INFO  server.RaftServerConfigKeys (ConfUtils.java:logGet(43)) - raft.server.log.segment.size.max = 1048576 (custom)
2019-09-25 06:34:03,363 [pool-67-thread-1] INFO  server.RaftServerConfigKeys (ConfUtils.java:logGet(43)) - raft.server.log.preallocated.size = 16384 (custom)
2019-09-25 06:34:03,363 [pool-67-thread-1] INFO  server.RaftServerConfigKeys (ConfUtils.java:logGet(43)) - raft.server.log.write.buffer.size = 33554432 (custom)
2019-09-25 06:34:03,363 [pool-67-thread-1] INFO  server.RaftServerConfigKeys (ConfUtils.java:logGet(43)) - raft.server.log.force.sync.num = 128 (default)
2019-09-25 06:34:03,363 [pool-67-thread-1] INFO  server.RaftServerConfigKeys (ConfUtils.java:logGet(43)) - raft.server.log.statemachine.data.sync = true (default)
2019-09-25 06:34:03,364 [pool-67-thread-1] INFO  server.RaftServerConfigKeys (ConfUtils.java:logGet(43)) - raft.server.log.statemachine.data.sync.timeout = 10s (default)
2019-09-25 06:34:03,364 [pool-67-thread-1] INFO  server.RaftServerConfigKeys (ConfUtils.java:logGet(43)) - raft.server.log.statemachine.data.sync.timeout.retry = -1 (default)
2019-09-25 06:34:03,364 [pool-67-thread-1] INFO  server.RaftServerConfigKeys (ConfUtils.java:logGet(43)) - raft.server.log.statemachine.data.caching.enabled = true (custom)
2019-09-25 06:34:03,364 [pool-67-thread-1] INFO  segmented.SegmentedRaftLogWorker (SegmentedRaftLogWorker.java:lambda$new$0(132)) - 49960203-aee6-4047-85fd-ecacef3efebf@group-08330B6B6583-SegmentedRaftLogWorker: flushIndex: setUnconditionally 0 -> -1
2019-09-25 06:34:03,365 [pool-67-thread-1] INFO  server.RaftServerConfigKeys (ConfUtils.java:logGet(43)) - raft.server.snapshot.auto.trigger.enabled = true (custom)
2019-09-25 06:34:03,365 [pool-67-thread-1] INFO  server.RaftServerConfigKeys (ConfUtils.java:logGet(43)) - raft.server.snapshot.auto.trigger.threshold = 10000 (custom)
2019-09-25 06:34:03,365 [pool-67-thread-1] INFO  server.RaftServerConfigKeys (ConfUtils.java:logGet(43)) - raft.server.snapshot.retention.num.files = 5 (custom)
2019-09-25 06:34:03,365 [pool-67-thread-1] INFO  server.RaftServerConfigKeys (ConfUtils.java:logGet(43)) - raft.server.retrycache.expirytime = 600000ms (custom)
2019-09-25 06:34:03,367 [pool-67-thread-1] INFO  impl.RaftServerImpl (RaftServerImpl.java:start(185)) - 49960203-aee6-4047-85fd-ecacef3efebf@group-08330B6B6583: start as a follower, conf=-1: [49960203-aee6-4047-85fd-ecacef3efebf:192.168.164.207:34853], old=null
2019-09-25 06:34:03,367 [pool-67-thread-1] INFO  impl.RaftServerImpl (RaftServerImpl.java:setRole(174)) - 49960203-aee6-4047-85fd-ecacef3efebf@group-08330B6B6583: changes role from      null to FOLLOWER at term 0 for startAsFollower
2019-09-25 06:34:03,368 [pool-67-thread-1] INFO  impl.RoleInfo (RoleInfo.java:updateAndGet(143)) - 49960203-aee6-4047-85fd-ecacef3efebf: start FollowerState
2019-09-25 06:34:03,368 [pool-67-thread-1] INFO  util.JmxRegister (JmxRegister.java:tryRegister(44)) - Successfully registered JMX Bean with object name Ratis:service=RaftServer,group=group-08330B6B6583,id=49960203-aee6-4047-85fd-ecacef3efebf
2019-09-25 06:34:03,371 [RatisPipelineUtilsThread] INFO  pipeline.PipelineStateManager (PipelineStateManager.java:addPipeline(56)) - Created pipeline Pipeline[ Id: 04cedf7a-5a12-472c-baa8-08330b6b6583, Nodes: 49960203-aee6-4047-85fd-ecacef3efebf{ip: 192.168.164.207, host: pr-hdds-1569-s44lr-3492059363, networkLocation: /default-rack, certSerialId: null}, Type:RATIS, Factor:ONE, State:OPEN]
2019-09-25 06:34:03,371 [RatisPipelineUtilsThread] INFO  pipeline.PipelinePlacementPolicy (PipelinePlacementPolicy.java:meetCriteria(91)) - Pipeline Placement: can't place more pipeline on heavy datanode： ceffdcde-d41f-4c1b-8c84-bdffc4697707 Heaviness: 6 limit: 5
2019-09-25 06:34:03,371 [RatisPipelineUtilsThread] INFO  pipeline.PipelinePlacementPolicy (PipelinePlacementPolicy.java:meetCriteria(91)) - Pipeline Placement: can't place more pipeline on heavy datanode： 313782b9-e18d-44cb-a4a7-8816635983d3 Heaviness: 6 limit: 5
2019-09-25 06:34:03,371 [RatisPipelineUtilsThread] INFO  pipeline.PipelinePlacementPolicy (PipelinePlacementPolicy.java:meetCriteria(91)) - Pipeline Placement: can't place more pipeline on heavy datanode： 49960203-aee6-4047-85fd-ecacef3efebf Heaviness: 6 limit: 5
2019-09-25 06:34:03,371 [RatisPipelineUtilsThread] INFO  pipeline.PipelinePlacementPolicy (PipelinePlacementPolicy.java:meetCriteria(91)) - Pipeline Placement: can't place more pipeline on heavy datanode： f64f24cc-0a31-403c-8370-70bfbc60f804 Heaviness: 6 limit: 5
2019-09-25 06:34:03,372 [RatisPipelineUtilsThread] INFO  pipeline.PipelinePlacementPolicy (PipelinePlacementPolicy.java:meetCriteria(91)) - Pipeline Placement: can't place more pipeline on heavy datanode： ada091b4-9675-42a7-afd4-5850bd9f4e78 Heaviness: 6 limit: 5
2019-09-25 06:34:03,372 [RatisPipelineUtilsThread] INFO  pipeline.PipelinePlacementPolicy (PipelinePlacementPolicy.java:meetCriteria(91)) - Pipeline Placement: can't place more pipeline on heavy datanode： 81f06f72-72c9-4329-855f-4bc73f7e5da2 Heaviness: 6 limit: 5
2019-09-25 06:34:03,372 [RatisPipelineUtilsThread] INFO  pipeline.PipelinePlacementPolicy (PipelinePlacementPolicy.java:meetCriteria(91)) - Pipeline Placement: can't place more pipeline on heavy datanode： f9a1adb5-ac95-4f8b-8632-8bfce9a5ce16 Heaviness: 6 limit: 5
2019-09-25 06:34:03,372 [RatisPipelineUtilsThread] INFO  pipeline.PipelinePlacementPolicy (PipelinePlacementPolicy.java:meetCriteria(91)) - Pipeline Placement: can't place more pipeline on heavy datanode： 59047a66-3178-4e61-9c82-892aa22a5b81 Heaviness: 6 limit: 5
2019-09-25 06:34:03,372 [RatisPipelineUtilsThread] INFO  pipeline.PipelinePlacementPolicy (PipelinePlacementPolicy.java:meetCriteria(91)) - Pipeline Placement: can't place more pipeline on heavy datanode： 9f1e8130-5807-4ed4-a5b5-273b79efb982 Heaviness: 6 limit: 5
2019-09-25 06:34:03,377 [grpc-default-executor-0] INFO  impl.RaftServerProxy (RaftServerProxy.java:addNew(89)) - 2977e106-bb5f-48ce-bb13-3d7f6b9d6732: addNew group-AA36270BDA73:[2977e106-bb5f-48ce-bb13-3d7f6b9d6732:192.168.164.207:45443] returns group-AA36270BDA73:java.util.concurrent.CompletableFuture@7a39c767[Not completed]
2019-09-25 06:34:03,378 [pool-87-thread-1] INFO  impl.RaftServerImpl (RaftServerImpl.java:<init>(95)) - 2977e106-bb5f-48ce-bb13-3d7f6b9d6732: new RaftServerImpl for group-AA36270BDA73:[2977e106-bb5f-48ce-bb13-3d7f6b9d6732:192.168.164.207:45443] with ContainerStateMachine:uninitialized
2019-09-25 06:34:03,378 [pool-87-thread-1] INFO  server.RaftServerConfigKeys (ConfUtils.java:logGet(43)) - raft.server.rpc.timeout.min = 5s (custom)
2019-09-25 06:34:03,378 [pool-87-thread-1] INFO  server.RaftServerConfigKeys (ConfUtils.java:logGet(43)) - raft.server.rpc.timeout.max = 5200ms (custom)
2019-09-25 06:34:03,379 [pool-87-thread-1] INFO  server.RaftServerConfigKeys (ConfUtils.java:logGet(43)) - raft.server.rpcslowness.timeout = 120s (custom)
2019-09-25 06:34:03,379 [pool-87-thread-1] INFO  server.RaftServerConfigKeys (ConfUtils.java:logGet(43)) - raft.server.sleep.deviation.threshold = 300 (default)
2019-09-25 06:34:03,379 [pool-87-thread-1] INFO  server.RaftServerConfigKeys (ConfUtils.java:logGet(43)) - raft.server.log.appender.install.snapshot.enabled = false (custom)
2019-09-25 06:34:03,379 [pool-87-thread-1] INFO  impl.RaftServerImpl (ServerState.java:<init>(103)) - 2977e106-bb5f-48ce-bb13-3d7f6b9d6732@group-AA36270BDA73: ConfigurationManager, init=-1: [2977e106-bb5f-48ce-bb13-3d7f6b9d6732:192.168.164.207:45443], old=null, confs=<EMPTY_MAP>
2019-09-25 06:34:03,379 [pool-87-thread-1] INFO  server.RaftServerConfigKeys (ConfUtils.java:logGet(43)) - raft.server.storage.dir = [/workdir/hadoop-ozone/ozonefs/target/test-dir/MiniOzoneClusterImpl-d97e1daa-6e0c-4900-b1c9-997de4e3459a/datanode-6/data/ratis] (custom)
2019-09-25 06:34:03,379 [pool-87-thread-1] INFO  storage.RaftStorageDirectory (RaftStorageDirectory.java:analyzeStorage(246)) - The storage directory /workdir/hadoop-ozone/ozonefs/target/test-dir/MiniOzoneClusterImpl-d97e1daa-6e0c-4900-b1c9-997de4e3459a/datanode-6/data/ratis/c6080ee3-70cc-4e01-b859-aa36270bda73 does not exist. Creating ...
2019-09-25 06:34:03,383 [pool-87-thread-1] INFO  storage.RaftStorageDirectory (RaftStorageDirectory.java:tryLock(328)) - Lock on /workdir/hadoop-ozone/ozonefs/target/test-dir/MiniOzoneClusterImpl-d97e1daa-6e0c-4900-b1c9-997de4e3459a/datanode-6/data/ratis/c6080ee3-70cc-4e01-b859-aa36270bda73/in_use.lock acquired by nodename 9063@pr-hdds-1569-s44lr-3492059363
2019-09-25 06:34:03,403 [pool-87-thread-1] INFO  storage.RaftStorage (RaftStorage.java:format(72)) - Storage directory /workdir/hadoop-ozone/ozonefs/target/test-dir/MiniOzoneClusterImpl-d97e1daa-6e0c-4900-b1c9-997de4e3459a/datanode-6/data/ratis/c6080ee3-70cc-4e01-b859-aa36270bda73 has been successfully formatted.
2019-09-25 06:34:03,404 [pool-87-thread-1] INFO  ratis.ContainerStateMachine (ContainerStateMachine.java:loadSnapshot(230)) - group-AA36270BDA73: The snapshot info is null. Setting the last applied indexto:(t:0, i:~)
2019-09-25 06:34:03,404 [pool-87-thread-1] INFO  server.RaftServerConfigKeys (ConfUtils.java:logGet(43)) - raft.server.notification.no-leader.timeout = 120s (custom)
2019-09-25 06:34:03,404 [pool-87-thread-1] INFO  server.RaftServerConfigKeys (ConfUtils.java:logGet(43)) - raft.server.log.use.memory = false (default)
2019-09-25 06:34:03,404 [pool-87-thread-1] INFO  server.RaftServerConfigKeys (ConfUtils.java:logGet(43)) - raft.server.log.purge.gap = 1000000 (custom)
2019-09-25 06:34:03,404 [pool-87-thread-1] INFO  server.RaftServerConfigKeys (ConfUtils.java:logGet(43)) - raft.server.log.appender.buffer.byte-limit = 33554432 (custom)
2019-09-25 06:34:03,404 [pool-87-thread-1] INFO  server.RaftServerConfigKeys (ConfUtils.java:logGet(43)) - raft.server.log.segment.size.max = 1048576 (custom)
2019-09-25 06:34:03,405 [pool-87-thread-1] INFO  server.RaftServerConfigKeys (ConfUtils.java:logGet(43)) - raft.server.log.segment.cache.num.max = 2 (custom)
2019-09-25 06:34:03,405 [pool-87-thread-1] INFO  segmented.SegmentedRaftLogWorker (SegmentedRaftLogWorker.java:<init>(172)) - new 2977e106-bb5f-48ce-bb13-3d7f6b9d6732@group-AA36270BDA73-SegmentedRaftLogWorker for RaftStorage:Storage Directory /workdir/hadoop-ozone/ozonefs/target/test-dir/MiniOzoneClusterImpl-d97e1daa-6e0c-4900-b1c9-997de4e3459a/datanode-6/data/ratis/c6080ee3-70cc-4e01-b859-aa36270bda73
2019-09-25 06:34:03,405 [pool-87-thread-1] INFO  server.RaftServerConfigKeys (ConfUtils.java:logGet(43)) - raft.server.log.queue.byte-limit = 2147483647 (custom)
2019-09-25 06:34:03,405 [pool-87-thread-1] INFO  server.RaftServerConfigKeys (ConfUtils.java:logGet(43)) - raft.server.log.queue.element-limit = 1024 (custom)
2019-09-25 06:34:03,405 [pool-87-thread-1] INFO  server.RaftServerConfigKeys (ConfUtils.java:logGet(43)) - raft.server.log.segment.size.max = 1048576 (custom)
2019-09-25 06:34:03,405 [pool-87-thread-1] INFO  server.RaftServerConfigKeys (ConfUtils.java:logGet(43)) - raft.server.log.preallocated.size = 16384 (custom)
2019-09-25 06:34:03,406 [pool-87-thread-1] INFO  server.RaftServerConfigKeys (ConfUtils.java:logGet(43)) - raft.server.log.write.buffer.size = 33554432 (custom)
2019-09-25 06:34:03,406 [pool-87-thread-1] INFO  server.RaftServerConfigKeys (ConfUtils.java:logGet(43)) - raft.server.log.force.sync.num = 128 (default)
2019-09-25 06:34:03,406 [pool-87-thread-1] INFO  server.RaftServerConfigKeys (ConfUtils.java:logGet(43)) - raft.server.log.statemachine.data.sync = true (default)
2019-09-25 06:34:03,406 [pool-87-thread-1] INFO  server.RaftServerConfigKeys (ConfUtils.java:logGet(43)) - raft.server.log.statemachine.data.sync.timeout = 10s (default)
2019-09-25 06:34:03,406 [pool-87-thread-1] INFO  server.RaftServerConfigKeys (ConfUtils.java:logGet(43)) - raft.server.log.statemachine.data.sync.timeout.retry = -1 (default)
2019-09-25 06:34:03,406 [pool-87-thread-1] INFO  server.RaftServerConfigKeys (ConfUtils.java:logGet(43)) - raft.server.log.statemachine.data.caching.enabled = true (custom)
2019-09-25 06:34:03,407 [pool-87-thread-1] INFO  segmented.SegmentedRaftLogWorker (SegmentedRaftLogWorker.java:lambda$new$0(132)) - 2977e106-bb5f-48ce-bb13-3d7f6b9d6732@group-AA36270BDA73-SegmentedRaftLogWorker: flushIndex: setUnconditionally 0 -> -1
2019-09-25 06:34:03,407 [pool-87-thread-1] INFO  server.RaftServerConfigKeys (ConfUtils.java:logGet(43)) - raft.server.snapshot.auto.trigger.enabled = true (custom)
2019-09-25 06:34:03,407 [pool-87-thread-1] INFO  server.RaftServerConfigKeys (ConfUtils.java:logGet(43)) - raft.server.snapshot.auto.trigger.threshold = 10000 (custom)
2019-09-25 06:34:03,408 [pool-87-thread-1] INFO  server.RaftServerConfigKeys (ConfUtils.java:logGet(43)) - raft.server.snapshot.retention.num.files = 5 (custom)
2019-09-25 06:34:03,408 [pool-87-thread-1] INFO  server.RaftServerConfigKeys (ConfUtils.java:logGet(43)) - raft.server.retrycache.expirytime = 600000ms (custom)
2019-09-25 06:34:03,410 [pool-87-thread-1] INFO  impl.RaftServerImpl (RaftServerImpl.java:start(185)) - 2977e106-bb5f-48ce-bb13-3d7f6b9d6732@group-AA36270BDA73: start as a follower, conf=-1: [2977e106-bb5f-48ce-bb13-3d7f6b9d6732:192.168.164.207:45443], old=null
2019-09-25 06:34:03,410 [pool-87-thread-1] INFO  impl.RaftServerImpl (RaftServerImpl.java:setRole(174)) - 2977e106-bb5f-48ce-bb13-3d7f6b9d6732@group-AA36270BDA73: changes role from      null to FOLLOWER at term 0 for startAsFollower
2019-09-25 06:34:03,411 [pool-87-thread-1] INFO  impl.RoleInfo (RoleInfo.java:updateAndGet(143)) - 2977e106-bb5f-48ce-bb13-3d7f6b9d6732: start FollowerState
2019-09-25 06:34:03,411 [pool-87-thread-1] INFO  util.JmxRegister (JmxRegister.java:tryRegister(44)) - Successfully registered JMX Bean with object name Ratis:service=RaftServer,group=group-AA36270BDA73,id=2977e106-bb5f-48ce-bb13-3d7f6b9d6732
2019-09-25 06:34:03,414 [RatisPipelineUtilsThread] INFO  pipeline.PipelineStateManager (PipelineStateManager.java:addPipeline(56)) - Created pipeline Pipeline[ Id: c6080ee3-70cc-4e01-b859-aa36270bda73, Nodes: 2977e106-bb5f-48ce-bb13-3d7f6b9d6732{ip: 192.168.164.207, host: pr-hdds-1569-s44lr-3492059363, networkLocation: /default-rack, certSerialId: null}, Type:RATIS, Factor:ONE, State:OPEN]
2019-09-25 06:34:03,414 [RatisPipelineUtilsThread] INFO  pipeline.PipelinePlacementPolicy (PipelinePlacementPolicy.java:meetCriteria(91)) - Pipeline Placement: can't place more pipeline on heavy datanode： ceffdcde-d41f-4c1b-8c84-bdffc4697707 Heaviness: 6 limit: 5
2019-09-25 06:34:03,414 [RatisPipelineUtilsThread] INFO  pipeline.PipelinePlacementPolicy (PipelinePlacementPolicy.java:meetCriteria(91)) - Pipeline Placement: can't place more pipeline on heavy datanode： 313782b9-e18d-44cb-a4a7-8816635983d3 Heaviness: 6 limit: 5
2019-09-25 06:34:03,414 [RatisPipelineUtilsThread] INFO  pipeline.PipelinePlacementPolicy (PipelinePlacementPolicy.java:meetCriteria(91)) - Pipeline Placement: can't place more pipeline on heavy datanode： 49960203-aee6-4047-85fd-ecacef3efebf Heaviness: 6 limit: 5
2019-09-25 06:34:03,414 [RatisPipelineUtilsThread] INFO  pipeline.PipelinePlacementPolicy (PipelinePlacementPolicy.java:meetCriteria(91)) - Pipeline Placement: can't place more pipeline on heavy datanode： f64f24cc-0a31-403c-8370-70bfbc60f804 Heaviness: 6 limit: 5
2019-09-25 06:34:03,415 [RatisPipelineUtilsThread] INFO  pipeline.PipelinePlacementPolicy (PipelinePlacementPolicy.java:meetCriteria(91)) - Pipeline Placement: can't place more pipeline on heavy datanode： ada091b4-9675-42a7-afd4-5850bd9f4e78 Heaviness: 6 limit: 5
2019-09-25 06:34:03,415 [RatisPipelineUtilsThread] INFO  pipeline.PipelinePlacementPolicy (PipelinePlacementPolicy.java:meetCriteria(91)) - Pipeline Placement: can't place more pipeline on heavy datanode： 81f06f72-72c9-4329-855f-4bc73f7e5da2 Heaviness: 6 limit: 5
2019-09-25 06:34:03,415 [RatisPipelineUtilsThread] INFO  pipeline.PipelinePlacementPolicy (PipelinePlacementPolicy.java:meetCriteria(91)) - Pipeline Placement: can't place more pipeline on heavy datanode： f9a1adb5-ac95-4f8b-8632-8bfce9a5ce16 Heaviness: 6 limit: 5
2019-09-25 06:34:03,415 [RatisPipelineUtilsThread] INFO  pipeline.PipelinePlacementPolicy (PipelinePlacementPolicy.java:meetCriteria(91)) - Pipeline Placement: can't place more pipeline on heavy datanode： 59047a66-3178-4e61-9c82-892aa22a5b81 Heaviness: 6 limit: 5
2019-09-25 06:34:03,415 [RatisPipelineUtilsThread] INFO  pipeline.PipelinePlacementPolicy (PipelinePlacementPolicy.java:meetCriteria(91)) - Pipeline Placement: can't place more pipeline on heavy datanode： 9f1e8130-5807-4ed4-a5b5-273b79efb982 Heaviness: 6 limit: 5
2019-09-25 06:34:03,421 [grpc-default-executor-0] INFO  impl.RaftServerProxy (RaftServerProxy.java:addNew(89)) - 2977e106-bb5f-48ce-bb13-3d7f6b9d6732: addNew group-2902A9C12B23:[2977e106-bb5f-48ce-bb13-3d7f6b9d6732:192.168.164.207:45443] returns group-2902A9C12B23:java.util.concurrent.CompletableFuture@143ef2b[Not completed]
2019-09-25 06:34:03,422 [pool-87-thread-1] INFO  impl.RaftServerImpl (RaftServerImpl.java:<init>(95)) - 2977e106-bb5f-48ce-bb13-3d7f6b9d6732: new RaftServerImpl for group-2902A9C12B23:[2977e106-bb5f-48ce-bb13-3d7f6b9d6732:192.168.164.207:45443] with ContainerStateMachine:uninitialized
2019-09-25 06:34:03,422 [pool-87-thread-1] INFO  server.RaftServerConfigKeys (ConfUtils.java:logGet(43)) - raft.server.rpc.timeout.min = 5s (custom)
2019-09-25 06:34:03,422 [pool-87-thread-1] INFO  server.RaftServerConfigKeys (ConfUtils.java:logGet(43)) - raft.server.rpc.timeout.max = 5200ms (custom)
2019-09-25 06:34:03,422 [pool-87-thread-1] INFO  server.RaftServerConfigKeys (ConfUtils.java:logGet(43)) - raft.server.rpcslowness.timeout = 120s (custom)
2019-09-25 06:34:03,422 [pool-87-thread-1] INFO  server.RaftServerConfigKeys (ConfUtils.java:logGet(43)) - raft.server.sleep.deviation.threshold = 300 (default)
2019-09-25 06:34:03,423 [pool-87-thread-1] INFO  server.RaftServerConfigKeys (ConfUtils.java:logGet(43)) - raft.server.log.appender.install.snapshot.enabled = false (custom)
2019-09-25 06:34:03,423 [pool-87-thread-1] INFO  impl.RaftServerImpl (ServerState.java:<init>(103)) - 2977e106-bb5f-48ce-bb13-3d7f6b9d6732@group-2902A9C12B23: ConfigurationManager, init=-1: [2977e106-bb5f-48ce-bb13-3d7f6b9d6732:192.168.164.207:45443], old=null, confs=<EMPTY_MAP>
2019-09-25 06:34:03,423 [pool-87-thread-1] INFO  server.RaftServerConfigKeys (ConfUtils.java:logGet(43)) - raft.server.storage.dir = [/workdir/hadoop-ozone/ozonefs/target/test-dir/MiniOzoneClusterImpl-d97e1daa-6e0c-4900-b1c9-997de4e3459a/datanode-6/data/ratis] (custom)
2019-09-25 06:34:03,423 [pool-87-thread-1] INFO  storage.RaftStorageDirectory (RaftStorageDirectory.java:analyzeStorage(246)) - The storage directory /workdir/hadoop-ozone/ozonefs/target/test-dir/MiniOzoneClusterImpl-d97e1daa-6e0c-4900-b1c9-997de4e3459a/datanode-6/data/ratis/e69ab728-45ac-4b06-8bcf-2902a9c12b23 does not exist. Creating ...
2019-09-25 06:34:03,436 [pool-87-thread-1] INFO  storage.RaftStorageDirectory (RaftStorageDirectory.java:tryLock(328)) - Lock on /workdir/hadoop-ozone/ozonefs/target/test-dir/MiniOzoneClusterImpl-d97e1daa-6e0c-4900-b1c9-997de4e3459a/datanode-6/data/ratis/e69ab728-45ac-4b06-8bcf-2902a9c12b23/in_use.lock acquired by nodename 9063@pr-hdds-1569-s44lr-3492059363
2019-09-25 06:34:03,449 [pool-87-thread-1] INFO  storage.RaftStorage (RaftStorage.java:format(72)) - Storage directory /workdir/hadoop-ozone/ozonefs/target/test-dir/MiniOzoneClusterImpl-d97e1daa-6e0c-4900-b1c9-997de4e3459a/datanode-6/data/ratis/e69ab728-45ac-4b06-8bcf-2902a9c12b23 has been successfully formatted.
2019-09-25 06:34:03,450 [pool-87-thread-1] INFO  ratis.ContainerStateMachine (ContainerStateMachine.java:loadSnapshot(230)) - group-2902A9C12B23: The snapshot info is null. Setting the last applied indexto:(t:0, i:~)
2019-09-25 06:34:03,450 [pool-87-thread-1] INFO  server.RaftServerConfigKeys (ConfUtils.java:logGet(43)) - raft.server.notification.no-leader.timeout = 120s (custom)
2019-09-25 06:34:03,450 [pool-87-thread-1] INFO  server.RaftServerConfigKeys (ConfUtils.java:logGet(43)) - raft.server.log.use.memory = false (default)
2019-09-25 06:34:03,450 [pool-87-thread-1] INFO  server.RaftServerConfigKeys (ConfUtils.java:logGet(43)) - raft.server.log.purge.gap = 1000000 (custom)
2019-09-25 06:34:03,451 [pool-87-thread-1] INFO  server.RaftServerConfigKeys (ConfUtils.java:logGet(43)) - raft.server.log.appender.buffer.byte-limit = 33554432 (custom)
2019-09-25 06:34:03,451 [pool-87-thread-1] INFO  server.RaftServerConfigKeys (ConfUtils.java:logGet(43)) - raft.server.log.segment.size.max = 1048576 (custom)
2019-09-25 06:34:03,451 [pool-87-thread-1] INFO  server.RaftServerConfigKeys (ConfUtils.java:logGet(43)) - raft.server.log.segment.cache.num.max = 2 (custom)
2019-09-25 06:34:03,451 [pool-87-thread-1] INFO  segmented.SegmentedRaftLogWorker (SegmentedRaftLogWorker.java:<init>(172)) - new 2977e106-bb5f-48ce-bb13-3d7f6b9d6732@group-2902A9C12B23-SegmentedRaftLogWorker for RaftStorage:Storage Directory /workdir/hadoop-ozone/ozonefs/target/test-dir/MiniOzoneClusterImpl-d97e1daa-6e0c-4900-b1c9-997de4e3459a/datanode-6/data/ratis/e69ab728-45ac-4b06-8bcf-2902a9c12b23
2019-09-25 06:34:03,451 [pool-87-thread-1] INFO  server.RaftServerConfigKeys (ConfUtils.java:logGet(43)) - raft.server.log.queue.byte-limit = 2147483647 (custom)
2019-09-25 06:34:03,451 [pool-87-thread-1] INFO  server.RaftServerConfigKeys (ConfUtils.java:logGet(43)) - raft.server.log.queue.element-limit = 1024 (custom)
2019-09-25 06:34:03,452 [pool-87-thread-1] INFO  server.RaftServerConfigKeys (ConfUtils.java:logGet(43)) - raft.server.log.segment.size.max = 1048576 (custom)
2019-09-25 06:34:03,452 [pool-87-thread-1] INFO  server.RaftServerConfigKeys (ConfUtils.java:logGet(43)) - raft.server.log.preallocated.size = 16384 (custom)
2019-09-25 06:34:03,452 [pool-87-thread-1] INFO  server.RaftServerConfigKeys (ConfUtils.java:logGet(43)) - raft.server.log.write.buffer.size = 33554432 (custom)
2019-09-25 06:34:03,452 [pool-87-thread-1] INFO  server.RaftServerConfigKeys (ConfUtils.java:logGet(43)) - raft.server.log.force.sync.num = 128 (default)
2019-09-25 06:34:03,452 [pool-87-thread-1] INFO  server.RaftServerConfigKeys (ConfUtils.java:logGet(43)) - raft.server.log.statemachine.data.sync = true (default)
2019-09-25 06:34:03,452 [pool-87-thread-1] INFO  server.RaftServerConfigKeys (ConfUtils.java:logGet(43)) - raft.server.log.statemachine.data.sync.timeout = 10s (default)
2019-09-25 06:34:03,453 [pool-87-thread-1] INFO  server.RaftServerConfigKeys (ConfUtils.java:logGet(43)) - raft.server.log.statemachine.data.sync.timeout.retry = -1 (default)
2019-09-25 06:34:03,453 [pool-87-thread-1] INFO  server.RaftServerConfigKeys (ConfUtils.java:logGet(43)) - raft.server.log.statemachine.data.caching.enabled = true (custom)
2019-09-25 06:34:03,453 [pool-87-thread-1] INFO  segmented.SegmentedRaftLogWorker (SegmentedRaftLogWorker.java:lambda$new$0(132)) - 2977e106-bb5f-48ce-bb13-3d7f6b9d6732@group-2902A9C12B23-SegmentedRaftLogWorker: flushIndex: setUnconditionally 0 -> -1
2019-09-25 06:34:03,454 [pool-87-thread-1] INFO  server.RaftServerConfigKeys (ConfUtils.java:logGet(43)) - raft.server.snapshot.auto.trigger.enabled = true (custom)
2019-09-25 06:34:03,454 [pool-87-thread-1] INFO  server.RaftServerConfigKeys (ConfUtils.java:logGet(43)) - raft.server.snapshot.auto.trigger.threshold = 10000 (custom)
2019-09-25 06:34:03,454 [pool-87-thread-1] INFO  server.RaftServerConfigKeys (ConfUtils.java:logGet(43)) - raft.server.snapshot.retention.num.files = 5 (custom)
2019-09-25 06:34:03,454 [pool-87-thread-1] INFO  server.RaftServerConfigKeys (ConfUtils.java:logGet(43)) - raft.server.retrycache.expirytime = 600000ms (custom)
2019-09-25 06:34:03,457 [pool-87-thread-1] INFO  impl.RaftServerImpl (RaftServerImpl.java:start(185)) - 2977e106-bb5f-48ce-bb13-3d7f6b9d6732@group-2902A9C12B23: start as a follower, conf=-1: [2977e106-bb5f-48ce-bb13-3d7f6b9d6732:192.168.164.207:45443], old=null
2019-09-25 06:34:03,457 [pool-87-thread-1] INFO  impl.RaftServerImpl (RaftServerImpl.java:setRole(174)) - 2977e106-bb5f-48ce-bb13-3d7f6b9d6732@group-2902A9C12B23: changes role from      null to FOLLOWER at term 0 for startAsFollower
2019-09-25 06:34:03,457 [pool-87-thread-1] INFO  impl.RoleInfo (RoleInfo.java:updateAndGet(143)) - 2977e106-bb5f-48ce-bb13-3d7f6b9d6732: start FollowerState
2019-09-25 06:34:03,458 [pool-87-thread-1] INFO  util.JmxRegister (JmxRegister.java:tryRegister(44)) - Successfully registered JMX Bean with object name Ratis:service=RaftServer,group=group-2902A9C12B23,id=2977e106-bb5f-48ce-bb13-3d7f6b9d6732
2019-09-25 06:34:03,460 [RatisPipelineUtilsThread] INFO  pipeline.PipelineStateManager (PipelineStateManager.java:addPipeline(56)) - Created pipeline Pipeline[ Id: e69ab728-45ac-4b06-8bcf-2902a9c12b23, Nodes: 2977e106-bb5f-48ce-bb13-3d7f6b9d6732{ip: 192.168.164.207, host: pr-hdds-1569-s44lr-3492059363, networkLocation: /default-rack, certSerialId: null}, Type:RATIS, Factor:ONE, State:OPEN]
2019-09-25 06:34:03,461 [RatisPipelineUtilsThread] INFO  pipeline.PipelinePlacementPolicy (PipelinePlacementPolicy.java:meetCriteria(91)) - Pipeline Placement: can't place more pipeline on heavy datanode： ceffdcde-d41f-4c1b-8c84-bdffc4697707 Heaviness: 6 limit: 5
2019-09-25 06:34:03,461 [RatisPipelineUtilsThread] INFO  pipeline.PipelinePlacementPolicy (PipelinePlacementPolicy.java:meetCriteria(91)) - Pipeline Placement: can't place more pipeline on heavy datanode： 2977e106-bb5f-48ce-bb13-3d7f6b9d6732 Heaviness: 6 limit: 5
2019-09-25 06:34:03,461 [RatisPipelineUtilsThread] INFO  pipeline.PipelinePlacementPolicy (PipelinePlacementPolicy.java:meetCriteria(91)) - Pipeline Placement: can't place more pipeline on heavy datanode： 313782b9-e18d-44cb-a4a7-8816635983d3 Heaviness: 6 limit: 5
2019-09-25 06:34:03,461 [RatisPipelineUtilsThread] INFO  pipeline.PipelinePlacementPolicy (PipelinePlacementPolicy.java:meetCriteria(91)) - Pipeline Placement: can't place more pipeline on heavy datanode： 49960203-aee6-4047-85fd-ecacef3efebf Heaviness: 6 limit: 5
2019-09-25 06:34:03,462 [RatisPipelineUtilsThread] INFO  pipeline.PipelinePlacementPolicy (PipelinePlacementPolicy.java:meetCriteria(91)) - Pipeline Placement: can't place more pipeline on heavy datanode： f64f24cc-0a31-403c-8370-70bfbc60f804 Heaviness: 6 limit: 5
2019-09-25 06:34:03,462 [RatisPipelineUtilsThread] INFO  pipeline.PipelinePlacementPolicy (PipelinePlacementPolicy.java:meetCriteria(91)) - Pipeline Placement: can't place more pipeline on heavy datanode： ada091b4-9675-42a7-afd4-5850bd9f4e78 Heaviness: 6 limit: 5
2019-09-25 06:34:03,462 [RatisPipelineUtilsThread] INFO  pipeline.PipelinePlacementPolicy (PipelinePlacementPolicy.java:meetCriteria(91)) - Pipeline Placement: can't place more pipeline on heavy datanode： 81f06f72-72c9-4329-855f-4bc73f7e5da2 Heaviness: 6 limit: 5
2019-09-25 06:34:03,462 [RatisPipelineUtilsThread] INFO  pipeline.PipelinePlacementPolicy (PipelinePlacementPolicy.java:meetCriteria(91)) - Pipeline Placement: can't place more pipeline on heavy datanode： f9a1adb5-ac95-4f8b-8632-8bfce9a5ce16 Heaviness: 6 limit: 5
2019-09-25 06:34:03,462 [RatisPipelineUtilsThread] INFO  pipeline.PipelinePlacementPolicy (PipelinePlacementPolicy.java:meetCriteria(91)) - Pipeline Placement: can't place more pipeline on heavy datanode： 59047a66-3178-4e61-9c82-892aa22a5b81 Heaviness: 6 limit: 5
2019-09-25 06:34:03,462 [RatisPipelineUtilsThread] INFO  pipeline.PipelinePlacementPolicy (PipelinePlacementPolicy.java:meetCriteria(91)) - Pipeline Placement: can't place more pipeline on heavy datanode： 9f1e8130-5807-4ed4-a5b5-273b79efb982 Heaviness: 6 limit: 5
2019-09-25 06:34:03,463 [RatisPipelineUtilsThread] ERROR pipeline.PipelinePlacementPolicy (PipelinePlacementPolicy.java:filterViableNodes(148)) - Unable to find enough nodes that meet the criteria that cannot engage in more than 5 pipelines. Nodes required: 1 Found: 0, healthy nodes count inNodeManager: 10.
2019-09-25 06:34:03,465 [RatisPipelineUtilsThread] ERROR pipeline.SCMPipelineManager (SCMPipelineManager.java:createPipeline(167)) - Pipeline creation failed.
org.apache.hadoop.hdds.scm.exceptions.SCMException: Unable to find enough nodes that meet the criteria that cannot engage in more than 5 pipelines. Nodes required: 1 Found: 0, healthy nodes count inNodeManager: 10.
	at org.apache.hadoop.hdds.scm.pipeline.PipelinePlacementPolicy.filterViableNodes(PipelinePlacementPolicy.java:149)
	at org.apache.hadoop.hdds.scm.pipeline.PipelinePlacementPolicy.chooseDatanodes(PipelinePlacementPolicy.java:172)
	at org.apache.hadoop.hdds.scm.pipeline.RatisPipelineProvider.create(RatisPipelineProvider.java:93)
	at org.apache.hadoop.hdds.scm.pipeline.PipelineFactory.create(PipelineFactory.java:58)
	at org.apache.hadoop.hdds.scm.pipeline.SCMPipelineManager.createPipeline(SCMPipelineManager.java:155)
	at org.apache.hadoop.hdds.scm.pipeline.BackgroundPipelineCreator.createPipelines(BackgroundPipelineCreator.java:99)
	at org.apache.hadoop.hdds.scm.pipeline.BackgroundPipelineCreator.lambda$startFixedIntervalPipelineCreator$0(BackgroundPipelineCreator.java:70)
	at java.util.concurrent.Executors$RunnableAdapter.call(Executors.java:511)
	at java.util.concurrent.FutureTask.runAndReset(FutureTask.java:308)
	at java.util.concurrent.ScheduledThreadPoolExecutor$ScheduledFutureTask.access$301(ScheduledThreadPoolExecutor.java:180)
	at java.util.concurrent.ScheduledThreadPoolExecutor$ScheduledFutureTask.run(ScheduledThreadPoolExecutor.java:294)
	at java.util.concurrent.ThreadPoolExecutor.runWorker(ThreadPoolExecutor.java:1149)
	at java.util.concurrent.ThreadPoolExecutor$Worker.run(ThreadPoolExecutor.java:624)
	at java.lang.Thread.run(Thread.java:748)
2019-09-25 06:34:03,465 [RatisPipelineUtilsThread] INFO  pipeline.PipelinePlacementPolicy (PipelinePlacementPolicy.java:meetCriteria(91)) - Pipeline Placement: can't place more pipeline on heavy datanode： ceffdcde-d41f-4c1b-8c84-bdffc4697707 Heaviness: 6 limit: 5
2019-09-25 06:34:03,465 [RatisPipelineUtilsThread] INFO  pipeline.PipelinePlacementPolicy (PipelinePlacementPolicy.java:meetCriteria(91)) - Pipeline Placement: can't place more pipeline on heavy datanode： 2977e106-bb5f-48ce-bb13-3d7f6b9d6732 Heaviness: 6 limit: 5
2019-09-25 06:34:03,465 [RatisPipelineUtilsThread] INFO  pipeline.PipelinePlacementPolicy (PipelinePlacementPolicy.java:meetCriteria(91)) - Pipeline Placement: can't place more pipeline on heavy datanode： 313782b9-e18d-44cb-a4a7-8816635983d3 Heaviness: 6 limit: 5
2019-09-25 06:34:03,466 [RatisPipelineUtilsThread] INFO  pipeline.PipelinePlacementPolicy (PipelinePlacementPolicy.java:meetCriteria(91)) - Pipeline Placement: can't place more pipeline on heavy datanode： 49960203-aee6-4047-85fd-ecacef3efebf Heaviness: 6 limit: 5
2019-09-25 06:34:03,466 [RatisPipelineUtilsThread] INFO  pipeline.PipelinePlacementPolicy (PipelinePlacementPolicy.java:meetCriteria(91)) - Pipeline Placement: can't place more pipeline on heavy datanode： f64f24cc-0a31-403c-8370-70bfbc60f804 Heaviness: 6 limit: 5
2019-09-25 06:34:03,466 [RatisPipelineUtilsThread] INFO  pipeline.PipelinePlacementPolicy (PipelinePlacementPolicy.java:meetCriteria(91)) - Pipeline Placement: can't place more pipeline on heavy datanode： ada091b4-9675-42a7-afd4-5850bd9f4e78 Heaviness: 6 limit: 5
2019-09-25 06:34:03,466 [RatisPipelineUtilsThread] INFO  pipeline.PipelinePlacementPolicy (PipelinePlacementPolicy.java:meetCriteria(91)) - Pipeline Placement: can't place more pipeline on heavy datanode： 81f06f72-72c9-4329-855f-4bc73f7e5da2 Heaviness: 6 limit: 5
2019-09-25 06:34:03,466 [RatisPipelineUtilsThread] INFO  pipeline.PipelinePlacementPolicy (PipelinePlacementPolicy.java:meetCriteria(91)) - Pipeline Placement: can't place more pipeline on heavy datanode： f9a1adb5-ac95-4f8b-8632-8bfce9a5ce16 Heaviness: 6 limit: 5
2019-09-25 06:34:03,466 [RatisPipelineUtilsThread] INFO  pipeline.PipelinePlacementPolicy (PipelinePlacementPolicy.java:meetCriteria(91)) - Pipeline Placement: can't place more pipeline on heavy datanode： 59047a66-3178-4e61-9c82-892aa22a5b81 Heaviness: 6 limit: 5
2019-09-25 06:34:03,467 [RatisPipelineUtilsThread] INFO  pipeline.PipelinePlacementPolicy (PipelinePlacementPolicy.java:meetCriteria(91)) - Pipeline Placement: can't place more pipeline on heavy datanode： 9f1e8130-5807-4ed4-a5b5-273b79efb982 Heaviness: 6 limit: 5
2019-09-25 06:34:03,467 [RatisPipelineUtilsThread] ERROR pipeline.PipelinePlacementPolicy (PipelinePlacementPolicy.java:filterViableNodes(148)) - Unable to find enough nodes that meet the criteria that cannot engage in more than 5 pipelines. Nodes required: 3 Found: 0, healthy nodes count inNodeManager: 10.
2019-09-25 06:34:03,467 [RatisPipelineUtilsThread] ERROR pipeline.SCMPipelineManager (SCMPipelineManager.java:createPipeline(167)) - Pipeline creation failed.
org.apache.hadoop.hdds.scm.exceptions.SCMException: Unable to find enough nodes that meet the criteria that cannot engage in more than 5 pipelines. Nodes required: 3 Found: 0, healthy nodes count inNodeManager: 10.
	at org.apache.hadoop.hdds.scm.pipeline.PipelinePlacementPolicy.filterViableNodes(PipelinePlacementPolicy.java:149)
	at org.apache.hadoop.hdds.scm.pipeline.PipelinePlacementPolicy.chooseDatanodes(PipelinePlacementPolicy.java:172)
	at org.apache.hadoop.hdds.scm.pipeline.RatisPipelineProvider.create(RatisPipelineProvider.java:93)
	at org.apache.hadoop.hdds.scm.pipeline.PipelineFactory.create(PipelineFactory.java:58)
	at org.apache.hadoop.hdds.scm.pipeline.SCMPipelineManager.createPipeline(SCMPipelineManager.java:155)
	at org.apache.hadoop.hdds.scm.pipeline.BackgroundPipelineCreator.createPipelines(BackgroundPipelineCreator.java:99)
	at org.apache.hadoop.hdds.scm.pipeline.BackgroundPipelineCreator.lambda$startFixedIntervalPipelineCreator$0(BackgroundPipelineCreator.java:70)
	at java.util.concurrent.Executors$RunnableAdapter.call(Executors.java:511)
	at java.util.concurrent.FutureTask.runAndReset(FutureTask.java:308)
	at java.util.concurrent.ScheduledThreadPoolExecutor$ScheduledFutureTask.access$301(ScheduledThreadPoolExecutor.java:180)
	at java.util.concurrent.ScheduledThreadPoolExecutor$ScheduledFutureTask.run(ScheduledThreadPoolExecutor.java:294)
	at java.util.concurrent.ThreadPoolExecutor.runWorker(ThreadPoolExecutor.java:1149)
	at java.util.concurrent.ThreadPoolExecutor$Worker.run(ThreadPoolExecutor.java:624)
	at java.lang.Thread.run(Thread.java:748)
2019-09-25 06:34:03,467 [IPC Server handler 0 on 35789] INFO  pipeline.PipelinePlacementPolicy (PipelinePlacementPolicy.java:meetCriteria(91)) - Pipeline Placement: can't place more pipeline on heavy datanode： ceffdcde-d41f-4c1b-8c84-bdffc4697707 Heaviness: 6 limit: 5
2019-09-25 06:34:03,468 [IPC Server handler 0 on 35789] INFO  pipeline.PipelinePlacementPolicy (PipelinePlacementPolicy.java:meetCriteria(91)) - Pipeline Placement: can't place more pipeline on heavy datanode： 2977e106-bb5f-48ce-bb13-3d7f6b9d6732 Heaviness: 6 limit: 5
2019-09-25 06:34:03,468 [IPC Server handler 0 on 35789] INFO  pipeline.PipelinePlacementPolicy (PipelinePlacementPolicy.java:meetCriteria(91)) - Pipeline Placement: can't place more pipeline on heavy datanode： 313782b9-e18d-44cb-a4a7-8816635983d3 Heaviness: 6 limit: 5
2019-09-25 06:34:03,468 [IPC Server handler 0 on 35789] INFO  pipeline.PipelinePlacementPolicy (PipelinePlacementPolicy.java:meetCriteria(91)) - Pipeline Placement: can't place more pipeline on heavy datanode： 49960203-aee6-4047-85fd-ecacef3efebf Heaviness: 6 limit: 5
2019-09-25 06:34:03,468 [IPC Server handler 0 on 35789] INFO  pipeline.PipelinePlacementPolicy (PipelinePlacementPolicy.java:meetCriteria(91)) - Pipeline Placement: can't place more pipeline on heavy datanode： f64f24cc-0a31-403c-8370-70bfbc60f804 Heaviness: 6 limit: 5
2019-09-25 06:34:03,469 [IPC Server handler 0 on 35789] INFO  pipeline.PipelinePlacementPolicy (PipelinePlacementPolicy.java:meetCriteria(91)) - Pipeline Placement: can't place more pipeline on heavy datanode： ada091b4-9675-42a7-afd4-5850bd9f4e78 Heaviness: 6 limit: 5
2019-09-25 06:34:03,469 [IPC Server handler 0 on 35789] INFO  pipeline.PipelinePlacementPolicy (PipelinePlacementPolicy.java:meetCriteria(91)) - Pipeline Placement: can't place more pipeline on heavy datanode： 81f06f72-72c9-4329-855f-4bc73f7e5da2 Heaviness: 6 limit: 5
2019-09-25 06:34:03,469 [IPC Server handler 0 on 35789] INFO  pipeline.PipelinePlacementPolicy (PipelinePlacementPolicy.java:meetCriteria(91)) - Pipeline Placement: can't place more pipeline on heavy datanode： f9a1adb5-ac95-4f8b-8632-8bfce9a5ce16 Heaviness: 6 limit: 5
2019-09-25 06:34:03,469 [IPC Server handler 0 on 35789] INFO  pipeline.PipelinePlacementPolicy (PipelinePlacementPolicy.java:meetCriteria(91)) - Pipeline Placement: can't place more pipeline on heavy datanode： 59047a66-3178-4e61-9c82-892aa22a5b81 Heaviness: 6 limit: 5
2019-09-25 06:34:03,469 [IPC Server handler 0 on 35789] INFO  pipeline.PipelinePlacementPolicy (PipelinePlacementPolicy.java:meetCriteria(91)) - Pipeline Placement: can't place more pipeline on heavy datanode： 9f1e8130-5807-4ed4-a5b5-273b79efb982 Heaviness: 6 limit: 5
2019-09-25 06:34:03,470 [IPC Server handler 0 on 35789] ERROR pipeline.PipelinePlacementPolicy (PipelinePlacementPolicy.java:filterViableNodes(148)) - Unable to find enough nodes that meet the criteria that cannot engage in more than 5 pipelines. Nodes required: 3 Found: 0, healthy nodes count inNodeManager: 10.
2019-09-25 06:34:03,470 [IPC Server handler 0 on 35789] ERROR pipeline.SCMPipelineManager (SCMPipelineManager.java:createPipeline(167)) - Pipeline creation failed.
org.apache.hadoop.hdds.scm.exceptions.SCMException: Unable to find enough nodes that meet the criteria that cannot engage in more than 5 pipelines. Nodes required: 3 Found: 0, healthy nodes count inNodeManager: 10.
	at org.apache.hadoop.hdds.scm.pipeline.PipelinePlacementPolicy.filterViableNodes(PipelinePlacementPolicy.java:149)
	at org.apache.hadoop.hdds.scm.pipeline.PipelinePlacementPolicy.chooseDatanodes(PipelinePlacementPolicy.java:172)
	at org.apache.hadoop.hdds.scm.pipeline.RatisPipelineProvider.create(RatisPipelineProvider.java:93)
	at org.apache.hadoop.hdds.scm.pipeline.PipelineFactory.create(PipelineFactory.java:58)
	at org.apache.hadoop.hdds.scm.pipeline.SCMPipelineManager.createPipeline(SCMPipelineManager.java:155)
	at org.apache.hadoop.hdds.scm.block.BlockManagerImpl.allocateBlock(BlockManagerImpl.java:190)
	at org.apache.hadoop.hdds.scm.server.SCMBlockProtocolServer.allocateBlock(SCMBlockProtocolServer.java:182)
	at org.apache.hadoop.ozone.protocolPB.ScmBlockLocationProtocolServerSideTranslatorPB.allocateScmBlock(ScmBlockLocationProtocolServerSideTranslatorPB.java:183)
	at org.apache.hadoop.ozone.protocolPB.ScmBlockLocationProtocolServerSideTranslatorPB.processMessage(ScmBlockLocationProtocolServerSideTranslatorPB.java:141)
	at org.apache.hadoop.ozone.protocolPB.ScmBlockLocationProtocolServerSideTranslatorPB.send(ScmBlockLocationProtocolServerSideTranslatorPB.java:116)
	at org.apache.hadoop.hdds.protocol.proto.ScmBlockLocationProtocolProtos$ScmBlockLocationProtocolService$2.callBlockingMethod(ScmBlockLocationProtocolProtos.java:13157)
	at org.apache.hadoop.ipc.ProtobufRpcEngine$Server$ProtoBufRpcInvoker.call(ProtobufRpcEngine.java:524)
	at org.apache.hadoop.ipc.RPC$Server.call(RPC.java:1025)
	at org.apache.hadoop.ipc.Server$RpcCall.run(Server.java:876)
	at org.apache.hadoop.ipc.Server$RpcCall.run(Server.java:822)
	at java.security.AccessController.doPrivileged(Native Method)
	at javax.security.auth.Subject.doAs(Subject.java:422)
	at org.apache.hadoop.security.UserGroupInformation.doAs(UserGroupInformation.java:1730)
	at org.apache.hadoop.ipc.Server$Handler.run(Server.java:2682)
2019-09-25 06:34:03,470 [IPC Server handler 0 on 35789] WARN  block.BlockManagerImpl (BlockManagerImpl.java:allocateBlock(192)) - Pipeline creation failed for type:RATIS factor:THREE. Retrying get pipelines call once.
org.apache.hadoop.hdds.scm.exceptions.SCMException: Unable to find enough nodes that meet the criteria that cannot engage in more than 5 pipelines. Nodes required: 3 Found: 0, healthy nodes count inNodeManager: 10.
	at org.apache.hadoop.hdds.scm.pipeline.PipelinePlacementPolicy.filterViableNodes(PipelinePlacementPolicy.java:149)
	at org.apache.hadoop.hdds.scm.pipeline.PipelinePlacementPolicy.chooseDatanodes(PipelinePlacementPolicy.java:172)
	at org.apache.hadoop.hdds.scm.pipeline.RatisPipelineProvider.create(RatisPipelineProvider.java:93)
	at org.apache.hadoop.hdds.scm.pipeline.PipelineFactory.create(PipelineFactory.java:58)
	at org.apache.hadoop.hdds.scm.pipeline.SCMPipelineManager.createPipeline(SCMPipelineManager.java:155)
	at org.apache.hadoop.hdds.scm.block.BlockManagerImpl.allocateBlock(BlockManagerImpl.java:190)
	at org.apache.hadoop.hdds.scm.server.SCMBlockProtocolServer.allocateBlock(SCMBlockProtocolServer.java:182)
	at org.apache.hadoop.ozone.protocolPB.ScmBlockLocationProtocolServerSideTranslatorPB.allocateScmBlock(ScmBlockLocationProtocolServerSideTranslatorPB.java:183)
	at org.apache.hadoop.ozone.protocolPB.ScmBlockLocationProtocolServerSideTranslatorPB.processMessage(ScmBlockLocationProtocolServerSideTranslatorPB.java:141)
	at org.apache.hadoop.ozone.protocolPB.ScmBlockLocationProtocolServerSideTranslatorPB.send(ScmBlockLocationProtocolServerSideTranslatorPB.java:116)
	at org.apache.hadoop.hdds.protocol.proto.ScmBlockLocationProtocolProtos$ScmBlockLocationProtocolService$2.callBlockingMethod(ScmBlockLocationProtocolProtos.java:13157)
	at org.apache.hadoop.ipc.ProtobufRpcEngine$Server$ProtoBufRpcInvoker.call(ProtobufRpcEngine.java:524)
	at org.apache.hadoop.ipc.RPC$Server.call(RPC.java:1025)
	at org.apache.hadoop.ipc.Server$RpcCall.run(Server.java:876)
	at org.apache.hadoop.ipc.Server$RpcCall.run(Server.java:822)
	at java.security.AccessController.doPrivileged(Native Method)
	at javax.security.auth.Subject.doAs(Subject.java:422)
	at org.apache.hadoop.security.UserGroupInformation.doAs(UserGroupInformation.java:1730)
	at org.apache.hadoop.ipc.Server$Handler.run(Server.java:2682)
2019-09-25 06:34:03,471 [IPC Server handler 0 on 35789] INFO  block.BlockManagerImpl (BlockManagerImpl.java:allocateBlock(198)) - Could not find available pipeline of type:RATIS and factor:THREE even after retrying
2019-09-25 06:34:03,471 [IPC Server handler 0 on 35789] ERROR block.BlockManagerImpl (BlockManagerImpl.java:allocateBlock(222)) - Unable to allocate a block for the size: 4194304, type: RATIS, factor: THREE
2019-09-25 06:34:03,485 [main] INFO  ozone.MiniOzoneClusterImpl (MiniOzoneClusterImpl.java:shutdown(314)) - Shutting down the Mini Ozone Cluster
2019-09-25 06:34:03,485 [main] INFO  ozone.MiniOzoneClusterImpl (MiniOzoneClusterImpl.java:stop(330)) - Stopping the Mini Ozone Cluster
2019-09-25 06:34:03,485 [main] INFO  ozone.MiniOzoneClusterImpl (MiniOzoneClusterImpl.java:stopOM(400)) - Stopping the OzoneManager
2019-09-25 06:34:03,485 [main] INFO  ipc.Server (Server.java:stop(3082)) - Stopping server on 43660
2019-09-25 06:34:03,495 [IPC Server listener on 43660] INFO  ipc.Server (Server.java:run(1185)) - Stopping IPC Server listener on 43660
2019-09-25 06:34:03,506 [main] INFO  ratis.OzoneManagerDoubleBuffer (OzoneManagerDoubleBuffer.java:stop(248)) - Stopping OMDoubleBuffer flush thread
2019-09-25 06:34:03,514 [IPC Server Responder] INFO  ipc.Server (Server.java:run(1319)) - Stopping IPC Server Responder
2019-09-25 06:34:03,532 [OMDoubleBufferFlushThread] INFO  ratis.OzoneManagerDoubleBuffer (OzoneManagerDoubleBuffer.java:flushTransactions(191)) - OMDoubleBuffer flush thread OMDoubleBufferFlushThread is interrupted and will exit. OMDoubleBufferFlushThread
2019-09-25 06:34:03,532 [main] INFO  utils.BackgroundService (BackgroundService.java:shutdown(148)) - Shutting down service KeyDeletingService
2019-09-25 06:34:03,538 [main] INFO  handler.ContextHandler (ContextHandler.java:doStop(910)) - Stopped o.e.j.w.WebAppContext@298d9a05{/,null,UNAVAILABLE}{/ozoneManager}
2019-09-25 06:34:03,546 [main] INFO  server.AbstractConnector (AbstractConnector.java:doStop(318)) - Stopped ServerConnector@58399d82{HTTP/1.1,[http/1.1]}{0.0.0.0:0}
2019-09-25 06:34:03,547 [main] INFO  handler.ContextHandler (ContextHandler.java:doStop(910)) - Stopped o.e.j.s.ServletContextHandler@1dcca8d3{/static,jar:file:/home/user/.m2/repository/org/apache/hadoop/hadoop-ozone-ozone-manager/0.5.0-SNAPSHOT/hadoop-ozone-ozone-manager-0.5.0-SNAPSHOT.jar!/webapps/static,UNAVAILABLE}
2019-09-25 06:34:03,547 [main] INFO  handler.ContextHandler (ContextHandler.java:doStop(910)) - Stopped o.e.j.s.ServletContextHandler@56303475{/logs,file:///workdir/hadoop-ozone/ozonefs/target/log,UNAVAILABLE}
2019-09-25 06:34:03,553 [main] INFO  ozone.MiniOzoneClusterImpl (MiniOzoneClusterImpl.java:stopDatanodes(377)) - Stopping the HddsDatanodes
2019-09-25 06:34:04,207 [Datanode State Machine Thread - 0] INFO  statemachine.DatanodeStateMachine (DatanodeStateMachine.java:lambda$startDaemon$0(350)) - Ozone container server started.
2019-09-25 06:34:04,232 [Datanode State Machine Thread - 0] INFO  statemachine.DatanodeStateMachine (DatanodeStateMachine.java:lambda$startDaemon$0(350)) - Ozone container server started.
2019-09-25 06:34:06,906 [Thread-451] INFO  impl.FollowerState (FollowerState.java:run(106)) - 2977e106-bb5f-48ce-bb13-3d7f6b9d6732:group-56C81175DE97 changes to CANDIDATE, lastRpcTime:5057, electionTimeout:5057ms
2019-09-25 06:34:06,907 [Thread-451] INFO  impl.RoleInfo (RoleInfo.java:shutdownFollowerState(121)) - 2977e106-bb5f-48ce-bb13-3d7f6b9d6732: shutdown FollowerState
2019-09-25 06:34:06,907 [Thread-451] INFO  impl.RaftServerImpl (RaftServerImpl.java:setRole(174)) - 2977e106-bb5f-48ce-bb13-3d7f6b9d6732@group-56C81175DE97: changes role from  FOLLOWER to CANDIDATE at term 0 for changeToCandidate
2019-09-25 06:34:06,907 [Thread-451] INFO  impl.RoleInfo (RoleInfo.java:updateAndGet(143)) - 2977e106-bb5f-48ce-bb13-3d7f6b9d6732: start LeaderElection
2019-09-25 06:34:06,931 [2977e106-bb5f-48ce-bb13-3d7f6b9d6732@group-56C81175DE97:LeaderElection32] INFO  impl.LeaderElection (LeaderElection.java:askForVotes(182)) - 2977e106-bb5f-48ce-bb13-3d7f6b9d6732@group-56C81175DE97:LeaderElection32: begin an election at term 1 for -1: [2977e106-bb5f-48ce-bb13-3d7f6b9d6732:192.168.164.207:45443], old=null
2019-09-25 06:34:06,931 [2977e106-bb5f-48ce-bb13-3d7f6b9d6732@group-56C81175DE97:LeaderElection32] INFO  impl.RoleInfo (RoleInfo.java:shutdownLeaderElection(134)) - 2977e106-bb5f-48ce-bb13-3d7f6b9d6732: shutdown LeaderElection
2019-09-25 06:34:06,931 [2977e106-bb5f-48ce-bb13-3d7f6b9d6732@group-56C81175DE97:LeaderElection32] INFO  impl.RaftServerImpl (RaftServerImpl.java:setRole(174)) - 2977e106-bb5f-48ce-bb13-3d7f6b9d6732@group-56C81175DE97: changes role from CANDIDATE to LEADER at term 1 for changeToLeader
2019-09-25 06:34:06,931 [2977e106-bb5f-48ce-bb13-3d7f6b9d6732@group-56C81175DE97:LeaderElection32] INFO  impl.RaftServerImpl (ServerState.java:setLeader(253)) - 2977e106-bb5f-48ce-bb13-3d7f6b9d6732@group-56C81175DE97: change Leader from null to 2977e106-bb5f-48ce-bb13-3d7f6b9d6732 at term 1 for becomeLeader, leader elected after 5253ms
2019-09-25 06:34:06,931 [2977e106-bb5f-48ce-bb13-3d7f6b9d6732@group-56C81175DE97:LeaderElection32] INFO  server.RaftServerConfigKeys (ConfUtils.java:logGet(43)) - raft.server.staging.catchup.gap = 1000 (default)
2019-09-25 06:34:06,932 [2977e106-bb5f-48ce-bb13-3d7f6b9d6732@group-56C81175DE97:LeaderElection32] INFO  server.RaftServerConfigKeys (ConfUtils.java:logGet(43)) - raft.server.rpc.sleep.time = 25ms (default)
2019-09-25 06:34:06,932 [2977e106-bb5f-48ce-bb13-3d7f6b9d6732@group-56C81175DE97:LeaderElection32] INFO  server.RaftServerConfigKeys (ConfUtils.java:logGet(43)) - raft.server.write.element-limit = 4096 (default)
2019-09-25 06:34:06,932 [2977e106-bb5f-48ce-bb13-3d7f6b9d6732@group-56C81175DE97:LeaderElection32] INFO  server.RaftServerConfigKeys (ConfUtils.java:logGet(43)) - raft.server.watch.timeout = 10s (default)
2019-09-25 06:34:06,932 [2977e106-bb5f-48ce-bb13-3d7f6b9d6732@group-56C81175DE97:LeaderElection32] INFO  server.RaftServerConfigKeys (ConfUtils.java:logGet(43)) - raft.server.watch.timeout.denomination = 1s (default)
2019-09-25 06:34:06,932 [2977e106-bb5f-48ce-bb13-3d7f6b9d6732@group-56C81175DE97:LeaderElection32] INFO  server.RaftServerConfigKeys (ConfUtils.java:logGet(43)) - raft.server.watch.element-limit = 65536 (default)
2019-09-25 06:34:06,935 [2977e106-bb5f-48ce-bb13-3d7f6b9d6732@group-56C81175DE97:LeaderElection32] INFO  impl.RoleInfo (RoleInfo.java:updateAndGet(143)) - 2977e106-bb5f-48ce-bb13-3d7f6b9d6732: start LeaderState
2019-09-25 06:34:06,935 [2977e106-bb5f-48ce-bb13-3d7f6b9d6732@group-56C81175DE97:LeaderElection32] INFO  segmented.SegmentedRaftLogWorker (SegmentedRaftLogWorker.java:startLogSegment(380)) - 2977e106-bb5f-48ce-bb13-3d7f6b9d6732@group-56C81175DE97-SegmentedRaftLogWorker: Starting segment from index:0
2019-09-25 06:34:06,935 [2977e106-bb5f-48ce-bb13-3d7f6b9d6732@group-56C81175DE97:LeaderElection32] INFO  impl.RaftServerImpl (ServerState.java:setRaftConf(354)) - 2977e106-bb5f-48ce-bb13-3d7f6b9d6732@group-56C81175DE97: set configuration 0: [2977e106-bb5f-48ce-bb13-3d7f6b9d6732:192.168.164.207:45443], old=null at 0
2019-09-25 06:34:06,975 [Thread-459] INFO  impl.FollowerState (FollowerState.java:run(106)) - 313782b9-e18d-44cb-a4a7-8816635983d3:group-DD2E0293C18B changes to CANDIDATE, lastRpcTime:5093, electionTimeout:5093ms
2019-09-25 06:34:06,976 [Thread-459] INFO  impl.RoleInfo (RoleInfo.java:shutdownFollowerState(121)) - 313782b9-e18d-44cb-a4a7-8816635983d3: shutdown FollowerState
2019-09-25 06:34:06,976 [Thread-459] INFO  impl.RaftServerImpl (RaftServerImpl.java:setRole(174)) - 313782b9-e18d-44cb-a4a7-8816635983d3@group-DD2E0293C18B: changes role from  FOLLOWER to CANDIDATE at term 0 for changeToCandidate
2019-09-25 06:34:06,976 [Thread-459] INFO  impl.RoleInfo (RoleInfo.java:updateAndGet(143)) - 313782b9-e18d-44cb-a4a7-8816635983d3: start LeaderElection
2019-09-25 06:34:06,985 [Thread-450] INFO  impl.FollowerState (FollowerState.java:run(106)) - 49960203-aee6-4047-85fd-ecacef3efebf:group-AC61B04265AD changes to CANDIDATE, lastRpcTime:5136, electionTimeout:5134ms
2019-09-25 06:34:06,985 [2977e106-bb5f-48ce-bb13-3d7f6b9d6732@group-56C81175DE97-SegmentedRaftLogWorker] INFO  segmented.SegmentedRaftLogWorker (SegmentedRaftLogWorker.java:execute(569)) - 2977e106-bb5f-48ce-bb13-3d7f6b9d6732@group-56C81175DE97-SegmentedRaftLogWorker: created new log segment /workdir/hadoop-ozone/ozonefs/target/test-dir/MiniOzoneClusterImpl-d97e1daa-6e0c-4900-b1c9-997de4e3459a/datanode-6/data/ratis/6cf68888-c776-45f8-83fa-56c81175de97/current/log_inprogress_0
2019-09-25 06:34:06,985 [Thread-450] INFO  impl.RoleInfo (RoleInfo.java:shutdownFollowerState(121)) - 49960203-aee6-4047-85fd-ecacef3efebf: shutdown FollowerState
2019-09-25 06:34:06,985 [Thread-450] INFO  impl.RaftServerImpl (RaftServerImpl.java:setRole(174)) - 49960203-aee6-4047-85fd-ecacef3efebf@group-AC61B04265AD: changes role from  FOLLOWER to CANDIDATE at term 0 for changeToCandidate
2019-09-25 06:34:06,986 [Thread-450] INFO  impl.RoleInfo (RoleInfo.java:updateAndGet(143)) - 49960203-aee6-4047-85fd-ecacef3efebf: start LeaderElection
2019-09-25 06:34:06,998 [313782b9-e18d-44cb-a4a7-8816635983d3@group-DD2E0293C18B:LeaderElection33] INFO  impl.LeaderElection (LeaderElection.java:askForVotes(182)) - 313782b9-e18d-44cb-a4a7-8816635983d3@group-DD2E0293C18B:LeaderElection33: begin an election at term 1 for -1: [313782b9-e18d-44cb-a4a7-8816635983d3:192.168.164.207:33244], old=null
2019-09-25 06:34:06,998 [49960203-aee6-4047-85fd-ecacef3efebf@group-AC61B04265AD:LeaderElection34] INFO  impl.LeaderElection (LeaderElection.java:askForVotes(182)) - 49960203-aee6-4047-85fd-ecacef3efebf@group-AC61B04265AD:LeaderElection34: begin an election at term 1 for -1: [49960203-aee6-4047-85fd-ecacef3efebf:192.168.164.207:34853, 81f06f72-72c9-4329-855f-4bc73f7e5da2:192.168.164.207:40731, 313782b9-e18d-44cb-a4a7-8816635983d3:192.168.164.207:33244], old=null
2019-09-25 06:34:06,999 [313782b9-e18d-44cb-a4a7-8816635983d3@group-DD2E0293C18B:LeaderElection33] INFO  impl.RoleInfo (RoleInfo.java:shutdownLeaderElection(134)) - 313782b9-e18d-44cb-a4a7-8816635983d3: shutdown LeaderElection
2019-09-25 06:34:06,999 [313782b9-e18d-44cb-a4a7-8816635983d3@group-DD2E0293C18B:LeaderElection33] INFO  impl.RaftServerImpl (RaftServerImpl.java:setRole(174)) - 313782b9-e18d-44cb-a4a7-8816635983d3@group-DD2E0293C18B: changes role from CANDIDATE to LEADER at term 1 for changeToLeader
2019-09-25 06:34:06,999 [313782b9-e18d-44cb-a4a7-8816635983d3@group-DD2E0293C18B:LeaderElection33] INFO  impl.RaftServerImpl (ServerState.java:setLeader(253)) - 313782b9-e18d-44cb-a4a7-8816635983d3@group-DD2E0293C18B: change Leader from null to 313782b9-e18d-44cb-a4a7-8816635983d3 at term 1 for becomeLeader, leader elected after 5122ms
2019-09-25 06:34:06,999 [313782b9-e18d-44cb-a4a7-8816635983d3@group-DD2E0293C18B:LeaderElection33] INFO  server.RaftServerConfigKeys (ConfUtils.java:logGet(43)) - raft.server.staging.catchup.gap = 1000 (default)
2019-09-25 06:34:06,999 [313782b9-e18d-44cb-a4a7-8816635983d3@group-DD2E0293C18B:LeaderElection33] INFO  server.RaftServerConfigKeys (ConfUtils.java:logGet(43)) - raft.server.rpc.sleep.time = 25ms (default)
2019-09-25 06:34:06,999 [313782b9-e18d-44cb-a4a7-8816635983d3@group-DD2E0293C18B:LeaderElection33] INFO  server.RaftServerConfigKeys (ConfUtils.java:logGet(43)) - raft.server.write.element-limit = 4096 (default)
2019-09-25 06:34:06,999 [313782b9-e18d-44cb-a4a7-8816635983d3@group-DD2E0293C18B:LeaderElection33] INFO  server.RaftServerConfigKeys (ConfUtils.java:logGet(43)) - raft.server.watch.timeout = 10s (default)
2019-09-25 06:34:07,000 [313782b9-e18d-44cb-a4a7-8816635983d3@group-DD2E0293C18B:LeaderElection33] INFO  server.RaftServerConfigKeys (ConfUtils.java:logGet(43)) - raft.server.watch.timeout.denomination = 1s (default)
2019-09-25 06:34:07,000 [313782b9-e18d-44cb-a4a7-8816635983d3@group-DD2E0293C18B:LeaderElection33] INFO  server.RaftServerConfigKeys (ConfUtils.java:logGet(43)) - raft.server.watch.element-limit = 65536 (default)
2019-09-25 06:34:07,002 [313782b9-e18d-44cb-a4a7-8816635983d3@group-DD2E0293C18B:LeaderElection33] INFO  impl.RoleInfo (RoleInfo.java:updateAndGet(143)) - 313782b9-e18d-44cb-a4a7-8816635983d3: start LeaderState
2019-09-25 06:34:07,002 [313782b9-e18d-44cb-a4a7-8816635983d3@group-DD2E0293C18B:LeaderElection33] INFO  segmented.SegmentedRaftLogWorker (SegmentedRaftLogWorker.java:startLogSegment(380)) - 313782b9-e18d-44cb-a4a7-8816635983d3@group-DD2E0293C18B-SegmentedRaftLogWorker: Starting segment from index:0
2019-09-25 06:34:07,002 [313782b9-e18d-44cb-a4a7-8816635983d3@group-DD2E0293C18B:LeaderElection33] INFO  impl.RaftServerImpl (ServerState.java:setRaftConf(354)) - 313782b9-e18d-44cb-a4a7-8816635983d3@group-DD2E0293C18B: set configuration 0: [313782b9-e18d-44cb-a4a7-8816635983d3:192.168.164.207:33244], old=null at 0
2019-09-25 06:34:07,041 [Thread-452] INFO  impl.FollowerState (FollowerState.java:run(106)) - 81f06f72-72c9-4329-855f-4bc73f7e5da2:group-AC61B04265AD changes to CANDIDATE, lastRpcTime:5191, electionTimeout:5191ms
2019-09-25 06:34:07,041 [Thread-452] INFO  impl.RoleInfo (RoleInfo.java:shutdownFollowerState(121)) - 81f06f72-72c9-4329-855f-4bc73f7e5da2: shutdown FollowerState
2019-09-25 06:34:07,041 [Thread-452] INFO  impl.RaftServerImpl (RaftServerImpl.java:setRole(174)) - 81f06f72-72c9-4329-855f-4bc73f7e5da2@group-AC61B04265AD: changes role from  FOLLOWER to CANDIDATE at term 0 for changeToCandidate
2019-09-25 06:34:07,041 [Thread-452] INFO  impl.RoleInfo (RoleInfo.java:updateAndGet(143)) - 81f06f72-72c9-4329-855f-4bc73f7e5da2: start LeaderElection
2019-09-25 06:34:07,053 [313782b9-e18d-44cb-a4a7-8816635983d3@group-DD2E0293C18B-SegmentedRaftLogWorker] INFO  segmented.SegmentedRaftLogWorker (SegmentedRaftLogWorker.java:execute(569)) - 313782b9-e18d-44cb-a4a7-8816635983d3@group-DD2E0293C18B-SegmentedRaftLogWorker: created new log segment /workdir/hadoop-ozone/ozonefs/target/test-dir/MiniOzoneClusterImpl-d97e1daa-6e0c-4900-b1c9-997de4e3459a/datanode-8/data/ratis/dc373807-332c-45e3-978e-dd2e0293c18b/current/log_inprogress_0
2019-09-25 06:34:07,053 [81f06f72-72c9-4329-855f-4bc73f7e5da2@group-AC61B04265AD:LeaderElection35] INFO  impl.LeaderElection (LeaderElection.java:askForVotes(182)) - 81f06f72-72c9-4329-855f-4bc73f7e5da2@group-AC61B04265AD:LeaderElection35: begin an election at term 1 for -1: [49960203-aee6-4047-85fd-ecacef3efebf:192.168.164.207:34853, 81f06f72-72c9-4329-855f-4bc73f7e5da2:192.168.164.207:40731, 313782b9-e18d-44cb-a4a7-8816635983d3:192.168.164.207:33244], old=null
2019-09-25 06:34:07,053 [Thread-457] INFO  impl.FollowerState (FollowerState.java:run(106)) - 313782b9-e18d-44cb-a4a7-8816635983d3:group-AC61B04265AD changes to CANDIDATE, lastRpcTime:5172, electionTimeout:5172ms
2019-09-25 06:34:07,054 [Thread-457] INFO  impl.RoleInfo (RoleInfo.java:shutdownFollowerState(121)) - 313782b9-e18d-44cb-a4a7-8816635983d3: shutdown FollowerState
2019-09-25 06:34:07,054 [Thread-457] INFO  impl.RaftServerImpl (RaftServerImpl.java:setRole(174)) - 313782b9-e18d-44cb-a4a7-8816635983d3@group-AC61B04265AD: changes role from  FOLLOWER to CANDIDATE at term 0 for changeToCandidate
2019-09-25 06:34:07,054 [Thread-457] INFO  impl.RoleInfo (RoleInfo.java:updateAndGet(143)) - 313782b9-e18d-44cb-a4a7-8816635983d3: start LeaderElection
2019-09-25 06:34:07,067 [313782b9-e18d-44cb-a4a7-8816635983d3@group-AC61B04265AD:LeaderElection36] INFO  impl.LeaderElection (LeaderElection.java:askForVotes(182)) - 313782b9-e18d-44cb-a4a7-8816635983d3@group-AC61B04265AD:LeaderElection36: begin an election at term 1 for -1: [49960203-aee6-4047-85fd-ecacef3efebf:192.168.164.207:34853, 81f06f72-72c9-4329-855f-4bc73f7e5da2:192.168.164.207:40731, 313782b9-e18d-44cb-a4a7-8816635983d3:192.168.164.207:33244], old=null
2019-09-25 06:34:07,085 [81f06f72-72c9-4329-855f-4bc73f7e5da2@group-AC61B04265AD:LeaderElection35] INFO  impl.LeaderElection (LeaderElection.java:logAndReturn(56)) - 81f06f72-72c9-4329-855f-4bc73f7e5da2@group-AC61B04265AD:LeaderElection35: Election REJECTED; received 2 response(s) [81f06f72-72c9-4329-855f-4bc73f7e5da2<-49960203-aee6-4047-85fd-ecacef3efebf#0:FAIL-t1, 81f06f72-72c9-4329-855f-4bc73f7e5da2<-313782b9-e18d-44cb-a4a7-8816635983d3#0:FAIL-t1] and 0 exception(s); 81f06f72-72c9-4329-855f-4bc73f7e5da2@group-AC61B04265AD:t1, leader=null, voted=81f06f72-72c9-4329-855f-4bc73f7e5da2, raftlog=81f06f72-72c9-4329-855f-4bc73f7e5da2@group-AC61B04265AD-SegmentedRaftLog:OPENED:c-1,f-1,i0, conf=-1: [49960203-aee6-4047-85fd-ecacef3efebf:192.168.164.207:34853, 81f06f72-72c9-4329-855f-4bc73f7e5da2:192.168.164.207:40731, 313782b9-e18d-44cb-a4a7-8816635983d3:192.168.164.207:33244], old=null
2019-09-25 06:34:07,085 [313782b9-e18d-44cb-a4a7-8816635983d3@group-AC61B04265AD:LeaderElection36] INFO  impl.LeaderElection (LeaderElection.java:logAndReturn(56)) - 313782b9-e18d-44cb-a4a7-8816635983d3@group-AC61B04265AD:LeaderElection36: Election REJECTED; received 2 response(s) [313782b9-e18d-44cb-a4a7-8816635983d3<-49960203-aee6-4047-85fd-ecacef3efebf#0:FAIL-t1, 313782b9-e18d-44cb-a4a7-8816635983d3<-81f06f72-72c9-4329-855f-4bc73f7e5da2#0:FAIL-t1] and 0 exception(s); 313782b9-e18d-44cb-a4a7-8816635983d3@group-AC61B04265AD:t1, leader=null, voted=313782b9-e18d-44cb-a4a7-8816635983d3, raftlog=313782b9-e18d-44cb-a4a7-8816635983d3@group-AC61B04265AD-SegmentedRaftLog:OPENED:c-1,f-1,i0, conf=-1: [49960203-aee6-4047-85fd-ecacef3efebf:192.168.164.207:34853, 81f06f72-72c9-4329-855f-4bc73f7e5da2:192.168.164.207:40731, 313782b9-e18d-44cb-a4a7-8816635983d3:192.168.164.207:33244], old=null
2019-09-25 06:34:07,085 [49960203-aee6-4047-85fd-ecacef3efebf@group-AC61B04265AD:LeaderElection34] INFO  impl.LeaderElection (LeaderElection.java:logAndReturn(56)) - 49960203-aee6-4047-85fd-ecacef3efebf@group-AC61B04265AD:LeaderElection34: Election REJECTED; received 2 response(s) [49960203-aee6-4047-85fd-ecacef3efebf<-81f06f72-72c9-4329-855f-4bc73f7e5da2#0:FAIL-t1, 49960203-aee6-4047-85fd-ecacef3efebf<-313782b9-e18d-44cb-a4a7-8816635983d3#0:FAIL-t1] and 0 exception(s); 49960203-aee6-4047-85fd-ecacef3efebf@group-AC61B04265AD:t1, leader=null, voted=49960203-aee6-4047-85fd-ecacef3efebf, raftlog=49960203-aee6-4047-85fd-ecacef3efebf@group-AC61B04265AD-SegmentedRaftLog:OPENED:c-1,f-1,i0, conf=-1: [49960203-aee6-4047-85fd-ecacef3efebf:192.168.164.207:34853, 81f06f72-72c9-4329-855f-4bc73f7e5da2:192.168.164.207:40731, 313782b9-e18d-44cb-a4a7-8816635983d3:192.168.164.207:33244], old=null
2019-09-25 06:34:07,094 [81f06f72-72c9-4329-855f-4bc73f7e5da2@group-AC61B04265AD:LeaderElection35] INFO  impl.RaftServerImpl (RaftServerImpl.java:setRole(174)) - 81f06f72-72c9-4329-855f-4bc73f7e5da2@group-AC61B04265AD: changes role from CANDIDATE to FOLLOWER at term 1 for DISCOVERED_A_NEW_TERM
2019-09-25 06:34:07,094 [313782b9-e18d-44cb-a4a7-8816635983d3@group-AC61B04265AD:LeaderElection36] INFO  impl.RaftServerImpl (RaftServerImpl.java:setRole(174)) - 313782b9-e18d-44cb-a4a7-8816635983d3@group-AC61B04265AD: changes role from CANDIDATE to FOLLOWER at term 1 for DISCOVERED_A_NEW_TERM
2019-09-25 06:34:07,100 [49960203-aee6-4047-85fd-ecacef3efebf@group-AC61B04265AD:LeaderElection34] INFO  impl.RaftServerImpl (RaftServerImpl.java:setRole(174)) - 49960203-aee6-4047-85fd-ecacef3efebf@group-AC61B04265AD: changes role from CANDIDATE to FOLLOWER at term 1 for DISCOVERED_A_NEW_TERM
2019-09-25 06:34:07,100 [81f06f72-72c9-4329-855f-4bc73f7e5da2@group-AC61B04265AD:LeaderElection35] INFO  impl.RoleInfo (RoleInfo.java:shutdownLeaderElection(134)) - 81f06f72-72c9-4329-855f-4bc73f7e5da2: shutdown LeaderElection
2019-09-25 06:34:07,097 [Thread-462] INFO  impl.FollowerState (FollowerState.java:run(106)) - ada091b4-9675-42a7-afd4-5850bd9f4e78:group-BCC550F4A4E8 changes to CANDIDATE, lastRpcTime:5161, electionTimeout:5159ms
2019-09-25 06:34:07,103 [81f06f72-72c9-4329-855f-4bc73f7e5da2@group-AC61B04265AD:LeaderElection35] INFO  impl.RoleInfo (RoleInfo.java:updateAndGet(143)) - 81f06f72-72c9-4329-855f-4bc73f7e5da2: start FollowerState
2019-09-25 06:34:07,102 [49960203-aee6-4047-85fd-ecacef3efebf@group-AC61B04265AD:LeaderElection34] INFO  impl.RoleInfo (RoleInfo.java:shutdownLeaderElection(134)) - 49960203-aee6-4047-85fd-ecacef3efebf: shutdown LeaderElection
2019-09-25 06:34:07,102 [313782b9-e18d-44cb-a4a7-8816635983d3@group-AC61B04265AD:LeaderElection36] INFO  impl.RoleInfo (RoleInfo.java:shutdownLeaderElection(134)) - 313782b9-e18d-44cb-a4a7-8816635983d3: shutdown LeaderElection
2019-09-25 06:34:07,103 [49960203-aee6-4047-85fd-ecacef3efebf@group-AC61B04265AD:LeaderElection34] INFO  impl.RoleInfo (RoleInfo.java:updateAndGet(143)) - 49960203-aee6-4047-85fd-ecacef3efebf: start FollowerState
2019-09-25 06:34:07,103 [Thread-462] INFO  impl.RoleInfo (RoleInfo.java:shutdownFollowerState(121)) - ada091b4-9675-42a7-afd4-5850bd9f4e78: shutdown FollowerState
2019-09-25 06:34:07,105 [313782b9-e18d-44cb-a4a7-8816635983d3@group-AC61B04265AD:LeaderElection36] INFO  impl.RoleInfo (RoleInfo.java:updateAndGet(143)) - 313782b9-e18d-44cb-a4a7-8816635983d3: start FollowerState
2019-09-25 06:34:07,108 [Thread-462] INFO  impl.RaftServerImpl (RaftServerImpl.java:setRole(174)) - ada091b4-9675-42a7-afd4-5850bd9f4e78@group-BCC550F4A4E8: changes role from  FOLLOWER to CANDIDATE at term 0 for changeToCandidate
2019-09-25 06:34:07,110 [Thread-462] INFO  impl.RoleInfo (RoleInfo.java:updateAndGet(143)) - ada091b4-9675-42a7-afd4-5850bd9f4e78: start LeaderElection
2019-09-25 06:34:07,130 [ada091b4-9675-42a7-afd4-5850bd9f4e78@group-BCC550F4A4E8:LeaderElection37] INFO  impl.LeaderElection (LeaderElection.java:askForVotes(182)) - ada091b4-9675-42a7-afd4-5850bd9f4e78@group-BCC550F4A4E8:LeaderElection37: begin an election at term 1 for -1: [ada091b4-9675-42a7-afd4-5850bd9f4e78:192.168.164.207:35963], old=null
2019-09-25 06:34:07,130 [ada091b4-9675-42a7-afd4-5850bd9f4e78@group-BCC550F4A4E8:LeaderElection37] INFO  impl.RoleInfo (RoleInfo.java:shutdownLeaderElection(134)) - ada091b4-9675-42a7-afd4-5850bd9f4e78: shutdown LeaderElection
2019-09-25 06:34:07,130 [ada091b4-9675-42a7-afd4-5850bd9f4e78@group-BCC550F4A4E8:LeaderElection37] INFO  impl.RaftServerImpl (RaftServerImpl.java:setRole(174)) - ada091b4-9675-42a7-afd4-5850bd9f4e78@group-BCC550F4A4E8: changes role from CANDIDATE to LEADER at term 1 for changeToLeader
2019-09-25 06:34:07,130 [ada091b4-9675-42a7-afd4-5850bd9f4e78@group-BCC550F4A4E8:LeaderElection37] INFO  impl.RaftServerImpl (ServerState.java:setLeader(253)) - ada091b4-9675-42a7-afd4-5850bd9f4e78@group-BCC550F4A4E8: change Leader from null to ada091b4-9675-42a7-afd4-5850bd9f4e78 at term 1 for becomeLeader, leader elected after 5199ms
2019-09-25 06:34:07,130 [ada091b4-9675-42a7-afd4-5850bd9f4e78@group-BCC550F4A4E8:LeaderElection37] INFO  server.RaftServerConfigKeys (ConfUtils.java:logGet(43)) - raft.server.staging.catchup.gap = 1000 (default)
2019-09-25 06:34:07,130 [ada091b4-9675-42a7-afd4-5850bd9f4e78@group-BCC550F4A4E8:LeaderElection37] INFO  server.RaftServerConfigKeys (ConfUtils.java:logGet(43)) - raft.server.rpc.sleep.time = 25ms (default)
2019-09-25 06:34:07,131 [ada091b4-9675-42a7-afd4-5850bd9f4e78@group-BCC550F4A4E8:LeaderElection37] INFO  server.RaftServerConfigKeys (ConfUtils.java:logGet(43)) - raft.server.write.element-limit = 4096 (default)
2019-09-25 06:34:07,131 [ada091b4-9675-42a7-afd4-5850bd9f4e78@group-BCC550F4A4E8:LeaderElection37] INFO  server.RaftServerConfigKeys (ConfUtils.java:logGet(43)) - raft.server.watch.timeout = 10s (default)
2019-09-25 06:34:07,131 [ada091b4-9675-42a7-afd4-5850bd9f4e78@group-BCC550F4A4E8:LeaderElection37] INFO  server.RaftServerConfigKeys (ConfUtils.java:logGet(43)) - raft.server.watch.timeout.denomination = 1s (default)
2019-09-25 06:34:07,131 [ada091b4-9675-42a7-afd4-5850bd9f4e78@group-BCC550F4A4E8:LeaderElection37] INFO  server.RaftServerConfigKeys (ConfUtils.java:logGet(43)) - raft.server.watch.element-limit = 65536 (default)
2019-09-25 06:34:07,133 [ada091b4-9675-42a7-afd4-5850bd9f4e78@group-BCC550F4A4E8:LeaderElection37] INFO  impl.RoleInfo (RoleInfo.java:updateAndGet(143)) - ada091b4-9675-42a7-afd4-5850bd9f4e78: start LeaderState
2019-09-25 06:34:07,133 [ada091b4-9675-42a7-afd4-5850bd9f4e78@group-BCC550F4A4E8:LeaderElection37] INFO  segmented.SegmentedRaftLogWorker (SegmentedRaftLogWorker.java:startLogSegment(380)) - ada091b4-9675-42a7-afd4-5850bd9f4e78@group-BCC550F4A4E8-SegmentedRaftLogWorker: Starting segment from index:0
2019-09-25 06:34:07,134 [ada091b4-9675-42a7-afd4-5850bd9f4e78@group-BCC550F4A4E8:LeaderElection37] INFO  impl.RaftServerImpl (ServerState.java:setRaftConf(354)) - ada091b4-9675-42a7-afd4-5850bd9f4e78@group-BCC550F4A4E8: set configuration 0: [ada091b4-9675-42a7-afd4-5850bd9f4e78:192.168.164.207:35963], old=null at 0
2019-09-25 06:34:07,172 [ada091b4-9675-42a7-afd4-5850bd9f4e78@group-BCC550F4A4E8-SegmentedRaftLogWorker] INFO  segmented.SegmentedRaftLogWorker (SegmentedRaftLogWorker.java:execute(569)) - ada091b4-9675-42a7-afd4-5850bd9f4e78@group-BCC550F4A4E8-SegmentedRaftLogWorker: created new log segment /workdir/hadoop-ozone/ozonefs/target/test-dir/MiniOzoneClusterImpl-d97e1daa-6e0c-4900-b1c9-997de4e3459a/datanode-5/data/ratis/f2d6775c-287b-476f-b19a-bcc550f4a4e8/current/log_inprogress_0
2019-09-25 06:34:07,338 [Thread-465] INFO  impl.FollowerState (FollowerState.java:run(106)) - 81f06f72-72c9-4329-855f-4bc73f7e5da2:group-864BC70F4916 changes to CANDIDATE, lastRpcTime:5302, electionTimeout:5092ms
2019-09-25 06:34:07,338 [Thread-465] INFO  impl.RoleInfo (RoleInfo.java:shutdownFollowerState(121)) - 81f06f72-72c9-4329-855f-4bc73f7e5da2: shutdown FollowerState
2019-09-25 06:34:07,338 [Thread-465] INFO  impl.RaftServerImpl (RaftServerImpl.java:setRole(174)) - 81f06f72-72c9-4329-855f-4bc73f7e5da2@group-864BC70F4916: changes role from  FOLLOWER to CANDIDATE at term 0 for changeToCandidate
2019-09-25 06:34:07,338 [Thread-465] INFO  impl.RoleInfo (RoleInfo.java:updateAndGet(143)) - 81f06f72-72c9-4329-855f-4bc73f7e5da2: start LeaderElection
2019-09-25 06:34:07,368 [81f06f72-72c9-4329-855f-4bc73f7e5da2@group-864BC70F4916:LeaderElection38] INFO  impl.LeaderElection (LeaderElection.java:askForVotes(182)) - 81f06f72-72c9-4329-855f-4bc73f7e5da2@group-864BC70F4916:LeaderElection38: begin an election at term 1 for -1: [81f06f72-72c9-4329-855f-4bc73f7e5da2:192.168.164.207:40731], old=null
2019-09-25 06:34:07,368 [81f06f72-72c9-4329-855f-4bc73f7e5da2@group-864BC70F4916:LeaderElection38] INFO  impl.RoleInfo (RoleInfo.java:shutdownLeaderElection(134)) - 81f06f72-72c9-4329-855f-4bc73f7e5da2: shutdown LeaderElection
2019-09-25 06:34:07,368 [81f06f72-72c9-4329-855f-4bc73f7e5da2@group-864BC70F4916:LeaderElection38] INFO  impl.RaftServerImpl (RaftServerImpl.java:setRole(174)) - 81f06f72-72c9-4329-855f-4bc73f7e5da2@group-864BC70F4916: changes role from CANDIDATE to LEADER at term 1 for changeToLeader
2019-09-25 06:34:07,368 [81f06f72-72c9-4329-855f-4bc73f7e5da2@group-864BC70F4916:LeaderElection38] INFO  impl.RaftServerImpl (ServerState.java:setLeader(253)) - 81f06f72-72c9-4329-855f-4bc73f7e5da2@group-864BC70F4916: change Leader from null to 81f06f72-72c9-4329-855f-4bc73f7e5da2 at term 1 for becomeLeader, leader elected after 5365ms
2019-09-25 06:34:07,369 [81f06f72-72c9-4329-855f-4bc73f7e5da2@group-864BC70F4916:LeaderElection38] INFO  server.RaftServerConfigKeys (ConfUtils.java:logGet(43)) - raft.server.staging.catchup.gap = 1000 (default)
2019-09-25 06:34:07,369 [81f06f72-72c9-4329-855f-4bc73f7e5da2@group-864BC70F4916:LeaderElection38] INFO  server.RaftServerConfigKeys (ConfUtils.java:logGet(43)) - raft.server.rpc.sleep.time = 25ms (default)
2019-09-25 06:34:07,369 [81f06f72-72c9-4329-855f-4bc73f7e5da2@group-864BC70F4916:LeaderElection38] INFO  server.RaftServerConfigKeys (ConfUtils.java:logGet(43)) - raft.server.write.element-limit = 4096 (default)
2019-09-25 06:34:07,369 [81f06f72-72c9-4329-855f-4bc73f7e5da2@group-864BC70F4916:LeaderElection38] INFO  server.RaftServerConfigKeys (ConfUtils.java:logGet(43)) - raft.server.watch.timeout = 10s (default)
2019-09-25 06:34:07,370 [81f06f72-72c9-4329-855f-4bc73f7e5da2@group-864BC70F4916:LeaderElection38] INFO  server.RaftServerConfigKeys (ConfUtils.java:logGet(43)) - raft.server.watch.timeout.denomination = 1s (default)
2019-09-25 06:34:07,370 [81f06f72-72c9-4329-855f-4bc73f7e5da2@group-864BC70F4916:LeaderElection38] INFO  server.RaftServerConfigKeys (ConfUtils.java:logGet(43)) - raft.server.watch.element-limit = 65536 (default)
2019-09-25 06:34:07,373 [81f06f72-72c9-4329-855f-4bc73f7e5da2@group-864BC70F4916:LeaderElection38] INFO  impl.RoleInfo (RoleInfo.java:updateAndGet(143)) - 81f06f72-72c9-4329-855f-4bc73f7e5da2: start LeaderState
2019-09-25 06:34:07,374 [81f06f72-72c9-4329-855f-4bc73f7e5da2@group-864BC70F4916:LeaderElection38] INFO  segmented.SegmentedRaftLogWorker (SegmentedRaftLogWorker.java:startLogSegment(380)) - 81f06f72-72c9-4329-855f-4bc73f7e5da2@group-864BC70F4916-SegmentedRaftLogWorker: Starting segment from index:0
2019-09-25 06:34:07,374 [81f06f72-72c9-4329-855f-4bc73f7e5da2@group-864BC70F4916:LeaderElection38] INFO  impl.RaftServerImpl (ServerState.java:setRaftConf(354)) - 81f06f72-72c9-4329-855f-4bc73f7e5da2@group-864BC70F4916: set configuration 0: [81f06f72-72c9-4329-855f-4bc73f7e5da2:192.168.164.207:40731], old=null at 0
2019-09-25 06:34:07,413 [Thread-468] INFO  impl.FollowerState (FollowerState.java:run(106)) - 81f06f72-72c9-4329-855f-4bc73f7e5da2:group-4BD8251C4044 changes to CANDIDATE, lastRpcTime:5086, electionTimeout:5048ms
2019-09-25 06:34:07,413 [Thread-468] INFO  impl.RoleInfo (RoleInfo.java:shutdownFollowerState(121)) - 81f06f72-72c9-4329-855f-4bc73f7e5da2: shutdown FollowerState
2019-09-25 06:34:07,414 [Thread-468] INFO  impl.RaftServerImpl (RaftServerImpl.java:setRole(174)) - 81f06f72-72c9-4329-855f-4bc73f7e5da2@group-4BD8251C4044: changes role from  FOLLOWER to CANDIDATE at term 0 for changeToCandidate
2019-09-25 06:34:07,414 [Thread-468] INFO  impl.RoleInfo (RoleInfo.java:updateAndGet(143)) - 81f06f72-72c9-4329-855f-4bc73f7e5da2: start LeaderElection
2019-09-25 06:34:07,432 [81f06f72-72c9-4329-855f-4bc73f7e5da2@group-864BC70F4916-SegmentedRaftLogWorker] INFO  segmented.SegmentedRaftLogWorker (SegmentedRaftLogWorker.java:execute(569)) - 81f06f72-72c9-4329-855f-4bc73f7e5da2@group-864BC70F4916-SegmentedRaftLogWorker: created new log segment /workdir/hadoop-ozone/ozonefs/target/test-dir/MiniOzoneClusterImpl-d97e1daa-6e0c-4900-b1c9-997de4e3459a/datanode-0/data/ratis/8284bfdf-0f04-46d9-bee5-864bc70f4916/current/log_inprogress_0
2019-09-25 06:34:07,446 [81f06f72-72c9-4329-855f-4bc73f7e5da2@group-4BD8251C4044:LeaderElection39] INFO  impl.LeaderElection (LeaderElection.java:askForVotes(182)) - 81f06f72-72c9-4329-855f-4bc73f7e5da2@group-4BD8251C4044:LeaderElection39: begin an election at term 1 for -1: [81f06f72-72c9-4329-855f-4bc73f7e5da2:192.168.164.207:40731], old=null
2019-09-25 06:34:07,447 [81f06f72-72c9-4329-855f-4bc73f7e5da2@group-4BD8251C4044:LeaderElection39] INFO  impl.RoleInfo (RoleInfo.java:shutdownLeaderElection(134)) - 81f06f72-72c9-4329-855f-4bc73f7e5da2: shutdown LeaderElection
2019-09-25 06:34:07,447 [81f06f72-72c9-4329-855f-4bc73f7e5da2@group-4BD8251C4044:LeaderElection39] INFO  impl.RaftServerImpl (RaftServerImpl.java:setRole(174)) - 81f06f72-72c9-4329-855f-4bc73f7e5da2@group-4BD8251C4044: changes role from CANDIDATE to LEADER at term 1 for changeToLeader
2019-09-25 06:34:07,447 [81f06f72-72c9-4329-855f-4bc73f7e5da2@group-4BD8251C4044:LeaderElection39] INFO  impl.RaftServerImpl (ServerState.java:setLeader(253)) - 81f06f72-72c9-4329-855f-4bc73f7e5da2@group-4BD8251C4044: change Leader from null to 81f06f72-72c9-4329-855f-4bc73f7e5da2 at term 1 for becomeLeader, leader elected after 5128ms
2019-09-25 06:34:07,447 [81f06f72-72c9-4329-855f-4bc73f7e5da2@group-4BD8251C4044:LeaderElection39] INFO  server.RaftServerConfigKeys (ConfUtils.java:logGet(43)) - raft.server.staging.catchup.gap = 1000 (default)
2019-09-25 06:34:07,447 [81f06f72-72c9-4329-855f-4bc73f7e5da2@group-4BD8251C4044:LeaderElection39] INFO  server.RaftServerConfigKeys (ConfUtils.java:logGet(43)) - raft.server.rpc.sleep.time = 25ms (default)
2019-09-25 06:34:07,448 [81f06f72-72c9-4329-855f-4bc73f7e5da2@group-4BD8251C4044:LeaderElection39] INFO  server.RaftServerConfigKeys (ConfUtils.java:logGet(43)) - raft.server.write.element-limit = 4096 (default)
2019-09-25 06:34:07,448 [81f06f72-72c9-4329-855f-4bc73f7e5da2@group-4BD8251C4044:LeaderElection39] INFO  server.RaftServerConfigKeys (ConfUtils.java:logGet(43)) - raft.server.watch.timeout = 10s (default)
2019-09-25 06:34:07,448 [81f06f72-72c9-4329-855f-4bc73f7e5da2@group-4BD8251C4044:LeaderElection39] INFO  server.RaftServerConfigKeys (ConfUtils.java:logGet(43)) - raft.server.watch.timeout.denomination = 1s (default)
2019-09-25 06:34:07,448 [81f06f72-72c9-4329-855f-4bc73f7e5da2@group-4BD8251C4044:LeaderElection39] INFO  server.RaftServerConfigKeys (ConfUtils.java:logGet(43)) - raft.server.watch.element-limit = 65536 (default)
2019-09-25 06:34:07,450 [81f06f72-72c9-4329-855f-4bc73f7e5da2@group-4BD8251C4044:LeaderElection39] INFO  impl.RoleInfo (RoleInfo.java:updateAndGet(143)) - 81f06f72-72c9-4329-855f-4bc73f7e5da2: start LeaderState
2019-09-25 06:34:07,451 [81f06f72-72c9-4329-855f-4bc73f7e5da2@group-4BD8251C4044:LeaderElection39] INFO  segmented.SegmentedRaftLogWorker (SegmentedRaftLogWorker.java:startLogSegment(380)) - 81f06f72-72c9-4329-855f-4bc73f7e5da2@group-4BD8251C4044-SegmentedRaftLogWorker: Starting segment from index:0
2019-09-25 06:34:07,451 [81f06f72-72c9-4329-855f-4bc73f7e5da2@group-4BD8251C4044:LeaderElection39] INFO  impl.RaftServerImpl (ServerState.java:setRaftConf(354)) - 81f06f72-72c9-4329-855f-4bc73f7e5da2@group-4BD8251C4044: set configuration 0: [81f06f72-72c9-4329-855f-4bc73f7e5da2:192.168.164.207:40731], old=null at 0
2019-09-25 06:34:07,487 [Thread-471] INFO  impl.FollowerState (FollowerState.java:run(106)) - 81f06f72-72c9-4329-855f-4bc73f7e5da2:group-070725D35EDC changes to CANDIDATE, lastRpcTime:5102, electionTimeout:5076ms
2019-09-25 06:34:07,487 [Thread-471] INFO  impl.RoleInfo (RoleInfo.java:shutdownFollowerState(121)) - 81f06f72-72c9-4329-855f-4bc73f7e5da2: shutdown FollowerState
2019-09-25 06:34:07,488 [Thread-471] INFO  impl.RaftServerImpl (RaftServerImpl.java:setRole(174)) - 81f06f72-72c9-4329-855f-4bc73f7e5da2@group-070725D35EDC: changes role from  FOLLOWER to CANDIDATE at term 0 for changeToCandidate
2019-09-25 06:34:07,488 [Thread-471] INFO  impl.RoleInfo (RoleInfo.java:updateAndGet(143)) - 81f06f72-72c9-4329-855f-4bc73f7e5da2: start LeaderElection
2019-09-25 06:34:07,491 [81f06f72-72c9-4329-855f-4bc73f7e5da2@group-4BD8251C4044-SegmentedRaftLogWorker] INFO  segmented.SegmentedRaftLogWorker (SegmentedRaftLogWorker.java:execute(569)) - 81f06f72-72c9-4329-855f-4bc73f7e5da2@group-4BD8251C4044-SegmentedRaftLogWorker: created new log segment /workdir/hadoop-ozone/ozonefs/target/test-dir/MiniOzoneClusterImpl-d97e1daa-6e0c-4900-b1c9-997de4e3459a/datanode-0/data/ratis/af9a1a93-cb78-476b-aa26-4bd8251c4044/current/log_inprogress_0
2019-09-25 06:34:07,504 [81f06f72-72c9-4329-855f-4bc73f7e5da2@group-070725D35EDC:LeaderElection40] INFO  impl.LeaderElection (LeaderElection.java:askForVotes(182)) - 81f06f72-72c9-4329-855f-4bc73f7e5da2@group-070725D35EDC:LeaderElection40: begin an election at term 1 for -1: [81f06f72-72c9-4329-855f-4bc73f7e5da2:192.168.164.207:40731], old=null
2019-09-25 06:34:07,504 [81f06f72-72c9-4329-855f-4bc73f7e5da2@group-070725D35EDC:LeaderElection40] INFO  impl.RoleInfo (RoleInfo.java:shutdownLeaderElection(134)) - 81f06f72-72c9-4329-855f-4bc73f7e5da2: shutdown LeaderElection
2019-09-25 06:34:07,504 [81f06f72-72c9-4329-855f-4bc73f7e5da2@group-070725D35EDC:LeaderElection40] INFO  impl.RaftServerImpl (RaftServerImpl.java:setRole(174)) - 81f06f72-72c9-4329-855f-4bc73f7e5da2@group-070725D35EDC: changes role from CANDIDATE to LEADER at term 1 for changeToLeader
2019-09-25 06:34:07,504 [81f06f72-72c9-4329-855f-4bc73f7e5da2@group-070725D35EDC:LeaderElection40] INFO  impl.RaftServerImpl (ServerState.java:setLeader(253)) - 81f06f72-72c9-4329-855f-4bc73f7e5da2@group-070725D35EDC: change Leader from null to 81f06f72-72c9-4329-855f-4bc73f7e5da2 at term 1 for becomeLeader, leader elected after 5125ms
2019-09-25 06:34:07,504 [81f06f72-72c9-4329-855f-4bc73f7e5da2@group-070725D35EDC:LeaderElection40] INFO  server.RaftServerConfigKeys (ConfUtils.java:logGet(43)) - raft.server.staging.catchup.gap = 1000 (default)
2019-09-25 06:34:07,505 [81f06f72-72c9-4329-855f-4bc73f7e5da2@group-070725D35EDC:LeaderElection40] INFO  server.RaftServerConfigKeys (ConfUtils.java:logGet(43)) - raft.server.rpc.sleep.time = 25ms (default)
2019-09-25 06:34:07,505 [81f06f72-72c9-4329-855f-4bc73f7e5da2@group-070725D35EDC:LeaderElection40] INFO  server.RaftServerConfigKeys (ConfUtils.java:logGet(43)) - raft.server.write.element-limit = 4096 (default)
2019-09-25 06:34:07,505 [81f06f72-72c9-4329-855f-4bc73f7e5da2@group-070725D35EDC:LeaderElection40] INFO  server.RaftServerConfigKeys (ConfUtils.java:logGet(43)) - raft.server.watch.timeout = 10s (default)
2019-09-25 06:34:07,505 [81f06f72-72c9-4329-855f-4bc73f7e5da2@group-070725D35EDC:LeaderElection40] INFO  server.RaftServerConfigKeys (ConfUtils.java:logGet(43)) - raft.server.watch.timeout.denomination = 1s (default)
2019-09-25 06:34:07,505 [81f06f72-72c9-4329-855f-4bc73f7e5da2@group-070725D35EDC:LeaderElection40] INFO  server.RaftServerConfigKeys (ConfUtils.java:logGet(43)) - raft.server.watch.element-limit = 65536 (default)
2019-09-25 06:34:07,507 [81f06f72-72c9-4329-855f-4bc73f7e5da2@group-070725D35EDC:LeaderElection40] INFO  impl.RoleInfo (RoleInfo.java:updateAndGet(143)) - 81f06f72-72c9-4329-855f-4bc73f7e5da2: start LeaderState
2019-09-25 06:34:07,508 [81f06f72-72c9-4329-855f-4bc73f7e5da2@group-070725D35EDC:LeaderElection40] INFO  segmented.SegmentedRaftLogWorker (SegmentedRaftLogWorker.java:startLogSegment(380)) - 81f06f72-72c9-4329-855f-4bc73f7e5da2@group-070725D35EDC-SegmentedRaftLogWorker: Starting segment from index:0
2019-09-25 06:34:07,508 [81f06f72-72c9-4329-855f-4bc73f7e5da2@group-070725D35EDC:LeaderElection40] INFO  impl.RaftServerImpl (ServerState.java:setRaftConf(354)) - 81f06f72-72c9-4329-855f-4bc73f7e5da2@group-070725D35EDC: set configuration 0: [81f06f72-72c9-4329-855f-4bc73f7e5da2:192.168.164.207:40731], old=null at 0
2019-09-25 06:34:07,549 [81f06f72-72c9-4329-855f-4bc73f7e5da2@group-070725D35EDC-SegmentedRaftLogWorker] INFO  segmented.SegmentedRaftLogWorker (SegmentedRaftLogWorker.java:execute(569)) - 81f06f72-72c9-4329-855f-4bc73f7e5da2@group-070725D35EDC-SegmentedRaftLogWorker: created new log segment /workdir/hadoop-ozone/ozonefs/target/test-dir/MiniOzoneClusterImpl-d97e1daa-6e0c-4900-b1c9-997de4e3459a/datanode-0/data/ratis/9b749bf9-2cca-4743-a93e-070725d35edc/current/log_inprogress_0
2019-09-25 06:34:07,562 [Thread-480] INFO  impl.FollowerState (FollowerState.java:run(106)) - f64f24cc-0a31-403c-8370-70bfbc60f804:group-823433BFA536 changes to CANDIDATE, lastRpcTime:5008, electionTimeout:5008ms
2019-09-25 06:34:07,562 [Thread-480] INFO  impl.RoleInfo (RoleInfo.java:shutdownFollowerState(121)) - f64f24cc-0a31-403c-8370-70bfbc60f804: shutdown FollowerState
2019-09-25 06:34:07,562 [Thread-480] INFO  impl.RaftServerImpl (RaftServerImpl.java:setRole(174)) - f64f24cc-0a31-403c-8370-70bfbc60f804@group-823433BFA536: changes role from  FOLLOWER to CANDIDATE at term 0 for changeToCandidate
2019-09-25 06:34:07,562 [Thread-480] INFO  impl.RoleInfo (RoleInfo.java:updateAndGet(143)) - f64f24cc-0a31-403c-8370-70bfbc60f804: start LeaderElection
2019-09-25 06:34:07,578 [f64f24cc-0a31-403c-8370-70bfbc60f804@group-823433BFA536:LeaderElection41] INFO  impl.LeaderElection (LeaderElection.java:askForVotes(182)) - f64f24cc-0a31-403c-8370-70bfbc60f804@group-823433BFA536:LeaderElection41: begin an election at term 1 for -1: [f64f24cc-0a31-403c-8370-70bfbc60f804:192.168.164.207:40060], old=null
2019-09-25 06:34:07,578 [f64f24cc-0a31-403c-8370-70bfbc60f804@group-823433BFA536:LeaderElection41] INFO  impl.RoleInfo (RoleInfo.java:shutdownLeaderElection(134)) - f64f24cc-0a31-403c-8370-70bfbc60f804: shutdown LeaderElection
2019-09-25 06:34:07,578 [f64f24cc-0a31-403c-8370-70bfbc60f804@group-823433BFA536:LeaderElection41] INFO  impl.RaftServerImpl (RaftServerImpl.java:setRole(174)) - f64f24cc-0a31-403c-8370-70bfbc60f804@group-823433BFA536: changes role from CANDIDATE to LEADER at term 1 for changeToLeader
2019-09-25 06:34:07,578 [f64f24cc-0a31-403c-8370-70bfbc60f804@group-823433BFA536:LeaderElection41] INFO  impl.RaftServerImpl (ServerState.java:setLeader(253)) - f64f24cc-0a31-403c-8370-70bfbc60f804@group-823433BFA536: change Leader from null to f64f24cc-0a31-403c-8370-70bfbc60f804 at term 1 for becomeLeader, leader elected after 5030ms
2019-09-25 06:34:07,578 [f64f24cc-0a31-403c-8370-70bfbc60f804@group-823433BFA536:LeaderElection41] INFO  server.RaftServerConfigKeys (ConfUtils.java:logGet(43)) - raft.server.staging.catchup.gap = 1000 (default)
2019-09-25 06:34:07,578 [f64f24cc-0a31-403c-8370-70bfbc60f804@group-823433BFA536:LeaderElection41] INFO  server.RaftServerConfigKeys (ConfUtils.java:logGet(43)) - raft.server.rpc.sleep.time = 25ms (default)
2019-09-25 06:34:07,579 [f64f24cc-0a31-403c-8370-70bfbc60f804@group-823433BFA536:LeaderElection41] INFO  server.RaftServerConfigKeys (ConfUtils.java:logGet(43)) - raft.server.write.element-limit = 4096 (default)
2019-09-25 06:34:07,579 [f64f24cc-0a31-403c-8370-70bfbc60f804@group-823433BFA536:LeaderElection41] INFO  server.RaftServerConfigKeys (ConfUtils.java:logGet(43)) - raft.server.watch.timeout = 10s (default)
2019-09-25 06:34:07,579 [f64f24cc-0a31-403c-8370-70bfbc60f804@group-823433BFA536:LeaderElection41] INFO  server.RaftServerConfigKeys (ConfUtils.java:logGet(43)) - raft.server.watch.timeout.denomination = 1s (default)
2019-09-25 06:34:07,579 [f64f24cc-0a31-403c-8370-70bfbc60f804@group-823433BFA536:LeaderElection41] INFO  server.RaftServerConfigKeys (ConfUtils.java:logGet(43)) - raft.server.watch.element-limit = 65536 (default)
2019-09-25 06:34:07,581 [f64f24cc-0a31-403c-8370-70bfbc60f804@group-823433BFA536:LeaderElection41] INFO  impl.RoleInfo (RoleInfo.java:updateAndGet(143)) - f64f24cc-0a31-403c-8370-70bfbc60f804: start LeaderState
2019-09-25 06:34:07,581 [f64f24cc-0a31-403c-8370-70bfbc60f804@group-823433BFA536:LeaderElection41] INFO  segmented.SegmentedRaftLogWorker (SegmentedRaftLogWorker.java:startLogSegment(380)) - f64f24cc-0a31-403c-8370-70bfbc60f804@group-823433BFA536-SegmentedRaftLogWorker: Starting segment from index:0
2019-09-25 06:34:07,582 [f64f24cc-0a31-403c-8370-70bfbc60f804@group-823433BFA536:LeaderElection41] INFO  impl.RaftServerImpl (ServerState.java:setRaftConf(354)) - f64f24cc-0a31-403c-8370-70bfbc60f804@group-823433BFA536: set configuration 0: [f64f24cc-0a31-403c-8370-70bfbc60f804:192.168.164.207:40060], old=null at 0
2019-09-25 06:34:07,617 [Thread-474] INFO  impl.FollowerState (FollowerState.java:run(106)) - 49960203-aee6-4047-85fd-ecacef3efebf:group-D919D7464917 changes to CANDIDATE, lastRpcTime:5166, electionTimeout:5138ms
2019-09-25 06:34:07,618 [Thread-474] INFO  impl.RoleInfo (RoleInfo.java:shutdownFollowerState(121)) - 49960203-aee6-4047-85fd-ecacef3efebf: shutdown FollowerState
2019-09-25 06:34:07,618 [Thread-474] INFO  impl.RaftServerImpl (RaftServerImpl.java:setRole(174)) - 49960203-aee6-4047-85fd-ecacef3efebf@group-D919D7464917: changes role from  FOLLOWER to CANDIDATE at term 0 for changeToCandidate
2019-09-25 06:34:07,619 [Thread-474] INFO  impl.RoleInfo (RoleInfo.java:updateAndGet(143)) - 49960203-aee6-4047-85fd-ecacef3efebf: start LeaderElection
2019-09-25 06:34:07,630 [f64f24cc-0a31-403c-8370-70bfbc60f804@group-823433BFA536-SegmentedRaftLogWorker] INFO  segmented.SegmentedRaftLogWorker (SegmentedRaftLogWorker.java:execute(569)) - f64f24cc-0a31-403c-8370-70bfbc60f804@group-823433BFA536-SegmentedRaftLogWorker: created new log segment /workdir/hadoop-ozone/ozonefs/target/test-dir/MiniOzoneClusterImpl-d97e1daa-6e0c-4900-b1c9-997de4e3459a/datanode-3/data/ratis/2a38d5f8-e155-44d3-bc58-823433bfa536/current/log_inprogress_0
2019-09-25 06:34:07,630 [49960203-aee6-4047-85fd-ecacef3efebf@group-D919D7464917:LeaderElection42] INFO  impl.LeaderElection (LeaderElection.java:askForVotes(182)) - 49960203-aee6-4047-85fd-ecacef3efebf@group-D919D7464917:LeaderElection42: begin an election at term 1 for -1: [49960203-aee6-4047-85fd-ecacef3efebf:192.168.164.207:34853], old=null
2019-09-25 06:34:07,631 [49960203-aee6-4047-85fd-ecacef3efebf@group-D919D7464917:LeaderElection42] INFO  impl.RoleInfo (RoleInfo.java:shutdownLeaderElection(134)) - 49960203-aee6-4047-85fd-ecacef3efebf: shutdown LeaderElection
2019-09-25 06:34:07,631 [49960203-aee6-4047-85fd-ecacef3efebf@group-D919D7464917:LeaderElection42] INFO  impl.RaftServerImpl (RaftServerImpl.java:setRole(174)) - 49960203-aee6-4047-85fd-ecacef3efebf@group-D919D7464917: changes role from CANDIDATE to LEADER at term 1 for changeToLeader
2019-09-25 06:34:07,631 [49960203-aee6-4047-85fd-ecacef3efebf@group-D919D7464917:LeaderElection42] INFO  impl.RaftServerImpl (ServerState.java:setLeader(253)) - 49960203-aee6-4047-85fd-ecacef3efebf@group-D919D7464917: change Leader from null to 49960203-aee6-4047-85fd-ecacef3efebf at term 1 for becomeLeader, leader elected after 5185ms
2019-09-25 06:34:07,631 [49960203-aee6-4047-85fd-ecacef3efebf@group-D919D7464917:LeaderElection42] INFO  server.RaftServerConfigKeys (ConfUtils.java:logGet(43)) - raft.server.staging.catchup.gap = 1000 (default)
2019-09-25 06:34:07,631 [49960203-aee6-4047-85fd-ecacef3efebf@group-D919D7464917:LeaderElection42] INFO  server.RaftServerConfigKeys (ConfUtils.java:logGet(43)) - raft.server.rpc.sleep.time = 25ms (default)
2019-09-25 06:34:07,631 [49960203-aee6-4047-85fd-ecacef3efebf@group-D919D7464917:LeaderElection42] INFO  server.RaftServerConfigKeys (ConfUtils.java:logGet(43)) - raft.server.write.element-limit = 4096 (default)
2019-09-25 06:34:07,632 [49960203-aee6-4047-85fd-ecacef3efebf@group-D919D7464917:LeaderElection42] INFO  server.RaftServerConfigKeys (ConfUtils.java:logGet(43)) - raft.server.watch.timeout = 10s (default)
2019-09-25 06:34:07,632 [49960203-aee6-4047-85fd-ecacef3efebf@group-D919D7464917:LeaderElection42] INFO  server.RaftServerConfigKeys (ConfUtils.java:logGet(43)) - raft.server.watch.timeout.denomination = 1s (default)
2019-09-25 06:34:07,632 [49960203-aee6-4047-85fd-ecacef3efebf@group-D919D7464917:LeaderElection42] INFO  server.RaftServerConfigKeys (ConfUtils.java:logGet(43)) - raft.server.watch.element-limit = 65536 (default)
2019-09-25 06:34:07,635 [49960203-aee6-4047-85fd-ecacef3efebf@group-D919D7464917:LeaderElection42] INFO  impl.RoleInfo (RoleInfo.java:updateAndGet(143)) - 49960203-aee6-4047-85fd-ecacef3efebf: start LeaderState
2019-09-25 06:34:07,635 [49960203-aee6-4047-85fd-ecacef3efebf@group-D919D7464917:LeaderElection42] INFO  segmented.SegmentedRaftLogWorker (SegmentedRaftLogWorker.java:startLogSegment(380)) - 49960203-aee6-4047-85fd-ecacef3efebf@group-D919D7464917-SegmentedRaftLogWorker: Starting segment from index:0
2019-09-25 06:34:07,635 [49960203-aee6-4047-85fd-ecacef3efebf@group-D919D7464917:LeaderElection42] INFO  impl.RaftServerImpl (ServerState.java:setRaftConf(354)) - 49960203-aee6-4047-85fd-ecacef3efebf@group-D919D7464917: set configuration 0: [49960203-aee6-4047-85fd-ecacef3efebf:192.168.164.207:34853], old=null at 0
2019-09-25 06:34:07,668 [Thread-477] INFO  impl.FollowerState (FollowerState.java:run(106)) - ceffdcde-d41f-4c1b-8c84-bdffc4697707:group-F03F79E7435B changes to CANDIDATE, lastRpcTime:5158, electionTimeout:5158ms
2019-09-25 06:34:07,669 [Thread-477] INFO  impl.RoleInfo (RoleInfo.java:shutdownFollowerState(121)) - ceffdcde-d41f-4c1b-8c84-bdffc4697707: shutdown FollowerState
2019-09-25 06:34:07,669 [Thread-477] INFO  impl.RaftServerImpl (RaftServerImpl.java:setRole(174)) - ceffdcde-d41f-4c1b-8c84-bdffc4697707@group-F03F79E7435B: changes role from  FOLLOWER to CANDIDATE at term 0 for changeToCandidate
2019-09-25 06:34:07,669 [Thread-477] INFO  impl.RoleInfo (RoleInfo.java:updateAndGet(143)) - ceffdcde-d41f-4c1b-8c84-bdffc4697707: start LeaderElection
2019-09-25 06:34:07,677 [49960203-aee6-4047-85fd-ecacef3efebf@group-D919D7464917-SegmentedRaftLogWorker] INFO  segmented.SegmentedRaftLogWorker (SegmentedRaftLogWorker.java:execute(569)) - 49960203-aee6-4047-85fd-ecacef3efebf@group-D919D7464917-SegmentedRaftLogWorker: created new log segment /workdir/hadoop-ozone/ozonefs/target/test-dir/MiniOzoneClusterImpl-d97e1daa-6e0c-4900-b1c9-997de4e3459a/datanode-4/data/ratis/9ec1be39-227d-46fc-9151-d919d7464917/current/log_inprogress_0
2019-09-25 06:34:07,677 [ceffdcde-d41f-4c1b-8c84-bdffc4697707@group-F03F79E7435B:LeaderElection43] INFO  impl.LeaderElection (LeaderElection.java:askForVotes(182)) - ceffdcde-d41f-4c1b-8c84-bdffc4697707@group-F03F79E7435B:LeaderElection43: begin an election at term 1 for -1: [ceffdcde-d41f-4c1b-8c84-bdffc4697707:192.168.164.207:44173], old=null
2019-09-25 06:34:07,678 [ceffdcde-d41f-4c1b-8c84-bdffc4697707@group-F03F79E7435B:LeaderElection43] INFO  impl.RoleInfo (RoleInfo.java:shutdownLeaderElection(134)) - ceffdcde-d41f-4c1b-8c84-bdffc4697707: shutdown LeaderElection
2019-09-25 06:34:07,678 [ceffdcde-d41f-4c1b-8c84-bdffc4697707@group-F03F79E7435B:LeaderElection43] INFO  impl.RaftServerImpl (RaftServerImpl.java:setRole(174)) - ceffdcde-d41f-4c1b-8c84-bdffc4697707@group-F03F79E7435B: changes role from CANDIDATE to LEADER at term 1 for changeToLeader
2019-09-25 06:34:07,678 [ceffdcde-d41f-4c1b-8c84-bdffc4697707@group-F03F79E7435B:LeaderElection43] INFO  impl.RaftServerImpl (ServerState.java:setLeader(253)) - ceffdcde-d41f-4c1b-8c84-bdffc4697707@group-F03F79E7435B: change Leader from null to ceffdcde-d41f-4c1b-8c84-bdffc4697707 at term 1 for becomeLeader, leader elected after 5173ms
2019-09-25 06:34:07,678 [ceffdcde-d41f-4c1b-8c84-bdffc4697707@group-F03F79E7435B:LeaderElection43] INFO  server.RaftServerConfigKeys (ConfUtils.java:logGet(43)) - raft.server.staging.catchup.gap = 1000 (default)
2019-09-25 06:34:07,678 [ceffdcde-d41f-4c1b-8c84-bdffc4697707@group-F03F79E7435B:LeaderElection43] INFO  server.RaftServerConfigKeys (ConfUtils.java:logGet(43)) - raft.server.rpc.sleep.time = 25ms (default)
2019-09-25 06:34:07,678 [ceffdcde-d41f-4c1b-8c84-bdffc4697707@group-F03F79E7435B:LeaderElection43] INFO  server.RaftServerConfigKeys (ConfUtils.java:logGet(43)) - raft.server.write.element-limit = 4096 (default)
2019-09-25 06:34:07,679 [ceffdcde-d41f-4c1b-8c84-bdffc4697707@group-F03F79E7435B:LeaderElection43] INFO  server.RaftServerConfigKeys (ConfUtils.java:logGet(43)) - raft.server.watch.timeout = 10s (default)
2019-09-25 06:34:07,679 [ceffdcde-d41f-4c1b-8c84-bdffc4697707@group-F03F79E7435B:LeaderElection43] INFO  server.RaftServerConfigKeys (ConfUtils.java:logGet(43)) - raft.server.watch.timeout.denomination = 1s (default)
2019-09-25 06:34:07,679 [ceffdcde-d41f-4c1b-8c84-bdffc4697707@group-F03F79E7435B:LeaderElection43] INFO  server.RaftServerConfigKeys (ConfUtils.java:logGet(43)) - raft.server.watch.element-limit = 65536 (default)
2019-09-25 06:34:07,681 [ceffdcde-d41f-4c1b-8c84-bdffc4697707@group-F03F79E7435B:LeaderElection43] INFO  impl.RoleInfo (RoleInfo.java:updateAndGet(143)) - ceffdcde-d41f-4c1b-8c84-bdffc4697707: start LeaderState
2019-09-25 06:34:07,681 [ceffdcde-d41f-4c1b-8c84-bdffc4697707@group-F03F79E7435B:LeaderElection43] INFO  segmented.SegmentedRaftLogWorker (SegmentedRaftLogWorker.java:startLogSegment(380)) - ceffdcde-d41f-4c1b-8c84-bdffc4697707@group-F03F79E7435B-SegmentedRaftLogWorker: Starting segment from index:0
2019-09-25 06:34:07,682 [ceffdcde-d41f-4c1b-8c84-bdffc4697707@group-F03F79E7435B:LeaderElection43] INFO  impl.RaftServerImpl (ServerState.java:setRaftConf(354)) - ceffdcde-d41f-4c1b-8c84-bdffc4697707@group-F03F79E7435B: set configuration 0: [ceffdcde-d41f-4c1b-8c84-bdffc4697707:192.168.164.207:44173], old=null at 0
2019-09-25 06:34:07,719 [Thread-483] INFO  impl.FollowerState (FollowerState.java:run(106)) - ceffdcde-d41f-4c1b-8c84-bdffc4697707:group-D7AAA7D520A0 changes to CANDIDATE, lastRpcTime:5125, electionTimeout:5125ms
2019-09-25 06:34:07,719 [Thread-483] INFO  impl.RoleInfo (RoleInfo.java:shutdownFollowerState(121)) - ceffdcde-d41f-4c1b-8c84-bdffc4697707: shutdown FollowerState
2019-09-25 06:34:07,719 [Thread-483] INFO  impl.RaftServerImpl (RaftServerImpl.java:setRole(174)) - ceffdcde-d41f-4c1b-8c84-bdffc4697707@group-D7AAA7D520A0: changes role from  FOLLOWER to CANDIDATE at term 0 for changeToCandidate
2019-09-25 06:34:07,719 [Thread-483] INFO  impl.RoleInfo (RoleInfo.java:updateAndGet(143)) - ceffdcde-d41f-4c1b-8c84-bdffc4697707: start LeaderElection
2019-09-25 06:34:07,726 [ceffdcde-d41f-4c1b-8c84-bdffc4697707@group-F03F79E7435B-SegmentedRaftLogWorker] INFO  segmented.SegmentedRaftLogWorker (SegmentedRaftLogWorker.java:execute(569)) - ceffdcde-d41f-4c1b-8c84-bdffc4697707@group-F03F79E7435B-SegmentedRaftLogWorker: created new log segment /workdir/hadoop-ozone/ozonefs/target/test-dir/MiniOzoneClusterImpl-d97e1daa-6e0c-4900-b1c9-997de4e3459a/datanode-7/data/ratis/4b056994-e344-450a-b740-f03f79e7435b/current/log_inprogress_0
2019-09-25 06:34:07,728 [ceffdcde-d41f-4c1b-8c84-bdffc4697707@group-D7AAA7D520A0:LeaderElection44] INFO  impl.LeaderElection (LeaderElection.java:askForVotes(182)) - ceffdcde-d41f-4c1b-8c84-bdffc4697707@group-D7AAA7D520A0:LeaderElection44: begin an election at term 1 for -1: [ceffdcde-d41f-4c1b-8c84-bdffc4697707:192.168.164.207:44173], old=null
2019-09-25 06:34:07,728 [ceffdcde-d41f-4c1b-8c84-bdffc4697707@group-D7AAA7D520A0:LeaderElection44] INFO  impl.RoleInfo (RoleInfo.java:shutdownLeaderElection(134)) - ceffdcde-d41f-4c1b-8c84-bdffc4697707: shutdown LeaderElection
2019-09-25 06:34:07,728 [ceffdcde-d41f-4c1b-8c84-bdffc4697707@group-D7AAA7D520A0:LeaderElection44] INFO  impl.RaftServerImpl (RaftServerImpl.java:setRole(174)) - ceffdcde-d41f-4c1b-8c84-bdffc4697707@group-D7AAA7D520A0: changes role from CANDIDATE to LEADER at term 1 for changeToLeader
2019-09-25 06:34:07,729 [ceffdcde-d41f-4c1b-8c84-bdffc4697707@group-D7AAA7D520A0:LeaderElection44] INFO  impl.RaftServerImpl (ServerState.java:setLeader(253)) - ceffdcde-d41f-4c1b-8c84-bdffc4697707@group-D7AAA7D520A0: change Leader from null to ceffdcde-d41f-4c1b-8c84-bdffc4697707 at term 1 for becomeLeader, leader elected after 5139ms
2019-09-25 06:34:07,729 [ceffdcde-d41f-4c1b-8c84-bdffc4697707@group-D7AAA7D520A0:LeaderElection44] INFO  server.RaftServerConfigKeys (ConfUtils.java:logGet(43)) - raft.server.staging.catchup.gap = 1000 (default)
2019-09-25 06:34:07,729 [ceffdcde-d41f-4c1b-8c84-bdffc4697707@group-D7AAA7D520A0:LeaderElection44] INFO  server.RaftServerConfigKeys (ConfUtils.java:logGet(43)) - raft.server.rpc.sleep.time = 25ms (default)
2019-09-25 06:34:07,729 [ceffdcde-d41f-4c1b-8c84-bdffc4697707@group-D7AAA7D520A0:LeaderElection44] INFO  server.RaftServerConfigKeys (ConfUtils.java:logGet(43)) - raft.server.write.element-limit = 4096 (default)
2019-09-25 06:34:07,729 [ceffdcde-d41f-4c1b-8c84-bdffc4697707@group-D7AAA7D520A0:LeaderElection44] INFO  server.RaftServerConfigKeys (ConfUtils.java:logGet(43)) - raft.server.watch.timeout = 10s (default)
2019-09-25 06:34:07,729 [ceffdcde-d41f-4c1b-8c84-bdffc4697707@group-D7AAA7D520A0:LeaderElection44] INFO  server.RaftServerConfigKeys (ConfUtils.java:logGet(43)) - raft.server.watch.timeout.denomination = 1s (default)
2019-09-25 06:34:07,729 [ceffdcde-d41f-4c1b-8c84-bdffc4697707@group-D7AAA7D520A0:LeaderElection44] INFO  server.RaftServerConfigKeys (ConfUtils.java:logGet(43)) - raft.server.watch.element-limit = 65536 (default)
2019-09-25 06:34:07,731 [ceffdcde-d41f-4c1b-8c84-bdffc4697707@group-D7AAA7D520A0:LeaderElection44] INFO  impl.RoleInfo (RoleInfo.java:updateAndGet(143)) - ceffdcde-d41f-4c1b-8c84-bdffc4697707: start LeaderState
2019-09-25 06:34:07,731 [ceffdcde-d41f-4c1b-8c84-bdffc4697707@group-D7AAA7D520A0:LeaderElection44] INFO  segmented.SegmentedRaftLogWorker (SegmentedRaftLogWorker.java:startLogSegment(380)) - ceffdcde-d41f-4c1b-8c84-bdffc4697707@group-D7AAA7D520A0-SegmentedRaftLogWorker: Starting segment from index:0
2019-09-25 06:34:07,778 [Thread-489] INFO  impl.FollowerState (FollowerState.java:run(106)) - ada091b4-9675-42a7-afd4-5850bd9f4e78:group-9754A2FD11DA changes to CANDIDATE, lastRpcTime:5109, electionTimeout:5109ms
2019-09-25 06:34:07,779 [Thread-489] INFO  impl.RoleInfo (RoleInfo.java:shutdownFollowerState(121)) - ada091b4-9675-42a7-afd4-5850bd9f4e78: shutdown FollowerState
2019-09-25 06:34:07,779 [Thread-489] INFO  impl.RaftServerImpl (RaftServerImpl.java:setRole(174)) - ada091b4-9675-42a7-afd4-5850bd9f4e78@group-9754A2FD11DA: changes role from  FOLLOWER to CANDIDATE at term 0 for changeToCandidate
2019-09-25 06:34:07,779 [ceffdcde-d41f-4c1b-8c84-bdffc4697707@group-D7AAA7D520A0-SegmentedRaftLogWorker] INFO  segmented.SegmentedRaftLogWorker (SegmentedRaftLogWorker.java:execute(569)) - ceffdcde-d41f-4c1b-8c84-bdffc4697707@group-D7AAA7D520A0-SegmentedRaftLogWorker: created new log segment /workdir/hadoop-ozone/ozonefs/target/test-dir/MiniOzoneClusterImpl-d97e1daa-6e0c-4900-b1c9-997de4e3459a/datanode-7/data/ratis/cab055cf-a31b-4000-bda4-d7aaa7d520a0/current/log_inprogress_0
2019-09-25 06:34:07,783 [Thread-492] INFO  impl.FollowerState (FollowerState.java:run(106)) - f64f24cc-0a31-403c-8370-70bfbc60f804:group-EAA402B0152C changes to CANDIDATE, lastRpcTime:5069, electionTimeout:5069ms
2019-09-25 06:34:07,784 [Thread-492] INFO  impl.RoleInfo (RoleInfo.java:shutdownFollowerState(121)) - f64f24cc-0a31-403c-8370-70bfbc60f804: shutdown FollowerState
2019-09-25 06:34:07,784 [Thread-492] INFO  impl.RaftServerImpl (RaftServerImpl.java:setRole(174)) - f64f24cc-0a31-403c-8370-70bfbc60f804@group-EAA402B0152C: changes role from  FOLLOWER to CANDIDATE at term 0 for changeToCandidate
2019-09-25 06:34:07,785 [Thread-486] INFO  impl.FollowerState (FollowerState.java:run(106)) - f64f24cc-0a31-403c-8370-70bfbc60f804:group-7DC2977C5F4D changes to CANDIDATE, lastRpcTime:5152, electionTimeout:5152ms
2019-09-25 06:34:07,786 [Thread-486] INFO  impl.RoleInfo (RoleInfo.java:shutdownFollowerState(121)) - f64f24cc-0a31-403c-8370-70bfbc60f804: shutdown FollowerState
2019-09-25 06:34:07,786 [Thread-486] INFO  impl.RaftServerImpl (RaftServerImpl.java:setRole(174)) - f64f24cc-0a31-403c-8370-70bfbc60f804@group-7DC2977C5F4D: changes role from  FOLLOWER to CANDIDATE at term 0 for changeToCandidate
2019-09-25 06:34:07,831 [Thread-495] INFO  impl.FollowerState (FollowerState.java:run(106)) - ceffdcde-d41f-4c1b-8c84-bdffc4697707:group-FA49097B2DB6 changes to CANDIDATE, lastRpcTime:5072, electionTimeout:5072ms
2019-09-25 06:34:07,832 [Thread-495] INFO  impl.RoleInfo (RoleInfo.java:shutdownFollowerState(121)) - ceffdcde-d41f-4c1b-8c84-bdffc4697707: shutdown FollowerState
2019-09-25 06:34:07,832 [Thread-495] INFO  impl.RaftServerImpl (RaftServerImpl.java:setRole(174)) - ceffdcde-d41f-4c1b-8c84-bdffc4697707@group-FA49097B2DB6: changes role from  FOLLOWER to CANDIDATE at term 0 for changeToCandidate
2019-09-25 06:34:07,889 [Thread-495] INFO  impl.RoleInfo (RoleInfo.java:updateAndGet(143)) - ceffdcde-d41f-4c1b-8c84-bdffc4697707: start LeaderElection
2019-09-25 06:34:07,890 [ceffdcde-d41f-4c1b-8c84-bdffc4697707@group-D7AAA7D520A0:LeaderElection44] INFO  impl.RaftServerImpl (ServerState.java:setRaftConf(354)) - ceffdcde-d41f-4c1b-8c84-bdffc4697707@group-D7AAA7D520A0: set configuration 0: [ceffdcde-d41f-4c1b-8c84-bdffc4697707:192.168.164.207:44173], old=null at 0
2019-09-25 06:34:07,890 [Thread-489] INFO  impl.RoleInfo (RoleInfo.java:updateAndGet(143)) - ada091b4-9675-42a7-afd4-5850bd9f4e78: start LeaderElection
2019-09-25 06:34:07,890 [Thread-492] INFO  impl.RoleInfo (RoleInfo.java:updateAndGet(143)) - f64f24cc-0a31-403c-8370-70bfbc60f804: start LeaderElection
2019-09-25 06:34:07,889 [Thread-486] INFO  impl.RoleInfo (RoleInfo.java:updateAndGet(143)) - f64f24cc-0a31-403c-8370-70bfbc60f804: start LeaderElection
2019-09-25 06:34:07,908 [ceffdcde-d41f-4c1b-8c84-bdffc4697707@group-FA49097B2DB6:LeaderElection48] INFO  impl.LeaderElection (LeaderElection.java:askForVotes(182)) - ceffdcde-d41f-4c1b-8c84-bdffc4697707@group-FA49097B2DB6:LeaderElection48: begin an election at term 1 for -1: [ceffdcde-d41f-4c1b-8c84-bdffc4697707:192.168.164.207:44173], old=null
2019-09-25 06:34:07,908 [ceffdcde-d41f-4c1b-8c84-bdffc4697707@group-FA49097B2DB6:LeaderElection48] INFO  impl.RoleInfo (RoleInfo.java:shutdownLeaderElection(134)) - ceffdcde-d41f-4c1b-8c84-bdffc4697707: shutdown LeaderElection
2019-09-25 06:34:07,908 [ceffdcde-d41f-4c1b-8c84-bdffc4697707@group-FA49097B2DB6:LeaderElection48] INFO  impl.RaftServerImpl (RaftServerImpl.java:setRole(174)) - ceffdcde-d41f-4c1b-8c84-bdffc4697707@group-FA49097B2DB6: changes role from CANDIDATE to LEADER at term 1 for changeToLeader
2019-09-25 06:34:07,908 [ceffdcde-d41f-4c1b-8c84-bdffc4697707@group-FA49097B2DB6:LeaderElection48] INFO  impl.RaftServerImpl (ServerState.java:setLeader(253)) - ceffdcde-d41f-4c1b-8c84-bdffc4697707@group-FA49097B2DB6: change Leader from null to ceffdcde-d41f-4c1b-8c84-bdffc4697707 at term 1 for becomeLeader, leader elected after 5155ms
2019-09-25 06:34:07,908 [ceffdcde-d41f-4c1b-8c84-bdffc4697707@group-FA49097B2DB6:LeaderElection48] INFO  server.RaftServerConfigKeys (ConfUtils.java:logGet(43)) - raft.server.staging.catchup.gap = 1000 (default)
2019-09-25 06:34:07,909 [ceffdcde-d41f-4c1b-8c84-bdffc4697707@group-FA49097B2DB6:LeaderElection48] INFO  server.RaftServerConfigKeys (ConfUtils.java:logGet(43)) - raft.server.rpc.sleep.time = 25ms (default)
2019-09-25 06:34:07,914 [Thread-501] INFO  impl.FollowerState (FollowerState.java:run(106)) - 313782b9-e18d-44cb-a4a7-8816635983d3:group-1ACCDD21E46D changes to CANDIDATE, lastRpcTime:5066, electionTimeout:5066ms
2019-09-25 06:34:07,914 [Thread-501] INFO  impl.RoleInfo (RoleInfo.java:shutdownFollowerState(121)) - 313782b9-e18d-44cb-a4a7-8816635983d3: shutdown FollowerState
2019-09-25 06:34:07,914 [Thread-501] INFO  impl.RaftServerImpl (RaftServerImpl.java:setRole(174)) - 313782b9-e18d-44cb-a4a7-8816635983d3@group-1ACCDD21E46D: changes role from  FOLLOWER to CANDIDATE at term 0 for changeToCandidate
2019-09-25 06:34:07,931 [Thread-498] INFO  impl.FollowerState (FollowerState.java:run(106)) - 9f1e8130-5807-4ed4-a5b5-273b79efb982:group-417A3FD59CE3 changes to CANDIDATE, lastRpcTime:5129, electionTimeout:5129ms
2019-09-25 06:34:07,932 [Thread-498] INFO  impl.RoleInfo (RoleInfo.java:shutdownFollowerState(121)) - 9f1e8130-5807-4ed4-a5b5-273b79efb982: shutdown FollowerState
2019-09-25 06:34:07,932 [Thread-498] INFO  impl.RaftServerImpl (RaftServerImpl.java:setRole(174)) - 9f1e8130-5807-4ed4-a5b5-273b79efb982@group-417A3FD59CE3: changes role from  FOLLOWER to CANDIDATE at term 0 for changeToCandidate
2019-09-25 06:34:08,001 [Thread-501] INFO  impl.RoleInfo (RoleInfo.java:updateAndGet(143)) - 313782b9-e18d-44cb-a4a7-8816635983d3: start LeaderElection
2019-09-25 06:34:08,001 [ceffdcde-d41f-4c1b-8c84-bdffc4697707@group-FA49097B2DB6:LeaderElection48] INFO  server.RaftServerConfigKeys (ConfUtils.java:logGet(43)) - raft.server.write.element-limit = 4096 (default)
2019-09-25 06:34:08,001 [Thread-498] INFO  impl.RoleInfo (RoleInfo.java:updateAndGet(143)) - 9f1e8130-5807-4ed4-a5b5-273b79efb982: start LeaderElection
2019-09-25 06:34:08,005 [ceffdcde-d41f-4c1b-8c84-bdffc4697707@group-FA49097B2DB6:LeaderElection48] INFO  server.RaftServerConfigKeys (ConfUtils.java:logGet(43)) - raft.server.watch.timeout = 10s (default)
2019-09-25 06:34:08,005 [ceffdcde-d41f-4c1b-8c84-bdffc4697707@group-FA49097B2DB6:LeaderElection48] INFO  server.RaftServerConfigKeys (ConfUtils.java:logGet(43)) - raft.server.watch.timeout.denomination = 1s (default)
2019-09-25 06:34:08,009 [ceffdcde-d41f-4c1b-8c84-bdffc4697707@group-FA49097B2DB6:LeaderElection48] INFO  server.RaftServerConfigKeys (ConfUtils.java:logGet(43)) - raft.server.watch.element-limit = 65536 (default)
2019-09-25 06:34:08,011 [ceffdcde-d41f-4c1b-8c84-bdffc4697707@group-FA49097B2DB6:LeaderElection48] INFO  impl.RoleInfo (RoleInfo.java:updateAndGet(143)) - ceffdcde-d41f-4c1b-8c84-bdffc4697707: start LeaderState
2019-09-25 06:34:08,012 [ceffdcde-d41f-4c1b-8c84-bdffc4697707@group-FA49097B2DB6:LeaderElection48] INFO  segmented.SegmentedRaftLogWorker (SegmentedRaftLogWorker.java:startLogSegment(380)) - ceffdcde-d41f-4c1b-8c84-bdffc4697707@group-FA49097B2DB6-SegmentedRaftLogWorker: Starting segment from index:0
2019-09-25 06:34:08,012 [ceffdcde-d41f-4c1b-8c84-bdffc4697707@group-FA49097B2DB6:LeaderElection48] INFO  impl.RaftServerImpl (ServerState.java:setRaftConf(354)) - ceffdcde-d41f-4c1b-8c84-bdffc4697707@group-FA49097B2DB6: set configuration 0: [ceffdcde-d41f-4c1b-8c84-bdffc4697707:192.168.164.207:44173], old=null at 0
2019-09-25 06:34:08,054 [Thread-507] INFO  impl.FollowerState (FollowerState.java:run(106)) - 9f1e8130-5807-4ed4-a5b5-273b79efb982:group-00870AABA4F8 changes to CANDIDATE, lastRpcTime:5094, electionTimeout:5089ms
2019-09-25 06:34:08,054 [Thread-507] INFO  impl.RoleInfo (RoleInfo.java:shutdownFollowerState(121)) - 9f1e8130-5807-4ed4-a5b5-273b79efb982: shutdown FollowerState
2019-09-25 06:34:08,055 [Thread-504] INFO  impl.FollowerState (FollowerState.java:run(106)) - ceffdcde-d41f-4c1b-8c84-bdffc4697707:group-B54ED40E3E38 changes to CANDIDATE, lastRpcTime:5141, electionTimeout:5107ms
2019-09-25 06:34:08,055 [ada091b4-9675-42a7-afd4-5850bd9f4e78@group-9754A2FD11DA:LeaderElection45] INFO  impl.LeaderElection (LeaderElection.java:askForVotes(182)) - ada091b4-9675-42a7-afd4-5850bd9f4e78@group-9754A2FD11DA:LeaderElection45: begin an election at term 1 for -1: [ada091b4-9675-42a7-afd4-5850bd9f4e78:192.168.164.207:35963], old=null
2019-09-25 06:34:08,055 [f64f24cc-0a31-403c-8370-70bfbc60f804@group-7DC2977C5F4D:LeaderElection47] INFO  impl.LeaderElection (LeaderElection.java:askForVotes(182)) - f64f24cc-0a31-403c-8370-70bfbc60f804@group-7DC2977C5F4D:LeaderElection47: begin an election at term 1 for -1: [f64f24cc-0a31-403c-8370-70bfbc60f804:192.168.164.207:40060], old=null
2019-09-25 06:34:08,055 [9f1e8130-5807-4ed4-a5b5-273b79efb982@group-417A3FD59CE3:LeaderElection50] INFO  impl.LeaderElection (LeaderElection.java:askForVotes(182)) - 9f1e8130-5807-4ed4-a5b5-273b79efb982@group-417A3FD59CE3:LeaderElection50: begin an election at term 1 for -1: [9f1e8130-5807-4ed4-a5b5-273b79efb982:192.168.164.207:40481], old=null
2019-09-25 06:34:08,055 [f64f24cc-0a31-403c-8370-70bfbc60f804@group-EAA402B0152C:LeaderElection46] INFO  impl.LeaderElection (LeaderElection.java:askForVotes(182)) - f64f24cc-0a31-403c-8370-70bfbc60f804@group-EAA402B0152C:LeaderElection46: begin an election at term 1 for -1: [f64f24cc-0a31-403c-8370-70bfbc60f804:192.168.164.207:40060], old=null
2019-09-25 06:34:08,055 [9f1e8130-5807-4ed4-a5b5-273b79efb982@group-417A3FD59CE3:LeaderElection50] INFO  impl.RoleInfo (RoleInfo.java:shutdownLeaderElection(134)) - 9f1e8130-5807-4ed4-a5b5-273b79efb982: shutdown LeaderElection
2019-09-25 06:34:08,055 [f64f24cc-0a31-403c-8370-70bfbc60f804@group-7DC2977C5F4D:LeaderElection47] INFO  impl.RoleInfo (RoleInfo.java:shutdownLeaderElection(134)) - f64f24cc-0a31-403c-8370-70bfbc60f804: shutdown LeaderElection
2019-09-25 06:34:08,055 [ada091b4-9675-42a7-afd4-5850bd9f4e78@group-9754A2FD11DA:LeaderElection45] INFO  impl.RoleInfo (RoleInfo.java:shutdownLeaderElection(134)) - ada091b4-9675-42a7-afd4-5850bd9f4e78: shutdown LeaderElection
2019-09-25 06:34:08,055 [Thread-504] INFO  impl.RoleInfo (RoleInfo.java:shutdownFollowerState(121)) - ceffdcde-d41f-4c1b-8c84-bdffc4697707: shutdown FollowerState
2019-09-25 06:34:08,055 [313782b9-e18d-44cb-a4a7-8816635983d3@group-1ACCDD21E46D:LeaderElection49] INFO  impl.LeaderElection (LeaderElection.java:askForVotes(182)) - 313782b9-e18d-44cb-a4a7-8816635983d3@group-1ACCDD21E46D:LeaderElection49: begin an election at term 1 for -1: [313782b9-e18d-44cb-a4a7-8816635983d3:192.168.164.207:33244], old=null
2019-09-25 06:34:08,055 [Thread-507] INFO  impl.RaftServerImpl (RaftServerImpl.java:setRole(174)) - 9f1e8130-5807-4ed4-a5b5-273b79efb982@group-00870AABA4F8: changes role from  FOLLOWER to CANDIDATE at term 0 for changeToCandidate
2019-09-25 06:34:08,056 [313782b9-e18d-44cb-a4a7-8816635983d3@group-1ACCDD21E46D:LeaderElection49] INFO  impl.RoleInfo (RoleInfo.java:shutdownLeaderElection(134)) - 313782b9-e18d-44cb-a4a7-8816635983d3: shutdown LeaderElection
2019-09-25 06:34:08,056 [Thread-504] INFO  impl.RaftServerImpl (RaftServerImpl.java:setRole(174)) - ceffdcde-d41f-4c1b-8c84-bdffc4697707@group-B54ED40E3E38: changes role from  FOLLOWER to CANDIDATE at term 0 for changeToCandidate
2019-09-25 06:34:08,055 [ada091b4-9675-42a7-afd4-5850bd9f4e78@group-9754A2FD11DA:LeaderElection45] INFO  impl.RaftServerImpl (RaftServerImpl.java:setRole(174)) - ada091b4-9675-42a7-afd4-5850bd9f4e78@group-9754A2FD11DA: changes role from CANDIDATE to LEADER at term 1 for changeToLeader
2019-09-25 06:34:08,055 [f64f24cc-0a31-403c-8370-70bfbc60f804@group-7DC2977C5F4D:LeaderElection47] INFO  impl.RaftServerImpl (RaftServerImpl.java:setRole(174)) - f64f24cc-0a31-403c-8370-70bfbc60f804@group-7DC2977C5F4D: changes role from CANDIDATE to LEADER at term 1 for changeToLeader
2019-09-25 06:34:08,055 [9f1e8130-5807-4ed4-a5b5-273b79efb982@group-417A3FD59CE3:LeaderElection50] INFO  impl.RaftServerImpl (RaftServerImpl.java:setRole(174)) - 9f1e8130-5807-4ed4-a5b5-273b79efb982@group-417A3FD59CE3: changes role from CANDIDATE to LEADER at term 1 for changeToLeader
2019-09-25 06:34:08,057 [9f1e8130-5807-4ed4-a5b5-273b79efb982@group-417A3FD59CE3:LeaderElection50] INFO  impl.RaftServerImpl (ServerState.java:setLeader(253)) - 9f1e8130-5807-4ed4-a5b5-273b79efb982@group-417A3FD59CE3: change Leader from null to 9f1e8130-5807-4ed4-a5b5-273b79efb982 at term 1 for becomeLeader, leader elected after 5260ms
2019-09-25 06:34:08,055 [f64f24cc-0a31-403c-8370-70bfbc60f804@group-EAA402B0152C:LeaderElection46] INFO  impl.RoleInfo (RoleInfo.java:shutdownLeaderElection(134)) - f64f24cc-0a31-403c-8370-70bfbc60f804: shutdown LeaderElection
2019-09-25 06:34:08,057 [9f1e8130-5807-4ed4-a5b5-273b79efb982@group-417A3FD59CE3:LeaderElection50] INFO  server.RaftServerConfigKeys (ConfUtils.java:logGet(43)) - raft.server.staging.catchup.gap = 1000 (default)
2019-09-25 06:34:08,056 [f64f24cc-0a31-403c-8370-70bfbc60f804@group-7DC2977C5F4D:LeaderElection47] INFO  impl.RaftServerImpl (ServerState.java:setLeader(253)) - f64f24cc-0a31-403c-8370-70bfbc60f804@group-7DC2977C5F4D: change Leader from null to f64f24cc-0a31-403c-8370-70bfbc60f804 at term 1 for becomeLeader, leader elected after 5427ms
2019-09-25 06:34:08,056 [ada091b4-9675-42a7-afd4-5850bd9f4e78@group-9754A2FD11DA:LeaderElection45] INFO  impl.RaftServerImpl (ServerState.java:setLeader(253)) - ada091b4-9675-42a7-afd4-5850bd9f4e78@group-9754A2FD11DA: change Leader from null to ada091b4-9675-42a7-afd4-5850bd9f4e78 at term 1 for becomeLeader, leader elected after 5391ms
2019-09-25 06:34:08,056 [Thread-504] INFO  impl.RoleInfo (RoleInfo.java:updateAndGet(143)) - ceffdcde-d41f-4c1b-8c84-bdffc4697707: start LeaderElection
2019-09-25 06:34:08,056 [313782b9-e18d-44cb-a4a7-8816635983d3@group-1ACCDD21E46D:LeaderElection49] INFO  impl.RaftServerImpl (RaftServerImpl.java:setRole(174)) - 313782b9-e18d-44cb-a4a7-8816635983d3@group-1ACCDD21E46D: changes role from CANDIDATE to LEADER at term 1 for changeToLeader
2019-09-25 06:34:08,056 [Thread-507] INFO  impl.RoleInfo (RoleInfo.java:updateAndGet(143)) - 9f1e8130-5807-4ed4-a5b5-273b79efb982: start LeaderElection
2019-09-25 06:34:08,066 [313782b9-e18d-44cb-a4a7-8816635983d3@group-1ACCDD21E46D:LeaderElection49] INFO  impl.RaftServerImpl (ServerState.java:setLeader(253)) - 313782b9-e18d-44cb-a4a7-8816635983d3@group-1ACCDD21E46D: change Leader from null to 313782b9-e18d-44cb-a4a7-8816635983d3 at term 1 for becomeLeader, leader elected after 5225ms
2019-09-25 06:34:08,057 [ada091b4-9675-42a7-afd4-5850bd9f4e78@group-9754A2FD11DA:LeaderElection45] INFO  server.RaftServerConfigKeys (ConfUtils.java:logGet(43)) - raft.server.staging.catchup.gap = 1000 (default)
2019-09-25 06:34:08,057 [f64f24cc-0a31-403c-8370-70bfbc60f804@group-7DC2977C5F4D:LeaderElection47] INFO  server.RaftServerConfigKeys (ConfUtils.java:logGet(43)) - raft.server.staging.catchup.gap = 1000 (default)
2019-09-25 06:34:08,057 [9f1e8130-5807-4ed4-a5b5-273b79efb982@group-417A3FD59CE3:LeaderElection50] INFO  server.RaftServerConfigKeys (ConfUtils.java:logGet(43)) - raft.server.rpc.sleep.time = 25ms (default)
2019-09-25 06:34:08,057 [f64f24cc-0a31-403c-8370-70bfbc60f804@group-EAA402B0152C:LeaderElection46] INFO  impl.RaftServerImpl (RaftServerImpl.java:setRole(174)) - f64f24cc-0a31-403c-8370-70bfbc60f804@group-EAA402B0152C: changes role from CANDIDATE to LEADER at term 1 for changeToLeader
2019-09-25 06:34:08,067 [9f1e8130-5807-4ed4-a5b5-273b79efb982@group-417A3FD59CE3:LeaderElection50] INFO  server.RaftServerConfigKeys (ConfUtils.java:logGet(43)) - raft.server.write.element-limit = 4096 (default)
2019-09-25 06:34:08,067 [f64f24cc-0a31-403c-8370-70bfbc60f804@group-7DC2977C5F4D:LeaderElection47] INFO  server.RaftServerConfigKeys (ConfUtils.java:logGet(43)) - raft.server.rpc.sleep.time = 25ms (default)
2019-09-25 06:34:08,067 [ada091b4-9675-42a7-afd4-5850bd9f4e78@group-9754A2FD11DA:LeaderElection45] INFO  server.RaftServerConfigKeys (ConfUtils.java:logGet(43)) - raft.server.rpc.sleep.time = 25ms (default)
2019-09-25 06:34:08,067 [313782b9-e18d-44cb-a4a7-8816635983d3@group-1ACCDD21E46D:LeaderElection49] INFO  server.RaftServerConfigKeys (ConfUtils.java:logGet(43)) - raft.server.staging.catchup.gap = 1000 (default)
2019-09-25 06:34:08,068 [ada091b4-9675-42a7-afd4-5850bd9f4e78@group-9754A2FD11DA:LeaderElection45] INFO  server.RaftServerConfigKeys (ConfUtils.java:logGet(43)) - raft.server.write.element-limit = 4096 (default)
2019-09-25 06:34:08,068 [f64f24cc-0a31-403c-8370-70bfbc60f804@group-7DC2977C5F4D:LeaderElection47] INFO  server.RaftServerConfigKeys (ConfUtils.java:logGet(43)) - raft.server.write.element-limit = 4096 (default)
2019-09-25 06:34:08,067 [9f1e8130-5807-4ed4-a5b5-273b79efb982@group-417A3FD59CE3:LeaderElection50] INFO  server.RaftServerConfigKeys (ConfUtils.java:logGet(43)) - raft.server.watch.timeout = 10s (default)
2019-09-25 06:34:08,067 [ceffdcde-d41f-4c1b-8c84-bdffc4697707@group-FA49097B2DB6-SegmentedRaftLogWorker] INFO  segmented.SegmentedRaftLogWorker (SegmentedRaftLogWorker.java:execute(569)) - ceffdcde-d41f-4c1b-8c84-bdffc4697707@group-FA49097B2DB6-SegmentedRaftLogWorker: created new log segment /workdir/hadoop-ozone/ozonefs/target/test-dir/MiniOzoneClusterImpl-d97e1daa-6e0c-4900-b1c9-997de4e3459a/datanode-7/data/ratis/f4393b42-641f-4168-a6c4-fa49097b2db6/current/log_inprogress_0
2019-09-25 06:34:08,067 [f64f24cc-0a31-403c-8370-70bfbc60f804@group-EAA402B0152C:LeaderElection46] INFO  impl.RaftServerImpl (ServerState.java:setLeader(253)) - f64f24cc-0a31-403c-8370-70bfbc60f804@group-EAA402B0152C: change Leader from null to f64f24cc-0a31-403c-8370-70bfbc60f804 at term 1 for becomeLeader, leader elected after 5360ms
2019-09-25 06:34:08,068 [9f1e8130-5807-4ed4-a5b5-273b79efb982@group-417A3FD59CE3:LeaderElection50] INFO  server.RaftServerConfigKeys (ConfUtils.java:logGet(43)) - raft.server.watch.timeout.denomination = 1s (default)
2019-09-25 06:34:08,068 [f64f24cc-0a31-403c-8370-70bfbc60f804@group-7DC2977C5F4D:LeaderElection47] INFO  server.RaftServerConfigKeys (ConfUtils.java:logGet(43)) - raft.server.watch.timeout = 10s (default)
2019-09-25 06:34:08,068 [ada091b4-9675-42a7-afd4-5850bd9f4e78@group-9754A2FD11DA:LeaderElection45] INFO  server.RaftServerConfigKeys (ConfUtils.java:logGet(43)) - raft.server.watch.timeout = 10s (default)
2019-09-25 06:34:08,068 [313782b9-e18d-44cb-a4a7-8816635983d3@group-1ACCDD21E46D:LeaderElection49] INFO  server.RaftServerConfigKeys (ConfUtils.java:logGet(43)) - raft.server.rpc.sleep.time = 25ms (default)
2019-09-25 06:34:08,069 [ada091b4-9675-42a7-afd4-5850bd9f4e78@group-9754A2FD11DA:LeaderElection45] INFO  server.RaftServerConfigKeys (ConfUtils.java:logGet(43)) - raft.server.watch.timeout.denomination = 1s (default)
2019-09-25 06:34:08,069 [f64f24cc-0a31-403c-8370-70bfbc60f804@group-7DC2977C5F4D:LeaderElection47] INFO  server.RaftServerConfigKeys (ConfUtils.java:logGet(43)) - raft.server.watch.timeout.denomination = 1s (default)
2019-09-25 06:34:08,069 [9f1e8130-5807-4ed4-a5b5-273b79efb982@group-417A3FD59CE3:LeaderElection50] INFO  server.RaftServerConfigKeys (ConfUtils.java:logGet(43)) - raft.server.watch.element-limit = 65536 (default)
2019-09-25 06:34:08,068 [f64f24cc-0a31-403c-8370-70bfbc60f804@group-EAA402B0152C:LeaderElection46] INFO  server.RaftServerConfigKeys (ConfUtils.java:logGet(43)) - raft.server.staging.catchup.gap = 1000 (default)
2019-09-25 06:34:08,069 [f64f24cc-0a31-403c-8370-70bfbc60f804@group-7DC2977C5F4D:LeaderElection47] INFO  server.RaftServerConfigKeys (ConfUtils.java:logGet(43)) - raft.server.watch.element-limit = 65536 (default)
2019-09-25 06:34:08,069 [ada091b4-9675-42a7-afd4-5850bd9f4e78@group-9754A2FD11DA:LeaderElection45] INFO  server.RaftServerConfigKeys (ConfUtils.java:logGet(43)) - raft.server.watch.element-limit = 65536 (default)
2019-09-25 06:34:08,069 [313782b9-e18d-44cb-a4a7-8816635983d3@group-1ACCDD21E46D:LeaderElection49] INFO  server.RaftServerConfigKeys (ConfUtils.java:logGet(43)) - raft.server.write.element-limit = 4096 (default)
2019-09-25 06:34:08,069 [f64f24cc-0a31-403c-8370-70bfbc60f804@group-EAA402B0152C:LeaderElection46] INFO  server.RaftServerConfigKeys (ConfUtils.java:logGet(43)) - raft.server.rpc.sleep.time = 25ms (default)
2019-09-25 06:34:08,070 [313782b9-e18d-44cb-a4a7-8816635983d3@group-1ACCDD21E46D:LeaderElection49] INFO  server.RaftServerConfigKeys (ConfUtils.java:logGet(43)) - raft.server.watch.timeout = 10s (default)
2019-09-25 06:34:08,070 [f64f24cc-0a31-403c-8370-70bfbc60f804@group-EAA402B0152C:LeaderElection46] INFO  server.RaftServerConfigKeys (ConfUtils.java:logGet(43)) - raft.server.write.element-limit = 4096 (default)
2019-09-25 06:34:08,070 [313782b9-e18d-44cb-a4a7-8816635983d3@group-1ACCDD21E46D:LeaderElection49] INFO  server.RaftServerConfigKeys (ConfUtils.java:logGet(43)) - raft.server.watch.timeout.denomination = 1s (default)
2019-09-25 06:34:08,070 [f64f24cc-0a31-403c-8370-70bfbc60f804@group-EAA402B0152C:LeaderElection46] INFO  server.RaftServerConfigKeys (ConfUtils.java:logGet(43)) - raft.server.watch.timeout = 10s (default)
2019-09-25 06:34:08,070 [ceffdcde-d41f-4c1b-8c84-bdffc4697707@group-B54ED40E3E38:LeaderElection52] INFO  impl.LeaderElection (LeaderElection.java:askForVotes(182)) - ceffdcde-d41f-4c1b-8c84-bdffc4697707@group-B54ED40E3E38:LeaderElection52: begin an election at term 1 for -1: [ceffdcde-d41f-4c1b-8c84-bdffc4697707:192.168.164.207:44173], old=null
2019-09-25 06:34:08,070 [9f1e8130-5807-4ed4-a5b5-273b79efb982@group-00870AABA4F8:LeaderElection51] INFO  impl.LeaderElection (LeaderElection.java:askForVotes(182)) - 9f1e8130-5807-4ed4-a5b5-273b79efb982@group-00870AABA4F8:LeaderElection51: begin an election at term 1 for -1: [9f1e8130-5807-4ed4-a5b5-273b79efb982:192.168.164.207:40481], old=null
2019-09-25 06:34:08,071 [ceffdcde-d41f-4c1b-8c84-bdffc4697707@group-B54ED40E3E38:LeaderElection52] INFO  impl.RoleInfo (RoleInfo.java:shutdownLeaderElection(134)) - ceffdcde-d41f-4c1b-8c84-bdffc4697707: shutdown LeaderElection
2019-09-25 06:34:08,071 [f64f24cc-0a31-403c-8370-70bfbc60f804@group-EAA402B0152C:LeaderElection46] INFO  server.RaftServerConfigKeys (ConfUtils.java:logGet(43)) - raft.server.watch.timeout.denomination = 1s (default)
2019-09-25 06:34:08,070 [313782b9-e18d-44cb-a4a7-8816635983d3@group-1ACCDD21E46D:LeaderElection49] INFO  server.RaftServerConfigKeys (ConfUtils.java:logGet(43)) - raft.server.watch.element-limit = 65536 (default)
2019-09-25 06:34:08,071 [f64f24cc-0a31-403c-8370-70bfbc60f804@group-EAA402B0152C:LeaderElection46] INFO  server.RaftServerConfigKeys (ConfUtils.java:logGet(43)) - raft.server.watch.element-limit = 65536 (default)
2019-09-25 06:34:08,071 [ceffdcde-d41f-4c1b-8c84-bdffc4697707@group-B54ED40E3E38:LeaderElection52] INFO  impl.RaftServerImpl (RaftServerImpl.java:setRole(174)) - ceffdcde-d41f-4c1b-8c84-bdffc4697707@group-B54ED40E3E38: changes role from CANDIDATE to LEADER at term 1 for changeToLeader
2019-09-25 06:34:08,071 [ceffdcde-d41f-4c1b-8c84-bdffc4697707@group-B54ED40E3E38:LeaderElection52] INFO  impl.RaftServerImpl (ServerState.java:setLeader(253)) - ceffdcde-d41f-4c1b-8c84-bdffc4697707@group-B54ED40E3E38: change Leader from null to ceffdcde-d41f-4c1b-8c84-bdffc4697707 at term 1 for becomeLeader, leader elected after 5164ms
2019-09-25 06:34:08,071 [9f1e8130-5807-4ed4-a5b5-273b79efb982@group-00870AABA4F8:LeaderElection51] INFO  impl.RoleInfo (RoleInfo.java:shutdownLeaderElection(134)) - 9f1e8130-5807-4ed4-a5b5-273b79efb982: shutdown LeaderElection
2019-09-25 06:34:08,071 [ceffdcde-d41f-4c1b-8c84-bdffc4697707@group-B54ED40E3E38:LeaderElection52] INFO  server.RaftServerConfigKeys (ConfUtils.java:logGet(43)) - raft.server.staging.catchup.gap = 1000 (default)
2019-09-25 06:34:08,071 [9f1e8130-5807-4ed4-a5b5-273b79efb982@group-00870AABA4F8:LeaderElection51] INFO  impl.RaftServerImpl (RaftServerImpl.java:setRole(174)) - 9f1e8130-5807-4ed4-a5b5-273b79efb982@group-00870AABA4F8: changes role from CANDIDATE to LEADER at term 1 for changeToLeader
2019-09-25 06:34:08,072 [ceffdcde-d41f-4c1b-8c84-bdffc4697707@group-B54ED40E3E38:LeaderElection52] INFO  server.RaftServerConfigKeys (ConfUtils.java:logGet(43)) - raft.server.rpc.sleep.time = 25ms (default)
2019-09-25 06:34:08,072 [9f1e8130-5807-4ed4-a5b5-273b79efb982@group-00870AABA4F8:LeaderElection51] INFO  impl.RaftServerImpl (ServerState.java:setLeader(253)) - 9f1e8130-5807-4ed4-a5b5-273b79efb982@group-00870AABA4F8: change Leader from null to 9f1e8130-5807-4ed4-a5b5-273b79efb982 at term 1 for becomeLeader, leader elected after 5118ms
2019-09-25 06:34:08,072 [ceffdcde-d41f-4c1b-8c84-bdffc4697707@group-B54ED40E3E38:LeaderElection52] INFO  server.RaftServerConfigKeys (ConfUtils.java:logGet(43)) - raft.server.write.element-limit = 4096 (default)
2019-09-25 06:34:08,072 [9f1e8130-5807-4ed4-a5b5-273b79efb982@group-00870AABA4F8:LeaderElection51] INFO  server.RaftServerConfigKeys (ConfUtils.java:logGet(43)) - raft.server.staging.catchup.gap = 1000 (default)
2019-09-25 06:34:08,072 [ceffdcde-d41f-4c1b-8c84-bdffc4697707@group-B54ED40E3E38:LeaderElection52] INFO  server.RaftServerConfigKeys (ConfUtils.java:logGet(43)) - raft.server.watch.timeout = 10s (default)
2019-09-25 06:34:08,072 [9f1e8130-5807-4ed4-a5b5-273b79efb982@group-00870AABA4F8:LeaderElection51] INFO  server.RaftServerConfigKeys (ConfUtils.java:logGet(43)) - raft.server.rpc.sleep.time = 25ms (default)
2019-09-25 06:34:08,072 [ceffdcde-d41f-4c1b-8c84-bdffc4697707@group-B54ED40E3E38:LeaderElection52] INFO  server.RaftServerConfigKeys (ConfUtils.java:logGet(43)) - raft.server.watch.timeout.denomination = 1s (default)
2019-09-25 06:34:08,072 [9f1e8130-5807-4ed4-a5b5-273b79efb982@group-00870AABA4F8:LeaderElection51] INFO  server.RaftServerConfigKeys (ConfUtils.java:logGet(43)) - raft.server.write.element-limit = 4096 (default)
2019-09-25 06:34:08,072 [9f1e8130-5807-4ed4-a5b5-273b79efb982@group-417A3FD59CE3:LeaderElection50] INFO  impl.RoleInfo (RoleInfo.java:updateAndGet(143)) - 9f1e8130-5807-4ed4-a5b5-273b79efb982: start LeaderState
2019-09-25 06:34:08,072 [ceffdcde-d41f-4c1b-8c84-bdffc4697707@group-B54ED40E3E38:LeaderElection52] INFO  server.RaftServerConfigKeys (ConfUtils.java:logGet(43)) - raft.server.watch.element-limit = 65536 (default)
2019-09-25 06:34:08,072 [9f1e8130-5807-4ed4-a5b5-273b79efb982@group-00870AABA4F8:LeaderElection51] INFO  server.RaftServerConfigKeys (ConfUtils.java:logGet(43)) - raft.server.watch.timeout = 10s (default)
2019-09-25 06:34:08,073 [9f1e8130-5807-4ed4-a5b5-273b79efb982@group-417A3FD59CE3:LeaderElection50] INFO  segmented.SegmentedRaftLogWorker (SegmentedRaftLogWorker.java:startLogSegment(380)) - 9f1e8130-5807-4ed4-a5b5-273b79efb982@group-417A3FD59CE3-SegmentedRaftLogWorker: Starting segment from index:0
2019-09-25 06:34:08,073 [9f1e8130-5807-4ed4-a5b5-273b79efb982@group-00870AABA4F8:LeaderElection51] INFO  server.RaftServerConfigKeys (ConfUtils.java:logGet(43)) - raft.server.watch.timeout.denomination = 1s (default)
2019-09-25 06:34:08,073 [9f1e8130-5807-4ed4-a5b5-273b79efb982@group-00870AABA4F8:LeaderElection51] INFO  server.RaftServerConfigKeys (ConfUtils.java:logGet(43)) - raft.server.watch.element-limit = 65536 (default)
2019-09-25 06:34:08,073 [9f1e8130-5807-4ed4-a5b5-273b79efb982@group-417A3FD59CE3:LeaderElection50] INFO  impl.RaftServerImpl (ServerState.java:setRaftConf(354)) - 9f1e8130-5807-4ed4-a5b5-273b79efb982@group-417A3FD59CE3: set configuration 0: [9f1e8130-5807-4ed4-a5b5-273b79efb982:192.168.164.207:40481], old=null at 0
2019-09-25 06:34:08,076 [ada091b4-9675-42a7-afd4-5850bd9f4e78@group-9754A2FD11DA:LeaderElection45] INFO  impl.RoleInfo (RoleInfo.java:updateAndGet(143)) - ada091b4-9675-42a7-afd4-5850bd9f4e78: start LeaderState
2019-09-25 06:34:08,076 [ada091b4-9675-42a7-afd4-5850bd9f4e78@group-9754A2FD11DA:LeaderElection45] INFO  segmented.SegmentedRaftLogWorker (SegmentedRaftLogWorker.java:startLogSegment(380)) - ada091b4-9675-42a7-afd4-5850bd9f4e78@group-9754A2FD11DA-SegmentedRaftLogWorker: Starting segment from index:0
2019-09-25 06:34:08,076 [f64f24cc-0a31-403c-8370-70bfbc60f804@group-7DC2977C5F4D:LeaderElection47] INFO  impl.RoleInfo (RoleInfo.java:updateAndGet(143)) - f64f24cc-0a31-403c-8370-70bfbc60f804: start LeaderState
2019-09-25 06:34:08,076 [f64f24cc-0a31-403c-8370-70bfbc60f804@group-7DC2977C5F4D:LeaderElection47] INFO  segmented.SegmentedRaftLogWorker (SegmentedRaftLogWorker.java:startLogSegment(380)) - f64f24cc-0a31-403c-8370-70bfbc60f804@group-7DC2977C5F4D-SegmentedRaftLogWorker: Starting segment from index:0
2019-09-25 06:34:08,076 [ada091b4-9675-42a7-afd4-5850bd9f4e78@group-9754A2FD11DA:LeaderElection45] INFO  impl.RaftServerImpl (ServerState.java:setRaftConf(354)) - ada091b4-9675-42a7-afd4-5850bd9f4e78@group-9754A2FD11DA: set configuration 0: [ada091b4-9675-42a7-afd4-5850bd9f4e78:192.168.164.207:35963], old=null at 0
2019-09-25 06:34:08,076 [f64f24cc-0a31-403c-8370-70bfbc60f804@group-7DC2977C5F4D:LeaderElection47] INFO  impl.RaftServerImpl (ServerState.java:setRaftConf(354)) - f64f24cc-0a31-403c-8370-70bfbc60f804@group-7DC2977C5F4D: set configuration 0: [f64f24cc-0a31-403c-8370-70bfbc60f804:192.168.164.207:40060], old=null at 0
2019-09-25 06:34:08,077 [f64f24cc-0a31-403c-8370-70bfbc60f804@group-EAA402B0152C:LeaderElection46] INFO  impl.RoleInfo (RoleInfo.java:updateAndGet(143)) - f64f24cc-0a31-403c-8370-70bfbc60f804: start LeaderState
2019-09-25 06:34:08,077 [f64f24cc-0a31-403c-8370-70bfbc60f804@group-EAA402B0152C:LeaderElection46] INFO  segmented.SegmentedRaftLogWorker (SegmentedRaftLogWorker.java:startLogSegment(380)) - f64f24cc-0a31-403c-8370-70bfbc60f804@group-EAA402B0152C-SegmentedRaftLogWorker: Starting segment from index:0
2019-09-25 06:34:08,078 [313782b9-e18d-44cb-a4a7-8816635983d3@group-1ACCDD21E46D:LeaderElection49] INFO  impl.RoleInfo (RoleInfo.java:updateAndGet(143)) - 313782b9-e18d-44cb-a4a7-8816635983d3: start LeaderState
2019-09-25 06:34:08,078 [f64f24cc-0a31-403c-8370-70bfbc60f804@group-EAA402B0152C:LeaderElection46] INFO  impl.RaftServerImpl (ServerState.java:setRaftConf(354)) - f64f24cc-0a31-403c-8370-70bfbc60f804@group-EAA402B0152C: set configuration 0: [f64f24cc-0a31-403c-8370-70bfbc60f804:192.168.164.207:40060], old=null at 0
2019-09-25 06:34:08,078 [313782b9-e18d-44cb-a4a7-8816635983d3@group-1ACCDD21E46D:LeaderElection49] INFO  segmented.SegmentedRaftLogWorker (SegmentedRaftLogWorker.java:startLogSegment(380)) - 313782b9-e18d-44cb-a4a7-8816635983d3@group-1ACCDD21E46D-SegmentedRaftLogWorker: Starting segment from index:0
2019-09-25 06:34:08,078 [ceffdcde-d41f-4c1b-8c84-bdffc4697707@group-B54ED40E3E38:LeaderElection52] INFO  impl.RoleInfo (RoleInfo.java:updateAndGet(143)) - ceffdcde-d41f-4c1b-8c84-bdffc4697707: start LeaderState
2019-09-25 06:34:08,078 [9f1e8130-5807-4ed4-a5b5-273b79efb982@group-00870AABA4F8:LeaderElection51] INFO  impl.RoleInfo (RoleInfo.java:updateAndGet(143)) - 9f1e8130-5807-4ed4-a5b5-273b79efb982: start LeaderState
2019-09-25 06:34:08,078 [313782b9-e18d-44cb-a4a7-8816635983d3@group-1ACCDD21E46D:LeaderElection49] INFO  impl.RaftServerImpl (ServerState.java:setRaftConf(354)) - 313782b9-e18d-44cb-a4a7-8816635983d3@group-1ACCDD21E46D: set configuration 0: [313782b9-e18d-44cb-a4a7-8816635983d3:192.168.164.207:33244], old=null at 0
2019-09-25 06:34:08,078 [ceffdcde-d41f-4c1b-8c84-bdffc4697707@group-B54ED40E3E38:LeaderElection52] INFO  segmented.SegmentedRaftLogWorker (SegmentedRaftLogWorker.java:startLogSegment(380)) - ceffdcde-d41f-4c1b-8c84-bdffc4697707@group-B54ED40E3E38-SegmentedRaftLogWorker: Starting segment from index:0
2019-09-25 06:34:08,078 [9f1e8130-5807-4ed4-a5b5-273b79efb982@group-00870AABA4F8:LeaderElection51] INFO  segmented.SegmentedRaftLogWorker (SegmentedRaftLogWorker.java:startLogSegment(380)) - 9f1e8130-5807-4ed4-a5b5-273b79efb982@group-00870AABA4F8-SegmentedRaftLogWorker: Starting segment from index:0
2019-09-25 06:34:08,079 [ceffdcde-d41f-4c1b-8c84-bdffc4697707@group-B54ED40E3E38:LeaderElection52] INFO  impl.RaftServerImpl (ServerState.java:setRaftConf(354)) - ceffdcde-d41f-4c1b-8c84-bdffc4697707@group-B54ED40E3E38: set configuration 0: [ceffdcde-d41f-4c1b-8c84-bdffc4697707:192.168.164.207:44173], old=null at 0
2019-09-25 06:34:08,079 [9f1e8130-5807-4ed4-a5b5-273b79efb982@group-00870AABA4F8:LeaderElection51] INFO  impl.RaftServerImpl (ServerState.java:setRaftConf(354)) - 9f1e8130-5807-4ed4-a5b5-273b79efb982@group-00870AABA4F8: set configuration 0: [9f1e8130-5807-4ed4-a5b5-273b79efb982:192.168.164.207:40481], old=null at 0
2019-09-25 06:34:08,100 [Thread-513] INFO  impl.FollowerState (FollowerState.java:run(106)) - 49960203-aee6-4047-85fd-ecacef3efebf:group-067E227E8922 changes to CANDIDATE, lastRpcTime:5055, electionTimeout:5055ms
2019-09-25 06:34:08,101 [Thread-513] INFO  impl.RoleInfo (RoleInfo.java:shutdownFollowerState(121)) - 49960203-aee6-4047-85fd-ecacef3efebf: shutdown FollowerState
2019-09-25 06:34:08,101 [Thread-513] INFO  impl.RaftServerImpl (RaftServerImpl.java:setRole(174)) - 49960203-aee6-4047-85fd-ecacef3efebf@group-067E227E8922: changes role from  FOLLOWER to CANDIDATE at term 0 for changeToCandidate
2019-09-25 06:34:08,101 [Thread-513] INFO  impl.RoleInfo (RoleInfo.java:updateAndGet(143)) - 49960203-aee6-4047-85fd-ecacef3efebf: start LeaderElection
2019-09-25 06:34:08,116 [ada091b4-9675-42a7-afd4-5850bd9f4e78@group-9754A2FD11DA-SegmentedRaftLogWorker] INFO  segmented.SegmentedRaftLogWorker (SegmentedRaftLogWorker.java:execute(569)) - ada091b4-9675-42a7-afd4-5850bd9f4e78@group-9754A2FD11DA-SegmentedRaftLogWorker: created new log segment /workdir/hadoop-ozone/ozonefs/target/test-dir/MiniOzoneClusterImpl-d97e1daa-6e0c-4900-b1c9-997de4e3459a/datanode-5/data/ratis/3dad7f71-271f-4e5f-b7a7-9754a2fd11da/current/log_inprogress_0
2019-09-25 06:34:08,116 [49960203-aee6-4047-85fd-ecacef3efebf@group-067E227E8922:LeaderElection53] INFO  impl.LeaderElection (LeaderElection.java:askForVotes(182)) - 49960203-aee6-4047-85fd-ecacef3efebf@group-067E227E8922:LeaderElection53: begin an election at term 1 for -1: [49960203-aee6-4047-85fd-ecacef3efebf:192.168.164.207:34853], old=null
2019-09-25 06:34:08,116 [f64f24cc-0a31-403c-8370-70bfbc60f804@group-7DC2977C5F4D-SegmentedRaftLogWorker] INFO  segmented.SegmentedRaftLogWorker (SegmentedRaftLogWorker.java:execute(569)) - f64f24cc-0a31-403c-8370-70bfbc60f804@group-7DC2977C5F4D-SegmentedRaftLogWorker: created new log segment /workdir/hadoop-ozone/ozonefs/target/test-dir/MiniOzoneClusterImpl-d97e1daa-6e0c-4900-b1c9-997de4e3459a/datanode-3/data/ratis/8a253e93-0588-4f36-892e-7dc2977c5f4d/current/log_inprogress_0
2019-09-25 06:34:08,116 [9f1e8130-5807-4ed4-a5b5-273b79efb982@group-00870AABA4F8-SegmentedRaftLogWorker] INFO  segmented.SegmentedRaftLogWorker (SegmentedRaftLogWorker.java:execute(569)) - 9f1e8130-5807-4ed4-a5b5-273b79efb982@group-00870AABA4F8-SegmentedRaftLogWorker: created new log segment /workdir/hadoop-ozone/ozonefs/target/test-dir/MiniOzoneClusterImpl-d97e1daa-6e0c-4900-b1c9-997de4e3459a/datanode-9/data/ratis/6c38b3a7-e98d-4df3-b418-00870aaba4f8/current/log_inprogress_0
2019-09-25 06:34:08,116 [9f1e8130-5807-4ed4-a5b5-273b79efb982@group-417A3FD59CE3-SegmentedRaftLogWorker] INFO  segmented.SegmentedRaftLogWorker (SegmentedRaftLogWorker.java:execute(569)) - 9f1e8130-5807-4ed4-a5b5-273b79efb982@group-417A3FD59CE3-SegmentedRaftLogWorker: created new log segment /workdir/hadoop-ozone/ozonefs/target/test-dir/MiniOzoneClusterImpl-d97e1daa-6e0c-4900-b1c9-997de4e3459a/datanode-9/data/ratis/2cb33790-f77f-48dd-8974-417a3fd59ce3/current/log_inprogress_0
2019-09-25 06:34:08,116 [313782b9-e18d-44cb-a4a7-8816635983d3@group-1ACCDD21E46D-SegmentedRaftLogWorker] INFO  segmented.SegmentedRaftLogWorker (SegmentedRaftLogWorker.java:execute(569)) - 313782b9-e18d-44cb-a4a7-8816635983d3@group-1ACCDD21E46D-SegmentedRaftLogWorker: created new log segment /workdir/hadoop-ozone/ozonefs/target/test-dir/MiniOzoneClusterImpl-d97e1daa-6e0c-4900-b1c9-997de4e3459a/datanode-8/data/ratis/e04e8e3e-3c9a-4e5e-a895-1accdd21e46d/current/log_inprogress_0
2019-09-25 06:34:08,116 [f64f24cc-0a31-403c-8370-70bfbc60f804@group-EAA402B0152C-SegmentedRaftLogWorker] INFO  segmented.SegmentedRaftLogWorker (SegmentedRaftLogWorker.java:execute(569)) - f64f24cc-0a31-403c-8370-70bfbc60f804@group-EAA402B0152C-SegmentedRaftLogWorker: created new log segment /workdir/hadoop-ozone/ozonefs/target/test-dir/MiniOzoneClusterImpl-d97e1daa-6e0c-4900-b1c9-997de4e3459a/datanode-3/data/ratis/43adeab8-c81b-4932-b5e5-eaa402b0152c/current/log_inprogress_0
2019-09-25 06:34:08,116 [49960203-aee6-4047-85fd-ecacef3efebf@group-067E227E8922:LeaderElection53] INFO  impl.RoleInfo (RoleInfo.java:shutdownLeaderElection(134)) - 49960203-aee6-4047-85fd-ecacef3efebf: shutdown LeaderElection
2019-09-25 06:34:08,117 [49960203-aee6-4047-85fd-ecacef3efebf@group-067E227E8922:LeaderElection53] INFO  impl.RaftServerImpl (RaftServerImpl.java:setRole(174)) - 49960203-aee6-4047-85fd-ecacef3efebf@group-067E227E8922: changes role from CANDIDATE to LEADER at term 1 for changeToLeader
2019-09-25 06:34:08,117 [49960203-aee6-4047-85fd-ecacef3efebf@group-067E227E8922:LeaderElection53] INFO  impl.RaftServerImpl (ServerState.java:setLeader(253)) - 49960203-aee6-4047-85fd-ecacef3efebf@group-067E227E8922: change Leader from null to 49960203-aee6-4047-85fd-ecacef3efebf at term 1 for becomeLeader, leader elected after 5076ms
2019-09-25 06:34:08,117 [49960203-aee6-4047-85fd-ecacef3efebf@group-067E227E8922:LeaderElection53] INFO  server.RaftServerConfigKeys (ConfUtils.java:logGet(43)) - raft.server.staging.catchup.gap = 1000 (default)
2019-09-25 06:34:08,117 [49960203-aee6-4047-85fd-ecacef3efebf@group-067E227E8922:LeaderElection53] INFO  server.RaftServerConfigKeys (ConfUtils.java:logGet(43)) - raft.server.rpc.sleep.time = 25ms (default)
2019-09-25 06:34:08,117 [49960203-aee6-4047-85fd-ecacef3efebf@group-067E227E8922:LeaderElection53] INFO  server.RaftServerConfigKeys (ConfUtils.java:logGet(43)) - raft.server.write.element-limit = 4096 (default)
2019-09-25 06:34:08,117 [49960203-aee6-4047-85fd-ecacef3efebf@group-067E227E8922:LeaderElection53] INFO  server.RaftServerConfigKeys (ConfUtils.java:logGet(43)) - raft.server.watch.timeout = 10s (default)
2019-09-25 06:34:08,117 [49960203-aee6-4047-85fd-ecacef3efebf@group-067E227E8922:LeaderElection53] INFO  server.RaftServerConfigKeys (ConfUtils.java:logGet(43)) - raft.server.watch.timeout.denomination = 1s (default)
2019-09-25 06:34:08,117 [49960203-aee6-4047-85fd-ecacef3efebf@group-067E227E8922:LeaderElection53] INFO  server.RaftServerConfigKeys (ConfUtils.java:logGet(43)) - raft.server.watch.element-limit = 65536 (default)
2019-09-25 06:34:08,119 [ceffdcde-d41f-4c1b-8c84-bdffc4697707@group-B54ED40E3E38-SegmentedRaftLogWorker] INFO  segmented.SegmentedRaftLogWorker (SegmentedRaftLogWorker.java:execute(569)) - ceffdcde-d41f-4c1b-8c84-bdffc4697707@group-B54ED40E3E38-SegmentedRaftLogWorker: created new log segment /workdir/hadoop-ozone/ozonefs/target/test-dir/MiniOzoneClusterImpl-d97e1daa-6e0c-4900-b1c9-997de4e3459a/datanode-7/data/ratis/a855ba27-c5e2-4848-9542-b54ed40e3e38/current/log_inprogress_0
2019-09-25 06:34:08,119 [49960203-aee6-4047-85fd-ecacef3efebf@group-067E227E8922:LeaderElection53] INFO  impl.RoleInfo (RoleInfo.java:updateAndGet(143)) - 49960203-aee6-4047-85fd-ecacef3efebf: start LeaderState
2019-09-25 06:34:08,119 [49960203-aee6-4047-85fd-ecacef3efebf@group-067E227E8922:LeaderElection53] INFO  segmented.SegmentedRaftLogWorker (SegmentedRaftLogWorker.java:startLogSegment(380)) - 49960203-aee6-4047-85fd-ecacef3efebf@group-067E227E8922-SegmentedRaftLogWorker: Starting segment from index:0
2019-09-25 06:34:08,119 [49960203-aee6-4047-85fd-ecacef3efebf@group-067E227E8922:LeaderElection53] INFO  impl.RaftServerImpl (ServerState.java:setRaftConf(354)) - 49960203-aee6-4047-85fd-ecacef3efebf@group-067E227E8922: set configuration 0: [49960203-aee6-4047-85fd-ecacef3efebf:192.168.164.207:34853], old=null at 0
2019-09-25 06:34:08,152 [Thread-510] INFO  impl.FollowerState (FollowerState.java:run(106)) - 9f1e8130-5807-4ed4-a5b5-273b79efb982:group-6BDA0D6A3994 changes to CANDIDATE, lastRpcTime:5149, electionTimeout:5149ms
2019-09-25 06:34:08,152 [Thread-510] INFO  impl.RoleInfo (RoleInfo.java:shutdownFollowerState(121)) - 9f1e8130-5807-4ed4-a5b5-273b79efb982: shutdown FollowerState
2019-09-25 06:34:08,152 [Thread-510] INFO  impl.RaftServerImpl (RaftServerImpl.java:setRole(174)) - 9f1e8130-5807-4ed4-a5b5-273b79efb982@group-6BDA0D6A3994: changes role from  FOLLOWER to CANDIDATE at term 0 for changeToCandidate
2019-09-25 06:34:08,152 [Thread-510] INFO  impl.RoleInfo (RoleInfo.java:updateAndGet(143)) - 9f1e8130-5807-4ed4-a5b5-273b79efb982: start LeaderElection
2019-09-25 06:34:08,161 [Thread-519] INFO  impl.FollowerState (FollowerState.java:run(106)) - 313782b9-e18d-44cb-a4a7-8816635983d3:group-D6FC75DBDD14 changes to CANDIDATE, lastRpcTime:5033, electionTimeout:5033ms
2019-09-25 06:34:08,161 [Thread-519] INFO  impl.RoleInfo (RoleInfo.java:shutdownFollowerState(121)) - 313782b9-e18d-44cb-a4a7-8816635983d3: shutdown FollowerState
2019-09-25 06:34:08,161 [Thread-519] INFO  impl.RaftServerImpl (RaftServerImpl.java:setRole(174)) - 313782b9-e18d-44cb-a4a7-8816635983d3@group-D6FC75DBDD14: changes role from  FOLLOWER to CANDIDATE at term 0 for changeToCandidate
2019-09-25 06:34:08,161 [Thread-519] INFO  impl.RoleInfo (RoleInfo.java:updateAndGet(143)) - 313782b9-e18d-44cb-a4a7-8816635983d3: start LeaderElection
2019-09-25 06:34:08,176 [49960203-aee6-4047-85fd-ecacef3efebf@group-067E227E8922-SegmentedRaftLogWorker] INFO  segmented.SegmentedRaftLogWorker (SegmentedRaftLogWorker.java:execute(569)) - 49960203-aee6-4047-85fd-ecacef3efebf@group-067E227E8922-SegmentedRaftLogWorker: created new log segment /workdir/hadoop-ozone/ozonefs/target/test-dir/MiniOzoneClusterImpl-d97e1daa-6e0c-4900-b1c9-997de4e3459a/datanode-4/data/ratis/666ebd63-8b14-495f-901e-067e227e8922/current/log_inprogress_0
2019-09-25 06:34:08,177 [9f1e8130-5807-4ed4-a5b5-273b79efb982@group-6BDA0D6A3994:LeaderElection54] INFO  impl.LeaderElection (LeaderElection.java:askForVotes(182)) - 9f1e8130-5807-4ed4-a5b5-273b79efb982@group-6BDA0D6A3994:LeaderElection54: begin an election at term 1 for -1: [9f1e8130-5807-4ed4-a5b5-273b79efb982:192.168.164.207:40481], old=null
2019-09-25 06:34:08,177 [9f1e8130-5807-4ed4-a5b5-273b79efb982@group-6BDA0D6A3994:LeaderElection54] INFO  impl.RoleInfo (RoleInfo.java:shutdownLeaderElection(134)) - 9f1e8130-5807-4ed4-a5b5-273b79efb982: shutdown LeaderElection
2019-09-25 06:34:08,177 [9f1e8130-5807-4ed4-a5b5-273b79efb982@group-6BDA0D6A3994:LeaderElection54] INFO  impl.RaftServerImpl (RaftServerImpl.java:setRole(174)) - 9f1e8130-5807-4ed4-a5b5-273b79efb982@group-6BDA0D6A3994: changes role from CANDIDATE to LEADER at term 1 for changeToLeader
2019-09-25 06:34:08,177 [9f1e8130-5807-4ed4-a5b5-273b79efb982@group-6BDA0D6A3994:LeaderElection54] INFO  impl.RaftServerImpl (ServerState.java:setLeader(253)) - 9f1e8130-5807-4ed4-a5b5-273b79efb982@group-6BDA0D6A3994: change Leader from null to 9f1e8130-5807-4ed4-a5b5-273b79efb982 at term 1 for becomeLeader, leader elected after 5180ms
2019-09-25 06:34:08,177 [9f1e8130-5807-4ed4-a5b5-273b79efb982@group-6BDA0D6A3994:LeaderElection54] INFO  server.RaftServerConfigKeys (ConfUtils.java:logGet(43)) - raft.server.staging.catchup.gap = 1000 (default)
2019-09-25 06:34:08,177 [9f1e8130-5807-4ed4-a5b5-273b79efb982@group-6BDA0D6A3994:LeaderElection54] INFO  server.RaftServerConfigKeys (ConfUtils.java:logGet(43)) - raft.server.rpc.sleep.time = 25ms (default)
2019-09-25 06:34:08,188 [9f1e8130-5807-4ed4-a5b5-273b79efb982@group-6BDA0D6A3994:LeaderElection54] INFO  server.RaftServerConfigKeys (ConfUtils.java:logGet(43)) - raft.server.write.element-limit = 4096 (default)
2019-09-25 06:34:08,189 [9f1e8130-5807-4ed4-a5b5-273b79efb982@group-6BDA0D6A3994:LeaderElection54] INFO  server.RaftServerConfigKeys (ConfUtils.java:logGet(43)) - raft.server.watch.timeout = 10s (default)
2019-09-25 06:34:08,189 [9f1e8130-5807-4ed4-a5b5-273b79efb982@group-6BDA0D6A3994:LeaderElection54] INFO  server.RaftServerConfigKeys (ConfUtils.java:logGet(43)) - raft.server.watch.timeout.denomination = 1s (default)
2019-09-25 06:34:08,189 [9f1e8130-5807-4ed4-a5b5-273b79efb982@group-6BDA0D6A3994:LeaderElection54] INFO  server.RaftServerConfigKeys (ConfUtils.java:logGet(43)) - raft.server.watch.element-limit = 65536 (default)
2019-09-25 06:34:08,190 [9f1e8130-5807-4ed4-a5b5-273b79efb982@group-6BDA0D6A3994:LeaderElection54] INFO  impl.RoleInfo (RoleInfo.java:updateAndGet(143)) - 9f1e8130-5807-4ed4-a5b5-273b79efb982: start LeaderState
2019-09-25 06:34:08,190 [9f1e8130-5807-4ed4-a5b5-273b79efb982@group-6BDA0D6A3994:LeaderElection54] INFO  segmented.SegmentedRaftLogWorker (SegmentedRaftLogWorker.java:startLogSegment(380)) - 9f1e8130-5807-4ed4-a5b5-273b79efb982@group-6BDA0D6A3994-SegmentedRaftLogWorker: Starting segment from index:0
2019-09-25 06:34:08,191 [9f1e8130-5807-4ed4-a5b5-273b79efb982@group-6BDA0D6A3994:LeaderElection54] INFO  impl.RaftServerImpl (ServerState.java:setRaftConf(354)) - 9f1e8130-5807-4ed4-a5b5-273b79efb982@group-6BDA0D6A3994: set configuration 0: [9f1e8130-5807-4ed4-a5b5-273b79efb982:192.168.164.207:40481], old=null at 0
2019-09-25 06:34:08,201 [313782b9-e18d-44cb-a4a7-8816635983d3@group-D6FC75DBDD14:LeaderElection55] INFO  impl.LeaderElection (LeaderElection.java:askForVotes(182)) - 313782b9-e18d-44cb-a4a7-8816635983d3@group-D6FC75DBDD14:LeaderElection55: begin an election at term 1 for -1: [313782b9-e18d-44cb-a4a7-8816635983d3:192.168.164.207:33244], old=null
2019-09-25 06:34:08,202 [313782b9-e18d-44cb-a4a7-8816635983d3@group-D6FC75DBDD14:LeaderElection55] INFO  impl.RoleInfo (RoleInfo.java:shutdownLeaderElection(134)) - 313782b9-e18d-44cb-a4a7-8816635983d3: shutdown LeaderElection
2019-09-25 06:34:08,202 [313782b9-e18d-44cb-a4a7-8816635983d3@group-D6FC75DBDD14:LeaderElection55] INFO  impl.RaftServerImpl (RaftServerImpl.java:setRole(174)) - 313782b9-e18d-44cb-a4a7-8816635983d3@group-D6FC75DBDD14: changes role from CANDIDATE to LEADER at term 1 for changeToLeader
2019-09-25 06:34:08,202 [313782b9-e18d-44cb-a4a7-8816635983d3@group-D6FC75DBDD14:LeaderElection55] INFO  impl.RaftServerImpl (ServerState.java:setLeader(253)) - 313782b9-e18d-44cb-a4a7-8816635983d3@group-D6FC75DBDD14: change Leader from null to 313782b9-e18d-44cb-a4a7-8816635983d3 at term 1 for becomeLeader, leader elected after 5078ms
2019-09-25 06:34:08,202 [313782b9-e18d-44cb-a4a7-8816635983d3@group-D6FC75DBDD14:LeaderElection55] INFO  server.RaftServerConfigKeys (ConfUtils.java:logGet(43)) - raft.server.staging.catchup.gap = 1000 (default)
2019-09-25 06:34:08,202 [313782b9-e18d-44cb-a4a7-8816635983d3@group-D6FC75DBDD14:LeaderElection55] INFO  server.RaftServerConfigKeys (ConfUtils.java:logGet(43)) - raft.server.rpc.sleep.time = 25ms (default)
2019-09-25 06:34:08,202 [313782b9-e18d-44cb-a4a7-8816635983d3@group-D6FC75DBDD14:LeaderElection55] INFO  server.RaftServerConfigKeys (ConfUtils.java:logGet(43)) - raft.server.write.element-limit = 4096 (default)
2019-09-25 06:34:08,202 [313782b9-e18d-44cb-a4a7-8816635983d3@group-D6FC75DBDD14:LeaderElection55] INFO  server.RaftServerConfigKeys (ConfUtils.java:logGet(43)) - raft.server.watch.timeout = 10s (default)
2019-09-25 06:34:08,202 [313782b9-e18d-44cb-a4a7-8816635983d3@group-D6FC75DBDD14:LeaderElection55] INFO  server.RaftServerConfigKeys (ConfUtils.java:logGet(43)) - raft.server.watch.timeout.denomination = 1s (default)
2019-09-25 06:34:08,202 [313782b9-e18d-44cb-a4a7-8816635983d3@group-D6FC75DBDD14:LeaderElection55] INFO  server.RaftServerConfigKeys (ConfUtils.java:logGet(43)) - raft.server.watch.element-limit = 65536 (default)
2019-09-25 06:34:08,204 [313782b9-e18d-44cb-a4a7-8816635983d3@group-D6FC75DBDD14:LeaderElection55] INFO  impl.RoleInfo (RoleInfo.java:updateAndGet(143)) - 313782b9-e18d-44cb-a4a7-8816635983d3: start LeaderState
2019-09-25 06:34:08,204 [313782b9-e18d-44cb-a4a7-8816635983d3@group-D6FC75DBDD14:LeaderElection55] INFO  segmented.SegmentedRaftLogWorker (SegmentedRaftLogWorker.java:startLogSegment(380)) - 313782b9-e18d-44cb-a4a7-8816635983d3@group-D6FC75DBDD14-SegmentedRaftLogWorker: Starting segment from index:0
2019-09-25 06:34:08,205 [313782b9-e18d-44cb-a4a7-8816635983d3@group-D6FC75DBDD14:LeaderElection55] INFO  impl.RaftServerImpl (ServerState.java:setRaftConf(354)) - 313782b9-e18d-44cb-a4a7-8816635983d3@group-D6FC75DBDD14: set configuration 0: [313782b9-e18d-44cb-a4a7-8816635983d3:192.168.164.207:33244], old=null at 0
2019-09-25 06:34:08,210 [Thread-525] INFO  impl.FollowerState (FollowerState.java:run(106)) - 49960203-aee6-4047-85fd-ecacef3efebf:group-95DE5D47C8A8 changes to CANDIDATE, lastRpcTime:5007, electionTimeout:5007ms
2019-09-25 06:34:08,211 [Thread-525] INFO  impl.RoleInfo (RoleInfo.java:shutdownFollowerState(121)) - 49960203-aee6-4047-85fd-ecacef3efebf: shutdown FollowerState
2019-09-25 06:34:08,211 [Thread-525] INFO  impl.RaftServerImpl (RaftServerImpl.java:setRole(174)) - 49960203-aee6-4047-85fd-ecacef3efebf@group-95DE5D47C8A8: changes role from  FOLLOWER to CANDIDATE at term 0 for changeToCandidate
2019-09-25 06:34:08,211 [Thread-525] INFO  impl.RoleInfo (RoleInfo.java:updateAndGet(143)) - 49960203-aee6-4047-85fd-ecacef3efebf: start LeaderElection
2019-09-25 06:34:08,226 [9f1e8130-5807-4ed4-a5b5-273b79efb982@group-6BDA0D6A3994-SegmentedRaftLogWorker] INFO  segmented.SegmentedRaftLogWorker (SegmentedRaftLogWorker.java:execute(569)) - 9f1e8130-5807-4ed4-a5b5-273b79efb982@group-6BDA0D6A3994-SegmentedRaftLogWorker: created new log segment /workdir/hadoop-ozone/ozonefs/target/test-dir/MiniOzoneClusterImpl-d97e1daa-6e0c-4900-b1c9-997de4e3459a/datanode-9/data/ratis/e9a842d2-b141-47f7-aba1-6bda0d6a3994/current/log_inprogress_0
2019-09-25 06:34:08,227 [49960203-aee6-4047-85fd-ecacef3efebf@group-95DE5D47C8A8:LeaderElection56] INFO  impl.LeaderElection (LeaderElection.java:askForVotes(182)) - 49960203-aee6-4047-85fd-ecacef3efebf@group-95DE5D47C8A8:LeaderElection56: begin an election at term 1 for -1: [49960203-aee6-4047-85fd-ecacef3efebf:192.168.164.207:34853], old=null
2019-09-25 06:34:08,227 [49960203-aee6-4047-85fd-ecacef3efebf@group-95DE5D47C8A8:LeaderElection56] INFO  impl.RoleInfo (RoleInfo.java:shutdownLeaderElection(134)) - 49960203-aee6-4047-85fd-ecacef3efebf: shutdown LeaderElection
2019-09-25 06:34:08,227 [49960203-aee6-4047-85fd-ecacef3efebf@group-95DE5D47C8A8:LeaderElection56] INFO  impl.RaftServerImpl (RaftServerImpl.java:setRole(174)) - 49960203-aee6-4047-85fd-ecacef3efebf@group-95DE5D47C8A8: changes role from CANDIDATE to LEADER at term 1 for changeToLeader
2019-09-25 06:34:08,227 [49960203-aee6-4047-85fd-ecacef3efebf@group-95DE5D47C8A8:LeaderElection56] INFO  impl.RaftServerImpl (ServerState.java:setLeader(253)) - 49960203-aee6-4047-85fd-ecacef3efebf@group-95DE5D47C8A8: change Leader from null to 49960203-aee6-4047-85fd-ecacef3efebf at term 1 for becomeLeader, leader elected after 5027ms
2019-09-25 06:34:08,227 [49960203-aee6-4047-85fd-ecacef3efebf@group-95DE5D47C8A8:LeaderElection56] INFO  server.RaftServerConfigKeys (ConfUtils.java:logGet(43)) - raft.server.staging.catchup.gap = 1000 (default)
2019-09-25 06:34:08,227 [49960203-aee6-4047-85fd-ecacef3efebf@group-95DE5D47C8A8:LeaderElection56] INFO  server.RaftServerConfigKeys (ConfUtils.java:logGet(43)) - raft.server.rpc.sleep.time = 25ms (default)
2019-09-25 06:34:08,227 [49960203-aee6-4047-85fd-ecacef3efebf@group-95DE5D47C8A8:LeaderElection56] INFO  server.RaftServerConfigKeys (ConfUtils.java:logGet(43)) - raft.server.write.element-limit = 4096 (default)
2019-09-25 06:34:08,227 [49960203-aee6-4047-85fd-ecacef3efebf@group-95DE5D47C8A8:LeaderElection56] INFO  server.RaftServerConfigKeys (ConfUtils.java:logGet(43)) - raft.server.watch.timeout = 10s (default)
2019-09-25 06:34:08,228 [49960203-aee6-4047-85fd-ecacef3efebf@group-95DE5D47C8A8:LeaderElection56] INFO  server.RaftServerConfigKeys (ConfUtils.java:logGet(43)) - raft.server.watch.timeout.denomination = 1s (default)
2019-09-25 06:34:08,228 [49960203-aee6-4047-85fd-ecacef3efebf@group-95DE5D47C8A8:LeaderElection56] INFO  server.RaftServerConfigKeys (ConfUtils.java:logGet(43)) - raft.server.watch.element-limit = 65536 (default)
2019-09-25 06:34:08,229 [49960203-aee6-4047-85fd-ecacef3efebf@group-95DE5D47C8A8:LeaderElection56] INFO  impl.RoleInfo (RoleInfo.java:updateAndGet(143)) - 49960203-aee6-4047-85fd-ecacef3efebf: start LeaderState
2019-09-25 06:34:08,230 [49960203-aee6-4047-85fd-ecacef3efebf@group-95DE5D47C8A8:LeaderElection56] INFO  segmented.SegmentedRaftLogWorker (SegmentedRaftLogWorker.java:startLogSegment(380)) - 49960203-aee6-4047-85fd-ecacef3efebf@group-95DE5D47C8A8-SegmentedRaftLogWorker: Starting segment from index:0
2019-09-25 06:34:08,230 [49960203-aee6-4047-85fd-ecacef3efebf@group-95DE5D47C8A8:LeaderElection56] INFO  impl.RaftServerImpl (ServerState.java:setRaftConf(354)) - 49960203-aee6-4047-85fd-ecacef3efebf@group-95DE5D47C8A8: set configuration 0: [49960203-aee6-4047-85fd-ecacef3efebf:192.168.164.207:34853], old=null at 0
2019-09-25 06:34:08,252 [Thread-528] INFO  impl.FollowerState (FollowerState.java:run(106)) - ceffdcde-d41f-4c1b-8c84-bdffc4697707:group-D1714ED517E8 changes to CANDIDATE, lastRpcTime:5008, electionTimeout:5008ms
2019-09-25 06:34:08,252 [Thread-528] INFO  impl.RoleInfo (RoleInfo.java:shutdownFollowerState(121)) - ceffdcde-d41f-4c1b-8c84-bdffc4697707: shutdown FollowerState
2019-09-25 06:34:08,252 [Thread-528] INFO  impl.RaftServerImpl (RaftServerImpl.java:setRole(174)) - ceffdcde-d41f-4c1b-8c84-bdffc4697707@group-D1714ED517E8: changes role from  FOLLOWER to CANDIDATE at term 0 for changeToCandidate
2019-09-25 06:34:08,252 [Thread-528] INFO  impl.RoleInfo (RoleInfo.java:updateAndGet(143)) - ceffdcde-d41f-4c1b-8c84-bdffc4697707: start LeaderElection
2019-09-25 06:34:08,253 [313782b9-e18d-44cb-a4a7-8816635983d3@group-D6FC75DBDD14-SegmentedRaftLogWorker] INFO  segmented.SegmentedRaftLogWorker (SegmentedRaftLogWorker.java:execute(569)) - 313782b9-e18d-44cb-a4a7-8816635983d3@group-D6FC75DBDD14-SegmentedRaftLogWorker: created new log segment /workdir/hadoop-ozone/ozonefs/target/test-dir/MiniOzoneClusterImpl-d97e1daa-6e0c-4900-b1c9-997de4e3459a/datanode-8/data/ratis/dfb460a2-1c6c-480b-bd2e-d6fc75dbdd14/current/log_inprogress_0
2019-09-25 06:34:08,256 [49960203-aee6-4047-85fd-ecacef3efebf@group-95DE5D47C8A8-SegmentedRaftLogWorker] INFO  segmented.SegmentedRaftLogWorker (SegmentedRaftLogWorker.java:execute(569)) - 49960203-aee6-4047-85fd-ecacef3efebf@group-95DE5D47C8A8-SegmentedRaftLogWorker: created new log segment /workdir/hadoop-ozone/ozonefs/target/test-dir/MiniOzoneClusterImpl-d97e1daa-6e0c-4900-b1c9-997de4e3459a/datanode-4/data/ratis/fb221107-06ff-42d7-a015-95de5d47c8a8/current/log_inprogress_0
2019-09-25 06:34:08,256 [ceffdcde-d41f-4c1b-8c84-bdffc4697707@group-D1714ED517E8:LeaderElection57] INFO  impl.LeaderElection (LeaderElection.java:askForVotes(182)) - ceffdcde-d41f-4c1b-8c84-bdffc4697707@group-D1714ED517E8:LeaderElection57: begin an election at term 1 for -1: [ceffdcde-d41f-4c1b-8c84-bdffc4697707:192.168.164.207:44173], old=null
2019-09-25 06:34:08,256 [ceffdcde-d41f-4c1b-8c84-bdffc4697707@group-D1714ED517E8:LeaderElection57] INFO  impl.RoleInfo (RoleInfo.java:shutdownLeaderElection(134)) - ceffdcde-d41f-4c1b-8c84-bdffc4697707: shutdown LeaderElection
2019-09-25 06:34:08,256 [ceffdcde-d41f-4c1b-8c84-bdffc4697707@group-D1714ED517E8:LeaderElection57] INFO  impl.RaftServerImpl (RaftServerImpl.java:setRole(174)) - ceffdcde-d41f-4c1b-8c84-bdffc4697707@group-D1714ED517E8: changes role from CANDIDATE to LEADER at term 1 for changeToLeader
2019-09-25 06:34:08,256 [ceffdcde-d41f-4c1b-8c84-bdffc4697707@group-D1714ED517E8:LeaderElection57] INFO  impl.RaftServerImpl (ServerState.java:setLeader(253)) - ceffdcde-d41f-4c1b-8c84-bdffc4697707@group-D1714ED517E8: change Leader from null to ceffdcde-d41f-4c1b-8c84-bdffc4697707 at term 1 for becomeLeader, leader elected after 5017ms
2019-09-25 06:34:08,257 [ceffdcde-d41f-4c1b-8c84-bdffc4697707@group-D1714ED517E8:LeaderElection57] INFO  server.RaftServerConfigKeys (ConfUtils.java:logGet(43)) - raft.server.staging.catchup.gap = 1000 (default)
2019-09-25 06:34:08,257 [ceffdcde-d41f-4c1b-8c84-bdffc4697707@group-D1714ED517E8:LeaderElection57] INFO  server.RaftServerConfigKeys (ConfUtils.java:logGet(43)) - raft.server.rpc.sleep.time = 25ms (default)
2019-09-25 06:34:08,257 [ceffdcde-d41f-4c1b-8c84-bdffc4697707@group-D1714ED517E8:LeaderElection57] INFO  server.RaftServerConfigKeys (ConfUtils.java:logGet(43)) - raft.server.write.element-limit = 4096 (default)
2019-09-25 06:34:08,257 [ceffdcde-d41f-4c1b-8c84-bdffc4697707@group-D1714ED517E8:LeaderElection57] INFO  server.RaftServerConfigKeys (ConfUtils.java:logGet(43)) - raft.server.watch.timeout = 10s (default)
2019-09-25 06:34:08,257 [ceffdcde-d41f-4c1b-8c84-bdffc4697707@group-D1714ED517E8:LeaderElection57] INFO  server.RaftServerConfigKeys (ConfUtils.java:logGet(43)) - raft.server.watch.timeout.denomination = 1s (default)
2019-09-25 06:34:08,257 [ceffdcde-d41f-4c1b-8c84-bdffc4697707@group-D1714ED517E8:LeaderElection57] INFO  server.RaftServerConfigKeys (ConfUtils.java:logGet(43)) - raft.server.watch.element-limit = 65536 (default)
2019-09-25 06:34:08,259 [ceffdcde-d41f-4c1b-8c84-bdffc4697707@group-D1714ED517E8:LeaderElection57] INFO  impl.RoleInfo (RoleInfo.java:updateAndGet(143)) - ceffdcde-d41f-4c1b-8c84-bdffc4697707: start LeaderState
2019-09-25 06:34:08,259 [ceffdcde-d41f-4c1b-8c84-bdffc4697707@group-D1714ED517E8:LeaderElection57] INFO  segmented.SegmentedRaftLogWorker (SegmentedRaftLogWorker.java:startLogSegment(380)) - ceffdcde-d41f-4c1b-8c84-bdffc4697707@group-D1714ED517E8-SegmentedRaftLogWorker: Starting segment from index:0
2019-09-25 06:34:08,259 [ceffdcde-d41f-4c1b-8c84-bdffc4697707@group-D1714ED517E8:LeaderElection57] INFO  impl.RaftServerImpl (ServerState.java:setRaftConf(354)) - ceffdcde-d41f-4c1b-8c84-bdffc4697707@group-D1714ED517E8: set configuration 0: [ceffdcde-d41f-4c1b-8c84-bdffc4697707:192.168.164.207:44173], old=null at 0
2019-09-25 06:34:08,266 [Thread-516] INFO  impl.FollowerState (FollowerState.java:run(106)) - ceffdcde-d41f-4c1b-8c84-bdffc4697707:group-6E5EC7790BF8 changes to CANDIDATE, lastRpcTime:5170, electionTimeout:5170ms
2019-09-25 06:34:08,266 [Thread-516] INFO  impl.RoleInfo (RoleInfo.java:shutdownFollowerState(121)) - ceffdcde-d41f-4c1b-8c84-bdffc4697707: shutdown FollowerState
2019-09-25 06:34:08,266 [Thread-516] INFO  impl.RaftServerImpl (RaftServerImpl.java:setRole(174)) - ceffdcde-d41f-4c1b-8c84-bdffc4697707@group-6E5EC7790BF8: changes role from  FOLLOWER to CANDIDATE at term 0 for changeToCandidate
2019-09-25 06:34:08,266 [Thread-516] INFO  impl.RoleInfo (RoleInfo.java:updateAndGet(143)) - ceffdcde-d41f-4c1b-8c84-bdffc4697707: start LeaderElection
2019-09-25 06:34:08,272 [ceffdcde-d41f-4c1b-8c84-bdffc4697707@group-6E5EC7790BF8:LeaderElection58] INFO  impl.LeaderElection (LeaderElection.java:askForVotes(182)) - ceffdcde-d41f-4c1b-8c84-bdffc4697707@group-6E5EC7790BF8:LeaderElection58: begin an election at term 1 for -1: [ceffdcde-d41f-4c1b-8c84-bdffc4697707:192.168.164.207:44173], old=null
2019-09-25 06:34:08,272 [ceffdcde-d41f-4c1b-8c84-bdffc4697707@group-6E5EC7790BF8:LeaderElection58] INFO  impl.RoleInfo (RoleInfo.java:shutdownLeaderElection(134)) - ceffdcde-d41f-4c1b-8c84-bdffc4697707: shutdown LeaderElection
2019-09-25 06:34:08,272 [ceffdcde-d41f-4c1b-8c84-bdffc4697707@group-6E5EC7790BF8:LeaderElection58] INFO  impl.RaftServerImpl (RaftServerImpl.java:setRole(174)) - ceffdcde-d41f-4c1b-8c84-bdffc4697707@group-6E5EC7790BF8: changes role from CANDIDATE to LEADER at term 1 for changeToLeader
2019-09-25 06:34:08,272 [ceffdcde-d41f-4c1b-8c84-bdffc4697707@group-6E5EC7790BF8:LeaderElection58] INFO  impl.RaftServerImpl (ServerState.java:setLeader(253)) - ceffdcde-d41f-4c1b-8c84-bdffc4697707@group-6E5EC7790BF8: change Leader from null to ceffdcde-d41f-4c1b-8c84-bdffc4697707 at term 1 for becomeLeader, leader elected after 5182ms
2019-09-25 06:34:08,272 [ceffdcde-d41f-4c1b-8c84-bdffc4697707@group-6E5EC7790BF8:LeaderElection58] INFO  server.RaftServerConfigKeys (ConfUtils.java:logGet(43)) - raft.server.staging.catchup.gap = 1000 (default)
2019-09-25 06:34:08,272 [ceffdcde-d41f-4c1b-8c84-bdffc4697707@group-6E5EC7790BF8:LeaderElection58] INFO  server.RaftServerConfigKeys (ConfUtils.java:logGet(43)) - raft.server.rpc.sleep.time = 25ms (default)
2019-09-25 06:34:08,272 [ceffdcde-d41f-4c1b-8c84-bdffc4697707@group-6E5EC7790BF8:LeaderElection58] INFO  server.RaftServerConfigKeys (ConfUtils.java:logGet(43)) - raft.server.write.element-limit = 4096 (default)
2019-09-25 06:34:08,272 [ceffdcde-d41f-4c1b-8c84-bdffc4697707@group-6E5EC7790BF8:LeaderElection58] INFO  server.RaftServerConfigKeys (ConfUtils.java:logGet(43)) - raft.server.watch.timeout = 10s (default)
2019-09-25 06:34:08,272 [ceffdcde-d41f-4c1b-8c84-bdffc4697707@group-6E5EC7790BF8:LeaderElection58] INFO  server.RaftServerConfigKeys (ConfUtils.java:logGet(43)) - raft.server.watch.timeout.denomination = 1s (default)
2019-09-25 06:34:08,273 [ceffdcde-d41f-4c1b-8c84-bdffc4697707@group-6E5EC7790BF8:LeaderElection58] INFO  server.RaftServerConfigKeys (ConfUtils.java:logGet(43)) - raft.server.watch.element-limit = 65536 (default)
2019-09-25 06:34:08,274 [ceffdcde-d41f-4c1b-8c84-bdffc4697707@group-6E5EC7790BF8:LeaderElection58] INFO  impl.RoleInfo (RoleInfo.java:updateAndGet(143)) - ceffdcde-d41f-4c1b-8c84-bdffc4697707: start LeaderState
2019-09-25 06:34:08,275 [ceffdcde-d41f-4c1b-8c84-bdffc4697707@group-6E5EC7790BF8:LeaderElection58] INFO  segmented.SegmentedRaftLogWorker (SegmentedRaftLogWorker.java:startLogSegment(380)) - ceffdcde-d41f-4c1b-8c84-bdffc4697707@group-6E5EC7790BF8-SegmentedRaftLogWorker: Starting segment from index:0
2019-09-25 06:34:08,275 [ceffdcde-d41f-4c1b-8c84-bdffc4697707@group-6E5EC7790BF8:LeaderElection58] INFO  impl.RaftServerImpl (ServerState.java:setRaftConf(354)) - ceffdcde-d41f-4c1b-8c84-bdffc4697707@group-6E5EC7790BF8: set configuration 0: [ceffdcde-d41f-4c1b-8c84-bdffc4697707:192.168.164.207:44173], old=null at 0
2019-09-25 06:34:08,280 [Thread-522] INFO  impl.FollowerState (FollowerState.java:run(106)) - f64f24cc-0a31-403c-8370-70bfbc60f804:group-336F44829697 changes to CANDIDATE, lastRpcTime:5116, electionTimeout:5116ms
2019-09-25 06:34:08,280 [Thread-522] INFO  impl.RoleInfo (RoleInfo.java:shutdownFollowerState(121)) - f64f24cc-0a31-403c-8370-70bfbc60f804: shutdown FollowerState
2019-09-25 06:34:08,280 [Thread-522] INFO  impl.RaftServerImpl (RaftServerImpl.java:setRole(174)) - f64f24cc-0a31-403c-8370-70bfbc60f804@group-336F44829697: changes role from  FOLLOWER to CANDIDATE at term 0 for changeToCandidate
2019-09-25 06:34:08,281 [Thread-522] INFO  impl.RoleInfo (RoleInfo.java:updateAndGet(143)) - f64f24cc-0a31-403c-8370-70bfbc60f804: start LeaderElection
2019-09-25 06:34:08,295 [ceffdcde-d41f-4c1b-8c84-bdffc4697707@group-D1714ED517E8-SegmentedRaftLogWorker] INFO  segmented.SegmentedRaftLogWorker (SegmentedRaftLogWorker.java:execute(569)) - ceffdcde-d41f-4c1b-8c84-bdffc4697707@group-D1714ED517E8-SegmentedRaftLogWorker: created new log segment /workdir/hadoop-ozone/ozonefs/target/test-dir/MiniOzoneClusterImpl-d97e1daa-6e0c-4900-b1c9-997de4e3459a/datanode-7/data/ratis/50bd1707-05b8-4300-85fe-d1714ed517e8/current/log_inprogress_0
2019-09-25 06:34:08,295 [f64f24cc-0a31-403c-8370-70bfbc60f804@group-336F44829697:LeaderElection59] INFO  impl.LeaderElection (LeaderElection.java:askForVotes(182)) - f64f24cc-0a31-403c-8370-70bfbc60f804@group-336F44829697:LeaderElection59: begin an election at term 1 for -1: [f64f24cc-0a31-403c-8370-70bfbc60f804:192.168.164.207:40060], old=null
2019-09-25 06:34:08,295 [f64f24cc-0a31-403c-8370-70bfbc60f804@group-336F44829697:LeaderElection59] INFO  impl.RoleInfo (RoleInfo.java:shutdownLeaderElection(134)) - f64f24cc-0a31-403c-8370-70bfbc60f804: shutdown LeaderElection
2019-09-25 06:34:08,295 [f64f24cc-0a31-403c-8370-70bfbc60f804@group-336F44829697:LeaderElection59] INFO  impl.RaftServerImpl (RaftServerImpl.java:setRole(174)) - f64f24cc-0a31-403c-8370-70bfbc60f804@group-336F44829697: changes role from CANDIDATE to LEADER at term 1 for changeToLeader
2019-09-25 06:34:08,295 [f64f24cc-0a31-403c-8370-70bfbc60f804@group-336F44829697:LeaderElection59] INFO  impl.RaftServerImpl (ServerState.java:setLeader(253)) - f64f24cc-0a31-403c-8370-70bfbc60f804@group-336F44829697: change Leader from null to f64f24cc-0a31-403c-8370-70bfbc60f804 at term 1 for becomeLeader, leader elected after 5137ms
2019-09-25 06:34:08,295 [f64f24cc-0a31-403c-8370-70bfbc60f804@group-336F44829697:LeaderElection59] INFO  server.RaftServerConfigKeys (ConfUtils.java:logGet(43)) - raft.server.staging.catchup.gap = 1000 (default)
2019-09-25 06:34:08,295 [f64f24cc-0a31-403c-8370-70bfbc60f804@group-336F44829697:LeaderElection59] INFO  server.RaftServerConfigKeys (ConfUtils.java:logGet(43)) - raft.server.rpc.sleep.time = 25ms (default)
2019-09-25 06:34:08,296 [f64f24cc-0a31-403c-8370-70bfbc60f804@group-336F44829697:LeaderElection59] INFO  server.RaftServerConfigKeys (ConfUtils.java:logGet(43)) - raft.server.write.element-limit = 4096 (default)
2019-09-25 06:34:08,296 [f64f24cc-0a31-403c-8370-70bfbc60f804@group-336F44829697:LeaderElection59] INFO  server.RaftServerConfigKeys (ConfUtils.java:logGet(43)) - raft.server.watch.timeout = 10s (default)
2019-09-25 06:34:08,296 [f64f24cc-0a31-403c-8370-70bfbc60f804@group-336F44829697:LeaderElection59] INFO  server.RaftServerConfigKeys (ConfUtils.java:logGet(43)) - raft.server.watch.timeout.denomination = 1s (default)
2019-09-25 06:34:08,296 [f64f24cc-0a31-403c-8370-70bfbc60f804@group-336F44829697:LeaderElection59] INFO  server.RaftServerConfigKeys (ConfUtils.java:logGet(43)) - raft.server.watch.element-limit = 65536 (default)
2019-09-25 06:34:08,299 [f64f24cc-0a31-403c-8370-70bfbc60f804@group-336F44829697:LeaderElection59] INFO  impl.RoleInfo (RoleInfo.java:updateAndGet(143)) - f64f24cc-0a31-403c-8370-70bfbc60f804: start LeaderState
2019-09-25 06:34:08,299 [f64f24cc-0a31-403c-8370-70bfbc60f804@group-336F44829697:LeaderElection59] INFO  segmented.SegmentedRaftLogWorker (SegmentedRaftLogWorker.java:startLogSegment(380)) - f64f24cc-0a31-403c-8370-70bfbc60f804@group-336F44829697-SegmentedRaftLogWorker: Starting segment from index:0
2019-09-25 06:34:08,300 [Thread-531] INFO  impl.FollowerState (FollowerState.java:run(106)) - 49960203-aee6-4047-85fd-ecacef3efebf:group-72492F3C7D30 changes to CANDIDATE, lastRpcTime:5014, electionTimeout:5014ms
2019-09-25 06:34:08,300 [f64f24cc-0a31-403c-8370-70bfbc60f804@group-336F44829697:LeaderElection59] INFO  impl.RaftServerImpl (ServerState.java:setRaftConf(354)) - f64f24cc-0a31-403c-8370-70bfbc60f804@group-336F44829697: set configuration 0: [f64f24cc-0a31-403c-8370-70bfbc60f804:192.168.164.207:40060], old=null at 0
2019-09-25 06:34:08,300 [Thread-531] INFO  impl.RoleInfo (RoleInfo.java:shutdownFollowerState(121)) - 49960203-aee6-4047-85fd-ecacef3efebf: shutdown FollowerState
2019-09-25 06:34:08,300 [Thread-531] INFO  impl.RaftServerImpl (RaftServerImpl.java:setRole(174)) - 49960203-aee6-4047-85fd-ecacef3efebf@group-72492F3C7D30: changes role from  FOLLOWER to CANDIDATE at term 0 for changeToCandidate
2019-09-25 06:34:08,300 [Thread-531] INFO  impl.RoleInfo (RoleInfo.java:updateAndGet(143)) - 49960203-aee6-4047-85fd-ecacef3efebf: start LeaderElection
2019-09-25 06:34:08,314 [ceffdcde-d41f-4c1b-8c84-bdffc4697707@group-6E5EC7790BF8-SegmentedRaftLogWorker] INFO  segmented.SegmentedRaftLogWorker (SegmentedRaftLogWorker.java:execute(569)) - ceffdcde-d41f-4c1b-8c84-bdffc4697707@group-6E5EC7790BF8-SegmentedRaftLogWorker: created new log segment /workdir/hadoop-ozone/ozonefs/target/test-dir/MiniOzoneClusterImpl-d97e1daa-6e0c-4900-b1c9-997de4e3459a/datanode-7/data/ratis/5571d3a4-e93d-4cab-b24d-6e5ec7790bf8/current/log_inprogress_0
2019-09-25 06:34:08,314 [49960203-aee6-4047-85fd-ecacef3efebf@group-72492F3C7D30:LeaderElection60] INFO  impl.LeaderElection (LeaderElection.java:askForVotes(182)) - 49960203-aee6-4047-85fd-ecacef3efebf@group-72492F3C7D30:LeaderElection60: begin an election at term 1 for -1: [49960203-aee6-4047-85fd-ecacef3efebf:192.168.164.207:34853], old=null
2019-09-25 06:34:08,314 [49960203-aee6-4047-85fd-ecacef3efebf@group-72492F3C7D30:LeaderElection60] INFO  impl.RoleInfo (RoleInfo.java:shutdownLeaderElection(134)) - 49960203-aee6-4047-85fd-ecacef3efebf: shutdown LeaderElection
2019-09-25 06:34:08,314 [49960203-aee6-4047-85fd-ecacef3efebf@group-72492F3C7D30:LeaderElection60] INFO  impl.RaftServerImpl (RaftServerImpl.java:setRole(174)) - 49960203-aee6-4047-85fd-ecacef3efebf@group-72492F3C7D30: changes role from CANDIDATE to LEADER at term 1 for changeToLeader
2019-09-25 06:34:08,314 [49960203-aee6-4047-85fd-ecacef3efebf@group-72492F3C7D30:LeaderElection60] INFO  impl.RaftServerImpl (ServerState.java:setLeader(253)) - 49960203-aee6-4047-85fd-ecacef3efebf@group-72492F3C7D30: change Leader from null to 49960203-aee6-4047-85fd-ecacef3efebf at term 1 for becomeLeader, leader elected after 5032ms
2019-09-25 06:34:08,314 [49960203-aee6-4047-85fd-ecacef3efebf@group-72492F3C7D30:LeaderElection60] INFO  server.RaftServerConfigKeys (ConfUtils.java:logGet(43)) - raft.server.staging.catchup.gap = 1000 (default)
2019-09-25 06:34:08,315 [49960203-aee6-4047-85fd-ecacef3efebf@group-72492F3C7D30:LeaderElection60] INFO  server.RaftServerConfigKeys (ConfUtils.java:logGet(43)) - raft.server.rpc.sleep.time = 25ms (default)
2019-09-25 06:34:08,315 [49960203-aee6-4047-85fd-ecacef3efebf@group-72492F3C7D30:LeaderElection60] INFO  server.RaftServerConfigKeys (ConfUtils.java:logGet(43)) - raft.server.write.element-limit = 4096 (default)
2019-09-25 06:34:08,315 [49960203-aee6-4047-85fd-ecacef3efebf@group-72492F3C7D30:LeaderElection60] INFO  server.RaftServerConfigKeys (ConfUtils.java:logGet(43)) - raft.server.watch.timeout = 10s (default)
2019-09-25 06:34:08,315 [49960203-aee6-4047-85fd-ecacef3efebf@group-72492F3C7D30:LeaderElection60] INFO  server.RaftServerConfigKeys (ConfUtils.java:logGet(43)) - raft.server.watch.timeout.denomination = 1s (default)
2019-09-25 06:34:08,315 [49960203-aee6-4047-85fd-ecacef3efebf@group-72492F3C7D30:LeaderElection60] INFO  server.RaftServerConfigKeys (ConfUtils.java:logGet(43)) - raft.server.watch.element-limit = 65536 (default)
2019-09-25 06:34:08,316 [49960203-aee6-4047-85fd-ecacef3efebf@group-72492F3C7D30:LeaderElection60] INFO  impl.RoleInfo (RoleInfo.java:updateAndGet(143)) - 49960203-aee6-4047-85fd-ecacef3efebf: start LeaderState
2019-09-25 06:34:08,317 [49960203-aee6-4047-85fd-ecacef3efebf@group-72492F3C7D30:LeaderElection60] INFO  segmented.SegmentedRaftLogWorker (SegmentedRaftLogWorker.java:startLogSegment(380)) - 49960203-aee6-4047-85fd-ecacef3efebf@group-72492F3C7D30-SegmentedRaftLogWorker: Starting segment from index:0
2019-09-25 06:34:08,317 [49960203-aee6-4047-85fd-ecacef3efebf@group-72492F3C7D30:LeaderElection60] INFO  impl.RaftServerImpl (ServerState.java:setRaftConf(354)) - 49960203-aee6-4047-85fd-ecacef3efebf@group-72492F3C7D30: set configuration 0: [49960203-aee6-4047-85fd-ecacef3efebf:192.168.164.207:34853], old=null at 0
2019-09-25 06:34:08,338 [f64f24cc-0a31-403c-8370-70bfbc60f804@group-336F44829697-SegmentedRaftLogWorker] INFO  segmented.SegmentedRaftLogWorker (SegmentedRaftLogWorker.java:execute(569)) - f64f24cc-0a31-403c-8370-70bfbc60f804@group-336F44829697-SegmentedRaftLogWorker: created new log segment /workdir/hadoop-ozone/ozonefs/target/test-dir/MiniOzoneClusterImpl-d97e1daa-6e0c-4900-b1c9-997de4e3459a/datanode-3/data/ratis/24feeb86-7096-44ce-85f2-336f44829697/current/log_inprogress_0
2019-09-25 06:34:08,353 [49960203-aee6-4047-85fd-ecacef3efebf@group-72492F3C7D30-SegmentedRaftLogWorker] INFO  segmented.SegmentedRaftLogWorker (SegmentedRaftLogWorker.java:execute(569)) - 49960203-aee6-4047-85fd-ecacef3efebf@group-72492F3C7D30-SegmentedRaftLogWorker: created new log segment /workdir/hadoop-ozone/ozonefs/target/test-dir/MiniOzoneClusterImpl-d97e1daa-6e0c-4900-b1c9-997de4e3459a/datanode-4/data/ratis/c97fb1b3-d685-4975-8b1f-72492f3c7d30/current/log_inprogress_0
2019-09-25 06:34:08,444 [Thread-534] INFO  impl.FollowerState (FollowerState.java:run(106)) - 2977e106-bb5f-48ce-bb13-3d7f6b9d6732:group-3AB44D43395C changes to CANDIDATE, lastRpcTime:5119, electionTimeout:5119ms
2019-09-25 06:34:08,445 [Thread-534] INFO  impl.RoleInfo (RoleInfo.java:shutdownFollowerState(121)) - 2977e106-bb5f-48ce-bb13-3d7f6b9d6732: shutdown FollowerState
2019-09-25 06:34:08,445 [Thread-534] INFO  impl.RaftServerImpl (RaftServerImpl.java:setRole(174)) - 2977e106-bb5f-48ce-bb13-3d7f6b9d6732@group-3AB44D43395C: changes role from  FOLLOWER to CANDIDATE at term 0 for changeToCandidate
2019-09-25 06:34:08,445 [Thread-534] INFO  impl.RoleInfo (RoleInfo.java:updateAndGet(143)) - 2977e106-bb5f-48ce-bb13-3d7f6b9d6732: start LeaderElection
2019-09-25 06:34:08,459 [2977e106-bb5f-48ce-bb13-3d7f6b9d6732@group-3AB44D43395C:LeaderElection61] INFO  impl.LeaderElection (LeaderElection.java:askForVotes(182)) - 2977e106-bb5f-48ce-bb13-3d7f6b9d6732@group-3AB44D43395C:LeaderElection61: begin an election at term 1 for -1: [2977e106-bb5f-48ce-bb13-3d7f6b9d6732:192.168.164.207:45443], old=null
2019-09-25 06:34:08,459 [2977e106-bb5f-48ce-bb13-3d7f6b9d6732@group-3AB44D43395C:LeaderElection61] INFO  impl.RoleInfo (RoleInfo.java:shutdownLeaderElection(134)) - 2977e106-bb5f-48ce-bb13-3d7f6b9d6732: shutdown LeaderElection
2019-09-25 06:34:08,459 [2977e106-bb5f-48ce-bb13-3d7f6b9d6732@group-3AB44D43395C:LeaderElection61] INFO  impl.RaftServerImpl (RaftServerImpl.java:setRole(174)) - 2977e106-bb5f-48ce-bb13-3d7f6b9d6732@group-3AB44D43395C: changes role from CANDIDATE to LEADER at term 1 for changeToLeader
2019-09-25 06:34:08,459 [2977e106-bb5f-48ce-bb13-3d7f6b9d6732@group-3AB44D43395C:LeaderElection61] INFO  impl.RaftServerImpl (ServerState.java:setLeader(253)) - 2977e106-bb5f-48ce-bb13-3d7f6b9d6732@group-3AB44D43395C: change Leader from null to 2977e106-bb5f-48ce-bb13-3d7f6b9d6732 at term 1 for becomeLeader, leader elected after 5138ms
2019-09-25 06:34:08,460 [2977e106-bb5f-48ce-bb13-3d7f6b9d6732@group-3AB44D43395C:LeaderElection61] INFO  server.RaftServerConfigKeys (ConfUtils.java:logGet(43)) - raft.server.staging.catchup.gap = 1000 (default)
2019-09-25 06:34:08,460 [2977e106-bb5f-48ce-bb13-3d7f6b9d6732@group-3AB44D43395C:LeaderElection61] INFO  server.RaftServerConfigKeys (ConfUtils.java:logGet(43)) - raft.server.rpc.sleep.time = 25ms (default)
2019-09-25 06:34:08,460 [2977e106-bb5f-48ce-bb13-3d7f6b9d6732@group-3AB44D43395C:LeaderElection61] INFO  server.RaftServerConfigKeys (ConfUtils.java:logGet(43)) - raft.server.write.element-limit = 4096 (default)
2019-09-25 06:34:08,460 [2977e106-bb5f-48ce-bb13-3d7f6b9d6732@group-3AB44D43395C:LeaderElection61] INFO  server.RaftServerConfigKeys (ConfUtils.java:logGet(43)) - raft.server.watch.timeout = 10s (default)
2019-09-25 06:34:08,460 [2977e106-bb5f-48ce-bb13-3d7f6b9d6732@group-3AB44D43395C:LeaderElection61] INFO  server.RaftServerConfigKeys (ConfUtils.java:logGet(43)) - raft.server.watch.timeout.denomination = 1s (default)
2019-09-25 06:34:08,460 [2977e106-bb5f-48ce-bb13-3d7f6b9d6732@group-3AB44D43395C:LeaderElection61] INFO  server.RaftServerConfigKeys (ConfUtils.java:logGet(43)) - raft.server.watch.element-limit = 65536 (default)
2019-09-25 06:34:08,462 [2977e106-bb5f-48ce-bb13-3d7f6b9d6732@group-3AB44D43395C:LeaderElection61] INFO  impl.RoleInfo (RoleInfo.java:updateAndGet(143)) - 2977e106-bb5f-48ce-bb13-3d7f6b9d6732: start LeaderState
2019-09-25 06:34:08,462 [2977e106-bb5f-48ce-bb13-3d7f6b9d6732@group-3AB44D43395C:LeaderElection61] INFO  segmented.SegmentedRaftLogWorker (SegmentedRaftLogWorker.java:startLogSegment(380)) - 2977e106-bb5f-48ce-bb13-3d7f6b9d6732@group-3AB44D43395C-SegmentedRaftLogWorker: Starting segment from index:0
2019-09-25 06:34:08,463 [2977e106-bb5f-48ce-bb13-3d7f6b9d6732@group-3AB44D43395C:LeaderElection61] INFO  impl.RaftServerImpl (ServerState.java:setRaftConf(354)) - 2977e106-bb5f-48ce-bb13-3d7f6b9d6732@group-3AB44D43395C: set configuration 0: [2977e106-bb5f-48ce-bb13-3d7f6b9d6732:192.168.164.207:45443], old=null at 0
2019-09-25 06:34:08,498 [2977e106-bb5f-48ce-bb13-3d7f6b9d6732@group-3AB44D43395C-SegmentedRaftLogWorker] INFO  segmented.SegmentedRaftLogWorker (SegmentedRaftLogWorker.java:execute(569)) - 2977e106-bb5f-48ce-bb13-3d7f6b9d6732@group-3AB44D43395C-SegmentedRaftLogWorker: created new log segment /workdir/hadoop-ozone/ozonefs/target/test-dir/MiniOzoneClusterImpl-d97e1daa-6e0c-4900-b1c9-997de4e3459a/datanode-6/data/ratis/3ed7d92c-79c6-4c81-aa7b-3ab44d43395c/current/log_inprogress_0
2019-09-25 06:34:08,531 [Thread-537] INFO  impl.FollowerState (FollowerState.java:run(106)) - 49960203-aee6-4047-85fd-ecacef3efebf:group-08330B6B6583 changes to CANDIDATE, lastRpcTime:5163, electionTimeout:5163ms
2019-09-25 06:34:08,531 [Thread-537] INFO  impl.RoleInfo (RoleInfo.java:shutdownFollowerState(121)) - 49960203-aee6-4047-85fd-ecacef3efebf: shutdown FollowerState
2019-09-25 06:34:08,532 [Thread-537] INFO  impl.RaftServerImpl (RaftServerImpl.java:setRole(174)) - 49960203-aee6-4047-85fd-ecacef3efebf@group-08330B6B6583: changes role from  FOLLOWER to CANDIDATE at term 0 for changeToCandidate
2019-09-25 06:34:08,532 [Thread-537] INFO  impl.RoleInfo (RoleInfo.java:updateAndGet(143)) - 49960203-aee6-4047-85fd-ecacef3efebf: start LeaderElection
2019-09-25 06:34:08,547 [49960203-aee6-4047-85fd-ecacef3efebf@group-08330B6B6583:LeaderElection62] INFO  impl.LeaderElection (LeaderElection.java:askForVotes(182)) - 49960203-aee6-4047-85fd-ecacef3efebf@group-08330B6B6583:LeaderElection62: begin an election at term 1 for -1: [49960203-aee6-4047-85fd-ecacef3efebf:192.168.164.207:34853], old=null
2019-09-25 06:34:08,547 [49960203-aee6-4047-85fd-ecacef3efebf@group-08330B6B6583:LeaderElection62] INFO  impl.RoleInfo (RoleInfo.java:shutdownLeaderElection(134)) - 49960203-aee6-4047-85fd-ecacef3efebf: shutdown LeaderElection
2019-09-25 06:34:08,547 [49960203-aee6-4047-85fd-ecacef3efebf@group-08330B6B6583:LeaderElection62] INFO  impl.RaftServerImpl (RaftServerImpl.java:setRole(174)) - 49960203-aee6-4047-85fd-ecacef3efebf@group-08330B6B6583: changes role from CANDIDATE to LEADER at term 1 for changeToLeader
2019-09-25 06:34:08,547 [49960203-aee6-4047-85fd-ecacef3efebf@group-08330B6B6583:LeaderElection62] INFO  impl.RaftServerImpl (ServerState.java:setLeader(253)) - 49960203-aee6-4047-85fd-ecacef3efebf@group-08330B6B6583: change Leader from null to 49960203-aee6-4047-85fd-ecacef3efebf at term 1 for becomeLeader, leader elected after 5185ms
2019-09-25 06:34:08,547 [49960203-aee6-4047-85fd-ecacef3efebf@group-08330B6B6583:LeaderElection62] INFO  server.RaftServerConfigKeys (ConfUtils.java:logGet(43)) - raft.server.staging.catchup.gap = 1000 (default)
2019-09-25 06:34:08,547 [49960203-aee6-4047-85fd-ecacef3efebf@group-08330B6B6583:LeaderElection62] INFO  server.RaftServerConfigKeys (ConfUtils.java:logGet(43)) - raft.server.rpc.sleep.time = 25ms (default)
2019-09-25 06:34:08,548 [49960203-aee6-4047-85fd-ecacef3efebf@group-08330B6B6583:LeaderElection62] INFO  server.RaftServerConfigKeys (ConfUtils.java:logGet(43)) - raft.server.write.element-limit = 4096 (default)
2019-09-25 06:34:08,548 [49960203-aee6-4047-85fd-ecacef3efebf@group-08330B6B6583:LeaderElection62] INFO  server.RaftServerConfigKeys (ConfUtils.java:logGet(43)) - raft.server.watch.timeout = 10s (default)
2019-09-25 06:34:08,548 [49960203-aee6-4047-85fd-ecacef3efebf@group-08330B6B6583:LeaderElection62] INFO  server.RaftServerConfigKeys (ConfUtils.java:logGet(43)) - raft.server.watch.timeout.denomination = 1s (default)
2019-09-25 06:34:08,548 [49960203-aee6-4047-85fd-ecacef3efebf@group-08330B6B6583:LeaderElection62] INFO  server.RaftServerConfigKeys (ConfUtils.java:logGet(43)) - raft.server.watch.element-limit = 65536 (default)
2019-09-25 06:34:08,550 [49960203-aee6-4047-85fd-ecacef3efebf@group-08330B6B6583:LeaderElection62] INFO  impl.RoleInfo (RoleInfo.java:updateAndGet(143)) - 49960203-aee6-4047-85fd-ecacef3efebf: start LeaderState
2019-09-25 06:34:08,550 [49960203-aee6-4047-85fd-ecacef3efebf@group-08330B6B6583:LeaderElection62] INFO  segmented.SegmentedRaftLogWorker (SegmentedRaftLogWorker.java:startLogSegment(380)) - 49960203-aee6-4047-85fd-ecacef3efebf@group-08330B6B6583-SegmentedRaftLogWorker: Starting segment from index:0
2019-09-25 06:34:08,550 [49960203-aee6-4047-85fd-ecacef3efebf@group-08330B6B6583:LeaderElection62] INFO  impl.RaftServerImpl (ServerState.java:setRaftConf(354)) - 49960203-aee6-4047-85fd-ecacef3efebf@group-08330B6B6583: set configuration 0: [49960203-aee6-4047-85fd-ecacef3efebf:192.168.164.207:34853], old=null at 0
2019-09-25 06:34:08,581 [Thread-540] INFO  impl.FollowerState (FollowerState.java:run(106)) - 2977e106-bb5f-48ce-bb13-3d7f6b9d6732:group-AA36270BDA73 changes to CANDIDATE, lastRpcTime:5170, electionTimeout:5170ms
2019-09-25 06:34:08,581 [Thread-540] INFO  impl.RoleInfo (RoleInfo.java:shutdownFollowerState(121)) - 2977e106-bb5f-48ce-bb13-3d7f6b9d6732: shutdown FollowerState
2019-09-25 06:34:08,582 [Thread-540] INFO  impl.RaftServerImpl (RaftServerImpl.java:setRole(174)) - 2977e106-bb5f-48ce-bb13-3d7f6b9d6732@group-AA36270BDA73: changes role from  FOLLOWER to CANDIDATE at term 0 for changeToCandidate
2019-09-25 06:34:08,582 [Thread-540] INFO  impl.RoleInfo (RoleInfo.java:updateAndGet(143)) - 2977e106-bb5f-48ce-bb13-3d7f6b9d6732: start LeaderElection
2019-09-25 06:34:08,589 [49960203-aee6-4047-85fd-ecacef3efebf@group-08330B6B6583-SegmentedRaftLogWorker] INFO  segmented.SegmentedRaftLogWorker (SegmentedRaftLogWorker.java:execute(569)) - 49960203-aee6-4047-85fd-ecacef3efebf@group-08330B6B6583-SegmentedRaftLogWorker: created new log segment /workdir/hadoop-ozone/ozonefs/target/test-dir/MiniOzoneClusterImpl-d97e1daa-6e0c-4900-b1c9-997de4e3459a/datanode-4/data/ratis/04cedf7a-5a12-472c-baa8-08330b6b6583/current/log_inprogress_0
2019-09-25 06:34:08,590 [2977e106-bb5f-48ce-bb13-3d7f6b9d6732@group-AA36270BDA73:LeaderElection63] INFO  impl.LeaderElection (LeaderElection.java:askForVotes(182)) - 2977e106-bb5f-48ce-bb13-3d7f6b9d6732@group-AA36270BDA73:LeaderElection63: begin an election at term 1 for -1: [2977e106-bb5f-48ce-bb13-3d7f6b9d6732:192.168.164.207:45443], old=null
2019-09-25 06:34:08,590 [2977e106-bb5f-48ce-bb13-3d7f6b9d6732@group-AA36270BDA73:LeaderElection63] INFO  impl.RoleInfo (RoleInfo.java:shutdownLeaderElection(134)) - 2977e106-bb5f-48ce-bb13-3d7f6b9d6732: shutdown LeaderElection
2019-09-25 06:34:08,590 [2977e106-bb5f-48ce-bb13-3d7f6b9d6732@group-AA36270BDA73:LeaderElection63] INFO  impl.RaftServerImpl (RaftServerImpl.java:setRole(174)) - 2977e106-bb5f-48ce-bb13-3d7f6b9d6732@group-AA36270BDA73: changes role from CANDIDATE to LEADER at term 1 for changeToLeader
2019-09-25 06:34:08,590 [2977e106-bb5f-48ce-bb13-3d7f6b9d6732@group-AA36270BDA73:LeaderElection63] INFO  impl.RaftServerImpl (ServerState.java:setLeader(253)) - 2977e106-bb5f-48ce-bb13-3d7f6b9d6732@group-AA36270BDA73: change Leader from null to 2977e106-bb5f-48ce-bb13-3d7f6b9d6732 at term 1 for becomeLeader, leader elected after 5186ms
2019-09-25 06:34:08,590 [2977e106-bb5f-48ce-bb13-3d7f6b9d6732@group-AA36270BDA73:LeaderElection63] INFO  server.RaftServerConfigKeys (ConfUtils.java:logGet(43)) - raft.server.staging.catchup.gap = 1000 (default)
2019-09-25 06:34:08,590 [2977e106-bb5f-48ce-bb13-3d7f6b9d6732@group-AA36270BDA73:LeaderElection63] INFO  server.RaftServerConfigKeys (ConfUtils.java:logGet(43)) - raft.server.rpc.sleep.time = 25ms (default)
2019-09-25 06:34:08,591 [2977e106-bb5f-48ce-bb13-3d7f6b9d6732@group-AA36270BDA73:LeaderElection63] INFO  server.RaftServerConfigKeys (ConfUtils.java:logGet(43)) - raft.server.write.element-limit = 4096 (default)
2019-09-25 06:34:08,591 [2977e106-bb5f-48ce-bb13-3d7f6b9d6732@group-AA36270BDA73:LeaderElection63] INFO  server.RaftServerConfigKeys (ConfUtils.java:logGet(43)) - raft.server.watch.timeout = 10s (default)
2019-09-25 06:34:08,591 [2977e106-bb5f-48ce-bb13-3d7f6b9d6732@group-AA36270BDA73:LeaderElection63] INFO  server.RaftServerConfigKeys (ConfUtils.java:logGet(43)) - raft.server.watch.timeout.denomination = 1s (default)
2019-09-25 06:34:08,591 [2977e106-bb5f-48ce-bb13-3d7f6b9d6732@group-AA36270BDA73:LeaderElection63] INFO  server.RaftServerConfigKeys (ConfUtils.java:logGet(43)) - raft.server.watch.element-limit = 65536 (default)
2019-09-25 06:34:08,594 [2977e106-bb5f-48ce-bb13-3d7f6b9d6732@group-AA36270BDA73:LeaderElection63] INFO  impl.RoleInfo (RoleInfo.java:updateAndGet(143)) - 2977e106-bb5f-48ce-bb13-3d7f6b9d6732: start LeaderState
2019-09-25 06:34:08,594 [2977e106-bb5f-48ce-bb13-3d7f6b9d6732@group-AA36270BDA73:LeaderElection63] INFO  segmented.SegmentedRaftLogWorker (SegmentedRaftLogWorker.java:startLogSegment(380)) - 2977e106-bb5f-48ce-bb13-3d7f6b9d6732@group-AA36270BDA73-SegmentedRaftLogWorker: Starting segment from index:0
2019-09-25 06:34:08,594 [2977e106-bb5f-48ce-bb13-3d7f6b9d6732@group-AA36270BDA73:LeaderElection63] INFO  impl.RaftServerImpl (ServerState.java:setRaftConf(354)) - 2977e106-bb5f-48ce-bb13-3d7f6b9d6732@group-AA36270BDA73: set configuration 0: [2977e106-bb5f-48ce-bb13-3d7f6b9d6732:192.168.164.207:45443], old=null at 0
2019-09-25 06:34:08,612 [Thread-543] INFO  impl.FollowerState (FollowerState.java:run(106)) - 2977e106-bb5f-48ce-bb13-3d7f6b9d6732:group-2902A9C12B23 changes to CANDIDATE, lastRpcTime:5154, electionTimeout:5154ms
2019-09-25 06:34:08,612 [Thread-543] INFO  impl.RoleInfo (RoleInfo.java:shutdownFollowerState(121)) - 2977e106-bb5f-48ce-bb13-3d7f6b9d6732: shutdown FollowerState
2019-09-25 06:34:08,612 [Thread-543] INFO  impl.RaftServerImpl (RaftServerImpl.java:setRole(174)) - 2977e106-bb5f-48ce-bb13-3d7f6b9d6732@group-2902A9C12B23: changes role from  FOLLOWER to CANDIDATE at term 0 for changeToCandidate
2019-09-25 06:34:08,612 [Thread-543] INFO  impl.RoleInfo (RoleInfo.java:updateAndGet(143)) - 2977e106-bb5f-48ce-bb13-3d7f6b9d6732: start LeaderElection
2019-09-25 06:34:08,627 [2977e106-bb5f-48ce-bb13-3d7f6b9d6732@group-AA36270BDA73-SegmentedRaftLogWorker] INFO  segmented.SegmentedRaftLogWorker (SegmentedRaftLogWorker.java:execute(569)) - 2977e106-bb5f-48ce-bb13-3d7f6b9d6732@group-AA36270BDA73-SegmentedRaftLogWorker: created new log segment /workdir/hadoop-ozone/ozonefs/target/test-dir/MiniOzoneClusterImpl-d97e1daa-6e0c-4900-b1c9-997de4e3459a/datanode-6/data/ratis/c6080ee3-70cc-4e01-b859-aa36270bda73/current/log_inprogress_0
2019-09-25 06:34:08,627 [2977e106-bb5f-48ce-bb13-3d7f6b9d6732@group-2902A9C12B23:LeaderElection64] INFO  impl.LeaderElection (LeaderElection.java:askForVotes(182)) - 2977e106-bb5f-48ce-bb13-3d7f6b9d6732@group-2902A9C12B23:LeaderElection64: begin an election at term 1 for -1: [2977e106-bb5f-48ce-bb13-3d7f6b9d6732:192.168.164.207:45443], old=null
2019-09-25 06:34:08,627 [2977e106-bb5f-48ce-bb13-3d7f6b9d6732@group-2902A9C12B23:LeaderElection64] INFO  impl.RoleInfo (RoleInfo.java:shutdownLeaderElection(134)) - 2977e106-bb5f-48ce-bb13-3d7f6b9d6732: shutdown LeaderElection
2019-09-25 06:34:08,628 [2977e106-bb5f-48ce-bb13-3d7f6b9d6732@group-2902A9C12B23:LeaderElection64] INFO  impl.RaftServerImpl (RaftServerImpl.java:setRole(174)) - 2977e106-bb5f-48ce-bb13-3d7f6b9d6732@group-2902A9C12B23: changes role from CANDIDATE to LEADER at term 1 for changeToLeader
2019-09-25 06:34:08,628 [2977e106-bb5f-48ce-bb13-3d7f6b9d6732@group-2902A9C12B23:LeaderElection64] INFO  impl.RaftServerImpl (ServerState.java:setLeader(253)) - 2977e106-bb5f-48ce-bb13-3d7f6b9d6732@group-2902A9C12B23: change Leader from null to 2977e106-bb5f-48ce-bb13-3d7f6b9d6732 at term 1 for becomeLeader, leader elected after 5177ms
2019-09-25 06:34:08,628 [2977e106-bb5f-48ce-bb13-3d7f6b9d6732@group-2902A9C12B23:LeaderElection64] INFO  server.RaftServerConfigKeys (ConfUtils.java:logGet(43)) - raft.server.staging.catchup.gap = 1000 (default)
2019-09-25 06:34:08,628 [2977e106-bb5f-48ce-bb13-3d7f6b9d6732@group-2902A9C12B23:LeaderElection64] INFO  server.RaftServerConfigKeys (ConfUtils.java:logGet(43)) - raft.server.rpc.sleep.time = 25ms (default)
2019-09-25 06:34:08,628 [2977e106-bb5f-48ce-bb13-3d7f6b9d6732@group-2902A9C12B23:LeaderElection64] INFO  server.RaftServerConfigKeys (ConfUtils.java:logGet(43)) - raft.server.write.element-limit = 4096 (default)
2019-09-25 06:34:08,628 [2977e106-bb5f-48ce-bb13-3d7f6b9d6732@group-2902A9C12B23:LeaderElection64] INFO  server.RaftServerConfigKeys (ConfUtils.java:logGet(43)) - raft.server.watch.timeout = 10s (default)
2019-09-25 06:34:08,629 [2977e106-bb5f-48ce-bb13-3d7f6b9d6732@group-2902A9C12B23:LeaderElection64] INFO  server.RaftServerConfigKeys (ConfUtils.java:logGet(43)) - raft.server.watch.timeout.denomination = 1s (default)
2019-09-25 06:34:08,629 [2977e106-bb5f-48ce-bb13-3d7f6b9d6732@group-2902A9C12B23:LeaderElection64] INFO  server.RaftServerConfigKeys (ConfUtils.java:logGet(43)) - raft.server.watch.element-limit = 65536 (default)
2019-09-25 06:34:08,630 [2977e106-bb5f-48ce-bb13-3d7f6b9d6732@group-2902A9C12B23:LeaderElection64] INFO  impl.RoleInfo (RoleInfo.java:updateAndGet(143)) - 2977e106-bb5f-48ce-bb13-3d7f6b9d6732: start LeaderState
2019-09-25 06:34:08,631 [2977e106-bb5f-48ce-bb13-3d7f6b9d6732@group-2902A9C12B23:LeaderElection64] INFO  segmented.SegmentedRaftLogWorker (SegmentedRaftLogWorker.java:startLogSegment(380)) - 2977e106-bb5f-48ce-bb13-3d7f6b9d6732@group-2902A9C12B23-SegmentedRaftLogWorker: Starting segment from index:0
2019-09-25 06:34:08,631 [2977e106-bb5f-48ce-bb13-3d7f6b9d6732@group-2902A9C12B23:LeaderElection64] INFO  impl.RaftServerImpl (ServerState.java:setRaftConf(354)) - 2977e106-bb5f-48ce-bb13-3d7f6b9d6732@group-2902A9C12B23: set configuration 0: [2977e106-bb5f-48ce-bb13-3d7f6b9d6732:192.168.164.207:45443], old=null at 0
2019-09-25 06:34:08,646 [ForkJoinPool.commonPool-worker-1] INFO  ozoneimpl.OzoneContainer (OzoneContainer.java:stop(231)) - Attempting to stop container services.
2019-09-25 06:34:08,646 [main] INFO  ozoneimpl.OzoneContainer (OzoneContainer.java:stop(231)) - Attempting to stop container services.
2019-09-25 06:34:08,647 [main] INFO  impl.RaftServerProxy (RaftServerProxy.java:lambda$close$4(314)) - ada091b4-9675-42a7-afd4-5850bd9f4e78: close
2019-09-25 06:34:08,647 [ForkJoinPool.commonPool-worker-1] INFO  impl.RaftServerProxy (RaftServerProxy.java:lambda$close$4(314)) - 59047a66-3178-4e61-9c82-892aa22a5b81: close
2019-09-25 06:34:08,649 [main] INFO  impl.RaftServerImpl (RaftServerImpl.java:lambda$shutdown$3(251)) - ada091b4-9675-42a7-afd4-5850bd9f4e78@group-209C792F5FF5: shutdown
2019-09-25 06:34:08,649 [ForkJoinPool.commonPool-worker-1] INFO  impl.RaftServerImpl (RaftServerImpl.java:lambda$shutdown$3(251)) - 59047a66-3178-4e61-9c82-892aa22a5b81@group-5B1CD26A0FBC: shutdown
2019-09-25 06:34:08,649 [main] INFO  util.JmxRegister (JmxRegister.java:unregister(73)) - Successfully un-registered JMX Bean with object name Ratis:service=RaftServer,group=group-209C792F5FF5,id=ada091b4-9675-42a7-afd4-5850bd9f4e78
2019-09-25 06:34:08,649 [ForkJoinPool.commonPool-worker-1] INFO  util.JmxRegister (JmxRegister.java:unregister(73)) - Successfully un-registered JMX Bean with object name Ratis:service=RaftServer,group=group-5B1CD26A0FBC,id=59047a66-3178-4e61-9c82-892aa22a5b81
2019-09-25 06:34:08,649 [main] INFO  impl.RoleInfo (RoleInfo.java:shutdownLeaderState(104)) - ada091b4-9675-42a7-afd4-5850bd9f4e78: shutdown LeaderState
2019-09-25 06:34:08,650 [ForkJoinPool.commonPool-worker-1] INFO  impl.RoleInfo (RoleInfo.java:shutdownLeaderState(104)) - 59047a66-3178-4e61-9c82-892aa22a5b81: shutdown LeaderState
2019-09-25 06:34:08,651 [main] INFO  impl.PendingRequests (PendingRequests.java:sendNotLeaderResponses(202)) - ada091b4-9675-42a7-afd4-5850bd9f4e78-PendingRequests: sendNotLeaderResponses
2019-09-25 06:34:08,651 [ForkJoinPool.commonPool-worker-1] INFO  impl.PendingRequests (PendingRequests.java:sendNotLeaderResponses(202)) - 59047a66-3178-4e61-9c82-892aa22a5b81-PendingRequests: sendNotLeaderResponses
2019-09-25 06:34:08,652 [ForkJoinPool.commonPool-worker-1] INFO  impl.StateMachineUpdater (StateMachineUpdater.java:stopAndJoin(125)) - 59047a66-3178-4e61-9c82-892aa22a5b81@group-5B1CD26A0FBC-StateMachineUpdater: set stopIndex = 0
2019-09-25 06:34:08,652 [main] INFO  impl.StateMachineUpdater (StateMachineUpdater.java:stopAndJoin(125)) - ada091b4-9675-42a7-afd4-5850bd9f4e78@group-209C792F5FF5-StateMachineUpdater: set stopIndex = 0
2019-09-25 06:34:08,653 [ForkJoinPool.commonPool-worker-1] INFO  impl.RaftServerImpl (ServerState.java:close(385)) - 59047a66-3178-4e61-9c82-892aa22a5b81@group-5B1CD26A0FBC: closes. applyIndex: 0
2019-09-25 06:34:08,653 [main] INFO  impl.RaftServerImpl (ServerState.java:close(385)) - ada091b4-9675-42a7-afd4-5850bd9f4e78@group-209C792F5FF5: closes. applyIndex: 0
2019-09-25 06:34:08,655 [59047a66-3178-4e61-9c82-892aa22a5b81@group-5B1CD26A0FBC-SegmentedRaftLogWorker] INFO  segmented.SegmentedRaftLogWorker (SegmentedRaftLogWorker.java:run(313)) - 59047a66-3178-4e61-9c82-892aa22a5b81@group-5B1CD26A0FBC-SegmentedRaftLogWorker was interrupted, exiting. There are 0 tasks remaining in the queue.
2019-09-25 06:34:08,655 [ada091b4-9675-42a7-afd4-5850bd9f4e78@group-209C792F5FF5-SegmentedRaftLogWorker] INFO  segmented.SegmentedRaftLogWorker (SegmentedRaftLogWorker.java:run(313)) - ada091b4-9675-42a7-afd4-5850bd9f4e78@group-209C792F5FF5-SegmentedRaftLogWorker was interrupted, exiting. There are 0 tasks remaining in the queue.
2019-09-25 06:34:08,663 [main] INFO  segmented.SegmentedRaftLogWorker (SegmentedRaftLogWorker.java:close(228)) - ada091b4-9675-42a7-afd4-5850bd9f4e78@group-209C792F5FF5-SegmentedRaftLogWorker close()
2019-09-25 06:34:08,663 [ForkJoinPool.commonPool-worker-1] INFO  segmented.SegmentedRaftLogWorker (SegmentedRaftLogWorker.java:close(228)) - 59047a66-3178-4e61-9c82-892aa22a5b81@group-5B1CD26A0FBC-SegmentedRaftLogWorker close()
2019-09-25 06:34:08,670 [main] INFO  impl.RaftServerImpl (RaftServerImpl.java:lambda$shutdown$3(251)) - ada091b4-9675-42a7-afd4-5850bd9f4e78@group-9754A2FD11DA: shutdown
2019-09-25 06:34:08,675 [ForkJoinPool.commonPool-worker-1] INFO  impl.RaftServerImpl (RaftServerImpl.java:lambda$shutdown$3(251)) - 59047a66-3178-4e61-9c82-892aa22a5b81@group-99DA1549C481: shutdown
2019-09-25 06:34:08,675 [main] INFO  util.JmxRegister (JmxRegister.java:unregister(73)) - Successfully un-registered JMX Bean with object name Ratis:service=RaftServer,group=group-9754A2FD11DA,id=ada091b4-9675-42a7-afd4-5850bd9f4e78
2019-09-25 06:34:08,676 [ForkJoinPool.commonPool-worker-1] INFO  util.JmxRegister (JmxRegister.java:unregister(73)) - Successfully un-registered JMX Bean with object name Ratis:service=RaftServer,group=group-99DA1549C481,id=59047a66-3178-4e61-9c82-892aa22a5b81
2019-09-25 06:34:08,676 [main] INFO  impl.RoleInfo (RoleInfo.java:shutdownLeaderState(104)) - ada091b4-9675-42a7-afd4-5850bd9f4e78: shutdown LeaderState
2019-09-25 06:34:08,676 [ForkJoinPool.commonPool-worker-1] INFO  impl.RoleInfo (RoleInfo.java:shutdownLeaderState(104)) - 59047a66-3178-4e61-9c82-892aa22a5b81: shutdown LeaderState
2019-09-25 06:34:08,677 [main] INFO  impl.PendingRequests (PendingRequests.java:sendNotLeaderResponses(202)) - ada091b4-9675-42a7-afd4-5850bd9f4e78-PendingRequests: sendNotLeaderResponses
2019-09-25 06:34:08,677 [ForkJoinPool.commonPool-worker-1] INFO  impl.PendingRequests (PendingRequests.java:sendNotLeaderResponses(202)) - 59047a66-3178-4e61-9c82-892aa22a5b81-PendingRequests: sendNotLeaderResponses
2019-09-25 06:34:08,677 [main] INFO  impl.StateMachineUpdater (StateMachineUpdater.java:stopAndJoin(125)) - ada091b4-9675-42a7-afd4-5850bd9f4e78@group-9754A2FD11DA-StateMachineUpdater: set stopIndex = 0
2019-09-25 06:34:08,677 [ForkJoinPool.commonPool-worker-1] INFO  impl.StateMachineUpdater (StateMachineUpdater.java:stopAndJoin(125)) - 59047a66-3178-4e61-9c82-892aa22a5b81@group-99DA1549C481-StateMachineUpdater: set stopIndex = 0
2019-09-25 06:34:08,677 [main] INFO  impl.RaftServerImpl (ServerState.java:close(385)) - ada091b4-9675-42a7-afd4-5850bd9f4e78@group-9754A2FD11DA: closes. applyIndex: 0
2019-09-25 06:34:08,678 [ForkJoinPool.commonPool-worker-1] INFO  impl.RaftServerImpl (ServerState.java:close(385)) - 59047a66-3178-4e61-9c82-892aa22a5b81@group-99DA1549C481: closes. applyIndex: 0
2019-09-25 06:34:08,678 [ada091b4-9675-42a7-afd4-5850bd9f4e78@group-9754A2FD11DA-SegmentedRaftLogWorker] INFO  segmented.SegmentedRaftLogWorker (SegmentedRaftLogWorker.java:run(313)) - ada091b4-9675-42a7-afd4-5850bd9f4e78@group-9754A2FD11DA-SegmentedRaftLogWorker was interrupted, exiting. There are 0 tasks remaining in the queue.
2019-09-25 06:34:08,678 [59047a66-3178-4e61-9c82-892aa22a5b81@group-99DA1549C481-SegmentedRaftLogWorker] INFO  segmented.SegmentedRaftLogWorker (SegmentedRaftLogWorker.java:run(313)) - 59047a66-3178-4e61-9c82-892aa22a5b81@group-99DA1549C481-SegmentedRaftLogWorker was interrupted, exiting. There are 0 tasks remaining in the queue.
2019-09-25 06:34:08,680 [main] INFO  segmented.SegmentedRaftLogWorker (SegmentedRaftLogWorker.java:close(228)) - ada091b4-9675-42a7-afd4-5850bd9f4e78@group-9754A2FD11DA-SegmentedRaftLogWorker close()
2019-09-25 06:34:08,680 [2977e106-bb5f-48ce-bb13-3d7f6b9d6732@group-2902A9C12B23-SegmentedRaftLogWorker] INFO  segmented.SegmentedRaftLogWorker (SegmentedRaftLogWorker.java:execute(569)) - 2977e106-bb5f-48ce-bb13-3d7f6b9d6732@group-2902A9C12B23-SegmentedRaftLogWorker: created new log segment /workdir/hadoop-ozone/ozonefs/target/test-dir/MiniOzoneClusterImpl-d97e1daa-6e0c-4900-b1c9-997de4e3459a/datanode-6/data/ratis/e69ab728-45ac-4b06-8bcf-2902a9c12b23/current/log_inprogress_0
2019-09-25 06:34:08,686 [ForkJoinPool.commonPool-worker-1] INFO  segmented.SegmentedRaftLogWorker (SegmentedRaftLogWorker.java:close(228)) - 59047a66-3178-4e61-9c82-892aa22a5b81@group-99DA1549C481-SegmentedRaftLogWorker close()
2019-09-25 06:34:08,686 [main] INFO  impl.RaftServerImpl (RaftServerImpl.java:lambda$shutdown$3(251)) - ada091b4-9675-42a7-afd4-5850bd9f4e78@group-071BE83B3689: shutdown
2019-09-25 06:34:08,690 [ForkJoinPool.commonPool-worker-1] INFO  impl.RaftServerImpl (RaftServerImpl.java:lambda$shutdown$3(251)) - 59047a66-3178-4e61-9c82-892aa22a5b81@group-2FA50E43BD3C: shutdown
2019-09-25 06:34:08,690 [main] INFO  util.JmxRegister (JmxRegister.java:unregister(73)) - Successfully un-registered JMX Bean with object name Ratis:service=RaftServer,group=group-071BE83B3689,id=ada091b4-9675-42a7-afd4-5850bd9f4e78
2019-09-25 06:34:08,690 [ForkJoinPool.commonPool-worker-1] INFO  util.JmxRegister (JmxRegister.java:unregister(73)) - Successfully un-registered JMX Bean with object name Ratis:service=RaftServer,group=group-2FA50E43BD3C,id=59047a66-3178-4e61-9c82-892aa22a5b81
2019-09-25 06:34:08,690 [main] INFO  impl.RoleInfo (RoleInfo.java:shutdownLeaderState(104)) - ada091b4-9675-42a7-afd4-5850bd9f4e78: shutdown LeaderState
2019-09-25 06:34:08,690 [ForkJoinPool.commonPool-worker-1] INFO  impl.RoleInfo (RoleInfo.java:shutdownLeaderState(104)) - 59047a66-3178-4e61-9c82-892aa22a5b81: shutdown LeaderState
2019-09-25 06:34:08,691 [main] INFO  impl.PendingRequests (PendingRequests.java:sendNotLeaderResponses(202)) - ada091b4-9675-42a7-afd4-5850bd9f4e78-PendingRequests: sendNotLeaderResponses
2019-09-25 06:34:08,691 [ForkJoinPool.commonPool-worker-1] INFO  impl.PendingRequests (PendingRequests.java:sendNotLeaderResponses(202)) - 59047a66-3178-4e61-9c82-892aa22a5b81-PendingRequests: sendNotLeaderResponses
2019-09-25 06:34:08,691 [main] INFO  impl.StateMachineUpdater (StateMachineUpdater.java:stopAndJoin(125)) - ada091b4-9675-42a7-afd4-5850bd9f4e78@group-071BE83B3689-StateMachineUpdater: set stopIndex = 0
2019-09-25 06:34:08,691 [ForkJoinPool.commonPool-worker-1] INFO  impl.StateMachineUpdater (StateMachineUpdater.java:stopAndJoin(125)) - 59047a66-3178-4e61-9c82-892aa22a5b81@group-2FA50E43BD3C-StateMachineUpdater: set stopIndex = 0
2019-09-25 06:34:08,692 [main] INFO  impl.RaftServerImpl (ServerState.java:close(385)) - ada091b4-9675-42a7-afd4-5850bd9f4e78@group-071BE83B3689: closes. applyIndex: 0
2019-09-25 06:34:08,692 [ForkJoinPool.commonPool-worker-1] INFO  impl.RaftServerImpl (ServerState.java:close(385)) - 59047a66-3178-4e61-9c82-892aa22a5b81@group-2FA50E43BD3C: closes. applyIndex: 0
2019-09-25 06:34:08,692 [ada091b4-9675-42a7-afd4-5850bd9f4e78@group-071BE83B3689-SegmentedRaftLogWorker] INFO  segmented.SegmentedRaftLogWorker (SegmentedRaftLogWorker.java:run(313)) - ada091b4-9675-42a7-afd4-5850bd9f4e78@group-071BE83B3689-SegmentedRaftLogWorker was interrupted, exiting. There are 0 tasks remaining in the queue.
2019-09-25 06:34:08,692 [59047a66-3178-4e61-9c82-892aa22a5b81@group-2FA50E43BD3C-SegmentedRaftLogWorker] INFO  segmented.SegmentedRaftLogWorker (SegmentedRaftLogWorker.java:run(313)) - 59047a66-3178-4e61-9c82-892aa22a5b81@group-2FA50E43BD3C-SegmentedRaftLogWorker was interrupted, exiting. There are 0 tasks remaining in the queue.
2019-09-25 06:34:08,694 [main] INFO  segmented.SegmentedRaftLogWorker (SegmentedRaftLogWorker.java:close(228)) - ada091b4-9675-42a7-afd4-5850bd9f4e78@group-071BE83B3689-SegmentedRaftLogWorker close()
2019-09-25 06:34:08,696 [ForkJoinPool.commonPool-worker-1] INFO  segmented.SegmentedRaftLogWorker (SegmentedRaftLogWorker.java:close(228)) - 59047a66-3178-4e61-9c82-892aa22a5b81@group-2FA50E43BD3C-SegmentedRaftLogWorker close()
2019-09-25 06:34:08,700 [main] INFO  impl.RaftServerImpl (RaftServerImpl.java:lambda$shutdown$3(251)) - ada091b4-9675-42a7-afd4-5850bd9f4e78@group-AA114494D80C: shutdown
2019-09-25 06:34:08,704 [ForkJoinPool.commonPool-worker-1] INFO  impl.RaftServerImpl (RaftServerImpl.java:lambda$shutdown$3(251)) - 59047a66-3178-4e61-9c82-892aa22a5b81@group-65AD5FD3CE27: shutdown
2019-09-25 06:34:08,704 [main] INFO  util.JmxRegister (JmxRegister.java:unregister(73)) - Successfully un-registered JMX Bean with object name Ratis:service=RaftServer,group=group-AA114494D80C,id=ada091b4-9675-42a7-afd4-5850bd9f4e78
2019-09-25 06:34:08,704 [ForkJoinPool.commonPool-worker-1] INFO  util.JmxRegister (JmxRegister.java:unregister(73)) - Successfully un-registered JMX Bean with object name Ratis:service=RaftServer,group=group-65AD5FD3CE27,id=59047a66-3178-4e61-9c82-892aa22a5b81
2019-09-25 06:34:08,704 [main] INFO  impl.RoleInfo (RoleInfo.java:shutdownLeaderState(104)) - ada091b4-9675-42a7-afd4-5850bd9f4e78: shutdown LeaderState
2019-09-25 06:34:08,704 [ForkJoinPool.commonPool-worker-1] INFO  impl.RoleInfo (RoleInfo.java:shutdownLeaderState(104)) - 59047a66-3178-4e61-9c82-892aa22a5b81: shutdown LeaderState
2019-09-25 06:34:08,705 [main] INFO  impl.PendingRequests (PendingRequests.java:sendNotLeaderResponses(202)) - ada091b4-9675-42a7-afd4-5850bd9f4e78-PendingRequests: sendNotLeaderResponses
2019-09-25 06:34:08,705 [ForkJoinPool.commonPool-worker-1] INFO  impl.PendingRequests (PendingRequests.java:sendNotLeaderResponses(202)) - 59047a66-3178-4e61-9c82-892aa22a5b81-PendingRequests: sendNotLeaderResponses
2019-09-25 06:34:08,705 [main] INFO  impl.StateMachineUpdater (StateMachineUpdater.java:stopAndJoin(125)) - ada091b4-9675-42a7-afd4-5850bd9f4e78@group-AA114494D80C-StateMachineUpdater: set stopIndex = 0
2019-09-25 06:34:08,705 [main] INFO  impl.RaftServerImpl (ServerState.java:close(385)) - ada091b4-9675-42a7-afd4-5850bd9f4e78@group-AA114494D80C: closes. applyIndex: 0
2019-09-25 06:34:08,705 [ForkJoinPool.commonPool-worker-1] INFO  impl.StateMachineUpdater (StateMachineUpdater.java:stopAndJoin(125)) - 59047a66-3178-4e61-9c82-892aa22a5b81@group-65AD5FD3CE27-StateMachineUpdater: set stopIndex = 0
2019-09-25 06:34:08,706 [ada091b4-9675-42a7-afd4-5850bd9f4e78@group-AA114494D80C-SegmentedRaftLogWorker] INFO  segmented.SegmentedRaftLogWorker (SegmentedRaftLogWorker.java:run(313)) - ada091b4-9675-42a7-afd4-5850bd9f4e78@group-AA114494D80C-SegmentedRaftLogWorker was interrupted, exiting. There are 0 tasks remaining in the queue.
2019-09-25 06:34:08,706 [ForkJoinPool.commonPool-worker-1] INFO  impl.RaftServerImpl (ServerState.java:close(385)) - 59047a66-3178-4e61-9c82-892aa22a5b81@group-65AD5FD3CE27: closes. applyIndex: 0
2019-09-25 06:34:08,708 [main] INFO  segmented.SegmentedRaftLogWorker (SegmentedRaftLogWorker.java:close(228)) - ada091b4-9675-42a7-afd4-5850bd9f4e78@group-AA114494D80C-SegmentedRaftLogWorker close()
2019-09-25 06:34:08,708 [59047a66-3178-4e61-9c82-892aa22a5b81@group-65AD5FD3CE27-SegmentedRaftLogWorker] INFO  segmented.SegmentedRaftLogWorker (SegmentedRaftLogWorker.java:run(313)) - 59047a66-3178-4e61-9c82-892aa22a5b81@group-65AD5FD3CE27-SegmentedRaftLogWorker was interrupted, exiting. There are 0 tasks remaining in the queue.
2019-09-25 06:34:08,711 [main] INFO  impl.RaftServerImpl (RaftServerImpl.java:lambda$shutdown$3(251)) - ada091b4-9675-42a7-afd4-5850bd9f4e78@group-7104373670D1: shutdown
2019-09-25 06:34:08,713 [ForkJoinPool.commonPool-worker-1] INFO  segmented.SegmentedRaftLogWorker (SegmentedRaftLogWorker.java:close(228)) - 59047a66-3178-4e61-9c82-892aa22a5b81@group-65AD5FD3CE27-SegmentedRaftLogWorker close()
2019-09-25 06:34:08,714 [main] INFO  util.JmxRegister (JmxRegister.java:unregister(73)) - Successfully un-registered JMX Bean with object name Ratis:service=RaftServer,group=group-7104373670D1,id=ada091b4-9675-42a7-afd4-5850bd9f4e78
2019-09-25 06:34:08,717 [ForkJoinPool.commonPool-worker-1] INFO  impl.RaftServerImpl (RaftServerImpl.java:lambda$shutdown$3(251)) - 59047a66-3178-4e61-9c82-892aa22a5b81@group-B859B4EADA08: shutdown
2019-09-25 06:34:08,717 [main] INFO  impl.RoleInfo (RoleInfo.java:shutdownLeaderState(104)) - ada091b4-9675-42a7-afd4-5850bd9f4e78: shutdown LeaderState
2019-09-25 06:34:08,718 [ForkJoinPool.commonPool-worker-1] INFO  util.JmxRegister (JmxRegister.java:unregister(73)) - Successfully un-registered JMX Bean with object name Ratis:service=RaftServer,group=group-B859B4EADA08,id=59047a66-3178-4e61-9c82-892aa22a5b81
2019-09-25 06:34:08,718 [main] INFO  impl.PendingRequests (PendingRequests.java:sendNotLeaderResponses(202)) - ada091b4-9675-42a7-afd4-5850bd9f4e78-PendingRequests: sendNotLeaderResponses
2019-09-25 06:34:08,718 [ForkJoinPool.commonPool-worker-1] INFO  impl.RoleInfo (RoleInfo.java:shutdownLeaderState(104)) - 59047a66-3178-4e61-9c82-892aa22a5b81: shutdown LeaderState
2019-09-25 06:34:08,718 [main] INFO  impl.StateMachineUpdater (StateMachineUpdater.java:stopAndJoin(125)) - ada091b4-9675-42a7-afd4-5850bd9f4e78@group-7104373670D1-StateMachineUpdater: set stopIndex = 0
2019-09-25 06:34:08,719 [main] INFO  impl.RaftServerImpl (ServerState.java:close(385)) - ada091b4-9675-42a7-afd4-5850bd9f4e78@group-7104373670D1: closes. applyIndex: 0
2019-09-25 06:34:08,718 [ForkJoinPool.commonPool-worker-1] INFO  impl.PendingRequests (PendingRequests.java:sendNotLeaderResponses(202)) - 59047a66-3178-4e61-9c82-892aa22a5b81-PendingRequests: sendNotLeaderResponses
2019-09-25 06:34:08,719 [ada091b4-9675-42a7-afd4-5850bd9f4e78@group-7104373670D1-SegmentedRaftLogWorker] INFO  segmented.SegmentedRaftLogWorker (SegmentedRaftLogWorker.java:run(313)) - ada091b4-9675-42a7-afd4-5850bd9f4e78@group-7104373670D1-SegmentedRaftLogWorker was interrupted, exiting. There are 0 tasks remaining in the queue.
2019-09-25 06:34:08,719 [ForkJoinPool.commonPool-worker-1] INFO  impl.StateMachineUpdater (StateMachineUpdater.java:stopAndJoin(125)) - 59047a66-3178-4e61-9c82-892aa22a5b81@group-B859B4EADA08-StateMachineUpdater: set stopIndex = 0
2019-09-25 06:34:08,722 [main] INFO  segmented.SegmentedRaftLogWorker (SegmentedRaftLogWorker.java:close(228)) - ada091b4-9675-42a7-afd4-5850bd9f4e78@group-7104373670D1-SegmentedRaftLogWorker close()
2019-09-25 06:34:08,722 [ForkJoinPool.commonPool-worker-1] INFO  impl.RaftServerImpl (ServerState.java:close(385)) - 59047a66-3178-4e61-9c82-892aa22a5b81@group-B859B4EADA08: closes. applyIndex: 0
2019-09-25 06:34:08,726 [main] INFO  impl.RaftServerImpl (RaftServerImpl.java:lambda$shutdown$3(251)) - ada091b4-9675-42a7-afd4-5850bd9f4e78@group-BCC550F4A4E8: shutdown
2019-09-25 06:34:08,727 [59047a66-3178-4e61-9c82-892aa22a5b81@group-B859B4EADA08-SegmentedRaftLogWorker] INFO  segmented.SegmentedRaftLogWorker (SegmentedRaftLogWorker.java:run(313)) - 59047a66-3178-4e61-9c82-892aa22a5b81@group-B859B4EADA08-SegmentedRaftLogWorker was interrupted, exiting. There are 0 tasks remaining in the queue.
2019-09-25 06:34:08,727 [main] INFO  util.JmxRegister (JmxRegister.java:unregister(73)) - Successfully un-registered JMX Bean with object name Ratis:service=RaftServer,group=group-BCC550F4A4E8,id=ada091b4-9675-42a7-afd4-5850bd9f4e78
2019-09-25 06:34:08,730 [ForkJoinPool.commonPool-worker-1] INFO  segmented.SegmentedRaftLogWorker (SegmentedRaftLogWorker.java:close(228)) - 59047a66-3178-4e61-9c82-892aa22a5b81@group-B859B4EADA08-SegmentedRaftLogWorker close()
2019-09-25 06:34:08,730 [main] INFO  impl.RoleInfo (RoleInfo.java:shutdownLeaderState(104)) - ada091b4-9675-42a7-afd4-5850bd9f4e78: shutdown LeaderState
2019-09-25 06:34:08,741 [ForkJoinPool.commonPool-worker-1] INFO  impl.RaftServerImpl (RaftServerImpl.java:lambda$shutdown$3(251)) - 59047a66-3178-4e61-9c82-892aa22a5b81@group-F55AE318680E: shutdown
2019-09-25 06:34:08,741 [main] INFO  impl.PendingRequests (PendingRequests.java:sendNotLeaderResponses(202)) - ada091b4-9675-42a7-afd4-5850bd9f4e78-PendingRequests: sendNotLeaderResponses
2019-09-25 06:34:08,742 [ForkJoinPool.commonPool-worker-1] INFO  util.JmxRegister (JmxRegister.java:unregister(73)) - Successfully un-registered JMX Bean with object name Ratis:service=RaftServer,group=group-F55AE318680E,id=59047a66-3178-4e61-9c82-892aa22a5b81
2019-09-25 06:34:08,742 [main] INFO  impl.StateMachineUpdater (StateMachineUpdater.java:stopAndJoin(125)) - ada091b4-9675-42a7-afd4-5850bd9f4e78@group-BCC550F4A4E8-StateMachineUpdater: set stopIndex = 0
2019-09-25 06:34:08,742 [main] INFO  impl.RaftServerImpl (ServerState.java:close(385)) - ada091b4-9675-42a7-afd4-5850bd9f4e78@group-BCC550F4A4E8: closes. applyIndex: 0
2019-09-25 06:34:08,742 [ForkJoinPool.commonPool-worker-1] INFO  impl.RoleInfo (RoleInfo.java:shutdownLeaderState(104)) - 59047a66-3178-4e61-9c82-892aa22a5b81: shutdown LeaderState
2019-09-25 06:34:08,743 [ada091b4-9675-42a7-afd4-5850bd9f4e78@group-BCC550F4A4E8-SegmentedRaftLogWorker] INFO  segmented.SegmentedRaftLogWorker (SegmentedRaftLogWorker.java:run(313)) - ada091b4-9675-42a7-afd4-5850bd9f4e78@group-BCC550F4A4E8-SegmentedRaftLogWorker was interrupted, exiting. There are 0 tasks remaining in the queue.
2019-09-25 06:34:08,743 [ForkJoinPool.commonPool-worker-1] INFO  impl.PendingRequests (PendingRequests.java:sendNotLeaderResponses(202)) - 59047a66-3178-4e61-9c82-892aa22a5b81-PendingRequests: sendNotLeaderResponses
2019-09-25 06:34:08,743 [main] INFO  segmented.SegmentedRaftLogWorker (SegmentedRaftLogWorker.java:close(228)) - ada091b4-9675-42a7-afd4-5850bd9f4e78@group-BCC550F4A4E8-SegmentedRaftLogWorker close()
2019-09-25 06:34:08,743 [ForkJoinPool.commonPool-worker-1] INFO  impl.StateMachineUpdater (StateMachineUpdater.java:stopAndJoin(125)) - 59047a66-3178-4e61-9c82-892aa22a5b81@group-F55AE318680E-StateMachineUpdater: set stopIndex = 0
2019-09-25 06:34:08,746 [ForkJoinPool.commonPool-worker-1] INFO  impl.RaftServerImpl (ServerState.java:close(385)) - 59047a66-3178-4e61-9c82-892aa22a5b81@group-F55AE318680E: closes. applyIndex: 0
2019-09-25 06:34:08,746 [main] INFO  server.GrpcService (GrpcService.java:closeImpl(164)) - ada091b4-9675-42a7-afd4-5850bd9f4e78: shutdown server with port 35963 now
2019-09-25 06:34:08,746 [59047a66-3178-4e61-9c82-892aa22a5b81@group-F55AE318680E-SegmentedRaftLogWorker] INFO  segmented.SegmentedRaftLogWorker (SegmentedRaftLogWorker.java:run(313)) - 59047a66-3178-4e61-9c82-892aa22a5b81@group-F55AE318680E-SegmentedRaftLogWorker was interrupted, exiting. There are 0 tasks remaining in the queue.
2019-09-25 06:34:08,747 [ForkJoinPool.commonPool-worker-1] INFO  segmented.SegmentedRaftLogWorker (SegmentedRaftLogWorker.java:close(228)) - 59047a66-3178-4e61-9c82-892aa22a5b81@group-F55AE318680E-SegmentedRaftLogWorker close()
2019-09-25 06:34:08,749 [ForkJoinPool.commonPool-worker-1] INFO  server.GrpcService (GrpcService.java:closeImpl(164)) - 59047a66-3178-4e61-9c82-892aa22a5b81: shutdown server with port 38018 now
2019-09-25 06:34:08,752 [main] INFO  server.GrpcService (GrpcService.java:closeImpl(172)) - ada091b4-9675-42a7-afd4-5850bd9f4e78: shutdown server with port 35963 successfully
2019-09-25 06:34:08,754 [ForkJoinPool.commonPool-worker-1] INFO  server.GrpcService (GrpcService.java:closeImpl(172)) - 59047a66-3178-4e61-9c82-892aa22a5b81: shutdown server with port 38018 successfully
2019-09-25 06:34:08,765 [refreshUsed-/workdir/hadoop-ozone/ozonefs/target/test-dir/MiniOzoneClusterImpl-d97e1daa-6e0c-4900-b1c9-997de4e3459a/datanode-2/data/containers] WARN  fs.CachingGetSpaceUsed (CachingGetSpaceUsed.java:run(183)) - Thread Interrupted waiting to refresh disk information: sleep interrupted
2019-09-25 06:34:08,766 [refreshUsed-/workdir/hadoop-ozone/ozonefs/target/test-dir/MiniOzoneClusterImpl-d97e1daa-6e0c-4900-b1c9-997de4e3459a/datanode-5/data/containers] WARN  fs.CachingGetSpaceUsed (CachingGetSpaceUsed.java:run(183)) - Thread Interrupted waiting to refresh disk information: sleep interrupted
2019-09-25 06:34:08,782 [main] INFO  utils.BackgroundService (BackgroundService.java:shutdown(148)) - Shutting down service BlockDeletingService
2019-09-25 06:34:08,788 [main] INFO  statemachine.DatanodeStateMachine (DatanodeStateMachine.java:stopDaemon(395)) - Ozone container server stopped.
2019-09-25 06:34:08,789 [main] INFO  handler.ContextHandler (ContextHandler.java:doStop(910)) - Stopped o.e.j.w.WebAppContext@12704e15{/,null,UNAVAILABLE}{/hddsDatanode}
2019-09-25 06:34:08,789 [main] INFO  server.AbstractConnector (AbstractConnector.java:doStop(318)) - Stopped ServerConnector@512575e9{HTTP/1.1,[http/1.1]}{0.0.0.0:0}
2019-09-25 06:34:08,790 [main] INFO  handler.ContextHandler (ContextHandler.java:doStop(910)) - Stopped o.e.j.s.ServletContextHandler@4b74b35{/static,jar:file:/home/user/.m2/repository/org/apache/hadoop/hadoop-hdds-container-service/0.5.0-SNAPSHOT/hadoop-hdds-container-service-0.5.0-SNAPSHOT.jar!/webapps/static,UNAVAILABLE}
2019-09-25 06:34:08,790 [main] INFO  handler.ContextHandler (ContextHandler.java:doStop(910)) - Stopped o.e.j.s.ServletContextHandler@4bd51d3e{/logs,file:///workdir/hadoop-ozone/ozonefs/target/log,UNAVAILABLE}
2019-09-25 06:34:08,798 [ForkJoinPool.commonPool-worker-1] INFO  utils.BackgroundService (BackgroundService.java:shutdown(148)) - Shutting down service BlockDeletingService
2019-09-25 06:34:08,804 [ForkJoinPool.commonPool-worker-1] INFO  statemachine.DatanodeStateMachine (DatanodeStateMachine.java:stopDaemon(395)) - Ozone container server stopped.
2019-09-25 06:34:08,809 [ForkJoinPool.commonPool-worker-1] INFO  handler.ContextHandler (ContextHandler.java:doStop(910)) - Stopped o.e.j.w.WebAppContext@2b6fcb9f{/,null,UNAVAILABLE}{/hddsDatanode}
2019-09-25 06:34:08,810 [ForkJoinPool.commonPool-worker-1] INFO  server.AbstractConnector (AbstractConnector.java:doStop(318)) - Stopped ServerConnector@75de6341{HTTP/1.1,[http/1.1]}{0.0.0.0:0}
2019-09-25 06:34:08,812 [ForkJoinPool.commonPool-worker-1] INFO  handler.ContextHandler (ContextHandler.java:doStop(910)) - Stopped o.e.j.s.ServletContextHandler@74ea46e2{/static,jar:file:/home/user/.m2/repository/org/apache/hadoop/hadoop-hdds-container-service/0.5.0-SNAPSHOT/hadoop-hdds-container-service-0.5.0-SNAPSHOT.jar!/webapps/static,UNAVAILABLE}
2019-09-25 06:34:08,814 [ForkJoinPool.commonPool-worker-1] INFO  handler.ContextHandler (ContextHandler.java:doStop(910)) - Stopped o.e.j.s.ServletContextHandler@2b7962a2{/logs,file:///workdir/hadoop-ozone/ozonefs/target/log,UNAVAILABLE}
2019-09-25 06:34:09,204 [Datanode State Machine Thread - 0] INFO  statemachine.DatanodeStateMachine (DatanodeStateMachine.java:lambda$startDaemon$0(350)) - Ozone container server started.
2019-09-25 06:34:09,306 [Datanode State Machine Thread - 0] INFO  statemachine.DatanodeStateMachine (DatanodeStateMachine.java:lambda$startDaemon$0(350)) - Ozone container server started.
2019-09-25 06:34:12,173 [Thread-558] INFO  impl.FollowerState (FollowerState.java:run(106)) - 81f06f72-72c9-4329-855f-4bc73f7e5da2:group-AC61B04265AD changes to CANDIDATE, lastRpcTime:5069, electionTimeout:5067ms
2019-09-25 06:34:12,173 [Thread-558] INFO  impl.RoleInfo (RoleInfo.java:shutdownFollowerState(121)) - 81f06f72-72c9-4329-855f-4bc73f7e5da2: shutdown FollowerState
2019-09-25 06:34:12,173 [Thread-558] INFO  impl.RaftServerImpl (RaftServerImpl.java:setRole(174)) - 81f06f72-72c9-4329-855f-4bc73f7e5da2@group-AC61B04265AD: changes role from  FOLLOWER to CANDIDATE at term 1 for changeToCandidate
2019-09-25 06:34:12,173 [Thread-558] INFO  impl.RoleInfo (RoleInfo.java:updateAndGet(143)) - 81f06f72-72c9-4329-855f-4bc73f7e5da2: start LeaderElection
2019-09-25 06:34:12,180 [Thread-560] INFO  impl.FollowerState (FollowerState.java:run(106)) - 313782b9-e18d-44cb-a4a7-8816635983d3:group-AC61B04265AD changes to CANDIDATE, lastRpcTime:5074, electionTimeout:5070ms
2019-09-25 06:34:12,180 [Thread-560] INFO  impl.RoleInfo (RoleInfo.java:shutdownFollowerState(121)) - 313782b9-e18d-44cb-a4a7-8816635983d3: shutdown FollowerState
2019-09-25 06:34:12,181 [Thread-560] INFO  impl.RaftServerImpl (RaftServerImpl.java:setRole(174)) - 313782b9-e18d-44cb-a4a7-8816635983d3@group-AC61B04265AD: changes role from  FOLLOWER to CANDIDATE at term 1 for changeToCandidate
2019-09-25 06:34:12,181 [Thread-560] INFO  impl.RoleInfo (RoleInfo.java:updateAndGet(143)) - 313782b9-e18d-44cb-a4a7-8816635983d3: start LeaderElection
2019-09-25 06:34:12,221 [Thread-559] INFO  impl.FollowerState (FollowerState.java:run(106)) - 49960203-aee6-4047-85fd-ecacef3efebf:group-AC61B04265AD changes to CANDIDATE, lastRpcTime:5117, electionTimeout:5113ms
2019-09-25 06:34:12,221 [Thread-559] INFO  impl.RoleInfo (RoleInfo.java:shutdownFollowerState(121)) - 49960203-aee6-4047-85fd-ecacef3efebf: shutdown FollowerState
2019-09-25 06:34:12,221 [Thread-559] INFO  impl.RaftServerImpl (RaftServerImpl.java:setRole(174)) - 49960203-aee6-4047-85fd-ecacef3efebf@group-AC61B04265AD: changes role from  FOLLOWER to CANDIDATE at term 1 for changeToCandidate
2019-09-25 06:34:12,221 [Thread-559] INFO  impl.RoleInfo (RoleInfo.java:updateAndGet(143)) - 49960203-aee6-4047-85fd-ecacef3efebf: start LeaderElection
2019-09-25 06:34:12,632 [49960203-aee6-4047-85fd-ecacef3efebf@group-AC61B04265AD:LeaderElection67] INFO  impl.LeaderElection (LeaderElection.java:askForVotes(182)) - 49960203-aee6-4047-85fd-ecacef3efebf@group-AC61B04265AD:LeaderElection67: begin an election at term 2 for -1: [49960203-aee6-4047-85fd-ecacef3efebf:192.168.164.207:34853, 81f06f72-72c9-4329-855f-4bc73f7e5da2:192.168.164.207:40731, 313782b9-e18d-44cb-a4a7-8816635983d3:192.168.164.207:33244], old=null
2019-09-25 06:34:12,632 [313782b9-e18d-44cb-a4a7-8816635983d3@group-AC61B04265AD:LeaderElection66] INFO  impl.LeaderElection (LeaderElection.java:askForVotes(182)) - 313782b9-e18d-44cb-a4a7-8816635983d3@group-AC61B04265AD:LeaderElection66: begin an election at term 2 for -1: [49960203-aee6-4047-85fd-ecacef3efebf:192.168.164.207:34853, 81f06f72-72c9-4329-855f-4bc73f7e5da2:192.168.164.207:40731, 313782b9-e18d-44cb-a4a7-8816635983d3:192.168.164.207:33244], old=null
2019-09-25 06:34:12,632 [81f06f72-72c9-4329-855f-4bc73f7e5da2@group-AC61B04265AD:LeaderElection65] INFO  impl.LeaderElection (LeaderElection.java:askForVotes(182)) - 81f06f72-72c9-4329-855f-4bc73f7e5da2@group-AC61B04265AD:LeaderElection65: begin an election at term 2 for -1: [49960203-aee6-4047-85fd-ecacef3efebf:192.168.164.207:34853, 81f06f72-72c9-4329-855f-4bc73f7e5da2:192.168.164.207:40731, 313782b9-e18d-44cb-a4a7-8816635983d3:192.168.164.207:33244], old=null
2019-09-25 06:34:12,639 [49960203-aee6-4047-85fd-ecacef3efebf@group-AC61B04265AD:LeaderElection67] INFO  impl.LeaderElection (LeaderElection.java:logAndReturn(56)) - 49960203-aee6-4047-85fd-ecacef3efebf@group-AC61B04265AD:LeaderElection67: Election REJECTED; received 2 response(s) [49960203-aee6-4047-85fd-ecacef3efebf<-81f06f72-72c9-4329-855f-4bc73f7e5da2#0:FAIL-t2, 49960203-aee6-4047-85fd-ecacef3efebf<-313782b9-e18d-44cb-a4a7-8816635983d3#0:FAIL-t2] and 0 exception(s); 49960203-aee6-4047-85fd-ecacef3efebf@group-AC61B04265AD:t2, leader=null, voted=49960203-aee6-4047-85fd-ecacef3efebf, raftlog=49960203-aee6-4047-85fd-ecacef3efebf@group-AC61B04265AD-SegmentedRaftLog:OPENED:c-1,f-1,i0, conf=-1: [49960203-aee6-4047-85fd-ecacef3efebf:192.168.164.207:34853, 81f06f72-72c9-4329-855f-4bc73f7e5da2:192.168.164.207:40731, 313782b9-e18d-44cb-a4a7-8816635983d3:192.168.164.207:33244], old=null
2019-09-25 06:34:12,639 [313782b9-e18d-44cb-a4a7-8816635983d3@group-AC61B04265AD:LeaderElection66] INFO  impl.LeaderElection (LeaderElection.java:logAndReturn(56)) - 313782b9-e18d-44cb-a4a7-8816635983d3@group-AC61B04265AD:LeaderElection66: Election REJECTED; received 2 response(s) [313782b9-e18d-44cb-a4a7-8816635983d3<-49960203-aee6-4047-85fd-ecacef3efebf#0:FAIL-t2, 313782b9-e18d-44cb-a4a7-8816635983d3<-81f06f72-72c9-4329-855f-4bc73f7e5da2#0:FAIL-t2] and 0 exception(s); 313782b9-e18d-44cb-a4a7-8816635983d3@group-AC61B04265AD:t2, leader=null, voted=313782b9-e18d-44cb-a4a7-8816635983d3, raftlog=313782b9-e18d-44cb-a4a7-8816635983d3@group-AC61B04265AD-SegmentedRaftLog:OPENED:c-1,f-1,i0, conf=-1: [49960203-aee6-4047-85fd-ecacef3efebf:192.168.164.207:34853, 81f06f72-72c9-4329-855f-4bc73f7e5da2:192.168.164.207:40731, 313782b9-e18d-44cb-a4a7-8816635983d3:192.168.164.207:33244], old=null
2019-09-25 06:34:12,639 [49960203-aee6-4047-85fd-ecacef3efebf@group-AC61B04265AD:LeaderElection67] INFO  impl.RaftServerImpl (RaftServerImpl.java:setRole(174)) - 49960203-aee6-4047-85fd-ecacef3efebf@group-AC61B04265AD: changes role from CANDIDATE to FOLLOWER at term 2 for DISCOVERED_A_NEW_TERM
2019-09-25 06:34:12,642 [49960203-aee6-4047-85fd-ecacef3efebf@group-AC61B04265AD:LeaderElection67] INFO  impl.RoleInfo (RoleInfo.java:shutdownLeaderElection(134)) - 49960203-aee6-4047-85fd-ecacef3efebf: shutdown LeaderElection
2019-09-25 06:34:12,642 [313782b9-e18d-44cb-a4a7-8816635983d3@group-AC61B04265AD:LeaderElection66] INFO  impl.RaftServerImpl (RaftServerImpl.java:setRole(174)) - 313782b9-e18d-44cb-a4a7-8816635983d3@group-AC61B04265AD: changes role from CANDIDATE to FOLLOWER at term 2 for DISCOVERED_A_NEW_TERM
2019-09-25 06:34:12,645 [313782b9-e18d-44cb-a4a7-8816635983d3@group-AC61B04265AD:LeaderElection66] INFO  impl.RoleInfo (RoleInfo.java:shutdownLeaderElection(134)) - 313782b9-e18d-44cb-a4a7-8816635983d3: shutdown LeaderElection
2019-09-25 06:34:12,645 [49960203-aee6-4047-85fd-ecacef3efebf@group-AC61B04265AD:LeaderElection67] INFO  impl.RoleInfo (RoleInfo.java:updateAndGet(143)) - 49960203-aee6-4047-85fd-ecacef3efebf: start FollowerState
2019-09-25 06:34:12,643 [81f06f72-72c9-4329-855f-4bc73f7e5da2@group-AC61B04265AD:LeaderElection65] INFO  impl.LeaderElection (LeaderElection.java:logAndReturn(56)) - 81f06f72-72c9-4329-855f-4bc73f7e5da2@group-AC61B04265AD:LeaderElection65: Election REJECTED; received 2 response(s) [81f06f72-72c9-4329-855f-4bc73f7e5da2<-49960203-aee6-4047-85fd-ecacef3efebf#0:FAIL-t2, 81f06f72-72c9-4329-855f-4bc73f7e5da2<-313782b9-e18d-44cb-a4a7-8816635983d3#0:FAIL-t2] and 0 exception(s); 81f06f72-72c9-4329-855f-4bc73f7e5da2@group-AC61B04265AD:t2, leader=null, voted=81f06f72-72c9-4329-855f-4bc73f7e5da2, raftlog=81f06f72-72c9-4329-855f-4bc73f7e5da2@group-AC61B04265AD-SegmentedRaftLog:OPENED:c-1,f-1,i0, conf=-1: [49960203-aee6-4047-85fd-ecacef3efebf:192.168.164.207:34853, 81f06f72-72c9-4329-855f-4bc73f7e5da2:192.168.164.207:40731, 313782b9-e18d-44cb-a4a7-8816635983d3:192.168.164.207:33244], old=null
2019-09-25 06:34:12,645 [313782b9-e18d-44cb-a4a7-8816635983d3@group-AC61B04265AD:LeaderElection66] INFO  impl.RoleInfo (RoleInfo.java:updateAndGet(143)) - 313782b9-e18d-44cb-a4a7-8816635983d3: start FollowerState
2019-09-25 06:34:12,645 [81f06f72-72c9-4329-855f-4bc73f7e5da2@group-AC61B04265AD:LeaderElection65] INFO  impl.RaftServerImpl (RaftServerImpl.java:setRole(174)) - 81f06f72-72c9-4329-855f-4bc73f7e5da2@group-AC61B04265AD: changes role from CANDIDATE to FOLLOWER at term 2 for DISCOVERED_A_NEW_TERM
2019-09-25 06:34:12,648 [81f06f72-72c9-4329-855f-4bc73f7e5da2@group-AC61B04265AD:LeaderElection65] INFO  impl.RoleInfo (RoleInfo.java:shutdownLeaderElection(134)) - 81f06f72-72c9-4329-855f-4bc73f7e5da2: shutdown LeaderElection
2019-09-25 06:34:12,648 [81f06f72-72c9-4329-855f-4bc73f7e5da2@group-AC61B04265AD:LeaderElection65] INFO  impl.RoleInfo (RoleInfo.java:updateAndGet(143)) - 81f06f72-72c9-4329-855f-4bc73f7e5da2: start FollowerState
2019-09-25 06:34:13,792 [main] INFO  ozoneimpl.OzoneContainer (OzoneContainer.java:stop(231)) - Attempting to stop container services.
2019-09-25 06:34:13,792 [main] INFO  impl.RaftServerProxy (RaftServerProxy.java:lambda$close$4(314)) - 2977e106-bb5f-48ce-bb13-3d7f6b9d6732: close
2019-09-25 06:34:13,793 [main] INFO  impl.RaftServerImpl (RaftServerImpl.java:lambda$shutdown$3(251)) - 2977e106-bb5f-48ce-bb13-3d7f6b9d6732@group-3E6E9A744F20: shutdown
2019-09-25 06:34:13,793 [main] INFO  util.JmxRegister (JmxRegister.java:unregister(73)) - Successfully un-registered JMX Bean with object name Ratis:service=RaftServer,group=group-3E6E9A744F20,id=2977e106-bb5f-48ce-bb13-3d7f6b9d6732
2019-09-25 06:34:13,794 [main] INFO  impl.RoleInfo (RoleInfo.java:shutdownLeaderState(104)) - 2977e106-bb5f-48ce-bb13-3d7f6b9d6732: shutdown LeaderState
2019-09-25 06:34:13,794 [main] INFO  impl.PendingRequests (PendingRequests.java:sendNotLeaderResponses(202)) - 2977e106-bb5f-48ce-bb13-3d7f6b9d6732-PendingRequests: sendNotLeaderResponses
2019-09-25 06:34:13,795 [main] INFO  impl.StateMachineUpdater (StateMachineUpdater.java:stopAndJoin(125)) - 2977e106-bb5f-48ce-bb13-3d7f6b9d6732@group-3E6E9A744F20-StateMachineUpdater: set stopIndex = 0
2019-09-25 06:34:13,795 [main] INFO  impl.RaftServerImpl (ServerState.java:close(385)) - 2977e106-bb5f-48ce-bb13-3d7f6b9d6732@group-3E6E9A744F20: closes. applyIndex: 0
2019-09-25 06:34:13,795 [2977e106-bb5f-48ce-bb13-3d7f6b9d6732@group-3E6E9A744F20-SegmentedRaftLogWorker] INFO  segmented.SegmentedRaftLogWorker (SegmentedRaftLogWorker.java:run(313)) - 2977e106-bb5f-48ce-bb13-3d7f6b9d6732@group-3E6E9A744F20-SegmentedRaftLogWorker was interrupted, exiting. There are 0 tasks remaining in the queue.
2019-09-25 06:34:13,796 [main] INFO  segmented.SegmentedRaftLogWorker (SegmentedRaftLogWorker.java:close(228)) - 2977e106-bb5f-48ce-bb13-3d7f6b9d6732@group-3E6E9A744F20-SegmentedRaftLogWorker close()
2019-09-25 06:34:13,800 [main] INFO  impl.RaftServerImpl (RaftServerImpl.java:lambda$shutdown$3(251)) - 2977e106-bb5f-48ce-bb13-3d7f6b9d6732@group-D73F45324AEE: shutdown
2019-09-25 06:34:13,800 [main] INFO  util.JmxRegister (JmxRegister.java:unregister(73)) - Successfully un-registered JMX Bean with object name Ratis:service=RaftServer,group=group-D73F45324AEE,id=2977e106-bb5f-48ce-bb13-3d7f6b9d6732
2019-09-25 06:34:13,801 [main] INFO  impl.RoleInfo (RoleInfo.java:shutdownLeaderState(104)) - 2977e106-bb5f-48ce-bb13-3d7f6b9d6732: shutdown LeaderState
2019-09-25 06:34:13,801 [main] INFO  impl.PendingRequests (PendingRequests.java:sendNotLeaderResponses(202)) - 2977e106-bb5f-48ce-bb13-3d7f6b9d6732-PendingRequests: sendNotLeaderResponses
2019-09-25 06:34:13,802 [main] INFO  impl.StateMachineUpdater (StateMachineUpdater.java:stopAndJoin(125)) - 2977e106-bb5f-48ce-bb13-3d7f6b9d6732@group-D73F45324AEE-StateMachineUpdater: set stopIndex = 0
2019-09-25 06:34:13,802 [main] INFO  impl.RaftServerImpl (ServerState.java:close(385)) - 2977e106-bb5f-48ce-bb13-3d7f6b9d6732@group-D73F45324AEE: closes. applyIndex: 0
2019-09-25 06:34:13,803 [2977e106-bb5f-48ce-bb13-3d7f6b9d6732@group-D73F45324AEE-SegmentedRaftLogWorker] INFO  segmented.SegmentedRaftLogWorker (SegmentedRaftLogWorker.java:run(313)) - 2977e106-bb5f-48ce-bb13-3d7f6b9d6732@group-D73F45324AEE-SegmentedRaftLogWorker was interrupted, exiting. There are 0 tasks remaining in the queue.
2019-09-25 06:34:13,803 [main] INFO  segmented.SegmentedRaftLogWorker (SegmentedRaftLogWorker.java:close(228)) - 2977e106-bb5f-48ce-bb13-3d7f6b9d6732@group-D73F45324AEE-SegmentedRaftLogWorker close()
2019-09-25 06:34:13,806 [main] INFO  impl.RaftServerImpl (RaftServerImpl.java:lambda$shutdown$3(251)) - 2977e106-bb5f-48ce-bb13-3d7f6b9d6732@group-2902A9C12B23: shutdown
2019-09-25 06:34:13,807 [main] INFO  util.JmxRegister (JmxRegister.java:unregister(73)) - Successfully un-registered JMX Bean with object name Ratis:service=RaftServer,group=group-2902A9C12B23,id=2977e106-bb5f-48ce-bb13-3d7f6b9d6732
2019-09-25 06:34:13,807 [main] INFO  impl.RoleInfo (RoleInfo.java:shutdownLeaderState(104)) - 2977e106-bb5f-48ce-bb13-3d7f6b9d6732: shutdown LeaderState
2019-09-25 06:34:13,807 [main] INFO  impl.PendingRequests (PendingRequests.java:sendNotLeaderResponses(202)) - 2977e106-bb5f-48ce-bb13-3d7f6b9d6732-PendingRequests: sendNotLeaderResponses
2019-09-25 06:34:13,808 [main] INFO  impl.StateMachineUpdater (StateMachineUpdater.java:stopAndJoin(125)) - 2977e106-bb5f-48ce-bb13-3d7f6b9d6732@group-2902A9C12B23-StateMachineUpdater: set stopIndex = 0
2019-09-25 06:34:13,808 [main] INFO  impl.RaftServerImpl (ServerState.java:close(385)) - 2977e106-bb5f-48ce-bb13-3d7f6b9d6732@group-2902A9C12B23: closes. applyIndex: 0
2019-09-25 06:34:13,809 [2977e106-bb5f-48ce-bb13-3d7f6b9d6732@group-2902A9C12B23-SegmentedRaftLogWorker] INFO  segmented.SegmentedRaftLogWorker (SegmentedRaftLogWorker.java:run(313)) - 2977e106-bb5f-48ce-bb13-3d7f6b9d6732@group-2902A9C12B23-SegmentedRaftLogWorker was interrupted, exiting. There are 0 tasks remaining in the queue.
2019-09-25 06:34:13,809 [main] INFO  segmented.SegmentedRaftLogWorker (SegmentedRaftLogWorker.java:close(228)) - 2977e106-bb5f-48ce-bb13-3d7f6b9d6732@group-2902A9C12B23-SegmentedRaftLogWorker close()
2019-09-25 06:34:13,812 [main] INFO  impl.RaftServerImpl (RaftServerImpl.java:lambda$shutdown$3(251)) - 2977e106-bb5f-48ce-bb13-3d7f6b9d6732@group-56C81175DE97: shutdown
2019-09-25 06:34:13,812 [main] INFO  util.JmxRegister (JmxRegister.java:unregister(73)) - Successfully un-registered JMX Bean with object name Ratis:service=RaftServer,group=group-56C81175DE97,id=2977e106-bb5f-48ce-bb13-3d7f6b9d6732
2019-09-25 06:34:13,813 [main] INFO  impl.RoleInfo (RoleInfo.java:shutdownLeaderState(104)) - 2977e106-bb5f-48ce-bb13-3d7f6b9d6732: shutdown LeaderState
2019-09-25 06:34:13,813 [main] INFO  impl.PendingRequests (PendingRequests.java:sendNotLeaderResponses(202)) - 2977e106-bb5f-48ce-bb13-3d7f6b9d6732-PendingRequests: sendNotLeaderResponses
2019-09-25 06:34:13,813 [main] INFO  impl.StateMachineUpdater (StateMachineUpdater.java:stopAndJoin(125)) - 2977e106-bb5f-48ce-bb13-3d7f6b9d6732@group-56C81175DE97-StateMachineUpdater: set stopIndex = 0
2019-09-25 06:34:13,814 [main] INFO  impl.RaftServerImpl (ServerState.java:close(385)) - 2977e106-bb5f-48ce-bb13-3d7f6b9d6732@group-56C81175DE97: closes. applyIndex: 0
2019-09-25 06:34:13,814 [2977e106-bb5f-48ce-bb13-3d7f6b9d6732@group-56C81175DE97-SegmentedRaftLogWorker] INFO  segmented.SegmentedRaftLogWorker (SegmentedRaftLogWorker.java:run(313)) - 2977e106-bb5f-48ce-bb13-3d7f6b9d6732@group-56C81175DE97-SegmentedRaftLogWorker was interrupted, exiting. There are 0 tasks remaining in the queue.
2019-09-25 06:34:13,814 [main] INFO  segmented.SegmentedRaftLogWorker (SegmentedRaftLogWorker.java:close(228)) - 2977e106-bb5f-48ce-bb13-3d7f6b9d6732@group-56C81175DE97-SegmentedRaftLogWorker close()
2019-09-25 06:34:13,817 [main] INFO  impl.RaftServerImpl (RaftServerImpl.java:lambda$shutdown$3(251)) - 2977e106-bb5f-48ce-bb13-3d7f6b9d6732@group-AA36270BDA73: shutdown
2019-09-25 06:34:13,817 [ForkJoinPool.commonPool-worker-1] INFO  ozoneimpl.OzoneContainer (OzoneContainer.java:stop(231)) - Attempting to stop container services.
2019-09-25 06:34:13,818 [main] INFO  util.JmxRegister (JmxRegister.java:unregister(73)) - Successfully un-registered JMX Bean with object name Ratis:service=RaftServer,group=group-AA36270BDA73,id=2977e106-bb5f-48ce-bb13-3d7f6b9d6732
2019-09-25 06:34:13,818 [ForkJoinPool.commonPool-worker-1] INFO  impl.RaftServerProxy (RaftServerProxy.java:lambda$close$4(314)) - f64f24cc-0a31-403c-8370-70bfbc60f804: close
2019-09-25 06:34:13,818 [main] INFO  impl.RoleInfo (RoleInfo.java:shutdownLeaderState(104)) - 2977e106-bb5f-48ce-bb13-3d7f6b9d6732: shutdown LeaderState
2019-09-25 06:34:13,818 [ForkJoinPool.commonPool-worker-1] INFO  impl.RaftServerImpl (RaftServerImpl.java:lambda$shutdown$3(251)) - f64f24cc-0a31-403c-8370-70bfbc60f804@group-7DC2977C5F4D: shutdown
2019-09-25 06:34:13,819 [main] INFO  impl.PendingRequests (PendingRequests.java:sendNotLeaderResponses(202)) - 2977e106-bb5f-48ce-bb13-3d7f6b9d6732-PendingRequests: sendNotLeaderResponses
2019-09-25 06:34:13,819 [ForkJoinPool.commonPool-worker-1] INFO  util.JmxRegister (JmxRegister.java:unregister(73)) - Successfully un-registered JMX Bean with object name Ratis:service=RaftServer,group=group-7DC2977C5F4D,id=f64f24cc-0a31-403c-8370-70bfbc60f804
2019-09-25 06:34:13,819 [main] INFO  impl.StateMachineUpdater (StateMachineUpdater.java:stopAndJoin(125)) - 2977e106-bb5f-48ce-bb13-3d7f6b9d6732@group-AA36270BDA73-StateMachineUpdater: set stopIndex = 0
2019-09-25 06:34:13,819 [ForkJoinPool.commonPool-worker-1] INFO  impl.RoleInfo (RoleInfo.java:shutdownLeaderState(104)) - f64f24cc-0a31-403c-8370-70bfbc60f804: shutdown LeaderState
2019-09-25 06:34:13,820 [main] INFO  impl.RaftServerImpl (ServerState.java:close(385)) - 2977e106-bb5f-48ce-bb13-3d7f6b9d6732@group-AA36270BDA73: closes. applyIndex: 0
2019-09-25 06:34:13,820 [ForkJoinPool.commonPool-worker-1] INFO  impl.PendingRequests (PendingRequests.java:sendNotLeaderResponses(202)) - f64f24cc-0a31-403c-8370-70bfbc60f804-PendingRequests: sendNotLeaderResponses
2019-09-25 06:34:13,820 [2977e106-bb5f-48ce-bb13-3d7f6b9d6732@group-AA36270BDA73-SegmentedRaftLogWorker] INFO  segmented.SegmentedRaftLogWorker (SegmentedRaftLogWorker.java:run(313)) - 2977e106-bb5f-48ce-bb13-3d7f6b9d6732@group-AA36270BDA73-SegmentedRaftLogWorker was interrupted, exiting. There are 0 tasks remaining in the queue.
2019-09-25 06:34:13,821 [ForkJoinPool.commonPool-worker-1] INFO  impl.StateMachineUpdater (StateMachineUpdater.java:stopAndJoin(125)) - f64f24cc-0a31-403c-8370-70bfbc60f804@group-7DC2977C5F4D-StateMachineUpdater: set stopIndex = 0
2019-09-25 06:34:13,821 [main] INFO  segmented.SegmentedRaftLogWorker (SegmentedRaftLogWorker.java:close(228)) - 2977e106-bb5f-48ce-bb13-3d7f6b9d6732@group-AA36270BDA73-SegmentedRaftLogWorker close()
2019-09-25 06:34:13,821 [ForkJoinPool.commonPool-worker-1] INFO  impl.RaftServerImpl (ServerState.java:close(385)) - f64f24cc-0a31-403c-8370-70bfbc60f804@group-7DC2977C5F4D: closes. applyIndex: 0
2019-09-25 06:34:13,823 [main] INFO  impl.RaftServerImpl (RaftServerImpl.java:lambda$shutdown$3(251)) - 2977e106-bb5f-48ce-bb13-3d7f6b9d6732@group-5380C7D647F2: shutdown
2019-09-25 06:34:13,824 [f64f24cc-0a31-403c-8370-70bfbc60f804@group-7DC2977C5F4D-SegmentedRaftLogWorker] INFO  segmented.SegmentedRaftLogWorker (SegmentedRaftLogWorker.java:run(313)) - f64f24cc-0a31-403c-8370-70bfbc60f804@group-7DC2977C5F4D-SegmentedRaftLogWorker was interrupted, exiting. There are 0 tasks remaining in the queue.
2019-09-25 06:34:13,824 [main] INFO  util.JmxRegister (JmxRegister.java:unregister(73)) - Successfully un-registered JMX Bean with object name Ratis:service=RaftServer,group=group-5380C7D647F2,id=2977e106-bb5f-48ce-bb13-3d7f6b9d6732
2019-09-25 06:34:13,824 [main] INFO  impl.RoleInfo (RoleInfo.java:shutdownLeaderState(104)) - 2977e106-bb5f-48ce-bb13-3d7f6b9d6732: shutdown LeaderState
2019-09-25 06:34:13,824 [ForkJoinPool.commonPool-worker-1] INFO  segmented.SegmentedRaftLogWorker (SegmentedRaftLogWorker.java:close(228)) - f64f24cc-0a31-403c-8370-70bfbc60f804@group-7DC2977C5F4D-SegmentedRaftLogWorker close()
2019-09-25 06:34:13,825 [main] INFO  impl.PendingRequests (PendingRequests.java:sendNotLeaderResponses(202)) - 2977e106-bb5f-48ce-bb13-3d7f6b9d6732-PendingRequests: sendNotLeaderResponses
2019-09-25 06:34:13,828 [ForkJoinPool.commonPool-worker-1] INFO  impl.RaftServerImpl (RaftServerImpl.java:lambda$shutdown$3(251)) - f64f24cc-0a31-403c-8370-70bfbc60f804@group-33429AF2912F: shutdown
2019-09-25 06:34:13,828 [main] INFO  impl.StateMachineUpdater (StateMachineUpdater.java:stopAndJoin(125)) - 2977e106-bb5f-48ce-bb13-3d7f6b9d6732@group-5380C7D647F2-StateMachineUpdater: set stopIndex = 0
2019-09-25 06:34:13,828 [ForkJoinPool.commonPool-worker-1] INFO  util.JmxRegister (JmxRegister.java:unregister(73)) - Successfully un-registered JMX Bean with object name Ratis:service=RaftServer,group=group-33429AF2912F,id=f64f24cc-0a31-403c-8370-70bfbc60f804
2019-09-25 06:34:13,831 [main] INFO  impl.RaftServerImpl (ServerState.java:close(385)) - 2977e106-bb5f-48ce-bb13-3d7f6b9d6732@group-5380C7D647F2: closes. applyIndex: 0
2019-09-25 06:34:13,831 [ForkJoinPool.commonPool-worker-1] INFO  impl.RoleInfo (RoleInfo.java:shutdownLeaderState(104)) - f64f24cc-0a31-403c-8370-70bfbc60f804: shutdown LeaderState
2019-09-25 06:34:13,832 [2977e106-bb5f-48ce-bb13-3d7f6b9d6732@group-5380C7D647F2-SegmentedRaftLogWorker] INFO  segmented.SegmentedRaftLogWorker (SegmentedRaftLogWorker.java:run(313)) - 2977e106-bb5f-48ce-bb13-3d7f6b9d6732@group-5380C7D647F2-SegmentedRaftLogWorker was interrupted, exiting. There are 0 tasks remaining in the queue.
2019-09-25 06:34:13,832 [ForkJoinPool.commonPool-worker-1] INFO  impl.PendingRequests (PendingRequests.java:sendNotLeaderResponses(202)) - f64f24cc-0a31-403c-8370-70bfbc60f804-PendingRequests: sendNotLeaderResponses
2019-09-25 06:34:13,832 [main] INFO  segmented.SegmentedRaftLogWorker (SegmentedRaftLogWorker.java:close(228)) - 2977e106-bb5f-48ce-bb13-3d7f6b9d6732@group-5380C7D647F2-SegmentedRaftLogWorker close()
2019-09-25 06:34:13,832 [ForkJoinPool.commonPool-worker-1] INFO  impl.StateMachineUpdater (StateMachineUpdater.java:stopAndJoin(125)) - f64f24cc-0a31-403c-8370-70bfbc60f804@group-33429AF2912F-StateMachineUpdater: set stopIndex = 0
2019-09-25 06:34:13,835 [main] INFO  impl.RaftServerImpl (RaftServerImpl.java:lambda$shutdown$3(251)) - 2977e106-bb5f-48ce-bb13-3d7f6b9d6732@group-3AB44D43395C: shutdown
2019-09-25 06:34:13,835 [ForkJoinPool.commonPool-worker-1] INFO  impl.RaftServerImpl (ServerState.java:close(385)) - f64f24cc-0a31-403c-8370-70bfbc60f804@group-33429AF2912F: closes. applyIndex: 0
2019-09-25 06:34:13,835 [main] INFO  util.JmxRegister (JmxRegister.java:unregister(73)) - Successfully un-registered JMX Bean with object name Ratis:service=RaftServer,group=group-3AB44D43395C,id=2977e106-bb5f-48ce-bb13-3d7f6b9d6732
2019-09-25 06:34:13,835 [f64f24cc-0a31-403c-8370-70bfbc60f804@group-33429AF2912F-SegmentedRaftLogWorker] INFO  segmented.SegmentedRaftLogWorker (SegmentedRaftLogWorker.java:run(313)) - f64f24cc-0a31-403c-8370-70bfbc60f804@group-33429AF2912F-SegmentedRaftLogWorker was interrupted, exiting. There are 0 tasks remaining in the queue.
2019-09-25 06:34:13,836 [main] INFO  impl.RoleInfo (RoleInfo.java:shutdownLeaderState(104)) - 2977e106-bb5f-48ce-bb13-3d7f6b9d6732: shutdown LeaderState
2019-09-25 06:34:13,836 [ForkJoinPool.commonPool-worker-1] INFO  segmented.SegmentedRaftLogWorker (SegmentedRaftLogWorker.java:close(228)) - f64f24cc-0a31-403c-8370-70bfbc60f804@group-33429AF2912F-SegmentedRaftLogWorker close()
2019-09-25 06:34:13,836 [main] INFO  impl.PendingRequests (PendingRequests.java:sendNotLeaderResponses(202)) - 2977e106-bb5f-48ce-bb13-3d7f6b9d6732-PendingRequests: sendNotLeaderResponses
2019-09-25 06:34:13,851 [ForkJoinPool.commonPool-worker-1] INFO  impl.RaftServerImpl (RaftServerImpl.java:lambda$shutdown$3(251)) - f64f24cc-0a31-403c-8370-70bfbc60f804@group-EAA402B0152C: shutdown
2019-09-25 06:34:13,851 [main] INFO  impl.StateMachineUpdater (StateMachineUpdater.java:stopAndJoin(125)) - 2977e106-bb5f-48ce-bb13-3d7f6b9d6732@group-3AB44D43395C-StateMachineUpdater: set stopIndex = 0
2019-09-25 06:34:13,852 [ForkJoinPool.commonPool-worker-1] INFO  util.JmxRegister (JmxRegister.java:unregister(73)) - Successfully un-registered JMX Bean with object name Ratis:service=RaftServer,group=group-EAA402B0152C,id=f64f24cc-0a31-403c-8370-70bfbc60f804
2019-09-25 06:34:13,852 [main] INFO  impl.RaftServerImpl (ServerState.java:close(385)) - 2977e106-bb5f-48ce-bb13-3d7f6b9d6732@group-3AB44D43395C: closes. applyIndex: 0
2019-09-25 06:34:13,852 [ForkJoinPool.commonPool-worker-1] INFO  impl.RoleInfo (RoleInfo.java:shutdownLeaderState(104)) - f64f24cc-0a31-403c-8370-70bfbc60f804: shutdown LeaderState
2019-09-25 06:34:13,853 [2977e106-bb5f-48ce-bb13-3d7f6b9d6732@group-3AB44D43395C-SegmentedRaftLogWorker] INFO  segmented.SegmentedRaftLogWorker (SegmentedRaftLogWorker.java:run(313)) - 2977e106-bb5f-48ce-bb13-3d7f6b9d6732@group-3AB44D43395C-SegmentedRaftLogWorker was interrupted, exiting. There are 0 tasks remaining in the queue.
2019-09-25 06:34:13,853 [ForkJoinPool.commonPool-worker-1] INFO  impl.PendingRequests (PendingRequests.java:sendNotLeaderResponses(202)) - f64f24cc-0a31-403c-8370-70bfbc60f804-PendingRequests: sendNotLeaderResponses
2019-09-25 06:34:13,853 [main] INFO  segmented.SegmentedRaftLogWorker (SegmentedRaftLogWorker.java:close(228)) - 2977e106-bb5f-48ce-bb13-3d7f6b9d6732@group-3AB44D43395C-SegmentedRaftLogWorker close()
2019-09-25 06:34:13,853 [ForkJoinPool.commonPool-worker-1] INFO  impl.StateMachineUpdater (StateMachineUpdater.java:stopAndJoin(125)) - f64f24cc-0a31-403c-8370-70bfbc60f804@group-EAA402B0152C-StateMachineUpdater: set stopIndex = 0
2019-09-25 06:34:13,853 [main] INFO  server.GrpcService (GrpcService.java:closeImpl(164)) - 2977e106-bb5f-48ce-bb13-3d7f6b9d6732: shutdown server with port 45443 now
2019-09-25 06:34:13,853 [ForkJoinPool.commonPool-worker-1] INFO  impl.RaftServerImpl (ServerState.java:close(385)) - f64f24cc-0a31-403c-8370-70bfbc60f804@group-EAA402B0152C: closes. applyIndex: 0
2019-09-25 06:34:13,854 [f64f24cc-0a31-403c-8370-70bfbc60f804@group-EAA402B0152C-SegmentedRaftLogWorker] INFO  segmented.SegmentedRaftLogWorker (SegmentedRaftLogWorker.java:run(313)) - f64f24cc-0a31-403c-8370-70bfbc60f804@group-EAA402B0152C-SegmentedRaftLogWorker was interrupted, exiting. There are 0 tasks remaining in the queue.
2019-09-25 06:34:13,856 [main] INFO  server.GrpcService (GrpcService.java:closeImpl(172)) - 2977e106-bb5f-48ce-bb13-3d7f6b9d6732: shutdown server with port 45443 successfully
2019-09-25 06:34:13,857 [ForkJoinPool.commonPool-worker-1] INFO  segmented.SegmentedRaftLogWorker (SegmentedRaftLogWorker.java:close(228)) - f64f24cc-0a31-403c-8370-70bfbc60f804@group-EAA402B0152C-SegmentedRaftLogWorker close()
2019-09-25 06:34:13,857 [ForkJoinPool.commonPool-worker-1] INFO  impl.RaftServerImpl (RaftServerImpl.java:lambda$shutdown$3(251)) - f64f24cc-0a31-403c-8370-70bfbc60f804@group-823433BFA536: shutdown
2019-09-25 06:34:13,857 [ForkJoinPool.commonPool-worker-1] INFO  util.JmxRegister (JmxRegister.java:unregister(73)) - Successfully un-registered JMX Bean with object name Ratis:service=RaftServer,group=group-823433BFA536,id=f64f24cc-0a31-403c-8370-70bfbc60f804
2019-09-25 06:34:13,858 [ForkJoinPool.commonPool-worker-1] INFO  impl.RoleInfo (RoleInfo.java:shutdownLeaderState(104)) - f64f24cc-0a31-403c-8370-70bfbc60f804: shutdown LeaderState
2019-09-25 06:34:13,858 [ForkJoinPool.commonPool-worker-1] INFO  impl.PendingRequests (PendingRequests.java:sendNotLeaderResponses(202)) - f64f24cc-0a31-403c-8370-70bfbc60f804-PendingRequests: sendNotLeaderResponses
2019-09-25 06:34:13,858 [ForkJoinPool.commonPool-worker-1] INFO  impl.StateMachineUpdater (StateMachineUpdater.java:stopAndJoin(125)) - f64f24cc-0a31-403c-8370-70bfbc60f804@group-823433BFA536-StateMachineUpdater: set stopIndex = 0
2019-09-25 06:34:13,858 [ForkJoinPool.commonPool-worker-1] INFO  impl.RaftServerImpl (ServerState.java:close(385)) - f64f24cc-0a31-403c-8370-70bfbc60f804@group-823433BFA536: closes. applyIndex: 0
2019-09-25 06:34:13,858 [f64f24cc-0a31-403c-8370-70bfbc60f804@group-823433BFA536-SegmentedRaftLogWorker] INFO  segmented.SegmentedRaftLogWorker (SegmentedRaftLogWorker.java:run(313)) - f64f24cc-0a31-403c-8370-70bfbc60f804@group-823433BFA536-SegmentedRaftLogWorker was interrupted, exiting. There are 0 tasks remaining in the queue.
2019-09-25 06:34:13,859 [ForkJoinPool.commonPool-worker-1] INFO  segmented.SegmentedRaftLogWorker (SegmentedRaftLogWorker.java:close(228)) - f64f24cc-0a31-403c-8370-70bfbc60f804@group-823433BFA536-SegmentedRaftLogWorker close()
2019-09-25 06:34:13,859 [ForkJoinPool.commonPool-worker-1] INFO  impl.RaftServerImpl (RaftServerImpl.java:lambda$shutdown$3(251)) - f64f24cc-0a31-403c-8370-70bfbc60f804@group-336F44829697: shutdown
2019-09-25 06:34:13,859 [ForkJoinPool.commonPool-worker-1] INFO  util.JmxRegister (JmxRegister.java:unregister(73)) - Successfully un-registered JMX Bean with object name Ratis:service=RaftServer,group=group-336F44829697,id=f64f24cc-0a31-403c-8370-70bfbc60f804
2019-09-25 06:34:13,859 [ForkJoinPool.commonPool-worker-1] INFO  impl.RoleInfo (RoleInfo.java:shutdownLeaderState(104)) - f64f24cc-0a31-403c-8370-70bfbc60f804: shutdown LeaderState
2019-09-25 06:34:13,860 [ForkJoinPool.commonPool-worker-1] INFO  impl.PendingRequests (PendingRequests.java:sendNotLeaderResponses(202)) - f64f24cc-0a31-403c-8370-70bfbc60f804-PendingRequests: sendNotLeaderResponses
2019-09-25 06:34:13,860 [ForkJoinPool.commonPool-worker-1] INFO  impl.StateMachineUpdater (StateMachineUpdater.java:stopAndJoin(125)) - f64f24cc-0a31-403c-8370-70bfbc60f804@group-336F44829697-StateMachineUpdater: set stopIndex = 0
2019-09-25 06:34:13,860 [ForkJoinPool.commonPool-worker-1] INFO  impl.RaftServerImpl (ServerState.java:close(385)) - f64f24cc-0a31-403c-8370-70bfbc60f804@group-336F44829697: closes. applyIndex: 0
2019-09-25 06:34:13,860 [f64f24cc-0a31-403c-8370-70bfbc60f804@group-336F44829697-SegmentedRaftLogWorker] INFO  segmented.SegmentedRaftLogWorker (SegmentedRaftLogWorker.java:run(313)) - f64f24cc-0a31-403c-8370-70bfbc60f804@group-336F44829697-SegmentedRaftLogWorker was interrupted, exiting. There are 0 tasks remaining in the queue.
2019-09-25 06:34:13,861 [ForkJoinPool.commonPool-worker-1] INFO  segmented.SegmentedRaftLogWorker (SegmentedRaftLogWorker.java:close(228)) - f64f24cc-0a31-403c-8370-70bfbc60f804@group-336F44829697-SegmentedRaftLogWorker close()
2019-09-25 06:34:13,861 [ForkJoinPool.commonPool-worker-1] INFO  impl.RaftServerImpl (RaftServerImpl.java:lambda$shutdown$3(251)) - f64f24cc-0a31-403c-8370-70bfbc60f804@group-49111CF88755: shutdown
2019-09-25 06:34:13,861 [ForkJoinPool.commonPool-worker-1] INFO  util.JmxRegister (JmxRegister.java:unregister(73)) - Successfully un-registered JMX Bean with object name Ratis:service=RaftServer,group=group-49111CF88755,id=f64f24cc-0a31-403c-8370-70bfbc60f804
2019-09-25 06:34:13,861 [ForkJoinPool.commonPool-worker-1] INFO  impl.RoleInfo (RoleInfo.java:shutdownLeaderState(104)) - f64f24cc-0a31-403c-8370-70bfbc60f804: shutdown LeaderState
2019-09-25 06:34:13,861 [ForkJoinPool.commonPool-worker-1] INFO  impl.PendingRequests (PendingRequests.java:sendNotLeaderResponses(202)) - f64f24cc-0a31-403c-8370-70bfbc60f804-PendingRequests: sendNotLeaderResponses
2019-09-25 06:34:13,862 [ForkJoinPool.commonPool-worker-1] INFO  impl.StateMachineUpdater (StateMachineUpdater.java:stopAndJoin(125)) - f64f24cc-0a31-403c-8370-70bfbc60f804@group-49111CF88755-StateMachineUpdater: set stopIndex = 0
2019-09-25 06:34:13,862 [ForkJoinPool.commonPool-worker-1] INFO  impl.RaftServerImpl (ServerState.java:close(385)) - f64f24cc-0a31-403c-8370-70bfbc60f804@group-49111CF88755: closes. applyIndex: 0
2019-09-25 06:34:13,862 [f64f24cc-0a31-403c-8370-70bfbc60f804@group-49111CF88755-SegmentedRaftLogWorker] INFO  segmented.SegmentedRaftLogWorker (SegmentedRaftLogWorker.java:run(313)) - f64f24cc-0a31-403c-8370-70bfbc60f804@group-49111CF88755-SegmentedRaftLogWorker was interrupted, exiting. There are 0 tasks remaining in the queue.
2019-09-25 06:34:13,863 [ForkJoinPool.commonPool-worker-1] INFO  segmented.SegmentedRaftLogWorker (SegmentedRaftLogWorker.java:close(228)) - f64f24cc-0a31-403c-8370-70bfbc60f804@group-49111CF88755-SegmentedRaftLogWorker close()
2019-09-25 06:34:13,863 [ForkJoinPool.commonPool-worker-1] INFO  server.GrpcService (GrpcService.java:closeImpl(164)) - f64f24cc-0a31-403c-8370-70bfbc60f804: shutdown server with port 40060 now
2019-09-25 06:34:13,866 [ForkJoinPool.commonPool-worker-1] INFO  server.GrpcService (GrpcService.java:closeImpl(172)) - f64f24cc-0a31-403c-8370-70bfbc60f804: shutdown server with port 40060 successfully
2019-09-25 06:34:13,870 [refreshUsed-/workdir/hadoop-ozone/ozonefs/target/test-dir/MiniOzoneClusterImpl-d97e1daa-6e0c-4900-b1c9-997de4e3459a/datanode-6/data/containers] WARN  fs.CachingGetSpaceUsed (CachingGetSpaceUsed.java:run(183)) - Thread Interrupted waiting to refresh disk information: sleep interrupted
2019-09-25 06:34:13,874 [refreshUsed-/workdir/hadoop-ozone/ozonefs/target/test-dir/MiniOzoneClusterImpl-d97e1daa-6e0c-4900-b1c9-997de4e3459a/datanode-3/data/containers] WARN  fs.CachingGetSpaceUsed (CachingGetSpaceUsed.java:run(183)) - Thread Interrupted waiting to refresh disk information: sleep interrupted
2019-09-25 06:34:13,893 [main] INFO  utils.BackgroundService (BackgroundService.java:shutdown(148)) - Shutting down service BlockDeletingService
2019-09-25 06:34:13,899 [main] INFO  statemachine.DatanodeStateMachine (DatanodeStateMachine.java:stopDaemon(395)) - Ozone container server stopped.
2019-09-25 06:34:13,900 [main] INFO  handler.ContextHandler (ContextHandler.java:doStop(910)) - Stopped o.e.j.w.WebAppContext@37045b48{/,null,UNAVAILABLE}{/hddsDatanode}
2019-09-25 06:34:13,901 [main] INFO  server.AbstractConnector (AbstractConnector.java:doStop(318)) - Stopped ServerConnector@60b34931{HTTP/1.1,[http/1.1]}{0.0.0.0:0}
2019-09-25 06:34:13,901 [main] INFO  handler.ContextHandler (ContextHandler.java:doStop(910)) - Stopped o.e.j.s.ServletContextHandler@6fa13e6{/static,jar:file:/home/user/.m2/repository/org/apache/hadoop/hadoop-hdds-container-service/0.5.0-SNAPSHOT/hadoop-hdds-container-service-0.5.0-SNAPSHOT.jar!/webapps/static,UNAVAILABLE}
2019-09-25 06:34:13,901 [ForkJoinPool.commonPool-worker-1] INFO  utils.BackgroundService (BackgroundService.java:shutdown(148)) - Shutting down service BlockDeletingService
2019-09-25 06:34:13,902 [main] INFO  handler.ContextHandler (ContextHandler.java:doStop(910)) - Stopped o.e.j.s.ServletContextHandler@6535117e{/logs,file:///workdir/hadoop-ozone/ozonefs/target/log,UNAVAILABLE}
2019-09-25 06:34:13,909 [ForkJoinPool.commonPool-worker-1] INFO  statemachine.DatanodeStateMachine (DatanodeStateMachine.java:stopDaemon(395)) - Ozone container server stopped.
2019-09-25 06:34:13,915 [ForkJoinPool.commonPool-worker-1] INFO  handler.ContextHandler (ContextHandler.java:doStop(910)) - Stopped o.e.j.w.WebAppContext@58434b19{/,null,UNAVAILABLE}{/hddsDatanode}
2019-09-25 06:34:13,916 [ForkJoinPool.commonPool-worker-1] INFO  server.AbstractConnector (AbstractConnector.java:doStop(318)) - Stopped ServerConnector@7d3fb0ef{HTTP/1.1,[http/1.1]}{0.0.0.0:0}
2019-09-25 06:34:13,918 [ForkJoinPool.commonPool-worker-1] INFO  handler.ContextHandler (ContextHandler.java:doStop(910)) - Stopped o.e.j.s.ServletContextHandler@4acb7ecc{/static,jar:file:/home/user/.m2/repository/org/apache/hadoop/hadoop-hdds-container-service/0.5.0-SNAPSHOT/hadoop-hdds-container-service-0.5.0-SNAPSHOT.jar!/webapps/static,UNAVAILABLE}
2019-09-25 06:34:13,920 [ForkJoinPool.commonPool-worker-1] INFO  handler.ContextHandler (ContextHandler.java:doStop(910)) - Stopped o.e.j.s.ServletContextHandler@63884e4{/logs,file:///workdir/hadoop-ozone/ozonefs/target/log,UNAVAILABLE}
2019-09-25 06:34:13,937 [Datanode State Machine Thread - 0] INFO  statemachine.DatanodeStateMachine (DatanodeStateMachine.java:lambda$startDaemon$0(350)) - Ozone container server started.
2019-09-25 06:34:14,213 [Datanode State Machine Thread - 0] INFO  statemachine.DatanodeStateMachine (DatanodeStateMachine.java:lambda$startDaemon$0(350)) - Ozone container server started.
2019-09-25 06:34:17,678 [Thread-628] INFO  impl.FollowerState (FollowerState.java:run(106)) - 81f06f72-72c9-4329-855f-4bc73f7e5da2:group-AC61B04265AD changes to CANDIDATE, lastRpcTime:5029, electionTimeout:5029ms
2019-09-25 06:34:17,678 [Thread-628] INFO  impl.RoleInfo (RoleInfo.java:shutdownFollowerState(121)) - 81f06f72-72c9-4329-855f-4bc73f7e5da2: shutdown FollowerState
2019-09-25 06:34:17,678 [Thread-628] INFO  impl.RaftServerImpl (RaftServerImpl.java:setRole(174)) - 81f06f72-72c9-4329-855f-4bc73f7e5da2@group-AC61B04265AD: changes role from  FOLLOWER to CANDIDATE at term 2 for changeToCandidate
2019-09-25 06:34:17,678 [Thread-628] INFO  impl.RoleInfo (RoleInfo.java:updateAndGet(143)) - 81f06f72-72c9-4329-855f-4bc73f7e5da2: start LeaderElection
2019-09-25 06:34:17,694 [81f06f72-72c9-4329-855f-4bc73f7e5da2@group-AC61B04265AD:LeaderElection68] INFO  impl.LeaderElection (LeaderElection.java:askForVotes(182)) - 81f06f72-72c9-4329-855f-4bc73f7e5da2@group-AC61B04265AD:LeaderElection68: begin an election at term 3 for -1: [49960203-aee6-4047-85fd-ecacef3efebf:192.168.164.207:34853, 81f06f72-72c9-4329-855f-4bc73f7e5da2:192.168.164.207:40731, 313782b9-e18d-44cb-a4a7-8816635983d3:192.168.164.207:33244], old=null
2019-09-25 06:34:17,697 [grpc-default-executor-3] INFO  impl.RaftServerImpl (RaftServerImpl.java:setRole(174)) - 313782b9-e18d-44cb-a4a7-8816635983d3@group-AC61B04265AD: changes role from  FOLLOWER to FOLLOWER at term 3 for recognizeCandidate:81f06f72-72c9-4329-855f-4bc73f7e5da2
2019-09-25 06:34:17,697 [grpc-default-executor-2] INFO  impl.RaftServerImpl (RaftServerImpl.java:setRole(174)) - 49960203-aee6-4047-85fd-ecacef3efebf@group-AC61B04265AD: changes role from  FOLLOWER to FOLLOWER at term 3 for recognizeCandidate:81f06f72-72c9-4329-855f-4bc73f7e5da2
2019-09-25 06:34:17,698 [grpc-default-executor-3] INFO  impl.RoleInfo (RoleInfo.java:shutdownFollowerState(121)) - 313782b9-e18d-44cb-a4a7-8816635983d3: shutdown FollowerState
2019-09-25 06:34:17,698 [grpc-default-executor-2] INFO  impl.RoleInfo (RoleInfo.java:shutdownFollowerState(121)) - 49960203-aee6-4047-85fd-ecacef3efebf: shutdown FollowerState
2019-09-25 06:34:17,698 [grpc-default-executor-3] INFO  impl.RoleInfo (RoleInfo.java:updateAndGet(143)) - 313782b9-e18d-44cb-a4a7-8816635983d3: start FollowerState
2019-09-25 06:34:17,698 [Thread-626] INFO  impl.FollowerState (FollowerState.java:run(115)) - 49960203-aee6-4047-85fd-ecacef3efebf: FollowerState was interrupted: java.lang.InterruptedException: sleep interrupted
2019-09-25 06:34:17,698 [grpc-default-executor-2] INFO  impl.RoleInfo (RoleInfo.java:updateAndGet(143)) - 49960203-aee6-4047-85fd-ecacef3efebf: start FollowerState
2019-09-25 06:34:17,698 [Thread-627] INFO  impl.FollowerState (FollowerState.java:run(115)) - 313782b9-e18d-44cb-a4a7-8816635983d3: FollowerState was interrupted: java.lang.InterruptedException: sleep interrupted
2019-09-25 06:34:17,715 [81f06f72-72c9-4329-855f-4bc73f7e5da2@group-AC61B04265AD:LeaderElection68] INFO  impl.LeaderElection (LeaderElection.java:logAndReturn(56)) - 81f06f72-72c9-4329-855f-4bc73f7e5da2@group-AC61B04265AD:LeaderElection68: Election PASSED; received 1 response(s) [81f06f72-72c9-4329-855f-4bc73f7e5da2<-49960203-aee6-4047-85fd-ecacef3efebf#0:OK-t3] and 0 exception(s); 81f06f72-72c9-4329-855f-4bc73f7e5da2@group-AC61B04265AD:t3, leader=null, voted=81f06f72-72c9-4329-855f-4bc73f7e5da2, raftlog=81f06f72-72c9-4329-855f-4bc73f7e5da2@group-AC61B04265AD-SegmentedRaftLog:OPENED:c-1,f-1,i0, conf=-1: [49960203-aee6-4047-85fd-ecacef3efebf:192.168.164.207:34853, 81f06f72-72c9-4329-855f-4bc73f7e5da2:192.168.164.207:40731, 313782b9-e18d-44cb-a4a7-8816635983d3:192.168.164.207:33244], old=null
2019-09-25 06:34:17,715 [81f06f72-72c9-4329-855f-4bc73f7e5da2@group-AC61B04265AD:LeaderElection68] INFO  impl.RoleInfo (RoleInfo.java:shutdownLeaderElection(134)) - 81f06f72-72c9-4329-855f-4bc73f7e5da2: shutdown LeaderElection
2019-09-25 06:34:17,716 [81f06f72-72c9-4329-855f-4bc73f7e5da2@group-AC61B04265AD:LeaderElection68] INFO  impl.RaftServerImpl (RaftServerImpl.java:setRole(174)) - 81f06f72-72c9-4329-855f-4bc73f7e5da2@group-AC61B04265AD: changes role from CANDIDATE to LEADER at term 3 for changeToLeader
2019-09-25 06:34:17,716 [81f06f72-72c9-4329-855f-4bc73f7e5da2@group-AC61B04265AD:LeaderElection68] INFO  impl.RaftServerImpl (ServerState.java:setLeader(253)) - 81f06f72-72c9-4329-855f-4bc73f7e5da2@group-AC61B04265AD: change Leader from null to 81f06f72-72c9-4329-855f-4bc73f7e5da2 at term 3 for becomeLeader, leader elected after 16003ms
2019-09-25 06:34:17,716 [81f06f72-72c9-4329-855f-4bc73f7e5da2@group-AC61B04265AD:LeaderElection68] INFO  server.RaftServerConfigKeys (ConfUtils.java:logGet(43)) - raft.server.staging.catchup.gap = 1000 (default)
2019-09-25 06:34:17,716 [81f06f72-72c9-4329-855f-4bc73f7e5da2@group-AC61B04265AD:LeaderElection68] INFO  server.RaftServerConfigKeys (ConfUtils.java:logGet(43)) - raft.server.rpc.sleep.time = 25ms (default)
2019-09-25 06:34:17,716 [81f06f72-72c9-4329-855f-4bc73f7e5da2@group-AC61B04265AD:LeaderElection68] INFO  server.RaftServerConfigKeys (ConfUtils.java:logGet(43)) - raft.server.write.element-limit = 4096 (default)
2019-09-25 06:34:17,716 [81f06f72-72c9-4329-855f-4bc73f7e5da2@group-AC61B04265AD:LeaderElection68] INFO  server.RaftServerConfigKeys (ConfUtils.java:logGet(43)) - raft.server.watch.timeout = 10s (default)
2019-09-25 06:34:17,716 [81f06f72-72c9-4329-855f-4bc73f7e5da2@group-AC61B04265AD:LeaderElection68] INFO  server.RaftServerConfigKeys (ConfUtils.java:logGet(43)) - raft.server.watch.timeout.denomination = 1s (default)
2019-09-25 06:34:17,717 [81f06f72-72c9-4329-855f-4bc73f7e5da2@group-AC61B04265AD:LeaderElection68] INFO  server.RaftServerConfigKeys (ConfUtils.java:logGet(43)) - raft.server.watch.element-limit = 65536 (default)
2019-09-25 06:34:17,721 [81f06f72-72c9-4329-855f-4bc73f7e5da2@group-AC61B04265AD:LeaderElection68] INFO  server.RaftServerConfigKeys (ConfUtils.java:logGet(43)) - raft.server.log.appender.snapshot.chunk.size.max = 16MB (=16777216) (default)
2019-09-25 06:34:17,721 [81f06f72-72c9-4329-855f-4bc73f7e5da2@group-AC61B04265AD:LeaderElection68] INFO  server.RaftServerConfigKeys (ConfUtils.java:logGet(43)) - raft.server.log.appender.buffer.byte-limit = 33554432 (custom)
2019-09-25 06:34:17,722 [81f06f72-72c9-4329-855f-4bc73f7e5da2@group-AC61B04265AD:LeaderElection68] INFO  server.RaftServerConfigKeys (ConfUtils.java:logGet(43)) - raft.server.log.appender.buffer.element-limit = 1 (custom)
2019-09-25 06:34:17,726 [81f06f72-72c9-4329-855f-4bc73f7e5da2@group-AC61B04265AD:LeaderElection68] INFO  grpc.GrpcConfigKeys$Server (ConfUtils.java:logGet(43)) - raft.grpc.server.leader.outstanding.appends.max = 128 (default)
2019-09-25 06:34:17,727 [81f06f72-72c9-4329-855f-4bc73f7e5da2@group-AC61B04265AD:LeaderElection68] INFO  server.RaftServerConfigKeys (ConfUtils.java:logGet(43)) - raft.server.rpc.request.timeout = 3000ms (default)
2019-09-25 06:34:17,727 [81f06f72-72c9-4329-855f-4bc73f7e5da2@group-AC61B04265AD:LeaderElection68] INFO  server.RaftServerConfigKeys (ConfUtils.java:logGet(43)) - raft.server.log.appender.install.snapshot.enabled = false (custom)
2019-09-25 06:34:17,728 [81f06f72-72c9-4329-855f-4bc73f7e5da2@group-AC61B04265AD:LeaderElection68] INFO  server.RaftServerConfigKeys (ConfUtils.java:logGet(43)) - raft.server.log.appender.snapshot.chunk.size.max = 16MB (=16777216) (default)
2019-09-25 06:34:17,728 [81f06f72-72c9-4329-855f-4bc73f7e5da2@group-AC61B04265AD:LeaderElection68] INFO  server.RaftServerConfigKeys (ConfUtils.java:logGet(43)) - raft.server.log.appender.buffer.byte-limit = 33554432 (custom)
2019-09-25 06:34:17,728 [81f06f72-72c9-4329-855f-4bc73f7e5da2@group-AC61B04265AD:LeaderElection68] INFO  server.RaftServerConfigKeys (ConfUtils.java:logGet(43)) - raft.server.log.appender.buffer.element-limit = 1 (custom)
2019-09-25 06:34:17,728 [81f06f72-72c9-4329-855f-4bc73f7e5da2@group-AC61B04265AD:LeaderElection68] INFO  grpc.GrpcConfigKeys$Server (ConfUtils.java:logGet(43)) - raft.grpc.server.leader.outstanding.appends.max = 128 (default)
2019-09-25 06:34:17,729 [81f06f72-72c9-4329-855f-4bc73f7e5da2@group-AC61B04265AD:LeaderElection68] INFO  server.RaftServerConfigKeys (ConfUtils.java:logGet(43)) - raft.server.rpc.request.timeout = 3000ms (default)
2019-09-25 06:34:17,729 [81f06f72-72c9-4329-855f-4bc73f7e5da2@group-AC61B04265AD:LeaderElection68] INFO  server.RaftServerConfigKeys (ConfUtils.java:logGet(43)) - raft.server.log.appender.install.snapshot.enabled = false (custom)
2019-09-25 06:34:17,730 [81f06f72-72c9-4329-855f-4bc73f7e5da2@group-AC61B04265AD:LeaderElection68] INFO  impl.RoleInfo (RoleInfo.java:updateAndGet(143)) - 81f06f72-72c9-4329-855f-4bc73f7e5da2: start LeaderState
2019-09-25 06:34:17,730 [81f06f72-72c9-4329-855f-4bc73f7e5da2@group-AC61B04265AD:LeaderElection68] INFO  segmented.SegmentedRaftLogWorker (SegmentedRaftLogWorker.java:startLogSegment(380)) - 81f06f72-72c9-4329-855f-4bc73f7e5da2@group-AC61B04265AD-SegmentedRaftLogWorker: Starting segment from index:0
2019-09-25 06:34:18,256 [81f06f72-72c9-4329-855f-4bc73f7e5da2@group-AC61B04265AD:LeaderElection68] INFO  impl.RaftServerImpl (ServerState.java:setRaftConf(354)) - 81f06f72-72c9-4329-855f-4bc73f7e5da2@group-AC61B04265AD: set configuration 0: [49960203-aee6-4047-85fd-ecacef3efebf:192.168.164.207:34853, 81f06f72-72c9-4329-855f-4bc73f7e5da2:192.168.164.207:40731, 313782b9-e18d-44cb-a4a7-8816635983d3:192.168.164.207:33244], old=null at 0
2019-09-25 06:34:18,297 [81f06f72-72c9-4329-855f-4bc73f7e5da2@group-AC61B04265AD-SegmentedRaftLogWorker] INFO  segmented.SegmentedRaftLogWorker (SegmentedRaftLogWorker.java:execute(569)) - 81f06f72-72c9-4329-855f-4bc73f7e5da2@group-AC61B04265AD-SegmentedRaftLogWorker: created new log segment /workdir/hadoop-ozone/ozonefs/target/test-dir/MiniOzoneClusterImpl-d97e1daa-6e0c-4900-b1c9-997de4e3459a/datanode-0/data/ratis/b0d93935-a9ea-4875-92a9-ac61b04265ad/current/log_inprogress_0
2019-09-25 06:34:18,437 [grpc-default-executor-2] INFO  impl.RaftServerImpl (ServerState.java:setLeader(253)) - 49960203-aee6-4047-85fd-ecacef3efebf@group-AC61B04265AD: change Leader from null to 81f06f72-72c9-4329-855f-4bc73f7e5da2 at term 3 for appendEntries, leader elected after 16724ms
2019-09-25 06:34:18,437 [grpc-default-executor-3] INFO  impl.RaftServerImpl (ServerState.java:setLeader(253)) - 313782b9-e18d-44cb-a4a7-8816635983d3@group-AC61B04265AD: change Leader from null to 81f06f72-72c9-4329-855f-4bc73f7e5da2 at term 3 for appendEntries, leader elected after 16732ms
2019-09-25 06:34:18,465 [grpc-default-executor-2] INFO  impl.RaftServerImpl (ServerState.java:setRaftConf(354)) - 313782b9-e18d-44cb-a4a7-8816635983d3@group-AC61B04265AD: set configuration 0: [49960203-aee6-4047-85fd-ecacef3efebf:192.168.164.207:34853, 81f06f72-72c9-4329-855f-4bc73f7e5da2:192.168.164.207:40731, 313782b9-e18d-44cb-a4a7-8816635983d3:192.168.164.207:33244], old=null at 0
2019-09-25 06:34:18,465 [grpc-default-executor-3] INFO  impl.RaftServerImpl (ServerState.java:setRaftConf(354)) - 49960203-aee6-4047-85fd-ecacef3efebf@group-AC61B04265AD: set configuration 0: [49960203-aee6-4047-85fd-ecacef3efebf:192.168.164.207:34853, 81f06f72-72c9-4329-855f-4bc73f7e5da2:192.168.164.207:40731, 313782b9-e18d-44cb-a4a7-8816635983d3:192.168.164.207:33244], old=null at 0
2019-09-25 06:34:18,466 [grpc-default-executor-2] INFO  segmented.SegmentedRaftLogWorker (SegmentedRaftLogWorker.java:startLogSegment(380)) - 313782b9-e18d-44cb-a4a7-8816635983d3@group-AC61B04265AD-SegmentedRaftLogWorker: Starting segment from index:0
2019-09-25 06:34:18,466 [grpc-default-executor-3] INFO  segmented.SegmentedRaftLogWorker (SegmentedRaftLogWorker.java:startLogSegment(380)) - 49960203-aee6-4047-85fd-ecacef3efebf@group-AC61B04265AD-SegmentedRaftLogWorker: Starting segment from index:0
2019-09-25 06:34:18,498 [313782b9-e18d-44cb-a4a7-8816635983d3@group-AC61B04265AD-SegmentedRaftLogWorker] INFO  segmented.SegmentedRaftLogWorker (SegmentedRaftLogWorker.java:execute(569)) - 313782b9-e18d-44cb-a4a7-8816635983d3@group-AC61B04265AD-SegmentedRaftLogWorker: created new log segment /workdir/hadoop-ozone/ozonefs/target/test-dir/MiniOzoneClusterImpl-d97e1daa-6e0c-4900-b1c9-997de4e3459a/datanode-8/data/ratis/b0d93935-a9ea-4875-92a9-ac61b04265ad/current/log_inprogress_0
2019-09-25 06:34:18,501 [49960203-aee6-4047-85fd-ecacef3efebf@group-AC61B04265AD-SegmentedRaftLogWorker] INFO  segmented.SegmentedRaftLogWorker (SegmentedRaftLogWorker.java:execute(569)) - 49960203-aee6-4047-85fd-ecacef3efebf@group-AC61B04265AD-SegmentedRaftLogWorker: created new log segment /workdir/hadoop-ozone/ozonefs/target/test-dir/MiniOzoneClusterImpl-d97e1daa-6e0c-4900-b1c9-997de4e3459a/datanode-4/data/ratis/b0d93935-a9ea-4875-92a9-ac61b04265ad/current/log_inprogress_0
2019-09-25 06:34:18,916 [main] INFO  ozoneimpl.OzoneContainer (OzoneContainer.java:stop(231)) - Attempting to stop container services.
2019-09-25 06:34:18,917 [main] INFO  impl.RaftServerProxy (RaftServerProxy.java:lambda$close$4(314)) - 313782b9-e18d-44cb-a4a7-8816635983d3: close
2019-09-25 06:34:18,917 [main] INFO  impl.RaftServerImpl (RaftServerImpl.java:lambda$shutdown$3(251)) - 313782b9-e18d-44cb-a4a7-8816635983d3@group-AC61B04265AD: shutdown
2019-09-25 06:34:18,918 [main] INFO  util.JmxRegister (JmxRegister.java:unregister(73)) - Successfully un-registered JMX Bean with object name Ratis:service=RaftServer,group=group-AC61B04265AD,id=313782b9-e18d-44cb-a4a7-8816635983d3
2019-09-25 06:34:18,918 [main] INFO  impl.RoleInfo (RoleInfo.java:shutdownFollowerState(121)) - 313782b9-e18d-44cb-a4a7-8816635983d3: shutdown FollowerState
2019-09-25 06:34:18,918 [main] INFO  impl.StateMachineUpdater (StateMachineUpdater.java:stopAndJoin(125)) - 313782b9-e18d-44cb-a4a7-8816635983d3@group-AC61B04265AD-StateMachineUpdater: set stopIndex = 0
2019-09-25 06:34:18,919 [Thread-632] INFO  impl.FollowerState (FollowerState.java:run(115)) - 313782b9-e18d-44cb-a4a7-8816635983d3: FollowerState was interrupted: java.lang.InterruptedException: sleep interrupted
2019-09-25 06:34:18,919 [main] INFO  impl.RaftServerImpl (ServerState.java:close(385)) - 313782b9-e18d-44cb-a4a7-8816635983d3@group-AC61B04265AD: closes. applyIndex: 0
2019-09-25 06:34:18,920 [313782b9-e18d-44cb-a4a7-8816635983d3@group-AC61B04265AD-SegmentedRaftLogWorker] INFO  segmented.SegmentedRaftLogWorker (SegmentedRaftLogWorker.java:run(313)) - 313782b9-e18d-44cb-a4a7-8816635983d3@group-AC61B04265AD-SegmentedRaftLogWorker was interrupted, exiting. There are 0 tasks remaining in the queue.
2019-09-25 06:34:18,923 [main] INFO  segmented.SegmentedRaftLogWorker (SegmentedRaftLogWorker.java:close(228)) - 313782b9-e18d-44cb-a4a7-8816635983d3@group-AC61B04265AD-SegmentedRaftLogWorker close()
2019-09-25 06:34:18,923 [ForkJoinPool.commonPool-worker-1] INFO  ozoneimpl.OzoneContainer (OzoneContainer.java:stop(231)) - Attempting to stop container services.
2019-09-25 06:34:18,923 [main] INFO  impl.RaftServerImpl (RaftServerImpl.java:lambda$shutdown$3(251)) - 313782b9-e18d-44cb-a4a7-8816635983d3@group-DAF03E1835B3: shutdown
2019-09-25 06:34:18,924 [ForkJoinPool.commonPool-worker-1] INFO  impl.RaftServerProxy (RaftServerProxy.java:lambda$close$4(314)) - 49960203-aee6-4047-85fd-ecacef3efebf: close
2019-09-25 06:34:18,924 [main] INFO  util.JmxRegister (JmxRegister.java:unregister(73)) - Successfully un-registered JMX Bean with object name Ratis:service=RaftServer,group=group-DAF03E1835B3,id=313782b9-e18d-44cb-a4a7-8816635983d3
2019-09-25 06:34:18,924 [ForkJoinPool.commonPool-worker-1] INFO  impl.RaftServerImpl (RaftServerImpl.java:lambda$shutdown$3(251)) - 49960203-aee6-4047-85fd-ecacef3efebf@group-AC61B04265AD: shutdown
2019-09-25 06:34:18,924 [main] INFO  impl.RoleInfo (RoleInfo.java:shutdownLeaderState(104)) - 313782b9-e18d-44cb-a4a7-8816635983d3: shutdown LeaderState
2019-09-25 06:34:18,925 [ForkJoinPool.commonPool-worker-1] INFO  util.JmxRegister (JmxRegister.java:unregister(73)) - Successfully un-registered JMX Bean with object name Ratis:service=RaftServer,group=group-AC61B04265AD,id=49960203-aee6-4047-85fd-ecacef3efebf
2019-09-25 06:34:18,925 [main] INFO  impl.PendingRequests (PendingRequests.java:sendNotLeaderResponses(202)) - 313782b9-e18d-44cb-a4a7-8816635983d3-PendingRequests: sendNotLeaderResponses
2019-09-25 06:34:18,925 [ForkJoinPool.commonPool-worker-1] INFO  impl.RoleInfo (RoleInfo.java:shutdownFollowerState(121)) - 49960203-aee6-4047-85fd-ecacef3efebf: shutdown FollowerState
2019-09-25 06:34:18,926 [main] INFO  impl.StateMachineUpdater (StateMachineUpdater.java:stopAndJoin(125)) - 313782b9-e18d-44cb-a4a7-8816635983d3@group-DAF03E1835B3-StateMachineUpdater: set stopIndex = 0
2019-09-25 06:34:18,926 [main] INFO  impl.RaftServerImpl (ServerState.java:close(385)) - 313782b9-e18d-44cb-a4a7-8816635983d3@group-DAF03E1835B3: closes. applyIndex: 0
2019-09-25 06:34:18,926 [Thread-633] INFO  impl.FollowerState (FollowerState.java:run(115)) - 49960203-aee6-4047-85fd-ecacef3efebf: FollowerState was interrupted: java.lang.InterruptedException: sleep interrupted
2019-09-25 06:34:18,926 [ForkJoinPool.commonPool-worker-1] INFO  impl.StateMachineUpdater (StateMachineUpdater.java:stopAndJoin(125)) - 49960203-aee6-4047-85fd-ecacef3efebf@group-AC61B04265AD-StateMachineUpdater: set stopIndex = 0
2019-09-25 06:34:18,927 [313782b9-e18d-44cb-a4a7-8816635983d3@group-DAF03E1835B3-SegmentedRaftLogWorker] INFO  segmented.SegmentedRaftLogWorker (SegmentedRaftLogWorker.java:run(313)) - 313782b9-e18d-44cb-a4a7-8816635983d3@group-DAF03E1835B3-SegmentedRaftLogWorker was interrupted, exiting. There are 0 tasks remaining in the queue.
2019-09-25 06:34:18,927 [ForkJoinPool.commonPool-worker-1] INFO  impl.RaftServerImpl (ServerState.java:close(385)) - 49960203-aee6-4047-85fd-ecacef3efebf@group-AC61B04265AD: closes. applyIndex: 0
2019-09-25 06:34:18,927 [main] INFO  segmented.SegmentedRaftLogWorker (SegmentedRaftLogWorker.java:close(228)) - 313782b9-e18d-44cb-a4a7-8816635983d3@group-DAF03E1835B3-SegmentedRaftLogWorker close()
2019-09-25 06:34:18,928 [49960203-aee6-4047-85fd-ecacef3efebf@group-AC61B04265AD-SegmentedRaftLogWorker] INFO  segmented.SegmentedRaftLogWorker (SegmentedRaftLogWorker.java:run(313)) - 49960203-aee6-4047-85fd-ecacef3efebf@group-AC61B04265AD-SegmentedRaftLogWorker was interrupted, exiting. There are 0 tasks remaining in the queue.
2019-09-25 06:34:18,928 [main] INFO  impl.RaftServerImpl (RaftServerImpl.java:lambda$shutdown$3(251)) - 313782b9-e18d-44cb-a4a7-8816635983d3@group-DD2E0293C18B: shutdown
2019-09-25 06:34:18,930 [ForkJoinPool.commonPool-worker-1] INFO  segmented.SegmentedRaftLogWorker (SegmentedRaftLogWorker.java:close(228)) - 49960203-aee6-4047-85fd-ecacef3efebf@group-AC61B04265AD-SegmentedRaftLogWorker close()
2019-09-25 06:34:18,931 [main] INFO  util.JmxRegister (JmxRegister.java:unregister(73)) - Successfully un-registered JMX Bean with object name Ratis:service=RaftServer,group=group-DD2E0293C18B,id=313782b9-e18d-44cb-a4a7-8816635983d3
2019-09-25 06:34:18,931 [ForkJoinPool.commonPool-worker-1] INFO  impl.RaftServerImpl (RaftServerImpl.java:lambda$shutdown$3(251)) - 49960203-aee6-4047-85fd-ecacef3efebf@group-72492F3C7D30: shutdown
2019-09-25 06:34:18,931 [main] INFO  impl.RoleInfo (RoleInfo.java:shutdownLeaderState(104)) - 313782b9-e18d-44cb-a4a7-8816635983d3: shutdown LeaderState
2019-09-25 06:34:18,932 [ForkJoinPool.commonPool-worker-1] INFO  util.JmxRegister (JmxRegister.java:unregister(73)) - Successfully un-registered JMX Bean with object name Ratis:service=RaftServer,group=group-72492F3C7D30,id=49960203-aee6-4047-85fd-ecacef3efebf
2019-09-25 06:34:18,932 [main] INFO  impl.PendingRequests (PendingRequests.java:sendNotLeaderResponses(202)) - 313782b9-e18d-44cb-a4a7-8816635983d3-PendingRequests: sendNotLeaderResponses
2019-09-25 06:34:18,932 [ForkJoinPool.commonPool-worker-1] INFO  impl.RoleInfo (RoleInfo.java:shutdownLeaderState(104)) - 49960203-aee6-4047-85fd-ecacef3efebf: shutdown LeaderState
2019-09-25 06:34:18,932 [main] INFO  impl.StateMachineUpdater (StateMachineUpdater.java:stopAndJoin(125)) - 313782b9-e18d-44cb-a4a7-8816635983d3@group-DD2E0293C18B-StateMachineUpdater: set stopIndex = 0
2019-09-25 06:34:18,933 [main] INFO  impl.RaftServerImpl (ServerState.java:close(385)) - 313782b9-e18d-44cb-a4a7-8816635983d3@group-DD2E0293C18B: closes. applyIndex: 0
2019-09-25 06:34:18,933 [ForkJoinPool.commonPool-worker-1] INFO  impl.PendingRequests (PendingRequests.java:sendNotLeaderResponses(202)) - 49960203-aee6-4047-85fd-ecacef3efebf-PendingRequests: sendNotLeaderResponses
2019-09-25 06:34:18,933 [313782b9-e18d-44cb-a4a7-8816635983d3@group-DD2E0293C18B-SegmentedRaftLogWorker] INFO  segmented.SegmentedRaftLogWorker (SegmentedRaftLogWorker.java:run(313)) - 313782b9-e18d-44cb-a4a7-8816635983d3@group-DD2E0293C18B-SegmentedRaftLogWorker was interrupted, exiting. There are 0 tasks remaining in the queue.
2019-09-25 06:34:18,934 [ForkJoinPool.commonPool-worker-1] INFO  impl.StateMachineUpdater (StateMachineUpdater.java:stopAndJoin(125)) - 49960203-aee6-4047-85fd-ecacef3efebf@group-72492F3C7D30-StateMachineUpdater: set stopIndex = 0
2019-09-25 06:34:18,934 [main] INFO  segmented.SegmentedRaftLogWorker (SegmentedRaftLogWorker.java:close(228)) - 313782b9-e18d-44cb-a4a7-8816635983d3@group-DD2E0293C18B-SegmentedRaftLogWorker close()
2019-09-25 06:34:18,934 [ForkJoinPool.commonPool-worker-1] INFO  impl.RaftServerImpl (ServerState.java:close(385)) - 49960203-aee6-4047-85fd-ecacef3efebf@group-72492F3C7D30: closes. applyIndex: 0
2019-09-25 06:34:18,935 [main] INFO  impl.RaftServerImpl (RaftServerImpl.java:lambda$shutdown$3(251)) - 313782b9-e18d-44cb-a4a7-8816635983d3@group-1ACCDD21E46D: shutdown
2019-09-25 06:34:18,935 [49960203-aee6-4047-85fd-ecacef3efebf@group-72492F3C7D30-SegmentedRaftLogWorker] INFO  segmented.SegmentedRaftLogWorker (SegmentedRaftLogWorker.java:run(313)) - 49960203-aee6-4047-85fd-ecacef3efebf@group-72492F3C7D30-SegmentedRaftLogWorker was interrupted, exiting. There are 0 tasks remaining in the queue.
2019-09-25 06:34:18,935 [main] INFO  util.JmxRegister (JmxRegister.java:unregister(73)) - Successfully un-registered JMX Bean with object name Ratis:service=RaftServer,group=group-1ACCDD21E46D,id=313782b9-e18d-44cb-a4a7-8816635983d3
2019-09-25 06:34:18,935 [ForkJoinPool.commonPool-worker-1] INFO  segmented.SegmentedRaftLogWorker (SegmentedRaftLogWorker.java:close(228)) - 49960203-aee6-4047-85fd-ecacef3efebf@group-72492F3C7D30-SegmentedRaftLogWorker close()
2019-09-25 06:34:18,936 [main] INFO  impl.RoleInfo (RoleInfo.java:shutdownLeaderState(104)) - 313782b9-e18d-44cb-a4a7-8816635983d3: shutdown LeaderState
2019-09-25 06:34:18,936 [ForkJoinPool.commonPool-worker-1] INFO  impl.RaftServerImpl (RaftServerImpl.java:lambda$shutdown$3(251)) - 49960203-aee6-4047-85fd-ecacef3efebf@group-D919D7464917: shutdown
2019-09-25 06:34:18,936 [main] INFO  impl.PendingRequests (PendingRequests.java:sendNotLeaderResponses(202)) - 313782b9-e18d-44cb-a4a7-8816635983d3-PendingRequests: sendNotLeaderResponses
2019-09-25 06:34:18,937 [ForkJoinPool.commonPool-worker-1] INFO  util.JmxRegister (JmxRegister.java:unregister(73)) - Successfully un-registered JMX Bean with object name Ratis:service=RaftServer,group=group-D919D7464917,id=49960203-aee6-4047-85fd-ecacef3efebf
2019-09-25 06:34:18,937 [main] INFO  impl.StateMachineUpdater (StateMachineUpdater.java:stopAndJoin(125)) - 313782b9-e18d-44cb-a4a7-8816635983d3@group-1ACCDD21E46D-StateMachineUpdater: set stopIndex = 0
2019-09-25 06:34:18,938 [main] INFO  impl.RaftServerImpl (ServerState.java:close(385)) - 313782b9-e18d-44cb-a4a7-8816635983d3@group-1ACCDD21E46D: closes. applyIndex: 0
2019-09-25 06:34:18,937 [ForkJoinPool.commonPool-worker-1] INFO  impl.RoleInfo (RoleInfo.java:shutdownLeaderState(104)) - 49960203-aee6-4047-85fd-ecacef3efebf: shutdown LeaderState
2019-09-25 06:34:18,938 [313782b9-e18d-44cb-a4a7-8816635983d3@group-1ACCDD21E46D-SegmentedRaftLogWorker] INFO  segmented.SegmentedRaftLogWorker (SegmentedRaftLogWorker.java:run(313)) - 313782b9-e18d-44cb-a4a7-8816635983d3@group-1ACCDD21E46D-SegmentedRaftLogWorker was interrupted, exiting. There are 0 tasks remaining in the queue.
2019-09-25 06:34:18,938 [ForkJoinPool.commonPool-worker-1] INFO  impl.PendingRequests (PendingRequests.java:sendNotLeaderResponses(202)) - 49960203-aee6-4047-85fd-ecacef3efebf-PendingRequests: sendNotLeaderResponses
2019-09-25 06:34:18,938 [main] INFO  segmented.SegmentedRaftLogWorker (SegmentedRaftLogWorker.java:close(228)) - 313782b9-e18d-44cb-a4a7-8816635983d3@group-1ACCDD21E46D-SegmentedRaftLogWorker close()
2019-09-25 06:34:18,939 [ForkJoinPool.commonPool-worker-1] INFO  impl.StateMachineUpdater (StateMachineUpdater.java:stopAndJoin(125)) - 49960203-aee6-4047-85fd-ecacef3efebf@group-D919D7464917-StateMachineUpdater: set stopIndex = 0
2019-09-25 06:34:18,939 [main] INFO  impl.RaftServerImpl (RaftServerImpl.java:lambda$shutdown$3(251)) - 313782b9-e18d-44cb-a4a7-8816635983d3@group-56B299CA57A1: shutdown
2019-09-25 06:34:18,939 [ForkJoinPool.commonPool-worker-1] INFO  impl.RaftServerImpl (ServerState.java:close(385)) - 49960203-aee6-4047-85fd-ecacef3efebf@group-D919D7464917: closes. applyIndex: 0
2019-09-25 06:34:18,940 [main] INFO  util.JmxRegister (JmxRegister.java:unregister(73)) - Successfully un-registered JMX Bean with object name Ratis:service=RaftServer,group=group-56B299CA57A1,id=313782b9-e18d-44cb-a4a7-8816635983d3
2019-09-25 06:34:18,940 [49960203-aee6-4047-85fd-ecacef3efebf@group-D919D7464917-SegmentedRaftLogWorker] INFO  segmented.SegmentedRaftLogWorker (SegmentedRaftLogWorker.java:run(313)) - 49960203-aee6-4047-85fd-ecacef3efebf@group-D919D7464917-SegmentedRaftLogWorker was interrupted, exiting. There are 0 tasks remaining in the queue.
2019-09-25 06:34:18,940 [main] INFO  impl.RoleInfo (RoleInfo.java:shutdownLeaderState(104)) - 313782b9-e18d-44cb-a4a7-8816635983d3: shutdown LeaderState
2019-09-25 06:34:18,941 [ForkJoinPool.commonPool-worker-1] INFO  segmented.SegmentedRaftLogWorker (SegmentedRaftLogWorker.java:close(228)) - 49960203-aee6-4047-85fd-ecacef3efebf@group-D919D7464917-SegmentedRaftLogWorker close()
2019-09-25 06:34:18,941 [main] INFO  impl.PendingRequests (PendingRequests.java:sendNotLeaderResponses(202)) - 313782b9-e18d-44cb-a4a7-8816635983d3-PendingRequests: sendNotLeaderResponses
2019-09-25 06:34:18,941 [ForkJoinPool.commonPool-worker-1] INFO  impl.RaftServerImpl (RaftServerImpl.java:lambda$shutdown$3(251)) - 49960203-aee6-4047-85fd-ecacef3efebf@group-95DE5D47C8A8: shutdown
2019-09-25 06:34:18,942 [main] INFO  impl.StateMachineUpdater (StateMachineUpdater.java:stopAndJoin(125)) - 313782b9-e18d-44cb-a4a7-8816635983d3@group-56B299CA57A1-StateMachineUpdater: set stopIndex = 0
2019-09-25 06:34:18,942 [main] INFO  impl.RaftServerImpl (ServerState.java:close(385)) - 313782b9-e18d-44cb-a4a7-8816635983d3@group-56B299CA57A1: closes. applyIndex: 0
2019-09-25 06:34:18,942 [ForkJoinPool.commonPool-worker-1] INFO  util.JmxRegister (JmxRegister.java:unregister(73)) - Successfully un-registered JMX Bean with object name Ratis:service=RaftServer,group=group-95DE5D47C8A8,id=49960203-aee6-4047-85fd-ecacef3efebf
2019-09-25 06:34:18,943 [313782b9-e18d-44cb-a4a7-8816635983d3@group-56B299CA57A1-SegmentedRaftLogWorker] INFO  segmented.SegmentedRaftLogWorker (SegmentedRaftLogWorker.java:run(313)) - 313782b9-e18d-44cb-a4a7-8816635983d3@group-56B299CA57A1-SegmentedRaftLogWorker was interrupted, exiting. There are 0 tasks remaining in the queue.
2019-09-25 06:34:18,943 [ForkJoinPool.commonPool-worker-1] INFO  impl.RoleInfo (RoleInfo.java:shutdownLeaderState(104)) - 49960203-aee6-4047-85fd-ecacef3efebf: shutdown LeaderState
2019-09-25 06:34:18,943 [main] INFO  segmented.SegmentedRaftLogWorker (SegmentedRaftLogWorker.java:close(228)) - 313782b9-e18d-44cb-a4a7-8816635983d3@group-56B299CA57A1-SegmentedRaftLogWorker close()
2019-09-25 06:34:18,943 [ForkJoinPool.commonPool-worker-1] INFO  impl.PendingRequests (PendingRequests.java:sendNotLeaderResponses(202)) - 49960203-aee6-4047-85fd-ecacef3efebf-PendingRequests: sendNotLeaderResponses
2019-09-25 06:34:18,943 [main] INFO  impl.RaftServerImpl (RaftServerImpl.java:lambda$shutdown$3(251)) - 313782b9-e18d-44cb-a4a7-8816635983d3@group-D6FC75DBDD14: shutdown
2019-09-25 06:34:18,944 [ForkJoinPool.commonPool-worker-1] INFO  impl.StateMachineUpdater (StateMachineUpdater.java:stopAndJoin(125)) - 49960203-aee6-4047-85fd-ecacef3efebf@group-95DE5D47C8A8-StateMachineUpdater: set stopIndex = 0
2019-09-25 06:34:18,944 [main] INFO  util.JmxRegister (JmxRegister.java:unregister(73)) - Successfully un-registered JMX Bean with object name Ratis:service=RaftServer,group=group-D6FC75DBDD14,id=313782b9-e18d-44cb-a4a7-8816635983d3
2019-09-25 06:34:18,944 [ForkJoinPool.commonPool-worker-1] INFO  impl.RaftServerImpl (ServerState.java:close(385)) - 49960203-aee6-4047-85fd-ecacef3efebf@group-95DE5D47C8A8: closes. applyIndex: 0
2019-09-25 06:34:18,945 [main] INFO  impl.RoleInfo (RoleInfo.java:shutdownLeaderState(104)) - 313782b9-e18d-44cb-a4a7-8816635983d3: shutdown LeaderState
2019-09-25 06:34:18,945 [49960203-aee6-4047-85fd-ecacef3efebf@group-95DE5D47C8A8-SegmentedRaftLogWorker] INFO  segmented.SegmentedRaftLogWorker (SegmentedRaftLogWorker.java:run(313)) - 49960203-aee6-4047-85fd-ecacef3efebf@group-95DE5D47C8A8-SegmentedRaftLogWorker was interrupted, exiting. There are 0 tasks remaining in the queue.
2019-09-25 06:34:18,945 [main] INFO  impl.PendingRequests (PendingRequests.java:sendNotLeaderResponses(202)) - 313782b9-e18d-44cb-a4a7-8816635983d3-PendingRequests: sendNotLeaderResponses
2019-09-25 06:34:18,945 [ForkJoinPool.commonPool-worker-1] INFO  segmented.SegmentedRaftLogWorker (SegmentedRaftLogWorker.java:close(228)) - 49960203-aee6-4047-85fd-ecacef3efebf@group-95DE5D47C8A8-SegmentedRaftLogWorker close()
2019-09-25 06:34:18,946 [main] INFO  impl.StateMachineUpdater (StateMachineUpdater.java:stopAndJoin(125)) - 313782b9-e18d-44cb-a4a7-8816635983d3@group-D6FC75DBDD14-StateMachineUpdater: set stopIndex = 0
2019-09-25 06:34:18,946 [ForkJoinPool.commonPool-worker-1] INFO  impl.RaftServerImpl (RaftServerImpl.java:lambda$shutdown$3(251)) - 49960203-aee6-4047-85fd-ecacef3efebf@group-08330B6B6583: shutdown
2019-09-25 06:34:18,946 [main] INFO  impl.RaftServerImpl (ServerState.java:close(385)) - 313782b9-e18d-44cb-a4a7-8816635983d3@group-D6FC75DBDD14: closes. applyIndex: 0
2019-09-25 06:34:18,947 [ForkJoinPool.commonPool-worker-1] INFO  util.JmxRegister (JmxRegister.java:unregister(73)) - Successfully un-registered JMX Bean with object name Ratis:service=RaftServer,group=group-08330B6B6583,id=49960203-aee6-4047-85fd-ecacef3efebf
2019-09-25 06:34:18,947 [313782b9-e18d-44cb-a4a7-8816635983d3@group-D6FC75DBDD14-SegmentedRaftLogWorker] INFO  segmented.SegmentedRaftLogWorker (SegmentedRaftLogWorker.java:run(313)) - 313782b9-e18d-44cb-a4a7-8816635983d3@group-D6FC75DBDD14-SegmentedRaftLogWorker was interrupted, exiting. There are 0 tasks remaining in the queue.
2019-09-25 06:34:18,947 [ForkJoinPool.commonPool-worker-1] INFO  impl.RoleInfo (RoleInfo.java:shutdownLeaderState(104)) - 49960203-aee6-4047-85fd-ecacef3efebf: shutdown LeaderState
2019-09-25 06:34:18,947 [main] INFO  segmented.SegmentedRaftLogWorker (SegmentedRaftLogWorker.java:close(228)) - 313782b9-e18d-44cb-a4a7-8816635983d3@group-D6FC75DBDD14-SegmentedRaftLogWorker close()
2019-09-25 06:34:18,948 [ForkJoinPool.commonPool-worker-1] INFO  impl.PendingRequests (PendingRequests.java:sendNotLeaderResponses(202)) - 49960203-aee6-4047-85fd-ecacef3efebf-PendingRequests: sendNotLeaderResponses
2019-09-25 06:34:18,948 [main] INFO  impl.RaftServerImpl (RaftServerImpl.java:lambda$shutdown$3(251)) - 313782b9-e18d-44cb-a4a7-8816635983d3@group-A872D9AF1F24: shutdown
2019-09-25 06:34:18,948 [ForkJoinPool.commonPool-worker-1] INFO  impl.StateMachineUpdater (StateMachineUpdater.java:stopAndJoin(125)) - 49960203-aee6-4047-85fd-ecacef3efebf@group-08330B6B6583-StateMachineUpdater: set stopIndex = 0
2019-09-25 06:34:18,949 [main] INFO  util.JmxRegister (JmxRegister.java:unregister(73)) - Successfully un-registered JMX Bean with object name Ratis:service=RaftServer,group=group-A872D9AF1F24,id=313782b9-e18d-44cb-a4a7-8816635983d3
2019-09-25 06:34:18,949 [ForkJoinPool.commonPool-worker-1] INFO  impl.RaftServerImpl (ServerState.java:close(385)) - 49960203-aee6-4047-85fd-ecacef3efebf@group-08330B6B6583: closes. applyIndex: 0
2019-09-25 06:34:18,949 [main] INFO  impl.RoleInfo (RoleInfo.java:shutdownLeaderState(104)) - 313782b9-e18d-44cb-a4a7-8816635983d3: shutdown LeaderState
2019-09-25 06:34:18,949 [49960203-aee6-4047-85fd-ecacef3efebf@group-08330B6B6583-SegmentedRaftLogWorker] INFO  segmented.SegmentedRaftLogWorker (SegmentedRaftLogWorker.java:run(313)) - 49960203-aee6-4047-85fd-ecacef3efebf@group-08330B6B6583-SegmentedRaftLogWorker was interrupted, exiting. There are 0 tasks remaining in the queue.
2019-09-25 06:34:18,950 [main] INFO  impl.PendingRequests (PendingRequests.java:sendNotLeaderResponses(202)) - 313782b9-e18d-44cb-a4a7-8816635983d3-PendingRequests: sendNotLeaderResponses
2019-09-25 06:34:18,950 [ForkJoinPool.commonPool-worker-1] INFO  segmented.SegmentedRaftLogWorker (SegmentedRaftLogWorker.java:close(228)) - 49960203-aee6-4047-85fd-ecacef3efebf@group-08330B6B6583-SegmentedRaftLogWorker close()
2019-09-25 06:34:18,950 [main] INFO  impl.StateMachineUpdater (StateMachineUpdater.java:stopAndJoin(125)) - 313782b9-e18d-44cb-a4a7-8816635983d3@group-A872D9AF1F24-StateMachineUpdater: set stopIndex = 0
2019-09-25 06:34:18,951 [ForkJoinPool.commonPool-worker-1] INFO  impl.RaftServerImpl (RaftServerImpl.java:lambda$shutdown$3(251)) - 49960203-aee6-4047-85fd-ecacef3efebf@group-067E227E8922: shutdown
2019-09-25 06:34:18,951 [main] INFO  impl.RaftServerImpl (ServerState.java:close(385)) - 313782b9-e18d-44cb-a4a7-8816635983d3@group-A872D9AF1F24: closes. applyIndex: 0
2019-09-25 06:34:18,951 [ForkJoinPool.commonPool-worker-1] INFO  util.JmxRegister (JmxRegister.java:unregister(73)) - Successfully un-registered JMX Bean with object name Ratis:service=RaftServer,group=group-067E227E8922,id=49960203-aee6-4047-85fd-ecacef3efebf
2019-09-25 06:34:18,952 [ForkJoinPool.commonPool-worker-1] INFO  impl.RoleInfo (RoleInfo.java:shutdownLeaderState(104)) - 49960203-aee6-4047-85fd-ecacef3efebf: shutdown LeaderState
2019-09-25 06:34:18,951 [313782b9-e18d-44cb-a4a7-8816635983d3@group-A872D9AF1F24-SegmentedRaftLogWorker] INFO  segmented.SegmentedRaftLogWorker (SegmentedRaftLogWorker.java:run(313)) - 313782b9-e18d-44cb-a4a7-8816635983d3@group-A872D9AF1F24-SegmentedRaftLogWorker was interrupted, exiting. There are 0 tasks remaining in the queue.
2019-09-25 06:34:18,952 [ForkJoinPool.commonPool-worker-1] INFO  impl.PendingRequests (PendingRequests.java:sendNotLeaderResponses(202)) - 49960203-aee6-4047-85fd-ecacef3efebf-PendingRequests: sendNotLeaderResponses
2019-09-25 06:34:18,952 [main] INFO  segmented.SegmentedRaftLogWorker (SegmentedRaftLogWorker.java:close(228)) - 313782b9-e18d-44cb-a4a7-8816635983d3@group-A872D9AF1F24-SegmentedRaftLogWorker close()
2019-09-25 06:34:18,952 [ForkJoinPool.commonPool-worker-1] INFO  impl.StateMachineUpdater (StateMachineUpdater.java:stopAndJoin(125)) - 49960203-aee6-4047-85fd-ecacef3efebf@group-067E227E8922-StateMachineUpdater: set stopIndex = 0
2019-09-25 06:34:18,953 [main] INFO  server.GrpcService (GrpcService.java:closeImpl(164)) - 313782b9-e18d-44cb-a4a7-8816635983d3: shutdown server with port 33244 now
2019-09-25 06:34:18,953 [ForkJoinPool.commonPool-worker-1] INFO  impl.RaftServerImpl (ServerState.java:close(385)) - 49960203-aee6-4047-85fd-ecacef3efebf@group-067E227E8922: closes. applyIndex: 0
2019-09-25 06:34:18,957 [49960203-aee6-4047-85fd-ecacef3efebf@group-067E227E8922-SegmentedRaftLogWorker] INFO  segmented.SegmentedRaftLogWorker (SegmentedRaftLogWorker.java:run(313)) - 49960203-aee6-4047-85fd-ecacef3efebf@group-067E227E8922-SegmentedRaftLogWorker was interrupted, exiting. There are 0 tasks remaining in the queue.
2019-09-25 06:34:18,958 [ForkJoinPool.commonPool-worker-1] INFO  segmented.SegmentedRaftLogWorker (SegmentedRaftLogWorker.java:close(228)) - 49960203-aee6-4047-85fd-ecacef3efebf@group-067E227E8922-SegmentedRaftLogWorker close()
2019-09-25 06:34:18,958 [ForkJoinPool.commonPool-worker-1] INFO  impl.RaftServerImpl (RaftServerImpl.java:lambda$shutdown$3(251)) - 49960203-aee6-4047-85fd-ecacef3efebf@group-8FB31ACDEDC4: shutdown
2019-09-25 06:34:18,958 [ForkJoinPool.commonPool-worker-1] INFO  util.JmxRegister (JmxRegister.java:unregister(73)) - Successfully un-registered JMX Bean with object name Ratis:service=RaftServer,group=group-8FB31ACDEDC4,id=49960203-aee6-4047-85fd-ecacef3efebf
2019-09-25 06:34:18,959 [ForkJoinPool.commonPool-worker-1] INFO  impl.RoleInfo (RoleInfo.java:shutdownLeaderState(104)) - 49960203-aee6-4047-85fd-ecacef3efebf: shutdown LeaderState
2019-09-25 06:34:18,959 [ForkJoinPool.commonPool-worker-1] INFO  impl.PendingRequests (PendingRequests.java:sendNotLeaderResponses(202)) - 49960203-aee6-4047-85fd-ecacef3efebf-PendingRequests: sendNotLeaderResponses
2019-09-25 06:34:18,959 [ForkJoinPool.commonPool-worker-1] INFO  impl.StateMachineUpdater (StateMachineUpdater.java:stopAndJoin(125)) - 49960203-aee6-4047-85fd-ecacef3efebf@group-8FB31ACDEDC4-StateMachineUpdater: set stopIndex = 0
2019-09-25 06:34:18,959 [ForkJoinPool.commonPool-worker-1] INFO  impl.RaftServerImpl (ServerState.java:close(385)) - 49960203-aee6-4047-85fd-ecacef3efebf@group-8FB31ACDEDC4: closes. applyIndex: 0
2019-09-25 06:34:18,960 [49960203-aee6-4047-85fd-ecacef3efebf@group-8FB31ACDEDC4-SegmentedRaftLogWorker] INFO  segmented.SegmentedRaftLogWorker (SegmentedRaftLogWorker.java:run(313)) - 49960203-aee6-4047-85fd-ecacef3efebf@group-8FB31ACDEDC4-SegmentedRaftLogWorker was interrupted, exiting. There are 0 tasks remaining in the queue.
2019-09-25 06:34:18,960 [ForkJoinPool.commonPool-worker-1] INFO  segmented.SegmentedRaftLogWorker (SegmentedRaftLogWorker.java:close(228)) - 49960203-aee6-4047-85fd-ecacef3efebf@group-8FB31ACDEDC4-SegmentedRaftLogWorker close()
2019-09-25 06:34:18,960 [ForkJoinPool.commonPool-worker-1] INFO  server.GrpcService (GrpcService.java:closeImpl(164)) - 49960203-aee6-4047-85fd-ecacef3efebf: shutdown server with port 34853 now
2019-09-25 06:34:18,965 [main] INFO  server.GrpcService (GrpcService.java:closeImpl(172)) - 313782b9-e18d-44cb-a4a7-8816635983d3: shutdown server with port 33244 successfully
2019-09-25 06:34:18,965 [ForkJoinPool.commonPool-worker-1] INFO  server.GrpcService (GrpcService.java:closeImpl(172)) - 49960203-aee6-4047-85fd-ecacef3efebf: shutdown server with port 34853 successfully
2019-09-25 06:34:18,966 [grpc-default-executor-3] WARN  server.GrpcLogAppender (LogUtils.java:warn(134)) - 81f06f72-72c9-4329-855f-4bc73f7e5da2@group-AC61B04265AD->313782b9-e18d-44cb-a4a7-8816635983d3-AppendLogResponseHandler: Failed appendEntries: org.apache.ratis.thirdparty.io.grpc.StatusRuntimeException: CANCELLED: HTTP/2 error code: CANCEL
Received Rst Stream
2019-09-25 06:34:18,966 [grpc-default-executor-0] WARN  server.GrpcLogAppender (LogUtils.java:warn(134)) - 81f06f72-72c9-4329-855f-4bc73f7e5da2@group-AC61B04265AD->49960203-aee6-4047-85fd-ecacef3efebf-AppendLogResponseHandler: Failed appendEntries: org.apache.ratis.thirdparty.io.grpc.StatusRuntimeException: CANCELLED: HTTP/2 error code: CANCEL
Received Rst Stream
2019-09-25 06:34:18,966 [grpc-default-executor-2] WARN  server.GrpcServerProtocolService (LogUtils.java:warn(134)) - 313782b9-e18d-44cb-a4a7-8816635983d3: installSnapshot onError, lastRequest: 81f06f72-72c9-4329-855f-4bc73f7e5da2->313782b9-e18d-44cb-a4a7-8816635983d3#1-t3, previous=(t:0, i:0), leaderCommit=0, initializing? false, entries: size=1, first=(t:3, i:0), CONFIGURATIONENTRY: org.apache.ratis.thirdparty.io.grpc.StatusRuntimeException: CANCELLED: cancelled before receiving half close
2019-09-25 06:34:18,966 [grpc-default-executor-5] WARN  server.GrpcServerProtocolService (LogUtils.java:warn(134)) - 49960203-aee6-4047-85fd-ecacef3efebf: installSnapshot onError, lastRequest: 81f06f72-72c9-4329-855f-4bc73f7e5da2->49960203-aee6-4047-85fd-ecacef3efebf#1-t3, previous=(t:0, i:0), leaderCommit=0, initializing? false, entries: size=1, first=(t:3, i:0), CONFIGURATIONENTRY: org.apache.ratis.thirdparty.io.grpc.StatusRuntimeException: CANCELLED: cancelled before receiving half close
2019-09-25 06:34:18,973 [grpc-default-executor-0] INFO  impl.FollowerInfo (FollowerInfo.java:lambda$new$0(51)) - 81f06f72-72c9-4329-855f-4bc73f7e5da2@group-AC61B04265AD->49960203-aee6-4047-85fd-ecacef3efebf: nextIndex: updateUnconditionally 1 -> 0
2019-09-25 06:34:18,973 [refreshUsed-/workdir/hadoop-ozone/ozonefs/target/test-dir/MiniOzoneClusterImpl-d97e1daa-6e0c-4900-b1c9-997de4e3459a/datanode-8/data/containers] WARN  fs.CachingGetSpaceUsed (CachingGetSpaceUsed.java:run(183)) - Thread Interrupted waiting to refresh disk information: sleep interrupted
2019-09-25 06:34:18,973 [grpc-default-executor-3] INFO  impl.FollowerInfo (FollowerInfo.java:lambda$new$0(51)) - 81f06f72-72c9-4329-855f-4bc73f7e5da2@group-AC61B04265AD->313782b9-e18d-44cb-a4a7-8816635983d3: nextIndex: updateUnconditionally 1 -> 0
2019-09-25 06:34:18,977 [refreshUsed-/workdir/hadoop-ozone/ozonefs/target/test-dir/MiniOzoneClusterImpl-d97e1daa-6e0c-4900-b1c9-997de4e3459a/datanode-4/data/containers] WARN  fs.CachingGetSpaceUsed (CachingGetSpaceUsed.java:run(183)) - Thread Interrupted waiting to refresh disk information: sleep interrupted
2019-09-25 06:34:19,003 [ForkJoinPool.commonPool-worker-1] INFO  utils.BackgroundService (BackgroundService.java:shutdown(148)) - Shutting down service BlockDeletingService
2019-09-25 06:34:19,003 [main] INFO  utils.BackgroundService (BackgroundService.java:shutdown(148)) - Shutting down service BlockDeletingService
2019-09-25 06:34:19,008 [ForkJoinPool.commonPool-worker-1] INFO  statemachine.DatanodeStateMachine (DatanodeStateMachine.java:stopDaemon(395)) - Ozone container server stopped.
2019-09-25 06:34:19,012 [main] INFO  statemachine.DatanodeStateMachine (DatanodeStateMachine.java:stopDaemon(395)) - Ozone container server stopped.
2019-09-25 06:34:19,015 [main] INFO  handler.ContextHandler (ContextHandler.java:doStop(910)) - Stopped o.e.j.w.WebAppContext@6c5ddccd{/,null,UNAVAILABLE}{/hddsDatanode}
2019-09-25 06:34:19,016 [ForkJoinPool.commonPool-worker-1] INFO  handler.ContextHandler (ContextHandler.java:doStop(910)) - Stopped o.e.j.w.WebAppContext@37b52340{/,null,UNAVAILABLE}{/hddsDatanode}
2019-09-25 06:34:19,017 [main] INFO  server.AbstractConnector (AbstractConnector.java:doStop(318)) - Stopped ServerConnector@1dbd580{HTTP/1.1,[http/1.1]}{0.0.0.0:0}
2019-09-25 06:34:19,017 [ForkJoinPool.commonPool-worker-1] INFO  server.AbstractConnector (AbstractConnector.java:doStop(318)) - Stopped ServerConnector@663bb8ef{HTTP/1.1,[http/1.1]}{0.0.0.0:0}
2019-09-25 06:34:19,017 [main] INFO  handler.ContextHandler (ContextHandler.java:doStop(910)) - Stopped o.e.j.s.ServletContextHandler@78b612c6{/static,jar:file:/home/user/.m2/repository/org/apache/hadoop/hadoop-hdds-container-service/0.5.0-SNAPSHOT/hadoop-hdds-container-service-0.5.0-SNAPSHOT.jar!/webapps/static,UNAVAILABLE}
2019-09-25 06:34:19,019 [ForkJoinPool.commonPool-worker-1] INFO  handler.ContextHandler (ContextHandler.java:doStop(910)) - Stopped o.e.j.s.ServletContextHandler@b9a77c8{/static,jar:file:/home/user/.m2/repository/org/apache/hadoop/hadoop-hdds-container-service/0.5.0-SNAPSHOT/hadoop-hdds-container-service-0.5.0-SNAPSHOT.jar!/webapps/static,UNAVAILABLE}
2019-09-25 06:34:19,019 [main] INFO  handler.ContextHandler (ContextHandler.java:doStop(910)) - Stopped o.e.j.s.ServletContextHandler@38e7ed69{/logs,file:///workdir/hadoop-ozone/ozonefs/target/log,UNAVAILABLE}
2019-09-25 06:34:19,021 [ForkJoinPool.commonPool-worker-1] INFO  handler.ContextHandler (ContextHandler.java:doStop(910)) - Stopped o.e.j.s.ServletContextHandler@2cc75074{/logs,file:///workdir/hadoop-ozone/ozonefs/target/log,UNAVAILABLE}
2019-09-25 06:34:19,244 [Datanode State Machine Thread - 0] INFO  statemachine.DatanodeStateMachine (DatanodeStateMachine.java:lambda$startDaemon$0(350)) - Ozone container server started.
2019-09-25 06:34:19,245 [Datanode State Machine Thread - 0] INFO  statemachine.DatanodeStateMachine (DatanodeStateMachine.java:lambda$startDaemon$0(350)) - Ozone container server started.
2019-09-25 06:34:21,014 [grpc-default-executor-0] WARN  server.GrpcLogAppender (LogUtils.java:warn(134)) - 81f06f72-72c9-4329-855f-4bc73f7e5da2@group-AC61B04265AD->313782b9-e18d-44cb-a4a7-8816635983d3-AppendLogResponseHandler: Failed appendEntries: org.apache.ratis.thirdparty.io.grpc.StatusRuntimeException: UNAVAILABLE: io exception
2019-09-25 06:34:21,014 [grpc-default-executor-3] WARN  server.GrpcLogAppender (LogUtils.java:warn(134)) - 81f06f72-72c9-4329-855f-4bc73f7e5da2@group-AC61B04265AD->49960203-aee6-4047-85fd-ecacef3efebf-AppendLogResponseHandler: Failed appendEntries: org.apache.ratis.thirdparty.io.grpc.StatusRuntimeException: UNAVAILABLE: io exception
2019-09-25 06:34:21,017 [grpc-default-executor-0] INFO  impl.FollowerInfo (FollowerInfo.java:lambda$new$0(51)) - 81f06f72-72c9-4329-855f-4bc73f7e5da2@group-AC61B04265AD->313782b9-e18d-44cb-a4a7-8816635983d3: nextIndex: updateUnconditionally 0 -> 0
2019-09-25 06:34:21,019 [grpc-default-executor-3] INFO  impl.FollowerInfo (FollowerInfo.java:lambda$new$0(51)) - 81f06f72-72c9-4329-855f-4bc73f7e5da2@group-AC61B04265AD->49960203-aee6-4047-85fd-ecacef3efebf: nextIndex: updateUnconditionally 0 -> 0
2019-09-25 06:34:23,507 [grpc-default-executor-1] WARN  server.GrpcLogAppender (LogUtils.java:warn(134)) - 81f06f72-72c9-4329-855f-4bc73f7e5da2@group-AC61B04265AD->49960203-aee6-4047-85fd-ecacef3efebf-AppendLogResponseHandler: Failed appendEntries: org.apache.ratis.thirdparty.io.grpc.StatusRuntimeException: UNAVAILABLE: io exception
2019-09-25 06:34:23,507 [grpc-default-executor-2] WARN  server.GrpcLogAppender (LogUtils.java:warn(134)) - 81f06f72-72c9-4329-855f-4bc73f7e5da2@group-AC61B04265AD->313782b9-e18d-44cb-a4a7-8816635983d3-AppendLogResponseHandler: Failed appendEntries: org.apache.ratis.thirdparty.io.grpc.StatusRuntimeException: UNAVAILABLE: io exception
2019-09-25 06:34:23,510 [grpc-default-executor-1] INFO  impl.FollowerInfo (FollowerInfo.java:lambda$new$0(51)) - 81f06f72-72c9-4329-855f-4bc73f7e5da2@group-AC61B04265AD->49960203-aee6-4047-85fd-ecacef3efebf: nextIndex: updateUnconditionally 0 -> 0
2019-09-25 06:34:23,512 [grpc-default-executor-2] INFO  impl.FollowerInfo (FollowerInfo.java:lambda$new$0(51)) - 81f06f72-72c9-4329-855f-4bc73f7e5da2@group-AC61B04265AD->313782b9-e18d-44cb-a4a7-8816635983d3: nextIndex: updateUnconditionally 0 -> 0
2019-09-25 06:34:24,023 [main] INFO  ozoneimpl.OzoneContainer (OzoneContainer.java:stop(231)) - Attempting to stop container services.
2019-09-25 06:34:24,024 [ForkJoinPool.commonPool-worker-1] INFO  ozoneimpl.OzoneContainer (OzoneContainer.java:stop(231)) - Attempting to stop container services.
2019-09-25 06:34:24,024 [main] INFO  impl.RaftServerProxy (RaftServerProxy.java:lambda$close$4(314)) - 9f1e8130-5807-4ed4-a5b5-273b79efb982: close
2019-09-25 06:34:24,024 [ForkJoinPool.commonPool-worker-1] INFO  impl.RaftServerProxy (RaftServerProxy.java:lambda$close$4(314)) - 81f06f72-72c9-4329-855f-4bc73f7e5da2: close
2019-09-25 06:34:24,025 [main] INFO  impl.RaftServerImpl (RaftServerImpl.java:lambda$shutdown$3(251)) - 9f1e8130-5807-4ed4-a5b5-273b79efb982@group-6F9D63031104: shutdown
2019-09-25 06:34:24,025 [ForkJoinPool.commonPool-worker-1] INFO  impl.RaftServerImpl (RaftServerImpl.java:lambda$shutdown$3(251)) - 81f06f72-72c9-4329-855f-4bc73f7e5da2@group-3D29C8EE3A09: shutdown
2019-09-25 06:34:24,025 [main] INFO  util.JmxRegister (JmxRegister.java:unregister(73)) - Successfully un-registered JMX Bean with object name Ratis:service=RaftServer,group=group-6F9D63031104,id=9f1e8130-5807-4ed4-a5b5-273b79efb982
2019-09-25 06:34:24,025 [ForkJoinPool.commonPool-worker-1] INFO  util.JmxRegister (JmxRegister.java:unregister(73)) - Successfully un-registered JMX Bean with object name Ratis:service=RaftServer,group=group-3D29C8EE3A09,id=81f06f72-72c9-4329-855f-4bc73f7e5da2
2019-09-25 06:34:24,026 [main] INFO  impl.RoleInfo (RoleInfo.java:shutdownLeaderState(104)) - 9f1e8130-5807-4ed4-a5b5-273b79efb982: shutdown LeaderState
2019-09-25 06:34:24,026 [ForkJoinPool.commonPool-worker-1] INFO  impl.RoleInfo (RoleInfo.java:shutdownLeaderState(104)) - 81f06f72-72c9-4329-855f-4bc73f7e5da2: shutdown LeaderState
2019-09-25 06:34:24,026 [main] INFO  impl.PendingRequests (PendingRequests.java:sendNotLeaderResponses(202)) - 9f1e8130-5807-4ed4-a5b5-273b79efb982-PendingRequests: sendNotLeaderResponses
2019-09-25 06:34:24,027 [ForkJoinPool.commonPool-worker-1] INFO  impl.PendingRequests (PendingRequests.java:sendNotLeaderResponses(202)) - 81f06f72-72c9-4329-855f-4bc73f7e5da2-PendingRequests: sendNotLeaderResponses
2019-09-25 06:34:24,027 [main] INFO  impl.StateMachineUpdater (StateMachineUpdater.java:stopAndJoin(125)) - 9f1e8130-5807-4ed4-a5b5-273b79efb982@group-6F9D63031104-StateMachineUpdater: set stopIndex = 0
2019-09-25 06:34:24,027 [ForkJoinPool.commonPool-worker-1] INFO  impl.StateMachineUpdater (StateMachineUpdater.java:stopAndJoin(125)) - 81f06f72-72c9-4329-855f-4bc73f7e5da2@group-3D29C8EE3A09-StateMachineUpdater: set stopIndex = 0
2019-09-25 06:34:24,028 [main] INFO  impl.RaftServerImpl (ServerState.java:close(385)) - 9f1e8130-5807-4ed4-a5b5-273b79efb982@group-6F9D63031104: closes. applyIndex: 0
2019-09-25 06:34:24,028 [ForkJoinPool.commonPool-worker-1] INFO  impl.RaftServerImpl (ServerState.java:close(385)) - 81f06f72-72c9-4329-855f-4bc73f7e5da2@group-3D29C8EE3A09: closes. applyIndex: 0
2019-09-25 06:34:24,028 [9f1e8130-5807-4ed4-a5b5-273b79efb982@group-6F9D63031104-SegmentedRaftLogWorker] INFO  segmented.SegmentedRaftLogWorker (SegmentedRaftLogWorker.java:run(313)) - 9f1e8130-5807-4ed4-a5b5-273b79efb982@group-6F9D63031104-SegmentedRaftLogWorker was interrupted, exiting. There are 0 tasks remaining in the queue.
2019-09-25 06:34:24,029 [81f06f72-72c9-4329-855f-4bc73f7e5da2@group-3D29C8EE3A09-SegmentedRaftLogWorker] INFO  segmented.SegmentedRaftLogWorker (SegmentedRaftLogWorker.java:run(313)) - 81f06f72-72c9-4329-855f-4bc73f7e5da2@group-3D29C8EE3A09-SegmentedRaftLogWorker was interrupted, exiting. There are 0 tasks remaining in the queue.
2019-09-25 06:34:24,029 [main] INFO  segmented.SegmentedRaftLogWorker (SegmentedRaftLogWorker.java:close(228)) - 9f1e8130-5807-4ed4-a5b5-273b79efb982@group-6F9D63031104-SegmentedRaftLogWorker close()
2019-09-25 06:34:24,029 [ForkJoinPool.commonPool-worker-1] INFO  segmented.SegmentedRaftLogWorker (SegmentedRaftLogWorker.java:close(228)) - 81f06f72-72c9-4329-855f-4bc73f7e5da2@group-3D29C8EE3A09-SegmentedRaftLogWorker close()
2019-09-25 06:34:24,029 [main] INFO  impl.RaftServerImpl (RaftServerImpl.java:lambda$shutdown$3(251)) - 9f1e8130-5807-4ed4-a5b5-273b79efb982@group-524783405F08: shutdown
2019-09-25 06:34:24,030 [ForkJoinPool.commonPool-worker-1] INFO  impl.RaftServerImpl (RaftServerImpl.java:lambda$shutdown$3(251)) - 81f06f72-72c9-4329-855f-4bc73f7e5da2@group-AC61B04265AD: shutdown
2019-09-25 06:34:24,030 [main] INFO  util.JmxRegister (JmxRegister.java:unregister(73)) - Successfully un-registered JMX Bean with object name Ratis:service=RaftServer,group=group-524783405F08,id=9f1e8130-5807-4ed4-a5b5-273b79efb982
2019-09-25 06:34:24,030 [ForkJoinPool.commonPool-worker-1] INFO  util.JmxRegister (JmxRegister.java:unregister(73)) - Successfully un-registered JMX Bean with object name Ratis:service=RaftServer,group=group-AC61B04265AD,id=81f06f72-72c9-4329-855f-4bc73f7e5da2
2019-09-25 06:34:24,031 [main] INFO  impl.RoleInfo (RoleInfo.java:shutdownLeaderState(104)) - 9f1e8130-5807-4ed4-a5b5-273b79efb982: shutdown LeaderState
2019-09-25 06:34:24,031 [ForkJoinPool.commonPool-worker-1] INFO  impl.RoleInfo (RoleInfo.java:shutdownLeaderState(104)) - 81f06f72-72c9-4329-855f-4bc73f7e5da2: shutdown LeaderState
2019-09-25 06:34:24,031 [main] INFO  impl.PendingRequests (PendingRequests.java:sendNotLeaderResponses(202)) - 9f1e8130-5807-4ed4-a5b5-273b79efb982-PendingRequests: sendNotLeaderResponses
2019-09-25 06:34:24,036 [org.apache.ratis.server.impl.LogAppender$AppenderDaemon$$Lambda$753/2050714576@1303a7e1] WARN  server.GrpcLogAppender (GrpcLogAppender.java:mayWait(143)) - 81f06f72-72c9-4329-855f-4bc73f7e5da2@group-AC61B04265AD->313782b9-e18d-44cb-a4a7-8816635983d3-GrpcLogAppender: Wait interrupted by java.lang.InterruptedException
2019-09-25 06:34:24,036 [org.apache.ratis.server.impl.LogAppender$AppenderDaemon$$Lambda$753/2050714576@5313b2b7] WARN  server.GrpcLogAppender (GrpcLogAppender.java:mayWait(143)) - 81f06f72-72c9-4329-855f-4bc73f7e5da2@group-AC61B04265AD->49960203-aee6-4047-85fd-ecacef3efebf-GrpcLogAppender: Wait interrupted by java.lang.InterruptedException
2019-09-25 06:34:24,036 [ForkJoinPool.commonPool-worker-1] INFO  impl.PendingRequests (PendingRequests.java:sendNotLeaderResponses(202)) - 81f06f72-72c9-4329-855f-4bc73f7e5da2-PendingRequests: sendNotLeaderResponses
2019-09-25 06:34:24,036 [main] INFO  impl.StateMachineUpdater (StateMachineUpdater.java:stopAndJoin(125)) - 9f1e8130-5807-4ed4-a5b5-273b79efb982@group-524783405F08-StateMachineUpdater: set stopIndex = 0
2019-09-25 06:34:24,037 [ForkJoinPool.commonPool-worker-1] INFO  impl.StateMachineUpdater (StateMachineUpdater.java:stopAndJoin(125)) - 81f06f72-72c9-4329-855f-4bc73f7e5da2@group-AC61B04265AD-StateMachineUpdater: set stopIndex = 0
2019-09-25 06:34:24,037 [main] INFO  impl.RaftServerImpl (ServerState.java:close(385)) - 9f1e8130-5807-4ed4-a5b5-273b79efb982@group-524783405F08: closes. applyIndex: 0
2019-09-25 06:34:24,037 [ForkJoinPool.commonPool-worker-1] INFO  impl.RaftServerImpl (ServerState.java:close(385)) - 81f06f72-72c9-4329-855f-4bc73f7e5da2@group-AC61B04265AD: closes. applyIndex: 0
2019-09-25 06:34:24,038 [9f1e8130-5807-4ed4-a5b5-273b79efb982@group-524783405F08-SegmentedRaftLogWorker] INFO  segmented.SegmentedRaftLogWorker (SegmentedRaftLogWorker.java:run(313)) - 9f1e8130-5807-4ed4-a5b5-273b79efb982@group-524783405F08-SegmentedRaftLogWorker was interrupted, exiting. There are 0 tasks remaining in the queue.
2019-09-25 06:34:24,038 [81f06f72-72c9-4329-855f-4bc73f7e5da2@group-AC61B04265AD-SegmentedRaftLogWorker] INFO  segmented.SegmentedRaftLogWorker (SegmentedRaftLogWorker.java:run(313)) - 81f06f72-72c9-4329-855f-4bc73f7e5da2@group-AC61B04265AD-SegmentedRaftLogWorker was interrupted, exiting. There are 0 tasks remaining in the queue.
2019-09-25 06:34:24,038 [main] INFO  segmented.SegmentedRaftLogWorker (SegmentedRaftLogWorker.java:close(228)) - 9f1e8130-5807-4ed4-a5b5-273b79efb982@group-524783405F08-SegmentedRaftLogWorker close()
2019-09-25 06:34:24,040 [ForkJoinPool.commonPool-worker-1] INFO  segmented.SegmentedRaftLogWorker (SegmentedRaftLogWorker.java:close(228)) - 81f06f72-72c9-4329-855f-4bc73f7e5da2@group-AC61B04265AD-SegmentedRaftLogWorker close()
2019-09-25 06:34:24,040 [main] INFO  impl.RaftServerImpl (RaftServerImpl.java:lambda$shutdown$3(251)) - 9f1e8130-5807-4ed4-a5b5-273b79efb982@group-E8FD0F436770: shutdown
2019-09-25 06:34:24,041 [ForkJoinPool.commonPool-worker-1] INFO  impl.RaftServerImpl (RaftServerImpl.java:lambda$shutdown$3(251)) - 81f06f72-72c9-4329-855f-4bc73f7e5da2@group-864BC70F4916: shutdown
2019-09-25 06:34:24,041 [main] INFO  util.JmxRegister (JmxRegister.java:unregister(73)) - Successfully un-registered JMX Bean with object name Ratis:service=RaftServer,group=group-E8FD0F436770,id=9f1e8130-5807-4ed4-a5b5-273b79efb982
2019-09-25 06:34:24,041 [ForkJoinPool.commonPool-worker-1] INFO  util.JmxRegister (JmxRegister.java:unregister(73)) - Successfully un-registered JMX Bean with object name Ratis:service=RaftServer,group=group-864BC70F4916,id=81f06f72-72c9-4329-855f-4bc73f7e5da2
2019-09-25 06:34:24,042 [main] INFO  impl.RoleInfo (RoleInfo.java:shutdownLeaderState(104)) - 9f1e8130-5807-4ed4-a5b5-273b79efb982: shutdown LeaderState
2019-09-25 06:34:24,042 [ForkJoinPool.commonPool-worker-1] INFO  impl.RoleInfo (RoleInfo.java:shutdownLeaderState(104)) - 81f06f72-72c9-4329-855f-4bc73f7e5da2: shutdown LeaderState
2019-09-25 06:34:24,042 [main] INFO  impl.PendingRequests (PendingRequests.java:sendNotLeaderResponses(202)) - 9f1e8130-5807-4ed4-a5b5-273b79efb982-PendingRequests: sendNotLeaderResponses
2019-09-25 06:34:24,042 [ForkJoinPool.commonPool-worker-1] INFO  impl.PendingRequests (PendingRequests.java:sendNotLeaderResponses(202)) - 81f06f72-72c9-4329-855f-4bc73f7e5da2-PendingRequests: sendNotLeaderResponses
2019-09-25 06:34:24,043 [main] INFO  impl.StateMachineUpdater (StateMachineUpdater.java:stopAndJoin(125)) - 9f1e8130-5807-4ed4-a5b5-273b79efb982@group-E8FD0F436770-StateMachineUpdater: set stopIndex = 0
2019-09-25 06:34:24,043 [ForkJoinPool.commonPool-worker-1] INFO  impl.StateMachineUpdater (StateMachineUpdater.java:stopAndJoin(125)) - 81f06f72-72c9-4329-855f-4bc73f7e5da2@group-864BC70F4916-StateMachineUpdater: set stopIndex = 0
2019-09-25 06:34:24,043 [main] INFO  impl.RaftServerImpl (ServerState.java:close(385)) - 9f1e8130-5807-4ed4-a5b5-273b79efb982@group-E8FD0F436770: closes. applyIndex: 0
2019-09-25 06:34:24,044 [ForkJoinPool.commonPool-worker-1] INFO  impl.RaftServerImpl (ServerState.java:close(385)) - 81f06f72-72c9-4329-855f-4bc73f7e5da2@group-864BC70F4916: closes. applyIndex: 0
2019-09-25 06:34:24,044 [9f1e8130-5807-4ed4-a5b5-273b79efb982@group-E8FD0F436770-SegmentedRaftLogWorker] INFO  segmented.SegmentedRaftLogWorker (SegmentedRaftLogWorker.java:run(313)) - 9f1e8130-5807-4ed4-a5b5-273b79efb982@group-E8FD0F436770-SegmentedRaftLogWorker was interrupted, exiting. There are 0 tasks remaining in the queue.
2019-09-25 06:34:24,044 [81f06f72-72c9-4329-855f-4bc73f7e5da2@group-864BC70F4916-SegmentedRaftLogWorker] INFO  segmented.SegmentedRaftLogWorker (SegmentedRaftLogWorker.java:run(313)) - 81f06f72-72c9-4329-855f-4bc73f7e5da2@group-864BC70F4916-SegmentedRaftLogWorker was interrupted, exiting. There are 0 tasks remaining in the queue.
2019-09-25 06:34:24,044 [main] INFO  segmented.SegmentedRaftLogWorker (SegmentedRaftLogWorker.java:close(228)) - 9f1e8130-5807-4ed4-a5b5-273b79efb982@group-E8FD0F436770-SegmentedRaftLogWorker close()
2019-09-25 06:34:24,045 [ForkJoinPool.commonPool-worker-1] INFO  segmented.SegmentedRaftLogWorker (SegmentedRaftLogWorker.java:close(228)) - 81f06f72-72c9-4329-855f-4bc73f7e5da2@group-864BC70F4916-SegmentedRaftLogWorker close()
2019-09-25 06:34:24,045 [main] INFO  impl.RaftServerImpl (RaftServerImpl.java:lambda$shutdown$3(251)) - 9f1e8130-5807-4ed4-a5b5-273b79efb982@group-417A3FD59CE3: shutdown
2019-09-25 06:34:24,045 [ForkJoinPool.commonPool-worker-1] INFO  impl.RaftServerImpl (RaftServerImpl.java:lambda$shutdown$3(251)) - 81f06f72-72c9-4329-855f-4bc73f7e5da2@group-070725D35EDC: shutdown
2019-09-25 06:34:24,045 [main] INFO  util.JmxRegister (JmxRegister.java:unregister(73)) - Successfully un-registered JMX Bean with object name Ratis:service=RaftServer,group=group-417A3FD59CE3,id=9f1e8130-5807-4ed4-a5b5-273b79efb982
2019-09-25 06:34:24,046 [ForkJoinPool.commonPool-worker-1] INFO  util.JmxRegister (JmxRegister.java:unregister(73)) - Successfully un-registered JMX Bean with object name Ratis:service=RaftServer,group=group-070725D35EDC,id=81f06f72-72c9-4329-855f-4bc73f7e5da2
2019-09-25 06:34:24,046 [main] INFO  impl.RoleInfo (RoleInfo.java:shutdownLeaderState(104)) - 9f1e8130-5807-4ed4-a5b5-273b79efb982: shutdown LeaderState
2019-09-25 06:34:24,046 [ForkJoinPool.commonPool-worker-1] INFO  impl.RoleInfo (RoleInfo.java:shutdownLeaderState(104)) - 81f06f72-72c9-4329-855f-4bc73f7e5da2: shutdown LeaderState
2019-09-25 06:34:24,047 [main] INFO  impl.PendingRequests (PendingRequests.java:sendNotLeaderResponses(202)) - 9f1e8130-5807-4ed4-a5b5-273b79efb982-PendingRequests: sendNotLeaderResponses
2019-09-25 06:34:24,047 [ForkJoinPool.commonPool-worker-1] INFO  impl.PendingRequests (PendingRequests.java:sendNotLeaderResponses(202)) - 81f06f72-72c9-4329-855f-4bc73f7e5da2-PendingRequests: sendNotLeaderResponses
2019-09-25 06:34:24,047 [main] INFO  impl.StateMachineUpdater (StateMachineUpdater.java:stopAndJoin(125)) - 9f1e8130-5807-4ed4-a5b5-273b79efb982@group-417A3FD59CE3-StateMachineUpdater: set stopIndex = 0
2019-09-25 06:34:24,047 [ForkJoinPool.commonPool-worker-1] INFO  impl.StateMachineUpdater (StateMachineUpdater.java:stopAndJoin(125)) - 81f06f72-72c9-4329-855f-4bc73f7e5da2@group-070725D35EDC-StateMachineUpdater: set stopIndex = 0
2019-09-25 06:34:24,048 [main] INFO  impl.RaftServerImpl (ServerState.java:close(385)) - 9f1e8130-5807-4ed4-a5b5-273b79efb982@group-417A3FD59CE3: closes. applyIndex: 0
2019-09-25 06:34:24,048 [ForkJoinPool.commonPool-worker-1] INFO  impl.RaftServerImpl (ServerState.java:close(385)) - 81f06f72-72c9-4329-855f-4bc73f7e5da2@group-070725D35EDC: closes. applyIndex: 0
2019-09-25 06:34:24,048 [9f1e8130-5807-4ed4-a5b5-273b79efb982@group-417A3FD59CE3-SegmentedRaftLogWorker] INFO  segmented.SegmentedRaftLogWorker (SegmentedRaftLogWorker.java:run(313)) - 9f1e8130-5807-4ed4-a5b5-273b79efb982@group-417A3FD59CE3-SegmentedRaftLogWorker was interrupted, exiting. There are 0 tasks remaining in the queue.
2019-09-25 06:34:24,049 [81f06f72-72c9-4329-855f-4bc73f7e5da2@group-070725D35EDC-SegmentedRaftLogWorker] INFO  segmented.SegmentedRaftLogWorker (SegmentedRaftLogWorker.java:run(313)) - 81f06f72-72c9-4329-855f-4bc73f7e5da2@group-070725D35EDC-SegmentedRaftLogWorker was interrupted, exiting. There are 0 tasks remaining in the queue.
2019-09-25 06:34:24,049 [main] INFO  segmented.SegmentedRaftLogWorker (SegmentedRaftLogWorker.java:close(228)) - 9f1e8130-5807-4ed4-a5b5-273b79efb982@group-417A3FD59CE3-SegmentedRaftLogWorker close()
2019-09-25 06:34:24,049 [ForkJoinPool.commonPool-worker-1] INFO  segmented.SegmentedRaftLogWorker (SegmentedRaftLogWorker.java:close(228)) - 81f06f72-72c9-4329-855f-4bc73f7e5da2@group-070725D35EDC-SegmentedRaftLogWorker close()
2019-09-25 06:34:24,049 [main] INFO  impl.RaftServerImpl (RaftServerImpl.java:lambda$shutdown$3(251)) - 9f1e8130-5807-4ed4-a5b5-273b79efb982@group-6BDA0D6A3994: shutdown
2019-09-25 06:34:24,049 [ForkJoinPool.commonPool-worker-1] INFO  impl.RaftServerImpl (RaftServerImpl.java:lambda$shutdown$3(251)) - 81f06f72-72c9-4329-855f-4bc73f7e5da2@group-8248A8B75CAB: shutdown
2019-09-25 06:34:24,050 [main] INFO  util.JmxRegister (JmxRegister.java:unregister(73)) - Successfully un-registered JMX Bean with object name Ratis:service=RaftServer,group=group-6BDA0D6A3994,id=9f1e8130-5807-4ed4-a5b5-273b79efb982
2019-09-25 06:34:24,050 [ForkJoinPool.commonPool-worker-1] INFO  util.JmxRegister (JmxRegister.java:unregister(73)) - Successfully un-registered JMX Bean with object name Ratis:service=RaftServer,group=group-8248A8B75CAB,id=81f06f72-72c9-4329-855f-4bc73f7e5da2
2019-09-25 06:34:24,050 [main] INFO  impl.RoleInfo (RoleInfo.java:shutdownLeaderState(104)) - 9f1e8130-5807-4ed4-a5b5-273b79efb982: shutdown LeaderState
2019-09-25 06:34:24,050 [ForkJoinPool.commonPool-worker-1] INFO  impl.RoleInfo (RoleInfo.java:shutdownLeaderState(104)) - 81f06f72-72c9-4329-855f-4bc73f7e5da2: shutdown LeaderState
2019-09-25 06:34:24,051 [main] INFO  impl.PendingRequests (PendingRequests.java:sendNotLeaderResponses(202)) - 9f1e8130-5807-4ed4-a5b5-273b79efb982-PendingRequests: sendNotLeaderResponses
2019-09-25 06:34:24,051 [ForkJoinPool.commonPool-worker-1] INFO  impl.PendingRequests (PendingRequests.java:sendNotLeaderResponses(202)) - 81f06f72-72c9-4329-855f-4bc73f7e5da2-PendingRequests: sendNotLeaderResponses
2019-09-25 06:34:24,051 [main] INFO  impl.StateMachineUpdater (StateMachineUpdater.java:stopAndJoin(125)) - 9f1e8130-5807-4ed4-a5b5-273b79efb982@group-6BDA0D6A3994-StateMachineUpdater: set stopIndex = 0
2019-09-25 06:34:24,052 [ForkJoinPool.commonPool-worker-1] INFO  impl.StateMachineUpdater (StateMachineUpdater.java:stopAndJoin(125)) - 81f06f72-72c9-4329-855f-4bc73f7e5da2@group-8248A8B75CAB-StateMachineUpdater: set stopIndex = 0
2019-09-25 06:34:24,052 [main] INFO  impl.RaftServerImpl (ServerState.java:close(385)) - 9f1e8130-5807-4ed4-a5b5-273b79efb982@group-6BDA0D6A3994: closes. applyIndex: 0
2019-09-25 06:34:24,052 [ForkJoinPool.commonPool-worker-1] INFO  impl.RaftServerImpl (ServerState.java:close(385)) - 81f06f72-72c9-4329-855f-4bc73f7e5da2@group-8248A8B75CAB: closes. applyIndex: 0
2019-09-25 06:34:24,053 [9f1e8130-5807-4ed4-a5b5-273b79efb982@group-6BDA0D6A3994-SegmentedRaftLogWorker] INFO  segmented.SegmentedRaftLogWorker (SegmentedRaftLogWorker.java:run(313)) - 9f1e8130-5807-4ed4-a5b5-273b79efb982@group-6BDA0D6A3994-SegmentedRaftLogWorker was interrupted, exiting. There are 0 tasks remaining in the queue.
2019-09-25 06:34:24,053 [81f06f72-72c9-4329-855f-4bc73f7e5da2@group-8248A8B75CAB-SegmentedRaftLogWorker] INFO  segmented.SegmentedRaftLogWorker (SegmentedRaftLogWorker.java:run(313)) - 81f06f72-72c9-4329-855f-4bc73f7e5da2@group-8248A8B75CAB-SegmentedRaftLogWorker was interrupted, exiting. There are 0 tasks remaining in the queue.
2019-09-25 06:34:24,053 [main] INFO  segmented.SegmentedRaftLogWorker (SegmentedRaftLogWorker.java:close(228)) - 9f1e8130-5807-4ed4-a5b5-273b79efb982@group-6BDA0D6A3994-SegmentedRaftLogWorker close()
2019-09-25 06:34:24,053 [ForkJoinPool.commonPool-worker-1] INFO  segmented.SegmentedRaftLogWorker (SegmentedRaftLogWorker.java:close(228)) - 81f06f72-72c9-4329-855f-4bc73f7e5da2@group-8248A8B75CAB-SegmentedRaftLogWorker close()
2019-09-25 06:34:24,053 [main] INFO  impl.RaftServerImpl (RaftServerImpl.java:lambda$shutdown$3(251)) - 9f1e8130-5807-4ed4-a5b5-273b79efb982@group-00870AABA4F8: shutdown
2019-09-25 06:34:24,054 [ForkJoinPool.commonPool-worker-1] INFO  impl.RaftServerImpl (RaftServerImpl.java:lambda$shutdown$3(251)) - 81f06f72-72c9-4329-855f-4bc73f7e5da2@group-4BD8251C4044: shutdown
2019-09-25 06:34:24,054 [main] INFO  util.JmxRegister (JmxRegister.java:unregister(73)) - Successfully un-registered JMX Bean with object name Ratis:service=RaftServer,group=group-00870AABA4F8,id=9f1e8130-5807-4ed4-a5b5-273b79efb982
2019-09-25 06:34:24,054 [ForkJoinPool.commonPool-worker-1] INFO  util.JmxRegister (JmxRegister.java:unregister(73)) - Successfully un-registered JMX Bean with object name Ratis:service=RaftServer,group=group-4BD8251C4044,id=81f06f72-72c9-4329-855f-4bc73f7e5da2
2019-09-25 06:34:24,054 [main] INFO  impl.RoleInfo (RoleInfo.java:shutdownLeaderState(104)) - 9f1e8130-5807-4ed4-a5b5-273b79efb982: shutdown LeaderState
2019-09-25 06:34:24,055 [ForkJoinPool.commonPool-worker-1] INFO  impl.RoleInfo (RoleInfo.java:shutdownLeaderState(104)) - 81f06f72-72c9-4329-855f-4bc73f7e5da2: shutdown LeaderState
2019-09-25 06:34:24,055 [main] INFO  impl.PendingRequests (PendingRequests.java:sendNotLeaderResponses(202)) - 9f1e8130-5807-4ed4-a5b5-273b79efb982-PendingRequests: sendNotLeaderResponses
2019-09-25 06:34:24,055 [ForkJoinPool.commonPool-worker-1] INFO  impl.PendingRequests (PendingRequests.java:sendNotLeaderResponses(202)) - 81f06f72-72c9-4329-855f-4bc73f7e5da2-PendingRequests: sendNotLeaderResponses
2019-09-25 06:34:24,055 [main] INFO  impl.StateMachineUpdater (StateMachineUpdater.java:stopAndJoin(125)) - 9f1e8130-5807-4ed4-a5b5-273b79efb982@group-00870AABA4F8-StateMachineUpdater: set stopIndex = 0
2019-09-25 06:34:24,056 [main] INFO  impl.RaftServerImpl (ServerState.java:close(385)) - 9f1e8130-5807-4ed4-a5b5-273b79efb982@group-00870AABA4F8: closes. applyIndex: 0
2019-09-25 06:34:24,056 [ForkJoinPool.commonPool-worker-1] INFO  impl.StateMachineUpdater (StateMachineUpdater.java:stopAndJoin(125)) - 81f06f72-72c9-4329-855f-4bc73f7e5da2@group-4BD8251C4044-StateMachineUpdater: set stopIndex = 0
2019-09-25 06:34:24,056 [9f1e8130-5807-4ed4-a5b5-273b79efb982@group-00870AABA4F8-SegmentedRaftLogWorker] INFO  segmented.SegmentedRaftLogWorker (SegmentedRaftLogWorker.java:run(313)) - 9f1e8130-5807-4ed4-a5b5-273b79efb982@group-00870AABA4F8-SegmentedRaftLogWorker was interrupted, exiting. There are 0 tasks remaining in the queue.
2019-09-25 06:34:24,057 [ForkJoinPool.commonPool-worker-1] INFO  impl.RaftServerImpl (ServerState.java:close(385)) - 81f06f72-72c9-4329-855f-4bc73f7e5da2@group-4BD8251C4044: closes. applyIndex: 0
2019-09-25 06:34:24,057 [main] INFO  segmented.SegmentedRaftLogWorker (SegmentedRaftLogWorker.java:close(228)) - 9f1e8130-5807-4ed4-a5b5-273b79efb982@group-00870AABA4F8-SegmentedRaftLogWorker close()
2019-09-25 06:34:24,057 [81f06f72-72c9-4329-855f-4bc73f7e5da2@group-4BD8251C4044-SegmentedRaftLogWorker] INFO  segmented.SegmentedRaftLogWorker (SegmentedRaftLogWorker.java:run(313)) - 81f06f72-72c9-4329-855f-4bc73f7e5da2@group-4BD8251C4044-SegmentedRaftLogWorker was interrupted, exiting. There are 0 tasks remaining in the queue.
2019-09-25 06:34:24,057 [main] INFO  server.GrpcService (GrpcService.java:closeImpl(164)) - 9f1e8130-5807-4ed4-a5b5-273b79efb982: shutdown server with port 40481 now
2019-09-25 06:34:24,057 [ForkJoinPool.commonPool-worker-1] INFO  segmented.SegmentedRaftLogWorker (SegmentedRaftLogWorker.java:close(228)) - 81f06f72-72c9-4329-855f-4bc73f7e5da2@group-4BD8251C4044-SegmentedRaftLogWorker close()
2019-09-25 06:34:24,058 [ForkJoinPool.commonPool-worker-1] INFO  impl.RaftServerImpl (RaftServerImpl.java:lambda$shutdown$3(251)) - 81f06f72-72c9-4329-855f-4bc73f7e5da2@group-C4515C1B56D7: shutdown
2019-09-25 06:34:24,060 [main] INFO  server.GrpcService (GrpcService.java:closeImpl(172)) - 9f1e8130-5807-4ed4-a5b5-273b79efb982: shutdown server with port 40481 successfully
2019-09-25 06:34:24,060 [ForkJoinPool.commonPool-worker-1] INFO  util.JmxRegister (JmxRegister.java:unregister(73)) - Successfully un-registered JMX Bean with object name Ratis:service=RaftServer,group=group-C4515C1B56D7,id=81f06f72-72c9-4329-855f-4bc73f7e5da2
2019-09-25 06:34:24,060 [ForkJoinPool.commonPool-worker-1] INFO  impl.RoleInfo (RoleInfo.java:shutdownLeaderState(104)) - 81f06f72-72c9-4329-855f-4bc73f7e5da2: shutdown LeaderState
2019-09-25 06:34:24,060 [ForkJoinPool.commonPool-worker-1] INFO  impl.PendingRequests (PendingRequests.java:sendNotLeaderResponses(202)) - 81f06f72-72c9-4329-855f-4bc73f7e5da2-PendingRequests: sendNotLeaderResponses
2019-09-25 06:34:24,061 [ForkJoinPool.commonPool-worker-1] INFO  impl.StateMachineUpdater (StateMachineUpdater.java:stopAndJoin(125)) - 81f06f72-72c9-4329-855f-4bc73f7e5da2@group-C4515C1B56D7-StateMachineUpdater: set stopIndex = 0
2019-09-25 06:34:24,061 [ForkJoinPool.commonPool-worker-1] INFO  impl.RaftServerImpl (ServerState.java:close(385)) - 81f06f72-72c9-4329-855f-4bc73f7e5da2@group-C4515C1B56D7: closes. applyIndex: 0
2019-09-25 06:34:24,061 [81f06f72-72c9-4329-855f-4bc73f7e5da2@group-C4515C1B56D7-SegmentedRaftLogWorker] INFO  segmented.SegmentedRaftLogWorker (SegmentedRaftLogWorker.java:run(313)) - 81f06f72-72c9-4329-855f-4bc73f7e5da2@group-C4515C1B56D7-SegmentedRaftLogWorker was interrupted, exiting. There are 0 tasks remaining in the queue.
2019-09-25 06:34:24,062 [ForkJoinPool.commonPool-worker-1] INFO  segmented.SegmentedRaftLogWorker (SegmentedRaftLogWorker.java:close(228)) - 81f06f72-72c9-4329-855f-4bc73f7e5da2@group-C4515C1B56D7-SegmentedRaftLogWorker close()
2019-09-25 06:34:24,062 [ForkJoinPool.commonPool-worker-1] INFO  server.GrpcService (GrpcService.java:closeImpl(164)) - 81f06f72-72c9-4329-855f-4bc73f7e5da2: shutdown server with port 40731 now
2019-09-25 06:34:24,062 [ForkJoinPool.commonPool-worker-1] INFO  server.GrpcService (GrpcService.java:closeImpl(172)) - 81f06f72-72c9-4329-855f-4bc73f7e5da2: shutdown server with port 40731 successfully
2019-09-25 06:34:24,064 [refreshUsed-/workdir/hadoop-ozone/ozonefs/target/test-dir/MiniOzoneClusterImpl-d97e1daa-6e0c-4900-b1c9-997de4e3459a/datanode-9/data/containers] WARN  fs.CachingGetSpaceUsed (CachingGetSpaceUsed.java:run(183)) - Thread Interrupted waiting to refresh disk information: sleep interrupted
2019-09-25 06:34:24,067 [refreshUsed-/workdir/hadoop-ozone/ozonefs/target/test-dir/MiniOzoneClusterImpl-d97e1daa-6e0c-4900-b1c9-997de4e3459a/datanode-0/data/containers] WARN  fs.CachingGetSpaceUsed (CachingGetSpaceUsed.java:run(183)) - Thread Interrupted waiting to refresh disk information: sleep interrupted
2019-09-25 06:34:24,086 [main] INFO  utils.BackgroundService (BackgroundService.java:shutdown(148)) - Shutting down service BlockDeletingService
2019-09-25 06:34:24,090 [main] INFO  statemachine.DatanodeStateMachine (DatanodeStateMachine.java:stopDaemon(395)) - Ozone container server stopped.
2019-09-25 06:34:24,091 [main] INFO  handler.ContextHandler (ContextHandler.java:doStop(910)) - Stopped o.e.j.w.WebAppContext@11c3ff67{/,null,UNAVAILABLE}{/hddsDatanode}
2019-09-25 06:34:24,092 [ForkJoinPool.commonPool-worker-1] INFO  utils.BackgroundService (BackgroundService.java:shutdown(148)) - Shutting down service BlockDeletingService
2019-09-25 06:34:24,092 [main] INFO  server.AbstractConnector (AbstractConnector.java:doStop(318)) - Stopped ServerConnector@4397a639{HTTP/1.1,[http/1.1]}{0.0.0.0:0}
2019-09-25 06:34:24,092 [main] INFO  handler.ContextHandler (ContextHandler.java:doStop(910)) - Stopped o.e.j.s.ServletContextHandler@4d266391{/static,jar:file:/home/user/.m2/repository/org/apache/hadoop/hadoop-hdds-container-service/0.5.0-SNAPSHOT/hadoop-hdds-container-service-0.5.0-SNAPSHOT.jar!/webapps/static,UNAVAILABLE}
2019-09-25 06:34:24,096 [ForkJoinPool.commonPool-worker-1] INFO  statemachine.DatanodeStateMachine (DatanodeStateMachine.java:stopDaemon(395)) - Ozone container server stopped.
2019-09-25 06:34:24,099 [main] INFO  handler.ContextHandler (ContextHandler.java:doStop(910)) - Stopped o.e.j.s.ServletContextHandler@c29fe36{/logs,file:///workdir/hadoop-ozone/ozonefs/target/log,UNAVAILABLE}
2019-09-25 06:34:24,100 [ForkJoinPool.commonPool-worker-1] INFO  handler.ContextHandler (ContextHandler.java:doStop(910)) - Stopped o.e.j.w.WebAppContext@42b84286{/,null,UNAVAILABLE}{/hddsDatanode}
2019-09-25 06:34:24,101 [ForkJoinPool.commonPool-worker-1] INFO  server.AbstractConnector (AbstractConnector.java:doStop(318)) - Stopped ServerConnector@443effcb{HTTP/1.1,[http/1.1]}{0.0.0.0:0}
2019-09-25 06:34:24,103 [ForkJoinPool.commonPool-worker-1] INFO  handler.ContextHandler (ContextHandler.java:doStop(910)) - Stopped o.e.j.s.ServletContextHandler@59cda16e{/static,jar:file:/home/user/.m2/repository/org/apache/hadoop/hadoop-hdds-container-service/0.5.0-SNAPSHOT/hadoop-hdds-container-service-0.5.0-SNAPSHOT.jar!/webapps/static,UNAVAILABLE}
2019-09-25 06:34:24,104 [ForkJoinPool.commonPool-worker-1] INFO  handler.ContextHandler (ContextHandler.java:doStop(910)) - Stopped o.e.j.s.ServletContextHandler@fc807c1{/logs,file:///workdir/hadoop-ozone/ozonefs/target/log,UNAVAILABLE}
2019-09-25 06:34:24,237 [Datanode State Machine Thread - 0] INFO  statemachine.DatanodeStateMachine (DatanodeStateMachine.java:lambda$startDaemon$0(350)) - Ozone container server started.
2019-09-25 06:34:24,419 [Datanode State Machine Thread - 0] INFO  statemachine.DatanodeStateMachine (DatanodeStateMachine.java:lambda$startDaemon$0(350)) - Ozone container server started.
2019-09-25 06:34:29,102 [main] INFO  ozoneimpl.OzoneContainer (OzoneContainer.java:stop(231)) - Attempting to stop container services.
2019-09-25 06:34:29,102 [main] INFO  impl.RaftServerProxy (RaftServerProxy.java:lambda$close$4(314)) - ceffdcde-d41f-4c1b-8c84-bdffc4697707: close
2019-09-25 06:34:29,103 [main] INFO  impl.RaftServerImpl (RaftServerImpl.java:lambda$shutdown$3(251)) - ceffdcde-d41f-4c1b-8c84-bdffc4697707@group-D1714ED517E8: shutdown
2019-09-25 06:34:29,103 [main] INFO  util.JmxRegister (JmxRegister.java:unregister(73)) - Successfully un-registered JMX Bean with object name Ratis:service=RaftServer,group=group-D1714ED517E8,id=ceffdcde-d41f-4c1b-8c84-bdffc4697707
2019-09-25 06:34:29,104 [main] INFO  impl.RoleInfo (RoleInfo.java:shutdownLeaderState(104)) - ceffdcde-d41f-4c1b-8c84-bdffc4697707: shutdown LeaderState
2019-09-25 06:34:29,104 [main] INFO  impl.PendingRequests (PendingRequests.java:sendNotLeaderResponses(202)) - ceffdcde-d41f-4c1b-8c84-bdffc4697707-PendingRequests: sendNotLeaderResponses
2019-09-25 06:34:29,104 [main] INFO  impl.StateMachineUpdater (StateMachineUpdater.java:stopAndJoin(125)) - ceffdcde-d41f-4c1b-8c84-bdffc4697707@group-D1714ED517E8-StateMachineUpdater: set stopIndex = 0
2019-09-25 06:34:29,105 [main] INFO  impl.RaftServerImpl (ServerState.java:close(385)) - ceffdcde-d41f-4c1b-8c84-bdffc4697707@group-D1714ED517E8: closes. applyIndex: 0
2019-09-25 06:34:29,105 [ForkJoinPool.commonPool-worker-1] INFO  ozoneimpl.OzoneContainer (OzoneContainer.java:stop(231)) - Attempting to stop container services.
2019-09-25 06:34:29,105 [ceffdcde-d41f-4c1b-8c84-bdffc4697707@group-D1714ED517E8-SegmentedRaftLogWorker] INFO  segmented.SegmentedRaftLogWorker (SegmentedRaftLogWorker.java:run(313)) - ceffdcde-d41f-4c1b-8c84-bdffc4697707@group-D1714ED517E8-SegmentedRaftLogWorker was interrupted, exiting. There are 0 tasks remaining in the queue.
2019-09-25 06:34:29,106 [main] INFO  segmented.SegmentedRaftLogWorker (SegmentedRaftLogWorker.java:close(228)) - ceffdcde-d41f-4c1b-8c84-bdffc4697707@group-D1714ED517E8-SegmentedRaftLogWorker close()
2019-09-25 06:34:29,106 [ForkJoinPool.commonPool-worker-1] INFO  impl.RaftServerProxy (RaftServerProxy.java:lambda$close$4(314)) - f9a1adb5-ac95-4f8b-8632-8bfce9a5ce16: close
2019-09-25 06:34:29,106 [main] INFO  impl.RaftServerImpl (RaftServerImpl.java:lambda$shutdown$3(251)) - ceffdcde-d41f-4c1b-8c84-bdffc4697707@group-6E5EC7790BF8: shutdown
2019-09-25 06:34:29,107 [ForkJoinPool.commonPool-worker-1] INFO  impl.RaftServerImpl (RaftServerImpl.java:lambda$shutdown$3(251)) - f9a1adb5-ac95-4f8b-8632-8bfce9a5ce16@group-711781CA78ED: shutdown
2019-09-25 06:34:29,107 [main] INFO  util.JmxRegister (JmxRegister.java:unregister(73)) - Successfully un-registered JMX Bean with object name Ratis:service=RaftServer,group=group-6E5EC7790BF8,id=ceffdcde-d41f-4c1b-8c84-bdffc4697707
2019-09-25 06:34:29,107 [ForkJoinPool.commonPool-worker-1] INFO  util.JmxRegister (JmxRegister.java:unregister(73)) - Successfully un-registered JMX Bean with object name Ratis:service=RaftServer,group=group-711781CA78ED,id=f9a1adb5-ac95-4f8b-8632-8bfce9a5ce16
2019-09-25 06:34:29,108 [main] INFO  impl.RoleInfo (RoleInfo.java:shutdownLeaderState(104)) - ceffdcde-d41f-4c1b-8c84-bdffc4697707: shutdown LeaderState
2019-09-25 06:34:29,108 [ForkJoinPool.commonPool-worker-1] INFO  impl.RoleInfo (RoleInfo.java:shutdownLeaderState(104)) - f9a1adb5-ac95-4f8b-8632-8bfce9a5ce16: shutdown LeaderState
2019-09-25 06:34:29,108 [main] INFO  impl.PendingRequests (PendingRequests.java:sendNotLeaderResponses(202)) - ceffdcde-d41f-4c1b-8c84-bdffc4697707-PendingRequests: sendNotLeaderResponses
2019-09-25 06:34:29,108 [ForkJoinPool.commonPool-worker-1] INFO  impl.PendingRequests (PendingRequests.java:sendNotLeaderResponses(202)) - f9a1adb5-ac95-4f8b-8632-8bfce9a5ce16-PendingRequests: sendNotLeaderResponses
2019-09-25 06:34:29,109 [main] INFO  impl.StateMachineUpdater (StateMachineUpdater.java:stopAndJoin(125)) - ceffdcde-d41f-4c1b-8c84-bdffc4697707@group-6E5EC7790BF8-StateMachineUpdater: set stopIndex = 0
2019-09-25 06:34:29,109 [ForkJoinPool.commonPool-worker-1] INFO  impl.StateMachineUpdater (StateMachineUpdater.java:stopAndJoin(125)) - f9a1adb5-ac95-4f8b-8632-8bfce9a5ce16@group-711781CA78ED-StateMachineUpdater: set stopIndex = 0
2019-09-25 06:34:29,110 [ForkJoinPool.commonPool-worker-1] INFO  impl.RaftServerImpl (ServerState.java:close(385)) - f9a1adb5-ac95-4f8b-8632-8bfce9a5ce16@group-711781CA78ED: closes. applyIndex: 0
2019-09-25 06:34:29,109 [main] INFO  impl.RaftServerImpl (ServerState.java:close(385)) - ceffdcde-d41f-4c1b-8c84-bdffc4697707@group-6E5EC7790BF8: closes. applyIndex: 0
2019-09-25 06:34:29,110 [f9a1adb5-ac95-4f8b-8632-8bfce9a5ce16@group-711781CA78ED-SegmentedRaftLogWorker] INFO  segmented.SegmentedRaftLogWorker (SegmentedRaftLogWorker.java:run(313)) - f9a1adb5-ac95-4f8b-8632-8bfce9a5ce16@group-711781CA78ED-SegmentedRaftLogWorker was interrupted, exiting. There are 0 tasks remaining in the queue.
2019-09-25 06:34:29,110 [ceffdcde-d41f-4c1b-8c84-bdffc4697707@group-6E5EC7790BF8-SegmentedRaftLogWorker] INFO  segmented.SegmentedRaftLogWorker (SegmentedRaftLogWorker.java:run(313)) - ceffdcde-d41f-4c1b-8c84-bdffc4697707@group-6E5EC7790BF8-SegmentedRaftLogWorker was interrupted, exiting. There are 0 tasks remaining in the queue.
2019-09-25 06:34:29,110 [ForkJoinPool.commonPool-worker-1] INFO  segmented.SegmentedRaftLogWorker (SegmentedRaftLogWorker.java:close(228)) - f9a1adb5-ac95-4f8b-8632-8bfce9a5ce16@group-711781CA78ED-SegmentedRaftLogWorker close()
2019-09-25 06:34:29,111 [main] INFO  segmented.SegmentedRaftLogWorker (SegmentedRaftLogWorker.java:close(228)) - ceffdcde-d41f-4c1b-8c84-bdffc4697707@group-6E5EC7790BF8-SegmentedRaftLogWorker close()
2019-09-25 06:34:29,111 [ForkJoinPool.commonPool-worker-1] INFO  impl.RaftServerImpl (RaftServerImpl.java:lambda$shutdown$3(251)) - f9a1adb5-ac95-4f8b-8632-8bfce9a5ce16@group-1974E36795F0: shutdown
2019-09-25 06:34:29,111 [main] INFO  impl.RaftServerImpl (RaftServerImpl.java:lambda$shutdown$3(251)) - ceffdcde-d41f-4c1b-8c84-bdffc4697707@group-B54ED40E3E38: shutdown
2019-09-25 06:34:29,111 [ForkJoinPool.commonPool-worker-1] INFO  util.JmxRegister (JmxRegister.java:unregister(73)) - Successfully un-registered JMX Bean with object name Ratis:service=RaftServer,group=group-1974E36795F0,id=f9a1adb5-ac95-4f8b-8632-8bfce9a5ce16
2019-09-25 06:34:29,112 [ForkJoinPool.commonPool-worker-1] INFO  impl.RoleInfo (RoleInfo.java:shutdownLeaderState(104)) - f9a1adb5-ac95-4f8b-8632-8bfce9a5ce16: shutdown LeaderState
2019-09-25 06:34:29,112 [main] INFO  util.JmxRegister (JmxRegister.java:unregister(73)) - Successfully un-registered JMX Bean with object name Ratis:service=RaftServer,group=group-B54ED40E3E38,id=ceffdcde-d41f-4c1b-8c84-bdffc4697707
2019-09-25 06:34:29,112 [ForkJoinPool.commonPool-worker-1] INFO  impl.PendingRequests (PendingRequests.java:sendNotLeaderResponses(202)) - f9a1adb5-ac95-4f8b-8632-8bfce9a5ce16-PendingRequests: sendNotLeaderResponses
2019-09-25 06:34:29,112 [main] INFO  impl.RoleInfo (RoleInfo.java:shutdownLeaderState(104)) - ceffdcde-d41f-4c1b-8c84-bdffc4697707: shutdown LeaderState
2019-09-25 06:34:29,113 [ForkJoinPool.commonPool-worker-1] INFO  impl.StateMachineUpdater (StateMachineUpdater.java:stopAndJoin(125)) - f9a1adb5-ac95-4f8b-8632-8bfce9a5ce16@group-1974E36795F0-StateMachineUpdater: set stopIndex = 0
2019-09-25 06:34:29,113 [main] INFO  impl.PendingRequests (PendingRequests.java:sendNotLeaderResponses(202)) - ceffdcde-d41f-4c1b-8c84-bdffc4697707-PendingRequests: sendNotLeaderResponses
2019-09-25 06:34:29,113 [ForkJoinPool.commonPool-worker-1] INFO  impl.RaftServerImpl (ServerState.java:close(385)) - f9a1adb5-ac95-4f8b-8632-8bfce9a5ce16@group-1974E36795F0: closes. applyIndex: 0
2019-09-25 06:34:29,114 [main] INFO  impl.StateMachineUpdater (StateMachineUpdater.java:stopAndJoin(125)) - ceffdcde-d41f-4c1b-8c84-bdffc4697707@group-B54ED40E3E38-StateMachineUpdater: set stopIndex = 0
2019-09-25 06:34:29,114 [main] INFO  impl.RaftServerImpl (ServerState.java:close(385)) - ceffdcde-d41f-4c1b-8c84-bdffc4697707@group-B54ED40E3E38: closes. applyIndex: 0
2019-09-25 06:34:29,114 [f9a1adb5-ac95-4f8b-8632-8bfce9a5ce16@group-1974E36795F0-SegmentedRaftLogWorker] INFO  segmented.SegmentedRaftLogWorker (SegmentedRaftLogWorker.java:run(313)) - f9a1adb5-ac95-4f8b-8632-8bfce9a5ce16@group-1974E36795F0-SegmentedRaftLogWorker was interrupted, exiting. There are 0 tasks remaining in the queue.
2019-09-25 06:34:29,114 [ceffdcde-d41f-4c1b-8c84-bdffc4697707@group-B54ED40E3E38-SegmentedRaftLogWorker] INFO  segmented.SegmentedRaftLogWorker (SegmentedRaftLogWorker.java:run(313)) - ceffdcde-d41f-4c1b-8c84-bdffc4697707@group-B54ED40E3E38-SegmentedRaftLogWorker was interrupted, exiting. There are 0 tasks remaining in the queue.
2019-09-25 06:34:29,115 [ForkJoinPool.commonPool-worker-1] INFO  segmented.SegmentedRaftLogWorker (SegmentedRaftLogWorker.java:close(228)) - f9a1adb5-ac95-4f8b-8632-8bfce9a5ce16@group-1974E36795F0-SegmentedRaftLogWorker close()
2019-09-25 06:34:29,115 [main] INFO  segmented.SegmentedRaftLogWorker (SegmentedRaftLogWorker.java:close(228)) - ceffdcde-d41f-4c1b-8c84-bdffc4697707@group-B54ED40E3E38-SegmentedRaftLogWorker close()
2019-09-25 06:34:29,115 [ForkJoinPool.commonPool-worker-1] INFO  impl.RaftServerImpl (RaftServerImpl.java:lambda$shutdown$3(251)) - f9a1adb5-ac95-4f8b-8632-8bfce9a5ce16@group-A8D3F6769C8A: shutdown
2019-09-25 06:34:29,115 [main] INFO  impl.RaftServerImpl (RaftServerImpl.java:lambda$shutdown$3(251)) - ceffdcde-d41f-4c1b-8c84-bdffc4697707@group-F03F79E7435B: shutdown
2019-09-25 06:34:29,115 [ForkJoinPool.commonPool-worker-1] INFO  util.JmxRegister (JmxRegister.java:unregister(73)) - Successfully un-registered JMX Bean with object name Ratis:service=RaftServer,group=group-A8D3F6769C8A,id=f9a1adb5-ac95-4f8b-8632-8bfce9a5ce16
2019-09-25 06:34:29,116 [main] INFO  util.JmxRegister (JmxRegister.java:unregister(73)) - Successfully un-registered JMX Bean with object name Ratis:service=RaftServer,group=group-F03F79E7435B,id=ceffdcde-d41f-4c1b-8c84-bdffc4697707
2019-09-25 06:34:29,116 [ForkJoinPool.commonPool-worker-1] INFO  impl.RoleInfo (RoleInfo.java:shutdownLeaderState(104)) - f9a1adb5-ac95-4f8b-8632-8bfce9a5ce16: shutdown LeaderState
2019-09-25 06:34:29,116 [main] INFO  impl.RoleInfo (RoleInfo.java:shutdownLeaderState(104)) - ceffdcde-d41f-4c1b-8c84-bdffc4697707: shutdown LeaderState
2019-09-25 06:34:29,117 [ForkJoinPool.commonPool-worker-1] INFO  impl.PendingRequests (PendingRequests.java:sendNotLeaderResponses(202)) - f9a1adb5-ac95-4f8b-8632-8bfce9a5ce16-PendingRequests: sendNotLeaderResponses
2019-09-25 06:34:29,117 [main] INFO  impl.PendingRequests (PendingRequests.java:sendNotLeaderResponses(202)) - ceffdcde-d41f-4c1b-8c84-bdffc4697707-PendingRequests: sendNotLeaderResponses
2019-09-25 06:34:29,117 [ForkJoinPool.commonPool-worker-1] INFO  impl.StateMachineUpdater (StateMachineUpdater.java:stopAndJoin(125)) - f9a1adb5-ac95-4f8b-8632-8bfce9a5ce16@group-A8D3F6769C8A-StateMachineUpdater: set stopIndex = 0
2019-09-25 06:34:29,118 [main] INFO  impl.StateMachineUpdater (StateMachineUpdater.java:stopAndJoin(125)) - ceffdcde-d41f-4c1b-8c84-bdffc4697707@group-F03F79E7435B-StateMachineUpdater: set stopIndex = 0
2019-09-25 06:34:29,118 [ForkJoinPool.commonPool-worker-1] INFO  impl.RaftServerImpl (ServerState.java:close(385)) - f9a1adb5-ac95-4f8b-8632-8bfce9a5ce16@group-A8D3F6769C8A: closes. applyIndex: 0
2019-09-25 06:34:29,118 [main] INFO  impl.RaftServerImpl (ServerState.java:close(385)) - ceffdcde-d41f-4c1b-8c84-bdffc4697707@group-F03F79E7435B: closes. applyIndex: 0
2019-09-25 06:34:29,118 [f9a1adb5-ac95-4f8b-8632-8bfce9a5ce16@group-A8D3F6769C8A-SegmentedRaftLogWorker] INFO  segmented.SegmentedRaftLogWorker (SegmentedRaftLogWorker.java:run(313)) - f9a1adb5-ac95-4f8b-8632-8bfce9a5ce16@group-A8D3F6769C8A-SegmentedRaftLogWorker was interrupted, exiting. There are 0 tasks remaining in the queue.
2019-09-25 06:34:29,119 [ceffdcde-d41f-4c1b-8c84-bdffc4697707@group-F03F79E7435B-SegmentedRaftLogWorker] INFO  segmented.SegmentedRaftLogWorker (SegmentedRaftLogWorker.java:run(313)) - ceffdcde-d41f-4c1b-8c84-bdffc4697707@group-F03F79E7435B-SegmentedRaftLogWorker was interrupted, exiting. There are 0 tasks remaining in the queue.
2019-09-25 06:34:29,119 [ForkJoinPool.commonPool-worker-1] INFO  segmented.SegmentedRaftLogWorker (SegmentedRaftLogWorker.java:close(228)) - f9a1adb5-ac95-4f8b-8632-8bfce9a5ce16@group-A8D3F6769C8A-SegmentedRaftLogWorker close()
2019-09-25 06:34:29,119 [main] INFO  segmented.SegmentedRaftLogWorker (SegmentedRaftLogWorker.java:close(228)) - ceffdcde-d41f-4c1b-8c84-bdffc4697707@group-F03F79E7435B-SegmentedRaftLogWorker close()
2019-09-25 06:34:29,119 [ForkJoinPool.commonPool-worker-1] INFO  impl.RaftServerImpl (RaftServerImpl.java:lambda$shutdown$3(251)) - f9a1adb5-ac95-4f8b-8632-8bfce9a5ce16@group-574076A47EFF: shutdown
2019-09-25 06:34:29,119 [main] INFO  impl.RaftServerImpl (RaftServerImpl.java:lambda$shutdown$3(251)) - ceffdcde-d41f-4c1b-8c84-bdffc4697707@group-FA49097B2DB6: shutdown
2019-09-25 06:34:29,120 [ForkJoinPool.commonPool-worker-1] INFO  util.JmxRegister (JmxRegister.java:unregister(73)) - Successfully un-registered JMX Bean with object name Ratis:service=RaftServer,group=group-574076A47EFF,id=f9a1adb5-ac95-4f8b-8632-8bfce9a5ce16
2019-09-25 06:34:29,120 [main] INFO  util.JmxRegister (JmxRegister.java:unregister(73)) - Successfully un-registered JMX Bean with object name Ratis:service=RaftServer,group=group-FA49097B2DB6,id=ceffdcde-d41f-4c1b-8c84-bdffc4697707
2019-09-25 06:34:29,120 [ForkJoinPool.commonPool-worker-1] INFO  impl.RoleInfo (RoleInfo.java:shutdownLeaderState(104)) - f9a1adb5-ac95-4f8b-8632-8bfce9a5ce16: shutdown LeaderState
2019-09-25 06:34:29,120 [main] INFO  impl.RoleInfo (RoleInfo.java:shutdownLeaderState(104)) - ceffdcde-d41f-4c1b-8c84-bdffc4697707: shutdown LeaderState
2019-09-25 06:34:29,121 [ForkJoinPool.commonPool-worker-1] INFO  impl.PendingRequests (PendingRequests.java:sendNotLeaderResponses(202)) - f9a1adb5-ac95-4f8b-8632-8bfce9a5ce16-PendingRequests: sendNotLeaderResponses
2019-09-25 06:34:29,121 [main] INFO  impl.PendingRequests (PendingRequests.java:sendNotLeaderResponses(202)) - ceffdcde-d41f-4c1b-8c84-bdffc4697707-PendingRequests: sendNotLeaderResponses
2019-09-25 06:34:29,121 [ForkJoinPool.commonPool-worker-1] INFO  impl.StateMachineUpdater (StateMachineUpdater.java:stopAndJoin(125)) - f9a1adb5-ac95-4f8b-8632-8bfce9a5ce16@group-574076A47EFF-StateMachineUpdater: set stopIndex = 0
2019-09-25 06:34:29,122 [main] INFO  impl.StateMachineUpdater (StateMachineUpdater.java:stopAndJoin(125)) - ceffdcde-d41f-4c1b-8c84-bdffc4697707@group-FA49097B2DB6-StateMachineUpdater: set stopIndex = 0
2019-09-25 06:34:29,122 [ForkJoinPool.commonPool-worker-1] INFO  impl.RaftServerImpl (ServerState.java:close(385)) - f9a1adb5-ac95-4f8b-8632-8bfce9a5ce16@group-574076A47EFF: closes. applyIndex: 0
2019-09-25 06:34:29,122 [main] INFO  impl.RaftServerImpl (ServerState.java:close(385)) - ceffdcde-d41f-4c1b-8c84-bdffc4697707@group-FA49097B2DB6: closes. applyIndex: 0
2019-09-25 06:34:29,122 [f9a1adb5-ac95-4f8b-8632-8bfce9a5ce16@group-574076A47EFF-SegmentedRaftLogWorker] INFO  segmented.SegmentedRaftLogWorker (SegmentedRaftLogWorker.java:run(313)) - f9a1adb5-ac95-4f8b-8632-8bfce9a5ce16@group-574076A47EFF-SegmentedRaftLogWorker was interrupted, exiting. There are 0 tasks remaining in the queue.
2019-09-25 06:34:29,123 [ceffdcde-d41f-4c1b-8c84-bdffc4697707@group-FA49097B2DB6-SegmentedRaftLogWorker] INFO  segmented.SegmentedRaftLogWorker (SegmentedRaftLogWorker.java:run(313)) - ceffdcde-d41f-4c1b-8c84-bdffc4697707@group-FA49097B2DB6-SegmentedRaftLogWorker was interrupted, exiting. There are 0 tasks remaining in the queue.
2019-09-25 06:34:29,123 [ForkJoinPool.commonPool-worker-1] INFO  segmented.SegmentedRaftLogWorker (SegmentedRaftLogWorker.java:close(228)) - f9a1adb5-ac95-4f8b-8632-8bfce9a5ce16@group-574076A47EFF-SegmentedRaftLogWorker close()
2019-09-25 06:34:29,123 [main] INFO  segmented.SegmentedRaftLogWorker (SegmentedRaftLogWorker.java:close(228)) - ceffdcde-d41f-4c1b-8c84-bdffc4697707@group-FA49097B2DB6-SegmentedRaftLogWorker close()
2019-09-25 06:34:29,123 [ForkJoinPool.commonPool-worker-1] INFO  impl.RaftServerImpl (RaftServerImpl.java:lambda$shutdown$3(251)) - f9a1adb5-ac95-4f8b-8632-8bfce9a5ce16@group-95409C4043EF: shutdown
2019-09-25 06:34:29,123 [main] INFO  impl.RaftServerImpl (RaftServerImpl.java:lambda$shutdown$3(251)) - ceffdcde-d41f-4c1b-8c84-bdffc4697707@group-D7AAA7D520A0: shutdown
2019-09-25 06:34:29,124 [ForkJoinPool.commonPool-worker-1] INFO  util.JmxRegister (JmxRegister.java:unregister(73)) - Successfully un-registered JMX Bean with object name Ratis:service=RaftServer,group=group-95409C4043EF,id=f9a1adb5-ac95-4f8b-8632-8bfce9a5ce16
2019-09-25 06:34:29,124 [main] INFO  util.JmxRegister (JmxRegister.java:unregister(73)) - Successfully un-registered JMX Bean with object name Ratis:service=RaftServer,group=group-D7AAA7D520A0,id=ceffdcde-d41f-4c1b-8c84-bdffc4697707
2019-09-25 06:34:29,124 [ForkJoinPool.commonPool-worker-1] INFO  impl.RoleInfo (RoleInfo.java:shutdownLeaderState(104)) - f9a1adb5-ac95-4f8b-8632-8bfce9a5ce16: shutdown LeaderState
2019-09-25 06:34:29,124 [main] INFO  impl.RoleInfo (RoleInfo.java:shutdownLeaderState(104)) - ceffdcde-d41f-4c1b-8c84-bdffc4697707: shutdown LeaderState
2019-09-25 06:34:29,125 [ForkJoinPool.commonPool-worker-1] INFO  impl.PendingRequests (PendingRequests.java:sendNotLeaderResponses(202)) - f9a1adb5-ac95-4f8b-8632-8bfce9a5ce16-PendingRequests: sendNotLeaderResponses
2019-09-25 06:34:29,125 [main] INFO  impl.PendingRequests (PendingRequests.java:sendNotLeaderResponses(202)) - ceffdcde-d41f-4c1b-8c84-bdffc4697707-PendingRequests: sendNotLeaderResponses
2019-09-25 06:34:29,125 [ForkJoinPool.commonPool-worker-1] INFO  impl.StateMachineUpdater (StateMachineUpdater.java:stopAndJoin(125)) - f9a1adb5-ac95-4f8b-8632-8bfce9a5ce16@group-95409C4043EF-StateMachineUpdater: set stopIndex = 0
2019-09-25 06:34:29,126 [main] INFO  impl.StateMachineUpdater (StateMachineUpdater.java:stopAndJoin(125)) - ceffdcde-d41f-4c1b-8c84-bdffc4697707@group-D7AAA7D520A0-StateMachineUpdater: set stopIndex = 0
2019-09-25 06:34:29,126 [ForkJoinPool.commonPool-worker-1] INFO  impl.RaftServerImpl (ServerState.java:close(385)) - f9a1adb5-ac95-4f8b-8632-8bfce9a5ce16@group-95409C4043EF: closes. applyIndex: 0
2019-09-25 06:34:29,126 [f9a1adb5-ac95-4f8b-8632-8bfce9a5ce16@group-95409C4043EF-SegmentedRaftLogWorker] INFO  segmented.SegmentedRaftLogWorker (SegmentedRaftLogWorker.java:run(313)) - f9a1adb5-ac95-4f8b-8632-8bfce9a5ce16@group-95409C4043EF-SegmentedRaftLogWorker was interrupted, exiting. There are 0 tasks remaining in the queue.
2019-09-25 06:34:29,126 [main] INFO  impl.RaftServerImpl (ServerState.java:close(385)) - ceffdcde-d41f-4c1b-8c84-bdffc4697707@group-D7AAA7D520A0: closes. applyIndex: 0
2019-09-25 06:34:29,127 [ForkJoinPool.commonPool-worker-1] INFO  segmented.SegmentedRaftLogWorker (SegmentedRaftLogWorker.java:close(228)) - f9a1adb5-ac95-4f8b-8632-8bfce9a5ce16@group-95409C4043EF-SegmentedRaftLogWorker close()
2019-09-25 06:34:29,127 [ceffdcde-d41f-4c1b-8c84-bdffc4697707@group-D7AAA7D520A0-SegmentedRaftLogWorker] INFO  segmented.SegmentedRaftLogWorker (SegmentedRaftLogWorker.java:run(313)) - ceffdcde-d41f-4c1b-8c84-bdffc4697707@group-D7AAA7D520A0-SegmentedRaftLogWorker was interrupted, exiting. There are 0 tasks remaining in the queue.
2019-09-25 06:34:29,127 [ForkJoinPool.commonPool-worker-1] INFO  impl.RaftServerImpl (RaftServerImpl.java:lambda$shutdown$3(251)) - f9a1adb5-ac95-4f8b-8632-8bfce9a5ce16@group-6643F46BE229: shutdown
2019-09-25 06:34:29,127 [main] INFO  segmented.SegmentedRaftLogWorker (SegmentedRaftLogWorker.java:close(228)) - ceffdcde-d41f-4c1b-8c84-bdffc4697707@group-D7AAA7D520A0-SegmentedRaftLogWorker close()
2019-09-25 06:34:29,127 [ForkJoinPool.commonPool-worker-1] INFO  util.JmxRegister (JmxRegister.java:unregister(73)) - Successfully un-registered JMX Bean with object name Ratis:service=RaftServer,group=group-6643F46BE229,id=f9a1adb5-ac95-4f8b-8632-8bfce9a5ce16
2019-09-25 06:34:29,128 [main] INFO  server.GrpcService (GrpcService.java:closeImpl(164)) - ceffdcde-d41f-4c1b-8c84-bdffc4697707: shutdown server with port 44173 now
2019-09-25 06:34:29,128 [ForkJoinPool.commonPool-worker-1] INFO  impl.RoleInfo (RoleInfo.java:shutdownLeaderState(104)) - f9a1adb5-ac95-4f8b-8632-8bfce9a5ce16: shutdown LeaderState
2019-09-25 06:34:29,130 [ForkJoinPool.commonPool-worker-1] INFO  impl.PendingRequests (PendingRequests.java:sendNotLeaderResponses(202)) - f9a1adb5-ac95-4f8b-8632-8bfce9a5ce16-PendingRequests: sendNotLeaderResponses
2019-09-25 06:34:29,130 [main] INFO  server.GrpcService (GrpcService.java:closeImpl(172)) - ceffdcde-d41f-4c1b-8c84-bdffc4697707: shutdown server with port 44173 successfully
2019-09-25 06:34:29,130 [ForkJoinPool.commonPool-worker-1] INFO  impl.StateMachineUpdater (StateMachineUpdater.java:stopAndJoin(125)) - f9a1adb5-ac95-4f8b-8632-8bfce9a5ce16@group-6643F46BE229-StateMachineUpdater: set stopIndex = 0
2019-09-25 06:34:29,131 [ForkJoinPool.commonPool-worker-1] INFO  impl.RaftServerImpl (ServerState.java:close(385)) - f9a1adb5-ac95-4f8b-8632-8bfce9a5ce16@group-6643F46BE229: closes. applyIndex: 0
2019-09-25 06:34:29,131 [f9a1adb5-ac95-4f8b-8632-8bfce9a5ce16@group-6643F46BE229-SegmentedRaftLogWorker] INFO  segmented.SegmentedRaftLogWorker (SegmentedRaftLogWorker.java:run(313)) - f9a1adb5-ac95-4f8b-8632-8bfce9a5ce16@group-6643F46BE229-SegmentedRaftLogWorker was interrupted, exiting. There are 0 tasks remaining in the queue.
2019-09-25 06:34:29,131 [ForkJoinPool.commonPool-worker-1] INFO  segmented.SegmentedRaftLogWorker (SegmentedRaftLogWorker.java:close(228)) - f9a1adb5-ac95-4f8b-8632-8bfce9a5ce16@group-6643F46BE229-SegmentedRaftLogWorker close()
2019-09-25 06:34:29,131 [refreshUsed-/workdir/hadoop-ozone/ozonefs/target/test-dir/MiniOzoneClusterImpl-d97e1daa-6e0c-4900-b1c9-997de4e3459a/datanode-7/data/containers] WARN  fs.CachingGetSpaceUsed (CachingGetSpaceUsed.java:run(183)) - Thread Interrupted waiting to refresh disk information: sleep interrupted
2019-09-25 06:34:29,132 [ForkJoinPool.commonPool-worker-1] INFO  server.GrpcService (GrpcService.java:closeImpl(164)) - f9a1adb5-ac95-4f8b-8632-8bfce9a5ce16: shutdown server with port 36912 now
2019-09-25 06:34:29,133 [ForkJoinPool.commonPool-worker-1] INFO  server.GrpcService (GrpcService.java:closeImpl(172)) - f9a1adb5-ac95-4f8b-8632-8bfce9a5ce16: shutdown server with port 36912 successfully
2019-09-25 06:34:29,140 [refreshUsed-/workdir/hadoop-ozone/ozonefs/target/test-dir/MiniOzoneClusterImpl-d97e1daa-6e0c-4900-b1c9-997de4e3459a/datanode-1/data/containers] WARN  fs.CachingGetSpaceUsed (CachingGetSpaceUsed.java:run(183)) - Thread Interrupted waiting to refresh disk information: sleep interrupted
2019-09-25 06:34:29,156 [main] INFO  utils.BackgroundService (BackgroundService.java:shutdown(148)) - Shutting down service BlockDeletingService
2019-09-25 06:34:29,159 [main] INFO  statemachine.DatanodeStateMachine (DatanodeStateMachine.java:stopDaemon(395)) - Ozone container server stopped.
2019-09-25 06:34:29,160 [main] INFO  handler.ContextHandler (ContextHandler.java:doStop(910)) - Stopped o.e.j.w.WebAppContext@20d87335{/,null,UNAVAILABLE}{/hddsDatanode}
2019-09-25 06:34:29,161 [main] INFO  server.AbstractConnector (AbstractConnector.java:doStop(318)) - Stopped ServerConnector@2a8a4e0c{HTTP/1.1,[http/1.1]}{0.0.0.0:0}
2019-09-25 06:34:29,161 [main] INFO  handler.ContextHandler (ContextHandler.java:doStop(910)) - Stopped o.e.j.s.ServletContextHandler@1f1ff879{/static,jar:file:/home/user/.m2/repository/org/apache/hadoop/hadoop-hdds-container-service/0.5.0-SNAPSHOT/hadoop-hdds-container-service-0.5.0-SNAPSHOT.jar!/webapps/static,UNAVAILABLE}
2019-09-25 06:34:29,161 [main] INFO  handler.ContextHandler (ContextHandler.java:doStop(910)) - Stopped o.e.j.s.ServletContextHandler@65f651eb{/logs,file:///workdir/hadoop-ozone/ozonefs/target/log,UNAVAILABLE}
2019-09-25 06:34:29,164 [ForkJoinPool.commonPool-worker-1] INFO  utils.BackgroundService (BackgroundService.java:shutdown(148)) - Shutting down service BlockDeletingService
2019-09-25 06:34:29,167 [ForkJoinPool.commonPool-worker-1] INFO  statemachine.DatanodeStateMachine (DatanodeStateMachine.java:stopDaemon(395)) - Ozone container server stopped.
2019-09-25 06:34:29,169 [ForkJoinPool.commonPool-worker-1] INFO  handler.ContextHandler (ContextHandler.java:doStop(910)) - Stopped o.e.j.w.WebAppContext@67e13bd0{/,null,UNAVAILABLE}{/hddsDatanode}
2019-09-25 06:34:29,170 [ForkJoinPool.commonPool-worker-1] INFO  server.AbstractConnector (AbstractConnector.java:doStop(318)) - Stopped ServerConnector@50fb33a{HTTP/1.1,[http/1.1]}{0.0.0.0:0}
2019-09-25 06:34:29,171 [ForkJoinPool.commonPool-worker-1] INFO  handler.ContextHandler (ContextHandler.java:doStop(910)) - Stopped o.e.j.s.ServletContextHandler@350d3f4d{/static,jar:file:/home/user/.m2/repository/org/apache/hadoop/hadoop-hdds-container-service/0.5.0-SNAPSHOT/hadoop-hdds-container-service-0.5.0-SNAPSHOT.jar!/webapps/static,UNAVAILABLE}
2019-09-25 06:34:29,172 [ForkJoinPool.commonPool-worker-1] INFO  handler.ContextHandler (ContextHandler.java:doStop(910)) - Stopped o.e.j.s.ServletContextHandler@7fb29ca9{/logs,file:///workdir/hadoop-ozone/ozonefs/target/log,UNAVAILABLE}
2019-09-25 06:34:29,172 [main] INFO  ozone.MiniOzoneClusterImpl (MiniOzoneClusterImpl.java:stopSCM(392)) - Stopping the StorageContainerManager
2019-09-25 06:34:29,173 [main] INFO  server.StorageContainerManager (StorageContainerManager.java:stop(808)) - Stopping Replication Manager Service.
2019-09-25 06:34:29,173 [main] INFO  container.ReplicationManager (ReplicationManager.java:stop(204)) - Stopping Replication Monitor Thread.
2019-09-25 06:34:29,173 [main] INFO  server.StorageContainerManager (StorageContainerManager.java:stop(815)) - Stopping Lease Manager of the command watchers
2019-09-25 06:34:29,173 [main] INFO  server.StorageContainerManager (StorageContainerManager.java:stop(822)) - Stopping datanode service RPC server
2019-09-25 06:34:29,173 [main] INFO  server.SCMDatanodeProtocolServer (SCMDatanodeProtocolServer.java:stop(367)) - Stopping the RPC server for DataNodes
2019-09-25 06:34:29,174 [main] INFO  ipc.Server (Server.java:stop(3082)) - Stopping server on 40766
2019-09-25 06:34:29,175 [IPC Server listener on 40766] INFO  ipc.Server (Server.java:run(1185)) - Stopping IPC Server listener on 40766
2019-09-25 06:34:29,176 [IPC Server Responder] INFO  ipc.Server (Server.java:run(1319)) - Stopping IPC Server Responder
2019-09-25 06:34:29,272 [SCM Heartbeat Processing Thread - 0] WARN  node.NodeStateManager (NodeStateManager.java:scheduleNextHealthCheck(655)) - Current Thread is interrupted, shutting down HB processing thread for Node Manager.
2019-09-25 06:34:29,272 [main] INFO  server.StorageContainerManager (StorageContainerManager.java:stop(830)) - Stopping block service RPC server
2019-09-25 06:34:29,272 [main] INFO  server.SCMBlockProtocolServer (SCMBlockProtocolServer.java:stop(155)) - Stopping the RPC server for Block Protocol
2019-09-25 06:34:29,272 [main] INFO  ipc.Server (Server.java:stop(3082)) - Stopping server on 35789
2019-09-25 06:34:29,274 [IPC Server listener on 35789] INFO  ipc.Server (Server.java:run(1185)) - Stopping IPC Server listener on 35789
2019-09-25 06:34:29,275 [main] INFO  server.StorageContainerManager (StorageContainerManager.java:stop(837)) - Stopping the StorageContainerLocationProtocol RPC server
2019-09-25 06:34:29,275 [IPC Server Responder] INFO  ipc.Server (Server.java:run(1319)) - Stopping IPC Server Responder
2019-09-25 06:34:29,275 [main] INFO  server.SCMClientProtocolServer (SCMClientProtocolServer.java:stop(159)) - Stopping the RPC server for Client Protocol
2019-09-25 06:34:29,276 [main] INFO  ipc.Server (Server.java:stop(3082)) - Stopping server on 35629
2019-09-25 06:34:29,277 [main] INFO  server.StorageContainerManager (StorageContainerManager.java:stop(844)) - Stopping Storage Container Manager HTTP server.
2019-09-25 06:34:29,277 [IPC Server listener on 35629] INFO  ipc.Server (Server.java:run(1185)) - Stopping IPC Server listener on 35629
2019-09-25 06:34:29,278 [IPC Server Responder] INFO  ipc.Server (Server.java:run(1319)) - Stopping IPC Server Responder
2019-09-25 06:34:29,279 [main] INFO  handler.ContextHandler (ContextHandler.java:doStop(910)) - Stopped o.e.j.w.WebAppContext@5a021cb9{/,null,UNAVAILABLE}{/scm}
2019-09-25 06:34:29,280 [main] INFO  server.AbstractConnector (AbstractConnector.java:doStop(318)) - Stopped ServerConnector@287f94b1{HTTP/1.1,[http/1.1]}{0.0.0.0:0}
2019-09-25 06:34:29,280 [main] INFO  handler.ContextHandler (ContextHandler.java:doStop(910)) - Stopped o.e.j.s.ServletContextHandler@5c10f1c3{/static,jar:file:/home/user/.m2/repository/org/apache/hadoop/hadoop-hdds-server-scm/0.5.0-SNAPSHOT/hadoop-hdds-server-scm-0.5.0-SNAPSHOT.jar!/webapps/static,UNAVAILABLE}
2019-09-25 06:34:29,280 [main] INFO  handler.ContextHandler (ContextHandler.java:doStop(910)) - Stopped o.e.j.s.ServletContextHandler@68fa0ba8{/logs,file:///workdir/hadoop-ozone/ozonefs/target/log,UNAVAILABLE}
2019-09-25 06:34:29,281 [main] INFO  server.StorageContainerManager (StorageContainerManager.java:stop(855)) - Stopping Block Manager Service.
2019-09-25 06:34:29,281 [main] INFO  utils.BackgroundService (BackgroundService.java:shutdown(148)) - Shutting down service SCMBlockDeletingService
2019-09-25 06:34:29,282 [main] INFO  utils.BackgroundService (BackgroundService.java:shutdown(148)) - Shutting down service SCMBlockDeletingService
2019-09-25 06:34:29,282 [main] INFO  server.StorageContainerManager (StorageContainerManager.java:stop(877)) - Stopping SCM Event Queue.
2019-09-25 06:34:29,288 [main] INFO  impl.MetricsSystemImpl (MetricsSystemImpl.java:stop(210)) - Stopping ratis metrics system...
2019-09-25 06:34:29,305 [prometheus] INFO  impl.MetricsSinkAdapter (MetricsSinkAdapter.java:publishMetricsFromQueue(141)) - prometheus thread interrupted.
2019-09-25 06:34:29,305 [main] INFO  impl.MetricsSystemImpl (MetricsSystemImpl.java:stop(216)) - ratis metrics system stopped.
]]></system-out>
    <system-err><![CDATA[ERROR StatusLogger No Log4j 2 configuration file found. Using default configuration (logging only errors to the console), or user programmatically provided configurations. Set system property 'log4j2.debug' to show Log4j 2 internal initialization logging. See https://logging.apache.org/log4j/2.x/manual/configuration.html for instructions on how to configure Log4j 2
Sep 25, 2019 6:34:18 AM org.apache.ratis.thirdparty.io.grpc.internal.SerializingExecutor run
SEVERE: Exception while executing runnable org.apache.ratis.thirdparty.io.grpc.internal.ServerImpl$JumpToApplicationThreadServerStreamListener$1Closed@d03760e
org.apache.ratis.thirdparty.io.grpc.StatusRuntimeException: CANCELLED: call already cancelled
	at org.apache.ratis.thirdparty.io.grpc.Status.asRuntimeException(Status.java:517)
	at org.apache.ratis.thirdparty.io.grpc.stub.ServerCalls$ServerCallStreamObserverImpl.onCompleted(ServerCalls.java:356)
	at org.apache.ratis.grpc.server.GrpcServerProtocolService$ServerRequestStreamObserver.onError(GrpcServerProtocolService.java:121)
	at org.apache.ratis.thirdparty.io.grpc.stub.ServerCalls$StreamingServerCallHandler$StreamingServerCallListener.onCancel(ServerCalls.java:269)
	at org.apache.ratis.thirdparty.io.grpc.internal.ServerCallImpl$ServerStreamListenerImpl.closed(ServerCallImpl.java:293)
	at org.apache.ratis.thirdparty.io.grpc.internal.ServerImpl$JumpToApplicationThreadServerStreamListener$1Closed.runInContext(ServerImpl.java:741)
	at org.apache.ratis.thirdparty.io.grpc.internal.ContextRunnable.run(ContextRunnable.java:37)
	at org.apache.ratis.thirdparty.io.grpc.internal.SerializingExecutor.run(SerializingExecutor.java:123)
	at java.util.concurrent.ThreadPoolExecutor.runWorker(ThreadPoolExecutor.java:1149)
	at java.util.concurrent.ThreadPoolExecutor$Worker.run(ThreadPoolExecutor.java:624)
	at java.lang.Thread.run(Thread.java:748)

Sep 25, 2019 6:34:18 AM org.apache.ratis.thirdparty.io.grpc.internal.SerializingExecutor run
SEVERE: Exception while executing runnable org.apache.ratis.thirdparty.io.grpc.internal.ServerImpl$JumpToApplicationThreadServerStreamListener$1Closed@7d75eace
org.apache.ratis.thirdparty.io.grpc.StatusRuntimeException: CANCELLED: call already cancelled
	at org.apache.ratis.thirdparty.io.grpc.Status.asRuntimeException(Status.java:517)
	at org.apache.ratis.thirdparty.io.grpc.stub.ServerCalls$ServerCallStreamObserverImpl.onCompleted(ServerCalls.java:356)
	at org.apache.ratis.grpc.server.GrpcServerProtocolService$ServerRequestStreamObserver.onError(GrpcServerProtocolService.java:121)
	at org.apache.ratis.thirdparty.io.grpc.stub.ServerCalls$StreamingServerCallHandler$StreamingServerCallListener.onCancel(ServerCalls.java:269)
	at org.apache.ratis.thirdparty.io.grpc.internal.ServerCallImpl$ServerStreamListenerImpl.closed(ServerCallImpl.java:293)
	at org.apache.ratis.thirdparty.io.grpc.internal.ServerImpl$JumpToApplicationThreadServerStreamListener$1Closed.runInContext(ServerImpl.java:741)
	at org.apache.ratis.thirdparty.io.grpc.internal.ContextRunnable.run(ContextRunnable.java:37)
	at org.apache.ratis.thirdparty.io.grpc.internal.SerializingExecutor.run(SerializingExecutor.java:123)
	at java.util.concurrent.ThreadPoolExecutor.runWorker(ThreadPoolExecutor.java:1149)
	at java.util.concurrent.ThreadPoolExecutor$Worker.run(ThreadPoolExecutor.java:624)
	at java.lang.Thread.run(Thread.java:748)

]]></system-err>
  </testcase>
</testsuite>