<?xml version="1.0" encoding="UTF-8"?>
<testsuite xmlns:xsi="http://www.w3.org/2001/XMLSchema-instance" xsi:noNamespaceSchemaLocation="https://maven.apache.org/surefire/maven-surefire-plugin/xsd/surefire-test-report.xsd" name="org.apache.hadoop.fs.ozone.TestOzoneFileInterfaces" time="751.462" tests="12" errors="2" skipped="0" failures="0">
  <properties>
    <property name="awt.toolkit" value="sun.awt.X11.XToolkit"/>
    <property name="file.encoding.pkg" value="sun.io"/>
    <property name="java.specification.version" value="1.8"/>
    <property name="sun.cpu.isalist" value=""/>
    <property name="sun.jnu.encoding" value="UTF-8"/>
    <property name="java.class.path" value="/workdir/hadoop-ozone/ozonefs/target/test-classes:/workdir/hadoop-ozone/ozonefs/target/classes:/home/user/.m2/repository/org/apache/hadoop/hadoop-common/3.2.0/hadoop-common-3.2.0.jar:/home/user/.m2/repository/org/apache/hadoop/hadoop-annotations/3.2.0/hadoop-annotations-3.2.0.jar:/usr/lib/jvm/java-1.8-openjdk/jre/../lib/tools.jar:/home/user/.m2/repository/com/google/guava/guava/11.0.2/guava-11.0.2.jar:/home/user/.m2/repository/commons-cli/commons-cli/1.2/commons-cli-1.2.jar:/home/user/.m2/repository/org/apache/commons/commons-math3/3.1.1/commons-math3-3.1.1.jar:/home/user/.m2/repository/org/apache/httpcomponents/httpclient/4.5.2/httpclient-4.5.2.jar:/home/user/.m2/repository/org/apache/httpcomponents/httpcore/4.4.4/httpcore-4.4.4.jar:/home/user/.m2/repository/commons-codec/commons-codec/1.11/commons-codec-1.11.jar:/home/user/.m2/repository/commons-io/commons-io/2.5/commons-io-2.5.jar:/home/user/.m2/repository/commons-net/commons-net/3.6/commons-net-3.6.jar:/home/user/.m2/repository/commons-collections/commons-collections/3.2.2/commons-collections-3.2.2.jar:/home/user/.m2/repository/javax/servlet/javax.servlet-api/3.1.0/javax.servlet-api-3.1.0.jar:/home/user/.m2/repository/org/eclipse/jetty/jetty-server/9.3.25.v20180904/jetty-server-9.3.25.v20180904.jar:/home/user/.m2/repository/org/eclipse/jetty/jetty-http/9.3.25.v20180904/jetty-http-9.3.25.v20180904.jar:/home/user/.m2/repository/org/eclipse/jetty/jetty-io/9.3.25.v20180904/jetty-io-9.3.25.v20180904.jar:/home/user/.m2/repository/org/eclipse/jetty/jetty-util/9.3.25.v20180904/jetty-util-9.3.25.v20180904.jar:/home/user/.m2/repository/org/eclipse/jetty/jetty-servlet/9.3.25.v20180904/jetty-servlet-9.3.25.v20180904.jar:/home/user/.m2/repository/org/eclipse/jetty/jetty-security/9.3.25.v20180904/jetty-security-9.3.25.v20180904.jar:/home/user/.m2/repository/org/eclipse/jetty/jetty-webapp/9.3.25.v20180904/jetty-webapp-9.3.25.v20180904.jar:/home/user/.m2/repository/org/eclipse/jetty/jetty-xml/9.3.25.v20180904/jetty-xml-9.3.25.v20180904.jar:/home/user/.m2/repository/javax/servlet/jsp/jsp-api/2.1/jsp-api-2.1.jar:/home/user/.m2/repository/com/sun/jersey/jersey-core/1.19/jersey-core-1.19.jar:/home/user/.m2/repository/javax/ws/rs/jsr311-api/1.1.1/jsr311-api-1.1.1.jar:/home/user/.m2/repository/com/sun/jersey/jersey-servlet/1.19/jersey-servlet-1.19.jar:/home/user/.m2/repository/com/sun/jersey/jersey-json/1.19/jersey-json-1.19.jar:/home/user/.m2/repository/org/codehaus/jettison/jettison/1.1/jettison-1.1.jar:/home/user/.m2/repository/com/sun/xml/bind/jaxb-impl/2.3.0.1/jaxb-impl-2.3.0.1.jar:/home/user/.m2/repository/org/codehaus/jackson/jackson-core-asl/1.9.13/jackson-core-asl-1.9.13.jar:/home/user/.m2/repository/org/codehaus/jackson/jackson-mapper-asl/1.9.13/jackson-mapper-asl-1.9.13.jar:/home/user/.m2/repository/org/codehaus/jackson/jackson-jaxrs/1.9.13/jackson-jaxrs-1.9.13.jar:/home/user/.m2/repository/org/codehaus/jackson/jackson-xc/1.9.13/jackson-xc-1.9.13.jar:/home/user/.m2/repository/com/sun/jersey/jersey-server/1.19/jersey-server-1.19.jar:/home/user/.m2/repository/commons-logging/commons-logging/1.1.3/commons-logging-1.1.3.jar:/home/user/.m2/repository/log4j/log4j/1.2.17/log4j-1.2.17.jar:/home/user/.m2/repository/commons-beanutils/commons-beanutils/1.9.4/commons-beanutils-1.9.4.jar:/home/user/.m2/repository/org/apache/commons/commons-configuration2/2.1.1/commons-configuration2-2.1.1.jar:/home/user/.m2/repository/org/apache/commons/commons-lang3/3.7/commons-lang3-3.7.jar:/home/user/.m2/repository/org/apache/commons/commons-text/1.4/commons-text-1.4.jar:/home/user/.m2/repository/org/slf4j/slf4j-api/1.7.25/slf4j-api-1.7.25.jar:/home/user/.m2/repository/org/slf4j/slf4j-log4j12/1.7.25/slf4j-log4j12-1.7.25.jar:/home/user/.m2/repository/org/apache/avro/avro/1.7.7/avro-1.7.7.jar:/home/user/.m2/repository/com/thoughtworks/paranamer/paranamer/2.3/paranamer-2.3.jar:/home/user/.m2/repository/org/xerial/snappy/snappy-java/1.0.5/snappy-java-1.0.5.jar:/home/user/.m2/repository/com/google/re2j/re2j/1.1/re2j-1.1.jar:/home/user/.m2/repository/com/google/protobuf/protobuf-java/2.5.0/protobuf-java-2.5.0.jar:/home/user/.m2/repository/com/google/code/gson/gson/2.2.4/gson-2.2.4.jar:/home/user/.m2/repository/org/apache/hadoop/hadoop-auth/3.2.0/hadoop-auth-3.2.0.jar:/home/user/.m2/repository/com/nimbusds/nimbus-jose-jwt/4.41.1/nimbus-jose-jwt-4.41.1.jar:/home/user/.m2/repository/com/github/stephenc/jcip/jcip-annotations/1.0-1/jcip-annotations-1.0-1.jar:/home/user/.m2/repository/net/minidev/json-smart/2.3/json-smart-2.3.jar:/home/user/.m2/repository/net/minidev/accessors-smart/1.2/accessors-smart-1.2.jar:/home/user/.m2/repository/org/apache/curator/curator-framework/2.12.0/curator-framework-2.12.0.jar:/home/user/.m2/repository/com/jcraft/jsch/0.1.54/jsch-0.1.54.jar:/home/user/.m2/repository/org/apache/curator/curator-client/2.12.0/curator-client-2.12.0.jar:/home/user/.m2/repository/org/apache/curator/curator-recipes/2.12.0/curator-recipes-2.12.0.jar:/home/user/.m2/repository/com/google/code/findbugs/jsr305/3.0.0/jsr305-3.0.0.jar:/home/user/.m2/repository/org/apache/htrace/htrace-core4/4.1.0-incubating/htrace-core4-4.1.0-incubating.jar:/home/user/.m2/repository/org/apache/zookeeper/zookeeper/3.4.13/zookeeper-3.4.13.jar:/home/user/.m2/repository/jline/jline/0.9.94/jline-0.9.94.jar:/home/user/.m2/repository/org/apache/yetus/audience-annotations/0.5.0/audience-annotations-0.5.0.jar:/home/user/.m2/repository/org/apache/commons/commons-compress/1.4.1/commons-compress-1.4.1.jar:/home/user/.m2/repository/org/tukaani/xz/1.0/xz-1.0.jar:/home/user/.m2/repository/org/apache/kerby/kerb-simplekdc/1.0.1/kerb-simplekdc-1.0.1.jar:/home/user/.m2/repository/org/apache/kerby/kerb-client/1.0.1/kerb-client-1.0.1.jar:/home/user/.m2/repository/org/apache/kerby/kerby-config/1.0.1/kerby-config-1.0.1.jar:/home/user/.m2/repository/org/apache/kerby/kerb-core/1.0.1/kerb-core-1.0.1.jar:/home/user/.m2/repository/org/apache/kerby/kerby-pkix/1.0.1/kerby-pkix-1.0.1.jar:/home/user/.m2/repository/org/apache/kerby/kerby-asn1/1.0.1/kerby-asn1-1.0.1.jar:/home/user/.m2/repository/org/apache/kerby/kerby-util/1.0.1/kerby-util-1.0.1.jar:/home/user/.m2/repository/org/apache/kerby/kerb-common/1.0.1/kerb-common-1.0.1.jar:/home/user/.m2/repository/org/apache/kerby/kerb-crypto/1.0.1/kerb-crypto-1.0.1.jar:/home/user/.m2/repository/org/apache/kerby/kerb-util/1.0.1/kerb-util-1.0.1.jar:/home/user/.m2/repository/org/apache/kerby/token-provider/1.0.1/token-provider-1.0.1.jar:/home/user/.m2/repository/org/apache/kerby/kerb-admin/1.0.1/kerb-admin-1.0.1.jar:/home/user/.m2/repository/org/apache/kerby/kerb-server/1.0.1/kerb-server-1.0.1.jar:/home/user/.m2/repository/org/apache/kerby/kerb-identity/1.0.1/kerb-identity-1.0.1.jar:/home/user/.m2/repository/org/apache/kerby/kerby-xdr/1.0.1/kerby-xdr-1.0.1.jar:/home/user/.m2/repository/com/fasterxml/jackson/core/jackson-databind/2.9.9/jackson-databind-2.9.9.jar:/home/user/.m2/repository/com/fasterxml/jackson/core/jackson-annotations/2.9.9/jackson-annotations-2.9.9.jar:/home/user/.m2/repository/com/fasterxml/jackson/core/jackson-core/2.9.9/jackson-core-2.9.9.jar:/home/user/.m2/repository/org/codehaus/woodstox/stax2-api/3.1.4/stax2-api-3.1.4.jar:/home/user/.m2/repository/com/fasterxml/woodstox/woodstox-core/5.0.3/woodstox-core-5.0.3.jar:/home/user/.m2/repository/dnsjava/dnsjava/2.1.7/dnsjava-2.1.7.jar:/home/user/.m2/repository/org/apache/hadoop/hadoop-hdfs/3.2.0/hadoop-hdfs-3.2.0.jar:/home/user/.m2/repository/org/eclipse/jetty/jetty-util-ajax/9.3.25.v20180904/jetty-util-ajax-9.3.25.v20180904.jar:/home/user/.m2/repository/commons-daemon/commons-daemon/1.0.13/commons-daemon-1.0.13.jar:/home/user/.m2/repository/io/netty/netty/3.10.5.Final/netty-3.10.5.Final.jar:/home/user/.m2/repository/io/netty/netty-all/4.0.52.Final/netty-all-4.0.52.Final.jar:/home/user/.m2/repository/org/fusesource/leveldbjni/leveldbjni-all/1.8/leveldbjni-all-1.8.jar:/home/user/.m2/repository/org/apache/hadoop/hadoop-hdds-common/0.5.0-SNAPSHOT/hadoop-hdds-common-0.5.0-SNAPSHOT.jar:/home/user/.m2/repository/org/apache/hadoop/hadoop-hdds-config/0.5.0-SNAPSHOT/hadoop-hdds-config-0.5.0-SNAPSHOT.jar:/home/user/.m2/repository/javax/annotation/javax.annotation-api/1.2/javax.annotation-api-1.2.jar:/home/user/.m2/repository/org/apache/ratis/ratis-server/0.4.0/ratis-server-0.4.0.jar:/home/user/.m2/repository/org/apache/ratis/ratis-thirdparty-misc/0.2.0/ratis-thirdparty-misc-0.2.0.jar:/home/user/.m2/repository/org/apache/ratis/ratis-proto/0.4.0/ratis-proto-0.4.0.jar:/home/user/.m2/repository/org/apache/ratis/ratis-common/0.4.0/ratis-common-0.4.0.jar:/home/user/.m2/repository/org/apache/ratis/ratis-client/0.4.0/ratis-client-0.4.0.jar:/home/user/.m2/repository/org/apache/ratis/ratis-metrics/0.4.0/ratis-metrics-0.4.0.jar:/home/user/.m2/repository/com/github/joshelser/dropwizard-metrics-hadoop-metrics2-reporter/0.1.2/dropwizard-metrics-hadoop-metrics2-reporter-0.1.2.jar:/home/user/.m2/repository/io/dropwizard/metrics/metrics-jvm/3.2.5/metrics-jvm-3.2.5.jar:/home/user/.m2/repository/io/dropwizard/metrics/metrics-ganglia/3.2.5/metrics-ganglia-3.2.5.jar:/home/user/.m2/repository/info/ganglia/gmetric4j/gmetric4j/1.0.7/gmetric4j-1.0.7.jar:/home/user/.m2/repository/org/apache/ratis/ratis-netty/0.4.0/ratis-netty-0.4.0.jar:/home/user/.m2/repository/org/apache/ratis/ratis-grpc/0.4.0/ratis-grpc-0.4.0.jar:/home/user/.m2/repository/org/rocksdb/rocksdbjni/6.0.1/rocksdbjni-6.0.1.jar:/home/user/.m2/repository/org/apache/logging/log4j/log4j-api/2.11.0/log4j-api-2.11.0.jar:/home/user/.m2/repository/org/apache/logging/log4j/log4j-core/2.11.0/log4j-core-2.11.0.jar:/home/user/.m2/repository/com/lmax/disruptor/3.4.2/disruptor-3.4.2.jar:/home/user/.m2/repository/org/apache/commons/commons-pool2/2.6.0/commons-pool2-2.6.0.jar:/home/user/.m2/repository/org/bouncycastle/bcpkix-jdk15on/1.60/bcpkix-jdk15on-1.60.jar:/home/user/.m2/repository/commons-validator/commons-validator/1.6/commons-validator-1.6.jar:/home/user/.m2/repository/commons-digester/commons-digester/1.8.1/commons-digester-1.8.1.jar:/home/user/.m2/repository/io/jaegertracing/jaeger-client/0.34.0/jaeger-client-0.34.0.jar:/home/user/.m2/repository/io/jaegertracing/jaeger-thrift/0.34.0/jaeger-thrift-0.34.0.jar:/home/user/.m2/repository/org/apache/thrift/libthrift/0.12.0/libthrift-0.12.0.jar:/home/user/.m2/repository/com/squareup/okhttp3/okhttp/3.9.0/okhttp-3.9.0.jar:/home/user/.m2/repository/com/squareup/okio/okio/1.13.0/okio-1.13.0.jar:/home/user/.m2/repository/io/jaegertracing/jaeger-core/0.34.0/jaeger-core-0.34.0.jar:/home/user/.m2/repository/io/jaegertracing/jaeger-tracerresolver/0.34.0/jaeger-tracerresolver-0.34.0.jar:/home/user/.m2/repository/io/opentracing/contrib/opentracing-tracerresolver/0.1.5/opentracing-tracerresolver-0.1.5.jar:/home/user/.m2/repository/io/opentracing/opentracing-util/0.31.0/opentracing-util-0.31.0.jar:/home/user/.m2/repository/io/opentracing/opentracing-api/0.31.0/opentracing-api-0.31.0.jar:/home/user/.m2/repository/io/opentracing/opentracing-noop/0.31.0/opentracing-noop-0.31.0.jar:/home/user/.m2/repository/org/yaml/snakeyaml/1.16/snakeyaml-1.16.jar:/home/user/.m2/repository/org/apache/hadoop/hadoop-hdfs-client/3.2.0/hadoop-hdfs-client-3.2.0.jar:/home/user/.m2/repository/info/picocli/picocli/3.9.6/picocli-3.9.6.jar:/home/user/.m2/repository/org/apache/hadoop/hadoop-hdds-server-scm/0.5.0-SNAPSHOT/hadoop-hdds-server-scm-0.5.0-SNAPSHOT.jar:/home/user/.m2/repository/org/apache/hadoop/hadoop-hdds-docs/0.5.0-SNAPSHOT/hadoop-hdds-docs-0.5.0-SNAPSHOT.jar:/home/user/.m2/repository/io/dropwizard/metrics/metrics-core/3.2.4/metrics-core-3.2.4.jar:/home/user/.m2/repository/org/hamcrest/hamcrest-all/1.3/hamcrest-all-1.3.jar:/home/user/.m2/repository/org/bouncycastle/bcprov-jdk15on/1.60/bcprov-jdk15on-1.60.jar:/home/user/.m2/repository/org/apache/hadoop/hadoop-hdds-server-framework/0.5.0-SNAPSHOT/hadoop-hdds-server-framework-0.5.0-SNAPSHOT.jar:/home/user/.m2/repository/org/apache/hadoop/hadoop-ozone-ozone-manager/0.5.0-SNAPSHOT/hadoop-ozone-ozone-manager-0.5.0-SNAPSHOT.jar:/home/user/.m2/repository/org/apache/hadoop/hadoop-hdds-container-service/0.5.0-SNAPSHOT/hadoop-hdds-container-service-0.5.0-SNAPSHOT.jar:/home/user/.m2/repository/org/apache/hadoop/hadoop-hdds-client/0.5.0-SNAPSHOT/hadoop-hdds-client-0.5.0-SNAPSHOT.jar:/home/user/.m2/repository/org/apache/hadoop/hadoop-ozone-common/0.5.0-SNAPSHOT/hadoop-ozone-common-0.5.0-SNAPSHOT.jar:/home/user/.m2/repository/org/apache/hadoop/hadoop-hdds-tools/0.5.0-SNAPSHOT/hadoop-hdds-tools-0.5.0-SNAPSHOT.jar:/home/user/.m2/repository/org/xerial/sqlite-jdbc/3.25.2/sqlite-jdbc-3.25.2.jar:/home/user/.m2/repository/com/google/code/findbugs/findbugs/3.0.1/findbugs-3.0.1.jar:/home/user/.m2/repository/net/jcip/jcip-annotations/1.0/jcip-annotations-1.0.jar:/home/user/.m2/repository/com/google/code/findbugs/bcel-findbugs/6.0/bcel-findbugs-6.0.jar:/home/user/.m2/repository/com/google/code/findbugs/jFormatString/2.0.1/jFormatString-2.0.1.jar:/home/user/.m2/repository/dom4j/dom4j/1.6.1/dom4j-1.6.1.jar:/home/user/.m2/repository/xml-apis/xml-apis/1.0.b2/xml-apis-1.0.b2.jar:/home/user/.m2/repository/org/ow2/asm/asm-debug-all/5.0.2/asm-debug-all-5.0.2.jar:/home/user/.m2/repository/org/ow2/asm/asm-commons/5.0.2/asm-commons-5.0.2.jar:/home/user/.m2/repository/org/ow2/asm/asm-tree/5.0.2/asm-tree-5.0.2.jar:/home/user/.m2/repository/org/ow2/asm/asm/5.0.4/asm-5.0.4.jar:/home/user/.m2/repository/commons-lang/commons-lang/2.6/commons-lang-2.6.jar:/home/user/.m2/repository/com/apple/AppleJavaExtensions/1.4/AppleJavaExtensions-1.4.jar:/home/user/.m2/repository/jaxen/jaxen/1.1.6/jaxen-1.1.6.jar:/home/user/.m2/repository/org/apache/hadoop/hadoop-common/3.2.0/hadoop-common-3.2.0-tests.jar:/home/user/.m2/repository/org/apache/hadoop/hadoop-ozone-client/0.5.0-SNAPSHOT/hadoop-ozone-client-0.5.0-SNAPSHOT.jar:/home/user/.m2/repository/org/apache/hadoop/hadoop-hdfs/3.2.0/hadoop-hdfs-3.2.0-tests.jar:/workdir/hadoop-ozone/integration-test/target/test-classes:/home/user/.m2/repository/org/apache/hadoop/hadoop-ozone-s3gateway/0.5.0-SNAPSHOT/hadoop-ozone-s3gateway-0.5.0-SNAPSHOT.jar:/home/user/.m2/repository/org/jboss/weld/servlet/weld-servlet/2.4.7.Final/weld-servlet-2.4.7.Final.jar:/home/user/.m2/repository/org/glassfish/jersey/containers/jersey-container-servlet-core/2.27/jersey-container-servlet-core-2.27.jar:/home/user/.m2/repository/org/glassfish/hk2/external/javax.inject/2.5.0-b42/javax.inject-2.5.0-b42.jar:/home/user/.m2/repository/org/glassfish/jersey/core/jersey-common/2.27/jersey-common-2.27.jar:/home/user/.m2/repository/org/glassfish/hk2/osgi-resource-locator/1.0.1/osgi-resource-locator-1.0.1.jar:/home/user/.m2/repository/javax/ws/rs/javax.ws.rs-api/2.1/javax.ws.rs-api-2.1.jar:/home/user/.m2/repository/org/glassfish/jersey/ext/cdi/jersey-cdi1x/2.27/jersey-cdi1x-2.27.jar:/home/user/.m2/repository/org/glassfish/jersey/inject/jersey-hk2/2.27/jersey-hk2-2.27.jar:/home/user/.m2/repository/org/glassfish/hk2/hk2-locator/2.5.0-b42/hk2-locator-2.5.0-b42.jar:/home/user/.m2/repository/org/javassist/javassist/3.22.0-CR2/javassist-3.22.0-CR2.jar:/home/user/.m2/repository/org/glassfish/hk2/hk2-api/2.5.0/hk2-api-2.5.0.jar:/home/user/.m2/repository/org/glassfish/hk2/external/jakarta.inject/2.5.0/jakarta.inject-2.5.0.jar:/home/user/.m2/repository/org/glassfish/hk2/hk2-utils/2.5.0/hk2-utils-2.5.0.jar:/home/user/.m2/repository/jakarta/annotation/jakarta.annotation-api/1.3.4/jakarta.annotation-api-1.3.4.jar:/home/user/.m2/repository/org/glassfish/hk2/external/aopalliance-repackaged/2.5.0/aopalliance-repackaged-2.5.0.jar:/home/user/.m2/repository/com/fasterxml/jackson/dataformat/jackson-dataformat-xml/2.9.0/jackson-dataformat-xml-2.9.0.jar:/home/user/.m2/repository/com/fasterxml/jackson/module/jackson-module-jaxb-annotations/2.9.9/jackson-module-jaxb-annotations-2.9.9.jar:/home/user/.m2/repository/javax/enterprise/cdi-api/1.2/cdi-api-1.2.jar:/home/user/.m2/repository/javax/el/javax.el-api/3.0.0/javax.el-api-3.0.0.jar:/home/user/.m2/repository/javax/interceptor/javax.interceptor-api/1.2/javax.interceptor-api-1.2.jar:/home/user/.m2/repository/javax/inject/javax.inject/1/javax.inject-1.jar:/home/user/.m2/repository/com/sun/xml/bind/jaxb-core/2.3.0.1/jaxb-core-2.3.0.1.jar:/home/user/.m2/repository/javax/xml/bind/jaxb-api/2.3.0/jaxb-api-2.3.0.jar:/home/user/.m2/repository/javax/activation/activation/1.1.1/activation-1.1.1.jar:/home/user/.m2/repository/org/apache/hadoop/hadoop-ozone-csi/0.5.0-SNAPSHOT/hadoop-ozone-csi-0.5.0-SNAPSHOT.jar:/home/user/.m2/repository/com/google/protobuf/protobuf-java-util/3.5.1/protobuf-java-util-3.5.1.jar:/home/user/.m2/repository/io/grpc/grpc-netty/1.17.1/grpc-netty-1.17.1.jar:/home/user/.m2/repository/io/grpc/grpc-core/1.17.1/grpc-core-1.17.1.jar:/home/user/.m2/repository/io/grpc/grpc-context/1.17.1/grpc-context-1.17.1.jar:/home/user/.m2/repository/com/google/errorprone/error_prone_annotations/2.2.0/error_prone_annotations-2.2.0.jar:/home/user/.m2/repository/org/codehaus/mojo/animal-sniffer-annotations/1.17/animal-sniffer-annotations-1.17.jar:/home/user/.m2/repository/io/opencensus/opencensus-api/0.17.0/opencensus-api-0.17.0.jar:/home/user/.m2/repository/io/opencensus/opencensus-contrib-grpc-metrics/0.17.0/opencensus-contrib-grpc-metrics-0.17.0.jar:/home/user/.m2/repository/io/netty/netty-codec-http2/4.1.30.Final/netty-codec-http2-4.1.30.Final.jar:/home/user/.m2/repository/io/netty/netty-codec-http/4.1.30.Final/netty-codec-http-4.1.30.Final.jar:/home/user/.m2/repository/io/netty/netty-codec/4.1.30.Final/netty-codec-4.1.30.Final.jar:/home/user/.m2/repository/io/netty/netty-handler/4.1.30.Final/netty-handler-4.1.30.Final.jar:/home/user/.m2/repository/io/netty/netty-handler-proxy/4.1.30.Final/netty-handler-proxy-4.1.30.Final.jar:/home/user/.m2/repository/io/netty/netty-codec-socks/4.1.30.Final/netty-codec-socks-4.1.30.Final.jar:/home/user/.m2/repository/io/netty/netty-transport-native-epoll/4.1.30.Final/netty-transport-native-epoll-4.1.30.Final.jar:/home/user/.m2/repository/io/netty/netty-common/4.1.30.Final/netty-common-4.1.30.Final.jar:/home/user/.m2/repository/io/netty/netty-buffer/4.1.30.Final/netty-buffer-4.1.30.Final.jar:/home/user/.m2/repository/io/netty/netty-transport/4.1.30.Final/netty-transport-4.1.30.Final.jar:/home/user/.m2/repository/io/netty/netty-resolver/4.1.30.Final/netty-resolver-4.1.30.Final.jar:/home/user/.m2/repository/io/netty/netty-transport-native-unix-common/4.1.30.Final/netty-transport-native-unix-common-4.1.30.Final.jar:/home/user/.m2/repository/io/grpc/grpc-protobuf/1.17.1/grpc-protobuf-1.17.1.jar:/home/user/.m2/repository/com/google/api/grpc/proto-google-common-protos/1.0.0/proto-google-common-protos-1.0.0.jar:/home/user/.m2/repository/io/grpc/grpc-protobuf-lite/1.17.1/grpc-protobuf-lite-1.17.1.jar:/home/user/.m2/repository/io/grpc/grpc-stub/1.17.1/grpc-stub-1.17.1.jar:/home/user/.m2/repository/org/apache/hadoop/hadoop-ozone-recon/0.5.0-SNAPSHOT/hadoop-ozone-recon-0.5.0-SNAPSHOT.jar:/home/user/.m2/repository/org/apache/hadoop/hadoop-ozone-reconcodegen/0.5.0-SNAPSHOT/hadoop-ozone-reconcodegen-0.5.0-SNAPSHOT.jar:/home/user/.m2/repository/com/google/inject/extensions/guice-multibindings/4.0/guice-multibindings-4.0.jar:/home/user/.m2/repository/com/google/inject/guice/4.0/guice-4.0.jar:/home/user/.m2/repository/aopalliance/aopalliance/1.0/aopalliance-1.0.jar:/home/user/.m2/repository/org/glassfish/jersey/containers/jersey-container-servlet/2.27/jersey-container-servlet-2.27.jar:/home/user/.m2/repository/org/glassfish/hk2/guice-bridge/2.5.0/guice-bridge-2.5.0.jar:/home/user/.m2/repository/org/glassfish/jersey/core/jersey-server/2.27/jersey-server-2.27.jar:/home/user/.m2/repository/org/glassfish/jersey/core/jersey-client/2.27/jersey-client-2.27.jar:/home/user/.m2/repository/org/glassfish/jersey/media/jersey-media-jaxb/2.27/jersey-media-jaxb-2.27.jar:/home/user/.m2/repository/javax/validation/validation-api/1.1.0.Final/validation-api-1.1.0.Final.jar:/home/user/.m2/repository/org/glassfish/jersey/media/jersey-media-json-jackson/2.27/jersey-media-json-jackson-2.27.jar:/home/user/.m2/repository/org/glassfish/jersey/ext/jersey-entity-filtering/2.27/jersey-entity-filtering-2.27.jar:/home/user/.m2/repository/com/google/inject/extensions/guice-assistedinject/4.0/guice-assistedinject-4.0.jar:/home/user/.m2/repository/org/jooq/jooq/3.11.10/jooq-3.11.10.jar:/home/user/.m2/repository/org/jooq/jooq-meta/3.11.10/jooq-meta-3.11.10.jar:/home/user/.m2/repository/org/jooq/jooq-codegen/3.11.10/jooq-codegen-3.11.10.jar:/home/user/.m2/repository/com/jolbox/bonecp/0.8.0.RELEASE/bonecp-0.8.0.RELEASE.jar:/home/user/.m2/repository/org/springframework/spring-jdbc/5.1.3.RELEASE/spring-jdbc-5.1.3.RELEASE.jar:/home/user/.m2/repository/org/springframework/spring-beans/5.1.3.RELEASE/spring-beans-5.1.3.RELEASE.jar:/home/user/.m2/repository/org/springframework/spring-core/5.1.3.RELEASE/spring-core-5.1.3.RELEASE.jar:/home/user/.m2/repository/org/springframework/spring-jcl/5.1.3.RELEASE/spring-jcl-5.1.3.RELEASE.jar:/home/user/.m2/repository/org/springframework/spring-tx/5.1.3.RELEASE/spring-tx-5.1.3.RELEASE.jar:/home/user/.m2/repository/org/mockito/mockito-all/1.10.19/mockito-all-1.10.19.jar:/home/user/.m2/repository/junit/junit/4.11/junit-4.11.jar:/home/user/.m2/repository/org/hamcrest/hamcrest-core/1.3/hamcrest-core-1.3.jar:/home/user/.m2/repository/org/apache/hadoop/hadoop-distcp/3.2.0/hadoop-distcp-3.2.0.jar:/home/user/.m2/repository/org/apache/hadoop/hadoop-distcp/3.2.0/hadoop-distcp-3.2.0-tests.jar:/home/user/.m2/repository/org/apache/hadoop/hadoop-mapreduce-client-jobclient/3.2.0/hadoop-mapreduce-client-jobclient-3.2.0.jar:/home/user/.m2/repository/org/apache/hadoop/hadoop-mapreduce-client-common/3.2.0/hadoop-mapreduce-client-common-3.2.0.jar:/home/user/.m2/repository/org/apache/hadoop/hadoop-yarn-common/3.2.0/hadoop-yarn-common-3.2.0.jar:/home/user/.m2/repository/org/apache/hadoop/hadoop-yarn-api/3.2.0/hadoop-yarn-api-3.2.0.jar:/home/user/.m2/repository/com/sun/jersey/jersey-client/1.19/jersey-client-1.19.jar:/home/user/.m2/repository/com/sun/jersey/contribs/jersey-guice/1.19/jersey-guice-1.19.jar:/home/user/.m2/repository/com/fasterxml/jackson/jaxrs/jackson-jaxrs-json-provider/2.9.9/jackson-jaxrs-json-provider-2.9.9.jar:/home/user/.m2/repository/com/fasterxml/jackson/jaxrs/jackson-jaxrs-base/2.9.9/jackson-jaxrs-base-2.9.9.jar:/home/user/.m2/repository/org/apache/hadoop/hadoop-yarn-client/3.2.0/hadoop-yarn-client-3.2.0.jar:/home/user/.m2/repository/org/apache/hadoop/hadoop-mapreduce-client-core/3.2.0/hadoop-mapreduce-client-core-3.2.0.jar:/home/user/.m2/repository/com/google/inject/extensions/guice-servlet/4.0/guice-servlet-4.0.jar:/home/user/.m2/repository/org/powermock/powermock-module-junit4/1.6.5/powermock-module-junit4-1.6.5.jar:/home/user/.m2/repository/org/powermock/powermock-module-junit4-common/1.6.5/powermock-module-junit4-common-1.6.5.jar:/home/user/.m2/repository/org/powermock/powermock-core/1.6.5/powermock-core-1.6.5.jar:/home/user/.m2/repository/org/powermock/powermock-reflect/1.6.5/powermock-reflect-1.6.5.jar:/home/user/.m2/repository/org/powermock/powermock-api-mockito/1.6.5/powermock-api-mockito-1.6.5.jar:/home/user/.m2/repository/org/mockito/mockito-core/1.10.19/mockito-core-1.10.19.jar:/home/user/.m2/repository/org/objenesis/objenesis/1.0/objenesis-1.0.jar:/home/user/.m2/repository/org/powermock/powermock-api-mockito-common/1.6.5/powermock-api-mockito-common-1.6.5.jar:/home/user/.m2/repository/org/powermock/powermock-api-support/1.6.5/powermock-api-support-1.6.5.jar:"/>
    <property name="java.vm.vendor" value="IcedTea"/>
    <property name="sun.arch.data.model" value="64"/>
    <property name="test.build.dir" value="/workdir/hadoop-ozone/ozonefs/target/test-dir"/>
    <property name="test.cache.data" value=""/>
    <property name="java.vendor.url" value="https://icedtea.classpath.org"/>
    <property name="user.timezone" value=""/>
    <property name="java.vm.specification.version" value="1.8"/>
    <property name="os.name" value="Linux"/>
    <property name="test.build.data" value="/workdir/hadoop-ozone/ozonefs/target/test-dir"/>
    <property name="user.country" value="US"/>
    <property name="sun.java.launcher" value="SUN_STANDARD"/>
    <property name="sun.boot.library.path" value="/usr/lib/jvm/java-1.8-openjdk/jre/lib/amd64"/>
    <property name="sun.java.command" value="/workdir/hadoop-ozone/ozonefs/target/surefire/surefirebooter4800847818932975679.jar /workdir/hadoop-ozone/ozonefs/target/surefire 2019-09-25T04-13-15_280-jvmRun1 surefire1435393829123621533tmp surefire_912317263608224689948tmp"/>
    <property name="test" value="!TestMiniChaosOzoneCluster"/>
    <property name="surefire.test.class.path" value="/workdir/hadoop-ozone/ozonefs/target/test-classes:/workdir/hadoop-ozone/ozonefs/target/classes:/home/user/.m2/repository/org/apache/hadoop/hadoop-common/3.2.0/hadoop-common-3.2.0.jar:/home/user/.m2/repository/org/apache/hadoop/hadoop-annotations/3.2.0/hadoop-annotations-3.2.0.jar:/usr/lib/jvm/java-1.8-openjdk/jre/../lib/tools.jar:/home/user/.m2/repository/com/google/guava/guava/11.0.2/guava-11.0.2.jar:/home/user/.m2/repository/commons-cli/commons-cli/1.2/commons-cli-1.2.jar:/home/user/.m2/repository/org/apache/commons/commons-math3/3.1.1/commons-math3-3.1.1.jar:/home/user/.m2/repository/org/apache/httpcomponents/httpclient/4.5.2/httpclient-4.5.2.jar:/home/user/.m2/repository/org/apache/httpcomponents/httpcore/4.4.4/httpcore-4.4.4.jar:/home/user/.m2/repository/commons-codec/commons-codec/1.11/commons-codec-1.11.jar:/home/user/.m2/repository/commons-io/commons-io/2.5/commons-io-2.5.jar:/home/user/.m2/repository/commons-net/commons-net/3.6/commons-net-3.6.jar:/home/user/.m2/repository/commons-collections/commons-collections/3.2.2/commons-collections-3.2.2.jar:/home/user/.m2/repository/javax/servlet/javax.servlet-api/3.1.0/javax.servlet-api-3.1.0.jar:/home/user/.m2/repository/org/eclipse/jetty/jetty-server/9.3.25.v20180904/jetty-server-9.3.25.v20180904.jar:/home/user/.m2/repository/org/eclipse/jetty/jetty-http/9.3.25.v20180904/jetty-http-9.3.25.v20180904.jar:/home/user/.m2/repository/org/eclipse/jetty/jetty-io/9.3.25.v20180904/jetty-io-9.3.25.v20180904.jar:/home/user/.m2/repository/org/eclipse/jetty/jetty-util/9.3.25.v20180904/jetty-util-9.3.25.v20180904.jar:/home/user/.m2/repository/org/eclipse/jetty/jetty-servlet/9.3.25.v20180904/jetty-servlet-9.3.25.v20180904.jar:/home/user/.m2/repository/org/eclipse/jetty/jetty-security/9.3.25.v20180904/jetty-security-9.3.25.v20180904.jar:/home/user/.m2/repository/org/eclipse/jetty/jetty-webapp/9.3.25.v20180904/jetty-webapp-9.3.25.v20180904.jar:/home/user/.m2/repository/org/eclipse/jetty/jetty-xml/9.3.25.v20180904/jetty-xml-9.3.25.v20180904.jar:/home/user/.m2/repository/javax/servlet/jsp/jsp-api/2.1/jsp-api-2.1.jar:/home/user/.m2/repository/com/sun/jersey/jersey-core/1.19/jersey-core-1.19.jar:/home/user/.m2/repository/javax/ws/rs/jsr311-api/1.1.1/jsr311-api-1.1.1.jar:/home/user/.m2/repository/com/sun/jersey/jersey-servlet/1.19/jersey-servlet-1.19.jar:/home/user/.m2/repository/com/sun/jersey/jersey-json/1.19/jersey-json-1.19.jar:/home/user/.m2/repository/org/codehaus/jettison/jettison/1.1/jettison-1.1.jar:/home/user/.m2/repository/com/sun/xml/bind/jaxb-impl/2.3.0.1/jaxb-impl-2.3.0.1.jar:/home/user/.m2/repository/org/codehaus/jackson/jackson-core-asl/1.9.13/jackson-core-asl-1.9.13.jar:/home/user/.m2/repository/org/codehaus/jackson/jackson-mapper-asl/1.9.13/jackson-mapper-asl-1.9.13.jar:/home/user/.m2/repository/org/codehaus/jackson/jackson-jaxrs/1.9.13/jackson-jaxrs-1.9.13.jar:/home/user/.m2/repository/org/codehaus/jackson/jackson-xc/1.9.13/jackson-xc-1.9.13.jar:/home/user/.m2/repository/com/sun/jersey/jersey-server/1.19/jersey-server-1.19.jar:/home/user/.m2/repository/commons-logging/commons-logging/1.1.3/commons-logging-1.1.3.jar:/home/user/.m2/repository/log4j/log4j/1.2.17/log4j-1.2.17.jar:/home/user/.m2/repository/commons-beanutils/commons-beanutils/1.9.4/commons-beanutils-1.9.4.jar:/home/user/.m2/repository/org/apache/commons/commons-configuration2/2.1.1/commons-configuration2-2.1.1.jar:/home/user/.m2/repository/org/apache/commons/commons-lang3/3.7/commons-lang3-3.7.jar:/home/user/.m2/repository/org/apache/commons/commons-text/1.4/commons-text-1.4.jar:/home/user/.m2/repository/org/slf4j/slf4j-api/1.7.25/slf4j-api-1.7.25.jar:/home/user/.m2/repository/org/slf4j/slf4j-log4j12/1.7.25/slf4j-log4j12-1.7.25.jar:/home/user/.m2/repository/org/apache/avro/avro/1.7.7/avro-1.7.7.jar:/home/user/.m2/repository/com/thoughtworks/paranamer/paranamer/2.3/paranamer-2.3.jar:/home/user/.m2/repository/org/xerial/snappy/snappy-java/1.0.5/snappy-java-1.0.5.jar:/home/user/.m2/repository/com/google/re2j/re2j/1.1/re2j-1.1.jar:/home/user/.m2/repository/com/google/protobuf/protobuf-java/2.5.0/protobuf-java-2.5.0.jar:/home/user/.m2/repository/com/google/code/gson/gson/2.2.4/gson-2.2.4.jar:/home/user/.m2/repository/org/apache/hadoop/hadoop-auth/3.2.0/hadoop-auth-3.2.0.jar:/home/user/.m2/repository/com/nimbusds/nimbus-jose-jwt/4.41.1/nimbus-jose-jwt-4.41.1.jar:/home/user/.m2/repository/com/github/stephenc/jcip/jcip-annotations/1.0-1/jcip-annotations-1.0-1.jar:/home/user/.m2/repository/net/minidev/json-smart/2.3/json-smart-2.3.jar:/home/user/.m2/repository/net/minidev/accessors-smart/1.2/accessors-smart-1.2.jar:/home/user/.m2/repository/org/apache/curator/curator-framework/2.12.0/curator-framework-2.12.0.jar:/home/user/.m2/repository/com/jcraft/jsch/0.1.54/jsch-0.1.54.jar:/home/user/.m2/repository/org/apache/curator/curator-client/2.12.0/curator-client-2.12.0.jar:/home/user/.m2/repository/org/apache/curator/curator-recipes/2.12.0/curator-recipes-2.12.0.jar:/home/user/.m2/repository/com/google/code/findbugs/jsr305/3.0.0/jsr305-3.0.0.jar:/home/user/.m2/repository/org/apache/htrace/htrace-core4/4.1.0-incubating/htrace-core4-4.1.0-incubating.jar:/home/user/.m2/repository/org/apache/zookeeper/zookeeper/3.4.13/zookeeper-3.4.13.jar:/home/user/.m2/repository/jline/jline/0.9.94/jline-0.9.94.jar:/home/user/.m2/repository/org/apache/yetus/audience-annotations/0.5.0/audience-annotations-0.5.0.jar:/home/user/.m2/repository/org/apache/commons/commons-compress/1.4.1/commons-compress-1.4.1.jar:/home/user/.m2/repository/org/tukaani/xz/1.0/xz-1.0.jar:/home/user/.m2/repository/org/apache/kerby/kerb-simplekdc/1.0.1/kerb-simplekdc-1.0.1.jar:/home/user/.m2/repository/org/apache/kerby/kerb-client/1.0.1/kerb-client-1.0.1.jar:/home/user/.m2/repository/org/apache/kerby/kerby-config/1.0.1/kerby-config-1.0.1.jar:/home/user/.m2/repository/org/apache/kerby/kerb-core/1.0.1/kerb-core-1.0.1.jar:/home/user/.m2/repository/org/apache/kerby/kerby-pkix/1.0.1/kerby-pkix-1.0.1.jar:/home/user/.m2/repository/org/apache/kerby/kerby-asn1/1.0.1/kerby-asn1-1.0.1.jar:/home/user/.m2/repository/org/apache/kerby/kerby-util/1.0.1/kerby-util-1.0.1.jar:/home/user/.m2/repository/org/apache/kerby/kerb-common/1.0.1/kerb-common-1.0.1.jar:/home/user/.m2/repository/org/apache/kerby/kerb-crypto/1.0.1/kerb-crypto-1.0.1.jar:/home/user/.m2/repository/org/apache/kerby/kerb-util/1.0.1/kerb-util-1.0.1.jar:/home/user/.m2/repository/org/apache/kerby/token-provider/1.0.1/token-provider-1.0.1.jar:/home/user/.m2/repository/org/apache/kerby/kerb-admin/1.0.1/kerb-admin-1.0.1.jar:/home/user/.m2/repository/org/apache/kerby/kerb-server/1.0.1/kerb-server-1.0.1.jar:/home/user/.m2/repository/org/apache/kerby/kerb-identity/1.0.1/kerb-identity-1.0.1.jar:/home/user/.m2/repository/org/apache/kerby/kerby-xdr/1.0.1/kerby-xdr-1.0.1.jar:/home/user/.m2/repository/com/fasterxml/jackson/core/jackson-databind/2.9.9/jackson-databind-2.9.9.jar:/home/user/.m2/repository/com/fasterxml/jackson/core/jackson-annotations/2.9.9/jackson-annotations-2.9.9.jar:/home/user/.m2/repository/com/fasterxml/jackson/core/jackson-core/2.9.9/jackson-core-2.9.9.jar:/home/user/.m2/repository/org/codehaus/woodstox/stax2-api/3.1.4/stax2-api-3.1.4.jar:/home/user/.m2/repository/com/fasterxml/woodstox/woodstox-core/5.0.3/woodstox-core-5.0.3.jar:/home/user/.m2/repository/dnsjava/dnsjava/2.1.7/dnsjava-2.1.7.jar:/home/user/.m2/repository/org/apache/hadoop/hadoop-hdfs/3.2.0/hadoop-hdfs-3.2.0.jar:/home/user/.m2/repository/org/eclipse/jetty/jetty-util-ajax/9.3.25.v20180904/jetty-util-ajax-9.3.25.v20180904.jar:/home/user/.m2/repository/commons-daemon/commons-daemon/1.0.13/commons-daemon-1.0.13.jar:/home/user/.m2/repository/io/netty/netty/3.10.5.Final/netty-3.10.5.Final.jar:/home/user/.m2/repository/io/netty/netty-all/4.0.52.Final/netty-all-4.0.52.Final.jar:/home/user/.m2/repository/org/fusesource/leveldbjni/leveldbjni-all/1.8/leveldbjni-all-1.8.jar:/home/user/.m2/repository/org/apache/hadoop/hadoop-hdds-common/0.5.0-SNAPSHOT/hadoop-hdds-common-0.5.0-SNAPSHOT.jar:/home/user/.m2/repository/org/apache/hadoop/hadoop-hdds-config/0.5.0-SNAPSHOT/hadoop-hdds-config-0.5.0-SNAPSHOT.jar:/home/user/.m2/repository/javax/annotation/javax.annotation-api/1.2/javax.annotation-api-1.2.jar:/home/user/.m2/repository/org/apache/ratis/ratis-server/0.4.0/ratis-server-0.4.0.jar:/home/user/.m2/repository/org/apache/ratis/ratis-thirdparty-misc/0.2.0/ratis-thirdparty-misc-0.2.0.jar:/home/user/.m2/repository/org/apache/ratis/ratis-proto/0.4.0/ratis-proto-0.4.0.jar:/home/user/.m2/repository/org/apache/ratis/ratis-common/0.4.0/ratis-common-0.4.0.jar:/home/user/.m2/repository/org/apache/ratis/ratis-client/0.4.0/ratis-client-0.4.0.jar:/home/user/.m2/repository/org/apache/ratis/ratis-metrics/0.4.0/ratis-metrics-0.4.0.jar:/home/user/.m2/repository/com/github/joshelser/dropwizard-metrics-hadoop-metrics2-reporter/0.1.2/dropwizard-metrics-hadoop-metrics2-reporter-0.1.2.jar:/home/user/.m2/repository/io/dropwizard/metrics/metrics-jvm/3.2.5/metrics-jvm-3.2.5.jar:/home/user/.m2/repository/io/dropwizard/metrics/metrics-ganglia/3.2.5/metrics-ganglia-3.2.5.jar:/home/user/.m2/repository/info/ganglia/gmetric4j/gmetric4j/1.0.7/gmetric4j-1.0.7.jar:/home/user/.m2/repository/org/apache/ratis/ratis-netty/0.4.0/ratis-netty-0.4.0.jar:/home/user/.m2/repository/org/apache/ratis/ratis-grpc/0.4.0/ratis-grpc-0.4.0.jar:/home/user/.m2/repository/org/rocksdb/rocksdbjni/6.0.1/rocksdbjni-6.0.1.jar:/home/user/.m2/repository/org/apache/logging/log4j/log4j-api/2.11.0/log4j-api-2.11.0.jar:/home/user/.m2/repository/org/apache/logging/log4j/log4j-core/2.11.0/log4j-core-2.11.0.jar:/home/user/.m2/repository/com/lmax/disruptor/3.4.2/disruptor-3.4.2.jar:/home/user/.m2/repository/org/apache/commons/commons-pool2/2.6.0/commons-pool2-2.6.0.jar:/home/user/.m2/repository/org/bouncycastle/bcpkix-jdk15on/1.60/bcpkix-jdk15on-1.60.jar:/home/user/.m2/repository/commons-validator/commons-validator/1.6/commons-validator-1.6.jar:/home/user/.m2/repository/commons-digester/commons-digester/1.8.1/commons-digester-1.8.1.jar:/home/user/.m2/repository/io/jaegertracing/jaeger-client/0.34.0/jaeger-client-0.34.0.jar:/home/user/.m2/repository/io/jaegertracing/jaeger-thrift/0.34.0/jaeger-thrift-0.34.0.jar:/home/user/.m2/repository/org/apache/thrift/libthrift/0.12.0/libthrift-0.12.0.jar:/home/user/.m2/repository/com/squareup/okhttp3/okhttp/3.9.0/okhttp-3.9.0.jar:/home/user/.m2/repository/com/squareup/okio/okio/1.13.0/okio-1.13.0.jar:/home/user/.m2/repository/io/jaegertracing/jaeger-core/0.34.0/jaeger-core-0.34.0.jar:/home/user/.m2/repository/io/jaegertracing/jaeger-tracerresolver/0.34.0/jaeger-tracerresolver-0.34.0.jar:/home/user/.m2/repository/io/opentracing/contrib/opentracing-tracerresolver/0.1.5/opentracing-tracerresolver-0.1.5.jar:/home/user/.m2/repository/io/opentracing/opentracing-util/0.31.0/opentracing-util-0.31.0.jar:/home/user/.m2/repository/io/opentracing/opentracing-api/0.31.0/opentracing-api-0.31.0.jar:/home/user/.m2/repository/io/opentracing/opentracing-noop/0.31.0/opentracing-noop-0.31.0.jar:/home/user/.m2/repository/org/yaml/snakeyaml/1.16/snakeyaml-1.16.jar:/home/user/.m2/repository/org/apache/hadoop/hadoop-hdfs-client/3.2.0/hadoop-hdfs-client-3.2.0.jar:/home/user/.m2/repository/info/picocli/picocli/3.9.6/picocli-3.9.6.jar:/home/user/.m2/repository/org/apache/hadoop/hadoop-hdds-server-scm/0.5.0-SNAPSHOT/hadoop-hdds-server-scm-0.5.0-SNAPSHOT.jar:/home/user/.m2/repository/org/apache/hadoop/hadoop-hdds-docs/0.5.0-SNAPSHOT/hadoop-hdds-docs-0.5.0-SNAPSHOT.jar:/home/user/.m2/repository/io/dropwizard/metrics/metrics-core/3.2.4/metrics-core-3.2.4.jar:/home/user/.m2/repository/org/hamcrest/hamcrest-all/1.3/hamcrest-all-1.3.jar:/home/user/.m2/repository/org/bouncycastle/bcprov-jdk15on/1.60/bcprov-jdk15on-1.60.jar:/home/user/.m2/repository/org/apache/hadoop/hadoop-hdds-server-framework/0.5.0-SNAPSHOT/hadoop-hdds-server-framework-0.5.0-SNAPSHOT.jar:/home/user/.m2/repository/org/apache/hadoop/hadoop-ozone-ozone-manager/0.5.0-SNAPSHOT/hadoop-ozone-ozone-manager-0.5.0-SNAPSHOT.jar:/home/user/.m2/repository/org/apache/hadoop/hadoop-hdds-container-service/0.5.0-SNAPSHOT/hadoop-hdds-container-service-0.5.0-SNAPSHOT.jar:/home/user/.m2/repository/org/apache/hadoop/hadoop-hdds-client/0.5.0-SNAPSHOT/hadoop-hdds-client-0.5.0-SNAPSHOT.jar:/home/user/.m2/repository/org/apache/hadoop/hadoop-ozone-common/0.5.0-SNAPSHOT/hadoop-ozone-common-0.5.0-SNAPSHOT.jar:/home/user/.m2/repository/org/apache/hadoop/hadoop-hdds-tools/0.5.0-SNAPSHOT/hadoop-hdds-tools-0.5.0-SNAPSHOT.jar:/home/user/.m2/repository/org/xerial/sqlite-jdbc/3.25.2/sqlite-jdbc-3.25.2.jar:/home/user/.m2/repository/com/google/code/findbugs/findbugs/3.0.1/findbugs-3.0.1.jar:/home/user/.m2/repository/net/jcip/jcip-annotations/1.0/jcip-annotations-1.0.jar:/home/user/.m2/repository/com/google/code/findbugs/bcel-findbugs/6.0/bcel-findbugs-6.0.jar:/home/user/.m2/repository/com/google/code/findbugs/jFormatString/2.0.1/jFormatString-2.0.1.jar:/home/user/.m2/repository/dom4j/dom4j/1.6.1/dom4j-1.6.1.jar:/home/user/.m2/repository/xml-apis/xml-apis/1.0.b2/xml-apis-1.0.b2.jar:/home/user/.m2/repository/org/ow2/asm/asm-debug-all/5.0.2/asm-debug-all-5.0.2.jar:/home/user/.m2/repository/org/ow2/asm/asm-commons/5.0.2/asm-commons-5.0.2.jar:/home/user/.m2/repository/org/ow2/asm/asm-tree/5.0.2/asm-tree-5.0.2.jar:/home/user/.m2/repository/org/ow2/asm/asm/5.0.4/asm-5.0.4.jar:/home/user/.m2/repository/commons-lang/commons-lang/2.6/commons-lang-2.6.jar:/home/user/.m2/repository/com/apple/AppleJavaExtensions/1.4/AppleJavaExtensions-1.4.jar:/home/user/.m2/repository/jaxen/jaxen/1.1.6/jaxen-1.1.6.jar:/home/user/.m2/repository/org/apache/hadoop/hadoop-common/3.2.0/hadoop-common-3.2.0-tests.jar:/home/user/.m2/repository/org/apache/hadoop/hadoop-ozone-client/0.5.0-SNAPSHOT/hadoop-ozone-client-0.5.0-SNAPSHOT.jar:/home/user/.m2/repository/org/apache/hadoop/hadoop-hdfs/3.2.0/hadoop-hdfs-3.2.0-tests.jar:/workdir/hadoop-ozone/integration-test/target/test-classes:/home/user/.m2/repository/org/apache/hadoop/hadoop-ozone-s3gateway/0.5.0-SNAPSHOT/hadoop-ozone-s3gateway-0.5.0-SNAPSHOT.jar:/home/user/.m2/repository/org/jboss/weld/servlet/weld-servlet/2.4.7.Final/weld-servlet-2.4.7.Final.jar:/home/user/.m2/repository/org/glassfish/jersey/containers/jersey-container-servlet-core/2.27/jersey-container-servlet-core-2.27.jar:/home/user/.m2/repository/org/glassfish/hk2/external/javax.inject/2.5.0-b42/javax.inject-2.5.0-b42.jar:/home/user/.m2/repository/org/glassfish/jersey/core/jersey-common/2.27/jersey-common-2.27.jar:/home/user/.m2/repository/org/glassfish/hk2/osgi-resource-locator/1.0.1/osgi-resource-locator-1.0.1.jar:/home/user/.m2/repository/javax/ws/rs/javax.ws.rs-api/2.1/javax.ws.rs-api-2.1.jar:/home/user/.m2/repository/org/glassfish/jersey/ext/cdi/jersey-cdi1x/2.27/jersey-cdi1x-2.27.jar:/home/user/.m2/repository/org/glassfish/jersey/inject/jersey-hk2/2.27/jersey-hk2-2.27.jar:/home/user/.m2/repository/org/glassfish/hk2/hk2-locator/2.5.0-b42/hk2-locator-2.5.0-b42.jar:/home/user/.m2/repository/org/javassist/javassist/3.22.0-CR2/javassist-3.22.0-CR2.jar:/home/user/.m2/repository/org/glassfish/hk2/hk2-api/2.5.0/hk2-api-2.5.0.jar:/home/user/.m2/repository/org/glassfish/hk2/external/jakarta.inject/2.5.0/jakarta.inject-2.5.0.jar:/home/user/.m2/repository/org/glassfish/hk2/hk2-utils/2.5.0/hk2-utils-2.5.0.jar:/home/user/.m2/repository/jakarta/annotation/jakarta.annotation-api/1.3.4/jakarta.annotation-api-1.3.4.jar:/home/user/.m2/repository/org/glassfish/hk2/external/aopalliance-repackaged/2.5.0/aopalliance-repackaged-2.5.0.jar:/home/user/.m2/repository/com/fasterxml/jackson/dataformat/jackson-dataformat-xml/2.9.0/jackson-dataformat-xml-2.9.0.jar:/home/user/.m2/repository/com/fasterxml/jackson/module/jackson-module-jaxb-annotations/2.9.9/jackson-module-jaxb-annotations-2.9.9.jar:/home/user/.m2/repository/javax/enterprise/cdi-api/1.2/cdi-api-1.2.jar:/home/user/.m2/repository/javax/el/javax.el-api/3.0.0/javax.el-api-3.0.0.jar:/home/user/.m2/repository/javax/interceptor/javax.interceptor-api/1.2/javax.interceptor-api-1.2.jar:/home/user/.m2/repository/javax/inject/javax.inject/1/javax.inject-1.jar:/home/user/.m2/repository/com/sun/xml/bind/jaxb-core/2.3.0.1/jaxb-core-2.3.0.1.jar:/home/user/.m2/repository/javax/xml/bind/jaxb-api/2.3.0/jaxb-api-2.3.0.jar:/home/user/.m2/repository/javax/activation/activation/1.1.1/activation-1.1.1.jar:/home/user/.m2/repository/org/apache/hadoop/hadoop-ozone-csi/0.5.0-SNAPSHOT/hadoop-ozone-csi-0.5.0-SNAPSHOT.jar:/home/user/.m2/repository/com/google/protobuf/protobuf-java-util/3.5.1/protobuf-java-util-3.5.1.jar:/home/user/.m2/repository/io/grpc/grpc-netty/1.17.1/grpc-netty-1.17.1.jar:/home/user/.m2/repository/io/grpc/grpc-core/1.17.1/grpc-core-1.17.1.jar:/home/user/.m2/repository/io/grpc/grpc-context/1.17.1/grpc-context-1.17.1.jar:/home/user/.m2/repository/com/google/errorprone/error_prone_annotations/2.2.0/error_prone_annotations-2.2.0.jar:/home/user/.m2/repository/org/codehaus/mojo/animal-sniffer-annotations/1.17/animal-sniffer-annotations-1.17.jar:/home/user/.m2/repository/io/opencensus/opencensus-api/0.17.0/opencensus-api-0.17.0.jar:/home/user/.m2/repository/io/opencensus/opencensus-contrib-grpc-metrics/0.17.0/opencensus-contrib-grpc-metrics-0.17.0.jar:/home/user/.m2/repository/io/netty/netty-codec-http2/4.1.30.Final/netty-codec-http2-4.1.30.Final.jar:/home/user/.m2/repository/io/netty/netty-codec-http/4.1.30.Final/netty-codec-http-4.1.30.Final.jar:/home/user/.m2/repository/io/netty/netty-codec/4.1.30.Final/netty-codec-4.1.30.Final.jar:/home/user/.m2/repository/io/netty/netty-handler/4.1.30.Final/netty-handler-4.1.30.Final.jar:/home/user/.m2/repository/io/netty/netty-handler-proxy/4.1.30.Final/netty-handler-proxy-4.1.30.Final.jar:/home/user/.m2/repository/io/netty/netty-codec-socks/4.1.30.Final/netty-codec-socks-4.1.30.Final.jar:/home/user/.m2/repository/io/netty/netty-transport-native-epoll/4.1.30.Final/netty-transport-native-epoll-4.1.30.Final.jar:/home/user/.m2/repository/io/netty/netty-common/4.1.30.Final/netty-common-4.1.30.Final.jar:/home/user/.m2/repository/io/netty/netty-buffer/4.1.30.Final/netty-buffer-4.1.30.Final.jar:/home/user/.m2/repository/io/netty/netty-transport/4.1.30.Final/netty-transport-4.1.30.Final.jar:/home/user/.m2/repository/io/netty/netty-resolver/4.1.30.Final/netty-resolver-4.1.30.Final.jar:/home/user/.m2/repository/io/netty/netty-transport-native-unix-common/4.1.30.Final/netty-transport-native-unix-common-4.1.30.Final.jar:/home/user/.m2/repository/io/grpc/grpc-protobuf/1.17.1/grpc-protobuf-1.17.1.jar:/home/user/.m2/repository/com/google/api/grpc/proto-google-common-protos/1.0.0/proto-google-common-protos-1.0.0.jar:/home/user/.m2/repository/io/grpc/grpc-protobuf-lite/1.17.1/grpc-protobuf-lite-1.17.1.jar:/home/user/.m2/repository/io/grpc/grpc-stub/1.17.1/grpc-stub-1.17.1.jar:/home/user/.m2/repository/org/apache/hadoop/hadoop-ozone-recon/0.5.0-SNAPSHOT/hadoop-ozone-recon-0.5.0-SNAPSHOT.jar:/home/user/.m2/repository/org/apache/hadoop/hadoop-ozone-reconcodegen/0.5.0-SNAPSHOT/hadoop-ozone-reconcodegen-0.5.0-SNAPSHOT.jar:/home/user/.m2/repository/com/google/inject/extensions/guice-multibindings/4.0/guice-multibindings-4.0.jar:/home/user/.m2/repository/com/google/inject/guice/4.0/guice-4.0.jar:/home/user/.m2/repository/aopalliance/aopalliance/1.0/aopalliance-1.0.jar:/home/user/.m2/repository/org/glassfish/jersey/containers/jersey-container-servlet/2.27/jersey-container-servlet-2.27.jar:/home/user/.m2/repository/org/glassfish/hk2/guice-bridge/2.5.0/guice-bridge-2.5.0.jar:/home/user/.m2/repository/org/glassfish/jersey/core/jersey-server/2.27/jersey-server-2.27.jar:/home/user/.m2/repository/org/glassfish/jersey/core/jersey-client/2.27/jersey-client-2.27.jar:/home/user/.m2/repository/org/glassfish/jersey/media/jersey-media-jaxb/2.27/jersey-media-jaxb-2.27.jar:/home/user/.m2/repository/javax/validation/validation-api/1.1.0.Final/validation-api-1.1.0.Final.jar:/home/user/.m2/repository/org/glassfish/jersey/media/jersey-media-json-jackson/2.27/jersey-media-json-jackson-2.27.jar:/home/user/.m2/repository/org/glassfish/jersey/ext/jersey-entity-filtering/2.27/jersey-entity-filtering-2.27.jar:/home/user/.m2/repository/com/google/inject/extensions/guice-assistedinject/4.0/guice-assistedinject-4.0.jar:/home/user/.m2/repository/org/jooq/jooq/3.11.10/jooq-3.11.10.jar:/home/user/.m2/repository/org/jooq/jooq-meta/3.11.10/jooq-meta-3.11.10.jar:/home/user/.m2/repository/org/jooq/jooq-codegen/3.11.10/jooq-codegen-3.11.10.jar:/home/user/.m2/repository/com/jolbox/bonecp/0.8.0.RELEASE/bonecp-0.8.0.RELEASE.jar:/home/user/.m2/repository/org/springframework/spring-jdbc/5.1.3.RELEASE/spring-jdbc-5.1.3.RELEASE.jar:/home/user/.m2/repository/org/springframework/spring-beans/5.1.3.RELEASE/spring-beans-5.1.3.RELEASE.jar:/home/user/.m2/repository/org/springframework/spring-core/5.1.3.RELEASE/spring-core-5.1.3.RELEASE.jar:/home/user/.m2/repository/org/springframework/spring-jcl/5.1.3.RELEASE/spring-jcl-5.1.3.RELEASE.jar:/home/user/.m2/repository/org/springframework/spring-tx/5.1.3.RELEASE/spring-tx-5.1.3.RELEASE.jar:/home/user/.m2/repository/org/mockito/mockito-all/1.10.19/mockito-all-1.10.19.jar:/home/user/.m2/repository/junit/junit/4.11/junit-4.11.jar:/home/user/.m2/repository/org/hamcrest/hamcrest-core/1.3/hamcrest-core-1.3.jar:/home/user/.m2/repository/org/apache/hadoop/hadoop-distcp/3.2.0/hadoop-distcp-3.2.0.jar:/home/user/.m2/repository/org/apache/hadoop/hadoop-distcp/3.2.0/hadoop-distcp-3.2.0-tests.jar:/home/user/.m2/repository/org/apache/hadoop/hadoop-mapreduce-client-jobclient/3.2.0/hadoop-mapreduce-client-jobclient-3.2.0.jar:/home/user/.m2/repository/org/apache/hadoop/hadoop-mapreduce-client-common/3.2.0/hadoop-mapreduce-client-common-3.2.0.jar:/home/user/.m2/repository/org/apache/hadoop/hadoop-yarn-common/3.2.0/hadoop-yarn-common-3.2.0.jar:/home/user/.m2/repository/org/apache/hadoop/hadoop-yarn-api/3.2.0/hadoop-yarn-api-3.2.0.jar:/home/user/.m2/repository/com/sun/jersey/jersey-client/1.19/jersey-client-1.19.jar:/home/user/.m2/repository/com/sun/jersey/contribs/jersey-guice/1.19/jersey-guice-1.19.jar:/home/user/.m2/repository/com/fasterxml/jackson/jaxrs/jackson-jaxrs-json-provider/2.9.9/jackson-jaxrs-json-provider-2.9.9.jar:/home/user/.m2/repository/com/fasterxml/jackson/jaxrs/jackson-jaxrs-base/2.9.9/jackson-jaxrs-base-2.9.9.jar:/home/user/.m2/repository/org/apache/hadoop/hadoop-yarn-client/3.2.0/hadoop-yarn-client-3.2.0.jar:/home/user/.m2/repository/org/apache/hadoop/hadoop-mapreduce-client-core/3.2.0/hadoop-mapreduce-client-core-3.2.0.jar:/home/user/.m2/repository/com/google/inject/extensions/guice-servlet/4.0/guice-servlet-4.0.jar:/home/user/.m2/repository/org/powermock/powermock-module-junit4/1.6.5/powermock-module-junit4-1.6.5.jar:/home/user/.m2/repository/org/powermock/powermock-module-junit4-common/1.6.5/powermock-module-junit4-common-1.6.5.jar:/home/user/.m2/repository/org/powermock/powermock-core/1.6.5/powermock-core-1.6.5.jar:/home/user/.m2/repository/org/powermock/powermock-reflect/1.6.5/powermock-reflect-1.6.5.jar:/home/user/.m2/repository/org/powermock/powermock-api-mockito/1.6.5/powermock-api-mockito-1.6.5.jar:/home/user/.m2/repository/org/mockito/mockito-core/1.10.19/mockito-core-1.10.19.jar:/home/user/.m2/repository/org/objenesis/objenesis/1.0/objenesis-1.0.jar:/home/user/.m2/repository/org/powermock/powermock-api-mockito-common/1.6.5/powermock-api-mockito-common-1.6.5.jar:/home/user/.m2/repository/org/powermock/powermock-api-support/1.6.5/powermock-api-support-1.6.5.jar:"/>
    <property name="sun.cpu.endian" value="little"/>
    <property name="user.home" value="/home/user"/>
    <property name="user.language" value="en"/>
    <property name="java.specification.vendor" value="Oracle Corporation"/>
    <property name="java.home" value="/usr/lib/jvm/java-1.8-openjdk/jre"/>
    <property name="java.security.krb5.conf" value="/workdir/hadoop-ozone/ozonefs/target/test-classes/krb5.conf"/>
    <property name="basedir" value="/workdir/hadoop-ozone/ozonefs"/>
    <property name="file.separator" value="/"/>
    <property name="line.separator" value="&#10;"/>
    <property name="java.vm.specification.vendor" value="Oracle Corporation"/>
    <property name="java.specification.name" value="Java Platform API Specification"/>
    <property name="java.awt.graphicsenv" value="sun.awt.X11GraphicsEnvironment"/>
    <property name="surefire.real.class.path" value="/workdir/hadoop-ozone/ozonefs/target/surefire/surefirebooter4800847818932975679.jar"/>
    <property name="hadoop.log.dir" value="/workdir/hadoop-ozone/ozonefs/target/log"/>
    <property name="sun.boot.class.path" value="/usr/lib/jvm/java-1.8-openjdk/jre/lib/resources.jar:/usr/lib/jvm/java-1.8-openjdk/jre/lib/rt.jar:/usr/lib/jvm/java-1.8-openjdk/jre/lib/sunrsasign.jar:/usr/lib/jvm/java-1.8-openjdk/jre/lib/jsse.jar:/usr/lib/jvm/java-1.8-openjdk/jre/lib/jce.jar:/usr/lib/jvm/java-1.8-openjdk/jre/lib/charsets.jar:/usr/lib/jvm/java-1.8-openjdk/jre/lib/jfr.jar:/usr/lib/jvm/java-1.8-openjdk/jre/classes"/>
    <property name="sun.management.compiler" value="HotSpot 64-Bit Tiered Compilers"/>
    <property name="java.runtime.version" value="1.8.0_212-b04"/>
    <property name="java.net.preferIPv4Stack" value="true"/>
    <property name="user.name" value="jenkins1000"/>
    <property name="path.separator" value=":"/>
    <property name="java.security.egd" value="file:///dev/urandom"/>
    <property name="os.version" value="3.10.0-957.12.2.el7.x86_64"/>
    <property name="java.endorsed.dirs" value="/usr/lib/jvm/java-1.8-openjdk/jre/lib/endorsed"/>
    <property name="java.runtime.name" value="OpenJDK Runtime Environment"/>
    <property name="file.encoding" value="UTF-8"/>
    <property name="java.vm.name" value="OpenJDK 64-Bit Server VM"/>
    <property name="test.build.webapps" value=""/>
    <property name="localRepository" value="/home/user/.m2/repository"/>
    <property name="java.vendor.url.bug" value="https://icedtea.classpath.org/bugzilla"/>
    <property name="java.io.tmpdir" value="/tmp"/>
    <property name="require.test.libhadoop" value=""/>
    <property name="java.version" value="1.8.0_212"/>
    <property name="user.dir" value="/workdir/hadoop-ozone/ozonefs"/>
    <property name="os.arch" value="amd64"/>
    <property name="java.vm.specification.name" value="Java Virtual Machine Specification"/>
    <property name="test.build.classes" value="/workdir/hadoop-ozone/ozonefs/target/test-classes"/>
    <property name="java.awt.printerjob" value="sun.print.PSPrinterJob"/>
    <property name="sun.os.patch.level" value="unknown"/>
    <property name="hadoop.tmp.dir" value="/workdir/hadoop-ozone/ozonefs/target/tmp"/>
    <property name="java.library.path" value="/usr/lib/jvm/java-1.8-openjdk/jre/lib/amd64/server:/usr/lib/jvm/java-1.8-openjdk/jre/lib/amd64:/usr/lib/jvm/java-1.8-openjdk/jre/../lib/amd64:/workdir/hadoop-ozone/ozonefs/target/native/target/usr/local/lib:/workdir/hadoop-ozone/ozonefs/../../hadoop-common-project/hadoop-common/target/native/target/usr/local/lib:/usr/java/packages/lib/amd64:/usr/lib64:/lib64:/lib:/usr/lib"/>
    <property name="java.vm.info" value="mixed mode"/>
    <property name="java.vendor" value="IcedTea"/>
    <property name="java.vm.version" value="25.212-b04"/>
    <property name="java.ext.dirs" value="/usr/lib/jvm/java-1.8-openjdk/jre/lib/ext:/usr/java/packages/lib/ext"/>
    <property name="sun.io.unicode.encoding" value="UnicodeLittle"/>
    <property name="java.class.version" value="52.0"/>
  </properties>
  <testcase name="testOzoneManagerFileSystemInterface[0]" classname="org.apache.hadoop.fs.ozone.TestOzoneFileInterfaces" time="46.474"/>
  <testcase name="testListStatus[0]" classname="org.apache.hadoop.fs.ozone.TestOzoneFileInterfaces" time="53.327"/>
  <testcase name="testDirectory[0]" classname="org.apache.hadoop.fs.ozone.TestOzoneFileInterfaces" time="61.442"/>
  <testcase name="testPathToKey[0]" classname="org.apache.hadoop.fs.ozone.TestOzoneFileInterfaces" time="37.164"/>
  <testcase name="testFileSystemInit[0]" classname="org.apache.hadoop.fs.ozone.TestOzoneFileInterfaces" time="39.081"/>
  <testcase name="testOzFsReadWrite[0]" classname="org.apache.hadoop.fs.ozone.TestOzoneFileInterfaces" time="130.997">
    <error message="Allocated 0 blocks. Requested 1 blocks" type="INTERNAL_ERROR org.apache.hadoop.ozone.om.exceptions.OMException">INTERNAL_ERROR org.apache.hadoop.ozone.om.exceptions.OMException: Allocated 0 blocks. Requested 1 blocks
	at org.apache.hadoop.ozone.om.protocolPB.OzoneManagerProtocolClientSideTranslatorPB.handleError(OzoneManagerProtocolClientSideTranslatorPB.java:732)
	at org.apache.hadoop.ozone.om.protocolPB.OzoneManagerProtocolClientSideTranslatorPB.createFile(OzoneManagerProtocolClientSideTranslatorPB.java:1536)
	at sun.reflect.NativeMethodAccessorImpl.invoke0(Native Method)
	at sun.reflect.NativeMethodAccessorImpl.invoke(NativeMethodAccessorImpl.java:62)
	at sun.reflect.DelegatingMethodAccessorImpl.invoke(DelegatingMethodAccessorImpl.java:43)
	at java.lang.reflect.Method.invoke(Method.java:498)
	at org.apache.hadoop.hdds.tracing.TraceAllMethod.invoke(TraceAllMethod.java:66)
	at com.sun.proxy.$Proxy39.createFile(Unknown Source)
	at org.apache.hadoop.ozone.client.rpc.RpcClient.createFile(RpcClient.java:1006)
	at org.apache.hadoop.ozone.client.OzoneBucket.createFile(OzoneBucket.java:537)
	at org.apache.hadoop.fs.ozone.BasicOzoneClientAdapterImpl.createFile(BasicOzoneClientAdapterImpl.java:205)
	at org.apache.hadoop.fs.ozone.BasicOzoneFileSystem.createOutputStream(BasicOzoneFileSystem.java:250)
	at org.apache.hadoop.fs.ozone.BasicOzoneFileSystem.create(BasicOzoneFileSystem.java:231)
	at org.apache.hadoop.fs.FileSystem.create(FileSystem.java:1118)
	at org.apache.hadoop.fs.FileSystem.create(FileSystem.java:1098)
	at org.apache.hadoop.fs.FileSystem.create(FileSystem.java:987)
	at org.apache.hadoop.fs.FileSystem.create(FileSystem.java:975)
	at org.apache.hadoop.fs.ozone.TestOzoneFileInterfaces.testOzFsReadWrite(TestOzoneFileInterfaces.java:169)
	at sun.reflect.NativeMethodAccessorImpl.invoke0(Native Method)
	at sun.reflect.NativeMethodAccessorImpl.invoke(NativeMethodAccessorImpl.java:62)
	at sun.reflect.DelegatingMethodAccessorImpl.invoke(DelegatingMethodAccessorImpl.java:43)
	at java.lang.reflect.Method.invoke(Method.java:498)
	at org.junit.runners.model.FrameworkMethod$1.runReflectiveCall(FrameworkMethod.java:47)
	at org.junit.internal.runners.model.ReflectiveCallable.run(ReflectiveCallable.java:12)
	at org.junit.runners.model.FrameworkMethod.invokeExplosively(FrameworkMethod.java:44)
	at org.junit.internal.runners.statements.InvokeMethod.evaluate(InvokeMethod.java:17)
	at org.junit.internal.runners.statements.RunBefores.evaluate(RunBefores.java:26)
	at org.junit.internal.runners.statements.RunAfters.evaluate(RunAfters.java:27)
	at org.junit.runners.ParentRunner.runLeaf(ParentRunner.java:271)
	at org.junit.runners.BlockJUnit4ClassRunner.runChild(BlockJUnit4ClassRunner.java:70)
	at org.junit.runners.BlockJUnit4ClassRunner.runChild(BlockJUnit4ClassRunner.java:50)
	at org.junit.runners.ParentRunner$3.run(ParentRunner.java:238)
	at org.junit.runners.ParentRunner$1.schedule(ParentRunner.java:63)
	at org.junit.runners.ParentRunner.runChildren(ParentRunner.java:236)
	at org.junit.runners.ParentRunner.access$000(ParentRunner.java:53)
	at org.junit.runners.ParentRunner$2.evaluate(ParentRunner.java:229)
	at org.junit.runners.ParentRunner.run(ParentRunner.java:309)
	at org.junit.runners.Suite.runChild(Suite.java:127)
	at org.junit.runners.Suite.runChild(Suite.java:26)
	at org.junit.runners.ParentRunner$3.run(ParentRunner.java:238)
	at org.junit.runners.ParentRunner$1.schedule(ParentRunner.java:63)
	at org.junit.runners.ParentRunner.runChildren(ParentRunner.java:236)
	at org.junit.runners.ParentRunner.access$000(ParentRunner.java:53)
	at org.junit.runners.ParentRunner$2.evaluate(ParentRunner.java:229)
	at org.junit.runners.ParentRunner.run(ParentRunner.java:309)
	at org.apache.maven.surefire.junit4.JUnit4Provider.execute(JUnit4Provider.java:365)
	at org.apache.maven.surefire.junit4.JUnit4Provider.executeWithRerun(JUnit4Provider.java:273)
	at org.apache.maven.surefire.junit4.JUnit4Provider.executeTestSet(JUnit4Provider.java:238)
	at org.apache.maven.surefire.junit4.JUnit4Provider.invoke(JUnit4Provider.java:159)
	at org.apache.maven.surefire.booter.ForkedBooter.invokeProviderInSameClassLoader(ForkedBooter.java:384)
	at org.apache.maven.surefire.booter.ForkedBooter.runSuitesInProcess(ForkedBooter.java:345)
	at org.apache.maven.surefire.booter.ForkedBooter.execute(ForkedBooter.java:126)
	at org.apache.maven.surefire.booter.ForkedBooter.main(ForkedBooter.java:418)
</error>
    <system-out><![CDATA[2019-09-25 06:08:15,195 [main] WARN  server.ServerUtils (ServerUtils.java:getScmDbDir(145)) - ozone.scm.db.dirs is not configured. We recommend adding this setting. Falling back to ozone.metadata.dirs instead.
2019-09-25 06:08:41,286 [main] WARN  server.ServerUtils (ServerUtils.java:getScmDbDir(145)) - ozone.scm.db.dirs is not configured. We recommend adding this setting. Falling back to ozone.metadata.dirs instead.
2019-09-25 06:08:41,287 [main] WARN  server.ServerUtils (ServerUtils.java:getScmDbDir(145)) - ozone.scm.db.dirs is not configured. We recommend adding this setting. Falling back to ozone.metadata.dirs instead.
2019-09-25 06:08:41,287 [main] INFO  db.DBStoreBuilder (DBStoreBuilder.java:addTable(110)) - using custom profile for table: deletedBlocks
2019-09-25 06:08:41,288 [main] INFO  db.DBStoreBuilder (DBStoreBuilder.java:processTables(161)) - Using default column profile:DBProfile.DISK for Table:deletedBlocks
2019-09-25 06:08:41,288 [main] INFO  db.DBStoreBuilder (DBStoreBuilder.java:addTable(110)) - using custom profile for table: validCerts
2019-09-25 06:08:41,288 [main] INFO  db.DBStoreBuilder (DBStoreBuilder.java:processTables(161)) - Using default column profile:DBProfile.DISK for Table:validCerts
2019-09-25 06:08:41,289 [main] INFO  db.DBStoreBuilder (DBStoreBuilder.java:addTable(110)) - using custom profile for table: revokedCerts
2019-09-25 06:08:41,289 [main] INFO  db.DBStoreBuilder (DBStoreBuilder.java:processTables(161)) - Using default column profile:DBProfile.DISK for Table:revokedCerts
2019-09-25 06:08:41,289 [main] INFO  db.DBStoreBuilder (DBStoreBuilder.java:addTable(110)) - using custom profile for table: default
2019-09-25 06:08:41,290 [main] INFO  db.DBStoreBuilder (DBStoreBuilder.java:processTables(167)) - Using default column profile:DBProfile.DISK for Table:default
2019-09-25 06:08:41,290 [main] INFO  db.DBStoreBuilder (DBStoreBuilder.java:getDbProfile(198)) - Using default options. DBProfile.DISK
2019-09-25 06:08:48,862 [main] INFO  net.NodeSchemaLoader (NodeSchemaLoader.java:loadSchemaFromFile(125)) - Loading file from sun.misc.CompoundEnumeration@448c92fc
2019-09-25 06:08:48,862 [main] INFO  net.NodeSchemaLoader (NodeSchemaLoader.java:loadSchema(171)) - Loading network topology layer schema file
2019-09-25 06:08:48,868 [main] WARN  server.ServerUtils (ServerUtils.java:sanitizeUserArgs(70)) - ozone.scm.stale.node.interval value = 300000 is larger than max = 100000 based on the key value of ozone.scm.heartbeat.thread.interval, reset to the max value 100000.
2019-09-25 06:08:48,869 [main] WARN  server.ServerUtils (ServerUtils.java:sanitizeUserArgs(70)) - ozone.scm.stale.node.interval value = 300000 is larger than max = 100000 based on the key value of ozone.scm.heartbeat.thread.interval, reset to the max value 100000.
2019-09-25 06:08:48,869 [main] INFO  node.SCMNodeManager (SCMNodeManager.java:<init>(114)) - Entering startup safe mode.
2019-09-25 06:08:48,870 [main] INFO  algorithms.ContainerPlacementPolicyFactory (ContainerPlacementPolicyFactory.java:getPolicy(60)) - Create container placement policy of type org.apache.hadoop.hdds.scm.container.placement.algorithms.SCMContainerPlacementRandom
2019-09-25 06:08:48,870 [main] WARN  server.ServerUtils (ServerUtils.java:getScmDbDir(145)) - ozone.scm.db.dirs is not configured. We recommend adding this setting. Falling back to ozone.metadata.dirs instead.
2019-09-25 06:09:35,934 [main] INFO  pipeline.SCMPipelineManager (SCMPipelineManager.java:initializePipelineState(132)) - No pipeline exists in current db
2019-09-25 06:09:35,936 [main] WARN  server.ServerUtils (ServerUtils.java:getScmDbDir(145)) - ozone.scm.db.dirs is not configured. We recommend adding this setting. Falling back to ozone.metadata.dirs instead.
2019-09-25 06:09:41,588 [main] WARN  events.EventQueue (EventQueue.java:fireEvent(183)) - No event handler registered for event TypedEvent{payloadType=SafeModeStatus, name='SafeModeStatus'}
2019-09-25 06:09:41,589 [main] INFO  ipc.CallQueueManager (CallQueueManager.java:<init>(84)) - Using callQueue: class java.util.concurrent.LinkedBlockingQueue, queueCapacity: 2000, scheduler: class org.apache.hadoop.ipc.DefaultRpcScheduler, ipcBackoff: false.
2019-09-25 06:09:41,590 [Socket Reader #1 for port 42472] INFO  ipc.Server (Server.java:run(1074)) - Starting Socket Reader #1 for port 42472
2019-09-25 06:09:41,592 [main] INFO  ipc.CallQueueManager (CallQueueManager.java:<init>(84)) - Using callQueue: class java.util.concurrent.LinkedBlockingQueue, queueCapacity: 2000, scheduler: class org.apache.hadoop.ipc.DefaultRpcScheduler, ipcBackoff: false.
2019-09-25 06:09:41,593 [Socket Reader #1 for port 38989] INFO  ipc.Server (Server.java:run(1074)) - Starting Socket Reader #1 for port 38989
2019-09-25 06:09:41,597 [main] INFO  ipc.CallQueueManager (CallQueueManager.java:<init>(84)) - Using callQueue: class java.util.concurrent.LinkedBlockingQueue, queueCapacity: 2000, scheduler: class org.apache.hadoop.ipc.DefaultRpcScheduler, ipcBackoff: false.
2019-09-25 06:09:41,598 [Socket Reader #1 for port 34824] INFO  ipc.Server (Server.java:run(1074)) - Starting Socket Reader #1 for port 34824
2019-09-25 06:09:41,600 [main] INFO  hdfs.DFSUtil (DFSUtil.java:httpServerTemplateForNNAndJN(1641)) - Starting Web-server for scm at: http://0.0.0.0:0
2019-09-25 06:09:41,604 [main] INFO  server.AuthenticationFilter (AuthenticationFilter.java:constructSecretProvider(240)) - Unable to initialize FileSignerSecretProvider, falling back to use random secrets.
2019-09-25 06:09:41,605 [main] WARN  http.HttpRequestLog (HttpRequestLog.java:getRequestLog(97)) - Jetty request log can only be enabled using Log4j
2019-09-25 06:09:41,608 [main] INFO  http.HttpServer2 (HttpServer2.java:addGlobalFilter(975)) - Added global filter 'safety' (class=org.apache.hadoop.http.HttpServer2$QuotingInputFilter)
2019-09-25 06:09:41,609 [main] INFO  http.HttpServer2 (HttpServer2.java:addFilter(948)) - Added filter static_user_filter (class=org.apache.hadoop.http.lib.StaticUserWebFilter$StaticUserFilter) to context scm
2019-09-25 06:09:41,609 [main] INFO  http.HttpServer2 (HttpServer2.java:addFilter(958)) - Added filter static_user_filter (class=org.apache.hadoop.http.lib.StaticUserWebFilter$StaticUserFilter) to context static
2019-09-25 06:09:41,609 [main] INFO  http.HttpServer2 (HttpServer2.java:addFilter(958)) - Added filter static_user_filter (class=org.apache.hadoop.http.lib.StaticUserWebFilter$StaticUserFilter) to context logs
2019-09-25 06:09:41,612 [main] INFO  server.StorageContainerManager (StorageContainerManager.java:start(770)) - StorageContainerLocationProtocol RPC server is listening at /0.0.0.0:34824
2019-09-25 06:09:41,615 [main] WARN  impl.MetricsConfig (MetricsConfig.java:loadFirst(134)) - Cannot locate configuration: tried hadoop-metrics2-storagecontainermanager.properties,hadoop-metrics2.properties
2019-09-25 06:09:41,616 [main] INFO  impl.MetricsSystemImpl (MetricsSystemImpl.java:startTimer(374)) - Scheduled Metric snapshot period at 10 second(s).
2019-09-25 06:09:41,617 [main] INFO  impl.MetricsSystemImpl (MetricsSystemImpl.java:start(191)) - StorageContainerManager metrics system started
2019-09-25 06:09:41,644 [main] WARN  impl.MetricsSystemImpl (MetricsSystemImpl.java:register(276)) - Sink prometheus already exists!
2019-09-25 06:09:41,694 [main] INFO  server.SCMClientProtocolServer (SCMClientProtocolServer.java:start(151)) - RPC server for Client  is listening at /0.0.0.0:34824
2019-09-25 06:09:41,694 [IPC Server Responder] INFO  ipc.Server (Server.java:run(1314)) - IPC Server Responder: starting
2019-09-25 06:09:41,694 [IPC Server listener on 34824] INFO  ipc.Server (Server.java:run(1153)) - IPC Server listener on 34824: starting
2019-09-25 06:09:41,697 [main] INFO  server.StorageContainerManager (StorageContainerManager.java:start(780)) - ScmBlockLocationProtocol RPC server is listening at /0.0.0.0:38989
2019-09-25 06:09:41,697 [main] INFO  server.SCMBlockProtocolServer (SCMBlockProtocolServer.java:start(146)) - RPC server for Block Protocol is listening at /0.0.0.0:38989
2019-09-25 06:09:41,698 [IPC Server Responder] INFO  ipc.Server (Server.java:run(1314)) - IPC Server Responder: starting
2019-09-25 06:09:41,698 [IPC Server listener on 38989] INFO  ipc.Server (Server.java:run(1153)) - IPC Server listener on 38989: starting
2019-09-25 06:09:41,701 [main] INFO  server.StorageContainerManager (StorageContainerManager.java:start(784)) - ScmDatanodeProtocl RPC server is listening at /0.0.0.0:42472
2019-09-25 06:09:41,701 [main] INFO  server.SCMDatanodeProtocolServer (SCMDatanodeProtocolServer.java:start(191)) - RPC server for DataNodes is listening at /0.0.0.0:42472
2019-09-25 06:09:41,701 [IPC Server Responder] INFO  ipc.Server (Server.java:run(1314)) - IPC Server Responder: starting
2019-09-25 06:09:41,702 [IPC Server listener on 42472] INFO  ipc.Server (Server.java:run(1153)) - IPC Server listener on 42472: starting
2019-09-25 06:09:41,705 [main] INFO  http.HttpServer2 (HttpServer2.java:bindListener(1191)) - Jetty bound to port 44364
2019-09-25 06:09:41,705 [main] INFO  server.Server (Server.java:doStart(351)) - jetty-9.3.25.v20180904, build timestamp: 2018-09-04T21:11:46Z, git hash: 3ce520221d0240229c862b122d2b06c12a625732
2019-09-25 06:09:41,707 [main] INFO  handler.ContextHandler (ContextHandler.java:doStart(781)) - Started o.e.j.s.ServletContextHandler@8c0a23f{/logs,file:///workdir/hadoop-ozone/ozonefs/target/log,AVAILABLE}
2019-09-25 06:09:41,707 [main] INFO  handler.ContextHandler (ContextHandler.java:doStart(781)) - Started o.e.j.s.ServletContextHandler@26c8b296{/static,jar:file:/home/user/.m2/repository/org/apache/hadoop/hadoop-hdds-server-scm/0.5.0-SNAPSHOT/hadoop-hdds-server-scm-0.5.0-SNAPSHOT.jar!/webapps/static,AVAILABLE}
2019-09-25 06:09:41,747 [main] INFO  handler.ContextHandler (ContextHandler.java:doStart(781)) - Started o.e.j.w.WebAppContext@6e9a0bea{/,file:///tmp/jetty-0.0.0.0-44364-scm-_-any-4100000341979131392.dir/webapp/,AVAILABLE}{/scm}
2019-09-25 06:09:41,748 [main] INFO  server.AbstractConnector (AbstractConnector.java:doStart(278)) - Started ServerConnector@28fc1132{HTTP/1.1,[http/1.1]}{0.0.0.0:44364}
2019-09-25 06:09:41,749 [main] INFO  server.Server (Server.java:doStart(419)) - Started @324513ms
2019-09-25 06:09:41,749 [main] WARN  impl.MetricsSystemImpl (MetricsSystemImpl.java:register(276)) - Sink prometheus already exists!
2019-09-25 06:09:41,751 [main] INFO  server.BaseHttpServer (BaseHttpServer.java:updateConnectorAddress(215)) - HTTP server of SCM is listening at http://0.0.0.0:44364
2019-09-25 06:09:41,753 [main] WARN  server.ServerUtils (ServerUtils.java:getDBPath(222)) - ozone.om.db.dirs is not configured. We recommend adding this setting. Falling back to ozone.metadata.dirs instead.
2019-09-25 06:09:41,753 [org.apache.hadoop.util.JvmPauseMonitor$Monitor@20440c6c] INFO  util.JvmPauseMonitor (JvmPauseMonitor.java:run(188)) - Starting JVM pause monitor
2019-09-25 06:09:41,768 [main] WARN  server.ServerUtils (ServerUtils.java:getDBPath(222)) - ozone.om.db.dirs is not configured. We recommend adding this setting. Falling back to ozone.metadata.dirs instead.
2019-09-25 06:09:41,769 [main] WARN  server.ServerUtils (ServerUtils.java:getDBPath(222)) - ozone.om.db.dirs is not configured. We recommend adding this setting. Falling back to ozone.metadata.dirs instead.
2019-09-25 06:09:41,769 [main] INFO  om.OzoneManager (OzoneManager.java:setOMNodeDetails(652)) - OM Service ID is not set. Setting it to the default ID: omServiceIdDefault
2019-09-25 06:09:41,769 [main] INFO  om.OzoneManager (OzoneManager.java:setOMNodeDetails(658)) - OM Node ID is not set. Setting it to the OmStorage's OmID: 55d9b791-73c6-4c8d-bf2d-0d40840bcf6c
2019-09-25 06:09:41,770 [main] INFO  om.OzoneManager (OzoneManager.java:loadOMHAConfigs(609)) - Found matching OM address with OMServiceId: null, OMNodeId: null, RPC Address: localhost:0 and Ratis port: 9872
2019-09-25 06:09:41,779 [main] WARN  server.ServerUtils (ServerUtils.java:getDBPath(222)) - ozone.om.db.dirs is not configured. We recommend adding this setting. Falling back to ozone.metadata.dirs instead.
2019-09-25 06:09:41,779 [main] INFO  db.DBStoreBuilder (DBStoreBuilder.java:addTable(110)) - using custom profile for table: userTable
2019-09-25 06:09:41,779 [main] INFO  db.DBStoreBuilder (DBStoreBuilder.java:processTables(161)) - Using default column profile:DBProfile.DISK for Table:userTable
2019-09-25 06:09:41,780 [main] INFO  db.DBStoreBuilder (DBStoreBuilder.java:addTable(110)) - using custom profile for table: volumeTable
2019-09-25 06:09:41,780 [main] INFO  db.DBStoreBuilder (DBStoreBuilder.java:processTables(161)) - Using default column profile:DBProfile.DISK for Table:volumeTable
2019-09-25 06:09:41,780 [main] INFO  db.DBStoreBuilder (DBStoreBuilder.java:addTable(110)) - using custom profile for table: bucketTable
2019-09-25 06:09:41,781 [main] INFO  db.DBStoreBuilder (DBStoreBuilder.java:processTables(161)) - Using default column profile:DBProfile.DISK for Table:bucketTable
2019-09-25 06:09:41,781 [main] INFO  db.DBStoreBuilder (DBStoreBuilder.java:addTable(110)) - using custom profile for table: keyTable
2019-09-25 06:09:41,781 [main] INFO  db.DBStoreBuilder (DBStoreBuilder.java:processTables(161)) - Using default column profile:DBProfile.DISK for Table:keyTable
2019-09-25 06:09:41,781 [main] INFO  db.DBStoreBuilder (DBStoreBuilder.java:addTable(110)) - using custom profile for table: deletedTable
2019-09-25 06:09:41,782 [main] INFO  db.DBStoreBuilder (DBStoreBuilder.java:processTables(161)) - Using default column profile:DBProfile.DISK for Table:deletedTable
2019-09-25 06:09:41,782 [main] INFO  db.DBStoreBuilder (DBStoreBuilder.java:addTable(110)) - using custom profile for table: openKeyTable
2019-09-25 06:09:41,782 [main] INFO  db.DBStoreBuilder (DBStoreBuilder.java:processTables(161)) - Using default column profile:DBProfile.DISK for Table:openKeyTable
2019-09-25 06:09:41,782 [main] INFO  db.DBStoreBuilder (DBStoreBuilder.java:addTable(110)) - using custom profile for table: s3Table
2019-09-25 06:09:41,783 [main] INFO  db.DBStoreBuilder (DBStoreBuilder.java:processTables(161)) - Using default column profile:DBProfile.DISK for Table:s3Table
2019-09-25 06:09:41,783 [main] INFO  db.DBStoreBuilder (DBStoreBuilder.java:addTable(110)) - using custom profile for table: multipartInfoTable
2019-09-25 06:09:41,783 [main] INFO  db.DBStoreBuilder (DBStoreBuilder.java:processTables(161)) - Using default column profile:DBProfile.DISK for Table:multipartInfoTable
2019-09-25 06:09:41,783 [main] INFO  db.DBStoreBuilder (DBStoreBuilder.java:addTable(110)) - using custom profile for table: dTokenTable
2019-09-25 06:09:41,783 [main] INFO  db.DBStoreBuilder (DBStoreBuilder.java:processTables(161)) - Using default column profile:DBProfile.DISK for Table:dTokenTable
2019-09-25 06:09:41,784 [main] INFO  db.DBStoreBuilder (DBStoreBuilder.java:addTable(110)) - using custom profile for table: s3SecretTable
2019-09-25 06:09:41,784 [main] INFO  db.DBStoreBuilder (DBStoreBuilder.java:processTables(161)) - Using default column profile:DBProfile.DISK for Table:s3SecretTable
2019-09-25 06:09:41,784 [main] INFO  db.DBStoreBuilder (DBStoreBuilder.java:addTable(110)) - using custom profile for table: prefixTable
2019-09-25 06:09:41,784 [main] INFO  db.DBStoreBuilder (DBStoreBuilder.java:processTables(161)) - Using default column profile:DBProfile.DISK for Table:prefixTable
2019-09-25 06:09:41,785 [main] INFO  db.DBStoreBuilder (DBStoreBuilder.java:addTable(110)) - using custom profile for table: default
2019-09-25 06:09:41,785 [main] INFO  db.DBStoreBuilder (DBStoreBuilder.java:processTables(167)) - Using default column profile:DBProfile.DISK for Table:default
2019-09-25 06:09:41,785 [main] INFO  db.DBStoreBuilder (DBStoreBuilder.java:getDbProfile(198)) - Using default options. DBProfile.DISK
2019-09-25 06:10:10,336 [main] INFO  ipc.CallQueueManager (CallQueueManager.java:<init>(84)) - Using callQueue: class java.util.concurrent.LinkedBlockingQueue, queueCapacity: 2000, scheduler: class org.apache.hadoop.ipc.DefaultRpcScheduler, ipcBackoff: false.
2019-09-25 06:10:10,338 [Socket Reader #1 for port 38746] INFO  ipc.Server (Server.java:run(1074)) - Starting Socket Reader #1 for port 38746
2019-09-25 06:10:10,363 [main] INFO  om.OzoneManager (OzoneManager.java:start(1243)) - OzoneManager RPC server is listening at localhost/127.0.0.1:38746
2019-09-25 06:10:10,363 [main] INFO  impl.MetricsSystemImpl (MetricsSystemImpl.java:init(158)) - OzoneManager metrics system started (again)
2019-09-25 06:10:10,364 [IPC Server listener on 38746] INFO  ipc.Server (Server.java:run(1153)) - IPC Server listener on 38746: starting
2019-09-25 06:10:10,364 [IPC Server Responder] INFO  ipc.Server (Server.java:run(1314)) - IPC Server Responder: starting
2019-09-25 06:10:10,369 [main] INFO  hdfs.DFSUtil (DFSUtil.java:httpServerTemplateForNNAndJN(1641)) - Starting Web-server for ozoneManager at: http://0.0.0.0:0
2019-09-25 06:10:10,372 [main] INFO  server.AuthenticationFilter (AuthenticationFilter.java:constructSecretProvider(240)) - Unable to initialize FileSignerSecretProvider, falling back to use random secrets.
2019-09-25 06:10:10,373 [main] WARN  http.HttpRequestLog (HttpRequestLog.java:getRequestLog(97)) - Jetty request log can only be enabled using Log4j
2019-09-25 06:10:10,375 [main] INFO  http.HttpServer2 (HttpServer2.java:addGlobalFilter(975)) - Added global filter 'safety' (class=org.apache.hadoop.http.HttpServer2$QuotingInputFilter)
2019-09-25 06:10:10,375 [main] INFO  http.HttpServer2 (HttpServer2.java:addFilter(948)) - Added filter static_user_filter (class=org.apache.hadoop.http.lib.StaticUserWebFilter$StaticUserFilter) to context ozoneManager
2019-09-25 06:10:10,376 [main] INFO  http.HttpServer2 (HttpServer2.java:addFilter(958)) - Added filter static_user_filter (class=org.apache.hadoop.http.lib.StaticUserWebFilter$StaticUserFilter) to context logs
2019-09-25 06:10:10,376 [main] INFO  http.HttpServer2 (HttpServer2.java:addFilter(958)) - Added filter static_user_filter (class=org.apache.hadoop.http.lib.StaticUserWebFilter$StaticUserFilter) to context static
2019-09-25 06:10:10,377 [main] INFO  http.HttpServer2 (HttpServer2.java:bindListener(1191)) - Jetty bound to port 34007
2019-09-25 06:10:10,377 [main] INFO  server.Server (Server.java:doStart(351)) - jetty-9.3.25.v20180904, build timestamp: 2018-09-04T21:11:46Z, git hash: 3ce520221d0240229c862b122d2b06c12a625732
2019-09-25 06:10:10,379 [main] INFO  handler.ContextHandler (ContextHandler.java:doStart(781)) - Started o.e.j.s.ServletContextHandler@1e6060f1{/logs,file:///workdir/hadoop-ozone/ozonefs/target/log,AVAILABLE}
2019-09-25 06:10:10,379 [main] INFO  handler.ContextHandler (ContextHandler.java:doStart(781)) - Started o.e.j.s.ServletContextHandler@2c6c302f{/static,jar:file:/home/user/.m2/repository/org/apache/hadoop/hadoop-ozone-ozone-manager/0.5.0-SNAPSHOT/hadoop-ozone-ozone-manager-0.5.0-SNAPSHOT.jar!/webapps/static,AVAILABLE}
2019-09-25 06:10:10,426 [main] INFO  handler.ContextHandler (ContextHandler.java:doStart(781)) - Started o.e.j.w.WebAppContext@391d1e33{/,file:///tmp/jetty-0.0.0.0-34007-ozoneManager-_-any-9023991859004035386.dir/webapp/,AVAILABLE}{/ozoneManager}
2019-09-25 06:10:10,427 [main] INFO  server.AbstractConnector (AbstractConnector.java:doStart(278)) - Started ServerConnector@66f16742{HTTP/1.1,[http/1.1]}{0.0.0.0:34007}
2019-09-25 06:10:10,428 [main] INFO  server.Server (Server.java:doStart(419)) - Started @353192ms
2019-09-25 06:10:10,428 [main] WARN  impl.MetricsSystemImpl (MetricsSystemImpl.java:register(276)) - Sink prometheus already exists!
2019-09-25 06:10:10,429 [main] INFO  server.BaseHttpServer (BaseHttpServer.java:updateConnectorAddress(215)) - HTTP server of OZONEMANAGER is listening at http://0.0.0.0:34007
2019-09-25 06:10:10,447 [main] INFO  impl.MetricsSystemImpl (MetricsSystemImpl.java:init(158)) - HddsDatanode metrics system started (again)
2019-09-25 06:10:10,450 [main] INFO  ozone.HddsDatanodeService (HddsDatanodeService.java:start(184)) - HddsDatanodeService host:pr-hdds-1569-s44lr-3492059363 ip:192.168.164.207
2019-09-25 06:10:10,456 [main] INFO  volume.HddsVolume (HddsVolume.java:<init>(176)) - Creating Volume: /workdir/hadoop-ozone/ozonefs/target/test-dir/MiniOzoneClusterImpl-e438aa53-7451-4657-98d5-9124de52335b/datanode-0/data/containers/hdds of  storage type : DISK and capacity : 1482555576320
2019-09-25 06:10:10,457 [main] INFO  volume.VolumeSet (VolumeSet.java:initializeVolumeSet(170)) - Added Volume : /workdir/hadoop-ozone/ozonefs/target/test-dir/MiniOzoneClusterImpl-e438aa53-7451-4657-98d5-9124de52335b/datanode-0/data/containers/hdds to VolumeSet
2019-09-25 06:10:10,457 [main] INFO  volume.ThrottledAsyncChecker (ThrottledAsyncChecker.java:schedule(139)) - Scheduling a check for org.apache.hadoop.ozone.container.common.volume.HddsVolume@526f6427
2019-09-25 06:10:10,458 [main] INFO  volume.HddsVolumeChecker (HddsVolumeChecker.java:checkAllVolumes(202)) - Scheduled health check for volume org.apache.hadoop.ozone.container.common.volume.HddsVolume@526f6427
2019-09-25 06:10:10,479 [main] INFO  impl.RaftServerProxy (ConfUtils.java:logGet(43)) - raft.rpc.type = GRPC (default)
2019-09-25 06:10:10,480 [main] INFO  grpc.GrpcFactory (GrpcFactory.java:checkPooledByteBufAllocatorUseCacheForAllThreads(45)) - PERFORMANCE WARNING: useCacheForAllThreads is true that may cause Netty to create a lot garbage objects and, as a result, trigger GC.
	It is recommended to disable useCacheForAllThreads by setting -Dorg.apache.ratis.thirdparty.io.netty.allocator.useCacheForAllThreads=false in command line.
2019-09-25 06:10:10,480 [main] INFO  grpc.GrpcConfigKeys$Server (ConfUtils.java:logGet(43)) - raft.grpc.server.port = 0 (default)
2019-09-25 06:10:10,480 [main] INFO  server.GrpcService (ConfUtils.java:logGet(43)) - raft.grpc.message.size.max = 33570816 (custom)
2019-09-25 06:10:10,480 [main] INFO  server.RaftServerConfigKeys (ConfUtils.java:logGet(43)) - raft.server.log.appender.buffer.byte-limit = 33554432 (custom)
2019-09-25 06:10:10,481 [main] INFO  server.GrpcService (ConfUtils.java:logGet(43)) - raft.grpc.flow.control.window = 1MB (=1048576) (default)
2019-09-25 06:10:10,481 [main] INFO  server.RaftServerConfigKeys (ConfUtils.java:logGet(43)) - raft.server.rpc.request.timeout = 3000ms (default)
2019-09-25 06:10:10,482 [main] INFO  server.RaftServerConfigKeys (ConfUtils.java:logGet(43)) - raft.server.storage.dir = [/workdir/hadoop-ozone/ozonefs/target/test-dir/MiniOzoneClusterImpl-e438aa53-7451-4657-98d5-9124de52335b/datanode-0/data/ratis] (custom)
2019-09-25 06:10:10,488 [main] INFO  hdfs.DFSUtil (DFSUtil.java:httpServerTemplateForNNAndJN(1641)) - Starting Web-server for hddsDatanode at: http://0.0.0.0:0
2019-09-25 06:10:10,490 [main] INFO  server.AuthenticationFilter (AuthenticationFilter.java:constructSecretProvider(240)) - Unable to initialize FileSignerSecretProvider, falling back to use random secrets.
2019-09-25 06:10:10,491 [main] WARN  http.HttpRequestLog (HttpRequestLog.java:getRequestLog(97)) - Jetty request log can only be enabled using Log4j
2019-09-25 06:10:10,492 [main] INFO  http.HttpServer2 (HttpServer2.java:addGlobalFilter(975)) - Added global filter 'safety' (class=org.apache.hadoop.http.HttpServer2$QuotingInputFilter)
2019-09-25 06:10:10,493 [main] INFO  http.HttpServer2 (HttpServer2.java:addFilter(948)) - Added filter static_user_filter (class=org.apache.hadoop.http.lib.StaticUserWebFilter$StaticUserFilter) to context hddsDatanode
2019-09-25 06:10:10,493 [main] INFO  http.HttpServer2 (HttpServer2.java:addFilter(958)) - Added filter static_user_filter (class=org.apache.hadoop.http.lib.StaticUserWebFilter$StaticUserFilter) to context logs
2019-09-25 06:10:10,493 [main] INFO  http.HttpServer2 (HttpServer2.java:addFilter(958)) - Added filter static_user_filter (class=org.apache.hadoop.http.lib.StaticUserWebFilter$StaticUserFilter) to context static
2019-09-25 06:10:10,494 [main] INFO  http.HttpServer2 (HttpServer2.java:bindListener(1191)) - Jetty bound to port 36211
2019-09-25 06:10:10,494 [main] INFO  server.Server (Server.java:doStart(351)) - jetty-9.3.25.v20180904, build timestamp: 2018-09-04T21:11:46Z, git hash: 3ce520221d0240229c862b122d2b06c12a625732
2019-09-25 06:10:10,496 [main] INFO  handler.ContextHandler (ContextHandler.java:doStart(781)) - Started o.e.j.s.ServletContextHandler@62cbc478{/logs,file:///workdir/hadoop-ozone/ozonefs/target/log,AVAILABLE}
2019-09-25 06:10:10,496 [main] INFO  handler.ContextHandler (ContextHandler.java:doStart(781)) - Started o.e.j.s.ServletContextHandler@512abf25{/static,jar:file:/home/user/.m2/repository/org/apache/hadoop/hadoop-hdds-container-service/0.5.0-SNAPSHOT/hadoop-hdds-container-service-0.5.0-SNAPSHOT.jar!/webapps/static,AVAILABLE}
2019-09-25 06:10:10,525 [main] INFO  handler.ContextHandler (ContextHandler.java:doStart(781)) - Started o.e.j.w.WebAppContext@5cfed0ba{/,file:///tmp/jetty-0.0.0.0-36211-hddsDatanode-_-any-844162082663929386.dir/webapp/,AVAILABLE}{/hddsDatanode}
2019-09-25 06:10:10,526 [main] INFO  server.AbstractConnector (AbstractConnector.java:doStart(278)) - Started ServerConnector@5c8d58ed{HTTP/1.1,[http/1.1]}{0.0.0.0:36211}
2019-09-25 06:10:10,527 [main] INFO  server.Server (Server.java:doStart(419)) - Started @353291ms
2019-09-25 06:10:10,527 [main] WARN  impl.MetricsSystemImpl (MetricsSystemImpl.java:register(276)) - Sink prometheus already exists!
2019-09-25 06:10:10,528 [main] INFO  server.BaseHttpServer (BaseHttpServer.java:updateConnectorAddress(215)) - HTTP server of HDDSDATANODE is listening at http://0.0.0.0:36211
2019-09-25 06:10:10,528 [main] INFO  impl.MetricsSystemImpl (MetricsSystemImpl.java:init(158)) - HddsDatanode metrics system started (again)
2019-09-25 06:10:10,535 [org.apache.hadoop.util.JvmPauseMonitor$Monitor@4d9c5746] INFO  util.JvmPauseMonitor (JvmPauseMonitor.java:run(188)) - Starting JVM pause monitor
2019-09-25 06:10:10,538 [main] INFO  ozone.HddsDatanodeService (HddsDatanodeService.java:start(184)) - HddsDatanodeService host:pr-hdds-1569-s44lr-3492059363 ip:192.168.164.207
2019-09-25 06:10:10,540 [Datanode State Machine Thread - 0] INFO  datanode.InitDatanodeState (InitDatanodeState.java:persistContainerDatanodeDetails(140)) - DatanodeDetails is persisted to /workdir/hadoop-ozone/ozonefs/target/test-dir/MiniOzoneClusterImpl-e438aa53-7451-4657-98d5-9124de52335b/datanode-0/meta/datanode.id
2019-09-25 06:10:10,543 [main] INFO  volume.HddsVolume (HddsVolume.java:<init>(176)) - Creating Volume: /workdir/hadoop-ozone/ozonefs/target/test-dir/MiniOzoneClusterImpl-e438aa53-7451-4657-98d5-9124de52335b/datanode-1/data/containers/hdds of  storage type : DISK and capacity : 1482555576320
2019-09-25 06:10:10,544 [main] INFO  volume.VolumeSet (VolumeSet.java:initializeVolumeSet(170)) - Added Volume : /workdir/hadoop-ozone/ozonefs/target/test-dir/MiniOzoneClusterImpl-e438aa53-7451-4657-98d5-9124de52335b/datanode-1/data/containers/hdds to VolumeSet
2019-09-25 06:10:10,544 [main] INFO  volume.ThrottledAsyncChecker (ThrottledAsyncChecker.java:schedule(139)) - Scheduling a check for org.apache.hadoop.ozone.container.common.volume.HddsVolume@2589d787
2019-09-25 06:10:10,545 [main] INFO  volume.HddsVolumeChecker (HddsVolumeChecker.java:checkAllVolumes(202)) - Scheduled health check for volume org.apache.hadoop.ozone.container.common.volume.HddsVolume@2589d787
2019-09-25 06:10:10,571 [main] INFO  impl.RaftServerProxy (ConfUtils.java:logGet(43)) - raft.rpc.type = GRPC (default)
2019-09-25 06:10:10,572 [main] INFO  grpc.GrpcFactory (GrpcFactory.java:checkPooledByteBufAllocatorUseCacheForAllThreads(45)) - PERFORMANCE WARNING: useCacheForAllThreads is true that may cause Netty to create a lot garbage objects and, as a result, trigger GC.
	It is recommended to disable useCacheForAllThreads by setting -Dorg.apache.ratis.thirdparty.io.netty.allocator.useCacheForAllThreads=false in command line.
2019-09-25 06:10:10,572 [main] INFO  grpc.GrpcConfigKeys$Server (ConfUtils.java:logGet(43)) - raft.grpc.server.port = 0 (default)
2019-09-25 06:10:10,572 [main] INFO  server.GrpcService (ConfUtils.java:logGet(43)) - raft.grpc.message.size.max = 33570816 (custom)
2019-09-25 06:10:10,572 [main] INFO  server.RaftServerConfigKeys (ConfUtils.java:logGet(43)) - raft.server.log.appender.buffer.byte-limit = 33554432 (custom)
2019-09-25 06:10:10,573 [main] INFO  server.GrpcService (ConfUtils.java:logGet(43)) - raft.grpc.flow.control.window = 1MB (=1048576) (default)
2019-09-25 06:10:10,573 [main] INFO  server.RaftServerConfigKeys (ConfUtils.java:logGet(43)) - raft.server.rpc.request.timeout = 3000ms (default)
2019-09-25 06:10:10,573 [main] INFO  server.RaftServerConfigKeys (ConfUtils.java:logGet(43)) - raft.server.storage.dir = [/workdir/hadoop-ozone/ozonefs/target/test-dir/MiniOzoneClusterImpl-e438aa53-7451-4657-98d5-9124de52335b/datanode-1/data/ratis] (custom)
2019-09-25 06:10:10,575 [main] INFO  hdfs.DFSUtil (DFSUtil.java:httpServerTemplateForNNAndJN(1641)) - Starting Web-server for hddsDatanode at: http://0.0.0.0:0
2019-09-25 06:10:10,577 [main] INFO  server.AuthenticationFilter (AuthenticationFilter.java:constructSecretProvider(240)) - Unable to initialize FileSignerSecretProvider, falling back to use random secrets.
2019-09-25 06:10:10,577 [main] WARN  http.HttpRequestLog (HttpRequestLog.java:getRequestLog(97)) - Jetty request log can only be enabled using Log4j
2019-09-25 06:10:10,580 [main] INFO  http.HttpServer2 (HttpServer2.java:addGlobalFilter(975)) - Added global filter 'safety' (class=org.apache.hadoop.http.HttpServer2$QuotingInputFilter)
2019-09-25 06:10:10,581 [main] INFO  http.HttpServer2 (HttpServer2.java:addFilter(948)) - Added filter static_user_filter (class=org.apache.hadoop.http.lib.StaticUserWebFilter$StaticUserFilter) to context hddsDatanode
2019-09-25 06:10:10,581 [main] INFO  http.HttpServer2 (HttpServer2.java:addFilter(958)) - Added filter static_user_filter (class=org.apache.hadoop.http.lib.StaticUserWebFilter$StaticUserFilter) to context logs
2019-09-25 06:10:10,581 [main] INFO  http.HttpServer2 (HttpServer2.java:addFilter(958)) - Added filter static_user_filter (class=org.apache.hadoop.http.lib.StaticUserWebFilter$StaticUserFilter) to context static
2019-09-25 06:10:10,582 [main] INFO  http.HttpServer2 (HttpServer2.java:bindListener(1191)) - Jetty bound to port 33453
2019-09-25 06:10:10,583 [main] INFO  server.Server (Server.java:doStart(351)) - jetty-9.3.25.v20180904, build timestamp: 2018-09-04T21:11:46Z, git hash: 3ce520221d0240229c862b122d2b06c12a625732
2019-09-25 06:10:10,584 [main] INFO  handler.ContextHandler (ContextHandler.java:doStart(781)) - Started o.e.j.s.ServletContextHandler@12abcd1e{/logs,file:///workdir/hadoop-ozone/ozonefs/target/log,AVAILABLE}
2019-09-25 06:10:10,585 [main] INFO  handler.ContextHandler (ContextHandler.java:doStart(781)) - Started o.e.j.s.ServletContextHandler@1595d2b2{/static,jar:file:/home/user/.m2/repository/org/apache/hadoop/hadoop-hdds-container-service/0.5.0-SNAPSHOT/hadoop-hdds-container-service-0.5.0-SNAPSHOT.jar!/webapps/static,AVAILABLE}
2019-09-25 06:10:10,616 [main] INFO  handler.ContextHandler (ContextHandler.java:doStart(781)) - Started o.e.j.w.WebAppContext@bbb6f0{/,file:///tmp/jetty-0.0.0.0-33453-hddsDatanode-_-any-6893227570881495237.dir/webapp/,AVAILABLE}{/hddsDatanode}
2019-09-25 06:10:10,617 [main] INFO  server.AbstractConnector (AbstractConnector.java:doStart(278)) - Started ServerConnector@3e6ec74{HTTP/1.1,[http/1.1]}{0.0.0.0:33453}
2019-09-25 06:10:10,618 [main] INFO  server.Server (Server.java:doStart(419)) - Started @353381ms
2019-09-25 06:10:10,618 [main] WARN  impl.MetricsSystemImpl (MetricsSystemImpl.java:register(276)) - Sink prometheus already exists!
2019-09-25 06:10:10,619 [main] INFO  server.BaseHttpServer (BaseHttpServer.java:updateConnectorAddress(215)) - HTTP server of HDDSDATANODE is listening at http://0.0.0.0:33453
2019-09-25 06:10:10,619 [main] INFO  impl.MetricsSystemImpl (MetricsSystemImpl.java:init(158)) - HddsDatanode metrics system started (again)
2019-09-25 06:10:10,622 [org.apache.hadoop.util.JvmPauseMonitor$Monitor@3b990b03] INFO  util.JvmPauseMonitor (JvmPauseMonitor.java:run(188)) - Starting JVM pause monitor
2019-09-25 06:10:10,623 [main] INFO  ozone.HddsDatanodeService (HddsDatanodeService.java:start(184)) - HddsDatanodeService host:pr-hdds-1569-s44lr-3492059363 ip:192.168.164.207
2019-09-25 06:10:10,624 [Datanode State Machine Thread - 0] INFO  datanode.InitDatanodeState (InitDatanodeState.java:persistContainerDatanodeDetails(140)) - DatanodeDetails is persisted to /workdir/hadoop-ozone/ozonefs/target/test-dir/MiniOzoneClusterImpl-e438aa53-7451-4657-98d5-9124de52335b/datanode-1/meta/datanode.id
2019-09-25 06:10:10,628 [main] INFO  volume.HddsVolume (HddsVolume.java:<init>(176)) - Creating Volume: /workdir/hadoop-ozone/ozonefs/target/test-dir/MiniOzoneClusterImpl-e438aa53-7451-4657-98d5-9124de52335b/datanode-2/data/containers/hdds of  storage type : DISK and capacity : 1482555576320
2019-09-25 06:10:10,628 [main] INFO  volume.VolumeSet (VolumeSet.java:initializeVolumeSet(170)) - Added Volume : /workdir/hadoop-ozone/ozonefs/target/test-dir/MiniOzoneClusterImpl-e438aa53-7451-4657-98d5-9124de52335b/datanode-2/data/containers/hdds to VolumeSet
2019-09-25 06:10:10,628 [main] INFO  volume.ThrottledAsyncChecker (ThrottledAsyncChecker.java:schedule(139)) - Scheduling a check for org.apache.hadoop.ozone.container.common.volume.HddsVolume@2c9306d3
2019-09-25 06:10:10,629 [main] INFO  volume.HddsVolumeChecker (HddsVolumeChecker.java:checkAllVolumes(202)) - Scheduled health check for volume org.apache.hadoop.ozone.container.common.volume.HddsVolume@2c9306d3
2019-09-25 06:10:10,651 [main] INFO  impl.RaftServerProxy (ConfUtils.java:logGet(43)) - raft.rpc.type = GRPC (default)
2019-09-25 06:10:10,651 [main] INFO  grpc.GrpcFactory (GrpcFactory.java:checkPooledByteBufAllocatorUseCacheForAllThreads(45)) - PERFORMANCE WARNING: useCacheForAllThreads is true that may cause Netty to create a lot garbage objects and, as a result, trigger GC.
	It is recommended to disable useCacheForAllThreads by setting -Dorg.apache.ratis.thirdparty.io.netty.allocator.useCacheForAllThreads=false in command line.
2019-09-25 06:10:10,651 [main] INFO  grpc.GrpcConfigKeys$Server (ConfUtils.java:logGet(43)) - raft.grpc.server.port = 0 (default)
2019-09-25 06:10:10,651 [main] INFO  server.GrpcService (ConfUtils.java:logGet(43)) - raft.grpc.message.size.max = 33570816 (custom)
2019-09-25 06:10:10,652 [main] INFO  server.RaftServerConfigKeys (ConfUtils.java:logGet(43)) - raft.server.log.appender.buffer.byte-limit = 33554432 (custom)
2019-09-25 06:10:10,652 [main] INFO  server.GrpcService (ConfUtils.java:logGet(43)) - raft.grpc.flow.control.window = 1MB (=1048576) (default)
2019-09-25 06:10:10,652 [main] INFO  server.RaftServerConfigKeys (ConfUtils.java:logGet(43)) - raft.server.rpc.request.timeout = 3000ms (default)
2019-09-25 06:10:10,652 [main] INFO  server.RaftServerConfigKeys (ConfUtils.java:logGet(43)) - raft.server.storage.dir = [/workdir/hadoop-ozone/ozonefs/target/test-dir/MiniOzoneClusterImpl-e438aa53-7451-4657-98d5-9124de52335b/datanode-2/data/ratis] (custom)
2019-09-25 06:10:10,654 [main] INFO  hdfs.DFSUtil (DFSUtil.java:httpServerTemplateForNNAndJN(1641)) - Starting Web-server for hddsDatanode at: http://0.0.0.0:0
2019-09-25 06:10:10,656 [main] INFO  server.AuthenticationFilter (AuthenticationFilter.java:constructSecretProvider(240)) - Unable to initialize FileSignerSecretProvider, falling back to use random secrets.
2019-09-25 06:10:10,656 [main] WARN  http.HttpRequestLog (HttpRequestLog.java:getRequestLog(97)) - Jetty request log can only be enabled using Log4j
2019-09-25 06:10:10,658 [main] INFO  http.HttpServer2 (HttpServer2.java:addGlobalFilter(975)) - Added global filter 'safety' (class=org.apache.hadoop.http.HttpServer2$QuotingInputFilter)
2019-09-25 06:10:10,659 [main] INFO  http.HttpServer2 (HttpServer2.java:addFilter(948)) - Added filter static_user_filter (class=org.apache.hadoop.http.lib.StaticUserWebFilter$StaticUserFilter) to context hddsDatanode
2019-09-25 06:10:10,659 [main] INFO  http.HttpServer2 (HttpServer2.java:addFilter(958)) - Added filter static_user_filter (class=org.apache.hadoop.http.lib.StaticUserWebFilter$StaticUserFilter) to context static
2019-09-25 06:10:10,659 [main] INFO  http.HttpServer2 (HttpServer2.java:addFilter(958)) - Added filter static_user_filter (class=org.apache.hadoop.http.lib.StaticUserWebFilter$StaticUserFilter) to context logs
2019-09-25 06:10:10,660 [main] INFO  http.HttpServer2 (HttpServer2.java:bindListener(1191)) - Jetty bound to port 42029
2019-09-25 06:10:10,660 [main] INFO  server.Server (Server.java:doStart(351)) - jetty-9.3.25.v20180904, build timestamp: 2018-09-04T21:11:46Z, git hash: 3ce520221d0240229c862b122d2b06c12a625732
2019-09-25 06:10:10,661 [main] INFO  handler.ContextHandler (ContextHandler.java:doStart(781)) - Started o.e.j.s.ServletContextHandler@1a914089{/logs,file:///workdir/hadoop-ozone/ozonefs/target/log,AVAILABLE}
2019-09-25 06:10:10,662 [main] INFO  handler.ContextHandler (ContextHandler.java:doStart(781)) - Started o.e.j.s.ServletContextHandler@4a2bf50f{/static,jar:file:/home/user/.m2/repository/org/apache/hadoop/hadoop-hdds-container-service/0.5.0-SNAPSHOT/hadoop-hdds-container-service-0.5.0-SNAPSHOT.jar!/webapps/static,AVAILABLE}
2019-09-25 06:10:10,690 [main] INFO  handler.ContextHandler (ContextHandler.java:doStart(781)) - Started o.e.j.w.WebAppContext@2eb0cefe{/,file:///tmp/jetty-0.0.0.0-42029-hddsDatanode-_-any-204857726824340664.dir/webapp/,AVAILABLE}{/hddsDatanode}
2019-09-25 06:10:10,691 [main] INFO  server.AbstractConnector (AbstractConnector.java:doStart(278)) - Started ServerConnector@5a2ae1ab{HTTP/1.1,[http/1.1]}{0.0.0.0:42029}
2019-09-25 06:10:10,692 [main] INFO  server.Server (Server.java:doStart(419)) - Started @353456ms
2019-09-25 06:10:10,692 [main] WARN  impl.MetricsSystemImpl (MetricsSystemImpl.java:register(276)) - Sink prometheus already exists!
2019-09-25 06:10:10,693 [main] INFO  server.BaseHttpServer (BaseHttpServer.java:updateConnectorAddress(215)) - HTTP server of HDDSDATANODE is listening at http://0.0.0.0:42029
2019-09-25 06:10:10,693 [main] INFO  ozone.MiniOzoneClusterImpl (MiniOzoneClusterImpl.java:lambda$waitForClusterToBeReady$0(147)) - Waiting for cluster to be ready. Got 0 of 3 DN Heartbeats.
2019-09-25 06:10:10,696 [org.apache.hadoop.util.JvmPauseMonitor$Monitor@3d7352a2] INFO  util.JvmPauseMonitor (JvmPauseMonitor.java:run(188)) - Starting JVM pause monitor
2019-09-25 06:10:10,698 [Datanode State Machine Thread - 0] INFO  datanode.InitDatanodeState (InitDatanodeState.java:persistContainerDatanodeDetails(140)) - DatanodeDetails is persisted to /workdir/hadoop-ozone/ozonefs/target/test-dir/MiniOzoneClusterImpl-e438aa53-7451-4657-98d5-9124de52335b/datanode-2/meta/datanode.id
2019-09-25 06:10:11,695 [main] INFO  ozone.MiniOzoneClusterImpl (MiniOzoneClusterImpl.java:lambda$waitForClusterToBeReady$0(147)) - Waiting for cluster to be ready. Got 0 of 3 DN Heartbeats.
2019-09-25 06:10:12,550 [Datanode State Machine Thread - 0] INFO  ozoneimpl.OzoneContainer (OzoneContainer.java:start(217)) - Attempting to start container services.
2019-09-25 06:10:12,551 [Datanode State Machine Thread - 0] INFO  ozoneimpl.OzoneContainer (OzoneContainer.java:startContainerScrub(179)) - Background container scanner has been disabled.
2019-09-25 06:10:12,552 [Datanode State Machine Thread - 0] INFO  ratis.XceiverServerRatis (XceiverServerRatis.java:start(411)) - Starting XceiverServerRatis 096e6fc4-835c-4a45-ba0a-cde44f03dca5 at port 0
2019-09-25 06:10:12,555 [Datanode State Machine Thread - 0] INFO  impl.RaftServerProxy (RaftServerProxy.java:lambda$start$3(299)) - 096e6fc4-835c-4a45-ba0a-cde44f03dca5: start RPC server
2019-09-25 06:10:12,558 [Datanode State Machine Thread - 0] INFO  server.GrpcService (GrpcService.java:startImpl(158)) - 096e6fc4-835c-4a45-ba0a-cde44f03dca5: GrpcService started, listening on 0.0.0.0/0.0.0.0:42535
2019-09-25 06:10:12,558 [Datanode State Machine Thread - 0] INFO  ratis.XceiverServerRatis (XceiverServerRatis.java:start(421)) - XceiverServerRatis 096e6fc4-835c-4a45-ba0a-cde44f03dca5 is started using port 42535
2019-09-25 06:10:12,559 [Datanode State Machine Thread - 0] INFO  server.XceiverServerGrpc (XceiverServerGrpc.java:start(149)) - XceiverServerGrpc 096e6fc4-835c-4a45-ba0a-cde44f03dca5 is started using port 37827
2019-09-25 06:10:12,638 [Datanode State Machine Thread - 0] INFO  ozoneimpl.OzoneContainer (OzoneContainer.java:start(217)) - Attempting to start container services.
2019-09-25 06:10:12,640 [Datanode State Machine Thread - 0] INFO  ozoneimpl.OzoneContainer (OzoneContainer.java:startContainerScrub(179)) - Background container scanner has been disabled.
2019-09-25 06:10:12,640 [Datanode State Machine Thread - 0] INFO  ratis.XceiverServerRatis (XceiverServerRatis.java:start(411)) - Starting XceiverServerRatis cc5d4b6f-867d-404b-b47c-cb5df444b38b at port 0
2019-09-25 06:10:12,645 [Datanode State Machine Thread - 0] INFO  impl.RaftServerProxy (RaftServerProxy.java:lambda$start$3(299)) - cc5d4b6f-867d-404b-b47c-cb5df444b38b: start RPC server
2019-09-25 06:10:12,645 [Datanode State Machine Thread - 0] INFO  server.GrpcService (GrpcService.java:startImpl(158)) - cc5d4b6f-867d-404b-b47c-cb5df444b38b: GrpcService started, listening on 0.0.0.0/0.0.0.0:43456
2019-09-25 06:10:12,646 [Datanode State Machine Thread - 0] INFO  ratis.XceiverServerRatis (XceiverServerRatis.java:start(421)) - XceiverServerRatis cc5d4b6f-867d-404b-b47c-cb5df444b38b is started using port 43456
2019-09-25 06:10:12,646 [Datanode State Machine Thread - 0] INFO  server.XceiverServerGrpc (XceiverServerGrpc.java:start(149)) - XceiverServerGrpc cc5d4b6f-867d-404b-b47c-cb5df444b38b is started using port 44921
2019-09-25 06:10:12,695 [main] INFO  ozone.MiniOzoneClusterImpl (MiniOzoneClusterImpl.java:lambda$waitForClusterToBeReady$0(147)) - Waiting for cluster to be ready. Got 0 of 3 DN Heartbeats.
2019-09-25 06:10:12,703 [Datanode State Machine Thread - 0] INFO  ozoneimpl.OzoneContainer (OzoneContainer.java:start(217)) - Attempting to start container services.
2019-09-25 06:10:12,706 [Datanode State Machine Thread - 0] INFO  ozoneimpl.OzoneContainer (OzoneContainer.java:startContainerScrub(179)) - Background container scanner has been disabled.
2019-09-25 06:10:12,706 [Datanode State Machine Thread - 0] INFO  ratis.XceiverServerRatis (XceiverServerRatis.java:start(411)) - Starting XceiverServerRatis e022f57c-d964-4025-961b-d778bc34271c at port 0
2019-09-25 06:10:12,711 [Datanode State Machine Thread - 0] INFO  impl.RaftServerProxy (RaftServerProxy.java:lambda$start$3(299)) - e022f57c-d964-4025-961b-d778bc34271c: start RPC server
2019-09-25 06:10:12,712 [Datanode State Machine Thread - 0] INFO  server.GrpcService (GrpcService.java:startImpl(158)) - e022f57c-d964-4025-961b-d778bc34271c: GrpcService started, listening on 0.0.0.0/0.0.0.0:33876
2019-09-25 06:10:12,712 [Datanode State Machine Thread - 0] INFO  ratis.XceiverServerRatis (XceiverServerRatis.java:start(421)) - XceiverServerRatis e022f57c-d964-4025-961b-d778bc34271c is started using port 33876
2019-09-25 06:10:12,712 [Datanode State Machine Thread - 0] INFO  server.XceiverServerGrpc (XceiverServerGrpc.java:start(149)) - XceiverServerGrpc e022f57c-d964-4025-961b-d778bc34271c is started using port 46027
2019-09-25 06:10:13,696 [main] INFO  ozone.MiniOzoneClusterImpl (MiniOzoneClusterImpl.java:lambda$waitForClusterToBeReady$0(147)) - Waiting for cluster to be ready. Got 0 of 3 DN Heartbeats.
2019-09-25 06:10:14,538 [IPC Server handler 0 on 42472] INFO  net.NetworkTopology (NetworkTopologyImpl.java:add(111)) - Added a new node: /default-rack/096e6fc4-835c-4a45-ba0a-cde44f03dca5
2019-09-25 06:10:14,540 [IPC Server handler 0 on 42472] INFO  node.SCMNodeManager (SCMNodeManager.java:register(266)) - Registered Data node : 096e6fc4-835c-4a45-ba0a-cde44f03dca5{ip: 192.168.164.207, host: pr-hdds-1569-s44lr-3492059363, networkLocation: /default-rack, certSerialId: null}
2019-09-25 06:10:14,540 [EventQueue-NodeRegistrationContainerReportForDataNodeSafeModeRule] INFO  safemode.SCMSafeModeManager (DataNodeSafeModeRule.java:process(71)) - SCM in safe mode. 1 DataNodes registered, 1 required.
2019-09-25 06:10:14,541 [EventQueue-NodeRegistrationContainerReportForContainerSafeModeRule] INFO  safemode.SCMSafeModeManager (SCMSafeModeManager.java:validateSafeModeExitRules(177)) - ScmSafeModeManager, all rules are successfully validated
2019-09-25 06:10:14,541 [EventQueue-NodeRegistrationContainerReportForContainerSafeModeRule] INFO  safemode.SCMSafeModeManager (SCMSafeModeManager.java:exitSafeMode(193)) - SCM exiting safe mode.
2019-09-25 06:10:14,558 [grpc-default-executor-0] INFO  impl.RaftServerProxy (RaftServerProxy.java:addNew(89)) - 096e6fc4-835c-4a45-ba0a-cde44f03dca5: addNew group-9C13403D1361:[096e6fc4-835c-4a45-ba0a-cde44f03dca5:192.168.164.207:42535] returns group-9C13403D1361:java.util.concurrent.CompletableFuture@36d1463a[Not completed]
2019-09-25 06:10:14,561 [pool-277-thread-1] INFO  impl.RaftServerImpl (RaftServerImpl.java:<init>(95)) - 096e6fc4-835c-4a45-ba0a-cde44f03dca5: new RaftServerImpl for group-9C13403D1361:[096e6fc4-835c-4a45-ba0a-cde44f03dca5:192.168.164.207:42535] with ContainerStateMachine:uninitialized
2019-09-25 06:10:14,561 [pool-277-thread-1] INFO  server.RaftServerConfigKeys (ConfUtils.java:logGet(43)) - raft.server.rpc.timeout.min = 5s (custom)
2019-09-25 06:10:14,561 [pool-277-thread-1] INFO  server.RaftServerConfigKeys (ConfUtils.java:logGet(43)) - raft.server.rpc.timeout.max = 5200ms (custom)
2019-09-25 06:10:14,561 [pool-277-thread-1] INFO  server.RaftServerConfigKeys (ConfUtils.java:logGet(43)) - raft.server.rpcslowness.timeout = 120s (custom)
2019-09-25 06:10:14,561 [pool-277-thread-1] INFO  server.RaftServerConfigKeys (ConfUtils.java:logGet(43)) - raft.server.sleep.deviation.threshold = 300 (default)
2019-09-25 06:10:14,561 [pool-277-thread-1] INFO  server.RaftServerConfigKeys (ConfUtils.java:logGet(43)) - raft.server.log.appender.install.snapshot.enabled = false (custom)
2019-09-25 06:10:14,561 [pool-277-thread-1] INFO  impl.RaftServerImpl (ServerState.java:<init>(103)) - 096e6fc4-835c-4a45-ba0a-cde44f03dca5@group-9C13403D1361: ConfigurationManager, init=-1: [096e6fc4-835c-4a45-ba0a-cde44f03dca5:192.168.164.207:42535], old=null, confs=<EMPTY_MAP>
2019-09-25 06:10:14,562 [pool-277-thread-1] INFO  server.RaftServerConfigKeys (ConfUtils.java:logGet(43)) - raft.server.storage.dir = [/workdir/hadoop-ozone/ozonefs/target/test-dir/MiniOzoneClusterImpl-e438aa53-7451-4657-98d5-9124de52335b/datanode-0/data/ratis] (custom)
2019-09-25 06:10:14,562 [pool-277-thread-1] INFO  storage.RaftStorageDirectory (RaftStorageDirectory.java:analyzeStorage(246)) - The storage directory /workdir/hadoop-ozone/ozonefs/target/test-dir/MiniOzoneClusterImpl-e438aa53-7451-4657-98d5-9124de52335b/datanode-0/data/ratis/99413b11-3415-4760-b2a3-9c13403d1361 does not exist. Creating ...
2019-09-25 06:10:14,624 [IPC Server handler 3 on 42472] INFO  net.NetworkTopology (NetworkTopologyImpl.java:add(111)) - Added a new node: /default-rack/cc5d4b6f-867d-404b-b47c-cb5df444b38b
2019-09-25 06:10:14,624 [IPC Server handler 3 on 42472] INFO  node.SCMNodeManager (SCMNodeManager.java:register(266)) - Registered Data node : cc5d4b6f-867d-404b-b47c-cb5df444b38b{ip: 192.168.164.207, host: pr-hdds-1569-s44lr-3492059363, networkLocation: /default-rack, certSerialId: null}
2019-09-25 06:10:14,640 [pool-277-thread-1] INFO  storage.RaftStorageDirectory (RaftStorageDirectory.java:tryLock(328)) - Lock on /workdir/hadoop-ozone/ozonefs/target/test-dir/MiniOzoneClusterImpl-e438aa53-7451-4657-98d5-9124de52335b/datanode-0/data/ratis/99413b11-3415-4760-b2a3-9c13403d1361/in_use.lock acquired by nodename 18406@pr-hdds-1569-s44lr-3492059363
2019-09-25 06:10:14,665 [pool-277-thread-1] INFO  storage.RaftStorage (RaftStorage.java:format(72)) - Storage directory /workdir/hadoop-ozone/ozonefs/target/test-dir/MiniOzoneClusterImpl-e438aa53-7451-4657-98d5-9124de52335b/datanode-0/data/ratis/99413b11-3415-4760-b2a3-9c13403d1361 has been successfully formatted.
2019-09-25 06:10:14,665 [pool-277-thread-1] INFO  ratis.ContainerStateMachine (ContainerStateMachine.java:loadSnapshot(230)) - group-9C13403D1361: The snapshot info is null. Setting the last applied indexto:(t:0, i:~)
2019-09-25 06:10:14,665 [pool-277-thread-1] INFO  server.RaftServerConfigKeys (ConfUtils.java:logGet(43)) - raft.server.notification.no-leader.timeout = 120s (custom)
2019-09-25 06:10:14,665 [pool-277-thread-1] INFO  server.RaftServerConfigKeys (ConfUtils.java:logGet(43)) - raft.server.log.use.memory = false (default)
2019-09-25 06:10:14,665 [pool-277-thread-1] INFO  server.RaftServerConfigKeys (ConfUtils.java:logGet(43)) - raft.server.log.purge.gap = 1000000 (custom)
2019-09-25 06:10:14,665 [pool-277-thread-1] INFO  server.RaftServerConfigKeys (ConfUtils.java:logGet(43)) - raft.server.log.appender.buffer.byte-limit = 33554432 (custom)
2019-09-25 06:10:14,666 [pool-277-thread-1] INFO  server.RaftServerConfigKeys (ConfUtils.java:logGet(43)) - raft.server.log.segment.size.max = 1048576 (custom)
2019-09-25 06:10:14,666 [pool-277-thread-1] INFO  server.RaftServerConfigKeys (ConfUtils.java:logGet(43)) - raft.server.log.segment.cache.num.max = 2 (custom)
2019-09-25 06:10:14,666 [pool-277-thread-1] INFO  segmented.SegmentedRaftLogWorker (SegmentedRaftLogWorker.java:<init>(172)) - new 096e6fc4-835c-4a45-ba0a-cde44f03dca5@group-9C13403D1361-SegmentedRaftLogWorker for RaftStorage:Storage Directory /workdir/hadoop-ozone/ozonefs/target/test-dir/MiniOzoneClusterImpl-e438aa53-7451-4657-98d5-9124de52335b/datanode-0/data/ratis/99413b11-3415-4760-b2a3-9c13403d1361
2019-09-25 06:10:14,668 [pool-277-thread-1] INFO  server.RaftServerConfigKeys (ConfUtils.java:logGet(43)) - raft.server.log.queue.byte-limit = 2147483647 (custom)
2019-09-25 06:10:14,668 [pool-277-thread-1] INFO  server.RaftServerConfigKeys (ConfUtils.java:logGet(43)) - raft.server.log.queue.element-limit = 1024 (custom)
2019-09-25 06:10:14,668 [pool-277-thread-1] INFO  server.RaftServerConfigKeys (ConfUtils.java:logGet(43)) - raft.server.log.segment.size.max = 1048576 (custom)
2019-09-25 06:10:14,668 [pool-277-thread-1] INFO  server.RaftServerConfigKeys (ConfUtils.java:logGet(43)) - raft.server.log.preallocated.size = 16384 (custom)
2019-09-25 06:10:14,668 [pool-277-thread-1] INFO  server.RaftServerConfigKeys (ConfUtils.java:logGet(43)) - raft.server.log.write.buffer.size = 33554432 (custom)
2019-09-25 06:10:14,668 [pool-277-thread-1] INFO  server.RaftServerConfigKeys (ConfUtils.java:logGet(43)) - raft.server.log.force.sync.num = 128 (default)
2019-09-25 06:10:14,668 [pool-277-thread-1] INFO  server.RaftServerConfigKeys (ConfUtils.java:logGet(43)) - raft.server.log.statemachine.data.sync = true (default)
2019-09-25 06:10:14,668 [pool-277-thread-1] INFO  server.RaftServerConfigKeys (ConfUtils.java:logGet(43)) - raft.server.log.statemachine.data.sync.timeout = 10s (default)
2019-09-25 06:10:14,668 [pool-277-thread-1] INFO  server.RaftServerConfigKeys (ConfUtils.java:logGet(43)) - raft.server.log.statemachine.data.sync.timeout.retry = -1 (default)
2019-09-25 06:10:14,669 [pool-277-thread-1] INFO  server.RaftServerConfigKeys (ConfUtils.java:logGet(43)) - raft.server.log.statemachine.data.caching.enabled = true (custom)
2019-09-25 06:10:14,669 [pool-277-thread-1] INFO  segmented.SegmentedRaftLogWorker (SegmentedRaftLogWorker.java:lambda$new$0(132)) - 096e6fc4-835c-4a45-ba0a-cde44f03dca5@group-9C13403D1361-SegmentedRaftLogWorker: flushIndex: setUnconditionally 0 -> -1
2019-09-25 06:10:14,669 [pool-277-thread-1] INFO  server.RaftServerConfigKeys (ConfUtils.java:logGet(43)) - raft.server.snapshot.auto.trigger.enabled = true (custom)
2019-09-25 06:10:14,669 [pool-277-thread-1] INFO  server.RaftServerConfigKeys (ConfUtils.java:logGet(43)) - raft.server.snapshot.auto.trigger.threshold = 10000 (custom)
2019-09-25 06:10:14,669 [pool-277-thread-1] INFO  server.RaftServerConfigKeys (ConfUtils.java:logGet(43)) - raft.server.snapshot.retention.num.files = 5 (custom)
2019-09-25 06:10:14,669 [pool-277-thread-1] INFO  server.RaftServerConfigKeys (ConfUtils.java:logGet(43)) - raft.server.retrycache.expirytime = 600000ms (custom)
2019-09-25 06:10:14,671 [pool-277-thread-1] INFO  impl.RaftServerImpl (RaftServerImpl.java:start(185)) - 096e6fc4-835c-4a45-ba0a-cde44f03dca5@group-9C13403D1361: start as a follower, conf=-1: [096e6fc4-835c-4a45-ba0a-cde44f03dca5:192.168.164.207:42535], old=null
2019-09-25 06:10:14,671 [pool-277-thread-1] INFO  impl.RaftServerImpl (RaftServerImpl.java:setRole(174)) - 096e6fc4-835c-4a45-ba0a-cde44f03dca5@group-9C13403D1361: changes role from      null to FOLLOWER at term 0 for startAsFollower
2019-09-25 06:10:14,671 [pool-277-thread-1] INFO  impl.RoleInfo (RoleInfo.java:updateAndGet(143)) - 096e6fc4-835c-4a45-ba0a-cde44f03dca5: start FollowerState
2019-09-25 06:10:14,671 [pool-277-thread-1] INFO  util.JmxRegister (JmxRegister.java:tryRegister(44)) - Successfully registered JMX Bean with object name Ratis:service=RaftServer,group=group-9C13403D1361,id=096e6fc4-835c-4a45-ba0a-cde44f03dca5
2019-09-25 06:10:14,696 [main] INFO  ozone.MiniOzoneClusterImpl (MiniOzoneClusterImpl.java:lambda$waitForClusterToBeReady$0(147)) - Waiting for cluster to be ready. Got 2 of 3 DN Heartbeats.
2019-09-25 06:10:14,697 [IPC Server handler 2 on 42472] INFO  net.NetworkTopology (NetworkTopologyImpl.java:add(111)) - Added a new node: /default-rack/e022f57c-d964-4025-961b-d778bc34271c
2019-09-25 06:10:14,697 [IPC Server handler 2 on 42472] INFO  node.SCMNodeManager (SCMNodeManager.java:register(266)) - Registered Data node : e022f57c-d964-4025-961b-d778bc34271c{ip: 192.168.164.207, host: pr-hdds-1569-s44lr-3492059363, networkLocation: /default-rack, certSerialId: null}
2019-09-25 06:10:14,705 [RatisPipelineUtilsThread] INFO  pipeline.PipelineStateManager (PipelineStateManager.java:addPipeline(56)) - Created pipeline Pipeline[ Id: 99413b11-3415-4760-b2a3-9c13403d1361, Nodes: 096e6fc4-835c-4a45-ba0a-cde44f03dca5{ip: 192.168.164.207, host: pr-hdds-1569-s44lr-3492059363, networkLocation: /default-rack, certSerialId: null}, Type:RATIS, Factor:ONE, State:OPEN]
2019-09-25 06:10:14,714 [grpc-default-executor-0] INFO  impl.RaftServerProxy (RaftServerProxy.java:addNew(89)) - cc5d4b6f-867d-404b-b47c-cb5df444b38b: addNew group-51AD166C9C6E:[cc5d4b6f-867d-404b-b47c-cb5df444b38b:192.168.164.207:43456] returns group-51AD166C9C6E:java.util.concurrent.CompletableFuture@6aa2c28d[Not completed]
2019-09-25 06:10:14,715 [pool-287-thread-1] INFO  impl.RaftServerImpl (RaftServerImpl.java:<init>(95)) - cc5d4b6f-867d-404b-b47c-cb5df444b38b: new RaftServerImpl for group-51AD166C9C6E:[cc5d4b6f-867d-404b-b47c-cb5df444b38b:192.168.164.207:43456] with ContainerStateMachine:uninitialized
2019-09-25 06:10:14,716 [pool-287-thread-1] INFO  server.RaftServerConfigKeys (ConfUtils.java:logGet(43)) - raft.server.rpc.timeout.min = 5s (custom)
2019-09-25 06:10:14,716 [pool-287-thread-1] INFO  server.RaftServerConfigKeys (ConfUtils.java:logGet(43)) - raft.server.rpc.timeout.max = 5200ms (custom)
2019-09-25 06:10:14,716 [pool-287-thread-1] INFO  server.RaftServerConfigKeys (ConfUtils.java:logGet(43)) - raft.server.rpcslowness.timeout = 120s (custom)
2019-09-25 06:10:14,717 [pool-287-thread-1] INFO  server.RaftServerConfigKeys (ConfUtils.java:logGet(43)) - raft.server.sleep.deviation.threshold = 300 (default)
2019-09-25 06:10:14,717 [pool-287-thread-1] INFO  server.RaftServerConfigKeys (ConfUtils.java:logGet(43)) - raft.server.log.appender.install.snapshot.enabled = false (custom)
2019-09-25 06:10:14,717 [pool-287-thread-1] INFO  impl.RaftServerImpl (ServerState.java:<init>(103)) - cc5d4b6f-867d-404b-b47c-cb5df444b38b@group-51AD166C9C6E: ConfigurationManager, init=-1: [cc5d4b6f-867d-404b-b47c-cb5df444b38b:192.168.164.207:43456], old=null, confs=<EMPTY_MAP>
2019-09-25 06:10:14,717 [pool-287-thread-1] INFO  server.RaftServerConfigKeys (ConfUtils.java:logGet(43)) - raft.server.storage.dir = [/workdir/hadoop-ozone/ozonefs/target/test-dir/MiniOzoneClusterImpl-e438aa53-7451-4657-98d5-9124de52335b/datanode-1/data/ratis] (custom)
2019-09-25 06:10:14,717 [pool-287-thread-1] INFO  storage.RaftStorageDirectory (RaftStorageDirectory.java:analyzeStorage(246)) - The storage directory /workdir/hadoop-ozone/ozonefs/target/test-dir/MiniOzoneClusterImpl-e438aa53-7451-4657-98d5-9124de52335b/datanode-1/data/ratis/b1934939-ae87-453e-b4df-51ad166c9c6e does not exist. Creating ...
2019-09-25 06:10:14,733 [pool-287-thread-1] INFO  storage.RaftStorageDirectory (RaftStorageDirectory.java:tryLock(328)) - Lock on /workdir/hadoop-ozone/ozonefs/target/test-dir/MiniOzoneClusterImpl-e438aa53-7451-4657-98d5-9124de52335b/datanode-1/data/ratis/b1934939-ae87-453e-b4df-51ad166c9c6e/in_use.lock acquired by nodename 18406@pr-hdds-1569-s44lr-3492059363
2019-09-25 06:10:14,747 [pool-287-thread-1] INFO  storage.RaftStorage (RaftStorage.java:format(72)) - Storage directory /workdir/hadoop-ozone/ozonefs/target/test-dir/MiniOzoneClusterImpl-e438aa53-7451-4657-98d5-9124de52335b/datanode-1/data/ratis/b1934939-ae87-453e-b4df-51ad166c9c6e has been successfully formatted.
2019-09-25 06:10:14,747 [pool-287-thread-1] INFO  ratis.ContainerStateMachine (ContainerStateMachine.java:loadSnapshot(230)) - group-51AD166C9C6E: The snapshot info is null. Setting the last applied indexto:(t:0, i:~)
2019-09-25 06:10:14,747 [pool-287-thread-1] INFO  server.RaftServerConfigKeys (ConfUtils.java:logGet(43)) - raft.server.notification.no-leader.timeout = 120s (custom)
2019-09-25 06:10:14,747 [pool-287-thread-1] INFO  server.RaftServerConfigKeys (ConfUtils.java:logGet(43)) - raft.server.log.use.memory = false (default)
2019-09-25 06:10:14,748 [pool-287-thread-1] INFO  server.RaftServerConfigKeys (ConfUtils.java:logGet(43)) - raft.server.log.purge.gap = 1000000 (custom)
2019-09-25 06:10:14,748 [pool-287-thread-1] INFO  server.RaftServerConfigKeys (ConfUtils.java:logGet(43)) - raft.server.log.appender.buffer.byte-limit = 33554432 (custom)
2019-09-25 06:10:14,748 [pool-287-thread-1] INFO  server.RaftServerConfigKeys (ConfUtils.java:logGet(43)) - raft.server.log.segment.size.max = 1048576 (custom)
2019-09-25 06:10:14,748 [pool-287-thread-1] INFO  server.RaftServerConfigKeys (ConfUtils.java:logGet(43)) - raft.server.log.segment.cache.num.max = 2 (custom)
2019-09-25 06:10:14,748 [pool-287-thread-1] INFO  segmented.SegmentedRaftLogWorker (SegmentedRaftLogWorker.java:<init>(172)) - new cc5d4b6f-867d-404b-b47c-cb5df444b38b@group-51AD166C9C6E-SegmentedRaftLogWorker for RaftStorage:Storage Directory /workdir/hadoop-ozone/ozonefs/target/test-dir/MiniOzoneClusterImpl-e438aa53-7451-4657-98d5-9124de52335b/datanode-1/data/ratis/b1934939-ae87-453e-b4df-51ad166c9c6e
2019-09-25 06:10:14,750 [pool-287-thread-1] INFO  server.RaftServerConfigKeys (ConfUtils.java:logGet(43)) - raft.server.log.queue.byte-limit = 2147483647 (custom)
2019-09-25 06:10:14,750 [pool-287-thread-1] INFO  server.RaftServerConfigKeys (ConfUtils.java:logGet(43)) - raft.server.log.queue.element-limit = 1024 (custom)
2019-09-25 06:10:14,750 [pool-287-thread-1] INFO  server.RaftServerConfigKeys (ConfUtils.java:logGet(43)) - raft.server.log.segment.size.max = 1048576 (custom)
2019-09-25 06:10:14,750 [pool-287-thread-1] INFO  server.RaftServerConfigKeys (ConfUtils.java:logGet(43)) - raft.server.log.preallocated.size = 16384 (custom)
2019-09-25 06:10:14,750 [pool-287-thread-1] INFO  server.RaftServerConfigKeys (ConfUtils.java:logGet(43)) - raft.server.log.write.buffer.size = 33554432 (custom)
2019-09-25 06:10:14,750 [pool-287-thread-1] INFO  server.RaftServerConfigKeys (ConfUtils.java:logGet(43)) - raft.server.log.force.sync.num = 128 (default)
2019-09-25 06:10:14,751 [pool-287-thread-1] INFO  server.RaftServerConfigKeys (ConfUtils.java:logGet(43)) - raft.server.log.statemachine.data.sync = true (default)
2019-09-25 06:10:14,751 [pool-287-thread-1] INFO  server.RaftServerConfigKeys (ConfUtils.java:logGet(43)) - raft.server.log.statemachine.data.sync.timeout = 10s (default)
2019-09-25 06:10:14,751 [pool-287-thread-1] INFO  server.RaftServerConfigKeys (ConfUtils.java:logGet(43)) - raft.server.log.statemachine.data.sync.timeout.retry = -1 (default)
2019-09-25 06:10:14,751 [pool-287-thread-1] INFO  server.RaftServerConfigKeys (ConfUtils.java:logGet(43)) - raft.server.log.statemachine.data.caching.enabled = true (custom)
2019-09-25 06:10:14,751 [pool-287-thread-1] INFO  segmented.SegmentedRaftLogWorker (SegmentedRaftLogWorker.java:lambda$new$0(132)) - cc5d4b6f-867d-404b-b47c-cb5df444b38b@group-51AD166C9C6E-SegmentedRaftLogWorker: flushIndex: setUnconditionally 0 -> -1
2019-09-25 06:10:14,752 [pool-287-thread-1] INFO  server.RaftServerConfigKeys (ConfUtils.java:logGet(43)) - raft.server.snapshot.auto.trigger.enabled = true (custom)
2019-09-25 06:10:14,752 [pool-287-thread-1] INFO  server.RaftServerConfigKeys (ConfUtils.java:logGet(43)) - raft.server.snapshot.auto.trigger.threshold = 10000 (custom)
2019-09-25 06:10:14,752 [pool-287-thread-1] INFO  server.RaftServerConfigKeys (ConfUtils.java:logGet(43)) - raft.server.snapshot.retention.num.files = 5 (custom)
2019-09-25 06:10:14,752 [pool-287-thread-1] INFO  server.RaftServerConfigKeys (ConfUtils.java:logGet(43)) - raft.server.retrycache.expirytime = 600000ms (custom)
2019-09-25 06:10:14,753 [pool-287-thread-1] INFO  impl.RaftServerImpl (RaftServerImpl.java:start(185)) - cc5d4b6f-867d-404b-b47c-cb5df444b38b@group-51AD166C9C6E: start as a follower, conf=-1: [cc5d4b6f-867d-404b-b47c-cb5df444b38b:192.168.164.207:43456], old=null
2019-09-25 06:10:14,754 [pool-287-thread-1] INFO  impl.RaftServerImpl (RaftServerImpl.java:setRole(174)) - cc5d4b6f-867d-404b-b47c-cb5df444b38b@group-51AD166C9C6E: changes role from      null to FOLLOWER at term 0 for startAsFollower
2019-09-25 06:10:14,754 [pool-287-thread-1] INFO  impl.RoleInfo (RoleInfo.java:updateAndGet(143)) - cc5d4b6f-867d-404b-b47c-cb5df444b38b: start FollowerState
2019-09-25 06:10:14,754 [pool-287-thread-1] INFO  util.JmxRegister (JmxRegister.java:tryRegister(44)) - Successfully registered JMX Bean with object name Ratis:service=RaftServer,group=group-51AD166C9C6E,id=cc5d4b6f-867d-404b-b47c-cb5df444b38b
2019-09-25 06:10:14,758 [RatisPipelineUtilsThread] INFO  pipeline.PipelineStateManager (PipelineStateManager.java:addPipeline(56)) - Created pipeline Pipeline[ Id: b1934939-ae87-453e-b4df-51ad166c9c6e, Nodes: cc5d4b6f-867d-404b-b47c-cb5df444b38b{ip: 192.168.164.207, host: pr-hdds-1569-s44lr-3492059363, networkLocation: /default-rack, certSerialId: null}, Type:RATIS, Factor:ONE, State:OPEN]
2019-09-25 06:10:14,765 [grpc-default-executor-0] INFO  impl.RaftServerProxy (RaftServerProxy.java:addNew(89)) - cc5d4b6f-867d-404b-b47c-cb5df444b38b: addNew group-15A9184575F8:[cc5d4b6f-867d-404b-b47c-cb5df444b38b:192.168.164.207:43456] returns group-15A9184575F8:java.util.concurrent.CompletableFuture@649d36d7[Not completed]
2019-09-25 06:10:14,766 [pool-287-thread-1] INFO  impl.RaftServerImpl (RaftServerImpl.java:<init>(95)) - cc5d4b6f-867d-404b-b47c-cb5df444b38b: new RaftServerImpl for group-15A9184575F8:[cc5d4b6f-867d-404b-b47c-cb5df444b38b:192.168.164.207:43456] with ContainerStateMachine:uninitialized
2019-09-25 06:10:14,766 [pool-287-thread-1] INFO  server.RaftServerConfigKeys (ConfUtils.java:logGet(43)) - raft.server.rpc.timeout.min = 5s (custom)
2019-09-25 06:10:14,767 [pool-287-thread-1] INFO  server.RaftServerConfigKeys (ConfUtils.java:logGet(43)) - raft.server.rpc.timeout.max = 5200ms (custom)
2019-09-25 06:10:14,767 [pool-287-thread-1] INFO  server.RaftServerConfigKeys (ConfUtils.java:logGet(43)) - raft.server.rpcslowness.timeout = 120s (custom)
2019-09-25 06:10:14,767 [pool-287-thread-1] INFO  server.RaftServerConfigKeys (ConfUtils.java:logGet(43)) - raft.server.sleep.deviation.threshold = 300 (default)
2019-09-25 06:10:14,767 [pool-287-thread-1] INFO  server.RaftServerConfigKeys (ConfUtils.java:logGet(43)) - raft.server.log.appender.install.snapshot.enabled = false (custom)
2019-09-25 06:10:14,767 [pool-287-thread-1] INFO  impl.RaftServerImpl (ServerState.java:<init>(103)) - cc5d4b6f-867d-404b-b47c-cb5df444b38b@group-15A9184575F8: ConfigurationManager, init=-1: [cc5d4b6f-867d-404b-b47c-cb5df444b38b:192.168.164.207:43456], old=null, confs=<EMPTY_MAP>
2019-09-25 06:10:14,767 [pool-287-thread-1] INFO  server.RaftServerConfigKeys (ConfUtils.java:logGet(43)) - raft.server.storage.dir = [/workdir/hadoop-ozone/ozonefs/target/test-dir/MiniOzoneClusterImpl-e438aa53-7451-4657-98d5-9124de52335b/datanode-1/data/ratis] (custom)
2019-09-25 06:10:14,768 [pool-287-thread-1] INFO  storage.RaftStorageDirectory (RaftStorageDirectory.java:analyzeStorage(246)) - The storage directory /workdir/hadoop-ozone/ozonefs/target/test-dir/MiniOzoneClusterImpl-e438aa53-7451-4657-98d5-9124de52335b/datanode-1/data/ratis/6b5a4a3e-bffc-4a2c-97f1-15a9184575f8 does not exist. Creating ...
2019-09-25 06:10:14,781 [pool-287-thread-1] INFO  storage.RaftStorageDirectory (RaftStorageDirectory.java:tryLock(328)) - Lock on /workdir/hadoop-ozone/ozonefs/target/test-dir/MiniOzoneClusterImpl-e438aa53-7451-4657-98d5-9124de52335b/datanode-1/data/ratis/6b5a4a3e-bffc-4a2c-97f1-15a9184575f8/in_use.lock acquired by nodename 18406@pr-hdds-1569-s44lr-3492059363
2019-09-25 06:10:14,795 [pool-287-thread-1] INFO  storage.RaftStorage (RaftStorage.java:format(72)) - Storage directory /workdir/hadoop-ozone/ozonefs/target/test-dir/MiniOzoneClusterImpl-e438aa53-7451-4657-98d5-9124de52335b/datanode-1/data/ratis/6b5a4a3e-bffc-4a2c-97f1-15a9184575f8 has been successfully formatted.
2019-09-25 06:10:14,796 [pool-287-thread-1] INFO  ratis.ContainerStateMachine (ContainerStateMachine.java:loadSnapshot(230)) - group-15A9184575F8: The snapshot info is null. Setting the last applied indexto:(t:0, i:~)
2019-09-25 06:10:14,796 [pool-287-thread-1] INFO  server.RaftServerConfigKeys (ConfUtils.java:logGet(43)) - raft.server.notification.no-leader.timeout = 120s (custom)
2019-09-25 06:10:14,796 [pool-287-thread-1] INFO  server.RaftServerConfigKeys (ConfUtils.java:logGet(43)) - raft.server.log.use.memory = false (default)
2019-09-25 06:10:14,796 [pool-287-thread-1] INFO  server.RaftServerConfigKeys (ConfUtils.java:logGet(43)) - raft.server.log.purge.gap = 1000000 (custom)
2019-09-25 06:10:14,796 [pool-287-thread-1] INFO  server.RaftServerConfigKeys (ConfUtils.java:logGet(43)) - raft.server.log.appender.buffer.byte-limit = 33554432 (custom)
2019-09-25 06:10:14,797 [pool-287-thread-1] INFO  server.RaftServerConfigKeys (ConfUtils.java:logGet(43)) - raft.server.log.segment.size.max = 1048576 (custom)
2019-09-25 06:10:14,797 [pool-287-thread-1] INFO  server.RaftServerConfigKeys (ConfUtils.java:logGet(43)) - raft.server.log.segment.cache.num.max = 2 (custom)
2019-09-25 06:10:14,797 [pool-287-thread-1] INFO  segmented.SegmentedRaftLogWorker (SegmentedRaftLogWorker.java:<init>(172)) - new cc5d4b6f-867d-404b-b47c-cb5df444b38b@group-15A9184575F8-SegmentedRaftLogWorker for RaftStorage:Storage Directory /workdir/hadoop-ozone/ozonefs/target/test-dir/MiniOzoneClusterImpl-e438aa53-7451-4657-98d5-9124de52335b/datanode-1/data/ratis/6b5a4a3e-bffc-4a2c-97f1-15a9184575f8
2019-09-25 06:10:14,797 [pool-287-thread-1] INFO  server.RaftServerConfigKeys (ConfUtils.java:logGet(43)) - raft.server.log.queue.byte-limit = 2147483647 (custom)
2019-09-25 06:10:14,797 [pool-287-thread-1] INFO  server.RaftServerConfigKeys (ConfUtils.java:logGet(43)) - raft.server.log.queue.element-limit = 1024 (custom)
2019-09-25 06:10:14,797 [pool-287-thread-1] INFO  server.RaftServerConfigKeys (ConfUtils.java:logGet(43)) - raft.server.log.segment.size.max = 1048576 (custom)
2019-09-25 06:10:14,797 [pool-287-thread-1] INFO  server.RaftServerConfigKeys (ConfUtils.java:logGet(43)) - raft.server.log.preallocated.size = 16384 (custom)
2019-09-25 06:10:14,798 [pool-287-thread-1] INFO  server.RaftServerConfigKeys (ConfUtils.java:logGet(43)) - raft.server.log.write.buffer.size = 33554432 (custom)
2019-09-25 06:10:14,798 [pool-287-thread-1] INFO  server.RaftServerConfigKeys (ConfUtils.java:logGet(43)) - raft.server.log.force.sync.num = 128 (default)
2019-09-25 06:10:14,798 [pool-287-thread-1] INFO  server.RaftServerConfigKeys (ConfUtils.java:logGet(43)) - raft.server.log.statemachine.data.sync = true (default)
2019-09-25 06:10:14,798 [pool-287-thread-1] INFO  server.RaftServerConfigKeys (ConfUtils.java:logGet(43)) - raft.server.log.statemachine.data.sync.timeout = 10s (default)
2019-09-25 06:10:14,798 [pool-287-thread-1] INFO  server.RaftServerConfigKeys (ConfUtils.java:logGet(43)) - raft.server.log.statemachine.data.sync.timeout.retry = -1 (default)
2019-09-25 06:10:14,798 [pool-287-thread-1] INFO  server.RaftServerConfigKeys (ConfUtils.java:logGet(43)) - raft.server.log.statemachine.data.caching.enabled = true (custom)
2019-09-25 06:10:14,799 [pool-287-thread-1] INFO  segmented.SegmentedRaftLogWorker (SegmentedRaftLogWorker.java:lambda$new$0(132)) - cc5d4b6f-867d-404b-b47c-cb5df444b38b@group-15A9184575F8-SegmentedRaftLogWorker: flushIndex: setUnconditionally 0 -> -1
2019-09-25 06:10:14,799 [pool-287-thread-1] INFO  server.RaftServerConfigKeys (ConfUtils.java:logGet(43)) - raft.server.snapshot.auto.trigger.enabled = true (custom)
2019-09-25 06:10:14,799 [pool-287-thread-1] INFO  server.RaftServerConfigKeys (ConfUtils.java:logGet(43)) - raft.server.snapshot.auto.trigger.threshold = 10000 (custom)
2019-09-25 06:10:14,799 [pool-287-thread-1] INFO  server.RaftServerConfigKeys (ConfUtils.java:logGet(43)) - raft.server.snapshot.retention.num.files = 5 (custom)
2019-09-25 06:10:14,800 [pool-287-thread-1] INFO  server.RaftServerConfigKeys (ConfUtils.java:logGet(43)) - raft.server.retrycache.expirytime = 600000ms (custom)
2019-09-25 06:10:14,802 [pool-287-thread-1] INFO  impl.RaftServerImpl (RaftServerImpl.java:start(185)) - cc5d4b6f-867d-404b-b47c-cb5df444b38b@group-15A9184575F8: start as a follower, conf=-1: [cc5d4b6f-867d-404b-b47c-cb5df444b38b:192.168.164.207:43456], old=null
2019-09-25 06:10:14,802 [pool-287-thread-1] INFO  impl.RaftServerImpl (RaftServerImpl.java:setRole(174)) - cc5d4b6f-867d-404b-b47c-cb5df444b38b@group-15A9184575F8: changes role from      null to FOLLOWER at term 0 for startAsFollower
2019-09-25 06:10:14,802 [pool-287-thread-1] INFO  impl.RoleInfo (RoleInfo.java:updateAndGet(143)) - cc5d4b6f-867d-404b-b47c-cb5df444b38b: start FollowerState
2019-09-25 06:10:14,802 [pool-287-thread-1] INFO  util.JmxRegister (JmxRegister.java:tryRegister(44)) - Successfully registered JMX Bean with object name Ratis:service=RaftServer,group=group-15A9184575F8,id=cc5d4b6f-867d-404b-b47c-cb5df444b38b
2019-09-25 06:10:14,807 [RatisPipelineUtilsThread] INFO  pipeline.PipelineStateManager (PipelineStateManager.java:addPipeline(56)) - Created pipeline Pipeline[ Id: 6b5a4a3e-bffc-4a2c-97f1-15a9184575f8, Nodes: cc5d4b6f-867d-404b-b47c-cb5df444b38b{ip: 192.168.164.207, host: pr-hdds-1569-s44lr-3492059363, networkLocation: /default-rack, certSerialId: null}, Type:RATIS, Factor:ONE, State:OPEN]
2019-09-25 06:10:14,814 [grpc-default-executor-0] INFO  impl.RaftServerProxy (RaftServerProxy.java:addNew(89)) - cc5d4b6f-867d-404b-b47c-cb5df444b38b: addNew group-3D947F716634:[cc5d4b6f-867d-404b-b47c-cb5df444b38b:192.168.164.207:43456] returns group-3D947F716634:java.util.concurrent.CompletableFuture@71a62972[Not completed]
2019-09-25 06:10:14,815 [pool-287-thread-1] INFO  impl.RaftServerImpl (RaftServerImpl.java:<init>(95)) - cc5d4b6f-867d-404b-b47c-cb5df444b38b: new RaftServerImpl for group-3D947F716634:[cc5d4b6f-867d-404b-b47c-cb5df444b38b:192.168.164.207:43456] with ContainerStateMachine:uninitialized
2019-09-25 06:10:14,815 [pool-287-thread-1] INFO  server.RaftServerConfigKeys (ConfUtils.java:logGet(43)) - raft.server.rpc.timeout.min = 5s (custom)
2019-09-25 06:10:14,815 [pool-287-thread-1] INFO  server.RaftServerConfigKeys (ConfUtils.java:logGet(43)) - raft.server.rpc.timeout.max = 5200ms (custom)
2019-09-25 06:10:14,815 [pool-287-thread-1] INFO  server.RaftServerConfigKeys (ConfUtils.java:logGet(43)) - raft.server.rpcslowness.timeout = 120s (custom)
2019-09-25 06:10:14,815 [pool-287-thread-1] INFO  server.RaftServerConfigKeys (ConfUtils.java:logGet(43)) - raft.server.sleep.deviation.threshold = 300 (default)
2019-09-25 06:10:14,815 [pool-287-thread-1] INFO  server.RaftServerConfigKeys (ConfUtils.java:logGet(43)) - raft.server.log.appender.install.snapshot.enabled = false (custom)
2019-09-25 06:10:14,816 [pool-287-thread-1] INFO  impl.RaftServerImpl (ServerState.java:<init>(103)) - cc5d4b6f-867d-404b-b47c-cb5df444b38b@group-3D947F716634: ConfigurationManager, init=-1: [cc5d4b6f-867d-404b-b47c-cb5df444b38b:192.168.164.207:43456], old=null, confs=<EMPTY_MAP>
2019-09-25 06:10:14,816 [pool-287-thread-1] INFO  server.RaftServerConfigKeys (ConfUtils.java:logGet(43)) - raft.server.storage.dir = [/workdir/hadoop-ozone/ozonefs/target/test-dir/MiniOzoneClusterImpl-e438aa53-7451-4657-98d5-9124de52335b/datanode-1/data/ratis] (custom)
2019-09-25 06:10:14,816 [pool-287-thread-1] INFO  storage.RaftStorageDirectory (RaftStorageDirectory.java:analyzeStorage(246)) - The storage directory /workdir/hadoop-ozone/ozonefs/target/test-dir/MiniOzoneClusterImpl-e438aa53-7451-4657-98d5-9124de52335b/datanode-1/data/ratis/1b633829-713d-476e-bcac-3d947f716634 does not exist. Creating ...
2019-09-25 06:10:14,829 [pool-287-thread-1] INFO  storage.RaftStorageDirectory (RaftStorageDirectory.java:tryLock(328)) - Lock on /workdir/hadoop-ozone/ozonefs/target/test-dir/MiniOzoneClusterImpl-e438aa53-7451-4657-98d5-9124de52335b/datanode-1/data/ratis/1b633829-713d-476e-bcac-3d947f716634/in_use.lock acquired by nodename 18406@pr-hdds-1569-s44lr-3492059363
2019-09-25 06:10:14,850 [pool-287-thread-1] INFO  storage.RaftStorage (RaftStorage.java:format(72)) - Storage directory /workdir/hadoop-ozone/ozonefs/target/test-dir/MiniOzoneClusterImpl-e438aa53-7451-4657-98d5-9124de52335b/datanode-1/data/ratis/1b633829-713d-476e-bcac-3d947f716634 has been successfully formatted.
2019-09-25 06:10:14,850 [pool-287-thread-1] INFO  ratis.ContainerStateMachine (ContainerStateMachine.java:loadSnapshot(230)) - group-3D947F716634: The snapshot info is null. Setting the last applied indexto:(t:0, i:~)
2019-09-25 06:10:14,850 [pool-287-thread-1] INFO  server.RaftServerConfigKeys (ConfUtils.java:logGet(43)) - raft.server.notification.no-leader.timeout = 120s (custom)
2019-09-25 06:10:14,850 [pool-287-thread-1] INFO  server.RaftServerConfigKeys (ConfUtils.java:logGet(43)) - raft.server.log.use.memory = false (default)
2019-09-25 06:10:14,851 [pool-287-thread-1] INFO  server.RaftServerConfigKeys (ConfUtils.java:logGet(43)) - raft.server.log.purge.gap = 1000000 (custom)
2019-09-25 06:10:14,851 [pool-287-thread-1] INFO  server.RaftServerConfigKeys (ConfUtils.java:logGet(43)) - raft.server.log.appender.buffer.byte-limit = 33554432 (custom)
2019-09-25 06:10:14,851 [pool-287-thread-1] INFO  server.RaftServerConfigKeys (ConfUtils.java:logGet(43)) - raft.server.log.segment.size.max = 1048576 (custom)
2019-09-25 06:10:14,851 [pool-287-thread-1] INFO  server.RaftServerConfigKeys (ConfUtils.java:logGet(43)) - raft.server.log.segment.cache.num.max = 2 (custom)
2019-09-25 06:10:14,851 [pool-287-thread-1] INFO  segmented.SegmentedRaftLogWorker (SegmentedRaftLogWorker.java:<init>(172)) - new cc5d4b6f-867d-404b-b47c-cb5df444b38b@group-3D947F716634-SegmentedRaftLogWorker for RaftStorage:Storage Directory /workdir/hadoop-ozone/ozonefs/target/test-dir/MiniOzoneClusterImpl-e438aa53-7451-4657-98d5-9124de52335b/datanode-1/data/ratis/1b633829-713d-476e-bcac-3d947f716634
2019-09-25 06:10:14,851 [pool-287-thread-1] INFO  server.RaftServerConfigKeys (ConfUtils.java:logGet(43)) - raft.server.log.queue.byte-limit = 2147483647 (custom)
2019-09-25 06:10:14,851 [pool-287-thread-1] INFO  server.RaftServerConfigKeys (ConfUtils.java:logGet(43)) - raft.server.log.queue.element-limit = 1024 (custom)
2019-09-25 06:10:14,851 [pool-287-thread-1] INFO  server.RaftServerConfigKeys (ConfUtils.java:logGet(43)) - raft.server.log.segment.size.max = 1048576 (custom)
2019-09-25 06:10:14,852 [pool-287-thread-1] INFO  server.RaftServerConfigKeys (ConfUtils.java:logGet(43)) - raft.server.log.preallocated.size = 16384 (custom)
2019-09-25 06:10:14,852 [pool-287-thread-1] INFO  server.RaftServerConfigKeys (ConfUtils.java:logGet(43)) - raft.server.log.write.buffer.size = 33554432 (custom)
2019-09-25 06:10:14,852 [pool-287-thread-1] INFO  server.RaftServerConfigKeys (ConfUtils.java:logGet(43)) - raft.server.log.force.sync.num = 128 (default)
2019-09-25 06:10:14,852 [pool-287-thread-1] INFO  server.RaftServerConfigKeys (ConfUtils.java:logGet(43)) - raft.server.log.statemachine.data.sync = true (default)
2019-09-25 06:10:14,852 [pool-287-thread-1] INFO  server.RaftServerConfigKeys (ConfUtils.java:logGet(43)) - raft.server.log.statemachine.data.sync.timeout = 10s (default)
2019-09-25 06:10:14,852 [pool-287-thread-1] INFO  server.RaftServerConfigKeys (ConfUtils.java:logGet(43)) - raft.server.log.statemachine.data.sync.timeout.retry = -1 (default)
2019-09-25 06:10:14,852 [pool-287-thread-1] INFO  server.RaftServerConfigKeys (ConfUtils.java:logGet(43)) - raft.server.log.statemachine.data.caching.enabled = true (custom)
2019-09-25 06:10:14,853 [pool-287-thread-1] INFO  segmented.SegmentedRaftLogWorker (SegmentedRaftLogWorker.java:lambda$new$0(132)) - cc5d4b6f-867d-404b-b47c-cb5df444b38b@group-3D947F716634-SegmentedRaftLogWorker: flushIndex: setUnconditionally 0 -> -1
2019-09-25 06:10:14,853 [pool-287-thread-1] INFO  server.RaftServerConfigKeys (ConfUtils.java:logGet(43)) - raft.server.snapshot.auto.trigger.enabled = true (custom)
2019-09-25 06:10:14,853 [pool-287-thread-1] INFO  server.RaftServerConfigKeys (ConfUtils.java:logGet(43)) - raft.server.snapshot.auto.trigger.threshold = 10000 (custom)
2019-09-25 06:10:14,853 [pool-287-thread-1] INFO  server.RaftServerConfigKeys (ConfUtils.java:logGet(43)) - raft.server.snapshot.retention.num.files = 5 (custom)
2019-09-25 06:10:14,853 [pool-287-thread-1] INFO  server.RaftServerConfigKeys (ConfUtils.java:logGet(43)) - raft.server.retrycache.expirytime = 600000ms (custom)
2019-09-25 06:10:14,855 [pool-287-thread-1] INFO  impl.RaftServerImpl (RaftServerImpl.java:start(185)) - cc5d4b6f-867d-404b-b47c-cb5df444b38b@group-3D947F716634: start as a follower, conf=-1: [cc5d4b6f-867d-404b-b47c-cb5df444b38b:192.168.164.207:43456], old=null
2019-09-25 06:10:14,856 [pool-287-thread-1] INFO  impl.RaftServerImpl (RaftServerImpl.java:setRole(174)) - cc5d4b6f-867d-404b-b47c-cb5df444b38b@group-3D947F716634: changes role from      null to FOLLOWER at term 0 for startAsFollower
2019-09-25 06:10:14,856 [pool-287-thread-1] INFO  impl.RoleInfo (RoleInfo.java:updateAndGet(143)) - cc5d4b6f-867d-404b-b47c-cb5df444b38b: start FollowerState
2019-09-25 06:10:14,856 [pool-287-thread-1] INFO  util.JmxRegister (JmxRegister.java:tryRegister(44)) - Successfully registered JMX Bean with object name Ratis:service=RaftServer,group=group-3D947F716634,id=cc5d4b6f-867d-404b-b47c-cb5df444b38b
2019-09-25 06:10:14,861 [RatisPipelineUtilsThread] INFO  pipeline.PipelineStateManager (PipelineStateManager.java:addPipeline(56)) - Created pipeline Pipeline[ Id: 1b633829-713d-476e-bcac-3d947f716634, Nodes: cc5d4b6f-867d-404b-b47c-cb5df444b38b{ip: 192.168.164.207, host: pr-hdds-1569-s44lr-3492059363, networkLocation: /default-rack, certSerialId: null}, Type:RATIS, Factor:ONE, State:OPEN]
2019-09-25 06:10:14,868 [grpc-default-executor-0] INFO  impl.RaftServerProxy (RaftServerProxy.java:addNew(89)) - 096e6fc4-835c-4a45-ba0a-cde44f03dca5: addNew group-397AA8283B4C:[096e6fc4-835c-4a45-ba0a-cde44f03dca5:192.168.164.207:42535] returns group-397AA8283B4C:java.util.concurrent.CompletableFuture@5f96ac2d[Not completed]
2019-09-25 06:10:14,868 [pool-277-thread-1] INFO  impl.RaftServerImpl (RaftServerImpl.java:<init>(95)) - 096e6fc4-835c-4a45-ba0a-cde44f03dca5: new RaftServerImpl for group-397AA8283B4C:[096e6fc4-835c-4a45-ba0a-cde44f03dca5:192.168.164.207:42535] with ContainerStateMachine:uninitialized
2019-09-25 06:10:14,869 [pool-277-thread-1] INFO  server.RaftServerConfigKeys (ConfUtils.java:logGet(43)) - raft.server.rpc.timeout.min = 5s (custom)
2019-09-25 06:10:14,869 [pool-277-thread-1] INFO  server.RaftServerConfigKeys (ConfUtils.java:logGet(43)) - raft.server.rpc.timeout.max = 5200ms (custom)
2019-09-25 06:10:14,869 [pool-277-thread-1] INFO  server.RaftServerConfigKeys (ConfUtils.java:logGet(43)) - raft.server.rpcslowness.timeout = 120s (custom)
2019-09-25 06:10:14,869 [pool-277-thread-1] INFO  server.RaftServerConfigKeys (ConfUtils.java:logGet(43)) - raft.server.sleep.deviation.threshold = 300 (default)
2019-09-25 06:10:14,869 [pool-277-thread-1] INFO  server.RaftServerConfigKeys (ConfUtils.java:logGet(43)) - raft.server.log.appender.install.snapshot.enabled = false (custom)
2019-09-25 06:10:14,869 [pool-277-thread-1] INFO  impl.RaftServerImpl (ServerState.java:<init>(103)) - 096e6fc4-835c-4a45-ba0a-cde44f03dca5@group-397AA8283B4C: ConfigurationManager, init=-1: [096e6fc4-835c-4a45-ba0a-cde44f03dca5:192.168.164.207:42535], old=null, confs=<EMPTY_MAP>
2019-09-25 06:10:14,869 [pool-277-thread-1] INFO  server.RaftServerConfigKeys (ConfUtils.java:logGet(43)) - raft.server.storage.dir = [/workdir/hadoop-ozone/ozonefs/target/test-dir/MiniOzoneClusterImpl-e438aa53-7451-4657-98d5-9124de52335b/datanode-0/data/ratis] (custom)
2019-09-25 06:10:14,869 [pool-277-thread-1] INFO  storage.RaftStorageDirectory (RaftStorageDirectory.java:analyzeStorage(246)) - The storage directory /workdir/hadoop-ozone/ozonefs/target/test-dir/MiniOzoneClusterImpl-e438aa53-7451-4657-98d5-9124de52335b/datanode-0/data/ratis/0f52ada0-d0ff-4c02-bae5-397aa8283b4c does not exist. Creating ...
2019-09-25 06:10:14,883 [pool-277-thread-1] INFO  storage.RaftStorageDirectory (RaftStorageDirectory.java:tryLock(328)) - Lock on /workdir/hadoop-ozone/ozonefs/target/test-dir/MiniOzoneClusterImpl-e438aa53-7451-4657-98d5-9124de52335b/datanode-0/data/ratis/0f52ada0-d0ff-4c02-bae5-397aa8283b4c/in_use.lock acquired by nodename 18406@pr-hdds-1569-s44lr-3492059363
2019-09-25 06:10:14,896 [pool-277-thread-1] INFO  storage.RaftStorage (RaftStorage.java:format(72)) - Storage directory /workdir/hadoop-ozone/ozonefs/target/test-dir/MiniOzoneClusterImpl-e438aa53-7451-4657-98d5-9124de52335b/datanode-0/data/ratis/0f52ada0-d0ff-4c02-bae5-397aa8283b4c has been successfully formatted.
2019-09-25 06:10:14,896 [pool-277-thread-1] INFO  ratis.ContainerStateMachine (ContainerStateMachine.java:loadSnapshot(230)) - group-397AA8283B4C: The snapshot info is null. Setting the last applied indexto:(t:0, i:~)
2019-09-25 06:10:14,896 [pool-277-thread-1] INFO  server.RaftServerConfigKeys (ConfUtils.java:logGet(43)) - raft.server.notification.no-leader.timeout = 120s (custom)
2019-09-25 06:10:14,896 [pool-277-thread-1] INFO  server.RaftServerConfigKeys (ConfUtils.java:logGet(43)) - raft.server.log.use.memory = false (default)
2019-09-25 06:10:14,897 [pool-277-thread-1] INFO  server.RaftServerConfigKeys (ConfUtils.java:logGet(43)) - raft.server.log.purge.gap = 1000000 (custom)
2019-09-25 06:10:14,897 [pool-277-thread-1] INFO  server.RaftServerConfigKeys (ConfUtils.java:logGet(43)) - raft.server.log.appender.buffer.byte-limit = 33554432 (custom)
2019-09-25 06:10:14,897 [pool-277-thread-1] INFO  server.RaftServerConfigKeys (ConfUtils.java:logGet(43)) - raft.server.log.segment.size.max = 1048576 (custom)
2019-09-25 06:10:14,897 [pool-277-thread-1] INFO  server.RaftServerConfigKeys (ConfUtils.java:logGet(43)) - raft.server.log.segment.cache.num.max = 2 (custom)
2019-09-25 06:10:14,897 [pool-277-thread-1] INFO  segmented.SegmentedRaftLogWorker (SegmentedRaftLogWorker.java:<init>(172)) - new 096e6fc4-835c-4a45-ba0a-cde44f03dca5@group-397AA8283B4C-SegmentedRaftLogWorker for RaftStorage:Storage Directory /workdir/hadoop-ozone/ozonefs/target/test-dir/MiniOzoneClusterImpl-e438aa53-7451-4657-98d5-9124de52335b/datanode-0/data/ratis/0f52ada0-d0ff-4c02-bae5-397aa8283b4c
2019-09-25 06:10:14,897 [pool-277-thread-1] INFO  server.RaftServerConfigKeys (ConfUtils.java:logGet(43)) - raft.server.log.queue.byte-limit = 2147483647 (custom)
2019-09-25 06:10:14,897 [pool-277-thread-1] INFO  server.RaftServerConfigKeys (ConfUtils.java:logGet(43)) - raft.server.log.queue.element-limit = 1024 (custom)
2019-09-25 06:10:14,897 [pool-277-thread-1] INFO  server.RaftServerConfigKeys (ConfUtils.java:logGet(43)) - raft.server.log.segment.size.max = 1048576 (custom)
2019-09-25 06:10:14,897 [pool-277-thread-1] INFO  server.RaftServerConfigKeys (ConfUtils.java:logGet(43)) - raft.server.log.preallocated.size = 16384 (custom)
2019-09-25 06:10:14,897 [pool-277-thread-1] INFO  server.RaftServerConfigKeys (ConfUtils.java:logGet(43)) - raft.server.log.write.buffer.size = 33554432 (custom)
2019-09-25 06:10:14,898 [pool-277-thread-1] INFO  server.RaftServerConfigKeys (ConfUtils.java:logGet(43)) - raft.server.log.force.sync.num = 128 (default)
2019-09-25 06:10:14,898 [pool-277-thread-1] INFO  server.RaftServerConfigKeys (ConfUtils.java:logGet(43)) - raft.server.log.statemachine.data.sync = true (default)
2019-09-25 06:10:14,898 [pool-277-thread-1] INFO  server.RaftServerConfigKeys (ConfUtils.java:logGet(43)) - raft.server.log.statemachine.data.sync.timeout = 10s (default)
2019-09-25 06:10:14,898 [pool-277-thread-1] INFO  server.RaftServerConfigKeys (ConfUtils.java:logGet(43)) - raft.server.log.statemachine.data.sync.timeout.retry = -1 (default)
2019-09-25 06:10:14,898 [pool-277-thread-1] INFO  server.RaftServerConfigKeys (ConfUtils.java:logGet(43)) - raft.server.log.statemachine.data.caching.enabled = true (custom)
2019-09-25 06:10:14,898 [pool-277-thread-1] INFO  segmented.SegmentedRaftLogWorker (SegmentedRaftLogWorker.java:lambda$new$0(132)) - 096e6fc4-835c-4a45-ba0a-cde44f03dca5@group-397AA8283B4C-SegmentedRaftLogWorker: flushIndex: setUnconditionally 0 -> -1
2019-09-25 06:10:14,898 [pool-277-thread-1] INFO  server.RaftServerConfigKeys (ConfUtils.java:logGet(43)) - raft.server.snapshot.auto.trigger.enabled = true (custom)
2019-09-25 06:10:14,898 [pool-277-thread-1] INFO  server.RaftServerConfigKeys (ConfUtils.java:logGet(43)) - raft.server.snapshot.auto.trigger.threshold = 10000 (custom)
2019-09-25 06:10:14,899 [pool-277-thread-1] INFO  server.RaftServerConfigKeys (ConfUtils.java:logGet(43)) - raft.server.snapshot.retention.num.files = 5 (custom)
2019-09-25 06:10:14,899 [pool-277-thread-1] INFO  server.RaftServerConfigKeys (ConfUtils.java:logGet(43)) - raft.server.retrycache.expirytime = 600000ms (custom)
2019-09-25 06:10:14,900 [pool-277-thread-1] INFO  impl.RaftServerImpl (RaftServerImpl.java:start(185)) - 096e6fc4-835c-4a45-ba0a-cde44f03dca5@group-397AA8283B4C: start as a follower, conf=-1: [096e6fc4-835c-4a45-ba0a-cde44f03dca5:192.168.164.207:42535], old=null
2019-09-25 06:10:14,900 [pool-277-thread-1] INFO  impl.RaftServerImpl (RaftServerImpl.java:setRole(174)) - 096e6fc4-835c-4a45-ba0a-cde44f03dca5@group-397AA8283B4C: changes role from      null to FOLLOWER at term 0 for startAsFollower
2019-09-25 06:10:14,900 [pool-277-thread-1] INFO  impl.RoleInfo (RoleInfo.java:updateAndGet(143)) - 096e6fc4-835c-4a45-ba0a-cde44f03dca5: start FollowerState
2019-09-25 06:10:14,900 [pool-277-thread-1] INFO  util.JmxRegister (JmxRegister.java:tryRegister(44)) - Successfully registered JMX Bean with object name Ratis:service=RaftServer,group=group-397AA8283B4C,id=096e6fc4-835c-4a45-ba0a-cde44f03dca5
2019-09-25 06:10:14,904 [RatisPipelineUtilsThread] INFO  pipeline.PipelineStateManager (PipelineStateManager.java:addPipeline(56)) - Created pipeline Pipeline[ Id: 0f52ada0-d0ff-4c02-bae5-397aa8283b4c, Nodes: 096e6fc4-835c-4a45-ba0a-cde44f03dca5{ip: 192.168.164.207, host: pr-hdds-1569-s44lr-3492059363, networkLocation: /default-rack, certSerialId: null}, Type:RATIS, Factor:ONE, State:OPEN]
2019-09-25 06:10:14,911 [grpc-default-executor-0] INFO  impl.RaftServerProxy (RaftServerProxy.java:addNew(89)) - cc5d4b6f-867d-404b-b47c-cb5df444b38b: addNew group-A0C17E3C5848:[cc5d4b6f-867d-404b-b47c-cb5df444b38b:192.168.164.207:43456] returns group-A0C17E3C5848:java.util.concurrent.CompletableFuture@739cca7e[Not completed]
2019-09-25 06:10:14,912 [pool-287-thread-1] INFO  impl.RaftServerImpl (RaftServerImpl.java:<init>(95)) - cc5d4b6f-867d-404b-b47c-cb5df444b38b: new RaftServerImpl for group-A0C17E3C5848:[cc5d4b6f-867d-404b-b47c-cb5df444b38b:192.168.164.207:43456] with ContainerStateMachine:uninitialized
2019-09-25 06:10:14,912 [pool-287-thread-1] INFO  server.RaftServerConfigKeys (ConfUtils.java:logGet(43)) - raft.server.rpc.timeout.min = 5s (custom)
2019-09-25 06:10:14,912 [pool-287-thread-1] INFO  server.RaftServerConfigKeys (ConfUtils.java:logGet(43)) - raft.server.rpc.timeout.max = 5200ms (custom)
2019-09-25 06:10:14,913 [pool-287-thread-1] INFO  server.RaftServerConfigKeys (ConfUtils.java:logGet(43)) - raft.server.rpcslowness.timeout = 120s (custom)
2019-09-25 06:10:14,913 [pool-287-thread-1] INFO  server.RaftServerConfigKeys (ConfUtils.java:logGet(43)) - raft.server.sleep.deviation.threshold = 300 (default)
2019-09-25 06:10:14,913 [pool-287-thread-1] INFO  server.RaftServerConfigKeys (ConfUtils.java:logGet(43)) - raft.server.log.appender.install.snapshot.enabled = false (custom)
2019-09-25 06:10:14,913 [pool-287-thread-1] INFO  impl.RaftServerImpl (ServerState.java:<init>(103)) - cc5d4b6f-867d-404b-b47c-cb5df444b38b@group-A0C17E3C5848: ConfigurationManager, init=-1: [cc5d4b6f-867d-404b-b47c-cb5df444b38b:192.168.164.207:43456], old=null, confs=<EMPTY_MAP>
2019-09-25 06:10:14,913 [pool-287-thread-1] INFO  server.RaftServerConfigKeys (ConfUtils.java:logGet(43)) - raft.server.storage.dir = [/workdir/hadoop-ozone/ozonefs/target/test-dir/MiniOzoneClusterImpl-e438aa53-7451-4657-98d5-9124de52335b/datanode-1/data/ratis] (custom)
2019-09-25 06:10:14,913 [pool-287-thread-1] INFO  storage.RaftStorageDirectory (RaftStorageDirectory.java:analyzeStorage(246)) - The storage directory /workdir/hadoop-ozone/ozonefs/target/test-dir/MiniOzoneClusterImpl-e438aa53-7451-4657-98d5-9124de52335b/datanode-1/data/ratis/8a5d89cd-86de-4d35-8617-a0c17e3c5848 does not exist. Creating ...
2019-09-25 06:10:14,926 [pool-287-thread-1] INFO  storage.RaftStorageDirectory (RaftStorageDirectory.java:tryLock(328)) - Lock on /workdir/hadoop-ozone/ozonefs/target/test-dir/MiniOzoneClusterImpl-e438aa53-7451-4657-98d5-9124de52335b/datanode-1/data/ratis/8a5d89cd-86de-4d35-8617-a0c17e3c5848/in_use.lock acquired by nodename 18406@pr-hdds-1569-s44lr-3492059363
2019-09-25 06:10:14,940 [pool-287-thread-1] INFO  storage.RaftStorage (RaftStorage.java:format(72)) - Storage directory /workdir/hadoop-ozone/ozonefs/target/test-dir/MiniOzoneClusterImpl-e438aa53-7451-4657-98d5-9124de52335b/datanode-1/data/ratis/8a5d89cd-86de-4d35-8617-a0c17e3c5848 has been successfully formatted.
2019-09-25 06:10:14,940 [pool-287-thread-1] INFO  ratis.ContainerStateMachine (ContainerStateMachine.java:loadSnapshot(230)) - group-A0C17E3C5848: The snapshot info is null. Setting the last applied indexto:(t:0, i:~)
2019-09-25 06:10:14,940 [pool-287-thread-1] INFO  server.RaftServerConfigKeys (ConfUtils.java:logGet(43)) - raft.server.notification.no-leader.timeout = 120s (custom)
2019-09-25 06:10:14,940 [pool-287-thread-1] INFO  server.RaftServerConfigKeys (ConfUtils.java:logGet(43)) - raft.server.log.use.memory = false (default)
2019-09-25 06:10:14,940 [pool-287-thread-1] INFO  server.RaftServerConfigKeys (ConfUtils.java:logGet(43)) - raft.server.log.purge.gap = 1000000 (custom)
2019-09-25 06:10:14,941 [pool-287-thread-1] INFO  server.RaftServerConfigKeys (ConfUtils.java:logGet(43)) - raft.server.log.appender.buffer.byte-limit = 33554432 (custom)
2019-09-25 06:10:14,941 [pool-287-thread-1] INFO  server.RaftServerConfigKeys (ConfUtils.java:logGet(43)) - raft.server.log.segment.size.max = 1048576 (custom)
2019-09-25 06:10:14,941 [pool-287-thread-1] INFO  server.RaftServerConfigKeys (ConfUtils.java:logGet(43)) - raft.server.log.segment.cache.num.max = 2 (custom)
2019-09-25 06:10:14,941 [pool-287-thread-1] INFO  segmented.SegmentedRaftLogWorker (SegmentedRaftLogWorker.java:<init>(172)) - new cc5d4b6f-867d-404b-b47c-cb5df444b38b@group-A0C17E3C5848-SegmentedRaftLogWorker for RaftStorage:Storage Directory /workdir/hadoop-ozone/ozonefs/target/test-dir/MiniOzoneClusterImpl-e438aa53-7451-4657-98d5-9124de52335b/datanode-1/data/ratis/8a5d89cd-86de-4d35-8617-a0c17e3c5848
2019-09-25 06:10:14,941 [pool-287-thread-1] INFO  server.RaftServerConfigKeys (ConfUtils.java:logGet(43)) - raft.server.log.queue.byte-limit = 2147483647 (custom)
2019-09-25 06:10:14,941 [pool-287-thread-1] INFO  server.RaftServerConfigKeys (ConfUtils.java:logGet(43)) - raft.server.log.queue.element-limit = 1024 (custom)
2019-09-25 06:10:14,941 [pool-287-thread-1] INFO  server.RaftServerConfigKeys (ConfUtils.java:logGet(43)) - raft.server.log.segment.size.max = 1048576 (custom)
2019-09-25 06:10:14,942 [pool-287-thread-1] INFO  server.RaftServerConfigKeys (ConfUtils.java:logGet(43)) - raft.server.log.preallocated.size = 16384 (custom)
2019-09-25 06:10:14,942 [pool-287-thread-1] INFO  server.RaftServerConfigKeys (ConfUtils.java:logGet(43)) - raft.server.log.write.buffer.size = 33554432 (custom)
2019-09-25 06:10:14,942 [pool-287-thread-1] INFO  server.RaftServerConfigKeys (ConfUtils.java:logGet(43)) - raft.server.log.force.sync.num = 128 (default)
2019-09-25 06:10:14,942 [pool-287-thread-1] INFO  server.RaftServerConfigKeys (ConfUtils.java:logGet(43)) - raft.server.log.statemachine.data.sync = true (default)
2019-09-25 06:10:14,942 [pool-287-thread-1] INFO  server.RaftServerConfigKeys (ConfUtils.java:logGet(43)) - raft.server.log.statemachine.data.sync.timeout = 10s (default)
2019-09-25 06:10:14,942 [pool-287-thread-1] INFO  server.RaftServerConfigKeys (ConfUtils.java:logGet(43)) - raft.server.log.statemachine.data.sync.timeout.retry = -1 (default)
2019-09-25 06:10:14,942 [pool-287-thread-1] INFO  server.RaftServerConfigKeys (ConfUtils.java:logGet(43)) - raft.server.log.statemachine.data.caching.enabled = true (custom)
2019-09-25 06:10:14,942 [pool-287-thread-1] INFO  segmented.SegmentedRaftLogWorker (SegmentedRaftLogWorker.java:lambda$new$0(132)) - cc5d4b6f-867d-404b-b47c-cb5df444b38b@group-A0C17E3C5848-SegmentedRaftLogWorker: flushIndex: setUnconditionally 0 -> -1
2019-09-25 06:10:14,943 [pool-287-thread-1] INFO  server.RaftServerConfigKeys (ConfUtils.java:logGet(43)) - raft.server.snapshot.auto.trigger.enabled = true (custom)
2019-09-25 06:10:14,943 [pool-287-thread-1] INFO  server.RaftServerConfigKeys (ConfUtils.java:logGet(43)) - raft.server.snapshot.auto.trigger.threshold = 10000 (custom)
2019-09-25 06:10:14,943 [pool-287-thread-1] INFO  server.RaftServerConfigKeys (ConfUtils.java:logGet(43)) - raft.server.snapshot.retention.num.files = 5 (custom)
2019-09-25 06:10:14,943 [pool-287-thread-1] INFO  server.RaftServerConfigKeys (ConfUtils.java:logGet(43)) - raft.server.retrycache.expirytime = 600000ms (custom)
2019-09-25 06:10:14,945 [pool-287-thread-1] INFO  impl.RaftServerImpl (RaftServerImpl.java:start(185)) - cc5d4b6f-867d-404b-b47c-cb5df444b38b@group-A0C17E3C5848: start as a follower, conf=-1: [cc5d4b6f-867d-404b-b47c-cb5df444b38b:192.168.164.207:43456], old=null
2019-09-25 06:10:14,945 [pool-287-thread-1] INFO  impl.RaftServerImpl (RaftServerImpl.java:setRole(174)) - cc5d4b6f-867d-404b-b47c-cb5df444b38b@group-A0C17E3C5848: changes role from      null to FOLLOWER at term 0 for startAsFollower
2019-09-25 06:10:14,945 [pool-287-thread-1] INFO  impl.RoleInfo (RoleInfo.java:updateAndGet(143)) - cc5d4b6f-867d-404b-b47c-cb5df444b38b: start FollowerState
2019-09-25 06:10:14,945 [pool-287-thread-1] INFO  util.JmxRegister (JmxRegister.java:tryRegister(44)) - Successfully registered JMX Bean with object name Ratis:service=RaftServer,group=group-A0C17E3C5848,id=cc5d4b6f-867d-404b-b47c-cb5df444b38b
2019-09-25 06:10:14,950 [RatisPipelineUtilsThread] INFO  pipeline.PipelineStateManager (PipelineStateManager.java:addPipeline(56)) - Created pipeline Pipeline[ Id: 8a5d89cd-86de-4d35-8617-a0c17e3c5848, Nodes: cc5d4b6f-867d-404b-b47c-cb5df444b38b{ip: 192.168.164.207, host: pr-hdds-1569-s44lr-3492059363, networkLocation: /default-rack, certSerialId: null}, Type:RATIS, Factor:ONE, State:OPEN]
2019-09-25 06:10:14,957 [grpc-default-executor-0] INFO  impl.RaftServerProxy (RaftServerProxy.java:addNew(89)) - e022f57c-d964-4025-961b-d778bc34271c: addNew group-B8E0A5B84A99:[e022f57c-d964-4025-961b-d778bc34271c:192.168.164.207:33876] returns group-B8E0A5B84A99:java.util.concurrent.CompletableFuture@74b2a745[Not completed]
2019-09-25 06:10:14,958 [pool-297-thread-1] INFO  impl.RaftServerImpl (RaftServerImpl.java:<init>(95)) - e022f57c-d964-4025-961b-d778bc34271c: new RaftServerImpl for group-B8E0A5B84A99:[e022f57c-d964-4025-961b-d778bc34271c:192.168.164.207:33876] with ContainerStateMachine:uninitialized
2019-09-25 06:10:14,959 [pool-297-thread-1] INFO  server.RaftServerConfigKeys (ConfUtils.java:logGet(43)) - raft.server.rpc.timeout.min = 5s (custom)
2019-09-25 06:10:14,959 [pool-297-thread-1] INFO  server.RaftServerConfigKeys (ConfUtils.java:logGet(43)) - raft.server.rpc.timeout.max = 5200ms (custom)
2019-09-25 06:10:14,959 [pool-297-thread-1] INFO  server.RaftServerConfigKeys (ConfUtils.java:logGet(43)) - raft.server.rpcslowness.timeout = 120s (custom)
2019-09-25 06:10:14,960 [pool-297-thread-1] INFO  server.RaftServerConfigKeys (ConfUtils.java:logGet(43)) - raft.server.sleep.deviation.threshold = 300 (default)
2019-09-25 06:10:14,960 [pool-297-thread-1] INFO  server.RaftServerConfigKeys (ConfUtils.java:logGet(43)) - raft.server.log.appender.install.snapshot.enabled = false (custom)
2019-09-25 06:10:14,960 [pool-297-thread-1] INFO  impl.RaftServerImpl (ServerState.java:<init>(103)) - e022f57c-d964-4025-961b-d778bc34271c@group-B8E0A5B84A99: ConfigurationManager, init=-1: [e022f57c-d964-4025-961b-d778bc34271c:192.168.164.207:33876], old=null, confs=<EMPTY_MAP>
2019-09-25 06:10:14,960 [pool-297-thread-1] INFO  server.RaftServerConfigKeys (ConfUtils.java:logGet(43)) - raft.server.storage.dir = [/workdir/hadoop-ozone/ozonefs/target/test-dir/MiniOzoneClusterImpl-e438aa53-7451-4657-98d5-9124de52335b/datanode-2/data/ratis] (custom)
2019-09-25 06:10:14,960 [pool-297-thread-1] INFO  storage.RaftStorageDirectory (RaftStorageDirectory.java:analyzeStorage(246)) - The storage directory /workdir/hadoop-ozone/ozonefs/target/test-dir/MiniOzoneClusterImpl-e438aa53-7451-4657-98d5-9124de52335b/datanode-2/data/ratis/8691caa2-4ba6-4a7c-91d3-b8e0a5b84a99 does not exist. Creating ...
2019-09-25 06:10:14,973 [pool-297-thread-1] INFO  storage.RaftStorageDirectory (RaftStorageDirectory.java:tryLock(328)) - Lock on /workdir/hadoop-ozone/ozonefs/target/test-dir/MiniOzoneClusterImpl-e438aa53-7451-4657-98d5-9124de52335b/datanode-2/data/ratis/8691caa2-4ba6-4a7c-91d3-b8e0a5b84a99/in_use.lock acquired by nodename 18406@pr-hdds-1569-s44lr-3492059363
2019-09-25 06:10:14,987 [pool-297-thread-1] INFO  storage.RaftStorage (RaftStorage.java:format(72)) - Storage directory /workdir/hadoop-ozone/ozonefs/target/test-dir/MiniOzoneClusterImpl-e438aa53-7451-4657-98d5-9124de52335b/datanode-2/data/ratis/8691caa2-4ba6-4a7c-91d3-b8e0a5b84a99 has been successfully formatted.
2019-09-25 06:10:14,987 [pool-297-thread-1] INFO  ratis.ContainerStateMachine (ContainerStateMachine.java:loadSnapshot(230)) - group-B8E0A5B84A99: The snapshot info is null. Setting the last applied indexto:(t:0, i:~)
2019-09-25 06:10:14,987 [pool-297-thread-1] INFO  server.RaftServerConfigKeys (ConfUtils.java:logGet(43)) - raft.server.notification.no-leader.timeout = 120s (custom)
2019-09-25 06:10:14,987 [pool-297-thread-1] INFO  server.RaftServerConfigKeys (ConfUtils.java:logGet(43)) - raft.server.log.use.memory = false (default)
2019-09-25 06:10:14,987 [pool-297-thread-1] INFO  server.RaftServerConfigKeys (ConfUtils.java:logGet(43)) - raft.server.log.purge.gap = 1000000 (custom)
2019-09-25 06:10:14,987 [pool-297-thread-1] INFO  server.RaftServerConfigKeys (ConfUtils.java:logGet(43)) - raft.server.log.appender.buffer.byte-limit = 33554432 (custom)
2019-09-25 06:10:14,988 [pool-297-thread-1] INFO  server.RaftServerConfigKeys (ConfUtils.java:logGet(43)) - raft.server.log.segment.size.max = 1048576 (custom)
2019-09-25 06:10:14,988 [pool-297-thread-1] INFO  server.RaftServerConfigKeys (ConfUtils.java:logGet(43)) - raft.server.log.segment.cache.num.max = 2 (custom)
2019-09-25 06:10:14,988 [pool-297-thread-1] INFO  segmented.SegmentedRaftLogWorker (SegmentedRaftLogWorker.java:<init>(172)) - new e022f57c-d964-4025-961b-d778bc34271c@group-B8E0A5B84A99-SegmentedRaftLogWorker for RaftStorage:Storage Directory /workdir/hadoop-ozone/ozonefs/target/test-dir/MiniOzoneClusterImpl-e438aa53-7451-4657-98d5-9124de52335b/datanode-2/data/ratis/8691caa2-4ba6-4a7c-91d3-b8e0a5b84a99
2019-09-25 06:10:14,989 [pool-297-thread-1] INFO  server.RaftServerConfigKeys (ConfUtils.java:logGet(43)) - raft.server.log.queue.byte-limit = 2147483647 (custom)
2019-09-25 06:10:14,989 [pool-297-thread-1] INFO  server.RaftServerConfigKeys (ConfUtils.java:logGet(43)) - raft.server.log.queue.element-limit = 1024 (custom)
2019-09-25 06:10:14,989 [pool-297-thread-1] INFO  server.RaftServerConfigKeys (ConfUtils.java:logGet(43)) - raft.server.log.segment.size.max = 1048576 (custom)
2019-09-25 06:10:14,989 [pool-297-thread-1] INFO  server.RaftServerConfigKeys (ConfUtils.java:logGet(43)) - raft.server.log.preallocated.size = 16384 (custom)
2019-09-25 06:10:14,990 [pool-297-thread-1] INFO  server.RaftServerConfigKeys (ConfUtils.java:logGet(43)) - raft.server.log.write.buffer.size = 33554432 (custom)
2019-09-25 06:10:14,990 [pool-297-thread-1] INFO  server.RaftServerConfigKeys (ConfUtils.java:logGet(43)) - raft.server.log.force.sync.num = 128 (default)
2019-09-25 06:10:14,990 [pool-297-thread-1] INFO  server.RaftServerConfigKeys (ConfUtils.java:logGet(43)) - raft.server.log.statemachine.data.sync = true (default)
2019-09-25 06:10:14,990 [pool-297-thread-1] INFO  server.RaftServerConfigKeys (ConfUtils.java:logGet(43)) - raft.server.log.statemachine.data.sync.timeout = 10s (default)
2019-09-25 06:10:14,990 [pool-297-thread-1] INFO  server.RaftServerConfigKeys (ConfUtils.java:logGet(43)) - raft.server.log.statemachine.data.sync.timeout.retry = -1 (default)
2019-09-25 06:10:14,990 [pool-297-thread-1] INFO  server.RaftServerConfigKeys (ConfUtils.java:logGet(43)) - raft.server.log.statemachine.data.caching.enabled = true (custom)
2019-09-25 06:10:14,990 [pool-297-thread-1] INFO  segmented.SegmentedRaftLogWorker (SegmentedRaftLogWorker.java:lambda$new$0(132)) - e022f57c-d964-4025-961b-d778bc34271c@group-B8E0A5B84A99-SegmentedRaftLogWorker: flushIndex: setUnconditionally 0 -> -1
2019-09-25 06:10:14,991 [pool-297-thread-1] INFO  server.RaftServerConfigKeys (ConfUtils.java:logGet(43)) - raft.server.snapshot.auto.trigger.enabled = true (custom)
2019-09-25 06:10:14,991 [pool-297-thread-1] INFO  server.RaftServerConfigKeys (ConfUtils.java:logGet(43)) - raft.server.snapshot.auto.trigger.threshold = 10000 (custom)
2019-09-25 06:10:14,991 [pool-297-thread-1] INFO  server.RaftServerConfigKeys (ConfUtils.java:logGet(43)) - raft.server.snapshot.retention.num.files = 5 (custom)
2019-09-25 06:10:14,991 [pool-297-thread-1] INFO  server.RaftServerConfigKeys (ConfUtils.java:logGet(43)) - raft.server.retrycache.expirytime = 600000ms (custom)
2019-09-25 06:10:14,993 [pool-297-thread-1] INFO  impl.RaftServerImpl (RaftServerImpl.java:start(185)) - e022f57c-d964-4025-961b-d778bc34271c@group-B8E0A5B84A99: start as a follower, conf=-1: [e022f57c-d964-4025-961b-d778bc34271c:192.168.164.207:33876], old=null
2019-09-25 06:10:14,993 [pool-297-thread-1] INFO  impl.RaftServerImpl (RaftServerImpl.java:setRole(174)) - e022f57c-d964-4025-961b-d778bc34271c@group-B8E0A5B84A99: changes role from      null to FOLLOWER at term 0 for startAsFollower
2019-09-25 06:10:14,993 [pool-297-thread-1] INFO  impl.RoleInfo (RoleInfo.java:updateAndGet(143)) - e022f57c-d964-4025-961b-d778bc34271c: start FollowerState
2019-09-25 06:10:14,993 [pool-297-thread-1] INFO  util.JmxRegister (JmxRegister.java:tryRegister(44)) - Successfully registered JMX Bean with object name Ratis:service=RaftServer,group=group-B8E0A5B84A99,id=e022f57c-d964-4025-961b-d778bc34271c
2019-09-25 06:10:14,998 [RatisPipelineUtilsThread] INFO  pipeline.PipelineStateManager (PipelineStateManager.java:addPipeline(56)) - Created pipeline Pipeline[ Id: 8691caa2-4ba6-4a7c-91d3-b8e0a5b84a99, Nodes: e022f57c-d964-4025-961b-d778bc34271c{ip: 192.168.164.207, host: pr-hdds-1569-s44lr-3492059363, networkLocation: /default-rack, certSerialId: null}, Type:RATIS, Factor:ONE, State:OPEN]
2019-09-25 06:10:15,020 [grpc-default-executor-0] INFO  impl.RaftServerProxy (RaftServerProxy.java:addNew(89)) - cc5d4b6f-867d-404b-b47c-cb5df444b38b: addNew group-9273CEF24262:[cc5d4b6f-867d-404b-b47c-cb5df444b38b:192.168.164.207:43456] returns group-9273CEF24262:java.util.concurrent.CompletableFuture@7b64c808[Not completed]
2019-09-25 06:10:15,021 [pool-287-thread-1] INFO  impl.RaftServerImpl (RaftServerImpl.java:<init>(95)) - cc5d4b6f-867d-404b-b47c-cb5df444b38b: new RaftServerImpl for group-9273CEF24262:[cc5d4b6f-867d-404b-b47c-cb5df444b38b:192.168.164.207:43456] with ContainerStateMachine:uninitialized
2019-09-25 06:10:15,022 [pool-287-thread-1] INFO  server.RaftServerConfigKeys (ConfUtils.java:logGet(43)) - raft.server.rpc.timeout.min = 5s (custom)
2019-09-25 06:10:15,022 [pool-287-thread-1] INFO  server.RaftServerConfigKeys (ConfUtils.java:logGet(43)) - raft.server.rpc.timeout.max = 5200ms (custom)
2019-09-25 06:10:15,022 [pool-287-thread-1] INFO  server.RaftServerConfigKeys (ConfUtils.java:logGet(43)) - raft.server.rpcslowness.timeout = 120s (custom)
2019-09-25 06:10:15,022 [pool-287-thread-1] INFO  server.RaftServerConfigKeys (ConfUtils.java:logGet(43)) - raft.server.sleep.deviation.threshold = 300 (default)
2019-09-25 06:10:15,022 [pool-287-thread-1] INFO  server.RaftServerConfigKeys (ConfUtils.java:logGet(43)) - raft.server.log.appender.install.snapshot.enabled = false (custom)
2019-09-25 06:10:15,022 [pool-287-thread-1] INFO  impl.RaftServerImpl (ServerState.java:<init>(103)) - cc5d4b6f-867d-404b-b47c-cb5df444b38b@group-9273CEF24262: ConfigurationManager, init=-1: [cc5d4b6f-867d-404b-b47c-cb5df444b38b:192.168.164.207:43456], old=null, confs=<EMPTY_MAP>
2019-09-25 06:10:15,022 [pool-287-thread-1] INFO  server.RaftServerConfigKeys (ConfUtils.java:logGet(43)) - raft.server.storage.dir = [/workdir/hadoop-ozone/ozonefs/target/test-dir/MiniOzoneClusterImpl-e438aa53-7451-4657-98d5-9124de52335b/datanode-1/data/ratis] (custom)
2019-09-25 06:10:15,023 [pool-287-thread-1] INFO  storage.RaftStorageDirectory (RaftStorageDirectory.java:analyzeStorage(246)) - The storage directory /workdir/hadoop-ozone/ozonefs/target/test-dir/MiniOzoneClusterImpl-e438aa53-7451-4657-98d5-9124de52335b/datanode-1/data/ratis/d77dce6e-3cd1-4720-a7b0-9273cef24262 does not exist. Creating ...
2019-09-25 06:10:15,036 [pool-287-thread-1] INFO  storage.RaftStorageDirectory (RaftStorageDirectory.java:tryLock(328)) - Lock on /workdir/hadoop-ozone/ozonefs/target/test-dir/MiniOzoneClusterImpl-e438aa53-7451-4657-98d5-9124de52335b/datanode-1/data/ratis/d77dce6e-3cd1-4720-a7b0-9273cef24262/in_use.lock acquired by nodename 18406@pr-hdds-1569-s44lr-3492059363
2019-09-25 06:10:15,049 [pool-287-thread-1] INFO  storage.RaftStorage (RaftStorage.java:format(72)) - Storage directory /workdir/hadoop-ozone/ozonefs/target/test-dir/MiniOzoneClusterImpl-e438aa53-7451-4657-98d5-9124de52335b/datanode-1/data/ratis/d77dce6e-3cd1-4720-a7b0-9273cef24262 has been successfully formatted.
2019-09-25 06:10:15,050 [pool-287-thread-1] INFO  ratis.ContainerStateMachine (ContainerStateMachine.java:loadSnapshot(230)) - group-9273CEF24262: The snapshot info is null. Setting the last applied indexto:(t:0, i:~)
2019-09-25 06:10:15,050 [pool-287-thread-1] INFO  server.RaftServerConfigKeys (ConfUtils.java:logGet(43)) - raft.server.notification.no-leader.timeout = 120s (custom)
2019-09-25 06:10:15,050 [pool-287-thread-1] INFO  server.RaftServerConfigKeys (ConfUtils.java:logGet(43)) - raft.server.log.use.memory = false (default)
2019-09-25 06:10:15,050 [pool-287-thread-1] INFO  server.RaftServerConfigKeys (ConfUtils.java:logGet(43)) - raft.server.log.purge.gap = 1000000 (custom)
2019-09-25 06:10:15,050 [pool-287-thread-1] INFO  server.RaftServerConfigKeys (ConfUtils.java:logGet(43)) - raft.server.log.appender.buffer.byte-limit = 33554432 (custom)
2019-09-25 06:10:15,050 [pool-287-thread-1] INFO  server.RaftServerConfigKeys (ConfUtils.java:logGet(43)) - raft.server.log.segment.size.max = 1048576 (custom)
2019-09-25 06:10:15,051 [pool-287-thread-1] INFO  server.RaftServerConfigKeys (ConfUtils.java:logGet(43)) - raft.server.log.segment.cache.num.max = 2 (custom)
2019-09-25 06:10:15,051 [pool-287-thread-1] INFO  segmented.SegmentedRaftLogWorker (SegmentedRaftLogWorker.java:<init>(172)) - new cc5d4b6f-867d-404b-b47c-cb5df444b38b@group-9273CEF24262-SegmentedRaftLogWorker for RaftStorage:Storage Directory /workdir/hadoop-ozone/ozonefs/target/test-dir/MiniOzoneClusterImpl-e438aa53-7451-4657-98d5-9124de52335b/datanode-1/data/ratis/d77dce6e-3cd1-4720-a7b0-9273cef24262
2019-09-25 06:10:15,051 [pool-287-thread-1] INFO  server.RaftServerConfigKeys (ConfUtils.java:logGet(43)) - raft.server.log.queue.byte-limit = 2147483647 (custom)
2019-09-25 06:10:15,051 [pool-287-thread-1] INFO  server.RaftServerConfigKeys (ConfUtils.java:logGet(43)) - raft.server.log.queue.element-limit = 1024 (custom)
2019-09-25 06:10:15,051 [pool-287-thread-1] INFO  server.RaftServerConfigKeys (ConfUtils.java:logGet(43)) - raft.server.log.segment.size.max = 1048576 (custom)
2019-09-25 06:10:15,051 [pool-287-thread-1] INFO  server.RaftServerConfigKeys (ConfUtils.java:logGet(43)) - raft.server.log.preallocated.size = 16384 (custom)
2019-09-25 06:10:15,051 [pool-287-thread-1] INFO  server.RaftServerConfigKeys (ConfUtils.java:logGet(43)) - raft.server.log.write.buffer.size = 33554432 (custom)
2019-09-25 06:10:15,051 [pool-287-thread-1] INFO  server.RaftServerConfigKeys (ConfUtils.java:logGet(43)) - raft.server.log.force.sync.num = 128 (default)
2019-09-25 06:10:15,051 [pool-287-thread-1] INFO  server.RaftServerConfigKeys (ConfUtils.java:logGet(43)) - raft.server.log.statemachine.data.sync = true (default)
2019-09-25 06:10:15,052 [pool-287-thread-1] INFO  server.RaftServerConfigKeys (ConfUtils.java:logGet(43)) - raft.server.log.statemachine.data.sync.timeout = 10s (default)
2019-09-25 06:10:15,052 [pool-287-thread-1] INFO  server.RaftServerConfigKeys (ConfUtils.java:logGet(43)) - raft.server.log.statemachine.data.sync.timeout.retry = -1 (default)
2019-09-25 06:10:15,052 [pool-287-thread-1] INFO  server.RaftServerConfigKeys (ConfUtils.java:logGet(43)) - raft.server.log.statemachine.data.caching.enabled = true (custom)
2019-09-25 06:10:15,052 [pool-287-thread-1] INFO  segmented.SegmentedRaftLogWorker (SegmentedRaftLogWorker.java:lambda$new$0(132)) - cc5d4b6f-867d-404b-b47c-cb5df444b38b@group-9273CEF24262-SegmentedRaftLogWorker: flushIndex: setUnconditionally 0 -> -1
2019-09-25 06:10:15,052 [pool-287-thread-1] INFO  server.RaftServerConfigKeys (ConfUtils.java:logGet(43)) - raft.server.snapshot.auto.trigger.enabled = true (custom)
2019-09-25 06:10:15,053 [pool-287-thread-1] INFO  server.RaftServerConfigKeys (ConfUtils.java:logGet(43)) - raft.server.snapshot.auto.trigger.threshold = 10000 (custom)
2019-09-25 06:10:15,053 [pool-287-thread-1] INFO  server.RaftServerConfigKeys (ConfUtils.java:logGet(43)) - raft.server.snapshot.retention.num.files = 5 (custom)
2019-09-25 06:10:15,053 [pool-287-thread-1] INFO  server.RaftServerConfigKeys (ConfUtils.java:logGet(43)) - raft.server.retrycache.expirytime = 600000ms (custom)
2019-09-25 06:10:15,054 [pool-287-thread-1] INFO  impl.RaftServerImpl (RaftServerImpl.java:start(185)) - cc5d4b6f-867d-404b-b47c-cb5df444b38b@group-9273CEF24262: start as a follower, conf=-1: [cc5d4b6f-867d-404b-b47c-cb5df444b38b:192.168.164.207:43456], old=null
2019-09-25 06:10:15,055 [pool-287-thread-1] INFO  impl.RaftServerImpl (RaftServerImpl.java:setRole(174)) - cc5d4b6f-867d-404b-b47c-cb5df444b38b@group-9273CEF24262: changes role from      null to FOLLOWER at term 0 for startAsFollower
2019-09-25 06:10:15,055 [pool-287-thread-1] INFO  impl.RoleInfo (RoleInfo.java:updateAndGet(143)) - cc5d4b6f-867d-404b-b47c-cb5df444b38b: start FollowerState
2019-09-25 06:10:15,055 [pool-287-thread-1] INFO  util.JmxRegister (JmxRegister.java:tryRegister(44)) - Successfully registered JMX Bean with object name Ratis:service=RaftServer,group=group-9273CEF24262,id=cc5d4b6f-867d-404b-b47c-cb5df444b38b
2019-09-25 06:10:15,064 [RatisPipelineUtilsThread] INFO  pipeline.PipelineStateManager (PipelineStateManager.java:addPipeline(56)) - Created pipeline Pipeline[ Id: d77dce6e-3cd1-4720-a7b0-9273cef24262, Nodes: cc5d4b6f-867d-404b-b47c-cb5df444b38b{ip: 192.168.164.207, host: pr-hdds-1569-s44lr-3492059363, networkLocation: /default-rack, certSerialId: null}, Type:RATIS, Factor:ONE, State:OPEN]
2019-09-25 06:10:15,071 [grpc-default-executor-0] INFO  impl.RaftServerProxy (RaftServerProxy.java:addNew(89)) - cc5d4b6f-867d-404b-b47c-cb5df444b38b: addNew group-6BDFBF63CCA8:[cc5d4b6f-867d-404b-b47c-cb5df444b38b:192.168.164.207:43456] returns group-6BDFBF63CCA8:java.util.concurrent.CompletableFuture@321f80f[Not completed]
2019-09-25 06:10:15,072 [pool-287-thread-1] INFO  impl.RaftServerImpl (RaftServerImpl.java:<init>(95)) - cc5d4b6f-867d-404b-b47c-cb5df444b38b: new RaftServerImpl for group-6BDFBF63CCA8:[cc5d4b6f-867d-404b-b47c-cb5df444b38b:192.168.164.207:43456] with ContainerStateMachine:uninitialized
2019-09-25 06:10:15,072 [pool-287-thread-1] INFO  server.RaftServerConfigKeys (ConfUtils.java:logGet(43)) - raft.server.rpc.timeout.min = 5s (custom)
2019-09-25 06:10:15,072 [pool-287-thread-1] INFO  server.RaftServerConfigKeys (ConfUtils.java:logGet(43)) - raft.server.rpc.timeout.max = 5200ms (custom)
2019-09-25 06:10:15,072 [pool-287-thread-1] INFO  server.RaftServerConfigKeys (ConfUtils.java:logGet(43)) - raft.server.rpcslowness.timeout = 120s (custom)
2019-09-25 06:10:15,072 [pool-287-thread-1] INFO  server.RaftServerConfigKeys (ConfUtils.java:logGet(43)) - raft.server.sleep.deviation.threshold = 300 (default)
2019-09-25 06:10:15,072 [pool-287-thread-1] INFO  server.RaftServerConfigKeys (ConfUtils.java:logGet(43)) - raft.server.log.appender.install.snapshot.enabled = false (custom)
2019-09-25 06:10:15,072 [pool-287-thread-1] INFO  impl.RaftServerImpl (ServerState.java:<init>(103)) - cc5d4b6f-867d-404b-b47c-cb5df444b38b@group-6BDFBF63CCA8: ConfigurationManager, init=-1: [cc5d4b6f-867d-404b-b47c-cb5df444b38b:192.168.164.207:43456], old=null, confs=<EMPTY_MAP>
2019-09-25 06:10:15,073 [pool-287-thread-1] INFO  server.RaftServerConfigKeys (ConfUtils.java:logGet(43)) - raft.server.storage.dir = [/workdir/hadoop-ozone/ozonefs/target/test-dir/MiniOzoneClusterImpl-e438aa53-7451-4657-98d5-9124de52335b/datanode-1/data/ratis] (custom)
2019-09-25 06:10:15,073 [pool-287-thread-1] INFO  storage.RaftStorageDirectory (RaftStorageDirectory.java:analyzeStorage(246)) - The storage directory /workdir/hadoop-ozone/ozonefs/target/test-dir/MiniOzoneClusterImpl-e438aa53-7451-4657-98d5-9124de52335b/datanode-1/data/ratis/48f5a567-91e8-4ec1-aaab-6bdfbf63cca8 does not exist. Creating ...
2019-09-25 06:10:15,086 [pool-287-thread-1] INFO  storage.RaftStorageDirectory (RaftStorageDirectory.java:tryLock(328)) - Lock on /workdir/hadoop-ozone/ozonefs/target/test-dir/MiniOzoneClusterImpl-e438aa53-7451-4657-98d5-9124de52335b/datanode-1/data/ratis/48f5a567-91e8-4ec1-aaab-6bdfbf63cca8/in_use.lock acquired by nodename 18406@pr-hdds-1569-s44lr-3492059363
2019-09-25 06:10:15,108 [pool-287-thread-1] INFO  storage.RaftStorage (RaftStorage.java:format(72)) - Storage directory /workdir/hadoop-ozone/ozonefs/target/test-dir/MiniOzoneClusterImpl-e438aa53-7451-4657-98d5-9124de52335b/datanode-1/data/ratis/48f5a567-91e8-4ec1-aaab-6bdfbf63cca8 has been successfully formatted.
2019-09-25 06:10:15,108 [pool-287-thread-1] INFO  ratis.ContainerStateMachine (ContainerStateMachine.java:loadSnapshot(230)) - group-6BDFBF63CCA8: The snapshot info is null. Setting the last applied indexto:(t:0, i:~)
2019-09-25 06:10:15,108 [pool-287-thread-1] INFO  server.RaftServerConfigKeys (ConfUtils.java:logGet(43)) - raft.server.notification.no-leader.timeout = 120s (custom)
2019-09-25 06:10:15,108 [pool-287-thread-1] INFO  server.RaftServerConfigKeys (ConfUtils.java:logGet(43)) - raft.server.log.use.memory = false (default)
2019-09-25 06:10:15,109 [pool-287-thread-1] INFO  server.RaftServerConfigKeys (ConfUtils.java:logGet(43)) - raft.server.log.purge.gap = 1000000 (custom)
2019-09-25 06:10:15,109 [pool-287-thread-1] INFO  server.RaftServerConfigKeys (ConfUtils.java:logGet(43)) - raft.server.log.appender.buffer.byte-limit = 33554432 (custom)
2019-09-25 06:10:15,109 [pool-287-thread-1] INFO  server.RaftServerConfigKeys (ConfUtils.java:logGet(43)) - raft.server.log.segment.size.max = 1048576 (custom)
2019-09-25 06:10:15,109 [pool-287-thread-1] INFO  server.RaftServerConfigKeys (ConfUtils.java:logGet(43)) - raft.server.log.segment.cache.num.max = 2 (custom)
2019-09-25 06:10:15,109 [pool-287-thread-1] INFO  segmented.SegmentedRaftLogWorker (SegmentedRaftLogWorker.java:<init>(172)) - new cc5d4b6f-867d-404b-b47c-cb5df444b38b@group-6BDFBF63CCA8-SegmentedRaftLogWorker for RaftStorage:Storage Directory /workdir/hadoop-ozone/ozonefs/target/test-dir/MiniOzoneClusterImpl-e438aa53-7451-4657-98d5-9124de52335b/datanode-1/data/ratis/48f5a567-91e8-4ec1-aaab-6bdfbf63cca8
2019-09-25 06:10:15,109 [pool-287-thread-1] INFO  server.RaftServerConfigKeys (ConfUtils.java:logGet(43)) - raft.server.log.queue.byte-limit = 2147483647 (custom)
2019-09-25 06:10:15,109 [pool-287-thread-1] INFO  server.RaftServerConfigKeys (ConfUtils.java:logGet(43)) - raft.server.log.queue.element-limit = 1024 (custom)
2019-09-25 06:10:15,109 [pool-287-thread-1] INFO  server.RaftServerConfigKeys (ConfUtils.java:logGet(43)) - raft.server.log.segment.size.max = 1048576 (custom)
2019-09-25 06:10:15,110 [pool-287-thread-1] INFO  server.RaftServerConfigKeys (ConfUtils.java:logGet(43)) - raft.server.log.preallocated.size = 16384 (custom)
2019-09-25 06:10:15,110 [pool-287-thread-1] INFO  server.RaftServerConfigKeys (ConfUtils.java:logGet(43)) - raft.server.log.write.buffer.size = 33554432 (custom)
2019-09-25 06:10:15,110 [pool-287-thread-1] INFO  server.RaftServerConfigKeys (ConfUtils.java:logGet(43)) - raft.server.log.force.sync.num = 128 (default)
2019-09-25 06:10:15,110 [pool-287-thread-1] INFO  server.RaftServerConfigKeys (ConfUtils.java:logGet(43)) - raft.server.log.statemachine.data.sync = true (default)
2019-09-25 06:10:15,110 [pool-287-thread-1] INFO  server.RaftServerConfigKeys (ConfUtils.java:logGet(43)) - raft.server.log.statemachine.data.sync.timeout = 10s (default)
2019-09-25 06:10:15,110 [pool-287-thread-1] INFO  server.RaftServerConfigKeys (ConfUtils.java:logGet(43)) - raft.server.log.statemachine.data.sync.timeout.retry = -1 (default)
2019-09-25 06:10:15,110 [pool-287-thread-1] INFO  server.RaftServerConfigKeys (ConfUtils.java:logGet(43)) - raft.server.log.statemachine.data.caching.enabled = true (custom)
2019-09-25 06:10:15,110 [pool-287-thread-1] INFO  segmented.SegmentedRaftLogWorker (SegmentedRaftLogWorker.java:lambda$new$0(132)) - cc5d4b6f-867d-404b-b47c-cb5df444b38b@group-6BDFBF63CCA8-SegmentedRaftLogWorker: flushIndex: setUnconditionally 0 -> -1
2019-09-25 06:10:15,111 [pool-287-thread-1] INFO  server.RaftServerConfigKeys (ConfUtils.java:logGet(43)) - raft.server.snapshot.auto.trigger.enabled = true (custom)
2019-09-25 06:10:15,111 [pool-287-thread-1] INFO  server.RaftServerConfigKeys (ConfUtils.java:logGet(43)) - raft.server.snapshot.auto.trigger.threshold = 10000 (custom)
2019-09-25 06:10:15,111 [pool-287-thread-1] INFO  server.RaftServerConfigKeys (ConfUtils.java:logGet(43)) - raft.server.snapshot.retention.num.files = 5 (custom)
2019-09-25 06:10:15,111 [pool-287-thread-1] INFO  server.RaftServerConfigKeys (ConfUtils.java:logGet(43)) - raft.server.retrycache.expirytime = 600000ms (custom)
2019-09-25 06:10:15,113 [pool-287-thread-1] INFO  impl.RaftServerImpl (RaftServerImpl.java:start(185)) - cc5d4b6f-867d-404b-b47c-cb5df444b38b@group-6BDFBF63CCA8: start as a follower, conf=-1: [cc5d4b6f-867d-404b-b47c-cb5df444b38b:192.168.164.207:43456], old=null
2019-09-25 06:10:15,113 [pool-287-thread-1] INFO  impl.RaftServerImpl (RaftServerImpl.java:setRole(174)) - cc5d4b6f-867d-404b-b47c-cb5df444b38b@group-6BDFBF63CCA8: changes role from      null to FOLLOWER at term 0 for startAsFollower
2019-09-25 06:10:15,113 [pool-287-thread-1] INFO  impl.RoleInfo (RoleInfo.java:updateAndGet(143)) - cc5d4b6f-867d-404b-b47c-cb5df444b38b: start FollowerState
2019-09-25 06:10:15,113 [pool-287-thread-1] INFO  util.JmxRegister (JmxRegister.java:tryRegister(44)) - Successfully registered JMX Bean with object name Ratis:service=RaftServer,group=group-6BDFBF63CCA8,id=cc5d4b6f-867d-404b-b47c-cb5df444b38b
2019-09-25 06:10:15,117 [RatisPipelineUtilsThread] INFO  pipeline.PipelineStateManager (PipelineStateManager.java:addPipeline(56)) - Created pipeline Pipeline[ Id: 48f5a567-91e8-4ec1-aaab-6bdfbf63cca8, Nodes: cc5d4b6f-867d-404b-b47c-cb5df444b38b{ip: 192.168.164.207, host: pr-hdds-1569-s44lr-3492059363, networkLocation: /default-rack, certSerialId: null}, Type:RATIS, Factor:ONE, State:OPEN]
2019-09-25 06:10:15,117 [RatisPipelineUtilsThread] INFO  pipeline.PipelinePlacementPolicy (PipelinePlacementPolicy.java:meetCriteria(91)) - Pipeline Placement: can't place more pipeline on heavy datanode： cc5d4b6f-867d-404b-b47c-cb5df444b38b Heaviness: 6 limit: 5
2019-09-25 06:10:15,124 [grpc-default-executor-0] INFO  impl.RaftServerProxy (RaftServerProxy.java:addNew(89)) - 096e6fc4-835c-4a45-ba0a-cde44f03dca5: addNew group-90DA1DC3A47D:[096e6fc4-835c-4a45-ba0a-cde44f03dca5:192.168.164.207:42535] returns group-90DA1DC3A47D:java.util.concurrent.CompletableFuture@7d772899[Not completed]
2019-09-25 06:10:15,125 [pool-277-thread-1] INFO  impl.RaftServerImpl (RaftServerImpl.java:<init>(95)) - 096e6fc4-835c-4a45-ba0a-cde44f03dca5: new RaftServerImpl for group-90DA1DC3A47D:[096e6fc4-835c-4a45-ba0a-cde44f03dca5:192.168.164.207:42535] with ContainerStateMachine:uninitialized
2019-09-25 06:10:15,125 [pool-277-thread-1] INFO  server.RaftServerConfigKeys (ConfUtils.java:logGet(43)) - raft.server.rpc.timeout.min = 5s (custom)
2019-09-25 06:10:15,125 [pool-277-thread-1] INFO  server.RaftServerConfigKeys (ConfUtils.java:logGet(43)) - raft.server.rpc.timeout.max = 5200ms (custom)
2019-09-25 06:10:15,125 [pool-277-thread-1] INFO  server.RaftServerConfigKeys (ConfUtils.java:logGet(43)) - raft.server.rpcslowness.timeout = 120s (custom)
2019-09-25 06:10:15,125 [pool-277-thread-1] INFO  server.RaftServerConfigKeys (ConfUtils.java:logGet(43)) - raft.server.sleep.deviation.threshold = 300 (default)
2019-09-25 06:10:15,125 [pool-277-thread-1] INFO  server.RaftServerConfigKeys (ConfUtils.java:logGet(43)) - raft.server.log.appender.install.snapshot.enabled = false (custom)
2019-09-25 06:10:15,125 [pool-277-thread-1] INFO  impl.RaftServerImpl (ServerState.java:<init>(103)) - 096e6fc4-835c-4a45-ba0a-cde44f03dca5@group-90DA1DC3A47D: ConfigurationManager, init=-1: [096e6fc4-835c-4a45-ba0a-cde44f03dca5:192.168.164.207:42535], old=null, confs=<EMPTY_MAP>
2019-09-25 06:10:15,126 [pool-277-thread-1] INFO  server.RaftServerConfigKeys (ConfUtils.java:logGet(43)) - raft.server.storage.dir = [/workdir/hadoop-ozone/ozonefs/target/test-dir/MiniOzoneClusterImpl-e438aa53-7451-4657-98d5-9124de52335b/datanode-0/data/ratis] (custom)
2019-09-25 06:10:15,126 [pool-277-thread-1] INFO  storage.RaftStorageDirectory (RaftStorageDirectory.java:analyzeStorage(246)) - The storage directory /workdir/hadoop-ozone/ozonefs/target/test-dir/MiniOzoneClusterImpl-e438aa53-7451-4657-98d5-9124de52335b/datanode-0/data/ratis/9d84d2f0-7f2f-48e8-bdae-90da1dc3a47d does not exist. Creating ...
2019-09-25 06:10:15,136 [pool-277-thread-1] INFO  storage.RaftStorageDirectory (RaftStorageDirectory.java:tryLock(328)) - Lock on /workdir/hadoop-ozone/ozonefs/target/test-dir/MiniOzoneClusterImpl-e438aa53-7451-4657-98d5-9124de52335b/datanode-0/data/ratis/9d84d2f0-7f2f-48e8-bdae-90da1dc3a47d/in_use.lock acquired by nodename 18406@pr-hdds-1569-s44lr-3492059363
2019-09-25 06:10:15,149 [pool-277-thread-1] INFO  storage.RaftStorage (RaftStorage.java:format(72)) - Storage directory /workdir/hadoop-ozone/ozonefs/target/test-dir/MiniOzoneClusterImpl-e438aa53-7451-4657-98d5-9124de52335b/datanode-0/data/ratis/9d84d2f0-7f2f-48e8-bdae-90da1dc3a47d has been successfully formatted.
2019-09-25 06:10:15,149 [pool-277-thread-1] INFO  ratis.ContainerStateMachine (ContainerStateMachine.java:loadSnapshot(230)) - group-90DA1DC3A47D: The snapshot info is null. Setting the last applied indexto:(t:0, i:~)
2019-09-25 06:10:15,150 [pool-277-thread-1] INFO  server.RaftServerConfigKeys (ConfUtils.java:logGet(43)) - raft.server.notification.no-leader.timeout = 120s (custom)
2019-09-25 06:10:15,150 [pool-277-thread-1] INFO  server.RaftServerConfigKeys (ConfUtils.java:logGet(43)) - raft.server.log.use.memory = false (default)
2019-09-25 06:10:15,150 [pool-277-thread-1] INFO  server.RaftServerConfigKeys (ConfUtils.java:logGet(43)) - raft.server.log.purge.gap = 1000000 (custom)
2019-09-25 06:10:15,150 [pool-277-thread-1] INFO  server.RaftServerConfigKeys (ConfUtils.java:logGet(43)) - raft.server.log.appender.buffer.byte-limit = 33554432 (custom)
2019-09-25 06:10:15,150 [pool-277-thread-1] INFO  server.RaftServerConfigKeys (ConfUtils.java:logGet(43)) - raft.server.log.segment.size.max = 1048576 (custom)
2019-09-25 06:10:15,150 [pool-277-thread-1] INFO  server.RaftServerConfigKeys (ConfUtils.java:logGet(43)) - raft.server.log.segment.cache.num.max = 2 (custom)
2019-09-25 06:10:15,150 [pool-277-thread-1] INFO  segmented.SegmentedRaftLogWorker (SegmentedRaftLogWorker.java:<init>(172)) - new 096e6fc4-835c-4a45-ba0a-cde44f03dca5@group-90DA1DC3A47D-SegmentedRaftLogWorker for RaftStorage:Storage Directory /workdir/hadoop-ozone/ozonefs/target/test-dir/MiniOzoneClusterImpl-e438aa53-7451-4657-98d5-9124de52335b/datanode-0/data/ratis/9d84d2f0-7f2f-48e8-bdae-90da1dc3a47d
2019-09-25 06:10:15,150 [pool-277-thread-1] INFO  server.RaftServerConfigKeys (ConfUtils.java:logGet(43)) - raft.server.log.queue.byte-limit = 2147483647 (custom)
2019-09-25 06:10:15,150 [pool-277-thread-1] INFO  server.RaftServerConfigKeys (ConfUtils.java:logGet(43)) - raft.server.log.queue.element-limit = 1024 (custom)
2019-09-25 06:10:15,151 [pool-277-thread-1] INFO  server.RaftServerConfigKeys (ConfUtils.java:logGet(43)) - raft.server.log.segment.size.max = 1048576 (custom)
2019-09-25 06:10:15,151 [pool-277-thread-1] INFO  server.RaftServerConfigKeys (ConfUtils.java:logGet(43)) - raft.server.log.preallocated.size = 16384 (custom)
2019-09-25 06:10:15,151 [pool-277-thread-1] INFO  server.RaftServerConfigKeys (ConfUtils.java:logGet(43)) - raft.server.log.write.buffer.size = 33554432 (custom)
2019-09-25 06:10:15,151 [pool-277-thread-1] INFO  server.RaftServerConfigKeys (ConfUtils.java:logGet(43)) - raft.server.log.force.sync.num = 128 (default)
2019-09-25 06:10:15,151 [pool-277-thread-1] INFO  server.RaftServerConfigKeys (ConfUtils.java:logGet(43)) - raft.server.log.statemachine.data.sync = true (default)
2019-09-25 06:10:15,151 [pool-277-thread-1] INFO  server.RaftServerConfigKeys (ConfUtils.java:logGet(43)) - raft.server.log.statemachine.data.sync.timeout = 10s (default)
2019-09-25 06:10:15,151 [pool-277-thread-1] INFO  server.RaftServerConfigKeys (ConfUtils.java:logGet(43)) - raft.server.log.statemachine.data.sync.timeout.retry = -1 (default)
2019-09-25 06:10:15,151 [pool-277-thread-1] INFO  server.RaftServerConfigKeys (ConfUtils.java:logGet(43)) - raft.server.log.statemachine.data.caching.enabled = true (custom)
2019-09-25 06:10:15,151 [pool-277-thread-1] INFO  segmented.SegmentedRaftLogWorker (SegmentedRaftLogWorker.java:lambda$new$0(132)) - 096e6fc4-835c-4a45-ba0a-cde44f03dca5@group-90DA1DC3A47D-SegmentedRaftLogWorker: flushIndex: setUnconditionally 0 -> -1
2019-09-25 06:10:15,152 [pool-277-thread-1] INFO  server.RaftServerConfigKeys (ConfUtils.java:logGet(43)) - raft.server.snapshot.auto.trigger.enabled = true (custom)
2019-09-25 06:10:15,152 [pool-277-thread-1] INFO  server.RaftServerConfigKeys (ConfUtils.java:logGet(43)) - raft.server.snapshot.auto.trigger.threshold = 10000 (custom)
2019-09-25 06:10:15,152 [pool-277-thread-1] INFO  server.RaftServerConfigKeys (ConfUtils.java:logGet(43)) - raft.server.snapshot.retention.num.files = 5 (custom)
2019-09-25 06:10:15,152 [pool-277-thread-1] INFO  server.RaftServerConfigKeys (ConfUtils.java:logGet(43)) - raft.server.retrycache.expirytime = 600000ms (custom)
2019-09-25 06:10:15,154 [pool-277-thread-1] INFO  impl.RaftServerImpl (RaftServerImpl.java:start(185)) - 096e6fc4-835c-4a45-ba0a-cde44f03dca5@group-90DA1DC3A47D: start as a follower, conf=-1: [096e6fc4-835c-4a45-ba0a-cde44f03dca5:192.168.164.207:42535], old=null
2019-09-25 06:10:15,154 [pool-277-thread-1] INFO  impl.RaftServerImpl (RaftServerImpl.java:setRole(174)) - 096e6fc4-835c-4a45-ba0a-cde44f03dca5@group-90DA1DC3A47D: changes role from      null to FOLLOWER at term 0 for startAsFollower
2019-09-25 06:10:15,154 [pool-277-thread-1] INFO  impl.RoleInfo (RoleInfo.java:updateAndGet(143)) - 096e6fc4-835c-4a45-ba0a-cde44f03dca5: start FollowerState
2019-09-25 06:10:15,154 [pool-277-thread-1] INFO  util.JmxRegister (JmxRegister.java:tryRegister(44)) - Successfully registered JMX Bean with object name Ratis:service=RaftServer,group=group-90DA1DC3A47D,id=096e6fc4-835c-4a45-ba0a-cde44f03dca5
2019-09-25 06:10:15,160 [RatisPipelineUtilsThread] INFO  pipeline.PipelineStateManager (PipelineStateManager.java:addPipeline(56)) - Created pipeline Pipeline[ Id: 9d84d2f0-7f2f-48e8-bdae-90da1dc3a47d, Nodes: 096e6fc4-835c-4a45-ba0a-cde44f03dca5{ip: 192.168.164.207, host: pr-hdds-1569-s44lr-3492059363, networkLocation: /default-rack, certSerialId: null}, Type:RATIS, Factor:ONE, State:OPEN]
2019-09-25 06:10:15,160 [RatisPipelineUtilsThread] INFO  pipeline.PipelinePlacementPolicy (PipelinePlacementPolicy.java:meetCriteria(91)) - Pipeline Placement: can't place more pipeline on heavy datanode： cc5d4b6f-867d-404b-b47c-cb5df444b38b Heaviness: 6 limit: 5
2019-09-25 06:10:15,168 [grpc-default-executor-0] INFO  impl.RaftServerProxy (RaftServerProxy.java:addNew(89)) - 096e6fc4-835c-4a45-ba0a-cde44f03dca5: addNew group-AC73F6CCA985:[096e6fc4-835c-4a45-ba0a-cde44f03dca5:192.168.164.207:42535] returns group-AC73F6CCA985:java.util.concurrent.CompletableFuture@54eb0a37[Not completed]
2019-09-25 06:10:15,169 [pool-277-thread-1] INFO  impl.RaftServerImpl (RaftServerImpl.java:<init>(95)) - 096e6fc4-835c-4a45-ba0a-cde44f03dca5: new RaftServerImpl for group-AC73F6CCA985:[096e6fc4-835c-4a45-ba0a-cde44f03dca5:192.168.164.207:42535] with ContainerStateMachine:uninitialized
2019-09-25 06:10:15,169 [pool-277-thread-1] INFO  server.RaftServerConfigKeys (ConfUtils.java:logGet(43)) - raft.server.rpc.timeout.min = 5s (custom)
2019-09-25 06:10:15,169 [pool-277-thread-1] INFO  server.RaftServerConfigKeys (ConfUtils.java:logGet(43)) - raft.server.rpc.timeout.max = 5200ms (custom)
2019-09-25 06:10:15,169 [pool-277-thread-1] INFO  server.RaftServerConfigKeys (ConfUtils.java:logGet(43)) - raft.server.rpcslowness.timeout = 120s (custom)
2019-09-25 06:10:15,169 [pool-277-thread-1] INFO  server.RaftServerConfigKeys (ConfUtils.java:logGet(43)) - raft.server.sleep.deviation.threshold = 300 (default)
2019-09-25 06:10:15,169 [pool-277-thread-1] INFO  server.RaftServerConfigKeys (ConfUtils.java:logGet(43)) - raft.server.log.appender.install.snapshot.enabled = false (custom)
2019-09-25 06:10:15,170 [pool-277-thread-1] INFO  impl.RaftServerImpl (ServerState.java:<init>(103)) - 096e6fc4-835c-4a45-ba0a-cde44f03dca5@group-AC73F6CCA985: ConfigurationManager, init=-1: [096e6fc4-835c-4a45-ba0a-cde44f03dca5:192.168.164.207:42535], old=null, confs=<EMPTY_MAP>
2019-09-25 06:10:15,170 [pool-277-thread-1] INFO  server.RaftServerConfigKeys (ConfUtils.java:logGet(43)) - raft.server.storage.dir = [/workdir/hadoop-ozone/ozonefs/target/test-dir/MiniOzoneClusterImpl-e438aa53-7451-4657-98d5-9124de52335b/datanode-0/data/ratis] (custom)
2019-09-25 06:10:15,170 [pool-277-thread-1] INFO  storage.RaftStorageDirectory (RaftStorageDirectory.java:analyzeStorage(246)) - The storage directory /workdir/hadoop-ozone/ozonefs/target/test-dir/MiniOzoneClusterImpl-e438aa53-7451-4657-98d5-9124de52335b/datanode-0/data/ratis/85c41b9f-d446-4535-9dd7-ac73f6cca985 does not exist. Creating ...
2019-09-25 06:10:15,184 [pool-277-thread-1] INFO  storage.RaftStorageDirectory (RaftStorageDirectory.java:tryLock(328)) - Lock on /workdir/hadoop-ozone/ozonefs/target/test-dir/MiniOzoneClusterImpl-e438aa53-7451-4657-98d5-9124de52335b/datanode-0/data/ratis/85c41b9f-d446-4535-9dd7-ac73f6cca985/in_use.lock acquired by nodename 18406@pr-hdds-1569-s44lr-3492059363
2019-09-25 06:10:15,197 [pool-277-thread-1] INFO  storage.RaftStorage (RaftStorage.java:format(72)) - Storage directory /workdir/hadoop-ozone/ozonefs/target/test-dir/MiniOzoneClusterImpl-e438aa53-7451-4657-98d5-9124de52335b/datanode-0/data/ratis/85c41b9f-d446-4535-9dd7-ac73f6cca985 has been successfully formatted.
2019-09-25 06:10:15,197 [pool-277-thread-1] INFO  ratis.ContainerStateMachine (ContainerStateMachine.java:loadSnapshot(230)) - group-AC73F6CCA985: The snapshot info is null. Setting the last applied indexto:(t:0, i:~)
2019-09-25 06:10:15,197 [pool-277-thread-1] INFO  server.RaftServerConfigKeys (ConfUtils.java:logGet(43)) - raft.server.notification.no-leader.timeout = 120s (custom)
2019-09-25 06:10:15,197 [pool-277-thread-1] INFO  server.RaftServerConfigKeys (ConfUtils.java:logGet(43)) - raft.server.log.use.memory = false (default)
2019-09-25 06:10:15,198 [pool-277-thread-1] INFO  server.RaftServerConfigKeys (ConfUtils.java:logGet(43)) - raft.server.log.purge.gap = 1000000 (custom)
2019-09-25 06:10:15,198 [pool-277-thread-1] INFO  server.RaftServerConfigKeys (ConfUtils.java:logGet(43)) - raft.server.log.appender.buffer.byte-limit = 33554432 (custom)
2019-09-25 06:10:15,198 [pool-277-thread-1] INFO  server.RaftServerConfigKeys (ConfUtils.java:logGet(43)) - raft.server.log.segment.size.max = 1048576 (custom)
2019-09-25 06:10:15,198 [pool-277-thread-1] INFO  server.RaftServerConfigKeys (ConfUtils.java:logGet(43)) - raft.server.log.segment.cache.num.max = 2 (custom)
2019-09-25 06:10:15,198 [pool-277-thread-1] INFO  segmented.SegmentedRaftLogWorker (SegmentedRaftLogWorker.java:<init>(172)) - new 096e6fc4-835c-4a45-ba0a-cde44f03dca5@group-AC73F6CCA985-SegmentedRaftLogWorker for RaftStorage:Storage Directory /workdir/hadoop-ozone/ozonefs/target/test-dir/MiniOzoneClusterImpl-e438aa53-7451-4657-98d5-9124de52335b/datanode-0/data/ratis/85c41b9f-d446-4535-9dd7-ac73f6cca985
2019-09-25 06:10:15,198 [pool-277-thread-1] INFO  server.RaftServerConfigKeys (ConfUtils.java:logGet(43)) - raft.server.log.queue.byte-limit = 2147483647 (custom)
2019-09-25 06:10:15,198 [pool-277-thread-1] INFO  server.RaftServerConfigKeys (ConfUtils.java:logGet(43)) - raft.server.log.queue.element-limit = 1024 (custom)
2019-09-25 06:10:15,198 [pool-277-thread-1] INFO  server.RaftServerConfigKeys (ConfUtils.java:logGet(43)) - raft.server.log.segment.size.max = 1048576 (custom)
2019-09-25 06:10:15,198 [pool-277-thread-1] INFO  server.RaftServerConfigKeys (ConfUtils.java:logGet(43)) - raft.server.log.preallocated.size = 16384 (custom)
2019-09-25 06:10:15,198 [pool-277-thread-1] INFO  server.RaftServerConfigKeys (ConfUtils.java:logGet(43)) - raft.server.log.write.buffer.size = 33554432 (custom)
2019-09-25 06:10:15,198 [pool-277-thread-1] INFO  server.RaftServerConfigKeys (ConfUtils.java:logGet(43)) - raft.server.log.force.sync.num = 128 (default)
2019-09-25 06:10:15,199 [pool-277-thread-1] INFO  server.RaftServerConfigKeys (ConfUtils.java:logGet(43)) - raft.server.log.statemachine.data.sync = true (default)
2019-09-25 06:10:15,199 [pool-277-thread-1] INFO  server.RaftServerConfigKeys (ConfUtils.java:logGet(43)) - raft.server.log.statemachine.data.sync.timeout = 10s (default)
2019-09-25 06:10:15,199 [pool-277-thread-1] INFO  server.RaftServerConfigKeys (ConfUtils.java:logGet(43)) - raft.server.log.statemachine.data.sync.timeout.retry = -1 (default)
2019-09-25 06:10:15,199 [pool-277-thread-1] INFO  server.RaftServerConfigKeys (ConfUtils.java:logGet(43)) - raft.server.log.statemachine.data.caching.enabled = true (custom)
2019-09-25 06:10:15,199 [pool-277-thread-1] INFO  segmented.SegmentedRaftLogWorker (SegmentedRaftLogWorker.java:lambda$new$0(132)) - 096e6fc4-835c-4a45-ba0a-cde44f03dca5@group-AC73F6CCA985-SegmentedRaftLogWorker: flushIndex: setUnconditionally 0 -> -1
2019-09-25 06:10:15,199 [pool-277-thread-1] INFO  server.RaftServerConfigKeys (ConfUtils.java:logGet(43)) - raft.server.snapshot.auto.trigger.enabled = true (custom)
2019-09-25 06:10:15,199 [pool-277-thread-1] INFO  server.RaftServerConfigKeys (ConfUtils.java:logGet(43)) - raft.server.snapshot.auto.trigger.threshold = 10000 (custom)
2019-09-25 06:10:15,199 [pool-277-thread-1] INFO  server.RaftServerConfigKeys (ConfUtils.java:logGet(43)) - raft.server.snapshot.retention.num.files = 5 (custom)
2019-09-25 06:10:15,200 [pool-277-thread-1] INFO  server.RaftServerConfigKeys (ConfUtils.java:logGet(43)) - raft.server.retrycache.expirytime = 600000ms (custom)
2019-09-25 06:10:15,201 [pool-277-thread-1] INFO  impl.RaftServerImpl (RaftServerImpl.java:start(185)) - 096e6fc4-835c-4a45-ba0a-cde44f03dca5@group-AC73F6CCA985: start as a follower, conf=-1: [096e6fc4-835c-4a45-ba0a-cde44f03dca5:192.168.164.207:42535], old=null
2019-09-25 06:10:15,201 [pool-277-thread-1] INFO  impl.RaftServerImpl (RaftServerImpl.java:setRole(174)) - 096e6fc4-835c-4a45-ba0a-cde44f03dca5@group-AC73F6CCA985: changes role from      null to FOLLOWER at term 0 for startAsFollower
2019-09-25 06:10:15,201 [pool-277-thread-1] INFO  impl.RoleInfo (RoleInfo.java:updateAndGet(143)) - 096e6fc4-835c-4a45-ba0a-cde44f03dca5: start FollowerState
2019-09-25 06:10:15,201 [pool-277-thread-1] INFO  util.JmxRegister (JmxRegister.java:tryRegister(44)) - Successfully registered JMX Bean with object name Ratis:service=RaftServer,group=group-AC73F6CCA985,id=096e6fc4-835c-4a45-ba0a-cde44f03dca5
2019-09-25 06:10:15,205 [RatisPipelineUtilsThread] INFO  pipeline.PipelineStateManager (PipelineStateManager.java:addPipeline(56)) - Created pipeline Pipeline[ Id: 85c41b9f-d446-4535-9dd7-ac73f6cca985, Nodes: 096e6fc4-835c-4a45-ba0a-cde44f03dca5{ip: 192.168.164.207, host: pr-hdds-1569-s44lr-3492059363, networkLocation: /default-rack, certSerialId: null}, Type:RATIS, Factor:ONE, State:OPEN]
2019-09-25 06:10:15,205 [RatisPipelineUtilsThread] INFO  pipeline.PipelinePlacementPolicy (PipelinePlacementPolicy.java:meetCriteria(91)) - Pipeline Placement: can't place more pipeline on heavy datanode： cc5d4b6f-867d-404b-b47c-cb5df444b38b Heaviness: 6 limit: 5
2019-09-25 06:10:15,212 [grpc-default-executor-0] INFO  impl.RaftServerProxy (RaftServerProxy.java:addNew(89)) - e022f57c-d964-4025-961b-d778bc34271c: addNew group-668DCE5B702C:[e022f57c-d964-4025-961b-d778bc34271c:192.168.164.207:33876] returns group-668DCE5B702C:java.util.concurrent.CompletableFuture@44469d1d[Not completed]
2019-09-25 06:10:15,213 [pool-297-thread-1] INFO  impl.RaftServerImpl (RaftServerImpl.java:<init>(95)) - e022f57c-d964-4025-961b-d778bc34271c: new RaftServerImpl for group-668DCE5B702C:[e022f57c-d964-4025-961b-d778bc34271c:192.168.164.207:33876] with ContainerStateMachine:uninitialized
2019-09-25 06:10:15,213 [pool-297-thread-1] INFO  server.RaftServerConfigKeys (ConfUtils.java:logGet(43)) - raft.server.rpc.timeout.min = 5s (custom)
2019-09-25 06:10:15,213 [pool-297-thread-1] INFO  server.RaftServerConfigKeys (ConfUtils.java:logGet(43)) - raft.server.rpc.timeout.max = 5200ms (custom)
2019-09-25 06:10:15,213 [pool-297-thread-1] INFO  server.RaftServerConfigKeys (ConfUtils.java:logGet(43)) - raft.server.rpcslowness.timeout = 120s (custom)
2019-09-25 06:10:15,213 [pool-297-thread-1] INFO  server.RaftServerConfigKeys (ConfUtils.java:logGet(43)) - raft.server.sleep.deviation.threshold = 300 (default)
2019-09-25 06:10:15,213 [pool-297-thread-1] INFO  server.RaftServerConfigKeys (ConfUtils.java:logGet(43)) - raft.server.log.appender.install.snapshot.enabled = false (custom)
2019-09-25 06:10:15,213 [pool-297-thread-1] INFO  impl.RaftServerImpl (ServerState.java:<init>(103)) - e022f57c-d964-4025-961b-d778bc34271c@group-668DCE5B702C: ConfigurationManager, init=-1: [e022f57c-d964-4025-961b-d778bc34271c:192.168.164.207:33876], old=null, confs=<EMPTY_MAP>
2019-09-25 06:10:15,213 [pool-297-thread-1] INFO  server.RaftServerConfigKeys (ConfUtils.java:logGet(43)) - raft.server.storage.dir = [/workdir/hadoop-ozone/ozonefs/target/test-dir/MiniOzoneClusterImpl-e438aa53-7451-4657-98d5-9124de52335b/datanode-2/data/ratis] (custom)
2019-09-25 06:10:15,214 [pool-297-thread-1] INFO  storage.RaftStorageDirectory (RaftStorageDirectory.java:analyzeStorage(246)) - The storage directory /workdir/hadoop-ozone/ozonefs/target/test-dir/MiniOzoneClusterImpl-e438aa53-7451-4657-98d5-9124de52335b/datanode-2/data/ratis/ce0754ae-b5b3-425d-8294-668dce5b702c does not exist. Creating ...
2019-09-25 06:10:15,226 [pool-297-thread-1] INFO  storage.RaftStorageDirectory (RaftStorageDirectory.java:tryLock(328)) - Lock on /workdir/hadoop-ozone/ozonefs/target/test-dir/MiniOzoneClusterImpl-e438aa53-7451-4657-98d5-9124de52335b/datanode-2/data/ratis/ce0754ae-b5b3-425d-8294-668dce5b702c/in_use.lock acquired by nodename 18406@pr-hdds-1569-s44lr-3492059363
2019-09-25 06:10:15,239 [pool-297-thread-1] INFO  storage.RaftStorage (RaftStorage.java:format(72)) - Storage directory /workdir/hadoop-ozone/ozonefs/target/test-dir/MiniOzoneClusterImpl-e438aa53-7451-4657-98d5-9124de52335b/datanode-2/data/ratis/ce0754ae-b5b3-425d-8294-668dce5b702c has been successfully formatted.
2019-09-25 06:10:15,239 [pool-297-thread-1] INFO  ratis.ContainerStateMachine (ContainerStateMachine.java:loadSnapshot(230)) - group-668DCE5B702C: The snapshot info is null. Setting the last applied indexto:(t:0, i:~)
2019-09-25 06:10:15,239 [pool-297-thread-1] INFO  server.RaftServerConfigKeys (ConfUtils.java:logGet(43)) - raft.server.notification.no-leader.timeout = 120s (custom)
2019-09-25 06:10:15,240 [pool-297-thread-1] INFO  server.RaftServerConfigKeys (ConfUtils.java:logGet(43)) - raft.server.log.use.memory = false (default)
2019-09-25 06:10:15,240 [pool-297-thread-1] INFO  server.RaftServerConfigKeys (ConfUtils.java:logGet(43)) - raft.server.log.purge.gap = 1000000 (custom)
2019-09-25 06:10:15,240 [pool-297-thread-1] INFO  server.RaftServerConfigKeys (ConfUtils.java:logGet(43)) - raft.server.log.appender.buffer.byte-limit = 33554432 (custom)
2019-09-25 06:10:15,240 [pool-297-thread-1] INFO  server.RaftServerConfigKeys (ConfUtils.java:logGet(43)) - raft.server.log.segment.size.max = 1048576 (custom)
2019-09-25 06:10:15,240 [pool-297-thread-1] INFO  server.RaftServerConfigKeys (ConfUtils.java:logGet(43)) - raft.server.log.segment.cache.num.max = 2 (custom)
2019-09-25 06:10:15,240 [pool-297-thread-1] INFO  segmented.SegmentedRaftLogWorker (SegmentedRaftLogWorker.java:<init>(172)) - new e022f57c-d964-4025-961b-d778bc34271c@group-668DCE5B702C-SegmentedRaftLogWorker for RaftStorage:Storage Directory /workdir/hadoop-ozone/ozonefs/target/test-dir/MiniOzoneClusterImpl-e438aa53-7451-4657-98d5-9124de52335b/datanode-2/data/ratis/ce0754ae-b5b3-425d-8294-668dce5b702c
2019-09-25 06:10:15,240 [pool-297-thread-1] INFO  server.RaftServerConfigKeys (ConfUtils.java:logGet(43)) - raft.server.log.queue.byte-limit = 2147483647 (custom)
2019-09-25 06:10:15,240 [pool-297-thread-1] INFO  server.RaftServerConfigKeys (ConfUtils.java:logGet(43)) - raft.server.log.queue.element-limit = 1024 (custom)
2019-09-25 06:10:15,240 [pool-297-thread-1] INFO  server.RaftServerConfigKeys (ConfUtils.java:logGet(43)) - raft.server.log.segment.size.max = 1048576 (custom)
2019-09-25 06:10:15,241 [pool-297-thread-1] INFO  server.RaftServerConfigKeys (ConfUtils.java:logGet(43)) - raft.server.log.preallocated.size = 16384 (custom)
2019-09-25 06:10:15,241 [pool-297-thread-1] INFO  server.RaftServerConfigKeys (ConfUtils.java:logGet(43)) - raft.server.log.write.buffer.size = 33554432 (custom)
2019-09-25 06:10:15,241 [pool-297-thread-1] INFO  server.RaftServerConfigKeys (ConfUtils.java:logGet(43)) - raft.server.log.force.sync.num = 128 (default)
2019-09-25 06:10:15,241 [pool-297-thread-1] INFO  server.RaftServerConfigKeys (ConfUtils.java:logGet(43)) - raft.server.log.statemachine.data.sync = true (default)
2019-09-25 06:10:15,241 [pool-297-thread-1] INFO  server.RaftServerConfigKeys (ConfUtils.java:logGet(43)) - raft.server.log.statemachine.data.sync.timeout = 10s (default)
2019-09-25 06:10:15,241 [pool-297-thread-1] INFO  server.RaftServerConfigKeys (ConfUtils.java:logGet(43)) - raft.server.log.statemachine.data.sync.timeout.retry = -1 (default)
2019-09-25 06:10:15,241 [pool-297-thread-1] INFO  server.RaftServerConfigKeys (ConfUtils.java:logGet(43)) - raft.server.log.statemachine.data.caching.enabled = true (custom)
2019-09-25 06:10:15,241 [pool-297-thread-1] INFO  segmented.SegmentedRaftLogWorker (SegmentedRaftLogWorker.java:lambda$new$0(132)) - e022f57c-d964-4025-961b-d778bc34271c@group-668DCE5B702C-SegmentedRaftLogWorker: flushIndex: setUnconditionally 0 -> -1
2019-09-25 06:10:15,242 [pool-297-thread-1] INFO  server.RaftServerConfigKeys (ConfUtils.java:logGet(43)) - raft.server.snapshot.auto.trigger.enabled = true (custom)
2019-09-25 06:10:15,242 [pool-297-thread-1] INFO  server.RaftServerConfigKeys (ConfUtils.java:logGet(43)) - raft.server.snapshot.auto.trigger.threshold = 10000 (custom)
2019-09-25 06:10:15,242 [pool-297-thread-1] INFO  server.RaftServerConfigKeys (ConfUtils.java:logGet(43)) - raft.server.snapshot.retention.num.files = 5 (custom)
2019-09-25 06:10:15,242 [pool-297-thread-1] INFO  server.RaftServerConfigKeys (ConfUtils.java:logGet(43)) - raft.server.retrycache.expirytime = 600000ms (custom)
2019-09-25 06:10:15,243 [pool-297-thread-1] INFO  impl.RaftServerImpl (RaftServerImpl.java:start(185)) - e022f57c-d964-4025-961b-d778bc34271c@group-668DCE5B702C: start as a follower, conf=-1: [e022f57c-d964-4025-961b-d778bc34271c:192.168.164.207:33876], old=null
2019-09-25 06:10:15,243 [pool-297-thread-1] INFO  impl.RaftServerImpl (RaftServerImpl.java:setRole(174)) - e022f57c-d964-4025-961b-d778bc34271c@group-668DCE5B702C: changes role from      null to FOLLOWER at term 0 for startAsFollower
2019-09-25 06:10:15,243 [pool-297-thread-1] INFO  impl.RoleInfo (RoleInfo.java:updateAndGet(143)) - e022f57c-d964-4025-961b-d778bc34271c: start FollowerState
2019-09-25 06:10:15,244 [pool-297-thread-1] INFO  util.JmxRegister (JmxRegister.java:tryRegister(44)) - Successfully registered JMX Bean with object name Ratis:service=RaftServer,group=group-668DCE5B702C,id=e022f57c-d964-4025-961b-d778bc34271c
2019-09-25 06:10:15,247 [RatisPipelineUtilsThread] INFO  pipeline.PipelineStateManager (PipelineStateManager.java:addPipeline(56)) - Created pipeline Pipeline[ Id: ce0754ae-b5b3-425d-8294-668dce5b702c, Nodes: e022f57c-d964-4025-961b-d778bc34271c{ip: 192.168.164.207, host: pr-hdds-1569-s44lr-3492059363, networkLocation: /default-rack, certSerialId: null}, Type:RATIS, Factor:ONE, State:OPEN]
2019-09-25 06:10:15,248 [RatisPipelineUtilsThread] INFO  pipeline.PipelinePlacementPolicy (PipelinePlacementPolicy.java:meetCriteria(91)) - Pipeline Placement: can't place more pipeline on heavy datanode： cc5d4b6f-867d-404b-b47c-cb5df444b38b Heaviness: 6 limit: 5
2019-09-25 06:10:15,254 [grpc-default-executor-0] INFO  impl.RaftServerProxy (RaftServerProxy.java:addNew(89)) - 096e6fc4-835c-4a45-ba0a-cde44f03dca5: addNew group-3B7F456F0D6E:[096e6fc4-835c-4a45-ba0a-cde44f03dca5:192.168.164.207:42535] returns group-3B7F456F0D6E:java.util.concurrent.CompletableFuture@2318bbfd[Not completed]
2019-09-25 06:10:15,254 [pool-277-thread-1] INFO  impl.RaftServerImpl (RaftServerImpl.java:<init>(95)) - 096e6fc4-835c-4a45-ba0a-cde44f03dca5: new RaftServerImpl for group-3B7F456F0D6E:[096e6fc4-835c-4a45-ba0a-cde44f03dca5:192.168.164.207:42535] with ContainerStateMachine:uninitialized
2019-09-25 06:10:15,255 [pool-277-thread-1] INFO  server.RaftServerConfigKeys (ConfUtils.java:logGet(43)) - raft.server.rpc.timeout.min = 5s (custom)
2019-09-25 06:10:15,255 [pool-277-thread-1] INFO  server.RaftServerConfigKeys (ConfUtils.java:logGet(43)) - raft.server.rpc.timeout.max = 5200ms (custom)
2019-09-25 06:10:15,255 [pool-277-thread-1] INFO  server.RaftServerConfigKeys (ConfUtils.java:logGet(43)) - raft.server.rpcslowness.timeout = 120s (custom)
2019-09-25 06:10:15,255 [pool-277-thread-1] INFO  server.RaftServerConfigKeys (ConfUtils.java:logGet(43)) - raft.server.sleep.deviation.threshold = 300 (default)
2019-09-25 06:10:15,255 [pool-277-thread-1] INFO  server.RaftServerConfigKeys (ConfUtils.java:logGet(43)) - raft.server.log.appender.install.snapshot.enabled = false (custom)
2019-09-25 06:10:15,255 [pool-277-thread-1] INFO  impl.RaftServerImpl (ServerState.java:<init>(103)) - 096e6fc4-835c-4a45-ba0a-cde44f03dca5@group-3B7F456F0D6E: ConfigurationManager, init=-1: [096e6fc4-835c-4a45-ba0a-cde44f03dca5:192.168.164.207:42535], old=null, confs=<EMPTY_MAP>
2019-09-25 06:10:15,255 [pool-277-thread-1] INFO  server.RaftServerConfigKeys (ConfUtils.java:logGet(43)) - raft.server.storage.dir = [/workdir/hadoop-ozone/ozonefs/target/test-dir/MiniOzoneClusterImpl-e438aa53-7451-4657-98d5-9124de52335b/datanode-0/data/ratis] (custom)
2019-09-25 06:10:15,255 [pool-277-thread-1] INFO  storage.RaftStorageDirectory (RaftStorageDirectory.java:analyzeStorage(246)) - The storage directory /workdir/hadoop-ozone/ozonefs/target/test-dir/MiniOzoneClusterImpl-e438aa53-7451-4657-98d5-9124de52335b/datanode-0/data/ratis/a4eaf090-d0bd-40ab-88f3-3b7f456f0d6e does not exist. Creating ...
2019-09-25 06:10:15,268 [pool-277-thread-1] INFO  storage.RaftStorageDirectory (RaftStorageDirectory.java:tryLock(328)) - Lock on /workdir/hadoop-ozone/ozonefs/target/test-dir/MiniOzoneClusterImpl-e438aa53-7451-4657-98d5-9124de52335b/datanode-0/data/ratis/a4eaf090-d0bd-40ab-88f3-3b7f456f0d6e/in_use.lock acquired by nodename 18406@pr-hdds-1569-s44lr-3492059363
2019-09-25 06:10:15,281 [pool-277-thread-1] INFO  storage.RaftStorage (RaftStorage.java:format(72)) - Storage directory /workdir/hadoop-ozone/ozonefs/target/test-dir/MiniOzoneClusterImpl-e438aa53-7451-4657-98d5-9124de52335b/datanode-0/data/ratis/a4eaf090-d0bd-40ab-88f3-3b7f456f0d6e has been successfully formatted.
2019-09-25 06:10:15,282 [pool-277-thread-1] INFO  ratis.ContainerStateMachine (ContainerStateMachine.java:loadSnapshot(230)) - group-3B7F456F0D6E: The snapshot info is null. Setting the last applied indexto:(t:0, i:~)
2019-09-25 06:10:15,282 [pool-277-thread-1] INFO  server.RaftServerConfigKeys (ConfUtils.java:logGet(43)) - raft.server.notification.no-leader.timeout = 120s (custom)
2019-09-25 06:10:15,282 [pool-277-thread-1] INFO  server.RaftServerConfigKeys (ConfUtils.java:logGet(43)) - raft.server.log.use.memory = false (default)
2019-09-25 06:10:15,282 [pool-277-thread-1] INFO  server.RaftServerConfigKeys (ConfUtils.java:logGet(43)) - raft.server.log.purge.gap = 1000000 (custom)
2019-09-25 06:10:15,282 [pool-277-thread-1] INFO  server.RaftServerConfigKeys (ConfUtils.java:logGet(43)) - raft.server.log.appender.buffer.byte-limit = 33554432 (custom)
2019-09-25 06:10:15,282 [pool-277-thread-1] INFO  server.RaftServerConfigKeys (ConfUtils.java:logGet(43)) - raft.server.log.segment.size.max = 1048576 (custom)
2019-09-25 06:10:15,282 [pool-277-thread-1] INFO  server.RaftServerConfigKeys (ConfUtils.java:logGet(43)) - raft.server.log.segment.cache.num.max = 2 (custom)
2019-09-25 06:10:15,282 [pool-277-thread-1] INFO  segmented.SegmentedRaftLogWorker (SegmentedRaftLogWorker.java:<init>(172)) - new 096e6fc4-835c-4a45-ba0a-cde44f03dca5@group-3B7F456F0D6E-SegmentedRaftLogWorker for RaftStorage:Storage Directory /workdir/hadoop-ozone/ozonefs/target/test-dir/MiniOzoneClusterImpl-e438aa53-7451-4657-98d5-9124de52335b/datanode-0/data/ratis/a4eaf090-d0bd-40ab-88f3-3b7f456f0d6e
2019-09-25 06:10:15,282 [pool-277-thread-1] INFO  server.RaftServerConfigKeys (ConfUtils.java:logGet(43)) - raft.server.log.queue.byte-limit = 2147483647 (custom)
2019-09-25 06:10:15,282 [pool-277-thread-1] INFO  server.RaftServerConfigKeys (ConfUtils.java:logGet(43)) - raft.server.log.queue.element-limit = 1024 (custom)
2019-09-25 06:10:15,283 [pool-277-thread-1] INFO  server.RaftServerConfigKeys (ConfUtils.java:logGet(43)) - raft.server.log.segment.size.max = 1048576 (custom)
2019-09-25 06:10:15,283 [pool-277-thread-1] INFO  server.RaftServerConfigKeys (ConfUtils.java:logGet(43)) - raft.server.log.preallocated.size = 16384 (custom)
2019-09-25 06:10:15,283 [pool-277-thread-1] INFO  server.RaftServerConfigKeys (ConfUtils.java:logGet(43)) - raft.server.log.write.buffer.size = 33554432 (custom)
2019-09-25 06:10:15,283 [pool-277-thread-1] INFO  server.RaftServerConfigKeys (ConfUtils.java:logGet(43)) - raft.server.log.force.sync.num = 128 (default)
2019-09-25 06:10:15,283 [pool-277-thread-1] INFO  server.RaftServerConfigKeys (ConfUtils.java:logGet(43)) - raft.server.log.statemachine.data.sync = true (default)
2019-09-25 06:10:15,283 [pool-277-thread-1] INFO  server.RaftServerConfigKeys (ConfUtils.java:logGet(43)) - raft.server.log.statemachine.data.sync.timeout = 10s (default)
2019-09-25 06:10:15,283 [pool-277-thread-1] INFO  server.RaftServerConfigKeys (ConfUtils.java:logGet(43)) - raft.server.log.statemachine.data.sync.timeout.retry = -1 (default)
2019-09-25 06:10:15,283 [pool-277-thread-1] INFO  server.RaftServerConfigKeys (ConfUtils.java:logGet(43)) - raft.server.log.statemachine.data.caching.enabled = true (custom)
2019-09-25 06:10:15,283 [pool-277-thread-1] INFO  segmented.SegmentedRaftLogWorker (SegmentedRaftLogWorker.java:lambda$new$0(132)) - 096e6fc4-835c-4a45-ba0a-cde44f03dca5@group-3B7F456F0D6E-SegmentedRaftLogWorker: flushIndex: setUnconditionally 0 -> -1
2019-09-25 06:10:15,284 [pool-277-thread-1] INFO  server.RaftServerConfigKeys (ConfUtils.java:logGet(43)) - raft.server.snapshot.auto.trigger.enabled = true (custom)
2019-09-25 06:10:15,284 [pool-277-thread-1] INFO  server.RaftServerConfigKeys (ConfUtils.java:logGet(43)) - raft.server.snapshot.auto.trigger.threshold = 10000 (custom)
2019-09-25 06:10:15,284 [pool-277-thread-1] INFO  server.RaftServerConfigKeys (ConfUtils.java:logGet(43)) - raft.server.snapshot.retention.num.files = 5 (custom)
2019-09-25 06:10:15,284 [pool-277-thread-1] INFO  server.RaftServerConfigKeys (ConfUtils.java:logGet(43)) - raft.server.retrycache.expirytime = 600000ms (custom)
2019-09-25 06:10:15,285 [pool-277-thread-1] INFO  impl.RaftServerImpl (RaftServerImpl.java:start(185)) - 096e6fc4-835c-4a45-ba0a-cde44f03dca5@group-3B7F456F0D6E: start as a follower, conf=-1: [096e6fc4-835c-4a45-ba0a-cde44f03dca5:192.168.164.207:42535], old=null
2019-09-25 06:10:15,285 [pool-277-thread-1] INFO  impl.RaftServerImpl (RaftServerImpl.java:setRole(174)) - 096e6fc4-835c-4a45-ba0a-cde44f03dca5@group-3B7F456F0D6E: changes role from      null to FOLLOWER at term 0 for startAsFollower
2019-09-25 06:10:15,286 [pool-277-thread-1] INFO  impl.RoleInfo (RoleInfo.java:updateAndGet(143)) - 096e6fc4-835c-4a45-ba0a-cde44f03dca5: start FollowerState
2019-09-25 06:10:15,286 [pool-277-thread-1] INFO  util.JmxRegister (JmxRegister.java:tryRegister(44)) - Successfully registered JMX Bean with object name Ratis:service=RaftServer,group=group-3B7F456F0D6E,id=096e6fc4-835c-4a45-ba0a-cde44f03dca5
2019-09-25 06:10:15,290 [RatisPipelineUtilsThread] INFO  pipeline.PipelineStateManager (PipelineStateManager.java:addPipeline(56)) - Created pipeline Pipeline[ Id: a4eaf090-d0bd-40ab-88f3-3b7f456f0d6e, Nodes: 096e6fc4-835c-4a45-ba0a-cde44f03dca5{ip: 192.168.164.207, host: pr-hdds-1569-s44lr-3492059363, networkLocation: /default-rack, certSerialId: null}, Type:RATIS, Factor:ONE, State:OPEN]
2019-09-25 06:10:15,290 [RatisPipelineUtilsThread] INFO  pipeline.PipelinePlacementPolicy (PipelinePlacementPolicy.java:meetCriteria(91)) - Pipeline Placement: can't place more pipeline on heavy datanode： cc5d4b6f-867d-404b-b47c-cb5df444b38b Heaviness: 6 limit: 5
2019-09-25 06:10:15,299 [grpc-default-executor-0] INFO  impl.RaftServerProxy (RaftServerProxy.java:addNew(89)) - 096e6fc4-835c-4a45-ba0a-cde44f03dca5: addNew group-645FFC0849E0:[096e6fc4-835c-4a45-ba0a-cde44f03dca5:192.168.164.207:42535] returns group-645FFC0849E0:java.util.concurrent.CompletableFuture@598eede0[Not completed]
2019-09-25 06:10:15,300 [pool-277-thread-1] INFO  impl.RaftServerImpl (RaftServerImpl.java:<init>(95)) - 096e6fc4-835c-4a45-ba0a-cde44f03dca5: new RaftServerImpl for group-645FFC0849E0:[096e6fc4-835c-4a45-ba0a-cde44f03dca5:192.168.164.207:42535] with ContainerStateMachine:uninitialized
2019-09-25 06:10:15,300 [pool-277-thread-1] INFO  server.RaftServerConfigKeys (ConfUtils.java:logGet(43)) - raft.server.rpc.timeout.min = 5s (custom)
2019-09-25 06:10:15,300 [pool-277-thread-1] INFO  server.RaftServerConfigKeys (ConfUtils.java:logGet(43)) - raft.server.rpc.timeout.max = 5200ms (custom)
2019-09-25 06:10:15,300 [pool-277-thread-1] INFO  server.RaftServerConfigKeys (ConfUtils.java:logGet(43)) - raft.server.rpcslowness.timeout = 120s (custom)
2019-09-25 06:10:15,300 [pool-277-thread-1] INFO  server.RaftServerConfigKeys (ConfUtils.java:logGet(43)) - raft.server.sleep.deviation.threshold = 300 (default)
2019-09-25 06:10:15,300 [pool-277-thread-1] INFO  server.RaftServerConfigKeys (ConfUtils.java:logGet(43)) - raft.server.log.appender.install.snapshot.enabled = false (custom)
2019-09-25 06:10:15,300 [pool-277-thread-1] INFO  impl.RaftServerImpl (ServerState.java:<init>(103)) - 096e6fc4-835c-4a45-ba0a-cde44f03dca5@group-645FFC0849E0: ConfigurationManager, init=-1: [096e6fc4-835c-4a45-ba0a-cde44f03dca5:192.168.164.207:42535], old=null, confs=<EMPTY_MAP>
2019-09-25 06:10:15,300 [pool-277-thread-1] INFO  server.RaftServerConfigKeys (ConfUtils.java:logGet(43)) - raft.server.storage.dir = [/workdir/hadoop-ozone/ozonefs/target/test-dir/MiniOzoneClusterImpl-e438aa53-7451-4657-98d5-9124de52335b/datanode-0/data/ratis] (custom)
2019-09-25 06:10:15,300 [pool-277-thread-1] INFO  storage.RaftStorageDirectory (RaftStorageDirectory.java:analyzeStorage(246)) - The storage directory /workdir/hadoop-ozone/ozonefs/target/test-dir/MiniOzoneClusterImpl-e438aa53-7451-4657-98d5-9124de52335b/datanode-0/data/ratis/73564028-8eef-40b9-99be-645ffc0849e0 does not exist. Creating ...
2019-09-25 06:10:15,313 [pool-277-thread-1] INFO  storage.RaftStorageDirectory (RaftStorageDirectory.java:tryLock(328)) - Lock on /workdir/hadoop-ozone/ozonefs/target/test-dir/MiniOzoneClusterImpl-e438aa53-7451-4657-98d5-9124de52335b/datanode-0/data/ratis/73564028-8eef-40b9-99be-645ffc0849e0/in_use.lock acquired by nodename 18406@pr-hdds-1569-s44lr-3492059363
2019-09-25 06:10:15,327 [pool-277-thread-1] INFO  storage.RaftStorage (RaftStorage.java:format(72)) - Storage directory /workdir/hadoop-ozone/ozonefs/target/test-dir/MiniOzoneClusterImpl-e438aa53-7451-4657-98d5-9124de52335b/datanode-0/data/ratis/73564028-8eef-40b9-99be-645ffc0849e0 has been successfully formatted.
2019-09-25 06:10:15,327 [pool-277-thread-1] INFO  ratis.ContainerStateMachine (ContainerStateMachine.java:loadSnapshot(230)) - group-645FFC0849E0: The snapshot info is null. Setting the last applied indexto:(t:0, i:~)
2019-09-25 06:10:15,327 [pool-277-thread-1] INFO  server.RaftServerConfigKeys (ConfUtils.java:logGet(43)) - raft.server.notification.no-leader.timeout = 120s (custom)
2019-09-25 06:10:15,327 [pool-277-thread-1] INFO  server.RaftServerConfigKeys (ConfUtils.java:logGet(43)) - raft.server.log.use.memory = false (default)
2019-09-25 06:10:15,327 [pool-277-thread-1] INFO  server.RaftServerConfigKeys (ConfUtils.java:logGet(43)) - raft.server.log.purge.gap = 1000000 (custom)
2019-09-25 06:10:15,327 [pool-277-thread-1] INFO  server.RaftServerConfigKeys (ConfUtils.java:logGet(43)) - raft.server.log.appender.buffer.byte-limit = 33554432 (custom)
2019-09-25 06:10:15,327 [pool-277-thread-1] INFO  server.RaftServerConfigKeys (ConfUtils.java:logGet(43)) - raft.server.log.segment.size.max = 1048576 (custom)
2019-09-25 06:10:15,327 [pool-277-thread-1] INFO  server.RaftServerConfigKeys (ConfUtils.java:logGet(43)) - raft.server.log.segment.cache.num.max = 2 (custom)
2019-09-25 06:10:15,328 [pool-277-thread-1] INFO  segmented.SegmentedRaftLogWorker (SegmentedRaftLogWorker.java:<init>(172)) - new 096e6fc4-835c-4a45-ba0a-cde44f03dca5@group-645FFC0849E0-SegmentedRaftLogWorker for RaftStorage:Storage Directory /workdir/hadoop-ozone/ozonefs/target/test-dir/MiniOzoneClusterImpl-e438aa53-7451-4657-98d5-9124de52335b/datanode-0/data/ratis/73564028-8eef-40b9-99be-645ffc0849e0
2019-09-25 06:10:15,328 [pool-277-thread-1] INFO  server.RaftServerConfigKeys (ConfUtils.java:logGet(43)) - raft.server.log.queue.byte-limit = 2147483647 (custom)
2019-09-25 06:10:15,328 [pool-277-thread-1] INFO  server.RaftServerConfigKeys (ConfUtils.java:logGet(43)) - raft.server.log.queue.element-limit = 1024 (custom)
2019-09-25 06:10:15,328 [pool-277-thread-1] INFO  server.RaftServerConfigKeys (ConfUtils.java:logGet(43)) - raft.server.log.segment.size.max = 1048576 (custom)
2019-09-25 06:10:15,328 [pool-277-thread-1] INFO  server.RaftServerConfigKeys (ConfUtils.java:logGet(43)) - raft.server.log.preallocated.size = 16384 (custom)
2019-09-25 06:10:15,328 [pool-277-thread-1] INFO  server.RaftServerConfigKeys (ConfUtils.java:logGet(43)) - raft.server.log.write.buffer.size = 33554432 (custom)
2019-09-25 06:10:15,328 [pool-277-thread-1] INFO  server.RaftServerConfigKeys (ConfUtils.java:logGet(43)) - raft.server.log.force.sync.num = 128 (default)
2019-09-25 06:10:15,328 [pool-277-thread-1] INFO  server.RaftServerConfigKeys (ConfUtils.java:logGet(43)) - raft.server.log.statemachine.data.sync = true (default)
2019-09-25 06:10:15,328 [pool-277-thread-1] INFO  server.RaftServerConfigKeys (ConfUtils.java:logGet(43)) - raft.server.log.statemachine.data.sync.timeout = 10s (default)
2019-09-25 06:10:15,328 [pool-277-thread-1] INFO  server.RaftServerConfigKeys (ConfUtils.java:logGet(43)) - raft.server.log.statemachine.data.sync.timeout.retry = -1 (default)
2019-09-25 06:10:15,328 [pool-277-thread-1] INFO  server.RaftServerConfigKeys (ConfUtils.java:logGet(43)) - raft.server.log.statemachine.data.caching.enabled = true (custom)
2019-09-25 06:10:15,329 [pool-277-thread-1] INFO  segmented.SegmentedRaftLogWorker (SegmentedRaftLogWorker.java:lambda$new$0(132)) - 096e6fc4-835c-4a45-ba0a-cde44f03dca5@group-645FFC0849E0-SegmentedRaftLogWorker: flushIndex: setUnconditionally 0 -> -1
2019-09-25 06:10:15,329 [pool-277-thread-1] INFO  server.RaftServerConfigKeys (ConfUtils.java:logGet(43)) - raft.server.snapshot.auto.trigger.enabled = true (custom)
2019-09-25 06:10:15,329 [pool-277-thread-1] INFO  server.RaftServerConfigKeys (ConfUtils.java:logGet(43)) - raft.server.snapshot.auto.trigger.threshold = 10000 (custom)
2019-09-25 06:10:15,329 [pool-277-thread-1] INFO  server.RaftServerConfigKeys (ConfUtils.java:logGet(43)) - raft.server.snapshot.retention.num.files = 5 (custom)
2019-09-25 06:10:15,329 [pool-277-thread-1] INFO  server.RaftServerConfigKeys (ConfUtils.java:logGet(43)) - raft.server.retrycache.expirytime = 600000ms (custom)
2019-09-25 06:10:15,331 [pool-277-thread-1] INFO  impl.RaftServerImpl (RaftServerImpl.java:start(185)) - 096e6fc4-835c-4a45-ba0a-cde44f03dca5@group-645FFC0849E0: start as a follower, conf=-1: [096e6fc4-835c-4a45-ba0a-cde44f03dca5:192.168.164.207:42535], old=null
2019-09-25 06:10:15,331 [pool-277-thread-1] INFO  impl.RaftServerImpl (RaftServerImpl.java:setRole(174)) - 096e6fc4-835c-4a45-ba0a-cde44f03dca5@group-645FFC0849E0: changes role from      null to FOLLOWER at term 0 for startAsFollower
2019-09-25 06:10:15,331 [pool-277-thread-1] INFO  impl.RoleInfo (RoleInfo.java:updateAndGet(143)) - 096e6fc4-835c-4a45-ba0a-cde44f03dca5: start FollowerState
2019-09-25 06:10:15,331 [pool-277-thread-1] INFO  util.JmxRegister (JmxRegister.java:tryRegister(44)) - Successfully registered JMX Bean with object name Ratis:service=RaftServer,group=group-645FFC0849E0,id=096e6fc4-835c-4a45-ba0a-cde44f03dca5
2019-09-25 06:10:15,335 [RatisPipelineUtilsThread] INFO  pipeline.PipelineStateManager (PipelineStateManager.java:addPipeline(56)) - Created pipeline Pipeline[ Id: 73564028-8eef-40b9-99be-645ffc0849e0, Nodes: 096e6fc4-835c-4a45-ba0a-cde44f03dca5{ip: 192.168.164.207, host: pr-hdds-1569-s44lr-3492059363, networkLocation: /default-rack, certSerialId: null}, Type:RATIS, Factor:ONE, State:OPEN]
2019-09-25 06:10:15,335 [RatisPipelineUtilsThread] INFO  pipeline.PipelinePlacementPolicy (PipelinePlacementPolicy.java:meetCriteria(91)) - Pipeline Placement: can't place more pipeline on heavy datanode： cc5d4b6f-867d-404b-b47c-cb5df444b38b Heaviness: 6 limit: 5
2019-09-25 06:10:15,335 [RatisPipelineUtilsThread] INFO  pipeline.PipelinePlacementPolicy (PipelinePlacementPolicy.java:meetCriteria(91)) - Pipeline Placement: can't place more pipeline on heavy datanode： 096e6fc4-835c-4a45-ba0a-cde44f03dca5 Heaviness: 6 limit: 5
2019-09-25 06:10:15,342 [grpc-default-executor-0] INFO  impl.RaftServerProxy (RaftServerProxy.java:addNew(89)) - e022f57c-d964-4025-961b-d778bc34271c: addNew group-B0D6A6B9061C:[e022f57c-d964-4025-961b-d778bc34271c:192.168.164.207:33876] returns group-B0D6A6B9061C:java.util.concurrent.CompletableFuture@65efb6d5[Not completed]
2019-09-25 06:10:15,343 [pool-297-thread-1] INFO  impl.RaftServerImpl (RaftServerImpl.java:<init>(95)) - e022f57c-d964-4025-961b-d778bc34271c: new RaftServerImpl for group-B0D6A6B9061C:[e022f57c-d964-4025-961b-d778bc34271c:192.168.164.207:33876] with ContainerStateMachine:uninitialized
2019-09-25 06:10:15,343 [pool-297-thread-1] INFO  server.RaftServerConfigKeys (ConfUtils.java:logGet(43)) - raft.server.rpc.timeout.min = 5s (custom)
2019-09-25 06:10:15,343 [pool-297-thread-1] INFO  server.RaftServerConfigKeys (ConfUtils.java:logGet(43)) - raft.server.rpc.timeout.max = 5200ms (custom)
2019-09-25 06:10:15,344 [pool-297-thread-1] INFO  server.RaftServerConfigKeys (ConfUtils.java:logGet(43)) - raft.server.rpcslowness.timeout = 120s (custom)
2019-09-25 06:10:15,344 [pool-297-thread-1] INFO  server.RaftServerConfigKeys (ConfUtils.java:logGet(43)) - raft.server.sleep.deviation.threshold = 300 (default)
2019-09-25 06:10:15,344 [pool-297-thread-1] INFO  server.RaftServerConfigKeys (ConfUtils.java:logGet(43)) - raft.server.log.appender.install.snapshot.enabled = false (custom)
2019-09-25 06:10:15,344 [pool-297-thread-1] INFO  impl.RaftServerImpl (ServerState.java:<init>(103)) - e022f57c-d964-4025-961b-d778bc34271c@group-B0D6A6B9061C: ConfigurationManager, init=-1: [e022f57c-d964-4025-961b-d778bc34271c:192.168.164.207:33876], old=null, confs=<EMPTY_MAP>
2019-09-25 06:10:15,344 [pool-297-thread-1] INFO  server.RaftServerConfigKeys (ConfUtils.java:logGet(43)) - raft.server.storage.dir = [/workdir/hadoop-ozone/ozonefs/target/test-dir/MiniOzoneClusterImpl-e438aa53-7451-4657-98d5-9124de52335b/datanode-2/data/ratis] (custom)
2019-09-25 06:10:15,345 [pool-297-thread-1] INFO  storage.RaftStorageDirectory (RaftStorageDirectory.java:analyzeStorage(246)) - The storage directory /workdir/hadoop-ozone/ozonefs/target/test-dir/MiniOzoneClusterImpl-e438aa53-7451-4657-98d5-9124de52335b/datanode-2/data/ratis/d4ece107-c167-441b-85f7-b0d6a6b9061c does not exist. Creating ...
2019-09-25 06:10:15,376 [pool-297-thread-1] INFO  storage.RaftStorageDirectory (RaftStorageDirectory.java:tryLock(328)) - Lock on /workdir/hadoop-ozone/ozonefs/target/test-dir/MiniOzoneClusterImpl-e438aa53-7451-4657-98d5-9124de52335b/datanode-2/data/ratis/d4ece107-c167-441b-85f7-b0d6a6b9061c/in_use.lock acquired by nodename 18406@pr-hdds-1569-s44lr-3492059363
2019-09-25 06:10:15,389 [pool-297-thread-1] INFO  storage.RaftStorage (RaftStorage.java:format(72)) - Storage directory /workdir/hadoop-ozone/ozonefs/target/test-dir/MiniOzoneClusterImpl-e438aa53-7451-4657-98d5-9124de52335b/datanode-2/data/ratis/d4ece107-c167-441b-85f7-b0d6a6b9061c has been successfully formatted.
2019-09-25 06:10:15,390 [pool-297-thread-1] INFO  ratis.ContainerStateMachine (ContainerStateMachine.java:loadSnapshot(230)) - group-B0D6A6B9061C: The snapshot info is null. Setting the last applied indexto:(t:0, i:~)
2019-09-25 06:10:15,390 [pool-297-thread-1] INFO  server.RaftServerConfigKeys (ConfUtils.java:logGet(43)) - raft.server.notification.no-leader.timeout = 120s (custom)
2019-09-25 06:10:15,390 [pool-297-thread-1] INFO  server.RaftServerConfigKeys (ConfUtils.java:logGet(43)) - raft.server.log.use.memory = false (default)
2019-09-25 06:10:15,390 [pool-297-thread-1] INFO  server.RaftServerConfigKeys (ConfUtils.java:logGet(43)) - raft.server.log.purge.gap = 1000000 (custom)
2019-09-25 06:10:15,390 [pool-297-thread-1] INFO  server.RaftServerConfigKeys (ConfUtils.java:logGet(43)) - raft.server.log.appender.buffer.byte-limit = 33554432 (custom)
2019-09-25 06:10:15,390 [pool-297-thread-1] INFO  server.RaftServerConfigKeys (ConfUtils.java:logGet(43)) - raft.server.log.segment.size.max = 1048576 (custom)
2019-09-25 06:10:15,390 [pool-297-thread-1] INFO  server.RaftServerConfigKeys (ConfUtils.java:logGet(43)) - raft.server.log.segment.cache.num.max = 2 (custom)
2019-09-25 06:10:15,391 [pool-297-thread-1] INFO  segmented.SegmentedRaftLogWorker (SegmentedRaftLogWorker.java:<init>(172)) - new e022f57c-d964-4025-961b-d778bc34271c@group-B0D6A6B9061C-SegmentedRaftLogWorker for RaftStorage:Storage Directory /workdir/hadoop-ozone/ozonefs/target/test-dir/MiniOzoneClusterImpl-e438aa53-7451-4657-98d5-9124de52335b/datanode-2/data/ratis/d4ece107-c167-441b-85f7-b0d6a6b9061c
2019-09-25 06:10:15,391 [pool-297-thread-1] INFO  server.RaftServerConfigKeys (ConfUtils.java:logGet(43)) - raft.server.log.queue.byte-limit = 2147483647 (custom)
2019-09-25 06:10:15,391 [pool-297-thread-1] INFO  server.RaftServerConfigKeys (ConfUtils.java:logGet(43)) - raft.server.log.queue.element-limit = 1024 (custom)
2019-09-25 06:10:15,391 [pool-297-thread-1] INFO  server.RaftServerConfigKeys (ConfUtils.java:logGet(43)) - raft.server.log.segment.size.max = 1048576 (custom)
2019-09-25 06:10:15,391 [pool-297-thread-1] INFO  server.RaftServerConfigKeys (ConfUtils.java:logGet(43)) - raft.server.log.preallocated.size = 16384 (custom)
2019-09-25 06:10:15,391 [pool-297-thread-1] INFO  server.RaftServerConfigKeys (ConfUtils.java:logGet(43)) - raft.server.log.write.buffer.size = 33554432 (custom)
2019-09-25 06:10:15,391 [pool-297-thread-1] INFO  server.RaftServerConfigKeys (ConfUtils.java:logGet(43)) - raft.server.log.force.sync.num = 128 (default)
2019-09-25 06:10:15,392 [pool-297-thread-1] INFO  server.RaftServerConfigKeys (ConfUtils.java:logGet(43)) - raft.server.log.statemachine.data.sync = true (default)
2019-09-25 06:10:15,392 [pool-297-thread-1] INFO  server.RaftServerConfigKeys (ConfUtils.java:logGet(43)) - raft.server.log.statemachine.data.sync.timeout = 10s (default)
2019-09-25 06:10:15,392 [pool-297-thread-1] INFO  server.RaftServerConfigKeys (ConfUtils.java:logGet(43)) - raft.server.log.statemachine.data.sync.timeout.retry = -1 (default)
2019-09-25 06:10:15,392 [pool-297-thread-1] INFO  server.RaftServerConfigKeys (ConfUtils.java:logGet(43)) - raft.server.log.statemachine.data.caching.enabled = true (custom)
2019-09-25 06:10:15,392 [pool-297-thread-1] INFO  segmented.SegmentedRaftLogWorker (SegmentedRaftLogWorker.java:lambda$new$0(132)) - e022f57c-d964-4025-961b-d778bc34271c@group-B0D6A6B9061C-SegmentedRaftLogWorker: flushIndex: setUnconditionally 0 -> -1
2019-09-25 06:10:15,393 [pool-297-thread-1] INFO  server.RaftServerConfigKeys (ConfUtils.java:logGet(43)) - raft.server.snapshot.auto.trigger.enabled = true (custom)
2019-09-25 06:10:15,393 [pool-297-thread-1] INFO  server.RaftServerConfigKeys (ConfUtils.java:logGet(43)) - raft.server.snapshot.auto.trigger.threshold = 10000 (custom)
2019-09-25 06:10:15,393 [pool-297-thread-1] INFO  server.RaftServerConfigKeys (ConfUtils.java:logGet(43)) - raft.server.snapshot.retention.num.files = 5 (custom)
2019-09-25 06:10:15,393 [pool-297-thread-1] INFO  server.RaftServerConfigKeys (ConfUtils.java:logGet(43)) - raft.server.retrycache.expirytime = 600000ms (custom)
2019-09-25 06:10:15,395 [pool-297-thread-1] INFO  impl.RaftServerImpl (RaftServerImpl.java:start(185)) - e022f57c-d964-4025-961b-d778bc34271c@group-B0D6A6B9061C: start as a follower, conf=-1: [e022f57c-d964-4025-961b-d778bc34271c:192.168.164.207:33876], old=null
2019-09-25 06:10:15,395 [pool-297-thread-1] INFO  impl.RaftServerImpl (RaftServerImpl.java:setRole(174)) - e022f57c-d964-4025-961b-d778bc34271c@group-B0D6A6B9061C: changes role from      null to FOLLOWER at term 0 for startAsFollower
2019-09-25 06:10:15,395 [pool-297-thread-1] INFO  impl.RoleInfo (RoleInfo.java:updateAndGet(143)) - e022f57c-d964-4025-961b-d778bc34271c: start FollowerState
2019-09-25 06:10:15,396 [pool-297-thread-1] INFO  util.JmxRegister (JmxRegister.java:tryRegister(44)) - Successfully registered JMX Bean with object name Ratis:service=RaftServer,group=group-B0D6A6B9061C,id=e022f57c-d964-4025-961b-d778bc34271c
2019-09-25 06:10:15,401 [RatisPipelineUtilsThread] INFO  pipeline.PipelineStateManager (PipelineStateManager.java:addPipeline(56)) - Created pipeline Pipeline[ Id: d4ece107-c167-441b-85f7-b0d6a6b9061c, Nodes: e022f57c-d964-4025-961b-d778bc34271c{ip: 192.168.164.207, host: pr-hdds-1569-s44lr-3492059363, networkLocation: /default-rack, certSerialId: null}, Type:RATIS, Factor:ONE, State:OPEN]
2019-09-25 06:10:15,401 [RatisPipelineUtilsThread] INFO  pipeline.PipelinePlacementPolicy (PipelinePlacementPolicy.java:meetCriteria(91)) - Pipeline Placement: can't place more pipeline on heavy datanode： cc5d4b6f-867d-404b-b47c-cb5df444b38b Heaviness: 6 limit: 5
2019-09-25 06:10:15,401 [RatisPipelineUtilsThread] INFO  pipeline.PipelinePlacementPolicy (PipelinePlacementPolicy.java:meetCriteria(91)) - Pipeline Placement: can't place more pipeline on heavy datanode： 096e6fc4-835c-4a45-ba0a-cde44f03dca5 Heaviness: 6 limit: 5
2019-09-25 06:10:15,409 [grpc-default-executor-0] INFO  impl.RaftServerProxy (RaftServerProxy.java:addNew(89)) - e022f57c-d964-4025-961b-d778bc34271c: addNew group-E370600559D0:[e022f57c-d964-4025-961b-d778bc34271c:192.168.164.207:33876] returns group-E370600559D0:java.util.concurrent.CompletableFuture@63c5c1c5[Not completed]
2019-09-25 06:10:15,410 [pool-297-thread-1] INFO  impl.RaftServerImpl (RaftServerImpl.java:<init>(95)) - e022f57c-d964-4025-961b-d778bc34271c: new RaftServerImpl for group-E370600559D0:[e022f57c-d964-4025-961b-d778bc34271c:192.168.164.207:33876] with ContainerStateMachine:uninitialized
2019-09-25 06:10:15,410 [pool-297-thread-1] INFO  server.RaftServerConfigKeys (ConfUtils.java:logGet(43)) - raft.server.rpc.timeout.min = 5s (custom)
2019-09-25 06:10:15,410 [pool-297-thread-1] INFO  server.RaftServerConfigKeys (ConfUtils.java:logGet(43)) - raft.server.rpc.timeout.max = 5200ms (custom)
2019-09-25 06:10:15,411 [pool-297-thread-1] INFO  server.RaftServerConfigKeys (ConfUtils.java:logGet(43)) - raft.server.rpcslowness.timeout = 120s (custom)
2019-09-25 06:10:15,411 [pool-297-thread-1] INFO  server.RaftServerConfigKeys (ConfUtils.java:logGet(43)) - raft.server.sleep.deviation.threshold = 300 (default)
2019-09-25 06:10:15,411 [pool-297-thread-1] INFO  server.RaftServerConfigKeys (ConfUtils.java:logGet(43)) - raft.server.log.appender.install.snapshot.enabled = false (custom)
2019-09-25 06:10:15,411 [pool-297-thread-1] INFO  impl.RaftServerImpl (ServerState.java:<init>(103)) - e022f57c-d964-4025-961b-d778bc34271c@group-E370600559D0: ConfigurationManager, init=-1: [e022f57c-d964-4025-961b-d778bc34271c:192.168.164.207:33876], old=null, confs=<EMPTY_MAP>
2019-09-25 06:10:15,411 [pool-297-thread-1] INFO  server.RaftServerConfigKeys (ConfUtils.java:logGet(43)) - raft.server.storage.dir = [/workdir/hadoop-ozone/ozonefs/target/test-dir/MiniOzoneClusterImpl-e438aa53-7451-4657-98d5-9124de52335b/datanode-2/data/ratis] (custom)
2019-09-25 06:10:15,412 [pool-297-thread-1] INFO  storage.RaftStorageDirectory (RaftStorageDirectory.java:analyzeStorage(246)) - The storage directory /workdir/hadoop-ozone/ozonefs/target/test-dir/MiniOzoneClusterImpl-e438aa53-7451-4657-98d5-9124de52335b/datanode-2/data/ratis/9fc63422-80fd-460d-a720-e370600559d0 does not exist. Creating ...
2019-09-25 06:10:15,425 [pool-297-thread-1] INFO  storage.RaftStorageDirectory (RaftStorageDirectory.java:tryLock(328)) - Lock on /workdir/hadoop-ozone/ozonefs/target/test-dir/MiniOzoneClusterImpl-e438aa53-7451-4657-98d5-9124de52335b/datanode-2/data/ratis/9fc63422-80fd-460d-a720-e370600559d0/in_use.lock acquired by nodename 18406@pr-hdds-1569-s44lr-3492059363
2019-09-25 06:10:15,438 [pool-297-thread-1] INFO  storage.RaftStorage (RaftStorage.java:format(72)) - Storage directory /workdir/hadoop-ozone/ozonefs/target/test-dir/MiniOzoneClusterImpl-e438aa53-7451-4657-98d5-9124de52335b/datanode-2/data/ratis/9fc63422-80fd-460d-a720-e370600559d0 has been successfully formatted.
2019-09-25 06:10:15,439 [pool-297-thread-1] INFO  ratis.ContainerStateMachine (ContainerStateMachine.java:loadSnapshot(230)) - group-E370600559D0: The snapshot info is null. Setting the last applied indexto:(t:0, i:~)
2019-09-25 06:10:15,439 [pool-297-thread-1] INFO  server.RaftServerConfigKeys (ConfUtils.java:logGet(43)) - raft.server.notification.no-leader.timeout = 120s (custom)
2019-09-25 06:10:15,439 [pool-297-thread-1] INFO  server.RaftServerConfigKeys (ConfUtils.java:logGet(43)) - raft.server.log.use.memory = false (default)
2019-09-25 06:10:15,439 [pool-297-thread-1] INFO  server.RaftServerConfigKeys (ConfUtils.java:logGet(43)) - raft.server.log.purge.gap = 1000000 (custom)
2019-09-25 06:10:15,439 [pool-297-thread-1] INFO  server.RaftServerConfigKeys (ConfUtils.java:logGet(43)) - raft.server.log.appender.buffer.byte-limit = 33554432 (custom)
2019-09-25 06:10:15,439 [pool-297-thread-1] INFO  server.RaftServerConfigKeys (ConfUtils.java:logGet(43)) - raft.server.log.segment.size.max = 1048576 (custom)
2019-09-25 06:10:15,439 [pool-297-thread-1] INFO  server.RaftServerConfigKeys (ConfUtils.java:logGet(43)) - raft.server.log.segment.cache.num.max = 2 (custom)
2019-09-25 06:10:15,439 [pool-297-thread-1] INFO  segmented.SegmentedRaftLogWorker (SegmentedRaftLogWorker.java:<init>(172)) - new e022f57c-d964-4025-961b-d778bc34271c@group-E370600559D0-SegmentedRaftLogWorker for RaftStorage:Storage Directory /workdir/hadoop-ozone/ozonefs/target/test-dir/MiniOzoneClusterImpl-e438aa53-7451-4657-98d5-9124de52335b/datanode-2/data/ratis/9fc63422-80fd-460d-a720-e370600559d0
2019-09-25 06:10:15,439 [pool-297-thread-1] INFO  server.RaftServerConfigKeys (ConfUtils.java:logGet(43)) - raft.server.log.queue.byte-limit = 2147483647 (custom)
2019-09-25 06:10:15,439 [pool-297-thread-1] INFO  server.RaftServerConfigKeys (ConfUtils.java:logGet(43)) - raft.server.log.queue.element-limit = 1024 (custom)
2019-09-25 06:10:15,440 [pool-297-thread-1] INFO  server.RaftServerConfigKeys (ConfUtils.java:logGet(43)) - raft.server.log.segment.size.max = 1048576 (custom)
2019-09-25 06:10:15,440 [pool-297-thread-1] INFO  server.RaftServerConfigKeys (ConfUtils.java:logGet(43)) - raft.server.log.preallocated.size = 16384 (custom)
2019-09-25 06:10:15,440 [pool-297-thread-1] INFO  server.RaftServerConfigKeys (ConfUtils.java:logGet(43)) - raft.server.log.write.buffer.size = 33554432 (custom)
2019-09-25 06:10:15,440 [pool-297-thread-1] INFO  server.RaftServerConfigKeys (ConfUtils.java:logGet(43)) - raft.server.log.force.sync.num = 128 (default)
2019-09-25 06:10:15,440 [pool-297-thread-1] INFO  server.RaftServerConfigKeys (ConfUtils.java:logGet(43)) - raft.server.log.statemachine.data.sync = true (default)
2019-09-25 06:10:15,440 [pool-297-thread-1] INFO  server.RaftServerConfigKeys (ConfUtils.java:logGet(43)) - raft.server.log.statemachine.data.sync.timeout = 10s (default)
2019-09-25 06:10:15,440 [pool-297-thread-1] INFO  server.RaftServerConfigKeys (ConfUtils.java:logGet(43)) - raft.server.log.statemachine.data.sync.timeout.retry = -1 (default)
2019-09-25 06:10:15,440 [pool-297-thread-1] INFO  server.RaftServerConfigKeys (ConfUtils.java:logGet(43)) - raft.server.log.statemachine.data.caching.enabled = true (custom)
2019-09-25 06:10:15,440 [pool-297-thread-1] INFO  segmented.SegmentedRaftLogWorker (SegmentedRaftLogWorker.java:lambda$new$0(132)) - e022f57c-d964-4025-961b-d778bc34271c@group-E370600559D0-SegmentedRaftLogWorker: flushIndex: setUnconditionally 0 -> -1
2019-09-25 06:10:15,441 [pool-297-thread-1] INFO  server.RaftServerConfigKeys (ConfUtils.java:logGet(43)) - raft.server.snapshot.auto.trigger.enabled = true (custom)
2019-09-25 06:10:15,441 [pool-297-thread-1] INFO  server.RaftServerConfigKeys (ConfUtils.java:logGet(43)) - raft.server.snapshot.auto.trigger.threshold = 10000 (custom)
2019-09-25 06:10:15,441 [pool-297-thread-1] INFO  server.RaftServerConfigKeys (ConfUtils.java:logGet(43)) - raft.server.snapshot.retention.num.files = 5 (custom)
2019-09-25 06:10:15,441 [pool-297-thread-1] INFO  server.RaftServerConfigKeys (ConfUtils.java:logGet(43)) - raft.server.retrycache.expirytime = 600000ms (custom)
2019-09-25 06:10:15,442 [pool-297-thread-1] INFO  impl.RaftServerImpl (RaftServerImpl.java:start(185)) - e022f57c-d964-4025-961b-d778bc34271c@group-E370600559D0: start as a follower, conf=-1: [e022f57c-d964-4025-961b-d778bc34271c:192.168.164.207:33876], old=null
2019-09-25 06:10:15,443 [pool-297-thread-1] INFO  impl.RaftServerImpl (RaftServerImpl.java:setRole(174)) - e022f57c-d964-4025-961b-d778bc34271c@group-E370600559D0: changes role from      null to FOLLOWER at term 0 for startAsFollower
2019-09-25 06:10:15,443 [pool-297-thread-1] INFO  impl.RoleInfo (RoleInfo.java:updateAndGet(143)) - e022f57c-d964-4025-961b-d778bc34271c: start FollowerState
2019-09-25 06:10:15,443 [pool-297-thread-1] INFO  util.JmxRegister (JmxRegister.java:tryRegister(44)) - Successfully registered JMX Bean with object name Ratis:service=RaftServer,group=group-E370600559D0,id=e022f57c-d964-4025-961b-d778bc34271c
2019-09-25 06:10:15,447 [RatisPipelineUtilsThread] INFO  pipeline.PipelineStateManager (PipelineStateManager.java:addPipeline(56)) - Created pipeline Pipeline[ Id: 9fc63422-80fd-460d-a720-e370600559d0, Nodes: e022f57c-d964-4025-961b-d778bc34271c{ip: 192.168.164.207, host: pr-hdds-1569-s44lr-3492059363, networkLocation: /default-rack, certSerialId: null}, Type:RATIS, Factor:ONE, State:OPEN]
2019-09-25 06:10:15,448 [RatisPipelineUtilsThread] INFO  pipeline.PipelinePlacementPolicy (PipelinePlacementPolicy.java:meetCriteria(91)) - Pipeline Placement: can't place more pipeline on heavy datanode： cc5d4b6f-867d-404b-b47c-cb5df444b38b Heaviness: 6 limit: 5
2019-09-25 06:10:15,448 [RatisPipelineUtilsThread] INFO  pipeline.PipelinePlacementPolicy (PipelinePlacementPolicy.java:meetCriteria(91)) - Pipeline Placement: can't place more pipeline on heavy datanode： 096e6fc4-835c-4a45-ba0a-cde44f03dca5 Heaviness: 6 limit: 5
2019-09-25 06:10:15,456 [grpc-default-executor-0] INFO  impl.RaftServerProxy (RaftServerProxy.java:addNew(89)) - e022f57c-d964-4025-961b-d778bc34271c: addNew group-5ED9131A5FEE:[e022f57c-d964-4025-961b-d778bc34271c:192.168.164.207:33876] returns group-5ED9131A5FEE:java.util.concurrent.CompletableFuture@9a864eb[Not completed]
2019-09-25 06:10:15,457 [pool-297-thread-1] INFO  impl.RaftServerImpl (RaftServerImpl.java:<init>(95)) - e022f57c-d964-4025-961b-d778bc34271c: new RaftServerImpl for group-5ED9131A5FEE:[e022f57c-d964-4025-961b-d778bc34271c:192.168.164.207:33876] with ContainerStateMachine:uninitialized
2019-09-25 06:10:15,457 [pool-297-thread-1] INFO  server.RaftServerConfigKeys (ConfUtils.java:logGet(43)) - raft.server.rpc.timeout.min = 5s (custom)
2019-09-25 06:10:15,457 [pool-297-thread-1] INFO  server.RaftServerConfigKeys (ConfUtils.java:logGet(43)) - raft.server.rpc.timeout.max = 5200ms (custom)
2019-09-25 06:10:15,457 [pool-297-thread-1] INFO  server.RaftServerConfigKeys (ConfUtils.java:logGet(43)) - raft.server.rpcslowness.timeout = 120s (custom)
2019-09-25 06:10:15,457 [pool-297-thread-1] INFO  server.RaftServerConfigKeys (ConfUtils.java:logGet(43)) - raft.server.sleep.deviation.threshold = 300 (default)
2019-09-25 06:10:15,457 [pool-297-thread-1] INFO  server.RaftServerConfigKeys (ConfUtils.java:logGet(43)) - raft.server.log.appender.install.snapshot.enabled = false (custom)
2019-09-25 06:10:15,457 [pool-297-thread-1] INFO  impl.RaftServerImpl (ServerState.java:<init>(103)) - e022f57c-d964-4025-961b-d778bc34271c@group-5ED9131A5FEE: ConfigurationManager, init=-1: [e022f57c-d964-4025-961b-d778bc34271c:192.168.164.207:33876], old=null, confs=<EMPTY_MAP>
2019-09-25 06:10:15,457 [pool-297-thread-1] INFO  server.RaftServerConfigKeys (ConfUtils.java:logGet(43)) - raft.server.storage.dir = [/workdir/hadoop-ozone/ozonefs/target/test-dir/MiniOzoneClusterImpl-e438aa53-7451-4657-98d5-9124de52335b/datanode-2/data/ratis] (custom)
2019-09-25 06:10:15,458 [pool-297-thread-1] INFO  storage.RaftStorageDirectory (RaftStorageDirectory.java:analyzeStorage(246)) - The storage directory /workdir/hadoop-ozone/ozonefs/target/test-dir/MiniOzoneClusterImpl-e438aa53-7451-4657-98d5-9124de52335b/datanode-2/data/ratis/a4cdcb1c-3040-447f-b1cf-5ed9131a5fee does not exist. Creating ...
2019-09-25 06:10:15,471 [pool-297-thread-1] INFO  storage.RaftStorageDirectory (RaftStorageDirectory.java:tryLock(328)) - Lock on /workdir/hadoop-ozone/ozonefs/target/test-dir/MiniOzoneClusterImpl-e438aa53-7451-4657-98d5-9124de52335b/datanode-2/data/ratis/a4cdcb1c-3040-447f-b1cf-5ed9131a5fee/in_use.lock acquired by nodename 18406@pr-hdds-1569-s44lr-3492059363
2019-09-25 06:10:15,484 [pool-297-thread-1] INFO  storage.RaftStorage (RaftStorage.java:format(72)) - Storage directory /workdir/hadoop-ozone/ozonefs/target/test-dir/MiniOzoneClusterImpl-e438aa53-7451-4657-98d5-9124de52335b/datanode-2/data/ratis/a4cdcb1c-3040-447f-b1cf-5ed9131a5fee has been successfully formatted.
2019-09-25 06:10:15,484 [pool-297-thread-1] INFO  ratis.ContainerStateMachine (ContainerStateMachine.java:loadSnapshot(230)) - group-5ED9131A5FEE: The snapshot info is null. Setting the last applied indexto:(t:0, i:~)
2019-09-25 06:10:15,484 [pool-297-thread-1] INFO  server.RaftServerConfigKeys (ConfUtils.java:logGet(43)) - raft.server.notification.no-leader.timeout = 120s (custom)
2019-09-25 06:10:15,484 [pool-297-thread-1] INFO  server.RaftServerConfigKeys (ConfUtils.java:logGet(43)) - raft.server.log.use.memory = false (default)
2019-09-25 06:10:15,485 [pool-297-thread-1] INFO  server.RaftServerConfigKeys (ConfUtils.java:logGet(43)) - raft.server.log.purge.gap = 1000000 (custom)
2019-09-25 06:10:15,485 [pool-297-thread-1] INFO  server.RaftServerConfigKeys (ConfUtils.java:logGet(43)) - raft.server.log.appender.buffer.byte-limit = 33554432 (custom)
2019-09-25 06:10:15,485 [pool-297-thread-1] INFO  server.RaftServerConfigKeys (ConfUtils.java:logGet(43)) - raft.server.log.segment.size.max = 1048576 (custom)
2019-09-25 06:10:15,485 [pool-297-thread-1] INFO  server.RaftServerConfigKeys (ConfUtils.java:logGet(43)) - raft.server.log.segment.cache.num.max = 2 (custom)
2019-09-25 06:10:15,485 [pool-297-thread-1] INFO  segmented.SegmentedRaftLogWorker (SegmentedRaftLogWorker.java:<init>(172)) - new e022f57c-d964-4025-961b-d778bc34271c@group-5ED9131A5FEE-SegmentedRaftLogWorker for RaftStorage:Storage Directory /workdir/hadoop-ozone/ozonefs/target/test-dir/MiniOzoneClusterImpl-e438aa53-7451-4657-98d5-9124de52335b/datanode-2/data/ratis/a4cdcb1c-3040-447f-b1cf-5ed9131a5fee
2019-09-25 06:10:15,485 [pool-297-thread-1] INFO  server.RaftServerConfigKeys (ConfUtils.java:logGet(43)) - raft.server.log.queue.byte-limit = 2147483647 (custom)
2019-09-25 06:10:15,485 [pool-297-thread-1] INFO  server.RaftServerConfigKeys (ConfUtils.java:logGet(43)) - raft.server.log.queue.element-limit = 1024 (custom)
2019-09-25 06:10:15,485 [pool-297-thread-1] INFO  server.RaftServerConfigKeys (ConfUtils.java:logGet(43)) - raft.server.log.segment.size.max = 1048576 (custom)
2019-09-25 06:10:15,485 [pool-297-thread-1] INFO  server.RaftServerConfigKeys (ConfUtils.java:logGet(43)) - raft.server.log.preallocated.size = 16384 (custom)
2019-09-25 06:10:15,485 [pool-297-thread-1] INFO  server.RaftServerConfigKeys (ConfUtils.java:logGet(43)) - raft.server.log.write.buffer.size = 33554432 (custom)
2019-09-25 06:10:15,485 [pool-297-thread-1] INFO  server.RaftServerConfigKeys (ConfUtils.java:logGet(43)) - raft.server.log.force.sync.num = 128 (default)
2019-09-25 06:10:15,486 [pool-297-thread-1] INFO  server.RaftServerConfigKeys (ConfUtils.java:logGet(43)) - raft.server.log.statemachine.data.sync = true (default)
2019-09-25 06:10:15,486 [pool-297-thread-1] INFO  server.RaftServerConfigKeys (ConfUtils.java:logGet(43)) - raft.server.log.statemachine.data.sync.timeout = 10s (default)
2019-09-25 06:10:15,486 [pool-297-thread-1] INFO  server.RaftServerConfigKeys (ConfUtils.java:logGet(43)) - raft.server.log.statemachine.data.sync.timeout.retry = -1 (default)
2019-09-25 06:10:15,486 [pool-297-thread-1] INFO  server.RaftServerConfigKeys (ConfUtils.java:logGet(43)) - raft.server.log.statemachine.data.caching.enabled = true (custom)
2019-09-25 06:10:15,486 [pool-297-thread-1] INFO  segmented.SegmentedRaftLogWorker (SegmentedRaftLogWorker.java:lambda$new$0(132)) - e022f57c-d964-4025-961b-d778bc34271c@group-5ED9131A5FEE-SegmentedRaftLogWorker: flushIndex: setUnconditionally 0 -> -1
2019-09-25 06:10:15,486 [pool-297-thread-1] INFO  server.RaftServerConfigKeys (ConfUtils.java:logGet(43)) - raft.server.snapshot.auto.trigger.enabled = true (custom)
2019-09-25 06:10:15,486 [pool-297-thread-1] INFO  server.RaftServerConfigKeys (ConfUtils.java:logGet(43)) - raft.server.snapshot.auto.trigger.threshold = 10000 (custom)
2019-09-25 06:10:15,487 [pool-297-thread-1] INFO  server.RaftServerConfigKeys (ConfUtils.java:logGet(43)) - raft.server.snapshot.retention.num.files = 5 (custom)
2019-09-25 06:10:15,487 [pool-297-thread-1] INFO  server.RaftServerConfigKeys (ConfUtils.java:logGet(43)) - raft.server.retrycache.expirytime = 600000ms (custom)
2019-09-25 06:10:15,488 [pool-297-thread-1] INFO  impl.RaftServerImpl (RaftServerImpl.java:start(185)) - e022f57c-d964-4025-961b-d778bc34271c@group-5ED9131A5FEE: start as a follower, conf=-1: [e022f57c-d964-4025-961b-d778bc34271c:192.168.164.207:33876], old=null
2019-09-25 06:10:15,488 [pool-297-thread-1] INFO  impl.RaftServerImpl (RaftServerImpl.java:setRole(174)) - e022f57c-d964-4025-961b-d778bc34271c@group-5ED9131A5FEE: changes role from      null to FOLLOWER at term 0 for startAsFollower
2019-09-25 06:10:15,488 [pool-297-thread-1] INFO  impl.RoleInfo (RoleInfo.java:updateAndGet(143)) - e022f57c-d964-4025-961b-d778bc34271c: start FollowerState
2019-09-25 06:10:15,489 [pool-297-thread-1] INFO  util.JmxRegister (JmxRegister.java:tryRegister(44)) - Successfully registered JMX Bean with object name Ratis:service=RaftServer,group=group-5ED9131A5FEE,id=e022f57c-d964-4025-961b-d778bc34271c
2019-09-25 06:10:15,493 [RatisPipelineUtilsThread] INFO  pipeline.PipelineStateManager (PipelineStateManager.java:addPipeline(56)) - Created pipeline Pipeline[ Id: a4cdcb1c-3040-447f-b1cf-5ed9131a5fee, Nodes: e022f57c-d964-4025-961b-d778bc34271c{ip: 192.168.164.207, host: pr-hdds-1569-s44lr-3492059363, networkLocation: /default-rack, certSerialId: null}, Type:RATIS, Factor:ONE, State:OPEN]
2019-09-25 06:10:15,494 [RatisPipelineUtilsThread] INFO  pipeline.PipelinePlacementPolicy (PipelinePlacementPolicy.java:meetCriteria(91)) - Pipeline Placement: can't place more pipeline on heavy datanode： cc5d4b6f-867d-404b-b47c-cb5df444b38b Heaviness: 6 limit: 5
2019-09-25 06:10:15,494 [RatisPipelineUtilsThread] INFO  pipeline.PipelinePlacementPolicy (PipelinePlacementPolicy.java:meetCriteria(91)) - Pipeline Placement: can't place more pipeline on heavy datanode： 096e6fc4-835c-4a45-ba0a-cde44f03dca5 Heaviness: 6 limit: 5
2019-09-25 06:10:15,502 [grpc-default-executor-0] INFO  impl.RaftServerProxy (RaftServerProxy.java:addNew(89)) - e022f57c-d964-4025-961b-d778bc34271c: addNew group-231F529D07C9:[e022f57c-d964-4025-961b-d778bc34271c:192.168.164.207:33876] returns group-231F529D07C9:java.util.concurrent.CompletableFuture@5f1ce044[Not completed]
2019-09-25 06:10:15,502 [pool-297-thread-1] INFO  impl.RaftServerImpl (RaftServerImpl.java:<init>(95)) - e022f57c-d964-4025-961b-d778bc34271c: new RaftServerImpl for group-231F529D07C9:[e022f57c-d964-4025-961b-d778bc34271c:192.168.164.207:33876] with ContainerStateMachine:uninitialized
2019-09-25 06:10:15,502 [pool-297-thread-1] INFO  server.RaftServerConfigKeys (ConfUtils.java:logGet(43)) - raft.server.rpc.timeout.min = 5s (custom)
2019-09-25 06:10:15,502 [pool-297-thread-1] INFO  server.RaftServerConfigKeys (ConfUtils.java:logGet(43)) - raft.server.rpc.timeout.max = 5200ms (custom)
2019-09-25 06:10:15,503 [pool-297-thread-1] INFO  server.RaftServerConfigKeys (ConfUtils.java:logGet(43)) - raft.server.rpcslowness.timeout = 120s (custom)
2019-09-25 06:10:15,503 [pool-297-thread-1] INFO  server.RaftServerConfigKeys (ConfUtils.java:logGet(43)) - raft.server.sleep.deviation.threshold = 300 (default)
2019-09-25 06:10:15,503 [pool-297-thread-1] INFO  server.RaftServerConfigKeys (ConfUtils.java:logGet(43)) - raft.server.log.appender.install.snapshot.enabled = false (custom)
2019-09-25 06:10:15,503 [pool-297-thread-1] INFO  impl.RaftServerImpl (ServerState.java:<init>(103)) - e022f57c-d964-4025-961b-d778bc34271c@group-231F529D07C9: ConfigurationManager, init=-1: [e022f57c-d964-4025-961b-d778bc34271c:192.168.164.207:33876], old=null, confs=<EMPTY_MAP>
2019-09-25 06:10:15,503 [pool-297-thread-1] INFO  server.RaftServerConfigKeys (ConfUtils.java:logGet(43)) - raft.server.storage.dir = [/workdir/hadoop-ozone/ozonefs/target/test-dir/MiniOzoneClusterImpl-e438aa53-7451-4657-98d5-9124de52335b/datanode-2/data/ratis] (custom)
2019-09-25 06:10:15,503 [pool-297-thread-1] INFO  storage.RaftStorageDirectory (RaftStorageDirectory.java:analyzeStorage(246)) - The storage directory /workdir/hadoop-ozone/ozonefs/target/test-dir/MiniOzoneClusterImpl-e438aa53-7451-4657-98d5-9124de52335b/datanode-2/data/ratis/3e288d36-d5d4-43dc-9911-231f529d07c9 does not exist. Creating ...
2019-09-25 06:10:15,516 [pool-297-thread-1] INFO  storage.RaftStorageDirectory (RaftStorageDirectory.java:tryLock(328)) - Lock on /workdir/hadoop-ozone/ozonefs/target/test-dir/MiniOzoneClusterImpl-e438aa53-7451-4657-98d5-9124de52335b/datanode-2/data/ratis/3e288d36-d5d4-43dc-9911-231f529d07c9/in_use.lock acquired by nodename 18406@pr-hdds-1569-s44lr-3492059363
2019-09-25 06:10:15,529 [pool-297-thread-1] INFO  storage.RaftStorage (RaftStorage.java:format(72)) - Storage directory /workdir/hadoop-ozone/ozonefs/target/test-dir/MiniOzoneClusterImpl-e438aa53-7451-4657-98d5-9124de52335b/datanode-2/data/ratis/3e288d36-d5d4-43dc-9911-231f529d07c9 has been successfully formatted.
2019-09-25 06:10:15,529 [pool-297-thread-1] INFO  ratis.ContainerStateMachine (ContainerStateMachine.java:loadSnapshot(230)) - group-231F529D07C9: The snapshot info is null. Setting the last applied indexto:(t:0, i:~)
2019-09-25 06:10:15,530 [pool-297-thread-1] INFO  server.RaftServerConfigKeys (ConfUtils.java:logGet(43)) - raft.server.notification.no-leader.timeout = 120s (custom)
2019-09-25 06:10:15,530 [pool-297-thread-1] INFO  server.RaftServerConfigKeys (ConfUtils.java:logGet(43)) - raft.server.log.use.memory = false (default)
2019-09-25 06:10:15,530 [pool-297-thread-1] INFO  server.RaftServerConfigKeys (ConfUtils.java:logGet(43)) - raft.server.log.purge.gap = 1000000 (custom)
2019-09-25 06:10:15,530 [pool-297-thread-1] INFO  server.RaftServerConfigKeys (ConfUtils.java:logGet(43)) - raft.server.log.appender.buffer.byte-limit = 33554432 (custom)
2019-09-25 06:10:15,530 [pool-297-thread-1] INFO  server.RaftServerConfigKeys (ConfUtils.java:logGet(43)) - raft.server.log.segment.size.max = 1048576 (custom)
2019-09-25 06:10:15,530 [pool-297-thread-1] INFO  server.RaftServerConfigKeys (ConfUtils.java:logGet(43)) - raft.server.log.segment.cache.num.max = 2 (custom)
2019-09-25 06:10:15,530 [pool-297-thread-1] INFO  segmented.SegmentedRaftLogWorker (SegmentedRaftLogWorker.java:<init>(172)) - new e022f57c-d964-4025-961b-d778bc34271c@group-231F529D07C9-SegmentedRaftLogWorker for RaftStorage:Storage Directory /workdir/hadoop-ozone/ozonefs/target/test-dir/MiniOzoneClusterImpl-e438aa53-7451-4657-98d5-9124de52335b/datanode-2/data/ratis/3e288d36-d5d4-43dc-9911-231f529d07c9
2019-09-25 06:10:15,530 [pool-297-thread-1] INFO  server.RaftServerConfigKeys (ConfUtils.java:logGet(43)) - raft.server.log.queue.byte-limit = 2147483647 (custom)
2019-09-25 06:10:15,530 [pool-297-thread-1] INFO  server.RaftServerConfigKeys (ConfUtils.java:logGet(43)) - raft.server.log.queue.element-limit = 1024 (custom)
2019-09-25 06:10:15,530 [pool-297-thread-1] INFO  server.RaftServerConfigKeys (ConfUtils.java:logGet(43)) - raft.server.log.segment.size.max = 1048576 (custom)
2019-09-25 06:10:15,531 [pool-297-thread-1] INFO  server.RaftServerConfigKeys (ConfUtils.java:logGet(43)) - raft.server.log.preallocated.size = 16384 (custom)
2019-09-25 06:10:15,531 [pool-297-thread-1] INFO  server.RaftServerConfigKeys (ConfUtils.java:logGet(43)) - raft.server.log.write.buffer.size = 33554432 (custom)
2019-09-25 06:10:15,531 [pool-297-thread-1] INFO  server.RaftServerConfigKeys (ConfUtils.java:logGet(43)) - raft.server.log.force.sync.num = 128 (default)
2019-09-25 06:10:15,531 [pool-297-thread-1] INFO  server.RaftServerConfigKeys (ConfUtils.java:logGet(43)) - raft.server.log.statemachine.data.sync = true (default)
2019-09-25 06:10:15,531 [pool-297-thread-1] INFO  server.RaftServerConfigKeys (ConfUtils.java:logGet(43)) - raft.server.log.statemachine.data.sync.timeout = 10s (default)
2019-09-25 06:10:15,531 [pool-297-thread-1] INFO  server.RaftServerConfigKeys (ConfUtils.java:logGet(43)) - raft.server.log.statemachine.data.sync.timeout.retry = -1 (default)
2019-09-25 06:10:15,531 [pool-297-thread-1] INFO  server.RaftServerConfigKeys (ConfUtils.java:logGet(43)) - raft.server.log.statemachine.data.caching.enabled = true (custom)
2019-09-25 06:10:15,531 [pool-297-thread-1] INFO  segmented.SegmentedRaftLogWorker (SegmentedRaftLogWorker.java:lambda$new$0(132)) - e022f57c-d964-4025-961b-d778bc34271c@group-231F529D07C9-SegmentedRaftLogWorker: flushIndex: setUnconditionally 0 -> -1
2019-09-25 06:10:15,532 [pool-297-thread-1] INFO  server.RaftServerConfigKeys (ConfUtils.java:logGet(43)) - raft.server.snapshot.auto.trigger.enabled = true (custom)
2019-09-25 06:10:15,532 [pool-297-thread-1] INFO  server.RaftServerConfigKeys (ConfUtils.java:logGet(43)) - raft.server.snapshot.auto.trigger.threshold = 10000 (custom)
2019-09-25 06:10:15,532 [pool-297-thread-1] INFO  server.RaftServerConfigKeys (ConfUtils.java:logGet(43)) - raft.server.snapshot.retention.num.files = 5 (custom)
2019-09-25 06:10:15,532 [pool-297-thread-1] INFO  server.RaftServerConfigKeys (ConfUtils.java:logGet(43)) - raft.server.retrycache.expirytime = 600000ms (custom)
2019-09-25 06:10:15,533 [pool-297-thread-1] INFO  impl.RaftServerImpl (RaftServerImpl.java:start(185)) - e022f57c-d964-4025-961b-d778bc34271c@group-231F529D07C9: start as a follower, conf=-1: [e022f57c-d964-4025-961b-d778bc34271c:192.168.164.207:33876], old=null
2019-09-25 06:10:15,533 [pool-297-thread-1] INFO  impl.RaftServerImpl (RaftServerImpl.java:setRole(174)) - e022f57c-d964-4025-961b-d778bc34271c@group-231F529D07C9: changes role from      null to FOLLOWER at term 0 for startAsFollower
2019-09-25 06:10:15,533 [pool-297-thread-1] INFO  impl.RoleInfo (RoleInfo.java:updateAndGet(143)) - e022f57c-d964-4025-961b-d778bc34271c: start FollowerState
2019-09-25 06:10:15,533 [pool-297-thread-1] INFO  util.JmxRegister (JmxRegister.java:tryRegister(44)) - Successfully registered JMX Bean with object name Ratis:service=RaftServer,group=group-231F529D07C9,id=e022f57c-d964-4025-961b-d778bc34271c
2019-09-25 06:10:15,538 [RatisPipelineUtilsThread] INFO  pipeline.PipelineStateManager (PipelineStateManager.java:addPipeline(56)) - Created pipeline Pipeline[ Id: 3e288d36-d5d4-43dc-9911-231f529d07c9, Nodes: e022f57c-d964-4025-961b-d778bc34271c{ip: 192.168.164.207, host: pr-hdds-1569-s44lr-3492059363, networkLocation: /default-rack, certSerialId: null}, Type:RATIS, Factor:ONE, State:OPEN]
2019-09-25 06:10:15,539 [RatisPipelineUtilsThread] INFO  pipeline.PipelinePlacementPolicy (PipelinePlacementPolicy.java:meetCriteria(91)) - Pipeline Placement: can't place more pipeline on heavy datanode： e022f57c-d964-4025-961b-d778bc34271c Heaviness: 6 limit: 5
2019-09-25 06:10:15,539 [RatisPipelineUtilsThread] INFO  pipeline.PipelinePlacementPolicy (PipelinePlacementPolicy.java:meetCriteria(91)) - Pipeline Placement: can't place more pipeline on heavy datanode： cc5d4b6f-867d-404b-b47c-cb5df444b38b Heaviness: 6 limit: 5
2019-09-25 06:10:15,539 [RatisPipelineUtilsThread] INFO  pipeline.PipelinePlacementPolicy (PipelinePlacementPolicy.java:meetCriteria(91)) - Pipeline Placement: can't place more pipeline on heavy datanode： 096e6fc4-835c-4a45-ba0a-cde44f03dca5 Heaviness: 6 limit: 5
2019-09-25 06:10:15,540 [RatisPipelineUtilsThread] ERROR pipeline.PipelinePlacementPolicy (PipelinePlacementPolicy.java:filterViableNodes(148)) - Unable to find enough nodes that meet the criteria that cannot engage in more than 5 pipelines. Nodes required: 1 Found: 0, healthy nodes count inNodeManager: 3.
2019-09-25 06:10:15,540 [RatisPipelineUtilsThread] ERROR pipeline.SCMPipelineManager (SCMPipelineManager.java:createPipeline(167)) - Pipeline creation failed.
org.apache.hadoop.hdds.scm.exceptions.SCMException: Unable to find enough nodes that meet the criteria that cannot engage in more than 5 pipelines. Nodes required: 1 Found: 0, healthy nodes count inNodeManager: 3.
	at org.apache.hadoop.hdds.scm.pipeline.PipelinePlacementPolicy.filterViableNodes(PipelinePlacementPolicy.java:149)
	at org.apache.hadoop.hdds.scm.pipeline.PipelinePlacementPolicy.chooseDatanodes(PipelinePlacementPolicy.java:172)
	at org.apache.hadoop.hdds.scm.pipeline.RatisPipelineProvider.create(RatisPipelineProvider.java:93)
	at org.apache.hadoop.hdds.scm.pipeline.PipelineFactory.create(PipelineFactory.java:58)
	at org.apache.hadoop.hdds.scm.pipeline.SCMPipelineManager.createPipeline(SCMPipelineManager.java:155)
	at org.apache.hadoop.hdds.scm.pipeline.BackgroundPipelineCreator.createPipelines(BackgroundPipelineCreator.java:99)
	at java.util.concurrent.Executors$RunnableAdapter.call(Executors.java:511)
	at java.util.concurrent.FutureTask.run(FutureTask.java:266)
	at java.util.concurrent.ScheduledThreadPoolExecutor$ScheduledFutureTask.access$201(ScheduledThreadPoolExecutor.java:180)
	at java.util.concurrent.ScheduledThreadPoolExecutor$ScheduledFutureTask.run(ScheduledThreadPoolExecutor.java:293)
	at java.util.concurrent.ThreadPoolExecutor.runWorker(ThreadPoolExecutor.java:1149)
	at java.util.concurrent.ThreadPoolExecutor$Worker.run(ThreadPoolExecutor.java:624)
	at java.lang.Thread.run(Thread.java:748)
2019-09-25 06:10:15,540 [RatisPipelineUtilsThread] INFO  pipeline.PipelinePlacementPolicy (PipelinePlacementPolicy.java:meetCriteria(91)) - Pipeline Placement: can't place more pipeline on heavy datanode： e022f57c-d964-4025-961b-d778bc34271c Heaviness: 6 limit: 5
2019-09-25 06:10:15,540 [RatisPipelineUtilsThread] INFO  pipeline.PipelinePlacementPolicy (PipelinePlacementPolicy.java:meetCriteria(91)) - Pipeline Placement: can't place more pipeline on heavy datanode： cc5d4b6f-867d-404b-b47c-cb5df444b38b Heaviness: 6 limit: 5
2019-09-25 06:10:15,541 [RatisPipelineUtilsThread] INFO  pipeline.PipelinePlacementPolicy (PipelinePlacementPolicy.java:meetCriteria(91)) - Pipeline Placement: can't place more pipeline on heavy datanode： 096e6fc4-835c-4a45-ba0a-cde44f03dca5 Heaviness: 6 limit: 5
2019-09-25 06:10:15,541 [RatisPipelineUtilsThread] ERROR pipeline.PipelinePlacementPolicy (PipelinePlacementPolicy.java:filterViableNodes(148)) - Unable to find enough nodes that meet the criteria that cannot engage in more than 5 pipelines. Nodes required: 3 Found: 0, healthy nodes count inNodeManager: 3.
2019-09-25 06:10:15,541 [RatisPipelineUtilsThread] ERROR pipeline.SCMPipelineManager (SCMPipelineManager.java:createPipeline(167)) - Pipeline creation failed.
org.apache.hadoop.hdds.scm.exceptions.SCMException: Unable to find enough nodes that meet the criteria that cannot engage in more than 5 pipelines. Nodes required: 3 Found: 0, healthy nodes count inNodeManager: 3.
	at org.apache.hadoop.hdds.scm.pipeline.PipelinePlacementPolicy.filterViableNodes(PipelinePlacementPolicy.java:149)
	at org.apache.hadoop.hdds.scm.pipeline.PipelinePlacementPolicy.chooseDatanodes(PipelinePlacementPolicy.java:172)
	at org.apache.hadoop.hdds.scm.pipeline.RatisPipelineProvider.create(RatisPipelineProvider.java:93)
	at org.apache.hadoop.hdds.scm.pipeline.PipelineFactory.create(PipelineFactory.java:58)
	at org.apache.hadoop.hdds.scm.pipeline.SCMPipelineManager.createPipeline(SCMPipelineManager.java:155)
	at org.apache.hadoop.hdds.scm.pipeline.BackgroundPipelineCreator.createPipelines(BackgroundPipelineCreator.java:99)
	at java.util.concurrent.Executors$RunnableAdapter.call(Executors.java:511)
	at java.util.concurrent.FutureTask.run(FutureTask.java:266)
	at java.util.concurrent.ScheduledThreadPoolExecutor$ScheduledFutureTask.access$201(ScheduledThreadPoolExecutor.java:180)
	at java.util.concurrent.ScheduledThreadPoolExecutor$ScheduledFutureTask.run(ScheduledThreadPoolExecutor.java:293)
	at java.util.concurrent.ThreadPoolExecutor.runWorker(ThreadPoolExecutor.java:1149)
	at java.util.concurrent.ThreadPoolExecutor$Worker.run(ThreadPoolExecutor.java:624)
	at java.lang.Thread.run(Thread.java:748)
2019-09-25 06:10:15,541 [RatisPipelineUtilsThread] INFO  pipeline.PipelinePlacementPolicy (PipelinePlacementPolicy.java:meetCriteria(91)) - Pipeline Placement: can't place more pipeline on heavy datanode： e022f57c-d964-4025-961b-d778bc34271c Heaviness: 6 limit: 5
2019-09-25 06:10:15,542 [RatisPipelineUtilsThread] INFO  pipeline.PipelinePlacementPolicy (PipelinePlacementPolicy.java:meetCriteria(91)) - Pipeline Placement: can't place more pipeline on heavy datanode： cc5d4b6f-867d-404b-b47c-cb5df444b38b Heaviness: 6 limit: 5
2019-09-25 06:10:15,542 [RatisPipelineUtilsThread] INFO  pipeline.PipelinePlacementPolicy (PipelinePlacementPolicy.java:meetCriteria(91)) - Pipeline Placement: can't place more pipeline on heavy datanode： 096e6fc4-835c-4a45-ba0a-cde44f03dca5 Heaviness: 6 limit: 5
2019-09-25 06:10:15,542 [RatisPipelineUtilsThread] ERROR pipeline.PipelinePlacementPolicy (PipelinePlacementPolicy.java:filterViableNodes(148)) - Unable to find enough nodes that meet the criteria that cannot engage in more than 5 pipelines. Nodes required: 1 Found: 0, healthy nodes count inNodeManager: 3.
2019-09-25 06:10:15,542 [RatisPipelineUtilsThread] ERROR pipeline.SCMPipelineManager (SCMPipelineManager.java:createPipeline(167)) - Pipeline creation failed.
org.apache.hadoop.hdds.scm.exceptions.SCMException: Unable to find enough nodes that meet the criteria that cannot engage in more than 5 pipelines. Nodes required: 1 Found: 0, healthy nodes count inNodeManager: 3.
	at org.apache.hadoop.hdds.scm.pipeline.PipelinePlacementPolicy.filterViableNodes(PipelinePlacementPolicy.java:149)
	at org.apache.hadoop.hdds.scm.pipeline.PipelinePlacementPolicy.chooseDatanodes(PipelinePlacementPolicy.java:172)
	at org.apache.hadoop.hdds.scm.pipeline.RatisPipelineProvider.create(RatisPipelineProvider.java:93)
	at org.apache.hadoop.hdds.scm.pipeline.PipelineFactory.create(PipelineFactory.java:58)
	at org.apache.hadoop.hdds.scm.pipeline.SCMPipelineManager.createPipeline(SCMPipelineManager.java:155)
	at org.apache.hadoop.hdds.scm.pipeline.BackgroundPipelineCreator.createPipelines(BackgroundPipelineCreator.java:99)
	at org.apache.hadoop.hdds.scm.pipeline.BackgroundPipelineCreator.lambda$startFixedIntervalPipelineCreator$0(BackgroundPipelineCreator.java:70)
	at java.util.concurrent.Executors$RunnableAdapter.call(Executors.java:511)
	at java.util.concurrent.FutureTask.runAndReset(FutureTask.java:308)
	at java.util.concurrent.ScheduledThreadPoolExecutor$ScheduledFutureTask.access$301(ScheduledThreadPoolExecutor.java:180)
	at java.util.concurrent.ScheduledThreadPoolExecutor$ScheduledFutureTask.run(ScheduledThreadPoolExecutor.java:294)
	at java.util.concurrent.ThreadPoolExecutor.runWorker(ThreadPoolExecutor.java:1149)
	at java.util.concurrent.ThreadPoolExecutor$Worker.run(ThreadPoolExecutor.java:624)
	at java.lang.Thread.run(Thread.java:748)
2019-09-25 06:10:15,543 [RatisPipelineUtilsThread] INFO  pipeline.PipelinePlacementPolicy (PipelinePlacementPolicy.java:meetCriteria(91)) - Pipeline Placement: can't place more pipeline on heavy datanode： e022f57c-d964-4025-961b-d778bc34271c Heaviness: 6 limit: 5
2019-09-25 06:10:15,543 [RatisPipelineUtilsThread] INFO  pipeline.PipelinePlacementPolicy (PipelinePlacementPolicy.java:meetCriteria(91)) - Pipeline Placement: can't place more pipeline on heavy datanode： cc5d4b6f-867d-404b-b47c-cb5df444b38b Heaviness: 6 limit: 5
2019-09-25 06:10:15,543 [RatisPipelineUtilsThread] INFO  pipeline.PipelinePlacementPolicy (PipelinePlacementPolicy.java:meetCriteria(91)) - Pipeline Placement: can't place more pipeline on heavy datanode： 096e6fc4-835c-4a45-ba0a-cde44f03dca5 Heaviness: 6 limit: 5
2019-09-25 06:10:15,543 [RatisPipelineUtilsThread] ERROR pipeline.PipelinePlacementPolicy (PipelinePlacementPolicy.java:filterViableNodes(148)) - Unable to find enough nodes that meet the criteria that cannot engage in more than 5 pipelines. Nodes required: 3 Found: 0, healthy nodes count inNodeManager: 3.
2019-09-25 06:10:15,544 [RatisPipelineUtilsThread] ERROR pipeline.SCMPipelineManager (SCMPipelineManager.java:createPipeline(167)) - Pipeline creation failed.
org.apache.hadoop.hdds.scm.exceptions.SCMException: Unable to find enough nodes that meet the criteria that cannot engage in more than 5 pipelines. Nodes required: 3 Found: 0, healthy nodes count inNodeManager: 3.
	at org.apache.hadoop.hdds.scm.pipeline.PipelinePlacementPolicy.filterViableNodes(PipelinePlacementPolicy.java:149)
	at org.apache.hadoop.hdds.scm.pipeline.PipelinePlacementPolicy.chooseDatanodes(PipelinePlacementPolicy.java:172)
	at org.apache.hadoop.hdds.scm.pipeline.RatisPipelineProvider.create(RatisPipelineProvider.java:93)
	at org.apache.hadoop.hdds.scm.pipeline.PipelineFactory.create(PipelineFactory.java:58)
	at org.apache.hadoop.hdds.scm.pipeline.SCMPipelineManager.createPipeline(SCMPipelineManager.java:155)
	at org.apache.hadoop.hdds.scm.pipeline.BackgroundPipelineCreator.createPipelines(BackgroundPipelineCreator.java:99)
	at org.apache.hadoop.hdds.scm.pipeline.BackgroundPipelineCreator.lambda$startFixedIntervalPipelineCreator$0(BackgroundPipelineCreator.java:70)
	at java.util.concurrent.Executors$RunnableAdapter.call(Executors.java:511)
	at java.util.concurrent.FutureTask.runAndReset(FutureTask.java:308)
	at java.util.concurrent.ScheduledThreadPoolExecutor$ScheduledFutureTask.access$301(ScheduledThreadPoolExecutor.java:180)
	at java.util.concurrent.ScheduledThreadPoolExecutor$ScheduledFutureTask.run(ScheduledThreadPoolExecutor.java:294)
	at java.util.concurrent.ThreadPoolExecutor.runWorker(ThreadPoolExecutor.java:1149)
	at java.util.concurrent.ThreadPoolExecutor$Worker.run(ThreadPoolExecutor.java:624)
	at java.lang.Thread.run(Thread.java:748)
2019-09-25 06:10:15,697 [main] INFO  ozone.MiniOzoneClusterImpl (MiniOzoneClusterImpl.java:lambda$waitForClusterToBeReady$0(147)) - Cluster is ready. Got 3 of 3 DN Heartbeats.
2019-09-25 06:10:15,748 [main] INFO  rpc.RpcClient (RpcClient.java:createVolume(276)) - Creating Volume: rmbmiwnqqx, with user50940 as owner.
2019-09-25 06:10:15,752 [IPC Server handler 1 on 38746] INFO  volume.OMVolumeCreateRequest (OMVolumeCreateRequest.java:validateAndUpdateCache(189)) - created volume:rmbmiwnqqx for user:user50940
2019-09-25 06:10:15,800 [main] INFO  rpc.RpcClient (RpcClient.java:createBucket(415)) - Creating Bucket: rmbmiwnqqx/irmjsdqknf, with Versioning false and Storage Type set to DISK and Encryption set to false 
2019-09-25 06:10:15,888 [IPC Server handler 5 on 38989] INFO  pipeline.PipelinePlacementPolicy (PipelinePlacementPolicy.java:meetCriteria(91)) - Pipeline Placement: can't place more pipeline on heavy datanode： e022f57c-d964-4025-961b-d778bc34271c Heaviness: 6 limit: 5
2019-09-25 06:10:15,888 [IPC Server handler 5 on 38989] INFO  pipeline.PipelinePlacementPolicy (PipelinePlacementPolicy.java:meetCriteria(91)) - Pipeline Placement: can't place more pipeline on heavy datanode： cc5d4b6f-867d-404b-b47c-cb5df444b38b Heaviness: 6 limit: 5
2019-09-25 06:10:15,888 [IPC Server handler 5 on 38989] INFO  pipeline.PipelinePlacementPolicy (PipelinePlacementPolicy.java:meetCriteria(91)) - Pipeline Placement: can't place more pipeline on heavy datanode： 096e6fc4-835c-4a45-ba0a-cde44f03dca5 Heaviness: 6 limit: 5
2019-09-25 06:10:15,888 [IPC Server handler 5 on 38989] ERROR pipeline.PipelinePlacementPolicy (PipelinePlacementPolicy.java:filterViableNodes(148)) - Unable to find enough nodes that meet the criteria that cannot engage in more than 5 pipelines. Nodes required: 3 Found: 0, healthy nodes count inNodeManager: 3.
2019-09-25 06:10:15,889 [IPC Server handler 5 on 38989] ERROR pipeline.SCMPipelineManager (SCMPipelineManager.java:createPipeline(167)) - Pipeline creation failed.
org.apache.hadoop.hdds.scm.exceptions.SCMException: Unable to find enough nodes that meet the criteria that cannot engage in more than 5 pipelines. Nodes required: 3 Found: 0, healthy nodes count inNodeManager: 3.
	at org.apache.hadoop.hdds.scm.pipeline.PipelinePlacementPolicy.filterViableNodes(PipelinePlacementPolicy.java:149)
	at org.apache.hadoop.hdds.scm.pipeline.PipelinePlacementPolicy.chooseDatanodes(PipelinePlacementPolicy.java:172)
	at org.apache.hadoop.hdds.scm.pipeline.RatisPipelineProvider.create(RatisPipelineProvider.java:93)
	at org.apache.hadoop.hdds.scm.pipeline.PipelineFactory.create(PipelineFactory.java:58)
	at org.apache.hadoop.hdds.scm.pipeline.SCMPipelineManager.createPipeline(SCMPipelineManager.java:155)
	at org.apache.hadoop.hdds.scm.block.BlockManagerImpl.allocateBlock(BlockManagerImpl.java:190)
	at org.apache.hadoop.hdds.scm.server.SCMBlockProtocolServer.allocateBlock(SCMBlockProtocolServer.java:182)
	at org.apache.hadoop.ozone.protocolPB.ScmBlockLocationProtocolServerSideTranslatorPB.allocateScmBlock(ScmBlockLocationProtocolServerSideTranslatorPB.java:183)
	at org.apache.hadoop.ozone.protocolPB.ScmBlockLocationProtocolServerSideTranslatorPB.processMessage(ScmBlockLocationProtocolServerSideTranslatorPB.java:141)
	at org.apache.hadoop.ozone.protocolPB.ScmBlockLocationProtocolServerSideTranslatorPB.send(ScmBlockLocationProtocolServerSideTranslatorPB.java:116)
	at org.apache.hadoop.hdds.protocol.proto.ScmBlockLocationProtocolProtos$ScmBlockLocationProtocolService$2.callBlockingMethod(ScmBlockLocationProtocolProtos.java:13157)
	at org.apache.hadoop.ipc.ProtobufRpcEngine$Server$ProtoBufRpcInvoker.call(ProtobufRpcEngine.java:524)
	at org.apache.hadoop.ipc.RPC$Server.call(RPC.java:1025)
	at org.apache.hadoop.ipc.Server$RpcCall.run(Server.java:876)
	at org.apache.hadoop.ipc.Server$RpcCall.run(Server.java:822)
	at java.security.AccessController.doPrivileged(Native Method)
	at javax.security.auth.Subject.doAs(Subject.java:422)
	at org.apache.hadoop.security.UserGroupInformation.doAs(UserGroupInformation.java:1730)
	at org.apache.hadoop.ipc.Server$Handler.run(Server.java:2682)
2019-09-25 06:10:15,889 [IPC Server handler 5 on 38989] WARN  block.BlockManagerImpl (BlockManagerImpl.java:allocateBlock(192)) - Pipeline creation failed for type:RATIS factor:THREE. Retrying get pipelines call once.
org.apache.hadoop.hdds.scm.exceptions.SCMException: Unable to find enough nodes that meet the criteria that cannot engage in more than 5 pipelines. Nodes required: 3 Found: 0, healthy nodes count inNodeManager: 3.
	at org.apache.hadoop.hdds.scm.pipeline.PipelinePlacementPolicy.filterViableNodes(PipelinePlacementPolicy.java:149)
	at org.apache.hadoop.hdds.scm.pipeline.PipelinePlacementPolicy.chooseDatanodes(PipelinePlacementPolicy.java:172)
	at org.apache.hadoop.hdds.scm.pipeline.RatisPipelineProvider.create(RatisPipelineProvider.java:93)
	at org.apache.hadoop.hdds.scm.pipeline.PipelineFactory.create(PipelineFactory.java:58)
	at org.apache.hadoop.hdds.scm.pipeline.SCMPipelineManager.createPipeline(SCMPipelineManager.java:155)
	at org.apache.hadoop.hdds.scm.block.BlockManagerImpl.allocateBlock(BlockManagerImpl.java:190)
	at org.apache.hadoop.hdds.scm.server.SCMBlockProtocolServer.allocateBlock(SCMBlockProtocolServer.java:182)
	at org.apache.hadoop.ozone.protocolPB.ScmBlockLocationProtocolServerSideTranslatorPB.allocateScmBlock(ScmBlockLocationProtocolServerSideTranslatorPB.java:183)
	at org.apache.hadoop.ozone.protocolPB.ScmBlockLocationProtocolServerSideTranslatorPB.processMessage(ScmBlockLocationProtocolServerSideTranslatorPB.java:141)
	at org.apache.hadoop.ozone.protocolPB.ScmBlockLocationProtocolServerSideTranslatorPB.send(ScmBlockLocationProtocolServerSideTranslatorPB.java:116)
	at org.apache.hadoop.hdds.protocol.proto.ScmBlockLocationProtocolProtos$ScmBlockLocationProtocolService$2.callBlockingMethod(ScmBlockLocationProtocolProtos.java:13157)
	at org.apache.hadoop.ipc.ProtobufRpcEngine$Server$ProtoBufRpcInvoker.call(ProtobufRpcEngine.java:524)
	at org.apache.hadoop.ipc.RPC$Server.call(RPC.java:1025)
	at org.apache.hadoop.ipc.Server$RpcCall.run(Server.java:876)
	at org.apache.hadoop.ipc.Server$RpcCall.run(Server.java:822)
	at java.security.AccessController.doPrivileged(Native Method)
	at javax.security.auth.Subject.doAs(Subject.java:422)
	at org.apache.hadoop.security.UserGroupInformation.doAs(UserGroupInformation.java:1730)
	at org.apache.hadoop.ipc.Server$Handler.run(Server.java:2682)
2019-09-25 06:10:15,889 [IPC Server handler 5 on 38989] INFO  block.BlockManagerImpl (BlockManagerImpl.java:allocateBlock(198)) - Could not find available pipeline of type:RATIS and factor:THREE even after retrying
2019-09-25 06:10:15,890 [IPC Server handler 5 on 38989] ERROR block.BlockManagerImpl (BlockManagerImpl.java:allocateBlock(222)) - Unable to allocate a block for the size: 4194304, type: RATIS, factor: THREE
2019-09-25 06:10:15,897 [main] INFO  ozone.MiniOzoneClusterImpl (MiniOzoneClusterImpl.java:shutdown(314)) - Shutting down the Mini Ozone Cluster
2019-09-25 06:10:15,897 [main] INFO  ozone.MiniOzoneClusterImpl (MiniOzoneClusterImpl.java:stop(330)) - Stopping the Mini Ozone Cluster
2019-09-25 06:10:15,898 [main] INFO  ozone.MiniOzoneClusterImpl (MiniOzoneClusterImpl.java:stopOM(400)) - Stopping the OzoneManager
2019-09-25 06:10:15,898 [main] INFO  ipc.Server (Server.java:stop(3082)) - Stopping server on 38746
2019-09-25 06:10:15,902 [main] INFO  ratis.OzoneManagerDoubleBuffer (OzoneManagerDoubleBuffer.java:stop(248)) - Stopping OMDoubleBuffer flush thread
2019-09-25 06:10:15,902 [IPC Server listener on 38746] INFO  ipc.Server (Server.java:run(1185)) - Stopping IPC Server listener on 38746
2019-09-25 06:10:15,903 [OMDoubleBufferFlushThread] INFO  ratis.OzoneManagerDoubleBuffer (OzoneManagerDoubleBuffer.java:flushTransactions(191)) - OMDoubleBuffer flush thread OMDoubleBufferFlushThread is interrupted and will exit. OMDoubleBufferFlushThread
2019-09-25 06:10:15,903 [IPC Server Responder] INFO  ipc.Server (Server.java:run(1319)) - Stopping IPC Server Responder
2019-09-25 06:10:15,904 [main] INFO  utils.BackgroundService (BackgroundService.java:shutdown(148)) - Shutting down service KeyDeletingService
2019-09-25 06:10:15,917 [main] INFO  handler.ContextHandler (ContextHandler.java:doStop(910)) - Stopped o.e.j.w.WebAppContext@391d1e33{/,null,UNAVAILABLE}{/ozoneManager}
2019-09-25 06:10:15,918 [main] INFO  server.AbstractConnector (AbstractConnector.java:doStop(318)) - Stopped ServerConnector@66f16742{HTTP/1.1,[http/1.1]}{0.0.0.0:0}
2019-09-25 06:10:15,919 [main] INFO  handler.ContextHandler (ContextHandler.java:doStop(910)) - Stopped o.e.j.s.ServletContextHandler@2c6c302f{/static,jar:file:/home/user/.m2/repository/org/apache/hadoop/hadoop-ozone-ozone-manager/0.5.0-SNAPSHOT/hadoop-ozone-ozone-manager-0.5.0-SNAPSHOT.jar!/webapps/static,UNAVAILABLE}
2019-09-25 06:10:15,919 [main] INFO  handler.ContextHandler (ContextHandler.java:doStop(910)) - Stopped o.e.j.s.ServletContextHandler@1e6060f1{/logs,file:///workdir/hadoop-ozone/ozonefs/target/log,UNAVAILABLE}
2019-09-25 06:10:15,921 [main] INFO  ozone.MiniOzoneClusterImpl (MiniOzoneClusterImpl.java:stopDatanodes(377)) - Stopping the HddsDatanodes
2019-09-25 06:10:16,536 [Datanode State Machine Thread - 0] INFO  statemachine.DatanodeStateMachine (DatanodeStateMachine.java:lambda$startDaemon$0(350)) - Ozone container server started.
2019-09-25 06:10:16,623 [Datanode State Machine Thread - 0] INFO  statemachine.DatanodeStateMachine (DatanodeStateMachine.java:lambda$startDaemon$0(350)) - Ozone container server started.
2019-09-25 06:10:17,544 [Thread-1309] INFO  container.ReplicationManager (ReplicationManager.java:start(163)) - Starting Replication Monitor Thread.
2019-09-25 06:10:17,547 [ReplicationMonitor] INFO  container.ReplicationManager (ReplicationManager.java:run(226)) - Replication Monitor Thread took 0 milliseconds for processing 0 containers.
2019-09-25 06:10:19,711 [Thread-1311] INFO  impl.FollowerState (FollowerState.java:run(106)) - 096e6fc4-835c-4a45-ba0a-cde44f03dca5:group-9C13403D1361 changes to CANDIDATE, lastRpcTime:5040, electionTimeout:5040ms
2019-09-25 06:10:19,712 [Thread-1311] INFO  impl.RoleInfo (RoleInfo.java:shutdownFollowerState(121)) - 096e6fc4-835c-4a45-ba0a-cde44f03dca5: shutdown FollowerState
2019-09-25 06:10:19,712 [Thread-1311] INFO  impl.RaftServerImpl (RaftServerImpl.java:setRole(174)) - 096e6fc4-835c-4a45-ba0a-cde44f03dca5@group-9C13403D1361: changes role from  FOLLOWER to CANDIDATE at term 0 for changeToCandidate
2019-09-25 06:10:19,712 [Thread-1311] INFO  impl.RoleInfo (RoleInfo.java:updateAndGet(143)) - 096e6fc4-835c-4a45-ba0a-cde44f03dca5: start LeaderElection
2019-09-25 06:10:19,730 [096e6fc4-835c-4a45-ba0a-cde44f03dca5@group-9C13403D1361:LeaderElection48] INFO  impl.LeaderElection (LeaderElection.java:askForVotes(182)) - 096e6fc4-835c-4a45-ba0a-cde44f03dca5@group-9C13403D1361:LeaderElection48: begin an election at term 1 for -1: [096e6fc4-835c-4a45-ba0a-cde44f03dca5:192.168.164.207:42535], old=null
2019-09-25 06:10:19,730 [096e6fc4-835c-4a45-ba0a-cde44f03dca5@group-9C13403D1361:LeaderElection48] INFO  impl.RoleInfo (RoleInfo.java:shutdownLeaderElection(134)) - 096e6fc4-835c-4a45-ba0a-cde44f03dca5: shutdown LeaderElection
2019-09-25 06:10:19,731 [096e6fc4-835c-4a45-ba0a-cde44f03dca5@group-9C13403D1361:LeaderElection48] INFO  impl.RaftServerImpl (RaftServerImpl.java:setRole(174)) - 096e6fc4-835c-4a45-ba0a-cde44f03dca5@group-9C13403D1361: changes role from CANDIDATE to LEADER at term 1 for changeToLeader
2019-09-25 06:10:19,731 [096e6fc4-835c-4a45-ba0a-cde44f03dca5@group-9C13403D1361:LeaderElection48] INFO  impl.RaftServerImpl (ServerState.java:setLeader(253)) - 096e6fc4-835c-4a45-ba0a-cde44f03dca5@group-9C13403D1361: change Leader from null to 096e6fc4-835c-4a45-ba0a-cde44f03dca5 at term 1 for becomeLeader, leader elected after 5065ms
2019-09-25 06:10:19,733 [096e6fc4-835c-4a45-ba0a-cde44f03dca5@group-9C13403D1361:LeaderElection48] INFO  server.RaftServerConfigKeys (ConfUtils.java:logGet(43)) - raft.server.staging.catchup.gap = 1000 (default)
2019-09-25 06:10:19,733 [096e6fc4-835c-4a45-ba0a-cde44f03dca5@group-9C13403D1361:LeaderElection48] INFO  server.RaftServerConfigKeys (ConfUtils.java:logGet(43)) - raft.server.rpc.sleep.time = 25ms (default)
2019-09-25 06:10:19,733 [096e6fc4-835c-4a45-ba0a-cde44f03dca5@group-9C13403D1361:LeaderElection48] INFO  server.RaftServerConfigKeys (ConfUtils.java:logGet(43)) - raft.server.write.element-limit = 4096 (default)
2019-09-25 06:10:19,733 [096e6fc4-835c-4a45-ba0a-cde44f03dca5@group-9C13403D1361:LeaderElection48] INFO  server.RaftServerConfigKeys (ConfUtils.java:logGet(43)) - raft.server.watch.timeout = 10s (default)
2019-09-25 06:10:19,733 [096e6fc4-835c-4a45-ba0a-cde44f03dca5@group-9C13403D1361:LeaderElection48] INFO  server.RaftServerConfigKeys (ConfUtils.java:logGet(43)) - raft.server.watch.timeout.denomination = 1s (default)
2019-09-25 06:10:19,733 [096e6fc4-835c-4a45-ba0a-cde44f03dca5@group-9C13403D1361:LeaderElection48] INFO  server.RaftServerConfigKeys (ConfUtils.java:logGet(43)) - raft.server.watch.element-limit = 65536 (default)
2019-09-25 06:10:19,735 [096e6fc4-835c-4a45-ba0a-cde44f03dca5@group-9C13403D1361:LeaderElection48] INFO  impl.RoleInfo (RoleInfo.java:updateAndGet(143)) - 096e6fc4-835c-4a45-ba0a-cde44f03dca5: start LeaderState
2019-09-25 06:10:19,735 [096e6fc4-835c-4a45-ba0a-cde44f03dca5@group-9C13403D1361:LeaderElection48] INFO  segmented.SegmentedRaftLogWorker (SegmentedRaftLogWorker.java:startLogSegment(380)) - 096e6fc4-835c-4a45-ba0a-cde44f03dca5@group-9C13403D1361-SegmentedRaftLogWorker: Starting segment from index:0
2019-09-25 06:10:19,735 [096e6fc4-835c-4a45-ba0a-cde44f03dca5@group-9C13403D1361:LeaderElection48] INFO  impl.RaftServerImpl (ServerState.java:setRaftConf(354)) - 096e6fc4-835c-4a45-ba0a-cde44f03dca5@group-9C13403D1361: set configuration 0: [096e6fc4-835c-4a45-ba0a-cde44f03dca5:192.168.164.207:42535], old=null at 0
2019-09-25 06:10:19,774 [096e6fc4-835c-4a45-ba0a-cde44f03dca5@group-9C13403D1361-SegmentedRaftLogWorker] INFO  segmented.SegmentedRaftLogWorker (SegmentedRaftLogWorker.java:execute(569)) - 096e6fc4-835c-4a45-ba0a-cde44f03dca5@group-9C13403D1361-SegmentedRaftLogWorker: created new log segment /workdir/hadoop-ozone/ozonefs/target/test-dir/MiniOzoneClusterImpl-e438aa53-7451-4657-98d5-9124de52335b/datanode-0/data/ratis/99413b11-3415-4760-b2a3-9c13403d1361/current/log_inprogress_0
2019-09-25 06:10:19,908 [Thread-1314] INFO  impl.FollowerState (FollowerState.java:run(106)) - cc5d4b6f-867d-404b-b47c-cb5df444b38b:group-51AD166C9C6E changes to CANDIDATE, lastRpcTime:5154, electionTimeout:5154ms
2019-09-25 06:10:19,908 [Thread-1314] INFO  impl.RoleInfo (RoleInfo.java:shutdownFollowerState(121)) - cc5d4b6f-867d-404b-b47c-cb5df444b38b: shutdown FollowerState
2019-09-25 06:10:19,909 [Thread-1314] INFO  impl.RaftServerImpl (RaftServerImpl.java:setRole(174)) - cc5d4b6f-867d-404b-b47c-cb5df444b38b@group-51AD166C9C6E: changes role from  FOLLOWER to CANDIDATE at term 0 for changeToCandidate
2019-09-25 06:10:19,909 [Thread-1314] INFO  impl.RoleInfo (RoleInfo.java:updateAndGet(143)) - cc5d4b6f-867d-404b-b47c-cb5df444b38b: start LeaderElection
2019-09-25 06:10:19,917 [Thread-1317] INFO  impl.FollowerState (FollowerState.java:run(106)) - cc5d4b6f-867d-404b-b47c-cb5df444b38b:group-15A9184575F8 changes to CANDIDATE, lastRpcTime:5115, electionTimeout:5115ms
2019-09-25 06:10:19,918 [Thread-1317] INFO  impl.RoleInfo (RoleInfo.java:shutdownFollowerState(121)) - cc5d4b6f-867d-404b-b47c-cb5df444b38b: shutdown FollowerState
2019-09-25 06:10:19,918 [Thread-1317] INFO  impl.RaftServerImpl (RaftServerImpl.java:setRole(174)) - cc5d4b6f-867d-404b-b47c-cb5df444b38b@group-15A9184575F8: changes role from  FOLLOWER to CANDIDATE at term 0 for changeToCandidate
2019-09-25 06:10:19,918 [Thread-1317] INFO  impl.RoleInfo (RoleInfo.java:updateAndGet(143)) - cc5d4b6f-867d-404b-b47c-cb5df444b38b: start LeaderElection
2019-09-25 06:10:19,960 [Thread-1326] INFO  impl.FollowerState (FollowerState.java:run(106)) - cc5d4b6f-867d-404b-b47c-cb5df444b38b:group-A0C17E3C5848 changes to CANDIDATE, lastRpcTime:5014, electionTimeout:5014ms
2019-09-25 06:10:19,960 [Thread-1326] INFO  impl.RoleInfo (RoleInfo.java:shutdownFollowerState(121)) - cc5d4b6f-867d-404b-b47c-cb5df444b38b: shutdown FollowerState
2019-09-25 06:10:19,960 [Thread-1326] INFO  impl.RaftServerImpl (RaftServerImpl.java:setRole(174)) - cc5d4b6f-867d-404b-b47c-cb5df444b38b@group-A0C17E3C5848: changes role from  FOLLOWER to CANDIDATE at term 0 for changeToCandidate
2019-09-25 06:10:19,961 [Thread-1326] INFO  impl.RoleInfo (RoleInfo.java:updateAndGet(143)) - cc5d4b6f-867d-404b-b47c-cb5df444b38b: start LeaderElection
2019-09-25 06:10:19,973 [Thread-1320] INFO  impl.FollowerState (FollowerState.java:run(106)) - cc5d4b6f-867d-404b-b47c-cb5df444b38b:group-3D947F716634 changes to CANDIDATE, lastRpcTime:5117, electionTimeout:5117ms
2019-09-25 06:10:19,973 [Thread-1320] INFO  impl.RoleInfo (RoleInfo.java:shutdownFollowerState(121)) - cc5d4b6f-867d-404b-b47c-cb5df444b38b: shutdown FollowerState
2019-09-25 06:10:19,974 [Thread-1320] INFO  impl.RaftServerImpl (RaftServerImpl.java:setRole(174)) - cc5d4b6f-867d-404b-b47c-cb5df444b38b@group-3D947F716634: changes role from  FOLLOWER to CANDIDATE at term 0 for changeToCandidate
2019-09-25 06:10:19,974 [Thread-1320] INFO  impl.RoleInfo (RoleInfo.java:updateAndGet(143)) - cc5d4b6f-867d-404b-b47c-cb5df444b38b: start LeaderElection
2019-09-25 06:10:20,020 [Thread-1323] INFO  impl.FollowerState (FollowerState.java:run(106)) - 096e6fc4-835c-4a45-ba0a-cde44f03dca5:group-397AA8283B4C changes to CANDIDATE, lastRpcTime:5119, electionTimeout:5119ms
2019-09-25 06:10:20,020 [Thread-1323] INFO  impl.RoleInfo (RoleInfo.java:shutdownFollowerState(121)) - 096e6fc4-835c-4a45-ba0a-cde44f03dca5: shutdown FollowerState
2019-09-25 06:10:20,020 [Thread-1323] INFO  impl.RaftServerImpl (RaftServerImpl.java:setRole(174)) - 096e6fc4-835c-4a45-ba0a-cde44f03dca5@group-397AA8283B4C: changes role from  FOLLOWER to CANDIDATE at term 0 for changeToCandidate
2019-09-25 06:10:20,020 [Thread-1323] INFO  impl.RoleInfo (RoleInfo.java:updateAndGet(143)) - 096e6fc4-835c-4a45-ba0a-cde44f03dca5: start LeaderElection
2019-09-25 06:10:20,078 [Thread-1329] INFO  impl.FollowerState (FollowerState.java:run(106)) - e022f57c-d964-4025-961b-d778bc34271c:group-B8E0A5B84A99 changes to CANDIDATE, lastRpcTime:5085, electionTimeout:5085ms
2019-09-25 06:10:20,079 [Thread-1329] INFO  impl.RoleInfo (RoleInfo.java:shutdownFollowerState(121)) - e022f57c-d964-4025-961b-d778bc34271c: shutdown FollowerState
2019-09-25 06:10:20,079 [Thread-1329] INFO  impl.RaftServerImpl (RaftServerImpl.java:setRole(174)) - e022f57c-d964-4025-961b-d778bc34271c@group-B8E0A5B84A99: changes role from  FOLLOWER to CANDIDATE at term 0 for changeToCandidate
2019-09-25 06:10:20,079 [Thread-1329] INFO  impl.RoleInfo (RoleInfo.java:updateAndGet(143)) - e022f57c-d964-4025-961b-d778bc34271c: start LeaderElection
2019-09-25 06:10:20,113 [cc5d4b6f-867d-404b-b47c-cb5df444b38b@group-51AD166C9C6E:LeaderElection49] INFO  impl.LeaderElection (LeaderElection.java:askForVotes(182)) - cc5d4b6f-867d-404b-b47c-cb5df444b38b@group-51AD166C9C6E:LeaderElection49: begin an election at term 1 for -1: [cc5d4b6f-867d-404b-b47c-cb5df444b38b:192.168.164.207:43456], old=null
2019-09-25 06:10:20,113 [cc5d4b6f-867d-404b-b47c-cb5df444b38b@group-15A9184575F8:LeaderElection50] INFO  impl.LeaderElection (LeaderElection.java:askForVotes(182)) - cc5d4b6f-867d-404b-b47c-cb5df444b38b@group-15A9184575F8:LeaderElection50: begin an election at term 1 for -1: [cc5d4b6f-867d-404b-b47c-cb5df444b38b:192.168.164.207:43456], old=null
2019-09-25 06:10:20,113 [cc5d4b6f-867d-404b-b47c-cb5df444b38b@group-51AD166C9C6E:LeaderElection49] INFO  impl.RoleInfo (RoleInfo.java:shutdownLeaderElection(134)) - cc5d4b6f-867d-404b-b47c-cb5df444b38b: shutdown LeaderElection
2019-09-25 06:10:20,113 [cc5d4b6f-867d-404b-b47c-cb5df444b38b@group-15A9184575F8:LeaderElection50] INFO  impl.RoleInfo (RoleInfo.java:shutdownLeaderElection(134)) - cc5d4b6f-867d-404b-b47c-cb5df444b38b: shutdown LeaderElection
2019-09-25 06:10:20,113 [cc5d4b6f-867d-404b-b47c-cb5df444b38b@group-51AD166C9C6E:LeaderElection49] INFO  impl.RaftServerImpl (RaftServerImpl.java:setRole(174)) - cc5d4b6f-867d-404b-b47c-cb5df444b38b@group-51AD166C9C6E: changes role from CANDIDATE to LEADER at term 1 for changeToLeader
2019-09-25 06:10:20,113 [cc5d4b6f-867d-404b-b47c-cb5df444b38b@group-15A9184575F8:LeaderElection50] INFO  impl.RaftServerImpl (RaftServerImpl.java:setRole(174)) - cc5d4b6f-867d-404b-b47c-cb5df444b38b@group-15A9184575F8: changes role from CANDIDATE to LEADER at term 1 for changeToLeader
2019-09-25 06:10:20,113 [cc5d4b6f-867d-404b-b47c-cb5df444b38b@group-51AD166C9C6E:LeaderElection49] INFO  impl.RaftServerImpl (ServerState.java:setLeader(253)) - cc5d4b6f-867d-404b-b47c-cb5df444b38b@group-51AD166C9C6E: change Leader from null to cc5d4b6f-867d-404b-b47c-cb5df444b38b at term 1 for becomeLeader, leader elected after 5366ms
2019-09-25 06:10:20,113 [cc5d4b6f-867d-404b-b47c-cb5df444b38b@group-15A9184575F8:LeaderElection50] INFO  impl.RaftServerImpl (ServerState.java:setLeader(253)) - cc5d4b6f-867d-404b-b47c-cb5df444b38b@group-15A9184575F8: change Leader from null to cc5d4b6f-867d-404b-b47c-cb5df444b38b at term 1 for becomeLeader, leader elected after 5317ms
2019-09-25 06:10:20,114 [cc5d4b6f-867d-404b-b47c-cb5df444b38b@group-51AD166C9C6E:LeaderElection49] INFO  server.RaftServerConfigKeys (ConfUtils.java:logGet(43)) - raft.server.staging.catchup.gap = 1000 (default)
2019-09-25 06:10:20,114 [cc5d4b6f-867d-404b-b47c-cb5df444b38b@group-15A9184575F8:LeaderElection50] INFO  server.RaftServerConfigKeys (ConfUtils.java:logGet(43)) - raft.server.staging.catchup.gap = 1000 (default)
2019-09-25 06:10:20,114 [cc5d4b6f-867d-404b-b47c-cb5df444b38b@group-51AD166C9C6E:LeaderElection49] INFO  server.RaftServerConfigKeys (ConfUtils.java:logGet(43)) - raft.server.rpc.sleep.time = 25ms (default)
2019-09-25 06:10:20,114 [cc5d4b6f-867d-404b-b47c-cb5df444b38b@group-15A9184575F8:LeaderElection50] INFO  server.RaftServerConfigKeys (ConfUtils.java:logGet(43)) - raft.server.rpc.sleep.time = 25ms (default)
2019-09-25 06:10:20,114 [cc5d4b6f-867d-404b-b47c-cb5df444b38b@group-51AD166C9C6E:LeaderElection49] INFO  server.RaftServerConfigKeys (ConfUtils.java:logGet(43)) - raft.server.write.element-limit = 4096 (default)
2019-09-25 06:10:20,114 [cc5d4b6f-867d-404b-b47c-cb5df444b38b@group-15A9184575F8:LeaderElection50] INFO  server.RaftServerConfigKeys (ConfUtils.java:logGet(43)) - raft.server.write.element-limit = 4096 (default)
2019-09-25 06:10:20,114 [cc5d4b6f-867d-404b-b47c-cb5df444b38b@group-51AD166C9C6E:LeaderElection49] INFO  server.RaftServerConfigKeys (ConfUtils.java:logGet(43)) - raft.server.watch.timeout = 10s (default)
2019-09-25 06:10:20,114 [cc5d4b6f-867d-404b-b47c-cb5df444b38b@group-15A9184575F8:LeaderElection50] INFO  server.RaftServerConfigKeys (ConfUtils.java:logGet(43)) - raft.server.watch.timeout = 10s (default)
2019-09-25 06:10:20,115 [cc5d4b6f-867d-404b-b47c-cb5df444b38b@group-51AD166C9C6E:LeaderElection49] INFO  server.RaftServerConfigKeys (ConfUtils.java:logGet(43)) - raft.server.watch.timeout.denomination = 1s (default)
2019-09-25 06:10:20,115 [cc5d4b6f-867d-404b-b47c-cb5df444b38b@group-15A9184575F8:LeaderElection50] INFO  server.RaftServerConfigKeys (ConfUtils.java:logGet(43)) - raft.server.watch.timeout.denomination = 1s (default)
2019-09-25 06:10:20,115 [cc5d4b6f-867d-404b-b47c-cb5df444b38b@group-A0C17E3C5848:LeaderElection51] INFO  impl.LeaderElection (LeaderElection.java:askForVotes(182)) - cc5d4b6f-867d-404b-b47c-cb5df444b38b@group-A0C17E3C5848:LeaderElection51: begin an election at term 1 for -1: [cc5d4b6f-867d-404b-b47c-cb5df444b38b:192.168.164.207:43456], old=null
2019-09-25 06:10:20,115 [096e6fc4-835c-4a45-ba0a-cde44f03dca5@group-397AA8283B4C:LeaderElection53] INFO  impl.LeaderElection (LeaderElection.java:askForVotes(182)) - 096e6fc4-835c-4a45-ba0a-cde44f03dca5@group-397AA8283B4C:LeaderElection53: begin an election at term 1 for -1: [096e6fc4-835c-4a45-ba0a-cde44f03dca5:192.168.164.207:42535], old=null
2019-09-25 06:10:20,115 [e022f57c-d964-4025-961b-d778bc34271c@group-B8E0A5B84A99:LeaderElection54] INFO  impl.LeaderElection (LeaderElection.java:askForVotes(182)) - e022f57c-d964-4025-961b-d778bc34271c@group-B8E0A5B84A99:LeaderElection54: begin an election at term 1 for -1: [e022f57c-d964-4025-961b-d778bc34271c:192.168.164.207:33876], old=null
2019-09-25 06:10:20,115 [cc5d4b6f-867d-404b-b47c-cb5df444b38b@group-3D947F716634:LeaderElection52] INFO  impl.LeaderElection (LeaderElection.java:askForVotes(182)) - cc5d4b6f-867d-404b-b47c-cb5df444b38b@group-3D947F716634:LeaderElection52: begin an election at term 1 for -1: [cc5d4b6f-867d-404b-b47c-cb5df444b38b:192.168.164.207:43456], old=null
2019-09-25 06:10:20,115 [cc5d4b6f-867d-404b-b47c-cb5df444b38b@group-51AD166C9C6E:LeaderElection49] INFO  server.RaftServerConfigKeys (ConfUtils.java:logGet(43)) - raft.server.watch.element-limit = 65536 (default)
2019-09-25 06:10:20,115 [cc5d4b6f-867d-404b-b47c-cb5df444b38b@group-3D947F716634:LeaderElection52] INFO  impl.RoleInfo (RoleInfo.java:shutdownLeaderElection(134)) - cc5d4b6f-867d-404b-b47c-cb5df444b38b: shutdown LeaderElection
2019-09-25 06:10:20,115 [e022f57c-d964-4025-961b-d778bc34271c@group-B8E0A5B84A99:LeaderElection54] INFO  impl.RoleInfo (RoleInfo.java:shutdownLeaderElection(134)) - e022f57c-d964-4025-961b-d778bc34271c: shutdown LeaderElection
2019-09-25 06:10:20,115 [096e6fc4-835c-4a45-ba0a-cde44f03dca5@group-397AA8283B4C:LeaderElection53] INFO  impl.RoleInfo (RoleInfo.java:shutdownLeaderElection(134)) - 096e6fc4-835c-4a45-ba0a-cde44f03dca5: shutdown LeaderElection
2019-09-25 06:10:20,115 [cc5d4b6f-867d-404b-b47c-cb5df444b38b@group-A0C17E3C5848:LeaderElection51] INFO  impl.RoleInfo (RoleInfo.java:shutdownLeaderElection(134)) - cc5d4b6f-867d-404b-b47c-cb5df444b38b: shutdown LeaderElection
2019-09-25 06:10:20,115 [cc5d4b6f-867d-404b-b47c-cb5df444b38b@group-15A9184575F8:LeaderElection50] INFO  server.RaftServerConfigKeys (ConfUtils.java:logGet(43)) - raft.server.watch.element-limit = 65536 (default)
2019-09-25 06:10:20,116 [cc5d4b6f-867d-404b-b47c-cb5df444b38b@group-A0C17E3C5848:LeaderElection51] INFO  impl.RaftServerImpl (RaftServerImpl.java:setRole(174)) - cc5d4b6f-867d-404b-b47c-cb5df444b38b@group-A0C17E3C5848: changes role from CANDIDATE to LEADER at term 1 for changeToLeader
2019-09-25 06:10:20,116 [096e6fc4-835c-4a45-ba0a-cde44f03dca5@group-397AA8283B4C:LeaderElection53] INFO  impl.RaftServerImpl (RaftServerImpl.java:setRole(174)) - 096e6fc4-835c-4a45-ba0a-cde44f03dca5@group-397AA8283B4C: changes role from CANDIDATE to LEADER at term 1 for changeToLeader
2019-09-25 06:10:20,116 [e022f57c-d964-4025-961b-d778bc34271c@group-B8E0A5B84A99:LeaderElection54] INFO  impl.RaftServerImpl (RaftServerImpl.java:setRole(174)) - e022f57c-d964-4025-961b-d778bc34271c@group-B8E0A5B84A99: changes role from CANDIDATE to LEADER at term 1 for changeToLeader
2019-09-25 06:10:20,116 [cc5d4b6f-867d-404b-b47c-cb5df444b38b@group-3D947F716634:LeaderElection52] INFO  impl.RaftServerImpl (RaftServerImpl.java:setRole(174)) - cc5d4b6f-867d-404b-b47c-cb5df444b38b@group-3D947F716634: changes role from CANDIDATE to LEADER at term 1 for changeToLeader
2019-09-25 06:10:20,116 [e022f57c-d964-4025-961b-d778bc34271c@group-B8E0A5B84A99:LeaderElection54] INFO  impl.RaftServerImpl (ServerState.java:setLeader(253)) - e022f57c-d964-4025-961b-d778bc34271c@group-B8E0A5B84A99: change Leader from null to e022f57c-d964-4025-961b-d778bc34271c at term 1 for becomeLeader, leader elected after 5129ms
2019-09-25 06:10:20,116 [096e6fc4-835c-4a45-ba0a-cde44f03dca5@group-397AA8283B4C:LeaderElection53] INFO  impl.RaftServerImpl (ServerState.java:setLeader(253)) - 096e6fc4-835c-4a45-ba0a-cde44f03dca5@group-397AA8283B4C: change Leader from null to 096e6fc4-835c-4a45-ba0a-cde44f03dca5 at term 1 for becomeLeader, leader elected after 5219ms
2019-09-25 06:10:20,116 [cc5d4b6f-867d-404b-b47c-cb5df444b38b@group-A0C17E3C5848:LeaderElection51] INFO  impl.RaftServerImpl (ServerState.java:setLeader(253)) - cc5d4b6f-867d-404b-b47c-cb5df444b38b@group-A0C17E3C5848: change Leader from null to cc5d4b6f-867d-404b-b47c-cb5df444b38b at term 1 for becomeLeader, leader elected after 5175ms
2019-09-25 06:10:20,117 [096e6fc4-835c-4a45-ba0a-cde44f03dca5@group-397AA8283B4C:LeaderElection53] INFO  server.RaftServerConfigKeys (ConfUtils.java:logGet(43)) - raft.server.staging.catchup.gap = 1000 (default)
2019-09-25 06:10:20,117 [e022f57c-d964-4025-961b-d778bc34271c@group-B8E0A5B84A99:LeaderElection54] INFO  server.RaftServerConfigKeys (ConfUtils.java:logGet(43)) - raft.server.staging.catchup.gap = 1000 (default)
2019-09-25 06:10:20,116 [cc5d4b6f-867d-404b-b47c-cb5df444b38b@group-3D947F716634:LeaderElection52] INFO  impl.RaftServerImpl (ServerState.java:setLeader(253)) - cc5d4b6f-867d-404b-b47c-cb5df444b38b@group-3D947F716634: change Leader from null to cc5d4b6f-867d-404b-b47c-cb5df444b38b at term 1 for becomeLeader, leader elected after 5266ms
2019-09-25 06:10:20,117 [e022f57c-d964-4025-961b-d778bc34271c@group-B8E0A5B84A99:LeaderElection54] INFO  server.RaftServerConfigKeys (ConfUtils.java:logGet(43)) - raft.server.rpc.sleep.time = 25ms (default)
2019-09-25 06:10:20,117 [096e6fc4-835c-4a45-ba0a-cde44f03dca5@group-397AA8283B4C:LeaderElection53] INFO  server.RaftServerConfigKeys (ConfUtils.java:logGet(43)) - raft.server.rpc.sleep.time = 25ms (default)
2019-09-25 06:10:20,117 [cc5d4b6f-867d-404b-b47c-cb5df444b38b@group-A0C17E3C5848:LeaderElection51] INFO  server.RaftServerConfigKeys (ConfUtils.java:logGet(43)) - raft.server.staging.catchup.gap = 1000 (default)
2019-09-25 06:10:20,118 [096e6fc4-835c-4a45-ba0a-cde44f03dca5@group-397AA8283B4C:LeaderElection53] INFO  server.RaftServerConfigKeys (ConfUtils.java:logGet(43)) - raft.server.write.element-limit = 4096 (default)
2019-09-25 06:10:20,118 [e022f57c-d964-4025-961b-d778bc34271c@group-B8E0A5B84A99:LeaderElection54] INFO  server.RaftServerConfigKeys (ConfUtils.java:logGet(43)) - raft.server.write.element-limit = 4096 (default)
2019-09-25 06:10:20,117 [cc5d4b6f-867d-404b-b47c-cb5df444b38b@group-3D947F716634:LeaderElection52] INFO  server.RaftServerConfigKeys (ConfUtils.java:logGet(43)) - raft.server.staging.catchup.gap = 1000 (default)
2019-09-25 06:10:20,118 [e022f57c-d964-4025-961b-d778bc34271c@group-B8E0A5B84A99:LeaderElection54] INFO  server.RaftServerConfigKeys (ConfUtils.java:logGet(43)) - raft.server.watch.timeout = 10s (default)
2019-09-25 06:10:20,118 [096e6fc4-835c-4a45-ba0a-cde44f03dca5@group-397AA8283B4C:LeaderElection53] INFO  server.RaftServerConfigKeys (ConfUtils.java:logGet(43)) - raft.server.watch.timeout = 10s (default)
2019-09-25 06:10:20,118 [cc5d4b6f-867d-404b-b47c-cb5df444b38b@group-A0C17E3C5848:LeaderElection51] INFO  server.RaftServerConfigKeys (ConfUtils.java:logGet(43)) - raft.server.rpc.sleep.time = 25ms (default)
2019-09-25 06:10:20,118 [096e6fc4-835c-4a45-ba0a-cde44f03dca5@group-397AA8283B4C:LeaderElection53] INFO  server.RaftServerConfigKeys (ConfUtils.java:logGet(43)) - raft.server.watch.timeout.denomination = 1s (default)
2019-09-25 06:10:20,118 [e022f57c-d964-4025-961b-d778bc34271c@group-B8E0A5B84A99:LeaderElection54] INFO  server.RaftServerConfigKeys (ConfUtils.java:logGet(43)) - raft.server.watch.timeout.denomination = 1s (default)
2019-09-25 06:10:20,118 [cc5d4b6f-867d-404b-b47c-cb5df444b38b@group-51AD166C9C6E:LeaderElection49] INFO  impl.RoleInfo (RoleInfo.java:updateAndGet(143)) - cc5d4b6f-867d-404b-b47c-cb5df444b38b: start LeaderState
2019-09-25 06:10:20,118 [cc5d4b6f-867d-404b-b47c-cb5df444b38b@group-3D947F716634:LeaderElection52] INFO  server.RaftServerConfigKeys (ConfUtils.java:logGet(43)) - raft.server.rpc.sleep.time = 25ms (default)
2019-09-25 06:10:20,119 [e022f57c-d964-4025-961b-d778bc34271c@group-B8E0A5B84A99:LeaderElection54] INFO  server.RaftServerConfigKeys (ConfUtils.java:logGet(43)) - raft.server.watch.element-limit = 65536 (default)
2019-09-25 06:10:20,119 [096e6fc4-835c-4a45-ba0a-cde44f03dca5@group-397AA8283B4C:LeaderElection53] INFO  server.RaftServerConfigKeys (ConfUtils.java:logGet(43)) - raft.server.watch.element-limit = 65536 (default)
2019-09-25 06:10:20,119 [cc5d4b6f-867d-404b-b47c-cb5df444b38b@group-15A9184575F8:LeaderElection50] INFO  impl.RoleInfo (RoleInfo.java:updateAndGet(143)) - cc5d4b6f-867d-404b-b47c-cb5df444b38b: start LeaderState
2019-09-25 06:10:20,119 [cc5d4b6f-867d-404b-b47c-cb5df444b38b@group-A0C17E3C5848:LeaderElection51] INFO  server.RaftServerConfigKeys (ConfUtils.java:logGet(43)) - raft.server.write.element-limit = 4096 (default)
2019-09-25 06:10:20,119 [cc5d4b6f-867d-404b-b47c-cb5df444b38b@group-3D947F716634:LeaderElection52] INFO  server.RaftServerConfigKeys (ConfUtils.java:logGet(43)) - raft.server.write.element-limit = 4096 (default)
2019-09-25 06:10:20,119 [cc5d4b6f-867d-404b-b47c-cb5df444b38b@group-51AD166C9C6E:LeaderElection49] INFO  segmented.SegmentedRaftLogWorker (SegmentedRaftLogWorker.java:startLogSegment(380)) - cc5d4b6f-867d-404b-b47c-cb5df444b38b@group-51AD166C9C6E-SegmentedRaftLogWorker: Starting segment from index:0
2019-09-25 06:10:20,120 [cc5d4b6f-867d-404b-b47c-cb5df444b38b@group-3D947F716634:LeaderElection52] INFO  server.RaftServerConfigKeys (ConfUtils.java:logGet(43)) - raft.server.watch.timeout = 10s (default)
2019-09-25 06:10:20,120 [cc5d4b6f-867d-404b-b47c-cb5df444b38b@group-15A9184575F8:LeaderElection50] INFO  segmented.SegmentedRaftLogWorker (SegmentedRaftLogWorker.java:startLogSegment(380)) - cc5d4b6f-867d-404b-b47c-cb5df444b38b@group-15A9184575F8-SegmentedRaftLogWorker: Starting segment from index:0
2019-09-25 06:10:20,120 [cc5d4b6f-867d-404b-b47c-cb5df444b38b@group-A0C17E3C5848:LeaderElection51] INFO  server.RaftServerConfigKeys (ConfUtils.java:logGet(43)) - raft.server.watch.timeout = 10s (default)
2019-09-25 06:10:20,120 [cc5d4b6f-867d-404b-b47c-cb5df444b38b@group-3D947F716634:LeaderElection52] INFO  server.RaftServerConfigKeys (ConfUtils.java:logGet(43)) - raft.server.watch.timeout.denomination = 1s (default)
2019-09-25 06:10:20,120 [cc5d4b6f-867d-404b-b47c-cb5df444b38b@group-15A9184575F8:LeaderElection50] INFO  impl.RaftServerImpl (ServerState.java:setRaftConf(354)) - cc5d4b6f-867d-404b-b47c-cb5df444b38b@group-15A9184575F8: set configuration 0: [cc5d4b6f-867d-404b-b47c-cb5df444b38b:192.168.164.207:43456], old=null at 0
2019-09-25 06:10:20,120 [cc5d4b6f-867d-404b-b47c-cb5df444b38b@group-51AD166C9C6E:LeaderElection49] INFO  impl.RaftServerImpl (ServerState.java:setRaftConf(354)) - cc5d4b6f-867d-404b-b47c-cb5df444b38b@group-51AD166C9C6E: set configuration 0: [cc5d4b6f-867d-404b-b47c-cb5df444b38b:192.168.164.207:43456], old=null at 0
2019-09-25 06:10:20,120 [cc5d4b6f-867d-404b-b47c-cb5df444b38b@group-A0C17E3C5848:LeaderElection51] INFO  server.RaftServerConfigKeys (ConfUtils.java:logGet(43)) - raft.server.watch.timeout.denomination = 1s (default)
2019-09-25 06:10:20,121 [cc5d4b6f-867d-404b-b47c-cb5df444b38b@group-3D947F716634:LeaderElection52] INFO  server.RaftServerConfigKeys (ConfUtils.java:logGet(43)) - raft.server.watch.element-limit = 65536 (default)
2019-09-25 06:10:20,160 [cc5d4b6f-867d-404b-b47c-cb5df444b38b@group-A0C17E3C5848:LeaderElection51] INFO  server.RaftServerConfigKeys (ConfUtils.java:logGet(43)) - raft.server.watch.element-limit = 65536 (default)
2019-09-25 06:10:20,160 [e022f57c-d964-4025-961b-d778bc34271c@group-B8E0A5B84A99:LeaderElection54] INFO  impl.RoleInfo (RoleInfo.java:updateAndGet(143)) - e022f57c-d964-4025-961b-d778bc34271c: start LeaderState
2019-09-25 06:10:20,161 [e022f57c-d964-4025-961b-d778bc34271c@group-B8E0A5B84A99:LeaderElection54] INFO  segmented.SegmentedRaftLogWorker (SegmentedRaftLogWorker.java:startLogSegment(380)) - e022f57c-d964-4025-961b-d778bc34271c@group-B8E0A5B84A99-SegmentedRaftLogWorker: Starting segment from index:0
2019-09-25 06:10:20,161 [096e6fc4-835c-4a45-ba0a-cde44f03dca5@group-397AA8283B4C:LeaderElection53] INFO  impl.RoleInfo (RoleInfo.java:updateAndGet(143)) - 096e6fc4-835c-4a45-ba0a-cde44f03dca5: start LeaderState
2019-09-25 06:10:20,161 [096e6fc4-835c-4a45-ba0a-cde44f03dca5@group-397AA8283B4C:LeaderElection53] INFO  segmented.SegmentedRaftLogWorker (SegmentedRaftLogWorker.java:startLogSegment(380)) - 096e6fc4-835c-4a45-ba0a-cde44f03dca5@group-397AA8283B4C-SegmentedRaftLogWorker: Starting segment from index:0
2019-09-25 06:10:20,161 [cc5d4b6f-867d-404b-b47c-cb5df444b38b@group-15A9184575F8-SegmentedRaftLogWorker] INFO  segmented.SegmentedRaftLogWorker (SegmentedRaftLogWorker.java:execute(569)) - cc5d4b6f-867d-404b-b47c-cb5df444b38b@group-15A9184575F8-SegmentedRaftLogWorker: created new log segment /workdir/hadoop-ozone/ozonefs/target/test-dir/MiniOzoneClusterImpl-e438aa53-7451-4657-98d5-9124de52335b/datanode-1/data/ratis/6b5a4a3e-bffc-4a2c-97f1-15a9184575f8/current/log_inprogress_0
2019-09-25 06:10:20,161 [e022f57c-d964-4025-961b-d778bc34271c@group-B8E0A5B84A99:LeaderElection54] INFO  impl.RaftServerImpl (ServerState.java:setRaftConf(354)) - e022f57c-d964-4025-961b-d778bc34271c@group-B8E0A5B84A99: set configuration 0: [e022f57c-d964-4025-961b-d778bc34271c:192.168.164.207:33876], old=null at 0
2019-09-25 06:10:20,161 [cc5d4b6f-867d-404b-b47c-cb5df444b38b@group-51AD166C9C6E-SegmentedRaftLogWorker] INFO  segmented.SegmentedRaftLogWorker (SegmentedRaftLogWorker.java:execute(569)) - cc5d4b6f-867d-404b-b47c-cb5df444b38b@group-51AD166C9C6E-SegmentedRaftLogWorker: created new log segment /workdir/hadoop-ozone/ozonefs/target/test-dir/MiniOzoneClusterImpl-e438aa53-7451-4657-98d5-9124de52335b/datanode-1/data/ratis/b1934939-ae87-453e-b4df-51ad166c9c6e/current/log_inprogress_0
2019-09-25 06:10:20,162 [096e6fc4-835c-4a45-ba0a-cde44f03dca5@group-397AA8283B4C:LeaderElection53] INFO  impl.RaftServerImpl (ServerState.java:setRaftConf(354)) - 096e6fc4-835c-4a45-ba0a-cde44f03dca5@group-397AA8283B4C: set configuration 0: [096e6fc4-835c-4a45-ba0a-cde44f03dca5:192.168.164.207:42535], old=null at 0
2019-09-25 06:10:20,198 [cc5d4b6f-867d-404b-b47c-cb5df444b38b@group-3D947F716634:LeaderElection52] INFO  impl.RoleInfo (RoleInfo.java:updateAndGet(143)) - cc5d4b6f-867d-404b-b47c-cb5df444b38b: start LeaderState
2019-09-25 06:10:20,198 [cc5d4b6f-867d-404b-b47c-cb5df444b38b@group-A0C17E3C5848:LeaderElection51] INFO  impl.RoleInfo (RoleInfo.java:updateAndGet(143)) - cc5d4b6f-867d-404b-b47c-cb5df444b38b: start LeaderState
2019-09-25 06:10:20,198 [cc5d4b6f-867d-404b-b47c-cb5df444b38b@group-3D947F716634:LeaderElection52] INFO  segmented.SegmentedRaftLogWorker (SegmentedRaftLogWorker.java:startLogSegment(380)) - cc5d4b6f-867d-404b-b47c-cb5df444b38b@group-3D947F716634-SegmentedRaftLogWorker: Starting segment from index:0
2019-09-25 06:10:20,198 [cc5d4b6f-867d-404b-b47c-cb5df444b38b@group-A0C17E3C5848:LeaderElection51] INFO  segmented.SegmentedRaftLogWorker (SegmentedRaftLogWorker.java:startLogSegment(380)) - cc5d4b6f-867d-404b-b47c-cb5df444b38b@group-A0C17E3C5848-SegmentedRaftLogWorker: Starting segment from index:0
2019-09-25 06:10:20,198 [cc5d4b6f-867d-404b-b47c-cb5df444b38b@group-3D947F716634:LeaderElection52] INFO  impl.RaftServerImpl (ServerState.java:setRaftConf(354)) - cc5d4b6f-867d-404b-b47c-cb5df444b38b@group-3D947F716634: set configuration 0: [cc5d4b6f-867d-404b-b47c-cb5df444b38b:192.168.164.207:43456], old=null at 0
2019-09-25 06:10:20,225 [Thread-1338] INFO  impl.FollowerState (FollowerState.java:run(106)) - 096e6fc4-835c-4a45-ba0a-cde44f03dca5:group-90DA1DC3A47D changes to CANDIDATE, lastRpcTime:5071, electionTimeout:5067ms
2019-09-25 06:10:20,225 [096e6fc4-835c-4a45-ba0a-cde44f03dca5@group-397AA8283B4C-SegmentedRaftLogWorker] INFO  segmented.SegmentedRaftLogWorker (SegmentedRaftLogWorker.java:execute(569)) - 096e6fc4-835c-4a45-ba0a-cde44f03dca5@group-397AA8283B4C-SegmentedRaftLogWorker: created new log segment /workdir/hadoop-ozone/ozonefs/target/test-dir/MiniOzoneClusterImpl-e438aa53-7451-4657-98d5-9124de52335b/datanode-0/data/ratis/0f52ada0-d0ff-4c02-bae5-397aa8283b4c/current/log_inprogress_0
2019-09-25 06:10:20,225 [e022f57c-d964-4025-961b-d778bc34271c@group-B8E0A5B84A99-SegmentedRaftLogWorker] INFO  segmented.SegmentedRaftLogWorker (SegmentedRaftLogWorker.java:execute(569)) - e022f57c-d964-4025-961b-d778bc34271c@group-B8E0A5B84A99-SegmentedRaftLogWorker: created new log segment /workdir/hadoop-ozone/ozonefs/target/test-dir/MiniOzoneClusterImpl-e438aa53-7451-4657-98d5-9124de52335b/datanode-2/data/ratis/8691caa2-4ba6-4a7c-91d3-b8e0a5b84a99/current/log_inprogress_0
2019-09-25 06:10:20,225 [Thread-1341] INFO  impl.FollowerState (FollowerState.java:run(106)) - 096e6fc4-835c-4a45-ba0a-cde44f03dca5:group-AC73F6CCA985 changes to CANDIDATE, lastRpcTime:5024, electionTimeout:5022ms
2019-09-25 06:10:20,226 [Thread-1341] INFO  impl.RoleInfo (RoleInfo.java:shutdownFollowerState(121)) - 096e6fc4-835c-4a45-ba0a-cde44f03dca5: shutdown FollowerState
2019-09-25 06:10:20,226 [Thread-1341] INFO  impl.RaftServerImpl (RaftServerImpl.java:setRole(174)) - 096e6fc4-835c-4a45-ba0a-cde44f03dca5@group-AC73F6CCA985: changes role from  FOLLOWER to CANDIDATE at term 0 for changeToCandidate
2019-09-25 06:10:20,226 [Thread-1341] INFO  impl.RoleInfo (RoleInfo.java:updateAndGet(143)) - 096e6fc4-835c-4a45-ba0a-cde44f03dca5: start LeaderElection
2019-09-25 06:10:20,226 [cc5d4b6f-867d-404b-b47c-cb5df444b38b@group-A0C17E3C5848:LeaderElection51] INFO  impl.RaftServerImpl (ServerState.java:setRaftConf(354)) - cc5d4b6f-867d-404b-b47c-cb5df444b38b@group-A0C17E3C5848: set configuration 0: [cc5d4b6f-867d-404b-b47c-cb5df444b38b:192.168.164.207:43456], old=null at 0
2019-09-25 06:10:20,226 [Thread-1338] INFO  impl.RoleInfo (RoleInfo.java:shutdownFollowerState(121)) - 096e6fc4-835c-4a45-ba0a-cde44f03dca5: shutdown FollowerState
2019-09-25 06:10:20,248 [cc5d4b6f-867d-404b-b47c-cb5df444b38b@group-3D947F716634-SegmentedRaftLogWorker] INFO  segmented.SegmentedRaftLogWorker (SegmentedRaftLogWorker.java:execute(569)) - cc5d4b6f-867d-404b-b47c-cb5df444b38b@group-3D947F716634-SegmentedRaftLogWorker: created new log segment /workdir/hadoop-ozone/ozonefs/target/test-dir/MiniOzoneClusterImpl-e438aa53-7451-4657-98d5-9124de52335b/datanode-1/data/ratis/1b633829-713d-476e-bcac-3d947f716634/current/log_inprogress_0
2019-09-25 06:10:20,251 [Thread-1338] INFO  impl.RaftServerImpl (RaftServerImpl.java:setRole(174)) - 096e6fc4-835c-4a45-ba0a-cde44f03dca5@group-90DA1DC3A47D: changes role from  FOLLOWER to CANDIDATE at term 0 for changeToCandidate
2019-09-25 06:10:20,251 [Thread-1338] INFO  impl.RoleInfo (RoleInfo.java:updateAndGet(143)) - 096e6fc4-835c-4a45-ba0a-cde44f03dca5: start LeaderElection
2019-09-25 06:10:20,251 [Thread-1332] INFO  impl.FollowerState (FollowerState.java:run(106)) - cc5d4b6f-867d-404b-b47c-cb5df444b38b:group-9273CEF24262 changes to CANDIDATE, lastRpcTime:5196, electionTimeout:5196ms
2019-09-25 06:10:20,251 [Thread-1332] INFO  impl.RoleInfo (RoleInfo.java:shutdownFollowerState(121)) - cc5d4b6f-867d-404b-b47c-cb5df444b38b: shutdown FollowerState
2019-09-25 06:10:20,251 [Thread-1332] INFO  impl.RaftServerImpl (RaftServerImpl.java:setRole(174)) - cc5d4b6f-867d-404b-b47c-cb5df444b38b@group-9273CEF24262: changes role from  FOLLOWER to CANDIDATE at term 0 for changeToCandidate
2019-09-25 06:10:20,259 [Thread-1335] INFO  impl.FollowerState (FollowerState.java:run(106)) - cc5d4b6f-867d-404b-b47c-cb5df444b38b:group-6BDFBF63CCA8 changes to CANDIDATE, lastRpcTime:5145, electionTimeout:5139ms
2019-09-25 06:10:20,260 [Thread-1332] INFO  impl.RoleInfo (RoleInfo.java:updateAndGet(143)) - cc5d4b6f-867d-404b-b47c-cb5df444b38b: start LeaderElection
2019-09-25 06:10:20,260 [Thread-1335] INFO  impl.RoleInfo (RoleInfo.java:shutdownFollowerState(121)) - cc5d4b6f-867d-404b-b47c-cb5df444b38b: shutdown FollowerState
2019-09-25 06:10:20,260 [Thread-1335] INFO  impl.RaftServerImpl (RaftServerImpl.java:setRole(174)) - cc5d4b6f-867d-404b-b47c-cb5df444b38b@group-6BDFBF63CCA8: changes role from  FOLLOWER to CANDIDATE at term 0 for changeToCandidate
2019-09-25 06:10:20,260 [Thread-1335] INFO  impl.RoleInfo (RoleInfo.java:updateAndGet(143)) - cc5d4b6f-867d-404b-b47c-cb5df444b38b: start LeaderElection
2019-09-25 06:10:20,267 [cc5d4b6f-867d-404b-b47c-cb5df444b38b@group-A0C17E3C5848-SegmentedRaftLogWorker] INFO  segmented.SegmentedRaftLogWorker (SegmentedRaftLogWorker.java:execute(569)) - cc5d4b6f-867d-404b-b47c-cb5df444b38b@group-A0C17E3C5848-SegmentedRaftLogWorker: created new log segment /workdir/hadoop-ozone/ozonefs/target/test-dir/MiniOzoneClusterImpl-e438aa53-7451-4657-98d5-9124de52335b/datanode-1/data/ratis/8a5d89cd-86de-4d35-8617-a0c17e3c5848/current/log_inprogress_0
2019-09-25 06:10:20,268 [096e6fc4-835c-4a45-ba0a-cde44f03dca5@group-AC73F6CCA985:LeaderElection55] INFO  impl.LeaderElection (LeaderElection.java:askForVotes(182)) - 096e6fc4-835c-4a45-ba0a-cde44f03dca5@group-AC73F6CCA985:LeaderElection55: begin an election at term 1 for -1: [096e6fc4-835c-4a45-ba0a-cde44f03dca5:192.168.164.207:42535], old=null
2019-09-25 06:10:20,269 [096e6fc4-835c-4a45-ba0a-cde44f03dca5@group-AC73F6CCA985:LeaderElection55] INFO  impl.RoleInfo (RoleInfo.java:shutdownLeaderElection(134)) - 096e6fc4-835c-4a45-ba0a-cde44f03dca5: shutdown LeaderElection
2019-09-25 06:10:20,269 [096e6fc4-835c-4a45-ba0a-cde44f03dca5@group-AC73F6CCA985:LeaderElection55] INFO  impl.RaftServerImpl (RaftServerImpl.java:setRole(174)) - 096e6fc4-835c-4a45-ba0a-cde44f03dca5@group-AC73F6CCA985: changes role from CANDIDATE to LEADER at term 1 for changeToLeader
2019-09-25 06:10:20,269 [096e6fc4-835c-4a45-ba0a-cde44f03dca5@group-AC73F6CCA985:LeaderElection55] INFO  impl.RaftServerImpl (ServerState.java:setLeader(253)) - 096e6fc4-835c-4a45-ba0a-cde44f03dca5@group-AC73F6CCA985: change Leader from null to 096e6fc4-835c-4a45-ba0a-cde44f03dca5 at term 1 for becomeLeader, leader elected after 5071ms
2019-09-25 06:10:20,269 [096e6fc4-835c-4a45-ba0a-cde44f03dca5@group-AC73F6CCA985:LeaderElection55] INFO  server.RaftServerConfigKeys (ConfUtils.java:logGet(43)) - raft.server.staging.catchup.gap = 1000 (default)
2019-09-25 06:10:20,269 [096e6fc4-835c-4a45-ba0a-cde44f03dca5@group-AC73F6CCA985:LeaderElection55] INFO  server.RaftServerConfigKeys (ConfUtils.java:logGet(43)) - raft.server.rpc.sleep.time = 25ms (default)
2019-09-25 06:10:20,270 [096e6fc4-835c-4a45-ba0a-cde44f03dca5@group-AC73F6CCA985:LeaderElection55] INFO  server.RaftServerConfigKeys (ConfUtils.java:logGet(43)) - raft.server.write.element-limit = 4096 (default)
2019-09-25 06:10:20,270 [096e6fc4-835c-4a45-ba0a-cde44f03dca5@group-AC73F6CCA985:LeaderElection55] INFO  server.RaftServerConfigKeys (ConfUtils.java:logGet(43)) - raft.server.watch.timeout = 10s (default)
2019-09-25 06:10:20,270 [096e6fc4-835c-4a45-ba0a-cde44f03dca5@group-AC73F6CCA985:LeaderElection55] INFO  server.RaftServerConfigKeys (ConfUtils.java:logGet(43)) - raft.server.watch.timeout.denomination = 1s (default)
2019-09-25 06:10:20,270 [096e6fc4-835c-4a45-ba0a-cde44f03dca5@group-AC73F6CCA985:LeaderElection55] INFO  server.RaftServerConfigKeys (ConfUtils.java:logGet(43)) - raft.server.watch.element-limit = 65536 (default)
2019-09-25 06:10:20,271 [096e6fc4-835c-4a45-ba0a-cde44f03dca5@group-AC73F6CCA985:LeaderElection55] INFO  impl.RoleInfo (RoleInfo.java:updateAndGet(143)) - 096e6fc4-835c-4a45-ba0a-cde44f03dca5: start LeaderState
2019-09-25 06:10:20,271 [096e6fc4-835c-4a45-ba0a-cde44f03dca5@group-AC73F6CCA985:LeaderElection55] INFO  segmented.SegmentedRaftLogWorker (SegmentedRaftLogWorker.java:startLogSegment(380)) - 096e6fc4-835c-4a45-ba0a-cde44f03dca5@group-AC73F6CCA985-SegmentedRaftLogWorker: Starting segment from index:0
2019-09-25 06:10:20,272 [096e6fc4-835c-4a45-ba0a-cde44f03dca5@group-AC73F6CCA985:LeaderElection55] INFO  impl.RaftServerImpl (ServerState.java:setRaftConf(354)) - 096e6fc4-835c-4a45-ba0a-cde44f03dca5@group-AC73F6CCA985: set configuration 0: [096e6fc4-835c-4a45-ba0a-cde44f03dca5:192.168.164.207:42535], old=null at 0
2019-09-25 06:10:20,303 [cc5d4b6f-867d-404b-b47c-cb5df444b38b@group-6BDFBF63CCA8:LeaderElection58] INFO  impl.LeaderElection (LeaderElection.java:askForVotes(182)) - cc5d4b6f-867d-404b-b47c-cb5df444b38b@group-6BDFBF63CCA8:LeaderElection58: begin an election at term 1 for -1: [cc5d4b6f-867d-404b-b47c-cb5df444b38b:192.168.164.207:43456], old=null
2019-09-25 06:10:20,303 [cc5d4b6f-867d-404b-b47c-cb5df444b38b@group-9273CEF24262:LeaderElection57] INFO  impl.LeaderElection (LeaderElection.java:askForVotes(182)) - cc5d4b6f-867d-404b-b47c-cb5df444b38b@group-9273CEF24262:LeaderElection57: begin an election at term 1 for -1: [cc5d4b6f-867d-404b-b47c-cb5df444b38b:192.168.164.207:43456], old=null
2019-09-25 06:10:20,303 [096e6fc4-835c-4a45-ba0a-cde44f03dca5@group-90DA1DC3A47D:LeaderElection56] INFO  impl.LeaderElection (LeaderElection.java:askForVotes(182)) - 096e6fc4-835c-4a45-ba0a-cde44f03dca5@group-90DA1DC3A47D:LeaderElection56: begin an election at term 1 for -1: [096e6fc4-835c-4a45-ba0a-cde44f03dca5:192.168.164.207:42535], old=null
2019-09-25 06:10:20,304 [cc5d4b6f-867d-404b-b47c-cb5df444b38b@group-9273CEF24262:LeaderElection57] INFO  impl.RoleInfo (RoleInfo.java:shutdownLeaderElection(134)) - cc5d4b6f-867d-404b-b47c-cb5df444b38b: shutdown LeaderElection
2019-09-25 06:10:20,304 [cc5d4b6f-867d-404b-b47c-cb5df444b38b@group-6BDFBF63CCA8:LeaderElection58] INFO  impl.RoleInfo (RoleInfo.java:shutdownLeaderElection(134)) - cc5d4b6f-867d-404b-b47c-cb5df444b38b: shutdown LeaderElection
2019-09-25 06:10:20,304 [cc5d4b6f-867d-404b-b47c-cb5df444b38b@group-9273CEF24262:LeaderElection57] INFO  impl.RaftServerImpl (RaftServerImpl.java:setRole(174)) - cc5d4b6f-867d-404b-b47c-cb5df444b38b@group-9273CEF24262: changes role from CANDIDATE to LEADER at term 1 for changeToLeader
2019-09-25 06:10:20,304 [096e6fc4-835c-4a45-ba0a-cde44f03dca5@group-90DA1DC3A47D:LeaderElection56] INFO  impl.RoleInfo (RoleInfo.java:shutdownLeaderElection(134)) - 096e6fc4-835c-4a45-ba0a-cde44f03dca5: shutdown LeaderElection
2019-09-25 06:10:20,304 [cc5d4b6f-867d-404b-b47c-cb5df444b38b@group-9273CEF24262:LeaderElection57] INFO  impl.RaftServerImpl (ServerState.java:setLeader(253)) - cc5d4b6f-867d-404b-b47c-cb5df444b38b@group-9273CEF24262: change Leader from null to cc5d4b6f-867d-404b-b47c-cb5df444b38b at term 1 for becomeLeader, leader elected after 5254ms
2019-09-25 06:10:20,304 [cc5d4b6f-867d-404b-b47c-cb5df444b38b@group-6BDFBF63CCA8:LeaderElection58] INFO  impl.RaftServerImpl (RaftServerImpl.java:setRole(174)) - cc5d4b6f-867d-404b-b47c-cb5df444b38b@group-6BDFBF63CCA8: changes role from CANDIDATE to LEADER at term 1 for changeToLeader
2019-09-25 06:10:20,304 [cc5d4b6f-867d-404b-b47c-cb5df444b38b@group-9273CEF24262:LeaderElection57] INFO  server.RaftServerConfigKeys (ConfUtils.java:logGet(43)) - raft.server.staging.catchup.gap = 1000 (default)
2019-09-25 06:10:20,304 [096e6fc4-835c-4a45-ba0a-cde44f03dca5@group-90DA1DC3A47D:LeaderElection56] INFO  impl.RaftServerImpl (RaftServerImpl.java:setRole(174)) - 096e6fc4-835c-4a45-ba0a-cde44f03dca5@group-90DA1DC3A47D: changes role from CANDIDATE to LEADER at term 1 for changeToLeader
2019-09-25 06:10:20,304 [cc5d4b6f-867d-404b-b47c-cb5df444b38b@group-9273CEF24262:LeaderElection57] INFO  server.RaftServerConfigKeys (ConfUtils.java:logGet(43)) - raft.server.rpc.sleep.time = 25ms (default)
2019-09-25 06:10:20,304 [cc5d4b6f-867d-404b-b47c-cb5df444b38b@group-6BDFBF63CCA8:LeaderElection58] INFO  impl.RaftServerImpl (ServerState.java:setLeader(253)) - cc5d4b6f-867d-404b-b47c-cb5df444b38b@group-6BDFBF63CCA8: change Leader from null to cc5d4b6f-867d-404b-b47c-cb5df444b38b at term 1 for becomeLeader, leader elected after 5195ms
2019-09-25 06:10:20,305 [cc5d4b6f-867d-404b-b47c-cb5df444b38b@group-9273CEF24262:LeaderElection57] INFO  server.RaftServerConfigKeys (ConfUtils.java:logGet(43)) - raft.server.write.element-limit = 4096 (default)
2019-09-25 06:10:20,304 [096e6fc4-835c-4a45-ba0a-cde44f03dca5@group-90DA1DC3A47D:LeaderElection56] INFO  impl.RaftServerImpl (ServerState.java:setLeader(253)) - 096e6fc4-835c-4a45-ba0a-cde44f03dca5@group-90DA1DC3A47D: change Leader from null to 096e6fc4-835c-4a45-ba0a-cde44f03dca5 at term 1 for becomeLeader, leader elected after 5154ms
2019-09-25 06:10:20,305 [cc5d4b6f-867d-404b-b47c-cb5df444b38b@group-9273CEF24262:LeaderElection57] INFO  server.RaftServerConfigKeys (ConfUtils.java:logGet(43)) - raft.server.watch.timeout = 10s (default)
2019-09-25 06:10:20,305 [cc5d4b6f-867d-404b-b47c-cb5df444b38b@group-6BDFBF63CCA8:LeaderElection58] INFO  server.RaftServerConfigKeys (ConfUtils.java:logGet(43)) - raft.server.staging.catchup.gap = 1000 (default)
2019-09-25 06:10:20,305 [cc5d4b6f-867d-404b-b47c-cb5df444b38b@group-9273CEF24262:LeaderElection57] INFO  server.RaftServerConfigKeys (ConfUtils.java:logGet(43)) - raft.server.watch.timeout.denomination = 1s (default)
2019-09-25 06:10:20,305 [096e6fc4-835c-4a45-ba0a-cde44f03dca5@group-90DA1DC3A47D:LeaderElection56] INFO  server.RaftServerConfigKeys (ConfUtils.java:logGet(43)) - raft.server.staging.catchup.gap = 1000 (default)
2019-09-25 06:10:20,305 [cc5d4b6f-867d-404b-b47c-cb5df444b38b@group-9273CEF24262:LeaderElection57] INFO  server.RaftServerConfigKeys (ConfUtils.java:logGet(43)) - raft.server.watch.element-limit = 65536 (default)
2019-09-25 06:10:20,305 [cc5d4b6f-867d-404b-b47c-cb5df444b38b@group-6BDFBF63CCA8:LeaderElection58] INFO  server.RaftServerConfigKeys (ConfUtils.java:logGet(43)) - raft.server.rpc.sleep.time = 25ms (default)
2019-09-25 06:10:20,305 [096e6fc4-835c-4a45-ba0a-cde44f03dca5@group-90DA1DC3A47D:LeaderElection56] INFO  server.RaftServerConfigKeys (ConfUtils.java:logGet(43)) - raft.server.rpc.sleep.time = 25ms (default)
2019-09-25 06:10:20,306 [cc5d4b6f-867d-404b-b47c-cb5df444b38b@group-6BDFBF63CCA8:LeaderElection58] INFO  server.RaftServerConfigKeys (ConfUtils.java:logGet(43)) - raft.server.write.element-limit = 4096 (default)
2019-09-25 06:10:20,306 [096e6fc4-835c-4a45-ba0a-cde44f03dca5@group-90DA1DC3A47D:LeaderElection56] INFO  server.RaftServerConfigKeys (ConfUtils.java:logGet(43)) - raft.server.write.element-limit = 4096 (default)
2019-09-25 06:10:20,306 [cc5d4b6f-867d-404b-b47c-cb5df444b38b@group-6BDFBF63CCA8:LeaderElection58] INFO  server.RaftServerConfigKeys (ConfUtils.java:logGet(43)) - raft.server.watch.timeout = 10s (default)
2019-09-25 06:10:20,306 [096e6fc4-835c-4a45-ba0a-cde44f03dca5@group-AC73F6CCA985-SegmentedRaftLogWorker] INFO  segmented.SegmentedRaftLogWorker (SegmentedRaftLogWorker.java:execute(569)) - 096e6fc4-835c-4a45-ba0a-cde44f03dca5@group-AC73F6CCA985-SegmentedRaftLogWorker: created new log segment /workdir/hadoop-ozone/ozonefs/target/test-dir/MiniOzoneClusterImpl-e438aa53-7451-4657-98d5-9124de52335b/datanode-0/data/ratis/85c41b9f-d446-4535-9dd7-ac73f6cca985/current/log_inprogress_0
2019-09-25 06:10:20,306 [096e6fc4-835c-4a45-ba0a-cde44f03dca5@group-90DA1DC3A47D:LeaderElection56] INFO  server.RaftServerConfigKeys (ConfUtils.java:logGet(43)) - raft.server.watch.timeout = 10s (default)
2019-09-25 06:10:20,306 [cc5d4b6f-867d-404b-b47c-cb5df444b38b@group-6BDFBF63CCA8:LeaderElection58] INFO  server.RaftServerConfigKeys (ConfUtils.java:logGet(43)) - raft.server.watch.timeout.denomination = 1s (default)
2019-09-25 06:10:20,306 [096e6fc4-835c-4a45-ba0a-cde44f03dca5@group-90DA1DC3A47D:LeaderElection56] INFO  server.RaftServerConfigKeys (ConfUtils.java:logGet(43)) - raft.server.watch.timeout.denomination = 1s (default)
2019-09-25 06:10:20,306 [cc5d4b6f-867d-404b-b47c-cb5df444b38b@group-6BDFBF63CCA8:LeaderElection58] INFO  server.RaftServerConfigKeys (ConfUtils.java:logGet(43)) - raft.server.watch.element-limit = 65536 (default)
2019-09-25 06:10:20,306 [096e6fc4-835c-4a45-ba0a-cde44f03dca5@group-90DA1DC3A47D:LeaderElection56] INFO  server.RaftServerConfigKeys (ConfUtils.java:logGet(43)) - raft.server.watch.element-limit = 65536 (default)
2019-09-25 06:10:20,308 [cc5d4b6f-867d-404b-b47c-cb5df444b38b@group-9273CEF24262:LeaderElection57] INFO  impl.RoleInfo (RoleInfo.java:updateAndGet(143)) - cc5d4b6f-867d-404b-b47c-cb5df444b38b: start LeaderState
2019-09-25 06:10:20,308 [cc5d4b6f-867d-404b-b47c-cb5df444b38b@group-9273CEF24262:LeaderElection57] INFO  segmented.SegmentedRaftLogWorker (SegmentedRaftLogWorker.java:startLogSegment(380)) - cc5d4b6f-867d-404b-b47c-cb5df444b38b@group-9273CEF24262-SegmentedRaftLogWorker: Starting segment from index:0
2019-09-25 06:10:20,309 [cc5d4b6f-867d-404b-b47c-cb5df444b38b@group-9273CEF24262:LeaderElection57] INFO  impl.RaftServerImpl (ServerState.java:setRaftConf(354)) - cc5d4b6f-867d-404b-b47c-cb5df444b38b@group-9273CEF24262: set configuration 0: [cc5d4b6f-867d-404b-b47c-cb5df444b38b:192.168.164.207:43456], old=null at 0
2019-09-25 06:10:20,313 [096e6fc4-835c-4a45-ba0a-cde44f03dca5@group-90DA1DC3A47D:LeaderElection56] INFO  impl.RoleInfo (RoleInfo.java:updateAndGet(143)) - 096e6fc4-835c-4a45-ba0a-cde44f03dca5: start LeaderState
2019-09-25 06:10:20,313 [cc5d4b6f-867d-404b-b47c-cb5df444b38b@group-6BDFBF63CCA8:LeaderElection58] INFO  impl.RoleInfo (RoleInfo.java:updateAndGet(143)) - cc5d4b6f-867d-404b-b47c-cb5df444b38b: start LeaderState
2019-09-25 06:10:20,313 [096e6fc4-835c-4a45-ba0a-cde44f03dca5@group-90DA1DC3A47D:LeaderElection56] INFO  segmented.SegmentedRaftLogWorker (SegmentedRaftLogWorker.java:startLogSegment(380)) - 096e6fc4-835c-4a45-ba0a-cde44f03dca5@group-90DA1DC3A47D-SegmentedRaftLogWorker: Starting segment from index:0
2019-09-25 06:10:20,313 [cc5d4b6f-867d-404b-b47c-cb5df444b38b@group-6BDFBF63CCA8:LeaderElection58] INFO  segmented.SegmentedRaftLogWorker (SegmentedRaftLogWorker.java:startLogSegment(380)) - cc5d4b6f-867d-404b-b47c-cb5df444b38b@group-6BDFBF63CCA8-SegmentedRaftLogWorker: Starting segment from index:0
2019-09-25 06:10:20,313 [096e6fc4-835c-4a45-ba0a-cde44f03dca5@group-90DA1DC3A47D:LeaderElection56] INFO  impl.RaftServerImpl (ServerState.java:setRaftConf(354)) - 096e6fc4-835c-4a45-ba0a-cde44f03dca5@group-90DA1DC3A47D: set configuration 0: [096e6fc4-835c-4a45-ba0a-cde44f03dca5:192.168.164.207:42535], old=null at 0
2019-09-25 06:10:20,349 [Thread-1347] INFO  impl.FollowerState (FollowerState.java:run(106)) - 096e6fc4-835c-4a45-ba0a-cde44f03dca5:group-3B7F456F0D6E changes to CANDIDATE, lastRpcTime:5063, electionTimeout:5054ms
2019-09-25 06:10:20,349 [cc5d4b6f-867d-404b-b47c-cb5df444b38b@group-6BDFBF63CCA8:LeaderElection58] INFO  impl.RaftServerImpl (ServerState.java:setRaftConf(354)) - cc5d4b6f-867d-404b-b47c-cb5df444b38b@group-6BDFBF63CCA8: set configuration 0: [cc5d4b6f-867d-404b-b47c-cb5df444b38b:192.168.164.207:43456], old=null at 0
2019-09-25 06:10:20,349 [Thread-1347] INFO  impl.RoleInfo (RoleInfo.java:shutdownFollowerState(121)) - 096e6fc4-835c-4a45-ba0a-cde44f03dca5: shutdown FollowerState
2019-09-25 06:10:20,385 [096e6fc4-835c-4a45-ba0a-cde44f03dca5@group-90DA1DC3A47D-SegmentedRaftLogWorker] INFO  segmented.SegmentedRaftLogWorker (SegmentedRaftLogWorker.java:execute(569)) - 096e6fc4-835c-4a45-ba0a-cde44f03dca5@group-90DA1DC3A47D-SegmentedRaftLogWorker: created new log segment /workdir/hadoop-ozone/ozonefs/target/test-dir/MiniOzoneClusterImpl-e438aa53-7451-4657-98d5-9124de52335b/datanode-0/data/ratis/9d84d2f0-7f2f-48e8-bdae-90da1dc3a47d/current/log_inprogress_0
2019-09-25 06:10:20,385 [cc5d4b6f-867d-404b-b47c-cb5df444b38b@group-9273CEF24262-SegmentedRaftLogWorker] INFO  segmented.SegmentedRaftLogWorker (SegmentedRaftLogWorker.java:execute(569)) - cc5d4b6f-867d-404b-b47c-cb5df444b38b@group-9273CEF24262-SegmentedRaftLogWorker: created new log segment /workdir/hadoop-ozone/ozonefs/target/test-dir/MiniOzoneClusterImpl-e438aa53-7451-4657-98d5-9124de52335b/datanode-1/data/ratis/d77dce6e-3cd1-4720-a7b0-9273cef24262/current/log_inprogress_0
2019-09-25 06:10:20,385 [Thread-1347] INFO  impl.RaftServerImpl (RaftServerImpl.java:setRole(174)) - 096e6fc4-835c-4a45-ba0a-cde44f03dca5@group-3B7F456F0D6E: changes role from  FOLLOWER to CANDIDATE at term 0 for changeToCandidate
2019-09-25 06:10:20,385 [Thread-1347] INFO  impl.RoleInfo (RoleInfo.java:updateAndGet(143)) - 096e6fc4-835c-4a45-ba0a-cde44f03dca5: start LeaderElection
2019-09-25 06:10:20,397 [cc5d4b6f-867d-404b-b47c-cb5df444b38b@group-6BDFBF63CCA8-SegmentedRaftLogWorker] INFO  segmented.SegmentedRaftLogWorker (SegmentedRaftLogWorker.java:execute(569)) - cc5d4b6f-867d-404b-b47c-cb5df444b38b@group-6BDFBF63CCA8-SegmentedRaftLogWorker: created new log segment /workdir/hadoop-ozone/ozonefs/target/test-dir/MiniOzoneClusterImpl-e438aa53-7451-4657-98d5-9124de52335b/datanode-1/data/ratis/48f5a567-91e8-4ec1-aaab-6bdfbf63cca8/current/log_inprogress_0
2019-09-25 06:10:20,398 [096e6fc4-835c-4a45-ba0a-cde44f03dca5@group-3B7F456F0D6E:LeaderElection59] INFO  impl.LeaderElection (LeaderElection.java:askForVotes(182)) - 096e6fc4-835c-4a45-ba0a-cde44f03dca5@group-3B7F456F0D6E:LeaderElection59: begin an election at term 1 for -1: [096e6fc4-835c-4a45-ba0a-cde44f03dca5:192.168.164.207:42535], old=null
2019-09-25 06:10:20,398 [Thread-1344] INFO  impl.FollowerState (FollowerState.java:run(106)) - e022f57c-d964-4025-961b-d778bc34271c:group-668DCE5B702C changes to CANDIDATE, lastRpcTime:5154, electionTimeout:5154ms
2019-09-25 06:10:20,398 [096e6fc4-835c-4a45-ba0a-cde44f03dca5@group-3B7F456F0D6E:LeaderElection59] INFO  impl.RoleInfo (RoleInfo.java:shutdownLeaderElection(134)) - 096e6fc4-835c-4a45-ba0a-cde44f03dca5: shutdown LeaderElection
2019-09-25 06:10:20,398 [Thread-1344] INFO  impl.RoleInfo (RoleInfo.java:shutdownFollowerState(121)) - e022f57c-d964-4025-961b-d778bc34271c: shutdown FollowerState
2019-09-25 06:10:20,398 [096e6fc4-835c-4a45-ba0a-cde44f03dca5@group-3B7F456F0D6E:LeaderElection59] INFO  impl.RaftServerImpl (RaftServerImpl.java:setRole(174)) - 096e6fc4-835c-4a45-ba0a-cde44f03dca5@group-3B7F456F0D6E: changes role from CANDIDATE to LEADER at term 1 for changeToLeader
2019-09-25 06:10:20,398 [Thread-1344] INFO  impl.RaftServerImpl (RaftServerImpl.java:setRole(174)) - e022f57c-d964-4025-961b-d778bc34271c@group-668DCE5B702C: changes role from  FOLLOWER to CANDIDATE at term 0 for changeToCandidate
2019-09-25 06:10:20,398 [096e6fc4-835c-4a45-ba0a-cde44f03dca5@group-3B7F456F0D6E:LeaderElection59] INFO  impl.RaftServerImpl (ServerState.java:setLeader(253)) - 096e6fc4-835c-4a45-ba0a-cde44f03dca5@group-3B7F456F0D6E: change Leader from null to 096e6fc4-835c-4a45-ba0a-cde44f03dca5 at term 1 for becomeLeader, leader elected after 5116ms
2019-09-25 06:10:20,398 [Thread-1344] INFO  impl.RoleInfo (RoleInfo.java:updateAndGet(143)) - e022f57c-d964-4025-961b-d778bc34271c: start LeaderElection
2019-09-25 06:10:20,399 [096e6fc4-835c-4a45-ba0a-cde44f03dca5@group-3B7F456F0D6E:LeaderElection59] INFO  server.RaftServerConfigKeys (ConfUtils.java:logGet(43)) - raft.server.staging.catchup.gap = 1000 (default)
2019-09-25 06:10:20,399 [096e6fc4-835c-4a45-ba0a-cde44f03dca5@group-3B7F456F0D6E:LeaderElection59] INFO  server.RaftServerConfigKeys (ConfUtils.java:logGet(43)) - raft.server.rpc.sleep.time = 25ms (default)
2019-09-25 06:10:20,401 [096e6fc4-835c-4a45-ba0a-cde44f03dca5@group-3B7F456F0D6E:LeaderElection59] INFO  server.RaftServerConfigKeys (ConfUtils.java:logGet(43)) - raft.server.write.element-limit = 4096 (default)
2019-09-25 06:10:20,401 [096e6fc4-835c-4a45-ba0a-cde44f03dca5@group-3B7F456F0D6E:LeaderElection59] INFO  server.RaftServerConfigKeys (ConfUtils.java:logGet(43)) - raft.server.watch.timeout = 10s (default)
2019-09-25 06:10:20,401 [096e6fc4-835c-4a45-ba0a-cde44f03dca5@group-3B7F456F0D6E:LeaderElection59] INFO  server.RaftServerConfigKeys (ConfUtils.java:logGet(43)) - raft.server.watch.timeout.denomination = 1s (default)
2019-09-25 06:10:20,401 [096e6fc4-835c-4a45-ba0a-cde44f03dca5@group-3B7F456F0D6E:LeaderElection59] INFO  server.RaftServerConfigKeys (ConfUtils.java:logGet(43)) - raft.server.watch.element-limit = 65536 (default)
2019-09-25 06:10:20,403 [096e6fc4-835c-4a45-ba0a-cde44f03dca5@group-3B7F456F0D6E:LeaderElection59] INFO  impl.RoleInfo (RoleInfo.java:updateAndGet(143)) - 096e6fc4-835c-4a45-ba0a-cde44f03dca5: start LeaderState
2019-09-25 06:10:20,404 [096e6fc4-835c-4a45-ba0a-cde44f03dca5@group-3B7F456F0D6E:LeaderElection59] INFO  segmented.SegmentedRaftLogWorker (SegmentedRaftLogWorker.java:startLogSegment(380)) - 096e6fc4-835c-4a45-ba0a-cde44f03dca5@group-3B7F456F0D6E-SegmentedRaftLogWorker: Starting segment from index:0
2019-09-25 06:10:20,404 [096e6fc4-835c-4a45-ba0a-cde44f03dca5@group-3B7F456F0D6E:LeaderElection59] INFO  impl.RaftServerImpl (ServerState.java:setRaftConf(354)) - 096e6fc4-835c-4a45-ba0a-cde44f03dca5@group-3B7F456F0D6E: set configuration 0: [096e6fc4-835c-4a45-ba0a-cde44f03dca5:192.168.164.207:42535], old=null at 0
2019-09-25 06:10:20,438 [Thread-1353] INFO  impl.FollowerState (FollowerState.java:run(106)) - e022f57c-d964-4025-961b-d778bc34271c:group-B0D6A6B9061C changes to CANDIDATE, lastRpcTime:5042, electionTimeout:5025ms
2019-09-25 06:10:20,438 [Thread-1350] INFO  impl.FollowerState (FollowerState.java:run(106)) - 096e6fc4-835c-4a45-ba0a-cde44f03dca5:group-645FFC0849E0 changes to CANDIDATE, lastRpcTime:5107, electionTimeout:5079ms
2019-09-25 06:10:20,438 [e022f57c-d964-4025-961b-d778bc34271c@group-668DCE5B702C:LeaderElection60] INFO  impl.LeaderElection (LeaderElection.java:askForVotes(182)) - e022f57c-d964-4025-961b-d778bc34271c@group-668DCE5B702C:LeaderElection60: begin an election at term 1 for -1: [e022f57c-d964-4025-961b-d778bc34271c:192.168.164.207:33876], old=null
2019-09-25 06:10:20,439 [Thread-1350] INFO  impl.RoleInfo (RoleInfo.java:shutdownFollowerState(121)) - 096e6fc4-835c-4a45-ba0a-cde44f03dca5: shutdown FollowerState
2019-09-25 06:10:20,439 [Thread-1353] INFO  impl.RoleInfo (RoleInfo.java:shutdownFollowerState(121)) - e022f57c-d964-4025-961b-d778bc34271c: shutdown FollowerState
2019-09-25 06:10:20,439 [Thread-1350] INFO  impl.RaftServerImpl (RaftServerImpl.java:setRole(174)) - 096e6fc4-835c-4a45-ba0a-cde44f03dca5@group-645FFC0849E0: changes role from  FOLLOWER to CANDIDATE at term 0 for changeToCandidate
2019-09-25 06:10:20,439 [e022f57c-d964-4025-961b-d778bc34271c@group-668DCE5B702C:LeaderElection60] INFO  impl.RoleInfo (RoleInfo.java:shutdownLeaderElection(134)) - e022f57c-d964-4025-961b-d778bc34271c: shutdown LeaderElection
2019-09-25 06:10:20,439 [Thread-1350] INFO  impl.RoleInfo (RoleInfo.java:updateAndGet(143)) - 096e6fc4-835c-4a45-ba0a-cde44f03dca5: start LeaderElection
2019-09-25 06:10:20,439 [Thread-1353] INFO  impl.RaftServerImpl (RaftServerImpl.java:setRole(174)) - e022f57c-d964-4025-961b-d778bc34271c@group-B0D6A6B9061C: changes role from  FOLLOWER to CANDIDATE at term 0 for changeToCandidate
2019-09-25 06:10:20,439 [e022f57c-d964-4025-961b-d778bc34271c@group-668DCE5B702C:LeaderElection60] INFO  impl.RaftServerImpl (RaftServerImpl.java:setRole(174)) - e022f57c-d964-4025-961b-d778bc34271c@group-668DCE5B702C: changes role from CANDIDATE to LEADER at term 1 for changeToLeader
2019-09-25 06:10:20,439 [Thread-1353] INFO  impl.RoleInfo (RoleInfo.java:updateAndGet(143)) - e022f57c-d964-4025-961b-d778bc34271c: start LeaderElection
2019-09-25 06:10:20,439 [e022f57c-d964-4025-961b-d778bc34271c@group-668DCE5B702C:LeaderElection60] INFO  impl.RaftServerImpl (ServerState.java:setLeader(253)) - e022f57c-d964-4025-961b-d778bc34271c@group-668DCE5B702C: change Leader from null to e022f57c-d964-4025-961b-d778bc34271c at term 1 for becomeLeader, leader elected after 5199ms
2019-09-25 06:10:20,440 [e022f57c-d964-4025-961b-d778bc34271c@group-668DCE5B702C:LeaderElection60] INFO  server.RaftServerConfigKeys (ConfUtils.java:logGet(43)) - raft.server.staging.catchup.gap = 1000 (default)
2019-09-25 06:10:20,445 [e022f57c-d964-4025-961b-d778bc34271c@group-668DCE5B702C:LeaderElection60] INFO  server.RaftServerConfigKeys (ConfUtils.java:logGet(43)) - raft.server.rpc.sleep.time = 25ms (default)
2019-09-25 06:10:20,445 [e022f57c-d964-4025-961b-d778bc34271c@group-668DCE5B702C:LeaderElection60] INFO  server.RaftServerConfigKeys (ConfUtils.java:logGet(43)) - raft.server.write.element-limit = 4096 (default)
2019-09-25 06:10:20,446 [e022f57c-d964-4025-961b-d778bc34271c@group-668DCE5B702C:LeaderElection60] INFO  server.RaftServerConfigKeys (ConfUtils.java:logGet(43)) - raft.server.watch.timeout = 10s (default)
2019-09-25 06:10:20,446 [e022f57c-d964-4025-961b-d778bc34271c@group-668DCE5B702C:LeaderElection60] INFO  server.RaftServerConfigKeys (ConfUtils.java:logGet(43)) - raft.server.watch.timeout.denomination = 1s (default)
2019-09-25 06:10:20,446 [e022f57c-d964-4025-961b-d778bc34271c@group-668DCE5B702C:LeaderElection60] INFO  server.RaftServerConfigKeys (ConfUtils.java:logGet(43)) - raft.server.watch.element-limit = 65536 (default)
2019-09-25 06:10:20,448 [e022f57c-d964-4025-961b-d778bc34271c@group-668DCE5B702C:LeaderElection60] INFO  impl.RoleInfo (RoleInfo.java:updateAndGet(143)) - e022f57c-d964-4025-961b-d778bc34271c: start LeaderState
2019-09-25 06:10:20,449 [e022f57c-d964-4025-961b-d778bc34271c@group-668DCE5B702C:LeaderElection60] INFO  segmented.SegmentedRaftLogWorker (SegmentedRaftLogWorker.java:startLogSegment(380)) - e022f57c-d964-4025-961b-d778bc34271c@group-668DCE5B702C-SegmentedRaftLogWorker: Starting segment from index:0
2019-09-25 06:10:20,449 [e022f57c-d964-4025-961b-d778bc34271c@group-668DCE5B702C:LeaderElection60] INFO  impl.RaftServerImpl (ServerState.java:setRaftConf(354)) - e022f57c-d964-4025-961b-d778bc34271c@group-668DCE5B702C: set configuration 0: [e022f57c-d964-4025-961b-d778bc34271c:192.168.164.207:33876], old=null at 0
2019-09-25 06:10:20,452 [096e6fc4-835c-4a45-ba0a-cde44f03dca5@group-3B7F456F0D6E-SegmentedRaftLogWorker] INFO  segmented.SegmentedRaftLogWorker (SegmentedRaftLogWorker.java:execute(569)) - 096e6fc4-835c-4a45-ba0a-cde44f03dca5@group-3B7F456F0D6E-SegmentedRaftLogWorker: created new log segment /workdir/hadoop-ozone/ozonefs/target/test-dir/MiniOzoneClusterImpl-e438aa53-7451-4657-98d5-9124de52335b/datanode-0/data/ratis/a4eaf090-d0bd-40ab-88f3-3b7f456f0d6e/current/log_inprogress_0
2019-09-25 06:10:20,452 [096e6fc4-835c-4a45-ba0a-cde44f03dca5@group-645FFC0849E0:LeaderElection61] INFO  impl.LeaderElection (LeaderElection.java:askForVotes(182)) - 096e6fc4-835c-4a45-ba0a-cde44f03dca5@group-645FFC0849E0:LeaderElection61: begin an election at term 1 for -1: [096e6fc4-835c-4a45-ba0a-cde44f03dca5:192.168.164.207:42535], old=null
2019-09-25 06:10:20,452 [e022f57c-d964-4025-961b-d778bc34271c@group-B0D6A6B9061C:LeaderElection62] INFO  impl.LeaderElection (LeaderElection.java:askForVotes(182)) - e022f57c-d964-4025-961b-d778bc34271c@group-B0D6A6B9061C:LeaderElection62: begin an election at term 1 for -1: [e022f57c-d964-4025-961b-d778bc34271c:192.168.164.207:33876], old=null
2019-09-25 06:10:20,452 [096e6fc4-835c-4a45-ba0a-cde44f03dca5@group-645FFC0849E0:LeaderElection61] INFO  impl.RoleInfo (RoleInfo.java:shutdownLeaderElection(134)) - 096e6fc4-835c-4a45-ba0a-cde44f03dca5: shutdown LeaderElection
2019-09-25 06:10:20,452 [e022f57c-d964-4025-961b-d778bc34271c@group-B0D6A6B9061C:LeaderElection62] INFO  impl.RoleInfo (RoleInfo.java:shutdownLeaderElection(134)) - e022f57c-d964-4025-961b-d778bc34271c: shutdown LeaderElection
2019-09-25 06:10:20,452 [096e6fc4-835c-4a45-ba0a-cde44f03dca5@group-645FFC0849E0:LeaderElection61] INFO  impl.RaftServerImpl (RaftServerImpl.java:setRole(174)) - 096e6fc4-835c-4a45-ba0a-cde44f03dca5@group-645FFC0849E0: changes role from CANDIDATE to LEADER at term 1 for changeToLeader
2019-09-25 06:10:20,452 [e022f57c-d964-4025-961b-d778bc34271c@group-B0D6A6B9061C:LeaderElection62] INFO  impl.RaftServerImpl (RaftServerImpl.java:setRole(174)) - e022f57c-d964-4025-961b-d778bc34271c@group-B0D6A6B9061C: changes role from CANDIDATE to LEADER at term 1 for changeToLeader
2019-09-25 06:10:20,452 [096e6fc4-835c-4a45-ba0a-cde44f03dca5@group-645FFC0849E0:LeaderElection61] INFO  impl.RaftServerImpl (ServerState.java:setLeader(253)) - 096e6fc4-835c-4a45-ba0a-cde44f03dca5@group-645FFC0849E0: change Leader from null to 096e6fc4-835c-4a45-ba0a-cde44f03dca5 at term 1 for becomeLeader, leader elected after 5125ms
2019-09-25 06:10:20,452 [e022f57c-d964-4025-961b-d778bc34271c@group-B0D6A6B9061C:LeaderElection62] INFO  impl.RaftServerImpl (ServerState.java:setLeader(253)) - e022f57c-d964-4025-961b-d778bc34271c@group-B0D6A6B9061C: change Leader from null to e022f57c-d964-4025-961b-d778bc34271c at term 1 for becomeLeader, leader elected after 5062ms
2019-09-25 06:10:20,452 [096e6fc4-835c-4a45-ba0a-cde44f03dca5@group-645FFC0849E0:LeaderElection61] INFO  server.RaftServerConfigKeys (ConfUtils.java:logGet(43)) - raft.server.staging.catchup.gap = 1000 (default)
2019-09-25 06:10:20,452 [e022f57c-d964-4025-961b-d778bc34271c@group-B0D6A6B9061C:LeaderElection62] INFO  server.RaftServerConfigKeys (ConfUtils.java:logGet(43)) - raft.server.staging.catchup.gap = 1000 (default)
2019-09-25 06:10:20,453 [096e6fc4-835c-4a45-ba0a-cde44f03dca5@group-645FFC0849E0:LeaderElection61] INFO  server.RaftServerConfigKeys (ConfUtils.java:logGet(43)) - raft.server.rpc.sleep.time = 25ms (default)
2019-09-25 06:10:20,453 [e022f57c-d964-4025-961b-d778bc34271c@group-B0D6A6B9061C:LeaderElection62] INFO  server.RaftServerConfigKeys (ConfUtils.java:logGet(43)) - raft.server.rpc.sleep.time = 25ms (default)
2019-09-25 06:10:20,453 [096e6fc4-835c-4a45-ba0a-cde44f03dca5@group-645FFC0849E0:LeaderElection61] INFO  server.RaftServerConfigKeys (ConfUtils.java:logGet(43)) - raft.server.write.element-limit = 4096 (default)
2019-09-25 06:10:20,453 [e022f57c-d964-4025-961b-d778bc34271c@group-B0D6A6B9061C:LeaderElection62] INFO  server.RaftServerConfigKeys (ConfUtils.java:logGet(43)) - raft.server.write.element-limit = 4096 (default)
2019-09-25 06:10:20,453 [096e6fc4-835c-4a45-ba0a-cde44f03dca5@group-645FFC0849E0:LeaderElection61] INFO  server.RaftServerConfigKeys (ConfUtils.java:logGet(43)) - raft.server.watch.timeout = 10s (default)
2019-09-25 06:10:20,453 [e022f57c-d964-4025-961b-d778bc34271c@group-B0D6A6B9061C:LeaderElection62] INFO  server.RaftServerConfigKeys (ConfUtils.java:logGet(43)) - raft.server.watch.timeout = 10s (default)
2019-09-25 06:10:20,453 [096e6fc4-835c-4a45-ba0a-cde44f03dca5@group-645FFC0849E0:LeaderElection61] INFO  server.RaftServerConfigKeys (ConfUtils.java:logGet(43)) - raft.server.watch.timeout.denomination = 1s (default)
2019-09-25 06:10:20,453 [e022f57c-d964-4025-961b-d778bc34271c@group-B0D6A6B9061C:LeaderElection62] INFO  server.RaftServerConfigKeys (ConfUtils.java:logGet(43)) - raft.server.watch.timeout.denomination = 1s (default)
2019-09-25 06:10:20,453 [096e6fc4-835c-4a45-ba0a-cde44f03dca5@group-645FFC0849E0:LeaderElection61] INFO  server.RaftServerConfigKeys (ConfUtils.java:logGet(43)) - raft.server.watch.element-limit = 65536 (default)
2019-09-25 06:10:20,453 [e022f57c-d964-4025-961b-d778bc34271c@group-B0D6A6B9061C:LeaderElection62] INFO  server.RaftServerConfigKeys (ConfUtils.java:logGet(43)) - raft.server.watch.element-limit = 65536 (default)
2019-09-25 06:10:20,455 [e022f57c-d964-4025-961b-d778bc34271c@group-B0D6A6B9061C:LeaderElection62] INFO  impl.RoleInfo (RoleInfo.java:updateAndGet(143)) - e022f57c-d964-4025-961b-d778bc34271c: start LeaderState
2019-09-25 06:10:20,455 [096e6fc4-835c-4a45-ba0a-cde44f03dca5@group-645FFC0849E0:LeaderElection61] INFO  impl.RoleInfo (RoleInfo.java:updateAndGet(143)) - 096e6fc4-835c-4a45-ba0a-cde44f03dca5: start LeaderState
2019-09-25 06:10:20,455 [e022f57c-d964-4025-961b-d778bc34271c@group-B0D6A6B9061C:LeaderElection62] INFO  segmented.SegmentedRaftLogWorker (SegmentedRaftLogWorker.java:startLogSegment(380)) - e022f57c-d964-4025-961b-d778bc34271c@group-B0D6A6B9061C-SegmentedRaftLogWorker: Starting segment from index:0
2019-09-25 06:10:20,456 [096e6fc4-835c-4a45-ba0a-cde44f03dca5@group-645FFC0849E0:LeaderElection61] INFO  segmented.SegmentedRaftLogWorker (SegmentedRaftLogWorker.java:startLogSegment(380)) - 096e6fc4-835c-4a45-ba0a-cde44f03dca5@group-645FFC0849E0-SegmentedRaftLogWorker: Starting segment from index:0
2019-09-25 06:10:20,456 [096e6fc4-835c-4a45-ba0a-cde44f03dca5@group-645FFC0849E0:LeaderElection61] INFO  impl.RaftServerImpl (ServerState.java:setRaftConf(354)) - 096e6fc4-835c-4a45-ba0a-cde44f03dca5@group-645FFC0849E0: set configuration 0: [096e6fc4-835c-4a45-ba0a-cde44f03dca5:192.168.164.207:42535], old=null at 0
2019-09-25 06:10:20,456 [e022f57c-d964-4025-961b-d778bc34271c@group-B0D6A6B9061C:LeaderElection62] INFO  impl.RaftServerImpl (ServerState.java:setRaftConf(354)) - e022f57c-d964-4025-961b-d778bc34271c@group-B0D6A6B9061C: set configuration 0: [e022f57c-d964-4025-961b-d778bc34271c:192.168.164.207:33876], old=null at 0
2019-09-25 06:10:20,501 [Thread-1356] INFO  impl.FollowerState (FollowerState.java:run(106)) - e022f57c-d964-4025-961b-d778bc34271c:group-E370600559D0 changes to CANDIDATE, lastRpcTime:5058, electionTimeout:5018ms
2019-09-25 06:10:20,503 [Thread-1356] INFO  impl.RoleInfo (RoleInfo.java:shutdownFollowerState(121)) - e022f57c-d964-4025-961b-d778bc34271c: shutdown FollowerState
2019-09-25 06:10:20,503 [Thread-1356] INFO  impl.RaftServerImpl (RaftServerImpl.java:setRole(174)) - e022f57c-d964-4025-961b-d778bc34271c@group-E370600559D0: changes role from  FOLLOWER to CANDIDATE at term 0 for changeToCandidate
2019-09-25 06:10:20,503 [Thread-1356] INFO  impl.RoleInfo (RoleInfo.java:updateAndGet(143)) - e022f57c-d964-4025-961b-d778bc34271c: start LeaderElection
2019-09-25 06:10:20,508 [e022f57c-d964-4025-961b-d778bc34271c@group-668DCE5B702C-SegmentedRaftLogWorker] INFO  segmented.SegmentedRaftLogWorker (SegmentedRaftLogWorker.java:execute(569)) - e022f57c-d964-4025-961b-d778bc34271c@group-668DCE5B702C-SegmentedRaftLogWorker: created new log segment /workdir/hadoop-ozone/ozonefs/target/test-dir/MiniOzoneClusterImpl-e438aa53-7451-4657-98d5-9124de52335b/datanode-2/data/ratis/ce0754ae-b5b3-425d-8294-668dce5b702c/current/log_inprogress_0
2019-09-25 06:10:20,508 [096e6fc4-835c-4a45-ba0a-cde44f03dca5@group-645FFC0849E0-SegmentedRaftLogWorker] INFO  segmented.SegmentedRaftLogWorker (SegmentedRaftLogWorker.java:execute(569)) - 096e6fc4-835c-4a45-ba0a-cde44f03dca5@group-645FFC0849E0-SegmentedRaftLogWorker: created new log segment /workdir/hadoop-ozone/ozonefs/target/test-dir/MiniOzoneClusterImpl-e438aa53-7451-4657-98d5-9124de52335b/datanode-0/data/ratis/73564028-8eef-40b9-99be-645ffc0849e0/current/log_inprogress_0
2019-09-25 06:10:20,508 [e022f57c-d964-4025-961b-d778bc34271c@group-E370600559D0:LeaderElection63] INFO  impl.LeaderElection (LeaderElection.java:askForVotes(182)) - e022f57c-d964-4025-961b-d778bc34271c@group-E370600559D0:LeaderElection63: begin an election at term 1 for -1: [e022f57c-d964-4025-961b-d778bc34271c:192.168.164.207:33876], old=null
2019-09-25 06:10:20,508 [e022f57c-d964-4025-961b-d778bc34271c@group-B0D6A6B9061C-SegmentedRaftLogWorker] INFO  segmented.SegmentedRaftLogWorker (SegmentedRaftLogWorker.java:execute(569)) - e022f57c-d964-4025-961b-d778bc34271c@group-B0D6A6B9061C-SegmentedRaftLogWorker: created new log segment /workdir/hadoop-ozone/ozonefs/target/test-dir/MiniOzoneClusterImpl-e438aa53-7451-4657-98d5-9124de52335b/datanode-2/data/ratis/d4ece107-c167-441b-85f7-b0d6a6b9061c/current/log_inprogress_0
2019-09-25 06:10:20,509 [e022f57c-d964-4025-961b-d778bc34271c@group-E370600559D0:LeaderElection63] INFO  impl.RoleInfo (RoleInfo.java:shutdownLeaderElection(134)) - e022f57c-d964-4025-961b-d778bc34271c: shutdown LeaderElection
2019-09-25 06:10:20,509 [e022f57c-d964-4025-961b-d778bc34271c@group-E370600559D0:LeaderElection63] INFO  impl.RaftServerImpl (RaftServerImpl.java:setRole(174)) - e022f57c-d964-4025-961b-d778bc34271c@group-E370600559D0: changes role from CANDIDATE to LEADER at term 1 for changeToLeader
2019-09-25 06:10:20,509 [e022f57c-d964-4025-961b-d778bc34271c@group-E370600559D0:LeaderElection63] INFO  impl.RaftServerImpl (ServerState.java:setLeader(253)) - e022f57c-d964-4025-961b-d778bc34271c@group-E370600559D0: change Leader from null to e022f57c-d964-4025-961b-d778bc34271c at term 1 for becomeLeader, leader elected after 5070ms
2019-09-25 06:10:20,509 [e022f57c-d964-4025-961b-d778bc34271c@group-E370600559D0:LeaderElection63] INFO  server.RaftServerConfigKeys (ConfUtils.java:logGet(43)) - raft.server.staging.catchup.gap = 1000 (default)
2019-09-25 06:10:20,509 [e022f57c-d964-4025-961b-d778bc34271c@group-E370600559D0:LeaderElection63] INFO  server.RaftServerConfigKeys (ConfUtils.java:logGet(43)) - raft.server.rpc.sleep.time = 25ms (default)
2019-09-25 06:10:20,509 [e022f57c-d964-4025-961b-d778bc34271c@group-E370600559D0:LeaderElection63] INFO  server.RaftServerConfigKeys (ConfUtils.java:logGet(43)) - raft.server.write.element-limit = 4096 (default)
2019-09-25 06:10:20,509 [e022f57c-d964-4025-961b-d778bc34271c@group-E370600559D0:LeaderElection63] INFO  server.RaftServerConfigKeys (ConfUtils.java:logGet(43)) - raft.server.watch.timeout = 10s (default)
2019-09-25 06:10:20,509 [e022f57c-d964-4025-961b-d778bc34271c@group-E370600559D0:LeaderElection63] INFO  server.RaftServerConfigKeys (ConfUtils.java:logGet(43)) - raft.server.watch.timeout.denomination = 1s (default)
2019-09-25 06:10:20,510 [e022f57c-d964-4025-961b-d778bc34271c@group-E370600559D0:LeaderElection63] INFO  server.RaftServerConfigKeys (ConfUtils.java:logGet(43)) - raft.server.watch.element-limit = 65536 (default)
2019-09-25 06:10:20,511 [e022f57c-d964-4025-961b-d778bc34271c@group-E370600559D0:LeaderElection63] INFO  impl.RoleInfo (RoleInfo.java:updateAndGet(143)) - e022f57c-d964-4025-961b-d778bc34271c: start LeaderState
2019-09-25 06:10:20,511 [e022f57c-d964-4025-961b-d778bc34271c@group-E370600559D0:LeaderElection63] INFO  segmented.SegmentedRaftLogWorker (SegmentedRaftLogWorker.java:startLogSegment(380)) - e022f57c-d964-4025-961b-d778bc34271c@group-E370600559D0-SegmentedRaftLogWorker: Starting segment from index:0
2019-09-25 06:10:20,512 [e022f57c-d964-4025-961b-d778bc34271c@group-E370600559D0:LeaderElection63] INFO  impl.RaftServerImpl (ServerState.java:setRaftConf(354)) - e022f57c-d964-4025-961b-d778bc34271c@group-E370600559D0: set configuration 0: [e022f57c-d964-4025-961b-d778bc34271c:192.168.164.207:33876], old=null at 0
2019-09-25 06:10:20,557 [Thread-1362] INFO  impl.FollowerState (FollowerState.java:run(106)) - e022f57c-d964-4025-961b-d778bc34271c:group-231F529D07C9 changes to CANDIDATE, lastRpcTime:5023, electionTimeout:5023ms
2019-09-25 06:10:20,557 [Thread-1362] INFO  impl.RoleInfo (RoleInfo.java:shutdownFollowerState(121)) - e022f57c-d964-4025-961b-d778bc34271c: shutdown FollowerState
2019-09-25 06:10:20,557 [Thread-1362] INFO  impl.RaftServerImpl (RaftServerImpl.java:setRole(174)) - e022f57c-d964-4025-961b-d778bc34271c@group-231F529D07C9: changes role from  FOLLOWER to CANDIDATE at term 0 for changeToCandidate
2019-09-25 06:10:20,557 [Thread-1362] INFO  impl.RoleInfo (RoleInfo.java:updateAndGet(143)) - e022f57c-d964-4025-961b-d778bc34271c: start LeaderElection
2019-09-25 06:10:20,571 [e022f57c-d964-4025-961b-d778bc34271c@group-E370600559D0-SegmentedRaftLogWorker] INFO  segmented.SegmentedRaftLogWorker (SegmentedRaftLogWorker.java:execute(569)) - e022f57c-d964-4025-961b-d778bc34271c@group-E370600559D0-SegmentedRaftLogWorker: created new log segment /workdir/hadoop-ozone/ozonefs/target/test-dir/MiniOzoneClusterImpl-e438aa53-7451-4657-98d5-9124de52335b/datanode-2/data/ratis/9fc63422-80fd-460d-a720-e370600559d0/current/log_inprogress_0
2019-09-25 06:10:20,573 [e022f57c-d964-4025-961b-d778bc34271c@group-231F529D07C9:LeaderElection64] INFO  impl.LeaderElection (LeaderElection.java:askForVotes(182)) - e022f57c-d964-4025-961b-d778bc34271c@group-231F529D07C9:LeaderElection64: begin an election at term 1 for -1: [e022f57c-d964-4025-961b-d778bc34271c:192.168.164.207:33876], old=null
2019-09-25 06:10:20,573 [e022f57c-d964-4025-961b-d778bc34271c@group-231F529D07C9:LeaderElection64] INFO  impl.RoleInfo (RoleInfo.java:shutdownLeaderElection(134)) - e022f57c-d964-4025-961b-d778bc34271c: shutdown LeaderElection
2019-09-25 06:10:20,573 [e022f57c-d964-4025-961b-d778bc34271c@group-231F529D07C9:LeaderElection64] INFO  impl.RaftServerImpl (RaftServerImpl.java:setRole(174)) - e022f57c-d964-4025-961b-d778bc34271c@group-231F529D07C9: changes role from CANDIDATE to LEADER at term 1 for changeToLeader
2019-09-25 06:10:20,573 [e022f57c-d964-4025-961b-d778bc34271c@group-231F529D07C9:LeaderElection64] INFO  impl.RaftServerImpl (ServerState.java:setLeader(253)) - e022f57c-d964-4025-961b-d778bc34271c@group-231F529D07C9: change Leader from null to e022f57c-d964-4025-961b-d778bc34271c at term 1 for becomeLeader, leader elected after 5043ms
2019-09-25 06:10:20,573 [e022f57c-d964-4025-961b-d778bc34271c@group-231F529D07C9:LeaderElection64] INFO  server.RaftServerConfigKeys (ConfUtils.java:logGet(43)) - raft.server.staging.catchup.gap = 1000 (default)
2019-09-25 06:10:20,573 [e022f57c-d964-4025-961b-d778bc34271c@group-231F529D07C9:LeaderElection64] INFO  server.RaftServerConfigKeys (ConfUtils.java:logGet(43)) - raft.server.rpc.sleep.time = 25ms (default)
2019-09-25 06:10:20,574 [e022f57c-d964-4025-961b-d778bc34271c@group-231F529D07C9:LeaderElection64] INFO  server.RaftServerConfigKeys (ConfUtils.java:logGet(43)) - raft.server.write.element-limit = 4096 (default)
2019-09-25 06:10:20,574 [e022f57c-d964-4025-961b-d778bc34271c@group-231F529D07C9:LeaderElection64] INFO  server.RaftServerConfigKeys (ConfUtils.java:logGet(43)) - raft.server.watch.timeout = 10s (default)
2019-09-25 06:10:20,574 [e022f57c-d964-4025-961b-d778bc34271c@group-231F529D07C9:LeaderElection64] INFO  server.RaftServerConfigKeys (ConfUtils.java:logGet(43)) - raft.server.watch.timeout.denomination = 1s (default)
2019-09-25 06:10:20,574 [e022f57c-d964-4025-961b-d778bc34271c@group-231F529D07C9:LeaderElection64] INFO  server.RaftServerConfigKeys (ConfUtils.java:logGet(43)) - raft.server.watch.element-limit = 65536 (default)
2019-09-25 06:10:20,575 [e022f57c-d964-4025-961b-d778bc34271c@group-231F529D07C9:LeaderElection64] INFO  impl.RoleInfo (RoleInfo.java:updateAndGet(143)) - e022f57c-d964-4025-961b-d778bc34271c: start LeaderState
2019-09-25 06:10:20,575 [e022f57c-d964-4025-961b-d778bc34271c@group-231F529D07C9:LeaderElection64] INFO  segmented.SegmentedRaftLogWorker (SegmentedRaftLogWorker.java:startLogSegment(380)) - e022f57c-d964-4025-961b-d778bc34271c@group-231F529D07C9-SegmentedRaftLogWorker: Starting segment from index:0
2019-09-25 06:10:20,576 [e022f57c-d964-4025-961b-d778bc34271c@group-231F529D07C9:LeaderElection64] INFO  impl.RaftServerImpl (ServerState.java:setRaftConf(354)) - e022f57c-d964-4025-961b-d778bc34271c@group-231F529D07C9: set configuration 0: [e022f57c-d964-4025-961b-d778bc34271c:192.168.164.207:33876], old=null at 0
2019-09-25 06:10:20,605 [Thread-1359] INFO  impl.FollowerState (FollowerState.java:run(106)) - e022f57c-d964-4025-961b-d778bc34271c:group-5ED9131A5FEE changes to CANDIDATE, lastRpcTime:5116, electionTimeout:5111ms
2019-09-25 06:10:20,606 [Thread-1359] INFO  impl.RoleInfo (RoleInfo.java:shutdownFollowerState(121)) - e022f57c-d964-4025-961b-d778bc34271c: shutdown FollowerState
2019-09-25 06:10:20,606 [Thread-1359] INFO  impl.RaftServerImpl (RaftServerImpl.java:setRole(174)) - e022f57c-d964-4025-961b-d778bc34271c@group-5ED9131A5FEE: changes role from  FOLLOWER to CANDIDATE at term 0 for changeToCandidate
2019-09-25 06:10:20,606 [Thread-1359] INFO  impl.RoleInfo (RoleInfo.java:updateAndGet(143)) - e022f57c-d964-4025-961b-d778bc34271c: start LeaderElection
2019-09-25 06:10:20,617 [e022f57c-d964-4025-961b-d778bc34271c@group-231F529D07C9-SegmentedRaftLogWorker] INFO  segmented.SegmentedRaftLogWorker (SegmentedRaftLogWorker.java:execute(569)) - e022f57c-d964-4025-961b-d778bc34271c@group-231F529D07C9-SegmentedRaftLogWorker: created new log segment /workdir/hadoop-ozone/ozonefs/target/test-dir/MiniOzoneClusterImpl-e438aa53-7451-4657-98d5-9124de52335b/datanode-2/data/ratis/3e288d36-d5d4-43dc-9911-231f529d07c9/current/log_inprogress_0
2019-09-25 06:10:20,618 [e022f57c-d964-4025-961b-d778bc34271c@group-5ED9131A5FEE:LeaderElection65] INFO  impl.LeaderElection (LeaderElection.java:askForVotes(182)) - e022f57c-d964-4025-961b-d778bc34271c@group-5ED9131A5FEE:LeaderElection65: begin an election at term 1 for -1: [e022f57c-d964-4025-961b-d778bc34271c:192.168.164.207:33876], old=null
2019-09-25 06:10:20,618 [e022f57c-d964-4025-961b-d778bc34271c@group-5ED9131A5FEE:LeaderElection65] INFO  impl.RoleInfo (RoleInfo.java:shutdownLeaderElection(134)) - e022f57c-d964-4025-961b-d778bc34271c: shutdown LeaderElection
2019-09-25 06:10:20,618 [e022f57c-d964-4025-961b-d778bc34271c@group-5ED9131A5FEE:LeaderElection65] INFO  impl.RaftServerImpl (RaftServerImpl.java:setRole(174)) - e022f57c-d964-4025-961b-d778bc34271c@group-5ED9131A5FEE: changes role from CANDIDATE to LEADER at term 1 for changeToLeader
2019-09-25 06:10:20,618 [e022f57c-d964-4025-961b-d778bc34271c@group-5ED9131A5FEE:LeaderElection65] INFO  impl.RaftServerImpl (ServerState.java:setLeader(253)) - e022f57c-d964-4025-961b-d778bc34271c@group-5ED9131A5FEE: change Leader from null to e022f57c-d964-4025-961b-d778bc34271c at term 1 for becomeLeader, leader elected after 5133ms
2019-09-25 06:10:20,618 [e022f57c-d964-4025-961b-d778bc34271c@group-5ED9131A5FEE:LeaderElection65] INFO  server.RaftServerConfigKeys (ConfUtils.java:logGet(43)) - raft.server.staging.catchup.gap = 1000 (default)
2019-09-25 06:10:20,618 [e022f57c-d964-4025-961b-d778bc34271c@group-5ED9131A5FEE:LeaderElection65] INFO  server.RaftServerConfigKeys (ConfUtils.java:logGet(43)) - raft.server.rpc.sleep.time = 25ms (default)
2019-09-25 06:10:20,618 [e022f57c-d964-4025-961b-d778bc34271c@group-5ED9131A5FEE:LeaderElection65] INFO  server.RaftServerConfigKeys (ConfUtils.java:logGet(43)) - raft.server.write.element-limit = 4096 (default)
2019-09-25 06:10:20,619 [e022f57c-d964-4025-961b-d778bc34271c@group-5ED9131A5FEE:LeaderElection65] INFO  server.RaftServerConfigKeys (ConfUtils.java:logGet(43)) - raft.server.watch.timeout = 10s (default)
2019-09-25 06:10:20,619 [e022f57c-d964-4025-961b-d778bc34271c@group-5ED9131A5FEE:LeaderElection65] INFO  server.RaftServerConfigKeys (ConfUtils.java:logGet(43)) - raft.server.watch.timeout.denomination = 1s (default)
2019-09-25 06:10:20,619 [e022f57c-d964-4025-961b-d778bc34271c@group-5ED9131A5FEE:LeaderElection65] INFO  server.RaftServerConfigKeys (ConfUtils.java:logGet(43)) - raft.server.watch.element-limit = 65536 (default)
2019-09-25 06:10:20,621 [e022f57c-d964-4025-961b-d778bc34271c@group-5ED9131A5FEE:LeaderElection65] INFO  impl.RoleInfo (RoleInfo.java:updateAndGet(143)) - e022f57c-d964-4025-961b-d778bc34271c: start LeaderState
2019-09-25 06:10:20,621 [e022f57c-d964-4025-961b-d778bc34271c@group-5ED9131A5FEE:LeaderElection65] INFO  segmented.SegmentedRaftLogWorker (SegmentedRaftLogWorker.java:startLogSegment(380)) - e022f57c-d964-4025-961b-d778bc34271c@group-5ED9131A5FEE-SegmentedRaftLogWorker: Starting segment from index:0
2019-09-25 06:10:20,622 [e022f57c-d964-4025-961b-d778bc34271c@group-5ED9131A5FEE:LeaderElection65] INFO  impl.RaftServerImpl (ServerState.java:setRaftConf(354)) - e022f57c-d964-4025-961b-d778bc34271c@group-5ED9131A5FEE: set configuration 0: [e022f57c-d964-4025-961b-d778bc34271c:192.168.164.207:33876], old=null at 0
2019-09-25 06:10:20,656 [e022f57c-d964-4025-961b-d778bc34271c@group-5ED9131A5FEE-SegmentedRaftLogWorker] INFO  segmented.SegmentedRaftLogWorker (SegmentedRaftLogWorker.java:execute(569)) - e022f57c-d964-4025-961b-d778bc34271c@group-5ED9131A5FEE-SegmentedRaftLogWorker: created new log segment /workdir/hadoop-ozone/ozonefs/target/test-dir/MiniOzoneClusterImpl-e438aa53-7451-4657-98d5-9124de52335b/datanode-2/data/ratis/a4cdcb1c-3040-447f-b1cf-5ed9131a5fee/current/log_inprogress_0
2019-09-25 06:10:20,922 [main] INFO  ozoneimpl.OzoneContainer (OzoneContainer.java:stop(231)) - Attempting to stop container services.
2019-09-25 06:10:20,922 [ForkJoinPool.commonPool-worker-1] INFO  ozoneimpl.OzoneContainer (OzoneContainer.java:stop(231)) - Attempting to stop container services.
2019-09-25 06:10:20,923 [main] INFO  impl.RaftServerProxy (RaftServerProxy.java:lambda$close$4(314)) - cc5d4b6f-867d-404b-b47c-cb5df444b38b: close
2019-09-25 06:10:20,923 [ForkJoinPool.commonPool-worker-1] INFO  impl.RaftServerProxy (RaftServerProxy.java:lambda$close$4(314)) - 096e6fc4-835c-4a45-ba0a-cde44f03dca5: close
2019-09-25 06:10:20,923 [main] INFO  impl.RaftServerImpl (RaftServerImpl.java:lambda$shutdown$3(251)) - cc5d4b6f-867d-404b-b47c-cb5df444b38b@group-3D947F716634: shutdown
2019-09-25 06:10:20,923 [ForkJoinPool.commonPool-worker-1] INFO  impl.RaftServerImpl (RaftServerImpl.java:lambda$shutdown$3(251)) - 096e6fc4-835c-4a45-ba0a-cde44f03dca5@group-397AA8283B4C: shutdown
2019-09-25 06:10:20,924 [main] INFO  util.JmxRegister (JmxRegister.java:unregister(73)) - Successfully un-registered JMX Bean with object name Ratis:service=RaftServer,group=group-3D947F716634,id=cc5d4b6f-867d-404b-b47c-cb5df444b38b
2019-09-25 06:10:20,924 [ForkJoinPool.commonPool-worker-1] INFO  util.JmxRegister (JmxRegister.java:unregister(73)) - Successfully un-registered JMX Bean with object name Ratis:service=RaftServer,group=group-397AA8283B4C,id=096e6fc4-835c-4a45-ba0a-cde44f03dca5
2019-09-25 06:10:20,924 [main] INFO  impl.RoleInfo (RoleInfo.java:shutdownLeaderState(104)) - cc5d4b6f-867d-404b-b47c-cb5df444b38b: shutdown LeaderState
2019-09-25 06:10:20,925 [ForkJoinPool.commonPool-worker-1] INFO  impl.RoleInfo (RoleInfo.java:shutdownLeaderState(104)) - 096e6fc4-835c-4a45-ba0a-cde44f03dca5: shutdown LeaderState
2019-09-25 06:10:20,925 [main] INFO  impl.PendingRequests (PendingRequests.java:sendNotLeaderResponses(202)) - cc5d4b6f-867d-404b-b47c-cb5df444b38b-PendingRequests: sendNotLeaderResponses
2019-09-25 06:10:20,925 [ForkJoinPool.commonPool-worker-1] INFO  impl.PendingRequests (PendingRequests.java:sendNotLeaderResponses(202)) - 096e6fc4-835c-4a45-ba0a-cde44f03dca5-PendingRequests: sendNotLeaderResponses
2019-09-25 06:10:20,926 [main] INFO  impl.StateMachineUpdater (StateMachineUpdater.java:stopAndJoin(125)) - cc5d4b6f-867d-404b-b47c-cb5df444b38b@group-3D947F716634-StateMachineUpdater: set stopIndex = 0
2019-09-25 06:10:20,935 [main] INFO  impl.RaftServerImpl (ServerState.java:close(385)) - cc5d4b6f-867d-404b-b47c-cb5df444b38b@group-3D947F716634: closes. applyIndex: 0
2019-09-25 06:10:20,926 [ForkJoinPool.commonPool-worker-1] INFO  impl.StateMachineUpdater (StateMachineUpdater.java:stopAndJoin(125)) - 096e6fc4-835c-4a45-ba0a-cde44f03dca5@group-397AA8283B4C-StateMachineUpdater: set stopIndex = 0
2019-09-25 06:10:20,936 [cc5d4b6f-867d-404b-b47c-cb5df444b38b@group-3D947F716634-SegmentedRaftLogWorker] INFO  segmented.SegmentedRaftLogWorker (SegmentedRaftLogWorker.java:run(313)) - cc5d4b6f-867d-404b-b47c-cb5df444b38b@group-3D947F716634-SegmentedRaftLogWorker was interrupted, exiting. There are 0 tasks remaining in the queue.
2019-09-25 06:10:20,936 [ForkJoinPool.commonPool-worker-1] INFO  impl.RaftServerImpl (ServerState.java:close(385)) - 096e6fc4-835c-4a45-ba0a-cde44f03dca5@group-397AA8283B4C: closes. applyIndex: 0
2019-09-25 06:10:20,938 [main] INFO  segmented.SegmentedRaftLogWorker (SegmentedRaftLogWorker.java:close(228)) - cc5d4b6f-867d-404b-b47c-cb5df444b38b@group-3D947F716634-SegmentedRaftLogWorker close()
2019-09-25 06:10:20,938 [096e6fc4-835c-4a45-ba0a-cde44f03dca5@group-397AA8283B4C-SegmentedRaftLogWorker] INFO  segmented.SegmentedRaftLogWorker (SegmentedRaftLogWorker.java:run(313)) - 096e6fc4-835c-4a45-ba0a-cde44f03dca5@group-397AA8283B4C-SegmentedRaftLogWorker was interrupted, exiting. There are 0 tasks remaining in the queue.
2019-09-25 06:10:20,943 [main] INFO  impl.RaftServerImpl (RaftServerImpl.java:lambda$shutdown$3(251)) - cc5d4b6f-867d-404b-b47c-cb5df444b38b@group-6BDFBF63CCA8: shutdown
2019-09-25 06:10:20,943 [ForkJoinPool.commonPool-worker-1] INFO  segmented.SegmentedRaftLogWorker (SegmentedRaftLogWorker.java:close(228)) - 096e6fc4-835c-4a45-ba0a-cde44f03dca5@group-397AA8283B4C-SegmentedRaftLogWorker close()
2019-09-25 06:10:20,943 [main] INFO  util.JmxRegister (JmxRegister.java:unregister(73)) - Successfully un-registered JMX Bean with object name Ratis:service=RaftServer,group=group-6BDFBF63CCA8,id=cc5d4b6f-867d-404b-b47c-cb5df444b38b
2019-09-25 06:10:20,947 [ForkJoinPool.commonPool-worker-1] INFO  impl.RaftServerImpl (RaftServerImpl.java:lambda$shutdown$3(251)) - 096e6fc4-835c-4a45-ba0a-cde44f03dca5@group-AC73F6CCA985: shutdown
2019-09-25 06:10:20,947 [main] INFO  impl.RoleInfo (RoleInfo.java:shutdownLeaderState(104)) - cc5d4b6f-867d-404b-b47c-cb5df444b38b: shutdown LeaderState
2019-09-25 06:10:20,947 [ForkJoinPool.commonPool-worker-1] INFO  util.JmxRegister (JmxRegister.java:unregister(73)) - Successfully un-registered JMX Bean with object name Ratis:service=RaftServer,group=group-AC73F6CCA985,id=096e6fc4-835c-4a45-ba0a-cde44f03dca5
2019-09-25 06:10:20,948 [main] INFO  impl.PendingRequests (PendingRequests.java:sendNotLeaderResponses(202)) - cc5d4b6f-867d-404b-b47c-cb5df444b38b-PendingRequests: sendNotLeaderResponses
2019-09-25 06:10:20,948 [ForkJoinPool.commonPool-worker-1] INFO  impl.RoleInfo (RoleInfo.java:shutdownLeaderState(104)) - 096e6fc4-835c-4a45-ba0a-cde44f03dca5: shutdown LeaderState
2019-09-25 06:10:20,948 [main] INFO  impl.StateMachineUpdater (StateMachineUpdater.java:stopAndJoin(125)) - cc5d4b6f-867d-404b-b47c-cb5df444b38b@group-6BDFBF63CCA8-StateMachineUpdater: set stopIndex = 0
2019-09-25 06:10:20,948 [ForkJoinPool.commonPool-worker-1] INFO  impl.PendingRequests (PendingRequests.java:sendNotLeaderResponses(202)) - 096e6fc4-835c-4a45-ba0a-cde44f03dca5-PendingRequests: sendNotLeaderResponses
2019-09-25 06:10:20,949 [main] INFO  impl.RaftServerImpl (ServerState.java:close(385)) - cc5d4b6f-867d-404b-b47c-cb5df444b38b@group-6BDFBF63CCA8: closes. applyIndex: 0
2019-09-25 06:10:20,949 [ForkJoinPool.commonPool-worker-1] INFO  impl.StateMachineUpdater (StateMachineUpdater.java:stopAndJoin(125)) - 096e6fc4-835c-4a45-ba0a-cde44f03dca5@group-AC73F6CCA985-StateMachineUpdater: set stopIndex = 0
2019-09-25 06:10:20,949 [cc5d4b6f-867d-404b-b47c-cb5df444b38b@group-6BDFBF63CCA8-SegmentedRaftLogWorker] INFO  segmented.SegmentedRaftLogWorker (SegmentedRaftLogWorker.java:run(313)) - cc5d4b6f-867d-404b-b47c-cb5df444b38b@group-6BDFBF63CCA8-SegmentedRaftLogWorker was interrupted, exiting. There are 0 tasks remaining in the queue.
2019-09-25 06:10:20,950 [ForkJoinPool.commonPool-worker-1] INFO  impl.RaftServerImpl (ServerState.java:close(385)) - 096e6fc4-835c-4a45-ba0a-cde44f03dca5@group-AC73F6CCA985: closes. applyIndex: 0
2019-09-25 06:10:20,951 [main] INFO  segmented.SegmentedRaftLogWorker (SegmentedRaftLogWorker.java:close(228)) - cc5d4b6f-867d-404b-b47c-cb5df444b38b@group-6BDFBF63CCA8-SegmentedRaftLogWorker close()
2019-09-25 06:10:20,951 [096e6fc4-835c-4a45-ba0a-cde44f03dca5@group-AC73F6CCA985-SegmentedRaftLogWorker] INFO  segmented.SegmentedRaftLogWorker (SegmentedRaftLogWorker.java:run(313)) - 096e6fc4-835c-4a45-ba0a-cde44f03dca5@group-AC73F6CCA985-SegmentedRaftLogWorker was interrupted, exiting. There are 0 tasks remaining in the queue.
2019-09-25 06:10:20,954 [main] INFO  impl.RaftServerImpl (RaftServerImpl.java:lambda$shutdown$3(251)) - cc5d4b6f-867d-404b-b47c-cb5df444b38b@group-15A9184575F8: shutdown
2019-09-25 06:10:20,956 [ForkJoinPool.commonPool-worker-1] INFO  segmented.SegmentedRaftLogWorker (SegmentedRaftLogWorker.java:close(228)) - 096e6fc4-835c-4a45-ba0a-cde44f03dca5@group-AC73F6CCA985-SegmentedRaftLogWorker close()
2019-09-25 06:10:20,956 [main] INFO  util.JmxRegister (JmxRegister.java:unregister(73)) - Successfully un-registered JMX Bean with object name Ratis:service=RaftServer,group=group-15A9184575F8,id=cc5d4b6f-867d-404b-b47c-cb5df444b38b
2019-09-25 06:10:20,959 [ForkJoinPool.commonPool-worker-1] INFO  impl.RaftServerImpl (RaftServerImpl.java:lambda$shutdown$3(251)) - 096e6fc4-835c-4a45-ba0a-cde44f03dca5@group-3B7F456F0D6E: shutdown
2019-09-25 06:10:20,959 [main] INFO  impl.RoleInfo (RoleInfo.java:shutdownLeaderState(104)) - cc5d4b6f-867d-404b-b47c-cb5df444b38b: shutdown LeaderState
2019-09-25 06:10:20,959 [ForkJoinPool.commonPool-worker-1] INFO  util.JmxRegister (JmxRegister.java:unregister(73)) - Successfully un-registered JMX Bean with object name Ratis:service=RaftServer,group=group-3B7F456F0D6E,id=096e6fc4-835c-4a45-ba0a-cde44f03dca5
2019-09-25 06:10:20,960 [main] INFO  impl.PendingRequests (PendingRequests.java:sendNotLeaderResponses(202)) - cc5d4b6f-867d-404b-b47c-cb5df444b38b-PendingRequests: sendNotLeaderResponses
2019-09-25 06:10:20,960 [ForkJoinPool.commonPool-worker-1] INFO  impl.RoleInfo (RoleInfo.java:shutdownLeaderState(104)) - 096e6fc4-835c-4a45-ba0a-cde44f03dca5: shutdown LeaderState
2019-09-25 06:10:20,960 [main] INFO  impl.StateMachineUpdater (StateMachineUpdater.java:stopAndJoin(125)) - cc5d4b6f-867d-404b-b47c-cb5df444b38b@group-15A9184575F8-StateMachineUpdater: set stopIndex = 0
2019-09-25 06:10:20,960 [ForkJoinPool.commonPool-worker-1] INFO  impl.PendingRequests (PendingRequests.java:sendNotLeaderResponses(202)) - 096e6fc4-835c-4a45-ba0a-cde44f03dca5-PendingRequests: sendNotLeaderResponses
2019-09-25 06:10:20,960 [main] INFO  impl.RaftServerImpl (ServerState.java:close(385)) - cc5d4b6f-867d-404b-b47c-cb5df444b38b@group-15A9184575F8: closes. applyIndex: 0
2019-09-25 06:10:20,961 [ForkJoinPool.commonPool-worker-1] INFO  impl.StateMachineUpdater (StateMachineUpdater.java:stopAndJoin(125)) - 096e6fc4-835c-4a45-ba0a-cde44f03dca5@group-3B7F456F0D6E-StateMachineUpdater: set stopIndex = 0
2019-09-25 06:10:20,961 [cc5d4b6f-867d-404b-b47c-cb5df444b38b@group-15A9184575F8-SegmentedRaftLogWorker] INFO  segmented.SegmentedRaftLogWorker (SegmentedRaftLogWorker.java:run(313)) - cc5d4b6f-867d-404b-b47c-cb5df444b38b@group-15A9184575F8-SegmentedRaftLogWorker was interrupted, exiting. There are 0 tasks remaining in the queue.
2019-09-25 06:10:20,961 [ForkJoinPool.commonPool-worker-1] INFO  impl.RaftServerImpl (ServerState.java:close(385)) - 096e6fc4-835c-4a45-ba0a-cde44f03dca5@group-3B7F456F0D6E: closes. applyIndex: 0
2019-09-25 06:10:20,967 [main] INFO  segmented.SegmentedRaftLogWorker (SegmentedRaftLogWorker.java:close(228)) - cc5d4b6f-867d-404b-b47c-cb5df444b38b@group-15A9184575F8-SegmentedRaftLogWorker close()
2019-09-25 06:10:20,967 [096e6fc4-835c-4a45-ba0a-cde44f03dca5@group-3B7F456F0D6E-SegmentedRaftLogWorker] INFO  segmented.SegmentedRaftLogWorker (SegmentedRaftLogWorker.java:run(313)) - 096e6fc4-835c-4a45-ba0a-cde44f03dca5@group-3B7F456F0D6E-SegmentedRaftLogWorker was interrupted, exiting. There are 0 tasks remaining in the queue.
2019-09-25 06:10:20,969 [main] INFO  impl.RaftServerImpl (RaftServerImpl.java:lambda$shutdown$3(251)) - cc5d4b6f-867d-404b-b47c-cb5df444b38b@group-9273CEF24262: shutdown
2019-09-25 06:10:20,969 [ForkJoinPool.commonPool-worker-1] INFO  segmented.SegmentedRaftLogWorker (SegmentedRaftLogWorker.java:close(228)) - 096e6fc4-835c-4a45-ba0a-cde44f03dca5@group-3B7F456F0D6E-SegmentedRaftLogWorker close()
2019-09-25 06:10:20,969 [main] INFO  util.JmxRegister (JmxRegister.java:unregister(73)) - Successfully un-registered JMX Bean with object name Ratis:service=RaftServer,group=group-9273CEF24262,id=cc5d4b6f-867d-404b-b47c-cb5df444b38b
2019-09-25 06:10:20,970 [ForkJoinPool.commonPool-worker-1] INFO  impl.RaftServerImpl (RaftServerImpl.java:lambda$shutdown$3(251)) - 096e6fc4-835c-4a45-ba0a-cde44f03dca5@group-645FFC0849E0: shutdown
2019-09-25 06:10:20,971 [main] INFO  impl.RoleInfo (RoleInfo.java:shutdownLeaderState(104)) - cc5d4b6f-867d-404b-b47c-cb5df444b38b: shutdown LeaderState
2019-09-25 06:10:20,971 [ForkJoinPool.commonPool-worker-1] INFO  util.JmxRegister (JmxRegister.java:unregister(73)) - Successfully un-registered JMX Bean with object name Ratis:service=RaftServer,group=group-645FFC0849E0,id=096e6fc4-835c-4a45-ba0a-cde44f03dca5
2019-09-25 06:10:20,971 [main] INFO  impl.PendingRequests (PendingRequests.java:sendNotLeaderResponses(202)) - cc5d4b6f-867d-404b-b47c-cb5df444b38b-PendingRequests: sendNotLeaderResponses
2019-09-25 06:10:20,971 [ForkJoinPool.commonPool-worker-1] INFO  impl.RoleInfo (RoleInfo.java:shutdownLeaderState(104)) - 096e6fc4-835c-4a45-ba0a-cde44f03dca5: shutdown LeaderState
2019-09-25 06:10:20,972 [main] INFO  impl.StateMachineUpdater (StateMachineUpdater.java:stopAndJoin(125)) - cc5d4b6f-867d-404b-b47c-cb5df444b38b@group-9273CEF24262-StateMachineUpdater: set stopIndex = 0
2019-09-25 06:10:20,972 [main] INFO  impl.RaftServerImpl (ServerState.java:close(385)) - cc5d4b6f-867d-404b-b47c-cb5df444b38b@group-9273CEF24262: closes. applyIndex: 0
2019-09-25 06:10:20,972 [ForkJoinPool.commonPool-worker-1] INFO  impl.PendingRequests (PendingRequests.java:sendNotLeaderResponses(202)) - 096e6fc4-835c-4a45-ba0a-cde44f03dca5-PendingRequests: sendNotLeaderResponses
2019-09-25 06:10:20,972 [cc5d4b6f-867d-404b-b47c-cb5df444b38b@group-9273CEF24262-SegmentedRaftLogWorker] INFO  segmented.SegmentedRaftLogWorker (SegmentedRaftLogWorker.java:run(313)) - cc5d4b6f-867d-404b-b47c-cb5df444b38b@group-9273CEF24262-SegmentedRaftLogWorker was interrupted, exiting. There are 0 tasks remaining in the queue.
2019-09-25 06:10:20,973 [ForkJoinPool.commonPool-worker-1] INFO  impl.StateMachineUpdater (StateMachineUpdater.java:stopAndJoin(125)) - 096e6fc4-835c-4a45-ba0a-cde44f03dca5@group-645FFC0849E0-StateMachineUpdater: set stopIndex = 0
2019-09-25 06:10:20,973 [main] INFO  segmented.SegmentedRaftLogWorker (SegmentedRaftLogWorker.java:close(228)) - cc5d4b6f-867d-404b-b47c-cb5df444b38b@group-9273CEF24262-SegmentedRaftLogWorker close()
2019-09-25 06:10:20,974 [ForkJoinPool.commonPool-worker-1] INFO  impl.RaftServerImpl (ServerState.java:close(385)) - 096e6fc4-835c-4a45-ba0a-cde44f03dca5@group-645FFC0849E0: closes. applyIndex: 0
2019-09-25 06:10:20,976 [main] INFO  impl.RaftServerImpl (RaftServerImpl.java:lambda$shutdown$3(251)) - cc5d4b6f-867d-404b-b47c-cb5df444b38b@group-51AD166C9C6E: shutdown
2019-09-25 06:10:20,976 [096e6fc4-835c-4a45-ba0a-cde44f03dca5@group-645FFC0849E0-SegmentedRaftLogWorker] INFO  segmented.SegmentedRaftLogWorker (SegmentedRaftLogWorker.java:run(313)) - 096e6fc4-835c-4a45-ba0a-cde44f03dca5@group-645FFC0849E0-SegmentedRaftLogWorker was interrupted, exiting. There are 0 tasks remaining in the queue.
2019-09-25 06:10:20,976 [main] INFO  util.JmxRegister (JmxRegister.java:unregister(73)) - Successfully un-registered JMX Bean with object name Ratis:service=RaftServer,group=group-51AD166C9C6E,id=cc5d4b6f-867d-404b-b47c-cb5df444b38b
2019-09-25 06:10:20,976 [ForkJoinPool.commonPool-worker-1] INFO  segmented.SegmentedRaftLogWorker (SegmentedRaftLogWorker.java:close(228)) - 096e6fc4-835c-4a45-ba0a-cde44f03dca5@group-645FFC0849E0-SegmentedRaftLogWorker close()
2019-09-25 06:10:20,976 [main] INFO  impl.RoleInfo (RoleInfo.java:shutdownLeaderState(104)) - cc5d4b6f-867d-404b-b47c-cb5df444b38b: shutdown LeaderState
2019-09-25 06:10:20,978 [ForkJoinPool.commonPool-worker-1] INFO  impl.RaftServerImpl (RaftServerImpl.java:lambda$shutdown$3(251)) - 096e6fc4-835c-4a45-ba0a-cde44f03dca5@group-9C13403D1361: shutdown
2019-09-25 06:10:20,978 [main] INFO  impl.PendingRequests (PendingRequests.java:sendNotLeaderResponses(202)) - cc5d4b6f-867d-404b-b47c-cb5df444b38b-PendingRequests: sendNotLeaderResponses
2019-09-25 06:10:20,978 [ForkJoinPool.commonPool-worker-1] INFO  util.JmxRegister (JmxRegister.java:unregister(73)) - Successfully un-registered JMX Bean with object name Ratis:service=RaftServer,group=group-9C13403D1361,id=096e6fc4-835c-4a45-ba0a-cde44f03dca5
2019-09-25 06:10:20,978 [main] INFO  impl.StateMachineUpdater (StateMachineUpdater.java:stopAndJoin(125)) - cc5d4b6f-867d-404b-b47c-cb5df444b38b@group-51AD166C9C6E-StateMachineUpdater: set stopIndex = 0
2019-09-25 06:10:20,979 [ForkJoinPool.commonPool-worker-1] INFO  impl.RoleInfo (RoleInfo.java:shutdownLeaderState(104)) - 096e6fc4-835c-4a45-ba0a-cde44f03dca5: shutdown LeaderState
2019-09-25 06:10:20,979 [main] INFO  impl.RaftServerImpl (ServerState.java:close(385)) - cc5d4b6f-867d-404b-b47c-cb5df444b38b@group-51AD166C9C6E: closes. applyIndex: 0
2019-09-25 06:10:20,979 [ForkJoinPool.commonPool-worker-1] INFO  impl.PendingRequests (PendingRequests.java:sendNotLeaderResponses(202)) - 096e6fc4-835c-4a45-ba0a-cde44f03dca5-PendingRequests: sendNotLeaderResponses
2019-09-25 06:10:20,980 [cc5d4b6f-867d-404b-b47c-cb5df444b38b@group-51AD166C9C6E-SegmentedRaftLogWorker] INFO  segmented.SegmentedRaftLogWorker (SegmentedRaftLogWorker.java:run(313)) - cc5d4b6f-867d-404b-b47c-cb5df444b38b@group-51AD166C9C6E-SegmentedRaftLogWorker was interrupted, exiting. There are 0 tasks remaining in the queue.
2019-09-25 06:10:20,980 [ForkJoinPool.commonPool-worker-1] INFO  impl.StateMachineUpdater (StateMachineUpdater.java:stopAndJoin(125)) - 096e6fc4-835c-4a45-ba0a-cde44f03dca5@group-9C13403D1361-StateMachineUpdater: set stopIndex = 0
2019-09-25 06:10:20,980 [main] INFO  segmented.SegmentedRaftLogWorker (SegmentedRaftLogWorker.java:close(228)) - cc5d4b6f-867d-404b-b47c-cb5df444b38b@group-51AD166C9C6E-SegmentedRaftLogWorker close()
2019-09-25 06:10:20,980 [ForkJoinPool.commonPool-worker-1] INFO  impl.RaftServerImpl (ServerState.java:close(385)) - 096e6fc4-835c-4a45-ba0a-cde44f03dca5@group-9C13403D1361: closes. applyIndex: 0
2019-09-25 06:10:20,985 [main] INFO  impl.RaftServerImpl (RaftServerImpl.java:lambda$shutdown$3(251)) - cc5d4b6f-867d-404b-b47c-cb5df444b38b@group-A0C17E3C5848: shutdown
2019-09-25 06:10:20,986 [096e6fc4-835c-4a45-ba0a-cde44f03dca5@group-9C13403D1361-SegmentedRaftLogWorker] INFO  segmented.SegmentedRaftLogWorker (SegmentedRaftLogWorker.java:run(313)) - 096e6fc4-835c-4a45-ba0a-cde44f03dca5@group-9C13403D1361-SegmentedRaftLogWorker was interrupted, exiting. There are 0 tasks remaining in the queue.
2019-09-25 06:10:20,986 [main] INFO  util.JmxRegister (JmxRegister.java:unregister(73)) - Successfully un-registered JMX Bean with object name Ratis:service=RaftServer,group=group-A0C17E3C5848,id=cc5d4b6f-867d-404b-b47c-cb5df444b38b
2019-09-25 06:10:20,986 [ForkJoinPool.commonPool-worker-1] INFO  segmented.SegmentedRaftLogWorker (SegmentedRaftLogWorker.java:close(228)) - 096e6fc4-835c-4a45-ba0a-cde44f03dca5@group-9C13403D1361-SegmentedRaftLogWorker close()
2019-09-25 06:10:20,986 [main] INFO  impl.RoleInfo (RoleInfo.java:shutdownLeaderState(104)) - cc5d4b6f-867d-404b-b47c-cb5df444b38b: shutdown LeaderState
2019-09-25 06:10:20,986 [ForkJoinPool.commonPool-worker-1] INFO  impl.RaftServerImpl (RaftServerImpl.java:lambda$shutdown$3(251)) - 096e6fc4-835c-4a45-ba0a-cde44f03dca5@group-90DA1DC3A47D: shutdown
2019-09-25 06:10:20,987 [main] INFO  impl.PendingRequests (PendingRequests.java:sendNotLeaderResponses(202)) - cc5d4b6f-867d-404b-b47c-cb5df444b38b-PendingRequests: sendNotLeaderResponses
2019-09-25 06:10:20,987 [ForkJoinPool.commonPool-worker-1] INFO  util.JmxRegister (JmxRegister.java:unregister(73)) - Successfully un-registered JMX Bean with object name Ratis:service=RaftServer,group=group-90DA1DC3A47D,id=096e6fc4-835c-4a45-ba0a-cde44f03dca5
2019-09-25 06:10:20,987 [main] INFO  impl.StateMachineUpdater (StateMachineUpdater.java:stopAndJoin(125)) - cc5d4b6f-867d-404b-b47c-cb5df444b38b@group-A0C17E3C5848-StateMachineUpdater: set stopIndex = 0
2019-09-25 06:10:20,987 [ForkJoinPool.commonPool-worker-1] INFO  impl.RoleInfo (RoleInfo.java:shutdownLeaderState(104)) - 096e6fc4-835c-4a45-ba0a-cde44f03dca5: shutdown LeaderState
2019-09-25 06:10:20,987 [main] INFO  impl.RaftServerImpl (ServerState.java:close(385)) - cc5d4b6f-867d-404b-b47c-cb5df444b38b@group-A0C17E3C5848: closes. applyIndex: 0
2019-09-25 06:10:20,988 [ForkJoinPool.commonPool-worker-1] INFO  impl.PendingRequests (PendingRequests.java:sendNotLeaderResponses(202)) - 096e6fc4-835c-4a45-ba0a-cde44f03dca5-PendingRequests: sendNotLeaderResponses
2019-09-25 06:10:20,988 [cc5d4b6f-867d-404b-b47c-cb5df444b38b@group-A0C17E3C5848-SegmentedRaftLogWorker] INFO  segmented.SegmentedRaftLogWorker (SegmentedRaftLogWorker.java:run(313)) - cc5d4b6f-867d-404b-b47c-cb5df444b38b@group-A0C17E3C5848-SegmentedRaftLogWorker was interrupted, exiting. There are 0 tasks remaining in the queue.
2019-09-25 06:10:20,988 [ForkJoinPool.commonPool-worker-1] INFO  impl.StateMachineUpdater (StateMachineUpdater.java:stopAndJoin(125)) - 096e6fc4-835c-4a45-ba0a-cde44f03dca5@group-90DA1DC3A47D-StateMachineUpdater: set stopIndex = 0
2019-09-25 06:10:20,988 [main] INFO  segmented.SegmentedRaftLogWorker (SegmentedRaftLogWorker.java:close(228)) - cc5d4b6f-867d-404b-b47c-cb5df444b38b@group-A0C17E3C5848-SegmentedRaftLogWorker close()
2019-09-25 06:10:20,988 [ForkJoinPool.commonPool-worker-1] INFO  impl.RaftServerImpl (ServerState.java:close(385)) - 096e6fc4-835c-4a45-ba0a-cde44f03dca5@group-90DA1DC3A47D: closes. applyIndex: 0
2019-09-25 06:10:20,989 [main] INFO  server.GrpcService (GrpcService.java:closeImpl(164)) - cc5d4b6f-867d-404b-b47c-cb5df444b38b: shutdown server with port 43456 now
2019-09-25 06:10:20,989 [096e6fc4-835c-4a45-ba0a-cde44f03dca5@group-90DA1DC3A47D-SegmentedRaftLogWorker] INFO  segmented.SegmentedRaftLogWorker (SegmentedRaftLogWorker.java:run(313)) - 096e6fc4-835c-4a45-ba0a-cde44f03dca5@group-90DA1DC3A47D-SegmentedRaftLogWorker was interrupted, exiting. There are 0 tasks remaining in the queue.
2019-09-25 06:10:20,991 [ForkJoinPool.commonPool-worker-1] INFO  segmented.SegmentedRaftLogWorker (SegmentedRaftLogWorker.java:close(228)) - 096e6fc4-835c-4a45-ba0a-cde44f03dca5@group-90DA1DC3A47D-SegmentedRaftLogWorker close()
2019-09-25 06:10:20,991 [main] INFO  server.GrpcService (GrpcService.java:closeImpl(172)) - cc5d4b6f-867d-404b-b47c-cb5df444b38b: shutdown server with port 43456 successfully
2019-09-25 06:10:20,991 [ForkJoinPool.commonPool-worker-1] INFO  server.GrpcService (GrpcService.java:closeImpl(164)) - 096e6fc4-835c-4a45-ba0a-cde44f03dca5: shutdown server with port 42535 now
2019-09-25 06:10:20,993 [ForkJoinPool.commonPool-worker-1] INFO  server.GrpcService (GrpcService.java:closeImpl(172)) - 096e6fc4-835c-4a45-ba0a-cde44f03dca5: shutdown server with port 42535 successfully
2019-09-25 06:10:20,995 [refreshUsed-/workdir/hadoop-ozone/ozonefs/target/test-dir/MiniOzoneClusterImpl-e438aa53-7451-4657-98d5-9124de52335b/datanode-1/data/containers] WARN  fs.CachingGetSpaceUsed (CachingGetSpaceUsed.java:run(183)) - Thread Interrupted waiting to refresh disk information: sleep interrupted
2019-09-25 06:10:20,995 [refreshUsed-/workdir/hadoop-ozone/ozonefs/target/test-dir/MiniOzoneClusterImpl-e438aa53-7451-4657-98d5-9124de52335b/datanode-0/data/containers] WARN  fs.CachingGetSpaceUsed (CachingGetSpaceUsed.java:run(183)) - Thread Interrupted waiting to refresh disk information: sleep interrupted
2019-09-25 06:10:21,020 [ForkJoinPool.commonPool-worker-1] INFO  utils.BackgroundService (BackgroundService.java:shutdown(148)) - Shutting down service BlockDeletingService
2019-09-25 06:10:21,025 [ForkJoinPool.commonPool-worker-1] INFO  statemachine.DatanodeStateMachine (DatanodeStateMachine.java:stopDaemon(395)) - Ozone container server stopped.
2019-09-25 06:10:21,030 [main] INFO  utils.BackgroundService (BackgroundService.java:shutdown(148)) - Shutting down service BlockDeletingService
2019-09-25 06:10:21,034 [main] INFO  statemachine.DatanodeStateMachine (DatanodeStateMachine.java:stopDaemon(395)) - Ozone container server stopped.
2019-09-25 06:10:21,040 [ForkJoinPool.commonPool-worker-1] INFO  handler.ContextHandler (ContextHandler.java:doStop(910)) - Stopped o.e.j.w.WebAppContext@5cfed0ba{/,null,UNAVAILABLE}{/hddsDatanode}
2019-09-25 06:10:21,040 [main] INFO  handler.ContextHandler (ContextHandler.java:doStop(910)) - Stopped o.e.j.w.WebAppContext@bbb6f0{/,null,UNAVAILABLE}{/hddsDatanode}
2019-09-25 06:10:21,041 [ForkJoinPool.commonPool-worker-1] INFO  server.AbstractConnector (AbstractConnector.java:doStop(318)) - Stopped ServerConnector@5c8d58ed{HTTP/1.1,[http/1.1]}{0.0.0.0:0}
2019-09-25 06:10:21,042 [ForkJoinPool.commonPool-worker-1] INFO  handler.ContextHandler (ContextHandler.java:doStop(910)) - Stopped o.e.j.s.ServletContextHandler@512abf25{/static,jar:file:/home/user/.m2/repository/org/apache/hadoop/hadoop-hdds-container-service/0.5.0-SNAPSHOT/hadoop-hdds-container-service-0.5.0-SNAPSHOT.jar!/webapps/static,UNAVAILABLE}
2019-09-25 06:10:21,042 [main] INFO  server.AbstractConnector (AbstractConnector.java:doStop(318)) - Stopped ServerConnector@3e6ec74{HTTP/1.1,[http/1.1]}{0.0.0.0:0}
2019-09-25 06:10:21,044 [ForkJoinPool.commonPool-worker-1] INFO  handler.ContextHandler (ContextHandler.java:doStop(910)) - Stopped o.e.j.s.ServletContextHandler@62cbc478{/logs,file:///workdir/hadoop-ozone/ozonefs/target/log,UNAVAILABLE}
2019-09-25 06:10:21,044 [main] INFO  handler.ContextHandler (ContextHandler.java:doStop(910)) - Stopped o.e.j.s.ServletContextHandler@1595d2b2{/static,jar:file:/home/user/.m2/repository/org/apache/hadoop/hadoop-hdds-container-service/0.5.0-SNAPSHOT/hadoop-hdds-container-service-0.5.0-SNAPSHOT.jar!/webapps/static,UNAVAILABLE}
2019-09-25 06:10:21,045 [main] INFO  handler.ContextHandler (ContextHandler.java:doStop(910)) - Stopped o.e.j.s.ServletContextHandler@12abcd1e{/logs,file:///workdir/hadoop-ozone/ozonefs/target/log,UNAVAILABLE}
2019-09-25 06:10:21,696 [Datanode State Machine Thread - 0] INFO  statemachine.DatanodeStateMachine (DatanodeStateMachine.java:lambda$startDaemon$0(350)) - Ozone container server started.
2019-09-25 06:10:26,045 [ForkJoinPool.commonPool-worker-1] INFO  ozoneimpl.OzoneContainer (OzoneContainer.java:stop(231)) - Attempting to stop container services.
2019-09-25 06:10:26,046 [ForkJoinPool.commonPool-worker-1] INFO  impl.RaftServerProxy (RaftServerProxy.java:lambda$close$4(314)) - e022f57c-d964-4025-961b-d778bc34271c: close
2019-09-25 06:10:26,046 [ForkJoinPool.commonPool-worker-1] INFO  impl.RaftServerImpl (RaftServerImpl.java:lambda$shutdown$3(251)) - e022f57c-d964-4025-961b-d778bc34271c@group-E370600559D0: shutdown
2019-09-25 06:10:26,046 [ForkJoinPool.commonPool-worker-1] INFO  util.JmxRegister (JmxRegister.java:unregister(73)) - Successfully un-registered JMX Bean with object name Ratis:service=RaftServer,group=group-E370600559D0,id=e022f57c-d964-4025-961b-d778bc34271c
2019-09-25 06:10:26,046 [ForkJoinPool.commonPool-worker-1] INFO  impl.RoleInfo (RoleInfo.java:shutdownLeaderState(104)) - e022f57c-d964-4025-961b-d778bc34271c: shutdown LeaderState
2019-09-25 06:10:26,047 [ForkJoinPool.commonPool-worker-1] INFO  impl.PendingRequests (PendingRequests.java:sendNotLeaderResponses(202)) - e022f57c-d964-4025-961b-d778bc34271c-PendingRequests: sendNotLeaderResponses
2019-09-25 06:10:26,047 [ForkJoinPool.commonPool-worker-1] INFO  impl.StateMachineUpdater (StateMachineUpdater.java:stopAndJoin(125)) - e022f57c-d964-4025-961b-d778bc34271c@group-E370600559D0-StateMachineUpdater: set stopIndex = 0
2019-09-25 06:10:26,049 [ForkJoinPool.commonPool-worker-1] INFO  impl.RaftServerImpl (ServerState.java:close(385)) - e022f57c-d964-4025-961b-d778bc34271c@group-E370600559D0: closes. applyIndex: 0
2019-09-25 06:10:26,049 [e022f57c-d964-4025-961b-d778bc34271c@group-E370600559D0-SegmentedRaftLogWorker] INFO  segmented.SegmentedRaftLogWorker (SegmentedRaftLogWorker.java:run(313)) - e022f57c-d964-4025-961b-d778bc34271c@group-E370600559D0-SegmentedRaftLogWorker was interrupted, exiting. There are 0 tasks remaining in the queue.
2019-09-25 06:10:26,049 [ForkJoinPool.commonPool-worker-1] INFO  segmented.SegmentedRaftLogWorker (SegmentedRaftLogWorker.java:close(228)) - e022f57c-d964-4025-961b-d778bc34271c@group-E370600559D0-SegmentedRaftLogWorker close()
2019-09-25 06:10:26,050 [ForkJoinPool.commonPool-worker-1] INFO  impl.RaftServerImpl (RaftServerImpl.java:lambda$shutdown$3(251)) - e022f57c-d964-4025-961b-d778bc34271c@group-B0D6A6B9061C: shutdown
2019-09-25 06:10:26,050 [ForkJoinPool.commonPool-worker-1] INFO  util.JmxRegister (JmxRegister.java:unregister(73)) - Successfully un-registered JMX Bean with object name Ratis:service=RaftServer,group=group-B0D6A6B9061C,id=e022f57c-d964-4025-961b-d778bc34271c
2019-09-25 06:10:26,050 [ForkJoinPool.commonPool-worker-1] INFO  impl.RoleInfo (RoleInfo.java:shutdownLeaderState(104)) - e022f57c-d964-4025-961b-d778bc34271c: shutdown LeaderState
2019-09-25 06:10:26,050 [ForkJoinPool.commonPool-worker-1] INFO  impl.PendingRequests (PendingRequests.java:sendNotLeaderResponses(202)) - e022f57c-d964-4025-961b-d778bc34271c-PendingRequests: sendNotLeaderResponses
2019-09-25 06:10:26,051 [ForkJoinPool.commonPool-worker-1] INFO  impl.StateMachineUpdater (StateMachineUpdater.java:stopAndJoin(125)) - e022f57c-d964-4025-961b-d778bc34271c@group-B0D6A6B9061C-StateMachineUpdater: set stopIndex = 0
2019-09-25 06:10:26,051 [ForkJoinPool.commonPool-worker-1] INFO  impl.RaftServerImpl (ServerState.java:close(385)) - e022f57c-d964-4025-961b-d778bc34271c@group-B0D6A6B9061C: closes. applyIndex: 0
2019-09-25 06:10:26,051 [e022f57c-d964-4025-961b-d778bc34271c@group-B0D6A6B9061C-SegmentedRaftLogWorker] INFO  segmented.SegmentedRaftLogWorker (SegmentedRaftLogWorker.java:run(313)) - e022f57c-d964-4025-961b-d778bc34271c@group-B0D6A6B9061C-SegmentedRaftLogWorker was interrupted, exiting. There are 0 tasks remaining in the queue.
2019-09-25 06:10:26,051 [ForkJoinPool.commonPool-worker-1] INFO  segmented.SegmentedRaftLogWorker (SegmentedRaftLogWorker.java:close(228)) - e022f57c-d964-4025-961b-d778bc34271c@group-B0D6A6B9061C-SegmentedRaftLogWorker close()
2019-09-25 06:10:26,052 [ForkJoinPool.commonPool-worker-1] INFO  impl.RaftServerImpl (RaftServerImpl.java:lambda$shutdown$3(251)) - e022f57c-d964-4025-961b-d778bc34271c@group-668DCE5B702C: shutdown
2019-09-25 06:10:26,052 [ForkJoinPool.commonPool-worker-1] INFO  util.JmxRegister (JmxRegister.java:unregister(73)) - Successfully un-registered JMX Bean with object name Ratis:service=RaftServer,group=group-668DCE5B702C,id=e022f57c-d964-4025-961b-d778bc34271c
2019-09-25 06:10:26,052 [ForkJoinPool.commonPool-worker-1] INFO  impl.RoleInfo (RoleInfo.java:shutdownLeaderState(104)) - e022f57c-d964-4025-961b-d778bc34271c: shutdown LeaderState
2019-09-25 06:10:26,052 [ForkJoinPool.commonPool-worker-1] INFO  impl.PendingRequests (PendingRequests.java:sendNotLeaderResponses(202)) - e022f57c-d964-4025-961b-d778bc34271c-PendingRequests: sendNotLeaderResponses
2019-09-25 06:10:26,053 [ForkJoinPool.commonPool-worker-1] INFO  impl.StateMachineUpdater (StateMachineUpdater.java:stopAndJoin(125)) - e022f57c-d964-4025-961b-d778bc34271c@group-668DCE5B702C-StateMachineUpdater: set stopIndex = 0
2019-09-25 06:10:26,054 [ForkJoinPool.commonPool-worker-1] INFO  impl.RaftServerImpl (ServerState.java:close(385)) - e022f57c-d964-4025-961b-d778bc34271c@group-668DCE5B702C: closes. applyIndex: 0
2019-09-25 06:10:26,055 [e022f57c-d964-4025-961b-d778bc34271c@group-668DCE5B702C-SegmentedRaftLogWorker] INFO  segmented.SegmentedRaftLogWorker (SegmentedRaftLogWorker.java:run(313)) - e022f57c-d964-4025-961b-d778bc34271c@group-668DCE5B702C-SegmentedRaftLogWorker was interrupted, exiting. There are 0 tasks remaining in the queue.
2019-09-25 06:10:26,055 [ForkJoinPool.commonPool-worker-1] INFO  segmented.SegmentedRaftLogWorker (SegmentedRaftLogWorker.java:close(228)) - e022f57c-d964-4025-961b-d778bc34271c@group-668DCE5B702C-SegmentedRaftLogWorker close()
2019-09-25 06:10:26,055 [ForkJoinPool.commonPool-worker-1] INFO  impl.RaftServerImpl (RaftServerImpl.java:lambda$shutdown$3(251)) - e022f57c-d964-4025-961b-d778bc34271c@group-B8E0A5B84A99: shutdown
2019-09-25 06:10:26,055 [ForkJoinPool.commonPool-worker-1] INFO  util.JmxRegister (JmxRegister.java:unregister(73)) - Successfully un-registered JMX Bean with object name Ratis:service=RaftServer,group=group-B8E0A5B84A99,id=e022f57c-d964-4025-961b-d778bc34271c
2019-09-25 06:10:26,056 [ForkJoinPool.commonPool-worker-1] INFO  impl.RoleInfo (RoleInfo.java:shutdownLeaderState(104)) - e022f57c-d964-4025-961b-d778bc34271c: shutdown LeaderState
2019-09-25 06:10:26,056 [ForkJoinPool.commonPool-worker-1] INFO  impl.PendingRequests (PendingRequests.java:sendNotLeaderResponses(202)) - e022f57c-d964-4025-961b-d778bc34271c-PendingRequests: sendNotLeaderResponses
2019-09-25 06:10:26,056 [ForkJoinPool.commonPool-worker-1] INFO  impl.StateMachineUpdater (StateMachineUpdater.java:stopAndJoin(125)) - e022f57c-d964-4025-961b-d778bc34271c@group-B8E0A5B84A99-StateMachineUpdater: set stopIndex = 0
2019-09-25 06:10:26,056 [ForkJoinPool.commonPool-worker-1] INFO  impl.RaftServerImpl (ServerState.java:close(385)) - e022f57c-d964-4025-961b-d778bc34271c@group-B8E0A5B84A99: closes. applyIndex: 0
2019-09-25 06:10:26,057 [e022f57c-d964-4025-961b-d778bc34271c@group-B8E0A5B84A99-SegmentedRaftLogWorker] INFO  segmented.SegmentedRaftLogWorker (SegmentedRaftLogWorker.java:run(313)) - e022f57c-d964-4025-961b-d778bc34271c@group-B8E0A5B84A99-SegmentedRaftLogWorker was interrupted, exiting. There are 0 tasks remaining in the queue.
2019-09-25 06:10:26,057 [ForkJoinPool.commonPool-worker-1] INFO  segmented.SegmentedRaftLogWorker (SegmentedRaftLogWorker.java:close(228)) - e022f57c-d964-4025-961b-d778bc34271c@group-B8E0A5B84A99-SegmentedRaftLogWorker close()
2019-09-25 06:10:26,057 [ForkJoinPool.commonPool-worker-1] INFO  impl.RaftServerImpl (RaftServerImpl.java:lambda$shutdown$3(251)) - e022f57c-d964-4025-961b-d778bc34271c@group-5ED9131A5FEE: shutdown
2019-09-25 06:10:26,057 [ForkJoinPool.commonPool-worker-1] INFO  util.JmxRegister (JmxRegister.java:unregister(73)) - Successfully un-registered JMX Bean with object name Ratis:service=RaftServer,group=group-5ED9131A5FEE,id=e022f57c-d964-4025-961b-d778bc34271c
2019-09-25 06:10:26,058 [ForkJoinPool.commonPool-worker-1] INFO  impl.RoleInfo (RoleInfo.java:shutdownLeaderState(104)) - e022f57c-d964-4025-961b-d778bc34271c: shutdown LeaderState
2019-09-25 06:10:26,058 [ForkJoinPool.commonPool-worker-1] INFO  impl.PendingRequests (PendingRequests.java:sendNotLeaderResponses(202)) - e022f57c-d964-4025-961b-d778bc34271c-PendingRequests: sendNotLeaderResponses
2019-09-25 06:10:26,058 [ForkJoinPool.commonPool-worker-1] INFO  impl.StateMachineUpdater (StateMachineUpdater.java:stopAndJoin(125)) - e022f57c-d964-4025-961b-d778bc34271c@group-5ED9131A5FEE-StateMachineUpdater: set stopIndex = 0
2019-09-25 06:10:26,058 [ForkJoinPool.commonPool-worker-1] INFO  impl.RaftServerImpl (ServerState.java:close(385)) - e022f57c-d964-4025-961b-d778bc34271c@group-5ED9131A5FEE: closes. applyIndex: 0
2019-09-25 06:10:26,059 [e022f57c-d964-4025-961b-d778bc34271c@group-5ED9131A5FEE-SegmentedRaftLogWorker] INFO  segmented.SegmentedRaftLogWorker (SegmentedRaftLogWorker.java:run(313)) - e022f57c-d964-4025-961b-d778bc34271c@group-5ED9131A5FEE-SegmentedRaftLogWorker was interrupted, exiting. There are 0 tasks remaining in the queue.
2019-09-25 06:10:26,059 [ForkJoinPool.commonPool-worker-1] INFO  segmented.SegmentedRaftLogWorker (SegmentedRaftLogWorker.java:close(228)) - e022f57c-d964-4025-961b-d778bc34271c@group-5ED9131A5FEE-SegmentedRaftLogWorker close()
2019-09-25 06:10:26,059 [ForkJoinPool.commonPool-worker-1] INFO  impl.RaftServerImpl (RaftServerImpl.java:lambda$shutdown$3(251)) - e022f57c-d964-4025-961b-d778bc34271c@group-231F529D07C9: shutdown
2019-09-25 06:10:26,059 [ForkJoinPool.commonPool-worker-1] INFO  util.JmxRegister (JmxRegister.java:unregister(73)) - Successfully un-registered JMX Bean with object name Ratis:service=RaftServer,group=group-231F529D07C9,id=e022f57c-d964-4025-961b-d778bc34271c
2019-09-25 06:10:26,059 [ForkJoinPool.commonPool-worker-1] INFO  impl.RoleInfo (RoleInfo.java:shutdownLeaderState(104)) - e022f57c-d964-4025-961b-d778bc34271c: shutdown LeaderState
2019-09-25 06:10:26,060 [ForkJoinPool.commonPool-worker-1] INFO  impl.PendingRequests (PendingRequests.java:sendNotLeaderResponses(202)) - e022f57c-d964-4025-961b-d778bc34271c-PendingRequests: sendNotLeaderResponses
2019-09-25 06:10:26,060 [ForkJoinPool.commonPool-worker-1] INFO  impl.StateMachineUpdater (StateMachineUpdater.java:stopAndJoin(125)) - e022f57c-d964-4025-961b-d778bc34271c@group-231F529D07C9-StateMachineUpdater: set stopIndex = 0
2019-09-25 06:10:26,060 [ForkJoinPool.commonPool-worker-1] INFO  impl.RaftServerImpl (ServerState.java:close(385)) - e022f57c-d964-4025-961b-d778bc34271c@group-231F529D07C9: closes. applyIndex: 0
2019-09-25 06:10:26,061 [e022f57c-d964-4025-961b-d778bc34271c@group-231F529D07C9-SegmentedRaftLogWorker] INFO  segmented.SegmentedRaftLogWorker (SegmentedRaftLogWorker.java:run(313)) - e022f57c-d964-4025-961b-d778bc34271c@group-231F529D07C9-SegmentedRaftLogWorker was interrupted, exiting. There are 0 tasks remaining in the queue.
2019-09-25 06:10:26,061 [ForkJoinPool.commonPool-worker-1] INFO  segmented.SegmentedRaftLogWorker (SegmentedRaftLogWorker.java:close(228)) - e022f57c-d964-4025-961b-d778bc34271c@group-231F529D07C9-SegmentedRaftLogWorker close()
2019-09-25 06:10:26,061 [ForkJoinPool.commonPool-worker-1] INFO  server.GrpcService (GrpcService.java:closeImpl(164)) - e022f57c-d964-4025-961b-d778bc34271c: shutdown server with port 33876 now
2019-09-25 06:10:26,062 [ForkJoinPool.commonPool-worker-1] INFO  server.GrpcService (GrpcService.java:closeImpl(172)) - e022f57c-d964-4025-961b-d778bc34271c: shutdown server with port 33876 successfully
2019-09-25 06:10:26,064 [refreshUsed-/workdir/hadoop-ozone/ozonefs/target/test-dir/MiniOzoneClusterImpl-e438aa53-7451-4657-98d5-9124de52335b/datanode-2/data/containers] WARN  fs.CachingGetSpaceUsed (CachingGetSpaceUsed.java:run(183)) - Thread Interrupted waiting to refresh disk information: sleep interrupted
2019-09-25 06:10:26,088 [ForkJoinPool.commonPool-worker-1] INFO  utils.BackgroundService (BackgroundService.java:shutdown(148)) - Shutting down service BlockDeletingService
2019-09-25 06:10:26,091 [ForkJoinPool.commonPool-worker-1] INFO  statemachine.DatanodeStateMachine (DatanodeStateMachine.java:stopDaemon(395)) - Ozone container server stopped.
2019-09-25 06:10:26,105 [ForkJoinPool.commonPool-worker-1] INFO  handler.ContextHandler (ContextHandler.java:doStop(910)) - Stopped o.e.j.w.WebAppContext@2eb0cefe{/,null,UNAVAILABLE}{/hddsDatanode}
2019-09-25 06:10:26,106 [ForkJoinPool.commonPool-worker-1] INFO  server.AbstractConnector (AbstractConnector.java:doStop(318)) - Stopped ServerConnector@5a2ae1ab{HTTP/1.1,[http/1.1]}{0.0.0.0:0}
2019-09-25 06:10:26,106 [ForkJoinPool.commonPool-worker-1] INFO  handler.ContextHandler (ContextHandler.java:doStop(910)) - Stopped o.e.j.s.ServletContextHandler@4a2bf50f{/static,jar:file:/home/user/.m2/repository/org/apache/hadoop/hadoop-hdds-container-service/0.5.0-SNAPSHOT/hadoop-hdds-container-service-0.5.0-SNAPSHOT.jar!/webapps/static,UNAVAILABLE}
2019-09-25 06:10:26,107 [ForkJoinPool.commonPool-worker-1] INFO  handler.ContextHandler (ContextHandler.java:doStop(910)) - Stopped o.e.j.s.ServletContextHandler@1a914089{/logs,file:///workdir/hadoop-ozone/ozonefs/target/log,UNAVAILABLE}
2019-09-25 06:10:26,108 [main] INFO  ozone.MiniOzoneClusterImpl (MiniOzoneClusterImpl.java:stopSCM(392)) - Stopping the StorageContainerManager
2019-09-25 06:10:26,108 [main] INFO  server.StorageContainerManager (StorageContainerManager.java:stop(808)) - Stopping Replication Manager Service.
2019-09-25 06:10:26,108 [main] INFO  container.ReplicationManager (ReplicationManager.java:stop(204)) - Stopping Replication Monitor Thread.
2019-09-25 06:10:26,108 [main] INFO  server.StorageContainerManager (StorageContainerManager.java:stop(815)) - Stopping Lease Manager of the command watchers
2019-09-25 06:10:26,108 [main] INFO  server.StorageContainerManager (StorageContainerManager.java:stop(822)) - Stopping datanode service RPC server
2019-09-25 06:10:26,108 [main] INFO  server.SCMDatanodeProtocolServer (SCMDatanodeProtocolServer.java:stop(367)) - Stopping the RPC server for DataNodes
2019-09-25 06:10:26,108 [main] INFO  ipc.Server (Server.java:stop(3082)) - Stopping server on 42472
2019-09-25 06:10:26,110 [IPC Server listener on 42472] INFO  ipc.Server (Server.java:run(1185)) - Stopping IPC Server listener on 42472
2019-09-25 06:10:26,110 [IPC Server Responder] INFO  ipc.Server (Server.java:run(1319)) - Stopping IPC Server Responder
2019-09-25 06:10:26,112 [SCM Heartbeat Processing Thread - 0] WARN  node.NodeStateManager (NodeStateManager.java:scheduleNextHealthCheck(655)) - Current Thread is interrupted, shutting down HB processing thread for Node Manager.
2019-09-25 06:10:26,112 [main] INFO  server.StorageContainerManager (StorageContainerManager.java:stop(830)) - Stopping block service RPC server
2019-09-25 06:10:26,112 [main] INFO  server.SCMBlockProtocolServer (SCMBlockProtocolServer.java:stop(155)) - Stopping the RPC server for Block Protocol
2019-09-25 06:10:26,113 [main] INFO  ipc.Server (Server.java:stop(3082)) - Stopping server on 38989
2019-09-25 06:10:26,114 [IPC Server listener on 38989] INFO  ipc.Server (Server.java:run(1185)) - Stopping IPC Server listener on 38989
2019-09-25 06:10:26,114 [main] INFO  server.StorageContainerManager (StorageContainerManager.java:stop(837)) - Stopping the StorageContainerLocationProtocol RPC server
2019-09-25 06:10:26,115 [IPC Server Responder] INFO  ipc.Server (Server.java:run(1319)) - Stopping IPC Server Responder
2019-09-25 06:10:26,115 [main] INFO  server.SCMClientProtocolServer (SCMClientProtocolServer.java:stop(159)) - Stopping the RPC server for Client Protocol
2019-09-25 06:10:26,115 [main] INFO  ipc.Server (Server.java:stop(3082)) - Stopping server on 34824
2019-09-25 06:10:26,117 [IPC Server listener on 34824] INFO  ipc.Server (Server.java:run(1185)) - Stopping IPC Server listener on 34824
2019-09-25 06:10:26,117 [main] INFO  server.StorageContainerManager (StorageContainerManager.java:stop(844)) - Stopping Storage Container Manager HTTP server.
2019-09-25 06:10:26,117 [IPC Server Responder] INFO  ipc.Server (Server.java:run(1319)) - Stopping IPC Server Responder
2019-09-25 06:10:26,119 [main] INFO  handler.ContextHandler (ContextHandler.java:doStop(910)) - Stopped o.e.j.w.WebAppContext@6e9a0bea{/,null,UNAVAILABLE}{/scm}
2019-09-25 06:10:26,119 [main] INFO  server.AbstractConnector (AbstractConnector.java:doStop(318)) - Stopped ServerConnector@28fc1132{HTTP/1.1,[http/1.1]}{0.0.0.0:0}
2019-09-25 06:10:26,119 [main] INFO  handler.ContextHandler (ContextHandler.java:doStop(910)) - Stopped o.e.j.s.ServletContextHandler@26c8b296{/static,jar:file:/home/user/.m2/repository/org/apache/hadoop/hadoop-hdds-server-scm/0.5.0-SNAPSHOT/hadoop-hdds-server-scm-0.5.0-SNAPSHOT.jar!/webapps/static,UNAVAILABLE}
2019-09-25 06:10:26,120 [main] INFO  handler.ContextHandler (ContextHandler.java:doStop(910)) - Stopped o.e.j.s.ServletContextHandler@8c0a23f{/logs,file:///workdir/hadoop-ozone/ozonefs/target/log,UNAVAILABLE}
2019-09-25 06:10:26,120 [main] INFO  server.StorageContainerManager (StorageContainerManager.java:stop(855)) - Stopping Block Manager Service.
2019-09-25 06:10:26,121 [main] INFO  utils.BackgroundService (BackgroundService.java:shutdown(148)) - Shutting down service SCMBlockDeletingService
2019-09-25 06:10:26,121 [main] INFO  utils.BackgroundService (BackgroundService.java:shutdown(148)) - Shutting down service SCMBlockDeletingService
2019-09-25 06:10:26,121 [main] INFO  server.StorageContainerManager (StorageContainerManager.java:stop(877)) - Stopping SCM Event Queue.
2019-09-25 06:10:26,124 [main] INFO  impl.MetricsSystemImpl (MetricsSystemImpl.java:stop(210)) - Stopping HddsDatanode metrics system...
2019-09-25 06:10:26,139 [main] INFO  impl.MetricsSystemImpl (MetricsSystemImpl.java:stop(216)) - HddsDatanode metrics system stopped.
]]></system-out>
  </testcase>
  <testcase name="testOzoneManagerFileSystemInterface[1]" classname="org.apache.hadoop.fs.ozone.TestOzoneFileInterfaces" time="37.352"/>
  <testcase name="testListStatus[1]" classname="org.apache.hadoop.fs.ozone.TestOzoneFileInterfaces" time="40.173"/>
  <testcase name="testDirectory[1]" classname="org.apache.hadoop.fs.ozone.TestOzoneFileInterfaces" time="45.186"/>
  <testcase name="testPathToKey[1]" classname="org.apache.hadoop.fs.ozone.TestOzoneFileInterfaces" time="75.689"/>
  <testcase name="testFileSystemInit[1]" classname="org.apache.hadoop.fs.ozone.TestOzoneFileInterfaces" time="54.11"/>
  <testcase name="testOzFsReadWrite[1]" classname="org.apache.hadoop.fs.ozone.TestOzoneFileInterfaces" time="130.374">
    <error message="Allocated 0 blocks. Requested 1 blocks" type="INTERNAL_ERROR org.apache.hadoop.ozone.om.exceptions.OMException">INTERNAL_ERROR org.apache.hadoop.ozone.om.exceptions.OMException: Allocated 0 blocks. Requested 1 blocks
	at org.apache.hadoop.ozone.om.protocolPB.OzoneManagerProtocolClientSideTranslatorPB.handleError(OzoneManagerProtocolClientSideTranslatorPB.java:732)
	at org.apache.hadoop.ozone.om.protocolPB.OzoneManagerProtocolClientSideTranslatorPB.createFile(OzoneManagerProtocolClientSideTranslatorPB.java:1536)
	at sun.reflect.NativeMethodAccessorImpl.invoke0(Native Method)
	at sun.reflect.NativeMethodAccessorImpl.invoke(NativeMethodAccessorImpl.java:62)
	at sun.reflect.DelegatingMethodAccessorImpl.invoke(DelegatingMethodAccessorImpl.java:43)
	at java.lang.reflect.Method.invoke(Method.java:498)
	at org.apache.hadoop.hdds.tracing.TraceAllMethod.invoke(TraceAllMethod.java:66)
	at com.sun.proxy.$Proxy39.createFile(Unknown Source)
	at org.apache.hadoop.ozone.client.rpc.RpcClient.createFile(RpcClient.java:1006)
	at org.apache.hadoop.ozone.client.OzoneBucket.createFile(OzoneBucket.java:537)
	at org.apache.hadoop.fs.ozone.BasicOzoneClientAdapterImpl.createFile(BasicOzoneClientAdapterImpl.java:205)
	at org.apache.hadoop.fs.ozone.BasicOzoneFileSystem.createOutputStream(BasicOzoneFileSystem.java:250)
	at org.apache.hadoop.fs.ozone.BasicOzoneFileSystem.create(BasicOzoneFileSystem.java:231)
	at org.apache.hadoop.fs.FileSystem.create(FileSystem.java:1118)
	at org.apache.hadoop.fs.FileSystem.create(FileSystem.java:1098)
	at org.apache.hadoop.fs.FileSystem.create(FileSystem.java:987)
	at org.apache.hadoop.fs.FileSystem.create(FileSystem.java:975)
	at org.apache.hadoop.fs.ozone.TestOzoneFileInterfaces.testOzFsReadWrite(TestOzoneFileInterfaces.java:169)
	at sun.reflect.NativeMethodAccessorImpl.invoke0(Native Method)
	at sun.reflect.NativeMethodAccessorImpl.invoke(NativeMethodAccessorImpl.java:62)
	at sun.reflect.DelegatingMethodAccessorImpl.invoke(DelegatingMethodAccessorImpl.java:43)
	at java.lang.reflect.Method.invoke(Method.java:498)
	at org.junit.runners.model.FrameworkMethod$1.runReflectiveCall(FrameworkMethod.java:47)
	at org.junit.internal.runners.model.ReflectiveCallable.run(ReflectiveCallable.java:12)
	at org.junit.runners.model.FrameworkMethod.invokeExplosively(FrameworkMethod.java:44)
	at org.junit.internal.runners.statements.InvokeMethod.evaluate(InvokeMethod.java:17)
	at org.junit.internal.runners.statements.RunBefores.evaluate(RunBefores.java:26)
	at org.junit.internal.runners.statements.RunAfters.evaluate(RunAfters.java:27)
	at org.junit.runners.ParentRunner.runLeaf(ParentRunner.java:271)
	at org.junit.runners.BlockJUnit4ClassRunner.runChild(BlockJUnit4ClassRunner.java:70)
	at org.junit.runners.BlockJUnit4ClassRunner.runChild(BlockJUnit4ClassRunner.java:50)
	at org.junit.runners.ParentRunner$3.run(ParentRunner.java:238)
	at org.junit.runners.ParentRunner$1.schedule(ParentRunner.java:63)
	at org.junit.runners.ParentRunner.runChildren(ParentRunner.java:236)
	at org.junit.runners.ParentRunner.access$000(ParentRunner.java:53)
	at org.junit.runners.ParentRunner$2.evaluate(ParentRunner.java:229)
	at org.junit.runners.ParentRunner.run(ParentRunner.java:309)
	at org.junit.runners.Suite.runChild(Suite.java:127)
	at org.junit.runners.Suite.runChild(Suite.java:26)
	at org.junit.runners.ParentRunner$3.run(ParentRunner.java:238)
	at org.junit.runners.ParentRunner$1.schedule(ParentRunner.java:63)
	at org.junit.runners.ParentRunner.runChildren(ParentRunner.java:236)
	at org.junit.runners.ParentRunner.access$000(ParentRunner.java:53)
	at org.junit.runners.ParentRunner$2.evaluate(ParentRunner.java:229)
	at org.junit.runners.ParentRunner.run(ParentRunner.java:309)
	at org.apache.maven.surefire.junit4.JUnit4Provider.execute(JUnit4Provider.java:365)
	at org.apache.maven.surefire.junit4.JUnit4Provider.executeWithRerun(JUnit4Provider.java:273)
	at org.apache.maven.surefire.junit4.JUnit4Provider.executeTestSet(JUnit4Provider.java:238)
	at org.apache.maven.surefire.junit4.JUnit4Provider.invoke(JUnit4Provider.java:159)
	at org.apache.maven.surefire.booter.ForkedBooter.invokeProviderInSameClassLoader(ForkedBooter.java:384)
	at org.apache.maven.surefire.booter.ForkedBooter.runSuitesInProcess(ForkedBooter.java:345)
	at org.apache.maven.surefire.booter.ForkedBooter.execute(ForkedBooter.java:126)
	at org.apache.maven.surefire.booter.ForkedBooter.main(ForkedBooter.java:418)
</error>
    <system-out><![CDATA[2019-09-25 06:14:38,696 [main] WARN  server.ServerUtils (ServerUtils.java:getScmDbDir(145)) - ozone.scm.db.dirs is not configured. We recommend adding this setting. Falling back to ozone.metadata.dirs instead.
2019-09-25 06:14:38,705 [460e50fd-4297-43e6-bcfc-961bbb0906d5@group-8023DDAE40A9:LeaderElection84] WARN  util.FileUtils (LogUtils.java:runAndLog(55)) - Failed to Files.move /workdir/hadoop-ozone/ozonefs/target/test-dir/MiniOzoneClusterImpl-b9e773a4-a5aa-44c5-b1f1-0806c20f83a4/datanode-2/data/ratis/82e5393f-d7ee-4570-bd87-8023ddae40a9/current/raft-meta.tmp to /workdir/hadoop-ozone/ozonefs/target/test-dir/MiniOzoneClusterImpl-b9e773a4-a5aa-44c5-b1f1-0806c20f83a4/datanode-2/data/ratis/82e5393f-d7ee-4570-bd87-8023ddae40a9/current/raft-meta: java.nio.file.NoSuchFileException: /workdir/hadoop-ozone/ozonefs/target/test-dir/MiniOzoneClusterImpl-b9e773a4-a5aa-44c5-b1f1-0806c20f83a4/datanode-2/data/ratis/82e5393f-d7ee-4570-bd87-8023ddae40a9/current/raft-meta.tmp
2019-09-25 06:14:38,706 [460e50fd-4297-43e6-bcfc-961bbb0906d5@group-8023DDAE40A9:LeaderElection84] WARN  util.AtomicFileOutputStream (AtomicFileOutputStream.java:abort(100)) - Unable to delete tmp file during abort /workdir/hadoop-ozone/ozonefs/target/test-dir/MiniOzoneClusterImpl-b9e773a4-a5aa-44c5-b1f1-0806c20f83a4/datanode-2/data/ratis/82e5393f-d7ee-4570-bd87-8023ddae40a9/current/raft-meta.tmp
2019-09-25 06:14:38,707 [460e50fd-4297-43e6-bcfc-961bbb0906d5@group-8023DDAE40A9:LeaderElection84] INFO  impl.LeaderElection (LogUtils.java:infoOrTrace(149)) - Failed 460e50fd-4297-43e6-bcfc-961bbb0906d5@group-8023DDAE40A9:LeaderElection84, state=CLOSING: {}
java.nio.file.NoSuchFileException: /workdir/hadoop-ozone/ozonefs/target/test-dir/MiniOzoneClusterImpl-b9e773a4-a5aa-44c5-b1f1-0806c20f83a4/datanode-2/data/ratis/82e5393f-d7ee-4570-bd87-8023ddae40a9/current/raft-meta.tmp
	at sun.nio.fs.UnixException.translateToIOException(UnixException.java:86)
	at sun.nio.fs.UnixException.rethrowAsIOException(UnixException.java:102)
	at sun.nio.fs.UnixException.rethrowAsIOException(UnixException.java:107)
	at sun.nio.fs.UnixCopyFile.move(UnixCopyFile.java:409)
	at sun.nio.fs.UnixFileSystemProvider.move(UnixFileSystemProvider.java:262)
	at java.nio.file.Files.move(Files.java:1395)
	at org.apache.ratis.util.FileUtils.lambda$move$6(FileUtils.java:65)
	at org.apache.ratis.util.LogUtils.runAndLog(LogUtils.java:50)
	at org.apache.ratis.util.FileUtils.move(FileUtils.java:64)
	at org.apache.ratis.util.FileUtils.move(FileUtils.java:60)
	at org.apache.ratis.util.AtomicFileOutputStream.close(AtomicFileOutputStream.java:73)
	at org.apache.ratis.server.storage.MetaFile.writeFile(MetaFile.java:96)
	at org.apache.ratis.server.storage.MetaFile.set(MetaFile.java:75)
	at org.apache.ratis.server.raftlog.segmented.SegmentedRaftLog.writeMetadata(SegmentedRaftLog.java:449)
	at org.apache.ratis.server.impl.ServerState.persistMetadata(ServerState.java:230)
	at org.apache.ratis.server.impl.LeaderElection.askForVotes(LeaderElection.java:180)
	at org.apache.ratis.server.impl.LeaderElection.run(LeaderElection.java:133)
	at java.lang.Thread.run(Thread.java:748)
2019-09-25 06:14:38,708 [460e50fd-4297-43e6-bcfc-961bbb0906d5@group-8023DDAE40A9:LeaderElection84] INFO  impl.LeaderElection (LeaderElection.java:run(140)) - 460e50fd-4297-43e6-bcfc-961bbb0906d5@group-8023DDAE40A9:LeaderElection84: NoSuchFileException is safely ignored since this is already CLOSING
2019-09-25 06:14:43,916 [main] WARN  server.ServerUtils (ServerUtils.java:getScmDbDir(145)) - ozone.scm.db.dirs is not configured. We recommend adding this setting. Falling back to ozone.metadata.dirs instead.
2019-09-25 06:14:43,918 [460e50fd-4297-43e6-bcfc-961bbb0906d5@group-5931D401CF49:LeaderElection87] WARN  util.FileUtils (LogUtils.java:runAndLog(55)) - Failed to Files.move /workdir/hadoop-ozone/ozonefs/target/test-dir/MiniOzoneClusterImpl-b9e773a4-a5aa-44c5-b1f1-0806c20f83a4/datanode-2/data/ratis/3a62458f-b778-4466-b813-5931d401cf49/current/raft-meta.tmp to /workdir/hadoop-ozone/ozonefs/target/test-dir/MiniOzoneClusterImpl-b9e773a4-a5aa-44c5-b1f1-0806c20f83a4/datanode-2/data/ratis/3a62458f-b778-4466-b813-5931d401cf49/current/raft-meta: java.nio.file.NoSuchFileException: /workdir/hadoop-ozone/ozonefs/target/test-dir/MiniOzoneClusterImpl-b9e773a4-a5aa-44c5-b1f1-0806c20f83a4/datanode-2/data/ratis/3a62458f-b778-4466-b813-5931d401cf49/current/raft-meta.tmp
2019-09-25 06:14:43,918 [460e50fd-4297-43e6-bcfc-961bbb0906d5@group-8F247CB66B77:LeaderElection86] WARN  util.FileUtils (LogUtils.java:runAndLog(55)) - Failed to Files.move /workdir/hadoop-ozone/ozonefs/target/test-dir/MiniOzoneClusterImpl-b9e773a4-a5aa-44c5-b1f1-0806c20f83a4/datanode-2/data/ratis/ed151b90-aeeb-4e87-ac2f-8f247cb66b77/current/raft-meta.tmp to /workdir/hadoop-ozone/ozonefs/target/test-dir/MiniOzoneClusterImpl-b9e773a4-a5aa-44c5-b1f1-0806c20f83a4/datanode-2/data/ratis/ed151b90-aeeb-4e87-ac2f-8f247cb66b77/current/raft-meta: java.nio.file.NoSuchFileException: /workdir/hadoop-ozone/ozonefs/target/test-dir/MiniOzoneClusterImpl-b9e773a4-a5aa-44c5-b1f1-0806c20f83a4/datanode-2/data/ratis/ed151b90-aeeb-4e87-ac2f-8f247cb66b77/current/raft-meta.tmp
2019-09-25 06:14:43,918 [460e50fd-4297-43e6-bcfc-961bbb0906d5@group-5931D401CF49:LeaderElection87] WARN  util.AtomicFileOutputStream (AtomicFileOutputStream.java:abort(100)) - Unable to delete tmp file during abort /workdir/hadoop-ozone/ozonefs/target/test-dir/MiniOzoneClusterImpl-b9e773a4-a5aa-44c5-b1f1-0806c20f83a4/datanode-2/data/ratis/3a62458f-b778-4466-b813-5931d401cf49/current/raft-meta.tmp
2019-09-25 06:14:43,918 [main] WARN  server.ServerUtils (ServerUtils.java:getScmDbDir(145)) - ozone.scm.db.dirs is not configured. We recommend adding this setting. Falling back to ozone.metadata.dirs instead.
2019-09-25 06:14:43,918 [460e50fd-4297-43e6-bcfc-961bbb0906d5@group-07D53EAFE0D3:LeaderElection85] WARN  util.FileUtils (LogUtils.java:runAndLog(55)) - Failed to Files.move /workdir/hadoop-ozone/ozonefs/target/test-dir/MiniOzoneClusterImpl-b9e773a4-a5aa-44c5-b1f1-0806c20f83a4/datanode-2/data/ratis/f68346e5-389f-4ca5-bdeb-07d53eafe0d3/current/raft-meta.tmp to /workdir/hadoop-ozone/ozonefs/target/test-dir/MiniOzoneClusterImpl-b9e773a4-a5aa-44c5-b1f1-0806c20f83a4/datanode-2/data/ratis/f68346e5-389f-4ca5-bdeb-07d53eafe0d3/current/raft-meta: java.nio.file.NoSuchFileException: /workdir/hadoop-ozone/ozonefs/target/test-dir/MiniOzoneClusterImpl-b9e773a4-a5aa-44c5-b1f1-0806c20f83a4/datanode-2/data/ratis/f68346e5-389f-4ca5-bdeb-07d53eafe0d3/current/raft-meta.tmp
2019-09-25 06:14:43,921 [main] INFO  db.DBStoreBuilder (DBStoreBuilder.java:addTable(110)) - using custom profile for table: deletedBlocks
2019-09-25 06:14:43,921 [main] INFO  db.DBStoreBuilder (DBStoreBuilder.java:processTables(161)) - Using default column profile:DBProfile.DISK for Table:deletedBlocks
2019-09-25 06:14:43,920 [460e50fd-4297-43e6-bcfc-961bbb0906d5@group-5931D401CF49:LeaderElection87] INFO  impl.LeaderElection (LogUtils.java:infoOrTrace(149)) - Failed 460e50fd-4297-43e6-bcfc-961bbb0906d5@group-5931D401CF49:LeaderElection87, state=CLOSING: {}
java.nio.file.NoSuchFileException: /workdir/hadoop-ozone/ozonefs/target/test-dir/MiniOzoneClusterImpl-b9e773a4-a5aa-44c5-b1f1-0806c20f83a4/datanode-2/data/ratis/3a62458f-b778-4466-b813-5931d401cf49/current/raft-meta.tmp
	at sun.nio.fs.UnixException.translateToIOException(UnixException.java:86)
	at sun.nio.fs.UnixException.rethrowAsIOException(UnixException.java:102)
	at sun.nio.fs.UnixException.rethrowAsIOException(UnixException.java:107)
	at sun.nio.fs.UnixCopyFile.move(UnixCopyFile.java:409)
	at sun.nio.fs.UnixFileSystemProvider.move(UnixFileSystemProvider.java:262)
	at java.nio.file.Files.move(Files.java:1395)
	at org.apache.ratis.util.FileUtils.lambda$move$6(FileUtils.java:65)
	at org.apache.ratis.util.LogUtils.runAndLog(LogUtils.java:50)
	at org.apache.ratis.util.FileUtils.move(FileUtils.java:64)
	at org.apache.ratis.util.FileUtils.move(FileUtils.java:60)
	at org.apache.ratis.util.AtomicFileOutputStream.close(AtomicFileOutputStream.java:73)
	at org.apache.ratis.server.storage.MetaFile.writeFile(MetaFile.java:96)
	at org.apache.ratis.server.storage.MetaFile.set(MetaFile.java:75)
	at org.apache.ratis.server.raftlog.segmented.SegmentedRaftLog.writeMetadata(SegmentedRaftLog.java:449)
	at org.apache.ratis.server.impl.ServerState.persistMetadata(ServerState.java:230)
	at org.apache.ratis.server.impl.LeaderElection.askForVotes(LeaderElection.java:180)
	at org.apache.ratis.server.impl.LeaderElection.run(LeaderElection.java:133)
	at java.lang.Thread.run(Thread.java:748)
2019-09-25 06:14:43,918 [460e50fd-4297-43e6-bcfc-961bbb0906d5@group-8F247CB66B77:LeaderElection86] WARN  util.AtomicFileOutputStream (AtomicFileOutputStream.java:abort(100)) - Unable to delete tmp file during abort /workdir/hadoop-ozone/ozonefs/target/test-dir/MiniOzoneClusterImpl-b9e773a4-a5aa-44c5-b1f1-0806c20f83a4/datanode-2/data/ratis/ed151b90-aeeb-4e87-ac2f-8f247cb66b77/current/raft-meta.tmp
2019-09-25 06:14:43,922 [460e50fd-4297-43e6-bcfc-961bbb0906d5@group-5931D401CF49:LeaderElection87] INFO  impl.LeaderElection (LeaderElection.java:run(140)) - 460e50fd-4297-43e6-bcfc-961bbb0906d5@group-5931D401CF49:LeaderElection87: NoSuchFileException is safely ignored since this is already CLOSING
2019-09-25 06:14:43,922 [main] INFO  db.DBStoreBuilder (DBStoreBuilder.java:addTable(110)) - using custom profile for table: validCerts
2019-09-25 06:14:43,923 [main] INFO  db.DBStoreBuilder (DBStoreBuilder.java:processTables(161)) - Using default column profile:DBProfile.DISK for Table:validCerts
2019-09-25 06:14:43,921 [460e50fd-4297-43e6-bcfc-961bbb0906d5@group-07D53EAFE0D3:LeaderElection85] WARN  util.AtomicFileOutputStream (AtomicFileOutputStream.java:abort(100)) - Unable to delete tmp file during abort /workdir/hadoop-ozone/ozonefs/target/test-dir/MiniOzoneClusterImpl-b9e773a4-a5aa-44c5-b1f1-0806c20f83a4/datanode-2/data/ratis/f68346e5-389f-4ca5-bdeb-07d53eafe0d3/current/raft-meta.tmp
2019-09-25 06:14:43,923 [main] INFO  db.DBStoreBuilder (DBStoreBuilder.java:addTable(110)) - using custom profile for table: revokedCerts
2019-09-25 06:14:43,923 [main] INFO  db.DBStoreBuilder (DBStoreBuilder.java:processTables(161)) - Using default column profile:DBProfile.DISK for Table:revokedCerts
2019-09-25 06:14:43,923 [460e50fd-4297-43e6-bcfc-961bbb0906d5@group-8F247CB66B77:LeaderElection86] INFO  impl.LeaderElection (LogUtils.java:infoOrTrace(149)) - Failed 460e50fd-4297-43e6-bcfc-961bbb0906d5@group-8F247CB66B77:LeaderElection86, state=CLOSING: {}
java.nio.file.NoSuchFileException: /workdir/hadoop-ozone/ozonefs/target/test-dir/MiniOzoneClusterImpl-b9e773a4-a5aa-44c5-b1f1-0806c20f83a4/datanode-2/data/ratis/ed151b90-aeeb-4e87-ac2f-8f247cb66b77/current/raft-meta.tmp
	at sun.nio.fs.UnixException.translateToIOException(UnixException.java:86)
	at sun.nio.fs.UnixException.rethrowAsIOException(UnixException.java:102)
	at sun.nio.fs.UnixException.rethrowAsIOException(UnixException.java:107)
	at sun.nio.fs.UnixCopyFile.move(UnixCopyFile.java:409)
	at sun.nio.fs.UnixFileSystemProvider.move(UnixFileSystemProvider.java:262)
	at java.nio.file.Files.move(Files.java:1395)
	at org.apache.ratis.util.FileUtils.lambda$move$6(FileUtils.java:65)
	at org.apache.ratis.util.LogUtils.runAndLog(LogUtils.java:50)
	at org.apache.ratis.util.FileUtils.move(FileUtils.java:64)
	at org.apache.ratis.util.FileUtils.move(FileUtils.java:60)
	at org.apache.ratis.util.AtomicFileOutputStream.close(AtomicFileOutputStream.java:73)
	at org.apache.ratis.server.storage.MetaFile.writeFile(MetaFile.java:96)
	at org.apache.ratis.server.storage.MetaFile.set(MetaFile.java:75)
	at org.apache.ratis.server.raftlog.segmented.SegmentedRaftLog.writeMetadata(SegmentedRaftLog.java:449)
	at org.apache.ratis.server.impl.ServerState.persistMetadata(ServerState.java:230)
	at org.apache.ratis.server.impl.LeaderElection.askForVotes(LeaderElection.java:180)
	at org.apache.ratis.server.impl.LeaderElection.run(LeaderElection.java:133)
	at java.lang.Thread.run(Thread.java:748)
2019-09-25 06:14:43,924 [main] INFO  db.DBStoreBuilder (DBStoreBuilder.java:addTable(110)) - using custom profile for table: default
2019-09-25 06:14:43,924 [main] INFO  db.DBStoreBuilder (DBStoreBuilder.java:processTables(167)) - Using default column profile:DBProfile.DISK for Table:default
2019-09-25 06:14:43,923 [460e50fd-4297-43e6-bcfc-961bbb0906d5@group-07D53EAFE0D3:LeaderElection85] INFO  impl.LeaderElection (LogUtils.java:infoOrTrace(149)) - Failed 460e50fd-4297-43e6-bcfc-961bbb0906d5@group-07D53EAFE0D3:LeaderElection85, state=CLOSING: {}
java.nio.file.NoSuchFileException: /workdir/hadoop-ozone/ozonefs/target/test-dir/MiniOzoneClusterImpl-b9e773a4-a5aa-44c5-b1f1-0806c20f83a4/datanode-2/data/ratis/f68346e5-389f-4ca5-bdeb-07d53eafe0d3/current/raft-meta.tmp
	at sun.nio.fs.UnixException.translateToIOException(UnixException.java:86)
	at sun.nio.fs.UnixException.rethrowAsIOException(UnixException.java:102)
	at sun.nio.fs.UnixException.rethrowAsIOException(UnixException.java:107)
	at sun.nio.fs.UnixCopyFile.move(UnixCopyFile.java:409)
	at sun.nio.fs.UnixFileSystemProvider.move(UnixFileSystemProvider.java:262)
	at java.nio.file.Files.move(Files.java:1395)
	at org.apache.ratis.util.FileUtils.lambda$move$6(FileUtils.java:65)
	at org.apache.ratis.util.LogUtils.runAndLog(LogUtils.java:50)
	at org.apache.ratis.util.FileUtils.move(FileUtils.java:64)
	at org.apache.ratis.util.FileUtils.move(FileUtils.java:60)
	at org.apache.ratis.util.AtomicFileOutputStream.close(AtomicFileOutputStream.java:73)
	at org.apache.ratis.server.storage.MetaFile.writeFile(MetaFile.java:96)
	at org.apache.ratis.server.storage.MetaFile.set(MetaFile.java:75)
	at org.apache.ratis.server.raftlog.segmented.SegmentedRaftLog.writeMetadata(SegmentedRaftLog.java:449)
	at org.apache.ratis.server.impl.ServerState.persistMetadata(ServerState.java:230)
	at org.apache.ratis.server.impl.LeaderElection.askForVotes(LeaderElection.java:180)
	at org.apache.ratis.server.impl.LeaderElection.run(LeaderElection.java:133)
	at java.lang.Thread.run(Thread.java:748)
2019-09-25 06:14:43,925 [main] INFO  db.DBStoreBuilder (DBStoreBuilder.java:getDbProfile(198)) - Using default options. DBProfile.DISK
2019-09-25 06:14:43,924 [460e50fd-4297-43e6-bcfc-961bbb0906d5@group-8F247CB66B77:LeaderElection86] INFO  impl.LeaderElection (LeaderElection.java:run(140)) - 460e50fd-4297-43e6-bcfc-961bbb0906d5@group-8F247CB66B77:LeaderElection86: NoSuchFileException is safely ignored since this is already CLOSING
2019-09-25 06:14:43,925 [460e50fd-4297-43e6-bcfc-961bbb0906d5@group-07D53EAFE0D3:LeaderElection85] INFO  impl.LeaderElection (LeaderElection.java:run(140)) - 460e50fd-4297-43e6-bcfc-961bbb0906d5@group-07D53EAFE0D3:LeaderElection85: NoSuchFileException is safely ignored since this is already CLOSING
2019-09-25 06:14:51,699 [main] INFO  net.NodeSchemaLoader (NodeSchemaLoader.java:loadSchemaFromFile(125)) - Loading file from sun.misc.CompoundEnumeration@7b3085a3
2019-09-25 06:14:51,699 [main] INFO  net.NodeSchemaLoader (NodeSchemaLoader.java:loadSchema(171)) - Loading network topology layer schema file
2019-09-25 06:14:51,705 [main] WARN  server.ServerUtils (ServerUtils.java:sanitizeUserArgs(70)) - ozone.scm.stale.node.interval value = 300000 is larger than max = 100000 based on the key value of ozone.scm.heartbeat.thread.interval, reset to the max value 100000.
2019-09-25 06:14:51,705 [main] WARN  server.ServerUtils (ServerUtils.java:sanitizeUserArgs(70)) - ozone.scm.stale.node.interval value = 300000 is larger than max = 100000 based on the key value of ozone.scm.heartbeat.thread.interval, reset to the max value 100000.
2019-09-25 06:14:51,705 [main] INFO  node.SCMNodeManager (SCMNodeManager.java:<init>(114)) - Entering startup safe mode.
2019-09-25 06:14:51,706 [main] INFO  algorithms.ContainerPlacementPolicyFactory (ContainerPlacementPolicyFactory.java:getPolicy(60)) - Create container placement policy of type org.apache.hadoop.hdds.scm.container.placement.algorithms.SCMContainerPlacementRandom
2019-09-25 06:14:51,707 [main] WARN  server.ServerUtils (ServerUtils.java:getScmDbDir(145)) - ozone.scm.db.dirs is not configured. We recommend adding this setting. Falling back to ozone.metadata.dirs instead.
2019-09-25 06:15:03,107 [main] INFO  pipeline.SCMPipelineManager (SCMPipelineManager.java:initializePipelineState(132)) - No pipeline exists in current db
2019-09-25 06:15:03,108 [main] WARN  server.ServerUtils (ServerUtils.java:getScmDbDir(145)) - ozone.scm.db.dirs is not configured. We recommend adding this setting. Falling back to ozone.metadata.dirs instead.
2019-09-25 06:15:04,222 [main] WARN  events.EventQueue (EventQueue.java:fireEvent(183)) - No event handler registered for event TypedEvent{payloadType=SafeModeStatus, name='SafeModeStatus'}
2019-09-25 06:15:04,222 [main] INFO  ipc.CallQueueManager (CallQueueManager.java:<init>(84)) - Using callQueue: class java.util.concurrent.LinkedBlockingQueue, queueCapacity: 2000, scheduler: class org.apache.hadoop.ipc.DefaultRpcScheduler, ipcBackoff: false.
2019-09-25 06:15:04,223 [Socket Reader #1 for port 35754] INFO  ipc.Server (Server.java:run(1074)) - Starting Socket Reader #1 for port 35754
2019-09-25 06:15:04,225 [main] INFO  ipc.CallQueueManager (CallQueueManager.java:<init>(84)) - Using callQueue: class java.util.concurrent.LinkedBlockingQueue, queueCapacity: 2000, scheduler: class org.apache.hadoop.ipc.DefaultRpcScheduler, ipcBackoff: false.
2019-09-25 06:15:04,226 [Socket Reader #1 for port 43160] INFO  ipc.Server (Server.java:run(1074)) - Starting Socket Reader #1 for port 43160
2019-09-25 06:15:04,230 [main] INFO  ipc.CallQueueManager (CallQueueManager.java:<init>(84)) - Using callQueue: class java.util.concurrent.LinkedBlockingQueue, queueCapacity: 2000, scheduler: class org.apache.hadoop.ipc.DefaultRpcScheduler, ipcBackoff: false.
2019-09-25 06:15:04,230 [Socket Reader #1 for port 34161] INFO  ipc.Server (Server.java:run(1074)) - Starting Socket Reader #1 for port 34161
2019-09-25 06:15:04,233 [main] INFO  hdfs.DFSUtil (DFSUtil.java:httpServerTemplateForNNAndJN(1641)) - Starting Web-server for scm at: http://0.0.0.0:0
2019-09-25 06:15:04,235 [main] INFO  server.AuthenticationFilter (AuthenticationFilter.java:constructSecretProvider(240)) - Unable to initialize FileSignerSecretProvider, falling back to use random secrets.
2019-09-25 06:15:04,236 [main] WARN  http.HttpRequestLog (HttpRequestLog.java:getRequestLog(97)) - Jetty request log can only be enabled using Log4j
2019-09-25 06:15:04,237 [main] INFO  http.HttpServer2 (HttpServer2.java:addGlobalFilter(975)) - Added global filter 'safety' (class=org.apache.hadoop.http.HttpServer2$QuotingInputFilter)
2019-09-25 06:15:04,238 [main] INFO  http.HttpServer2 (HttpServer2.java:addFilter(948)) - Added filter static_user_filter (class=org.apache.hadoop.http.lib.StaticUserWebFilter$StaticUserFilter) to context scm
2019-09-25 06:15:04,238 [main] INFO  http.HttpServer2 (HttpServer2.java:addFilter(958)) - Added filter static_user_filter (class=org.apache.hadoop.http.lib.StaticUserWebFilter$StaticUserFilter) to context static
2019-09-25 06:15:04,238 [main] INFO  http.HttpServer2 (HttpServer2.java:addFilter(958)) - Added filter static_user_filter (class=org.apache.hadoop.http.lib.StaticUserWebFilter$StaticUserFilter) to context logs
2019-09-25 06:15:04,240 [main] INFO  server.StorageContainerManager (StorageContainerManager.java:start(770)) - StorageContainerLocationProtocol RPC server is listening at /0.0.0.0:34161
2019-09-25 06:15:04,242 [main] WARN  impl.MetricsConfig (MetricsConfig.java:loadFirst(134)) - Cannot locate configuration: tried hadoop-metrics2-storagecontainermanager.properties,hadoop-metrics2.properties
2019-09-25 06:15:04,242 [main] INFO  impl.MetricsSystemImpl (MetricsSystemImpl.java:startTimer(374)) - Scheduled Metric snapshot period at 10 second(s).
2019-09-25 06:15:04,243 [main] INFO  impl.MetricsSystemImpl (MetricsSystemImpl.java:start(191)) - StorageContainerManager metrics system started
2019-09-25 06:15:04,338 [main] WARN  impl.MetricsSystemImpl (MetricsSystemImpl.java:register(276)) - Sink prometheus already exists!
2019-09-25 06:15:04,397 [main] INFO  lib.Interns (Interns.java:removeEldestEntry(50)) - Metrics intern cache overflow at 2011 for MetricsSystem={MetricsSystem=MetricsInfoImpl{name=MetricsSystem, description=MetricsSystem}, MetricsSystem record=MetricsInfoImpl{name=MetricsSystem, description=MetricsSystem record}}
2019-09-25 06:15:04,404 [main] INFO  server.SCMClientProtocolServer (SCMClientProtocolServer.java:start(151)) - RPC server for Client  is listening at /0.0.0.0:34161
2019-09-25 06:15:04,404 [IPC Server Responder] INFO  ipc.Server (Server.java:run(1314)) - IPC Server Responder: starting
2019-09-25 06:15:04,404 [IPC Server listener on 34161] INFO  ipc.Server (Server.java:run(1153)) - IPC Server listener on 34161: starting
2019-09-25 06:15:04,408 [main] INFO  server.StorageContainerManager (StorageContainerManager.java:start(780)) - ScmBlockLocationProtocol RPC server is listening at /0.0.0.0:43160
2019-09-25 06:15:04,408 [main] INFO  server.SCMBlockProtocolServer (SCMBlockProtocolServer.java:start(146)) - RPC server for Block Protocol is listening at /0.0.0.0:43160
2019-09-25 06:15:04,408 [IPC Server Responder] INFO  ipc.Server (Server.java:run(1314)) - IPC Server Responder: starting
2019-09-25 06:15:04,409 [IPC Server listener on 43160] INFO  ipc.Server (Server.java:run(1153)) - IPC Server listener on 43160: starting
2019-09-25 06:15:04,412 [main] INFO  server.StorageContainerManager (StorageContainerManager.java:start(784)) - ScmDatanodeProtocl RPC server is listening at /0.0.0.0:35754
2019-09-25 06:15:04,412 [main] INFO  server.SCMDatanodeProtocolServer (SCMDatanodeProtocolServer.java:start(191)) - RPC server for DataNodes is listening at /0.0.0.0:35754
2019-09-25 06:15:04,412 [IPC Server Responder] INFO  ipc.Server (Server.java:run(1314)) - IPC Server Responder: starting
2019-09-25 06:15:04,412 [IPC Server listener on 35754] INFO  ipc.Server (Server.java:run(1153)) - IPC Server listener on 35754: starting
2019-09-25 06:15:04,415 [main] INFO  http.HttpServer2 (HttpServer2.java:bindListener(1191)) - Jetty bound to port 42945
2019-09-25 06:15:04,415 [main] INFO  server.Server (Server.java:doStart(351)) - jetty-9.3.25.v20180904, build timestamp: 2018-09-04T21:11:46Z, git hash: 3ce520221d0240229c862b122d2b06c12a625732
2019-09-25 06:15:04,417 [main] INFO  handler.ContextHandler (ContextHandler.java:doStart(781)) - Started o.e.j.s.ServletContextHandler@7ac685ef{/logs,file:///workdir/hadoop-ozone/ozonefs/target/log,AVAILABLE}
2019-09-25 06:15:04,418 [main] INFO  handler.ContextHandler (ContextHandler.java:doStart(781)) - Started o.e.j.s.ServletContextHandler@4a4ff5ed{/static,jar:file:/home/user/.m2/repository/org/apache/hadoop/hadoop-hdds-server-scm/0.5.0-SNAPSHOT/hadoop-hdds-server-scm-0.5.0-SNAPSHOT.jar!/webapps/static,AVAILABLE}
2019-09-25 06:15:04,473 [main] INFO  handler.ContextHandler (ContextHandler.java:doStart(781)) - Started o.e.j.w.WebAppContext@61c5fd78{/,file:///tmp/jetty-0.0.0.0-42945-scm-_-any-1367969683752309808.dir/webapp/,AVAILABLE}{/scm}
2019-09-25 06:15:04,473 [main] INFO  server.AbstractConnector (AbstractConnector.java:doStart(278)) - Started ServerConnector@42503099{HTTP/1.1,[http/1.1]}{0.0.0.0:42945}
2019-09-25 06:15:04,475 [main] INFO  server.Server (Server.java:doStart(419)) - Started @647239ms
2019-09-25 06:15:04,475 [main] WARN  impl.MetricsSystemImpl (MetricsSystemImpl.java:register(276)) - Sink prometheus already exists!
2019-09-25 06:15:04,477 [main] INFO  server.BaseHttpServer (BaseHttpServer.java:updateConnectorAddress(215)) - HTTP server of SCM is listening at http://0.0.0.0:42945
2019-09-25 06:15:04,478 [main] WARN  server.ServerUtils (ServerUtils.java:getDBPath(222)) - ozone.om.db.dirs is not configured. We recommend adding this setting. Falling back to ozone.metadata.dirs instead.
2019-09-25 06:15:04,482 [org.apache.hadoop.util.JvmPauseMonitor$Monitor@60844992] INFO  util.JvmPauseMonitor (JvmPauseMonitor.java:run(188)) - Starting JVM pause monitor
2019-09-25 06:15:04,497 [main] WARN  server.ServerUtils (ServerUtils.java:getDBPath(222)) - ozone.om.db.dirs is not configured. We recommend adding this setting. Falling back to ozone.metadata.dirs instead.
2019-09-25 06:15:04,497 [main] WARN  server.ServerUtils (ServerUtils.java:getDBPath(222)) - ozone.om.db.dirs is not configured. We recommend adding this setting. Falling back to ozone.metadata.dirs instead.
2019-09-25 06:15:04,498 [main] INFO  om.OzoneManager (OzoneManager.java:setOMNodeDetails(652)) - OM Service ID is not set. Setting it to the default ID: omServiceIdDefault
2019-09-25 06:15:04,498 [main] INFO  om.OzoneManager (OzoneManager.java:setOMNodeDetails(658)) - OM Node ID is not set. Setting it to the OmStorage's OmID: ce6f27c5-4d9a-4e6f-86fd-a98349826245
2019-09-25 06:15:04,499 [main] INFO  om.OzoneManager (OzoneManager.java:loadOMHAConfigs(609)) - Found matching OM address with OMServiceId: null, OMNodeId: null, RPC Address: localhost:0 and Ratis port: 9872
2019-09-25 06:15:04,508 [main] WARN  server.ServerUtils (ServerUtils.java:getDBPath(222)) - ozone.om.db.dirs is not configured. We recommend adding this setting. Falling back to ozone.metadata.dirs instead.
2019-09-25 06:15:04,509 [main] INFO  db.DBStoreBuilder (DBStoreBuilder.java:addTable(110)) - using custom profile for table: userTable
2019-09-25 06:15:04,509 [main] INFO  db.DBStoreBuilder (DBStoreBuilder.java:processTables(161)) - Using default column profile:DBProfile.DISK for Table:userTable
2019-09-25 06:15:04,509 [main] INFO  db.DBStoreBuilder (DBStoreBuilder.java:addTable(110)) - using custom profile for table: volumeTable
2019-09-25 06:15:04,509 [main] INFO  db.DBStoreBuilder (DBStoreBuilder.java:processTables(161)) - Using default column profile:DBProfile.DISK for Table:volumeTable
2019-09-25 06:15:04,510 [main] INFO  db.DBStoreBuilder (DBStoreBuilder.java:addTable(110)) - using custom profile for table: bucketTable
2019-09-25 06:15:04,510 [main] INFO  db.DBStoreBuilder (DBStoreBuilder.java:processTables(161)) - Using default column profile:DBProfile.DISK for Table:bucketTable
2019-09-25 06:15:04,510 [main] INFO  db.DBStoreBuilder (DBStoreBuilder.java:addTable(110)) - using custom profile for table: keyTable
2019-09-25 06:15:04,510 [main] INFO  db.DBStoreBuilder (DBStoreBuilder.java:processTables(161)) - Using default column profile:DBProfile.DISK for Table:keyTable
2019-09-25 06:15:04,510 [main] INFO  db.DBStoreBuilder (DBStoreBuilder.java:addTable(110)) - using custom profile for table: deletedTable
2019-09-25 06:15:04,511 [main] INFO  db.DBStoreBuilder (DBStoreBuilder.java:processTables(161)) - Using default column profile:DBProfile.DISK for Table:deletedTable
2019-09-25 06:15:04,511 [main] INFO  db.DBStoreBuilder (DBStoreBuilder.java:addTable(110)) - using custom profile for table: openKeyTable
2019-09-25 06:15:04,511 [main] INFO  db.DBStoreBuilder (DBStoreBuilder.java:processTables(161)) - Using default column profile:DBProfile.DISK for Table:openKeyTable
2019-09-25 06:15:04,511 [main] INFO  db.DBStoreBuilder (DBStoreBuilder.java:addTable(110)) - using custom profile for table: s3Table
2019-09-25 06:15:04,512 [main] INFO  db.DBStoreBuilder (DBStoreBuilder.java:processTables(161)) - Using default column profile:DBProfile.DISK for Table:s3Table
2019-09-25 06:15:04,512 [main] INFO  db.DBStoreBuilder (DBStoreBuilder.java:addTable(110)) - using custom profile for table: multipartInfoTable
2019-09-25 06:15:04,512 [main] INFO  db.DBStoreBuilder (DBStoreBuilder.java:processTables(161)) - Using default column profile:DBProfile.DISK for Table:multipartInfoTable
2019-09-25 06:15:04,512 [main] INFO  db.DBStoreBuilder (DBStoreBuilder.java:addTable(110)) - using custom profile for table: dTokenTable
2019-09-25 06:15:04,512 [main] INFO  db.DBStoreBuilder (DBStoreBuilder.java:processTables(161)) - Using default column profile:DBProfile.DISK for Table:dTokenTable
2019-09-25 06:15:04,513 [main] INFO  db.DBStoreBuilder (DBStoreBuilder.java:addTable(110)) - using custom profile for table: s3SecretTable
2019-09-25 06:15:04,513 [main] INFO  db.DBStoreBuilder (DBStoreBuilder.java:processTables(161)) - Using default column profile:DBProfile.DISK for Table:s3SecretTable
2019-09-25 06:15:04,513 [main] INFO  db.DBStoreBuilder (DBStoreBuilder.java:addTable(110)) - using custom profile for table: prefixTable
2019-09-25 06:15:04,513 [main] INFO  db.DBStoreBuilder (DBStoreBuilder.java:processTables(161)) - Using default column profile:DBProfile.DISK for Table:prefixTable
2019-09-25 06:15:04,513 [main] INFO  db.DBStoreBuilder (DBStoreBuilder.java:addTable(110)) - using custom profile for table: default
2019-09-25 06:15:04,514 [main] INFO  db.DBStoreBuilder (DBStoreBuilder.java:processTables(167)) - Using default column profile:DBProfile.DISK for Table:default
2019-09-25 06:15:04,514 [main] INFO  db.DBStoreBuilder (DBStoreBuilder.java:getDbProfile(198)) - Using default options. DBProfile.DISK
2019-09-25 06:16:33,069 [main] INFO  ipc.CallQueueManager (CallQueueManager.java:<init>(84)) - Using callQueue: class java.util.concurrent.LinkedBlockingQueue, queueCapacity: 2000, scheduler: class org.apache.hadoop.ipc.DefaultRpcScheduler, ipcBackoff: false.
2019-09-25 06:16:33,070 [Socket Reader #1 for port 38676] INFO  ipc.Server (Server.java:run(1074)) - Starting Socket Reader #1 for port 38676
2019-09-25 06:16:33,088 [main] INFO  om.OzoneManager (OzoneManager.java:start(1243)) - OzoneManager RPC server is listening at localhost/127.0.0.1:38676
2019-09-25 06:16:33,089 [main] INFO  impl.MetricsSystemImpl (MetricsSystemImpl.java:init(158)) - OzoneManager metrics system started (again)
2019-09-25 06:16:33,089 [IPC Server Responder] INFO  ipc.Server (Server.java:run(1314)) - IPC Server Responder: starting
2019-09-25 06:16:33,091 [IPC Server listener on 38676] INFO  ipc.Server (Server.java:run(1153)) - IPC Server listener on 38676: starting
2019-09-25 06:16:33,100 [main] INFO  hdfs.DFSUtil (DFSUtil.java:httpServerTemplateForNNAndJN(1641)) - Starting Web-server for ozoneManager at: http://0.0.0.0:0
2019-09-25 06:16:33,102 [main] INFO  server.AuthenticationFilter (AuthenticationFilter.java:constructSecretProvider(240)) - Unable to initialize FileSignerSecretProvider, falling back to use random secrets.
2019-09-25 06:16:33,103 [main] WARN  http.HttpRequestLog (HttpRequestLog.java:getRequestLog(97)) - Jetty request log can only be enabled using Log4j
2019-09-25 06:16:33,105 [main] INFO  http.HttpServer2 (HttpServer2.java:addGlobalFilter(975)) - Added global filter 'safety' (class=org.apache.hadoop.http.HttpServer2$QuotingInputFilter)
2019-09-25 06:16:33,106 [main] INFO  http.HttpServer2 (HttpServer2.java:addFilter(948)) - Added filter static_user_filter (class=org.apache.hadoop.http.lib.StaticUserWebFilter$StaticUserFilter) to context ozoneManager
2019-09-25 06:16:33,107 [main] INFO  http.HttpServer2 (HttpServer2.java:addFilter(958)) - Added filter static_user_filter (class=org.apache.hadoop.http.lib.StaticUserWebFilter$StaticUserFilter) to context logs
2019-09-25 06:16:33,107 [main] INFO  http.HttpServer2 (HttpServer2.java:addFilter(958)) - Added filter static_user_filter (class=org.apache.hadoop.http.lib.StaticUserWebFilter$StaticUserFilter) to context static
2019-09-25 06:16:33,108 [main] INFO  http.HttpServer2 (HttpServer2.java:bindListener(1191)) - Jetty bound to port 35736
2019-09-25 06:16:33,108 [main] INFO  server.Server (Server.java:doStart(351)) - jetty-9.3.25.v20180904, build timestamp: 2018-09-04T21:11:46Z, git hash: 3ce520221d0240229c862b122d2b06c12a625732
2019-09-25 06:16:33,110 [main] INFO  handler.ContextHandler (ContextHandler.java:doStart(781)) - Started o.e.j.s.ServletContextHandler@2493eec6{/logs,file:///workdir/hadoop-ozone/ozonefs/target/log,AVAILABLE}
2019-09-25 06:16:33,111 [main] INFO  handler.ContextHandler (ContextHandler.java:doStart(781)) - Started o.e.j.s.ServletContextHandler@4ec0229c{/static,jar:file:/home/user/.m2/repository/org/apache/hadoop/hadoop-ozone-ozone-manager/0.5.0-SNAPSHOT/hadoop-ozone-ozone-manager-0.5.0-SNAPSHOT.jar!/webapps/static,AVAILABLE}
2019-09-25 06:16:33,171 [main] INFO  handler.ContextHandler (ContextHandler.java:doStart(781)) - Started o.e.j.w.WebAppContext@3add5e17{/,file:///tmp/jetty-0.0.0.0-35736-ozoneManager-_-any-2946233909339507936.dir/webapp/,AVAILABLE}{/ozoneManager}
2019-09-25 06:16:33,172 [main] INFO  server.AbstractConnector (AbstractConnector.java:doStart(278)) - Started ServerConnector@1c58d7be{HTTP/1.1,[http/1.1]}{0.0.0.0:35736}
2019-09-25 06:16:33,174 [main] INFO  server.Server (Server.java:doStart(419)) - Started @735937ms
2019-09-25 06:16:33,174 [main] WARN  impl.MetricsSystemImpl (MetricsSystemImpl.java:register(276)) - Sink prometheus already exists!
2019-09-25 06:16:33,175 [main] INFO  server.BaseHttpServer (BaseHttpServer.java:updateConnectorAddress(215)) - HTTP server of OZONEMANAGER is listening at http://0.0.0.0:35736
2019-09-25 06:16:33,185 [main] INFO  impl.MetricsSystemImpl (MetricsSystemImpl.java:init(158)) - HddsDatanode metrics system started (again)
2019-09-25 06:16:33,191 [main] INFO  ozone.HddsDatanodeService (HddsDatanodeService.java:start(184)) - HddsDatanodeService host:pr-hdds-1569-s44lr-3492059363 ip:192.168.164.207
2019-09-25 06:16:33,207 [main] INFO  volume.HddsVolume (HddsVolume.java:<init>(176)) - Creating Volume: /workdir/hadoop-ozone/ozonefs/target/test-dir/MiniOzoneClusterImpl-9a706c7a-1c63-4529-bede-54329d36819c/datanode-0/data/containers/hdds of  storage type : DISK and capacity : 1482555576320
2019-09-25 06:16:33,208 [main] INFO  volume.VolumeSet (VolumeSet.java:initializeVolumeSet(170)) - Added Volume : /workdir/hadoop-ozone/ozonefs/target/test-dir/MiniOzoneClusterImpl-9a706c7a-1c63-4529-bede-54329d36819c/datanode-0/data/containers/hdds to VolumeSet
2019-09-25 06:16:33,208 [main] INFO  volume.ThrottledAsyncChecker (ThrottledAsyncChecker.java:schedule(139)) - Scheduling a check for org.apache.hadoop.ozone.container.common.volume.HddsVolume@18513c23
2019-09-25 06:16:33,209 [main] INFO  volume.HddsVolumeChecker (HddsVolumeChecker.java:checkAllVolumes(202)) - Scheduled health check for volume org.apache.hadoop.ozone.container.common.volume.HddsVolume@18513c23
2019-09-25 06:16:33,234 [main] INFO  impl.RaftServerProxy (ConfUtils.java:logGet(43)) - raft.rpc.type = GRPC (default)
2019-09-25 06:16:33,235 [main] INFO  grpc.GrpcFactory (GrpcFactory.java:checkPooledByteBufAllocatorUseCacheForAllThreads(45)) - PERFORMANCE WARNING: useCacheForAllThreads is true that may cause Netty to create a lot garbage objects and, as a result, trigger GC.
	It is recommended to disable useCacheForAllThreads by setting -Dorg.apache.ratis.thirdparty.io.netty.allocator.useCacheForAllThreads=false in command line.
2019-09-25 06:16:33,235 [main] INFO  grpc.GrpcConfigKeys$Server (ConfUtils.java:logGet(43)) - raft.grpc.server.port = 0 (default)
2019-09-25 06:16:33,236 [main] INFO  server.GrpcService (ConfUtils.java:logGet(43)) - raft.grpc.message.size.max = 33570816 (custom)
2019-09-25 06:16:33,236 [main] INFO  server.RaftServerConfigKeys (ConfUtils.java:logGet(43)) - raft.server.log.appender.buffer.byte-limit = 33554432 (custom)
2019-09-25 06:16:33,236 [main] INFO  server.GrpcService (ConfUtils.java:logGet(43)) - raft.grpc.flow.control.window = 1MB (=1048576) (default)
2019-09-25 06:16:33,237 [main] INFO  server.RaftServerConfigKeys (ConfUtils.java:logGet(43)) - raft.server.rpc.request.timeout = 3000ms (default)
2019-09-25 06:16:33,238 [main] INFO  server.RaftServerConfigKeys (ConfUtils.java:logGet(43)) - raft.server.storage.dir = [/workdir/hadoop-ozone/ozonefs/target/test-dir/MiniOzoneClusterImpl-9a706c7a-1c63-4529-bede-54329d36819c/datanode-0/data/ratis] (custom)
2019-09-25 06:16:33,239 [main] INFO  hdfs.DFSUtil (DFSUtil.java:httpServerTemplateForNNAndJN(1641)) - Starting Web-server for hddsDatanode at: http://0.0.0.0:0
2019-09-25 06:16:33,241 [main] INFO  server.AuthenticationFilter (AuthenticationFilter.java:constructSecretProvider(240)) - Unable to initialize FileSignerSecretProvider, falling back to use random secrets.
2019-09-25 06:16:33,242 [main] WARN  http.HttpRequestLog (HttpRequestLog.java:getRequestLog(97)) - Jetty request log can only be enabled using Log4j
2019-09-25 06:16:33,244 [main] INFO  http.HttpServer2 (HttpServer2.java:addGlobalFilter(975)) - Added global filter 'safety' (class=org.apache.hadoop.http.HttpServer2$QuotingInputFilter)
2019-09-25 06:16:33,245 [main] INFO  http.HttpServer2 (HttpServer2.java:addFilter(948)) - Added filter static_user_filter (class=org.apache.hadoop.http.lib.StaticUserWebFilter$StaticUserFilter) to context hddsDatanode
2019-09-25 06:16:33,245 [main] INFO  http.HttpServer2 (HttpServer2.java:addFilter(958)) - Added filter static_user_filter (class=org.apache.hadoop.http.lib.StaticUserWebFilter$StaticUserFilter) to context logs
2019-09-25 06:16:33,245 [main] INFO  http.HttpServer2 (HttpServer2.java:addFilter(958)) - Added filter static_user_filter (class=org.apache.hadoop.http.lib.StaticUserWebFilter$StaticUserFilter) to context static
2019-09-25 06:16:33,246 [main] INFO  http.HttpServer2 (HttpServer2.java:bindListener(1191)) - Jetty bound to port 38281
2019-09-25 06:16:33,246 [main] INFO  server.Server (Server.java:doStart(351)) - jetty-9.3.25.v20180904, build timestamp: 2018-09-04T21:11:46Z, git hash: 3ce520221d0240229c862b122d2b06c12a625732
2019-09-25 06:16:33,247 [main] INFO  handler.ContextHandler (ContextHandler.java:doStart(781)) - Started o.e.j.s.ServletContextHandler@61eab26b{/logs,file:///workdir/hadoop-ozone/ozonefs/target/log,AVAILABLE}
2019-09-25 06:16:33,248 [main] INFO  handler.ContextHandler (ContextHandler.java:doStart(781)) - Started o.e.j.s.ServletContextHandler@116fc29e{/static,jar:file:/home/user/.m2/repository/org/apache/hadoop/hadoop-hdds-container-service/0.5.0-SNAPSHOT/hadoop-hdds-container-service-0.5.0-SNAPSHOT.jar!/webapps/static,AVAILABLE}
2019-09-25 06:16:33,282 [main] INFO  handler.ContextHandler (ContextHandler.java:doStart(781)) - Started o.e.j.w.WebAppContext@36a58466{/,file:///tmp/jetty-0.0.0.0-38281-hddsDatanode-_-any-6861080969907114216.dir/webapp/,AVAILABLE}{/hddsDatanode}
2019-09-25 06:16:33,283 [main] INFO  server.AbstractConnector (AbstractConnector.java:doStart(278)) - Started ServerConnector@78e387d6{HTTP/1.1,[http/1.1]}{0.0.0.0:38281}
2019-09-25 06:16:33,285 [main] INFO  server.Server (Server.java:doStart(419)) - Started @736049ms
2019-09-25 06:16:33,285 [main] WARN  impl.MetricsSystemImpl (MetricsSystemImpl.java:register(276)) - Sink prometheus already exists!
2019-09-25 06:16:33,286 [main] INFO  server.BaseHttpServer (BaseHttpServer.java:updateConnectorAddress(215)) - HTTP server of HDDSDATANODE is listening at http://0.0.0.0:38281
2019-09-25 06:16:33,286 [main] INFO  impl.MetricsSystemImpl (MetricsSystemImpl.java:init(158)) - HddsDatanode metrics system started (again)
2019-09-25 06:16:33,293 [org.apache.hadoop.util.JvmPauseMonitor$Monitor@5eadac79] INFO  util.JvmPauseMonitor (JvmPauseMonitor.java:run(188)) - Starting JVM pause monitor
2019-09-25 06:16:33,293 [main] INFO  ozone.HddsDatanodeService (HddsDatanodeService.java:start(184)) - HddsDatanodeService host:pr-hdds-1569-s44lr-3492059363 ip:192.168.164.207
2019-09-25 06:16:33,295 [Datanode State Machine Thread - 0] INFO  datanode.InitDatanodeState (InitDatanodeState.java:persistContainerDatanodeDetails(140)) - DatanodeDetails is persisted to /workdir/hadoop-ozone/ozonefs/target/test-dir/MiniOzoneClusterImpl-9a706c7a-1c63-4529-bede-54329d36819c/datanode-0/meta/datanode.id
2019-09-25 06:16:33,300 [main] INFO  volume.HddsVolume (HddsVolume.java:<init>(176)) - Creating Volume: /workdir/hadoop-ozone/ozonefs/target/test-dir/MiniOzoneClusterImpl-9a706c7a-1c63-4529-bede-54329d36819c/datanode-1/data/containers/hdds of  storage type : DISK and capacity : 1482555576320
2019-09-25 06:16:33,300 [main] INFO  volume.VolumeSet (VolumeSet.java:initializeVolumeSet(170)) - Added Volume : /workdir/hadoop-ozone/ozonefs/target/test-dir/MiniOzoneClusterImpl-9a706c7a-1c63-4529-bede-54329d36819c/datanode-1/data/containers/hdds to VolumeSet
2019-09-25 06:16:33,300 [main] INFO  volume.ThrottledAsyncChecker (ThrottledAsyncChecker.java:schedule(139)) - Scheduling a check for org.apache.hadoop.ozone.container.common.volume.HddsVolume@2a16d4dc
2019-09-25 06:16:33,301 [main] INFO  volume.HddsVolumeChecker (HddsVolumeChecker.java:checkAllVolumes(202)) - Scheduled health check for volume org.apache.hadoop.ozone.container.common.volume.HddsVolume@2a16d4dc
2019-09-25 06:16:33,331 [main] INFO  impl.RaftServerProxy (ConfUtils.java:logGet(43)) - raft.rpc.type = GRPC (default)
2019-09-25 06:16:33,332 [main] INFO  grpc.GrpcFactory (GrpcFactory.java:checkPooledByteBufAllocatorUseCacheForAllThreads(45)) - PERFORMANCE WARNING: useCacheForAllThreads is true that may cause Netty to create a lot garbage objects and, as a result, trigger GC.
	It is recommended to disable useCacheForAllThreads by setting -Dorg.apache.ratis.thirdparty.io.netty.allocator.useCacheForAllThreads=false in command line.
2019-09-25 06:16:33,332 [main] INFO  grpc.GrpcConfigKeys$Server (ConfUtils.java:logGet(43)) - raft.grpc.server.port = 0 (default)
2019-09-25 06:16:33,332 [main] INFO  server.GrpcService (ConfUtils.java:logGet(43)) - raft.grpc.message.size.max = 33570816 (custom)
2019-09-25 06:16:33,332 [main] INFO  server.RaftServerConfigKeys (ConfUtils.java:logGet(43)) - raft.server.log.appender.buffer.byte-limit = 33554432 (custom)
2019-09-25 06:16:33,333 [main] INFO  server.GrpcService (ConfUtils.java:logGet(43)) - raft.grpc.flow.control.window = 1MB (=1048576) (default)
2019-09-25 06:16:33,333 [main] INFO  server.RaftServerConfigKeys (ConfUtils.java:logGet(43)) - raft.server.rpc.request.timeout = 3000ms (default)
2019-09-25 06:16:33,334 [main] INFO  server.RaftServerConfigKeys (ConfUtils.java:logGet(43)) - raft.server.storage.dir = [/workdir/hadoop-ozone/ozonefs/target/test-dir/MiniOzoneClusterImpl-9a706c7a-1c63-4529-bede-54329d36819c/datanode-1/data/ratis] (custom)
2019-09-25 06:16:33,335 [main] INFO  hdfs.DFSUtil (DFSUtil.java:httpServerTemplateForNNAndJN(1641)) - Starting Web-server for hddsDatanode at: http://0.0.0.0:0
2019-09-25 06:16:33,338 [main] INFO  server.AuthenticationFilter (AuthenticationFilter.java:constructSecretProvider(240)) - Unable to initialize FileSignerSecretProvider, falling back to use random secrets.
2019-09-25 06:16:33,339 [main] WARN  http.HttpRequestLog (HttpRequestLog.java:getRequestLog(97)) - Jetty request log can only be enabled using Log4j
2019-09-25 06:16:33,341 [main] INFO  http.HttpServer2 (HttpServer2.java:addGlobalFilter(975)) - Added global filter 'safety' (class=org.apache.hadoop.http.HttpServer2$QuotingInputFilter)
2019-09-25 06:16:33,342 [main] INFO  http.HttpServer2 (HttpServer2.java:addFilter(948)) - Added filter static_user_filter (class=org.apache.hadoop.http.lib.StaticUserWebFilter$StaticUserFilter) to context hddsDatanode
2019-09-25 06:16:33,343 [main] INFO  http.HttpServer2 (HttpServer2.java:addFilter(958)) - Added filter static_user_filter (class=org.apache.hadoop.http.lib.StaticUserWebFilter$StaticUserFilter) to context logs
2019-09-25 06:16:33,343 [main] INFO  http.HttpServer2 (HttpServer2.java:addFilter(958)) - Added filter static_user_filter (class=org.apache.hadoop.http.lib.StaticUserWebFilter$StaticUserFilter) to context static
2019-09-25 06:16:33,344 [main] INFO  http.HttpServer2 (HttpServer2.java:bindListener(1191)) - Jetty bound to port 39219
2019-09-25 06:16:33,344 [main] INFO  server.Server (Server.java:doStart(351)) - jetty-9.3.25.v20180904, build timestamp: 2018-09-04T21:11:46Z, git hash: 3ce520221d0240229c862b122d2b06c12a625732
2019-09-25 06:16:33,346 [main] INFO  handler.ContextHandler (ContextHandler.java:doStart(781)) - Started o.e.j.s.ServletContextHandler@4c2bea52{/logs,file:///workdir/hadoop-ozone/ozonefs/target/log,AVAILABLE}
2019-09-25 06:16:33,347 [main] INFO  handler.ContextHandler (ContextHandler.java:doStart(781)) - Started o.e.j.s.ServletContextHandler@6ebbc06{/static,jar:file:/home/user/.m2/repository/org/apache/hadoop/hadoop-hdds-container-service/0.5.0-SNAPSHOT/hadoop-hdds-container-service-0.5.0-SNAPSHOT.jar!/webapps/static,AVAILABLE}
2019-09-25 06:16:33,376 [main] INFO  handler.ContextHandler (ContextHandler.java:doStart(781)) - Started o.e.j.w.WebAppContext@3e4f2300{/,file:///tmp/jetty-0.0.0.0-39219-hddsDatanode-_-any-6447800734628354183.dir/webapp/,AVAILABLE}{/hddsDatanode}
2019-09-25 06:16:33,377 [main] INFO  server.AbstractConnector (AbstractConnector.java:doStart(278)) - Started ServerConnector@e706aa{HTTP/1.1,[http/1.1]}{0.0.0.0:39219}
2019-09-25 06:16:33,378 [main] INFO  server.Server (Server.java:doStart(419)) - Started @736142ms
2019-09-25 06:16:33,379 [main] WARN  impl.MetricsSystemImpl (MetricsSystemImpl.java:register(276)) - Sink prometheus already exists!
2019-09-25 06:16:33,379 [main] INFO  server.BaseHttpServer (BaseHttpServer.java:updateConnectorAddress(215)) - HTTP server of HDDSDATANODE is listening at http://0.0.0.0:39219
2019-09-25 06:16:33,380 [main] INFO  impl.MetricsSystemImpl (MetricsSystemImpl.java:init(158)) - HddsDatanode metrics system started (again)
2019-09-25 06:16:33,386 [org.apache.hadoop.util.JvmPauseMonitor$Monitor@5c78babe] INFO  util.JvmPauseMonitor (JvmPauseMonitor.java:run(188)) - Starting JVM pause monitor
2019-09-25 06:16:33,387 [main] INFO  ozone.HddsDatanodeService (HddsDatanodeService.java:start(184)) - HddsDatanodeService host:pr-hdds-1569-s44lr-3492059363 ip:192.168.164.207
2019-09-25 06:16:33,388 [Datanode State Machine Thread - 0] INFO  datanode.InitDatanodeState (InitDatanodeState.java:persistContainerDatanodeDetails(140)) - DatanodeDetails is persisted to /workdir/hadoop-ozone/ozonefs/target/test-dir/MiniOzoneClusterImpl-9a706c7a-1c63-4529-bede-54329d36819c/datanode-1/meta/datanode.id
2019-09-25 06:16:33,394 [main] INFO  volume.HddsVolume (HddsVolume.java:<init>(176)) - Creating Volume: /workdir/hadoop-ozone/ozonefs/target/test-dir/MiniOzoneClusterImpl-9a706c7a-1c63-4529-bede-54329d36819c/datanode-2/data/containers/hdds of  storage type : DISK and capacity : 1482555576320
2019-09-25 06:16:33,394 [main] INFO  volume.VolumeSet (VolumeSet.java:initializeVolumeSet(170)) - Added Volume : /workdir/hadoop-ozone/ozonefs/target/test-dir/MiniOzoneClusterImpl-9a706c7a-1c63-4529-bede-54329d36819c/datanode-2/data/containers/hdds to VolumeSet
2019-09-25 06:16:33,395 [main] INFO  volume.ThrottledAsyncChecker (ThrottledAsyncChecker.java:schedule(139)) - Scheduling a check for org.apache.hadoop.ozone.container.common.volume.HddsVolume@4c41a177
2019-09-25 06:16:33,395 [main] INFO  volume.HddsVolumeChecker (HddsVolumeChecker.java:checkAllVolumes(202)) - Scheduled health check for volume org.apache.hadoop.ozone.container.common.volume.HddsVolume@4c41a177
2019-09-25 06:16:33,418 [main] INFO  impl.RaftServerProxy (ConfUtils.java:logGet(43)) - raft.rpc.type = GRPC (default)
2019-09-25 06:16:33,418 [main] INFO  grpc.GrpcFactory (GrpcFactory.java:checkPooledByteBufAllocatorUseCacheForAllThreads(45)) - PERFORMANCE WARNING: useCacheForAllThreads is true that may cause Netty to create a lot garbage objects and, as a result, trigger GC.
	It is recommended to disable useCacheForAllThreads by setting -Dorg.apache.ratis.thirdparty.io.netty.allocator.useCacheForAllThreads=false in command line.
2019-09-25 06:16:33,418 [main] INFO  grpc.GrpcConfigKeys$Server (ConfUtils.java:logGet(43)) - raft.grpc.server.port = 0 (default)
2019-09-25 06:16:33,418 [main] INFO  server.GrpcService (ConfUtils.java:logGet(43)) - raft.grpc.message.size.max = 33570816 (custom)
2019-09-25 06:16:33,419 [main] INFO  server.RaftServerConfigKeys (ConfUtils.java:logGet(43)) - raft.server.log.appender.buffer.byte-limit = 33554432 (custom)
2019-09-25 06:16:33,419 [main] INFO  server.GrpcService (ConfUtils.java:logGet(43)) - raft.grpc.flow.control.window = 1MB (=1048576) (default)
2019-09-25 06:16:33,419 [main] INFO  server.RaftServerConfigKeys (ConfUtils.java:logGet(43)) - raft.server.rpc.request.timeout = 3000ms (default)
2019-09-25 06:16:33,419 [main] INFO  server.RaftServerConfigKeys (ConfUtils.java:logGet(43)) - raft.server.storage.dir = [/workdir/hadoop-ozone/ozonefs/target/test-dir/MiniOzoneClusterImpl-9a706c7a-1c63-4529-bede-54329d36819c/datanode-2/data/ratis] (custom)
2019-09-25 06:16:33,420 [main] INFO  hdfs.DFSUtil (DFSUtil.java:httpServerTemplateForNNAndJN(1641)) - Starting Web-server for hddsDatanode at: http://0.0.0.0:0
2019-09-25 06:16:33,427 [main] INFO  server.AuthenticationFilter (AuthenticationFilter.java:constructSecretProvider(240)) - Unable to initialize FileSignerSecretProvider, falling back to use random secrets.
2019-09-25 06:16:33,427 [main] WARN  http.HttpRequestLog (HttpRequestLog.java:getRequestLog(97)) - Jetty request log can only be enabled using Log4j
2019-09-25 06:16:33,429 [main] INFO  http.HttpServer2 (HttpServer2.java:addGlobalFilter(975)) - Added global filter 'safety' (class=org.apache.hadoop.http.HttpServer2$QuotingInputFilter)
2019-09-25 06:16:33,430 [main] INFO  http.HttpServer2 (HttpServer2.java:addFilter(948)) - Added filter static_user_filter (class=org.apache.hadoop.http.lib.StaticUserWebFilter$StaticUserFilter) to context hddsDatanode
2019-09-25 06:16:33,430 [main] INFO  http.HttpServer2 (HttpServer2.java:addFilter(958)) - Added filter static_user_filter (class=org.apache.hadoop.http.lib.StaticUserWebFilter$StaticUserFilter) to context logs
2019-09-25 06:16:33,430 [main] INFO  http.HttpServer2 (HttpServer2.java:addFilter(958)) - Added filter static_user_filter (class=org.apache.hadoop.http.lib.StaticUserWebFilter$StaticUserFilter) to context static
2019-09-25 06:16:33,431 [main] INFO  http.HttpServer2 (HttpServer2.java:bindListener(1191)) - Jetty bound to port 46652
2019-09-25 06:16:33,431 [main] INFO  server.Server (Server.java:doStart(351)) - jetty-9.3.25.v20180904, build timestamp: 2018-09-04T21:11:46Z, git hash: 3ce520221d0240229c862b122d2b06c12a625732
2019-09-25 06:16:33,433 [main] INFO  handler.ContextHandler (ContextHandler.java:doStart(781)) - Started o.e.j.s.ServletContextHandler@51141f64{/logs,file:///workdir/hadoop-ozone/ozonefs/target/log,AVAILABLE}
2019-09-25 06:16:33,434 [main] INFO  handler.ContextHandler (ContextHandler.java:doStart(781)) - Started o.e.j.s.ServletContextHandler@35ceec81{/static,jar:file:/home/user/.m2/repository/org/apache/hadoop/hadoop-hdds-container-service/0.5.0-SNAPSHOT/hadoop-hdds-container-service-0.5.0-SNAPSHOT.jar!/webapps/static,AVAILABLE}
2019-09-25 06:16:33,461 [main] INFO  handler.ContextHandler (ContextHandler.java:doStart(781)) - Started o.e.j.w.WebAppContext@3a7469ca{/,file:///tmp/jetty-0.0.0.0-46652-hddsDatanode-_-any-6170415810089982830.dir/webapp/,AVAILABLE}{/hddsDatanode}
2019-09-25 06:16:33,462 [main] INFO  server.AbstractConnector (AbstractConnector.java:doStart(278)) - Started ServerConnector@1c8e8fed{HTTP/1.1,[http/1.1]}{0.0.0.0:46652}
2019-09-25 06:16:33,466 [main] INFO  server.Server (Server.java:doStart(419)) - Started @736230ms
2019-09-25 06:16:33,466 [main] WARN  impl.MetricsSystemImpl (MetricsSystemImpl.java:register(276)) - Sink prometheus already exists!
2019-09-25 06:16:33,467 [main] INFO  server.BaseHttpServer (BaseHttpServer.java:updateConnectorAddress(215)) - HTTP server of HDDSDATANODE is listening at http://0.0.0.0:46652
2019-09-25 06:16:33,467 [main] INFO  ozone.MiniOzoneClusterImpl (MiniOzoneClusterImpl.java:lambda$waitForClusterToBeReady$0(147)) - Waiting for cluster to be ready. Got 0 of 3 DN Heartbeats.
2019-09-25 06:16:33,470 [org.apache.hadoop.util.JvmPauseMonitor$Monitor@410e9fe0] INFO  util.JvmPauseMonitor (JvmPauseMonitor.java:run(188)) - Starting JVM pause monitor
2019-09-25 06:16:33,471 [Datanode State Machine Thread - 0] INFO  datanode.InitDatanodeState (InitDatanodeState.java:persistContainerDatanodeDetails(140)) - DatanodeDetails is persisted to /workdir/hadoop-ozone/ozonefs/target/test-dir/MiniOzoneClusterImpl-9a706c7a-1c63-4529-bede-54329d36819c/datanode-2/meta/datanode.id
2019-09-25 06:16:34,468 [main] INFO  ozone.MiniOzoneClusterImpl (MiniOzoneClusterImpl.java:lambda$waitForClusterToBeReady$0(147)) - Waiting for cluster to be ready. Got 0 of 3 DN Heartbeats.
2019-09-25 06:16:35,307 [Datanode State Machine Thread - 0] INFO  ozoneimpl.OzoneContainer (OzoneContainer.java:start(217)) - Attempting to start container services.
2019-09-25 06:16:35,309 [Datanode State Machine Thread - 0] INFO  ozoneimpl.OzoneContainer (OzoneContainer.java:startContainerScrub(179)) - Background container scanner has been disabled.
2019-09-25 06:16:35,309 [Datanode State Machine Thread - 0] INFO  ratis.XceiverServerRatis (XceiverServerRatis.java:start(411)) - Starting XceiverServerRatis 7e09b52c-cd88-4918-9f32-f870e77b8b81 at port 0
2019-09-25 06:16:35,315 [Datanode State Machine Thread - 0] INFO  impl.RaftServerProxy (RaftServerProxy.java:lambda$start$3(299)) - 7e09b52c-cd88-4918-9f32-f870e77b8b81: start RPC server
2019-09-25 06:16:35,317 [Datanode State Machine Thread - 0] INFO  server.GrpcService (GrpcService.java:startImpl(158)) - 7e09b52c-cd88-4918-9f32-f870e77b8b81: GrpcService started, listening on 0.0.0.0/0.0.0.0:37622
2019-09-25 06:16:35,317 [Datanode State Machine Thread - 0] INFO  ratis.XceiverServerRatis (XceiverServerRatis.java:start(421)) - XceiverServerRatis 7e09b52c-cd88-4918-9f32-f870e77b8b81 is started using port 37622
2019-09-25 06:16:35,330 [Datanode State Machine Thread - 0] INFO  server.XceiverServerGrpc (XceiverServerGrpc.java:start(149)) - XceiverServerGrpc 7e09b52c-cd88-4918-9f32-f870e77b8b81 is started using port 38702
2019-09-25 06:16:35,403 [Datanode State Machine Thread - 0] INFO  ozoneimpl.OzoneContainer (OzoneContainer.java:start(217)) - Attempting to start container services.
2019-09-25 06:16:35,406 [Datanode State Machine Thread - 0] INFO  ozoneimpl.OzoneContainer (OzoneContainer.java:startContainerScrub(179)) - Background container scanner has been disabled.
2019-09-25 06:16:35,406 [Datanode State Machine Thread - 0] INFO  ratis.XceiverServerRatis (XceiverServerRatis.java:start(411)) - Starting XceiverServerRatis 4eded300-c0fb-4b87-afc1-b9b61b2e7e1b at port 0
2019-09-25 06:16:35,412 [Datanode State Machine Thread - 0] INFO  impl.RaftServerProxy (RaftServerProxy.java:lambda$start$3(299)) - 4eded300-c0fb-4b87-afc1-b9b61b2e7e1b: start RPC server
2019-09-25 06:16:35,414 [Datanode State Machine Thread - 0] INFO  server.GrpcService (GrpcService.java:startImpl(158)) - 4eded300-c0fb-4b87-afc1-b9b61b2e7e1b: GrpcService started, listening on 0.0.0.0/0.0.0.0:43992
2019-09-25 06:16:35,414 [Datanode State Machine Thread - 0] INFO  ratis.XceiverServerRatis (XceiverServerRatis.java:start(421)) - XceiverServerRatis 4eded300-c0fb-4b87-afc1-b9b61b2e7e1b is started using port 43992
2019-09-25 06:16:35,415 [Datanode State Machine Thread - 0] INFO  server.XceiverServerGrpc (XceiverServerGrpc.java:start(149)) - XceiverServerGrpc 4eded300-c0fb-4b87-afc1-b9b61b2e7e1b is started using port 44898
2019-09-25 06:16:35,469 [main] INFO  ozone.MiniOzoneClusterImpl (MiniOzoneClusterImpl.java:lambda$waitForClusterToBeReady$0(147)) - Waiting for cluster to be ready. Got 0 of 3 DN Heartbeats.
2019-09-25 06:16:35,484 [Datanode State Machine Thread - 0] INFO  ozoneimpl.OzoneContainer (OzoneContainer.java:start(217)) - Attempting to start container services.
2019-09-25 06:16:35,489 [Datanode State Machine Thread - 0] INFO  ozoneimpl.OzoneContainer (OzoneContainer.java:startContainerScrub(179)) - Background container scanner has been disabled.
2019-09-25 06:16:35,489 [Datanode State Machine Thread - 0] INFO  ratis.XceiverServerRatis (XceiverServerRatis.java:start(411)) - Starting XceiverServerRatis 58065e78-105d-47b8-969e-4862a5832b33 at port 0
2019-09-25 06:16:35,496 [Datanode State Machine Thread - 0] INFO  impl.RaftServerProxy (RaftServerProxy.java:lambda$start$3(299)) - 58065e78-105d-47b8-969e-4862a5832b33: start RPC server
2019-09-25 06:16:35,497 [Datanode State Machine Thread - 0] INFO  server.GrpcService (GrpcService.java:startImpl(158)) - 58065e78-105d-47b8-969e-4862a5832b33: GrpcService started, listening on 0.0.0.0/0.0.0.0:35043
2019-09-25 06:16:35,497 [Datanode State Machine Thread - 0] INFO  ratis.XceiverServerRatis (XceiverServerRatis.java:start(421)) - XceiverServerRatis 58065e78-105d-47b8-969e-4862a5832b33 is started using port 35043
2019-09-25 06:16:35,497 [Datanode State Machine Thread - 0] INFO  server.XceiverServerGrpc (XceiverServerGrpc.java:start(149)) - XceiverServerGrpc 58065e78-105d-47b8-969e-4862a5832b33 is started using port 33466
2019-09-25 06:16:36,469 [main] INFO  ozone.MiniOzoneClusterImpl (MiniOzoneClusterImpl.java:lambda$waitForClusterToBeReady$0(147)) - Waiting for cluster to be ready. Got 0 of 3 DN Heartbeats.
2019-09-25 06:16:37,297 [IPC Server handler 16 on 35754] INFO  net.NetworkTopology (NetworkTopologyImpl.java:add(111)) - Added a new node: /default-rack/7e09b52c-cd88-4918-9f32-f870e77b8b81
2019-09-25 06:16:37,299 [IPC Server handler 16 on 35754] INFO  node.SCMNodeManager (SCMNodeManager.java:register(266)) - Registered Data node : 7e09b52c-cd88-4918-9f32-f870e77b8b81{ip: 192.168.164.207, host: pr-hdds-1569-s44lr-3492059363, networkLocation: /default-rack, certSerialId: null}
2019-09-25 06:16:37,303 [EventQueue-NodeRegistrationContainerReportForDataNodeSafeModeRule] INFO  safemode.SCMSafeModeManager (DataNodeSafeModeRule.java:process(71)) - SCM in safe mode. 1 DataNodes registered, 1 required.
2019-09-25 06:16:37,304 [EventQueue-NodeRegistrationContainerReportForDataNodeSafeModeRule] INFO  safemode.SCMSafeModeManager (SCMSafeModeManager.java:validateSafeModeExitRules(177)) - ScmSafeModeManager, all rules are successfully validated
2019-09-25 06:16:37,305 [EventQueue-NodeRegistrationContainerReportForDataNodeSafeModeRule] INFO  safemode.SCMSafeModeManager (SCMSafeModeManager.java:exitSafeMode(193)) - SCM exiting safe mode.
2019-09-25 06:16:37,317 [grpc-default-executor-0] INFO  impl.RaftServerProxy (RaftServerProxy.java:addNew(89)) - 7e09b52c-cd88-4918-9f32-f870e77b8b81: addNew group-409783C09C3A:[7e09b52c-cd88-4918-9f32-f870e77b8b81:192.168.164.207:37622] returns group-409783C09C3A:java.util.concurrent.CompletableFuture@54508ffb[Not completed]
2019-09-25 06:16:37,319 [pool-577-thread-1] INFO  impl.RaftServerImpl (RaftServerImpl.java:<init>(95)) - 7e09b52c-cd88-4918-9f32-f870e77b8b81: new RaftServerImpl for group-409783C09C3A:[7e09b52c-cd88-4918-9f32-f870e77b8b81:192.168.164.207:37622] with ContainerStateMachine:uninitialized
2019-09-25 06:16:37,321 [pool-577-thread-1] INFO  server.RaftServerConfigKeys (ConfUtils.java:logGet(43)) - raft.server.rpc.timeout.min = 5s (custom)
2019-09-25 06:16:37,321 [pool-577-thread-1] INFO  server.RaftServerConfigKeys (ConfUtils.java:logGet(43)) - raft.server.rpc.timeout.max = 5200ms (custom)
2019-09-25 06:16:37,321 [pool-577-thread-1] INFO  server.RaftServerConfigKeys (ConfUtils.java:logGet(43)) - raft.server.rpcslowness.timeout = 120s (custom)
2019-09-25 06:16:37,321 [pool-577-thread-1] INFO  server.RaftServerConfigKeys (ConfUtils.java:logGet(43)) - raft.server.sleep.deviation.threshold = 300 (default)
2019-09-25 06:16:37,322 [pool-577-thread-1] INFO  server.RaftServerConfigKeys (ConfUtils.java:logGet(43)) - raft.server.log.appender.install.snapshot.enabled = false (custom)
2019-09-25 06:16:37,322 [pool-577-thread-1] INFO  impl.RaftServerImpl (ServerState.java:<init>(103)) - 7e09b52c-cd88-4918-9f32-f870e77b8b81@group-409783C09C3A: ConfigurationManager, init=-1: [7e09b52c-cd88-4918-9f32-f870e77b8b81:192.168.164.207:37622], old=null, confs=<EMPTY_MAP>
2019-09-25 06:16:37,322 [pool-577-thread-1] INFO  server.RaftServerConfigKeys (ConfUtils.java:logGet(43)) - raft.server.storage.dir = [/workdir/hadoop-ozone/ozonefs/target/test-dir/MiniOzoneClusterImpl-9a706c7a-1c63-4529-bede-54329d36819c/datanode-0/data/ratis] (custom)
2019-09-25 06:16:37,322 [pool-577-thread-1] INFO  storage.RaftStorageDirectory (RaftStorageDirectory.java:analyzeStorage(246)) - The storage directory /workdir/hadoop-ozone/ozonefs/target/test-dir/MiniOzoneClusterImpl-9a706c7a-1c63-4529-bede-54329d36819c/datanode-0/data/ratis/e07893ff-4f47-4a33-b5cc-409783c09c3a does not exist. Creating ...
2019-09-25 06:16:37,387 [IPC Server handler 6 on 35754] INFO  net.NetworkTopology (NetworkTopologyImpl.java:add(111)) - Added a new node: /default-rack/4eded300-c0fb-4b87-afc1-b9b61b2e7e1b
2019-09-25 06:16:37,387 [IPC Server handler 6 on 35754] INFO  node.SCMNodeManager (SCMNodeManager.java:register(266)) - Registered Data node : 4eded300-c0fb-4b87-afc1-b9b61b2e7e1b{ip: 192.168.164.207, host: pr-hdds-1569-s44lr-3492059363, networkLocation: /default-rack, certSerialId: null}
2019-09-25 06:16:37,453 [pool-577-thread-1] INFO  storage.RaftStorageDirectory (RaftStorageDirectory.java:tryLock(328)) - Lock on /workdir/hadoop-ozone/ozonefs/target/test-dir/MiniOzoneClusterImpl-9a706c7a-1c63-4529-bede-54329d36819c/datanode-0/data/ratis/e07893ff-4f47-4a33-b5cc-409783c09c3a/in_use.lock acquired by nodename 18406@pr-hdds-1569-s44lr-3492059363
2019-09-25 06:16:37,457 [pool-577-thread-1] INFO  storage.RaftStorage (RaftStorage.java:format(72)) - Storage directory /workdir/hadoop-ozone/ozonefs/target/test-dir/MiniOzoneClusterImpl-9a706c7a-1c63-4529-bede-54329d36819c/datanode-0/data/ratis/e07893ff-4f47-4a33-b5cc-409783c09c3a has been successfully formatted.
2019-09-25 06:16:37,457 [pool-577-thread-1] INFO  ratis.ContainerStateMachine (ContainerStateMachine.java:loadSnapshot(230)) - group-409783C09C3A: The snapshot info is null. Setting the last applied indexto:(t:0, i:~)
2019-09-25 06:16:37,458 [pool-577-thread-1] INFO  server.RaftServerConfigKeys (ConfUtils.java:logGet(43)) - raft.server.notification.no-leader.timeout = 120s (custom)
2019-09-25 06:16:37,458 [pool-577-thread-1] INFO  server.RaftServerConfigKeys (ConfUtils.java:logGet(43)) - raft.server.log.use.memory = false (default)
2019-09-25 06:16:37,458 [pool-577-thread-1] INFO  server.RaftServerConfigKeys (ConfUtils.java:logGet(43)) - raft.server.log.purge.gap = 1000000 (custom)
2019-09-25 06:16:37,458 [pool-577-thread-1] INFO  server.RaftServerConfigKeys (ConfUtils.java:logGet(43)) - raft.server.log.appender.buffer.byte-limit = 33554432 (custom)
2019-09-25 06:16:37,458 [pool-577-thread-1] INFO  server.RaftServerConfigKeys (ConfUtils.java:logGet(43)) - raft.server.log.segment.size.max = 1048576 (custom)
2019-09-25 06:16:37,458 [pool-577-thread-1] INFO  server.RaftServerConfigKeys (ConfUtils.java:logGet(43)) - raft.server.log.segment.cache.num.max = 2 (custom)
2019-09-25 06:16:37,459 [pool-577-thread-1] INFO  segmented.SegmentedRaftLogWorker (SegmentedRaftLogWorker.java:<init>(172)) - new 7e09b52c-cd88-4918-9f32-f870e77b8b81@group-409783C09C3A-SegmentedRaftLogWorker for RaftStorage:Storage Directory /workdir/hadoop-ozone/ozonefs/target/test-dir/MiniOzoneClusterImpl-9a706c7a-1c63-4529-bede-54329d36819c/datanode-0/data/ratis/e07893ff-4f47-4a33-b5cc-409783c09c3a
2019-09-25 06:16:37,461 [pool-577-thread-1] INFO  server.RaftServerConfigKeys (ConfUtils.java:logGet(43)) - raft.server.log.queue.byte-limit = 2147483647 (custom)
2019-09-25 06:16:37,461 [pool-577-thread-1] INFO  server.RaftServerConfigKeys (ConfUtils.java:logGet(43)) - raft.server.log.queue.element-limit = 1024 (custom)
2019-09-25 06:16:37,461 [pool-577-thread-1] INFO  server.RaftServerConfigKeys (ConfUtils.java:logGet(43)) - raft.server.log.segment.size.max = 1048576 (custom)
2019-09-25 06:16:37,461 [pool-577-thread-1] INFO  server.RaftServerConfigKeys (ConfUtils.java:logGet(43)) - raft.server.log.preallocated.size = 16384 (custom)
2019-09-25 06:16:37,461 [pool-577-thread-1] INFO  server.RaftServerConfigKeys (ConfUtils.java:logGet(43)) - raft.server.log.write.buffer.size = 33554432 (custom)
2019-09-25 06:16:37,461 [pool-577-thread-1] INFO  server.RaftServerConfigKeys (ConfUtils.java:logGet(43)) - raft.server.log.force.sync.num = 128 (default)
2019-09-25 06:16:37,462 [pool-577-thread-1] INFO  server.RaftServerConfigKeys (ConfUtils.java:logGet(43)) - raft.server.log.statemachine.data.sync = true (default)
2019-09-25 06:16:37,462 [pool-577-thread-1] INFO  server.RaftServerConfigKeys (ConfUtils.java:logGet(43)) - raft.server.log.statemachine.data.sync.timeout = 10s (default)
2019-09-25 06:16:37,462 [pool-577-thread-1] INFO  server.RaftServerConfigKeys (ConfUtils.java:logGet(43)) - raft.server.log.statemachine.data.sync.timeout.retry = -1 (default)
2019-09-25 06:16:37,462 [pool-577-thread-1] INFO  server.RaftServerConfigKeys (ConfUtils.java:logGet(43)) - raft.server.log.statemachine.data.caching.enabled = true (custom)
2019-09-25 06:16:37,462 [pool-577-thread-1] INFO  segmented.SegmentedRaftLogWorker (SegmentedRaftLogWorker.java:lambda$new$0(132)) - 7e09b52c-cd88-4918-9f32-f870e77b8b81@group-409783C09C3A-SegmentedRaftLogWorker: flushIndex: setUnconditionally 0 -> -1
2019-09-25 06:16:37,463 [pool-577-thread-1] INFO  server.RaftServerConfigKeys (ConfUtils.java:logGet(43)) - raft.server.snapshot.auto.trigger.enabled = true (custom)
2019-09-25 06:16:37,463 [pool-577-thread-1] INFO  server.RaftServerConfigKeys (ConfUtils.java:logGet(43)) - raft.server.snapshot.auto.trigger.threshold = 10000 (custom)
2019-09-25 06:16:37,463 [pool-577-thread-1] INFO  server.RaftServerConfigKeys (ConfUtils.java:logGet(43)) - raft.server.snapshot.retention.num.files = 5 (custom)
2019-09-25 06:16:37,463 [pool-577-thread-1] INFO  server.RaftServerConfigKeys (ConfUtils.java:logGet(43)) - raft.server.retrycache.expirytime = 600000ms (custom)
2019-09-25 06:16:37,465 [pool-577-thread-1] INFO  impl.RaftServerImpl (RaftServerImpl.java:start(185)) - 7e09b52c-cd88-4918-9f32-f870e77b8b81@group-409783C09C3A: start as a follower, conf=-1: [7e09b52c-cd88-4918-9f32-f870e77b8b81:192.168.164.207:37622], old=null
2019-09-25 06:16:37,465 [pool-577-thread-1] INFO  impl.RaftServerImpl (RaftServerImpl.java:setRole(174)) - 7e09b52c-cd88-4918-9f32-f870e77b8b81@group-409783C09C3A: changes role from      null to FOLLOWER at term 0 for startAsFollower
2019-09-25 06:16:37,465 [pool-577-thread-1] INFO  impl.RoleInfo (RoleInfo.java:updateAndGet(143)) - 7e09b52c-cd88-4918-9f32-f870e77b8b81: start FollowerState
2019-09-25 06:16:37,466 [pool-577-thread-1] INFO  util.JmxRegister (JmxRegister.java:tryRegister(44)) - Successfully registered JMX Bean with object name Ratis:service=RaftServer,group=group-409783C09C3A,id=7e09b52c-cd88-4918-9f32-f870e77b8b81
2019-09-25 06:16:37,470 [main] INFO  ozone.MiniOzoneClusterImpl (MiniOzoneClusterImpl.java:lambda$waitForClusterToBeReady$0(147)) - Waiting for cluster to be ready. Got 2 of 3 DN Heartbeats.
2019-09-25 06:16:37,472 [IPC Server handler 16 on 35754] INFO  net.NetworkTopology (NetworkTopologyImpl.java:add(111)) - Added a new node: /default-rack/58065e78-105d-47b8-969e-4862a5832b33
2019-09-25 06:16:37,472 [IPC Server handler 16 on 35754] INFO  node.SCMNodeManager (SCMNodeManager.java:register(266)) - Registered Data node : 58065e78-105d-47b8-969e-4862a5832b33{ip: 192.168.164.207, host: pr-hdds-1569-s44lr-3492059363, networkLocation: /default-rack, certSerialId: null}
2019-09-25 06:16:37,473 [RatisPipelineUtilsThread] INFO  pipeline.PipelineStateManager (PipelineStateManager.java:addPipeline(56)) - Created pipeline Pipeline[ Id: e07893ff-4f47-4a33-b5cc-409783c09c3a, Nodes: 7e09b52c-cd88-4918-9f32-f870e77b8b81{ip: 192.168.164.207, host: pr-hdds-1569-s44lr-3492059363, networkLocation: /default-rack, certSerialId: null}, Type:RATIS, Factor:ONE, State:OPEN]
2019-09-25 06:16:37,514 [grpc-default-executor-0] INFO  impl.RaftServerProxy (RaftServerProxy.java:addNew(89)) - 7e09b52c-cd88-4918-9f32-f870e77b8b81: addNew group-86E31CBCDE12:[7e09b52c-cd88-4918-9f32-f870e77b8b81:192.168.164.207:37622] returns group-86E31CBCDE12:java.util.concurrent.CompletableFuture@65ce7c2f[Not completed]
2019-09-25 06:16:37,516 [pool-577-thread-1] INFO  impl.RaftServerImpl (RaftServerImpl.java:<init>(95)) - 7e09b52c-cd88-4918-9f32-f870e77b8b81: new RaftServerImpl for group-86E31CBCDE12:[7e09b52c-cd88-4918-9f32-f870e77b8b81:192.168.164.207:37622] with ContainerStateMachine:uninitialized
2019-09-25 06:16:37,516 [pool-577-thread-1] INFO  server.RaftServerConfigKeys (ConfUtils.java:logGet(43)) - raft.server.rpc.timeout.min = 5s (custom)
2019-09-25 06:16:37,516 [pool-577-thread-1] INFO  server.RaftServerConfigKeys (ConfUtils.java:logGet(43)) - raft.server.rpc.timeout.max = 5200ms (custom)
2019-09-25 06:16:37,517 [pool-577-thread-1] INFO  server.RaftServerConfigKeys (ConfUtils.java:logGet(43)) - raft.server.rpcslowness.timeout = 120s (custom)
2019-09-25 06:16:37,517 [pool-577-thread-1] INFO  server.RaftServerConfigKeys (ConfUtils.java:logGet(43)) - raft.server.sleep.deviation.threshold = 300 (default)
2019-09-25 06:16:37,517 [pool-577-thread-1] INFO  server.RaftServerConfigKeys (ConfUtils.java:logGet(43)) - raft.server.log.appender.install.snapshot.enabled = false (custom)
2019-09-25 06:16:37,517 [pool-577-thread-1] INFO  impl.RaftServerImpl (ServerState.java:<init>(103)) - 7e09b52c-cd88-4918-9f32-f870e77b8b81@group-86E31CBCDE12: ConfigurationManager, init=-1: [7e09b52c-cd88-4918-9f32-f870e77b8b81:192.168.164.207:37622], old=null, confs=<EMPTY_MAP>
2019-09-25 06:16:37,517 [pool-577-thread-1] INFO  server.RaftServerConfigKeys (ConfUtils.java:logGet(43)) - raft.server.storage.dir = [/workdir/hadoop-ozone/ozonefs/target/test-dir/MiniOzoneClusterImpl-9a706c7a-1c63-4529-bede-54329d36819c/datanode-0/data/ratis] (custom)
2019-09-25 06:16:37,518 [pool-577-thread-1] INFO  storage.RaftStorageDirectory (RaftStorageDirectory.java:analyzeStorage(246)) - The storage directory /workdir/hadoop-ozone/ozonefs/target/test-dir/MiniOzoneClusterImpl-9a706c7a-1c63-4529-bede-54329d36819c/datanode-0/data/ratis/3c47f3ae-a282-49f5-85cf-86e31cbcde12 does not exist. Creating ...
2019-09-25 06:16:37,530 [pool-577-thread-1] INFO  storage.RaftStorageDirectory (RaftStorageDirectory.java:tryLock(328)) - Lock on /workdir/hadoop-ozone/ozonefs/target/test-dir/MiniOzoneClusterImpl-9a706c7a-1c63-4529-bede-54329d36819c/datanode-0/data/ratis/3c47f3ae-a282-49f5-85cf-86e31cbcde12/in_use.lock acquired by nodename 18406@pr-hdds-1569-s44lr-3492059363
2019-09-25 06:16:37,533 [pool-577-thread-1] INFO  storage.RaftStorage (RaftStorage.java:format(72)) - Storage directory /workdir/hadoop-ozone/ozonefs/target/test-dir/MiniOzoneClusterImpl-9a706c7a-1c63-4529-bede-54329d36819c/datanode-0/data/ratis/3c47f3ae-a282-49f5-85cf-86e31cbcde12 has been successfully formatted.
2019-09-25 06:16:37,534 [pool-577-thread-1] INFO  ratis.ContainerStateMachine (ContainerStateMachine.java:loadSnapshot(230)) - group-86E31CBCDE12: The snapshot info is null. Setting the last applied indexto:(t:0, i:~)
2019-09-25 06:16:37,534 [pool-577-thread-1] INFO  server.RaftServerConfigKeys (ConfUtils.java:logGet(43)) - raft.server.notification.no-leader.timeout = 120s (custom)
2019-09-25 06:16:37,534 [pool-577-thread-1] INFO  server.RaftServerConfigKeys (ConfUtils.java:logGet(43)) - raft.server.log.use.memory = false (default)
2019-09-25 06:16:37,534 [pool-577-thread-1] INFO  server.RaftServerConfigKeys (ConfUtils.java:logGet(43)) - raft.server.log.purge.gap = 1000000 (custom)
2019-09-25 06:16:37,534 [pool-577-thread-1] INFO  server.RaftServerConfigKeys (ConfUtils.java:logGet(43)) - raft.server.log.appender.buffer.byte-limit = 33554432 (custom)
2019-09-25 06:16:37,534 [pool-577-thread-1] INFO  server.RaftServerConfigKeys (ConfUtils.java:logGet(43)) - raft.server.log.segment.size.max = 1048576 (custom)
2019-09-25 06:16:37,535 [pool-577-thread-1] INFO  server.RaftServerConfigKeys (ConfUtils.java:logGet(43)) - raft.server.log.segment.cache.num.max = 2 (custom)
2019-09-25 06:16:37,535 [pool-577-thread-1] INFO  segmented.SegmentedRaftLogWorker (SegmentedRaftLogWorker.java:<init>(172)) - new 7e09b52c-cd88-4918-9f32-f870e77b8b81@group-86E31CBCDE12-SegmentedRaftLogWorker for RaftStorage:Storage Directory /workdir/hadoop-ozone/ozonefs/target/test-dir/MiniOzoneClusterImpl-9a706c7a-1c63-4529-bede-54329d36819c/datanode-0/data/ratis/3c47f3ae-a282-49f5-85cf-86e31cbcde12
2019-09-25 06:16:37,535 [pool-577-thread-1] INFO  server.RaftServerConfigKeys (ConfUtils.java:logGet(43)) - raft.server.log.queue.byte-limit = 2147483647 (custom)
2019-09-25 06:16:37,535 [pool-577-thread-1] INFO  server.RaftServerConfigKeys (ConfUtils.java:logGet(43)) - raft.server.log.queue.element-limit = 1024 (custom)
2019-09-25 06:16:37,535 [pool-577-thread-1] INFO  server.RaftServerConfigKeys (ConfUtils.java:logGet(43)) - raft.server.log.segment.size.max = 1048576 (custom)
2019-09-25 06:16:37,535 [pool-577-thread-1] INFO  server.RaftServerConfigKeys (ConfUtils.java:logGet(43)) - raft.server.log.preallocated.size = 16384 (custom)
2019-09-25 06:16:37,535 [pool-577-thread-1] INFO  server.RaftServerConfigKeys (ConfUtils.java:logGet(43)) - raft.server.log.write.buffer.size = 33554432 (custom)
2019-09-25 06:16:37,536 [pool-577-thread-1] INFO  server.RaftServerConfigKeys (ConfUtils.java:logGet(43)) - raft.server.log.force.sync.num = 128 (default)
2019-09-25 06:16:37,536 [pool-577-thread-1] INFO  server.RaftServerConfigKeys (ConfUtils.java:logGet(43)) - raft.server.log.statemachine.data.sync = true (default)
2019-09-25 06:16:37,536 [pool-577-thread-1] INFO  server.RaftServerConfigKeys (ConfUtils.java:logGet(43)) - raft.server.log.statemachine.data.sync.timeout = 10s (default)
2019-09-25 06:16:37,536 [pool-577-thread-1] INFO  server.RaftServerConfigKeys (ConfUtils.java:logGet(43)) - raft.server.log.statemachine.data.sync.timeout.retry = -1 (default)
2019-09-25 06:16:37,536 [pool-577-thread-1] INFO  server.RaftServerConfigKeys (ConfUtils.java:logGet(43)) - raft.server.log.statemachine.data.caching.enabled = true (custom)
2019-09-25 06:16:37,536 [pool-577-thread-1] INFO  segmented.SegmentedRaftLogWorker (SegmentedRaftLogWorker.java:lambda$new$0(132)) - 7e09b52c-cd88-4918-9f32-f870e77b8b81@group-86E31CBCDE12-SegmentedRaftLogWorker: flushIndex: setUnconditionally 0 -> -1
2019-09-25 06:16:37,537 [pool-577-thread-1] INFO  server.RaftServerConfigKeys (ConfUtils.java:logGet(43)) - raft.server.snapshot.auto.trigger.enabled = true (custom)
2019-09-25 06:16:37,537 [pool-577-thread-1] INFO  server.RaftServerConfigKeys (ConfUtils.java:logGet(43)) - raft.server.snapshot.auto.trigger.threshold = 10000 (custom)
2019-09-25 06:16:37,537 [pool-577-thread-1] INFO  server.RaftServerConfigKeys (ConfUtils.java:logGet(43)) - raft.server.snapshot.retention.num.files = 5 (custom)
2019-09-25 06:16:37,537 [pool-577-thread-1] INFO  server.RaftServerConfigKeys (ConfUtils.java:logGet(43)) - raft.server.retrycache.expirytime = 600000ms (custom)
2019-09-25 06:16:37,539 [pool-577-thread-1] INFO  impl.RaftServerImpl (RaftServerImpl.java:start(185)) - 7e09b52c-cd88-4918-9f32-f870e77b8b81@group-86E31CBCDE12: start as a follower, conf=-1: [7e09b52c-cd88-4918-9f32-f870e77b8b81:192.168.164.207:37622], old=null
2019-09-25 06:16:37,539 [pool-577-thread-1] INFO  impl.RaftServerImpl (RaftServerImpl.java:setRole(174)) - 7e09b52c-cd88-4918-9f32-f870e77b8b81@group-86E31CBCDE12: changes role from      null to FOLLOWER at term 0 for startAsFollower
2019-09-25 06:16:37,540 [pool-577-thread-1] INFO  impl.RoleInfo (RoleInfo.java:updateAndGet(143)) - 7e09b52c-cd88-4918-9f32-f870e77b8b81: start FollowerState
2019-09-25 06:16:37,540 [pool-577-thread-1] INFO  util.JmxRegister (JmxRegister.java:tryRegister(44)) - Successfully registered JMX Bean with object name Ratis:service=RaftServer,group=group-86E31CBCDE12,id=7e09b52c-cd88-4918-9f32-f870e77b8b81
2019-09-25 06:16:37,553 [RatisPipelineUtilsThread] INFO  pipeline.PipelineStateManager (PipelineStateManager.java:addPipeline(56)) - Created pipeline Pipeline[ Id: 3c47f3ae-a282-49f5-85cf-86e31cbcde12, Nodes: 7e09b52c-cd88-4918-9f32-f870e77b8b81{ip: 192.168.164.207, host: pr-hdds-1569-s44lr-3492059363, networkLocation: /default-rack, certSerialId: null}, Type:RATIS, Factor:ONE, State:OPEN]
2019-09-25 06:16:37,563 [grpc-default-executor-0] INFO  impl.RaftServerProxy (RaftServerProxy.java:addNew(89)) - 4eded300-c0fb-4b87-afc1-b9b61b2e7e1b: addNew group-36468FD9F89C:[4eded300-c0fb-4b87-afc1-b9b61b2e7e1b:192.168.164.207:43992] returns group-36468FD9F89C:java.util.concurrent.CompletableFuture@d7dc456[Not completed]
2019-09-25 06:16:37,565 [pool-587-thread-1] INFO  impl.RaftServerImpl (RaftServerImpl.java:<init>(95)) - 4eded300-c0fb-4b87-afc1-b9b61b2e7e1b: new RaftServerImpl for group-36468FD9F89C:[4eded300-c0fb-4b87-afc1-b9b61b2e7e1b:192.168.164.207:43992] with ContainerStateMachine:uninitialized
2019-09-25 06:16:37,566 [pool-587-thread-1] INFO  server.RaftServerConfigKeys (ConfUtils.java:logGet(43)) - raft.server.rpc.timeout.min = 5s (custom)
2019-09-25 06:16:37,567 [pool-587-thread-1] INFO  server.RaftServerConfigKeys (ConfUtils.java:logGet(43)) - raft.server.rpc.timeout.max = 5200ms (custom)
2019-09-25 06:16:37,567 [pool-587-thread-1] INFO  server.RaftServerConfigKeys (ConfUtils.java:logGet(43)) - raft.server.rpcslowness.timeout = 120s (custom)
2019-09-25 06:16:37,567 [pool-587-thread-1] INFO  server.RaftServerConfigKeys (ConfUtils.java:logGet(43)) - raft.server.sleep.deviation.threshold = 300 (default)
2019-09-25 06:16:37,567 [pool-587-thread-1] INFO  server.RaftServerConfigKeys (ConfUtils.java:logGet(43)) - raft.server.log.appender.install.snapshot.enabled = false (custom)
2019-09-25 06:16:37,567 [pool-587-thread-1] INFO  impl.RaftServerImpl (ServerState.java:<init>(103)) - 4eded300-c0fb-4b87-afc1-b9b61b2e7e1b@group-36468FD9F89C: ConfigurationManager, init=-1: [4eded300-c0fb-4b87-afc1-b9b61b2e7e1b:192.168.164.207:43992], old=null, confs=<EMPTY_MAP>
2019-09-25 06:16:37,567 [pool-587-thread-1] INFO  server.RaftServerConfigKeys (ConfUtils.java:logGet(43)) - raft.server.storage.dir = [/workdir/hadoop-ozone/ozonefs/target/test-dir/MiniOzoneClusterImpl-9a706c7a-1c63-4529-bede-54329d36819c/datanode-1/data/ratis] (custom)
2019-09-25 06:16:37,568 [pool-587-thread-1] INFO  storage.RaftStorageDirectory (RaftStorageDirectory.java:analyzeStorage(246)) - The storage directory /workdir/hadoop-ozone/ozonefs/target/test-dir/MiniOzoneClusterImpl-9a706c7a-1c63-4529-bede-54329d36819c/datanode-1/data/ratis/2a6f32c2-0266-4576-85cc-36468fd9f89c does not exist. Creating ...
2019-09-25 06:16:37,571 [pool-587-thread-1] INFO  storage.RaftStorageDirectory (RaftStorageDirectory.java:tryLock(328)) - Lock on /workdir/hadoop-ozone/ozonefs/target/test-dir/MiniOzoneClusterImpl-9a706c7a-1c63-4529-bede-54329d36819c/datanode-1/data/ratis/2a6f32c2-0266-4576-85cc-36468fd9f89c/in_use.lock acquired by nodename 18406@pr-hdds-1569-s44lr-3492059363
2019-09-25 06:16:37,574 [pool-587-thread-1] INFO  storage.RaftStorage (RaftStorage.java:format(72)) - Storage directory /workdir/hadoop-ozone/ozonefs/target/test-dir/MiniOzoneClusterImpl-9a706c7a-1c63-4529-bede-54329d36819c/datanode-1/data/ratis/2a6f32c2-0266-4576-85cc-36468fd9f89c has been successfully formatted.
2019-09-25 06:16:37,575 [pool-587-thread-1] INFO  ratis.ContainerStateMachine (ContainerStateMachine.java:loadSnapshot(230)) - group-36468FD9F89C: The snapshot info is null. Setting the last applied indexto:(t:0, i:~)
2019-09-25 06:16:37,575 [pool-587-thread-1] INFO  server.RaftServerConfigKeys (ConfUtils.java:logGet(43)) - raft.server.notification.no-leader.timeout = 120s (custom)
2019-09-25 06:16:37,575 [pool-587-thread-1] INFO  server.RaftServerConfigKeys (ConfUtils.java:logGet(43)) - raft.server.log.use.memory = false (default)
2019-09-25 06:16:37,575 [pool-587-thread-1] INFO  server.RaftServerConfigKeys (ConfUtils.java:logGet(43)) - raft.server.log.purge.gap = 1000000 (custom)
2019-09-25 06:16:37,575 [pool-587-thread-1] INFO  server.RaftServerConfigKeys (ConfUtils.java:logGet(43)) - raft.server.log.appender.buffer.byte-limit = 33554432 (custom)
2019-09-25 06:16:37,576 [pool-587-thread-1] INFO  server.RaftServerConfigKeys (ConfUtils.java:logGet(43)) - raft.server.log.segment.size.max = 1048576 (custom)
2019-09-25 06:16:37,576 [pool-587-thread-1] INFO  server.RaftServerConfigKeys (ConfUtils.java:logGet(43)) - raft.server.log.segment.cache.num.max = 2 (custom)
2019-09-25 06:16:37,576 [pool-587-thread-1] INFO  segmented.SegmentedRaftLogWorker (SegmentedRaftLogWorker.java:<init>(172)) - new 4eded300-c0fb-4b87-afc1-b9b61b2e7e1b@group-36468FD9F89C-SegmentedRaftLogWorker for RaftStorage:Storage Directory /workdir/hadoop-ozone/ozonefs/target/test-dir/MiniOzoneClusterImpl-9a706c7a-1c63-4529-bede-54329d36819c/datanode-1/data/ratis/2a6f32c2-0266-4576-85cc-36468fd9f89c
2019-09-25 06:16:37,577 [pool-587-thread-1] INFO  server.RaftServerConfigKeys (ConfUtils.java:logGet(43)) - raft.server.log.queue.byte-limit = 2147483647 (custom)
2019-09-25 06:16:37,577 [pool-587-thread-1] INFO  server.RaftServerConfigKeys (ConfUtils.java:logGet(43)) - raft.server.log.queue.element-limit = 1024 (custom)
2019-09-25 06:16:37,578 [pool-587-thread-1] INFO  server.RaftServerConfigKeys (ConfUtils.java:logGet(43)) - raft.server.log.segment.size.max = 1048576 (custom)
2019-09-25 06:16:37,578 [pool-587-thread-1] INFO  server.RaftServerConfigKeys (ConfUtils.java:logGet(43)) - raft.server.log.preallocated.size = 16384 (custom)
2019-09-25 06:16:37,578 [pool-587-thread-1] INFO  server.RaftServerConfigKeys (ConfUtils.java:logGet(43)) - raft.server.log.write.buffer.size = 33554432 (custom)
2019-09-25 06:16:37,578 [pool-587-thread-1] INFO  server.RaftServerConfigKeys (ConfUtils.java:logGet(43)) - raft.server.log.force.sync.num = 128 (default)
2019-09-25 06:16:37,578 [pool-587-thread-1] INFO  server.RaftServerConfigKeys (ConfUtils.java:logGet(43)) - raft.server.log.statemachine.data.sync = true (default)
2019-09-25 06:16:37,578 [pool-587-thread-1] INFO  server.RaftServerConfigKeys (ConfUtils.java:logGet(43)) - raft.server.log.statemachine.data.sync.timeout = 10s (default)
2019-09-25 06:16:37,578 [pool-587-thread-1] INFO  server.RaftServerConfigKeys (ConfUtils.java:logGet(43)) - raft.server.log.statemachine.data.sync.timeout.retry = -1 (default)
2019-09-25 06:16:37,579 [pool-587-thread-1] INFO  server.RaftServerConfigKeys (ConfUtils.java:logGet(43)) - raft.server.log.statemachine.data.caching.enabled = true (custom)
2019-09-25 06:16:37,579 [pool-587-thread-1] INFO  segmented.SegmentedRaftLogWorker (SegmentedRaftLogWorker.java:lambda$new$0(132)) - 4eded300-c0fb-4b87-afc1-b9b61b2e7e1b@group-36468FD9F89C-SegmentedRaftLogWorker: flushIndex: setUnconditionally 0 -> -1
2019-09-25 06:16:37,579 [pool-587-thread-1] INFO  server.RaftServerConfigKeys (ConfUtils.java:logGet(43)) - raft.server.snapshot.auto.trigger.enabled = true (custom)
2019-09-25 06:16:37,579 [pool-587-thread-1] INFO  server.RaftServerConfigKeys (ConfUtils.java:logGet(43)) - raft.server.snapshot.auto.trigger.threshold = 10000 (custom)
2019-09-25 06:16:37,580 [pool-587-thread-1] INFO  server.RaftServerConfigKeys (ConfUtils.java:logGet(43)) - raft.server.snapshot.retention.num.files = 5 (custom)
2019-09-25 06:16:37,580 [pool-587-thread-1] INFO  server.RaftServerConfigKeys (ConfUtils.java:logGet(43)) - raft.server.retrycache.expirytime = 600000ms (custom)
2019-09-25 06:16:37,581 [pool-587-thread-1] INFO  impl.RaftServerImpl (RaftServerImpl.java:start(185)) - 4eded300-c0fb-4b87-afc1-b9b61b2e7e1b@group-36468FD9F89C: start as a follower, conf=-1: [4eded300-c0fb-4b87-afc1-b9b61b2e7e1b:192.168.164.207:43992], old=null
2019-09-25 06:16:37,581 [pool-587-thread-1] INFO  impl.RaftServerImpl (RaftServerImpl.java:setRole(174)) - 4eded300-c0fb-4b87-afc1-b9b61b2e7e1b@group-36468FD9F89C: changes role from      null to FOLLOWER at term 0 for startAsFollower
2019-09-25 06:16:37,581 [pool-587-thread-1] INFO  impl.RoleInfo (RoleInfo.java:updateAndGet(143)) - 4eded300-c0fb-4b87-afc1-b9b61b2e7e1b: start FollowerState
2019-09-25 06:16:37,582 [pool-587-thread-1] INFO  util.JmxRegister (JmxRegister.java:tryRegister(44)) - Successfully registered JMX Bean with object name Ratis:service=RaftServer,group=group-36468FD9F89C,id=4eded300-c0fb-4b87-afc1-b9b61b2e7e1b
2019-09-25 06:16:37,587 [RatisPipelineUtilsThread] INFO  pipeline.PipelineStateManager (PipelineStateManager.java:addPipeline(56)) - Created pipeline Pipeline[ Id: 2a6f32c2-0266-4576-85cc-36468fd9f89c, Nodes: 4eded300-c0fb-4b87-afc1-b9b61b2e7e1b{ip: 192.168.164.207, host: pr-hdds-1569-s44lr-3492059363, networkLocation: /default-rack, certSerialId: null}, Type:RATIS, Factor:ONE, State:OPEN]
2019-09-25 06:16:37,594 [grpc-default-executor-0] INFO  impl.RaftServerProxy (RaftServerProxy.java:addNew(89)) - 7e09b52c-cd88-4918-9f32-f870e77b8b81: addNew group-90A090AEE505:[7e09b52c-cd88-4918-9f32-f870e77b8b81:192.168.164.207:37622] returns group-90A090AEE505:java.util.concurrent.CompletableFuture@7f040de6[Not completed]
2019-09-25 06:16:37,596 [pool-577-thread-1] INFO  impl.RaftServerImpl (RaftServerImpl.java:<init>(95)) - 7e09b52c-cd88-4918-9f32-f870e77b8b81: new RaftServerImpl for group-90A090AEE505:[7e09b52c-cd88-4918-9f32-f870e77b8b81:192.168.164.207:37622] with ContainerStateMachine:uninitialized
2019-09-25 06:16:37,596 [pool-577-thread-1] INFO  server.RaftServerConfigKeys (ConfUtils.java:logGet(43)) - raft.server.rpc.timeout.min = 5s (custom)
2019-09-25 06:16:37,596 [pool-577-thread-1] INFO  server.RaftServerConfigKeys (ConfUtils.java:logGet(43)) - raft.server.rpc.timeout.max = 5200ms (custom)
2019-09-25 06:16:37,596 [pool-577-thread-1] INFO  server.RaftServerConfigKeys (ConfUtils.java:logGet(43)) - raft.server.rpcslowness.timeout = 120s (custom)
2019-09-25 06:16:37,596 [pool-577-thread-1] INFO  server.RaftServerConfigKeys (ConfUtils.java:logGet(43)) - raft.server.sleep.deviation.threshold = 300 (default)
2019-09-25 06:16:37,596 [pool-577-thread-1] INFO  server.RaftServerConfigKeys (ConfUtils.java:logGet(43)) - raft.server.log.appender.install.snapshot.enabled = false (custom)
2019-09-25 06:16:37,596 [pool-577-thread-1] INFO  impl.RaftServerImpl (ServerState.java:<init>(103)) - 7e09b52c-cd88-4918-9f32-f870e77b8b81@group-90A090AEE505: ConfigurationManager, init=-1: [7e09b52c-cd88-4918-9f32-f870e77b8b81:192.168.164.207:37622], old=null, confs=<EMPTY_MAP>
2019-09-25 06:16:37,596 [pool-577-thread-1] INFO  server.RaftServerConfigKeys (ConfUtils.java:logGet(43)) - raft.server.storage.dir = [/workdir/hadoop-ozone/ozonefs/target/test-dir/MiniOzoneClusterImpl-9a706c7a-1c63-4529-bede-54329d36819c/datanode-0/data/ratis] (custom)
2019-09-25 06:16:37,597 [pool-577-thread-1] INFO  storage.RaftStorageDirectory (RaftStorageDirectory.java:analyzeStorage(246)) - The storage directory /workdir/hadoop-ozone/ozonefs/target/test-dir/MiniOzoneClusterImpl-9a706c7a-1c63-4529-bede-54329d36819c/datanode-0/data/ratis/7352f5c9-0fe4-49c2-8e21-90a090aee505 does not exist. Creating ...
2019-09-25 06:16:37,600 [pool-577-thread-1] INFO  storage.RaftStorageDirectory (RaftStorageDirectory.java:tryLock(328)) - Lock on /workdir/hadoop-ozone/ozonefs/target/test-dir/MiniOzoneClusterImpl-9a706c7a-1c63-4529-bede-54329d36819c/datanode-0/data/ratis/7352f5c9-0fe4-49c2-8e21-90a090aee505/in_use.lock acquired by nodename 18406@pr-hdds-1569-s44lr-3492059363
2019-09-25 06:16:37,604 [pool-577-thread-1] INFO  storage.RaftStorage (RaftStorage.java:format(72)) - Storage directory /workdir/hadoop-ozone/ozonefs/target/test-dir/MiniOzoneClusterImpl-9a706c7a-1c63-4529-bede-54329d36819c/datanode-0/data/ratis/7352f5c9-0fe4-49c2-8e21-90a090aee505 has been successfully formatted.
2019-09-25 06:16:37,605 [pool-577-thread-1] INFO  ratis.ContainerStateMachine (ContainerStateMachine.java:loadSnapshot(230)) - group-90A090AEE505: The snapshot info is null. Setting the last applied indexto:(t:0, i:~)
2019-09-25 06:16:37,606 [pool-577-thread-1] INFO  server.RaftServerConfigKeys (ConfUtils.java:logGet(43)) - raft.server.notification.no-leader.timeout = 120s (custom)
2019-09-25 06:16:37,606 [pool-577-thread-1] INFO  server.RaftServerConfigKeys (ConfUtils.java:logGet(43)) - raft.server.log.use.memory = false (default)
2019-09-25 06:16:37,606 [pool-577-thread-1] INFO  server.RaftServerConfigKeys (ConfUtils.java:logGet(43)) - raft.server.log.purge.gap = 1000000 (custom)
2019-09-25 06:16:37,606 [pool-577-thread-1] INFO  server.RaftServerConfigKeys (ConfUtils.java:logGet(43)) - raft.server.log.appender.buffer.byte-limit = 33554432 (custom)
2019-09-25 06:16:37,606 [pool-577-thread-1] INFO  server.RaftServerConfigKeys (ConfUtils.java:logGet(43)) - raft.server.log.segment.size.max = 1048576 (custom)
2019-09-25 06:16:37,606 [pool-577-thread-1] INFO  server.RaftServerConfigKeys (ConfUtils.java:logGet(43)) - raft.server.log.segment.cache.num.max = 2 (custom)
2019-09-25 06:16:37,606 [pool-577-thread-1] INFO  segmented.SegmentedRaftLogWorker (SegmentedRaftLogWorker.java:<init>(172)) - new 7e09b52c-cd88-4918-9f32-f870e77b8b81@group-90A090AEE505-SegmentedRaftLogWorker for RaftStorage:Storage Directory /workdir/hadoop-ozone/ozonefs/target/test-dir/MiniOzoneClusterImpl-9a706c7a-1c63-4529-bede-54329d36819c/datanode-0/data/ratis/7352f5c9-0fe4-49c2-8e21-90a090aee505
2019-09-25 06:16:37,606 [pool-577-thread-1] INFO  server.RaftServerConfigKeys (ConfUtils.java:logGet(43)) - raft.server.log.queue.byte-limit = 2147483647 (custom)
2019-09-25 06:16:37,607 [pool-577-thread-1] INFO  server.RaftServerConfigKeys (ConfUtils.java:logGet(43)) - raft.server.log.queue.element-limit = 1024 (custom)
2019-09-25 06:16:37,607 [pool-577-thread-1] INFO  server.RaftServerConfigKeys (ConfUtils.java:logGet(43)) - raft.server.log.segment.size.max = 1048576 (custom)
2019-09-25 06:16:37,607 [pool-577-thread-1] INFO  server.RaftServerConfigKeys (ConfUtils.java:logGet(43)) - raft.server.log.preallocated.size = 16384 (custom)
2019-09-25 06:16:37,607 [pool-577-thread-1] INFO  server.RaftServerConfigKeys (ConfUtils.java:logGet(43)) - raft.server.log.write.buffer.size = 33554432 (custom)
2019-09-25 06:16:37,607 [pool-577-thread-1] INFO  server.RaftServerConfigKeys (ConfUtils.java:logGet(43)) - raft.server.log.force.sync.num = 128 (default)
2019-09-25 06:16:37,607 [pool-577-thread-1] INFO  server.RaftServerConfigKeys (ConfUtils.java:logGet(43)) - raft.server.log.statemachine.data.sync = true (default)
2019-09-25 06:16:37,607 [pool-577-thread-1] INFO  server.RaftServerConfigKeys (ConfUtils.java:logGet(43)) - raft.server.log.statemachine.data.sync.timeout = 10s (default)
2019-09-25 06:16:37,607 [pool-577-thread-1] INFO  server.RaftServerConfigKeys (ConfUtils.java:logGet(43)) - raft.server.log.statemachine.data.sync.timeout.retry = -1 (default)
2019-09-25 06:16:37,607 [pool-577-thread-1] INFO  server.RaftServerConfigKeys (ConfUtils.java:logGet(43)) - raft.server.log.statemachine.data.caching.enabled = true (custom)
2019-09-25 06:16:37,608 [pool-577-thread-1] INFO  segmented.SegmentedRaftLogWorker (SegmentedRaftLogWorker.java:lambda$new$0(132)) - 7e09b52c-cd88-4918-9f32-f870e77b8b81@group-90A090AEE505-SegmentedRaftLogWorker: flushIndex: setUnconditionally 0 -> -1
2019-09-25 06:16:37,608 [pool-577-thread-1] INFO  server.RaftServerConfigKeys (ConfUtils.java:logGet(43)) - raft.server.snapshot.auto.trigger.enabled = true (custom)
2019-09-25 06:16:37,608 [pool-577-thread-1] INFO  server.RaftServerConfigKeys (ConfUtils.java:logGet(43)) - raft.server.snapshot.auto.trigger.threshold = 10000 (custom)
2019-09-25 06:16:37,608 [pool-577-thread-1] INFO  server.RaftServerConfigKeys (ConfUtils.java:logGet(43)) - raft.server.snapshot.retention.num.files = 5 (custom)
2019-09-25 06:16:37,608 [pool-577-thread-1] INFO  server.RaftServerConfigKeys (ConfUtils.java:logGet(43)) - raft.server.retrycache.expirytime = 600000ms (custom)
2019-09-25 06:16:37,610 [pool-577-thread-1] INFO  impl.RaftServerImpl (RaftServerImpl.java:start(185)) - 7e09b52c-cd88-4918-9f32-f870e77b8b81@group-90A090AEE505: start as a follower, conf=-1: [7e09b52c-cd88-4918-9f32-f870e77b8b81:192.168.164.207:37622], old=null
2019-09-25 06:16:37,610 [pool-577-thread-1] INFO  impl.RaftServerImpl (RaftServerImpl.java:setRole(174)) - 7e09b52c-cd88-4918-9f32-f870e77b8b81@group-90A090AEE505: changes role from      null to FOLLOWER at term 0 for startAsFollower
2019-09-25 06:16:37,610 [pool-577-thread-1] INFO  impl.RoleInfo (RoleInfo.java:updateAndGet(143)) - 7e09b52c-cd88-4918-9f32-f870e77b8b81: start FollowerState
2019-09-25 06:16:37,611 [pool-577-thread-1] INFO  util.JmxRegister (JmxRegister.java:tryRegister(44)) - Successfully registered JMX Bean with object name Ratis:service=RaftServer,group=group-90A090AEE505,id=7e09b52c-cd88-4918-9f32-f870e77b8b81
2019-09-25 06:16:37,614 [RatisPipelineUtilsThread] INFO  pipeline.PipelineStateManager (PipelineStateManager.java:addPipeline(56)) - Created pipeline Pipeline[ Id: 7352f5c9-0fe4-49c2-8e21-90a090aee505, Nodes: 7e09b52c-cd88-4918-9f32-f870e77b8b81{ip: 192.168.164.207, host: pr-hdds-1569-s44lr-3492059363, networkLocation: /default-rack, certSerialId: null}, Type:RATIS, Factor:ONE, State:OPEN]
2019-09-25 06:16:37,622 [grpc-default-executor-0] INFO  impl.RaftServerProxy (RaftServerProxy.java:addNew(89)) - 58065e78-105d-47b8-969e-4862a5832b33: addNew group-C6BE4E070E09:[58065e78-105d-47b8-969e-4862a5832b33:192.168.164.207:35043] returns group-C6BE4E070E09:java.util.concurrent.CompletableFuture@6f83539b[Not completed]
2019-09-25 06:16:37,623 [pool-597-thread-1] INFO  impl.RaftServerImpl (RaftServerImpl.java:<init>(95)) - 58065e78-105d-47b8-969e-4862a5832b33: new RaftServerImpl for group-C6BE4E070E09:[58065e78-105d-47b8-969e-4862a5832b33:192.168.164.207:35043] with ContainerStateMachine:uninitialized
2019-09-25 06:16:37,624 [pool-597-thread-1] INFO  server.RaftServerConfigKeys (ConfUtils.java:logGet(43)) - raft.server.rpc.timeout.min = 5s (custom)
2019-09-25 06:16:37,624 [pool-597-thread-1] INFO  server.RaftServerConfigKeys (ConfUtils.java:logGet(43)) - raft.server.rpc.timeout.max = 5200ms (custom)
2019-09-25 06:16:37,625 [pool-597-thread-1] INFO  server.RaftServerConfigKeys (ConfUtils.java:logGet(43)) - raft.server.rpcslowness.timeout = 120s (custom)
2019-09-25 06:16:37,625 [pool-597-thread-1] INFO  server.RaftServerConfigKeys (ConfUtils.java:logGet(43)) - raft.server.sleep.deviation.threshold = 300 (default)
2019-09-25 06:16:37,625 [pool-597-thread-1] INFO  server.RaftServerConfigKeys (ConfUtils.java:logGet(43)) - raft.server.log.appender.install.snapshot.enabled = false (custom)
2019-09-25 06:16:37,625 [pool-597-thread-1] INFO  impl.RaftServerImpl (ServerState.java:<init>(103)) - 58065e78-105d-47b8-969e-4862a5832b33@group-C6BE4E070E09: ConfigurationManager, init=-1: [58065e78-105d-47b8-969e-4862a5832b33:192.168.164.207:35043], old=null, confs=<EMPTY_MAP>
2019-09-25 06:16:37,625 [pool-597-thread-1] INFO  server.RaftServerConfigKeys (ConfUtils.java:logGet(43)) - raft.server.storage.dir = [/workdir/hadoop-ozone/ozonefs/target/test-dir/MiniOzoneClusterImpl-9a706c7a-1c63-4529-bede-54329d36819c/datanode-2/data/ratis] (custom)
2019-09-25 06:16:37,626 [pool-597-thread-1] INFO  storage.RaftStorageDirectory (RaftStorageDirectory.java:analyzeStorage(246)) - The storage directory /workdir/hadoop-ozone/ozonefs/target/test-dir/MiniOzoneClusterImpl-9a706c7a-1c63-4529-bede-54329d36819c/datanode-2/data/ratis/b3b54b5a-538d-414c-89d6-c6be4e070e09 does not exist. Creating ...
2019-09-25 06:16:37,630 [pool-597-thread-1] INFO  storage.RaftStorageDirectory (RaftStorageDirectory.java:tryLock(328)) - Lock on /workdir/hadoop-ozone/ozonefs/target/test-dir/MiniOzoneClusterImpl-9a706c7a-1c63-4529-bede-54329d36819c/datanode-2/data/ratis/b3b54b5a-538d-414c-89d6-c6be4e070e09/in_use.lock acquired by nodename 18406@pr-hdds-1569-s44lr-3492059363
2019-09-25 06:16:37,633 [pool-597-thread-1] INFO  storage.RaftStorage (RaftStorage.java:format(72)) - Storage directory /workdir/hadoop-ozone/ozonefs/target/test-dir/MiniOzoneClusterImpl-9a706c7a-1c63-4529-bede-54329d36819c/datanode-2/data/ratis/b3b54b5a-538d-414c-89d6-c6be4e070e09 has been successfully formatted.
2019-09-25 06:16:37,633 [pool-597-thread-1] INFO  ratis.ContainerStateMachine (ContainerStateMachine.java:loadSnapshot(230)) - group-C6BE4E070E09: The snapshot info is null. Setting the last applied indexto:(t:0, i:~)
2019-09-25 06:16:37,633 [pool-597-thread-1] INFO  server.RaftServerConfigKeys (ConfUtils.java:logGet(43)) - raft.server.notification.no-leader.timeout = 120s (custom)
2019-09-25 06:16:37,633 [pool-597-thread-1] INFO  server.RaftServerConfigKeys (ConfUtils.java:logGet(43)) - raft.server.log.use.memory = false (default)
2019-09-25 06:16:37,633 [pool-597-thread-1] INFO  server.RaftServerConfigKeys (ConfUtils.java:logGet(43)) - raft.server.log.purge.gap = 1000000 (custom)
2019-09-25 06:16:37,634 [pool-597-thread-1] INFO  server.RaftServerConfigKeys (ConfUtils.java:logGet(43)) - raft.server.log.appender.buffer.byte-limit = 33554432 (custom)
2019-09-25 06:16:37,634 [pool-597-thread-1] INFO  server.RaftServerConfigKeys (ConfUtils.java:logGet(43)) - raft.server.log.segment.size.max = 1048576 (custom)
2019-09-25 06:16:37,634 [pool-597-thread-1] INFO  server.RaftServerConfigKeys (ConfUtils.java:logGet(43)) - raft.server.log.segment.cache.num.max = 2 (custom)
2019-09-25 06:16:37,634 [pool-597-thread-1] INFO  segmented.SegmentedRaftLogWorker (SegmentedRaftLogWorker.java:<init>(172)) - new 58065e78-105d-47b8-969e-4862a5832b33@group-C6BE4E070E09-SegmentedRaftLogWorker for RaftStorage:Storage Directory /workdir/hadoop-ozone/ozonefs/target/test-dir/MiniOzoneClusterImpl-9a706c7a-1c63-4529-bede-54329d36819c/datanode-2/data/ratis/b3b54b5a-538d-414c-89d6-c6be4e070e09
2019-09-25 06:16:37,635 [pool-597-thread-1] INFO  server.RaftServerConfigKeys (ConfUtils.java:logGet(43)) - raft.server.log.queue.byte-limit = 2147483647 (custom)
2019-09-25 06:16:37,635 [pool-597-thread-1] INFO  server.RaftServerConfigKeys (ConfUtils.java:logGet(43)) - raft.server.log.queue.element-limit = 1024 (custom)
2019-09-25 06:16:37,635 [pool-597-thread-1] INFO  server.RaftServerConfigKeys (ConfUtils.java:logGet(43)) - raft.server.log.segment.size.max = 1048576 (custom)
2019-09-25 06:16:37,635 [pool-597-thread-1] INFO  server.RaftServerConfigKeys (ConfUtils.java:logGet(43)) - raft.server.log.preallocated.size = 16384 (custom)
2019-09-25 06:16:37,635 [pool-597-thread-1] INFO  server.RaftServerConfigKeys (ConfUtils.java:logGet(43)) - raft.server.log.write.buffer.size = 33554432 (custom)
2019-09-25 06:16:37,635 [pool-597-thread-1] INFO  server.RaftServerConfigKeys (ConfUtils.java:logGet(43)) - raft.server.log.force.sync.num = 128 (default)
2019-09-25 06:16:37,636 [pool-597-thread-1] INFO  server.RaftServerConfigKeys (ConfUtils.java:logGet(43)) - raft.server.log.statemachine.data.sync = true (default)
2019-09-25 06:16:37,636 [pool-597-thread-1] INFO  server.RaftServerConfigKeys (ConfUtils.java:logGet(43)) - raft.server.log.statemachine.data.sync.timeout = 10s (default)
2019-09-25 06:16:37,636 [pool-597-thread-1] INFO  server.RaftServerConfigKeys (ConfUtils.java:logGet(43)) - raft.server.log.statemachine.data.sync.timeout.retry = -1 (default)
2019-09-25 06:16:37,636 [pool-597-thread-1] INFO  server.RaftServerConfigKeys (ConfUtils.java:logGet(43)) - raft.server.log.statemachine.data.caching.enabled = true (custom)
2019-09-25 06:16:37,636 [pool-597-thread-1] INFO  segmented.SegmentedRaftLogWorker (SegmentedRaftLogWorker.java:lambda$new$0(132)) - 58065e78-105d-47b8-969e-4862a5832b33@group-C6BE4E070E09-SegmentedRaftLogWorker: flushIndex: setUnconditionally 0 -> -1
2019-09-25 06:16:37,636 [pool-597-thread-1] INFO  server.RaftServerConfigKeys (ConfUtils.java:logGet(43)) - raft.server.snapshot.auto.trigger.enabled = true (custom)
2019-09-25 06:16:37,637 [pool-597-thread-1] INFO  server.RaftServerConfigKeys (ConfUtils.java:logGet(43)) - raft.server.snapshot.auto.trigger.threshold = 10000 (custom)
2019-09-25 06:16:37,637 [pool-597-thread-1] INFO  server.RaftServerConfigKeys (ConfUtils.java:logGet(43)) - raft.server.snapshot.retention.num.files = 5 (custom)
2019-09-25 06:16:37,637 [pool-597-thread-1] INFO  server.RaftServerConfigKeys (ConfUtils.java:logGet(43)) - raft.server.retrycache.expirytime = 600000ms (custom)
2019-09-25 06:16:37,638 [pool-597-thread-1] INFO  impl.RaftServerImpl (RaftServerImpl.java:start(185)) - 58065e78-105d-47b8-969e-4862a5832b33@group-C6BE4E070E09: start as a follower, conf=-1: [58065e78-105d-47b8-969e-4862a5832b33:192.168.164.207:35043], old=null
2019-09-25 06:16:37,638 [pool-597-thread-1] INFO  impl.RaftServerImpl (RaftServerImpl.java:setRole(174)) - 58065e78-105d-47b8-969e-4862a5832b33@group-C6BE4E070E09: changes role from      null to FOLLOWER at term 0 for startAsFollower
2019-09-25 06:16:37,638 [pool-597-thread-1] INFO  impl.RoleInfo (RoleInfo.java:updateAndGet(143)) - 58065e78-105d-47b8-969e-4862a5832b33: start FollowerState
2019-09-25 06:16:37,638 [pool-597-thread-1] INFO  util.JmxRegister (JmxRegister.java:tryRegister(44)) - Successfully registered JMX Bean with object name Ratis:service=RaftServer,group=group-C6BE4E070E09,id=58065e78-105d-47b8-969e-4862a5832b33
2019-09-25 06:16:37,642 [RatisPipelineUtilsThread] INFO  pipeline.PipelineStateManager (PipelineStateManager.java:addPipeline(56)) - Created pipeline Pipeline[ Id: b3b54b5a-538d-414c-89d6-c6be4e070e09, Nodes: 58065e78-105d-47b8-969e-4862a5832b33{ip: 192.168.164.207, host: pr-hdds-1569-s44lr-3492059363, networkLocation: /default-rack, certSerialId: null}, Type:RATIS, Factor:ONE, State:OPEN]
2019-09-25 06:16:37,649 [grpc-default-executor-0] INFO  impl.RaftServerProxy (RaftServerProxy.java:addNew(89)) - 7e09b52c-cd88-4918-9f32-f870e77b8b81: addNew group-B7D4253B43B4:[7e09b52c-cd88-4918-9f32-f870e77b8b81:192.168.164.207:37622] returns group-B7D4253B43B4:java.util.concurrent.CompletableFuture@9fc44fc[Not completed]
2019-09-25 06:16:37,650 [pool-577-thread-1] INFO  impl.RaftServerImpl (RaftServerImpl.java:<init>(95)) - 7e09b52c-cd88-4918-9f32-f870e77b8b81: new RaftServerImpl for group-B7D4253B43B4:[7e09b52c-cd88-4918-9f32-f870e77b8b81:192.168.164.207:37622] with ContainerStateMachine:uninitialized
2019-09-25 06:16:37,650 [pool-577-thread-1] INFO  server.RaftServerConfigKeys (ConfUtils.java:logGet(43)) - raft.server.rpc.timeout.min = 5s (custom)
2019-09-25 06:16:37,650 [pool-577-thread-1] INFO  server.RaftServerConfigKeys (ConfUtils.java:logGet(43)) - raft.server.rpc.timeout.max = 5200ms (custom)
2019-09-25 06:16:37,650 [pool-577-thread-1] INFO  server.RaftServerConfigKeys (ConfUtils.java:logGet(43)) - raft.server.rpcslowness.timeout = 120s (custom)
2019-09-25 06:16:37,650 [pool-577-thread-1] INFO  server.RaftServerConfigKeys (ConfUtils.java:logGet(43)) - raft.server.sleep.deviation.threshold = 300 (default)
2019-09-25 06:16:37,650 [pool-577-thread-1] INFO  server.RaftServerConfigKeys (ConfUtils.java:logGet(43)) - raft.server.log.appender.install.snapshot.enabled = false (custom)
2019-09-25 06:16:37,650 [pool-577-thread-1] INFO  impl.RaftServerImpl (ServerState.java:<init>(103)) - 7e09b52c-cd88-4918-9f32-f870e77b8b81@group-B7D4253B43B4: ConfigurationManager, init=-1: [7e09b52c-cd88-4918-9f32-f870e77b8b81:192.168.164.207:37622], old=null, confs=<EMPTY_MAP>
2019-09-25 06:16:37,650 [pool-577-thread-1] INFO  server.RaftServerConfigKeys (ConfUtils.java:logGet(43)) - raft.server.storage.dir = [/workdir/hadoop-ozone/ozonefs/target/test-dir/MiniOzoneClusterImpl-9a706c7a-1c63-4529-bede-54329d36819c/datanode-0/data/ratis] (custom)
2019-09-25 06:16:37,651 [pool-577-thread-1] INFO  storage.RaftStorageDirectory (RaftStorageDirectory.java:analyzeStorage(246)) - The storage directory /workdir/hadoop-ozone/ozonefs/target/test-dir/MiniOzoneClusterImpl-9a706c7a-1c63-4529-bede-54329d36819c/datanode-0/data/ratis/15429989-9c1c-4ca1-a016-b7d4253b43b4 does not exist. Creating ...
2019-09-25 06:16:37,655 [pool-577-thread-1] INFO  storage.RaftStorageDirectory (RaftStorageDirectory.java:tryLock(328)) - Lock on /workdir/hadoop-ozone/ozonefs/target/test-dir/MiniOzoneClusterImpl-9a706c7a-1c63-4529-bede-54329d36819c/datanode-0/data/ratis/15429989-9c1c-4ca1-a016-b7d4253b43b4/in_use.lock acquired by nodename 18406@pr-hdds-1569-s44lr-3492059363
2019-09-25 06:16:37,659 [pool-577-thread-1] INFO  storage.RaftStorage (RaftStorage.java:format(72)) - Storage directory /workdir/hadoop-ozone/ozonefs/target/test-dir/MiniOzoneClusterImpl-9a706c7a-1c63-4529-bede-54329d36819c/datanode-0/data/ratis/15429989-9c1c-4ca1-a016-b7d4253b43b4 has been successfully formatted.
2019-09-25 06:16:37,659 [pool-577-thread-1] INFO  ratis.ContainerStateMachine (ContainerStateMachine.java:loadSnapshot(230)) - group-B7D4253B43B4: The snapshot info is null. Setting the last applied indexto:(t:0, i:~)
2019-09-25 06:16:37,659 [pool-577-thread-1] INFO  server.RaftServerConfigKeys (ConfUtils.java:logGet(43)) - raft.server.notification.no-leader.timeout = 120s (custom)
2019-09-25 06:16:37,659 [pool-577-thread-1] INFO  server.RaftServerConfigKeys (ConfUtils.java:logGet(43)) - raft.server.log.use.memory = false (default)
2019-09-25 06:16:37,660 [pool-577-thread-1] INFO  server.RaftServerConfigKeys (ConfUtils.java:logGet(43)) - raft.server.log.purge.gap = 1000000 (custom)
2019-09-25 06:16:37,660 [pool-577-thread-1] INFO  server.RaftServerConfigKeys (ConfUtils.java:logGet(43)) - raft.server.log.appender.buffer.byte-limit = 33554432 (custom)
2019-09-25 06:16:37,660 [pool-577-thread-1] INFO  server.RaftServerConfigKeys (ConfUtils.java:logGet(43)) - raft.server.log.segment.size.max = 1048576 (custom)
2019-09-25 06:16:37,660 [pool-577-thread-1] INFO  server.RaftServerConfigKeys (ConfUtils.java:logGet(43)) - raft.server.log.segment.cache.num.max = 2 (custom)
2019-09-25 06:16:37,660 [pool-577-thread-1] INFO  segmented.SegmentedRaftLogWorker (SegmentedRaftLogWorker.java:<init>(172)) - new 7e09b52c-cd88-4918-9f32-f870e77b8b81@group-B7D4253B43B4-SegmentedRaftLogWorker for RaftStorage:Storage Directory /workdir/hadoop-ozone/ozonefs/target/test-dir/MiniOzoneClusterImpl-9a706c7a-1c63-4529-bede-54329d36819c/datanode-0/data/ratis/15429989-9c1c-4ca1-a016-b7d4253b43b4
2019-09-25 06:16:37,660 [pool-577-thread-1] INFO  server.RaftServerConfigKeys (ConfUtils.java:logGet(43)) - raft.server.log.queue.byte-limit = 2147483647 (custom)
2019-09-25 06:16:37,660 [pool-577-thread-1] INFO  server.RaftServerConfigKeys (ConfUtils.java:logGet(43)) - raft.server.log.queue.element-limit = 1024 (custom)
2019-09-25 06:16:37,660 [pool-577-thread-1] INFO  server.RaftServerConfigKeys (ConfUtils.java:logGet(43)) - raft.server.log.segment.size.max = 1048576 (custom)
2019-09-25 06:16:37,660 [pool-577-thread-1] INFO  server.RaftServerConfigKeys (ConfUtils.java:logGet(43)) - raft.server.log.preallocated.size = 16384 (custom)
2019-09-25 06:16:37,660 [pool-577-thread-1] INFO  server.RaftServerConfigKeys (ConfUtils.java:logGet(43)) - raft.server.log.write.buffer.size = 33554432 (custom)
2019-09-25 06:16:37,661 [pool-577-thread-1] INFO  server.RaftServerConfigKeys (ConfUtils.java:logGet(43)) - raft.server.log.force.sync.num = 128 (default)
2019-09-25 06:16:37,661 [pool-577-thread-1] INFO  server.RaftServerConfigKeys (ConfUtils.java:logGet(43)) - raft.server.log.statemachine.data.sync = true (default)
2019-09-25 06:16:37,661 [pool-577-thread-1] INFO  server.RaftServerConfigKeys (ConfUtils.java:logGet(43)) - raft.server.log.statemachine.data.sync.timeout = 10s (default)
2019-09-25 06:16:37,661 [pool-577-thread-1] INFO  server.RaftServerConfigKeys (ConfUtils.java:logGet(43)) - raft.server.log.statemachine.data.sync.timeout.retry = -1 (default)
2019-09-25 06:16:37,661 [pool-577-thread-1] INFO  server.RaftServerConfigKeys (ConfUtils.java:logGet(43)) - raft.server.log.statemachine.data.caching.enabled = true (custom)
2019-09-25 06:16:37,661 [pool-577-thread-1] INFO  segmented.SegmentedRaftLogWorker (SegmentedRaftLogWorker.java:lambda$new$0(132)) - 7e09b52c-cd88-4918-9f32-f870e77b8b81@group-B7D4253B43B4-SegmentedRaftLogWorker: flushIndex: setUnconditionally 0 -> -1
2019-09-25 06:16:37,661 [pool-577-thread-1] INFO  server.RaftServerConfigKeys (ConfUtils.java:logGet(43)) - raft.server.snapshot.auto.trigger.enabled = true (custom)
2019-09-25 06:16:37,662 [pool-577-thread-1] INFO  server.RaftServerConfigKeys (ConfUtils.java:logGet(43)) - raft.server.snapshot.auto.trigger.threshold = 10000 (custom)
2019-09-25 06:16:37,662 [pool-577-thread-1] INFO  server.RaftServerConfigKeys (ConfUtils.java:logGet(43)) - raft.server.snapshot.retention.num.files = 5 (custom)
2019-09-25 06:16:37,662 [pool-577-thread-1] INFO  server.RaftServerConfigKeys (ConfUtils.java:logGet(43)) - raft.server.retrycache.expirytime = 600000ms (custom)
2019-09-25 06:16:37,663 [pool-577-thread-1] INFO  impl.RaftServerImpl (RaftServerImpl.java:start(185)) - 7e09b52c-cd88-4918-9f32-f870e77b8b81@group-B7D4253B43B4: start as a follower, conf=-1: [7e09b52c-cd88-4918-9f32-f870e77b8b81:192.168.164.207:37622], old=null
2019-09-25 06:16:37,663 [pool-577-thread-1] INFO  impl.RaftServerImpl (RaftServerImpl.java:setRole(174)) - 7e09b52c-cd88-4918-9f32-f870e77b8b81@group-B7D4253B43B4: changes role from      null to FOLLOWER at term 0 for startAsFollower
2019-09-25 06:16:37,663 [pool-577-thread-1] INFO  impl.RoleInfo (RoleInfo.java:updateAndGet(143)) - 7e09b52c-cd88-4918-9f32-f870e77b8b81: start FollowerState
2019-09-25 06:16:37,664 [pool-577-thread-1] INFO  util.JmxRegister (JmxRegister.java:tryRegister(44)) - Successfully registered JMX Bean with object name Ratis:service=RaftServer,group=group-B7D4253B43B4,id=7e09b52c-cd88-4918-9f32-f870e77b8b81
2019-09-25 06:16:37,667 [RatisPipelineUtilsThread] INFO  pipeline.PipelineStateManager (PipelineStateManager.java:addPipeline(56)) - Created pipeline Pipeline[ Id: 15429989-9c1c-4ca1-a016-b7d4253b43b4, Nodes: 7e09b52c-cd88-4918-9f32-f870e77b8b81{ip: 192.168.164.207, host: pr-hdds-1569-s44lr-3492059363, networkLocation: /default-rack, certSerialId: null}, Type:RATIS, Factor:ONE, State:OPEN]
2019-09-25 06:16:37,673 [grpc-default-executor-0] INFO  impl.RaftServerProxy (RaftServerProxy.java:addNew(89)) - 7e09b52c-cd88-4918-9f32-f870e77b8b81: addNew group-D3363FA004DF:[7e09b52c-cd88-4918-9f32-f870e77b8b81:192.168.164.207:37622] returns group-D3363FA004DF:java.util.concurrent.CompletableFuture@478ad5ec[Not completed]
2019-09-25 06:16:37,674 [pool-577-thread-1] INFO  impl.RaftServerImpl (RaftServerImpl.java:<init>(95)) - 7e09b52c-cd88-4918-9f32-f870e77b8b81: new RaftServerImpl for group-D3363FA004DF:[7e09b52c-cd88-4918-9f32-f870e77b8b81:192.168.164.207:37622] with ContainerStateMachine:uninitialized
2019-09-25 06:16:37,674 [pool-577-thread-1] INFO  server.RaftServerConfigKeys (ConfUtils.java:logGet(43)) - raft.server.rpc.timeout.min = 5s (custom)
2019-09-25 06:16:37,674 [pool-577-thread-1] INFO  server.RaftServerConfigKeys (ConfUtils.java:logGet(43)) - raft.server.rpc.timeout.max = 5200ms (custom)
2019-09-25 06:16:37,674 [pool-577-thread-1] INFO  server.RaftServerConfigKeys (ConfUtils.java:logGet(43)) - raft.server.rpcslowness.timeout = 120s (custom)
2019-09-25 06:16:37,674 [pool-577-thread-1] INFO  server.RaftServerConfigKeys (ConfUtils.java:logGet(43)) - raft.server.sleep.deviation.threshold = 300 (default)
2019-09-25 06:16:37,674 [pool-577-thread-1] INFO  server.RaftServerConfigKeys (ConfUtils.java:logGet(43)) - raft.server.log.appender.install.snapshot.enabled = false (custom)
2019-09-25 06:16:37,674 [pool-577-thread-1] INFO  impl.RaftServerImpl (ServerState.java:<init>(103)) - 7e09b52c-cd88-4918-9f32-f870e77b8b81@group-D3363FA004DF: ConfigurationManager, init=-1: [7e09b52c-cd88-4918-9f32-f870e77b8b81:192.168.164.207:37622], old=null, confs=<EMPTY_MAP>
2019-09-25 06:16:37,674 [pool-577-thread-1] INFO  server.RaftServerConfigKeys (ConfUtils.java:logGet(43)) - raft.server.storage.dir = [/workdir/hadoop-ozone/ozonefs/target/test-dir/MiniOzoneClusterImpl-9a706c7a-1c63-4529-bede-54329d36819c/datanode-0/data/ratis] (custom)
2019-09-25 06:16:37,675 [pool-577-thread-1] INFO  storage.RaftStorageDirectory (RaftStorageDirectory.java:analyzeStorage(246)) - The storage directory /workdir/hadoop-ozone/ozonefs/target/test-dir/MiniOzoneClusterImpl-9a706c7a-1c63-4529-bede-54329d36819c/datanode-0/data/ratis/fa26d73a-86e7-420b-bee6-d3363fa004df does not exist. Creating ...
2019-09-25 06:16:37,678 [pool-577-thread-1] INFO  storage.RaftStorageDirectory (RaftStorageDirectory.java:tryLock(328)) - Lock on /workdir/hadoop-ozone/ozonefs/target/test-dir/MiniOzoneClusterImpl-9a706c7a-1c63-4529-bede-54329d36819c/datanode-0/data/ratis/fa26d73a-86e7-420b-bee6-d3363fa004df/in_use.lock acquired by nodename 18406@pr-hdds-1569-s44lr-3492059363
2019-09-25 06:16:37,683 [pool-577-thread-1] INFO  storage.RaftStorage (RaftStorage.java:format(72)) - Storage directory /workdir/hadoop-ozone/ozonefs/target/test-dir/MiniOzoneClusterImpl-9a706c7a-1c63-4529-bede-54329d36819c/datanode-0/data/ratis/fa26d73a-86e7-420b-bee6-d3363fa004df has been successfully formatted.
2019-09-25 06:16:37,684 [pool-577-thread-1] INFO  ratis.ContainerStateMachine (ContainerStateMachine.java:loadSnapshot(230)) - group-D3363FA004DF: The snapshot info is null. Setting the last applied indexto:(t:0, i:~)
2019-09-25 06:16:37,684 [pool-577-thread-1] INFO  server.RaftServerConfigKeys (ConfUtils.java:logGet(43)) - raft.server.notification.no-leader.timeout = 120s (custom)
2019-09-25 06:16:37,684 [pool-577-thread-1] INFO  server.RaftServerConfigKeys (ConfUtils.java:logGet(43)) - raft.server.log.use.memory = false (default)
2019-09-25 06:16:37,684 [pool-577-thread-1] INFO  server.RaftServerConfigKeys (ConfUtils.java:logGet(43)) - raft.server.log.purge.gap = 1000000 (custom)
2019-09-25 06:16:37,684 [pool-577-thread-1] INFO  server.RaftServerConfigKeys (ConfUtils.java:logGet(43)) - raft.server.log.appender.buffer.byte-limit = 33554432 (custom)
2019-09-25 06:16:37,684 [pool-577-thread-1] INFO  server.RaftServerConfigKeys (ConfUtils.java:logGet(43)) - raft.server.log.segment.size.max = 1048576 (custom)
2019-09-25 06:16:37,684 [pool-577-thread-1] INFO  server.RaftServerConfigKeys (ConfUtils.java:logGet(43)) - raft.server.log.segment.cache.num.max = 2 (custom)
2019-09-25 06:16:37,684 [pool-577-thread-1] INFO  segmented.SegmentedRaftLogWorker (SegmentedRaftLogWorker.java:<init>(172)) - new 7e09b52c-cd88-4918-9f32-f870e77b8b81@group-D3363FA004DF-SegmentedRaftLogWorker for RaftStorage:Storage Directory /workdir/hadoop-ozone/ozonefs/target/test-dir/MiniOzoneClusterImpl-9a706c7a-1c63-4529-bede-54329d36819c/datanode-0/data/ratis/fa26d73a-86e7-420b-bee6-d3363fa004df
2019-09-25 06:16:37,684 [pool-577-thread-1] INFO  server.RaftServerConfigKeys (ConfUtils.java:logGet(43)) - raft.server.log.queue.byte-limit = 2147483647 (custom)
2019-09-25 06:16:37,684 [pool-577-thread-1] INFO  server.RaftServerConfigKeys (ConfUtils.java:logGet(43)) - raft.server.log.queue.element-limit = 1024 (custom)
2019-09-25 06:16:37,685 [pool-577-thread-1] INFO  server.RaftServerConfigKeys (ConfUtils.java:logGet(43)) - raft.server.log.segment.size.max = 1048576 (custom)
2019-09-25 06:16:37,685 [pool-577-thread-1] INFO  server.RaftServerConfigKeys (ConfUtils.java:logGet(43)) - raft.server.log.preallocated.size = 16384 (custom)
2019-09-25 06:16:37,685 [pool-577-thread-1] INFO  server.RaftServerConfigKeys (ConfUtils.java:logGet(43)) - raft.server.log.write.buffer.size = 33554432 (custom)
2019-09-25 06:16:37,685 [pool-577-thread-1] INFO  server.RaftServerConfigKeys (ConfUtils.java:logGet(43)) - raft.server.log.force.sync.num = 128 (default)
2019-09-25 06:16:37,685 [pool-577-thread-1] INFO  server.RaftServerConfigKeys (ConfUtils.java:logGet(43)) - raft.server.log.statemachine.data.sync = true (default)
2019-09-25 06:16:37,685 [pool-577-thread-1] INFO  server.RaftServerConfigKeys (ConfUtils.java:logGet(43)) - raft.server.log.statemachine.data.sync.timeout = 10s (default)
2019-09-25 06:16:37,685 [pool-577-thread-1] INFO  server.RaftServerConfigKeys (ConfUtils.java:logGet(43)) - raft.server.log.statemachine.data.sync.timeout.retry = -1 (default)
2019-09-25 06:16:37,685 [pool-577-thread-1] INFO  server.RaftServerConfigKeys (ConfUtils.java:logGet(43)) - raft.server.log.statemachine.data.caching.enabled = true (custom)
2019-09-25 06:16:37,685 [pool-577-thread-1] INFO  segmented.SegmentedRaftLogWorker (SegmentedRaftLogWorker.java:lambda$new$0(132)) - 7e09b52c-cd88-4918-9f32-f870e77b8b81@group-D3363FA004DF-SegmentedRaftLogWorker: flushIndex: setUnconditionally 0 -> -1
2019-09-25 06:16:37,686 [pool-577-thread-1] INFO  server.RaftServerConfigKeys (ConfUtils.java:logGet(43)) - raft.server.snapshot.auto.trigger.enabled = true (custom)
2019-09-25 06:16:37,686 [pool-577-thread-1] INFO  server.RaftServerConfigKeys (ConfUtils.java:logGet(43)) - raft.server.snapshot.auto.trigger.threshold = 10000 (custom)
2019-09-25 06:16:37,686 [pool-577-thread-1] INFO  server.RaftServerConfigKeys (ConfUtils.java:logGet(43)) - raft.server.snapshot.retention.num.files = 5 (custom)
2019-09-25 06:16:37,686 [pool-577-thread-1] INFO  server.RaftServerConfigKeys (ConfUtils.java:logGet(43)) - raft.server.retrycache.expirytime = 600000ms (custom)
2019-09-25 06:16:37,687 [pool-577-thread-1] INFO  impl.RaftServerImpl (RaftServerImpl.java:start(185)) - 7e09b52c-cd88-4918-9f32-f870e77b8b81@group-D3363FA004DF: start as a follower, conf=-1: [7e09b52c-cd88-4918-9f32-f870e77b8b81:192.168.164.207:37622], old=null
2019-09-25 06:16:37,687 [pool-577-thread-1] INFO  impl.RaftServerImpl (RaftServerImpl.java:setRole(174)) - 7e09b52c-cd88-4918-9f32-f870e77b8b81@group-D3363FA004DF: changes role from      null to FOLLOWER at term 0 for startAsFollower
2019-09-25 06:16:37,687 [pool-577-thread-1] INFO  impl.RoleInfo (RoleInfo.java:updateAndGet(143)) - 7e09b52c-cd88-4918-9f32-f870e77b8b81: start FollowerState
2019-09-25 06:16:37,688 [pool-577-thread-1] INFO  util.JmxRegister (JmxRegister.java:tryRegister(44)) - Successfully registered JMX Bean with object name Ratis:service=RaftServer,group=group-D3363FA004DF,id=7e09b52c-cd88-4918-9f32-f870e77b8b81
2019-09-25 06:16:37,691 [RatisPipelineUtilsThread] INFO  pipeline.PipelineStateManager (PipelineStateManager.java:addPipeline(56)) - Created pipeline Pipeline[ Id: fa26d73a-86e7-420b-bee6-d3363fa004df, Nodes: 7e09b52c-cd88-4918-9f32-f870e77b8b81{ip: 192.168.164.207, host: pr-hdds-1569-s44lr-3492059363, networkLocation: /default-rack, certSerialId: null}, Type:RATIS, Factor:ONE, State:OPEN]
2019-09-25 06:16:37,697 [grpc-default-executor-0] INFO  impl.RaftServerProxy (RaftServerProxy.java:addNew(89)) - 7e09b52c-cd88-4918-9f32-f870e77b8b81: addNew group-94395A59FEA8:[7e09b52c-cd88-4918-9f32-f870e77b8b81:192.168.164.207:37622] returns group-94395A59FEA8:java.util.concurrent.CompletableFuture@24c0c183[Not completed]
2019-09-25 06:16:37,698 [pool-577-thread-1] INFO  impl.RaftServerImpl (RaftServerImpl.java:<init>(95)) - 7e09b52c-cd88-4918-9f32-f870e77b8b81: new RaftServerImpl for group-94395A59FEA8:[7e09b52c-cd88-4918-9f32-f870e77b8b81:192.168.164.207:37622] with ContainerStateMachine:uninitialized
2019-09-25 06:16:37,698 [pool-577-thread-1] INFO  server.RaftServerConfigKeys (ConfUtils.java:logGet(43)) - raft.server.rpc.timeout.min = 5s (custom)
2019-09-25 06:16:37,698 [pool-577-thread-1] INFO  server.RaftServerConfigKeys (ConfUtils.java:logGet(43)) - raft.server.rpc.timeout.max = 5200ms (custom)
2019-09-25 06:16:37,698 [pool-577-thread-1] INFO  server.RaftServerConfigKeys (ConfUtils.java:logGet(43)) - raft.server.rpcslowness.timeout = 120s (custom)
2019-09-25 06:16:37,698 [pool-577-thread-1] INFO  server.RaftServerConfigKeys (ConfUtils.java:logGet(43)) - raft.server.sleep.deviation.threshold = 300 (default)
2019-09-25 06:16:37,698 [pool-577-thread-1] INFO  server.RaftServerConfigKeys (ConfUtils.java:logGet(43)) - raft.server.log.appender.install.snapshot.enabled = false (custom)
2019-09-25 06:16:37,698 [pool-577-thread-1] INFO  impl.RaftServerImpl (ServerState.java:<init>(103)) - 7e09b52c-cd88-4918-9f32-f870e77b8b81@group-94395A59FEA8: ConfigurationManager, init=-1: [7e09b52c-cd88-4918-9f32-f870e77b8b81:192.168.164.207:37622], old=null, confs=<EMPTY_MAP>
2019-09-25 06:16:37,698 [pool-577-thread-1] INFO  server.RaftServerConfigKeys (ConfUtils.java:logGet(43)) - raft.server.storage.dir = [/workdir/hadoop-ozone/ozonefs/target/test-dir/MiniOzoneClusterImpl-9a706c7a-1c63-4529-bede-54329d36819c/datanode-0/data/ratis] (custom)
2019-09-25 06:16:37,699 [pool-577-thread-1] INFO  storage.RaftStorageDirectory (RaftStorageDirectory.java:analyzeStorage(246)) - The storage directory /workdir/hadoop-ozone/ozonefs/target/test-dir/MiniOzoneClusterImpl-9a706c7a-1c63-4529-bede-54329d36819c/datanode-0/data/ratis/3eb3ce67-f578-4d28-8c8f-94395a59fea8 does not exist. Creating ...
2019-09-25 06:16:37,702 [pool-577-thread-1] INFO  storage.RaftStorageDirectory (RaftStorageDirectory.java:tryLock(328)) - Lock on /workdir/hadoop-ozone/ozonefs/target/test-dir/MiniOzoneClusterImpl-9a706c7a-1c63-4529-bede-54329d36819c/datanode-0/data/ratis/3eb3ce67-f578-4d28-8c8f-94395a59fea8/in_use.lock acquired by nodename 18406@pr-hdds-1569-s44lr-3492059363
2019-09-25 06:16:37,705 [pool-577-thread-1] INFO  storage.RaftStorage (RaftStorage.java:format(72)) - Storage directory /workdir/hadoop-ozone/ozonefs/target/test-dir/MiniOzoneClusterImpl-9a706c7a-1c63-4529-bede-54329d36819c/datanode-0/data/ratis/3eb3ce67-f578-4d28-8c8f-94395a59fea8 has been successfully formatted.
2019-09-25 06:16:37,705 [pool-577-thread-1] INFO  ratis.ContainerStateMachine (ContainerStateMachine.java:loadSnapshot(230)) - group-94395A59FEA8: The snapshot info is null. Setting the last applied indexto:(t:0, i:~)
2019-09-25 06:16:37,706 [pool-577-thread-1] INFO  server.RaftServerConfigKeys (ConfUtils.java:logGet(43)) - raft.server.notification.no-leader.timeout = 120s (custom)
2019-09-25 06:16:37,706 [pool-577-thread-1] INFO  server.RaftServerConfigKeys (ConfUtils.java:logGet(43)) - raft.server.log.use.memory = false (default)
2019-09-25 06:16:37,706 [pool-577-thread-1] INFO  server.RaftServerConfigKeys (ConfUtils.java:logGet(43)) - raft.server.log.purge.gap = 1000000 (custom)
2019-09-25 06:16:37,706 [pool-577-thread-1] INFO  server.RaftServerConfigKeys (ConfUtils.java:logGet(43)) - raft.server.log.appender.buffer.byte-limit = 33554432 (custom)
2019-09-25 06:16:37,706 [pool-577-thread-1] INFO  server.RaftServerConfigKeys (ConfUtils.java:logGet(43)) - raft.server.log.segment.size.max = 1048576 (custom)
2019-09-25 06:16:37,706 [pool-577-thread-1] INFO  server.RaftServerConfigKeys (ConfUtils.java:logGet(43)) - raft.server.log.segment.cache.num.max = 2 (custom)
2019-09-25 06:16:37,706 [pool-577-thread-1] INFO  segmented.SegmentedRaftLogWorker (SegmentedRaftLogWorker.java:<init>(172)) - new 7e09b52c-cd88-4918-9f32-f870e77b8b81@group-94395A59FEA8-SegmentedRaftLogWorker for RaftStorage:Storage Directory /workdir/hadoop-ozone/ozonefs/target/test-dir/MiniOzoneClusterImpl-9a706c7a-1c63-4529-bede-54329d36819c/datanode-0/data/ratis/3eb3ce67-f578-4d28-8c8f-94395a59fea8
2019-09-25 06:16:37,706 [pool-577-thread-1] INFO  server.RaftServerConfigKeys (ConfUtils.java:logGet(43)) - raft.server.log.queue.byte-limit = 2147483647 (custom)
2019-09-25 06:16:37,706 [pool-577-thread-1] INFO  server.RaftServerConfigKeys (ConfUtils.java:logGet(43)) - raft.server.log.queue.element-limit = 1024 (custom)
2019-09-25 06:16:37,706 [pool-577-thread-1] INFO  server.RaftServerConfigKeys (ConfUtils.java:logGet(43)) - raft.server.log.segment.size.max = 1048576 (custom)
2019-09-25 06:16:37,707 [pool-577-thread-1] INFO  server.RaftServerConfigKeys (ConfUtils.java:logGet(43)) - raft.server.log.preallocated.size = 16384 (custom)
2019-09-25 06:16:37,707 [pool-577-thread-1] INFO  server.RaftServerConfigKeys (ConfUtils.java:logGet(43)) - raft.server.log.write.buffer.size = 33554432 (custom)
2019-09-25 06:16:37,707 [pool-577-thread-1] INFO  server.RaftServerConfigKeys (ConfUtils.java:logGet(43)) - raft.server.log.force.sync.num = 128 (default)
2019-09-25 06:16:37,707 [pool-577-thread-1] INFO  server.RaftServerConfigKeys (ConfUtils.java:logGet(43)) - raft.server.log.statemachine.data.sync = true (default)
2019-09-25 06:16:37,707 [pool-577-thread-1] INFO  server.RaftServerConfigKeys (ConfUtils.java:logGet(43)) - raft.server.log.statemachine.data.sync.timeout = 10s (default)
2019-09-25 06:16:37,707 [pool-577-thread-1] INFO  server.RaftServerConfigKeys (ConfUtils.java:logGet(43)) - raft.server.log.statemachine.data.sync.timeout.retry = -1 (default)
2019-09-25 06:16:37,707 [pool-577-thread-1] INFO  server.RaftServerConfigKeys (ConfUtils.java:logGet(43)) - raft.server.log.statemachine.data.caching.enabled = true (custom)
2019-09-25 06:16:37,707 [pool-577-thread-1] INFO  segmented.SegmentedRaftLogWorker (SegmentedRaftLogWorker.java:lambda$new$0(132)) - 7e09b52c-cd88-4918-9f32-f870e77b8b81@group-94395A59FEA8-SegmentedRaftLogWorker: flushIndex: setUnconditionally 0 -> -1
2019-09-25 06:16:37,708 [pool-577-thread-1] INFO  server.RaftServerConfigKeys (ConfUtils.java:logGet(43)) - raft.server.snapshot.auto.trigger.enabled = true (custom)
2019-09-25 06:16:37,708 [pool-577-thread-1] INFO  server.RaftServerConfigKeys (ConfUtils.java:logGet(43)) - raft.server.snapshot.auto.trigger.threshold = 10000 (custom)
2019-09-25 06:16:37,708 [pool-577-thread-1] INFO  server.RaftServerConfigKeys (ConfUtils.java:logGet(43)) - raft.server.snapshot.retention.num.files = 5 (custom)
2019-09-25 06:16:37,708 [pool-577-thread-1] INFO  server.RaftServerConfigKeys (ConfUtils.java:logGet(43)) - raft.server.retrycache.expirytime = 600000ms (custom)
2019-09-25 06:16:37,709 [pool-577-thread-1] INFO  impl.RaftServerImpl (RaftServerImpl.java:start(185)) - 7e09b52c-cd88-4918-9f32-f870e77b8b81@group-94395A59FEA8: start as a follower, conf=-1: [7e09b52c-cd88-4918-9f32-f870e77b8b81:192.168.164.207:37622], old=null
2019-09-25 06:16:37,709 [pool-577-thread-1] INFO  impl.RaftServerImpl (RaftServerImpl.java:setRole(174)) - 7e09b52c-cd88-4918-9f32-f870e77b8b81@group-94395A59FEA8: changes role from      null to FOLLOWER at term 0 for startAsFollower
2019-09-25 06:16:37,709 [pool-577-thread-1] INFO  impl.RoleInfo (RoleInfo.java:updateAndGet(143)) - 7e09b52c-cd88-4918-9f32-f870e77b8b81: start FollowerState
2019-09-25 06:16:37,709 [pool-577-thread-1] INFO  util.JmxRegister (JmxRegister.java:tryRegister(44)) - Successfully registered JMX Bean with object name Ratis:service=RaftServer,group=group-94395A59FEA8,id=7e09b52c-cd88-4918-9f32-f870e77b8b81
2019-09-25 06:16:37,714 [RatisPipelineUtilsThread] INFO  pipeline.PipelineStateManager (PipelineStateManager.java:addPipeline(56)) - Created pipeline Pipeline[ Id: 3eb3ce67-f578-4d28-8c8f-94395a59fea8, Nodes: 7e09b52c-cd88-4918-9f32-f870e77b8b81{ip: 192.168.164.207, host: pr-hdds-1569-s44lr-3492059363, networkLocation: /default-rack, certSerialId: null}, Type:RATIS, Factor:ONE, State:OPEN]
2019-09-25 06:16:37,714 [RatisPipelineUtilsThread] INFO  pipeline.PipelinePlacementPolicy (PipelinePlacementPolicy.java:meetCriteria(91)) - Pipeline Placement: can't place more pipeline on heavy datanode： 7e09b52c-cd88-4918-9f32-f870e77b8b81 Heaviness: 6 limit: 5
2019-09-25 06:16:37,721 [grpc-default-executor-0] INFO  impl.RaftServerProxy (RaftServerProxy.java:addNew(89)) - 4eded300-c0fb-4b87-afc1-b9b61b2e7e1b: addNew group-C874EACB6753:[4eded300-c0fb-4b87-afc1-b9b61b2e7e1b:192.168.164.207:43992] returns group-C874EACB6753:java.util.concurrent.CompletableFuture@519cd20[Not completed]
2019-09-25 06:16:37,723 [pool-587-thread-1] INFO  impl.RaftServerImpl (RaftServerImpl.java:<init>(95)) - 4eded300-c0fb-4b87-afc1-b9b61b2e7e1b: new RaftServerImpl for group-C874EACB6753:[4eded300-c0fb-4b87-afc1-b9b61b2e7e1b:192.168.164.207:43992] with ContainerStateMachine:uninitialized
2019-09-25 06:16:37,723 [pool-587-thread-1] INFO  server.RaftServerConfigKeys (ConfUtils.java:logGet(43)) - raft.server.rpc.timeout.min = 5s (custom)
2019-09-25 06:16:37,723 [pool-587-thread-1] INFO  server.RaftServerConfigKeys (ConfUtils.java:logGet(43)) - raft.server.rpc.timeout.max = 5200ms (custom)
2019-09-25 06:16:37,723 [pool-587-thread-1] INFO  server.RaftServerConfigKeys (ConfUtils.java:logGet(43)) - raft.server.rpcslowness.timeout = 120s (custom)
2019-09-25 06:16:37,724 [pool-587-thread-1] INFO  server.RaftServerConfigKeys (ConfUtils.java:logGet(43)) - raft.server.sleep.deviation.threshold = 300 (default)
2019-09-25 06:16:37,724 [pool-587-thread-1] INFO  server.RaftServerConfigKeys (ConfUtils.java:logGet(43)) - raft.server.log.appender.install.snapshot.enabled = false (custom)
2019-09-25 06:16:37,724 [pool-587-thread-1] INFO  impl.RaftServerImpl (ServerState.java:<init>(103)) - 4eded300-c0fb-4b87-afc1-b9b61b2e7e1b@group-C874EACB6753: ConfigurationManager, init=-1: [4eded300-c0fb-4b87-afc1-b9b61b2e7e1b:192.168.164.207:43992], old=null, confs=<EMPTY_MAP>
2019-09-25 06:16:37,724 [pool-587-thread-1] INFO  server.RaftServerConfigKeys (ConfUtils.java:logGet(43)) - raft.server.storage.dir = [/workdir/hadoop-ozone/ozonefs/target/test-dir/MiniOzoneClusterImpl-9a706c7a-1c63-4529-bede-54329d36819c/datanode-1/data/ratis] (custom)
2019-09-25 06:16:37,724 [pool-587-thread-1] INFO  storage.RaftStorageDirectory (RaftStorageDirectory.java:analyzeStorage(246)) - The storage directory /workdir/hadoop-ozone/ozonefs/target/test-dir/MiniOzoneClusterImpl-9a706c7a-1c63-4529-bede-54329d36819c/datanode-1/data/ratis/6e5a2230-591c-4358-9df8-c874eacb6753 does not exist. Creating ...
2019-09-25 06:16:37,732 [pool-587-thread-1] INFO  storage.RaftStorageDirectory (RaftStorageDirectory.java:tryLock(328)) - Lock on /workdir/hadoop-ozone/ozonefs/target/test-dir/MiniOzoneClusterImpl-9a706c7a-1c63-4529-bede-54329d36819c/datanode-1/data/ratis/6e5a2230-591c-4358-9df8-c874eacb6753/in_use.lock acquired by nodename 18406@pr-hdds-1569-s44lr-3492059363
2019-09-25 06:16:37,739 [pool-587-thread-1] INFO  storage.RaftStorage (RaftStorage.java:format(72)) - Storage directory /workdir/hadoop-ozone/ozonefs/target/test-dir/MiniOzoneClusterImpl-9a706c7a-1c63-4529-bede-54329d36819c/datanode-1/data/ratis/6e5a2230-591c-4358-9df8-c874eacb6753 has been successfully formatted.
2019-09-25 06:16:37,740 [pool-587-thread-1] INFO  ratis.ContainerStateMachine (ContainerStateMachine.java:loadSnapshot(230)) - group-C874EACB6753: The snapshot info is null. Setting the last applied indexto:(t:0, i:~)
2019-09-25 06:16:37,740 [pool-587-thread-1] INFO  server.RaftServerConfigKeys (ConfUtils.java:logGet(43)) - raft.server.notification.no-leader.timeout = 120s (custom)
2019-09-25 06:16:37,740 [pool-587-thread-1] INFO  server.RaftServerConfigKeys (ConfUtils.java:logGet(43)) - raft.server.log.use.memory = false (default)
2019-09-25 06:16:37,740 [pool-587-thread-1] INFO  server.RaftServerConfigKeys (ConfUtils.java:logGet(43)) - raft.server.log.purge.gap = 1000000 (custom)
2019-09-25 06:16:37,740 [pool-587-thread-1] INFO  server.RaftServerConfigKeys (ConfUtils.java:logGet(43)) - raft.server.log.appender.buffer.byte-limit = 33554432 (custom)
2019-09-25 06:16:37,741 [pool-587-thread-1] INFO  server.RaftServerConfigKeys (ConfUtils.java:logGet(43)) - raft.server.log.segment.size.max = 1048576 (custom)
2019-09-25 06:16:37,741 [pool-587-thread-1] INFO  server.RaftServerConfigKeys (ConfUtils.java:logGet(43)) - raft.server.log.segment.cache.num.max = 2 (custom)
2019-09-25 06:16:37,741 [pool-587-thread-1] INFO  segmented.SegmentedRaftLogWorker (SegmentedRaftLogWorker.java:<init>(172)) - new 4eded300-c0fb-4b87-afc1-b9b61b2e7e1b@group-C874EACB6753-SegmentedRaftLogWorker for RaftStorage:Storage Directory /workdir/hadoop-ozone/ozonefs/target/test-dir/MiniOzoneClusterImpl-9a706c7a-1c63-4529-bede-54329d36819c/datanode-1/data/ratis/6e5a2230-591c-4358-9df8-c874eacb6753
2019-09-25 06:16:37,741 [pool-587-thread-1] INFO  server.RaftServerConfigKeys (ConfUtils.java:logGet(43)) - raft.server.log.queue.byte-limit = 2147483647 (custom)
2019-09-25 06:16:37,741 [pool-587-thread-1] INFO  server.RaftServerConfigKeys (ConfUtils.java:logGet(43)) - raft.server.log.queue.element-limit = 1024 (custom)
2019-09-25 06:16:37,742 [pool-587-thread-1] INFO  server.RaftServerConfigKeys (ConfUtils.java:logGet(43)) - raft.server.log.segment.size.max = 1048576 (custom)
2019-09-25 06:16:37,742 [pool-587-thread-1] INFO  server.RaftServerConfigKeys (ConfUtils.java:logGet(43)) - raft.server.log.preallocated.size = 16384 (custom)
2019-09-25 06:16:37,742 [pool-587-thread-1] INFO  server.RaftServerConfigKeys (ConfUtils.java:logGet(43)) - raft.server.log.write.buffer.size = 33554432 (custom)
2019-09-25 06:16:37,742 [pool-587-thread-1] INFO  server.RaftServerConfigKeys (ConfUtils.java:logGet(43)) - raft.server.log.force.sync.num = 128 (default)
2019-09-25 06:16:37,742 [pool-587-thread-1] INFO  server.RaftServerConfigKeys (ConfUtils.java:logGet(43)) - raft.server.log.statemachine.data.sync = true (default)
2019-09-25 06:16:37,743 [pool-587-thread-1] INFO  server.RaftServerConfigKeys (ConfUtils.java:logGet(43)) - raft.server.log.statemachine.data.sync.timeout = 10s (default)
2019-09-25 06:16:37,743 [pool-587-thread-1] INFO  server.RaftServerConfigKeys (ConfUtils.java:logGet(43)) - raft.server.log.statemachine.data.sync.timeout.retry = -1 (default)
2019-09-25 06:16:37,743 [pool-587-thread-1] INFO  server.RaftServerConfigKeys (ConfUtils.java:logGet(43)) - raft.server.log.statemachine.data.caching.enabled = true (custom)
2019-09-25 06:16:37,743 [pool-587-thread-1] INFO  segmented.SegmentedRaftLogWorker (SegmentedRaftLogWorker.java:lambda$new$0(132)) - 4eded300-c0fb-4b87-afc1-b9b61b2e7e1b@group-C874EACB6753-SegmentedRaftLogWorker: flushIndex: setUnconditionally 0 -> -1
2019-09-25 06:16:37,744 [pool-587-thread-1] INFO  server.RaftServerConfigKeys (ConfUtils.java:logGet(43)) - raft.server.snapshot.auto.trigger.enabled = true (custom)
2019-09-25 06:16:37,744 [pool-587-thread-1] INFO  server.RaftServerConfigKeys (ConfUtils.java:logGet(43)) - raft.server.snapshot.auto.trigger.threshold = 10000 (custom)
2019-09-25 06:16:37,744 [pool-587-thread-1] INFO  server.RaftServerConfigKeys (ConfUtils.java:logGet(43)) - raft.server.snapshot.retention.num.files = 5 (custom)
2019-09-25 06:16:37,744 [pool-587-thread-1] INFO  server.RaftServerConfigKeys (ConfUtils.java:logGet(43)) - raft.server.retrycache.expirytime = 600000ms (custom)
2019-09-25 06:16:37,747 [pool-587-thread-1] INFO  impl.RaftServerImpl (RaftServerImpl.java:start(185)) - 4eded300-c0fb-4b87-afc1-b9b61b2e7e1b@group-C874EACB6753: start as a follower, conf=-1: [4eded300-c0fb-4b87-afc1-b9b61b2e7e1b:192.168.164.207:43992], old=null
2019-09-25 06:16:37,747 [pool-587-thread-1] INFO  impl.RaftServerImpl (RaftServerImpl.java:setRole(174)) - 4eded300-c0fb-4b87-afc1-b9b61b2e7e1b@group-C874EACB6753: changes role from      null to FOLLOWER at term 0 for startAsFollower
2019-09-25 06:16:37,747 [pool-587-thread-1] INFO  impl.RoleInfo (RoleInfo.java:updateAndGet(143)) - 4eded300-c0fb-4b87-afc1-b9b61b2e7e1b: start FollowerState
2019-09-25 06:16:37,747 [pool-587-thread-1] INFO  util.JmxRegister (JmxRegister.java:tryRegister(44)) - Successfully registered JMX Bean with object name Ratis:service=RaftServer,group=group-C874EACB6753,id=4eded300-c0fb-4b87-afc1-b9b61b2e7e1b
2019-09-25 06:16:37,752 [RatisPipelineUtilsThread] INFO  pipeline.PipelineStateManager (PipelineStateManager.java:addPipeline(56)) - Created pipeline Pipeline[ Id: 6e5a2230-591c-4358-9df8-c874eacb6753, Nodes: 4eded300-c0fb-4b87-afc1-b9b61b2e7e1b{ip: 192.168.164.207, host: pr-hdds-1569-s44lr-3492059363, networkLocation: /default-rack, certSerialId: null}, Type:RATIS, Factor:ONE, State:OPEN]
2019-09-25 06:16:37,752 [RatisPipelineUtilsThread] INFO  pipeline.PipelinePlacementPolicy (PipelinePlacementPolicy.java:meetCriteria(91)) - Pipeline Placement: can't place more pipeline on heavy datanode： 7e09b52c-cd88-4918-9f32-f870e77b8b81 Heaviness: 6 limit: 5
2019-09-25 06:16:37,758 [grpc-default-executor-0] INFO  impl.RaftServerProxy (RaftServerProxy.java:addNew(89)) - 58065e78-105d-47b8-969e-4862a5832b33: addNew group-793ED6DB7D64:[58065e78-105d-47b8-969e-4862a5832b33:192.168.164.207:35043] returns group-793ED6DB7D64:java.util.concurrent.CompletableFuture@6d749780[Not completed]
2019-09-25 06:16:37,759 [pool-597-thread-1] INFO  impl.RaftServerImpl (RaftServerImpl.java:<init>(95)) - 58065e78-105d-47b8-969e-4862a5832b33: new RaftServerImpl for group-793ED6DB7D64:[58065e78-105d-47b8-969e-4862a5832b33:192.168.164.207:35043] with ContainerStateMachine:uninitialized
2019-09-25 06:16:37,759 [pool-597-thread-1] INFO  server.RaftServerConfigKeys (ConfUtils.java:logGet(43)) - raft.server.rpc.timeout.min = 5s (custom)
2019-09-25 06:16:37,760 [pool-597-thread-1] INFO  server.RaftServerConfigKeys (ConfUtils.java:logGet(43)) - raft.server.rpc.timeout.max = 5200ms (custom)
2019-09-25 06:16:37,760 [pool-597-thread-1] INFO  server.RaftServerConfigKeys (ConfUtils.java:logGet(43)) - raft.server.rpcslowness.timeout = 120s (custom)
2019-09-25 06:16:37,760 [pool-597-thread-1] INFO  server.RaftServerConfigKeys (ConfUtils.java:logGet(43)) - raft.server.sleep.deviation.threshold = 300 (default)
2019-09-25 06:16:37,760 [pool-597-thread-1] INFO  server.RaftServerConfigKeys (ConfUtils.java:logGet(43)) - raft.server.log.appender.install.snapshot.enabled = false (custom)
2019-09-25 06:16:37,760 [pool-597-thread-1] INFO  impl.RaftServerImpl (ServerState.java:<init>(103)) - 58065e78-105d-47b8-969e-4862a5832b33@group-793ED6DB7D64: ConfigurationManager, init=-1: [58065e78-105d-47b8-969e-4862a5832b33:192.168.164.207:35043], old=null, confs=<EMPTY_MAP>
2019-09-25 06:16:37,760 [pool-597-thread-1] INFO  server.RaftServerConfigKeys (ConfUtils.java:logGet(43)) - raft.server.storage.dir = [/workdir/hadoop-ozone/ozonefs/target/test-dir/MiniOzoneClusterImpl-9a706c7a-1c63-4529-bede-54329d36819c/datanode-2/data/ratis] (custom)
2019-09-25 06:16:37,761 [pool-597-thread-1] INFO  storage.RaftStorageDirectory (RaftStorageDirectory.java:analyzeStorage(246)) - The storage directory /workdir/hadoop-ozone/ozonefs/target/test-dir/MiniOzoneClusterImpl-9a706c7a-1c63-4529-bede-54329d36819c/datanode-2/data/ratis/d6ae6474-5aee-467e-9d75-793ed6db7d64 does not exist. Creating ...
2019-09-25 06:16:37,773 [pool-597-thread-1] INFO  storage.RaftStorageDirectory (RaftStorageDirectory.java:tryLock(328)) - Lock on /workdir/hadoop-ozone/ozonefs/target/test-dir/MiniOzoneClusterImpl-9a706c7a-1c63-4529-bede-54329d36819c/datanode-2/data/ratis/d6ae6474-5aee-467e-9d75-793ed6db7d64/in_use.lock acquired by nodename 18406@pr-hdds-1569-s44lr-3492059363
2019-09-25 06:16:37,786 [pool-597-thread-1] INFO  storage.RaftStorage (RaftStorage.java:format(72)) - Storage directory /workdir/hadoop-ozone/ozonefs/target/test-dir/MiniOzoneClusterImpl-9a706c7a-1c63-4529-bede-54329d36819c/datanode-2/data/ratis/d6ae6474-5aee-467e-9d75-793ed6db7d64 has been successfully formatted.
2019-09-25 06:16:37,786 [pool-597-thread-1] INFO  ratis.ContainerStateMachine (ContainerStateMachine.java:loadSnapshot(230)) - group-793ED6DB7D64: The snapshot info is null. Setting the last applied indexto:(t:0, i:~)
2019-09-25 06:16:37,786 [pool-597-thread-1] INFO  server.RaftServerConfigKeys (ConfUtils.java:logGet(43)) - raft.server.notification.no-leader.timeout = 120s (custom)
2019-09-25 06:16:37,786 [pool-597-thread-1] INFO  server.RaftServerConfigKeys (ConfUtils.java:logGet(43)) - raft.server.log.use.memory = false (default)
2019-09-25 06:16:37,786 [pool-597-thread-1] INFO  server.RaftServerConfigKeys (ConfUtils.java:logGet(43)) - raft.server.log.purge.gap = 1000000 (custom)
2019-09-25 06:16:37,787 [pool-597-thread-1] INFO  server.RaftServerConfigKeys (ConfUtils.java:logGet(43)) - raft.server.log.appender.buffer.byte-limit = 33554432 (custom)
2019-09-25 06:16:37,787 [pool-597-thread-1] INFO  server.RaftServerConfigKeys (ConfUtils.java:logGet(43)) - raft.server.log.segment.size.max = 1048576 (custom)
2019-09-25 06:16:37,787 [pool-597-thread-1] INFO  server.RaftServerConfigKeys (ConfUtils.java:logGet(43)) - raft.server.log.segment.cache.num.max = 2 (custom)
2019-09-25 06:16:37,787 [pool-597-thread-1] INFO  segmented.SegmentedRaftLogWorker (SegmentedRaftLogWorker.java:<init>(172)) - new 58065e78-105d-47b8-969e-4862a5832b33@group-793ED6DB7D64-SegmentedRaftLogWorker for RaftStorage:Storage Directory /workdir/hadoop-ozone/ozonefs/target/test-dir/MiniOzoneClusterImpl-9a706c7a-1c63-4529-bede-54329d36819c/datanode-2/data/ratis/d6ae6474-5aee-467e-9d75-793ed6db7d64
2019-09-25 06:16:37,787 [pool-597-thread-1] INFO  server.RaftServerConfigKeys (ConfUtils.java:logGet(43)) - raft.server.log.queue.byte-limit = 2147483647 (custom)
2019-09-25 06:16:37,787 [pool-597-thread-1] INFO  server.RaftServerConfigKeys (ConfUtils.java:logGet(43)) - raft.server.log.queue.element-limit = 1024 (custom)
2019-09-25 06:16:37,787 [pool-597-thread-1] INFO  server.RaftServerConfigKeys (ConfUtils.java:logGet(43)) - raft.server.log.segment.size.max = 1048576 (custom)
2019-09-25 06:16:37,787 [pool-597-thread-1] INFO  server.RaftServerConfigKeys (ConfUtils.java:logGet(43)) - raft.server.log.preallocated.size = 16384 (custom)
2019-09-25 06:16:37,787 [pool-597-thread-1] INFO  server.RaftServerConfigKeys (ConfUtils.java:logGet(43)) - raft.server.log.write.buffer.size = 33554432 (custom)
2019-09-25 06:16:37,788 [pool-597-thread-1] INFO  server.RaftServerConfigKeys (ConfUtils.java:logGet(43)) - raft.server.log.force.sync.num = 128 (default)
2019-09-25 06:16:37,788 [pool-597-thread-1] INFO  server.RaftServerConfigKeys (ConfUtils.java:logGet(43)) - raft.server.log.statemachine.data.sync = true (default)
2019-09-25 06:16:37,788 [pool-597-thread-1] INFO  server.RaftServerConfigKeys (ConfUtils.java:logGet(43)) - raft.server.log.statemachine.data.sync.timeout = 10s (default)
2019-09-25 06:16:37,788 [pool-597-thread-1] INFO  server.RaftServerConfigKeys (ConfUtils.java:logGet(43)) - raft.server.log.statemachine.data.sync.timeout.retry = -1 (default)
2019-09-25 06:16:37,788 [pool-597-thread-1] INFO  server.RaftServerConfigKeys (ConfUtils.java:logGet(43)) - raft.server.log.statemachine.data.caching.enabled = true (custom)
2019-09-25 06:16:37,788 [pool-597-thread-1] INFO  segmented.SegmentedRaftLogWorker (SegmentedRaftLogWorker.java:lambda$new$0(132)) - 58065e78-105d-47b8-969e-4862a5832b33@group-793ED6DB7D64-SegmentedRaftLogWorker: flushIndex: setUnconditionally 0 -> -1
2019-09-25 06:16:37,789 [pool-597-thread-1] INFO  server.RaftServerConfigKeys (ConfUtils.java:logGet(43)) - raft.server.snapshot.auto.trigger.enabled = true (custom)
2019-09-25 06:16:37,789 [pool-597-thread-1] INFO  server.RaftServerConfigKeys (ConfUtils.java:logGet(43)) - raft.server.snapshot.auto.trigger.threshold = 10000 (custom)
2019-09-25 06:16:37,789 [pool-597-thread-1] INFO  server.RaftServerConfigKeys (ConfUtils.java:logGet(43)) - raft.server.snapshot.retention.num.files = 5 (custom)
2019-09-25 06:16:37,789 [pool-597-thread-1] INFO  server.RaftServerConfigKeys (ConfUtils.java:logGet(43)) - raft.server.retrycache.expirytime = 600000ms (custom)
2019-09-25 06:16:37,791 [pool-597-thread-1] INFO  impl.RaftServerImpl (RaftServerImpl.java:start(185)) - 58065e78-105d-47b8-969e-4862a5832b33@group-793ED6DB7D64: start as a follower, conf=-1: [58065e78-105d-47b8-969e-4862a5832b33:192.168.164.207:35043], old=null
2019-09-25 06:16:37,791 [pool-597-thread-1] INFO  impl.RaftServerImpl (RaftServerImpl.java:setRole(174)) - 58065e78-105d-47b8-969e-4862a5832b33@group-793ED6DB7D64: changes role from      null to FOLLOWER at term 0 for startAsFollower
2019-09-25 06:16:37,791 [pool-597-thread-1] INFO  impl.RoleInfo (RoleInfo.java:updateAndGet(143)) - 58065e78-105d-47b8-969e-4862a5832b33: start FollowerState
2019-09-25 06:16:37,791 [pool-597-thread-1] INFO  util.JmxRegister (JmxRegister.java:tryRegister(44)) - Successfully registered JMX Bean with object name Ratis:service=RaftServer,group=group-793ED6DB7D64,id=58065e78-105d-47b8-969e-4862a5832b33
2019-09-25 06:16:37,796 [RatisPipelineUtilsThread] INFO  pipeline.PipelineStateManager (PipelineStateManager.java:addPipeline(56)) - Created pipeline Pipeline[ Id: d6ae6474-5aee-467e-9d75-793ed6db7d64, Nodes: 58065e78-105d-47b8-969e-4862a5832b33{ip: 192.168.164.207, host: pr-hdds-1569-s44lr-3492059363, networkLocation: /default-rack, certSerialId: null}, Type:RATIS, Factor:ONE, State:OPEN]
2019-09-25 06:16:37,796 [RatisPipelineUtilsThread] INFO  pipeline.PipelinePlacementPolicy (PipelinePlacementPolicy.java:meetCriteria(91)) - Pipeline Placement: can't place more pipeline on heavy datanode： 7e09b52c-cd88-4918-9f32-f870e77b8b81 Heaviness: 6 limit: 5
2019-09-25 06:16:37,802 [grpc-default-executor-0] INFO  impl.RaftServerProxy (RaftServerProxy.java:addNew(89)) - 58065e78-105d-47b8-969e-4862a5832b33: addNew group-34CF4D5CE87F:[58065e78-105d-47b8-969e-4862a5832b33:192.168.164.207:35043] returns group-34CF4D5CE87F:java.util.concurrent.CompletableFuture@586348fb[Not completed]
2019-09-25 06:16:37,804 [pool-597-thread-1] INFO  impl.RaftServerImpl (RaftServerImpl.java:<init>(95)) - 58065e78-105d-47b8-969e-4862a5832b33: new RaftServerImpl for group-34CF4D5CE87F:[58065e78-105d-47b8-969e-4862a5832b33:192.168.164.207:35043] with ContainerStateMachine:uninitialized
2019-09-25 06:16:37,804 [pool-597-thread-1] INFO  server.RaftServerConfigKeys (ConfUtils.java:logGet(43)) - raft.server.rpc.timeout.min = 5s (custom)
2019-09-25 06:16:37,804 [pool-597-thread-1] INFO  server.RaftServerConfigKeys (ConfUtils.java:logGet(43)) - raft.server.rpc.timeout.max = 5200ms (custom)
2019-09-25 06:16:37,804 [pool-597-thread-1] INFO  server.RaftServerConfigKeys (ConfUtils.java:logGet(43)) - raft.server.rpcslowness.timeout = 120s (custom)
2019-09-25 06:16:37,804 [pool-597-thread-1] INFO  server.RaftServerConfigKeys (ConfUtils.java:logGet(43)) - raft.server.sleep.deviation.threshold = 300 (default)
2019-09-25 06:16:37,804 [pool-597-thread-1] INFO  server.RaftServerConfigKeys (ConfUtils.java:logGet(43)) - raft.server.log.appender.install.snapshot.enabled = false (custom)
2019-09-25 06:16:37,804 [pool-597-thread-1] INFO  impl.RaftServerImpl (ServerState.java:<init>(103)) - 58065e78-105d-47b8-969e-4862a5832b33@group-34CF4D5CE87F: ConfigurationManager, init=-1: [58065e78-105d-47b8-969e-4862a5832b33:192.168.164.207:35043], old=null, confs=<EMPTY_MAP>
2019-09-25 06:16:37,804 [pool-597-thread-1] INFO  server.RaftServerConfigKeys (ConfUtils.java:logGet(43)) - raft.server.storage.dir = [/workdir/hadoop-ozone/ozonefs/target/test-dir/MiniOzoneClusterImpl-9a706c7a-1c63-4529-bede-54329d36819c/datanode-2/data/ratis] (custom)
2019-09-25 06:16:37,805 [pool-597-thread-1] INFO  storage.RaftStorageDirectory (RaftStorageDirectory.java:analyzeStorage(246)) - The storage directory /workdir/hadoop-ozone/ozonefs/target/test-dir/MiniOzoneClusterImpl-9a706c7a-1c63-4529-bede-54329d36819c/datanode-2/data/ratis/d52388e3-bca0-4422-8f56-34cf4d5ce87f does not exist. Creating ...
2019-09-25 06:16:37,818 [pool-597-thread-1] INFO  storage.RaftStorageDirectory (RaftStorageDirectory.java:tryLock(328)) - Lock on /workdir/hadoop-ozone/ozonefs/target/test-dir/MiniOzoneClusterImpl-9a706c7a-1c63-4529-bede-54329d36819c/datanode-2/data/ratis/d52388e3-bca0-4422-8f56-34cf4d5ce87f/in_use.lock acquired by nodename 18406@pr-hdds-1569-s44lr-3492059363
2019-09-25 06:16:37,831 [pool-597-thread-1] INFO  storage.RaftStorage (RaftStorage.java:format(72)) - Storage directory /workdir/hadoop-ozone/ozonefs/target/test-dir/MiniOzoneClusterImpl-9a706c7a-1c63-4529-bede-54329d36819c/datanode-2/data/ratis/d52388e3-bca0-4422-8f56-34cf4d5ce87f has been successfully formatted.
2019-09-25 06:16:37,831 [pool-597-thread-1] INFO  ratis.ContainerStateMachine (ContainerStateMachine.java:loadSnapshot(230)) - group-34CF4D5CE87F: The snapshot info is null. Setting the last applied indexto:(t:0, i:~)
2019-09-25 06:16:37,832 [pool-597-thread-1] INFO  server.RaftServerConfigKeys (ConfUtils.java:logGet(43)) - raft.server.notification.no-leader.timeout = 120s (custom)
2019-09-25 06:16:37,832 [pool-597-thread-1] INFO  server.RaftServerConfigKeys (ConfUtils.java:logGet(43)) - raft.server.log.use.memory = false (default)
2019-09-25 06:16:37,832 [pool-597-thread-1] INFO  server.RaftServerConfigKeys (ConfUtils.java:logGet(43)) - raft.server.log.purge.gap = 1000000 (custom)
2019-09-25 06:16:37,832 [pool-597-thread-1] INFO  server.RaftServerConfigKeys (ConfUtils.java:logGet(43)) - raft.server.log.appender.buffer.byte-limit = 33554432 (custom)
2019-09-25 06:16:37,832 [pool-597-thread-1] INFO  server.RaftServerConfigKeys (ConfUtils.java:logGet(43)) - raft.server.log.segment.size.max = 1048576 (custom)
2019-09-25 06:16:37,832 [pool-597-thread-1] INFO  server.RaftServerConfigKeys (ConfUtils.java:logGet(43)) - raft.server.log.segment.cache.num.max = 2 (custom)
2019-09-25 06:16:37,832 [pool-597-thread-1] INFO  segmented.SegmentedRaftLogWorker (SegmentedRaftLogWorker.java:<init>(172)) - new 58065e78-105d-47b8-969e-4862a5832b33@group-34CF4D5CE87F-SegmentedRaftLogWorker for RaftStorage:Storage Directory /workdir/hadoop-ozone/ozonefs/target/test-dir/MiniOzoneClusterImpl-9a706c7a-1c63-4529-bede-54329d36819c/datanode-2/data/ratis/d52388e3-bca0-4422-8f56-34cf4d5ce87f
2019-09-25 06:16:37,832 [pool-597-thread-1] INFO  server.RaftServerConfigKeys (ConfUtils.java:logGet(43)) - raft.server.log.queue.byte-limit = 2147483647 (custom)
2019-09-25 06:16:37,832 [pool-597-thread-1] INFO  server.RaftServerConfigKeys (ConfUtils.java:logGet(43)) - raft.server.log.queue.element-limit = 1024 (custom)
2019-09-25 06:16:37,833 [pool-597-thread-1] INFO  server.RaftServerConfigKeys (ConfUtils.java:logGet(43)) - raft.server.log.segment.size.max = 1048576 (custom)
2019-09-25 06:16:37,833 [pool-597-thread-1] INFO  server.RaftServerConfigKeys (ConfUtils.java:logGet(43)) - raft.server.log.preallocated.size = 16384 (custom)
2019-09-25 06:16:37,833 [pool-597-thread-1] INFO  server.RaftServerConfigKeys (ConfUtils.java:logGet(43)) - raft.server.log.write.buffer.size = 33554432 (custom)
2019-09-25 06:16:37,833 [pool-597-thread-1] INFO  server.RaftServerConfigKeys (ConfUtils.java:logGet(43)) - raft.server.log.force.sync.num = 128 (default)
2019-09-25 06:16:37,833 [pool-597-thread-1] INFO  server.RaftServerConfigKeys (ConfUtils.java:logGet(43)) - raft.server.log.statemachine.data.sync = true (default)
2019-09-25 06:16:37,833 [pool-597-thread-1] INFO  server.RaftServerConfigKeys (ConfUtils.java:logGet(43)) - raft.server.log.statemachine.data.sync.timeout = 10s (default)
2019-09-25 06:16:37,833 [pool-597-thread-1] INFO  server.RaftServerConfigKeys (ConfUtils.java:logGet(43)) - raft.server.log.statemachine.data.sync.timeout.retry = -1 (default)
2019-09-25 06:16:37,833 [pool-597-thread-1] INFO  server.RaftServerConfigKeys (ConfUtils.java:logGet(43)) - raft.server.log.statemachine.data.caching.enabled = true (custom)
2019-09-25 06:16:37,834 [pool-597-thread-1] INFO  segmented.SegmentedRaftLogWorker (SegmentedRaftLogWorker.java:lambda$new$0(132)) - 58065e78-105d-47b8-969e-4862a5832b33@group-34CF4D5CE87F-SegmentedRaftLogWorker: flushIndex: setUnconditionally 0 -> -1
2019-09-25 06:16:37,834 [pool-597-thread-1] INFO  server.RaftServerConfigKeys (ConfUtils.java:logGet(43)) - raft.server.snapshot.auto.trigger.enabled = true (custom)
2019-09-25 06:16:37,834 [pool-597-thread-1] INFO  server.RaftServerConfigKeys (ConfUtils.java:logGet(43)) - raft.server.snapshot.auto.trigger.threshold = 10000 (custom)
2019-09-25 06:16:37,834 [pool-597-thread-1] INFO  server.RaftServerConfigKeys (ConfUtils.java:logGet(43)) - raft.server.snapshot.retention.num.files = 5 (custom)
2019-09-25 06:16:37,835 [pool-597-thread-1] INFO  server.RaftServerConfigKeys (ConfUtils.java:logGet(43)) - raft.server.retrycache.expirytime = 600000ms (custom)
2019-09-25 06:16:37,837 [pool-597-thread-1] INFO  impl.RaftServerImpl (RaftServerImpl.java:start(185)) - 58065e78-105d-47b8-969e-4862a5832b33@group-34CF4D5CE87F: start as a follower, conf=-1: [58065e78-105d-47b8-969e-4862a5832b33:192.168.164.207:35043], old=null
2019-09-25 06:16:37,837 [pool-597-thread-1] INFO  impl.RaftServerImpl (RaftServerImpl.java:setRole(174)) - 58065e78-105d-47b8-969e-4862a5832b33@group-34CF4D5CE87F: changes role from      null to FOLLOWER at term 0 for startAsFollower
2019-09-25 06:16:37,837 [pool-597-thread-1] INFO  impl.RoleInfo (RoleInfo.java:updateAndGet(143)) - 58065e78-105d-47b8-969e-4862a5832b33: start FollowerState
2019-09-25 06:16:37,838 [pool-597-thread-1] INFO  util.JmxRegister (JmxRegister.java:tryRegister(44)) - Successfully registered JMX Bean with object name Ratis:service=RaftServer,group=group-34CF4D5CE87F,id=58065e78-105d-47b8-969e-4862a5832b33
2019-09-25 06:16:37,842 [RatisPipelineUtilsThread] INFO  pipeline.PipelineStateManager (PipelineStateManager.java:addPipeline(56)) - Created pipeline Pipeline[ Id: d52388e3-bca0-4422-8f56-34cf4d5ce87f, Nodes: 58065e78-105d-47b8-969e-4862a5832b33{ip: 192.168.164.207, host: pr-hdds-1569-s44lr-3492059363, networkLocation: /default-rack, certSerialId: null}, Type:RATIS, Factor:ONE, State:OPEN]
2019-09-25 06:16:37,843 [RatisPipelineUtilsThread] INFO  pipeline.PipelinePlacementPolicy (PipelinePlacementPolicy.java:meetCriteria(91)) - Pipeline Placement: can't place more pipeline on heavy datanode： 7e09b52c-cd88-4918-9f32-f870e77b8b81 Heaviness: 6 limit: 5
2019-09-25 06:16:37,849 [grpc-default-executor-0] INFO  impl.RaftServerProxy (RaftServerProxy.java:addNew(89)) - 4eded300-c0fb-4b87-afc1-b9b61b2e7e1b: addNew group-2EF67CDFD842:[4eded300-c0fb-4b87-afc1-b9b61b2e7e1b:192.168.164.207:43992] returns group-2EF67CDFD842:java.util.concurrent.CompletableFuture@a3a046d[Not completed]
2019-09-25 06:16:37,850 [pool-587-thread-1] INFO  impl.RaftServerImpl (RaftServerImpl.java:<init>(95)) - 4eded300-c0fb-4b87-afc1-b9b61b2e7e1b: new RaftServerImpl for group-2EF67CDFD842:[4eded300-c0fb-4b87-afc1-b9b61b2e7e1b:192.168.164.207:43992] with ContainerStateMachine:uninitialized
2019-09-25 06:16:37,850 [pool-587-thread-1] INFO  server.RaftServerConfigKeys (ConfUtils.java:logGet(43)) - raft.server.rpc.timeout.min = 5s (custom)
2019-09-25 06:16:37,850 [pool-587-thread-1] INFO  server.RaftServerConfigKeys (ConfUtils.java:logGet(43)) - raft.server.rpc.timeout.max = 5200ms (custom)
2019-09-25 06:16:37,850 [pool-587-thread-1] INFO  server.RaftServerConfigKeys (ConfUtils.java:logGet(43)) - raft.server.rpcslowness.timeout = 120s (custom)
2019-09-25 06:16:37,850 [pool-587-thread-1] INFO  server.RaftServerConfigKeys (ConfUtils.java:logGet(43)) - raft.server.sleep.deviation.threshold = 300 (default)
2019-09-25 06:16:37,850 [pool-587-thread-1] INFO  server.RaftServerConfigKeys (ConfUtils.java:logGet(43)) - raft.server.log.appender.install.snapshot.enabled = false (custom)
2019-09-25 06:16:37,851 [pool-587-thread-1] INFO  impl.RaftServerImpl (ServerState.java:<init>(103)) - 4eded300-c0fb-4b87-afc1-b9b61b2e7e1b@group-2EF67CDFD842: ConfigurationManager, init=-1: [4eded300-c0fb-4b87-afc1-b9b61b2e7e1b:192.168.164.207:43992], old=null, confs=<EMPTY_MAP>
2019-09-25 06:16:37,851 [pool-587-thread-1] INFO  server.RaftServerConfigKeys (ConfUtils.java:logGet(43)) - raft.server.storage.dir = [/workdir/hadoop-ozone/ozonefs/target/test-dir/MiniOzoneClusterImpl-9a706c7a-1c63-4529-bede-54329d36819c/datanode-1/data/ratis] (custom)
2019-09-25 06:16:37,851 [pool-587-thread-1] INFO  storage.RaftStorageDirectory (RaftStorageDirectory.java:analyzeStorage(246)) - The storage directory /workdir/hadoop-ozone/ozonefs/target/test-dir/MiniOzoneClusterImpl-9a706c7a-1c63-4529-bede-54329d36819c/datanode-1/data/ratis/cf946650-32d1-4402-a600-2ef67cdfd842 does not exist. Creating ...
2019-09-25 06:16:37,863 [pool-587-thread-1] INFO  storage.RaftStorageDirectory (RaftStorageDirectory.java:tryLock(328)) - Lock on /workdir/hadoop-ozone/ozonefs/target/test-dir/MiniOzoneClusterImpl-9a706c7a-1c63-4529-bede-54329d36819c/datanode-1/data/ratis/cf946650-32d1-4402-a600-2ef67cdfd842/in_use.lock acquired by nodename 18406@pr-hdds-1569-s44lr-3492059363
2019-09-25 06:16:37,876 [pool-587-thread-1] INFO  storage.RaftStorage (RaftStorage.java:format(72)) - Storage directory /workdir/hadoop-ozone/ozonefs/target/test-dir/MiniOzoneClusterImpl-9a706c7a-1c63-4529-bede-54329d36819c/datanode-1/data/ratis/cf946650-32d1-4402-a600-2ef67cdfd842 has been successfully formatted.
2019-09-25 06:16:37,876 [pool-587-thread-1] INFO  ratis.ContainerStateMachine (ContainerStateMachine.java:loadSnapshot(230)) - group-2EF67CDFD842: The snapshot info is null. Setting the last applied indexto:(t:0, i:~)
2019-09-25 06:16:37,876 [pool-587-thread-1] INFO  server.RaftServerConfigKeys (ConfUtils.java:logGet(43)) - raft.server.notification.no-leader.timeout = 120s (custom)
2019-09-25 06:16:37,876 [pool-587-thread-1] INFO  server.RaftServerConfigKeys (ConfUtils.java:logGet(43)) - raft.server.log.use.memory = false (default)
2019-09-25 06:16:37,877 [pool-587-thread-1] INFO  server.RaftServerConfigKeys (ConfUtils.java:logGet(43)) - raft.server.log.purge.gap = 1000000 (custom)
2019-09-25 06:16:37,877 [pool-587-thread-1] INFO  server.RaftServerConfigKeys (ConfUtils.java:logGet(43)) - raft.server.log.appender.buffer.byte-limit = 33554432 (custom)
2019-09-25 06:16:37,877 [pool-587-thread-1] INFO  server.RaftServerConfigKeys (ConfUtils.java:logGet(43)) - raft.server.log.segment.size.max = 1048576 (custom)
2019-09-25 06:16:37,877 [pool-587-thread-1] INFO  server.RaftServerConfigKeys (ConfUtils.java:logGet(43)) - raft.server.log.segment.cache.num.max = 2 (custom)
2019-09-25 06:16:37,877 [pool-587-thread-1] INFO  segmented.SegmentedRaftLogWorker (SegmentedRaftLogWorker.java:<init>(172)) - new 4eded300-c0fb-4b87-afc1-b9b61b2e7e1b@group-2EF67CDFD842-SegmentedRaftLogWorker for RaftStorage:Storage Directory /workdir/hadoop-ozone/ozonefs/target/test-dir/MiniOzoneClusterImpl-9a706c7a-1c63-4529-bede-54329d36819c/datanode-1/data/ratis/cf946650-32d1-4402-a600-2ef67cdfd842
2019-09-25 06:16:37,877 [pool-587-thread-1] INFO  server.RaftServerConfigKeys (ConfUtils.java:logGet(43)) - raft.server.log.queue.byte-limit = 2147483647 (custom)
2019-09-25 06:16:37,877 [pool-587-thread-1] INFO  server.RaftServerConfigKeys (ConfUtils.java:logGet(43)) - raft.server.log.queue.element-limit = 1024 (custom)
2019-09-25 06:16:37,877 [pool-587-thread-1] INFO  server.RaftServerConfigKeys (ConfUtils.java:logGet(43)) - raft.server.log.segment.size.max = 1048576 (custom)
2019-09-25 06:16:37,877 [pool-587-thread-1] INFO  server.RaftServerConfigKeys (ConfUtils.java:logGet(43)) - raft.server.log.preallocated.size = 16384 (custom)
2019-09-25 06:16:37,877 [pool-587-thread-1] INFO  server.RaftServerConfigKeys (ConfUtils.java:logGet(43)) - raft.server.log.write.buffer.size = 33554432 (custom)
2019-09-25 06:16:37,877 [pool-587-thread-1] INFO  server.RaftServerConfigKeys (ConfUtils.java:logGet(43)) - raft.server.log.force.sync.num = 128 (default)
2019-09-25 06:16:37,878 [pool-587-thread-1] INFO  server.RaftServerConfigKeys (ConfUtils.java:logGet(43)) - raft.server.log.statemachine.data.sync = true (default)
2019-09-25 06:16:37,878 [pool-587-thread-1] INFO  server.RaftServerConfigKeys (ConfUtils.java:logGet(43)) - raft.server.log.statemachine.data.sync.timeout = 10s (default)
2019-09-25 06:16:37,878 [pool-587-thread-1] INFO  server.RaftServerConfigKeys (ConfUtils.java:logGet(43)) - raft.server.log.statemachine.data.sync.timeout.retry = -1 (default)
2019-09-25 06:16:37,878 [pool-587-thread-1] INFO  server.RaftServerConfigKeys (ConfUtils.java:logGet(43)) - raft.server.log.statemachine.data.caching.enabled = true (custom)
2019-09-25 06:16:37,878 [pool-587-thread-1] INFO  segmented.SegmentedRaftLogWorker (SegmentedRaftLogWorker.java:lambda$new$0(132)) - 4eded300-c0fb-4b87-afc1-b9b61b2e7e1b@group-2EF67CDFD842-SegmentedRaftLogWorker: flushIndex: setUnconditionally 0 -> -1
2019-09-25 06:16:37,878 [pool-587-thread-1] INFO  server.RaftServerConfigKeys (ConfUtils.java:logGet(43)) - raft.server.snapshot.auto.trigger.enabled = true (custom)
2019-09-25 06:16:37,878 [pool-587-thread-1] INFO  server.RaftServerConfigKeys (ConfUtils.java:logGet(43)) - raft.server.snapshot.auto.trigger.threshold = 10000 (custom)
2019-09-25 06:16:37,879 [pool-587-thread-1] INFO  server.RaftServerConfigKeys (ConfUtils.java:logGet(43)) - raft.server.snapshot.retention.num.files = 5 (custom)
2019-09-25 06:16:37,879 [pool-587-thread-1] INFO  server.RaftServerConfigKeys (ConfUtils.java:logGet(43)) - raft.server.retrycache.expirytime = 600000ms (custom)
2019-09-25 06:16:37,880 [pool-587-thread-1] INFO  impl.RaftServerImpl (RaftServerImpl.java:start(185)) - 4eded300-c0fb-4b87-afc1-b9b61b2e7e1b@group-2EF67CDFD842: start as a follower, conf=-1: [4eded300-c0fb-4b87-afc1-b9b61b2e7e1b:192.168.164.207:43992], old=null
2019-09-25 06:16:37,880 [pool-587-thread-1] INFO  impl.RaftServerImpl (RaftServerImpl.java:setRole(174)) - 4eded300-c0fb-4b87-afc1-b9b61b2e7e1b@group-2EF67CDFD842: changes role from      null to FOLLOWER at term 0 for startAsFollower
2019-09-25 06:16:37,880 [pool-587-thread-1] INFO  impl.RoleInfo (RoleInfo.java:updateAndGet(143)) - 4eded300-c0fb-4b87-afc1-b9b61b2e7e1b: start FollowerState
2019-09-25 06:16:37,881 [pool-587-thread-1] INFO  util.JmxRegister (JmxRegister.java:tryRegister(44)) - Successfully registered JMX Bean with object name Ratis:service=RaftServer,group=group-2EF67CDFD842,id=4eded300-c0fb-4b87-afc1-b9b61b2e7e1b
2019-09-25 06:16:37,886 [RatisPipelineUtilsThread] INFO  pipeline.PipelineStateManager (PipelineStateManager.java:addPipeline(56)) - Created pipeline Pipeline[ Id: cf946650-32d1-4402-a600-2ef67cdfd842, Nodes: 4eded300-c0fb-4b87-afc1-b9b61b2e7e1b{ip: 192.168.164.207, host: pr-hdds-1569-s44lr-3492059363, networkLocation: /default-rack, certSerialId: null}, Type:RATIS, Factor:ONE, State:OPEN]
2019-09-25 06:16:37,886 [RatisPipelineUtilsThread] INFO  pipeline.PipelinePlacementPolicy (PipelinePlacementPolicy.java:meetCriteria(91)) - Pipeline Placement: can't place more pipeline on heavy datanode： 7e09b52c-cd88-4918-9f32-f870e77b8b81 Heaviness: 6 limit: 5
2019-09-25 06:16:37,897 [grpc-default-executor-0] INFO  impl.RaftServerProxy (RaftServerProxy.java:addNew(89)) - 58065e78-105d-47b8-969e-4862a5832b33: addNew group-CCEDFC30A4BF:[58065e78-105d-47b8-969e-4862a5832b33:192.168.164.207:35043] returns group-CCEDFC30A4BF:java.util.concurrent.CompletableFuture@1c6b5662[Not completed]
2019-09-25 06:16:37,899 [pool-597-thread-1] INFO  impl.RaftServerImpl (RaftServerImpl.java:<init>(95)) - 58065e78-105d-47b8-969e-4862a5832b33: new RaftServerImpl for group-CCEDFC30A4BF:[58065e78-105d-47b8-969e-4862a5832b33:192.168.164.207:35043] with ContainerStateMachine:uninitialized
2019-09-25 06:16:37,899 [pool-597-thread-1] INFO  server.RaftServerConfigKeys (ConfUtils.java:logGet(43)) - raft.server.rpc.timeout.min = 5s (custom)
2019-09-25 06:16:37,899 [pool-597-thread-1] INFO  server.RaftServerConfigKeys (ConfUtils.java:logGet(43)) - raft.server.rpc.timeout.max = 5200ms (custom)
2019-09-25 06:16:37,899 [pool-597-thread-1] INFO  server.RaftServerConfigKeys (ConfUtils.java:logGet(43)) - raft.server.rpcslowness.timeout = 120s (custom)
2019-09-25 06:16:37,899 [pool-597-thread-1] INFO  server.RaftServerConfigKeys (ConfUtils.java:logGet(43)) - raft.server.sleep.deviation.threshold = 300 (default)
2019-09-25 06:16:37,899 [pool-597-thread-1] INFO  server.RaftServerConfigKeys (ConfUtils.java:logGet(43)) - raft.server.log.appender.install.snapshot.enabled = false (custom)
2019-09-25 06:16:37,899 [pool-597-thread-1] INFO  impl.RaftServerImpl (ServerState.java:<init>(103)) - 58065e78-105d-47b8-969e-4862a5832b33@group-CCEDFC30A4BF: ConfigurationManager, init=-1: [58065e78-105d-47b8-969e-4862a5832b33:192.168.164.207:35043], old=null, confs=<EMPTY_MAP>
2019-09-25 06:16:37,899 [pool-597-thread-1] INFO  server.RaftServerConfigKeys (ConfUtils.java:logGet(43)) - raft.server.storage.dir = [/workdir/hadoop-ozone/ozonefs/target/test-dir/MiniOzoneClusterImpl-9a706c7a-1c63-4529-bede-54329d36819c/datanode-2/data/ratis] (custom)
2019-09-25 06:16:37,900 [pool-597-thread-1] INFO  storage.RaftStorageDirectory (RaftStorageDirectory.java:analyzeStorage(246)) - The storage directory /workdir/hadoop-ozone/ozonefs/target/test-dir/MiniOzoneClusterImpl-9a706c7a-1c63-4529-bede-54329d36819c/datanode-2/data/ratis/1b1c9634-06fc-4828-a679-ccedfc30a4bf does not exist. Creating ...
2019-09-25 06:16:37,912 [pool-597-thread-1] INFO  storage.RaftStorageDirectory (RaftStorageDirectory.java:tryLock(328)) - Lock on /workdir/hadoop-ozone/ozonefs/target/test-dir/MiniOzoneClusterImpl-9a706c7a-1c63-4529-bede-54329d36819c/datanode-2/data/ratis/1b1c9634-06fc-4828-a679-ccedfc30a4bf/in_use.lock acquired by nodename 18406@pr-hdds-1569-s44lr-3492059363
2019-09-25 06:16:37,925 [pool-597-thread-1] INFO  storage.RaftStorage (RaftStorage.java:format(72)) - Storage directory /workdir/hadoop-ozone/ozonefs/target/test-dir/MiniOzoneClusterImpl-9a706c7a-1c63-4529-bede-54329d36819c/datanode-2/data/ratis/1b1c9634-06fc-4828-a679-ccedfc30a4bf has been successfully formatted.
2019-09-25 06:16:37,925 [pool-597-thread-1] INFO  ratis.ContainerStateMachine (ContainerStateMachine.java:loadSnapshot(230)) - group-CCEDFC30A4BF: The snapshot info is null. Setting the last applied indexto:(t:0, i:~)
2019-09-25 06:16:37,925 [pool-597-thread-1] INFO  server.RaftServerConfigKeys (ConfUtils.java:logGet(43)) - raft.server.notification.no-leader.timeout = 120s (custom)
2019-09-25 06:16:37,926 [pool-597-thread-1] INFO  server.RaftServerConfigKeys (ConfUtils.java:logGet(43)) - raft.server.log.use.memory = false (default)
2019-09-25 06:16:37,926 [pool-597-thread-1] INFO  server.RaftServerConfigKeys (ConfUtils.java:logGet(43)) - raft.server.log.purge.gap = 1000000 (custom)
2019-09-25 06:16:37,926 [pool-597-thread-1] INFO  server.RaftServerConfigKeys (ConfUtils.java:logGet(43)) - raft.server.log.appender.buffer.byte-limit = 33554432 (custom)
2019-09-25 06:16:37,926 [pool-597-thread-1] INFO  server.RaftServerConfigKeys (ConfUtils.java:logGet(43)) - raft.server.log.segment.size.max = 1048576 (custom)
2019-09-25 06:16:37,926 [pool-597-thread-1] INFO  server.RaftServerConfigKeys (ConfUtils.java:logGet(43)) - raft.server.log.segment.cache.num.max = 2 (custom)
2019-09-25 06:16:37,926 [pool-597-thread-1] INFO  segmented.SegmentedRaftLogWorker (SegmentedRaftLogWorker.java:<init>(172)) - new 58065e78-105d-47b8-969e-4862a5832b33@group-CCEDFC30A4BF-SegmentedRaftLogWorker for RaftStorage:Storage Directory /workdir/hadoop-ozone/ozonefs/target/test-dir/MiniOzoneClusterImpl-9a706c7a-1c63-4529-bede-54329d36819c/datanode-2/data/ratis/1b1c9634-06fc-4828-a679-ccedfc30a4bf
2019-09-25 06:16:37,927 [pool-597-thread-1] INFO  server.RaftServerConfigKeys (ConfUtils.java:logGet(43)) - raft.server.log.queue.byte-limit = 2147483647 (custom)
2019-09-25 06:16:37,927 [pool-597-thread-1] INFO  server.RaftServerConfigKeys (ConfUtils.java:logGet(43)) - raft.server.log.queue.element-limit = 1024 (custom)
2019-09-25 06:16:37,927 [pool-597-thread-1] INFO  server.RaftServerConfigKeys (ConfUtils.java:logGet(43)) - raft.server.log.segment.size.max = 1048576 (custom)
2019-09-25 06:16:37,927 [pool-597-thread-1] INFO  server.RaftServerConfigKeys (ConfUtils.java:logGet(43)) - raft.server.log.preallocated.size = 16384 (custom)
2019-09-25 06:16:37,927 [pool-597-thread-1] INFO  server.RaftServerConfigKeys (ConfUtils.java:logGet(43)) - raft.server.log.write.buffer.size = 33554432 (custom)
2019-09-25 06:16:37,927 [pool-597-thread-1] INFO  server.RaftServerConfigKeys (ConfUtils.java:logGet(43)) - raft.server.log.force.sync.num = 128 (default)
2019-09-25 06:16:37,928 [pool-597-thread-1] INFO  server.RaftServerConfigKeys (ConfUtils.java:logGet(43)) - raft.server.log.statemachine.data.sync = true (default)
2019-09-25 06:16:37,928 [pool-597-thread-1] INFO  server.RaftServerConfigKeys (ConfUtils.java:logGet(43)) - raft.server.log.statemachine.data.sync.timeout = 10s (default)
2019-09-25 06:16:37,928 [pool-597-thread-1] INFO  server.RaftServerConfigKeys (ConfUtils.java:logGet(43)) - raft.server.log.statemachine.data.sync.timeout.retry = -1 (default)
2019-09-25 06:16:37,928 [pool-597-thread-1] INFO  server.RaftServerConfigKeys (ConfUtils.java:logGet(43)) - raft.server.log.statemachine.data.caching.enabled = true (custom)
2019-09-25 06:16:37,928 [pool-597-thread-1] INFO  segmented.SegmentedRaftLogWorker (SegmentedRaftLogWorker.java:lambda$new$0(132)) - 58065e78-105d-47b8-969e-4862a5832b33@group-CCEDFC30A4BF-SegmentedRaftLogWorker: flushIndex: setUnconditionally 0 -> -1
2019-09-25 06:16:37,929 [pool-597-thread-1] INFO  server.RaftServerConfigKeys (ConfUtils.java:logGet(43)) - raft.server.snapshot.auto.trigger.enabled = true (custom)
2019-09-25 06:16:37,929 [pool-597-thread-1] INFO  server.RaftServerConfigKeys (ConfUtils.java:logGet(43)) - raft.server.snapshot.auto.trigger.threshold = 10000 (custom)
2019-09-25 06:16:37,929 [pool-597-thread-1] INFO  server.RaftServerConfigKeys (ConfUtils.java:logGet(43)) - raft.server.snapshot.retention.num.files = 5 (custom)
2019-09-25 06:16:37,929 [pool-597-thread-1] INFO  server.RaftServerConfigKeys (ConfUtils.java:logGet(43)) - raft.server.retrycache.expirytime = 600000ms (custom)
2019-09-25 06:16:37,932 [pool-597-thread-1] INFO  impl.RaftServerImpl (RaftServerImpl.java:start(185)) - 58065e78-105d-47b8-969e-4862a5832b33@group-CCEDFC30A4BF: start as a follower, conf=-1: [58065e78-105d-47b8-969e-4862a5832b33:192.168.164.207:35043], old=null
2019-09-25 06:16:37,932 [pool-597-thread-1] INFO  impl.RaftServerImpl (RaftServerImpl.java:setRole(174)) - 58065e78-105d-47b8-969e-4862a5832b33@group-CCEDFC30A4BF: changes role from      null to FOLLOWER at term 0 for startAsFollower
2019-09-25 06:16:37,932 [pool-597-thread-1] INFO  impl.RoleInfo (RoleInfo.java:updateAndGet(143)) - 58065e78-105d-47b8-969e-4862a5832b33: start FollowerState
2019-09-25 06:16:37,932 [pool-597-thread-1] INFO  util.JmxRegister (JmxRegister.java:tryRegister(44)) - Successfully registered JMX Bean with object name Ratis:service=RaftServer,group=group-CCEDFC30A4BF,id=58065e78-105d-47b8-969e-4862a5832b33
2019-09-25 06:16:37,939 [RatisPipelineUtilsThread] INFO  pipeline.PipelineStateManager (PipelineStateManager.java:addPipeline(56)) - Created pipeline Pipeline[ Id: 1b1c9634-06fc-4828-a679-ccedfc30a4bf, Nodes: 58065e78-105d-47b8-969e-4862a5832b33{ip: 192.168.164.207, host: pr-hdds-1569-s44lr-3492059363, networkLocation: /default-rack, certSerialId: null}, Type:RATIS, Factor:ONE, State:OPEN]
2019-09-25 06:16:37,939 [RatisPipelineUtilsThread] INFO  pipeline.PipelinePlacementPolicy (PipelinePlacementPolicy.java:meetCriteria(91)) - Pipeline Placement: can't place more pipeline on heavy datanode： 7e09b52c-cd88-4918-9f32-f870e77b8b81 Heaviness: 6 limit: 5
2019-09-25 06:16:37,949 [grpc-default-executor-0] INFO  impl.RaftServerProxy (RaftServerProxy.java:addNew(89)) - 4eded300-c0fb-4b87-afc1-b9b61b2e7e1b: addNew group-93B9AD4B49BD:[4eded300-c0fb-4b87-afc1-b9b61b2e7e1b:192.168.164.207:43992] returns group-93B9AD4B49BD:java.util.concurrent.CompletableFuture@5f1228e2[Not completed]
2019-09-25 06:16:37,949 [pool-587-thread-1] INFO  impl.RaftServerImpl (RaftServerImpl.java:<init>(95)) - 4eded300-c0fb-4b87-afc1-b9b61b2e7e1b: new RaftServerImpl for group-93B9AD4B49BD:[4eded300-c0fb-4b87-afc1-b9b61b2e7e1b:192.168.164.207:43992] with ContainerStateMachine:uninitialized
2019-09-25 06:16:37,950 [pool-587-thread-1] INFO  server.RaftServerConfigKeys (ConfUtils.java:logGet(43)) - raft.server.rpc.timeout.min = 5s (custom)
2019-09-25 06:16:37,950 [pool-587-thread-1] INFO  server.RaftServerConfigKeys (ConfUtils.java:logGet(43)) - raft.server.rpc.timeout.max = 5200ms (custom)
2019-09-25 06:16:37,950 [pool-587-thread-1] INFO  server.RaftServerConfigKeys (ConfUtils.java:logGet(43)) - raft.server.rpcslowness.timeout = 120s (custom)
2019-09-25 06:16:37,950 [pool-587-thread-1] INFO  server.RaftServerConfigKeys (ConfUtils.java:logGet(43)) - raft.server.sleep.deviation.threshold = 300 (default)
2019-09-25 06:16:37,950 [pool-587-thread-1] INFO  server.RaftServerConfigKeys (ConfUtils.java:logGet(43)) - raft.server.log.appender.install.snapshot.enabled = false (custom)
2019-09-25 06:16:37,950 [pool-587-thread-1] INFO  impl.RaftServerImpl (ServerState.java:<init>(103)) - 4eded300-c0fb-4b87-afc1-b9b61b2e7e1b@group-93B9AD4B49BD: ConfigurationManager, init=-1: [4eded300-c0fb-4b87-afc1-b9b61b2e7e1b:192.168.164.207:43992], old=null, confs=<EMPTY_MAP>
2019-09-25 06:16:37,950 [pool-587-thread-1] INFO  server.RaftServerConfigKeys (ConfUtils.java:logGet(43)) - raft.server.storage.dir = [/workdir/hadoop-ozone/ozonefs/target/test-dir/MiniOzoneClusterImpl-9a706c7a-1c63-4529-bede-54329d36819c/datanode-1/data/ratis] (custom)
2019-09-25 06:16:37,951 [pool-587-thread-1] INFO  storage.RaftStorageDirectory (RaftStorageDirectory.java:analyzeStorage(246)) - The storage directory /workdir/hadoop-ozone/ozonefs/target/test-dir/MiniOzoneClusterImpl-9a706c7a-1c63-4529-bede-54329d36819c/datanode-1/data/ratis/ef32ab1d-ee33-4a14-af43-93b9ad4b49bd does not exist. Creating ...
2019-09-25 06:16:37,964 [pool-587-thread-1] INFO  storage.RaftStorageDirectory (RaftStorageDirectory.java:tryLock(328)) - Lock on /workdir/hadoop-ozone/ozonefs/target/test-dir/MiniOzoneClusterImpl-9a706c7a-1c63-4529-bede-54329d36819c/datanode-1/data/ratis/ef32ab1d-ee33-4a14-af43-93b9ad4b49bd/in_use.lock acquired by nodename 18406@pr-hdds-1569-s44lr-3492059363
2019-09-25 06:16:37,967 [pool-587-thread-1] INFO  storage.RaftStorage (RaftStorage.java:format(72)) - Storage directory /workdir/hadoop-ozone/ozonefs/target/test-dir/MiniOzoneClusterImpl-9a706c7a-1c63-4529-bede-54329d36819c/datanode-1/data/ratis/ef32ab1d-ee33-4a14-af43-93b9ad4b49bd has been successfully formatted.
2019-09-25 06:16:37,968 [pool-587-thread-1] INFO  ratis.ContainerStateMachine (ContainerStateMachine.java:loadSnapshot(230)) - group-93B9AD4B49BD: The snapshot info is null. Setting the last applied indexto:(t:0, i:~)
2019-09-25 06:16:37,968 [pool-587-thread-1] INFO  server.RaftServerConfigKeys (ConfUtils.java:logGet(43)) - raft.server.notification.no-leader.timeout = 120s (custom)
2019-09-25 06:16:37,968 [pool-587-thread-1] INFO  server.RaftServerConfigKeys (ConfUtils.java:logGet(43)) - raft.server.log.use.memory = false (default)
2019-09-25 06:16:37,968 [pool-587-thread-1] INFO  server.RaftServerConfigKeys (ConfUtils.java:logGet(43)) - raft.server.log.purge.gap = 1000000 (custom)
2019-09-25 06:16:37,968 [pool-587-thread-1] INFO  server.RaftServerConfigKeys (ConfUtils.java:logGet(43)) - raft.server.log.appender.buffer.byte-limit = 33554432 (custom)
2019-09-25 06:16:37,968 [pool-587-thread-1] INFO  server.RaftServerConfigKeys (ConfUtils.java:logGet(43)) - raft.server.log.segment.size.max = 1048576 (custom)
2019-09-25 06:16:37,968 [pool-587-thread-1] INFO  server.RaftServerConfigKeys (ConfUtils.java:logGet(43)) - raft.server.log.segment.cache.num.max = 2 (custom)
2019-09-25 06:16:37,968 [pool-587-thread-1] INFO  segmented.SegmentedRaftLogWorker (SegmentedRaftLogWorker.java:<init>(172)) - new 4eded300-c0fb-4b87-afc1-b9b61b2e7e1b@group-93B9AD4B49BD-SegmentedRaftLogWorker for RaftStorage:Storage Directory /workdir/hadoop-ozone/ozonefs/target/test-dir/MiniOzoneClusterImpl-9a706c7a-1c63-4529-bede-54329d36819c/datanode-1/data/ratis/ef32ab1d-ee33-4a14-af43-93b9ad4b49bd
2019-09-25 06:16:37,968 [pool-587-thread-1] INFO  server.RaftServerConfigKeys (ConfUtils.java:logGet(43)) - raft.server.log.queue.byte-limit = 2147483647 (custom)
2019-09-25 06:16:37,969 [pool-587-thread-1] INFO  server.RaftServerConfigKeys (ConfUtils.java:logGet(43)) - raft.server.log.queue.element-limit = 1024 (custom)
2019-09-25 06:16:37,969 [pool-587-thread-1] INFO  server.RaftServerConfigKeys (ConfUtils.java:logGet(43)) - raft.server.log.segment.size.max = 1048576 (custom)
2019-09-25 06:16:37,969 [pool-587-thread-1] INFO  server.RaftServerConfigKeys (ConfUtils.java:logGet(43)) - raft.server.log.preallocated.size = 16384 (custom)
2019-09-25 06:16:37,969 [pool-587-thread-1] INFO  server.RaftServerConfigKeys (ConfUtils.java:logGet(43)) - raft.server.log.write.buffer.size = 33554432 (custom)
2019-09-25 06:16:37,969 [pool-587-thread-1] INFO  server.RaftServerConfigKeys (ConfUtils.java:logGet(43)) - raft.server.log.force.sync.num = 128 (default)
2019-09-25 06:16:37,969 [pool-587-thread-1] INFO  server.RaftServerConfigKeys (ConfUtils.java:logGet(43)) - raft.server.log.statemachine.data.sync = true (default)
2019-09-25 06:16:37,969 [pool-587-thread-1] INFO  server.RaftServerConfigKeys (ConfUtils.java:logGet(43)) - raft.server.log.statemachine.data.sync.timeout = 10s (default)
2019-09-25 06:16:37,969 [pool-587-thread-1] INFO  server.RaftServerConfigKeys (ConfUtils.java:logGet(43)) - raft.server.log.statemachine.data.sync.timeout.retry = -1 (default)
2019-09-25 06:16:37,969 [pool-587-thread-1] INFO  server.RaftServerConfigKeys (ConfUtils.java:logGet(43)) - raft.server.log.statemachine.data.caching.enabled = true (custom)
2019-09-25 06:16:37,970 [pool-587-thread-1] INFO  segmented.SegmentedRaftLogWorker (SegmentedRaftLogWorker.java:lambda$new$0(132)) - 4eded300-c0fb-4b87-afc1-b9b61b2e7e1b@group-93B9AD4B49BD-SegmentedRaftLogWorker: flushIndex: setUnconditionally 0 -> -1
2019-09-25 06:16:37,970 [pool-587-thread-1] INFO  server.RaftServerConfigKeys (ConfUtils.java:logGet(43)) - raft.server.snapshot.auto.trigger.enabled = true (custom)
2019-09-25 06:16:37,970 [pool-587-thread-1] INFO  server.RaftServerConfigKeys (ConfUtils.java:logGet(43)) - raft.server.snapshot.auto.trigger.threshold = 10000 (custom)
2019-09-25 06:16:37,970 [pool-587-thread-1] INFO  server.RaftServerConfigKeys (ConfUtils.java:logGet(43)) - raft.server.snapshot.retention.num.files = 5 (custom)
2019-09-25 06:16:37,970 [pool-587-thread-1] INFO  server.RaftServerConfigKeys (ConfUtils.java:logGet(43)) - raft.server.retrycache.expirytime = 600000ms (custom)
2019-09-25 06:16:37,971 [pool-587-thread-1] INFO  impl.RaftServerImpl (RaftServerImpl.java:start(185)) - 4eded300-c0fb-4b87-afc1-b9b61b2e7e1b@group-93B9AD4B49BD: start as a follower, conf=-1: [4eded300-c0fb-4b87-afc1-b9b61b2e7e1b:192.168.164.207:43992], old=null
2019-09-25 06:16:37,971 [pool-587-thread-1] INFO  impl.RaftServerImpl (RaftServerImpl.java:setRole(174)) - 4eded300-c0fb-4b87-afc1-b9b61b2e7e1b@group-93B9AD4B49BD: changes role from      null to FOLLOWER at term 0 for startAsFollower
2019-09-25 06:16:37,971 [pool-587-thread-1] INFO  impl.RoleInfo (RoleInfo.java:updateAndGet(143)) - 4eded300-c0fb-4b87-afc1-b9b61b2e7e1b: start FollowerState
2019-09-25 06:16:37,972 [pool-587-thread-1] INFO  util.JmxRegister (JmxRegister.java:tryRegister(44)) - Successfully registered JMX Bean with object name Ratis:service=RaftServer,group=group-93B9AD4B49BD,id=4eded300-c0fb-4b87-afc1-b9b61b2e7e1b
2019-09-25 06:16:37,977 [RatisPipelineUtilsThread] INFO  pipeline.PipelineStateManager (PipelineStateManager.java:addPipeline(56)) - Created pipeline Pipeline[ Id: ef32ab1d-ee33-4a14-af43-93b9ad4b49bd, Nodes: 4eded300-c0fb-4b87-afc1-b9b61b2e7e1b{ip: 192.168.164.207, host: pr-hdds-1569-s44lr-3492059363, networkLocation: /default-rack, certSerialId: null}, Type:RATIS, Factor:ONE, State:OPEN]
2019-09-25 06:16:37,977 [RatisPipelineUtilsThread] INFO  pipeline.PipelinePlacementPolicy (PipelinePlacementPolicy.java:meetCriteria(91)) - Pipeline Placement: can't place more pipeline on heavy datanode： 7e09b52c-cd88-4918-9f32-f870e77b8b81 Heaviness: 6 limit: 5
2019-09-25 06:16:37,986 [grpc-default-executor-0] INFO  impl.RaftServerProxy (RaftServerProxy.java:addNew(89)) - 58065e78-105d-47b8-969e-4862a5832b33: addNew group-992356B80D4D:[58065e78-105d-47b8-969e-4862a5832b33:192.168.164.207:35043] returns group-992356B80D4D:java.util.concurrent.CompletableFuture@28fe5a09[Not completed]
2019-09-25 06:16:37,987 [pool-597-thread-1] INFO  impl.RaftServerImpl (RaftServerImpl.java:<init>(95)) - 58065e78-105d-47b8-969e-4862a5832b33: new RaftServerImpl for group-992356B80D4D:[58065e78-105d-47b8-969e-4862a5832b33:192.168.164.207:35043] with ContainerStateMachine:uninitialized
2019-09-25 06:16:37,988 [pool-597-thread-1] INFO  server.RaftServerConfigKeys (ConfUtils.java:logGet(43)) - raft.server.rpc.timeout.min = 5s (custom)
2019-09-25 06:16:37,988 [pool-597-thread-1] INFO  server.RaftServerConfigKeys (ConfUtils.java:logGet(43)) - raft.server.rpc.timeout.max = 5200ms (custom)
2019-09-25 06:16:37,988 [pool-597-thread-1] INFO  server.RaftServerConfigKeys (ConfUtils.java:logGet(43)) - raft.server.rpcslowness.timeout = 120s (custom)
2019-09-25 06:16:37,988 [pool-597-thread-1] INFO  server.RaftServerConfigKeys (ConfUtils.java:logGet(43)) - raft.server.sleep.deviation.threshold = 300 (default)
2019-09-25 06:16:37,988 [pool-597-thread-1] INFO  server.RaftServerConfigKeys (ConfUtils.java:logGet(43)) - raft.server.log.appender.install.snapshot.enabled = false (custom)
2019-09-25 06:16:37,988 [pool-597-thread-1] INFO  impl.RaftServerImpl (ServerState.java:<init>(103)) - 58065e78-105d-47b8-969e-4862a5832b33@group-992356B80D4D: ConfigurationManager, init=-1: [58065e78-105d-47b8-969e-4862a5832b33:192.168.164.207:35043], old=null, confs=<EMPTY_MAP>
2019-09-25 06:16:37,989 [pool-597-thread-1] INFO  server.RaftServerConfigKeys (ConfUtils.java:logGet(43)) - raft.server.storage.dir = [/workdir/hadoop-ozone/ozonefs/target/test-dir/MiniOzoneClusterImpl-9a706c7a-1c63-4529-bede-54329d36819c/datanode-2/data/ratis] (custom)
2019-09-25 06:16:37,989 [pool-597-thread-1] INFO  storage.RaftStorageDirectory (RaftStorageDirectory.java:analyzeStorage(246)) - The storage directory /workdir/hadoop-ozone/ozonefs/target/test-dir/MiniOzoneClusterImpl-9a706c7a-1c63-4529-bede-54329d36819c/datanode-2/data/ratis/71900f92-1bca-4ed0-82bc-992356b80d4d does not exist. Creating ...
2019-09-25 06:16:37,994 [pool-597-thread-1] INFO  storage.RaftStorageDirectory (RaftStorageDirectory.java:tryLock(328)) - Lock on /workdir/hadoop-ozone/ozonefs/target/test-dir/MiniOzoneClusterImpl-9a706c7a-1c63-4529-bede-54329d36819c/datanode-2/data/ratis/71900f92-1bca-4ed0-82bc-992356b80d4d/in_use.lock acquired by nodename 18406@pr-hdds-1569-s44lr-3492059363
2019-09-25 06:16:38,007 [pool-597-thread-1] INFO  storage.RaftStorage (RaftStorage.java:format(72)) - Storage directory /workdir/hadoop-ozone/ozonefs/target/test-dir/MiniOzoneClusterImpl-9a706c7a-1c63-4529-bede-54329d36819c/datanode-2/data/ratis/71900f92-1bca-4ed0-82bc-992356b80d4d has been successfully formatted.
2019-09-25 06:16:38,008 [pool-597-thread-1] INFO  ratis.ContainerStateMachine (ContainerStateMachine.java:loadSnapshot(230)) - group-992356B80D4D: The snapshot info is null. Setting the last applied indexto:(t:0, i:~)
2019-09-25 06:16:38,008 [pool-597-thread-1] INFO  server.RaftServerConfigKeys (ConfUtils.java:logGet(43)) - raft.server.notification.no-leader.timeout = 120s (custom)
2019-09-25 06:16:38,008 [pool-597-thread-1] INFO  server.RaftServerConfigKeys (ConfUtils.java:logGet(43)) - raft.server.log.use.memory = false (default)
2019-09-25 06:16:38,008 [pool-597-thread-1] INFO  server.RaftServerConfigKeys (ConfUtils.java:logGet(43)) - raft.server.log.purge.gap = 1000000 (custom)
2019-09-25 06:16:38,008 [pool-597-thread-1] INFO  server.RaftServerConfigKeys (ConfUtils.java:logGet(43)) - raft.server.log.appender.buffer.byte-limit = 33554432 (custom)
2019-09-25 06:16:38,008 [pool-597-thread-1] INFO  server.RaftServerConfigKeys (ConfUtils.java:logGet(43)) - raft.server.log.segment.size.max = 1048576 (custom)
2019-09-25 06:16:38,009 [pool-597-thread-1] INFO  server.RaftServerConfigKeys (ConfUtils.java:logGet(43)) - raft.server.log.segment.cache.num.max = 2 (custom)
2019-09-25 06:16:38,009 [pool-597-thread-1] INFO  segmented.SegmentedRaftLogWorker (SegmentedRaftLogWorker.java:<init>(172)) - new 58065e78-105d-47b8-969e-4862a5832b33@group-992356B80D4D-SegmentedRaftLogWorker for RaftStorage:Storage Directory /workdir/hadoop-ozone/ozonefs/target/test-dir/MiniOzoneClusterImpl-9a706c7a-1c63-4529-bede-54329d36819c/datanode-2/data/ratis/71900f92-1bca-4ed0-82bc-992356b80d4d
2019-09-25 06:16:38,009 [pool-597-thread-1] INFO  server.RaftServerConfigKeys (ConfUtils.java:logGet(43)) - raft.server.log.queue.byte-limit = 2147483647 (custom)
2019-09-25 06:16:38,009 [pool-597-thread-1] INFO  server.RaftServerConfigKeys (ConfUtils.java:logGet(43)) - raft.server.log.queue.element-limit = 1024 (custom)
2019-09-25 06:16:38,009 [pool-597-thread-1] INFO  server.RaftServerConfigKeys (ConfUtils.java:logGet(43)) - raft.server.log.segment.size.max = 1048576 (custom)
2019-09-25 06:16:38,009 [pool-597-thread-1] INFO  server.RaftServerConfigKeys (ConfUtils.java:logGet(43)) - raft.server.log.preallocated.size = 16384 (custom)
2019-09-25 06:16:38,009 [pool-597-thread-1] INFO  server.RaftServerConfigKeys (ConfUtils.java:logGet(43)) - raft.server.log.write.buffer.size = 33554432 (custom)
2019-09-25 06:16:38,009 [pool-597-thread-1] INFO  server.RaftServerConfigKeys (ConfUtils.java:logGet(43)) - raft.server.log.force.sync.num = 128 (default)
2019-09-25 06:16:38,009 [pool-597-thread-1] INFO  server.RaftServerConfigKeys (ConfUtils.java:logGet(43)) - raft.server.log.statemachine.data.sync = true (default)
2019-09-25 06:16:38,010 [pool-597-thread-1] INFO  server.RaftServerConfigKeys (ConfUtils.java:logGet(43)) - raft.server.log.statemachine.data.sync.timeout = 10s (default)
2019-09-25 06:16:38,010 [pool-597-thread-1] INFO  server.RaftServerConfigKeys (ConfUtils.java:logGet(43)) - raft.server.log.statemachine.data.sync.timeout.retry = -1 (default)
2019-09-25 06:16:38,010 [pool-597-thread-1] INFO  server.RaftServerConfigKeys (ConfUtils.java:logGet(43)) - raft.server.log.statemachine.data.caching.enabled = true (custom)
2019-09-25 06:16:38,010 [pool-597-thread-1] INFO  segmented.SegmentedRaftLogWorker (SegmentedRaftLogWorker.java:lambda$new$0(132)) - 58065e78-105d-47b8-969e-4862a5832b33@group-992356B80D4D-SegmentedRaftLogWorker: flushIndex: setUnconditionally 0 -> -1
2019-09-25 06:16:38,011 [pool-597-thread-1] INFO  server.RaftServerConfigKeys (ConfUtils.java:logGet(43)) - raft.server.snapshot.auto.trigger.enabled = true (custom)
2019-09-25 06:16:38,011 [pool-597-thread-1] INFO  server.RaftServerConfigKeys (ConfUtils.java:logGet(43)) - raft.server.snapshot.auto.trigger.threshold = 10000 (custom)
2019-09-25 06:16:38,011 [pool-597-thread-1] INFO  server.RaftServerConfigKeys (ConfUtils.java:logGet(43)) - raft.server.snapshot.retention.num.files = 5 (custom)
2019-09-25 06:16:38,011 [pool-597-thread-1] INFO  server.RaftServerConfigKeys (ConfUtils.java:logGet(43)) - raft.server.retrycache.expirytime = 600000ms (custom)
2019-09-25 06:16:38,013 [pool-597-thread-1] INFO  impl.RaftServerImpl (RaftServerImpl.java:start(185)) - 58065e78-105d-47b8-969e-4862a5832b33@group-992356B80D4D: start as a follower, conf=-1: [58065e78-105d-47b8-969e-4862a5832b33:192.168.164.207:35043], old=null
2019-09-25 06:16:38,013 [pool-597-thread-1] INFO  impl.RaftServerImpl (RaftServerImpl.java:setRole(174)) - 58065e78-105d-47b8-969e-4862a5832b33@group-992356B80D4D: changes role from      null to FOLLOWER at term 0 for startAsFollower
2019-09-25 06:16:38,013 [pool-597-thread-1] INFO  impl.RoleInfo (RoleInfo.java:updateAndGet(143)) - 58065e78-105d-47b8-969e-4862a5832b33: start FollowerState
2019-09-25 06:16:38,014 [pool-597-thread-1] INFO  util.JmxRegister (JmxRegister.java:tryRegister(44)) - Successfully registered JMX Bean with object name Ratis:service=RaftServer,group=group-992356B80D4D,id=58065e78-105d-47b8-969e-4862a5832b33
2019-09-25 06:16:38,020 [RatisPipelineUtilsThread] INFO  pipeline.PipelineStateManager (PipelineStateManager.java:addPipeline(56)) - Created pipeline Pipeline[ Id: 71900f92-1bca-4ed0-82bc-992356b80d4d, Nodes: 58065e78-105d-47b8-969e-4862a5832b33{ip: 192.168.164.207, host: pr-hdds-1569-s44lr-3492059363, networkLocation: /default-rack, certSerialId: null}, Type:RATIS, Factor:ONE, State:OPEN]
2019-09-25 06:16:38,020 [RatisPipelineUtilsThread] INFO  pipeline.PipelinePlacementPolicy (PipelinePlacementPolicy.java:meetCriteria(91)) - Pipeline Placement: can't place more pipeline on heavy datanode： 7e09b52c-cd88-4918-9f32-f870e77b8b81 Heaviness: 6 limit: 5
2019-09-25 06:16:38,030 [grpc-default-executor-0] INFO  impl.RaftServerProxy (RaftServerProxy.java:addNew(89)) - 58065e78-105d-47b8-969e-4862a5832b33: addNew group-3CD655F1ADA3:[58065e78-105d-47b8-969e-4862a5832b33:192.168.164.207:35043] returns group-3CD655F1ADA3:java.util.concurrent.CompletableFuture@69518869[Not completed]
2019-09-25 06:16:38,031 [pool-597-thread-1] INFO  impl.RaftServerImpl (RaftServerImpl.java:<init>(95)) - 58065e78-105d-47b8-969e-4862a5832b33: new RaftServerImpl for group-3CD655F1ADA3:[58065e78-105d-47b8-969e-4862a5832b33:192.168.164.207:35043] with ContainerStateMachine:uninitialized
2019-09-25 06:16:38,031 [pool-597-thread-1] INFO  server.RaftServerConfigKeys (ConfUtils.java:logGet(43)) - raft.server.rpc.timeout.min = 5s (custom)
2019-09-25 06:16:38,031 [pool-597-thread-1] INFO  server.RaftServerConfigKeys (ConfUtils.java:logGet(43)) - raft.server.rpc.timeout.max = 5200ms (custom)
2019-09-25 06:16:38,031 [pool-597-thread-1] INFO  server.RaftServerConfigKeys (ConfUtils.java:logGet(43)) - raft.server.rpcslowness.timeout = 120s (custom)
2019-09-25 06:16:38,032 [pool-597-thread-1] INFO  server.RaftServerConfigKeys (ConfUtils.java:logGet(43)) - raft.server.sleep.deviation.threshold = 300 (default)
2019-09-25 06:16:38,032 [pool-597-thread-1] INFO  server.RaftServerConfigKeys (ConfUtils.java:logGet(43)) - raft.server.log.appender.install.snapshot.enabled = false (custom)
2019-09-25 06:16:38,032 [pool-597-thread-1] INFO  impl.RaftServerImpl (ServerState.java:<init>(103)) - 58065e78-105d-47b8-969e-4862a5832b33@group-3CD655F1ADA3: ConfigurationManager, init=-1: [58065e78-105d-47b8-969e-4862a5832b33:192.168.164.207:35043], old=null, confs=<EMPTY_MAP>
2019-09-25 06:16:38,032 [pool-597-thread-1] INFO  server.RaftServerConfigKeys (ConfUtils.java:logGet(43)) - raft.server.storage.dir = [/workdir/hadoop-ozone/ozonefs/target/test-dir/MiniOzoneClusterImpl-9a706c7a-1c63-4529-bede-54329d36819c/datanode-2/data/ratis] (custom)
2019-09-25 06:16:38,032 [pool-597-thread-1] INFO  storage.RaftStorageDirectory (RaftStorageDirectory.java:analyzeStorage(246)) - The storage directory /workdir/hadoop-ozone/ozonefs/target/test-dir/MiniOzoneClusterImpl-9a706c7a-1c63-4529-bede-54329d36819c/datanode-2/data/ratis/6e285fb0-f4d6-42eb-aab2-3cd655f1ada3 does not exist. Creating ...
2019-09-25 06:16:38,045 [pool-597-thread-1] INFO  storage.RaftStorageDirectory (RaftStorageDirectory.java:tryLock(328)) - Lock on /workdir/hadoop-ozone/ozonefs/target/test-dir/MiniOzoneClusterImpl-9a706c7a-1c63-4529-bede-54329d36819c/datanode-2/data/ratis/6e285fb0-f4d6-42eb-aab2-3cd655f1ada3/in_use.lock acquired by nodename 18406@pr-hdds-1569-s44lr-3492059363
2019-09-25 06:16:38,058 [pool-597-thread-1] INFO  storage.RaftStorage (RaftStorage.java:format(72)) - Storage directory /workdir/hadoop-ozone/ozonefs/target/test-dir/MiniOzoneClusterImpl-9a706c7a-1c63-4529-bede-54329d36819c/datanode-2/data/ratis/6e285fb0-f4d6-42eb-aab2-3cd655f1ada3 has been successfully formatted.
2019-09-25 06:16:38,059 [pool-597-thread-1] INFO  ratis.ContainerStateMachine (ContainerStateMachine.java:loadSnapshot(230)) - group-3CD655F1ADA3: The snapshot info is null. Setting the last applied indexto:(t:0, i:~)
2019-09-25 06:16:38,059 [pool-597-thread-1] INFO  server.RaftServerConfigKeys (ConfUtils.java:logGet(43)) - raft.server.notification.no-leader.timeout = 120s (custom)
2019-09-25 06:16:38,059 [pool-597-thread-1] INFO  server.RaftServerConfigKeys (ConfUtils.java:logGet(43)) - raft.server.log.use.memory = false (default)
2019-09-25 06:16:38,059 [pool-597-thread-1] INFO  server.RaftServerConfigKeys (ConfUtils.java:logGet(43)) - raft.server.log.purge.gap = 1000000 (custom)
2019-09-25 06:16:38,059 [pool-597-thread-1] INFO  server.RaftServerConfigKeys (ConfUtils.java:logGet(43)) - raft.server.log.appender.buffer.byte-limit = 33554432 (custom)
2019-09-25 06:16:38,059 [pool-597-thread-1] INFO  server.RaftServerConfigKeys (ConfUtils.java:logGet(43)) - raft.server.log.segment.size.max = 1048576 (custom)
2019-09-25 06:16:38,059 [pool-597-thread-1] INFO  server.RaftServerConfigKeys (ConfUtils.java:logGet(43)) - raft.server.log.segment.cache.num.max = 2 (custom)
2019-09-25 06:16:38,059 [pool-597-thread-1] INFO  segmented.SegmentedRaftLogWorker (SegmentedRaftLogWorker.java:<init>(172)) - new 58065e78-105d-47b8-969e-4862a5832b33@group-3CD655F1ADA3-SegmentedRaftLogWorker for RaftStorage:Storage Directory /workdir/hadoop-ozone/ozonefs/target/test-dir/MiniOzoneClusterImpl-9a706c7a-1c63-4529-bede-54329d36819c/datanode-2/data/ratis/6e285fb0-f4d6-42eb-aab2-3cd655f1ada3
2019-09-25 06:16:38,060 [pool-597-thread-1] INFO  server.RaftServerConfigKeys (ConfUtils.java:logGet(43)) - raft.server.log.queue.byte-limit = 2147483647 (custom)
2019-09-25 06:16:38,060 [pool-597-thread-1] INFO  server.RaftServerConfigKeys (ConfUtils.java:logGet(43)) - raft.server.log.queue.element-limit = 1024 (custom)
2019-09-25 06:16:38,060 [pool-597-thread-1] INFO  server.RaftServerConfigKeys (ConfUtils.java:logGet(43)) - raft.server.log.segment.size.max = 1048576 (custom)
2019-09-25 06:16:38,060 [pool-597-thread-1] INFO  server.RaftServerConfigKeys (ConfUtils.java:logGet(43)) - raft.server.log.preallocated.size = 16384 (custom)
2019-09-25 06:16:38,060 [pool-597-thread-1] INFO  server.RaftServerConfigKeys (ConfUtils.java:logGet(43)) - raft.server.log.write.buffer.size = 33554432 (custom)
2019-09-25 06:16:38,060 [pool-597-thread-1] INFO  server.RaftServerConfigKeys (ConfUtils.java:logGet(43)) - raft.server.log.force.sync.num = 128 (default)
2019-09-25 06:16:38,060 [pool-597-thread-1] INFO  server.RaftServerConfigKeys (ConfUtils.java:logGet(43)) - raft.server.log.statemachine.data.sync = true (default)
2019-09-25 06:16:38,060 [pool-597-thread-1] INFO  server.RaftServerConfigKeys (ConfUtils.java:logGet(43)) - raft.server.log.statemachine.data.sync.timeout = 10s (default)
2019-09-25 06:16:38,060 [pool-597-thread-1] INFO  server.RaftServerConfigKeys (ConfUtils.java:logGet(43)) - raft.server.log.statemachine.data.sync.timeout.retry = -1 (default)
2019-09-25 06:16:38,060 [pool-597-thread-1] INFO  server.RaftServerConfigKeys (ConfUtils.java:logGet(43)) - raft.server.log.statemachine.data.caching.enabled = true (custom)
2019-09-25 06:16:38,061 [pool-597-thread-1] INFO  segmented.SegmentedRaftLogWorker (SegmentedRaftLogWorker.java:lambda$new$0(132)) - 58065e78-105d-47b8-969e-4862a5832b33@group-3CD655F1ADA3-SegmentedRaftLogWorker: flushIndex: setUnconditionally 0 -> -1
2019-09-25 06:16:38,061 [pool-597-thread-1] INFO  server.RaftServerConfigKeys (ConfUtils.java:logGet(43)) - raft.server.snapshot.auto.trigger.enabled = true (custom)
2019-09-25 06:16:38,061 [pool-597-thread-1] INFO  server.RaftServerConfigKeys (ConfUtils.java:logGet(43)) - raft.server.snapshot.auto.trigger.threshold = 10000 (custom)
2019-09-25 06:16:38,061 [pool-597-thread-1] INFO  server.RaftServerConfigKeys (ConfUtils.java:logGet(43)) - raft.server.snapshot.retention.num.files = 5 (custom)
2019-09-25 06:16:38,061 [pool-597-thread-1] INFO  server.RaftServerConfigKeys (ConfUtils.java:logGet(43)) - raft.server.retrycache.expirytime = 600000ms (custom)
2019-09-25 06:16:38,063 [pool-597-thread-1] INFO  impl.RaftServerImpl (RaftServerImpl.java:start(185)) - 58065e78-105d-47b8-969e-4862a5832b33@group-3CD655F1ADA3: start as a follower, conf=-1: [58065e78-105d-47b8-969e-4862a5832b33:192.168.164.207:35043], old=null
2019-09-25 06:16:38,063 [pool-597-thread-1] INFO  impl.RaftServerImpl (RaftServerImpl.java:setRole(174)) - 58065e78-105d-47b8-969e-4862a5832b33@group-3CD655F1ADA3: changes role from      null to FOLLOWER at term 0 for startAsFollower
2019-09-25 06:16:38,063 [pool-597-thread-1] INFO  impl.RoleInfo (RoleInfo.java:updateAndGet(143)) - 58065e78-105d-47b8-969e-4862a5832b33: start FollowerState
2019-09-25 06:16:38,063 [pool-597-thread-1] INFO  util.JmxRegister (JmxRegister.java:tryRegister(44)) - Successfully registered JMX Bean with object name Ratis:service=RaftServer,group=group-3CD655F1ADA3,id=58065e78-105d-47b8-969e-4862a5832b33
2019-09-25 06:16:38,068 [RatisPipelineUtilsThread] INFO  pipeline.PipelineStateManager (PipelineStateManager.java:addPipeline(56)) - Created pipeline Pipeline[ Id: 6e285fb0-f4d6-42eb-aab2-3cd655f1ada3, Nodes: 58065e78-105d-47b8-969e-4862a5832b33{ip: 192.168.164.207, host: pr-hdds-1569-s44lr-3492059363, networkLocation: /default-rack, certSerialId: null}, Type:RATIS, Factor:ONE, State:OPEN]
2019-09-25 06:16:38,068 [RatisPipelineUtilsThread] INFO  pipeline.PipelinePlacementPolicy (PipelinePlacementPolicy.java:meetCriteria(91)) - Pipeline Placement: can't place more pipeline on heavy datanode： 58065e78-105d-47b8-969e-4862a5832b33 Heaviness: 6 limit: 5
2019-09-25 06:16:38,068 [RatisPipelineUtilsThread] INFO  pipeline.PipelinePlacementPolicy (PipelinePlacementPolicy.java:meetCriteria(91)) - Pipeline Placement: can't place more pipeline on heavy datanode： 7e09b52c-cd88-4918-9f32-f870e77b8b81 Heaviness: 6 limit: 5
2019-09-25 06:16:38,076 [grpc-default-executor-0] INFO  impl.RaftServerProxy (RaftServerProxy.java:addNew(89)) - 4eded300-c0fb-4b87-afc1-b9b61b2e7e1b: addNew group-F0F3A908AFEE:[4eded300-c0fb-4b87-afc1-b9b61b2e7e1b:192.168.164.207:43992] returns group-F0F3A908AFEE:java.util.concurrent.CompletableFuture@5be257da[Not completed]
2019-09-25 06:16:38,078 [pool-587-thread-1] INFO  impl.RaftServerImpl (RaftServerImpl.java:<init>(95)) - 4eded300-c0fb-4b87-afc1-b9b61b2e7e1b: new RaftServerImpl for group-F0F3A908AFEE:[4eded300-c0fb-4b87-afc1-b9b61b2e7e1b:192.168.164.207:43992] with ContainerStateMachine:uninitialized
2019-09-25 06:16:38,078 [pool-587-thread-1] INFO  server.RaftServerConfigKeys (ConfUtils.java:logGet(43)) - raft.server.rpc.timeout.min = 5s (custom)
2019-09-25 06:16:38,078 [pool-587-thread-1] INFO  server.RaftServerConfigKeys (ConfUtils.java:logGet(43)) - raft.server.rpc.timeout.max = 5200ms (custom)
2019-09-25 06:16:38,078 [pool-587-thread-1] INFO  server.RaftServerConfigKeys (ConfUtils.java:logGet(43)) - raft.server.rpcslowness.timeout = 120s (custom)
2019-09-25 06:16:38,078 [pool-587-thread-1] INFO  server.RaftServerConfigKeys (ConfUtils.java:logGet(43)) - raft.server.sleep.deviation.threshold = 300 (default)
2019-09-25 06:16:38,079 [pool-587-thread-1] INFO  server.RaftServerConfigKeys (ConfUtils.java:logGet(43)) - raft.server.log.appender.install.snapshot.enabled = false (custom)
2019-09-25 06:16:38,079 [pool-587-thread-1] INFO  impl.RaftServerImpl (ServerState.java:<init>(103)) - 4eded300-c0fb-4b87-afc1-b9b61b2e7e1b@group-F0F3A908AFEE: ConfigurationManager, init=-1: [4eded300-c0fb-4b87-afc1-b9b61b2e7e1b:192.168.164.207:43992], old=null, confs=<EMPTY_MAP>
2019-09-25 06:16:38,079 [pool-587-thread-1] INFO  server.RaftServerConfigKeys (ConfUtils.java:logGet(43)) - raft.server.storage.dir = [/workdir/hadoop-ozone/ozonefs/target/test-dir/MiniOzoneClusterImpl-9a706c7a-1c63-4529-bede-54329d36819c/datanode-1/data/ratis] (custom)
2019-09-25 06:16:38,079 [pool-587-thread-1] INFO  storage.RaftStorageDirectory (RaftStorageDirectory.java:analyzeStorage(246)) - The storage directory /workdir/hadoop-ozone/ozonefs/target/test-dir/MiniOzoneClusterImpl-9a706c7a-1c63-4529-bede-54329d36819c/datanode-1/data/ratis/295d5b73-d55a-4676-bda7-f0f3a908afee does not exist. Creating ...
2019-09-25 06:16:38,093 [pool-587-thread-1] INFO  storage.RaftStorageDirectory (RaftStorageDirectory.java:tryLock(328)) - Lock on /workdir/hadoop-ozone/ozonefs/target/test-dir/MiniOzoneClusterImpl-9a706c7a-1c63-4529-bede-54329d36819c/datanode-1/data/ratis/295d5b73-d55a-4676-bda7-f0f3a908afee/in_use.lock acquired by nodename 18406@pr-hdds-1569-s44lr-3492059363
2019-09-25 06:16:38,106 [pool-587-thread-1] INFO  storage.RaftStorage (RaftStorage.java:format(72)) - Storage directory /workdir/hadoop-ozone/ozonefs/target/test-dir/MiniOzoneClusterImpl-9a706c7a-1c63-4529-bede-54329d36819c/datanode-1/data/ratis/295d5b73-d55a-4676-bda7-f0f3a908afee has been successfully formatted.
2019-09-25 06:16:38,106 [pool-587-thread-1] INFO  ratis.ContainerStateMachine (ContainerStateMachine.java:loadSnapshot(230)) - group-F0F3A908AFEE: The snapshot info is null. Setting the last applied indexto:(t:0, i:~)
2019-09-25 06:16:38,106 [pool-587-thread-1] INFO  server.RaftServerConfigKeys (ConfUtils.java:logGet(43)) - raft.server.notification.no-leader.timeout = 120s (custom)
2019-09-25 06:16:38,106 [pool-587-thread-1] INFO  server.RaftServerConfigKeys (ConfUtils.java:logGet(43)) - raft.server.log.use.memory = false (default)
2019-09-25 06:16:38,106 [pool-587-thread-1] INFO  server.RaftServerConfigKeys (ConfUtils.java:logGet(43)) - raft.server.log.purge.gap = 1000000 (custom)
2019-09-25 06:16:38,106 [pool-587-thread-1] INFO  server.RaftServerConfigKeys (ConfUtils.java:logGet(43)) - raft.server.log.appender.buffer.byte-limit = 33554432 (custom)
2019-09-25 06:16:38,107 [pool-587-thread-1] INFO  server.RaftServerConfigKeys (ConfUtils.java:logGet(43)) - raft.server.log.segment.size.max = 1048576 (custom)
2019-09-25 06:16:38,107 [pool-587-thread-1] INFO  server.RaftServerConfigKeys (ConfUtils.java:logGet(43)) - raft.server.log.segment.cache.num.max = 2 (custom)
2019-09-25 06:16:38,107 [pool-587-thread-1] INFO  segmented.SegmentedRaftLogWorker (SegmentedRaftLogWorker.java:<init>(172)) - new 4eded300-c0fb-4b87-afc1-b9b61b2e7e1b@group-F0F3A908AFEE-SegmentedRaftLogWorker for RaftStorage:Storage Directory /workdir/hadoop-ozone/ozonefs/target/test-dir/MiniOzoneClusterImpl-9a706c7a-1c63-4529-bede-54329d36819c/datanode-1/data/ratis/295d5b73-d55a-4676-bda7-f0f3a908afee
2019-09-25 06:16:38,107 [pool-587-thread-1] INFO  server.RaftServerConfigKeys (ConfUtils.java:logGet(43)) - raft.server.log.queue.byte-limit = 2147483647 (custom)
2019-09-25 06:16:38,107 [pool-587-thread-1] INFO  server.RaftServerConfigKeys (ConfUtils.java:logGet(43)) - raft.server.log.queue.element-limit = 1024 (custom)
2019-09-25 06:16:38,107 [pool-587-thread-1] INFO  server.RaftServerConfigKeys (ConfUtils.java:logGet(43)) - raft.server.log.segment.size.max = 1048576 (custom)
2019-09-25 06:16:38,108 [pool-587-thread-1] INFO  server.RaftServerConfigKeys (ConfUtils.java:logGet(43)) - raft.server.log.preallocated.size = 16384 (custom)
2019-09-25 06:16:38,108 [pool-587-thread-1] INFO  server.RaftServerConfigKeys (ConfUtils.java:logGet(43)) - raft.server.log.write.buffer.size = 33554432 (custom)
2019-09-25 06:16:38,108 [pool-587-thread-1] INFO  server.RaftServerConfigKeys (ConfUtils.java:logGet(43)) - raft.server.log.force.sync.num = 128 (default)
2019-09-25 06:16:38,108 [pool-587-thread-1] INFO  server.RaftServerConfigKeys (ConfUtils.java:logGet(43)) - raft.server.log.statemachine.data.sync = true (default)
2019-09-25 06:16:38,108 [pool-587-thread-1] INFO  server.RaftServerConfigKeys (ConfUtils.java:logGet(43)) - raft.server.log.statemachine.data.sync.timeout = 10s (default)
2019-09-25 06:16:38,108 [pool-587-thread-1] INFO  server.RaftServerConfigKeys (ConfUtils.java:logGet(43)) - raft.server.log.statemachine.data.sync.timeout.retry = -1 (default)
2019-09-25 06:16:38,108 [pool-587-thread-1] INFO  server.RaftServerConfigKeys (ConfUtils.java:logGet(43)) - raft.server.log.statemachine.data.caching.enabled = true (custom)
2019-09-25 06:16:38,109 [pool-587-thread-1] INFO  segmented.SegmentedRaftLogWorker (SegmentedRaftLogWorker.java:lambda$new$0(132)) - 4eded300-c0fb-4b87-afc1-b9b61b2e7e1b@group-F0F3A908AFEE-SegmentedRaftLogWorker: flushIndex: setUnconditionally 0 -> -1
2019-09-25 06:16:38,109 [pool-587-thread-1] INFO  server.RaftServerConfigKeys (ConfUtils.java:logGet(43)) - raft.server.snapshot.auto.trigger.enabled = true (custom)
2019-09-25 06:16:38,109 [pool-587-thread-1] INFO  server.RaftServerConfigKeys (ConfUtils.java:logGet(43)) - raft.server.snapshot.auto.trigger.threshold = 10000 (custom)
2019-09-25 06:16:38,109 [pool-587-thread-1] INFO  server.RaftServerConfigKeys (ConfUtils.java:logGet(43)) - raft.server.snapshot.retention.num.files = 5 (custom)
2019-09-25 06:16:38,110 [pool-587-thread-1] INFO  server.RaftServerConfigKeys (ConfUtils.java:logGet(43)) - raft.server.retrycache.expirytime = 600000ms (custom)
2019-09-25 06:16:38,111 [pool-587-thread-1] INFO  impl.RaftServerImpl (RaftServerImpl.java:start(185)) - 4eded300-c0fb-4b87-afc1-b9b61b2e7e1b@group-F0F3A908AFEE: start as a follower, conf=-1: [4eded300-c0fb-4b87-afc1-b9b61b2e7e1b:192.168.164.207:43992], old=null
2019-09-25 06:16:38,111 [pool-587-thread-1] INFO  impl.RaftServerImpl (RaftServerImpl.java:setRole(174)) - 4eded300-c0fb-4b87-afc1-b9b61b2e7e1b@group-F0F3A908AFEE: changes role from      null to FOLLOWER at term 0 for startAsFollower
2019-09-25 06:16:38,112 [pool-587-thread-1] INFO  impl.RoleInfo (RoleInfo.java:updateAndGet(143)) - 4eded300-c0fb-4b87-afc1-b9b61b2e7e1b: start FollowerState
2019-09-25 06:16:38,112 [pool-587-thread-1] INFO  util.JmxRegister (JmxRegister.java:tryRegister(44)) - Successfully registered JMX Bean with object name Ratis:service=RaftServer,group=group-F0F3A908AFEE,id=4eded300-c0fb-4b87-afc1-b9b61b2e7e1b
2019-09-25 06:16:38,117 [RatisPipelineUtilsThread] INFO  pipeline.PipelineStateManager (PipelineStateManager.java:addPipeline(56)) - Created pipeline Pipeline[ Id: 295d5b73-d55a-4676-bda7-f0f3a908afee, Nodes: 4eded300-c0fb-4b87-afc1-b9b61b2e7e1b{ip: 192.168.164.207, host: pr-hdds-1569-s44lr-3492059363, networkLocation: /default-rack, certSerialId: null}, Type:RATIS, Factor:ONE, State:OPEN]
2019-09-25 06:16:38,117 [RatisPipelineUtilsThread] INFO  pipeline.PipelinePlacementPolicy (PipelinePlacementPolicy.java:meetCriteria(91)) - Pipeline Placement: can't place more pipeline on heavy datanode： 58065e78-105d-47b8-969e-4862a5832b33 Heaviness: 6 limit: 5
2019-09-25 06:16:38,118 [RatisPipelineUtilsThread] INFO  pipeline.PipelinePlacementPolicy (PipelinePlacementPolicy.java:meetCriteria(91)) - Pipeline Placement: can't place more pipeline on heavy datanode： 7e09b52c-cd88-4918-9f32-f870e77b8b81 Heaviness: 6 limit: 5
2019-09-25 06:16:38,131 [grpc-default-executor-0] INFO  impl.RaftServerProxy (RaftServerProxy.java:addNew(89)) - 4eded300-c0fb-4b87-afc1-b9b61b2e7e1b: addNew group-4D327C1646CE:[4eded300-c0fb-4b87-afc1-b9b61b2e7e1b:192.168.164.207:43992] returns group-4D327C1646CE:java.util.concurrent.CompletableFuture@4e25fa9e[Not completed]
2019-09-25 06:16:38,132 [pool-587-thread-1] INFO  impl.RaftServerImpl (RaftServerImpl.java:<init>(95)) - 4eded300-c0fb-4b87-afc1-b9b61b2e7e1b: new RaftServerImpl for group-4D327C1646CE:[4eded300-c0fb-4b87-afc1-b9b61b2e7e1b:192.168.164.207:43992] with ContainerStateMachine:uninitialized
2019-09-25 06:16:38,132 [pool-587-thread-1] INFO  server.RaftServerConfigKeys (ConfUtils.java:logGet(43)) - raft.server.rpc.timeout.min = 5s (custom)
2019-09-25 06:16:38,132 [pool-587-thread-1] INFO  server.RaftServerConfigKeys (ConfUtils.java:logGet(43)) - raft.server.rpc.timeout.max = 5200ms (custom)
2019-09-25 06:16:38,132 [pool-587-thread-1] INFO  server.RaftServerConfigKeys (ConfUtils.java:logGet(43)) - raft.server.rpcslowness.timeout = 120s (custom)
2019-09-25 06:16:38,132 [pool-587-thread-1] INFO  server.RaftServerConfigKeys (ConfUtils.java:logGet(43)) - raft.server.sleep.deviation.threshold = 300 (default)
2019-09-25 06:16:38,132 [pool-587-thread-1] INFO  server.RaftServerConfigKeys (ConfUtils.java:logGet(43)) - raft.server.log.appender.install.snapshot.enabled = false (custom)
2019-09-25 06:16:38,132 [pool-587-thread-1] INFO  impl.RaftServerImpl (ServerState.java:<init>(103)) - 4eded300-c0fb-4b87-afc1-b9b61b2e7e1b@group-4D327C1646CE: ConfigurationManager, init=-1: [4eded300-c0fb-4b87-afc1-b9b61b2e7e1b:192.168.164.207:43992], old=null, confs=<EMPTY_MAP>
2019-09-25 06:16:38,132 [pool-587-thread-1] INFO  server.RaftServerConfigKeys (ConfUtils.java:logGet(43)) - raft.server.storage.dir = [/workdir/hadoop-ozone/ozonefs/target/test-dir/MiniOzoneClusterImpl-9a706c7a-1c63-4529-bede-54329d36819c/datanode-1/data/ratis] (custom)
2019-09-25 06:16:38,133 [pool-587-thread-1] INFO  storage.RaftStorageDirectory (RaftStorageDirectory.java:analyzeStorage(246)) - The storage directory /workdir/hadoop-ozone/ozonefs/target/test-dir/MiniOzoneClusterImpl-9a706c7a-1c63-4529-bede-54329d36819c/datanode-1/data/ratis/38b6ece8-f190-4c2b-814a-4d327c1646ce does not exist. Creating ...
2019-09-25 06:16:38,137 [pool-587-thread-1] INFO  storage.RaftStorageDirectory (RaftStorageDirectory.java:tryLock(328)) - Lock on /workdir/hadoop-ozone/ozonefs/target/test-dir/MiniOzoneClusterImpl-9a706c7a-1c63-4529-bede-54329d36819c/datanode-1/data/ratis/38b6ece8-f190-4c2b-814a-4d327c1646ce/in_use.lock acquired by nodename 18406@pr-hdds-1569-s44lr-3492059363
2019-09-25 06:16:38,150 [pool-587-thread-1] INFO  storage.RaftStorage (RaftStorage.java:format(72)) - Storage directory /workdir/hadoop-ozone/ozonefs/target/test-dir/MiniOzoneClusterImpl-9a706c7a-1c63-4529-bede-54329d36819c/datanode-1/data/ratis/38b6ece8-f190-4c2b-814a-4d327c1646ce has been successfully formatted.
2019-09-25 06:16:38,150 [pool-587-thread-1] INFO  ratis.ContainerStateMachine (ContainerStateMachine.java:loadSnapshot(230)) - group-4D327C1646CE: The snapshot info is null. Setting the last applied indexto:(t:0, i:~)
2019-09-25 06:16:38,150 [pool-587-thread-1] INFO  server.RaftServerConfigKeys (ConfUtils.java:logGet(43)) - raft.server.notification.no-leader.timeout = 120s (custom)
2019-09-25 06:16:38,150 [pool-587-thread-1] INFO  server.RaftServerConfigKeys (ConfUtils.java:logGet(43)) - raft.server.log.use.memory = false (default)
2019-09-25 06:16:38,150 [pool-587-thread-1] INFO  server.RaftServerConfigKeys (ConfUtils.java:logGet(43)) - raft.server.log.purge.gap = 1000000 (custom)
2019-09-25 06:16:38,150 [pool-587-thread-1] INFO  server.RaftServerConfigKeys (ConfUtils.java:logGet(43)) - raft.server.log.appender.buffer.byte-limit = 33554432 (custom)
2019-09-25 06:16:38,151 [pool-587-thread-1] INFO  server.RaftServerConfigKeys (ConfUtils.java:logGet(43)) - raft.server.log.segment.size.max = 1048576 (custom)
2019-09-25 06:16:38,151 [pool-587-thread-1] INFO  server.RaftServerConfigKeys (ConfUtils.java:logGet(43)) - raft.server.log.segment.cache.num.max = 2 (custom)
2019-09-25 06:16:38,151 [pool-587-thread-1] INFO  segmented.SegmentedRaftLogWorker (SegmentedRaftLogWorker.java:<init>(172)) - new 4eded300-c0fb-4b87-afc1-b9b61b2e7e1b@group-4D327C1646CE-SegmentedRaftLogWorker for RaftStorage:Storage Directory /workdir/hadoop-ozone/ozonefs/target/test-dir/MiniOzoneClusterImpl-9a706c7a-1c63-4529-bede-54329d36819c/datanode-1/data/ratis/38b6ece8-f190-4c2b-814a-4d327c1646ce
2019-09-25 06:16:38,151 [pool-587-thread-1] INFO  server.RaftServerConfigKeys (ConfUtils.java:logGet(43)) - raft.server.log.queue.byte-limit = 2147483647 (custom)
2019-09-25 06:16:38,151 [pool-587-thread-1] INFO  server.RaftServerConfigKeys (ConfUtils.java:logGet(43)) - raft.server.log.queue.element-limit = 1024 (custom)
2019-09-25 06:16:38,151 [pool-587-thread-1] INFO  server.RaftServerConfigKeys (ConfUtils.java:logGet(43)) - raft.server.log.segment.size.max = 1048576 (custom)
2019-09-25 06:16:38,151 [pool-587-thread-1] INFO  server.RaftServerConfigKeys (ConfUtils.java:logGet(43)) - raft.server.log.preallocated.size = 16384 (custom)
2019-09-25 06:16:38,151 [pool-587-thread-1] INFO  server.RaftServerConfigKeys (ConfUtils.java:logGet(43)) - raft.server.log.write.buffer.size = 33554432 (custom)
2019-09-25 06:16:38,151 [pool-587-thread-1] INFO  server.RaftServerConfigKeys (ConfUtils.java:logGet(43)) - raft.server.log.force.sync.num = 128 (default)
2019-09-25 06:16:38,152 [pool-587-thread-1] INFO  server.RaftServerConfigKeys (ConfUtils.java:logGet(43)) - raft.server.log.statemachine.data.sync = true (default)
2019-09-25 06:16:38,152 [pool-587-thread-1] INFO  server.RaftServerConfigKeys (ConfUtils.java:logGet(43)) - raft.server.log.statemachine.data.sync.timeout = 10s (default)
2019-09-25 06:16:38,152 [pool-587-thread-1] INFO  server.RaftServerConfigKeys (ConfUtils.java:logGet(43)) - raft.server.log.statemachine.data.sync.timeout.retry = -1 (default)
2019-09-25 06:16:38,152 [pool-587-thread-1] INFO  server.RaftServerConfigKeys (ConfUtils.java:logGet(43)) - raft.server.log.statemachine.data.caching.enabled = true (custom)
2019-09-25 06:16:38,152 [pool-587-thread-1] INFO  segmented.SegmentedRaftLogWorker (SegmentedRaftLogWorker.java:lambda$new$0(132)) - 4eded300-c0fb-4b87-afc1-b9b61b2e7e1b@group-4D327C1646CE-SegmentedRaftLogWorker: flushIndex: setUnconditionally 0 -> -1
2019-09-25 06:16:38,152 [pool-587-thread-1] INFO  server.RaftServerConfigKeys (ConfUtils.java:logGet(43)) - raft.server.snapshot.auto.trigger.enabled = true (custom)
2019-09-25 06:16:38,153 [pool-587-thread-1] INFO  server.RaftServerConfigKeys (ConfUtils.java:logGet(43)) - raft.server.snapshot.auto.trigger.threshold = 10000 (custom)
2019-09-25 06:16:38,153 [pool-587-thread-1] INFO  server.RaftServerConfigKeys (ConfUtils.java:logGet(43)) - raft.server.snapshot.retention.num.files = 5 (custom)
2019-09-25 06:16:38,153 [pool-587-thread-1] INFO  server.RaftServerConfigKeys (ConfUtils.java:logGet(43)) - raft.server.retrycache.expirytime = 600000ms (custom)
2019-09-25 06:16:38,154 [pool-587-thread-1] INFO  impl.RaftServerImpl (RaftServerImpl.java:start(185)) - 4eded300-c0fb-4b87-afc1-b9b61b2e7e1b@group-4D327C1646CE: start as a follower, conf=-1: [4eded300-c0fb-4b87-afc1-b9b61b2e7e1b:192.168.164.207:43992], old=null
2019-09-25 06:16:38,154 [pool-587-thread-1] INFO  impl.RaftServerImpl (RaftServerImpl.java:setRole(174)) - 4eded300-c0fb-4b87-afc1-b9b61b2e7e1b@group-4D327C1646CE: changes role from      null to FOLLOWER at term 0 for startAsFollower
2019-09-25 06:16:38,154 [pool-587-thread-1] INFO  impl.RoleInfo (RoleInfo.java:updateAndGet(143)) - 4eded300-c0fb-4b87-afc1-b9b61b2e7e1b: start FollowerState
2019-09-25 06:16:38,155 [pool-587-thread-1] INFO  util.JmxRegister (JmxRegister.java:tryRegister(44)) - Successfully registered JMX Bean with object name Ratis:service=RaftServer,group=group-4D327C1646CE,id=4eded300-c0fb-4b87-afc1-b9b61b2e7e1b
2019-09-25 06:16:38,161 [RatisPipelineUtilsThread] INFO  pipeline.PipelineStateManager (PipelineStateManager.java:addPipeline(56)) - Created pipeline Pipeline[ Id: 38b6ece8-f190-4c2b-814a-4d327c1646ce, Nodes: 4eded300-c0fb-4b87-afc1-b9b61b2e7e1b{ip: 192.168.164.207, host: pr-hdds-1569-s44lr-3492059363, networkLocation: /default-rack, certSerialId: null}, Type:RATIS, Factor:ONE, State:OPEN]
2019-09-25 06:16:38,161 [RatisPipelineUtilsThread] INFO  pipeline.PipelinePlacementPolicy (PipelinePlacementPolicy.java:meetCriteria(91)) - Pipeline Placement: can't place more pipeline on heavy datanode： 4eded300-c0fb-4b87-afc1-b9b61b2e7e1b Heaviness: 6 limit: 5
2019-09-25 06:16:38,162 [RatisPipelineUtilsThread] INFO  pipeline.PipelinePlacementPolicy (PipelinePlacementPolicy.java:meetCriteria(91)) - Pipeline Placement: can't place more pipeline on heavy datanode： 58065e78-105d-47b8-969e-4862a5832b33 Heaviness: 6 limit: 5
2019-09-25 06:16:38,162 [RatisPipelineUtilsThread] INFO  pipeline.PipelinePlacementPolicy (PipelinePlacementPolicy.java:meetCriteria(91)) - Pipeline Placement: can't place more pipeline on heavy datanode： 7e09b52c-cd88-4918-9f32-f870e77b8b81 Heaviness: 6 limit: 5
2019-09-25 06:16:38,162 [RatisPipelineUtilsThread] ERROR pipeline.PipelinePlacementPolicy (PipelinePlacementPolicy.java:filterViableNodes(148)) - Unable to find enough nodes that meet the criteria that cannot engage in more than 5 pipelines. Nodes required: 1 Found: 0, healthy nodes count inNodeManager: 3.
2019-09-25 06:16:38,162 [RatisPipelineUtilsThread] ERROR pipeline.SCMPipelineManager (SCMPipelineManager.java:createPipeline(167)) - Pipeline creation failed.
org.apache.hadoop.hdds.scm.exceptions.SCMException: Unable to find enough nodes that meet the criteria that cannot engage in more than 5 pipelines. Nodes required: 1 Found: 0, healthy nodes count inNodeManager: 3.
	at org.apache.hadoop.hdds.scm.pipeline.PipelinePlacementPolicy.filterViableNodes(PipelinePlacementPolicy.java:149)
	at org.apache.hadoop.hdds.scm.pipeline.PipelinePlacementPolicy.chooseDatanodes(PipelinePlacementPolicy.java:172)
	at org.apache.hadoop.hdds.scm.pipeline.RatisPipelineProvider.create(RatisPipelineProvider.java:93)
	at org.apache.hadoop.hdds.scm.pipeline.PipelineFactory.create(PipelineFactory.java:58)
	at org.apache.hadoop.hdds.scm.pipeline.SCMPipelineManager.createPipeline(SCMPipelineManager.java:155)
	at org.apache.hadoop.hdds.scm.pipeline.BackgroundPipelineCreator.createPipelines(BackgroundPipelineCreator.java:99)
	at java.util.concurrent.Executors$RunnableAdapter.call(Executors.java:511)
	at java.util.concurrent.FutureTask.run(FutureTask.java:266)
	at java.util.concurrent.ScheduledThreadPoolExecutor$ScheduledFutureTask.access$201(ScheduledThreadPoolExecutor.java:180)
	at java.util.concurrent.ScheduledThreadPoolExecutor$ScheduledFutureTask.run(ScheduledThreadPoolExecutor.java:293)
	at java.util.concurrent.ThreadPoolExecutor.runWorker(ThreadPoolExecutor.java:1149)
	at java.util.concurrent.ThreadPoolExecutor$Worker.run(ThreadPoolExecutor.java:624)
	at java.lang.Thread.run(Thread.java:748)
2019-09-25 06:16:38,162 [RatisPipelineUtilsThread] INFO  pipeline.PipelinePlacementPolicy (PipelinePlacementPolicy.java:meetCriteria(91)) - Pipeline Placement: can't place more pipeline on heavy datanode： 4eded300-c0fb-4b87-afc1-b9b61b2e7e1b Heaviness: 6 limit: 5
2019-09-25 06:16:38,162 [RatisPipelineUtilsThread] INFO  pipeline.PipelinePlacementPolicy (PipelinePlacementPolicy.java:meetCriteria(91)) - Pipeline Placement: can't place more pipeline on heavy datanode： 58065e78-105d-47b8-969e-4862a5832b33 Heaviness: 6 limit: 5
2019-09-25 06:16:38,162 [RatisPipelineUtilsThread] INFO  pipeline.PipelinePlacementPolicy (PipelinePlacementPolicy.java:meetCriteria(91)) - Pipeline Placement: can't place more pipeline on heavy datanode： 7e09b52c-cd88-4918-9f32-f870e77b8b81 Heaviness: 6 limit: 5
2019-09-25 06:16:38,163 [RatisPipelineUtilsThread] ERROR pipeline.PipelinePlacementPolicy (PipelinePlacementPolicy.java:filterViableNodes(148)) - Unable to find enough nodes that meet the criteria that cannot engage in more than 5 pipelines. Nodes required: 3 Found: 0, healthy nodes count inNodeManager: 3.
2019-09-25 06:16:38,163 [RatisPipelineUtilsThread] ERROR pipeline.SCMPipelineManager (SCMPipelineManager.java:createPipeline(167)) - Pipeline creation failed.
org.apache.hadoop.hdds.scm.exceptions.SCMException: Unable to find enough nodes that meet the criteria that cannot engage in more than 5 pipelines. Nodes required: 3 Found: 0, healthy nodes count inNodeManager: 3.
	at org.apache.hadoop.hdds.scm.pipeline.PipelinePlacementPolicy.filterViableNodes(PipelinePlacementPolicy.java:149)
	at org.apache.hadoop.hdds.scm.pipeline.PipelinePlacementPolicy.chooseDatanodes(PipelinePlacementPolicy.java:172)
	at org.apache.hadoop.hdds.scm.pipeline.RatisPipelineProvider.create(RatisPipelineProvider.java:93)
	at org.apache.hadoop.hdds.scm.pipeline.PipelineFactory.create(PipelineFactory.java:58)
	at org.apache.hadoop.hdds.scm.pipeline.SCMPipelineManager.createPipeline(SCMPipelineManager.java:155)
	at org.apache.hadoop.hdds.scm.pipeline.BackgroundPipelineCreator.createPipelines(BackgroundPipelineCreator.java:99)
	at java.util.concurrent.Executors$RunnableAdapter.call(Executors.java:511)
	at java.util.concurrent.FutureTask.run(FutureTask.java:266)
	at java.util.concurrent.ScheduledThreadPoolExecutor$ScheduledFutureTask.access$201(ScheduledThreadPoolExecutor.java:180)
	at java.util.concurrent.ScheduledThreadPoolExecutor$ScheduledFutureTask.run(ScheduledThreadPoolExecutor.java:293)
	at java.util.concurrent.ThreadPoolExecutor.runWorker(ThreadPoolExecutor.java:1149)
	at java.util.concurrent.ThreadPoolExecutor$Worker.run(ThreadPoolExecutor.java:624)
	at java.lang.Thread.run(Thread.java:748)
2019-09-25 06:16:38,163 [RatisPipelineUtilsThread] INFO  pipeline.PipelinePlacementPolicy (PipelinePlacementPolicy.java:meetCriteria(91)) - Pipeline Placement: can't place more pipeline on heavy datanode： 4eded300-c0fb-4b87-afc1-b9b61b2e7e1b Heaviness: 6 limit: 5
2019-09-25 06:16:38,163 [RatisPipelineUtilsThread] INFO  pipeline.PipelinePlacementPolicy (PipelinePlacementPolicy.java:meetCriteria(91)) - Pipeline Placement: can't place more pipeline on heavy datanode： 58065e78-105d-47b8-969e-4862a5832b33 Heaviness: 6 limit: 5
2019-09-25 06:16:38,163 [RatisPipelineUtilsThread] INFO  pipeline.PipelinePlacementPolicy (PipelinePlacementPolicy.java:meetCriteria(91)) - Pipeline Placement: can't place more pipeline on heavy datanode： 7e09b52c-cd88-4918-9f32-f870e77b8b81 Heaviness: 6 limit: 5
2019-09-25 06:16:38,163 [RatisPipelineUtilsThread] ERROR pipeline.PipelinePlacementPolicy (PipelinePlacementPolicy.java:filterViableNodes(148)) - Unable to find enough nodes that meet the criteria that cannot engage in more than 5 pipelines. Nodes required: 1 Found: 0, healthy nodes count inNodeManager: 3.
2019-09-25 06:16:38,163 [RatisPipelineUtilsThread] ERROR pipeline.SCMPipelineManager (SCMPipelineManager.java:createPipeline(167)) - Pipeline creation failed.
org.apache.hadoop.hdds.scm.exceptions.SCMException: Unable to find enough nodes that meet the criteria that cannot engage in more than 5 pipelines. Nodes required: 1 Found: 0, healthy nodes count inNodeManager: 3.
	at org.apache.hadoop.hdds.scm.pipeline.PipelinePlacementPolicy.filterViableNodes(PipelinePlacementPolicy.java:149)
	at org.apache.hadoop.hdds.scm.pipeline.PipelinePlacementPolicy.chooseDatanodes(PipelinePlacementPolicy.java:172)
	at org.apache.hadoop.hdds.scm.pipeline.RatisPipelineProvider.create(RatisPipelineProvider.java:93)
	at org.apache.hadoop.hdds.scm.pipeline.PipelineFactory.create(PipelineFactory.java:58)
	at org.apache.hadoop.hdds.scm.pipeline.SCMPipelineManager.createPipeline(SCMPipelineManager.java:155)
	at org.apache.hadoop.hdds.scm.pipeline.BackgroundPipelineCreator.createPipelines(BackgroundPipelineCreator.java:99)
	at org.apache.hadoop.hdds.scm.pipeline.BackgroundPipelineCreator.lambda$startFixedIntervalPipelineCreator$0(BackgroundPipelineCreator.java:70)
	at java.util.concurrent.Executors$RunnableAdapter.call(Executors.java:511)
	at java.util.concurrent.FutureTask.runAndReset(FutureTask.java:308)
	at java.util.concurrent.ScheduledThreadPoolExecutor$ScheduledFutureTask.access$301(ScheduledThreadPoolExecutor.java:180)
	at java.util.concurrent.ScheduledThreadPoolExecutor$ScheduledFutureTask.run(ScheduledThreadPoolExecutor.java:294)
	at java.util.concurrent.ThreadPoolExecutor.runWorker(ThreadPoolExecutor.java:1149)
	at java.util.concurrent.ThreadPoolExecutor$Worker.run(ThreadPoolExecutor.java:624)
	at java.lang.Thread.run(Thread.java:748)
2019-09-25 06:16:38,164 [RatisPipelineUtilsThread] INFO  pipeline.PipelinePlacementPolicy (PipelinePlacementPolicy.java:meetCriteria(91)) - Pipeline Placement: can't place more pipeline on heavy datanode： 4eded300-c0fb-4b87-afc1-b9b61b2e7e1b Heaviness: 6 limit: 5
2019-09-25 06:16:38,164 [RatisPipelineUtilsThread] INFO  pipeline.PipelinePlacementPolicy (PipelinePlacementPolicy.java:meetCriteria(91)) - Pipeline Placement: can't place more pipeline on heavy datanode： 58065e78-105d-47b8-969e-4862a5832b33 Heaviness: 6 limit: 5
2019-09-25 06:16:38,164 [RatisPipelineUtilsThread] INFO  pipeline.PipelinePlacementPolicy (PipelinePlacementPolicy.java:meetCriteria(91)) - Pipeline Placement: can't place more pipeline on heavy datanode： 7e09b52c-cd88-4918-9f32-f870e77b8b81 Heaviness: 6 limit: 5
2019-09-25 06:16:38,164 [RatisPipelineUtilsThread] ERROR pipeline.PipelinePlacementPolicy (PipelinePlacementPolicy.java:filterViableNodes(148)) - Unable to find enough nodes that meet the criteria that cannot engage in more than 5 pipelines. Nodes required: 3 Found: 0, healthy nodes count inNodeManager: 3.
2019-09-25 06:16:38,164 [RatisPipelineUtilsThread] ERROR pipeline.SCMPipelineManager (SCMPipelineManager.java:createPipeline(167)) - Pipeline creation failed.
org.apache.hadoop.hdds.scm.exceptions.SCMException: Unable to find enough nodes that meet the criteria that cannot engage in more than 5 pipelines. Nodes required: 3 Found: 0, healthy nodes count inNodeManager: 3.
	at org.apache.hadoop.hdds.scm.pipeline.PipelinePlacementPolicy.filterViableNodes(PipelinePlacementPolicy.java:149)
	at org.apache.hadoop.hdds.scm.pipeline.PipelinePlacementPolicy.chooseDatanodes(PipelinePlacementPolicy.java:172)
	at org.apache.hadoop.hdds.scm.pipeline.RatisPipelineProvider.create(RatisPipelineProvider.java:93)
	at org.apache.hadoop.hdds.scm.pipeline.PipelineFactory.create(PipelineFactory.java:58)
	at org.apache.hadoop.hdds.scm.pipeline.SCMPipelineManager.createPipeline(SCMPipelineManager.java:155)
	at org.apache.hadoop.hdds.scm.pipeline.BackgroundPipelineCreator.createPipelines(BackgroundPipelineCreator.java:99)
	at org.apache.hadoop.hdds.scm.pipeline.BackgroundPipelineCreator.lambda$startFixedIntervalPipelineCreator$0(BackgroundPipelineCreator.java:70)
	at java.util.concurrent.Executors$RunnableAdapter.call(Executors.java:511)
	at java.util.concurrent.FutureTask.runAndReset(FutureTask.java:308)
	at java.util.concurrent.ScheduledThreadPoolExecutor$ScheduledFutureTask.access$301(ScheduledThreadPoolExecutor.java:180)
	at java.util.concurrent.ScheduledThreadPoolExecutor$ScheduledFutureTask.run(ScheduledThreadPoolExecutor.java:294)
	at java.util.concurrent.ThreadPoolExecutor.runWorker(ThreadPoolExecutor.java:1149)
	at java.util.concurrent.ThreadPoolExecutor$Worker.run(ThreadPoolExecutor.java:624)
	at java.lang.Thread.run(Thread.java:748)
2019-09-25 06:16:38,471 [main] INFO  ozone.MiniOzoneClusterImpl (MiniOzoneClusterImpl.java:lambda$waitForClusterToBeReady$0(147)) - Cluster is ready. Got 3 of 3 DN Heartbeats.
2019-09-25 06:16:38,514 [main] INFO  rpc.RpcClient (RpcClient.java:createVolume(276)) - Creating Volume: ihnsajlcyl, with user40181 as owner.
2019-09-25 06:16:38,518 [IPC Server handler 0 on 38676] INFO  volume.OMVolumeCreateRequest (OMVolumeCreateRequest.java:validateAndUpdateCache(189)) - created volume:ihnsajlcyl for user:user40181
2019-09-25 06:16:38,634 [main] INFO  rpc.RpcClient (RpcClient.java:createBucket(415)) - Creating Bucket: ihnsajlcyl/tavlnezrzx, with Versioning false and Storage Type set to DISK and Encryption set to false 
2019-09-25 06:16:38,684 [IPC Server handler 11 on 43160] INFO  pipeline.PipelinePlacementPolicy (PipelinePlacementPolicy.java:meetCriteria(91)) - Pipeline Placement: can't place more pipeline on heavy datanode： 4eded300-c0fb-4b87-afc1-b9b61b2e7e1b Heaviness: 6 limit: 5
2019-09-25 06:16:38,684 [IPC Server handler 11 on 43160] INFO  pipeline.PipelinePlacementPolicy (PipelinePlacementPolicy.java:meetCriteria(91)) - Pipeline Placement: can't place more pipeline on heavy datanode： 58065e78-105d-47b8-969e-4862a5832b33 Heaviness: 6 limit: 5
2019-09-25 06:16:38,684 [IPC Server handler 11 on 43160] INFO  pipeline.PipelinePlacementPolicy (PipelinePlacementPolicy.java:meetCriteria(91)) - Pipeline Placement: can't place more pipeline on heavy datanode： 7e09b52c-cd88-4918-9f32-f870e77b8b81 Heaviness: 6 limit: 5
2019-09-25 06:16:38,685 [IPC Server handler 11 on 43160] ERROR pipeline.PipelinePlacementPolicy (PipelinePlacementPolicy.java:filterViableNodes(148)) - Unable to find enough nodes that meet the criteria that cannot engage in more than 5 pipelines. Nodes required: 3 Found: 0, healthy nodes count inNodeManager: 3.
2019-09-25 06:16:38,685 [IPC Server handler 11 on 43160] ERROR pipeline.SCMPipelineManager (SCMPipelineManager.java:createPipeline(167)) - Pipeline creation failed.
org.apache.hadoop.hdds.scm.exceptions.SCMException: Unable to find enough nodes that meet the criteria that cannot engage in more than 5 pipelines. Nodes required: 3 Found: 0, healthy nodes count inNodeManager: 3.
	at org.apache.hadoop.hdds.scm.pipeline.PipelinePlacementPolicy.filterViableNodes(PipelinePlacementPolicy.java:149)
	at org.apache.hadoop.hdds.scm.pipeline.PipelinePlacementPolicy.chooseDatanodes(PipelinePlacementPolicy.java:172)
	at org.apache.hadoop.hdds.scm.pipeline.RatisPipelineProvider.create(RatisPipelineProvider.java:93)
	at org.apache.hadoop.hdds.scm.pipeline.PipelineFactory.create(PipelineFactory.java:58)
	at org.apache.hadoop.hdds.scm.pipeline.SCMPipelineManager.createPipeline(SCMPipelineManager.java:155)
	at org.apache.hadoop.hdds.scm.block.BlockManagerImpl.allocateBlock(BlockManagerImpl.java:190)
	at org.apache.hadoop.hdds.scm.server.SCMBlockProtocolServer.allocateBlock(SCMBlockProtocolServer.java:182)
	at org.apache.hadoop.ozone.protocolPB.ScmBlockLocationProtocolServerSideTranslatorPB.allocateScmBlock(ScmBlockLocationProtocolServerSideTranslatorPB.java:183)
	at org.apache.hadoop.ozone.protocolPB.ScmBlockLocationProtocolServerSideTranslatorPB.processMessage(ScmBlockLocationProtocolServerSideTranslatorPB.java:141)
	at org.apache.hadoop.ozone.protocolPB.ScmBlockLocationProtocolServerSideTranslatorPB.send(ScmBlockLocationProtocolServerSideTranslatorPB.java:116)
	at org.apache.hadoop.hdds.protocol.proto.ScmBlockLocationProtocolProtos$ScmBlockLocationProtocolService$2.callBlockingMethod(ScmBlockLocationProtocolProtos.java:13157)
	at org.apache.hadoop.ipc.ProtobufRpcEngine$Server$ProtoBufRpcInvoker.call(ProtobufRpcEngine.java:524)
	at org.apache.hadoop.ipc.RPC$Server.call(RPC.java:1025)
	at org.apache.hadoop.ipc.Server$RpcCall.run(Server.java:876)
	at org.apache.hadoop.ipc.Server$RpcCall.run(Server.java:822)
	at java.security.AccessController.doPrivileged(Native Method)
	at javax.security.auth.Subject.doAs(Subject.java:422)
	at org.apache.hadoop.security.UserGroupInformation.doAs(UserGroupInformation.java:1730)
	at org.apache.hadoop.ipc.Server$Handler.run(Server.java:2682)
2019-09-25 06:16:38,685 [IPC Server handler 11 on 43160] WARN  block.BlockManagerImpl (BlockManagerImpl.java:allocateBlock(192)) - Pipeline creation failed for type:RATIS factor:THREE. Retrying get pipelines call once.
org.apache.hadoop.hdds.scm.exceptions.SCMException: Unable to find enough nodes that meet the criteria that cannot engage in more than 5 pipelines. Nodes required: 3 Found: 0, healthy nodes count inNodeManager: 3.
	at org.apache.hadoop.hdds.scm.pipeline.PipelinePlacementPolicy.filterViableNodes(PipelinePlacementPolicy.java:149)
	at org.apache.hadoop.hdds.scm.pipeline.PipelinePlacementPolicy.chooseDatanodes(PipelinePlacementPolicy.java:172)
	at org.apache.hadoop.hdds.scm.pipeline.RatisPipelineProvider.create(RatisPipelineProvider.java:93)
	at org.apache.hadoop.hdds.scm.pipeline.PipelineFactory.create(PipelineFactory.java:58)
	at org.apache.hadoop.hdds.scm.pipeline.SCMPipelineManager.createPipeline(SCMPipelineManager.java:155)
	at org.apache.hadoop.hdds.scm.block.BlockManagerImpl.allocateBlock(BlockManagerImpl.java:190)
	at org.apache.hadoop.hdds.scm.server.SCMBlockProtocolServer.allocateBlock(SCMBlockProtocolServer.java:182)
	at org.apache.hadoop.ozone.protocolPB.ScmBlockLocationProtocolServerSideTranslatorPB.allocateScmBlock(ScmBlockLocationProtocolServerSideTranslatorPB.java:183)
	at org.apache.hadoop.ozone.protocolPB.ScmBlockLocationProtocolServerSideTranslatorPB.processMessage(ScmBlockLocationProtocolServerSideTranslatorPB.java:141)
	at org.apache.hadoop.ozone.protocolPB.ScmBlockLocationProtocolServerSideTranslatorPB.send(ScmBlockLocationProtocolServerSideTranslatorPB.java:116)
	at org.apache.hadoop.hdds.protocol.proto.ScmBlockLocationProtocolProtos$ScmBlockLocationProtocolService$2.callBlockingMethod(ScmBlockLocationProtocolProtos.java:13157)
	at org.apache.hadoop.ipc.ProtobufRpcEngine$Server$ProtoBufRpcInvoker.call(ProtobufRpcEngine.java:524)
	at org.apache.hadoop.ipc.RPC$Server.call(RPC.java:1025)
	at org.apache.hadoop.ipc.Server$RpcCall.run(Server.java:876)
	at org.apache.hadoop.ipc.Server$RpcCall.run(Server.java:822)
	at java.security.AccessController.doPrivileged(Native Method)
	at javax.security.auth.Subject.doAs(Subject.java:422)
	at org.apache.hadoop.security.UserGroupInformation.doAs(UserGroupInformation.java:1730)
	at org.apache.hadoop.ipc.Server$Handler.run(Server.java:2682)
2019-09-25 06:16:38,687 [IPC Server handler 11 on 43160] INFO  block.BlockManagerImpl (BlockManagerImpl.java:allocateBlock(198)) - Could not find available pipeline of type:RATIS and factor:THREE even after retrying
2019-09-25 06:16:38,687 [IPC Server handler 11 on 43160] ERROR block.BlockManagerImpl (BlockManagerImpl.java:allocateBlock(222)) - Unable to allocate a block for the size: 4194304, type: RATIS, factor: THREE
2019-09-25 06:16:38,688 [main] INFO  ozone.MiniOzoneClusterImpl (MiniOzoneClusterImpl.java:shutdown(314)) - Shutting down the Mini Ozone Cluster
2019-09-25 06:16:38,688 [main] INFO  ozone.MiniOzoneClusterImpl (MiniOzoneClusterImpl.java:stop(330)) - Stopping the Mini Ozone Cluster
2019-09-25 06:16:38,688 [main] INFO  ozone.MiniOzoneClusterImpl (MiniOzoneClusterImpl.java:stopOM(400)) - Stopping the OzoneManager
2019-09-25 06:16:38,689 [main] INFO  ipc.Server (Server.java:stop(3082)) - Stopping server on 38676
2019-09-25 06:16:38,692 [IPC Server listener on 38676] INFO  ipc.Server (Server.java:run(1185)) - Stopping IPC Server listener on 38676
2019-09-25 06:16:38,692 [main] INFO  ratis.OzoneManagerDoubleBuffer (OzoneManagerDoubleBuffer.java:stop(248)) - Stopping OMDoubleBuffer flush thread
2019-09-25 06:16:38,692 [IPC Server Responder] INFO  ipc.Server (Server.java:run(1319)) - Stopping IPC Server Responder
2019-09-25 06:16:38,698 [OMDoubleBufferFlushThread] INFO  ratis.OzoneManagerDoubleBuffer (OzoneManagerDoubleBuffer.java:flushTransactions(191)) - OMDoubleBuffer flush thread OMDoubleBufferFlushThread is interrupted and will exit. OMDoubleBufferFlushThread
2019-09-25 06:16:38,698 [main] INFO  utils.BackgroundService (BackgroundService.java:shutdown(148)) - Shutting down service KeyDeletingService
2019-09-25 06:16:38,700 [main] INFO  handler.ContextHandler (ContextHandler.java:doStop(910)) - Stopped o.e.j.w.WebAppContext@3add5e17{/,null,UNAVAILABLE}{/ozoneManager}
2019-09-25 06:16:38,700 [main] INFO  server.AbstractConnector (AbstractConnector.java:doStop(318)) - Stopped ServerConnector@1c58d7be{HTTP/1.1,[http/1.1]}{0.0.0.0:0}
2019-09-25 06:16:38,701 [main] INFO  handler.ContextHandler (ContextHandler.java:doStop(910)) - Stopped o.e.j.s.ServletContextHandler@4ec0229c{/static,jar:file:/home/user/.m2/repository/org/apache/hadoop/hadoop-ozone-ozone-manager/0.5.0-SNAPSHOT/hadoop-ozone-ozone-manager-0.5.0-SNAPSHOT.jar!/webapps/static,UNAVAILABLE}
2019-09-25 06:16:38,701 [main] INFO  handler.ContextHandler (ContextHandler.java:doStop(910)) - Stopped o.e.j.s.ServletContextHandler@2493eec6{/logs,file:///workdir/hadoop-ozone/ozonefs/target/log,UNAVAILABLE}
2019-09-25 06:16:38,704 [main] INFO  ozone.MiniOzoneClusterImpl (MiniOzoneClusterImpl.java:stopDatanodes(377)) - Stopping the HddsDatanodes
2019-09-25 06:16:39,293 [Datanode State Machine Thread - 0] INFO  statemachine.DatanodeStateMachine (DatanodeStateMachine.java:lambda$startDaemon$0(350)) - Ozone container server started.
2019-09-25 06:16:39,385 [Datanode State Machine Thread - 0] INFO  statemachine.DatanodeStateMachine (DatanodeStateMachine.java:lambda$startDaemon$0(350)) - Ozone container server started.
2019-09-25 06:16:40,306 [Thread-2664] INFO  container.ReplicationManager (ReplicationManager.java:start(163)) - Starting Replication Monitor Thread.
2019-09-25 06:16:40,310 [ReplicationMonitor] INFO  container.ReplicationManager (ReplicationManager.java:run(226)) - Replication Monitor Thread took 0 milliseconds for processing 0 containers.
2019-09-25 06:16:42,550 [Thread-2666] INFO  impl.FollowerState (FollowerState.java:run(106)) - 7e09b52c-cd88-4918-9f32-f870e77b8b81:group-409783C09C3A changes to CANDIDATE, lastRpcTime:5084, electionTimeout:5084ms
2019-09-25 06:16:42,550 [Thread-2666] INFO  impl.RoleInfo (RoleInfo.java:shutdownFollowerState(121)) - 7e09b52c-cd88-4918-9f32-f870e77b8b81: shutdown FollowerState
2019-09-25 06:16:42,551 [Thread-2666] INFO  impl.RaftServerImpl (RaftServerImpl.java:setRole(174)) - 7e09b52c-cd88-4918-9f32-f870e77b8b81@group-409783C09C3A: changes role from  FOLLOWER to CANDIDATE at term 0 for changeToCandidate
2019-09-25 06:16:42,551 [Thread-2666] INFO  impl.RoleInfo (RoleInfo.java:updateAndGet(143)) - 7e09b52c-cd88-4918-9f32-f870e77b8b81: start LeaderElection
2019-09-25 06:16:42,618 [Thread-2669] INFO  impl.FollowerState (FollowerState.java:run(106)) - 7e09b52c-cd88-4918-9f32-f870e77b8b81:group-86E31CBCDE12 changes to CANDIDATE, lastRpcTime:5078, electionTimeout:5078ms
2019-09-25 06:16:42,619 [Thread-2669] INFO  impl.RoleInfo (RoleInfo.java:shutdownFollowerState(121)) - 7e09b52c-cd88-4918-9f32-f870e77b8b81: shutdown FollowerState
2019-09-25 06:16:42,619 [Thread-2669] INFO  impl.RaftServerImpl (RaftServerImpl.java:setRole(174)) - 7e09b52c-cd88-4918-9f32-f870e77b8b81@group-86E31CBCDE12: changes role from  FOLLOWER to CANDIDATE at term 0 for changeToCandidate
2019-09-25 06:16:42,619 [Thread-2669] INFO  impl.RoleInfo (RoleInfo.java:updateAndGet(143)) - 7e09b52c-cd88-4918-9f32-f870e77b8b81: start LeaderElection
2019-09-25 06:16:42,709 [Thread-2672] INFO  impl.FollowerState (FollowerState.java:run(106)) - 4eded300-c0fb-4b87-afc1-b9b61b2e7e1b:group-36468FD9F89C changes to CANDIDATE, lastRpcTime:5127, electionTimeout:5127ms
2019-09-25 06:16:42,709 [Thread-2672] INFO  impl.RoleInfo (RoleInfo.java:shutdownFollowerState(121)) - 4eded300-c0fb-4b87-afc1-b9b61b2e7e1b: shutdown FollowerState
2019-09-25 06:16:42,710 [Thread-2672] INFO  impl.RaftServerImpl (RaftServerImpl.java:setRole(174)) - 4eded300-c0fb-4b87-afc1-b9b61b2e7e1b@group-36468FD9F89C: changes role from  FOLLOWER to CANDIDATE at term 0 for changeToCandidate
2019-09-25 06:16:42,710 [Thread-2672] INFO  impl.RoleInfo (RoleInfo.java:updateAndGet(143)) - 4eded300-c0fb-4b87-afc1-b9b61b2e7e1b: start LeaderElection
2019-09-25 06:16:42,719 [Thread-2684] INFO  impl.FollowerState (FollowerState.java:run(106)) - 7e09b52c-cd88-4918-9f32-f870e77b8b81:group-D3363FA004DF changes to CANDIDATE, lastRpcTime:5031, electionTimeout:5031ms
2019-09-25 06:16:42,719 [Thread-2684] INFO  impl.RoleInfo (RoleInfo.java:shutdownFollowerState(121)) - 7e09b52c-cd88-4918-9f32-f870e77b8b81: shutdown FollowerState
2019-09-25 06:16:42,719 [Thread-2684] INFO  impl.RaftServerImpl (RaftServerImpl.java:setRole(174)) - 7e09b52c-cd88-4918-9f32-f870e77b8b81@group-D3363FA004DF: changes role from  FOLLOWER to CANDIDATE at term 0 for changeToCandidate
2019-09-25 06:16:42,719 [Thread-2684] INFO  impl.RoleInfo (RoleInfo.java:updateAndGet(143)) - 7e09b52c-cd88-4918-9f32-f870e77b8b81: start LeaderElection
2019-09-25 06:16:42,743 [Thread-2675] INFO  impl.FollowerState (FollowerState.java:run(106)) - 7e09b52c-cd88-4918-9f32-f870e77b8b81:group-90A090AEE505 changes to CANDIDATE, lastRpcTime:5132, electionTimeout:5132ms
2019-09-25 06:16:42,743 [Thread-2675] INFO  impl.RoleInfo (RoleInfo.java:shutdownFollowerState(121)) - 7e09b52c-cd88-4918-9f32-f870e77b8b81: shutdown FollowerState
2019-09-25 06:16:42,743 [Thread-2675] INFO  impl.RaftServerImpl (RaftServerImpl.java:setRole(174)) - 7e09b52c-cd88-4918-9f32-f870e77b8b81@group-90A090AEE505: changes role from  FOLLOWER to CANDIDATE at term 0 for changeToCandidate
2019-09-25 06:16:42,744 [Thread-2675] INFO  impl.RoleInfo (RoleInfo.java:updateAndGet(143)) - 7e09b52c-cd88-4918-9f32-f870e77b8b81: start LeaderElection
2019-09-25 06:16:42,748 [Thread-2687] INFO  impl.FollowerState (FollowerState.java:run(106)) - 7e09b52c-cd88-4918-9f32-f870e77b8b81:group-94395A59FEA8 changes to CANDIDATE, lastRpcTime:5039, electionTimeout:5038ms
2019-09-25 06:16:42,748 [Thread-2687] INFO  impl.RoleInfo (RoleInfo.java:shutdownFollowerState(121)) - 7e09b52c-cd88-4918-9f32-f870e77b8b81: shutdown FollowerState
2019-09-25 06:16:42,749 [Thread-2687] INFO  impl.RaftServerImpl (RaftServerImpl.java:setRole(174)) - 7e09b52c-cd88-4918-9f32-f870e77b8b81@group-94395A59FEA8: changes role from  FOLLOWER to CANDIDATE at term 0 for changeToCandidate
2019-09-25 06:16:42,749 [Thread-2687] INFO  impl.RoleInfo (RoleInfo.java:updateAndGet(143)) - 7e09b52c-cd88-4918-9f32-f870e77b8b81: start LeaderElection
2019-09-25 06:16:42,758 [Thread-2690] INFO  impl.FollowerState (FollowerState.java:run(106)) - 4eded300-c0fb-4b87-afc1-b9b61b2e7e1b:group-C874EACB6753 changes to CANDIDATE, lastRpcTime:5010, electionTimeout:5010ms
2019-09-25 06:16:42,758 [Thread-2690] INFO  impl.RoleInfo (RoleInfo.java:shutdownFollowerState(121)) - 4eded300-c0fb-4b87-afc1-b9b61b2e7e1b: shutdown FollowerState
2019-09-25 06:16:42,758 [Thread-2690] INFO  impl.RaftServerImpl (RaftServerImpl.java:setRole(174)) - 4eded300-c0fb-4b87-afc1-b9b61b2e7e1b@group-C874EACB6753: changes role from  FOLLOWER to CANDIDATE at term 0 for changeToCandidate
2019-09-25 06:16:42,758 [Thread-2690] INFO  impl.RoleInfo (RoleInfo.java:updateAndGet(143)) - 4eded300-c0fb-4b87-afc1-b9b61b2e7e1b: start LeaderElection
2019-09-25 06:16:42,764 [Thread-2678] INFO  impl.FollowerState (FollowerState.java:run(106)) - 58065e78-105d-47b8-969e-4862a5832b33:group-C6BE4E070E09 changes to CANDIDATE, lastRpcTime:5126, electionTimeout:5126ms
2019-09-25 06:16:42,765 [Thread-2678] INFO  impl.RoleInfo (RoleInfo.java:shutdownFollowerState(121)) - 58065e78-105d-47b8-969e-4862a5832b33: shutdown FollowerState
2019-09-25 06:16:42,765 [Thread-2678] INFO  impl.RaftServerImpl (RaftServerImpl.java:setRole(174)) - 58065e78-105d-47b8-969e-4862a5832b33@group-C6BE4E070E09: changes role from  FOLLOWER to CANDIDATE at term 0 for changeToCandidate
2019-09-25 06:16:42,765 [Thread-2678] INFO  impl.RoleInfo (RoleInfo.java:updateAndGet(143)) - 58065e78-105d-47b8-969e-4862a5832b33: start LeaderElection
2019-09-25 06:16:42,794 [Thread-2681] INFO  impl.FollowerState (FollowerState.java:run(106)) - 7e09b52c-cd88-4918-9f32-f870e77b8b81:group-B7D4253B43B4 changes to CANDIDATE, lastRpcTime:5130, electionTimeout:5130ms
2019-09-25 06:16:42,794 [Thread-2681] INFO  impl.RoleInfo (RoleInfo.java:shutdownFollowerState(121)) - 7e09b52c-cd88-4918-9f32-f870e77b8b81: shutdown FollowerState
2019-09-25 06:16:42,794 [Thread-2681] INFO  impl.RaftServerImpl (RaftServerImpl.java:setRole(174)) - 7e09b52c-cd88-4918-9f32-f870e77b8b81@group-B7D4253B43B4: changes role from  FOLLOWER to CANDIDATE at term 0 for changeToCandidate
2019-09-25 06:16:42,794 [Thread-2681] INFO  impl.RoleInfo (RoleInfo.java:updateAndGet(143)) - 7e09b52c-cd88-4918-9f32-f870e77b8b81: start LeaderElection
2019-09-25 06:16:42,840 [Thread-2696] INFO  impl.FollowerState (FollowerState.java:run(106)) - 58065e78-105d-47b8-969e-4862a5832b33:group-34CF4D5CE87F changes to CANDIDATE, lastRpcTime:5002, electionTimeout:5002ms
2019-09-25 06:16:42,840 [Thread-2696] INFO  impl.RoleInfo (RoleInfo.java:shutdownFollowerState(121)) - 58065e78-105d-47b8-969e-4862a5832b33: shutdown FollowerState
2019-09-25 06:16:42,840 [Thread-2696] INFO  impl.RaftServerImpl (RaftServerImpl.java:setRole(174)) - 58065e78-105d-47b8-969e-4862a5832b33@group-34CF4D5CE87F: changes role from  FOLLOWER to CANDIDATE at term 0 for changeToCandidate
2019-09-25 06:16:42,840 [Thread-2696] INFO  impl.RoleInfo (RoleInfo.java:updateAndGet(143)) - 58065e78-105d-47b8-969e-4862a5832b33: start LeaderElection
2019-09-25 06:16:42,930 [Thread-2693] INFO  impl.FollowerState (FollowerState.java:run(106)) - 58065e78-105d-47b8-969e-4862a5832b33:group-793ED6DB7D64 changes to CANDIDATE, lastRpcTime:5138, electionTimeout:5138ms
2019-09-25 06:16:42,930 [Thread-2693] INFO  impl.RoleInfo (RoleInfo.java:shutdownFollowerState(121)) - 58065e78-105d-47b8-969e-4862a5832b33: shutdown FollowerState
2019-09-25 06:16:42,930 [Thread-2693] INFO  impl.RaftServerImpl (RaftServerImpl.java:setRole(174)) - 58065e78-105d-47b8-969e-4862a5832b33@group-793ED6DB7D64: changes role from  FOLLOWER to CANDIDATE at term 0 for changeToCandidate
2019-09-25 06:16:42,930 [Thread-2693] INFO  impl.RoleInfo (RoleInfo.java:updateAndGet(143)) - 58065e78-105d-47b8-969e-4862a5832b33: start LeaderElection
2019-09-25 06:16:42,976 [Thread-2699] INFO  impl.FollowerState (FollowerState.java:run(106)) - 4eded300-c0fb-4b87-afc1-b9b61b2e7e1b:group-2EF67CDFD842 changes to CANDIDATE, lastRpcTime:5095, electionTimeout:5095ms
2019-09-25 06:16:42,976 [Thread-2699] INFO  impl.RoleInfo (RoleInfo.java:shutdownFollowerState(121)) - 4eded300-c0fb-4b87-afc1-b9b61b2e7e1b: shutdown FollowerState
2019-09-25 06:16:42,976 [Thread-2699] INFO  impl.RaftServerImpl (RaftServerImpl.java:setRole(174)) - 4eded300-c0fb-4b87-afc1-b9b61b2e7e1b@group-2EF67CDFD842: changes role from  FOLLOWER to CANDIDATE at term 0 for changeToCandidate
2019-09-25 06:16:42,976 [Thread-2699] INFO  impl.RoleInfo (RoleInfo.java:updateAndGet(143)) - 4eded300-c0fb-4b87-afc1-b9b61b2e7e1b: start LeaderElection
2019-09-25 06:16:43,061 [7e09b52c-cd88-4918-9f32-f870e77b8b81@group-409783C09C3A:LeaderElection88] INFO  impl.LeaderElection (LeaderElection.java:askForVotes(182)) - 7e09b52c-cd88-4918-9f32-f870e77b8b81@group-409783C09C3A:LeaderElection88: begin an election at term 1 for -1: [7e09b52c-cd88-4918-9f32-f870e77b8b81:192.168.164.207:37622], old=null
2019-09-25 06:16:43,061 [7e09b52c-cd88-4918-9f32-f870e77b8b81@group-409783C09C3A:LeaderElection88] INFO  impl.RoleInfo (RoleInfo.java:shutdownLeaderElection(134)) - 7e09b52c-cd88-4918-9f32-f870e77b8b81: shutdown LeaderElection
2019-09-25 06:16:43,061 [7e09b52c-cd88-4918-9f32-f870e77b8b81@group-409783C09C3A:LeaderElection88] INFO  impl.RaftServerImpl (RaftServerImpl.java:setRole(174)) - 7e09b52c-cd88-4918-9f32-f870e77b8b81@group-409783C09C3A: changes role from CANDIDATE to LEADER at term 1 for changeToLeader
2019-09-25 06:16:43,062 [7e09b52c-cd88-4918-9f32-f870e77b8b81@group-409783C09C3A:LeaderElection88] INFO  impl.RaftServerImpl (ServerState.java:setLeader(253)) - 7e09b52c-cd88-4918-9f32-f870e77b8b81@group-409783C09C3A: change Leader from null to 7e09b52c-cd88-4918-9f32-f870e77b8b81 at term 1 for becomeLeader, leader elected after 5603ms
2019-09-25 06:16:43,062 [7e09b52c-cd88-4918-9f32-f870e77b8b81@group-409783C09C3A:LeaderElection88] INFO  server.RaftServerConfigKeys (ConfUtils.java:logGet(43)) - raft.server.staging.catchup.gap = 1000 (default)
2019-09-25 06:16:43,062 [4eded300-c0fb-4b87-afc1-b9b61b2e7e1b@group-36468FD9F89C:LeaderElection90] INFO  impl.LeaderElection (LeaderElection.java:askForVotes(182)) - 4eded300-c0fb-4b87-afc1-b9b61b2e7e1b@group-36468FD9F89C:LeaderElection90: begin an election at term 1 for -1: [4eded300-c0fb-4b87-afc1-b9b61b2e7e1b:192.168.164.207:43992], old=null
2019-09-25 06:16:43,062 [58065e78-105d-47b8-969e-4862a5832b33@group-793ED6DB7D64:LeaderElection98] INFO  impl.LeaderElection (LeaderElection.java:askForVotes(182)) - 58065e78-105d-47b8-969e-4862a5832b33@group-793ED6DB7D64:LeaderElection98: begin an election at term 1 for -1: [58065e78-105d-47b8-969e-4862a5832b33:192.168.164.207:35043], old=null
2019-09-25 06:16:43,062 [7e09b52c-cd88-4918-9f32-f870e77b8b81@group-B7D4253B43B4:LeaderElection96] INFO  impl.LeaderElection (LeaderElection.java:askForVotes(182)) - 7e09b52c-cd88-4918-9f32-f870e77b8b81@group-B7D4253B43B4:LeaderElection96: begin an election at term 1 for -1: [7e09b52c-cd88-4918-9f32-f870e77b8b81:192.168.164.207:37622], old=null
2019-09-25 06:16:43,062 [7e09b52c-cd88-4918-9f32-f870e77b8b81@group-D3363FA004DF:LeaderElection91] INFO  impl.LeaderElection (LeaderElection.java:askForVotes(182)) - 7e09b52c-cd88-4918-9f32-f870e77b8b81@group-D3363FA004DF:LeaderElection91: begin an election at term 1 for -1: [7e09b52c-cd88-4918-9f32-f870e77b8b81:192.168.164.207:37622], old=null
2019-09-25 06:16:43,062 [7e09b52c-cd88-4918-9f32-f870e77b8b81@group-409783C09C3A:LeaderElection88] INFO  server.RaftServerConfigKeys (ConfUtils.java:logGet(43)) - raft.server.rpc.sleep.time = 25ms (default)
2019-09-25 06:16:43,062 [7e09b52c-cd88-4918-9f32-f870e77b8b81@group-94395A59FEA8:LeaderElection93] INFO  impl.LeaderElection (LeaderElection.java:askForVotes(182)) - 7e09b52c-cd88-4918-9f32-f870e77b8b81@group-94395A59FEA8:LeaderElection93: begin an election at term 1 for -1: [7e09b52c-cd88-4918-9f32-f870e77b8b81:192.168.164.207:37622], old=null
2019-09-25 06:16:43,062 [7e09b52c-cd88-4918-9f32-f870e77b8b81@group-86E31CBCDE12:LeaderElection89] INFO  impl.LeaderElection (LeaderElection.java:askForVotes(182)) - 7e09b52c-cd88-4918-9f32-f870e77b8b81@group-86E31CBCDE12:LeaderElection89: begin an election at term 1 for -1: [7e09b52c-cd88-4918-9f32-f870e77b8b81:192.168.164.207:37622], old=null
2019-09-25 06:16:43,062 [4eded300-c0fb-4b87-afc1-b9b61b2e7e1b@group-C874EACB6753:LeaderElection94] INFO  impl.LeaderElection (LeaderElection.java:askForVotes(182)) - 4eded300-c0fb-4b87-afc1-b9b61b2e7e1b@group-C874EACB6753:LeaderElection94: begin an election at term 1 for -1: [4eded300-c0fb-4b87-afc1-b9b61b2e7e1b:192.168.164.207:43992], old=null
2019-09-25 06:16:43,062 [58065e78-105d-47b8-969e-4862a5832b33@group-34CF4D5CE87F:LeaderElection97] INFO  impl.LeaderElection (LeaderElection.java:askForVotes(182)) - 58065e78-105d-47b8-969e-4862a5832b33@group-34CF4D5CE87F:LeaderElection97: begin an election at term 1 for -1: [58065e78-105d-47b8-969e-4862a5832b33:192.168.164.207:35043], old=null
2019-09-25 06:16:43,062 [58065e78-105d-47b8-969e-4862a5832b33@group-C6BE4E070E09:LeaderElection95] INFO  impl.LeaderElection (LeaderElection.java:askForVotes(182)) - 58065e78-105d-47b8-969e-4862a5832b33@group-C6BE4E070E09:LeaderElection95: begin an election at term 1 for -1: [58065e78-105d-47b8-969e-4862a5832b33:192.168.164.207:35043], old=null
2019-09-25 06:16:43,062 [7e09b52c-cd88-4918-9f32-f870e77b8b81@group-90A090AEE505:LeaderElection92] INFO  impl.LeaderElection (LeaderElection.java:askForVotes(182)) - 7e09b52c-cd88-4918-9f32-f870e77b8b81@group-90A090AEE505:LeaderElection92: begin an election at term 1 for -1: [7e09b52c-cd88-4918-9f32-f870e77b8b81:192.168.164.207:37622], old=null
2019-09-25 06:16:43,062 [4eded300-c0fb-4b87-afc1-b9b61b2e7e1b@group-2EF67CDFD842:LeaderElection99] INFO  impl.LeaderElection (LeaderElection.java:askForVotes(182)) - 4eded300-c0fb-4b87-afc1-b9b61b2e7e1b@group-2EF67CDFD842:LeaderElection99: begin an election at term 1 for -1: [4eded300-c0fb-4b87-afc1-b9b61b2e7e1b:192.168.164.207:43992], old=null
2019-09-25 06:16:43,064 [7e09b52c-cd88-4918-9f32-f870e77b8b81@group-90A090AEE505:LeaderElection92] INFO  impl.RoleInfo (RoleInfo.java:shutdownLeaderElection(134)) - 7e09b52c-cd88-4918-9f32-f870e77b8b81: shutdown LeaderElection
2019-09-25 06:16:43,063 [58065e78-105d-47b8-969e-4862a5832b33@group-C6BE4E070E09:LeaderElection95] INFO  impl.RoleInfo (RoleInfo.java:shutdownLeaderElection(134)) - 58065e78-105d-47b8-969e-4862a5832b33: shutdown LeaderElection
2019-09-25 06:16:43,063 [58065e78-105d-47b8-969e-4862a5832b33@group-34CF4D5CE87F:LeaderElection97] INFO  impl.RoleInfo (RoleInfo.java:shutdownLeaderElection(134)) - 58065e78-105d-47b8-969e-4862a5832b33: shutdown LeaderElection
2019-09-25 06:16:43,063 [4eded300-c0fb-4b87-afc1-b9b61b2e7e1b@group-C874EACB6753:LeaderElection94] INFO  impl.RoleInfo (RoleInfo.java:shutdownLeaderElection(134)) - 4eded300-c0fb-4b87-afc1-b9b61b2e7e1b: shutdown LeaderElection
2019-09-25 06:16:43,063 [7e09b52c-cd88-4918-9f32-f870e77b8b81@group-86E31CBCDE12:LeaderElection89] INFO  impl.RoleInfo (RoleInfo.java:shutdownLeaderElection(134)) - 7e09b52c-cd88-4918-9f32-f870e77b8b81: shutdown LeaderElection
2019-09-25 06:16:43,063 [7e09b52c-cd88-4918-9f32-f870e77b8b81@group-94395A59FEA8:LeaderElection93] INFO  impl.RoleInfo (RoleInfo.java:shutdownLeaderElection(134)) - 7e09b52c-cd88-4918-9f32-f870e77b8b81: shutdown LeaderElection
2019-09-25 06:16:43,063 [7e09b52c-cd88-4918-9f32-f870e77b8b81@group-409783C09C3A:LeaderElection88] INFO  server.RaftServerConfigKeys (ConfUtils.java:logGet(43)) - raft.server.write.element-limit = 4096 (default)
2019-09-25 06:16:43,063 [7e09b52c-cd88-4918-9f32-f870e77b8b81@group-D3363FA004DF:LeaderElection91] INFO  impl.RoleInfo (RoleInfo.java:shutdownLeaderElection(134)) - 7e09b52c-cd88-4918-9f32-f870e77b8b81: shutdown LeaderElection
2019-09-25 06:16:43,062 [7e09b52c-cd88-4918-9f32-f870e77b8b81@group-B7D4253B43B4:LeaderElection96] INFO  impl.RoleInfo (RoleInfo.java:shutdownLeaderElection(134)) - 7e09b52c-cd88-4918-9f32-f870e77b8b81: shutdown LeaderElection
2019-09-25 06:16:43,062 [58065e78-105d-47b8-969e-4862a5832b33@group-793ED6DB7D64:LeaderElection98] INFO  impl.RoleInfo (RoleInfo.java:shutdownLeaderElection(134)) - 58065e78-105d-47b8-969e-4862a5832b33: shutdown LeaderElection
2019-09-25 06:16:43,062 [4eded300-c0fb-4b87-afc1-b9b61b2e7e1b@group-36468FD9F89C:LeaderElection90] INFO  impl.RoleInfo (RoleInfo.java:shutdownLeaderElection(134)) - 4eded300-c0fb-4b87-afc1-b9b61b2e7e1b: shutdown LeaderElection
2019-09-25 06:16:43,065 [58065e78-105d-47b8-969e-4862a5832b33@group-793ED6DB7D64:LeaderElection98] INFO  impl.RaftServerImpl (RaftServerImpl.java:setRole(174)) - 58065e78-105d-47b8-969e-4862a5832b33@group-793ED6DB7D64: changes role from CANDIDATE to LEADER at term 1 for changeToLeader
2019-09-25 06:16:43,066 [58065e78-105d-47b8-969e-4862a5832b33@group-793ED6DB7D64:LeaderElection98] INFO  impl.RaftServerImpl (ServerState.java:setLeader(253)) - 58065e78-105d-47b8-969e-4862a5832b33@group-793ED6DB7D64: change Leader from null to 58065e78-105d-47b8-969e-4862a5832b33 at term 1 for becomeLeader, leader elected after 5279ms
2019-09-25 06:16:43,065 [7e09b52c-cd88-4918-9f32-f870e77b8b81@group-B7D4253B43B4:LeaderElection96] INFO  impl.RaftServerImpl (RaftServerImpl.java:setRole(174)) - 7e09b52c-cd88-4918-9f32-f870e77b8b81@group-B7D4253B43B4: changes role from CANDIDATE to LEADER at term 1 for changeToLeader
2019-09-25 06:16:43,065 [7e09b52c-cd88-4918-9f32-f870e77b8b81@group-D3363FA004DF:LeaderElection91] INFO  impl.RaftServerImpl (RaftServerImpl.java:setRole(174)) - 7e09b52c-cd88-4918-9f32-f870e77b8b81@group-D3363FA004DF: changes role from CANDIDATE to LEADER at term 1 for changeToLeader
2019-09-25 06:16:43,066 [7e09b52c-cd88-4918-9f32-f870e77b8b81@group-D3363FA004DF:LeaderElection91] INFO  impl.RaftServerImpl (ServerState.java:setLeader(253)) - 7e09b52c-cd88-4918-9f32-f870e77b8b81@group-D3363FA004DF: change Leader from null to 7e09b52c-cd88-4918-9f32-f870e77b8b81 at term 1 for becomeLeader, leader elected after 5382ms
2019-09-25 06:16:43,065 [7e09b52c-cd88-4918-9f32-f870e77b8b81@group-409783C09C3A:LeaderElection88] INFO  server.RaftServerConfigKeys (ConfUtils.java:logGet(43)) - raft.server.watch.timeout = 10s (default)
2019-09-25 06:16:43,065 [7e09b52c-cd88-4918-9f32-f870e77b8b81@group-94395A59FEA8:LeaderElection93] INFO  impl.RaftServerImpl (RaftServerImpl.java:setRole(174)) - 7e09b52c-cd88-4918-9f32-f870e77b8b81@group-94395A59FEA8: changes role from CANDIDATE to LEADER at term 1 for changeToLeader
2019-09-25 06:16:43,065 [7e09b52c-cd88-4918-9f32-f870e77b8b81@group-86E31CBCDE12:LeaderElection89] INFO  impl.RaftServerImpl (RaftServerImpl.java:setRole(174)) - 7e09b52c-cd88-4918-9f32-f870e77b8b81@group-86E31CBCDE12: changes role from CANDIDATE to LEADER at term 1 for changeToLeader
2019-09-25 06:16:43,064 [4eded300-c0fb-4b87-afc1-b9b61b2e7e1b@group-C874EACB6753:LeaderElection94] INFO  impl.RaftServerImpl (RaftServerImpl.java:setRole(174)) - 4eded300-c0fb-4b87-afc1-b9b61b2e7e1b@group-C874EACB6753: changes role from CANDIDATE to LEADER at term 1 for changeToLeader
2019-09-25 06:16:43,067 [4eded300-c0fb-4b87-afc1-b9b61b2e7e1b@group-C874EACB6753:LeaderElection94] INFO  impl.RaftServerImpl (ServerState.java:setLeader(253)) - 4eded300-c0fb-4b87-afc1-b9b61b2e7e1b@group-C874EACB6753: change Leader from null to 4eded300-c0fb-4b87-afc1-b9b61b2e7e1b at term 1 for becomeLeader, leader elected after 5326ms
2019-09-25 06:16:43,064 [58065e78-105d-47b8-969e-4862a5832b33@group-34CF4D5CE87F:LeaderElection97] INFO  impl.RaftServerImpl (RaftServerImpl.java:setRole(174)) - 58065e78-105d-47b8-969e-4862a5832b33@group-34CF4D5CE87F: changes role from CANDIDATE to LEADER at term 1 for changeToLeader
2019-09-25 06:16:43,064 [58065e78-105d-47b8-969e-4862a5832b33@group-C6BE4E070E09:LeaderElection95] INFO  impl.RaftServerImpl (RaftServerImpl.java:setRole(174)) - 58065e78-105d-47b8-969e-4862a5832b33@group-C6BE4E070E09: changes role from CANDIDATE to LEADER at term 1 for changeToLeader
2019-09-25 06:16:43,067 [58065e78-105d-47b8-969e-4862a5832b33@group-C6BE4E070E09:LeaderElection95] INFO  impl.RaftServerImpl (ServerState.java:setLeader(253)) - 58065e78-105d-47b8-969e-4862a5832b33@group-C6BE4E070E09: change Leader from null to 58065e78-105d-47b8-969e-4862a5832b33 at term 1 for becomeLeader, leader elected after 5433ms
2019-09-25 06:16:43,064 [7e09b52c-cd88-4918-9f32-f870e77b8b81@group-90A090AEE505:LeaderElection92] INFO  impl.RaftServerImpl (RaftServerImpl.java:setRole(174)) - 7e09b52c-cd88-4918-9f32-f870e77b8b81@group-90A090AEE505: changes role from CANDIDATE to LEADER at term 1 for changeToLeader
2019-09-25 06:16:43,064 [4eded300-c0fb-4b87-afc1-b9b61b2e7e1b@group-2EF67CDFD842:LeaderElection99] INFO  impl.RoleInfo (RoleInfo.java:shutdownLeaderElection(134)) - 4eded300-c0fb-4b87-afc1-b9b61b2e7e1b: shutdown LeaderElection
2019-09-25 06:16:43,067 [7e09b52c-cd88-4918-9f32-f870e77b8b81@group-90A090AEE505:LeaderElection92] INFO  impl.RaftServerImpl (ServerState.java:setLeader(253)) - 7e09b52c-cd88-4918-9f32-f870e77b8b81@group-90A090AEE505: change Leader from null to 7e09b52c-cd88-4918-9f32-f870e77b8b81 at term 1 for becomeLeader, leader elected after 5461ms
2019-09-25 06:16:43,067 [58065e78-105d-47b8-969e-4862a5832b33@group-C6BE4E070E09:LeaderElection95] INFO  server.RaftServerConfigKeys (ConfUtils.java:logGet(43)) - raft.server.staging.catchup.gap = 1000 (default)
2019-09-25 06:16:43,067 [58065e78-105d-47b8-969e-4862a5832b33@group-34CF4D5CE87F:LeaderElection97] INFO  impl.RaftServerImpl (ServerState.java:setLeader(253)) - 58065e78-105d-47b8-969e-4862a5832b33@group-34CF4D5CE87F: change Leader from null to 58065e78-105d-47b8-969e-4862a5832b33 at term 1 for becomeLeader, leader elected after 5235ms
2019-09-25 06:16:43,067 [4eded300-c0fb-4b87-afc1-b9b61b2e7e1b@group-C874EACB6753:LeaderElection94] INFO  server.RaftServerConfigKeys (ConfUtils.java:logGet(43)) - raft.server.staging.catchup.gap = 1000 (default)
2019-09-25 06:16:43,067 [7e09b52c-cd88-4918-9f32-f870e77b8b81@group-86E31CBCDE12:LeaderElection89] INFO  impl.RaftServerImpl (ServerState.java:setLeader(253)) - 7e09b52c-cd88-4918-9f32-f870e77b8b81@group-86E31CBCDE12: change Leader from null to 7e09b52c-cd88-4918-9f32-f870e77b8b81 at term 1 for becomeLeader, leader elected after 5532ms
2019-09-25 06:16:43,066 [7e09b52c-cd88-4918-9f32-f870e77b8b81@group-94395A59FEA8:LeaderElection93] INFO  impl.RaftServerImpl (ServerState.java:setLeader(253)) - 7e09b52c-cd88-4918-9f32-f870e77b8b81@group-94395A59FEA8: change Leader from null to 7e09b52c-cd88-4918-9f32-f870e77b8b81 at term 1 for becomeLeader, leader elected after 5360ms
2019-09-25 06:16:43,066 [7e09b52c-cd88-4918-9f32-f870e77b8b81@group-409783C09C3A:LeaderElection88] INFO  server.RaftServerConfigKeys (ConfUtils.java:logGet(43)) - raft.server.watch.timeout.denomination = 1s (default)
2019-09-25 06:16:43,066 [7e09b52c-cd88-4918-9f32-f870e77b8b81@group-D3363FA004DF:LeaderElection91] INFO  server.RaftServerConfigKeys (ConfUtils.java:logGet(43)) - raft.server.staging.catchup.gap = 1000 (default)
2019-09-25 06:16:43,066 [7e09b52c-cd88-4918-9f32-f870e77b8b81@group-B7D4253B43B4:LeaderElection96] INFO  impl.RaftServerImpl (ServerState.java:setLeader(253)) - 7e09b52c-cd88-4918-9f32-f870e77b8b81@group-B7D4253B43B4: change Leader from null to 7e09b52c-cd88-4918-9f32-f870e77b8b81 at term 1 for becomeLeader, leader elected after 5406ms
2019-09-25 06:16:43,066 [58065e78-105d-47b8-969e-4862a5832b33@group-793ED6DB7D64:LeaderElection98] INFO  server.RaftServerConfigKeys (ConfUtils.java:logGet(43)) - raft.server.staging.catchup.gap = 1000 (default)
2019-09-25 06:16:43,065 [4eded300-c0fb-4b87-afc1-b9b61b2e7e1b@group-36468FD9F89C:LeaderElection90] INFO  impl.RaftServerImpl (RaftServerImpl.java:setRole(174)) - 4eded300-c0fb-4b87-afc1-b9b61b2e7e1b@group-36468FD9F89C: changes role from CANDIDATE to LEADER at term 1 for changeToLeader
2019-09-25 06:16:43,069 [58065e78-105d-47b8-969e-4862a5832b33@group-793ED6DB7D64:LeaderElection98] INFO  server.RaftServerConfigKeys (ConfUtils.java:logGet(43)) - raft.server.rpc.sleep.time = 25ms (default)
2019-09-25 06:16:43,069 [7e09b52c-cd88-4918-9f32-f870e77b8b81@group-B7D4253B43B4:LeaderElection96] INFO  server.RaftServerConfigKeys (ConfUtils.java:logGet(43)) - raft.server.staging.catchup.gap = 1000 (default)
2019-09-25 06:16:43,069 [7e09b52c-cd88-4918-9f32-f870e77b8b81@group-D3363FA004DF:LeaderElection91] INFO  server.RaftServerConfigKeys (ConfUtils.java:logGet(43)) - raft.server.rpc.sleep.time = 25ms (default)
2019-09-25 06:16:43,069 [7e09b52c-cd88-4918-9f32-f870e77b8b81@group-409783C09C3A:LeaderElection88] INFO  server.RaftServerConfigKeys (ConfUtils.java:logGet(43)) - raft.server.watch.element-limit = 65536 (default)
2019-09-25 06:16:43,069 [7e09b52c-cd88-4918-9f32-f870e77b8b81@group-94395A59FEA8:LeaderElection93] INFO  server.RaftServerConfigKeys (ConfUtils.java:logGet(43)) - raft.server.staging.catchup.gap = 1000 (default)
2019-09-25 06:16:43,068 [7e09b52c-cd88-4918-9f32-f870e77b8b81@group-86E31CBCDE12:LeaderElection89] INFO  server.RaftServerConfigKeys (ConfUtils.java:logGet(43)) - raft.server.staging.catchup.gap = 1000 (default)
2019-09-25 06:16:43,068 [4eded300-c0fb-4b87-afc1-b9b61b2e7e1b@group-C874EACB6753:LeaderElection94] INFO  server.RaftServerConfigKeys (ConfUtils.java:logGet(43)) - raft.server.rpc.sleep.time = 25ms (default)
2019-09-25 06:16:43,068 [58065e78-105d-47b8-969e-4862a5832b33@group-34CF4D5CE87F:LeaderElection97] INFO  server.RaftServerConfigKeys (ConfUtils.java:logGet(43)) - raft.server.staging.catchup.gap = 1000 (default)
2019-09-25 06:16:43,068 [58065e78-105d-47b8-969e-4862a5832b33@group-C6BE4E070E09:LeaderElection95] INFO  server.RaftServerConfigKeys (ConfUtils.java:logGet(43)) - raft.server.rpc.sleep.time = 25ms (default)
2019-09-25 06:16:43,068 [7e09b52c-cd88-4918-9f32-f870e77b8b81@group-90A090AEE505:LeaderElection92] INFO  server.RaftServerConfigKeys (ConfUtils.java:logGet(43)) - raft.server.staging.catchup.gap = 1000 (default)
2019-09-25 06:16:43,068 [4eded300-c0fb-4b87-afc1-b9b61b2e7e1b@group-2EF67CDFD842:LeaderElection99] INFO  impl.RaftServerImpl (RaftServerImpl.java:setRole(174)) - 4eded300-c0fb-4b87-afc1-b9b61b2e7e1b@group-2EF67CDFD842: changes role from CANDIDATE to LEADER at term 1 for changeToLeader
2019-09-25 06:16:43,071 [7e09b52c-cd88-4918-9f32-f870e77b8b81@group-90A090AEE505:LeaderElection92] INFO  server.RaftServerConfigKeys (ConfUtils.java:logGet(43)) - raft.server.rpc.sleep.time = 25ms (default)
2019-09-25 06:16:43,071 [58065e78-105d-47b8-969e-4862a5832b33@group-C6BE4E070E09:LeaderElection95] INFO  server.RaftServerConfigKeys (ConfUtils.java:logGet(43)) - raft.server.write.element-limit = 4096 (default)
2019-09-25 06:16:43,071 [58065e78-105d-47b8-969e-4862a5832b33@group-34CF4D5CE87F:LeaderElection97] INFO  server.RaftServerConfigKeys (ConfUtils.java:logGet(43)) - raft.server.rpc.sleep.time = 25ms (default)
2019-09-25 06:16:43,071 [4eded300-c0fb-4b87-afc1-b9b61b2e7e1b@group-C874EACB6753:LeaderElection94] INFO  server.RaftServerConfigKeys (ConfUtils.java:logGet(43)) - raft.server.write.element-limit = 4096 (default)
2019-09-25 06:16:43,071 [7e09b52c-cd88-4918-9f32-f870e77b8b81@group-86E31CBCDE12:LeaderElection89] INFO  server.RaftServerConfigKeys (ConfUtils.java:logGet(43)) - raft.server.rpc.sleep.time = 25ms (default)
2019-09-25 06:16:43,070 [7e09b52c-cd88-4918-9f32-f870e77b8b81@group-94395A59FEA8:LeaderElection93] INFO  server.RaftServerConfigKeys (ConfUtils.java:logGet(43)) - raft.server.rpc.sleep.time = 25ms (default)
2019-09-25 06:16:43,070 [7e09b52c-cd88-4918-9f32-f870e77b8b81@group-D3363FA004DF:LeaderElection91] INFO  server.RaftServerConfigKeys (ConfUtils.java:logGet(43)) - raft.server.write.element-limit = 4096 (default)
2019-09-25 06:16:43,070 [7e09b52c-cd88-4918-9f32-f870e77b8b81@group-B7D4253B43B4:LeaderElection96] INFO  server.RaftServerConfigKeys (ConfUtils.java:logGet(43)) - raft.server.rpc.sleep.time = 25ms (default)
2019-09-25 06:16:43,070 [58065e78-105d-47b8-969e-4862a5832b33@group-793ED6DB7D64:LeaderElection98] INFO  server.RaftServerConfigKeys (ConfUtils.java:logGet(43)) - raft.server.write.element-limit = 4096 (default)
2019-09-25 06:16:43,069 [4eded300-c0fb-4b87-afc1-b9b61b2e7e1b@group-36468FD9F89C:LeaderElection90] INFO  impl.RaftServerImpl (ServerState.java:setLeader(253)) - 4eded300-c0fb-4b87-afc1-b9b61b2e7e1b@group-36468FD9F89C: change Leader from null to 4eded300-c0fb-4b87-afc1-b9b61b2e7e1b at term 1 for becomeLeader, leader elected after 5494ms
2019-09-25 06:16:43,073 [58065e78-105d-47b8-969e-4862a5832b33@group-793ED6DB7D64:LeaderElection98] INFO  server.RaftServerConfigKeys (ConfUtils.java:logGet(43)) - raft.server.watch.timeout = 10s (default)
2019-09-25 06:16:43,073 [7e09b52c-cd88-4918-9f32-f870e77b8b81@group-B7D4253B43B4:LeaderElection96] INFO  server.RaftServerConfigKeys (ConfUtils.java:logGet(43)) - raft.server.write.element-limit = 4096 (default)
2019-09-25 06:16:43,073 [7e09b52c-cd88-4918-9f32-f870e77b8b81@group-D3363FA004DF:LeaderElection91] INFO  server.RaftServerConfigKeys (ConfUtils.java:logGet(43)) - raft.server.watch.timeout = 10s (default)
2019-09-25 06:16:43,074 [7e09b52c-cd88-4918-9f32-f870e77b8b81@group-D3363FA004DF:LeaderElection91] INFO  server.RaftServerConfigKeys (ConfUtils.java:logGet(43)) - raft.server.watch.timeout.denomination = 1s (default)
2019-09-25 06:16:43,073 [7e09b52c-cd88-4918-9f32-f870e77b8b81@group-94395A59FEA8:LeaderElection93] INFO  server.RaftServerConfigKeys (ConfUtils.java:logGet(43)) - raft.server.write.element-limit = 4096 (default)
2019-09-25 06:16:43,072 [7e09b52c-cd88-4918-9f32-f870e77b8b81@group-86E31CBCDE12:LeaderElection89] INFO  server.RaftServerConfigKeys (ConfUtils.java:logGet(43)) - raft.server.write.element-limit = 4096 (default)
2019-09-25 06:16:43,072 [4eded300-c0fb-4b87-afc1-b9b61b2e7e1b@group-C874EACB6753:LeaderElection94] INFO  server.RaftServerConfigKeys (ConfUtils.java:logGet(43)) - raft.server.watch.timeout = 10s (default)
2019-09-25 06:16:43,072 [58065e78-105d-47b8-969e-4862a5832b33@group-34CF4D5CE87F:LeaderElection97] INFO  server.RaftServerConfigKeys (ConfUtils.java:logGet(43)) - raft.server.write.element-limit = 4096 (default)
2019-09-25 06:16:43,072 [7e09b52c-cd88-4918-9f32-f870e77b8b81@group-409783C09C3A:LeaderElection88] INFO  impl.RoleInfo (RoleInfo.java:updateAndGet(143)) - 7e09b52c-cd88-4918-9f32-f870e77b8b81: start LeaderState
2019-09-25 06:16:43,072 [58065e78-105d-47b8-969e-4862a5832b33@group-C6BE4E070E09:LeaderElection95] INFO  server.RaftServerConfigKeys (ConfUtils.java:logGet(43)) - raft.server.watch.timeout = 10s (default)
2019-09-25 06:16:43,075 [58065e78-105d-47b8-969e-4862a5832b33@group-C6BE4E070E09:LeaderElection95] INFO  server.RaftServerConfigKeys (ConfUtils.java:logGet(43)) - raft.server.watch.timeout.denomination = 1s (default)
2019-09-25 06:16:43,072 [7e09b52c-cd88-4918-9f32-f870e77b8b81@group-90A090AEE505:LeaderElection92] INFO  server.RaftServerConfigKeys (ConfUtils.java:logGet(43)) - raft.server.write.element-limit = 4096 (default)
2019-09-25 06:16:43,071 [4eded300-c0fb-4b87-afc1-b9b61b2e7e1b@group-2EF67CDFD842:LeaderElection99] INFO  impl.RaftServerImpl (ServerState.java:setLeader(253)) - 4eded300-c0fb-4b87-afc1-b9b61b2e7e1b@group-2EF67CDFD842: change Leader from null to 4eded300-c0fb-4b87-afc1-b9b61b2e7e1b at term 1 for becomeLeader, leader elected after 5195ms
2019-09-25 06:16:43,075 [7e09b52c-cd88-4918-9f32-f870e77b8b81@group-90A090AEE505:LeaderElection92] INFO  server.RaftServerConfigKeys (ConfUtils.java:logGet(43)) - raft.server.watch.timeout = 10s (default)
2019-09-25 06:16:43,075 [58065e78-105d-47b8-969e-4862a5832b33@group-C6BE4E070E09:LeaderElection95] INFO  server.RaftServerConfigKeys (ConfUtils.java:logGet(43)) - raft.server.watch.element-limit = 65536 (default)
2019-09-25 06:16:43,075 [7e09b52c-cd88-4918-9f32-f870e77b8b81@group-409783C09C3A:LeaderElection88] INFO  segmented.SegmentedRaftLogWorker (SegmentedRaftLogWorker.java:startLogSegment(380)) - 7e09b52c-cd88-4918-9f32-f870e77b8b81@group-409783C09C3A-SegmentedRaftLogWorker: Starting segment from index:0
2019-09-25 06:16:43,075 [58065e78-105d-47b8-969e-4862a5832b33@group-34CF4D5CE87F:LeaderElection97] INFO  server.RaftServerConfigKeys (ConfUtils.java:logGet(43)) - raft.server.watch.timeout = 10s (default)
2019-09-25 06:16:43,074 [4eded300-c0fb-4b87-afc1-b9b61b2e7e1b@group-C874EACB6753:LeaderElection94] INFO  server.RaftServerConfigKeys (ConfUtils.java:logGet(43)) - raft.server.watch.timeout.denomination = 1s (default)
2019-09-25 06:16:43,074 [7e09b52c-cd88-4918-9f32-f870e77b8b81@group-86E31CBCDE12:LeaderElection89] INFO  server.RaftServerConfigKeys (ConfUtils.java:logGet(43)) - raft.server.watch.timeout = 10s (default)
2019-09-25 06:16:43,077 [7e09b52c-cd88-4918-9f32-f870e77b8b81@group-86E31CBCDE12:LeaderElection89] INFO  server.RaftServerConfigKeys (ConfUtils.java:logGet(43)) - raft.server.watch.timeout.denomination = 1s (default)
2019-09-25 06:16:43,074 [7e09b52c-cd88-4918-9f32-f870e77b8b81@group-94395A59FEA8:LeaderElection93] INFO  server.RaftServerConfigKeys (ConfUtils.java:logGet(43)) - raft.server.watch.timeout = 10s (default)
2019-09-25 06:16:43,074 [7e09b52c-cd88-4918-9f32-f870e77b8b81@group-D3363FA004DF:LeaderElection91] INFO  server.RaftServerConfigKeys (ConfUtils.java:logGet(43)) - raft.server.watch.element-limit = 65536 (default)
2019-09-25 06:16:43,074 [7e09b52c-cd88-4918-9f32-f870e77b8b81@group-B7D4253B43B4:LeaderElection96] INFO  server.RaftServerConfigKeys (ConfUtils.java:logGet(43)) - raft.server.watch.timeout = 10s (default)
2019-09-25 06:16:43,073 [58065e78-105d-47b8-969e-4862a5832b33@group-793ED6DB7D64:LeaderElection98] INFO  server.RaftServerConfigKeys (ConfUtils.java:logGet(43)) - raft.server.watch.timeout.denomination = 1s (default)
2019-09-25 06:16:43,078 [58065e78-105d-47b8-969e-4862a5832b33@group-793ED6DB7D64:LeaderElection98] INFO  server.RaftServerConfigKeys (ConfUtils.java:logGet(43)) - raft.server.watch.element-limit = 65536 (default)
2019-09-25 06:16:43,073 [4eded300-c0fb-4b87-afc1-b9b61b2e7e1b@group-36468FD9F89C:LeaderElection90] INFO  server.RaftServerConfigKeys (ConfUtils.java:logGet(43)) - raft.server.staging.catchup.gap = 1000 (default)
2019-09-25 06:16:43,077 [7e09b52c-cd88-4918-9f32-f870e77b8b81@group-B7D4253B43B4:LeaderElection96] INFO  server.RaftServerConfigKeys (ConfUtils.java:logGet(43)) - raft.server.watch.timeout.denomination = 1s (default)
2019-09-25 06:16:43,078 [7e09b52c-cd88-4918-9f32-f870e77b8b81@group-B7D4253B43B4:LeaderElection96] INFO  server.RaftServerConfigKeys (ConfUtils.java:logGet(43)) - raft.server.watch.element-limit = 65536 (default)
2019-09-25 06:16:43,077 [7e09b52c-cd88-4918-9f32-f870e77b8b81@group-94395A59FEA8:LeaderElection93] INFO  server.RaftServerConfigKeys (ConfUtils.java:logGet(43)) - raft.server.watch.timeout.denomination = 1s (default)
2019-09-25 06:16:43,079 [7e09b52c-cd88-4918-9f32-f870e77b8b81@group-94395A59FEA8:LeaderElection93] INFO  server.RaftServerConfigKeys (ConfUtils.java:logGet(43)) - raft.server.watch.element-limit = 65536 (default)
2019-09-25 06:16:43,077 [7e09b52c-cd88-4918-9f32-f870e77b8b81@group-86E31CBCDE12:LeaderElection89] INFO  server.RaftServerConfigKeys (ConfUtils.java:logGet(43)) - raft.server.watch.element-limit = 65536 (default)
2019-09-25 06:16:43,077 [7e09b52c-cd88-4918-9f32-f870e77b8b81@group-409783C09C3A:LeaderElection88] INFO  impl.RaftServerImpl (ServerState.java:setRaftConf(354)) - 7e09b52c-cd88-4918-9f32-f870e77b8b81@group-409783C09C3A: set configuration 0: [7e09b52c-cd88-4918-9f32-f870e77b8b81:192.168.164.207:37622], old=null at 0
2019-09-25 06:16:43,076 [4eded300-c0fb-4b87-afc1-b9b61b2e7e1b@group-C874EACB6753:LeaderElection94] INFO  server.RaftServerConfigKeys (ConfUtils.java:logGet(43)) - raft.server.watch.element-limit = 65536 (default)
2019-09-25 06:16:43,076 [58065e78-105d-47b8-969e-4862a5832b33@group-34CF4D5CE87F:LeaderElection97] INFO  server.RaftServerConfigKeys (ConfUtils.java:logGet(43)) - raft.server.watch.timeout.denomination = 1s (default)
2019-09-25 06:16:43,076 [7e09b52c-cd88-4918-9f32-f870e77b8b81@group-90A090AEE505:LeaderElection92] INFO  server.RaftServerConfigKeys (ConfUtils.java:logGet(43)) - raft.server.watch.timeout.denomination = 1s (default)
2019-09-25 06:16:43,076 [4eded300-c0fb-4b87-afc1-b9b61b2e7e1b@group-2EF67CDFD842:LeaderElection99] INFO  server.RaftServerConfigKeys (ConfUtils.java:logGet(43)) - raft.server.staging.catchup.gap = 1000 (default)
2019-09-25 06:16:43,114 [7e09b52c-cd88-4918-9f32-f870e77b8b81@group-90A090AEE505:LeaderElection92] INFO  server.RaftServerConfigKeys (ConfUtils.java:logGet(43)) - raft.server.watch.element-limit = 65536 (default)
2019-09-25 06:16:43,114 [58065e78-105d-47b8-969e-4862a5832b33@group-34CF4D5CE87F:LeaderElection97] INFO  server.RaftServerConfigKeys (ConfUtils.java:logGet(43)) - raft.server.watch.element-limit = 65536 (default)
2019-09-25 06:16:43,114 [Thread-2705] INFO  impl.FollowerState (FollowerState.java:run(106)) - 4eded300-c0fb-4b87-afc1-b9b61b2e7e1b:group-93B9AD4B49BD changes to CANDIDATE, lastRpcTime:5142, electionTimeout:5114ms
2019-09-25 06:16:43,078 [4eded300-c0fb-4b87-afc1-b9b61b2e7e1b@group-36468FD9F89C:LeaderElection90] INFO  server.RaftServerConfigKeys (ConfUtils.java:logGet(43)) - raft.server.rpc.sleep.time = 25ms (default)
2019-09-25 06:16:43,115 [4eded300-c0fb-4b87-afc1-b9b61b2e7e1b@group-2EF67CDFD842:LeaderElection99] INFO  server.RaftServerConfigKeys (ConfUtils.java:logGet(43)) - raft.server.rpc.sleep.time = 25ms (default)
2019-09-25 06:16:43,115 [4eded300-c0fb-4b87-afc1-b9b61b2e7e1b@group-36468FD9F89C:LeaderElection90] INFO  server.RaftServerConfigKeys (ConfUtils.java:logGet(43)) - raft.server.write.element-limit = 4096 (default)
2019-09-25 06:16:43,115 [Thread-2705] INFO  impl.RoleInfo (RoleInfo.java:shutdownFollowerState(121)) - 4eded300-c0fb-4b87-afc1-b9b61b2e7e1b: shutdown FollowerState
2019-09-25 06:16:43,115 [58065e78-105d-47b8-969e-4862a5832b33@group-C6BE4E070E09:LeaderElection95] INFO  impl.RoleInfo (RoleInfo.java:updateAndGet(143)) - 58065e78-105d-47b8-969e-4862a5832b33: start LeaderState
2019-09-25 06:16:43,116 [Thread-2705] INFO  impl.RaftServerImpl (RaftServerImpl.java:setRole(174)) - 4eded300-c0fb-4b87-afc1-b9b61b2e7e1b@group-93B9AD4B49BD: changes role from  FOLLOWER to CANDIDATE at term 0 for changeToCandidate
2019-09-25 06:16:43,116 [4eded300-c0fb-4b87-afc1-b9b61b2e7e1b@group-36468FD9F89C:LeaderElection90] INFO  server.RaftServerConfigKeys (ConfUtils.java:logGet(43)) - raft.server.watch.timeout = 10s (default)
2019-09-25 06:16:43,116 [4eded300-c0fb-4b87-afc1-b9b61b2e7e1b@group-2EF67CDFD842:LeaderElection99] INFO  server.RaftServerConfigKeys (ConfUtils.java:logGet(43)) - raft.server.write.element-limit = 4096 (default)
2019-09-25 06:16:43,116 [4eded300-c0fb-4b87-afc1-b9b61b2e7e1b@group-36468FD9F89C:LeaderElection90] INFO  server.RaftServerConfigKeys (ConfUtils.java:logGet(43)) - raft.server.watch.timeout.denomination = 1s (default)
2019-09-25 06:16:43,116 [Thread-2705] INFO  impl.RoleInfo (RoleInfo.java:updateAndGet(143)) - 4eded300-c0fb-4b87-afc1-b9b61b2e7e1b: start LeaderElection
2019-09-25 06:16:43,116 [58065e78-105d-47b8-969e-4862a5832b33@group-C6BE4E070E09:LeaderElection95] INFO  segmented.SegmentedRaftLogWorker (SegmentedRaftLogWorker.java:startLogSegment(380)) - 58065e78-105d-47b8-969e-4862a5832b33@group-C6BE4E070E09-SegmentedRaftLogWorker: Starting segment from index:0
2019-09-25 06:16:43,117 [4eded300-c0fb-4b87-afc1-b9b61b2e7e1b@group-36468FD9F89C:LeaderElection90] INFO  server.RaftServerConfigKeys (ConfUtils.java:logGet(43)) - raft.server.watch.element-limit = 65536 (default)
2019-09-25 06:16:43,117 [4eded300-c0fb-4b87-afc1-b9b61b2e7e1b@group-2EF67CDFD842:LeaderElection99] INFO  server.RaftServerConfigKeys (ConfUtils.java:logGet(43)) - raft.server.watch.timeout = 10s (default)
2019-09-25 06:16:43,120 [Thread-2702] INFO  impl.FollowerState (FollowerState.java:run(106)) - 58065e78-105d-47b8-969e-4862a5832b33:group-CCEDFC30A4BF changes to CANDIDATE, lastRpcTime:5187, electionTimeout:5187ms
2019-09-25 06:16:43,156 [7e09b52c-cd88-4918-9f32-f870e77b8b81@group-409783C09C3A-SegmentedRaftLogWorker] INFO  segmented.SegmentedRaftLogWorker (SegmentedRaftLogWorker.java:execute(569)) - 7e09b52c-cd88-4918-9f32-f870e77b8b81@group-409783C09C3A-SegmentedRaftLogWorker: created new log segment /workdir/hadoop-ozone/ozonefs/target/test-dir/MiniOzoneClusterImpl-9a706c7a-1c63-4529-bede-54329d36819c/datanode-0/data/ratis/e07893ff-4f47-4a33-b5cc-409783c09c3a/current/log_inprogress_0
2019-09-25 06:16:43,120 [4eded300-c0fb-4b87-afc1-b9b61b2e7e1b@group-2EF67CDFD842:LeaderElection99] INFO  server.RaftServerConfigKeys (ConfUtils.java:logGet(43)) - raft.server.watch.timeout.denomination = 1s (default)
2019-09-25 06:16:43,156 [58065e78-105d-47b8-969e-4862a5832b33@group-C6BE4E070E09:LeaderElection95] INFO  impl.RaftServerImpl (ServerState.java:setRaftConf(354)) - 58065e78-105d-47b8-969e-4862a5832b33@group-C6BE4E070E09: set configuration 0: [58065e78-105d-47b8-969e-4862a5832b33:192.168.164.207:35043], old=null at 0
2019-09-25 06:16:43,157 [4eded300-c0fb-4b87-afc1-b9b61b2e7e1b@group-2EF67CDFD842:LeaderElection99] INFO  server.RaftServerConfigKeys (ConfUtils.java:logGet(43)) - raft.server.watch.element-limit = 65536 (default)
2019-09-25 06:16:43,157 [Thread-2702] INFO  impl.RoleInfo (RoleInfo.java:shutdownFollowerState(121)) - 58065e78-105d-47b8-969e-4862a5832b33: shutdown FollowerState
2019-09-25 06:16:43,159 [Thread-2702] INFO  impl.RaftServerImpl (RaftServerImpl.java:setRole(174)) - 58065e78-105d-47b8-969e-4862a5832b33@group-CCEDFC30A4BF: changes role from  FOLLOWER to CANDIDATE at term 0 for changeToCandidate
2019-09-25 06:16:43,159 [Thread-2702] INFO  impl.RoleInfo (RoleInfo.java:updateAndGet(143)) - 58065e78-105d-47b8-969e-4862a5832b33: start LeaderElection
2019-09-25 06:16:43,169 [58065e78-105d-47b8-969e-4862a5832b33@group-C6BE4E070E09-SegmentedRaftLogWorker] INFO  segmented.SegmentedRaftLogWorker (SegmentedRaftLogWorker.java:execute(569)) - 58065e78-105d-47b8-969e-4862a5832b33@group-C6BE4E070E09-SegmentedRaftLogWorker: created new log segment /workdir/hadoop-ozone/ozonefs/target/test-dir/MiniOzoneClusterImpl-9a706c7a-1c63-4529-bede-54329d36819c/datanode-2/data/ratis/b3b54b5a-538d-414c-89d6-c6be4e070e09/current/log_inprogress_0
2019-09-25 06:16:43,169 [58065e78-105d-47b8-969e-4862a5832b33@group-CCEDFC30A4BF:LeaderElection101] INFO  impl.LeaderElection (LeaderElection.java:askForVotes(182)) - 58065e78-105d-47b8-969e-4862a5832b33@group-CCEDFC30A4BF:LeaderElection101: begin an election at term 1 for -1: [58065e78-105d-47b8-969e-4862a5832b33:192.168.164.207:35043], old=null
2019-09-25 06:16:43,169 [4eded300-c0fb-4b87-afc1-b9b61b2e7e1b@group-93B9AD4B49BD:LeaderElection100] INFO  impl.LeaderElection (LeaderElection.java:askForVotes(182)) - 4eded300-c0fb-4b87-afc1-b9b61b2e7e1b@group-93B9AD4B49BD:LeaderElection100: begin an election at term 1 for -1: [4eded300-c0fb-4b87-afc1-b9b61b2e7e1b:192.168.164.207:43992], old=null
2019-09-25 06:16:43,170 [58065e78-105d-47b8-969e-4862a5832b33@group-CCEDFC30A4BF:LeaderElection101] INFO  impl.RoleInfo (RoleInfo.java:shutdownLeaderElection(134)) - 58065e78-105d-47b8-969e-4862a5832b33: shutdown LeaderElection
2019-09-25 06:16:43,170 [4eded300-c0fb-4b87-afc1-b9b61b2e7e1b@group-93B9AD4B49BD:LeaderElection100] INFO  impl.RoleInfo (RoleInfo.java:shutdownLeaderElection(134)) - 4eded300-c0fb-4b87-afc1-b9b61b2e7e1b: shutdown LeaderElection
2019-09-25 06:16:43,170 [58065e78-105d-47b8-969e-4862a5832b33@group-CCEDFC30A4BF:LeaderElection101] INFO  impl.RaftServerImpl (RaftServerImpl.java:setRole(174)) - 58065e78-105d-47b8-969e-4862a5832b33@group-CCEDFC30A4BF: changes role from CANDIDATE to LEADER at term 1 for changeToLeader
2019-09-25 06:16:43,170 [4eded300-c0fb-4b87-afc1-b9b61b2e7e1b@group-93B9AD4B49BD:LeaderElection100] INFO  impl.RaftServerImpl (RaftServerImpl.java:setRole(174)) - 4eded300-c0fb-4b87-afc1-b9b61b2e7e1b@group-93B9AD4B49BD: changes role from CANDIDATE to LEADER at term 1 for changeToLeader
2019-09-25 06:16:43,170 [58065e78-105d-47b8-969e-4862a5832b33@group-CCEDFC30A4BF:LeaderElection101] INFO  impl.RaftServerImpl (ServerState.java:setLeader(253)) - 58065e78-105d-47b8-969e-4862a5832b33@group-CCEDFC30A4BF: change Leader from null to 58065e78-105d-47b8-969e-4862a5832b33 at term 1 for becomeLeader, leader elected after 5244ms
2019-09-25 06:16:43,170 [4eded300-c0fb-4b87-afc1-b9b61b2e7e1b@group-93B9AD4B49BD:LeaderElection100] INFO  impl.RaftServerImpl (ServerState.java:setLeader(253)) - 4eded300-c0fb-4b87-afc1-b9b61b2e7e1b@group-93B9AD4B49BD: change Leader from null to 4eded300-c0fb-4b87-afc1-b9b61b2e7e1b at term 1 for becomeLeader, leader elected after 5202ms
2019-09-25 06:16:43,170 [58065e78-105d-47b8-969e-4862a5832b33@group-CCEDFC30A4BF:LeaderElection101] INFO  server.RaftServerConfigKeys (ConfUtils.java:logGet(43)) - raft.server.staging.catchup.gap = 1000 (default)
2019-09-25 06:16:43,170 [4eded300-c0fb-4b87-afc1-b9b61b2e7e1b@group-93B9AD4B49BD:LeaderElection100] INFO  server.RaftServerConfigKeys (ConfUtils.java:logGet(43)) - raft.server.staging.catchup.gap = 1000 (default)
2019-09-25 06:16:43,171 [58065e78-105d-47b8-969e-4862a5832b33@group-CCEDFC30A4BF:LeaderElection101] INFO  server.RaftServerConfigKeys (ConfUtils.java:logGet(43)) - raft.server.rpc.sleep.time = 25ms (default)
2019-09-25 06:16:43,171 [4eded300-c0fb-4b87-afc1-b9b61b2e7e1b@group-93B9AD4B49BD:LeaderElection100] INFO  server.RaftServerConfigKeys (ConfUtils.java:logGet(43)) - raft.server.rpc.sleep.time = 25ms (default)
2019-09-25 06:16:43,171 [58065e78-105d-47b8-969e-4862a5832b33@group-CCEDFC30A4BF:LeaderElection101] INFO  server.RaftServerConfigKeys (ConfUtils.java:logGet(43)) - raft.server.write.element-limit = 4096 (default)
2019-09-25 06:16:43,171 [4eded300-c0fb-4b87-afc1-b9b61b2e7e1b@group-93B9AD4B49BD:LeaderElection100] INFO  server.RaftServerConfigKeys (ConfUtils.java:logGet(43)) - raft.server.write.element-limit = 4096 (default)
2019-09-25 06:16:43,171 [58065e78-105d-47b8-969e-4862a5832b33@group-CCEDFC30A4BF:LeaderElection101] INFO  server.RaftServerConfigKeys (ConfUtils.java:logGet(43)) - raft.server.watch.timeout = 10s (default)
2019-09-25 06:16:43,171 [4eded300-c0fb-4b87-afc1-b9b61b2e7e1b@group-93B9AD4B49BD:LeaderElection100] INFO  server.RaftServerConfigKeys (ConfUtils.java:logGet(43)) - raft.server.watch.timeout = 10s (default)
2019-09-25 06:16:43,171 [58065e78-105d-47b8-969e-4862a5832b33@group-CCEDFC30A4BF:LeaderElection101] INFO  server.RaftServerConfigKeys (ConfUtils.java:logGet(43)) - raft.server.watch.timeout.denomination = 1s (default)
2019-09-25 06:16:43,171 [4eded300-c0fb-4b87-afc1-b9b61b2e7e1b@group-93B9AD4B49BD:LeaderElection100] INFO  server.RaftServerConfigKeys (ConfUtils.java:logGet(43)) - raft.server.watch.timeout.denomination = 1s (default)
2019-09-25 06:16:43,172 [58065e78-105d-47b8-969e-4862a5832b33@group-CCEDFC30A4BF:LeaderElection101] INFO  server.RaftServerConfigKeys (ConfUtils.java:logGet(43)) - raft.server.watch.element-limit = 65536 (default)
2019-09-25 06:16:43,172 [4eded300-c0fb-4b87-afc1-b9b61b2e7e1b@group-93B9AD4B49BD:LeaderElection100] INFO  server.RaftServerConfigKeys (ConfUtils.java:logGet(43)) - raft.server.watch.element-limit = 65536 (default)
2019-09-25 06:16:43,172 [Thread-2708] INFO  impl.FollowerState (FollowerState.java:run(106)) - 58065e78-105d-47b8-969e-4862a5832b33:group-992356B80D4D changes to CANDIDATE, lastRpcTime:5158, electionTimeout:5158ms
2019-09-25 06:16:43,173 [Thread-2708] INFO  impl.RoleInfo (RoleInfo.java:shutdownFollowerState(121)) - 58065e78-105d-47b8-969e-4862a5832b33: shutdown FollowerState
2019-09-25 06:16:43,173 [Thread-2708] INFO  impl.RaftServerImpl (RaftServerImpl.java:setRole(174)) - 58065e78-105d-47b8-969e-4862a5832b33@group-992356B80D4D: changes role from  FOLLOWER to CANDIDATE at term 0 for changeToCandidate
2019-09-25 06:16:43,173 [Thread-2708] INFO  impl.RoleInfo (RoleInfo.java:updateAndGet(143)) - 58065e78-105d-47b8-969e-4862a5832b33: start LeaderElection
2019-09-25 06:16:43,177 [7e09b52c-cd88-4918-9f32-f870e77b8b81@group-D3363FA004DF:LeaderElection91] INFO  impl.RoleInfo (RoleInfo.java:updateAndGet(143)) - 7e09b52c-cd88-4918-9f32-f870e77b8b81: start LeaderState
2019-09-25 06:16:43,178 [7e09b52c-cd88-4918-9f32-f870e77b8b81@group-D3363FA004DF:LeaderElection91] INFO  segmented.SegmentedRaftLogWorker (SegmentedRaftLogWorker.java:startLogSegment(380)) - 7e09b52c-cd88-4918-9f32-f870e77b8b81@group-D3363FA004DF-SegmentedRaftLogWorker: Starting segment from index:0
2019-09-25 06:16:43,178 [7e09b52c-cd88-4918-9f32-f870e77b8b81@group-D3363FA004DF:LeaderElection91] INFO  impl.RaftServerImpl (ServerState.java:setRaftConf(354)) - 7e09b52c-cd88-4918-9f32-f870e77b8b81@group-D3363FA004DF: set configuration 0: [7e09b52c-cd88-4918-9f32-f870e77b8b81:192.168.164.207:37622], old=null at 0
2019-09-25 06:16:43,213 [Thread-2711] INFO  impl.FollowerState (FollowerState.java:run(106)) - 58065e78-105d-47b8-969e-4862a5832b33:group-3CD655F1ADA3 changes to CANDIDATE, lastRpcTime:5150, electionTimeout:5124ms
2019-09-25 06:16:43,213 [58065e78-105d-47b8-969e-4862a5832b33@group-992356B80D4D:LeaderElection102] INFO  impl.LeaderElection (LeaderElection.java:askForVotes(182)) - 58065e78-105d-47b8-969e-4862a5832b33@group-992356B80D4D:LeaderElection102: begin an election at term 1 for -1: [58065e78-105d-47b8-969e-4862a5832b33:192.168.164.207:35043], old=null
2019-09-25 06:16:43,213 [58065e78-105d-47b8-969e-4862a5832b33@group-992356B80D4D:LeaderElection102] INFO  impl.RoleInfo (RoleInfo.java:shutdownLeaderElection(134)) - 58065e78-105d-47b8-969e-4862a5832b33: shutdown LeaderElection
2019-09-25 06:16:43,214 [58065e78-105d-47b8-969e-4862a5832b33@group-992356B80D4D:LeaderElection102] INFO  impl.RaftServerImpl (RaftServerImpl.java:setRole(174)) - 58065e78-105d-47b8-969e-4862a5832b33@group-992356B80D4D: changes role from CANDIDATE to LEADER at term 1 for changeToLeader
2019-09-25 06:16:43,214 [58065e78-105d-47b8-969e-4862a5832b33@group-992356B80D4D:LeaderElection102] INFO  impl.RaftServerImpl (ServerState.java:setLeader(253)) - 58065e78-105d-47b8-969e-4862a5832b33@group-992356B80D4D: change Leader from null to 58065e78-105d-47b8-969e-4862a5832b33 at term 1 for becomeLeader, leader elected after 5205ms
2019-09-25 06:16:43,214 [Thread-2711] INFO  impl.RoleInfo (RoleInfo.java:shutdownFollowerState(121)) - 58065e78-105d-47b8-969e-4862a5832b33: shutdown FollowerState
2019-09-25 06:16:43,214 [58065e78-105d-47b8-969e-4862a5832b33@group-992356B80D4D:LeaderElection102] INFO  server.RaftServerConfigKeys (ConfUtils.java:logGet(43)) - raft.server.staging.catchup.gap = 1000 (default)
2019-09-25 06:16:43,214 [Thread-2711] INFO  impl.RaftServerImpl (RaftServerImpl.java:setRole(174)) - 58065e78-105d-47b8-969e-4862a5832b33@group-3CD655F1ADA3: changes role from  FOLLOWER to CANDIDATE at term 0 for changeToCandidate
2019-09-25 06:16:43,214 [58065e78-105d-47b8-969e-4862a5832b33@group-992356B80D4D:LeaderElection102] INFO  server.RaftServerConfigKeys (ConfUtils.java:logGet(43)) - raft.server.rpc.sleep.time = 25ms (default)
2019-09-25 06:16:43,214 [Thread-2711] INFO  impl.RoleInfo (RoleInfo.java:updateAndGet(143)) - 58065e78-105d-47b8-969e-4862a5832b33: start LeaderElection
2019-09-25 06:16:43,214 [58065e78-105d-47b8-969e-4862a5832b33@group-992356B80D4D:LeaderElection102] INFO  server.RaftServerConfigKeys (ConfUtils.java:logGet(43)) - raft.server.write.element-limit = 4096 (default)
2019-09-25 06:16:43,215 [58065e78-105d-47b8-969e-4862a5832b33@group-992356B80D4D:LeaderElection102] INFO  server.RaftServerConfigKeys (ConfUtils.java:logGet(43)) - raft.server.watch.timeout = 10s (default)
2019-09-25 06:16:43,217 [58065e78-105d-47b8-969e-4862a5832b33@group-992356B80D4D:LeaderElection102] INFO  server.RaftServerConfigKeys (ConfUtils.java:logGet(43)) - raft.server.watch.timeout.denomination = 1s (default)
2019-09-25 06:16:43,217 [58065e78-105d-47b8-969e-4862a5832b33@group-992356B80D4D:LeaderElection102] INFO  server.RaftServerConfigKeys (ConfUtils.java:logGet(43)) - raft.server.watch.element-limit = 65536 (default)
2019-09-25 06:16:43,224 [58065e78-105d-47b8-969e-4862a5832b33@group-793ED6DB7D64:LeaderElection98] INFO  impl.RoleInfo (RoleInfo.java:updateAndGet(143)) - 58065e78-105d-47b8-969e-4862a5832b33: start LeaderState
2019-09-25 06:16:43,224 [58065e78-105d-47b8-969e-4862a5832b33@group-793ED6DB7D64:LeaderElection98] INFO  segmented.SegmentedRaftLogWorker (SegmentedRaftLogWorker.java:startLogSegment(380)) - 58065e78-105d-47b8-969e-4862a5832b33@group-793ED6DB7D64-SegmentedRaftLogWorker: Starting segment from index:0
2019-09-25 06:16:43,225 [58065e78-105d-47b8-969e-4862a5832b33@group-793ED6DB7D64:LeaderElection98] INFO  impl.RaftServerImpl (ServerState.java:setRaftConf(354)) - 58065e78-105d-47b8-969e-4862a5832b33@group-793ED6DB7D64: set configuration 0: [58065e78-105d-47b8-969e-4862a5832b33:192.168.164.207:35043], old=null at 0
2019-09-25 06:16:43,227 [7e09b52c-cd88-4918-9f32-f870e77b8b81@group-D3363FA004DF-SegmentedRaftLogWorker] INFO  segmented.SegmentedRaftLogWorker (SegmentedRaftLogWorker.java:execute(569)) - 7e09b52c-cd88-4918-9f32-f870e77b8b81@group-D3363FA004DF-SegmentedRaftLogWorker: created new log segment /workdir/hadoop-ozone/ozonefs/target/test-dir/MiniOzoneClusterImpl-9a706c7a-1c63-4529-bede-54329d36819c/datanode-0/data/ratis/fa26d73a-86e7-420b-bee6-d3363fa004df/current/log_inprogress_0
2019-09-25 06:16:43,227 [58065e78-105d-47b8-969e-4862a5832b33@group-3CD655F1ADA3:LeaderElection103] INFO  impl.LeaderElection (LeaderElection.java:askForVotes(182)) - 58065e78-105d-47b8-969e-4862a5832b33@group-3CD655F1ADA3:LeaderElection103: begin an election at term 1 for -1: [58065e78-105d-47b8-969e-4862a5832b33:192.168.164.207:35043], old=null
2019-09-25 06:16:43,227 [58065e78-105d-47b8-969e-4862a5832b33@group-3CD655F1ADA3:LeaderElection103] INFO  impl.RoleInfo (RoleInfo.java:shutdownLeaderElection(134)) - 58065e78-105d-47b8-969e-4862a5832b33: shutdown LeaderElection
2019-09-25 06:16:43,227 [58065e78-105d-47b8-969e-4862a5832b33@group-3CD655F1ADA3:LeaderElection103] INFO  impl.RaftServerImpl (RaftServerImpl.java:setRole(174)) - 58065e78-105d-47b8-969e-4862a5832b33@group-3CD655F1ADA3: changes role from CANDIDATE to LEADER at term 1 for changeToLeader
2019-09-25 06:16:43,227 [58065e78-105d-47b8-969e-4862a5832b33@group-3CD655F1ADA3:LeaderElection103] INFO  impl.RaftServerImpl (ServerState.java:setLeader(253)) - 58065e78-105d-47b8-969e-4862a5832b33@group-3CD655F1ADA3: change Leader from null to 58065e78-105d-47b8-969e-4862a5832b33 at term 1 for becomeLeader, leader elected after 5168ms
2019-09-25 06:16:43,227 [58065e78-105d-47b8-969e-4862a5832b33@group-3CD655F1ADA3:LeaderElection103] INFO  server.RaftServerConfigKeys (ConfUtils.java:logGet(43)) - raft.server.staging.catchup.gap = 1000 (default)
2019-09-25 06:16:43,227 [58065e78-105d-47b8-969e-4862a5832b33@group-3CD655F1ADA3:LeaderElection103] INFO  server.RaftServerConfigKeys (ConfUtils.java:logGet(43)) - raft.server.rpc.sleep.time = 25ms (default)
2019-09-25 06:16:43,228 [58065e78-105d-47b8-969e-4862a5832b33@group-3CD655F1ADA3:LeaderElection103] INFO  server.RaftServerConfigKeys (ConfUtils.java:logGet(43)) - raft.server.write.element-limit = 4096 (default)
2019-09-25 06:16:43,228 [58065e78-105d-47b8-969e-4862a5832b33@group-3CD655F1ADA3:LeaderElection103] INFO  server.RaftServerConfigKeys (ConfUtils.java:logGet(43)) - raft.server.watch.timeout = 10s (default)
2019-09-25 06:16:43,228 [7e09b52c-cd88-4918-9f32-f870e77b8b81@group-B7D4253B43B4:LeaderElection96] INFO  impl.RoleInfo (RoleInfo.java:updateAndGet(143)) - 7e09b52c-cd88-4918-9f32-f870e77b8b81: start LeaderState
2019-09-25 06:16:43,228 [58065e78-105d-47b8-969e-4862a5832b33@group-3CD655F1ADA3:LeaderElection103] INFO  server.RaftServerConfigKeys (ConfUtils.java:logGet(43)) - raft.server.watch.timeout.denomination = 1s (default)
2019-09-25 06:16:43,228 [58065e78-105d-47b8-969e-4862a5832b33@group-3CD655F1ADA3:LeaderElection103] INFO  server.RaftServerConfigKeys (ConfUtils.java:logGet(43)) - raft.server.watch.element-limit = 65536 (default)
2019-09-25 06:16:43,228 [7e09b52c-cd88-4918-9f32-f870e77b8b81@group-B7D4253B43B4:LeaderElection96] INFO  segmented.SegmentedRaftLogWorker (SegmentedRaftLogWorker.java:startLogSegment(380)) - 7e09b52c-cd88-4918-9f32-f870e77b8b81@group-B7D4253B43B4-SegmentedRaftLogWorker: Starting segment from index:0
2019-09-25 06:16:43,229 [7e09b52c-cd88-4918-9f32-f870e77b8b81@group-B7D4253B43B4:LeaderElection96] INFO  impl.RaftServerImpl (ServerState.java:setRaftConf(354)) - 7e09b52c-cd88-4918-9f32-f870e77b8b81@group-B7D4253B43B4: set configuration 0: [7e09b52c-cd88-4918-9f32-f870e77b8b81:192.168.164.207:37622], old=null at 0
2019-09-25 06:16:43,265 [7e09b52c-cd88-4918-9f32-f870e77b8b81@group-94395A59FEA8:LeaderElection93] INFO  impl.RoleInfo (RoleInfo.java:updateAndGet(143)) - 7e09b52c-cd88-4918-9f32-f870e77b8b81: start LeaderState
2019-09-25 06:16:43,265 [7e09b52c-cd88-4918-9f32-f870e77b8b81@group-94395A59FEA8:LeaderElection93] INFO  segmented.SegmentedRaftLogWorker (SegmentedRaftLogWorker.java:startLogSegment(380)) - 7e09b52c-cd88-4918-9f32-f870e77b8b81@group-94395A59FEA8-SegmentedRaftLogWorker: Starting segment from index:0
2019-09-25 06:16:43,266 [7e09b52c-cd88-4918-9f32-f870e77b8b81@group-94395A59FEA8:LeaderElection93] INFO  impl.RaftServerImpl (ServerState.java:setRaftConf(354)) - 7e09b52c-cd88-4918-9f32-f870e77b8b81@group-94395A59FEA8: set configuration 0: [7e09b52c-cd88-4918-9f32-f870e77b8b81:192.168.164.207:37622], old=null at 0
2019-09-25 06:16:43,294 [Thread-2714] INFO  impl.FollowerState (FollowerState.java:run(106)) - 4eded300-c0fb-4b87-afc1-b9b61b2e7e1b:group-F0F3A908AFEE changes to CANDIDATE, lastRpcTime:5182, electionTimeout:5168ms
2019-09-25 06:16:43,294 [7e09b52c-cd88-4918-9f32-f870e77b8b81@group-B7D4253B43B4-SegmentedRaftLogWorker] INFO  segmented.SegmentedRaftLogWorker (SegmentedRaftLogWorker.java:execute(569)) - 7e09b52c-cd88-4918-9f32-f870e77b8b81@group-B7D4253B43B4-SegmentedRaftLogWorker: created new log segment /workdir/hadoop-ozone/ozonefs/target/test-dir/MiniOzoneClusterImpl-9a706c7a-1c63-4529-bede-54329d36819c/datanode-0/data/ratis/15429989-9c1c-4ca1-a016-b7d4253b43b4/current/log_inprogress_0
2019-09-25 06:16:43,294 [58065e78-105d-47b8-969e-4862a5832b33@group-793ED6DB7D64-SegmentedRaftLogWorker] INFO  segmented.SegmentedRaftLogWorker (SegmentedRaftLogWorker.java:execute(569)) - 58065e78-105d-47b8-969e-4862a5832b33@group-793ED6DB7D64-SegmentedRaftLogWorker: created new log segment /workdir/hadoop-ozone/ozonefs/target/test-dir/MiniOzoneClusterImpl-9a706c7a-1c63-4529-bede-54329d36819c/datanode-2/data/ratis/d6ae6474-5aee-467e-9d75-793ed6db7d64/current/log_inprogress_0
2019-09-25 06:16:43,294 [4eded300-c0fb-4b87-afc1-b9b61b2e7e1b@group-C874EACB6753:LeaderElection94] INFO  impl.RoleInfo (RoleInfo.java:updateAndGet(143)) - 4eded300-c0fb-4b87-afc1-b9b61b2e7e1b: start LeaderState
2019-09-25 06:16:43,295 [4eded300-c0fb-4b87-afc1-b9b61b2e7e1b@group-C874EACB6753:LeaderElection94] INFO  segmented.SegmentedRaftLogWorker (SegmentedRaftLogWorker.java:startLogSegment(380)) - 4eded300-c0fb-4b87-afc1-b9b61b2e7e1b@group-C874EACB6753-SegmentedRaftLogWorker: Starting segment from index:0
2019-09-25 06:16:43,295 [Thread-2714] INFO  impl.RoleInfo (RoleInfo.java:shutdownFollowerState(121)) - 4eded300-c0fb-4b87-afc1-b9b61b2e7e1b: shutdown FollowerState
2019-09-25 06:16:43,295 [Thread-2714] INFO  impl.RaftServerImpl (RaftServerImpl.java:setRole(174)) - 4eded300-c0fb-4b87-afc1-b9b61b2e7e1b@group-F0F3A908AFEE: changes role from  FOLLOWER to CANDIDATE at term 0 for changeToCandidate
2019-09-25 06:16:43,295 [Thread-2714] INFO  impl.RoleInfo (RoleInfo.java:updateAndGet(143)) - 4eded300-c0fb-4b87-afc1-b9b61b2e7e1b: start LeaderElection
2019-09-25 06:16:43,295 [4eded300-c0fb-4b87-afc1-b9b61b2e7e1b@group-C874EACB6753:LeaderElection94] INFO  impl.RaftServerImpl (ServerState.java:setRaftConf(354)) - 4eded300-c0fb-4b87-afc1-b9b61b2e7e1b@group-C874EACB6753: set configuration 0: [4eded300-c0fb-4b87-afc1-b9b61b2e7e1b:192.168.164.207:43992], old=null at 0
2019-09-25 06:16:43,324 [7e09b52c-cd88-4918-9f32-f870e77b8b81@group-94395A59FEA8-SegmentedRaftLogWorker] INFO  segmented.SegmentedRaftLogWorker (SegmentedRaftLogWorker.java:execute(569)) - 7e09b52c-cd88-4918-9f32-f870e77b8b81@group-94395A59FEA8-SegmentedRaftLogWorker: created new log segment /workdir/hadoop-ozone/ozonefs/target/test-dir/MiniOzoneClusterImpl-9a706c7a-1c63-4529-bede-54329d36819c/datanode-0/data/ratis/3eb3ce67-f578-4d28-8c8f-94395a59fea8/current/log_inprogress_0
2019-09-25 06:16:43,324 [7e09b52c-cd88-4918-9f32-f870e77b8b81@group-86E31CBCDE12:LeaderElection89] INFO  impl.RoleInfo (RoleInfo.java:updateAndGet(143)) - 7e09b52c-cd88-4918-9f32-f870e77b8b81: start LeaderState
2019-09-25 06:16:43,328 [7e09b52c-cd88-4918-9f32-f870e77b8b81@group-86E31CBCDE12:LeaderElection89] INFO  segmented.SegmentedRaftLogWorker (SegmentedRaftLogWorker.java:startLogSegment(380)) - 7e09b52c-cd88-4918-9f32-f870e77b8b81@group-86E31CBCDE12-SegmentedRaftLogWorker: Starting segment from index:0
2019-09-25 06:16:43,329 [58065e78-105d-47b8-969e-4862a5832b33@group-34CF4D5CE87F:LeaderElection97] INFO  impl.RoleInfo (RoleInfo.java:updateAndGet(143)) - 58065e78-105d-47b8-969e-4862a5832b33: start LeaderState
2019-09-25 06:16:43,329 [7e09b52c-cd88-4918-9f32-f870e77b8b81@group-90A090AEE505:LeaderElection92] INFO  impl.RoleInfo (RoleInfo.java:updateAndGet(143)) - 7e09b52c-cd88-4918-9f32-f870e77b8b81: start LeaderState
2019-09-25 06:16:43,329 [58065e78-105d-47b8-969e-4862a5832b33@group-34CF4D5CE87F:LeaderElection97] INFO  segmented.SegmentedRaftLogWorker (SegmentedRaftLogWorker.java:startLogSegment(380)) - 58065e78-105d-47b8-969e-4862a5832b33@group-34CF4D5CE87F-SegmentedRaftLogWorker: Starting segment from index:0
2019-09-25 06:16:43,329 [7e09b52c-cd88-4918-9f32-f870e77b8b81@group-86E31CBCDE12:LeaderElection89] INFO  impl.RaftServerImpl (ServerState.java:setRaftConf(354)) - 7e09b52c-cd88-4918-9f32-f870e77b8b81@group-86E31CBCDE12: set configuration 0: [7e09b52c-cd88-4918-9f32-f870e77b8b81:192.168.164.207:37622], old=null at 0
2019-09-25 06:16:43,329 [7e09b52c-cd88-4918-9f32-f870e77b8b81@group-90A090AEE505:LeaderElection92] INFO  segmented.SegmentedRaftLogWorker (SegmentedRaftLogWorker.java:startLogSegment(380)) - 7e09b52c-cd88-4918-9f32-f870e77b8b81@group-90A090AEE505-SegmentedRaftLogWorker: Starting segment from index:0
2019-09-25 06:16:43,362 [Thread-2717] INFO  impl.FollowerState (FollowerState.java:run(106)) - 4eded300-c0fb-4b87-afc1-b9b61b2e7e1b:group-4D327C1646CE changes to CANDIDATE, lastRpcTime:5207, electionTimeout:5197ms
2019-09-25 06:16:43,363 [4eded300-c0fb-4b87-afc1-b9b61b2e7e1b@group-C874EACB6753-SegmentedRaftLogWorker] INFO  segmented.SegmentedRaftLogWorker (SegmentedRaftLogWorker.java:execute(569)) - 4eded300-c0fb-4b87-afc1-b9b61b2e7e1b@group-C874EACB6753-SegmentedRaftLogWorker: created new log segment /workdir/hadoop-ozone/ozonefs/target/test-dir/MiniOzoneClusterImpl-9a706c7a-1c63-4529-bede-54329d36819c/datanode-1/data/ratis/6e5a2230-591c-4358-9df8-c874eacb6753/current/log_inprogress_0
2019-09-25 06:16:43,363 [4eded300-c0fb-4b87-afc1-b9b61b2e7e1b@group-F0F3A908AFEE:LeaderElection104] INFO  impl.LeaderElection (LeaderElection.java:askForVotes(182)) - 4eded300-c0fb-4b87-afc1-b9b61b2e7e1b@group-F0F3A908AFEE:LeaderElection104: begin an election at term 1 for -1: [4eded300-c0fb-4b87-afc1-b9b61b2e7e1b:192.168.164.207:43992], old=null
2019-09-25 06:16:43,363 [58065e78-105d-47b8-969e-4862a5832b33@group-34CF4D5CE87F:LeaderElection97] INFO  impl.RaftServerImpl (ServerState.java:setRaftConf(354)) - 58065e78-105d-47b8-969e-4862a5832b33@group-34CF4D5CE87F: set configuration 0: [58065e78-105d-47b8-969e-4862a5832b33:192.168.164.207:35043], old=null at 0
2019-09-25 06:16:43,363 [4eded300-c0fb-4b87-afc1-b9b61b2e7e1b@group-F0F3A908AFEE:LeaderElection104] INFO  impl.RoleInfo (RoleInfo.java:shutdownLeaderElection(134)) - 4eded300-c0fb-4b87-afc1-b9b61b2e7e1b: shutdown LeaderElection
2019-09-25 06:16:43,402 [7e09b52c-cd88-4918-9f32-f870e77b8b81@group-86E31CBCDE12-SegmentedRaftLogWorker] INFO  segmented.SegmentedRaftLogWorker (SegmentedRaftLogWorker.java:execute(569)) - 7e09b52c-cd88-4918-9f32-f870e77b8b81@group-86E31CBCDE12-SegmentedRaftLogWorker: created new log segment /workdir/hadoop-ozone/ozonefs/target/test-dir/MiniOzoneClusterImpl-9a706c7a-1c63-4529-bede-54329d36819c/datanode-0/data/ratis/3c47f3ae-a282-49f5-85cf-86e31cbcde12/current/log_inprogress_0
2019-09-25 06:16:43,402 [7e09b52c-cd88-4918-9f32-f870e77b8b81@group-90A090AEE505:LeaderElection92] INFO  impl.RaftServerImpl (ServerState.java:setRaftConf(354)) - 7e09b52c-cd88-4918-9f32-f870e77b8b81@group-90A090AEE505: set configuration 0: [7e09b52c-cd88-4918-9f32-f870e77b8b81:192.168.164.207:37622], old=null at 0
2019-09-25 06:16:43,402 [Thread-2717] INFO  impl.RoleInfo (RoleInfo.java:shutdownFollowerState(121)) - 4eded300-c0fb-4b87-afc1-b9b61b2e7e1b: shutdown FollowerState
2019-09-25 06:16:43,402 [4eded300-c0fb-4b87-afc1-b9b61b2e7e1b@group-F0F3A908AFEE:LeaderElection104] INFO  impl.RaftServerImpl (RaftServerImpl.java:setRole(174)) - 4eded300-c0fb-4b87-afc1-b9b61b2e7e1b@group-F0F3A908AFEE: changes role from CANDIDATE to LEADER at term 1 for changeToLeader
2019-09-25 06:16:43,435 [Thread-2717] INFO  impl.RaftServerImpl (RaftServerImpl.java:setRole(174)) - 4eded300-c0fb-4b87-afc1-b9b61b2e7e1b@group-4D327C1646CE: changes role from  FOLLOWER to CANDIDATE at term 0 for changeToCandidate
2019-09-25 06:16:43,435 [58065e78-105d-47b8-969e-4862a5832b33@group-34CF4D5CE87F-SegmentedRaftLogWorker] INFO  segmented.SegmentedRaftLogWorker (SegmentedRaftLogWorker.java:execute(569)) - 58065e78-105d-47b8-969e-4862a5832b33@group-34CF4D5CE87F-SegmentedRaftLogWorker: created new log segment /workdir/hadoop-ozone/ozonefs/target/test-dir/MiniOzoneClusterImpl-9a706c7a-1c63-4529-bede-54329d36819c/datanode-2/data/ratis/d52388e3-bca0-4422-8f56-34cf4d5ce87f/current/log_inprogress_0
2019-09-25 06:16:43,436 [Thread-2717] INFO  impl.RoleInfo (RoleInfo.java:updateAndGet(143)) - 4eded300-c0fb-4b87-afc1-b9b61b2e7e1b: start LeaderElection
2019-09-25 06:16:43,436 [4eded300-c0fb-4b87-afc1-b9b61b2e7e1b@group-36468FD9F89C:LeaderElection90] INFO  impl.RoleInfo (RoleInfo.java:updateAndGet(143)) - 4eded300-c0fb-4b87-afc1-b9b61b2e7e1b: start LeaderState
2019-09-25 06:16:43,436 [4eded300-c0fb-4b87-afc1-b9b61b2e7e1b@group-F0F3A908AFEE:LeaderElection104] INFO  impl.RaftServerImpl (ServerState.java:setLeader(253)) - 4eded300-c0fb-4b87-afc1-b9b61b2e7e1b@group-F0F3A908AFEE: change Leader from null to 4eded300-c0fb-4b87-afc1-b9b61b2e7e1b at term 1 for becomeLeader, leader elected after 5329ms
2019-09-25 06:16:43,436 [4eded300-c0fb-4b87-afc1-b9b61b2e7e1b@group-36468FD9F89C:LeaderElection90] INFO  segmented.SegmentedRaftLogWorker (SegmentedRaftLogWorker.java:startLogSegment(380)) - 4eded300-c0fb-4b87-afc1-b9b61b2e7e1b@group-36468FD9F89C-SegmentedRaftLogWorker: Starting segment from index:0
2019-09-25 06:16:43,436 [4eded300-c0fb-4b87-afc1-b9b61b2e7e1b@group-F0F3A908AFEE:LeaderElection104] INFO  server.RaftServerConfigKeys (ConfUtils.java:logGet(43)) - raft.server.staging.catchup.gap = 1000 (default)
2019-09-25 06:16:43,436 [4eded300-c0fb-4b87-afc1-b9b61b2e7e1b@group-2EF67CDFD842:LeaderElection99] INFO  impl.RoleInfo (RoleInfo.java:updateAndGet(143)) - 4eded300-c0fb-4b87-afc1-b9b61b2e7e1b: start LeaderState
2019-09-25 06:16:43,441 [4eded300-c0fb-4b87-afc1-b9b61b2e7e1b@group-36468FD9F89C:LeaderElection90] INFO  impl.RaftServerImpl (ServerState.java:setRaftConf(354)) - 4eded300-c0fb-4b87-afc1-b9b61b2e7e1b@group-36468FD9F89C: set configuration 0: [4eded300-c0fb-4b87-afc1-b9b61b2e7e1b:192.168.164.207:43992], old=null at 0
2019-09-25 06:16:43,441 [4eded300-c0fb-4b87-afc1-b9b61b2e7e1b@group-F0F3A908AFEE:LeaderElection104] INFO  server.RaftServerConfigKeys (ConfUtils.java:logGet(43)) - raft.server.rpc.sleep.time = 25ms (default)
2019-09-25 06:16:43,441 [4eded300-c0fb-4b87-afc1-b9b61b2e7e1b@group-2EF67CDFD842:LeaderElection99] INFO  segmented.SegmentedRaftLogWorker (SegmentedRaftLogWorker.java:startLogSegment(380)) - 4eded300-c0fb-4b87-afc1-b9b61b2e7e1b@group-2EF67CDFD842-SegmentedRaftLogWorker: Starting segment from index:0
2019-09-25 06:16:43,474 [7e09b52c-cd88-4918-9f32-f870e77b8b81@group-90A090AEE505-SegmentedRaftLogWorker] INFO  segmented.SegmentedRaftLogWorker (SegmentedRaftLogWorker.java:execute(569)) - 7e09b52c-cd88-4918-9f32-f870e77b8b81@group-90A090AEE505-SegmentedRaftLogWorker: created new log segment /workdir/hadoop-ozone/ozonefs/target/test-dir/MiniOzoneClusterImpl-9a706c7a-1c63-4529-bede-54329d36819c/datanode-0/data/ratis/7352f5c9-0fe4-49c2-8e21-90a090aee505/current/log_inprogress_0
2019-09-25 06:16:43,475 [4eded300-c0fb-4b87-afc1-b9b61b2e7e1b@group-F0F3A908AFEE:LeaderElection104] INFO  server.RaftServerConfigKeys (ConfUtils.java:logGet(43)) - raft.server.write.element-limit = 4096 (default)
2019-09-25 06:16:43,476 [4eded300-c0fb-4b87-afc1-b9b61b2e7e1b@group-2EF67CDFD842:LeaderElection99] INFO  impl.RaftServerImpl (ServerState.java:setRaftConf(354)) - 4eded300-c0fb-4b87-afc1-b9b61b2e7e1b@group-2EF67CDFD842: set configuration 0: [4eded300-c0fb-4b87-afc1-b9b61b2e7e1b:192.168.164.207:43992], old=null at 0
2019-09-25 06:16:43,476 [4eded300-c0fb-4b87-afc1-b9b61b2e7e1b@group-F0F3A908AFEE:LeaderElection104] INFO  server.RaftServerConfigKeys (ConfUtils.java:logGet(43)) - raft.server.watch.timeout = 10s (default)
2019-09-25 06:16:43,516 [4eded300-c0fb-4b87-afc1-b9b61b2e7e1b@group-4D327C1646CE:LeaderElection105] INFO  impl.LeaderElection (LeaderElection.java:askForVotes(182)) - 4eded300-c0fb-4b87-afc1-b9b61b2e7e1b@group-4D327C1646CE:LeaderElection105: begin an election at term 1 for -1: [4eded300-c0fb-4b87-afc1-b9b61b2e7e1b:192.168.164.207:43992], old=null
2019-09-25 06:16:43,516 [4eded300-c0fb-4b87-afc1-b9b61b2e7e1b@group-36468FD9F89C-SegmentedRaftLogWorker] INFO  segmented.SegmentedRaftLogWorker (SegmentedRaftLogWorker.java:execute(569)) - 4eded300-c0fb-4b87-afc1-b9b61b2e7e1b@group-36468FD9F89C-SegmentedRaftLogWorker: created new log segment /workdir/hadoop-ozone/ozonefs/target/test-dir/MiniOzoneClusterImpl-9a706c7a-1c63-4529-bede-54329d36819c/datanode-1/data/ratis/2a6f32c2-0266-4576-85cc-36468fd9f89c/current/log_inprogress_0
2019-09-25 06:16:43,516 [4eded300-c0fb-4b87-afc1-b9b61b2e7e1b@group-4D327C1646CE:LeaderElection105] INFO  impl.RoleInfo (RoleInfo.java:shutdownLeaderElection(134)) - 4eded300-c0fb-4b87-afc1-b9b61b2e7e1b: shutdown LeaderElection
2019-09-25 06:16:43,516 [4eded300-c0fb-4b87-afc1-b9b61b2e7e1b@group-F0F3A908AFEE:LeaderElection104] INFO  server.RaftServerConfigKeys (ConfUtils.java:logGet(43)) - raft.server.watch.timeout.denomination = 1s (default)
2019-09-25 06:16:43,517 [4eded300-c0fb-4b87-afc1-b9b61b2e7e1b@group-4D327C1646CE:LeaderElection105] INFO  impl.RaftServerImpl (RaftServerImpl.java:setRole(174)) - 4eded300-c0fb-4b87-afc1-b9b61b2e7e1b@group-4D327C1646CE: changes role from CANDIDATE to LEADER at term 1 for changeToLeader
2019-09-25 06:16:43,517 [4eded300-c0fb-4b87-afc1-b9b61b2e7e1b@group-F0F3A908AFEE:LeaderElection104] INFO  server.RaftServerConfigKeys (ConfUtils.java:logGet(43)) - raft.server.watch.element-limit = 65536 (default)
2019-09-25 06:16:43,517 [4eded300-c0fb-4b87-afc1-b9b61b2e7e1b@group-4D327C1646CE:LeaderElection105] INFO  impl.RaftServerImpl (ServerState.java:setLeader(253)) - 4eded300-c0fb-4b87-afc1-b9b61b2e7e1b@group-4D327C1646CE: change Leader from null to 4eded300-c0fb-4b87-afc1-b9b61b2e7e1b at term 1 for becomeLeader, leader elected after 5366ms
2019-09-25 06:16:43,517 [4eded300-c0fb-4b87-afc1-b9b61b2e7e1b@group-4D327C1646CE:LeaderElection105] INFO  server.RaftServerConfigKeys (ConfUtils.java:logGet(43)) - raft.server.staging.catchup.gap = 1000 (default)
2019-09-25 06:16:43,518 [4eded300-c0fb-4b87-afc1-b9b61b2e7e1b@group-4D327C1646CE:LeaderElection105] INFO  server.RaftServerConfigKeys (ConfUtils.java:logGet(43)) - raft.server.rpc.sleep.time = 25ms (default)
2019-09-25 06:16:43,518 [4eded300-c0fb-4b87-afc1-b9b61b2e7e1b@group-93B9AD4B49BD:LeaderElection100] INFO  impl.RoleInfo (RoleInfo.java:updateAndGet(143)) - 4eded300-c0fb-4b87-afc1-b9b61b2e7e1b: start LeaderState
2019-09-25 06:16:43,518 [58065e78-105d-47b8-969e-4862a5832b33@group-CCEDFC30A4BF:LeaderElection101] INFO  impl.RoleInfo (RoleInfo.java:updateAndGet(143)) - 58065e78-105d-47b8-969e-4862a5832b33: start LeaderState
2019-09-25 06:16:43,518 [4eded300-c0fb-4b87-afc1-b9b61b2e7e1b@group-93B9AD4B49BD:LeaderElection100] INFO  segmented.SegmentedRaftLogWorker (SegmentedRaftLogWorker.java:startLogSegment(380)) - 4eded300-c0fb-4b87-afc1-b9b61b2e7e1b@group-93B9AD4B49BD-SegmentedRaftLogWorker: Starting segment from index:0
2019-09-25 06:16:43,518 [4eded300-c0fb-4b87-afc1-b9b61b2e7e1b@group-4D327C1646CE:LeaderElection105] INFO  server.RaftServerConfigKeys (ConfUtils.java:logGet(43)) - raft.server.write.element-limit = 4096 (default)
2019-09-25 06:16:43,518 [58065e78-105d-47b8-969e-4862a5832b33@group-CCEDFC30A4BF:LeaderElection101] INFO  segmented.SegmentedRaftLogWorker (SegmentedRaftLogWorker.java:startLogSegment(380)) - 58065e78-105d-47b8-969e-4862a5832b33@group-CCEDFC30A4BF-SegmentedRaftLogWorker: Starting segment from index:0
2019-09-25 06:16:43,519 [4eded300-c0fb-4b87-afc1-b9b61b2e7e1b@group-93B9AD4B49BD:LeaderElection100] INFO  impl.RaftServerImpl (ServerState.java:setRaftConf(354)) - 4eded300-c0fb-4b87-afc1-b9b61b2e7e1b@group-93B9AD4B49BD: set configuration 0: [4eded300-c0fb-4b87-afc1-b9b61b2e7e1b:192.168.164.207:43992], old=null at 0
2019-09-25 06:16:43,519 [4eded300-c0fb-4b87-afc1-b9b61b2e7e1b@group-4D327C1646CE:LeaderElection105] INFO  server.RaftServerConfigKeys (ConfUtils.java:logGet(43)) - raft.server.watch.timeout = 10s (default)
2019-09-25 06:16:43,556 [4eded300-c0fb-4b87-afc1-b9b61b2e7e1b@group-2EF67CDFD842-SegmentedRaftLogWorker] INFO  segmented.SegmentedRaftLogWorker (SegmentedRaftLogWorker.java:execute(569)) - 4eded300-c0fb-4b87-afc1-b9b61b2e7e1b@group-2EF67CDFD842-SegmentedRaftLogWorker: created new log segment /workdir/hadoop-ozone/ozonefs/target/test-dir/MiniOzoneClusterImpl-9a706c7a-1c63-4529-bede-54329d36819c/datanode-1/data/ratis/cf946650-32d1-4402-a600-2ef67cdfd842/current/log_inprogress_0
2019-09-25 06:16:43,519 [58065e78-105d-47b8-969e-4862a5832b33@group-992356B80D4D:LeaderElection102] INFO  impl.RoleInfo (RoleInfo.java:updateAndGet(143)) - 58065e78-105d-47b8-969e-4862a5832b33: start LeaderState
2019-09-25 06:16:43,556 [4eded300-c0fb-4b87-afc1-b9b61b2e7e1b@group-4D327C1646CE:LeaderElection105] INFO  server.RaftServerConfigKeys (ConfUtils.java:logGet(43)) - raft.server.watch.timeout.denomination = 1s (default)
2019-09-25 06:16:43,556 [4eded300-c0fb-4b87-afc1-b9b61b2e7e1b@group-4D327C1646CE:LeaderElection105] INFO  server.RaftServerConfigKeys (ConfUtils.java:logGet(43)) - raft.server.watch.element-limit = 65536 (default)
2019-09-25 06:16:43,556 [58065e78-105d-47b8-969e-4862a5832b33@group-CCEDFC30A4BF:LeaderElection101] INFO  impl.RaftServerImpl (ServerState.java:setRaftConf(354)) - 58065e78-105d-47b8-969e-4862a5832b33@group-CCEDFC30A4BF: set configuration 0: [58065e78-105d-47b8-969e-4862a5832b33:192.168.164.207:35043], old=null at 0
2019-09-25 06:16:43,557 [58065e78-105d-47b8-969e-4862a5832b33@group-3CD655F1ADA3:LeaderElection103] INFO  impl.RoleInfo (RoleInfo.java:updateAndGet(143)) - 58065e78-105d-47b8-969e-4862a5832b33: start LeaderState
2019-09-25 06:16:43,556 [58065e78-105d-47b8-969e-4862a5832b33@group-992356B80D4D:LeaderElection102] INFO  segmented.SegmentedRaftLogWorker (SegmentedRaftLogWorker.java:startLogSegment(380)) - 58065e78-105d-47b8-969e-4862a5832b33@group-992356B80D4D-SegmentedRaftLogWorker: Starting segment from index:0
2019-09-25 06:16:43,597 [58065e78-105d-47b8-969e-4862a5832b33@group-3CD655F1ADA3:LeaderElection103] INFO  segmented.SegmentedRaftLogWorker (SegmentedRaftLogWorker.java:startLogSegment(380)) - 58065e78-105d-47b8-969e-4862a5832b33@group-3CD655F1ADA3-SegmentedRaftLogWorker: Starting segment from index:0
2019-09-25 06:16:43,597 [4eded300-c0fb-4b87-afc1-b9b61b2e7e1b@group-93B9AD4B49BD-SegmentedRaftLogWorker] INFO  segmented.SegmentedRaftLogWorker (SegmentedRaftLogWorker.java:execute(569)) - 4eded300-c0fb-4b87-afc1-b9b61b2e7e1b@group-93B9AD4B49BD-SegmentedRaftLogWorker: created new log segment /workdir/hadoop-ozone/ozonefs/target/test-dir/MiniOzoneClusterImpl-9a706c7a-1c63-4529-bede-54329d36819c/datanode-1/data/ratis/ef32ab1d-ee33-4a14-af43-93b9ad4b49bd/current/log_inprogress_0
2019-09-25 06:16:43,598 [58065e78-105d-47b8-969e-4862a5832b33@group-992356B80D4D:LeaderElection102] INFO  impl.RaftServerImpl (ServerState.java:setRaftConf(354)) - 58065e78-105d-47b8-969e-4862a5832b33@group-992356B80D4D: set configuration 0: [58065e78-105d-47b8-969e-4862a5832b33:192.168.164.207:35043], old=null at 0
2019-09-25 06:16:43,597 [4eded300-c0fb-4b87-afc1-b9b61b2e7e1b@group-F0F3A908AFEE:LeaderElection104] INFO  impl.RoleInfo (RoleInfo.java:updateAndGet(143)) - 4eded300-c0fb-4b87-afc1-b9b61b2e7e1b: start LeaderState
2019-09-25 06:16:43,641 [58065e78-105d-47b8-969e-4862a5832b33@group-3CD655F1ADA3:LeaderElection103] INFO  impl.RaftServerImpl (ServerState.java:setRaftConf(354)) - 58065e78-105d-47b8-969e-4862a5832b33@group-3CD655F1ADA3: set configuration 0: [58065e78-105d-47b8-969e-4862a5832b33:192.168.164.207:35043], old=null at 0
2019-09-25 06:16:43,641 [4eded300-c0fb-4b87-afc1-b9b61b2e7e1b@group-F0F3A908AFEE:LeaderElection104] INFO  segmented.SegmentedRaftLogWorker (SegmentedRaftLogWorker.java:startLogSegment(380)) - 4eded300-c0fb-4b87-afc1-b9b61b2e7e1b@group-F0F3A908AFEE-SegmentedRaftLogWorker: Starting segment from index:0
2019-09-25 06:16:43,680 [4eded300-c0fb-4b87-afc1-b9b61b2e7e1b@group-4D327C1646CE:LeaderElection105] INFO  impl.RoleInfo (RoleInfo.java:updateAndGet(143)) - 4eded300-c0fb-4b87-afc1-b9b61b2e7e1b: start LeaderState
2019-09-25 06:16:43,680 [4eded300-c0fb-4b87-afc1-b9b61b2e7e1b@group-4D327C1646CE:LeaderElection105] INFO  segmented.SegmentedRaftLogWorker (SegmentedRaftLogWorker.java:startLogSegment(380)) - 4eded300-c0fb-4b87-afc1-b9b61b2e7e1b@group-4D327C1646CE-SegmentedRaftLogWorker: Starting segment from index:0
2019-09-25 06:16:43,680 [4eded300-c0fb-4b87-afc1-b9b61b2e7e1b@group-F0F3A908AFEE:LeaderElection104] INFO  impl.RaftServerImpl (ServerState.java:setRaftConf(354)) - 4eded300-c0fb-4b87-afc1-b9b61b2e7e1b@group-F0F3A908AFEE: set configuration 0: [4eded300-c0fb-4b87-afc1-b9b61b2e7e1b:192.168.164.207:43992], old=null at 0
2019-09-25 06:16:43,712 [main] INFO  ozoneimpl.OzoneContainer (OzoneContainer.java:stop(231)) - Attempting to stop container services.
2019-09-25 06:16:43,712 [4eded300-c0fb-4b87-afc1-b9b61b2e7e1b@group-4D327C1646CE:LeaderElection105] INFO  impl.RaftServerImpl (ServerState.java:setRaftConf(354)) - 4eded300-c0fb-4b87-afc1-b9b61b2e7e1b@group-4D327C1646CE: set configuration 0: [4eded300-c0fb-4b87-afc1-b9b61b2e7e1b:192.168.164.207:43992], old=null at 0
2019-09-25 06:16:43,712 [ForkJoinPool.commonPool-worker-1] INFO  ozoneimpl.OzoneContainer (OzoneContainer.java:stop(231)) - Attempting to stop container services.
2019-09-25 06:16:43,713 [main] INFO  impl.RaftServerProxy (RaftServerProxy.java:lambda$close$4(314)) - 4eded300-c0fb-4b87-afc1-b9b61b2e7e1b: close
2019-09-25 06:16:43,753 [ForkJoinPool.commonPool-worker-1] INFO  impl.RaftServerProxy (RaftServerProxy.java:lambda$close$4(314)) - 7e09b52c-cd88-4918-9f32-f870e77b8b81: close
2019-09-25 06:16:43,754 [main] INFO  impl.RaftServerImpl (RaftServerImpl.java:lambda$shutdown$3(251)) - 4eded300-c0fb-4b87-afc1-b9b61b2e7e1b@group-93B9AD4B49BD: shutdown
2019-09-25 06:16:43,754 [ForkJoinPool.commonPool-worker-1] INFO  impl.RaftServerImpl (RaftServerImpl.java:lambda$shutdown$3(251)) - 7e09b52c-cd88-4918-9f32-f870e77b8b81@group-90A090AEE505: shutdown
2019-09-25 06:16:43,754 [main] INFO  util.JmxRegister (JmxRegister.java:unregister(73)) - Successfully un-registered JMX Bean with object name Ratis:service=RaftServer,group=group-93B9AD4B49BD,id=4eded300-c0fb-4b87-afc1-b9b61b2e7e1b
2019-09-25 06:16:43,754 [ForkJoinPool.commonPool-worker-1] INFO  util.JmxRegister (JmxRegister.java:unregister(73)) - Successfully un-registered JMX Bean with object name Ratis:service=RaftServer,group=group-90A090AEE505,id=7e09b52c-cd88-4918-9f32-f870e77b8b81
2019-09-25 06:16:43,755 [main] INFO  impl.RoleInfo (RoleInfo.java:shutdownLeaderState(104)) - 4eded300-c0fb-4b87-afc1-b9b61b2e7e1b: shutdown LeaderState
2019-09-25 06:16:43,755 [ForkJoinPool.commonPool-worker-1] INFO  impl.RoleInfo (RoleInfo.java:shutdownLeaderState(104)) - 7e09b52c-cd88-4918-9f32-f870e77b8b81: shutdown LeaderState
2019-09-25 06:16:43,756 [main] INFO  impl.PendingRequests (PendingRequests.java:sendNotLeaderResponses(202)) - 4eded300-c0fb-4b87-afc1-b9b61b2e7e1b-PendingRequests: sendNotLeaderResponses
2019-09-25 06:16:43,756 [ForkJoinPool.commonPool-worker-1] INFO  impl.PendingRequests (PendingRequests.java:sendNotLeaderResponses(202)) - 7e09b52c-cd88-4918-9f32-f870e77b8b81-PendingRequests: sendNotLeaderResponses
2019-09-25 06:16:43,756 [main] INFO  impl.StateMachineUpdater (StateMachineUpdater.java:stopAndJoin(125)) - 4eded300-c0fb-4b87-afc1-b9b61b2e7e1b@group-93B9AD4B49BD-StateMachineUpdater: set stopIndex = 0
2019-09-25 06:16:43,767 [main] INFO  impl.RaftServerImpl (ServerState.java:close(385)) - 4eded300-c0fb-4b87-afc1-b9b61b2e7e1b@group-93B9AD4B49BD: closes. applyIndex: 0
2019-09-25 06:16:43,756 [ForkJoinPool.commonPool-worker-1] INFO  impl.StateMachineUpdater (StateMachineUpdater.java:stopAndJoin(125)) - 7e09b52c-cd88-4918-9f32-f870e77b8b81@group-90A090AEE505-StateMachineUpdater: set stopIndex = 0
2019-09-25 06:16:43,768 [4eded300-c0fb-4b87-afc1-b9b61b2e7e1b@group-93B9AD4B49BD-SegmentedRaftLogWorker] INFO  segmented.SegmentedRaftLogWorker (SegmentedRaftLogWorker.java:run(313)) - 4eded300-c0fb-4b87-afc1-b9b61b2e7e1b@group-93B9AD4B49BD-SegmentedRaftLogWorker was interrupted, exiting. There are 0 tasks remaining in the queue.
2019-09-25 06:16:43,768 [ForkJoinPool.commonPool-worker-1] INFO  impl.RaftServerImpl (ServerState.java:close(385)) - 7e09b52c-cd88-4918-9f32-f870e77b8b81@group-90A090AEE505: closes. applyIndex: 0
2019-09-25 06:16:43,770 [main] INFO  segmented.SegmentedRaftLogWorker (SegmentedRaftLogWorker.java:close(228)) - 4eded300-c0fb-4b87-afc1-b9b61b2e7e1b@group-93B9AD4B49BD-SegmentedRaftLogWorker close()
2019-09-25 06:16:43,770 [7e09b52c-cd88-4918-9f32-f870e77b8b81@group-90A090AEE505-SegmentedRaftLogWorker] INFO  segmented.SegmentedRaftLogWorker (SegmentedRaftLogWorker.java:run(313)) - 7e09b52c-cd88-4918-9f32-f870e77b8b81@group-90A090AEE505-SegmentedRaftLogWorker was interrupted, exiting. There are 0 tasks remaining in the queue.
2019-09-25 06:16:43,774 [main] INFO  impl.RaftServerImpl (RaftServerImpl.java:lambda$shutdown$3(251)) - 4eded300-c0fb-4b87-afc1-b9b61b2e7e1b@group-4D327C1646CE: shutdown
2019-09-25 06:16:43,777 [ForkJoinPool.commonPool-worker-1] INFO  segmented.SegmentedRaftLogWorker (SegmentedRaftLogWorker.java:close(228)) - 7e09b52c-cd88-4918-9f32-f870e77b8b81@group-90A090AEE505-SegmentedRaftLogWorker close()
2019-09-25 06:16:43,777 [main] INFO  util.JmxRegister (JmxRegister.java:unregister(73)) - Successfully un-registered JMX Bean with object name Ratis:service=RaftServer,group=group-4D327C1646CE,id=4eded300-c0fb-4b87-afc1-b9b61b2e7e1b
2019-09-25 06:16:43,790 [ForkJoinPool.commonPool-worker-1] INFO  impl.RaftServerImpl (RaftServerImpl.java:lambda$shutdown$3(251)) - 7e09b52c-cd88-4918-9f32-f870e77b8b81@group-409783C09C3A: shutdown
2019-09-25 06:16:43,791 [main] INFO  impl.RoleInfo (RoleInfo.java:shutdownLeaderState(104)) - 4eded300-c0fb-4b87-afc1-b9b61b2e7e1b: shutdown LeaderState
2019-09-25 06:16:43,791 [ForkJoinPool.commonPool-worker-1] INFO  util.JmxRegister (JmxRegister.java:unregister(73)) - Successfully un-registered JMX Bean with object name Ratis:service=RaftServer,group=group-409783C09C3A,id=7e09b52c-cd88-4918-9f32-f870e77b8b81
2019-09-25 06:16:43,792 [ForkJoinPool.commonPool-worker-1] INFO  impl.RoleInfo (RoleInfo.java:shutdownLeaderState(104)) - 7e09b52c-cd88-4918-9f32-f870e77b8b81: shutdown LeaderState
2019-09-25 06:16:43,792 [main] INFO  impl.PendingRequests (PendingRequests.java:sendNotLeaderResponses(202)) - 4eded300-c0fb-4b87-afc1-b9b61b2e7e1b-PendingRequests: sendNotLeaderResponses
2019-09-25 06:16:43,792 [ForkJoinPool.commonPool-worker-1] INFO  impl.PendingRequests (PendingRequests.java:sendNotLeaderResponses(202)) - 7e09b52c-cd88-4918-9f32-f870e77b8b81-PendingRequests: sendNotLeaderResponses
2019-09-25 06:16:43,792 [main] INFO  impl.StateMachineUpdater (StateMachineUpdater.java:stopAndJoin(125)) - 4eded300-c0fb-4b87-afc1-b9b61b2e7e1b@group-4D327C1646CE-StateMachineUpdater: set stopIndex = -1
2019-09-25 06:16:43,793 [ForkJoinPool.commonPool-worker-1] INFO  impl.StateMachineUpdater (StateMachineUpdater.java:stopAndJoin(125)) - 7e09b52c-cd88-4918-9f32-f870e77b8b81@group-409783C09C3A-StateMachineUpdater: set stopIndex = 0
2019-09-25 06:16:43,793 [main] INFO  impl.RaftServerImpl (ServerState.java:close(385)) - 4eded300-c0fb-4b87-afc1-b9b61b2e7e1b@group-4D327C1646CE: closes. applyIndex: -1
2019-09-25 06:16:43,793 [ForkJoinPool.commonPool-worker-1] INFO  impl.RaftServerImpl (ServerState.java:close(385)) - 7e09b52c-cd88-4918-9f32-f870e77b8b81@group-409783C09C3A: closes. applyIndex: 0
2019-09-25 06:16:43,796 [7e09b52c-cd88-4918-9f32-f870e77b8b81@group-409783C09C3A-SegmentedRaftLogWorker] INFO  segmented.SegmentedRaftLogWorker (SegmentedRaftLogWorker.java:run(313)) - 7e09b52c-cd88-4918-9f32-f870e77b8b81@group-409783C09C3A-SegmentedRaftLogWorker was interrupted, exiting. There are 0 tasks remaining in the queue.
2019-09-25 06:16:43,798 [ForkJoinPool.commonPool-worker-1] INFO  segmented.SegmentedRaftLogWorker (SegmentedRaftLogWorker.java:close(228)) - 7e09b52c-cd88-4918-9f32-f870e77b8b81@group-409783C09C3A-SegmentedRaftLogWorker close()
2019-09-25 06:16:43,799 [ForkJoinPool.commonPool-worker-1] INFO  impl.RaftServerImpl (RaftServerImpl.java:lambda$shutdown$3(251)) - 7e09b52c-cd88-4918-9f32-f870e77b8b81@group-94395A59FEA8: shutdown
2019-09-25 06:16:43,800 [ForkJoinPool.commonPool-worker-1] INFO  util.JmxRegister (JmxRegister.java:unregister(73)) - Successfully un-registered JMX Bean with object name Ratis:service=RaftServer,group=group-94395A59FEA8,id=7e09b52c-cd88-4918-9f32-f870e77b8b81
2019-09-25 06:16:43,800 [ForkJoinPool.commonPool-worker-1] INFO  impl.RoleInfo (RoleInfo.java:shutdownLeaderState(104)) - 7e09b52c-cd88-4918-9f32-f870e77b8b81: shutdown LeaderState
2019-09-25 06:16:43,800 [ForkJoinPool.commonPool-worker-1] INFO  impl.PendingRequests (PendingRequests.java:sendNotLeaderResponses(202)) - 7e09b52c-cd88-4918-9f32-f870e77b8b81-PendingRequests: sendNotLeaderResponses
2019-09-25 06:16:43,800 [ForkJoinPool.commonPool-worker-1] INFO  impl.StateMachineUpdater (StateMachineUpdater.java:stopAndJoin(125)) - 7e09b52c-cd88-4918-9f32-f870e77b8b81@group-94395A59FEA8-StateMachineUpdater: set stopIndex = 0
2019-09-25 06:16:43,802 [ForkJoinPool.commonPool-worker-1] INFO  impl.RaftServerImpl (ServerState.java:close(385)) - 7e09b52c-cd88-4918-9f32-f870e77b8b81@group-94395A59FEA8: closes. applyIndex: 0
2019-09-25 06:16:43,802 [7e09b52c-cd88-4918-9f32-f870e77b8b81@group-94395A59FEA8-SegmentedRaftLogWorker] INFO  segmented.SegmentedRaftLogWorker (SegmentedRaftLogWorker.java:run(313)) - 7e09b52c-cd88-4918-9f32-f870e77b8b81@group-94395A59FEA8-SegmentedRaftLogWorker was interrupted, exiting. There are 0 tasks remaining in the queue.
2019-09-25 06:16:43,804 [ForkJoinPool.commonPool-worker-1] INFO  segmented.SegmentedRaftLogWorker (SegmentedRaftLogWorker.java:close(228)) - 7e09b52c-cd88-4918-9f32-f870e77b8b81@group-94395A59FEA8-SegmentedRaftLogWorker close()
2019-09-25 06:16:43,806 [ForkJoinPool.commonPool-worker-1] INFO  impl.RaftServerImpl (RaftServerImpl.java:lambda$shutdown$3(251)) - 7e09b52c-cd88-4918-9f32-f870e77b8b81@group-B7D4253B43B4: shutdown
2019-09-25 06:16:43,806 [ForkJoinPool.commonPool-worker-1] INFO  util.JmxRegister (JmxRegister.java:unregister(73)) - Successfully un-registered JMX Bean with object name Ratis:service=RaftServer,group=group-B7D4253B43B4,id=7e09b52c-cd88-4918-9f32-f870e77b8b81
2019-09-25 06:16:43,806 [ForkJoinPool.commonPool-worker-1] INFO  impl.RoleInfo (RoleInfo.java:shutdownLeaderState(104)) - 7e09b52c-cd88-4918-9f32-f870e77b8b81: shutdown LeaderState
2019-09-25 06:16:43,806 [ForkJoinPool.commonPool-worker-1] INFO  impl.PendingRequests (PendingRequests.java:sendNotLeaderResponses(202)) - 7e09b52c-cd88-4918-9f32-f870e77b8b81-PendingRequests: sendNotLeaderResponses
2019-09-25 06:16:43,806 [ForkJoinPool.commonPool-worker-1] INFO  impl.StateMachineUpdater (StateMachineUpdater.java:stopAndJoin(125)) - 7e09b52c-cd88-4918-9f32-f870e77b8b81@group-B7D4253B43B4-StateMachineUpdater: set stopIndex = 0
2019-09-25 06:16:43,807 [ForkJoinPool.commonPool-worker-1] INFO  impl.RaftServerImpl (ServerState.java:close(385)) - 7e09b52c-cd88-4918-9f32-f870e77b8b81@group-B7D4253B43B4: closes. applyIndex: 0
2019-09-25 06:16:43,807 [7e09b52c-cd88-4918-9f32-f870e77b8b81@group-B7D4253B43B4-SegmentedRaftLogWorker] INFO  segmented.SegmentedRaftLogWorker (SegmentedRaftLogWorker.java:run(313)) - 7e09b52c-cd88-4918-9f32-f870e77b8b81@group-B7D4253B43B4-SegmentedRaftLogWorker was interrupted, exiting. There are 0 tasks remaining in the queue.
2019-09-25 06:16:43,808 [ForkJoinPool.commonPool-worker-1] INFO  segmented.SegmentedRaftLogWorker (SegmentedRaftLogWorker.java:close(228)) - 7e09b52c-cd88-4918-9f32-f870e77b8b81@group-B7D4253B43B4-SegmentedRaftLogWorker close()
2019-09-25 06:16:43,810 [ForkJoinPool.commonPool-worker-1] INFO  impl.RaftServerImpl (RaftServerImpl.java:lambda$shutdown$3(251)) - 7e09b52c-cd88-4918-9f32-f870e77b8b81@group-86E31CBCDE12: shutdown
2019-09-25 06:16:43,810 [ForkJoinPool.commonPool-worker-1] INFO  util.JmxRegister (JmxRegister.java:unregister(73)) - Successfully un-registered JMX Bean with object name Ratis:service=RaftServer,group=group-86E31CBCDE12,id=7e09b52c-cd88-4918-9f32-f870e77b8b81
2019-09-25 06:16:43,810 [ForkJoinPool.commonPool-worker-1] INFO  impl.RoleInfo (RoleInfo.java:shutdownLeaderState(104)) - 7e09b52c-cd88-4918-9f32-f870e77b8b81: shutdown LeaderState
2019-09-25 06:16:43,810 [ForkJoinPool.commonPool-worker-1] INFO  impl.PendingRequests (PendingRequests.java:sendNotLeaderResponses(202)) - 7e09b52c-cd88-4918-9f32-f870e77b8b81-PendingRequests: sendNotLeaderResponses
2019-09-25 06:16:43,810 [ForkJoinPool.commonPool-worker-1] INFO  impl.StateMachineUpdater (StateMachineUpdater.java:stopAndJoin(125)) - 7e09b52c-cd88-4918-9f32-f870e77b8b81@group-86E31CBCDE12-StateMachineUpdater: set stopIndex = 0
2019-09-25 06:16:43,812 [ForkJoinPool.commonPool-worker-1] INFO  impl.RaftServerImpl (ServerState.java:close(385)) - 7e09b52c-cd88-4918-9f32-f870e77b8b81@group-86E31CBCDE12: closes. applyIndex: 0
2019-09-25 06:16:43,812 [7e09b52c-cd88-4918-9f32-f870e77b8b81@group-86E31CBCDE12-SegmentedRaftLogWorker] INFO  segmented.SegmentedRaftLogWorker (SegmentedRaftLogWorker.java:run(313)) - 7e09b52c-cd88-4918-9f32-f870e77b8b81@group-86E31CBCDE12-SegmentedRaftLogWorker was interrupted, exiting. There are 0 tasks remaining in the queue.
2019-09-25 06:16:43,814 [ForkJoinPool.commonPool-worker-1] INFO  segmented.SegmentedRaftLogWorker (SegmentedRaftLogWorker.java:close(228)) - 7e09b52c-cd88-4918-9f32-f870e77b8b81@group-86E31CBCDE12-SegmentedRaftLogWorker close()
2019-09-25 06:16:43,815 [ForkJoinPool.commonPool-worker-1] INFO  impl.RaftServerImpl (RaftServerImpl.java:lambda$shutdown$3(251)) - 7e09b52c-cd88-4918-9f32-f870e77b8b81@group-D3363FA004DF: shutdown
2019-09-25 06:16:43,815 [ForkJoinPool.commonPool-worker-1] INFO  util.JmxRegister (JmxRegister.java:unregister(73)) - Successfully un-registered JMX Bean with object name Ratis:service=RaftServer,group=group-D3363FA004DF,id=7e09b52c-cd88-4918-9f32-f870e77b8b81
2019-09-25 06:16:43,816 [ForkJoinPool.commonPool-worker-1] INFO  impl.RoleInfo (RoleInfo.java:shutdownLeaderState(104)) - 7e09b52c-cd88-4918-9f32-f870e77b8b81: shutdown LeaderState
2019-09-25 06:16:43,816 [ForkJoinPool.commonPool-worker-1] INFO  impl.PendingRequests (PendingRequests.java:sendNotLeaderResponses(202)) - 7e09b52c-cd88-4918-9f32-f870e77b8b81-PendingRequests: sendNotLeaderResponses
2019-09-25 06:16:43,816 [ForkJoinPool.commonPool-worker-1] INFO  impl.StateMachineUpdater (StateMachineUpdater.java:stopAndJoin(125)) - 7e09b52c-cd88-4918-9f32-f870e77b8b81@group-D3363FA004DF-StateMachineUpdater: set stopIndex = 0
2019-09-25 06:16:43,816 [ForkJoinPool.commonPool-worker-1] INFO  impl.RaftServerImpl (ServerState.java:close(385)) - 7e09b52c-cd88-4918-9f32-f870e77b8b81@group-D3363FA004DF: closes. applyIndex: 0
2019-09-25 06:16:43,816 [7e09b52c-cd88-4918-9f32-f870e77b8b81@group-D3363FA004DF-SegmentedRaftLogWorker] INFO  segmented.SegmentedRaftLogWorker (SegmentedRaftLogWorker.java:run(313)) - 7e09b52c-cd88-4918-9f32-f870e77b8b81@group-D3363FA004DF-SegmentedRaftLogWorker was interrupted, exiting. There are 0 tasks remaining in the queue.
2019-09-25 06:16:43,818 [ForkJoinPool.commonPool-worker-1] INFO  segmented.SegmentedRaftLogWorker (SegmentedRaftLogWorker.java:close(228)) - 7e09b52c-cd88-4918-9f32-f870e77b8b81@group-D3363FA004DF-SegmentedRaftLogWorker close()
2019-09-25 06:16:43,820 [ForkJoinPool.commonPool-worker-1] INFO  server.GrpcService (GrpcService.java:closeImpl(164)) - 7e09b52c-cd88-4918-9f32-f870e77b8b81: shutdown server with port 37622 now
2019-09-25 06:16:43,822 [ForkJoinPool.commonPool-worker-1] INFO  server.GrpcService (GrpcService.java:closeImpl(172)) - 7e09b52c-cd88-4918-9f32-f870e77b8b81: shutdown server with port 37622 successfully
2019-09-25 06:16:43,824 [refreshUsed-/workdir/hadoop-ozone/ozonefs/target/test-dir/MiniOzoneClusterImpl-9a706c7a-1c63-4529-bede-54329d36819c/datanode-0/data/containers] WARN  fs.CachingGetSpaceUsed (CachingGetSpaceUsed.java:run(183)) - Thread Interrupted waiting to refresh disk information: sleep interrupted
2019-09-25 06:16:43,846 [ForkJoinPool.commonPool-worker-1] INFO  utils.BackgroundService (BackgroundService.java:shutdown(148)) - Shutting down service BlockDeletingService
2019-09-25 06:16:43,852 [ForkJoinPool.commonPool-worker-1] INFO  statemachine.DatanodeStateMachine (DatanodeStateMachine.java:stopDaemon(395)) - Ozone container server stopped.
2019-09-25 06:16:43,856 [ForkJoinPool.commonPool-worker-1] INFO  handler.ContextHandler (ContextHandler.java:doStop(910)) - Stopped o.e.j.w.WebAppContext@36a58466{/,null,UNAVAILABLE}{/hddsDatanode}
2019-09-25 06:16:43,857 [ForkJoinPool.commonPool-worker-1] INFO  server.AbstractConnector (AbstractConnector.java:doStop(318)) - Stopped ServerConnector@78e387d6{HTTP/1.1,[http/1.1]}{0.0.0.0:0}
2019-09-25 06:16:43,858 [ForkJoinPool.commonPool-worker-1] INFO  handler.ContextHandler (ContextHandler.java:doStop(910)) - Stopped o.e.j.s.ServletContextHandler@116fc29e{/static,jar:file:/home/user/.m2/repository/org/apache/hadoop/hadoop-hdds-container-service/0.5.0-SNAPSHOT/hadoop-hdds-container-service-0.5.0-SNAPSHOT.jar!/webapps/static,UNAVAILABLE}
2019-09-25 06:16:43,860 [ForkJoinPool.commonPool-worker-1] INFO  handler.ContextHandler (ContextHandler.java:doStop(910)) - Stopped o.e.j.s.ServletContextHandler@61eab26b{/logs,file:///workdir/hadoop-ozone/ozonefs/target/log,UNAVAILABLE}
2019-09-25 06:16:43,934 [58065e78-105d-47b8-969e-4862a5832b33@group-CCEDFC30A4BF-SegmentedRaftLogWorker] INFO  segmented.SegmentedRaftLogWorker (SegmentedRaftLogWorker.java:execute(569)) - 58065e78-105d-47b8-969e-4862a5832b33@group-CCEDFC30A4BF-SegmentedRaftLogWorker: created new log segment /workdir/hadoop-ozone/ozonefs/target/test-dir/MiniOzoneClusterImpl-9a706c7a-1c63-4529-bede-54329d36819c/datanode-2/data/ratis/1b1c9634-06fc-4828-a679-ccedfc30a4bf/current/log_inprogress_0
2019-09-25 06:16:44,177 [4eded300-c0fb-4b87-afc1-b9b61b2e7e1b@group-F0F3A908AFEE-SegmentedRaftLogWorker] INFO  segmented.SegmentedRaftLogWorker (SegmentedRaftLogWorker.java:execute(569)) - 4eded300-c0fb-4b87-afc1-b9b61b2e7e1b@group-F0F3A908AFEE-SegmentedRaftLogWorker: created new log segment /workdir/hadoop-ozone/ozonefs/target/test-dir/MiniOzoneClusterImpl-9a706c7a-1c63-4529-bede-54329d36819c/datanode-1/data/ratis/295d5b73-d55a-4676-bda7-f0f3a908afee/current/log_inprogress_0
2019-09-25 06:16:44,177 [4eded300-c0fb-4b87-afc1-b9b61b2e7e1b@group-4D327C1646CE-SegmentedRaftLogWorker] WARN  segmented.SegmentedRaftLogOutputStream (SegmentedRaftLogOutputStream.java:<init>(77)) - Hit IOException while creating log segment /workdir/hadoop-ozone/ozonefs/target/test-dir/MiniOzoneClusterImpl-9a706c7a-1c63-4529-bede-54329d36819c/datanode-1/data/ratis/38b6ece8-f190-4c2b-814a-4d327c1646ce/current/log_inprogress_0, delete the partial file.
2019-09-25 06:16:44,177 [58065e78-105d-47b8-969e-4862a5832b33@group-992356B80D4D-SegmentedRaftLogWorker] INFO  segmented.SegmentedRaftLogWorker (SegmentedRaftLogWorker.java:execute(569)) - 58065e78-105d-47b8-969e-4862a5832b33@group-992356B80D4D-SegmentedRaftLogWorker: created new log segment /workdir/hadoop-ozone/ozonefs/target/test-dir/MiniOzoneClusterImpl-9a706c7a-1c63-4529-bede-54329d36819c/datanode-2/data/ratis/71900f92-1bca-4ed0-82bc-992356b80d4d/current/log_inprogress_0
2019-09-25 06:16:44,177 [58065e78-105d-47b8-969e-4862a5832b33@group-3CD655F1ADA3-SegmentedRaftLogWorker] INFO  segmented.SegmentedRaftLogWorker (SegmentedRaftLogWorker.java:execute(569)) - 58065e78-105d-47b8-969e-4862a5832b33@group-3CD655F1ADA3-SegmentedRaftLogWorker: created new log segment /workdir/hadoop-ozone/ozonefs/target/test-dir/MiniOzoneClusterImpl-9a706c7a-1c63-4529-bede-54329d36819c/datanode-2/data/ratis/6e285fb0-f4d6-42eb-aab2-3cd655f1ada3/current/log_inprogress_0
2019-09-25 06:16:44,178 [main] INFO  segmented.SegmentedRaftLogWorker (SegmentedRaftLogWorker.java:close(228)) - 4eded300-c0fb-4b87-afc1-b9b61b2e7e1b@group-4D327C1646CE-SegmentedRaftLogWorker close()
2019-09-25 06:16:44,181 [main] INFO  impl.RaftServerImpl (RaftServerImpl.java:lambda$shutdown$3(251)) - 4eded300-c0fb-4b87-afc1-b9b61b2e7e1b@group-F0F3A908AFEE: shutdown
2019-09-25 06:16:44,181 [main] INFO  util.JmxRegister (JmxRegister.java:unregister(73)) - Successfully un-registered JMX Bean with object name Ratis:service=RaftServer,group=group-F0F3A908AFEE,id=4eded300-c0fb-4b87-afc1-b9b61b2e7e1b
2019-09-25 06:16:44,182 [main] INFO  impl.RoleInfo (RoleInfo.java:shutdownLeaderState(104)) - 4eded300-c0fb-4b87-afc1-b9b61b2e7e1b: shutdown LeaderState
2019-09-25 06:16:44,182 [main] INFO  impl.PendingRequests (PendingRequests.java:sendNotLeaderResponses(202)) - 4eded300-c0fb-4b87-afc1-b9b61b2e7e1b-PendingRequests: sendNotLeaderResponses
2019-09-25 06:16:44,183 [main] INFO  impl.StateMachineUpdater (StateMachineUpdater.java:stopAndJoin(125)) - 4eded300-c0fb-4b87-afc1-b9b61b2e7e1b@group-F0F3A908AFEE-StateMachineUpdater: set stopIndex = 0
2019-09-25 06:16:44,183 [main] INFO  impl.RaftServerImpl (ServerState.java:close(385)) - 4eded300-c0fb-4b87-afc1-b9b61b2e7e1b@group-F0F3A908AFEE: closes. applyIndex: 0
2019-09-25 06:16:44,184 [4eded300-c0fb-4b87-afc1-b9b61b2e7e1b@group-F0F3A908AFEE-SegmentedRaftLogWorker] INFO  segmented.SegmentedRaftLogWorker (SegmentedRaftLogWorker.java:run(313)) - 4eded300-c0fb-4b87-afc1-b9b61b2e7e1b@group-F0F3A908AFEE-SegmentedRaftLogWorker was interrupted, exiting. There are 0 tasks remaining in the queue.
2019-09-25 06:16:44,186 [main] INFO  segmented.SegmentedRaftLogWorker (SegmentedRaftLogWorker.java:close(228)) - 4eded300-c0fb-4b87-afc1-b9b61b2e7e1b@group-F0F3A908AFEE-SegmentedRaftLogWorker close()
2019-09-25 06:16:44,188 [main] INFO  impl.RaftServerImpl (RaftServerImpl.java:lambda$shutdown$3(251)) - 4eded300-c0fb-4b87-afc1-b9b61b2e7e1b@group-36468FD9F89C: shutdown
2019-09-25 06:16:44,189 [main] INFO  util.JmxRegister (JmxRegister.java:unregister(73)) - Successfully un-registered JMX Bean with object name Ratis:service=RaftServer,group=group-36468FD9F89C,id=4eded300-c0fb-4b87-afc1-b9b61b2e7e1b
2019-09-25 06:16:44,189 [main] INFO  impl.RoleInfo (RoleInfo.java:shutdownLeaderState(104)) - 4eded300-c0fb-4b87-afc1-b9b61b2e7e1b: shutdown LeaderState
2019-09-25 06:16:44,190 [main] INFO  impl.PendingRequests (PendingRequests.java:sendNotLeaderResponses(202)) - 4eded300-c0fb-4b87-afc1-b9b61b2e7e1b-PendingRequests: sendNotLeaderResponses
2019-09-25 06:16:44,190 [main] INFO  impl.StateMachineUpdater (StateMachineUpdater.java:stopAndJoin(125)) - 4eded300-c0fb-4b87-afc1-b9b61b2e7e1b@group-36468FD9F89C-StateMachineUpdater: set stopIndex = 0
2019-09-25 06:16:44,191 [main] INFO  impl.RaftServerImpl (ServerState.java:close(385)) - 4eded300-c0fb-4b87-afc1-b9b61b2e7e1b@group-36468FD9F89C: closes. applyIndex: 0
2019-09-25 06:16:44,191 [4eded300-c0fb-4b87-afc1-b9b61b2e7e1b@group-36468FD9F89C-SegmentedRaftLogWorker] INFO  segmented.SegmentedRaftLogWorker (SegmentedRaftLogWorker.java:run(313)) - 4eded300-c0fb-4b87-afc1-b9b61b2e7e1b@group-36468FD9F89C-SegmentedRaftLogWorker was interrupted, exiting. There are 0 tasks remaining in the queue.
2019-09-25 06:16:44,193 [main] INFO  segmented.SegmentedRaftLogWorker (SegmentedRaftLogWorker.java:close(228)) - 4eded300-c0fb-4b87-afc1-b9b61b2e7e1b@group-36468FD9F89C-SegmentedRaftLogWorker close()
2019-09-25 06:16:44,203 [main] INFO  impl.RaftServerImpl (RaftServerImpl.java:lambda$shutdown$3(251)) - 4eded300-c0fb-4b87-afc1-b9b61b2e7e1b@group-C874EACB6753: shutdown
2019-09-25 06:16:44,204 [main] INFO  util.JmxRegister (JmxRegister.java:unregister(73)) - Successfully un-registered JMX Bean with object name Ratis:service=RaftServer,group=group-C874EACB6753,id=4eded300-c0fb-4b87-afc1-b9b61b2e7e1b
2019-09-25 06:16:44,204 [main] INFO  impl.RoleInfo (RoleInfo.java:shutdownLeaderState(104)) - 4eded300-c0fb-4b87-afc1-b9b61b2e7e1b: shutdown LeaderState
2019-09-25 06:16:44,205 [main] INFO  impl.PendingRequests (PendingRequests.java:sendNotLeaderResponses(202)) - 4eded300-c0fb-4b87-afc1-b9b61b2e7e1b-PendingRequests: sendNotLeaderResponses
2019-09-25 06:16:44,205 [main] INFO  impl.StateMachineUpdater (StateMachineUpdater.java:stopAndJoin(125)) - 4eded300-c0fb-4b87-afc1-b9b61b2e7e1b@group-C874EACB6753-StateMachineUpdater: set stopIndex = 0
2019-09-25 06:16:44,205 [main] INFO  impl.RaftServerImpl (ServerState.java:close(385)) - 4eded300-c0fb-4b87-afc1-b9b61b2e7e1b@group-C874EACB6753: closes. applyIndex: 0
2019-09-25 06:16:44,206 [4eded300-c0fb-4b87-afc1-b9b61b2e7e1b@group-C874EACB6753-SegmentedRaftLogWorker] INFO  segmented.SegmentedRaftLogWorker (SegmentedRaftLogWorker.java:run(313)) - 4eded300-c0fb-4b87-afc1-b9b61b2e7e1b@group-C874EACB6753-SegmentedRaftLogWorker was interrupted, exiting. There are 0 tasks remaining in the queue.
2019-09-25 06:16:44,206 [main] INFO  segmented.SegmentedRaftLogWorker (SegmentedRaftLogWorker.java:close(228)) - 4eded300-c0fb-4b87-afc1-b9b61b2e7e1b@group-C874EACB6753-SegmentedRaftLogWorker close()
2019-09-25 06:16:44,207 [main] INFO  impl.RaftServerImpl (RaftServerImpl.java:lambda$shutdown$3(251)) - 4eded300-c0fb-4b87-afc1-b9b61b2e7e1b@group-2EF67CDFD842: shutdown
2019-09-25 06:16:44,207 [main] INFO  util.JmxRegister (JmxRegister.java:unregister(73)) - Successfully un-registered JMX Bean with object name Ratis:service=RaftServer,group=group-2EF67CDFD842,id=4eded300-c0fb-4b87-afc1-b9b61b2e7e1b
2019-09-25 06:16:44,207 [main] INFO  impl.RoleInfo (RoleInfo.java:shutdownLeaderState(104)) - 4eded300-c0fb-4b87-afc1-b9b61b2e7e1b: shutdown LeaderState
2019-09-25 06:16:44,208 [main] INFO  impl.PendingRequests (PendingRequests.java:sendNotLeaderResponses(202)) - 4eded300-c0fb-4b87-afc1-b9b61b2e7e1b-PendingRequests: sendNotLeaderResponses
2019-09-25 06:16:44,208 [main] INFO  impl.StateMachineUpdater (StateMachineUpdater.java:stopAndJoin(125)) - 4eded300-c0fb-4b87-afc1-b9b61b2e7e1b@group-2EF67CDFD842-StateMachineUpdater: set stopIndex = 0
2019-09-25 06:16:44,209 [main] INFO  impl.RaftServerImpl (ServerState.java:close(385)) - 4eded300-c0fb-4b87-afc1-b9b61b2e7e1b@group-2EF67CDFD842: closes. applyIndex: 0
2019-09-25 06:16:44,209 [4eded300-c0fb-4b87-afc1-b9b61b2e7e1b@group-2EF67CDFD842-SegmentedRaftLogWorker] INFO  segmented.SegmentedRaftLogWorker (SegmentedRaftLogWorker.java:run(313)) - 4eded300-c0fb-4b87-afc1-b9b61b2e7e1b@group-2EF67CDFD842-SegmentedRaftLogWorker was interrupted, exiting. There are 0 tasks remaining in the queue.
2019-09-25 06:16:44,210 [main] INFO  segmented.SegmentedRaftLogWorker (SegmentedRaftLogWorker.java:close(228)) - 4eded300-c0fb-4b87-afc1-b9b61b2e7e1b@group-2EF67CDFD842-SegmentedRaftLogWorker close()
2019-09-25 06:16:44,210 [main] INFO  server.GrpcService (GrpcService.java:closeImpl(164)) - 4eded300-c0fb-4b87-afc1-b9b61b2e7e1b: shutdown server with port 43992 now
2019-09-25 06:16:44,213 [main] INFO  server.GrpcService (GrpcService.java:closeImpl(172)) - 4eded300-c0fb-4b87-afc1-b9b61b2e7e1b: shutdown server with port 43992 successfully
2019-09-25 06:16:44,215 [refreshUsed-/workdir/hadoop-ozone/ozonefs/target/test-dir/MiniOzoneClusterImpl-9a706c7a-1c63-4529-bede-54329d36819c/datanode-1/data/containers] WARN  fs.CachingGetSpaceUsed (CachingGetSpaceUsed.java:run(183)) - Thread Interrupted waiting to refresh disk information: sleep interrupted
2019-09-25 06:16:44,243 [main] INFO  utils.BackgroundService (BackgroundService.java:shutdown(148)) - Shutting down service BlockDeletingService
2019-09-25 06:16:44,250 [main] INFO  statemachine.DatanodeStateMachine (DatanodeStateMachine.java:stopDaemon(395)) - Ozone container server stopped.
2019-09-25 06:16:44,251 [main] INFO  handler.ContextHandler (ContextHandler.java:doStop(910)) - Stopped o.e.j.w.WebAppContext@3e4f2300{/,null,UNAVAILABLE}{/hddsDatanode}
2019-09-25 06:16:44,251 [main] INFO  server.AbstractConnector (AbstractConnector.java:doStop(318)) - Stopped ServerConnector@e706aa{HTTP/1.1,[http/1.1]}{0.0.0.0:0}
2019-09-25 06:16:44,252 [main] INFO  handler.ContextHandler (ContextHandler.java:doStop(910)) - Stopped o.e.j.s.ServletContextHandler@6ebbc06{/static,jar:file:/home/user/.m2/repository/org/apache/hadoop/hadoop-hdds-container-service/0.5.0-SNAPSHOT/hadoop-hdds-container-service-0.5.0-SNAPSHOT.jar!/webapps/static,UNAVAILABLE}
2019-09-25 06:16:44,252 [main] INFO  handler.ContextHandler (ContextHandler.java:doStop(910)) - Stopped o.e.j.s.ServletContextHandler@4c2bea52{/logs,file:///workdir/hadoop-ozone/ozonefs/target/log,UNAVAILABLE}
2019-09-25 06:16:44,473 [Datanode State Machine Thread - 0] INFO  statemachine.DatanodeStateMachine (DatanodeStateMachine.java:lambda$startDaemon$0(350)) - Ozone container server started.
2019-09-25 06:16:48,861 [ForkJoinPool.commonPool-worker-1] INFO  ozoneimpl.OzoneContainer (OzoneContainer.java:stop(231)) - Attempting to stop container services.
2019-09-25 06:16:48,862 [ForkJoinPool.commonPool-worker-1] INFO  impl.RaftServerProxy (RaftServerProxy.java:lambda$close$4(314)) - 58065e78-105d-47b8-969e-4862a5832b33: close
2019-09-25 06:16:48,862 [ForkJoinPool.commonPool-worker-1] INFO  impl.RaftServerImpl (RaftServerImpl.java:lambda$shutdown$3(251)) - 58065e78-105d-47b8-969e-4862a5832b33@group-CCEDFC30A4BF: shutdown
2019-09-25 06:16:48,863 [ForkJoinPool.commonPool-worker-1] INFO  util.JmxRegister (JmxRegister.java:unregister(73)) - Successfully un-registered JMX Bean with object name Ratis:service=RaftServer,group=group-CCEDFC30A4BF,id=58065e78-105d-47b8-969e-4862a5832b33
2019-09-25 06:16:48,863 [ForkJoinPool.commonPool-worker-1] INFO  impl.RoleInfo (RoleInfo.java:shutdownLeaderState(104)) - 58065e78-105d-47b8-969e-4862a5832b33: shutdown LeaderState
2019-09-25 06:16:48,863 [ForkJoinPool.commonPool-worker-1] INFO  impl.PendingRequests (PendingRequests.java:sendNotLeaderResponses(202)) - 58065e78-105d-47b8-969e-4862a5832b33-PendingRequests: sendNotLeaderResponses
2019-09-25 06:16:48,864 [ForkJoinPool.commonPool-worker-1] INFO  impl.StateMachineUpdater (StateMachineUpdater.java:stopAndJoin(125)) - 58065e78-105d-47b8-969e-4862a5832b33@group-CCEDFC30A4BF-StateMachineUpdater: set stopIndex = 0
2019-09-25 06:16:48,864 [ForkJoinPool.commonPool-worker-1] INFO  impl.RaftServerImpl (ServerState.java:close(385)) - 58065e78-105d-47b8-969e-4862a5832b33@group-CCEDFC30A4BF: closes. applyIndex: 0
2019-09-25 06:16:48,865 [58065e78-105d-47b8-969e-4862a5832b33@group-CCEDFC30A4BF-SegmentedRaftLogWorker] INFO  segmented.SegmentedRaftLogWorker (SegmentedRaftLogWorker.java:run(313)) - 58065e78-105d-47b8-969e-4862a5832b33@group-CCEDFC30A4BF-SegmentedRaftLogWorker was interrupted, exiting. There are 0 tasks remaining in the queue.
2019-09-25 06:16:48,865 [ForkJoinPool.commonPool-worker-1] INFO  segmented.SegmentedRaftLogWorker (SegmentedRaftLogWorker.java:close(228)) - 58065e78-105d-47b8-969e-4862a5832b33@group-CCEDFC30A4BF-SegmentedRaftLogWorker close()
2019-09-25 06:16:48,865 [ForkJoinPool.commonPool-worker-1] INFO  impl.RaftServerImpl (RaftServerImpl.java:lambda$shutdown$3(251)) - 58065e78-105d-47b8-969e-4862a5832b33@group-992356B80D4D: shutdown
2019-09-25 06:16:48,866 [ForkJoinPool.commonPool-worker-1] INFO  util.JmxRegister (JmxRegister.java:unregister(73)) - Successfully un-registered JMX Bean with object name Ratis:service=RaftServer,group=group-992356B80D4D,id=58065e78-105d-47b8-969e-4862a5832b33
2019-09-25 06:16:48,866 [ForkJoinPool.commonPool-worker-1] INFO  impl.RoleInfo (RoleInfo.java:shutdownLeaderState(104)) - 58065e78-105d-47b8-969e-4862a5832b33: shutdown LeaderState
2019-09-25 06:16:48,866 [ForkJoinPool.commonPool-worker-1] INFO  impl.PendingRequests (PendingRequests.java:sendNotLeaderResponses(202)) - 58065e78-105d-47b8-969e-4862a5832b33-PendingRequests: sendNotLeaderResponses
2019-09-25 06:16:48,866 [ForkJoinPool.commonPool-worker-1] INFO  impl.StateMachineUpdater (StateMachineUpdater.java:stopAndJoin(125)) - 58065e78-105d-47b8-969e-4862a5832b33@group-992356B80D4D-StateMachineUpdater: set stopIndex = 0
2019-09-25 06:16:48,866 [ForkJoinPool.commonPool-worker-1] INFO  impl.RaftServerImpl (ServerState.java:close(385)) - 58065e78-105d-47b8-969e-4862a5832b33@group-992356B80D4D: closes. applyIndex: 0
2019-09-25 06:16:48,867 [58065e78-105d-47b8-969e-4862a5832b33@group-992356B80D4D-SegmentedRaftLogWorker] INFO  segmented.SegmentedRaftLogWorker (SegmentedRaftLogWorker.java:run(313)) - 58065e78-105d-47b8-969e-4862a5832b33@group-992356B80D4D-SegmentedRaftLogWorker was interrupted, exiting. There are 0 tasks remaining in the queue.
2019-09-25 06:16:48,867 [ForkJoinPool.commonPool-worker-1] INFO  segmented.SegmentedRaftLogWorker (SegmentedRaftLogWorker.java:close(228)) - 58065e78-105d-47b8-969e-4862a5832b33@group-992356B80D4D-SegmentedRaftLogWorker close()
2019-09-25 06:16:48,867 [ForkJoinPool.commonPool-worker-1] INFO  impl.RaftServerImpl (RaftServerImpl.java:lambda$shutdown$3(251)) - 58065e78-105d-47b8-969e-4862a5832b33@group-3CD655F1ADA3: shutdown
2019-09-25 06:16:48,867 [ForkJoinPool.commonPool-worker-1] INFO  util.JmxRegister (JmxRegister.java:unregister(73)) - Successfully un-registered JMX Bean with object name Ratis:service=RaftServer,group=group-3CD655F1ADA3,id=58065e78-105d-47b8-969e-4862a5832b33
2019-09-25 06:16:48,868 [ForkJoinPool.commonPool-worker-1] INFO  impl.RoleInfo (RoleInfo.java:shutdownLeaderState(104)) - 58065e78-105d-47b8-969e-4862a5832b33: shutdown LeaderState
2019-09-25 06:16:48,868 [ForkJoinPool.commonPool-worker-1] INFO  impl.PendingRequests (PendingRequests.java:sendNotLeaderResponses(202)) - 58065e78-105d-47b8-969e-4862a5832b33-PendingRequests: sendNotLeaderResponses
2019-09-25 06:16:48,868 [ForkJoinPool.commonPool-worker-1] INFO  impl.StateMachineUpdater (StateMachineUpdater.java:stopAndJoin(125)) - 58065e78-105d-47b8-969e-4862a5832b33@group-3CD655F1ADA3-StateMachineUpdater: set stopIndex = 0
2019-09-25 06:16:48,868 [ForkJoinPool.commonPool-worker-1] INFO  impl.RaftServerImpl (ServerState.java:close(385)) - 58065e78-105d-47b8-969e-4862a5832b33@group-3CD655F1ADA3: closes. applyIndex: 0
2019-09-25 06:16:48,869 [58065e78-105d-47b8-969e-4862a5832b33@group-3CD655F1ADA3-SegmentedRaftLogWorker] INFO  segmented.SegmentedRaftLogWorker (SegmentedRaftLogWorker.java:run(313)) - 58065e78-105d-47b8-969e-4862a5832b33@group-3CD655F1ADA3-SegmentedRaftLogWorker was interrupted, exiting. There are 0 tasks remaining in the queue.
2019-09-25 06:16:48,869 [ForkJoinPool.commonPool-worker-1] INFO  segmented.SegmentedRaftLogWorker (SegmentedRaftLogWorker.java:close(228)) - 58065e78-105d-47b8-969e-4862a5832b33@group-3CD655F1ADA3-SegmentedRaftLogWorker close()
2019-09-25 06:16:48,869 [ForkJoinPool.commonPool-worker-1] INFO  impl.RaftServerImpl (RaftServerImpl.java:lambda$shutdown$3(251)) - 58065e78-105d-47b8-969e-4862a5832b33@group-C6BE4E070E09: shutdown
2019-09-25 06:16:48,869 [ForkJoinPool.commonPool-worker-1] INFO  util.JmxRegister (JmxRegister.java:unregister(73)) - Successfully un-registered JMX Bean with object name Ratis:service=RaftServer,group=group-C6BE4E070E09,id=58065e78-105d-47b8-969e-4862a5832b33
2019-09-25 06:16:48,869 [ForkJoinPool.commonPool-worker-1] INFO  impl.RoleInfo (RoleInfo.java:shutdownLeaderState(104)) - 58065e78-105d-47b8-969e-4862a5832b33: shutdown LeaderState
2019-09-25 06:16:48,870 [ForkJoinPool.commonPool-worker-1] INFO  impl.PendingRequests (PendingRequests.java:sendNotLeaderResponses(202)) - 58065e78-105d-47b8-969e-4862a5832b33-PendingRequests: sendNotLeaderResponses
2019-09-25 06:16:48,870 [ForkJoinPool.commonPool-worker-1] INFO  impl.StateMachineUpdater (StateMachineUpdater.java:stopAndJoin(125)) - 58065e78-105d-47b8-969e-4862a5832b33@group-C6BE4E070E09-StateMachineUpdater: set stopIndex = 0
2019-09-25 06:16:48,870 [ForkJoinPool.commonPool-worker-1] INFO  impl.RaftServerImpl (ServerState.java:close(385)) - 58065e78-105d-47b8-969e-4862a5832b33@group-C6BE4E070E09: closes. applyIndex: 0
2019-09-25 06:16:48,870 [58065e78-105d-47b8-969e-4862a5832b33@group-C6BE4E070E09-SegmentedRaftLogWorker] INFO  segmented.SegmentedRaftLogWorker (SegmentedRaftLogWorker.java:run(313)) - 58065e78-105d-47b8-969e-4862a5832b33@group-C6BE4E070E09-SegmentedRaftLogWorker was interrupted, exiting. There are 0 tasks remaining in the queue.
2019-09-25 06:16:48,871 [ForkJoinPool.commonPool-worker-1] INFO  segmented.SegmentedRaftLogWorker (SegmentedRaftLogWorker.java:close(228)) - 58065e78-105d-47b8-969e-4862a5832b33@group-C6BE4E070E09-SegmentedRaftLogWorker close()
2019-09-25 06:16:48,871 [ForkJoinPool.commonPool-worker-1] INFO  impl.RaftServerImpl (RaftServerImpl.java:lambda$shutdown$3(251)) - 58065e78-105d-47b8-969e-4862a5832b33@group-34CF4D5CE87F: shutdown
2019-09-25 06:16:48,871 [ForkJoinPool.commonPool-worker-1] INFO  util.JmxRegister (JmxRegister.java:unregister(73)) - Successfully un-registered JMX Bean with object name Ratis:service=RaftServer,group=group-34CF4D5CE87F,id=58065e78-105d-47b8-969e-4862a5832b33
2019-09-25 06:16:48,871 [ForkJoinPool.commonPool-worker-1] INFO  impl.RoleInfo (RoleInfo.java:shutdownLeaderState(104)) - 58065e78-105d-47b8-969e-4862a5832b33: shutdown LeaderState
2019-09-25 06:16:48,871 [ForkJoinPool.commonPool-worker-1] INFO  impl.PendingRequests (PendingRequests.java:sendNotLeaderResponses(202)) - 58065e78-105d-47b8-969e-4862a5832b33-PendingRequests: sendNotLeaderResponses
2019-09-25 06:16:48,872 [ForkJoinPool.commonPool-worker-1] INFO  impl.StateMachineUpdater (StateMachineUpdater.java:stopAndJoin(125)) - 58065e78-105d-47b8-969e-4862a5832b33@group-34CF4D5CE87F-StateMachineUpdater: set stopIndex = 0
2019-09-25 06:16:48,872 [ForkJoinPool.commonPool-worker-1] INFO  impl.RaftServerImpl (ServerState.java:close(385)) - 58065e78-105d-47b8-969e-4862a5832b33@group-34CF4D5CE87F: closes. applyIndex: 0
2019-09-25 06:16:48,872 [58065e78-105d-47b8-969e-4862a5832b33@group-34CF4D5CE87F-SegmentedRaftLogWorker] INFO  segmented.SegmentedRaftLogWorker (SegmentedRaftLogWorker.java:run(313)) - 58065e78-105d-47b8-969e-4862a5832b33@group-34CF4D5CE87F-SegmentedRaftLogWorker was interrupted, exiting. There are 0 tasks remaining in the queue.
2019-09-25 06:16:48,872 [ForkJoinPool.commonPool-worker-1] INFO  segmented.SegmentedRaftLogWorker (SegmentedRaftLogWorker.java:close(228)) - 58065e78-105d-47b8-969e-4862a5832b33@group-34CF4D5CE87F-SegmentedRaftLogWorker close()
2019-09-25 06:16:48,873 [ForkJoinPool.commonPool-worker-1] INFO  impl.RaftServerImpl (RaftServerImpl.java:lambda$shutdown$3(251)) - 58065e78-105d-47b8-969e-4862a5832b33@group-793ED6DB7D64: shutdown
2019-09-25 06:16:48,873 [ForkJoinPool.commonPool-worker-1] INFO  util.JmxRegister (JmxRegister.java:unregister(73)) - Successfully un-registered JMX Bean with object name Ratis:service=RaftServer,group=group-793ED6DB7D64,id=58065e78-105d-47b8-969e-4862a5832b33
2019-09-25 06:16:48,873 [ForkJoinPool.commonPool-worker-1] INFO  impl.RoleInfo (RoleInfo.java:shutdownLeaderState(104)) - 58065e78-105d-47b8-969e-4862a5832b33: shutdown LeaderState
2019-09-25 06:16:48,873 [ForkJoinPool.commonPool-worker-1] INFO  impl.PendingRequests (PendingRequests.java:sendNotLeaderResponses(202)) - 58065e78-105d-47b8-969e-4862a5832b33-PendingRequests: sendNotLeaderResponses
2019-09-25 06:16:48,873 [ForkJoinPool.commonPool-worker-1] INFO  impl.StateMachineUpdater (StateMachineUpdater.java:stopAndJoin(125)) - 58065e78-105d-47b8-969e-4862a5832b33@group-793ED6DB7D64-StateMachineUpdater: set stopIndex = 0
2019-09-25 06:16:48,874 [ForkJoinPool.commonPool-worker-1] INFO  impl.RaftServerImpl (ServerState.java:close(385)) - 58065e78-105d-47b8-969e-4862a5832b33@group-793ED6DB7D64: closes. applyIndex: 0
2019-09-25 06:16:48,874 [58065e78-105d-47b8-969e-4862a5832b33@group-793ED6DB7D64-SegmentedRaftLogWorker] INFO  segmented.SegmentedRaftLogWorker (SegmentedRaftLogWorker.java:run(313)) - 58065e78-105d-47b8-969e-4862a5832b33@group-793ED6DB7D64-SegmentedRaftLogWorker was interrupted, exiting. There are 0 tasks remaining in the queue.
2019-09-25 06:16:48,874 [ForkJoinPool.commonPool-worker-1] INFO  segmented.SegmentedRaftLogWorker (SegmentedRaftLogWorker.java:close(228)) - 58065e78-105d-47b8-969e-4862a5832b33@group-793ED6DB7D64-SegmentedRaftLogWorker close()
2019-09-25 06:16:48,875 [ForkJoinPool.commonPool-worker-1] INFO  server.GrpcService (GrpcService.java:closeImpl(164)) - 58065e78-105d-47b8-969e-4862a5832b33: shutdown server with port 35043 now
2019-09-25 06:16:48,878 [ForkJoinPool.commonPool-worker-1] INFO  server.GrpcService (GrpcService.java:closeImpl(172)) - 58065e78-105d-47b8-969e-4862a5832b33: shutdown server with port 35043 successfully
2019-09-25 06:16:48,885 [refreshUsed-/workdir/hadoop-ozone/ozonefs/target/test-dir/MiniOzoneClusterImpl-9a706c7a-1c63-4529-bede-54329d36819c/datanode-2/data/containers] WARN  fs.CachingGetSpaceUsed (CachingGetSpaceUsed.java:run(183)) - Thread Interrupted waiting to refresh disk information: sleep interrupted
2019-09-25 06:16:48,913 [ForkJoinPool.commonPool-worker-1] INFO  utils.BackgroundService (BackgroundService.java:shutdown(148)) - Shutting down service BlockDeletingService
2019-09-25 06:16:48,923 [ForkJoinPool.commonPool-worker-1] INFO  statemachine.DatanodeStateMachine (DatanodeStateMachine.java:stopDaemon(395)) - Ozone container server stopped.
2019-09-25 06:16:48,929 [ForkJoinPool.commonPool-worker-1] INFO  handler.ContextHandler (ContextHandler.java:doStop(910)) - Stopped o.e.j.w.WebAppContext@3a7469ca{/,null,UNAVAILABLE}{/hddsDatanode}
2019-09-25 06:16:48,931 [ForkJoinPool.commonPool-worker-1] INFO  server.AbstractConnector (AbstractConnector.java:doStop(318)) - Stopped ServerConnector@1c8e8fed{HTTP/1.1,[http/1.1]}{0.0.0.0:0}
2019-09-25 06:16:48,933 [ForkJoinPool.commonPool-worker-1] INFO  handler.ContextHandler (ContextHandler.java:doStop(910)) - Stopped o.e.j.s.ServletContextHandler@35ceec81{/static,jar:file:/home/user/.m2/repository/org/apache/hadoop/hadoop-hdds-container-service/0.5.0-SNAPSHOT/hadoop-hdds-container-service-0.5.0-SNAPSHOT.jar!/webapps/static,UNAVAILABLE}
2019-09-25 06:16:48,935 [ForkJoinPool.commonPool-worker-1] INFO  handler.ContextHandler (ContextHandler.java:doStop(910)) - Stopped o.e.j.s.ServletContextHandler@51141f64{/logs,file:///workdir/hadoop-ozone/ozonefs/target/log,UNAVAILABLE}
2019-09-25 06:16:48,936 [main] INFO  ozone.MiniOzoneClusterImpl (MiniOzoneClusterImpl.java:stopSCM(392)) - Stopping the StorageContainerManager
2019-09-25 06:16:48,936 [main] INFO  server.StorageContainerManager (StorageContainerManager.java:stop(808)) - Stopping Replication Manager Service.
2019-09-25 06:16:48,937 [main] INFO  container.ReplicationManager (ReplicationManager.java:stop(204)) - Stopping Replication Monitor Thread.
2019-09-25 06:16:48,937 [main] INFO  server.StorageContainerManager (StorageContainerManager.java:stop(815)) - Stopping Lease Manager of the command watchers
2019-09-25 06:16:48,938 [main] INFO  server.StorageContainerManager (StorageContainerManager.java:stop(822)) - Stopping datanode service RPC server
2019-09-25 06:16:48,938 [main] INFO  server.SCMDatanodeProtocolServer (SCMDatanodeProtocolServer.java:stop(367)) - Stopping the RPC server for DataNodes
2019-09-25 06:16:48,938 [main] INFO  ipc.Server (Server.java:stop(3082)) - Stopping server on 35754
2019-09-25 06:16:48,941 [IPC Server listener on 35754] INFO  ipc.Server (Server.java:run(1185)) - Stopping IPC Server listener on 35754
2019-09-25 06:16:48,942 [IPC Server Responder] INFO  ipc.Server (Server.java:run(1319)) - Stopping IPC Server Responder
2019-09-25 06:16:48,965 [SCM Heartbeat Processing Thread - 0] WARN  node.NodeStateManager (NodeStateManager.java:scheduleNextHealthCheck(655)) - Current Thread is interrupted, shutting down HB processing thread for Node Manager.
2019-09-25 06:16:48,966 [main] INFO  server.StorageContainerManager (StorageContainerManager.java:stop(830)) - Stopping block service RPC server
2019-09-25 06:16:48,966 [main] INFO  server.SCMBlockProtocolServer (SCMBlockProtocolServer.java:stop(155)) - Stopping the RPC server for Block Protocol
2019-09-25 06:16:48,966 [main] INFO  ipc.Server (Server.java:stop(3082)) - Stopping server on 43160
2019-09-25 06:16:48,969 [IPC Server listener on 43160] INFO  ipc.Server (Server.java:run(1185)) - Stopping IPC Server listener on 43160
2019-09-25 06:16:48,969 [main] INFO  server.StorageContainerManager (StorageContainerManager.java:stop(837)) - Stopping the StorageContainerLocationProtocol RPC server
2019-09-25 06:16:48,969 [IPC Server Responder] INFO  ipc.Server (Server.java:run(1319)) - Stopping IPC Server Responder
2019-09-25 06:16:48,969 [main] INFO  server.SCMClientProtocolServer (SCMClientProtocolServer.java:stop(159)) - Stopping the RPC server for Client Protocol
2019-09-25 06:16:48,970 [main] INFO  ipc.Server (Server.java:stop(3082)) - Stopping server on 34161
2019-09-25 06:16:48,976 [main] INFO  server.StorageContainerManager (StorageContainerManager.java:stop(844)) - Stopping Storage Container Manager HTTP server.
2019-09-25 06:16:48,976 [IPC Server listener on 34161] INFO  ipc.Server (Server.java:run(1185)) - Stopping IPC Server listener on 34161
2019-09-25 06:16:48,976 [IPC Server Responder] INFO  ipc.Server (Server.java:run(1319)) - Stopping IPC Server Responder
2019-09-25 06:16:48,978 [main] INFO  handler.ContextHandler (ContextHandler.java:doStop(910)) - Stopped o.e.j.w.WebAppContext@61c5fd78{/,null,UNAVAILABLE}{/scm}
2019-09-25 06:16:48,979 [main] INFO  server.AbstractConnector (AbstractConnector.java:doStop(318)) - Stopped ServerConnector@42503099{HTTP/1.1,[http/1.1]}{0.0.0.0:0}
2019-09-25 06:16:48,979 [main] INFO  handler.ContextHandler (ContextHandler.java:doStop(910)) - Stopped o.e.j.s.ServletContextHandler@4a4ff5ed{/static,jar:file:/home/user/.m2/repository/org/apache/hadoop/hadoop-hdds-server-scm/0.5.0-SNAPSHOT/hadoop-hdds-server-scm-0.5.0-SNAPSHOT.jar!/webapps/static,UNAVAILABLE}
2019-09-25 06:16:48,980 [main] INFO  handler.ContextHandler (ContextHandler.java:doStop(910)) - Stopped o.e.j.s.ServletContextHandler@7ac685ef{/logs,file:///workdir/hadoop-ozone/ozonefs/target/log,UNAVAILABLE}
2019-09-25 06:16:48,981 [main] INFO  server.StorageContainerManager (StorageContainerManager.java:stop(855)) - Stopping Block Manager Service.
2019-09-25 06:16:48,981 [main] INFO  utils.BackgroundService (BackgroundService.java:shutdown(148)) - Shutting down service SCMBlockDeletingService
2019-09-25 06:16:48,983 [main] INFO  utils.BackgroundService (BackgroundService.java:shutdown(148)) - Shutting down service SCMBlockDeletingService
2019-09-25 06:16:48,983 [main] INFO  server.StorageContainerManager (StorageContainerManager.java:stop(877)) - Stopping SCM Event Queue.
2019-09-25 06:16:48,988 [main] INFO  impl.MetricsSystemImpl (MetricsSystemImpl.java:stop(210)) - Stopping HddsDatanode metrics system...
2019-09-25 06:16:49,026 [main] INFO  impl.MetricsSystemImpl (MetricsSystemImpl.java:stop(216)) - HddsDatanode metrics system stopped.
]]></system-out>
  </testcase>
</testsuite>