<?xml version="1.0" encoding="UTF-8"?>
<testsuite xmlns:xsi="http://www.w3.org/2001/XMLSchema-instance" xsi:noNamespaceSchemaLocation="https://maven.apache.org/surefire/maven-surefire-plugin/xsd/surefire-test-report.xsd" name="org.apache.hadoop.fs.ozone.TestOzoneFileSystem" time="383.074" tests="8" errors="2" skipped="0" failures="0">
  <properties>
    <property name="awt.toolkit" value="sun.awt.X11.XToolkit"/>
    <property name="file.encoding.pkg" value="sun.io"/>
    <property name="java.specification.version" value="1.8"/>
    <property name="sun.cpu.isalist" value=""/>
    <property name="sun.jnu.encoding" value="UTF-8"/>
    <property name="java.class.path" value="/workdir/hadoop-ozone/ozonefs/target/test-classes:/workdir/hadoop-ozone/ozonefs/target/classes:/home/user/.m2/repository/org/apache/hadoop/hadoop-common/3.2.0/hadoop-common-3.2.0.jar:/home/user/.m2/repository/org/apache/hadoop/hadoop-annotations/3.2.0/hadoop-annotations-3.2.0.jar:/usr/lib/jvm/java-1.8-openjdk/jre/../lib/tools.jar:/home/user/.m2/repository/com/google/guava/guava/11.0.2/guava-11.0.2.jar:/home/user/.m2/repository/commons-cli/commons-cli/1.2/commons-cli-1.2.jar:/home/user/.m2/repository/org/apache/commons/commons-math3/3.1.1/commons-math3-3.1.1.jar:/home/user/.m2/repository/org/apache/httpcomponents/httpclient/4.5.2/httpclient-4.5.2.jar:/home/user/.m2/repository/org/apache/httpcomponents/httpcore/4.4.4/httpcore-4.4.4.jar:/home/user/.m2/repository/commons-codec/commons-codec/1.11/commons-codec-1.11.jar:/home/user/.m2/repository/commons-io/commons-io/2.5/commons-io-2.5.jar:/home/user/.m2/repository/commons-net/commons-net/3.6/commons-net-3.6.jar:/home/user/.m2/repository/commons-collections/commons-collections/3.2.2/commons-collections-3.2.2.jar:/home/user/.m2/repository/javax/servlet/javax.servlet-api/3.1.0/javax.servlet-api-3.1.0.jar:/home/user/.m2/repository/org/eclipse/jetty/jetty-server/9.3.25.v20180904/jetty-server-9.3.25.v20180904.jar:/home/user/.m2/repository/org/eclipse/jetty/jetty-http/9.3.25.v20180904/jetty-http-9.3.25.v20180904.jar:/home/user/.m2/repository/org/eclipse/jetty/jetty-io/9.3.25.v20180904/jetty-io-9.3.25.v20180904.jar:/home/user/.m2/repository/org/eclipse/jetty/jetty-util/9.3.25.v20180904/jetty-util-9.3.25.v20180904.jar:/home/user/.m2/repository/org/eclipse/jetty/jetty-servlet/9.3.25.v20180904/jetty-servlet-9.3.25.v20180904.jar:/home/user/.m2/repository/org/eclipse/jetty/jetty-security/9.3.25.v20180904/jetty-security-9.3.25.v20180904.jar:/home/user/.m2/repository/org/eclipse/jetty/jetty-webapp/9.3.25.v20180904/jetty-webapp-9.3.25.v20180904.jar:/home/user/.m2/repository/org/eclipse/jetty/jetty-xml/9.3.25.v20180904/jetty-xml-9.3.25.v20180904.jar:/home/user/.m2/repository/javax/servlet/jsp/jsp-api/2.1/jsp-api-2.1.jar:/home/user/.m2/repository/com/sun/jersey/jersey-core/1.19/jersey-core-1.19.jar:/home/user/.m2/repository/javax/ws/rs/jsr311-api/1.1.1/jsr311-api-1.1.1.jar:/home/user/.m2/repository/com/sun/jersey/jersey-servlet/1.19/jersey-servlet-1.19.jar:/home/user/.m2/repository/com/sun/jersey/jersey-json/1.19/jersey-json-1.19.jar:/home/user/.m2/repository/org/codehaus/jettison/jettison/1.1/jettison-1.1.jar:/home/user/.m2/repository/com/sun/xml/bind/jaxb-impl/2.3.0.1/jaxb-impl-2.3.0.1.jar:/home/user/.m2/repository/org/codehaus/jackson/jackson-core-asl/1.9.13/jackson-core-asl-1.9.13.jar:/home/user/.m2/repository/org/codehaus/jackson/jackson-mapper-asl/1.9.13/jackson-mapper-asl-1.9.13.jar:/home/user/.m2/repository/org/codehaus/jackson/jackson-jaxrs/1.9.13/jackson-jaxrs-1.9.13.jar:/home/user/.m2/repository/org/codehaus/jackson/jackson-xc/1.9.13/jackson-xc-1.9.13.jar:/home/user/.m2/repository/com/sun/jersey/jersey-server/1.19/jersey-server-1.19.jar:/home/user/.m2/repository/commons-logging/commons-logging/1.1.3/commons-logging-1.1.3.jar:/home/user/.m2/repository/log4j/log4j/1.2.17/log4j-1.2.17.jar:/home/user/.m2/repository/commons-beanutils/commons-beanutils/1.9.4/commons-beanutils-1.9.4.jar:/home/user/.m2/repository/org/apache/commons/commons-configuration2/2.1.1/commons-configuration2-2.1.1.jar:/home/user/.m2/repository/org/apache/commons/commons-lang3/3.7/commons-lang3-3.7.jar:/home/user/.m2/repository/org/apache/commons/commons-text/1.4/commons-text-1.4.jar:/home/user/.m2/repository/org/slf4j/slf4j-api/1.7.25/slf4j-api-1.7.25.jar:/home/user/.m2/repository/org/slf4j/slf4j-log4j12/1.7.25/slf4j-log4j12-1.7.25.jar:/home/user/.m2/repository/org/apache/avro/avro/1.7.7/avro-1.7.7.jar:/home/user/.m2/repository/com/thoughtworks/paranamer/paranamer/2.3/paranamer-2.3.jar:/home/user/.m2/repository/org/xerial/snappy/snappy-java/1.0.5/snappy-java-1.0.5.jar:/home/user/.m2/repository/com/google/re2j/re2j/1.1/re2j-1.1.jar:/home/user/.m2/repository/com/google/protobuf/protobuf-java/2.5.0/protobuf-java-2.5.0.jar:/home/user/.m2/repository/com/google/code/gson/gson/2.2.4/gson-2.2.4.jar:/home/user/.m2/repository/org/apache/hadoop/hadoop-auth/3.2.0/hadoop-auth-3.2.0.jar:/home/user/.m2/repository/com/nimbusds/nimbus-jose-jwt/4.41.1/nimbus-jose-jwt-4.41.1.jar:/home/user/.m2/repository/com/github/stephenc/jcip/jcip-annotations/1.0-1/jcip-annotations-1.0-1.jar:/home/user/.m2/repository/net/minidev/json-smart/2.3/json-smart-2.3.jar:/home/user/.m2/repository/net/minidev/accessors-smart/1.2/accessors-smart-1.2.jar:/home/user/.m2/repository/org/apache/curator/curator-framework/2.12.0/curator-framework-2.12.0.jar:/home/user/.m2/repository/com/jcraft/jsch/0.1.54/jsch-0.1.54.jar:/home/user/.m2/repository/org/apache/curator/curator-client/2.12.0/curator-client-2.12.0.jar:/home/user/.m2/repository/org/apache/curator/curator-recipes/2.12.0/curator-recipes-2.12.0.jar:/home/user/.m2/repository/com/google/code/findbugs/jsr305/3.0.0/jsr305-3.0.0.jar:/home/user/.m2/repository/org/apache/htrace/htrace-core4/4.1.0-incubating/htrace-core4-4.1.0-incubating.jar:/home/user/.m2/repository/org/apache/zookeeper/zookeeper/3.4.13/zookeeper-3.4.13.jar:/home/user/.m2/repository/jline/jline/0.9.94/jline-0.9.94.jar:/home/user/.m2/repository/org/apache/yetus/audience-annotations/0.5.0/audience-annotations-0.5.0.jar:/home/user/.m2/repository/org/apache/commons/commons-compress/1.4.1/commons-compress-1.4.1.jar:/home/user/.m2/repository/org/tukaani/xz/1.0/xz-1.0.jar:/home/user/.m2/repository/org/apache/kerby/kerb-simplekdc/1.0.1/kerb-simplekdc-1.0.1.jar:/home/user/.m2/repository/org/apache/kerby/kerb-client/1.0.1/kerb-client-1.0.1.jar:/home/user/.m2/repository/org/apache/kerby/kerby-config/1.0.1/kerby-config-1.0.1.jar:/home/user/.m2/repository/org/apache/kerby/kerb-core/1.0.1/kerb-core-1.0.1.jar:/home/user/.m2/repository/org/apache/kerby/kerby-pkix/1.0.1/kerby-pkix-1.0.1.jar:/home/user/.m2/repository/org/apache/kerby/kerby-asn1/1.0.1/kerby-asn1-1.0.1.jar:/home/user/.m2/repository/org/apache/kerby/kerby-util/1.0.1/kerby-util-1.0.1.jar:/home/user/.m2/repository/org/apache/kerby/kerb-common/1.0.1/kerb-common-1.0.1.jar:/home/user/.m2/repository/org/apache/kerby/kerb-crypto/1.0.1/kerb-crypto-1.0.1.jar:/home/user/.m2/repository/org/apache/kerby/kerb-util/1.0.1/kerb-util-1.0.1.jar:/home/user/.m2/repository/org/apache/kerby/token-provider/1.0.1/token-provider-1.0.1.jar:/home/user/.m2/repository/org/apache/kerby/kerb-admin/1.0.1/kerb-admin-1.0.1.jar:/home/user/.m2/repository/org/apache/kerby/kerb-server/1.0.1/kerb-server-1.0.1.jar:/home/user/.m2/repository/org/apache/kerby/kerb-identity/1.0.1/kerb-identity-1.0.1.jar:/home/user/.m2/repository/org/apache/kerby/kerby-xdr/1.0.1/kerby-xdr-1.0.1.jar:/home/user/.m2/repository/com/fasterxml/jackson/core/jackson-databind/2.9.9/jackson-databind-2.9.9.jar:/home/user/.m2/repository/com/fasterxml/jackson/core/jackson-annotations/2.9.9/jackson-annotations-2.9.9.jar:/home/user/.m2/repository/com/fasterxml/jackson/core/jackson-core/2.9.9/jackson-core-2.9.9.jar:/home/user/.m2/repository/org/codehaus/woodstox/stax2-api/3.1.4/stax2-api-3.1.4.jar:/home/user/.m2/repository/com/fasterxml/woodstox/woodstox-core/5.0.3/woodstox-core-5.0.3.jar:/home/user/.m2/repository/dnsjava/dnsjava/2.1.7/dnsjava-2.1.7.jar:/home/user/.m2/repository/org/apache/hadoop/hadoop-hdfs/3.2.0/hadoop-hdfs-3.2.0.jar:/home/user/.m2/repository/org/eclipse/jetty/jetty-util-ajax/9.3.25.v20180904/jetty-util-ajax-9.3.25.v20180904.jar:/home/user/.m2/repository/commons-daemon/commons-daemon/1.0.13/commons-daemon-1.0.13.jar:/home/user/.m2/repository/io/netty/netty/3.10.5.Final/netty-3.10.5.Final.jar:/home/user/.m2/repository/io/netty/netty-all/4.0.52.Final/netty-all-4.0.52.Final.jar:/home/user/.m2/repository/org/fusesource/leveldbjni/leveldbjni-all/1.8/leveldbjni-all-1.8.jar:/home/user/.m2/repository/org/apache/hadoop/hadoop-hdds-common/0.5.0-SNAPSHOT/hadoop-hdds-common-0.5.0-SNAPSHOT.jar:/home/user/.m2/repository/org/apache/hadoop/hadoop-hdds-config/0.5.0-SNAPSHOT/hadoop-hdds-config-0.5.0-SNAPSHOT.jar:/home/user/.m2/repository/javax/annotation/javax.annotation-api/1.2/javax.annotation-api-1.2.jar:/home/user/.m2/repository/org/apache/ratis/ratis-server/0.4.0/ratis-server-0.4.0.jar:/home/user/.m2/repository/org/apache/ratis/ratis-thirdparty-misc/0.2.0/ratis-thirdparty-misc-0.2.0.jar:/home/user/.m2/repository/org/apache/ratis/ratis-proto/0.4.0/ratis-proto-0.4.0.jar:/home/user/.m2/repository/org/apache/ratis/ratis-common/0.4.0/ratis-common-0.4.0.jar:/home/user/.m2/repository/org/apache/ratis/ratis-client/0.4.0/ratis-client-0.4.0.jar:/home/user/.m2/repository/org/apache/ratis/ratis-metrics/0.4.0/ratis-metrics-0.4.0.jar:/home/user/.m2/repository/com/github/joshelser/dropwizard-metrics-hadoop-metrics2-reporter/0.1.2/dropwizard-metrics-hadoop-metrics2-reporter-0.1.2.jar:/home/user/.m2/repository/io/dropwizard/metrics/metrics-jvm/3.2.5/metrics-jvm-3.2.5.jar:/home/user/.m2/repository/io/dropwizard/metrics/metrics-ganglia/3.2.5/metrics-ganglia-3.2.5.jar:/home/user/.m2/repository/info/ganglia/gmetric4j/gmetric4j/1.0.7/gmetric4j-1.0.7.jar:/home/user/.m2/repository/org/apache/ratis/ratis-netty/0.4.0/ratis-netty-0.4.0.jar:/home/user/.m2/repository/org/apache/ratis/ratis-grpc/0.4.0/ratis-grpc-0.4.0.jar:/home/user/.m2/repository/org/rocksdb/rocksdbjni/6.0.1/rocksdbjni-6.0.1.jar:/home/user/.m2/repository/org/apache/logging/log4j/log4j-api/2.11.0/log4j-api-2.11.0.jar:/home/user/.m2/repository/org/apache/logging/log4j/log4j-core/2.11.0/log4j-core-2.11.0.jar:/home/user/.m2/repository/com/lmax/disruptor/3.4.2/disruptor-3.4.2.jar:/home/user/.m2/repository/org/apache/commons/commons-pool2/2.6.0/commons-pool2-2.6.0.jar:/home/user/.m2/repository/org/bouncycastle/bcpkix-jdk15on/1.60/bcpkix-jdk15on-1.60.jar:/home/user/.m2/repository/commons-validator/commons-validator/1.6/commons-validator-1.6.jar:/home/user/.m2/repository/commons-digester/commons-digester/1.8.1/commons-digester-1.8.1.jar:/home/user/.m2/repository/io/jaegertracing/jaeger-client/0.34.0/jaeger-client-0.34.0.jar:/home/user/.m2/repository/io/jaegertracing/jaeger-thrift/0.34.0/jaeger-thrift-0.34.0.jar:/home/user/.m2/repository/org/apache/thrift/libthrift/0.12.0/libthrift-0.12.0.jar:/home/user/.m2/repository/com/squareup/okhttp3/okhttp/3.9.0/okhttp-3.9.0.jar:/home/user/.m2/repository/com/squareup/okio/okio/1.13.0/okio-1.13.0.jar:/home/user/.m2/repository/io/jaegertracing/jaeger-core/0.34.0/jaeger-core-0.34.0.jar:/home/user/.m2/repository/io/jaegertracing/jaeger-tracerresolver/0.34.0/jaeger-tracerresolver-0.34.0.jar:/home/user/.m2/repository/io/opentracing/contrib/opentracing-tracerresolver/0.1.5/opentracing-tracerresolver-0.1.5.jar:/home/user/.m2/repository/io/opentracing/opentracing-util/0.31.0/opentracing-util-0.31.0.jar:/home/user/.m2/repository/io/opentracing/opentracing-api/0.31.0/opentracing-api-0.31.0.jar:/home/user/.m2/repository/io/opentracing/opentracing-noop/0.31.0/opentracing-noop-0.31.0.jar:/home/user/.m2/repository/org/yaml/snakeyaml/1.16/snakeyaml-1.16.jar:/home/user/.m2/repository/org/apache/hadoop/hadoop-hdfs-client/3.2.0/hadoop-hdfs-client-3.2.0.jar:/home/user/.m2/repository/info/picocli/picocli/3.9.6/picocli-3.9.6.jar:/home/user/.m2/repository/org/apache/hadoop/hadoop-hdds-server-scm/0.5.0-SNAPSHOT/hadoop-hdds-server-scm-0.5.0-SNAPSHOT.jar:/home/user/.m2/repository/org/apache/hadoop/hadoop-hdds-docs/0.5.0-SNAPSHOT/hadoop-hdds-docs-0.5.0-SNAPSHOT.jar:/home/user/.m2/repository/io/dropwizard/metrics/metrics-core/3.2.4/metrics-core-3.2.4.jar:/home/user/.m2/repository/org/hamcrest/hamcrest-all/1.3/hamcrest-all-1.3.jar:/home/user/.m2/repository/org/bouncycastle/bcprov-jdk15on/1.60/bcprov-jdk15on-1.60.jar:/home/user/.m2/repository/org/apache/hadoop/hadoop-hdds-server-framework/0.5.0-SNAPSHOT/hadoop-hdds-server-framework-0.5.0-SNAPSHOT.jar:/home/user/.m2/repository/org/apache/hadoop/hadoop-ozone-ozone-manager/0.5.0-SNAPSHOT/hadoop-ozone-ozone-manager-0.5.0-SNAPSHOT.jar:/home/user/.m2/repository/org/apache/hadoop/hadoop-hdds-container-service/0.5.0-SNAPSHOT/hadoop-hdds-container-service-0.5.0-SNAPSHOT.jar:/home/user/.m2/repository/org/apache/hadoop/hadoop-hdds-client/0.5.0-SNAPSHOT/hadoop-hdds-client-0.5.0-SNAPSHOT.jar:/home/user/.m2/repository/org/apache/hadoop/hadoop-ozone-common/0.5.0-SNAPSHOT/hadoop-ozone-common-0.5.0-SNAPSHOT.jar:/home/user/.m2/repository/org/apache/hadoop/hadoop-hdds-tools/0.5.0-SNAPSHOT/hadoop-hdds-tools-0.5.0-SNAPSHOT.jar:/home/user/.m2/repository/org/xerial/sqlite-jdbc/3.25.2/sqlite-jdbc-3.25.2.jar:/home/user/.m2/repository/com/google/code/findbugs/findbugs/3.0.1/findbugs-3.0.1.jar:/home/user/.m2/repository/net/jcip/jcip-annotations/1.0/jcip-annotations-1.0.jar:/home/user/.m2/repository/com/google/code/findbugs/bcel-findbugs/6.0/bcel-findbugs-6.0.jar:/home/user/.m2/repository/com/google/code/findbugs/jFormatString/2.0.1/jFormatString-2.0.1.jar:/home/user/.m2/repository/dom4j/dom4j/1.6.1/dom4j-1.6.1.jar:/home/user/.m2/repository/xml-apis/xml-apis/1.0.b2/xml-apis-1.0.b2.jar:/home/user/.m2/repository/org/ow2/asm/asm-debug-all/5.0.2/asm-debug-all-5.0.2.jar:/home/user/.m2/repository/org/ow2/asm/asm-commons/5.0.2/asm-commons-5.0.2.jar:/home/user/.m2/repository/org/ow2/asm/asm-tree/5.0.2/asm-tree-5.0.2.jar:/home/user/.m2/repository/org/ow2/asm/asm/5.0.4/asm-5.0.4.jar:/home/user/.m2/repository/commons-lang/commons-lang/2.6/commons-lang-2.6.jar:/home/user/.m2/repository/com/apple/AppleJavaExtensions/1.4/AppleJavaExtensions-1.4.jar:/home/user/.m2/repository/jaxen/jaxen/1.1.6/jaxen-1.1.6.jar:/home/user/.m2/repository/org/apache/hadoop/hadoop-common/3.2.0/hadoop-common-3.2.0-tests.jar:/home/user/.m2/repository/org/apache/hadoop/hadoop-ozone-client/0.5.0-SNAPSHOT/hadoop-ozone-client-0.5.0-SNAPSHOT.jar:/home/user/.m2/repository/org/apache/hadoop/hadoop-hdfs/3.2.0/hadoop-hdfs-3.2.0-tests.jar:/workdir/hadoop-ozone/integration-test/target/test-classes:/home/user/.m2/repository/org/apache/hadoop/hadoop-ozone-s3gateway/0.5.0-SNAPSHOT/hadoop-ozone-s3gateway-0.5.0-SNAPSHOT.jar:/home/user/.m2/repository/org/jboss/weld/servlet/weld-servlet/2.4.7.Final/weld-servlet-2.4.7.Final.jar:/home/user/.m2/repository/org/glassfish/jersey/containers/jersey-container-servlet-core/2.27/jersey-container-servlet-core-2.27.jar:/home/user/.m2/repository/org/glassfish/hk2/external/javax.inject/2.5.0-b42/javax.inject-2.5.0-b42.jar:/home/user/.m2/repository/org/glassfish/jersey/core/jersey-common/2.27/jersey-common-2.27.jar:/home/user/.m2/repository/org/glassfish/hk2/osgi-resource-locator/1.0.1/osgi-resource-locator-1.0.1.jar:/home/user/.m2/repository/javax/ws/rs/javax.ws.rs-api/2.1/javax.ws.rs-api-2.1.jar:/home/user/.m2/repository/org/glassfish/jersey/ext/cdi/jersey-cdi1x/2.27/jersey-cdi1x-2.27.jar:/home/user/.m2/repository/org/glassfish/jersey/inject/jersey-hk2/2.27/jersey-hk2-2.27.jar:/home/user/.m2/repository/org/glassfish/hk2/hk2-locator/2.5.0-b42/hk2-locator-2.5.0-b42.jar:/home/user/.m2/repository/org/javassist/javassist/3.22.0-CR2/javassist-3.22.0-CR2.jar:/home/user/.m2/repository/org/glassfish/hk2/hk2-api/2.5.0/hk2-api-2.5.0.jar:/home/user/.m2/repository/org/glassfish/hk2/external/jakarta.inject/2.5.0/jakarta.inject-2.5.0.jar:/home/user/.m2/repository/org/glassfish/hk2/hk2-utils/2.5.0/hk2-utils-2.5.0.jar:/home/user/.m2/repository/jakarta/annotation/jakarta.annotation-api/1.3.4/jakarta.annotation-api-1.3.4.jar:/home/user/.m2/repository/org/glassfish/hk2/external/aopalliance-repackaged/2.5.0/aopalliance-repackaged-2.5.0.jar:/home/user/.m2/repository/com/fasterxml/jackson/dataformat/jackson-dataformat-xml/2.9.0/jackson-dataformat-xml-2.9.0.jar:/home/user/.m2/repository/com/fasterxml/jackson/module/jackson-module-jaxb-annotations/2.9.9/jackson-module-jaxb-annotations-2.9.9.jar:/home/user/.m2/repository/javax/enterprise/cdi-api/1.2/cdi-api-1.2.jar:/home/user/.m2/repository/javax/el/javax.el-api/3.0.0/javax.el-api-3.0.0.jar:/home/user/.m2/repository/javax/interceptor/javax.interceptor-api/1.2/javax.interceptor-api-1.2.jar:/home/user/.m2/repository/javax/inject/javax.inject/1/javax.inject-1.jar:/home/user/.m2/repository/com/sun/xml/bind/jaxb-core/2.3.0.1/jaxb-core-2.3.0.1.jar:/home/user/.m2/repository/javax/xml/bind/jaxb-api/2.3.0/jaxb-api-2.3.0.jar:/home/user/.m2/repository/javax/activation/activation/1.1.1/activation-1.1.1.jar:/home/user/.m2/repository/org/apache/hadoop/hadoop-ozone-csi/0.5.0-SNAPSHOT/hadoop-ozone-csi-0.5.0-SNAPSHOT.jar:/home/user/.m2/repository/com/google/protobuf/protobuf-java-util/3.5.1/protobuf-java-util-3.5.1.jar:/home/user/.m2/repository/io/grpc/grpc-netty/1.17.1/grpc-netty-1.17.1.jar:/home/user/.m2/repository/io/grpc/grpc-core/1.17.1/grpc-core-1.17.1.jar:/home/user/.m2/repository/io/grpc/grpc-context/1.17.1/grpc-context-1.17.1.jar:/home/user/.m2/repository/com/google/errorprone/error_prone_annotations/2.2.0/error_prone_annotations-2.2.0.jar:/home/user/.m2/repository/org/codehaus/mojo/animal-sniffer-annotations/1.17/animal-sniffer-annotations-1.17.jar:/home/user/.m2/repository/io/opencensus/opencensus-api/0.17.0/opencensus-api-0.17.0.jar:/home/user/.m2/repository/io/opencensus/opencensus-contrib-grpc-metrics/0.17.0/opencensus-contrib-grpc-metrics-0.17.0.jar:/home/user/.m2/repository/io/netty/netty-codec-http2/4.1.30.Final/netty-codec-http2-4.1.30.Final.jar:/home/user/.m2/repository/io/netty/netty-codec-http/4.1.30.Final/netty-codec-http-4.1.30.Final.jar:/home/user/.m2/repository/io/netty/netty-codec/4.1.30.Final/netty-codec-4.1.30.Final.jar:/home/user/.m2/repository/io/netty/netty-handler/4.1.30.Final/netty-handler-4.1.30.Final.jar:/home/user/.m2/repository/io/netty/netty-handler-proxy/4.1.30.Final/netty-handler-proxy-4.1.30.Final.jar:/home/user/.m2/repository/io/netty/netty-codec-socks/4.1.30.Final/netty-codec-socks-4.1.30.Final.jar:/home/user/.m2/repository/io/netty/netty-transport-native-epoll/4.1.30.Final/netty-transport-native-epoll-4.1.30.Final.jar:/home/user/.m2/repository/io/netty/netty-common/4.1.30.Final/netty-common-4.1.30.Final.jar:/home/user/.m2/repository/io/netty/netty-buffer/4.1.30.Final/netty-buffer-4.1.30.Final.jar:/home/user/.m2/repository/io/netty/netty-transport/4.1.30.Final/netty-transport-4.1.30.Final.jar:/home/user/.m2/repository/io/netty/netty-resolver/4.1.30.Final/netty-resolver-4.1.30.Final.jar:/home/user/.m2/repository/io/netty/netty-transport-native-unix-common/4.1.30.Final/netty-transport-native-unix-common-4.1.30.Final.jar:/home/user/.m2/repository/io/grpc/grpc-protobuf/1.17.1/grpc-protobuf-1.17.1.jar:/home/user/.m2/repository/com/google/api/grpc/proto-google-common-protos/1.0.0/proto-google-common-protos-1.0.0.jar:/home/user/.m2/repository/io/grpc/grpc-protobuf-lite/1.17.1/grpc-protobuf-lite-1.17.1.jar:/home/user/.m2/repository/io/grpc/grpc-stub/1.17.1/grpc-stub-1.17.1.jar:/home/user/.m2/repository/org/apache/hadoop/hadoop-ozone-recon/0.5.0-SNAPSHOT/hadoop-ozone-recon-0.5.0-SNAPSHOT.jar:/home/user/.m2/repository/org/apache/hadoop/hadoop-ozone-reconcodegen/0.5.0-SNAPSHOT/hadoop-ozone-reconcodegen-0.5.0-SNAPSHOT.jar:/home/user/.m2/repository/com/google/inject/extensions/guice-multibindings/4.0/guice-multibindings-4.0.jar:/home/user/.m2/repository/com/google/inject/guice/4.0/guice-4.0.jar:/home/user/.m2/repository/aopalliance/aopalliance/1.0/aopalliance-1.0.jar:/home/user/.m2/repository/org/glassfish/jersey/containers/jersey-container-servlet/2.27/jersey-container-servlet-2.27.jar:/home/user/.m2/repository/org/glassfish/hk2/guice-bridge/2.5.0/guice-bridge-2.5.0.jar:/home/user/.m2/repository/org/glassfish/jersey/core/jersey-server/2.27/jersey-server-2.27.jar:/home/user/.m2/repository/org/glassfish/jersey/core/jersey-client/2.27/jersey-client-2.27.jar:/home/user/.m2/repository/org/glassfish/jersey/media/jersey-media-jaxb/2.27/jersey-media-jaxb-2.27.jar:/home/user/.m2/repository/javax/validation/validation-api/1.1.0.Final/validation-api-1.1.0.Final.jar:/home/user/.m2/repository/org/glassfish/jersey/media/jersey-media-json-jackson/2.27/jersey-media-json-jackson-2.27.jar:/home/user/.m2/repository/org/glassfish/jersey/ext/jersey-entity-filtering/2.27/jersey-entity-filtering-2.27.jar:/home/user/.m2/repository/com/google/inject/extensions/guice-assistedinject/4.0/guice-assistedinject-4.0.jar:/home/user/.m2/repository/org/jooq/jooq/3.11.10/jooq-3.11.10.jar:/home/user/.m2/repository/org/jooq/jooq-meta/3.11.10/jooq-meta-3.11.10.jar:/home/user/.m2/repository/org/jooq/jooq-codegen/3.11.10/jooq-codegen-3.11.10.jar:/home/user/.m2/repository/com/jolbox/bonecp/0.8.0.RELEASE/bonecp-0.8.0.RELEASE.jar:/home/user/.m2/repository/org/springframework/spring-jdbc/5.1.3.RELEASE/spring-jdbc-5.1.3.RELEASE.jar:/home/user/.m2/repository/org/springframework/spring-beans/5.1.3.RELEASE/spring-beans-5.1.3.RELEASE.jar:/home/user/.m2/repository/org/springframework/spring-core/5.1.3.RELEASE/spring-core-5.1.3.RELEASE.jar:/home/user/.m2/repository/org/springframework/spring-jcl/5.1.3.RELEASE/spring-jcl-5.1.3.RELEASE.jar:/home/user/.m2/repository/org/springframework/spring-tx/5.1.3.RELEASE/spring-tx-5.1.3.RELEASE.jar:/home/user/.m2/repository/org/mockito/mockito-all/1.10.19/mockito-all-1.10.19.jar:/home/user/.m2/repository/junit/junit/4.11/junit-4.11.jar:/home/user/.m2/repository/org/hamcrest/hamcrest-core/1.3/hamcrest-core-1.3.jar:/home/user/.m2/repository/org/apache/hadoop/hadoop-distcp/3.2.0/hadoop-distcp-3.2.0.jar:/home/user/.m2/repository/org/apache/hadoop/hadoop-distcp/3.2.0/hadoop-distcp-3.2.0-tests.jar:/home/user/.m2/repository/org/apache/hadoop/hadoop-mapreduce-client-jobclient/3.2.0/hadoop-mapreduce-client-jobclient-3.2.0.jar:/home/user/.m2/repository/org/apache/hadoop/hadoop-mapreduce-client-common/3.2.0/hadoop-mapreduce-client-common-3.2.0.jar:/home/user/.m2/repository/org/apache/hadoop/hadoop-yarn-common/3.2.0/hadoop-yarn-common-3.2.0.jar:/home/user/.m2/repository/org/apache/hadoop/hadoop-yarn-api/3.2.0/hadoop-yarn-api-3.2.0.jar:/home/user/.m2/repository/com/sun/jersey/jersey-client/1.19/jersey-client-1.19.jar:/home/user/.m2/repository/com/sun/jersey/contribs/jersey-guice/1.19/jersey-guice-1.19.jar:/home/user/.m2/repository/com/fasterxml/jackson/jaxrs/jackson-jaxrs-json-provider/2.9.9/jackson-jaxrs-json-provider-2.9.9.jar:/home/user/.m2/repository/com/fasterxml/jackson/jaxrs/jackson-jaxrs-base/2.9.9/jackson-jaxrs-base-2.9.9.jar:/home/user/.m2/repository/org/apache/hadoop/hadoop-yarn-client/3.2.0/hadoop-yarn-client-3.2.0.jar:/home/user/.m2/repository/org/apache/hadoop/hadoop-mapreduce-client-core/3.2.0/hadoop-mapreduce-client-core-3.2.0.jar:/home/user/.m2/repository/com/google/inject/extensions/guice-servlet/4.0/guice-servlet-4.0.jar:/home/user/.m2/repository/org/powermock/powermock-module-junit4/1.6.5/powermock-module-junit4-1.6.5.jar:/home/user/.m2/repository/org/powermock/powermock-module-junit4-common/1.6.5/powermock-module-junit4-common-1.6.5.jar:/home/user/.m2/repository/org/powermock/powermock-core/1.6.5/powermock-core-1.6.5.jar:/home/user/.m2/repository/org/powermock/powermock-reflect/1.6.5/powermock-reflect-1.6.5.jar:/home/user/.m2/repository/org/powermock/powermock-api-mockito/1.6.5/powermock-api-mockito-1.6.5.jar:/home/user/.m2/repository/org/mockito/mockito-core/1.10.19/mockito-core-1.10.19.jar:/home/user/.m2/repository/org/objenesis/objenesis/1.0/objenesis-1.0.jar:/home/user/.m2/repository/org/powermock/powermock-api-mockito-common/1.6.5/powermock-api-mockito-common-1.6.5.jar:/home/user/.m2/repository/org/powermock/powermock-api-support/1.6.5/powermock-api-support-1.6.5.jar:"/>
    <property name="java.vm.vendor" value="IcedTea"/>
    <property name="sun.arch.data.model" value="64"/>
    <property name="test.build.dir" value="/workdir/hadoop-ozone/ozonefs/target/test-dir"/>
    <property name="test.cache.data" value=""/>
    <property name="java.vendor.url" value="https://icedtea.classpath.org"/>
    <property name="user.timezone" value=""/>
    <property name="java.vm.specification.version" value="1.8"/>
    <property name="os.name" value="Linux"/>
    <property name="test.build.data" value="/workdir/hadoop-ozone/ozonefs/target/test-dir"/>
    <property name="user.country" value="US"/>
    <property name="sun.java.launcher" value="SUN_STANDARD"/>
    <property name="sun.boot.library.path" value="/usr/lib/jvm/java-1.8-openjdk/jre/lib/amd64"/>
    <property name="sun.java.command" value="/workdir/hadoop-ozone/ozonefs/target/surefire/surefirebooter8635296419986023056.jar /workdir/hadoop-ozone/ozonefs/target/surefire 2019-09-25T04-13-15_280-jvmRun1 surefire6280950660211088974tmp surefire_1065128322438146818061tmp"/>
    <property name="test" value="!TestMiniChaosOzoneCluster"/>
    <property name="surefire.test.class.path" value="/workdir/hadoop-ozone/ozonefs/target/test-classes:/workdir/hadoop-ozone/ozonefs/target/classes:/home/user/.m2/repository/org/apache/hadoop/hadoop-common/3.2.0/hadoop-common-3.2.0.jar:/home/user/.m2/repository/org/apache/hadoop/hadoop-annotations/3.2.0/hadoop-annotations-3.2.0.jar:/usr/lib/jvm/java-1.8-openjdk/jre/../lib/tools.jar:/home/user/.m2/repository/com/google/guava/guava/11.0.2/guava-11.0.2.jar:/home/user/.m2/repository/commons-cli/commons-cli/1.2/commons-cli-1.2.jar:/home/user/.m2/repository/org/apache/commons/commons-math3/3.1.1/commons-math3-3.1.1.jar:/home/user/.m2/repository/org/apache/httpcomponents/httpclient/4.5.2/httpclient-4.5.2.jar:/home/user/.m2/repository/org/apache/httpcomponents/httpcore/4.4.4/httpcore-4.4.4.jar:/home/user/.m2/repository/commons-codec/commons-codec/1.11/commons-codec-1.11.jar:/home/user/.m2/repository/commons-io/commons-io/2.5/commons-io-2.5.jar:/home/user/.m2/repository/commons-net/commons-net/3.6/commons-net-3.6.jar:/home/user/.m2/repository/commons-collections/commons-collections/3.2.2/commons-collections-3.2.2.jar:/home/user/.m2/repository/javax/servlet/javax.servlet-api/3.1.0/javax.servlet-api-3.1.0.jar:/home/user/.m2/repository/org/eclipse/jetty/jetty-server/9.3.25.v20180904/jetty-server-9.3.25.v20180904.jar:/home/user/.m2/repository/org/eclipse/jetty/jetty-http/9.3.25.v20180904/jetty-http-9.3.25.v20180904.jar:/home/user/.m2/repository/org/eclipse/jetty/jetty-io/9.3.25.v20180904/jetty-io-9.3.25.v20180904.jar:/home/user/.m2/repository/org/eclipse/jetty/jetty-util/9.3.25.v20180904/jetty-util-9.3.25.v20180904.jar:/home/user/.m2/repository/org/eclipse/jetty/jetty-servlet/9.3.25.v20180904/jetty-servlet-9.3.25.v20180904.jar:/home/user/.m2/repository/org/eclipse/jetty/jetty-security/9.3.25.v20180904/jetty-security-9.3.25.v20180904.jar:/home/user/.m2/repository/org/eclipse/jetty/jetty-webapp/9.3.25.v20180904/jetty-webapp-9.3.25.v20180904.jar:/home/user/.m2/repository/org/eclipse/jetty/jetty-xml/9.3.25.v20180904/jetty-xml-9.3.25.v20180904.jar:/home/user/.m2/repository/javax/servlet/jsp/jsp-api/2.1/jsp-api-2.1.jar:/home/user/.m2/repository/com/sun/jersey/jersey-core/1.19/jersey-core-1.19.jar:/home/user/.m2/repository/javax/ws/rs/jsr311-api/1.1.1/jsr311-api-1.1.1.jar:/home/user/.m2/repository/com/sun/jersey/jersey-servlet/1.19/jersey-servlet-1.19.jar:/home/user/.m2/repository/com/sun/jersey/jersey-json/1.19/jersey-json-1.19.jar:/home/user/.m2/repository/org/codehaus/jettison/jettison/1.1/jettison-1.1.jar:/home/user/.m2/repository/com/sun/xml/bind/jaxb-impl/2.3.0.1/jaxb-impl-2.3.0.1.jar:/home/user/.m2/repository/org/codehaus/jackson/jackson-core-asl/1.9.13/jackson-core-asl-1.9.13.jar:/home/user/.m2/repository/org/codehaus/jackson/jackson-mapper-asl/1.9.13/jackson-mapper-asl-1.9.13.jar:/home/user/.m2/repository/org/codehaus/jackson/jackson-jaxrs/1.9.13/jackson-jaxrs-1.9.13.jar:/home/user/.m2/repository/org/codehaus/jackson/jackson-xc/1.9.13/jackson-xc-1.9.13.jar:/home/user/.m2/repository/com/sun/jersey/jersey-server/1.19/jersey-server-1.19.jar:/home/user/.m2/repository/commons-logging/commons-logging/1.1.3/commons-logging-1.1.3.jar:/home/user/.m2/repository/log4j/log4j/1.2.17/log4j-1.2.17.jar:/home/user/.m2/repository/commons-beanutils/commons-beanutils/1.9.4/commons-beanutils-1.9.4.jar:/home/user/.m2/repository/org/apache/commons/commons-configuration2/2.1.1/commons-configuration2-2.1.1.jar:/home/user/.m2/repository/org/apache/commons/commons-lang3/3.7/commons-lang3-3.7.jar:/home/user/.m2/repository/org/apache/commons/commons-text/1.4/commons-text-1.4.jar:/home/user/.m2/repository/org/slf4j/slf4j-api/1.7.25/slf4j-api-1.7.25.jar:/home/user/.m2/repository/org/slf4j/slf4j-log4j12/1.7.25/slf4j-log4j12-1.7.25.jar:/home/user/.m2/repository/org/apache/avro/avro/1.7.7/avro-1.7.7.jar:/home/user/.m2/repository/com/thoughtworks/paranamer/paranamer/2.3/paranamer-2.3.jar:/home/user/.m2/repository/org/xerial/snappy/snappy-java/1.0.5/snappy-java-1.0.5.jar:/home/user/.m2/repository/com/google/re2j/re2j/1.1/re2j-1.1.jar:/home/user/.m2/repository/com/google/protobuf/protobuf-java/2.5.0/protobuf-java-2.5.0.jar:/home/user/.m2/repository/com/google/code/gson/gson/2.2.4/gson-2.2.4.jar:/home/user/.m2/repository/org/apache/hadoop/hadoop-auth/3.2.0/hadoop-auth-3.2.0.jar:/home/user/.m2/repository/com/nimbusds/nimbus-jose-jwt/4.41.1/nimbus-jose-jwt-4.41.1.jar:/home/user/.m2/repository/com/github/stephenc/jcip/jcip-annotations/1.0-1/jcip-annotations-1.0-1.jar:/home/user/.m2/repository/net/minidev/json-smart/2.3/json-smart-2.3.jar:/home/user/.m2/repository/net/minidev/accessors-smart/1.2/accessors-smart-1.2.jar:/home/user/.m2/repository/org/apache/curator/curator-framework/2.12.0/curator-framework-2.12.0.jar:/home/user/.m2/repository/com/jcraft/jsch/0.1.54/jsch-0.1.54.jar:/home/user/.m2/repository/org/apache/curator/curator-client/2.12.0/curator-client-2.12.0.jar:/home/user/.m2/repository/org/apache/curator/curator-recipes/2.12.0/curator-recipes-2.12.0.jar:/home/user/.m2/repository/com/google/code/findbugs/jsr305/3.0.0/jsr305-3.0.0.jar:/home/user/.m2/repository/org/apache/htrace/htrace-core4/4.1.0-incubating/htrace-core4-4.1.0-incubating.jar:/home/user/.m2/repository/org/apache/zookeeper/zookeeper/3.4.13/zookeeper-3.4.13.jar:/home/user/.m2/repository/jline/jline/0.9.94/jline-0.9.94.jar:/home/user/.m2/repository/org/apache/yetus/audience-annotations/0.5.0/audience-annotations-0.5.0.jar:/home/user/.m2/repository/org/apache/commons/commons-compress/1.4.1/commons-compress-1.4.1.jar:/home/user/.m2/repository/org/tukaani/xz/1.0/xz-1.0.jar:/home/user/.m2/repository/org/apache/kerby/kerb-simplekdc/1.0.1/kerb-simplekdc-1.0.1.jar:/home/user/.m2/repository/org/apache/kerby/kerb-client/1.0.1/kerb-client-1.0.1.jar:/home/user/.m2/repository/org/apache/kerby/kerby-config/1.0.1/kerby-config-1.0.1.jar:/home/user/.m2/repository/org/apache/kerby/kerb-core/1.0.1/kerb-core-1.0.1.jar:/home/user/.m2/repository/org/apache/kerby/kerby-pkix/1.0.1/kerby-pkix-1.0.1.jar:/home/user/.m2/repository/org/apache/kerby/kerby-asn1/1.0.1/kerby-asn1-1.0.1.jar:/home/user/.m2/repository/org/apache/kerby/kerby-util/1.0.1/kerby-util-1.0.1.jar:/home/user/.m2/repository/org/apache/kerby/kerb-common/1.0.1/kerb-common-1.0.1.jar:/home/user/.m2/repository/org/apache/kerby/kerb-crypto/1.0.1/kerb-crypto-1.0.1.jar:/home/user/.m2/repository/org/apache/kerby/kerb-util/1.0.1/kerb-util-1.0.1.jar:/home/user/.m2/repository/org/apache/kerby/token-provider/1.0.1/token-provider-1.0.1.jar:/home/user/.m2/repository/org/apache/kerby/kerb-admin/1.0.1/kerb-admin-1.0.1.jar:/home/user/.m2/repository/org/apache/kerby/kerb-server/1.0.1/kerb-server-1.0.1.jar:/home/user/.m2/repository/org/apache/kerby/kerb-identity/1.0.1/kerb-identity-1.0.1.jar:/home/user/.m2/repository/org/apache/kerby/kerby-xdr/1.0.1/kerby-xdr-1.0.1.jar:/home/user/.m2/repository/com/fasterxml/jackson/core/jackson-databind/2.9.9/jackson-databind-2.9.9.jar:/home/user/.m2/repository/com/fasterxml/jackson/core/jackson-annotations/2.9.9/jackson-annotations-2.9.9.jar:/home/user/.m2/repository/com/fasterxml/jackson/core/jackson-core/2.9.9/jackson-core-2.9.9.jar:/home/user/.m2/repository/org/codehaus/woodstox/stax2-api/3.1.4/stax2-api-3.1.4.jar:/home/user/.m2/repository/com/fasterxml/woodstox/woodstox-core/5.0.3/woodstox-core-5.0.3.jar:/home/user/.m2/repository/dnsjava/dnsjava/2.1.7/dnsjava-2.1.7.jar:/home/user/.m2/repository/org/apache/hadoop/hadoop-hdfs/3.2.0/hadoop-hdfs-3.2.0.jar:/home/user/.m2/repository/org/eclipse/jetty/jetty-util-ajax/9.3.25.v20180904/jetty-util-ajax-9.3.25.v20180904.jar:/home/user/.m2/repository/commons-daemon/commons-daemon/1.0.13/commons-daemon-1.0.13.jar:/home/user/.m2/repository/io/netty/netty/3.10.5.Final/netty-3.10.5.Final.jar:/home/user/.m2/repository/io/netty/netty-all/4.0.52.Final/netty-all-4.0.52.Final.jar:/home/user/.m2/repository/org/fusesource/leveldbjni/leveldbjni-all/1.8/leveldbjni-all-1.8.jar:/home/user/.m2/repository/org/apache/hadoop/hadoop-hdds-common/0.5.0-SNAPSHOT/hadoop-hdds-common-0.5.0-SNAPSHOT.jar:/home/user/.m2/repository/org/apache/hadoop/hadoop-hdds-config/0.5.0-SNAPSHOT/hadoop-hdds-config-0.5.0-SNAPSHOT.jar:/home/user/.m2/repository/javax/annotation/javax.annotation-api/1.2/javax.annotation-api-1.2.jar:/home/user/.m2/repository/org/apache/ratis/ratis-server/0.4.0/ratis-server-0.4.0.jar:/home/user/.m2/repository/org/apache/ratis/ratis-thirdparty-misc/0.2.0/ratis-thirdparty-misc-0.2.0.jar:/home/user/.m2/repository/org/apache/ratis/ratis-proto/0.4.0/ratis-proto-0.4.0.jar:/home/user/.m2/repository/org/apache/ratis/ratis-common/0.4.0/ratis-common-0.4.0.jar:/home/user/.m2/repository/org/apache/ratis/ratis-client/0.4.0/ratis-client-0.4.0.jar:/home/user/.m2/repository/org/apache/ratis/ratis-metrics/0.4.0/ratis-metrics-0.4.0.jar:/home/user/.m2/repository/com/github/joshelser/dropwizard-metrics-hadoop-metrics2-reporter/0.1.2/dropwizard-metrics-hadoop-metrics2-reporter-0.1.2.jar:/home/user/.m2/repository/io/dropwizard/metrics/metrics-jvm/3.2.5/metrics-jvm-3.2.5.jar:/home/user/.m2/repository/io/dropwizard/metrics/metrics-ganglia/3.2.5/metrics-ganglia-3.2.5.jar:/home/user/.m2/repository/info/ganglia/gmetric4j/gmetric4j/1.0.7/gmetric4j-1.0.7.jar:/home/user/.m2/repository/org/apache/ratis/ratis-netty/0.4.0/ratis-netty-0.4.0.jar:/home/user/.m2/repository/org/apache/ratis/ratis-grpc/0.4.0/ratis-grpc-0.4.0.jar:/home/user/.m2/repository/org/rocksdb/rocksdbjni/6.0.1/rocksdbjni-6.0.1.jar:/home/user/.m2/repository/org/apache/logging/log4j/log4j-api/2.11.0/log4j-api-2.11.0.jar:/home/user/.m2/repository/org/apache/logging/log4j/log4j-core/2.11.0/log4j-core-2.11.0.jar:/home/user/.m2/repository/com/lmax/disruptor/3.4.2/disruptor-3.4.2.jar:/home/user/.m2/repository/org/apache/commons/commons-pool2/2.6.0/commons-pool2-2.6.0.jar:/home/user/.m2/repository/org/bouncycastle/bcpkix-jdk15on/1.60/bcpkix-jdk15on-1.60.jar:/home/user/.m2/repository/commons-validator/commons-validator/1.6/commons-validator-1.6.jar:/home/user/.m2/repository/commons-digester/commons-digester/1.8.1/commons-digester-1.8.1.jar:/home/user/.m2/repository/io/jaegertracing/jaeger-client/0.34.0/jaeger-client-0.34.0.jar:/home/user/.m2/repository/io/jaegertracing/jaeger-thrift/0.34.0/jaeger-thrift-0.34.0.jar:/home/user/.m2/repository/org/apache/thrift/libthrift/0.12.0/libthrift-0.12.0.jar:/home/user/.m2/repository/com/squareup/okhttp3/okhttp/3.9.0/okhttp-3.9.0.jar:/home/user/.m2/repository/com/squareup/okio/okio/1.13.0/okio-1.13.0.jar:/home/user/.m2/repository/io/jaegertracing/jaeger-core/0.34.0/jaeger-core-0.34.0.jar:/home/user/.m2/repository/io/jaegertracing/jaeger-tracerresolver/0.34.0/jaeger-tracerresolver-0.34.0.jar:/home/user/.m2/repository/io/opentracing/contrib/opentracing-tracerresolver/0.1.5/opentracing-tracerresolver-0.1.5.jar:/home/user/.m2/repository/io/opentracing/opentracing-util/0.31.0/opentracing-util-0.31.0.jar:/home/user/.m2/repository/io/opentracing/opentracing-api/0.31.0/opentracing-api-0.31.0.jar:/home/user/.m2/repository/io/opentracing/opentracing-noop/0.31.0/opentracing-noop-0.31.0.jar:/home/user/.m2/repository/org/yaml/snakeyaml/1.16/snakeyaml-1.16.jar:/home/user/.m2/repository/org/apache/hadoop/hadoop-hdfs-client/3.2.0/hadoop-hdfs-client-3.2.0.jar:/home/user/.m2/repository/info/picocli/picocli/3.9.6/picocli-3.9.6.jar:/home/user/.m2/repository/org/apache/hadoop/hadoop-hdds-server-scm/0.5.0-SNAPSHOT/hadoop-hdds-server-scm-0.5.0-SNAPSHOT.jar:/home/user/.m2/repository/org/apache/hadoop/hadoop-hdds-docs/0.5.0-SNAPSHOT/hadoop-hdds-docs-0.5.0-SNAPSHOT.jar:/home/user/.m2/repository/io/dropwizard/metrics/metrics-core/3.2.4/metrics-core-3.2.4.jar:/home/user/.m2/repository/org/hamcrest/hamcrest-all/1.3/hamcrest-all-1.3.jar:/home/user/.m2/repository/org/bouncycastle/bcprov-jdk15on/1.60/bcprov-jdk15on-1.60.jar:/home/user/.m2/repository/org/apache/hadoop/hadoop-hdds-server-framework/0.5.0-SNAPSHOT/hadoop-hdds-server-framework-0.5.0-SNAPSHOT.jar:/home/user/.m2/repository/org/apache/hadoop/hadoop-ozone-ozone-manager/0.5.0-SNAPSHOT/hadoop-ozone-ozone-manager-0.5.0-SNAPSHOT.jar:/home/user/.m2/repository/org/apache/hadoop/hadoop-hdds-container-service/0.5.0-SNAPSHOT/hadoop-hdds-container-service-0.5.0-SNAPSHOT.jar:/home/user/.m2/repository/org/apache/hadoop/hadoop-hdds-client/0.5.0-SNAPSHOT/hadoop-hdds-client-0.5.0-SNAPSHOT.jar:/home/user/.m2/repository/org/apache/hadoop/hadoop-ozone-common/0.5.0-SNAPSHOT/hadoop-ozone-common-0.5.0-SNAPSHOT.jar:/home/user/.m2/repository/org/apache/hadoop/hadoop-hdds-tools/0.5.0-SNAPSHOT/hadoop-hdds-tools-0.5.0-SNAPSHOT.jar:/home/user/.m2/repository/org/xerial/sqlite-jdbc/3.25.2/sqlite-jdbc-3.25.2.jar:/home/user/.m2/repository/com/google/code/findbugs/findbugs/3.0.1/findbugs-3.0.1.jar:/home/user/.m2/repository/net/jcip/jcip-annotations/1.0/jcip-annotations-1.0.jar:/home/user/.m2/repository/com/google/code/findbugs/bcel-findbugs/6.0/bcel-findbugs-6.0.jar:/home/user/.m2/repository/com/google/code/findbugs/jFormatString/2.0.1/jFormatString-2.0.1.jar:/home/user/.m2/repository/dom4j/dom4j/1.6.1/dom4j-1.6.1.jar:/home/user/.m2/repository/xml-apis/xml-apis/1.0.b2/xml-apis-1.0.b2.jar:/home/user/.m2/repository/org/ow2/asm/asm-debug-all/5.0.2/asm-debug-all-5.0.2.jar:/home/user/.m2/repository/org/ow2/asm/asm-commons/5.0.2/asm-commons-5.0.2.jar:/home/user/.m2/repository/org/ow2/asm/asm-tree/5.0.2/asm-tree-5.0.2.jar:/home/user/.m2/repository/org/ow2/asm/asm/5.0.4/asm-5.0.4.jar:/home/user/.m2/repository/commons-lang/commons-lang/2.6/commons-lang-2.6.jar:/home/user/.m2/repository/com/apple/AppleJavaExtensions/1.4/AppleJavaExtensions-1.4.jar:/home/user/.m2/repository/jaxen/jaxen/1.1.6/jaxen-1.1.6.jar:/home/user/.m2/repository/org/apache/hadoop/hadoop-common/3.2.0/hadoop-common-3.2.0-tests.jar:/home/user/.m2/repository/org/apache/hadoop/hadoop-ozone-client/0.5.0-SNAPSHOT/hadoop-ozone-client-0.5.0-SNAPSHOT.jar:/home/user/.m2/repository/org/apache/hadoop/hadoop-hdfs/3.2.0/hadoop-hdfs-3.2.0-tests.jar:/workdir/hadoop-ozone/integration-test/target/test-classes:/home/user/.m2/repository/org/apache/hadoop/hadoop-ozone-s3gateway/0.5.0-SNAPSHOT/hadoop-ozone-s3gateway-0.5.0-SNAPSHOT.jar:/home/user/.m2/repository/org/jboss/weld/servlet/weld-servlet/2.4.7.Final/weld-servlet-2.4.7.Final.jar:/home/user/.m2/repository/org/glassfish/jersey/containers/jersey-container-servlet-core/2.27/jersey-container-servlet-core-2.27.jar:/home/user/.m2/repository/org/glassfish/hk2/external/javax.inject/2.5.0-b42/javax.inject-2.5.0-b42.jar:/home/user/.m2/repository/org/glassfish/jersey/core/jersey-common/2.27/jersey-common-2.27.jar:/home/user/.m2/repository/org/glassfish/hk2/osgi-resource-locator/1.0.1/osgi-resource-locator-1.0.1.jar:/home/user/.m2/repository/javax/ws/rs/javax.ws.rs-api/2.1/javax.ws.rs-api-2.1.jar:/home/user/.m2/repository/org/glassfish/jersey/ext/cdi/jersey-cdi1x/2.27/jersey-cdi1x-2.27.jar:/home/user/.m2/repository/org/glassfish/jersey/inject/jersey-hk2/2.27/jersey-hk2-2.27.jar:/home/user/.m2/repository/org/glassfish/hk2/hk2-locator/2.5.0-b42/hk2-locator-2.5.0-b42.jar:/home/user/.m2/repository/org/javassist/javassist/3.22.0-CR2/javassist-3.22.0-CR2.jar:/home/user/.m2/repository/org/glassfish/hk2/hk2-api/2.5.0/hk2-api-2.5.0.jar:/home/user/.m2/repository/org/glassfish/hk2/external/jakarta.inject/2.5.0/jakarta.inject-2.5.0.jar:/home/user/.m2/repository/org/glassfish/hk2/hk2-utils/2.5.0/hk2-utils-2.5.0.jar:/home/user/.m2/repository/jakarta/annotation/jakarta.annotation-api/1.3.4/jakarta.annotation-api-1.3.4.jar:/home/user/.m2/repository/org/glassfish/hk2/external/aopalliance-repackaged/2.5.0/aopalliance-repackaged-2.5.0.jar:/home/user/.m2/repository/com/fasterxml/jackson/dataformat/jackson-dataformat-xml/2.9.0/jackson-dataformat-xml-2.9.0.jar:/home/user/.m2/repository/com/fasterxml/jackson/module/jackson-module-jaxb-annotations/2.9.9/jackson-module-jaxb-annotations-2.9.9.jar:/home/user/.m2/repository/javax/enterprise/cdi-api/1.2/cdi-api-1.2.jar:/home/user/.m2/repository/javax/el/javax.el-api/3.0.0/javax.el-api-3.0.0.jar:/home/user/.m2/repository/javax/interceptor/javax.interceptor-api/1.2/javax.interceptor-api-1.2.jar:/home/user/.m2/repository/javax/inject/javax.inject/1/javax.inject-1.jar:/home/user/.m2/repository/com/sun/xml/bind/jaxb-core/2.3.0.1/jaxb-core-2.3.0.1.jar:/home/user/.m2/repository/javax/xml/bind/jaxb-api/2.3.0/jaxb-api-2.3.0.jar:/home/user/.m2/repository/javax/activation/activation/1.1.1/activation-1.1.1.jar:/home/user/.m2/repository/org/apache/hadoop/hadoop-ozone-csi/0.5.0-SNAPSHOT/hadoop-ozone-csi-0.5.0-SNAPSHOT.jar:/home/user/.m2/repository/com/google/protobuf/protobuf-java-util/3.5.1/protobuf-java-util-3.5.1.jar:/home/user/.m2/repository/io/grpc/grpc-netty/1.17.1/grpc-netty-1.17.1.jar:/home/user/.m2/repository/io/grpc/grpc-core/1.17.1/grpc-core-1.17.1.jar:/home/user/.m2/repository/io/grpc/grpc-context/1.17.1/grpc-context-1.17.1.jar:/home/user/.m2/repository/com/google/errorprone/error_prone_annotations/2.2.0/error_prone_annotations-2.2.0.jar:/home/user/.m2/repository/org/codehaus/mojo/animal-sniffer-annotations/1.17/animal-sniffer-annotations-1.17.jar:/home/user/.m2/repository/io/opencensus/opencensus-api/0.17.0/opencensus-api-0.17.0.jar:/home/user/.m2/repository/io/opencensus/opencensus-contrib-grpc-metrics/0.17.0/opencensus-contrib-grpc-metrics-0.17.0.jar:/home/user/.m2/repository/io/netty/netty-codec-http2/4.1.30.Final/netty-codec-http2-4.1.30.Final.jar:/home/user/.m2/repository/io/netty/netty-codec-http/4.1.30.Final/netty-codec-http-4.1.30.Final.jar:/home/user/.m2/repository/io/netty/netty-codec/4.1.30.Final/netty-codec-4.1.30.Final.jar:/home/user/.m2/repository/io/netty/netty-handler/4.1.30.Final/netty-handler-4.1.30.Final.jar:/home/user/.m2/repository/io/netty/netty-handler-proxy/4.1.30.Final/netty-handler-proxy-4.1.30.Final.jar:/home/user/.m2/repository/io/netty/netty-codec-socks/4.1.30.Final/netty-codec-socks-4.1.30.Final.jar:/home/user/.m2/repository/io/netty/netty-transport-native-epoll/4.1.30.Final/netty-transport-native-epoll-4.1.30.Final.jar:/home/user/.m2/repository/io/netty/netty-common/4.1.30.Final/netty-common-4.1.30.Final.jar:/home/user/.m2/repository/io/netty/netty-buffer/4.1.30.Final/netty-buffer-4.1.30.Final.jar:/home/user/.m2/repository/io/netty/netty-transport/4.1.30.Final/netty-transport-4.1.30.Final.jar:/home/user/.m2/repository/io/netty/netty-resolver/4.1.30.Final/netty-resolver-4.1.30.Final.jar:/home/user/.m2/repository/io/netty/netty-transport-native-unix-common/4.1.30.Final/netty-transport-native-unix-common-4.1.30.Final.jar:/home/user/.m2/repository/io/grpc/grpc-protobuf/1.17.1/grpc-protobuf-1.17.1.jar:/home/user/.m2/repository/com/google/api/grpc/proto-google-common-protos/1.0.0/proto-google-common-protos-1.0.0.jar:/home/user/.m2/repository/io/grpc/grpc-protobuf-lite/1.17.1/grpc-protobuf-lite-1.17.1.jar:/home/user/.m2/repository/io/grpc/grpc-stub/1.17.1/grpc-stub-1.17.1.jar:/home/user/.m2/repository/org/apache/hadoop/hadoop-ozone-recon/0.5.0-SNAPSHOT/hadoop-ozone-recon-0.5.0-SNAPSHOT.jar:/home/user/.m2/repository/org/apache/hadoop/hadoop-ozone-reconcodegen/0.5.0-SNAPSHOT/hadoop-ozone-reconcodegen-0.5.0-SNAPSHOT.jar:/home/user/.m2/repository/com/google/inject/extensions/guice-multibindings/4.0/guice-multibindings-4.0.jar:/home/user/.m2/repository/com/google/inject/guice/4.0/guice-4.0.jar:/home/user/.m2/repository/aopalliance/aopalliance/1.0/aopalliance-1.0.jar:/home/user/.m2/repository/org/glassfish/jersey/containers/jersey-container-servlet/2.27/jersey-container-servlet-2.27.jar:/home/user/.m2/repository/org/glassfish/hk2/guice-bridge/2.5.0/guice-bridge-2.5.0.jar:/home/user/.m2/repository/org/glassfish/jersey/core/jersey-server/2.27/jersey-server-2.27.jar:/home/user/.m2/repository/org/glassfish/jersey/core/jersey-client/2.27/jersey-client-2.27.jar:/home/user/.m2/repository/org/glassfish/jersey/media/jersey-media-jaxb/2.27/jersey-media-jaxb-2.27.jar:/home/user/.m2/repository/javax/validation/validation-api/1.1.0.Final/validation-api-1.1.0.Final.jar:/home/user/.m2/repository/org/glassfish/jersey/media/jersey-media-json-jackson/2.27/jersey-media-json-jackson-2.27.jar:/home/user/.m2/repository/org/glassfish/jersey/ext/jersey-entity-filtering/2.27/jersey-entity-filtering-2.27.jar:/home/user/.m2/repository/com/google/inject/extensions/guice-assistedinject/4.0/guice-assistedinject-4.0.jar:/home/user/.m2/repository/org/jooq/jooq/3.11.10/jooq-3.11.10.jar:/home/user/.m2/repository/org/jooq/jooq-meta/3.11.10/jooq-meta-3.11.10.jar:/home/user/.m2/repository/org/jooq/jooq-codegen/3.11.10/jooq-codegen-3.11.10.jar:/home/user/.m2/repository/com/jolbox/bonecp/0.8.0.RELEASE/bonecp-0.8.0.RELEASE.jar:/home/user/.m2/repository/org/springframework/spring-jdbc/5.1.3.RELEASE/spring-jdbc-5.1.3.RELEASE.jar:/home/user/.m2/repository/org/springframework/spring-beans/5.1.3.RELEASE/spring-beans-5.1.3.RELEASE.jar:/home/user/.m2/repository/org/springframework/spring-core/5.1.3.RELEASE/spring-core-5.1.3.RELEASE.jar:/home/user/.m2/repository/org/springframework/spring-jcl/5.1.3.RELEASE/spring-jcl-5.1.3.RELEASE.jar:/home/user/.m2/repository/org/springframework/spring-tx/5.1.3.RELEASE/spring-tx-5.1.3.RELEASE.jar:/home/user/.m2/repository/org/mockito/mockito-all/1.10.19/mockito-all-1.10.19.jar:/home/user/.m2/repository/junit/junit/4.11/junit-4.11.jar:/home/user/.m2/repository/org/hamcrest/hamcrest-core/1.3/hamcrest-core-1.3.jar:/home/user/.m2/repository/org/apache/hadoop/hadoop-distcp/3.2.0/hadoop-distcp-3.2.0.jar:/home/user/.m2/repository/org/apache/hadoop/hadoop-distcp/3.2.0/hadoop-distcp-3.2.0-tests.jar:/home/user/.m2/repository/org/apache/hadoop/hadoop-mapreduce-client-jobclient/3.2.0/hadoop-mapreduce-client-jobclient-3.2.0.jar:/home/user/.m2/repository/org/apache/hadoop/hadoop-mapreduce-client-common/3.2.0/hadoop-mapreduce-client-common-3.2.0.jar:/home/user/.m2/repository/org/apache/hadoop/hadoop-yarn-common/3.2.0/hadoop-yarn-common-3.2.0.jar:/home/user/.m2/repository/org/apache/hadoop/hadoop-yarn-api/3.2.0/hadoop-yarn-api-3.2.0.jar:/home/user/.m2/repository/com/sun/jersey/jersey-client/1.19/jersey-client-1.19.jar:/home/user/.m2/repository/com/sun/jersey/contribs/jersey-guice/1.19/jersey-guice-1.19.jar:/home/user/.m2/repository/com/fasterxml/jackson/jaxrs/jackson-jaxrs-json-provider/2.9.9/jackson-jaxrs-json-provider-2.9.9.jar:/home/user/.m2/repository/com/fasterxml/jackson/jaxrs/jackson-jaxrs-base/2.9.9/jackson-jaxrs-base-2.9.9.jar:/home/user/.m2/repository/org/apache/hadoop/hadoop-yarn-client/3.2.0/hadoop-yarn-client-3.2.0.jar:/home/user/.m2/repository/org/apache/hadoop/hadoop-mapreduce-client-core/3.2.0/hadoop-mapreduce-client-core-3.2.0.jar:/home/user/.m2/repository/com/google/inject/extensions/guice-servlet/4.0/guice-servlet-4.0.jar:/home/user/.m2/repository/org/powermock/powermock-module-junit4/1.6.5/powermock-module-junit4-1.6.5.jar:/home/user/.m2/repository/org/powermock/powermock-module-junit4-common/1.6.5/powermock-module-junit4-common-1.6.5.jar:/home/user/.m2/repository/org/powermock/powermock-core/1.6.5/powermock-core-1.6.5.jar:/home/user/.m2/repository/org/powermock/powermock-reflect/1.6.5/powermock-reflect-1.6.5.jar:/home/user/.m2/repository/org/powermock/powermock-api-mockito/1.6.5/powermock-api-mockito-1.6.5.jar:/home/user/.m2/repository/org/mockito/mockito-core/1.10.19/mockito-core-1.10.19.jar:/home/user/.m2/repository/org/objenesis/objenesis/1.0/objenesis-1.0.jar:/home/user/.m2/repository/org/powermock/powermock-api-mockito-common/1.6.5/powermock-api-mockito-common-1.6.5.jar:/home/user/.m2/repository/org/powermock/powermock-api-support/1.6.5/powermock-api-support-1.6.5.jar:"/>
    <property name="sun.cpu.endian" value="little"/>
    <property name="user.home" value="/home/user"/>
    <property name="user.language" value="en"/>
    <property name="java.specification.vendor" value="Oracle Corporation"/>
    <property name="java.home" value="/usr/lib/jvm/java-1.8-openjdk/jre"/>
    <property name="java.security.krb5.conf" value="/workdir/hadoop-ozone/ozonefs/target/test-classes/krb5.conf"/>
    <property name="basedir" value="/workdir/hadoop-ozone/ozonefs"/>
    <property name="file.separator" value="/"/>
    <property name="line.separator" value="&#10;"/>
    <property name="java.vm.specification.vendor" value="Oracle Corporation"/>
    <property name="java.specification.name" value="Java Platform API Specification"/>
    <property name="java.awt.graphicsenv" value="sun.awt.X11GraphicsEnvironment"/>
    <property name="surefire.real.class.path" value="/workdir/hadoop-ozone/ozonefs/target/surefire/surefirebooter8635296419986023056.jar"/>
    <property name="hadoop.log.dir" value="/workdir/hadoop-ozone/ozonefs/target/log"/>
    <property name="sun.boot.class.path" value="/usr/lib/jvm/java-1.8-openjdk/jre/lib/resources.jar:/usr/lib/jvm/java-1.8-openjdk/jre/lib/rt.jar:/usr/lib/jvm/java-1.8-openjdk/jre/lib/sunrsasign.jar:/usr/lib/jvm/java-1.8-openjdk/jre/lib/jsse.jar:/usr/lib/jvm/java-1.8-openjdk/jre/lib/jce.jar:/usr/lib/jvm/java-1.8-openjdk/jre/lib/charsets.jar:/usr/lib/jvm/java-1.8-openjdk/jre/lib/jfr.jar:/usr/lib/jvm/java-1.8-openjdk/jre/classes"/>
    <property name="sun.management.compiler" value="HotSpot 64-Bit Tiered Compilers"/>
    <property name="java.runtime.version" value="1.8.0_212-b04"/>
    <property name="java.net.preferIPv4Stack" value="true"/>
    <property name="user.name" value="jenkins1000"/>
    <property name="path.separator" value=":"/>
    <property name="java.security.egd" value="file:///dev/urandom"/>
    <property name="os.version" value="3.10.0-957.12.2.el7.x86_64"/>
    <property name="java.endorsed.dirs" value="/usr/lib/jvm/java-1.8-openjdk/jre/lib/endorsed"/>
    <property name="java.runtime.name" value="OpenJDK Runtime Environment"/>
    <property name="file.encoding" value="UTF-8"/>
    <property name="java.vm.name" value="OpenJDK 64-Bit Server VM"/>
    <property name="test.build.webapps" value=""/>
    <property name="localRepository" value="/home/user/.m2/repository"/>
    <property name="java.vendor.url.bug" value="https://icedtea.classpath.org/bugzilla"/>
    <property name="java.io.tmpdir" value="/tmp"/>
    <property name="require.test.libhadoop" value=""/>
    <property name="java.version" value="1.8.0_212"/>
    <property name="user.dir" value="/workdir/hadoop-ozone/ozonefs"/>
    <property name="os.arch" value="amd64"/>
    <property name="java.vm.specification.name" value="Java Virtual Machine Specification"/>
    <property name="test.build.classes" value="/workdir/hadoop-ozone/ozonefs/target/test-classes"/>
    <property name="java.awt.printerjob" value="sun.print.PSPrinterJob"/>
    <property name="sun.os.patch.level" value="unknown"/>
    <property name="hadoop.tmp.dir" value="/workdir/hadoop-ozone/ozonefs/target/tmp"/>
    <property name="java.library.path" value="/usr/lib/jvm/java-1.8-openjdk/jre/lib/amd64/server:/usr/lib/jvm/java-1.8-openjdk/jre/lib/amd64:/usr/lib/jvm/java-1.8-openjdk/jre/../lib/amd64:/workdir/hadoop-ozone/ozonefs/target/native/target/usr/local/lib:/workdir/hadoop-ozone/ozonefs/../../hadoop-common-project/hadoop-common/target/native/target/usr/local/lib:/usr/java/packages/lib/amd64:/usr/lib64:/lib64:/lib:/usr/lib"/>
    <property name="java.vm.info" value="mixed mode"/>
    <property name="java.vendor" value="IcedTea"/>
    <property name="java.vm.version" value="25.212-b04"/>
    <property name="java.ext.dirs" value="/usr/lib/jvm/java-1.8-openjdk/jre/lib/ext:/usr/java/packages/lib/ext"/>
    <property name="sun.io.unicode.encoding" value="UnicodeLittle"/>
    <property name="java.class.version" value="52.0"/>
  </properties>
  <testcase name="testOzoneFsServiceLoader" classname="org.apache.hadoop.fs.ozone.TestOzoneFileSystem" time="32.417"/>
  <testcase name="testListStatusOnRoot" classname="org.apache.hadoop.fs.ozone.TestOzoneFileSystem" time="22.936"/>
  <testcase name="testListStatusOnSubDirs" classname="org.apache.hadoop.fs.ozone.TestOzoneFileSystem" time="49.361">
    <error message="Allocated 0 blocks. Requested 1 blocks" type="INTERNAL_ERROR org.apache.hadoop.ozone.om.exceptions.OMException">INTERNAL_ERROR org.apache.hadoop.ozone.om.exceptions.OMException: Allocated 0 blocks. Requested 1 blocks
	at org.apache.hadoop.ozone.om.protocolPB.OzoneManagerProtocolClientSideTranslatorPB.handleError(OzoneManagerProtocolClientSideTranslatorPB.java:732)
	at org.apache.hadoop.ozone.om.protocolPB.OzoneManagerProtocolClientSideTranslatorPB.createFile(OzoneManagerProtocolClientSideTranslatorPB.java:1536)
	at sun.reflect.NativeMethodAccessorImpl.invoke0(Native Method)
	at sun.reflect.NativeMethodAccessorImpl.invoke(NativeMethodAccessorImpl.java:62)
	at sun.reflect.DelegatingMethodAccessorImpl.invoke(DelegatingMethodAccessorImpl.java:43)
	at java.lang.reflect.Method.invoke(Method.java:498)
	at org.apache.hadoop.hdds.tracing.TraceAllMethod.invoke(TraceAllMethod.java:66)
	at com.sun.proxy.$Proxy38.createFile(Unknown Source)
	at org.apache.hadoop.ozone.client.rpc.RpcClient.createFile(RpcClient.java:1006)
	at org.apache.hadoop.ozone.client.OzoneBucket.createFile(OzoneBucket.java:537)
	at org.apache.hadoop.fs.ozone.BasicOzoneClientAdapterImpl.createFile(BasicOzoneClientAdapterImpl.java:205)
	at org.apache.hadoop.fs.ozone.BasicOzoneFileSystem.createOutputStream(BasicOzoneFileSystem.java:250)
	at org.apache.hadoop.fs.ozone.BasicOzoneFileSystem.create(BasicOzoneFileSystem.java:231)
	at org.apache.hadoop.fs.FileSystem.create(FileSystem.java:1118)
	at org.apache.hadoop.fs.FileSystem.create(FileSystem.java:1098)
	at org.apache.hadoop.fs.FileSystem.create(FileSystem.java:987)
	at org.apache.hadoop.fs.contract.ContractTestUtils.createFile(ContractTestUtils.java:633)
	at org.apache.hadoop.fs.contract.ContractTestUtils.touch(ContractTestUtils.java:669)
	at org.apache.hadoop.fs.ozone.TestOzoneFileSystem.testListStatusOnSubDirs(TestOzoneFileSystem.java:251)
	at sun.reflect.NativeMethodAccessorImpl.invoke0(Native Method)
	at sun.reflect.NativeMethodAccessorImpl.invoke(NativeMethodAccessorImpl.java:62)
	at sun.reflect.DelegatingMethodAccessorImpl.invoke(DelegatingMethodAccessorImpl.java:43)
	at java.lang.reflect.Method.invoke(Method.java:498)
	at org.junit.runners.model.FrameworkMethod$1.runReflectiveCall(FrameworkMethod.java:47)
	at org.junit.internal.runners.model.ReflectiveCallable.run(ReflectiveCallable.java:12)
	at org.junit.runners.model.FrameworkMethod.invokeExplosively(FrameworkMethod.java:44)
	at org.junit.internal.runners.statements.InvokeMethod.evaluate(InvokeMethod.java:17)
	at org.junit.internal.runners.statements.RunBefores.evaluate(RunBefores.java:26)
	at org.junit.internal.runners.statements.RunAfters.evaluate(RunAfters.java:27)
	at org.junit.internal.runners.statements.FailOnTimeout$StatementThread.run(FailOnTimeout.java:74)
</error>
    <system-out><![CDATA[2019-09-25 06:38:05,951 [Thread-467] WARN  server.ServerUtils (ServerUtils.java:getScmDbDir(145)) - ozone.scm.db.dirs is not configured. We recommend adding this setting. Falling back to ozone.metadata.dirs instead.
2019-09-25 06:38:14,425 [Thread-467] WARN  server.ServerUtils (ServerUtils.java:getScmDbDir(145)) - ozone.scm.db.dirs is not configured. We recommend adding this setting. Falling back to ozone.metadata.dirs instead.
2019-09-25 06:38:14,426 [Thread-467] WARN  server.ServerUtils (ServerUtils.java:getScmDbDir(145)) - ozone.scm.db.dirs is not configured. We recommend adding this setting. Falling back to ozone.metadata.dirs instead.
2019-09-25 06:38:14,426 [Thread-467] INFO  db.DBStoreBuilder (DBStoreBuilder.java:addTable(110)) - using custom profile for table: deletedBlocks
2019-09-25 06:38:14,426 [Thread-467] INFO  db.DBStoreBuilder (DBStoreBuilder.java:processTables(161)) - Using default column profile:DBProfile.DISK for Table:deletedBlocks
2019-09-25 06:38:14,427 [Thread-467] INFO  db.DBStoreBuilder (DBStoreBuilder.java:addTable(110)) - using custom profile for table: validCerts
2019-09-25 06:38:14,427 [Thread-467] INFO  db.DBStoreBuilder (DBStoreBuilder.java:processTables(161)) - Using default column profile:DBProfile.DISK for Table:validCerts
2019-09-25 06:38:14,427 [Thread-467] INFO  db.DBStoreBuilder (DBStoreBuilder.java:addTable(110)) - using custom profile for table: revokedCerts
2019-09-25 06:38:14,427 [Thread-467] INFO  db.DBStoreBuilder (DBStoreBuilder.java:processTables(161)) - Using default column profile:DBProfile.DISK for Table:revokedCerts
2019-09-25 06:38:14,427 [Thread-467] INFO  db.DBStoreBuilder (DBStoreBuilder.java:addTable(110)) - using custom profile for table: default
2019-09-25 06:38:14,427 [Thread-467] INFO  db.DBStoreBuilder (DBStoreBuilder.java:processTables(167)) - Using default column profile:DBProfile.DISK for Table:default
2019-09-25 06:38:14,427 [Thread-467] INFO  db.DBStoreBuilder (DBStoreBuilder.java:getDbProfile(198)) - Using default options. DBProfile.DISK
2019-09-25 06:38:26,899 [Thread-467] INFO  net.NodeSchemaLoader (NodeSchemaLoader.java:loadSchemaFromFile(125)) - Loading file from sun.misc.CompoundEnumeration@642bd76
2019-09-25 06:38:26,900 [Thread-467] INFO  net.NodeSchemaLoader (NodeSchemaLoader.java:loadSchema(171)) - Loading network topology layer schema file
2019-09-25 06:38:26,908 [Thread-467] WARN  server.ServerUtils (ServerUtils.java:sanitizeUserArgs(70)) - ozone.scm.stale.node.interval value = 300000 is larger than max = 100000 based on the key value of ozone.scm.heartbeat.thread.interval, reset to the max value 100000.
2019-09-25 06:38:26,908 [Thread-467] WARN  server.ServerUtils (ServerUtils.java:sanitizeUserArgs(70)) - ozone.scm.stale.node.interval value = 300000 is larger than max = 100000 based on the key value of ozone.scm.heartbeat.thread.interval, reset to the max value 100000.
2019-09-25 06:38:26,909 [Thread-467] INFO  node.SCMNodeManager (SCMNodeManager.java:<init>(114)) - Entering startup safe mode.
2019-09-25 06:38:26,912 [Thread-467] INFO  algorithms.ContainerPlacementPolicyFactory (ContainerPlacementPolicyFactory.java:getPolicy(60)) - Create container placement policy of type org.apache.hadoop.hdds.scm.container.placement.algorithms.SCMContainerPlacementRandom
2019-09-25 06:38:26,913 [Thread-467] WARN  server.ServerUtils (ServerUtils.java:getScmDbDir(145)) - ozone.scm.db.dirs is not configured. We recommend adding this setting. Falling back to ozone.metadata.dirs instead.
2019-09-25 06:38:32,426 [Thread-467] INFO  pipeline.SCMPipelineManager (SCMPipelineManager.java:initializePipelineState(132)) - No pipeline exists in current db
2019-09-25 06:38:32,427 [Thread-467] WARN  server.ServerUtils (ServerUtils.java:getScmDbDir(145)) - ozone.scm.db.dirs is not configured. We recommend adding this setting. Falling back to ozone.metadata.dirs instead.
2019-09-25 06:38:34,047 [Thread-467] WARN  events.EventQueue (EventQueue.java:fireEvent(183)) - No event handler registered for event TypedEvent{payloadType=SafeModeStatus, name='SafeModeStatus'}
2019-09-25 06:38:34,049 [Thread-467] INFO  ipc.CallQueueManager (CallQueueManager.java:<init>(84)) - Using callQueue: class java.util.concurrent.LinkedBlockingQueue, queueCapacity: 2000, scheduler: class org.apache.hadoop.ipc.DefaultRpcScheduler, ipcBackoff: false.
2019-09-25 06:38:34,051 [Socket Reader #1 for port 41634] INFO  ipc.Server (Server.java:run(1074)) - Starting Socket Reader #1 for port 41634
2019-09-25 06:38:34,053 [Thread-467] INFO  ipc.CallQueueManager (CallQueueManager.java:<init>(84)) - Using callQueue: class java.util.concurrent.LinkedBlockingQueue, queueCapacity: 2000, scheduler: class org.apache.hadoop.ipc.DefaultRpcScheduler, ipcBackoff: false.
2019-09-25 06:38:34,053 [Socket Reader #1 for port 39113] INFO  ipc.Server (Server.java:run(1074)) - Starting Socket Reader #1 for port 39113
2019-09-25 06:38:34,055 [Thread-467] INFO  ipc.CallQueueManager (CallQueueManager.java:<init>(84)) - Using callQueue: class java.util.concurrent.LinkedBlockingQueue, queueCapacity: 2000, scheduler: class org.apache.hadoop.ipc.DefaultRpcScheduler, ipcBackoff: false.
2019-09-25 06:38:34,056 [Socket Reader #1 for port 43091] INFO  ipc.Server (Server.java:run(1074)) - Starting Socket Reader #1 for port 43091
2019-09-25 06:38:34,059 [Thread-467] INFO  hdfs.DFSUtil (DFSUtil.java:httpServerTemplateForNNAndJN(1641)) - Starting Web-server for scm at: http://0.0.0.0:0
2019-09-25 06:38:34,063 [Thread-467] INFO  server.AuthenticationFilter (AuthenticationFilter.java:constructSecretProvider(240)) - Unable to initialize FileSignerSecretProvider, falling back to use random secrets.
2019-09-25 06:38:34,065 [Thread-467] WARN  http.HttpRequestLog (HttpRequestLog.java:getRequestLog(97)) - Jetty request log can only be enabled using Log4j
2019-09-25 06:38:34,069 [Thread-467] INFO  http.HttpServer2 (HttpServer2.java:addGlobalFilter(975)) - Added global filter 'safety' (class=org.apache.hadoop.http.HttpServer2$QuotingInputFilter)
2019-09-25 06:38:34,071 [Thread-467] INFO  http.HttpServer2 (HttpServer2.java:addFilter(948)) - Added filter static_user_filter (class=org.apache.hadoop.http.lib.StaticUserWebFilter$StaticUserFilter) to context scm
2019-09-25 06:38:34,071 [Thread-467] INFO  http.HttpServer2 (HttpServer2.java:addFilter(958)) - Added filter static_user_filter (class=org.apache.hadoop.http.lib.StaticUserWebFilter$StaticUserFilter) to context static
2019-09-25 06:38:34,071 [Thread-467] INFO  http.HttpServer2 (HttpServer2.java:addFilter(958)) - Added filter static_user_filter (class=org.apache.hadoop.http.lib.StaticUserWebFilter$StaticUserFilter) to context logs
2019-09-25 06:38:34,075 [Thread-467] INFO  server.StorageContainerManager (StorageContainerManager.java:start(770)) - StorageContainerLocationProtocol RPC server is listening at /0.0.0.0:43091
2019-09-25 06:38:34,078 [Thread-467] WARN  impl.MetricsConfig (MetricsConfig.java:loadFirst(134)) - Cannot locate configuration: tried hadoop-metrics2-storagecontainermanager.properties,hadoop-metrics2.properties
2019-09-25 06:38:34,080 [Thread-467] INFO  impl.MetricsSystemImpl (MetricsSystemImpl.java:startTimer(374)) - Scheduled Metric snapshot period at 10 second(s).
2019-09-25 06:38:34,081 [Thread-467] INFO  impl.MetricsSystemImpl (MetricsSystemImpl.java:start(191)) - StorageContainerManager metrics system started
2019-09-25 06:38:34,140 [Thread-467] WARN  impl.MetricsSystemImpl (MetricsSystemImpl.java:register(276)) - Sink prometheus already exists!
2019-09-25 06:38:34,148 [Thread-467] INFO  server.SCMClientProtocolServer (SCMClientProtocolServer.java:start(151)) - RPC server for Client  is listening at /0.0.0.0:43091
2019-09-25 06:38:34,149 [IPC Server Responder] INFO  ipc.Server (Server.java:run(1314)) - IPC Server Responder: starting
2019-09-25 06:38:34,149 [IPC Server listener on 43091] INFO  ipc.Server (Server.java:run(1153)) - IPC Server listener on 43091: starting
2019-09-25 06:38:34,152 [Thread-467] INFO  server.StorageContainerManager (StorageContainerManager.java:start(780)) - ScmBlockLocationProtocol RPC server is listening at /0.0.0.0:39113
2019-09-25 06:38:34,153 [Thread-467] INFO  server.SCMBlockProtocolServer (SCMBlockProtocolServer.java:start(146)) - RPC server for Block Protocol is listening at /0.0.0.0:39113
2019-09-25 06:38:34,153 [IPC Server Responder] INFO  ipc.Server (Server.java:run(1314)) - IPC Server Responder: starting
2019-09-25 06:38:34,153 [IPC Server listener on 39113] INFO  ipc.Server (Server.java:run(1153)) - IPC Server listener on 39113: starting
2019-09-25 06:38:34,156 [Thread-467] INFO  server.StorageContainerManager (StorageContainerManager.java:start(784)) - ScmDatanodeProtocl RPC server is listening at /0.0.0.0:41634
2019-09-25 06:38:34,156 [Thread-467] INFO  server.SCMDatanodeProtocolServer (SCMDatanodeProtocolServer.java:start(191)) - RPC server for DataNodes is listening at /0.0.0.0:41634
2019-09-25 06:38:34,157 [IPC Server Responder] INFO  ipc.Server (Server.java:run(1314)) - IPC Server Responder: starting
2019-09-25 06:38:34,157 [IPC Server listener on 41634] INFO  ipc.Server (Server.java:run(1153)) - IPC Server listener on 41634: starting
2019-09-25 06:38:34,160 [Thread-467] INFO  http.HttpServer2 (HttpServer2.java:bindListener(1191)) - Jetty bound to port 43915
2019-09-25 06:38:34,160 [Thread-467] INFO  server.Server (Server.java:doStart(351)) - jetty-9.3.25.v20180904, build timestamp: 2018-09-04T21:11:46Z, git hash: 3ce520221d0240229c862b122d2b06c12a625732
2019-09-25 06:38:34,163 [Thread-467] INFO  handler.ContextHandler (ContextHandler.java:doStart(781)) - Started o.e.j.s.ServletContextHandler@5351f2ba{/logs,file:///workdir/hadoop-ozone/ozonefs/target/log,AVAILABLE}
2019-09-25 06:38:34,163 [Thread-467] INFO  handler.ContextHandler (ContextHandler.java:doStart(781)) - Started o.e.j.s.ServletContextHandler@3dd10cc3{/static,jar:file:/home/user/.m2/repository/org/apache/hadoop/hadoop-hdds-server-scm/0.5.0-SNAPSHOT/hadoop-hdds-server-scm-0.5.0-SNAPSHOT.jar!/webapps/static,AVAILABLE}
2019-09-25 06:38:34,212 [Thread-467] INFO  handler.ContextHandler (ContextHandler.java:doStart(781)) - Started o.e.j.w.WebAppContext@48229440{/,file:///tmp/jetty-0.0.0.0-43915-scm-_-any-5251783689957262280.dir/webapp/,AVAILABLE}{/scm}
2019-09-25 06:38:34,212 [Thread-467] INFO  server.AbstractConnector (AbstractConnector.java:doStart(278)) - Started ServerConnector@5c135b0e{HTTP/1.1,[http/1.1]}{0.0.0.0:43915}
2019-09-25 06:38:34,213 [Thread-467] INFO  server.Server (Server.java:doStart(419)) - Started @84095ms
2019-09-25 06:38:34,213 [Thread-467] WARN  impl.MetricsSystemImpl (MetricsSystemImpl.java:register(276)) - Sink prometheus already exists!
2019-09-25 06:38:34,214 [Thread-467] INFO  server.BaseHttpServer (BaseHttpServer.java:updateConnectorAddress(215)) - HTTP server of SCM is listening at http://0.0.0.0:43915
2019-09-25 06:38:34,215 [Thread-467] WARN  server.ServerUtils (ServerUtils.java:getDBPath(222)) - ozone.om.db.dirs is not configured. We recommend adding this setting. Falling back to ozone.metadata.dirs instead.
2019-09-25 06:38:34,215 [org.apache.hadoop.util.JvmPauseMonitor$Monitor@262a6ed9] INFO  util.JvmPauseMonitor (JvmPauseMonitor.java:run(188)) - Starting JVM pause monitor
2019-09-25 06:38:34,864 [Thread-467] WARN  server.ServerUtils (ServerUtils.java:getDBPath(222)) - ozone.om.db.dirs is not configured. We recommend adding this setting. Falling back to ozone.metadata.dirs instead.
2019-09-25 06:38:34,865 [Thread-467] WARN  server.ServerUtils (ServerUtils.java:getDBPath(222)) - ozone.om.db.dirs is not configured. We recommend adding this setting. Falling back to ozone.metadata.dirs instead.
2019-09-25 06:38:34,865 [Thread-467] INFO  om.OzoneManager (OzoneManager.java:setOMNodeDetails(652)) - OM Service ID is not set. Setting it to the default ID: omServiceIdDefault
2019-09-25 06:38:34,866 [Thread-467] INFO  om.OzoneManager (OzoneManager.java:setOMNodeDetails(658)) - OM Node ID is not set. Setting it to the OmStorage's OmID: 83b26481-408c-4123-ad7a-90df14b7dc88
2019-09-25 06:38:34,867 [Thread-467] INFO  om.OzoneManager (OzoneManager.java:loadOMHAConfigs(609)) - Found matching OM address with OMServiceId: null, OMNodeId: null, RPC Address: localhost:0 and Ratis port: 9872
2019-09-25 06:38:34,876 [Thread-467] WARN  server.ServerUtils (ServerUtils.java:getDBPath(222)) - ozone.om.db.dirs is not configured. We recommend adding this setting. Falling back to ozone.metadata.dirs instead.
2019-09-25 06:38:34,876 [Thread-467] INFO  db.DBStoreBuilder (DBStoreBuilder.java:addTable(110)) - using custom profile for table: userTable
2019-09-25 06:38:34,877 [Thread-467] INFO  db.DBStoreBuilder (DBStoreBuilder.java:processTables(161)) - Using default column profile:DBProfile.DISK for Table:userTable
2019-09-25 06:38:34,877 [Thread-467] INFO  db.DBStoreBuilder (DBStoreBuilder.java:addTable(110)) - using custom profile for table: volumeTable
2019-09-25 06:38:34,877 [Thread-467] INFO  db.DBStoreBuilder (DBStoreBuilder.java:processTables(161)) - Using default column profile:DBProfile.DISK for Table:volumeTable
2019-09-25 06:38:34,877 [Thread-467] INFO  db.DBStoreBuilder (DBStoreBuilder.java:addTable(110)) - using custom profile for table: bucketTable
2019-09-25 06:38:34,878 [Thread-467] INFO  db.DBStoreBuilder (DBStoreBuilder.java:processTables(161)) - Using default column profile:DBProfile.DISK for Table:bucketTable
2019-09-25 06:38:34,878 [Thread-467] INFO  db.DBStoreBuilder (DBStoreBuilder.java:addTable(110)) - using custom profile for table: keyTable
2019-09-25 06:38:34,878 [Thread-467] INFO  db.DBStoreBuilder (DBStoreBuilder.java:processTables(161)) - Using default column profile:DBProfile.DISK for Table:keyTable
2019-09-25 06:38:34,878 [Thread-467] INFO  db.DBStoreBuilder (DBStoreBuilder.java:addTable(110)) - using custom profile for table: deletedTable
2019-09-25 06:38:34,878 [Thread-467] INFO  db.DBStoreBuilder (DBStoreBuilder.java:processTables(161)) - Using default column profile:DBProfile.DISK for Table:deletedTable
2019-09-25 06:38:34,879 [Thread-467] INFO  db.DBStoreBuilder (DBStoreBuilder.java:addTable(110)) - using custom profile for table: openKeyTable
2019-09-25 06:38:34,879 [Thread-467] INFO  db.DBStoreBuilder (DBStoreBuilder.java:processTables(161)) - Using default column profile:DBProfile.DISK for Table:openKeyTable
2019-09-25 06:38:34,879 [Thread-467] INFO  db.DBStoreBuilder (DBStoreBuilder.java:addTable(110)) - using custom profile for table: s3Table
2019-09-25 06:38:34,879 [Thread-467] INFO  db.DBStoreBuilder (DBStoreBuilder.java:processTables(161)) - Using default column profile:DBProfile.DISK for Table:s3Table
2019-09-25 06:38:34,880 [Thread-467] INFO  db.DBStoreBuilder (DBStoreBuilder.java:addTable(110)) - using custom profile for table: multipartInfoTable
2019-09-25 06:38:34,880 [Thread-467] INFO  db.DBStoreBuilder (DBStoreBuilder.java:processTables(161)) - Using default column profile:DBProfile.DISK for Table:multipartInfoTable
2019-09-25 06:38:34,880 [Thread-467] INFO  db.DBStoreBuilder (DBStoreBuilder.java:addTable(110)) - using custom profile for table: dTokenTable
2019-09-25 06:38:34,880 [Thread-467] INFO  db.DBStoreBuilder (DBStoreBuilder.java:processTables(161)) - Using default column profile:DBProfile.DISK for Table:dTokenTable
2019-09-25 06:38:34,880 [Thread-467] INFO  db.DBStoreBuilder (DBStoreBuilder.java:addTable(110)) - using custom profile for table: s3SecretTable
2019-09-25 06:38:34,881 [Thread-467] INFO  db.DBStoreBuilder (DBStoreBuilder.java:processTables(161)) - Using default column profile:DBProfile.DISK for Table:s3SecretTable
2019-09-25 06:38:34,881 [Thread-467] INFO  db.DBStoreBuilder (DBStoreBuilder.java:addTable(110)) - using custom profile for table: prefixTable
2019-09-25 06:38:34,881 [Thread-467] INFO  db.DBStoreBuilder (DBStoreBuilder.java:processTables(161)) - Using default column profile:DBProfile.DISK for Table:prefixTable
2019-09-25 06:38:34,881 [Thread-467] INFO  db.DBStoreBuilder (DBStoreBuilder.java:addTable(110)) - using custom profile for table: default
2019-09-25 06:38:34,882 [Thread-467] INFO  db.DBStoreBuilder (DBStoreBuilder.java:processTables(167)) - Using default column profile:DBProfile.DISK for Table:default
2019-09-25 06:38:34,882 [Thread-467] INFO  db.DBStoreBuilder (DBStoreBuilder.java:getDbProfile(198)) - Using default options. DBProfile.DISK
2019-09-25 06:38:36,884 [Thread-467] INFO  ipc.CallQueueManager (CallQueueManager.java:<init>(84)) - Using callQueue: class java.util.concurrent.LinkedBlockingQueue, queueCapacity: 2000, scheduler: class org.apache.hadoop.ipc.DefaultRpcScheduler, ipcBackoff: false.
2019-09-25 06:38:36,885 [Socket Reader #1 for port 44037] INFO  ipc.Server (Server.java:run(1074)) - Starting Socket Reader #1 for port 44037
2019-09-25 06:38:36,911 [Thread-467] INFO  om.OzoneManager (OzoneManager.java:start(1243)) - OzoneManager RPC server is listening at localhost/127.0.0.1:44037
2019-09-25 06:38:36,911 [Thread-467] INFO  impl.MetricsSystemImpl (MetricsSystemImpl.java:init(158)) - OzoneManager metrics system started (again)
2019-09-25 06:38:36,912 [IPC Server Responder] INFO  ipc.Server (Server.java:run(1314)) - IPC Server Responder: starting
2019-09-25 06:38:36,912 [IPC Server listener on 44037] INFO  ipc.Server (Server.java:run(1153)) - IPC Server listener on 44037: starting
2019-09-25 06:38:36,917 [Thread-467] INFO  hdfs.DFSUtil (DFSUtil.java:httpServerTemplateForNNAndJN(1641)) - Starting Web-server for ozoneManager at: http://0.0.0.0:0
2019-09-25 06:38:36,920 [Thread-467] INFO  server.AuthenticationFilter (AuthenticationFilter.java:constructSecretProvider(240)) - Unable to initialize FileSignerSecretProvider, falling back to use random secrets.
2019-09-25 06:38:36,921 [Thread-467] WARN  http.HttpRequestLog (HttpRequestLog.java:getRequestLog(97)) - Jetty request log can only be enabled using Log4j
2019-09-25 06:38:36,923 [Thread-467] INFO  http.HttpServer2 (HttpServer2.java:addGlobalFilter(975)) - Added global filter 'safety' (class=org.apache.hadoop.http.HttpServer2$QuotingInputFilter)
2019-09-25 06:38:36,924 [Thread-467] INFO  http.HttpServer2 (HttpServer2.java:addFilter(948)) - Added filter static_user_filter (class=org.apache.hadoop.http.lib.StaticUserWebFilter$StaticUserFilter) to context ozoneManager
2019-09-25 06:38:36,924 [Thread-467] INFO  http.HttpServer2 (HttpServer2.java:addFilter(958)) - Added filter static_user_filter (class=org.apache.hadoop.http.lib.StaticUserWebFilter$StaticUserFilter) to context logs
2019-09-25 06:38:36,924 [Thread-467] INFO  http.HttpServer2 (HttpServer2.java:addFilter(958)) - Added filter static_user_filter (class=org.apache.hadoop.http.lib.StaticUserWebFilter$StaticUserFilter) to context static
2019-09-25 06:38:36,925 [Thread-467] INFO  http.HttpServer2 (HttpServer2.java:bindListener(1191)) - Jetty bound to port 38033
2019-09-25 06:38:36,925 [Thread-467] INFO  server.Server (Server.java:doStart(351)) - jetty-9.3.25.v20180904, build timestamp: 2018-09-04T21:11:46Z, git hash: 3ce520221d0240229c862b122d2b06c12a625732
2019-09-25 06:38:36,927 [Thread-467] INFO  handler.ContextHandler (ContextHandler.java:doStart(781)) - Started o.e.j.s.ServletContextHandler@a23f8a6{/logs,file:///workdir/hadoop-ozone/ozonefs/target/log,AVAILABLE}
2019-09-25 06:38:36,928 [Thread-467] INFO  handler.ContextHandler (ContextHandler.java:doStart(781)) - Started o.e.j.s.ServletContextHandler@1c8059a5{/static,jar:file:/home/user/.m2/repository/org/apache/hadoop/hadoop-ozone-ozone-manager/0.5.0-SNAPSHOT/hadoop-ozone-ozone-manager-0.5.0-SNAPSHOT.jar!/webapps/static,AVAILABLE}
2019-09-25 06:38:36,980 [Thread-467] INFO  handler.ContextHandler (ContextHandler.java:doStart(781)) - Started o.e.j.w.WebAppContext@6dc61d4f{/,file:///tmp/jetty-0.0.0.0-38033-ozoneManager-_-any-6597514925457668271.dir/webapp/,AVAILABLE}{/ozoneManager}
2019-09-25 06:38:36,981 [Thread-467] INFO  server.AbstractConnector (AbstractConnector.java:doStart(278)) - Started ServerConnector@58f53894{HTTP/1.1,[http/1.1]}{0.0.0.0:38033}
2019-09-25 06:38:36,982 [Thread-467] INFO  server.Server (Server.java:doStart(419)) - Started @86864ms
2019-09-25 06:38:36,982 [Thread-467] WARN  impl.MetricsSystemImpl (MetricsSystemImpl.java:register(276)) - Sink prometheus already exists!
2019-09-25 06:38:36,983 [Thread-467] INFO  server.BaseHttpServer (BaseHttpServer.java:updateConnectorAddress(215)) - HTTP server of OZONEMANAGER is listening at http://0.0.0.0:38033
2019-09-25 06:38:36,992 [Thread-467] INFO  impl.MetricsSystemImpl (MetricsSystemImpl.java:init(158)) - HddsDatanode metrics system started (again)
2019-09-25 06:38:36,994 [Thread-467] INFO  ozone.HddsDatanodeService (HddsDatanodeService.java:start(184)) - HddsDatanodeService host:pr-hdds-1569-s44lr-3492059363 ip:192.168.164.207
2019-09-25 06:38:37,000 [Thread-467] INFO  volume.HddsVolume (HddsVolume.java:<init>(176)) - Creating Volume: /workdir/hadoop-ozone/ozonefs/target/test-dir/MiniOzoneClusterImpl-5b9a47a0-6db3-42b5-bb6d-2e43fb53942c/datanode-0/data/containers/hdds of  storage type : DISK and capacity : 1482555576320
2019-09-25 06:38:37,001 [Thread-467] INFO  volume.VolumeSet (VolumeSet.java:initializeVolumeSet(170)) - Added Volume : /workdir/hadoop-ozone/ozonefs/target/test-dir/MiniOzoneClusterImpl-5b9a47a0-6db3-42b5-bb6d-2e43fb53942c/datanode-0/data/containers/hdds to VolumeSet
2019-09-25 06:38:37,001 [Thread-467] INFO  volume.ThrottledAsyncChecker (ThrottledAsyncChecker.java:schedule(139)) - Scheduling a check for org.apache.hadoop.ozone.container.common.volume.HddsVolume@72769dbb
2019-09-25 06:38:37,003 [Thread-467] INFO  volume.HddsVolumeChecker (HddsVolumeChecker.java:checkAllVolumes(202)) - Scheduled health check for volume org.apache.hadoop.ozone.container.common.volume.HddsVolume@72769dbb
2019-09-25 06:38:37,022 [Thread-467] INFO  impl.RaftServerProxy (ConfUtils.java:logGet(43)) - raft.rpc.type = GRPC (default)
2019-09-25 06:38:37,022 [Thread-467] INFO  grpc.GrpcFactory (GrpcFactory.java:checkPooledByteBufAllocatorUseCacheForAllThreads(45)) - PERFORMANCE WARNING: useCacheForAllThreads is true that may cause Netty to create a lot garbage objects and, as a result, trigger GC.
	It is recommended to disable useCacheForAllThreads by setting -Dorg.apache.ratis.thirdparty.io.netty.allocator.useCacheForAllThreads=false in command line.
2019-09-25 06:38:37,023 [Thread-467] INFO  grpc.GrpcConfigKeys$Server (ConfUtils.java:logGet(43)) - raft.grpc.server.port = 0 (default)
2019-09-25 06:38:37,024 [Thread-467] INFO  server.GrpcService (ConfUtils.java:logGet(43)) - raft.grpc.message.size.max = 33570816 (custom)
2019-09-25 06:38:37,024 [Thread-467] INFO  server.RaftServerConfigKeys (ConfUtils.java:logGet(43)) - raft.server.log.appender.buffer.byte-limit = 33554432 (custom)
2019-09-25 06:38:37,024 [Thread-467] INFO  server.GrpcService (ConfUtils.java:logGet(43)) - raft.grpc.flow.control.window = 1MB (=1048576) (default)
2019-09-25 06:38:37,024 [Thread-467] INFO  server.RaftServerConfigKeys (ConfUtils.java:logGet(43)) - raft.server.rpc.request.timeout = 3000ms (default)
2019-09-25 06:38:37,025 [Thread-467] INFO  server.RaftServerConfigKeys (ConfUtils.java:logGet(43)) - raft.server.storage.dir = [/workdir/hadoop-ozone/ozonefs/target/test-dir/MiniOzoneClusterImpl-5b9a47a0-6db3-42b5-bb6d-2e43fb53942c/datanode-0/data/ratis] (custom)
2019-09-25 06:38:37,027 [Thread-467] INFO  hdfs.DFSUtil (DFSUtil.java:httpServerTemplateForNNAndJN(1641)) - Starting Web-server for hddsDatanode at: http://0.0.0.0:0
2019-09-25 06:38:37,029 [Thread-467] INFO  server.AuthenticationFilter (AuthenticationFilter.java:constructSecretProvider(240)) - Unable to initialize FileSignerSecretProvider, falling back to use random secrets.
2019-09-25 06:38:37,029 [Thread-467] WARN  http.HttpRequestLog (HttpRequestLog.java:getRequestLog(97)) - Jetty request log can only be enabled using Log4j
2019-09-25 06:38:37,031 [Thread-467] INFO  http.HttpServer2 (HttpServer2.java:addGlobalFilter(975)) - Added global filter 'safety' (class=org.apache.hadoop.http.HttpServer2$QuotingInputFilter)
2019-09-25 06:38:37,031 [Thread-467] INFO  http.HttpServer2 (HttpServer2.java:addFilter(948)) - Added filter static_user_filter (class=org.apache.hadoop.http.lib.StaticUserWebFilter$StaticUserFilter) to context hddsDatanode
2019-09-25 06:38:37,032 [Thread-467] INFO  http.HttpServer2 (HttpServer2.java:addFilter(958)) - Added filter static_user_filter (class=org.apache.hadoop.http.lib.StaticUserWebFilter$StaticUserFilter) to context logs
2019-09-25 06:38:37,032 [Thread-467] INFO  http.HttpServer2 (HttpServer2.java:addFilter(958)) - Added filter static_user_filter (class=org.apache.hadoop.http.lib.StaticUserWebFilter$StaticUserFilter) to context static
2019-09-25 06:38:37,032 [Thread-467] INFO  http.HttpServer2 (HttpServer2.java:bindListener(1191)) - Jetty bound to port 35388
2019-09-25 06:38:37,033 [Thread-467] INFO  server.Server (Server.java:doStart(351)) - jetty-9.3.25.v20180904, build timestamp: 2018-09-04T21:11:46Z, git hash: 3ce520221d0240229c862b122d2b06c12a625732
2019-09-25 06:38:37,034 [Thread-467] INFO  handler.ContextHandler (ContextHandler.java:doStart(781)) - Started o.e.j.s.ServletContextHandler@3b67291f{/logs,file:///workdir/hadoop-ozone/ozonefs/target/log,AVAILABLE}
2019-09-25 06:38:37,035 [Thread-467] INFO  handler.ContextHandler (ContextHandler.java:doStart(781)) - Started o.e.j.s.ServletContextHandler@543d8f22{/static,jar:file:/home/user/.m2/repository/org/apache/hadoop/hadoop-hdds-container-service/0.5.0-SNAPSHOT/hadoop-hdds-container-service-0.5.0-SNAPSHOT.jar!/webapps/static,AVAILABLE}
2019-09-25 06:38:37,063 [Thread-467] INFO  handler.ContextHandler (ContextHandler.java:doStart(781)) - Started o.e.j.w.WebAppContext@7a67ebc8{/,file:///tmp/jetty-0.0.0.0-35388-hddsDatanode-_-any-4954054604944791473.dir/webapp/,AVAILABLE}{/hddsDatanode}
2019-09-25 06:38:37,063 [Thread-467] INFO  server.AbstractConnector (AbstractConnector.java:doStart(278)) - Started ServerConnector@7cc37559{HTTP/1.1,[http/1.1]}{0.0.0.0:35388}
2019-09-25 06:38:37,064 [Thread-467] INFO  server.Server (Server.java:doStart(419)) - Started @86946ms
2019-09-25 06:38:37,065 [Thread-467] WARN  impl.MetricsSystemImpl (MetricsSystemImpl.java:register(276)) - Sink prometheus already exists!
2019-09-25 06:38:37,065 [Thread-467] INFO  server.BaseHttpServer (BaseHttpServer.java:updateConnectorAddress(215)) - HTTP server of HDDSDATANODE is listening at http://0.0.0.0:35388
2019-09-25 06:38:37,066 [Thread-467] INFO  impl.MetricsSystemImpl (MetricsSystemImpl.java:init(158)) - HddsDatanode metrics system started (again)
2019-09-25 06:38:37,069 [org.apache.hadoop.util.JvmPauseMonitor$Monitor@2eec4cd1] INFO  util.JvmPauseMonitor (JvmPauseMonitor.java:run(188)) - Starting JVM pause monitor
2019-09-25 06:38:37,069 [Thread-467] INFO  ozone.HddsDatanodeService (HddsDatanodeService.java:start(184)) - HddsDatanodeService host:pr-hdds-1569-s44lr-3492059363 ip:192.168.164.207
2019-09-25 06:38:37,073 [Datanode State Machine Thread - 0] INFO  datanode.InitDatanodeState (InitDatanodeState.java:persistContainerDatanodeDetails(140)) - DatanodeDetails is persisted to /workdir/hadoop-ozone/ozonefs/target/test-dir/MiniOzoneClusterImpl-5b9a47a0-6db3-42b5-bb6d-2e43fb53942c/datanode-0/meta/datanode.id
2019-09-25 06:38:37,076 [Thread-467] INFO  volume.HddsVolume (HddsVolume.java:<init>(176)) - Creating Volume: /workdir/hadoop-ozone/ozonefs/target/test-dir/MiniOzoneClusterImpl-5b9a47a0-6db3-42b5-bb6d-2e43fb53942c/datanode-1/data/containers/hdds of  storage type : DISK and capacity : 1482555576320
2019-09-25 06:38:37,076 [Thread-467] INFO  volume.VolumeSet (VolumeSet.java:initializeVolumeSet(170)) - Added Volume : /workdir/hadoop-ozone/ozonefs/target/test-dir/MiniOzoneClusterImpl-5b9a47a0-6db3-42b5-bb6d-2e43fb53942c/datanode-1/data/containers/hdds to VolumeSet
2019-09-25 06:38:37,076 [Thread-467] INFO  volume.ThrottledAsyncChecker (ThrottledAsyncChecker.java:schedule(139)) - Scheduling a check for org.apache.hadoop.ozone.container.common.volume.HddsVolume@6ed077ad
2019-09-25 06:38:37,077 [Thread-467] INFO  volume.HddsVolumeChecker (HddsVolumeChecker.java:checkAllVolumes(202)) - Scheduled health check for volume org.apache.hadoop.ozone.container.common.volume.HddsVolume@6ed077ad
2019-09-25 06:38:37,096 [Thread-467] INFO  impl.RaftServerProxy (ConfUtils.java:logGet(43)) - raft.rpc.type = GRPC (default)
2019-09-25 06:38:37,096 [Thread-467] INFO  grpc.GrpcFactory (GrpcFactory.java:checkPooledByteBufAllocatorUseCacheForAllThreads(45)) - PERFORMANCE WARNING: useCacheForAllThreads is true that may cause Netty to create a lot garbage objects and, as a result, trigger GC.
	It is recommended to disable useCacheForAllThreads by setting -Dorg.apache.ratis.thirdparty.io.netty.allocator.useCacheForAllThreads=false in command line.
2019-09-25 06:38:37,096 [Thread-467] INFO  grpc.GrpcConfigKeys$Server (ConfUtils.java:logGet(43)) - raft.grpc.server.port = 0 (default)
2019-09-25 06:38:37,097 [Thread-467] INFO  server.GrpcService (ConfUtils.java:logGet(43)) - raft.grpc.message.size.max = 33570816 (custom)
2019-09-25 06:38:37,097 [Thread-467] INFO  server.RaftServerConfigKeys (ConfUtils.java:logGet(43)) - raft.server.log.appender.buffer.byte-limit = 33554432 (custom)
2019-09-25 06:38:37,097 [Thread-467] INFO  server.GrpcService (ConfUtils.java:logGet(43)) - raft.grpc.flow.control.window = 1MB (=1048576) (default)
2019-09-25 06:38:37,097 [Thread-467] INFO  server.RaftServerConfigKeys (ConfUtils.java:logGet(43)) - raft.server.rpc.request.timeout = 3000ms (default)
2019-09-25 06:38:37,097 [Thread-467] INFO  server.RaftServerConfigKeys (ConfUtils.java:logGet(43)) - raft.server.storage.dir = [/workdir/hadoop-ozone/ozonefs/target/test-dir/MiniOzoneClusterImpl-5b9a47a0-6db3-42b5-bb6d-2e43fb53942c/datanode-1/data/ratis] (custom)
2019-09-25 06:38:37,099 [Thread-467] INFO  hdfs.DFSUtil (DFSUtil.java:httpServerTemplateForNNAndJN(1641)) - Starting Web-server for hddsDatanode at: http://0.0.0.0:0
2019-09-25 06:38:37,101 [Thread-467] INFO  server.AuthenticationFilter (AuthenticationFilter.java:constructSecretProvider(240)) - Unable to initialize FileSignerSecretProvider, falling back to use random secrets.
2019-09-25 06:38:37,101 [Thread-467] WARN  http.HttpRequestLog (HttpRequestLog.java:getRequestLog(97)) - Jetty request log can only be enabled using Log4j
2019-09-25 06:38:37,103 [Thread-467] INFO  http.HttpServer2 (HttpServer2.java:addGlobalFilter(975)) - Added global filter 'safety' (class=org.apache.hadoop.http.HttpServer2$QuotingInputFilter)
2019-09-25 06:38:37,103 [Thread-467] INFO  http.HttpServer2 (HttpServer2.java:addFilter(948)) - Added filter static_user_filter (class=org.apache.hadoop.http.lib.StaticUserWebFilter$StaticUserFilter) to context hddsDatanode
2019-09-25 06:38:37,103 [Thread-467] INFO  http.HttpServer2 (HttpServer2.java:addFilter(958)) - Added filter static_user_filter (class=org.apache.hadoop.http.lib.StaticUserWebFilter$StaticUserFilter) to context logs
2019-09-25 06:38:37,103 [Thread-467] INFO  http.HttpServer2 (HttpServer2.java:addFilter(958)) - Added filter static_user_filter (class=org.apache.hadoop.http.lib.StaticUserWebFilter$StaticUserFilter) to context static
2019-09-25 06:38:37,104 [Thread-467] INFO  http.HttpServer2 (HttpServer2.java:bindListener(1191)) - Jetty bound to port 44105
2019-09-25 06:38:37,104 [Thread-467] INFO  server.Server (Server.java:doStart(351)) - jetty-9.3.25.v20180904, build timestamp: 2018-09-04T21:11:46Z, git hash: 3ce520221d0240229c862b122d2b06c12a625732
2019-09-25 06:38:37,106 [Thread-467] INFO  handler.ContextHandler (ContextHandler.java:doStart(781)) - Started o.e.j.s.ServletContextHandler@53ad8519{/logs,file:///workdir/hadoop-ozone/ozonefs/target/log,AVAILABLE}
2019-09-25 06:38:37,106 [Thread-467] INFO  handler.ContextHandler (ContextHandler.java:doStart(781)) - Started o.e.j.s.ServletContextHandler@7ff0eb0d{/static,jar:file:/home/user/.m2/repository/org/apache/hadoop/hadoop-hdds-container-service/0.5.0-SNAPSHOT/hadoop-hdds-container-service-0.5.0-SNAPSHOT.jar!/webapps/static,AVAILABLE}
2019-09-25 06:38:37,136 [Thread-467] INFO  handler.ContextHandler (ContextHandler.java:doStart(781)) - Started o.e.j.w.WebAppContext@291f50e7{/,file:///tmp/jetty-0.0.0.0-44105-hddsDatanode-_-any-9223167779640279114.dir/webapp/,AVAILABLE}{/hddsDatanode}
2019-09-25 06:38:37,137 [Thread-467] INFO  server.AbstractConnector (AbstractConnector.java:doStart(278)) - Started ServerConnector@33bc5bab{HTTP/1.1,[http/1.1]}{0.0.0.0:44105}
2019-09-25 06:38:37,138 [Thread-467] INFO  server.Server (Server.java:doStart(419)) - Started @87019ms
2019-09-25 06:38:37,138 [Thread-467] WARN  impl.MetricsSystemImpl (MetricsSystemImpl.java:register(276)) - Sink prometheus already exists!
2019-09-25 06:38:37,138 [Thread-467] INFO  server.BaseHttpServer (BaseHttpServer.java:updateConnectorAddress(215)) - HTTP server of HDDSDATANODE is listening at http://0.0.0.0:44105
2019-09-25 06:38:37,139 [Thread-467] INFO  impl.MetricsSystemImpl (MetricsSystemImpl.java:init(158)) - HddsDatanode metrics system started (again)
2019-09-25 06:38:37,141 [org.apache.hadoop.util.JvmPauseMonitor$Monitor@7202cc71] INFO  util.JvmPauseMonitor (JvmPauseMonitor.java:run(188)) - Starting JVM pause monitor
2019-09-25 06:38:37,142 [Thread-467] INFO  ozone.HddsDatanodeService (HddsDatanodeService.java:start(184)) - HddsDatanodeService host:pr-hdds-1569-s44lr-3492059363 ip:192.168.164.207
2019-09-25 06:38:37,144 [Datanode State Machine Thread - 0] INFO  datanode.InitDatanodeState (InitDatanodeState.java:persistContainerDatanodeDetails(140)) - DatanodeDetails is persisted to /workdir/hadoop-ozone/ozonefs/target/test-dir/MiniOzoneClusterImpl-5b9a47a0-6db3-42b5-bb6d-2e43fb53942c/datanode-1/meta/datanode.id
2019-09-25 06:38:37,147 [Thread-467] INFO  volume.HddsVolume (HddsVolume.java:<init>(176)) - Creating Volume: /workdir/hadoop-ozone/ozonefs/target/test-dir/MiniOzoneClusterImpl-5b9a47a0-6db3-42b5-bb6d-2e43fb53942c/datanode-2/data/containers/hdds of  storage type : DISK and capacity : 1482555576320
2019-09-25 06:38:37,147 [Thread-467] INFO  volume.VolumeSet (VolumeSet.java:initializeVolumeSet(170)) - Added Volume : /workdir/hadoop-ozone/ozonefs/target/test-dir/MiniOzoneClusterImpl-5b9a47a0-6db3-42b5-bb6d-2e43fb53942c/datanode-2/data/containers/hdds to VolumeSet
2019-09-25 06:38:37,147 [Thread-467] INFO  volume.ThrottledAsyncChecker (ThrottledAsyncChecker.java:schedule(139)) - Scheduling a check for org.apache.hadoop.ozone.container.common.volume.HddsVolume@66cba349
2019-09-25 06:38:37,148 [Thread-467] INFO  volume.HddsVolumeChecker (HddsVolumeChecker.java:checkAllVolumes(202)) - Scheduled health check for volume org.apache.hadoop.ozone.container.common.volume.HddsVolume@66cba349
2019-09-25 06:38:37,167 [Thread-467] INFO  impl.RaftServerProxy (ConfUtils.java:logGet(43)) - raft.rpc.type = GRPC (default)
2019-09-25 06:38:37,167 [Thread-467] INFO  grpc.GrpcFactory (GrpcFactory.java:checkPooledByteBufAllocatorUseCacheForAllThreads(45)) - PERFORMANCE WARNING: useCacheForAllThreads is true that may cause Netty to create a lot garbage objects and, as a result, trigger GC.
	It is recommended to disable useCacheForAllThreads by setting -Dorg.apache.ratis.thirdparty.io.netty.allocator.useCacheForAllThreads=false in command line.
2019-09-25 06:38:37,167 [Thread-467] INFO  grpc.GrpcConfigKeys$Server (ConfUtils.java:logGet(43)) - raft.grpc.server.port = 0 (default)
2019-09-25 06:38:37,167 [Thread-467] INFO  server.GrpcService (ConfUtils.java:logGet(43)) - raft.grpc.message.size.max = 33570816 (custom)
2019-09-25 06:38:37,167 [Thread-467] INFO  server.RaftServerConfigKeys (ConfUtils.java:logGet(43)) - raft.server.log.appender.buffer.byte-limit = 33554432 (custom)
2019-09-25 06:38:37,168 [Thread-467] INFO  server.GrpcService (ConfUtils.java:logGet(43)) - raft.grpc.flow.control.window = 1MB (=1048576) (default)
2019-09-25 06:38:37,168 [Thread-467] INFO  server.RaftServerConfigKeys (ConfUtils.java:logGet(43)) - raft.server.rpc.request.timeout = 3000ms (default)
2019-09-25 06:38:37,168 [Thread-467] INFO  server.RaftServerConfigKeys (ConfUtils.java:logGet(43)) - raft.server.storage.dir = [/workdir/hadoop-ozone/ozonefs/target/test-dir/MiniOzoneClusterImpl-5b9a47a0-6db3-42b5-bb6d-2e43fb53942c/datanode-2/data/ratis] (custom)
2019-09-25 06:38:37,170 [Thread-467] INFO  hdfs.DFSUtil (DFSUtil.java:httpServerTemplateForNNAndJN(1641)) - Starting Web-server for hddsDatanode at: http://0.0.0.0:0
2019-09-25 06:38:37,171 [Thread-467] INFO  server.AuthenticationFilter (AuthenticationFilter.java:constructSecretProvider(240)) - Unable to initialize FileSignerSecretProvider, falling back to use random secrets.
2019-09-25 06:38:37,171 [Thread-467] WARN  http.HttpRequestLog (HttpRequestLog.java:getRequestLog(97)) - Jetty request log can only be enabled using Log4j
2019-09-25 06:38:37,173 [Thread-467] INFO  http.HttpServer2 (HttpServer2.java:addGlobalFilter(975)) - Added global filter 'safety' (class=org.apache.hadoop.http.HttpServer2$QuotingInputFilter)
2019-09-25 06:38:37,174 [Thread-467] INFO  http.HttpServer2 (HttpServer2.java:addFilter(948)) - Added filter static_user_filter (class=org.apache.hadoop.http.lib.StaticUserWebFilter$StaticUserFilter) to context hddsDatanode
2019-09-25 06:38:37,174 [Thread-467] INFO  http.HttpServer2 (HttpServer2.java:addFilter(958)) - Added filter static_user_filter (class=org.apache.hadoop.http.lib.StaticUserWebFilter$StaticUserFilter) to context static
2019-09-25 06:38:37,174 [Thread-467] INFO  http.HttpServer2 (HttpServer2.java:addFilter(958)) - Added filter static_user_filter (class=org.apache.hadoop.http.lib.StaticUserWebFilter$StaticUserFilter) to context logs
2019-09-25 06:38:37,175 [Thread-467] INFO  http.HttpServer2 (HttpServer2.java:bindListener(1191)) - Jetty bound to port 44665
2019-09-25 06:38:37,175 [Thread-467] INFO  server.Server (Server.java:doStart(351)) - jetty-9.3.25.v20180904, build timestamp: 2018-09-04T21:11:46Z, git hash: 3ce520221d0240229c862b122d2b06c12a625732
2019-09-25 06:38:37,176 [Thread-467] INFO  handler.ContextHandler (ContextHandler.java:doStart(781)) - Started o.e.j.s.ServletContextHandler@12d0ef34{/logs,file:///workdir/hadoop-ozone/ozonefs/target/log,AVAILABLE}
2019-09-25 06:38:37,177 [Thread-467] INFO  handler.ContextHandler (ContextHandler.java:doStart(781)) - Started o.e.j.s.ServletContextHandler@3e6f787c{/static,jar:file:/home/user/.m2/repository/org/apache/hadoop/hadoop-hdds-container-service/0.5.0-SNAPSHOT/hadoop-hdds-container-service-0.5.0-SNAPSHOT.jar!/webapps/static,AVAILABLE}
2019-09-25 06:38:37,214 [Thread-467] INFO  handler.ContextHandler (ContextHandler.java:doStart(781)) - Started o.e.j.w.WebAppContext@67280697{/,file:///tmp/jetty-0.0.0.0-44665-hddsDatanode-_-any-2001028238154955659.dir/webapp/,AVAILABLE}{/hddsDatanode}
2019-09-25 06:38:37,214 [Thread-467] INFO  server.AbstractConnector (AbstractConnector.java:doStart(278)) - Started ServerConnector@697226f5{HTTP/1.1,[http/1.1]}{0.0.0.0:44665}
2019-09-25 06:38:37,216 [Thread-467] INFO  server.Server (Server.java:doStart(419)) - Started @87098ms
2019-09-25 06:38:37,216 [Thread-467] WARN  impl.MetricsSystemImpl (MetricsSystemImpl.java:register(276)) - Sink prometheus already exists!
2019-09-25 06:38:37,217 [Thread-467] INFO  server.BaseHttpServer (BaseHttpServer.java:updateConnectorAddress(215)) - HTTP server of HDDSDATANODE is listening at http://0.0.0.0:44665
2019-09-25 06:38:37,218 [Thread-467] INFO  ozone.MiniOzoneClusterImpl (MiniOzoneClusterImpl.java:lambda$waitForClusterToBeReady$0(147)) - Waiting for cluster to be ready. Got 0 of 3 DN Heartbeats.
2019-09-25 06:38:37,220 [org.apache.hadoop.util.JvmPauseMonitor$Monitor@5774f4a9] INFO  util.JvmPauseMonitor (JvmPauseMonitor.java:run(188)) - Starting JVM pause monitor
2019-09-25 06:38:37,222 [Datanode State Machine Thread - 0] INFO  datanode.InitDatanodeState (InitDatanodeState.java:persistContainerDatanodeDetails(140)) - DatanodeDetails is persisted to /workdir/hadoop-ozone/ozonefs/target/test-dir/MiniOzoneClusterImpl-5b9a47a0-6db3-42b5-bb6d-2e43fb53942c/datanode-2/meta/datanode.id
2019-09-25 06:38:38,218 [Thread-467] INFO  ozone.MiniOzoneClusterImpl (MiniOzoneClusterImpl.java:lambda$waitForClusterToBeReady$0(147)) - Waiting for cluster to be ready. Got 0 of 3 DN Heartbeats.
2019-09-25 06:38:39,106 [Datanode State Machine Thread - 0] INFO  ozoneimpl.OzoneContainer (OzoneContainer.java:start(217)) - Attempting to start container services.
2019-09-25 06:38:39,108 [Datanode State Machine Thread - 0] INFO  ozoneimpl.OzoneContainer (OzoneContainer.java:startContainerScrub(179)) - Background container scanner has been disabled.
2019-09-25 06:38:39,108 [Datanode State Machine Thread - 0] INFO  ratis.XceiverServerRatis (XceiverServerRatis.java:start(411)) - Starting XceiverServerRatis 7111b28f-28aa-49dc-8a4f-35994c763fc3 at port 0
2019-09-25 06:38:39,115 [Datanode State Machine Thread - 0] INFO  impl.RaftServerProxy (RaftServerProxy.java:lambda$start$3(299)) - 7111b28f-28aa-49dc-8a4f-35994c763fc3: start RPC server
2019-09-25 06:38:39,118 [Datanode State Machine Thread - 0] INFO  server.GrpcService (GrpcService.java:startImpl(158)) - 7111b28f-28aa-49dc-8a4f-35994c763fc3: GrpcService started, listening on 0.0.0.0/0.0.0.0:40967
2019-09-25 06:38:39,118 [Datanode State Machine Thread - 0] INFO  ratis.XceiverServerRatis (XceiverServerRatis.java:start(421)) - XceiverServerRatis 7111b28f-28aa-49dc-8a4f-35994c763fc3 is started using port 40967
2019-09-25 06:38:39,119 [Datanode State Machine Thread - 0] INFO  server.XceiverServerGrpc (XceiverServerGrpc.java:start(149)) - XceiverServerGrpc 7111b28f-28aa-49dc-8a4f-35994c763fc3 is started using port 34925
2019-09-25 06:38:39,166 [Datanode State Machine Thread - 0] INFO  ozoneimpl.OzoneContainer (OzoneContainer.java:start(217)) - Attempting to start container services.
2019-09-25 06:38:39,167 [Datanode State Machine Thread - 0] INFO  ozoneimpl.OzoneContainer (OzoneContainer.java:startContainerScrub(179)) - Background container scanner has been disabled.
2019-09-25 06:38:39,168 [Datanode State Machine Thread - 0] INFO  ratis.XceiverServerRatis (XceiverServerRatis.java:start(411)) - Starting XceiverServerRatis 3692e321-28cf-4ad2-847a-fd8bc9cae3de at port 0
2019-09-25 06:38:39,175 [Datanode State Machine Thread - 0] INFO  impl.RaftServerProxy (RaftServerProxy.java:lambda$start$3(299)) - 3692e321-28cf-4ad2-847a-fd8bc9cae3de: start RPC server
2019-09-25 06:38:39,176 [Datanode State Machine Thread - 0] INFO  server.GrpcService (GrpcService.java:startImpl(158)) - 3692e321-28cf-4ad2-847a-fd8bc9cae3de: GrpcService started, listening on 0.0.0.0/0.0.0.0:41796
2019-09-25 06:38:39,177 [Datanode State Machine Thread - 0] INFO  ratis.XceiverServerRatis (XceiverServerRatis.java:start(421)) - XceiverServerRatis 3692e321-28cf-4ad2-847a-fd8bc9cae3de is started using port 41796
2019-09-25 06:38:39,177 [Datanode State Machine Thread - 0] INFO  server.XceiverServerGrpc (XceiverServerGrpc.java:start(149)) - XceiverServerGrpc 3692e321-28cf-4ad2-847a-fd8bc9cae3de is started using port 34267
2019-09-25 06:38:39,218 [Thread-467] INFO  ozone.MiniOzoneClusterImpl (MiniOzoneClusterImpl.java:lambda$waitForClusterToBeReady$0(147)) - Waiting for cluster to be ready. Got 0 of 3 DN Heartbeats.
2019-09-25 06:38:39,245 [Datanode State Machine Thread - 0] INFO  ozoneimpl.OzoneContainer (OzoneContainer.java:start(217)) - Attempting to start container services.
2019-09-25 06:38:39,248 [Datanode State Machine Thread - 0] INFO  ozoneimpl.OzoneContainer (OzoneContainer.java:startContainerScrub(179)) - Background container scanner has been disabled.
2019-09-25 06:38:39,248 [Datanode State Machine Thread - 0] INFO  ratis.XceiverServerRatis (XceiverServerRatis.java:start(411)) - Starting XceiverServerRatis 1aac8648-70e0-4fd8-b5e1-5d1a6693feb1 at port 0
2019-09-25 06:38:39,256 [Datanode State Machine Thread - 0] INFO  impl.RaftServerProxy (RaftServerProxy.java:lambda$start$3(299)) - 1aac8648-70e0-4fd8-b5e1-5d1a6693feb1: start RPC server
2019-09-25 06:38:39,264 [Datanode State Machine Thread - 0] INFO  server.GrpcService (GrpcService.java:startImpl(158)) - 1aac8648-70e0-4fd8-b5e1-5d1a6693feb1: GrpcService started, listening on 0.0.0.0/0.0.0.0:46163
2019-09-25 06:38:39,264 [Datanode State Machine Thread - 0] INFO  ratis.XceiverServerRatis (XceiverServerRatis.java:start(421)) - XceiverServerRatis 1aac8648-70e0-4fd8-b5e1-5d1a6693feb1 is started using port 46163
2019-09-25 06:38:39,265 [Datanode State Machine Thread - 0] INFO  server.XceiverServerGrpc (XceiverServerGrpc.java:start(149)) - XceiverServerGrpc 1aac8648-70e0-4fd8-b5e1-5d1a6693feb1 is started using port 45308
2019-09-25 06:38:40,219 [Thread-467] INFO  ozone.MiniOzoneClusterImpl (MiniOzoneClusterImpl.java:lambda$waitForClusterToBeReady$0(147)) - Waiting for cluster to be ready. Got 0 of 3 DN Heartbeats.
2019-09-25 06:38:41,079 [IPC Server handler 1 on 41634] INFO  net.NetworkTopology (NetworkTopologyImpl.java:add(111)) - Added a new node: /default-rack/7111b28f-28aa-49dc-8a4f-35994c763fc3
2019-09-25 06:38:41,083 [IPC Server handler 1 on 41634] INFO  node.SCMNodeManager (SCMNodeManager.java:register(266)) - Registered Data node : 7111b28f-28aa-49dc-8a4f-35994c763fc3{ip: 192.168.164.207, host: pr-hdds-1569-s44lr-3492059363, networkLocation: /default-rack, certSerialId: null}
2019-09-25 06:38:41,084 [EventQueue-NodeRegistrationContainerReportForDataNodeSafeModeRule] INFO  safemode.SCMSafeModeManager (DataNodeSafeModeRule.java:process(71)) - SCM in safe mode. 1 DataNodes registered, 1 required.
2019-09-25 06:38:41,092 [EventQueue-NodeRegistrationContainerReportForDataNodeSafeModeRule] INFO  safemode.SCMSafeModeManager (SCMSafeModeManager.java:validateSafeModeExitRules(177)) - ScmSafeModeManager, all rules are successfully validated
2019-09-25 06:38:41,092 [EventQueue-NodeRegistrationContainerReportForDataNodeSafeModeRule] INFO  safemode.SCMSafeModeManager (SCMSafeModeManager.java:exitSafeMode(193)) - SCM exiting safe mode.
2019-09-25 06:38:41,103 [grpc-default-executor-0] INFO  impl.RaftServerProxy (RaftServerProxy.java:addNew(89)) - 7111b28f-28aa-49dc-8a4f-35994c763fc3: addNew group-73C2459995CD:[7111b28f-28aa-49dc-8a4f-35994c763fc3:192.168.164.207:40967] returns group-73C2459995CD:java.util.concurrent.CompletableFuture@648e34a3[Not completed]
2019-09-25 06:38:41,106 [pool-127-thread-1] INFO  impl.RaftServerImpl (RaftServerImpl.java:<init>(95)) - 7111b28f-28aa-49dc-8a4f-35994c763fc3: new RaftServerImpl for group-73C2459995CD:[7111b28f-28aa-49dc-8a4f-35994c763fc3:192.168.164.207:40967] with ContainerStateMachine:uninitialized
2019-09-25 06:38:41,107 [pool-127-thread-1] INFO  server.RaftServerConfigKeys (ConfUtils.java:logGet(43)) - raft.server.rpc.timeout.min = 5s (custom)
2019-09-25 06:38:41,108 [pool-127-thread-1] INFO  server.RaftServerConfigKeys (ConfUtils.java:logGet(43)) - raft.server.rpc.timeout.max = 5200ms (custom)
2019-09-25 06:38:41,108 [pool-127-thread-1] INFO  server.RaftServerConfigKeys (ConfUtils.java:logGet(43)) - raft.server.rpcslowness.timeout = 120s (custom)
2019-09-25 06:38:41,108 [pool-127-thread-1] INFO  server.RaftServerConfigKeys (ConfUtils.java:logGet(43)) - raft.server.sleep.deviation.threshold = 300 (default)
2019-09-25 06:38:41,108 [pool-127-thread-1] INFO  server.RaftServerConfigKeys (ConfUtils.java:logGet(43)) - raft.server.log.appender.install.snapshot.enabled = false (custom)
2019-09-25 06:38:41,108 [pool-127-thread-1] INFO  impl.RaftServerImpl (ServerState.java:<init>(103)) - 7111b28f-28aa-49dc-8a4f-35994c763fc3@group-73C2459995CD: ConfigurationManager, init=-1: [7111b28f-28aa-49dc-8a4f-35994c763fc3:192.168.164.207:40967], old=null, confs=<EMPTY_MAP>
2019-09-25 06:38:41,108 [pool-127-thread-1] INFO  server.RaftServerConfigKeys (ConfUtils.java:logGet(43)) - raft.server.storage.dir = [/workdir/hadoop-ozone/ozonefs/target/test-dir/MiniOzoneClusterImpl-5b9a47a0-6db3-42b5-bb6d-2e43fb53942c/datanode-0/data/ratis] (custom)
2019-09-25 06:38:41,109 [pool-127-thread-1] INFO  storage.RaftStorageDirectory (RaftStorageDirectory.java:analyzeStorage(246)) - The storage directory /workdir/hadoop-ozone/ozonefs/target/test-dir/MiniOzoneClusterImpl-5b9a47a0-6db3-42b5-bb6d-2e43fb53942c/datanode-0/data/ratis/c7618bcf-d3c5-4b6c-b532-73c2459995cd does not exist. Creating ...
2019-09-25 06:38:41,142 [IPC Server handler 2 on 41634] INFO  net.NetworkTopology (NetworkTopologyImpl.java:add(111)) - Added a new node: /default-rack/3692e321-28cf-4ad2-847a-fd8bc9cae3de
2019-09-25 06:38:41,143 [IPC Server handler 2 on 41634] INFO  node.SCMNodeManager (SCMNodeManager.java:register(266)) - Registered Data node : 3692e321-28cf-4ad2-847a-fd8bc9cae3de{ip: 192.168.164.207, host: pr-hdds-1569-s44lr-3492059363, networkLocation: /default-rack, certSerialId: null}
2019-09-25 06:38:41,219 [Thread-467] INFO  ozone.MiniOzoneClusterImpl (MiniOzoneClusterImpl.java:lambda$waitForClusterToBeReady$0(147)) - Waiting for cluster to be ready. Got 2 of 3 DN Heartbeats.
2019-09-25 06:38:41,221 [IPC Server handler 0 on 41634] INFO  net.NetworkTopology (NetworkTopologyImpl.java:add(111)) - Added a new node: /default-rack/1aac8648-70e0-4fd8-b5e1-5d1a6693feb1
2019-09-25 06:38:41,221 [IPC Server handler 0 on 41634] INFO  node.SCMNodeManager (SCMNodeManager.java:register(266)) - Registered Data node : 1aac8648-70e0-4fd8-b5e1-5d1a6693feb1{ip: 192.168.164.207, host: pr-hdds-1569-s44lr-3492059363, networkLocation: /default-rack, certSerialId: null}
2019-09-25 06:38:41,891 [pool-127-thread-1] INFO  storage.RaftStorageDirectory (RaftStorageDirectory.java:tryLock(328)) - Lock on /workdir/hadoop-ozone/ozonefs/target/test-dir/MiniOzoneClusterImpl-5b9a47a0-6db3-42b5-bb6d-2e43fb53942c/datanode-0/data/ratis/c7618bcf-d3c5-4b6c-b532-73c2459995cd/in_use.lock acquired by nodename 12697@pr-hdds-1569-s44lr-3492059363
2019-09-25 06:38:41,895 [pool-127-thread-1] INFO  storage.RaftStorage (RaftStorage.java:format(72)) - Storage directory /workdir/hadoop-ozone/ozonefs/target/test-dir/MiniOzoneClusterImpl-5b9a47a0-6db3-42b5-bb6d-2e43fb53942c/datanode-0/data/ratis/c7618bcf-d3c5-4b6c-b532-73c2459995cd has been successfully formatted.
2019-09-25 06:38:41,895 [pool-127-thread-1] INFO  ratis.ContainerStateMachine (ContainerStateMachine.java:loadSnapshot(230)) - group-73C2459995CD: The snapshot info is null. Setting the last applied indexto:(t:0, i:~)
2019-09-25 06:38:41,896 [pool-127-thread-1] INFO  server.RaftServerConfigKeys (ConfUtils.java:logGet(43)) - raft.server.notification.no-leader.timeout = 120s (custom)
2019-09-25 06:38:41,896 [pool-127-thread-1] INFO  server.RaftServerConfigKeys (ConfUtils.java:logGet(43)) - raft.server.log.use.memory = false (default)
2019-09-25 06:38:41,896 [pool-127-thread-1] INFO  server.RaftServerConfigKeys (ConfUtils.java:logGet(43)) - raft.server.log.purge.gap = 1000000 (custom)
2019-09-25 06:38:41,896 [pool-127-thread-1] INFO  server.RaftServerConfigKeys (ConfUtils.java:logGet(43)) - raft.server.log.appender.buffer.byte-limit = 33554432 (custom)
2019-09-25 06:38:41,896 [pool-127-thread-1] INFO  server.RaftServerConfigKeys (ConfUtils.java:logGet(43)) - raft.server.log.segment.size.max = 1048576 (custom)
2019-09-25 06:38:41,897 [pool-127-thread-1] INFO  server.RaftServerConfigKeys (ConfUtils.java:logGet(43)) - raft.server.log.segment.cache.num.max = 2 (custom)
2019-09-25 06:38:41,897 [pool-127-thread-1] INFO  segmented.SegmentedRaftLogWorker (SegmentedRaftLogWorker.java:<init>(172)) - new 7111b28f-28aa-49dc-8a4f-35994c763fc3@group-73C2459995CD-SegmentedRaftLogWorker for RaftStorage:Storage Directory /workdir/hadoop-ozone/ozonefs/target/test-dir/MiniOzoneClusterImpl-5b9a47a0-6db3-42b5-bb6d-2e43fb53942c/datanode-0/data/ratis/c7618bcf-d3c5-4b6c-b532-73c2459995cd
2019-09-25 06:38:41,900 [pool-127-thread-1] INFO  server.RaftServerConfigKeys (ConfUtils.java:logGet(43)) - raft.server.log.queue.byte-limit = 2147483647 (custom)
2019-09-25 06:38:41,900 [pool-127-thread-1] INFO  server.RaftServerConfigKeys (ConfUtils.java:logGet(43)) - raft.server.log.queue.element-limit = 1024 (custom)
2019-09-25 06:38:41,901 [pool-127-thread-1] INFO  server.RaftServerConfigKeys (ConfUtils.java:logGet(43)) - raft.server.log.segment.size.max = 1048576 (custom)
2019-09-25 06:38:41,901 [pool-127-thread-1] INFO  server.RaftServerConfigKeys (ConfUtils.java:logGet(43)) - raft.server.log.preallocated.size = 16384 (custom)
2019-09-25 06:38:41,901 [pool-127-thread-1] INFO  server.RaftServerConfigKeys (ConfUtils.java:logGet(43)) - raft.server.log.write.buffer.size = 33554432 (custom)
2019-09-25 06:38:41,901 [pool-127-thread-1] INFO  server.RaftServerConfigKeys (ConfUtils.java:logGet(43)) - raft.server.log.force.sync.num = 128 (default)
2019-09-25 06:38:41,901 [pool-127-thread-1] INFO  server.RaftServerConfigKeys (ConfUtils.java:logGet(43)) - raft.server.log.statemachine.data.sync = true (default)
2019-09-25 06:38:41,902 [pool-127-thread-1] INFO  server.RaftServerConfigKeys (ConfUtils.java:logGet(43)) - raft.server.log.statemachine.data.sync.timeout = 10s (default)
2019-09-25 06:38:41,902 [pool-127-thread-1] INFO  server.RaftServerConfigKeys (ConfUtils.java:logGet(43)) - raft.server.log.statemachine.data.sync.timeout.retry = -1 (default)
2019-09-25 06:38:41,902 [pool-127-thread-1] INFO  server.RaftServerConfigKeys (ConfUtils.java:logGet(43)) - raft.server.log.statemachine.data.caching.enabled = true (custom)
2019-09-25 06:38:41,902 [pool-127-thread-1] INFO  segmented.SegmentedRaftLogWorker (SegmentedRaftLogWorker.java:lambda$new$0(132)) - 7111b28f-28aa-49dc-8a4f-35994c763fc3@group-73C2459995CD-SegmentedRaftLogWorker: flushIndex: setUnconditionally 0 -> -1
2019-09-25 06:38:41,903 [pool-127-thread-1] INFO  server.RaftServerConfigKeys (ConfUtils.java:logGet(43)) - raft.server.snapshot.auto.trigger.enabled = true (custom)
2019-09-25 06:38:41,903 [pool-127-thread-1] INFO  server.RaftServerConfigKeys (ConfUtils.java:logGet(43)) - raft.server.snapshot.auto.trigger.threshold = 10000 (custom)
2019-09-25 06:38:41,903 [pool-127-thread-1] INFO  server.RaftServerConfigKeys (ConfUtils.java:logGet(43)) - raft.server.snapshot.retention.num.files = 5 (custom)
2019-09-25 06:38:41,904 [pool-127-thread-1] INFO  server.RaftServerConfigKeys (ConfUtils.java:logGet(43)) - raft.server.retrycache.expirytime = 600000ms (custom)
2019-09-25 06:38:41,906 [pool-127-thread-1] INFO  impl.RaftServerImpl (RaftServerImpl.java:start(185)) - 7111b28f-28aa-49dc-8a4f-35994c763fc3@group-73C2459995CD: start as a follower, conf=-1: [7111b28f-28aa-49dc-8a4f-35994c763fc3:192.168.164.207:40967], old=null
2019-09-25 06:38:41,906 [pool-127-thread-1] INFO  impl.RaftServerImpl (RaftServerImpl.java:setRole(174)) - 7111b28f-28aa-49dc-8a4f-35994c763fc3@group-73C2459995CD: changes role from      null to FOLLOWER at term 0 for startAsFollower
2019-09-25 06:38:41,907 [pool-127-thread-1] INFO  impl.RoleInfo (RoleInfo.java:updateAndGet(143)) - 7111b28f-28aa-49dc-8a4f-35994c763fc3: start FollowerState
2019-09-25 06:38:41,907 [pool-127-thread-1] INFO  util.JmxRegister (JmxRegister.java:tryRegister(44)) - Successfully registered JMX Bean with object name Ratis:service=RaftServer,group=group-73C2459995CD,id=7111b28f-28aa-49dc-8a4f-35994c763fc3
2019-09-25 06:38:41,913 [RatisPipelineUtilsThread] INFO  pipeline.PipelineStateManager (PipelineStateManager.java:addPipeline(56)) - Created pipeline Pipeline[ Id: c7618bcf-d3c5-4b6c-b532-73c2459995cd, Nodes: 7111b28f-28aa-49dc-8a4f-35994c763fc3{ip: 192.168.164.207, host: pr-hdds-1569-s44lr-3492059363, networkLocation: /default-rack, certSerialId: null}, Type:RATIS, Factor:ONE, State:OPEN]
2019-09-25 06:38:41,922 [grpc-default-executor-0] INFO  impl.RaftServerProxy (RaftServerProxy.java:addNew(89)) - 7111b28f-28aa-49dc-8a4f-35994c763fc3: addNew group-34F821AE28E6:[7111b28f-28aa-49dc-8a4f-35994c763fc3:192.168.164.207:40967] returns group-34F821AE28E6:java.util.concurrent.CompletableFuture@55a0b11c[Not completed]
2019-09-25 06:38:41,924 [pool-127-thread-1] INFO  impl.RaftServerImpl (RaftServerImpl.java:<init>(95)) - 7111b28f-28aa-49dc-8a4f-35994c763fc3: new RaftServerImpl for group-34F821AE28E6:[7111b28f-28aa-49dc-8a4f-35994c763fc3:192.168.164.207:40967] with ContainerStateMachine:uninitialized
2019-09-25 06:38:41,924 [pool-127-thread-1] INFO  server.RaftServerConfigKeys (ConfUtils.java:logGet(43)) - raft.server.rpc.timeout.min = 5s (custom)
2019-09-25 06:38:41,924 [pool-127-thread-1] INFO  server.RaftServerConfigKeys (ConfUtils.java:logGet(43)) - raft.server.rpc.timeout.max = 5200ms (custom)
2019-09-25 06:38:41,924 [pool-127-thread-1] INFO  server.RaftServerConfigKeys (ConfUtils.java:logGet(43)) - raft.server.rpcslowness.timeout = 120s (custom)
2019-09-25 06:38:41,924 [pool-127-thread-1] INFO  server.RaftServerConfigKeys (ConfUtils.java:logGet(43)) - raft.server.sleep.deviation.threshold = 300 (default)
2019-09-25 06:38:41,924 [pool-127-thread-1] INFO  server.RaftServerConfigKeys (ConfUtils.java:logGet(43)) - raft.server.log.appender.install.snapshot.enabled = false (custom)
2019-09-25 06:38:41,925 [pool-127-thread-1] INFO  impl.RaftServerImpl (ServerState.java:<init>(103)) - 7111b28f-28aa-49dc-8a4f-35994c763fc3@group-34F821AE28E6: ConfigurationManager, init=-1: [7111b28f-28aa-49dc-8a4f-35994c763fc3:192.168.164.207:40967], old=null, confs=<EMPTY_MAP>
2019-09-25 06:38:41,925 [pool-127-thread-1] INFO  server.RaftServerConfigKeys (ConfUtils.java:logGet(43)) - raft.server.storage.dir = [/workdir/hadoop-ozone/ozonefs/target/test-dir/MiniOzoneClusterImpl-5b9a47a0-6db3-42b5-bb6d-2e43fb53942c/datanode-0/data/ratis] (custom)
2019-09-25 06:38:41,925 [pool-127-thread-1] INFO  storage.RaftStorageDirectory (RaftStorageDirectory.java:analyzeStorage(246)) - The storage directory /workdir/hadoop-ozone/ozonefs/target/test-dir/MiniOzoneClusterImpl-5b9a47a0-6db3-42b5-bb6d-2e43fb53942c/datanode-0/data/ratis/031925fd-4483-40d5-b113-34f821ae28e6 does not exist. Creating ...
2019-09-25 06:38:41,938 [pool-127-thread-1] INFO  storage.RaftStorageDirectory (RaftStorageDirectory.java:tryLock(328)) - Lock on /workdir/hadoop-ozone/ozonefs/target/test-dir/MiniOzoneClusterImpl-5b9a47a0-6db3-42b5-bb6d-2e43fb53942c/datanode-0/data/ratis/031925fd-4483-40d5-b113-34f821ae28e6/in_use.lock acquired by nodename 12697@pr-hdds-1569-s44lr-3492059363
2019-09-25 06:38:41,953 [pool-127-thread-1] INFO  storage.RaftStorage (RaftStorage.java:format(72)) - Storage directory /workdir/hadoop-ozone/ozonefs/target/test-dir/MiniOzoneClusterImpl-5b9a47a0-6db3-42b5-bb6d-2e43fb53942c/datanode-0/data/ratis/031925fd-4483-40d5-b113-34f821ae28e6 has been successfully formatted.
2019-09-25 06:38:41,953 [pool-127-thread-1] INFO  ratis.ContainerStateMachine (ContainerStateMachine.java:loadSnapshot(230)) - group-34F821AE28E6: The snapshot info is null. Setting the last applied indexto:(t:0, i:~)
2019-09-25 06:38:41,954 [pool-127-thread-1] INFO  server.RaftServerConfigKeys (ConfUtils.java:logGet(43)) - raft.server.notification.no-leader.timeout = 120s (custom)
2019-09-25 06:38:41,954 [pool-127-thread-1] INFO  server.RaftServerConfigKeys (ConfUtils.java:logGet(43)) - raft.server.log.use.memory = false (default)
2019-09-25 06:38:41,954 [pool-127-thread-1] INFO  server.RaftServerConfigKeys (ConfUtils.java:logGet(43)) - raft.server.log.purge.gap = 1000000 (custom)
2019-09-25 06:38:41,954 [pool-127-thread-1] INFO  server.RaftServerConfigKeys (ConfUtils.java:logGet(43)) - raft.server.log.appender.buffer.byte-limit = 33554432 (custom)
2019-09-25 06:38:41,954 [pool-127-thread-1] INFO  server.RaftServerConfigKeys (ConfUtils.java:logGet(43)) - raft.server.log.segment.size.max = 1048576 (custom)
2019-09-25 06:38:41,954 [pool-127-thread-1] INFO  server.RaftServerConfigKeys (ConfUtils.java:logGet(43)) - raft.server.log.segment.cache.num.max = 2 (custom)
2019-09-25 06:38:41,955 [pool-127-thread-1] INFO  segmented.SegmentedRaftLogWorker (SegmentedRaftLogWorker.java:<init>(172)) - new 7111b28f-28aa-49dc-8a4f-35994c763fc3@group-34F821AE28E6-SegmentedRaftLogWorker for RaftStorage:Storage Directory /workdir/hadoop-ozone/ozonefs/target/test-dir/MiniOzoneClusterImpl-5b9a47a0-6db3-42b5-bb6d-2e43fb53942c/datanode-0/data/ratis/031925fd-4483-40d5-b113-34f821ae28e6
2019-09-25 06:38:41,955 [pool-127-thread-1] INFO  server.RaftServerConfigKeys (ConfUtils.java:logGet(43)) - raft.server.log.queue.byte-limit = 2147483647 (custom)
2019-09-25 06:38:41,955 [pool-127-thread-1] INFO  server.RaftServerConfigKeys (ConfUtils.java:logGet(43)) - raft.server.log.queue.element-limit = 1024 (custom)
2019-09-25 06:38:41,955 [pool-127-thread-1] INFO  server.RaftServerConfigKeys (ConfUtils.java:logGet(43)) - raft.server.log.segment.size.max = 1048576 (custom)
2019-09-25 06:38:41,955 [pool-127-thread-1] INFO  server.RaftServerConfigKeys (ConfUtils.java:logGet(43)) - raft.server.log.preallocated.size = 16384 (custom)
2019-09-25 06:38:41,955 [pool-127-thread-1] INFO  server.RaftServerConfigKeys (ConfUtils.java:logGet(43)) - raft.server.log.write.buffer.size = 33554432 (custom)
2019-09-25 06:38:41,955 [pool-127-thread-1] INFO  server.RaftServerConfigKeys (ConfUtils.java:logGet(43)) - raft.server.log.force.sync.num = 128 (default)
2019-09-25 06:38:41,956 [pool-127-thread-1] INFO  server.RaftServerConfigKeys (ConfUtils.java:logGet(43)) - raft.server.log.statemachine.data.sync = true (default)
2019-09-25 06:38:41,956 [pool-127-thread-1] INFO  server.RaftServerConfigKeys (ConfUtils.java:logGet(43)) - raft.server.log.statemachine.data.sync.timeout = 10s (default)
2019-09-25 06:38:41,956 [pool-127-thread-1] INFO  server.RaftServerConfigKeys (ConfUtils.java:logGet(43)) - raft.server.log.statemachine.data.sync.timeout.retry = -1 (default)
2019-09-25 06:38:41,956 [pool-127-thread-1] INFO  server.RaftServerConfigKeys (ConfUtils.java:logGet(43)) - raft.server.log.statemachine.data.caching.enabled = true (custom)
2019-09-25 06:38:41,957 [pool-127-thread-1] INFO  segmented.SegmentedRaftLogWorker (SegmentedRaftLogWorker.java:lambda$new$0(132)) - 7111b28f-28aa-49dc-8a4f-35994c763fc3@group-34F821AE28E6-SegmentedRaftLogWorker: flushIndex: setUnconditionally 0 -> -1
2019-09-25 06:38:41,957 [pool-127-thread-1] INFO  server.RaftServerConfigKeys (ConfUtils.java:logGet(43)) - raft.server.snapshot.auto.trigger.enabled = true (custom)
2019-09-25 06:38:41,957 [pool-127-thread-1] INFO  server.RaftServerConfigKeys (ConfUtils.java:logGet(43)) - raft.server.snapshot.auto.trigger.threshold = 10000 (custom)
2019-09-25 06:38:41,957 [pool-127-thread-1] INFO  server.RaftServerConfigKeys (ConfUtils.java:logGet(43)) - raft.server.snapshot.retention.num.files = 5 (custom)
2019-09-25 06:38:41,957 [pool-127-thread-1] INFO  server.RaftServerConfigKeys (ConfUtils.java:logGet(43)) - raft.server.retrycache.expirytime = 600000ms (custom)
2019-09-25 06:38:41,960 [pool-127-thread-1] INFO  impl.RaftServerImpl (RaftServerImpl.java:start(185)) - 7111b28f-28aa-49dc-8a4f-35994c763fc3@group-34F821AE28E6: start as a follower, conf=-1: [7111b28f-28aa-49dc-8a4f-35994c763fc3:192.168.164.207:40967], old=null
2019-09-25 06:38:41,960 [pool-127-thread-1] INFO  impl.RaftServerImpl (RaftServerImpl.java:setRole(174)) - 7111b28f-28aa-49dc-8a4f-35994c763fc3@group-34F821AE28E6: changes role from      null to FOLLOWER at term 0 for startAsFollower
2019-09-25 06:38:41,960 [pool-127-thread-1] INFO  impl.RoleInfo (RoleInfo.java:updateAndGet(143)) - 7111b28f-28aa-49dc-8a4f-35994c763fc3: start FollowerState
2019-09-25 06:38:41,961 [pool-127-thread-1] INFO  util.JmxRegister (JmxRegister.java:tryRegister(44)) - Successfully registered JMX Bean with object name Ratis:service=RaftServer,group=group-34F821AE28E6,id=7111b28f-28aa-49dc-8a4f-35994c763fc3
2019-09-25 06:38:41,966 [RatisPipelineUtilsThread] INFO  pipeline.PipelineStateManager (PipelineStateManager.java:addPipeline(56)) - Created pipeline Pipeline[ Id: 031925fd-4483-40d5-b113-34f821ae28e6, Nodes: 7111b28f-28aa-49dc-8a4f-35994c763fc3{ip: 192.168.164.207, host: pr-hdds-1569-s44lr-3492059363, networkLocation: /default-rack, certSerialId: null}, Type:RATIS, Factor:ONE, State:OPEN]
2019-09-25 06:38:41,976 [grpc-default-executor-0] INFO  impl.RaftServerProxy (RaftServerProxy.java:addNew(89)) - 7111b28f-28aa-49dc-8a4f-35994c763fc3: addNew group-E89151D862BF:[7111b28f-28aa-49dc-8a4f-35994c763fc3:192.168.164.207:40967] returns group-E89151D862BF:java.util.concurrent.CompletableFuture@4a1cbec[Not completed]
2019-09-25 06:38:41,977 [pool-127-thread-1] INFO  impl.RaftServerImpl (RaftServerImpl.java:<init>(95)) - 7111b28f-28aa-49dc-8a4f-35994c763fc3: new RaftServerImpl for group-E89151D862BF:[7111b28f-28aa-49dc-8a4f-35994c763fc3:192.168.164.207:40967] with ContainerStateMachine:uninitialized
2019-09-25 06:38:41,977 [pool-127-thread-1] INFO  server.RaftServerConfigKeys (ConfUtils.java:logGet(43)) - raft.server.rpc.timeout.min = 5s (custom)
2019-09-25 06:38:41,977 [pool-127-thread-1] INFO  server.RaftServerConfigKeys (ConfUtils.java:logGet(43)) - raft.server.rpc.timeout.max = 5200ms (custom)
2019-09-25 06:38:41,978 [pool-127-thread-1] INFO  server.RaftServerConfigKeys (ConfUtils.java:logGet(43)) - raft.server.rpcslowness.timeout = 120s (custom)
2019-09-25 06:38:41,978 [pool-127-thread-1] INFO  server.RaftServerConfigKeys (ConfUtils.java:logGet(43)) - raft.server.sleep.deviation.threshold = 300 (default)
2019-09-25 06:38:41,978 [pool-127-thread-1] INFO  server.RaftServerConfigKeys (ConfUtils.java:logGet(43)) - raft.server.log.appender.install.snapshot.enabled = false (custom)
2019-09-25 06:38:41,978 [pool-127-thread-1] INFO  impl.RaftServerImpl (ServerState.java:<init>(103)) - 7111b28f-28aa-49dc-8a4f-35994c763fc3@group-E89151D862BF: ConfigurationManager, init=-1: [7111b28f-28aa-49dc-8a4f-35994c763fc3:192.168.164.207:40967], old=null, confs=<EMPTY_MAP>
2019-09-25 06:38:41,978 [pool-127-thread-1] INFO  server.RaftServerConfigKeys (ConfUtils.java:logGet(43)) - raft.server.storage.dir = [/workdir/hadoop-ozone/ozonefs/target/test-dir/MiniOzoneClusterImpl-5b9a47a0-6db3-42b5-bb6d-2e43fb53942c/datanode-0/data/ratis] (custom)
2019-09-25 06:38:41,979 [pool-127-thread-1] INFO  storage.RaftStorageDirectory (RaftStorageDirectory.java:analyzeStorage(246)) - The storage directory /workdir/hadoop-ozone/ozonefs/target/test-dir/MiniOzoneClusterImpl-5b9a47a0-6db3-42b5-bb6d-2e43fb53942c/datanode-0/data/ratis/d9131265-adee-4c43-8d0c-e89151d862bf does not exist. Creating ...
2019-09-25 06:38:41,991 [pool-127-thread-1] INFO  storage.RaftStorageDirectory (RaftStorageDirectory.java:tryLock(328)) - Lock on /workdir/hadoop-ozone/ozonefs/target/test-dir/MiniOzoneClusterImpl-5b9a47a0-6db3-42b5-bb6d-2e43fb53942c/datanode-0/data/ratis/d9131265-adee-4c43-8d0c-e89151d862bf/in_use.lock acquired by nodename 12697@pr-hdds-1569-s44lr-3492059363
2019-09-25 06:38:42,006 [pool-127-thread-1] INFO  storage.RaftStorage (RaftStorage.java:format(72)) - Storage directory /workdir/hadoop-ozone/ozonefs/target/test-dir/MiniOzoneClusterImpl-5b9a47a0-6db3-42b5-bb6d-2e43fb53942c/datanode-0/data/ratis/d9131265-adee-4c43-8d0c-e89151d862bf has been successfully formatted.
2019-09-25 06:38:42,006 [pool-127-thread-1] INFO  ratis.ContainerStateMachine (ContainerStateMachine.java:loadSnapshot(230)) - group-E89151D862BF: The snapshot info is null. Setting the last applied indexto:(t:0, i:~)
2019-09-25 06:38:42,007 [pool-127-thread-1] INFO  server.RaftServerConfigKeys (ConfUtils.java:logGet(43)) - raft.server.notification.no-leader.timeout = 120s (custom)
2019-09-25 06:38:42,007 [pool-127-thread-1] INFO  server.RaftServerConfigKeys (ConfUtils.java:logGet(43)) - raft.server.log.use.memory = false (default)
2019-09-25 06:38:42,007 [pool-127-thread-1] INFO  server.RaftServerConfigKeys (ConfUtils.java:logGet(43)) - raft.server.log.purge.gap = 1000000 (custom)
2019-09-25 06:38:42,007 [pool-127-thread-1] INFO  server.RaftServerConfigKeys (ConfUtils.java:logGet(43)) - raft.server.log.appender.buffer.byte-limit = 33554432 (custom)
2019-09-25 06:38:42,007 [pool-127-thread-1] INFO  server.RaftServerConfigKeys (ConfUtils.java:logGet(43)) - raft.server.log.segment.size.max = 1048576 (custom)
2019-09-25 06:38:42,007 [pool-127-thread-1] INFO  server.RaftServerConfigKeys (ConfUtils.java:logGet(43)) - raft.server.log.segment.cache.num.max = 2 (custom)
2019-09-25 06:38:42,008 [pool-127-thread-1] INFO  segmented.SegmentedRaftLogWorker (SegmentedRaftLogWorker.java:<init>(172)) - new 7111b28f-28aa-49dc-8a4f-35994c763fc3@group-E89151D862BF-SegmentedRaftLogWorker for RaftStorage:Storage Directory /workdir/hadoop-ozone/ozonefs/target/test-dir/MiniOzoneClusterImpl-5b9a47a0-6db3-42b5-bb6d-2e43fb53942c/datanode-0/data/ratis/d9131265-adee-4c43-8d0c-e89151d862bf
2019-09-25 06:38:42,008 [pool-127-thread-1] INFO  server.RaftServerConfigKeys (ConfUtils.java:logGet(43)) - raft.server.log.queue.byte-limit = 2147483647 (custom)
2019-09-25 06:38:42,008 [pool-127-thread-1] INFO  server.RaftServerConfigKeys (ConfUtils.java:logGet(43)) - raft.server.log.queue.element-limit = 1024 (custom)
2019-09-25 06:38:42,008 [pool-127-thread-1] INFO  server.RaftServerConfigKeys (ConfUtils.java:logGet(43)) - raft.server.log.segment.size.max = 1048576 (custom)
2019-09-25 06:38:42,008 [pool-127-thread-1] INFO  server.RaftServerConfigKeys (ConfUtils.java:logGet(43)) - raft.server.log.preallocated.size = 16384 (custom)
2019-09-25 06:38:42,008 [pool-127-thread-1] INFO  server.RaftServerConfigKeys (ConfUtils.java:logGet(43)) - raft.server.log.write.buffer.size = 33554432 (custom)
2019-09-25 06:38:42,009 [pool-127-thread-1] INFO  server.RaftServerConfigKeys (ConfUtils.java:logGet(43)) - raft.server.log.force.sync.num = 128 (default)
2019-09-25 06:38:42,009 [pool-127-thread-1] INFO  server.RaftServerConfigKeys (ConfUtils.java:logGet(43)) - raft.server.log.statemachine.data.sync = true (default)
2019-09-25 06:38:42,009 [pool-127-thread-1] INFO  server.RaftServerConfigKeys (ConfUtils.java:logGet(43)) - raft.server.log.statemachine.data.sync.timeout = 10s (default)
2019-09-25 06:38:42,009 [pool-127-thread-1] INFO  server.RaftServerConfigKeys (ConfUtils.java:logGet(43)) - raft.server.log.statemachine.data.sync.timeout.retry = -1 (default)
2019-09-25 06:38:42,009 [pool-127-thread-1] INFO  server.RaftServerConfigKeys (ConfUtils.java:logGet(43)) - raft.server.log.statemachine.data.caching.enabled = true (custom)
2019-09-25 06:38:42,010 [pool-127-thread-1] INFO  segmented.SegmentedRaftLogWorker (SegmentedRaftLogWorker.java:lambda$new$0(132)) - 7111b28f-28aa-49dc-8a4f-35994c763fc3@group-E89151D862BF-SegmentedRaftLogWorker: flushIndex: setUnconditionally 0 -> -1
2019-09-25 06:38:42,010 [pool-127-thread-1] INFO  server.RaftServerConfigKeys (ConfUtils.java:logGet(43)) - raft.server.snapshot.auto.trigger.enabled = true (custom)
2019-09-25 06:38:42,010 [pool-127-thread-1] INFO  server.RaftServerConfigKeys (ConfUtils.java:logGet(43)) - raft.server.snapshot.auto.trigger.threshold = 10000 (custom)
2019-09-25 06:38:42,010 [pool-127-thread-1] INFO  server.RaftServerConfigKeys (ConfUtils.java:logGet(43)) - raft.server.snapshot.retention.num.files = 5 (custom)
2019-09-25 06:38:42,010 [pool-127-thread-1] INFO  server.RaftServerConfigKeys (ConfUtils.java:logGet(43)) - raft.server.retrycache.expirytime = 600000ms (custom)
2019-09-25 06:38:42,013 [pool-127-thread-1] INFO  impl.RaftServerImpl (RaftServerImpl.java:start(185)) - 7111b28f-28aa-49dc-8a4f-35994c763fc3@group-E89151D862BF: start as a follower, conf=-1: [7111b28f-28aa-49dc-8a4f-35994c763fc3:192.168.164.207:40967], old=null
2019-09-25 06:38:42,013 [pool-127-thread-1] INFO  impl.RaftServerImpl (RaftServerImpl.java:setRole(174)) - 7111b28f-28aa-49dc-8a4f-35994c763fc3@group-E89151D862BF: changes role from      null to FOLLOWER at term 0 for startAsFollower
2019-09-25 06:38:42,013 [pool-127-thread-1] INFO  impl.RoleInfo (RoleInfo.java:updateAndGet(143)) - 7111b28f-28aa-49dc-8a4f-35994c763fc3: start FollowerState
2019-09-25 06:38:42,014 [pool-127-thread-1] INFO  util.JmxRegister (JmxRegister.java:tryRegister(44)) - Successfully registered JMX Bean with object name Ratis:service=RaftServer,group=group-E89151D862BF,id=7111b28f-28aa-49dc-8a4f-35994c763fc3
2019-09-25 06:38:42,018 [RatisPipelineUtilsThread] INFO  pipeline.PipelineStateManager (PipelineStateManager.java:addPipeline(56)) - Created pipeline Pipeline[ Id: d9131265-adee-4c43-8d0c-e89151d862bf, Nodes: 7111b28f-28aa-49dc-8a4f-35994c763fc3{ip: 192.168.164.207, host: pr-hdds-1569-s44lr-3492059363, networkLocation: /default-rack, certSerialId: null}, Type:RATIS, Factor:ONE, State:OPEN]
2019-09-25 06:38:42,029 [grpc-default-executor-0] INFO  impl.RaftServerProxy (RaftServerProxy.java:addNew(89)) - 3692e321-28cf-4ad2-847a-fd8bc9cae3de: addNew group-CD6A5E95666F:[3692e321-28cf-4ad2-847a-fd8bc9cae3de:192.168.164.207:41796] returns group-CD6A5E95666F:java.util.concurrent.CompletableFuture@a9b77f8[Not completed]
2019-09-25 06:38:42,030 [pool-137-thread-1] INFO  impl.RaftServerImpl (RaftServerImpl.java:<init>(95)) - 3692e321-28cf-4ad2-847a-fd8bc9cae3de: new RaftServerImpl for group-CD6A5E95666F:[3692e321-28cf-4ad2-847a-fd8bc9cae3de:192.168.164.207:41796] with ContainerStateMachine:uninitialized
2019-09-25 06:38:42,031 [pool-137-thread-1] INFO  server.RaftServerConfigKeys (ConfUtils.java:logGet(43)) - raft.server.rpc.timeout.min = 5s (custom)
2019-09-25 06:38:42,032 [pool-137-thread-1] INFO  server.RaftServerConfigKeys (ConfUtils.java:logGet(43)) - raft.server.rpc.timeout.max = 5200ms (custom)
2019-09-25 06:38:42,032 [pool-137-thread-1] INFO  server.RaftServerConfigKeys (ConfUtils.java:logGet(43)) - raft.server.rpcslowness.timeout = 120s (custom)
2019-09-25 06:38:42,032 [pool-137-thread-1] INFO  server.RaftServerConfigKeys (ConfUtils.java:logGet(43)) - raft.server.sleep.deviation.threshold = 300 (default)
2019-09-25 06:38:42,032 [pool-137-thread-1] INFO  server.RaftServerConfigKeys (ConfUtils.java:logGet(43)) - raft.server.log.appender.install.snapshot.enabled = false (custom)
2019-09-25 06:38:42,032 [pool-137-thread-1] INFO  impl.RaftServerImpl (ServerState.java:<init>(103)) - 3692e321-28cf-4ad2-847a-fd8bc9cae3de@group-CD6A5E95666F: ConfigurationManager, init=-1: [3692e321-28cf-4ad2-847a-fd8bc9cae3de:192.168.164.207:41796], old=null, confs=<EMPTY_MAP>
2019-09-25 06:38:42,032 [pool-137-thread-1] INFO  server.RaftServerConfigKeys (ConfUtils.java:logGet(43)) - raft.server.storage.dir = [/workdir/hadoop-ozone/ozonefs/target/test-dir/MiniOzoneClusterImpl-5b9a47a0-6db3-42b5-bb6d-2e43fb53942c/datanode-1/data/ratis] (custom)
2019-09-25 06:38:42,033 [pool-137-thread-1] INFO  storage.RaftStorageDirectory (RaftStorageDirectory.java:analyzeStorage(246)) - The storage directory /workdir/hadoop-ozone/ozonefs/target/test-dir/MiniOzoneClusterImpl-5b9a47a0-6db3-42b5-bb6d-2e43fb53942c/datanode-1/data/ratis/7a85f135-5bf2-41f5-9d83-cd6a5e95666f does not exist. Creating ...
2019-09-25 06:38:42,045 [pool-137-thread-1] INFO  storage.RaftStorageDirectory (RaftStorageDirectory.java:tryLock(328)) - Lock on /workdir/hadoop-ozone/ozonefs/target/test-dir/MiniOzoneClusterImpl-5b9a47a0-6db3-42b5-bb6d-2e43fb53942c/datanode-1/data/ratis/7a85f135-5bf2-41f5-9d83-cd6a5e95666f/in_use.lock acquired by nodename 12697@pr-hdds-1569-s44lr-3492059363
2019-09-25 06:38:42,057 [pool-137-thread-1] INFO  storage.RaftStorage (RaftStorage.java:format(72)) - Storage directory /workdir/hadoop-ozone/ozonefs/target/test-dir/MiniOzoneClusterImpl-5b9a47a0-6db3-42b5-bb6d-2e43fb53942c/datanode-1/data/ratis/7a85f135-5bf2-41f5-9d83-cd6a5e95666f has been successfully formatted.
2019-09-25 06:38:42,058 [pool-137-thread-1] INFO  ratis.ContainerStateMachine (ContainerStateMachine.java:loadSnapshot(230)) - group-CD6A5E95666F: The snapshot info is null. Setting the last applied indexto:(t:0, i:~)
2019-09-25 06:38:42,058 [pool-137-thread-1] INFO  server.RaftServerConfigKeys (ConfUtils.java:logGet(43)) - raft.server.notification.no-leader.timeout = 120s (custom)
2019-09-25 06:38:42,058 [pool-137-thread-1] INFO  server.RaftServerConfigKeys (ConfUtils.java:logGet(43)) - raft.server.log.use.memory = false (default)
2019-09-25 06:38:42,058 [pool-137-thread-1] INFO  server.RaftServerConfigKeys (ConfUtils.java:logGet(43)) - raft.server.log.purge.gap = 1000000 (custom)
2019-09-25 06:38:42,058 [pool-137-thread-1] INFO  server.RaftServerConfigKeys (ConfUtils.java:logGet(43)) - raft.server.log.appender.buffer.byte-limit = 33554432 (custom)
2019-09-25 06:38:42,058 [pool-137-thread-1] INFO  server.RaftServerConfigKeys (ConfUtils.java:logGet(43)) - raft.server.log.segment.size.max = 1048576 (custom)
2019-09-25 06:38:42,058 [pool-137-thread-1] INFO  server.RaftServerConfigKeys (ConfUtils.java:logGet(43)) - raft.server.log.segment.cache.num.max = 2 (custom)
2019-09-25 06:38:42,058 [pool-137-thread-1] INFO  segmented.SegmentedRaftLogWorker (SegmentedRaftLogWorker.java:<init>(172)) - new 3692e321-28cf-4ad2-847a-fd8bc9cae3de@group-CD6A5E95666F-SegmentedRaftLogWorker for RaftStorage:Storage Directory /workdir/hadoop-ozone/ozonefs/target/test-dir/MiniOzoneClusterImpl-5b9a47a0-6db3-42b5-bb6d-2e43fb53942c/datanode-1/data/ratis/7a85f135-5bf2-41f5-9d83-cd6a5e95666f
2019-09-25 06:38:42,060 [pool-137-thread-1] INFO  server.RaftServerConfigKeys (ConfUtils.java:logGet(43)) - raft.server.log.queue.byte-limit = 2147483647 (custom)
2019-09-25 06:38:42,060 [pool-137-thread-1] INFO  server.RaftServerConfigKeys (ConfUtils.java:logGet(43)) - raft.server.log.queue.element-limit = 1024 (custom)
2019-09-25 06:38:42,060 [pool-137-thread-1] INFO  server.RaftServerConfigKeys (ConfUtils.java:logGet(43)) - raft.server.log.segment.size.max = 1048576 (custom)
2019-09-25 06:38:42,061 [pool-137-thread-1] INFO  server.RaftServerConfigKeys (ConfUtils.java:logGet(43)) - raft.server.log.preallocated.size = 16384 (custom)
2019-09-25 06:38:42,061 [pool-137-thread-1] INFO  server.RaftServerConfigKeys (ConfUtils.java:logGet(43)) - raft.server.log.write.buffer.size = 33554432 (custom)
2019-09-25 06:38:42,061 [pool-137-thread-1] INFO  server.RaftServerConfigKeys (ConfUtils.java:logGet(43)) - raft.server.log.force.sync.num = 128 (default)
2019-09-25 06:38:42,061 [pool-137-thread-1] INFO  server.RaftServerConfigKeys (ConfUtils.java:logGet(43)) - raft.server.log.statemachine.data.sync = true (default)
2019-09-25 06:38:42,061 [pool-137-thread-1] INFO  server.RaftServerConfigKeys (ConfUtils.java:logGet(43)) - raft.server.log.statemachine.data.sync.timeout = 10s (default)
2019-09-25 06:38:42,061 [pool-137-thread-1] INFO  server.RaftServerConfigKeys (ConfUtils.java:logGet(43)) - raft.server.log.statemachine.data.sync.timeout.retry = -1 (default)
2019-09-25 06:38:42,061 [pool-137-thread-1] INFO  server.RaftServerConfigKeys (ConfUtils.java:logGet(43)) - raft.server.log.statemachine.data.caching.enabled = true (custom)
2019-09-25 06:38:42,062 [pool-137-thread-1] INFO  segmented.SegmentedRaftLogWorker (SegmentedRaftLogWorker.java:lambda$new$0(132)) - 3692e321-28cf-4ad2-847a-fd8bc9cae3de@group-CD6A5E95666F-SegmentedRaftLogWorker: flushIndex: setUnconditionally 0 -> -1
2019-09-25 06:38:42,062 [pool-137-thread-1] INFO  server.RaftServerConfigKeys (ConfUtils.java:logGet(43)) - raft.server.snapshot.auto.trigger.enabled = true (custom)
2019-09-25 06:38:42,062 [pool-137-thread-1] INFO  server.RaftServerConfigKeys (ConfUtils.java:logGet(43)) - raft.server.snapshot.auto.trigger.threshold = 10000 (custom)
2019-09-25 06:38:42,063 [pool-137-thread-1] INFO  server.RaftServerConfigKeys (ConfUtils.java:logGet(43)) - raft.server.snapshot.retention.num.files = 5 (custom)
2019-09-25 06:38:42,063 [pool-137-thread-1] INFO  server.RaftServerConfigKeys (ConfUtils.java:logGet(43)) - raft.server.retrycache.expirytime = 600000ms (custom)
2019-09-25 06:38:42,064 [pool-137-thread-1] INFO  impl.RaftServerImpl (RaftServerImpl.java:start(185)) - 3692e321-28cf-4ad2-847a-fd8bc9cae3de@group-CD6A5E95666F: start as a follower, conf=-1: [3692e321-28cf-4ad2-847a-fd8bc9cae3de:192.168.164.207:41796], old=null
2019-09-25 06:38:42,064 [pool-137-thread-1] INFO  impl.RaftServerImpl (RaftServerImpl.java:setRole(174)) - 3692e321-28cf-4ad2-847a-fd8bc9cae3de@group-CD6A5E95666F: changes role from      null to FOLLOWER at term 0 for startAsFollower
2019-09-25 06:38:42,065 [pool-137-thread-1] INFO  impl.RoleInfo (RoleInfo.java:updateAndGet(143)) - 3692e321-28cf-4ad2-847a-fd8bc9cae3de: start FollowerState
2019-09-25 06:38:42,065 [pool-137-thread-1] INFO  util.JmxRegister (JmxRegister.java:tryRegister(44)) - Successfully registered JMX Bean with object name Ratis:service=RaftServer,group=group-CD6A5E95666F,id=3692e321-28cf-4ad2-847a-fd8bc9cae3de
2019-09-25 06:38:42,069 [RatisPipelineUtilsThread] INFO  pipeline.PipelineStateManager (PipelineStateManager.java:addPipeline(56)) - Created pipeline Pipeline[ Id: 7a85f135-5bf2-41f5-9d83-cd6a5e95666f, Nodes: 3692e321-28cf-4ad2-847a-fd8bc9cae3de{ip: 192.168.164.207, host: pr-hdds-1569-s44lr-3492059363, networkLocation: /default-rack, certSerialId: null}, Type:RATIS, Factor:ONE, State:OPEN]
2019-09-25 06:38:42,078 [grpc-default-executor-0] INFO  impl.RaftServerProxy (RaftServerProxy.java:addNew(89)) - 7111b28f-28aa-49dc-8a4f-35994c763fc3: addNew group-47ACC6477E01:[7111b28f-28aa-49dc-8a4f-35994c763fc3:192.168.164.207:40967] returns group-47ACC6477E01:java.util.concurrent.CompletableFuture@3c8f6852[Not completed]
2019-09-25 06:38:42,080 [pool-127-thread-1] INFO  impl.RaftServerImpl (RaftServerImpl.java:<init>(95)) - 7111b28f-28aa-49dc-8a4f-35994c763fc3: new RaftServerImpl for group-47ACC6477E01:[7111b28f-28aa-49dc-8a4f-35994c763fc3:192.168.164.207:40967] with ContainerStateMachine:uninitialized
2019-09-25 06:38:42,080 [pool-127-thread-1] INFO  server.RaftServerConfigKeys (ConfUtils.java:logGet(43)) - raft.server.rpc.timeout.min = 5s (custom)
2019-09-25 06:38:42,080 [pool-127-thread-1] INFO  server.RaftServerConfigKeys (ConfUtils.java:logGet(43)) - raft.server.rpc.timeout.max = 5200ms (custom)
2019-09-25 06:38:42,080 [pool-127-thread-1] INFO  server.RaftServerConfigKeys (ConfUtils.java:logGet(43)) - raft.server.rpcslowness.timeout = 120s (custom)
2019-09-25 06:38:42,080 [pool-127-thread-1] INFO  server.RaftServerConfigKeys (ConfUtils.java:logGet(43)) - raft.server.sleep.deviation.threshold = 300 (default)
2019-09-25 06:38:42,081 [pool-127-thread-1] INFO  server.RaftServerConfigKeys (ConfUtils.java:logGet(43)) - raft.server.log.appender.install.snapshot.enabled = false (custom)
2019-09-25 06:38:42,081 [pool-127-thread-1] INFO  impl.RaftServerImpl (ServerState.java:<init>(103)) - 7111b28f-28aa-49dc-8a4f-35994c763fc3@group-47ACC6477E01: ConfigurationManager, init=-1: [7111b28f-28aa-49dc-8a4f-35994c763fc3:192.168.164.207:40967], old=null, confs=<EMPTY_MAP>
2019-09-25 06:38:42,081 [pool-127-thread-1] INFO  server.RaftServerConfigKeys (ConfUtils.java:logGet(43)) - raft.server.storage.dir = [/workdir/hadoop-ozone/ozonefs/target/test-dir/MiniOzoneClusterImpl-5b9a47a0-6db3-42b5-bb6d-2e43fb53942c/datanode-0/data/ratis] (custom)
2019-09-25 06:38:42,081 [pool-127-thread-1] INFO  storage.RaftStorageDirectory (RaftStorageDirectory.java:analyzeStorage(246)) - The storage directory /workdir/hadoop-ozone/ozonefs/target/test-dir/MiniOzoneClusterImpl-5b9a47a0-6db3-42b5-bb6d-2e43fb53942c/datanode-0/data/ratis/bcc61fcb-c58f-420b-8adc-47acc6477e01 does not exist. Creating ...
2019-09-25 06:38:42,096 [pool-127-thread-1] INFO  storage.RaftStorageDirectory (RaftStorageDirectory.java:tryLock(328)) - Lock on /workdir/hadoop-ozone/ozonefs/target/test-dir/MiniOzoneClusterImpl-5b9a47a0-6db3-42b5-bb6d-2e43fb53942c/datanode-0/data/ratis/bcc61fcb-c58f-420b-8adc-47acc6477e01/in_use.lock acquired by nodename 12697@pr-hdds-1569-s44lr-3492059363
2019-09-25 06:38:42,108 [pool-127-thread-1] INFO  storage.RaftStorage (RaftStorage.java:format(72)) - Storage directory /workdir/hadoop-ozone/ozonefs/target/test-dir/MiniOzoneClusterImpl-5b9a47a0-6db3-42b5-bb6d-2e43fb53942c/datanode-0/data/ratis/bcc61fcb-c58f-420b-8adc-47acc6477e01 has been successfully formatted.
2019-09-25 06:38:42,109 [pool-127-thread-1] INFO  ratis.ContainerStateMachine (ContainerStateMachine.java:loadSnapshot(230)) - group-47ACC6477E01: The snapshot info is null. Setting the last applied indexto:(t:0, i:~)
2019-09-25 06:38:42,109 [pool-127-thread-1] INFO  server.RaftServerConfigKeys (ConfUtils.java:logGet(43)) - raft.server.notification.no-leader.timeout = 120s (custom)
2019-09-25 06:38:42,109 [pool-127-thread-1] INFO  server.RaftServerConfigKeys (ConfUtils.java:logGet(43)) - raft.server.log.use.memory = false (default)
2019-09-25 06:38:42,109 [pool-127-thread-1] INFO  server.RaftServerConfigKeys (ConfUtils.java:logGet(43)) - raft.server.log.purge.gap = 1000000 (custom)
2019-09-25 06:38:42,109 [pool-127-thread-1] INFO  server.RaftServerConfigKeys (ConfUtils.java:logGet(43)) - raft.server.log.appender.buffer.byte-limit = 33554432 (custom)
2019-09-25 06:38:42,109 [pool-127-thread-1] INFO  server.RaftServerConfigKeys (ConfUtils.java:logGet(43)) - raft.server.log.segment.size.max = 1048576 (custom)
2019-09-25 06:38:42,110 [pool-127-thread-1] INFO  server.RaftServerConfigKeys (ConfUtils.java:logGet(43)) - raft.server.log.segment.cache.num.max = 2 (custom)
2019-09-25 06:38:42,110 [pool-127-thread-1] INFO  segmented.SegmentedRaftLogWorker (SegmentedRaftLogWorker.java:<init>(172)) - new 7111b28f-28aa-49dc-8a4f-35994c763fc3@group-47ACC6477E01-SegmentedRaftLogWorker for RaftStorage:Storage Directory /workdir/hadoop-ozone/ozonefs/target/test-dir/MiniOzoneClusterImpl-5b9a47a0-6db3-42b5-bb6d-2e43fb53942c/datanode-0/data/ratis/bcc61fcb-c58f-420b-8adc-47acc6477e01
2019-09-25 06:38:42,110 [pool-127-thread-1] INFO  server.RaftServerConfigKeys (ConfUtils.java:logGet(43)) - raft.server.log.queue.byte-limit = 2147483647 (custom)
2019-09-25 06:38:42,110 [pool-127-thread-1] INFO  server.RaftServerConfigKeys (ConfUtils.java:logGet(43)) - raft.server.log.queue.element-limit = 1024 (custom)
2019-09-25 06:38:42,110 [pool-127-thread-1] INFO  server.RaftServerConfigKeys (ConfUtils.java:logGet(43)) - raft.server.log.segment.size.max = 1048576 (custom)
2019-09-25 06:38:42,110 [pool-127-thread-1] INFO  server.RaftServerConfigKeys (ConfUtils.java:logGet(43)) - raft.server.log.preallocated.size = 16384 (custom)
2019-09-25 06:38:42,111 [pool-127-thread-1] INFO  server.RaftServerConfigKeys (ConfUtils.java:logGet(43)) - raft.server.log.write.buffer.size = 33554432 (custom)
2019-09-25 06:38:42,111 [pool-127-thread-1] INFO  server.RaftServerConfigKeys (ConfUtils.java:logGet(43)) - raft.server.log.force.sync.num = 128 (default)
2019-09-25 06:38:42,111 [pool-127-thread-1] INFO  server.RaftServerConfigKeys (ConfUtils.java:logGet(43)) - raft.server.log.statemachine.data.sync = true (default)
2019-09-25 06:38:42,111 [pool-127-thread-1] INFO  server.RaftServerConfigKeys (ConfUtils.java:logGet(43)) - raft.server.log.statemachine.data.sync.timeout = 10s (default)
2019-09-25 06:38:42,111 [pool-127-thread-1] INFO  server.RaftServerConfigKeys (ConfUtils.java:logGet(43)) - raft.server.log.statemachine.data.sync.timeout.retry = -1 (default)
2019-09-25 06:38:42,111 [pool-127-thread-1] INFO  server.RaftServerConfigKeys (ConfUtils.java:logGet(43)) - raft.server.log.statemachine.data.caching.enabled = true (custom)
2019-09-25 06:38:42,112 [pool-127-thread-1] INFO  segmented.SegmentedRaftLogWorker (SegmentedRaftLogWorker.java:lambda$new$0(132)) - 7111b28f-28aa-49dc-8a4f-35994c763fc3@group-47ACC6477E01-SegmentedRaftLogWorker: flushIndex: setUnconditionally 0 -> -1
2019-09-25 06:38:42,112 [pool-127-thread-1] INFO  server.RaftServerConfigKeys (ConfUtils.java:logGet(43)) - raft.server.snapshot.auto.trigger.enabled = true (custom)
2019-09-25 06:38:42,112 [pool-127-thread-1] INFO  server.RaftServerConfigKeys (ConfUtils.java:logGet(43)) - raft.server.snapshot.auto.trigger.threshold = 10000 (custom)
2019-09-25 06:38:42,112 [pool-127-thread-1] INFO  server.RaftServerConfigKeys (ConfUtils.java:logGet(43)) - raft.server.snapshot.retention.num.files = 5 (custom)
2019-09-25 06:38:42,113 [pool-127-thread-1] INFO  server.RaftServerConfigKeys (ConfUtils.java:logGet(43)) - raft.server.retrycache.expirytime = 600000ms (custom)
2019-09-25 06:38:42,115 [pool-127-thread-1] INFO  impl.RaftServerImpl (RaftServerImpl.java:start(185)) - 7111b28f-28aa-49dc-8a4f-35994c763fc3@group-47ACC6477E01: start as a follower, conf=-1: [7111b28f-28aa-49dc-8a4f-35994c763fc3:192.168.164.207:40967], old=null
2019-09-25 06:38:42,115 [pool-127-thread-1] INFO  impl.RaftServerImpl (RaftServerImpl.java:setRole(174)) - 7111b28f-28aa-49dc-8a4f-35994c763fc3@group-47ACC6477E01: changes role from      null to FOLLOWER at term 0 for startAsFollower
2019-09-25 06:38:42,116 [pool-127-thread-1] INFO  impl.RoleInfo (RoleInfo.java:updateAndGet(143)) - 7111b28f-28aa-49dc-8a4f-35994c763fc3: start FollowerState
2019-09-25 06:38:42,116 [pool-127-thread-1] INFO  util.JmxRegister (JmxRegister.java:tryRegister(44)) - Successfully registered JMX Bean with object name Ratis:service=RaftServer,group=group-47ACC6477E01,id=7111b28f-28aa-49dc-8a4f-35994c763fc3
2019-09-25 06:38:42,121 [RatisPipelineUtilsThread] INFO  pipeline.PipelineStateManager (PipelineStateManager.java:addPipeline(56)) - Created pipeline Pipeline[ Id: bcc61fcb-c58f-420b-8adc-47acc6477e01, Nodes: 7111b28f-28aa-49dc-8a4f-35994c763fc3{ip: 192.168.164.207, host: pr-hdds-1569-s44lr-3492059363, networkLocation: /default-rack, certSerialId: null}, Type:RATIS, Factor:ONE, State:OPEN]
2019-09-25 06:38:42,128 [grpc-default-executor-0] INFO  impl.RaftServerProxy (RaftServerProxy.java:addNew(89)) - 7111b28f-28aa-49dc-8a4f-35994c763fc3: addNew group-B83D9EE24120:[7111b28f-28aa-49dc-8a4f-35994c763fc3:192.168.164.207:40967] returns group-B83D9EE24120:java.util.concurrent.CompletableFuture@428ed5c6[Not completed]
2019-09-25 06:38:42,129 [pool-127-thread-1] INFO  impl.RaftServerImpl (RaftServerImpl.java:<init>(95)) - 7111b28f-28aa-49dc-8a4f-35994c763fc3: new RaftServerImpl for group-B83D9EE24120:[7111b28f-28aa-49dc-8a4f-35994c763fc3:192.168.164.207:40967] with ContainerStateMachine:uninitialized
2019-09-25 06:38:42,129 [pool-127-thread-1] INFO  server.RaftServerConfigKeys (ConfUtils.java:logGet(43)) - raft.server.rpc.timeout.min = 5s (custom)
2019-09-25 06:38:42,129 [pool-127-thread-1] INFO  server.RaftServerConfigKeys (ConfUtils.java:logGet(43)) - raft.server.rpc.timeout.max = 5200ms (custom)
2019-09-25 06:38:42,129 [pool-127-thread-1] INFO  server.RaftServerConfigKeys (ConfUtils.java:logGet(43)) - raft.server.rpcslowness.timeout = 120s (custom)
2019-09-25 06:38:42,130 [pool-127-thread-1] INFO  server.RaftServerConfigKeys (ConfUtils.java:logGet(43)) - raft.server.sleep.deviation.threshold = 300 (default)
2019-09-25 06:38:42,130 [pool-127-thread-1] INFO  server.RaftServerConfigKeys (ConfUtils.java:logGet(43)) - raft.server.log.appender.install.snapshot.enabled = false (custom)
2019-09-25 06:38:42,130 [pool-127-thread-1] INFO  impl.RaftServerImpl (ServerState.java:<init>(103)) - 7111b28f-28aa-49dc-8a4f-35994c763fc3@group-B83D9EE24120: ConfigurationManager, init=-1: [7111b28f-28aa-49dc-8a4f-35994c763fc3:192.168.164.207:40967], old=null, confs=<EMPTY_MAP>
2019-09-25 06:38:42,130 [pool-127-thread-1] INFO  server.RaftServerConfigKeys (ConfUtils.java:logGet(43)) - raft.server.storage.dir = [/workdir/hadoop-ozone/ozonefs/target/test-dir/MiniOzoneClusterImpl-5b9a47a0-6db3-42b5-bb6d-2e43fb53942c/datanode-0/data/ratis] (custom)
2019-09-25 06:38:42,130 [pool-127-thread-1] INFO  storage.RaftStorageDirectory (RaftStorageDirectory.java:analyzeStorage(246)) - The storage directory /workdir/hadoop-ozone/ozonefs/target/test-dir/MiniOzoneClusterImpl-5b9a47a0-6db3-42b5-bb6d-2e43fb53942c/datanode-0/data/ratis/407d9e5a-8c6d-4903-88ff-b83d9ee24120 does not exist. Creating ...
2019-09-25 06:38:42,145 [pool-127-thread-1] INFO  storage.RaftStorageDirectory (RaftStorageDirectory.java:tryLock(328)) - Lock on /workdir/hadoop-ozone/ozonefs/target/test-dir/MiniOzoneClusterImpl-5b9a47a0-6db3-42b5-bb6d-2e43fb53942c/datanode-0/data/ratis/407d9e5a-8c6d-4903-88ff-b83d9ee24120/in_use.lock acquired by nodename 12697@pr-hdds-1569-s44lr-3492059363
2019-09-25 06:38:42,164 [pool-127-thread-1] INFO  storage.RaftStorage (RaftStorage.java:format(72)) - Storage directory /workdir/hadoop-ozone/ozonefs/target/test-dir/MiniOzoneClusterImpl-5b9a47a0-6db3-42b5-bb6d-2e43fb53942c/datanode-0/data/ratis/407d9e5a-8c6d-4903-88ff-b83d9ee24120 has been successfully formatted.
2019-09-25 06:38:42,164 [pool-127-thread-1] INFO  ratis.ContainerStateMachine (ContainerStateMachine.java:loadSnapshot(230)) - group-B83D9EE24120: The snapshot info is null. Setting the last applied indexto:(t:0, i:~)
2019-09-25 06:38:42,165 [pool-127-thread-1] INFO  server.RaftServerConfigKeys (ConfUtils.java:logGet(43)) - raft.server.notification.no-leader.timeout = 120s (custom)
2019-09-25 06:38:42,165 [pool-127-thread-1] INFO  server.RaftServerConfigKeys (ConfUtils.java:logGet(43)) - raft.server.log.use.memory = false (default)
2019-09-25 06:38:42,165 [pool-127-thread-1] INFO  server.RaftServerConfigKeys (ConfUtils.java:logGet(43)) - raft.server.log.purge.gap = 1000000 (custom)
2019-09-25 06:38:42,165 [pool-127-thread-1] INFO  server.RaftServerConfigKeys (ConfUtils.java:logGet(43)) - raft.server.log.appender.buffer.byte-limit = 33554432 (custom)
2019-09-25 06:38:42,165 [pool-127-thread-1] INFO  server.RaftServerConfigKeys (ConfUtils.java:logGet(43)) - raft.server.log.segment.size.max = 1048576 (custom)
2019-09-25 06:38:42,165 [pool-127-thread-1] INFO  server.RaftServerConfigKeys (ConfUtils.java:logGet(43)) - raft.server.log.segment.cache.num.max = 2 (custom)
2019-09-25 06:38:42,165 [pool-127-thread-1] INFO  segmented.SegmentedRaftLogWorker (SegmentedRaftLogWorker.java:<init>(172)) - new 7111b28f-28aa-49dc-8a4f-35994c763fc3@group-B83D9EE24120-SegmentedRaftLogWorker for RaftStorage:Storage Directory /workdir/hadoop-ozone/ozonefs/target/test-dir/MiniOzoneClusterImpl-5b9a47a0-6db3-42b5-bb6d-2e43fb53942c/datanode-0/data/ratis/407d9e5a-8c6d-4903-88ff-b83d9ee24120
2019-09-25 06:38:42,166 [pool-127-thread-1] INFO  server.RaftServerConfigKeys (ConfUtils.java:logGet(43)) - raft.server.log.queue.byte-limit = 2147483647 (custom)
2019-09-25 06:38:42,166 [pool-127-thread-1] INFO  server.RaftServerConfigKeys (ConfUtils.java:logGet(43)) - raft.server.log.queue.element-limit = 1024 (custom)
2019-09-25 06:38:42,166 [pool-127-thread-1] INFO  server.RaftServerConfigKeys (ConfUtils.java:logGet(43)) - raft.server.log.segment.size.max = 1048576 (custom)
2019-09-25 06:38:42,166 [pool-127-thread-1] INFO  server.RaftServerConfigKeys (ConfUtils.java:logGet(43)) - raft.server.log.preallocated.size = 16384 (custom)
2019-09-25 06:38:42,166 [pool-127-thread-1] INFO  server.RaftServerConfigKeys (ConfUtils.java:logGet(43)) - raft.server.log.write.buffer.size = 33554432 (custom)
2019-09-25 06:38:42,166 [pool-127-thread-1] INFO  server.RaftServerConfigKeys (ConfUtils.java:logGet(43)) - raft.server.log.force.sync.num = 128 (default)
2019-09-25 06:38:42,166 [pool-127-thread-1] INFO  server.RaftServerConfigKeys (ConfUtils.java:logGet(43)) - raft.server.log.statemachine.data.sync = true (default)
2019-09-25 06:38:42,166 [pool-127-thread-1] INFO  server.RaftServerConfigKeys (ConfUtils.java:logGet(43)) - raft.server.log.statemachine.data.sync.timeout = 10s (default)
2019-09-25 06:38:42,167 [pool-127-thread-1] INFO  server.RaftServerConfigKeys (ConfUtils.java:logGet(43)) - raft.server.log.statemachine.data.sync.timeout.retry = -1 (default)
2019-09-25 06:38:42,167 [pool-127-thread-1] INFO  server.RaftServerConfigKeys (ConfUtils.java:logGet(43)) - raft.server.log.statemachine.data.caching.enabled = true (custom)
2019-09-25 06:38:42,167 [pool-127-thread-1] INFO  segmented.SegmentedRaftLogWorker (SegmentedRaftLogWorker.java:lambda$new$0(132)) - 7111b28f-28aa-49dc-8a4f-35994c763fc3@group-B83D9EE24120-SegmentedRaftLogWorker: flushIndex: setUnconditionally 0 -> -1
2019-09-25 06:38:42,167 [pool-127-thread-1] INFO  server.RaftServerConfigKeys (ConfUtils.java:logGet(43)) - raft.server.snapshot.auto.trigger.enabled = true (custom)
2019-09-25 06:38:42,167 [pool-127-thread-1] INFO  server.RaftServerConfigKeys (ConfUtils.java:logGet(43)) - raft.server.snapshot.auto.trigger.threshold = 10000 (custom)
2019-09-25 06:38:42,168 [pool-127-thread-1] INFO  server.RaftServerConfigKeys (ConfUtils.java:logGet(43)) - raft.server.snapshot.retention.num.files = 5 (custom)
2019-09-25 06:38:42,168 [pool-127-thread-1] INFO  server.RaftServerConfigKeys (ConfUtils.java:logGet(43)) - raft.server.retrycache.expirytime = 600000ms (custom)
2019-09-25 06:38:42,170 [pool-127-thread-1] INFO  impl.RaftServerImpl (RaftServerImpl.java:start(185)) - 7111b28f-28aa-49dc-8a4f-35994c763fc3@group-B83D9EE24120: start as a follower, conf=-1: [7111b28f-28aa-49dc-8a4f-35994c763fc3:192.168.164.207:40967], old=null
2019-09-25 06:38:42,170 [pool-127-thread-1] INFO  impl.RaftServerImpl (RaftServerImpl.java:setRole(174)) - 7111b28f-28aa-49dc-8a4f-35994c763fc3@group-B83D9EE24120: changes role from      null to FOLLOWER at term 0 for startAsFollower
2019-09-25 06:38:42,170 [pool-127-thread-1] INFO  impl.RoleInfo (RoleInfo.java:updateAndGet(143)) - 7111b28f-28aa-49dc-8a4f-35994c763fc3: start FollowerState
2019-09-25 06:38:42,171 [pool-127-thread-1] INFO  util.JmxRegister (JmxRegister.java:tryRegister(44)) - Successfully registered JMX Bean with object name Ratis:service=RaftServer,group=group-B83D9EE24120,id=7111b28f-28aa-49dc-8a4f-35994c763fc3
2019-09-25 06:38:42,175 [RatisPipelineUtilsThread] INFO  pipeline.PipelineStateManager (PipelineStateManager.java:addPipeline(56)) - Created pipeline Pipeline[ Id: 407d9e5a-8c6d-4903-88ff-b83d9ee24120, Nodes: 7111b28f-28aa-49dc-8a4f-35994c763fc3{ip: 192.168.164.207, host: pr-hdds-1569-s44lr-3492059363, networkLocation: /default-rack, certSerialId: null}, Type:RATIS, Factor:ONE, State:OPEN]
2019-09-25 06:38:42,183 [grpc-default-executor-0] INFO  impl.RaftServerProxy (RaftServerProxy.java:addNew(89)) - 3692e321-28cf-4ad2-847a-fd8bc9cae3de: addNew group-ADB05F41B49C:[3692e321-28cf-4ad2-847a-fd8bc9cae3de:192.168.164.207:41796] returns group-ADB05F41B49C:java.util.concurrent.CompletableFuture@7c0dccf2[Not completed]
2019-09-25 06:38:42,184 [pool-137-thread-1] INFO  impl.RaftServerImpl (RaftServerImpl.java:<init>(95)) - 3692e321-28cf-4ad2-847a-fd8bc9cae3de: new RaftServerImpl for group-ADB05F41B49C:[3692e321-28cf-4ad2-847a-fd8bc9cae3de:192.168.164.207:41796] with ContainerStateMachine:uninitialized
2019-09-25 06:38:42,184 [pool-137-thread-1] INFO  server.RaftServerConfigKeys (ConfUtils.java:logGet(43)) - raft.server.rpc.timeout.min = 5s (custom)
2019-09-25 06:38:42,184 [pool-137-thread-1] INFO  server.RaftServerConfigKeys (ConfUtils.java:logGet(43)) - raft.server.rpc.timeout.max = 5200ms (custom)
2019-09-25 06:38:42,184 [pool-137-thread-1] INFO  server.RaftServerConfigKeys (ConfUtils.java:logGet(43)) - raft.server.rpcslowness.timeout = 120s (custom)
2019-09-25 06:38:42,184 [pool-137-thread-1] INFO  server.RaftServerConfigKeys (ConfUtils.java:logGet(43)) - raft.server.sleep.deviation.threshold = 300 (default)
2019-09-25 06:38:42,184 [pool-137-thread-1] INFO  server.RaftServerConfigKeys (ConfUtils.java:logGet(43)) - raft.server.log.appender.install.snapshot.enabled = false (custom)
2019-09-25 06:38:42,185 [pool-137-thread-1] INFO  impl.RaftServerImpl (ServerState.java:<init>(103)) - 3692e321-28cf-4ad2-847a-fd8bc9cae3de@group-ADB05F41B49C: ConfigurationManager, init=-1: [3692e321-28cf-4ad2-847a-fd8bc9cae3de:192.168.164.207:41796], old=null, confs=<EMPTY_MAP>
2019-09-25 06:38:42,185 [pool-137-thread-1] INFO  server.RaftServerConfigKeys (ConfUtils.java:logGet(43)) - raft.server.storage.dir = [/workdir/hadoop-ozone/ozonefs/target/test-dir/MiniOzoneClusterImpl-5b9a47a0-6db3-42b5-bb6d-2e43fb53942c/datanode-1/data/ratis] (custom)
2019-09-25 06:38:42,185 [pool-137-thread-1] INFO  storage.RaftStorageDirectory (RaftStorageDirectory.java:analyzeStorage(246)) - The storage directory /workdir/hadoop-ozone/ozonefs/target/test-dir/MiniOzoneClusterImpl-5b9a47a0-6db3-42b5-bb6d-2e43fb53942c/datanode-1/data/ratis/a9a7ce91-f3a8-47b4-b6f4-adb05f41b49c does not exist. Creating ...
2019-09-25 06:38:42,198 [pool-137-thread-1] INFO  storage.RaftStorageDirectory (RaftStorageDirectory.java:tryLock(328)) - Lock on /workdir/hadoop-ozone/ozonefs/target/test-dir/MiniOzoneClusterImpl-5b9a47a0-6db3-42b5-bb6d-2e43fb53942c/datanode-1/data/ratis/a9a7ce91-f3a8-47b4-b6f4-adb05f41b49c/in_use.lock acquired by nodename 12697@pr-hdds-1569-s44lr-3492059363
2019-09-25 06:38:42,212 [pool-137-thread-1] INFO  storage.RaftStorage (RaftStorage.java:format(72)) - Storage directory /workdir/hadoop-ozone/ozonefs/target/test-dir/MiniOzoneClusterImpl-5b9a47a0-6db3-42b5-bb6d-2e43fb53942c/datanode-1/data/ratis/a9a7ce91-f3a8-47b4-b6f4-adb05f41b49c has been successfully formatted.
2019-09-25 06:38:42,212 [pool-137-thread-1] INFO  ratis.ContainerStateMachine (ContainerStateMachine.java:loadSnapshot(230)) - group-ADB05F41B49C: The snapshot info is null. Setting the last applied indexto:(t:0, i:~)
2019-09-25 06:38:42,213 [pool-137-thread-1] INFO  server.RaftServerConfigKeys (ConfUtils.java:logGet(43)) - raft.server.notification.no-leader.timeout = 120s (custom)
2019-09-25 06:38:42,213 [pool-137-thread-1] INFO  server.RaftServerConfigKeys (ConfUtils.java:logGet(43)) - raft.server.log.use.memory = false (default)
2019-09-25 06:38:42,213 [pool-137-thread-1] INFO  server.RaftServerConfigKeys (ConfUtils.java:logGet(43)) - raft.server.log.purge.gap = 1000000 (custom)
2019-09-25 06:38:42,213 [pool-137-thread-1] INFO  server.RaftServerConfigKeys (ConfUtils.java:logGet(43)) - raft.server.log.appender.buffer.byte-limit = 33554432 (custom)
2019-09-25 06:38:42,213 [pool-137-thread-1] INFO  server.RaftServerConfigKeys (ConfUtils.java:logGet(43)) - raft.server.log.segment.size.max = 1048576 (custom)
2019-09-25 06:38:42,213 [pool-137-thread-1] INFO  server.RaftServerConfigKeys (ConfUtils.java:logGet(43)) - raft.server.log.segment.cache.num.max = 2 (custom)
2019-09-25 06:38:42,213 [pool-137-thread-1] INFO  segmented.SegmentedRaftLogWorker (SegmentedRaftLogWorker.java:<init>(172)) - new 3692e321-28cf-4ad2-847a-fd8bc9cae3de@group-ADB05F41B49C-SegmentedRaftLogWorker for RaftStorage:Storage Directory /workdir/hadoop-ozone/ozonefs/target/test-dir/MiniOzoneClusterImpl-5b9a47a0-6db3-42b5-bb6d-2e43fb53942c/datanode-1/data/ratis/a9a7ce91-f3a8-47b4-b6f4-adb05f41b49c
2019-09-25 06:38:42,213 [pool-137-thread-1] INFO  server.RaftServerConfigKeys (ConfUtils.java:logGet(43)) - raft.server.log.queue.byte-limit = 2147483647 (custom)
2019-09-25 06:38:42,213 [pool-137-thread-1] INFO  server.RaftServerConfigKeys (ConfUtils.java:logGet(43)) - raft.server.log.queue.element-limit = 1024 (custom)
2019-09-25 06:38:42,214 [pool-137-thread-1] INFO  server.RaftServerConfigKeys (ConfUtils.java:logGet(43)) - raft.server.log.segment.size.max = 1048576 (custom)
2019-09-25 06:38:42,214 [pool-137-thread-1] INFO  server.RaftServerConfigKeys (ConfUtils.java:logGet(43)) - raft.server.log.preallocated.size = 16384 (custom)
2019-09-25 06:38:42,214 [pool-137-thread-1] INFO  server.RaftServerConfigKeys (ConfUtils.java:logGet(43)) - raft.server.log.write.buffer.size = 33554432 (custom)
2019-09-25 06:38:42,214 [pool-137-thread-1] INFO  server.RaftServerConfigKeys (ConfUtils.java:logGet(43)) - raft.server.log.force.sync.num = 128 (default)
2019-09-25 06:38:42,214 [pool-137-thread-1] INFO  server.RaftServerConfigKeys (ConfUtils.java:logGet(43)) - raft.server.log.statemachine.data.sync = true (default)
2019-09-25 06:38:42,214 [pool-137-thread-1] INFO  server.RaftServerConfigKeys (ConfUtils.java:logGet(43)) - raft.server.log.statemachine.data.sync.timeout = 10s (default)
2019-09-25 06:38:42,214 [pool-137-thread-1] INFO  server.RaftServerConfigKeys (ConfUtils.java:logGet(43)) - raft.server.log.statemachine.data.sync.timeout.retry = -1 (default)
2019-09-25 06:38:42,214 [pool-137-thread-1] INFO  server.RaftServerConfigKeys (ConfUtils.java:logGet(43)) - raft.server.log.statemachine.data.caching.enabled = true (custom)
2019-09-25 06:38:42,214 [pool-137-thread-1] INFO  segmented.SegmentedRaftLogWorker (SegmentedRaftLogWorker.java:lambda$new$0(132)) - 3692e321-28cf-4ad2-847a-fd8bc9cae3de@group-ADB05F41B49C-SegmentedRaftLogWorker: flushIndex: setUnconditionally 0 -> -1
2019-09-25 06:38:42,215 [pool-137-thread-1] INFO  server.RaftServerConfigKeys (ConfUtils.java:logGet(43)) - raft.server.snapshot.auto.trigger.enabled = true (custom)
2019-09-25 06:38:42,215 [pool-137-thread-1] INFO  server.RaftServerConfigKeys (ConfUtils.java:logGet(43)) - raft.server.snapshot.auto.trigger.threshold = 10000 (custom)
2019-09-25 06:38:42,215 [pool-137-thread-1] INFO  server.RaftServerConfigKeys (ConfUtils.java:logGet(43)) - raft.server.snapshot.retention.num.files = 5 (custom)
2019-09-25 06:38:42,215 [pool-137-thread-1] INFO  server.RaftServerConfigKeys (ConfUtils.java:logGet(43)) - raft.server.retrycache.expirytime = 600000ms (custom)
2019-09-25 06:38:42,217 [pool-137-thread-1] INFO  impl.RaftServerImpl (RaftServerImpl.java:start(185)) - 3692e321-28cf-4ad2-847a-fd8bc9cae3de@group-ADB05F41B49C: start as a follower, conf=-1: [3692e321-28cf-4ad2-847a-fd8bc9cae3de:192.168.164.207:41796], old=null
2019-09-25 06:38:42,217 [pool-137-thread-1] INFO  impl.RaftServerImpl (RaftServerImpl.java:setRole(174)) - 3692e321-28cf-4ad2-847a-fd8bc9cae3de@group-ADB05F41B49C: changes role from      null to FOLLOWER at term 0 for startAsFollower
2019-09-25 06:38:42,217 [pool-137-thread-1] INFO  impl.RoleInfo (RoleInfo.java:updateAndGet(143)) - 3692e321-28cf-4ad2-847a-fd8bc9cae3de: start FollowerState
2019-09-25 06:38:42,217 [pool-137-thread-1] INFO  util.JmxRegister (JmxRegister.java:tryRegister(44)) - Successfully registered JMX Bean with object name Ratis:service=RaftServer,group=group-ADB05F41B49C,id=3692e321-28cf-4ad2-847a-fd8bc9cae3de
2019-09-25 06:38:42,220 [Thread-467] INFO  ozone.MiniOzoneClusterImpl (MiniOzoneClusterImpl.java:lambda$waitForClusterToBeReady$0(147)) - Cluster is ready. Got 3 of 3 DN Heartbeats.
2019-09-25 06:38:42,221 [RatisPipelineUtilsThread] INFO  pipeline.PipelineStateManager (PipelineStateManager.java:addPipeline(56)) - Created pipeline Pipeline[ Id: a9a7ce91-f3a8-47b4-b6f4-adb05f41b49c, Nodes: 3692e321-28cf-4ad2-847a-fd8bc9cae3de{ip: 192.168.164.207, host: pr-hdds-1569-s44lr-3492059363, networkLocation: /default-rack, certSerialId: null}, Type:RATIS, Factor:ONE, State:OPEN]
2019-09-25 06:38:42,231 [grpc-default-executor-0] INFO  impl.RaftServerProxy (RaftServerProxy.java:addNew(89)) - 3692e321-28cf-4ad2-847a-fd8bc9cae3de: addNew group-7D498445C19F:[3692e321-28cf-4ad2-847a-fd8bc9cae3de:192.168.164.207:41796] returns group-7D498445C19F:java.util.concurrent.CompletableFuture@10c38f1[Not completed]
2019-09-25 06:38:42,237 [pool-137-thread-1] INFO  impl.RaftServerImpl (RaftServerImpl.java:<init>(95)) - 3692e321-28cf-4ad2-847a-fd8bc9cae3de: new RaftServerImpl for group-7D498445C19F:[3692e321-28cf-4ad2-847a-fd8bc9cae3de:192.168.164.207:41796] with ContainerStateMachine:uninitialized
2019-09-25 06:38:42,238 [pool-137-thread-1] INFO  server.RaftServerConfigKeys (ConfUtils.java:logGet(43)) - raft.server.rpc.timeout.min = 5s (custom)
2019-09-25 06:38:42,238 [pool-137-thread-1] INFO  server.RaftServerConfigKeys (ConfUtils.java:logGet(43)) - raft.server.rpc.timeout.max = 5200ms (custom)
2019-09-25 06:38:42,238 [pool-137-thread-1] INFO  server.RaftServerConfigKeys (ConfUtils.java:logGet(43)) - raft.server.rpcslowness.timeout = 120s (custom)
2019-09-25 06:38:42,238 [pool-137-thread-1] INFO  server.RaftServerConfigKeys (ConfUtils.java:logGet(43)) - raft.server.sleep.deviation.threshold = 300 (default)
2019-09-25 06:38:42,238 [pool-137-thread-1] INFO  server.RaftServerConfigKeys (ConfUtils.java:logGet(43)) - raft.server.log.appender.install.snapshot.enabled = false (custom)
2019-09-25 06:38:42,238 [pool-137-thread-1] INFO  impl.RaftServerImpl (ServerState.java:<init>(103)) - 3692e321-28cf-4ad2-847a-fd8bc9cae3de@group-7D498445C19F: ConfigurationManager, init=-1: [3692e321-28cf-4ad2-847a-fd8bc9cae3de:192.168.164.207:41796], old=null, confs=<EMPTY_MAP>
2019-09-25 06:38:42,238 [pool-137-thread-1] INFO  server.RaftServerConfigKeys (ConfUtils.java:logGet(43)) - raft.server.storage.dir = [/workdir/hadoop-ozone/ozonefs/target/test-dir/MiniOzoneClusterImpl-5b9a47a0-6db3-42b5-bb6d-2e43fb53942c/datanode-1/data/ratis] (custom)
2019-09-25 06:38:42,238 [pool-137-thread-1] INFO  storage.RaftStorageDirectory (RaftStorageDirectory.java:analyzeStorage(246)) - The storage directory /workdir/hadoop-ozone/ozonefs/target/test-dir/MiniOzoneClusterImpl-5b9a47a0-6db3-42b5-bb6d-2e43fb53942c/datanode-1/data/ratis/2640e207-23d3-40d1-815c-7d498445c19f does not exist. Creating ...
2019-09-25 06:38:42,252 [pool-137-thread-1] INFO  storage.RaftStorageDirectory (RaftStorageDirectory.java:tryLock(328)) - Lock on /workdir/hadoop-ozone/ozonefs/target/test-dir/MiniOzoneClusterImpl-5b9a47a0-6db3-42b5-bb6d-2e43fb53942c/datanode-1/data/ratis/2640e207-23d3-40d1-815c-7d498445c19f/in_use.lock acquired by nodename 12697@pr-hdds-1569-s44lr-3492059363
2019-09-25 06:38:42,256 [Thread-467] INFO  rpc.RpcClient (RpcClient.java:createVolume(276)) - Creating Volume: volume58886, with user90283 as owner.
2019-09-25 06:38:42,258 [IPC Server handler 2 on 44037] INFO  volume.OMVolumeCreateRequest (OMVolumeCreateRequest.java:validateAndUpdateCache(189)) - created volume:volume58886 for user:user90283
2019-09-25 06:38:42,265 [Thread-467] INFO  rpc.RpcClient (RpcClient.java:createBucket(415)) - Creating Bucket: volume58886/bucket71124, with Versioning false and Storage Type set to DISK and Encryption set to false 
2019-09-25 06:38:42,268 [pool-137-thread-1] INFO  storage.RaftStorage (RaftStorage.java:format(72)) - Storage directory /workdir/hadoop-ozone/ozonefs/target/test-dir/MiniOzoneClusterImpl-5b9a47a0-6db3-42b5-bb6d-2e43fb53942c/datanode-1/data/ratis/2640e207-23d3-40d1-815c-7d498445c19f has been successfully formatted.
2019-09-25 06:38:42,269 [pool-137-thread-1] INFO  ratis.ContainerStateMachine (ContainerStateMachine.java:loadSnapshot(230)) - group-7D498445C19F: The snapshot info is null. Setting the last applied indexto:(t:0, i:~)
2019-09-25 06:38:42,269 [pool-137-thread-1] INFO  server.RaftServerConfigKeys (ConfUtils.java:logGet(43)) - raft.server.notification.no-leader.timeout = 120s (custom)
2019-09-25 06:38:42,269 [pool-137-thread-1] INFO  server.RaftServerConfigKeys (ConfUtils.java:logGet(43)) - raft.server.log.use.memory = false (default)
2019-09-25 06:38:42,269 [pool-137-thread-1] INFO  server.RaftServerConfigKeys (ConfUtils.java:logGet(43)) - raft.server.log.purge.gap = 1000000 (custom)
2019-09-25 06:38:42,269 [pool-137-thread-1] INFO  server.RaftServerConfigKeys (ConfUtils.java:logGet(43)) - raft.server.log.appender.buffer.byte-limit = 33554432 (custom)
2019-09-25 06:38:42,269 [pool-137-thread-1] INFO  server.RaftServerConfigKeys (ConfUtils.java:logGet(43)) - raft.server.log.segment.size.max = 1048576 (custom)
2019-09-25 06:38:42,269 [pool-137-thread-1] INFO  server.RaftServerConfigKeys (ConfUtils.java:logGet(43)) - raft.server.log.segment.cache.num.max = 2 (custom)
2019-09-25 06:38:42,269 [pool-137-thread-1] INFO  segmented.SegmentedRaftLogWorker (SegmentedRaftLogWorker.java:<init>(172)) - new 3692e321-28cf-4ad2-847a-fd8bc9cae3de@group-7D498445C19F-SegmentedRaftLogWorker for RaftStorage:Storage Directory /workdir/hadoop-ozone/ozonefs/target/test-dir/MiniOzoneClusterImpl-5b9a47a0-6db3-42b5-bb6d-2e43fb53942c/datanode-1/data/ratis/2640e207-23d3-40d1-815c-7d498445c19f
2019-09-25 06:38:42,270 [pool-137-thread-1] INFO  server.RaftServerConfigKeys (ConfUtils.java:logGet(43)) - raft.server.log.queue.byte-limit = 2147483647 (custom)
2019-09-25 06:38:42,270 [pool-137-thread-1] INFO  server.RaftServerConfigKeys (ConfUtils.java:logGet(43)) - raft.server.log.queue.element-limit = 1024 (custom)
2019-09-25 06:38:42,270 [pool-137-thread-1] INFO  server.RaftServerConfigKeys (ConfUtils.java:logGet(43)) - raft.server.log.segment.size.max = 1048576 (custom)
2019-09-25 06:38:42,270 [pool-137-thread-1] INFO  server.RaftServerConfigKeys (ConfUtils.java:logGet(43)) - raft.server.log.preallocated.size = 16384 (custom)
2019-09-25 06:38:42,270 [pool-137-thread-1] INFO  server.RaftServerConfigKeys (ConfUtils.java:logGet(43)) - raft.server.log.write.buffer.size = 33554432 (custom)
2019-09-25 06:38:42,270 [pool-137-thread-1] INFO  server.RaftServerConfigKeys (ConfUtils.java:logGet(43)) - raft.server.log.force.sync.num = 128 (default)
2019-09-25 06:38:42,270 [pool-137-thread-1] INFO  server.RaftServerConfigKeys (ConfUtils.java:logGet(43)) - raft.server.log.statemachine.data.sync = true (default)
2019-09-25 06:38:42,270 [pool-137-thread-1] INFO  server.RaftServerConfigKeys (ConfUtils.java:logGet(43)) - raft.server.log.statemachine.data.sync.timeout = 10s (default)
2019-09-25 06:38:42,271 [pool-137-thread-1] INFO  server.RaftServerConfigKeys (ConfUtils.java:logGet(43)) - raft.server.log.statemachine.data.sync.timeout.retry = -1 (default)
2019-09-25 06:38:42,271 [pool-137-thread-1] INFO  server.RaftServerConfigKeys (ConfUtils.java:logGet(43)) - raft.server.log.statemachine.data.caching.enabled = true (custom)
2019-09-25 06:38:42,271 [pool-137-thread-1] INFO  segmented.SegmentedRaftLogWorker (SegmentedRaftLogWorker.java:lambda$new$0(132)) - 3692e321-28cf-4ad2-847a-fd8bc9cae3de@group-7D498445C19F-SegmentedRaftLogWorker: flushIndex: setUnconditionally 0 -> -1
2019-09-25 06:38:42,271 [pool-137-thread-1] INFO  server.RaftServerConfigKeys (ConfUtils.java:logGet(43)) - raft.server.snapshot.auto.trigger.enabled = true (custom)
2019-09-25 06:38:42,272 [pool-137-thread-1] INFO  server.RaftServerConfigKeys (ConfUtils.java:logGet(43)) - raft.server.snapshot.auto.trigger.threshold = 10000 (custom)
2019-09-25 06:38:42,272 [pool-137-thread-1] INFO  server.RaftServerConfigKeys (ConfUtils.java:logGet(43)) - raft.server.snapshot.retention.num.files = 5 (custom)
2019-09-25 06:38:42,272 [pool-137-thread-1] INFO  server.RaftServerConfigKeys (ConfUtils.java:logGet(43)) - raft.server.retrycache.expirytime = 600000ms (custom)
2019-09-25 06:38:42,274 [pool-137-thread-1] INFO  impl.RaftServerImpl (RaftServerImpl.java:start(185)) - 3692e321-28cf-4ad2-847a-fd8bc9cae3de@group-7D498445C19F: start as a follower, conf=-1: [3692e321-28cf-4ad2-847a-fd8bc9cae3de:192.168.164.207:41796], old=null
2019-09-25 06:38:42,274 [pool-137-thread-1] INFO  impl.RaftServerImpl (RaftServerImpl.java:setRole(174)) - 3692e321-28cf-4ad2-847a-fd8bc9cae3de@group-7D498445C19F: changes role from      null to FOLLOWER at term 0 for startAsFollower
2019-09-25 06:38:42,275 [pool-137-thread-1] INFO  impl.RoleInfo (RoleInfo.java:updateAndGet(143)) - 3692e321-28cf-4ad2-847a-fd8bc9cae3de: start FollowerState
2019-09-25 06:38:42,275 [pool-137-thread-1] INFO  util.JmxRegister (JmxRegister.java:tryRegister(44)) - Successfully registered JMX Bean with object name Ratis:service=RaftServer,group=group-7D498445C19F,id=3692e321-28cf-4ad2-847a-fd8bc9cae3de
2019-09-25 06:38:42,280 [RatisPipelineUtilsThread] INFO  pipeline.PipelineStateManager (PipelineStateManager.java:addPipeline(56)) - Created pipeline Pipeline[ Id: 2640e207-23d3-40d1-815c-7d498445c19f, Nodes: 3692e321-28cf-4ad2-847a-fd8bc9cae3de{ip: 192.168.164.207, host: pr-hdds-1569-s44lr-3492059363, networkLocation: /default-rack, certSerialId: null}, Type:RATIS, Factor:ONE, State:OPEN]
2019-09-25 06:38:42,286 [grpc-default-executor-0] INFO  impl.RaftServerProxy (RaftServerProxy.java:addNew(89)) - 7111b28f-28aa-49dc-8a4f-35994c763fc3: addNew group-FC405F4B275A:[7111b28f-28aa-49dc-8a4f-35994c763fc3:192.168.164.207:40967] returns group-FC405F4B275A:java.util.concurrent.CompletableFuture@1706c647[Not completed]
2019-09-25 06:38:42,288 [pool-127-thread-1] INFO  impl.RaftServerImpl (RaftServerImpl.java:<init>(95)) - 7111b28f-28aa-49dc-8a4f-35994c763fc3: new RaftServerImpl for group-FC405F4B275A:[7111b28f-28aa-49dc-8a4f-35994c763fc3:192.168.164.207:40967] with ContainerStateMachine:uninitialized
2019-09-25 06:38:42,288 [pool-127-thread-1] INFO  server.RaftServerConfigKeys (ConfUtils.java:logGet(43)) - raft.server.rpc.timeout.min = 5s (custom)
2019-09-25 06:38:42,288 [pool-127-thread-1] INFO  server.RaftServerConfigKeys (ConfUtils.java:logGet(43)) - raft.server.rpc.timeout.max = 5200ms (custom)
2019-09-25 06:38:42,289 [pool-127-thread-1] INFO  server.RaftServerConfigKeys (ConfUtils.java:logGet(43)) - raft.server.rpcslowness.timeout = 120s (custom)
2019-09-25 06:38:42,289 [pool-127-thread-1] INFO  server.RaftServerConfigKeys (ConfUtils.java:logGet(43)) - raft.server.sleep.deviation.threshold = 300 (default)
2019-09-25 06:38:42,289 [pool-127-thread-1] INFO  server.RaftServerConfigKeys (ConfUtils.java:logGet(43)) - raft.server.log.appender.install.snapshot.enabled = false (custom)
2019-09-25 06:38:42,289 [pool-127-thread-1] INFO  impl.RaftServerImpl (ServerState.java:<init>(103)) - 7111b28f-28aa-49dc-8a4f-35994c763fc3@group-FC405F4B275A: ConfigurationManager, init=-1: [7111b28f-28aa-49dc-8a4f-35994c763fc3:192.168.164.207:40967], old=null, confs=<EMPTY_MAP>
2019-09-25 06:38:42,289 [pool-127-thread-1] INFO  server.RaftServerConfigKeys (ConfUtils.java:logGet(43)) - raft.server.storage.dir = [/workdir/hadoop-ozone/ozonefs/target/test-dir/MiniOzoneClusterImpl-5b9a47a0-6db3-42b5-bb6d-2e43fb53942c/datanode-0/data/ratis] (custom)
2019-09-25 06:38:42,290 [pool-127-thread-1] INFO  storage.RaftStorageDirectory (RaftStorageDirectory.java:analyzeStorage(246)) - The storage directory /workdir/hadoop-ozone/ozonefs/target/test-dir/MiniOzoneClusterImpl-5b9a47a0-6db3-42b5-bb6d-2e43fb53942c/datanode-0/data/ratis/06254b0b-8c65-4643-95e3-fc405f4b275a does not exist. Creating ...
2019-09-25 06:38:42,305 [pool-127-thread-1] INFO  storage.RaftStorageDirectory (RaftStorageDirectory.java:tryLock(328)) - Lock on /workdir/hadoop-ozone/ozonefs/target/test-dir/MiniOzoneClusterImpl-5b9a47a0-6db3-42b5-bb6d-2e43fb53942c/datanode-0/data/ratis/06254b0b-8c65-4643-95e3-fc405f4b275a/in_use.lock acquired by nodename 12697@pr-hdds-1569-s44lr-3492059363
2019-09-25 06:38:42,318 [pool-127-thread-1] INFO  storage.RaftStorage (RaftStorage.java:format(72)) - Storage directory /workdir/hadoop-ozone/ozonefs/target/test-dir/MiniOzoneClusterImpl-5b9a47a0-6db3-42b5-bb6d-2e43fb53942c/datanode-0/data/ratis/06254b0b-8c65-4643-95e3-fc405f4b275a has been successfully formatted.
2019-09-25 06:38:42,319 [pool-127-thread-1] INFO  ratis.ContainerStateMachine (ContainerStateMachine.java:loadSnapshot(230)) - group-FC405F4B275A: The snapshot info is null. Setting the last applied indexto:(t:0, i:~)
2019-09-25 06:38:42,319 [pool-127-thread-1] INFO  server.RaftServerConfigKeys (ConfUtils.java:logGet(43)) - raft.server.notification.no-leader.timeout = 120s (custom)
2019-09-25 06:38:42,319 [pool-127-thread-1] INFO  server.RaftServerConfigKeys (ConfUtils.java:logGet(43)) - raft.server.log.use.memory = false (default)
2019-09-25 06:38:42,319 [pool-127-thread-1] INFO  server.RaftServerConfigKeys (ConfUtils.java:logGet(43)) - raft.server.log.purge.gap = 1000000 (custom)
2019-09-25 06:38:42,319 [pool-127-thread-1] INFO  server.RaftServerConfigKeys (ConfUtils.java:logGet(43)) - raft.server.log.appender.buffer.byte-limit = 33554432 (custom)
2019-09-25 06:38:42,320 [pool-127-thread-1] INFO  server.RaftServerConfigKeys (ConfUtils.java:logGet(43)) - raft.server.log.segment.size.max = 1048576 (custom)
2019-09-25 06:38:42,320 [pool-127-thread-1] INFO  server.RaftServerConfigKeys (ConfUtils.java:logGet(43)) - raft.server.log.segment.cache.num.max = 2 (custom)
2019-09-25 06:38:42,320 [pool-127-thread-1] INFO  segmented.SegmentedRaftLogWorker (SegmentedRaftLogWorker.java:<init>(172)) - new 7111b28f-28aa-49dc-8a4f-35994c763fc3@group-FC405F4B275A-SegmentedRaftLogWorker for RaftStorage:Storage Directory /workdir/hadoop-ozone/ozonefs/target/test-dir/MiniOzoneClusterImpl-5b9a47a0-6db3-42b5-bb6d-2e43fb53942c/datanode-0/data/ratis/06254b0b-8c65-4643-95e3-fc405f4b275a
2019-09-25 06:38:42,320 [pool-127-thread-1] INFO  server.RaftServerConfigKeys (ConfUtils.java:logGet(43)) - raft.server.log.queue.byte-limit = 2147483647 (custom)
2019-09-25 06:38:42,320 [pool-127-thread-1] INFO  server.RaftServerConfigKeys (ConfUtils.java:logGet(43)) - raft.server.log.queue.element-limit = 1024 (custom)
2019-09-25 06:38:42,320 [pool-127-thread-1] INFO  server.RaftServerConfigKeys (ConfUtils.java:logGet(43)) - raft.server.log.segment.size.max = 1048576 (custom)
2019-09-25 06:38:42,321 [pool-127-thread-1] INFO  server.RaftServerConfigKeys (ConfUtils.java:logGet(43)) - raft.server.log.preallocated.size = 16384 (custom)
2019-09-25 06:38:42,321 [pool-127-thread-1] INFO  server.RaftServerConfigKeys (ConfUtils.java:logGet(43)) - raft.server.log.write.buffer.size = 33554432 (custom)
2019-09-25 06:38:42,321 [pool-127-thread-1] INFO  server.RaftServerConfigKeys (ConfUtils.java:logGet(43)) - raft.server.log.force.sync.num = 128 (default)
2019-09-25 06:38:42,321 [pool-127-thread-1] INFO  server.RaftServerConfigKeys (ConfUtils.java:logGet(43)) - raft.server.log.statemachine.data.sync = true (default)
2019-09-25 06:38:42,321 [pool-127-thread-1] INFO  server.RaftServerConfigKeys (ConfUtils.java:logGet(43)) - raft.server.log.statemachine.data.sync.timeout = 10s (default)
2019-09-25 06:38:42,322 [pool-127-thread-1] INFO  server.RaftServerConfigKeys (ConfUtils.java:logGet(43)) - raft.server.log.statemachine.data.sync.timeout.retry = -1 (default)
2019-09-25 06:38:42,322 [pool-127-thread-1] INFO  server.RaftServerConfigKeys (ConfUtils.java:logGet(43)) - raft.server.log.statemachine.data.caching.enabled = true (custom)
2019-09-25 06:38:42,322 [pool-127-thread-1] INFO  segmented.SegmentedRaftLogWorker (SegmentedRaftLogWorker.java:lambda$new$0(132)) - 7111b28f-28aa-49dc-8a4f-35994c763fc3@group-FC405F4B275A-SegmentedRaftLogWorker: flushIndex: setUnconditionally 0 -> -1
2019-09-25 06:38:42,322 [pool-127-thread-1] INFO  server.RaftServerConfigKeys (ConfUtils.java:logGet(43)) - raft.server.snapshot.auto.trigger.enabled = true (custom)
2019-09-25 06:38:42,323 [pool-127-thread-1] INFO  server.RaftServerConfigKeys (ConfUtils.java:logGet(43)) - raft.server.snapshot.auto.trigger.threshold = 10000 (custom)
2019-09-25 06:38:42,323 [pool-127-thread-1] INFO  server.RaftServerConfigKeys (ConfUtils.java:logGet(43)) - raft.server.snapshot.retention.num.files = 5 (custom)
2019-09-25 06:38:42,323 [pool-127-thread-1] INFO  server.RaftServerConfigKeys (ConfUtils.java:logGet(43)) - raft.server.retrycache.expirytime = 600000ms (custom)
2019-09-25 06:38:42,327 [pool-127-thread-1] INFO  impl.RaftServerImpl (RaftServerImpl.java:start(185)) - 7111b28f-28aa-49dc-8a4f-35994c763fc3@group-FC405F4B275A: start as a follower, conf=-1: [7111b28f-28aa-49dc-8a4f-35994c763fc3:192.168.164.207:40967], old=null
2019-09-25 06:38:42,327 [pool-127-thread-1] INFO  impl.RaftServerImpl (RaftServerImpl.java:setRole(174)) - 7111b28f-28aa-49dc-8a4f-35994c763fc3@group-FC405F4B275A: changes role from      null to FOLLOWER at term 0 for startAsFollower
2019-09-25 06:38:42,328 [pool-127-thread-1] INFO  impl.RoleInfo (RoleInfo.java:updateAndGet(143)) - 7111b28f-28aa-49dc-8a4f-35994c763fc3: start FollowerState
2019-09-25 06:38:42,332 [pool-127-thread-1] INFO  util.JmxRegister (JmxRegister.java:tryRegister(44)) - Successfully registered JMX Bean with object name Ratis:service=RaftServer,group=group-FC405F4B275A,id=7111b28f-28aa-49dc-8a4f-35994c763fc3
2019-09-25 06:38:42,336 [RatisPipelineUtilsThread] INFO  pipeline.PipelineStateManager (PipelineStateManager.java:addPipeline(56)) - Created pipeline Pipeline[ Id: 06254b0b-8c65-4643-95e3-fc405f4b275a, Nodes: 7111b28f-28aa-49dc-8a4f-35994c763fc3{ip: 192.168.164.207, host: pr-hdds-1569-s44lr-3492059363, networkLocation: /default-rack, certSerialId: null}, Type:RATIS, Factor:ONE, State:OPEN]
2019-09-25 06:38:42,336 [RatisPipelineUtilsThread] INFO  pipeline.PipelinePlacementPolicy (PipelinePlacementPolicy.java:meetCriteria(91)) - Pipeline Placement: can't place more pipeline on heavy datanode： 7111b28f-28aa-49dc-8a4f-35994c763fc3 Heaviness: 6 limit: 5
2019-09-25 06:38:42,343 [grpc-default-executor-0] INFO  impl.RaftServerProxy (RaftServerProxy.java:addNew(89)) - 1aac8648-70e0-4fd8-b5e1-5d1a6693feb1: addNew group-3E2DF188C755:[1aac8648-70e0-4fd8-b5e1-5d1a6693feb1:192.168.164.207:46163] returns group-3E2DF188C755:java.util.concurrent.CompletableFuture@77123f67[Not completed]
2019-09-25 06:38:42,345 [pool-147-thread-1] INFO  impl.RaftServerImpl (RaftServerImpl.java:<init>(95)) - 1aac8648-70e0-4fd8-b5e1-5d1a6693feb1: new RaftServerImpl for group-3E2DF188C755:[1aac8648-70e0-4fd8-b5e1-5d1a6693feb1:192.168.164.207:46163] with ContainerStateMachine:uninitialized
2019-09-25 06:38:42,346 [pool-147-thread-1] INFO  server.RaftServerConfigKeys (ConfUtils.java:logGet(43)) - raft.server.rpc.timeout.min = 5s (custom)
2019-09-25 06:38:42,346 [pool-147-thread-1] INFO  server.RaftServerConfigKeys (ConfUtils.java:logGet(43)) - raft.server.rpc.timeout.max = 5200ms (custom)
2019-09-25 06:38:42,346 [pool-147-thread-1] INFO  server.RaftServerConfigKeys (ConfUtils.java:logGet(43)) - raft.server.rpcslowness.timeout = 120s (custom)
2019-09-25 06:38:42,346 [pool-147-thread-1] INFO  server.RaftServerConfigKeys (ConfUtils.java:logGet(43)) - raft.server.sleep.deviation.threshold = 300 (default)
2019-09-25 06:38:42,346 [pool-147-thread-1] INFO  server.RaftServerConfigKeys (ConfUtils.java:logGet(43)) - raft.server.log.appender.install.snapshot.enabled = false (custom)
2019-09-25 06:38:42,346 [pool-147-thread-1] INFO  impl.RaftServerImpl (ServerState.java:<init>(103)) - 1aac8648-70e0-4fd8-b5e1-5d1a6693feb1@group-3E2DF188C755: ConfigurationManager, init=-1: [1aac8648-70e0-4fd8-b5e1-5d1a6693feb1:192.168.164.207:46163], old=null, confs=<EMPTY_MAP>
2019-09-25 06:38:42,346 [pool-147-thread-1] INFO  server.RaftServerConfigKeys (ConfUtils.java:logGet(43)) - raft.server.storage.dir = [/workdir/hadoop-ozone/ozonefs/target/test-dir/MiniOzoneClusterImpl-5b9a47a0-6db3-42b5-bb6d-2e43fb53942c/datanode-2/data/ratis] (custom)
2019-09-25 06:38:42,347 [pool-147-thread-1] INFO  storage.RaftStorageDirectory (RaftStorageDirectory.java:analyzeStorage(246)) - The storage directory /workdir/hadoop-ozone/ozonefs/target/test-dir/MiniOzoneClusterImpl-5b9a47a0-6db3-42b5-bb6d-2e43fb53942c/datanode-2/data/ratis/95227a2c-ec03-48d6-8909-3e2df188c755 does not exist. Creating ...
2019-09-25 06:38:42,360 [pool-147-thread-1] INFO  storage.RaftStorageDirectory (RaftStorageDirectory.java:tryLock(328)) - Lock on /workdir/hadoop-ozone/ozonefs/target/test-dir/MiniOzoneClusterImpl-5b9a47a0-6db3-42b5-bb6d-2e43fb53942c/datanode-2/data/ratis/95227a2c-ec03-48d6-8909-3e2df188c755/in_use.lock acquired by nodename 12697@pr-hdds-1569-s44lr-3492059363
2019-09-25 06:38:42,373 [pool-147-thread-1] INFO  storage.RaftStorage (RaftStorage.java:format(72)) - Storage directory /workdir/hadoop-ozone/ozonefs/target/test-dir/MiniOzoneClusterImpl-5b9a47a0-6db3-42b5-bb6d-2e43fb53942c/datanode-2/data/ratis/95227a2c-ec03-48d6-8909-3e2df188c755 has been successfully formatted.
2019-09-25 06:38:42,373 [pool-147-thread-1] INFO  ratis.ContainerStateMachine (ContainerStateMachine.java:loadSnapshot(230)) - group-3E2DF188C755: The snapshot info is null. Setting the last applied indexto:(t:0, i:~)
2019-09-25 06:38:42,373 [pool-147-thread-1] INFO  server.RaftServerConfigKeys (ConfUtils.java:logGet(43)) - raft.server.notification.no-leader.timeout = 120s (custom)
2019-09-25 06:38:42,373 [pool-147-thread-1] INFO  server.RaftServerConfigKeys (ConfUtils.java:logGet(43)) - raft.server.log.use.memory = false (default)
2019-09-25 06:38:42,373 [pool-147-thread-1] INFO  server.RaftServerConfigKeys (ConfUtils.java:logGet(43)) - raft.server.log.purge.gap = 1000000 (custom)
2019-09-25 06:38:42,373 [pool-147-thread-1] INFO  server.RaftServerConfigKeys (ConfUtils.java:logGet(43)) - raft.server.log.appender.buffer.byte-limit = 33554432 (custom)
2019-09-25 06:38:42,373 [pool-147-thread-1] INFO  server.RaftServerConfigKeys (ConfUtils.java:logGet(43)) - raft.server.log.segment.size.max = 1048576 (custom)
2019-09-25 06:38:42,373 [pool-147-thread-1] INFO  server.RaftServerConfigKeys (ConfUtils.java:logGet(43)) - raft.server.log.segment.cache.num.max = 2 (custom)
2019-09-25 06:38:42,374 [pool-147-thread-1] INFO  segmented.SegmentedRaftLogWorker (SegmentedRaftLogWorker.java:<init>(172)) - new 1aac8648-70e0-4fd8-b5e1-5d1a6693feb1@group-3E2DF188C755-SegmentedRaftLogWorker for RaftStorage:Storage Directory /workdir/hadoop-ozone/ozonefs/target/test-dir/MiniOzoneClusterImpl-5b9a47a0-6db3-42b5-bb6d-2e43fb53942c/datanode-2/data/ratis/95227a2c-ec03-48d6-8909-3e2df188c755
2019-09-25 06:38:42,375 [pool-147-thread-1] INFO  server.RaftServerConfigKeys (ConfUtils.java:logGet(43)) - raft.server.log.queue.byte-limit = 2147483647 (custom)
2019-09-25 06:38:42,375 [pool-147-thread-1] INFO  server.RaftServerConfigKeys (ConfUtils.java:logGet(43)) - raft.server.log.queue.element-limit = 1024 (custom)
2019-09-25 06:38:42,375 [pool-147-thread-1] INFO  server.RaftServerConfigKeys (ConfUtils.java:logGet(43)) - raft.server.log.segment.size.max = 1048576 (custom)
2019-09-25 06:38:42,376 [pool-147-thread-1] INFO  server.RaftServerConfigKeys (ConfUtils.java:logGet(43)) - raft.server.log.preallocated.size = 16384 (custom)
2019-09-25 06:38:42,376 [pool-147-thread-1] INFO  server.RaftServerConfigKeys (ConfUtils.java:logGet(43)) - raft.server.log.write.buffer.size = 33554432 (custom)
2019-09-25 06:38:42,376 [pool-147-thread-1] INFO  server.RaftServerConfigKeys (ConfUtils.java:logGet(43)) - raft.server.log.force.sync.num = 128 (default)
2019-09-25 06:38:42,376 [pool-147-thread-1] INFO  server.RaftServerConfigKeys (ConfUtils.java:logGet(43)) - raft.server.log.statemachine.data.sync = true (default)
2019-09-25 06:38:42,376 [pool-147-thread-1] INFO  server.RaftServerConfigKeys (ConfUtils.java:logGet(43)) - raft.server.log.statemachine.data.sync.timeout = 10s (default)
2019-09-25 06:38:42,376 [pool-147-thread-1] INFO  server.RaftServerConfigKeys (ConfUtils.java:logGet(43)) - raft.server.log.statemachine.data.sync.timeout.retry = -1 (default)
2019-09-25 06:38:42,376 [pool-147-thread-1] INFO  server.RaftServerConfigKeys (ConfUtils.java:logGet(43)) - raft.server.log.statemachine.data.caching.enabled = true (custom)
2019-09-25 06:38:42,376 [pool-147-thread-1] INFO  segmented.SegmentedRaftLogWorker (SegmentedRaftLogWorker.java:lambda$new$0(132)) - 1aac8648-70e0-4fd8-b5e1-5d1a6693feb1@group-3E2DF188C755-SegmentedRaftLogWorker: flushIndex: setUnconditionally 0 -> -1
2019-09-25 06:38:42,377 [pool-147-thread-1] INFO  server.RaftServerConfigKeys (ConfUtils.java:logGet(43)) - raft.server.snapshot.auto.trigger.enabled = true (custom)
2019-09-25 06:38:42,377 [pool-147-thread-1] INFO  server.RaftServerConfigKeys (ConfUtils.java:logGet(43)) - raft.server.snapshot.auto.trigger.threshold = 10000 (custom)
2019-09-25 06:38:42,377 [pool-147-thread-1] INFO  server.RaftServerConfigKeys (ConfUtils.java:logGet(43)) - raft.server.snapshot.retention.num.files = 5 (custom)
2019-09-25 06:38:42,377 [pool-147-thread-1] INFO  server.RaftServerConfigKeys (ConfUtils.java:logGet(43)) - raft.server.retrycache.expirytime = 600000ms (custom)
2019-09-25 06:38:42,378 [pool-147-thread-1] INFO  impl.RaftServerImpl (RaftServerImpl.java:start(185)) - 1aac8648-70e0-4fd8-b5e1-5d1a6693feb1@group-3E2DF188C755: start as a follower, conf=-1: [1aac8648-70e0-4fd8-b5e1-5d1a6693feb1:192.168.164.207:46163], old=null
2019-09-25 06:38:42,379 [pool-147-thread-1] INFO  impl.RaftServerImpl (RaftServerImpl.java:setRole(174)) - 1aac8648-70e0-4fd8-b5e1-5d1a6693feb1@group-3E2DF188C755: changes role from      null to FOLLOWER at term 0 for startAsFollower
2019-09-25 06:38:42,379 [pool-147-thread-1] INFO  impl.RoleInfo (RoleInfo.java:updateAndGet(143)) - 1aac8648-70e0-4fd8-b5e1-5d1a6693feb1: start FollowerState
2019-09-25 06:38:42,379 [pool-147-thread-1] INFO  util.JmxRegister (JmxRegister.java:tryRegister(44)) - Successfully registered JMX Bean with object name Ratis:service=RaftServer,group=group-3E2DF188C755,id=1aac8648-70e0-4fd8-b5e1-5d1a6693feb1
2019-09-25 06:38:42,383 [RatisPipelineUtilsThread] INFO  pipeline.PipelineStateManager (PipelineStateManager.java:addPipeline(56)) - Created pipeline Pipeline[ Id: 95227a2c-ec03-48d6-8909-3e2df188c755, Nodes: 1aac8648-70e0-4fd8-b5e1-5d1a6693feb1{ip: 192.168.164.207, host: pr-hdds-1569-s44lr-3492059363, networkLocation: /default-rack, certSerialId: null}, Type:RATIS, Factor:ONE, State:OPEN]
2019-09-25 06:38:42,383 [RatisPipelineUtilsThread] INFO  pipeline.PipelinePlacementPolicy (PipelinePlacementPolicy.java:meetCriteria(91)) - Pipeline Placement: can't place more pipeline on heavy datanode： 7111b28f-28aa-49dc-8a4f-35994c763fc3 Heaviness: 6 limit: 5
2019-09-25 06:38:42,390 [grpc-default-executor-0] INFO  impl.RaftServerProxy (RaftServerProxy.java:addNew(89)) - 1aac8648-70e0-4fd8-b5e1-5d1a6693feb1: addNew group-3CFC3F61617F:[1aac8648-70e0-4fd8-b5e1-5d1a6693feb1:192.168.164.207:46163] returns group-3CFC3F61617F:java.util.concurrent.CompletableFuture@c4f2f05[Not completed]
2019-09-25 06:38:42,391 [pool-147-thread-1] INFO  impl.RaftServerImpl (RaftServerImpl.java:<init>(95)) - 1aac8648-70e0-4fd8-b5e1-5d1a6693feb1: new RaftServerImpl for group-3CFC3F61617F:[1aac8648-70e0-4fd8-b5e1-5d1a6693feb1:192.168.164.207:46163] with ContainerStateMachine:uninitialized
2019-09-25 06:38:42,391 [pool-147-thread-1] INFO  server.RaftServerConfigKeys (ConfUtils.java:logGet(43)) - raft.server.rpc.timeout.min = 5s (custom)
2019-09-25 06:38:42,391 [pool-147-thread-1] INFO  server.RaftServerConfigKeys (ConfUtils.java:logGet(43)) - raft.server.rpc.timeout.max = 5200ms (custom)
2019-09-25 06:38:42,391 [pool-147-thread-1] INFO  server.RaftServerConfigKeys (ConfUtils.java:logGet(43)) - raft.server.rpcslowness.timeout = 120s (custom)
2019-09-25 06:38:42,391 [pool-147-thread-1] INFO  server.RaftServerConfigKeys (ConfUtils.java:logGet(43)) - raft.server.sleep.deviation.threshold = 300 (default)
2019-09-25 06:38:42,392 [pool-147-thread-1] INFO  server.RaftServerConfigKeys (ConfUtils.java:logGet(43)) - raft.server.log.appender.install.snapshot.enabled = false (custom)
2019-09-25 06:38:42,392 [pool-147-thread-1] INFO  impl.RaftServerImpl (ServerState.java:<init>(103)) - 1aac8648-70e0-4fd8-b5e1-5d1a6693feb1@group-3CFC3F61617F: ConfigurationManager, init=-1: [1aac8648-70e0-4fd8-b5e1-5d1a6693feb1:192.168.164.207:46163], old=null, confs=<EMPTY_MAP>
2019-09-25 06:38:42,392 [pool-147-thread-1] INFO  server.RaftServerConfigKeys (ConfUtils.java:logGet(43)) - raft.server.storage.dir = [/workdir/hadoop-ozone/ozonefs/target/test-dir/MiniOzoneClusterImpl-5b9a47a0-6db3-42b5-bb6d-2e43fb53942c/datanode-2/data/ratis] (custom)
2019-09-25 06:38:42,392 [pool-147-thread-1] INFO  storage.RaftStorageDirectory (RaftStorageDirectory.java:analyzeStorage(246)) - The storage directory /workdir/hadoop-ozone/ozonefs/target/test-dir/MiniOzoneClusterImpl-5b9a47a0-6db3-42b5-bb6d-2e43fb53942c/datanode-2/data/ratis/c6632b1b-4ad7-4c13-ac98-3cfc3f61617f does not exist. Creating ...
2019-09-25 06:38:42,405 [pool-147-thread-1] INFO  storage.RaftStorageDirectory (RaftStorageDirectory.java:tryLock(328)) - Lock on /workdir/hadoop-ozone/ozonefs/target/test-dir/MiniOzoneClusterImpl-5b9a47a0-6db3-42b5-bb6d-2e43fb53942c/datanode-2/data/ratis/c6632b1b-4ad7-4c13-ac98-3cfc3f61617f/in_use.lock acquired by nodename 12697@pr-hdds-1569-s44lr-3492059363
2019-09-25 06:38:42,418 [pool-147-thread-1] INFO  storage.RaftStorage (RaftStorage.java:format(72)) - Storage directory /workdir/hadoop-ozone/ozonefs/target/test-dir/MiniOzoneClusterImpl-5b9a47a0-6db3-42b5-bb6d-2e43fb53942c/datanode-2/data/ratis/c6632b1b-4ad7-4c13-ac98-3cfc3f61617f has been successfully formatted.
2019-09-25 06:38:42,418 [pool-147-thread-1] INFO  ratis.ContainerStateMachine (ContainerStateMachine.java:loadSnapshot(230)) - group-3CFC3F61617F: The snapshot info is null. Setting the last applied indexto:(t:0, i:~)
2019-09-25 06:38:42,418 [pool-147-thread-1] INFO  server.RaftServerConfigKeys (ConfUtils.java:logGet(43)) - raft.server.notification.no-leader.timeout = 120s (custom)
2019-09-25 06:38:42,418 [pool-147-thread-1] INFO  server.RaftServerConfigKeys (ConfUtils.java:logGet(43)) - raft.server.log.use.memory = false (default)
2019-09-25 06:38:42,418 [pool-147-thread-1] INFO  server.RaftServerConfigKeys (ConfUtils.java:logGet(43)) - raft.server.log.purge.gap = 1000000 (custom)
2019-09-25 06:38:42,418 [pool-147-thread-1] INFO  server.RaftServerConfigKeys (ConfUtils.java:logGet(43)) - raft.server.log.appender.buffer.byte-limit = 33554432 (custom)
2019-09-25 06:38:42,418 [pool-147-thread-1] INFO  server.RaftServerConfigKeys (ConfUtils.java:logGet(43)) - raft.server.log.segment.size.max = 1048576 (custom)
2019-09-25 06:38:42,419 [pool-147-thread-1] INFO  server.RaftServerConfigKeys (ConfUtils.java:logGet(43)) - raft.server.log.segment.cache.num.max = 2 (custom)
2019-09-25 06:38:42,419 [pool-147-thread-1] INFO  segmented.SegmentedRaftLogWorker (SegmentedRaftLogWorker.java:<init>(172)) - new 1aac8648-70e0-4fd8-b5e1-5d1a6693feb1@group-3CFC3F61617F-SegmentedRaftLogWorker for RaftStorage:Storage Directory /workdir/hadoop-ozone/ozonefs/target/test-dir/MiniOzoneClusterImpl-5b9a47a0-6db3-42b5-bb6d-2e43fb53942c/datanode-2/data/ratis/c6632b1b-4ad7-4c13-ac98-3cfc3f61617f
2019-09-25 06:38:42,419 [pool-147-thread-1] INFO  server.RaftServerConfigKeys (ConfUtils.java:logGet(43)) - raft.server.log.queue.byte-limit = 2147483647 (custom)
2019-09-25 06:38:42,419 [pool-147-thread-1] INFO  server.RaftServerConfigKeys (ConfUtils.java:logGet(43)) - raft.server.log.queue.element-limit = 1024 (custom)
2019-09-25 06:38:42,419 [pool-147-thread-1] INFO  server.RaftServerConfigKeys (ConfUtils.java:logGet(43)) - raft.server.log.segment.size.max = 1048576 (custom)
2019-09-25 06:38:42,419 [pool-147-thread-1] INFO  server.RaftServerConfigKeys (ConfUtils.java:logGet(43)) - raft.server.log.preallocated.size = 16384 (custom)
2019-09-25 06:38:42,419 [pool-147-thread-1] INFO  server.RaftServerConfigKeys (ConfUtils.java:logGet(43)) - raft.server.log.write.buffer.size = 33554432 (custom)
2019-09-25 06:38:42,419 [pool-147-thread-1] INFO  server.RaftServerConfigKeys (ConfUtils.java:logGet(43)) - raft.server.log.force.sync.num = 128 (default)
2019-09-25 06:38:42,419 [pool-147-thread-1] INFO  server.RaftServerConfigKeys (ConfUtils.java:logGet(43)) - raft.server.log.statemachine.data.sync = true (default)
2019-09-25 06:38:42,419 [pool-147-thread-1] INFO  server.RaftServerConfigKeys (ConfUtils.java:logGet(43)) - raft.server.log.statemachine.data.sync.timeout = 10s (default)
2019-09-25 06:38:42,419 [pool-147-thread-1] INFO  server.RaftServerConfigKeys (ConfUtils.java:logGet(43)) - raft.server.log.statemachine.data.sync.timeout.retry = -1 (default)
2019-09-25 06:38:42,420 [pool-147-thread-1] INFO  server.RaftServerConfigKeys (ConfUtils.java:logGet(43)) - raft.server.log.statemachine.data.caching.enabled = true (custom)
2019-09-25 06:38:42,420 [pool-147-thread-1] INFO  segmented.SegmentedRaftLogWorker (SegmentedRaftLogWorker.java:lambda$new$0(132)) - 1aac8648-70e0-4fd8-b5e1-5d1a6693feb1@group-3CFC3F61617F-SegmentedRaftLogWorker: flushIndex: setUnconditionally 0 -> -1
2019-09-25 06:38:42,420 [pool-147-thread-1] INFO  server.RaftServerConfigKeys (ConfUtils.java:logGet(43)) - raft.server.snapshot.auto.trigger.enabled = true (custom)
2019-09-25 06:38:42,420 [pool-147-thread-1] INFO  server.RaftServerConfigKeys (ConfUtils.java:logGet(43)) - raft.server.snapshot.auto.trigger.threshold = 10000 (custom)
2019-09-25 06:38:42,420 [pool-147-thread-1] INFO  server.RaftServerConfigKeys (ConfUtils.java:logGet(43)) - raft.server.snapshot.retention.num.files = 5 (custom)
2019-09-25 06:38:42,420 [pool-147-thread-1] INFO  server.RaftServerConfigKeys (ConfUtils.java:logGet(43)) - raft.server.retrycache.expirytime = 600000ms (custom)
2019-09-25 06:38:42,422 [pool-147-thread-1] INFO  impl.RaftServerImpl (RaftServerImpl.java:start(185)) - 1aac8648-70e0-4fd8-b5e1-5d1a6693feb1@group-3CFC3F61617F: start as a follower, conf=-1: [1aac8648-70e0-4fd8-b5e1-5d1a6693feb1:192.168.164.207:46163], old=null
2019-09-25 06:38:42,422 [pool-147-thread-1] INFO  impl.RaftServerImpl (RaftServerImpl.java:setRole(174)) - 1aac8648-70e0-4fd8-b5e1-5d1a6693feb1@group-3CFC3F61617F: changes role from      null to FOLLOWER at term 0 for startAsFollower
2019-09-25 06:38:42,422 [pool-147-thread-1] INFO  impl.RoleInfo (RoleInfo.java:updateAndGet(143)) - 1aac8648-70e0-4fd8-b5e1-5d1a6693feb1: start FollowerState
2019-09-25 06:38:42,422 [pool-147-thread-1] INFO  util.JmxRegister (JmxRegister.java:tryRegister(44)) - Successfully registered JMX Bean with object name Ratis:service=RaftServer,group=group-3CFC3F61617F,id=1aac8648-70e0-4fd8-b5e1-5d1a6693feb1
2019-09-25 06:38:42,426 [RatisPipelineUtilsThread] INFO  pipeline.PipelineStateManager (PipelineStateManager.java:addPipeline(56)) - Created pipeline Pipeline[ Id: c6632b1b-4ad7-4c13-ac98-3cfc3f61617f, Nodes: 1aac8648-70e0-4fd8-b5e1-5d1a6693feb1{ip: 192.168.164.207, host: pr-hdds-1569-s44lr-3492059363, networkLocation: /default-rack, certSerialId: null}, Type:RATIS, Factor:ONE, State:OPEN]
2019-09-25 06:38:42,427 [RatisPipelineUtilsThread] INFO  pipeline.PipelinePlacementPolicy (PipelinePlacementPolicy.java:meetCriteria(91)) - Pipeline Placement: can't place more pipeline on heavy datanode： 7111b28f-28aa-49dc-8a4f-35994c763fc3 Heaviness: 6 limit: 5
2019-09-25 06:38:42,434 [grpc-default-executor-0] INFO  impl.RaftServerProxy (RaftServerProxy.java:addNew(89)) - 1aac8648-70e0-4fd8-b5e1-5d1a6693feb1: addNew group-E9087BCCEA8A:[1aac8648-70e0-4fd8-b5e1-5d1a6693feb1:192.168.164.207:46163] returns group-E9087BCCEA8A:java.util.concurrent.CompletableFuture@b275818[Not completed]
2019-09-25 06:38:42,435 [pool-147-thread-1] INFO  impl.RaftServerImpl (RaftServerImpl.java:<init>(95)) - 1aac8648-70e0-4fd8-b5e1-5d1a6693feb1: new RaftServerImpl for group-E9087BCCEA8A:[1aac8648-70e0-4fd8-b5e1-5d1a6693feb1:192.168.164.207:46163] with ContainerStateMachine:uninitialized
2019-09-25 06:38:42,435 [pool-147-thread-1] INFO  server.RaftServerConfigKeys (ConfUtils.java:logGet(43)) - raft.server.rpc.timeout.min = 5s (custom)
2019-09-25 06:38:42,435 [pool-147-thread-1] INFO  server.RaftServerConfigKeys (ConfUtils.java:logGet(43)) - raft.server.rpc.timeout.max = 5200ms (custom)
2019-09-25 06:38:42,435 [pool-147-thread-1] INFO  server.RaftServerConfigKeys (ConfUtils.java:logGet(43)) - raft.server.rpcslowness.timeout = 120s (custom)
2019-09-25 06:38:42,435 [pool-147-thread-1] INFO  server.RaftServerConfigKeys (ConfUtils.java:logGet(43)) - raft.server.sleep.deviation.threshold = 300 (default)
2019-09-25 06:38:42,435 [pool-147-thread-1] INFO  server.RaftServerConfigKeys (ConfUtils.java:logGet(43)) - raft.server.log.appender.install.snapshot.enabled = false (custom)
2019-09-25 06:38:42,435 [pool-147-thread-1] INFO  impl.RaftServerImpl (ServerState.java:<init>(103)) - 1aac8648-70e0-4fd8-b5e1-5d1a6693feb1@group-E9087BCCEA8A: ConfigurationManager, init=-1: [1aac8648-70e0-4fd8-b5e1-5d1a6693feb1:192.168.164.207:46163], old=null, confs=<EMPTY_MAP>
2019-09-25 06:38:42,436 [pool-147-thread-1] INFO  server.RaftServerConfigKeys (ConfUtils.java:logGet(43)) - raft.server.storage.dir = [/workdir/hadoop-ozone/ozonefs/target/test-dir/MiniOzoneClusterImpl-5b9a47a0-6db3-42b5-bb6d-2e43fb53942c/datanode-2/data/ratis] (custom)
2019-09-25 06:38:42,436 [pool-147-thread-1] INFO  storage.RaftStorageDirectory (RaftStorageDirectory.java:analyzeStorage(246)) - The storage directory /workdir/hadoop-ozone/ozonefs/target/test-dir/MiniOzoneClusterImpl-5b9a47a0-6db3-42b5-bb6d-2e43fb53942c/datanode-2/data/ratis/ab99d011-4336-42c1-8364-e9087bccea8a does not exist. Creating ...
2019-09-25 06:38:42,451 [pool-147-thread-1] INFO  storage.RaftStorageDirectory (RaftStorageDirectory.java:tryLock(328)) - Lock on /workdir/hadoop-ozone/ozonefs/target/test-dir/MiniOzoneClusterImpl-5b9a47a0-6db3-42b5-bb6d-2e43fb53942c/datanode-2/data/ratis/ab99d011-4336-42c1-8364-e9087bccea8a/in_use.lock acquired by nodename 12697@pr-hdds-1569-s44lr-3492059363
2019-09-25 06:38:42,463 [pool-147-thread-1] INFO  storage.RaftStorage (RaftStorage.java:format(72)) - Storage directory /workdir/hadoop-ozone/ozonefs/target/test-dir/MiniOzoneClusterImpl-5b9a47a0-6db3-42b5-bb6d-2e43fb53942c/datanode-2/data/ratis/ab99d011-4336-42c1-8364-e9087bccea8a has been successfully formatted.
2019-09-25 06:38:42,463 [pool-147-thread-1] INFO  ratis.ContainerStateMachine (ContainerStateMachine.java:loadSnapshot(230)) - group-E9087BCCEA8A: The snapshot info is null. Setting the last applied indexto:(t:0, i:~)
2019-09-25 06:38:42,463 [pool-147-thread-1] INFO  server.RaftServerConfigKeys (ConfUtils.java:logGet(43)) - raft.server.notification.no-leader.timeout = 120s (custom)
2019-09-25 06:38:42,464 [pool-147-thread-1] INFO  server.RaftServerConfigKeys (ConfUtils.java:logGet(43)) - raft.server.log.use.memory = false (default)
2019-09-25 06:38:42,464 [pool-147-thread-1] INFO  server.RaftServerConfigKeys (ConfUtils.java:logGet(43)) - raft.server.log.purge.gap = 1000000 (custom)
2019-09-25 06:38:42,464 [pool-147-thread-1] INFO  server.RaftServerConfigKeys (ConfUtils.java:logGet(43)) - raft.server.log.appender.buffer.byte-limit = 33554432 (custom)
2019-09-25 06:38:42,464 [pool-147-thread-1] INFO  server.RaftServerConfigKeys (ConfUtils.java:logGet(43)) - raft.server.log.segment.size.max = 1048576 (custom)
2019-09-25 06:38:42,464 [pool-147-thread-1] INFO  server.RaftServerConfigKeys (ConfUtils.java:logGet(43)) - raft.server.log.segment.cache.num.max = 2 (custom)
2019-09-25 06:38:42,464 [pool-147-thread-1] INFO  segmented.SegmentedRaftLogWorker (SegmentedRaftLogWorker.java:<init>(172)) - new 1aac8648-70e0-4fd8-b5e1-5d1a6693feb1@group-E9087BCCEA8A-SegmentedRaftLogWorker for RaftStorage:Storage Directory /workdir/hadoop-ozone/ozonefs/target/test-dir/MiniOzoneClusterImpl-5b9a47a0-6db3-42b5-bb6d-2e43fb53942c/datanode-2/data/ratis/ab99d011-4336-42c1-8364-e9087bccea8a
2019-09-25 06:38:42,464 [pool-147-thread-1] INFO  server.RaftServerConfigKeys (ConfUtils.java:logGet(43)) - raft.server.log.queue.byte-limit = 2147483647 (custom)
2019-09-25 06:38:42,464 [pool-147-thread-1] INFO  server.RaftServerConfigKeys (ConfUtils.java:logGet(43)) - raft.server.log.queue.element-limit = 1024 (custom)
2019-09-25 06:38:42,464 [pool-147-thread-1] INFO  server.RaftServerConfigKeys (ConfUtils.java:logGet(43)) - raft.server.log.segment.size.max = 1048576 (custom)
2019-09-25 06:38:42,465 [pool-147-thread-1] INFO  server.RaftServerConfigKeys (ConfUtils.java:logGet(43)) - raft.server.log.preallocated.size = 16384 (custom)
2019-09-25 06:38:42,465 [pool-147-thread-1] INFO  server.RaftServerConfigKeys (ConfUtils.java:logGet(43)) - raft.server.log.write.buffer.size = 33554432 (custom)
2019-09-25 06:38:42,465 [pool-147-thread-1] INFO  server.RaftServerConfigKeys (ConfUtils.java:logGet(43)) - raft.server.log.force.sync.num = 128 (default)
2019-09-25 06:38:42,465 [pool-147-thread-1] INFO  server.RaftServerConfigKeys (ConfUtils.java:logGet(43)) - raft.server.log.statemachine.data.sync = true (default)
2019-09-25 06:38:42,465 [pool-147-thread-1] INFO  server.RaftServerConfigKeys (ConfUtils.java:logGet(43)) - raft.server.log.statemachine.data.sync.timeout = 10s (default)
2019-09-25 06:38:42,465 [pool-147-thread-1] INFO  server.RaftServerConfigKeys (ConfUtils.java:logGet(43)) - raft.server.log.statemachine.data.sync.timeout.retry = -1 (default)
2019-09-25 06:38:42,465 [pool-147-thread-1] INFO  server.RaftServerConfigKeys (ConfUtils.java:logGet(43)) - raft.server.log.statemachine.data.caching.enabled = true (custom)
2019-09-25 06:38:42,466 [pool-147-thread-1] INFO  segmented.SegmentedRaftLogWorker (SegmentedRaftLogWorker.java:lambda$new$0(132)) - 1aac8648-70e0-4fd8-b5e1-5d1a6693feb1@group-E9087BCCEA8A-SegmentedRaftLogWorker: flushIndex: setUnconditionally 0 -> -1
2019-09-25 06:38:42,466 [pool-147-thread-1] INFO  server.RaftServerConfigKeys (ConfUtils.java:logGet(43)) - raft.server.snapshot.auto.trigger.enabled = true (custom)
2019-09-25 06:38:42,466 [pool-147-thread-1] INFO  server.RaftServerConfigKeys (ConfUtils.java:logGet(43)) - raft.server.snapshot.auto.trigger.threshold = 10000 (custom)
2019-09-25 06:38:42,466 [pool-147-thread-1] INFO  server.RaftServerConfigKeys (ConfUtils.java:logGet(43)) - raft.server.snapshot.retention.num.files = 5 (custom)
2019-09-25 06:38:42,466 [pool-147-thread-1] INFO  server.RaftServerConfigKeys (ConfUtils.java:logGet(43)) - raft.server.retrycache.expirytime = 600000ms (custom)
2019-09-25 06:38:42,469 [pool-147-thread-1] INFO  impl.RaftServerImpl (RaftServerImpl.java:start(185)) - 1aac8648-70e0-4fd8-b5e1-5d1a6693feb1@group-E9087BCCEA8A: start as a follower, conf=-1: [1aac8648-70e0-4fd8-b5e1-5d1a6693feb1:192.168.164.207:46163], old=null
2019-09-25 06:38:42,469 [pool-147-thread-1] INFO  impl.RaftServerImpl (RaftServerImpl.java:setRole(174)) - 1aac8648-70e0-4fd8-b5e1-5d1a6693feb1@group-E9087BCCEA8A: changes role from      null to FOLLOWER at term 0 for startAsFollower
2019-09-25 06:38:42,470 [pool-147-thread-1] INFO  impl.RoleInfo (RoleInfo.java:updateAndGet(143)) - 1aac8648-70e0-4fd8-b5e1-5d1a6693feb1: start FollowerState
2019-09-25 06:38:42,470 [pool-147-thread-1] INFO  util.JmxRegister (JmxRegister.java:tryRegister(44)) - Successfully registered JMX Bean with object name Ratis:service=RaftServer,group=group-E9087BCCEA8A,id=1aac8648-70e0-4fd8-b5e1-5d1a6693feb1
2019-09-25 06:38:42,474 [RatisPipelineUtilsThread] INFO  pipeline.PipelineStateManager (PipelineStateManager.java:addPipeline(56)) - Created pipeline Pipeline[ Id: ab99d011-4336-42c1-8364-e9087bccea8a, Nodes: 1aac8648-70e0-4fd8-b5e1-5d1a6693feb1{ip: 192.168.164.207, host: pr-hdds-1569-s44lr-3492059363, networkLocation: /default-rack, certSerialId: null}, Type:RATIS, Factor:ONE, State:OPEN]
2019-09-25 06:38:42,475 [RatisPipelineUtilsThread] INFO  pipeline.PipelinePlacementPolicy (PipelinePlacementPolicy.java:meetCriteria(91)) - Pipeline Placement: can't place more pipeline on heavy datanode： 7111b28f-28aa-49dc-8a4f-35994c763fc3 Heaviness: 6 limit: 5
2019-09-25 06:38:42,483 [grpc-default-executor-0] INFO  impl.RaftServerProxy (RaftServerProxy.java:addNew(89)) - 3692e321-28cf-4ad2-847a-fd8bc9cae3de: addNew group-55F2D7C0A653:[3692e321-28cf-4ad2-847a-fd8bc9cae3de:192.168.164.207:41796] returns group-55F2D7C0A653:java.util.concurrent.CompletableFuture@1752300b[Not completed]
2019-09-25 06:38:42,485 [pool-137-thread-1] INFO  impl.RaftServerImpl (RaftServerImpl.java:<init>(95)) - 3692e321-28cf-4ad2-847a-fd8bc9cae3de: new RaftServerImpl for group-55F2D7C0A653:[3692e321-28cf-4ad2-847a-fd8bc9cae3de:192.168.164.207:41796] with ContainerStateMachine:uninitialized
2019-09-25 06:38:42,485 [pool-137-thread-1] INFO  server.RaftServerConfigKeys (ConfUtils.java:logGet(43)) - raft.server.rpc.timeout.min = 5s (custom)
2019-09-25 06:38:42,485 [pool-137-thread-1] INFO  server.RaftServerConfigKeys (ConfUtils.java:logGet(43)) - raft.server.rpc.timeout.max = 5200ms (custom)
2019-09-25 06:38:42,485 [pool-137-thread-1] INFO  server.RaftServerConfigKeys (ConfUtils.java:logGet(43)) - raft.server.rpcslowness.timeout = 120s (custom)
2019-09-25 06:38:42,486 [pool-137-thread-1] INFO  server.RaftServerConfigKeys (ConfUtils.java:logGet(43)) - raft.server.sleep.deviation.threshold = 300 (default)
2019-09-25 06:38:42,486 [pool-137-thread-1] INFO  server.RaftServerConfigKeys (ConfUtils.java:logGet(43)) - raft.server.log.appender.install.snapshot.enabled = false (custom)
2019-09-25 06:38:42,486 [pool-137-thread-1] INFO  impl.RaftServerImpl (ServerState.java:<init>(103)) - 3692e321-28cf-4ad2-847a-fd8bc9cae3de@group-55F2D7C0A653: ConfigurationManager, init=-1: [3692e321-28cf-4ad2-847a-fd8bc9cae3de:192.168.164.207:41796], old=null, confs=<EMPTY_MAP>
2019-09-25 06:38:42,486 [pool-137-thread-1] INFO  server.RaftServerConfigKeys (ConfUtils.java:logGet(43)) - raft.server.storage.dir = [/workdir/hadoop-ozone/ozonefs/target/test-dir/MiniOzoneClusterImpl-5b9a47a0-6db3-42b5-bb6d-2e43fb53942c/datanode-1/data/ratis] (custom)
2019-09-25 06:38:42,487 [pool-137-thread-1] INFO  storage.RaftStorageDirectory (RaftStorageDirectory.java:analyzeStorage(246)) - The storage directory /workdir/hadoop-ozone/ozonefs/target/test-dir/MiniOzoneClusterImpl-5b9a47a0-6db3-42b5-bb6d-2e43fb53942c/datanode-1/data/ratis/3343e7b8-8297-4e29-a518-55f2d7c0a653 does not exist. Creating ...
2019-09-25 06:38:42,511 [pool-137-thread-1] INFO  storage.RaftStorageDirectory (RaftStorageDirectory.java:tryLock(328)) - Lock on /workdir/hadoop-ozone/ozonefs/target/test-dir/MiniOzoneClusterImpl-5b9a47a0-6db3-42b5-bb6d-2e43fb53942c/datanode-1/data/ratis/3343e7b8-8297-4e29-a518-55f2d7c0a653/in_use.lock acquired by nodename 12697@pr-hdds-1569-s44lr-3492059363
2019-09-25 06:38:42,524 [pool-137-thread-1] INFO  storage.RaftStorage (RaftStorage.java:format(72)) - Storage directory /workdir/hadoop-ozone/ozonefs/target/test-dir/MiniOzoneClusterImpl-5b9a47a0-6db3-42b5-bb6d-2e43fb53942c/datanode-1/data/ratis/3343e7b8-8297-4e29-a518-55f2d7c0a653 has been successfully formatted.
2019-09-25 06:38:42,524 [pool-137-thread-1] INFO  ratis.ContainerStateMachine (ContainerStateMachine.java:loadSnapshot(230)) - group-55F2D7C0A653: The snapshot info is null. Setting the last applied indexto:(t:0, i:~)
2019-09-25 06:38:42,524 [pool-137-thread-1] INFO  server.RaftServerConfigKeys (ConfUtils.java:logGet(43)) - raft.server.notification.no-leader.timeout = 120s (custom)
2019-09-25 06:38:42,524 [pool-137-thread-1] INFO  server.RaftServerConfigKeys (ConfUtils.java:logGet(43)) - raft.server.log.use.memory = false (default)
2019-09-25 06:38:42,525 [pool-137-thread-1] INFO  server.RaftServerConfigKeys (ConfUtils.java:logGet(43)) - raft.server.log.purge.gap = 1000000 (custom)
2019-09-25 06:38:42,525 [pool-137-thread-1] INFO  server.RaftServerConfigKeys (ConfUtils.java:logGet(43)) - raft.server.log.appender.buffer.byte-limit = 33554432 (custom)
2019-09-25 06:38:42,525 [pool-137-thread-1] INFO  server.RaftServerConfigKeys (ConfUtils.java:logGet(43)) - raft.server.log.segment.size.max = 1048576 (custom)
2019-09-25 06:38:42,525 [pool-137-thread-1] INFO  server.RaftServerConfigKeys (ConfUtils.java:logGet(43)) - raft.server.log.segment.cache.num.max = 2 (custom)
2019-09-25 06:38:42,525 [pool-137-thread-1] INFO  segmented.SegmentedRaftLogWorker (SegmentedRaftLogWorker.java:<init>(172)) - new 3692e321-28cf-4ad2-847a-fd8bc9cae3de@group-55F2D7C0A653-SegmentedRaftLogWorker for RaftStorage:Storage Directory /workdir/hadoop-ozone/ozonefs/target/test-dir/MiniOzoneClusterImpl-5b9a47a0-6db3-42b5-bb6d-2e43fb53942c/datanode-1/data/ratis/3343e7b8-8297-4e29-a518-55f2d7c0a653
2019-09-25 06:38:42,526 [pool-137-thread-1] INFO  server.RaftServerConfigKeys (ConfUtils.java:logGet(43)) - raft.server.log.queue.byte-limit = 2147483647 (custom)
2019-09-25 06:38:42,526 [pool-137-thread-1] INFO  server.RaftServerConfigKeys (ConfUtils.java:logGet(43)) - raft.server.log.queue.element-limit = 1024 (custom)
2019-09-25 06:38:42,526 [pool-137-thread-1] INFO  server.RaftServerConfigKeys (ConfUtils.java:logGet(43)) - raft.server.log.segment.size.max = 1048576 (custom)
2019-09-25 06:38:42,526 [pool-137-thread-1] INFO  server.RaftServerConfigKeys (ConfUtils.java:logGet(43)) - raft.server.log.preallocated.size = 16384 (custom)
2019-09-25 06:38:42,526 [pool-137-thread-1] INFO  server.RaftServerConfigKeys (ConfUtils.java:logGet(43)) - raft.server.log.write.buffer.size = 33554432 (custom)
2019-09-25 06:38:42,526 [pool-137-thread-1] INFO  server.RaftServerConfigKeys (ConfUtils.java:logGet(43)) - raft.server.log.force.sync.num = 128 (default)
2019-09-25 06:38:42,527 [pool-137-thread-1] INFO  server.RaftServerConfigKeys (ConfUtils.java:logGet(43)) - raft.server.log.statemachine.data.sync = true (default)
2019-09-25 06:38:42,527 [pool-137-thread-1] INFO  server.RaftServerConfigKeys (ConfUtils.java:logGet(43)) - raft.server.log.statemachine.data.sync.timeout = 10s (default)
2019-09-25 06:38:42,527 [pool-137-thread-1] INFO  server.RaftServerConfigKeys (ConfUtils.java:logGet(43)) - raft.server.log.statemachine.data.sync.timeout.retry = -1 (default)
2019-09-25 06:38:42,527 [pool-137-thread-1] INFO  server.RaftServerConfigKeys (ConfUtils.java:logGet(43)) - raft.server.log.statemachine.data.caching.enabled = true (custom)
2019-09-25 06:38:42,527 [pool-137-thread-1] INFO  segmented.SegmentedRaftLogWorker (SegmentedRaftLogWorker.java:lambda$new$0(132)) - 3692e321-28cf-4ad2-847a-fd8bc9cae3de@group-55F2D7C0A653-SegmentedRaftLogWorker: flushIndex: setUnconditionally 0 -> -1
2019-09-25 06:38:42,528 [pool-137-thread-1] INFO  server.RaftServerConfigKeys (ConfUtils.java:logGet(43)) - raft.server.snapshot.auto.trigger.enabled = true (custom)
2019-09-25 06:38:42,528 [pool-137-thread-1] INFO  server.RaftServerConfigKeys (ConfUtils.java:logGet(43)) - raft.server.snapshot.auto.trigger.threshold = 10000 (custom)
2019-09-25 06:38:42,528 [pool-137-thread-1] INFO  server.RaftServerConfigKeys (ConfUtils.java:logGet(43)) - raft.server.snapshot.retention.num.files = 5 (custom)
2019-09-25 06:38:42,528 [pool-137-thread-1] INFO  server.RaftServerConfigKeys (ConfUtils.java:logGet(43)) - raft.server.retrycache.expirytime = 600000ms (custom)
2019-09-25 06:38:42,531 [pool-137-thread-1] INFO  impl.RaftServerImpl (RaftServerImpl.java:start(185)) - 3692e321-28cf-4ad2-847a-fd8bc9cae3de@group-55F2D7C0A653: start as a follower, conf=-1: [3692e321-28cf-4ad2-847a-fd8bc9cae3de:192.168.164.207:41796], old=null
2019-09-25 06:38:42,531 [pool-137-thread-1] INFO  impl.RaftServerImpl (RaftServerImpl.java:setRole(174)) - 3692e321-28cf-4ad2-847a-fd8bc9cae3de@group-55F2D7C0A653: changes role from      null to FOLLOWER at term 0 for startAsFollower
2019-09-25 06:38:42,531 [pool-137-thread-1] INFO  impl.RoleInfo (RoleInfo.java:updateAndGet(143)) - 3692e321-28cf-4ad2-847a-fd8bc9cae3de: start FollowerState
2019-09-25 06:38:42,532 [pool-137-thread-1] INFO  util.JmxRegister (JmxRegister.java:tryRegister(44)) - Successfully registered JMX Bean with object name Ratis:service=RaftServer,group=group-55F2D7C0A653,id=3692e321-28cf-4ad2-847a-fd8bc9cae3de
2019-09-25 06:38:42,536 [RatisPipelineUtilsThread] INFO  pipeline.PipelineStateManager (PipelineStateManager.java:addPipeline(56)) - Created pipeline Pipeline[ Id: 3343e7b8-8297-4e29-a518-55f2d7c0a653, Nodes: 3692e321-28cf-4ad2-847a-fd8bc9cae3de{ip: 192.168.164.207, host: pr-hdds-1569-s44lr-3492059363, networkLocation: /default-rack, certSerialId: null}, Type:RATIS, Factor:ONE, State:OPEN]
2019-09-25 06:38:42,536 [RatisPipelineUtilsThread] INFO  pipeline.PipelinePlacementPolicy (PipelinePlacementPolicy.java:meetCriteria(91)) - Pipeline Placement: can't place more pipeline on heavy datanode： 7111b28f-28aa-49dc-8a4f-35994c763fc3 Heaviness: 6 limit: 5
2019-09-25 06:38:42,544 [grpc-default-executor-0] INFO  impl.RaftServerProxy (RaftServerProxy.java:addNew(89)) - 1aac8648-70e0-4fd8-b5e1-5d1a6693feb1: addNew group-042B9CD4FB2E:[1aac8648-70e0-4fd8-b5e1-5d1a6693feb1:192.168.164.207:46163] returns group-042B9CD4FB2E:java.util.concurrent.CompletableFuture@edaef1e[Not completed]
2019-09-25 06:38:42,545 [pool-147-thread-1] INFO  impl.RaftServerImpl (RaftServerImpl.java:<init>(95)) - 1aac8648-70e0-4fd8-b5e1-5d1a6693feb1: new RaftServerImpl for group-042B9CD4FB2E:[1aac8648-70e0-4fd8-b5e1-5d1a6693feb1:192.168.164.207:46163] with ContainerStateMachine:uninitialized
2019-09-25 06:38:42,546 [pool-147-thread-1] INFO  server.RaftServerConfigKeys (ConfUtils.java:logGet(43)) - raft.server.rpc.timeout.min = 5s (custom)
2019-09-25 06:38:42,546 [pool-147-thread-1] INFO  server.RaftServerConfigKeys (ConfUtils.java:logGet(43)) - raft.server.rpc.timeout.max = 5200ms (custom)
2019-09-25 06:38:42,546 [pool-147-thread-1] INFO  server.RaftServerConfigKeys (ConfUtils.java:logGet(43)) - raft.server.rpcslowness.timeout = 120s (custom)
2019-09-25 06:38:42,546 [pool-147-thread-1] INFO  server.RaftServerConfigKeys (ConfUtils.java:logGet(43)) - raft.server.sleep.deviation.threshold = 300 (default)
2019-09-25 06:38:42,546 [pool-147-thread-1] INFO  server.RaftServerConfigKeys (ConfUtils.java:logGet(43)) - raft.server.log.appender.install.snapshot.enabled = false (custom)
2019-09-25 06:38:42,546 [pool-147-thread-1] INFO  impl.RaftServerImpl (ServerState.java:<init>(103)) - 1aac8648-70e0-4fd8-b5e1-5d1a6693feb1@group-042B9CD4FB2E: ConfigurationManager, init=-1: [1aac8648-70e0-4fd8-b5e1-5d1a6693feb1:192.168.164.207:46163], old=null, confs=<EMPTY_MAP>
2019-09-25 06:38:42,546 [pool-147-thread-1] INFO  server.RaftServerConfigKeys (ConfUtils.java:logGet(43)) - raft.server.storage.dir = [/workdir/hadoop-ozone/ozonefs/target/test-dir/MiniOzoneClusterImpl-5b9a47a0-6db3-42b5-bb6d-2e43fb53942c/datanode-2/data/ratis] (custom)
2019-09-25 06:38:42,547 [pool-147-thread-1] INFO  storage.RaftStorageDirectory (RaftStorageDirectory.java:analyzeStorage(246)) - The storage directory /workdir/hadoop-ozone/ozonefs/target/test-dir/MiniOzoneClusterImpl-5b9a47a0-6db3-42b5-bb6d-2e43fb53942c/datanode-2/data/ratis/eccae9c6-c0e4-4f90-b422-042b9cd4fb2e does not exist. Creating ...
2019-09-25 06:38:42,560 [pool-147-thread-1] INFO  storage.RaftStorageDirectory (RaftStorageDirectory.java:tryLock(328)) - Lock on /workdir/hadoop-ozone/ozonefs/target/test-dir/MiniOzoneClusterImpl-5b9a47a0-6db3-42b5-bb6d-2e43fb53942c/datanode-2/data/ratis/eccae9c6-c0e4-4f90-b422-042b9cd4fb2e/in_use.lock acquired by nodename 12697@pr-hdds-1569-s44lr-3492059363
2019-09-25 06:38:42,573 [pool-147-thread-1] INFO  storage.RaftStorage (RaftStorage.java:format(72)) - Storage directory /workdir/hadoop-ozone/ozonefs/target/test-dir/MiniOzoneClusterImpl-5b9a47a0-6db3-42b5-bb6d-2e43fb53942c/datanode-2/data/ratis/eccae9c6-c0e4-4f90-b422-042b9cd4fb2e has been successfully formatted.
2019-09-25 06:38:42,574 [pool-147-thread-1] INFO  ratis.ContainerStateMachine (ContainerStateMachine.java:loadSnapshot(230)) - group-042B9CD4FB2E: The snapshot info is null. Setting the last applied indexto:(t:0, i:~)
2019-09-25 06:38:42,574 [pool-147-thread-1] INFO  server.RaftServerConfigKeys (ConfUtils.java:logGet(43)) - raft.server.notification.no-leader.timeout = 120s (custom)
2019-09-25 06:38:42,574 [pool-147-thread-1] INFO  server.RaftServerConfigKeys (ConfUtils.java:logGet(43)) - raft.server.log.use.memory = false (default)
2019-09-25 06:38:42,574 [pool-147-thread-1] INFO  server.RaftServerConfigKeys (ConfUtils.java:logGet(43)) - raft.server.log.purge.gap = 1000000 (custom)
2019-09-25 06:38:42,574 [pool-147-thread-1] INFO  server.RaftServerConfigKeys (ConfUtils.java:logGet(43)) - raft.server.log.appender.buffer.byte-limit = 33554432 (custom)
2019-09-25 06:38:42,574 [pool-147-thread-1] INFO  server.RaftServerConfigKeys (ConfUtils.java:logGet(43)) - raft.server.log.segment.size.max = 1048576 (custom)
2019-09-25 06:38:42,575 [pool-147-thread-1] INFO  server.RaftServerConfigKeys (ConfUtils.java:logGet(43)) - raft.server.log.segment.cache.num.max = 2 (custom)
2019-09-25 06:38:42,575 [pool-147-thread-1] INFO  segmented.SegmentedRaftLogWorker (SegmentedRaftLogWorker.java:<init>(172)) - new 1aac8648-70e0-4fd8-b5e1-5d1a6693feb1@group-042B9CD4FB2E-SegmentedRaftLogWorker for RaftStorage:Storage Directory /workdir/hadoop-ozone/ozonefs/target/test-dir/MiniOzoneClusterImpl-5b9a47a0-6db3-42b5-bb6d-2e43fb53942c/datanode-2/data/ratis/eccae9c6-c0e4-4f90-b422-042b9cd4fb2e
2019-09-25 06:38:42,575 [pool-147-thread-1] INFO  server.RaftServerConfigKeys (ConfUtils.java:logGet(43)) - raft.server.log.queue.byte-limit = 2147483647 (custom)
2019-09-25 06:38:42,575 [pool-147-thread-1] INFO  server.RaftServerConfigKeys (ConfUtils.java:logGet(43)) - raft.server.log.queue.element-limit = 1024 (custom)
2019-09-25 06:38:42,575 [pool-147-thread-1] INFO  server.RaftServerConfigKeys (ConfUtils.java:logGet(43)) - raft.server.log.segment.size.max = 1048576 (custom)
2019-09-25 06:38:42,575 [pool-147-thread-1] INFO  server.RaftServerConfigKeys (ConfUtils.java:logGet(43)) - raft.server.log.preallocated.size = 16384 (custom)
2019-09-25 06:38:42,575 [pool-147-thread-1] INFO  server.RaftServerConfigKeys (ConfUtils.java:logGet(43)) - raft.server.log.write.buffer.size = 33554432 (custom)
2019-09-25 06:38:42,576 [pool-147-thread-1] INFO  server.RaftServerConfigKeys (ConfUtils.java:logGet(43)) - raft.server.log.force.sync.num = 128 (default)
2019-09-25 06:38:42,576 [pool-147-thread-1] INFO  server.RaftServerConfigKeys (ConfUtils.java:logGet(43)) - raft.server.log.statemachine.data.sync = true (default)
2019-09-25 06:38:42,576 [pool-147-thread-1] INFO  server.RaftServerConfigKeys (ConfUtils.java:logGet(43)) - raft.server.log.statemachine.data.sync.timeout = 10s (default)
2019-09-25 06:38:42,576 [pool-147-thread-1] INFO  server.RaftServerConfigKeys (ConfUtils.java:logGet(43)) - raft.server.log.statemachine.data.sync.timeout.retry = -1 (default)
2019-09-25 06:38:42,576 [pool-147-thread-1] INFO  server.RaftServerConfigKeys (ConfUtils.java:logGet(43)) - raft.server.log.statemachine.data.caching.enabled = true (custom)
2019-09-25 06:38:42,577 [pool-147-thread-1] INFO  segmented.SegmentedRaftLogWorker (SegmentedRaftLogWorker.java:lambda$new$0(132)) - 1aac8648-70e0-4fd8-b5e1-5d1a6693feb1@group-042B9CD4FB2E-SegmentedRaftLogWorker: flushIndex: setUnconditionally 0 -> -1
2019-09-25 06:38:42,577 [pool-147-thread-1] INFO  server.RaftServerConfigKeys (ConfUtils.java:logGet(43)) - raft.server.snapshot.auto.trigger.enabled = true (custom)
2019-09-25 06:38:42,577 [pool-147-thread-1] INFO  server.RaftServerConfigKeys (ConfUtils.java:logGet(43)) - raft.server.snapshot.auto.trigger.threshold = 10000 (custom)
2019-09-25 06:38:42,577 [pool-147-thread-1] INFO  server.RaftServerConfigKeys (ConfUtils.java:logGet(43)) - raft.server.snapshot.retention.num.files = 5 (custom)
2019-09-25 06:38:42,577 [pool-147-thread-1] INFO  server.RaftServerConfigKeys (ConfUtils.java:logGet(43)) - raft.server.retrycache.expirytime = 600000ms (custom)
2019-09-25 06:38:42,580 [pool-147-thread-1] INFO  impl.RaftServerImpl (RaftServerImpl.java:start(185)) - 1aac8648-70e0-4fd8-b5e1-5d1a6693feb1@group-042B9CD4FB2E: start as a follower, conf=-1: [1aac8648-70e0-4fd8-b5e1-5d1a6693feb1:192.168.164.207:46163], old=null
2019-09-25 06:38:42,580 [pool-147-thread-1] INFO  impl.RaftServerImpl (RaftServerImpl.java:setRole(174)) - 1aac8648-70e0-4fd8-b5e1-5d1a6693feb1@group-042B9CD4FB2E: changes role from      null to FOLLOWER at term 0 for startAsFollower
2019-09-25 06:38:42,581 [pool-147-thread-1] INFO  impl.RoleInfo (RoleInfo.java:updateAndGet(143)) - 1aac8648-70e0-4fd8-b5e1-5d1a6693feb1: start FollowerState
2019-09-25 06:38:42,581 [pool-147-thread-1] INFO  util.JmxRegister (JmxRegister.java:tryRegister(44)) - Successfully registered JMX Bean with object name Ratis:service=RaftServer,group=group-042B9CD4FB2E,id=1aac8648-70e0-4fd8-b5e1-5d1a6693feb1
2019-09-25 06:38:42,586 [RatisPipelineUtilsThread] INFO  pipeline.PipelineStateManager (PipelineStateManager.java:addPipeline(56)) - Created pipeline Pipeline[ Id: eccae9c6-c0e4-4f90-b422-042b9cd4fb2e, Nodes: 1aac8648-70e0-4fd8-b5e1-5d1a6693feb1{ip: 192.168.164.207, host: pr-hdds-1569-s44lr-3492059363, networkLocation: /default-rack, certSerialId: null}, Type:RATIS, Factor:ONE, State:OPEN]
2019-09-25 06:38:42,586 [RatisPipelineUtilsThread] INFO  pipeline.PipelinePlacementPolicy (PipelinePlacementPolicy.java:meetCriteria(91)) - Pipeline Placement: can't place more pipeline on heavy datanode： 7111b28f-28aa-49dc-8a4f-35994c763fc3 Heaviness: 6 limit: 5
2019-09-25 06:38:42,595 [grpc-default-executor-0] INFO  impl.RaftServerProxy (RaftServerProxy.java:addNew(89)) - 3692e321-28cf-4ad2-847a-fd8bc9cae3de: addNew group-5B61765C5AEA:[3692e321-28cf-4ad2-847a-fd8bc9cae3de:192.168.164.207:41796] returns group-5B61765C5AEA:java.util.concurrent.CompletableFuture@6a1e6fb0[Not completed]
2019-09-25 06:38:42,597 [pool-137-thread-1] INFO  impl.RaftServerImpl (RaftServerImpl.java:<init>(95)) - 3692e321-28cf-4ad2-847a-fd8bc9cae3de: new RaftServerImpl for group-5B61765C5AEA:[3692e321-28cf-4ad2-847a-fd8bc9cae3de:192.168.164.207:41796] with ContainerStateMachine:uninitialized
2019-09-25 06:38:42,597 [pool-137-thread-1] INFO  server.RaftServerConfigKeys (ConfUtils.java:logGet(43)) - raft.server.rpc.timeout.min = 5s (custom)
2019-09-25 06:38:42,597 [pool-137-thread-1] INFO  server.RaftServerConfigKeys (ConfUtils.java:logGet(43)) - raft.server.rpc.timeout.max = 5200ms (custom)
2019-09-25 06:38:42,597 [pool-137-thread-1] INFO  server.RaftServerConfigKeys (ConfUtils.java:logGet(43)) - raft.server.rpcslowness.timeout = 120s (custom)
2019-09-25 06:38:42,597 [pool-137-thread-1] INFO  server.RaftServerConfigKeys (ConfUtils.java:logGet(43)) - raft.server.sleep.deviation.threshold = 300 (default)
2019-09-25 06:38:42,597 [pool-137-thread-1] INFO  server.RaftServerConfigKeys (ConfUtils.java:logGet(43)) - raft.server.log.appender.install.snapshot.enabled = false (custom)
2019-09-25 06:38:42,597 [pool-137-thread-1] INFO  impl.RaftServerImpl (ServerState.java:<init>(103)) - 3692e321-28cf-4ad2-847a-fd8bc9cae3de@group-5B61765C5AEA: ConfigurationManager, init=-1: [3692e321-28cf-4ad2-847a-fd8bc9cae3de:192.168.164.207:41796], old=null, confs=<EMPTY_MAP>
2019-09-25 06:38:42,598 [pool-137-thread-1] INFO  server.RaftServerConfigKeys (ConfUtils.java:logGet(43)) - raft.server.storage.dir = [/workdir/hadoop-ozone/ozonefs/target/test-dir/MiniOzoneClusterImpl-5b9a47a0-6db3-42b5-bb6d-2e43fb53942c/datanode-1/data/ratis] (custom)
2019-09-25 06:38:42,598 [pool-137-thread-1] INFO  storage.RaftStorageDirectory (RaftStorageDirectory.java:analyzeStorage(246)) - The storage directory /workdir/hadoop-ozone/ozonefs/target/test-dir/MiniOzoneClusterImpl-5b9a47a0-6db3-42b5-bb6d-2e43fb53942c/datanode-1/data/ratis/364bfa19-3024-43ca-b3ff-5b61765c5aea does not exist. Creating ...
2019-09-25 06:38:42,610 [pool-137-thread-1] INFO  storage.RaftStorageDirectory (RaftStorageDirectory.java:tryLock(328)) - Lock on /workdir/hadoop-ozone/ozonefs/target/test-dir/MiniOzoneClusterImpl-5b9a47a0-6db3-42b5-bb6d-2e43fb53942c/datanode-1/data/ratis/364bfa19-3024-43ca-b3ff-5b61765c5aea/in_use.lock acquired by nodename 12697@pr-hdds-1569-s44lr-3492059363
2019-09-25 06:38:42,623 [pool-137-thread-1] INFO  storage.RaftStorage (RaftStorage.java:format(72)) - Storage directory /workdir/hadoop-ozone/ozonefs/target/test-dir/MiniOzoneClusterImpl-5b9a47a0-6db3-42b5-bb6d-2e43fb53942c/datanode-1/data/ratis/364bfa19-3024-43ca-b3ff-5b61765c5aea has been successfully formatted.
2019-09-25 06:38:42,623 [pool-137-thread-1] INFO  ratis.ContainerStateMachine (ContainerStateMachine.java:loadSnapshot(230)) - group-5B61765C5AEA: The snapshot info is null. Setting the last applied indexto:(t:0, i:~)
2019-09-25 06:38:42,624 [pool-137-thread-1] INFO  server.RaftServerConfigKeys (ConfUtils.java:logGet(43)) - raft.server.notification.no-leader.timeout = 120s (custom)
2019-09-25 06:38:42,624 [pool-137-thread-1] INFO  server.RaftServerConfigKeys (ConfUtils.java:logGet(43)) - raft.server.log.use.memory = false (default)
2019-09-25 06:38:42,624 [pool-137-thread-1] INFO  server.RaftServerConfigKeys (ConfUtils.java:logGet(43)) - raft.server.log.purge.gap = 1000000 (custom)
2019-09-25 06:38:42,624 [pool-137-thread-1] INFO  server.RaftServerConfigKeys (ConfUtils.java:logGet(43)) - raft.server.log.appender.buffer.byte-limit = 33554432 (custom)
2019-09-25 06:38:42,624 [pool-137-thread-1] INFO  server.RaftServerConfigKeys (ConfUtils.java:logGet(43)) - raft.server.log.segment.size.max = 1048576 (custom)
2019-09-25 06:38:42,624 [pool-137-thread-1] INFO  server.RaftServerConfigKeys (ConfUtils.java:logGet(43)) - raft.server.log.segment.cache.num.max = 2 (custom)
2019-09-25 06:38:42,624 [pool-137-thread-1] INFO  segmented.SegmentedRaftLogWorker (SegmentedRaftLogWorker.java:<init>(172)) - new 3692e321-28cf-4ad2-847a-fd8bc9cae3de@group-5B61765C5AEA-SegmentedRaftLogWorker for RaftStorage:Storage Directory /workdir/hadoop-ozone/ozonefs/target/test-dir/MiniOzoneClusterImpl-5b9a47a0-6db3-42b5-bb6d-2e43fb53942c/datanode-1/data/ratis/364bfa19-3024-43ca-b3ff-5b61765c5aea
2019-09-25 06:38:42,625 [pool-137-thread-1] INFO  server.RaftServerConfigKeys (ConfUtils.java:logGet(43)) - raft.server.log.queue.byte-limit = 2147483647 (custom)
2019-09-25 06:38:42,625 [pool-137-thread-1] INFO  server.RaftServerConfigKeys (ConfUtils.java:logGet(43)) - raft.server.log.queue.element-limit = 1024 (custom)
2019-09-25 06:38:42,625 [pool-137-thread-1] INFO  server.RaftServerConfigKeys (ConfUtils.java:logGet(43)) - raft.server.log.segment.size.max = 1048576 (custom)
2019-09-25 06:38:42,625 [pool-137-thread-1] INFO  server.RaftServerConfigKeys (ConfUtils.java:logGet(43)) - raft.server.log.preallocated.size = 16384 (custom)
2019-09-25 06:38:42,625 [pool-137-thread-1] INFO  server.RaftServerConfigKeys (ConfUtils.java:logGet(43)) - raft.server.log.write.buffer.size = 33554432 (custom)
2019-09-25 06:38:42,625 [pool-137-thread-1] INFO  server.RaftServerConfigKeys (ConfUtils.java:logGet(43)) - raft.server.log.force.sync.num = 128 (default)
2019-09-25 06:38:42,626 [pool-137-thread-1] INFO  server.RaftServerConfigKeys (ConfUtils.java:logGet(43)) - raft.server.log.statemachine.data.sync = true (default)
2019-09-25 06:38:42,626 [pool-137-thread-1] INFO  server.RaftServerConfigKeys (ConfUtils.java:logGet(43)) - raft.server.log.statemachine.data.sync.timeout = 10s (default)
2019-09-25 06:38:42,626 [pool-137-thread-1] INFO  server.RaftServerConfigKeys (ConfUtils.java:logGet(43)) - raft.server.log.statemachine.data.sync.timeout.retry = -1 (default)
2019-09-25 06:38:42,626 [pool-137-thread-1] INFO  server.RaftServerConfigKeys (ConfUtils.java:logGet(43)) - raft.server.log.statemachine.data.caching.enabled = true (custom)
2019-09-25 06:38:42,626 [pool-137-thread-1] INFO  segmented.SegmentedRaftLogWorker (SegmentedRaftLogWorker.java:lambda$new$0(132)) - 3692e321-28cf-4ad2-847a-fd8bc9cae3de@group-5B61765C5AEA-SegmentedRaftLogWorker: flushIndex: setUnconditionally 0 -> -1
2019-09-25 06:38:42,627 [pool-137-thread-1] INFO  server.RaftServerConfigKeys (ConfUtils.java:logGet(43)) - raft.server.snapshot.auto.trigger.enabled = true (custom)
2019-09-25 06:38:42,627 [pool-137-thread-1] INFO  server.RaftServerConfigKeys (ConfUtils.java:logGet(43)) - raft.server.snapshot.auto.trigger.threshold = 10000 (custom)
2019-09-25 06:38:42,627 [pool-137-thread-1] INFO  server.RaftServerConfigKeys (ConfUtils.java:logGet(43)) - raft.server.snapshot.retention.num.files = 5 (custom)
2019-09-25 06:38:42,627 [pool-137-thread-1] INFO  server.RaftServerConfigKeys (ConfUtils.java:logGet(43)) - raft.server.retrycache.expirytime = 600000ms (custom)
2019-09-25 06:38:42,631 [pool-137-thread-1] INFO  impl.RaftServerImpl (RaftServerImpl.java:start(185)) - 3692e321-28cf-4ad2-847a-fd8bc9cae3de@group-5B61765C5AEA: start as a follower, conf=-1: [3692e321-28cf-4ad2-847a-fd8bc9cae3de:192.168.164.207:41796], old=null
2019-09-25 06:38:42,631 [pool-137-thread-1] INFO  impl.RaftServerImpl (RaftServerImpl.java:setRole(174)) - 3692e321-28cf-4ad2-847a-fd8bc9cae3de@group-5B61765C5AEA: changes role from      null to FOLLOWER at term 0 for startAsFollower
2019-09-25 06:38:42,631 [pool-137-thread-1] INFO  impl.RoleInfo (RoleInfo.java:updateAndGet(143)) - 3692e321-28cf-4ad2-847a-fd8bc9cae3de: start FollowerState
2019-09-25 06:38:42,632 [pool-137-thread-1] INFO  util.JmxRegister (JmxRegister.java:tryRegister(44)) - Successfully registered JMX Bean with object name Ratis:service=RaftServer,group=group-5B61765C5AEA,id=3692e321-28cf-4ad2-847a-fd8bc9cae3de
2019-09-25 06:38:42,636 [RatisPipelineUtilsThread] INFO  pipeline.PipelineStateManager (PipelineStateManager.java:addPipeline(56)) - Created pipeline Pipeline[ Id: 364bfa19-3024-43ca-b3ff-5b61765c5aea, Nodes: 3692e321-28cf-4ad2-847a-fd8bc9cae3de{ip: 192.168.164.207, host: pr-hdds-1569-s44lr-3492059363, networkLocation: /default-rack, certSerialId: null}, Type:RATIS, Factor:ONE, State:OPEN]
2019-09-25 06:38:42,637 [RatisPipelineUtilsThread] INFO  pipeline.PipelinePlacementPolicy (PipelinePlacementPolicy.java:meetCriteria(91)) - Pipeline Placement: can't place more pipeline on heavy datanode： 7111b28f-28aa-49dc-8a4f-35994c763fc3 Heaviness: 6 limit: 5
2019-09-25 06:38:42,645 [grpc-default-executor-0] INFO  impl.RaftServerProxy (RaftServerProxy.java:addNew(89)) - 3692e321-28cf-4ad2-847a-fd8bc9cae3de: addNew group-8FA61B8F19B9:[3692e321-28cf-4ad2-847a-fd8bc9cae3de:192.168.164.207:41796] returns group-8FA61B8F19B9:java.util.concurrent.CompletableFuture@6809814c[Not completed]
2019-09-25 06:38:42,646 [pool-137-thread-1] INFO  impl.RaftServerImpl (RaftServerImpl.java:<init>(95)) - 3692e321-28cf-4ad2-847a-fd8bc9cae3de: new RaftServerImpl for group-8FA61B8F19B9:[3692e321-28cf-4ad2-847a-fd8bc9cae3de:192.168.164.207:41796] with ContainerStateMachine:uninitialized
2019-09-25 06:38:42,647 [pool-137-thread-1] INFO  server.RaftServerConfigKeys (ConfUtils.java:logGet(43)) - raft.server.rpc.timeout.min = 5s (custom)
2019-09-25 06:38:42,647 [pool-137-thread-1] INFO  server.RaftServerConfigKeys (ConfUtils.java:logGet(43)) - raft.server.rpc.timeout.max = 5200ms (custom)
2019-09-25 06:38:42,647 [pool-137-thread-1] INFO  server.RaftServerConfigKeys (ConfUtils.java:logGet(43)) - raft.server.rpcslowness.timeout = 120s (custom)
2019-09-25 06:38:42,647 [pool-137-thread-1] INFO  server.RaftServerConfigKeys (ConfUtils.java:logGet(43)) - raft.server.sleep.deviation.threshold = 300 (default)
2019-09-25 06:38:42,647 [pool-137-thread-1] INFO  server.RaftServerConfigKeys (ConfUtils.java:logGet(43)) - raft.server.log.appender.install.snapshot.enabled = false (custom)
2019-09-25 06:38:42,647 [pool-137-thread-1] INFO  impl.RaftServerImpl (ServerState.java:<init>(103)) - 3692e321-28cf-4ad2-847a-fd8bc9cae3de@group-8FA61B8F19B9: ConfigurationManager, init=-1: [3692e321-28cf-4ad2-847a-fd8bc9cae3de:192.168.164.207:41796], old=null, confs=<EMPTY_MAP>
2019-09-25 06:38:42,648 [pool-137-thread-1] INFO  server.RaftServerConfigKeys (ConfUtils.java:logGet(43)) - raft.server.storage.dir = [/workdir/hadoop-ozone/ozonefs/target/test-dir/MiniOzoneClusterImpl-5b9a47a0-6db3-42b5-bb6d-2e43fb53942c/datanode-1/data/ratis] (custom)
2019-09-25 06:38:42,648 [pool-137-thread-1] INFO  storage.RaftStorageDirectory (RaftStorageDirectory.java:analyzeStorage(246)) - The storage directory /workdir/hadoop-ozone/ozonefs/target/test-dir/MiniOzoneClusterImpl-5b9a47a0-6db3-42b5-bb6d-2e43fb53942c/datanode-1/data/ratis/80844e0c-67a4-47a0-908c-8fa61b8f19b9 does not exist. Creating ...
2019-09-25 06:38:42,661 [pool-137-thread-1] INFO  storage.RaftStorageDirectory (RaftStorageDirectory.java:tryLock(328)) - Lock on /workdir/hadoop-ozone/ozonefs/target/test-dir/MiniOzoneClusterImpl-5b9a47a0-6db3-42b5-bb6d-2e43fb53942c/datanode-1/data/ratis/80844e0c-67a4-47a0-908c-8fa61b8f19b9/in_use.lock acquired by nodename 12697@pr-hdds-1569-s44lr-3492059363
2019-09-25 06:38:42,680 [pool-137-thread-1] INFO  storage.RaftStorage (RaftStorage.java:format(72)) - Storage directory /workdir/hadoop-ozone/ozonefs/target/test-dir/MiniOzoneClusterImpl-5b9a47a0-6db3-42b5-bb6d-2e43fb53942c/datanode-1/data/ratis/80844e0c-67a4-47a0-908c-8fa61b8f19b9 has been successfully formatted.
2019-09-25 06:38:42,680 [pool-137-thread-1] INFO  ratis.ContainerStateMachine (ContainerStateMachine.java:loadSnapshot(230)) - group-8FA61B8F19B9: The snapshot info is null. Setting the last applied indexto:(t:0, i:~)
2019-09-25 06:38:42,681 [pool-137-thread-1] INFO  server.RaftServerConfigKeys (ConfUtils.java:logGet(43)) - raft.server.notification.no-leader.timeout = 120s (custom)
2019-09-25 06:38:42,681 [pool-137-thread-1] INFO  server.RaftServerConfigKeys (ConfUtils.java:logGet(43)) - raft.server.log.use.memory = false (default)
2019-09-25 06:38:42,681 [pool-137-thread-1] INFO  server.RaftServerConfigKeys (ConfUtils.java:logGet(43)) - raft.server.log.purge.gap = 1000000 (custom)
2019-09-25 06:38:42,681 [pool-137-thread-1] INFO  server.RaftServerConfigKeys (ConfUtils.java:logGet(43)) - raft.server.log.appender.buffer.byte-limit = 33554432 (custom)
2019-09-25 06:38:42,681 [pool-137-thread-1] INFO  server.RaftServerConfigKeys (ConfUtils.java:logGet(43)) - raft.server.log.segment.size.max = 1048576 (custom)
2019-09-25 06:38:42,682 [pool-137-thread-1] INFO  server.RaftServerConfigKeys (ConfUtils.java:logGet(43)) - raft.server.log.segment.cache.num.max = 2 (custom)
2019-09-25 06:38:42,682 [pool-137-thread-1] INFO  segmented.SegmentedRaftLogWorker (SegmentedRaftLogWorker.java:<init>(172)) - new 3692e321-28cf-4ad2-847a-fd8bc9cae3de@group-8FA61B8F19B9-SegmentedRaftLogWorker for RaftStorage:Storage Directory /workdir/hadoop-ozone/ozonefs/target/test-dir/MiniOzoneClusterImpl-5b9a47a0-6db3-42b5-bb6d-2e43fb53942c/datanode-1/data/ratis/80844e0c-67a4-47a0-908c-8fa61b8f19b9
2019-09-25 06:38:42,682 [pool-137-thread-1] INFO  server.RaftServerConfigKeys (ConfUtils.java:logGet(43)) - raft.server.log.queue.byte-limit = 2147483647 (custom)
2019-09-25 06:38:42,682 [pool-137-thread-1] INFO  server.RaftServerConfigKeys (ConfUtils.java:logGet(43)) - raft.server.log.queue.element-limit = 1024 (custom)
2019-09-25 06:38:42,682 [pool-137-thread-1] INFO  server.RaftServerConfigKeys (ConfUtils.java:logGet(43)) - raft.server.log.segment.size.max = 1048576 (custom)
2019-09-25 06:38:42,682 [pool-137-thread-1] INFO  server.RaftServerConfigKeys (ConfUtils.java:logGet(43)) - raft.server.log.preallocated.size = 16384 (custom)
2019-09-25 06:38:42,683 [pool-137-thread-1] INFO  server.RaftServerConfigKeys (ConfUtils.java:logGet(43)) - raft.server.log.write.buffer.size = 33554432 (custom)
2019-09-25 06:38:42,683 [pool-137-thread-1] INFO  server.RaftServerConfigKeys (ConfUtils.java:logGet(43)) - raft.server.log.force.sync.num = 128 (default)
2019-09-25 06:38:42,683 [pool-137-thread-1] INFO  server.RaftServerConfigKeys (ConfUtils.java:logGet(43)) - raft.server.log.statemachine.data.sync = true (default)
2019-09-25 06:38:42,683 [pool-137-thread-1] INFO  server.RaftServerConfigKeys (ConfUtils.java:logGet(43)) - raft.server.log.statemachine.data.sync.timeout = 10s (default)
2019-09-25 06:38:42,683 [pool-137-thread-1] INFO  server.RaftServerConfigKeys (ConfUtils.java:logGet(43)) - raft.server.log.statemachine.data.sync.timeout.retry = -1 (default)
2019-09-25 06:38:42,684 [pool-137-thread-1] INFO  server.RaftServerConfigKeys (ConfUtils.java:logGet(43)) - raft.server.log.statemachine.data.caching.enabled = true (custom)
2019-09-25 06:38:42,684 [pool-137-thread-1] INFO  segmented.SegmentedRaftLogWorker (SegmentedRaftLogWorker.java:lambda$new$0(132)) - 3692e321-28cf-4ad2-847a-fd8bc9cae3de@group-8FA61B8F19B9-SegmentedRaftLogWorker: flushIndex: setUnconditionally 0 -> -1
2019-09-25 06:38:42,684 [pool-137-thread-1] INFO  server.RaftServerConfigKeys (ConfUtils.java:logGet(43)) - raft.server.snapshot.auto.trigger.enabled = true (custom)
2019-09-25 06:38:42,684 [pool-137-thread-1] INFO  server.RaftServerConfigKeys (ConfUtils.java:logGet(43)) - raft.server.snapshot.auto.trigger.threshold = 10000 (custom)
2019-09-25 06:38:42,685 [pool-137-thread-1] INFO  server.RaftServerConfigKeys (ConfUtils.java:logGet(43)) - raft.server.snapshot.retention.num.files = 5 (custom)
2019-09-25 06:38:42,685 [pool-137-thread-1] INFO  server.RaftServerConfigKeys (ConfUtils.java:logGet(43)) - raft.server.retrycache.expirytime = 600000ms (custom)
2019-09-25 06:38:42,688 [pool-137-thread-1] INFO  impl.RaftServerImpl (RaftServerImpl.java:start(185)) - 3692e321-28cf-4ad2-847a-fd8bc9cae3de@group-8FA61B8F19B9: start as a follower, conf=-1: [3692e321-28cf-4ad2-847a-fd8bc9cae3de:192.168.164.207:41796], old=null
2019-09-25 06:38:42,688 [pool-137-thread-1] INFO  impl.RaftServerImpl (RaftServerImpl.java:setRole(174)) - 3692e321-28cf-4ad2-847a-fd8bc9cae3de@group-8FA61B8F19B9: changes role from      null to FOLLOWER at term 0 for startAsFollower
2019-09-25 06:38:42,688 [pool-137-thread-1] INFO  impl.RoleInfo (RoleInfo.java:updateAndGet(143)) - 3692e321-28cf-4ad2-847a-fd8bc9cae3de: start FollowerState
2019-09-25 06:38:42,689 [pool-137-thread-1] INFO  util.JmxRegister (JmxRegister.java:tryRegister(44)) - Successfully registered JMX Bean with object name Ratis:service=RaftServer,group=group-8FA61B8F19B9,id=3692e321-28cf-4ad2-847a-fd8bc9cae3de
2019-09-25 06:38:42,693 [RatisPipelineUtilsThread] INFO  pipeline.PipelineStateManager (PipelineStateManager.java:addPipeline(56)) - Created pipeline Pipeline[ Id: 80844e0c-67a4-47a0-908c-8fa61b8f19b9, Nodes: 3692e321-28cf-4ad2-847a-fd8bc9cae3de{ip: 192.168.164.207, host: pr-hdds-1569-s44lr-3492059363, networkLocation: /default-rack, certSerialId: null}, Type:RATIS, Factor:ONE, State:OPEN]
2019-09-25 06:38:42,693 [RatisPipelineUtilsThread] INFO  pipeline.PipelinePlacementPolicy (PipelinePlacementPolicy.java:meetCriteria(91)) - Pipeline Placement: can't place more pipeline on heavy datanode： 7111b28f-28aa-49dc-8a4f-35994c763fc3 Heaviness: 6 limit: 5
2019-09-25 06:38:42,693 [RatisPipelineUtilsThread] INFO  pipeline.PipelinePlacementPolicy (PipelinePlacementPolicy.java:meetCriteria(91)) - Pipeline Placement: can't place more pipeline on heavy datanode： 3692e321-28cf-4ad2-847a-fd8bc9cae3de Heaviness: 6 limit: 5
2019-09-25 06:38:42,702 [grpc-default-executor-0] INFO  impl.RaftServerProxy (RaftServerProxy.java:addNew(89)) - 1aac8648-70e0-4fd8-b5e1-5d1a6693feb1: addNew group-A1921A2344C8:[1aac8648-70e0-4fd8-b5e1-5d1a6693feb1:192.168.164.207:46163] returns group-A1921A2344C8:java.util.concurrent.CompletableFuture@4b410a87[Not completed]
2019-09-25 06:38:42,703 [pool-147-thread-1] INFO  impl.RaftServerImpl (RaftServerImpl.java:<init>(95)) - 1aac8648-70e0-4fd8-b5e1-5d1a6693feb1: new RaftServerImpl for group-A1921A2344C8:[1aac8648-70e0-4fd8-b5e1-5d1a6693feb1:192.168.164.207:46163] with ContainerStateMachine:uninitialized
2019-09-25 06:38:42,703 [pool-147-thread-1] INFO  server.RaftServerConfigKeys (ConfUtils.java:logGet(43)) - raft.server.rpc.timeout.min = 5s (custom)
2019-09-25 06:38:42,704 [pool-147-thread-1] INFO  server.RaftServerConfigKeys (ConfUtils.java:logGet(43)) - raft.server.rpc.timeout.max = 5200ms (custom)
2019-09-25 06:38:42,704 [pool-147-thread-1] INFO  server.RaftServerConfigKeys (ConfUtils.java:logGet(43)) - raft.server.rpcslowness.timeout = 120s (custom)
2019-09-25 06:38:42,704 [pool-147-thread-1] INFO  server.RaftServerConfigKeys (ConfUtils.java:logGet(43)) - raft.server.sleep.deviation.threshold = 300 (default)
2019-09-25 06:38:42,704 [pool-147-thread-1] INFO  server.RaftServerConfigKeys (ConfUtils.java:logGet(43)) - raft.server.log.appender.install.snapshot.enabled = false (custom)
2019-09-25 06:38:42,704 [pool-147-thread-1] INFO  impl.RaftServerImpl (ServerState.java:<init>(103)) - 1aac8648-70e0-4fd8-b5e1-5d1a6693feb1@group-A1921A2344C8: ConfigurationManager, init=-1: [1aac8648-70e0-4fd8-b5e1-5d1a6693feb1:192.168.164.207:46163], old=null, confs=<EMPTY_MAP>
2019-09-25 06:38:42,704 [pool-147-thread-1] INFO  server.RaftServerConfigKeys (ConfUtils.java:logGet(43)) - raft.server.storage.dir = [/workdir/hadoop-ozone/ozonefs/target/test-dir/MiniOzoneClusterImpl-5b9a47a0-6db3-42b5-bb6d-2e43fb53942c/datanode-2/data/ratis] (custom)
2019-09-25 06:38:42,705 [pool-147-thread-1] INFO  storage.RaftStorageDirectory (RaftStorageDirectory.java:analyzeStorage(246)) - The storage directory /workdir/hadoop-ozone/ozonefs/target/test-dir/MiniOzoneClusterImpl-5b9a47a0-6db3-42b5-bb6d-2e43fb53942c/datanode-2/data/ratis/d5796679-9fe0-4c47-aee4-a1921a2344c8 does not exist. Creating ...
2019-09-25 06:38:42,718 [pool-147-thread-1] INFO  storage.RaftStorageDirectory (RaftStorageDirectory.java:tryLock(328)) - Lock on /workdir/hadoop-ozone/ozonefs/target/test-dir/MiniOzoneClusterImpl-5b9a47a0-6db3-42b5-bb6d-2e43fb53942c/datanode-2/data/ratis/d5796679-9fe0-4c47-aee4-a1921a2344c8/in_use.lock acquired by nodename 12697@pr-hdds-1569-s44lr-3492059363
2019-09-25 06:38:42,733 [pool-147-thread-1] INFO  storage.RaftStorage (RaftStorage.java:format(72)) - Storage directory /workdir/hadoop-ozone/ozonefs/target/test-dir/MiniOzoneClusterImpl-5b9a47a0-6db3-42b5-bb6d-2e43fb53942c/datanode-2/data/ratis/d5796679-9fe0-4c47-aee4-a1921a2344c8 has been successfully formatted.
2019-09-25 06:38:42,734 [pool-147-thread-1] INFO  ratis.ContainerStateMachine (ContainerStateMachine.java:loadSnapshot(230)) - group-A1921A2344C8: The snapshot info is null. Setting the last applied indexto:(t:0, i:~)
2019-09-25 06:38:42,734 [pool-147-thread-1] INFO  server.RaftServerConfigKeys (ConfUtils.java:logGet(43)) - raft.server.notification.no-leader.timeout = 120s (custom)
2019-09-25 06:38:42,734 [pool-147-thread-1] INFO  server.RaftServerConfigKeys (ConfUtils.java:logGet(43)) - raft.server.log.use.memory = false (default)
2019-09-25 06:38:42,734 [pool-147-thread-1] INFO  server.RaftServerConfigKeys (ConfUtils.java:logGet(43)) - raft.server.log.purge.gap = 1000000 (custom)
2019-09-25 06:38:42,734 [pool-147-thread-1] INFO  server.RaftServerConfigKeys (ConfUtils.java:logGet(43)) - raft.server.log.appender.buffer.byte-limit = 33554432 (custom)
2019-09-25 06:38:42,734 [pool-147-thread-1] INFO  server.RaftServerConfigKeys (ConfUtils.java:logGet(43)) - raft.server.log.segment.size.max = 1048576 (custom)
2019-09-25 06:38:42,735 [pool-147-thread-1] INFO  server.RaftServerConfigKeys (ConfUtils.java:logGet(43)) - raft.server.log.segment.cache.num.max = 2 (custom)
2019-09-25 06:38:42,735 [pool-147-thread-1] INFO  segmented.SegmentedRaftLogWorker (SegmentedRaftLogWorker.java:<init>(172)) - new 1aac8648-70e0-4fd8-b5e1-5d1a6693feb1@group-A1921A2344C8-SegmentedRaftLogWorker for RaftStorage:Storage Directory /workdir/hadoop-ozone/ozonefs/target/test-dir/MiniOzoneClusterImpl-5b9a47a0-6db3-42b5-bb6d-2e43fb53942c/datanode-2/data/ratis/d5796679-9fe0-4c47-aee4-a1921a2344c8
2019-09-25 06:38:42,735 [pool-147-thread-1] INFO  server.RaftServerConfigKeys (ConfUtils.java:logGet(43)) - raft.server.log.queue.byte-limit = 2147483647 (custom)
2019-09-25 06:38:42,735 [pool-147-thread-1] INFO  server.RaftServerConfigKeys (ConfUtils.java:logGet(43)) - raft.server.log.queue.element-limit = 1024 (custom)
2019-09-25 06:38:42,735 [pool-147-thread-1] INFO  server.RaftServerConfigKeys (ConfUtils.java:logGet(43)) - raft.server.log.segment.size.max = 1048576 (custom)
2019-09-25 06:38:42,735 [pool-147-thread-1] INFO  server.RaftServerConfigKeys (ConfUtils.java:logGet(43)) - raft.server.log.preallocated.size = 16384 (custom)
2019-09-25 06:38:42,735 [pool-147-thread-1] INFO  server.RaftServerConfigKeys (ConfUtils.java:logGet(43)) - raft.server.log.write.buffer.size = 33554432 (custom)
2019-09-25 06:38:42,736 [pool-147-thread-1] INFO  server.RaftServerConfigKeys (ConfUtils.java:logGet(43)) - raft.server.log.force.sync.num = 128 (default)
2019-09-25 06:38:42,736 [pool-147-thread-1] INFO  server.RaftServerConfigKeys (ConfUtils.java:logGet(43)) - raft.server.log.statemachine.data.sync = true (default)
2019-09-25 06:38:42,736 [pool-147-thread-1] INFO  server.RaftServerConfigKeys (ConfUtils.java:logGet(43)) - raft.server.log.statemachine.data.sync.timeout = 10s (default)
2019-09-25 06:38:42,736 [pool-147-thread-1] INFO  server.RaftServerConfigKeys (ConfUtils.java:logGet(43)) - raft.server.log.statemachine.data.sync.timeout.retry = -1 (default)
2019-09-25 06:38:42,736 [pool-147-thread-1] INFO  server.RaftServerConfigKeys (ConfUtils.java:logGet(43)) - raft.server.log.statemachine.data.caching.enabled = true (custom)
2019-09-25 06:38:42,737 [pool-147-thread-1] INFO  segmented.SegmentedRaftLogWorker (SegmentedRaftLogWorker.java:lambda$new$0(132)) - 1aac8648-70e0-4fd8-b5e1-5d1a6693feb1@group-A1921A2344C8-SegmentedRaftLogWorker: flushIndex: setUnconditionally 0 -> -1
2019-09-25 06:38:42,737 [pool-147-thread-1] INFO  server.RaftServerConfigKeys (ConfUtils.java:logGet(43)) - raft.server.snapshot.auto.trigger.enabled = true (custom)
2019-09-25 06:38:42,737 [pool-147-thread-1] INFO  server.RaftServerConfigKeys (ConfUtils.java:logGet(43)) - raft.server.snapshot.auto.trigger.threshold = 10000 (custom)
2019-09-25 06:38:42,737 [pool-147-thread-1] INFO  server.RaftServerConfigKeys (ConfUtils.java:logGet(43)) - raft.server.snapshot.retention.num.files = 5 (custom)
2019-09-25 06:38:42,737 [pool-147-thread-1] INFO  server.RaftServerConfigKeys (ConfUtils.java:logGet(43)) - raft.server.retrycache.expirytime = 600000ms (custom)
2019-09-25 06:38:42,740 [pool-147-thread-1] INFO  impl.RaftServerImpl (RaftServerImpl.java:start(185)) - 1aac8648-70e0-4fd8-b5e1-5d1a6693feb1@group-A1921A2344C8: start as a follower, conf=-1: [1aac8648-70e0-4fd8-b5e1-5d1a6693feb1:192.168.164.207:46163], old=null
2019-09-25 06:38:42,740 [pool-147-thread-1] INFO  impl.RaftServerImpl (RaftServerImpl.java:setRole(174)) - 1aac8648-70e0-4fd8-b5e1-5d1a6693feb1@group-A1921A2344C8: changes role from      null to FOLLOWER at term 0 for startAsFollower
2019-09-25 06:38:42,740 [pool-147-thread-1] INFO  impl.RoleInfo (RoleInfo.java:updateAndGet(143)) - 1aac8648-70e0-4fd8-b5e1-5d1a6693feb1: start FollowerState
2019-09-25 06:38:42,741 [pool-147-thread-1] INFO  util.JmxRegister (JmxRegister.java:tryRegister(44)) - Successfully registered JMX Bean with object name Ratis:service=RaftServer,group=group-A1921A2344C8,id=1aac8648-70e0-4fd8-b5e1-5d1a6693feb1
2019-09-25 06:38:42,746 [RatisPipelineUtilsThread] INFO  pipeline.PipelineStateManager (PipelineStateManager.java:addPipeline(56)) - Created pipeline Pipeline[ Id: d5796679-9fe0-4c47-aee4-a1921a2344c8, Nodes: 1aac8648-70e0-4fd8-b5e1-5d1a6693feb1{ip: 192.168.164.207, host: pr-hdds-1569-s44lr-3492059363, networkLocation: /default-rack, certSerialId: null}, Type:RATIS, Factor:ONE, State:OPEN]
2019-09-25 06:38:42,746 [RatisPipelineUtilsThread] INFO  pipeline.PipelinePlacementPolicy (PipelinePlacementPolicy.java:meetCriteria(91)) - Pipeline Placement: can't place more pipeline on heavy datanode： 7111b28f-28aa-49dc-8a4f-35994c763fc3 Heaviness: 6 limit: 5
2019-09-25 06:38:42,746 [RatisPipelineUtilsThread] INFO  pipeline.PipelinePlacementPolicy (PipelinePlacementPolicy.java:meetCriteria(91)) - Pipeline Placement: can't place more pipeline on heavy datanode： 3692e321-28cf-4ad2-847a-fd8bc9cae3de Heaviness: 6 limit: 5
2019-09-25 06:38:42,760 [grpc-default-executor-0] INFO  impl.RaftServerProxy (RaftServerProxy.java:addNew(89)) - 1aac8648-70e0-4fd8-b5e1-5d1a6693feb1: addNew group-7A7EBD2DFA9D:[1aac8648-70e0-4fd8-b5e1-5d1a6693feb1:192.168.164.207:46163] returns group-7A7EBD2DFA9D:java.util.concurrent.CompletableFuture@4fe77f6b[Not completed]
2019-09-25 06:38:42,761 [pool-147-thread-1] INFO  impl.RaftServerImpl (RaftServerImpl.java:<init>(95)) - 1aac8648-70e0-4fd8-b5e1-5d1a6693feb1: new RaftServerImpl for group-7A7EBD2DFA9D:[1aac8648-70e0-4fd8-b5e1-5d1a6693feb1:192.168.164.207:46163] with ContainerStateMachine:uninitialized
2019-09-25 06:38:42,761 [pool-147-thread-1] INFO  server.RaftServerConfigKeys (ConfUtils.java:logGet(43)) - raft.server.rpc.timeout.min = 5s (custom)
2019-09-25 06:38:42,761 [pool-147-thread-1] INFO  server.RaftServerConfigKeys (ConfUtils.java:logGet(43)) - raft.server.rpc.timeout.max = 5200ms (custom)
2019-09-25 06:38:42,762 [pool-147-thread-1] INFO  server.RaftServerConfigKeys (ConfUtils.java:logGet(43)) - raft.server.rpcslowness.timeout = 120s (custom)
2019-09-25 06:38:42,762 [pool-147-thread-1] INFO  server.RaftServerConfigKeys (ConfUtils.java:logGet(43)) - raft.server.sleep.deviation.threshold = 300 (default)
2019-09-25 06:38:42,762 [pool-147-thread-1] INFO  server.RaftServerConfigKeys (ConfUtils.java:logGet(43)) - raft.server.log.appender.install.snapshot.enabled = false (custom)
2019-09-25 06:38:42,762 [pool-147-thread-1] INFO  impl.RaftServerImpl (ServerState.java:<init>(103)) - 1aac8648-70e0-4fd8-b5e1-5d1a6693feb1@group-7A7EBD2DFA9D: ConfigurationManager, init=-1: [1aac8648-70e0-4fd8-b5e1-5d1a6693feb1:192.168.164.207:46163], old=null, confs=<EMPTY_MAP>
2019-09-25 06:38:42,762 [pool-147-thread-1] INFO  server.RaftServerConfigKeys (ConfUtils.java:logGet(43)) - raft.server.storage.dir = [/workdir/hadoop-ozone/ozonefs/target/test-dir/MiniOzoneClusterImpl-5b9a47a0-6db3-42b5-bb6d-2e43fb53942c/datanode-2/data/ratis] (custom)
2019-09-25 06:38:42,762 [pool-147-thread-1] INFO  storage.RaftStorageDirectory (RaftStorageDirectory.java:analyzeStorage(246)) - The storage directory /workdir/hadoop-ozone/ozonefs/target/test-dir/MiniOzoneClusterImpl-5b9a47a0-6db3-42b5-bb6d-2e43fb53942c/datanode-2/data/ratis/d47031ba-9a26-42bd-b2d2-7a7ebd2dfa9d does not exist. Creating ...
2019-09-25 06:38:42,766 [pool-147-thread-1] INFO  storage.RaftStorageDirectory (RaftStorageDirectory.java:tryLock(328)) - Lock on /workdir/hadoop-ozone/ozonefs/target/test-dir/MiniOzoneClusterImpl-5b9a47a0-6db3-42b5-bb6d-2e43fb53942c/datanode-2/data/ratis/d47031ba-9a26-42bd-b2d2-7a7ebd2dfa9d/in_use.lock acquired by nodename 12697@pr-hdds-1569-s44lr-3492059363
2019-09-25 06:38:42,779 [pool-147-thread-1] INFO  storage.RaftStorage (RaftStorage.java:format(72)) - Storage directory /workdir/hadoop-ozone/ozonefs/target/test-dir/MiniOzoneClusterImpl-5b9a47a0-6db3-42b5-bb6d-2e43fb53942c/datanode-2/data/ratis/d47031ba-9a26-42bd-b2d2-7a7ebd2dfa9d has been successfully formatted.
2019-09-25 06:38:42,779 [pool-147-thread-1] INFO  ratis.ContainerStateMachine (ContainerStateMachine.java:loadSnapshot(230)) - group-7A7EBD2DFA9D: The snapshot info is null. Setting the last applied indexto:(t:0, i:~)
2019-09-25 06:38:42,780 [pool-147-thread-1] INFO  server.RaftServerConfigKeys (ConfUtils.java:logGet(43)) - raft.server.notification.no-leader.timeout = 120s (custom)
2019-09-25 06:38:42,780 [pool-147-thread-1] INFO  server.RaftServerConfigKeys (ConfUtils.java:logGet(43)) - raft.server.log.use.memory = false (default)
2019-09-25 06:38:42,780 [pool-147-thread-1] INFO  server.RaftServerConfigKeys (ConfUtils.java:logGet(43)) - raft.server.log.purge.gap = 1000000 (custom)
2019-09-25 06:38:42,780 [pool-147-thread-1] INFO  server.RaftServerConfigKeys (ConfUtils.java:logGet(43)) - raft.server.log.appender.buffer.byte-limit = 33554432 (custom)
2019-09-25 06:38:42,780 [pool-147-thread-1] INFO  server.RaftServerConfigKeys (ConfUtils.java:logGet(43)) - raft.server.log.segment.size.max = 1048576 (custom)
2019-09-25 06:38:42,780 [pool-147-thread-1] INFO  server.RaftServerConfigKeys (ConfUtils.java:logGet(43)) - raft.server.log.segment.cache.num.max = 2 (custom)
2019-09-25 06:38:42,780 [pool-147-thread-1] INFO  segmented.SegmentedRaftLogWorker (SegmentedRaftLogWorker.java:<init>(172)) - new 1aac8648-70e0-4fd8-b5e1-5d1a6693feb1@group-7A7EBD2DFA9D-SegmentedRaftLogWorker for RaftStorage:Storage Directory /workdir/hadoop-ozone/ozonefs/target/test-dir/MiniOzoneClusterImpl-5b9a47a0-6db3-42b5-bb6d-2e43fb53942c/datanode-2/data/ratis/d47031ba-9a26-42bd-b2d2-7a7ebd2dfa9d
2019-09-25 06:38:42,781 [pool-147-thread-1] INFO  server.RaftServerConfigKeys (ConfUtils.java:logGet(43)) - raft.server.log.queue.byte-limit = 2147483647 (custom)
2019-09-25 06:38:42,781 [pool-147-thread-1] INFO  server.RaftServerConfigKeys (ConfUtils.java:logGet(43)) - raft.server.log.queue.element-limit = 1024 (custom)
2019-09-25 06:38:42,781 [pool-147-thread-1] INFO  server.RaftServerConfigKeys (ConfUtils.java:logGet(43)) - raft.server.log.segment.size.max = 1048576 (custom)
2019-09-25 06:38:42,781 [pool-147-thread-1] INFO  server.RaftServerConfigKeys (ConfUtils.java:logGet(43)) - raft.server.log.preallocated.size = 16384 (custom)
2019-09-25 06:38:42,781 [pool-147-thread-1] INFO  server.RaftServerConfigKeys (ConfUtils.java:logGet(43)) - raft.server.log.write.buffer.size = 33554432 (custom)
2019-09-25 06:38:42,781 [pool-147-thread-1] INFO  server.RaftServerConfigKeys (ConfUtils.java:logGet(43)) - raft.server.log.force.sync.num = 128 (default)
2019-09-25 06:38:42,781 [pool-147-thread-1] INFO  server.RaftServerConfigKeys (ConfUtils.java:logGet(43)) - raft.server.log.statemachine.data.sync = true (default)
2019-09-25 06:38:42,781 [pool-147-thread-1] INFO  server.RaftServerConfigKeys (ConfUtils.java:logGet(43)) - raft.server.log.statemachine.data.sync.timeout = 10s (default)
2019-09-25 06:38:42,782 [pool-147-thread-1] INFO  server.RaftServerConfigKeys (ConfUtils.java:logGet(43)) - raft.server.log.statemachine.data.sync.timeout.retry = -1 (default)
2019-09-25 06:38:42,782 [pool-147-thread-1] INFO  server.RaftServerConfigKeys (ConfUtils.java:logGet(43)) - raft.server.log.statemachine.data.caching.enabled = true (custom)
2019-09-25 06:38:42,782 [pool-147-thread-1] INFO  segmented.SegmentedRaftLogWorker (SegmentedRaftLogWorker.java:lambda$new$0(132)) - 1aac8648-70e0-4fd8-b5e1-5d1a6693feb1@group-7A7EBD2DFA9D-SegmentedRaftLogWorker: flushIndex: setUnconditionally 0 -> -1
2019-09-25 06:38:42,782 [pool-147-thread-1] INFO  server.RaftServerConfigKeys (ConfUtils.java:logGet(43)) - raft.server.snapshot.auto.trigger.enabled = true (custom)
2019-09-25 06:38:42,783 [pool-147-thread-1] INFO  server.RaftServerConfigKeys (ConfUtils.java:logGet(43)) - raft.server.snapshot.auto.trigger.threshold = 10000 (custom)
2019-09-25 06:38:42,783 [pool-147-thread-1] INFO  server.RaftServerConfigKeys (ConfUtils.java:logGet(43)) - raft.server.snapshot.retention.num.files = 5 (custom)
2019-09-25 06:38:42,783 [pool-147-thread-1] INFO  server.RaftServerConfigKeys (ConfUtils.java:logGet(43)) - raft.server.retrycache.expirytime = 600000ms (custom)
2019-09-25 06:38:42,785 [pool-147-thread-1] INFO  impl.RaftServerImpl (RaftServerImpl.java:start(185)) - 1aac8648-70e0-4fd8-b5e1-5d1a6693feb1@group-7A7EBD2DFA9D: start as a follower, conf=-1: [1aac8648-70e0-4fd8-b5e1-5d1a6693feb1:192.168.164.207:46163], old=null
2019-09-25 06:38:42,785 [pool-147-thread-1] INFO  impl.RaftServerImpl (RaftServerImpl.java:setRole(174)) - 1aac8648-70e0-4fd8-b5e1-5d1a6693feb1@group-7A7EBD2DFA9D: changes role from      null to FOLLOWER at term 0 for startAsFollower
2019-09-25 06:38:42,785 [pool-147-thread-1] INFO  impl.RoleInfo (RoleInfo.java:updateAndGet(143)) - 1aac8648-70e0-4fd8-b5e1-5d1a6693feb1: start FollowerState
2019-09-25 06:38:42,786 [pool-147-thread-1] INFO  util.JmxRegister (JmxRegister.java:tryRegister(44)) - Successfully registered JMX Bean with object name Ratis:service=RaftServer,group=group-7A7EBD2DFA9D,id=1aac8648-70e0-4fd8-b5e1-5d1a6693feb1
2019-09-25 06:38:42,791 [RatisPipelineUtilsThread] INFO  pipeline.PipelineStateManager (PipelineStateManager.java:addPipeline(56)) - Created pipeline Pipeline[ Id: d47031ba-9a26-42bd-b2d2-7a7ebd2dfa9d, Nodes: 1aac8648-70e0-4fd8-b5e1-5d1a6693feb1{ip: 192.168.164.207, host: pr-hdds-1569-s44lr-3492059363, networkLocation: /default-rack, certSerialId: null}, Type:RATIS, Factor:ONE, State:OPEN]
2019-09-25 06:38:42,791 [RatisPipelineUtilsThread] INFO  pipeline.PipelinePlacementPolicy (PipelinePlacementPolicy.java:meetCriteria(91)) - Pipeline Placement: can't place more pipeline on heavy datanode： 1aac8648-70e0-4fd8-b5e1-5d1a6693feb1 Heaviness: 6 limit: 5
2019-09-25 06:38:42,791 [RatisPipelineUtilsThread] INFO  pipeline.PipelinePlacementPolicy (PipelinePlacementPolicy.java:meetCriteria(91)) - Pipeline Placement: can't place more pipeline on heavy datanode： 7111b28f-28aa-49dc-8a4f-35994c763fc3 Heaviness: 6 limit: 5
2019-09-25 06:38:42,791 [RatisPipelineUtilsThread] INFO  pipeline.PipelinePlacementPolicy (PipelinePlacementPolicy.java:meetCriteria(91)) - Pipeline Placement: can't place more pipeline on heavy datanode： 3692e321-28cf-4ad2-847a-fd8bc9cae3de Heaviness: 6 limit: 5
2019-09-25 06:38:42,792 [RatisPipelineUtilsThread] ERROR pipeline.PipelinePlacementPolicy (PipelinePlacementPolicy.java:filterViableNodes(148)) - Unable to find enough nodes that meet the criteria that cannot engage in more than 5 pipelines. Nodes required: 1 Found: 0, healthy nodes count inNodeManager: 3.
2019-09-25 06:38:42,792 [RatisPipelineUtilsThread] ERROR pipeline.SCMPipelineManager (SCMPipelineManager.java:createPipeline(167)) - Pipeline creation failed.
org.apache.hadoop.hdds.scm.exceptions.SCMException: Unable to find enough nodes that meet the criteria that cannot engage in more than 5 pipelines. Nodes required: 1 Found: 0, healthy nodes count inNodeManager: 3.
	at org.apache.hadoop.hdds.scm.pipeline.PipelinePlacementPolicy.filterViableNodes(PipelinePlacementPolicy.java:149)
	at org.apache.hadoop.hdds.scm.pipeline.PipelinePlacementPolicy.chooseDatanodes(PipelinePlacementPolicy.java:172)
	at org.apache.hadoop.hdds.scm.pipeline.RatisPipelineProvider.create(RatisPipelineProvider.java:93)
	at org.apache.hadoop.hdds.scm.pipeline.PipelineFactory.create(PipelineFactory.java:58)
	at org.apache.hadoop.hdds.scm.pipeline.SCMPipelineManager.createPipeline(SCMPipelineManager.java:155)
	at org.apache.hadoop.hdds.scm.pipeline.BackgroundPipelineCreator.createPipelines(BackgroundPipelineCreator.java:99)
	at java.util.concurrent.Executors$RunnableAdapter.call(Executors.java:511)
	at java.util.concurrent.FutureTask.run(FutureTask.java:266)
	at java.util.concurrent.ScheduledThreadPoolExecutor$ScheduledFutureTask.access$201(ScheduledThreadPoolExecutor.java:180)
	at java.util.concurrent.ScheduledThreadPoolExecutor$ScheduledFutureTask.run(ScheduledThreadPoolExecutor.java:293)
	at java.util.concurrent.ThreadPoolExecutor.runWorker(ThreadPoolExecutor.java:1149)
	at java.util.concurrent.ThreadPoolExecutor$Worker.run(ThreadPoolExecutor.java:624)
	at java.lang.Thread.run(Thread.java:748)
2019-09-25 06:38:42,792 [RatisPipelineUtilsThread] INFO  pipeline.PipelinePlacementPolicy (PipelinePlacementPolicy.java:meetCriteria(91)) - Pipeline Placement: can't place more pipeline on heavy datanode： 1aac8648-70e0-4fd8-b5e1-5d1a6693feb1 Heaviness: 6 limit: 5
2019-09-25 06:38:42,793 [RatisPipelineUtilsThread] INFO  pipeline.PipelinePlacementPolicy (PipelinePlacementPolicy.java:meetCriteria(91)) - Pipeline Placement: can't place more pipeline on heavy datanode： 7111b28f-28aa-49dc-8a4f-35994c763fc3 Heaviness: 6 limit: 5
2019-09-25 06:38:42,793 [RatisPipelineUtilsThread] INFO  pipeline.PipelinePlacementPolicy (PipelinePlacementPolicy.java:meetCriteria(91)) - Pipeline Placement: can't place more pipeline on heavy datanode： 3692e321-28cf-4ad2-847a-fd8bc9cae3de Heaviness: 6 limit: 5
2019-09-25 06:38:42,793 [RatisPipelineUtilsThread] ERROR pipeline.PipelinePlacementPolicy (PipelinePlacementPolicy.java:filterViableNodes(148)) - Unable to find enough nodes that meet the criteria that cannot engage in more than 5 pipelines. Nodes required: 3 Found: 0, healthy nodes count inNodeManager: 3.
2019-09-25 06:38:42,793 [RatisPipelineUtilsThread] ERROR pipeline.SCMPipelineManager (SCMPipelineManager.java:createPipeline(167)) - Pipeline creation failed.
org.apache.hadoop.hdds.scm.exceptions.SCMException: Unable to find enough nodes that meet the criteria that cannot engage in more than 5 pipelines. Nodes required: 3 Found: 0, healthy nodes count inNodeManager: 3.
	at org.apache.hadoop.hdds.scm.pipeline.PipelinePlacementPolicy.filterViableNodes(PipelinePlacementPolicy.java:149)
	at org.apache.hadoop.hdds.scm.pipeline.PipelinePlacementPolicy.chooseDatanodes(PipelinePlacementPolicy.java:172)
	at org.apache.hadoop.hdds.scm.pipeline.RatisPipelineProvider.create(RatisPipelineProvider.java:93)
	at org.apache.hadoop.hdds.scm.pipeline.PipelineFactory.create(PipelineFactory.java:58)
	at org.apache.hadoop.hdds.scm.pipeline.SCMPipelineManager.createPipeline(SCMPipelineManager.java:155)
	at org.apache.hadoop.hdds.scm.pipeline.BackgroundPipelineCreator.createPipelines(BackgroundPipelineCreator.java:99)
	at java.util.concurrent.Executors$RunnableAdapter.call(Executors.java:511)
	at java.util.concurrent.FutureTask.run(FutureTask.java:266)
	at java.util.concurrent.ScheduledThreadPoolExecutor$ScheduledFutureTask.access$201(ScheduledThreadPoolExecutor.java:180)
	at java.util.concurrent.ScheduledThreadPoolExecutor$ScheduledFutureTask.run(ScheduledThreadPoolExecutor.java:293)
	at java.util.concurrent.ThreadPoolExecutor.runWorker(ThreadPoolExecutor.java:1149)
	at java.util.concurrent.ThreadPoolExecutor$Worker.run(ThreadPoolExecutor.java:624)
	at java.lang.Thread.run(Thread.java:748)
2019-09-25 06:38:42,793 [RatisPipelineUtilsThread] INFO  pipeline.PipelinePlacementPolicy (PipelinePlacementPolicy.java:meetCriteria(91)) - Pipeline Placement: can't place more pipeline on heavy datanode： 1aac8648-70e0-4fd8-b5e1-5d1a6693feb1 Heaviness: 6 limit: 5
2019-09-25 06:38:42,794 [RatisPipelineUtilsThread] INFO  pipeline.PipelinePlacementPolicy (PipelinePlacementPolicy.java:meetCriteria(91)) - Pipeline Placement: can't place more pipeline on heavy datanode： 7111b28f-28aa-49dc-8a4f-35994c763fc3 Heaviness: 6 limit: 5
2019-09-25 06:38:42,794 [RatisPipelineUtilsThread] INFO  pipeline.PipelinePlacementPolicy (PipelinePlacementPolicy.java:meetCriteria(91)) - Pipeline Placement: can't place more pipeline on heavy datanode： 3692e321-28cf-4ad2-847a-fd8bc9cae3de Heaviness: 6 limit: 5
2019-09-25 06:38:42,794 [RatisPipelineUtilsThread] ERROR pipeline.PipelinePlacementPolicy (PipelinePlacementPolicy.java:filterViableNodes(148)) - Unable to find enough nodes that meet the criteria that cannot engage in more than 5 pipelines. Nodes required: 1 Found: 0, healthy nodes count inNodeManager: 3.
2019-09-25 06:38:42,794 [RatisPipelineUtilsThread] ERROR pipeline.SCMPipelineManager (SCMPipelineManager.java:createPipeline(167)) - Pipeline creation failed.
org.apache.hadoop.hdds.scm.exceptions.SCMException: Unable to find enough nodes that meet the criteria that cannot engage in more than 5 pipelines. Nodes required: 1 Found: 0, healthy nodes count inNodeManager: 3.
	at org.apache.hadoop.hdds.scm.pipeline.PipelinePlacementPolicy.filterViableNodes(PipelinePlacementPolicy.java:149)
	at org.apache.hadoop.hdds.scm.pipeline.PipelinePlacementPolicy.chooseDatanodes(PipelinePlacementPolicy.java:172)
	at org.apache.hadoop.hdds.scm.pipeline.RatisPipelineProvider.create(RatisPipelineProvider.java:93)
	at org.apache.hadoop.hdds.scm.pipeline.PipelineFactory.create(PipelineFactory.java:58)
	at org.apache.hadoop.hdds.scm.pipeline.SCMPipelineManager.createPipeline(SCMPipelineManager.java:155)
	at org.apache.hadoop.hdds.scm.pipeline.BackgroundPipelineCreator.createPipelines(BackgroundPipelineCreator.java:99)
	at org.apache.hadoop.hdds.scm.pipeline.BackgroundPipelineCreator.lambda$startFixedIntervalPipelineCreator$0(BackgroundPipelineCreator.java:70)
	at java.util.concurrent.Executors$RunnableAdapter.call(Executors.java:511)
	at java.util.concurrent.FutureTask.runAndReset(FutureTask.java:308)
	at java.util.concurrent.ScheduledThreadPoolExecutor$ScheduledFutureTask.access$301(ScheduledThreadPoolExecutor.java:180)
	at java.util.concurrent.ScheduledThreadPoolExecutor$ScheduledFutureTask.run(ScheduledThreadPoolExecutor.java:294)
	at java.util.concurrent.ThreadPoolExecutor.runWorker(ThreadPoolExecutor.java:1149)
	at java.util.concurrent.ThreadPoolExecutor$Worker.run(ThreadPoolExecutor.java:624)
	at java.lang.Thread.run(Thread.java:748)
2019-09-25 06:38:42,795 [RatisPipelineUtilsThread] INFO  pipeline.PipelinePlacementPolicy (PipelinePlacementPolicy.java:meetCriteria(91)) - Pipeline Placement: can't place more pipeline on heavy datanode： 1aac8648-70e0-4fd8-b5e1-5d1a6693feb1 Heaviness: 6 limit: 5
2019-09-25 06:38:42,795 [RatisPipelineUtilsThread] INFO  pipeline.PipelinePlacementPolicy (PipelinePlacementPolicy.java:meetCriteria(91)) - Pipeline Placement: can't place more pipeline on heavy datanode： 7111b28f-28aa-49dc-8a4f-35994c763fc3 Heaviness: 6 limit: 5
2019-09-25 06:38:42,795 [RatisPipelineUtilsThread] INFO  pipeline.PipelinePlacementPolicy (PipelinePlacementPolicy.java:meetCriteria(91)) - Pipeline Placement: can't place more pipeline on heavy datanode： 3692e321-28cf-4ad2-847a-fd8bc9cae3de Heaviness: 6 limit: 5
2019-09-25 06:38:42,795 [RatisPipelineUtilsThread] ERROR pipeline.PipelinePlacementPolicy (PipelinePlacementPolicy.java:filterViableNodes(148)) - Unable to find enough nodes that meet the criteria that cannot engage in more than 5 pipelines. Nodes required: 3 Found: 0, healthy nodes count inNodeManager: 3.
2019-09-25 06:38:42,795 [RatisPipelineUtilsThread] ERROR pipeline.SCMPipelineManager (SCMPipelineManager.java:createPipeline(167)) - Pipeline creation failed.
org.apache.hadoop.hdds.scm.exceptions.SCMException: Unable to find enough nodes that meet the criteria that cannot engage in more than 5 pipelines. Nodes required: 3 Found: 0, healthy nodes count inNodeManager: 3.
	at org.apache.hadoop.hdds.scm.pipeline.PipelinePlacementPolicy.filterViableNodes(PipelinePlacementPolicy.java:149)
	at org.apache.hadoop.hdds.scm.pipeline.PipelinePlacementPolicy.chooseDatanodes(PipelinePlacementPolicy.java:172)
	at org.apache.hadoop.hdds.scm.pipeline.RatisPipelineProvider.create(RatisPipelineProvider.java:93)
	at org.apache.hadoop.hdds.scm.pipeline.PipelineFactory.create(PipelineFactory.java:58)
	at org.apache.hadoop.hdds.scm.pipeline.SCMPipelineManager.createPipeline(SCMPipelineManager.java:155)
	at org.apache.hadoop.hdds.scm.pipeline.BackgroundPipelineCreator.createPipelines(BackgroundPipelineCreator.java:99)
	at org.apache.hadoop.hdds.scm.pipeline.BackgroundPipelineCreator.lambda$startFixedIntervalPipelineCreator$0(BackgroundPipelineCreator.java:70)
	at java.util.concurrent.Executors$RunnableAdapter.call(Executors.java:511)
	at java.util.concurrent.FutureTask.runAndReset(FutureTask.java:308)
	at java.util.concurrent.ScheduledThreadPoolExecutor$ScheduledFutureTask.access$301(ScheduledThreadPoolExecutor.java:180)
	at java.util.concurrent.ScheduledThreadPoolExecutor$ScheduledFutureTask.run(ScheduledThreadPoolExecutor.java:294)
	at java.util.concurrent.ThreadPoolExecutor.runWorker(ThreadPoolExecutor.java:1149)
	at java.util.concurrent.ThreadPoolExecutor$Worker.run(ThreadPoolExecutor.java:624)
	at java.lang.Thread.run(Thread.java:748)
2019-09-25 06:38:42,797 [IPC Server handler 0 on 39113] INFO  pipeline.PipelinePlacementPolicy (PipelinePlacementPolicy.java:meetCriteria(91)) - Pipeline Placement: can't place more pipeline on heavy datanode： 1aac8648-70e0-4fd8-b5e1-5d1a6693feb1 Heaviness: 6 limit: 5
2019-09-25 06:38:42,799 [IPC Server handler 0 on 39113] INFO  pipeline.PipelinePlacementPolicy (PipelinePlacementPolicy.java:meetCriteria(91)) - Pipeline Placement: can't place more pipeline on heavy datanode： 7111b28f-28aa-49dc-8a4f-35994c763fc3 Heaviness: 6 limit: 5
2019-09-25 06:38:42,799 [IPC Server handler 0 on 39113] INFO  pipeline.PipelinePlacementPolicy (PipelinePlacementPolicy.java:meetCriteria(91)) - Pipeline Placement: can't place more pipeline on heavy datanode： 3692e321-28cf-4ad2-847a-fd8bc9cae3de Heaviness: 6 limit: 5
2019-09-25 06:38:42,800 [IPC Server handler 0 on 39113] ERROR pipeline.PipelinePlacementPolicy (PipelinePlacementPolicy.java:filterViableNodes(148)) - Unable to find enough nodes that meet the criteria that cannot engage in more than 5 pipelines. Nodes required: 3 Found: 0, healthy nodes count inNodeManager: 3.
2019-09-25 06:38:42,800 [IPC Server handler 0 on 39113] ERROR pipeline.SCMPipelineManager (SCMPipelineManager.java:createPipeline(167)) - Pipeline creation failed.
org.apache.hadoop.hdds.scm.exceptions.SCMException: Unable to find enough nodes that meet the criteria that cannot engage in more than 5 pipelines. Nodes required: 3 Found: 0, healthy nodes count inNodeManager: 3.
	at org.apache.hadoop.hdds.scm.pipeline.PipelinePlacementPolicy.filterViableNodes(PipelinePlacementPolicy.java:149)
	at org.apache.hadoop.hdds.scm.pipeline.PipelinePlacementPolicy.chooseDatanodes(PipelinePlacementPolicy.java:172)
	at org.apache.hadoop.hdds.scm.pipeline.RatisPipelineProvider.create(RatisPipelineProvider.java:93)
	at org.apache.hadoop.hdds.scm.pipeline.PipelineFactory.create(PipelineFactory.java:58)
	at org.apache.hadoop.hdds.scm.pipeline.SCMPipelineManager.createPipeline(SCMPipelineManager.java:155)
	at org.apache.hadoop.hdds.scm.block.BlockManagerImpl.allocateBlock(BlockManagerImpl.java:190)
	at org.apache.hadoop.hdds.scm.server.SCMBlockProtocolServer.allocateBlock(SCMBlockProtocolServer.java:182)
	at org.apache.hadoop.ozone.protocolPB.ScmBlockLocationProtocolServerSideTranslatorPB.allocateScmBlock(ScmBlockLocationProtocolServerSideTranslatorPB.java:183)
	at org.apache.hadoop.ozone.protocolPB.ScmBlockLocationProtocolServerSideTranslatorPB.processMessage(ScmBlockLocationProtocolServerSideTranslatorPB.java:141)
	at org.apache.hadoop.ozone.protocolPB.ScmBlockLocationProtocolServerSideTranslatorPB.send(ScmBlockLocationProtocolServerSideTranslatorPB.java:116)
	at org.apache.hadoop.hdds.protocol.proto.ScmBlockLocationProtocolProtos$ScmBlockLocationProtocolService$2.callBlockingMethod(ScmBlockLocationProtocolProtos.java:13157)
	at org.apache.hadoop.ipc.ProtobufRpcEngine$Server$ProtoBufRpcInvoker.call(ProtobufRpcEngine.java:524)
	at org.apache.hadoop.ipc.RPC$Server.call(RPC.java:1025)
	at org.apache.hadoop.ipc.Server$RpcCall.run(Server.java:876)
	at org.apache.hadoop.ipc.Server$RpcCall.run(Server.java:822)
	at java.security.AccessController.doPrivileged(Native Method)
	at javax.security.auth.Subject.doAs(Subject.java:422)
	at org.apache.hadoop.security.UserGroupInformation.doAs(UserGroupInformation.java:1730)
	at org.apache.hadoop.ipc.Server$Handler.run(Server.java:2682)
2019-09-25 06:38:42,800 [IPC Server handler 0 on 39113] WARN  block.BlockManagerImpl (BlockManagerImpl.java:allocateBlock(192)) - Pipeline creation failed for type:RATIS factor:THREE. Retrying get pipelines call once.
org.apache.hadoop.hdds.scm.exceptions.SCMException: Unable to find enough nodes that meet the criteria that cannot engage in more than 5 pipelines. Nodes required: 3 Found: 0, healthy nodes count inNodeManager: 3.
	at org.apache.hadoop.hdds.scm.pipeline.PipelinePlacementPolicy.filterViableNodes(PipelinePlacementPolicy.java:149)
	at org.apache.hadoop.hdds.scm.pipeline.PipelinePlacementPolicy.chooseDatanodes(PipelinePlacementPolicy.java:172)
	at org.apache.hadoop.hdds.scm.pipeline.RatisPipelineProvider.create(RatisPipelineProvider.java:93)
	at org.apache.hadoop.hdds.scm.pipeline.PipelineFactory.create(PipelineFactory.java:58)
	at org.apache.hadoop.hdds.scm.pipeline.SCMPipelineManager.createPipeline(SCMPipelineManager.java:155)
	at org.apache.hadoop.hdds.scm.block.BlockManagerImpl.allocateBlock(BlockManagerImpl.java:190)
	at org.apache.hadoop.hdds.scm.server.SCMBlockProtocolServer.allocateBlock(SCMBlockProtocolServer.java:182)
	at org.apache.hadoop.ozone.protocolPB.ScmBlockLocationProtocolServerSideTranslatorPB.allocateScmBlock(ScmBlockLocationProtocolServerSideTranslatorPB.java:183)
	at org.apache.hadoop.ozone.protocolPB.ScmBlockLocationProtocolServerSideTranslatorPB.processMessage(ScmBlockLocationProtocolServerSideTranslatorPB.java:141)
	at org.apache.hadoop.ozone.protocolPB.ScmBlockLocationProtocolServerSideTranslatorPB.send(ScmBlockLocationProtocolServerSideTranslatorPB.java:116)
	at org.apache.hadoop.hdds.protocol.proto.ScmBlockLocationProtocolProtos$ScmBlockLocationProtocolService$2.callBlockingMethod(ScmBlockLocationProtocolProtos.java:13157)
	at org.apache.hadoop.ipc.ProtobufRpcEngine$Server$ProtoBufRpcInvoker.call(ProtobufRpcEngine.java:524)
	at org.apache.hadoop.ipc.RPC$Server.call(RPC.java:1025)
	at org.apache.hadoop.ipc.Server$RpcCall.run(Server.java:876)
	at org.apache.hadoop.ipc.Server$RpcCall.run(Server.java:822)
	at java.security.AccessController.doPrivileged(Native Method)
	at javax.security.auth.Subject.doAs(Subject.java:422)
	at org.apache.hadoop.security.UserGroupInformation.doAs(UserGroupInformation.java:1730)
	at org.apache.hadoop.ipc.Server$Handler.run(Server.java:2682)
2019-09-25 06:38:42,801 [IPC Server handler 0 on 39113] INFO  block.BlockManagerImpl (BlockManagerImpl.java:allocateBlock(198)) - Could not find available pipeline of type:RATIS and factor:THREE even after retrying
2019-09-25 06:38:42,801 [IPC Server handler 0 on 39113] ERROR block.BlockManagerImpl (BlockManagerImpl.java:allocateBlock(222)) - Unable to allocate a block for the size: 4194304, type: RATIS, factor: THREE
2019-09-25 06:38:42,811 [Thread-467] INFO  ozone.MiniOzoneClusterImpl (MiniOzoneClusterImpl.java:shutdown(314)) - Shutting down the Mini Ozone Cluster
2019-09-25 06:38:42,811 [Thread-467] INFO  ozone.MiniOzoneClusterImpl (MiniOzoneClusterImpl.java:stop(330)) - Stopping the Mini Ozone Cluster
2019-09-25 06:38:42,811 [Thread-467] INFO  ozone.MiniOzoneClusterImpl (MiniOzoneClusterImpl.java:stopOM(400)) - Stopping the OzoneManager
2019-09-25 06:38:42,811 [Thread-467] INFO  ipc.Server (Server.java:stop(3082)) - Stopping server on 44037
2019-09-25 06:38:42,815 [IPC Server listener on 44037] INFO  ipc.Server (Server.java:run(1185)) - Stopping IPC Server listener on 44037
2019-09-25 06:38:42,815 [Thread-467] INFO  ratis.OzoneManagerDoubleBuffer (OzoneManagerDoubleBuffer.java:stop(248)) - Stopping OMDoubleBuffer flush thread
2019-09-25 06:38:42,815 [IPC Server Responder] INFO  ipc.Server (Server.java:run(1319)) - Stopping IPC Server Responder
2019-09-25 06:38:42,815 [OMDoubleBufferFlushThread] INFO  ratis.OzoneManagerDoubleBuffer (OzoneManagerDoubleBuffer.java:flushTransactions(191)) - OMDoubleBuffer flush thread OMDoubleBufferFlushThread is interrupted and will exit. OMDoubleBufferFlushThread
2019-09-25 06:38:42,818 [Thread-467] INFO  utils.BackgroundService (BackgroundService.java:shutdown(148)) - Shutting down service KeyDeletingService
2019-09-25 06:38:42,820 [Thread-467] INFO  handler.ContextHandler (ContextHandler.java:doStop(910)) - Stopped o.e.j.w.WebAppContext@6dc61d4f{/,null,UNAVAILABLE}{/ozoneManager}
2019-09-25 06:38:42,820 [Thread-467] INFO  server.AbstractConnector (AbstractConnector.java:doStop(318)) - Stopped ServerConnector@58f53894{HTTP/1.1,[http/1.1]}{0.0.0.0:0}
2019-09-25 06:38:42,821 [Thread-467] INFO  handler.ContextHandler (ContextHandler.java:doStop(910)) - Stopped o.e.j.s.ServletContextHandler@1c8059a5{/static,jar:file:/home/user/.m2/repository/org/apache/hadoop/hadoop-ozone-ozone-manager/0.5.0-SNAPSHOT/hadoop-ozone-ozone-manager-0.5.0-SNAPSHOT.jar!/webapps/static,UNAVAILABLE}
2019-09-25 06:38:42,821 [Thread-467] INFO  handler.ContextHandler (ContextHandler.java:doStop(910)) - Stopped o.e.j.s.ServletContextHandler@a23f8a6{/logs,file:///workdir/hadoop-ozone/ozonefs/target/log,UNAVAILABLE}
2019-09-25 06:38:42,823 [Thread-467] INFO  ozone.MiniOzoneClusterImpl (MiniOzoneClusterImpl.java:stopDatanodes(377)) - Stopping the HddsDatanodes
2019-09-25 06:38:43,069 [Datanode State Machine Thread - 0] INFO  statemachine.DatanodeStateMachine (DatanodeStateMachine.java:lambda$startDaemon$0(350)) - Ozone container server started.
2019-09-25 06:38:43,140 [Datanode State Machine Thread - 0] INFO  statemachine.DatanodeStateMachine (DatanodeStateMachine.java:lambda$startDaemon$0(350)) - Ozone container server started.
2019-09-25 06:38:44,094 [Thread-639] INFO  container.ReplicationManager (ReplicationManager.java:start(163)) - Starting Replication Monitor Thread.
2019-09-25 06:38:44,097 [ReplicationMonitor] INFO  container.ReplicationManager (ReplicationManager.java:run(226)) - Replication Monitor Thread took 0 milliseconds for processing 0 containers.
2019-09-25 06:38:46,913 [Thread-641] INFO  impl.FollowerState (FollowerState.java:run(106)) - 7111b28f-28aa-49dc-8a4f-35994c763fc3:group-73C2459995CD changes to CANDIDATE, lastRpcTime:5006, electionTimeout:5006ms
2019-09-25 06:38:46,914 [Thread-641] INFO  impl.RoleInfo (RoleInfo.java:shutdownFollowerState(121)) - 7111b28f-28aa-49dc-8a4f-35994c763fc3: shutdown FollowerState
2019-09-25 06:38:46,914 [Thread-641] INFO  impl.RaftServerImpl (RaftServerImpl.java:setRole(174)) - 7111b28f-28aa-49dc-8a4f-35994c763fc3@group-73C2459995CD: changes role from  FOLLOWER to CANDIDATE at term 0 for changeToCandidate
2019-09-25 06:38:46,914 [Thread-641] INFO  impl.RoleInfo (RoleInfo.java:updateAndGet(143)) - 7111b28f-28aa-49dc-8a4f-35994c763fc3: start LeaderElection
2019-09-25 06:38:47,057 [Thread-644] INFO  impl.FollowerState (FollowerState.java:run(106)) - 7111b28f-28aa-49dc-8a4f-35994c763fc3:group-34F821AE28E6 changes to CANDIDATE, lastRpcTime:5096, electionTimeout:5096ms
2019-09-25 06:38:47,057 [Thread-644] INFO  impl.RoleInfo (RoleInfo.java:shutdownFollowerState(121)) - 7111b28f-28aa-49dc-8a4f-35994c763fc3: shutdown FollowerState
2019-09-25 06:38:47,057 [Thread-644] INFO  impl.RaftServerImpl (RaftServerImpl.java:setRole(174)) - 7111b28f-28aa-49dc-8a4f-35994c763fc3@group-34F821AE28E6: changes role from  FOLLOWER to CANDIDATE at term 0 for changeToCandidate
2019-09-25 06:38:47,058 [Thread-644] INFO  impl.RoleInfo (RoleInfo.java:updateAndGet(143)) - 7111b28f-28aa-49dc-8a4f-35994c763fc3: start LeaderElection
2019-09-25 06:38:47,080 [Thread-650] INFO  impl.FollowerState (FollowerState.java:run(106)) - 3692e321-28cf-4ad2-847a-fd8bc9cae3de:group-CD6A5E95666F changes to CANDIDATE, lastRpcTime:5015, electionTimeout:5015ms
2019-09-25 06:38:47,080 [Thread-650] INFO  impl.RoleInfo (RoleInfo.java:shutdownFollowerState(121)) - 3692e321-28cf-4ad2-847a-fd8bc9cae3de: shutdown FollowerState
2019-09-25 06:38:47,081 [Thread-650] INFO  impl.RaftServerImpl (RaftServerImpl.java:setRole(174)) - 3692e321-28cf-4ad2-847a-fd8bc9cae3de@group-CD6A5E95666F: changes role from  FOLLOWER to CANDIDATE at term 0 for changeToCandidate
2019-09-25 06:38:47,081 [Thread-650] INFO  impl.RoleInfo (RoleInfo.java:updateAndGet(143)) - 3692e321-28cf-4ad2-847a-fd8bc9cae3de: start LeaderElection
2019-09-25 06:38:47,113 [Thread-647] INFO  impl.FollowerState (FollowerState.java:run(106)) - 7111b28f-28aa-49dc-8a4f-35994c763fc3:group-E89151D862BF changes to CANDIDATE, lastRpcTime:5099, electionTimeout:5099ms
2019-09-25 06:38:47,113 [Thread-647] INFO  impl.RoleInfo (RoleInfo.java:shutdownFollowerState(121)) - 7111b28f-28aa-49dc-8a4f-35994c763fc3: shutdown FollowerState
2019-09-25 06:38:47,113 [Thread-647] INFO  impl.RaftServerImpl (RaftServerImpl.java:setRole(174)) - 7111b28f-28aa-49dc-8a4f-35994c763fc3@group-E89151D862BF: changes role from  FOLLOWER to CANDIDATE at term 0 for changeToCandidate
2019-09-25 06:38:47,113 [Thread-647] INFO  impl.RoleInfo (RoleInfo.java:updateAndGet(143)) - 7111b28f-28aa-49dc-8a4f-35994c763fc3: start LeaderElection
2019-09-25 06:38:47,146 [Thread-653] INFO  impl.FollowerState (FollowerState.java:run(106)) - 7111b28f-28aa-49dc-8a4f-35994c763fc3:group-47ACC6477E01 changes to CANDIDATE, lastRpcTime:5030, electionTimeout:5030ms
2019-09-25 06:38:47,146 [Thread-653] INFO  impl.RoleInfo (RoleInfo.java:shutdownFollowerState(121)) - 7111b28f-28aa-49dc-8a4f-35994c763fc3: shutdown FollowerState
2019-09-25 06:38:47,146 [Thread-653] INFO  impl.RaftServerImpl (RaftServerImpl.java:setRole(174)) - 7111b28f-28aa-49dc-8a4f-35994c763fc3@group-47ACC6477E01: changes role from  FOLLOWER to CANDIDATE at term 0 for changeToCandidate
2019-09-25 06:38:47,147 [Thread-653] INFO  impl.RoleInfo (RoleInfo.java:updateAndGet(143)) - 7111b28f-28aa-49dc-8a4f-35994c763fc3: start LeaderElection
2019-09-25 06:38:47,218 [Thread-659] INFO  impl.FollowerState (FollowerState.java:run(106)) - 3692e321-28cf-4ad2-847a-fd8bc9cae3de:group-ADB05F41B49C changes to CANDIDATE, lastRpcTime:5001, electionTimeout:5001ms
2019-09-25 06:38:47,219 [Thread-659] INFO  impl.RoleInfo (RoleInfo.java:shutdownFollowerState(121)) - 3692e321-28cf-4ad2-847a-fd8bc9cae3de: shutdown FollowerState
2019-09-25 06:38:47,219 [Thread-659] INFO  impl.RaftServerImpl (RaftServerImpl.java:setRole(174)) - 3692e321-28cf-4ad2-847a-fd8bc9cae3de@group-ADB05F41B49C: changes role from  FOLLOWER to CANDIDATE at term 0 for changeToCandidate
2019-09-25 06:38:47,219 [Thread-656] INFO  impl.FollowerState (FollowerState.java:run(106)) - 7111b28f-28aa-49dc-8a4f-35994c763fc3:group-B83D9EE24120 changes to CANDIDATE, lastRpcTime:5048, electionTimeout:5048ms
2019-09-25 06:38:47,219 [Thread-659] INFO  impl.RoleInfo (RoleInfo.java:updateAndGet(143)) - 3692e321-28cf-4ad2-847a-fd8bc9cae3de: start LeaderElection
2019-09-25 06:38:47,219 [Thread-656] INFO  impl.RoleInfo (RoleInfo.java:shutdownFollowerState(121)) - 7111b28f-28aa-49dc-8a4f-35994c763fc3: shutdown FollowerState
2019-09-25 06:38:47,219 [Thread-656] INFO  impl.RaftServerImpl (RaftServerImpl.java:setRole(174)) - 7111b28f-28aa-49dc-8a4f-35994c763fc3@group-B83D9EE24120: changes role from  FOLLOWER to CANDIDATE at term 0 for changeToCandidate
2019-09-25 06:38:47,222 [Thread-656] INFO  impl.RoleInfo (RoleInfo.java:updateAndGet(143)) - 7111b28f-28aa-49dc-8a4f-35994c763fc3: start LeaderElection
2019-09-25 06:38:47,344 [Thread-665] INFO  impl.FollowerState (FollowerState.java:run(106)) - 3692e321-28cf-4ad2-847a-fd8bc9cae3de:group-7D498445C19F changes to CANDIDATE, lastRpcTime:5069, electionTimeout:5069ms
2019-09-25 06:38:47,344 [Thread-665] INFO  impl.RoleInfo (RoleInfo.java:shutdownFollowerState(121)) - 3692e321-28cf-4ad2-847a-fd8bc9cae3de: shutdown FollowerState
2019-09-25 06:38:47,344 [Thread-665] INFO  impl.RaftServerImpl (RaftServerImpl.java:setRole(174)) - 3692e321-28cf-4ad2-847a-fd8bc9cae3de@group-7D498445C19F: changes role from  FOLLOWER to CANDIDATE at term 0 for changeToCandidate
2019-09-25 06:38:47,345 [Thread-665] INFO  impl.RoleInfo (RoleInfo.java:updateAndGet(143)) - 3692e321-28cf-4ad2-847a-fd8bc9cae3de: start LeaderElection
2019-09-25 06:38:47,389 [Thread-671] INFO  impl.FollowerState (FollowerState.java:run(106)) - 1aac8648-70e0-4fd8-b5e1-5d1a6693feb1:group-3E2DF188C755 changes to CANDIDATE, lastRpcTime:5010, electionTimeout:5010ms
2019-09-25 06:38:47,389 [Thread-671] INFO  impl.RoleInfo (RoleInfo.java:shutdownFollowerState(121)) - 1aac8648-70e0-4fd8-b5e1-5d1a6693feb1: shutdown FollowerState
2019-09-25 06:38:47,389 [Thread-671] INFO  impl.RaftServerImpl (RaftServerImpl.java:setRole(174)) - 1aac8648-70e0-4fd8-b5e1-5d1a6693feb1@group-3E2DF188C755: changes role from  FOLLOWER to CANDIDATE at term 0 for changeToCandidate
2019-09-25 06:38:47,390 [Thread-671] INFO  impl.RoleInfo (RoleInfo.java:updateAndGet(143)) - 1aac8648-70e0-4fd8-b5e1-5d1a6693feb1: start LeaderElection
2019-09-25 06:38:47,449 [Thread-674] INFO  impl.FollowerState (FollowerState.java:run(106)) - 1aac8648-70e0-4fd8-b5e1-5d1a6693feb1:group-3CFC3F61617F changes to CANDIDATE, lastRpcTime:5027, electionTimeout:5027ms
2019-09-25 06:38:47,450 [Thread-674] INFO  impl.RoleInfo (RoleInfo.java:shutdownFollowerState(121)) - 1aac8648-70e0-4fd8-b5e1-5d1a6693feb1: shutdown FollowerState
2019-09-25 06:38:47,450 [Thread-674] INFO  impl.RaftServerImpl (RaftServerImpl.java:setRole(174)) - 1aac8648-70e0-4fd8-b5e1-5d1a6693feb1@group-3CFC3F61617F: changes role from  FOLLOWER to CANDIDATE at term 0 for changeToCandidate
2019-09-25 06:38:47,450 [Thread-674] INFO  impl.RoleInfo (RoleInfo.java:updateAndGet(143)) - 1aac8648-70e0-4fd8-b5e1-5d1a6693feb1: start LeaderElection
2019-09-25 06:38:47,487 [Thread-668] INFO  impl.FollowerState (FollowerState.java:run(106)) - 7111b28f-28aa-49dc-8a4f-35994c763fc3:group-FC405F4B275A changes to CANDIDATE, lastRpcTime:5158, electionTimeout:5154ms
2019-09-25 06:38:47,487 [Thread-668] INFO  impl.RoleInfo (RoleInfo.java:shutdownFollowerState(121)) - 7111b28f-28aa-49dc-8a4f-35994c763fc3: shutdown FollowerState
2019-09-25 06:38:47,487 [Thread-668] INFO  impl.RaftServerImpl (RaftServerImpl.java:setRole(174)) - 7111b28f-28aa-49dc-8a4f-35994c763fc3@group-FC405F4B275A: changes role from  FOLLOWER to CANDIDATE at term 0 for changeToCandidate
2019-09-25 06:38:47,487 [Thread-668] INFO  impl.RoleInfo (RoleInfo.java:updateAndGet(143)) - 7111b28f-28aa-49dc-8a4f-35994c763fc3: start LeaderElection
2019-09-25 06:38:47,633 [Thread-686] INFO  impl.FollowerState (FollowerState.java:run(106)) - 3692e321-28cf-4ad2-847a-fd8bc9cae3de:group-5B61765C5AEA changes to CANDIDATE, lastRpcTime:5001, electionTimeout:5001ms
2019-09-25 06:38:47,633 [Thread-686] INFO  impl.RoleInfo (RoleInfo.java:shutdownFollowerState(121)) - 3692e321-28cf-4ad2-847a-fd8bc9cae3de: shutdown FollowerState
2019-09-25 06:38:47,633 [Thread-686] INFO  impl.RaftServerImpl (RaftServerImpl.java:setRole(174)) - 3692e321-28cf-4ad2-847a-fd8bc9cae3de@group-5B61765C5AEA: changes role from  FOLLOWER to CANDIDATE at term 0 for changeToCandidate
2019-09-25 06:38:47,633 [Thread-686] INFO  impl.RoleInfo (RoleInfo.java:updateAndGet(143)) - 3692e321-28cf-4ad2-847a-fd8bc9cae3de: start LeaderElection
2019-09-25 06:38:47,655 [Thread-677] INFO  impl.FollowerState (FollowerState.java:run(106)) - 1aac8648-70e0-4fd8-b5e1-5d1a6693feb1:group-E9087BCCEA8A changes to CANDIDATE, lastRpcTime:5185, electionTimeout:5185ms
2019-09-25 06:38:47,655 [Thread-677] INFO  impl.RoleInfo (RoleInfo.java:shutdownFollowerState(121)) - 1aac8648-70e0-4fd8-b5e1-5d1a6693feb1: shutdown FollowerState
2019-09-25 06:38:47,656 [Thread-677] INFO  impl.RaftServerImpl (RaftServerImpl.java:setRole(174)) - 1aac8648-70e0-4fd8-b5e1-5d1a6693feb1@group-E9087BCCEA8A: changes role from  FOLLOWER to CANDIDATE at term 0 for changeToCandidate
2019-09-25 06:38:47,656 [Thread-677] INFO  impl.RoleInfo (RoleInfo.java:updateAndGet(143)) - 1aac8648-70e0-4fd8-b5e1-5d1a6693feb1: start LeaderElection
2019-09-25 06:38:47,666 [Thread-683] INFO  impl.FollowerState (FollowerState.java:run(106)) - 1aac8648-70e0-4fd8-b5e1-5d1a6693feb1:group-042B9CD4FB2E changes to CANDIDATE, lastRpcTime:5085, electionTimeout:5085ms
2019-09-25 06:38:47,666 [Thread-683] INFO  impl.RoleInfo (RoleInfo.java:shutdownFollowerState(121)) - 1aac8648-70e0-4fd8-b5e1-5d1a6693feb1: shutdown FollowerState
2019-09-25 06:38:47,667 [Thread-683] INFO  impl.RaftServerImpl (RaftServerImpl.java:setRole(174)) - 1aac8648-70e0-4fd8-b5e1-5d1a6693feb1@group-042B9CD4FB2E: changes role from  FOLLOWER to CANDIDATE at term 0 for changeToCandidate
2019-09-25 06:38:47,667 [Thread-683] INFO  impl.RoleInfo (RoleInfo.java:updateAndGet(143)) - 1aac8648-70e0-4fd8-b5e1-5d1a6693feb1: start LeaderElection
2019-09-25 06:38:47,709 [Thread-680] INFO  impl.FollowerState (FollowerState.java:run(106)) - 3692e321-28cf-4ad2-847a-fd8bc9cae3de:group-55F2D7C0A653 changes to CANDIDATE, lastRpcTime:5177, electionTimeout:5177ms
2019-09-25 06:38:47,709 [Thread-680] INFO  impl.RoleInfo (RoleInfo.java:shutdownFollowerState(121)) - 3692e321-28cf-4ad2-847a-fd8bc9cae3de: shutdown FollowerState
2019-09-25 06:38:47,709 [Thread-680] INFO  impl.RaftServerImpl (RaftServerImpl.java:setRole(174)) - 3692e321-28cf-4ad2-847a-fd8bc9cae3de@group-55F2D7C0A653: changes role from  FOLLOWER to CANDIDATE at term 0 for changeToCandidate
2019-09-25 06:38:47,709 [Thread-680] INFO  impl.RoleInfo (RoleInfo.java:updateAndGet(143)) - 3692e321-28cf-4ad2-847a-fd8bc9cae3de: start LeaderElection
2019-09-25 06:38:47,780 [Thread-689] INFO  impl.FollowerState (FollowerState.java:run(106)) - 3692e321-28cf-4ad2-847a-fd8bc9cae3de:group-8FA61B8F19B9 changes to CANDIDATE, lastRpcTime:5091, electionTimeout:5091ms
2019-09-25 06:38:47,780 [Thread-689] INFO  impl.RoleInfo (RoleInfo.java:shutdownFollowerState(121)) - 3692e321-28cf-4ad2-847a-fd8bc9cae3de: shutdown FollowerState
2019-09-25 06:38:47,780 [Thread-689] INFO  impl.RaftServerImpl (RaftServerImpl.java:setRole(174)) - 3692e321-28cf-4ad2-847a-fd8bc9cae3de@group-8FA61B8F19B9: changes role from  FOLLOWER to CANDIDATE at term 0 for changeToCandidate
2019-09-25 06:38:47,780 [Thread-689] INFO  impl.RoleInfo (RoleInfo.java:updateAndGet(143)) - 3692e321-28cf-4ad2-847a-fd8bc9cae3de: start LeaderElection
2019-09-25 06:38:47,810 [Thread-695] INFO  impl.FollowerState (FollowerState.java:run(106)) - 1aac8648-70e0-4fd8-b5e1-5d1a6693feb1:group-7A7EBD2DFA9D changes to CANDIDATE, lastRpcTime:5024, electionTimeout:5024ms
2019-09-25 06:38:47,810 [Thread-695] INFO  impl.RoleInfo (RoleInfo.java:shutdownFollowerState(121)) - 1aac8648-70e0-4fd8-b5e1-5d1a6693feb1: shutdown FollowerState
2019-09-25 06:38:47,810 [Thread-695] INFO  impl.RaftServerImpl (RaftServerImpl.java:setRole(174)) - 1aac8648-70e0-4fd8-b5e1-5d1a6693feb1@group-7A7EBD2DFA9D: changes role from  FOLLOWER to CANDIDATE at term 0 for changeToCandidate
2019-09-25 06:38:47,810 [Thread-695] INFO  impl.RoleInfo (RoleInfo.java:updateAndGet(143)) - 1aac8648-70e0-4fd8-b5e1-5d1a6693feb1: start LeaderElection
2019-09-25 06:38:47,824 [Thread-467] INFO  ozoneimpl.OzoneContainer (OzoneContainer.java:stop(231)) - Attempting to stop container services.
2019-09-25 06:38:47,824 [ForkJoinPool.commonPool-worker-1] INFO  ozoneimpl.OzoneContainer (OzoneContainer.java:stop(231)) - Attempting to stop container services.
2019-09-25 06:38:47,825 [Thread-467] INFO  impl.RaftServerProxy (RaftServerProxy.java:lambda$close$4(314)) - 3692e321-28cf-4ad2-847a-fd8bc9cae3de: close
2019-09-25 06:38:47,825 [ForkJoinPool.commonPool-worker-1] INFO  impl.RaftServerProxy (RaftServerProxy.java:lambda$close$4(314)) - 7111b28f-28aa-49dc-8a4f-35994c763fc3: close
2019-09-25 06:38:47,825 [Thread-467] INFO  impl.RaftServerImpl (RaftServerImpl.java:lambda$shutdown$3(251)) - 3692e321-28cf-4ad2-847a-fd8bc9cae3de@group-CD6A5E95666F: shutdown
2019-09-25 06:38:47,825 [ForkJoinPool.commonPool-worker-1] INFO  impl.RaftServerImpl (RaftServerImpl.java:lambda$shutdown$3(251)) - 7111b28f-28aa-49dc-8a4f-35994c763fc3@group-34F821AE28E6: shutdown
2019-09-25 06:38:47,825 [Thread-467] INFO  util.JmxRegister (JmxRegister.java:unregister(73)) - Successfully un-registered JMX Bean with object name Ratis:service=RaftServer,group=group-CD6A5E95666F,id=3692e321-28cf-4ad2-847a-fd8bc9cae3de
2019-09-25 06:38:47,825 [ForkJoinPool.commonPool-worker-1] INFO  util.JmxRegister (JmxRegister.java:unregister(73)) - Successfully un-registered JMX Bean with object name Ratis:service=RaftServer,group=group-34F821AE28E6,id=7111b28f-28aa-49dc-8a4f-35994c763fc3
2019-09-25 06:38:47,826 [Thread-467] INFO  impl.RoleInfo (RoleInfo.java:shutdownLeaderElection(134)) - 3692e321-28cf-4ad2-847a-fd8bc9cae3de: shutdown LeaderElection
2019-09-25 06:38:47,826 [ForkJoinPool.commonPool-worker-1] INFO  impl.RoleInfo (RoleInfo.java:shutdownLeaderElection(134)) - 7111b28f-28aa-49dc-8a4f-35994c763fc3: shutdown LeaderElection
2019-09-25 06:38:47,826 [Thread-467] INFO  impl.StateMachineUpdater (StateMachineUpdater.java:stopAndJoin(125)) - 3692e321-28cf-4ad2-847a-fd8bc9cae3de@group-CD6A5E95666F-StateMachineUpdater: set stopIndex = -1
2019-09-25 06:38:47,828 [Thread-467] INFO  impl.RaftServerImpl (ServerState.java:close(385)) - 3692e321-28cf-4ad2-847a-fd8bc9cae3de@group-CD6A5E95666F: closes. applyIndex: -1
2019-09-25 06:38:47,826 [ForkJoinPool.commonPool-worker-1] INFO  impl.StateMachineUpdater (StateMachineUpdater.java:stopAndJoin(125)) - 7111b28f-28aa-49dc-8a4f-35994c763fc3@group-34F821AE28E6-StateMachineUpdater: set stopIndex = -1
2019-09-25 06:38:47,830 [3692e321-28cf-4ad2-847a-fd8bc9cae3de@group-CD6A5E95666F-SegmentedRaftLogWorker] INFO  segmented.SegmentedRaftLogWorker (SegmentedRaftLogWorker.java:run(313)) - 3692e321-28cf-4ad2-847a-fd8bc9cae3de@group-CD6A5E95666F-SegmentedRaftLogWorker was interrupted, exiting. There are 0 tasks remaining in the queue.
2019-09-25 06:38:47,830 [ForkJoinPool.commonPool-worker-1] INFO  impl.RaftServerImpl (ServerState.java:close(385)) - 7111b28f-28aa-49dc-8a4f-35994c763fc3@group-34F821AE28E6: closes. applyIndex: -1
2019-09-25 06:38:47,830 [Thread-467] INFO  segmented.SegmentedRaftLogWorker (SegmentedRaftLogWorker.java:close(228)) - 3692e321-28cf-4ad2-847a-fd8bc9cae3de@group-CD6A5E95666F-SegmentedRaftLogWorker close()
2019-09-25 06:38:47,830 [7111b28f-28aa-49dc-8a4f-35994c763fc3@group-34F821AE28E6-SegmentedRaftLogWorker] INFO  segmented.SegmentedRaftLogWorker (SegmentedRaftLogWorker.java:run(313)) - 7111b28f-28aa-49dc-8a4f-35994c763fc3@group-34F821AE28E6-SegmentedRaftLogWorker was interrupted, exiting. There are 0 tasks remaining in the queue.
2019-09-25 06:38:47,833 [Thread-467] INFO  impl.RaftServerImpl (RaftServerImpl.java:lambda$shutdown$3(251)) - 3692e321-28cf-4ad2-847a-fd8bc9cae3de@group-5B61765C5AEA: shutdown
2019-09-25 06:38:47,833 [ForkJoinPool.commonPool-worker-1] INFO  segmented.SegmentedRaftLogWorker (SegmentedRaftLogWorker.java:close(228)) - 7111b28f-28aa-49dc-8a4f-35994c763fc3@group-34F821AE28E6-SegmentedRaftLogWorker close()
2019-09-25 06:38:47,833 [Thread-467] INFO  util.JmxRegister (JmxRegister.java:unregister(73)) - Successfully un-registered JMX Bean with object name Ratis:service=RaftServer,group=group-5B61765C5AEA,id=3692e321-28cf-4ad2-847a-fd8bc9cae3de
2019-09-25 06:38:47,836 [ForkJoinPool.commonPool-worker-1] INFO  impl.RaftServerImpl (RaftServerImpl.java:lambda$shutdown$3(251)) - 7111b28f-28aa-49dc-8a4f-35994c763fc3@group-E89151D862BF: shutdown
2019-09-25 06:38:47,836 [Thread-467] INFO  impl.RoleInfo (RoleInfo.java:shutdownLeaderElection(134)) - 3692e321-28cf-4ad2-847a-fd8bc9cae3de: shutdown LeaderElection
2019-09-25 06:38:47,836 [ForkJoinPool.commonPool-worker-1] INFO  util.JmxRegister (JmxRegister.java:unregister(73)) - Successfully un-registered JMX Bean with object name Ratis:service=RaftServer,group=group-E89151D862BF,id=7111b28f-28aa-49dc-8a4f-35994c763fc3
2019-09-25 06:38:47,837 [Thread-467] INFO  impl.StateMachineUpdater (StateMachineUpdater.java:stopAndJoin(125)) - 3692e321-28cf-4ad2-847a-fd8bc9cae3de@group-5B61765C5AEA-StateMachineUpdater: set stopIndex = -1
2019-09-25 06:38:47,838 [ForkJoinPool.commonPool-worker-1] INFO  impl.RoleInfo (RoleInfo.java:shutdownLeaderElection(134)) - 7111b28f-28aa-49dc-8a4f-35994c763fc3: shutdown LeaderElection
2019-09-25 06:38:47,838 [Thread-467] INFO  impl.RaftServerImpl (ServerState.java:close(385)) - 3692e321-28cf-4ad2-847a-fd8bc9cae3de@group-5B61765C5AEA: closes. applyIndex: -1
2019-09-25 06:38:47,839 [ForkJoinPool.commonPool-worker-1] INFO  impl.StateMachineUpdater (StateMachineUpdater.java:stopAndJoin(125)) - 7111b28f-28aa-49dc-8a4f-35994c763fc3@group-E89151D862BF-StateMachineUpdater: set stopIndex = -1
2019-09-25 06:38:47,840 [ForkJoinPool.commonPool-worker-1] INFO  impl.RaftServerImpl (ServerState.java:close(385)) - 7111b28f-28aa-49dc-8a4f-35994c763fc3@group-E89151D862BF: closes. applyIndex: -1
2019-09-25 06:38:47,839 [3692e321-28cf-4ad2-847a-fd8bc9cae3de@group-5B61765C5AEA-SegmentedRaftLogWorker] INFO  segmented.SegmentedRaftLogWorker (SegmentedRaftLogWorker.java:run(313)) - 3692e321-28cf-4ad2-847a-fd8bc9cae3de@group-5B61765C5AEA-SegmentedRaftLogWorker was interrupted, exiting. There are 0 tasks remaining in the queue.
2019-09-25 06:38:47,841 [7111b28f-28aa-49dc-8a4f-35994c763fc3@group-E89151D862BF-SegmentedRaftLogWorker] INFO  segmented.SegmentedRaftLogWorker (SegmentedRaftLogWorker.java:run(313)) - 7111b28f-28aa-49dc-8a4f-35994c763fc3@group-E89151D862BF-SegmentedRaftLogWorker was interrupted, exiting. There are 0 tasks remaining in the queue.
2019-09-25 06:38:47,841 [Thread-467] INFO  segmented.SegmentedRaftLogWorker (SegmentedRaftLogWorker.java:close(228)) - 3692e321-28cf-4ad2-847a-fd8bc9cae3de@group-5B61765C5AEA-SegmentedRaftLogWorker close()
2019-09-25 06:38:47,841 [ForkJoinPool.commonPool-worker-1] INFO  segmented.SegmentedRaftLogWorker (SegmentedRaftLogWorker.java:close(228)) - 7111b28f-28aa-49dc-8a4f-35994c763fc3@group-E89151D862BF-SegmentedRaftLogWorker close()
2019-09-25 06:38:47,844 [Thread-467] INFO  impl.RaftServerImpl (RaftServerImpl.java:lambda$shutdown$3(251)) - 3692e321-28cf-4ad2-847a-fd8bc9cae3de@group-8FA61B8F19B9: shutdown
2019-09-25 06:38:47,847 [ForkJoinPool.commonPool-worker-1] INFO  impl.RaftServerImpl (RaftServerImpl.java:lambda$shutdown$3(251)) - 7111b28f-28aa-49dc-8a4f-35994c763fc3@group-73C2459995CD: shutdown
2019-09-25 06:38:47,847 [Thread-467] INFO  util.JmxRegister (JmxRegister.java:unregister(73)) - Successfully un-registered JMX Bean with object name Ratis:service=RaftServer,group=group-8FA61B8F19B9,id=3692e321-28cf-4ad2-847a-fd8bc9cae3de
2019-09-25 06:38:47,847 [ForkJoinPool.commonPool-worker-1] INFO  util.JmxRegister (JmxRegister.java:unregister(73)) - Successfully un-registered JMX Bean with object name Ratis:service=RaftServer,group=group-73C2459995CD,id=7111b28f-28aa-49dc-8a4f-35994c763fc3
2019-09-25 06:38:47,847 [Thread-467] INFO  impl.RoleInfo (RoleInfo.java:shutdownLeaderElection(134)) - 3692e321-28cf-4ad2-847a-fd8bc9cae3de: shutdown LeaderElection
2019-09-25 06:38:47,848 [ForkJoinPool.commonPool-worker-1] INFO  impl.RoleInfo (RoleInfo.java:shutdownLeaderElection(134)) - 7111b28f-28aa-49dc-8a4f-35994c763fc3: shutdown LeaderElection
2019-09-25 06:38:47,848 [Thread-467] INFO  impl.StateMachineUpdater (StateMachineUpdater.java:stopAndJoin(125)) - 3692e321-28cf-4ad2-847a-fd8bc9cae3de@group-8FA61B8F19B9-StateMachineUpdater: set stopIndex = -1
2019-09-25 06:38:47,851 [Thread-467] INFO  impl.RaftServerImpl (ServerState.java:close(385)) - 3692e321-28cf-4ad2-847a-fd8bc9cae3de@group-8FA61B8F19B9: closes. applyIndex: -1
2019-09-25 06:38:47,849 [ForkJoinPool.commonPool-worker-1] INFO  impl.StateMachineUpdater (StateMachineUpdater.java:stopAndJoin(125)) - 7111b28f-28aa-49dc-8a4f-35994c763fc3@group-73C2459995CD-StateMachineUpdater: set stopIndex = -1
2019-09-25 06:38:47,851 [3692e321-28cf-4ad2-847a-fd8bc9cae3de@group-8FA61B8F19B9-SegmentedRaftLogWorker] INFO  segmented.SegmentedRaftLogWorker (SegmentedRaftLogWorker.java:run(313)) - 3692e321-28cf-4ad2-847a-fd8bc9cae3de@group-8FA61B8F19B9-SegmentedRaftLogWorker was interrupted, exiting. There are 0 tasks remaining in the queue.
2019-09-25 06:38:47,851 [ForkJoinPool.commonPool-worker-1] INFO  impl.RaftServerImpl (ServerState.java:close(385)) - 7111b28f-28aa-49dc-8a4f-35994c763fc3@group-73C2459995CD: closes. applyIndex: -1
2019-09-25 06:38:47,851 [Thread-467] INFO  segmented.SegmentedRaftLogWorker (SegmentedRaftLogWorker.java:close(228)) - 3692e321-28cf-4ad2-847a-fd8bc9cae3de@group-8FA61B8F19B9-SegmentedRaftLogWorker close()
2019-09-25 06:38:47,852 [7111b28f-28aa-49dc-8a4f-35994c763fc3@group-73C2459995CD-SegmentedRaftLogWorker] INFO  segmented.SegmentedRaftLogWorker (SegmentedRaftLogWorker.java:run(313)) - 7111b28f-28aa-49dc-8a4f-35994c763fc3@group-73C2459995CD-SegmentedRaftLogWorker was interrupted, exiting. There are 0 tasks remaining in the queue.
2019-09-25 06:38:47,854 [Thread-467] INFO  impl.RaftServerImpl (RaftServerImpl.java:lambda$shutdown$3(251)) - 3692e321-28cf-4ad2-847a-fd8bc9cae3de@group-ADB05F41B49C: shutdown
2019-09-25 06:38:47,854 [ForkJoinPool.commonPool-worker-1] INFO  segmented.SegmentedRaftLogWorker (SegmentedRaftLogWorker.java:close(228)) - 7111b28f-28aa-49dc-8a4f-35994c763fc3@group-73C2459995CD-SegmentedRaftLogWorker close()
2019-09-25 06:38:47,855 [Thread-467] INFO  util.JmxRegister (JmxRegister.java:unregister(73)) - Successfully un-registered JMX Bean with object name Ratis:service=RaftServer,group=group-ADB05F41B49C,id=3692e321-28cf-4ad2-847a-fd8bc9cae3de
2019-09-25 06:38:47,857 [ForkJoinPool.commonPool-worker-1] INFO  impl.RaftServerImpl (RaftServerImpl.java:lambda$shutdown$3(251)) - 7111b28f-28aa-49dc-8a4f-35994c763fc3@group-B83D9EE24120: shutdown
2019-09-25 06:38:47,857 [Thread-467] INFO  impl.RoleInfo (RoleInfo.java:shutdownLeaderElection(134)) - 3692e321-28cf-4ad2-847a-fd8bc9cae3de: shutdown LeaderElection
2019-09-25 06:38:47,858 [ForkJoinPool.commonPool-worker-1] INFO  util.JmxRegister (JmxRegister.java:unregister(73)) - Successfully un-registered JMX Bean with object name Ratis:service=RaftServer,group=group-B83D9EE24120,id=7111b28f-28aa-49dc-8a4f-35994c763fc3
2019-09-25 06:38:47,858 [Thread-467] INFO  impl.StateMachineUpdater (StateMachineUpdater.java:stopAndJoin(125)) - 3692e321-28cf-4ad2-847a-fd8bc9cae3de@group-ADB05F41B49C-StateMachineUpdater: set stopIndex = -1
2019-09-25 06:38:47,859 [ForkJoinPool.commonPool-worker-1] INFO  impl.RoleInfo (RoleInfo.java:shutdownLeaderElection(134)) - 7111b28f-28aa-49dc-8a4f-35994c763fc3: shutdown LeaderElection
2019-09-25 06:38:47,860 [Thread-467] INFO  impl.RaftServerImpl (ServerState.java:close(385)) - 3692e321-28cf-4ad2-847a-fd8bc9cae3de@group-ADB05F41B49C: closes. applyIndex: -1
2019-09-25 06:38:47,860 [ForkJoinPool.commonPool-worker-1] INFO  impl.StateMachineUpdater (StateMachineUpdater.java:stopAndJoin(125)) - 7111b28f-28aa-49dc-8a4f-35994c763fc3@group-B83D9EE24120-StateMachineUpdater: set stopIndex = -1
2019-09-25 06:38:47,861 [3692e321-28cf-4ad2-847a-fd8bc9cae3de@group-ADB05F41B49C-SegmentedRaftLogWorker] INFO  segmented.SegmentedRaftLogWorker (SegmentedRaftLogWorker.java:run(313)) - 3692e321-28cf-4ad2-847a-fd8bc9cae3de@group-ADB05F41B49C-SegmentedRaftLogWorker was interrupted, exiting. There are 0 tasks remaining in the queue.
2019-09-25 06:38:47,861 [ForkJoinPool.commonPool-worker-1] INFO  impl.RaftServerImpl (ServerState.java:close(385)) - 7111b28f-28aa-49dc-8a4f-35994c763fc3@group-B83D9EE24120: closes. applyIndex: -1
2019-09-25 06:38:47,861 [Thread-467] INFO  segmented.SegmentedRaftLogWorker (SegmentedRaftLogWorker.java:close(228)) - 3692e321-28cf-4ad2-847a-fd8bc9cae3de@group-ADB05F41B49C-SegmentedRaftLogWorker close()
2019-09-25 06:38:47,862 [7111b28f-28aa-49dc-8a4f-35994c763fc3@group-B83D9EE24120-SegmentedRaftLogWorker] INFO  segmented.SegmentedRaftLogWorker (SegmentedRaftLogWorker.java:run(313)) - 7111b28f-28aa-49dc-8a4f-35994c763fc3@group-B83D9EE24120-SegmentedRaftLogWorker was interrupted, exiting. There are 0 tasks remaining in the queue.
2019-09-25 06:38:47,864 [ForkJoinPool.commonPool-worker-1] INFO  segmented.SegmentedRaftLogWorker (SegmentedRaftLogWorker.java:close(228)) - 7111b28f-28aa-49dc-8a4f-35994c763fc3@group-B83D9EE24120-SegmentedRaftLogWorker close()
2019-09-25 06:38:47,864 [Thread-467] INFO  impl.RaftServerImpl (RaftServerImpl.java:lambda$shutdown$3(251)) - 3692e321-28cf-4ad2-847a-fd8bc9cae3de@group-7D498445C19F: shutdown
2019-09-25 06:38:47,867 [ForkJoinPool.commonPool-worker-1] INFO  impl.RaftServerImpl (RaftServerImpl.java:lambda$shutdown$3(251)) - 7111b28f-28aa-49dc-8a4f-35994c763fc3@group-FC405F4B275A: shutdown
2019-09-25 06:38:47,867 [Thread-467] INFO  util.JmxRegister (JmxRegister.java:unregister(73)) - Successfully un-registered JMX Bean with object name Ratis:service=RaftServer,group=group-7D498445C19F,id=3692e321-28cf-4ad2-847a-fd8bc9cae3de
2019-09-25 06:38:47,868 [ForkJoinPool.commonPool-worker-1] INFO  util.JmxRegister (JmxRegister.java:unregister(73)) - Successfully un-registered JMX Bean with object name Ratis:service=RaftServer,group=group-FC405F4B275A,id=7111b28f-28aa-49dc-8a4f-35994c763fc3
2019-09-25 06:38:47,868 [Thread-467] INFO  impl.RoleInfo (RoleInfo.java:shutdownLeaderElection(134)) - 3692e321-28cf-4ad2-847a-fd8bc9cae3de: shutdown LeaderElection
2019-09-25 06:38:47,868 [ForkJoinPool.commonPool-worker-1] INFO  impl.RoleInfo (RoleInfo.java:shutdownLeaderElection(134)) - 7111b28f-28aa-49dc-8a4f-35994c763fc3: shutdown LeaderElection
2019-09-25 06:38:47,868 [Thread-467] INFO  impl.StateMachineUpdater (StateMachineUpdater.java:stopAndJoin(125)) - 3692e321-28cf-4ad2-847a-fd8bc9cae3de@group-7D498445C19F-StateMachineUpdater: set stopIndex = -1
2019-09-25 06:38:47,870 [ForkJoinPool.commonPool-worker-1] INFO  impl.StateMachineUpdater (StateMachineUpdater.java:stopAndJoin(125)) - 7111b28f-28aa-49dc-8a4f-35994c763fc3@group-FC405F4B275A-StateMachineUpdater: set stopIndex = -1
2019-09-25 06:38:47,871 [Thread-467] INFO  impl.RaftServerImpl (ServerState.java:close(385)) - 3692e321-28cf-4ad2-847a-fd8bc9cae3de@group-7D498445C19F: closes. applyIndex: -1
2019-09-25 06:38:47,872 [ForkJoinPool.commonPool-worker-1] INFO  impl.RaftServerImpl (ServerState.java:close(385)) - 7111b28f-28aa-49dc-8a4f-35994c763fc3@group-FC405F4B275A: closes. applyIndex: -1
2019-09-25 06:38:47,872 [3692e321-28cf-4ad2-847a-fd8bc9cae3de@group-7D498445C19F-SegmentedRaftLogWorker] INFO  segmented.SegmentedRaftLogWorker (SegmentedRaftLogWorker.java:run(313)) - 3692e321-28cf-4ad2-847a-fd8bc9cae3de@group-7D498445C19F-SegmentedRaftLogWorker was interrupted, exiting. There are 0 tasks remaining in the queue.
2019-09-25 06:38:47,872 [7111b28f-28aa-49dc-8a4f-35994c763fc3@group-FC405F4B275A-SegmentedRaftLogWorker] INFO  segmented.SegmentedRaftLogWorker (SegmentedRaftLogWorker.java:run(313)) - 7111b28f-28aa-49dc-8a4f-35994c763fc3@group-FC405F4B275A-SegmentedRaftLogWorker was interrupted, exiting. There are 0 tasks remaining in the queue.
2019-09-25 06:38:47,872 [Thread-467] INFO  segmented.SegmentedRaftLogWorker (SegmentedRaftLogWorker.java:close(228)) - 3692e321-28cf-4ad2-847a-fd8bc9cae3de@group-7D498445C19F-SegmentedRaftLogWorker close()
2019-09-25 06:38:47,872 [ForkJoinPool.commonPool-worker-1] INFO  segmented.SegmentedRaftLogWorker (SegmentedRaftLogWorker.java:close(228)) - 7111b28f-28aa-49dc-8a4f-35994c763fc3@group-FC405F4B275A-SegmentedRaftLogWorker close()
2019-09-25 06:38:47,875 [Thread-467] INFO  impl.RaftServerImpl (RaftServerImpl.java:lambda$shutdown$3(251)) - 3692e321-28cf-4ad2-847a-fd8bc9cae3de@group-55F2D7C0A653: shutdown
2019-09-25 06:38:47,878 [ForkJoinPool.commonPool-worker-1] INFO  impl.RaftServerImpl (RaftServerImpl.java:lambda$shutdown$3(251)) - 7111b28f-28aa-49dc-8a4f-35994c763fc3@group-47ACC6477E01: shutdown
2019-09-25 06:38:47,878 [Thread-467] INFO  util.JmxRegister (JmxRegister.java:unregister(73)) - Successfully un-registered JMX Bean with object name Ratis:service=RaftServer,group=group-55F2D7C0A653,id=3692e321-28cf-4ad2-847a-fd8bc9cae3de
2019-09-25 06:38:47,878 [ForkJoinPool.commonPool-worker-1] INFO  util.JmxRegister (JmxRegister.java:unregister(73)) - Successfully un-registered JMX Bean with object name Ratis:service=RaftServer,group=group-47ACC6477E01,id=7111b28f-28aa-49dc-8a4f-35994c763fc3
2019-09-25 06:38:47,878 [Thread-467] INFO  impl.RoleInfo (RoleInfo.java:shutdownLeaderElection(134)) - 3692e321-28cf-4ad2-847a-fd8bc9cae3de: shutdown LeaderElection
2019-09-25 06:38:47,879 [ForkJoinPool.commonPool-worker-1] INFO  impl.RoleInfo (RoleInfo.java:shutdownLeaderElection(134)) - 7111b28f-28aa-49dc-8a4f-35994c763fc3: shutdown LeaderElection
2019-09-25 06:38:47,879 [Thread-467] INFO  impl.StateMachineUpdater (StateMachineUpdater.java:stopAndJoin(125)) - 3692e321-28cf-4ad2-847a-fd8bc9cae3de@group-55F2D7C0A653-StateMachineUpdater: set stopIndex = -1
2019-09-25 06:38:47,880 [ForkJoinPool.commonPool-worker-1] INFO  impl.StateMachineUpdater (StateMachineUpdater.java:stopAndJoin(125)) - 7111b28f-28aa-49dc-8a4f-35994c763fc3@group-47ACC6477E01-StateMachineUpdater: set stopIndex = -1
2019-09-25 06:38:47,882 [Thread-467] INFO  impl.RaftServerImpl (ServerState.java:close(385)) - 3692e321-28cf-4ad2-847a-fd8bc9cae3de@group-55F2D7C0A653: closes. applyIndex: -1
2019-09-25 06:38:47,882 [ForkJoinPool.commonPool-worker-1] INFO  impl.RaftServerImpl (ServerState.java:close(385)) - 7111b28f-28aa-49dc-8a4f-35994c763fc3@group-47ACC6477E01: closes. applyIndex: -1
2019-09-25 06:38:47,882 [3692e321-28cf-4ad2-847a-fd8bc9cae3de@group-55F2D7C0A653-SegmentedRaftLogWorker] INFO  segmented.SegmentedRaftLogWorker (SegmentedRaftLogWorker.java:run(313)) - 3692e321-28cf-4ad2-847a-fd8bc9cae3de@group-55F2D7C0A653-SegmentedRaftLogWorker was interrupted, exiting. There are 0 tasks remaining in the queue.
2019-09-25 06:38:47,883 [7111b28f-28aa-49dc-8a4f-35994c763fc3@group-47ACC6477E01-SegmentedRaftLogWorker] INFO  segmented.SegmentedRaftLogWorker (SegmentedRaftLogWorker.java:run(313)) - 7111b28f-28aa-49dc-8a4f-35994c763fc3@group-47ACC6477E01-SegmentedRaftLogWorker was interrupted, exiting. There are 0 tasks remaining in the queue.
2019-09-25 06:38:47,883 [Thread-467] INFO  segmented.SegmentedRaftLogWorker (SegmentedRaftLogWorker.java:close(228)) - 3692e321-28cf-4ad2-847a-fd8bc9cae3de@group-55F2D7C0A653-SegmentedRaftLogWorker close()
2019-09-25 06:38:47,883 [ForkJoinPool.commonPool-worker-1] INFO  segmented.SegmentedRaftLogWorker (SegmentedRaftLogWorker.java:close(228)) - 7111b28f-28aa-49dc-8a4f-35994c763fc3@group-47ACC6477E01-SegmentedRaftLogWorker close()
2019-09-25 06:38:47,885 [Thread-467] INFO  server.GrpcService (GrpcService.java:closeImpl(164)) - 3692e321-28cf-4ad2-847a-fd8bc9cae3de: shutdown server with port 41796 now
2019-09-25 06:38:47,888 [ForkJoinPool.commonPool-worker-1] INFO  server.GrpcService (GrpcService.java:closeImpl(164)) - 7111b28f-28aa-49dc-8a4f-35994c763fc3: shutdown server with port 40967 now
2019-09-25 06:38:47,889 [Thread-467] INFO  server.GrpcService (GrpcService.java:closeImpl(172)) - 3692e321-28cf-4ad2-847a-fd8bc9cae3de: shutdown server with port 41796 successfully
2019-09-25 06:38:47,890 [ForkJoinPool.commonPool-worker-1] INFO  server.GrpcService (GrpcService.java:closeImpl(172)) - 7111b28f-28aa-49dc-8a4f-35994c763fc3: shutdown server with port 40967 successfully
2019-09-25 06:38:47,893 [refreshUsed-/workdir/hadoop-ozone/ozonefs/target/test-dir/MiniOzoneClusterImpl-5b9a47a0-6db3-42b5-bb6d-2e43fb53942c/datanode-1/data/containers] WARN  fs.CachingGetSpaceUsed (CachingGetSpaceUsed.java:run(183)) - Thread Interrupted waiting to refresh disk information: sleep interrupted
2019-09-25 06:38:47,894 [refreshUsed-/workdir/hadoop-ozone/ozonefs/target/test-dir/MiniOzoneClusterImpl-5b9a47a0-6db3-42b5-bb6d-2e43fb53942c/datanode-0/data/containers] WARN  fs.CachingGetSpaceUsed (CachingGetSpaceUsed.java:run(183)) - Thread Interrupted waiting to refresh disk information: sleep interrupted
2019-09-25 06:38:47,917 [ForkJoinPool.commonPool-worker-1] INFO  utils.BackgroundService (BackgroundService.java:shutdown(148)) - Shutting down service BlockDeletingService
2019-09-25 06:38:47,921 [ForkJoinPool.commonPool-worker-1] INFO  statemachine.DatanodeStateMachine (DatanodeStateMachine.java:stopDaemon(395)) - Ozone container server stopped.
2019-09-25 06:38:47,925 [ForkJoinPool.commonPool-worker-1] INFO  handler.ContextHandler (ContextHandler.java:doStop(910)) - Stopped o.e.j.w.WebAppContext@7a67ebc8{/,null,UNAVAILABLE}{/hddsDatanode}
2019-09-25 06:38:47,925 [Thread-692] INFO  impl.FollowerState (FollowerState.java:run(106)) - 1aac8648-70e0-4fd8-b5e1-5d1a6693feb1:group-A1921A2344C8 changes to CANDIDATE, lastRpcTime:5184, electionTimeout:5184ms
2019-09-25 06:38:47,925 [Thread-692] INFO  impl.RoleInfo (RoleInfo.java:shutdownFollowerState(121)) - 1aac8648-70e0-4fd8-b5e1-5d1a6693feb1: shutdown FollowerState
2019-09-25 06:38:47,925 [Thread-692] INFO  impl.RaftServerImpl (RaftServerImpl.java:setRole(174)) - 1aac8648-70e0-4fd8-b5e1-5d1a6693feb1@group-A1921A2344C8: changes role from  FOLLOWER to CANDIDATE at term 0 for changeToCandidate
2019-09-25 06:38:47,926 [Thread-692] INFO  impl.RoleInfo (RoleInfo.java:updateAndGet(143)) - 1aac8648-70e0-4fd8-b5e1-5d1a6693feb1: start LeaderElection
2019-09-25 06:38:47,926 [ForkJoinPool.commonPool-worker-1] INFO  server.AbstractConnector (AbstractConnector.java:doStop(318)) - Stopped ServerConnector@7cc37559{HTTP/1.1,[http/1.1]}{0.0.0.0:0}
2019-09-25 06:38:47,929 [ForkJoinPool.commonPool-worker-1] INFO  handler.ContextHandler (ContextHandler.java:doStop(910)) - Stopped o.e.j.s.ServletContextHandler@543d8f22{/static,jar:file:/home/user/.m2/repository/org/apache/hadoop/hadoop-hdds-container-service/0.5.0-SNAPSHOT/hadoop-hdds-container-service-0.5.0-SNAPSHOT.jar!/webapps/static,UNAVAILABLE}
2019-09-25 06:38:47,930 [ForkJoinPool.commonPool-worker-1] INFO  handler.ContextHandler (ContextHandler.java:doStop(910)) - Stopped o.e.j.s.ServletContextHandler@3b67291f{/logs,file:///workdir/hadoop-ozone/ozonefs/target/log,UNAVAILABLE}
2019-09-25 06:38:47,934 [Thread-467] INFO  utils.BackgroundService (BackgroundService.java:shutdown(148)) - Shutting down service BlockDeletingService
2019-09-25 06:38:47,937 [Thread-467] INFO  statemachine.DatanodeStateMachine (DatanodeStateMachine.java:stopDaemon(395)) - Ozone container server stopped.
2019-09-25 06:38:47,938 [Thread-467] INFO  handler.ContextHandler (ContextHandler.java:doStop(910)) - Stopped o.e.j.w.WebAppContext@291f50e7{/,null,UNAVAILABLE}{/hddsDatanode}
2019-09-25 06:38:47,939 [Thread-467] INFO  server.AbstractConnector (AbstractConnector.java:doStop(318)) - Stopped ServerConnector@33bc5bab{HTTP/1.1,[http/1.1]}{0.0.0.0:0}
2019-09-25 06:38:47,939 [Thread-467] INFO  handler.ContextHandler (ContextHandler.java:doStop(910)) - Stopped o.e.j.s.ServletContextHandler@7ff0eb0d{/static,jar:file:/home/user/.m2/repository/org/apache/hadoop/hadoop-hdds-container-service/0.5.0-SNAPSHOT/hadoop-hdds-container-service-0.5.0-SNAPSHOT.jar!/webapps/static,UNAVAILABLE}
2019-09-25 06:38:47,940 [Thread-467] INFO  handler.ContextHandler (ContextHandler.java:doStop(910)) - Stopped o.e.j.s.ServletContextHandler@53ad8519{/logs,file:///workdir/hadoop-ozone/ozonefs/target/log,UNAVAILABLE}
2019-09-25 06:38:48,220 [Datanode State Machine Thread - 0] INFO  statemachine.DatanodeStateMachine (DatanodeStateMachine.java:lambda$startDaemon$0(350)) - Ozone container server started.
2019-09-25 06:38:52,932 [ForkJoinPool.commonPool-worker-1] INFO  ozoneimpl.OzoneContainer (OzoneContainer.java:stop(231)) - Attempting to stop container services.
2019-09-25 06:38:52,933 [ForkJoinPool.commonPool-worker-1] INFO  impl.RaftServerProxy (RaftServerProxy.java:lambda$close$4(314)) - 1aac8648-70e0-4fd8-b5e1-5d1a6693feb1: close
2019-09-25 06:38:52,933 [ForkJoinPool.commonPool-worker-1] INFO  impl.RaftServerImpl (RaftServerImpl.java:lambda$shutdown$3(251)) - 1aac8648-70e0-4fd8-b5e1-5d1a6693feb1@group-E9087BCCEA8A: shutdown
2019-09-25 06:38:52,933 [ForkJoinPool.commonPool-worker-1] INFO  util.JmxRegister (JmxRegister.java:unregister(73)) - Successfully un-registered JMX Bean with object name Ratis:service=RaftServer,group=group-E9087BCCEA8A,id=1aac8648-70e0-4fd8-b5e1-5d1a6693feb1
2019-09-25 06:38:52,933 [ForkJoinPool.commonPool-worker-1] INFO  impl.RoleInfo (RoleInfo.java:shutdownLeaderElection(134)) - 1aac8648-70e0-4fd8-b5e1-5d1a6693feb1: shutdown LeaderElection
2019-09-25 06:38:52,934 [ForkJoinPool.commonPool-worker-1] INFO  impl.StateMachineUpdater (StateMachineUpdater.java:stopAndJoin(125)) - 1aac8648-70e0-4fd8-b5e1-5d1a6693feb1@group-E9087BCCEA8A-StateMachineUpdater: set stopIndex = -1
2019-09-25 06:38:52,935 [ForkJoinPool.commonPool-worker-1] INFO  impl.RaftServerImpl (ServerState.java:close(385)) - 1aac8648-70e0-4fd8-b5e1-5d1a6693feb1@group-E9087BCCEA8A: closes. applyIndex: -1
2019-09-25 06:38:52,935 [1aac8648-70e0-4fd8-b5e1-5d1a6693feb1@group-E9087BCCEA8A-SegmentedRaftLogWorker] INFO  segmented.SegmentedRaftLogWorker (SegmentedRaftLogWorker.java:run(313)) - 1aac8648-70e0-4fd8-b5e1-5d1a6693feb1@group-E9087BCCEA8A-SegmentedRaftLogWorker was interrupted, exiting. There are 0 tasks remaining in the queue.
2019-09-25 06:38:52,936 [ForkJoinPool.commonPool-worker-1] INFO  segmented.SegmentedRaftLogWorker (SegmentedRaftLogWorker.java:close(228)) - 1aac8648-70e0-4fd8-b5e1-5d1a6693feb1@group-E9087BCCEA8A-SegmentedRaftLogWorker close()
2019-09-25 06:38:52,938 [ForkJoinPool.commonPool-worker-1] INFO  impl.RaftServerImpl (RaftServerImpl.java:lambda$shutdown$3(251)) - 1aac8648-70e0-4fd8-b5e1-5d1a6693feb1@group-3CFC3F61617F: shutdown
2019-09-25 06:38:52,938 [ForkJoinPool.commonPool-worker-1] INFO  util.JmxRegister (JmxRegister.java:unregister(73)) - Successfully un-registered JMX Bean with object name Ratis:service=RaftServer,group=group-3CFC3F61617F,id=1aac8648-70e0-4fd8-b5e1-5d1a6693feb1
2019-09-25 06:38:52,938 [ForkJoinPool.commonPool-worker-1] INFO  impl.RoleInfo (RoleInfo.java:shutdownLeaderElection(134)) - 1aac8648-70e0-4fd8-b5e1-5d1a6693feb1: shutdown LeaderElection
2019-09-25 06:38:52,939 [ForkJoinPool.commonPool-worker-1] INFO  impl.StateMachineUpdater (StateMachineUpdater.java:stopAndJoin(125)) - 1aac8648-70e0-4fd8-b5e1-5d1a6693feb1@group-3CFC3F61617F-StateMachineUpdater: set stopIndex = -1
2019-09-25 06:38:52,940 [ForkJoinPool.commonPool-worker-1] INFO  impl.RaftServerImpl (ServerState.java:close(385)) - 1aac8648-70e0-4fd8-b5e1-5d1a6693feb1@group-3CFC3F61617F: closes. applyIndex: -1
2019-09-25 06:38:52,940 [1aac8648-70e0-4fd8-b5e1-5d1a6693feb1@group-3CFC3F61617F-SegmentedRaftLogWorker] INFO  segmented.SegmentedRaftLogWorker (SegmentedRaftLogWorker.java:run(313)) - 1aac8648-70e0-4fd8-b5e1-5d1a6693feb1@group-3CFC3F61617F-SegmentedRaftLogWorker was interrupted, exiting. There are 0 tasks remaining in the queue.
2019-09-25 06:38:52,940 [ForkJoinPool.commonPool-worker-1] INFO  segmented.SegmentedRaftLogWorker (SegmentedRaftLogWorker.java:close(228)) - 1aac8648-70e0-4fd8-b5e1-5d1a6693feb1@group-3CFC3F61617F-SegmentedRaftLogWorker close()
2019-09-25 06:38:52,942 [ForkJoinPool.commonPool-worker-1] INFO  impl.RaftServerImpl (RaftServerImpl.java:lambda$shutdown$3(251)) - 1aac8648-70e0-4fd8-b5e1-5d1a6693feb1@group-3E2DF188C755: shutdown
2019-09-25 06:38:52,942 [ForkJoinPool.commonPool-worker-1] INFO  util.JmxRegister (JmxRegister.java:unregister(73)) - Successfully un-registered JMX Bean with object name Ratis:service=RaftServer,group=group-3E2DF188C755,id=1aac8648-70e0-4fd8-b5e1-5d1a6693feb1
2019-09-25 06:38:52,943 [ForkJoinPool.commonPool-worker-1] INFO  impl.RoleInfo (RoleInfo.java:shutdownLeaderElection(134)) - 1aac8648-70e0-4fd8-b5e1-5d1a6693feb1: shutdown LeaderElection
2019-09-25 06:38:52,943 [ForkJoinPool.commonPool-worker-1] INFO  impl.StateMachineUpdater (StateMachineUpdater.java:stopAndJoin(125)) - 1aac8648-70e0-4fd8-b5e1-5d1a6693feb1@group-3E2DF188C755-StateMachineUpdater: set stopIndex = -1
2019-09-25 06:38:52,946 [ForkJoinPool.commonPool-worker-1] INFO  impl.RaftServerImpl (ServerState.java:close(385)) - 1aac8648-70e0-4fd8-b5e1-5d1a6693feb1@group-3E2DF188C755: closes. applyIndex: -1
2019-09-25 06:38:52,947 [1aac8648-70e0-4fd8-b5e1-5d1a6693feb1@group-3E2DF188C755-SegmentedRaftLogWorker] INFO  segmented.SegmentedRaftLogWorker (SegmentedRaftLogWorker.java:run(313)) - 1aac8648-70e0-4fd8-b5e1-5d1a6693feb1@group-3E2DF188C755-SegmentedRaftLogWorker was interrupted, exiting. There are 0 tasks remaining in the queue.
2019-09-25 06:38:52,948 [ForkJoinPool.commonPool-worker-1] INFO  segmented.SegmentedRaftLogWorker (SegmentedRaftLogWorker.java:close(228)) - 1aac8648-70e0-4fd8-b5e1-5d1a6693feb1@group-3E2DF188C755-SegmentedRaftLogWorker close()
2019-09-25 06:38:52,950 [ForkJoinPool.commonPool-worker-1] INFO  impl.RaftServerImpl (RaftServerImpl.java:lambda$shutdown$3(251)) - 1aac8648-70e0-4fd8-b5e1-5d1a6693feb1@group-A1921A2344C8: shutdown
2019-09-25 06:38:52,951 [ForkJoinPool.commonPool-worker-1] INFO  util.JmxRegister (JmxRegister.java:unregister(73)) - Successfully un-registered JMX Bean with object name Ratis:service=RaftServer,group=group-A1921A2344C8,id=1aac8648-70e0-4fd8-b5e1-5d1a6693feb1
2019-09-25 06:38:52,952 [ForkJoinPool.commonPool-worker-1] INFO  impl.RoleInfo (RoleInfo.java:shutdownLeaderElection(134)) - 1aac8648-70e0-4fd8-b5e1-5d1a6693feb1: shutdown LeaderElection
2019-09-25 06:38:52,952 [ForkJoinPool.commonPool-worker-1] INFO  impl.StateMachineUpdater (StateMachineUpdater.java:stopAndJoin(125)) - 1aac8648-70e0-4fd8-b5e1-5d1a6693feb1@group-A1921A2344C8-StateMachineUpdater: set stopIndex = -1
2019-09-25 06:38:52,953 [ForkJoinPool.commonPool-worker-1] INFO  impl.RaftServerImpl (ServerState.java:close(385)) - 1aac8648-70e0-4fd8-b5e1-5d1a6693feb1@group-A1921A2344C8: closes. applyIndex: -1
2019-09-25 06:38:52,954 [1aac8648-70e0-4fd8-b5e1-5d1a6693feb1@group-A1921A2344C8-SegmentedRaftLogWorker] INFO  segmented.SegmentedRaftLogWorker (SegmentedRaftLogWorker.java:run(313)) - 1aac8648-70e0-4fd8-b5e1-5d1a6693feb1@group-A1921A2344C8-SegmentedRaftLogWorker was interrupted, exiting. There are 0 tasks remaining in the queue.
2019-09-25 06:38:52,954 [ForkJoinPool.commonPool-worker-1] INFO  segmented.SegmentedRaftLogWorker (SegmentedRaftLogWorker.java:close(228)) - 1aac8648-70e0-4fd8-b5e1-5d1a6693feb1@group-A1921A2344C8-SegmentedRaftLogWorker close()
2019-09-25 06:38:52,956 [ForkJoinPool.commonPool-worker-1] INFO  impl.RaftServerImpl (RaftServerImpl.java:lambda$shutdown$3(251)) - 1aac8648-70e0-4fd8-b5e1-5d1a6693feb1@group-042B9CD4FB2E: shutdown
2019-09-25 06:38:52,957 [ForkJoinPool.commonPool-worker-1] INFO  util.JmxRegister (JmxRegister.java:unregister(73)) - Successfully un-registered JMX Bean with object name Ratis:service=RaftServer,group=group-042B9CD4FB2E,id=1aac8648-70e0-4fd8-b5e1-5d1a6693feb1
2019-09-25 06:38:52,957 [ForkJoinPool.commonPool-worker-1] INFO  impl.RoleInfo (RoleInfo.java:shutdownLeaderElection(134)) - 1aac8648-70e0-4fd8-b5e1-5d1a6693feb1: shutdown LeaderElection
2019-09-25 06:38:52,957 [ForkJoinPool.commonPool-worker-1] INFO  impl.StateMachineUpdater (StateMachineUpdater.java:stopAndJoin(125)) - 1aac8648-70e0-4fd8-b5e1-5d1a6693feb1@group-042B9CD4FB2E-StateMachineUpdater: set stopIndex = -1
2019-09-25 06:38:52,958 [ForkJoinPool.commonPool-worker-1] INFO  impl.RaftServerImpl (ServerState.java:close(385)) - 1aac8648-70e0-4fd8-b5e1-5d1a6693feb1@group-042B9CD4FB2E: closes. applyIndex: -1
2019-09-25 06:38:52,959 [1aac8648-70e0-4fd8-b5e1-5d1a6693feb1@group-042B9CD4FB2E-SegmentedRaftLogWorker] INFO  segmented.SegmentedRaftLogWorker (SegmentedRaftLogWorker.java:run(313)) - 1aac8648-70e0-4fd8-b5e1-5d1a6693feb1@group-042B9CD4FB2E-SegmentedRaftLogWorker was interrupted, exiting. There are 0 tasks remaining in the queue.
2019-09-25 06:38:52,959 [ForkJoinPool.commonPool-worker-1] INFO  segmented.SegmentedRaftLogWorker (SegmentedRaftLogWorker.java:close(228)) - 1aac8648-70e0-4fd8-b5e1-5d1a6693feb1@group-042B9CD4FB2E-SegmentedRaftLogWorker close()
2019-09-25 06:38:52,961 [ForkJoinPool.commonPool-worker-1] INFO  impl.RaftServerImpl (RaftServerImpl.java:lambda$shutdown$3(251)) - 1aac8648-70e0-4fd8-b5e1-5d1a6693feb1@group-7A7EBD2DFA9D: shutdown
2019-09-25 06:38:52,961 [ForkJoinPool.commonPool-worker-1] INFO  util.JmxRegister (JmxRegister.java:unregister(73)) - Successfully un-registered JMX Bean with object name Ratis:service=RaftServer,group=group-7A7EBD2DFA9D,id=1aac8648-70e0-4fd8-b5e1-5d1a6693feb1
2019-09-25 06:38:52,962 [ForkJoinPool.commonPool-worker-1] INFO  impl.RoleInfo (RoleInfo.java:shutdownLeaderElection(134)) - 1aac8648-70e0-4fd8-b5e1-5d1a6693feb1: shutdown LeaderElection
2019-09-25 06:38:52,962 [ForkJoinPool.commonPool-worker-1] INFO  impl.StateMachineUpdater (StateMachineUpdater.java:stopAndJoin(125)) - 1aac8648-70e0-4fd8-b5e1-5d1a6693feb1@group-7A7EBD2DFA9D-StateMachineUpdater: set stopIndex = -1
2019-09-25 06:38:52,963 [ForkJoinPool.commonPool-worker-1] INFO  impl.RaftServerImpl (ServerState.java:close(385)) - 1aac8648-70e0-4fd8-b5e1-5d1a6693feb1@group-7A7EBD2DFA9D: closes. applyIndex: -1
2019-09-25 06:38:52,963 [1aac8648-70e0-4fd8-b5e1-5d1a6693feb1@group-7A7EBD2DFA9D-SegmentedRaftLogWorker] INFO  segmented.SegmentedRaftLogWorker (SegmentedRaftLogWorker.java:run(313)) - 1aac8648-70e0-4fd8-b5e1-5d1a6693feb1@group-7A7EBD2DFA9D-SegmentedRaftLogWorker was interrupted, exiting. There are 0 tasks remaining in the queue.
2019-09-25 06:38:52,964 [ForkJoinPool.commonPool-worker-1] INFO  segmented.SegmentedRaftLogWorker (SegmentedRaftLogWorker.java:close(228)) - 1aac8648-70e0-4fd8-b5e1-5d1a6693feb1@group-7A7EBD2DFA9D-SegmentedRaftLogWorker close()
2019-09-25 06:38:52,966 [ForkJoinPool.commonPool-worker-1] INFO  server.GrpcService (GrpcService.java:closeImpl(164)) - 1aac8648-70e0-4fd8-b5e1-5d1a6693feb1: shutdown server with port 46163 now
2019-09-25 06:38:52,967 [ForkJoinPool.commonPool-worker-1] INFO  server.GrpcService (GrpcService.java:closeImpl(172)) - 1aac8648-70e0-4fd8-b5e1-5d1a6693feb1: shutdown server with port 46163 successfully
2019-09-25 06:38:52,971 [refreshUsed-/workdir/hadoop-ozone/ozonefs/target/test-dir/MiniOzoneClusterImpl-5b9a47a0-6db3-42b5-bb6d-2e43fb53942c/datanode-2/data/containers] WARN  fs.CachingGetSpaceUsed (CachingGetSpaceUsed.java:run(183)) - Thread Interrupted waiting to refresh disk information: sleep interrupted
2019-09-25 06:38:52,995 [ForkJoinPool.commonPool-worker-1] INFO  utils.BackgroundService (BackgroundService.java:shutdown(148)) - Shutting down service BlockDeletingService
2019-09-25 06:38:52,998 [ForkJoinPool.commonPool-worker-1] INFO  statemachine.DatanodeStateMachine (DatanodeStateMachine.java:stopDaemon(395)) - Ozone container server stopped.
2019-09-25 06:38:53,001 [ForkJoinPool.commonPool-worker-1] INFO  handler.ContextHandler (ContextHandler.java:doStop(910)) - Stopped o.e.j.w.WebAppContext@67280697{/,null,UNAVAILABLE}{/hddsDatanode}
2019-09-25 06:38:53,002 [ForkJoinPool.commonPool-worker-1] INFO  server.AbstractConnector (AbstractConnector.java:doStop(318)) - Stopped ServerConnector@697226f5{HTTP/1.1,[http/1.1]}{0.0.0.0:0}
2019-09-25 06:38:53,002 [ForkJoinPool.commonPool-worker-1] INFO  handler.ContextHandler (ContextHandler.java:doStop(910)) - Stopped o.e.j.s.ServletContextHandler@3e6f787c{/static,jar:file:/home/user/.m2/repository/org/apache/hadoop/hadoop-hdds-container-service/0.5.0-SNAPSHOT/hadoop-hdds-container-service-0.5.0-SNAPSHOT.jar!/webapps/static,UNAVAILABLE}
2019-09-25 06:38:53,003 [ForkJoinPool.commonPool-worker-1] INFO  handler.ContextHandler (ContextHandler.java:doStop(910)) - Stopped o.e.j.s.ServletContextHandler@12d0ef34{/logs,file:///workdir/hadoop-ozone/ozonefs/target/log,UNAVAILABLE}
2019-09-25 06:38:53,004 [Thread-467] INFO  ozone.MiniOzoneClusterImpl (MiniOzoneClusterImpl.java:stopSCM(392)) - Stopping the StorageContainerManager
2019-09-25 06:38:53,005 [Thread-467] INFO  server.StorageContainerManager (StorageContainerManager.java:stop(808)) - Stopping Replication Manager Service.
2019-09-25 06:38:53,005 [Thread-467] INFO  container.ReplicationManager (ReplicationManager.java:stop(204)) - Stopping Replication Monitor Thread.
2019-09-25 06:38:53,005 [Thread-467] INFO  server.StorageContainerManager (StorageContainerManager.java:stop(815)) - Stopping Lease Manager of the command watchers
2019-09-25 06:38:53,005 [Thread-467] INFO  server.StorageContainerManager (StorageContainerManager.java:stop(822)) - Stopping datanode service RPC server
2019-09-25 06:38:53,005 [Thread-467] INFO  server.SCMDatanodeProtocolServer (SCMDatanodeProtocolServer.java:stop(367)) - Stopping the RPC server for DataNodes
2019-09-25 06:38:53,005 [Thread-467] INFO  ipc.Server (Server.java:stop(3082)) - Stopping server on 41634
2019-09-25 06:38:53,007 [IPC Server listener on 41634] INFO  ipc.Server (Server.java:run(1185)) - Stopping IPC Server listener on 41634
2019-09-25 06:38:53,008 [IPC Server Responder] INFO  ipc.Server (Server.java:run(1319)) - Stopping IPC Server Responder
2019-09-25 06:38:53,045 [SCM Heartbeat Processing Thread - 0] WARN  node.NodeStateManager (NodeStateManager.java:scheduleNextHealthCheck(655)) - Current Thread is interrupted, shutting down HB processing thread for Node Manager.
2019-09-25 06:38:53,046 [Thread-467] INFO  server.StorageContainerManager (StorageContainerManager.java:stop(830)) - Stopping block service RPC server
2019-09-25 06:38:53,046 [Thread-467] INFO  server.SCMBlockProtocolServer (SCMBlockProtocolServer.java:stop(155)) - Stopping the RPC server for Block Protocol
2019-09-25 06:38:53,046 [Thread-467] INFO  ipc.Server (Server.java:stop(3082)) - Stopping server on 39113
2019-09-25 06:38:53,048 [IPC Server listener on 39113] INFO  ipc.Server (Server.java:run(1185)) - Stopping IPC Server listener on 39113
2019-09-25 06:38:53,048 [Thread-467] INFO  server.StorageContainerManager (StorageContainerManager.java:stop(837)) - Stopping the StorageContainerLocationProtocol RPC server
2019-09-25 06:38:53,048 [IPC Server Responder] INFO  ipc.Server (Server.java:run(1319)) - Stopping IPC Server Responder
2019-09-25 06:38:53,048 [Thread-467] INFO  server.SCMClientProtocolServer (SCMClientProtocolServer.java:stop(159)) - Stopping the RPC server for Client Protocol
2019-09-25 06:38:53,049 [Thread-467] INFO  ipc.Server (Server.java:stop(3082)) - Stopping server on 43091
2019-09-25 06:38:53,052 [IPC Server listener on 43091] INFO  ipc.Server (Server.java:run(1185)) - Stopping IPC Server listener on 43091
2019-09-25 06:38:53,052 [Thread-467] INFO  server.StorageContainerManager (StorageContainerManager.java:stop(844)) - Stopping Storage Container Manager HTTP server.
2019-09-25 06:38:53,052 [IPC Server Responder] INFO  ipc.Server (Server.java:run(1319)) - Stopping IPC Server Responder
2019-09-25 06:38:53,054 [Thread-467] INFO  handler.ContextHandler (ContextHandler.java:doStop(910)) - Stopped o.e.j.w.WebAppContext@48229440{/,null,UNAVAILABLE}{/scm}
2019-09-25 06:38:53,055 [Thread-467] INFO  server.AbstractConnector (AbstractConnector.java:doStop(318)) - Stopped ServerConnector@5c135b0e{HTTP/1.1,[http/1.1]}{0.0.0.0:0}
2019-09-25 06:38:53,055 [Thread-467] INFO  handler.ContextHandler (ContextHandler.java:doStop(910)) - Stopped o.e.j.s.ServletContextHandler@3dd10cc3{/static,jar:file:/home/user/.m2/repository/org/apache/hadoop/hadoop-hdds-server-scm/0.5.0-SNAPSHOT/hadoop-hdds-server-scm-0.5.0-SNAPSHOT.jar!/webapps/static,UNAVAILABLE}
2019-09-25 06:38:53,055 [Thread-467] INFO  handler.ContextHandler (ContextHandler.java:doStop(910)) - Stopped o.e.j.s.ServletContextHandler@5351f2ba{/logs,file:///workdir/hadoop-ozone/ozonefs/target/log,UNAVAILABLE}
2019-09-25 06:38:53,056 [Thread-467] INFO  server.StorageContainerManager (StorageContainerManager.java:stop(855)) - Stopping Block Manager Service.
2019-09-25 06:38:53,057 [Thread-467] INFO  utils.BackgroundService (BackgroundService.java:shutdown(148)) - Shutting down service SCMBlockDeletingService
2019-09-25 06:38:53,057 [Thread-467] INFO  utils.BackgroundService (BackgroundService.java:shutdown(148)) - Shutting down service SCMBlockDeletingService
2019-09-25 06:38:53,058 [Thread-467] INFO  server.StorageContainerManager (StorageContainerManager.java:stop(877)) - Stopping SCM Event Queue.
2019-09-25 06:38:53,060 [Thread-467] INFO  impl.MetricsSystemImpl (MetricsSystemImpl.java:stop(210)) - Stopping HddsDatanode metrics system...
2019-09-25 06:38:53,073 [Thread-467] INFO  impl.MetricsSystemImpl (MetricsSystemImpl.java:stop(216)) - HddsDatanode metrics system stopped.
]]></system-out>
  </testcase>
  <testcase name="testListStatus" classname="org.apache.hadoop.fs.ozone.TestOzoneFileSystem" time="36.024"/>
  <testcase name="testCreateDoesNotAddParentDirKeys" classname="org.apache.hadoop.fs.ozone.TestOzoneFileSystem" time="68">
    <error message="Allocated 0 blocks. Requested 1 blocks" type="INTERNAL_ERROR org.apache.hadoop.ozone.om.exceptions.OMException">INTERNAL_ERROR org.apache.hadoop.ozone.om.exceptions.OMException: Allocated 0 blocks. Requested 1 blocks
	at org.apache.hadoop.ozone.om.protocolPB.OzoneManagerProtocolClientSideTranslatorPB.handleError(OzoneManagerProtocolClientSideTranslatorPB.java:732)
	at org.apache.hadoop.ozone.om.protocolPB.OzoneManagerProtocolClientSideTranslatorPB.createFile(OzoneManagerProtocolClientSideTranslatorPB.java:1536)
	at sun.reflect.NativeMethodAccessorImpl.invoke0(Native Method)
	at sun.reflect.NativeMethodAccessorImpl.invoke(NativeMethodAccessorImpl.java:62)
	at sun.reflect.DelegatingMethodAccessorImpl.invoke(DelegatingMethodAccessorImpl.java:43)
	at java.lang.reflect.Method.invoke(Method.java:498)
	at org.apache.hadoop.hdds.tracing.TraceAllMethod.invoke(TraceAllMethod.java:66)
	at com.sun.proxy.$Proxy38.createFile(Unknown Source)
	at org.apache.hadoop.ozone.client.rpc.RpcClient.createFile(RpcClient.java:1006)
	at org.apache.hadoop.ozone.client.OzoneBucket.createFile(OzoneBucket.java:537)
	at org.apache.hadoop.fs.ozone.BasicOzoneClientAdapterImpl.createFile(BasicOzoneClientAdapterImpl.java:205)
	at org.apache.hadoop.fs.ozone.BasicOzoneFileSystem.createOutputStream(BasicOzoneFileSystem.java:250)
	at org.apache.hadoop.fs.ozone.BasicOzoneFileSystem.create(BasicOzoneFileSystem.java:231)
	at org.apache.hadoop.fs.FileSystem.create(FileSystem.java:1118)
	at org.apache.hadoop.fs.FileSystem.create(FileSystem.java:1098)
	at org.apache.hadoop.fs.FileSystem.create(FileSystem.java:987)
	at org.apache.hadoop.fs.contract.ContractTestUtils.createFile(ContractTestUtils.java:633)
	at org.apache.hadoop.fs.contract.ContractTestUtils.touch(ContractTestUtils.java:669)
	at org.apache.hadoop.fs.ozone.TestOzoneFileSystem.testCreateDoesNotAddParentDirKeys(TestOzoneFileSystem.java:110)
	at sun.reflect.NativeMethodAccessorImpl.invoke0(Native Method)
	at sun.reflect.NativeMethodAccessorImpl.invoke(NativeMethodAccessorImpl.java:62)
	at sun.reflect.DelegatingMethodAccessorImpl.invoke(DelegatingMethodAccessorImpl.java:43)
	at java.lang.reflect.Method.invoke(Method.java:498)
	at org.junit.runners.model.FrameworkMethod$1.runReflectiveCall(FrameworkMethod.java:47)
	at org.junit.internal.runners.model.ReflectiveCallable.run(ReflectiveCallable.java:12)
	at org.junit.runners.model.FrameworkMethod.invokeExplosively(FrameworkMethod.java:44)
	at org.junit.internal.runners.statements.InvokeMethod.evaluate(InvokeMethod.java:17)
	at org.junit.internal.runners.statements.RunBefores.evaluate(RunBefores.java:26)
	at org.junit.internal.runners.statements.RunAfters.evaluate(RunAfters.java:27)
	at org.junit.internal.runners.statements.FailOnTimeout$StatementThread.run(FailOnTimeout.java:74)
</error>
    <system-out><![CDATA[2019-09-25 06:39:31,330 [Thread-987] WARN  server.ServerUtils (ServerUtils.java:getScmDbDir(145)) - ozone.scm.db.dirs is not configured. We recommend adding this setting. Falling back to ozone.metadata.dirs instead.
2019-09-25 06:39:35,795 [f55e6572-79ce-4737-be28-9f96533d9c97@group-390C43587CD2:LeaderElection57] WARN  util.FileUtils (LogUtils.java:runAndLog(55)) - Failed to Files.move /workdir/hadoop-ozone/ozonefs/target/test-dir/MiniOzoneClusterImpl-14dc41e1-bc50-4945-b2fa-bf378b2c5690/datanode-2/data/ratis/8abefdeb-d550-43a5-9e52-390c43587cd2/current/raft-meta.tmp to /workdir/hadoop-ozone/ozonefs/target/test-dir/MiniOzoneClusterImpl-14dc41e1-bc50-4945-b2fa-bf378b2c5690/datanode-2/data/ratis/8abefdeb-d550-43a5-9e52-390c43587cd2/current/raft-meta: java.nio.file.NoSuchFileException: /workdir/hadoop-ozone/ozonefs/target/test-dir/MiniOzoneClusterImpl-14dc41e1-bc50-4945-b2fa-bf378b2c5690/datanode-2/data/ratis/8abefdeb-d550-43a5-9e52-390c43587cd2/current/raft-meta.tmp
2019-09-25 06:39:35,795 [76c17355-7e77-43ad-896d-18e350562089@group-390C43587CD2:LeaderElection55] WARN  util.FileUtils (LogUtils.java:runAndLog(55)) - Failed to Files.move /workdir/hadoop-ozone/ozonefs/target/test-dir/MiniOzoneClusterImpl-14dc41e1-bc50-4945-b2fa-bf378b2c5690/datanode-0/data/ratis/8abefdeb-d550-43a5-9e52-390c43587cd2/current/raft-meta.tmp to /workdir/hadoop-ozone/ozonefs/target/test-dir/MiniOzoneClusterImpl-14dc41e1-bc50-4945-b2fa-bf378b2c5690/datanode-0/data/ratis/8abefdeb-d550-43a5-9e52-390c43587cd2/current/raft-meta: java.nio.file.NoSuchFileException: /workdir/hadoop-ozone/ozonefs/target/test-dir/MiniOzoneClusterImpl-14dc41e1-bc50-4945-b2fa-bf378b2c5690/datanode-0/data/ratis/8abefdeb-d550-43a5-9e52-390c43587cd2/current/raft-meta.tmp
2019-09-25 06:39:35,796 [76c17355-7e77-43ad-896d-18e350562089@group-1C4BD57F32CF:LeaderElection42] WARN  util.FileUtils (LogUtils.java:runAndLog(55)) - Failed to Files.move /workdir/hadoop-ozone/ozonefs/target/test-dir/MiniOzoneClusterImpl-14dc41e1-bc50-4945-b2fa-bf378b2c5690/datanode-0/data/ratis/b59c0913-db65-4fbf-ae40-1c4bd57f32cf/current/raft-meta.tmp to /workdir/hadoop-ozone/ozonefs/target/test-dir/MiniOzoneClusterImpl-14dc41e1-bc50-4945-b2fa-bf378b2c5690/datanode-0/data/ratis/b59c0913-db65-4fbf-ae40-1c4bd57f32cf/current/raft-meta: java.nio.file.NoSuchFileException: /workdir/hadoop-ozone/ozonefs/target/test-dir/MiniOzoneClusterImpl-14dc41e1-bc50-4945-b2fa-bf378b2c5690/datanode-0/data/ratis/b59c0913-db65-4fbf-ae40-1c4bd57f32cf/current/raft-meta.tmp
2019-09-25 06:39:35,796 [76c17355-7e77-43ad-896d-18e350562089@group-8AEEFAE5F224:LeaderElection45] WARN  util.FileUtils (LogUtils.java:runAndLog(55)) - Failed to Files.move /workdir/hadoop-ozone/ozonefs/target/test-dir/MiniOzoneClusterImpl-14dc41e1-bc50-4945-b2fa-bf378b2c5690/datanode-0/data/ratis/49a4faef-67e5-4813-9959-8aeefae5f224/current/raft-meta.tmp to /workdir/hadoop-ozone/ozonefs/target/test-dir/MiniOzoneClusterImpl-14dc41e1-bc50-4945-b2fa-bf378b2c5690/datanode-0/data/ratis/49a4faef-67e5-4813-9959-8aeefae5f224/current/raft-meta: java.nio.file.NoSuchFileException: /workdir/hadoop-ozone/ozonefs/target/test-dir/MiniOzoneClusterImpl-14dc41e1-bc50-4945-b2fa-bf378b2c5690/datanode-0/data/ratis/49a4faef-67e5-4813-9959-8aeefae5f224/current/raft-meta.tmp
2019-09-25 06:39:35,796 [f55e6572-79ce-4737-be28-9f96533d9c97@group-2EC834A9710E:LeaderElection51] WARN  util.FileUtils (LogUtils.java:runAndLog(55)) - Failed to Files.move /workdir/hadoop-ozone/ozonefs/target/test-dir/MiniOzoneClusterImpl-14dc41e1-bc50-4945-b2fa-bf378b2c5690/datanode-2/data/ratis/bfd7b5c9-a7a9-458f-b0dd-2ec834a9710e/current/raft-meta.tmp to /workdir/hadoop-ozone/ozonefs/target/test-dir/MiniOzoneClusterImpl-14dc41e1-bc50-4945-b2fa-bf378b2c5690/datanode-2/data/ratis/bfd7b5c9-a7a9-458f-b0dd-2ec834a9710e/current/raft-meta: java.nio.file.NoSuchFileException: /workdir/hadoop-ozone/ozonefs/target/test-dir/MiniOzoneClusterImpl-14dc41e1-bc50-4945-b2fa-bf378b2c5690/datanode-2/data/ratis/bfd7b5c9-a7a9-458f-b0dd-2ec834a9710e/current/raft-meta.tmp
2019-09-25 06:39:35,795 [76c17355-7e77-43ad-896d-18e350562089@group-FAF77F946F90:LeaderElection43] WARN  util.FileUtils (LogUtils.java:runAndLog(55)) - Failed to Files.move /workdir/hadoop-ozone/ozonefs/target/test-dir/MiniOzoneClusterImpl-14dc41e1-bc50-4945-b2fa-bf378b2c5690/datanode-0/data/ratis/43e480f1-bcd3-4922-81b5-faf77f946f90/current/raft-meta.tmp to /workdir/hadoop-ozone/ozonefs/target/test-dir/MiniOzoneClusterImpl-14dc41e1-bc50-4945-b2fa-bf378b2c5690/datanode-0/data/ratis/43e480f1-bcd3-4922-81b5-faf77f946f90/current/raft-meta: java.nio.file.NoSuchFileException: /workdir/hadoop-ozone/ozonefs/target/test-dir/MiniOzoneClusterImpl-14dc41e1-bc50-4945-b2fa-bf378b2c5690/datanode-0/data/ratis/43e480f1-bcd3-4922-81b5-faf77f946f90/current/raft-meta.tmp
2019-09-25 06:39:35,795 [07628a93-8e9c-4c9b-80b0-579b720c61fa@group-FAF77F946F90:LeaderElection39] WARN  util.FileUtils (LogUtils.java:runAndLog(55)) - Failed to Files.move /workdir/hadoop-ozone/ozonefs/target/test-dir/MiniOzoneClusterImpl-14dc41e1-bc50-4945-b2fa-bf378b2c5690/datanode-1/data/ratis/43e480f1-bcd3-4922-81b5-faf77f946f90/current/raft-meta.tmp to /workdir/hadoop-ozone/ozonefs/target/test-dir/MiniOzoneClusterImpl-14dc41e1-bc50-4945-b2fa-bf378b2c5690/datanode-1/data/ratis/43e480f1-bcd3-4922-81b5-faf77f946f90/current/raft-meta: java.nio.file.NoSuchFileException: /workdir/hadoop-ozone/ozonefs/target/test-dir/MiniOzoneClusterImpl-14dc41e1-bc50-4945-b2fa-bf378b2c5690/datanode-1/data/ratis/43e480f1-bcd3-4922-81b5-faf77f946f90/current/raft-meta.tmp
2019-09-25 06:39:35,799 [07628a93-8e9c-4c9b-80b0-579b720c61fa@group-FAF77F946F90:LeaderElection39] WARN  util.AtomicFileOutputStream (AtomicFileOutputStream.java:abort(100)) - Unable to delete tmp file during abort /workdir/hadoop-ozone/ozonefs/target/test-dir/MiniOzoneClusterImpl-14dc41e1-bc50-4945-b2fa-bf378b2c5690/datanode-1/data/ratis/43e480f1-bcd3-4922-81b5-faf77f946f90/current/raft-meta.tmp
2019-09-25 06:39:35,795 [76c17355-7e77-43ad-896d-18e350562089@group-A476FD554B10:LeaderElection52] WARN  util.FileUtils (LogUtils.java:runAndLog(55)) - Failed to Files.move /workdir/hadoop-ozone/ozonefs/target/test-dir/MiniOzoneClusterImpl-14dc41e1-bc50-4945-b2fa-bf378b2c5690/datanode-0/data/ratis/9e912640-103e-4e10-9bb5-a476fd554b10/current/raft-meta.tmp to /workdir/hadoop-ozone/ozonefs/target/test-dir/MiniOzoneClusterImpl-14dc41e1-bc50-4945-b2fa-bf378b2c5690/datanode-0/data/ratis/9e912640-103e-4e10-9bb5-a476fd554b10/current/raft-meta: java.nio.file.NoSuchFileException: /workdir/hadoop-ozone/ozonefs/target/test-dir/MiniOzoneClusterImpl-14dc41e1-bc50-4945-b2fa-bf378b2c5690/datanode-0/data/ratis/9e912640-103e-4e10-9bb5-a476fd554b10/current/raft-meta.tmp
2019-09-25 06:39:35,795 [07628a93-8e9c-4c9b-80b0-579b720c61fa@group-390C43587CD2:LeaderElection54] WARN  util.FileUtils (LogUtils.java:runAndLog(55)) - Failed to Files.move /workdir/hadoop-ozone/ozonefs/target/test-dir/MiniOzoneClusterImpl-14dc41e1-bc50-4945-b2fa-bf378b2c5690/datanode-1/data/ratis/8abefdeb-d550-43a5-9e52-390c43587cd2/current/raft-meta.tmp to /workdir/hadoop-ozone/ozonefs/target/test-dir/MiniOzoneClusterImpl-14dc41e1-bc50-4945-b2fa-bf378b2c5690/datanode-1/data/ratis/8abefdeb-d550-43a5-9e52-390c43587cd2/current/raft-meta: java.nio.file.NoSuchFileException: /workdir/hadoop-ozone/ozonefs/target/test-dir/MiniOzoneClusterImpl-14dc41e1-bc50-4945-b2fa-bf378b2c5690/datanode-1/data/ratis/8abefdeb-d550-43a5-9e52-390c43587cd2/current/raft-meta.tmp
2019-09-25 06:39:35,795 [f55e6572-79ce-4737-be28-9f96533d9c97@group-C7F27C5B9730:LeaderElection59] WARN  util.FileUtils (LogUtils.java:runAndLog(55)) - Failed to Files.move /workdir/hadoop-ozone/ozonefs/target/test-dir/MiniOzoneClusterImpl-14dc41e1-bc50-4945-b2fa-bf378b2c5690/datanode-2/data/ratis/a0762339-8fe1-4d78-badb-c7f27c5b9730/current/raft-meta.tmp to /workdir/hadoop-ozone/ozonefs/target/test-dir/MiniOzoneClusterImpl-14dc41e1-bc50-4945-b2fa-bf378b2c5690/datanode-2/data/ratis/a0762339-8fe1-4d78-badb-c7f27c5b9730/current/raft-meta: java.nio.file.NoSuchFileException: /workdir/hadoop-ozone/ozonefs/target/test-dir/MiniOzoneClusterImpl-14dc41e1-bc50-4945-b2fa-bf378b2c5690/datanode-2/data/ratis/a0762339-8fe1-4d78-badb-c7f27c5b9730/current/raft-meta.tmp
2019-09-25 06:39:35,795 [07628a93-8e9c-4c9b-80b0-579b720c61fa@group-C7F27C5B9730:LeaderElection58] WARN  util.FileUtils (LogUtils.java:runAndLog(55)) - Failed to Files.move /workdir/hadoop-ozone/ozonefs/target/test-dir/MiniOzoneClusterImpl-14dc41e1-bc50-4945-b2fa-bf378b2c5690/datanode-1/data/ratis/a0762339-8fe1-4d78-badb-c7f27c5b9730/current/raft-meta.tmp to /workdir/hadoop-ozone/ozonefs/target/test-dir/MiniOzoneClusterImpl-14dc41e1-bc50-4945-b2fa-bf378b2c5690/datanode-1/data/ratis/a0762339-8fe1-4d78-badb-c7f27c5b9730/current/raft-meta: java.nio.file.NoSuchFileException: /workdir/hadoop-ozone/ozonefs/target/test-dir/MiniOzoneClusterImpl-14dc41e1-bc50-4945-b2fa-bf378b2c5690/datanode-1/data/ratis/a0762339-8fe1-4d78-badb-c7f27c5b9730/current/raft-meta.tmp
2019-09-25 06:39:35,795 [f55e6572-79ce-4737-be28-9f96533d9c97@group-390C43587CD2:LeaderElection57] WARN  util.AtomicFileOutputStream (AtomicFileOutputStream.java:abort(100)) - Unable to delete tmp file during abort /workdir/hadoop-ozone/ozonefs/target/test-dir/MiniOzoneClusterImpl-14dc41e1-bc50-4945-b2fa-bf378b2c5690/datanode-2/data/ratis/8abefdeb-d550-43a5-9e52-390c43587cd2/current/raft-meta.tmp
2019-09-25 06:39:35,795 [76c17355-7e77-43ad-896d-18e350562089@group-C7F27C5B9730:LeaderElection56] WARN  util.FileUtils (LogUtils.java:runAndLog(55)) - Failed to Files.move /workdir/hadoop-ozone/ozonefs/target/test-dir/MiniOzoneClusterImpl-14dc41e1-bc50-4945-b2fa-bf378b2c5690/datanode-0/data/ratis/a0762339-8fe1-4d78-badb-c7f27c5b9730/current/raft-meta.tmp to /workdir/hadoop-ozone/ozonefs/target/test-dir/MiniOzoneClusterImpl-14dc41e1-bc50-4945-b2fa-bf378b2c5690/datanode-0/data/ratis/a0762339-8fe1-4d78-badb-c7f27c5b9730/current/raft-meta: java.nio.file.NoSuchFileException: /workdir/hadoop-ozone/ozonefs/target/test-dir/MiniOzoneClusterImpl-14dc41e1-bc50-4945-b2fa-bf378b2c5690/datanode-0/data/ratis/a0762339-8fe1-4d78-badb-c7f27c5b9730/current/raft-meta.tmp
2019-09-25 06:39:35,795 [f55e6572-79ce-4737-be28-9f96533d9c97@group-8AEEFAE5F224:LeaderElection46] WARN  util.FileUtils (LogUtils.java:runAndLog(55)) - Failed to Files.move /workdir/hadoop-ozone/ozonefs/target/test-dir/MiniOzoneClusterImpl-14dc41e1-bc50-4945-b2fa-bf378b2c5690/datanode-2/data/ratis/49a4faef-67e5-4813-9959-8aeefae5f224/current/raft-meta.tmp to /workdir/hadoop-ozone/ozonefs/target/test-dir/MiniOzoneClusterImpl-14dc41e1-bc50-4945-b2fa-bf378b2c5690/datanode-2/data/ratis/49a4faef-67e5-4813-9959-8aeefae5f224/current/raft-meta: java.nio.file.NoSuchFileException: /workdir/hadoop-ozone/ozonefs/target/test-dir/MiniOzoneClusterImpl-14dc41e1-bc50-4945-b2fa-bf378b2c5690/datanode-2/data/ratis/49a4faef-67e5-4813-9959-8aeefae5f224/current/raft-meta.tmp
2019-09-25 06:39:35,795 [76c17355-7e77-43ad-896d-18e350562089@group-2EC834A9710E:LeaderElection50] WARN  util.FileUtils (LogUtils.java:runAndLog(55)) - Failed to Files.move /workdir/hadoop-ozone/ozonefs/target/test-dir/MiniOzoneClusterImpl-14dc41e1-bc50-4945-b2fa-bf378b2c5690/datanode-0/data/ratis/bfd7b5c9-a7a9-458f-b0dd-2ec834a9710e/current/raft-meta.tmp to /workdir/hadoop-ozone/ozonefs/target/test-dir/MiniOzoneClusterImpl-14dc41e1-bc50-4945-b2fa-bf378b2c5690/datanode-0/data/ratis/bfd7b5c9-a7a9-458f-b0dd-2ec834a9710e/current/raft-meta: java.nio.file.NoSuchFileException: /workdir/hadoop-ozone/ozonefs/target/test-dir/MiniOzoneClusterImpl-14dc41e1-bc50-4945-b2fa-bf378b2c5690/datanode-0/data/ratis/bfd7b5c9-a7a9-458f-b0dd-2ec834a9710e/current/raft-meta.tmp
2019-09-25 06:39:35,795 [07628a93-8e9c-4c9b-80b0-579b720c61fa@group-46175B4907EB:LeaderElection41] WARN  util.FileUtils (LogUtils.java:runAndLog(55)) - Failed to Files.move /workdir/hadoop-ozone/ozonefs/target/test-dir/MiniOzoneClusterImpl-14dc41e1-bc50-4945-b2fa-bf378b2c5690/datanode-1/data/ratis/cc1e3670-1ed6-45e7-bcb4-46175b4907eb/current/raft-meta.tmp to /workdir/hadoop-ozone/ozonefs/target/test-dir/MiniOzoneClusterImpl-14dc41e1-bc50-4945-b2fa-bf378b2c5690/datanode-1/data/ratis/cc1e3670-1ed6-45e7-bcb4-46175b4907eb/current/raft-meta: java.nio.file.NoSuchFileException: /workdir/hadoop-ozone/ozonefs/target/test-dir/MiniOzoneClusterImpl-14dc41e1-bc50-4945-b2fa-bf378b2c5690/datanode-1/data/ratis/cc1e3670-1ed6-45e7-bcb4-46175b4907eb/current/raft-meta.tmp
2019-09-25 06:39:35,795 [f55e6572-79ce-4737-be28-9f96533d9c97@group-46175B4907EB:LeaderElection40] WARN  util.FileUtils (LogUtils.java:runAndLog(55)) - Failed to Files.move /workdir/hadoop-ozone/ozonefs/target/test-dir/MiniOzoneClusterImpl-14dc41e1-bc50-4945-b2fa-bf378b2c5690/datanode-2/data/ratis/cc1e3670-1ed6-45e7-bcb4-46175b4907eb/current/raft-meta.tmp to /workdir/hadoop-ozone/ozonefs/target/test-dir/MiniOzoneClusterImpl-14dc41e1-bc50-4945-b2fa-bf378b2c5690/datanode-2/data/ratis/cc1e3670-1ed6-45e7-bcb4-46175b4907eb/current/raft-meta: java.nio.file.NoSuchFileException: /workdir/hadoop-ozone/ozonefs/target/test-dir/MiniOzoneClusterImpl-14dc41e1-bc50-4945-b2fa-bf378b2c5690/datanode-2/data/ratis/cc1e3670-1ed6-45e7-bcb4-46175b4907eb/current/raft-meta.tmp
2019-09-25 06:39:35,805 [f55e6572-79ce-4737-be28-9f96533d9c97@group-46175B4907EB:LeaderElection40] WARN  util.AtomicFileOutputStream (AtomicFileOutputStream.java:abort(100)) - Unable to delete tmp file during abort /workdir/hadoop-ozone/ozonefs/target/test-dir/MiniOzoneClusterImpl-14dc41e1-bc50-4945-b2fa-bf378b2c5690/datanode-2/data/ratis/cc1e3670-1ed6-45e7-bcb4-46175b4907eb/current/raft-meta.tmp
2019-09-25 06:39:35,795 [07628a93-8e9c-4c9b-80b0-579b720c61fa@group-A476FD554B10:LeaderElection53] WARN  util.FileUtils (LogUtils.java:runAndLog(55)) - Failed to Files.move /workdir/hadoop-ozone/ozonefs/target/test-dir/MiniOzoneClusterImpl-14dc41e1-bc50-4945-b2fa-bf378b2c5690/datanode-1/data/ratis/9e912640-103e-4e10-9bb5-a476fd554b10/current/raft-meta.tmp to /workdir/hadoop-ozone/ozonefs/target/test-dir/MiniOzoneClusterImpl-14dc41e1-bc50-4945-b2fa-bf378b2c5690/datanode-1/data/ratis/9e912640-103e-4e10-9bb5-a476fd554b10/current/raft-meta: java.nio.file.NoSuchFileException: /workdir/hadoop-ozone/ozonefs/target/test-dir/MiniOzoneClusterImpl-14dc41e1-bc50-4945-b2fa-bf378b2c5690/datanode-1/data/ratis/9e912640-103e-4e10-9bb5-a476fd554b10/current/raft-meta.tmp
2019-09-25 06:39:35,795 [76c17355-7e77-43ad-896d-18e350562089@group-46175B4907EB:LeaderElection44] WARN  util.FileUtils (LogUtils.java:runAndLog(55)) - Failed to Files.move /workdir/hadoop-ozone/ozonefs/target/test-dir/MiniOzoneClusterImpl-14dc41e1-bc50-4945-b2fa-bf378b2c5690/datanode-0/data/ratis/cc1e3670-1ed6-45e7-bcb4-46175b4907eb/current/raft-meta.tmp to /workdir/hadoop-ozone/ozonefs/target/test-dir/MiniOzoneClusterImpl-14dc41e1-bc50-4945-b2fa-bf378b2c5690/datanode-0/data/ratis/cc1e3670-1ed6-45e7-bcb4-46175b4907eb/current/raft-meta: java.nio.file.NoSuchFileException: /workdir/hadoop-ozone/ozonefs/target/test-dir/MiniOzoneClusterImpl-14dc41e1-bc50-4945-b2fa-bf378b2c5690/datanode-0/data/ratis/cc1e3670-1ed6-45e7-bcb4-46175b4907eb/current/raft-meta.tmp
2019-09-25 06:39:35,807 [76c17355-7e77-43ad-896d-18e350562089@group-46175B4907EB:LeaderElection44] WARN  util.AtomicFileOutputStream (AtomicFileOutputStream.java:abort(100)) - Unable to delete tmp file during abort /workdir/hadoop-ozone/ozonefs/target/test-dir/MiniOzoneClusterImpl-14dc41e1-bc50-4945-b2fa-bf378b2c5690/datanode-0/data/ratis/cc1e3670-1ed6-45e7-bcb4-46175b4907eb/current/raft-meta.tmp
2019-09-25 06:39:35,795 [07628a93-8e9c-4c9b-80b0-579b720c61fa@group-2EC834A9710E:LeaderElection48] WARN  util.FileUtils (LogUtils.java:runAndLog(55)) - Failed to Files.move /workdir/hadoop-ozone/ozonefs/target/test-dir/MiniOzoneClusterImpl-14dc41e1-bc50-4945-b2fa-bf378b2c5690/datanode-1/data/ratis/bfd7b5c9-a7a9-458f-b0dd-2ec834a9710e/current/raft-meta.tmp to /workdir/hadoop-ozone/ozonefs/target/test-dir/MiniOzoneClusterImpl-14dc41e1-bc50-4945-b2fa-bf378b2c5690/datanode-1/data/ratis/bfd7b5c9-a7a9-458f-b0dd-2ec834a9710e/current/raft-meta: java.nio.file.NoSuchFileException: /workdir/hadoop-ozone/ozonefs/target/test-dir/MiniOzoneClusterImpl-14dc41e1-bc50-4945-b2fa-bf378b2c5690/datanode-1/data/ratis/bfd7b5c9-a7a9-458f-b0dd-2ec834a9710e/current/raft-meta.tmp
2019-09-25 06:39:35,795 [07628a93-8e9c-4c9b-80b0-579b720c61fa@group-8AEEFAE5F224:LeaderElection47] WARN  util.FileUtils (LogUtils.java:runAndLog(55)) - Failed to Files.move /workdir/hadoop-ozone/ozonefs/target/test-dir/MiniOzoneClusterImpl-14dc41e1-bc50-4945-b2fa-bf378b2c5690/datanode-1/data/ratis/49a4faef-67e5-4813-9959-8aeefae5f224/current/raft-meta.tmp to /workdir/hadoop-ozone/ozonefs/target/test-dir/MiniOzoneClusterImpl-14dc41e1-bc50-4945-b2fa-bf378b2c5690/datanode-1/data/ratis/49a4faef-67e5-4813-9959-8aeefae5f224/current/raft-meta: java.nio.file.NoSuchFileException: /workdir/hadoop-ozone/ozonefs/target/test-dir/MiniOzoneClusterImpl-14dc41e1-bc50-4945-b2fa-bf378b2c5690/datanode-1/data/ratis/49a4faef-67e5-4813-9959-8aeefae5f224/current/raft-meta.tmp
2019-09-25 06:39:35,795 [f55e6572-79ce-4737-be28-9f96533d9c97@group-A476FD554B10:LeaderElection49] WARN  util.FileUtils (LogUtils.java:runAndLog(55)) - Failed to Files.move /workdir/hadoop-ozone/ozonefs/target/test-dir/MiniOzoneClusterImpl-14dc41e1-bc50-4945-b2fa-bf378b2c5690/datanode-2/data/ratis/9e912640-103e-4e10-9bb5-a476fd554b10/current/raft-meta.tmp to /workdir/hadoop-ozone/ozonefs/target/test-dir/MiniOzoneClusterImpl-14dc41e1-bc50-4945-b2fa-bf378b2c5690/datanode-2/data/ratis/9e912640-103e-4e10-9bb5-a476fd554b10/current/raft-meta: java.nio.file.NoSuchFileException: /workdir/hadoop-ozone/ozonefs/target/test-dir/MiniOzoneClusterImpl-14dc41e1-bc50-4945-b2fa-bf378b2c5690/datanode-2/data/ratis/9e912640-103e-4e10-9bb5-a476fd554b10/current/raft-meta.tmp
2019-09-25 06:39:35,795 [f55e6572-79ce-4737-be28-9f96533d9c97@group-FAF77F946F90:LeaderElection38] WARN  util.FileUtils (LogUtils.java:runAndLog(55)) - Failed to Files.move /workdir/hadoop-ozone/ozonefs/target/test-dir/MiniOzoneClusterImpl-14dc41e1-bc50-4945-b2fa-bf378b2c5690/datanode-2/data/ratis/43e480f1-bcd3-4922-81b5-faf77f946f90/current/raft-meta.tmp to /workdir/hadoop-ozone/ozonefs/target/test-dir/MiniOzoneClusterImpl-14dc41e1-bc50-4945-b2fa-bf378b2c5690/datanode-2/data/ratis/43e480f1-bcd3-4922-81b5-faf77f946f90/current/raft-meta: java.nio.file.NoSuchFileException: /workdir/hadoop-ozone/ozonefs/target/test-dir/MiniOzoneClusterImpl-14dc41e1-bc50-4945-b2fa-bf378b2c5690/datanode-2/data/ratis/43e480f1-bcd3-4922-81b5-faf77f946f90/current/raft-meta.tmp
2019-09-25 06:39:35,810 [Thread-987] WARN  server.ServerUtils (ServerUtils.java:getScmDbDir(145)) - ozone.scm.db.dirs is not configured. We recommend adding this setting. Falling back to ozone.metadata.dirs instead.
2019-09-25 06:39:35,810 [f55e6572-79ce-4737-be28-9f96533d9c97@group-A476FD554B10:LeaderElection49] WARN  util.AtomicFileOutputStream (AtomicFileOutputStream.java:abort(100)) - Unable to delete tmp file during abort /workdir/hadoop-ozone/ozonefs/target/test-dir/MiniOzoneClusterImpl-14dc41e1-bc50-4945-b2fa-bf378b2c5690/datanode-2/data/ratis/9e912640-103e-4e10-9bb5-a476fd554b10/current/raft-meta.tmp
2019-09-25 06:39:35,808 [07628a93-8e9c-4c9b-80b0-579b720c61fa@group-8AEEFAE5F224:LeaderElection47] WARN  util.AtomicFileOutputStream (AtomicFileOutputStream.java:abort(100)) - Unable to delete tmp file during abort /workdir/hadoop-ozone/ozonefs/target/test-dir/MiniOzoneClusterImpl-14dc41e1-bc50-4945-b2fa-bf378b2c5690/datanode-1/data/ratis/49a4faef-67e5-4813-9959-8aeefae5f224/current/raft-meta.tmp
2019-09-25 06:39:35,808 [07628a93-8e9c-4c9b-80b0-579b720c61fa@group-2EC834A9710E:LeaderElection48] WARN  util.AtomicFileOutputStream (AtomicFileOutputStream.java:abort(100)) - Unable to delete tmp file during abort /workdir/hadoop-ozone/ozonefs/target/test-dir/MiniOzoneClusterImpl-14dc41e1-bc50-4945-b2fa-bf378b2c5690/datanode-1/data/ratis/bfd7b5c9-a7a9-458f-b0dd-2ec834a9710e/current/raft-meta.tmp
2019-09-25 06:39:35,807 [76c17355-7e77-43ad-896d-18e350562089@group-46175B4907EB:LeaderElection44] INFO  impl.LeaderElection (LogUtils.java:infoOrTrace(149)) - Failed 76c17355-7e77-43ad-896d-18e350562089@group-46175B4907EB:LeaderElection44, state=CLOSING: {}
java.nio.file.NoSuchFileException: /workdir/hadoop-ozone/ozonefs/target/test-dir/MiniOzoneClusterImpl-14dc41e1-bc50-4945-b2fa-bf378b2c5690/datanode-0/data/ratis/cc1e3670-1ed6-45e7-bcb4-46175b4907eb/current/raft-meta.tmp
	at sun.nio.fs.UnixException.translateToIOException(UnixException.java:86)
	at sun.nio.fs.UnixException.rethrowAsIOException(UnixException.java:102)
	at sun.nio.fs.UnixException.rethrowAsIOException(UnixException.java:107)
	at sun.nio.fs.UnixCopyFile.move(UnixCopyFile.java:409)
	at sun.nio.fs.UnixFileSystemProvider.move(UnixFileSystemProvider.java:262)
	at java.nio.file.Files.move(Files.java:1395)
	at org.apache.ratis.util.FileUtils.lambda$move$6(FileUtils.java:65)
	at org.apache.ratis.util.LogUtils.runAndLog(LogUtils.java:50)
	at org.apache.ratis.util.FileUtils.move(FileUtils.java:64)
	at org.apache.ratis.util.FileUtils.move(FileUtils.java:60)
	at org.apache.ratis.util.AtomicFileOutputStream.close(AtomicFileOutputStream.java:73)
	at org.apache.ratis.server.storage.MetaFile.writeFile(MetaFile.java:96)
	at org.apache.ratis.server.storage.MetaFile.set(MetaFile.java:75)
	at org.apache.ratis.server.raftlog.segmented.SegmentedRaftLog.writeMetadata(SegmentedRaftLog.java:449)
	at org.apache.ratis.server.impl.ServerState.persistMetadata(ServerState.java:230)
	at org.apache.ratis.server.impl.LeaderElection.askForVotes(LeaderElection.java:180)
	at org.apache.ratis.server.impl.LeaderElection.run(LeaderElection.java:133)
	at java.lang.Thread.run(Thread.java:748)
2019-09-25 06:39:35,812 [76c17355-7e77-43ad-896d-18e350562089@group-46175B4907EB:LeaderElection44] INFO  impl.LeaderElection (LeaderElection.java:run(140)) - 76c17355-7e77-43ad-896d-18e350562089@group-46175B4907EB:LeaderElection44: NoSuchFileException is safely ignored since this is already CLOSING
2019-09-25 06:39:35,807 [07628a93-8e9c-4c9b-80b0-579b720c61fa@group-A476FD554B10:LeaderElection53] WARN  util.AtomicFileOutputStream (AtomicFileOutputStream.java:abort(100)) - Unable to delete tmp file during abort /workdir/hadoop-ozone/ozonefs/target/test-dir/MiniOzoneClusterImpl-14dc41e1-bc50-4945-b2fa-bf378b2c5690/datanode-1/data/ratis/9e912640-103e-4e10-9bb5-a476fd554b10/current/raft-meta.tmp
2019-09-25 06:39:35,805 [f55e6572-79ce-4737-be28-9f96533d9c97@group-46175B4907EB:LeaderElection40] INFO  impl.LeaderElection (LogUtils.java:infoOrTrace(149)) - Failed f55e6572-79ce-4737-be28-9f96533d9c97@group-46175B4907EB:LeaderElection40, state=CLOSING: {}
java.nio.file.NoSuchFileException: /workdir/hadoop-ozone/ozonefs/target/test-dir/MiniOzoneClusterImpl-14dc41e1-bc50-4945-b2fa-bf378b2c5690/datanode-2/data/ratis/cc1e3670-1ed6-45e7-bcb4-46175b4907eb/current/raft-meta.tmp
	at sun.nio.fs.UnixException.translateToIOException(UnixException.java:86)
	at sun.nio.fs.UnixException.rethrowAsIOException(UnixException.java:102)
	at sun.nio.fs.UnixException.rethrowAsIOException(UnixException.java:107)
	at sun.nio.fs.UnixCopyFile.move(UnixCopyFile.java:409)
	at sun.nio.fs.UnixFileSystemProvider.move(UnixFileSystemProvider.java:262)
	at java.nio.file.Files.move(Files.java:1395)
	at org.apache.ratis.util.FileUtils.lambda$move$6(FileUtils.java:65)
	at org.apache.ratis.util.LogUtils.runAndLog(LogUtils.java:50)
	at org.apache.ratis.util.FileUtils.move(FileUtils.java:64)
	at org.apache.ratis.util.FileUtils.move(FileUtils.java:60)
	at org.apache.ratis.util.AtomicFileOutputStream.close(AtomicFileOutputStream.java:73)
	at org.apache.ratis.server.storage.MetaFile.writeFile(MetaFile.java:96)
	at org.apache.ratis.server.storage.MetaFile.set(MetaFile.java:75)
	at org.apache.ratis.server.raftlog.segmented.SegmentedRaftLog.writeMetadata(SegmentedRaftLog.java:449)
	at org.apache.ratis.server.impl.ServerState.persistMetadata(ServerState.java:230)
	at org.apache.ratis.server.impl.LeaderElection.askForVotes(LeaderElection.java:180)
	at org.apache.ratis.server.impl.LeaderElection.run(LeaderElection.java:133)
	at java.lang.Thread.run(Thread.java:748)
2019-09-25 06:39:35,804 [07628a93-8e9c-4c9b-80b0-579b720c61fa@group-46175B4907EB:LeaderElection41] WARN  util.AtomicFileOutputStream (AtomicFileOutputStream.java:abort(100)) - Unable to delete tmp file during abort /workdir/hadoop-ozone/ozonefs/target/test-dir/MiniOzoneClusterImpl-14dc41e1-bc50-4945-b2fa-bf378b2c5690/datanode-1/data/ratis/cc1e3670-1ed6-45e7-bcb4-46175b4907eb/current/raft-meta.tmp
2019-09-25 06:39:35,815 [07628a93-8e9c-4c9b-80b0-579b720c61fa@group-46175B4907EB:LeaderElection41] INFO  impl.LeaderElection (LogUtils.java:infoOrTrace(149)) - Failed 07628a93-8e9c-4c9b-80b0-579b720c61fa@group-46175B4907EB:LeaderElection41, state=CLOSING: {}
java.nio.file.NoSuchFileException: /workdir/hadoop-ozone/ozonefs/target/test-dir/MiniOzoneClusterImpl-14dc41e1-bc50-4945-b2fa-bf378b2c5690/datanode-1/data/ratis/cc1e3670-1ed6-45e7-bcb4-46175b4907eb/current/raft-meta.tmp
	at sun.nio.fs.UnixException.translateToIOException(UnixException.java:86)
	at sun.nio.fs.UnixException.rethrowAsIOException(UnixException.java:102)
	at sun.nio.fs.UnixException.rethrowAsIOException(UnixException.java:107)
	at sun.nio.fs.UnixCopyFile.move(UnixCopyFile.java:409)
	at sun.nio.fs.UnixFileSystemProvider.move(UnixFileSystemProvider.java:262)
	at java.nio.file.Files.move(Files.java:1395)
	at org.apache.ratis.util.FileUtils.lambda$move$6(FileUtils.java:65)
	at org.apache.ratis.util.LogUtils.runAndLog(LogUtils.java:50)
	at org.apache.ratis.util.FileUtils.move(FileUtils.java:64)
	at org.apache.ratis.util.FileUtils.move(FileUtils.java:60)
	at org.apache.ratis.util.AtomicFileOutputStream.close(AtomicFileOutputStream.java:73)
	at org.apache.ratis.server.storage.MetaFile.writeFile(MetaFile.java:96)
	at org.apache.ratis.server.storage.MetaFile.set(MetaFile.java:75)
	at org.apache.ratis.server.raftlog.segmented.SegmentedRaftLog.writeMetadata(SegmentedRaftLog.java:449)
	at org.apache.ratis.server.impl.ServerState.persistMetadata(ServerState.java:230)
	at org.apache.ratis.server.impl.LeaderElection.askForVotes(LeaderElection.java:180)
	at org.apache.ratis.server.impl.LeaderElection.run(LeaderElection.java:133)
	at java.lang.Thread.run(Thread.java:748)
2019-09-25 06:39:35,803 [76c17355-7e77-43ad-896d-18e350562089@group-2EC834A9710E:LeaderElection50] WARN  util.AtomicFileOutputStream (AtomicFileOutputStream.java:abort(100)) - Unable to delete tmp file during abort /workdir/hadoop-ozone/ozonefs/target/test-dir/MiniOzoneClusterImpl-14dc41e1-bc50-4945-b2fa-bf378b2c5690/datanode-0/data/ratis/bfd7b5c9-a7a9-458f-b0dd-2ec834a9710e/current/raft-meta.tmp
2019-09-25 06:39:35,815 [76c17355-7e77-43ad-896d-18e350562089@group-2EC834A9710E:LeaderElection50] INFO  impl.LeaderElection (LogUtils.java:infoOrTrace(149)) - Failed 76c17355-7e77-43ad-896d-18e350562089@group-2EC834A9710E:LeaderElection50, state=CLOSING: {}
java.nio.file.NoSuchFileException: /workdir/hadoop-ozone/ozonefs/target/test-dir/MiniOzoneClusterImpl-14dc41e1-bc50-4945-b2fa-bf378b2c5690/datanode-0/data/ratis/bfd7b5c9-a7a9-458f-b0dd-2ec834a9710e/current/raft-meta.tmp
	at sun.nio.fs.UnixException.translateToIOException(UnixException.java:86)
	at sun.nio.fs.UnixException.rethrowAsIOException(UnixException.java:102)
	at sun.nio.fs.UnixException.rethrowAsIOException(UnixException.java:107)
	at sun.nio.fs.UnixCopyFile.move(UnixCopyFile.java:409)
	at sun.nio.fs.UnixFileSystemProvider.move(UnixFileSystemProvider.java:262)
	at java.nio.file.Files.move(Files.java:1395)
	at org.apache.ratis.util.FileUtils.lambda$move$6(FileUtils.java:65)
	at org.apache.ratis.util.LogUtils.runAndLog(LogUtils.java:50)
	at org.apache.ratis.util.FileUtils.move(FileUtils.java:64)
	at org.apache.ratis.util.FileUtils.move(FileUtils.java:60)
	at org.apache.ratis.util.AtomicFileOutputStream.close(AtomicFileOutputStream.java:73)
	at org.apache.ratis.server.storage.MetaFile.writeFile(MetaFile.java:96)
	at org.apache.ratis.server.storage.MetaFile.set(MetaFile.java:75)
	at org.apache.ratis.server.raftlog.segmented.SegmentedRaftLog.writeMetadata(SegmentedRaftLog.java:449)
	at org.apache.ratis.server.impl.ServerState.persistMetadata(ServerState.java:230)
	at org.apache.ratis.server.impl.LeaderElection.askForVotes(LeaderElection.java:180)
	at org.apache.ratis.server.impl.LeaderElection.run(LeaderElection.java:133)
	at java.lang.Thread.run(Thread.java:748)
2019-09-25 06:39:35,803 [f55e6572-79ce-4737-be28-9f96533d9c97@group-8AEEFAE5F224:LeaderElection46] WARN  util.AtomicFileOutputStream (AtomicFileOutputStream.java:abort(100)) - Unable to delete tmp file during abort /workdir/hadoop-ozone/ozonefs/target/test-dir/MiniOzoneClusterImpl-14dc41e1-bc50-4945-b2fa-bf378b2c5690/datanode-2/data/ratis/49a4faef-67e5-4813-9959-8aeefae5f224/current/raft-meta.tmp
2019-09-25 06:39:35,803 [76c17355-7e77-43ad-896d-18e350562089@group-C7F27C5B9730:LeaderElection56] WARN  util.AtomicFileOutputStream (AtomicFileOutputStream.java:abort(100)) - Unable to delete tmp file during abort /workdir/hadoop-ozone/ozonefs/target/test-dir/MiniOzoneClusterImpl-14dc41e1-bc50-4945-b2fa-bf378b2c5690/datanode-0/data/ratis/a0762339-8fe1-4d78-badb-c7f27c5b9730/current/raft-meta.tmp
2019-09-25 06:39:35,816 [76c17355-7e77-43ad-896d-18e350562089@group-C7F27C5B9730:LeaderElection56] INFO  impl.LeaderElection (LogUtils.java:infoOrTrace(149)) - Failed 76c17355-7e77-43ad-896d-18e350562089@group-C7F27C5B9730:LeaderElection56, state=CLOSING: {}
java.nio.file.NoSuchFileException: /workdir/hadoop-ozone/ozonefs/target/test-dir/MiniOzoneClusterImpl-14dc41e1-bc50-4945-b2fa-bf378b2c5690/datanode-0/data/ratis/a0762339-8fe1-4d78-badb-c7f27c5b9730/current/raft-meta.tmp
	at sun.nio.fs.UnixException.translateToIOException(UnixException.java:86)
	at sun.nio.fs.UnixException.rethrowAsIOException(UnixException.java:102)
	at sun.nio.fs.UnixException.rethrowAsIOException(UnixException.java:107)
	at sun.nio.fs.UnixCopyFile.move(UnixCopyFile.java:409)
	at sun.nio.fs.UnixFileSystemProvider.move(UnixFileSystemProvider.java:262)
	at java.nio.file.Files.move(Files.java:1395)
	at org.apache.ratis.util.FileUtils.lambda$move$6(FileUtils.java:65)
	at org.apache.ratis.util.LogUtils.runAndLog(LogUtils.java:50)
	at org.apache.ratis.util.FileUtils.move(FileUtils.java:64)
	at org.apache.ratis.util.FileUtils.move(FileUtils.java:60)
	at org.apache.ratis.util.AtomicFileOutputStream.close(AtomicFileOutputStream.java:73)
	at org.apache.ratis.server.storage.MetaFile.writeFile(MetaFile.java:96)
	at org.apache.ratis.server.storage.MetaFile.set(MetaFile.java:75)
	at org.apache.ratis.server.raftlog.segmented.SegmentedRaftLog.writeMetadata(SegmentedRaftLog.java:449)
	at org.apache.ratis.server.impl.ServerState.persistMetadata(ServerState.java:230)
	at org.apache.ratis.server.impl.LeaderElection.askForVotes(LeaderElection.java:180)
	at org.apache.ratis.server.impl.LeaderElection.run(LeaderElection.java:133)
	at java.lang.Thread.run(Thread.java:748)
2019-09-25 06:39:35,816 [76c17355-7e77-43ad-896d-18e350562089@group-C7F27C5B9730:LeaderElection56] INFO  impl.LeaderElection (LeaderElection.java:run(140)) - 76c17355-7e77-43ad-896d-18e350562089@group-C7F27C5B9730:LeaderElection56: NoSuchFileException is safely ignored since this is already CLOSING
2019-09-25 06:39:35,802 [f55e6572-79ce-4737-be28-9f96533d9c97@group-390C43587CD2:LeaderElection57] INFO  impl.LeaderElection (LogUtils.java:infoOrTrace(149)) - Failed f55e6572-79ce-4737-be28-9f96533d9c97@group-390C43587CD2:LeaderElection57, state=CLOSING: {}
java.nio.file.NoSuchFileException: /workdir/hadoop-ozone/ozonefs/target/test-dir/MiniOzoneClusterImpl-14dc41e1-bc50-4945-b2fa-bf378b2c5690/datanode-2/data/ratis/8abefdeb-d550-43a5-9e52-390c43587cd2/current/raft-meta.tmp
	at sun.nio.fs.UnixException.translateToIOException(UnixException.java:86)
	at sun.nio.fs.UnixException.rethrowAsIOException(UnixException.java:102)
	at sun.nio.fs.UnixException.rethrowAsIOException(UnixException.java:107)
	at sun.nio.fs.UnixCopyFile.move(UnixCopyFile.java:409)
	at sun.nio.fs.UnixFileSystemProvider.move(UnixFileSystemProvider.java:262)
	at java.nio.file.Files.move(Files.java:1395)
	at org.apache.ratis.util.FileUtils.lambda$move$6(FileUtils.java:65)
	at org.apache.ratis.util.LogUtils.runAndLog(LogUtils.java:50)
	at org.apache.ratis.util.FileUtils.move(FileUtils.java:64)
	at org.apache.ratis.util.FileUtils.move(FileUtils.java:60)
	at org.apache.ratis.util.AtomicFileOutputStream.close(AtomicFileOutputStream.java:73)
	at org.apache.ratis.server.storage.MetaFile.writeFile(MetaFile.java:96)
	at org.apache.ratis.server.storage.MetaFile.set(MetaFile.java:75)
	at org.apache.ratis.server.raftlog.segmented.SegmentedRaftLog.writeMetadata(SegmentedRaftLog.java:449)
	at org.apache.ratis.server.impl.ServerState.persistMetadata(ServerState.java:230)
	at org.apache.ratis.server.impl.LeaderElection.askForVotes(LeaderElection.java:180)
	at org.apache.ratis.server.impl.LeaderElection.run(LeaderElection.java:133)
	at java.lang.Thread.run(Thread.java:748)
2019-09-25 06:39:35,801 [07628a93-8e9c-4c9b-80b0-579b720c61fa@group-C7F27C5B9730:LeaderElection58] WARN  util.AtomicFileOutputStream (AtomicFileOutputStream.java:abort(100)) - Unable to delete tmp file during abort /workdir/hadoop-ozone/ozonefs/target/test-dir/MiniOzoneClusterImpl-14dc41e1-bc50-4945-b2fa-bf378b2c5690/datanode-1/data/ratis/a0762339-8fe1-4d78-badb-c7f27c5b9730/current/raft-meta.tmp
2019-09-25 06:39:35,817 [07628a93-8e9c-4c9b-80b0-579b720c61fa@group-C7F27C5B9730:LeaderElection58] INFO  impl.LeaderElection (LogUtils.java:infoOrTrace(149)) - Failed 07628a93-8e9c-4c9b-80b0-579b720c61fa@group-C7F27C5B9730:LeaderElection58, state=CLOSING: {}
java.nio.file.NoSuchFileException: /workdir/hadoop-ozone/ozonefs/target/test-dir/MiniOzoneClusterImpl-14dc41e1-bc50-4945-b2fa-bf378b2c5690/datanode-1/data/ratis/a0762339-8fe1-4d78-badb-c7f27c5b9730/current/raft-meta.tmp
	at sun.nio.fs.UnixException.translateToIOException(UnixException.java:86)
	at sun.nio.fs.UnixException.rethrowAsIOException(UnixException.java:102)
	at sun.nio.fs.UnixException.rethrowAsIOException(UnixException.java:107)
	at sun.nio.fs.UnixCopyFile.move(UnixCopyFile.java:409)
	at sun.nio.fs.UnixFileSystemProvider.move(UnixFileSystemProvider.java:262)
	at java.nio.file.Files.move(Files.java:1395)
	at org.apache.ratis.util.FileUtils.lambda$move$6(FileUtils.java:65)
	at org.apache.ratis.util.LogUtils.runAndLog(LogUtils.java:50)
	at org.apache.ratis.util.FileUtils.move(FileUtils.java:64)
	at org.apache.ratis.util.FileUtils.move(FileUtils.java:60)
	at org.apache.ratis.util.AtomicFileOutputStream.close(AtomicFileOutputStream.java:73)
	at org.apache.ratis.server.storage.MetaFile.writeFile(MetaFile.java:96)
	at org.apache.ratis.server.storage.MetaFile.set(MetaFile.java:75)
	at org.apache.ratis.server.raftlog.segmented.SegmentedRaftLog.writeMetadata(SegmentedRaftLog.java:449)
	at org.apache.ratis.server.impl.ServerState.persistMetadata(ServerState.java:230)
	at org.apache.ratis.server.impl.LeaderElection.askForVotes(LeaderElection.java:180)
	at org.apache.ratis.server.impl.LeaderElection.run(LeaderElection.java:133)
	at java.lang.Thread.run(Thread.java:748)
2019-09-25 06:39:35,801 [f55e6572-79ce-4737-be28-9f96533d9c97@group-C7F27C5B9730:LeaderElection59] WARN  util.AtomicFileOutputStream (AtomicFileOutputStream.java:abort(100)) - Unable to delete tmp file during abort /workdir/hadoop-ozone/ozonefs/target/test-dir/MiniOzoneClusterImpl-14dc41e1-bc50-4945-b2fa-bf378b2c5690/datanode-2/data/ratis/a0762339-8fe1-4d78-badb-c7f27c5b9730/current/raft-meta.tmp
2019-09-25 06:39:35,801 [07628a93-8e9c-4c9b-80b0-579b720c61fa@group-390C43587CD2:LeaderElection54] WARN  util.AtomicFileOutputStream (AtomicFileOutputStream.java:abort(100)) - Unable to delete tmp file during abort /workdir/hadoop-ozone/ozonefs/target/test-dir/MiniOzoneClusterImpl-14dc41e1-bc50-4945-b2fa-bf378b2c5690/datanode-1/data/ratis/8abefdeb-d550-43a5-9e52-390c43587cd2/current/raft-meta.tmp
2019-09-25 06:39:35,817 [07628a93-8e9c-4c9b-80b0-579b720c61fa@group-390C43587CD2:LeaderElection54] INFO  impl.LeaderElection (LogUtils.java:infoOrTrace(149)) - Failed 07628a93-8e9c-4c9b-80b0-579b720c61fa@group-390C43587CD2:LeaderElection54, state=CLOSING: {}
java.nio.file.NoSuchFileException: /workdir/hadoop-ozone/ozonefs/target/test-dir/MiniOzoneClusterImpl-14dc41e1-bc50-4945-b2fa-bf378b2c5690/datanode-1/data/ratis/8abefdeb-d550-43a5-9e52-390c43587cd2/current/raft-meta.tmp
	at sun.nio.fs.UnixException.translateToIOException(UnixException.java:86)
	at sun.nio.fs.UnixException.rethrowAsIOException(UnixException.java:102)
	at sun.nio.fs.UnixException.rethrowAsIOException(UnixException.java:107)
	at sun.nio.fs.UnixCopyFile.move(UnixCopyFile.java:409)
	at sun.nio.fs.UnixFileSystemProvider.move(UnixFileSystemProvider.java:262)
	at java.nio.file.Files.move(Files.java:1395)
	at org.apache.ratis.util.FileUtils.lambda$move$6(FileUtils.java:65)
	at org.apache.ratis.util.LogUtils.runAndLog(LogUtils.java:50)
	at org.apache.ratis.util.FileUtils.move(FileUtils.java:64)
	at org.apache.ratis.util.FileUtils.move(FileUtils.java:60)
	at org.apache.ratis.util.AtomicFileOutputStream.close(AtomicFileOutputStream.java:73)
	at org.apache.ratis.server.storage.MetaFile.writeFile(MetaFile.java:96)
	at org.apache.ratis.server.storage.MetaFile.set(MetaFile.java:75)
	at org.apache.ratis.server.raftlog.segmented.SegmentedRaftLog.writeMetadata(SegmentedRaftLog.java:449)
	at org.apache.ratis.server.impl.ServerState.persistMetadata(ServerState.java:230)
	at org.apache.ratis.server.impl.LeaderElection.askForVotes(LeaderElection.java:180)
	at org.apache.ratis.server.impl.LeaderElection.run(LeaderElection.java:133)
	at java.lang.Thread.run(Thread.java:748)
2019-09-25 06:39:35,818 [07628a93-8e9c-4c9b-80b0-579b720c61fa@group-390C43587CD2:LeaderElection54] INFO  impl.LeaderElection (LeaderElection.java:run(140)) - 07628a93-8e9c-4c9b-80b0-579b720c61fa@group-390C43587CD2:LeaderElection54: NoSuchFileException is safely ignored since this is already CLOSING
2019-09-25 06:39:35,800 [76c17355-7e77-43ad-896d-18e350562089@group-A476FD554B10:LeaderElection52] WARN  util.AtomicFileOutputStream (AtomicFileOutputStream.java:abort(100)) - Unable to delete tmp file during abort /workdir/hadoop-ozone/ozonefs/target/test-dir/MiniOzoneClusterImpl-14dc41e1-bc50-4945-b2fa-bf378b2c5690/datanode-0/data/ratis/9e912640-103e-4e10-9bb5-a476fd554b10/current/raft-meta.tmp
2019-09-25 06:39:35,800 [07628a93-8e9c-4c9b-80b0-579b720c61fa@group-FAF77F946F90:LeaderElection39] INFO  impl.LeaderElection (LogUtils.java:infoOrTrace(149)) - Failed 07628a93-8e9c-4c9b-80b0-579b720c61fa@group-FAF77F946F90:LeaderElection39, state=CLOSING: {}
java.nio.file.NoSuchFileException: /workdir/hadoop-ozone/ozonefs/target/test-dir/MiniOzoneClusterImpl-14dc41e1-bc50-4945-b2fa-bf378b2c5690/datanode-1/data/ratis/43e480f1-bcd3-4922-81b5-faf77f946f90/current/raft-meta.tmp
	at sun.nio.fs.UnixException.translateToIOException(UnixException.java:86)
	at sun.nio.fs.UnixException.rethrowAsIOException(UnixException.java:102)
	at sun.nio.fs.UnixException.rethrowAsIOException(UnixException.java:107)
	at sun.nio.fs.UnixCopyFile.move(UnixCopyFile.java:409)
	at sun.nio.fs.UnixFileSystemProvider.move(UnixFileSystemProvider.java:262)
	at java.nio.file.Files.move(Files.java:1395)
	at org.apache.ratis.util.FileUtils.lambda$move$6(FileUtils.java:65)
	at org.apache.ratis.util.LogUtils.runAndLog(LogUtils.java:50)
	at org.apache.ratis.util.FileUtils.move(FileUtils.java:64)
	at org.apache.ratis.util.FileUtils.move(FileUtils.java:60)
	at org.apache.ratis.util.AtomicFileOutputStream.close(AtomicFileOutputStream.java:73)
	at org.apache.ratis.server.storage.MetaFile.writeFile(MetaFile.java:96)
	at org.apache.ratis.server.storage.MetaFile.set(MetaFile.java:75)
	at org.apache.ratis.server.raftlog.segmented.SegmentedRaftLog.writeMetadata(SegmentedRaftLog.java:449)
	at org.apache.ratis.server.impl.ServerState.persistMetadata(ServerState.java:230)
	at org.apache.ratis.server.impl.LeaderElection.askForVotes(LeaderElection.java:180)
	at org.apache.ratis.server.impl.LeaderElection.run(LeaderElection.java:133)
	at java.lang.Thread.run(Thread.java:748)
2019-09-25 06:39:35,818 [07628a93-8e9c-4c9b-80b0-579b720c61fa@group-FAF77F946F90:LeaderElection39] INFO  impl.LeaderElection (LeaderElection.java:run(140)) - 07628a93-8e9c-4c9b-80b0-579b720c61fa@group-FAF77F946F90:LeaderElection39: NoSuchFileException is safely ignored since this is already CLOSING
2019-09-25 06:39:35,799 [76c17355-7e77-43ad-896d-18e350562089@group-FAF77F946F90:LeaderElection43] WARN  util.AtomicFileOutputStream (AtomicFileOutputStream.java:abort(100)) - Unable to delete tmp file during abort /workdir/hadoop-ozone/ozonefs/target/test-dir/MiniOzoneClusterImpl-14dc41e1-bc50-4945-b2fa-bf378b2c5690/datanode-0/data/ratis/43e480f1-bcd3-4922-81b5-faf77f946f90/current/raft-meta.tmp
2019-09-25 06:39:35,798 [f55e6572-79ce-4737-be28-9f96533d9c97@group-2EC834A9710E:LeaderElection51] WARN  util.AtomicFileOutputStream (AtomicFileOutputStream.java:abort(100)) - Unable to delete tmp file during abort /workdir/hadoop-ozone/ozonefs/target/test-dir/MiniOzoneClusterImpl-14dc41e1-bc50-4945-b2fa-bf378b2c5690/datanode-2/data/ratis/bfd7b5c9-a7a9-458f-b0dd-2ec834a9710e/current/raft-meta.tmp
2019-09-25 06:39:35,798 [76c17355-7e77-43ad-896d-18e350562089@group-8AEEFAE5F224:LeaderElection45] WARN  util.AtomicFileOutputStream (AtomicFileOutputStream.java:abort(100)) - Unable to delete tmp file during abort /workdir/hadoop-ozone/ozonefs/target/test-dir/MiniOzoneClusterImpl-14dc41e1-bc50-4945-b2fa-bf378b2c5690/datanode-0/data/ratis/49a4faef-67e5-4813-9959-8aeefae5f224/current/raft-meta.tmp
2019-09-25 06:39:35,797 [76c17355-7e77-43ad-896d-18e350562089@group-1C4BD57F32CF:LeaderElection42] WARN  util.AtomicFileOutputStream (AtomicFileOutputStream.java:abort(100)) - Unable to delete tmp file during abort /workdir/hadoop-ozone/ozonefs/target/test-dir/MiniOzoneClusterImpl-14dc41e1-bc50-4945-b2fa-bf378b2c5690/datanode-0/data/ratis/b59c0913-db65-4fbf-ae40-1c4bd57f32cf/current/raft-meta.tmp
2019-09-25 06:39:35,796 [76c17355-7e77-43ad-896d-18e350562089@group-390C43587CD2:LeaderElection55] WARN  util.AtomicFileOutputStream (AtomicFileOutputStream.java:abort(100)) - Unable to delete tmp file during abort /workdir/hadoop-ozone/ozonefs/target/test-dir/MiniOzoneClusterImpl-14dc41e1-bc50-4945-b2fa-bf378b2c5690/datanode-0/data/ratis/8abefdeb-d550-43a5-9e52-390c43587cd2/current/raft-meta.tmp
2019-09-25 06:39:35,819 [76c17355-7e77-43ad-896d-18e350562089@group-1C4BD57F32CF:LeaderElection42] INFO  impl.LeaderElection (LogUtils.java:infoOrTrace(149)) - Failed 76c17355-7e77-43ad-896d-18e350562089@group-1C4BD57F32CF:LeaderElection42, state=CLOSING: {}
java.nio.file.NoSuchFileException: /workdir/hadoop-ozone/ozonefs/target/test-dir/MiniOzoneClusterImpl-14dc41e1-bc50-4945-b2fa-bf378b2c5690/datanode-0/data/ratis/b59c0913-db65-4fbf-ae40-1c4bd57f32cf/current/raft-meta.tmp
	at sun.nio.fs.UnixException.translateToIOException(UnixException.java:86)
	at sun.nio.fs.UnixException.rethrowAsIOException(UnixException.java:102)
	at sun.nio.fs.UnixException.rethrowAsIOException(UnixException.java:107)
	at sun.nio.fs.UnixCopyFile.move(UnixCopyFile.java:409)
	at sun.nio.fs.UnixFileSystemProvider.move(UnixFileSystemProvider.java:262)
	at java.nio.file.Files.move(Files.java:1395)
	at org.apache.ratis.util.FileUtils.lambda$move$6(FileUtils.java:65)
	at org.apache.ratis.util.LogUtils.runAndLog(LogUtils.java:50)
	at org.apache.ratis.util.FileUtils.move(FileUtils.java:64)
	at org.apache.ratis.util.FileUtils.move(FileUtils.java:60)
	at org.apache.ratis.util.AtomicFileOutputStream.close(AtomicFileOutputStream.java:73)
	at org.apache.ratis.server.storage.MetaFile.writeFile(MetaFile.java:96)
	at org.apache.ratis.server.storage.MetaFile.set(MetaFile.java:75)
	at org.apache.ratis.server.raftlog.segmented.SegmentedRaftLog.writeMetadata(SegmentedRaftLog.java:449)
	at org.apache.ratis.server.impl.ServerState.persistMetadata(ServerState.java:230)
	at org.apache.ratis.server.impl.LeaderElection.askForVotes(LeaderElection.java:180)
	at org.apache.ratis.server.impl.LeaderElection.run(LeaderElection.java:133)
	at java.lang.Thread.run(Thread.java:748)
2019-09-25 06:39:35,819 [76c17355-7e77-43ad-896d-18e350562089@group-8AEEFAE5F224:LeaderElection45] INFO  impl.LeaderElection (LogUtils.java:infoOrTrace(149)) - Failed 76c17355-7e77-43ad-896d-18e350562089@group-8AEEFAE5F224:LeaderElection45, state=CLOSING: {}
java.nio.file.NoSuchFileException: /workdir/hadoop-ozone/ozonefs/target/test-dir/MiniOzoneClusterImpl-14dc41e1-bc50-4945-b2fa-bf378b2c5690/datanode-0/data/ratis/49a4faef-67e5-4813-9959-8aeefae5f224/current/raft-meta.tmp
	at sun.nio.fs.UnixException.translateToIOException(UnixException.java:86)
	at sun.nio.fs.UnixException.rethrowAsIOException(UnixException.java:102)
	at sun.nio.fs.UnixException.rethrowAsIOException(UnixException.java:107)
	at sun.nio.fs.UnixCopyFile.move(UnixCopyFile.java:409)
	at sun.nio.fs.UnixFileSystemProvider.move(UnixFileSystemProvider.java:262)
	at java.nio.file.Files.move(Files.java:1395)
	at org.apache.ratis.util.FileUtils.lambda$move$6(FileUtils.java:65)
	at org.apache.ratis.util.LogUtils.runAndLog(LogUtils.java:50)
	at org.apache.ratis.util.FileUtils.move(FileUtils.java:64)
	at org.apache.ratis.util.FileUtils.move(FileUtils.java:60)
	at org.apache.ratis.util.AtomicFileOutputStream.close(AtomicFileOutputStream.java:73)
	at org.apache.ratis.server.storage.MetaFile.writeFile(MetaFile.java:96)
	at org.apache.ratis.server.storage.MetaFile.set(MetaFile.java:75)
	at org.apache.ratis.server.raftlog.segmented.SegmentedRaftLog.writeMetadata(SegmentedRaftLog.java:449)
	at org.apache.ratis.server.impl.ServerState.persistMetadata(ServerState.java:230)
	at org.apache.ratis.server.impl.LeaderElection.askForVotes(LeaderElection.java:180)
	at org.apache.ratis.server.impl.LeaderElection.run(LeaderElection.java:133)
	at java.lang.Thread.run(Thread.java:748)
2019-09-25 06:39:35,819 [f55e6572-79ce-4737-be28-9f96533d9c97@group-2EC834A9710E:LeaderElection51] INFO  impl.LeaderElection (LogUtils.java:infoOrTrace(149)) - Failed f55e6572-79ce-4737-be28-9f96533d9c97@group-2EC834A9710E:LeaderElection51, state=CLOSING: {}
java.nio.file.NoSuchFileException: /workdir/hadoop-ozone/ozonefs/target/test-dir/MiniOzoneClusterImpl-14dc41e1-bc50-4945-b2fa-bf378b2c5690/datanode-2/data/ratis/bfd7b5c9-a7a9-458f-b0dd-2ec834a9710e/current/raft-meta.tmp
	at sun.nio.fs.UnixException.translateToIOException(UnixException.java:86)
	at sun.nio.fs.UnixException.rethrowAsIOException(UnixException.java:102)
	at sun.nio.fs.UnixException.rethrowAsIOException(UnixException.java:107)
	at sun.nio.fs.UnixCopyFile.move(UnixCopyFile.java:409)
	at sun.nio.fs.UnixFileSystemProvider.move(UnixFileSystemProvider.java:262)
	at java.nio.file.Files.move(Files.java:1395)
	at org.apache.ratis.util.FileUtils.lambda$move$6(FileUtils.java:65)
	at org.apache.ratis.util.LogUtils.runAndLog(LogUtils.java:50)
	at org.apache.ratis.util.FileUtils.move(FileUtils.java:64)
	at org.apache.ratis.util.FileUtils.move(FileUtils.java:60)
	at org.apache.ratis.util.AtomicFileOutputStream.close(AtomicFileOutputStream.java:73)
	at org.apache.ratis.server.storage.MetaFile.writeFile(MetaFile.java:96)
	at org.apache.ratis.server.storage.MetaFile.set(MetaFile.java:75)
	at org.apache.ratis.server.raftlog.segmented.SegmentedRaftLog.writeMetadata(SegmentedRaftLog.java:449)
	at org.apache.ratis.server.impl.ServerState.persistMetadata(ServerState.java:230)
	at org.apache.ratis.server.impl.LeaderElection.askForVotes(LeaderElection.java:180)
	at org.apache.ratis.server.impl.LeaderElection.run(LeaderElection.java:133)
	at java.lang.Thread.run(Thread.java:748)
2019-09-25 06:39:35,820 [f55e6572-79ce-4737-be28-9f96533d9c97@group-2EC834A9710E:LeaderElection51] INFO  impl.LeaderElection (LeaderElection.java:run(140)) - f55e6572-79ce-4737-be28-9f96533d9c97@group-2EC834A9710E:LeaderElection51: NoSuchFileException is safely ignored since this is already CLOSING
2019-09-25 06:39:35,819 [76c17355-7e77-43ad-896d-18e350562089@group-FAF77F946F90:LeaderElection43] INFO  impl.LeaderElection (LogUtils.java:infoOrTrace(149)) - Failed 76c17355-7e77-43ad-896d-18e350562089@group-FAF77F946F90:LeaderElection43, state=CLOSING: {}
java.nio.file.NoSuchFileException: /workdir/hadoop-ozone/ozonefs/target/test-dir/MiniOzoneClusterImpl-14dc41e1-bc50-4945-b2fa-bf378b2c5690/datanode-0/data/ratis/43e480f1-bcd3-4922-81b5-faf77f946f90/current/raft-meta.tmp
	at sun.nio.fs.UnixException.translateToIOException(UnixException.java:86)
	at sun.nio.fs.UnixException.rethrowAsIOException(UnixException.java:102)
	at sun.nio.fs.UnixException.rethrowAsIOException(UnixException.java:107)
	at sun.nio.fs.UnixCopyFile.move(UnixCopyFile.java:409)
	at sun.nio.fs.UnixFileSystemProvider.move(UnixFileSystemProvider.java:262)
	at java.nio.file.Files.move(Files.java:1395)
	at org.apache.ratis.util.FileUtils.lambda$move$6(FileUtils.java:65)
	at org.apache.ratis.util.LogUtils.runAndLog(LogUtils.java:50)
	at org.apache.ratis.util.FileUtils.move(FileUtils.java:64)
	at org.apache.ratis.util.FileUtils.move(FileUtils.java:60)
	at org.apache.ratis.util.AtomicFileOutputStream.close(AtomicFileOutputStream.java:73)
	at org.apache.ratis.server.storage.MetaFile.writeFile(MetaFile.java:96)
	at org.apache.ratis.server.storage.MetaFile.set(MetaFile.java:75)
	at org.apache.ratis.server.raftlog.segmented.SegmentedRaftLog.writeMetadata(SegmentedRaftLog.java:449)
	at org.apache.ratis.server.impl.ServerState.persistMetadata(ServerState.java:230)
	at org.apache.ratis.server.impl.LeaderElection.askForVotes(LeaderElection.java:180)
	at org.apache.ratis.server.impl.LeaderElection.run(LeaderElection.java:133)
	at java.lang.Thread.run(Thread.java:748)
2019-09-25 06:39:35,820 [76c17355-7e77-43ad-896d-18e350562089@group-FAF77F946F90:LeaderElection43] INFO  impl.LeaderElection (LeaderElection.java:run(140)) - 76c17355-7e77-43ad-896d-18e350562089@group-FAF77F946F90:LeaderElection43: NoSuchFileException is safely ignored since this is already CLOSING
2019-09-25 06:39:35,818 [76c17355-7e77-43ad-896d-18e350562089@group-A476FD554B10:LeaderElection52] INFO  impl.LeaderElection (LogUtils.java:infoOrTrace(149)) - Failed 76c17355-7e77-43ad-896d-18e350562089@group-A476FD554B10:LeaderElection52, state=CLOSING: {}
java.nio.file.NoSuchFileException: /workdir/hadoop-ozone/ozonefs/target/test-dir/MiniOzoneClusterImpl-14dc41e1-bc50-4945-b2fa-bf378b2c5690/datanode-0/data/ratis/9e912640-103e-4e10-9bb5-a476fd554b10/current/raft-meta.tmp
	at sun.nio.fs.UnixException.translateToIOException(UnixException.java:86)
	at sun.nio.fs.UnixException.rethrowAsIOException(UnixException.java:102)
	at sun.nio.fs.UnixException.rethrowAsIOException(UnixException.java:107)
	at sun.nio.fs.UnixCopyFile.move(UnixCopyFile.java:409)
	at sun.nio.fs.UnixFileSystemProvider.move(UnixFileSystemProvider.java:262)
	at java.nio.file.Files.move(Files.java:1395)
	at org.apache.ratis.util.FileUtils.lambda$move$6(FileUtils.java:65)
	at org.apache.ratis.util.LogUtils.runAndLog(LogUtils.java:50)
	at org.apache.ratis.util.FileUtils.move(FileUtils.java:64)
	at org.apache.ratis.util.FileUtils.move(FileUtils.java:60)
	at org.apache.ratis.util.AtomicFileOutputStream.close(AtomicFileOutputStream.java:73)
	at org.apache.ratis.server.storage.MetaFile.writeFile(MetaFile.java:96)
	at org.apache.ratis.server.storage.MetaFile.set(MetaFile.java:75)
	at org.apache.ratis.server.raftlog.segmented.SegmentedRaftLog.writeMetadata(SegmentedRaftLog.java:449)
	at org.apache.ratis.server.impl.ServerState.persistMetadata(ServerState.java:230)
	at org.apache.ratis.server.impl.LeaderElection.askForVotes(LeaderElection.java:180)
	at org.apache.ratis.server.impl.LeaderElection.run(LeaderElection.java:133)
	at java.lang.Thread.run(Thread.java:748)
2019-09-25 06:39:35,821 [76c17355-7e77-43ad-896d-18e350562089@group-A476FD554B10:LeaderElection52] INFO  impl.LeaderElection (LeaderElection.java:run(140)) - 76c17355-7e77-43ad-896d-18e350562089@group-A476FD554B10:LeaderElection52: NoSuchFileException is safely ignored since this is already CLOSING
2019-09-25 06:39:35,817 [f55e6572-79ce-4737-be28-9f96533d9c97@group-C7F27C5B9730:LeaderElection59] INFO  impl.LeaderElection (LogUtils.java:infoOrTrace(149)) - Failed f55e6572-79ce-4737-be28-9f96533d9c97@group-C7F27C5B9730:LeaderElection59, state=CLOSING: {}
java.nio.file.NoSuchFileException: /workdir/hadoop-ozone/ozonefs/target/test-dir/MiniOzoneClusterImpl-14dc41e1-bc50-4945-b2fa-bf378b2c5690/datanode-2/data/ratis/a0762339-8fe1-4d78-badb-c7f27c5b9730/current/raft-meta.tmp
	at sun.nio.fs.UnixException.translateToIOException(UnixException.java:86)
	at sun.nio.fs.UnixException.rethrowAsIOException(UnixException.java:102)
	at sun.nio.fs.UnixException.rethrowAsIOException(UnixException.java:107)
	at sun.nio.fs.UnixCopyFile.move(UnixCopyFile.java:409)
	at sun.nio.fs.UnixFileSystemProvider.move(UnixFileSystemProvider.java:262)
	at java.nio.file.Files.move(Files.java:1395)
	at org.apache.ratis.util.FileUtils.lambda$move$6(FileUtils.java:65)
	at org.apache.ratis.util.LogUtils.runAndLog(LogUtils.java:50)
	at org.apache.ratis.util.FileUtils.move(FileUtils.java:64)
	at org.apache.ratis.util.FileUtils.move(FileUtils.java:60)
	at org.apache.ratis.util.AtomicFileOutputStream.close(AtomicFileOutputStream.java:73)
	at org.apache.ratis.server.storage.MetaFile.writeFile(MetaFile.java:96)
	at org.apache.ratis.server.storage.MetaFile.set(MetaFile.java:75)
	at org.apache.ratis.server.raftlog.segmented.SegmentedRaftLog.writeMetadata(SegmentedRaftLog.java:449)
	at org.apache.ratis.server.impl.ServerState.persistMetadata(ServerState.java:230)
	at org.apache.ratis.server.impl.LeaderElection.askForVotes(LeaderElection.java:180)
	at org.apache.ratis.server.impl.LeaderElection.run(LeaderElection.java:133)
	at java.lang.Thread.run(Thread.java:748)
2019-09-25 06:39:35,817 [07628a93-8e9c-4c9b-80b0-579b720c61fa@group-C7F27C5B9730:LeaderElection58] INFO  impl.LeaderElection (LeaderElection.java:run(140)) - 07628a93-8e9c-4c9b-80b0-579b720c61fa@group-C7F27C5B9730:LeaderElection58: NoSuchFileException is safely ignored since this is already CLOSING
2019-09-25 06:39:35,817 [f55e6572-79ce-4737-be28-9f96533d9c97@group-390C43587CD2:LeaderElection57] INFO  impl.LeaderElection (LeaderElection.java:run(140)) - f55e6572-79ce-4737-be28-9f96533d9c97@group-390C43587CD2:LeaderElection57: NoSuchFileException is safely ignored since this is already CLOSING
2019-09-25 06:39:35,816 [f55e6572-79ce-4737-be28-9f96533d9c97@group-8AEEFAE5F224:LeaderElection46] INFO  impl.LeaderElection (LogUtils.java:infoOrTrace(149)) - Failed f55e6572-79ce-4737-be28-9f96533d9c97@group-8AEEFAE5F224:LeaderElection46, state=CLOSING: {}
java.nio.file.NoSuchFileException: /workdir/hadoop-ozone/ozonefs/target/test-dir/MiniOzoneClusterImpl-14dc41e1-bc50-4945-b2fa-bf378b2c5690/datanode-2/data/ratis/49a4faef-67e5-4813-9959-8aeefae5f224/current/raft-meta.tmp
	at sun.nio.fs.UnixException.translateToIOException(UnixException.java:86)
	at sun.nio.fs.UnixException.rethrowAsIOException(UnixException.java:102)
	at sun.nio.fs.UnixException.rethrowAsIOException(UnixException.java:107)
	at sun.nio.fs.UnixCopyFile.move(UnixCopyFile.java:409)
	at sun.nio.fs.UnixFileSystemProvider.move(UnixFileSystemProvider.java:262)
	at java.nio.file.Files.move(Files.java:1395)
	at org.apache.ratis.util.FileUtils.lambda$move$6(FileUtils.java:65)
	at org.apache.ratis.util.LogUtils.runAndLog(LogUtils.java:50)
	at org.apache.ratis.util.FileUtils.move(FileUtils.java:64)
	at org.apache.ratis.util.FileUtils.move(FileUtils.java:60)
	at org.apache.ratis.util.AtomicFileOutputStream.close(AtomicFileOutputStream.java:73)
	at org.apache.ratis.server.storage.MetaFile.writeFile(MetaFile.java:96)
	at org.apache.ratis.server.storage.MetaFile.set(MetaFile.java:75)
	at org.apache.ratis.server.raftlog.segmented.SegmentedRaftLog.writeMetadata(SegmentedRaftLog.java:449)
	at org.apache.ratis.server.impl.ServerState.persistMetadata(ServerState.java:230)
	at org.apache.ratis.server.impl.LeaderElection.askForVotes(LeaderElection.java:180)
	at org.apache.ratis.server.impl.LeaderElection.run(LeaderElection.java:133)
	at java.lang.Thread.run(Thread.java:748)
2019-09-25 06:39:35,822 [f55e6572-79ce-4737-be28-9f96533d9c97@group-8AEEFAE5F224:LeaderElection46] INFO  impl.LeaderElection (LeaderElection.java:run(140)) - f55e6572-79ce-4737-be28-9f96533d9c97@group-8AEEFAE5F224:LeaderElection46: NoSuchFileException is safely ignored since this is already CLOSING
2019-09-25 06:39:35,815 [76c17355-7e77-43ad-896d-18e350562089@group-2EC834A9710E:LeaderElection50] INFO  impl.LeaderElection (LeaderElection.java:run(140)) - 76c17355-7e77-43ad-896d-18e350562089@group-2EC834A9710E:LeaderElection50: NoSuchFileException is safely ignored since this is already CLOSING
2019-09-25 06:39:35,815 [07628a93-8e9c-4c9b-80b0-579b720c61fa@group-46175B4907EB:LeaderElection41] INFO  impl.LeaderElection (LeaderElection.java:run(140)) - 07628a93-8e9c-4c9b-80b0-579b720c61fa@group-46175B4907EB:LeaderElection41: NoSuchFileException is safely ignored since this is already CLOSING
2019-09-25 06:39:35,815 [f55e6572-79ce-4737-be28-9f96533d9c97@group-46175B4907EB:LeaderElection40] INFO  impl.LeaderElection (LeaderElection.java:run(140)) - f55e6572-79ce-4737-be28-9f96533d9c97@group-46175B4907EB:LeaderElection40: NoSuchFileException is safely ignored since this is already CLOSING
2019-09-25 06:39:35,813 [07628a93-8e9c-4c9b-80b0-579b720c61fa@group-A476FD554B10:LeaderElection53] INFO  impl.LeaderElection (LogUtils.java:infoOrTrace(149)) - Failed 07628a93-8e9c-4c9b-80b0-579b720c61fa@group-A476FD554B10:LeaderElection53, state=CLOSING: {}
java.nio.file.NoSuchFileException: /workdir/hadoop-ozone/ozonefs/target/test-dir/MiniOzoneClusterImpl-14dc41e1-bc50-4945-b2fa-bf378b2c5690/datanode-1/data/ratis/9e912640-103e-4e10-9bb5-a476fd554b10/current/raft-meta.tmp
	at sun.nio.fs.UnixException.translateToIOException(UnixException.java:86)
	at sun.nio.fs.UnixException.rethrowAsIOException(UnixException.java:102)
	at sun.nio.fs.UnixException.rethrowAsIOException(UnixException.java:107)
	at sun.nio.fs.UnixCopyFile.move(UnixCopyFile.java:409)
	at sun.nio.fs.UnixFileSystemProvider.move(UnixFileSystemProvider.java:262)
	at java.nio.file.Files.move(Files.java:1395)
	at org.apache.ratis.util.FileUtils.lambda$move$6(FileUtils.java:65)
	at org.apache.ratis.util.LogUtils.runAndLog(LogUtils.java:50)
	at org.apache.ratis.util.FileUtils.move(FileUtils.java:64)
	at org.apache.ratis.util.FileUtils.move(FileUtils.java:60)
	at org.apache.ratis.util.AtomicFileOutputStream.close(AtomicFileOutputStream.java:73)
	at org.apache.ratis.server.storage.MetaFile.writeFile(MetaFile.java:96)
	at org.apache.ratis.server.storage.MetaFile.set(MetaFile.java:75)
	at org.apache.ratis.server.raftlog.segmented.SegmentedRaftLog.writeMetadata(SegmentedRaftLog.java:449)
	at org.apache.ratis.server.impl.ServerState.persistMetadata(ServerState.java:230)
	at org.apache.ratis.server.impl.LeaderElection.askForVotes(LeaderElection.java:180)
	at org.apache.ratis.server.impl.LeaderElection.run(LeaderElection.java:133)
	at java.lang.Thread.run(Thread.java:748)
2019-09-25 06:39:35,823 [07628a93-8e9c-4c9b-80b0-579b720c61fa@group-A476FD554B10:LeaderElection53] INFO  impl.LeaderElection (LeaderElection.java:run(140)) - 07628a93-8e9c-4c9b-80b0-579b720c61fa@group-A476FD554B10:LeaderElection53: NoSuchFileException is safely ignored since this is already CLOSING
2019-09-25 06:39:35,812 [07628a93-8e9c-4c9b-80b0-579b720c61fa@group-2EC834A9710E:LeaderElection48] INFO  impl.LeaderElection (LogUtils.java:infoOrTrace(149)) - Failed 07628a93-8e9c-4c9b-80b0-579b720c61fa@group-2EC834A9710E:LeaderElection48, state=CLOSING: {}
java.nio.file.NoSuchFileException: /workdir/hadoop-ozone/ozonefs/target/test-dir/MiniOzoneClusterImpl-14dc41e1-bc50-4945-b2fa-bf378b2c5690/datanode-1/data/ratis/bfd7b5c9-a7a9-458f-b0dd-2ec834a9710e/current/raft-meta.tmp
	at sun.nio.fs.UnixException.translateToIOException(UnixException.java:86)
	at sun.nio.fs.UnixException.rethrowAsIOException(UnixException.java:102)
	at sun.nio.fs.UnixException.rethrowAsIOException(UnixException.java:107)
	at sun.nio.fs.UnixCopyFile.move(UnixCopyFile.java:409)
	at sun.nio.fs.UnixFileSystemProvider.move(UnixFileSystemProvider.java:262)
	at java.nio.file.Files.move(Files.java:1395)
	at org.apache.ratis.util.FileUtils.lambda$move$6(FileUtils.java:65)
	at org.apache.ratis.util.LogUtils.runAndLog(LogUtils.java:50)
	at org.apache.ratis.util.FileUtils.move(FileUtils.java:64)
	at org.apache.ratis.util.FileUtils.move(FileUtils.java:60)
	at org.apache.ratis.util.AtomicFileOutputStream.close(AtomicFileOutputStream.java:73)
	at org.apache.ratis.server.storage.MetaFile.writeFile(MetaFile.java:96)
	at org.apache.ratis.server.storage.MetaFile.set(MetaFile.java:75)
	at org.apache.ratis.server.raftlog.segmented.SegmentedRaftLog.writeMetadata(SegmentedRaftLog.java:449)
	at org.apache.ratis.server.impl.ServerState.persistMetadata(ServerState.java:230)
	at org.apache.ratis.server.impl.LeaderElection.askForVotes(LeaderElection.java:180)
	at org.apache.ratis.server.impl.LeaderElection.run(LeaderElection.java:133)
	at java.lang.Thread.run(Thread.java:748)
2019-09-25 06:39:35,812 [07628a93-8e9c-4c9b-80b0-579b720c61fa@group-8AEEFAE5F224:LeaderElection47] INFO  impl.LeaderElection (LogUtils.java:infoOrTrace(149)) - Failed 07628a93-8e9c-4c9b-80b0-579b720c61fa@group-8AEEFAE5F224:LeaderElection47, state=CLOSING: {}
java.nio.file.NoSuchFileException: /workdir/hadoop-ozone/ozonefs/target/test-dir/MiniOzoneClusterImpl-14dc41e1-bc50-4945-b2fa-bf378b2c5690/datanode-1/data/ratis/49a4faef-67e5-4813-9959-8aeefae5f224/current/raft-meta.tmp
	at sun.nio.fs.UnixException.translateToIOException(UnixException.java:86)
	at sun.nio.fs.UnixException.rethrowAsIOException(UnixException.java:102)
	at sun.nio.fs.UnixException.rethrowAsIOException(UnixException.java:107)
	at sun.nio.fs.UnixCopyFile.move(UnixCopyFile.java:409)
	at sun.nio.fs.UnixFileSystemProvider.move(UnixFileSystemProvider.java:262)
	at java.nio.file.Files.move(Files.java:1395)
	at org.apache.ratis.util.FileUtils.lambda$move$6(FileUtils.java:65)
	at org.apache.ratis.util.LogUtils.runAndLog(LogUtils.java:50)
	at org.apache.ratis.util.FileUtils.move(FileUtils.java:64)
	at org.apache.ratis.util.FileUtils.move(FileUtils.java:60)
	at org.apache.ratis.util.AtomicFileOutputStream.close(AtomicFileOutputStream.java:73)
	at org.apache.ratis.server.storage.MetaFile.writeFile(MetaFile.java:96)
	at org.apache.ratis.server.storage.MetaFile.set(MetaFile.java:75)
	at org.apache.ratis.server.raftlog.segmented.SegmentedRaftLog.writeMetadata(SegmentedRaftLog.java:449)
	at org.apache.ratis.server.impl.ServerState.persistMetadata(ServerState.java:230)
	at org.apache.ratis.server.impl.LeaderElection.askForVotes(LeaderElection.java:180)
	at org.apache.ratis.server.impl.LeaderElection.run(LeaderElection.java:133)
	at java.lang.Thread.run(Thread.java:748)
2019-09-25 06:39:35,812 [Thread-987] WARN  server.ServerUtils (ServerUtils.java:getScmDbDir(145)) - ozone.scm.db.dirs is not configured. We recommend adding this setting. Falling back to ozone.metadata.dirs instead.
2019-09-25 06:39:35,812 [f55e6572-79ce-4737-be28-9f96533d9c97@group-A476FD554B10:LeaderElection49] INFO  impl.LeaderElection (LogUtils.java:infoOrTrace(149)) - Failed f55e6572-79ce-4737-be28-9f96533d9c97@group-A476FD554B10:LeaderElection49, state=CLOSING: {}
java.nio.file.NoSuchFileException: /workdir/hadoop-ozone/ozonefs/target/test-dir/MiniOzoneClusterImpl-14dc41e1-bc50-4945-b2fa-bf378b2c5690/datanode-2/data/ratis/9e912640-103e-4e10-9bb5-a476fd554b10/current/raft-meta.tmp
	at sun.nio.fs.UnixException.translateToIOException(UnixException.java:86)
	at sun.nio.fs.UnixException.rethrowAsIOException(UnixException.java:102)
	at sun.nio.fs.UnixException.rethrowAsIOException(UnixException.java:107)
	at sun.nio.fs.UnixCopyFile.move(UnixCopyFile.java:409)
	at sun.nio.fs.UnixFileSystemProvider.move(UnixFileSystemProvider.java:262)
	at java.nio.file.Files.move(Files.java:1395)
	at org.apache.ratis.util.FileUtils.lambda$move$6(FileUtils.java:65)
	at org.apache.ratis.util.LogUtils.runAndLog(LogUtils.java:50)
	at org.apache.ratis.util.FileUtils.move(FileUtils.java:64)
	at org.apache.ratis.util.FileUtils.move(FileUtils.java:60)
	at org.apache.ratis.util.AtomicFileOutputStream.close(AtomicFileOutputStream.java:73)
	at org.apache.ratis.server.storage.MetaFile.writeFile(MetaFile.java:96)
	at org.apache.ratis.server.storage.MetaFile.set(MetaFile.java:75)
	at org.apache.ratis.server.raftlog.segmented.SegmentedRaftLog.writeMetadata(SegmentedRaftLog.java:449)
	at org.apache.ratis.server.impl.ServerState.persistMetadata(ServerState.java:230)
	at org.apache.ratis.server.impl.LeaderElection.askForVotes(LeaderElection.java:180)
	at org.apache.ratis.server.impl.LeaderElection.run(LeaderElection.java:133)
	at java.lang.Thread.run(Thread.java:748)
2019-09-25 06:39:35,824 [f55e6572-79ce-4737-be28-9f96533d9c97@group-A476FD554B10:LeaderElection49] INFO  impl.LeaderElection (LeaderElection.java:run(140)) - f55e6572-79ce-4737-be28-9f96533d9c97@group-A476FD554B10:LeaderElection49: NoSuchFileException is safely ignored since this is already CLOSING
2019-09-25 06:39:35,810 [f55e6572-79ce-4737-be28-9f96533d9c97@group-FAF77F946F90:LeaderElection38] WARN  util.AtomicFileOutputStream (AtomicFileOutputStream.java:abort(100)) - Unable to delete tmp file during abort /workdir/hadoop-ozone/ozonefs/target/test-dir/MiniOzoneClusterImpl-14dc41e1-bc50-4945-b2fa-bf378b2c5690/datanode-2/data/ratis/43e480f1-bcd3-4922-81b5-faf77f946f90/current/raft-meta.tmp
2019-09-25 06:39:35,824 [f55e6572-79ce-4737-be28-9f96533d9c97@group-FAF77F946F90:LeaderElection38] INFO  impl.LeaderElection (LogUtils.java:infoOrTrace(149)) - Failed f55e6572-79ce-4737-be28-9f96533d9c97@group-FAF77F946F90:LeaderElection38, state=CLOSING: {}
java.nio.file.NoSuchFileException: /workdir/hadoop-ozone/ozonefs/target/test-dir/MiniOzoneClusterImpl-14dc41e1-bc50-4945-b2fa-bf378b2c5690/datanode-2/data/ratis/43e480f1-bcd3-4922-81b5-faf77f946f90/current/raft-meta.tmp
	at sun.nio.fs.UnixException.translateToIOException(UnixException.java:86)
	at sun.nio.fs.UnixException.rethrowAsIOException(UnixException.java:102)
	at sun.nio.fs.UnixException.rethrowAsIOException(UnixException.java:107)
	at sun.nio.fs.UnixCopyFile.move(UnixCopyFile.java:409)
	at sun.nio.fs.UnixFileSystemProvider.move(UnixFileSystemProvider.java:262)
	at java.nio.file.Files.move(Files.java:1395)
	at org.apache.ratis.util.FileUtils.lambda$move$6(FileUtils.java:65)
	at org.apache.ratis.util.LogUtils.runAndLog(LogUtils.java:50)
	at org.apache.ratis.util.FileUtils.move(FileUtils.java:64)
	at org.apache.ratis.util.FileUtils.move(FileUtils.java:60)
	at org.apache.ratis.util.AtomicFileOutputStream.close(AtomicFileOutputStream.java:73)
	at org.apache.ratis.server.storage.MetaFile.writeFile(MetaFile.java:96)
	at org.apache.ratis.server.storage.MetaFile.set(MetaFile.java:75)
	at org.apache.ratis.server.raftlog.segmented.SegmentedRaftLog.writeMetadata(SegmentedRaftLog.java:449)
	at org.apache.ratis.server.impl.ServerState.persistMetadata(ServerState.java:230)
	at org.apache.ratis.server.impl.LeaderElection.askForVotes(LeaderElection.java:180)
	at org.apache.ratis.server.impl.LeaderElection.run(LeaderElection.java:133)
	at java.lang.Thread.run(Thread.java:748)
2019-09-25 06:39:35,825 [f55e6572-79ce-4737-be28-9f96533d9c97@group-FAF77F946F90:LeaderElection38] INFO  impl.LeaderElection (LeaderElection.java:run(140)) - f55e6572-79ce-4737-be28-9f96533d9c97@group-FAF77F946F90:LeaderElection38: NoSuchFileException is safely ignored since this is already CLOSING
2019-09-25 06:39:35,824 [Thread-987] INFO  db.DBStoreBuilder (DBStoreBuilder.java:addTable(110)) - using custom profile for table: deletedBlocks
2019-09-25 06:39:35,825 [Thread-987] INFO  db.DBStoreBuilder (DBStoreBuilder.java:processTables(161)) - Using default column profile:DBProfile.DISK for Table:deletedBlocks
2019-09-25 06:39:35,824 [07628a93-8e9c-4c9b-80b0-579b720c61fa@group-8AEEFAE5F224:LeaderElection47] INFO  impl.LeaderElection (LeaderElection.java:run(140)) - 07628a93-8e9c-4c9b-80b0-579b720c61fa@group-8AEEFAE5F224:LeaderElection47: NoSuchFileException is safely ignored since this is already CLOSING
2019-09-25 06:39:35,823 [07628a93-8e9c-4c9b-80b0-579b720c61fa@group-2EC834A9710E:LeaderElection48] INFO  impl.LeaderElection (LeaderElection.java:run(140)) - 07628a93-8e9c-4c9b-80b0-579b720c61fa@group-2EC834A9710E:LeaderElection48: NoSuchFileException is safely ignored since this is already CLOSING
2019-09-25 06:39:35,821 [f55e6572-79ce-4737-be28-9f96533d9c97@group-C7F27C5B9730:LeaderElection59] INFO  impl.LeaderElection (LeaderElection.java:run(140)) - f55e6572-79ce-4737-be28-9f96533d9c97@group-C7F27C5B9730:LeaderElection59: NoSuchFileException is safely ignored since this is already CLOSING
2019-09-25 06:39:35,820 [76c17355-7e77-43ad-896d-18e350562089@group-8AEEFAE5F224:LeaderElection45] INFO  impl.LeaderElection (LeaderElection.java:run(140)) - 76c17355-7e77-43ad-896d-18e350562089@group-8AEEFAE5F224:LeaderElection45: NoSuchFileException is safely ignored since this is already CLOSING
2019-09-25 06:39:35,819 [76c17355-7e77-43ad-896d-18e350562089@group-1C4BD57F32CF:LeaderElection42] INFO  impl.LeaderElection (LeaderElection.java:run(140)) - 76c17355-7e77-43ad-896d-18e350562089@group-1C4BD57F32CF:LeaderElection42: NoSuchFileException is safely ignored since this is already CLOSING
2019-09-25 06:39:35,819 [76c17355-7e77-43ad-896d-18e350562089@group-390C43587CD2:LeaderElection55] INFO  impl.LeaderElection (LogUtils.java:infoOrTrace(149)) - Failed 76c17355-7e77-43ad-896d-18e350562089@group-390C43587CD2:LeaderElection55, state=CLOSING: {}
java.nio.file.NoSuchFileException: /workdir/hadoop-ozone/ozonefs/target/test-dir/MiniOzoneClusterImpl-14dc41e1-bc50-4945-b2fa-bf378b2c5690/datanode-0/data/ratis/8abefdeb-d550-43a5-9e52-390c43587cd2/current/raft-meta.tmp
	at sun.nio.fs.UnixException.translateToIOException(UnixException.java:86)
	at sun.nio.fs.UnixException.rethrowAsIOException(UnixException.java:102)
	at sun.nio.fs.UnixException.rethrowAsIOException(UnixException.java:107)
	at sun.nio.fs.UnixCopyFile.move(UnixCopyFile.java:409)
	at sun.nio.fs.UnixFileSystemProvider.move(UnixFileSystemProvider.java:262)
	at java.nio.file.Files.move(Files.java:1395)
	at org.apache.ratis.util.FileUtils.lambda$move$6(FileUtils.java:65)
	at org.apache.ratis.util.LogUtils.runAndLog(LogUtils.java:50)
	at org.apache.ratis.util.FileUtils.move(FileUtils.java:64)
	at org.apache.ratis.util.FileUtils.move(FileUtils.java:60)
	at org.apache.ratis.util.AtomicFileOutputStream.close(AtomicFileOutputStream.java:73)
	at org.apache.ratis.server.storage.MetaFile.writeFile(MetaFile.java:96)
	at org.apache.ratis.server.storage.MetaFile.set(MetaFile.java:75)
	at org.apache.ratis.server.raftlog.segmented.SegmentedRaftLog.writeMetadata(SegmentedRaftLog.java:449)
	at org.apache.ratis.server.impl.ServerState.persistMetadata(ServerState.java:230)
	at org.apache.ratis.server.impl.LeaderElection.askForVotes(LeaderElection.java:180)
	at org.apache.ratis.server.impl.LeaderElection.run(LeaderElection.java:133)
	at java.lang.Thread.run(Thread.java:748)
2019-09-25 06:39:35,825 [Thread-987] INFO  db.DBStoreBuilder (DBStoreBuilder.java:addTable(110)) - using custom profile for table: validCerts
2019-09-25 06:39:35,826 [76c17355-7e77-43ad-896d-18e350562089@group-390C43587CD2:LeaderElection55] INFO  impl.LeaderElection (LeaderElection.java:run(140)) - 76c17355-7e77-43ad-896d-18e350562089@group-390C43587CD2:LeaderElection55: NoSuchFileException is safely ignored since this is already CLOSING
2019-09-25 06:39:35,826 [Thread-987] INFO  db.DBStoreBuilder (DBStoreBuilder.java:processTables(161)) - Using default column profile:DBProfile.DISK for Table:validCerts
2019-09-25 06:39:35,826 [Thread-987] INFO  db.DBStoreBuilder (DBStoreBuilder.java:addTable(110)) - using custom profile for table: revokedCerts
2019-09-25 06:39:35,827 [Thread-987] INFO  db.DBStoreBuilder (DBStoreBuilder.java:processTables(161)) - Using default column profile:DBProfile.DISK for Table:revokedCerts
2019-09-25 06:39:35,827 [Thread-987] INFO  db.DBStoreBuilder (DBStoreBuilder.java:addTable(110)) - using custom profile for table: default
2019-09-25 06:39:35,827 [Thread-987] INFO  db.DBStoreBuilder (DBStoreBuilder.java:processTables(167)) - Using default column profile:DBProfile.DISK for Table:default
2019-09-25 06:39:35,827 [Thread-987] INFO  db.DBStoreBuilder (DBStoreBuilder.java:getDbProfile(198)) - Using default options. DBProfile.DISK
2019-09-25 06:40:03,525 [Thread-987] INFO  net.NodeSchemaLoader (NodeSchemaLoader.java:loadSchemaFromFile(125)) - Loading file from sun.misc.CompoundEnumeration@8367c18
2019-09-25 06:40:03,526 [Thread-987] INFO  net.NodeSchemaLoader (NodeSchemaLoader.java:loadSchema(171)) - Loading network topology layer schema file
2019-09-25 06:40:03,529 [Thread-987] WARN  server.ServerUtils (ServerUtils.java:sanitizeUserArgs(70)) - ozone.scm.stale.node.interval value = 300000 is larger than max = 100000 based on the key value of ozone.scm.heartbeat.thread.interval, reset to the max value 100000.
2019-09-25 06:40:03,530 [Thread-987] WARN  server.ServerUtils (ServerUtils.java:sanitizeUserArgs(70)) - ozone.scm.stale.node.interval value = 300000 is larger than max = 100000 based on the key value of ozone.scm.heartbeat.thread.interval, reset to the max value 100000.
2019-09-25 06:40:03,530 [Thread-987] INFO  node.SCMNodeManager (SCMNodeManager.java:<init>(114)) - Entering startup safe mode.
2019-09-25 06:40:03,530 [Thread-987] INFO  algorithms.ContainerPlacementPolicyFactory (ContainerPlacementPolicyFactory.java:getPolicy(60)) - Create container placement policy of type org.apache.hadoop.hdds.scm.container.placement.algorithms.SCMContainerPlacementRandom
2019-09-25 06:40:03,531 [Thread-987] WARN  server.ServerUtils (ServerUtils.java:getScmDbDir(145)) - ozone.scm.db.dirs is not configured. We recommend adding this setting. Falling back to ozone.metadata.dirs instead.
2019-09-25 06:40:18,918 [Thread-987] INFO  pipeline.SCMPipelineManager (SCMPipelineManager.java:initializePipelineState(132)) - No pipeline exists in current db
2019-09-25 06:40:18,919 [Thread-987] WARN  server.ServerUtils (ServerUtils.java:getScmDbDir(145)) - ozone.scm.db.dirs is not configured. We recommend adding this setting. Falling back to ozone.metadata.dirs instead.
2019-09-25 06:40:20,030 [Thread-987] WARN  events.EventQueue (EventQueue.java:fireEvent(183)) - No event handler registered for event TypedEvent{payloadType=SafeModeStatus, name='SafeModeStatus'}
2019-09-25 06:40:20,031 [Thread-987] INFO  ipc.CallQueueManager (CallQueueManager.java:<init>(84)) - Using callQueue: class java.util.concurrent.LinkedBlockingQueue, queueCapacity: 2000, scheduler: class org.apache.hadoop.ipc.DefaultRpcScheduler, ipcBackoff: false.
2019-09-25 06:40:20,033 [Socket Reader #1 for port 38054] INFO  ipc.Server (Server.java:run(1074)) - Starting Socket Reader #1 for port 38054
2019-09-25 06:40:20,035 [Thread-987] INFO  ipc.CallQueueManager (CallQueueManager.java:<init>(84)) - Using callQueue: class java.util.concurrent.LinkedBlockingQueue, queueCapacity: 2000, scheduler: class org.apache.hadoop.ipc.DefaultRpcScheduler, ipcBackoff: false.
2019-09-25 06:40:20,036 [Socket Reader #1 for port 34177] INFO  ipc.Server (Server.java:run(1074)) - Starting Socket Reader #1 for port 34177
2019-09-25 06:40:20,038 [Thread-987] INFO  ipc.CallQueueManager (CallQueueManager.java:<init>(84)) - Using callQueue: class java.util.concurrent.LinkedBlockingQueue, queueCapacity: 2000, scheduler: class org.apache.hadoop.ipc.DefaultRpcScheduler, ipcBackoff: false.
2019-09-25 06:40:20,039 [Socket Reader #1 for port 39973] INFO  ipc.Server (Server.java:run(1074)) - Starting Socket Reader #1 for port 39973
2019-09-25 06:40:20,042 [Thread-987] INFO  hdfs.DFSUtil (DFSUtil.java:httpServerTemplateForNNAndJN(1641)) - Starting Web-server for scm at: http://0.0.0.0:0
2019-09-25 06:40:20,045 [Thread-987] INFO  server.AuthenticationFilter (AuthenticationFilter.java:constructSecretProvider(240)) - Unable to initialize FileSignerSecretProvider, falling back to use random secrets.
2019-09-25 06:40:20,046 [Thread-987] WARN  http.HttpRequestLog (HttpRequestLog.java:getRequestLog(97)) - Jetty request log can only be enabled using Log4j
2019-09-25 06:40:20,049 [Thread-987] INFO  http.HttpServer2 (HttpServer2.java:addGlobalFilter(975)) - Added global filter 'safety' (class=org.apache.hadoop.http.HttpServer2$QuotingInputFilter)
2019-09-25 06:40:20,050 [Thread-987] INFO  http.HttpServer2 (HttpServer2.java:addFilter(948)) - Added filter static_user_filter (class=org.apache.hadoop.http.lib.StaticUserWebFilter$StaticUserFilter) to context scm
2019-09-25 06:40:20,051 [Thread-987] INFO  http.HttpServer2 (HttpServer2.java:addFilter(958)) - Added filter static_user_filter (class=org.apache.hadoop.http.lib.StaticUserWebFilter$StaticUserFilter) to context static
2019-09-25 06:40:20,051 [Thread-987] INFO  http.HttpServer2 (HttpServer2.java:addFilter(958)) - Added filter static_user_filter (class=org.apache.hadoop.http.lib.StaticUserWebFilter$StaticUserFilter) to context logs
2019-09-25 06:40:20,054 [Thread-987] INFO  server.StorageContainerManager (StorageContainerManager.java:start(770)) - StorageContainerLocationProtocol RPC server is listening at /0.0.0.0:39973
2019-09-25 06:40:20,057 [Thread-987] WARN  impl.MetricsConfig (MetricsConfig.java:loadFirst(134)) - Cannot locate configuration: tried hadoop-metrics2-storagecontainermanager.properties,hadoop-metrics2.properties
2019-09-25 06:40:20,058 [Thread-987] INFO  impl.MetricsSystemImpl (MetricsSystemImpl.java:startTimer(374)) - Scheduled Metric snapshot period at 10 second(s).
2019-09-25 06:40:20,059 [Thread-987] INFO  impl.MetricsSystemImpl (MetricsSystemImpl.java:start(191)) - StorageContainerManager metrics system started
2019-09-25 06:40:20,095 [Thread-987] WARN  impl.MetricsSystemImpl (MetricsSystemImpl.java:register(276)) - Sink prometheus already exists!
2019-09-25 06:40:20,152 [Thread-987] INFO  server.SCMClientProtocolServer (SCMClientProtocolServer.java:start(151)) - RPC server for Client  is listening at /0.0.0.0:39973
2019-09-25 06:40:20,153 [IPC Server Responder] INFO  ipc.Server (Server.java:run(1314)) - IPC Server Responder: starting
2019-09-25 06:40:20,153 [IPC Server listener on 39973] INFO  ipc.Server (Server.java:run(1153)) - IPC Server listener on 39973: starting
2019-09-25 06:40:20,159 [Thread-987] INFO  server.StorageContainerManager (StorageContainerManager.java:start(780)) - ScmBlockLocationProtocol RPC server is listening at /0.0.0.0:34177
2019-09-25 06:40:20,162 [Thread-987] INFO  server.SCMBlockProtocolServer (SCMBlockProtocolServer.java:start(146)) - RPC server for Block Protocol is listening at /0.0.0.0:34177
2019-09-25 06:40:20,163 [IPC Server Responder] INFO  ipc.Server (Server.java:run(1314)) - IPC Server Responder: starting
2019-09-25 06:40:20,163 [IPC Server listener on 34177] INFO  ipc.Server (Server.java:run(1153)) - IPC Server listener on 34177: starting
2019-09-25 06:40:20,168 [Thread-987] INFO  server.StorageContainerManager (StorageContainerManager.java:start(784)) - ScmDatanodeProtocl RPC server is listening at /0.0.0.0:38054
2019-09-25 06:40:20,168 [Thread-987] INFO  server.SCMDatanodeProtocolServer (SCMDatanodeProtocolServer.java:start(191)) - RPC server for DataNodes is listening at /0.0.0.0:38054
2019-09-25 06:40:20,168 [IPC Server Responder] INFO  ipc.Server (Server.java:run(1314)) - IPC Server Responder: starting
2019-09-25 06:40:20,168 [IPC Server listener on 38054] INFO  ipc.Server (Server.java:run(1153)) - IPC Server listener on 38054: starting
2019-09-25 06:40:20,173 [Thread-987] INFO  http.HttpServer2 (HttpServer2.java:bindListener(1191)) - Jetty bound to port 35454
2019-09-25 06:40:20,174 [Thread-987] INFO  server.Server (Server.java:doStart(351)) - jetty-9.3.25.v20180904, build timestamp: 2018-09-04T21:11:46Z, git hash: 3ce520221d0240229c862b122d2b06c12a625732
2019-09-25 06:40:20,178 [Thread-987] INFO  handler.ContextHandler (ContextHandler.java:doStart(781)) - Started o.e.j.s.ServletContextHandler@1eeeec4{/logs,file:///workdir/hadoop-ozone/ozonefs/target/log,AVAILABLE}
2019-09-25 06:40:20,178 [Thread-987] INFO  handler.ContextHandler (ContextHandler.java:doStart(781)) - Started o.e.j.s.ServletContextHandler@4dde1f97{/static,jar:file:/home/user/.m2/repository/org/apache/hadoop/hadoop-hdds-server-scm/0.5.0-SNAPSHOT/hadoop-hdds-server-scm-0.5.0-SNAPSHOT.jar!/webapps/static,AVAILABLE}
2019-09-25 06:40:20,226 [Thread-987] INFO  handler.ContextHandler (ContextHandler.java:doStart(781)) - Started o.e.j.w.WebAppContext@2fa2d967{/,file:///tmp/jetty-0.0.0.0-35454-scm-_-any-4798344089647251629.dir/webapp/,AVAILABLE}{/scm}
2019-09-25 06:40:20,228 [Thread-987] INFO  server.AbstractConnector (AbstractConnector.java:doStart(278)) - Started ServerConnector@1575d577{HTTP/1.1,[http/1.1]}{0.0.0.0:35454}
2019-09-25 06:40:20,228 [Thread-987] INFO  server.Server (Server.java:doStart(419)) - Started @190109ms
2019-09-25 06:40:20,228 [Thread-987] WARN  impl.MetricsSystemImpl (MetricsSystemImpl.java:register(276)) - Sink prometheus already exists!
2019-09-25 06:40:20,229 [Thread-987] INFO  server.BaseHttpServer (BaseHttpServer.java:updateConnectorAddress(215)) - HTTP server of SCM is listening at http://0.0.0.0:35454
2019-09-25 06:40:20,230 [Thread-987] WARN  server.ServerUtils (ServerUtils.java:getDBPath(222)) - ozone.om.db.dirs is not configured. We recommend adding this setting. Falling back to ozone.metadata.dirs instead.
2019-09-25 06:40:20,230 [org.apache.hadoop.util.JvmPauseMonitor$Monitor@315ae84b] INFO  util.JvmPauseMonitor (JvmPauseMonitor.java:run(188)) - Starting JVM pause monitor
2019-09-25 06:40:20,311 [Thread-987] WARN  server.ServerUtils (ServerUtils.java:getDBPath(222)) - ozone.om.db.dirs is not configured. We recommend adding this setting. Falling back to ozone.metadata.dirs instead.
2019-09-25 06:40:20,312 [Thread-987] WARN  server.ServerUtils (ServerUtils.java:getDBPath(222)) - ozone.om.db.dirs is not configured. We recommend adding this setting. Falling back to ozone.metadata.dirs instead.
2019-09-25 06:40:20,313 [Thread-987] INFO  om.OzoneManager (OzoneManager.java:setOMNodeDetails(652)) - OM Service ID is not set. Setting it to the default ID: omServiceIdDefault
2019-09-25 06:40:20,313 [Thread-987] INFO  om.OzoneManager (OzoneManager.java:setOMNodeDetails(658)) - OM Node ID is not set. Setting it to the OmStorage's OmID: 14aea610-a3d9-46c0-9d4c-f77a194020b1
2019-09-25 06:40:20,313 [Thread-987] INFO  om.OzoneManager (OzoneManager.java:loadOMHAConfigs(609)) - Found matching OM address with OMServiceId: null, OMNodeId: null, RPC Address: localhost:0 and Ratis port: 9872
2019-09-25 06:40:20,326 [Thread-987] WARN  server.ServerUtils (ServerUtils.java:getDBPath(222)) - ozone.om.db.dirs is not configured. We recommend adding this setting. Falling back to ozone.metadata.dirs instead.
2019-09-25 06:40:20,327 [Thread-987] INFO  db.DBStoreBuilder (DBStoreBuilder.java:addTable(110)) - using custom profile for table: userTable
2019-09-25 06:40:20,327 [Thread-987] INFO  db.DBStoreBuilder (DBStoreBuilder.java:processTables(161)) - Using default column profile:DBProfile.DISK for Table:userTable
2019-09-25 06:40:20,327 [Thread-987] INFO  db.DBStoreBuilder (DBStoreBuilder.java:addTable(110)) - using custom profile for table: volumeTable
2019-09-25 06:40:20,327 [Thread-987] INFO  db.DBStoreBuilder (DBStoreBuilder.java:processTables(161)) - Using default column profile:DBProfile.DISK for Table:volumeTable
2019-09-25 06:40:20,328 [Thread-987] INFO  db.DBStoreBuilder (DBStoreBuilder.java:addTable(110)) - using custom profile for table: bucketTable
2019-09-25 06:40:20,328 [Thread-987] INFO  db.DBStoreBuilder (DBStoreBuilder.java:processTables(161)) - Using default column profile:DBProfile.DISK for Table:bucketTable
2019-09-25 06:40:20,328 [Thread-987] INFO  db.DBStoreBuilder (DBStoreBuilder.java:addTable(110)) - using custom profile for table: keyTable
2019-09-25 06:40:20,328 [Thread-987] INFO  db.DBStoreBuilder (DBStoreBuilder.java:processTables(161)) - Using default column profile:DBProfile.DISK for Table:keyTable
2019-09-25 06:40:20,328 [Thread-987] INFO  db.DBStoreBuilder (DBStoreBuilder.java:addTable(110)) - using custom profile for table: deletedTable
2019-09-25 06:40:20,329 [Thread-987] INFO  db.DBStoreBuilder (DBStoreBuilder.java:processTables(161)) - Using default column profile:DBProfile.DISK for Table:deletedTable
2019-09-25 06:40:20,329 [Thread-987] INFO  db.DBStoreBuilder (DBStoreBuilder.java:addTable(110)) - using custom profile for table: openKeyTable
2019-09-25 06:40:20,329 [Thread-987] INFO  db.DBStoreBuilder (DBStoreBuilder.java:processTables(161)) - Using default column profile:DBProfile.DISK for Table:openKeyTable
2019-09-25 06:40:20,329 [Thread-987] INFO  db.DBStoreBuilder (DBStoreBuilder.java:addTable(110)) - using custom profile for table: s3Table
2019-09-25 06:40:20,330 [Thread-987] INFO  db.DBStoreBuilder (DBStoreBuilder.java:processTables(161)) - Using default column profile:DBProfile.DISK for Table:s3Table
2019-09-25 06:40:20,330 [Thread-987] INFO  db.DBStoreBuilder (DBStoreBuilder.java:addTable(110)) - using custom profile for table: multipartInfoTable
2019-09-25 06:40:20,330 [Thread-987] INFO  db.DBStoreBuilder (DBStoreBuilder.java:processTables(161)) - Using default column profile:DBProfile.DISK for Table:multipartInfoTable
2019-09-25 06:40:20,331 [Thread-987] INFO  db.DBStoreBuilder (DBStoreBuilder.java:addTable(110)) - using custom profile for table: dTokenTable
2019-09-25 06:40:20,331 [Thread-987] INFO  db.DBStoreBuilder (DBStoreBuilder.java:processTables(161)) - Using default column profile:DBProfile.DISK for Table:dTokenTable
2019-09-25 06:40:20,331 [Thread-987] INFO  db.DBStoreBuilder (DBStoreBuilder.java:addTable(110)) - using custom profile for table: s3SecretTable
2019-09-25 06:40:20,332 [Thread-987] INFO  db.DBStoreBuilder (DBStoreBuilder.java:processTables(161)) - Using default column profile:DBProfile.DISK for Table:s3SecretTable
2019-09-25 06:40:20,332 [Thread-987] INFO  db.DBStoreBuilder (DBStoreBuilder.java:addTable(110)) - using custom profile for table: prefixTable
2019-09-25 06:40:20,332 [Thread-987] INFO  db.DBStoreBuilder (DBStoreBuilder.java:processTables(161)) - Using default column profile:DBProfile.DISK for Table:prefixTable
2019-09-25 06:40:20,332 [Thread-987] INFO  db.DBStoreBuilder (DBStoreBuilder.java:addTable(110)) - using custom profile for table: default
2019-09-25 06:40:20,333 [Thread-987] INFO  db.DBStoreBuilder (DBStoreBuilder.java:processTables(167)) - Using default column profile:DBProfile.DISK for Table:default
2019-09-25 06:40:20,333 [Thread-987] INFO  db.DBStoreBuilder (DBStoreBuilder.java:getDbProfile(198)) - Using default options. DBProfile.DISK
2019-09-25 06:40:23,411 [Thread-987] INFO  ipc.CallQueueManager (CallQueueManager.java:<init>(84)) - Using callQueue: class java.util.concurrent.LinkedBlockingQueue, queueCapacity: 2000, scheduler: class org.apache.hadoop.ipc.DefaultRpcScheduler, ipcBackoff: false.
2019-09-25 06:40:23,411 [Socket Reader #1 for port 37623] INFO  ipc.Server (Server.java:run(1074)) - Starting Socket Reader #1 for port 37623
2019-09-25 06:40:23,433 [Thread-987] INFO  om.OzoneManager (OzoneManager.java:start(1243)) - OzoneManager RPC server is listening at localhost/127.0.0.1:37623
2019-09-25 06:40:23,433 [Thread-987] INFO  impl.MetricsSystemImpl (MetricsSystemImpl.java:init(158)) - OzoneManager metrics system started (again)
2019-09-25 06:40:23,434 [IPC Server Responder] INFO  ipc.Server (Server.java:run(1314)) - IPC Server Responder: starting
2019-09-25 06:40:23,434 [IPC Server listener on 37623] INFO  ipc.Server (Server.java:run(1153)) - IPC Server listener on 37623: starting
2019-09-25 06:40:23,442 [Thread-987] INFO  hdfs.DFSUtil (DFSUtil.java:httpServerTemplateForNNAndJN(1641)) - Starting Web-server for ozoneManager at: http://0.0.0.0:0
2019-09-25 06:40:23,443 [Thread-987] INFO  server.AuthenticationFilter (AuthenticationFilter.java:constructSecretProvider(240)) - Unable to initialize FileSignerSecretProvider, falling back to use random secrets.
2019-09-25 06:40:23,444 [Thread-987] WARN  http.HttpRequestLog (HttpRequestLog.java:getRequestLog(97)) - Jetty request log can only be enabled using Log4j
2019-09-25 06:40:23,445 [Thread-987] INFO  http.HttpServer2 (HttpServer2.java:addGlobalFilter(975)) - Added global filter 'safety' (class=org.apache.hadoop.http.HttpServer2$QuotingInputFilter)
2019-09-25 06:40:23,446 [Thread-987] INFO  http.HttpServer2 (HttpServer2.java:addFilter(948)) - Added filter static_user_filter (class=org.apache.hadoop.http.lib.StaticUserWebFilter$StaticUserFilter) to context ozoneManager
2019-09-25 06:40:23,446 [Thread-987] INFO  http.HttpServer2 (HttpServer2.java:addFilter(958)) - Added filter static_user_filter (class=org.apache.hadoop.http.lib.StaticUserWebFilter$StaticUserFilter) to context logs
2019-09-25 06:40:23,446 [Thread-987] INFO  http.HttpServer2 (HttpServer2.java:addFilter(958)) - Added filter static_user_filter (class=org.apache.hadoop.http.lib.StaticUserWebFilter$StaticUserFilter) to context static
2019-09-25 06:40:23,447 [Thread-987] INFO  http.HttpServer2 (HttpServer2.java:bindListener(1191)) - Jetty bound to port 34819
2019-09-25 06:40:23,447 [Thread-987] INFO  server.Server (Server.java:doStart(351)) - jetty-9.3.25.v20180904, build timestamp: 2018-09-04T21:11:46Z, git hash: 3ce520221d0240229c862b122d2b06c12a625732
2019-09-25 06:40:23,448 [Thread-987] INFO  handler.ContextHandler (ContextHandler.java:doStart(781)) - Started o.e.j.s.ServletContextHandler@7d67e5d0{/logs,file:///workdir/hadoop-ozone/ozonefs/target/log,AVAILABLE}
2019-09-25 06:40:23,449 [Thread-987] INFO  handler.ContextHandler (ContextHandler.java:doStart(781)) - Started o.e.j.s.ServletContextHandler@2a003ad9{/static,jar:file:/home/user/.m2/repository/org/apache/hadoop/hadoop-ozone-ozone-manager/0.5.0-SNAPSHOT/hadoop-ozone-ozone-manager-0.5.0-SNAPSHOT.jar!/webapps/static,AVAILABLE}
2019-09-25 06:40:23,494 [Thread-987] INFO  handler.ContextHandler (ContextHandler.java:doStart(781)) - Started o.e.j.w.WebAppContext@1ad79744{/,file:///tmp/jetty-0.0.0.0-34819-ozoneManager-_-any-4659611432593096320.dir/webapp/,AVAILABLE}{/ozoneManager}
2019-09-25 06:40:23,495 [Thread-987] INFO  server.AbstractConnector (AbstractConnector.java:doStart(278)) - Started ServerConnector@75895d4b{HTTP/1.1,[http/1.1]}{0.0.0.0:34819}
2019-09-25 06:40:23,496 [Thread-987] INFO  server.Server (Server.java:doStart(419)) - Started @193377ms
2019-09-25 06:40:23,496 [Thread-987] WARN  impl.MetricsSystemImpl (MetricsSystemImpl.java:register(276)) - Sink prometheus already exists!
2019-09-25 06:40:23,497 [Thread-987] INFO  server.BaseHttpServer (BaseHttpServer.java:updateConnectorAddress(215)) - HTTP server of OZONEMANAGER is listening at http://0.0.0.0:34819
2019-09-25 06:40:23,504 [Thread-987] INFO  impl.MetricsSystemImpl (MetricsSystemImpl.java:init(158)) - HddsDatanode metrics system started (again)
2019-09-25 06:40:23,506 [Thread-987] INFO  ozone.HddsDatanodeService (HddsDatanodeService.java:start(184)) - HddsDatanodeService host:pr-hdds-1569-s44lr-3492059363 ip:192.168.164.207
2019-09-25 06:40:23,512 [Thread-987] INFO  volume.HddsVolume (HddsVolume.java:<init>(176)) - Creating Volume: /workdir/hadoop-ozone/ozonefs/target/test-dir/MiniOzoneClusterImpl-aba66c6d-a604-4a1f-b1c3-ce07fb6ed48b/datanode-0/data/containers/hdds of  storage type : DISK and capacity : 1482555576320
2019-09-25 06:40:23,512 [Thread-987] INFO  volume.VolumeSet (VolumeSet.java:initializeVolumeSet(170)) - Added Volume : /workdir/hadoop-ozone/ozonefs/target/test-dir/MiniOzoneClusterImpl-aba66c6d-a604-4a1f-b1c3-ce07fb6ed48b/datanode-0/data/containers/hdds to VolumeSet
2019-09-25 06:40:23,512 [Thread-987] INFO  volume.ThrottledAsyncChecker (ThrottledAsyncChecker.java:schedule(139)) - Scheduling a check for org.apache.hadoop.ozone.container.common.volume.HddsVolume@57936fd9
2019-09-25 06:40:23,513 [Thread-987] INFO  volume.HddsVolumeChecker (HddsVolumeChecker.java:checkAllVolumes(202)) - Scheduled health check for volume org.apache.hadoop.ozone.container.common.volume.HddsVolume@57936fd9
2019-09-25 06:40:23,530 [Thread-987] INFO  impl.RaftServerProxy (ConfUtils.java:logGet(43)) - raft.rpc.type = GRPC (default)
2019-09-25 06:40:23,531 [Thread-987] INFO  grpc.GrpcFactory (GrpcFactory.java:checkPooledByteBufAllocatorUseCacheForAllThreads(45)) - PERFORMANCE WARNING: useCacheForAllThreads is true that may cause Netty to create a lot garbage objects and, as a result, trigger GC.
	It is recommended to disable useCacheForAllThreads by setting -Dorg.apache.ratis.thirdparty.io.netty.allocator.useCacheForAllThreads=false in command line.
2019-09-25 06:40:23,531 [Thread-987] INFO  grpc.GrpcConfigKeys$Server (ConfUtils.java:logGet(43)) - raft.grpc.server.port = 0 (default)
2019-09-25 06:40:23,531 [Thread-987] INFO  server.GrpcService (ConfUtils.java:logGet(43)) - raft.grpc.message.size.max = 33570816 (custom)
2019-09-25 06:40:23,531 [Thread-987] INFO  server.RaftServerConfigKeys (ConfUtils.java:logGet(43)) - raft.server.log.appender.buffer.byte-limit = 33554432 (custom)
2019-09-25 06:40:23,531 [Thread-987] INFO  server.GrpcService (ConfUtils.java:logGet(43)) - raft.grpc.flow.control.window = 1MB (=1048576) (default)
2019-09-25 06:40:23,531 [Thread-987] INFO  server.RaftServerConfigKeys (ConfUtils.java:logGet(43)) - raft.server.rpc.request.timeout = 3000ms (default)
2019-09-25 06:40:23,532 [Thread-987] INFO  server.RaftServerConfigKeys (ConfUtils.java:logGet(43)) - raft.server.storage.dir = [/workdir/hadoop-ozone/ozonefs/target/test-dir/MiniOzoneClusterImpl-aba66c6d-a604-4a1f-b1c3-ce07fb6ed48b/datanode-0/data/ratis] (custom)
2019-09-25 06:40:23,533 [Thread-987] INFO  hdfs.DFSUtil (DFSUtil.java:httpServerTemplateForNNAndJN(1641)) - Starting Web-server for hddsDatanode at: http://0.0.0.0:0
2019-09-25 06:40:23,534 [Thread-987] INFO  server.AuthenticationFilter (AuthenticationFilter.java:constructSecretProvider(240)) - Unable to initialize FileSignerSecretProvider, falling back to use random secrets.
2019-09-25 06:40:23,535 [Thread-987] WARN  http.HttpRequestLog (HttpRequestLog.java:getRequestLog(97)) - Jetty request log can only be enabled using Log4j
2019-09-25 06:40:23,536 [Thread-987] INFO  http.HttpServer2 (HttpServer2.java:addGlobalFilter(975)) - Added global filter 'safety' (class=org.apache.hadoop.http.HttpServer2$QuotingInputFilter)
2019-09-25 06:40:23,537 [Thread-987] INFO  http.HttpServer2 (HttpServer2.java:addFilter(948)) - Added filter static_user_filter (class=org.apache.hadoop.http.lib.StaticUserWebFilter$StaticUserFilter) to context hddsDatanode
2019-09-25 06:40:23,537 [Thread-987] INFO  http.HttpServer2 (HttpServer2.java:addFilter(958)) - Added filter static_user_filter (class=org.apache.hadoop.http.lib.StaticUserWebFilter$StaticUserFilter) to context static
2019-09-25 06:40:23,537 [Thread-987] INFO  http.HttpServer2 (HttpServer2.java:addFilter(958)) - Added filter static_user_filter (class=org.apache.hadoop.http.lib.StaticUserWebFilter$StaticUserFilter) to context logs
2019-09-25 06:40:23,538 [Thread-987] INFO  http.HttpServer2 (HttpServer2.java:bindListener(1191)) - Jetty bound to port 40250
2019-09-25 06:40:23,538 [Thread-987] INFO  server.Server (Server.java:doStart(351)) - jetty-9.3.25.v20180904, build timestamp: 2018-09-04T21:11:46Z, git hash: 3ce520221d0240229c862b122d2b06c12a625732
2019-09-25 06:40:23,539 [Thread-987] INFO  handler.ContextHandler (ContextHandler.java:doStart(781)) - Started o.e.j.s.ServletContextHandler@67ae7a41{/logs,file:///workdir/hadoop-ozone/ozonefs/target/log,AVAILABLE}
2019-09-25 06:40:23,539 [Thread-987] INFO  handler.ContextHandler (ContextHandler.java:doStart(781)) - Started o.e.j.s.ServletContextHandler@5bf6bb57{/static,jar:file:/home/user/.m2/repository/org/apache/hadoop/hadoop-hdds-container-service/0.5.0-SNAPSHOT/hadoop-hdds-container-service-0.5.0-SNAPSHOT.jar!/webapps/static,AVAILABLE}
2019-09-25 06:40:23,566 [Thread-987] INFO  handler.ContextHandler (ContextHandler.java:doStart(781)) - Started o.e.j.w.WebAppContext@43209f90{/,file:///tmp/jetty-0.0.0.0-40250-hddsDatanode-_-any-3573157880173557869.dir/webapp/,AVAILABLE}{/hddsDatanode}
2019-09-25 06:40:23,567 [Thread-987] INFO  server.AbstractConnector (AbstractConnector.java:doStart(278)) - Started ServerConnector@515747bc{HTTP/1.1,[http/1.1]}{0.0.0.0:40250}
2019-09-25 06:40:23,568 [Thread-987] INFO  server.Server (Server.java:doStart(419)) - Started @193449ms
2019-09-25 06:40:23,568 [Thread-987] WARN  impl.MetricsSystemImpl (MetricsSystemImpl.java:register(276)) - Sink prometheus already exists!
2019-09-25 06:40:23,569 [Thread-987] INFO  server.BaseHttpServer (BaseHttpServer.java:updateConnectorAddress(215)) - HTTP server of HDDSDATANODE is listening at http://0.0.0.0:40250
2019-09-25 06:40:23,569 [Thread-987] INFO  impl.MetricsSystemImpl (MetricsSystemImpl.java:init(158)) - HddsDatanode metrics system started (again)
2019-09-25 06:40:23,573 [org.apache.hadoop.util.JvmPauseMonitor$Monitor@4a0ec74d] INFO  util.JvmPauseMonitor (JvmPauseMonitor.java:run(188)) - Starting JVM pause monitor
2019-09-25 06:40:23,573 [Thread-987] INFO  ozone.HddsDatanodeService (HddsDatanodeService.java:start(184)) - HddsDatanodeService host:pr-hdds-1569-s44lr-3492059363 ip:192.168.164.207
2019-09-25 06:40:23,576 [Datanode State Machine Thread - 0] INFO  datanode.InitDatanodeState (InitDatanodeState.java:persistContainerDatanodeDetails(140)) - DatanodeDetails is persisted to /workdir/hadoop-ozone/ozonefs/target/test-dir/MiniOzoneClusterImpl-aba66c6d-a604-4a1f-b1c3-ce07fb6ed48b/datanode-0/meta/datanode.id
2019-09-25 06:40:23,578 [Thread-987] INFO  volume.HddsVolume (HddsVolume.java:<init>(176)) - Creating Volume: /workdir/hadoop-ozone/ozonefs/target/test-dir/MiniOzoneClusterImpl-aba66c6d-a604-4a1f-b1c3-ce07fb6ed48b/datanode-1/data/containers/hdds of  storage type : DISK and capacity : 1482555576320
2019-09-25 06:40:23,579 [Thread-987] INFO  volume.VolumeSet (VolumeSet.java:initializeVolumeSet(170)) - Added Volume : /workdir/hadoop-ozone/ozonefs/target/test-dir/MiniOzoneClusterImpl-aba66c6d-a604-4a1f-b1c3-ce07fb6ed48b/datanode-1/data/containers/hdds to VolumeSet
2019-09-25 06:40:23,579 [Thread-987] INFO  volume.ThrottledAsyncChecker (ThrottledAsyncChecker.java:schedule(139)) - Scheduling a check for org.apache.hadoop.ozone.container.common.volume.HddsVolume@52747341
2019-09-25 06:40:23,579 [Thread-987] INFO  volume.HddsVolumeChecker (HddsVolumeChecker.java:checkAllVolumes(202)) - Scheduled health check for volume org.apache.hadoop.ozone.container.common.volume.HddsVolume@52747341
2019-09-25 06:40:23,597 [Thread-987] INFO  impl.RaftServerProxy (ConfUtils.java:logGet(43)) - raft.rpc.type = GRPC (default)
2019-09-25 06:40:23,597 [Thread-987] INFO  grpc.GrpcFactory (GrpcFactory.java:checkPooledByteBufAllocatorUseCacheForAllThreads(45)) - PERFORMANCE WARNING: useCacheForAllThreads is true that may cause Netty to create a lot garbage objects and, as a result, trigger GC.
	It is recommended to disable useCacheForAllThreads by setting -Dorg.apache.ratis.thirdparty.io.netty.allocator.useCacheForAllThreads=false in command line.
2019-09-25 06:40:23,598 [Thread-987] INFO  grpc.GrpcConfigKeys$Server (ConfUtils.java:logGet(43)) - raft.grpc.server.port = 0 (default)
2019-09-25 06:40:23,598 [Thread-987] INFO  server.GrpcService (ConfUtils.java:logGet(43)) - raft.grpc.message.size.max = 33570816 (custom)
2019-09-25 06:40:23,598 [Thread-987] INFO  server.RaftServerConfigKeys (ConfUtils.java:logGet(43)) - raft.server.log.appender.buffer.byte-limit = 33554432 (custom)
2019-09-25 06:40:23,598 [Thread-987] INFO  server.GrpcService (ConfUtils.java:logGet(43)) - raft.grpc.flow.control.window = 1MB (=1048576) (default)
2019-09-25 06:40:23,598 [Thread-987] INFO  server.RaftServerConfigKeys (ConfUtils.java:logGet(43)) - raft.server.rpc.request.timeout = 3000ms (default)
2019-09-25 06:40:23,599 [Thread-987] INFO  server.RaftServerConfigKeys (ConfUtils.java:logGet(43)) - raft.server.storage.dir = [/workdir/hadoop-ozone/ozonefs/target/test-dir/MiniOzoneClusterImpl-aba66c6d-a604-4a1f-b1c3-ce07fb6ed48b/datanode-1/data/ratis] (custom)
2019-09-25 06:40:23,600 [Thread-987] INFO  hdfs.DFSUtil (DFSUtil.java:httpServerTemplateForNNAndJN(1641)) - Starting Web-server for hddsDatanode at: http://0.0.0.0:0
2019-09-25 06:40:23,601 [Thread-987] INFO  server.AuthenticationFilter (AuthenticationFilter.java:constructSecretProvider(240)) - Unable to initialize FileSignerSecretProvider, falling back to use random secrets.
2019-09-25 06:40:23,601 [Thread-987] WARN  http.HttpRequestLog (HttpRequestLog.java:getRequestLog(97)) - Jetty request log can only be enabled using Log4j
2019-09-25 06:40:23,603 [Thread-987] INFO  http.HttpServer2 (HttpServer2.java:addGlobalFilter(975)) - Added global filter 'safety' (class=org.apache.hadoop.http.HttpServer2$QuotingInputFilter)
2019-09-25 06:40:23,603 [Thread-987] INFO  http.HttpServer2 (HttpServer2.java:addFilter(948)) - Added filter static_user_filter (class=org.apache.hadoop.http.lib.StaticUserWebFilter$StaticUserFilter) to context hddsDatanode
2019-09-25 06:40:23,603 [Thread-987] INFO  http.HttpServer2 (HttpServer2.java:addFilter(958)) - Added filter static_user_filter (class=org.apache.hadoop.http.lib.StaticUserWebFilter$StaticUserFilter) to context static
2019-09-25 06:40:23,604 [Thread-987] INFO  http.HttpServer2 (HttpServer2.java:addFilter(958)) - Added filter static_user_filter (class=org.apache.hadoop.http.lib.StaticUserWebFilter$StaticUserFilter) to context logs
2019-09-25 06:40:23,604 [Thread-987] INFO  http.HttpServer2 (HttpServer2.java:bindListener(1191)) - Jetty bound to port 44511
2019-09-25 06:40:23,604 [Thread-987] INFO  server.Server (Server.java:doStart(351)) - jetty-9.3.25.v20180904, build timestamp: 2018-09-04T21:11:46Z, git hash: 3ce520221d0240229c862b122d2b06c12a625732
2019-09-25 06:40:23,606 [Thread-987] INFO  handler.ContextHandler (ContextHandler.java:doStart(781)) - Started o.e.j.s.ServletContextHandler@2ffac7e1{/logs,file:///workdir/hadoop-ozone/ozonefs/target/log,AVAILABLE}
2019-09-25 06:40:23,606 [Thread-987] INFO  handler.ContextHandler (ContextHandler.java:doStart(781)) - Started o.e.j.s.ServletContextHandler@6e07ad4d{/static,jar:file:/home/user/.m2/repository/org/apache/hadoop/hadoop-hdds-container-service/0.5.0-SNAPSHOT/hadoop-hdds-container-service-0.5.0-SNAPSHOT.jar!/webapps/static,AVAILABLE}
2019-09-25 06:40:23,633 [Thread-987] INFO  handler.ContextHandler (ContextHandler.java:doStart(781)) - Started o.e.j.w.WebAppContext@361bc53f{/,file:///tmp/jetty-0.0.0.0-44511-hddsDatanode-_-any-7150511840507054443.dir/webapp/,AVAILABLE}{/hddsDatanode}
2019-09-25 06:40:23,634 [Thread-987] INFO  server.AbstractConnector (AbstractConnector.java:doStart(278)) - Started ServerConnector@25d21223{HTTP/1.1,[http/1.1]}{0.0.0.0:44511}
2019-09-25 06:40:23,635 [Thread-987] INFO  server.Server (Server.java:doStart(419)) - Started @193516ms
2019-09-25 06:40:23,635 [Thread-987] WARN  impl.MetricsSystemImpl (MetricsSystemImpl.java:register(276)) - Sink prometheus already exists!
2019-09-25 06:40:23,635 [Thread-987] INFO  server.BaseHttpServer (BaseHttpServer.java:updateConnectorAddress(215)) - HTTP server of HDDSDATANODE is listening at http://0.0.0.0:44511
2019-09-25 06:40:23,636 [Thread-987] INFO  impl.MetricsSystemImpl (MetricsSystemImpl.java:init(158)) - HddsDatanode metrics system started (again)
2019-09-25 06:40:23,639 [org.apache.hadoop.util.JvmPauseMonitor$Monitor@2ae58524] INFO  util.JvmPauseMonitor (JvmPauseMonitor.java:run(188)) - Starting JVM pause monitor
2019-09-25 06:40:23,639 [Thread-987] INFO  ozone.HddsDatanodeService (HddsDatanodeService.java:start(184)) - HddsDatanodeService host:pr-hdds-1569-s44lr-3492059363 ip:192.168.164.207
2019-09-25 06:40:23,642 [Datanode State Machine Thread - 0] INFO  datanode.InitDatanodeState (InitDatanodeState.java:persistContainerDatanodeDetails(140)) - DatanodeDetails is persisted to /workdir/hadoop-ozone/ozonefs/target/test-dir/MiniOzoneClusterImpl-aba66c6d-a604-4a1f-b1c3-ce07fb6ed48b/datanode-1/meta/datanode.id
2019-09-25 06:40:23,647 [Thread-987] INFO  volume.HddsVolume (HddsVolume.java:<init>(176)) - Creating Volume: /workdir/hadoop-ozone/ozonefs/target/test-dir/MiniOzoneClusterImpl-aba66c6d-a604-4a1f-b1c3-ce07fb6ed48b/datanode-2/data/containers/hdds of  storage type : DISK and capacity : 1482555576320
2019-09-25 06:40:23,647 [Thread-987] INFO  volume.VolumeSet (VolumeSet.java:initializeVolumeSet(170)) - Added Volume : /workdir/hadoop-ozone/ozonefs/target/test-dir/MiniOzoneClusterImpl-aba66c6d-a604-4a1f-b1c3-ce07fb6ed48b/datanode-2/data/containers/hdds to VolumeSet
2019-09-25 06:40:23,648 [Thread-987] INFO  volume.ThrottledAsyncChecker (ThrottledAsyncChecker.java:schedule(139)) - Scheduling a check for org.apache.hadoop.ozone.container.common.volume.HddsVolume@4672df79
2019-09-25 06:40:23,648 [Thread-987] INFO  volume.HddsVolumeChecker (HddsVolumeChecker.java:checkAllVolumes(202)) - Scheduled health check for volume org.apache.hadoop.ozone.container.common.volume.HddsVolume@4672df79
2019-09-25 06:40:23,666 [Thread-987] INFO  impl.RaftServerProxy (ConfUtils.java:logGet(43)) - raft.rpc.type = GRPC (default)
2019-09-25 06:40:23,666 [Thread-987] INFO  grpc.GrpcFactory (GrpcFactory.java:checkPooledByteBufAllocatorUseCacheForAllThreads(45)) - PERFORMANCE WARNING: useCacheForAllThreads is true that may cause Netty to create a lot garbage objects and, as a result, trigger GC.
	It is recommended to disable useCacheForAllThreads by setting -Dorg.apache.ratis.thirdparty.io.netty.allocator.useCacheForAllThreads=false in command line.
2019-09-25 06:40:23,666 [Thread-987] INFO  grpc.GrpcConfigKeys$Server (ConfUtils.java:logGet(43)) - raft.grpc.server.port = 0 (default)
2019-09-25 06:40:23,666 [Thread-987] INFO  server.GrpcService (ConfUtils.java:logGet(43)) - raft.grpc.message.size.max = 33570816 (custom)
2019-09-25 06:40:23,666 [Thread-987] INFO  server.RaftServerConfigKeys (ConfUtils.java:logGet(43)) - raft.server.log.appender.buffer.byte-limit = 33554432 (custom)
2019-09-25 06:40:23,666 [Thread-987] INFO  server.GrpcService (ConfUtils.java:logGet(43)) - raft.grpc.flow.control.window = 1MB (=1048576) (default)
2019-09-25 06:40:23,667 [Thread-987] INFO  server.RaftServerConfigKeys (ConfUtils.java:logGet(43)) - raft.server.rpc.request.timeout = 3000ms (default)
2019-09-25 06:40:23,667 [Thread-987] INFO  server.RaftServerConfigKeys (ConfUtils.java:logGet(43)) - raft.server.storage.dir = [/workdir/hadoop-ozone/ozonefs/target/test-dir/MiniOzoneClusterImpl-aba66c6d-a604-4a1f-b1c3-ce07fb6ed48b/datanode-2/data/ratis] (custom)
2019-09-25 06:40:23,668 [Thread-987] INFO  hdfs.DFSUtil (DFSUtil.java:httpServerTemplateForNNAndJN(1641)) - Starting Web-server for hddsDatanode at: http://0.0.0.0:0
2019-09-25 06:40:23,670 [Thread-987] INFO  server.AuthenticationFilter (AuthenticationFilter.java:constructSecretProvider(240)) - Unable to initialize FileSignerSecretProvider, falling back to use random secrets.
2019-09-25 06:40:23,670 [Thread-987] WARN  http.HttpRequestLog (HttpRequestLog.java:getRequestLog(97)) - Jetty request log can only be enabled using Log4j
2019-09-25 06:40:23,671 [Thread-987] INFO  http.HttpServer2 (HttpServer2.java:addGlobalFilter(975)) - Added global filter 'safety' (class=org.apache.hadoop.http.HttpServer2$QuotingInputFilter)
2019-09-25 06:40:23,672 [Thread-987] INFO  http.HttpServer2 (HttpServer2.java:addFilter(948)) - Added filter static_user_filter (class=org.apache.hadoop.http.lib.StaticUserWebFilter$StaticUserFilter) to context hddsDatanode
2019-09-25 06:40:23,672 [Thread-987] INFO  http.HttpServer2 (HttpServer2.java:addFilter(958)) - Added filter static_user_filter (class=org.apache.hadoop.http.lib.StaticUserWebFilter$StaticUserFilter) to context logs
2019-09-25 06:40:23,672 [Thread-987] INFO  http.HttpServer2 (HttpServer2.java:addFilter(958)) - Added filter static_user_filter (class=org.apache.hadoop.http.lib.StaticUserWebFilter$StaticUserFilter) to context static
2019-09-25 06:40:23,673 [Thread-987] INFO  http.HttpServer2 (HttpServer2.java:bindListener(1191)) - Jetty bound to port 35370
2019-09-25 06:40:23,673 [Thread-987] INFO  server.Server (Server.java:doStart(351)) - jetty-9.3.25.v20180904, build timestamp: 2018-09-04T21:11:46Z, git hash: 3ce520221d0240229c862b122d2b06c12a625732
2019-09-25 06:40:23,674 [Thread-987] INFO  handler.ContextHandler (ContextHandler.java:doStart(781)) - Started o.e.j.s.ServletContextHandler@64e239fb{/logs,file:///workdir/hadoop-ozone/ozonefs/target/log,AVAILABLE}
2019-09-25 06:40:23,675 [Thread-987] INFO  handler.ContextHandler (ContextHandler.java:doStart(781)) - Started o.e.j.s.ServletContextHandler@324f4361{/static,jar:file:/home/user/.m2/repository/org/apache/hadoop/hadoop-hdds-container-service/0.5.0-SNAPSHOT/hadoop-hdds-container-service-0.5.0-SNAPSHOT.jar!/webapps/static,AVAILABLE}
2019-09-25 06:40:23,705 [Thread-987] INFO  handler.ContextHandler (ContextHandler.java:doStart(781)) - Started o.e.j.w.WebAppContext@274195f0{/,file:///tmp/jetty-0.0.0.0-35370-hddsDatanode-_-any-1392040722216990985.dir/webapp/,AVAILABLE}{/hddsDatanode}
2019-09-25 06:40:23,706 [Thread-987] INFO  server.AbstractConnector (AbstractConnector.java:doStart(278)) - Started ServerConnector@6438818c{HTTP/1.1,[http/1.1]}{0.0.0.0:35370}
2019-09-25 06:40:23,707 [Thread-987] INFO  server.Server (Server.java:doStart(419)) - Started @193589ms
2019-09-25 06:40:23,707 [Thread-987] WARN  impl.MetricsSystemImpl (MetricsSystemImpl.java:register(276)) - Sink prometheus already exists!
2019-09-25 06:40:23,708 [Thread-987] INFO  server.BaseHttpServer (BaseHttpServer.java:updateConnectorAddress(215)) - HTTP server of HDDSDATANODE is listening at http://0.0.0.0:35370
2019-09-25 06:40:23,708 [Thread-987] INFO  ozone.MiniOzoneClusterImpl (MiniOzoneClusterImpl.java:lambda$waitForClusterToBeReady$0(147)) - Waiting for cluster to be ready. Got 0 of 3 DN Heartbeats.
2019-09-25 06:40:23,712 [org.apache.hadoop.util.JvmPauseMonitor$Monitor@3b990b03] INFO  util.JvmPauseMonitor (JvmPauseMonitor.java:run(188)) - Starting JVM pause monitor
2019-09-25 06:40:23,714 [Datanode State Machine Thread - 0] INFO  datanode.InitDatanodeState (InitDatanodeState.java:persistContainerDatanodeDetails(140)) - DatanodeDetails is persisted to /workdir/hadoop-ozone/ozonefs/target/test-dir/MiniOzoneClusterImpl-aba66c6d-a604-4a1f-b1c3-ce07fb6ed48b/datanode-2/meta/datanode.id
2019-09-25 06:40:24,709 [Thread-987] INFO  ozone.MiniOzoneClusterImpl (MiniOzoneClusterImpl.java:lambda$waitForClusterToBeReady$0(147)) - Waiting for cluster to be ready. Got 0 of 3 DN Heartbeats.
2019-09-25 06:40:25,602 [Datanode State Machine Thread - 0] INFO  ozoneimpl.OzoneContainer (OzoneContainer.java:start(217)) - Attempting to start container services.
2019-09-25 06:40:25,604 [Datanode State Machine Thread - 0] INFO  ozoneimpl.OzoneContainer (OzoneContainer.java:startContainerScrub(179)) - Background container scanner has been disabled.
2019-09-25 06:40:25,604 [Datanode State Machine Thread - 0] INFO  ratis.XceiverServerRatis (XceiverServerRatis.java:start(411)) - Starting XceiverServerRatis 6904bcff-8c3f-4400-a757-50526e5abd46 at port 0
2019-09-25 06:40:25,609 [Datanode State Machine Thread - 0] INFO  impl.RaftServerProxy (RaftServerProxy.java:lambda$start$3(299)) - 6904bcff-8c3f-4400-a757-50526e5abd46: start RPC server
2019-09-25 06:40:25,611 [Datanode State Machine Thread - 0] INFO  server.GrpcService (GrpcService.java:startImpl(158)) - 6904bcff-8c3f-4400-a757-50526e5abd46: GrpcService started, listening on 0.0.0.0/0.0.0.0:38124
2019-09-25 06:40:25,612 [Datanode State Machine Thread - 0] INFO  ratis.XceiverServerRatis (XceiverServerRatis.java:start(421)) - XceiverServerRatis 6904bcff-8c3f-4400-a757-50526e5abd46 is started using port 38124
2019-09-25 06:40:25,613 [Datanode State Machine Thread - 0] INFO  server.XceiverServerGrpc (XceiverServerGrpc.java:start(149)) - XceiverServerGrpc 6904bcff-8c3f-4400-a757-50526e5abd46 is started using port 32811
2019-09-25 06:40:25,655 [Datanode State Machine Thread - 0] INFO  ozoneimpl.OzoneContainer (OzoneContainer.java:start(217)) - Attempting to start container services.
2019-09-25 06:40:25,657 [Datanode State Machine Thread - 0] INFO  ozoneimpl.OzoneContainer (OzoneContainer.java:startContainerScrub(179)) - Background container scanner has been disabled.
2019-09-25 06:40:25,658 [Datanode State Machine Thread - 0] INFO  ratis.XceiverServerRatis (XceiverServerRatis.java:start(411)) - Starting XceiverServerRatis 4ef67e89-1d62-4370-ad00-484c653ab491 at port 0
2019-09-25 06:40:25,664 [Datanode State Machine Thread - 0] INFO  impl.RaftServerProxy (RaftServerProxy.java:lambda$start$3(299)) - 4ef67e89-1d62-4370-ad00-484c653ab491: start RPC server
2019-09-25 06:40:25,665 [Datanode State Machine Thread - 0] INFO  server.GrpcService (GrpcService.java:startImpl(158)) - 4ef67e89-1d62-4370-ad00-484c653ab491: GrpcService started, listening on 0.0.0.0/0.0.0.0:42988
2019-09-25 06:40:25,665 [Datanode State Machine Thread - 0] INFO  ratis.XceiverServerRatis (XceiverServerRatis.java:start(421)) - XceiverServerRatis 4ef67e89-1d62-4370-ad00-484c653ab491 is started using port 42988
2019-09-25 06:40:25,666 [Datanode State Machine Thread - 0] INFO  server.XceiverServerGrpc (XceiverServerGrpc.java:start(149)) - XceiverServerGrpc 4ef67e89-1d62-4370-ad00-484c653ab491 is started using port 33749
2019-09-25 06:40:25,709 [Thread-987] INFO  ozone.MiniOzoneClusterImpl (MiniOzoneClusterImpl.java:lambda$waitForClusterToBeReady$0(147)) - Waiting for cluster to be ready. Got 0 of 3 DN Heartbeats.
2019-09-25 06:40:25,763 [Datanode State Machine Thread - 0] INFO  ozoneimpl.OzoneContainer (OzoneContainer.java:start(217)) - Attempting to start container services.
2019-09-25 06:40:25,765 [Datanode State Machine Thread - 0] INFO  ozoneimpl.OzoneContainer (OzoneContainer.java:startContainerScrub(179)) - Background container scanner has been disabled.
2019-09-25 06:40:25,765 [Datanode State Machine Thread - 0] INFO  ratis.XceiverServerRatis (XceiverServerRatis.java:start(411)) - Starting XceiverServerRatis 571e9f02-d9f7-4eb1-bf23-fc203e64768a at port 0
2019-09-25 06:40:25,771 [Datanode State Machine Thread - 0] INFO  impl.RaftServerProxy (RaftServerProxy.java:lambda$start$3(299)) - 571e9f02-d9f7-4eb1-bf23-fc203e64768a: start RPC server
2019-09-25 06:40:25,772 [Datanode State Machine Thread - 0] INFO  server.GrpcService (GrpcService.java:startImpl(158)) - 571e9f02-d9f7-4eb1-bf23-fc203e64768a: GrpcService started, listening on 0.0.0.0/0.0.0.0:33483
2019-09-25 06:40:25,773 [Datanode State Machine Thread - 0] INFO  ratis.XceiverServerRatis (XceiverServerRatis.java:start(421)) - XceiverServerRatis 571e9f02-d9f7-4eb1-bf23-fc203e64768a is started using port 33483
2019-09-25 06:40:25,775 [Datanode State Machine Thread - 0] INFO  server.XceiverServerGrpc (XceiverServerGrpc.java:start(149)) - XceiverServerGrpc 571e9f02-d9f7-4eb1-bf23-fc203e64768a is started using port 42176
2019-09-25 06:40:26,709 [Thread-987] INFO  ozone.MiniOzoneClusterImpl (MiniOzoneClusterImpl.java:lambda$waitForClusterToBeReady$0(147)) - Waiting for cluster to be ready. Got 0 of 3 DN Heartbeats.
2019-09-25 06:40:27,578 [IPC Server handler 0 on 38054] INFO  net.NetworkTopology (NetworkTopologyImpl.java:add(111)) - Added a new node: /default-rack/6904bcff-8c3f-4400-a757-50526e5abd46
2019-09-25 06:40:27,580 [IPC Server handler 0 on 38054] INFO  node.SCMNodeManager (SCMNodeManager.java:register(266)) - Registered Data node : 6904bcff-8c3f-4400-a757-50526e5abd46{ip: 192.168.164.207, host: pr-hdds-1569-s44lr-3492059363, networkLocation: /default-rack, certSerialId: null}
2019-09-25 06:40:27,584 [EventQueue-NodeRegistrationContainerReportForDataNodeSafeModeRule] INFO  safemode.SCMSafeModeManager (DataNodeSafeModeRule.java:process(71)) - SCM in safe mode. 1 DataNodes registered, 1 required.
2019-09-25 06:40:27,586 [EventQueue-NodeRegistrationContainerReportForDataNodeSafeModeRule] INFO  safemode.SCMSafeModeManager (SCMSafeModeManager.java:validateSafeModeExitRules(177)) - ScmSafeModeManager, all rules are successfully validated
2019-09-25 06:40:27,586 [EventQueue-NodeRegistrationContainerReportForDataNodeSafeModeRule] INFO  safemode.SCMSafeModeManager (SCMSafeModeManager.java:exitSafeMode(193)) - SCM exiting safe mode.
2019-09-25 06:40:27,604 [grpc-default-executor-0] INFO  impl.RaftServerProxy (RaftServerProxy.java:addNew(89)) - 6904bcff-8c3f-4400-a757-50526e5abd46: addNew group-ED342419C4A0:[6904bcff-8c3f-4400-a757-50526e5abd46:192.168.164.207:38124] returns group-ED342419C4A0:java.util.concurrent.CompletableFuture@631b96d4[Not completed]
2019-09-25 06:40:27,606 [pool-227-thread-1] INFO  impl.RaftServerImpl (RaftServerImpl.java:<init>(95)) - 6904bcff-8c3f-4400-a757-50526e5abd46: new RaftServerImpl for group-ED342419C4A0:[6904bcff-8c3f-4400-a757-50526e5abd46:192.168.164.207:38124] with ContainerStateMachine:uninitialized
2019-09-25 06:40:27,607 [pool-227-thread-1] INFO  server.RaftServerConfigKeys (ConfUtils.java:logGet(43)) - raft.server.rpc.timeout.min = 5s (custom)
2019-09-25 06:40:27,607 [pool-227-thread-1] INFO  server.RaftServerConfigKeys (ConfUtils.java:logGet(43)) - raft.server.rpc.timeout.max = 5200ms (custom)
2019-09-25 06:40:27,607 [pool-227-thread-1] INFO  server.RaftServerConfigKeys (ConfUtils.java:logGet(43)) - raft.server.rpcslowness.timeout = 120s (custom)
2019-09-25 06:40:27,607 [pool-227-thread-1] INFO  server.RaftServerConfigKeys (ConfUtils.java:logGet(43)) - raft.server.sleep.deviation.threshold = 300 (default)
2019-09-25 06:40:27,608 [pool-227-thread-1] INFO  server.RaftServerConfigKeys (ConfUtils.java:logGet(43)) - raft.server.log.appender.install.snapshot.enabled = false (custom)
2019-09-25 06:40:27,608 [pool-227-thread-1] INFO  impl.RaftServerImpl (ServerState.java:<init>(103)) - 6904bcff-8c3f-4400-a757-50526e5abd46@group-ED342419C4A0: ConfigurationManager, init=-1: [6904bcff-8c3f-4400-a757-50526e5abd46:192.168.164.207:38124], old=null, confs=<EMPTY_MAP>
2019-09-25 06:40:27,608 [pool-227-thread-1] INFO  server.RaftServerConfigKeys (ConfUtils.java:logGet(43)) - raft.server.storage.dir = [/workdir/hadoop-ozone/ozonefs/target/test-dir/MiniOzoneClusterImpl-aba66c6d-a604-4a1f-b1c3-ce07fb6ed48b/datanode-0/data/ratis] (custom)
2019-09-25 06:40:27,609 [pool-227-thread-1] INFO  storage.RaftStorageDirectory (RaftStorageDirectory.java:analyzeStorage(246)) - The storage directory /workdir/hadoop-ozone/ozonefs/target/test-dir/MiniOzoneClusterImpl-aba66c6d-a604-4a1f-b1c3-ce07fb6ed48b/datanode-0/data/ratis/d0aca2b4-a31c-476c-ac53-ed342419c4a0 does not exist. Creating ...
2019-09-25 06:40:27,635 [pool-227-thread-1] INFO  storage.RaftStorageDirectory (RaftStorageDirectory.java:tryLock(328)) - Lock on /workdir/hadoop-ozone/ozonefs/target/test-dir/MiniOzoneClusterImpl-aba66c6d-a604-4a1f-b1c3-ce07fb6ed48b/datanode-0/data/ratis/d0aca2b4-a31c-476c-ac53-ed342419c4a0/in_use.lock acquired by nodename 12697@pr-hdds-1569-s44lr-3492059363
2019-09-25 06:40:27,641 [IPC Server handler 1 on 38054] INFO  net.NetworkTopology (NetworkTopologyImpl.java:add(111)) - Added a new node: /default-rack/4ef67e89-1d62-4370-ad00-484c653ab491
2019-09-25 06:40:27,641 [IPC Server handler 1 on 38054] INFO  node.SCMNodeManager (SCMNodeManager.java:register(266)) - Registered Data node : 4ef67e89-1d62-4370-ad00-484c653ab491{ip: 192.168.164.207, host: pr-hdds-1569-s44lr-3492059363, networkLocation: /default-rack, certSerialId: null}
2019-09-25 06:40:27,650 [pool-227-thread-1] INFO  storage.RaftStorage (RaftStorage.java:format(72)) - Storage directory /workdir/hadoop-ozone/ozonefs/target/test-dir/MiniOzoneClusterImpl-aba66c6d-a604-4a1f-b1c3-ce07fb6ed48b/datanode-0/data/ratis/d0aca2b4-a31c-476c-ac53-ed342419c4a0 has been successfully formatted.
2019-09-25 06:40:27,650 [pool-227-thread-1] INFO  ratis.ContainerStateMachine (ContainerStateMachine.java:loadSnapshot(230)) - group-ED342419C4A0: The snapshot info is null. Setting the last applied indexto:(t:0, i:~)
2019-09-25 06:40:27,650 [pool-227-thread-1] INFO  server.RaftServerConfigKeys (ConfUtils.java:logGet(43)) - raft.server.notification.no-leader.timeout = 120s (custom)
2019-09-25 06:40:27,651 [pool-227-thread-1] INFO  server.RaftServerConfigKeys (ConfUtils.java:logGet(43)) - raft.server.log.use.memory = false (default)
2019-09-25 06:40:27,651 [pool-227-thread-1] INFO  server.RaftServerConfigKeys (ConfUtils.java:logGet(43)) - raft.server.log.purge.gap = 1000000 (custom)
2019-09-25 06:40:27,651 [pool-227-thread-1] INFO  server.RaftServerConfigKeys (ConfUtils.java:logGet(43)) - raft.server.log.appender.buffer.byte-limit = 33554432 (custom)
2019-09-25 06:40:27,651 [pool-227-thread-1] INFO  server.RaftServerConfigKeys (ConfUtils.java:logGet(43)) - raft.server.log.segment.size.max = 1048576 (custom)
2019-09-25 06:40:27,651 [pool-227-thread-1] INFO  server.RaftServerConfigKeys (ConfUtils.java:logGet(43)) - raft.server.log.segment.cache.num.max = 2 (custom)
2019-09-25 06:40:27,651 [pool-227-thread-1] INFO  segmented.SegmentedRaftLogWorker (SegmentedRaftLogWorker.java:<init>(172)) - new 6904bcff-8c3f-4400-a757-50526e5abd46@group-ED342419C4A0-SegmentedRaftLogWorker for RaftStorage:Storage Directory /workdir/hadoop-ozone/ozonefs/target/test-dir/MiniOzoneClusterImpl-aba66c6d-a604-4a1f-b1c3-ce07fb6ed48b/datanode-0/data/ratis/d0aca2b4-a31c-476c-ac53-ed342419c4a0
2019-09-25 06:40:27,654 [pool-227-thread-1] INFO  server.RaftServerConfigKeys (ConfUtils.java:logGet(43)) - raft.server.log.queue.byte-limit = 2147483647 (custom)
2019-09-25 06:40:27,654 [pool-227-thread-1] INFO  server.RaftServerConfigKeys (ConfUtils.java:logGet(43)) - raft.server.log.queue.element-limit = 1024 (custom)
2019-09-25 06:40:27,654 [pool-227-thread-1] INFO  server.RaftServerConfigKeys (ConfUtils.java:logGet(43)) - raft.server.log.segment.size.max = 1048576 (custom)
2019-09-25 06:40:27,654 [pool-227-thread-1] INFO  server.RaftServerConfigKeys (ConfUtils.java:logGet(43)) - raft.server.log.preallocated.size = 16384 (custom)
2019-09-25 06:40:27,654 [pool-227-thread-1] INFO  server.RaftServerConfigKeys (ConfUtils.java:logGet(43)) - raft.server.log.write.buffer.size = 33554432 (custom)
2019-09-25 06:40:27,655 [pool-227-thread-1] INFO  server.RaftServerConfigKeys (ConfUtils.java:logGet(43)) - raft.server.log.force.sync.num = 128 (default)
2019-09-25 06:40:27,655 [pool-227-thread-1] INFO  server.RaftServerConfigKeys (ConfUtils.java:logGet(43)) - raft.server.log.statemachine.data.sync = true (default)
2019-09-25 06:40:27,655 [pool-227-thread-1] INFO  server.RaftServerConfigKeys (ConfUtils.java:logGet(43)) - raft.server.log.statemachine.data.sync.timeout = 10s (default)
2019-09-25 06:40:27,655 [pool-227-thread-1] INFO  server.RaftServerConfigKeys (ConfUtils.java:logGet(43)) - raft.server.log.statemachine.data.sync.timeout.retry = -1 (default)
2019-09-25 06:40:27,655 [pool-227-thread-1] INFO  server.RaftServerConfigKeys (ConfUtils.java:logGet(43)) - raft.server.log.statemachine.data.caching.enabled = true (custom)
2019-09-25 06:40:27,656 [pool-227-thread-1] INFO  segmented.SegmentedRaftLogWorker (SegmentedRaftLogWorker.java:lambda$new$0(132)) - 6904bcff-8c3f-4400-a757-50526e5abd46@group-ED342419C4A0-SegmentedRaftLogWorker: flushIndex: setUnconditionally 0 -> -1
2019-09-25 06:40:27,656 [pool-227-thread-1] INFO  server.RaftServerConfigKeys (ConfUtils.java:logGet(43)) - raft.server.snapshot.auto.trigger.enabled = true (custom)
2019-09-25 06:40:27,656 [pool-227-thread-1] INFO  server.RaftServerConfigKeys (ConfUtils.java:logGet(43)) - raft.server.snapshot.auto.trigger.threshold = 10000 (custom)
2019-09-25 06:40:27,657 [pool-227-thread-1] INFO  server.RaftServerConfigKeys (ConfUtils.java:logGet(43)) - raft.server.snapshot.retention.num.files = 5 (custom)
2019-09-25 06:40:27,657 [pool-227-thread-1] INFO  server.RaftServerConfigKeys (ConfUtils.java:logGet(43)) - raft.server.retrycache.expirytime = 600000ms (custom)
2019-09-25 06:40:27,659 [pool-227-thread-1] INFO  impl.RaftServerImpl (RaftServerImpl.java:start(185)) - 6904bcff-8c3f-4400-a757-50526e5abd46@group-ED342419C4A0: start as a follower, conf=-1: [6904bcff-8c3f-4400-a757-50526e5abd46:192.168.164.207:38124], old=null
2019-09-25 06:40:27,659 [pool-227-thread-1] INFO  impl.RaftServerImpl (RaftServerImpl.java:setRole(174)) - 6904bcff-8c3f-4400-a757-50526e5abd46@group-ED342419C4A0: changes role from      null to FOLLOWER at term 0 for startAsFollower
2019-09-25 06:40:27,659 [pool-227-thread-1] INFO  impl.RoleInfo (RoleInfo.java:updateAndGet(143)) - 6904bcff-8c3f-4400-a757-50526e5abd46: start FollowerState
2019-09-25 06:40:27,660 [pool-227-thread-1] INFO  util.JmxRegister (JmxRegister.java:tryRegister(44)) - Successfully registered JMX Bean with object name Ratis:service=RaftServer,group=group-ED342419C4A0,id=6904bcff-8c3f-4400-a757-50526e5abd46
2019-09-25 06:40:27,666 [RatisPipelineUtilsThread] INFO  pipeline.PipelineStateManager (PipelineStateManager.java:addPipeline(56)) - Created pipeline Pipeline[ Id: d0aca2b4-a31c-476c-ac53-ed342419c4a0, Nodes: 6904bcff-8c3f-4400-a757-50526e5abd46{ip: 192.168.164.207, host: pr-hdds-1569-s44lr-3492059363, networkLocation: /default-rack, certSerialId: null}, Type:RATIS, Factor:ONE, State:OPEN]
2019-09-25 06:40:27,675 [grpc-default-executor-0] INFO  impl.RaftServerProxy (RaftServerProxy.java:addNew(89)) - 6904bcff-8c3f-4400-a757-50526e5abd46: addNew group-F02307EA0B9D:[6904bcff-8c3f-4400-a757-50526e5abd46:192.168.164.207:38124] returns group-F02307EA0B9D:java.util.concurrent.CompletableFuture@52b2115c[Not completed]
2019-09-25 06:40:27,675 [pool-227-thread-1] INFO  impl.RaftServerImpl (RaftServerImpl.java:<init>(95)) - 6904bcff-8c3f-4400-a757-50526e5abd46: new RaftServerImpl for group-F02307EA0B9D:[6904bcff-8c3f-4400-a757-50526e5abd46:192.168.164.207:38124] with ContainerStateMachine:uninitialized
2019-09-25 06:40:27,676 [pool-227-thread-1] INFO  server.RaftServerConfigKeys (ConfUtils.java:logGet(43)) - raft.server.rpc.timeout.min = 5s (custom)
2019-09-25 06:40:27,676 [pool-227-thread-1] INFO  server.RaftServerConfigKeys (ConfUtils.java:logGet(43)) - raft.server.rpc.timeout.max = 5200ms (custom)
2019-09-25 06:40:27,676 [pool-227-thread-1] INFO  server.RaftServerConfigKeys (ConfUtils.java:logGet(43)) - raft.server.rpcslowness.timeout = 120s (custom)
2019-09-25 06:40:27,676 [pool-227-thread-1] INFO  server.RaftServerConfigKeys (ConfUtils.java:logGet(43)) - raft.server.sleep.deviation.threshold = 300 (default)
2019-09-25 06:40:27,676 [pool-227-thread-1] INFO  server.RaftServerConfigKeys (ConfUtils.java:logGet(43)) - raft.server.log.appender.install.snapshot.enabled = false (custom)
2019-09-25 06:40:27,676 [pool-227-thread-1] INFO  impl.RaftServerImpl (ServerState.java:<init>(103)) - 6904bcff-8c3f-4400-a757-50526e5abd46@group-F02307EA0B9D: ConfigurationManager, init=-1: [6904bcff-8c3f-4400-a757-50526e5abd46:192.168.164.207:38124], old=null, confs=<EMPTY_MAP>
2019-09-25 06:40:27,676 [pool-227-thread-1] INFO  server.RaftServerConfigKeys (ConfUtils.java:logGet(43)) - raft.server.storage.dir = [/workdir/hadoop-ozone/ozonefs/target/test-dir/MiniOzoneClusterImpl-aba66c6d-a604-4a1f-b1c3-ce07fb6ed48b/datanode-0/data/ratis] (custom)
2019-09-25 06:40:27,677 [pool-227-thread-1] INFO  storage.RaftStorageDirectory (RaftStorageDirectory.java:analyzeStorage(246)) - The storage directory /workdir/hadoop-ozone/ozonefs/target/test-dir/MiniOzoneClusterImpl-aba66c6d-a604-4a1f-b1c3-ce07fb6ed48b/datanode-0/data/ratis/e172c9ad-73b4-4f6e-918b-f02307ea0b9d does not exist. Creating ...
2019-09-25 06:40:27,689 [pool-227-thread-1] INFO  storage.RaftStorageDirectory (RaftStorageDirectory.java:tryLock(328)) - Lock on /workdir/hadoop-ozone/ozonefs/target/test-dir/MiniOzoneClusterImpl-aba66c6d-a604-4a1f-b1c3-ce07fb6ed48b/datanode-0/data/ratis/e172c9ad-73b4-4f6e-918b-f02307ea0b9d/in_use.lock acquired by nodename 12697@pr-hdds-1569-s44lr-3492059363
2019-09-25 06:40:27,702 [pool-227-thread-1] INFO  storage.RaftStorage (RaftStorage.java:format(72)) - Storage directory /workdir/hadoop-ozone/ozonefs/target/test-dir/MiniOzoneClusterImpl-aba66c6d-a604-4a1f-b1c3-ce07fb6ed48b/datanode-0/data/ratis/e172c9ad-73b4-4f6e-918b-f02307ea0b9d has been successfully formatted.
2019-09-25 06:40:27,703 [pool-227-thread-1] INFO  ratis.ContainerStateMachine (ContainerStateMachine.java:loadSnapshot(230)) - group-F02307EA0B9D: The snapshot info is null. Setting the last applied indexto:(t:0, i:~)
2019-09-25 06:40:27,703 [pool-227-thread-1] INFO  server.RaftServerConfigKeys (ConfUtils.java:logGet(43)) - raft.server.notification.no-leader.timeout = 120s (custom)
2019-09-25 06:40:27,703 [pool-227-thread-1] INFO  server.RaftServerConfigKeys (ConfUtils.java:logGet(43)) - raft.server.log.use.memory = false (default)
2019-09-25 06:40:27,703 [pool-227-thread-1] INFO  server.RaftServerConfigKeys (ConfUtils.java:logGet(43)) - raft.server.log.purge.gap = 1000000 (custom)
2019-09-25 06:40:27,703 [pool-227-thread-1] INFO  server.RaftServerConfigKeys (ConfUtils.java:logGet(43)) - raft.server.log.appender.buffer.byte-limit = 33554432 (custom)
2019-09-25 06:40:27,703 [pool-227-thread-1] INFO  server.RaftServerConfigKeys (ConfUtils.java:logGet(43)) - raft.server.log.segment.size.max = 1048576 (custom)
2019-09-25 06:40:27,704 [pool-227-thread-1] INFO  server.RaftServerConfigKeys (ConfUtils.java:logGet(43)) - raft.server.log.segment.cache.num.max = 2 (custom)
2019-09-25 06:40:27,704 [pool-227-thread-1] INFO  segmented.SegmentedRaftLogWorker (SegmentedRaftLogWorker.java:<init>(172)) - new 6904bcff-8c3f-4400-a757-50526e5abd46@group-F02307EA0B9D-SegmentedRaftLogWorker for RaftStorage:Storage Directory /workdir/hadoop-ozone/ozonefs/target/test-dir/MiniOzoneClusterImpl-aba66c6d-a604-4a1f-b1c3-ce07fb6ed48b/datanode-0/data/ratis/e172c9ad-73b4-4f6e-918b-f02307ea0b9d
2019-09-25 06:40:27,704 [pool-227-thread-1] INFO  server.RaftServerConfigKeys (ConfUtils.java:logGet(43)) - raft.server.log.queue.byte-limit = 2147483647 (custom)
2019-09-25 06:40:27,704 [pool-227-thread-1] INFO  server.RaftServerConfigKeys (ConfUtils.java:logGet(43)) - raft.server.log.queue.element-limit = 1024 (custom)
2019-09-25 06:40:27,704 [pool-227-thread-1] INFO  server.RaftServerConfigKeys (ConfUtils.java:logGet(43)) - raft.server.log.segment.size.max = 1048576 (custom)
2019-09-25 06:40:27,704 [pool-227-thread-1] INFO  server.RaftServerConfigKeys (ConfUtils.java:logGet(43)) - raft.server.log.preallocated.size = 16384 (custom)
2019-09-25 06:40:27,704 [pool-227-thread-1] INFO  server.RaftServerConfigKeys (ConfUtils.java:logGet(43)) - raft.server.log.write.buffer.size = 33554432 (custom)
2019-09-25 06:40:27,704 [pool-227-thread-1] INFO  server.RaftServerConfigKeys (ConfUtils.java:logGet(43)) - raft.server.log.force.sync.num = 128 (default)
2019-09-25 06:40:27,705 [pool-227-thread-1] INFO  server.RaftServerConfigKeys (ConfUtils.java:logGet(43)) - raft.server.log.statemachine.data.sync = true (default)
2019-09-25 06:40:27,705 [pool-227-thread-1] INFO  server.RaftServerConfigKeys (ConfUtils.java:logGet(43)) - raft.server.log.statemachine.data.sync.timeout = 10s (default)
2019-09-25 06:40:27,705 [pool-227-thread-1] INFO  server.RaftServerConfigKeys (ConfUtils.java:logGet(43)) - raft.server.log.statemachine.data.sync.timeout.retry = -1 (default)
2019-09-25 06:40:27,705 [pool-227-thread-1] INFO  server.RaftServerConfigKeys (ConfUtils.java:logGet(43)) - raft.server.log.statemachine.data.caching.enabled = true (custom)
2019-09-25 06:40:27,705 [pool-227-thread-1] INFO  segmented.SegmentedRaftLogWorker (SegmentedRaftLogWorker.java:lambda$new$0(132)) - 6904bcff-8c3f-4400-a757-50526e5abd46@group-F02307EA0B9D-SegmentedRaftLogWorker: flushIndex: setUnconditionally 0 -> -1
2019-09-25 06:40:27,706 [pool-227-thread-1] INFO  server.RaftServerConfigKeys (ConfUtils.java:logGet(43)) - raft.server.snapshot.auto.trigger.enabled = true (custom)
2019-09-25 06:40:27,706 [pool-227-thread-1] INFO  server.RaftServerConfigKeys (ConfUtils.java:logGet(43)) - raft.server.snapshot.auto.trigger.threshold = 10000 (custom)
2019-09-25 06:40:27,706 [pool-227-thread-1] INFO  server.RaftServerConfigKeys (ConfUtils.java:logGet(43)) - raft.server.snapshot.retention.num.files = 5 (custom)
2019-09-25 06:40:27,706 [pool-227-thread-1] INFO  server.RaftServerConfigKeys (ConfUtils.java:logGet(43)) - raft.server.retrycache.expirytime = 600000ms (custom)
2019-09-25 06:40:27,708 [pool-227-thread-1] INFO  impl.RaftServerImpl (RaftServerImpl.java:start(185)) - 6904bcff-8c3f-4400-a757-50526e5abd46@group-F02307EA0B9D: start as a follower, conf=-1: [6904bcff-8c3f-4400-a757-50526e5abd46:192.168.164.207:38124], old=null
2019-09-25 06:40:27,708 [pool-227-thread-1] INFO  impl.RaftServerImpl (RaftServerImpl.java:setRole(174)) - 6904bcff-8c3f-4400-a757-50526e5abd46@group-F02307EA0B9D: changes role from      null to FOLLOWER at term 0 for startAsFollower
2019-09-25 06:40:27,708 [pool-227-thread-1] INFO  impl.RoleInfo (RoleInfo.java:updateAndGet(143)) - 6904bcff-8c3f-4400-a757-50526e5abd46: start FollowerState
2019-09-25 06:40:27,708 [pool-227-thread-1] INFO  util.JmxRegister (JmxRegister.java:tryRegister(44)) - Successfully registered JMX Bean with object name Ratis:service=RaftServer,group=group-F02307EA0B9D,id=6904bcff-8c3f-4400-a757-50526e5abd46
2019-09-25 06:40:27,710 [Thread-987] INFO  ozone.MiniOzoneClusterImpl (MiniOzoneClusterImpl.java:lambda$waitForClusterToBeReady$0(147)) - Waiting for cluster to be ready. Got 2 of 3 DN Heartbeats.
2019-09-25 06:40:27,713 [RatisPipelineUtilsThread] INFO  pipeline.PipelineStateManager (PipelineStateManager.java:addPipeline(56)) - Created pipeline Pipeline[ Id: e172c9ad-73b4-4f6e-918b-f02307ea0b9d, Nodes: 6904bcff-8c3f-4400-a757-50526e5abd46{ip: 192.168.164.207, host: pr-hdds-1569-s44lr-3492059363, networkLocation: /default-rack, certSerialId: null}, Type:RATIS, Factor:ONE, State:OPEN]
2019-09-25 06:40:27,714 [IPC Server handler 4 on 38054] INFO  net.NetworkTopology (NetworkTopologyImpl.java:add(111)) - Added a new node: /default-rack/571e9f02-d9f7-4eb1-bf23-fc203e64768a
2019-09-25 06:40:27,714 [IPC Server handler 4 on 38054] INFO  node.SCMNodeManager (SCMNodeManager.java:register(266)) - Registered Data node : 571e9f02-d9f7-4eb1-bf23-fc203e64768a{ip: 192.168.164.207, host: pr-hdds-1569-s44lr-3492059363, networkLocation: /default-rack, certSerialId: null}
2019-09-25 06:40:27,721 [grpc-default-executor-0] INFO  impl.RaftServerProxy (RaftServerProxy.java:addNew(89)) - 6904bcff-8c3f-4400-a757-50526e5abd46: addNew group-CA2E17F1AD5A:[6904bcff-8c3f-4400-a757-50526e5abd46:192.168.164.207:38124] returns group-CA2E17F1AD5A:java.util.concurrent.CompletableFuture@334699b[Not completed]
2019-09-25 06:40:27,722 [pool-227-thread-1] INFO  impl.RaftServerImpl (RaftServerImpl.java:<init>(95)) - 6904bcff-8c3f-4400-a757-50526e5abd46: new RaftServerImpl for group-CA2E17F1AD5A:[6904bcff-8c3f-4400-a757-50526e5abd46:192.168.164.207:38124] with ContainerStateMachine:uninitialized
2019-09-25 06:40:27,723 [pool-227-thread-1] INFO  server.RaftServerConfigKeys (ConfUtils.java:logGet(43)) - raft.server.rpc.timeout.min = 5s (custom)
2019-09-25 06:40:27,723 [pool-227-thread-1] INFO  server.RaftServerConfigKeys (ConfUtils.java:logGet(43)) - raft.server.rpc.timeout.max = 5200ms (custom)
2019-09-25 06:40:27,723 [pool-227-thread-1] INFO  server.RaftServerConfigKeys (ConfUtils.java:logGet(43)) - raft.server.rpcslowness.timeout = 120s (custom)
2019-09-25 06:40:27,723 [pool-227-thread-1] INFO  server.RaftServerConfigKeys (ConfUtils.java:logGet(43)) - raft.server.sleep.deviation.threshold = 300 (default)
2019-09-25 06:40:27,723 [pool-227-thread-1] INFO  server.RaftServerConfigKeys (ConfUtils.java:logGet(43)) - raft.server.log.appender.install.snapshot.enabled = false (custom)
2019-09-25 06:40:27,723 [pool-227-thread-1] INFO  impl.RaftServerImpl (ServerState.java:<init>(103)) - 6904bcff-8c3f-4400-a757-50526e5abd46@group-CA2E17F1AD5A: ConfigurationManager, init=-1: [6904bcff-8c3f-4400-a757-50526e5abd46:192.168.164.207:38124], old=null, confs=<EMPTY_MAP>
2019-09-25 06:40:27,723 [pool-227-thread-1] INFO  server.RaftServerConfigKeys (ConfUtils.java:logGet(43)) - raft.server.storage.dir = [/workdir/hadoop-ozone/ozonefs/target/test-dir/MiniOzoneClusterImpl-aba66c6d-a604-4a1f-b1c3-ce07fb6ed48b/datanode-0/data/ratis] (custom)
2019-09-25 06:40:27,724 [pool-227-thread-1] INFO  storage.RaftStorageDirectory (RaftStorageDirectory.java:analyzeStorage(246)) - The storage directory /workdir/hadoop-ozone/ozonefs/target/test-dir/MiniOzoneClusterImpl-aba66c6d-a604-4a1f-b1c3-ce07fb6ed48b/datanode-0/data/ratis/63255d82-72db-42e0-8b08-ca2e17f1ad5a does not exist. Creating ...
2019-09-25 06:40:27,737 [pool-227-thread-1] INFO  storage.RaftStorageDirectory (RaftStorageDirectory.java:tryLock(328)) - Lock on /workdir/hadoop-ozone/ozonefs/target/test-dir/MiniOzoneClusterImpl-aba66c6d-a604-4a1f-b1c3-ce07fb6ed48b/datanode-0/data/ratis/63255d82-72db-42e0-8b08-ca2e17f1ad5a/in_use.lock acquired by nodename 12697@pr-hdds-1569-s44lr-3492059363
2019-09-25 06:40:27,750 [pool-227-thread-1] INFO  storage.RaftStorage (RaftStorage.java:format(72)) - Storage directory /workdir/hadoop-ozone/ozonefs/target/test-dir/MiniOzoneClusterImpl-aba66c6d-a604-4a1f-b1c3-ce07fb6ed48b/datanode-0/data/ratis/63255d82-72db-42e0-8b08-ca2e17f1ad5a has been successfully formatted.
2019-09-25 06:40:27,750 [pool-227-thread-1] INFO  ratis.ContainerStateMachine (ContainerStateMachine.java:loadSnapshot(230)) - group-CA2E17F1AD5A: The snapshot info is null. Setting the last applied indexto:(t:0, i:~)
2019-09-25 06:40:27,750 [pool-227-thread-1] INFO  server.RaftServerConfigKeys (ConfUtils.java:logGet(43)) - raft.server.notification.no-leader.timeout = 120s (custom)
2019-09-25 06:40:27,750 [pool-227-thread-1] INFO  server.RaftServerConfigKeys (ConfUtils.java:logGet(43)) - raft.server.log.use.memory = false (default)
2019-09-25 06:40:27,750 [pool-227-thread-1] INFO  server.RaftServerConfigKeys (ConfUtils.java:logGet(43)) - raft.server.log.purge.gap = 1000000 (custom)
2019-09-25 06:40:27,750 [pool-227-thread-1] INFO  server.RaftServerConfigKeys (ConfUtils.java:logGet(43)) - raft.server.log.appender.buffer.byte-limit = 33554432 (custom)
2019-09-25 06:40:27,750 [pool-227-thread-1] INFO  server.RaftServerConfigKeys (ConfUtils.java:logGet(43)) - raft.server.log.segment.size.max = 1048576 (custom)
2019-09-25 06:40:27,751 [pool-227-thread-1] INFO  server.RaftServerConfigKeys (ConfUtils.java:logGet(43)) - raft.server.log.segment.cache.num.max = 2 (custom)
2019-09-25 06:40:27,751 [pool-227-thread-1] INFO  segmented.SegmentedRaftLogWorker (SegmentedRaftLogWorker.java:<init>(172)) - new 6904bcff-8c3f-4400-a757-50526e5abd46@group-CA2E17F1AD5A-SegmentedRaftLogWorker for RaftStorage:Storage Directory /workdir/hadoop-ozone/ozonefs/target/test-dir/MiniOzoneClusterImpl-aba66c6d-a604-4a1f-b1c3-ce07fb6ed48b/datanode-0/data/ratis/63255d82-72db-42e0-8b08-ca2e17f1ad5a
2019-09-25 06:40:27,751 [pool-227-thread-1] INFO  server.RaftServerConfigKeys (ConfUtils.java:logGet(43)) - raft.server.log.queue.byte-limit = 2147483647 (custom)
2019-09-25 06:40:27,751 [pool-227-thread-1] INFO  server.RaftServerConfigKeys (ConfUtils.java:logGet(43)) - raft.server.log.queue.element-limit = 1024 (custom)
2019-09-25 06:40:27,751 [pool-227-thread-1] INFO  server.RaftServerConfigKeys (ConfUtils.java:logGet(43)) - raft.server.log.segment.size.max = 1048576 (custom)
2019-09-25 06:40:27,751 [pool-227-thread-1] INFO  server.RaftServerConfigKeys (ConfUtils.java:logGet(43)) - raft.server.log.preallocated.size = 16384 (custom)
2019-09-25 06:40:27,751 [pool-227-thread-1] INFO  server.RaftServerConfigKeys (ConfUtils.java:logGet(43)) - raft.server.log.write.buffer.size = 33554432 (custom)
2019-09-25 06:40:27,751 [pool-227-thread-1] INFO  server.RaftServerConfigKeys (ConfUtils.java:logGet(43)) - raft.server.log.force.sync.num = 128 (default)
2019-09-25 06:40:27,751 [pool-227-thread-1] INFO  server.RaftServerConfigKeys (ConfUtils.java:logGet(43)) - raft.server.log.statemachine.data.sync = true (default)
2019-09-25 06:40:27,752 [pool-227-thread-1] INFO  server.RaftServerConfigKeys (ConfUtils.java:logGet(43)) - raft.server.log.statemachine.data.sync.timeout = 10s (default)
2019-09-25 06:40:27,752 [pool-227-thread-1] INFO  server.RaftServerConfigKeys (ConfUtils.java:logGet(43)) - raft.server.log.statemachine.data.sync.timeout.retry = -1 (default)
2019-09-25 06:40:27,752 [pool-227-thread-1] INFO  server.RaftServerConfigKeys (ConfUtils.java:logGet(43)) - raft.server.log.statemachine.data.caching.enabled = true (custom)
2019-09-25 06:40:27,752 [pool-227-thread-1] INFO  segmented.SegmentedRaftLogWorker (SegmentedRaftLogWorker.java:lambda$new$0(132)) - 6904bcff-8c3f-4400-a757-50526e5abd46@group-CA2E17F1AD5A-SegmentedRaftLogWorker: flushIndex: setUnconditionally 0 -> -1
2019-09-25 06:40:27,752 [pool-227-thread-1] INFO  server.RaftServerConfigKeys (ConfUtils.java:logGet(43)) - raft.server.snapshot.auto.trigger.enabled = true (custom)
2019-09-25 06:40:27,753 [pool-227-thread-1] INFO  server.RaftServerConfigKeys (ConfUtils.java:logGet(43)) - raft.server.snapshot.auto.trigger.threshold = 10000 (custom)
2019-09-25 06:40:27,753 [pool-227-thread-1] INFO  server.RaftServerConfigKeys (ConfUtils.java:logGet(43)) - raft.server.snapshot.retention.num.files = 5 (custom)
2019-09-25 06:40:27,753 [pool-227-thread-1] INFO  server.RaftServerConfigKeys (ConfUtils.java:logGet(43)) - raft.server.retrycache.expirytime = 600000ms (custom)
2019-09-25 06:40:27,754 [pool-227-thread-1] INFO  impl.RaftServerImpl (RaftServerImpl.java:start(185)) - 6904bcff-8c3f-4400-a757-50526e5abd46@group-CA2E17F1AD5A: start as a follower, conf=-1: [6904bcff-8c3f-4400-a757-50526e5abd46:192.168.164.207:38124], old=null
2019-09-25 06:40:27,755 [pool-227-thread-1] INFO  impl.RaftServerImpl (RaftServerImpl.java:setRole(174)) - 6904bcff-8c3f-4400-a757-50526e5abd46@group-CA2E17F1AD5A: changes role from      null to FOLLOWER at term 0 for startAsFollower
2019-09-25 06:40:27,755 [pool-227-thread-1] INFO  impl.RoleInfo (RoleInfo.java:updateAndGet(143)) - 6904bcff-8c3f-4400-a757-50526e5abd46: start FollowerState
2019-09-25 06:40:27,755 [pool-227-thread-1] INFO  util.JmxRegister (JmxRegister.java:tryRegister(44)) - Successfully registered JMX Bean with object name Ratis:service=RaftServer,group=group-CA2E17F1AD5A,id=6904bcff-8c3f-4400-a757-50526e5abd46
2019-09-25 06:40:27,760 [RatisPipelineUtilsThread] INFO  pipeline.PipelineStateManager (PipelineStateManager.java:addPipeline(56)) - Created pipeline Pipeline[ Id: 63255d82-72db-42e0-8b08-ca2e17f1ad5a, Nodes: 6904bcff-8c3f-4400-a757-50526e5abd46{ip: 192.168.164.207, host: pr-hdds-1569-s44lr-3492059363, networkLocation: /default-rack, certSerialId: null}, Type:RATIS, Factor:ONE, State:OPEN]
2019-09-25 06:40:27,769 [grpc-default-executor-0] INFO  impl.RaftServerProxy (RaftServerProxy.java:addNew(89)) - 6904bcff-8c3f-4400-a757-50526e5abd46: addNew group-3B1158F5B465:[6904bcff-8c3f-4400-a757-50526e5abd46:192.168.164.207:38124] returns group-3B1158F5B465:java.util.concurrent.CompletableFuture@2ca04a24[Not completed]
2019-09-25 06:40:27,770 [pool-227-thread-1] INFO  impl.RaftServerImpl (RaftServerImpl.java:<init>(95)) - 6904bcff-8c3f-4400-a757-50526e5abd46: new RaftServerImpl for group-3B1158F5B465:[6904bcff-8c3f-4400-a757-50526e5abd46:192.168.164.207:38124] with ContainerStateMachine:uninitialized
2019-09-25 06:40:27,770 [pool-227-thread-1] INFO  server.RaftServerConfigKeys (ConfUtils.java:logGet(43)) - raft.server.rpc.timeout.min = 5s (custom)
2019-09-25 06:40:27,770 [pool-227-thread-1] INFO  server.RaftServerConfigKeys (ConfUtils.java:logGet(43)) - raft.server.rpc.timeout.max = 5200ms (custom)
2019-09-25 06:40:27,770 [pool-227-thread-1] INFO  server.RaftServerConfigKeys (ConfUtils.java:logGet(43)) - raft.server.rpcslowness.timeout = 120s (custom)
2019-09-25 06:40:27,770 [pool-227-thread-1] INFO  server.RaftServerConfigKeys (ConfUtils.java:logGet(43)) - raft.server.sleep.deviation.threshold = 300 (default)
2019-09-25 06:40:27,770 [pool-227-thread-1] INFO  server.RaftServerConfigKeys (ConfUtils.java:logGet(43)) - raft.server.log.appender.install.snapshot.enabled = false (custom)
2019-09-25 06:40:27,770 [pool-227-thread-1] INFO  impl.RaftServerImpl (ServerState.java:<init>(103)) - 6904bcff-8c3f-4400-a757-50526e5abd46@group-3B1158F5B465: ConfigurationManager, init=-1: [6904bcff-8c3f-4400-a757-50526e5abd46:192.168.164.207:38124], old=null, confs=<EMPTY_MAP>
2019-09-25 06:40:27,771 [pool-227-thread-1] INFO  server.RaftServerConfigKeys (ConfUtils.java:logGet(43)) - raft.server.storage.dir = [/workdir/hadoop-ozone/ozonefs/target/test-dir/MiniOzoneClusterImpl-aba66c6d-a604-4a1f-b1c3-ce07fb6ed48b/datanode-0/data/ratis] (custom)
2019-09-25 06:40:27,771 [pool-227-thread-1] INFO  storage.RaftStorageDirectory (RaftStorageDirectory.java:analyzeStorage(246)) - The storage directory /workdir/hadoop-ozone/ozonefs/target/test-dir/MiniOzoneClusterImpl-aba66c6d-a604-4a1f-b1c3-ce07fb6ed48b/datanode-0/data/ratis/540955d1-ef53-4ce5-a650-3b1158f5b465 does not exist. Creating ...
2019-09-25 06:40:27,783 [pool-227-thread-1] INFO  storage.RaftStorageDirectory (RaftStorageDirectory.java:tryLock(328)) - Lock on /workdir/hadoop-ozone/ozonefs/target/test-dir/MiniOzoneClusterImpl-aba66c6d-a604-4a1f-b1c3-ce07fb6ed48b/datanode-0/data/ratis/540955d1-ef53-4ce5-a650-3b1158f5b465/in_use.lock acquired by nodename 12697@pr-hdds-1569-s44lr-3492059363
2019-09-25 06:40:27,796 [pool-227-thread-1] INFO  storage.RaftStorage (RaftStorage.java:format(72)) - Storage directory /workdir/hadoop-ozone/ozonefs/target/test-dir/MiniOzoneClusterImpl-aba66c6d-a604-4a1f-b1c3-ce07fb6ed48b/datanode-0/data/ratis/540955d1-ef53-4ce5-a650-3b1158f5b465 has been successfully formatted.
2019-09-25 06:40:27,796 [pool-227-thread-1] INFO  ratis.ContainerStateMachine (ContainerStateMachine.java:loadSnapshot(230)) - group-3B1158F5B465: The snapshot info is null. Setting the last applied indexto:(t:0, i:~)
2019-09-25 06:40:27,797 [pool-227-thread-1] INFO  server.RaftServerConfigKeys (ConfUtils.java:logGet(43)) - raft.server.notification.no-leader.timeout = 120s (custom)
2019-09-25 06:40:27,797 [pool-227-thread-1] INFO  server.RaftServerConfigKeys (ConfUtils.java:logGet(43)) - raft.server.log.use.memory = false (default)
2019-09-25 06:40:27,797 [pool-227-thread-1] INFO  server.RaftServerConfigKeys (ConfUtils.java:logGet(43)) - raft.server.log.purge.gap = 1000000 (custom)
2019-09-25 06:40:27,797 [pool-227-thread-1] INFO  server.RaftServerConfigKeys (ConfUtils.java:logGet(43)) - raft.server.log.appender.buffer.byte-limit = 33554432 (custom)
2019-09-25 06:40:27,797 [pool-227-thread-1] INFO  server.RaftServerConfigKeys (ConfUtils.java:logGet(43)) - raft.server.log.segment.size.max = 1048576 (custom)
2019-09-25 06:40:27,797 [pool-227-thread-1] INFO  server.RaftServerConfigKeys (ConfUtils.java:logGet(43)) - raft.server.log.segment.cache.num.max = 2 (custom)
2019-09-25 06:40:27,797 [pool-227-thread-1] INFO  segmented.SegmentedRaftLogWorker (SegmentedRaftLogWorker.java:<init>(172)) - new 6904bcff-8c3f-4400-a757-50526e5abd46@group-3B1158F5B465-SegmentedRaftLogWorker for RaftStorage:Storage Directory /workdir/hadoop-ozone/ozonefs/target/test-dir/MiniOzoneClusterImpl-aba66c6d-a604-4a1f-b1c3-ce07fb6ed48b/datanode-0/data/ratis/540955d1-ef53-4ce5-a650-3b1158f5b465
2019-09-25 06:40:27,798 [pool-227-thread-1] INFO  server.RaftServerConfigKeys (ConfUtils.java:logGet(43)) - raft.server.log.queue.byte-limit = 2147483647 (custom)
2019-09-25 06:40:27,798 [pool-227-thread-1] INFO  server.RaftServerConfigKeys (ConfUtils.java:logGet(43)) - raft.server.log.queue.element-limit = 1024 (custom)
2019-09-25 06:40:27,798 [pool-227-thread-1] INFO  server.RaftServerConfigKeys (ConfUtils.java:logGet(43)) - raft.server.log.segment.size.max = 1048576 (custom)
2019-09-25 06:40:27,798 [pool-227-thread-1] INFO  server.RaftServerConfigKeys (ConfUtils.java:logGet(43)) - raft.server.log.preallocated.size = 16384 (custom)
2019-09-25 06:40:27,798 [pool-227-thread-1] INFO  server.RaftServerConfigKeys (ConfUtils.java:logGet(43)) - raft.server.log.write.buffer.size = 33554432 (custom)
2019-09-25 06:40:27,798 [pool-227-thread-1] INFO  server.RaftServerConfigKeys (ConfUtils.java:logGet(43)) - raft.server.log.force.sync.num = 128 (default)
2019-09-25 06:40:27,798 [pool-227-thread-1] INFO  server.RaftServerConfigKeys (ConfUtils.java:logGet(43)) - raft.server.log.statemachine.data.sync = true (default)
2019-09-25 06:40:27,798 [pool-227-thread-1] INFO  server.RaftServerConfigKeys (ConfUtils.java:logGet(43)) - raft.server.log.statemachine.data.sync.timeout = 10s (default)
2019-09-25 06:40:27,799 [pool-227-thread-1] INFO  server.RaftServerConfigKeys (ConfUtils.java:logGet(43)) - raft.server.log.statemachine.data.sync.timeout.retry = -1 (default)
2019-09-25 06:40:27,799 [pool-227-thread-1] INFO  server.RaftServerConfigKeys (ConfUtils.java:logGet(43)) - raft.server.log.statemachine.data.caching.enabled = true (custom)
2019-09-25 06:40:27,799 [pool-227-thread-1] INFO  segmented.SegmentedRaftLogWorker (SegmentedRaftLogWorker.java:lambda$new$0(132)) - 6904bcff-8c3f-4400-a757-50526e5abd46@group-3B1158F5B465-SegmentedRaftLogWorker: flushIndex: setUnconditionally 0 -> -1
2019-09-25 06:40:27,799 [pool-227-thread-1] INFO  server.RaftServerConfigKeys (ConfUtils.java:logGet(43)) - raft.server.snapshot.auto.trigger.enabled = true (custom)
2019-09-25 06:40:27,799 [pool-227-thread-1] INFO  server.RaftServerConfigKeys (ConfUtils.java:logGet(43)) - raft.server.snapshot.auto.trigger.threshold = 10000 (custom)
2019-09-25 06:40:27,799 [pool-227-thread-1] INFO  server.RaftServerConfigKeys (ConfUtils.java:logGet(43)) - raft.server.snapshot.retention.num.files = 5 (custom)
2019-09-25 06:40:27,800 [pool-227-thread-1] INFO  server.RaftServerConfigKeys (ConfUtils.java:logGet(43)) - raft.server.retrycache.expirytime = 600000ms (custom)
2019-09-25 06:40:27,801 [pool-227-thread-1] INFO  impl.RaftServerImpl (RaftServerImpl.java:start(185)) - 6904bcff-8c3f-4400-a757-50526e5abd46@group-3B1158F5B465: start as a follower, conf=-1: [6904bcff-8c3f-4400-a757-50526e5abd46:192.168.164.207:38124], old=null
2019-09-25 06:40:27,802 [pool-227-thread-1] INFO  impl.RaftServerImpl (RaftServerImpl.java:setRole(174)) - 6904bcff-8c3f-4400-a757-50526e5abd46@group-3B1158F5B465: changes role from      null to FOLLOWER at term 0 for startAsFollower
2019-09-25 06:40:27,802 [pool-227-thread-1] INFO  impl.RoleInfo (RoleInfo.java:updateAndGet(143)) - 6904bcff-8c3f-4400-a757-50526e5abd46: start FollowerState
2019-09-25 06:40:27,802 [pool-227-thread-1] INFO  util.JmxRegister (JmxRegister.java:tryRegister(44)) - Successfully registered JMX Bean with object name Ratis:service=RaftServer,group=group-3B1158F5B465,id=6904bcff-8c3f-4400-a757-50526e5abd46
2019-09-25 06:40:27,807 [RatisPipelineUtilsThread] INFO  pipeline.PipelineStateManager (PipelineStateManager.java:addPipeline(56)) - Created pipeline Pipeline[ Id: 540955d1-ef53-4ce5-a650-3b1158f5b465, Nodes: 6904bcff-8c3f-4400-a757-50526e5abd46{ip: 192.168.164.207, host: pr-hdds-1569-s44lr-3492059363, networkLocation: /default-rack, certSerialId: null}, Type:RATIS, Factor:ONE, State:OPEN]
2019-09-25 06:40:27,816 [grpc-default-executor-0] INFO  impl.RaftServerProxy (RaftServerProxy.java:addNew(89)) - 4ef67e89-1d62-4370-ad00-484c653ab491: addNew group-B3AD4ACCF736:[4ef67e89-1d62-4370-ad00-484c653ab491:192.168.164.207:42988] returns group-B3AD4ACCF736:java.util.concurrent.CompletableFuture@3de8203d[Not completed]
2019-09-25 06:40:27,818 [pool-237-thread-1] INFO  impl.RaftServerImpl (RaftServerImpl.java:<init>(95)) - 4ef67e89-1d62-4370-ad00-484c653ab491: new RaftServerImpl for group-B3AD4ACCF736:[4ef67e89-1d62-4370-ad00-484c653ab491:192.168.164.207:42988] with ContainerStateMachine:uninitialized
2019-09-25 06:40:27,819 [pool-237-thread-1] INFO  server.RaftServerConfigKeys (ConfUtils.java:logGet(43)) - raft.server.rpc.timeout.min = 5s (custom)
2019-09-25 06:40:27,819 [pool-237-thread-1] INFO  server.RaftServerConfigKeys (ConfUtils.java:logGet(43)) - raft.server.rpc.timeout.max = 5200ms (custom)
2019-09-25 06:40:27,819 [pool-237-thread-1] INFO  server.RaftServerConfigKeys (ConfUtils.java:logGet(43)) - raft.server.rpcslowness.timeout = 120s (custom)
2019-09-25 06:40:27,819 [pool-237-thread-1] INFO  server.RaftServerConfigKeys (ConfUtils.java:logGet(43)) - raft.server.sleep.deviation.threshold = 300 (default)
2019-09-25 06:40:27,819 [pool-237-thread-1] INFO  server.RaftServerConfigKeys (ConfUtils.java:logGet(43)) - raft.server.log.appender.install.snapshot.enabled = false (custom)
2019-09-25 06:40:27,820 [pool-237-thread-1] INFO  impl.RaftServerImpl (ServerState.java:<init>(103)) - 4ef67e89-1d62-4370-ad00-484c653ab491@group-B3AD4ACCF736: ConfigurationManager, init=-1: [4ef67e89-1d62-4370-ad00-484c653ab491:192.168.164.207:42988], old=null, confs=<EMPTY_MAP>
2019-09-25 06:40:27,820 [pool-237-thread-1] INFO  server.RaftServerConfigKeys (ConfUtils.java:logGet(43)) - raft.server.storage.dir = [/workdir/hadoop-ozone/ozonefs/target/test-dir/MiniOzoneClusterImpl-aba66c6d-a604-4a1f-b1c3-ce07fb6ed48b/datanode-1/data/ratis] (custom)
2019-09-25 06:40:27,820 [pool-237-thread-1] INFO  storage.RaftStorageDirectory (RaftStorageDirectory.java:analyzeStorage(246)) - The storage directory /workdir/hadoop-ozone/ozonefs/target/test-dir/MiniOzoneClusterImpl-aba66c6d-a604-4a1f-b1c3-ce07fb6ed48b/datanode-1/data/ratis/a70d352d-f05d-43db-957d-b3ad4accf736 does not exist. Creating ...
2019-09-25 06:40:27,823 [pool-237-thread-1] INFO  storage.RaftStorageDirectory (RaftStorageDirectory.java:tryLock(328)) - Lock on /workdir/hadoop-ozone/ozonefs/target/test-dir/MiniOzoneClusterImpl-aba66c6d-a604-4a1f-b1c3-ce07fb6ed48b/datanode-1/data/ratis/a70d352d-f05d-43db-957d-b3ad4accf736/in_use.lock acquired by nodename 12697@pr-hdds-1569-s44lr-3492059363
2019-09-25 06:40:27,826 [pool-237-thread-1] INFO  storage.RaftStorage (RaftStorage.java:format(72)) - Storage directory /workdir/hadoop-ozone/ozonefs/target/test-dir/MiniOzoneClusterImpl-aba66c6d-a604-4a1f-b1c3-ce07fb6ed48b/datanode-1/data/ratis/a70d352d-f05d-43db-957d-b3ad4accf736 has been successfully formatted.
2019-09-25 06:40:27,827 [pool-237-thread-1] INFO  ratis.ContainerStateMachine (ContainerStateMachine.java:loadSnapshot(230)) - group-B3AD4ACCF736: The snapshot info is null. Setting the last applied indexto:(t:0, i:~)
2019-09-25 06:40:27,827 [pool-237-thread-1] INFO  server.RaftServerConfigKeys (ConfUtils.java:logGet(43)) - raft.server.notification.no-leader.timeout = 120s (custom)
2019-09-25 06:40:27,827 [pool-237-thread-1] INFO  server.RaftServerConfigKeys (ConfUtils.java:logGet(43)) - raft.server.log.use.memory = false (default)
2019-09-25 06:40:27,827 [pool-237-thread-1] INFO  server.RaftServerConfigKeys (ConfUtils.java:logGet(43)) - raft.server.log.purge.gap = 1000000 (custom)
2019-09-25 06:40:27,827 [pool-237-thread-1] INFO  server.RaftServerConfigKeys (ConfUtils.java:logGet(43)) - raft.server.log.appender.buffer.byte-limit = 33554432 (custom)
2019-09-25 06:40:27,827 [pool-237-thread-1] INFO  server.RaftServerConfigKeys (ConfUtils.java:logGet(43)) - raft.server.log.segment.size.max = 1048576 (custom)
2019-09-25 06:40:27,828 [pool-237-thread-1] INFO  server.RaftServerConfigKeys (ConfUtils.java:logGet(43)) - raft.server.log.segment.cache.num.max = 2 (custom)
2019-09-25 06:40:27,828 [pool-237-thread-1] INFO  segmented.SegmentedRaftLogWorker (SegmentedRaftLogWorker.java:<init>(172)) - new 4ef67e89-1d62-4370-ad00-484c653ab491@group-B3AD4ACCF736-SegmentedRaftLogWorker for RaftStorage:Storage Directory /workdir/hadoop-ozone/ozonefs/target/test-dir/MiniOzoneClusterImpl-aba66c6d-a604-4a1f-b1c3-ce07fb6ed48b/datanode-1/data/ratis/a70d352d-f05d-43db-957d-b3ad4accf736
2019-09-25 06:40:27,830 [pool-237-thread-1] INFO  server.RaftServerConfigKeys (ConfUtils.java:logGet(43)) - raft.server.log.queue.byte-limit = 2147483647 (custom)
2019-09-25 06:40:27,830 [pool-237-thread-1] INFO  server.RaftServerConfigKeys (ConfUtils.java:logGet(43)) - raft.server.log.queue.element-limit = 1024 (custom)
2019-09-25 06:40:27,830 [pool-237-thread-1] INFO  server.RaftServerConfigKeys (ConfUtils.java:logGet(43)) - raft.server.log.segment.size.max = 1048576 (custom)
2019-09-25 06:40:27,830 [pool-237-thread-1] INFO  server.RaftServerConfigKeys (ConfUtils.java:logGet(43)) - raft.server.log.preallocated.size = 16384 (custom)
2019-09-25 06:40:27,830 [pool-237-thread-1] INFO  server.RaftServerConfigKeys (ConfUtils.java:logGet(43)) - raft.server.log.write.buffer.size = 33554432 (custom)
2019-09-25 06:40:27,830 [pool-237-thread-1] INFO  server.RaftServerConfigKeys (ConfUtils.java:logGet(43)) - raft.server.log.force.sync.num = 128 (default)
2019-09-25 06:40:27,830 [pool-237-thread-1] INFO  server.RaftServerConfigKeys (ConfUtils.java:logGet(43)) - raft.server.log.statemachine.data.sync = true (default)
2019-09-25 06:40:27,831 [pool-237-thread-1] INFO  server.RaftServerConfigKeys (ConfUtils.java:logGet(43)) - raft.server.log.statemachine.data.sync.timeout = 10s (default)
2019-09-25 06:40:27,831 [pool-237-thread-1] INFO  server.RaftServerConfigKeys (ConfUtils.java:logGet(43)) - raft.server.log.statemachine.data.sync.timeout.retry = -1 (default)
2019-09-25 06:40:27,831 [pool-237-thread-1] INFO  server.RaftServerConfigKeys (ConfUtils.java:logGet(43)) - raft.server.log.statemachine.data.caching.enabled = true (custom)
2019-09-25 06:40:27,831 [pool-237-thread-1] INFO  segmented.SegmentedRaftLogWorker (SegmentedRaftLogWorker.java:lambda$new$0(132)) - 4ef67e89-1d62-4370-ad00-484c653ab491@group-B3AD4ACCF736-SegmentedRaftLogWorker: flushIndex: setUnconditionally 0 -> -1
2019-09-25 06:40:27,832 [pool-237-thread-1] INFO  server.RaftServerConfigKeys (ConfUtils.java:logGet(43)) - raft.server.snapshot.auto.trigger.enabled = true (custom)
2019-09-25 06:40:27,832 [pool-237-thread-1] INFO  server.RaftServerConfigKeys (ConfUtils.java:logGet(43)) - raft.server.snapshot.auto.trigger.threshold = 10000 (custom)
2019-09-25 06:40:27,832 [pool-237-thread-1] INFO  server.RaftServerConfigKeys (ConfUtils.java:logGet(43)) - raft.server.snapshot.retention.num.files = 5 (custom)
2019-09-25 06:40:27,832 [pool-237-thread-1] INFO  server.RaftServerConfigKeys (ConfUtils.java:logGet(43)) - raft.server.retrycache.expirytime = 600000ms (custom)
2019-09-25 06:40:27,834 [pool-237-thread-1] INFO  impl.RaftServerImpl (RaftServerImpl.java:start(185)) - 4ef67e89-1d62-4370-ad00-484c653ab491@group-B3AD4ACCF736: start as a follower, conf=-1: [4ef67e89-1d62-4370-ad00-484c653ab491:192.168.164.207:42988], old=null
2019-09-25 06:40:27,834 [pool-237-thread-1] INFO  impl.RaftServerImpl (RaftServerImpl.java:setRole(174)) - 4ef67e89-1d62-4370-ad00-484c653ab491@group-B3AD4ACCF736: changes role from      null to FOLLOWER at term 0 for startAsFollower
2019-09-25 06:40:27,834 [pool-237-thread-1] INFO  impl.RoleInfo (RoleInfo.java:updateAndGet(143)) - 4ef67e89-1d62-4370-ad00-484c653ab491: start FollowerState
2019-09-25 06:40:27,834 [pool-237-thread-1] INFO  util.JmxRegister (JmxRegister.java:tryRegister(44)) - Successfully registered JMX Bean with object name Ratis:service=RaftServer,group=group-B3AD4ACCF736,id=4ef67e89-1d62-4370-ad00-484c653ab491
2019-09-25 06:40:27,839 [RatisPipelineUtilsThread] INFO  pipeline.PipelineStateManager (PipelineStateManager.java:addPipeline(56)) - Created pipeline Pipeline[ Id: a70d352d-f05d-43db-957d-b3ad4accf736, Nodes: 4ef67e89-1d62-4370-ad00-484c653ab491{ip: 192.168.164.207, host: pr-hdds-1569-s44lr-3492059363, networkLocation: /default-rack, certSerialId: null}, Type:RATIS, Factor:ONE, State:OPEN]
2019-09-25 06:40:27,846 [grpc-default-executor-0] INFO  impl.RaftServerProxy (RaftServerProxy.java:addNew(89)) - 6904bcff-8c3f-4400-a757-50526e5abd46: addNew group-4A308F0126A3:[6904bcff-8c3f-4400-a757-50526e5abd46:192.168.164.207:38124] returns group-4A308F0126A3:java.util.concurrent.CompletableFuture@227a19b3[Not completed]
2019-09-25 06:40:27,847 [pool-227-thread-1] INFO  impl.RaftServerImpl (RaftServerImpl.java:<init>(95)) - 6904bcff-8c3f-4400-a757-50526e5abd46: new RaftServerImpl for group-4A308F0126A3:[6904bcff-8c3f-4400-a757-50526e5abd46:192.168.164.207:38124] with ContainerStateMachine:uninitialized
2019-09-25 06:40:27,847 [pool-227-thread-1] INFO  server.RaftServerConfigKeys (ConfUtils.java:logGet(43)) - raft.server.rpc.timeout.min = 5s (custom)
2019-09-25 06:40:27,847 [pool-227-thread-1] INFO  server.RaftServerConfigKeys (ConfUtils.java:logGet(43)) - raft.server.rpc.timeout.max = 5200ms (custom)
2019-09-25 06:40:27,847 [pool-227-thread-1] INFO  server.RaftServerConfigKeys (ConfUtils.java:logGet(43)) - raft.server.rpcslowness.timeout = 120s (custom)
2019-09-25 06:40:27,847 [pool-227-thread-1] INFO  server.RaftServerConfigKeys (ConfUtils.java:logGet(43)) - raft.server.sleep.deviation.threshold = 300 (default)
2019-09-25 06:40:27,847 [pool-227-thread-1] INFO  server.RaftServerConfigKeys (ConfUtils.java:logGet(43)) - raft.server.log.appender.install.snapshot.enabled = false (custom)
2019-09-25 06:40:27,847 [pool-227-thread-1] INFO  impl.RaftServerImpl (ServerState.java:<init>(103)) - 6904bcff-8c3f-4400-a757-50526e5abd46@group-4A308F0126A3: ConfigurationManager, init=-1: [6904bcff-8c3f-4400-a757-50526e5abd46:192.168.164.207:38124], old=null, confs=<EMPTY_MAP>
2019-09-25 06:40:27,847 [pool-227-thread-1] INFO  server.RaftServerConfigKeys (ConfUtils.java:logGet(43)) - raft.server.storage.dir = [/workdir/hadoop-ozone/ozonefs/target/test-dir/MiniOzoneClusterImpl-aba66c6d-a604-4a1f-b1c3-ce07fb6ed48b/datanode-0/data/ratis] (custom)
2019-09-25 06:40:27,848 [pool-227-thread-1] INFO  storage.RaftStorageDirectory (RaftStorageDirectory.java:analyzeStorage(246)) - The storage directory /workdir/hadoop-ozone/ozonefs/target/test-dir/MiniOzoneClusterImpl-aba66c6d-a604-4a1f-b1c3-ce07fb6ed48b/datanode-0/data/ratis/c28798b2-122e-4d1b-abb0-4a308f0126a3 does not exist. Creating ...
2019-09-25 06:40:27,851 [pool-227-thread-1] INFO  storage.RaftStorageDirectory (RaftStorageDirectory.java:tryLock(328)) - Lock on /workdir/hadoop-ozone/ozonefs/target/test-dir/MiniOzoneClusterImpl-aba66c6d-a604-4a1f-b1c3-ce07fb6ed48b/datanode-0/data/ratis/c28798b2-122e-4d1b-abb0-4a308f0126a3/in_use.lock acquired by nodename 12697@pr-hdds-1569-s44lr-3492059363
2019-09-25 06:40:27,854 [pool-227-thread-1] INFO  storage.RaftStorage (RaftStorage.java:format(72)) - Storage directory /workdir/hadoop-ozone/ozonefs/target/test-dir/MiniOzoneClusterImpl-aba66c6d-a604-4a1f-b1c3-ce07fb6ed48b/datanode-0/data/ratis/c28798b2-122e-4d1b-abb0-4a308f0126a3 has been successfully formatted.
2019-09-25 06:40:27,855 [pool-227-thread-1] INFO  ratis.ContainerStateMachine (ContainerStateMachine.java:loadSnapshot(230)) - group-4A308F0126A3: The snapshot info is null. Setting the last applied indexto:(t:0, i:~)
2019-09-25 06:40:27,855 [pool-227-thread-1] INFO  server.RaftServerConfigKeys (ConfUtils.java:logGet(43)) - raft.server.notification.no-leader.timeout = 120s (custom)
2019-09-25 06:40:27,855 [pool-227-thread-1] INFO  server.RaftServerConfigKeys (ConfUtils.java:logGet(43)) - raft.server.log.use.memory = false (default)
2019-09-25 06:40:27,855 [pool-227-thread-1] INFO  server.RaftServerConfigKeys (ConfUtils.java:logGet(43)) - raft.server.log.purge.gap = 1000000 (custom)
2019-09-25 06:40:27,855 [pool-227-thread-1] INFO  server.RaftServerConfigKeys (ConfUtils.java:logGet(43)) - raft.server.log.appender.buffer.byte-limit = 33554432 (custom)
2019-09-25 06:40:27,855 [pool-227-thread-1] INFO  server.RaftServerConfigKeys (ConfUtils.java:logGet(43)) - raft.server.log.segment.size.max = 1048576 (custom)
2019-09-25 06:40:27,855 [pool-227-thread-1] INFO  server.RaftServerConfigKeys (ConfUtils.java:logGet(43)) - raft.server.log.segment.cache.num.max = 2 (custom)
2019-09-25 06:40:27,856 [pool-227-thread-1] INFO  segmented.SegmentedRaftLogWorker (SegmentedRaftLogWorker.java:<init>(172)) - new 6904bcff-8c3f-4400-a757-50526e5abd46@group-4A308F0126A3-SegmentedRaftLogWorker for RaftStorage:Storage Directory /workdir/hadoop-ozone/ozonefs/target/test-dir/MiniOzoneClusterImpl-aba66c6d-a604-4a1f-b1c3-ce07fb6ed48b/datanode-0/data/ratis/c28798b2-122e-4d1b-abb0-4a308f0126a3
2019-09-25 06:40:27,856 [pool-227-thread-1] INFO  server.RaftServerConfigKeys (ConfUtils.java:logGet(43)) - raft.server.log.queue.byte-limit = 2147483647 (custom)
2019-09-25 06:40:27,856 [pool-227-thread-1] INFO  server.RaftServerConfigKeys (ConfUtils.java:logGet(43)) - raft.server.log.queue.element-limit = 1024 (custom)
2019-09-25 06:40:27,856 [pool-227-thread-1] INFO  server.RaftServerConfigKeys (ConfUtils.java:logGet(43)) - raft.server.log.segment.size.max = 1048576 (custom)
2019-09-25 06:40:27,856 [pool-227-thread-1] INFO  server.RaftServerConfigKeys (ConfUtils.java:logGet(43)) - raft.server.log.preallocated.size = 16384 (custom)
2019-09-25 06:40:27,856 [pool-227-thread-1] INFO  server.RaftServerConfigKeys (ConfUtils.java:logGet(43)) - raft.server.log.write.buffer.size = 33554432 (custom)
2019-09-25 06:40:27,856 [pool-227-thread-1] INFO  server.RaftServerConfigKeys (ConfUtils.java:logGet(43)) - raft.server.log.force.sync.num = 128 (default)
2019-09-25 06:40:27,856 [pool-227-thread-1] INFO  server.RaftServerConfigKeys (ConfUtils.java:logGet(43)) - raft.server.log.statemachine.data.sync = true (default)
2019-09-25 06:40:27,856 [pool-227-thread-1] INFO  server.RaftServerConfigKeys (ConfUtils.java:logGet(43)) - raft.server.log.statemachine.data.sync.timeout = 10s (default)
2019-09-25 06:40:27,856 [pool-227-thread-1] INFO  server.RaftServerConfigKeys (ConfUtils.java:logGet(43)) - raft.server.log.statemachine.data.sync.timeout.retry = -1 (default)
2019-09-25 06:40:27,856 [pool-227-thread-1] INFO  server.RaftServerConfigKeys (ConfUtils.java:logGet(43)) - raft.server.log.statemachine.data.caching.enabled = true (custom)
2019-09-25 06:40:27,857 [pool-227-thread-1] INFO  segmented.SegmentedRaftLogWorker (SegmentedRaftLogWorker.java:lambda$new$0(132)) - 6904bcff-8c3f-4400-a757-50526e5abd46@group-4A308F0126A3-SegmentedRaftLogWorker: flushIndex: setUnconditionally 0 -> -1
2019-09-25 06:40:27,857 [pool-227-thread-1] INFO  server.RaftServerConfigKeys (ConfUtils.java:logGet(43)) - raft.server.snapshot.auto.trigger.enabled = true (custom)
2019-09-25 06:40:27,857 [pool-227-thread-1] INFO  server.RaftServerConfigKeys (ConfUtils.java:logGet(43)) - raft.server.snapshot.auto.trigger.threshold = 10000 (custom)
2019-09-25 06:40:27,857 [pool-227-thread-1] INFO  server.RaftServerConfigKeys (ConfUtils.java:logGet(43)) - raft.server.snapshot.retention.num.files = 5 (custom)
2019-09-25 06:40:27,857 [pool-227-thread-1] INFO  server.RaftServerConfigKeys (ConfUtils.java:logGet(43)) - raft.server.retrycache.expirytime = 600000ms (custom)
2019-09-25 06:40:27,859 [pool-227-thread-1] INFO  impl.RaftServerImpl (RaftServerImpl.java:start(185)) - 6904bcff-8c3f-4400-a757-50526e5abd46@group-4A308F0126A3: start as a follower, conf=-1: [6904bcff-8c3f-4400-a757-50526e5abd46:192.168.164.207:38124], old=null
2019-09-25 06:40:27,859 [pool-227-thread-1] INFO  impl.RaftServerImpl (RaftServerImpl.java:setRole(174)) - 6904bcff-8c3f-4400-a757-50526e5abd46@group-4A308F0126A3: changes role from      null to FOLLOWER at term 0 for startAsFollower
2019-09-25 06:40:27,859 [pool-227-thread-1] INFO  impl.RoleInfo (RoleInfo.java:updateAndGet(143)) - 6904bcff-8c3f-4400-a757-50526e5abd46: start FollowerState
2019-09-25 06:40:27,859 [pool-227-thread-1] INFO  util.JmxRegister (JmxRegister.java:tryRegister(44)) - Successfully registered JMX Bean with object name Ratis:service=RaftServer,group=group-4A308F0126A3,id=6904bcff-8c3f-4400-a757-50526e5abd46
2019-09-25 06:40:27,863 [RatisPipelineUtilsThread] INFO  pipeline.PipelineStateManager (PipelineStateManager.java:addPipeline(56)) - Created pipeline Pipeline[ Id: c28798b2-122e-4d1b-abb0-4a308f0126a3, Nodes: 6904bcff-8c3f-4400-a757-50526e5abd46{ip: 192.168.164.207, host: pr-hdds-1569-s44lr-3492059363, networkLocation: /default-rack, certSerialId: null}, Type:RATIS, Factor:ONE, State:OPEN]
2019-09-25 06:40:27,869 [grpc-default-executor-0] INFO  impl.RaftServerProxy (RaftServerProxy.java:addNew(89)) - 6904bcff-8c3f-4400-a757-50526e5abd46: addNew group-22D71A69B21C:[6904bcff-8c3f-4400-a757-50526e5abd46:192.168.164.207:38124] returns group-22D71A69B21C:java.util.concurrent.CompletableFuture@9f21e4d[Not completed]
2019-09-25 06:40:27,870 [pool-227-thread-1] INFO  impl.RaftServerImpl (RaftServerImpl.java:<init>(95)) - 6904bcff-8c3f-4400-a757-50526e5abd46: new RaftServerImpl for group-22D71A69B21C:[6904bcff-8c3f-4400-a757-50526e5abd46:192.168.164.207:38124] with ContainerStateMachine:uninitialized
2019-09-25 06:40:27,870 [pool-227-thread-1] INFO  server.RaftServerConfigKeys (ConfUtils.java:logGet(43)) - raft.server.rpc.timeout.min = 5s (custom)
2019-09-25 06:40:27,870 [pool-227-thread-1] INFO  server.RaftServerConfigKeys (ConfUtils.java:logGet(43)) - raft.server.rpc.timeout.max = 5200ms (custom)
2019-09-25 06:40:27,870 [pool-227-thread-1] INFO  server.RaftServerConfigKeys (ConfUtils.java:logGet(43)) - raft.server.rpcslowness.timeout = 120s (custom)
2019-09-25 06:40:27,870 [pool-227-thread-1] INFO  server.RaftServerConfigKeys (ConfUtils.java:logGet(43)) - raft.server.sleep.deviation.threshold = 300 (default)
2019-09-25 06:40:27,870 [pool-227-thread-1] INFO  server.RaftServerConfigKeys (ConfUtils.java:logGet(43)) - raft.server.log.appender.install.snapshot.enabled = false (custom)
2019-09-25 06:40:27,870 [pool-227-thread-1] INFO  impl.RaftServerImpl (ServerState.java:<init>(103)) - 6904bcff-8c3f-4400-a757-50526e5abd46@group-22D71A69B21C: ConfigurationManager, init=-1: [6904bcff-8c3f-4400-a757-50526e5abd46:192.168.164.207:38124], old=null, confs=<EMPTY_MAP>
2019-09-25 06:40:27,870 [pool-227-thread-1] INFO  server.RaftServerConfigKeys (ConfUtils.java:logGet(43)) - raft.server.storage.dir = [/workdir/hadoop-ozone/ozonefs/target/test-dir/MiniOzoneClusterImpl-aba66c6d-a604-4a1f-b1c3-ce07fb6ed48b/datanode-0/data/ratis] (custom)
2019-09-25 06:40:27,870 [pool-227-thread-1] INFO  storage.RaftStorageDirectory (RaftStorageDirectory.java:analyzeStorage(246)) - The storage directory /workdir/hadoop-ozone/ozonefs/target/test-dir/MiniOzoneClusterImpl-aba66c6d-a604-4a1f-b1c3-ce07fb6ed48b/datanode-0/data/ratis/c974910e-5990-4bc9-a780-22d71a69b21c does not exist. Creating ...
2019-09-25 06:40:27,883 [pool-227-thread-1] INFO  storage.RaftStorageDirectory (RaftStorageDirectory.java:tryLock(328)) - Lock on /workdir/hadoop-ozone/ozonefs/target/test-dir/MiniOzoneClusterImpl-aba66c6d-a604-4a1f-b1c3-ce07fb6ed48b/datanode-0/data/ratis/c974910e-5990-4bc9-a780-22d71a69b21c/in_use.lock acquired by nodename 12697@pr-hdds-1569-s44lr-3492059363
2019-09-25 06:40:27,915 [pool-227-thread-1] INFO  storage.RaftStorage (RaftStorage.java:format(72)) - Storage directory /workdir/hadoop-ozone/ozonefs/target/test-dir/MiniOzoneClusterImpl-aba66c6d-a604-4a1f-b1c3-ce07fb6ed48b/datanode-0/data/ratis/c974910e-5990-4bc9-a780-22d71a69b21c has been successfully formatted.
2019-09-25 06:40:27,915 [pool-227-thread-1] INFO  ratis.ContainerStateMachine (ContainerStateMachine.java:loadSnapshot(230)) - group-22D71A69B21C: The snapshot info is null. Setting the last applied indexto:(t:0, i:~)
2019-09-25 06:40:27,915 [pool-227-thread-1] INFO  server.RaftServerConfigKeys (ConfUtils.java:logGet(43)) - raft.server.notification.no-leader.timeout = 120s (custom)
2019-09-25 06:40:27,915 [pool-227-thread-1] INFO  server.RaftServerConfigKeys (ConfUtils.java:logGet(43)) - raft.server.log.use.memory = false (default)
2019-09-25 06:40:27,916 [pool-227-thread-1] INFO  server.RaftServerConfigKeys (ConfUtils.java:logGet(43)) - raft.server.log.purge.gap = 1000000 (custom)
2019-09-25 06:40:27,916 [pool-227-thread-1] INFO  server.RaftServerConfigKeys (ConfUtils.java:logGet(43)) - raft.server.log.appender.buffer.byte-limit = 33554432 (custom)
2019-09-25 06:40:27,916 [pool-227-thread-1] INFO  server.RaftServerConfigKeys (ConfUtils.java:logGet(43)) - raft.server.log.segment.size.max = 1048576 (custom)
2019-09-25 06:40:27,916 [pool-227-thread-1] INFO  server.RaftServerConfigKeys (ConfUtils.java:logGet(43)) - raft.server.log.segment.cache.num.max = 2 (custom)
2019-09-25 06:40:27,916 [pool-227-thread-1] INFO  segmented.SegmentedRaftLogWorker (SegmentedRaftLogWorker.java:<init>(172)) - new 6904bcff-8c3f-4400-a757-50526e5abd46@group-22D71A69B21C-SegmentedRaftLogWorker for RaftStorage:Storage Directory /workdir/hadoop-ozone/ozonefs/target/test-dir/MiniOzoneClusterImpl-aba66c6d-a604-4a1f-b1c3-ce07fb6ed48b/datanode-0/data/ratis/c974910e-5990-4bc9-a780-22d71a69b21c
2019-09-25 06:40:27,916 [pool-227-thread-1] INFO  server.RaftServerConfigKeys (ConfUtils.java:logGet(43)) - raft.server.log.queue.byte-limit = 2147483647 (custom)
2019-09-25 06:40:27,916 [pool-227-thread-1] INFO  server.RaftServerConfigKeys (ConfUtils.java:logGet(43)) - raft.server.log.queue.element-limit = 1024 (custom)
2019-09-25 06:40:27,916 [pool-227-thread-1] INFO  server.RaftServerConfigKeys (ConfUtils.java:logGet(43)) - raft.server.log.segment.size.max = 1048576 (custom)
2019-09-25 06:40:27,917 [pool-227-thread-1] INFO  server.RaftServerConfigKeys (ConfUtils.java:logGet(43)) - raft.server.log.preallocated.size = 16384 (custom)
2019-09-25 06:40:27,917 [pool-227-thread-1] INFO  server.RaftServerConfigKeys (ConfUtils.java:logGet(43)) - raft.server.log.write.buffer.size = 33554432 (custom)
2019-09-25 06:40:27,917 [pool-227-thread-1] INFO  server.RaftServerConfigKeys (ConfUtils.java:logGet(43)) - raft.server.log.force.sync.num = 128 (default)
2019-09-25 06:40:27,917 [pool-227-thread-1] INFO  server.RaftServerConfigKeys (ConfUtils.java:logGet(43)) - raft.server.log.statemachine.data.sync = true (default)
2019-09-25 06:40:27,917 [pool-227-thread-1] INFO  server.RaftServerConfigKeys (ConfUtils.java:logGet(43)) - raft.server.log.statemachine.data.sync.timeout = 10s (default)
2019-09-25 06:40:27,917 [pool-227-thread-1] INFO  server.RaftServerConfigKeys (ConfUtils.java:logGet(43)) - raft.server.log.statemachine.data.sync.timeout.retry = -1 (default)
2019-09-25 06:40:27,917 [pool-227-thread-1] INFO  server.RaftServerConfigKeys (ConfUtils.java:logGet(43)) - raft.server.log.statemachine.data.caching.enabled = true (custom)
2019-09-25 06:40:27,918 [pool-227-thread-1] INFO  segmented.SegmentedRaftLogWorker (SegmentedRaftLogWorker.java:lambda$new$0(132)) - 6904bcff-8c3f-4400-a757-50526e5abd46@group-22D71A69B21C-SegmentedRaftLogWorker: flushIndex: setUnconditionally 0 -> -1
2019-09-25 06:40:27,918 [pool-227-thread-1] INFO  server.RaftServerConfigKeys (ConfUtils.java:logGet(43)) - raft.server.snapshot.auto.trigger.enabled = true (custom)
2019-09-25 06:40:27,918 [pool-227-thread-1] INFO  server.RaftServerConfigKeys (ConfUtils.java:logGet(43)) - raft.server.snapshot.auto.trigger.threshold = 10000 (custom)
2019-09-25 06:40:27,918 [pool-227-thread-1] INFO  server.RaftServerConfigKeys (ConfUtils.java:logGet(43)) - raft.server.snapshot.retention.num.files = 5 (custom)
2019-09-25 06:40:27,918 [pool-227-thread-1] INFO  server.RaftServerConfigKeys (ConfUtils.java:logGet(43)) - raft.server.retrycache.expirytime = 600000ms (custom)
2019-09-25 06:40:27,920 [pool-227-thread-1] INFO  impl.RaftServerImpl (RaftServerImpl.java:start(185)) - 6904bcff-8c3f-4400-a757-50526e5abd46@group-22D71A69B21C: start as a follower, conf=-1: [6904bcff-8c3f-4400-a757-50526e5abd46:192.168.164.207:38124], old=null
2019-09-25 06:40:27,921 [pool-227-thread-1] INFO  impl.RaftServerImpl (RaftServerImpl.java:setRole(174)) - 6904bcff-8c3f-4400-a757-50526e5abd46@group-22D71A69B21C: changes role from      null to FOLLOWER at term 0 for startAsFollower
2019-09-25 06:40:27,921 [pool-227-thread-1] INFO  impl.RoleInfo (RoleInfo.java:updateAndGet(143)) - 6904bcff-8c3f-4400-a757-50526e5abd46: start FollowerState
2019-09-25 06:40:27,921 [pool-227-thread-1] INFO  util.JmxRegister (JmxRegister.java:tryRegister(44)) - Successfully registered JMX Bean with object name Ratis:service=RaftServer,group=group-22D71A69B21C,id=6904bcff-8c3f-4400-a757-50526e5abd46
2019-09-25 06:40:27,926 [RatisPipelineUtilsThread] INFO  pipeline.PipelineStateManager (PipelineStateManager.java:addPipeline(56)) - Created pipeline Pipeline[ Id: c974910e-5990-4bc9-a780-22d71a69b21c, Nodes: 6904bcff-8c3f-4400-a757-50526e5abd46{ip: 192.168.164.207, host: pr-hdds-1569-s44lr-3492059363, networkLocation: /default-rack, certSerialId: null}, Type:RATIS, Factor:ONE, State:OPEN]
2019-09-25 06:40:27,927 [RatisPipelineUtilsThread] INFO  pipeline.PipelinePlacementPolicy (PipelinePlacementPolicy.java:meetCriteria(91)) - Pipeline Placement: can't place more pipeline on heavy datanode： 6904bcff-8c3f-4400-a757-50526e5abd46 Heaviness: 6 limit: 5
2019-09-25 06:40:27,935 [grpc-default-executor-0] INFO  impl.RaftServerProxy (RaftServerProxy.java:addNew(89)) - 4ef67e89-1d62-4370-ad00-484c653ab491: addNew group-711521F40132:[4ef67e89-1d62-4370-ad00-484c653ab491:192.168.164.207:42988] returns group-711521F40132:java.util.concurrent.CompletableFuture@5548a0a2[Not completed]
2019-09-25 06:40:27,936 [pool-237-thread-1] INFO  impl.RaftServerImpl (RaftServerImpl.java:<init>(95)) - 4ef67e89-1d62-4370-ad00-484c653ab491: new RaftServerImpl for group-711521F40132:[4ef67e89-1d62-4370-ad00-484c653ab491:192.168.164.207:42988] with ContainerStateMachine:uninitialized
2019-09-25 06:40:27,936 [pool-237-thread-1] INFO  server.RaftServerConfigKeys (ConfUtils.java:logGet(43)) - raft.server.rpc.timeout.min = 5s (custom)
2019-09-25 06:40:27,936 [pool-237-thread-1] INFO  server.RaftServerConfigKeys (ConfUtils.java:logGet(43)) - raft.server.rpc.timeout.max = 5200ms (custom)
2019-09-25 06:40:27,936 [pool-237-thread-1] INFO  server.RaftServerConfigKeys (ConfUtils.java:logGet(43)) - raft.server.rpcslowness.timeout = 120s (custom)
2019-09-25 06:40:27,936 [pool-237-thread-1] INFO  server.RaftServerConfigKeys (ConfUtils.java:logGet(43)) - raft.server.sleep.deviation.threshold = 300 (default)
2019-09-25 06:40:27,936 [pool-237-thread-1] INFO  server.RaftServerConfigKeys (ConfUtils.java:logGet(43)) - raft.server.log.appender.install.snapshot.enabled = false (custom)
2019-09-25 06:40:27,937 [pool-237-thread-1] INFO  impl.RaftServerImpl (ServerState.java:<init>(103)) - 4ef67e89-1d62-4370-ad00-484c653ab491@group-711521F40132: ConfigurationManager, init=-1: [4ef67e89-1d62-4370-ad00-484c653ab491:192.168.164.207:42988], old=null, confs=<EMPTY_MAP>
2019-09-25 06:40:27,937 [pool-237-thread-1] INFO  server.RaftServerConfigKeys (ConfUtils.java:logGet(43)) - raft.server.storage.dir = [/workdir/hadoop-ozone/ozonefs/target/test-dir/MiniOzoneClusterImpl-aba66c6d-a604-4a1f-b1c3-ce07fb6ed48b/datanode-1/data/ratis] (custom)
2019-09-25 06:40:27,937 [pool-237-thread-1] INFO  storage.RaftStorageDirectory (RaftStorageDirectory.java:analyzeStorage(246)) - The storage directory /workdir/hadoop-ozone/ozonefs/target/test-dir/MiniOzoneClusterImpl-aba66c6d-a604-4a1f-b1c3-ce07fb6ed48b/datanode-1/data/ratis/a15a94e9-289b-4eb5-ae41-711521f40132 does not exist. Creating ...
2019-09-25 06:40:27,959 [pool-237-thread-1] INFO  storage.RaftStorageDirectory (RaftStorageDirectory.java:tryLock(328)) - Lock on /workdir/hadoop-ozone/ozonefs/target/test-dir/MiniOzoneClusterImpl-aba66c6d-a604-4a1f-b1c3-ce07fb6ed48b/datanode-1/data/ratis/a15a94e9-289b-4eb5-ae41-711521f40132/in_use.lock acquired by nodename 12697@pr-hdds-1569-s44lr-3492059363
2019-09-25 06:40:27,974 [pool-237-thread-1] INFO  storage.RaftStorage (RaftStorage.java:format(72)) - Storage directory /workdir/hadoop-ozone/ozonefs/target/test-dir/MiniOzoneClusterImpl-aba66c6d-a604-4a1f-b1c3-ce07fb6ed48b/datanode-1/data/ratis/a15a94e9-289b-4eb5-ae41-711521f40132 has been successfully formatted.
2019-09-25 06:40:27,974 [pool-237-thread-1] INFO  ratis.ContainerStateMachine (ContainerStateMachine.java:loadSnapshot(230)) - group-711521F40132: The snapshot info is null. Setting the last applied indexto:(t:0, i:~)
2019-09-25 06:40:27,974 [pool-237-thread-1] INFO  server.RaftServerConfigKeys (ConfUtils.java:logGet(43)) - raft.server.notification.no-leader.timeout = 120s (custom)
2019-09-25 06:40:27,974 [pool-237-thread-1] INFO  server.RaftServerConfigKeys (ConfUtils.java:logGet(43)) - raft.server.log.use.memory = false (default)
2019-09-25 06:40:27,974 [pool-237-thread-1] INFO  server.RaftServerConfigKeys (ConfUtils.java:logGet(43)) - raft.server.log.purge.gap = 1000000 (custom)
2019-09-25 06:40:27,974 [pool-237-thread-1] INFO  server.RaftServerConfigKeys (ConfUtils.java:logGet(43)) - raft.server.log.appender.buffer.byte-limit = 33554432 (custom)
2019-09-25 06:40:27,974 [pool-237-thread-1] INFO  server.RaftServerConfigKeys (ConfUtils.java:logGet(43)) - raft.server.log.segment.size.max = 1048576 (custom)
2019-09-25 06:40:27,975 [pool-237-thread-1] INFO  server.RaftServerConfigKeys (ConfUtils.java:logGet(43)) - raft.server.log.segment.cache.num.max = 2 (custom)
2019-09-25 06:40:27,975 [pool-237-thread-1] INFO  segmented.SegmentedRaftLogWorker (SegmentedRaftLogWorker.java:<init>(172)) - new 4ef67e89-1d62-4370-ad00-484c653ab491@group-711521F40132-SegmentedRaftLogWorker for RaftStorage:Storage Directory /workdir/hadoop-ozone/ozonefs/target/test-dir/MiniOzoneClusterImpl-aba66c6d-a604-4a1f-b1c3-ce07fb6ed48b/datanode-1/data/ratis/a15a94e9-289b-4eb5-ae41-711521f40132
2019-09-25 06:40:27,975 [pool-237-thread-1] INFO  server.RaftServerConfigKeys (ConfUtils.java:logGet(43)) - raft.server.log.queue.byte-limit = 2147483647 (custom)
2019-09-25 06:40:27,975 [pool-237-thread-1] INFO  server.RaftServerConfigKeys (ConfUtils.java:logGet(43)) - raft.server.log.queue.element-limit = 1024 (custom)
2019-09-25 06:40:27,975 [pool-237-thread-1] INFO  server.RaftServerConfigKeys (ConfUtils.java:logGet(43)) - raft.server.log.segment.size.max = 1048576 (custom)
2019-09-25 06:40:27,975 [pool-237-thread-1] INFO  server.RaftServerConfigKeys (ConfUtils.java:logGet(43)) - raft.server.log.preallocated.size = 16384 (custom)
2019-09-25 06:40:27,975 [pool-237-thread-1] INFO  server.RaftServerConfigKeys (ConfUtils.java:logGet(43)) - raft.server.log.write.buffer.size = 33554432 (custom)
2019-09-25 06:40:27,975 [pool-237-thread-1] INFO  server.RaftServerConfigKeys (ConfUtils.java:logGet(43)) - raft.server.log.force.sync.num = 128 (default)
2019-09-25 06:40:27,975 [pool-237-thread-1] INFO  server.RaftServerConfigKeys (ConfUtils.java:logGet(43)) - raft.server.log.statemachine.data.sync = true (default)
2019-09-25 06:40:27,976 [pool-237-thread-1] INFO  server.RaftServerConfigKeys (ConfUtils.java:logGet(43)) - raft.server.log.statemachine.data.sync.timeout = 10s (default)
2019-09-25 06:40:27,976 [pool-237-thread-1] INFO  server.RaftServerConfigKeys (ConfUtils.java:logGet(43)) - raft.server.log.statemachine.data.sync.timeout.retry = -1 (default)
2019-09-25 06:40:27,976 [pool-237-thread-1] INFO  server.RaftServerConfigKeys (ConfUtils.java:logGet(43)) - raft.server.log.statemachine.data.caching.enabled = true (custom)
2019-09-25 06:40:27,976 [pool-237-thread-1] INFO  segmented.SegmentedRaftLogWorker (SegmentedRaftLogWorker.java:lambda$new$0(132)) - 4ef67e89-1d62-4370-ad00-484c653ab491@group-711521F40132-SegmentedRaftLogWorker: flushIndex: setUnconditionally 0 -> -1
2019-09-25 06:40:27,976 [pool-237-thread-1] INFO  server.RaftServerConfigKeys (ConfUtils.java:logGet(43)) - raft.server.snapshot.auto.trigger.enabled = true (custom)
2019-09-25 06:40:27,977 [pool-237-thread-1] INFO  server.RaftServerConfigKeys (ConfUtils.java:logGet(43)) - raft.server.snapshot.auto.trigger.threshold = 10000 (custom)
2019-09-25 06:40:27,977 [pool-237-thread-1] INFO  server.RaftServerConfigKeys (ConfUtils.java:logGet(43)) - raft.server.snapshot.retention.num.files = 5 (custom)
2019-09-25 06:40:27,977 [pool-237-thread-1] INFO  server.RaftServerConfigKeys (ConfUtils.java:logGet(43)) - raft.server.retrycache.expirytime = 600000ms (custom)
2019-09-25 06:40:27,979 [pool-237-thread-1] INFO  impl.RaftServerImpl (RaftServerImpl.java:start(185)) - 4ef67e89-1d62-4370-ad00-484c653ab491@group-711521F40132: start as a follower, conf=-1: [4ef67e89-1d62-4370-ad00-484c653ab491:192.168.164.207:42988], old=null
2019-09-25 06:40:27,979 [pool-237-thread-1] INFO  impl.RaftServerImpl (RaftServerImpl.java:setRole(174)) - 4ef67e89-1d62-4370-ad00-484c653ab491@group-711521F40132: changes role from      null to FOLLOWER at term 0 for startAsFollower
2019-09-25 06:40:27,979 [pool-237-thread-1] INFO  impl.RoleInfo (RoleInfo.java:updateAndGet(143)) - 4ef67e89-1d62-4370-ad00-484c653ab491: start FollowerState
2019-09-25 06:40:27,979 [pool-237-thread-1] INFO  util.JmxRegister (JmxRegister.java:tryRegister(44)) - Successfully registered JMX Bean with object name Ratis:service=RaftServer,group=group-711521F40132,id=4ef67e89-1d62-4370-ad00-484c653ab491
2019-09-25 06:40:27,985 [RatisPipelineUtilsThread] INFO  pipeline.PipelineStateManager (PipelineStateManager.java:addPipeline(56)) - Created pipeline Pipeline[ Id: a15a94e9-289b-4eb5-ae41-711521f40132, Nodes: 4ef67e89-1d62-4370-ad00-484c653ab491{ip: 192.168.164.207, host: pr-hdds-1569-s44lr-3492059363, networkLocation: /default-rack, certSerialId: null}, Type:RATIS, Factor:ONE, State:OPEN]
2019-09-25 06:40:27,986 [RatisPipelineUtilsThread] INFO  pipeline.PipelinePlacementPolicy (PipelinePlacementPolicy.java:meetCriteria(91)) - Pipeline Placement: can't place more pipeline on heavy datanode： 6904bcff-8c3f-4400-a757-50526e5abd46 Heaviness: 6 limit: 5
2019-09-25 06:40:27,996 [grpc-default-executor-0] INFO  impl.RaftServerProxy (RaftServerProxy.java:addNew(89)) - 571e9f02-d9f7-4eb1-bf23-fc203e64768a: addNew group-6A3D527BD4DE:[571e9f02-d9f7-4eb1-bf23-fc203e64768a:192.168.164.207:33483] returns group-6A3D527BD4DE:java.util.concurrent.CompletableFuture@4ba7a5fd[Not completed]
2019-09-25 06:40:27,998 [pool-247-thread-1] INFO  impl.RaftServerImpl (RaftServerImpl.java:<init>(95)) - 571e9f02-d9f7-4eb1-bf23-fc203e64768a: new RaftServerImpl for group-6A3D527BD4DE:[571e9f02-d9f7-4eb1-bf23-fc203e64768a:192.168.164.207:33483] with ContainerStateMachine:uninitialized
2019-09-25 06:40:27,999 [pool-247-thread-1] INFO  server.RaftServerConfigKeys (ConfUtils.java:logGet(43)) - raft.server.rpc.timeout.min = 5s (custom)
2019-09-25 06:40:27,999 [pool-247-thread-1] INFO  server.RaftServerConfigKeys (ConfUtils.java:logGet(43)) - raft.server.rpc.timeout.max = 5200ms (custom)
2019-09-25 06:40:28,000 [pool-247-thread-1] INFO  server.RaftServerConfigKeys (ConfUtils.java:logGet(43)) - raft.server.rpcslowness.timeout = 120s (custom)
2019-09-25 06:40:28,000 [pool-247-thread-1] INFO  server.RaftServerConfigKeys (ConfUtils.java:logGet(43)) - raft.server.sleep.deviation.threshold = 300 (default)
2019-09-25 06:40:28,000 [pool-247-thread-1] INFO  server.RaftServerConfigKeys (ConfUtils.java:logGet(43)) - raft.server.log.appender.install.snapshot.enabled = false (custom)
2019-09-25 06:40:28,000 [pool-247-thread-1] INFO  impl.RaftServerImpl (ServerState.java:<init>(103)) - 571e9f02-d9f7-4eb1-bf23-fc203e64768a@group-6A3D527BD4DE: ConfigurationManager, init=-1: [571e9f02-d9f7-4eb1-bf23-fc203e64768a:192.168.164.207:33483], old=null, confs=<EMPTY_MAP>
2019-09-25 06:40:28,000 [pool-247-thread-1] INFO  server.RaftServerConfigKeys (ConfUtils.java:logGet(43)) - raft.server.storage.dir = [/workdir/hadoop-ozone/ozonefs/target/test-dir/MiniOzoneClusterImpl-aba66c6d-a604-4a1f-b1c3-ce07fb6ed48b/datanode-2/data/ratis] (custom)
2019-09-25 06:40:28,001 [pool-247-thread-1] INFO  storage.RaftStorageDirectory (RaftStorageDirectory.java:analyzeStorage(246)) - The storage directory /workdir/hadoop-ozone/ozonefs/target/test-dir/MiniOzoneClusterImpl-aba66c6d-a604-4a1f-b1c3-ce07fb6ed48b/datanode-2/data/ratis/2ee55251-3d3c-40bc-b900-6a3d527bd4de does not exist. Creating ...
2019-09-25 06:40:28,016 [pool-247-thread-1] INFO  storage.RaftStorageDirectory (RaftStorageDirectory.java:tryLock(328)) - Lock on /workdir/hadoop-ozone/ozonefs/target/test-dir/MiniOzoneClusterImpl-aba66c6d-a604-4a1f-b1c3-ce07fb6ed48b/datanode-2/data/ratis/2ee55251-3d3c-40bc-b900-6a3d527bd4de/in_use.lock acquired by nodename 12697@pr-hdds-1569-s44lr-3492059363
2019-09-25 06:40:28,031 [pool-247-thread-1] INFO  storage.RaftStorage (RaftStorage.java:format(72)) - Storage directory /workdir/hadoop-ozone/ozonefs/target/test-dir/MiniOzoneClusterImpl-aba66c6d-a604-4a1f-b1c3-ce07fb6ed48b/datanode-2/data/ratis/2ee55251-3d3c-40bc-b900-6a3d527bd4de has been successfully formatted.
2019-09-25 06:40:28,031 [pool-247-thread-1] INFO  ratis.ContainerStateMachine (ContainerStateMachine.java:loadSnapshot(230)) - group-6A3D527BD4DE: The snapshot info is null. Setting the last applied indexto:(t:0, i:~)
2019-09-25 06:40:28,031 [pool-247-thread-1] INFO  server.RaftServerConfigKeys (ConfUtils.java:logGet(43)) - raft.server.notification.no-leader.timeout = 120s (custom)
2019-09-25 06:40:28,032 [pool-247-thread-1] INFO  server.RaftServerConfigKeys (ConfUtils.java:logGet(43)) - raft.server.log.use.memory = false (default)
2019-09-25 06:40:28,032 [pool-247-thread-1] INFO  server.RaftServerConfigKeys (ConfUtils.java:logGet(43)) - raft.server.log.purge.gap = 1000000 (custom)
2019-09-25 06:40:28,032 [pool-247-thread-1] INFO  server.RaftServerConfigKeys (ConfUtils.java:logGet(43)) - raft.server.log.appender.buffer.byte-limit = 33554432 (custom)
2019-09-25 06:40:28,032 [pool-247-thread-1] INFO  server.RaftServerConfigKeys (ConfUtils.java:logGet(43)) - raft.server.log.segment.size.max = 1048576 (custom)
2019-09-25 06:40:28,032 [pool-247-thread-1] INFO  server.RaftServerConfigKeys (ConfUtils.java:logGet(43)) - raft.server.log.segment.cache.num.max = 2 (custom)
2019-09-25 06:40:28,033 [pool-247-thread-1] INFO  segmented.SegmentedRaftLogWorker (SegmentedRaftLogWorker.java:<init>(172)) - new 571e9f02-d9f7-4eb1-bf23-fc203e64768a@group-6A3D527BD4DE-SegmentedRaftLogWorker for RaftStorage:Storage Directory /workdir/hadoop-ozone/ozonefs/target/test-dir/MiniOzoneClusterImpl-aba66c6d-a604-4a1f-b1c3-ce07fb6ed48b/datanode-2/data/ratis/2ee55251-3d3c-40bc-b900-6a3d527bd4de
2019-09-25 06:40:28,035 [pool-247-thread-1] INFO  server.RaftServerConfigKeys (ConfUtils.java:logGet(43)) - raft.server.log.queue.byte-limit = 2147483647 (custom)
2019-09-25 06:40:28,035 [pool-247-thread-1] INFO  server.RaftServerConfigKeys (ConfUtils.java:logGet(43)) - raft.server.log.queue.element-limit = 1024 (custom)
2019-09-25 06:40:28,036 [pool-247-thread-1] INFO  server.RaftServerConfigKeys (ConfUtils.java:logGet(43)) - raft.server.log.segment.size.max = 1048576 (custom)
2019-09-25 06:40:28,036 [pool-247-thread-1] INFO  server.RaftServerConfigKeys (ConfUtils.java:logGet(43)) - raft.server.log.preallocated.size = 16384 (custom)
2019-09-25 06:40:28,036 [pool-247-thread-1] INFO  server.RaftServerConfigKeys (ConfUtils.java:logGet(43)) - raft.server.log.write.buffer.size = 33554432 (custom)
2019-09-25 06:40:28,036 [pool-247-thread-1] INFO  server.RaftServerConfigKeys (ConfUtils.java:logGet(43)) - raft.server.log.force.sync.num = 128 (default)
2019-09-25 06:40:28,036 [pool-247-thread-1] INFO  server.RaftServerConfigKeys (ConfUtils.java:logGet(43)) - raft.server.log.statemachine.data.sync = true (default)
2019-09-25 06:40:28,036 [pool-247-thread-1] INFO  server.RaftServerConfigKeys (ConfUtils.java:logGet(43)) - raft.server.log.statemachine.data.sync.timeout = 10s (default)
2019-09-25 06:40:28,037 [pool-247-thread-1] INFO  server.RaftServerConfigKeys (ConfUtils.java:logGet(43)) - raft.server.log.statemachine.data.sync.timeout.retry = -1 (default)
2019-09-25 06:40:28,037 [pool-247-thread-1] INFO  server.RaftServerConfigKeys (ConfUtils.java:logGet(43)) - raft.server.log.statemachine.data.caching.enabled = true (custom)
2019-09-25 06:40:28,038 [pool-247-thread-1] INFO  segmented.SegmentedRaftLogWorker (SegmentedRaftLogWorker.java:lambda$new$0(132)) - 571e9f02-d9f7-4eb1-bf23-fc203e64768a@group-6A3D527BD4DE-SegmentedRaftLogWorker: flushIndex: setUnconditionally 0 -> -1
2019-09-25 06:40:28,038 [pool-247-thread-1] INFO  server.RaftServerConfigKeys (ConfUtils.java:logGet(43)) - raft.server.snapshot.auto.trigger.enabled = true (custom)
2019-09-25 06:40:28,038 [pool-247-thread-1] INFO  server.RaftServerConfigKeys (ConfUtils.java:logGet(43)) - raft.server.snapshot.auto.trigger.threshold = 10000 (custom)
2019-09-25 06:40:28,038 [pool-247-thread-1] INFO  server.RaftServerConfigKeys (ConfUtils.java:logGet(43)) - raft.server.snapshot.retention.num.files = 5 (custom)
2019-09-25 06:40:28,038 [pool-247-thread-1] INFO  server.RaftServerConfigKeys (ConfUtils.java:logGet(43)) - raft.server.retrycache.expirytime = 600000ms (custom)
2019-09-25 06:40:28,041 [pool-247-thread-1] INFO  impl.RaftServerImpl (RaftServerImpl.java:start(185)) - 571e9f02-d9f7-4eb1-bf23-fc203e64768a@group-6A3D527BD4DE: start as a follower, conf=-1: [571e9f02-d9f7-4eb1-bf23-fc203e64768a:192.168.164.207:33483], old=null
2019-09-25 06:40:28,041 [pool-247-thread-1] INFO  impl.RaftServerImpl (RaftServerImpl.java:setRole(174)) - 571e9f02-d9f7-4eb1-bf23-fc203e64768a@group-6A3D527BD4DE: changes role from      null to FOLLOWER at term 0 for startAsFollower
2019-09-25 06:40:28,041 [pool-247-thread-1] INFO  impl.RoleInfo (RoleInfo.java:updateAndGet(143)) - 571e9f02-d9f7-4eb1-bf23-fc203e64768a: start FollowerState
2019-09-25 06:40:28,042 [pool-247-thread-1] INFO  util.JmxRegister (JmxRegister.java:tryRegister(44)) - Successfully registered JMX Bean with object name Ratis:service=RaftServer,group=group-6A3D527BD4DE,id=571e9f02-d9f7-4eb1-bf23-fc203e64768a
2019-09-25 06:40:28,047 [RatisPipelineUtilsThread] INFO  pipeline.PipelineStateManager (PipelineStateManager.java:addPipeline(56)) - Created pipeline Pipeline[ Id: 2ee55251-3d3c-40bc-b900-6a3d527bd4de, Nodes: 571e9f02-d9f7-4eb1-bf23-fc203e64768a{ip: 192.168.164.207, host: pr-hdds-1569-s44lr-3492059363, networkLocation: /default-rack, certSerialId: null}, Type:RATIS, Factor:ONE, State:OPEN]
2019-09-25 06:40:28,047 [RatisPipelineUtilsThread] INFO  pipeline.PipelinePlacementPolicy (PipelinePlacementPolicy.java:meetCriteria(91)) - Pipeline Placement: can't place more pipeline on heavy datanode： 6904bcff-8c3f-4400-a757-50526e5abd46 Heaviness: 6 limit: 5
2019-09-25 06:40:28,056 [grpc-default-executor-0] INFO  impl.RaftServerProxy (RaftServerProxy.java:addNew(89)) - 571e9f02-d9f7-4eb1-bf23-fc203e64768a: addNew group-F3B610D8A1BD:[571e9f02-d9f7-4eb1-bf23-fc203e64768a:192.168.164.207:33483] returns group-F3B610D8A1BD:java.util.concurrent.CompletableFuture@187225de[Not completed]
2019-09-25 06:40:28,059 [pool-247-thread-1] INFO  impl.RaftServerImpl (RaftServerImpl.java:<init>(95)) - 571e9f02-d9f7-4eb1-bf23-fc203e64768a: new RaftServerImpl for group-F3B610D8A1BD:[571e9f02-d9f7-4eb1-bf23-fc203e64768a:192.168.164.207:33483] with ContainerStateMachine:uninitialized
2019-09-25 06:40:28,059 [pool-247-thread-1] INFO  server.RaftServerConfigKeys (ConfUtils.java:logGet(43)) - raft.server.rpc.timeout.min = 5s (custom)
2019-09-25 06:40:28,059 [pool-247-thread-1] INFO  server.RaftServerConfigKeys (ConfUtils.java:logGet(43)) - raft.server.rpc.timeout.max = 5200ms (custom)
2019-09-25 06:40:28,059 [pool-247-thread-1] INFO  server.RaftServerConfigKeys (ConfUtils.java:logGet(43)) - raft.server.rpcslowness.timeout = 120s (custom)
2019-09-25 06:40:28,059 [pool-247-thread-1] INFO  server.RaftServerConfigKeys (ConfUtils.java:logGet(43)) - raft.server.sleep.deviation.threshold = 300 (default)
2019-09-25 06:40:28,059 [pool-247-thread-1] INFO  server.RaftServerConfigKeys (ConfUtils.java:logGet(43)) - raft.server.log.appender.install.snapshot.enabled = false (custom)
2019-09-25 06:40:28,060 [pool-247-thread-1] INFO  impl.RaftServerImpl (ServerState.java:<init>(103)) - 571e9f02-d9f7-4eb1-bf23-fc203e64768a@group-F3B610D8A1BD: ConfigurationManager, init=-1: [571e9f02-d9f7-4eb1-bf23-fc203e64768a:192.168.164.207:33483], old=null, confs=<EMPTY_MAP>
2019-09-25 06:40:28,060 [pool-247-thread-1] INFO  server.RaftServerConfigKeys (ConfUtils.java:logGet(43)) - raft.server.storage.dir = [/workdir/hadoop-ozone/ozonefs/target/test-dir/MiniOzoneClusterImpl-aba66c6d-a604-4a1f-b1c3-ce07fb6ed48b/datanode-2/data/ratis] (custom)
2019-09-25 06:40:28,060 [pool-247-thread-1] INFO  storage.RaftStorageDirectory (RaftStorageDirectory.java:analyzeStorage(246)) - The storage directory /workdir/hadoop-ozone/ozonefs/target/test-dir/MiniOzoneClusterImpl-aba66c6d-a604-4a1f-b1c3-ce07fb6ed48b/datanode-2/data/ratis/6a9f616b-8543-405e-a0e6-f3b610d8a1bd does not exist. Creating ...
2019-09-25 06:40:28,073 [pool-247-thread-1] INFO  storage.RaftStorageDirectory (RaftStorageDirectory.java:tryLock(328)) - Lock on /workdir/hadoop-ozone/ozonefs/target/test-dir/MiniOzoneClusterImpl-aba66c6d-a604-4a1f-b1c3-ce07fb6ed48b/datanode-2/data/ratis/6a9f616b-8543-405e-a0e6-f3b610d8a1bd/in_use.lock acquired by nodename 12697@pr-hdds-1569-s44lr-3492059363
2019-09-25 06:40:28,086 [pool-247-thread-1] INFO  storage.RaftStorage (RaftStorage.java:format(72)) - Storage directory /workdir/hadoop-ozone/ozonefs/target/test-dir/MiniOzoneClusterImpl-aba66c6d-a604-4a1f-b1c3-ce07fb6ed48b/datanode-2/data/ratis/6a9f616b-8543-405e-a0e6-f3b610d8a1bd has been successfully formatted.
2019-09-25 06:40:28,086 [pool-247-thread-1] INFO  ratis.ContainerStateMachine (ContainerStateMachine.java:loadSnapshot(230)) - group-F3B610D8A1BD: The snapshot info is null. Setting the last applied indexto:(t:0, i:~)
2019-09-25 06:40:28,087 [pool-247-thread-1] INFO  server.RaftServerConfigKeys (ConfUtils.java:logGet(43)) - raft.server.notification.no-leader.timeout = 120s (custom)
2019-09-25 06:40:28,087 [pool-247-thread-1] INFO  server.RaftServerConfigKeys (ConfUtils.java:logGet(43)) - raft.server.log.use.memory = false (default)
2019-09-25 06:40:28,087 [pool-247-thread-1] INFO  server.RaftServerConfigKeys (ConfUtils.java:logGet(43)) - raft.server.log.purge.gap = 1000000 (custom)
2019-09-25 06:40:28,087 [pool-247-thread-1] INFO  server.RaftServerConfigKeys (ConfUtils.java:logGet(43)) - raft.server.log.appender.buffer.byte-limit = 33554432 (custom)
2019-09-25 06:40:28,087 [pool-247-thread-1] INFO  server.RaftServerConfigKeys (ConfUtils.java:logGet(43)) - raft.server.log.segment.size.max = 1048576 (custom)
2019-09-25 06:40:28,087 [pool-247-thread-1] INFO  server.RaftServerConfigKeys (ConfUtils.java:logGet(43)) - raft.server.log.segment.cache.num.max = 2 (custom)
2019-09-25 06:40:28,088 [pool-247-thread-1] INFO  segmented.SegmentedRaftLogWorker (SegmentedRaftLogWorker.java:<init>(172)) - new 571e9f02-d9f7-4eb1-bf23-fc203e64768a@group-F3B610D8A1BD-SegmentedRaftLogWorker for RaftStorage:Storage Directory /workdir/hadoop-ozone/ozonefs/target/test-dir/MiniOzoneClusterImpl-aba66c6d-a604-4a1f-b1c3-ce07fb6ed48b/datanode-2/data/ratis/6a9f616b-8543-405e-a0e6-f3b610d8a1bd
2019-09-25 06:40:28,088 [pool-247-thread-1] INFO  server.RaftServerConfigKeys (ConfUtils.java:logGet(43)) - raft.server.log.queue.byte-limit = 2147483647 (custom)
2019-09-25 06:40:28,088 [pool-247-thread-1] INFO  server.RaftServerConfigKeys (ConfUtils.java:logGet(43)) - raft.server.log.queue.element-limit = 1024 (custom)
2019-09-25 06:40:28,088 [pool-247-thread-1] INFO  server.RaftServerConfigKeys (ConfUtils.java:logGet(43)) - raft.server.log.segment.size.max = 1048576 (custom)
2019-09-25 06:40:28,088 [pool-247-thread-1] INFO  server.RaftServerConfigKeys (ConfUtils.java:logGet(43)) - raft.server.log.preallocated.size = 16384 (custom)
2019-09-25 06:40:28,088 [pool-247-thread-1] INFO  server.RaftServerConfigKeys (ConfUtils.java:logGet(43)) - raft.server.log.write.buffer.size = 33554432 (custom)
2019-09-25 06:40:28,088 [pool-247-thread-1] INFO  server.RaftServerConfigKeys (ConfUtils.java:logGet(43)) - raft.server.log.force.sync.num = 128 (default)
2019-09-25 06:40:28,088 [pool-247-thread-1] INFO  server.RaftServerConfigKeys (ConfUtils.java:logGet(43)) - raft.server.log.statemachine.data.sync = true (default)
2019-09-25 06:40:28,089 [pool-247-thread-1] INFO  server.RaftServerConfigKeys (ConfUtils.java:logGet(43)) - raft.server.log.statemachine.data.sync.timeout = 10s (default)
2019-09-25 06:40:28,089 [pool-247-thread-1] INFO  server.RaftServerConfigKeys (ConfUtils.java:logGet(43)) - raft.server.log.statemachine.data.sync.timeout.retry = -1 (default)
2019-09-25 06:40:28,089 [pool-247-thread-1] INFO  server.RaftServerConfigKeys (ConfUtils.java:logGet(43)) - raft.server.log.statemachine.data.caching.enabled = true (custom)
2019-09-25 06:40:28,089 [pool-247-thread-1] INFO  segmented.SegmentedRaftLogWorker (SegmentedRaftLogWorker.java:lambda$new$0(132)) - 571e9f02-d9f7-4eb1-bf23-fc203e64768a@group-F3B610D8A1BD-SegmentedRaftLogWorker: flushIndex: setUnconditionally 0 -> -1
2019-09-25 06:40:28,089 [pool-247-thread-1] INFO  server.RaftServerConfigKeys (ConfUtils.java:logGet(43)) - raft.server.snapshot.auto.trigger.enabled = true (custom)
2019-09-25 06:40:28,090 [pool-247-thread-1] INFO  server.RaftServerConfigKeys (ConfUtils.java:logGet(43)) - raft.server.snapshot.auto.trigger.threshold = 10000 (custom)
2019-09-25 06:40:28,090 [pool-247-thread-1] INFO  server.RaftServerConfigKeys (ConfUtils.java:logGet(43)) - raft.server.snapshot.retention.num.files = 5 (custom)
2019-09-25 06:40:28,090 [pool-247-thread-1] INFO  server.RaftServerConfigKeys (ConfUtils.java:logGet(43)) - raft.server.retrycache.expirytime = 600000ms (custom)
2019-09-25 06:40:28,092 [pool-247-thread-1] INFO  impl.RaftServerImpl (RaftServerImpl.java:start(185)) - 571e9f02-d9f7-4eb1-bf23-fc203e64768a@group-F3B610D8A1BD: start as a follower, conf=-1: [571e9f02-d9f7-4eb1-bf23-fc203e64768a:192.168.164.207:33483], old=null
2019-09-25 06:40:28,092 [pool-247-thread-1] INFO  impl.RaftServerImpl (RaftServerImpl.java:setRole(174)) - 571e9f02-d9f7-4eb1-bf23-fc203e64768a@group-F3B610D8A1BD: changes role from      null to FOLLOWER at term 0 for startAsFollower
2019-09-25 06:40:28,092 [pool-247-thread-1] INFO  impl.RoleInfo (RoleInfo.java:updateAndGet(143)) - 571e9f02-d9f7-4eb1-bf23-fc203e64768a: start FollowerState
2019-09-25 06:40:28,092 [pool-247-thread-1] INFO  util.JmxRegister (JmxRegister.java:tryRegister(44)) - Successfully registered JMX Bean with object name Ratis:service=RaftServer,group=group-F3B610D8A1BD,id=571e9f02-d9f7-4eb1-bf23-fc203e64768a
2019-09-25 06:40:28,098 [RatisPipelineUtilsThread] INFO  pipeline.PipelineStateManager (PipelineStateManager.java:addPipeline(56)) - Created pipeline Pipeline[ Id: 6a9f616b-8543-405e-a0e6-f3b610d8a1bd, Nodes: 571e9f02-d9f7-4eb1-bf23-fc203e64768a{ip: 192.168.164.207, host: pr-hdds-1569-s44lr-3492059363, networkLocation: /default-rack, certSerialId: null}, Type:RATIS, Factor:ONE, State:OPEN]
2019-09-25 06:40:28,098 [RatisPipelineUtilsThread] INFO  pipeline.PipelinePlacementPolicy (PipelinePlacementPolicy.java:meetCriteria(91)) - Pipeline Placement: can't place more pipeline on heavy datanode： 6904bcff-8c3f-4400-a757-50526e5abd46 Heaviness: 6 limit: 5
2019-09-25 06:40:28,105 [grpc-default-executor-0] INFO  impl.RaftServerProxy (RaftServerProxy.java:addNew(89)) - 4ef67e89-1d62-4370-ad00-484c653ab491: addNew group-61F0BFD3647C:[4ef67e89-1d62-4370-ad00-484c653ab491:192.168.164.207:42988] returns group-61F0BFD3647C:java.util.concurrent.CompletableFuture@7fe7e9ba[Not completed]
2019-09-25 06:40:28,106 [pool-237-thread-1] INFO  impl.RaftServerImpl (RaftServerImpl.java:<init>(95)) - 4ef67e89-1d62-4370-ad00-484c653ab491: new RaftServerImpl for group-61F0BFD3647C:[4ef67e89-1d62-4370-ad00-484c653ab491:192.168.164.207:42988] with ContainerStateMachine:uninitialized
2019-09-25 06:40:28,107 [pool-237-thread-1] INFO  server.RaftServerConfigKeys (ConfUtils.java:logGet(43)) - raft.server.rpc.timeout.min = 5s (custom)
2019-09-25 06:40:28,107 [pool-237-thread-1] INFO  server.RaftServerConfigKeys (ConfUtils.java:logGet(43)) - raft.server.rpc.timeout.max = 5200ms (custom)
2019-09-25 06:40:28,107 [pool-237-thread-1] INFO  server.RaftServerConfigKeys (ConfUtils.java:logGet(43)) - raft.server.rpcslowness.timeout = 120s (custom)
2019-09-25 06:40:28,107 [pool-237-thread-1] INFO  server.RaftServerConfigKeys (ConfUtils.java:logGet(43)) - raft.server.sleep.deviation.threshold = 300 (default)
2019-09-25 06:40:28,107 [pool-237-thread-1] INFO  server.RaftServerConfigKeys (ConfUtils.java:logGet(43)) - raft.server.log.appender.install.snapshot.enabled = false (custom)
2019-09-25 06:40:28,107 [pool-237-thread-1] INFO  impl.RaftServerImpl (ServerState.java:<init>(103)) - 4ef67e89-1d62-4370-ad00-484c653ab491@group-61F0BFD3647C: ConfigurationManager, init=-1: [4ef67e89-1d62-4370-ad00-484c653ab491:192.168.164.207:42988], old=null, confs=<EMPTY_MAP>
2019-09-25 06:40:28,107 [pool-237-thread-1] INFO  server.RaftServerConfigKeys (ConfUtils.java:logGet(43)) - raft.server.storage.dir = [/workdir/hadoop-ozone/ozonefs/target/test-dir/MiniOzoneClusterImpl-aba66c6d-a604-4a1f-b1c3-ce07fb6ed48b/datanode-1/data/ratis] (custom)
2019-09-25 06:40:28,108 [pool-237-thread-1] INFO  storage.RaftStorageDirectory (RaftStorageDirectory.java:analyzeStorage(246)) - The storage directory /workdir/hadoop-ozone/ozonefs/target/test-dir/MiniOzoneClusterImpl-aba66c6d-a604-4a1f-b1c3-ce07fb6ed48b/datanode-1/data/ratis/6eff9c25-56b4-472a-961c-61f0bfd3647c does not exist. Creating ...
2019-09-25 06:40:28,120 [pool-237-thread-1] INFO  storage.RaftStorageDirectory (RaftStorageDirectory.java:tryLock(328)) - Lock on /workdir/hadoop-ozone/ozonefs/target/test-dir/MiniOzoneClusterImpl-aba66c6d-a604-4a1f-b1c3-ce07fb6ed48b/datanode-1/data/ratis/6eff9c25-56b4-472a-961c-61f0bfd3647c/in_use.lock acquired by nodename 12697@pr-hdds-1569-s44lr-3492059363
2019-09-25 06:40:28,133 [pool-237-thread-1] INFO  storage.RaftStorage (RaftStorage.java:format(72)) - Storage directory /workdir/hadoop-ozone/ozonefs/target/test-dir/MiniOzoneClusterImpl-aba66c6d-a604-4a1f-b1c3-ce07fb6ed48b/datanode-1/data/ratis/6eff9c25-56b4-472a-961c-61f0bfd3647c has been successfully formatted.
2019-09-25 06:40:28,134 [pool-237-thread-1] INFO  ratis.ContainerStateMachine (ContainerStateMachine.java:loadSnapshot(230)) - group-61F0BFD3647C: The snapshot info is null. Setting the last applied indexto:(t:0, i:~)
2019-09-25 06:40:28,134 [pool-237-thread-1] INFO  server.RaftServerConfigKeys (ConfUtils.java:logGet(43)) - raft.server.notification.no-leader.timeout = 120s (custom)
2019-09-25 06:40:28,134 [pool-237-thread-1] INFO  server.RaftServerConfigKeys (ConfUtils.java:logGet(43)) - raft.server.log.use.memory = false (default)
2019-09-25 06:40:28,134 [pool-237-thread-1] INFO  server.RaftServerConfigKeys (ConfUtils.java:logGet(43)) - raft.server.log.purge.gap = 1000000 (custom)
2019-09-25 06:40:28,134 [pool-237-thread-1] INFO  server.RaftServerConfigKeys (ConfUtils.java:logGet(43)) - raft.server.log.appender.buffer.byte-limit = 33554432 (custom)
2019-09-25 06:40:28,134 [pool-237-thread-1] INFO  server.RaftServerConfigKeys (ConfUtils.java:logGet(43)) - raft.server.log.segment.size.max = 1048576 (custom)
2019-09-25 06:40:28,135 [pool-237-thread-1] INFO  server.RaftServerConfigKeys (ConfUtils.java:logGet(43)) - raft.server.log.segment.cache.num.max = 2 (custom)
2019-09-25 06:40:28,135 [pool-237-thread-1] INFO  segmented.SegmentedRaftLogWorker (SegmentedRaftLogWorker.java:<init>(172)) - new 4ef67e89-1d62-4370-ad00-484c653ab491@group-61F0BFD3647C-SegmentedRaftLogWorker for RaftStorage:Storage Directory /workdir/hadoop-ozone/ozonefs/target/test-dir/MiniOzoneClusterImpl-aba66c6d-a604-4a1f-b1c3-ce07fb6ed48b/datanode-1/data/ratis/6eff9c25-56b4-472a-961c-61f0bfd3647c
2019-09-25 06:40:28,135 [pool-237-thread-1] INFO  server.RaftServerConfigKeys (ConfUtils.java:logGet(43)) - raft.server.log.queue.byte-limit = 2147483647 (custom)
2019-09-25 06:40:28,135 [pool-237-thread-1] INFO  server.RaftServerConfigKeys (ConfUtils.java:logGet(43)) - raft.server.log.queue.element-limit = 1024 (custom)
2019-09-25 06:40:28,135 [pool-237-thread-1] INFO  server.RaftServerConfigKeys (ConfUtils.java:logGet(43)) - raft.server.log.segment.size.max = 1048576 (custom)
2019-09-25 06:40:28,135 [pool-237-thread-1] INFO  server.RaftServerConfigKeys (ConfUtils.java:logGet(43)) - raft.server.log.preallocated.size = 16384 (custom)
2019-09-25 06:40:28,136 [pool-237-thread-1] INFO  server.RaftServerConfigKeys (ConfUtils.java:logGet(43)) - raft.server.log.write.buffer.size = 33554432 (custom)
2019-09-25 06:40:28,136 [pool-237-thread-1] INFO  server.RaftServerConfigKeys (ConfUtils.java:logGet(43)) - raft.server.log.force.sync.num = 128 (default)
2019-09-25 06:40:28,136 [pool-237-thread-1] INFO  server.RaftServerConfigKeys (ConfUtils.java:logGet(43)) - raft.server.log.statemachine.data.sync = true (default)
2019-09-25 06:40:28,136 [pool-237-thread-1] INFO  server.RaftServerConfigKeys (ConfUtils.java:logGet(43)) - raft.server.log.statemachine.data.sync.timeout = 10s (default)
2019-09-25 06:40:28,136 [pool-237-thread-1] INFO  server.RaftServerConfigKeys (ConfUtils.java:logGet(43)) - raft.server.log.statemachine.data.sync.timeout.retry = -1 (default)
2019-09-25 06:40:28,136 [pool-237-thread-1] INFO  server.RaftServerConfigKeys (ConfUtils.java:logGet(43)) - raft.server.log.statemachine.data.caching.enabled = true (custom)
2019-09-25 06:40:28,137 [pool-237-thread-1] INFO  segmented.SegmentedRaftLogWorker (SegmentedRaftLogWorker.java:lambda$new$0(132)) - 4ef67e89-1d62-4370-ad00-484c653ab491@group-61F0BFD3647C-SegmentedRaftLogWorker: flushIndex: setUnconditionally 0 -> -1
2019-09-25 06:40:28,137 [pool-237-thread-1] INFO  server.RaftServerConfigKeys (ConfUtils.java:logGet(43)) - raft.server.snapshot.auto.trigger.enabled = true (custom)
2019-09-25 06:40:28,137 [pool-237-thread-1] INFO  server.RaftServerConfigKeys (ConfUtils.java:logGet(43)) - raft.server.snapshot.auto.trigger.threshold = 10000 (custom)
2019-09-25 06:40:28,137 [pool-237-thread-1] INFO  server.RaftServerConfigKeys (ConfUtils.java:logGet(43)) - raft.server.snapshot.retention.num.files = 5 (custom)
2019-09-25 06:40:28,138 [pool-237-thread-1] INFO  server.RaftServerConfigKeys (ConfUtils.java:logGet(43)) - raft.server.retrycache.expirytime = 600000ms (custom)
2019-09-25 06:40:28,140 [pool-237-thread-1] INFO  impl.RaftServerImpl (RaftServerImpl.java:start(185)) - 4ef67e89-1d62-4370-ad00-484c653ab491@group-61F0BFD3647C: start as a follower, conf=-1: [4ef67e89-1d62-4370-ad00-484c653ab491:192.168.164.207:42988], old=null
2019-09-25 06:40:28,140 [pool-237-thread-1] INFO  impl.RaftServerImpl (RaftServerImpl.java:setRole(174)) - 4ef67e89-1d62-4370-ad00-484c653ab491@group-61F0BFD3647C: changes role from      null to FOLLOWER at term 0 for startAsFollower
2019-09-25 06:40:28,140 [pool-237-thread-1] INFO  impl.RoleInfo (RoleInfo.java:updateAndGet(143)) - 4ef67e89-1d62-4370-ad00-484c653ab491: start FollowerState
2019-09-25 06:40:28,140 [pool-237-thread-1] INFO  util.JmxRegister (JmxRegister.java:tryRegister(44)) - Successfully registered JMX Bean with object name Ratis:service=RaftServer,group=group-61F0BFD3647C,id=4ef67e89-1d62-4370-ad00-484c653ab491
2019-09-25 06:40:28,145 [RatisPipelineUtilsThread] INFO  pipeline.PipelineStateManager (PipelineStateManager.java:addPipeline(56)) - Created pipeline Pipeline[ Id: 6eff9c25-56b4-472a-961c-61f0bfd3647c, Nodes: 4ef67e89-1d62-4370-ad00-484c653ab491{ip: 192.168.164.207, host: pr-hdds-1569-s44lr-3492059363, networkLocation: /default-rack, certSerialId: null}, Type:RATIS, Factor:ONE, State:OPEN]
2019-09-25 06:40:28,145 [RatisPipelineUtilsThread] INFO  pipeline.PipelinePlacementPolicy (PipelinePlacementPolicy.java:meetCriteria(91)) - Pipeline Placement: can't place more pipeline on heavy datanode： 6904bcff-8c3f-4400-a757-50526e5abd46 Heaviness: 6 limit: 5
2019-09-25 06:40:28,153 [grpc-default-executor-0] INFO  impl.RaftServerProxy (RaftServerProxy.java:addNew(89)) - 4ef67e89-1d62-4370-ad00-484c653ab491: addNew group-74A69C1E1B9C:[4ef67e89-1d62-4370-ad00-484c653ab491:192.168.164.207:42988] returns group-74A69C1E1B9C:java.util.concurrent.CompletableFuture@7f4d8e9c[Not completed]
2019-09-25 06:40:28,154 [pool-237-thread-1] INFO  impl.RaftServerImpl (RaftServerImpl.java:<init>(95)) - 4ef67e89-1d62-4370-ad00-484c653ab491: new RaftServerImpl for group-74A69C1E1B9C:[4ef67e89-1d62-4370-ad00-484c653ab491:192.168.164.207:42988] with ContainerStateMachine:uninitialized
2019-09-25 06:40:28,154 [pool-237-thread-1] INFO  server.RaftServerConfigKeys (ConfUtils.java:logGet(43)) - raft.server.rpc.timeout.min = 5s (custom)
2019-09-25 06:40:28,155 [pool-237-thread-1] INFO  server.RaftServerConfigKeys (ConfUtils.java:logGet(43)) - raft.server.rpc.timeout.max = 5200ms (custom)
2019-09-25 06:40:28,155 [pool-237-thread-1] INFO  server.RaftServerConfigKeys (ConfUtils.java:logGet(43)) - raft.server.rpcslowness.timeout = 120s (custom)
2019-09-25 06:40:28,155 [pool-237-thread-1] INFO  server.RaftServerConfigKeys (ConfUtils.java:logGet(43)) - raft.server.sleep.deviation.threshold = 300 (default)
2019-09-25 06:40:28,155 [pool-237-thread-1] INFO  server.RaftServerConfigKeys (ConfUtils.java:logGet(43)) - raft.server.log.appender.install.snapshot.enabled = false (custom)
2019-09-25 06:40:28,155 [pool-237-thread-1] INFO  impl.RaftServerImpl (ServerState.java:<init>(103)) - 4ef67e89-1d62-4370-ad00-484c653ab491@group-74A69C1E1B9C: ConfigurationManager, init=-1: [4ef67e89-1d62-4370-ad00-484c653ab491:192.168.164.207:42988], old=null, confs=<EMPTY_MAP>
2019-09-25 06:40:28,155 [pool-237-thread-1] INFO  server.RaftServerConfigKeys (ConfUtils.java:logGet(43)) - raft.server.storage.dir = [/workdir/hadoop-ozone/ozonefs/target/test-dir/MiniOzoneClusterImpl-aba66c6d-a604-4a1f-b1c3-ce07fb6ed48b/datanode-1/data/ratis] (custom)
2019-09-25 06:40:28,156 [pool-237-thread-1] INFO  storage.RaftStorageDirectory (RaftStorageDirectory.java:analyzeStorage(246)) - The storage directory /workdir/hadoop-ozone/ozonefs/target/test-dir/MiniOzoneClusterImpl-aba66c6d-a604-4a1f-b1c3-ce07fb6ed48b/datanode-1/data/ratis/fabac811-21dc-412c-aa17-74a69c1e1b9c does not exist. Creating ...
2019-09-25 06:40:28,171 [pool-237-thread-1] INFO  storage.RaftStorageDirectory (RaftStorageDirectory.java:tryLock(328)) - Lock on /workdir/hadoop-ozone/ozonefs/target/test-dir/MiniOzoneClusterImpl-aba66c6d-a604-4a1f-b1c3-ce07fb6ed48b/datanode-1/data/ratis/fabac811-21dc-412c-aa17-74a69c1e1b9c/in_use.lock acquired by nodename 12697@pr-hdds-1569-s44lr-3492059363
2019-09-25 06:40:28,184 [pool-237-thread-1] INFO  storage.RaftStorage (RaftStorage.java:format(72)) - Storage directory /workdir/hadoop-ozone/ozonefs/target/test-dir/MiniOzoneClusterImpl-aba66c6d-a604-4a1f-b1c3-ce07fb6ed48b/datanode-1/data/ratis/fabac811-21dc-412c-aa17-74a69c1e1b9c has been successfully formatted.
2019-09-25 06:40:28,185 [pool-237-thread-1] INFO  ratis.ContainerStateMachine (ContainerStateMachine.java:loadSnapshot(230)) - group-74A69C1E1B9C: The snapshot info is null. Setting the last applied indexto:(t:0, i:~)
2019-09-25 06:40:28,185 [pool-237-thread-1] INFO  server.RaftServerConfigKeys (ConfUtils.java:logGet(43)) - raft.server.notification.no-leader.timeout = 120s (custom)
2019-09-25 06:40:28,185 [pool-237-thread-1] INFO  server.RaftServerConfigKeys (ConfUtils.java:logGet(43)) - raft.server.log.use.memory = false (default)
2019-09-25 06:40:28,185 [pool-237-thread-1] INFO  server.RaftServerConfigKeys (ConfUtils.java:logGet(43)) - raft.server.log.purge.gap = 1000000 (custom)
2019-09-25 06:40:28,185 [pool-237-thread-1] INFO  server.RaftServerConfigKeys (ConfUtils.java:logGet(43)) - raft.server.log.appender.buffer.byte-limit = 33554432 (custom)
2019-09-25 06:40:28,185 [pool-237-thread-1] INFO  server.RaftServerConfigKeys (ConfUtils.java:logGet(43)) - raft.server.log.segment.size.max = 1048576 (custom)
2019-09-25 06:40:28,185 [pool-237-thread-1] INFO  server.RaftServerConfigKeys (ConfUtils.java:logGet(43)) - raft.server.log.segment.cache.num.max = 2 (custom)
2019-09-25 06:40:28,186 [pool-237-thread-1] INFO  segmented.SegmentedRaftLogWorker (SegmentedRaftLogWorker.java:<init>(172)) - new 4ef67e89-1d62-4370-ad00-484c653ab491@group-74A69C1E1B9C-SegmentedRaftLogWorker for RaftStorage:Storage Directory /workdir/hadoop-ozone/ozonefs/target/test-dir/MiniOzoneClusterImpl-aba66c6d-a604-4a1f-b1c3-ce07fb6ed48b/datanode-1/data/ratis/fabac811-21dc-412c-aa17-74a69c1e1b9c
2019-09-25 06:40:28,186 [pool-237-thread-1] INFO  server.RaftServerConfigKeys (ConfUtils.java:logGet(43)) - raft.server.log.queue.byte-limit = 2147483647 (custom)
2019-09-25 06:40:28,186 [pool-237-thread-1] INFO  server.RaftServerConfigKeys (ConfUtils.java:logGet(43)) - raft.server.log.queue.element-limit = 1024 (custom)
2019-09-25 06:40:28,186 [pool-237-thread-1] INFO  server.RaftServerConfigKeys (ConfUtils.java:logGet(43)) - raft.server.log.segment.size.max = 1048576 (custom)
2019-09-25 06:40:28,186 [pool-237-thread-1] INFO  server.RaftServerConfigKeys (ConfUtils.java:logGet(43)) - raft.server.log.preallocated.size = 16384 (custom)
2019-09-25 06:40:28,186 [pool-237-thread-1] INFO  server.RaftServerConfigKeys (ConfUtils.java:logGet(43)) - raft.server.log.write.buffer.size = 33554432 (custom)
2019-09-25 06:40:28,186 [pool-237-thread-1] INFO  server.RaftServerConfigKeys (ConfUtils.java:logGet(43)) - raft.server.log.force.sync.num = 128 (default)
2019-09-25 06:40:28,187 [pool-237-thread-1] INFO  server.RaftServerConfigKeys (ConfUtils.java:logGet(43)) - raft.server.log.statemachine.data.sync = true (default)
2019-09-25 06:40:28,187 [pool-237-thread-1] INFO  server.RaftServerConfigKeys (ConfUtils.java:logGet(43)) - raft.server.log.statemachine.data.sync.timeout = 10s (default)
2019-09-25 06:40:28,187 [pool-237-thread-1] INFO  server.RaftServerConfigKeys (ConfUtils.java:logGet(43)) - raft.server.log.statemachine.data.sync.timeout.retry = -1 (default)
2019-09-25 06:40:28,187 [pool-237-thread-1] INFO  server.RaftServerConfigKeys (ConfUtils.java:logGet(43)) - raft.server.log.statemachine.data.caching.enabled = true (custom)
2019-09-25 06:40:28,188 [pool-237-thread-1] INFO  segmented.SegmentedRaftLogWorker (SegmentedRaftLogWorker.java:lambda$new$0(132)) - 4ef67e89-1d62-4370-ad00-484c653ab491@group-74A69C1E1B9C-SegmentedRaftLogWorker: flushIndex: setUnconditionally 0 -> -1
2019-09-25 06:40:28,188 [pool-237-thread-1] INFO  server.RaftServerConfigKeys (ConfUtils.java:logGet(43)) - raft.server.snapshot.auto.trigger.enabled = true (custom)
2019-09-25 06:40:28,188 [pool-237-thread-1] INFO  server.RaftServerConfigKeys (ConfUtils.java:logGet(43)) - raft.server.snapshot.auto.trigger.threshold = 10000 (custom)
2019-09-25 06:40:28,188 [pool-237-thread-1] INFO  server.RaftServerConfigKeys (ConfUtils.java:logGet(43)) - raft.server.snapshot.retention.num.files = 5 (custom)
2019-09-25 06:40:28,189 [pool-237-thread-1] INFO  server.RaftServerConfigKeys (ConfUtils.java:logGet(43)) - raft.server.retrycache.expirytime = 600000ms (custom)
2019-09-25 06:40:28,191 [pool-237-thread-1] INFO  impl.RaftServerImpl (RaftServerImpl.java:start(185)) - 4ef67e89-1d62-4370-ad00-484c653ab491@group-74A69C1E1B9C: start as a follower, conf=-1: [4ef67e89-1d62-4370-ad00-484c653ab491:192.168.164.207:42988], old=null
2019-09-25 06:40:28,191 [pool-237-thread-1] INFO  impl.RaftServerImpl (RaftServerImpl.java:setRole(174)) - 4ef67e89-1d62-4370-ad00-484c653ab491@group-74A69C1E1B9C: changes role from      null to FOLLOWER at term 0 for startAsFollower
2019-09-25 06:40:28,191 [pool-237-thread-1] INFO  impl.RoleInfo (RoleInfo.java:updateAndGet(143)) - 4ef67e89-1d62-4370-ad00-484c653ab491: start FollowerState
2019-09-25 06:40:28,191 [pool-237-thread-1] INFO  util.JmxRegister (JmxRegister.java:tryRegister(44)) - Successfully registered JMX Bean with object name Ratis:service=RaftServer,group=group-74A69C1E1B9C,id=4ef67e89-1d62-4370-ad00-484c653ab491
2019-09-25 06:40:28,196 [RatisPipelineUtilsThread] INFO  pipeline.PipelineStateManager (PipelineStateManager.java:addPipeline(56)) - Created pipeline Pipeline[ Id: fabac811-21dc-412c-aa17-74a69c1e1b9c, Nodes: 4ef67e89-1d62-4370-ad00-484c653ab491{ip: 192.168.164.207, host: pr-hdds-1569-s44lr-3492059363, networkLocation: /default-rack, certSerialId: null}, Type:RATIS, Factor:ONE, State:OPEN]
2019-09-25 06:40:28,196 [RatisPipelineUtilsThread] INFO  pipeline.PipelinePlacementPolicy (PipelinePlacementPolicy.java:meetCriteria(91)) - Pipeline Placement: can't place more pipeline on heavy datanode： 6904bcff-8c3f-4400-a757-50526e5abd46 Heaviness: 6 limit: 5
2019-09-25 06:40:28,203 [grpc-default-executor-0] INFO  impl.RaftServerProxy (RaftServerProxy.java:addNew(89)) - 4ef67e89-1d62-4370-ad00-484c653ab491: addNew group-9FBC58DB55A7:[4ef67e89-1d62-4370-ad00-484c653ab491:192.168.164.207:42988] returns group-9FBC58DB55A7:java.util.concurrent.CompletableFuture@7f171045[Not completed]
2019-09-25 06:40:28,204 [pool-237-thread-1] INFO  impl.RaftServerImpl (RaftServerImpl.java:<init>(95)) - 4ef67e89-1d62-4370-ad00-484c653ab491: new RaftServerImpl for group-9FBC58DB55A7:[4ef67e89-1d62-4370-ad00-484c653ab491:192.168.164.207:42988] with ContainerStateMachine:uninitialized
2019-09-25 06:40:28,204 [pool-237-thread-1] INFO  server.RaftServerConfigKeys (ConfUtils.java:logGet(43)) - raft.server.rpc.timeout.min = 5s (custom)
2019-09-25 06:40:28,204 [pool-237-thread-1] INFO  server.RaftServerConfigKeys (ConfUtils.java:logGet(43)) - raft.server.rpc.timeout.max = 5200ms (custom)
2019-09-25 06:40:28,204 [pool-237-thread-1] INFO  server.RaftServerConfigKeys (ConfUtils.java:logGet(43)) - raft.server.rpcslowness.timeout = 120s (custom)
2019-09-25 06:40:28,205 [pool-237-thread-1] INFO  server.RaftServerConfigKeys (ConfUtils.java:logGet(43)) - raft.server.sleep.deviation.threshold = 300 (default)
2019-09-25 06:40:28,205 [pool-237-thread-1] INFO  server.RaftServerConfigKeys (ConfUtils.java:logGet(43)) - raft.server.log.appender.install.snapshot.enabled = false (custom)
2019-09-25 06:40:28,205 [pool-237-thread-1] INFO  impl.RaftServerImpl (ServerState.java:<init>(103)) - 4ef67e89-1d62-4370-ad00-484c653ab491@group-9FBC58DB55A7: ConfigurationManager, init=-1: [4ef67e89-1d62-4370-ad00-484c653ab491:192.168.164.207:42988], old=null, confs=<EMPTY_MAP>
2019-09-25 06:40:28,205 [pool-237-thread-1] INFO  server.RaftServerConfigKeys (ConfUtils.java:logGet(43)) - raft.server.storage.dir = [/workdir/hadoop-ozone/ozonefs/target/test-dir/MiniOzoneClusterImpl-aba66c6d-a604-4a1f-b1c3-ce07fb6ed48b/datanode-1/data/ratis] (custom)
2019-09-25 06:40:28,205 [pool-237-thread-1] INFO  storage.RaftStorageDirectory (RaftStorageDirectory.java:analyzeStorage(246)) - The storage directory /workdir/hadoop-ozone/ozonefs/target/test-dir/MiniOzoneClusterImpl-aba66c6d-a604-4a1f-b1c3-ce07fb6ed48b/datanode-1/data/ratis/1b3f622a-30ee-44b2-8b71-9fbc58db55a7 does not exist. Creating ...
2019-09-25 06:40:28,218 [pool-237-thread-1] INFO  storage.RaftStorageDirectory (RaftStorageDirectory.java:tryLock(328)) - Lock on /workdir/hadoop-ozone/ozonefs/target/test-dir/MiniOzoneClusterImpl-aba66c6d-a604-4a1f-b1c3-ce07fb6ed48b/datanode-1/data/ratis/1b3f622a-30ee-44b2-8b71-9fbc58db55a7/in_use.lock acquired by nodename 12697@pr-hdds-1569-s44lr-3492059363
2019-09-25 06:40:28,233 [pool-237-thread-1] INFO  storage.RaftStorage (RaftStorage.java:format(72)) - Storage directory /workdir/hadoop-ozone/ozonefs/target/test-dir/MiniOzoneClusterImpl-aba66c6d-a604-4a1f-b1c3-ce07fb6ed48b/datanode-1/data/ratis/1b3f622a-30ee-44b2-8b71-9fbc58db55a7 has been successfully formatted.
2019-09-25 06:40:28,233 [pool-237-thread-1] INFO  ratis.ContainerStateMachine (ContainerStateMachine.java:loadSnapshot(230)) - group-9FBC58DB55A7: The snapshot info is null. Setting the last applied indexto:(t:0, i:~)
2019-09-25 06:40:28,233 [pool-237-thread-1] INFO  server.RaftServerConfigKeys (ConfUtils.java:logGet(43)) - raft.server.notification.no-leader.timeout = 120s (custom)
2019-09-25 06:40:28,233 [pool-237-thread-1] INFO  server.RaftServerConfigKeys (ConfUtils.java:logGet(43)) - raft.server.log.use.memory = false (default)
2019-09-25 06:40:28,233 [pool-237-thread-1] INFO  server.RaftServerConfigKeys (ConfUtils.java:logGet(43)) - raft.server.log.purge.gap = 1000000 (custom)
2019-09-25 06:40:28,233 [pool-237-thread-1] INFO  server.RaftServerConfigKeys (ConfUtils.java:logGet(43)) - raft.server.log.appender.buffer.byte-limit = 33554432 (custom)
2019-09-25 06:40:28,233 [pool-237-thread-1] INFO  server.RaftServerConfigKeys (ConfUtils.java:logGet(43)) - raft.server.log.segment.size.max = 1048576 (custom)
2019-09-25 06:40:28,234 [pool-237-thread-1] INFO  server.RaftServerConfigKeys (ConfUtils.java:logGet(43)) - raft.server.log.segment.cache.num.max = 2 (custom)
2019-09-25 06:40:28,234 [pool-237-thread-1] INFO  segmented.SegmentedRaftLogWorker (SegmentedRaftLogWorker.java:<init>(172)) - new 4ef67e89-1d62-4370-ad00-484c653ab491@group-9FBC58DB55A7-SegmentedRaftLogWorker for RaftStorage:Storage Directory /workdir/hadoop-ozone/ozonefs/target/test-dir/MiniOzoneClusterImpl-aba66c6d-a604-4a1f-b1c3-ce07fb6ed48b/datanode-1/data/ratis/1b3f622a-30ee-44b2-8b71-9fbc58db55a7
2019-09-25 06:40:28,234 [pool-237-thread-1] INFO  server.RaftServerConfigKeys (ConfUtils.java:logGet(43)) - raft.server.log.queue.byte-limit = 2147483647 (custom)
2019-09-25 06:40:28,234 [pool-237-thread-1] INFO  server.RaftServerConfigKeys (ConfUtils.java:logGet(43)) - raft.server.log.queue.element-limit = 1024 (custom)
2019-09-25 06:40:28,234 [pool-237-thread-1] INFO  server.RaftServerConfigKeys (ConfUtils.java:logGet(43)) - raft.server.log.segment.size.max = 1048576 (custom)
2019-09-25 06:40:28,234 [pool-237-thread-1] INFO  server.RaftServerConfigKeys (ConfUtils.java:logGet(43)) - raft.server.log.preallocated.size = 16384 (custom)
2019-09-25 06:40:28,234 [pool-237-thread-1] INFO  server.RaftServerConfigKeys (ConfUtils.java:logGet(43)) - raft.server.log.write.buffer.size = 33554432 (custom)
2019-09-25 06:40:28,234 [pool-237-thread-1] INFO  server.RaftServerConfigKeys (ConfUtils.java:logGet(43)) - raft.server.log.force.sync.num = 128 (default)
2019-09-25 06:40:28,235 [pool-237-thread-1] INFO  server.RaftServerConfigKeys (ConfUtils.java:logGet(43)) - raft.server.log.statemachine.data.sync = true (default)
2019-09-25 06:40:28,235 [pool-237-thread-1] INFO  server.RaftServerConfigKeys (ConfUtils.java:logGet(43)) - raft.server.log.statemachine.data.sync.timeout = 10s (default)
2019-09-25 06:40:28,235 [pool-237-thread-1] INFO  server.RaftServerConfigKeys (ConfUtils.java:logGet(43)) - raft.server.log.statemachine.data.sync.timeout.retry = -1 (default)
2019-09-25 06:40:28,235 [pool-237-thread-1] INFO  server.RaftServerConfigKeys (ConfUtils.java:logGet(43)) - raft.server.log.statemachine.data.caching.enabled = true (custom)
2019-09-25 06:40:28,235 [pool-237-thread-1] INFO  segmented.SegmentedRaftLogWorker (SegmentedRaftLogWorker.java:lambda$new$0(132)) - 4ef67e89-1d62-4370-ad00-484c653ab491@group-9FBC58DB55A7-SegmentedRaftLogWorker: flushIndex: setUnconditionally 0 -> -1
2019-09-25 06:40:28,236 [pool-237-thread-1] INFO  server.RaftServerConfigKeys (ConfUtils.java:logGet(43)) - raft.server.snapshot.auto.trigger.enabled = true (custom)
2019-09-25 06:40:28,236 [pool-237-thread-1] INFO  server.RaftServerConfigKeys (ConfUtils.java:logGet(43)) - raft.server.snapshot.auto.trigger.threshold = 10000 (custom)
2019-09-25 06:40:28,236 [pool-237-thread-1] INFO  server.RaftServerConfigKeys (ConfUtils.java:logGet(43)) - raft.server.snapshot.retention.num.files = 5 (custom)
2019-09-25 06:40:28,236 [pool-237-thread-1] INFO  server.RaftServerConfigKeys (ConfUtils.java:logGet(43)) - raft.server.retrycache.expirytime = 600000ms (custom)
2019-09-25 06:40:28,237 [pool-237-thread-1] INFO  impl.RaftServerImpl (RaftServerImpl.java:start(185)) - 4ef67e89-1d62-4370-ad00-484c653ab491@group-9FBC58DB55A7: start as a follower, conf=-1: [4ef67e89-1d62-4370-ad00-484c653ab491:192.168.164.207:42988], old=null
2019-09-25 06:40:28,238 [pool-237-thread-1] INFO  impl.RaftServerImpl (RaftServerImpl.java:setRole(174)) - 4ef67e89-1d62-4370-ad00-484c653ab491@group-9FBC58DB55A7: changes role from      null to FOLLOWER at term 0 for startAsFollower
2019-09-25 06:40:28,238 [pool-237-thread-1] INFO  impl.RoleInfo (RoleInfo.java:updateAndGet(143)) - 4ef67e89-1d62-4370-ad00-484c653ab491: start FollowerState
2019-09-25 06:40:28,238 [pool-237-thread-1] INFO  util.JmxRegister (JmxRegister.java:tryRegister(44)) - Successfully registered JMX Bean with object name Ratis:service=RaftServer,group=group-9FBC58DB55A7,id=4ef67e89-1d62-4370-ad00-484c653ab491
2019-09-25 06:40:28,242 [RatisPipelineUtilsThread] INFO  pipeline.PipelineStateManager (PipelineStateManager.java:addPipeline(56)) - Created pipeline Pipeline[ Id: 1b3f622a-30ee-44b2-8b71-9fbc58db55a7, Nodes: 4ef67e89-1d62-4370-ad00-484c653ab491{ip: 192.168.164.207, host: pr-hdds-1569-s44lr-3492059363, networkLocation: /default-rack, certSerialId: null}, Type:RATIS, Factor:ONE, State:OPEN]
2019-09-25 06:40:28,242 [RatisPipelineUtilsThread] INFO  pipeline.PipelinePlacementPolicy (PipelinePlacementPolicy.java:meetCriteria(91)) - Pipeline Placement: can't place more pipeline on heavy datanode： 6904bcff-8c3f-4400-a757-50526e5abd46 Heaviness: 6 limit: 5
2019-09-25 06:40:28,249 [grpc-default-executor-0] INFO  impl.RaftServerProxy (RaftServerProxy.java:addNew(89)) - 4ef67e89-1d62-4370-ad00-484c653ab491: addNew group-FAD3FB1F39D2:[4ef67e89-1d62-4370-ad00-484c653ab491:192.168.164.207:42988] returns group-FAD3FB1F39D2:java.util.concurrent.CompletableFuture@5a592a86[Not completed]
2019-09-25 06:40:28,250 [pool-237-thread-1] INFO  impl.RaftServerImpl (RaftServerImpl.java:<init>(95)) - 4ef67e89-1d62-4370-ad00-484c653ab491: new RaftServerImpl for group-FAD3FB1F39D2:[4ef67e89-1d62-4370-ad00-484c653ab491:192.168.164.207:42988] with ContainerStateMachine:uninitialized
2019-09-25 06:40:28,250 [pool-237-thread-1] INFO  server.RaftServerConfigKeys (ConfUtils.java:logGet(43)) - raft.server.rpc.timeout.min = 5s (custom)
2019-09-25 06:40:28,250 [pool-237-thread-1] INFO  server.RaftServerConfigKeys (ConfUtils.java:logGet(43)) - raft.server.rpc.timeout.max = 5200ms (custom)
2019-09-25 06:40:28,250 [pool-237-thread-1] INFO  server.RaftServerConfigKeys (ConfUtils.java:logGet(43)) - raft.server.rpcslowness.timeout = 120s (custom)
2019-09-25 06:40:28,250 [pool-237-thread-1] INFO  server.RaftServerConfigKeys (ConfUtils.java:logGet(43)) - raft.server.sleep.deviation.threshold = 300 (default)
2019-09-25 06:40:28,250 [pool-237-thread-1] INFO  server.RaftServerConfigKeys (ConfUtils.java:logGet(43)) - raft.server.log.appender.install.snapshot.enabled = false (custom)
2019-09-25 06:40:28,250 [pool-237-thread-1] INFO  impl.RaftServerImpl (ServerState.java:<init>(103)) - 4ef67e89-1d62-4370-ad00-484c653ab491@group-FAD3FB1F39D2: ConfigurationManager, init=-1: [4ef67e89-1d62-4370-ad00-484c653ab491:192.168.164.207:42988], old=null, confs=<EMPTY_MAP>
2019-09-25 06:40:28,251 [pool-237-thread-1] INFO  server.RaftServerConfigKeys (ConfUtils.java:logGet(43)) - raft.server.storage.dir = [/workdir/hadoop-ozone/ozonefs/target/test-dir/MiniOzoneClusterImpl-aba66c6d-a604-4a1f-b1c3-ce07fb6ed48b/datanode-1/data/ratis] (custom)
2019-09-25 06:40:28,251 [pool-237-thread-1] INFO  storage.RaftStorageDirectory (RaftStorageDirectory.java:analyzeStorage(246)) - The storage directory /workdir/hadoop-ozone/ozonefs/target/test-dir/MiniOzoneClusterImpl-aba66c6d-a604-4a1f-b1c3-ce07fb6ed48b/datanode-1/data/ratis/ab704e56-b16f-4c9a-a8f8-fad3fb1f39d2 does not exist. Creating ...
2019-09-25 06:40:28,265 [pool-237-thread-1] INFO  storage.RaftStorageDirectory (RaftStorageDirectory.java:tryLock(328)) - Lock on /workdir/hadoop-ozone/ozonefs/target/test-dir/MiniOzoneClusterImpl-aba66c6d-a604-4a1f-b1c3-ce07fb6ed48b/datanode-1/data/ratis/ab704e56-b16f-4c9a-a8f8-fad3fb1f39d2/in_use.lock acquired by nodename 12697@pr-hdds-1569-s44lr-3492059363
2019-09-25 06:40:28,280 [pool-237-thread-1] INFO  storage.RaftStorage (RaftStorage.java:format(72)) - Storage directory /workdir/hadoop-ozone/ozonefs/target/test-dir/MiniOzoneClusterImpl-aba66c6d-a604-4a1f-b1c3-ce07fb6ed48b/datanode-1/data/ratis/ab704e56-b16f-4c9a-a8f8-fad3fb1f39d2 has been successfully formatted.
2019-09-25 06:40:28,280 [pool-237-thread-1] INFO  ratis.ContainerStateMachine (ContainerStateMachine.java:loadSnapshot(230)) - group-FAD3FB1F39D2: The snapshot info is null. Setting the last applied indexto:(t:0, i:~)
2019-09-25 06:40:28,280 [pool-237-thread-1] INFO  server.RaftServerConfigKeys (ConfUtils.java:logGet(43)) - raft.server.notification.no-leader.timeout = 120s (custom)
2019-09-25 06:40:28,280 [pool-237-thread-1] INFO  server.RaftServerConfigKeys (ConfUtils.java:logGet(43)) - raft.server.log.use.memory = false (default)
2019-09-25 06:40:28,281 [pool-237-thread-1] INFO  server.RaftServerConfigKeys (ConfUtils.java:logGet(43)) - raft.server.log.purge.gap = 1000000 (custom)
2019-09-25 06:40:28,281 [pool-237-thread-1] INFO  server.RaftServerConfigKeys (ConfUtils.java:logGet(43)) - raft.server.log.appender.buffer.byte-limit = 33554432 (custom)
2019-09-25 06:40:28,281 [pool-237-thread-1] INFO  server.RaftServerConfigKeys (ConfUtils.java:logGet(43)) - raft.server.log.segment.size.max = 1048576 (custom)
2019-09-25 06:40:28,281 [pool-237-thread-1] INFO  server.RaftServerConfigKeys (ConfUtils.java:logGet(43)) - raft.server.log.segment.cache.num.max = 2 (custom)
2019-09-25 06:40:28,281 [pool-237-thread-1] INFO  segmented.SegmentedRaftLogWorker (SegmentedRaftLogWorker.java:<init>(172)) - new 4ef67e89-1d62-4370-ad00-484c653ab491@group-FAD3FB1F39D2-SegmentedRaftLogWorker for RaftStorage:Storage Directory /workdir/hadoop-ozone/ozonefs/target/test-dir/MiniOzoneClusterImpl-aba66c6d-a604-4a1f-b1c3-ce07fb6ed48b/datanode-1/data/ratis/ab704e56-b16f-4c9a-a8f8-fad3fb1f39d2
2019-09-25 06:40:28,281 [pool-237-thread-1] INFO  server.RaftServerConfigKeys (ConfUtils.java:logGet(43)) - raft.server.log.queue.byte-limit = 2147483647 (custom)
2019-09-25 06:40:28,282 [pool-237-thread-1] INFO  server.RaftServerConfigKeys (ConfUtils.java:logGet(43)) - raft.server.log.queue.element-limit = 1024 (custom)
2019-09-25 06:40:28,282 [pool-237-thread-1] INFO  server.RaftServerConfigKeys (ConfUtils.java:logGet(43)) - raft.server.log.segment.size.max = 1048576 (custom)
2019-09-25 06:40:28,282 [pool-237-thread-1] INFO  server.RaftServerConfigKeys (ConfUtils.java:logGet(43)) - raft.server.log.preallocated.size = 16384 (custom)
2019-09-25 06:40:28,282 [pool-237-thread-1] INFO  server.RaftServerConfigKeys (ConfUtils.java:logGet(43)) - raft.server.log.write.buffer.size = 33554432 (custom)
2019-09-25 06:40:28,282 [pool-237-thread-1] INFO  server.RaftServerConfigKeys (ConfUtils.java:logGet(43)) - raft.server.log.force.sync.num = 128 (default)
2019-09-25 06:40:28,282 [pool-237-thread-1] INFO  server.RaftServerConfigKeys (ConfUtils.java:logGet(43)) - raft.server.log.statemachine.data.sync = true (default)
2019-09-25 06:40:28,282 [pool-237-thread-1] INFO  server.RaftServerConfigKeys (ConfUtils.java:logGet(43)) - raft.server.log.statemachine.data.sync.timeout = 10s (default)
2019-09-25 06:40:28,283 [pool-237-thread-1] INFO  server.RaftServerConfigKeys (ConfUtils.java:logGet(43)) - raft.server.log.statemachine.data.sync.timeout.retry = -1 (default)
2019-09-25 06:40:28,283 [pool-237-thread-1] INFO  server.RaftServerConfigKeys (ConfUtils.java:logGet(43)) - raft.server.log.statemachine.data.caching.enabled = true (custom)
2019-09-25 06:40:28,283 [pool-237-thread-1] INFO  segmented.SegmentedRaftLogWorker (SegmentedRaftLogWorker.java:lambda$new$0(132)) - 4ef67e89-1d62-4370-ad00-484c653ab491@group-FAD3FB1F39D2-SegmentedRaftLogWorker: flushIndex: setUnconditionally 0 -> -1
2019-09-25 06:40:28,284 [pool-237-thread-1] INFO  server.RaftServerConfigKeys (ConfUtils.java:logGet(43)) - raft.server.snapshot.auto.trigger.enabled = true (custom)
2019-09-25 06:40:28,284 [pool-237-thread-1] INFO  server.RaftServerConfigKeys (ConfUtils.java:logGet(43)) - raft.server.snapshot.auto.trigger.threshold = 10000 (custom)
2019-09-25 06:40:28,284 [pool-237-thread-1] INFO  server.RaftServerConfigKeys (ConfUtils.java:logGet(43)) - raft.server.snapshot.retention.num.files = 5 (custom)
2019-09-25 06:40:28,284 [pool-237-thread-1] INFO  server.RaftServerConfigKeys (ConfUtils.java:logGet(43)) - raft.server.retrycache.expirytime = 600000ms (custom)
2019-09-25 06:40:28,286 [pool-237-thread-1] INFO  impl.RaftServerImpl (RaftServerImpl.java:start(185)) - 4ef67e89-1d62-4370-ad00-484c653ab491@group-FAD3FB1F39D2: start as a follower, conf=-1: [4ef67e89-1d62-4370-ad00-484c653ab491:192.168.164.207:42988], old=null
2019-09-25 06:40:28,286 [pool-237-thread-1] INFO  impl.RaftServerImpl (RaftServerImpl.java:setRole(174)) - 4ef67e89-1d62-4370-ad00-484c653ab491@group-FAD3FB1F39D2: changes role from      null to FOLLOWER at term 0 for startAsFollower
2019-09-25 06:40:28,286 [pool-237-thread-1] INFO  impl.RoleInfo (RoleInfo.java:updateAndGet(143)) - 4ef67e89-1d62-4370-ad00-484c653ab491: start FollowerState
2019-09-25 06:40:28,287 [pool-237-thread-1] INFO  util.JmxRegister (JmxRegister.java:tryRegister(44)) - Successfully registered JMX Bean with object name Ratis:service=RaftServer,group=group-FAD3FB1F39D2,id=4ef67e89-1d62-4370-ad00-484c653ab491
2019-09-25 06:40:28,291 [RatisPipelineUtilsThread] INFO  pipeline.PipelineStateManager (PipelineStateManager.java:addPipeline(56)) - Created pipeline Pipeline[ Id: ab704e56-b16f-4c9a-a8f8-fad3fb1f39d2, Nodes: 4ef67e89-1d62-4370-ad00-484c653ab491{ip: 192.168.164.207, host: pr-hdds-1569-s44lr-3492059363, networkLocation: /default-rack, certSerialId: null}, Type:RATIS, Factor:ONE, State:OPEN]
2019-09-25 06:40:28,291 [RatisPipelineUtilsThread] INFO  pipeline.PipelinePlacementPolicy (PipelinePlacementPolicy.java:meetCriteria(91)) - Pipeline Placement: can't place more pipeline on heavy datanode： 4ef67e89-1d62-4370-ad00-484c653ab491 Heaviness: 6 limit: 5
2019-09-25 06:40:28,291 [RatisPipelineUtilsThread] INFO  pipeline.PipelinePlacementPolicy (PipelinePlacementPolicy.java:meetCriteria(91)) - Pipeline Placement: can't place more pipeline on heavy datanode： 6904bcff-8c3f-4400-a757-50526e5abd46 Heaviness: 6 limit: 5
2019-09-25 06:40:28,297 [grpc-default-executor-0] INFO  impl.RaftServerProxy (RaftServerProxy.java:addNew(89)) - 571e9f02-d9f7-4eb1-bf23-fc203e64768a: addNew group-D426E7EF0DA3:[571e9f02-d9f7-4eb1-bf23-fc203e64768a:192.168.164.207:33483] returns group-D426E7EF0DA3:java.util.concurrent.CompletableFuture@4e040def[Not completed]
2019-09-25 06:40:28,298 [pool-247-thread-1] INFO  impl.RaftServerImpl (RaftServerImpl.java:<init>(95)) - 571e9f02-d9f7-4eb1-bf23-fc203e64768a: new RaftServerImpl for group-D426E7EF0DA3:[571e9f02-d9f7-4eb1-bf23-fc203e64768a:192.168.164.207:33483] with ContainerStateMachine:uninitialized
2019-09-25 06:40:28,298 [pool-247-thread-1] INFO  server.RaftServerConfigKeys (ConfUtils.java:logGet(43)) - raft.server.rpc.timeout.min = 5s (custom)
2019-09-25 06:40:28,298 [pool-247-thread-1] INFO  server.RaftServerConfigKeys (ConfUtils.java:logGet(43)) - raft.server.rpc.timeout.max = 5200ms (custom)
2019-09-25 06:40:28,298 [pool-247-thread-1] INFO  server.RaftServerConfigKeys (ConfUtils.java:logGet(43)) - raft.server.rpcslowness.timeout = 120s (custom)
2019-09-25 06:40:28,298 [pool-247-thread-1] INFO  server.RaftServerConfigKeys (ConfUtils.java:logGet(43)) - raft.server.sleep.deviation.threshold = 300 (default)
2019-09-25 06:40:28,298 [pool-247-thread-1] INFO  server.RaftServerConfigKeys (ConfUtils.java:logGet(43)) - raft.server.log.appender.install.snapshot.enabled = false (custom)
2019-09-25 06:40:28,299 [pool-247-thread-1] INFO  impl.RaftServerImpl (ServerState.java:<init>(103)) - 571e9f02-d9f7-4eb1-bf23-fc203e64768a@group-D426E7EF0DA3: ConfigurationManager, init=-1: [571e9f02-d9f7-4eb1-bf23-fc203e64768a:192.168.164.207:33483], old=null, confs=<EMPTY_MAP>
2019-09-25 06:40:28,299 [pool-247-thread-1] INFO  server.RaftServerConfigKeys (ConfUtils.java:logGet(43)) - raft.server.storage.dir = [/workdir/hadoop-ozone/ozonefs/target/test-dir/MiniOzoneClusterImpl-aba66c6d-a604-4a1f-b1c3-ce07fb6ed48b/datanode-2/data/ratis] (custom)
2019-09-25 06:40:28,299 [pool-247-thread-1] INFO  storage.RaftStorageDirectory (RaftStorageDirectory.java:analyzeStorage(246)) - The storage directory /workdir/hadoop-ozone/ozonefs/target/test-dir/MiniOzoneClusterImpl-aba66c6d-a604-4a1f-b1c3-ce07fb6ed48b/datanode-2/data/ratis/2e8a3149-e3b6-47f1-aaa1-d426e7ef0da3 does not exist. Creating ...
2019-09-25 06:40:28,313 [pool-247-thread-1] INFO  storage.RaftStorageDirectory (RaftStorageDirectory.java:tryLock(328)) - Lock on /workdir/hadoop-ozone/ozonefs/target/test-dir/MiniOzoneClusterImpl-aba66c6d-a604-4a1f-b1c3-ce07fb6ed48b/datanode-2/data/ratis/2e8a3149-e3b6-47f1-aaa1-d426e7ef0da3/in_use.lock acquired by nodename 12697@pr-hdds-1569-s44lr-3492059363
2019-09-25 06:40:28,326 [pool-247-thread-1] INFO  storage.RaftStorage (RaftStorage.java:format(72)) - Storage directory /workdir/hadoop-ozone/ozonefs/target/test-dir/MiniOzoneClusterImpl-aba66c6d-a604-4a1f-b1c3-ce07fb6ed48b/datanode-2/data/ratis/2e8a3149-e3b6-47f1-aaa1-d426e7ef0da3 has been successfully formatted.
2019-09-25 06:40:28,326 [pool-247-thread-1] INFO  ratis.ContainerStateMachine (ContainerStateMachine.java:loadSnapshot(230)) - group-D426E7EF0DA3: The snapshot info is null. Setting the last applied indexto:(t:0, i:~)
2019-09-25 06:40:28,326 [pool-247-thread-1] INFO  server.RaftServerConfigKeys (ConfUtils.java:logGet(43)) - raft.server.notification.no-leader.timeout = 120s (custom)
2019-09-25 06:40:28,326 [pool-247-thread-1] INFO  server.RaftServerConfigKeys (ConfUtils.java:logGet(43)) - raft.server.log.use.memory = false (default)
2019-09-25 06:40:28,327 [pool-247-thread-1] INFO  server.RaftServerConfigKeys (ConfUtils.java:logGet(43)) - raft.server.log.purge.gap = 1000000 (custom)
2019-09-25 06:40:28,327 [pool-247-thread-1] INFO  server.RaftServerConfigKeys (ConfUtils.java:logGet(43)) - raft.server.log.appender.buffer.byte-limit = 33554432 (custom)
2019-09-25 06:40:28,327 [pool-247-thread-1] INFO  server.RaftServerConfigKeys (ConfUtils.java:logGet(43)) - raft.server.log.segment.size.max = 1048576 (custom)
2019-09-25 06:40:28,327 [pool-247-thread-1] INFO  server.RaftServerConfigKeys (ConfUtils.java:logGet(43)) - raft.server.log.segment.cache.num.max = 2 (custom)
2019-09-25 06:40:28,327 [pool-247-thread-1] INFO  segmented.SegmentedRaftLogWorker (SegmentedRaftLogWorker.java:<init>(172)) - new 571e9f02-d9f7-4eb1-bf23-fc203e64768a@group-D426E7EF0DA3-SegmentedRaftLogWorker for RaftStorage:Storage Directory /workdir/hadoop-ozone/ozonefs/target/test-dir/MiniOzoneClusterImpl-aba66c6d-a604-4a1f-b1c3-ce07fb6ed48b/datanode-2/data/ratis/2e8a3149-e3b6-47f1-aaa1-d426e7ef0da3
2019-09-25 06:40:28,327 [pool-247-thread-1] INFO  server.RaftServerConfigKeys (ConfUtils.java:logGet(43)) - raft.server.log.queue.byte-limit = 2147483647 (custom)
2019-09-25 06:40:28,327 [pool-247-thread-1] INFO  server.RaftServerConfigKeys (ConfUtils.java:logGet(43)) - raft.server.log.queue.element-limit = 1024 (custom)
2019-09-25 06:40:28,327 [pool-247-thread-1] INFO  server.RaftServerConfigKeys (ConfUtils.java:logGet(43)) - raft.server.log.segment.size.max = 1048576 (custom)
2019-09-25 06:40:28,328 [pool-247-thread-1] INFO  server.RaftServerConfigKeys (ConfUtils.java:logGet(43)) - raft.server.log.preallocated.size = 16384 (custom)
2019-09-25 06:40:28,328 [pool-247-thread-1] INFO  server.RaftServerConfigKeys (ConfUtils.java:logGet(43)) - raft.server.log.write.buffer.size = 33554432 (custom)
2019-09-25 06:40:28,328 [pool-247-thread-1] INFO  server.RaftServerConfigKeys (ConfUtils.java:logGet(43)) - raft.server.log.force.sync.num = 128 (default)
2019-09-25 06:40:28,328 [pool-247-thread-1] INFO  server.RaftServerConfigKeys (ConfUtils.java:logGet(43)) - raft.server.log.statemachine.data.sync = true (default)
2019-09-25 06:40:28,328 [pool-247-thread-1] INFO  server.RaftServerConfigKeys (ConfUtils.java:logGet(43)) - raft.server.log.statemachine.data.sync.timeout = 10s (default)
2019-09-25 06:40:28,328 [pool-247-thread-1] INFO  server.RaftServerConfigKeys (ConfUtils.java:logGet(43)) - raft.server.log.statemachine.data.sync.timeout.retry = -1 (default)
2019-09-25 06:40:28,328 [pool-247-thread-1] INFO  server.RaftServerConfigKeys (ConfUtils.java:logGet(43)) - raft.server.log.statemachine.data.caching.enabled = true (custom)
2019-09-25 06:40:28,328 [pool-247-thread-1] INFO  segmented.SegmentedRaftLogWorker (SegmentedRaftLogWorker.java:lambda$new$0(132)) - 571e9f02-d9f7-4eb1-bf23-fc203e64768a@group-D426E7EF0DA3-SegmentedRaftLogWorker: flushIndex: setUnconditionally 0 -> -1
2019-09-25 06:40:28,329 [pool-247-thread-1] INFO  server.RaftServerConfigKeys (ConfUtils.java:logGet(43)) - raft.server.snapshot.auto.trigger.enabled = true (custom)
2019-09-25 06:40:28,329 [pool-247-thread-1] INFO  server.RaftServerConfigKeys (ConfUtils.java:logGet(43)) - raft.server.snapshot.auto.trigger.threshold = 10000 (custom)
2019-09-25 06:40:28,329 [pool-247-thread-1] INFO  server.RaftServerConfigKeys (ConfUtils.java:logGet(43)) - raft.server.snapshot.retention.num.files = 5 (custom)
2019-09-25 06:40:28,329 [pool-247-thread-1] INFO  server.RaftServerConfigKeys (ConfUtils.java:logGet(43)) - raft.server.retrycache.expirytime = 600000ms (custom)
2019-09-25 06:40:28,331 [pool-247-thread-1] INFO  impl.RaftServerImpl (RaftServerImpl.java:start(185)) - 571e9f02-d9f7-4eb1-bf23-fc203e64768a@group-D426E7EF0DA3: start as a follower, conf=-1: [571e9f02-d9f7-4eb1-bf23-fc203e64768a:192.168.164.207:33483], old=null
2019-09-25 06:40:28,331 [pool-247-thread-1] INFO  impl.RaftServerImpl (RaftServerImpl.java:setRole(174)) - 571e9f02-d9f7-4eb1-bf23-fc203e64768a@group-D426E7EF0DA3: changes role from      null to FOLLOWER at term 0 for startAsFollower
2019-09-25 06:40:28,331 [pool-247-thread-1] INFO  impl.RoleInfo (RoleInfo.java:updateAndGet(143)) - 571e9f02-d9f7-4eb1-bf23-fc203e64768a: start FollowerState
2019-09-25 06:40:28,331 [pool-247-thread-1] INFO  util.JmxRegister (JmxRegister.java:tryRegister(44)) - Successfully registered JMX Bean with object name Ratis:service=RaftServer,group=group-D426E7EF0DA3,id=571e9f02-d9f7-4eb1-bf23-fc203e64768a
2019-09-25 06:40:28,335 [RatisPipelineUtilsThread] INFO  pipeline.PipelineStateManager (PipelineStateManager.java:addPipeline(56)) - Created pipeline Pipeline[ Id: 2e8a3149-e3b6-47f1-aaa1-d426e7ef0da3, Nodes: 571e9f02-d9f7-4eb1-bf23-fc203e64768a{ip: 192.168.164.207, host: pr-hdds-1569-s44lr-3492059363, networkLocation: /default-rack, certSerialId: null}, Type:RATIS, Factor:ONE, State:OPEN]
2019-09-25 06:40:28,335 [RatisPipelineUtilsThread] INFO  pipeline.PipelinePlacementPolicy (PipelinePlacementPolicy.java:meetCriteria(91)) - Pipeline Placement: can't place more pipeline on heavy datanode： 4ef67e89-1d62-4370-ad00-484c653ab491 Heaviness: 6 limit: 5
2019-09-25 06:40:28,336 [RatisPipelineUtilsThread] INFO  pipeline.PipelinePlacementPolicy (PipelinePlacementPolicy.java:meetCriteria(91)) - Pipeline Placement: can't place more pipeline on heavy datanode： 6904bcff-8c3f-4400-a757-50526e5abd46 Heaviness: 6 limit: 5
2019-09-25 06:40:28,342 [grpc-default-executor-0] INFO  impl.RaftServerProxy (RaftServerProxy.java:addNew(89)) - 571e9f02-d9f7-4eb1-bf23-fc203e64768a: addNew group-08B07BF0518E:[571e9f02-d9f7-4eb1-bf23-fc203e64768a:192.168.164.207:33483] returns group-08B07BF0518E:java.util.concurrent.CompletableFuture@f99754d[Not completed]
2019-09-25 06:40:28,343 [pool-247-thread-1] INFO  impl.RaftServerImpl (RaftServerImpl.java:<init>(95)) - 571e9f02-d9f7-4eb1-bf23-fc203e64768a: new RaftServerImpl for group-08B07BF0518E:[571e9f02-d9f7-4eb1-bf23-fc203e64768a:192.168.164.207:33483] with ContainerStateMachine:uninitialized
2019-09-25 06:40:28,343 [pool-247-thread-1] INFO  server.RaftServerConfigKeys (ConfUtils.java:logGet(43)) - raft.server.rpc.timeout.min = 5s (custom)
2019-09-25 06:40:28,343 [pool-247-thread-1] INFO  server.RaftServerConfigKeys (ConfUtils.java:logGet(43)) - raft.server.rpc.timeout.max = 5200ms (custom)
2019-09-25 06:40:28,343 [pool-247-thread-1] INFO  server.RaftServerConfigKeys (ConfUtils.java:logGet(43)) - raft.server.rpcslowness.timeout = 120s (custom)
2019-09-25 06:40:28,343 [pool-247-thread-1] INFO  server.RaftServerConfigKeys (ConfUtils.java:logGet(43)) - raft.server.sleep.deviation.threshold = 300 (default)
2019-09-25 06:40:28,343 [pool-247-thread-1] INFO  server.RaftServerConfigKeys (ConfUtils.java:logGet(43)) - raft.server.log.appender.install.snapshot.enabled = false (custom)
2019-09-25 06:40:28,343 [pool-247-thread-1] INFO  impl.RaftServerImpl (ServerState.java:<init>(103)) - 571e9f02-d9f7-4eb1-bf23-fc203e64768a@group-08B07BF0518E: ConfigurationManager, init=-1: [571e9f02-d9f7-4eb1-bf23-fc203e64768a:192.168.164.207:33483], old=null, confs=<EMPTY_MAP>
2019-09-25 06:40:28,344 [pool-247-thread-1] INFO  server.RaftServerConfigKeys (ConfUtils.java:logGet(43)) - raft.server.storage.dir = [/workdir/hadoop-ozone/ozonefs/target/test-dir/MiniOzoneClusterImpl-aba66c6d-a604-4a1f-b1c3-ce07fb6ed48b/datanode-2/data/ratis] (custom)
2019-09-25 06:40:28,344 [pool-247-thread-1] INFO  storage.RaftStorageDirectory (RaftStorageDirectory.java:analyzeStorage(246)) - The storage directory /workdir/hadoop-ozone/ozonefs/target/test-dir/MiniOzoneClusterImpl-aba66c6d-a604-4a1f-b1c3-ce07fb6ed48b/datanode-2/data/ratis/7c73cac1-6bcc-4674-b94b-08b07bf0518e does not exist. Creating ...
2019-09-25 06:40:28,359 [pool-247-thread-1] INFO  storage.RaftStorageDirectory (RaftStorageDirectory.java:tryLock(328)) - Lock on /workdir/hadoop-ozone/ozonefs/target/test-dir/MiniOzoneClusterImpl-aba66c6d-a604-4a1f-b1c3-ce07fb6ed48b/datanode-2/data/ratis/7c73cac1-6bcc-4674-b94b-08b07bf0518e/in_use.lock acquired by nodename 12697@pr-hdds-1569-s44lr-3492059363
2019-09-25 06:40:28,371 [pool-247-thread-1] INFO  storage.RaftStorage (RaftStorage.java:format(72)) - Storage directory /workdir/hadoop-ozone/ozonefs/target/test-dir/MiniOzoneClusterImpl-aba66c6d-a604-4a1f-b1c3-ce07fb6ed48b/datanode-2/data/ratis/7c73cac1-6bcc-4674-b94b-08b07bf0518e has been successfully formatted.
2019-09-25 06:40:28,372 [pool-247-thread-1] INFO  ratis.ContainerStateMachine (ContainerStateMachine.java:loadSnapshot(230)) - group-08B07BF0518E: The snapshot info is null. Setting the last applied indexto:(t:0, i:~)
2019-09-25 06:40:28,372 [pool-247-thread-1] INFO  server.RaftServerConfigKeys (ConfUtils.java:logGet(43)) - raft.server.notification.no-leader.timeout = 120s (custom)
2019-09-25 06:40:28,372 [pool-247-thread-1] INFO  server.RaftServerConfigKeys (ConfUtils.java:logGet(43)) - raft.server.log.use.memory = false (default)
2019-09-25 06:40:28,372 [pool-247-thread-1] INFO  server.RaftServerConfigKeys (ConfUtils.java:logGet(43)) - raft.server.log.purge.gap = 1000000 (custom)
2019-09-25 06:40:28,372 [pool-247-thread-1] INFO  server.RaftServerConfigKeys (ConfUtils.java:logGet(43)) - raft.server.log.appender.buffer.byte-limit = 33554432 (custom)
2019-09-25 06:40:28,372 [pool-247-thread-1] INFO  server.RaftServerConfigKeys (ConfUtils.java:logGet(43)) - raft.server.log.segment.size.max = 1048576 (custom)
2019-09-25 06:40:28,372 [pool-247-thread-1] INFO  server.RaftServerConfigKeys (ConfUtils.java:logGet(43)) - raft.server.log.segment.cache.num.max = 2 (custom)
2019-09-25 06:40:28,372 [pool-247-thread-1] INFO  segmented.SegmentedRaftLogWorker (SegmentedRaftLogWorker.java:<init>(172)) - new 571e9f02-d9f7-4eb1-bf23-fc203e64768a@group-08B07BF0518E-SegmentedRaftLogWorker for RaftStorage:Storage Directory /workdir/hadoop-ozone/ozonefs/target/test-dir/MiniOzoneClusterImpl-aba66c6d-a604-4a1f-b1c3-ce07fb6ed48b/datanode-2/data/ratis/7c73cac1-6bcc-4674-b94b-08b07bf0518e
2019-09-25 06:40:28,372 [pool-247-thread-1] INFO  server.RaftServerConfigKeys (ConfUtils.java:logGet(43)) - raft.server.log.queue.byte-limit = 2147483647 (custom)
2019-09-25 06:40:28,373 [pool-247-thread-1] INFO  server.RaftServerConfigKeys (ConfUtils.java:logGet(43)) - raft.server.log.queue.element-limit = 1024 (custom)
2019-09-25 06:40:28,373 [pool-247-thread-1] INFO  server.RaftServerConfigKeys (ConfUtils.java:logGet(43)) - raft.server.log.segment.size.max = 1048576 (custom)
2019-09-25 06:40:28,373 [pool-247-thread-1] INFO  server.RaftServerConfigKeys (ConfUtils.java:logGet(43)) - raft.server.log.preallocated.size = 16384 (custom)
2019-09-25 06:40:28,373 [pool-247-thread-1] INFO  server.RaftServerConfigKeys (ConfUtils.java:logGet(43)) - raft.server.log.write.buffer.size = 33554432 (custom)
2019-09-25 06:40:28,373 [pool-247-thread-1] INFO  server.RaftServerConfigKeys (ConfUtils.java:logGet(43)) - raft.server.log.force.sync.num = 128 (default)
2019-09-25 06:40:28,373 [pool-247-thread-1] INFO  server.RaftServerConfigKeys (ConfUtils.java:logGet(43)) - raft.server.log.statemachine.data.sync = true (default)
2019-09-25 06:40:28,373 [pool-247-thread-1] INFO  server.RaftServerConfigKeys (ConfUtils.java:logGet(43)) - raft.server.log.statemachine.data.sync.timeout = 10s (default)
2019-09-25 06:40:28,373 [pool-247-thread-1] INFO  server.RaftServerConfigKeys (ConfUtils.java:logGet(43)) - raft.server.log.statemachine.data.sync.timeout.retry = -1 (default)
2019-09-25 06:40:28,373 [pool-247-thread-1] INFO  server.RaftServerConfigKeys (ConfUtils.java:logGet(43)) - raft.server.log.statemachine.data.caching.enabled = true (custom)
2019-09-25 06:40:28,374 [pool-247-thread-1] INFO  segmented.SegmentedRaftLogWorker (SegmentedRaftLogWorker.java:lambda$new$0(132)) - 571e9f02-d9f7-4eb1-bf23-fc203e64768a@group-08B07BF0518E-SegmentedRaftLogWorker: flushIndex: setUnconditionally 0 -> -1
2019-09-25 06:40:28,374 [pool-247-thread-1] INFO  server.RaftServerConfigKeys (ConfUtils.java:logGet(43)) - raft.server.snapshot.auto.trigger.enabled = true (custom)
2019-09-25 06:40:28,374 [pool-247-thread-1] INFO  server.RaftServerConfigKeys (ConfUtils.java:logGet(43)) - raft.server.snapshot.auto.trigger.threshold = 10000 (custom)
2019-09-25 06:40:28,374 [pool-247-thread-1] INFO  server.RaftServerConfigKeys (ConfUtils.java:logGet(43)) - raft.server.snapshot.retention.num.files = 5 (custom)
2019-09-25 06:40:28,374 [pool-247-thread-1] INFO  server.RaftServerConfigKeys (ConfUtils.java:logGet(43)) - raft.server.retrycache.expirytime = 600000ms (custom)
2019-09-25 06:40:28,376 [pool-247-thread-1] INFO  impl.RaftServerImpl (RaftServerImpl.java:start(185)) - 571e9f02-d9f7-4eb1-bf23-fc203e64768a@group-08B07BF0518E: start as a follower, conf=-1: [571e9f02-d9f7-4eb1-bf23-fc203e64768a:192.168.164.207:33483], old=null
2019-09-25 06:40:28,376 [pool-247-thread-1] INFO  impl.RaftServerImpl (RaftServerImpl.java:setRole(174)) - 571e9f02-d9f7-4eb1-bf23-fc203e64768a@group-08B07BF0518E: changes role from      null to FOLLOWER at term 0 for startAsFollower
2019-09-25 06:40:28,376 [pool-247-thread-1] INFO  impl.RoleInfo (RoleInfo.java:updateAndGet(143)) - 571e9f02-d9f7-4eb1-bf23-fc203e64768a: start FollowerState
2019-09-25 06:40:28,377 [pool-247-thread-1] INFO  util.JmxRegister (JmxRegister.java:tryRegister(44)) - Successfully registered JMX Bean with object name Ratis:service=RaftServer,group=group-08B07BF0518E,id=571e9f02-d9f7-4eb1-bf23-fc203e64768a
2019-09-25 06:40:28,381 [RatisPipelineUtilsThread] INFO  pipeline.PipelineStateManager (PipelineStateManager.java:addPipeline(56)) - Created pipeline Pipeline[ Id: 7c73cac1-6bcc-4674-b94b-08b07bf0518e, Nodes: 571e9f02-d9f7-4eb1-bf23-fc203e64768a{ip: 192.168.164.207, host: pr-hdds-1569-s44lr-3492059363, networkLocation: /default-rack, certSerialId: null}, Type:RATIS, Factor:ONE, State:OPEN]
2019-09-25 06:40:28,381 [RatisPipelineUtilsThread] INFO  pipeline.PipelinePlacementPolicy (PipelinePlacementPolicy.java:meetCriteria(91)) - Pipeline Placement: can't place more pipeline on heavy datanode： 4ef67e89-1d62-4370-ad00-484c653ab491 Heaviness: 6 limit: 5
2019-09-25 06:40:28,381 [RatisPipelineUtilsThread] INFO  pipeline.PipelinePlacementPolicy (PipelinePlacementPolicy.java:meetCriteria(91)) - Pipeline Placement: can't place more pipeline on heavy datanode： 6904bcff-8c3f-4400-a757-50526e5abd46 Heaviness: 6 limit: 5
2019-09-25 06:40:28,388 [grpc-default-executor-0] INFO  impl.RaftServerProxy (RaftServerProxy.java:addNew(89)) - 571e9f02-d9f7-4eb1-bf23-fc203e64768a: addNew group-3797BFC0E5C7:[571e9f02-d9f7-4eb1-bf23-fc203e64768a:192.168.164.207:33483] returns group-3797BFC0E5C7:java.util.concurrent.CompletableFuture@5dfb4692[Not completed]
2019-09-25 06:40:28,389 [pool-247-thread-1] INFO  impl.RaftServerImpl (RaftServerImpl.java:<init>(95)) - 571e9f02-d9f7-4eb1-bf23-fc203e64768a: new RaftServerImpl for group-3797BFC0E5C7:[571e9f02-d9f7-4eb1-bf23-fc203e64768a:192.168.164.207:33483] with ContainerStateMachine:uninitialized
2019-09-25 06:40:28,389 [pool-247-thread-1] INFO  server.RaftServerConfigKeys (ConfUtils.java:logGet(43)) - raft.server.rpc.timeout.min = 5s (custom)
2019-09-25 06:40:28,389 [pool-247-thread-1] INFO  server.RaftServerConfigKeys (ConfUtils.java:logGet(43)) - raft.server.rpc.timeout.max = 5200ms (custom)
2019-09-25 06:40:28,389 [pool-247-thread-1] INFO  server.RaftServerConfigKeys (ConfUtils.java:logGet(43)) - raft.server.rpcslowness.timeout = 120s (custom)
2019-09-25 06:40:28,390 [pool-247-thread-1] INFO  server.RaftServerConfigKeys (ConfUtils.java:logGet(43)) - raft.server.sleep.deviation.threshold = 300 (default)
2019-09-25 06:40:28,390 [pool-247-thread-1] INFO  server.RaftServerConfigKeys (ConfUtils.java:logGet(43)) - raft.server.log.appender.install.snapshot.enabled = false (custom)
2019-09-25 06:40:28,390 [pool-247-thread-1] INFO  impl.RaftServerImpl (ServerState.java:<init>(103)) - 571e9f02-d9f7-4eb1-bf23-fc203e64768a@group-3797BFC0E5C7: ConfigurationManager, init=-1: [571e9f02-d9f7-4eb1-bf23-fc203e64768a:192.168.164.207:33483], old=null, confs=<EMPTY_MAP>
2019-09-25 06:40:28,390 [pool-247-thread-1] INFO  server.RaftServerConfigKeys (ConfUtils.java:logGet(43)) - raft.server.storage.dir = [/workdir/hadoop-ozone/ozonefs/target/test-dir/MiniOzoneClusterImpl-aba66c6d-a604-4a1f-b1c3-ce07fb6ed48b/datanode-2/data/ratis] (custom)
2019-09-25 06:40:28,390 [pool-247-thread-1] INFO  storage.RaftStorageDirectory (RaftStorageDirectory.java:analyzeStorage(246)) - The storage directory /workdir/hadoop-ozone/ozonefs/target/test-dir/MiniOzoneClusterImpl-aba66c6d-a604-4a1f-b1c3-ce07fb6ed48b/datanode-2/data/ratis/b1882f8a-ccf5-45dd-8ac8-3797bfc0e5c7 does not exist. Creating ...
2019-09-25 06:40:28,395 [pool-247-thread-1] INFO  storage.RaftStorageDirectory (RaftStorageDirectory.java:tryLock(328)) - Lock on /workdir/hadoop-ozone/ozonefs/target/test-dir/MiniOzoneClusterImpl-aba66c6d-a604-4a1f-b1c3-ce07fb6ed48b/datanode-2/data/ratis/b1882f8a-ccf5-45dd-8ac8-3797bfc0e5c7/in_use.lock acquired by nodename 12697@pr-hdds-1569-s44lr-3492059363
2019-09-25 06:40:28,400 [pool-247-thread-1] INFO  storage.RaftStorage (RaftStorage.java:format(72)) - Storage directory /workdir/hadoop-ozone/ozonefs/target/test-dir/MiniOzoneClusterImpl-aba66c6d-a604-4a1f-b1c3-ce07fb6ed48b/datanode-2/data/ratis/b1882f8a-ccf5-45dd-8ac8-3797bfc0e5c7 has been successfully formatted.
2019-09-25 06:40:28,400 [pool-247-thread-1] INFO  ratis.ContainerStateMachine (ContainerStateMachine.java:loadSnapshot(230)) - group-3797BFC0E5C7: The snapshot info is null. Setting the last applied indexto:(t:0, i:~)
2019-09-25 06:40:28,400 [pool-247-thread-1] INFO  server.RaftServerConfigKeys (ConfUtils.java:logGet(43)) - raft.server.notification.no-leader.timeout = 120s (custom)
2019-09-25 06:40:28,401 [pool-247-thread-1] INFO  server.RaftServerConfigKeys (ConfUtils.java:logGet(43)) - raft.server.log.use.memory = false (default)
2019-09-25 06:40:28,401 [pool-247-thread-1] INFO  server.RaftServerConfigKeys (ConfUtils.java:logGet(43)) - raft.server.log.purge.gap = 1000000 (custom)
2019-09-25 06:40:28,401 [pool-247-thread-1] INFO  server.RaftServerConfigKeys (ConfUtils.java:logGet(43)) - raft.server.log.appender.buffer.byte-limit = 33554432 (custom)
2019-09-25 06:40:28,401 [pool-247-thread-1] INFO  server.RaftServerConfigKeys (ConfUtils.java:logGet(43)) - raft.server.log.segment.size.max = 1048576 (custom)
2019-09-25 06:40:28,401 [pool-247-thread-1] INFO  server.RaftServerConfigKeys (ConfUtils.java:logGet(43)) - raft.server.log.segment.cache.num.max = 2 (custom)
2019-09-25 06:40:28,401 [pool-247-thread-1] INFO  segmented.SegmentedRaftLogWorker (SegmentedRaftLogWorker.java:<init>(172)) - new 571e9f02-d9f7-4eb1-bf23-fc203e64768a@group-3797BFC0E5C7-SegmentedRaftLogWorker for RaftStorage:Storage Directory /workdir/hadoop-ozone/ozonefs/target/test-dir/MiniOzoneClusterImpl-aba66c6d-a604-4a1f-b1c3-ce07fb6ed48b/datanode-2/data/ratis/b1882f8a-ccf5-45dd-8ac8-3797bfc0e5c7
2019-09-25 06:40:28,401 [pool-247-thread-1] INFO  server.RaftServerConfigKeys (ConfUtils.java:logGet(43)) - raft.server.log.queue.byte-limit = 2147483647 (custom)
2019-09-25 06:40:28,401 [pool-247-thread-1] INFO  server.RaftServerConfigKeys (ConfUtils.java:logGet(43)) - raft.server.log.queue.element-limit = 1024 (custom)
2019-09-25 06:40:28,401 [pool-247-thread-1] INFO  server.RaftServerConfigKeys (ConfUtils.java:logGet(43)) - raft.server.log.segment.size.max = 1048576 (custom)
2019-09-25 06:40:28,402 [pool-247-thread-1] INFO  server.RaftServerConfigKeys (ConfUtils.java:logGet(43)) - raft.server.log.preallocated.size = 16384 (custom)
2019-09-25 06:40:28,402 [pool-247-thread-1] INFO  server.RaftServerConfigKeys (ConfUtils.java:logGet(43)) - raft.server.log.write.buffer.size = 33554432 (custom)
2019-09-25 06:40:28,402 [pool-247-thread-1] INFO  server.RaftServerConfigKeys (ConfUtils.java:logGet(43)) - raft.server.log.force.sync.num = 128 (default)
2019-09-25 06:40:28,402 [pool-247-thread-1] INFO  server.RaftServerConfigKeys (ConfUtils.java:logGet(43)) - raft.server.log.statemachine.data.sync = true (default)
2019-09-25 06:40:28,402 [pool-247-thread-1] INFO  server.RaftServerConfigKeys (ConfUtils.java:logGet(43)) - raft.server.log.statemachine.data.sync.timeout = 10s (default)
2019-09-25 06:40:28,402 [pool-247-thread-1] INFO  server.RaftServerConfigKeys (ConfUtils.java:logGet(43)) - raft.server.log.statemachine.data.sync.timeout.retry = -1 (default)
2019-09-25 06:40:28,402 [pool-247-thread-1] INFO  server.RaftServerConfigKeys (ConfUtils.java:logGet(43)) - raft.server.log.statemachine.data.caching.enabled = true (custom)
2019-09-25 06:40:28,402 [pool-247-thread-1] INFO  segmented.SegmentedRaftLogWorker (SegmentedRaftLogWorker.java:lambda$new$0(132)) - 571e9f02-d9f7-4eb1-bf23-fc203e64768a@group-3797BFC0E5C7-SegmentedRaftLogWorker: flushIndex: setUnconditionally 0 -> -1
2019-09-25 06:40:28,403 [pool-247-thread-1] INFO  server.RaftServerConfigKeys (ConfUtils.java:logGet(43)) - raft.server.snapshot.auto.trigger.enabled = true (custom)
2019-09-25 06:40:28,403 [pool-247-thread-1] INFO  server.RaftServerConfigKeys (ConfUtils.java:logGet(43)) - raft.server.snapshot.auto.trigger.threshold = 10000 (custom)
2019-09-25 06:40:28,403 [pool-247-thread-1] INFO  server.RaftServerConfigKeys (ConfUtils.java:logGet(43)) - raft.server.snapshot.retention.num.files = 5 (custom)
2019-09-25 06:40:28,403 [pool-247-thread-1] INFO  server.RaftServerConfigKeys (ConfUtils.java:logGet(43)) - raft.server.retrycache.expirytime = 600000ms (custom)
2019-09-25 06:40:28,404 [pool-247-thread-1] INFO  impl.RaftServerImpl (RaftServerImpl.java:start(185)) - 571e9f02-d9f7-4eb1-bf23-fc203e64768a@group-3797BFC0E5C7: start as a follower, conf=-1: [571e9f02-d9f7-4eb1-bf23-fc203e64768a:192.168.164.207:33483], old=null
2019-09-25 06:40:28,405 [pool-247-thread-1] INFO  impl.RaftServerImpl (RaftServerImpl.java:setRole(174)) - 571e9f02-d9f7-4eb1-bf23-fc203e64768a@group-3797BFC0E5C7: changes role from      null to FOLLOWER at term 0 for startAsFollower
2019-09-25 06:40:28,405 [pool-247-thread-1] INFO  impl.RoleInfo (RoleInfo.java:updateAndGet(143)) - 571e9f02-d9f7-4eb1-bf23-fc203e64768a: start FollowerState
2019-09-25 06:40:28,405 [pool-247-thread-1] INFO  util.JmxRegister (JmxRegister.java:tryRegister(44)) - Successfully registered JMX Bean with object name Ratis:service=RaftServer,group=group-3797BFC0E5C7,id=571e9f02-d9f7-4eb1-bf23-fc203e64768a
2019-09-25 06:40:28,409 [RatisPipelineUtilsThread] INFO  pipeline.PipelineStateManager (PipelineStateManager.java:addPipeline(56)) - Created pipeline Pipeline[ Id: b1882f8a-ccf5-45dd-8ac8-3797bfc0e5c7, Nodes: 571e9f02-d9f7-4eb1-bf23-fc203e64768a{ip: 192.168.164.207, host: pr-hdds-1569-s44lr-3492059363, networkLocation: /default-rack, certSerialId: null}, Type:RATIS, Factor:ONE, State:OPEN]
2019-09-25 06:40:28,410 [RatisPipelineUtilsThread] INFO  pipeline.PipelinePlacementPolicy (PipelinePlacementPolicy.java:meetCriteria(91)) - Pipeline Placement: can't place more pipeline on heavy datanode： 4ef67e89-1d62-4370-ad00-484c653ab491 Heaviness: 6 limit: 5
2019-09-25 06:40:28,410 [RatisPipelineUtilsThread] INFO  pipeline.PipelinePlacementPolicy (PipelinePlacementPolicy.java:meetCriteria(91)) - Pipeline Placement: can't place more pipeline on heavy datanode： 6904bcff-8c3f-4400-a757-50526e5abd46 Heaviness: 6 limit: 5
2019-09-25 06:40:28,416 [grpc-default-executor-0] INFO  impl.RaftServerProxy (RaftServerProxy.java:addNew(89)) - 571e9f02-d9f7-4eb1-bf23-fc203e64768a: addNew group-63F8E165B974:[571e9f02-d9f7-4eb1-bf23-fc203e64768a:192.168.164.207:33483] returns group-63F8E165B974:java.util.concurrent.CompletableFuture@3ea6881f[Not completed]
2019-09-25 06:40:28,417 [pool-247-thread-1] INFO  impl.RaftServerImpl (RaftServerImpl.java:<init>(95)) - 571e9f02-d9f7-4eb1-bf23-fc203e64768a: new RaftServerImpl for group-63F8E165B974:[571e9f02-d9f7-4eb1-bf23-fc203e64768a:192.168.164.207:33483] with ContainerStateMachine:uninitialized
2019-09-25 06:40:28,417 [pool-247-thread-1] INFO  server.RaftServerConfigKeys (ConfUtils.java:logGet(43)) - raft.server.rpc.timeout.min = 5s (custom)
2019-09-25 06:40:28,417 [pool-247-thread-1] INFO  server.RaftServerConfigKeys (ConfUtils.java:logGet(43)) - raft.server.rpc.timeout.max = 5200ms (custom)
2019-09-25 06:40:28,417 [pool-247-thread-1] INFO  server.RaftServerConfigKeys (ConfUtils.java:logGet(43)) - raft.server.rpcslowness.timeout = 120s (custom)
2019-09-25 06:40:28,417 [pool-247-thread-1] INFO  server.RaftServerConfigKeys (ConfUtils.java:logGet(43)) - raft.server.sleep.deviation.threshold = 300 (default)
2019-09-25 06:40:28,417 [pool-247-thread-1] INFO  server.RaftServerConfigKeys (ConfUtils.java:logGet(43)) - raft.server.log.appender.install.snapshot.enabled = false (custom)
2019-09-25 06:40:28,417 [pool-247-thread-1] INFO  impl.RaftServerImpl (ServerState.java:<init>(103)) - 571e9f02-d9f7-4eb1-bf23-fc203e64768a@group-63F8E165B974: ConfigurationManager, init=-1: [571e9f02-d9f7-4eb1-bf23-fc203e64768a:192.168.164.207:33483], old=null, confs=<EMPTY_MAP>
2019-09-25 06:40:28,417 [pool-247-thread-1] INFO  server.RaftServerConfigKeys (ConfUtils.java:logGet(43)) - raft.server.storage.dir = [/workdir/hadoop-ozone/ozonefs/target/test-dir/MiniOzoneClusterImpl-aba66c6d-a604-4a1f-b1c3-ce07fb6ed48b/datanode-2/data/ratis] (custom)
2019-09-25 06:40:28,418 [pool-247-thread-1] INFO  storage.RaftStorageDirectory (RaftStorageDirectory.java:analyzeStorage(246)) - The storage directory /workdir/hadoop-ozone/ozonefs/target/test-dir/MiniOzoneClusterImpl-aba66c6d-a604-4a1f-b1c3-ce07fb6ed48b/datanode-2/data/ratis/3a6f0215-1eaf-4279-ad0b-63f8e165b974 does not exist. Creating ...
2019-09-25 06:40:28,441 [pool-247-thread-1] INFO  storage.RaftStorageDirectory (RaftStorageDirectory.java:tryLock(328)) - Lock on /workdir/hadoop-ozone/ozonefs/target/test-dir/MiniOzoneClusterImpl-aba66c6d-a604-4a1f-b1c3-ce07fb6ed48b/datanode-2/data/ratis/3a6f0215-1eaf-4279-ad0b-63f8e165b974/in_use.lock acquired by nodename 12697@pr-hdds-1569-s44lr-3492059363
2019-09-25 06:40:28,455 [pool-247-thread-1] INFO  storage.RaftStorage (RaftStorage.java:format(72)) - Storage directory /workdir/hadoop-ozone/ozonefs/target/test-dir/MiniOzoneClusterImpl-aba66c6d-a604-4a1f-b1c3-ce07fb6ed48b/datanode-2/data/ratis/3a6f0215-1eaf-4279-ad0b-63f8e165b974 has been successfully formatted.
2019-09-25 06:40:28,455 [pool-247-thread-1] INFO  ratis.ContainerStateMachine (ContainerStateMachine.java:loadSnapshot(230)) - group-63F8E165B974: The snapshot info is null. Setting the last applied indexto:(t:0, i:~)
2019-09-25 06:40:28,455 [pool-247-thread-1] INFO  server.RaftServerConfigKeys (ConfUtils.java:logGet(43)) - raft.server.notification.no-leader.timeout = 120s (custom)
2019-09-25 06:40:28,455 [pool-247-thread-1] INFO  server.RaftServerConfigKeys (ConfUtils.java:logGet(43)) - raft.server.log.use.memory = false (default)
2019-09-25 06:40:28,455 [pool-247-thread-1] INFO  server.RaftServerConfigKeys (ConfUtils.java:logGet(43)) - raft.server.log.purge.gap = 1000000 (custom)
2019-09-25 06:40:28,456 [pool-247-thread-1] INFO  server.RaftServerConfigKeys (ConfUtils.java:logGet(43)) - raft.server.log.appender.buffer.byte-limit = 33554432 (custom)
2019-09-25 06:40:28,456 [pool-247-thread-1] INFO  server.RaftServerConfigKeys (ConfUtils.java:logGet(43)) - raft.server.log.segment.size.max = 1048576 (custom)
2019-09-25 06:40:28,456 [pool-247-thread-1] INFO  server.RaftServerConfigKeys (ConfUtils.java:logGet(43)) - raft.server.log.segment.cache.num.max = 2 (custom)
2019-09-25 06:40:28,456 [pool-247-thread-1] INFO  segmented.SegmentedRaftLogWorker (SegmentedRaftLogWorker.java:<init>(172)) - new 571e9f02-d9f7-4eb1-bf23-fc203e64768a@group-63F8E165B974-SegmentedRaftLogWorker for RaftStorage:Storage Directory /workdir/hadoop-ozone/ozonefs/target/test-dir/MiniOzoneClusterImpl-aba66c6d-a604-4a1f-b1c3-ce07fb6ed48b/datanode-2/data/ratis/3a6f0215-1eaf-4279-ad0b-63f8e165b974
2019-09-25 06:40:28,456 [pool-247-thread-1] INFO  server.RaftServerConfigKeys (ConfUtils.java:logGet(43)) - raft.server.log.queue.byte-limit = 2147483647 (custom)
2019-09-25 06:40:28,456 [pool-247-thread-1] INFO  server.RaftServerConfigKeys (ConfUtils.java:logGet(43)) - raft.server.log.queue.element-limit = 1024 (custom)
2019-09-25 06:40:28,456 [pool-247-thread-1] INFO  server.RaftServerConfigKeys (ConfUtils.java:logGet(43)) - raft.server.log.segment.size.max = 1048576 (custom)
2019-09-25 06:40:28,456 [pool-247-thread-1] INFO  server.RaftServerConfigKeys (ConfUtils.java:logGet(43)) - raft.server.log.preallocated.size = 16384 (custom)
2019-09-25 06:40:28,456 [pool-247-thread-1] INFO  server.RaftServerConfigKeys (ConfUtils.java:logGet(43)) - raft.server.log.write.buffer.size = 33554432 (custom)
2019-09-25 06:40:28,456 [pool-247-thread-1] INFO  server.RaftServerConfigKeys (ConfUtils.java:logGet(43)) - raft.server.log.force.sync.num = 128 (default)
2019-09-25 06:40:28,456 [pool-247-thread-1] INFO  server.RaftServerConfigKeys (ConfUtils.java:logGet(43)) - raft.server.log.statemachine.data.sync = true (default)
2019-09-25 06:40:28,457 [pool-247-thread-1] INFO  server.RaftServerConfigKeys (ConfUtils.java:logGet(43)) - raft.server.log.statemachine.data.sync.timeout = 10s (default)
2019-09-25 06:40:28,457 [pool-247-thread-1] INFO  server.RaftServerConfigKeys (ConfUtils.java:logGet(43)) - raft.server.log.statemachine.data.sync.timeout.retry = -1 (default)
2019-09-25 06:40:28,457 [pool-247-thread-1] INFO  server.RaftServerConfigKeys (ConfUtils.java:logGet(43)) - raft.server.log.statemachine.data.caching.enabled = true (custom)
2019-09-25 06:40:28,457 [pool-247-thread-1] INFO  segmented.SegmentedRaftLogWorker (SegmentedRaftLogWorker.java:lambda$new$0(132)) - 571e9f02-d9f7-4eb1-bf23-fc203e64768a@group-63F8E165B974-SegmentedRaftLogWorker: flushIndex: setUnconditionally 0 -> -1
2019-09-25 06:40:28,457 [pool-247-thread-1] INFO  server.RaftServerConfigKeys (ConfUtils.java:logGet(43)) - raft.server.snapshot.auto.trigger.enabled = true (custom)
2019-09-25 06:40:28,457 [pool-247-thread-1] INFO  server.RaftServerConfigKeys (ConfUtils.java:logGet(43)) - raft.server.snapshot.auto.trigger.threshold = 10000 (custom)
2019-09-25 06:40:28,457 [pool-247-thread-1] INFO  server.RaftServerConfigKeys (ConfUtils.java:logGet(43)) - raft.server.snapshot.retention.num.files = 5 (custom)
2019-09-25 06:40:28,458 [pool-247-thread-1] INFO  server.RaftServerConfigKeys (ConfUtils.java:logGet(43)) - raft.server.retrycache.expirytime = 600000ms (custom)
2019-09-25 06:40:28,459 [pool-247-thread-1] INFO  impl.RaftServerImpl (RaftServerImpl.java:start(185)) - 571e9f02-d9f7-4eb1-bf23-fc203e64768a@group-63F8E165B974: start as a follower, conf=-1: [571e9f02-d9f7-4eb1-bf23-fc203e64768a:192.168.164.207:33483], old=null
2019-09-25 06:40:28,459 [pool-247-thread-1] INFO  impl.RaftServerImpl (RaftServerImpl.java:setRole(174)) - 571e9f02-d9f7-4eb1-bf23-fc203e64768a@group-63F8E165B974: changes role from      null to FOLLOWER at term 0 for startAsFollower
2019-09-25 06:40:28,459 [pool-247-thread-1] INFO  impl.RoleInfo (RoleInfo.java:updateAndGet(143)) - 571e9f02-d9f7-4eb1-bf23-fc203e64768a: start FollowerState
2019-09-25 06:40:28,459 [pool-247-thread-1] INFO  util.JmxRegister (JmxRegister.java:tryRegister(44)) - Successfully registered JMX Bean with object name Ratis:service=RaftServer,group=group-63F8E165B974,id=571e9f02-d9f7-4eb1-bf23-fc203e64768a
2019-09-25 06:40:28,464 [RatisPipelineUtilsThread] INFO  pipeline.PipelineStateManager (PipelineStateManager.java:addPipeline(56)) - Created pipeline Pipeline[ Id: 3a6f0215-1eaf-4279-ad0b-63f8e165b974, Nodes: 571e9f02-d9f7-4eb1-bf23-fc203e64768a{ip: 192.168.164.207, host: pr-hdds-1569-s44lr-3492059363, networkLocation: /default-rack, certSerialId: null}, Type:RATIS, Factor:ONE, State:OPEN]
2019-09-25 06:40:28,464 [RatisPipelineUtilsThread] INFO  pipeline.PipelinePlacementPolicy (PipelinePlacementPolicy.java:meetCriteria(91)) - Pipeline Placement: can't place more pipeline on heavy datanode： 571e9f02-d9f7-4eb1-bf23-fc203e64768a Heaviness: 6 limit: 5
2019-09-25 06:40:28,464 [RatisPipelineUtilsThread] INFO  pipeline.PipelinePlacementPolicy (PipelinePlacementPolicy.java:meetCriteria(91)) - Pipeline Placement: can't place more pipeline on heavy datanode： 4ef67e89-1d62-4370-ad00-484c653ab491 Heaviness: 6 limit: 5
2019-09-25 06:40:28,464 [RatisPipelineUtilsThread] INFO  pipeline.PipelinePlacementPolicy (PipelinePlacementPolicy.java:meetCriteria(91)) - Pipeline Placement: can't place more pipeline on heavy datanode： 6904bcff-8c3f-4400-a757-50526e5abd46 Heaviness: 6 limit: 5
2019-09-25 06:40:28,464 [RatisPipelineUtilsThread] ERROR pipeline.PipelinePlacementPolicy (PipelinePlacementPolicy.java:filterViableNodes(148)) - Unable to find enough nodes that meet the criteria that cannot engage in more than 5 pipelines. Nodes required: 1 Found: 0, healthy nodes count inNodeManager: 3.
2019-09-25 06:40:28,465 [RatisPipelineUtilsThread] ERROR pipeline.SCMPipelineManager (SCMPipelineManager.java:createPipeline(167)) - Pipeline creation failed.
org.apache.hadoop.hdds.scm.exceptions.SCMException: Unable to find enough nodes that meet the criteria that cannot engage in more than 5 pipelines. Nodes required: 1 Found: 0, healthy nodes count inNodeManager: 3.
	at org.apache.hadoop.hdds.scm.pipeline.PipelinePlacementPolicy.filterViableNodes(PipelinePlacementPolicy.java:149)
	at org.apache.hadoop.hdds.scm.pipeline.PipelinePlacementPolicy.chooseDatanodes(PipelinePlacementPolicy.java:172)
	at org.apache.hadoop.hdds.scm.pipeline.RatisPipelineProvider.create(RatisPipelineProvider.java:93)
	at org.apache.hadoop.hdds.scm.pipeline.PipelineFactory.create(PipelineFactory.java:58)
	at org.apache.hadoop.hdds.scm.pipeline.SCMPipelineManager.createPipeline(SCMPipelineManager.java:155)
	at org.apache.hadoop.hdds.scm.pipeline.BackgroundPipelineCreator.createPipelines(BackgroundPipelineCreator.java:99)
	at java.util.concurrent.Executors$RunnableAdapter.call(Executors.java:511)
	at java.util.concurrent.FutureTask.run(FutureTask.java:266)
	at java.util.concurrent.ScheduledThreadPoolExecutor$ScheduledFutureTask.access$201(ScheduledThreadPoolExecutor.java:180)
	at java.util.concurrent.ScheduledThreadPoolExecutor$ScheduledFutureTask.run(ScheduledThreadPoolExecutor.java:293)
	at java.util.concurrent.ThreadPoolExecutor.runWorker(ThreadPoolExecutor.java:1149)
	at java.util.concurrent.ThreadPoolExecutor$Worker.run(ThreadPoolExecutor.java:624)
	at java.lang.Thread.run(Thread.java:748)
2019-09-25 06:40:28,465 [RatisPipelineUtilsThread] INFO  pipeline.PipelinePlacementPolicy (PipelinePlacementPolicy.java:meetCriteria(91)) - Pipeline Placement: can't place more pipeline on heavy datanode： 571e9f02-d9f7-4eb1-bf23-fc203e64768a Heaviness: 6 limit: 5
2019-09-25 06:40:28,465 [RatisPipelineUtilsThread] INFO  pipeline.PipelinePlacementPolicy (PipelinePlacementPolicy.java:meetCriteria(91)) - Pipeline Placement: can't place more pipeline on heavy datanode： 4ef67e89-1d62-4370-ad00-484c653ab491 Heaviness: 6 limit: 5
2019-09-25 06:40:28,465 [RatisPipelineUtilsThread] INFO  pipeline.PipelinePlacementPolicy (PipelinePlacementPolicy.java:meetCriteria(91)) - Pipeline Placement: can't place more pipeline on heavy datanode： 6904bcff-8c3f-4400-a757-50526e5abd46 Heaviness: 6 limit: 5
2019-09-25 06:40:28,466 [RatisPipelineUtilsThread] ERROR pipeline.PipelinePlacementPolicy (PipelinePlacementPolicy.java:filterViableNodes(148)) - Unable to find enough nodes that meet the criteria that cannot engage in more than 5 pipelines. Nodes required: 3 Found: 0, healthy nodes count inNodeManager: 3.
2019-09-25 06:40:28,466 [RatisPipelineUtilsThread] ERROR pipeline.SCMPipelineManager (SCMPipelineManager.java:createPipeline(167)) - Pipeline creation failed.
org.apache.hadoop.hdds.scm.exceptions.SCMException: Unable to find enough nodes that meet the criteria that cannot engage in more than 5 pipelines. Nodes required: 3 Found: 0, healthy nodes count inNodeManager: 3.
	at org.apache.hadoop.hdds.scm.pipeline.PipelinePlacementPolicy.filterViableNodes(PipelinePlacementPolicy.java:149)
	at org.apache.hadoop.hdds.scm.pipeline.PipelinePlacementPolicy.chooseDatanodes(PipelinePlacementPolicy.java:172)
	at org.apache.hadoop.hdds.scm.pipeline.RatisPipelineProvider.create(RatisPipelineProvider.java:93)
	at org.apache.hadoop.hdds.scm.pipeline.PipelineFactory.create(PipelineFactory.java:58)
	at org.apache.hadoop.hdds.scm.pipeline.SCMPipelineManager.createPipeline(SCMPipelineManager.java:155)
	at org.apache.hadoop.hdds.scm.pipeline.BackgroundPipelineCreator.createPipelines(BackgroundPipelineCreator.java:99)
	at java.util.concurrent.Executors$RunnableAdapter.call(Executors.java:511)
	at java.util.concurrent.FutureTask.run(FutureTask.java:266)
	at java.util.concurrent.ScheduledThreadPoolExecutor$ScheduledFutureTask.access$201(ScheduledThreadPoolExecutor.java:180)
	at java.util.concurrent.ScheduledThreadPoolExecutor$ScheduledFutureTask.run(ScheduledThreadPoolExecutor.java:293)
	at java.util.concurrent.ThreadPoolExecutor.runWorker(ThreadPoolExecutor.java:1149)
	at java.util.concurrent.ThreadPoolExecutor$Worker.run(ThreadPoolExecutor.java:624)
	at java.lang.Thread.run(Thread.java:748)
2019-09-25 06:40:28,466 [RatisPipelineUtilsThread] INFO  pipeline.PipelinePlacementPolicy (PipelinePlacementPolicy.java:meetCriteria(91)) - Pipeline Placement: can't place more pipeline on heavy datanode： 571e9f02-d9f7-4eb1-bf23-fc203e64768a Heaviness: 6 limit: 5
2019-09-25 06:40:28,466 [RatisPipelineUtilsThread] INFO  pipeline.PipelinePlacementPolicy (PipelinePlacementPolicy.java:meetCriteria(91)) - Pipeline Placement: can't place more pipeline on heavy datanode： 4ef67e89-1d62-4370-ad00-484c653ab491 Heaviness: 6 limit: 5
2019-09-25 06:40:28,466 [RatisPipelineUtilsThread] INFO  pipeline.PipelinePlacementPolicy (PipelinePlacementPolicy.java:meetCriteria(91)) - Pipeline Placement: can't place more pipeline on heavy datanode： 6904bcff-8c3f-4400-a757-50526e5abd46 Heaviness: 6 limit: 5
2019-09-25 06:40:28,467 [RatisPipelineUtilsThread] ERROR pipeline.PipelinePlacementPolicy (PipelinePlacementPolicy.java:filterViableNodes(148)) - Unable to find enough nodes that meet the criteria that cannot engage in more than 5 pipelines. Nodes required: 1 Found: 0, healthy nodes count inNodeManager: 3.
2019-09-25 06:40:28,467 [RatisPipelineUtilsThread] ERROR pipeline.SCMPipelineManager (SCMPipelineManager.java:createPipeline(167)) - Pipeline creation failed.
org.apache.hadoop.hdds.scm.exceptions.SCMException: Unable to find enough nodes that meet the criteria that cannot engage in more than 5 pipelines. Nodes required: 1 Found: 0, healthy nodes count inNodeManager: 3.
	at org.apache.hadoop.hdds.scm.pipeline.PipelinePlacementPolicy.filterViableNodes(PipelinePlacementPolicy.java:149)
	at org.apache.hadoop.hdds.scm.pipeline.PipelinePlacementPolicy.chooseDatanodes(PipelinePlacementPolicy.java:172)
	at org.apache.hadoop.hdds.scm.pipeline.RatisPipelineProvider.create(RatisPipelineProvider.java:93)
	at org.apache.hadoop.hdds.scm.pipeline.PipelineFactory.create(PipelineFactory.java:58)
	at org.apache.hadoop.hdds.scm.pipeline.SCMPipelineManager.createPipeline(SCMPipelineManager.java:155)
	at org.apache.hadoop.hdds.scm.pipeline.BackgroundPipelineCreator.createPipelines(BackgroundPipelineCreator.java:99)
	at org.apache.hadoop.hdds.scm.pipeline.BackgroundPipelineCreator.lambda$startFixedIntervalPipelineCreator$0(BackgroundPipelineCreator.java:70)
	at java.util.concurrent.Executors$RunnableAdapter.call(Executors.java:511)
	at java.util.concurrent.FutureTask.runAndReset(FutureTask.java:308)
	at java.util.concurrent.ScheduledThreadPoolExecutor$ScheduledFutureTask.access$301(ScheduledThreadPoolExecutor.java:180)
	at java.util.concurrent.ScheduledThreadPoolExecutor$ScheduledFutureTask.run(ScheduledThreadPoolExecutor.java:294)
	at java.util.concurrent.ThreadPoolExecutor.runWorker(ThreadPoolExecutor.java:1149)
	at java.util.concurrent.ThreadPoolExecutor$Worker.run(ThreadPoolExecutor.java:624)
	at java.lang.Thread.run(Thread.java:748)
2019-09-25 06:40:28,467 [RatisPipelineUtilsThread] INFO  pipeline.PipelinePlacementPolicy (PipelinePlacementPolicy.java:meetCriteria(91)) - Pipeline Placement: can't place more pipeline on heavy datanode： 571e9f02-d9f7-4eb1-bf23-fc203e64768a Heaviness: 6 limit: 5
2019-09-25 06:40:28,467 [RatisPipelineUtilsThread] INFO  pipeline.PipelinePlacementPolicy (PipelinePlacementPolicy.java:meetCriteria(91)) - Pipeline Placement: can't place more pipeline on heavy datanode： 4ef67e89-1d62-4370-ad00-484c653ab491 Heaviness: 6 limit: 5
2019-09-25 06:40:28,467 [RatisPipelineUtilsThread] INFO  pipeline.PipelinePlacementPolicy (PipelinePlacementPolicy.java:meetCriteria(91)) - Pipeline Placement: can't place more pipeline on heavy datanode： 6904bcff-8c3f-4400-a757-50526e5abd46 Heaviness: 6 limit: 5
2019-09-25 06:40:28,468 [RatisPipelineUtilsThread] ERROR pipeline.PipelinePlacementPolicy (PipelinePlacementPolicy.java:filterViableNodes(148)) - Unable to find enough nodes that meet the criteria that cannot engage in more than 5 pipelines. Nodes required: 3 Found: 0, healthy nodes count inNodeManager: 3.
2019-09-25 06:40:28,468 [RatisPipelineUtilsThread] ERROR pipeline.SCMPipelineManager (SCMPipelineManager.java:createPipeline(167)) - Pipeline creation failed.
org.apache.hadoop.hdds.scm.exceptions.SCMException: Unable to find enough nodes that meet the criteria that cannot engage in more than 5 pipelines. Nodes required: 3 Found: 0, healthy nodes count inNodeManager: 3.
	at org.apache.hadoop.hdds.scm.pipeline.PipelinePlacementPolicy.filterViableNodes(PipelinePlacementPolicy.java:149)
	at org.apache.hadoop.hdds.scm.pipeline.PipelinePlacementPolicy.chooseDatanodes(PipelinePlacementPolicy.java:172)
	at org.apache.hadoop.hdds.scm.pipeline.RatisPipelineProvider.create(RatisPipelineProvider.java:93)
	at org.apache.hadoop.hdds.scm.pipeline.PipelineFactory.create(PipelineFactory.java:58)
	at org.apache.hadoop.hdds.scm.pipeline.SCMPipelineManager.createPipeline(SCMPipelineManager.java:155)
	at org.apache.hadoop.hdds.scm.pipeline.BackgroundPipelineCreator.createPipelines(BackgroundPipelineCreator.java:99)
	at org.apache.hadoop.hdds.scm.pipeline.BackgroundPipelineCreator.lambda$startFixedIntervalPipelineCreator$0(BackgroundPipelineCreator.java:70)
	at java.util.concurrent.Executors$RunnableAdapter.call(Executors.java:511)
	at java.util.concurrent.FutureTask.runAndReset(FutureTask.java:308)
	at java.util.concurrent.ScheduledThreadPoolExecutor$ScheduledFutureTask.access$301(ScheduledThreadPoolExecutor.java:180)
	at java.util.concurrent.ScheduledThreadPoolExecutor$ScheduledFutureTask.run(ScheduledThreadPoolExecutor.java:294)
	at java.util.concurrent.ThreadPoolExecutor.runWorker(ThreadPoolExecutor.java:1149)
	at java.util.concurrent.ThreadPoolExecutor$Worker.run(ThreadPoolExecutor.java:624)
	at java.lang.Thread.run(Thread.java:748)
2019-09-25 06:40:28,710 [Thread-987] INFO  ozone.MiniOzoneClusterImpl (MiniOzoneClusterImpl.java:lambda$waitForClusterToBeReady$0(147)) - Cluster is ready. Got 3 of 3 DN Heartbeats.
2019-09-25 06:40:28,763 [Thread-987] INFO  rpc.RpcClient (RpcClient.java:createVolume(276)) - Creating Volume: volume74853, with user00598 as owner.
2019-09-25 06:40:28,766 [IPC Server handler 2 on 37623] INFO  volume.OMVolumeCreateRequest (OMVolumeCreateRequest.java:validateAndUpdateCache(189)) - created volume:volume74853 for user:user00598
2019-09-25 06:40:28,778 [Thread-987] INFO  rpc.RpcClient (RpcClient.java:createBucket(415)) - Creating Bucket: volume74853/bucket72395, with Versioning false and Storage Type set to DISK and Encryption set to false 
2019-09-25 06:40:28,822 [IPC Server handler 1 on 34177] INFO  pipeline.PipelinePlacementPolicy (PipelinePlacementPolicy.java:meetCriteria(91)) - Pipeline Placement: can't place more pipeline on heavy datanode： 571e9f02-d9f7-4eb1-bf23-fc203e64768a Heaviness: 6 limit: 5
2019-09-25 06:40:28,823 [IPC Server handler 1 on 34177] INFO  pipeline.PipelinePlacementPolicy (PipelinePlacementPolicy.java:meetCriteria(91)) - Pipeline Placement: can't place more pipeline on heavy datanode： 4ef67e89-1d62-4370-ad00-484c653ab491 Heaviness: 6 limit: 5
2019-09-25 06:40:28,823 [IPC Server handler 1 on 34177] INFO  pipeline.PipelinePlacementPolicy (PipelinePlacementPolicy.java:meetCriteria(91)) - Pipeline Placement: can't place more pipeline on heavy datanode： 6904bcff-8c3f-4400-a757-50526e5abd46 Heaviness: 6 limit: 5
2019-09-25 06:40:28,823 [IPC Server handler 1 on 34177] ERROR pipeline.PipelinePlacementPolicy (PipelinePlacementPolicy.java:filterViableNodes(148)) - Unable to find enough nodes that meet the criteria that cannot engage in more than 5 pipelines. Nodes required: 3 Found: 0, healthy nodes count inNodeManager: 3.
2019-09-25 06:40:28,824 [IPC Server handler 1 on 34177] ERROR pipeline.SCMPipelineManager (SCMPipelineManager.java:createPipeline(167)) - Pipeline creation failed.
org.apache.hadoop.hdds.scm.exceptions.SCMException: Unable to find enough nodes that meet the criteria that cannot engage in more than 5 pipelines. Nodes required: 3 Found: 0, healthy nodes count inNodeManager: 3.
	at org.apache.hadoop.hdds.scm.pipeline.PipelinePlacementPolicy.filterViableNodes(PipelinePlacementPolicy.java:149)
	at org.apache.hadoop.hdds.scm.pipeline.PipelinePlacementPolicy.chooseDatanodes(PipelinePlacementPolicy.java:172)
	at org.apache.hadoop.hdds.scm.pipeline.RatisPipelineProvider.create(RatisPipelineProvider.java:93)
	at org.apache.hadoop.hdds.scm.pipeline.PipelineFactory.create(PipelineFactory.java:58)
	at org.apache.hadoop.hdds.scm.pipeline.SCMPipelineManager.createPipeline(SCMPipelineManager.java:155)
	at org.apache.hadoop.hdds.scm.block.BlockManagerImpl.allocateBlock(BlockManagerImpl.java:190)
	at org.apache.hadoop.hdds.scm.server.SCMBlockProtocolServer.allocateBlock(SCMBlockProtocolServer.java:182)
	at org.apache.hadoop.ozone.protocolPB.ScmBlockLocationProtocolServerSideTranslatorPB.allocateScmBlock(ScmBlockLocationProtocolServerSideTranslatorPB.java:183)
	at org.apache.hadoop.ozone.protocolPB.ScmBlockLocationProtocolServerSideTranslatorPB.processMessage(ScmBlockLocationProtocolServerSideTranslatorPB.java:141)
	at org.apache.hadoop.ozone.protocolPB.ScmBlockLocationProtocolServerSideTranslatorPB.send(ScmBlockLocationProtocolServerSideTranslatorPB.java:116)
	at org.apache.hadoop.hdds.protocol.proto.ScmBlockLocationProtocolProtos$ScmBlockLocationProtocolService$2.callBlockingMethod(ScmBlockLocationProtocolProtos.java:13157)
	at org.apache.hadoop.ipc.ProtobufRpcEngine$Server$ProtoBufRpcInvoker.call(ProtobufRpcEngine.java:524)
	at org.apache.hadoop.ipc.RPC$Server.call(RPC.java:1025)
	at org.apache.hadoop.ipc.Server$RpcCall.run(Server.java:876)
	at org.apache.hadoop.ipc.Server$RpcCall.run(Server.java:822)
	at java.security.AccessController.doPrivileged(Native Method)
	at javax.security.auth.Subject.doAs(Subject.java:422)
	at org.apache.hadoop.security.UserGroupInformation.doAs(UserGroupInformation.java:1730)
	at org.apache.hadoop.ipc.Server$Handler.run(Server.java:2682)
2019-09-25 06:40:28,824 [IPC Server handler 1 on 34177] WARN  block.BlockManagerImpl (BlockManagerImpl.java:allocateBlock(192)) - Pipeline creation failed for type:RATIS factor:THREE. Retrying get pipelines call once.
org.apache.hadoop.hdds.scm.exceptions.SCMException: Unable to find enough nodes that meet the criteria that cannot engage in more than 5 pipelines. Nodes required: 3 Found: 0, healthy nodes count inNodeManager: 3.
	at org.apache.hadoop.hdds.scm.pipeline.PipelinePlacementPolicy.filterViableNodes(PipelinePlacementPolicy.java:149)
	at org.apache.hadoop.hdds.scm.pipeline.PipelinePlacementPolicy.chooseDatanodes(PipelinePlacementPolicy.java:172)
	at org.apache.hadoop.hdds.scm.pipeline.RatisPipelineProvider.create(RatisPipelineProvider.java:93)
	at org.apache.hadoop.hdds.scm.pipeline.PipelineFactory.create(PipelineFactory.java:58)
	at org.apache.hadoop.hdds.scm.pipeline.SCMPipelineManager.createPipeline(SCMPipelineManager.java:155)
	at org.apache.hadoop.hdds.scm.block.BlockManagerImpl.allocateBlock(BlockManagerImpl.java:190)
	at org.apache.hadoop.hdds.scm.server.SCMBlockProtocolServer.allocateBlock(SCMBlockProtocolServer.java:182)
	at org.apache.hadoop.ozone.protocolPB.ScmBlockLocationProtocolServerSideTranslatorPB.allocateScmBlock(ScmBlockLocationProtocolServerSideTranslatorPB.java:183)
	at org.apache.hadoop.ozone.protocolPB.ScmBlockLocationProtocolServerSideTranslatorPB.processMessage(ScmBlockLocationProtocolServerSideTranslatorPB.java:141)
	at org.apache.hadoop.ozone.protocolPB.ScmBlockLocationProtocolServerSideTranslatorPB.send(ScmBlockLocationProtocolServerSideTranslatorPB.java:116)
	at org.apache.hadoop.hdds.protocol.proto.ScmBlockLocationProtocolProtos$ScmBlockLocationProtocolService$2.callBlockingMethod(ScmBlockLocationProtocolProtos.java:13157)
	at org.apache.hadoop.ipc.ProtobufRpcEngine$Server$ProtoBufRpcInvoker.call(ProtobufRpcEngine.java:524)
	at org.apache.hadoop.ipc.RPC$Server.call(RPC.java:1025)
	at org.apache.hadoop.ipc.Server$RpcCall.run(Server.java:876)
	at org.apache.hadoop.ipc.Server$RpcCall.run(Server.java:822)
	at java.security.AccessController.doPrivileged(Native Method)
	at javax.security.auth.Subject.doAs(Subject.java:422)
	at org.apache.hadoop.security.UserGroupInformation.doAs(UserGroupInformation.java:1730)
	at org.apache.hadoop.ipc.Server$Handler.run(Server.java:2682)
2019-09-25 06:40:28,825 [IPC Server handler 1 on 34177] INFO  block.BlockManagerImpl (BlockManagerImpl.java:allocateBlock(198)) - Could not find available pipeline of type:RATIS and factor:THREE even after retrying
2019-09-25 06:40:28,825 [IPC Server handler 1 on 34177] ERROR block.BlockManagerImpl (BlockManagerImpl.java:allocateBlock(222)) - Unable to allocate a block for the size: 4194304, type: RATIS, factor: THREE
2019-09-25 06:40:28,837 [Thread-987] INFO  ozone.MiniOzoneClusterImpl (MiniOzoneClusterImpl.java:shutdown(314)) - Shutting down the Mini Ozone Cluster
2019-09-25 06:40:28,837 [Thread-987] INFO  ozone.MiniOzoneClusterImpl (MiniOzoneClusterImpl.java:stop(330)) - Stopping the Mini Ozone Cluster
2019-09-25 06:40:28,837 [Thread-987] INFO  ozone.MiniOzoneClusterImpl (MiniOzoneClusterImpl.java:stopOM(400)) - Stopping the OzoneManager
2019-09-25 06:40:28,837 [Thread-987] INFO  ipc.Server (Server.java:stop(3082)) - Stopping server on 37623
2019-09-25 06:40:28,841 [IPC Server listener on 37623] INFO  ipc.Server (Server.java:run(1185)) - Stopping IPC Server listener on 37623
2019-09-25 06:40:28,845 [Thread-987] INFO  ratis.OzoneManagerDoubleBuffer (OzoneManagerDoubleBuffer.java:stop(248)) - Stopping OMDoubleBuffer flush thread
2019-09-25 06:40:28,845 [IPC Server Responder] INFO  ipc.Server (Server.java:run(1319)) - Stopping IPC Server Responder
2019-09-25 06:40:28,846 [OMDoubleBufferFlushThread] INFO  ratis.OzoneManagerDoubleBuffer (OzoneManagerDoubleBuffer.java:flushTransactions(191)) - OMDoubleBuffer flush thread OMDoubleBufferFlushThread is interrupted and will exit. OMDoubleBufferFlushThread
2019-09-25 06:40:28,847 [Thread-987] INFO  utils.BackgroundService (BackgroundService.java:shutdown(148)) - Shutting down service KeyDeletingService
2019-09-25 06:40:28,848 [Thread-987] INFO  handler.ContextHandler (ContextHandler.java:doStop(910)) - Stopped o.e.j.w.WebAppContext@1ad79744{/,null,UNAVAILABLE}{/ozoneManager}
2019-09-25 06:40:28,849 [Thread-987] INFO  server.AbstractConnector (AbstractConnector.java:doStop(318)) - Stopped ServerConnector@75895d4b{HTTP/1.1,[http/1.1]}{0.0.0.0:0}
2019-09-25 06:40:28,849 [Thread-987] INFO  handler.ContextHandler (ContextHandler.java:doStop(910)) - Stopped o.e.j.s.ServletContextHandler@2a003ad9{/static,jar:file:/home/user/.m2/repository/org/apache/hadoop/hadoop-ozone-ozone-manager/0.5.0-SNAPSHOT/hadoop-ozone-ozone-manager-0.5.0-SNAPSHOT.jar!/webapps/static,UNAVAILABLE}
2019-09-25 06:40:28,849 [Thread-987] INFO  handler.ContextHandler (ContextHandler.java:doStop(910)) - Stopped o.e.j.s.ServletContextHandler@7d67e5d0{/logs,file:///workdir/hadoop-ozone/ozonefs/target/log,UNAVAILABLE}
2019-09-25 06:40:28,851 [Thread-987] INFO  ozone.MiniOzoneClusterImpl (MiniOzoneClusterImpl.java:stopDatanodes(377)) - Stopping the HddsDatanodes
2019-09-25 06:40:29,572 [Datanode State Machine Thread - 0] INFO  statemachine.DatanodeStateMachine (DatanodeStateMachine.java:lambda$startDaemon$0(350)) - Ozone container server started.
2019-09-25 06:40:29,639 [Datanode State Machine Thread - 0] INFO  statemachine.DatanodeStateMachine (DatanodeStateMachine.java:lambda$startDaemon$0(350)) - Ozone container server started.
2019-09-25 06:40:30,588 [Thread-1159] INFO  container.ReplicationManager (ReplicationManager.java:start(163)) - Starting Replication Monitor Thread.
2019-09-25 06:40:30,590 [ReplicationMonitor] INFO  container.ReplicationManager (ReplicationManager.java:run(226)) - Replication Monitor Thread took 1 milliseconds for processing 0 containers.
2019-09-25 06:40:32,765 [Thread-1167] INFO  impl.FollowerState (FollowerState.java:run(106)) - 6904bcff-8c3f-4400-a757-50526e5abd46:group-CA2E17F1AD5A changes to CANDIDATE, lastRpcTime:5010, electionTimeout:5010ms
2019-09-25 06:40:32,766 [Thread-1167] INFO  impl.RoleInfo (RoleInfo.java:shutdownFollowerState(121)) - 6904bcff-8c3f-4400-a757-50526e5abd46: shutdown FollowerState
2019-09-25 06:40:32,766 [Thread-1167] INFO  impl.RaftServerImpl (RaftServerImpl.java:setRole(174)) - 6904bcff-8c3f-4400-a757-50526e5abd46@group-CA2E17F1AD5A: changes role from  FOLLOWER to CANDIDATE at term 0 for changeToCandidate
2019-09-25 06:40:32,766 [Thread-1167] INFO  impl.RoleInfo (RoleInfo.java:updateAndGet(143)) - 6904bcff-8c3f-4400-a757-50526e5abd46: start LeaderElection
2019-09-25 06:40:32,813 [Thread-1161] INFO  impl.FollowerState (FollowerState.java:run(106)) - 6904bcff-8c3f-4400-a757-50526e5abd46:group-ED342419C4A0 changes to CANDIDATE, lastRpcTime:5153, electionTimeout:5153ms
2019-09-25 06:40:32,813 [Thread-1161] INFO  impl.RoleInfo (RoleInfo.java:shutdownFollowerState(121)) - 6904bcff-8c3f-4400-a757-50526e5abd46: shutdown FollowerState
2019-09-25 06:40:32,813 [Thread-1161] INFO  impl.RaftServerImpl (RaftServerImpl.java:setRole(174)) - 6904bcff-8c3f-4400-a757-50526e5abd46@group-ED342419C4A0: changes role from  FOLLOWER to CANDIDATE at term 0 for changeToCandidate
2019-09-25 06:40:32,813 [Thread-1161] INFO  impl.RoleInfo (RoleInfo.java:updateAndGet(143)) - 6904bcff-8c3f-4400-a757-50526e5abd46: start LeaderElection
2019-09-25 06:40:32,851 [Thread-1164] INFO  impl.FollowerState (FollowerState.java:run(106)) - 6904bcff-8c3f-4400-a757-50526e5abd46:group-F02307EA0B9D changes to CANDIDATE, lastRpcTime:5142, electionTimeout:5142ms
2019-09-25 06:40:32,851 [Thread-1164] INFO  impl.RoleInfo (RoleInfo.java:shutdownFollowerState(121)) - 6904bcff-8c3f-4400-a757-50526e5abd46: shutdown FollowerState
2019-09-25 06:40:32,851 [Thread-1164] INFO  impl.RaftServerImpl (RaftServerImpl.java:setRole(174)) - 6904bcff-8c3f-4400-a757-50526e5abd46@group-F02307EA0B9D: changes role from  FOLLOWER to CANDIDATE at term 0 for changeToCandidate
2019-09-25 06:40:32,851 [Thread-1164] INFO  impl.RoleInfo (RoleInfo.java:updateAndGet(143)) - 6904bcff-8c3f-4400-a757-50526e5abd46: start LeaderElection
2019-09-25 06:40:32,927 [Thread-1176] INFO  impl.FollowerState (FollowerState.java:run(106)) - 6904bcff-8c3f-4400-a757-50526e5abd46:group-4A308F0126A3 changes to CANDIDATE, lastRpcTime:5068, electionTimeout:5068ms
2019-09-25 06:40:32,928 [Thread-1176] INFO  impl.RoleInfo (RoleInfo.java:shutdownFollowerState(121)) - 6904bcff-8c3f-4400-a757-50526e5abd46: shutdown FollowerState
2019-09-25 06:40:32,928 [Thread-1176] INFO  impl.RaftServerImpl (RaftServerImpl.java:setRole(174)) - 6904bcff-8c3f-4400-a757-50526e5abd46@group-4A308F0126A3: changes role from  FOLLOWER to CANDIDATE at term 0 for changeToCandidate
2019-09-25 06:40:32,928 [Thread-1176] INFO  impl.RoleInfo (RoleInfo.java:updateAndGet(143)) - 6904bcff-8c3f-4400-a757-50526e5abd46: start LeaderElection
2019-09-25 06:40:32,947 [Thread-1173] INFO  impl.FollowerState (FollowerState.java:run(106)) - 4ef67e89-1d62-4370-ad00-484c653ab491:group-B3AD4ACCF736 changes to CANDIDATE, lastRpcTime:5113, electionTimeout:5113ms
2019-09-25 06:40:32,948 [Thread-1173] INFO  impl.RoleInfo (RoleInfo.java:shutdownFollowerState(121)) - 4ef67e89-1d62-4370-ad00-484c653ab491: shutdown FollowerState
2019-09-25 06:40:32,948 [Thread-1173] INFO  impl.RaftServerImpl (RaftServerImpl.java:setRole(174)) - 4ef67e89-1d62-4370-ad00-484c653ab491@group-B3AD4ACCF736: changes role from  FOLLOWER to CANDIDATE at term 0 for changeToCandidate
2019-09-25 06:40:32,948 [Thread-1173] INFO  impl.RoleInfo (RoleInfo.java:updateAndGet(143)) - 4ef67e89-1d62-4370-ad00-484c653ab491: start LeaderElection
2019-09-25 06:40:32,950 [Thread-1170] INFO  impl.FollowerState (FollowerState.java:run(106)) - 6904bcff-8c3f-4400-a757-50526e5abd46:group-3B1158F5B465 changes to CANDIDATE, lastRpcTime:5148, electionTimeout:5147ms
2019-09-25 06:40:32,953 [Thread-1170] INFO  impl.RoleInfo (RoleInfo.java:shutdownFollowerState(121)) - 6904bcff-8c3f-4400-a757-50526e5abd46: shutdown FollowerState
2019-09-25 06:40:32,953 [Thread-1170] INFO  impl.RaftServerImpl (RaftServerImpl.java:setRole(174)) - 6904bcff-8c3f-4400-a757-50526e5abd46@group-3B1158F5B465: changes role from  FOLLOWER to CANDIDATE at term 0 for changeToCandidate
2019-09-25 06:40:32,953 [Thread-1170] INFO  impl.RoleInfo (RoleInfo.java:updateAndGet(143)) - 6904bcff-8c3f-4400-a757-50526e5abd46: start LeaderElection
2019-09-25 06:40:33,023 [Thread-1179] INFO  impl.FollowerState (FollowerState.java:run(106)) - 6904bcff-8c3f-4400-a757-50526e5abd46:group-22D71A69B21C changes to CANDIDATE, lastRpcTime:5102, electionTimeout:5102ms
2019-09-25 06:40:33,024 [Thread-1179] INFO  impl.RoleInfo (RoleInfo.java:shutdownFollowerState(121)) - 6904bcff-8c3f-4400-a757-50526e5abd46: shutdown FollowerState
2019-09-25 06:40:33,024 [Thread-1179] INFO  impl.RaftServerImpl (RaftServerImpl.java:setRole(174)) - 6904bcff-8c3f-4400-a757-50526e5abd46@group-22D71A69B21C: changes role from  FOLLOWER to CANDIDATE at term 0 for changeToCandidate
2019-09-25 06:40:33,024 [Thread-1179] INFO  impl.RoleInfo (RoleInfo.java:updateAndGet(143)) - 6904bcff-8c3f-4400-a757-50526e5abd46: start LeaderElection
2019-09-25 06:40:33,062 [Thread-1182] INFO  impl.FollowerState (FollowerState.java:run(106)) - 4ef67e89-1d62-4370-ad00-484c653ab491:group-711521F40132 changes to CANDIDATE, lastRpcTime:5082, electionTimeout:5082ms
2019-09-25 06:40:33,062 [Thread-1182] INFO  impl.RoleInfo (RoleInfo.java:shutdownFollowerState(121)) - 4ef67e89-1d62-4370-ad00-484c653ab491: shutdown FollowerState
2019-09-25 06:40:33,062 [Thread-1182] INFO  impl.RaftServerImpl (RaftServerImpl.java:setRole(174)) - 4ef67e89-1d62-4370-ad00-484c653ab491@group-711521F40132: changes role from  FOLLOWER to CANDIDATE at term 0 for changeToCandidate
2019-09-25 06:40:33,062 [Thread-1182] INFO  impl.RoleInfo (RoleInfo.java:updateAndGet(143)) - 4ef67e89-1d62-4370-ad00-484c653ab491: start LeaderElection
2019-09-25 06:40:33,127 [Thread-1188] INFO  impl.FollowerState (FollowerState.java:run(106)) - 571e9f02-d9f7-4eb1-bf23-fc203e64768a:group-F3B610D8A1BD changes to CANDIDATE, lastRpcTime:5035, electionTimeout:5035ms
2019-09-25 06:40:33,128 [Thread-1188] INFO  impl.RoleInfo (RoleInfo.java:shutdownFollowerState(121)) - 571e9f02-d9f7-4eb1-bf23-fc203e64768a: shutdown FollowerState
2019-09-25 06:40:33,128 [Thread-1188] INFO  impl.RaftServerImpl (RaftServerImpl.java:setRole(174)) - 571e9f02-d9f7-4eb1-bf23-fc203e64768a@group-F3B610D8A1BD: changes role from  FOLLOWER to CANDIDATE at term 0 for changeToCandidate
2019-09-25 06:40:33,128 [Thread-1188] INFO  impl.RoleInfo (RoleInfo.java:updateAndGet(143)) - 571e9f02-d9f7-4eb1-bf23-fc203e64768a: start LeaderElection
2019-09-25 06:40:33,210 [Thread-1191] INFO  impl.FollowerState (FollowerState.java:run(106)) - 4ef67e89-1d62-4370-ad00-484c653ab491:group-61F0BFD3647C changes to CANDIDATE, lastRpcTime:5069, electionTimeout:5069ms
2019-09-25 06:40:33,210 [Thread-1191] INFO  impl.RoleInfo (RoleInfo.java:shutdownFollowerState(121)) - 4ef67e89-1d62-4370-ad00-484c653ab491: shutdown FollowerState
2019-09-25 06:40:33,210 [Thread-1191] INFO  impl.RaftServerImpl (RaftServerImpl.java:setRole(174)) - 4ef67e89-1d62-4370-ad00-484c653ab491@group-61F0BFD3647C: changes role from  FOLLOWER to CANDIDATE at term 0 for changeToCandidate
2019-09-25 06:40:33,210 [Thread-1191] INFO  impl.RoleInfo (RoleInfo.java:updateAndGet(143)) - 4ef67e89-1d62-4370-ad00-484c653ab491: start LeaderElection
2019-09-25 06:40:33,223 [Thread-1185] INFO  impl.FollowerState (FollowerState.java:run(106)) - 571e9f02-d9f7-4eb1-bf23-fc203e64768a:group-6A3D527BD4DE changes to CANDIDATE, lastRpcTime:5181, electionTimeout:5181ms
2019-09-25 06:40:33,223 [Thread-1185] INFO  impl.RoleInfo (RoleInfo.java:shutdownFollowerState(121)) - 571e9f02-d9f7-4eb1-bf23-fc203e64768a: shutdown FollowerState
2019-09-25 06:40:33,223 [Thread-1185] INFO  impl.RaftServerImpl (RaftServerImpl.java:setRole(174)) - 571e9f02-d9f7-4eb1-bf23-fc203e64768a@group-6A3D527BD4DE: changes role from  FOLLOWER to CANDIDATE at term 0 for changeToCandidate
2019-09-25 06:40:33,223 [Thread-1185] INFO  impl.RoleInfo (RoleInfo.java:updateAndGet(143)) - 571e9f02-d9f7-4eb1-bf23-fc203e64768a: start LeaderElection
2019-09-25 06:40:33,236 [Thread-1194] INFO  impl.FollowerState (FollowerState.java:run(106)) - 4ef67e89-1d62-4370-ad00-484c653ab491:group-74A69C1E1B9C changes to CANDIDATE, lastRpcTime:5045, electionTimeout:5045ms
2019-09-25 06:40:33,237 [Thread-1194] INFO  impl.RoleInfo (RoleInfo.java:shutdownFollowerState(121)) - 4ef67e89-1d62-4370-ad00-484c653ab491: shutdown FollowerState
2019-09-25 06:40:33,237 [Thread-1194] INFO  impl.RaftServerImpl (RaftServerImpl.java:setRole(174)) - 4ef67e89-1d62-4370-ad00-484c653ab491@group-74A69C1E1B9C: changes role from  FOLLOWER to CANDIDATE at term 0 for changeToCandidate
2019-09-25 06:40:33,237 [Thread-1194] INFO  impl.RoleInfo (RoleInfo.java:updateAndGet(143)) - 4ef67e89-1d62-4370-ad00-484c653ab491: start LeaderElection
2019-09-25 06:40:33,418 [6904bcff-8c3f-4400-a757-50526e5abd46@group-CA2E17F1AD5A:LeaderElection60] INFO  impl.LeaderElection (LeaderElection.java:askForVotes(182)) - 6904bcff-8c3f-4400-a757-50526e5abd46@group-CA2E17F1AD5A:LeaderElection60: begin an election at term 1 for -1: [6904bcff-8c3f-4400-a757-50526e5abd46:192.168.164.207:38124], old=null
2019-09-25 06:40:33,418 [6904bcff-8c3f-4400-a757-50526e5abd46@group-CA2E17F1AD5A:LeaderElection60] INFO  impl.RoleInfo (RoleInfo.java:shutdownLeaderElection(134)) - 6904bcff-8c3f-4400-a757-50526e5abd46: shutdown LeaderElection
2019-09-25 06:40:33,419 [6904bcff-8c3f-4400-a757-50526e5abd46@group-CA2E17F1AD5A:LeaderElection60] INFO  impl.RaftServerImpl (RaftServerImpl.java:setRole(174)) - 6904bcff-8c3f-4400-a757-50526e5abd46@group-CA2E17F1AD5A: changes role from CANDIDATE to LEADER at term 1 for changeToLeader
2019-09-25 06:40:33,419 [6904bcff-8c3f-4400-a757-50526e5abd46@group-CA2E17F1AD5A:LeaderElection60] INFO  impl.RaftServerImpl (ServerState.java:setLeader(253)) - 6904bcff-8c3f-4400-a757-50526e5abd46@group-CA2E17F1AD5A: change Leader from null to 6904bcff-8c3f-4400-a757-50526e5abd46 at term 1 for becomeLeader, leader elected after 5668ms
2019-09-25 06:40:33,419 [6904bcff-8c3f-4400-a757-50526e5abd46@group-CA2E17F1AD5A:LeaderElection60] INFO  server.RaftServerConfigKeys (ConfUtils.java:logGet(43)) - raft.server.staging.catchup.gap = 1000 (default)
2019-09-25 06:40:33,419 [6904bcff-8c3f-4400-a757-50526e5abd46@group-CA2E17F1AD5A:LeaderElection60] INFO  server.RaftServerConfigKeys (ConfUtils.java:logGet(43)) - raft.server.rpc.sleep.time = 25ms (default)
2019-09-25 06:40:33,419 [6904bcff-8c3f-4400-a757-50526e5abd46@group-CA2E17F1AD5A:LeaderElection60] INFO  server.RaftServerConfigKeys (ConfUtils.java:logGet(43)) - raft.server.write.element-limit = 4096 (default)
2019-09-25 06:40:33,419 [6904bcff-8c3f-4400-a757-50526e5abd46@group-CA2E17F1AD5A:LeaderElection60] INFO  server.RaftServerConfigKeys (ConfUtils.java:logGet(43)) - raft.server.watch.timeout = 10s (default)
2019-09-25 06:40:33,420 [6904bcff-8c3f-4400-a757-50526e5abd46@group-CA2E17F1AD5A:LeaderElection60] INFO  server.RaftServerConfigKeys (ConfUtils.java:logGet(43)) - raft.server.watch.timeout.denomination = 1s (default)
2019-09-25 06:40:33,420 [6904bcff-8c3f-4400-a757-50526e5abd46@group-CA2E17F1AD5A:LeaderElection60] INFO  server.RaftServerConfigKeys (ConfUtils.java:logGet(43)) - raft.server.watch.element-limit = 65536 (default)
2019-09-25 06:40:33,422 [6904bcff-8c3f-4400-a757-50526e5abd46@group-CA2E17F1AD5A:LeaderElection60] INFO  impl.RoleInfo (RoleInfo.java:updateAndGet(143)) - 6904bcff-8c3f-4400-a757-50526e5abd46: start LeaderState
2019-09-25 06:40:33,423 [6904bcff-8c3f-4400-a757-50526e5abd46@group-CA2E17F1AD5A:LeaderElection60] INFO  segmented.SegmentedRaftLogWorker (SegmentedRaftLogWorker.java:startLogSegment(380)) - 6904bcff-8c3f-4400-a757-50526e5abd46@group-CA2E17F1AD5A-SegmentedRaftLogWorker: Starting segment from index:0
2019-09-25 06:40:33,423 [6904bcff-8c3f-4400-a757-50526e5abd46@group-CA2E17F1AD5A:LeaderElection60] INFO  impl.RaftServerImpl (ServerState.java:setRaftConf(354)) - 6904bcff-8c3f-4400-a757-50526e5abd46@group-CA2E17F1AD5A: set configuration 0: [6904bcff-8c3f-4400-a757-50526e5abd46:192.168.164.207:38124], old=null at 0
2019-09-25 06:40:33,426 [Thread-1209] INFO  impl.FollowerState (FollowerState.java:run(106)) - 571e9f02-d9f7-4eb1-bf23-fc203e64768a:group-3797BFC0E5C7 changes to CANDIDATE, lastRpcTime:5021, electionTimeout:5021ms
2019-09-25 06:40:33,426 [Thread-1209] INFO  impl.RoleInfo (RoleInfo.java:shutdownFollowerState(121)) - 571e9f02-d9f7-4eb1-bf23-fc203e64768a: shutdown FollowerState
2019-09-25 06:40:33,426 [Thread-1209] INFO  impl.RaftServerImpl (RaftServerImpl.java:setRole(174)) - 571e9f02-d9f7-4eb1-bf23-fc203e64768a@group-3797BFC0E5C7: changes role from  FOLLOWER to CANDIDATE at term 0 for changeToCandidate
2019-09-25 06:40:33,426 [Thread-1209] INFO  impl.RoleInfo (RoleInfo.java:updateAndGet(143)) - 571e9f02-d9f7-4eb1-bf23-fc203e64768a: start LeaderElection
2019-09-25 06:40:33,431 [Thread-1197] INFO  impl.FollowerState (FollowerState.java:run(106)) - 4ef67e89-1d62-4370-ad00-484c653ab491:group-9FBC58DB55A7 changes to CANDIDATE, lastRpcTime:5193, electionTimeout:5193ms
2019-09-25 06:40:33,431 [Thread-1197] INFO  impl.RoleInfo (RoleInfo.java:shutdownFollowerState(121)) - 4ef67e89-1d62-4370-ad00-484c653ab491: shutdown FollowerState
2019-09-25 06:40:33,431 [Thread-1197] INFO  impl.RaftServerImpl (RaftServerImpl.java:setRole(174)) - 4ef67e89-1d62-4370-ad00-484c653ab491@group-9FBC58DB55A7: changes role from  FOLLOWER to CANDIDATE at term 0 for changeToCandidate
2019-09-25 06:40:33,432 [Thread-1197] INFO  impl.RoleInfo (RoleInfo.java:updateAndGet(143)) - 4ef67e89-1d62-4370-ad00-484c653ab491: start LeaderElection
2019-09-25 06:40:33,433 [6904bcff-8c3f-4400-a757-50526e5abd46@group-3B1158F5B465:LeaderElection65] INFO  impl.LeaderElection (LeaderElection.java:askForVotes(182)) - 6904bcff-8c3f-4400-a757-50526e5abd46@group-3B1158F5B465:LeaderElection65: begin an election at term 1 for -1: [6904bcff-8c3f-4400-a757-50526e5abd46:192.168.164.207:38124], old=null
2019-09-25 06:40:33,433 [4ef67e89-1d62-4370-ad00-484c653ab491@group-711521F40132:LeaderElection67] INFO  impl.LeaderElection (LeaderElection.java:askForVotes(182)) - 4ef67e89-1d62-4370-ad00-484c653ab491@group-711521F40132:LeaderElection67: begin an election at term 1 for -1: [4ef67e89-1d62-4370-ad00-484c653ab491:192.168.164.207:42988], old=null
2019-09-25 06:40:33,434 [6904bcff-8c3f-4400-a757-50526e5abd46@group-3B1158F5B465:LeaderElection65] INFO  impl.RoleInfo (RoleInfo.java:shutdownLeaderElection(134)) - 6904bcff-8c3f-4400-a757-50526e5abd46: shutdown LeaderElection
2019-09-25 06:40:33,433 [4ef67e89-1d62-4370-ad00-484c653ab491@group-74A69C1E1B9C:LeaderElection71] INFO  impl.LeaderElection (LeaderElection.java:askForVotes(182)) - 4ef67e89-1d62-4370-ad00-484c653ab491@group-74A69C1E1B9C:LeaderElection71: begin an election at term 1 for -1: [4ef67e89-1d62-4370-ad00-484c653ab491:192.168.164.207:42988], old=null
2019-09-25 06:40:33,433 [571e9f02-d9f7-4eb1-bf23-fc203e64768a@group-F3B610D8A1BD:LeaderElection68] INFO  impl.LeaderElection (LeaderElection.java:askForVotes(182)) - 571e9f02-d9f7-4eb1-bf23-fc203e64768a@group-F3B610D8A1BD:LeaderElection68: begin an election at term 1 for -1: [571e9f02-d9f7-4eb1-bf23-fc203e64768a:192.168.164.207:33483], old=null
2019-09-25 06:40:33,433 [4ef67e89-1d62-4370-ad00-484c653ab491@group-61F0BFD3647C:LeaderElection69] INFO  impl.LeaderElection (LeaderElection.java:askForVotes(182)) - 4ef67e89-1d62-4370-ad00-484c653ab491@group-61F0BFD3647C:LeaderElection69: begin an election at term 1 for -1: [4ef67e89-1d62-4370-ad00-484c653ab491:192.168.164.207:42988], old=null
2019-09-25 06:40:33,437 [4ef67e89-1d62-4370-ad00-484c653ab491@group-61F0BFD3647C:LeaderElection69] INFO  impl.RoleInfo (RoleInfo.java:shutdownLeaderElection(134)) - 4ef67e89-1d62-4370-ad00-484c653ab491: shutdown LeaderElection
2019-09-25 06:40:33,433 [571e9f02-d9f7-4eb1-bf23-fc203e64768a@group-6A3D527BD4DE:LeaderElection70] INFO  impl.LeaderElection (LeaderElection.java:askForVotes(182)) - 571e9f02-d9f7-4eb1-bf23-fc203e64768a@group-6A3D527BD4DE:LeaderElection70: begin an election at term 1 for -1: [571e9f02-d9f7-4eb1-bf23-fc203e64768a:192.168.164.207:33483], old=null
2019-09-25 06:40:33,433 [6904bcff-8c3f-4400-a757-50526e5abd46@group-ED342419C4A0:LeaderElection61] INFO  impl.LeaderElection (LeaderElection.java:askForVotes(182)) - 6904bcff-8c3f-4400-a757-50526e5abd46@group-ED342419C4A0:LeaderElection61: begin an election at term 1 for -1: [6904bcff-8c3f-4400-a757-50526e5abd46:192.168.164.207:38124], old=null
2019-09-25 06:40:33,433 [6904bcff-8c3f-4400-a757-50526e5abd46@group-4A308F0126A3:LeaderElection63] INFO  impl.LeaderElection (LeaderElection.java:askForVotes(182)) - 6904bcff-8c3f-4400-a757-50526e5abd46@group-4A308F0126A3:LeaderElection63: begin an election at term 1 for -1: [6904bcff-8c3f-4400-a757-50526e5abd46:192.168.164.207:38124], old=null
2019-09-25 06:40:33,433 [6904bcff-8c3f-4400-a757-50526e5abd46@group-22D71A69B21C:LeaderElection66] INFO  impl.LeaderElection (LeaderElection.java:askForVotes(182)) - 6904bcff-8c3f-4400-a757-50526e5abd46@group-22D71A69B21C:LeaderElection66: begin an election at term 1 for -1: [6904bcff-8c3f-4400-a757-50526e5abd46:192.168.164.207:38124], old=null
2019-09-25 06:40:33,433 [4ef67e89-1d62-4370-ad00-484c653ab491@group-B3AD4ACCF736:LeaderElection64] INFO  impl.LeaderElection (LeaderElection.java:askForVotes(182)) - 4ef67e89-1d62-4370-ad00-484c653ab491@group-B3AD4ACCF736:LeaderElection64: begin an election at term 1 for -1: [4ef67e89-1d62-4370-ad00-484c653ab491:192.168.164.207:42988], old=null
2019-09-25 06:40:33,433 [6904bcff-8c3f-4400-a757-50526e5abd46@group-F02307EA0B9D:LeaderElection62] INFO  impl.LeaderElection (LeaderElection.java:askForVotes(182)) - 6904bcff-8c3f-4400-a757-50526e5abd46@group-F02307EA0B9D:LeaderElection62: begin an election at term 1 for -1: [6904bcff-8c3f-4400-a757-50526e5abd46:192.168.164.207:38124], old=null
2019-09-25 06:40:33,438 [4ef67e89-1d62-4370-ad00-484c653ab491@group-B3AD4ACCF736:LeaderElection64] INFO  impl.RoleInfo (RoleInfo.java:shutdownLeaderElection(134)) - 4ef67e89-1d62-4370-ad00-484c653ab491: shutdown LeaderElection
2019-09-25 06:40:33,438 [6904bcff-8c3f-4400-a757-50526e5abd46@group-F02307EA0B9D:LeaderElection62] INFO  impl.RoleInfo (RoleInfo.java:shutdownLeaderElection(134)) - 6904bcff-8c3f-4400-a757-50526e5abd46: shutdown LeaderElection
2019-09-25 06:40:33,438 [6904bcff-8c3f-4400-a757-50526e5abd46@group-22D71A69B21C:LeaderElection66] INFO  impl.RoleInfo (RoleInfo.java:shutdownLeaderElection(134)) - 6904bcff-8c3f-4400-a757-50526e5abd46: shutdown LeaderElection
2019-09-25 06:40:33,438 [6904bcff-8c3f-4400-a757-50526e5abd46@group-4A308F0126A3:LeaderElection63] INFO  impl.RoleInfo (RoleInfo.java:shutdownLeaderElection(134)) - 6904bcff-8c3f-4400-a757-50526e5abd46: shutdown LeaderElection
2019-09-25 06:40:33,437 [6904bcff-8c3f-4400-a757-50526e5abd46@group-ED342419C4A0:LeaderElection61] INFO  impl.RoleInfo (RoleInfo.java:shutdownLeaderElection(134)) - 6904bcff-8c3f-4400-a757-50526e5abd46: shutdown LeaderElection
2019-09-25 06:40:33,439 [6904bcff-8c3f-4400-a757-50526e5abd46@group-ED342419C4A0:LeaderElection61] INFO  impl.RaftServerImpl (RaftServerImpl.java:setRole(174)) - 6904bcff-8c3f-4400-a757-50526e5abd46@group-ED342419C4A0: changes role from CANDIDATE to LEADER at term 1 for changeToLeader
2019-09-25 06:40:33,437 [571e9f02-d9f7-4eb1-bf23-fc203e64768a@group-6A3D527BD4DE:LeaderElection70] INFO  impl.RoleInfo (RoleInfo.java:shutdownLeaderElection(134)) - 571e9f02-d9f7-4eb1-bf23-fc203e64768a: shutdown LeaderElection
2019-09-25 06:40:33,437 [4ef67e89-1d62-4370-ad00-484c653ab491@group-61F0BFD3647C:LeaderElection69] INFO  impl.RaftServerImpl (RaftServerImpl.java:setRole(174)) - 4ef67e89-1d62-4370-ad00-484c653ab491@group-61F0BFD3647C: changes role from CANDIDATE to LEADER at term 1 for changeToLeader
2019-09-25 06:40:33,439 [4ef67e89-1d62-4370-ad00-484c653ab491@group-61F0BFD3647C:LeaderElection69] INFO  impl.RaftServerImpl (ServerState.java:setLeader(253)) - 4ef67e89-1d62-4370-ad00-484c653ab491@group-61F0BFD3647C: change Leader from null to 4ef67e89-1d62-4370-ad00-484c653ab491 at term 1 for becomeLeader, leader elected after 5305ms
2019-09-25 06:40:33,437 [571e9f02-d9f7-4eb1-bf23-fc203e64768a@group-F3B610D8A1BD:LeaderElection68] INFO  impl.RoleInfo (RoleInfo.java:shutdownLeaderElection(134)) - 571e9f02-d9f7-4eb1-bf23-fc203e64768a: shutdown LeaderElection
2019-09-25 06:40:33,437 [4ef67e89-1d62-4370-ad00-484c653ab491@group-74A69C1E1B9C:LeaderElection71] INFO  impl.RoleInfo (RoleInfo.java:shutdownLeaderElection(134)) - 4ef67e89-1d62-4370-ad00-484c653ab491: shutdown LeaderElection
2019-09-25 06:40:33,437 [6904bcff-8c3f-4400-a757-50526e5abd46@group-3B1158F5B465:LeaderElection65] INFO  impl.RaftServerImpl (RaftServerImpl.java:setRole(174)) - 6904bcff-8c3f-4400-a757-50526e5abd46@group-3B1158F5B465: changes role from CANDIDATE to LEADER at term 1 for changeToLeader
2019-09-25 06:40:33,437 [4ef67e89-1d62-4370-ad00-484c653ab491@group-711521F40132:LeaderElection67] INFO  impl.RoleInfo (RoleInfo.java:shutdownLeaderElection(134)) - 4ef67e89-1d62-4370-ad00-484c653ab491: shutdown LeaderElection
2019-09-25 06:40:33,439 [6904bcff-8c3f-4400-a757-50526e5abd46@group-3B1158F5B465:LeaderElection65] INFO  impl.RaftServerImpl (ServerState.java:setLeader(253)) - 6904bcff-8c3f-4400-a757-50526e5abd46@group-3B1158F5B465: change Leader from null to 6904bcff-8c3f-4400-a757-50526e5abd46 at term 1 for becomeLeader, leader elected after 5642ms
2019-09-25 06:40:33,439 [4ef67e89-1d62-4370-ad00-484c653ab491@group-74A69C1E1B9C:LeaderElection71] INFO  impl.RaftServerImpl (RaftServerImpl.java:setRole(174)) - 4ef67e89-1d62-4370-ad00-484c653ab491@group-74A69C1E1B9C: changes role from CANDIDATE to LEADER at term 1 for changeToLeader
2019-09-25 06:40:33,439 [571e9f02-d9f7-4eb1-bf23-fc203e64768a@group-F3B610D8A1BD:LeaderElection68] INFO  impl.RaftServerImpl (RaftServerImpl.java:setRole(174)) - 571e9f02-d9f7-4eb1-bf23-fc203e64768a@group-F3B610D8A1BD: changes role from CANDIDATE to LEADER at term 1 for changeToLeader
2019-09-25 06:40:33,439 [4ef67e89-1d62-4370-ad00-484c653ab491@group-61F0BFD3647C:LeaderElection69] INFO  server.RaftServerConfigKeys (ConfUtils.java:logGet(43)) - raft.server.staging.catchup.gap = 1000 (default)
2019-09-25 06:40:33,440 [4ef67e89-1d62-4370-ad00-484c653ab491@group-61F0BFD3647C:LeaderElection69] INFO  server.RaftServerConfigKeys (ConfUtils.java:logGet(43)) - raft.server.rpc.sleep.time = 25ms (default)
2019-09-25 06:40:33,439 [571e9f02-d9f7-4eb1-bf23-fc203e64768a@group-6A3D527BD4DE:LeaderElection70] INFO  impl.RaftServerImpl (RaftServerImpl.java:setRole(174)) - 571e9f02-d9f7-4eb1-bf23-fc203e64768a@group-6A3D527BD4DE: changes role from CANDIDATE to LEADER at term 1 for changeToLeader
2019-09-25 06:40:33,439 [6904bcff-8c3f-4400-a757-50526e5abd46@group-ED342419C4A0:LeaderElection61] INFO  impl.RaftServerImpl (ServerState.java:setLeader(253)) - 6904bcff-8c3f-4400-a757-50526e5abd46@group-ED342419C4A0: change Leader from null to 6904bcff-8c3f-4400-a757-50526e5abd46 at term 1 for becomeLeader, leader elected after 5788ms
2019-09-25 06:40:33,438 [6904bcff-8c3f-4400-a757-50526e5abd46@group-4A308F0126A3:LeaderElection63] INFO  impl.RaftServerImpl (RaftServerImpl.java:setRole(174)) - 6904bcff-8c3f-4400-a757-50526e5abd46@group-4A308F0126A3: changes role from CANDIDATE to LEADER at term 1 for changeToLeader
2019-09-25 06:40:33,441 [6904bcff-8c3f-4400-a757-50526e5abd46@group-ED342419C4A0:LeaderElection61] INFO  server.RaftServerConfigKeys (ConfUtils.java:logGet(43)) - raft.server.staging.catchup.gap = 1000 (default)
2019-09-25 06:40:33,438 [6904bcff-8c3f-4400-a757-50526e5abd46@group-22D71A69B21C:LeaderElection66] INFO  impl.RaftServerImpl (RaftServerImpl.java:setRole(174)) - 6904bcff-8c3f-4400-a757-50526e5abd46@group-22D71A69B21C: changes role from CANDIDATE to LEADER at term 1 for changeToLeader
2019-09-25 06:40:33,441 [6904bcff-8c3f-4400-a757-50526e5abd46@group-22D71A69B21C:LeaderElection66] INFO  impl.RaftServerImpl (ServerState.java:setLeader(253)) - 6904bcff-8c3f-4400-a757-50526e5abd46@group-22D71A69B21C: change Leader from null to 6904bcff-8c3f-4400-a757-50526e5abd46 at term 1 for becomeLeader, leader elected after 5525ms
2019-09-25 06:40:33,438 [6904bcff-8c3f-4400-a757-50526e5abd46@group-F02307EA0B9D:LeaderElection62] INFO  impl.RaftServerImpl (RaftServerImpl.java:setRole(174)) - 6904bcff-8c3f-4400-a757-50526e5abd46@group-F02307EA0B9D: changes role from CANDIDATE to LEADER at term 1 for changeToLeader
2019-09-25 06:40:33,438 [4ef67e89-1d62-4370-ad00-484c653ab491@group-B3AD4ACCF736:LeaderElection64] INFO  impl.RaftServerImpl (RaftServerImpl.java:setRole(174)) - 4ef67e89-1d62-4370-ad00-484c653ab491@group-B3AD4ACCF736: changes role from CANDIDATE to LEADER at term 1 for changeToLeader
2019-09-25 06:40:33,441 [6904bcff-8c3f-4400-a757-50526e5abd46@group-F02307EA0B9D:LeaderElection62] INFO  impl.RaftServerImpl (ServerState.java:setLeader(253)) - 6904bcff-8c3f-4400-a757-50526e5abd46@group-F02307EA0B9D: change Leader from null to 6904bcff-8c3f-4400-a757-50526e5abd46 at term 1 for becomeLeader, leader elected after 5738ms
2019-09-25 06:40:33,441 [6904bcff-8c3f-4400-a757-50526e5abd46@group-22D71A69B21C:LeaderElection66] INFO  server.RaftServerConfigKeys (ConfUtils.java:logGet(43)) - raft.server.staging.catchup.gap = 1000 (default)
2019-09-25 06:40:33,441 [6904bcff-8c3f-4400-a757-50526e5abd46@group-ED342419C4A0:LeaderElection61] INFO  server.RaftServerConfigKeys (ConfUtils.java:logGet(43)) - raft.server.rpc.sleep.time = 25ms (default)
2019-09-25 06:40:33,441 [6904bcff-8c3f-4400-a757-50526e5abd46@group-4A308F0126A3:LeaderElection63] INFO  impl.RaftServerImpl (ServerState.java:setLeader(253)) - 6904bcff-8c3f-4400-a757-50526e5abd46@group-4A308F0126A3: change Leader from null to 6904bcff-8c3f-4400-a757-50526e5abd46 at term 1 for becomeLeader, leader elected after 5585ms
2019-09-25 06:40:33,440 [571e9f02-d9f7-4eb1-bf23-fc203e64768a@group-6A3D527BD4DE:LeaderElection70] INFO  impl.RaftServerImpl (ServerState.java:setLeader(253)) - 571e9f02-d9f7-4eb1-bf23-fc203e64768a@group-6A3D527BD4DE: change Leader from null to 571e9f02-d9f7-4eb1-bf23-fc203e64768a at term 1 for becomeLeader, leader elected after 5408ms
2019-09-25 06:40:33,440 [4ef67e89-1d62-4370-ad00-484c653ab491@group-61F0BFD3647C:LeaderElection69] INFO  server.RaftServerConfigKeys (ConfUtils.java:logGet(43)) - raft.server.write.element-limit = 4096 (default)
2019-09-25 06:40:33,440 [571e9f02-d9f7-4eb1-bf23-fc203e64768a@group-F3B610D8A1BD:LeaderElection68] INFO  impl.RaftServerImpl (ServerState.java:setLeader(253)) - 571e9f02-d9f7-4eb1-bf23-fc203e64768a@group-F3B610D8A1BD: change Leader from null to 571e9f02-d9f7-4eb1-bf23-fc203e64768a at term 1 for becomeLeader, leader elected after 5353ms
2019-09-25 06:40:33,440 [4ef67e89-1d62-4370-ad00-484c653ab491@group-74A69C1E1B9C:LeaderElection71] INFO  impl.RaftServerImpl (ServerState.java:setLeader(253)) - 4ef67e89-1d62-4370-ad00-484c653ab491@group-74A69C1E1B9C: change Leader from null to 4ef67e89-1d62-4370-ad00-484c653ab491 at term 1 for becomeLeader, leader elected after 5255ms
2019-09-25 06:40:33,443 [4ef67e89-1d62-4370-ad00-484c653ab491@group-74A69C1E1B9C:LeaderElection71] INFO  server.RaftServerConfigKeys (ConfUtils.java:logGet(43)) - raft.server.staging.catchup.gap = 1000 (default)
2019-09-25 06:40:33,440 [6904bcff-8c3f-4400-a757-50526e5abd46@group-3B1158F5B465:LeaderElection65] INFO  server.RaftServerConfigKeys (ConfUtils.java:logGet(43)) - raft.server.staging.catchup.gap = 1000 (default)
2019-09-25 06:40:33,440 [4ef67e89-1d62-4370-ad00-484c653ab491@group-711521F40132:LeaderElection67] INFO  impl.RaftServerImpl (RaftServerImpl.java:setRole(174)) - 4ef67e89-1d62-4370-ad00-484c653ab491@group-711521F40132: changes role from CANDIDATE to LEADER at term 1 for changeToLeader
2019-09-25 06:40:33,443 [6904bcff-8c3f-4400-a757-50526e5abd46@group-3B1158F5B465:LeaderElection65] INFO  server.RaftServerConfigKeys (ConfUtils.java:logGet(43)) - raft.server.rpc.sleep.time = 25ms (default)
2019-09-25 06:40:33,443 [4ef67e89-1d62-4370-ad00-484c653ab491@group-74A69C1E1B9C:LeaderElection71] INFO  server.RaftServerConfigKeys (ConfUtils.java:logGet(43)) - raft.server.rpc.sleep.time = 25ms (default)
2019-09-25 06:40:33,443 [571e9f02-d9f7-4eb1-bf23-fc203e64768a@group-F3B610D8A1BD:LeaderElection68] INFO  server.RaftServerConfigKeys (ConfUtils.java:logGet(43)) - raft.server.staging.catchup.gap = 1000 (default)
2019-09-25 06:40:33,442 [4ef67e89-1d62-4370-ad00-484c653ab491@group-61F0BFD3647C:LeaderElection69] INFO  server.RaftServerConfigKeys (ConfUtils.java:logGet(43)) - raft.server.watch.timeout = 10s (default)
2019-09-25 06:40:33,444 [4ef67e89-1d62-4370-ad00-484c653ab491@group-61F0BFD3647C:LeaderElection69] INFO  server.RaftServerConfigKeys (ConfUtils.java:logGet(43)) - raft.server.watch.timeout.denomination = 1s (default)
2019-09-25 06:40:33,442 [571e9f02-d9f7-4eb1-bf23-fc203e64768a@group-6A3D527BD4DE:LeaderElection70] INFO  server.RaftServerConfigKeys (ConfUtils.java:logGet(43)) - raft.server.staging.catchup.gap = 1000 (default)
2019-09-25 06:40:33,442 [6904bcff-8c3f-4400-a757-50526e5abd46@group-4A308F0126A3:LeaderElection63] INFO  server.RaftServerConfigKeys (ConfUtils.java:logGet(43)) - raft.server.staging.catchup.gap = 1000 (default)
2019-09-25 06:40:33,442 [6904bcff-8c3f-4400-a757-50526e5abd46@group-ED342419C4A0:LeaderElection61] INFO  server.RaftServerConfigKeys (ConfUtils.java:logGet(43)) - raft.server.write.element-limit = 4096 (default)
2019-09-25 06:40:33,442 [6904bcff-8c3f-4400-a757-50526e5abd46@group-22D71A69B21C:LeaderElection66] INFO  server.RaftServerConfigKeys (ConfUtils.java:logGet(43)) - raft.server.rpc.sleep.time = 25ms (default)
2019-09-25 06:40:33,442 [6904bcff-8c3f-4400-a757-50526e5abd46@group-F02307EA0B9D:LeaderElection62] INFO  server.RaftServerConfigKeys (ConfUtils.java:logGet(43)) - raft.server.staging.catchup.gap = 1000 (default)
2019-09-25 06:40:33,441 [4ef67e89-1d62-4370-ad00-484c653ab491@group-B3AD4ACCF736:LeaderElection64] INFO  impl.RaftServerImpl (ServerState.java:setLeader(253)) - 4ef67e89-1d62-4370-ad00-484c653ab491@group-B3AD4ACCF736: change Leader from null to 4ef67e89-1d62-4370-ad00-484c653ab491 at term 1 for becomeLeader, leader elected after 5614ms
2019-09-25 06:40:33,445 [6904bcff-8c3f-4400-a757-50526e5abd46@group-F02307EA0B9D:LeaderElection62] INFO  server.RaftServerConfigKeys (ConfUtils.java:logGet(43)) - raft.server.rpc.sleep.time = 25ms (default)
2019-09-25 06:40:33,445 [6904bcff-8c3f-4400-a757-50526e5abd46@group-22D71A69B21C:LeaderElection66] INFO  server.RaftServerConfigKeys (ConfUtils.java:logGet(43)) - raft.server.write.element-limit = 4096 (default)
2019-09-25 06:40:33,444 [6904bcff-8c3f-4400-a757-50526e5abd46@group-ED342419C4A0:LeaderElection61] INFO  server.RaftServerConfigKeys (ConfUtils.java:logGet(43)) - raft.server.watch.timeout = 10s (default)
2019-09-25 06:40:33,444 [6904bcff-8c3f-4400-a757-50526e5abd46@group-4A308F0126A3:LeaderElection63] INFO  server.RaftServerConfigKeys (ConfUtils.java:logGet(43)) - raft.server.rpc.sleep.time = 25ms (default)
2019-09-25 06:40:33,444 [571e9f02-d9f7-4eb1-bf23-fc203e64768a@group-6A3D527BD4DE:LeaderElection70] INFO  server.RaftServerConfigKeys (ConfUtils.java:logGet(43)) - raft.server.rpc.sleep.time = 25ms (default)
2019-09-25 06:40:33,444 [4ef67e89-1d62-4370-ad00-484c653ab491@group-61F0BFD3647C:LeaderElection69] INFO  server.RaftServerConfigKeys (ConfUtils.java:logGet(43)) - raft.server.watch.element-limit = 65536 (default)
2019-09-25 06:40:33,443 [571e9f02-d9f7-4eb1-bf23-fc203e64768a@group-F3B610D8A1BD:LeaderElection68] INFO  server.RaftServerConfigKeys (ConfUtils.java:logGet(43)) - raft.server.rpc.sleep.time = 25ms (default)
2019-09-25 06:40:33,443 [4ef67e89-1d62-4370-ad00-484c653ab491@group-74A69C1E1B9C:LeaderElection71] INFO  server.RaftServerConfigKeys (ConfUtils.java:logGet(43)) - raft.server.write.element-limit = 4096 (default)
2019-09-25 06:40:33,443 [6904bcff-8c3f-4400-a757-50526e5abd46@group-3B1158F5B465:LeaderElection65] INFO  server.RaftServerConfigKeys (ConfUtils.java:logGet(43)) - raft.server.write.element-limit = 4096 (default)
2019-09-25 06:40:33,443 [4ef67e89-1d62-4370-ad00-484c653ab491@group-711521F40132:LeaderElection67] INFO  impl.RaftServerImpl (ServerState.java:setLeader(253)) - 4ef67e89-1d62-4370-ad00-484c653ab491@group-711521F40132: change Leader from null to 4ef67e89-1d62-4370-ad00-484c653ab491 at term 1 for becomeLeader, leader elected after 5469ms
2019-09-25 06:40:33,446 [6904bcff-8c3f-4400-a757-50526e5abd46@group-3B1158F5B465:LeaderElection65] INFO  server.RaftServerConfigKeys (ConfUtils.java:logGet(43)) - raft.server.watch.timeout = 10s (default)
2019-09-25 06:40:33,446 [4ef67e89-1d62-4370-ad00-484c653ab491@group-74A69C1E1B9C:LeaderElection71] INFO  server.RaftServerConfigKeys (ConfUtils.java:logGet(43)) - raft.server.watch.timeout = 10s (default)
2019-09-25 06:40:33,446 [571e9f02-d9f7-4eb1-bf23-fc203e64768a@group-F3B610D8A1BD:LeaderElection68] INFO  server.RaftServerConfigKeys (ConfUtils.java:logGet(43)) - raft.server.write.element-limit = 4096 (default)
2019-09-25 06:40:33,446 [571e9f02-d9f7-4eb1-bf23-fc203e64768a@group-6A3D527BD4DE:LeaderElection70] INFO  server.RaftServerConfigKeys (ConfUtils.java:logGet(43)) - raft.server.write.element-limit = 4096 (default)
2019-09-25 06:40:33,445 [6904bcff-8c3f-4400-a757-50526e5abd46@group-4A308F0126A3:LeaderElection63] INFO  server.RaftServerConfigKeys (ConfUtils.java:logGet(43)) - raft.server.write.element-limit = 4096 (default)
2019-09-25 06:40:33,445 [6904bcff-8c3f-4400-a757-50526e5abd46@group-ED342419C4A0:LeaderElection61] INFO  server.RaftServerConfigKeys (ConfUtils.java:logGet(43)) - raft.server.watch.timeout.denomination = 1s (default)
2019-09-25 06:40:33,445 [6904bcff-8c3f-4400-a757-50526e5abd46@group-22D71A69B21C:LeaderElection66] INFO  server.RaftServerConfigKeys (ConfUtils.java:logGet(43)) - raft.server.watch.timeout = 10s (default)
2019-09-25 06:40:33,445 [6904bcff-8c3f-4400-a757-50526e5abd46@group-F02307EA0B9D:LeaderElection62] INFO  server.RaftServerConfigKeys (ConfUtils.java:logGet(43)) - raft.server.write.element-limit = 4096 (default)
2019-09-25 06:40:33,445 [4ef67e89-1d62-4370-ad00-484c653ab491@group-B3AD4ACCF736:LeaderElection64] INFO  server.RaftServerConfigKeys (ConfUtils.java:logGet(43)) - raft.server.staging.catchup.gap = 1000 (default)
2019-09-25 06:40:33,448 [6904bcff-8c3f-4400-a757-50526e5abd46@group-F02307EA0B9D:LeaderElection62] INFO  server.RaftServerConfigKeys (ConfUtils.java:logGet(43)) - raft.server.watch.timeout = 10s (default)
2019-09-25 06:40:33,448 [6904bcff-8c3f-4400-a757-50526e5abd46@group-F02307EA0B9D:LeaderElection62] INFO  server.RaftServerConfigKeys (ConfUtils.java:logGet(43)) - raft.server.watch.timeout.denomination = 1s (default)
2019-09-25 06:40:33,448 [4ef67e89-1d62-4370-ad00-484c653ab491@group-61F0BFD3647C:LeaderElection69] INFO  impl.RoleInfo (RoleInfo.java:updateAndGet(143)) - 4ef67e89-1d62-4370-ad00-484c653ab491: start LeaderState
2019-09-25 06:40:33,448 [6904bcff-8c3f-4400-a757-50526e5abd46@group-22D71A69B21C:LeaderElection66] INFO  server.RaftServerConfigKeys (ConfUtils.java:logGet(43)) - raft.server.watch.timeout.denomination = 1s (default)
2019-09-25 06:40:33,448 [Thread-1203] INFO  impl.FollowerState (FollowerState.java:run(106)) - 571e9f02-d9f7-4eb1-bf23-fc203e64768a:group-D426E7EF0DA3 changes to CANDIDATE, lastRpcTime:5116, electionTimeout:5116ms
2019-09-25 06:40:33,447 [6904bcff-8c3f-4400-a757-50526e5abd46@group-ED342419C4A0:LeaderElection61] INFO  server.RaftServerConfigKeys (ConfUtils.java:logGet(43)) - raft.server.watch.element-limit = 65536 (default)
2019-09-25 06:40:33,447 [6904bcff-8c3f-4400-a757-50526e5abd46@group-4A308F0126A3:LeaderElection63] INFO  server.RaftServerConfigKeys (ConfUtils.java:logGet(43)) - raft.server.watch.timeout = 10s (default)
2019-09-25 06:40:33,447 [571e9f02-d9f7-4eb1-bf23-fc203e64768a@group-6A3D527BD4DE:LeaderElection70] INFO  server.RaftServerConfigKeys (ConfUtils.java:logGet(43)) - raft.server.watch.timeout = 10s (default)
2019-09-25 06:40:33,447 [571e9f02-d9f7-4eb1-bf23-fc203e64768a@group-F3B610D8A1BD:LeaderElection68] INFO  server.RaftServerConfigKeys (ConfUtils.java:logGet(43)) - raft.server.watch.timeout = 10s (default)
2019-09-25 06:40:33,447 [4ef67e89-1d62-4370-ad00-484c653ab491@group-74A69C1E1B9C:LeaderElection71] INFO  server.RaftServerConfigKeys (ConfUtils.java:logGet(43)) - raft.server.watch.timeout.denomination = 1s (default)
2019-09-25 06:40:33,450 [4ef67e89-1d62-4370-ad00-484c653ab491@group-74A69C1E1B9C:LeaderElection71] INFO  server.RaftServerConfigKeys (ConfUtils.java:logGet(43)) - raft.server.watch.element-limit = 65536 (default)
2019-09-25 06:40:33,447 [4ef67e89-1d62-4370-ad00-484c653ab491@group-711521F40132:LeaderElection67] INFO  server.RaftServerConfigKeys (ConfUtils.java:logGet(43)) - raft.server.staging.catchup.gap = 1000 (default)
2019-09-25 06:40:33,450 [4ef67e89-1d62-4370-ad00-484c653ab491@group-711521F40132:LeaderElection67] INFO  server.RaftServerConfigKeys (ConfUtils.java:logGet(43)) - raft.server.rpc.sleep.time = 25ms (default)
2019-09-25 06:40:33,447 [6904bcff-8c3f-4400-a757-50526e5abd46@group-3B1158F5B465:LeaderElection65] INFO  server.RaftServerConfigKeys (ConfUtils.java:logGet(43)) - raft.server.watch.timeout.denomination = 1s (default)
2019-09-25 06:40:33,450 [4ef67e89-1d62-4370-ad00-484c653ab491@group-711521F40132:LeaderElection67] INFO  server.RaftServerConfigKeys (ConfUtils.java:logGet(43)) - raft.server.write.element-limit = 4096 (default)
2019-09-25 06:40:33,450 [571e9f02-d9f7-4eb1-bf23-fc203e64768a@group-F3B610D8A1BD:LeaderElection68] INFO  server.RaftServerConfigKeys (ConfUtils.java:logGet(43)) - raft.server.watch.timeout.denomination = 1s (default)
2019-09-25 06:40:33,449 [571e9f02-d9f7-4eb1-bf23-fc203e64768a@group-6A3D527BD4DE:LeaderElection70] INFO  server.RaftServerConfigKeys (ConfUtils.java:logGet(43)) - raft.server.watch.timeout.denomination = 1s (default)
2019-09-25 06:40:33,451 [571e9f02-d9f7-4eb1-bf23-fc203e64768a@group-6A3D527BD4DE:LeaderElection70] INFO  server.RaftServerConfigKeys (ConfUtils.java:logGet(43)) - raft.server.watch.element-limit = 65536 (default)
2019-09-25 06:40:33,449 [6904bcff-8c3f-4400-a757-50526e5abd46@group-4A308F0126A3:LeaderElection63] INFO  server.RaftServerConfigKeys (ConfUtils.java:logGet(43)) - raft.server.watch.timeout.denomination = 1s (default)
2019-09-25 06:40:33,449 [Thread-1203] INFO  impl.RoleInfo (RoleInfo.java:shutdownFollowerState(121)) - 571e9f02-d9f7-4eb1-bf23-fc203e64768a: shutdown FollowerState
2019-09-25 06:40:33,449 [6904bcff-8c3f-4400-a757-50526e5abd46@group-22D71A69B21C:LeaderElection66] INFO  server.RaftServerConfigKeys (ConfUtils.java:logGet(43)) - raft.server.watch.element-limit = 65536 (default)
2019-09-25 06:40:33,449 [4ef67e89-1d62-4370-ad00-484c653ab491@group-61F0BFD3647C:LeaderElection69] INFO  segmented.SegmentedRaftLogWorker (SegmentedRaftLogWorker.java:startLogSegment(380)) - 4ef67e89-1d62-4370-ad00-484c653ab491@group-61F0BFD3647C-SegmentedRaftLogWorker: Starting segment from index:0
2019-09-25 06:40:33,448 [6904bcff-8c3f-4400-a757-50526e5abd46@group-F02307EA0B9D:LeaderElection62] INFO  server.RaftServerConfigKeys (ConfUtils.java:logGet(43)) - raft.server.watch.element-limit = 65536 (default)
2019-09-25 06:40:33,448 [4ef67e89-1d62-4370-ad00-484c653ab491@group-B3AD4ACCF736:LeaderElection64] INFO  server.RaftServerConfigKeys (ConfUtils.java:logGet(43)) - raft.server.rpc.sleep.time = 25ms (default)
2019-09-25 06:40:33,451 [Thread-1203] INFO  impl.RaftServerImpl (RaftServerImpl.java:setRole(174)) - 571e9f02-d9f7-4eb1-bf23-fc203e64768a@group-D426E7EF0DA3: changes role from  FOLLOWER to CANDIDATE at term 0 for changeToCandidate
2019-09-25 06:40:33,451 [6904bcff-8c3f-4400-a757-50526e5abd46@group-4A308F0126A3:LeaderElection63] INFO  server.RaftServerConfigKeys (ConfUtils.java:logGet(43)) - raft.server.watch.element-limit = 65536 (default)
2019-09-25 06:40:33,451 [6904bcff-8c3f-4400-a757-50526e5abd46@group-ED342419C4A0:LeaderElection61] INFO  impl.RoleInfo (RoleInfo.java:updateAndGet(143)) - 6904bcff-8c3f-4400-a757-50526e5abd46: start LeaderState
2019-09-25 06:40:33,451 [571e9f02-d9f7-4eb1-bf23-fc203e64768a@group-F3B610D8A1BD:LeaderElection68] INFO  server.RaftServerConfigKeys (ConfUtils.java:logGet(43)) - raft.server.watch.element-limit = 65536 (default)
2019-09-25 06:40:33,453 [6904bcff-8c3f-4400-a757-50526e5abd46@group-ED342419C4A0:LeaderElection61] INFO  segmented.SegmentedRaftLogWorker (SegmentedRaftLogWorker.java:startLogSegment(380)) - 6904bcff-8c3f-4400-a757-50526e5abd46@group-ED342419C4A0-SegmentedRaftLogWorker: Starting segment from index:0
2019-09-25 06:40:33,451 [4ef67e89-1d62-4370-ad00-484c653ab491@group-711521F40132:LeaderElection67] INFO  server.RaftServerConfigKeys (ConfUtils.java:logGet(43)) - raft.server.watch.timeout = 10s (default)
2019-09-25 06:40:33,450 [6904bcff-8c3f-4400-a757-50526e5abd46@group-3B1158F5B465:LeaderElection65] INFO  server.RaftServerConfigKeys (ConfUtils.java:logGet(43)) - raft.server.watch.element-limit = 65536 (default)
2019-09-25 06:40:33,453 [4ef67e89-1d62-4370-ad00-484c653ab491@group-711521F40132:LeaderElection67] INFO  server.RaftServerConfigKeys (ConfUtils.java:logGet(43)) - raft.server.watch.timeout.denomination = 1s (default)
2019-09-25 06:40:33,454 [6904bcff-8c3f-4400-a757-50526e5abd46@group-ED342419C4A0:LeaderElection61] INFO  impl.RaftServerImpl (ServerState.java:setRaftConf(354)) - 6904bcff-8c3f-4400-a757-50526e5abd46@group-ED342419C4A0: set configuration 0: [6904bcff-8c3f-4400-a757-50526e5abd46:192.168.164.207:38124], old=null at 0
2019-09-25 06:40:33,453 [4ef67e89-1d62-4370-ad00-484c653ab491@group-74A69C1E1B9C:LeaderElection71] INFO  impl.RoleInfo (RoleInfo.java:updateAndGet(143)) - 4ef67e89-1d62-4370-ad00-484c653ab491: start LeaderState
2019-09-25 06:40:33,452 [Thread-1203] INFO  impl.RoleInfo (RoleInfo.java:updateAndGet(143)) - 571e9f02-d9f7-4eb1-bf23-fc203e64768a: start LeaderElection
2019-09-25 06:40:33,475 [4ef67e89-1d62-4370-ad00-484c653ab491@group-74A69C1E1B9C:LeaderElection71] INFO  segmented.SegmentedRaftLogWorker (SegmentedRaftLogWorker.java:startLogSegment(380)) - 4ef67e89-1d62-4370-ad00-484c653ab491@group-74A69C1E1B9C-SegmentedRaftLogWorker: Starting segment from index:0
2019-09-25 06:40:33,452 [4ef67e89-1d62-4370-ad00-484c653ab491@group-61F0BFD3647C:LeaderElection69] INFO  impl.RaftServerImpl (ServerState.java:setRaftConf(354)) - 4ef67e89-1d62-4370-ad00-484c653ab491@group-61F0BFD3647C: set configuration 0: [4ef67e89-1d62-4370-ad00-484c653ab491:192.168.164.207:42988], old=null at 0
2019-09-25 06:40:33,452 [4ef67e89-1d62-4370-ad00-484c653ab491@group-B3AD4ACCF736:LeaderElection64] INFO  server.RaftServerConfigKeys (ConfUtils.java:logGet(43)) - raft.server.write.element-limit = 4096 (default)
2019-09-25 06:40:33,517 [Thread-1200] INFO  impl.FollowerState (FollowerState.java:run(106)) - 4ef67e89-1d62-4370-ad00-484c653ab491:group-FAD3FB1F39D2 changes to CANDIDATE, lastRpcTime:5230, electionTimeout:5196ms
2019-09-25 06:40:33,517 [6904bcff-8c3f-4400-a757-50526e5abd46@group-CA2E17F1AD5A-SegmentedRaftLogWorker] INFO  segmented.SegmentedRaftLogWorker (SegmentedRaftLogWorker.java:execute(569)) - 6904bcff-8c3f-4400-a757-50526e5abd46@group-CA2E17F1AD5A-SegmentedRaftLogWorker: created new log segment /workdir/hadoop-ozone/ozonefs/target/test-dir/MiniOzoneClusterImpl-aba66c6d-a604-4a1f-b1c3-ce07fb6ed48b/datanode-0/data/ratis/63255d82-72db-42e0-8b08-ca2e17f1ad5a/current/log_inprogress_0
2019-09-25 06:40:33,517 [Thread-1206] INFO  impl.FollowerState (FollowerState.java:run(106)) - 571e9f02-d9f7-4eb1-bf23-fc203e64768a:group-08B07BF0518E changes to CANDIDATE, lastRpcTime:5140, electionTimeout:5139ms
2019-09-25 06:40:33,475 [571e9f02-d9f7-4eb1-bf23-fc203e64768a@group-3797BFC0E5C7:LeaderElection72] INFO  impl.LeaderElection (LeaderElection.java:askForVotes(182)) - 571e9f02-d9f7-4eb1-bf23-fc203e64768a@group-3797BFC0E5C7:LeaderElection72: begin an election at term 1 for -1: [571e9f02-d9f7-4eb1-bf23-fc203e64768a:192.168.164.207:33483], old=null
2019-09-25 06:40:33,475 [4ef67e89-1d62-4370-ad00-484c653ab491@group-9FBC58DB55A7:LeaderElection73] INFO  impl.LeaderElection (LeaderElection.java:askForVotes(182)) - 4ef67e89-1d62-4370-ad00-484c653ab491@group-9FBC58DB55A7:LeaderElection73: begin an election at term 1 for -1: [4ef67e89-1d62-4370-ad00-484c653ab491:192.168.164.207:42988], old=null
2019-09-25 06:40:33,454 [4ef67e89-1d62-4370-ad00-484c653ab491@group-711521F40132:LeaderElection67] INFO  server.RaftServerConfigKeys (ConfUtils.java:logGet(43)) - raft.server.watch.element-limit = 65536 (default)
2019-09-25 06:40:33,522 [Thread-1206] INFO  impl.RoleInfo (RoleInfo.java:shutdownFollowerState(121)) - 571e9f02-d9f7-4eb1-bf23-fc203e64768a: shutdown FollowerState
2019-09-25 06:40:33,522 [4ef67e89-1d62-4370-ad00-484c653ab491@group-9FBC58DB55A7:LeaderElection73] INFO  impl.RoleInfo (RoleInfo.java:shutdownLeaderElection(134)) - 4ef67e89-1d62-4370-ad00-484c653ab491: shutdown LeaderElection
2019-09-25 06:40:33,522 [571e9f02-d9f7-4eb1-bf23-fc203e64768a@group-3797BFC0E5C7:LeaderElection72] INFO  impl.RoleInfo (RoleInfo.java:shutdownLeaderElection(134)) - 571e9f02-d9f7-4eb1-bf23-fc203e64768a: shutdown LeaderElection
2019-09-25 06:40:33,522 [Thread-1200] INFO  impl.RoleInfo (RoleInfo.java:shutdownFollowerState(121)) - 4ef67e89-1d62-4370-ad00-484c653ab491: shutdown FollowerState
2019-09-25 06:40:33,521 [4ef67e89-1d62-4370-ad00-484c653ab491@group-74A69C1E1B9C:LeaderElection71] INFO  impl.RaftServerImpl (ServerState.java:setRaftConf(354)) - 4ef67e89-1d62-4370-ad00-484c653ab491@group-74A69C1E1B9C: set configuration 0: [4ef67e89-1d62-4370-ad00-484c653ab491:192.168.164.207:42988], old=null at 0
2019-09-25 06:40:33,517 [4ef67e89-1d62-4370-ad00-484c653ab491@group-B3AD4ACCF736:LeaderElection64] INFO  server.RaftServerConfigKeys (ConfUtils.java:logGet(43)) - raft.server.watch.timeout = 10s (default)
2019-09-25 06:40:33,557 [571e9f02-d9f7-4eb1-bf23-fc203e64768a@group-D426E7EF0DA3:LeaderElection74] INFO  impl.LeaderElection (LeaderElection.java:askForVotes(182)) - 571e9f02-d9f7-4eb1-bf23-fc203e64768a@group-D426E7EF0DA3:LeaderElection74: begin an election at term 1 for -1: [571e9f02-d9f7-4eb1-bf23-fc203e64768a:192.168.164.207:33483], old=null
2019-09-25 06:40:33,557 [6904bcff-8c3f-4400-a757-50526e5abd46@group-ED342419C4A0-SegmentedRaftLogWorker] INFO  segmented.SegmentedRaftLogWorker (SegmentedRaftLogWorker.java:execute(569)) - 6904bcff-8c3f-4400-a757-50526e5abd46@group-ED342419C4A0-SegmentedRaftLogWorker: created new log segment /workdir/hadoop-ozone/ozonefs/target/test-dir/MiniOzoneClusterImpl-aba66c6d-a604-4a1f-b1c3-ce07fb6ed48b/datanode-0/data/ratis/d0aca2b4-a31c-476c-ac53-ed342419c4a0/current/log_inprogress_0
2019-09-25 06:40:33,557 [4ef67e89-1d62-4370-ad00-484c653ab491@group-61F0BFD3647C-SegmentedRaftLogWorker] INFO  segmented.SegmentedRaftLogWorker (SegmentedRaftLogWorker.java:execute(569)) - 4ef67e89-1d62-4370-ad00-484c653ab491@group-61F0BFD3647C-SegmentedRaftLogWorker: created new log segment /workdir/hadoop-ozone/ozonefs/target/test-dir/MiniOzoneClusterImpl-aba66c6d-a604-4a1f-b1c3-ce07fb6ed48b/datanode-1/data/ratis/6eff9c25-56b4-472a-961c-61f0bfd3647c/current/log_inprogress_0
2019-09-25 06:40:33,522 [Thread-1200] INFO  impl.RaftServerImpl (RaftServerImpl.java:setRole(174)) - 4ef67e89-1d62-4370-ad00-484c653ab491@group-FAD3FB1F39D2: changes role from  FOLLOWER to CANDIDATE at term 0 for changeToCandidate
2019-09-25 06:40:33,522 [571e9f02-d9f7-4eb1-bf23-fc203e64768a@group-3797BFC0E5C7:LeaderElection72] INFO  impl.RaftServerImpl (RaftServerImpl.java:setRole(174)) - 571e9f02-d9f7-4eb1-bf23-fc203e64768a@group-3797BFC0E5C7: changes role from CANDIDATE to LEADER at term 1 for changeToLeader
2019-09-25 06:40:33,558 [571e9f02-d9f7-4eb1-bf23-fc203e64768a@group-3797BFC0E5C7:LeaderElection72] INFO  impl.RaftServerImpl (ServerState.java:setLeader(253)) - 571e9f02-d9f7-4eb1-bf23-fc203e64768a@group-3797BFC0E5C7: change Leader from null to 571e9f02-d9f7-4eb1-bf23-fc203e64768a at term 1 for becomeLeader, leader elected after 5157ms
2019-09-25 06:40:33,522 [4ef67e89-1d62-4370-ad00-484c653ab491@group-9FBC58DB55A7:LeaderElection73] INFO  impl.RaftServerImpl (RaftServerImpl.java:setRole(174)) - 4ef67e89-1d62-4370-ad00-484c653ab491@group-9FBC58DB55A7: changes role from CANDIDATE to LEADER at term 1 for changeToLeader
2019-09-25 06:40:33,522 [Thread-1206] INFO  impl.RaftServerImpl (RaftServerImpl.java:setRole(174)) - 571e9f02-d9f7-4eb1-bf23-fc203e64768a@group-08B07BF0518E: changes role from  FOLLOWER to CANDIDATE at term 0 for changeToCandidate
2019-09-25 06:40:33,558 [4ef67e89-1d62-4370-ad00-484c653ab491@group-9FBC58DB55A7:LeaderElection73] INFO  impl.RaftServerImpl (ServerState.java:setLeader(253)) - 4ef67e89-1d62-4370-ad00-484c653ab491@group-9FBC58DB55A7: change Leader from null to 4ef67e89-1d62-4370-ad00-484c653ab491 at term 1 for becomeLeader, leader elected after 5325ms
2019-09-25 06:40:33,558 [571e9f02-d9f7-4eb1-bf23-fc203e64768a@group-3797BFC0E5C7:LeaderElection72] INFO  server.RaftServerConfigKeys (ConfUtils.java:logGet(43)) - raft.server.staging.catchup.gap = 1000 (default)
2019-09-25 06:40:33,558 [Thread-1200] INFO  impl.RoleInfo (RoleInfo.java:updateAndGet(143)) - 4ef67e89-1d62-4370-ad00-484c653ab491: start LeaderElection
2019-09-25 06:40:33,558 [571e9f02-d9f7-4eb1-bf23-fc203e64768a@group-D426E7EF0DA3:LeaderElection74] INFO  impl.RoleInfo (RoleInfo.java:shutdownLeaderElection(134)) - 571e9f02-d9f7-4eb1-bf23-fc203e64768a: shutdown LeaderElection
2019-09-25 06:40:33,557 [4ef67e89-1d62-4370-ad00-484c653ab491@group-B3AD4ACCF736:LeaderElection64] INFO  server.RaftServerConfigKeys (ConfUtils.java:logGet(43)) - raft.server.watch.timeout.denomination = 1s (default)
2019-09-25 06:40:33,559 [571e9f02-d9f7-4eb1-bf23-fc203e64768a@group-D426E7EF0DA3:LeaderElection74] INFO  impl.RaftServerImpl (RaftServerImpl.java:setRole(174)) - 571e9f02-d9f7-4eb1-bf23-fc203e64768a@group-D426E7EF0DA3: changes role from CANDIDATE to LEADER at term 1 for changeToLeader
2019-09-25 06:40:33,559 [571e9f02-d9f7-4eb1-bf23-fc203e64768a@group-3797BFC0E5C7:LeaderElection72] INFO  server.RaftServerConfigKeys (ConfUtils.java:logGet(43)) - raft.server.rpc.sleep.time = 25ms (default)
2019-09-25 06:40:33,559 [4ef67e89-1d62-4370-ad00-484c653ab491@group-9FBC58DB55A7:LeaderElection73] INFO  server.RaftServerConfigKeys (ConfUtils.java:logGet(43)) - raft.server.staging.catchup.gap = 1000 (default)
2019-09-25 06:40:33,559 [Thread-1206] INFO  impl.RoleInfo (RoleInfo.java:updateAndGet(143)) - 571e9f02-d9f7-4eb1-bf23-fc203e64768a: start LeaderElection
2019-09-25 06:40:33,563 [4ef67e89-1d62-4370-ad00-484c653ab491@group-9FBC58DB55A7:LeaderElection73] INFO  server.RaftServerConfigKeys (ConfUtils.java:logGet(43)) - raft.server.rpc.sleep.time = 25ms (default)
2019-09-25 06:40:33,563 [571e9f02-d9f7-4eb1-bf23-fc203e64768a@group-3797BFC0E5C7:LeaderElection72] INFO  server.RaftServerConfigKeys (ConfUtils.java:logGet(43)) - raft.server.write.element-limit = 4096 (default)
2019-09-25 06:40:33,561 [571e9f02-d9f7-4eb1-bf23-fc203e64768a@group-D426E7EF0DA3:LeaderElection74] INFO  impl.RaftServerImpl (ServerState.java:setLeader(253)) - 571e9f02-d9f7-4eb1-bf23-fc203e64768a@group-D426E7EF0DA3: change Leader from null to 571e9f02-d9f7-4eb1-bf23-fc203e64768a at term 1 for becomeLeader, leader elected after 5234ms
2019-09-25 06:40:33,561 [4ef67e89-1d62-4370-ad00-484c653ab491@group-B3AD4ACCF736:LeaderElection64] INFO  server.RaftServerConfigKeys (ConfUtils.java:logGet(43)) - raft.server.watch.element-limit = 65536 (default)
2019-09-25 06:40:33,565 [571e9f02-d9f7-4eb1-bf23-fc203e64768a@group-D426E7EF0DA3:LeaderElection74] INFO  server.RaftServerConfigKeys (ConfUtils.java:logGet(43)) - raft.server.staging.catchup.gap = 1000 (default)
2019-09-25 06:40:33,567 [571e9f02-d9f7-4eb1-bf23-fc203e64768a@group-D426E7EF0DA3:LeaderElection74] INFO  server.RaftServerConfigKeys (ConfUtils.java:logGet(43)) - raft.server.rpc.sleep.time = 25ms (default)
2019-09-25 06:40:33,563 [571e9f02-d9f7-4eb1-bf23-fc203e64768a@group-3797BFC0E5C7:LeaderElection72] INFO  server.RaftServerConfigKeys (ConfUtils.java:logGet(43)) - raft.server.watch.timeout = 10s (default)
2019-09-25 06:40:33,563 [4ef67e89-1d62-4370-ad00-484c653ab491@group-9FBC58DB55A7:LeaderElection73] INFO  server.RaftServerConfigKeys (ConfUtils.java:logGet(43)) - raft.server.write.element-limit = 4096 (default)
2019-09-25 06:40:33,567 [571e9f02-d9f7-4eb1-bf23-fc203e64768a@group-3797BFC0E5C7:LeaderElection72] INFO  server.RaftServerConfigKeys (ConfUtils.java:logGet(43)) - raft.server.watch.timeout.denomination = 1s (default)
2019-09-25 06:40:33,567 [571e9f02-d9f7-4eb1-bf23-fc203e64768a@group-D426E7EF0DA3:LeaderElection74] INFO  server.RaftServerConfigKeys (ConfUtils.java:logGet(43)) - raft.server.write.element-limit = 4096 (default)
2019-09-25 06:40:33,567 [571e9f02-d9f7-4eb1-bf23-fc203e64768a@group-3797BFC0E5C7:LeaderElection72] INFO  server.RaftServerConfigKeys (ConfUtils.java:logGet(43)) - raft.server.watch.element-limit = 65536 (default)
2019-09-25 06:40:33,567 [4ef67e89-1d62-4370-ad00-484c653ab491@group-9FBC58DB55A7:LeaderElection73] INFO  server.RaftServerConfigKeys (ConfUtils.java:logGet(43)) - raft.server.watch.timeout = 10s (default)
2019-09-25 06:40:33,567 [571e9f02-d9f7-4eb1-bf23-fc203e64768a@group-D426E7EF0DA3:LeaderElection74] INFO  server.RaftServerConfigKeys (ConfUtils.java:logGet(43)) - raft.server.watch.timeout = 10s (default)
2019-09-25 06:40:33,568 [4ef67e89-1d62-4370-ad00-484c653ab491@group-9FBC58DB55A7:LeaderElection73] INFO  server.RaftServerConfigKeys (ConfUtils.java:logGet(43)) - raft.server.watch.timeout.denomination = 1s (default)
2019-09-25 06:40:33,568 [571e9f02-d9f7-4eb1-bf23-fc203e64768a@group-D426E7EF0DA3:LeaderElection74] INFO  server.RaftServerConfigKeys (ConfUtils.java:logGet(43)) - raft.server.watch.timeout.denomination = 1s (default)
2019-09-25 06:40:33,568 [4ef67e89-1d62-4370-ad00-484c653ab491@group-9FBC58DB55A7:LeaderElection73] INFO  server.RaftServerConfigKeys (ConfUtils.java:logGet(43)) - raft.server.watch.element-limit = 65536 (default)
2019-09-25 06:40:33,568 [571e9f02-d9f7-4eb1-bf23-fc203e64768a@group-D426E7EF0DA3:LeaderElection74] INFO  server.RaftServerConfigKeys (ConfUtils.java:logGet(43)) - raft.server.watch.element-limit = 65536 (default)
2019-09-25 06:40:33,570 [4ef67e89-1d62-4370-ad00-484c653ab491@group-74A69C1E1B9C-SegmentedRaftLogWorker] INFO  segmented.SegmentedRaftLogWorker (SegmentedRaftLogWorker.java:execute(569)) - 4ef67e89-1d62-4370-ad00-484c653ab491@group-74A69C1E1B9C-SegmentedRaftLogWorker: created new log segment /workdir/hadoop-ozone/ozonefs/target/test-dir/MiniOzoneClusterImpl-aba66c6d-a604-4a1f-b1c3-ce07fb6ed48b/datanode-1/data/ratis/fabac811-21dc-412c-aa17-74a69c1e1b9c/current/log_inprogress_0
2019-09-25 06:40:33,570 [571e9f02-d9f7-4eb1-bf23-fc203e64768a@group-08B07BF0518E:LeaderElection76] INFO  impl.LeaderElection (LeaderElection.java:askForVotes(182)) - 571e9f02-d9f7-4eb1-bf23-fc203e64768a@group-08B07BF0518E:LeaderElection76: begin an election at term 1 for -1: [571e9f02-d9f7-4eb1-bf23-fc203e64768a:192.168.164.207:33483], old=null
2019-09-25 06:40:33,570 [4ef67e89-1d62-4370-ad00-484c653ab491@group-FAD3FB1F39D2:LeaderElection75] INFO  impl.LeaderElection (LeaderElection.java:askForVotes(182)) - 4ef67e89-1d62-4370-ad00-484c653ab491@group-FAD3FB1F39D2:LeaderElection75: begin an election at term 1 for -1: [4ef67e89-1d62-4370-ad00-484c653ab491:192.168.164.207:42988], old=null
2019-09-25 06:40:33,570 [571e9f02-d9f7-4eb1-bf23-fc203e64768a@group-08B07BF0518E:LeaderElection76] INFO  impl.RoleInfo (RoleInfo.java:shutdownLeaderElection(134)) - 571e9f02-d9f7-4eb1-bf23-fc203e64768a: shutdown LeaderElection
2019-09-25 06:40:33,570 [4ef67e89-1d62-4370-ad00-484c653ab491@group-FAD3FB1F39D2:LeaderElection75] INFO  impl.RoleInfo (RoleInfo.java:shutdownLeaderElection(134)) - 4ef67e89-1d62-4370-ad00-484c653ab491: shutdown LeaderElection
2019-09-25 06:40:33,570 [571e9f02-d9f7-4eb1-bf23-fc203e64768a@group-08B07BF0518E:LeaderElection76] INFO  impl.RaftServerImpl (RaftServerImpl.java:setRole(174)) - 571e9f02-d9f7-4eb1-bf23-fc203e64768a@group-08B07BF0518E: changes role from CANDIDATE to LEADER at term 1 for changeToLeader
2019-09-25 06:40:33,570 [4ef67e89-1d62-4370-ad00-484c653ab491@group-FAD3FB1F39D2:LeaderElection75] INFO  impl.RaftServerImpl (RaftServerImpl.java:setRole(174)) - 4ef67e89-1d62-4370-ad00-484c653ab491@group-FAD3FB1F39D2: changes role from CANDIDATE to LEADER at term 1 for changeToLeader
2019-09-25 06:40:33,571 [571e9f02-d9f7-4eb1-bf23-fc203e64768a@group-08B07BF0518E:LeaderElection76] INFO  impl.RaftServerImpl (ServerState.java:setLeader(253)) - 571e9f02-d9f7-4eb1-bf23-fc203e64768a@group-08B07BF0518E: change Leader from null to 571e9f02-d9f7-4eb1-bf23-fc203e64768a at term 1 for becomeLeader, leader elected after 5198ms
2019-09-25 06:40:33,571 [4ef67e89-1d62-4370-ad00-484c653ab491@group-FAD3FB1F39D2:LeaderElection75] INFO  impl.RaftServerImpl (ServerState.java:setLeader(253)) - 4ef67e89-1d62-4370-ad00-484c653ab491@group-FAD3FB1F39D2: change Leader from null to 4ef67e89-1d62-4370-ad00-484c653ab491 at term 1 for becomeLeader, leader elected after 5290ms
2019-09-25 06:40:33,571 [571e9f02-d9f7-4eb1-bf23-fc203e64768a@group-08B07BF0518E:LeaderElection76] INFO  server.RaftServerConfigKeys (ConfUtils.java:logGet(43)) - raft.server.staging.catchup.gap = 1000 (default)
2019-09-25 06:40:33,571 [4ef67e89-1d62-4370-ad00-484c653ab491@group-FAD3FB1F39D2:LeaderElection75] INFO  server.RaftServerConfigKeys (ConfUtils.java:logGet(43)) - raft.server.staging.catchup.gap = 1000 (default)
2019-09-25 06:40:33,571 [571e9f02-d9f7-4eb1-bf23-fc203e64768a@group-08B07BF0518E:LeaderElection76] INFO  server.RaftServerConfigKeys (ConfUtils.java:logGet(43)) - raft.server.rpc.sleep.time = 25ms (default)
2019-09-25 06:40:33,571 [4ef67e89-1d62-4370-ad00-484c653ab491@group-FAD3FB1F39D2:LeaderElection75] INFO  server.RaftServerConfigKeys (ConfUtils.java:logGet(43)) - raft.server.rpc.sleep.time = 25ms (default)
2019-09-25 06:40:33,571 [571e9f02-d9f7-4eb1-bf23-fc203e64768a@group-08B07BF0518E:LeaderElection76] INFO  server.RaftServerConfigKeys (ConfUtils.java:logGet(43)) - raft.server.write.element-limit = 4096 (default)
2019-09-25 06:40:33,571 [4ef67e89-1d62-4370-ad00-484c653ab491@group-FAD3FB1F39D2:LeaderElection75] INFO  server.RaftServerConfigKeys (ConfUtils.java:logGet(43)) - raft.server.write.element-limit = 4096 (default)
2019-09-25 06:40:33,572 [Thread-1212] INFO  impl.FollowerState (FollowerState.java:run(106)) - 571e9f02-d9f7-4eb1-bf23-fc203e64768a:group-63F8E165B974 changes to CANDIDATE, lastRpcTime:5112, electionTimeout:5112ms
2019-09-25 06:40:33,571 [571e9f02-d9f7-4eb1-bf23-fc203e64768a@group-08B07BF0518E:LeaderElection76] INFO  server.RaftServerConfigKeys (ConfUtils.java:logGet(43)) - raft.server.watch.timeout = 10s (default)
2019-09-25 06:40:33,572 [4ef67e89-1d62-4370-ad00-484c653ab491@group-FAD3FB1F39D2:LeaderElection75] INFO  server.RaftServerConfigKeys (ConfUtils.java:logGet(43)) - raft.server.watch.timeout = 10s (default)
2019-09-25 06:40:33,572 [571e9f02-d9f7-4eb1-bf23-fc203e64768a@group-08B07BF0518E:LeaderElection76] INFO  server.RaftServerConfigKeys (ConfUtils.java:logGet(43)) - raft.server.watch.timeout.denomination = 1s (default)
2019-09-25 06:40:33,572 [4ef67e89-1d62-4370-ad00-484c653ab491@group-FAD3FB1F39D2:LeaderElection75] INFO  server.RaftServerConfigKeys (ConfUtils.java:logGet(43)) - raft.server.watch.timeout.denomination = 1s (default)
2019-09-25 06:40:33,572 [Thread-1212] INFO  impl.RoleInfo (RoleInfo.java:shutdownFollowerState(121)) - 571e9f02-d9f7-4eb1-bf23-fc203e64768a: shutdown FollowerState
2019-09-25 06:40:33,572 [571e9f02-d9f7-4eb1-bf23-fc203e64768a@group-08B07BF0518E:LeaderElection76] INFO  server.RaftServerConfigKeys (ConfUtils.java:logGet(43)) - raft.server.watch.element-limit = 65536 (default)
2019-09-25 06:40:33,572 [Thread-1212] INFO  impl.RaftServerImpl (RaftServerImpl.java:setRole(174)) - 571e9f02-d9f7-4eb1-bf23-fc203e64768a@group-63F8E165B974: changes role from  FOLLOWER to CANDIDATE at term 0 for changeToCandidate
2019-09-25 06:40:33,572 [571e9f02-d9f7-4eb1-bf23-fc203e64768a@group-6A3D527BD4DE:LeaderElection70] INFO  impl.RoleInfo (RoleInfo.java:updateAndGet(143)) - 571e9f02-d9f7-4eb1-bf23-fc203e64768a: start LeaderState
2019-09-25 06:40:33,572 [4ef67e89-1d62-4370-ad00-484c653ab491@group-FAD3FB1F39D2:LeaderElection75] INFO  server.RaftServerConfigKeys (ConfUtils.java:logGet(43)) - raft.server.watch.element-limit = 65536 (default)
2019-09-25 06:40:33,572 [Thread-1212] INFO  impl.RoleInfo (RoleInfo.java:updateAndGet(143)) - 571e9f02-d9f7-4eb1-bf23-fc203e64768a: start LeaderElection
2019-09-25 06:40:33,573 [571e9f02-d9f7-4eb1-bf23-fc203e64768a@group-6A3D527BD4DE:LeaderElection70] INFO  segmented.SegmentedRaftLogWorker (SegmentedRaftLogWorker.java:startLogSegment(380)) - 571e9f02-d9f7-4eb1-bf23-fc203e64768a@group-6A3D527BD4DE-SegmentedRaftLogWorker: Starting segment from index:0
2019-09-25 06:40:33,575 [571e9f02-d9f7-4eb1-bf23-fc203e64768a@group-6A3D527BD4DE:LeaderElection70] INFO  impl.RaftServerImpl (ServerState.java:setRaftConf(354)) - 571e9f02-d9f7-4eb1-bf23-fc203e64768a@group-6A3D527BD4DE: set configuration 0: [571e9f02-d9f7-4eb1-bf23-fc203e64768a:192.168.164.207:33483], old=null at 0
2019-09-25 06:40:33,608 [6904bcff-8c3f-4400-a757-50526e5abd46@group-22D71A69B21C:LeaderElection66] INFO  impl.RoleInfo (RoleInfo.java:updateAndGet(143)) - 6904bcff-8c3f-4400-a757-50526e5abd46: start LeaderState
2019-09-25 06:40:33,608 [6904bcff-8c3f-4400-a757-50526e5abd46@group-22D71A69B21C:LeaderElection66] INFO  segmented.SegmentedRaftLogWorker (SegmentedRaftLogWorker.java:startLogSegment(380)) - 6904bcff-8c3f-4400-a757-50526e5abd46@group-22D71A69B21C-SegmentedRaftLogWorker: Starting segment from index:0
2019-09-25 06:40:33,609 [6904bcff-8c3f-4400-a757-50526e5abd46@group-22D71A69B21C:LeaderElection66] INFO  impl.RaftServerImpl (ServerState.java:setRaftConf(354)) - 6904bcff-8c3f-4400-a757-50526e5abd46@group-22D71A69B21C: set configuration 0: [6904bcff-8c3f-4400-a757-50526e5abd46:192.168.164.207:38124], old=null at 0
2019-09-25 06:40:33,638 [6904bcff-8c3f-4400-a757-50526e5abd46@group-F02307EA0B9D:LeaderElection62] INFO  impl.RoleInfo (RoleInfo.java:updateAndGet(143)) - 6904bcff-8c3f-4400-a757-50526e5abd46: start LeaderState
2019-09-25 06:40:33,638 [6904bcff-8c3f-4400-a757-50526e5abd46@group-F02307EA0B9D:LeaderElection62] INFO  segmented.SegmentedRaftLogWorker (SegmentedRaftLogWorker.java:startLogSegment(380)) - 6904bcff-8c3f-4400-a757-50526e5abd46@group-F02307EA0B9D-SegmentedRaftLogWorker: Starting segment from index:0
2019-09-25 06:40:33,639 [6904bcff-8c3f-4400-a757-50526e5abd46@group-F02307EA0B9D:LeaderElection62] INFO  impl.RaftServerImpl (ServerState.java:setRaftConf(354)) - 6904bcff-8c3f-4400-a757-50526e5abd46@group-F02307EA0B9D: set configuration 0: [6904bcff-8c3f-4400-a757-50526e5abd46:192.168.164.207:38124], old=null at 0
2019-09-25 06:40:33,673 [6904bcff-8c3f-4400-a757-50526e5abd46@group-4A308F0126A3:LeaderElection63] INFO  impl.RoleInfo (RoleInfo.java:updateAndGet(143)) - 6904bcff-8c3f-4400-a757-50526e5abd46: start LeaderState
2019-09-25 06:40:33,673 [6904bcff-8c3f-4400-a757-50526e5abd46@group-4A308F0126A3:LeaderElection63] INFO  segmented.SegmentedRaftLogWorker (SegmentedRaftLogWorker.java:startLogSegment(380)) - 6904bcff-8c3f-4400-a757-50526e5abd46@group-4A308F0126A3-SegmentedRaftLogWorker: Starting segment from index:0
2019-09-25 06:40:33,674 [571e9f02-d9f7-4eb1-bf23-fc203e64768a@group-F3B610D8A1BD:LeaderElection68] INFO  impl.RoleInfo (RoleInfo.java:updateAndGet(143)) - 571e9f02-d9f7-4eb1-bf23-fc203e64768a: start LeaderState
2019-09-25 06:40:33,674 [6904bcff-8c3f-4400-a757-50526e5abd46@group-4A308F0126A3:LeaderElection63] INFO  impl.RaftServerImpl (ServerState.java:setRaftConf(354)) - 6904bcff-8c3f-4400-a757-50526e5abd46@group-4A308F0126A3: set configuration 0: [6904bcff-8c3f-4400-a757-50526e5abd46:192.168.164.207:38124], old=null at 0
2019-09-25 06:40:33,674 [571e9f02-d9f7-4eb1-bf23-fc203e64768a@group-F3B610D8A1BD:LeaderElection68] INFO  segmented.SegmentedRaftLogWorker (SegmentedRaftLogWorker.java:startLogSegment(380)) - 571e9f02-d9f7-4eb1-bf23-fc203e64768a@group-F3B610D8A1BD-SegmentedRaftLogWorker: Starting segment from index:0
2019-09-25 06:40:33,702 [571e9f02-d9f7-4eb1-bf23-fc203e64768a@group-F3B610D8A1BD:LeaderElection68] INFO  impl.RaftServerImpl (ServerState.java:setRaftConf(354)) - 571e9f02-d9f7-4eb1-bf23-fc203e64768a@group-F3B610D8A1BD: set configuration 0: [571e9f02-d9f7-4eb1-bf23-fc203e64768a:192.168.164.207:33483], old=null at 0
2019-09-25 06:40:33,742 [6904bcff-8c3f-4400-a757-50526e5abd46@group-3B1158F5B465:LeaderElection65] INFO  impl.RoleInfo (RoleInfo.java:updateAndGet(143)) - 6904bcff-8c3f-4400-a757-50526e5abd46: start LeaderState
2019-09-25 06:40:33,742 [6904bcff-8c3f-4400-a757-50526e5abd46@group-3B1158F5B465:LeaderElection65] INFO  segmented.SegmentedRaftLogWorker (SegmentedRaftLogWorker.java:startLogSegment(380)) - 6904bcff-8c3f-4400-a757-50526e5abd46@group-3B1158F5B465-SegmentedRaftLogWorker: Starting segment from index:0
2019-09-25 06:40:33,743 [6904bcff-8c3f-4400-a757-50526e5abd46@group-3B1158F5B465:LeaderElection65] INFO  impl.RaftServerImpl (ServerState.java:setRaftConf(354)) - 6904bcff-8c3f-4400-a757-50526e5abd46@group-3B1158F5B465: set configuration 0: [6904bcff-8c3f-4400-a757-50526e5abd46:192.168.164.207:38124], old=null at 0
2019-09-25 06:40:33,781 [4ef67e89-1d62-4370-ad00-484c653ab491@group-711521F40132:LeaderElection67] INFO  impl.RoleInfo (RoleInfo.java:updateAndGet(143)) - 4ef67e89-1d62-4370-ad00-484c653ab491: start LeaderState
2019-09-25 06:40:33,781 [4ef67e89-1d62-4370-ad00-484c653ab491@group-711521F40132:LeaderElection67] INFO  segmented.SegmentedRaftLogWorker (SegmentedRaftLogWorker.java:startLogSegment(380)) - 4ef67e89-1d62-4370-ad00-484c653ab491@group-711521F40132-SegmentedRaftLogWorker: Starting segment from index:0
2019-09-25 06:40:33,782 [4ef67e89-1d62-4370-ad00-484c653ab491@group-711521F40132:LeaderElection67] INFO  impl.RaftServerImpl (ServerState.java:setRaftConf(354)) - 4ef67e89-1d62-4370-ad00-484c653ab491@group-711521F40132: set configuration 0: [4ef67e89-1d62-4370-ad00-484c653ab491:192.168.164.207:42988], old=null at 0
2019-09-25 06:40:33,819 [4ef67e89-1d62-4370-ad00-484c653ab491@group-B3AD4ACCF736:LeaderElection64] INFO  impl.RoleInfo (RoleInfo.java:updateAndGet(143)) - 4ef67e89-1d62-4370-ad00-484c653ab491: start LeaderState
2019-09-25 06:40:33,819 [571e9f02-d9f7-4eb1-bf23-fc203e64768a@group-3797BFC0E5C7:LeaderElection72] INFO  impl.RoleInfo (RoleInfo.java:updateAndGet(143)) - 571e9f02-d9f7-4eb1-bf23-fc203e64768a: start LeaderState
2019-09-25 06:40:33,819 [4ef67e89-1d62-4370-ad00-484c653ab491@group-9FBC58DB55A7:LeaderElection73] INFO  impl.RoleInfo (RoleInfo.java:updateAndGet(143)) - 4ef67e89-1d62-4370-ad00-484c653ab491: start LeaderState
2019-09-25 06:40:33,819 [571e9f02-d9f7-4eb1-bf23-fc203e64768a@group-3797BFC0E5C7:LeaderElection72] INFO  segmented.SegmentedRaftLogWorker (SegmentedRaftLogWorker.java:startLogSegment(380)) - 571e9f02-d9f7-4eb1-bf23-fc203e64768a@group-3797BFC0E5C7-SegmentedRaftLogWorker: Starting segment from index:0
2019-09-25 06:40:33,819 [4ef67e89-1d62-4370-ad00-484c653ab491@group-B3AD4ACCF736:LeaderElection64] INFO  segmented.SegmentedRaftLogWorker (SegmentedRaftLogWorker.java:startLogSegment(380)) - 4ef67e89-1d62-4370-ad00-484c653ab491@group-B3AD4ACCF736-SegmentedRaftLogWorker: Starting segment from index:0
2019-09-25 06:40:33,819 [571e9f02-d9f7-4eb1-bf23-fc203e64768a@group-D426E7EF0DA3:LeaderElection74] INFO  impl.RoleInfo (RoleInfo.java:updateAndGet(143)) - 571e9f02-d9f7-4eb1-bf23-fc203e64768a: start LeaderState
2019-09-25 06:40:33,819 [4ef67e89-1d62-4370-ad00-484c653ab491@group-FAD3FB1F39D2:LeaderElection75] INFO  impl.RoleInfo (RoleInfo.java:updateAndGet(143)) - 4ef67e89-1d62-4370-ad00-484c653ab491: start LeaderState
2019-09-25 06:40:33,819 [571e9f02-d9f7-4eb1-bf23-fc203e64768a@group-08B07BF0518E:LeaderElection76] INFO  impl.RoleInfo (RoleInfo.java:updateAndGet(143)) - 571e9f02-d9f7-4eb1-bf23-fc203e64768a: start LeaderState
2019-09-25 06:40:33,820 [4ef67e89-1d62-4370-ad00-484c653ab491@group-FAD3FB1F39D2:LeaderElection75] INFO  segmented.SegmentedRaftLogWorker (SegmentedRaftLogWorker.java:startLogSegment(380)) - 4ef67e89-1d62-4370-ad00-484c653ab491@group-FAD3FB1F39D2-SegmentedRaftLogWorker: Starting segment from index:0
2019-09-25 06:40:33,819 [4ef67e89-1d62-4370-ad00-484c653ab491@group-9FBC58DB55A7:LeaderElection73] INFO  segmented.SegmentedRaftLogWorker (SegmentedRaftLogWorker.java:startLogSegment(380)) - 4ef67e89-1d62-4370-ad00-484c653ab491@group-9FBC58DB55A7-SegmentedRaftLogWorker: Starting segment from index:0
2019-09-25 06:40:33,820 [4ef67e89-1d62-4370-ad00-484c653ab491@group-B3AD4ACCF736:LeaderElection64] INFO  impl.RaftServerImpl (ServerState.java:setRaftConf(354)) - 4ef67e89-1d62-4370-ad00-484c653ab491@group-B3AD4ACCF736: set configuration 0: [4ef67e89-1d62-4370-ad00-484c653ab491:192.168.164.207:42988], old=null at 0
2019-09-25 06:40:33,820 [571e9f02-d9f7-4eb1-bf23-fc203e64768a@group-08B07BF0518E:LeaderElection76] INFO  segmented.SegmentedRaftLogWorker (SegmentedRaftLogWorker.java:startLogSegment(380)) - 571e9f02-d9f7-4eb1-bf23-fc203e64768a@group-08B07BF0518E-SegmentedRaftLogWorker: Starting segment from index:0
2019-09-25 06:40:33,820 [571e9f02-d9f7-4eb1-bf23-fc203e64768a@group-3797BFC0E5C7:LeaderElection72] INFO  impl.RaftServerImpl (ServerState.java:setRaftConf(354)) - 571e9f02-d9f7-4eb1-bf23-fc203e64768a@group-3797BFC0E5C7: set configuration 0: [571e9f02-d9f7-4eb1-bf23-fc203e64768a:192.168.164.207:33483], old=null at 0
2019-09-25 06:40:33,820 [571e9f02-d9f7-4eb1-bf23-fc203e64768a@group-D426E7EF0DA3:LeaderElection74] INFO  segmented.SegmentedRaftLogWorker (SegmentedRaftLogWorker.java:startLogSegment(380)) - 571e9f02-d9f7-4eb1-bf23-fc203e64768a@group-D426E7EF0DA3-SegmentedRaftLogWorker: Starting segment from index:0
2019-09-25 06:40:33,903 [Thread-987] INFO  ozoneimpl.OzoneContainer (OzoneContainer.java:stop(231)) - Attempting to stop container services.
2019-09-25 06:40:33,902 [571e9f02-d9f7-4eb1-bf23-fc203e64768a@group-08B07BF0518E:LeaderElection76] INFO  impl.RaftServerImpl (ServerState.java:setRaftConf(354)) - 571e9f02-d9f7-4eb1-bf23-fc203e64768a@group-08B07BF0518E: set configuration 0: [571e9f02-d9f7-4eb1-bf23-fc203e64768a:192.168.164.207:33483], old=null at 0
2019-09-25 06:40:33,862 [4ef67e89-1d62-4370-ad00-484c653ab491@group-9FBC58DB55A7:LeaderElection73] INFO  impl.RaftServerImpl (ServerState.java:setRaftConf(354)) - 4ef67e89-1d62-4370-ad00-484c653ab491@group-9FBC58DB55A7: set configuration 0: [4ef67e89-1d62-4370-ad00-484c653ab491:192.168.164.207:42988], old=null at 0
2019-09-25 06:40:33,862 [ForkJoinPool.commonPool-worker-0] INFO  ozoneimpl.OzoneContainer (OzoneContainer.java:stop(231)) - Attempting to stop container services.
2019-09-25 06:40:33,821 [4ef67e89-1d62-4370-ad00-484c653ab491@group-FAD3FB1F39D2:LeaderElection75] INFO  impl.RaftServerImpl (ServerState.java:setRaftConf(354)) - 4ef67e89-1d62-4370-ad00-484c653ab491@group-FAD3FB1F39D2: set configuration 0: [4ef67e89-1d62-4370-ad00-484c653ab491:192.168.164.207:42988], old=null at 0
2019-09-25 06:40:33,945 [ForkJoinPool.commonPool-worker-0] INFO  impl.RaftServerProxy (RaftServerProxy.java:lambda$close$4(314)) - 6904bcff-8c3f-4400-a757-50526e5abd46: close
2019-09-25 06:40:33,943 [571e9f02-d9f7-4eb1-bf23-fc203e64768a@group-63F8E165B974:LeaderElection77] INFO  impl.LeaderElection (LeaderElection.java:askForVotes(182)) - 571e9f02-d9f7-4eb1-bf23-fc203e64768a@group-63F8E165B974:LeaderElection77: begin an election at term 1 for -1: [571e9f02-d9f7-4eb1-bf23-fc203e64768a:192.168.164.207:33483], old=null
2019-09-25 06:40:33,948 [ForkJoinPool.commonPool-worker-0] INFO  impl.RaftServerImpl (RaftServerImpl.java:lambda$shutdown$3(251)) - 6904bcff-8c3f-4400-a757-50526e5abd46@group-ED342419C4A0: shutdown
2019-09-25 06:40:33,903 [Thread-987] INFO  impl.RaftServerProxy (RaftServerProxy.java:lambda$close$4(314)) - 4ef67e89-1d62-4370-ad00-484c653ab491: close
2019-09-25 06:40:33,943 [571e9f02-d9f7-4eb1-bf23-fc203e64768a@group-D426E7EF0DA3:LeaderElection74] INFO  impl.RaftServerImpl (ServerState.java:setRaftConf(354)) - 571e9f02-d9f7-4eb1-bf23-fc203e64768a@group-D426E7EF0DA3: set configuration 0: [571e9f02-d9f7-4eb1-bf23-fc203e64768a:192.168.164.207:33483], old=null at 0
2019-09-25 06:40:33,943 [571e9f02-d9f7-4eb1-bf23-fc203e64768a@group-6A3D527BD4DE-SegmentedRaftLogWorker] INFO  segmented.SegmentedRaftLogWorker (SegmentedRaftLogWorker.java:execute(569)) - 571e9f02-d9f7-4eb1-bf23-fc203e64768a@group-6A3D527BD4DE-SegmentedRaftLogWorker: created new log segment /workdir/hadoop-ozone/ozonefs/target/test-dir/MiniOzoneClusterImpl-aba66c6d-a604-4a1f-b1c3-ce07fb6ed48b/datanode-2/data/ratis/2ee55251-3d3c-40bc-b900-6a3d527bd4de/current/log_inprogress_0
2019-09-25 06:40:33,942 [6904bcff-8c3f-4400-a757-50526e5abd46@group-22D71A69B21C-SegmentedRaftLogWorker] INFO  segmented.SegmentedRaftLogWorker (SegmentedRaftLogWorker.java:execute(569)) - 6904bcff-8c3f-4400-a757-50526e5abd46@group-22D71A69B21C-SegmentedRaftLogWorker: created new log segment /workdir/hadoop-ozone/ozonefs/target/test-dir/MiniOzoneClusterImpl-aba66c6d-a604-4a1f-b1c3-ce07fb6ed48b/datanode-0/data/ratis/c974910e-5990-4bc9-a780-22d71a69b21c/current/log_inprogress_0
2019-09-25 06:40:33,942 [6904bcff-8c3f-4400-a757-50526e5abd46@group-4A308F0126A3-SegmentedRaftLogWorker] INFO  segmented.SegmentedRaftLogWorker (SegmentedRaftLogWorker.java:execute(569)) - 6904bcff-8c3f-4400-a757-50526e5abd46@group-4A308F0126A3-SegmentedRaftLogWorker: created new log segment /workdir/hadoop-ozone/ozonefs/target/test-dir/MiniOzoneClusterImpl-aba66c6d-a604-4a1f-b1c3-ce07fb6ed48b/datanode-0/data/ratis/c28798b2-122e-4d1b-abb0-4a308f0126a3/current/log_inprogress_0
2019-09-25 06:40:33,942 [571e9f02-d9f7-4eb1-bf23-fc203e64768a@group-08B07BF0518E-SegmentedRaftLogWorker] INFO  segmented.SegmentedRaftLogWorker (SegmentedRaftLogWorker.java:execute(569)) - 571e9f02-d9f7-4eb1-bf23-fc203e64768a@group-08B07BF0518E-SegmentedRaftLogWorker: created new log segment /workdir/hadoop-ozone/ozonefs/target/test-dir/MiniOzoneClusterImpl-aba66c6d-a604-4a1f-b1c3-ce07fb6ed48b/datanode-2/data/ratis/7c73cac1-6bcc-4674-b94b-08b07bf0518e/current/log_inprogress_0
2019-09-25 06:40:33,942 [6904bcff-8c3f-4400-a757-50526e5abd46@group-F02307EA0B9D-SegmentedRaftLogWorker] INFO  segmented.SegmentedRaftLogWorker (SegmentedRaftLogWorker.java:execute(569)) - 6904bcff-8c3f-4400-a757-50526e5abd46@group-F02307EA0B9D-SegmentedRaftLogWorker: created new log segment /workdir/hadoop-ozone/ozonefs/target/test-dir/MiniOzoneClusterImpl-aba66c6d-a604-4a1f-b1c3-ce07fb6ed48b/datanode-0/data/ratis/e172c9ad-73b4-4f6e-918b-f02307ea0b9d/current/log_inprogress_0
2019-09-25 06:40:33,942 [4ef67e89-1d62-4370-ad00-484c653ab491@group-FAD3FB1F39D2-SegmentedRaftLogWorker] INFO  segmented.SegmentedRaftLogWorker (SegmentedRaftLogWorker.java:execute(569)) - 4ef67e89-1d62-4370-ad00-484c653ab491@group-FAD3FB1F39D2-SegmentedRaftLogWorker: created new log segment /workdir/hadoop-ozone/ozonefs/target/test-dir/MiniOzoneClusterImpl-aba66c6d-a604-4a1f-b1c3-ce07fb6ed48b/datanode-1/data/ratis/ab704e56-b16f-4c9a-a8f8-fad3fb1f39d2/current/log_inprogress_0
2019-09-25 06:40:33,942 [571e9f02-d9f7-4eb1-bf23-fc203e64768a@group-F3B610D8A1BD-SegmentedRaftLogWorker] INFO  segmented.SegmentedRaftLogWorker (SegmentedRaftLogWorker.java:execute(569)) - 571e9f02-d9f7-4eb1-bf23-fc203e64768a@group-F3B610D8A1BD-SegmentedRaftLogWorker: created new log segment /workdir/hadoop-ozone/ozonefs/target/test-dir/MiniOzoneClusterImpl-aba66c6d-a604-4a1f-b1c3-ce07fb6ed48b/datanode-2/data/ratis/6a9f616b-8543-405e-a0e6-f3b610d8a1bd/current/log_inprogress_0
2019-09-25 06:40:33,942 [4ef67e89-1d62-4370-ad00-484c653ab491@group-B3AD4ACCF736-SegmentedRaftLogWorker] INFO  segmented.SegmentedRaftLogWorker (SegmentedRaftLogWorker.java:execute(569)) - 4ef67e89-1d62-4370-ad00-484c653ab491@group-B3AD4ACCF736-SegmentedRaftLogWorker: created new log segment /workdir/hadoop-ozone/ozonefs/target/test-dir/MiniOzoneClusterImpl-aba66c6d-a604-4a1f-b1c3-ce07fb6ed48b/datanode-1/data/ratis/a70d352d-f05d-43db-957d-b3ad4accf736/current/log_inprogress_0
2019-09-25 06:40:33,942 [6904bcff-8c3f-4400-a757-50526e5abd46@group-3B1158F5B465-SegmentedRaftLogWorker] INFO  segmented.SegmentedRaftLogWorker (SegmentedRaftLogWorker.java:execute(569)) - 6904bcff-8c3f-4400-a757-50526e5abd46@group-3B1158F5B465-SegmentedRaftLogWorker: created new log segment /workdir/hadoop-ozone/ozonefs/target/test-dir/MiniOzoneClusterImpl-aba66c6d-a604-4a1f-b1c3-ce07fb6ed48b/datanode-0/data/ratis/540955d1-ef53-4ce5-a650-3b1158f5b465/current/log_inprogress_0
2019-09-25 06:40:33,942 [4ef67e89-1d62-4370-ad00-484c653ab491@group-9FBC58DB55A7-SegmentedRaftLogWorker] INFO  segmented.SegmentedRaftLogWorker (SegmentedRaftLogWorker.java:execute(569)) - 4ef67e89-1d62-4370-ad00-484c653ab491@group-9FBC58DB55A7-SegmentedRaftLogWorker: created new log segment /workdir/hadoop-ozone/ozonefs/target/test-dir/MiniOzoneClusterImpl-aba66c6d-a604-4a1f-b1c3-ce07fb6ed48b/datanode-1/data/ratis/1b3f622a-30ee-44b2-8b71-9fbc58db55a7/current/log_inprogress_0
2019-09-25 06:40:33,942 [4ef67e89-1d62-4370-ad00-484c653ab491@group-711521F40132-SegmentedRaftLogWorker] INFO  segmented.SegmentedRaftLogWorker (SegmentedRaftLogWorker.java:execute(569)) - 4ef67e89-1d62-4370-ad00-484c653ab491@group-711521F40132-SegmentedRaftLogWorker: created new log segment /workdir/hadoop-ozone/ozonefs/target/test-dir/MiniOzoneClusterImpl-aba66c6d-a604-4a1f-b1c3-ce07fb6ed48b/datanode-1/data/ratis/a15a94e9-289b-4eb5-ae41-711521f40132/current/log_inprogress_0
2019-09-25 06:40:33,942 [571e9f02-d9f7-4eb1-bf23-fc203e64768a@group-3797BFC0E5C7-SegmentedRaftLogWorker] INFO  segmented.SegmentedRaftLogWorker (SegmentedRaftLogWorker.java:execute(569)) - 571e9f02-d9f7-4eb1-bf23-fc203e64768a@group-3797BFC0E5C7-SegmentedRaftLogWorker: created new log segment /workdir/hadoop-ozone/ozonefs/target/test-dir/MiniOzoneClusterImpl-aba66c6d-a604-4a1f-b1c3-ce07fb6ed48b/datanode-2/data/ratis/b1882f8a-ccf5-45dd-8ac8-3797bfc0e5c7/current/log_inprogress_0
2019-09-25 06:40:33,948 [Thread-987] INFO  impl.RaftServerImpl (RaftServerImpl.java:lambda$shutdown$3(251)) - 4ef67e89-1d62-4370-ad00-484c653ab491@group-FAD3FB1F39D2: shutdown
2019-09-25 06:40:33,948 [ForkJoinPool.commonPool-worker-0] INFO  util.JmxRegister (JmxRegister.java:unregister(73)) - Successfully un-registered JMX Bean with object name Ratis:service=RaftServer,group=group-ED342419C4A0,id=6904bcff-8c3f-4400-a757-50526e5abd46
2019-09-25 06:40:33,948 [571e9f02-d9f7-4eb1-bf23-fc203e64768a@group-63F8E165B974:LeaderElection77] INFO  impl.RoleInfo (RoleInfo.java:shutdownLeaderElection(134)) - 571e9f02-d9f7-4eb1-bf23-fc203e64768a: shutdown LeaderElection
2019-09-25 06:40:33,952 [ForkJoinPool.commonPool-worker-0] INFO  impl.RoleInfo (RoleInfo.java:shutdownLeaderState(104)) - 6904bcff-8c3f-4400-a757-50526e5abd46: shutdown LeaderState
2019-09-25 06:40:33,952 [Thread-987] INFO  util.JmxRegister (JmxRegister.java:unregister(73)) - Successfully un-registered JMX Bean with object name Ratis:service=RaftServer,group=group-FAD3FB1F39D2,id=4ef67e89-1d62-4370-ad00-484c653ab491
2019-09-25 06:40:33,953 [ForkJoinPool.commonPool-worker-0] INFO  impl.PendingRequests (PendingRequests.java:sendNotLeaderResponses(202)) - 6904bcff-8c3f-4400-a757-50526e5abd46-PendingRequests: sendNotLeaderResponses
2019-09-25 06:40:33,952 [571e9f02-d9f7-4eb1-bf23-fc203e64768a@group-63F8E165B974:LeaderElection77] INFO  impl.RaftServerImpl (RaftServerImpl.java:setRole(174)) - 571e9f02-d9f7-4eb1-bf23-fc203e64768a@group-63F8E165B974: changes role from CANDIDATE to LEADER at term 1 for changeToLeader
2019-09-25 06:40:33,953 [Thread-987] INFO  impl.RoleInfo (RoleInfo.java:shutdownLeaderState(104)) - 4ef67e89-1d62-4370-ad00-484c653ab491: shutdown LeaderState
2019-09-25 06:40:33,953 [ForkJoinPool.commonPool-worker-0] INFO  impl.StateMachineUpdater (StateMachineUpdater.java:stopAndJoin(125)) - 6904bcff-8c3f-4400-a757-50526e5abd46@group-ED342419C4A0-StateMachineUpdater: set stopIndex = 0
2019-09-25 06:40:33,955 [ForkJoinPool.commonPool-worker-0] INFO  impl.RaftServerImpl (ServerState.java:close(385)) - 6904bcff-8c3f-4400-a757-50526e5abd46@group-ED342419C4A0: closes. applyIndex: 0
2019-09-25 06:40:33,953 [571e9f02-d9f7-4eb1-bf23-fc203e64768a@group-63F8E165B974:LeaderElection77] INFO  impl.RaftServerImpl (ServerState.java:setLeader(253)) - 571e9f02-d9f7-4eb1-bf23-fc203e64768a@group-63F8E165B974: change Leader from null to 571e9f02-d9f7-4eb1-bf23-fc203e64768a at term 1 for becomeLeader, leader elected after 5497ms
2019-09-25 06:40:33,956 [6904bcff-8c3f-4400-a757-50526e5abd46@group-ED342419C4A0-SegmentedRaftLogWorker] INFO  segmented.SegmentedRaftLogWorker (SegmentedRaftLogWorker.java:run(313)) - 6904bcff-8c3f-4400-a757-50526e5abd46@group-ED342419C4A0-SegmentedRaftLogWorker was interrupted, exiting. There are 0 tasks remaining in the queue.
2019-09-25 06:40:33,954 [Thread-987] INFO  impl.PendingRequests (PendingRequests.java:sendNotLeaderResponses(202)) - 4ef67e89-1d62-4370-ad00-484c653ab491-PendingRequests: sendNotLeaderResponses
2019-09-25 06:40:33,956 [571e9f02-d9f7-4eb1-bf23-fc203e64768a@group-63F8E165B974:LeaderElection77] INFO  server.RaftServerConfigKeys (ConfUtils.java:logGet(43)) - raft.server.staging.catchup.gap = 1000 (default)
2019-09-25 06:40:33,958 [Thread-987] INFO  impl.StateMachineUpdater (StateMachineUpdater.java:stopAndJoin(125)) - 4ef67e89-1d62-4370-ad00-484c653ab491@group-FAD3FB1F39D2-StateMachineUpdater: set stopIndex = -1
2019-09-25 06:40:33,960 [571e9f02-d9f7-4eb1-bf23-fc203e64768a@group-63F8E165B974:LeaderElection77] INFO  server.RaftServerConfigKeys (ConfUtils.java:logGet(43)) - raft.server.rpc.sleep.time = 25ms (default)
2019-09-25 06:40:33,960 [Thread-987] INFO  impl.RaftServerImpl (ServerState.java:close(385)) - 4ef67e89-1d62-4370-ad00-484c653ab491@group-FAD3FB1F39D2: closes. applyIndex: -1
2019-09-25 06:40:33,960 [571e9f02-d9f7-4eb1-bf23-fc203e64768a@group-63F8E165B974:LeaderElection77] INFO  server.RaftServerConfigKeys (ConfUtils.java:logGet(43)) - raft.server.write.element-limit = 4096 (default)
2019-09-25 06:40:33,960 [4ef67e89-1d62-4370-ad00-484c653ab491@group-FAD3FB1F39D2-SegmentedRaftLogWorker] INFO  segmented.SegmentedRaftLogWorker (SegmentedRaftLogWorker.java:run(313)) - 4ef67e89-1d62-4370-ad00-484c653ab491@group-FAD3FB1F39D2-SegmentedRaftLogWorker was interrupted, exiting. There are 0 tasks remaining in the queue.
2019-09-25 06:40:33,960 [571e9f02-d9f7-4eb1-bf23-fc203e64768a@group-63F8E165B974:LeaderElection77] INFO  server.RaftServerConfigKeys (ConfUtils.java:logGet(43)) - raft.server.watch.timeout = 10s (default)
2019-09-25 06:40:33,962 [571e9f02-d9f7-4eb1-bf23-fc203e64768a@group-63F8E165B974:LeaderElection77] INFO  server.RaftServerConfigKeys (ConfUtils.java:logGet(43)) - raft.server.watch.timeout.denomination = 1s (default)
2019-09-25 06:40:33,962 [571e9f02-d9f7-4eb1-bf23-fc203e64768a@group-63F8E165B974:LeaderElection77] INFO  server.RaftServerConfigKeys (ConfUtils.java:logGet(43)) - raft.server.watch.element-limit = 65536 (default)
2019-09-25 06:40:33,965 [571e9f02-d9f7-4eb1-bf23-fc203e64768a@group-63F8E165B974:LeaderElection77] INFO  impl.RoleInfo (RoleInfo.java:updateAndGet(143)) - 571e9f02-d9f7-4eb1-bf23-fc203e64768a: start LeaderState
2019-09-25 06:40:33,965 [571e9f02-d9f7-4eb1-bf23-fc203e64768a@group-63F8E165B974:LeaderElection77] INFO  segmented.SegmentedRaftLogWorker (SegmentedRaftLogWorker.java:startLogSegment(380)) - 571e9f02-d9f7-4eb1-bf23-fc203e64768a@group-63F8E165B974-SegmentedRaftLogWorker: Starting segment from index:0
2019-09-25 06:40:33,966 [571e9f02-d9f7-4eb1-bf23-fc203e64768a@group-63F8E165B974:LeaderElection77] INFO  impl.RaftServerImpl (ServerState.java:setRaftConf(354)) - 571e9f02-d9f7-4eb1-bf23-fc203e64768a@group-63F8E165B974: set configuration 0: [571e9f02-d9f7-4eb1-bf23-fc203e64768a:192.168.164.207:33483], old=null at 0
2019-09-25 06:40:33,978 [571e9f02-d9f7-4eb1-bf23-fc203e64768a@group-D426E7EF0DA3-SegmentedRaftLogWorker] INFO  segmented.SegmentedRaftLogWorker (SegmentedRaftLogWorker.java:execute(569)) - 571e9f02-d9f7-4eb1-bf23-fc203e64768a@group-D426E7EF0DA3-SegmentedRaftLogWorker: created new log segment /workdir/hadoop-ozone/ozonefs/target/test-dir/MiniOzoneClusterImpl-aba66c6d-a604-4a1f-b1c3-ce07fb6ed48b/datanode-2/data/ratis/2e8a3149-e3b6-47f1-aaa1-d426e7ef0da3/current/log_inprogress_0
2019-09-25 06:40:33,978 [ForkJoinPool.commonPool-worker-0] INFO  segmented.SegmentedRaftLogWorker (SegmentedRaftLogWorker.java:close(228)) - 6904bcff-8c3f-4400-a757-50526e5abd46@group-ED342419C4A0-SegmentedRaftLogWorker close()
2019-09-25 06:40:33,978 [Thread-987] INFO  segmented.SegmentedRaftLogWorker (SegmentedRaftLogWorker.java:close(228)) - 4ef67e89-1d62-4370-ad00-484c653ab491@group-FAD3FB1F39D2-SegmentedRaftLogWorker close()
2019-09-25 06:40:34,013 [ForkJoinPool.commonPool-worker-0] INFO  impl.RaftServerImpl (RaftServerImpl.java:lambda$shutdown$3(251)) - 6904bcff-8c3f-4400-a757-50526e5abd46@group-CA2E17F1AD5A: shutdown
2019-09-25 06:40:34,017 [Thread-987] INFO  impl.RaftServerImpl (RaftServerImpl.java:lambda$shutdown$3(251)) - 4ef67e89-1d62-4370-ad00-484c653ab491@group-61F0BFD3647C: shutdown
2019-09-25 06:40:34,018 [ForkJoinPool.commonPool-worker-0] INFO  util.JmxRegister (JmxRegister.java:unregister(73)) - Successfully un-registered JMX Bean with object name Ratis:service=RaftServer,group=group-CA2E17F1AD5A,id=6904bcff-8c3f-4400-a757-50526e5abd46
2019-09-25 06:40:34,018 [Thread-987] INFO  util.JmxRegister (JmxRegister.java:unregister(73)) - Successfully un-registered JMX Bean with object name Ratis:service=RaftServer,group=group-61F0BFD3647C,id=4ef67e89-1d62-4370-ad00-484c653ab491
2019-09-25 06:40:34,018 [ForkJoinPool.commonPool-worker-0] INFO  impl.RoleInfo (RoleInfo.java:shutdownLeaderState(104)) - 6904bcff-8c3f-4400-a757-50526e5abd46: shutdown LeaderState
2019-09-25 06:40:34,018 [Thread-987] INFO  impl.RoleInfo (RoleInfo.java:shutdownLeaderState(104)) - 4ef67e89-1d62-4370-ad00-484c653ab491: shutdown LeaderState
2019-09-25 06:40:34,019 [ForkJoinPool.commonPool-worker-0] INFO  impl.PendingRequests (PendingRequests.java:sendNotLeaderResponses(202)) - 6904bcff-8c3f-4400-a757-50526e5abd46-PendingRequests: sendNotLeaderResponses
2019-09-25 06:40:34,019 [Thread-987] INFO  impl.PendingRequests (PendingRequests.java:sendNotLeaderResponses(202)) - 4ef67e89-1d62-4370-ad00-484c653ab491-PendingRequests: sendNotLeaderResponses
2019-09-25 06:40:34,019 [ForkJoinPool.commonPool-worker-0] INFO  impl.StateMachineUpdater (StateMachineUpdater.java:stopAndJoin(125)) - 6904bcff-8c3f-4400-a757-50526e5abd46@group-CA2E17F1AD5A-StateMachineUpdater: set stopIndex = 0
2019-09-25 06:40:34,019 [Thread-987] INFO  impl.StateMachineUpdater (StateMachineUpdater.java:stopAndJoin(125)) - 4ef67e89-1d62-4370-ad00-484c653ab491@group-61F0BFD3647C-StateMachineUpdater: set stopIndex = 0
2019-09-25 06:40:34,020 [ForkJoinPool.commonPool-worker-0] INFO  impl.RaftServerImpl (ServerState.java:close(385)) - 6904bcff-8c3f-4400-a757-50526e5abd46@group-CA2E17F1AD5A: closes. applyIndex: 0
2019-09-25 06:40:34,020 [Thread-987] INFO  impl.RaftServerImpl (ServerState.java:close(385)) - 4ef67e89-1d62-4370-ad00-484c653ab491@group-61F0BFD3647C: closes. applyIndex: 0
2019-09-25 06:40:34,020 [6904bcff-8c3f-4400-a757-50526e5abd46@group-CA2E17F1AD5A-SegmentedRaftLogWorker] INFO  segmented.SegmentedRaftLogWorker (SegmentedRaftLogWorker.java:run(313)) - 6904bcff-8c3f-4400-a757-50526e5abd46@group-CA2E17F1AD5A-SegmentedRaftLogWorker was interrupted, exiting. There are 0 tasks remaining in the queue.
2019-09-25 06:40:34,020 [4ef67e89-1d62-4370-ad00-484c653ab491@group-61F0BFD3647C-SegmentedRaftLogWorker] INFO  segmented.SegmentedRaftLogWorker (SegmentedRaftLogWorker.java:run(313)) - 4ef67e89-1d62-4370-ad00-484c653ab491@group-61F0BFD3647C-SegmentedRaftLogWorker was interrupted, exiting. There are 0 tasks remaining in the queue.
2019-09-25 06:40:34,024 [ForkJoinPool.commonPool-worker-0] INFO  segmented.SegmentedRaftLogWorker (SegmentedRaftLogWorker.java:close(228)) - 6904bcff-8c3f-4400-a757-50526e5abd46@group-CA2E17F1AD5A-SegmentedRaftLogWorker close()
2019-09-25 06:40:34,028 [ForkJoinPool.commonPool-worker-0] INFO  impl.RaftServerImpl (RaftServerImpl.java:lambda$shutdown$3(251)) - 6904bcff-8c3f-4400-a757-50526e5abd46@group-22D71A69B21C: shutdown
2019-09-25 06:40:34,028 [ForkJoinPool.commonPool-worker-0] INFO  util.JmxRegister (JmxRegister.java:unregister(73)) - Successfully un-registered JMX Bean with object name Ratis:service=RaftServer,group=group-22D71A69B21C,id=6904bcff-8c3f-4400-a757-50526e5abd46
2019-09-25 06:40:34,028 [ForkJoinPool.commonPool-worker-0] INFO  impl.RoleInfo (RoleInfo.java:shutdownLeaderState(104)) - 6904bcff-8c3f-4400-a757-50526e5abd46: shutdown LeaderState
2019-09-25 06:40:34,029 [ForkJoinPool.commonPool-worker-0] INFO  impl.PendingRequests (PendingRequests.java:sendNotLeaderResponses(202)) - 6904bcff-8c3f-4400-a757-50526e5abd46-PendingRequests: sendNotLeaderResponses
2019-09-25 06:40:34,029 [ForkJoinPool.commonPool-worker-0] INFO  impl.StateMachineUpdater (StateMachineUpdater.java:stopAndJoin(125)) - 6904bcff-8c3f-4400-a757-50526e5abd46@group-22D71A69B21C-StateMachineUpdater: set stopIndex = 0
2019-09-25 06:40:34,030 [ForkJoinPool.commonPool-worker-0] INFO  impl.RaftServerImpl (ServerState.java:close(385)) - 6904bcff-8c3f-4400-a757-50526e5abd46@group-22D71A69B21C: closes. applyIndex: 0
2019-09-25 06:40:34,030 [6904bcff-8c3f-4400-a757-50526e5abd46@group-22D71A69B21C-SegmentedRaftLogWorker] INFO  segmented.SegmentedRaftLogWorker (SegmentedRaftLogWorker.java:run(313)) - 6904bcff-8c3f-4400-a757-50526e5abd46@group-22D71A69B21C-SegmentedRaftLogWorker was interrupted, exiting. There are 0 tasks remaining in the queue.
2019-09-25 06:40:34,037 [Thread-987] INFO  segmented.SegmentedRaftLogWorker (SegmentedRaftLogWorker.java:close(228)) - 4ef67e89-1d62-4370-ad00-484c653ab491@group-61F0BFD3647C-SegmentedRaftLogWorker close()
2019-09-25 06:40:34,037 [ForkJoinPool.commonPool-worker-0] INFO  segmented.SegmentedRaftLogWorker (SegmentedRaftLogWorker.java:close(228)) - 6904bcff-8c3f-4400-a757-50526e5abd46@group-22D71A69B21C-SegmentedRaftLogWorker close()
2019-09-25 06:40:34,040 [571e9f02-d9f7-4eb1-bf23-fc203e64768a@group-63F8E165B974-SegmentedRaftLogWorker] INFO  segmented.SegmentedRaftLogWorker (SegmentedRaftLogWorker.java:execute(569)) - 571e9f02-d9f7-4eb1-bf23-fc203e64768a@group-63F8E165B974-SegmentedRaftLogWorker: created new log segment /workdir/hadoop-ozone/ozonefs/target/test-dir/MiniOzoneClusterImpl-aba66c6d-a604-4a1f-b1c3-ce07fb6ed48b/datanode-2/data/ratis/3a6f0215-1eaf-4279-ad0b-63f8e165b974/current/log_inprogress_0
2019-09-25 06:40:34,040 [Thread-987] INFO  impl.RaftServerImpl (RaftServerImpl.java:lambda$shutdown$3(251)) - 4ef67e89-1d62-4370-ad00-484c653ab491@group-74A69C1E1B9C: shutdown
2019-09-25 06:40:34,044 [ForkJoinPool.commonPool-worker-0] INFO  impl.RaftServerImpl (RaftServerImpl.java:lambda$shutdown$3(251)) - 6904bcff-8c3f-4400-a757-50526e5abd46@group-4A308F0126A3: shutdown
2019-09-25 06:40:34,044 [Thread-987] INFO  util.JmxRegister (JmxRegister.java:unregister(73)) - Successfully un-registered JMX Bean with object name Ratis:service=RaftServer,group=group-74A69C1E1B9C,id=4ef67e89-1d62-4370-ad00-484c653ab491
2019-09-25 06:40:34,045 [ForkJoinPool.commonPool-worker-0] INFO  util.JmxRegister (JmxRegister.java:unregister(73)) - Successfully un-registered JMX Bean with object name Ratis:service=RaftServer,group=group-4A308F0126A3,id=6904bcff-8c3f-4400-a757-50526e5abd46
2019-09-25 06:40:34,045 [Thread-987] INFO  impl.RoleInfo (RoleInfo.java:shutdownLeaderState(104)) - 4ef67e89-1d62-4370-ad00-484c653ab491: shutdown LeaderState
2019-09-25 06:40:34,045 [ForkJoinPool.commonPool-worker-0] INFO  impl.RoleInfo (RoleInfo.java:shutdownLeaderState(104)) - 6904bcff-8c3f-4400-a757-50526e5abd46: shutdown LeaderState
2019-09-25 06:40:34,046 [Thread-987] INFO  impl.PendingRequests (PendingRequests.java:sendNotLeaderResponses(202)) - 4ef67e89-1d62-4370-ad00-484c653ab491-PendingRequests: sendNotLeaderResponses
2019-09-25 06:40:34,046 [ForkJoinPool.commonPool-worker-0] INFO  impl.PendingRequests (PendingRequests.java:sendNotLeaderResponses(202)) - 6904bcff-8c3f-4400-a757-50526e5abd46-PendingRequests: sendNotLeaderResponses
2019-09-25 06:40:34,046 [Thread-987] INFO  impl.StateMachineUpdater (StateMachineUpdater.java:stopAndJoin(125)) - 4ef67e89-1d62-4370-ad00-484c653ab491@group-74A69C1E1B9C-StateMachineUpdater: set stopIndex = 0
2019-09-25 06:40:34,047 [Thread-987] INFO  impl.RaftServerImpl (ServerState.java:close(385)) - 4ef67e89-1d62-4370-ad00-484c653ab491@group-74A69C1E1B9C: closes. applyIndex: 0
2019-09-25 06:40:34,046 [ForkJoinPool.commonPool-worker-0] INFO  impl.StateMachineUpdater (StateMachineUpdater.java:stopAndJoin(125)) - 6904bcff-8c3f-4400-a757-50526e5abd46@group-4A308F0126A3-StateMachineUpdater: set stopIndex = 0
2019-09-25 06:40:34,047 [4ef67e89-1d62-4370-ad00-484c653ab491@group-74A69C1E1B9C-SegmentedRaftLogWorker] INFO  segmented.SegmentedRaftLogWorker (SegmentedRaftLogWorker.java:run(313)) - 4ef67e89-1d62-4370-ad00-484c653ab491@group-74A69C1E1B9C-SegmentedRaftLogWorker was interrupted, exiting. There are 0 tasks remaining in the queue.
2019-09-25 06:40:34,047 [ForkJoinPool.commonPool-worker-0] INFO  impl.RaftServerImpl (ServerState.java:close(385)) - 6904bcff-8c3f-4400-a757-50526e5abd46@group-4A308F0126A3: closes. applyIndex: 0
2019-09-25 06:40:34,049 [Thread-987] INFO  segmented.SegmentedRaftLogWorker (SegmentedRaftLogWorker.java:close(228)) - 4ef67e89-1d62-4370-ad00-484c653ab491@group-74A69C1E1B9C-SegmentedRaftLogWorker close()
2019-09-25 06:40:34,049 [6904bcff-8c3f-4400-a757-50526e5abd46@group-4A308F0126A3-SegmentedRaftLogWorker] INFO  segmented.SegmentedRaftLogWorker (SegmentedRaftLogWorker.java:run(313)) - 6904bcff-8c3f-4400-a757-50526e5abd46@group-4A308F0126A3-SegmentedRaftLogWorker was interrupted, exiting. There are 0 tasks remaining in the queue.
2019-09-25 06:40:34,052 [Thread-987] INFO  impl.RaftServerImpl (RaftServerImpl.java:lambda$shutdown$3(251)) - 4ef67e89-1d62-4370-ad00-484c653ab491@group-9FBC58DB55A7: shutdown
2019-09-25 06:40:34,054 [ForkJoinPool.commonPool-worker-0] INFO  segmented.SegmentedRaftLogWorker (SegmentedRaftLogWorker.java:close(228)) - 6904bcff-8c3f-4400-a757-50526e5abd46@group-4A308F0126A3-SegmentedRaftLogWorker close()
2019-09-25 06:40:34,054 [Thread-987] INFO  util.JmxRegister (JmxRegister.java:unregister(73)) - Successfully un-registered JMX Bean with object name Ratis:service=RaftServer,group=group-9FBC58DB55A7,id=4ef67e89-1d62-4370-ad00-484c653ab491
2019-09-25 06:40:34,058 [ForkJoinPool.commonPool-worker-0] INFO  impl.RaftServerImpl (RaftServerImpl.java:lambda$shutdown$3(251)) - 6904bcff-8c3f-4400-a757-50526e5abd46@group-F02307EA0B9D: shutdown
2019-09-25 06:40:34,058 [Thread-987] INFO  impl.RoleInfo (RoleInfo.java:shutdownLeaderState(104)) - 4ef67e89-1d62-4370-ad00-484c653ab491: shutdown LeaderState
2019-09-25 06:40:34,058 [ForkJoinPool.commonPool-worker-0] INFO  util.JmxRegister (JmxRegister.java:unregister(73)) - Successfully un-registered JMX Bean with object name Ratis:service=RaftServer,group=group-F02307EA0B9D,id=6904bcff-8c3f-4400-a757-50526e5abd46
2019-09-25 06:40:34,058 [Thread-987] INFO  impl.PendingRequests (PendingRequests.java:sendNotLeaderResponses(202)) - 4ef67e89-1d62-4370-ad00-484c653ab491-PendingRequests: sendNotLeaderResponses
2019-09-25 06:40:34,059 [ForkJoinPool.commonPool-worker-0] INFO  impl.RoleInfo (RoleInfo.java:shutdownLeaderState(104)) - 6904bcff-8c3f-4400-a757-50526e5abd46: shutdown LeaderState
2019-09-25 06:40:34,059 [Thread-987] INFO  impl.StateMachineUpdater (StateMachineUpdater.java:stopAndJoin(125)) - 4ef67e89-1d62-4370-ad00-484c653ab491@group-9FBC58DB55A7-StateMachineUpdater: set stopIndex = 0
2019-09-25 06:40:34,059 [Thread-987] INFO  impl.RaftServerImpl (ServerState.java:close(385)) - 4ef67e89-1d62-4370-ad00-484c653ab491@group-9FBC58DB55A7: closes. applyIndex: 0
2019-09-25 06:40:34,059 [ForkJoinPool.commonPool-worker-0] INFO  impl.PendingRequests (PendingRequests.java:sendNotLeaderResponses(202)) - 6904bcff-8c3f-4400-a757-50526e5abd46-PendingRequests: sendNotLeaderResponses
2019-09-25 06:40:34,060 [4ef67e89-1d62-4370-ad00-484c653ab491@group-9FBC58DB55A7-SegmentedRaftLogWorker] INFO  segmented.SegmentedRaftLogWorker (SegmentedRaftLogWorker.java:run(313)) - 4ef67e89-1d62-4370-ad00-484c653ab491@group-9FBC58DB55A7-SegmentedRaftLogWorker was interrupted, exiting. There are 0 tasks remaining in the queue.
2019-09-25 06:40:34,060 [ForkJoinPool.commonPool-worker-0] INFO  impl.StateMachineUpdater (StateMachineUpdater.java:stopAndJoin(125)) - 6904bcff-8c3f-4400-a757-50526e5abd46@group-F02307EA0B9D-StateMachineUpdater: set stopIndex = 0
2019-09-25 06:40:34,062 [Thread-987] INFO  segmented.SegmentedRaftLogWorker (SegmentedRaftLogWorker.java:close(228)) - 4ef67e89-1d62-4370-ad00-484c653ab491@group-9FBC58DB55A7-SegmentedRaftLogWorker close()
2019-09-25 06:40:34,062 [ForkJoinPool.commonPool-worker-0] INFO  impl.RaftServerImpl (ServerState.java:close(385)) - 6904bcff-8c3f-4400-a757-50526e5abd46@group-F02307EA0B9D: closes. applyIndex: 0
2019-09-25 06:40:34,065 [Thread-987] INFO  impl.RaftServerImpl (RaftServerImpl.java:lambda$shutdown$3(251)) - 4ef67e89-1d62-4370-ad00-484c653ab491@group-B3AD4ACCF736: shutdown
2019-09-25 06:40:34,065 [6904bcff-8c3f-4400-a757-50526e5abd46@group-F02307EA0B9D-SegmentedRaftLogWorker] INFO  segmented.SegmentedRaftLogWorker (SegmentedRaftLogWorker.java:run(313)) - 6904bcff-8c3f-4400-a757-50526e5abd46@group-F02307EA0B9D-SegmentedRaftLogWorker was interrupted, exiting. There are 0 tasks remaining in the queue.
2019-09-25 06:40:34,066 [Thread-987] INFO  util.JmxRegister (JmxRegister.java:unregister(73)) - Successfully un-registered JMX Bean with object name Ratis:service=RaftServer,group=group-B3AD4ACCF736,id=4ef67e89-1d62-4370-ad00-484c653ab491
2019-09-25 06:40:34,067 [ForkJoinPool.commonPool-worker-0] INFO  segmented.SegmentedRaftLogWorker (SegmentedRaftLogWorker.java:close(228)) - 6904bcff-8c3f-4400-a757-50526e5abd46@group-F02307EA0B9D-SegmentedRaftLogWorker close()
2019-09-25 06:40:34,067 [Thread-987] INFO  impl.RoleInfo (RoleInfo.java:shutdownLeaderState(104)) - 4ef67e89-1d62-4370-ad00-484c653ab491: shutdown LeaderState
2019-09-25 06:40:34,070 [ForkJoinPool.commonPool-worker-0] INFO  impl.RaftServerImpl (RaftServerImpl.java:lambda$shutdown$3(251)) - 6904bcff-8c3f-4400-a757-50526e5abd46@group-3B1158F5B465: shutdown
2019-09-25 06:40:34,071 [Thread-987] INFO  impl.PendingRequests (PendingRequests.java:sendNotLeaderResponses(202)) - 4ef67e89-1d62-4370-ad00-484c653ab491-PendingRequests: sendNotLeaderResponses
2019-09-25 06:40:34,071 [ForkJoinPool.commonPool-worker-0] INFO  util.JmxRegister (JmxRegister.java:unregister(73)) - Successfully un-registered JMX Bean with object name Ratis:service=RaftServer,group=group-3B1158F5B465,id=6904bcff-8c3f-4400-a757-50526e5abd46
2019-09-25 06:40:34,071 [ForkJoinPool.commonPool-worker-0] INFO  impl.RoleInfo (RoleInfo.java:shutdownLeaderState(104)) - 6904bcff-8c3f-4400-a757-50526e5abd46: shutdown LeaderState
2019-09-25 06:40:34,071 [Thread-987] INFO  impl.StateMachineUpdater (StateMachineUpdater.java:stopAndJoin(125)) - 4ef67e89-1d62-4370-ad00-484c653ab491@group-B3AD4ACCF736-StateMachineUpdater: set stopIndex = 0
2019-09-25 06:40:34,072 [Thread-987] INFO  impl.RaftServerImpl (ServerState.java:close(385)) - 4ef67e89-1d62-4370-ad00-484c653ab491@group-B3AD4ACCF736: closes. applyIndex: 0
2019-09-25 06:40:34,072 [ForkJoinPool.commonPool-worker-0] INFO  impl.PendingRequests (PendingRequests.java:sendNotLeaderResponses(202)) - 6904bcff-8c3f-4400-a757-50526e5abd46-PendingRequests: sendNotLeaderResponses
2019-09-25 06:40:34,072 [4ef67e89-1d62-4370-ad00-484c653ab491@group-B3AD4ACCF736-SegmentedRaftLogWorker] INFO  segmented.SegmentedRaftLogWorker (SegmentedRaftLogWorker.java:run(313)) - 4ef67e89-1d62-4370-ad00-484c653ab491@group-B3AD4ACCF736-SegmentedRaftLogWorker was interrupted, exiting. There are 0 tasks remaining in the queue.
2019-09-25 06:40:34,073 [ForkJoinPool.commonPool-worker-0] INFO  impl.StateMachineUpdater (StateMachineUpdater.java:stopAndJoin(125)) - 6904bcff-8c3f-4400-a757-50526e5abd46@group-3B1158F5B465-StateMachineUpdater: set stopIndex = 0
2019-09-25 06:40:34,074 [Thread-987] INFO  segmented.SegmentedRaftLogWorker (SegmentedRaftLogWorker.java:close(228)) - 4ef67e89-1d62-4370-ad00-484c653ab491@group-B3AD4ACCF736-SegmentedRaftLogWorker close()
2019-09-25 06:40:34,074 [ForkJoinPool.commonPool-worker-0] INFO  impl.RaftServerImpl (ServerState.java:close(385)) - 6904bcff-8c3f-4400-a757-50526e5abd46@group-3B1158F5B465: closes. applyIndex: 0
2019-09-25 06:40:34,087 [Thread-987] INFO  impl.RaftServerImpl (RaftServerImpl.java:lambda$shutdown$3(251)) - 4ef67e89-1d62-4370-ad00-484c653ab491@group-711521F40132: shutdown
2019-09-25 06:40:34,087 [6904bcff-8c3f-4400-a757-50526e5abd46@group-3B1158F5B465-SegmentedRaftLogWorker] INFO  segmented.SegmentedRaftLogWorker (SegmentedRaftLogWorker.java:run(313)) - 6904bcff-8c3f-4400-a757-50526e5abd46@group-3B1158F5B465-SegmentedRaftLogWorker was interrupted, exiting. There are 0 tasks remaining in the queue.
2019-09-25 06:40:34,087 [Thread-987] INFO  util.JmxRegister (JmxRegister.java:unregister(73)) - Successfully un-registered JMX Bean with object name Ratis:service=RaftServer,group=group-711521F40132,id=4ef67e89-1d62-4370-ad00-484c653ab491
2019-09-25 06:40:34,088 [ForkJoinPool.commonPool-worker-0] INFO  segmented.SegmentedRaftLogWorker (SegmentedRaftLogWorker.java:close(228)) - 6904bcff-8c3f-4400-a757-50526e5abd46@group-3B1158F5B465-SegmentedRaftLogWorker close()
2019-09-25 06:40:34,088 [Thread-987] INFO  impl.RoleInfo (RoleInfo.java:shutdownLeaderState(104)) - 4ef67e89-1d62-4370-ad00-484c653ab491: shutdown LeaderState
2019-09-25 06:40:34,089 [ForkJoinPool.commonPool-worker-0] INFO  server.GrpcService (GrpcService.java:closeImpl(164)) - 6904bcff-8c3f-4400-a757-50526e5abd46: shutdown server with port 38124 now
2019-09-25 06:40:34,089 [Thread-987] INFO  impl.PendingRequests (PendingRequests.java:sendNotLeaderResponses(202)) - 4ef67e89-1d62-4370-ad00-484c653ab491-PendingRequests: sendNotLeaderResponses
2019-09-25 06:40:34,090 [Thread-987] INFO  impl.StateMachineUpdater (StateMachineUpdater.java:stopAndJoin(125)) - 4ef67e89-1d62-4370-ad00-484c653ab491@group-711521F40132-StateMachineUpdater: set stopIndex = 0
2019-09-25 06:40:34,091 [ForkJoinPool.commonPool-worker-0] INFO  server.GrpcService (GrpcService.java:closeImpl(172)) - 6904bcff-8c3f-4400-a757-50526e5abd46: shutdown server with port 38124 successfully
2019-09-25 06:40:34,091 [Thread-987] INFO  impl.RaftServerImpl (ServerState.java:close(385)) - 4ef67e89-1d62-4370-ad00-484c653ab491@group-711521F40132: closes. applyIndex: 0
2019-09-25 06:40:34,091 [4ef67e89-1d62-4370-ad00-484c653ab491@group-711521F40132-SegmentedRaftLogWorker] INFO  segmented.SegmentedRaftLogWorker (SegmentedRaftLogWorker.java:run(313)) - 4ef67e89-1d62-4370-ad00-484c653ab491@group-711521F40132-SegmentedRaftLogWorker was interrupted, exiting. There are 0 tasks remaining in the queue.
2019-09-25 06:40:34,091 [Thread-987] INFO  segmented.SegmentedRaftLogWorker (SegmentedRaftLogWorker.java:close(228)) - 4ef67e89-1d62-4370-ad00-484c653ab491@group-711521F40132-SegmentedRaftLogWorker close()
2019-09-25 06:40:34,093 [Thread-987] INFO  server.GrpcService (GrpcService.java:closeImpl(164)) - 4ef67e89-1d62-4370-ad00-484c653ab491: shutdown server with port 42988 now
2019-09-25 06:40:34,094 [Thread-987] INFO  server.GrpcService (GrpcService.java:closeImpl(172)) - 4ef67e89-1d62-4370-ad00-484c653ab491: shutdown server with port 42988 successfully
2019-09-25 06:40:34,095 [refreshUsed-/workdir/hadoop-ozone/ozonefs/target/test-dir/MiniOzoneClusterImpl-aba66c6d-a604-4a1f-b1c3-ce07fb6ed48b/datanode-0/data/containers] WARN  fs.CachingGetSpaceUsed (CachingGetSpaceUsed.java:run(183)) - Thread Interrupted waiting to refresh disk information: sleep interrupted
2019-09-25 06:40:34,097 [refreshUsed-/workdir/hadoop-ozone/ozonefs/target/test-dir/MiniOzoneClusterImpl-aba66c6d-a604-4a1f-b1c3-ce07fb6ed48b/datanode-1/data/containers] WARN  fs.CachingGetSpaceUsed (CachingGetSpaceUsed.java:run(183)) - Thread Interrupted waiting to refresh disk information: sleep interrupted
2019-09-25 06:40:34,122 [Thread-987] INFO  utils.BackgroundService (BackgroundService.java:shutdown(148)) - Shutting down service BlockDeletingService
2019-09-25 06:40:34,126 [Thread-987] INFO  statemachine.DatanodeStateMachine (DatanodeStateMachine.java:stopDaemon(395)) - Ozone container server stopped.
2019-09-25 06:40:34,127 [ForkJoinPool.commonPool-worker-0] INFO  utils.BackgroundService (BackgroundService.java:shutdown(148)) - Shutting down service BlockDeletingService
2019-09-25 06:40:34,129 [ForkJoinPool.commonPool-worker-0] INFO  statemachine.DatanodeStateMachine (DatanodeStateMachine.java:stopDaemon(395)) - Ozone container server stopped.
2019-09-25 06:40:34,129 [Thread-987] INFO  handler.ContextHandler (ContextHandler.java:doStop(910)) - Stopped o.e.j.w.WebAppContext@361bc53f{/,null,UNAVAILABLE}{/hddsDatanode}
2019-09-25 06:40:34,132 [ForkJoinPool.commonPool-worker-0] INFO  handler.ContextHandler (ContextHandler.java:doStop(910)) - Stopped o.e.j.w.WebAppContext@43209f90{/,null,UNAVAILABLE}{/hddsDatanode}
2019-09-25 06:40:34,132 [Thread-987] INFO  server.AbstractConnector (AbstractConnector.java:doStop(318)) - Stopped ServerConnector@25d21223{HTTP/1.1,[http/1.1]}{0.0.0.0:0}
2019-09-25 06:40:34,133 [Thread-987] INFO  handler.ContextHandler (ContextHandler.java:doStop(910)) - Stopped o.e.j.s.ServletContextHandler@6e07ad4d{/static,jar:file:/home/user/.m2/repository/org/apache/hadoop/hadoop-hdds-container-service/0.5.0-SNAPSHOT/hadoop-hdds-container-service-0.5.0-SNAPSHOT.jar!/webapps/static,UNAVAILABLE}
2019-09-25 06:40:34,133 [ForkJoinPool.commonPool-worker-0] INFO  server.AbstractConnector (AbstractConnector.java:doStop(318)) - Stopped ServerConnector@515747bc{HTTP/1.1,[http/1.1]}{0.0.0.0:0}
2019-09-25 06:40:34,133 [Thread-987] INFO  handler.ContextHandler (ContextHandler.java:doStop(910)) - Stopped o.e.j.s.ServletContextHandler@2ffac7e1{/logs,file:///workdir/hadoop-ozone/ozonefs/target/log,UNAVAILABLE}
2019-09-25 06:40:34,134 [ForkJoinPool.commonPool-worker-0] INFO  handler.ContextHandler (ContextHandler.java:doStop(910)) - Stopped o.e.j.s.ServletContextHandler@5bf6bb57{/static,jar:file:/home/user/.m2/repository/org/apache/hadoop/hadoop-hdds-container-service/0.5.0-SNAPSHOT/hadoop-hdds-container-service-0.5.0-SNAPSHOT.jar!/webapps/static,UNAVAILABLE}
2019-09-25 06:40:34,135 [ForkJoinPool.commonPool-worker-0] INFO  handler.ContextHandler (ContextHandler.java:doStop(910)) - Stopped o.e.j.s.ServletContextHandler@67ae7a41{/logs,file:///workdir/hadoop-ozone/ozonefs/target/log,UNAVAILABLE}
2019-09-25 06:40:34,742 [Datanode State Machine Thread - 0] INFO  statemachine.DatanodeStateMachine (DatanodeStateMachine.java:lambda$startDaemon$0(350)) - Ozone container server started.
2019-09-25 06:40:39,136 [Thread-987] INFO  ozoneimpl.OzoneContainer (OzoneContainer.java:stop(231)) - Attempting to stop container services.
2019-09-25 06:40:39,136 [Thread-987] INFO  impl.RaftServerProxy (RaftServerProxy.java:lambda$close$4(314)) - 571e9f02-d9f7-4eb1-bf23-fc203e64768a: close
2019-09-25 06:40:39,137 [Thread-987] INFO  impl.RaftServerImpl (RaftServerImpl.java:lambda$shutdown$3(251)) - 571e9f02-d9f7-4eb1-bf23-fc203e64768a@group-3797BFC0E5C7: shutdown
2019-09-25 06:40:39,137 [ForkJoinPool.commonPool-worker-1] INFO  impl.RaftServerImpl (RaftServerImpl.java:lambda$shutdown$3(251)) - 571e9f02-d9f7-4eb1-bf23-fc203e64768a@group-6A3D527BD4DE: shutdown
2019-09-25 06:40:39,137 [Thread-987] INFO  util.JmxRegister (JmxRegister.java:unregister(73)) - Successfully un-registered JMX Bean with object name Ratis:service=RaftServer,group=group-3797BFC0E5C7,id=571e9f02-d9f7-4eb1-bf23-fc203e64768a
2019-09-25 06:40:39,138 [ForkJoinPool.commonPool-worker-1] INFO  util.JmxRegister (JmxRegister.java:unregister(73)) - Successfully un-registered JMX Bean with object name Ratis:service=RaftServer,group=group-6A3D527BD4DE,id=571e9f02-d9f7-4eb1-bf23-fc203e64768a
2019-09-25 06:40:39,138 [Thread-987] INFO  impl.RoleInfo (RoleInfo.java:shutdownLeaderState(104)) - 571e9f02-d9f7-4eb1-bf23-fc203e64768a: shutdown LeaderState
2019-09-25 06:40:39,138 [ForkJoinPool.commonPool-worker-1] INFO  impl.RoleInfo (RoleInfo.java:shutdownLeaderState(104)) - 571e9f02-d9f7-4eb1-bf23-fc203e64768a: shutdown LeaderState
2019-09-25 06:40:39,139 [Thread-987] INFO  impl.PendingRequests (PendingRequests.java:sendNotLeaderResponses(202)) - 571e9f02-d9f7-4eb1-bf23-fc203e64768a-PendingRequests: sendNotLeaderResponses
2019-09-25 06:40:39,139 [ForkJoinPool.commonPool-worker-1] INFO  impl.PendingRequests (PendingRequests.java:sendNotLeaderResponses(202)) - 571e9f02-d9f7-4eb1-bf23-fc203e64768a-PendingRequests: sendNotLeaderResponses
2019-09-25 06:40:39,139 [Thread-987] INFO  impl.StateMachineUpdater (StateMachineUpdater.java:stopAndJoin(125)) - 571e9f02-d9f7-4eb1-bf23-fc203e64768a@group-3797BFC0E5C7-StateMachineUpdater: set stopIndex = 0
2019-09-25 06:40:39,139 [ForkJoinPool.commonPool-worker-1] INFO  impl.StateMachineUpdater (StateMachineUpdater.java:stopAndJoin(125)) - 571e9f02-d9f7-4eb1-bf23-fc203e64768a@group-6A3D527BD4DE-StateMachineUpdater: set stopIndex = 0
2019-09-25 06:40:39,141 [Thread-987] INFO  impl.RaftServerImpl (ServerState.java:close(385)) - 571e9f02-d9f7-4eb1-bf23-fc203e64768a@group-3797BFC0E5C7: closes. applyIndex: 0
2019-09-25 06:40:39,141 [ForkJoinPool.commonPool-worker-1] INFO  impl.RaftServerImpl (ServerState.java:close(385)) - 571e9f02-d9f7-4eb1-bf23-fc203e64768a@group-6A3D527BD4DE: closes. applyIndex: 0
2019-09-25 06:40:39,142 [571e9f02-d9f7-4eb1-bf23-fc203e64768a@group-3797BFC0E5C7-SegmentedRaftLogWorker] INFO  segmented.SegmentedRaftLogWorker (SegmentedRaftLogWorker.java:run(313)) - 571e9f02-d9f7-4eb1-bf23-fc203e64768a@group-3797BFC0E5C7-SegmentedRaftLogWorker was interrupted, exiting. There are 0 tasks remaining in the queue.
2019-09-25 06:40:39,142 [571e9f02-d9f7-4eb1-bf23-fc203e64768a@group-6A3D527BD4DE-SegmentedRaftLogWorker] INFO  segmented.SegmentedRaftLogWorker (SegmentedRaftLogWorker.java:run(313)) - 571e9f02-d9f7-4eb1-bf23-fc203e64768a@group-6A3D527BD4DE-SegmentedRaftLogWorker was interrupted, exiting. There are 0 tasks remaining in the queue.
2019-09-25 06:40:39,142 [Thread-987] INFO  segmented.SegmentedRaftLogWorker (SegmentedRaftLogWorker.java:close(228)) - 571e9f02-d9f7-4eb1-bf23-fc203e64768a@group-3797BFC0E5C7-SegmentedRaftLogWorker close()
2019-09-25 06:40:39,142 [ForkJoinPool.commonPool-worker-1] INFO  segmented.SegmentedRaftLogWorker (SegmentedRaftLogWorker.java:close(228)) - 571e9f02-d9f7-4eb1-bf23-fc203e64768a@group-6A3D527BD4DE-SegmentedRaftLogWorker close()
2019-09-25 06:40:39,145 [ForkJoinPool.commonPool-worker-1] INFO  impl.RaftServerImpl (RaftServerImpl.java:lambda$shutdown$3(251)) - 571e9f02-d9f7-4eb1-bf23-fc203e64768a@group-F3B610D8A1BD: shutdown
2019-09-25 06:40:39,145 [ForkJoinPool.commonPool-worker-1] INFO  util.JmxRegister (JmxRegister.java:unregister(73)) - Successfully un-registered JMX Bean with object name Ratis:service=RaftServer,group=group-F3B610D8A1BD,id=571e9f02-d9f7-4eb1-bf23-fc203e64768a
2019-09-25 06:40:39,145 [ForkJoinPool.commonPool-worker-1] INFO  impl.RoleInfo (RoleInfo.java:shutdownLeaderState(104)) - 571e9f02-d9f7-4eb1-bf23-fc203e64768a: shutdown LeaderState
2019-09-25 06:40:39,146 [ForkJoinPool.commonPool-worker-1] INFO  impl.PendingRequests (PendingRequests.java:sendNotLeaderResponses(202)) - 571e9f02-d9f7-4eb1-bf23-fc203e64768a-PendingRequests: sendNotLeaderResponses
2019-09-25 06:40:39,146 [ForkJoinPool.commonPool-worker-1] INFO  impl.StateMachineUpdater (StateMachineUpdater.java:stopAndJoin(125)) - 571e9f02-d9f7-4eb1-bf23-fc203e64768a@group-F3B610D8A1BD-StateMachineUpdater: set stopIndex = 0
2019-09-25 06:40:39,146 [ForkJoinPool.commonPool-worker-1] INFO  impl.RaftServerImpl (ServerState.java:close(385)) - 571e9f02-d9f7-4eb1-bf23-fc203e64768a@group-F3B610D8A1BD: closes. applyIndex: 0
2019-09-25 06:40:39,146 [571e9f02-d9f7-4eb1-bf23-fc203e64768a@group-F3B610D8A1BD-SegmentedRaftLogWorker] INFO  segmented.SegmentedRaftLogWorker (SegmentedRaftLogWorker.java:run(313)) - 571e9f02-d9f7-4eb1-bf23-fc203e64768a@group-F3B610D8A1BD-SegmentedRaftLogWorker was interrupted, exiting. There are 0 tasks remaining in the queue.
2019-09-25 06:40:39,147 [ForkJoinPool.commonPool-worker-1] INFO  segmented.SegmentedRaftLogWorker (SegmentedRaftLogWorker.java:close(228)) - 571e9f02-d9f7-4eb1-bf23-fc203e64768a@group-F3B610D8A1BD-SegmentedRaftLogWorker close()
2019-09-25 06:40:39,148 [ForkJoinPool.commonPool-worker-1] INFO  impl.RaftServerImpl (RaftServerImpl.java:lambda$shutdown$3(251)) - 571e9f02-d9f7-4eb1-bf23-fc203e64768a@group-63F8E165B974: shutdown
2019-09-25 06:40:39,148 [ForkJoinPool.commonPool-worker-1] INFO  util.JmxRegister (JmxRegister.java:unregister(73)) - Successfully un-registered JMX Bean with object name Ratis:service=RaftServer,group=group-63F8E165B974,id=571e9f02-d9f7-4eb1-bf23-fc203e64768a
2019-09-25 06:40:39,148 [ForkJoinPool.commonPool-worker-1] INFO  impl.RoleInfo (RoleInfo.java:shutdownLeaderState(104)) - 571e9f02-d9f7-4eb1-bf23-fc203e64768a: shutdown LeaderState
2019-09-25 06:40:39,148 [ForkJoinPool.commonPool-worker-1] INFO  impl.PendingRequests (PendingRequests.java:sendNotLeaderResponses(202)) - 571e9f02-d9f7-4eb1-bf23-fc203e64768a-PendingRequests: sendNotLeaderResponses
2019-09-25 06:40:39,149 [ForkJoinPool.commonPool-worker-1] INFO  impl.StateMachineUpdater (StateMachineUpdater.java:stopAndJoin(125)) - 571e9f02-d9f7-4eb1-bf23-fc203e64768a@group-63F8E165B974-StateMachineUpdater: set stopIndex = 0
2019-09-25 06:40:39,150 [ForkJoinPool.commonPool-worker-1] INFO  impl.RaftServerImpl (ServerState.java:close(385)) - 571e9f02-d9f7-4eb1-bf23-fc203e64768a@group-63F8E165B974: closes. applyIndex: 0
2019-09-25 06:40:39,150 [571e9f02-d9f7-4eb1-bf23-fc203e64768a@group-63F8E165B974-SegmentedRaftLogWorker] INFO  segmented.SegmentedRaftLogWorker (SegmentedRaftLogWorker.java:run(313)) - 571e9f02-d9f7-4eb1-bf23-fc203e64768a@group-63F8E165B974-SegmentedRaftLogWorker was interrupted, exiting. There are 0 tasks remaining in the queue.
2019-09-25 06:40:39,150 [ForkJoinPool.commonPool-worker-1] INFO  segmented.SegmentedRaftLogWorker (SegmentedRaftLogWorker.java:close(228)) - 571e9f02-d9f7-4eb1-bf23-fc203e64768a@group-63F8E165B974-SegmentedRaftLogWorker close()
2019-09-25 06:40:39,151 [ForkJoinPool.commonPool-worker-1] INFO  impl.RaftServerImpl (RaftServerImpl.java:lambda$shutdown$3(251)) - 571e9f02-d9f7-4eb1-bf23-fc203e64768a@group-D426E7EF0DA3: shutdown
2019-09-25 06:40:39,152 [ForkJoinPool.commonPool-worker-1] INFO  util.JmxRegister (JmxRegister.java:unregister(73)) - Successfully un-registered JMX Bean with object name Ratis:service=RaftServer,group=group-D426E7EF0DA3,id=571e9f02-d9f7-4eb1-bf23-fc203e64768a
2019-09-25 06:40:39,152 [ForkJoinPool.commonPool-worker-1] INFO  impl.RoleInfo (RoleInfo.java:shutdownLeaderState(104)) - 571e9f02-d9f7-4eb1-bf23-fc203e64768a: shutdown LeaderState
2019-09-25 06:40:39,152 [ForkJoinPool.commonPool-worker-1] INFO  impl.PendingRequests (PendingRequests.java:sendNotLeaderResponses(202)) - 571e9f02-d9f7-4eb1-bf23-fc203e64768a-PendingRequests: sendNotLeaderResponses
2019-09-25 06:40:39,152 [ForkJoinPool.commonPool-worker-1] INFO  impl.StateMachineUpdater (StateMachineUpdater.java:stopAndJoin(125)) - 571e9f02-d9f7-4eb1-bf23-fc203e64768a@group-D426E7EF0DA3-StateMachineUpdater: set stopIndex = 0
2019-09-25 06:40:39,152 [ForkJoinPool.commonPool-worker-1] INFO  impl.RaftServerImpl (ServerState.java:close(385)) - 571e9f02-d9f7-4eb1-bf23-fc203e64768a@group-D426E7EF0DA3: closes. applyIndex: 0
2019-09-25 06:40:39,153 [571e9f02-d9f7-4eb1-bf23-fc203e64768a@group-D426E7EF0DA3-SegmentedRaftLogWorker] INFO  segmented.SegmentedRaftLogWorker (SegmentedRaftLogWorker.java:run(313)) - 571e9f02-d9f7-4eb1-bf23-fc203e64768a@group-D426E7EF0DA3-SegmentedRaftLogWorker was interrupted, exiting. There are 0 tasks remaining in the queue.
2019-09-25 06:40:39,153 [ForkJoinPool.commonPool-worker-1] INFO  segmented.SegmentedRaftLogWorker (SegmentedRaftLogWorker.java:close(228)) - 571e9f02-d9f7-4eb1-bf23-fc203e64768a@group-D426E7EF0DA3-SegmentedRaftLogWorker close()
2019-09-25 06:40:39,154 [ForkJoinPool.commonPool-worker-1] INFO  impl.RaftServerImpl (RaftServerImpl.java:lambda$shutdown$3(251)) - 571e9f02-d9f7-4eb1-bf23-fc203e64768a@group-08B07BF0518E: shutdown
2019-09-25 06:40:39,154 [ForkJoinPool.commonPool-worker-1] INFO  util.JmxRegister (JmxRegister.java:unregister(73)) - Successfully un-registered JMX Bean with object name Ratis:service=RaftServer,group=group-08B07BF0518E,id=571e9f02-d9f7-4eb1-bf23-fc203e64768a
2019-09-25 06:40:39,154 [ForkJoinPool.commonPool-worker-1] INFO  impl.RoleInfo (RoleInfo.java:shutdownLeaderState(104)) - 571e9f02-d9f7-4eb1-bf23-fc203e64768a: shutdown LeaderState
2019-09-25 06:40:39,155 [ForkJoinPool.commonPool-worker-1] INFO  impl.PendingRequests (PendingRequests.java:sendNotLeaderResponses(202)) - 571e9f02-d9f7-4eb1-bf23-fc203e64768a-PendingRequests: sendNotLeaderResponses
2019-09-25 06:40:39,155 [ForkJoinPool.commonPool-worker-1] INFO  impl.StateMachineUpdater (StateMachineUpdater.java:stopAndJoin(125)) - 571e9f02-d9f7-4eb1-bf23-fc203e64768a@group-08B07BF0518E-StateMachineUpdater: set stopIndex = 0
2019-09-25 06:40:39,155 [ForkJoinPool.commonPool-worker-1] INFO  impl.RaftServerImpl (ServerState.java:close(385)) - 571e9f02-d9f7-4eb1-bf23-fc203e64768a@group-08B07BF0518E: closes. applyIndex: 0
2019-09-25 06:40:39,155 [571e9f02-d9f7-4eb1-bf23-fc203e64768a@group-08B07BF0518E-SegmentedRaftLogWorker] INFO  segmented.SegmentedRaftLogWorker (SegmentedRaftLogWorker.java:run(313)) - 571e9f02-d9f7-4eb1-bf23-fc203e64768a@group-08B07BF0518E-SegmentedRaftLogWorker was interrupted, exiting. There are 0 tasks remaining in the queue.
2019-09-25 06:40:39,155 [ForkJoinPool.commonPool-worker-1] INFO  segmented.SegmentedRaftLogWorker (SegmentedRaftLogWorker.java:close(228)) - 571e9f02-d9f7-4eb1-bf23-fc203e64768a@group-08B07BF0518E-SegmentedRaftLogWorker close()
2019-09-25 06:40:39,157 [Thread-987] INFO  server.GrpcService (GrpcService.java:closeImpl(164)) - 571e9f02-d9f7-4eb1-bf23-fc203e64768a: shutdown server with port 33483 now
2019-09-25 06:40:39,159 [Thread-987] INFO  server.GrpcService (GrpcService.java:closeImpl(172)) - 571e9f02-d9f7-4eb1-bf23-fc203e64768a: shutdown server with port 33483 successfully
2019-09-25 06:40:39,161 [refreshUsed-/workdir/hadoop-ozone/ozonefs/target/test-dir/MiniOzoneClusterImpl-aba66c6d-a604-4a1f-b1c3-ce07fb6ed48b/datanode-2/data/containers] WARN  fs.CachingGetSpaceUsed (CachingGetSpaceUsed.java:run(183)) - Thread Interrupted waiting to refresh disk information: sleep interrupted
2019-09-25 06:40:39,185 [Thread-987] INFO  utils.BackgroundService (BackgroundService.java:shutdown(148)) - Shutting down service BlockDeletingService
2019-09-25 06:40:39,188 [Thread-987] INFO  statemachine.DatanodeStateMachine (DatanodeStateMachine.java:stopDaemon(395)) - Ozone container server stopped.
2019-09-25 06:40:39,189 [Thread-987] INFO  handler.ContextHandler (ContextHandler.java:doStop(910)) - Stopped o.e.j.w.WebAppContext@274195f0{/,null,UNAVAILABLE}{/hddsDatanode}
2019-09-25 06:40:39,189 [Thread-987] INFO  server.AbstractConnector (AbstractConnector.java:doStop(318)) - Stopped ServerConnector@6438818c{HTTP/1.1,[http/1.1]}{0.0.0.0:0}
2019-09-25 06:40:39,190 [Thread-987] INFO  handler.ContextHandler (ContextHandler.java:doStop(910)) - Stopped o.e.j.s.ServletContextHandler@324f4361{/static,jar:file:/home/user/.m2/repository/org/apache/hadoop/hadoop-hdds-container-service/0.5.0-SNAPSHOT/hadoop-hdds-container-service-0.5.0-SNAPSHOT.jar!/webapps/static,UNAVAILABLE}
2019-09-25 06:40:39,190 [Thread-987] INFO  handler.ContextHandler (ContextHandler.java:doStop(910)) - Stopped o.e.j.s.ServletContextHandler@64e239fb{/logs,file:///workdir/hadoop-ozone/ozonefs/target/log,UNAVAILABLE}
2019-09-25 06:40:39,191 [Thread-987] INFO  ozone.MiniOzoneClusterImpl (MiniOzoneClusterImpl.java:stopSCM(392)) - Stopping the StorageContainerManager
2019-09-25 06:40:39,191 [Thread-987] INFO  server.StorageContainerManager (StorageContainerManager.java:stop(808)) - Stopping Replication Manager Service.
2019-09-25 06:40:39,191 [Thread-987] INFO  container.ReplicationManager (ReplicationManager.java:stop(204)) - Stopping Replication Monitor Thread.
2019-09-25 06:40:39,191 [Thread-987] INFO  server.StorageContainerManager (StorageContainerManager.java:stop(815)) - Stopping Lease Manager of the command watchers
2019-09-25 06:40:39,191 [Thread-987] INFO  server.StorageContainerManager (StorageContainerManager.java:stop(822)) - Stopping datanode service RPC server
2019-09-25 06:40:39,192 [Thread-987] INFO  server.SCMDatanodeProtocolServer (SCMDatanodeProtocolServer.java:stop(367)) - Stopping the RPC server for DataNodes
2019-09-25 06:40:39,192 [Thread-987] INFO  ipc.Server (Server.java:stop(3082)) - Stopping server on 38054
2019-09-25 06:40:39,193 [IPC Server listener on 38054] INFO  ipc.Server (Server.java:run(1185)) - Stopping IPC Server listener on 38054
2019-09-25 06:40:39,193 [IPC Server Responder] INFO  ipc.Server (Server.java:run(1319)) - Stopping IPC Server Responder
2019-09-25 06:40:39,252 [SCM Heartbeat Processing Thread - 0] WARN  node.NodeStateManager (NodeStateManager.java:scheduleNextHealthCheck(655)) - Current Thread is interrupted, shutting down HB processing thread for Node Manager.
2019-09-25 06:40:39,252 [Thread-987] INFO  server.StorageContainerManager (StorageContainerManager.java:stop(830)) - Stopping block service RPC server
2019-09-25 06:40:39,252 [Thread-987] INFO  server.SCMBlockProtocolServer (SCMBlockProtocolServer.java:stop(155)) - Stopping the RPC server for Block Protocol
2019-09-25 06:40:39,252 [Thread-987] INFO  ipc.Server (Server.java:stop(3082)) - Stopping server on 34177
2019-09-25 06:40:39,254 [IPC Server listener on 34177] INFO  ipc.Server (Server.java:run(1185)) - Stopping IPC Server listener on 34177
2019-09-25 06:40:39,255 [IPC Server Responder] INFO  ipc.Server (Server.java:run(1319)) - Stopping IPC Server Responder
2019-09-25 06:40:39,255 [Thread-987] INFO  server.StorageContainerManager (StorageContainerManager.java:stop(837)) - Stopping the StorageContainerLocationProtocol RPC server
2019-09-25 06:40:39,256 [Thread-987] INFO  server.SCMClientProtocolServer (SCMClientProtocolServer.java:stop(159)) - Stopping the RPC server for Client Protocol
2019-09-25 06:40:39,256 [Thread-987] INFO  ipc.Server (Server.java:stop(3082)) - Stopping server on 39973
2019-09-25 06:40:39,257 [IPC Server listener on 39973] INFO  ipc.Server (Server.java:run(1185)) - Stopping IPC Server listener on 39973
2019-09-25 06:40:39,260 [IPC Server Responder] INFO  ipc.Server (Server.java:run(1319)) - Stopping IPC Server Responder
2019-09-25 06:40:39,260 [Thread-987] INFO  server.StorageContainerManager (StorageContainerManager.java:stop(844)) - Stopping Storage Container Manager HTTP server.
2019-09-25 06:40:39,263 [Thread-987] INFO  handler.ContextHandler (ContextHandler.java:doStop(910)) - Stopped o.e.j.w.WebAppContext@2fa2d967{/,null,UNAVAILABLE}{/scm}
2019-09-25 06:40:39,263 [Thread-987] INFO  server.AbstractConnector (AbstractConnector.java:doStop(318)) - Stopped ServerConnector@1575d577{HTTP/1.1,[http/1.1]}{0.0.0.0:0}
2019-09-25 06:40:39,264 [Thread-987] INFO  handler.ContextHandler (ContextHandler.java:doStop(910)) - Stopped o.e.j.s.ServletContextHandler@4dde1f97{/static,jar:file:/home/user/.m2/repository/org/apache/hadoop/hadoop-hdds-server-scm/0.5.0-SNAPSHOT/hadoop-hdds-server-scm-0.5.0-SNAPSHOT.jar!/webapps/static,UNAVAILABLE}
2019-09-25 06:40:39,264 [Thread-987] INFO  handler.ContextHandler (ContextHandler.java:doStop(910)) - Stopped o.e.j.s.ServletContextHandler@1eeeec4{/logs,file:///workdir/hadoop-ozone/ozonefs/target/log,UNAVAILABLE}
2019-09-25 06:40:39,265 [Thread-987] INFO  server.StorageContainerManager (StorageContainerManager.java:stop(855)) - Stopping Block Manager Service.
2019-09-25 06:40:39,265 [Thread-987] INFO  utils.BackgroundService (BackgroundService.java:shutdown(148)) - Shutting down service SCMBlockDeletingService
2019-09-25 06:40:39,265 [Thread-987] INFO  utils.BackgroundService (BackgroundService.java:shutdown(148)) - Shutting down service SCMBlockDeletingService
2019-09-25 06:40:39,265 [Thread-987] INFO  server.StorageContainerManager (StorageContainerManager.java:stop(877)) - Stopping SCM Event Queue.
2019-09-25 06:40:39,273 [Thread-987] INFO  impl.MetricsSystemImpl (MetricsSystemImpl.java:stop(210)) - Stopping HddsDatanode metrics system...
2019-09-25 06:40:39,289 [Thread-987] INFO  impl.MetricsSystemImpl (MetricsSystemImpl.java:stop(216)) - HddsDatanode metrics system stopped.
]]></system-out>
  </testcase>
  <testcase name="testDeleteCreatesFakeParentDir" classname="org.apache.hadoop.fs.ozone.TestOzoneFileSystem" time="55.753"/>
  <testcase name="testNonExplicitlyCreatedPathExistsAfterItsLeafsWereRemoved" classname="org.apache.hadoop.fs.ozone.TestOzoneFileSystem" time="67.97"/>
  <testcase name="testListStatusOnLargeDirectory" classname="org.apache.hadoop.fs.ozone.TestOzoneFileSystem" time="50.535"/>
</testsuite>