<?xml version="1.0" encoding="UTF-8"?>
<testsuite xmlns:xsi="http://www.w3.org/2001/XMLSchema-instance" xsi:noNamespaceSchemaLocation="https://maven.apache.org/surefire/maven-surefire-plugin/xsd/surefire-test-report.xsd" name="org.apache.hadoop.ozone.freon.TestDataValidateWithSafeByteOperations" time="58.915" tests="3" errors="3" skipped="0" failures="0">
  <properties>
    <property name="awt.toolkit" value="sun.awt.X11.XToolkit"/>
    <property name="file.encoding.pkg" value="sun.io"/>
    <property name="java.specification.version" value="1.8"/>
    <property name="sun.cpu.isalist" value=""/>
    <property name="sun.jnu.encoding" value="UTF-8"/>
    <property name="java.class.path" value="/workdir/hadoop-ozone/tools/target/test-classes:/workdir/hadoop-ozone/tools/target/classes:/home/user/.m2/repository/org/apache/hadoop/hadoop-ozone-ozone-manager/0.5.0-SNAPSHOT/hadoop-ozone-ozone-manager-0.5.0-SNAPSHOT.jar:/home/user/.m2/repository/org/apache/hadoop/hadoop-hdds-docs/0.5.0-SNAPSHOT/hadoop-hdds-docs-0.5.0-SNAPSHOT.jar:/home/user/.m2/repository/org/bouncycastle/bcprov-jdk15on/1.60/bcprov-jdk15on-1.60.jar:/home/user/.m2/repository/org/apache/hadoop/hadoop-ozone-common/0.5.0-SNAPSHOT/hadoop-ozone-common-0.5.0-SNAPSHOT.jar:/home/user/.m2/repository/org/apache/commons/commons-compress/1.4.1/commons-compress-1.4.1.jar:/home/user/.m2/repository/org/tukaani/xz/1.0/xz-1.0.jar:/home/user/.m2/repository/org/apache/hadoop/hadoop-hdfs-client/3.2.0/hadoop-hdfs-client-3.2.0.jar:/home/user/.m2/repository/com/fasterxml/jackson/core/jackson-annotations/2.9.5/jackson-annotations-2.9.5.jar:/home/user/.m2/repository/org/apache/hadoop/hadoop-hdds-common/0.5.0-SNAPSHOT/hadoop-hdds-common-0.5.0-SNAPSHOT.jar:/home/user/.m2/repository/org/apache/hadoop/hadoop-hdds-config/0.5.0-SNAPSHOT/hadoop-hdds-config-0.5.0-SNAPSHOT.jar:/home/user/.m2/repository/javax/annotation/javax.annotation-api/1.2/javax.annotation-api-1.2.jar:/home/user/.m2/repository/org/apache/ratis/ratis-server/0.4.0-2337318-SNAPSHOT/ratis-server-0.4.0-2337318-SNAPSHOT.jar:/home/user/.m2/repository/org/apache/ratis/ratis-thirdparty-misc/0.2.0/ratis-thirdparty-misc-0.2.0.jar:/home/user/.m2/repository/org/apache/ratis/ratis-proto/0.4.0-2337318-SNAPSHOT/ratis-proto-0.4.0-2337318-SNAPSHOT.jar:/home/user/.m2/repository/org/apache/ratis/ratis-common/0.4.0-2337318-SNAPSHOT/ratis-common-0.4.0-2337318-SNAPSHOT.jar:/home/user/.m2/repository/org/apache/ratis/ratis-client/0.4.0-2337318-SNAPSHOT/ratis-client-0.4.0-2337318-SNAPSHOT.jar:/home/user/.m2/repository/org/apache/ratis/ratis-metrics/0.4.0-2337318-SNAPSHOT/ratis-metrics-0.4.0-2337318-SNAPSHOT.jar:/home/user/.m2/repository/org/apache/ratis/ratis-netty/0.4.0-2337318-SNAPSHOT/ratis-netty-0.4.0-2337318-SNAPSHOT.jar:/home/user/.m2/repository/org/apache/ratis/ratis-grpc/0.4.0-2337318-SNAPSHOT/ratis-grpc-0.4.0-2337318-SNAPSHOT.jar:/home/user/.m2/repository/org/rocksdb/rocksdbjni/6.0.1/rocksdbjni-6.0.1.jar:/home/user/.m2/repository/org/apache/logging/log4j/log4j-api/2.11.0/log4j-api-2.11.0.jar:/home/user/.m2/repository/org/apache/logging/log4j/log4j-core/2.11.0/log4j-core-2.11.0.jar:/home/user/.m2/repository/com/lmax/disruptor/3.4.2/disruptor-3.4.2.jar:/home/user/.m2/repository/org/apache/commons/commons-pool2/2.6.0/commons-pool2-2.6.0.jar:/home/user/.m2/repository/org/bouncycastle/bcpkix-jdk15on/1.60/bcpkix-jdk15on-1.60.jar:/home/user/.m2/repository/commons-validator/commons-validator/1.6/commons-validator-1.6.jar:/home/user/.m2/repository/commons-digester/commons-digester/1.8.1/commons-digester-1.8.1.jar:/home/user/.m2/repository/io/jaegertracing/jaeger-client/0.33.1/jaeger-client-0.33.1.jar:/home/user/.m2/repository/io/jaegertracing/jaeger-thrift/0.33.1/jaeger-thrift-0.33.1.jar:/home/user/.m2/repository/org/apache/thrift/libthrift/0.11.0/libthrift-0.11.0.jar:/home/user/.m2/repository/com/squareup/okhttp3/okhttp/3.9.0/okhttp-3.9.0.jar:/home/user/.m2/repository/com/squareup/okio/okio/1.13.0/okio-1.13.0.jar:/home/user/.m2/repository/io/jaegertracing/jaeger-core/0.33.1/jaeger-core-0.33.1.jar:/home/user/.m2/repository/io/jaegertracing/jaeger-tracerresolver/0.33.1/jaeger-tracerresolver-0.33.1.jar:/home/user/.m2/repository/io/opentracing/contrib/opentracing-tracerresolver/0.1.5/opentracing-tracerresolver-0.1.5.jar:/home/user/.m2/repository/io/opentracing/opentracing-util/0.31.0/opentracing-util-0.31.0.jar:/home/user/.m2/repository/io/opentracing/opentracing-api/0.31.0/opentracing-api-0.31.0.jar:/home/user/.m2/repository/io/opentracing/opentracing-noop/0.31.0/opentracing-noop-0.31.0.jar:/home/user/.m2/repository/org/yaml/snakeyaml/1.16/snakeyaml-1.16.jar:/home/user/.m2/repository/org/apache/hadoop/hadoop-hdds-container-service/0.5.0-SNAPSHOT/hadoop-hdds-container-service-0.5.0-SNAPSHOT.jar:/home/user/.m2/repository/org/apache/hadoop/hadoop-hdds-client/0.5.0-SNAPSHOT/hadoop-hdds-client-0.5.0-SNAPSHOT.jar:/home/user/.m2/repository/org/apache/hadoop/hadoop-hdds-tools/0.5.0-SNAPSHOT/hadoop-hdds-tools-0.5.0-SNAPSHOT.jar:/home/user/.m2/repository/org/xerial/sqlite-jdbc/3.25.2/sqlite-jdbc-3.25.2.jar:/home/user/.m2/repository/org/apache/hadoop/hadoop-hdds-server-scm/0.5.0-SNAPSHOT/hadoop-hdds-server-scm-0.5.0-SNAPSHOT.jar:/home/user/.m2/repository/org/hamcrest/hamcrest-all/1.3/hamcrest-all-1.3.jar:/home/user/.m2/repository/info/picocli/picocli/3.9.6/picocli-3.9.6.jar:/home/user/.m2/repository/com/google/protobuf/protobuf-java/2.5.0/protobuf-java-2.5.0.jar:/home/user/.m2/repository/com/google/guava/guava/11.0.2/guava-11.0.2.jar:/home/user/.m2/repository/org/apache/hadoop/hadoop-ozone-client/0.5.0-SNAPSHOT/hadoop-ozone-client-0.5.0-SNAPSHOT.jar:/workdir/hadoop-ozone/ozonefs/target/classes:/home/user/.m2/repository/org/apache/hadoop/hadoop-hdds-server-framework/0.5.0-SNAPSHOT/hadoop-hdds-server-framework-0.5.0-SNAPSHOT.jar:/home/user/.m2/repository/org/apache/hadoop/hadoop-common/3.2.0/hadoop-common-3.2.0.jar:/home/user/.m2/repository/org/apache/hadoop/hadoop-annotations/3.2.0/hadoop-annotations-3.2.0.jar:/usr/lib/jvm/java-1.8-openjdk/jre/../lib/tools.jar:/home/user/.m2/repository/commons-cli/commons-cli/1.2/commons-cli-1.2.jar:/home/user/.m2/repository/org/apache/commons/commons-math3/3.1.1/commons-math3-3.1.1.jar:/home/user/.m2/repository/org/apache/httpcomponents/httpclient/4.5.2/httpclient-4.5.2.jar:/home/user/.m2/repository/org/apache/httpcomponents/httpcore/4.4.4/httpcore-4.4.4.jar:/home/user/.m2/repository/commons-codec/commons-codec/1.11/commons-codec-1.11.jar:/home/user/.m2/repository/commons-io/commons-io/2.5/commons-io-2.5.jar:/home/user/.m2/repository/commons-net/commons-net/3.6/commons-net-3.6.jar:/home/user/.m2/repository/commons-collections/commons-collections/3.2.2/commons-collections-3.2.2.jar:/home/user/.m2/repository/javax/servlet/javax.servlet-api/3.1.0/javax.servlet-api-3.1.0.jar:/home/user/.m2/repository/org/eclipse/jetty/jetty-server/9.3.24.v20180605/jetty-server-9.3.24.v20180605.jar:/home/user/.m2/repository/org/eclipse/jetty/jetty-http/9.3.24.v20180605/jetty-http-9.3.24.v20180605.jar:/home/user/.m2/repository/org/eclipse/jetty/jetty-io/9.3.24.v20180605/jetty-io-9.3.24.v20180605.jar:/home/user/.m2/repository/org/eclipse/jetty/jetty-util/9.3.24.v20180605/jetty-util-9.3.24.v20180605.jar:/home/user/.m2/repository/org/eclipse/jetty/jetty-servlet/9.3.24.v20180605/jetty-servlet-9.3.24.v20180605.jar:/home/user/.m2/repository/org/eclipse/jetty/jetty-security/9.3.24.v20180605/jetty-security-9.3.24.v20180605.jar:/home/user/.m2/repository/org/eclipse/jetty/jetty-webapp/9.3.24.v20180605/jetty-webapp-9.3.24.v20180605.jar:/home/user/.m2/repository/org/eclipse/jetty/jetty-xml/9.3.24.v20180605/jetty-xml-9.3.24.v20180605.jar:/home/user/.m2/repository/javax/servlet/jsp/jsp-api/2.1/jsp-api-2.1.jar:/home/user/.m2/repository/com/sun/jersey/jersey-core/1.19/jersey-core-1.19.jar:/home/user/.m2/repository/javax/ws/rs/jsr311-api/1.1.1/jsr311-api-1.1.1.jar:/home/user/.m2/repository/com/sun/jersey/jersey-servlet/1.19/jersey-servlet-1.19.jar:/home/user/.m2/repository/com/sun/jersey/jersey-json/1.19/jersey-json-1.19.jar:/home/user/.m2/repository/org/codehaus/jettison/jettison/1.1/jettison-1.1.jar:/home/user/.m2/repository/com/sun/xml/bind/jaxb-impl/2.3.0.1/jaxb-impl-2.3.0.1.jar:/home/user/.m2/repository/org/codehaus/jackson/jackson-core-asl/1.9.13/jackson-core-asl-1.9.13.jar:/home/user/.m2/repository/org/codehaus/jackson/jackson-mapper-asl/1.9.13/jackson-mapper-asl-1.9.13.jar:/home/user/.m2/repository/org/codehaus/jackson/jackson-jaxrs/1.9.13/jackson-jaxrs-1.9.13.jar:/home/user/.m2/repository/org/codehaus/jackson/jackson-xc/1.9.13/jackson-xc-1.9.13.jar:/home/user/.m2/repository/com/sun/jersey/jersey-server/1.19/jersey-server-1.19.jar:/home/user/.m2/repository/commons-logging/commons-logging/1.1.3/commons-logging-1.1.3.jar:/home/user/.m2/repository/log4j/log4j/1.2.17/log4j-1.2.17.jar:/home/user/.m2/repository/commons-beanutils/commons-beanutils/1.9.3/commons-beanutils-1.9.3.jar:/home/user/.m2/repository/org/apache/commons/commons-configuration2/2.1.1/commons-configuration2-2.1.1.jar:/home/user/.m2/repository/org/apache/commons/commons-lang3/3.7/commons-lang3-3.7.jar:/home/user/.m2/repository/org/apache/commons/commons-text/1.4/commons-text-1.4.jar:/home/user/.m2/repository/org/slf4j/slf4j-api/1.7.25/slf4j-api-1.7.25.jar:/home/user/.m2/repository/org/slf4j/slf4j-log4j12/1.7.25/slf4j-log4j12-1.7.25.jar:/home/user/.m2/repository/org/apache/avro/avro/1.7.7/avro-1.7.7.jar:/home/user/.m2/repository/com/thoughtworks/paranamer/paranamer/2.3/paranamer-2.3.jar:/home/user/.m2/repository/org/xerial/snappy/snappy-java/1.0.5/snappy-java-1.0.5.jar:/home/user/.m2/repository/com/google/re2j/re2j/1.1/re2j-1.1.jar:/home/user/.m2/repository/com/google/code/gson/gson/2.2.4/gson-2.2.4.jar:/home/user/.m2/repository/org/apache/hadoop/hadoop-auth/3.2.0/hadoop-auth-3.2.0.jar:/home/user/.m2/repository/com/nimbusds/nimbus-jose-jwt/4.41.1/nimbus-jose-jwt-4.41.1.jar:/home/user/.m2/repository/com/github/stephenc/jcip/jcip-annotations/1.0-1/jcip-annotations-1.0-1.jar:/home/user/.m2/repository/net/minidev/json-smart/2.3/json-smart-2.3.jar:/home/user/.m2/repository/net/minidev/accessors-smart/1.2/accessors-smart-1.2.jar:/home/user/.m2/repository/org/apache/curator/curator-framework/2.12.0/curator-framework-2.12.0.jar:/home/user/.m2/repository/com/jcraft/jsch/0.1.54/jsch-0.1.54.jar:/home/user/.m2/repository/org/apache/curator/curator-client/2.12.0/curator-client-2.12.0.jar:/home/user/.m2/repository/org/apache/curator/curator-recipes/2.12.0/curator-recipes-2.12.0.jar:/home/user/.m2/repository/com/google/code/findbugs/jsr305/3.0.0/jsr305-3.0.0.jar:/home/user/.m2/repository/org/apache/htrace/htrace-core4/4.1.0-incubating/htrace-core4-4.1.0-incubating.jar:/home/user/.m2/repository/org/apache/zookeeper/zookeeper/3.4.13/zookeeper-3.4.13.jar:/home/user/.m2/repository/org/apache/yetus/audience-annotations/0.5.0/audience-annotations-0.5.0.jar:/home/user/.m2/repository/org/apache/kerby/kerb-simplekdc/1.0.1/kerb-simplekdc-1.0.1.jar:/home/user/.m2/repository/org/apache/kerby/kerb-client/1.0.1/kerb-client-1.0.1.jar:/home/user/.m2/repository/org/apache/kerby/kerby-config/1.0.1/kerby-config-1.0.1.jar:/home/user/.m2/repository/org/apache/kerby/kerb-core/1.0.1/kerb-core-1.0.1.jar:/home/user/.m2/repository/org/apache/kerby/kerby-pkix/1.0.1/kerby-pkix-1.0.1.jar:/home/user/.m2/repository/org/apache/kerby/kerby-asn1/1.0.1/kerby-asn1-1.0.1.jar:/home/user/.m2/repository/org/apache/kerby/kerby-util/1.0.1/kerby-util-1.0.1.jar:/home/user/.m2/repository/org/apache/kerby/kerb-common/1.0.1/kerb-common-1.0.1.jar:/home/user/.m2/repository/org/apache/kerby/kerb-crypto/1.0.1/kerb-crypto-1.0.1.jar:/home/user/.m2/repository/org/apache/kerby/kerb-util/1.0.1/kerb-util-1.0.1.jar:/home/user/.m2/repository/org/apache/kerby/token-provider/1.0.1/token-provider-1.0.1.jar:/home/user/.m2/repository/org/apache/kerby/kerb-admin/1.0.1/kerb-admin-1.0.1.jar:/home/user/.m2/repository/org/apache/kerby/kerb-server/1.0.1/kerb-server-1.0.1.jar:/home/user/.m2/repository/org/apache/kerby/kerb-identity/1.0.1/kerb-identity-1.0.1.jar:/home/user/.m2/repository/org/apache/kerby/kerby-xdr/1.0.1/kerby-xdr-1.0.1.jar:/home/user/.m2/repository/com/fasterxml/jackson/core/jackson-databind/2.9.5/jackson-databind-2.9.5.jar:/home/user/.m2/repository/com/fasterxml/jackson/core/jackson-core/2.9.5/jackson-core-2.9.5.jar:/home/user/.m2/repository/org/codehaus/woodstox/stax2-api/3.1.4/stax2-api-3.1.4.jar:/home/user/.m2/repository/com/fasterxml/woodstox/woodstox-core/5.0.3/woodstox-core-5.0.3.jar:/home/user/.m2/repository/dnsjava/dnsjava/2.1.7/dnsjava-2.1.7.jar:/home/user/.m2/repository/org/apache/hadoop/hadoop-hdfs/3.2.0/hadoop-hdfs-3.2.0.jar:/home/user/.m2/repository/org/eclipse/jetty/jetty-util-ajax/9.3.24.v20180605/jetty-util-ajax-9.3.24.v20180605.jar:/home/user/.m2/repository/commons-daemon/commons-daemon/1.0.13/commons-daemon-1.0.13.jar:/home/user/.m2/repository/io/netty/netty/3.10.5.Final/netty-3.10.5.Final.jar:/home/user/.m2/repository/io/netty/netty-all/4.0.52.Final/netty-all-4.0.52.Final.jar:/home/user/.m2/repository/org/fusesource/leveldbjni/leveldbjni-all/1.8/leveldbjni-all-1.8.jar:/home/user/.m2/repository/com/sun/xml/bind/jaxb-core/2.3.0.1/jaxb-core-2.3.0.1.jar:/home/user/.m2/repository/javax/xml/bind/jaxb-api/2.3.0/jaxb-api-2.3.0.jar:/home/user/.m2/repository/javax/activation/activation/1.1.1/activation-1.1.1.jar:/home/user/.m2/repository/io/dropwizard/metrics/metrics-core/3.2.4/metrics-core-3.2.4.jar:/home/user/.m2/repository/org/openjdk/jmh/jmh-core/1.19/jmh-core-1.19.jar:/home/user/.m2/repository/net/sf/jopt-simple/jopt-simple/4.6/jopt-simple-4.6.jar:/home/user/.m2/repository/org/openjdk/jmh/jmh-generator-annprocess/1.19/jmh-generator-annprocess-1.19.jar:/home/user/.m2/repository/com/google/code/findbugs/findbugs/3.0.1/findbugs-3.0.1.jar:/home/user/.m2/repository/net/jcip/jcip-annotations/1.0/jcip-annotations-1.0.jar:/home/user/.m2/repository/com/google/code/findbugs/bcel-findbugs/6.0/bcel-findbugs-6.0.jar:/home/user/.m2/repository/com/google/code/findbugs/jFormatString/2.0.1/jFormatString-2.0.1.jar:/home/user/.m2/repository/dom4j/dom4j/1.6.1/dom4j-1.6.1.jar:/home/user/.m2/repository/xml-apis/xml-apis/1.0.b2/xml-apis-1.0.b2.jar:/home/user/.m2/repository/org/ow2/asm/asm-debug-all/5.0.2/asm-debug-all-5.0.2.jar:/home/user/.m2/repository/org/ow2/asm/asm-commons/5.0.2/asm-commons-5.0.2.jar:/home/user/.m2/repository/org/ow2/asm/asm-tree/5.0.2/asm-tree-5.0.2.jar:/home/user/.m2/repository/org/ow2/asm/asm/5.0.4/asm-5.0.4.jar:/home/user/.m2/repository/commons-lang/commons-lang/2.6/commons-lang-2.6.jar:/home/user/.m2/repository/com/apple/AppleJavaExtensions/1.4/AppleJavaExtensions-1.4.jar:/home/user/.m2/repository/jaxen/jaxen/1.1.6/jaxen-1.1.6.jar:/home/user/.m2/repository/junit/junit/4.11/junit-4.11.jar:/home/user/.m2/repository/org/hamcrest/hamcrest-core/1.3/hamcrest-core-1.3.jar:/home/user/.m2/repository/org/apache/hadoop/hadoop-common/3.2.0/hadoop-common-3.2.0-tests.jar:/workdir/hadoop-ozone/integration-test/target/test-classes:/home/user/.m2/repository/org/apache/hadoop/hadoop-ozone-objectstore-service/0.5.0-SNAPSHOT/hadoop-ozone-objectstore-service-0.5.0-SNAPSHOT.jar:/home/user/.m2/repository/org/apache/hadoop/hadoop-ozone-s3gateway/0.5.0-SNAPSHOT/hadoop-ozone-s3gateway-0.5.0-SNAPSHOT.jar:/home/user/.m2/repository/org/jboss/weld/servlet/weld-servlet/2.4.7.Final/weld-servlet-2.4.7.Final.jar:/home/user/.m2/repository/org/glassfish/jersey/containers/jersey-container-servlet-core/2.27/jersey-container-servlet-core-2.27.jar:/home/user/.m2/repository/org/glassfish/hk2/external/javax.inject/2.5.0-b42/javax.inject-2.5.0-b42.jar:/home/user/.m2/repository/org/glassfish/jersey/core/jersey-common/2.27/jersey-common-2.27.jar:/home/user/.m2/repository/org/glassfish/hk2/osgi-resource-locator/1.0.1/osgi-resource-locator-1.0.1.jar:/home/user/.m2/repository/javax/ws/rs/javax.ws.rs-api/2.1/javax.ws.rs-api-2.1.jar:/home/user/.m2/repository/org/glassfish/jersey/ext/cdi/jersey-cdi1x/2.27/jersey-cdi1x-2.27.jar:/home/user/.m2/repository/org/glassfish/jersey/inject/jersey-hk2/2.27/jersey-hk2-2.27.jar:/home/user/.m2/repository/org/glassfish/hk2/hk2-locator/2.5.0-b42/hk2-locator-2.5.0-b42.jar:/home/user/.m2/repository/org/javassist/javassist/3.22.0-CR2/javassist-3.22.0-CR2.jar:/home/user/.m2/repository/org/glassfish/hk2/hk2-api/2.5.0/hk2-api-2.5.0.jar:/home/user/.m2/repository/org/glassfish/hk2/external/jakarta.inject/2.5.0/jakarta.inject-2.5.0.jar:/home/user/.m2/repository/org/glassfish/hk2/hk2-utils/2.5.0/hk2-utils-2.5.0.jar:/home/user/.m2/repository/jakarta/annotation/jakarta.annotation-api/1.3.4/jakarta.annotation-api-1.3.4.jar:/home/user/.m2/repository/org/glassfish/hk2/external/aopalliance-repackaged/2.5.0/aopalliance-repackaged-2.5.0.jar:/home/user/.m2/repository/com/fasterxml/jackson/dataformat/jackson-dataformat-xml/2.9.0/jackson-dataformat-xml-2.9.0.jar:/home/user/.m2/repository/com/fasterxml/jackson/module/jackson-module-jaxb-annotations/2.9.5/jackson-module-jaxb-annotations-2.9.5.jar:/home/user/.m2/repository/javax/enterprise/cdi-api/1.2/cdi-api-1.2.jar:/home/user/.m2/repository/javax/el/javax.el-api/3.0.0/javax.el-api-3.0.0.jar:/home/user/.m2/repository/javax/interceptor/javax.interceptor-api/1.2/javax.interceptor-api-1.2.jar:/home/user/.m2/repository/javax/inject/javax.inject/1/javax.inject-1.jar:/home/user/.m2/repository/org/apache/hadoop/hadoop-ozone-csi/0.5.0-SNAPSHOT/hadoop-ozone-csi-0.5.0-SNAPSHOT.jar:/home/user/.m2/repository/com/google/protobuf/protobuf-java-util/3.5.1/protobuf-java-util-3.5.1.jar:/home/user/.m2/repository/io/grpc/grpc-netty/1.17.1/grpc-netty-1.17.1.jar:/home/user/.m2/repository/io/grpc/grpc-core/1.17.1/grpc-core-1.17.1.jar:/home/user/.m2/repository/io/grpc/grpc-context/1.17.1/grpc-context-1.17.1.jar:/home/user/.m2/repository/com/google/errorprone/error_prone_annotations/2.2.0/error_prone_annotations-2.2.0.jar:/home/user/.m2/repository/org/codehaus/mojo/animal-sniffer-annotations/1.17/animal-sniffer-annotations-1.17.jar:/home/user/.m2/repository/io/opencensus/opencensus-api/0.17.0/opencensus-api-0.17.0.jar:/home/user/.m2/repository/io/opencensus/opencensus-contrib-grpc-metrics/0.17.0/opencensus-contrib-grpc-metrics-0.17.0.jar:/home/user/.m2/repository/io/netty/netty-codec-http2/4.1.30.Final/netty-codec-http2-4.1.30.Final.jar:/home/user/.m2/repository/io/netty/netty-codec-http/4.1.30.Final/netty-codec-http-4.1.30.Final.jar:/home/user/.m2/repository/io/netty/netty-codec/4.1.30.Final/netty-codec-4.1.30.Final.jar:/home/user/.m2/repository/io/netty/netty-handler/4.1.30.Final/netty-handler-4.1.30.Final.jar:/home/user/.m2/repository/io/netty/netty-handler-proxy/4.1.30.Final/netty-handler-proxy-4.1.30.Final.jar:/home/user/.m2/repository/io/netty/netty-codec-socks/4.1.30.Final/netty-codec-socks-4.1.30.Final.jar:/home/user/.m2/repository/io/netty/netty-transport-native-epoll/4.1.30.Final/netty-transport-native-epoll-4.1.30.Final.jar:/home/user/.m2/repository/io/netty/netty-common/4.1.30.Final/netty-common-4.1.30.Final.jar:/home/user/.m2/repository/io/netty/netty-buffer/4.1.30.Final/netty-buffer-4.1.30.Final.jar:/home/user/.m2/repository/io/netty/netty-transport/4.1.30.Final/netty-transport-4.1.30.Final.jar:/home/user/.m2/repository/io/netty/netty-resolver/4.1.30.Final/netty-resolver-4.1.30.Final.jar:/home/user/.m2/repository/io/netty/netty-transport-native-unix-common/4.1.30.Final/netty-transport-native-unix-common-4.1.30.Final.jar:/home/user/.m2/repository/io/grpc/grpc-protobuf/1.17.1/grpc-protobuf-1.17.1.jar:/home/user/.m2/repository/com/google/api/grpc/proto-google-common-protos/1.0.0/proto-google-common-protos-1.0.0.jar:/home/user/.m2/repository/io/grpc/grpc-protobuf-lite/1.17.1/grpc-protobuf-lite-1.17.1.jar:/home/user/.m2/repository/io/grpc/grpc-stub/1.17.1/grpc-stub-1.17.1.jar:/home/user/.m2/repository/org/apache/hadoop/hadoop-ozone-recon/0.5.0-SNAPSHOT/hadoop-ozone-recon-0.5.0-SNAPSHOT.jar:/home/user/.m2/repository/org/apache/hadoop/hadoop-ozone-reconcodegen/0.5.0-SNAPSHOT/hadoop-ozone-reconcodegen-0.5.0-SNAPSHOT.jar:/home/user/.m2/repository/com/google/inject/extensions/guice-multibindings/4.0/guice-multibindings-4.0.jar:/home/user/.m2/repository/com/google/inject/guice/4.0/guice-4.0.jar:/home/user/.m2/repository/aopalliance/aopalliance/1.0/aopalliance-1.0.jar:/home/user/.m2/repository/com/google/inject/extensions/guice-servlet/4.0/guice-servlet-4.0.jar:/home/user/.m2/repository/org/glassfish/jersey/containers/jersey-container-servlet/2.27/jersey-container-servlet-2.27.jar:/home/user/.m2/repository/org/glassfish/hk2/guice-bridge/2.5.0/guice-bridge-2.5.0.jar:/home/user/.m2/repository/org/glassfish/jersey/core/jersey-server/2.27/jersey-server-2.27.jar:/home/user/.m2/repository/org/glassfish/jersey/core/jersey-client/2.27/jersey-client-2.27.jar:/home/user/.m2/repository/org/glassfish/jersey/media/jersey-media-jaxb/2.27/jersey-media-jaxb-2.27.jar:/home/user/.m2/repository/javax/validation/validation-api/1.1.0.Final/validation-api-1.1.0.Final.jar:/home/user/.m2/repository/org/glassfish/jersey/media/jersey-media-json-jackson/2.27/jersey-media-json-jackson-2.27.jar:/home/user/.m2/repository/org/glassfish/jersey/ext/jersey-entity-filtering/2.27/jersey-entity-filtering-2.27.jar:/home/user/.m2/repository/com/google/inject/extensions/guice-assistedinject/4.0/guice-assistedinject-4.0.jar:/home/user/.m2/repository/org/jooq/jooq/3.11.10/jooq-3.11.10.jar:/home/user/.m2/repository/org/jooq/jooq-meta/3.11.10/jooq-meta-3.11.10.jar:/home/user/.m2/repository/org/jooq/jooq-codegen/3.11.10/jooq-codegen-3.11.10.jar:/home/user/.m2/repository/com/jolbox/bonecp/0.8.0.RELEASE/bonecp-0.8.0.RELEASE.jar:/home/user/.m2/repository/org/springframework/spring-jdbc/5.1.3.RELEASE/spring-jdbc-5.1.3.RELEASE.jar:/home/user/.m2/repository/org/springframework/spring-beans/5.1.3.RELEASE/spring-beans-5.1.3.RELEASE.jar:/home/user/.m2/repository/org/springframework/spring-core/5.1.3.RELEASE/spring-core-5.1.3.RELEASE.jar:/home/user/.m2/repository/org/springframework/spring-jcl/5.1.3.RELEASE/spring-jcl-5.1.3.RELEASE.jar:/home/user/.m2/repository/org/springframework/spring-tx/5.1.3.RELEASE/spring-tx-5.1.3.RELEASE.jar:/home/user/.m2/repository/org/mockito/mockito-core/2.15.0/mockito-core-2.15.0.jar:/home/user/.m2/repository/net/bytebuddy/byte-buddy/1.7.9/byte-buddy-1.7.9.jar:/home/user/.m2/repository/net/bytebuddy/byte-buddy-agent/1.7.9/byte-buddy-agent-1.7.9.jar:/home/user/.m2/repository/org/objenesis/objenesis/1.0/objenesis-1.0.jar:"/>
    <property name="java.vm.vendor" value="IcedTea"/>
    <property name="sun.arch.data.model" value="64"/>
    <property name="test.build.dir" value="/workdir/hadoop-ozone/tools/target/test-dir"/>
    <property name="test.cache.data" value=""/>
    <property name="java.vendor.url" value="https://icedtea.classpath.org"/>
    <property name="user.timezone" value=""/>
    <property name="java.vm.specification.version" value="1.8"/>
    <property name="os.name" value="Linux"/>
    <property name="test.build.data" value="/workdir/hadoop-ozone/tools/target/test-dir"/>
    <property name="user.country" value="US"/>
    <property name="sun.java.launcher" value="SUN_STANDARD"/>
    <property name="sun.boot.library.path" value="/usr/lib/jvm/java-1.8-openjdk/jre/lib/amd64"/>
    <property name="sun.java.command" value="/workdir/hadoop-ozone/tools/target/surefire/surefirebooter4111322366825479475.jar /workdir/hadoop-ozone/tools/target/surefire 2019-09-20T03-36-44_923-jvmRun1 surefire6308844569376176703tmp surefire_1211174498800723394942tmp"/>
    <property name="test" value="!TestMiniChaosOzoneCluster"/>
    <property name="surefire.test.class.path" value="/workdir/hadoop-ozone/tools/target/test-classes:/workdir/hadoop-ozone/tools/target/classes:/home/user/.m2/repository/org/apache/hadoop/hadoop-ozone-ozone-manager/0.5.0-SNAPSHOT/hadoop-ozone-ozone-manager-0.5.0-SNAPSHOT.jar:/home/user/.m2/repository/org/apache/hadoop/hadoop-hdds-docs/0.5.0-SNAPSHOT/hadoop-hdds-docs-0.5.0-SNAPSHOT.jar:/home/user/.m2/repository/org/bouncycastle/bcprov-jdk15on/1.60/bcprov-jdk15on-1.60.jar:/home/user/.m2/repository/org/apache/hadoop/hadoop-ozone-common/0.5.0-SNAPSHOT/hadoop-ozone-common-0.5.0-SNAPSHOT.jar:/home/user/.m2/repository/org/apache/commons/commons-compress/1.4.1/commons-compress-1.4.1.jar:/home/user/.m2/repository/org/tukaani/xz/1.0/xz-1.0.jar:/home/user/.m2/repository/org/apache/hadoop/hadoop-hdfs-client/3.2.0/hadoop-hdfs-client-3.2.0.jar:/home/user/.m2/repository/com/fasterxml/jackson/core/jackson-annotations/2.9.5/jackson-annotations-2.9.5.jar:/home/user/.m2/repository/org/apache/hadoop/hadoop-hdds-common/0.5.0-SNAPSHOT/hadoop-hdds-common-0.5.0-SNAPSHOT.jar:/home/user/.m2/repository/org/apache/hadoop/hadoop-hdds-config/0.5.0-SNAPSHOT/hadoop-hdds-config-0.5.0-SNAPSHOT.jar:/home/user/.m2/repository/javax/annotation/javax.annotation-api/1.2/javax.annotation-api-1.2.jar:/home/user/.m2/repository/org/apache/ratis/ratis-server/0.4.0-2337318-SNAPSHOT/ratis-server-0.4.0-2337318-SNAPSHOT.jar:/home/user/.m2/repository/org/apache/ratis/ratis-thirdparty-misc/0.2.0/ratis-thirdparty-misc-0.2.0.jar:/home/user/.m2/repository/org/apache/ratis/ratis-proto/0.4.0-2337318-SNAPSHOT/ratis-proto-0.4.0-2337318-SNAPSHOT.jar:/home/user/.m2/repository/org/apache/ratis/ratis-common/0.4.0-2337318-SNAPSHOT/ratis-common-0.4.0-2337318-SNAPSHOT.jar:/home/user/.m2/repository/org/apache/ratis/ratis-client/0.4.0-2337318-SNAPSHOT/ratis-client-0.4.0-2337318-SNAPSHOT.jar:/home/user/.m2/repository/org/apache/ratis/ratis-metrics/0.4.0-2337318-SNAPSHOT/ratis-metrics-0.4.0-2337318-SNAPSHOT.jar:/home/user/.m2/repository/org/apache/ratis/ratis-netty/0.4.0-2337318-SNAPSHOT/ratis-netty-0.4.0-2337318-SNAPSHOT.jar:/home/user/.m2/repository/org/apache/ratis/ratis-grpc/0.4.0-2337318-SNAPSHOT/ratis-grpc-0.4.0-2337318-SNAPSHOT.jar:/home/user/.m2/repository/org/rocksdb/rocksdbjni/6.0.1/rocksdbjni-6.0.1.jar:/home/user/.m2/repository/org/apache/logging/log4j/log4j-api/2.11.0/log4j-api-2.11.0.jar:/home/user/.m2/repository/org/apache/logging/log4j/log4j-core/2.11.0/log4j-core-2.11.0.jar:/home/user/.m2/repository/com/lmax/disruptor/3.4.2/disruptor-3.4.2.jar:/home/user/.m2/repository/org/apache/commons/commons-pool2/2.6.0/commons-pool2-2.6.0.jar:/home/user/.m2/repository/org/bouncycastle/bcpkix-jdk15on/1.60/bcpkix-jdk15on-1.60.jar:/home/user/.m2/repository/commons-validator/commons-validator/1.6/commons-validator-1.6.jar:/home/user/.m2/repository/commons-digester/commons-digester/1.8.1/commons-digester-1.8.1.jar:/home/user/.m2/repository/io/jaegertracing/jaeger-client/0.33.1/jaeger-client-0.33.1.jar:/home/user/.m2/repository/io/jaegertracing/jaeger-thrift/0.33.1/jaeger-thrift-0.33.1.jar:/home/user/.m2/repository/org/apache/thrift/libthrift/0.11.0/libthrift-0.11.0.jar:/home/user/.m2/repository/com/squareup/okhttp3/okhttp/3.9.0/okhttp-3.9.0.jar:/home/user/.m2/repository/com/squareup/okio/okio/1.13.0/okio-1.13.0.jar:/home/user/.m2/repository/io/jaegertracing/jaeger-core/0.33.1/jaeger-core-0.33.1.jar:/home/user/.m2/repository/io/jaegertracing/jaeger-tracerresolver/0.33.1/jaeger-tracerresolver-0.33.1.jar:/home/user/.m2/repository/io/opentracing/contrib/opentracing-tracerresolver/0.1.5/opentracing-tracerresolver-0.1.5.jar:/home/user/.m2/repository/io/opentracing/opentracing-util/0.31.0/opentracing-util-0.31.0.jar:/home/user/.m2/repository/io/opentracing/opentracing-api/0.31.0/opentracing-api-0.31.0.jar:/home/user/.m2/repository/io/opentracing/opentracing-noop/0.31.0/opentracing-noop-0.31.0.jar:/home/user/.m2/repository/org/yaml/snakeyaml/1.16/snakeyaml-1.16.jar:/home/user/.m2/repository/org/apache/hadoop/hadoop-hdds-container-service/0.5.0-SNAPSHOT/hadoop-hdds-container-service-0.5.0-SNAPSHOT.jar:/home/user/.m2/repository/org/apache/hadoop/hadoop-hdds-client/0.5.0-SNAPSHOT/hadoop-hdds-client-0.5.0-SNAPSHOT.jar:/home/user/.m2/repository/org/apache/hadoop/hadoop-hdds-tools/0.5.0-SNAPSHOT/hadoop-hdds-tools-0.5.0-SNAPSHOT.jar:/home/user/.m2/repository/org/xerial/sqlite-jdbc/3.25.2/sqlite-jdbc-3.25.2.jar:/home/user/.m2/repository/org/apache/hadoop/hadoop-hdds-server-scm/0.5.0-SNAPSHOT/hadoop-hdds-server-scm-0.5.0-SNAPSHOT.jar:/home/user/.m2/repository/org/hamcrest/hamcrest-all/1.3/hamcrest-all-1.3.jar:/home/user/.m2/repository/info/picocli/picocli/3.9.6/picocli-3.9.6.jar:/home/user/.m2/repository/com/google/protobuf/protobuf-java/2.5.0/protobuf-java-2.5.0.jar:/home/user/.m2/repository/com/google/guava/guava/11.0.2/guava-11.0.2.jar:/home/user/.m2/repository/org/apache/hadoop/hadoop-ozone-client/0.5.0-SNAPSHOT/hadoop-ozone-client-0.5.0-SNAPSHOT.jar:/workdir/hadoop-ozone/ozonefs/target/classes:/home/user/.m2/repository/org/apache/hadoop/hadoop-hdds-server-framework/0.5.0-SNAPSHOT/hadoop-hdds-server-framework-0.5.0-SNAPSHOT.jar:/home/user/.m2/repository/org/apache/hadoop/hadoop-common/3.2.0/hadoop-common-3.2.0.jar:/home/user/.m2/repository/org/apache/hadoop/hadoop-annotations/3.2.0/hadoop-annotations-3.2.0.jar:/usr/lib/jvm/java-1.8-openjdk/jre/../lib/tools.jar:/home/user/.m2/repository/commons-cli/commons-cli/1.2/commons-cli-1.2.jar:/home/user/.m2/repository/org/apache/commons/commons-math3/3.1.1/commons-math3-3.1.1.jar:/home/user/.m2/repository/org/apache/httpcomponents/httpclient/4.5.2/httpclient-4.5.2.jar:/home/user/.m2/repository/org/apache/httpcomponents/httpcore/4.4.4/httpcore-4.4.4.jar:/home/user/.m2/repository/commons-codec/commons-codec/1.11/commons-codec-1.11.jar:/home/user/.m2/repository/commons-io/commons-io/2.5/commons-io-2.5.jar:/home/user/.m2/repository/commons-net/commons-net/3.6/commons-net-3.6.jar:/home/user/.m2/repository/commons-collections/commons-collections/3.2.2/commons-collections-3.2.2.jar:/home/user/.m2/repository/javax/servlet/javax.servlet-api/3.1.0/javax.servlet-api-3.1.0.jar:/home/user/.m2/repository/org/eclipse/jetty/jetty-server/9.3.24.v20180605/jetty-server-9.3.24.v20180605.jar:/home/user/.m2/repository/org/eclipse/jetty/jetty-http/9.3.24.v20180605/jetty-http-9.3.24.v20180605.jar:/home/user/.m2/repository/org/eclipse/jetty/jetty-io/9.3.24.v20180605/jetty-io-9.3.24.v20180605.jar:/home/user/.m2/repository/org/eclipse/jetty/jetty-util/9.3.24.v20180605/jetty-util-9.3.24.v20180605.jar:/home/user/.m2/repository/org/eclipse/jetty/jetty-servlet/9.3.24.v20180605/jetty-servlet-9.3.24.v20180605.jar:/home/user/.m2/repository/org/eclipse/jetty/jetty-security/9.3.24.v20180605/jetty-security-9.3.24.v20180605.jar:/home/user/.m2/repository/org/eclipse/jetty/jetty-webapp/9.3.24.v20180605/jetty-webapp-9.3.24.v20180605.jar:/home/user/.m2/repository/org/eclipse/jetty/jetty-xml/9.3.24.v20180605/jetty-xml-9.3.24.v20180605.jar:/home/user/.m2/repository/javax/servlet/jsp/jsp-api/2.1/jsp-api-2.1.jar:/home/user/.m2/repository/com/sun/jersey/jersey-core/1.19/jersey-core-1.19.jar:/home/user/.m2/repository/javax/ws/rs/jsr311-api/1.1.1/jsr311-api-1.1.1.jar:/home/user/.m2/repository/com/sun/jersey/jersey-servlet/1.19/jersey-servlet-1.19.jar:/home/user/.m2/repository/com/sun/jersey/jersey-json/1.19/jersey-json-1.19.jar:/home/user/.m2/repository/org/codehaus/jettison/jettison/1.1/jettison-1.1.jar:/home/user/.m2/repository/com/sun/xml/bind/jaxb-impl/2.3.0.1/jaxb-impl-2.3.0.1.jar:/home/user/.m2/repository/org/codehaus/jackson/jackson-core-asl/1.9.13/jackson-core-asl-1.9.13.jar:/home/user/.m2/repository/org/codehaus/jackson/jackson-mapper-asl/1.9.13/jackson-mapper-asl-1.9.13.jar:/home/user/.m2/repository/org/codehaus/jackson/jackson-jaxrs/1.9.13/jackson-jaxrs-1.9.13.jar:/home/user/.m2/repository/org/codehaus/jackson/jackson-xc/1.9.13/jackson-xc-1.9.13.jar:/home/user/.m2/repository/com/sun/jersey/jersey-server/1.19/jersey-server-1.19.jar:/home/user/.m2/repository/commons-logging/commons-logging/1.1.3/commons-logging-1.1.3.jar:/home/user/.m2/repository/log4j/log4j/1.2.17/log4j-1.2.17.jar:/home/user/.m2/repository/commons-beanutils/commons-beanutils/1.9.3/commons-beanutils-1.9.3.jar:/home/user/.m2/repository/org/apache/commons/commons-configuration2/2.1.1/commons-configuration2-2.1.1.jar:/home/user/.m2/repository/org/apache/commons/commons-lang3/3.7/commons-lang3-3.7.jar:/home/user/.m2/repository/org/apache/commons/commons-text/1.4/commons-text-1.4.jar:/home/user/.m2/repository/org/slf4j/slf4j-api/1.7.25/slf4j-api-1.7.25.jar:/home/user/.m2/repository/org/slf4j/slf4j-log4j12/1.7.25/slf4j-log4j12-1.7.25.jar:/home/user/.m2/repository/org/apache/avro/avro/1.7.7/avro-1.7.7.jar:/home/user/.m2/repository/com/thoughtworks/paranamer/paranamer/2.3/paranamer-2.3.jar:/home/user/.m2/repository/org/xerial/snappy/snappy-java/1.0.5/snappy-java-1.0.5.jar:/home/user/.m2/repository/com/google/re2j/re2j/1.1/re2j-1.1.jar:/home/user/.m2/repository/com/google/code/gson/gson/2.2.4/gson-2.2.4.jar:/home/user/.m2/repository/org/apache/hadoop/hadoop-auth/3.2.0/hadoop-auth-3.2.0.jar:/home/user/.m2/repository/com/nimbusds/nimbus-jose-jwt/4.41.1/nimbus-jose-jwt-4.41.1.jar:/home/user/.m2/repository/com/github/stephenc/jcip/jcip-annotations/1.0-1/jcip-annotations-1.0-1.jar:/home/user/.m2/repository/net/minidev/json-smart/2.3/json-smart-2.3.jar:/home/user/.m2/repository/net/minidev/accessors-smart/1.2/accessors-smart-1.2.jar:/home/user/.m2/repository/org/apache/curator/curator-framework/2.12.0/curator-framework-2.12.0.jar:/home/user/.m2/repository/com/jcraft/jsch/0.1.54/jsch-0.1.54.jar:/home/user/.m2/repository/org/apache/curator/curator-client/2.12.0/curator-client-2.12.0.jar:/home/user/.m2/repository/org/apache/curator/curator-recipes/2.12.0/curator-recipes-2.12.0.jar:/home/user/.m2/repository/com/google/code/findbugs/jsr305/3.0.0/jsr305-3.0.0.jar:/home/user/.m2/repository/org/apache/htrace/htrace-core4/4.1.0-incubating/htrace-core4-4.1.0-incubating.jar:/home/user/.m2/repository/org/apache/zookeeper/zookeeper/3.4.13/zookeeper-3.4.13.jar:/home/user/.m2/repository/org/apache/yetus/audience-annotations/0.5.0/audience-annotations-0.5.0.jar:/home/user/.m2/repository/org/apache/kerby/kerb-simplekdc/1.0.1/kerb-simplekdc-1.0.1.jar:/home/user/.m2/repository/org/apache/kerby/kerb-client/1.0.1/kerb-client-1.0.1.jar:/home/user/.m2/repository/org/apache/kerby/kerby-config/1.0.1/kerby-config-1.0.1.jar:/home/user/.m2/repository/org/apache/kerby/kerb-core/1.0.1/kerb-core-1.0.1.jar:/home/user/.m2/repository/org/apache/kerby/kerby-pkix/1.0.1/kerby-pkix-1.0.1.jar:/home/user/.m2/repository/org/apache/kerby/kerby-asn1/1.0.1/kerby-asn1-1.0.1.jar:/home/user/.m2/repository/org/apache/kerby/kerby-util/1.0.1/kerby-util-1.0.1.jar:/home/user/.m2/repository/org/apache/kerby/kerb-common/1.0.1/kerb-common-1.0.1.jar:/home/user/.m2/repository/org/apache/kerby/kerb-crypto/1.0.1/kerb-crypto-1.0.1.jar:/home/user/.m2/repository/org/apache/kerby/kerb-util/1.0.1/kerb-util-1.0.1.jar:/home/user/.m2/repository/org/apache/kerby/token-provider/1.0.1/token-provider-1.0.1.jar:/home/user/.m2/repository/org/apache/kerby/kerb-admin/1.0.1/kerb-admin-1.0.1.jar:/home/user/.m2/repository/org/apache/kerby/kerb-server/1.0.1/kerb-server-1.0.1.jar:/home/user/.m2/repository/org/apache/kerby/kerb-identity/1.0.1/kerb-identity-1.0.1.jar:/home/user/.m2/repository/org/apache/kerby/kerby-xdr/1.0.1/kerby-xdr-1.0.1.jar:/home/user/.m2/repository/com/fasterxml/jackson/core/jackson-databind/2.9.5/jackson-databind-2.9.5.jar:/home/user/.m2/repository/com/fasterxml/jackson/core/jackson-core/2.9.5/jackson-core-2.9.5.jar:/home/user/.m2/repository/org/codehaus/woodstox/stax2-api/3.1.4/stax2-api-3.1.4.jar:/home/user/.m2/repository/com/fasterxml/woodstox/woodstox-core/5.0.3/woodstox-core-5.0.3.jar:/home/user/.m2/repository/dnsjava/dnsjava/2.1.7/dnsjava-2.1.7.jar:/home/user/.m2/repository/org/apache/hadoop/hadoop-hdfs/3.2.0/hadoop-hdfs-3.2.0.jar:/home/user/.m2/repository/org/eclipse/jetty/jetty-util-ajax/9.3.24.v20180605/jetty-util-ajax-9.3.24.v20180605.jar:/home/user/.m2/repository/commons-daemon/commons-daemon/1.0.13/commons-daemon-1.0.13.jar:/home/user/.m2/repository/io/netty/netty/3.10.5.Final/netty-3.10.5.Final.jar:/home/user/.m2/repository/io/netty/netty-all/4.0.52.Final/netty-all-4.0.52.Final.jar:/home/user/.m2/repository/org/fusesource/leveldbjni/leveldbjni-all/1.8/leveldbjni-all-1.8.jar:/home/user/.m2/repository/com/sun/xml/bind/jaxb-core/2.3.0.1/jaxb-core-2.3.0.1.jar:/home/user/.m2/repository/javax/xml/bind/jaxb-api/2.3.0/jaxb-api-2.3.0.jar:/home/user/.m2/repository/javax/activation/activation/1.1.1/activation-1.1.1.jar:/home/user/.m2/repository/io/dropwizard/metrics/metrics-core/3.2.4/metrics-core-3.2.4.jar:/home/user/.m2/repository/org/openjdk/jmh/jmh-core/1.19/jmh-core-1.19.jar:/home/user/.m2/repository/net/sf/jopt-simple/jopt-simple/4.6/jopt-simple-4.6.jar:/home/user/.m2/repository/org/openjdk/jmh/jmh-generator-annprocess/1.19/jmh-generator-annprocess-1.19.jar:/home/user/.m2/repository/com/google/code/findbugs/findbugs/3.0.1/findbugs-3.0.1.jar:/home/user/.m2/repository/net/jcip/jcip-annotations/1.0/jcip-annotations-1.0.jar:/home/user/.m2/repository/com/google/code/findbugs/bcel-findbugs/6.0/bcel-findbugs-6.0.jar:/home/user/.m2/repository/com/google/code/findbugs/jFormatString/2.0.1/jFormatString-2.0.1.jar:/home/user/.m2/repository/dom4j/dom4j/1.6.1/dom4j-1.6.1.jar:/home/user/.m2/repository/xml-apis/xml-apis/1.0.b2/xml-apis-1.0.b2.jar:/home/user/.m2/repository/org/ow2/asm/asm-debug-all/5.0.2/asm-debug-all-5.0.2.jar:/home/user/.m2/repository/org/ow2/asm/asm-commons/5.0.2/asm-commons-5.0.2.jar:/home/user/.m2/repository/org/ow2/asm/asm-tree/5.0.2/asm-tree-5.0.2.jar:/home/user/.m2/repository/org/ow2/asm/asm/5.0.4/asm-5.0.4.jar:/home/user/.m2/repository/commons-lang/commons-lang/2.6/commons-lang-2.6.jar:/home/user/.m2/repository/com/apple/AppleJavaExtensions/1.4/AppleJavaExtensions-1.4.jar:/home/user/.m2/repository/jaxen/jaxen/1.1.6/jaxen-1.1.6.jar:/home/user/.m2/repository/junit/junit/4.11/junit-4.11.jar:/home/user/.m2/repository/org/hamcrest/hamcrest-core/1.3/hamcrest-core-1.3.jar:/home/user/.m2/repository/org/apache/hadoop/hadoop-common/3.2.0/hadoop-common-3.2.0-tests.jar:/workdir/hadoop-ozone/integration-test/target/test-classes:/home/user/.m2/repository/org/apache/hadoop/hadoop-ozone-objectstore-service/0.5.0-SNAPSHOT/hadoop-ozone-objectstore-service-0.5.0-SNAPSHOT.jar:/home/user/.m2/repository/org/apache/hadoop/hadoop-ozone-s3gateway/0.5.0-SNAPSHOT/hadoop-ozone-s3gateway-0.5.0-SNAPSHOT.jar:/home/user/.m2/repository/org/jboss/weld/servlet/weld-servlet/2.4.7.Final/weld-servlet-2.4.7.Final.jar:/home/user/.m2/repository/org/glassfish/jersey/containers/jersey-container-servlet-core/2.27/jersey-container-servlet-core-2.27.jar:/home/user/.m2/repository/org/glassfish/hk2/external/javax.inject/2.5.0-b42/javax.inject-2.5.0-b42.jar:/home/user/.m2/repository/org/glassfish/jersey/core/jersey-common/2.27/jersey-common-2.27.jar:/home/user/.m2/repository/org/glassfish/hk2/osgi-resource-locator/1.0.1/osgi-resource-locator-1.0.1.jar:/home/user/.m2/repository/javax/ws/rs/javax.ws.rs-api/2.1/javax.ws.rs-api-2.1.jar:/home/user/.m2/repository/org/glassfish/jersey/ext/cdi/jersey-cdi1x/2.27/jersey-cdi1x-2.27.jar:/home/user/.m2/repository/org/glassfish/jersey/inject/jersey-hk2/2.27/jersey-hk2-2.27.jar:/home/user/.m2/repository/org/glassfish/hk2/hk2-locator/2.5.0-b42/hk2-locator-2.5.0-b42.jar:/home/user/.m2/repository/org/javassist/javassist/3.22.0-CR2/javassist-3.22.0-CR2.jar:/home/user/.m2/repository/org/glassfish/hk2/hk2-api/2.5.0/hk2-api-2.5.0.jar:/home/user/.m2/repository/org/glassfish/hk2/external/jakarta.inject/2.5.0/jakarta.inject-2.5.0.jar:/home/user/.m2/repository/org/glassfish/hk2/hk2-utils/2.5.0/hk2-utils-2.5.0.jar:/home/user/.m2/repository/jakarta/annotation/jakarta.annotation-api/1.3.4/jakarta.annotation-api-1.3.4.jar:/home/user/.m2/repository/org/glassfish/hk2/external/aopalliance-repackaged/2.5.0/aopalliance-repackaged-2.5.0.jar:/home/user/.m2/repository/com/fasterxml/jackson/dataformat/jackson-dataformat-xml/2.9.0/jackson-dataformat-xml-2.9.0.jar:/home/user/.m2/repository/com/fasterxml/jackson/module/jackson-module-jaxb-annotations/2.9.5/jackson-module-jaxb-annotations-2.9.5.jar:/home/user/.m2/repository/javax/enterprise/cdi-api/1.2/cdi-api-1.2.jar:/home/user/.m2/repository/javax/el/javax.el-api/3.0.0/javax.el-api-3.0.0.jar:/home/user/.m2/repository/javax/interceptor/javax.interceptor-api/1.2/javax.interceptor-api-1.2.jar:/home/user/.m2/repository/javax/inject/javax.inject/1/javax.inject-1.jar:/home/user/.m2/repository/org/apache/hadoop/hadoop-ozone-csi/0.5.0-SNAPSHOT/hadoop-ozone-csi-0.5.0-SNAPSHOT.jar:/home/user/.m2/repository/com/google/protobuf/protobuf-java-util/3.5.1/protobuf-java-util-3.5.1.jar:/home/user/.m2/repository/io/grpc/grpc-netty/1.17.1/grpc-netty-1.17.1.jar:/home/user/.m2/repository/io/grpc/grpc-core/1.17.1/grpc-core-1.17.1.jar:/home/user/.m2/repository/io/grpc/grpc-context/1.17.1/grpc-context-1.17.1.jar:/home/user/.m2/repository/com/google/errorprone/error_prone_annotations/2.2.0/error_prone_annotations-2.2.0.jar:/home/user/.m2/repository/org/codehaus/mojo/animal-sniffer-annotations/1.17/animal-sniffer-annotations-1.17.jar:/home/user/.m2/repository/io/opencensus/opencensus-api/0.17.0/opencensus-api-0.17.0.jar:/home/user/.m2/repository/io/opencensus/opencensus-contrib-grpc-metrics/0.17.0/opencensus-contrib-grpc-metrics-0.17.0.jar:/home/user/.m2/repository/io/netty/netty-codec-http2/4.1.30.Final/netty-codec-http2-4.1.30.Final.jar:/home/user/.m2/repository/io/netty/netty-codec-http/4.1.30.Final/netty-codec-http-4.1.30.Final.jar:/home/user/.m2/repository/io/netty/netty-codec/4.1.30.Final/netty-codec-4.1.30.Final.jar:/home/user/.m2/repository/io/netty/netty-handler/4.1.30.Final/netty-handler-4.1.30.Final.jar:/home/user/.m2/repository/io/netty/netty-handler-proxy/4.1.30.Final/netty-handler-proxy-4.1.30.Final.jar:/home/user/.m2/repository/io/netty/netty-codec-socks/4.1.30.Final/netty-codec-socks-4.1.30.Final.jar:/home/user/.m2/repository/io/netty/netty-transport-native-epoll/4.1.30.Final/netty-transport-native-epoll-4.1.30.Final.jar:/home/user/.m2/repository/io/netty/netty-common/4.1.30.Final/netty-common-4.1.30.Final.jar:/home/user/.m2/repository/io/netty/netty-buffer/4.1.30.Final/netty-buffer-4.1.30.Final.jar:/home/user/.m2/repository/io/netty/netty-transport/4.1.30.Final/netty-transport-4.1.30.Final.jar:/home/user/.m2/repository/io/netty/netty-resolver/4.1.30.Final/netty-resolver-4.1.30.Final.jar:/home/user/.m2/repository/io/netty/netty-transport-native-unix-common/4.1.30.Final/netty-transport-native-unix-common-4.1.30.Final.jar:/home/user/.m2/repository/io/grpc/grpc-protobuf/1.17.1/grpc-protobuf-1.17.1.jar:/home/user/.m2/repository/com/google/api/grpc/proto-google-common-protos/1.0.0/proto-google-common-protos-1.0.0.jar:/home/user/.m2/repository/io/grpc/grpc-protobuf-lite/1.17.1/grpc-protobuf-lite-1.17.1.jar:/home/user/.m2/repository/io/grpc/grpc-stub/1.17.1/grpc-stub-1.17.1.jar:/home/user/.m2/repository/org/apache/hadoop/hadoop-ozone-recon/0.5.0-SNAPSHOT/hadoop-ozone-recon-0.5.0-SNAPSHOT.jar:/home/user/.m2/repository/org/apache/hadoop/hadoop-ozone-reconcodegen/0.5.0-SNAPSHOT/hadoop-ozone-reconcodegen-0.5.0-SNAPSHOT.jar:/home/user/.m2/repository/com/google/inject/extensions/guice-multibindings/4.0/guice-multibindings-4.0.jar:/home/user/.m2/repository/com/google/inject/guice/4.0/guice-4.0.jar:/home/user/.m2/repository/aopalliance/aopalliance/1.0/aopalliance-1.0.jar:/home/user/.m2/repository/com/google/inject/extensions/guice-servlet/4.0/guice-servlet-4.0.jar:/home/user/.m2/repository/org/glassfish/jersey/containers/jersey-container-servlet/2.27/jersey-container-servlet-2.27.jar:/home/user/.m2/repository/org/glassfish/hk2/guice-bridge/2.5.0/guice-bridge-2.5.0.jar:/home/user/.m2/repository/org/glassfish/jersey/core/jersey-server/2.27/jersey-server-2.27.jar:/home/user/.m2/repository/org/glassfish/jersey/core/jersey-client/2.27/jersey-client-2.27.jar:/home/user/.m2/repository/org/glassfish/jersey/media/jersey-media-jaxb/2.27/jersey-media-jaxb-2.27.jar:/home/user/.m2/repository/javax/validation/validation-api/1.1.0.Final/validation-api-1.1.0.Final.jar:/home/user/.m2/repository/org/glassfish/jersey/media/jersey-media-json-jackson/2.27/jersey-media-json-jackson-2.27.jar:/home/user/.m2/repository/org/glassfish/jersey/ext/jersey-entity-filtering/2.27/jersey-entity-filtering-2.27.jar:/home/user/.m2/repository/com/google/inject/extensions/guice-assistedinject/4.0/guice-assistedinject-4.0.jar:/home/user/.m2/repository/org/jooq/jooq/3.11.10/jooq-3.11.10.jar:/home/user/.m2/repository/org/jooq/jooq-meta/3.11.10/jooq-meta-3.11.10.jar:/home/user/.m2/repository/org/jooq/jooq-codegen/3.11.10/jooq-codegen-3.11.10.jar:/home/user/.m2/repository/com/jolbox/bonecp/0.8.0.RELEASE/bonecp-0.8.0.RELEASE.jar:/home/user/.m2/repository/org/springframework/spring-jdbc/5.1.3.RELEASE/spring-jdbc-5.1.3.RELEASE.jar:/home/user/.m2/repository/org/springframework/spring-beans/5.1.3.RELEASE/spring-beans-5.1.3.RELEASE.jar:/home/user/.m2/repository/org/springframework/spring-core/5.1.3.RELEASE/spring-core-5.1.3.RELEASE.jar:/home/user/.m2/repository/org/springframework/spring-jcl/5.1.3.RELEASE/spring-jcl-5.1.3.RELEASE.jar:/home/user/.m2/repository/org/springframework/spring-tx/5.1.3.RELEASE/spring-tx-5.1.3.RELEASE.jar:/home/user/.m2/repository/org/mockito/mockito-core/2.15.0/mockito-core-2.15.0.jar:/home/user/.m2/repository/net/bytebuddy/byte-buddy/1.7.9/byte-buddy-1.7.9.jar:/home/user/.m2/repository/net/bytebuddy/byte-buddy-agent/1.7.9/byte-buddy-agent-1.7.9.jar:/home/user/.m2/repository/org/objenesis/objenesis/1.0/objenesis-1.0.jar:"/>
    <property name="sun.cpu.endian" value="little"/>
    <property name="user.home" value="/home/user"/>
    <property name="user.language" value="en"/>
    <property name="java.specification.vendor" value="Oracle Corporation"/>
    <property name="java.home" value="/usr/lib/jvm/java-1.8-openjdk/jre"/>
    <property name="java.security.krb5.conf" value="/workdir/hadoop-ozone/tools/target/test-classes/krb5.conf"/>
    <property name="basedir" value="/workdir/hadoop-ozone/tools"/>
    <property name="file.separator" value="/"/>
    <property name="line.separator" value="&#10;"/>
    <property name="java.vm.specification.vendor" value="Oracle Corporation"/>
    <property name="java.specification.name" value="Java Platform API Specification"/>
    <property name="java.awt.graphicsenv" value="sun.awt.X11GraphicsEnvironment"/>
    <property name="surefire.real.class.path" value="/workdir/hadoop-ozone/tools/target/surefire/surefirebooter4111322366825479475.jar"/>
    <property name="hadoop.log.dir" value="/workdir/hadoop-ozone/tools/target/log"/>
    <property name="sun.boot.class.path" value="/usr/lib/jvm/java-1.8-openjdk/jre/lib/resources.jar:/usr/lib/jvm/java-1.8-openjdk/jre/lib/rt.jar:/usr/lib/jvm/java-1.8-openjdk/jre/lib/sunrsasign.jar:/usr/lib/jvm/java-1.8-openjdk/jre/lib/jsse.jar:/usr/lib/jvm/java-1.8-openjdk/jre/lib/jce.jar:/usr/lib/jvm/java-1.8-openjdk/jre/lib/charsets.jar:/usr/lib/jvm/java-1.8-openjdk/jre/lib/jfr.jar:/usr/lib/jvm/java-1.8-openjdk/jre/classes"/>
    <property name="sun.management.compiler" value="HotSpot 64-Bit Tiered Compilers"/>
    <property name="java.runtime.version" value="1.8.0_212-b04"/>
    <property name="java.net.preferIPv4Stack" value="true"/>
    <property name="user.name" value="jenkins1000"/>
    <property name="path.separator" value=":"/>
    <property name="java.security.egd" value="file:///dev/urandom"/>
    <property name="os.version" value="3.10.0-957.12.2.el7.x86_64"/>
    <property name="java.endorsed.dirs" value="/usr/lib/jvm/java-1.8-openjdk/jre/lib/endorsed"/>
    <property name="java.runtime.name" value="OpenJDK Runtime Environment"/>
    <property name="file.encoding" value="UTF-8"/>
    <property name="java.vm.name" value="OpenJDK 64-Bit Server VM"/>
    <property name="test.build.webapps" value=""/>
    <property name="localRepository" value="/home/user/.m2/repository"/>
    <property name="java.vendor.url.bug" value="https://icedtea.classpath.org/bugzilla"/>
    <property name="java.io.tmpdir" value="/tmp"/>
    <property name="require.test.libhadoop" value=""/>
    <property name="java.version" value="1.8.0_212"/>
    <property name="user.dir" value="/workdir/hadoop-ozone/tools"/>
    <property name="os.arch" value="amd64"/>
    <property name="java.vm.specification.name" value="Java Virtual Machine Specification"/>
    <property name="test.build.classes" value="/workdir/hadoop-ozone/tools/target/test-classes"/>
    <property name="java.awt.printerjob" value="sun.print.PSPrinterJob"/>
    <property name="sun.os.patch.level" value="unknown"/>
    <property name="hadoop.tmp.dir" value="/workdir/hadoop-ozone/tools/target/tmp"/>
    <property name="java.library.path" value="/usr/lib/jvm/java-1.8-openjdk/jre/lib/amd64/server:/usr/lib/jvm/java-1.8-openjdk/jre/lib/amd64:/usr/lib/jvm/java-1.8-openjdk/jre/../lib/amd64:/workdir/hadoop-ozone/tools/target/native/target/usr/local/lib:/workdir/hadoop-ozone/tools/../../hadoop-common-project/hadoop-common/target/native/target/usr/local/lib:/usr/java/packages/lib/amd64:/usr/lib64:/lib64:/lib:/usr/lib"/>
    <property name="java.vm.info" value="mixed mode"/>
    <property name="java.vendor" value="IcedTea"/>
    <property name="java.vm.version" value="25.212-b04"/>
    <property name="java.ext.dirs" value="/usr/lib/jvm/java-1.8-openjdk/jre/lib/ext:/usr/java/packages/lib/ext"/>
    <property name="sun.io.unicode.encoding" value="UnicodeLittle"/>
    <property name="java.class.version" value="52.0"/>
  </properties>
  <testcase name="ratisTestLargeKey" classname="org.apache.hadoop.ozone.freon.TestDataValidateWithSafeByteOperations" time="10.553">
    <error message="Allocated 0 blocks. Requested 5 blocks" type="INTERNAL_ERROR org.apache.hadoop.ozone.om.exceptions.OMException">INTERNAL_ERROR org.apache.hadoop.ozone.om.exceptions.OMException: Allocated 0 blocks. Requested 5 blocks
	at org.apache.hadoop.ozone.om.protocolPB.OzoneManagerProtocolClientSideTranslatorPB.handleError(OzoneManagerProtocolClientSideTranslatorPB.java:725)
	at org.apache.hadoop.ozone.om.protocolPB.OzoneManagerProtocolClientSideTranslatorPB.openKey(OzoneManagerProtocolClientSideTranslatorPB.java:716)
	at org.apache.hadoop.ozone.client.rpc.RpcClient.createKey(RpcClient.java:615)
	at org.apache.hadoop.ozone.client.OzoneBucket.createKey(OzoneBucket.java:323)
	at org.apache.hadoop.ozone.freon.RandomKeyGenerator.createKey(RandomKeyGenerator.java:686)
	at org.apache.hadoop.ozone.freon.RandomKeyGenerator.access$1100(RandomKeyGenerator.java:87)
	at org.apache.hadoop.ozone.freon.RandomKeyGenerator$ObjectCreator.run(RandomKeyGenerator.java:606)
	at java.util.concurrent.Executors$RunnableAdapter.call(Executors.java:511)
	at java.util.concurrent.FutureTask.run(FutureTask.java:266)
	at java.util.concurrent.ThreadPoolExecutor.runWorker(ThreadPoolExecutor.java:1149)
	at java.util.concurrent.ThreadPoolExecutor$Worker.run(ThreadPoolExecutor.java:624)
	at java.lang.Thread.run(Thread.java:748)
</error>
    <system-out><![CDATA[2019-09-20 08:31:17,913 [main] WARN  server.ServerUtils (ServerUtils.java:getScmDbDir(145)) - ozone.scm.db.dirs is not configured. We recommend adding this setting. Falling back to ozone.metadata.dirs instead.
2019-09-20 08:31:18,053 [main] WARN  server.ServerUtils (ServerUtils.java:getScmDbDir(145)) - ozone.scm.db.dirs is not configured. We recommend adding this setting. Falling back to ozone.metadata.dirs instead.
2019-09-20 08:31:18,057 [main] WARN  server.ServerUtils (ServerUtils.java:getScmDbDir(145)) - ozone.scm.db.dirs is not configured. We recommend adding this setting. Falling back to ozone.metadata.dirs instead.
2019-09-20 08:31:18,074 [main] INFO  util.log (Log.java:initialized(192)) - Logging initialized @932ms
2019-09-20 08:31:18,200 [main] INFO  db.DBStoreBuilder (DBStoreBuilder.java:addTable(110)) - using custom profile for table: deletedBlocks
2019-09-20 08:31:18,201 [main] INFO  db.DBStoreBuilder (DBStoreBuilder.java:processTables(161)) - Using default column profile:DBProfile.DISK for Table:deletedBlocks
2019-09-20 08:31:18,202 [main] INFO  db.DBStoreBuilder (DBStoreBuilder.java:addTable(110)) - using custom profile for table: validCerts
2019-09-20 08:31:18,202 [main] INFO  db.DBStoreBuilder (DBStoreBuilder.java:processTables(161)) - Using default column profile:DBProfile.DISK for Table:validCerts
2019-09-20 08:31:18,203 [main] INFO  db.DBStoreBuilder (DBStoreBuilder.java:addTable(110)) - using custom profile for table: revokedCerts
2019-09-20 08:31:18,204 [main] INFO  db.DBStoreBuilder (DBStoreBuilder.java:processTables(161)) - Using default column profile:DBProfile.DISK for Table:revokedCerts
2019-09-20 08:31:18,228 [main] INFO  db.DBStoreBuilder (DBStoreBuilder.java:addTable(110)) - using custom profile for table: default
2019-09-20 08:31:18,228 [main] INFO  db.DBStoreBuilder (DBStoreBuilder.java:processTables(167)) - Using default column profile:DBProfile.DISK for Table:default
2019-09-20 08:31:18,230 [main] INFO  db.DBStoreBuilder (DBStoreBuilder.java:getDbProfile(198)) - Using default options. DBProfile.DISK
2019-09-20 08:31:18,447 [main] INFO  net.NodeSchemaLoader (NodeSchemaLoader.java:loadSchemaFromFile(125)) - Loading file from sun.misc.CompoundEnumeration@3835c46
2019-09-20 08:31:18,449 [main] INFO  net.NodeSchemaLoader (NodeSchemaLoader.java:loadSchema(171)) - Loading network topology layer schema file
2019-09-20 08:31:18,518 [main] WARN  server.ServerUtils (ServerUtils.java:sanitizeUserArgs(70)) - ozone.scm.stale.node.interval value = 300000 is larger than max = 100000 based on the key value of ozone.scm.heartbeat.thread.interval, reset to the max value 100000.
2019-09-20 08:31:18,519 [main] WARN  server.ServerUtils (ServerUtils.java:sanitizeUserArgs(70)) - ozone.scm.stale.node.interval value = 300000 is larger than max = 100000 based on the key value of ozone.scm.heartbeat.thread.interval, reset to the max value 100000.
2019-09-20 08:31:18,522 [main] INFO  node.SCMNodeManager (SCMNodeManager.java:<init>(121)) - Entering startup safe mode.
2019-09-20 08:31:18,594 [main] INFO  algorithms.ContainerPlacementPolicyFactory (ContainerPlacementPolicyFactory.java:getPolicy(56)) - Create container placement policy of type org.apache.hadoop.hdds.scm.container.placement.algorithms.SCMContainerPlacementRandom
2019-09-20 08:31:18,609 [main] WARN  server.ServerUtils (ServerUtils.java:getScmDbDir(145)) - ozone.scm.db.dirs is not configured. We recommend adding this setting. Falling back to ozone.metadata.dirs instead.
2019-09-20 08:31:18,682 [main] INFO  pipeline.SCMPipelineManager (SCMPipelineManager.java:initializePipelineState(126)) - No pipeline exists in current db
2019-09-20 08:31:18,685 [main] WARN  server.ServerUtils (ServerUtils.java:getScmDbDir(145)) - ozone.scm.db.dirs is not configured. We recommend adding this setting. Falling back to ozone.metadata.dirs instead.
2019-09-20 08:31:18,827 [main] WARN  events.EventQueue (EventQueue.java:fireEvent(175)) - No event handler registered for event TypedEvent{payloadType=SafeModeStatus, name='SafeModeStatus'}
2019-09-20 08:31:19,328 [main] INFO  ipc.CallQueueManager (CallQueueManager.java:<init>(84)) - Using callQueue: class java.util.concurrent.LinkedBlockingQueue, queueCapacity: 2000, scheduler: class org.apache.hadoop.ipc.DefaultRpcScheduler, ipcBackoff: false.
2019-09-20 08:31:19,652 [Socket Reader #1 for port 40970] INFO  ipc.Server (Server.java:run(1074)) - Starting Socket Reader #1 for port 40970
2019-09-20 08:31:19,679 [main] INFO  ipc.CallQueueManager (CallQueueManager.java:<init>(84)) - Using callQueue: class java.util.concurrent.LinkedBlockingQueue, queueCapacity: 2000, scheduler: class org.apache.hadoop.ipc.DefaultRpcScheduler, ipcBackoff: false.
2019-09-20 08:31:19,680 [Socket Reader #1 for port 34158] INFO  ipc.Server (Server.java:run(1074)) - Starting Socket Reader #1 for port 34158
2019-09-20 08:31:19,689 [main] INFO  ipc.CallQueueManager (CallQueueManager.java:<init>(84)) - Using callQueue: class java.util.concurrent.LinkedBlockingQueue, queueCapacity: 2000, scheduler: class org.apache.hadoop.ipc.DefaultRpcScheduler, ipcBackoff: false.
2019-09-20 08:31:19,690 [Socket Reader #1 for port 43619] INFO  ipc.Server (Server.java:run(1074)) - Starting Socket Reader #1 for port 43619
2019-09-20 08:31:19,713 [main] INFO  hdfs.DFSUtil (DFSUtil.java:httpServerTemplateForNNAndJN(1641)) - Starting Web-server for scm at: http://0.0.0.0:0
2019-09-20 08:31:19,892 [main] INFO  server.AuthenticationFilter (AuthenticationFilter.java:constructSecretProvider(240)) - Unable to initialize FileSignerSecretProvider, falling back to use random secrets.
2019-09-20 08:31:19,910 [main] WARN  http.HttpRequestLog (HttpRequestLog.java:getRequestLog(97)) - Jetty request log can only be enabled using Log4j
2019-09-20 08:31:19,920 [main] INFO  http.HttpServer2 (HttpServer2.java:addGlobalFilter(975)) - Added global filter 'safety' (class=org.apache.hadoop.http.HttpServer2$QuotingInputFilter)
2019-09-20 08:31:19,923 [main] INFO  http.HttpServer2 (HttpServer2.java:addFilter(948)) - Added filter static_user_filter (class=org.apache.hadoop.http.lib.StaticUserWebFilter$StaticUserFilter) to context scm
2019-09-20 08:31:19,924 [main] INFO  http.HttpServer2 (HttpServer2.java:addFilter(958)) - Added filter static_user_filter (class=org.apache.hadoop.http.lib.StaticUserWebFilter$StaticUserFilter) to context logs
2019-09-20 08:31:19,924 [main] INFO  http.HttpServer2 (HttpServer2.java:addFilter(958)) - Added filter static_user_filter (class=org.apache.hadoop.http.lib.StaticUserWebFilter$StaticUserFilter) to context static
2019-09-20 08:31:19,951 [main] INFO  server.StorageContainerManager (StorageContainerManager.java:start(759)) - StorageContainerLocationProtocol RPC server is listening at /0.0.0.0:43619
2019-09-20 08:31:20,024 [main] WARN  impl.MetricsConfig (MetricsConfig.java:loadFirst(134)) - Cannot locate configuration: tried hadoop-metrics2-storagecontainermanager.properties,hadoop-metrics2.properties
2019-09-20 08:31:20,041 [main] INFO  impl.MetricsSystemImpl (MetricsSystemImpl.java:startTimer(374)) - Scheduled Metric snapshot period at 10 second(s).
2019-09-20 08:31:20,041 [main] INFO  impl.MetricsSystemImpl (MetricsSystemImpl.java:start(191)) - StorageContainerManager metrics system started
2019-09-20 08:31:20,304 [main] INFO  server.SCMClientProtocolServer (SCMClientProtocolServer.java:start(151)) - RPC server for Client  is listening at /0.0.0.0:43619
2019-09-20 08:31:20,305 [IPC Server Responder] INFO  ipc.Server (Server.java:run(1314)) - IPC Server Responder: starting
2019-09-20 08:31:20,305 [IPC Server listener on 43619] INFO  ipc.Server (Server.java:run(1153)) - IPC Server listener on 43619: starting
2019-09-20 08:31:20,308 [main] INFO  server.StorageContainerManager (StorageContainerManager.java:start(769)) - ScmBlockLocationProtocol RPC server is listening at /0.0.0.0:34158
2019-09-20 08:31:20,308 [main] INFO  server.SCMBlockProtocolServer (SCMBlockProtocolServer.java:start(140)) - RPC server for Block Protocol is listening at /0.0.0.0:34158
2019-09-20 08:31:20,308 [IPC Server Responder] INFO  ipc.Server (Server.java:run(1314)) - IPC Server Responder: starting
2019-09-20 08:31:20,308 [IPC Server listener on 34158] INFO  ipc.Server (Server.java:run(1153)) - IPC Server listener on 34158: starting
2019-09-20 08:31:20,311 [main] INFO  server.StorageContainerManager (StorageContainerManager.java:start(773)) - ScmDatanodeProtocl RPC server is listening at /0.0.0.0:40970
2019-09-20 08:31:20,311 [main] INFO  server.SCMDatanodeProtocolServer (SCMDatanodeProtocolServer.java:start(191)) - RPC server for DataNodes is listening at /0.0.0.0:40970
2019-09-20 08:31:20,312 [IPC Server Responder] INFO  ipc.Server (Server.java:run(1314)) - IPC Server Responder: starting
2019-09-20 08:31:20,312 [IPC Server listener on 40970] INFO  ipc.Server (Server.java:run(1153)) - IPC Server listener on 40970: starting
2019-09-20 08:31:20,316 [main] INFO  http.HttpServer2 (HttpServer2.java:bindListener(1191)) - Jetty bound to port 39866
2019-09-20 08:31:20,318 [main] INFO  server.Server (Server.java:doStart(351)) - jetty-9.3.24.v20180605, build timestamp: 2018-06-05T17:11:56Z, git hash: 84205aa28f11a4f31f2a3b86d1bba2cc8ab69827
2019-09-20 08:31:20,353 [main] INFO  handler.ContextHandler (ContextHandler.java:doStart(781)) - Started o.e.j.s.ServletContextHandler@4e70a728{/logs,file:///workdir/hadoop-ozone/tools/target/log,AVAILABLE}
2019-09-20 08:31:20,354 [main] INFO  handler.ContextHandler (ContextHandler.java:doStart(781)) - Started o.e.j.s.ServletContextHandler@1c3146bc{/static,jar:file:/home/user/.m2/repository/org/apache/hadoop/hadoop-hdds-server-scm/0.5.0-SNAPSHOT/hadoop-hdds-server-scm-0.5.0-SNAPSHOT.jar!/webapps/static,AVAILABLE}
2019-09-20 08:31:20,427 [main] INFO  handler.ContextHandler (ContextHandler.java:doStart(781)) - Started o.e.j.w.WebAppContext@72efb5c1{/,file:///tmp/jetty-0.0.0.0-39866-scm-_-any-8213075952326727772.dir/webapp/,AVAILABLE}{/scm}
2019-09-20 08:31:20,432 [main] INFO  server.AbstractConnector (AbstractConnector.java:doStart(278)) - Started ServerConnector@7a0e1b5e{HTTP/1.1,[http/1.1]}{0.0.0.0:39866}
2019-09-20 08:31:20,432 [main] INFO  server.Server (Server.java:doStart(419)) - Started @3290ms
2019-09-20 08:31:20,434 [main] INFO  server.BaseHttpServer (BaseHttpServer.java:updateConnectorAddress(213)) - HTTP server of SCM is listening at http://0.0.0.0:39866
2019-09-20 08:31:20,443 [org.apache.hadoop.util.JvmPauseMonitor$Monitor@15bcf458] INFO  util.JvmPauseMonitor (JvmPauseMonitor.java:run(188)) - Starting JVM pause monitor
2019-09-20 08:31:20,447 [main] WARN  server.ServerUtils (ServerUtils.java:getDBPath(222)) - ozone.om.db.dirs is not configured. We recommend adding this setting. Falling back to ozone.metadata.dirs instead.
2019-09-20 08:31:20,558 [main] WARN  server.ServerUtils (ServerUtils.java:getDBPath(222)) - ozone.om.db.dirs is not configured. We recommend adding this setting. Falling back to ozone.metadata.dirs instead.
2019-09-20 08:31:20,559 [main] WARN  server.ServerUtils (ServerUtils.java:getDBPath(222)) - ozone.om.db.dirs is not configured. We recommend adding this setting. Falling back to ozone.metadata.dirs instead.
2019-09-20 08:31:20,560 [main] INFO  om.OzoneManager (OzoneManager.java:setOMNodeDetails(645)) - OM Service ID is not set. Setting it to the default ID: omServiceIdDefault
2019-09-20 08:31:20,561 [main] INFO  om.OzoneManager (OzoneManager.java:setOMNodeDetails(651)) - OM Node ID is not set. Setting it to the OmStorage's OmID: f064f72f-d765-475a-becc-688165e5d83e
2019-09-20 08:31:20,562 [main] INFO  om.OzoneManager (OzoneManager.java:loadOMHAConfigs(602)) - Found matching OM address with OMServiceId: null, OMNodeId: null, RPC Address: localhost:0 and Ratis port: 9872
2019-09-20 08:31:20,859 | INFO  | SCMAudit | user=jenkins1000 | ip=192.168.34.27 | op=GET_SCM_INFO null | ret=SUCCESS |  
2019-09-20 08:31:21,343 [main] WARN  server.ServerUtils (ServerUtils.java:getDBPath(222)) - ozone.om.db.dirs is not configured. We recommend adding this setting. Falling back to ozone.metadata.dirs instead.
2019-09-20 08:31:21,351 [main] INFO  db.DBStoreBuilder (DBStoreBuilder.java:addTable(110)) - using custom profile for table: userTable
2019-09-20 08:31:21,351 [main] INFO  db.DBStoreBuilder (DBStoreBuilder.java:processTables(161)) - Using default column profile:DBProfile.DISK for Table:userTable
2019-09-20 08:31:21,351 [main] INFO  db.DBStoreBuilder (DBStoreBuilder.java:addTable(110)) - using custom profile for table: volumeTable
2019-09-20 08:31:21,351 [main] INFO  db.DBStoreBuilder (DBStoreBuilder.java:processTables(161)) - Using default column profile:DBProfile.DISK for Table:volumeTable
2019-09-20 08:31:21,352 [main] INFO  db.DBStoreBuilder (DBStoreBuilder.java:addTable(110)) - using custom profile for table: bucketTable
2019-09-20 08:31:21,352 [main] INFO  db.DBStoreBuilder (DBStoreBuilder.java:processTables(161)) - Using default column profile:DBProfile.DISK for Table:bucketTable
2019-09-20 08:31:21,352 [main] INFO  db.DBStoreBuilder (DBStoreBuilder.java:addTable(110)) - using custom profile for table: keyTable
2019-09-20 08:31:21,352 [main] INFO  db.DBStoreBuilder (DBStoreBuilder.java:processTables(161)) - Using default column profile:DBProfile.DISK for Table:keyTable
2019-09-20 08:31:21,352 [main] INFO  db.DBStoreBuilder (DBStoreBuilder.java:addTable(110)) - using custom profile for table: deletedTable
2019-09-20 08:31:21,353 [main] INFO  db.DBStoreBuilder (DBStoreBuilder.java:processTables(161)) - Using default column profile:DBProfile.DISK for Table:deletedTable
2019-09-20 08:31:21,353 [main] INFO  db.DBStoreBuilder (DBStoreBuilder.java:addTable(110)) - using custom profile for table: openKeyTable
2019-09-20 08:31:21,353 [main] INFO  db.DBStoreBuilder (DBStoreBuilder.java:processTables(161)) - Using default column profile:DBProfile.DISK for Table:openKeyTable
2019-09-20 08:31:21,353 [main] INFO  db.DBStoreBuilder (DBStoreBuilder.java:addTable(110)) - using custom profile for table: s3Table
2019-09-20 08:31:21,354 [main] INFO  db.DBStoreBuilder (DBStoreBuilder.java:processTables(161)) - Using default column profile:DBProfile.DISK for Table:s3Table
2019-09-20 08:31:21,354 [main] INFO  db.DBStoreBuilder (DBStoreBuilder.java:addTable(110)) - using custom profile for table: multipartInfoTable
2019-09-20 08:31:21,354 [main] INFO  db.DBStoreBuilder (DBStoreBuilder.java:processTables(161)) - Using default column profile:DBProfile.DISK for Table:multipartInfoTable
2019-09-20 08:31:21,354 [main] INFO  db.DBStoreBuilder (DBStoreBuilder.java:addTable(110)) - using custom profile for table: dTokenTable
2019-09-20 08:31:21,355 [main] INFO  db.DBStoreBuilder (DBStoreBuilder.java:processTables(161)) - Using default column profile:DBProfile.DISK for Table:dTokenTable
2019-09-20 08:31:21,355 [main] INFO  db.DBStoreBuilder (DBStoreBuilder.java:addTable(110)) - using custom profile for table: s3SecretTable
2019-09-20 08:31:21,355 [main] INFO  db.DBStoreBuilder (DBStoreBuilder.java:processTables(161)) - Using default column profile:DBProfile.DISK for Table:s3SecretTable
2019-09-20 08:31:21,355 [main] INFO  db.DBStoreBuilder (DBStoreBuilder.java:addTable(110)) - using custom profile for table: prefixTable
2019-09-20 08:31:21,356 [main] INFO  db.DBStoreBuilder (DBStoreBuilder.java:processTables(161)) - Using default column profile:DBProfile.DISK for Table:prefixTable
2019-09-20 08:31:21,356 [main] INFO  db.DBStoreBuilder (DBStoreBuilder.java:addTable(110)) - using custom profile for table: default
2019-09-20 08:31:21,356 [main] INFO  db.DBStoreBuilder (DBStoreBuilder.java:processTables(167)) - Using default column profile:DBProfile.DISK for Table:default
2019-09-20 08:31:21,356 [main] INFO  db.DBStoreBuilder (DBStoreBuilder.java:getDbProfile(198)) - Using default options. DBProfile.DISK
2019-09-20 08:31:21,875 [main] INFO  ipc.CallQueueManager (CallQueueManager.java:<init>(84)) - Using callQueue: class java.util.concurrent.LinkedBlockingQueue, queueCapacity: 2000, scheduler: class org.apache.hadoop.ipc.DefaultRpcScheduler, ipcBackoff: false.
2019-09-20 08:31:21,876 [Socket Reader #1 for port 35522] INFO  ipc.Server (Server.java:run(1074)) - Starting Socket Reader #1 for port 35522
2019-09-20 08:31:21,901 [main] INFO  om.OzoneManager (OzoneManager.java:start(1256)) - OzoneManager RPC server is listening at localhost/127.0.0.1:35522
2019-09-20 08:31:21,901 [main] INFO  impl.MetricsSystemImpl (MetricsSystemImpl.java:init(158)) - OzoneManager metrics system started (again)
2019-09-20 08:31:21,903 [IPC Server Responder] INFO  ipc.Server (Server.java:run(1314)) - IPC Server Responder: starting
2019-09-20 08:31:21,903 [IPC Server listener on 35522] INFO  ipc.Server (Server.java:run(1153)) - IPC Server listener on 35522: starting
2019-09-20 08:31:21,909 [main] INFO  hdfs.DFSUtil (DFSUtil.java:httpServerTemplateForNNAndJN(1641)) - Starting Web-server for ozoneManager at: http://0.0.0.0:0
2019-09-20 08:31:21,912 [main] INFO  server.AuthenticationFilter (AuthenticationFilter.java:constructSecretProvider(240)) - Unable to initialize FileSignerSecretProvider, falling back to use random secrets.
2019-09-20 08:31:21,912 [main] WARN  http.HttpRequestLog (HttpRequestLog.java:getRequestLog(97)) - Jetty request log can only be enabled using Log4j
2019-09-20 08:31:22,114 [main] INFO  http.HttpServer2 (HttpServer2.java:addGlobalFilter(975)) - Added global filter 'safety' (class=org.apache.hadoop.http.HttpServer2$QuotingInputFilter)
2019-09-20 08:31:22,116 [main] INFO  http.HttpServer2 (HttpServer2.java:addFilter(948)) - Added filter static_user_filter (class=org.apache.hadoop.http.lib.StaticUserWebFilter$StaticUserFilter) to context ozoneManager
2019-09-20 08:31:22,116 [main] INFO  http.HttpServer2 (HttpServer2.java:addFilter(958)) - Added filter static_user_filter (class=org.apache.hadoop.http.lib.StaticUserWebFilter$StaticUserFilter) to context logs
2019-09-20 08:31:22,117 [main] INFO  http.HttpServer2 (HttpServer2.java:addFilter(958)) - Added filter static_user_filter (class=org.apache.hadoop.http.lib.StaticUserWebFilter$StaticUserFilter) to context static
2019-09-20 08:31:22,123 [main] INFO  http.HttpServer2 (HttpServer2.java:bindListener(1191)) - Jetty bound to port 42923
2019-09-20 08:31:22,123 [main] INFO  server.Server (Server.java:doStart(351)) - jetty-9.3.24.v20180605, build timestamp: 2018-06-05T17:11:56Z, git hash: 84205aa28f11a4f31f2a3b86d1bba2cc8ab69827
2019-09-20 08:31:22,127 [main] INFO  handler.ContextHandler (ContextHandler.java:doStart(781)) - Started o.e.j.s.ServletContextHandler@782168b7{/logs,file:///workdir/hadoop-ozone/tools/target/log,AVAILABLE}
2019-09-20 08:31:22,128 [main] INFO  handler.ContextHandler (ContextHandler.java:doStart(781)) - Started o.e.j.s.ServletContextHandler@7435a578{/static,jar:file:/home/user/.m2/repository/org/apache/hadoop/hadoop-ozone-ozone-manager/0.5.0-SNAPSHOT/hadoop-ozone-ozone-manager-0.5.0-SNAPSHOT.jar!/webapps/static,AVAILABLE}
2019-09-20 08:31:22,209 [main] INFO  handler.ContextHandler (ContextHandler.java:doStart(781)) - Started o.e.j.w.WebAppContext@10876a6{/,file:///tmp/jetty-0.0.0.0-42923-ozoneManager-_-any-6673216431449871589.dir/webapp/,AVAILABLE}{/ozoneManager}
2019-09-20 08:31:22,210 [main] INFO  server.AbstractConnector (AbstractConnector.java:doStart(278)) - Started ServerConnector@71870da7{HTTP/1.1,[http/1.1]}{0.0.0.0:42923}
2019-09-20 08:31:22,211 [main] INFO  server.Server (Server.java:doStart(419)) - Started @5068ms
2019-09-20 08:31:22,213 [main] INFO  server.BaseHttpServer (BaseHttpServer.java:updateConnectorAddress(213)) - HTTP server of OZONEMANAGER is listening at http://0.0.0.0:42923
2019-09-20 08:31:22,415 [main] INFO  impl.MetricsSystemImpl (MetricsSystemImpl.java:init(158)) - HddsDatanode metrics system started (again)
2019-09-20 08:31:22,508 [main] INFO  ozone.HddsDatanodeService (HddsDatanodeService.java:start(184)) - HddsDatanodeService host:pr-hdds-1569-6tbh6-3362816358 ip:192.168.34.27
2019-09-20 08:31:22,545 [main] INFO  volume.HddsVolume (HddsVolume.java:<init>(176)) - Creating Volume: /workdir/hadoop-ozone/tools/target/test-dir/MiniOzoneClusterImpl-40b1a39e-a15e-4017-a8bd-88793379a06c/datanode-0/data/containers/hdds of  storage type : DISK and capacity : 1482555576320
2019-09-20 08:31:22,547 [main] INFO  volume.VolumeSet (VolumeSet.java:initializeVolumeSet(170)) - Added Volume : /workdir/hadoop-ozone/tools/target/test-dir/MiniOzoneClusterImpl-40b1a39e-a15e-4017-a8bd-88793379a06c/datanode-0/data/containers/hdds to VolumeSet
2019-09-20 08:31:22,550 [main] INFO  volume.ThrottledAsyncChecker (ThrottledAsyncChecker.java:schedule(140)) - Scheduling a check for org.apache.hadoop.ozone.container.common.volume.HddsVolume@ce9b9a9
2019-09-20 08:31:22,568 [main] INFO  volume.HddsVolumeChecker (HddsVolumeChecker.java:checkAllVolumes(203)) - Scheduled health check for volume org.apache.hadoop.ozone.container.common.volume.HddsVolume@ce9b9a9
2019-09-20 08:31:22,690 [main] INFO  impl.RaftServerProxy (ConfUtils.java:logGet(43)) - raft.rpc.type = GRPC (default)
2019-09-20 08:31:22,760 [main] INFO  grpc.GrpcFactory (GrpcFactory.java:checkPooledByteBufAllocatorUseCacheForAllThreads(45)) - PERFORMANCE WARNING: useCacheForAllThreads is true that may cause Netty to create a lot garbage objects and, as a result, trigger GC.
	It is recommended to disable useCacheForAllThreads by setting -Dorg.apache.ratis.thirdparty.io.netty.allocator.useCacheForAllThreads=false in command line.
2019-09-20 08:31:22,764 [main] INFO  grpc.GrpcConfigKeys$Server (ConfUtils.java:logGet(43)) - raft.grpc.server.port = 0 (default)
2019-09-20 08:31:22,765 [main] INFO  server.GrpcService (ConfUtils.java:logGet(43)) - raft.grpc.message.size.max = 33570816 (custom)
2019-09-20 08:31:22,767 [main] INFO  server.RaftServerConfigKeys (ConfUtils.java:logGet(43)) - raft.server.log.appender.buffer.byte-limit = 33554432 (custom)
2019-09-20 08:31:22,768 [main] INFO  server.GrpcService (ConfUtils.java:logGet(43)) - raft.grpc.flow.control.window = 1MB (=1048576) (default)
2019-09-20 08:31:22,768 [main] INFO  server.RaftServerConfigKeys (ConfUtils.java:logGet(43)) - raft.server.rpc.request.timeout = 3000ms (default)
2019-09-20 08:31:22,930 [main] INFO  server.RaftServerConfigKeys (ConfUtils.java:logGet(43)) - raft.server.storage.dir = [/workdir/hadoop-ozone/tools/target/test-dir/MiniOzoneClusterImpl-40b1a39e-a15e-4017-a8bd-88793379a06c/datanode-0/data/ratis] (custom)
2019-09-20 08:31:22,967 [main] INFO  replication.SimpleContainerDownloader (SimpleContainerDownloader.java:<init>(72)) - Starting container downloader service to copy containers to replicate.
2019-09-20 08:31:22,981 [main] INFO  hdfs.DFSUtil (DFSUtil.java:httpServerTemplateForNNAndJN(1641)) - Starting Web-server for hddsDatanode at: http://0.0.0.0:0
2019-09-20 08:31:22,984 [main] INFO  server.AuthenticationFilter (AuthenticationFilter.java:constructSecretProvider(240)) - Unable to initialize FileSignerSecretProvider, falling back to use random secrets.
2019-09-20 08:31:22,984 [main] WARN  http.HttpRequestLog (HttpRequestLog.java:getRequestLog(97)) - Jetty request log can only be enabled using Log4j
2019-09-20 08:31:22,986 [main] INFO  http.HttpServer2 (HttpServer2.java:addGlobalFilter(975)) - Added global filter 'safety' (class=org.apache.hadoop.http.HttpServer2$QuotingInputFilter)
2019-09-20 08:31:22,987 [main] INFO  http.HttpServer2 (HttpServer2.java:addFilter(948)) - Added filter static_user_filter (class=org.apache.hadoop.http.lib.StaticUserWebFilter$StaticUserFilter) to context hddsDatanode
2019-09-20 08:31:22,987 [main] INFO  http.HttpServer2 (HttpServer2.java:addFilter(958)) - Added filter static_user_filter (class=org.apache.hadoop.http.lib.StaticUserWebFilter$StaticUserFilter) to context logs
2019-09-20 08:31:22,987 [main] INFO  http.HttpServer2 (HttpServer2.java:addFilter(958)) - Added filter static_user_filter (class=org.apache.hadoop.http.lib.StaticUserWebFilter$StaticUserFilter) to context static
2019-09-20 08:31:22,989 [main] INFO  http.HttpServer2 (HttpServer2.java:bindListener(1191)) - Jetty bound to port 37753
2019-09-20 08:31:22,989 [main] INFO  server.Server (Server.java:doStart(351)) - jetty-9.3.24.v20180605, build timestamp: 2018-06-05T17:11:56Z, git hash: 84205aa28f11a4f31f2a3b86d1bba2cc8ab69827
2019-09-20 08:31:22,991 [main] INFO  handler.ContextHandler (ContextHandler.java:doStart(781)) - Started o.e.j.s.ServletContextHandler@75d982d3{/logs,file:///workdir/hadoop-ozone/tools/target/log,AVAILABLE}
2019-09-20 08:31:22,992 [main] INFO  handler.ContextHandler (ContextHandler.java:doStart(781)) - Started o.e.j.s.ServletContextHandler@618ff5c2{/static,jar:file:/home/user/.m2/repository/org/apache/hadoop/hadoop-hdds-container-service/0.5.0-SNAPSHOT/hadoop-hdds-container-service-0.5.0-SNAPSHOT.jar!/webapps/static,AVAILABLE}
2019-09-20 08:31:23,022 [main] INFO  handler.ContextHandler (ContextHandler.java:doStart(781)) - Started o.e.j.w.WebAppContext@74ea46e2{/,file:///tmp/jetty-0.0.0.0-37753-hddsDatanode-_-any-7347940237903035655.dir/webapp/,AVAILABLE}{/hddsDatanode}
2019-09-20 08:31:23,022 [main] INFO  server.AbstractConnector (AbstractConnector.java:doStart(278)) - Started ServerConnector@6f911326{HTTP/1.1,[http/1.1]}{0.0.0.0:37753}
2019-09-20 08:31:23,023 [main] INFO  server.Server (Server.java:doStart(419)) - Started @5881ms
2019-09-20 08:31:23,025 [main] INFO  server.BaseHttpServer (BaseHttpServer.java:updateConnectorAddress(213)) - HTTP server of HDDSDATANODE is listening at http://0.0.0.0:37753
2019-09-20 08:31:24,212 | INFO  | ObjectStoreRestHttpServer | Listening HDDS REST traffic on /0.0.0.0:36437 |  
2019-09-20 08:31:24,214 [main] INFO  ozone.HddsDatanodeService (HddsDatanodeService.java:startPlugins(395)) - Started plug-in org.apache.hadoop.ozone.web.OzoneHddsDatanodeService@644d1b61
2019-09-20 08:31:24,215 [main] INFO  impl.MetricsSystemImpl (MetricsSystemImpl.java:init(158)) - HddsDatanode metrics system started (again)
2019-09-20 08:31:24,219 [main] INFO  ozone.HddsDatanodeService (HddsDatanodeService.java:start(184)) - HddsDatanodeService host:pr-hdds-1569-6tbh6-3362816358 ip:192.168.34.27
2019-09-20 08:31:24,223 [org.apache.hadoop.util.JvmPauseMonitor$Monitor@63c2a9cd] INFO  util.JvmPauseMonitor (JvmPauseMonitor.java:run(188)) - Starting JVM pause monitor
2019-09-20 08:31:24,227 [main] INFO  volume.HddsVolume (HddsVolume.java:<init>(176)) - Creating Volume: /workdir/hadoop-ozone/tools/target/test-dir/MiniOzoneClusterImpl-40b1a39e-a15e-4017-a8bd-88793379a06c/datanode-1/data/containers/hdds of  storage type : DISK and capacity : 1482555576320
2019-09-20 08:31:24,228 [main] INFO  volume.VolumeSet (VolumeSet.java:initializeVolumeSet(170)) - Added Volume : /workdir/hadoop-ozone/tools/target/test-dir/MiniOzoneClusterImpl-40b1a39e-a15e-4017-a8bd-88793379a06c/datanode-1/data/containers/hdds to VolumeSet
2019-09-20 08:31:24,228 [main] INFO  volume.ThrottledAsyncChecker (ThrottledAsyncChecker.java:schedule(140)) - Scheduling a check for org.apache.hadoop.ozone.container.common.volume.HddsVolume@79627d27
2019-09-20 08:31:24,228 [main] INFO  volume.HddsVolumeChecker (HddsVolumeChecker.java:checkAllVolumes(203)) - Scheduled health check for volume org.apache.hadoop.ozone.container.common.volume.HddsVolume@79627d27
2019-09-20 08:31:24,246 [main] INFO  impl.RaftServerProxy (ConfUtils.java:logGet(43)) - raft.rpc.type = GRPC (default)
2019-09-20 08:31:24,246 [main] INFO  grpc.GrpcFactory (GrpcFactory.java:checkPooledByteBufAllocatorUseCacheForAllThreads(45)) - PERFORMANCE WARNING: useCacheForAllThreads is true that may cause Netty to create a lot garbage objects and, as a result, trigger GC.
	It is recommended to disable useCacheForAllThreads by setting -Dorg.apache.ratis.thirdparty.io.netty.allocator.useCacheForAllThreads=false in command line.
2019-09-20 08:31:24,246 [main] INFO  grpc.GrpcConfigKeys$Server (ConfUtils.java:logGet(43)) - raft.grpc.server.port = 0 (default)
2019-09-20 08:31:24,248 [main] INFO  server.GrpcService (ConfUtils.java:logGet(43)) - raft.grpc.message.size.max = 33570816 (custom)
2019-09-20 08:31:24,249 [main] INFO  server.RaftServerConfigKeys (ConfUtils.java:logGet(43)) - raft.server.log.appender.buffer.byte-limit = 33554432 (custom)
2019-09-20 08:31:24,250 [main] INFO  server.GrpcService (ConfUtils.java:logGet(43)) - raft.grpc.flow.control.window = 1MB (=1048576) (default)
2019-09-20 08:31:24,250 [main] INFO  server.RaftServerConfigKeys (ConfUtils.java:logGet(43)) - raft.server.rpc.request.timeout = 3000ms (default)
2019-09-20 08:31:24,250 [main] INFO  server.RaftServerConfigKeys (ConfUtils.java:logGet(43)) - raft.server.storage.dir = [/workdir/hadoop-ozone/tools/target/test-dir/MiniOzoneClusterImpl-40b1a39e-a15e-4017-a8bd-88793379a06c/datanode-1/data/ratis] (custom)
2019-09-20 08:31:24,251 [main] INFO  replication.SimpleContainerDownloader (SimpleContainerDownloader.java:<init>(72)) - Starting container downloader service to copy containers to replicate.
2019-09-20 08:31:24,252 [main] INFO  hdfs.DFSUtil (DFSUtil.java:httpServerTemplateForNNAndJN(1641)) - Starting Web-server for hddsDatanode at: http://0.0.0.0:0
2019-09-20 08:31:24,254 [main] INFO  server.AuthenticationFilter (AuthenticationFilter.java:constructSecretProvider(240)) - Unable to initialize FileSignerSecretProvider, falling back to use random secrets.
2019-09-20 08:31:24,255 [main] WARN  http.HttpRequestLog (HttpRequestLog.java:getRequestLog(97)) - Jetty request log can only be enabled using Log4j
2019-09-20 08:31:24,256 [main] INFO  http.HttpServer2 (HttpServer2.java:addGlobalFilter(975)) - Added global filter 'safety' (class=org.apache.hadoop.http.HttpServer2$QuotingInputFilter)
2019-09-20 08:31:24,257 [main] INFO  http.HttpServer2 (HttpServer2.java:addFilter(948)) - Added filter static_user_filter (class=org.apache.hadoop.http.lib.StaticUserWebFilter$StaticUserFilter) to context hddsDatanode
2019-09-20 08:31:24,257 [main] INFO  http.HttpServer2 (HttpServer2.java:addFilter(958)) - Added filter static_user_filter (class=org.apache.hadoop.http.lib.StaticUserWebFilter$StaticUserFilter) to context logs
2019-09-20 08:31:24,257 [main] INFO  http.HttpServer2 (HttpServer2.java:addFilter(958)) - Added filter static_user_filter (class=org.apache.hadoop.http.lib.StaticUserWebFilter$StaticUserFilter) to context static
2019-09-20 08:31:24,257 [main] INFO  http.HttpServer2 (HttpServer2.java:bindListener(1191)) - Jetty bound to port 40421
2019-09-20 08:31:24,258 [main] INFO  server.Server (Server.java:doStart(351)) - jetty-9.3.24.v20180605, build timestamp: 2018-06-05T17:11:56Z, git hash: 84205aa28f11a4f31f2a3b86d1bba2cc8ab69827
2019-09-20 08:31:24,261 [main] INFO  handler.ContextHandler (ContextHandler.java:doStart(781)) - Started o.e.j.s.ServletContextHandler@608cd501{/logs,file:///workdir/hadoop-ozone/tools/target/log,AVAILABLE}
2019-09-20 08:31:24,261 [main] INFO  handler.ContextHandler (ContextHandler.java:doStart(781)) - Started o.e.j.s.ServletContextHandler@59096b66{/static,jar:file:/home/user/.m2/repository/org/apache/hadoop/hadoop-hdds-container-service/0.5.0-SNAPSHOT/hadoop-hdds-container-service-0.5.0-SNAPSHOT.jar!/webapps/static,AVAILABLE}
2019-09-20 08:31:24,288 [main] INFO  handler.ContextHandler (ContextHandler.java:doStart(781)) - Started o.e.j.w.WebAppContext@6fa02932{/,file:///tmp/jetty-0.0.0.0-40421-hddsDatanode-_-any-5571352162542065070.dir/webapp/,AVAILABLE}{/hddsDatanode}
2019-09-20 08:31:24,288 [main] INFO  server.AbstractConnector (AbstractConnector.java:doStart(278)) - Started ServerConnector@61608e1a{HTTP/1.1,[http/1.1]}{0.0.0.0:40421}
2019-09-20 08:31:24,289 [main] INFO  server.Server (Server.java:doStart(419)) - Started @7146ms
2019-09-20 08:31:24,290 [main] INFO  server.BaseHttpServer (BaseHttpServer.java:updateConnectorAddress(213)) - HTTP server of HDDSDATANODE is listening at http://0.0.0.0:40421
2019-09-20 08:31:24,341 [Datanode State Machine Thread - 0] INFO  datanode.InitDatanodeState (InitDatanodeState.java:persistContainerDatanodeDetails(140)) - DatanodeDetails is persisted to /workdir/hadoop-ozone/tools/target/test-dir/MiniOzoneClusterImpl-40b1a39e-a15e-4017-a8bd-88793379a06c/datanode-0/meta/datanode.id
2019-09-20 08:31:24,491 | INFO  | ObjectStoreRestHttpServer | Listening HDDS REST traffic on /0.0.0.0:43662 |  
2019-09-20 08:31:24,491 [main] INFO  ozone.HddsDatanodeService (HddsDatanodeService.java:startPlugins(395)) - Started plug-in org.apache.hadoop.ozone.web.OzoneHddsDatanodeService@68ea253b
2019-09-20 08:31:24,491 [main] INFO  impl.MetricsSystemImpl (MetricsSystemImpl.java:init(158)) - HddsDatanode metrics system started (again)
2019-09-20 08:31:24,495 [main] INFO  ozone.HddsDatanodeService (HddsDatanodeService.java:start(184)) - HddsDatanodeService host:pr-hdds-1569-6tbh6-3362816358 ip:192.168.34.27
2019-09-20 08:31:24,495 [org.apache.hadoop.util.JvmPauseMonitor$Monitor@7dd6aabe] INFO  util.JvmPauseMonitor (JvmPauseMonitor.java:run(188)) - Starting JVM pause monitor
2019-09-20 08:31:24,507 [main] INFO  volume.HddsVolume (HddsVolume.java:<init>(176)) - Creating Volume: /workdir/hadoop-ozone/tools/target/test-dir/MiniOzoneClusterImpl-40b1a39e-a15e-4017-a8bd-88793379a06c/datanode-2/data/containers/hdds of  storage type : DISK and capacity : 1482555576320
2019-09-20 08:31:24,507 [main] INFO  volume.VolumeSet (VolumeSet.java:initializeVolumeSet(170)) - Added Volume : /workdir/hadoop-ozone/tools/target/test-dir/MiniOzoneClusterImpl-40b1a39e-a15e-4017-a8bd-88793379a06c/datanode-2/data/containers/hdds to VolumeSet
2019-09-20 08:31:24,507 [main] INFO  volume.ThrottledAsyncChecker (ThrottledAsyncChecker.java:schedule(140)) - Scheduling a check for org.apache.hadoop.ozone.container.common.volume.HddsVolume@474749b8
2019-09-20 08:31:24,507 [Datanode State Machine Thread - 0] INFO  datanode.InitDatanodeState (InitDatanodeState.java:persistContainerDatanodeDetails(140)) - DatanodeDetails is persisted to /workdir/hadoop-ozone/tools/target/test-dir/MiniOzoneClusterImpl-40b1a39e-a15e-4017-a8bd-88793379a06c/datanode-1/meta/datanode.id
2019-09-20 08:31:24,508 [main] INFO  volume.HddsVolumeChecker (HddsVolumeChecker.java:checkAllVolumes(203)) - Scheduled health check for volume org.apache.hadoop.ozone.container.common.volume.HddsVolume@474749b8
2019-09-20 08:31:24,527 [main] INFO  impl.RaftServerProxy (ConfUtils.java:logGet(43)) - raft.rpc.type = GRPC (default)
2019-09-20 08:31:24,528 [main] INFO  grpc.GrpcFactory (GrpcFactory.java:checkPooledByteBufAllocatorUseCacheForAllThreads(45)) - PERFORMANCE WARNING: useCacheForAllThreads is true that may cause Netty to create a lot garbage objects and, as a result, trigger GC.
	It is recommended to disable useCacheForAllThreads by setting -Dorg.apache.ratis.thirdparty.io.netty.allocator.useCacheForAllThreads=false in command line.
2019-09-20 08:31:24,528 [main] INFO  grpc.GrpcConfigKeys$Server (ConfUtils.java:logGet(43)) - raft.grpc.server.port = 0 (default)
2019-09-20 08:31:24,528 [main] INFO  server.GrpcService (ConfUtils.java:logGet(43)) - raft.grpc.message.size.max = 33570816 (custom)
2019-09-20 08:31:24,528 [main] INFO  server.RaftServerConfigKeys (ConfUtils.java:logGet(43)) - raft.server.log.appender.buffer.byte-limit = 33554432 (custom)
2019-09-20 08:31:24,529 [main] INFO  server.GrpcService (ConfUtils.java:logGet(43)) - raft.grpc.flow.control.window = 1MB (=1048576) (default)
2019-09-20 08:31:24,529 [main] INFO  server.RaftServerConfigKeys (ConfUtils.java:logGet(43)) - raft.server.rpc.request.timeout = 3000ms (default)
2019-09-20 08:31:24,530 [main] INFO  server.RaftServerConfigKeys (ConfUtils.java:logGet(43)) - raft.server.storage.dir = [/workdir/hadoop-ozone/tools/target/test-dir/MiniOzoneClusterImpl-40b1a39e-a15e-4017-a8bd-88793379a06c/datanode-2/data/ratis] (custom)
2019-09-20 08:31:24,531 [main] INFO  replication.SimpleContainerDownloader (SimpleContainerDownloader.java:<init>(72)) - Starting container downloader service to copy containers to replicate.
2019-09-20 08:31:24,532 [main] INFO  hdfs.DFSUtil (DFSUtil.java:httpServerTemplateForNNAndJN(1641)) - Starting Web-server for hddsDatanode at: http://0.0.0.0:0
2019-09-20 08:31:24,534 [main] INFO  server.AuthenticationFilter (AuthenticationFilter.java:constructSecretProvider(240)) - Unable to initialize FileSignerSecretProvider, falling back to use random secrets.
2019-09-20 08:31:24,535 [main] WARN  http.HttpRequestLog (HttpRequestLog.java:getRequestLog(97)) - Jetty request log can only be enabled using Log4j
2019-09-20 08:31:24,538 [main] INFO  http.HttpServer2 (HttpServer2.java:addGlobalFilter(975)) - Added global filter 'safety' (class=org.apache.hadoop.http.HttpServer2$QuotingInputFilter)
2019-09-20 08:31:24,539 [main] INFO  http.HttpServer2 (HttpServer2.java:addFilter(948)) - Added filter static_user_filter (class=org.apache.hadoop.http.lib.StaticUserWebFilter$StaticUserFilter) to context hddsDatanode
2019-09-20 08:31:24,540 [main] INFO  http.HttpServer2 (HttpServer2.java:addFilter(958)) - Added filter static_user_filter (class=org.apache.hadoop.http.lib.StaticUserWebFilter$StaticUserFilter) to context logs
2019-09-20 08:31:24,540 [main] INFO  http.HttpServer2 (HttpServer2.java:addFilter(958)) - Added filter static_user_filter (class=org.apache.hadoop.http.lib.StaticUserWebFilter$StaticUserFilter) to context static
2019-09-20 08:31:24,541 [main] INFO  http.HttpServer2 (HttpServer2.java:bindListener(1191)) - Jetty bound to port 43855
2019-09-20 08:31:24,541 [main] INFO  server.Server (Server.java:doStart(351)) - jetty-9.3.24.v20180605, build timestamp: 2018-06-05T17:11:56Z, git hash: 84205aa28f11a4f31f2a3b86d1bba2cc8ab69827
2019-09-20 08:31:24,544 [main] INFO  handler.ContextHandler (ContextHandler.java:doStart(781)) - Started o.e.j.s.ServletContextHandler@5db948c9{/logs,file:///workdir/hadoop-ozone/tools/target/log,AVAILABLE}
2019-09-20 08:31:24,545 [main] INFO  handler.ContextHandler (ContextHandler.java:doStart(781)) - Started o.e.j.s.ServletContextHandler@357c9bd9{/static,jar:file:/home/user/.m2/repository/org/apache/hadoop/hadoop-hdds-container-service/0.5.0-SNAPSHOT/hadoop-hdds-container-service-0.5.0-SNAPSHOT.jar!/webapps/static,AVAILABLE}
2019-09-20 08:31:24,590 [main] INFO  handler.ContextHandler (ContextHandler.java:doStart(781)) - Started o.e.j.w.WebAppContext@3a3b10f4{/,file:///tmp/jetty-0.0.0.0-43855-hddsDatanode-_-any-2855041798502639706.dir/webapp/,AVAILABLE}{/hddsDatanode}
2019-09-20 08:31:24,591 [main] INFO  server.AbstractConnector (AbstractConnector.java:doStart(278)) - Started ServerConnector@49580ca8{HTTP/1.1,[http/1.1]}{0.0.0.0:43855}
2019-09-20 08:31:24,592 [main] INFO  server.Server (Server.java:doStart(419)) - Started @7449ms
2019-09-20 08:31:24,593 [main] INFO  server.BaseHttpServer (BaseHttpServer.java:updateConnectorAddress(213)) - HTTP server of HDDSDATANODE is listening at http://0.0.0.0:43855
2019-09-20 08:31:24,772 | INFO  | ObjectStoreRestHttpServer | Listening HDDS REST traffic on /0.0.0.0:46423 |  
2019-09-20 08:31:24,773 [main] INFO  ozone.HddsDatanodeService (HddsDatanodeService.java:startPlugins(395)) - Started plug-in org.apache.hadoop.ozone.web.OzoneHddsDatanodeService@637c840d
2019-09-20 08:31:24,773 [main] INFO  impl.MetricsSystemImpl (MetricsSystemImpl.java:init(158)) - HddsDatanode metrics system started (again)
2019-09-20 08:31:24,776 [main] INFO  ozone.HddsDatanodeService (HddsDatanodeService.java:start(184)) - HddsDatanodeService host:pr-hdds-1569-6tbh6-3362816358 ip:192.168.34.27
2019-09-20 08:31:24,776 [org.apache.hadoop.util.JvmPauseMonitor$Monitor@7c35be9c] INFO  util.JvmPauseMonitor (JvmPauseMonitor.java:run(188)) - Starting JVM pause monitor
2019-09-20 08:31:24,778 [Datanode State Machine Thread - 0] INFO  datanode.InitDatanodeState (InitDatanodeState.java:persistContainerDatanodeDetails(140)) - DatanodeDetails is persisted to /workdir/hadoop-ozone/tools/target/test-dir/MiniOzoneClusterImpl-40b1a39e-a15e-4017-a8bd-88793379a06c/datanode-2/meta/datanode.id
2019-09-20 08:31:24,784 [main] INFO  volume.HddsVolume (HddsVolume.java:<init>(176)) - Creating Volume: /workdir/hadoop-ozone/tools/target/test-dir/MiniOzoneClusterImpl-40b1a39e-a15e-4017-a8bd-88793379a06c/datanode-3/data/containers/hdds of  storage type : DISK and capacity : 1482555576320
2019-09-20 08:31:24,784 [main] INFO  volume.VolumeSet (VolumeSet.java:initializeVolumeSet(170)) - Added Volume : /workdir/hadoop-ozone/tools/target/test-dir/MiniOzoneClusterImpl-40b1a39e-a15e-4017-a8bd-88793379a06c/datanode-3/data/containers/hdds to VolumeSet
2019-09-20 08:31:24,785 [main] INFO  volume.ThrottledAsyncChecker (ThrottledAsyncChecker.java:schedule(140)) - Scheduling a check for org.apache.hadoop.ozone.container.common.volume.HddsVolume@615db358
2019-09-20 08:31:24,786 [main] INFO  volume.HddsVolumeChecker (HddsVolumeChecker.java:checkAllVolumes(203)) - Scheduled health check for volume org.apache.hadoop.ozone.container.common.volume.HddsVolume@615db358
2019-09-20 08:31:24,810 [main] INFO  impl.RaftServerProxy (ConfUtils.java:logGet(43)) - raft.rpc.type = GRPC (default)
2019-09-20 08:31:24,811 [main] INFO  grpc.GrpcFactory (GrpcFactory.java:checkPooledByteBufAllocatorUseCacheForAllThreads(45)) - PERFORMANCE WARNING: useCacheForAllThreads is true that may cause Netty to create a lot garbage objects and, as a result, trigger GC.
	It is recommended to disable useCacheForAllThreads by setting -Dorg.apache.ratis.thirdparty.io.netty.allocator.useCacheForAllThreads=false in command line.
2019-09-20 08:31:24,811 [main] INFO  grpc.GrpcConfigKeys$Server (ConfUtils.java:logGet(43)) - raft.grpc.server.port = 0 (default)
2019-09-20 08:31:24,812 [main] INFO  server.GrpcService (ConfUtils.java:logGet(43)) - raft.grpc.message.size.max = 33570816 (custom)
2019-09-20 08:31:24,812 [main] INFO  server.RaftServerConfigKeys (ConfUtils.java:logGet(43)) - raft.server.log.appender.buffer.byte-limit = 33554432 (custom)
2019-09-20 08:31:24,812 [main] INFO  server.GrpcService (ConfUtils.java:logGet(43)) - raft.grpc.flow.control.window = 1MB (=1048576) (default)
2019-09-20 08:31:24,813 [main] INFO  server.RaftServerConfigKeys (ConfUtils.java:logGet(43)) - raft.server.rpc.request.timeout = 3000ms (default)
2019-09-20 08:31:24,814 [main] INFO  server.RaftServerConfigKeys (ConfUtils.java:logGet(43)) - raft.server.storage.dir = [/workdir/hadoop-ozone/tools/target/test-dir/MiniOzoneClusterImpl-40b1a39e-a15e-4017-a8bd-88793379a06c/datanode-3/data/ratis] (custom)
2019-09-20 08:31:24,814 [main] INFO  replication.SimpleContainerDownloader (SimpleContainerDownloader.java:<init>(72)) - Starting container downloader service to copy containers to replicate.
2019-09-20 08:31:24,816 [main] INFO  hdfs.DFSUtil (DFSUtil.java:httpServerTemplateForNNAndJN(1641)) - Starting Web-server for hddsDatanode at: http://0.0.0.0:0
2019-09-20 08:31:24,819 [main] INFO  server.AuthenticationFilter (AuthenticationFilter.java:constructSecretProvider(240)) - Unable to initialize FileSignerSecretProvider, falling back to use random secrets.
2019-09-20 08:31:24,820 [main] WARN  http.HttpRequestLog (HttpRequestLog.java:getRequestLog(97)) - Jetty request log can only be enabled using Log4j
2019-09-20 08:31:24,822 [main] INFO  http.HttpServer2 (HttpServer2.java:addGlobalFilter(975)) - Added global filter 'safety' (class=org.apache.hadoop.http.HttpServer2$QuotingInputFilter)
2019-09-20 08:31:24,823 [main] INFO  http.HttpServer2 (HttpServer2.java:addFilter(948)) - Added filter static_user_filter (class=org.apache.hadoop.http.lib.StaticUserWebFilter$StaticUserFilter) to context hddsDatanode
2019-09-20 08:31:24,824 [main] INFO  http.HttpServer2 (HttpServer2.java:addFilter(958)) - Added filter static_user_filter (class=org.apache.hadoop.http.lib.StaticUserWebFilter$StaticUserFilter) to context logs
2019-09-20 08:31:24,824 [main] INFO  http.HttpServer2 (HttpServer2.java:addFilter(958)) - Added filter static_user_filter (class=org.apache.hadoop.http.lib.StaticUserWebFilter$StaticUserFilter) to context static
2019-09-20 08:31:24,825 [main] INFO  http.HttpServer2 (HttpServer2.java:bindListener(1191)) - Jetty bound to port 32802
2019-09-20 08:31:24,825 [main] INFO  server.Server (Server.java:doStart(351)) - jetty-9.3.24.v20180605, build timestamp: 2018-06-05T17:11:56Z, git hash: 84205aa28f11a4f31f2a3b86d1bba2cc8ab69827
2019-09-20 08:31:24,830 [main] INFO  handler.ContextHandler (ContextHandler.java:doStart(781)) - Started o.e.j.s.ServletContextHandler@de77146{/logs,file:///workdir/hadoop-ozone/tools/target/log,AVAILABLE}
2019-09-20 08:31:24,830 [main] INFO  handler.ContextHandler (ContextHandler.java:doStart(781)) - Started o.e.j.s.ServletContextHandler@5cfed0ba{/static,jar:file:/home/user/.m2/repository/org/apache/hadoop/hadoop-hdds-container-service/0.5.0-SNAPSHOT/hadoop-hdds-container-service-0.5.0-SNAPSHOT.jar!/webapps/static,AVAILABLE}
2019-09-20 08:31:24,873 [main] INFO  handler.ContextHandler (ContextHandler.java:doStart(781)) - Started o.e.j.w.WebAppContext@6de43bc1{/,file:///tmp/jetty-0.0.0.0-32802-hddsDatanode-_-any-4198282850211495163.dir/webapp/,AVAILABLE}{/hddsDatanode}
2019-09-20 08:31:24,875 [main] INFO  server.AbstractConnector (AbstractConnector.java:doStart(278)) - Started ServerConnector@27a9f025{HTTP/1.1,[http/1.1]}{0.0.0.0:32802}
2019-09-20 08:31:24,875 [main] INFO  server.Server (Server.java:doStart(419)) - Started @7732ms
2019-09-20 08:31:24,876 [main] INFO  server.BaseHttpServer (BaseHttpServer.java:updateConnectorAddress(213)) - HTTP server of HDDSDATANODE is listening at http://0.0.0.0:32802
2019-09-20 08:31:25,013 | INFO  | ObjectStoreRestHttpServer | Listening HDDS REST traffic on /0.0.0.0:44689 |  
2019-09-20 08:31:25,014 [main] INFO  ozone.HddsDatanodeService (HddsDatanodeService.java:startPlugins(395)) - Started plug-in org.apache.hadoop.ozone.web.OzoneHddsDatanodeService@50e5032c
2019-09-20 08:31:25,014 [main] INFO  impl.MetricsSystemImpl (MetricsSystemImpl.java:init(158)) - HddsDatanode metrics system started (again)
2019-09-20 08:31:25,018 [main] INFO  ozone.HddsDatanodeService (HddsDatanodeService.java:start(184)) - HddsDatanodeService host:pr-hdds-1569-6tbh6-3362816358 ip:192.168.34.27
2019-09-20 08:31:25,018 [org.apache.hadoop.util.JvmPauseMonitor$Monitor@11293cd8] INFO  util.JvmPauseMonitor (JvmPauseMonitor.java:run(188)) - Starting JVM pause monitor
2019-09-20 08:31:25,021 [Datanode State Machine Thread - 0] INFO  datanode.InitDatanodeState (InitDatanodeState.java:persistContainerDatanodeDetails(140)) - DatanodeDetails is persisted to /workdir/hadoop-ozone/tools/target/test-dir/MiniOzoneClusterImpl-40b1a39e-a15e-4017-a8bd-88793379a06c/datanode-3/meta/datanode.id
2019-09-20 08:31:25,026 [main] INFO  volume.HddsVolume (HddsVolume.java:<init>(176)) - Creating Volume: /workdir/hadoop-ozone/tools/target/test-dir/MiniOzoneClusterImpl-40b1a39e-a15e-4017-a8bd-88793379a06c/datanode-4/data/containers/hdds of  storage type : DISK and capacity : 1482555576320
2019-09-20 08:31:25,027 [main] INFO  volume.VolumeSet (VolumeSet.java:initializeVolumeSet(170)) - Added Volume : /workdir/hadoop-ozone/tools/target/test-dir/MiniOzoneClusterImpl-40b1a39e-a15e-4017-a8bd-88793379a06c/datanode-4/data/containers/hdds to VolumeSet
2019-09-20 08:31:25,027 [main] INFO  volume.ThrottledAsyncChecker (ThrottledAsyncChecker.java:schedule(140)) - Scheduling a check for org.apache.hadoop.ozone.container.common.volume.HddsVolume@17ec335a
2019-09-20 08:31:25,027 [main] INFO  volume.HddsVolumeChecker (HddsVolumeChecker.java:checkAllVolumes(203)) - Scheduled health check for volume org.apache.hadoop.ozone.container.common.volume.HddsVolume@17ec335a
2019-09-20 08:31:25,044 [main] INFO  impl.RaftServerProxy (ConfUtils.java:logGet(43)) - raft.rpc.type = GRPC (default)
2019-09-20 08:31:25,044 [main] INFO  grpc.GrpcFactory (GrpcFactory.java:checkPooledByteBufAllocatorUseCacheForAllThreads(45)) - PERFORMANCE WARNING: useCacheForAllThreads is true that may cause Netty to create a lot garbage objects and, as a result, trigger GC.
	It is recommended to disable useCacheForAllThreads by setting -Dorg.apache.ratis.thirdparty.io.netty.allocator.useCacheForAllThreads=false in command line.
2019-09-20 08:31:25,044 [main] INFO  grpc.GrpcConfigKeys$Server (ConfUtils.java:logGet(43)) - raft.grpc.server.port = 0 (default)
2019-09-20 08:31:25,045 [main] INFO  server.GrpcService (ConfUtils.java:logGet(43)) - raft.grpc.message.size.max = 33570816 (custom)
2019-09-20 08:31:25,045 [main] INFO  server.RaftServerConfigKeys (ConfUtils.java:logGet(43)) - raft.server.log.appender.buffer.byte-limit = 33554432 (custom)
2019-09-20 08:31:25,045 [main] INFO  server.GrpcService (ConfUtils.java:logGet(43)) - raft.grpc.flow.control.window = 1MB (=1048576) (default)
2019-09-20 08:31:25,045 [main] INFO  server.RaftServerConfigKeys (ConfUtils.java:logGet(43)) - raft.server.rpc.request.timeout = 3000ms (default)
2019-09-20 08:31:25,046 [main] INFO  server.RaftServerConfigKeys (ConfUtils.java:logGet(43)) - raft.server.storage.dir = [/workdir/hadoop-ozone/tools/target/test-dir/MiniOzoneClusterImpl-40b1a39e-a15e-4017-a8bd-88793379a06c/datanode-4/data/ratis] (custom)
2019-09-20 08:31:25,046 [main] INFO  replication.SimpleContainerDownloader (SimpleContainerDownloader.java:<init>(72)) - Starting container downloader service to copy containers to replicate.
2019-09-20 08:31:25,047 [main] INFO  hdfs.DFSUtil (DFSUtil.java:httpServerTemplateForNNAndJN(1641)) - Starting Web-server for hddsDatanode at: http://0.0.0.0:0
2019-09-20 08:31:25,049 [main] INFO  server.AuthenticationFilter (AuthenticationFilter.java:constructSecretProvider(240)) - Unable to initialize FileSignerSecretProvider, falling back to use random secrets.
2019-09-20 08:31:25,049 [main] WARN  http.HttpRequestLog (HttpRequestLog.java:getRequestLog(97)) - Jetty request log can only be enabled using Log4j
2019-09-20 08:31:25,051 [main] INFO  http.HttpServer2 (HttpServer2.java:addGlobalFilter(975)) - Added global filter 'safety' (class=org.apache.hadoop.http.HttpServer2$QuotingInputFilter)
2019-09-20 08:31:25,051 [main] INFO  http.HttpServer2 (HttpServer2.java:addFilter(948)) - Added filter static_user_filter (class=org.apache.hadoop.http.lib.StaticUserWebFilter$StaticUserFilter) to context hddsDatanode
2019-09-20 08:31:25,052 [main] INFO  http.HttpServer2 (HttpServer2.java:addFilter(958)) - Added filter static_user_filter (class=org.apache.hadoop.http.lib.StaticUserWebFilter$StaticUserFilter) to context logs
2019-09-20 08:31:25,052 [main] INFO  http.HttpServer2 (HttpServer2.java:addFilter(958)) - Added filter static_user_filter (class=org.apache.hadoop.http.lib.StaticUserWebFilter$StaticUserFilter) to context static
2019-09-20 08:31:25,052 [main] INFO  http.HttpServer2 (HttpServer2.java:bindListener(1191)) - Jetty bound to port 34413
2019-09-20 08:31:25,053 [main] INFO  server.Server (Server.java:doStart(351)) - jetty-9.3.24.v20180605, build timestamp: 2018-06-05T17:11:56Z, git hash: 84205aa28f11a4f31f2a3b86d1bba2cc8ab69827
2019-09-20 08:31:25,055 [main] INFO  handler.ContextHandler (ContextHandler.java:doStart(781)) - Started o.e.j.s.ServletContextHandler@48499739{/logs,file:///workdir/hadoop-ozone/tools/target/log,AVAILABLE}
2019-09-20 08:31:25,055 [main] INFO  handler.ContextHandler (ContextHandler.java:doStart(781)) - Started o.e.j.s.ServletContextHandler@559991f5{/static,jar:file:/home/user/.m2/repository/org/apache/hadoop/hadoop-hdds-container-service/0.5.0-SNAPSHOT/hadoop-hdds-container-service-0.5.0-SNAPSHOT.jar!/webapps/static,AVAILABLE}
2019-09-20 08:31:25,102 [main] INFO  handler.ContextHandler (ContextHandler.java:doStart(781)) - Started o.e.j.w.WebAppContext@54f6b629{/,file:///tmp/jetty-0.0.0.0-34413-hddsDatanode-_-any-4478602710887175597.dir/webapp/,AVAILABLE}{/hddsDatanode}
2019-09-20 08:31:25,104 [main] INFO  server.AbstractConnector (AbstractConnector.java:doStart(278)) - Started ServerConnector@4bc9ca97{HTTP/1.1,[http/1.1]}{0.0.0.0:34413}
2019-09-20 08:31:25,105 [main] INFO  server.Server (Server.java:doStart(419)) - Started @7962ms
2019-09-20 08:31:25,106 [main] INFO  server.BaseHttpServer (BaseHttpServer.java:updateConnectorAddress(213)) - HTTP server of HDDSDATANODE is listening at http://0.0.0.0:34413
2019-09-20 08:31:25,234 | INFO  | ObjectStoreRestHttpServer | Listening HDDS REST traffic on /0.0.0.0:35221 |  
2019-09-20 08:31:25,234 [main] INFO  ozone.HddsDatanodeService (HddsDatanodeService.java:startPlugins(395)) - Started plug-in org.apache.hadoop.ozone.web.OzoneHddsDatanodeService@569348e1
2019-09-20 08:31:25,237 [main] INFO  ozone.MiniOzoneClusterImpl (MiniOzoneClusterImpl.java:lambda$waitForClusterToBeReady$0(142)) - Waiting for cluster to be ready. Got 0 of 5 DN Heartbeats.
2019-09-20 08:31:25,238 [org.apache.hadoop.util.JvmPauseMonitor$Monitor@6f081742] INFO  util.JvmPauseMonitor (JvmPauseMonitor.java:run(188)) - Starting JVM pause monitor
2019-09-20 08:31:25,241 [Datanode State Machine Thread - 0] INFO  datanode.InitDatanodeState (InitDatanodeState.java:persistContainerDatanodeDetails(140)) - DatanodeDetails is persisted to /workdir/hadoop-ozone/tools/target/test-dir/MiniOzoneClusterImpl-40b1a39e-a15e-4017-a8bd-88793379a06c/datanode-4/meta/datanode.id
2019-09-20 08:31:26,237 [main] INFO  ozone.MiniOzoneClusterImpl (MiniOzoneClusterImpl.java:lambda$waitForClusterToBeReady$0(142)) - Waiting for cluster to be ready. Got 0 of 5 DN Heartbeats.
2019-09-20 08:31:26,257 | INFO  | SCMAudit | user=jenkins1000 | ip=192.168.34.27 | op=GET_VERSION null | ret=SUCCESS |  
2019-09-20 08:31:26,296 [Datanode State Machine Thread - 0] INFO  ozoneimpl.OzoneContainer (OzoneContainer.java:start(186)) - Attempting to start container services.
2019-09-20 08:31:26,298 [Datanode State Machine Thread - 0] INFO  ozoneimpl.OzoneContainer (OzoneContainer.java:startContainerScrub(160)) - Background container scrubber has been disabled by hdds.containerscrub.enabled
2019-09-20 08:31:26,298 [Datanode State Machine Thread - 0] INFO  ratis.XceiverServerRatis (XceiverServerRatis.java:start(404)) - Starting XceiverServerRatis b1d6c399-222b-48d2-8034-ed92e0cf00a0 at port 0
2019-09-20 08:31:26,325 [Datanode State Machine Thread - 0] INFO  impl.RaftServerProxy (RaftServerProxy.java:lambda$start$3(299)) - b1d6c399-222b-48d2-8034-ed92e0cf00a0: start RPC server
2019-09-20 08:31:26,497 [Datanode State Machine Thread - 0] INFO  server.GrpcService (GrpcService.java:startImpl(149)) - b1d6c399-222b-48d2-8034-ed92e0cf00a0: GrpcService started, listening on 0.0.0.0/0.0.0.0:37513
2019-09-20 08:31:26,498 [Datanode State Machine Thread - 0] INFO  ratis.XceiverServerRatis (XceiverServerRatis.java:start(414)) - XceiverServerRatis b1d6c399-222b-48d2-8034-ed92e0cf00a0 is started using port 37513
2019-09-20 08:31:26,498 | INFO  | SCMAudit | user=jenkins1000 | ip=192.168.34.27 | op=GET_VERSION null | ret=SUCCESS |  
2019-09-20 08:31:26,501 [Datanode State Machine Thread - 0] INFO  server.XceiverServerGrpc (XceiverServerGrpc.java:start(163)) - XceiverServerGrpc b1d6c399-222b-48d2-8034-ed92e0cf00a0 is started using port 42995
2019-09-20 08:31:26,516 [Datanode State Machine Thread - 0] INFO  ozoneimpl.OzoneContainer (OzoneContainer.java:start(186)) - Attempting to start container services.
2019-09-20 08:31:26,518 [Datanode State Machine Thread - 0] INFO  ozoneimpl.OzoneContainer (OzoneContainer.java:startContainerScrub(160)) - Background container scrubber has been disabled by hdds.containerscrub.enabled
2019-09-20 08:31:26,519 [Datanode State Machine Thread - 0] INFO  ratis.XceiverServerRatis (XceiverServerRatis.java:start(404)) - Starting XceiverServerRatis f0fc55a7-6908-4f04-ad18-9919b4d1166c at port 0
2019-09-20 08:31:26,600 [Datanode State Machine Thread - 0] INFO  impl.RaftServerProxy (RaftServerProxy.java:lambda$start$3(299)) - f0fc55a7-6908-4f04-ad18-9919b4d1166c: start RPC server
2019-09-20 08:31:26,606 [Datanode State Machine Thread - 0] INFO  server.GrpcService (GrpcService.java:startImpl(149)) - f0fc55a7-6908-4f04-ad18-9919b4d1166c: GrpcService started, listening on 0.0.0.0/0.0.0.0:33395
2019-09-20 08:31:26,606 [Datanode State Machine Thread - 0] INFO  ratis.XceiverServerRatis (XceiverServerRatis.java:start(414)) - XceiverServerRatis f0fc55a7-6908-4f04-ad18-9919b4d1166c is started using port 33395
2019-09-20 08:31:26,609 [Datanode State Machine Thread - 0] INFO  server.XceiverServerGrpc (XceiverServerGrpc.java:start(163)) - XceiverServerGrpc f0fc55a7-6908-4f04-ad18-9919b4d1166c is started using port 44484
2019-09-20 08:31:26,780 | INFO  | SCMAudit | user=jenkins1000 | ip=192.168.34.27 | op=GET_VERSION null | ret=SUCCESS |  
2019-09-20 08:31:26,797 [Datanode State Machine Thread - 0] INFO  ozoneimpl.OzoneContainer (OzoneContainer.java:start(186)) - Attempting to start container services.
2019-09-20 08:31:26,799 [Datanode State Machine Thread - 0] INFO  ozoneimpl.OzoneContainer (OzoneContainer.java:startContainerScrub(160)) - Background container scrubber has been disabled by hdds.containerscrub.enabled
2019-09-20 08:31:26,799 [Datanode State Machine Thread - 0] INFO  ratis.XceiverServerRatis (XceiverServerRatis.java:start(404)) - Starting XceiverServerRatis 0e595721-d597-45e8-8ba1-cb4ebc325b8e at port 0
2019-09-20 08:31:26,809 [Datanode State Machine Thread - 0] INFO  impl.RaftServerProxy (RaftServerProxy.java:lambda$start$3(299)) - 0e595721-d597-45e8-8ba1-cb4ebc325b8e: start RPC server
2019-09-20 08:31:26,812 [Datanode State Machine Thread - 0] INFO  server.GrpcService (GrpcService.java:startImpl(149)) - 0e595721-d597-45e8-8ba1-cb4ebc325b8e: GrpcService started, listening on 0.0.0.0/0.0.0.0:37759
2019-09-20 08:31:26,813 [Datanode State Machine Thread - 0] INFO  ratis.XceiverServerRatis (XceiverServerRatis.java:start(414)) - XceiverServerRatis 0e595721-d597-45e8-8ba1-cb4ebc325b8e is started using port 37759
2019-09-20 08:31:26,816 [Datanode State Machine Thread - 0] INFO  server.XceiverServerGrpc (XceiverServerGrpc.java:start(163)) - XceiverServerGrpc 0e595721-d597-45e8-8ba1-cb4ebc325b8e is started using port 35377
2019-09-20 08:31:27,021 | INFO  | SCMAudit | user=jenkins1000 | ip=192.168.34.27 | op=GET_VERSION null | ret=SUCCESS |  
2019-09-20 08:31:27,037 [Datanode State Machine Thread - 0] INFO  ozoneimpl.OzoneContainer (OzoneContainer.java:start(186)) - Attempting to start container services.
2019-09-20 08:31:27,040 [Datanode State Machine Thread - 0] INFO  ozoneimpl.OzoneContainer (OzoneContainer.java:startContainerScrub(160)) - Background container scrubber has been disabled by hdds.containerscrub.enabled
2019-09-20 08:31:27,040 [Datanode State Machine Thread - 0] INFO  ratis.XceiverServerRatis (XceiverServerRatis.java:start(404)) - Starting XceiverServerRatis 7372e003-60de-4928-9031-10c7db72eb74 at port 0
2019-09-20 08:31:27,048 [Datanode State Machine Thread - 0] INFO  impl.RaftServerProxy (RaftServerProxy.java:lambda$start$3(299)) - 7372e003-60de-4928-9031-10c7db72eb74: start RPC server
2019-09-20 08:31:27,053 [Datanode State Machine Thread - 0] INFO  server.GrpcService (GrpcService.java:startImpl(149)) - 7372e003-60de-4928-9031-10c7db72eb74: GrpcService started, listening on 0.0.0.0/0.0.0.0:38588
2019-09-20 08:31:27,053 [Datanode State Machine Thread - 0] INFO  ratis.XceiverServerRatis (XceiverServerRatis.java:start(414)) - XceiverServerRatis 7372e003-60de-4928-9031-10c7db72eb74 is started using port 38588
2019-09-20 08:31:27,056 [Datanode State Machine Thread - 0] INFO  server.XceiverServerGrpc (XceiverServerGrpc.java:start(163)) - XceiverServerGrpc 7372e003-60de-4928-9031-10c7db72eb74 is started using port 39748
2019-09-20 08:31:27,238 [main] INFO  ozone.MiniOzoneClusterImpl (MiniOzoneClusterImpl.java:lambda$waitForClusterToBeReady$0(142)) - Waiting for cluster to be ready. Got 0 of 5 DN Heartbeats.
2019-09-20 08:31:27,242 | INFO  | SCMAudit | user=jenkins1000 | ip=192.168.34.27 | op=GET_VERSION null | ret=SUCCESS |  
2019-09-20 08:31:27,257 [Datanode State Machine Thread - 0] INFO  ozoneimpl.OzoneContainer (OzoneContainer.java:start(186)) - Attempting to start container services.
2019-09-20 08:31:27,263 [Datanode State Machine Thread - 0] INFO  ozoneimpl.OzoneContainer (OzoneContainer.java:startContainerScrub(160)) - Background container scrubber has been disabled by hdds.containerscrub.enabled
2019-09-20 08:31:27,264 [Datanode State Machine Thread - 0] INFO  ratis.XceiverServerRatis (XceiverServerRatis.java:start(404)) - Starting XceiverServerRatis 7afa6414-ef24-48ad-8f55-8b19d11f4e72 at port 0
2019-09-20 08:31:27,274 [Datanode State Machine Thread - 0] INFO  impl.RaftServerProxy (RaftServerProxy.java:lambda$start$3(299)) - 7afa6414-ef24-48ad-8f55-8b19d11f4e72: start RPC server
2019-09-20 08:31:27,278 [Datanode State Machine Thread - 0] INFO  server.GrpcService (GrpcService.java:startImpl(149)) - 7afa6414-ef24-48ad-8f55-8b19d11f4e72: GrpcService started, listening on 0.0.0.0/0.0.0.0:33260
2019-09-20 08:31:27,278 [Datanode State Machine Thread - 0] INFO  ratis.XceiverServerRatis (XceiverServerRatis.java:start(414)) - XceiverServerRatis 7afa6414-ef24-48ad-8f55-8b19d11f4e72 is started using port 33260
2019-09-20 08:31:27,282 [Datanode State Machine Thread - 0] INFO  server.XceiverServerGrpc (XceiverServerGrpc.java:start(163)) - XceiverServerGrpc 7afa6414-ef24-48ad-8f55-8b19d11f4e72 is started using port 44086
2019-09-20 08:31:28,238 [main] INFO  ozone.MiniOzoneClusterImpl (MiniOzoneClusterImpl.java:lambda$waitForClusterToBeReady$0(142)) - Waiting for cluster to be ready. Got 0 of 5 DN Heartbeats.
2019-09-20 08:31:28,269 [IPC Server handler 6 on 40970] INFO  net.NetworkTopology (NetworkTopologyImpl.java:add(110)) - Added a new node: /default-rack/b1d6c399-222b-48d2-8034-ed92e0cf00a0
2019-09-20 08:31:28,269 [IPC Server handler 6 on 40970] INFO  node.SCMNodeManager (SCMNodeManager.java:register(273)) - Registered Data node : b1d6c399-222b-48d2-8034-ed92e0cf00a0{ip: 192.168.34.27, host: pr-hdds-1569-6tbh6-3362816358, networkLocation: /default-rack, certSerialId: null}
2019-09-20 08:31:28,274 [EventQueue-NodeRegistrationContainerReportForDataNodeSafeModeRule] INFO  safemode.SCMSafeModeManager (DataNodeSafeModeRule.java:process(71)) - SCM in safe mode. 1 DataNodes registered, 1 required.
2019-09-20 08:31:28,275 [EventQueue-NodeRegistrationContainerReportForDataNodeSafeModeRule] INFO  safemode.SCMSafeModeManager (SCMSafeModeManager.java:validateSafeModeExitRules(177)) - ScmSafeModeManager, all rules are successfully validated
2019-09-20 08:31:28,275 [EventQueue-NodeRegistrationContainerReportForDataNodeSafeModeRule] INFO  safemode.SCMSafeModeManager (SCMSafeModeManager.java:exitSafeMode(193)) - SCM exiting safe mode.
2019-09-20 08:31:28,283 | INFO  | SCMAudit | user=jenkins1000 | ip=192.168.34.27 | op=REGISTER {datanodeDetails=b1d6c399-222b-48d2-8034-ed92e0cf00a0{ip: 192.168.34.27, host: pr-hdds-1569-6tbh6-3362816358, networkLocation: /default-rack, certSerialId: null}} | ret=SUCCESS |  
2019-09-20 08:31:28,499 [IPC Server handler 1 on 40970] INFO  net.NetworkTopology (NetworkTopologyImpl.java:add(110)) - Added a new node: /default-rack/f0fc55a7-6908-4f04-ad18-9919b4d1166c
2019-09-20 08:31:28,499 [IPC Server handler 1 on 40970] INFO  node.SCMNodeManager (SCMNodeManager.java:register(273)) - Registered Data node : f0fc55a7-6908-4f04-ad18-9919b4d1166c{ip: 192.168.34.27, host: pr-hdds-1569-6tbh6-3362816358, networkLocation: /default-rack, certSerialId: null}
2019-09-20 08:31:28,499 | INFO  | SCMAudit | user=jenkins1000 | ip=192.168.34.27 | op=REGISTER {datanodeDetails=f0fc55a7-6908-4f04-ad18-9919b4d1166c{ip: 192.168.34.27, host: pr-hdds-1569-6tbh6-3362816358, networkLocation: /default-rack, certSerialId: null}} | ret=SUCCESS |  
2019-09-20 08:31:29,182 [IPC Server handler 4 on 40970] INFO  net.NetworkTopology (NetworkTopologyImpl.java:add(110)) - Added a new node: /default-rack/7372e003-60de-4928-9031-10c7db72eb74
2019-09-20 08:31:29,182 [IPC Server handler 6 on 40970] INFO  net.NetworkTopology (NetworkTopologyImpl.java:add(110)) - Added a new node: /default-rack/0e595721-d597-45e8-8ba1-cb4ebc325b8e
2019-09-20 08:31:29,182 [IPC Server handler 4 on 40970] INFO  node.SCMNodeManager (SCMNodeManager.java:register(273)) - Registered Data node : 7372e003-60de-4928-9031-10c7db72eb74{ip: 192.168.34.27, host: pr-hdds-1569-6tbh6-3362816358, networkLocation: /default-rack, certSerialId: null}
2019-09-20 08:31:29,182 [IPC Server handler 6 on 40970] INFO  node.SCMNodeManager (SCMNodeManager.java:register(273)) - Registered Data node : 0e595721-d597-45e8-8ba1-cb4ebc325b8e{ip: 192.168.34.27, host: pr-hdds-1569-6tbh6-3362816358, networkLocation: /default-rack, certSerialId: null}
2019-09-20 08:31:29,183 | INFO  | SCMAudit | user=jenkins1000 | ip=192.168.34.27 | op=REGISTER {datanodeDetails=7372e003-60de-4928-9031-10c7db72eb74{ip: 192.168.34.27, host: pr-hdds-1569-6tbh6-3362816358, networkLocation: /default-rack, certSerialId: null}} | ret=SUCCESS |  
2019-09-20 08:31:29,183 | INFO  | SCMAudit | user=jenkins1000 | ip=192.168.34.27 | op=REGISTER {datanodeDetails=0e595721-d597-45e8-8ba1-cb4ebc325b8e{ip: 192.168.34.27, host: pr-hdds-1569-6tbh6-3362816358, networkLocation: /default-rack, certSerialId: null}} | ret=SUCCESS |  
2019-09-20 08:31:29,239 [main] INFO  ozone.MiniOzoneClusterImpl (MiniOzoneClusterImpl.java:lambda$waitForClusterToBeReady$0(142)) - Waiting for cluster to be ready. Got 4 of 5 DN Heartbeats.
2019-09-20 08:31:29,241 [IPC Server handler 3 on 40970] INFO  net.NetworkTopology (NetworkTopologyImpl.java:add(110)) - Added a new node: /default-rack/7afa6414-ef24-48ad-8f55-8b19d11f4e72
2019-09-20 08:31:29,242 [IPC Server handler 3 on 40970] INFO  node.SCMNodeManager (SCMNodeManager.java:register(273)) - Registered Data node : 7afa6414-ef24-48ad-8f55-8b19d11f4e72{ip: 192.168.34.27, host: pr-hdds-1569-6tbh6-3362816358, networkLocation: /default-rack, certSerialId: null}
2019-09-20 08:31:29,242 | INFO  | SCMAudit | user=jenkins1000 | ip=192.168.34.27 | op=REGISTER {datanodeDetails=7afa6414-ef24-48ad-8f55-8b19d11f4e72{ip: 192.168.34.27, host: pr-hdds-1569-6tbh6-3362816358, networkLocation: /default-rack, certSerialId: null}} | ret=SUCCESS |  
2019-09-20 08:31:29,257 [grpc-default-executor-0] INFO  impl.RaftServerProxy (RaftServerProxy.java:addNew(89)) - b1d6c399-222b-48d2-8034-ed92e0cf00a0: addNew group-5C8B57D92CAA:[b1d6c399-222b-48d2-8034-ed92e0cf00a0:192.168.34.27:37513] returns group-5C8B57D92CAA:java.util.concurrent.CompletableFuture@23acd0a5[Not completed]
2019-09-20 08:31:29,276 [pool-27-thread-1] INFO  impl.RaftServerImpl (RaftServerImpl.java:<init>(93)) - b1d6c399-222b-48d2-8034-ed92e0cf00a0: new RaftServerImpl for group-5C8B57D92CAA:[b1d6c399-222b-48d2-8034-ed92e0cf00a0:192.168.34.27:37513] with ContainerStateMachine:uninitialized
2019-09-20 08:31:29,278 [pool-27-thread-1] INFO  server.RaftServerConfigKeys (ConfUtils.java:logGet(43)) - raft.server.rpc.timeout.min = 5s (custom)
2019-09-20 08:31:29,279 [pool-27-thread-1] INFO  server.RaftServerConfigKeys (ConfUtils.java:logGet(43)) - raft.server.rpc.timeout.max = 5200ms (custom)
2019-09-20 08:31:29,280 [pool-27-thread-1] INFO  server.RaftServerConfigKeys (ConfUtils.java:logGet(43)) - raft.server.rpcslowness.timeout = 120s (custom)
2019-09-20 08:31:29,281 [pool-27-thread-1] INFO  server.RaftServerConfigKeys (ConfUtils.java:logGet(43)) - raft.server.sleep.deviation.threshold = 300 (default)
2019-09-20 08:31:29,282 [pool-27-thread-1] INFO  server.RaftServerConfigKeys (ConfUtils.java:logGet(43)) - raft.server.log.appender.install.snapshot.enabled = false (custom)
2019-09-20 08:31:29,292 [pool-27-thread-1] INFO  impl.RaftServerImpl (ServerState.java:<init>(105)) - b1d6c399-222b-48d2-8034-ed92e0cf00a0:group-5C8B57D92CAA ConfigurationManager, init=-1: [b1d6c399-222b-48d2-8034-ed92e0cf00a0:192.168.34.27:37513], old=null, confs=<EMPTY_MAP>
2019-09-20 08:31:29,293 [pool-27-thread-1] INFO  server.RaftServerConfigKeys (ConfUtils.java:logGet(43)) - raft.server.storage.dir = [/workdir/hadoop-ozone/tools/target/test-dir/MiniOzoneClusterImpl-40b1a39e-a15e-4017-a8bd-88793379a06c/datanode-0/data/ratis] (custom)
2019-09-20 08:31:29,304 [pool-27-thread-1] INFO  storage.RaftStorageDirectory (RaftStorageDirectory.java:analyzeStorage(246)) - The storage directory /workdir/hadoop-ozone/tools/target/test-dir/MiniOzoneClusterImpl-40b1a39e-a15e-4017-a8bd-88793379a06c/datanode-0/data/ratis/a9ddc588-b0c2-4aa7-bffc-5c8b57d92caa does not exist. Creating ...
2019-09-20 08:31:29,509 [pool-27-thread-1] INFO  storage.RaftStorageDirectory (RaftStorageDirectory.java:tryLock(328)) - Lock on /workdir/hadoop-ozone/tools/target/test-dir/MiniOzoneClusterImpl-40b1a39e-a15e-4017-a8bd-88793379a06c/datanode-0/data/ratis/a9ddc588-b0c2-4aa7-bffc-5c8b57d92caa/in_use.lock acquired by nodename 4915@pr-hdds-1569-6tbh6-3362816358
2019-09-20 08:31:29,516 [pool-27-thread-1] INFO  storage.RaftStorage (RaftStorage.java:format(72)) - Storage directory /workdir/hadoop-ozone/tools/target/test-dir/MiniOzoneClusterImpl-40b1a39e-a15e-4017-a8bd-88793379a06c/datanode-0/data/ratis/a9ddc588-b0c2-4aa7-bffc-5c8b57d92caa has been successfully formatted.
2019-09-20 08:31:29,520 [pool-27-thread-1] INFO  ratis.ContainerStateMachine (ContainerStateMachine.java:loadSnapshot(226)) - group-5C8B57D92CAA: The snapshot info is null. Setting the last applied indexto:(t:0, i:~)
2019-09-20 08:31:29,520 [pool-27-thread-1] INFO  server.RaftServerConfigKeys (ConfUtils.java:logGet(43)) - raft.server.leader.election.timeout = 120s (custom)
2019-09-20 08:31:29,523 [pool-27-thread-1] INFO  server.RaftServerConfigKeys (ConfUtils.java:logGet(43)) - raft.server.log.use.memory = false (default)
2019-09-20 08:31:29,532 [pool-27-thread-1] INFO  server.RaftServerConfigKeys (ConfUtils.java:logGet(43)) - raft.server.log.purge.gap = 1000000 (custom)
2019-09-20 08:31:29,532 [pool-27-thread-1] INFO  server.RaftServerConfigKeys (ConfUtils.java:logGet(43)) - raft.server.log.appender.buffer.byte-limit = 33554432 (custom)
2019-09-20 08:31:29,534 [pool-27-thread-1] INFO  server.RaftServerConfigKeys (ConfUtils.java:logGet(43)) - raft.server.log.segment.size.max = 1048576 (custom)
2019-09-20 08:31:29,541 [pool-27-thread-1] INFO  server.RaftServerConfigKeys (ConfUtils.java:logGet(43)) - raft.server.log.segment.cache.num.max = 2 (custom)
2019-09-20 08:31:29,549 [pool-27-thread-1] INFO  segmented.SegmentedRaftLogWorker (SegmentedRaftLogWorker.java:<init>(172)) - new b1d6c399-222b-48d2-8034-ed92e0cf00a0-SegmentedRaftLogWorker:Storage Directory /workdir/hadoop-ozone/tools/target/test-dir/MiniOzoneClusterImpl-40b1a39e-a15e-4017-a8bd-88793379a06c/datanode-0/data/ratis/a9ddc588-b0c2-4aa7-bffc-5c8b57d92caa for RaftStorage:Storage Directory /workdir/hadoop-ozone/tools/target/test-dir/MiniOzoneClusterImpl-40b1a39e-a15e-4017-a8bd-88793379a06c/datanode-0/data/ratis/a9ddc588-b0c2-4aa7-bffc-5c8b57d92caa
2019-09-20 08:31:29,566 [pool-27-thread-1] INFO  server.RaftServerConfigKeys (ConfUtils.java:logGet(43)) - raft.server.log.queue.byte-limit = 2147483647 (custom)
2019-09-20 08:31:29,567 [pool-27-thread-1] INFO  server.RaftServerConfigKeys (ConfUtils.java:logGet(43)) - raft.server.log.queue.element-limit = 1024 (custom)
2019-09-20 08:31:29,573 [pool-27-thread-1] INFO  server.RaftServerConfigKeys (ConfUtils.java:logGet(43)) - raft.server.log.segment.size.max = 1048576 (custom)
2019-09-20 08:31:29,574 [pool-27-thread-1] INFO  server.RaftServerConfigKeys (ConfUtils.java:logGet(43)) - raft.server.log.preallocated.size = 16384 (custom)
2019-09-20 08:31:29,574 [pool-27-thread-1] INFO  server.RaftServerConfigKeys (ConfUtils.java:logGet(43)) - raft.server.log.write.buffer.size = 33554432 (custom)
2019-09-20 08:31:29,575 [pool-27-thread-1] INFO  server.RaftServerConfigKeys (ConfUtils.java:logGet(43)) - raft.server.log.force.sync.num = 128 (default)
2019-09-20 08:31:29,576 [pool-27-thread-1] INFO  server.RaftServerConfigKeys (ConfUtils.java:logGet(43)) - raft.server.log.statemachine.data.sync = true (default)
2019-09-20 08:31:29,576 [pool-27-thread-1] INFO  server.RaftServerConfigKeys (ConfUtils.java:logGet(43)) - raft.server.log.statemachine.data.sync.timeout = 10s (default)
2019-09-20 08:31:29,577 [pool-27-thread-1] INFO  server.RaftServerConfigKeys (ConfUtils.java:logGet(43)) - raft.server.log.statemachine.data.sync.timeout.retry = -1 (default)
2019-09-20 08:31:29,589 [pool-27-thread-1] INFO  server.RaftServerConfigKeys (ConfUtils.java:logGet(43)) - raft.server.log.statemachine.data.caching.enabled = true (custom)
2019-09-20 08:31:29,594 [pool-27-thread-1] INFO  segmented.SegmentedRaftLogWorker (SegmentedRaftLogWorker.java:lambda$new$0(132)) - b1d6c399-222b-48d2-8034-ed92e0cf00a0-SegmentedRaftLogWorker:Storage Directory /workdir/hadoop-ozone/tools/target/test-dir/MiniOzoneClusterImpl-40b1a39e-a15e-4017-a8bd-88793379a06c/datanode-0/data/ratis/a9ddc588-b0c2-4aa7-bffc-5c8b57d92caa: flushIndex: setUnconditionally 0 -> -1
2019-09-20 08:31:29,599 [pool-27-thread-1] INFO  server.RaftServerConfigKeys (ConfUtils.java:logGet(43)) - raft.server.snapshot.auto.trigger.enabled = true (custom)
2019-09-20 08:31:29,600 [pool-27-thread-1] INFO  server.RaftServerConfigKeys (ConfUtils.java:logGet(43)) - raft.server.snapshot.auto.trigger.threshold = 10000 (custom)
2019-09-20 08:31:29,600 [pool-27-thread-1] INFO  server.RaftServerConfigKeys (ConfUtils.java:logGet(43)) - raft.server.retrycache.expirytime = 600000ms (custom)
2019-09-20 08:31:29,620 [pool-27-thread-1] INFO  impl.RaftServerImpl (RaftServerImpl.java:start(180)) - b1d6c399-222b-48d2-8034-ed92e0cf00a0: start group-5C8B57D92CAA
2019-09-20 08:31:29,621 [pool-27-thread-1] INFO  impl.RaftServerImpl (RaftServerImpl.java:setRole(171)) - b1d6c399-222b-48d2-8034-ed92e0cf00a0:group-5C8B57D92CAA changes role from null to FOLLOWER at term 0 for startAsFollower
2019-09-20 08:31:29,622 [pool-27-thread-1] INFO  impl.RoleInfo (RoleInfo.java:updateAndGet(143)) - b1d6c399-222b-48d2-8034-ed92e0cf00a0: start FollowerState
2019-09-20 08:31:29,624 [pool-27-thread-1] INFO  util.JmxRegister (JmxRegister.java:tryRegister(44)) - Successfully registered JMX Bean with object name Ratis:service=RaftServer,group=group-5C8B57D92CAA,id=b1d6c399-222b-48d2-8034-ed92e0cf00a0
2019-09-20 08:31:29,692 [RatisPipelineUtilsThread] INFO  pipeline.PipelineStateManager (PipelineStateManager.java:addPipeline(56)) - Created pipeline Pipeline[ Id: a9ddc588-b0c2-4aa7-bffc-5c8b57d92caa, Nodes: b1d6c399-222b-48d2-8034-ed92e0cf00a0{ip: 192.168.34.27, host: pr-hdds-1569-6tbh6-3362816358, networkLocation: /default-rack, certSerialId: null}, Type:RATIS, Factor:ONE, State:OPEN]
2019-09-20 08:31:29,720 [grpc-default-executor-0] INFO  impl.RaftServerProxy (RaftServerProxy.java:addNew(89)) - b1d6c399-222b-48d2-8034-ed92e0cf00a0: addNew group-037E5F47CD3A:[b1d6c399-222b-48d2-8034-ed92e0cf00a0:192.168.34.27:37513] returns group-037E5F47CD3A:java.util.concurrent.CompletableFuture@59f9f49f[Not completed]
2019-09-20 08:31:29,722 [pool-27-thread-1] INFO  impl.RaftServerImpl (RaftServerImpl.java:<init>(93)) - b1d6c399-222b-48d2-8034-ed92e0cf00a0: new RaftServerImpl for group-037E5F47CD3A:[b1d6c399-222b-48d2-8034-ed92e0cf00a0:192.168.34.27:37513] with ContainerStateMachine:uninitialized
2019-09-20 08:31:29,722 [pool-27-thread-1] INFO  server.RaftServerConfigKeys (ConfUtils.java:logGet(43)) - raft.server.rpc.timeout.min = 5s (custom)
2019-09-20 08:31:29,722 [pool-27-thread-1] INFO  server.RaftServerConfigKeys (ConfUtils.java:logGet(43)) - raft.server.rpc.timeout.max = 5200ms (custom)
2019-09-20 08:31:29,722 [pool-27-thread-1] INFO  server.RaftServerConfigKeys (ConfUtils.java:logGet(43)) - raft.server.rpcslowness.timeout = 120s (custom)
2019-09-20 08:31:29,722 [pool-27-thread-1] INFO  server.RaftServerConfigKeys (ConfUtils.java:logGet(43)) - raft.server.sleep.deviation.threshold = 300 (default)
2019-09-20 08:31:29,723 [pool-27-thread-1] INFO  server.RaftServerConfigKeys (ConfUtils.java:logGet(43)) - raft.server.log.appender.install.snapshot.enabled = false (custom)
2019-09-20 08:31:29,723 [pool-27-thread-1] INFO  impl.RaftServerImpl (ServerState.java:<init>(105)) - b1d6c399-222b-48d2-8034-ed92e0cf00a0:group-037E5F47CD3A ConfigurationManager, init=-1: [b1d6c399-222b-48d2-8034-ed92e0cf00a0:192.168.34.27:37513], old=null, confs=<EMPTY_MAP>
2019-09-20 08:31:29,723 [pool-27-thread-1] INFO  server.RaftServerConfigKeys (ConfUtils.java:logGet(43)) - raft.server.storage.dir = [/workdir/hadoop-ozone/tools/target/test-dir/MiniOzoneClusterImpl-40b1a39e-a15e-4017-a8bd-88793379a06c/datanode-0/data/ratis] (custom)
2019-09-20 08:31:29,724 [pool-27-thread-1] INFO  storage.RaftStorageDirectory (RaftStorageDirectory.java:analyzeStorage(246)) - The storage directory /workdir/hadoop-ozone/tools/target/test-dir/MiniOzoneClusterImpl-40b1a39e-a15e-4017-a8bd-88793379a06c/datanode-0/data/ratis/d7576bde-bbf4-4e4c-a412-037e5f47cd3a does not exist. Creating ...
2019-09-20 08:31:29,735 [pool-27-thread-1] INFO  storage.RaftStorageDirectory (RaftStorageDirectory.java:tryLock(328)) - Lock on /workdir/hadoop-ozone/tools/target/test-dir/MiniOzoneClusterImpl-40b1a39e-a15e-4017-a8bd-88793379a06c/datanode-0/data/ratis/d7576bde-bbf4-4e4c-a412-037e5f47cd3a/in_use.lock acquired by nodename 4915@pr-hdds-1569-6tbh6-3362816358
2019-09-20 08:31:29,739 [pool-27-thread-1] INFO  storage.RaftStorage (RaftStorage.java:format(72)) - Storage directory /workdir/hadoop-ozone/tools/target/test-dir/MiniOzoneClusterImpl-40b1a39e-a15e-4017-a8bd-88793379a06c/datanode-0/data/ratis/d7576bde-bbf4-4e4c-a412-037e5f47cd3a has been successfully formatted.
2019-09-20 08:31:29,740 [pool-27-thread-1] INFO  ratis.ContainerStateMachine (ContainerStateMachine.java:loadSnapshot(226)) - group-037E5F47CD3A: The snapshot info is null. Setting the last applied indexto:(t:0, i:~)
2019-09-20 08:31:29,740 [pool-27-thread-1] INFO  server.RaftServerConfigKeys (ConfUtils.java:logGet(43)) - raft.server.leader.election.timeout = 120s (custom)
2019-09-20 08:31:29,740 [pool-27-thread-1] INFO  server.RaftServerConfigKeys (ConfUtils.java:logGet(43)) - raft.server.log.use.memory = false (default)
2019-09-20 08:31:29,740 [pool-27-thread-1] INFO  server.RaftServerConfigKeys (ConfUtils.java:logGet(43)) - raft.server.log.purge.gap = 1000000 (custom)
2019-09-20 08:31:29,741 [pool-27-thread-1] INFO  server.RaftServerConfigKeys (ConfUtils.java:logGet(43)) - raft.server.log.appender.buffer.byte-limit = 33554432 (custom)
2019-09-20 08:31:29,741 [pool-27-thread-1] INFO  server.RaftServerConfigKeys (ConfUtils.java:logGet(43)) - raft.server.log.segment.size.max = 1048576 (custom)
2019-09-20 08:31:29,741 [pool-27-thread-1] INFO  server.RaftServerConfigKeys (ConfUtils.java:logGet(43)) - raft.server.log.segment.cache.num.max = 2 (custom)
2019-09-20 08:31:29,741 [pool-27-thread-1] INFO  segmented.SegmentedRaftLogWorker (SegmentedRaftLogWorker.java:<init>(172)) - new b1d6c399-222b-48d2-8034-ed92e0cf00a0-SegmentedRaftLogWorker:Storage Directory /workdir/hadoop-ozone/tools/target/test-dir/MiniOzoneClusterImpl-40b1a39e-a15e-4017-a8bd-88793379a06c/datanode-0/data/ratis/d7576bde-bbf4-4e4c-a412-037e5f47cd3a for RaftStorage:Storage Directory /workdir/hadoop-ozone/tools/target/test-dir/MiniOzoneClusterImpl-40b1a39e-a15e-4017-a8bd-88793379a06c/datanode-0/data/ratis/d7576bde-bbf4-4e4c-a412-037e5f47cd3a
2019-09-20 08:31:29,742 [pool-27-thread-1] INFO  server.RaftServerConfigKeys (ConfUtils.java:logGet(43)) - raft.server.log.queue.byte-limit = 2147483647 (custom)
2019-09-20 08:31:29,742 [pool-27-thread-1] INFO  server.RaftServerConfigKeys (ConfUtils.java:logGet(43)) - raft.server.log.queue.element-limit = 1024 (custom)
2019-09-20 08:31:29,742 [pool-27-thread-1] INFO  server.RaftServerConfigKeys (ConfUtils.java:logGet(43)) - raft.server.log.segment.size.max = 1048576 (custom)
2019-09-20 08:31:29,742 [pool-27-thread-1] INFO  server.RaftServerConfigKeys (ConfUtils.java:logGet(43)) - raft.server.log.preallocated.size = 16384 (custom)
2019-09-20 08:31:29,742 [pool-27-thread-1] INFO  server.RaftServerConfigKeys (ConfUtils.java:logGet(43)) - raft.server.log.write.buffer.size = 33554432 (custom)
2019-09-20 08:31:29,743 [pool-27-thread-1] INFO  server.RaftServerConfigKeys (ConfUtils.java:logGet(43)) - raft.server.log.force.sync.num = 128 (default)
2019-09-20 08:31:29,743 [pool-27-thread-1] INFO  server.RaftServerConfigKeys (ConfUtils.java:logGet(43)) - raft.server.log.statemachine.data.sync = true (default)
2019-09-20 08:31:29,743 [pool-27-thread-1] INFO  server.RaftServerConfigKeys (ConfUtils.java:logGet(43)) - raft.server.log.statemachine.data.sync.timeout = 10s (default)
2019-09-20 08:31:29,743 [pool-27-thread-1] INFO  server.RaftServerConfigKeys (ConfUtils.java:logGet(43)) - raft.server.log.statemachine.data.sync.timeout.retry = -1 (default)
2019-09-20 08:31:29,745 [pool-27-thread-1] INFO  server.RaftServerConfigKeys (ConfUtils.java:logGet(43)) - raft.server.log.statemachine.data.caching.enabled = true (custom)
2019-09-20 08:31:29,746 [pool-27-thread-1] INFO  segmented.SegmentedRaftLogWorker (SegmentedRaftLogWorker.java:lambda$new$0(132)) - b1d6c399-222b-48d2-8034-ed92e0cf00a0-SegmentedRaftLogWorker:Storage Directory /workdir/hadoop-ozone/tools/target/test-dir/MiniOzoneClusterImpl-40b1a39e-a15e-4017-a8bd-88793379a06c/datanode-0/data/ratis/d7576bde-bbf4-4e4c-a412-037e5f47cd3a: flushIndex: setUnconditionally 0 -> -1
2019-09-20 08:31:29,746 [pool-27-thread-1] INFO  server.RaftServerConfigKeys (ConfUtils.java:logGet(43)) - raft.server.snapshot.auto.trigger.enabled = true (custom)
2019-09-20 08:31:29,747 [pool-27-thread-1] INFO  server.RaftServerConfigKeys (ConfUtils.java:logGet(43)) - raft.server.snapshot.auto.trigger.threshold = 10000 (custom)
2019-09-20 08:31:29,747 [pool-27-thread-1] INFO  server.RaftServerConfigKeys (ConfUtils.java:logGet(43)) - raft.server.retrycache.expirytime = 600000ms (custom)
2019-09-20 08:31:29,748 [pool-27-thread-1] INFO  impl.RaftServerImpl (RaftServerImpl.java:start(180)) - b1d6c399-222b-48d2-8034-ed92e0cf00a0: start group-037E5F47CD3A
2019-09-20 08:31:29,748 [pool-27-thread-1] INFO  impl.RaftServerImpl (RaftServerImpl.java:setRole(171)) - b1d6c399-222b-48d2-8034-ed92e0cf00a0:group-037E5F47CD3A changes role from null to FOLLOWER at term 0 for startAsFollower
2019-09-20 08:31:29,748 [pool-27-thread-1] INFO  impl.RoleInfo (RoleInfo.java:updateAndGet(143)) - b1d6c399-222b-48d2-8034-ed92e0cf00a0: start FollowerState
2019-09-20 08:31:29,749 [pool-27-thread-1] INFO  util.JmxRegister (JmxRegister.java:tryRegister(44)) - Successfully registered JMX Bean with object name Ratis:service=RaftServer,group=group-037E5F47CD3A,id=b1d6c399-222b-48d2-8034-ed92e0cf00a0
2019-09-20 08:31:29,770 [RatisPipelineUtilsThread] INFO  pipeline.PipelineStateManager (PipelineStateManager.java:addPipeline(56)) - Created pipeline Pipeline[ Id: d7576bde-bbf4-4e4c-a412-037e5f47cd3a, Nodes: b1d6c399-222b-48d2-8034-ed92e0cf00a0{ip: 192.168.34.27, host: pr-hdds-1569-6tbh6-3362816358, networkLocation: /default-rack, certSerialId: null}, Type:RATIS, Factor:ONE, State:OPEN]
2019-09-20 08:31:29,793 [grpc-default-executor-0] INFO  impl.RaftServerProxy (RaftServerProxy.java:addNew(89)) - b1d6c399-222b-48d2-8034-ed92e0cf00a0: addNew group-868FA3674980:[b1d6c399-222b-48d2-8034-ed92e0cf00a0:192.168.34.27:37513] returns group-868FA3674980:java.util.concurrent.CompletableFuture@1355487[Not completed]
2019-09-20 08:31:29,796 [pool-27-thread-1] INFO  impl.RaftServerImpl (RaftServerImpl.java:<init>(93)) - b1d6c399-222b-48d2-8034-ed92e0cf00a0: new RaftServerImpl for group-868FA3674980:[b1d6c399-222b-48d2-8034-ed92e0cf00a0:192.168.34.27:37513] with ContainerStateMachine:uninitialized
2019-09-20 08:31:29,797 [pool-27-thread-1] INFO  server.RaftServerConfigKeys (ConfUtils.java:logGet(43)) - raft.server.rpc.timeout.min = 5s (custom)
2019-09-20 08:31:29,797 [pool-27-thread-1] INFO  server.RaftServerConfigKeys (ConfUtils.java:logGet(43)) - raft.server.rpc.timeout.max = 5200ms (custom)
2019-09-20 08:31:29,797 [pool-27-thread-1] INFO  server.RaftServerConfigKeys (ConfUtils.java:logGet(43)) - raft.server.rpcslowness.timeout = 120s (custom)
2019-09-20 08:31:29,797 [pool-27-thread-1] INFO  server.RaftServerConfigKeys (ConfUtils.java:logGet(43)) - raft.server.sleep.deviation.threshold = 300 (default)
2019-09-20 08:31:29,797 [pool-27-thread-1] INFO  server.RaftServerConfigKeys (ConfUtils.java:logGet(43)) - raft.server.log.appender.install.snapshot.enabled = false (custom)
2019-09-20 08:31:29,798 [pool-27-thread-1] INFO  impl.RaftServerImpl (ServerState.java:<init>(105)) - b1d6c399-222b-48d2-8034-ed92e0cf00a0:group-868FA3674980 ConfigurationManager, init=-1: [b1d6c399-222b-48d2-8034-ed92e0cf00a0:192.168.34.27:37513], old=null, confs=<EMPTY_MAP>
2019-09-20 08:31:29,798 [pool-27-thread-1] INFO  server.RaftServerConfigKeys (ConfUtils.java:logGet(43)) - raft.server.storage.dir = [/workdir/hadoop-ozone/tools/target/test-dir/MiniOzoneClusterImpl-40b1a39e-a15e-4017-a8bd-88793379a06c/datanode-0/data/ratis] (custom)
2019-09-20 08:31:29,799 [pool-27-thread-1] INFO  storage.RaftStorageDirectory (RaftStorageDirectory.java:analyzeStorage(246)) - The storage directory /workdir/hadoop-ozone/tools/target/test-dir/MiniOzoneClusterImpl-40b1a39e-a15e-4017-a8bd-88793379a06c/datanode-0/data/ratis/4e8085fc-c502-447c-9b06-868fa3674980 does not exist. Creating ...
2019-09-20 08:31:29,811 [pool-27-thread-1] INFO  storage.RaftStorageDirectory (RaftStorageDirectory.java:tryLock(328)) - Lock on /workdir/hadoop-ozone/tools/target/test-dir/MiniOzoneClusterImpl-40b1a39e-a15e-4017-a8bd-88793379a06c/datanode-0/data/ratis/4e8085fc-c502-447c-9b06-868fa3674980/in_use.lock acquired by nodename 4915@pr-hdds-1569-6tbh6-3362816358
2019-09-20 08:31:29,836 [pool-27-thread-1] INFO  storage.RaftStorage (RaftStorage.java:format(72)) - Storage directory /workdir/hadoop-ozone/tools/target/test-dir/MiniOzoneClusterImpl-40b1a39e-a15e-4017-a8bd-88793379a06c/datanode-0/data/ratis/4e8085fc-c502-447c-9b06-868fa3674980 has been successfully formatted.
2019-09-20 08:31:29,837 [pool-27-thread-1] INFO  ratis.ContainerStateMachine (ContainerStateMachine.java:loadSnapshot(226)) - group-868FA3674980: The snapshot info is null. Setting the last applied indexto:(t:0, i:~)
2019-09-20 08:31:29,837 [pool-27-thread-1] INFO  server.RaftServerConfigKeys (ConfUtils.java:logGet(43)) - raft.server.leader.election.timeout = 120s (custom)
2019-09-20 08:31:29,837 [pool-27-thread-1] INFO  server.RaftServerConfigKeys (ConfUtils.java:logGet(43)) - raft.server.log.use.memory = false (default)
2019-09-20 08:31:29,838 [pool-27-thread-1] INFO  server.RaftServerConfigKeys (ConfUtils.java:logGet(43)) - raft.server.log.purge.gap = 1000000 (custom)
2019-09-20 08:31:29,838 [pool-27-thread-1] INFO  server.RaftServerConfigKeys (ConfUtils.java:logGet(43)) - raft.server.log.appender.buffer.byte-limit = 33554432 (custom)
2019-09-20 08:31:29,838 [pool-27-thread-1] INFO  server.RaftServerConfigKeys (ConfUtils.java:logGet(43)) - raft.server.log.segment.size.max = 1048576 (custom)
2019-09-20 08:31:29,838 [pool-27-thread-1] INFO  server.RaftServerConfigKeys (ConfUtils.java:logGet(43)) - raft.server.log.segment.cache.num.max = 2 (custom)
2019-09-20 08:31:29,839 [pool-27-thread-1] INFO  segmented.SegmentedRaftLogWorker (SegmentedRaftLogWorker.java:<init>(172)) - new b1d6c399-222b-48d2-8034-ed92e0cf00a0-SegmentedRaftLogWorker:Storage Directory /workdir/hadoop-ozone/tools/target/test-dir/MiniOzoneClusterImpl-40b1a39e-a15e-4017-a8bd-88793379a06c/datanode-0/data/ratis/4e8085fc-c502-447c-9b06-868fa3674980 for RaftStorage:Storage Directory /workdir/hadoop-ozone/tools/target/test-dir/MiniOzoneClusterImpl-40b1a39e-a15e-4017-a8bd-88793379a06c/datanode-0/data/ratis/4e8085fc-c502-447c-9b06-868fa3674980
2019-09-20 08:31:29,839 [pool-27-thread-1] INFO  server.RaftServerConfigKeys (ConfUtils.java:logGet(43)) - raft.server.log.queue.byte-limit = 2147483647 (custom)
2019-09-20 08:31:29,839 [pool-27-thread-1] INFO  server.RaftServerConfigKeys (ConfUtils.java:logGet(43)) - raft.server.log.queue.element-limit = 1024 (custom)
2019-09-20 08:31:29,839 [pool-27-thread-1] INFO  server.RaftServerConfigKeys (ConfUtils.java:logGet(43)) - raft.server.log.segment.size.max = 1048576 (custom)
2019-09-20 08:31:29,839 [pool-27-thread-1] INFO  server.RaftServerConfigKeys (ConfUtils.java:logGet(43)) - raft.server.log.preallocated.size = 16384 (custom)
2019-09-20 08:31:29,839 [pool-27-thread-1] INFO  server.RaftServerConfigKeys (ConfUtils.java:logGet(43)) - raft.server.log.write.buffer.size = 33554432 (custom)
2019-09-20 08:31:29,840 [pool-27-thread-1] INFO  server.RaftServerConfigKeys (ConfUtils.java:logGet(43)) - raft.server.log.force.sync.num = 128 (default)
2019-09-20 08:31:29,840 [pool-27-thread-1] INFO  server.RaftServerConfigKeys (ConfUtils.java:logGet(43)) - raft.server.log.statemachine.data.sync = true (default)
2019-09-20 08:31:29,840 [pool-27-thread-1] INFO  server.RaftServerConfigKeys (ConfUtils.java:logGet(43)) - raft.server.log.statemachine.data.sync.timeout = 10s (default)
2019-09-20 08:31:29,840 [pool-27-thread-1] INFO  server.RaftServerConfigKeys (ConfUtils.java:logGet(43)) - raft.server.log.statemachine.data.sync.timeout.retry = -1 (default)
2019-09-20 08:31:29,840 [pool-27-thread-1] INFO  server.RaftServerConfigKeys (ConfUtils.java:logGet(43)) - raft.server.log.statemachine.data.caching.enabled = true (custom)
2019-09-20 08:31:29,841 [pool-27-thread-1] INFO  segmented.SegmentedRaftLogWorker (SegmentedRaftLogWorker.java:lambda$new$0(132)) - b1d6c399-222b-48d2-8034-ed92e0cf00a0-SegmentedRaftLogWorker:Storage Directory /workdir/hadoop-ozone/tools/target/test-dir/MiniOzoneClusterImpl-40b1a39e-a15e-4017-a8bd-88793379a06c/datanode-0/data/ratis/4e8085fc-c502-447c-9b06-868fa3674980: flushIndex: setUnconditionally 0 -> -1
2019-09-20 08:31:29,841 [pool-27-thread-1] INFO  server.RaftServerConfigKeys (ConfUtils.java:logGet(43)) - raft.server.snapshot.auto.trigger.enabled = true (custom)
2019-09-20 08:31:29,841 [pool-27-thread-1] INFO  server.RaftServerConfigKeys (ConfUtils.java:logGet(43)) - raft.server.snapshot.auto.trigger.threshold = 10000 (custom)
2019-09-20 08:31:29,842 [pool-27-thread-1] INFO  server.RaftServerConfigKeys (ConfUtils.java:logGet(43)) - raft.server.retrycache.expirytime = 600000ms (custom)
2019-09-20 08:31:29,842 [pool-27-thread-1] INFO  impl.RaftServerImpl (RaftServerImpl.java:start(180)) - b1d6c399-222b-48d2-8034-ed92e0cf00a0: start group-868FA3674980
2019-09-20 08:31:29,842 [pool-27-thread-1] INFO  impl.RaftServerImpl (RaftServerImpl.java:setRole(171)) - b1d6c399-222b-48d2-8034-ed92e0cf00a0:group-868FA3674980 changes role from null to FOLLOWER at term 0 for startAsFollower
2019-09-20 08:31:29,842 [pool-27-thread-1] INFO  impl.RoleInfo (RoleInfo.java:updateAndGet(143)) - b1d6c399-222b-48d2-8034-ed92e0cf00a0: start FollowerState
2019-09-20 08:31:29,843 [pool-27-thread-1] INFO  util.JmxRegister (JmxRegister.java:tryRegister(44)) - Successfully registered JMX Bean with object name Ratis:service=RaftServer,group=group-868FA3674980,id=b1d6c399-222b-48d2-8034-ed92e0cf00a0
2019-09-20 08:31:29,857 [RatisPipelineUtilsThread] INFO  pipeline.PipelineStateManager (PipelineStateManager.java:addPipeline(56)) - Created pipeline Pipeline[ Id: 4e8085fc-c502-447c-9b06-868fa3674980, Nodes: b1d6c399-222b-48d2-8034-ed92e0cf00a0{ip: 192.168.34.27, host: pr-hdds-1569-6tbh6-3362816358, networkLocation: /default-rack, certSerialId: null}, Type:RATIS, Factor:ONE, State:OPEN]
2019-09-20 08:31:29,879 [grpc-default-executor-0] INFO  impl.RaftServerProxy (RaftServerProxy.java:addNew(89)) - b1d6c399-222b-48d2-8034-ed92e0cf00a0: addNew group-90A84F8F0A2A:[b1d6c399-222b-48d2-8034-ed92e0cf00a0:192.168.34.27:37513] returns group-90A84F8F0A2A:java.util.concurrent.CompletableFuture@4bd4dc29[Not completed]
2019-09-20 08:31:29,881 [pool-27-thread-1] INFO  impl.RaftServerImpl (RaftServerImpl.java:<init>(93)) - b1d6c399-222b-48d2-8034-ed92e0cf00a0: new RaftServerImpl for group-90A84F8F0A2A:[b1d6c399-222b-48d2-8034-ed92e0cf00a0:192.168.34.27:37513] with ContainerStateMachine:uninitialized
2019-09-20 08:31:29,881 [pool-27-thread-1] INFO  server.RaftServerConfigKeys (ConfUtils.java:logGet(43)) - raft.server.rpc.timeout.min = 5s (custom)
2019-09-20 08:31:29,881 [pool-27-thread-1] INFO  server.RaftServerConfigKeys (ConfUtils.java:logGet(43)) - raft.server.rpc.timeout.max = 5200ms (custom)
2019-09-20 08:31:29,881 [pool-27-thread-1] INFO  server.RaftServerConfigKeys (ConfUtils.java:logGet(43)) - raft.server.rpcslowness.timeout = 120s (custom)
2019-09-20 08:31:29,882 [pool-27-thread-1] INFO  server.RaftServerConfigKeys (ConfUtils.java:logGet(43)) - raft.server.sleep.deviation.threshold = 300 (default)
2019-09-20 08:31:29,882 [pool-27-thread-1] INFO  server.RaftServerConfigKeys (ConfUtils.java:logGet(43)) - raft.server.log.appender.install.snapshot.enabled = false (custom)
2019-09-20 08:31:29,882 [pool-27-thread-1] INFO  impl.RaftServerImpl (ServerState.java:<init>(105)) - b1d6c399-222b-48d2-8034-ed92e0cf00a0:group-90A84F8F0A2A ConfigurationManager, init=-1: [b1d6c399-222b-48d2-8034-ed92e0cf00a0:192.168.34.27:37513], old=null, confs=<EMPTY_MAP>
2019-09-20 08:31:29,882 [pool-27-thread-1] INFO  server.RaftServerConfigKeys (ConfUtils.java:logGet(43)) - raft.server.storage.dir = [/workdir/hadoop-ozone/tools/target/test-dir/MiniOzoneClusterImpl-40b1a39e-a15e-4017-a8bd-88793379a06c/datanode-0/data/ratis] (custom)
2019-09-20 08:31:29,882 [pool-27-thread-1] INFO  storage.RaftStorageDirectory (RaftStorageDirectory.java:analyzeStorage(246)) - The storage directory /workdir/hadoop-ozone/tools/target/test-dir/MiniOzoneClusterImpl-40b1a39e-a15e-4017-a8bd-88793379a06c/datanode-0/data/ratis/877eb99e-e338-430d-b51f-90a84f8f0a2a does not exist. Creating ...
2019-09-20 08:31:29,897 [pool-27-thread-1] INFO  storage.RaftStorageDirectory (RaftStorageDirectory.java:tryLock(328)) - Lock on /workdir/hadoop-ozone/tools/target/test-dir/MiniOzoneClusterImpl-40b1a39e-a15e-4017-a8bd-88793379a06c/datanode-0/data/ratis/877eb99e-e338-430d-b51f-90a84f8f0a2a/in_use.lock acquired by nodename 4915@pr-hdds-1569-6tbh6-3362816358
2019-09-20 08:31:29,909 [pool-27-thread-1] INFO  storage.RaftStorage (RaftStorage.java:format(72)) - Storage directory /workdir/hadoop-ozone/tools/target/test-dir/MiniOzoneClusterImpl-40b1a39e-a15e-4017-a8bd-88793379a06c/datanode-0/data/ratis/877eb99e-e338-430d-b51f-90a84f8f0a2a has been successfully formatted.
2019-09-20 08:31:29,910 [pool-27-thread-1] INFO  ratis.ContainerStateMachine (ContainerStateMachine.java:loadSnapshot(226)) - group-90A84F8F0A2A: The snapshot info is null. Setting the last applied indexto:(t:0, i:~)
2019-09-20 08:31:29,910 [pool-27-thread-1] INFO  server.RaftServerConfigKeys (ConfUtils.java:logGet(43)) - raft.server.leader.election.timeout = 120s (custom)
2019-09-20 08:31:29,910 [pool-27-thread-1] INFO  server.RaftServerConfigKeys (ConfUtils.java:logGet(43)) - raft.server.log.use.memory = false (default)
2019-09-20 08:31:29,910 [pool-27-thread-1] INFO  server.RaftServerConfigKeys (ConfUtils.java:logGet(43)) - raft.server.log.purge.gap = 1000000 (custom)
2019-09-20 08:31:29,911 [pool-27-thread-1] INFO  server.RaftServerConfigKeys (ConfUtils.java:logGet(43)) - raft.server.log.appender.buffer.byte-limit = 33554432 (custom)
2019-09-20 08:31:29,911 [pool-27-thread-1] INFO  server.RaftServerConfigKeys (ConfUtils.java:logGet(43)) - raft.server.log.segment.size.max = 1048576 (custom)
2019-09-20 08:31:29,911 [pool-27-thread-1] INFO  server.RaftServerConfigKeys (ConfUtils.java:logGet(43)) - raft.server.log.segment.cache.num.max = 2 (custom)
2019-09-20 08:31:29,911 [pool-27-thread-1] INFO  segmented.SegmentedRaftLogWorker (SegmentedRaftLogWorker.java:<init>(172)) - new b1d6c399-222b-48d2-8034-ed92e0cf00a0-SegmentedRaftLogWorker:Storage Directory /workdir/hadoop-ozone/tools/target/test-dir/MiniOzoneClusterImpl-40b1a39e-a15e-4017-a8bd-88793379a06c/datanode-0/data/ratis/877eb99e-e338-430d-b51f-90a84f8f0a2a for RaftStorage:Storage Directory /workdir/hadoop-ozone/tools/target/test-dir/MiniOzoneClusterImpl-40b1a39e-a15e-4017-a8bd-88793379a06c/datanode-0/data/ratis/877eb99e-e338-430d-b51f-90a84f8f0a2a
2019-09-20 08:31:29,911 [pool-27-thread-1] INFO  server.RaftServerConfigKeys (ConfUtils.java:logGet(43)) - raft.server.log.queue.byte-limit = 2147483647 (custom)
2019-09-20 08:31:29,912 [pool-27-thread-1] INFO  server.RaftServerConfigKeys (ConfUtils.java:logGet(43)) - raft.server.log.queue.element-limit = 1024 (custom)
2019-09-20 08:31:29,912 [pool-27-thread-1] INFO  server.RaftServerConfigKeys (ConfUtils.java:logGet(43)) - raft.server.log.segment.size.max = 1048576 (custom)
2019-09-20 08:31:29,912 [pool-27-thread-1] INFO  server.RaftServerConfigKeys (ConfUtils.java:logGet(43)) - raft.server.log.preallocated.size = 16384 (custom)
2019-09-20 08:31:29,912 [pool-27-thread-1] INFO  server.RaftServerConfigKeys (ConfUtils.java:logGet(43)) - raft.server.log.write.buffer.size = 33554432 (custom)
2019-09-20 08:31:29,912 [pool-27-thread-1] INFO  server.RaftServerConfigKeys (ConfUtils.java:logGet(43)) - raft.server.log.force.sync.num = 128 (default)
2019-09-20 08:31:29,912 [pool-27-thread-1] INFO  server.RaftServerConfigKeys (ConfUtils.java:logGet(43)) - raft.server.log.statemachine.data.sync = true (default)
2019-09-20 08:31:29,913 [pool-27-thread-1] INFO  server.RaftServerConfigKeys (ConfUtils.java:logGet(43)) - raft.server.log.statemachine.data.sync.timeout = 10s (default)
2019-09-20 08:31:29,913 [pool-27-thread-1] INFO  server.RaftServerConfigKeys (ConfUtils.java:logGet(43)) - raft.server.log.statemachine.data.sync.timeout.retry = -1 (default)
2019-09-20 08:31:29,913 [pool-27-thread-1] INFO  server.RaftServerConfigKeys (ConfUtils.java:logGet(43)) - raft.server.log.statemachine.data.caching.enabled = true (custom)
2019-09-20 08:31:29,913 [pool-27-thread-1] INFO  segmented.SegmentedRaftLogWorker (SegmentedRaftLogWorker.java:lambda$new$0(132)) - b1d6c399-222b-48d2-8034-ed92e0cf00a0-SegmentedRaftLogWorker:Storage Directory /workdir/hadoop-ozone/tools/target/test-dir/MiniOzoneClusterImpl-40b1a39e-a15e-4017-a8bd-88793379a06c/datanode-0/data/ratis/877eb99e-e338-430d-b51f-90a84f8f0a2a: flushIndex: setUnconditionally 0 -> -1
2019-09-20 08:31:29,914 [pool-27-thread-1] INFO  server.RaftServerConfigKeys (ConfUtils.java:logGet(43)) - raft.server.snapshot.auto.trigger.enabled = true (custom)
2019-09-20 08:31:29,914 [pool-27-thread-1] INFO  server.RaftServerConfigKeys (ConfUtils.java:logGet(43)) - raft.server.snapshot.auto.trigger.threshold = 10000 (custom)
2019-09-20 08:31:29,914 [pool-27-thread-1] INFO  server.RaftServerConfigKeys (ConfUtils.java:logGet(43)) - raft.server.retrycache.expirytime = 600000ms (custom)
2019-09-20 08:31:29,915 [pool-27-thread-1] INFO  impl.RaftServerImpl (RaftServerImpl.java:start(180)) - b1d6c399-222b-48d2-8034-ed92e0cf00a0: start group-90A84F8F0A2A
2019-09-20 08:31:29,915 [pool-27-thread-1] INFO  impl.RaftServerImpl (RaftServerImpl.java:setRole(171)) - b1d6c399-222b-48d2-8034-ed92e0cf00a0:group-90A84F8F0A2A changes role from null to FOLLOWER at term 0 for startAsFollower
2019-09-20 08:31:29,915 [pool-27-thread-1] INFO  impl.RoleInfo (RoleInfo.java:updateAndGet(143)) - b1d6c399-222b-48d2-8034-ed92e0cf00a0: start FollowerState
2019-09-20 08:31:29,915 [pool-27-thread-1] INFO  util.JmxRegister (JmxRegister.java:tryRegister(44)) - Successfully registered JMX Bean with object name Ratis:service=RaftServer,group=group-90A84F8F0A2A,id=b1d6c399-222b-48d2-8034-ed92e0cf00a0
2019-09-20 08:31:29,928 [RatisPipelineUtilsThread] INFO  pipeline.PipelineStateManager (PipelineStateManager.java:addPipeline(56)) - Created pipeline Pipeline[ Id: 877eb99e-e338-430d-b51f-90a84f8f0a2a, Nodes: b1d6c399-222b-48d2-8034-ed92e0cf00a0{ip: 192.168.34.27, host: pr-hdds-1569-6tbh6-3362816358, networkLocation: /default-rack, certSerialId: null}, Type:RATIS, Factor:ONE, State:OPEN]
2019-09-20 08:31:29,953 [grpc-default-executor-0] INFO  impl.RaftServerProxy (RaftServerProxy.java:addNew(89)) - b1d6c399-222b-48d2-8034-ed92e0cf00a0: addNew group-39374F45987F:[b1d6c399-222b-48d2-8034-ed92e0cf00a0:192.168.34.27:37513] returns group-39374F45987F:java.util.concurrent.CompletableFuture@1c998314[Not completed]
2019-09-20 08:31:29,955 [pool-27-thread-1] INFO  impl.RaftServerImpl (RaftServerImpl.java:<init>(93)) - b1d6c399-222b-48d2-8034-ed92e0cf00a0: new RaftServerImpl for group-39374F45987F:[b1d6c399-222b-48d2-8034-ed92e0cf00a0:192.168.34.27:37513] with ContainerStateMachine:uninitialized
2019-09-20 08:31:29,955 [pool-27-thread-1] INFO  server.RaftServerConfigKeys (ConfUtils.java:logGet(43)) - raft.server.rpc.timeout.min = 5s (custom)
2019-09-20 08:31:29,955 [pool-27-thread-1] INFO  server.RaftServerConfigKeys (ConfUtils.java:logGet(43)) - raft.server.rpc.timeout.max = 5200ms (custom)
2019-09-20 08:31:29,956 [pool-27-thread-1] INFO  server.RaftServerConfigKeys (ConfUtils.java:logGet(43)) - raft.server.rpcslowness.timeout = 120s (custom)
2019-09-20 08:31:29,956 [pool-27-thread-1] INFO  server.RaftServerConfigKeys (ConfUtils.java:logGet(43)) - raft.server.sleep.deviation.threshold = 300 (default)
2019-09-20 08:31:29,956 [pool-27-thread-1] INFO  server.RaftServerConfigKeys (ConfUtils.java:logGet(43)) - raft.server.log.appender.install.snapshot.enabled = false (custom)
2019-09-20 08:31:29,956 [pool-27-thread-1] INFO  impl.RaftServerImpl (ServerState.java:<init>(105)) - b1d6c399-222b-48d2-8034-ed92e0cf00a0:group-39374F45987F ConfigurationManager, init=-1: [b1d6c399-222b-48d2-8034-ed92e0cf00a0:192.168.34.27:37513], old=null, confs=<EMPTY_MAP>
2019-09-20 08:31:29,956 [pool-27-thread-1] INFO  server.RaftServerConfigKeys (ConfUtils.java:logGet(43)) - raft.server.storage.dir = [/workdir/hadoop-ozone/tools/target/test-dir/MiniOzoneClusterImpl-40b1a39e-a15e-4017-a8bd-88793379a06c/datanode-0/data/ratis] (custom)
2019-09-20 08:31:29,957 [pool-27-thread-1] INFO  storage.RaftStorageDirectory (RaftStorageDirectory.java:analyzeStorage(246)) - The storage directory /workdir/hadoop-ozone/tools/target/test-dir/MiniOzoneClusterImpl-40b1a39e-a15e-4017-a8bd-88793379a06c/datanode-0/data/ratis/cb1247ab-acc1-4c41-9c4a-39374f45987f does not exist. Creating ...
2019-09-20 08:31:29,971 [pool-27-thread-1] INFO  storage.RaftStorageDirectory (RaftStorageDirectory.java:tryLock(328)) - Lock on /workdir/hadoop-ozone/tools/target/test-dir/MiniOzoneClusterImpl-40b1a39e-a15e-4017-a8bd-88793379a06c/datanode-0/data/ratis/cb1247ab-acc1-4c41-9c4a-39374f45987f/in_use.lock acquired by nodename 4915@pr-hdds-1569-6tbh6-3362816358
2019-09-20 08:31:29,984 [pool-27-thread-1] INFO  storage.RaftStorage (RaftStorage.java:format(72)) - Storage directory /workdir/hadoop-ozone/tools/target/test-dir/MiniOzoneClusterImpl-40b1a39e-a15e-4017-a8bd-88793379a06c/datanode-0/data/ratis/cb1247ab-acc1-4c41-9c4a-39374f45987f has been successfully formatted.
2019-09-20 08:31:29,984 [pool-27-thread-1] INFO  ratis.ContainerStateMachine (ContainerStateMachine.java:loadSnapshot(226)) - group-39374F45987F: The snapshot info is null. Setting the last applied indexto:(t:0, i:~)
2019-09-20 08:31:29,985 [pool-27-thread-1] INFO  server.RaftServerConfigKeys (ConfUtils.java:logGet(43)) - raft.server.leader.election.timeout = 120s (custom)
2019-09-20 08:31:29,985 [pool-27-thread-1] INFO  server.RaftServerConfigKeys (ConfUtils.java:logGet(43)) - raft.server.log.use.memory = false (default)
2019-09-20 08:31:29,985 [pool-27-thread-1] INFO  server.RaftServerConfigKeys (ConfUtils.java:logGet(43)) - raft.server.log.purge.gap = 1000000 (custom)
2019-09-20 08:31:29,985 [pool-27-thread-1] INFO  server.RaftServerConfigKeys (ConfUtils.java:logGet(43)) - raft.server.log.appender.buffer.byte-limit = 33554432 (custom)
2019-09-20 08:31:29,985 [pool-27-thread-1] INFO  server.RaftServerConfigKeys (ConfUtils.java:logGet(43)) - raft.server.log.segment.size.max = 1048576 (custom)
2019-09-20 08:31:29,986 [pool-27-thread-1] INFO  server.RaftServerConfigKeys (ConfUtils.java:logGet(43)) - raft.server.log.segment.cache.num.max = 2 (custom)
2019-09-20 08:31:29,986 [pool-27-thread-1] INFO  segmented.SegmentedRaftLogWorker (SegmentedRaftLogWorker.java:<init>(172)) - new b1d6c399-222b-48d2-8034-ed92e0cf00a0-SegmentedRaftLogWorker:Storage Directory /workdir/hadoop-ozone/tools/target/test-dir/MiniOzoneClusterImpl-40b1a39e-a15e-4017-a8bd-88793379a06c/datanode-0/data/ratis/cb1247ab-acc1-4c41-9c4a-39374f45987f for RaftStorage:Storage Directory /workdir/hadoop-ozone/tools/target/test-dir/MiniOzoneClusterImpl-40b1a39e-a15e-4017-a8bd-88793379a06c/datanode-0/data/ratis/cb1247ab-acc1-4c41-9c4a-39374f45987f
2019-09-20 08:31:29,986 [pool-27-thread-1] INFO  server.RaftServerConfigKeys (ConfUtils.java:logGet(43)) - raft.server.log.queue.byte-limit = 2147483647 (custom)
2019-09-20 08:31:29,986 [pool-27-thread-1] INFO  server.RaftServerConfigKeys (ConfUtils.java:logGet(43)) - raft.server.log.queue.element-limit = 1024 (custom)
2019-09-20 08:31:29,986 [pool-27-thread-1] INFO  server.RaftServerConfigKeys (ConfUtils.java:logGet(43)) - raft.server.log.segment.size.max = 1048576 (custom)
2019-09-20 08:31:29,987 [pool-27-thread-1] INFO  server.RaftServerConfigKeys (ConfUtils.java:logGet(43)) - raft.server.log.preallocated.size = 16384 (custom)
2019-09-20 08:31:29,987 [pool-27-thread-1] INFO  server.RaftServerConfigKeys (ConfUtils.java:logGet(43)) - raft.server.log.write.buffer.size = 33554432 (custom)
2019-09-20 08:31:29,987 [pool-27-thread-1] INFO  server.RaftServerConfigKeys (ConfUtils.java:logGet(43)) - raft.server.log.force.sync.num = 128 (default)
2019-09-20 08:31:29,987 [pool-27-thread-1] INFO  server.RaftServerConfigKeys (ConfUtils.java:logGet(43)) - raft.server.log.statemachine.data.sync = true (default)
2019-09-20 08:31:29,988 [pool-27-thread-1] INFO  server.RaftServerConfigKeys (ConfUtils.java:logGet(43)) - raft.server.log.statemachine.data.sync.timeout = 10s (default)
2019-09-20 08:31:29,988 [pool-27-thread-1] INFO  server.RaftServerConfigKeys (ConfUtils.java:logGet(43)) - raft.server.log.statemachine.data.sync.timeout.retry = -1 (default)
2019-09-20 08:31:29,988 [pool-27-thread-1] INFO  server.RaftServerConfigKeys (ConfUtils.java:logGet(43)) - raft.server.log.statemachine.data.caching.enabled = true (custom)
2019-09-20 08:31:29,989 [pool-27-thread-1] INFO  segmented.SegmentedRaftLogWorker (SegmentedRaftLogWorker.java:lambda$new$0(132)) - b1d6c399-222b-48d2-8034-ed92e0cf00a0-SegmentedRaftLogWorker:Storage Directory /workdir/hadoop-ozone/tools/target/test-dir/MiniOzoneClusterImpl-40b1a39e-a15e-4017-a8bd-88793379a06c/datanode-0/data/ratis/cb1247ab-acc1-4c41-9c4a-39374f45987f: flushIndex: setUnconditionally 0 -> -1
2019-09-20 08:31:29,989 [pool-27-thread-1] INFO  server.RaftServerConfigKeys (ConfUtils.java:logGet(43)) - raft.server.snapshot.auto.trigger.enabled = true (custom)
2019-09-20 08:31:29,989 [pool-27-thread-1] INFO  server.RaftServerConfigKeys (ConfUtils.java:logGet(43)) - raft.server.snapshot.auto.trigger.threshold = 10000 (custom)
2019-09-20 08:31:29,989 [pool-27-thread-1] INFO  server.RaftServerConfigKeys (ConfUtils.java:logGet(43)) - raft.server.retrycache.expirytime = 600000ms (custom)
2019-09-20 08:31:29,990 [pool-27-thread-1] INFO  impl.RaftServerImpl (RaftServerImpl.java:start(180)) - b1d6c399-222b-48d2-8034-ed92e0cf00a0: start group-39374F45987F
2019-09-20 08:31:29,990 [pool-27-thread-1] INFO  impl.RaftServerImpl (RaftServerImpl.java:setRole(171)) - b1d6c399-222b-48d2-8034-ed92e0cf00a0:group-39374F45987F changes role from null to FOLLOWER at term 0 for startAsFollower
2019-09-20 08:31:29,990 [pool-27-thread-1] INFO  impl.RoleInfo (RoleInfo.java:updateAndGet(143)) - b1d6c399-222b-48d2-8034-ed92e0cf00a0: start FollowerState
2019-09-20 08:31:29,991 [pool-27-thread-1] INFO  util.JmxRegister (JmxRegister.java:tryRegister(44)) - Successfully registered JMX Bean with object name Ratis:service=RaftServer,group=group-39374F45987F,id=b1d6c399-222b-48d2-8034-ed92e0cf00a0
2019-09-20 08:31:30,009 [RatisPipelineUtilsThread] INFO  pipeline.PipelineStateManager (PipelineStateManager.java:addPipeline(56)) - Created pipeline Pipeline[ Id: cb1247ab-acc1-4c41-9c4a-39374f45987f, Nodes: b1d6c399-222b-48d2-8034-ed92e0cf00a0{ip: 192.168.34.27, host: pr-hdds-1569-6tbh6-3362816358, networkLocation: /default-rack, certSerialId: null}, Type:RATIS, Factor:ONE, State:OPEN]
2019-09-20 08:31:30,040 [grpc-default-executor-0] INFO  impl.RaftServerProxy (RaftServerProxy.java:addNew(89)) - 7afa6414-ef24-48ad-8f55-8b19d11f4e72: addNew group-E620FD1FCF6A:[7afa6414-ef24-48ad-8f55-8b19d11f4e72:192.168.34.27:33260] returns group-E620FD1FCF6A:java.util.concurrent.CompletableFuture@7c809eed[Not completed]
2019-09-20 08:31:30,091 [pool-71-thread-1] INFO  impl.RaftServerImpl (RaftServerImpl.java:<init>(93)) - 7afa6414-ef24-48ad-8f55-8b19d11f4e72: new RaftServerImpl for group-E620FD1FCF6A:[7afa6414-ef24-48ad-8f55-8b19d11f4e72:192.168.34.27:33260] with ContainerStateMachine:uninitialized
2019-09-20 08:31:30,092 [pool-71-thread-1] INFO  server.RaftServerConfigKeys (ConfUtils.java:logGet(43)) - raft.server.rpc.timeout.min = 5s (custom)
2019-09-20 08:31:30,093 [pool-71-thread-1] INFO  server.RaftServerConfigKeys (ConfUtils.java:logGet(43)) - raft.server.rpc.timeout.max = 5200ms (custom)
2019-09-20 08:31:30,093 [pool-71-thread-1] INFO  server.RaftServerConfigKeys (ConfUtils.java:logGet(43)) - raft.server.rpcslowness.timeout = 120s (custom)
2019-09-20 08:31:30,093 [pool-71-thread-1] INFO  server.RaftServerConfigKeys (ConfUtils.java:logGet(43)) - raft.server.sleep.deviation.threshold = 300 (default)
2019-09-20 08:31:30,093 [pool-71-thread-1] INFO  server.RaftServerConfigKeys (ConfUtils.java:logGet(43)) - raft.server.log.appender.install.snapshot.enabled = false (custom)
2019-09-20 08:31:30,093 [pool-71-thread-1] INFO  impl.RaftServerImpl (ServerState.java:<init>(105)) - 7afa6414-ef24-48ad-8f55-8b19d11f4e72:group-E620FD1FCF6A ConfigurationManager, init=-1: [7afa6414-ef24-48ad-8f55-8b19d11f4e72:192.168.34.27:33260], old=null, confs=<EMPTY_MAP>
2019-09-20 08:31:30,094 [pool-71-thread-1] INFO  server.RaftServerConfigKeys (ConfUtils.java:logGet(43)) - raft.server.storage.dir = [/workdir/hadoop-ozone/tools/target/test-dir/MiniOzoneClusterImpl-40b1a39e-a15e-4017-a8bd-88793379a06c/datanode-4/data/ratis] (custom)
2019-09-20 08:31:30,094 [pool-71-thread-1] INFO  storage.RaftStorageDirectory (RaftStorageDirectory.java:analyzeStorage(246)) - The storage directory /workdir/hadoop-ozone/tools/target/test-dir/MiniOzoneClusterImpl-40b1a39e-a15e-4017-a8bd-88793379a06c/datanode-4/data/ratis/68163b8f-1270-4bcd-a642-e620fd1fcf6a does not exist. Creating ...
2019-09-20 08:31:30,108 [pool-71-thread-1] INFO  storage.RaftStorageDirectory (RaftStorageDirectory.java:tryLock(328)) - Lock on /workdir/hadoop-ozone/tools/target/test-dir/MiniOzoneClusterImpl-40b1a39e-a15e-4017-a8bd-88793379a06c/datanode-4/data/ratis/68163b8f-1270-4bcd-a642-e620fd1fcf6a/in_use.lock acquired by nodename 4915@pr-hdds-1569-6tbh6-3362816358
2019-09-20 08:31:30,128 [pool-71-thread-1] INFO  storage.RaftStorage (RaftStorage.java:format(72)) - Storage directory /workdir/hadoop-ozone/tools/target/test-dir/MiniOzoneClusterImpl-40b1a39e-a15e-4017-a8bd-88793379a06c/datanode-4/data/ratis/68163b8f-1270-4bcd-a642-e620fd1fcf6a has been successfully formatted.
2019-09-20 08:31:30,129 [pool-71-thread-1] INFO  ratis.ContainerStateMachine (ContainerStateMachine.java:loadSnapshot(226)) - group-E620FD1FCF6A: The snapshot info is null. Setting the last applied indexto:(t:0, i:~)
2019-09-20 08:31:30,131 [pool-71-thread-1] INFO  server.RaftServerConfigKeys (ConfUtils.java:logGet(43)) - raft.server.leader.election.timeout = 120s (custom)
2019-09-20 08:31:30,131 [pool-71-thread-1] INFO  server.RaftServerConfigKeys (ConfUtils.java:logGet(43)) - raft.server.log.use.memory = false (default)
2019-09-20 08:31:30,131 [pool-71-thread-1] INFO  server.RaftServerConfigKeys (ConfUtils.java:logGet(43)) - raft.server.log.purge.gap = 1000000 (custom)
2019-09-20 08:31:30,131 [pool-71-thread-1] INFO  server.RaftServerConfigKeys (ConfUtils.java:logGet(43)) - raft.server.log.appender.buffer.byte-limit = 33554432 (custom)
2019-09-20 08:31:30,131 [pool-71-thread-1] INFO  server.RaftServerConfigKeys (ConfUtils.java:logGet(43)) - raft.server.log.segment.size.max = 1048576 (custom)
2019-09-20 08:31:30,132 [pool-71-thread-1] INFO  server.RaftServerConfigKeys (ConfUtils.java:logGet(43)) - raft.server.log.segment.cache.num.max = 2 (custom)
2019-09-20 08:31:30,132 [pool-71-thread-1] INFO  segmented.SegmentedRaftLogWorker (SegmentedRaftLogWorker.java:<init>(172)) - new 7afa6414-ef24-48ad-8f55-8b19d11f4e72-SegmentedRaftLogWorker:Storage Directory /workdir/hadoop-ozone/tools/target/test-dir/MiniOzoneClusterImpl-40b1a39e-a15e-4017-a8bd-88793379a06c/datanode-4/data/ratis/68163b8f-1270-4bcd-a642-e620fd1fcf6a for RaftStorage:Storage Directory /workdir/hadoop-ozone/tools/target/test-dir/MiniOzoneClusterImpl-40b1a39e-a15e-4017-a8bd-88793379a06c/datanode-4/data/ratis/68163b8f-1270-4bcd-a642-e620fd1fcf6a
2019-09-20 08:31:30,133 [pool-71-thread-1] INFO  server.RaftServerConfigKeys (ConfUtils.java:logGet(43)) - raft.server.log.queue.byte-limit = 2147483647 (custom)
2019-09-20 08:31:30,134 [pool-71-thread-1] INFO  server.RaftServerConfigKeys (ConfUtils.java:logGet(43)) - raft.server.log.queue.element-limit = 1024 (custom)
2019-09-20 08:31:30,134 [pool-71-thread-1] INFO  server.RaftServerConfigKeys (ConfUtils.java:logGet(43)) - raft.server.log.segment.size.max = 1048576 (custom)
2019-09-20 08:31:30,134 [pool-71-thread-1] INFO  server.RaftServerConfigKeys (ConfUtils.java:logGet(43)) - raft.server.log.preallocated.size = 16384 (custom)
2019-09-20 08:31:30,134 [pool-71-thread-1] INFO  server.RaftServerConfigKeys (ConfUtils.java:logGet(43)) - raft.server.log.write.buffer.size = 33554432 (custom)
2019-09-20 08:31:30,134 [pool-71-thread-1] INFO  server.RaftServerConfigKeys (ConfUtils.java:logGet(43)) - raft.server.log.force.sync.num = 128 (default)
2019-09-20 08:31:30,135 [pool-71-thread-1] INFO  server.RaftServerConfigKeys (ConfUtils.java:logGet(43)) - raft.server.log.statemachine.data.sync = true (default)
2019-09-20 08:31:30,135 [pool-71-thread-1] INFO  server.RaftServerConfigKeys (ConfUtils.java:logGet(43)) - raft.server.log.statemachine.data.sync.timeout = 10s (default)
2019-09-20 08:31:30,135 [pool-71-thread-1] INFO  server.RaftServerConfigKeys (ConfUtils.java:logGet(43)) - raft.server.log.statemachine.data.sync.timeout.retry = -1 (default)
2019-09-20 08:31:30,135 [pool-71-thread-1] INFO  server.RaftServerConfigKeys (ConfUtils.java:logGet(43)) - raft.server.log.statemachine.data.caching.enabled = true (custom)
2019-09-20 08:31:30,136 [pool-71-thread-1] INFO  segmented.SegmentedRaftLogWorker (SegmentedRaftLogWorker.java:lambda$new$0(132)) - 7afa6414-ef24-48ad-8f55-8b19d11f4e72-SegmentedRaftLogWorker:Storage Directory /workdir/hadoop-ozone/tools/target/test-dir/MiniOzoneClusterImpl-40b1a39e-a15e-4017-a8bd-88793379a06c/datanode-4/data/ratis/68163b8f-1270-4bcd-a642-e620fd1fcf6a: flushIndex: setUnconditionally 0 -> -1
2019-09-20 08:31:30,136 [pool-71-thread-1] INFO  server.RaftServerConfigKeys (ConfUtils.java:logGet(43)) - raft.server.snapshot.auto.trigger.enabled = true (custom)
2019-09-20 08:31:30,136 [pool-71-thread-1] INFO  server.RaftServerConfigKeys (ConfUtils.java:logGet(43)) - raft.server.snapshot.auto.trigger.threshold = 10000 (custom)
2019-09-20 08:31:30,137 [pool-71-thread-1] INFO  server.RaftServerConfigKeys (ConfUtils.java:logGet(43)) - raft.server.retrycache.expirytime = 600000ms (custom)
2019-09-20 08:31:30,137 [pool-71-thread-1] INFO  impl.RaftServerImpl (RaftServerImpl.java:start(180)) - 7afa6414-ef24-48ad-8f55-8b19d11f4e72: start group-E620FD1FCF6A
2019-09-20 08:31:30,137 [pool-71-thread-1] INFO  impl.RaftServerImpl (RaftServerImpl.java:setRole(171)) - 7afa6414-ef24-48ad-8f55-8b19d11f4e72:group-E620FD1FCF6A changes role from null to FOLLOWER at term 0 for startAsFollower
2019-09-20 08:31:30,137 [pool-71-thread-1] INFO  impl.RoleInfo (RoleInfo.java:updateAndGet(143)) - 7afa6414-ef24-48ad-8f55-8b19d11f4e72: start FollowerState
2019-09-20 08:31:30,139 [pool-71-thread-1] INFO  util.JmxRegister (JmxRegister.java:tryRegister(44)) - Successfully registered JMX Bean with object name Ratis:service=RaftServer,group=group-E620FD1FCF6A,id=7afa6414-ef24-48ad-8f55-8b19d11f4e72
2019-09-20 08:31:30,157 [RatisPipelineUtilsThread] INFO  pipeline.PipelineStateManager (PipelineStateManager.java:addPipeline(56)) - Created pipeline Pipeline[ Id: 68163b8f-1270-4bcd-a642-e620fd1fcf6a, Nodes: 7afa6414-ef24-48ad-8f55-8b19d11f4e72{ip: 192.168.34.27, host: pr-hdds-1569-6tbh6-3362816358, networkLocation: /default-rack, certSerialId: null}, Type:RATIS, Factor:ONE, State:OPEN]
2019-09-20 08:31:30,174 [grpc-default-executor-0] INFO  impl.RaftServerProxy (RaftServerProxy.java:addNew(89)) - 0e595721-d597-45e8-8ba1-cb4ebc325b8e: addNew group-FAFC93178425:[0e595721-d597-45e8-8ba1-cb4ebc325b8e:192.168.34.27:37759] returns group-FAFC93178425:java.util.concurrent.CompletableFuture@49115c8[Not completed]
2019-09-20 08:31:30,187 [pool-49-thread-1] INFO  impl.RaftServerImpl (RaftServerImpl.java:<init>(93)) - 0e595721-d597-45e8-8ba1-cb4ebc325b8e: new RaftServerImpl for group-FAFC93178425:[0e595721-d597-45e8-8ba1-cb4ebc325b8e:192.168.34.27:37759] with ContainerStateMachine:uninitialized
2019-09-20 08:31:30,188 [pool-49-thread-1] INFO  server.RaftServerConfigKeys (ConfUtils.java:logGet(43)) - raft.server.rpc.timeout.min = 5s (custom)
2019-09-20 08:31:30,188 [pool-49-thread-1] INFO  server.RaftServerConfigKeys (ConfUtils.java:logGet(43)) - raft.server.rpc.timeout.max = 5200ms (custom)
2019-09-20 08:31:30,188 [pool-49-thread-1] INFO  server.RaftServerConfigKeys (ConfUtils.java:logGet(43)) - raft.server.rpcslowness.timeout = 120s (custom)
2019-09-20 08:31:30,188 [pool-49-thread-1] INFO  server.RaftServerConfigKeys (ConfUtils.java:logGet(43)) - raft.server.sleep.deviation.threshold = 300 (default)
2019-09-20 08:31:30,188 [pool-49-thread-1] INFO  server.RaftServerConfigKeys (ConfUtils.java:logGet(43)) - raft.server.log.appender.install.snapshot.enabled = false (custom)
2019-09-20 08:31:30,188 [pool-49-thread-1] INFO  impl.RaftServerImpl (ServerState.java:<init>(105)) - 0e595721-d597-45e8-8ba1-cb4ebc325b8e:group-FAFC93178425 ConfigurationManager, init=-1: [0e595721-d597-45e8-8ba1-cb4ebc325b8e:192.168.34.27:37759], old=null, confs=<EMPTY_MAP>
2019-09-20 08:31:30,189 [pool-49-thread-1] INFO  server.RaftServerConfigKeys (ConfUtils.java:logGet(43)) - raft.server.storage.dir = [/workdir/hadoop-ozone/tools/target/test-dir/MiniOzoneClusterImpl-40b1a39e-a15e-4017-a8bd-88793379a06c/datanode-2/data/ratis] (custom)
2019-09-20 08:31:30,189 [pool-49-thread-1] INFO  storage.RaftStorageDirectory (RaftStorageDirectory.java:analyzeStorage(246)) - The storage directory /workdir/hadoop-ozone/tools/target/test-dir/MiniOzoneClusterImpl-40b1a39e-a15e-4017-a8bd-88793379a06c/datanode-2/data/ratis/f296d38c-415f-479d-90c6-fafc93178425 does not exist. Creating ...
2019-09-20 08:31:30,210 [pool-49-thread-1] INFO  storage.RaftStorageDirectory (RaftStorageDirectory.java:tryLock(328)) - Lock on /workdir/hadoop-ozone/tools/target/test-dir/MiniOzoneClusterImpl-40b1a39e-a15e-4017-a8bd-88793379a06c/datanode-2/data/ratis/f296d38c-415f-479d-90c6-fafc93178425/in_use.lock acquired by nodename 4915@pr-hdds-1569-6tbh6-3362816358
2019-09-20 08:31:30,231 [pool-49-thread-1] INFO  storage.RaftStorage (RaftStorage.java:format(72)) - Storage directory /workdir/hadoop-ozone/tools/target/test-dir/MiniOzoneClusterImpl-40b1a39e-a15e-4017-a8bd-88793379a06c/datanode-2/data/ratis/f296d38c-415f-479d-90c6-fafc93178425 has been successfully formatted.
2019-09-20 08:31:30,232 [pool-49-thread-1] INFO  ratis.ContainerStateMachine (ContainerStateMachine.java:loadSnapshot(226)) - group-FAFC93178425: The snapshot info is null. Setting the last applied indexto:(t:0, i:~)
2019-09-20 08:31:30,232 [pool-49-thread-1] INFO  server.RaftServerConfigKeys (ConfUtils.java:logGet(43)) - raft.server.leader.election.timeout = 120s (custom)
2019-09-20 08:31:30,232 [pool-49-thread-1] INFO  server.RaftServerConfigKeys (ConfUtils.java:logGet(43)) - raft.server.log.use.memory = false (default)
2019-09-20 08:31:30,232 [pool-49-thread-1] INFO  server.RaftServerConfigKeys (ConfUtils.java:logGet(43)) - raft.server.log.purge.gap = 1000000 (custom)
2019-09-20 08:31:30,232 [pool-49-thread-1] INFO  server.RaftServerConfigKeys (ConfUtils.java:logGet(43)) - raft.server.log.appender.buffer.byte-limit = 33554432 (custom)
2019-09-20 08:31:30,232 [pool-49-thread-1] INFO  server.RaftServerConfigKeys (ConfUtils.java:logGet(43)) - raft.server.log.segment.size.max = 1048576 (custom)
2019-09-20 08:31:30,232 [pool-49-thread-1] INFO  server.RaftServerConfigKeys (ConfUtils.java:logGet(43)) - raft.server.log.segment.cache.num.max = 2 (custom)
2019-09-20 08:31:30,233 [pool-49-thread-1] INFO  segmented.SegmentedRaftLogWorker (SegmentedRaftLogWorker.java:<init>(172)) - new 0e595721-d597-45e8-8ba1-cb4ebc325b8e-SegmentedRaftLogWorker:Storage Directory /workdir/hadoop-ozone/tools/target/test-dir/MiniOzoneClusterImpl-40b1a39e-a15e-4017-a8bd-88793379a06c/datanode-2/data/ratis/f296d38c-415f-479d-90c6-fafc93178425 for RaftStorage:Storage Directory /workdir/hadoop-ozone/tools/target/test-dir/MiniOzoneClusterImpl-40b1a39e-a15e-4017-a8bd-88793379a06c/datanode-2/data/ratis/f296d38c-415f-479d-90c6-fafc93178425
2019-09-20 08:31:30,233 [pool-49-thread-1] INFO  server.RaftServerConfigKeys (ConfUtils.java:logGet(43)) - raft.server.log.queue.byte-limit = 2147483647 (custom)
2019-09-20 08:31:30,233 [pool-49-thread-1] INFO  server.RaftServerConfigKeys (ConfUtils.java:logGet(43)) - raft.server.log.queue.element-limit = 1024 (custom)
2019-09-20 08:31:30,233 [pool-49-thread-1] INFO  server.RaftServerConfigKeys (ConfUtils.java:logGet(43)) - raft.server.log.segment.size.max = 1048576 (custom)
2019-09-20 08:31:30,234 [pool-49-thread-1] INFO  server.RaftServerConfigKeys (ConfUtils.java:logGet(43)) - raft.server.log.preallocated.size = 16384 (custom)
2019-09-20 08:31:30,234 [pool-49-thread-1] INFO  server.RaftServerConfigKeys (ConfUtils.java:logGet(43)) - raft.server.log.write.buffer.size = 33554432 (custom)
2019-09-20 08:31:30,235 [pool-49-thread-1] INFO  server.RaftServerConfigKeys (ConfUtils.java:logGet(43)) - raft.server.log.force.sync.num = 128 (default)
2019-09-20 08:31:30,236 [pool-49-thread-1] INFO  server.RaftServerConfigKeys (ConfUtils.java:logGet(43)) - raft.server.log.statemachine.data.sync = true (default)
2019-09-20 08:31:30,236 [pool-49-thread-1] INFO  server.RaftServerConfigKeys (ConfUtils.java:logGet(43)) - raft.server.log.statemachine.data.sync.timeout = 10s (default)
2019-09-20 08:31:30,236 [pool-49-thread-1] INFO  server.RaftServerConfigKeys (ConfUtils.java:logGet(43)) - raft.server.log.statemachine.data.sync.timeout.retry = -1 (default)
2019-09-20 08:31:30,237 [pool-49-thread-1] INFO  server.RaftServerConfigKeys (ConfUtils.java:logGet(43)) - raft.server.log.statemachine.data.caching.enabled = true (custom)
2019-09-20 08:31:30,237 [pool-49-thread-1] INFO  segmented.SegmentedRaftLogWorker (SegmentedRaftLogWorker.java:lambda$new$0(132)) - 0e595721-d597-45e8-8ba1-cb4ebc325b8e-SegmentedRaftLogWorker:Storage Directory /workdir/hadoop-ozone/tools/target/test-dir/MiniOzoneClusterImpl-40b1a39e-a15e-4017-a8bd-88793379a06c/datanode-2/data/ratis/f296d38c-415f-479d-90c6-fafc93178425: flushIndex: setUnconditionally 0 -> -1
2019-09-20 08:31:30,238 [pool-49-thread-1] INFO  server.RaftServerConfigKeys (ConfUtils.java:logGet(43)) - raft.server.snapshot.auto.trigger.enabled = true (custom)
2019-09-20 08:31:30,238 [pool-49-thread-1] INFO  server.RaftServerConfigKeys (ConfUtils.java:logGet(43)) - raft.server.snapshot.auto.trigger.threshold = 10000 (custom)
2019-09-20 08:31:30,238 [pool-49-thread-1] INFO  server.RaftServerConfigKeys (ConfUtils.java:logGet(43)) - raft.server.retrycache.expirytime = 600000ms (custom)
2019-09-20 08:31:30,238 [pool-49-thread-1] INFO  impl.RaftServerImpl (RaftServerImpl.java:start(180)) - 0e595721-d597-45e8-8ba1-cb4ebc325b8e: start group-FAFC93178425
2019-09-20 08:31:30,239 [pool-49-thread-1] INFO  impl.RaftServerImpl (RaftServerImpl.java:setRole(171)) - 0e595721-d597-45e8-8ba1-cb4ebc325b8e:group-FAFC93178425 changes role from null to FOLLOWER at term 0 for startAsFollower
2019-09-20 08:31:30,239 [pool-49-thread-1] INFO  impl.RoleInfo (RoleInfo.java:updateAndGet(143)) - 0e595721-d597-45e8-8ba1-cb4ebc325b8e: start FollowerState
2019-09-20 08:31:30,239 [main] INFO  ozone.MiniOzoneClusterImpl (MiniOzoneClusterImpl.java:lambda$waitForClusterToBeReady$0(142)) - Cluster is ready. Got 5 of 5 DN Heartbeats.
2019-09-20 08:31:30,241 [pool-49-thread-1] INFO  util.JmxRegister (JmxRegister.java:tryRegister(44)) - Successfully registered JMX Bean with object name Ratis:service=RaftServer,group=group-FAFC93178425,id=0e595721-d597-45e8-8ba1-cb4ebc325b8e
2019-09-20 08:31:30,255 | INFO  | SCMAudit | user=jenkins1000 | ip=192.168.34.27 | op=SEND_HEARTBEAT {datanodeUUID=b1d6c399-222b-48d2-8034-ed92e0cf00a0, command=[]} | ret=SUCCESS |  
2019-09-20 08:31:30,258 [RatisPipelineUtilsThread] INFO  pipeline.PipelineStateManager (PipelineStateManager.java:addPipeline(56)) - Created pipeline Pipeline[ Id: f296d38c-415f-479d-90c6-fafc93178425, Nodes: 0e595721-d597-45e8-8ba1-cb4ebc325b8e{ip: 192.168.34.27, host: pr-hdds-1569-6tbh6-3362816358, networkLocation: /default-rack, certSerialId: null}, Type:RATIS, Factor:ONE, State:OPEN]
2019-09-20 08:31:30,275 [grpc-default-executor-0] INFO  impl.RaftServerProxy (RaftServerProxy.java:addNew(89)) - f0fc55a7-6908-4f04-ad18-9919b4d1166c: addNew group-9979F7C3C4B8:[f0fc55a7-6908-4f04-ad18-9919b4d1166c:192.168.34.27:33395] returns group-9979F7C3C4B8:java.util.concurrent.CompletableFuture@13567e6[Not completed]
2019-09-20 08:31:30,278 [pool-38-thread-1] INFO  impl.RaftServerImpl (RaftServerImpl.java:<init>(93)) - f0fc55a7-6908-4f04-ad18-9919b4d1166c: new RaftServerImpl for group-9979F7C3C4B8:[f0fc55a7-6908-4f04-ad18-9919b4d1166c:192.168.34.27:33395] with ContainerStateMachine:uninitialized
2019-09-20 08:31:30,278 [pool-38-thread-1] INFO  server.RaftServerConfigKeys (ConfUtils.java:logGet(43)) - raft.server.rpc.timeout.min = 5s (custom)
2019-09-20 08:31:30,278 [pool-38-thread-1] INFO  server.RaftServerConfigKeys (ConfUtils.java:logGet(43)) - raft.server.rpc.timeout.max = 5200ms (custom)
2019-09-20 08:31:30,279 [pool-38-thread-1] INFO  server.RaftServerConfigKeys (ConfUtils.java:logGet(43)) - raft.server.rpcslowness.timeout = 120s (custom)
2019-09-20 08:31:30,279 [pool-38-thread-1] INFO  server.RaftServerConfigKeys (ConfUtils.java:logGet(43)) - raft.server.sleep.deviation.threshold = 300 (default)
2019-09-20 08:31:30,279 [pool-38-thread-1] INFO  server.RaftServerConfigKeys (ConfUtils.java:logGet(43)) - raft.server.log.appender.install.snapshot.enabled = false (custom)
2019-09-20 08:31:30,280 [pool-38-thread-1] INFO  impl.RaftServerImpl (ServerState.java:<init>(105)) - f0fc55a7-6908-4f04-ad18-9919b4d1166c:group-9979F7C3C4B8 ConfigurationManager, init=-1: [f0fc55a7-6908-4f04-ad18-9919b4d1166c:192.168.34.27:33395], old=null, confs=<EMPTY_MAP>
2019-09-20 08:31:30,280 [pool-38-thread-1] INFO  server.RaftServerConfigKeys (ConfUtils.java:logGet(43)) - raft.server.storage.dir = [/workdir/hadoop-ozone/tools/target/test-dir/MiniOzoneClusterImpl-40b1a39e-a15e-4017-a8bd-88793379a06c/datanode-1/data/ratis] (custom)
2019-09-20 08:31:30,281 [pool-38-thread-1] INFO  storage.RaftStorageDirectory (RaftStorageDirectory.java:analyzeStorage(246)) - The storage directory /workdir/hadoop-ozone/tools/target/test-dir/MiniOzoneClusterImpl-40b1a39e-a15e-4017-a8bd-88793379a06c/datanode-1/data/ratis/a7d05144-355a-48ab-9c4a-9979f7c3c4b8 does not exist. Creating ...
2019-09-20 08:31:30,294 [pool-38-thread-1] INFO  storage.RaftStorageDirectory (RaftStorageDirectory.java:tryLock(328)) - Lock on /workdir/hadoop-ozone/tools/target/test-dir/MiniOzoneClusterImpl-40b1a39e-a15e-4017-a8bd-88793379a06c/datanode-1/data/ratis/a7d05144-355a-48ab-9c4a-9979f7c3c4b8/in_use.lock acquired by nodename 4915@pr-hdds-1569-6tbh6-3362816358
2019-09-20 08:31:30,307 [pool-38-thread-1] INFO  storage.RaftStorage (RaftStorage.java:format(72)) - Storage directory /workdir/hadoop-ozone/tools/target/test-dir/MiniOzoneClusterImpl-40b1a39e-a15e-4017-a8bd-88793379a06c/datanode-1/data/ratis/a7d05144-355a-48ab-9c4a-9979f7c3c4b8 has been successfully formatted.
2019-09-20 08:31:30,308 [pool-38-thread-1] INFO  ratis.ContainerStateMachine (ContainerStateMachine.java:loadSnapshot(226)) - group-9979F7C3C4B8: The snapshot info is null. Setting the last applied indexto:(t:0, i:~)
2019-09-20 08:31:30,308 [pool-38-thread-1] INFO  server.RaftServerConfigKeys (ConfUtils.java:logGet(43)) - raft.server.leader.election.timeout = 120s (custom)
2019-09-20 08:31:30,308 [pool-38-thread-1] INFO  server.RaftServerConfigKeys (ConfUtils.java:logGet(43)) - raft.server.log.use.memory = false (default)
2019-09-20 08:31:30,308 [pool-38-thread-1] INFO  server.RaftServerConfigKeys (ConfUtils.java:logGet(43)) - raft.server.log.purge.gap = 1000000 (custom)
2019-09-20 08:31:30,308 [pool-38-thread-1] INFO  server.RaftServerConfigKeys (ConfUtils.java:logGet(43)) - raft.server.log.appender.buffer.byte-limit = 33554432 (custom)
2019-09-20 08:31:30,309 [pool-38-thread-1] INFO  server.RaftServerConfigKeys (ConfUtils.java:logGet(43)) - raft.server.log.segment.size.max = 1048576 (custom)
2019-09-20 08:31:30,309 [pool-38-thread-1] INFO  server.RaftServerConfigKeys (ConfUtils.java:logGet(43)) - raft.server.log.segment.cache.num.max = 2 (custom)
2019-09-20 08:31:30,309 [pool-38-thread-1] INFO  segmented.SegmentedRaftLogWorker (SegmentedRaftLogWorker.java:<init>(172)) - new f0fc55a7-6908-4f04-ad18-9919b4d1166c-SegmentedRaftLogWorker:Storage Directory /workdir/hadoop-ozone/tools/target/test-dir/MiniOzoneClusterImpl-40b1a39e-a15e-4017-a8bd-88793379a06c/datanode-1/data/ratis/a7d05144-355a-48ab-9c4a-9979f7c3c4b8 for RaftStorage:Storage Directory /workdir/hadoop-ozone/tools/target/test-dir/MiniOzoneClusterImpl-40b1a39e-a15e-4017-a8bd-88793379a06c/datanode-1/data/ratis/a7d05144-355a-48ab-9c4a-9979f7c3c4b8
2019-09-20 08:31:30,309 [pool-38-thread-1] INFO  server.RaftServerConfigKeys (ConfUtils.java:logGet(43)) - raft.server.log.queue.byte-limit = 2147483647 (custom)
2019-09-20 08:31:30,309 [pool-38-thread-1] INFO  server.RaftServerConfigKeys (ConfUtils.java:logGet(43)) - raft.server.log.queue.element-limit = 1024 (custom)
2019-09-20 08:31:30,310 [pool-38-thread-1] INFO  server.RaftServerConfigKeys (ConfUtils.java:logGet(43)) - raft.server.log.segment.size.max = 1048576 (custom)
2019-09-20 08:31:30,310 [pool-38-thread-1] INFO  server.RaftServerConfigKeys (ConfUtils.java:logGet(43)) - raft.server.log.preallocated.size = 16384 (custom)
2019-09-20 08:31:30,310 [pool-38-thread-1] INFO  server.RaftServerConfigKeys (ConfUtils.java:logGet(43)) - raft.server.log.write.buffer.size = 33554432 (custom)
2019-09-20 08:31:30,310 [pool-38-thread-1] INFO  server.RaftServerConfigKeys (ConfUtils.java:logGet(43)) - raft.server.log.force.sync.num = 128 (default)
2019-09-20 08:31:30,311 [pool-38-thread-1] INFO  server.RaftServerConfigKeys (ConfUtils.java:logGet(43)) - raft.server.log.statemachine.data.sync = true (default)
2019-09-20 08:31:30,311 [pool-38-thread-1] INFO  server.RaftServerConfigKeys (ConfUtils.java:logGet(43)) - raft.server.log.statemachine.data.sync.timeout = 10s (default)
2019-09-20 08:31:30,311 [pool-38-thread-1] INFO  server.RaftServerConfigKeys (ConfUtils.java:logGet(43)) - raft.server.log.statemachine.data.sync.timeout.retry = -1 (default)
2019-09-20 08:31:30,311 [pool-38-thread-1] INFO  server.RaftServerConfigKeys (ConfUtils.java:logGet(43)) - raft.server.log.statemachine.data.caching.enabled = true (custom)
2019-09-20 08:31:30,312 [pool-38-thread-1] INFO  segmented.SegmentedRaftLogWorker (SegmentedRaftLogWorker.java:lambda$new$0(132)) - f0fc55a7-6908-4f04-ad18-9919b4d1166c-SegmentedRaftLogWorker:Storage Directory /workdir/hadoop-ozone/tools/target/test-dir/MiniOzoneClusterImpl-40b1a39e-a15e-4017-a8bd-88793379a06c/datanode-1/data/ratis/a7d05144-355a-48ab-9c4a-9979f7c3c4b8: flushIndex: setUnconditionally 0 -> -1
2019-09-20 08:31:30,312 [pool-38-thread-1] INFO  server.RaftServerConfigKeys (ConfUtils.java:logGet(43)) - raft.server.snapshot.auto.trigger.enabled = true (custom)
2019-09-20 08:31:30,312 [pool-38-thread-1] INFO  server.RaftServerConfigKeys (ConfUtils.java:logGet(43)) - raft.server.snapshot.auto.trigger.threshold = 10000 (custom)
2019-09-20 08:31:30,313 [pool-38-thread-1] INFO  server.RaftServerConfigKeys (ConfUtils.java:logGet(43)) - raft.server.retrycache.expirytime = 600000ms (custom)
2019-09-20 08:31:30,313 [pool-38-thread-1] INFO  impl.RaftServerImpl (RaftServerImpl.java:start(180)) - f0fc55a7-6908-4f04-ad18-9919b4d1166c: start group-9979F7C3C4B8
2019-09-20 08:31:30,313 [pool-38-thread-1] INFO  impl.RaftServerImpl (RaftServerImpl.java:setRole(171)) - f0fc55a7-6908-4f04-ad18-9919b4d1166c:group-9979F7C3C4B8 changes role from null to FOLLOWER at term 0 for startAsFollower
2019-09-20 08:31:30,313 [pool-38-thread-1] INFO  impl.RoleInfo (RoleInfo.java:updateAndGet(143)) - f0fc55a7-6908-4f04-ad18-9919b4d1166c: start FollowerState
2019-09-20 08:31:30,314 [pool-38-thread-1] INFO  util.JmxRegister (JmxRegister.java:tryRegister(44)) - Successfully registered JMX Bean with object name Ratis:service=RaftServer,group=group-9979F7C3C4B8,id=f0fc55a7-6908-4f04-ad18-9919b4d1166c
2019-09-20 08:31:30,326 [RatisPipelineUtilsThread] INFO  pipeline.PipelineStateManager (PipelineStateManager.java:addPipeline(56)) - Created pipeline Pipeline[ Id: a7d05144-355a-48ab-9c4a-9979f7c3c4b8, Nodes: f0fc55a7-6908-4f04-ad18-9919b4d1166c{ip: 192.168.34.27, host: pr-hdds-1569-6tbh6-3362816358, networkLocation: /default-rack, certSerialId: null}, Type:RATIS, Factor:ONE, State:OPEN]
2019-09-20 08:31:30,352 [grpc-default-executor-0] INFO  impl.RaftServerProxy (RaftServerProxy.java:addNew(89)) - f0fc55a7-6908-4f04-ad18-9919b4d1166c: addNew group-979FA5A6002F:[f0fc55a7-6908-4f04-ad18-9919b4d1166c:192.168.34.27:33395] returns group-979FA5A6002F:java.util.concurrent.CompletableFuture@532bc30[Not completed]
2019-09-20 08:31:30,355 [pool-38-thread-1] INFO  impl.RaftServerImpl (RaftServerImpl.java:<init>(93)) - f0fc55a7-6908-4f04-ad18-9919b4d1166c: new RaftServerImpl for group-979FA5A6002F:[f0fc55a7-6908-4f04-ad18-9919b4d1166c:192.168.34.27:33395] with ContainerStateMachine:uninitialized
2019-09-20 08:31:30,356 [pool-38-thread-1] INFO  server.RaftServerConfigKeys (ConfUtils.java:logGet(43)) - raft.server.rpc.timeout.min = 5s (custom)
2019-09-20 08:31:30,356 [pool-38-thread-1] INFO  server.RaftServerConfigKeys (ConfUtils.java:logGet(43)) - raft.server.rpc.timeout.max = 5200ms (custom)
2019-09-20 08:31:30,356 [pool-38-thread-1] INFO  server.RaftServerConfigKeys (ConfUtils.java:logGet(43)) - raft.server.rpcslowness.timeout = 120s (custom)
2019-09-20 08:31:30,356 [pool-38-thread-1] INFO  server.RaftServerConfigKeys (ConfUtils.java:logGet(43)) - raft.server.sleep.deviation.threshold = 300 (default)
2019-09-20 08:31:30,356 [pool-38-thread-1] INFO  server.RaftServerConfigKeys (ConfUtils.java:logGet(43)) - raft.server.log.appender.install.snapshot.enabled = false (custom)
2019-09-20 08:31:30,356 [pool-38-thread-1] INFO  impl.RaftServerImpl (ServerState.java:<init>(105)) - f0fc55a7-6908-4f04-ad18-9919b4d1166c:group-979FA5A6002F ConfigurationManager, init=-1: [f0fc55a7-6908-4f04-ad18-9919b4d1166c:192.168.34.27:33395], old=null, confs=<EMPTY_MAP>
2019-09-20 08:31:30,357 [pool-38-thread-1] INFO  server.RaftServerConfigKeys (ConfUtils.java:logGet(43)) - raft.server.storage.dir = [/workdir/hadoop-ozone/tools/target/test-dir/MiniOzoneClusterImpl-40b1a39e-a15e-4017-a8bd-88793379a06c/datanode-1/data/ratis] (custom)
2019-09-20 08:31:30,357 [pool-38-thread-1] INFO  storage.RaftStorageDirectory (RaftStorageDirectory.java:analyzeStorage(246)) - The storage directory /workdir/hadoop-ozone/tools/target/test-dir/MiniOzoneClusterImpl-40b1a39e-a15e-4017-a8bd-88793379a06c/datanode-1/data/ratis/1838516f-9dfe-49b5-8abc-979fa5a6002f does not exist. Creating ...
2019-09-20 08:31:30,372 [pool-38-thread-1] INFO  storage.RaftStorageDirectory (RaftStorageDirectory.java:tryLock(328)) - Lock on /workdir/hadoop-ozone/tools/target/test-dir/MiniOzoneClusterImpl-40b1a39e-a15e-4017-a8bd-88793379a06c/datanode-1/data/ratis/1838516f-9dfe-49b5-8abc-979fa5a6002f/in_use.lock acquired by nodename 4915@pr-hdds-1569-6tbh6-3362816358
2019-09-20 08:31:30,393 [pool-38-thread-1] INFO  storage.RaftStorage (RaftStorage.java:format(72)) - Storage directory /workdir/hadoop-ozone/tools/target/test-dir/MiniOzoneClusterImpl-40b1a39e-a15e-4017-a8bd-88793379a06c/datanode-1/data/ratis/1838516f-9dfe-49b5-8abc-979fa5a6002f has been successfully formatted.
2019-09-20 08:31:30,393 [pool-38-thread-1] INFO  ratis.ContainerStateMachine (ContainerStateMachine.java:loadSnapshot(226)) - group-979FA5A6002F: The snapshot info is null. Setting the last applied indexto:(t:0, i:~)
2019-09-20 08:31:30,394 [pool-38-thread-1] INFO  server.RaftServerConfigKeys (ConfUtils.java:logGet(43)) - raft.server.leader.election.timeout = 120s (custom)
2019-09-20 08:31:30,394 [pool-38-thread-1] INFO  server.RaftServerConfigKeys (ConfUtils.java:logGet(43)) - raft.server.log.use.memory = false (default)
2019-09-20 08:31:30,394 [pool-38-thread-1] INFO  server.RaftServerConfigKeys (ConfUtils.java:logGet(43)) - raft.server.log.purge.gap = 1000000 (custom)
2019-09-20 08:31:30,394 [pool-38-thread-1] INFO  server.RaftServerConfigKeys (ConfUtils.java:logGet(43)) - raft.server.log.appender.buffer.byte-limit = 33554432 (custom)
2019-09-20 08:31:30,394 [pool-38-thread-1] INFO  server.RaftServerConfigKeys (ConfUtils.java:logGet(43)) - raft.server.log.segment.size.max = 1048576 (custom)
2019-09-20 08:31:30,394 [pool-38-thread-1] INFO  server.RaftServerConfigKeys (ConfUtils.java:logGet(43)) - raft.server.log.segment.cache.num.max = 2 (custom)
2019-09-20 08:31:30,395 [pool-38-thread-1] INFO  segmented.SegmentedRaftLogWorker (SegmentedRaftLogWorker.java:<init>(172)) - new f0fc55a7-6908-4f04-ad18-9919b4d1166c-SegmentedRaftLogWorker:Storage Directory /workdir/hadoop-ozone/tools/target/test-dir/MiniOzoneClusterImpl-40b1a39e-a15e-4017-a8bd-88793379a06c/datanode-1/data/ratis/1838516f-9dfe-49b5-8abc-979fa5a6002f for RaftStorage:Storage Directory /workdir/hadoop-ozone/tools/target/test-dir/MiniOzoneClusterImpl-40b1a39e-a15e-4017-a8bd-88793379a06c/datanode-1/data/ratis/1838516f-9dfe-49b5-8abc-979fa5a6002f
2019-09-20 08:31:30,395 [pool-38-thread-1] INFO  server.RaftServerConfigKeys (ConfUtils.java:logGet(43)) - raft.server.log.queue.byte-limit = 2147483647 (custom)
2019-09-20 08:31:30,395 [pool-38-thread-1] INFO  server.RaftServerConfigKeys (ConfUtils.java:logGet(43)) - raft.server.log.queue.element-limit = 1024 (custom)
2019-09-20 08:31:30,395 [pool-38-thread-1] INFO  server.RaftServerConfigKeys (ConfUtils.java:logGet(43)) - raft.server.log.segment.size.max = 1048576 (custom)
2019-09-20 08:31:30,395 [pool-38-thread-1] INFO  server.RaftServerConfigKeys (ConfUtils.java:logGet(43)) - raft.server.log.preallocated.size = 16384 (custom)
2019-09-20 08:31:30,396 [pool-38-thread-1] INFO  server.RaftServerConfigKeys (ConfUtils.java:logGet(43)) - raft.server.log.write.buffer.size = 33554432 (custom)
2019-09-20 08:31:30,396 [pool-38-thread-1] INFO  server.RaftServerConfigKeys (ConfUtils.java:logGet(43)) - raft.server.log.force.sync.num = 128 (default)
2019-09-20 08:31:30,396 [pool-38-thread-1] INFO  server.RaftServerConfigKeys (ConfUtils.java:logGet(43)) - raft.server.log.statemachine.data.sync = true (default)
2019-09-20 08:31:30,396 [pool-38-thread-1] INFO  server.RaftServerConfigKeys (ConfUtils.java:logGet(43)) - raft.server.log.statemachine.data.sync.timeout = 10s (default)
2019-09-20 08:31:30,396 [pool-38-thread-1] INFO  server.RaftServerConfigKeys (ConfUtils.java:logGet(43)) - raft.server.log.statemachine.data.sync.timeout.retry = -1 (default)
2019-09-20 08:31:30,397 [pool-38-thread-1] INFO  server.RaftServerConfigKeys (ConfUtils.java:logGet(43)) - raft.server.log.statemachine.data.caching.enabled = true (custom)
2019-09-20 08:31:30,397 [pool-38-thread-1] INFO  segmented.SegmentedRaftLogWorker (SegmentedRaftLogWorker.java:lambda$new$0(132)) - f0fc55a7-6908-4f04-ad18-9919b4d1166c-SegmentedRaftLogWorker:Storage Directory /workdir/hadoop-ozone/tools/target/test-dir/MiniOzoneClusterImpl-40b1a39e-a15e-4017-a8bd-88793379a06c/datanode-1/data/ratis/1838516f-9dfe-49b5-8abc-979fa5a6002f: flushIndex: setUnconditionally 0 -> -1
2019-09-20 08:31:30,397 [pool-38-thread-1] INFO  server.RaftServerConfigKeys (ConfUtils.java:logGet(43)) - raft.server.snapshot.auto.trigger.enabled = true (custom)
2019-09-20 08:31:30,398 [pool-38-thread-1] INFO  server.RaftServerConfigKeys (ConfUtils.java:logGet(43)) - raft.server.snapshot.auto.trigger.threshold = 10000 (custom)
2019-09-20 08:31:30,398 [pool-38-thread-1] INFO  server.RaftServerConfigKeys (ConfUtils.java:logGet(43)) - raft.server.retrycache.expirytime = 600000ms (custom)
2019-09-20 08:31:30,398 [pool-38-thread-1] INFO  impl.RaftServerImpl (RaftServerImpl.java:start(180)) - f0fc55a7-6908-4f04-ad18-9919b4d1166c: start group-979FA5A6002F
2019-09-20 08:31:30,398 [pool-38-thread-1] INFO  impl.RaftServerImpl (RaftServerImpl.java:setRole(171)) - f0fc55a7-6908-4f04-ad18-9919b4d1166c:group-979FA5A6002F changes role from null to FOLLOWER at term 0 for startAsFollower
2019-09-20 08:31:30,398 [pool-38-thread-1] INFO  impl.RoleInfo (RoleInfo.java:updateAndGet(143)) - f0fc55a7-6908-4f04-ad18-9919b4d1166c: start FollowerState
2019-09-20 08:31:30,399 [pool-38-thread-1] INFO  util.JmxRegister (JmxRegister.java:tryRegister(44)) - Successfully registered JMX Bean with object name Ratis:service=RaftServer,group=group-979FA5A6002F,id=f0fc55a7-6908-4f04-ad18-9919b4d1166c
2019-09-20 08:31:30,411 [RatisPipelineUtilsThread] INFO  pipeline.PipelineStateManager (PipelineStateManager.java:addPipeline(56)) - Created pipeline Pipeline[ Id: 1838516f-9dfe-49b5-8abc-979fa5a6002f, Nodes: f0fc55a7-6908-4f04-ad18-9919b4d1166c{ip: 192.168.34.27, host: pr-hdds-1569-6tbh6-3362816358, networkLocation: /default-rack, certSerialId: null}, Type:RATIS, Factor:ONE, State:OPEN]
2019-09-20 08:31:30,427 [grpc-default-executor-0] INFO  impl.RaftServerProxy (RaftServerProxy.java:addNew(89)) - f0fc55a7-6908-4f04-ad18-9919b4d1166c: addNew group-DB8E84374FE5:[f0fc55a7-6908-4f04-ad18-9919b4d1166c:192.168.34.27:33395] returns group-DB8E84374FE5:java.util.concurrent.CompletableFuture@77a56e97[Not completed]
2019-09-20 08:31:30,428 [pool-38-thread-1] INFO  impl.RaftServerImpl (RaftServerImpl.java:<init>(93)) - f0fc55a7-6908-4f04-ad18-9919b4d1166c: new RaftServerImpl for group-DB8E84374FE5:[f0fc55a7-6908-4f04-ad18-9919b4d1166c:192.168.34.27:33395] with ContainerStateMachine:uninitialized
2019-09-20 08:31:30,429 [pool-38-thread-1] INFO  server.RaftServerConfigKeys (ConfUtils.java:logGet(43)) - raft.server.rpc.timeout.min = 5s (custom)
2019-09-20 08:31:30,429 [pool-38-thread-1] INFO  server.RaftServerConfigKeys (ConfUtils.java:logGet(43)) - raft.server.rpc.timeout.max = 5200ms (custom)
2019-09-20 08:31:30,429 [pool-38-thread-1] INFO  server.RaftServerConfigKeys (ConfUtils.java:logGet(43)) - raft.server.rpcslowness.timeout = 120s (custom)
2019-09-20 08:31:30,429 [pool-38-thread-1] INFO  server.RaftServerConfigKeys (ConfUtils.java:logGet(43)) - raft.server.sleep.deviation.threshold = 300 (default)
2019-09-20 08:31:30,429 [pool-38-thread-1] INFO  server.RaftServerConfigKeys (ConfUtils.java:logGet(43)) - raft.server.log.appender.install.snapshot.enabled = false (custom)
2019-09-20 08:31:30,429 [pool-38-thread-1] INFO  impl.RaftServerImpl (ServerState.java:<init>(105)) - f0fc55a7-6908-4f04-ad18-9919b4d1166c:group-DB8E84374FE5 ConfigurationManager, init=-1: [f0fc55a7-6908-4f04-ad18-9919b4d1166c:192.168.34.27:33395], old=null, confs=<EMPTY_MAP>
2019-09-20 08:31:30,430 [pool-38-thread-1] INFO  server.RaftServerConfigKeys (ConfUtils.java:logGet(43)) - raft.server.storage.dir = [/workdir/hadoop-ozone/tools/target/test-dir/MiniOzoneClusterImpl-40b1a39e-a15e-4017-a8bd-88793379a06c/datanode-1/data/ratis] (custom)
2019-09-20 08:31:30,430 [pool-38-thread-1] INFO  storage.RaftStorageDirectory (RaftStorageDirectory.java:analyzeStorage(246)) - The storage directory /workdir/hadoop-ozone/tools/target/test-dir/MiniOzoneClusterImpl-40b1a39e-a15e-4017-a8bd-88793379a06c/datanode-1/data/ratis/f9661107-3531-419a-ab84-db8e84374fe5 does not exist. Creating ...
2019-09-20 08:31:30,455 [pool-38-thread-1] INFO  storage.RaftStorageDirectory (RaftStorageDirectory.java:tryLock(328)) - Lock on /workdir/hadoop-ozone/tools/target/test-dir/MiniOzoneClusterImpl-40b1a39e-a15e-4017-a8bd-88793379a06c/datanode-1/data/ratis/f9661107-3531-419a-ab84-db8e84374fe5/in_use.lock acquired by nodename 4915@pr-hdds-1569-6tbh6-3362816358
2019-09-20 08:31:30,480 [pool-38-thread-1] INFO  storage.RaftStorage (RaftStorage.java:format(72)) - Storage directory /workdir/hadoop-ozone/tools/target/test-dir/MiniOzoneClusterImpl-40b1a39e-a15e-4017-a8bd-88793379a06c/datanode-1/data/ratis/f9661107-3531-419a-ab84-db8e84374fe5 has been successfully formatted.
2019-09-20 08:31:30,481 [pool-38-thread-1] INFO  ratis.ContainerStateMachine (ContainerStateMachine.java:loadSnapshot(226)) - group-DB8E84374FE5: The snapshot info is null. Setting the last applied indexto:(t:0, i:~)
2019-09-20 08:31:30,481 [pool-38-thread-1] INFO  server.RaftServerConfigKeys (ConfUtils.java:logGet(43)) - raft.server.leader.election.timeout = 120s (custom)
2019-09-20 08:31:30,481 [pool-38-thread-1] INFO  server.RaftServerConfigKeys (ConfUtils.java:logGet(43)) - raft.server.log.use.memory = false (default)
2019-09-20 08:31:30,481 [pool-38-thread-1] INFO  server.RaftServerConfigKeys (ConfUtils.java:logGet(43)) - raft.server.log.purge.gap = 1000000 (custom)
2019-09-20 08:31:30,481 [pool-38-thread-1] INFO  server.RaftServerConfigKeys (ConfUtils.java:logGet(43)) - raft.server.log.appender.buffer.byte-limit = 33554432 (custom)
2019-09-20 08:31:30,482 [pool-38-thread-1] INFO  server.RaftServerConfigKeys (ConfUtils.java:logGet(43)) - raft.server.log.segment.size.max = 1048576 (custom)
2019-09-20 08:31:30,482 [pool-38-thread-1] INFO  server.RaftServerConfigKeys (ConfUtils.java:logGet(43)) - raft.server.log.segment.cache.num.max = 2 (custom)
2019-09-20 08:31:30,482 [pool-38-thread-1] INFO  segmented.SegmentedRaftLogWorker (SegmentedRaftLogWorker.java:<init>(172)) - new f0fc55a7-6908-4f04-ad18-9919b4d1166c-SegmentedRaftLogWorker:Storage Directory /workdir/hadoop-ozone/tools/target/test-dir/MiniOzoneClusterImpl-40b1a39e-a15e-4017-a8bd-88793379a06c/datanode-1/data/ratis/f9661107-3531-419a-ab84-db8e84374fe5 for RaftStorage:Storage Directory /workdir/hadoop-ozone/tools/target/test-dir/MiniOzoneClusterImpl-40b1a39e-a15e-4017-a8bd-88793379a06c/datanode-1/data/ratis/f9661107-3531-419a-ab84-db8e84374fe5
2019-09-20 08:31:30,482 [pool-38-thread-1] INFO  server.RaftServerConfigKeys (ConfUtils.java:logGet(43)) - raft.server.log.queue.byte-limit = 2147483647 (custom)
2019-09-20 08:31:30,482 [pool-38-thread-1] INFO  server.RaftServerConfigKeys (ConfUtils.java:logGet(43)) - raft.server.log.queue.element-limit = 1024 (custom)
2019-09-20 08:31:30,482 [pool-38-thread-1] INFO  server.RaftServerConfigKeys (ConfUtils.java:logGet(43)) - raft.server.log.segment.size.max = 1048576 (custom)
2019-09-20 08:31:30,482 [pool-38-thread-1] INFO  server.RaftServerConfigKeys (ConfUtils.java:logGet(43)) - raft.server.log.preallocated.size = 16384 (custom)
2019-09-20 08:31:30,483 [pool-38-thread-1] INFO  server.RaftServerConfigKeys (ConfUtils.java:logGet(43)) - raft.server.log.write.buffer.size = 33554432 (custom)
2019-09-20 08:31:30,483 [pool-38-thread-1] INFO  server.RaftServerConfigKeys (ConfUtils.java:logGet(43)) - raft.server.log.force.sync.num = 128 (default)
2019-09-20 08:31:30,483 [pool-38-thread-1] INFO  server.RaftServerConfigKeys (ConfUtils.java:logGet(43)) - raft.server.log.statemachine.data.sync = true (default)
2019-09-20 08:31:30,483 [pool-38-thread-1] INFO  server.RaftServerConfigKeys (ConfUtils.java:logGet(43)) - raft.server.log.statemachine.data.sync.timeout = 10s (default)
2019-09-20 08:31:30,483 [pool-38-thread-1] INFO  server.RaftServerConfigKeys (ConfUtils.java:logGet(43)) - raft.server.log.statemachine.data.sync.timeout.retry = -1 (default)
2019-09-20 08:31:30,483 [pool-38-thread-1] INFO  server.RaftServerConfigKeys (ConfUtils.java:logGet(43)) - raft.server.log.statemachine.data.caching.enabled = true (custom)
2019-09-20 08:31:30,484 [pool-38-thread-1] INFO  segmented.SegmentedRaftLogWorker (SegmentedRaftLogWorker.java:lambda$new$0(132)) - f0fc55a7-6908-4f04-ad18-9919b4d1166c-SegmentedRaftLogWorker:Storage Directory /workdir/hadoop-ozone/tools/target/test-dir/MiniOzoneClusterImpl-40b1a39e-a15e-4017-a8bd-88793379a06c/datanode-1/data/ratis/f9661107-3531-419a-ab84-db8e84374fe5: flushIndex: setUnconditionally 0 -> -1
2019-09-20 08:31:30,484 [pool-38-thread-1] INFO  server.RaftServerConfigKeys (ConfUtils.java:logGet(43)) - raft.server.snapshot.auto.trigger.enabled = true (custom)
2019-09-20 08:31:30,484 [pool-38-thread-1] INFO  server.RaftServerConfigKeys (ConfUtils.java:logGet(43)) - raft.server.snapshot.auto.trigger.threshold = 10000 (custom)
2019-09-20 08:31:30,484 [pool-38-thread-1] INFO  server.RaftServerConfigKeys (ConfUtils.java:logGet(43)) - raft.server.retrycache.expirytime = 600000ms (custom)
2019-09-20 08:31:30,485 [pool-38-thread-1] INFO  impl.RaftServerImpl (RaftServerImpl.java:start(180)) - f0fc55a7-6908-4f04-ad18-9919b4d1166c: start group-DB8E84374FE5
2019-09-20 08:31:30,485 [pool-38-thread-1] INFO  impl.RaftServerImpl (RaftServerImpl.java:setRole(171)) - f0fc55a7-6908-4f04-ad18-9919b4d1166c:group-DB8E84374FE5 changes role from null to FOLLOWER at term 0 for startAsFollower
2019-09-20 08:31:30,485 [pool-38-thread-1] INFO  impl.RoleInfo (RoleInfo.java:updateAndGet(143)) - f0fc55a7-6908-4f04-ad18-9919b4d1166c: start FollowerState
2019-09-20 08:31:30,485 [pool-38-thread-1] INFO  util.JmxRegister (JmxRegister.java:tryRegister(44)) - Successfully registered JMX Bean with object name Ratis:service=RaftServer,group=group-DB8E84374FE5,id=f0fc55a7-6908-4f04-ad18-9919b4d1166c
2019-09-20 08:31:30,506 [RatisPipelineUtilsThread] INFO  pipeline.PipelineStateManager (PipelineStateManager.java:addPipeline(56)) - Created pipeline Pipeline[ Id: f9661107-3531-419a-ab84-db8e84374fe5, Nodes: f0fc55a7-6908-4f04-ad18-9919b4d1166c{ip: 192.168.34.27, host: pr-hdds-1569-6tbh6-3362816358, networkLocation: /default-rack, certSerialId: null}, Type:RATIS, Factor:ONE, State:OPEN]
2019-09-20 08:31:30,507 | INFO  | SCMAudit | user=jenkins1000 | ip=192.168.34.27 | op=SEND_HEARTBEAT {datanodeUUID=f0fc55a7-6908-4f04-ad18-9919b4d1166c, command=[]} | ret=SUCCESS |  
2019-09-20 08:31:30,520 [grpc-default-executor-0] INFO  impl.RaftServerProxy (RaftServerProxy.java:addNew(89)) - 0e595721-d597-45e8-8ba1-cb4ebc325b8e: addNew group-8BB7D914EC9A:[0e595721-d597-45e8-8ba1-cb4ebc325b8e:192.168.34.27:37759] returns group-8BB7D914EC9A:java.util.concurrent.CompletableFuture@5ab79f89[Not completed]
2019-09-20 08:31:30,521 [pool-49-thread-1] INFO  impl.RaftServerImpl (RaftServerImpl.java:<init>(93)) - 0e595721-d597-45e8-8ba1-cb4ebc325b8e: new RaftServerImpl for group-8BB7D914EC9A:[0e595721-d597-45e8-8ba1-cb4ebc325b8e:192.168.34.27:37759] with ContainerStateMachine:uninitialized
2019-09-20 08:31:30,521 [pool-49-thread-1] INFO  server.RaftServerConfigKeys (ConfUtils.java:logGet(43)) - raft.server.rpc.timeout.min = 5s (custom)
2019-09-20 08:31:30,522 [pool-49-thread-1] INFO  server.RaftServerConfigKeys (ConfUtils.java:logGet(43)) - raft.server.rpc.timeout.max = 5200ms (custom)
2019-09-20 08:31:30,522 [pool-49-thread-1] INFO  server.RaftServerConfigKeys (ConfUtils.java:logGet(43)) - raft.server.rpcslowness.timeout = 120s (custom)
2019-09-20 08:31:30,522 [pool-49-thread-1] INFO  server.RaftServerConfigKeys (ConfUtils.java:logGet(43)) - raft.server.sleep.deviation.threshold = 300 (default)
2019-09-20 08:31:30,522 [pool-49-thread-1] INFO  server.RaftServerConfigKeys (ConfUtils.java:logGet(43)) - raft.server.log.appender.install.snapshot.enabled = false (custom)
2019-09-20 08:31:30,522 [pool-49-thread-1] INFO  impl.RaftServerImpl (ServerState.java:<init>(105)) - 0e595721-d597-45e8-8ba1-cb4ebc325b8e:group-8BB7D914EC9A ConfigurationManager, init=-1: [0e595721-d597-45e8-8ba1-cb4ebc325b8e:192.168.34.27:37759], old=null, confs=<EMPTY_MAP>
2019-09-20 08:31:30,522 [pool-49-thread-1] INFO  server.RaftServerConfigKeys (ConfUtils.java:logGet(43)) - raft.server.storage.dir = [/workdir/hadoop-ozone/tools/target/test-dir/MiniOzoneClusterImpl-40b1a39e-a15e-4017-a8bd-88793379a06c/datanode-2/data/ratis] (custom)
2019-09-20 08:31:30,523 [pool-49-thread-1] INFO  storage.RaftStorageDirectory (RaftStorageDirectory.java:analyzeStorage(246)) - The storage directory /workdir/hadoop-ozone/tools/target/test-dir/MiniOzoneClusterImpl-40b1a39e-a15e-4017-a8bd-88793379a06c/datanode-2/data/ratis/a3c0d86b-50ad-4999-a6e5-8bb7d914ec9a does not exist. Creating ...
2019-09-20 08:31:30,537 [pool-49-thread-1] INFO  storage.RaftStorageDirectory (RaftStorageDirectory.java:tryLock(328)) - Lock on /workdir/hadoop-ozone/tools/target/test-dir/MiniOzoneClusterImpl-40b1a39e-a15e-4017-a8bd-88793379a06c/datanode-2/data/ratis/a3c0d86b-50ad-4999-a6e5-8bb7d914ec9a/in_use.lock acquired by nodename 4915@pr-hdds-1569-6tbh6-3362816358
2019-09-20 08:31:30,550 [pool-49-thread-1] INFO  storage.RaftStorage (RaftStorage.java:format(72)) - Storage directory /workdir/hadoop-ozone/tools/target/test-dir/MiniOzoneClusterImpl-40b1a39e-a15e-4017-a8bd-88793379a06c/datanode-2/data/ratis/a3c0d86b-50ad-4999-a6e5-8bb7d914ec9a has been successfully formatted.
2019-09-20 08:31:30,550 [pool-49-thread-1] INFO  ratis.ContainerStateMachine (ContainerStateMachine.java:loadSnapshot(226)) - group-8BB7D914EC9A: The snapshot info is null. Setting the last applied indexto:(t:0, i:~)
2019-09-20 08:31:30,551 [pool-49-thread-1] INFO  server.RaftServerConfigKeys (ConfUtils.java:logGet(43)) - raft.server.leader.election.timeout = 120s (custom)
2019-09-20 08:31:30,551 [pool-49-thread-1] INFO  server.RaftServerConfigKeys (ConfUtils.java:logGet(43)) - raft.server.log.use.memory = false (default)
2019-09-20 08:31:30,554 [pool-49-thread-1] INFO  server.RaftServerConfigKeys (ConfUtils.java:logGet(43)) - raft.server.log.purge.gap = 1000000 (custom)
2019-09-20 08:31:30,555 [pool-49-thread-1] INFO  server.RaftServerConfigKeys (ConfUtils.java:logGet(43)) - raft.server.log.appender.buffer.byte-limit = 33554432 (custom)
2019-09-20 08:31:30,555 [pool-49-thread-1] INFO  server.RaftServerConfigKeys (ConfUtils.java:logGet(43)) - raft.server.log.segment.size.max = 1048576 (custom)
2019-09-20 08:31:30,555 [pool-49-thread-1] INFO  server.RaftServerConfigKeys (ConfUtils.java:logGet(43)) - raft.server.log.segment.cache.num.max = 2 (custom)
2019-09-20 08:31:30,555 [pool-49-thread-1] INFO  segmented.SegmentedRaftLogWorker (SegmentedRaftLogWorker.java:<init>(172)) - new 0e595721-d597-45e8-8ba1-cb4ebc325b8e-SegmentedRaftLogWorker:Storage Directory /workdir/hadoop-ozone/tools/target/test-dir/MiniOzoneClusterImpl-40b1a39e-a15e-4017-a8bd-88793379a06c/datanode-2/data/ratis/a3c0d86b-50ad-4999-a6e5-8bb7d914ec9a for RaftStorage:Storage Directory /workdir/hadoop-ozone/tools/target/test-dir/MiniOzoneClusterImpl-40b1a39e-a15e-4017-a8bd-88793379a06c/datanode-2/data/ratis/a3c0d86b-50ad-4999-a6e5-8bb7d914ec9a
2019-09-20 08:31:30,555 [pool-49-thread-1] INFO  server.RaftServerConfigKeys (ConfUtils.java:logGet(43)) - raft.server.log.queue.byte-limit = 2147483647 (custom)
2019-09-20 08:31:30,555 [pool-49-thread-1] INFO  server.RaftServerConfigKeys (ConfUtils.java:logGet(43)) - raft.server.log.queue.element-limit = 1024 (custom)
2019-09-20 08:31:30,555 [pool-49-thread-1] INFO  server.RaftServerConfigKeys (ConfUtils.java:logGet(43)) - raft.server.log.segment.size.max = 1048576 (custom)
2019-09-20 08:31:30,555 [pool-49-thread-1] INFO  server.RaftServerConfigKeys (ConfUtils.java:logGet(43)) - raft.server.log.preallocated.size = 16384 (custom)
2019-09-20 08:31:30,556 [pool-49-thread-1] INFO  server.RaftServerConfigKeys (ConfUtils.java:logGet(43)) - raft.server.log.write.buffer.size = 33554432 (custom)
2019-09-20 08:31:30,556 [pool-49-thread-1] INFO  server.RaftServerConfigKeys (ConfUtils.java:logGet(43)) - raft.server.log.force.sync.num = 128 (default)
2019-09-20 08:31:30,556 [pool-49-thread-1] INFO  server.RaftServerConfigKeys (ConfUtils.java:logGet(43)) - raft.server.log.statemachine.data.sync = true (default)
2019-09-20 08:31:30,556 [pool-49-thread-1] INFO  server.RaftServerConfigKeys (ConfUtils.java:logGet(43)) - raft.server.log.statemachine.data.sync.timeout = 10s (default)
2019-09-20 08:31:30,556 [pool-49-thread-1] INFO  server.RaftServerConfigKeys (ConfUtils.java:logGet(43)) - raft.server.log.statemachine.data.sync.timeout.retry = -1 (default)
2019-09-20 08:31:30,556 [pool-49-thread-1] INFO  server.RaftServerConfigKeys (ConfUtils.java:logGet(43)) - raft.server.log.statemachine.data.caching.enabled = true (custom)
2019-09-20 08:31:30,556 [pool-49-thread-1] INFO  segmented.SegmentedRaftLogWorker (SegmentedRaftLogWorker.java:lambda$new$0(132)) - 0e595721-d597-45e8-8ba1-cb4ebc325b8e-SegmentedRaftLogWorker:Storage Directory /workdir/hadoop-ozone/tools/target/test-dir/MiniOzoneClusterImpl-40b1a39e-a15e-4017-a8bd-88793379a06c/datanode-2/data/ratis/a3c0d86b-50ad-4999-a6e5-8bb7d914ec9a: flushIndex: setUnconditionally 0 -> -1
2019-09-20 08:31:30,557 [pool-49-thread-1] INFO  server.RaftServerConfigKeys (ConfUtils.java:logGet(43)) - raft.server.snapshot.auto.trigger.enabled = true (custom)
2019-09-20 08:31:30,557 [pool-49-thread-1] INFO  server.RaftServerConfigKeys (ConfUtils.java:logGet(43)) - raft.server.snapshot.auto.trigger.threshold = 10000 (custom)
2019-09-20 08:31:30,557 [pool-49-thread-1] INFO  server.RaftServerConfigKeys (ConfUtils.java:logGet(43)) - raft.server.retrycache.expirytime = 600000ms (custom)
2019-09-20 08:31:30,557 [pool-49-thread-1] INFO  impl.RaftServerImpl (RaftServerImpl.java:start(180)) - 0e595721-d597-45e8-8ba1-cb4ebc325b8e: start group-8BB7D914EC9A
2019-09-20 08:31:30,557 [pool-49-thread-1] INFO  impl.RaftServerImpl (RaftServerImpl.java:setRole(171)) - 0e595721-d597-45e8-8ba1-cb4ebc325b8e:group-8BB7D914EC9A changes role from null to FOLLOWER at term 0 for startAsFollower
2019-09-20 08:31:30,557 [pool-49-thread-1] INFO  impl.RoleInfo (RoleInfo.java:updateAndGet(143)) - 0e595721-d597-45e8-8ba1-cb4ebc325b8e: start FollowerState
2019-09-20 08:31:30,558 [pool-49-thread-1] INFO  util.JmxRegister (JmxRegister.java:tryRegister(44)) - Successfully registered JMX Bean with object name Ratis:service=RaftServer,group=group-8BB7D914EC9A,id=0e595721-d597-45e8-8ba1-cb4ebc325b8e
2019-09-20 08:31:30,565 [RatisPipelineUtilsThread] INFO  pipeline.PipelineStateManager (PipelineStateManager.java:addPipeline(56)) - Created pipeline Pipeline[ Id: a3c0d86b-50ad-4999-a6e5-8bb7d914ec9a, Nodes: 0e595721-d597-45e8-8ba1-cb4ebc325b8e{ip: 192.168.34.27, host: pr-hdds-1569-6tbh6-3362816358, networkLocation: /default-rack, certSerialId: null}, Type:RATIS, Factor:ONE, State:OPEN]
2019-09-20 08:31:30,577 [grpc-default-executor-0] INFO  impl.RaftServerProxy (RaftServerProxy.java:addNew(89)) - b1d6c399-222b-48d2-8034-ed92e0cf00a0: addNew group-AE56196DE22A:[b1d6c399-222b-48d2-8034-ed92e0cf00a0:192.168.34.27:37513] returns group-AE56196DE22A:java.util.concurrent.CompletableFuture@720f5fd0[Not completed]
2019-09-20 08:31:30,579 [pool-27-thread-1] INFO  impl.RaftServerImpl (RaftServerImpl.java:<init>(93)) - b1d6c399-222b-48d2-8034-ed92e0cf00a0: new RaftServerImpl for group-AE56196DE22A:[b1d6c399-222b-48d2-8034-ed92e0cf00a0:192.168.34.27:37513] with ContainerStateMachine:uninitialized
2019-09-20 08:31:30,579 [pool-27-thread-1] INFO  server.RaftServerConfigKeys (ConfUtils.java:logGet(43)) - raft.server.rpc.timeout.min = 5s (custom)
2019-09-20 08:31:30,579 [pool-27-thread-1] INFO  server.RaftServerConfigKeys (ConfUtils.java:logGet(43)) - raft.server.rpc.timeout.max = 5200ms (custom)
2019-09-20 08:31:30,579 [pool-27-thread-1] INFO  server.RaftServerConfigKeys (ConfUtils.java:logGet(43)) - raft.server.rpcslowness.timeout = 120s (custom)
2019-09-20 08:31:30,579 [pool-27-thread-1] INFO  server.RaftServerConfigKeys (ConfUtils.java:logGet(43)) - raft.server.sleep.deviation.threshold = 300 (default)
2019-09-20 08:31:30,579 [pool-27-thread-1] INFO  server.RaftServerConfigKeys (ConfUtils.java:logGet(43)) - raft.server.log.appender.install.snapshot.enabled = false (custom)
2019-09-20 08:31:30,580 [pool-27-thread-1] INFO  impl.RaftServerImpl (ServerState.java:<init>(105)) - b1d6c399-222b-48d2-8034-ed92e0cf00a0:group-AE56196DE22A ConfigurationManager, init=-1: [b1d6c399-222b-48d2-8034-ed92e0cf00a0:192.168.34.27:37513], old=null, confs=<EMPTY_MAP>
2019-09-20 08:31:30,580 [pool-27-thread-1] INFO  server.RaftServerConfigKeys (ConfUtils.java:logGet(43)) - raft.server.storage.dir = [/workdir/hadoop-ozone/tools/target/test-dir/MiniOzoneClusterImpl-40b1a39e-a15e-4017-a8bd-88793379a06c/datanode-0/data/ratis] (custom)
2019-09-20 08:31:30,580 [pool-27-thread-1] INFO  storage.RaftStorageDirectory (RaftStorageDirectory.java:analyzeStorage(246)) - The storage directory /workdir/hadoop-ozone/tools/target/test-dir/MiniOzoneClusterImpl-40b1a39e-a15e-4017-a8bd-88793379a06c/datanode-0/data/ratis/a0de2de1-1fb6-4421-b042-ae56196de22a does not exist. Creating ...
2019-09-20 08:31:30,593 [pool-27-thread-1] INFO  storage.RaftStorageDirectory (RaftStorageDirectory.java:tryLock(328)) - Lock on /workdir/hadoop-ozone/tools/target/test-dir/MiniOzoneClusterImpl-40b1a39e-a15e-4017-a8bd-88793379a06c/datanode-0/data/ratis/a0de2de1-1fb6-4421-b042-ae56196de22a/in_use.lock acquired by nodename 4915@pr-hdds-1569-6tbh6-3362816358
2019-09-20 08:31:30,606 [pool-27-thread-1] INFO  storage.RaftStorage (RaftStorage.java:format(72)) - Storage directory /workdir/hadoop-ozone/tools/target/test-dir/MiniOzoneClusterImpl-40b1a39e-a15e-4017-a8bd-88793379a06c/datanode-0/data/ratis/a0de2de1-1fb6-4421-b042-ae56196de22a has been successfully formatted.
2019-09-20 08:31:30,606 [pool-27-thread-1] INFO  ratis.ContainerStateMachine (ContainerStateMachine.java:loadSnapshot(226)) - group-AE56196DE22A: The snapshot info is null. Setting the last applied indexto:(t:0, i:~)
2019-09-20 08:31:30,606 [pool-27-thread-1] INFO  server.RaftServerConfigKeys (ConfUtils.java:logGet(43)) - raft.server.leader.election.timeout = 120s (custom)
2019-09-20 08:31:30,606 [pool-27-thread-1] INFO  server.RaftServerConfigKeys (ConfUtils.java:logGet(43)) - raft.server.log.use.memory = false (default)
2019-09-20 08:31:30,607 [pool-27-thread-1] INFO  server.RaftServerConfigKeys (ConfUtils.java:logGet(43)) - raft.server.log.purge.gap = 1000000 (custom)
2019-09-20 08:31:30,607 [pool-27-thread-1] INFO  server.RaftServerConfigKeys (ConfUtils.java:logGet(43)) - raft.server.log.appender.buffer.byte-limit = 33554432 (custom)
2019-09-20 08:31:30,607 [pool-27-thread-1] INFO  server.RaftServerConfigKeys (ConfUtils.java:logGet(43)) - raft.server.log.segment.size.max = 1048576 (custom)
2019-09-20 08:31:30,607 [pool-27-thread-1] INFO  server.RaftServerConfigKeys (ConfUtils.java:logGet(43)) - raft.server.log.segment.cache.num.max = 2 (custom)
2019-09-20 08:31:30,607 [pool-27-thread-1] INFO  segmented.SegmentedRaftLogWorker (SegmentedRaftLogWorker.java:<init>(172)) - new b1d6c399-222b-48d2-8034-ed92e0cf00a0-SegmentedRaftLogWorker:Storage Directory /workdir/hadoop-ozone/tools/target/test-dir/MiniOzoneClusterImpl-40b1a39e-a15e-4017-a8bd-88793379a06c/datanode-0/data/ratis/a0de2de1-1fb6-4421-b042-ae56196de22a for RaftStorage:Storage Directory /workdir/hadoop-ozone/tools/target/test-dir/MiniOzoneClusterImpl-40b1a39e-a15e-4017-a8bd-88793379a06c/datanode-0/data/ratis/a0de2de1-1fb6-4421-b042-ae56196de22a
2019-09-20 08:31:30,607 [pool-27-thread-1] INFO  server.RaftServerConfigKeys (ConfUtils.java:logGet(43)) - raft.server.log.queue.byte-limit = 2147483647 (custom)
2019-09-20 08:31:30,608 [pool-27-thread-1] INFO  server.RaftServerConfigKeys (ConfUtils.java:logGet(43)) - raft.server.log.queue.element-limit = 1024 (custom)
2019-09-20 08:31:30,608 [pool-27-thread-1] INFO  server.RaftServerConfigKeys (ConfUtils.java:logGet(43)) - raft.server.log.segment.size.max = 1048576 (custom)
2019-09-20 08:31:30,608 [pool-27-thread-1] INFO  server.RaftServerConfigKeys (ConfUtils.java:logGet(43)) - raft.server.log.preallocated.size = 16384 (custom)
2019-09-20 08:31:30,608 [pool-27-thread-1] INFO  server.RaftServerConfigKeys (ConfUtils.java:logGet(43)) - raft.server.log.write.buffer.size = 33554432 (custom)
2019-09-20 08:31:30,608 [pool-27-thread-1] INFO  server.RaftServerConfigKeys (ConfUtils.java:logGet(43)) - raft.server.log.force.sync.num = 128 (default)
2019-09-20 08:31:30,608 [pool-27-thread-1] INFO  server.RaftServerConfigKeys (ConfUtils.java:logGet(43)) - raft.server.log.statemachine.data.sync = true (default)
2019-09-20 08:31:30,609 [pool-27-thread-1] INFO  server.RaftServerConfigKeys (ConfUtils.java:logGet(43)) - raft.server.log.statemachine.data.sync.timeout = 10s (default)
2019-09-20 08:31:30,609 [pool-27-thread-1] INFO  server.RaftServerConfigKeys (ConfUtils.java:logGet(43)) - raft.server.log.statemachine.data.sync.timeout.retry = -1 (default)
2019-09-20 08:31:30,609 [pool-27-thread-1] INFO  server.RaftServerConfigKeys (ConfUtils.java:logGet(43)) - raft.server.log.statemachine.data.caching.enabled = true (custom)
2019-09-20 08:31:30,609 [pool-27-thread-1] INFO  segmented.SegmentedRaftLogWorker (SegmentedRaftLogWorker.java:lambda$new$0(132)) - b1d6c399-222b-48d2-8034-ed92e0cf00a0-SegmentedRaftLogWorker:Storage Directory /workdir/hadoop-ozone/tools/target/test-dir/MiniOzoneClusterImpl-40b1a39e-a15e-4017-a8bd-88793379a06c/datanode-0/data/ratis/a0de2de1-1fb6-4421-b042-ae56196de22a: flushIndex: setUnconditionally 0 -> -1
2019-09-20 08:31:30,610 [pool-27-thread-1] INFO  server.RaftServerConfigKeys (ConfUtils.java:logGet(43)) - raft.server.snapshot.auto.trigger.enabled = true (custom)
2019-09-20 08:31:30,610 [pool-27-thread-1] INFO  server.RaftServerConfigKeys (ConfUtils.java:logGet(43)) - raft.server.snapshot.auto.trigger.threshold = 10000 (custom)
2019-09-20 08:31:30,610 [pool-27-thread-1] INFO  server.RaftServerConfigKeys (ConfUtils.java:logGet(43)) - raft.server.retrycache.expirytime = 600000ms (custom)
2019-09-20 08:31:30,610 [pool-27-thread-1] INFO  impl.RaftServerImpl (RaftServerImpl.java:start(180)) - b1d6c399-222b-48d2-8034-ed92e0cf00a0: start group-AE56196DE22A
2019-09-20 08:31:30,611 [pool-27-thread-1] INFO  impl.RaftServerImpl (RaftServerImpl.java:setRole(171)) - b1d6c399-222b-48d2-8034-ed92e0cf00a0:group-AE56196DE22A changes role from null to FOLLOWER at term 0 for startAsFollower
2019-09-20 08:31:30,611 [pool-27-thread-1] INFO  impl.RoleInfo (RoleInfo.java:updateAndGet(143)) - b1d6c399-222b-48d2-8034-ed92e0cf00a0: start FollowerState
2019-09-20 08:31:30,611 [pool-27-thread-1] INFO  util.JmxRegister (JmxRegister.java:tryRegister(44)) - Successfully registered JMX Bean with object name Ratis:service=RaftServer,group=group-AE56196DE22A,id=b1d6c399-222b-48d2-8034-ed92e0cf00a0
2019-09-20 08:31:30,619 [RatisPipelineUtilsThread] INFO  pipeline.PipelineStateManager (PipelineStateManager.java:addPipeline(56)) - Created pipeline Pipeline[ Id: a0de2de1-1fb6-4421-b042-ae56196de22a, Nodes: b1d6c399-222b-48d2-8034-ed92e0cf00a0{ip: 192.168.34.27, host: pr-hdds-1569-6tbh6-3362816358, networkLocation: /default-rack, certSerialId: null}, Type:RATIS, Factor:ONE, State:OPEN]
2019-09-20 08:31:30,620 [RatisPipelineUtilsThread] INFO  pipeline.PipelinePlacementPolicy (PipelinePlacementPolicy.java:meetCriteria(91)) - Pipeline Placement: Doesn't meet the criteria to be viable node： b1d6c399-222b-48d2-8034-ed92e0cf00a0 Heaviness: 6 limit: 5
2019-09-20 08:31:30,633 [grpc-default-executor-0] INFO  impl.RaftServerProxy (RaftServerProxy.java:addNew(89)) - 7372e003-60de-4928-9031-10c7db72eb74: addNew group-C0953CBD79AD:[7372e003-60de-4928-9031-10c7db72eb74:192.168.34.27:38588] returns group-C0953CBD79AD:java.util.concurrent.CompletableFuture@4125f7e4[Not completed]
2019-09-20 08:31:30,635 [pool-60-thread-1] INFO  impl.RaftServerImpl (RaftServerImpl.java:<init>(93)) - 7372e003-60de-4928-9031-10c7db72eb74: new RaftServerImpl for group-C0953CBD79AD:[7372e003-60de-4928-9031-10c7db72eb74:192.168.34.27:38588] with ContainerStateMachine:uninitialized
2019-09-20 08:31:30,635 [pool-60-thread-1] INFO  server.RaftServerConfigKeys (ConfUtils.java:logGet(43)) - raft.server.rpc.timeout.min = 5s (custom)
2019-09-20 08:31:30,635 [pool-60-thread-1] INFO  server.RaftServerConfigKeys (ConfUtils.java:logGet(43)) - raft.server.rpc.timeout.max = 5200ms (custom)
2019-09-20 08:31:30,635 [pool-60-thread-1] INFO  server.RaftServerConfigKeys (ConfUtils.java:logGet(43)) - raft.server.rpcslowness.timeout = 120s (custom)
2019-09-20 08:31:30,636 [pool-60-thread-1] INFO  server.RaftServerConfigKeys (ConfUtils.java:logGet(43)) - raft.server.sleep.deviation.threshold = 300 (default)
2019-09-20 08:31:30,636 [pool-60-thread-1] INFO  server.RaftServerConfigKeys (ConfUtils.java:logGet(43)) - raft.server.log.appender.install.snapshot.enabled = false (custom)
2019-09-20 08:31:30,636 [pool-60-thread-1] INFO  impl.RaftServerImpl (ServerState.java:<init>(105)) - 7372e003-60de-4928-9031-10c7db72eb74:group-C0953CBD79AD ConfigurationManager, init=-1: [7372e003-60de-4928-9031-10c7db72eb74:192.168.34.27:38588], old=null, confs=<EMPTY_MAP>
2019-09-20 08:31:30,636 [pool-60-thread-1] INFO  server.RaftServerConfigKeys (ConfUtils.java:logGet(43)) - raft.server.storage.dir = [/workdir/hadoop-ozone/tools/target/test-dir/MiniOzoneClusterImpl-40b1a39e-a15e-4017-a8bd-88793379a06c/datanode-3/data/ratis] (custom)
2019-09-20 08:31:30,637 [pool-60-thread-1] INFO  storage.RaftStorageDirectory (RaftStorageDirectory.java:analyzeStorage(246)) - The storage directory /workdir/hadoop-ozone/tools/target/test-dir/MiniOzoneClusterImpl-40b1a39e-a15e-4017-a8bd-88793379a06c/datanode-3/data/ratis/0c68aeca-03c8-427e-8752-c0953cbd79ad does not exist. Creating ...
2019-09-20 08:31:30,649 [pool-60-thread-1] INFO  storage.RaftStorageDirectory (RaftStorageDirectory.java:tryLock(328)) - Lock on /workdir/hadoop-ozone/tools/target/test-dir/MiniOzoneClusterImpl-40b1a39e-a15e-4017-a8bd-88793379a06c/datanode-3/data/ratis/0c68aeca-03c8-427e-8752-c0953cbd79ad/in_use.lock acquired by nodename 4915@pr-hdds-1569-6tbh6-3362816358
2019-09-20 08:31:30,668 [pool-60-thread-1] INFO  storage.RaftStorage (RaftStorage.java:format(72)) - Storage directory /workdir/hadoop-ozone/tools/target/test-dir/MiniOzoneClusterImpl-40b1a39e-a15e-4017-a8bd-88793379a06c/datanode-3/data/ratis/0c68aeca-03c8-427e-8752-c0953cbd79ad has been successfully formatted.
2019-09-20 08:31:30,669 [pool-60-thread-1] INFO  ratis.ContainerStateMachine (ContainerStateMachine.java:loadSnapshot(226)) - group-C0953CBD79AD: The snapshot info is null. Setting the last applied indexto:(t:0, i:~)
2019-09-20 08:31:30,669 [pool-60-thread-1] INFO  server.RaftServerConfigKeys (ConfUtils.java:logGet(43)) - raft.server.leader.election.timeout = 120s (custom)
2019-09-20 08:31:30,669 [pool-60-thread-1] INFO  server.RaftServerConfigKeys (ConfUtils.java:logGet(43)) - raft.server.log.use.memory = false (default)
2019-09-20 08:31:30,669 [pool-60-thread-1] INFO  server.RaftServerConfigKeys (ConfUtils.java:logGet(43)) - raft.server.log.purge.gap = 1000000 (custom)
2019-09-20 08:31:30,669 [pool-60-thread-1] INFO  server.RaftServerConfigKeys (ConfUtils.java:logGet(43)) - raft.server.log.appender.buffer.byte-limit = 33554432 (custom)
2019-09-20 08:31:30,670 [pool-60-thread-1] INFO  server.RaftServerConfigKeys (ConfUtils.java:logGet(43)) - raft.server.log.segment.size.max = 1048576 (custom)
2019-09-20 08:31:30,670 [pool-60-thread-1] INFO  server.RaftServerConfigKeys (ConfUtils.java:logGet(43)) - raft.server.log.segment.cache.num.max = 2 (custom)
2019-09-20 08:31:30,670 [pool-60-thread-1] INFO  segmented.SegmentedRaftLogWorker (SegmentedRaftLogWorker.java:<init>(172)) - new 7372e003-60de-4928-9031-10c7db72eb74-SegmentedRaftLogWorker:Storage Directory /workdir/hadoop-ozone/tools/target/test-dir/MiniOzoneClusterImpl-40b1a39e-a15e-4017-a8bd-88793379a06c/datanode-3/data/ratis/0c68aeca-03c8-427e-8752-c0953cbd79ad for RaftStorage:Storage Directory /workdir/hadoop-ozone/tools/target/test-dir/MiniOzoneClusterImpl-40b1a39e-a15e-4017-a8bd-88793379a06c/datanode-3/data/ratis/0c68aeca-03c8-427e-8752-c0953cbd79ad
2019-09-20 08:31:30,670 [pool-60-thread-1] INFO  server.RaftServerConfigKeys (ConfUtils.java:logGet(43)) - raft.server.log.queue.byte-limit = 2147483647 (custom)
2019-09-20 08:31:30,670 [pool-60-thread-1] INFO  server.RaftServerConfigKeys (ConfUtils.java:logGet(43)) - raft.server.log.queue.element-limit = 1024 (custom)
2019-09-20 08:31:30,671 [pool-60-thread-1] INFO  server.RaftServerConfigKeys (ConfUtils.java:logGet(43)) - raft.server.log.segment.size.max = 1048576 (custom)
2019-09-20 08:31:30,671 [pool-60-thread-1] INFO  server.RaftServerConfigKeys (ConfUtils.java:logGet(43)) - raft.server.log.preallocated.size = 16384 (custom)
2019-09-20 08:31:30,671 [pool-60-thread-1] INFO  server.RaftServerConfigKeys (ConfUtils.java:logGet(43)) - raft.server.log.write.buffer.size = 33554432 (custom)
2019-09-20 08:31:30,671 [pool-60-thread-1] INFO  server.RaftServerConfigKeys (ConfUtils.java:logGet(43)) - raft.server.log.force.sync.num = 128 (default)
2019-09-20 08:31:30,671 [pool-60-thread-1] INFO  server.RaftServerConfigKeys (ConfUtils.java:logGet(43)) - raft.server.log.statemachine.data.sync = true (default)
2019-09-20 08:31:30,671 [pool-60-thread-1] INFO  server.RaftServerConfigKeys (ConfUtils.java:logGet(43)) - raft.server.log.statemachine.data.sync.timeout = 10s (default)
2019-09-20 08:31:30,671 [pool-60-thread-1] INFO  server.RaftServerConfigKeys (ConfUtils.java:logGet(43)) - raft.server.log.statemachine.data.sync.timeout.retry = -1 (default)
2019-09-20 08:31:30,672 [pool-60-thread-1] INFO  server.RaftServerConfigKeys (ConfUtils.java:logGet(43)) - raft.server.log.statemachine.data.caching.enabled = true (custom)
2019-09-20 08:31:30,672 [pool-60-thread-1] INFO  segmented.SegmentedRaftLogWorker (SegmentedRaftLogWorker.java:lambda$new$0(132)) - 7372e003-60de-4928-9031-10c7db72eb74-SegmentedRaftLogWorker:Storage Directory /workdir/hadoop-ozone/tools/target/test-dir/MiniOzoneClusterImpl-40b1a39e-a15e-4017-a8bd-88793379a06c/datanode-3/data/ratis/0c68aeca-03c8-427e-8752-c0953cbd79ad: flushIndex: setUnconditionally 0 -> -1
2019-09-20 08:31:30,673 [pool-60-thread-1] INFO  server.RaftServerConfigKeys (ConfUtils.java:logGet(43)) - raft.server.snapshot.auto.trigger.enabled = true (custom)
2019-09-20 08:31:30,673 [pool-60-thread-1] INFO  server.RaftServerConfigKeys (ConfUtils.java:logGet(43)) - raft.server.snapshot.auto.trigger.threshold = 10000 (custom)
2019-09-20 08:31:30,673 [pool-60-thread-1] INFO  server.RaftServerConfigKeys (ConfUtils.java:logGet(43)) - raft.server.retrycache.expirytime = 600000ms (custom)
2019-09-20 08:31:30,673 [pool-60-thread-1] INFO  impl.RaftServerImpl (RaftServerImpl.java:start(180)) - 7372e003-60de-4928-9031-10c7db72eb74: start group-C0953CBD79AD
2019-09-20 08:31:30,673 [pool-60-thread-1] INFO  impl.RaftServerImpl (RaftServerImpl.java:setRole(171)) - 7372e003-60de-4928-9031-10c7db72eb74:group-C0953CBD79AD changes role from null to FOLLOWER at term 0 for startAsFollower
2019-09-20 08:31:30,673 [pool-60-thread-1] INFO  impl.RoleInfo (RoleInfo.java:updateAndGet(143)) - 7372e003-60de-4928-9031-10c7db72eb74: start FollowerState
2019-09-20 08:31:30,674 [pool-60-thread-1] INFO  util.JmxRegister (JmxRegister.java:tryRegister(44)) - Successfully registered JMX Bean with object name Ratis:service=RaftServer,group=group-C0953CBD79AD,id=7372e003-60de-4928-9031-10c7db72eb74
2019-09-20 08:31:30,684 [RatisPipelineUtilsThread] INFO  pipeline.PipelineStateManager (PipelineStateManager.java:addPipeline(56)) - Created pipeline Pipeline[ Id: 0c68aeca-03c8-427e-8752-c0953cbd79ad, Nodes: 7372e003-60de-4928-9031-10c7db72eb74{ip: 192.168.34.27, host: pr-hdds-1569-6tbh6-3362816358, networkLocation: /default-rack, certSerialId: null}, Type:RATIS, Factor:ONE, State:OPEN]
2019-09-20 08:31:30,685 [RatisPipelineUtilsThread] INFO  pipeline.PipelinePlacementPolicy (PipelinePlacementPolicy.java:meetCriteria(91)) - Pipeline Placement: Doesn't meet the criteria to be viable node： b1d6c399-222b-48d2-8034-ed92e0cf00a0 Heaviness: 6 limit: 5
2019-09-20 08:31:30,697 [grpc-default-executor-0] INFO  impl.RaftServerProxy (RaftServerProxy.java:addNew(89)) - 7372e003-60de-4928-9031-10c7db72eb74: addNew group-E473F81E4FCC:[7372e003-60de-4928-9031-10c7db72eb74:192.168.34.27:38588] returns group-E473F81E4FCC:java.util.concurrent.CompletableFuture@342ac18d[Not completed]
2019-09-20 08:31:30,699 [pool-60-thread-1] INFO  impl.RaftServerImpl (RaftServerImpl.java:<init>(93)) - 7372e003-60de-4928-9031-10c7db72eb74: new RaftServerImpl for group-E473F81E4FCC:[7372e003-60de-4928-9031-10c7db72eb74:192.168.34.27:38588] with ContainerStateMachine:uninitialized
2019-09-20 08:31:30,699 [pool-60-thread-1] INFO  server.RaftServerConfigKeys (ConfUtils.java:logGet(43)) - raft.server.rpc.timeout.min = 5s (custom)
2019-09-20 08:31:30,699 [pool-60-thread-1] INFO  server.RaftServerConfigKeys (ConfUtils.java:logGet(43)) - raft.server.rpc.timeout.max = 5200ms (custom)
2019-09-20 08:31:30,699 [pool-60-thread-1] INFO  server.RaftServerConfigKeys (ConfUtils.java:logGet(43)) - raft.server.rpcslowness.timeout = 120s (custom)
2019-09-20 08:31:30,700 [pool-60-thread-1] INFO  server.RaftServerConfigKeys (ConfUtils.java:logGet(43)) - raft.server.sleep.deviation.threshold = 300 (default)
2019-09-20 08:31:30,700 [pool-60-thread-1] INFO  server.RaftServerConfigKeys (ConfUtils.java:logGet(43)) - raft.server.log.appender.install.snapshot.enabled = false (custom)
2019-09-20 08:31:30,700 [pool-60-thread-1] INFO  impl.RaftServerImpl (ServerState.java:<init>(105)) - 7372e003-60de-4928-9031-10c7db72eb74:group-E473F81E4FCC ConfigurationManager, init=-1: [7372e003-60de-4928-9031-10c7db72eb74:192.168.34.27:38588], old=null, confs=<EMPTY_MAP>
2019-09-20 08:31:30,700 [pool-60-thread-1] INFO  server.RaftServerConfigKeys (ConfUtils.java:logGet(43)) - raft.server.storage.dir = [/workdir/hadoop-ozone/tools/target/test-dir/MiniOzoneClusterImpl-40b1a39e-a15e-4017-a8bd-88793379a06c/datanode-3/data/ratis] (custom)
2019-09-20 08:31:30,701 [pool-60-thread-1] INFO  storage.RaftStorageDirectory (RaftStorageDirectory.java:analyzeStorage(246)) - The storage directory /workdir/hadoop-ozone/tools/target/test-dir/MiniOzoneClusterImpl-40b1a39e-a15e-4017-a8bd-88793379a06c/datanode-3/data/ratis/fff52cda-cd2c-45ce-86d8-e473f81e4fcc does not exist. Creating ...
2019-09-20 08:31:30,722 [pool-60-thread-1] INFO  storage.RaftStorageDirectory (RaftStorageDirectory.java:tryLock(328)) - Lock on /workdir/hadoop-ozone/tools/target/test-dir/MiniOzoneClusterImpl-40b1a39e-a15e-4017-a8bd-88793379a06c/datanode-3/data/ratis/fff52cda-cd2c-45ce-86d8-e473f81e4fcc/in_use.lock acquired by nodename 4915@pr-hdds-1569-6tbh6-3362816358
2019-09-20 08:31:30,737 [pool-60-thread-1] INFO  storage.RaftStorage (RaftStorage.java:format(72)) - Storage directory /workdir/hadoop-ozone/tools/target/test-dir/MiniOzoneClusterImpl-40b1a39e-a15e-4017-a8bd-88793379a06c/datanode-3/data/ratis/fff52cda-cd2c-45ce-86d8-e473f81e4fcc has been successfully formatted.
2019-09-20 08:31:30,737 [pool-60-thread-1] INFO  ratis.ContainerStateMachine (ContainerStateMachine.java:loadSnapshot(226)) - group-E473F81E4FCC: The snapshot info is null. Setting the last applied indexto:(t:0, i:~)
2019-09-20 08:31:30,738 [pool-60-thread-1] INFO  server.RaftServerConfigKeys (ConfUtils.java:logGet(43)) - raft.server.leader.election.timeout = 120s (custom)
2019-09-20 08:31:30,738 [pool-60-thread-1] INFO  server.RaftServerConfigKeys (ConfUtils.java:logGet(43)) - raft.server.log.use.memory = false (default)
2019-09-20 08:31:30,738 [pool-60-thread-1] INFO  server.RaftServerConfigKeys (ConfUtils.java:logGet(43)) - raft.server.log.purge.gap = 1000000 (custom)
2019-09-20 08:31:30,738 [pool-60-thread-1] INFO  server.RaftServerConfigKeys (ConfUtils.java:logGet(43)) - raft.server.log.appender.buffer.byte-limit = 33554432 (custom)
2019-09-20 08:31:30,738 [pool-60-thread-1] INFO  server.RaftServerConfigKeys (ConfUtils.java:logGet(43)) - raft.server.log.segment.size.max = 1048576 (custom)
2019-09-20 08:31:30,739 [pool-60-thread-1] INFO  server.RaftServerConfigKeys (ConfUtils.java:logGet(43)) - raft.server.log.segment.cache.num.max = 2 (custom)
2019-09-20 08:31:30,739 [pool-60-thread-1] INFO  segmented.SegmentedRaftLogWorker (SegmentedRaftLogWorker.java:<init>(172)) - new 7372e003-60de-4928-9031-10c7db72eb74-SegmentedRaftLogWorker:Storage Directory /workdir/hadoop-ozone/tools/target/test-dir/MiniOzoneClusterImpl-40b1a39e-a15e-4017-a8bd-88793379a06c/datanode-3/data/ratis/fff52cda-cd2c-45ce-86d8-e473f81e4fcc for RaftStorage:Storage Directory /workdir/hadoop-ozone/tools/target/test-dir/MiniOzoneClusterImpl-40b1a39e-a15e-4017-a8bd-88793379a06c/datanode-3/data/ratis/fff52cda-cd2c-45ce-86d8-e473f81e4fcc
2019-09-20 08:31:30,739 [pool-60-thread-1] INFO  server.RaftServerConfigKeys (ConfUtils.java:logGet(43)) - raft.server.log.queue.byte-limit = 2147483647 (custom)
2019-09-20 08:31:30,739 [pool-60-thread-1] INFO  server.RaftServerConfigKeys (ConfUtils.java:logGet(43)) - raft.server.log.queue.element-limit = 1024 (custom)
2019-09-20 08:31:30,739 [pool-60-thread-1] INFO  server.RaftServerConfigKeys (ConfUtils.java:logGet(43)) - raft.server.log.segment.size.max = 1048576 (custom)
2019-09-20 08:31:30,739 [pool-60-thread-1] INFO  server.RaftServerConfigKeys (ConfUtils.java:logGet(43)) - raft.server.log.preallocated.size = 16384 (custom)
2019-09-20 08:31:30,739 [pool-60-thread-1] INFO  server.RaftServerConfigKeys (ConfUtils.java:logGet(43)) - raft.server.log.write.buffer.size = 33554432 (custom)
2019-09-20 08:31:30,740 [pool-60-thread-1] INFO  server.RaftServerConfigKeys (ConfUtils.java:logGet(43)) - raft.server.log.force.sync.num = 128 (default)
2019-09-20 08:31:30,740 [pool-60-thread-1] INFO  server.RaftServerConfigKeys (ConfUtils.java:logGet(43)) - raft.server.log.statemachine.data.sync = true (default)
2019-09-20 08:31:30,740 [pool-60-thread-1] INFO  server.RaftServerConfigKeys (ConfUtils.java:logGet(43)) - raft.server.log.statemachine.data.sync.timeout = 10s (default)
2019-09-20 08:31:30,740 [pool-60-thread-1] INFO  server.RaftServerConfigKeys (ConfUtils.java:logGet(43)) - raft.server.log.statemachine.data.sync.timeout.retry = -1 (default)
2019-09-20 08:31:30,740 [pool-60-thread-1] INFO  server.RaftServerConfigKeys (ConfUtils.java:logGet(43)) - raft.server.log.statemachine.data.caching.enabled = true (custom)
2019-09-20 08:31:30,741 [pool-60-thread-1] INFO  segmented.SegmentedRaftLogWorker (SegmentedRaftLogWorker.java:lambda$new$0(132)) - 7372e003-60de-4928-9031-10c7db72eb74-SegmentedRaftLogWorker:Storage Directory /workdir/hadoop-ozone/tools/target/test-dir/MiniOzoneClusterImpl-40b1a39e-a15e-4017-a8bd-88793379a06c/datanode-3/data/ratis/fff52cda-cd2c-45ce-86d8-e473f81e4fcc: flushIndex: setUnconditionally 0 -> -1
2019-09-20 08:31:30,741 [pool-60-thread-1] INFO  server.RaftServerConfigKeys (ConfUtils.java:logGet(43)) - raft.server.snapshot.auto.trigger.enabled = true (custom)
2019-09-20 08:31:30,741 [pool-60-thread-1] INFO  server.RaftServerConfigKeys (ConfUtils.java:logGet(43)) - raft.server.snapshot.auto.trigger.threshold = 10000 (custom)
2019-09-20 08:31:30,742 [pool-60-thread-1] INFO  server.RaftServerConfigKeys (ConfUtils.java:logGet(43)) - raft.server.retrycache.expirytime = 600000ms (custom)
2019-09-20 08:31:30,742 [pool-60-thread-1] INFO  impl.RaftServerImpl (RaftServerImpl.java:start(180)) - 7372e003-60de-4928-9031-10c7db72eb74: start group-E473F81E4FCC
2019-09-20 08:31:30,742 [pool-60-thread-1] INFO  impl.RaftServerImpl (RaftServerImpl.java:setRole(171)) - 7372e003-60de-4928-9031-10c7db72eb74:group-E473F81E4FCC changes role from null to FOLLOWER at term 0 for startAsFollower
2019-09-20 08:31:30,742 [pool-60-thread-1] INFO  impl.RoleInfo (RoleInfo.java:updateAndGet(143)) - 7372e003-60de-4928-9031-10c7db72eb74: start FollowerState
2019-09-20 08:31:30,743 [pool-60-thread-1] INFO  util.JmxRegister (JmxRegister.java:tryRegister(44)) - Successfully registered JMX Bean with object name Ratis:service=RaftServer,group=group-E473F81E4FCC,id=7372e003-60de-4928-9031-10c7db72eb74
2019-09-20 08:31:30,763 [RatisPipelineUtilsThread] INFO  pipeline.PipelineStateManager (PipelineStateManager.java:addPipeline(56)) - Created pipeline Pipeline[ Id: fff52cda-cd2c-45ce-86d8-e473f81e4fcc, Nodes: 7372e003-60de-4928-9031-10c7db72eb74{ip: 192.168.34.27, host: pr-hdds-1569-6tbh6-3362816358, networkLocation: /default-rack, certSerialId: null}, Type:RATIS, Factor:ONE, State:OPEN]
2019-09-20 08:31:30,764 [RatisPipelineUtilsThread] INFO  pipeline.PipelinePlacementPolicy (PipelinePlacementPolicy.java:meetCriteria(91)) - Pipeline Placement: Doesn't meet the criteria to be viable node： b1d6c399-222b-48d2-8034-ed92e0cf00a0 Heaviness: 6 limit: 5
2019-09-20 08:31:30,780 [grpc-default-executor-0] INFO  impl.RaftServerProxy (RaftServerProxy.java:addNew(89)) - 7372e003-60de-4928-9031-10c7db72eb74: addNew group-3359807B210D:[7372e003-60de-4928-9031-10c7db72eb74:192.168.34.27:38588] returns group-3359807B210D:java.util.concurrent.CompletableFuture@2d7668b0[Not completed]
2019-09-20 08:31:30,782 [pool-60-thread-1] INFO  impl.RaftServerImpl (RaftServerImpl.java:<init>(93)) - 7372e003-60de-4928-9031-10c7db72eb74: new RaftServerImpl for group-3359807B210D:[7372e003-60de-4928-9031-10c7db72eb74:192.168.34.27:38588] with ContainerStateMachine:uninitialized
2019-09-20 08:31:30,782 [pool-60-thread-1] INFO  server.RaftServerConfigKeys (ConfUtils.java:logGet(43)) - raft.server.rpc.timeout.min = 5s (custom)
2019-09-20 08:31:30,783 [pool-60-thread-1] INFO  server.RaftServerConfigKeys (ConfUtils.java:logGet(43)) - raft.server.rpc.timeout.max = 5200ms (custom)
2019-09-20 08:31:30,783 [pool-60-thread-1] INFO  server.RaftServerConfigKeys (ConfUtils.java:logGet(43)) - raft.server.rpcslowness.timeout = 120s (custom)
2019-09-20 08:31:30,783 [pool-60-thread-1] INFO  server.RaftServerConfigKeys (ConfUtils.java:logGet(43)) - raft.server.sleep.deviation.threshold = 300 (default)
2019-09-20 08:31:30,783 [pool-60-thread-1] INFO  server.RaftServerConfigKeys (ConfUtils.java:logGet(43)) - raft.server.log.appender.install.snapshot.enabled = false (custom)
2019-09-20 08:31:30,783 [pool-60-thread-1] INFO  impl.RaftServerImpl (ServerState.java:<init>(105)) - 7372e003-60de-4928-9031-10c7db72eb74:group-3359807B210D ConfigurationManager, init=-1: [7372e003-60de-4928-9031-10c7db72eb74:192.168.34.27:38588], old=null, confs=<EMPTY_MAP>
2019-09-20 08:31:30,783 [pool-60-thread-1] INFO  server.RaftServerConfigKeys (ConfUtils.java:logGet(43)) - raft.server.storage.dir = [/workdir/hadoop-ozone/tools/target/test-dir/MiniOzoneClusterImpl-40b1a39e-a15e-4017-a8bd-88793379a06c/datanode-3/data/ratis] (custom)
2019-09-20 08:31:30,784 [pool-60-thread-1] INFO  storage.RaftStorageDirectory (RaftStorageDirectory.java:analyzeStorage(246)) - The storage directory /workdir/hadoop-ozone/tools/target/test-dir/MiniOzoneClusterImpl-40b1a39e-a15e-4017-a8bd-88793379a06c/datanode-3/data/ratis/53362e9a-e581-48cd-b5d6-3359807b210d does not exist. Creating ...
2019-09-20 08:31:30,790 [main] INFO  freon.RandomKeyGenerator (RandomKeyGenerator.java:call(275)) - Number of Threads: 10
2019-09-20 08:31:30,790 [main] INFO  freon.RandomKeyGenerator (RandomKeyGenerator.java:call(280)) - Number of Volumes: 1.
2019-09-20 08:31:30,791 [main] INFO  freon.RandomKeyGenerator (RandomKeyGenerator.java:call(281)) - Number of Buckets per Volume: 1.
2019-09-20 08:31:30,791 [main] INFO  freon.RandomKeyGenerator (RandomKeyGenerator.java:call(282)) - Number of Keys per Bucket: 1.
2019-09-20 08:31:30,791 [main] INFO  freon.RandomKeyGenerator (RandomKeyGenerator.java:call(283)) - Key size: 20971520 bytes
2019-09-20 08:31:30,791 [main] INFO  freon.RandomKeyGenerator (RandomKeyGenerator.java:call(284)) - Buffer size: 4096 bytes
2019-09-20 08:31:30,795 [main] INFO  freon.RandomKeyGenerator (RandomKeyGenerator.java:call(298)) - Data validation is enabled.
2019-09-20 08:31:30,797 [main] INFO  freon.RandomKeyGenerator (RandomKeyGenerator.java:call(304)) - Starting progress bar Thread.

2019-09-20 08:31:30,799 [pool-60-thread-1] INFO  storage.RaftStorageDirectory (RaftStorageDirectory.java:tryLock(328)) - Lock on /workdir/hadoop-ozone/tools/target/test-dir/MiniOzoneClusterImpl-40b1a39e-a15e-4017-a8bd-88793379a06c/datanode-3/data/ratis/53362e9a-e581-48cd-b5d6-3359807b210d/in_use.lock acquired by nodename 4915@pr-hdds-1569-6tbh6-3362816358
 0.00% |█                                                                                                    |  0/1 Time: 0:00:002019-09-20 08:31:30,818 [pool-60-thread-1] INFO  storage.RaftStorage (RaftStorage.java:format(72)) - Storage directory /workdir/hadoop-ozone/tools/target/test-dir/MiniOzoneClusterImpl-40b1a39e-a15e-4017-a8bd-88793379a06c/datanode-3/data/ratis/53362e9a-e581-48cd-b5d6-3359807b210d has been successfully formatted.
2019-09-20 08:31:30,820 [pool-60-thread-1] INFO  ratis.ContainerStateMachine (ContainerStateMachine.java:loadSnapshot(226)) - group-3359807B210D: The snapshot info is null. Setting the last applied indexto:(t:0, i:~)
2019-09-20 08:31:30,820 [pool-60-thread-1] INFO  server.RaftServerConfigKeys (ConfUtils.java:logGet(43)) - raft.server.leader.election.timeout = 120s (custom)
2019-09-20 08:31:30,820 [pool-60-thread-1] INFO  server.RaftServerConfigKeys (ConfUtils.java:logGet(43)) - raft.server.log.use.memory = false (default)
2019-09-20 08:31:30,820 [pool-60-thread-1] INFO  server.RaftServerConfigKeys (ConfUtils.java:logGet(43)) - raft.server.log.purge.gap = 1000000 (custom)
2019-09-20 08:31:30,821 [pool-60-thread-1] INFO  server.RaftServerConfigKeys (ConfUtils.java:logGet(43)) - raft.server.log.appender.buffer.byte-limit = 33554432 (custom)
2019-09-20 08:31:30,821 [pool-60-thread-1] INFO  server.RaftServerConfigKeys (ConfUtils.java:logGet(43)) - raft.server.log.segment.size.max = 1048576 (custom)
2019-09-20 08:31:30,821 [pool-60-thread-1] INFO  server.RaftServerConfigKeys (ConfUtils.java:logGet(43)) - raft.server.log.segment.cache.num.max = 2 (custom)
2019-09-20 08:31:30,821 [pool-60-thread-1] INFO  segmented.SegmentedRaftLogWorker (SegmentedRaftLogWorker.java:<init>(172)) - new 7372e003-60de-4928-9031-10c7db72eb74-SegmentedRaftLogWorker:Storage Directory /workdir/hadoop-ozone/tools/target/test-dir/MiniOzoneClusterImpl-40b1a39e-a15e-4017-a8bd-88793379a06c/datanode-3/data/ratis/53362e9a-e581-48cd-b5d6-3359807b210d for RaftStorage:Storage Directory /workdir/hadoop-ozone/tools/target/test-dir/MiniOzoneClusterImpl-40b1a39e-a15e-4017-a8bd-88793379a06c/datanode-3/data/ratis/53362e9a-e581-48cd-b5d6-3359807b210d
2019-09-20 08:31:30,821 [pool-60-thread-1] INFO  server.RaftServerConfigKeys (ConfUtils.java:logGet(43)) - raft.server.log.queue.byte-limit = 2147483647 (custom)
2019-09-20 08:31:30,821 [pool-60-thread-1] INFO  server.RaftServerConfigKeys (ConfUtils.java:logGet(43)) - raft.server.log.queue.element-limit = 1024 (custom)
2019-09-20 08:31:30,821 [pool-60-thread-1] INFO  server.RaftServerConfigKeys (ConfUtils.java:logGet(43)) - raft.server.log.segment.size.max = 1048576 (custom)
2019-09-20 08:31:30,821 [pool-60-thread-1] INFO  server.RaftServerConfigKeys (ConfUtils.java:logGet(43)) - raft.server.log.preallocated.size = 16384 (custom)
2019-09-20 08:31:30,821 [pool-60-thread-1] INFO  server.RaftServerConfigKeys (ConfUtils.java:logGet(43)) - raft.server.log.write.buffer.size = 33554432 (custom)
2019-09-20 08:31:30,822 [pool-60-thread-1] INFO  server.RaftServerConfigKeys (ConfUtils.java:logGet(43)) - raft.server.log.force.sync.num = 128 (default)
2019-09-20 08:31:30,822 [pool-60-thread-1] INFO  server.RaftServerConfigKeys (ConfUtils.java:logGet(43)) - raft.server.log.statemachine.data.sync = true (default)
2019-09-20 08:31:30,822 [pool-60-thread-1] INFO  server.RaftServerConfigKeys (ConfUtils.java:logGet(43)) - raft.server.log.statemachine.data.sync.timeout = 10s (default)
2019-09-20 08:31:30,822 [pool-60-thread-1] INFO  server.RaftServerConfigKeys (ConfUtils.java:logGet(43)) - raft.server.log.statemachine.data.sync.timeout.retry = -1 (default)
2019-09-20 08:31:30,822 [pool-60-thread-1] INFO  server.RaftServerConfigKeys (ConfUtils.java:logGet(43)) - raft.server.log.statemachine.data.caching.enabled = true (custom)
2019-09-20 08:31:30,822 [pool-60-thread-1] INFO  segmented.SegmentedRaftLogWorker (SegmentedRaftLogWorker.java:lambda$new$0(132)) - 7372e003-60de-4928-9031-10c7db72eb74-SegmentedRaftLogWorker:Storage Directory /workdir/hadoop-ozone/tools/target/test-dir/MiniOzoneClusterImpl-40b1a39e-a15e-4017-a8bd-88793379a06c/datanode-3/data/ratis/53362e9a-e581-48cd-b5d6-3359807b210d: flushIndex: setUnconditionally 0 -> -1
2019-09-20 08:31:30,823 [pool-60-thread-1] INFO  server.RaftServerConfigKeys (ConfUtils.java:logGet(43)) - raft.server.snapshot.auto.trigger.enabled = true (custom)
2019-09-20 08:31:30,823 [pool-60-thread-1] INFO  server.RaftServerConfigKeys (ConfUtils.java:logGet(43)) - raft.server.snapshot.auto.trigger.threshold = 10000 (custom)
2019-09-20 08:31:30,823 [pool-60-thread-1] INFO  server.RaftServerConfigKeys (ConfUtils.java:logGet(43)) - raft.server.retrycache.expirytime = 600000ms (custom)
2019-09-20 08:31:30,823 [pool-60-thread-1] INFO  impl.RaftServerImpl (RaftServerImpl.java:start(180)) - 7372e003-60de-4928-9031-10c7db72eb74: start group-3359807B210D
2019-09-20 08:31:30,823 [pool-60-thread-1] INFO  impl.RaftServerImpl (RaftServerImpl.java:setRole(171)) - 7372e003-60de-4928-9031-10c7db72eb74:group-3359807B210D changes role from null to FOLLOWER at term 0 for startAsFollower
2019-09-20 08:31:30,823 [pool-60-thread-1] INFO  impl.RoleInfo (RoleInfo.java:updateAndGet(143)) - 7372e003-60de-4928-9031-10c7db72eb74: start FollowerState
2019-09-20 08:31:30,824 [pool-60-thread-1] INFO  util.JmxRegister (JmxRegister.java:tryRegister(44)) - Successfully registered JMX Bean with object name Ratis:service=RaftServer,group=group-3359807B210D,id=7372e003-60de-4928-9031-10c7db72eb74
2019-09-20 08:31:30,832 [pool-78-thread-1] INFO  rpc.RpcClient (RpcClient.java:createVolume(293)) - Creating Volume: vol-0-83691, with jenkins1000 as owner.
2019-09-20 08:31:30,834 [RatisPipelineUtilsThread] INFO  pipeline.PipelineStateManager (PipelineStateManager.java:addPipeline(56)) - Created pipeline Pipeline[ Id: 53362e9a-e581-48cd-b5d6-3359807b210d, Nodes: 7372e003-60de-4928-9031-10c7db72eb74{ip: 192.168.34.27, host: pr-hdds-1569-6tbh6-3362816358, networkLocation: /default-rack, certSerialId: null}, Type:RATIS, Factor:ONE, State:OPEN]
2019-09-20 08:31:30,834 [RatisPipelineUtilsThread] INFO  pipeline.PipelinePlacementPolicy (PipelinePlacementPolicy.java:meetCriteria(91)) - Pipeline Placement: Doesn't meet the criteria to be viable node： b1d6c399-222b-48d2-8034-ed92e0cf00a0 Heaviness: 6 limit: 5
2019-09-20 08:31:30,849 [grpc-default-executor-0] INFO  impl.RaftServerProxy (RaftServerProxy.java:addNew(89)) - 7372e003-60de-4928-9031-10c7db72eb74: addNew group-E8A5FE5431E8:[7372e003-60de-4928-9031-10c7db72eb74:192.168.34.27:38588] returns group-E8A5FE5431E8:java.util.concurrent.CompletableFuture@2cdd8044[Not completed]
2019-09-20 08:31:30,850 [pool-60-thread-1] INFO  impl.RaftServerImpl (RaftServerImpl.java:<init>(93)) - 7372e003-60de-4928-9031-10c7db72eb74: new RaftServerImpl for group-E8A5FE5431E8:[7372e003-60de-4928-9031-10c7db72eb74:192.168.34.27:38588] with ContainerStateMachine:uninitialized
2019-09-20 08:31:30,850 [pool-60-thread-1] INFO  server.RaftServerConfigKeys (ConfUtils.java:logGet(43)) - raft.server.rpc.timeout.min = 5s (custom)
2019-09-20 08:31:30,850 [pool-60-thread-1] INFO  server.RaftServerConfigKeys (ConfUtils.java:logGet(43)) - raft.server.rpc.timeout.max = 5200ms (custom)
2019-09-20 08:31:30,850 [pool-60-thread-1] INFO  server.RaftServerConfigKeys (ConfUtils.java:logGet(43)) - raft.server.rpcslowness.timeout = 120s (custom)
2019-09-20 08:31:30,850 [pool-60-thread-1] INFO  server.RaftServerConfigKeys (ConfUtils.java:logGet(43)) - raft.server.sleep.deviation.threshold = 300 (default)
2019-09-20 08:31:30,850 [pool-60-thread-1] INFO  server.RaftServerConfigKeys (ConfUtils.java:logGet(43)) - raft.server.log.appender.install.snapshot.enabled = false (custom)
2019-09-20 08:31:30,851 [pool-60-thread-1] INFO  impl.RaftServerImpl (ServerState.java:<init>(105)) - 7372e003-60de-4928-9031-10c7db72eb74:group-E8A5FE5431E8 ConfigurationManager, init=-1: [7372e003-60de-4928-9031-10c7db72eb74:192.168.34.27:38588], old=null, confs=<EMPTY_MAP>
2019-09-20 08:31:30,851 [pool-60-thread-1] INFO  server.RaftServerConfigKeys (ConfUtils.java:logGet(43)) - raft.server.storage.dir = [/workdir/hadoop-ozone/tools/target/test-dir/MiniOzoneClusterImpl-40b1a39e-a15e-4017-a8bd-88793379a06c/datanode-3/data/ratis] (custom)
2019-09-20 08:31:30,851 [pool-60-thread-1] INFO  storage.RaftStorageDirectory (RaftStorageDirectory.java:analyzeStorage(246)) - The storage directory /workdir/hadoop-ozone/tools/target/test-dir/MiniOzoneClusterImpl-40b1a39e-a15e-4017-a8bd-88793379a06c/datanode-3/data/ratis/0d27a219-8f71-4212-bb9f-e8a5fe5431e8 does not exist. Creating ...
2019-09-20 08:31:30,879 | INFO  | OMAudit | user=jenkins1000 | ip=127.0.0.1 | op=CREATE_VOLUME {admin=jenkins1000, owner=jenkins1000, volume=vol-0-83691, creationTime=1568968290856, quotaInBytes=1152921504606846976} | ret=SUCCESS |  
2019-09-20 08:31:30,897 | INFO  | OMAudit | user=jenkins1000 | ip=127.0.0.1 | op=READ_VOLUME {volume=vol-0-83691} | ret=SUCCESS |  
2019-09-20 08:31:30,897 [pool-60-thread-1] INFO  storage.RaftStorageDirectory (RaftStorageDirectory.java:tryLock(328)) - Lock on /workdir/hadoop-ozone/tools/target/test-dir/MiniOzoneClusterImpl-40b1a39e-a15e-4017-a8bd-88793379a06c/datanode-3/data/ratis/0d27a219-8f71-4212-bb9f-e8a5fe5431e8/in_use.lock acquired by nodename 4915@pr-hdds-1569-6tbh6-3362816358
2019-09-20 08:31:30,910 [pool-78-thread-2] INFO  rpc.RpcClient (RpcClient.java:createBucket(432)) - Creating Bucket: vol-0-83691/bucket-0-61105, with Versioning false and Storage Type set to DISK and Encryption set to false 
2019-09-20 08:31:30,911 [pool-60-thread-1] INFO  storage.RaftStorage (RaftStorage.java:format(72)) - Storage directory /workdir/hadoop-ozone/tools/target/test-dir/MiniOzoneClusterImpl-40b1a39e-a15e-4017-a8bd-88793379a06c/datanode-3/data/ratis/0d27a219-8f71-4212-bb9f-e8a5fe5431e8 has been successfully formatted.
2019-09-20 08:31:30,912 [pool-60-thread-1] INFO  ratis.ContainerStateMachine (ContainerStateMachine.java:loadSnapshot(226)) - group-E8A5FE5431E8: The snapshot info is null. Setting the last applied indexto:(t:0, i:~)
2019-09-20 08:31:30,912 [pool-60-thread-1] INFO  server.RaftServerConfigKeys (ConfUtils.java:logGet(43)) - raft.server.leader.election.timeout = 120s (custom)
2019-09-20 08:31:30,912 [pool-60-thread-1] INFO  server.RaftServerConfigKeys (ConfUtils.java:logGet(43)) - raft.server.log.use.memory = false (default)
2019-09-20 08:31:30,912 [pool-60-thread-1] INFO  server.RaftServerConfigKeys (ConfUtils.java:logGet(43)) - raft.server.log.purge.gap = 1000000 (custom)
2019-09-20 08:31:30,913 [pool-60-thread-1] INFO  server.RaftServerConfigKeys (ConfUtils.java:logGet(43)) - raft.server.log.appender.buffer.byte-limit = 33554432 (custom)
2019-09-20 08:31:30,913 [pool-60-thread-1] INFO  server.RaftServerConfigKeys (ConfUtils.java:logGet(43)) - raft.server.log.segment.size.max = 1048576 (custom)
2019-09-20 08:31:30,913 [pool-60-thread-1] INFO  server.RaftServerConfigKeys (ConfUtils.java:logGet(43)) - raft.server.log.segment.cache.num.max = 2 (custom)
2019-09-20 08:31:30,913 [pool-60-thread-1] INFO  segmented.SegmentedRaftLogWorker (SegmentedRaftLogWorker.java:<init>(172)) - new 7372e003-60de-4928-9031-10c7db72eb74-SegmentedRaftLogWorker:Storage Directory /workdir/hadoop-ozone/tools/target/test-dir/MiniOzoneClusterImpl-40b1a39e-a15e-4017-a8bd-88793379a06c/datanode-3/data/ratis/0d27a219-8f71-4212-bb9f-e8a5fe5431e8 for RaftStorage:Storage Directory /workdir/hadoop-ozone/tools/target/test-dir/MiniOzoneClusterImpl-40b1a39e-a15e-4017-a8bd-88793379a06c/datanode-3/data/ratis/0d27a219-8f71-4212-bb9f-e8a5fe5431e8
2019-09-20 08:31:30,913 [pool-60-thread-1] INFO  server.RaftServerConfigKeys (ConfUtils.java:logGet(43)) - raft.server.log.queue.byte-limit = 2147483647 (custom)
2019-09-20 08:31:30,914 [pool-60-thread-1] INFO  server.RaftServerConfigKeys (ConfUtils.java:logGet(43)) - raft.server.log.queue.element-limit = 1024 (custom)
2019-09-20 08:31:30,914 [pool-60-thread-1] INFO  server.RaftServerConfigKeys (ConfUtils.java:logGet(43)) - raft.server.log.segment.size.max = 1048576 (custom)
2019-09-20 08:31:30,914 [pool-60-thread-1] INFO  server.RaftServerConfigKeys (ConfUtils.java:logGet(43)) - raft.server.log.preallocated.size = 16384 (custom)
2019-09-20 08:31:30,914 [pool-60-thread-1] INFO  server.RaftServerConfigKeys (ConfUtils.java:logGet(43)) - raft.server.log.write.buffer.size = 33554432 (custom)
2019-09-20 08:31:30,914 [pool-60-thread-1] INFO  server.RaftServerConfigKeys (ConfUtils.java:logGet(43)) - raft.server.log.force.sync.num = 128 (default)
2019-09-20 08:31:30,914 [pool-60-thread-1] INFO  server.RaftServerConfigKeys (ConfUtils.java:logGet(43)) - raft.server.log.statemachine.data.sync = true (default)
2019-09-20 08:31:30,914 [pool-60-thread-1] INFO  server.RaftServerConfigKeys (ConfUtils.java:logGet(43)) - raft.server.log.statemachine.data.sync.timeout = 10s (default)
2019-09-20 08:31:30,915 [pool-60-thread-1] INFO  server.RaftServerConfigKeys (ConfUtils.java:logGet(43)) - raft.server.log.statemachine.data.sync.timeout.retry = -1 (default)
2019-09-20 08:31:30,915 [pool-60-thread-1] INFO  server.RaftServerConfigKeys (ConfUtils.java:logGet(43)) - raft.server.log.statemachine.data.caching.enabled = true (custom)
2019-09-20 08:31:30,915 [pool-60-thread-1] INFO  segmented.SegmentedRaftLogWorker (SegmentedRaftLogWorker.java:lambda$new$0(132)) - 7372e003-60de-4928-9031-10c7db72eb74-SegmentedRaftLogWorker:Storage Directory /workdir/hadoop-ozone/tools/target/test-dir/MiniOzoneClusterImpl-40b1a39e-a15e-4017-a8bd-88793379a06c/datanode-3/data/ratis/0d27a219-8f71-4212-bb9f-e8a5fe5431e8: flushIndex: setUnconditionally 0 -> -1
2019-09-20 08:31:30,916 [pool-60-thread-1] INFO  server.RaftServerConfigKeys (ConfUtils.java:logGet(43)) - raft.server.snapshot.auto.trigger.enabled = true (custom)
2019-09-20 08:31:30,916 [pool-60-thread-1] INFO  server.RaftServerConfigKeys (ConfUtils.java:logGet(43)) - raft.server.snapshot.auto.trigger.threshold = 10000 (custom)
2019-09-20 08:31:30,916 [pool-60-thread-1] INFO  server.RaftServerConfigKeys (ConfUtils.java:logGet(43)) - raft.server.retrycache.expirytime = 600000ms (custom)
2019-09-20 08:31:30,916 [pool-60-thread-1] INFO  impl.RaftServerImpl (RaftServerImpl.java:start(180)) - 7372e003-60de-4928-9031-10c7db72eb74: start group-E8A5FE5431E8
2019-09-20 08:31:30,917 [pool-60-thread-1] INFO  impl.RaftServerImpl (RaftServerImpl.java:setRole(171)) - 7372e003-60de-4928-9031-10c7db72eb74:group-E8A5FE5431E8 changes role from null to FOLLOWER at term 0 for startAsFollower
2019-09-20 08:31:30,917 [pool-60-thread-1] INFO  impl.RoleInfo (RoleInfo.java:updateAndGet(143)) - 7372e003-60de-4928-9031-10c7db72eb74: start FollowerState
2019-09-20 08:31:30,917 [pool-60-thread-1] INFO  util.JmxRegister (JmxRegister.java:tryRegister(44)) - Successfully registered JMX Bean with object name Ratis:service=RaftServer,group=group-E8A5FE5431E8,id=7372e003-60de-4928-9031-10c7db72eb74
2019-09-20 08:31:30,924 [RatisPipelineUtilsThread] INFO  pipeline.PipelineStateManager (PipelineStateManager.java:addPipeline(56)) - Created pipeline Pipeline[ Id: 0d27a219-8f71-4212-bb9f-e8a5fe5431e8, Nodes: 7372e003-60de-4928-9031-10c7db72eb74{ip: 192.168.34.27, host: pr-hdds-1569-6tbh6-3362816358, networkLocation: /default-rack, certSerialId: null}, Type:RATIS, Factor:ONE, State:OPEN]
2019-09-20 08:31:30,926 [RatisPipelineUtilsThread] INFO  pipeline.PipelinePlacementPolicy (PipelinePlacementPolicy.java:meetCriteria(91)) - Pipeline Placement: Doesn't meet the criteria to be viable node： b1d6c399-222b-48d2-8034-ed92e0cf00a0 Heaviness: 6 limit: 5
2019-09-20 08:31:30,939 | INFO  | OMAudit | user=jenkins1000 | ip=127.0.0.1 | op=CREATE_BUCKET {volume=vol-0-83691, bucket=bucket-0-61105, acls=[user:jenkins1000:a[ACCESS], group:default:a[ACCESS]], isVersionEnabled=false, storageType=DISK, creationTime=0} | ret=SUCCESS |  
2019-09-20 08:31:30,939 [grpc-default-executor-0] INFO  impl.RaftServerProxy (RaftServerProxy.java:addNew(89)) - f0fc55a7-6908-4f04-ad18-9919b4d1166c: addNew group-FB83256DD264:[f0fc55a7-6908-4f04-ad18-9919b4d1166c:192.168.34.27:33395] returns group-FB83256DD264:java.util.concurrent.CompletableFuture@6a2413da[Not completed]
2019-09-20 08:31:30,940 [pool-38-thread-1] INFO  impl.RaftServerImpl (RaftServerImpl.java:<init>(93)) - f0fc55a7-6908-4f04-ad18-9919b4d1166c: new RaftServerImpl for group-FB83256DD264:[f0fc55a7-6908-4f04-ad18-9919b4d1166c:192.168.34.27:33395] with ContainerStateMachine:uninitialized
2019-09-20 08:31:30,941 [pool-38-thread-1] INFO  server.RaftServerConfigKeys (ConfUtils.java:logGet(43)) - raft.server.rpc.timeout.min = 5s (custom)
2019-09-20 08:31:30,941 [pool-38-thread-1] INFO  server.RaftServerConfigKeys (ConfUtils.java:logGet(43)) - raft.server.rpc.timeout.max = 5200ms (custom)
2019-09-20 08:31:30,941 [pool-38-thread-1] INFO  server.RaftServerConfigKeys (ConfUtils.java:logGet(43)) - raft.server.rpcslowness.timeout = 120s (custom)
2019-09-20 08:31:30,941 [pool-38-thread-1] INFO  server.RaftServerConfigKeys (ConfUtils.java:logGet(43)) - raft.server.sleep.deviation.threshold = 300 (default)
2019-09-20 08:31:30,941 [pool-38-thread-1] INFO  server.RaftServerConfigKeys (ConfUtils.java:logGet(43)) - raft.server.log.appender.install.snapshot.enabled = false (custom)
2019-09-20 08:31:30,941 [pool-38-thread-1] INFO  impl.RaftServerImpl (ServerState.java:<init>(105)) - f0fc55a7-6908-4f04-ad18-9919b4d1166c:group-FB83256DD264 ConfigurationManager, init=-1: [f0fc55a7-6908-4f04-ad18-9919b4d1166c:192.168.34.27:33395], old=null, confs=<EMPTY_MAP>
2019-09-20 08:31:30,942 [pool-38-thread-1] INFO  server.RaftServerConfigKeys (ConfUtils.java:logGet(43)) - raft.server.storage.dir = [/workdir/hadoop-ozone/tools/target/test-dir/MiniOzoneClusterImpl-40b1a39e-a15e-4017-a8bd-88793379a06c/datanode-1/data/ratis] (custom)
2019-09-20 08:31:30,942 [pool-38-thread-1] INFO  storage.RaftStorageDirectory (RaftStorageDirectory.java:analyzeStorage(246)) - The storage directory /workdir/hadoop-ozone/tools/target/test-dir/MiniOzoneClusterImpl-40b1a39e-a15e-4017-a8bd-88793379a06c/datanode-1/data/ratis/d2b84d9e-ba00-4935-9978-fb83256dd264 does not exist. Creating ...
2019-09-20 08:31:30,946 | INFO  | OMAudit | user=jenkins1000 | ip=127.0.0.1 | op=READ_BUCKET {volume=vol-0-83691, bucket=bucket-0-61105} | ret=SUCCESS |  
2019-09-20 08:31:30,956 [pool-38-thread-1] INFO  storage.RaftStorageDirectory (RaftStorageDirectory.java:tryLock(328)) - Lock on /workdir/hadoop-ozone/tools/target/test-dir/MiniOzoneClusterImpl-40b1a39e-a15e-4017-a8bd-88793379a06c/datanode-1/data/ratis/d2b84d9e-ba00-4935-9978-fb83256dd264/in_use.lock acquired by nodename 4915@pr-hdds-1569-6tbh6-3362816358
2019-09-20 08:31:30,969 [pool-38-thread-1] INFO  storage.RaftStorage (RaftStorage.java:format(72)) - Storage directory /workdir/hadoop-ozone/tools/target/test-dir/MiniOzoneClusterImpl-40b1a39e-a15e-4017-a8bd-88793379a06c/datanode-1/data/ratis/d2b84d9e-ba00-4935-9978-fb83256dd264 has been successfully formatted.
2019-09-20 08:31:30,969 [pool-38-thread-1] INFO  ratis.ContainerStateMachine (ContainerStateMachine.java:loadSnapshot(226)) - group-FB83256DD264: The snapshot info is null. Setting the last applied indexto:(t:0, i:~)
2019-09-20 08:31:30,970 [pool-38-thread-1] INFO  server.RaftServerConfigKeys (ConfUtils.java:logGet(43)) - raft.server.leader.election.timeout = 120s (custom)
2019-09-20 08:31:30,970 [pool-38-thread-1] INFO  server.RaftServerConfigKeys (ConfUtils.java:logGet(43)) - raft.server.log.use.memory = false (default)
2019-09-20 08:31:30,970 [pool-38-thread-1] INFO  server.RaftServerConfigKeys (ConfUtils.java:logGet(43)) - raft.server.log.purge.gap = 1000000 (custom)
2019-09-20 08:31:30,970 [pool-38-thread-1] INFO  server.RaftServerConfigKeys (ConfUtils.java:logGet(43)) - raft.server.log.appender.buffer.byte-limit = 33554432 (custom)
2019-09-20 08:31:30,970 [pool-38-thread-1] INFO  server.RaftServerConfigKeys (ConfUtils.java:logGet(43)) - raft.server.log.segment.size.max = 1048576 (custom)
2019-09-20 08:31:30,970 [pool-38-thread-1] INFO  server.RaftServerConfigKeys (ConfUtils.java:logGet(43)) - raft.server.log.segment.cache.num.max = 2 (custom)
2019-09-20 08:31:30,971 [pool-38-thread-1] INFO  segmented.SegmentedRaftLogWorker (SegmentedRaftLogWorker.java:<init>(172)) - new f0fc55a7-6908-4f04-ad18-9919b4d1166c-SegmentedRaftLogWorker:Storage Directory /workdir/hadoop-ozone/tools/target/test-dir/MiniOzoneClusterImpl-40b1a39e-a15e-4017-a8bd-88793379a06c/datanode-1/data/ratis/d2b84d9e-ba00-4935-9978-fb83256dd264 for RaftStorage:Storage Directory /workdir/hadoop-ozone/tools/target/test-dir/MiniOzoneClusterImpl-40b1a39e-a15e-4017-a8bd-88793379a06c/datanode-1/data/ratis/d2b84d9e-ba00-4935-9978-fb83256dd264
2019-09-20 08:31:30,971 [pool-38-thread-1] INFO  server.RaftServerConfigKeys (ConfUtils.java:logGet(43)) - raft.server.log.queue.byte-limit = 2147483647 (custom)
2019-09-20 08:31:30,971 [pool-38-thread-1] INFO  server.RaftServerConfigKeys (ConfUtils.java:logGet(43)) - raft.server.log.queue.element-limit = 1024 (custom)
2019-09-20 08:31:30,971 [pool-38-thread-1] INFO  server.RaftServerConfigKeys (ConfUtils.java:logGet(43)) - raft.server.log.segment.size.max = 1048576 (custom)
2019-09-20 08:31:30,971 [pool-38-thread-1] INFO  server.RaftServerConfigKeys (ConfUtils.java:logGet(43)) - raft.server.log.preallocated.size = 16384 (custom)
2019-09-20 08:31:30,971 [pool-38-thread-1] INFO  server.RaftServerConfigKeys (ConfUtils.java:logGet(43)) - raft.server.log.write.buffer.size = 33554432 (custom)
2019-09-20 08:31:30,972 [pool-38-thread-1] INFO  server.RaftServerConfigKeys (ConfUtils.java:logGet(43)) - raft.server.log.force.sync.num = 128 (default)
2019-09-20 08:31:30,972 [pool-38-thread-1] INFO  server.RaftServerConfigKeys (ConfUtils.java:logGet(43)) - raft.server.log.statemachine.data.sync = true (default)
2019-09-20 08:31:30,972 [pool-38-thread-1] INFO  server.RaftServerConfigKeys (ConfUtils.java:logGet(43)) - raft.server.log.statemachine.data.sync.timeout = 10s (default)
2019-09-20 08:31:30,972 [pool-38-thread-1] INFO  server.RaftServerConfigKeys (ConfUtils.java:logGet(43)) - raft.server.log.statemachine.data.sync.timeout.retry = -1 (default)
2019-09-20 08:31:30,972 [pool-38-thread-1] INFO  server.RaftServerConfigKeys (ConfUtils.java:logGet(43)) - raft.server.log.statemachine.data.caching.enabled = true (custom)
2019-09-20 08:31:30,973 [pool-38-thread-1] INFO  segmented.SegmentedRaftLogWorker (SegmentedRaftLogWorker.java:lambda$new$0(132)) - f0fc55a7-6908-4f04-ad18-9919b4d1166c-SegmentedRaftLogWorker:Storage Directory /workdir/hadoop-ozone/tools/target/test-dir/MiniOzoneClusterImpl-40b1a39e-a15e-4017-a8bd-88793379a06c/datanode-1/data/ratis/d2b84d9e-ba00-4935-9978-fb83256dd264: flushIndex: setUnconditionally 0 -> -1
2019-09-20 08:31:30,973 [pool-38-thread-1] INFO  server.RaftServerConfigKeys (ConfUtils.java:logGet(43)) - raft.server.snapshot.auto.trigger.enabled = true (custom)
2019-09-20 08:31:30,973 [pool-38-thread-1] INFO  server.RaftServerConfigKeys (ConfUtils.java:logGet(43)) - raft.server.snapshot.auto.trigger.threshold = 10000 (custom)
2019-09-20 08:31:30,973 [pool-38-thread-1] INFO  server.RaftServerConfigKeys (ConfUtils.java:logGet(43)) - raft.server.retrycache.expirytime = 600000ms (custom)
2019-09-20 08:31:30,974 [pool-38-thread-1] INFO  impl.RaftServerImpl (RaftServerImpl.java:start(180)) - f0fc55a7-6908-4f04-ad18-9919b4d1166c: start group-FB83256DD264
2019-09-20 08:31:30,974 [pool-38-thread-1] INFO  impl.RaftServerImpl (RaftServerImpl.java:setRole(171)) - f0fc55a7-6908-4f04-ad18-9919b4d1166c:group-FB83256DD264 changes role from null to FOLLOWER at term 0 for startAsFollower
2019-09-20 08:31:30,974 [pool-38-thread-1] INFO  impl.RoleInfo (RoleInfo.java:updateAndGet(143)) - f0fc55a7-6908-4f04-ad18-9919b4d1166c: start FollowerState
2019-09-20 08:31:30,974 [pool-38-thread-1] INFO  util.JmxRegister (JmxRegister.java:tryRegister(44)) - Successfully registered JMX Bean with object name Ratis:service=RaftServer,group=group-FB83256DD264,id=f0fc55a7-6908-4f04-ad18-9919b4d1166c
2019-09-20 08:31:30,979 [RatisPipelineUtilsThread] INFO  pipeline.PipelineStateManager (PipelineStateManager.java:addPipeline(56)) - Created pipeline Pipeline[ Id: d2b84d9e-ba00-4935-9978-fb83256dd264, Nodes: f0fc55a7-6908-4f04-ad18-9919b4d1166c{ip: 192.168.34.27, host: pr-hdds-1569-6tbh6-3362816358, networkLocation: /default-rack, certSerialId: null}, Type:RATIS, Factor:ONE, State:OPEN]
2019-09-20 08:31:30,981 [RatisPipelineUtilsThread] INFO  pipeline.PipelinePlacementPolicy (PipelinePlacementPolicy.java:meetCriteria(91)) - Pipeline Placement: Doesn't meet the criteria to be viable node： b1d6c399-222b-48d2-8034-ed92e0cf00a0 Heaviness: 6 limit: 5
2019-09-20 08:31:30,991 [grpc-default-executor-0] INFO  impl.RaftServerProxy (RaftServerProxy.java:addNew(89)) - f0fc55a7-6908-4f04-ad18-9919b4d1166c: addNew group-76421C790FFF:[f0fc55a7-6908-4f04-ad18-9919b4d1166c:192.168.34.27:33395] returns group-76421C790FFF:java.util.concurrent.CompletableFuture@1a11adb4[Not completed]
2019-09-20 08:31:31,007 [pool-38-thread-1] INFO  impl.RaftServerImpl (RaftServerImpl.java:<init>(93)) - f0fc55a7-6908-4f04-ad18-9919b4d1166c: new RaftServerImpl for group-76421C790FFF:[f0fc55a7-6908-4f04-ad18-9919b4d1166c:192.168.34.27:33395] with ContainerStateMachine:uninitialized
2019-09-20 08:31:31,008 [pool-38-thread-1] INFO  server.RaftServerConfigKeys (ConfUtils.java:logGet(43)) - raft.server.rpc.timeout.min = 5s (custom)
2019-09-20 08:31:31,008 [pool-38-thread-1] INFO  server.RaftServerConfigKeys (ConfUtils.java:logGet(43)) - raft.server.rpc.timeout.max = 5200ms (custom)
2019-09-20 08:31:31,008 [pool-38-thread-1] INFO  server.RaftServerConfigKeys (ConfUtils.java:logGet(43)) - raft.server.rpcslowness.timeout = 120s (custom)
2019-09-20 08:31:31,008 [pool-38-thread-1] INFO  server.RaftServerConfigKeys (ConfUtils.java:logGet(43)) - raft.server.sleep.deviation.threshold = 300 (default)
2019-09-20 08:31:31,008 [pool-38-thread-1] INFO  server.RaftServerConfigKeys (ConfUtils.java:logGet(43)) - raft.server.log.appender.install.snapshot.enabled = false (custom)
2019-09-20 08:31:31,008 [pool-38-thread-1] INFO  impl.RaftServerImpl (ServerState.java:<init>(105)) - f0fc55a7-6908-4f04-ad18-9919b4d1166c:group-76421C790FFF ConfigurationManager, init=-1: [f0fc55a7-6908-4f04-ad18-9919b4d1166c:192.168.34.27:33395], old=null, confs=<EMPTY_MAP>
2019-09-20 08:31:31,009 [pool-38-thread-1] INFO  server.RaftServerConfigKeys (ConfUtils.java:logGet(43)) - raft.server.storage.dir = [/workdir/hadoop-ozone/tools/target/test-dir/MiniOzoneClusterImpl-40b1a39e-a15e-4017-a8bd-88793379a06c/datanode-1/data/ratis] (custom)
2019-09-20 08:31:31,009 [pool-38-thread-1] INFO  storage.RaftStorageDirectory (RaftStorageDirectory.java:analyzeStorage(246)) - The storage directory /workdir/hadoop-ozone/tools/target/test-dir/MiniOzoneClusterImpl-40b1a39e-a15e-4017-a8bd-88793379a06c/datanode-1/data/ratis/4ee893d8-31e4-426f-a9e9-76421c790fff does not exist. Creating ...
2019-09-20 08:31:31,030 [pool-38-thread-1] INFO  storage.RaftStorageDirectory (RaftStorageDirectory.java:tryLock(328)) - Lock on /workdir/hadoop-ozone/tools/target/test-dir/MiniOzoneClusterImpl-40b1a39e-a15e-4017-a8bd-88793379a06c/datanode-1/data/ratis/4ee893d8-31e4-426f-a9e9-76421c790fff/in_use.lock acquired by nodename 4915@pr-hdds-1569-6tbh6-3362816358
2019-09-20 08:31:31,043 [pool-38-thread-1] INFO  storage.RaftStorage (RaftStorage.java:format(72)) - Storage directory /workdir/hadoop-ozone/tools/target/test-dir/MiniOzoneClusterImpl-40b1a39e-a15e-4017-a8bd-88793379a06c/datanode-1/data/ratis/4ee893d8-31e4-426f-a9e9-76421c790fff has been successfully formatted.
2019-09-20 08:31:31,043 [pool-38-thread-1] INFO  ratis.ContainerStateMachine (ContainerStateMachine.java:loadSnapshot(226)) - group-76421C790FFF: The snapshot info is null. Setting the last applied indexto:(t:0, i:~)
2019-09-20 08:31:31,043 [pool-38-thread-1] INFO  server.RaftServerConfigKeys (ConfUtils.java:logGet(43)) - raft.server.leader.election.timeout = 120s (custom)
2019-09-20 08:31:31,044 [pool-38-thread-1] INFO  server.RaftServerConfigKeys (ConfUtils.java:logGet(43)) - raft.server.log.use.memory = false (default)
2019-09-20 08:31:31,044 [pool-38-thread-1] INFO  server.RaftServerConfigKeys (ConfUtils.java:logGet(43)) - raft.server.log.purge.gap = 1000000 (custom)
2019-09-20 08:31:31,044 [pool-38-thread-1] INFO  server.RaftServerConfigKeys (ConfUtils.java:logGet(43)) - raft.server.log.appender.buffer.byte-limit = 33554432 (custom)
2019-09-20 08:31:31,044 [pool-38-thread-1] INFO  server.RaftServerConfigKeys (ConfUtils.java:logGet(43)) - raft.server.log.segment.size.max = 1048576 (custom)
2019-09-20 08:31:31,044 [pool-38-thread-1] INFO  server.RaftServerConfigKeys (ConfUtils.java:logGet(43)) - raft.server.log.segment.cache.num.max = 2 (custom)
2019-09-20 08:31:31,044 [pool-38-thread-1] INFO  segmented.SegmentedRaftLogWorker (SegmentedRaftLogWorker.java:<init>(172)) - new f0fc55a7-6908-4f04-ad18-9919b4d1166c-SegmentedRaftLogWorker:Storage Directory /workdir/hadoop-ozone/tools/target/test-dir/MiniOzoneClusterImpl-40b1a39e-a15e-4017-a8bd-88793379a06c/datanode-1/data/ratis/4ee893d8-31e4-426f-a9e9-76421c790fff for RaftStorage:Storage Directory /workdir/hadoop-ozone/tools/target/test-dir/MiniOzoneClusterImpl-40b1a39e-a15e-4017-a8bd-88793379a06c/datanode-1/data/ratis/4ee893d8-31e4-426f-a9e9-76421c790fff
2019-09-20 08:31:31,045 [pool-38-thread-1] INFO  server.RaftServerConfigKeys (ConfUtils.java:logGet(43)) - raft.server.log.queue.byte-limit = 2147483647 (custom)
2019-09-20 08:31:31,045 [pool-38-thread-1] INFO  server.RaftServerConfigKeys (ConfUtils.java:logGet(43)) - raft.server.log.queue.element-limit = 1024 (custom)
2019-09-20 08:31:31,045 [pool-38-thread-1] INFO  server.RaftServerConfigKeys (ConfUtils.java:logGet(43)) - raft.server.log.segment.size.max = 1048576 (custom)
2019-09-20 08:31:31,045 [pool-38-thread-1] INFO  server.RaftServerConfigKeys (ConfUtils.java:logGet(43)) - raft.server.log.preallocated.size = 16384 (custom)
2019-09-20 08:31:31,045 [pool-38-thread-1] INFO  server.RaftServerConfigKeys (ConfUtils.java:logGet(43)) - raft.server.log.write.buffer.size = 33554432 (custom)
2019-09-20 08:31:31,045 [pool-38-thread-1] INFO  server.RaftServerConfigKeys (ConfUtils.java:logGet(43)) - raft.server.log.force.sync.num = 128 (default)
2019-09-20 08:31:31,045 [pool-38-thread-1] INFO  server.RaftServerConfigKeys (ConfUtils.java:logGet(43)) - raft.server.log.statemachine.data.sync = true (default)
2019-09-20 08:31:31,046 [pool-38-thread-1] INFO  server.RaftServerConfigKeys (ConfUtils.java:logGet(43)) - raft.server.log.statemachine.data.sync.timeout = 10s (default)
2019-09-20 08:31:31,046 [pool-38-thread-1] INFO  server.RaftServerConfigKeys (ConfUtils.java:logGet(43)) - raft.server.log.statemachine.data.sync.timeout.retry = -1 (default)
2019-09-20 08:31:31,046 [pool-38-thread-1] INFO  server.RaftServerConfigKeys (ConfUtils.java:logGet(43)) - raft.server.log.statemachine.data.caching.enabled = true (custom)
2019-09-20 08:31:31,046 [pool-38-thread-1] INFO  segmented.SegmentedRaftLogWorker (SegmentedRaftLogWorker.java:lambda$new$0(132)) - f0fc55a7-6908-4f04-ad18-9919b4d1166c-SegmentedRaftLogWorker:Storage Directory /workdir/hadoop-ozone/tools/target/test-dir/MiniOzoneClusterImpl-40b1a39e-a15e-4017-a8bd-88793379a06c/datanode-1/data/ratis/4ee893d8-31e4-426f-a9e9-76421c790fff: flushIndex: setUnconditionally 0 -> -1
2019-09-20 08:31:31,047 [pool-38-thread-1] INFO  server.RaftServerConfigKeys (ConfUtils.java:logGet(43)) - raft.server.snapshot.auto.trigger.enabled = true (custom)
2019-09-20 08:31:31,047 [pool-38-thread-1] INFO  server.RaftServerConfigKeys (ConfUtils.java:logGet(43)) - raft.server.snapshot.auto.trigger.threshold = 10000 (custom)
2019-09-20 08:31:31,047 [pool-38-thread-1] INFO  server.RaftServerConfigKeys (ConfUtils.java:logGet(43)) - raft.server.retrycache.expirytime = 600000ms (custom)
2019-09-20 08:31:31,047 [pool-38-thread-1] INFO  impl.RaftServerImpl (RaftServerImpl.java:start(180)) - f0fc55a7-6908-4f04-ad18-9919b4d1166c: start group-76421C790FFF
2019-09-20 08:31:31,048 [pool-38-thread-1] INFO  impl.RaftServerImpl (RaftServerImpl.java:setRole(171)) - f0fc55a7-6908-4f04-ad18-9919b4d1166c:group-76421C790FFF changes role from null to FOLLOWER at term 0 for startAsFollower
2019-09-20 08:31:31,048 [pool-38-thread-1] INFO  impl.RoleInfo (RoleInfo.java:updateAndGet(143)) - f0fc55a7-6908-4f04-ad18-9919b4d1166c: start FollowerState
2019-09-20 08:31:31,048 [pool-38-thread-1] INFO  util.JmxRegister (JmxRegister.java:tryRegister(44)) - Successfully registered JMX Bean with object name Ratis:service=RaftServer,group=group-76421C790FFF,id=f0fc55a7-6908-4f04-ad18-9919b4d1166c
2019-09-20 08:31:31,055 [RatisPipelineUtilsThread] INFO  pipeline.PipelineStateManager (PipelineStateManager.java:addPipeline(56)) - Created pipeline Pipeline[ Id: 4ee893d8-31e4-426f-a9e9-76421c790fff, Nodes: f0fc55a7-6908-4f04-ad18-9919b4d1166c{ip: 192.168.34.27, host: pr-hdds-1569-6tbh6-3362816358, networkLocation: /default-rack, certSerialId: null}, Type:RATIS, Factor:ONE, State:OPEN]
2019-09-20 08:31:31,057 [RatisPipelineUtilsThread] INFO  pipeline.PipelinePlacementPolicy (PipelinePlacementPolicy.java:meetCriteria(91)) - Pipeline Placement: Doesn't meet the criteria to be viable node： b1d6c399-222b-48d2-8034-ed92e0cf00a0 Heaviness: 6 limit: 5
2019-09-20 08:31:31,074 [grpc-default-executor-0] INFO  impl.RaftServerProxy (RaftServerProxy.java:addNew(89)) - 7372e003-60de-4928-9031-10c7db72eb74: addNew group-3097187CD0DC:[7372e003-60de-4928-9031-10c7db72eb74:192.168.34.27:38588] returns group-3097187CD0DC:java.util.concurrent.CompletableFuture@7da8d696[Not completed]
2019-09-20 08:31:31,076 [pool-60-thread-1] INFO  impl.RaftServerImpl (RaftServerImpl.java:<init>(93)) - 7372e003-60de-4928-9031-10c7db72eb74: new RaftServerImpl for group-3097187CD0DC:[7372e003-60de-4928-9031-10c7db72eb74:192.168.34.27:38588] with ContainerStateMachine:uninitialized
2019-09-20 08:31:31,077 [pool-60-thread-1] INFO  server.RaftServerConfigKeys (ConfUtils.java:logGet(43)) - raft.server.rpc.timeout.min = 5s (custom)
2019-09-20 08:31:31,077 [pool-60-thread-1] INFO  server.RaftServerConfigKeys (ConfUtils.java:logGet(43)) - raft.server.rpc.timeout.max = 5200ms (custom)
2019-09-20 08:31:31,077 [pool-60-thread-1] INFO  server.RaftServerConfigKeys (ConfUtils.java:logGet(43)) - raft.server.rpcslowness.timeout = 120s (custom)
2019-09-20 08:31:31,077 [pool-60-thread-1] INFO  server.RaftServerConfigKeys (ConfUtils.java:logGet(43)) - raft.server.sleep.deviation.threshold = 300 (default)
2019-09-20 08:31:31,078 [pool-60-thread-1] INFO  server.RaftServerConfigKeys (ConfUtils.java:logGet(43)) - raft.server.log.appender.install.snapshot.enabled = false (custom)
2019-09-20 08:31:31,078 [pool-60-thread-1] INFO  impl.RaftServerImpl (ServerState.java:<init>(105)) - 7372e003-60de-4928-9031-10c7db72eb74:group-3097187CD0DC ConfigurationManager, init=-1: [7372e003-60de-4928-9031-10c7db72eb74:192.168.34.27:38588], old=null, confs=<EMPTY_MAP>
2019-09-20 08:31:31,078 [pool-60-thread-1] INFO  server.RaftServerConfigKeys (ConfUtils.java:logGet(43)) - raft.server.storage.dir = [/workdir/hadoop-ozone/tools/target/test-dir/MiniOzoneClusterImpl-40b1a39e-a15e-4017-a8bd-88793379a06c/datanode-3/data/ratis] (custom)
2019-09-20 08:31:31,079 [pool-60-thread-1] INFO  storage.RaftStorageDirectory (RaftStorageDirectory.java:analyzeStorage(246)) - The storage directory /workdir/hadoop-ozone/tools/target/test-dir/MiniOzoneClusterImpl-40b1a39e-a15e-4017-a8bd-88793379a06c/datanode-3/data/ratis/2c822db0-062d-494b-83eb-3097187cd0dc does not exist. Creating ...
2019-09-20 08:31:31,092 [pool-60-thread-1] INFO  storage.RaftStorageDirectory (RaftStorageDirectory.java:tryLock(328)) - Lock on /workdir/hadoop-ozone/tools/target/test-dir/MiniOzoneClusterImpl-40b1a39e-a15e-4017-a8bd-88793379a06c/datanode-3/data/ratis/2c822db0-062d-494b-83eb-3097187cd0dc/in_use.lock acquired by nodename 4915@pr-hdds-1569-6tbh6-3362816358
2019-09-20 08:31:31,105 [pool-60-thread-1] INFO  storage.RaftStorage (RaftStorage.java:format(72)) - Storage directory /workdir/hadoop-ozone/tools/target/test-dir/MiniOzoneClusterImpl-40b1a39e-a15e-4017-a8bd-88793379a06c/datanode-3/data/ratis/2c822db0-062d-494b-83eb-3097187cd0dc has been successfully formatted.
2019-09-20 08:31:31,106 [pool-60-thread-1] INFO  ratis.ContainerStateMachine (ContainerStateMachine.java:loadSnapshot(226)) - group-3097187CD0DC: The snapshot info is null. Setting the last applied indexto:(t:0, i:~)
2019-09-20 08:31:31,106 [pool-60-thread-1] INFO  server.RaftServerConfigKeys (ConfUtils.java:logGet(43)) - raft.server.leader.election.timeout = 120s (custom)
2019-09-20 08:31:31,106 [pool-60-thread-1] INFO  server.RaftServerConfigKeys (ConfUtils.java:logGet(43)) - raft.server.log.use.memory = false (default)
2019-09-20 08:31:31,106 [pool-60-thread-1] INFO  server.RaftServerConfigKeys (ConfUtils.java:logGet(43)) - raft.server.log.purge.gap = 1000000 (custom)
2019-09-20 08:31:31,107 [pool-60-thread-1] INFO  server.RaftServerConfigKeys (ConfUtils.java:logGet(43)) - raft.server.log.appender.buffer.byte-limit = 33554432 (custom)
2019-09-20 08:31:31,107 [pool-60-thread-1] INFO  server.RaftServerConfigKeys (ConfUtils.java:logGet(43)) - raft.server.log.segment.size.max = 1048576 (custom)
2019-09-20 08:31:31,107 [pool-60-thread-1] INFO  server.RaftServerConfigKeys (ConfUtils.java:logGet(43)) - raft.server.log.segment.cache.num.max = 2 (custom)
2019-09-20 08:31:31,107 [pool-60-thread-1] INFO  segmented.SegmentedRaftLogWorker (SegmentedRaftLogWorker.java:<init>(172)) - new 7372e003-60de-4928-9031-10c7db72eb74-SegmentedRaftLogWorker:Storage Directory /workdir/hadoop-ozone/tools/target/test-dir/MiniOzoneClusterImpl-40b1a39e-a15e-4017-a8bd-88793379a06c/datanode-3/data/ratis/2c822db0-062d-494b-83eb-3097187cd0dc for RaftStorage:Storage Directory /workdir/hadoop-ozone/tools/target/test-dir/MiniOzoneClusterImpl-40b1a39e-a15e-4017-a8bd-88793379a06c/datanode-3/data/ratis/2c822db0-062d-494b-83eb-3097187cd0dc
2019-09-20 08:31:31,107 [pool-60-thread-1] INFO  server.RaftServerConfigKeys (ConfUtils.java:logGet(43)) - raft.server.log.queue.byte-limit = 2147483647 (custom)
2019-09-20 08:31:31,107 [pool-60-thread-1] INFO  server.RaftServerConfigKeys (ConfUtils.java:logGet(43)) - raft.server.log.queue.element-limit = 1024 (custom)
2019-09-20 08:31:31,108 [pool-60-thread-1] INFO  server.RaftServerConfigKeys (ConfUtils.java:logGet(43)) - raft.server.log.segment.size.max = 1048576 (custom)
2019-09-20 08:31:31,108 [pool-60-thread-1] INFO  server.RaftServerConfigKeys (ConfUtils.java:logGet(43)) - raft.server.log.preallocated.size = 16384 (custom)
2019-09-20 08:31:31,108 [pool-60-thread-1] INFO  server.RaftServerConfigKeys (ConfUtils.java:logGet(43)) - raft.server.log.write.buffer.size = 33554432 (custom)
2019-09-20 08:31:31,108 [pool-60-thread-1] INFO  server.RaftServerConfigKeys (ConfUtils.java:logGet(43)) - raft.server.log.force.sync.num = 128 (default)
2019-09-20 08:31:31,108 [pool-60-thread-1] INFO  server.RaftServerConfigKeys (ConfUtils.java:logGet(43)) - raft.server.log.statemachine.data.sync = true (default)
2019-09-20 08:31:31,108 [pool-60-thread-1] INFO  server.RaftServerConfigKeys (ConfUtils.java:logGet(43)) - raft.server.log.statemachine.data.sync.timeout = 10s (default)
2019-09-20 08:31:31,109 [pool-60-thread-1] INFO  server.RaftServerConfigKeys (ConfUtils.java:logGet(43)) - raft.server.log.statemachine.data.sync.timeout.retry = -1 (default)
2019-09-20 08:31:31,109 [pool-60-thread-1] INFO  server.RaftServerConfigKeys (ConfUtils.java:logGet(43)) - raft.server.log.statemachine.data.caching.enabled = true (custom)
2019-09-20 08:31:31,109 [pool-60-thread-1] INFO  segmented.SegmentedRaftLogWorker (SegmentedRaftLogWorker.java:lambda$new$0(132)) - 7372e003-60de-4928-9031-10c7db72eb74-SegmentedRaftLogWorker:Storage Directory /workdir/hadoop-ozone/tools/target/test-dir/MiniOzoneClusterImpl-40b1a39e-a15e-4017-a8bd-88793379a06c/datanode-3/data/ratis/2c822db0-062d-494b-83eb-3097187cd0dc: flushIndex: setUnconditionally 0 -> -1
2019-09-20 08:31:31,109 [pool-60-thread-1] INFO  server.RaftServerConfigKeys (ConfUtils.java:logGet(43)) - raft.server.snapshot.auto.trigger.enabled = true (custom)
2019-09-20 08:31:31,110 [pool-60-thread-1] INFO  server.RaftServerConfigKeys (ConfUtils.java:logGet(43)) - raft.server.snapshot.auto.trigger.threshold = 10000 (custom)
2019-09-20 08:31:31,110 [pool-60-thread-1] INFO  server.RaftServerConfigKeys (ConfUtils.java:logGet(43)) - raft.server.retrycache.expirytime = 600000ms (custom)
2019-09-20 08:31:31,110 [pool-60-thread-1] INFO  impl.RaftServerImpl (RaftServerImpl.java:start(180)) - 7372e003-60de-4928-9031-10c7db72eb74: start group-3097187CD0DC
2019-09-20 08:31:31,110 [pool-60-thread-1] INFO  impl.RaftServerImpl (RaftServerImpl.java:setRole(171)) - 7372e003-60de-4928-9031-10c7db72eb74:group-3097187CD0DC changes role from null to FOLLOWER at term 0 for startAsFollower
2019-09-20 08:31:31,110 [pool-60-thread-1] INFO  impl.RoleInfo (RoleInfo.java:updateAndGet(143)) - 7372e003-60de-4928-9031-10c7db72eb74: start FollowerState
2019-09-20 08:31:31,111 [pool-60-thread-1] INFO  util.JmxRegister (JmxRegister.java:tryRegister(44)) - Successfully registered JMX Bean with object name Ratis:service=RaftServer,group=group-3097187CD0DC,id=7372e003-60de-4928-9031-10c7db72eb74
2019-09-20 08:31:31,118 [RatisPipelineUtilsThread] INFO  pipeline.PipelineStateManager (PipelineStateManager.java:addPipeline(56)) - Created pipeline Pipeline[ Id: 2c822db0-062d-494b-83eb-3097187cd0dc, Nodes: 7372e003-60de-4928-9031-10c7db72eb74{ip: 192.168.34.27, host: pr-hdds-1569-6tbh6-3362816358, networkLocation: /default-rack, certSerialId: null}, Type:RATIS, Factor:ONE, State:OPEN]
2019-09-20 08:31:31,119 [RatisPipelineUtilsThread] INFO  pipeline.PipelinePlacementPolicy (PipelinePlacementPolicy.java:meetCriteria(91)) - Pipeline Placement: Doesn't meet the criteria to be viable node： b1d6c399-222b-48d2-8034-ed92e0cf00a0 Heaviness: 6 limit: 5
2019-09-20 08:31:31,145 [grpc-default-executor-0] INFO  impl.RaftServerProxy (RaftServerProxy.java:addNew(89)) - 7372e003-60de-4928-9031-10c7db72eb74: addNew group-F5A0E00D8C3B:[7372e003-60de-4928-9031-10c7db72eb74:192.168.34.27:38588] returns group-F5A0E00D8C3B:java.util.concurrent.CompletableFuture@462935f2[Not completed]
2019-09-20 08:31:31,146 [pool-60-thread-1] INFO  impl.RaftServerImpl (RaftServerImpl.java:<init>(93)) - 7372e003-60de-4928-9031-10c7db72eb74: new RaftServerImpl for group-F5A0E00D8C3B:[7372e003-60de-4928-9031-10c7db72eb74:192.168.34.27:38588] with ContainerStateMachine:uninitialized
2019-09-20 08:31:31,146 [pool-60-thread-1] INFO  server.RaftServerConfigKeys (ConfUtils.java:logGet(43)) - raft.server.rpc.timeout.min = 5s (custom)
2019-09-20 08:31:31,146 [pool-60-thread-1] INFO  server.RaftServerConfigKeys (ConfUtils.java:logGet(43)) - raft.server.rpc.timeout.max = 5200ms (custom)
2019-09-20 08:31:31,147 [pool-60-thread-1] INFO  server.RaftServerConfigKeys (ConfUtils.java:logGet(43)) - raft.server.rpcslowness.timeout = 120s (custom)
2019-09-20 08:31:31,147 [pool-60-thread-1] INFO  server.RaftServerConfigKeys (ConfUtils.java:logGet(43)) - raft.server.sleep.deviation.threshold = 300 (default)
2019-09-20 08:31:31,147 [pool-60-thread-1] INFO  server.RaftServerConfigKeys (ConfUtils.java:logGet(43)) - raft.server.log.appender.install.snapshot.enabled = false (custom)
2019-09-20 08:31:31,147 [pool-60-thread-1] INFO  impl.RaftServerImpl (ServerState.java:<init>(105)) - 7372e003-60de-4928-9031-10c7db72eb74:group-F5A0E00D8C3B ConfigurationManager, init=-1: [7372e003-60de-4928-9031-10c7db72eb74:192.168.34.27:38588], old=null, confs=<EMPTY_MAP>
2019-09-20 08:31:31,147 [pool-60-thread-1] INFO  server.RaftServerConfigKeys (ConfUtils.java:logGet(43)) - raft.server.storage.dir = [/workdir/hadoop-ozone/tools/target/test-dir/MiniOzoneClusterImpl-40b1a39e-a15e-4017-a8bd-88793379a06c/datanode-3/data/ratis] (custom)
2019-09-20 08:31:31,148 [pool-60-thread-1] INFO  storage.RaftStorageDirectory (RaftStorageDirectory.java:analyzeStorage(246)) - The storage directory /workdir/hadoop-ozone/tools/target/test-dir/MiniOzoneClusterImpl-40b1a39e-a15e-4017-a8bd-88793379a06c/datanode-3/data/ratis/55fbcfff-6aea-45e8-8385-f5a0e00d8c3b does not exist. Creating ...
2019-09-20 08:31:31,160 [pool-60-thread-1] INFO  storage.RaftStorageDirectory (RaftStorageDirectory.java:tryLock(328)) - Lock on /workdir/hadoop-ozone/tools/target/test-dir/MiniOzoneClusterImpl-40b1a39e-a15e-4017-a8bd-88793379a06c/datanode-3/data/ratis/55fbcfff-6aea-45e8-8385-f5a0e00d8c3b/in_use.lock acquired by nodename 4915@pr-hdds-1569-6tbh6-3362816358
2019-09-20 08:31:31,173 [pool-60-thread-1] INFO  storage.RaftStorage (RaftStorage.java:format(72)) - Storage directory /workdir/hadoop-ozone/tools/target/test-dir/MiniOzoneClusterImpl-40b1a39e-a15e-4017-a8bd-88793379a06c/datanode-3/data/ratis/55fbcfff-6aea-45e8-8385-f5a0e00d8c3b has been successfully formatted.
2019-09-20 08:31:31,173 [pool-60-thread-1] INFO  ratis.ContainerStateMachine (ContainerStateMachine.java:loadSnapshot(226)) - group-F5A0E00D8C3B: The snapshot info is null. Setting the last applied indexto:(t:0, i:~)
2019-09-20 08:31:31,173 [pool-60-thread-1] INFO  server.RaftServerConfigKeys (ConfUtils.java:logGet(43)) - raft.server.leader.election.timeout = 120s (custom)
2019-09-20 08:31:31,173 [pool-60-thread-1] INFO  server.RaftServerConfigKeys (ConfUtils.java:logGet(43)) - raft.server.log.use.memory = false (default)
2019-09-20 08:31:31,173 [pool-60-thread-1] INFO  server.RaftServerConfigKeys (ConfUtils.java:logGet(43)) - raft.server.log.purge.gap = 1000000 (custom)
2019-09-20 08:31:31,174 [pool-60-thread-1] INFO  server.RaftServerConfigKeys (ConfUtils.java:logGet(43)) - raft.server.log.appender.buffer.byte-limit = 33554432 (custom)
2019-09-20 08:31:31,174 [pool-60-thread-1] INFO  server.RaftServerConfigKeys (ConfUtils.java:logGet(43)) - raft.server.log.segment.size.max = 1048576 (custom)
2019-09-20 08:31:31,174 [pool-60-thread-1] INFO  server.RaftServerConfigKeys (ConfUtils.java:logGet(43)) - raft.server.log.segment.cache.num.max = 2 (custom)
2019-09-20 08:31:31,174 [pool-60-thread-1] INFO  segmented.SegmentedRaftLogWorker (SegmentedRaftLogWorker.java:<init>(172)) - new 7372e003-60de-4928-9031-10c7db72eb74-SegmentedRaftLogWorker:Storage Directory /workdir/hadoop-ozone/tools/target/test-dir/MiniOzoneClusterImpl-40b1a39e-a15e-4017-a8bd-88793379a06c/datanode-3/data/ratis/55fbcfff-6aea-45e8-8385-f5a0e00d8c3b for RaftStorage:Storage Directory /workdir/hadoop-ozone/tools/target/test-dir/MiniOzoneClusterImpl-40b1a39e-a15e-4017-a8bd-88793379a06c/datanode-3/data/ratis/55fbcfff-6aea-45e8-8385-f5a0e00d8c3b
2019-09-20 08:31:31,174 [pool-60-thread-1] INFO  server.RaftServerConfigKeys (ConfUtils.java:logGet(43)) - raft.server.log.queue.byte-limit = 2147483647 (custom)
2019-09-20 08:31:31,174 [pool-60-thread-1] INFO  server.RaftServerConfigKeys (ConfUtils.java:logGet(43)) - raft.server.log.queue.element-limit = 1024 (custom)
2019-09-20 08:31:31,174 [pool-60-thread-1] INFO  server.RaftServerConfigKeys (ConfUtils.java:logGet(43)) - raft.server.log.segment.size.max = 1048576 (custom)
2019-09-20 08:31:31,175 [pool-60-thread-1] INFO  server.RaftServerConfigKeys (ConfUtils.java:logGet(43)) - raft.server.log.preallocated.size = 16384 (custom)
2019-09-20 08:31:31,175 [pool-60-thread-1] INFO  server.RaftServerConfigKeys (ConfUtils.java:logGet(43)) - raft.server.log.write.buffer.size = 33554432 (custom)
2019-09-20 08:31:31,175 [pool-60-thread-1] INFO  server.RaftServerConfigKeys (ConfUtils.java:logGet(43)) - raft.server.log.force.sync.num = 128 (default)
2019-09-20 08:31:31,175 [pool-60-thread-1] INFO  server.RaftServerConfigKeys (ConfUtils.java:logGet(43)) - raft.server.log.statemachine.data.sync = true (default)
2019-09-20 08:31:31,175 [pool-60-thread-1] INFO  server.RaftServerConfigKeys (ConfUtils.java:logGet(43)) - raft.server.log.statemachine.data.sync.timeout = 10s (default)
2019-09-20 08:31:31,175 [pool-60-thread-1] INFO  server.RaftServerConfigKeys (ConfUtils.java:logGet(43)) - raft.server.log.statemachine.data.sync.timeout.retry = -1 (default)
2019-09-20 08:31:31,175 [pool-60-thread-1] INFO  server.RaftServerConfigKeys (ConfUtils.java:logGet(43)) - raft.server.log.statemachine.data.caching.enabled = true (custom)
2019-09-20 08:31:31,176 [pool-60-thread-1] INFO  segmented.SegmentedRaftLogWorker (SegmentedRaftLogWorker.java:lambda$new$0(132)) - 7372e003-60de-4928-9031-10c7db72eb74-SegmentedRaftLogWorker:Storage Directory /workdir/hadoop-ozone/tools/target/test-dir/MiniOzoneClusterImpl-40b1a39e-a15e-4017-a8bd-88793379a06c/datanode-3/data/ratis/55fbcfff-6aea-45e8-8385-f5a0e00d8c3b: flushIndex: setUnconditionally 0 -> -1
2019-09-20 08:31:31,176 [pool-60-thread-1] INFO  server.RaftServerConfigKeys (ConfUtils.java:logGet(43)) - raft.server.snapshot.auto.trigger.enabled = true (custom)
2019-09-20 08:31:31,177 [pool-60-thread-1] INFO  server.RaftServerConfigKeys (ConfUtils.java:logGet(43)) - raft.server.snapshot.auto.trigger.threshold = 10000 (custom)
2019-09-20 08:31:31,180 [pool-60-thread-1] INFO  server.RaftServerConfigKeys (ConfUtils.java:logGet(43)) - raft.server.retrycache.expirytime = 600000ms (custom)
2019-09-20 08:31:31,182 [pool-60-thread-1] INFO  impl.RaftServerImpl (RaftServerImpl.java:start(180)) - 7372e003-60de-4928-9031-10c7db72eb74: start group-F5A0E00D8C3B
2019-09-20 08:31:31,182 [pool-60-thread-1] INFO  impl.RaftServerImpl (RaftServerImpl.java:setRole(171)) - 7372e003-60de-4928-9031-10c7db72eb74:group-F5A0E00D8C3B changes role from null to FOLLOWER at term 0 for startAsFollower
2019-09-20 08:31:31,182 | INFO  | SCMAudit | user=jenkins1000 | ip=192.168.34.27 | op=SEND_HEARTBEAT {datanodeUUID=0e595721-d597-45e8-8ba1-cb4ebc325b8e, command=[]} | ret=SUCCESS |  
2019-09-20 08:31:31,182 [pool-60-thread-1] INFO  impl.RoleInfo (RoleInfo.java:updateAndGet(143)) - 7372e003-60de-4928-9031-10c7db72eb74: start FollowerState
2019-09-20 08:31:31,182 | INFO  | SCMAudit | user=jenkins1000 | ip=192.168.34.27 | op=SEND_HEARTBEAT {datanodeUUID=7372e003-60de-4928-9031-10c7db72eb74, command=[]} | ret=SUCCESS |  
2019-09-20 08:31:31,189 [pool-60-thread-1] INFO  util.JmxRegister (JmxRegister.java:tryRegister(44)) - Successfully registered JMX Bean with object name Ratis:service=RaftServer,group=group-F5A0E00D8C3B,id=7372e003-60de-4928-9031-10c7db72eb74
2019-09-20 08:31:31,205 [RatisPipelineUtilsThread] INFO  pipeline.PipelineStateManager (PipelineStateManager.java:addPipeline(56)) - Created pipeline Pipeline[ Id: 55fbcfff-6aea-45e8-8385-f5a0e00d8c3b, Nodes: 7372e003-60de-4928-9031-10c7db72eb74{ip: 192.168.34.27, host: pr-hdds-1569-6tbh6-3362816358, networkLocation: /default-rack, certSerialId: null}, Type:RATIS, Factor:ONE, State:OPEN]
2019-09-20 08:31:31,210 [RatisPipelineUtilsThread] INFO  pipeline.PipelinePlacementPolicy (PipelinePlacementPolicy.java:meetCriteria(91)) - Pipeline Placement: Doesn't meet the criteria to be viable node： 7372e003-60de-4928-9031-10c7db72eb74 Heaviness: 6 limit: 5
2019-09-20 08:31:31,210 [RatisPipelineUtilsThread] INFO  pipeline.PipelinePlacementPolicy (PipelinePlacementPolicy.java:meetCriteria(91)) - Pipeline Placement: Doesn't meet the criteria to be viable node： b1d6c399-222b-48d2-8034-ed92e0cf00a0 Heaviness: 6 limit: 5
2019-09-20 08:31:31,221 [grpc-default-executor-0] INFO  impl.RaftServerProxy (RaftServerProxy.java:addNew(89)) - 7afa6414-ef24-48ad-8f55-8b19d11f4e72: addNew group-0F1CF8E17A45:[7afa6414-ef24-48ad-8f55-8b19d11f4e72:192.168.34.27:33260] returns group-0F1CF8E17A45:java.util.concurrent.CompletableFuture@f6f4ba3[Not completed]
2019-09-20 08:31:31,224 [pool-71-thread-1] INFO  impl.RaftServerImpl (RaftServerImpl.java:<init>(93)) - 7afa6414-ef24-48ad-8f55-8b19d11f4e72: new RaftServerImpl for group-0F1CF8E17A45:[7afa6414-ef24-48ad-8f55-8b19d11f4e72:192.168.34.27:33260] with ContainerStateMachine:uninitialized
2019-09-20 08:31:31,225 [pool-71-thread-1] INFO  server.RaftServerConfigKeys (ConfUtils.java:logGet(43)) - raft.server.rpc.timeout.min = 5s (custom)
2019-09-20 08:31:31,225 [pool-71-thread-1] INFO  server.RaftServerConfigKeys (ConfUtils.java:logGet(43)) - raft.server.rpc.timeout.max = 5200ms (custom)
2019-09-20 08:31:31,225 [pool-71-thread-1] INFO  server.RaftServerConfigKeys (ConfUtils.java:logGet(43)) - raft.server.rpcslowness.timeout = 120s (custom)
2019-09-20 08:31:31,226 [pool-71-thread-1] INFO  server.RaftServerConfigKeys (ConfUtils.java:logGet(43)) - raft.server.sleep.deviation.threshold = 300 (default)
2019-09-20 08:31:31,226 [pool-71-thread-1] INFO  server.RaftServerConfigKeys (ConfUtils.java:logGet(43)) - raft.server.log.appender.install.snapshot.enabled = false (custom)
2019-09-20 08:31:31,226 [pool-71-thread-1] INFO  impl.RaftServerImpl (ServerState.java:<init>(105)) - 7afa6414-ef24-48ad-8f55-8b19d11f4e72:group-0F1CF8E17A45 ConfigurationManager, init=-1: [7afa6414-ef24-48ad-8f55-8b19d11f4e72:192.168.34.27:33260], old=null, confs=<EMPTY_MAP>
2019-09-20 08:31:31,226 | INFO  | SCMAudit | user=jenkins1000 | ip=192.168.34.27 | op=SEND_HEARTBEAT {datanodeUUID=b1d6c399-222b-48d2-8034-ed92e0cf00a0, command=[]} | ret=SUCCESS |  
2019-09-20 08:31:31,226 [pool-71-thread-1] INFO  server.RaftServerConfigKeys (ConfUtils.java:logGet(43)) - raft.server.storage.dir = [/workdir/hadoop-ozone/tools/target/test-dir/MiniOzoneClusterImpl-40b1a39e-a15e-4017-a8bd-88793379a06c/datanode-4/data/ratis] (custom)
2019-09-20 08:31:31,226 [pool-71-thread-1] INFO  storage.RaftStorageDirectory (RaftStorageDirectory.java:analyzeStorage(246)) - The storage directory /workdir/hadoop-ozone/tools/target/test-dir/MiniOzoneClusterImpl-40b1a39e-a15e-4017-a8bd-88793379a06c/datanode-4/data/ratis/40e24b55-d4f5-4fe2-8bf0-0f1cf8e17a45 does not exist. Creating ...
2019-09-20 08:31:31,239 [pool-71-thread-1] INFO  storage.RaftStorageDirectory (RaftStorageDirectory.java:tryLock(328)) - Lock on /workdir/hadoop-ozone/tools/target/test-dir/MiniOzoneClusterImpl-40b1a39e-a15e-4017-a8bd-88793379a06c/datanode-4/data/ratis/40e24b55-d4f5-4fe2-8bf0-0f1cf8e17a45/in_use.lock acquired by nodename 4915@pr-hdds-1569-6tbh6-3362816358
2019-09-20 08:31:31,240 | INFO  | SCMAudit | user=jenkins1000 | ip=192.168.34.27 | op=SEND_HEARTBEAT {datanodeUUID=7afa6414-ef24-48ad-8f55-8b19d11f4e72, command=[]} | ret=SUCCESS |  
2019-09-20 08:31:31,252 [pool-71-thread-1] INFO  storage.RaftStorage (RaftStorage.java:format(72)) - Storage directory /workdir/hadoop-ozone/tools/target/test-dir/MiniOzoneClusterImpl-40b1a39e-a15e-4017-a8bd-88793379a06c/datanode-4/data/ratis/40e24b55-d4f5-4fe2-8bf0-0f1cf8e17a45 has been successfully formatted.
2019-09-20 08:31:31,253 [pool-71-thread-1] INFO  ratis.ContainerStateMachine (ContainerStateMachine.java:loadSnapshot(226)) - group-0F1CF8E17A45: The snapshot info is null. Setting the last applied indexto:(t:0, i:~)
2019-09-20 08:31:31,253 [pool-71-thread-1] INFO  server.RaftServerConfigKeys (ConfUtils.java:logGet(43)) - raft.server.leader.election.timeout = 120s (custom)
2019-09-20 08:31:31,253 [pool-71-thread-1] INFO  server.RaftServerConfigKeys (ConfUtils.java:logGet(43)) - raft.server.log.use.memory = false (default)
2019-09-20 08:31:31,253 [pool-71-thread-1] INFO  server.RaftServerConfigKeys (ConfUtils.java:logGet(43)) - raft.server.log.purge.gap = 1000000 (custom)
2019-09-20 08:31:31,253 [pool-71-thread-1] INFO  server.RaftServerConfigKeys (ConfUtils.java:logGet(43)) - raft.server.log.appender.buffer.byte-limit = 33554432 (custom)
2019-09-20 08:31:31,253 [pool-71-thread-1] INFO  server.RaftServerConfigKeys (ConfUtils.java:logGet(43)) - raft.server.log.segment.size.max = 1048576 (custom)
2019-09-20 08:31:31,254 [pool-71-thread-1] INFO  server.RaftServerConfigKeys (ConfUtils.java:logGet(43)) - raft.server.log.segment.cache.num.max = 2 (custom)
2019-09-20 08:31:31,254 [pool-71-thread-1] INFO  segmented.SegmentedRaftLogWorker (SegmentedRaftLogWorker.java:<init>(172)) - new 7afa6414-ef24-48ad-8f55-8b19d11f4e72-SegmentedRaftLogWorker:Storage Directory /workdir/hadoop-ozone/tools/target/test-dir/MiniOzoneClusterImpl-40b1a39e-a15e-4017-a8bd-88793379a06c/datanode-4/data/ratis/40e24b55-d4f5-4fe2-8bf0-0f1cf8e17a45 for RaftStorage:Storage Directory /workdir/hadoop-ozone/tools/target/test-dir/MiniOzoneClusterImpl-40b1a39e-a15e-4017-a8bd-88793379a06c/datanode-4/data/ratis/40e24b55-d4f5-4fe2-8bf0-0f1cf8e17a45
2019-09-20 08:31:31,254 [pool-71-thread-1] INFO  server.RaftServerConfigKeys (ConfUtils.java:logGet(43)) - raft.server.log.queue.byte-limit = 2147483647 (custom)
2019-09-20 08:31:31,254 [pool-71-thread-1] INFO  server.RaftServerConfigKeys (ConfUtils.java:logGet(43)) - raft.server.log.queue.element-limit = 1024 (custom)
2019-09-20 08:31:31,254 [pool-71-thread-1] INFO  server.RaftServerConfigKeys (ConfUtils.java:logGet(43)) - raft.server.log.segment.size.max = 1048576 (custom)
2019-09-20 08:31:31,254 [pool-71-thread-1] INFO  server.RaftServerConfigKeys (ConfUtils.java:logGet(43)) - raft.server.log.preallocated.size = 16384 (custom)
2019-09-20 08:31:31,254 [pool-71-thread-1] INFO  server.RaftServerConfigKeys (ConfUtils.java:logGet(43)) - raft.server.log.write.buffer.size = 33554432 (custom)
2019-09-20 08:31:31,254 [pool-71-thread-1] INFO  server.RaftServerConfigKeys (ConfUtils.java:logGet(43)) - raft.server.log.force.sync.num = 128 (default)
2019-09-20 08:31:31,255 [pool-71-thread-1] INFO  server.RaftServerConfigKeys (ConfUtils.java:logGet(43)) - raft.server.log.statemachine.data.sync = true (default)
2019-09-20 08:31:31,255 [pool-71-thread-1] INFO  server.RaftServerConfigKeys (ConfUtils.java:logGet(43)) - raft.server.log.statemachine.data.sync.timeout = 10s (default)
2019-09-20 08:31:31,255 [pool-71-thread-1] INFO  server.RaftServerConfigKeys (ConfUtils.java:logGet(43)) - raft.server.log.statemachine.data.sync.timeout.retry = -1 (default)
2019-09-20 08:31:31,255 [pool-71-thread-1] INFO  server.RaftServerConfigKeys (ConfUtils.java:logGet(43)) - raft.server.log.statemachine.data.caching.enabled = true (custom)
2019-09-20 08:31:31,255 [pool-71-thread-1] INFO  segmented.SegmentedRaftLogWorker (SegmentedRaftLogWorker.java:lambda$new$0(132)) - 7afa6414-ef24-48ad-8f55-8b19d11f4e72-SegmentedRaftLogWorker:Storage Directory /workdir/hadoop-ozone/tools/target/test-dir/MiniOzoneClusterImpl-40b1a39e-a15e-4017-a8bd-88793379a06c/datanode-4/data/ratis/40e24b55-d4f5-4fe2-8bf0-0f1cf8e17a45: flushIndex: setUnconditionally 0 -> -1
2019-09-20 08:31:31,256 [pool-71-thread-1] INFO  server.RaftServerConfigKeys (ConfUtils.java:logGet(43)) - raft.server.snapshot.auto.trigger.enabled = true (custom)
2019-09-20 08:31:31,256 [pool-71-thread-1] INFO  server.RaftServerConfigKeys (ConfUtils.java:logGet(43)) - raft.server.snapshot.auto.trigger.threshold = 10000 (custom)
2019-09-20 08:31:31,256 [pool-71-thread-1] INFO  server.RaftServerConfigKeys (ConfUtils.java:logGet(43)) - raft.server.retrycache.expirytime = 600000ms (custom)
2019-09-20 08:31:31,256 [pool-71-thread-1] INFO  impl.RaftServerImpl (RaftServerImpl.java:start(180)) - 7afa6414-ef24-48ad-8f55-8b19d11f4e72: start group-0F1CF8E17A45
2019-09-20 08:31:31,256 [pool-71-thread-1] INFO  impl.RaftServerImpl (RaftServerImpl.java:setRole(171)) - 7afa6414-ef24-48ad-8f55-8b19d11f4e72:group-0F1CF8E17A45 changes role from null to FOLLOWER at term 0 for startAsFollower
2019-09-20 08:31:31,256 [pool-71-thread-1] INFO  impl.RoleInfo (RoleInfo.java:updateAndGet(143)) - 7afa6414-ef24-48ad-8f55-8b19d11f4e72: start FollowerState
2019-09-20 08:31:31,257 [pool-71-thread-1] INFO  util.JmxRegister (JmxRegister.java:tryRegister(44)) - Successfully registered JMX Bean with object name Ratis:service=RaftServer,group=group-0F1CF8E17A45,id=7afa6414-ef24-48ad-8f55-8b19d11f4e72
2019-09-20 08:31:31,262 [RatisPipelineUtilsThread] INFO  pipeline.PipelineStateManager (PipelineStateManager.java:addPipeline(56)) - Created pipeline Pipeline[ Id: 40e24b55-d4f5-4fe2-8bf0-0f1cf8e17a45, Nodes: 7afa6414-ef24-48ad-8f55-8b19d11f4e72{ip: 192.168.34.27, host: pr-hdds-1569-6tbh6-3362816358, networkLocation: /default-rack, certSerialId: null}, Type:RATIS, Factor:ONE, State:OPEN]
2019-09-20 08:31:31,264 [RatisPipelineUtilsThread] INFO  pipeline.PipelinePlacementPolicy (PipelinePlacementPolicy.java:meetCriteria(91)) - Pipeline Placement: Doesn't meet the criteria to be viable node： 7372e003-60de-4928-9031-10c7db72eb74 Heaviness: 6 limit: 5
2019-09-20 08:31:31,264 [RatisPipelineUtilsThread] INFO  pipeline.PipelinePlacementPolicy (PipelinePlacementPolicy.java:meetCriteria(91)) - Pipeline Placement: Doesn't meet the criteria to be viable node： b1d6c399-222b-48d2-8034-ed92e0cf00a0 Heaviness: 6 limit: 5
2019-09-20 08:31:31,274 [grpc-default-executor-0] INFO  impl.RaftServerProxy (RaftServerProxy.java:addNew(89)) - f0fc55a7-6908-4f04-ad18-9919b4d1166c: addNew group-8FBBD63F3E70:[f0fc55a7-6908-4f04-ad18-9919b4d1166c:192.168.34.27:33395] returns group-8FBBD63F3E70:java.util.concurrent.CompletableFuture@431487bf[Not completed]
2019-09-20 08:31:31,275 [pool-38-thread-1] INFO  impl.RaftServerImpl (RaftServerImpl.java:<init>(93)) - f0fc55a7-6908-4f04-ad18-9919b4d1166c: new RaftServerImpl for group-8FBBD63F3E70:[f0fc55a7-6908-4f04-ad18-9919b4d1166c:192.168.34.27:33395] with ContainerStateMachine:uninitialized
2019-09-20 08:31:31,275 [pool-38-thread-1] INFO  server.RaftServerConfigKeys (ConfUtils.java:logGet(43)) - raft.server.rpc.timeout.min = 5s (custom)
2019-09-20 08:31:31,276 [pool-38-thread-1] INFO  server.RaftServerConfigKeys (ConfUtils.java:logGet(43)) - raft.server.rpc.timeout.max = 5200ms (custom)
2019-09-20 08:31:31,276 [pool-38-thread-1] INFO  server.RaftServerConfigKeys (ConfUtils.java:logGet(43)) - raft.server.rpcslowness.timeout = 120s (custom)
2019-09-20 08:31:31,276 [pool-38-thread-1] INFO  server.RaftServerConfigKeys (ConfUtils.java:logGet(43)) - raft.server.sleep.deviation.threshold = 300 (default)
2019-09-20 08:31:31,276 [pool-38-thread-1] INFO  server.RaftServerConfigKeys (ConfUtils.java:logGet(43)) - raft.server.log.appender.install.snapshot.enabled = false (custom)
2019-09-20 08:31:31,276 [pool-38-thread-1] INFO  impl.RaftServerImpl (ServerState.java:<init>(105)) - f0fc55a7-6908-4f04-ad18-9919b4d1166c:group-8FBBD63F3E70 ConfigurationManager, init=-1: [f0fc55a7-6908-4f04-ad18-9919b4d1166c:192.168.34.27:33395], old=null, confs=<EMPTY_MAP>
2019-09-20 08:31:31,276 [pool-38-thread-1] INFO  server.RaftServerConfigKeys (ConfUtils.java:logGet(43)) - raft.server.storage.dir = [/workdir/hadoop-ozone/tools/target/test-dir/MiniOzoneClusterImpl-40b1a39e-a15e-4017-a8bd-88793379a06c/datanode-1/data/ratis] (custom)
2019-09-20 08:31:31,276 [pool-38-thread-1] INFO  storage.RaftStorageDirectory (RaftStorageDirectory.java:analyzeStorage(246)) - The storage directory /workdir/hadoop-ozone/tools/target/test-dir/MiniOzoneClusterImpl-40b1a39e-a15e-4017-a8bd-88793379a06c/datanode-1/data/ratis/7b28026d-aef5-44f1-889d-8fbbd63f3e70 does not exist. Creating ...
2019-09-20 08:31:31,277 [Thread-207] INFO  container.ReplicationManager (ReplicationManager.java:start(151)) - Starting Replication Monitor Thread.
2019-09-20 08:31:31,278 [ReplicationMonitor] INFO  container.ReplicationManager (ReplicationManager.java:run(214)) - Replication Monitor Thread took 1 milliseconds for processing 0 containers.
2019-09-20 08:31:31,297 [pool-38-thread-1] INFO  storage.RaftStorageDirectory (RaftStorageDirectory.java:tryLock(328)) - Lock on /workdir/hadoop-ozone/tools/target/test-dir/MiniOzoneClusterImpl-40b1a39e-a15e-4017-a8bd-88793379a06c/datanode-1/data/ratis/7b28026d-aef5-44f1-889d-8fbbd63f3e70/in_use.lock acquired by nodename 4915@pr-hdds-1569-6tbh6-3362816358
2019-09-20 08:31:31,311 [pool-38-thread-1] INFO  storage.RaftStorage (RaftStorage.java:format(72)) - Storage directory /workdir/hadoop-ozone/tools/target/test-dir/MiniOzoneClusterImpl-40b1a39e-a15e-4017-a8bd-88793379a06c/datanode-1/data/ratis/7b28026d-aef5-44f1-889d-8fbbd63f3e70 has been successfully formatted.
2019-09-20 08:31:31,311 [pool-38-thread-1] INFO  ratis.ContainerStateMachine (ContainerStateMachine.java:loadSnapshot(226)) - group-8FBBD63F3E70: The snapshot info is null. Setting the last applied indexto:(t:0, i:~)
2019-09-20 08:31:31,312 [pool-38-thread-1] INFO  server.RaftServerConfigKeys (ConfUtils.java:logGet(43)) - raft.server.leader.election.timeout = 120s (custom)
2019-09-20 08:31:31,312 [pool-38-thread-1] INFO  server.RaftServerConfigKeys (ConfUtils.java:logGet(43)) - raft.server.log.use.memory = false (default)
2019-09-20 08:31:31,312 [pool-38-thread-1] INFO  server.RaftServerConfigKeys (ConfUtils.java:logGet(43)) - raft.server.log.purge.gap = 1000000 (custom)
2019-09-20 08:31:31,312 [pool-38-thread-1] INFO  server.RaftServerConfigKeys (ConfUtils.java:logGet(43)) - raft.server.log.appender.buffer.byte-limit = 33554432 (custom)
2019-09-20 08:31:31,312 [pool-38-thread-1] INFO  server.RaftServerConfigKeys (ConfUtils.java:logGet(43)) - raft.server.log.segment.size.max = 1048576 (custom)
2019-09-20 08:31:31,312 [pool-38-thread-1] INFO  server.RaftServerConfigKeys (ConfUtils.java:logGet(43)) - raft.server.log.segment.cache.num.max = 2 (custom)
2019-09-20 08:31:31,312 [pool-38-thread-1] INFO  segmented.SegmentedRaftLogWorker (SegmentedRaftLogWorker.java:<init>(172)) - new f0fc55a7-6908-4f04-ad18-9919b4d1166c-SegmentedRaftLogWorker:Storage Directory /workdir/hadoop-ozone/tools/target/test-dir/MiniOzoneClusterImpl-40b1a39e-a15e-4017-a8bd-88793379a06c/datanode-1/data/ratis/7b28026d-aef5-44f1-889d-8fbbd63f3e70 for RaftStorage:Storage Directory /workdir/hadoop-ozone/tools/target/test-dir/MiniOzoneClusterImpl-40b1a39e-a15e-4017-a8bd-88793379a06c/datanode-1/data/ratis/7b28026d-aef5-44f1-889d-8fbbd63f3e70
2019-09-20 08:31:31,313 [pool-38-thread-1] INFO  server.RaftServerConfigKeys (ConfUtils.java:logGet(43)) - raft.server.log.queue.byte-limit = 2147483647 (custom)
2019-09-20 08:31:31,313 [pool-38-thread-1] INFO  server.RaftServerConfigKeys (ConfUtils.java:logGet(43)) - raft.server.log.queue.element-limit = 1024 (custom)
2019-09-20 08:31:31,313 [pool-38-thread-1] INFO  server.RaftServerConfigKeys (ConfUtils.java:logGet(43)) - raft.server.log.segment.size.max = 1048576 (custom)
2019-09-20 08:31:31,313 [pool-38-thread-1] INFO  server.RaftServerConfigKeys (ConfUtils.java:logGet(43)) - raft.server.log.preallocated.size = 16384 (custom)
2019-09-20 08:31:31,313 [pool-38-thread-1] INFO  server.RaftServerConfigKeys (ConfUtils.java:logGet(43)) - raft.server.log.write.buffer.size = 33554432 (custom)
2019-09-20 08:31:31,313 [pool-38-thread-1] INFO  server.RaftServerConfigKeys (ConfUtils.java:logGet(43)) - raft.server.log.force.sync.num = 128 (default)
2019-09-20 08:31:31,314 [pool-38-thread-1] INFO  server.RaftServerConfigKeys (ConfUtils.java:logGet(43)) - raft.server.log.statemachine.data.sync = true (default)
2019-09-20 08:31:31,314 [pool-38-thread-1] INFO  server.RaftServerConfigKeys (ConfUtils.java:logGet(43)) - raft.server.log.statemachine.data.sync.timeout = 10s (default)
2019-09-20 08:31:31,314 [pool-38-thread-1] INFO  server.RaftServerConfigKeys (ConfUtils.java:logGet(43)) - raft.server.log.statemachine.data.sync.timeout.retry = -1 (default)
2019-09-20 08:31:31,314 [pool-38-thread-1] INFO  server.RaftServerConfigKeys (ConfUtils.java:logGet(43)) - raft.server.log.statemachine.data.caching.enabled = true (custom)
2019-09-20 08:31:31,314 [pool-38-thread-1] INFO  segmented.SegmentedRaftLogWorker (SegmentedRaftLogWorker.java:lambda$new$0(132)) - f0fc55a7-6908-4f04-ad18-9919b4d1166c-SegmentedRaftLogWorker:Storage Directory /workdir/hadoop-ozone/tools/target/test-dir/MiniOzoneClusterImpl-40b1a39e-a15e-4017-a8bd-88793379a06c/datanode-1/data/ratis/7b28026d-aef5-44f1-889d-8fbbd63f3e70: flushIndex: setUnconditionally 0 -> -1
2019-09-20 08:31:31,315 [pool-38-thread-1] INFO  server.RaftServerConfigKeys (ConfUtils.java:logGet(43)) - raft.server.snapshot.auto.trigger.enabled = true (custom)
2019-09-20 08:31:31,315 [pool-38-thread-1] INFO  server.RaftServerConfigKeys (ConfUtils.java:logGet(43)) - raft.server.snapshot.auto.trigger.threshold = 10000 (custom)
2019-09-20 08:31:31,315 [pool-38-thread-1] INFO  server.RaftServerConfigKeys (ConfUtils.java:logGet(43)) - raft.server.retrycache.expirytime = 600000ms (custom)
2019-09-20 08:31:31,315 [pool-38-thread-1] INFO  impl.RaftServerImpl (RaftServerImpl.java:start(180)) - f0fc55a7-6908-4f04-ad18-9919b4d1166c: start group-8FBBD63F3E70
2019-09-20 08:31:31,315 [pool-38-thread-1] INFO  impl.RaftServerImpl (RaftServerImpl.java:setRole(171)) - f0fc55a7-6908-4f04-ad18-9919b4d1166c:group-8FBBD63F3E70 changes role from null to FOLLOWER at term 0 for startAsFollower
2019-09-20 08:31:31,316 [pool-38-thread-1] INFO  impl.RoleInfo (RoleInfo.java:updateAndGet(143)) - f0fc55a7-6908-4f04-ad18-9919b4d1166c: start FollowerState
2019-09-20 08:31:31,316 [pool-38-thread-1] INFO  util.JmxRegister (JmxRegister.java:tryRegister(44)) - Successfully registered JMX Bean with object name Ratis:service=RaftServer,group=group-8FBBD63F3E70,id=f0fc55a7-6908-4f04-ad18-9919b4d1166c
2019-09-20 08:31:31,323 [RatisPipelineUtilsThread] INFO  pipeline.PipelineStateManager (PipelineStateManager.java:addPipeline(56)) - Created pipeline Pipeline[ Id: 7b28026d-aef5-44f1-889d-8fbbd63f3e70, Nodes: f0fc55a7-6908-4f04-ad18-9919b4d1166c{ip: 192.168.34.27, host: pr-hdds-1569-6tbh6-3362816358, networkLocation: /default-rack, certSerialId: null}, Type:RATIS, Factor:ONE, State:OPEN]
2019-09-20 08:31:31,324 [RatisPipelineUtilsThread] INFO  pipeline.PipelinePlacementPolicy (PipelinePlacementPolicy.java:meetCriteria(91)) - Pipeline Placement: Doesn't meet the criteria to be viable node： 7372e003-60de-4928-9031-10c7db72eb74 Heaviness: 6 limit: 5
2019-09-20 08:31:31,324 [RatisPipelineUtilsThread] INFO  pipeline.PipelinePlacementPolicy (PipelinePlacementPolicy.java:meetCriteria(91)) - Pipeline Placement: Doesn't meet the criteria to be viable node： f0fc55a7-6908-4f04-ad18-9919b4d1166c Heaviness: 6 limit: 5
2019-09-20 08:31:31,325 [RatisPipelineUtilsThread] INFO  pipeline.PipelinePlacementPolicy (PipelinePlacementPolicy.java:meetCriteria(91)) - Pipeline Placement: Doesn't meet the criteria to be viable node： b1d6c399-222b-48d2-8034-ed92e0cf00a0 Heaviness: 6 limit: 5
2019-09-20 08:31:31,333 [grpc-default-executor-0] INFO  impl.RaftServerProxy (RaftServerProxy.java:addNew(89)) - 0e595721-d597-45e8-8ba1-cb4ebc325b8e: addNew group-68E3C6F89F56:[0e595721-d597-45e8-8ba1-cb4ebc325b8e:192.168.34.27:37759] returns group-68E3C6F89F56:java.util.concurrent.CompletableFuture@43507952[Not completed]
2019-09-20 08:31:31,335 [pool-49-thread-1] INFO  impl.RaftServerImpl (RaftServerImpl.java:<init>(93)) - 0e595721-d597-45e8-8ba1-cb4ebc325b8e: new RaftServerImpl for group-68E3C6F89F56:[0e595721-d597-45e8-8ba1-cb4ebc325b8e:192.168.34.27:37759] with ContainerStateMachine:uninitialized
2019-09-20 08:31:31,335 [pool-49-thread-1] INFO  server.RaftServerConfigKeys (ConfUtils.java:logGet(43)) - raft.server.rpc.timeout.min = 5s (custom)
2019-09-20 08:31:31,335 [pool-49-thread-1] INFO  server.RaftServerConfigKeys (ConfUtils.java:logGet(43)) - raft.server.rpc.timeout.max = 5200ms (custom)
2019-09-20 08:31:31,335 [pool-49-thread-1] INFO  server.RaftServerConfigKeys (ConfUtils.java:logGet(43)) - raft.server.rpcslowness.timeout = 120s (custom)
2019-09-20 08:31:31,335 [pool-49-thread-1] INFO  server.RaftServerConfigKeys (ConfUtils.java:logGet(43)) - raft.server.sleep.deviation.threshold = 300 (default)
2019-09-20 08:31:31,335 [pool-49-thread-1] INFO  server.RaftServerConfigKeys (ConfUtils.java:logGet(43)) - raft.server.log.appender.install.snapshot.enabled = false (custom)
2019-09-20 08:31:31,335 [pool-49-thread-1] INFO  impl.RaftServerImpl (ServerState.java:<init>(105)) - 0e595721-d597-45e8-8ba1-cb4ebc325b8e:group-68E3C6F89F56 ConfigurationManager, init=-1: [0e595721-d597-45e8-8ba1-cb4ebc325b8e:192.168.34.27:37759], old=null, confs=<EMPTY_MAP>
2019-09-20 08:31:31,336 [pool-49-thread-1] INFO  server.RaftServerConfigKeys (ConfUtils.java:logGet(43)) - raft.server.storage.dir = [/workdir/hadoop-ozone/tools/target/test-dir/MiniOzoneClusterImpl-40b1a39e-a15e-4017-a8bd-88793379a06c/datanode-2/data/ratis] (custom)
2019-09-20 08:31:31,336 [pool-49-thread-1] INFO  storage.RaftStorageDirectory (RaftStorageDirectory.java:analyzeStorage(246)) - The storage directory /workdir/hadoop-ozone/tools/target/test-dir/MiniOzoneClusterImpl-40b1a39e-a15e-4017-a8bd-88793379a06c/datanode-2/data/ratis/a823bd2f-b7d0-48c5-b2a7-68e3c6f89f56 does not exist. Creating ...
2019-09-20 08:31:31,350 [pool-49-thread-1] INFO  storage.RaftStorageDirectory (RaftStorageDirectory.java:tryLock(328)) - Lock on /workdir/hadoop-ozone/tools/target/test-dir/MiniOzoneClusterImpl-40b1a39e-a15e-4017-a8bd-88793379a06c/datanode-2/data/ratis/a823bd2f-b7d0-48c5-b2a7-68e3c6f89f56/in_use.lock acquired by nodename 4915@pr-hdds-1569-6tbh6-3362816358
2019-09-20 08:31:31,363 [pool-49-thread-1] INFO  storage.RaftStorage (RaftStorage.java:format(72)) - Storage directory /workdir/hadoop-ozone/tools/target/test-dir/MiniOzoneClusterImpl-40b1a39e-a15e-4017-a8bd-88793379a06c/datanode-2/data/ratis/a823bd2f-b7d0-48c5-b2a7-68e3c6f89f56 has been successfully formatted.
2019-09-20 08:31:31,363 [pool-49-thread-1] INFO  ratis.ContainerStateMachine (ContainerStateMachine.java:loadSnapshot(226)) - group-68E3C6F89F56: The snapshot info is null. Setting the last applied indexto:(t:0, i:~)
2019-09-20 08:31:31,363 [pool-49-thread-1] INFO  server.RaftServerConfigKeys (ConfUtils.java:logGet(43)) - raft.server.leader.election.timeout = 120s (custom)
2019-09-20 08:31:31,363 [pool-49-thread-1] INFO  server.RaftServerConfigKeys (ConfUtils.java:logGet(43)) - raft.server.log.use.memory = false (default)
2019-09-20 08:31:31,363 [pool-49-thread-1] INFO  server.RaftServerConfigKeys (ConfUtils.java:logGet(43)) - raft.server.log.purge.gap = 1000000 (custom)
2019-09-20 08:31:31,363 [pool-49-thread-1] INFO  server.RaftServerConfigKeys (ConfUtils.java:logGet(43)) - raft.server.log.appender.buffer.byte-limit = 33554432 (custom)
2019-09-20 08:31:31,364 [pool-49-thread-1] INFO  server.RaftServerConfigKeys (ConfUtils.java:logGet(43)) - raft.server.log.segment.size.max = 1048576 (custom)
2019-09-20 08:31:31,364 [pool-49-thread-1] INFO  server.RaftServerConfigKeys (ConfUtils.java:logGet(43)) - raft.server.log.segment.cache.num.max = 2 (custom)
2019-09-20 08:31:31,364 [pool-49-thread-1] INFO  segmented.SegmentedRaftLogWorker (SegmentedRaftLogWorker.java:<init>(172)) - new 0e595721-d597-45e8-8ba1-cb4ebc325b8e-SegmentedRaftLogWorker:Storage Directory /workdir/hadoop-ozone/tools/target/test-dir/MiniOzoneClusterImpl-40b1a39e-a15e-4017-a8bd-88793379a06c/datanode-2/data/ratis/a823bd2f-b7d0-48c5-b2a7-68e3c6f89f56 for RaftStorage:Storage Directory /workdir/hadoop-ozone/tools/target/test-dir/MiniOzoneClusterImpl-40b1a39e-a15e-4017-a8bd-88793379a06c/datanode-2/data/ratis/a823bd2f-b7d0-48c5-b2a7-68e3c6f89f56
2019-09-20 08:31:31,364 [pool-49-thread-1] INFO  server.RaftServerConfigKeys (ConfUtils.java:logGet(43)) - raft.server.log.queue.byte-limit = 2147483647 (custom)
2019-09-20 08:31:31,364 [pool-49-thread-1] INFO  server.RaftServerConfigKeys (ConfUtils.java:logGet(43)) - raft.server.log.queue.element-limit = 1024 (custom)
2019-09-20 08:31:31,364 [pool-49-thread-1] INFO  server.RaftServerConfigKeys (ConfUtils.java:logGet(43)) - raft.server.log.segment.size.max = 1048576 (custom)
2019-09-20 08:31:31,364 [pool-49-thread-1] INFO  server.RaftServerConfigKeys (ConfUtils.java:logGet(43)) - raft.server.log.preallocated.size = 16384 (custom)
2019-09-20 08:31:31,364 [pool-49-thread-1] INFO  server.RaftServerConfigKeys (ConfUtils.java:logGet(43)) - raft.server.log.write.buffer.size = 33554432 (custom)
2019-09-20 08:31:31,365 [pool-49-thread-1] INFO  server.RaftServerConfigKeys (ConfUtils.java:logGet(43)) - raft.server.log.force.sync.num = 128 (default)
2019-09-20 08:31:31,365 [pool-49-thread-1] INFO  server.RaftServerConfigKeys (ConfUtils.java:logGet(43)) - raft.server.log.statemachine.data.sync = true (default)
2019-09-20 08:31:31,365 [pool-49-thread-1] INFO  server.RaftServerConfigKeys (ConfUtils.java:logGet(43)) - raft.server.log.statemachine.data.sync.timeout = 10s (default)
2019-09-20 08:31:31,365 [pool-49-thread-1] INFO  server.RaftServerConfigKeys (ConfUtils.java:logGet(43)) - raft.server.log.statemachine.data.sync.timeout.retry = -1 (default)
2019-09-20 08:31:31,365 [pool-49-thread-1] INFO  server.RaftServerConfigKeys (ConfUtils.java:logGet(43)) - raft.server.log.statemachine.data.caching.enabled = true (custom)
2019-09-20 08:31:31,365 [pool-49-thread-1] INFO  segmented.SegmentedRaftLogWorker (SegmentedRaftLogWorker.java:lambda$new$0(132)) - 0e595721-d597-45e8-8ba1-cb4ebc325b8e-SegmentedRaftLogWorker:Storage Directory /workdir/hadoop-ozone/tools/target/test-dir/MiniOzoneClusterImpl-40b1a39e-a15e-4017-a8bd-88793379a06c/datanode-2/data/ratis/a823bd2f-b7d0-48c5-b2a7-68e3c6f89f56: flushIndex: setUnconditionally 0 -> -1
2019-09-20 08:31:31,366 [pool-49-thread-1] INFO  server.RaftServerConfigKeys (ConfUtils.java:logGet(43)) - raft.server.snapshot.auto.trigger.enabled = true (custom)
2019-09-20 08:31:31,366 [pool-49-thread-1] INFO  server.RaftServerConfigKeys (ConfUtils.java:logGet(43)) - raft.server.snapshot.auto.trigger.threshold = 10000 (custom)
2019-09-20 08:31:31,366 [pool-49-thread-1] INFO  server.RaftServerConfigKeys (ConfUtils.java:logGet(43)) - raft.server.retrycache.expirytime = 600000ms (custom)
2019-09-20 08:31:31,366 [pool-49-thread-1] INFO  impl.RaftServerImpl (RaftServerImpl.java:start(180)) - 0e595721-d597-45e8-8ba1-cb4ebc325b8e: start group-68E3C6F89F56
2019-09-20 08:31:31,366 [pool-49-thread-1] INFO  impl.RaftServerImpl (RaftServerImpl.java:setRole(171)) - 0e595721-d597-45e8-8ba1-cb4ebc325b8e:group-68E3C6F89F56 changes role from null to FOLLOWER at term 0 for startAsFollower
2019-09-20 08:31:31,366 [pool-49-thread-1] INFO  impl.RoleInfo (RoleInfo.java:updateAndGet(143)) - 0e595721-d597-45e8-8ba1-cb4ebc325b8e: start FollowerState
2019-09-20 08:31:31,367 [pool-49-thread-1] INFO  util.JmxRegister (JmxRegister.java:tryRegister(44)) - Successfully registered JMX Bean with object name Ratis:service=RaftServer,group=group-68E3C6F89F56,id=0e595721-d597-45e8-8ba1-cb4ebc325b8e
2019-09-20 08:31:31,373 [RatisPipelineUtilsThread] INFO  pipeline.PipelineStateManager (PipelineStateManager.java:addPipeline(56)) - Created pipeline Pipeline[ Id: a823bd2f-b7d0-48c5-b2a7-68e3c6f89f56, Nodes: 0e595721-d597-45e8-8ba1-cb4ebc325b8e{ip: 192.168.34.27, host: pr-hdds-1569-6tbh6-3362816358, networkLocation: /default-rack, certSerialId: null}, Type:RATIS, Factor:ONE, State:OPEN]
2019-09-20 08:31:31,375 [RatisPipelineUtilsThread] INFO  pipeline.PipelinePlacementPolicy (PipelinePlacementPolicy.java:meetCriteria(91)) - Pipeline Placement: Doesn't meet the criteria to be viable node： 7372e003-60de-4928-9031-10c7db72eb74 Heaviness: 6 limit: 5
2019-09-20 08:31:31,375 [RatisPipelineUtilsThread] INFO  pipeline.PipelinePlacementPolicy (PipelinePlacementPolicy.java:meetCriteria(91)) - Pipeline Placement: Doesn't meet the criteria to be viable node： f0fc55a7-6908-4f04-ad18-9919b4d1166c Heaviness: 6 limit: 5
2019-09-20 08:31:31,376 [RatisPipelineUtilsThread] INFO  pipeline.PipelinePlacementPolicy (PipelinePlacementPolicy.java:meetCriteria(91)) - Pipeline Placement: Doesn't meet the criteria to be viable node： b1d6c399-222b-48d2-8034-ed92e0cf00a0 Heaviness: 6 limit: 5
2019-09-20 08:31:31,385 [grpc-default-executor-0] INFO  impl.RaftServerProxy (RaftServerProxy.java:addNew(89)) - 7afa6414-ef24-48ad-8f55-8b19d11f4e72: addNew group-F3D8B104D431:[7afa6414-ef24-48ad-8f55-8b19d11f4e72:192.168.34.27:33260] returns group-F3D8B104D431:java.util.concurrent.CompletableFuture@5493826[Not completed]
2019-09-20 08:31:31,387 [pool-71-thread-1] INFO  impl.RaftServerImpl (RaftServerImpl.java:<init>(93)) - 7afa6414-ef24-48ad-8f55-8b19d11f4e72: new RaftServerImpl for group-F3D8B104D431:[7afa6414-ef24-48ad-8f55-8b19d11f4e72:192.168.34.27:33260] with ContainerStateMachine:uninitialized
2019-09-20 08:31:31,387 [pool-71-thread-1] INFO  server.RaftServerConfigKeys (ConfUtils.java:logGet(43)) - raft.server.rpc.timeout.min = 5s (custom)
2019-09-20 08:31:31,387 [pool-71-thread-1] INFO  server.RaftServerConfigKeys (ConfUtils.java:logGet(43)) - raft.server.rpc.timeout.max = 5200ms (custom)
2019-09-20 08:31:31,388 [pool-71-thread-1] INFO  server.RaftServerConfigKeys (ConfUtils.java:logGet(43)) - raft.server.rpcslowness.timeout = 120s (custom)
2019-09-20 08:31:31,388 [pool-71-thread-1] INFO  server.RaftServerConfigKeys (ConfUtils.java:logGet(43)) - raft.server.sleep.deviation.threshold = 300 (default)
2019-09-20 08:31:31,388 [pool-71-thread-1] INFO  server.RaftServerConfigKeys (ConfUtils.java:logGet(43)) - raft.server.log.appender.install.snapshot.enabled = false (custom)
2019-09-20 08:31:31,388 [pool-71-thread-1] INFO  impl.RaftServerImpl (ServerState.java:<init>(105)) - 7afa6414-ef24-48ad-8f55-8b19d11f4e72:group-F3D8B104D431 ConfigurationManager, init=-1: [7afa6414-ef24-48ad-8f55-8b19d11f4e72:192.168.34.27:33260], old=null, confs=<EMPTY_MAP>
2019-09-20 08:31:31,388 [pool-71-thread-1] INFO  server.RaftServerConfigKeys (ConfUtils.java:logGet(43)) - raft.server.storage.dir = [/workdir/hadoop-ozone/tools/target/test-dir/MiniOzoneClusterImpl-40b1a39e-a15e-4017-a8bd-88793379a06c/datanode-4/data/ratis] (custom)
2019-09-20 08:31:31,389 [pool-71-thread-1] INFO  storage.RaftStorageDirectory (RaftStorageDirectory.java:analyzeStorage(246)) - The storage directory /workdir/hadoop-ozone/tools/target/test-dir/MiniOzoneClusterImpl-40b1a39e-a15e-4017-a8bd-88793379a06c/datanode-4/data/ratis/990776f0-5ea3-4a46-ae60-f3d8b104d431 does not exist. Creating ...
2019-09-20 08:31:31,401 [pool-71-thread-1] INFO  storage.RaftStorageDirectory (RaftStorageDirectory.java:tryLock(328)) - Lock on /workdir/hadoop-ozone/tools/target/test-dir/MiniOzoneClusterImpl-40b1a39e-a15e-4017-a8bd-88793379a06c/datanode-4/data/ratis/990776f0-5ea3-4a46-ae60-f3d8b104d431/in_use.lock acquired by nodename 4915@pr-hdds-1569-6tbh6-3362816358
2019-09-20 08:31:31,442 [pool-71-thread-1] INFO  storage.RaftStorage (RaftStorage.java:format(72)) - Storage directory /workdir/hadoop-ozone/tools/target/test-dir/MiniOzoneClusterImpl-40b1a39e-a15e-4017-a8bd-88793379a06c/datanode-4/data/ratis/990776f0-5ea3-4a46-ae60-f3d8b104d431 has been successfully formatted.
2019-09-20 08:31:31,443 [pool-71-thread-1] INFO  ratis.ContainerStateMachine (ContainerStateMachine.java:loadSnapshot(226)) - group-F3D8B104D431: The snapshot info is null. Setting the last applied indexto:(t:0, i:~)
2019-09-20 08:31:31,443 [pool-71-thread-1] INFO  server.RaftServerConfigKeys (ConfUtils.java:logGet(43)) - raft.server.leader.election.timeout = 120s (custom)
2019-09-20 08:31:31,443 [pool-71-thread-1] INFO  server.RaftServerConfigKeys (ConfUtils.java:logGet(43)) - raft.server.log.use.memory = false (default)
2019-09-20 08:31:31,443 [pool-71-thread-1] INFO  server.RaftServerConfigKeys (ConfUtils.java:logGet(43)) - raft.server.log.purge.gap = 1000000 (custom)
2019-09-20 08:31:31,444 [pool-71-thread-1] INFO  server.RaftServerConfigKeys (ConfUtils.java:logGet(43)) - raft.server.log.appender.buffer.byte-limit = 33554432 (custom)
2019-09-20 08:31:31,444 [pool-71-thread-1] INFO  server.RaftServerConfigKeys (ConfUtils.java:logGet(43)) - raft.server.log.segment.size.max = 1048576 (custom)
2019-09-20 08:31:31,444 [pool-71-thread-1] INFO  server.RaftServerConfigKeys (ConfUtils.java:logGet(43)) - raft.server.log.segment.cache.num.max = 2 (custom)
2019-09-20 08:31:31,444 [pool-71-thread-1] INFO  segmented.SegmentedRaftLogWorker (SegmentedRaftLogWorker.java:<init>(172)) - new 7afa6414-ef24-48ad-8f55-8b19d11f4e72-SegmentedRaftLogWorker:Storage Directory /workdir/hadoop-ozone/tools/target/test-dir/MiniOzoneClusterImpl-40b1a39e-a15e-4017-a8bd-88793379a06c/datanode-4/data/ratis/990776f0-5ea3-4a46-ae60-f3d8b104d431 for RaftStorage:Storage Directory /workdir/hadoop-ozone/tools/target/test-dir/MiniOzoneClusterImpl-40b1a39e-a15e-4017-a8bd-88793379a06c/datanode-4/data/ratis/990776f0-5ea3-4a46-ae60-f3d8b104d431
2019-09-20 08:31:31,444 [pool-71-thread-1] INFO  server.RaftServerConfigKeys (ConfUtils.java:logGet(43)) - raft.server.log.queue.byte-limit = 2147483647 (custom)
2019-09-20 08:31:31,445 [pool-71-thread-1] INFO  server.RaftServerConfigKeys (ConfUtils.java:logGet(43)) - raft.server.log.queue.element-limit = 1024 (custom)
2019-09-20 08:31:31,445 [pool-71-thread-1] INFO  server.RaftServerConfigKeys (ConfUtils.java:logGet(43)) - raft.server.log.segment.size.max = 1048576 (custom)
2019-09-20 08:31:31,445 [pool-71-thread-1] INFO  server.RaftServerConfigKeys (ConfUtils.java:logGet(43)) - raft.server.log.preallocated.size = 16384 (custom)
2019-09-20 08:31:31,445 [pool-71-thread-1] INFO  server.RaftServerConfigKeys (ConfUtils.java:logGet(43)) - raft.server.log.write.buffer.size = 33554432 (custom)
2019-09-20 08:31:31,445 [pool-71-thread-1] INFO  server.RaftServerConfigKeys (ConfUtils.java:logGet(43)) - raft.server.log.force.sync.num = 128 (default)
2019-09-20 08:31:31,445 [pool-71-thread-1] INFO  server.RaftServerConfigKeys (ConfUtils.java:logGet(43)) - raft.server.log.statemachine.data.sync = true (default)
2019-09-20 08:31:31,446 [pool-71-thread-1] INFO  server.RaftServerConfigKeys (ConfUtils.java:logGet(43)) - raft.server.log.statemachine.data.sync.timeout = 10s (default)
2019-09-20 08:31:31,446 [pool-71-thread-1] INFO  server.RaftServerConfigKeys (ConfUtils.java:logGet(43)) - raft.server.log.statemachine.data.sync.timeout.retry = -1 (default)
2019-09-20 08:31:31,446 [pool-71-thread-1] INFO  server.RaftServerConfigKeys (ConfUtils.java:logGet(43)) - raft.server.log.statemachine.data.caching.enabled = true (custom)
2019-09-20 08:31:31,447 [pool-71-thread-1] INFO  segmented.SegmentedRaftLogWorker (SegmentedRaftLogWorker.java:lambda$new$0(132)) - 7afa6414-ef24-48ad-8f55-8b19d11f4e72-SegmentedRaftLogWorker:Storage Directory /workdir/hadoop-ozone/tools/target/test-dir/MiniOzoneClusterImpl-40b1a39e-a15e-4017-a8bd-88793379a06c/datanode-4/data/ratis/990776f0-5ea3-4a46-ae60-f3d8b104d431: flushIndex: setUnconditionally 0 -> -1
2019-09-20 08:31:31,447 [pool-71-thread-1] INFO  server.RaftServerConfigKeys (ConfUtils.java:logGet(43)) - raft.server.snapshot.auto.trigger.enabled = true (custom)
2019-09-20 08:31:31,447 [pool-71-thread-1] INFO  server.RaftServerConfigKeys (ConfUtils.java:logGet(43)) - raft.server.snapshot.auto.trigger.threshold = 10000 (custom)
2019-09-20 08:31:31,448 [pool-71-thread-1] INFO  server.RaftServerConfigKeys (ConfUtils.java:logGet(43)) - raft.server.retrycache.expirytime = 600000ms (custom)
2019-09-20 08:31:31,448 [pool-71-thread-1] INFO  impl.RaftServerImpl (RaftServerImpl.java:start(180)) - 7afa6414-ef24-48ad-8f55-8b19d11f4e72: start group-F3D8B104D431
2019-09-20 08:31:31,448 [pool-71-thread-1] INFO  impl.RaftServerImpl (RaftServerImpl.java:setRole(171)) - 7afa6414-ef24-48ad-8f55-8b19d11f4e72:group-F3D8B104D431 changes role from null to FOLLOWER at term 0 for startAsFollower
2019-09-20 08:31:31,448 [pool-71-thread-1] INFO  impl.RoleInfo (RoleInfo.java:updateAndGet(143)) - 7afa6414-ef24-48ad-8f55-8b19d11f4e72: start FollowerState
2019-09-20 08:31:31,449 [pool-71-thread-1] INFO  util.JmxRegister (JmxRegister.java:tryRegister(44)) - Successfully registered JMX Bean with object name Ratis:service=RaftServer,group=group-F3D8B104D431,id=7afa6414-ef24-48ad-8f55-8b19d11f4e72
2019-09-20 08:31:31,456 [RatisPipelineUtilsThread] INFO  pipeline.PipelineStateManager (PipelineStateManager.java:addPipeline(56)) - Created pipeline Pipeline[ Id: 990776f0-5ea3-4a46-ae60-f3d8b104d431, Nodes: 7afa6414-ef24-48ad-8f55-8b19d11f4e72{ip: 192.168.34.27, host: pr-hdds-1569-6tbh6-3362816358, networkLocation: /default-rack, certSerialId: null}, Type:RATIS, Factor:ONE, State:OPEN]
2019-09-20 08:31:31,458 [RatisPipelineUtilsThread] INFO  pipeline.PipelinePlacementPolicy (PipelinePlacementPolicy.java:meetCriteria(91)) - Pipeline Placement: Doesn't meet the criteria to be viable node： 7372e003-60de-4928-9031-10c7db72eb74 Heaviness: 6 limit: 5
2019-09-20 08:31:31,458 [RatisPipelineUtilsThread] INFO  pipeline.PipelinePlacementPolicy (PipelinePlacementPolicy.java:meetCriteria(91)) - Pipeline Placement: Doesn't meet the criteria to be viable node： f0fc55a7-6908-4f04-ad18-9919b4d1166c Heaviness: 6 limit: 5
2019-09-20 08:31:31,458 [RatisPipelineUtilsThread] INFO  pipeline.PipelinePlacementPolicy (PipelinePlacementPolicy.java:meetCriteria(91)) - Pipeline Placement: Doesn't meet the criteria to be viable node： b1d6c399-222b-48d2-8034-ed92e0cf00a0 Heaviness: 6 limit: 5
2019-09-20 08:31:31,470 [grpc-default-executor-0] INFO  impl.RaftServerProxy (RaftServerProxy.java:addNew(89)) - 0e595721-d597-45e8-8ba1-cb4ebc325b8e: addNew group-B5F7766E7C06:[0e595721-d597-45e8-8ba1-cb4ebc325b8e:192.168.34.27:37759] returns group-B5F7766E7C06:java.util.concurrent.CompletableFuture@4bf9203e[Not completed]
2019-09-20 08:31:31,471 [pool-49-thread-1] INFO  impl.RaftServerImpl (RaftServerImpl.java:<init>(93)) - 0e595721-d597-45e8-8ba1-cb4ebc325b8e: new RaftServerImpl for group-B5F7766E7C06:[0e595721-d597-45e8-8ba1-cb4ebc325b8e:192.168.34.27:37759] with ContainerStateMachine:uninitialized
2019-09-20 08:31:31,471 [pool-49-thread-1] INFO  server.RaftServerConfigKeys (ConfUtils.java:logGet(43)) - raft.server.rpc.timeout.min = 5s (custom)
2019-09-20 08:31:31,472 [pool-49-thread-1] INFO  server.RaftServerConfigKeys (ConfUtils.java:logGet(43)) - raft.server.rpc.timeout.max = 5200ms (custom)
2019-09-20 08:31:31,472 [pool-49-thread-1] INFO  server.RaftServerConfigKeys (ConfUtils.java:logGet(43)) - raft.server.rpcslowness.timeout = 120s (custom)
2019-09-20 08:31:31,472 [pool-49-thread-1] INFO  server.RaftServerConfigKeys (ConfUtils.java:logGet(43)) - raft.server.sleep.deviation.threshold = 300 (default)
2019-09-20 08:31:31,472 [pool-49-thread-1] INFO  server.RaftServerConfigKeys (ConfUtils.java:logGet(43)) - raft.server.log.appender.install.snapshot.enabled = false (custom)
2019-09-20 08:31:31,472 [pool-49-thread-1] INFO  impl.RaftServerImpl (ServerState.java:<init>(105)) - 0e595721-d597-45e8-8ba1-cb4ebc325b8e:group-B5F7766E7C06 ConfigurationManager, init=-1: [0e595721-d597-45e8-8ba1-cb4ebc325b8e:192.168.34.27:37759], old=null, confs=<EMPTY_MAP>
2019-09-20 08:31:31,472 [pool-49-thread-1] INFO  server.RaftServerConfigKeys (ConfUtils.java:logGet(43)) - raft.server.storage.dir = [/workdir/hadoop-ozone/tools/target/test-dir/MiniOzoneClusterImpl-40b1a39e-a15e-4017-a8bd-88793379a06c/datanode-2/data/ratis] (custom)
2019-09-20 08:31:31,473 [pool-49-thread-1] INFO  storage.RaftStorageDirectory (RaftStorageDirectory.java:analyzeStorage(246)) - The storage directory /workdir/hadoop-ozone/tools/target/test-dir/MiniOzoneClusterImpl-40b1a39e-a15e-4017-a8bd-88793379a06c/datanode-2/data/ratis/9510dda5-b27d-4f6a-88f5-b5f7766e7c06 does not exist. Creating ...
2019-09-20 08:31:31,486 [pool-49-thread-1] INFO  storage.RaftStorageDirectory (RaftStorageDirectory.java:tryLock(328)) - Lock on /workdir/hadoop-ozone/tools/target/test-dir/MiniOzoneClusterImpl-40b1a39e-a15e-4017-a8bd-88793379a06c/datanode-2/data/ratis/9510dda5-b27d-4f6a-88f5-b5f7766e7c06/in_use.lock acquired by nodename 4915@pr-hdds-1569-6tbh6-3362816358
2019-09-20 08:31:31,498 [pool-49-thread-1] INFO  storage.RaftStorage (RaftStorage.java:format(72)) - Storage directory /workdir/hadoop-ozone/tools/target/test-dir/MiniOzoneClusterImpl-40b1a39e-a15e-4017-a8bd-88793379a06c/datanode-2/data/ratis/9510dda5-b27d-4f6a-88f5-b5f7766e7c06 has been successfully formatted.
2019-09-20 08:31:31,499 [pool-49-thread-1] INFO  ratis.ContainerStateMachine (ContainerStateMachine.java:loadSnapshot(226)) - group-B5F7766E7C06: The snapshot info is null. Setting the last applied indexto:(t:0, i:~)
2019-09-20 08:31:31,499 [pool-49-thread-1] INFO  server.RaftServerConfigKeys (ConfUtils.java:logGet(43)) - raft.server.leader.election.timeout = 120s (custom)
2019-09-20 08:31:31,499 [pool-49-thread-1] INFO  server.RaftServerConfigKeys (ConfUtils.java:logGet(43)) - raft.server.log.use.memory = false (default)
2019-09-20 08:31:31,499 [pool-49-thread-1] INFO  server.RaftServerConfigKeys (ConfUtils.java:logGet(43)) - raft.server.log.purge.gap = 1000000 (custom)
2019-09-20 08:31:31,499 [pool-49-thread-1] INFO  server.RaftServerConfigKeys (ConfUtils.java:logGet(43)) - raft.server.log.appender.buffer.byte-limit = 33554432 (custom)
2019-09-20 08:31:31,499 [pool-49-thread-1] INFO  server.RaftServerConfigKeys (ConfUtils.java:logGet(43)) - raft.server.log.segment.size.max = 1048576 (custom)
2019-09-20 08:31:31,500 [pool-49-thread-1] INFO  server.RaftServerConfigKeys (ConfUtils.java:logGet(43)) - raft.server.log.segment.cache.num.max = 2 (custom)
2019-09-20 08:31:31,500 [pool-49-thread-1] INFO  segmented.SegmentedRaftLogWorker (SegmentedRaftLogWorker.java:<init>(172)) - new 0e595721-d597-45e8-8ba1-cb4ebc325b8e-SegmentedRaftLogWorker:Storage Directory /workdir/hadoop-ozone/tools/target/test-dir/MiniOzoneClusterImpl-40b1a39e-a15e-4017-a8bd-88793379a06c/datanode-2/data/ratis/9510dda5-b27d-4f6a-88f5-b5f7766e7c06 for RaftStorage:Storage Directory /workdir/hadoop-ozone/tools/target/test-dir/MiniOzoneClusterImpl-40b1a39e-a15e-4017-a8bd-88793379a06c/datanode-2/data/ratis/9510dda5-b27d-4f6a-88f5-b5f7766e7c06
2019-09-20 08:31:31,500 [pool-49-thread-1] INFO  server.RaftServerConfigKeys (ConfUtils.java:logGet(43)) - raft.server.log.queue.byte-limit = 2147483647 (custom)
2019-09-20 08:31:31,500 [pool-49-thread-1] INFO  server.RaftServerConfigKeys (ConfUtils.java:logGet(43)) - raft.server.log.queue.element-limit = 1024 (custom)
2019-09-20 08:31:31,500 [pool-49-thread-1] INFO  server.RaftServerConfigKeys (ConfUtils.java:logGet(43)) - raft.server.log.segment.size.max = 1048576 (custom)
2019-09-20 08:31:31,500 [pool-49-thread-1] INFO  server.RaftServerConfigKeys (ConfUtils.java:logGet(43)) - raft.server.log.preallocated.size = 16384 (custom)
2019-09-20 08:31:31,501 [pool-49-thread-1] INFO  server.RaftServerConfigKeys (ConfUtils.java:logGet(43)) - raft.server.log.write.buffer.size = 33554432 (custom)
2019-09-20 08:31:31,501 [pool-49-thread-1] INFO  server.RaftServerConfigKeys (ConfUtils.java:logGet(43)) - raft.server.log.force.sync.num = 128 (default)
2019-09-20 08:31:31,501 [pool-49-thread-1] INFO  server.RaftServerConfigKeys (ConfUtils.java:logGet(43)) - raft.server.log.statemachine.data.sync = true (default)
2019-09-20 08:31:31,501 [pool-49-thread-1] INFO  server.RaftServerConfigKeys (ConfUtils.java:logGet(43)) - raft.server.log.statemachine.data.sync.timeout = 10s (default)
2019-09-20 08:31:31,501 [pool-49-thread-1] INFO  server.RaftServerConfigKeys (ConfUtils.java:logGet(43)) - raft.server.log.statemachine.data.sync.timeout.retry = -1 (default)
2019-09-20 08:31:31,501 [pool-49-thread-1] INFO  server.RaftServerConfigKeys (ConfUtils.java:logGet(43)) - raft.server.log.statemachine.data.caching.enabled = true (custom)
2019-09-20 08:31:31,502 [pool-49-thread-1] INFO  segmented.SegmentedRaftLogWorker (SegmentedRaftLogWorker.java:lambda$new$0(132)) - 0e595721-d597-45e8-8ba1-cb4ebc325b8e-SegmentedRaftLogWorker:Storage Directory /workdir/hadoop-ozone/tools/target/test-dir/MiniOzoneClusterImpl-40b1a39e-a15e-4017-a8bd-88793379a06c/datanode-2/data/ratis/9510dda5-b27d-4f6a-88f5-b5f7766e7c06: flushIndex: setUnconditionally 0 -> -1
2019-09-20 08:31:31,502 [pool-49-thread-1] INFO  server.RaftServerConfigKeys (ConfUtils.java:logGet(43)) - raft.server.snapshot.auto.trigger.enabled = true (custom)
2019-09-20 08:31:31,503 [pool-49-thread-1] INFO  server.RaftServerConfigKeys (ConfUtils.java:logGet(43)) - raft.server.snapshot.auto.trigger.threshold = 10000 (custom)
2019-09-20 08:31:31,503 [pool-49-thread-1] INFO  server.RaftServerConfigKeys (ConfUtils.java:logGet(43)) - raft.server.retrycache.expirytime = 600000ms (custom)
2019-09-20 08:31:31,505 [pool-49-thread-1] INFO  impl.RaftServerImpl (RaftServerImpl.java:start(180)) - 0e595721-d597-45e8-8ba1-cb4ebc325b8e: start group-B5F7766E7C06
2019-09-20 08:31:31,505 [pool-49-thread-1] INFO  impl.RaftServerImpl (RaftServerImpl.java:setRole(171)) - 0e595721-d597-45e8-8ba1-cb4ebc325b8e:group-B5F7766E7C06 changes role from null to FOLLOWER at term 0 for startAsFollower
2019-09-20 08:31:31,505 [pool-49-thread-1] INFO  impl.RoleInfo (RoleInfo.java:updateAndGet(143)) - 0e595721-d597-45e8-8ba1-cb4ebc325b8e: start FollowerState
2019-09-20 08:31:31,506 | INFO  | SCMAudit | user=jenkins1000 | ip=192.168.34.27 | op=SEND_HEARTBEAT {datanodeUUID=f0fc55a7-6908-4f04-ad18-9919b4d1166c, command=[]} | ret=SUCCESS |  
2019-09-20 08:31:31,506 [pool-49-thread-1] INFO  util.JmxRegister (JmxRegister.java:tryRegister(44)) - Successfully registered JMX Bean with object name Ratis:service=RaftServer,group=group-B5F7766E7C06,id=0e595721-d597-45e8-8ba1-cb4ebc325b8e
2019-09-20 08:31:31,511 [RatisPipelineUtilsThread] INFO  pipeline.PipelineStateManager (PipelineStateManager.java:addPipeline(56)) - Created pipeline Pipeline[ Id: 9510dda5-b27d-4f6a-88f5-b5f7766e7c06, Nodes: 0e595721-d597-45e8-8ba1-cb4ebc325b8e{ip: 192.168.34.27, host: pr-hdds-1569-6tbh6-3362816358, networkLocation: /default-rack, certSerialId: null}, Type:RATIS, Factor:ONE, State:OPEN]
2019-09-20 08:31:31,513 [RatisPipelineUtilsThread] INFO  pipeline.PipelinePlacementPolicy (PipelinePlacementPolicy.java:meetCriteria(91)) - Pipeline Placement: Doesn't meet the criteria to be viable node： 7372e003-60de-4928-9031-10c7db72eb74 Heaviness: 6 limit: 5
2019-09-20 08:31:31,513 [RatisPipelineUtilsThread] INFO  pipeline.PipelinePlacementPolicy (PipelinePlacementPolicy.java:meetCriteria(91)) - Pipeline Placement: Doesn't meet the criteria to be viable node： f0fc55a7-6908-4f04-ad18-9919b4d1166c Heaviness: 6 limit: 5
2019-09-20 08:31:31,514 [RatisPipelineUtilsThread] INFO  pipeline.PipelinePlacementPolicy (PipelinePlacementPolicy.java:meetCriteria(91)) - Pipeline Placement: Doesn't meet the criteria to be viable node： b1d6c399-222b-48d2-8034-ed92e0cf00a0 Heaviness: 6 limit: 5
2019-09-20 08:31:31,524 [grpc-default-executor-0] INFO  impl.RaftServerProxy (RaftServerProxy.java:addNew(89)) - 0e595721-d597-45e8-8ba1-cb4ebc325b8e: addNew group-D6B7FBA3650F:[0e595721-d597-45e8-8ba1-cb4ebc325b8e:192.168.34.27:37759] returns group-D6B7FBA3650F:java.util.concurrent.CompletableFuture@5ef66b5d[Not completed]
2019-09-20 08:31:31,525 [pool-49-thread-1] INFO  impl.RaftServerImpl (RaftServerImpl.java:<init>(93)) - 0e595721-d597-45e8-8ba1-cb4ebc325b8e: new RaftServerImpl for group-D6B7FBA3650F:[0e595721-d597-45e8-8ba1-cb4ebc325b8e:192.168.34.27:37759] with ContainerStateMachine:uninitialized
2019-09-20 08:31:31,526 [pool-49-thread-1] INFO  server.RaftServerConfigKeys (ConfUtils.java:logGet(43)) - raft.server.rpc.timeout.min = 5s (custom)
2019-09-20 08:31:31,526 [pool-49-thread-1] INFO  server.RaftServerConfigKeys (ConfUtils.java:logGet(43)) - raft.server.rpc.timeout.max = 5200ms (custom)
2019-09-20 08:31:31,526 [pool-49-thread-1] INFO  server.RaftServerConfigKeys (ConfUtils.java:logGet(43)) - raft.server.rpcslowness.timeout = 120s (custom)
2019-09-20 08:31:31,526 [pool-49-thread-1] INFO  server.RaftServerConfigKeys (ConfUtils.java:logGet(43)) - raft.server.sleep.deviation.threshold = 300 (default)
2019-09-20 08:31:31,526 [pool-49-thread-1] INFO  server.RaftServerConfigKeys (ConfUtils.java:logGet(43)) - raft.server.log.appender.install.snapshot.enabled = false (custom)
2019-09-20 08:31:31,526 [pool-49-thread-1] INFO  impl.RaftServerImpl (ServerState.java:<init>(105)) - 0e595721-d597-45e8-8ba1-cb4ebc325b8e:group-D6B7FBA3650F ConfigurationManager, init=-1: [0e595721-d597-45e8-8ba1-cb4ebc325b8e:192.168.34.27:37759], old=null, confs=<EMPTY_MAP>
2019-09-20 08:31:31,527 [pool-49-thread-1] INFO  server.RaftServerConfigKeys (ConfUtils.java:logGet(43)) - raft.server.storage.dir = [/workdir/hadoop-ozone/tools/target/test-dir/MiniOzoneClusterImpl-40b1a39e-a15e-4017-a8bd-88793379a06c/datanode-2/data/ratis] (custom)
2019-09-20 08:31:31,527 [pool-49-thread-1] INFO  storage.RaftStorageDirectory (RaftStorageDirectory.java:analyzeStorage(246)) - The storage directory /workdir/hadoop-ozone/tools/target/test-dir/MiniOzoneClusterImpl-40b1a39e-a15e-4017-a8bd-88793379a06c/datanode-2/data/ratis/d42172c7-252d-42a9-a1f9-d6b7fba3650f does not exist. Creating ...
2019-09-20 08:31:31,540 [pool-49-thread-1] INFO  storage.RaftStorageDirectory (RaftStorageDirectory.java:tryLock(328)) - Lock on /workdir/hadoop-ozone/tools/target/test-dir/MiniOzoneClusterImpl-40b1a39e-a15e-4017-a8bd-88793379a06c/datanode-2/data/ratis/d42172c7-252d-42a9-a1f9-d6b7fba3650f/in_use.lock acquired by nodename 4915@pr-hdds-1569-6tbh6-3362816358
2019-09-20 08:31:31,553 [pool-49-thread-1] INFO  storage.RaftStorage (RaftStorage.java:format(72)) - Storage directory /workdir/hadoop-ozone/tools/target/test-dir/MiniOzoneClusterImpl-40b1a39e-a15e-4017-a8bd-88793379a06c/datanode-2/data/ratis/d42172c7-252d-42a9-a1f9-d6b7fba3650f has been successfully formatted.
2019-09-20 08:31:31,553 [pool-49-thread-1] INFO  ratis.ContainerStateMachine (ContainerStateMachine.java:loadSnapshot(226)) - group-D6B7FBA3650F: The snapshot info is null. Setting the last applied indexto:(t:0, i:~)
2019-09-20 08:31:31,553 [pool-49-thread-1] INFO  server.RaftServerConfigKeys (ConfUtils.java:logGet(43)) - raft.server.leader.election.timeout = 120s (custom)
2019-09-20 08:31:31,554 [pool-49-thread-1] INFO  server.RaftServerConfigKeys (ConfUtils.java:logGet(43)) - raft.server.log.use.memory = false (default)
2019-09-20 08:31:31,554 [pool-49-thread-1] INFO  server.RaftServerConfigKeys (ConfUtils.java:logGet(43)) - raft.server.log.purge.gap = 1000000 (custom)
2019-09-20 08:31:31,554 [pool-49-thread-1] INFO  server.RaftServerConfigKeys (ConfUtils.java:logGet(43)) - raft.server.log.appender.buffer.byte-limit = 33554432 (custom)
2019-09-20 08:31:31,554 [pool-49-thread-1] INFO  server.RaftServerConfigKeys (ConfUtils.java:logGet(43)) - raft.server.log.segment.size.max = 1048576 (custom)
2019-09-20 08:31:31,554 [pool-49-thread-1] INFO  server.RaftServerConfigKeys (ConfUtils.java:logGet(43)) - raft.server.log.segment.cache.num.max = 2 (custom)
2019-09-20 08:31:31,554 [pool-49-thread-1] INFO  segmented.SegmentedRaftLogWorker (SegmentedRaftLogWorker.java:<init>(172)) - new 0e595721-d597-45e8-8ba1-cb4ebc325b8e-SegmentedRaftLogWorker:Storage Directory /workdir/hadoop-ozone/tools/target/test-dir/MiniOzoneClusterImpl-40b1a39e-a15e-4017-a8bd-88793379a06c/datanode-2/data/ratis/d42172c7-252d-42a9-a1f9-d6b7fba3650f for RaftStorage:Storage Directory /workdir/hadoop-ozone/tools/target/test-dir/MiniOzoneClusterImpl-40b1a39e-a15e-4017-a8bd-88793379a06c/datanode-2/data/ratis/d42172c7-252d-42a9-a1f9-d6b7fba3650f
2019-09-20 08:31:31,554 [pool-49-thread-1] INFO  server.RaftServerConfigKeys (ConfUtils.java:logGet(43)) - raft.server.log.queue.byte-limit = 2147483647 (custom)
2019-09-20 08:31:31,555 [pool-49-thread-1] INFO  server.RaftServerConfigKeys (ConfUtils.java:logGet(43)) - raft.server.log.queue.element-limit = 1024 (custom)
2019-09-20 08:31:31,555 [pool-49-thread-1] INFO  server.RaftServerConfigKeys (ConfUtils.java:logGet(43)) - raft.server.log.segment.size.max = 1048576 (custom)
2019-09-20 08:31:31,555 [pool-49-thread-1] INFO  server.RaftServerConfigKeys (ConfUtils.java:logGet(43)) - raft.server.log.preallocated.size = 16384 (custom)
2019-09-20 08:31:31,555 [pool-49-thread-1] INFO  server.RaftServerConfigKeys (ConfUtils.java:logGet(43)) - raft.server.log.write.buffer.size = 33554432 (custom)
2019-09-20 08:31:31,555 [pool-49-thread-1] INFO  server.RaftServerConfigKeys (ConfUtils.java:logGet(43)) - raft.server.log.force.sync.num = 128 (default)
2019-09-20 08:31:31,555 [pool-49-thread-1] INFO  server.RaftServerConfigKeys (ConfUtils.java:logGet(43)) - raft.server.log.statemachine.data.sync = true (default)
2019-09-20 08:31:31,556 [pool-49-thread-1] INFO  server.RaftServerConfigKeys (ConfUtils.java:logGet(43)) - raft.server.log.statemachine.data.sync.timeout = 10s (default)
2019-09-20 08:31:31,556 [pool-49-thread-1] INFO  server.RaftServerConfigKeys (ConfUtils.java:logGet(43)) - raft.server.log.statemachine.data.sync.timeout.retry = -1 (default)
2019-09-20 08:31:31,556 [pool-49-thread-1] INFO  server.RaftServerConfigKeys (ConfUtils.java:logGet(43)) - raft.server.log.statemachine.data.caching.enabled = true (custom)
2019-09-20 08:31:31,556 [pool-49-thread-1] INFO  segmented.SegmentedRaftLogWorker (SegmentedRaftLogWorker.java:lambda$new$0(132)) - 0e595721-d597-45e8-8ba1-cb4ebc325b8e-SegmentedRaftLogWorker:Storage Directory /workdir/hadoop-ozone/tools/target/test-dir/MiniOzoneClusterImpl-40b1a39e-a15e-4017-a8bd-88793379a06c/datanode-2/data/ratis/d42172c7-252d-42a9-a1f9-d6b7fba3650f: flushIndex: setUnconditionally 0 -> -1
2019-09-20 08:31:31,557 [pool-49-thread-1] INFO  server.RaftServerConfigKeys (ConfUtils.java:logGet(43)) - raft.server.snapshot.auto.trigger.enabled = true (custom)
2019-09-20 08:31:31,557 [pool-49-thread-1] INFO  server.RaftServerConfigKeys (ConfUtils.java:logGet(43)) - raft.server.snapshot.auto.trigger.threshold = 10000 (custom)
2019-09-20 08:31:31,557 [pool-49-thread-1] INFO  server.RaftServerConfigKeys (ConfUtils.java:logGet(43)) - raft.server.retrycache.expirytime = 600000ms (custom)
2019-09-20 08:31:31,557 [pool-49-thread-1] INFO  impl.RaftServerImpl (RaftServerImpl.java:start(180)) - 0e595721-d597-45e8-8ba1-cb4ebc325b8e: start group-D6B7FBA3650F
2019-09-20 08:31:31,558 [pool-49-thread-1] INFO  impl.RaftServerImpl (RaftServerImpl.java:setRole(171)) - 0e595721-d597-45e8-8ba1-cb4ebc325b8e:group-D6B7FBA3650F changes role from null to FOLLOWER at term 0 for startAsFollower
2019-09-20 08:31:31,558 [pool-49-thread-1] INFO  impl.RoleInfo (RoleInfo.java:updateAndGet(143)) - 0e595721-d597-45e8-8ba1-cb4ebc325b8e: start FollowerState
2019-09-20 08:31:31,558 [pool-49-thread-1] INFO  util.JmxRegister (JmxRegister.java:tryRegister(44)) - Successfully registered JMX Bean with object name Ratis:service=RaftServer,group=group-D6B7FBA3650F,id=0e595721-d597-45e8-8ba1-cb4ebc325b8e
2019-09-20 08:31:31,563 [RatisPipelineUtilsThread] INFO  pipeline.PipelineStateManager (PipelineStateManager.java:addPipeline(56)) - Created pipeline Pipeline[ Id: d42172c7-252d-42a9-a1f9-d6b7fba3650f, Nodes: 0e595721-d597-45e8-8ba1-cb4ebc325b8e{ip: 192.168.34.27, host: pr-hdds-1569-6tbh6-3362816358, networkLocation: /default-rack, certSerialId: null}, Type:RATIS, Factor:ONE, State:OPEN]
2019-09-20 08:31:31,565 [RatisPipelineUtilsThread] INFO  pipeline.PipelinePlacementPolicy (PipelinePlacementPolicy.java:meetCriteria(91)) - Pipeline Placement: Doesn't meet the criteria to be viable node： 7372e003-60de-4928-9031-10c7db72eb74 Heaviness: 6 limit: 5
2019-09-20 08:31:31,565 [RatisPipelineUtilsThread] INFO  pipeline.PipelinePlacementPolicy (PipelinePlacementPolicy.java:meetCriteria(91)) - Pipeline Placement: Doesn't meet the criteria to be viable node： f0fc55a7-6908-4f04-ad18-9919b4d1166c Heaviness: 6 limit: 5
2019-09-20 08:31:31,565 [RatisPipelineUtilsThread] INFO  pipeline.PipelinePlacementPolicy (PipelinePlacementPolicy.java:meetCriteria(91)) - Pipeline Placement: Doesn't meet the criteria to be viable node： b1d6c399-222b-48d2-8034-ed92e0cf00a0 Heaviness: 6 limit: 5
2019-09-20 08:31:31,574 [grpc-default-executor-0] INFO  impl.RaftServerProxy (RaftServerProxy.java:addNew(89)) - 0e595721-d597-45e8-8ba1-cb4ebc325b8e: addNew group-FF8B45ACCAA0:[0e595721-d597-45e8-8ba1-cb4ebc325b8e:192.168.34.27:37759] returns group-FF8B45ACCAA0:java.util.concurrent.CompletableFuture@4d29af3c[Not completed]
2019-09-20 08:31:31,576 [pool-49-thread-1] INFO  impl.RaftServerImpl (RaftServerImpl.java:<init>(93)) - 0e595721-d597-45e8-8ba1-cb4ebc325b8e: new RaftServerImpl for group-FF8B45ACCAA0:[0e595721-d597-45e8-8ba1-cb4ebc325b8e:192.168.34.27:37759] with ContainerStateMachine:uninitialized
2019-09-20 08:31:31,576 [pool-49-thread-1] INFO  server.RaftServerConfigKeys (ConfUtils.java:logGet(43)) - raft.server.rpc.timeout.min = 5s (custom)
2019-09-20 08:31:31,576 [pool-49-thread-1] INFO  server.RaftServerConfigKeys (ConfUtils.java:logGet(43)) - raft.server.rpc.timeout.max = 5200ms (custom)
2019-09-20 08:31:31,576 [pool-49-thread-1] INFO  server.RaftServerConfigKeys (ConfUtils.java:logGet(43)) - raft.server.rpcslowness.timeout = 120s (custom)
2019-09-20 08:31:31,576 [pool-49-thread-1] INFO  server.RaftServerConfigKeys (ConfUtils.java:logGet(43)) - raft.server.sleep.deviation.threshold = 300 (default)
2019-09-20 08:31:31,576 [pool-49-thread-1] INFO  server.RaftServerConfigKeys (ConfUtils.java:logGet(43)) - raft.server.log.appender.install.snapshot.enabled = false (custom)
2019-09-20 08:31:31,577 [pool-49-thread-1] INFO  impl.RaftServerImpl (ServerState.java:<init>(105)) - 0e595721-d597-45e8-8ba1-cb4ebc325b8e:group-FF8B45ACCAA0 ConfigurationManager, init=-1: [0e595721-d597-45e8-8ba1-cb4ebc325b8e:192.168.34.27:37759], old=null, confs=<EMPTY_MAP>
2019-09-20 08:31:31,577 [pool-49-thread-1] INFO  server.RaftServerConfigKeys (ConfUtils.java:logGet(43)) - raft.server.storage.dir = [/workdir/hadoop-ozone/tools/target/test-dir/MiniOzoneClusterImpl-40b1a39e-a15e-4017-a8bd-88793379a06c/datanode-2/data/ratis] (custom)
2019-09-20 08:31:31,577 [pool-49-thread-1] INFO  storage.RaftStorageDirectory (RaftStorageDirectory.java:analyzeStorage(246)) - The storage directory /workdir/hadoop-ozone/tools/target/test-dir/MiniOzoneClusterImpl-40b1a39e-a15e-4017-a8bd-88793379a06c/datanode-2/data/ratis/f8df75bb-6a44-4caf-83b1-ff8b45accaa0 does not exist. Creating ...
2019-09-20 08:31:31,590 [pool-49-thread-1] INFO  storage.RaftStorageDirectory (RaftStorageDirectory.java:tryLock(328)) - Lock on /workdir/hadoop-ozone/tools/target/test-dir/MiniOzoneClusterImpl-40b1a39e-a15e-4017-a8bd-88793379a06c/datanode-2/data/ratis/f8df75bb-6a44-4caf-83b1-ff8b45accaa0/in_use.lock acquired by nodename 4915@pr-hdds-1569-6tbh6-3362816358
2019-09-20 08:31:31,602 [pool-49-thread-1] INFO  storage.RaftStorage (RaftStorage.java:format(72)) - Storage directory /workdir/hadoop-ozone/tools/target/test-dir/MiniOzoneClusterImpl-40b1a39e-a15e-4017-a8bd-88793379a06c/datanode-2/data/ratis/f8df75bb-6a44-4caf-83b1-ff8b45accaa0 has been successfully formatted.
2019-09-20 08:31:31,603 [pool-49-thread-1] INFO  ratis.ContainerStateMachine (ContainerStateMachine.java:loadSnapshot(226)) - group-FF8B45ACCAA0: The snapshot info is null. Setting the last applied indexto:(t:0, i:~)
2019-09-20 08:31:31,603 [pool-49-thread-1] INFO  server.RaftServerConfigKeys (ConfUtils.java:logGet(43)) - raft.server.leader.election.timeout = 120s (custom)
2019-09-20 08:31:31,603 [pool-49-thread-1] INFO  server.RaftServerConfigKeys (ConfUtils.java:logGet(43)) - raft.server.log.use.memory = false (default)
2019-09-20 08:31:31,603 [pool-49-thread-1] INFO  server.RaftServerConfigKeys (ConfUtils.java:logGet(43)) - raft.server.log.purge.gap = 1000000 (custom)
2019-09-20 08:31:31,603 [pool-49-thread-1] INFO  server.RaftServerConfigKeys (ConfUtils.java:logGet(43)) - raft.server.log.appender.buffer.byte-limit = 33554432 (custom)
2019-09-20 08:31:31,603 [pool-49-thread-1] INFO  server.RaftServerConfigKeys (ConfUtils.java:logGet(43)) - raft.server.log.segment.size.max = 1048576 (custom)
2019-09-20 08:31:31,604 [pool-49-thread-1] INFO  server.RaftServerConfigKeys (ConfUtils.java:logGet(43)) - raft.server.log.segment.cache.num.max = 2 (custom)
2019-09-20 08:31:31,604 [pool-49-thread-1] INFO  segmented.SegmentedRaftLogWorker (SegmentedRaftLogWorker.java:<init>(172)) - new 0e595721-d597-45e8-8ba1-cb4ebc325b8e-SegmentedRaftLogWorker:Storage Directory /workdir/hadoop-ozone/tools/target/test-dir/MiniOzoneClusterImpl-40b1a39e-a15e-4017-a8bd-88793379a06c/datanode-2/data/ratis/f8df75bb-6a44-4caf-83b1-ff8b45accaa0 for RaftStorage:Storage Directory /workdir/hadoop-ozone/tools/target/test-dir/MiniOzoneClusterImpl-40b1a39e-a15e-4017-a8bd-88793379a06c/datanode-2/data/ratis/f8df75bb-6a44-4caf-83b1-ff8b45accaa0
2019-09-20 08:31:31,604 [pool-49-thread-1] INFO  server.RaftServerConfigKeys (ConfUtils.java:logGet(43)) - raft.server.log.queue.byte-limit = 2147483647 (custom)
2019-09-20 08:31:31,604 [pool-49-thread-1] INFO  server.RaftServerConfigKeys (ConfUtils.java:logGet(43)) - raft.server.log.queue.element-limit = 1024 (custom)
2019-09-20 08:31:31,604 [pool-49-thread-1] INFO  server.RaftServerConfigKeys (ConfUtils.java:logGet(43)) - raft.server.log.segment.size.max = 1048576 (custom)
2019-09-20 08:31:31,604 [pool-49-thread-1] INFO  server.RaftServerConfigKeys (ConfUtils.java:logGet(43)) - raft.server.log.preallocated.size = 16384 (custom)
2019-09-20 08:31:31,605 [pool-49-thread-1] INFO  server.RaftServerConfigKeys (ConfUtils.java:logGet(43)) - raft.server.log.write.buffer.size = 33554432 (custom)
2019-09-20 08:31:31,605 [pool-49-thread-1] INFO  server.RaftServerConfigKeys (ConfUtils.java:logGet(43)) - raft.server.log.force.sync.num = 128 (default)
2019-09-20 08:31:31,605 [pool-49-thread-1] INFO  server.RaftServerConfigKeys (ConfUtils.java:logGet(43)) - raft.server.log.statemachine.data.sync = true (default)
2019-09-20 08:31:31,605 [pool-49-thread-1] INFO  server.RaftServerConfigKeys (ConfUtils.java:logGet(43)) - raft.server.log.statemachine.data.sync.timeout = 10s (default)
2019-09-20 08:31:31,605 [pool-49-thread-1] INFO  server.RaftServerConfigKeys (ConfUtils.java:logGet(43)) - raft.server.log.statemachine.data.sync.timeout.retry = -1 (default)
2019-09-20 08:31:31,605 [pool-49-thread-1] INFO  server.RaftServerConfigKeys (ConfUtils.java:logGet(43)) - raft.server.log.statemachine.data.caching.enabled = true (custom)
2019-09-20 08:31:31,606 [pool-49-thread-1] INFO  segmented.SegmentedRaftLogWorker (SegmentedRaftLogWorker.java:lambda$new$0(132)) - 0e595721-d597-45e8-8ba1-cb4ebc325b8e-SegmentedRaftLogWorker:Storage Directory /workdir/hadoop-ozone/tools/target/test-dir/MiniOzoneClusterImpl-40b1a39e-a15e-4017-a8bd-88793379a06c/datanode-2/data/ratis/f8df75bb-6a44-4caf-83b1-ff8b45accaa0: flushIndex: setUnconditionally 0 -> -1
2019-09-20 08:31:31,607 [pool-49-thread-1] INFO  server.RaftServerConfigKeys (ConfUtils.java:logGet(43)) - raft.server.snapshot.auto.trigger.enabled = true (custom)
2019-09-20 08:31:31,607 [pool-49-thread-1] INFO  server.RaftServerConfigKeys (ConfUtils.java:logGet(43)) - raft.server.snapshot.auto.trigger.threshold = 10000 (custom)
2019-09-20 08:31:31,607 [pool-49-thread-1] INFO  server.RaftServerConfigKeys (ConfUtils.java:logGet(43)) - raft.server.retrycache.expirytime = 600000ms (custom)
2019-09-20 08:31:31,607 [pool-49-thread-1] INFO  impl.RaftServerImpl (RaftServerImpl.java:start(180)) - 0e595721-d597-45e8-8ba1-cb4ebc325b8e: start group-FF8B45ACCAA0
2019-09-20 08:31:31,607 [pool-49-thread-1] INFO  impl.RaftServerImpl (RaftServerImpl.java:setRole(171)) - 0e595721-d597-45e8-8ba1-cb4ebc325b8e:group-FF8B45ACCAA0 changes role from null to FOLLOWER at term 0 for startAsFollower
2019-09-20 08:31:31,607 [pool-49-thread-1] INFO  impl.RoleInfo (RoleInfo.java:updateAndGet(143)) - 0e595721-d597-45e8-8ba1-cb4ebc325b8e: start FollowerState
2019-09-20 08:31:31,608 [pool-49-thread-1] INFO  util.JmxRegister (JmxRegister.java:tryRegister(44)) - Successfully registered JMX Bean with object name Ratis:service=RaftServer,group=group-FF8B45ACCAA0,id=0e595721-d597-45e8-8ba1-cb4ebc325b8e
2019-09-20 08:31:31,613 [RatisPipelineUtilsThread] INFO  pipeline.PipelineStateManager (PipelineStateManager.java:addPipeline(56)) - Created pipeline Pipeline[ Id: f8df75bb-6a44-4caf-83b1-ff8b45accaa0, Nodes: 0e595721-d597-45e8-8ba1-cb4ebc325b8e{ip: 192.168.34.27, host: pr-hdds-1569-6tbh6-3362816358, networkLocation: /default-rack, certSerialId: null}, Type:RATIS, Factor:ONE, State:OPEN]
2019-09-20 08:31:31,615 [RatisPipelineUtilsThread] INFO  pipeline.PipelinePlacementPolicy (PipelinePlacementPolicy.java:meetCriteria(91)) - Pipeline Placement: Doesn't meet the criteria to be viable node： 0e595721-d597-45e8-8ba1-cb4ebc325b8e Heaviness: 6 limit: 5
2019-09-20 08:31:31,615 [RatisPipelineUtilsThread] INFO  pipeline.PipelinePlacementPolicy (PipelinePlacementPolicy.java:meetCriteria(91)) - Pipeline Placement: Doesn't meet the criteria to be viable node： 7372e003-60de-4928-9031-10c7db72eb74 Heaviness: 6 limit: 5
2019-09-20 08:31:31,615 [RatisPipelineUtilsThread] INFO  pipeline.PipelinePlacementPolicy (PipelinePlacementPolicy.java:meetCriteria(91)) - Pipeline Placement: Doesn't meet the criteria to be viable node： f0fc55a7-6908-4f04-ad18-9919b4d1166c Heaviness: 6 limit: 5
2019-09-20 08:31:31,615 [RatisPipelineUtilsThread] INFO  pipeline.PipelinePlacementPolicy (PipelinePlacementPolicy.java:meetCriteria(91)) - Pipeline Placement: Doesn't meet the criteria to be viable node： b1d6c399-222b-48d2-8034-ed92e0cf00a0 Heaviness: 6 limit: 5
2019-09-20 08:31:31,624 [grpc-default-executor-0] INFO  impl.RaftServerProxy (RaftServerProxy.java:addNew(89)) - 7afa6414-ef24-48ad-8f55-8b19d11f4e72: addNew group-352C085D2B19:[7afa6414-ef24-48ad-8f55-8b19d11f4e72:192.168.34.27:33260] returns group-352C085D2B19:java.util.concurrent.CompletableFuture@25162a39[Not completed]
2019-09-20 08:31:31,626 [pool-71-thread-1] INFO  impl.RaftServerImpl (RaftServerImpl.java:<init>(93)) - 7afa6414-ef24-48ad-8f55-8b19d11f4e72: new RaftServerImpl for group-352C085D2B19:[7afa6414-ef24-48ad-8f55-8b19d11f4e72:192.168.34.27:33260] with ContainerStateMachine:uninitialized
2019-09-20 08:31:31,626 [pool-71-thread-1] INFO  server.RaftServerConfigKeys (ConfUtils.java:logGet(43)) - raft.server.rpc.timeout.min = 5s (custom)
2019-09-20 08:31:31,626 [pool-71-thread-1] INFO  server.RaftServerConfigKeys (ConfUtils.java:logGet(43)) - raft.server.rpc.timeout.max = 5200ms (custom)
2019-09-20 08:31:31,626 [pool-71-thread-1] INFO  server.RaftServerConfigKeys (ConfUtils.java:logGet(43)) - raft.server.rpcslowness.timeout = 120s (custom)
2019-09-20 08:31:31,627 [pool-71-thread-1] INFO  server.RaftServerConfigKeys (ConfUtils.java:logGet(43)) - raft.server.sleep.deviation.threshold = 300 (default)
2019-09-20 08:31:31,627 [pool-71-thread-1] INFO  server.RaftServerConfigKeys (ConfUtils.java:logGet(43)) - raft.server.log.appender.install.snapshot.enabled = false (custom)
2019-09-20 08:31:31,627 [pool-71-thread-1] INFO  impl.RaftServerImpl (ServerState.java:<init>(105)) - 7afa6414-ef24-48ad-8f55-8b19d11f4e72:group-352C085D2B19 ConfigurationManager, init=-1: [7afa6414-ef24-48ad-8f55-8b19d11f4e72:192.168.34.27:33260], old=null, confs=<EMPTY_MAP>
2019-09-20 08:31:31,627 [pool-71-thread-1] INFO  server.RaftServerConfigKeys (ConfUtils.java:logGet(43)) - raft.server.storage.dir = [/workdir/hadoop-ozone/tools/target/test-dir/MiniOzoneClusterImpl-40b1a39e-a15e-4017-a8bd-88793379a06c/datanode-4/data/ratis] (custom)
2019-09-20 08:31:31,628 [pool-71-thread-1] INFO  storage.RaftStorageDirectory (RaftStorageDirectory.java:analyzeStorage(246)) - The storage directory /workdir/hadoop-ozone/tools/target/test-dir/MiniOzoneClusterImpl-40b1a39e-a15e-4017-a8bd-88793379a06c/datanode-4/data/ratis/e4e6b45a-8f85-47e5-b5b4-352c085d2b19 does not exist. Creating ...
2019-09-20 08:31:31,640 [pool-71-thread-1] INFO  storage.RaftStorageDirectory (RaftStorageDirectory.java:tryLock(328)) - Lock on /workdir/hadoop-ozone/tools/target/test-dir/MiniOzoneClusterImpl-40b1a39e-a15e-4017-a8bd-88793379a06c/datanode-4/data/ratis/e4e6b45a-8f85-47e5-b5b4-352c085d2b19/in_use.lock acquired by nodename 4915@pr-hdds-1569-6tbh6-3362816358
2019-09-20 08:31:31,653 [pool-71-thread-1] INFO  storage.RaftStorage (RaftStorage.java:format(72)) - Storage directory /workdir/hadoop-ozone/tools/target/test-dir/MiniOzoneClusterImpl-40b1a39e-a15e-4017-a8bd-88793379a06c/datanode-4/data/ratis/e4e6b45a-8f85-47e5-b5b4-352c085d2b19 has been successfully formatted.
2019-09-20 08:31:31,653 [pool-71-thread-1] INFO  ratis.ContainerStateMachine (ContainerStateMachine.java:loadSnapshot(226)) - group-352C085D2B19: The snapshot info is null. Setting the last applied indexto:(t:0, i:~)
2019-09-20 08:31:31,653 [pool-71-thread-1] INFO  server.RaftServerConfigKeys (ConfUtils.java:logGet(43)) - raft.server.leader.election.timeout = 120s (custom)
2019-09-20 08:31:31,654 [pool-71-thread-1] INFO  server.RaftServerConfigKeys (ConfUtils.java:logGet(43)) - raft.server.log.use.memory = false (default)
2019-09-20 08:31:31,654 [pool-71-thread-1] INFO  server.RaftServerConfigKeys (ConfUtils.java:logGet(43)) - raft.server.log.purge.gap = 1000000 (custom)
2019-09-20 08:31:31,654 [pool-71-thread-1] INFO  server.RaftServerConfigKeys (ConfUtils.java:logGet(43)) - raft.server.log.appender.buffer.byte-limit = 33554432 (custom)
2019-09-20 08:31:31,654 [pool-71-thread-1] INFO  server.RaftServerConfigKeys (ConfUtils.java:logGet(43)) - raft.server.log.segment.size.max = 1048576 (custom)
2019-09-20 08:31:31,654 [pool-71-thread-1] INFO  server.RaftServerConfigKeys (ConfUtils.java:logGet(43)) - raft.server.log.segment.cache.num.max = 2 (custom)
2019-09-20 08:31:31,654 [pool-71-thread-1] INFO  segmented.SegmentedRaftLogWorker (SegmentedRaftLogWorker.java:<init>(172)) - new 7afa6414-ef24-48ad-8f55-8b19d11f4e72-SegmentedRaftLogWorker:Storage Directory /workdir/hadoop-ozone/tools/target/test-dir/MiniOzoneClusterImpl-40b1a39e-a15e-4017-a8bd-88793379a06c/datanode-4/data/ratis/e4e6b45a-8f85-47e5-b5b4-352c085d2b19 for RaftStorage:Storage Directory /workdir/hadoop-ozone/tools/target/test-dir/MiniOzoneClusterImpl-40b1a39e-a15e-4017-a8bd-88793379a06c/datanode-4/data/ratis/e4e6b45a-8f85-47e5-b5b4-352c085d2b19
2019-09-20 08:31:31,654 [pool-71-thread-1] INFO  server.RaftServerConfigKeys (ConfUtils.java:logGet(43)) - raft.server.log.queue.byte-limit = 2147483647 (custom)
2019-09-20 08:31:31,655 [pool-71-thread-1] INFO  server.RaftServerConfigKeys (ConfUtils.java:logGet(43)) - raft.server.log.queue.element-limit = 1024 (custom)
2019-09-20 08:31:31,655 [pool-71-thread-1] INFO  server.RaftServerConfigKeys (ConfUtils.java:logGet(43)) - raft.server.log.segment.size.max = 1048576 (custom)
2019-09-20 08:31:31,655 [pool-71-thread-1] INFO  server.RaftServerConfigKeys (ConfUtils.java:logGet(43)) - raft.server.log.preallocated.size = 16384 (custom)
2019-09-20 08:31:31,655 [pool-71-thread-1] INFO  server.RaftServerConfigKeys (ConfUtils.java:logGet(43)) - raft.server.log.write.buffer.size = 33554432 (custom)
2019-09-20 08:31:31,655 [pool-71-thread-1] INFO  server.RaftServerConfigKeys (ConfUtils.java:logGet(43)) - raft.server.log.force.sync.num = 128 (default)
2019-09-20 08:31:31,655 [pool-71-thread-1] INFO  server.RaftServerConfigKeys (ConfUtils.java:logGet(43)) - raft.server.log.statemachine.data.sync = true (default)
2019-09-20 08:31:31,656 [pool-71-thread-1] INFO  server.RaftServerConfigKeys (ConfUtils.java:logGet(43)) - raft.server.log.statemachine.data.sync.timeout = 10s (default)
2019-09-20 08:31:31,656 [pool-71-thread-1] INFO  server.RaftServerConfigKeys (ConfUtils.java:logGet(43)) - raft.server.log.statemachine.data.sync.timeout.retry = -1 (default)
2019-09-20 08:31:31,656 [pool-71-thread-1] INFO  server.RaftServerConfigKeys (ConfUtils.java:logGet(43)) - raft.server.log.statemachine.data.caching.enabled = true (custom)
2019-09-20 08:31:31,656 [pool-71-thread-1] INFO  segmented.SegmentedRaftLogWorker (SegmentedRaftLogWorker.java:lambda$new$0(132)) - 7afa6414-ef24-48ad-8f55-8b19d11f4e72-SegmentedRaftLogWorker:Storage Directory /workdir/hadoop-ozone/tools/target/test-dir/MiniOzoneClusterImpl-40b1a39e-a15e-4017-a8bd-88793379a06c/datanode-4/data/ratis/e4e6b45a-8f85-47e5-b5b4-352c085d2b19: flushIndex: setUnconditionally 0 -> -1
2019-09-20 08:31:31,657 [pool-71-thread-1] INFO  server.RaftServerConfigKeys (ConfUtils.java:logGet(43)) - raft.server.snapshot.auto.trigger.enabled = true (custom)
2019-09-20 08:31:31,657 [pool-71-thread-1] INFO  server.RaftServerConfigKeys (ConfUtils.java:logGet(43)) - raft.server.snapshot.auto.trigger.threshold = 10000 (custom)
2019-09-20 08:31:31,657 [pool-71-thread-1] INFO  server.RaftServerConfigKeys (ConfUtils.java:logGet(43)) - raft.server.retrycache.expirytime = 600000ms (custom)
2019-09-20 08:31:31,657 [pool-71-thread-1] INFO  impl.RaftServerImpl (RaftServerImpl.java:start(180)) - 7afa6414-ef24-48ad-8f55-8b19d11f4e72: start group-352C085D2B19
2019-09-20 08:31:31,657 [pool-71-thread-1] INFO  impl.RaftServerImpl (RaftServerImpl.java:setRole(171)) - 7afa6414-ef24-48ad-8f55-8b19d11f4e72:group-352C085D2B19 changes role from null to FOLLOWER at term 0 for startAsFollower
2019-09-20 08:31:31,658 [pool-71-thread-1] INFO  impl.RoleInfo (RoleInfo.java:updateAndGet(143)) - 7afa6414-ef24-48ad-8f55-8b19d11f4e72: start FollowerState
2019-09-20 08:31:31,658 [pool-71-thread-1] INFO  util.JmxRegister (JmxRegister.java:tryRegister(44)) - Successfully registered JMX Bean with object name Ratis:service=RaftServer,group=group-352C085D2B19,id=7afa6414-ef24-48ad-8f55-8b19d11f4e72
2019-09-20 08:31:31,662 [RatisPipelineUtilsThread] INFO  pipeline.PipelineStateManager (PipelineStateManager.java:addPipeline(56)) - Created pipeline Pipeline[ Id: e4e6b45a-8f85-47e5-b5b4-352c085d2b19, Nodes: 7afa6414-ef24-48ad-8f55-8b19d11f4e72{ip: 192.168.34.27, host: pr-hdds-1569-6tbh6-3362816358, networkLocation: /default-rack, certSerialId: null}, Type:RATIS, Factor:ONE, State:OPEN]
2019-09-20 08:31:31,664 [RatisPipelineUtilsThread] INFO  pipeline.PipelinePlacementPolicy (PipelinePlacementPolicy.java:meetCriteria(91)) - Pipeline Placement: Doesn't meet the criteria to be viable node： 0e595721-d597-45e8-8ba1-cb4ebc325b8e Heaviness: 6 limit: 5
2019-09-20 08:31:31,664 [RatisPipelineUtilsThread] INFO  pipeline.PipelinePlacementPolicy (PipelinePlacementPolicy.java:meetCriteria(91)) - Pipeline Placement: Doesn't meet the criteria to be viable node： 7372e003-60de-4928-9031-10c7db72eb74 Heaviness: 6 limit: 5
2019-09-20 08:31:31,664 [RatisPipelineUtilsThread] INFO  pipeline.PipelinePlacementPolicy (PipelinePlacementPolicy.java:meetCriteria(91)) - Pipeline Placement: Doesn't meet the criteria to be viable node： f0fc55a7-6908-4f04-ad18-9919b4d1166c Heaviness: 6 limit: 5
2019-09-20 08:31:31,665 [RatisPipelineUtilsThread] INFO  pipeline.PipelinePlacementPolicy (PipelinePlacementPolicy.java:meetCriteria(91)) - Pipeline Placement: Doesn't meet the criteria to be viable node： b1d6c399-222b-48d2-8034-ed92e0cf00a0 Heaviness: 6 limit: 5
2019-09-20 08:31:31,674 [grpc-default-executor-0] INFO  impl.RaftServerProxy (RaftServerProxy.java:addNew(89)) - 7afa6414-ef24-48ad-8f55-8b19d11f4e72: addNew group-BD0B0730A988:[7afa6414-ef24-48ad-8f55-8b19d11f4e72:192.168.34.27:33260] returns group-BD0B0730A988:java.util.concurrent.CompletableFuture@76b7c352[Not completed]
2019-09-20 08:31:31,675 [pool-71-thread-1] INFO  impl.RaftServerImpl (RaftServerImpl.java:<init>(93)) - 7afa6414-ef24-48ad-8f55-8b19d11f4e72: new RaftServerImpl for group-BD0B0730A988:[7afa6414-ef24-48ad-8f55-8b19d11f4e72:192.168.34.27:33260] with ContainerStateMachine:uninitialized
2019-09-20 08:31:31,675 [pool-71-thread-1] INFO  server.RaftServerConfigKeys (ConfUtils.java:logGet(43)) - raft.server.rpc.timeout.min = 5s (custom)
2019-09-20 08:31:31,676 [pool-71-thread-1] INFO  server.RaftServerConfigKeys (ConfUtils.java:logGet(43)) - raft.server.rpc.timeout.max = 5200ms (custom)
2019-09-20 08:31:31,676 [pool-71-thread-1] INFO  server.RaftServerConfigKeys (ConfUtils.java:logGet(43)) - raft.server.rpcslowness.timeout = 120s (custom)
2019-09-20 08:31:31,676 [pool-71-thread-1] INFO  server.RaftServerConfigKeys (ConfUtils.java:logGet(43)) - raft.server.sleep.deviation.threshold = 300 (default)
2019-09-20 08:31:31,676 [pool-71-thread-1] INFO  server.RaftServerConfigKeys (ConfUtils.java:logGet(43)) - raft.server.log.appender.install.snapshot.enabled = false (custom)
2019-09-20 08:31:31,676 [pool-71-thread-1] INFO  impl.RaftServerImpl (ServerState.java:<init>(105)) - 7afa6414-ef24-48ad-8f55-8b19d11f4e72:group-BD0B0730A988 ConfigurationManager, init=-1: [7afa6414-ef24-48ad-8f55-8b19d11f4e72:192.168.34.27:33260], old=null, confs=<EMPTY_MAP>
2019-09-20 08:31:31,676 [pool-71-thread-1] INFO  server.RaftServerConfigKeys (ConfUtils.java:logGet(43)) - raft.server.storage.dir = [/workdir/hadoop-ozone/tools/target/test-dir/MiniOzoneClusterImpl-40b1a39e-a15e-4017-a8bd-88793379a06c/datanode-4/data/ratis] (custom)
2019-09-20 08:31:31,677 [pool-71-thread-1] INFO  storage.RaftStorageDirectory (RaftStorageDirectory.java:analyzeStorage(246)) - The storage directory /workdir/hadoop-ozone/tools/target/test-dir/MiniOzoneClusterImpl-40b1a39e-a15e-4017-a8bd-88793379a06c/datanode-4/data/ratis/c0580ce8-9231-472f-83bc-bd0b0730a988 does not exist. Creating ...
2019-09-20 08:31:31,690 [pool-71-thread-1] INFO  storage.RaftStorageDirectory (RaftStorageDirectory.java:tryLock(328)) - Lock on /workdir/hadoop-ozone/tools/target/test-dir/MiniOzoneClusterImpl-40b1a39e-a15e-4017-a8bd-88793379a06c/datanode-4/data/ratis/c0580ce8-9231-472f-83bc-bd0b0730a988/in_use.lock acquired by nodename 4915@pr-hdds-1569-6tbh6-3362816358
2019-09-20 08:31:31,703 [pool-71-thread-1] INFO  storage.RaftStorage (RaftStorage.java:format(72)) - Storage directory /workdir/hadoop-ozone/tools/target/test-dir/MiniOzoneClusterImpl-40b1a39e-a15e-4017-a8bd-88793379a06c/datanode-4/data/ratis/c0580ce8-9231-472f-83bc-bd0b0730a988 has been successfully formatted.
2019-09-20 08:31:31,703 [pool-71-thread-1] INFO  ratis.ContainerStateMachine (ContainerStateMachine.java:loadSnapshot(226)) - group-BD0B0730A988: The snapshot info is null. Setting the last applied indexto:(t:0, i:~)
2019-09-20 08:31:31,703 [pool-71-thread-1] INFO  server.RaftServerConfigKeys (ConfUtils.java:logGet(43)) - raft.server.leader.election.timeout = 120s (custom)
2019-09-20 08:31:31,703 [pool-71-thread-1] INFO  server.RaftServerConfigKeys (ConfUtils.java:logGet(43)) - raft.server.log.use.memory = false (default)
2019-09-20 08:31:31,704 [pool-71-thread-1] INFO  server.RaftServerConfigKeys (ConfUtils.java:logGet(43)) - raft.server.log.purge.gap = 1000000 (custom)
2019-09-20 08:31:31,704 [pool-71-thread-1] INFO  server.RaftServerConfigKeys (ConfUtils.java:logGet(43)) - raft.server.log.appender.buffer.byte-limit = 33554432 (custom)
2019-09-20 08:31:31,704 [pool-71-thread-1] INFO  server.RaftServerConfigKeys (ConfUtils.java:logGet(43)) - raft.server.log.segment.size.max = 1048576 (custom)
2019-09-20 08:31:31,704 [pool-71-thread-1] INFO  server.RaftServerConfigKeys (ConfUtils.java:logGet(43)) - raft.server.log.segment.cache.num.max = 2 (custom)
2019-09-20 08:31:31,704 [pool-71-thread-1] INFO  segmented.SegmentedRaftLogWorker (SegmentedRaftLogWorker.java:<init>(172)) - new 7afa6414-ef24-48ad-8f55-8b19d11f4e72-SegmentedRaftLogWorker:Storage Directory /workdir/hadoop-ozone/tools/target/test-dir/MiniOzoneClusterImpl-40b1a39e-a15e-4017-a8bd-88793379a06c/datanode-4/data/ratis/c0580ce8-9231-472f-83bc-bd0b0730a988 for RaftStorage:Storage Directory /workdir/hadoop-ozone/tools/target/test-dir/MiniOzoneClusterImpl-40b1a39e-a15e-4017-a8bd-88793379a06c/datanode-4/data/ratis/c0580ce8-9231-472f-83bc-bd0b0730a988
2019-09-20 08:31:31,704 [pool-71-thread-1] INFO  server.RaftServerConfigKeys (ConfUtils.java:logGet(43)) - raft.server.log.queue.byte-limit = 2147483647 (custom)
2019-09-20 08:31:31,704 [pool-71-thread-1] INFO  server.RaftServerConfigKeys (ConfUtils.java:logGet(43)) - raft.server.log.queue.element-limit = 1024 (custom)
2019-09-20 08:31:31,705 [pool-71-thread-1] INFO  server.RaftServerConfigKeys (ConfUtils.java:logGet(43)) - raft.server.log.segment.size.max = 1048576 (custom)
2019-09-20 08:31:31,705 [pool-71-thread-1] INFO  server.RaftServerConfigKeys (ConfUtils.java:logGet(43)) - raft.server.log.preallocated.size = 16384 (custom)
2019-09-20 08:31:31,705 [pool-71-thread-1] INFO  server.RaftServerConfigKeys (ConfUtils.java:logGet(43)) - raft.server.log.write.buffer.size = 33554432 (custom)
2019-09-20 08:31:31,705 [pool-71-thread-1] INFO  server.RaftServerConfigKeys (ConfUtils.java:logGet(43)) - raft.server.log.force.sync.num = 128 (default)
2019-09-20 08:31:31,705 [pool-71-thread-1] INFO  server.RaftServerConfigKeys (ConfUtils.java:logGet(43)) - raft.server.log.statemachine.data.sync = true (default)
2019-09-20 08:31:31,705 [pool-71-thread-1] INFO  server.RaftServerConfigKeys (ConfUtils.java:logGet(43)) - raft.server.log.statemachine.data.sync.timeout = 10s (default)
2019-09-20 08:31:31,706 [pool-71-thread-1] INFO  server.RaftServerConfigKeys (ConfUtils.java:logGet(43)) - raft.server.log.statemachine.data.sync.timeout.retry = -1 (default)
2019-09-20 08:31:31,706 [pool-71-thread-1] INFO  server.RaftServerConfigKeys (ConfUtils.java:logGet(43)) - raft.server.log.statemachine.data.caching.enabled = true (custom)
2019-09-20 08:31:31,706 [pool-71-thread-1] INFO  segmented.SegmentedRaftLogWorker (SegmentedRaftLogWorker.java:lambda$new$0(132)) - 7afa6414-ef24-48ad-8f55-8b19d11f4e72-SegmentedRaftLogWorker:Storage Directory /workdir/hadoop-ozone/tools/target/test-dir/MiniOzoneClusterImpl-40b1a39e-a15e-4017-a8bd-88793379a06c/datanode-4/data/ratis/c0580ce8-9231-472f-83bc-bd0b0730a988: flushIndex: setUnconditionally 0 -> -1
2019-09-20 08:31:31,706 [pool-71-thread-1] INFO  server.RaftServerConfigKeys (ConfUtils.java:logGet(43)) - raft.server.snapshot.auto.trigger.enabled = true (custom)
2019-09-20 08:31:31,707 [pool-71-thread-1] INFO  server.RaftServerConfigKeys (ConfUtils.java:logGet(43)) - raft.server.snapshot.auto.trigger.threshold = 10000 (custom)
2019-09-20 08:31:31,707 [pool-71-thread-1] INFO  server.RaftServerConfigKeys (ConfUtils.java:logGet(43)) - raft.server.retrycache.expirytime = 600000ms (custom)
2019-09-20 08:31:31,707 [pool-71-thread-1] INFO  impl.RaftServerImpl (RaftServerImpl.java:start(180)) - 7afa6414-ef24-48ad-8f55-8b19d11f4e72: start group-BD0B0730A988
2019-09-20 08:31:31,707 [pool-71-thread-1] INFO  impl.RaftServerImpl (RaftServerImpl.java:setRole(171)) - 7afa6414-ef24-48ad-8f55-8b19d11f4e72:group-BD0B0730A988 changes role from null to FOLLOWER at term 0 for startAsFollower
2019-09-20 08:31:31,707 [pool-71-thread-1] INFO  impl.RoleInfo (RoleInfo.java:updateAndGet(143)) - 7afa6414-ef24-48ad-8f55-8b19d11f4e72: start FollowerState
2019-09-20 08:31:31,708 [pool-71-thread-1] INFO  util.JmxRegister (JmxRegister.java:tryRegister(44)) - Successfully registered JMX Bean with object name Ratis:service=RaftServer,group=group-BD0B0730A988,id=7afa6414-ef24-48ad-8f55-8b19d11f4e72
2019-09-20 08:31:31,712 [RatisPipelineUtilsThread] INFO  pipeline.PipelineStateManager (PipelineStateManager.java:addPipeline(56)) - Created pipeline Pipeline[ Id: c0580ce8-9231-472f-83bc-bd0b0730a988, Nodes: 7afa6414-ef24-48ad-8f55-8b19d11f4e72{ip: 192.168.34.27, host: pr-hdds-1569-6tbh6-3362816358, networkLocation: /default-rack, certSerialId: null}, Type:RATIS, Factor:ONE, State:OPEN]
2019-09-20 08:31:31,714 [RatisPipelineUtilsThread] INFO  pipeline.PipelinePlacementPolicy (PipelinePlacementPolicy.java:meetCriteria(91)) - Pipeline Placement: Doesn't meet the criteria to be viable node： 0e595721-d597-45e8-8ba1-cb4ebc325b8e Heaviness: 6 limit: 5
2019-09-20 08:31:31,714 [RatisPipelineUtilsThread] INFO  pipeline.PipelinePlacementPolicy (PipelinePlacementPolicy.java:meetCriteria(91)) - Pipeline Placement: Doesn't meet the criteria to be viable node： 7372e003-60de-4928-9031-10c7db72eb74 Heaviness: 6 limit: 5
2019-09-20 08:31:31,714 [RatisPipelineUtilsThread] INFO  pipeline.PipelinePlacementPolicy (PipelinePlacementPolicy.java:meetCriteria(91)) - Pipeline Placement: Doesn't meet the criteria to be viable node： f0fc55a7-6908-4f04-ad18-9919b4d1166c Heaviness: 6 limit: 5
2019-09-20 08:31:31,715 [RatisPipelineUtilsThread] INFO  pipeline.PipelinePlacementPolicy (PipelinePlacementPolicy.java:meetCriteria(91)) - Pipeline Placement: Doesn't meet the criteria to be viable node： b1d6c399-222b-48d2-8034-ed92e0cf00a0 Heaviness: 6 limit: 5
2019-09-20 08:31:31,724 [grpc-default-executor-0] INFO  impl.RaftServerProxy (RaftServerProxy.java:addNew(89)) - 7afa6414-ef24-48ad-8f55-8b19d11f4e72: addNew group-92FE4091CD69:[7afa6414-ef24-48ad-8f55-8b19d11f4e72:192.168.34.27:33260] returns group-92FE4091CD69:java.util.concurrent.CompletableFuture@12242c98[Not completed]
2019-09-20 08:31:31,725 [pool-71-thread-1] INFO  impl.RaftServerImpl (RaftServerImpl.java:<init>(93)) - 7afa6414-ef24-48ad-8f55-8b19d11f4e72: new RaftServerImpl for group-92FE4091CD69:[7afa6414-ef24-48ad-8f55-8b19d11f4e72:192.168.34.27:33260] with ContainerStateMachine:uninitialized
2019-09-20 08:31:31,725 [pool-71-thread-1] INFO  server.RaftServerConfigKeys (ConfUtils.java:logGet(43)) - raft.server.rpc.timeout.min = 5s (custom)
2019-09-20 08:31:31,725 [pool-71-thread-1] INFO  server.RaftServerConfigKeys (ConfUtils.java:logGet(43)) - raft.server.rpc.timeout.max = 5200ms (custom)
2019-09-20 08:31:31,725 [pool-71-thread-1] INFO  server.RaftServerConfigKeys (ConfUtils.java:logGet(43)) - raft.server.rpcslowness.timeout = 120s (custom)
2019-09-20 08:31:31,726 [pool-71-thread-1] INFO  server.RaftServerConfigKeys (ConfUtils.java:logGet(43)) - raft.server.sleep.deviation.threshold = 300 (default)
2019-09-20 08:31:31,726 [pool-71-thread-1] INFO  server.RaftServerConfigKeys (ConfUtils.java:logGet(43)) - raft.server.log.appender.install.snapshot.enabled = false (custom)
2019-09-20 08:31:31,726 [pool-71-thread-1] INFO  impl.RaftServerImpl (ServerState.java:<init>(105)) - 7afa6414-ef24-48ad-8f55-8b19d11f4e72:group-92FE4091CD69 ConfigurationManager, init=-1: [7afa6414-ef24-48ad-8f55-8b19d11f4e72:192.168.34.27:33260], old=null, confs=<EMPTY_MAP>
2019-09-20 08:31:31,726 [pool-71-thread-1] INFO  server.RaftServerConfigKeys (ConfUtils.java:logGet(43)) - raft.server.storage.dir = [/workdir/hadoop-ozone/tools/target/test-dir/MiniOzoneClusterImpl-40b1a39e-a15e-4017-a8bd-88793379a06c/datanode-4/data/ratis] (custom)
2019-09-20 08:31:31,726 [pool-71-thread-1] INFO  storage.RaftStorageDirectory (RaftStorageDirectory.java:analyzeStorage(246)) - The storage directory /workdir/hadoop-ozone/tools/target/test-dir/MiniOzoneClusterImpl-40b1a39e-a15e-4017-a8bd-88793379a06c/datanode-4/data/ratis/ef3feb53-9aef-4eeb-b22c-92fe4091cd69 does not exist. Creating ...
2019-09-20 08:31:31,740 [pool-71-thread-1] INFO  storage.RaftStorageDirectory (RaftStorageDirectory.java:tryLock(328)) - Lock on /workdir/hadoop-ozone/tools/target/test-dir/MiniOzoneClusterImpl-40b1a39e-a15e-4017-a8bd-88793379a06c/datanode-4/data/ratis/ef3feb53-9aef-4eeb-b22c-92fe4091cd69/in_use.lock acquired by nodename 4915@pr-hdds-1569-6tbh6-3362816358
2019-09-20 08:31:31,753 [pool-71-thread-1] INFO  storage.RaftStorage (RaftStorage.java:format(72)) - Storage directory /workdir/hadoop-ozone/tools/target/test-dir/MiniOzoneClusterImpl-40b1a39e-a15e-4017-a8bd-88793379a06c/datanode-4/data/ratis/ef3feb53-9aef-4eeb-b22c-92fe4091cd69 has been successfully formatted.
2019-09-20 08:31:31,753 [pool-71-thread-1] INFO  ratis.ContainerStateMachine (ContainerStateMachine.java:loadSnapshot(226)) - group-92FE4091CD69: The snapshot info is null. Setting the last applied indexto:(t:0, i:~)
2019-09-20 08:31:31,753 [pool-71-thread-1] INFO  server.RaftServerConfigKeys (ConfUtils.java:logGet(43)) - raft.server.leader.election.timeout = 120s (custom)
2019-09-20 08:31:31,754 [pool-71-thread-1] INFO  server.RaftServerConfigKeys (ConfUtils.java:logGet(43)) - raft.server.log.use.memory = false (default)
2019-09-20 08:31:31,754 [pool-71-thread-1] INFO  server.RaftServerConfigKeys (ConfUtils.java:logGet(43)) - raft.server.log.purge.gap = 1000000 (custom)
2019-09-20 08:31:31,754 [pool-71-thread-1] INFO  server.RaftServerConfigKeys (ConfUtils.java:logGet(43)) - raft.server.log.appender.buffer.byte-limit = 33554432 (custom)
2019-09-20 08:31:31,754 [pool-71-thread-1] INFO  server.RaftServerConfigKeys (ConfUtils.java:logGet(43)) - raft.server.log.segment.size.max = 1048576 (custom)
2019-09-20 08:31:31,754 [pool-71-thread-1] INFO  server.RaftServerConfigKeys (ConfUtils.java:logGet(43)) - raft.server.log.segment.cache.num.max = 2 (custom)
2019-09-20 08:31:31,754 [pool-71-thread-1] INFO  segmented.SegmentedRaftLogWorker (SegmentedRaftLogWorker.java:<init>(172)) - new 7afa6414-ef24-48ad-8f55-8b19d11f4e72-SegmentedRaftLogWorker:Storage Directory /workdir/hadoop-ozone/tools/target/test-dir/MiniOzoneClusterImpl-40b1a39e-a15e-4017-a8bd-88793379a06c/datanode-4/data/ratis/ef3feb53-9aef-4eeb-b22c-92fe4091cd69 for RaftStorage:Storage Directory /workdir/hadoop-ozone/tools/target/test-dir/MiniOzoneClusterImpl-40b1a39e-a15e-4017-a8bd-88793379a06c/datanode-4/data/ratis/ef3feb53-9aef-4eeb-b22c-92fe4091cd69
2019-09-20 08:31:31,754 [pool-71-thread-1] INFO  server.RaftServerConfigKeys (ConfUtils.java:logGet(43)) - raft.server.log.queue.byte-limit = 2147483647 (custom)
2019-09-20 08:31:31,755 [pool-71-thread-1] INFO  server.RaftServerConfigKeys (ConfUtils.java:logGet(43)) - raft.server.log.queue.element-limit = 1024 (custom)
2019-09-20 08:31:31,755 [pool-71-thread-1] INFO  server.RaftServerConfigKeys (ConfUtils.java:logGet(43)) - raft.server.log.segment.size.max = 1048576 (custom)
2019-09-20 08:31:31,755 [pool-71-thread-1] INFO  server.RaftServerConfigKeys (ConfUtils.java:logGet(43)) - raft.server.log.preallocated.size = 16384 (custom)
2019-09-20 08:31:31,755 [pool-71-thread-1] INFO  server.RaftServerConfigKeys (ConfUtils.java:logGet(43)) - raft.server.log.write.buffer.size = 33554432 (custom)
2019-09-20 08:31:31,755 [pool-71-thread-1] INFO  server.RaftServerConfigKeys (ConfUtils.java:logGet(43)) - raft.server.log.force.sync.num = 128 (default)
2019-09-20 08:31:31,755 [pool-71-thread-1] INFO  server.RaftServerConfigKeys (ConfUtils.java:logGet(43)) - raft.server.log.statemachine.data.sync = true (default)
2019-09-20 08:31:31,756 [pool-71-thread-1] INFO  server.RaftServerConfigKeys (ConfUtils.java:logGet(43)) - raft.server.log.statemachine.data.sync.timeout = 10s (default)
2019-09-20 08:31:31,756 [pool-71-thread-1] INFO  server.RaftServerConfigKeys (ConfUtils.java:logGet(43)) - raft.server.log.statemachine.data.sync.timeout.retry = -1 (default)
2019-09-20 08:31:31,756 [pool-71-thread-1] INFO  server.RaftServerConfigKeys (ConfUtils.java:logGet(43)) - raft.server.log.statemachine.data.caching.enabled = true (custom)
2019-09-20 08:31:31,756 [pool-71-thread-1] INFO  segmented.SegmentedRaftLogWorker (SegmentedRaftLogWorker.java:lambda$new$0(132)) - 7afa6414-ef24-48ad-8f55-8b19d11f4e72-SegmentedRaftLogWorker:Storage Directory /workdir/hadoop-ozone/tools/target/test-dir/MiniOzoneClusterImpl-40b1a39e-a15e-4017-a8bd-88793379a06c/datanode-4/data/ratis/ef3feb53-9aef-4eeb-b22c-92fe4091cd69: flushIndex: setUnconditionally 0 -> -1
2019-09-20 08:31:31,757 [pool-71-thread-1] INFO  server.RaftServerConfigKeys (ConfUtils.java:logGet(43)) - raft.server.snapshot.auto.trigger.enabled = true (custom)
2019-09-20 08:31:31,757 [pool-71-thread-1] INFO  server.RaftServerConfigKeys (ConfUtils.java:logGet(43)) - raft.server.snapshot.auto.trigger.threshold = 10000 (custom)
2019-09-20 08:31:31,757 [pool-71-thread-1] INFO  server.RaftServerConfigKeys (ConfUtils.java:logGet(43)) - raft.server.retrycache.expirytime = 600000ms (custom)
2019-09-20 08:31:31,757 [pool-71-thread-1] INFO  impl.RaftServerImpl (RaftServerImpl.java:start(180)) - 7afa6414-ef24-48ad-8f55-8b19d11f4e72: start group-92FE4091CD69
2019-09-20 08:31:31,757 [pool-71-thread-1] INFO  impl.RaftServerImpl (RaftServerImpl.java:setRole(171)) - 7afa6414-ef24-48ad-8f55-8b19d11f4e72:group-92FE4091CD69 changes role from null to FOLLOWER at term 0 for startAsFollower
2019-09-20 08:31:31,758 [pool-71-thread-1] INFO  impl.RoleInfo (RoleInfo.java:updateAndGet(143)) - 7afa6414-ef24-48ad-8f55-8b19d11f4e72: start FollowerState
2019-09-20 08:31:31,758 [pool-71-thread-1] INFO  util.JmxRegister (JmxRegister.java:tryRegister(44)) - Successfully registered JMX Bean with object name Ratis:service=RaftServer,group=group-92FE4091CD69,id=7afa6414-ef24-48ad-8f55-8b19d11f4e72
2019-09-20 08:31:31,763 [RatisPipelineUtilsThread] INFO  pipeline.PipelineStateManager (PipelineStateManager.java:addPipeline(56)) - Created pipeline Pipeline[ Id: ef3feb53-9aef-4eeb-b22c-92fe4091cd69, Nodes: 7afa6414-ef24-48ad-8f55-8b19d11f4e72{ip: 192.168.34.27, host: pr-hdds-1569-6tbh6-3362816358, networkLocation: /default-rack, certSerialId: null}, Type:RATIS, Factor:ONE, State:OPEN]
2019-09-20 08:31:31,764 [RatisPipelineUtilsThread] INFO  pipeline.PipelinePlacementPolicy (PipelinePlacementPolicy.java:meetCriteria(91)) - Pipeline Placement: Doesn't meet the criteria to be viable node： 0e595721-d597-45e8-8ba1-cb4ebc325b8e Heaviness: 6 limit: 5
2019-09-20 08:31:31,764 [RatisPipelineUtilsThread] INFO  pipeline.PipelinePlacementPolicy (PipelinePlacementPolicy.java:meetCriteria(91)) - Pipeline Placement: Doesn't meet the criteria to be viable node： 7afa6414-ef24-48ad-8f55-8b19d11f4e72 Heaviness: 6 limit: 5
2019-09-20 08:31:31,765 [RatisPipelineUtilsThread] INFO  pipeline.PipelinePlacementPolicy (PipelinePlacementPolicy.java:meetCriteria(91)) - Pipeline Placement: Doesn't meet the criteria to be viable node： 7372e003-60de-4928-9031-10c7db72eb74 Heaviness: 6 limit: 5
2019-09-20 08:31:31,765 [RatisPipelineUtilsThread] INFO  pipeline.PipelinePlacementPolicy (PipelinePlacementPolicy.java:meetCriteria(91)) - Pipeline Placement: Doesn't meet the criteria to be viable node： f0fc55a7-6908-4f04-ad18-9919b4d1166c Heaviness: 6 limit: 5
2019-09-20 08:31:31,765 [RatisPipelineUtilsThread] INFO  pipeline.PipelinePlacementPolicy (PipelinePlacementPolicy.java:meetCriteria(91)) - Pipeline Placement: Doesn't meet the criteria to be viable node： b1d6c399-222b-48d2-8034-ed92e0cf00a0 Heaviness: 6 limit: 5
2019-09-20 08:31:31,765 [RatisPipelineUtilsThread] ERROR pipeline.PipelinePlacementPolicy (PipelinePlacementPolicy.java:filterViableNodes(148)) - Unable to find enough nodes that meet the criteria that cannot engage in more than 5 pipelines. Nodes required: 1 Found: 0, healthy nodes count inNodeManager: 5.
2019-09-20 08:31:31,767 [RatisPipelineUtilsThread] ERROR pipeline.SCMPipelineManager (SCMPipelineManager.java:createPipeline(161)) - Pipeline creation failed due to exception: Unable to find enough nodes that meet the criteria that cannot engage in more than 5 pipelines. Nodes required: 1 Found: 0, healthy nodes count inNodeManager: 5.
2019-09-20 08:31:31,767 [RatisPipelineUtilsThread] INFO  pipeline.PipelinePlacementPolicy (PipelinePlacementPolicy.java:meetCriteria(91)) - Pipeline Placement: Doesn't meet the criteria to be viable node： 0e595721-d597-45e8-8ba1-cb4ebc325b8e Heaviness: 6 limit: 5
2019-09-20 08:31:31,767 [RatisPipelineUtilsThread] INFO  pipeline.PipelinePlacementPolicy (PipelinePlacementPolicy.java:meetCriteria(91)) - Pipeline Placement: Doesn't meet the criteria to be viable node： 7afa6414-ef24-48ad-8f55-8b19d11f4e72 Heaviness: 6 limit: 5
2019-09-20 08:31:31,767 [RatisPipelineUtilsThread] INFO  pipeline.PipelinePlacementPolicy (PipelinePlacementPolicy.java:meetCriteria(91)) - Pipeline Placement: Doesn't meet the criteria to be viable node： 7372e003-60de-4928-9031-10c7db72eb74 Heaviness: 6 limit: 5
2019-09-20 08:31:31,767 [RatisPipelineUtilsThread] INFO  pipeline.PipelinePlacementPolicy (PipelinePlacementPolicy.java:meetCriteria(91)) - Pipeline Placement: Doesn't meet the criteria to be viable node： f0fc55a7-6908-4f04-ad18-9919b4d1166c Heaviness: 6 limit: 5
2019-09-20 08:31:31,768 [RatisPipelineUtilsThread] INFO  pipeline.PipelinePlacementPolicy (PipelinePlacementPolicy.java:meetCriteria(91)) - Pipeline Placement: Doesn't meet the criteria to be viable node： b1d6c399-222b-48d2-8034-ed92e0cf00a0 Heaviness: 6 limit: 5
2019-09-20 08:31:31,768 [RatisPipelineUtilsThread] ERROR pipeline.PipelinePlacementPolicy (PipelinePlacementPolicy.java:filterViableNodes(148)) - Unable to find enough nodes that meet the criteria that cannot engage in more than 5 pipelines. Nodes required: 3 Found: 0, healthy nodes count inNodeManager: 5.
2019-09-20 08:31:31,768 [RatisPipelineUtilsThread] ERROR pipeline.SCMPipelineManager (SCMPipelineManager.java:createPipeline(161)) - Pipeline creation failed due to exception: Unable to find enough nodes that meet the criteria that cannot engage in more than 5 pipelines. Nodes required: 3 Found: 0, healthy nodes count inNodeManager: 5.
2019-09-20 08:31:31,776 [RatisPipelineUtilsThread] INFO  pipeline.PipelinePlacementPolicy (PipelinePlacementPolicy.java:meetCriteria(91)) - Pipeline Placement: Doesn't meet the criteria to be viable node： 0e595721-d597-45e8-8ba1-cb4ebc325b8e Heaviness: 6 limit: 5
2019-09-20 08:31:31,776 [RatisPipelineUtilsThread] INFO  pipeline.PipelinePlacementPolicy (PipelinePlacementPolicy.java:meetCriteria(91)) - Pipeline Placement: Doesn't meet the criteria to be viable node： 7afa6414-ef24-48ad-8f55-8b19d11f4e72 Heaviness: 6 limit: 5
2019-09-20 08:31:31,776 [RatisPipelineUtilsThread] INFO  pipeline.PipelinePlacementPolicy (PipelinePlacementPolicy.java:meetCriteria(91)) - Pipeline Placement: Doesn't meet the criteria to be viable node： 7372e003-60de-4928-9031-10c7db72eb74 Heaviness: 6 limit: 5
2019-09-20 08:31:31,776 [RatisPipelineUtilsThread] INFO  pipeline.PipelinePlacementPolicy (PipelinePlacementPolicy.java:meetCriteria(91)) - Pipeline Placement: Doesn't meet the criteria to be viable node： f0fc55a7-6908-4f04-ad18-9919b4d1166c Heaviness: 6 limit: 5
2019-09-20 08:31:31,776 [RatisPipelineUtilsThread] INFO  pipeline.PipelinePlacementPolicy (PipelinePlacementPolicy.java:meetCriteria(91)) - Pipeline Placement: Doesn't meet the criteria to be viable node： b1d6c399-222b-48d2-8034-ed92e0cf00a0 Heaviness: 6 limit: 5
2019-09-20 08:31:31,776 [RatisPipelineUtilsThread] ERROR pipeline.PipelinePlacementPolicy (PipelinePlacementPolicy.java:filterViableNodes(148)) - Unable to find enough nodes that meet the criteria that cannot engage in more than 5 pipelines. Nodes required: 1 Found: 0, healthy nodes count inNodeManager: 5.
2019-09-20 08:31:31,777 [RatisPipelineUtilsThread] ERROR pipeline.SCMPipelineManager (SCMPipelineManager.java:createPipeline(161)) - Pipeline creation failed due to exception: Unable to find enough nodes that meet the criteria that cannot engage in more than 5 pipelines. Nodes required: 1 Found: 0, healthy nodes count inNodeManager: 5.
2019-09-20 08:31:31,777 [IPC Server handler 0 on 34158] INFO  pipeline.PipelinePlacementPolicy (PipelinePlacementPolicy.java:meetCriteria(91)) - Pipeline Placement: Doesn't meet the criteria to be viable node： 0e595721-d597-45e8-8ba1-cb4ebc325b8e Heaviness: 6 limit: 5
2019-09-20 08:31:31,777 [IPC Server handler 0 on 34158] INFO  pipeline.PipelinePlacementPolicy (PipelinePlacementPolicy.java:meetCriteria(91)) - Pipeline Placement: Doesn't meet the criteria to be viable node： 7afa6414-ef24-48ad-8f55-8b19d11f4e72 Heaviness: 6 limit: 5
2019-09-20 08:31:31,777 [IPC Server handler 0 on 34158] INFO  pipeline.PipelinePlacementPolicy (PipelinePlacementPolicy.java:meetCriteria(91)) - Pipeline Placement: Doesn't meet the criteria to be viable node： 7372e003-60de-4928-9031-10c7db72eb74 Heaviness: 6 limit: 5
2019-09-20 08:31:31,778 [IPC Server handler 0 on 34158] INFO  pipeline.PipelinePlacementPolicy (PipelinePlacementPolicy.java:meetCriteria(91)) - Pipeline Placement: Doesn't meet the criteria to be viable node： f0fc55a7-6908-4f04-ad18-9919b4d1166c Heaviness: 6 limit: 5
2019-09-20 08:31:31,778 [IPC Server handler 0 on 34158] INFO  pipeline.PipelinePlacementPolicy (PipelinePlacementPolicy.java:meetCriteria(91)) - Pipeline Placement: Doesn't meet the criteria to be viable node： b1d6c399-222b-48d2-8034-ed92e0cf00a0 Heaviness: 6 limit: 5
2019-09-20 08:31:31,778 [IPC Server handler 0 on 34158] ERROR pipeline.PipelinePlacementPolicy (PipelinePlacementPolicy.java:filterViableNodes(148)) - Unable to find enough nodes that meet the criteria that cannot engage in more than 5 pipelines. Nodes required: 3 Found: 0, healthy nodes count inNodeManager: 5.
2019-09-20 08:31:31,778 [IPC Server handler 0 on 34158] ERROR pipeline.SCMPipelineManager (SCMPipelineManager.java:createPipeline(161)) - Pipeline creation failed due to exception: Unable to find enough nodes that meet the criteria that cannot engage in more than 5 pipelines. Nodes required: 3 Found: 0, healthy nodes count inNodeManager: 5.
2019-09-20 08:31:31,778 [RatisPipelineUtilsThread] INFO  pipeline.PipelinePlacementPolicy (PipelinePlacementPolicy.java:meetCriteria(91)) - Pipeline Placement: Doesn't meet the criteria to be viable node： 0e595721-d597-45e8-8ba1-cb4ebc325b8e Heaviness: 6 limit: 5
2019-09-20 08:31:31,779 [RatisPipelineUtilsThread] INFO  pipeline.PipelinePlacementPolicy (PipelinePlacementPolicy.java:meetCriteria(91)) - Pipeline Placement: Doesn't meet the criteria to be viable node： 7afa6414-ef24-48ad-8f55-8b19d11f4e72 Heaviness: 6 limit: 5
2019-09-20 08:31:31,779 [RatisPipelineUtilsThread] INFO  pipeline.PipelinePlacementPolicy (PipelinePlacementPolicy.java:meetCriteria(91)) - Pipeline Placement: Doesn't meet the criteria to be viable node： 7372e003-60de-4928-9031-10c7db72eb74 Heaviness: 6 limit: 5
2019-09-20 08:31:31,779 [RatisPipelineUtilsThread] INFO  pipeline.PipelinePlacementPolicy (PipelinePlacementPolicy.java:meetCriteria(91)) - Pipeline Placement: Doesn't meet the criteria to be viable node： f0fc55a7-6908-4f04-ad18-9919b4d1166c Heaviness: 6 limit: 5
2019-09-20 08:31:31,779 [RatisPipelineUtilsThread] INFO  pipeline.PipelinePlacementPolicy (PipelinePlacementPolicy.java:meetCriteria(91)) - Pipeline Placement: Doesn't meet the criteria to be viable node： b1d6c399-222b-48d2-8034-ed92e0cf00a0 Heaviness: 6 limit: 5
2019-09-20 08:31:31,779 [RatisPipelineUtilsThread] ERROR pipeline.PipelinePlacementPolicy (PipelinePlacementPolicy.java:filterViableNodes(148)) - Unable to find enough nodes that meet the criteria that cannot engage in more than 5 pipelines. Nodes required: 3 Found: 0, healthy nodes count inNodeManager: 5.
2019-09-20 08:31:31,779 [IPC Server handler 0 on 34158] WARN  block.BlockManagerImpl (BlockManagerImpl.java:allocateBlock(192)) - Pipeline creation failed for type:RATIS factor:THREE. Retrying get pipelines call once.
org.apache.hadoop.hdds.scm.exceptions.SCMException: Unable to find enough nodes that meet the criteria that cannot engage in more than 5 pipelines. Nodes required: 3 Found: 0, healthy nodes count inNodeManager: 5.
	at org.apache.hadoop.hdds.scm.pipeline.PipelinePlacementPolicy.filterViableNodes(PipelinePlacementPolicy.java:149)
	at org.apache.hadoop.hdds.scm.pipeline.PipelinePlacementPolicy.chooseDatanodes(PipelinePlacementPolicy.java:172)
	at org.apache.hadoop.hdds.scm.pipeline.RatisPipelineProvider.create(RatisPipelineProvider.java:92)
	at org.apache.hadoop.hdds.scm.pipeline.PipelineFactory.create(PipelineFactory.java:57)
	at org.apache.hadoop.hdds.scm.pipeline.SCMPipelineManager.createPipeline(SCMPipelineManager.java:149)
	at org.apache.hadoop.hdds.scm.block.BlockManagerImpl.allocateBlock(BlockManagerImpl.java:190)
	at org.apache.hadoop.hdds.scm.server.SCMBlockProtocolServer.allocateBlock(SCMBlockProtocolServer.java:175)
	at org.apache.hadoop.ozone.protocolPB.ScmBlockLocationProtocolServerSideTranslatorPB.allocateScmBlock(ScmBlockLocationProtocolServerSideTranslatorPB.java:153)
	at org.apache.hadoop.ozone.protocolPB.ScmBlockLocationProtocolServerSideTranslatorPB.send(ScmBlockLocationProtocolServerSideTranslatorPB.java:112)
	at org.apache.hadoop.hdds.protocol.proto.ScmBlockLocationProtocolProtos$ScmBlockLocationProtocolService$2.callBlockingMethod(ScmBlockLocationProtocolProtos.java:13157)
	at org.apache.hadoop.ipc.ProtobufRpcEngine$Server$ProtoBufRpcInvoker.call(ProtobufRpcEngine.java:524)
	at org.apache.hadoop.ipc.RPC$Server.call(RPC.java:1025)
	at org.apache.hadoop.ipc.Server$RpcCall.run(Server.java:876)
	at org.apache.hadoop.ipc.Server$RpcCall.run(Server.java:822)
	at java.security.AccessController.doPrivileged(Native Method)
	at javax.security.auth.Subject.doAs(Subject.java:422)
	at org.apache.hadoop.security.UserGroupInformation.doAs(UserGroupInformation.java:1730)
	at org.apache.hadoop.ipc.Server$Handler.run(Server.java:2682)
2019-09-20 08:31:31,779 [RatisPipelineUtilsThread] ERROR pipeline.SCMPipelineManager (SCMPipelineManager.java:createPipeline(161)) - Pipeline creation failed due to exception: Unable to find enough nodes that meet the criteria that cannot engage in more than 5 pipelines. Nodes required: 3 Found: 0, healthy nodes count inNodeManager: 5.
2019-09-20 08:31:31,782 [IPC Server handler 0 on 34158] INFO  block.BlockManagerImpl (BlockManagerImpl.java:allocateBlock(198)) - Could not find available pipeline of type:RATIS and factor:THREE even after retrying
2019-09-20 08:31:31,782 [IPC Server handler 0 on 34158] ERROR block.BlockManagerImpl (BlockManagerImpl.java:allocateBlock(222)) - Unable to allocate a block for the size: 4194304, type: RATIS, factor: THREE
2019-09-20 08:31:31,782 [IPC Server handler 0 on 34158] INFO  pipeline.PipelinePlacementPolicy (PipelinePlacementPolicy.java:meetCriteria(91)) - Pipeline Placement: Doesn't meet the criteria to be viable node： 0e595721-d597-45e8-8ba1-cb4ebc325b8e Heaviness: 6 limit: 5
2019-09-20 08:31:31,783 [IPC Server handler 0 on 34158] INFO  pipeline.PipelinePlacementPolicy (PipelinePlacementPolicy.java:meetCriteria(91)) - Pipeline Placement: Doesn't meet the criteria to be viable node： 7afa6414-ef24-48ad-8f55-8b19d11f4e72 Heaviness: 6 limit: 5
2019-09-20 08:31:31,783 [IPC Server handler 0 on 34158] INFO  pipeline.PipelinePlacementPolicy (PipelinePlacementPolicy.java:meetCriteria(91)) - Pipeline Placement: Doesn't meet the criteria to be viable node： 7372e003-60de-4928-9031-10c7db72eb74 Heaviness: 6 limit: 5
2019-09-20 08:31:31,783 [IPC Server handler 0 on 34158] INFO  pipeline.PipelinePlacementPolicy (PipelinePlacementPolicy.java:meetCriteria(91)) - Pipeline Placement: Doesn't meet the criteria to be viable node： f0fc55a7-6908-4f04-ad18-9919b4d1166c Heaviness: 6 limit: 5
2019-09-20 08:31:31,783 [IPC Server handler 0 on 34158] INFO  pipeline.PipelinePlacementPolicy (PipelinePlacementPolicy.java:meetCriteria(91)) - Pipeline Placement: Doesn't meet the criteria to be viable node： b1d6c399-222b-48d2-8034-ed92e0cf00a0 Heaviness: 6 limit: 5
2019-09-20 08:31:31,783 [IPC Server handler 0 on 34158] ERROR pipeline.PipelinePlacementPolicy (PipelinePlacementPolicy.java:filterViableNodes(148)) - Unable to find enough nodes that meet the criteria that cannot engage in more than 5 pipelines. Nodes required: 3 Found: 0, healthy nodes count inNodeManager: 5.
2019-09-20 08:31:31,784 [IPC Server handler 0 on 34158] ERROR pipeline.SCMPipelineManager (SCMPipelineManager.java:createPipeline(161)) - Pipeline creation failed due to exception: Unable to find enough nodes that meet the criteria that cannot engage in more than 5 pipelines. Nodes required: 3 Found: 0, healthy nodes count inNodeManager: 5.
2019-09-20 08:31:31,784 [IPC Server handler 0 on 34158] WARN  block.BlockManagerImpl (BlockManagerImpl.java:allocateBlock(192)) - Pipeline creation failed for type:RATIS factor:THREE. Retrying get pipelines call once.
org.apache.hadoop.hdds.scm.exceptions.SCMException: Unable to find enough nodes that meet the criteria that cannot engage in more than 5 pipelines. Nodes required: 3 Found: 0, healthy nodes count inNodeManager: 5.
	at org.apache.hadoop.hdds.scm.pipeline.PipelinePlacementPolicy.filterViableNodes(PipelinePlacementPolicy.java:149)
	at org.apache.hadoop.hdds.scm.pipeline.PipelinePlacementPolicy.chooseDatanodes(PipelinePlacementPolicy.java:172)
	at org.apache.hadoop.hdds.scm.pipeline.RatisPipelineProvider.create(RatisPipelineProvider.java:92)
	at org.apache.hadoop.hdds.scm.pipeline.PipelineFactory.create(PipelineFactory.java:57)
	at org.apache.hadoop.hdds.scm.pipeline.SCMPipelineManager.createPipeline(SCMPipelineManager.java:149)
	at org.apache.hadoop.hdds.scm.block.BlockManagerImpl.allocateBlock(BlockManagerImpl.java:190)
	at org.apache.hadoop.hdds.scm.server.SCMBlockProtocolServer.allocateBlock(SCMBlockProtocolServer.java:175)
	at org.apache.hadoop.ozone.protocolPB.ScmBlockLocationProtocolServerSideTranslatorPB.allocateScmBlock(ScmBlockLocationProtocolServerSideTranslatorPB.java:153)
	at org.apache.hadoop.ozone.protocolPB.ScmBlockLocationProtocolServerSideTranslatorPB.send(ScmBlockLocationProtocolServerSideTranslatorPB.java:112)
	at org.apache.hadoop.hdds.protocol.proto.ScmBlockLocationProtocolProtos$ScmBlockLocationProtocolService$2.callBlockingMethod(ScmBlockLocationProtocolProtos.java:13157)
	at org.apache.hadoop.ipc.ProtobufRpcEngine$Server$ProtoBufRpcInvoker.call(ProtobufRpcEngine.java:524)
	at org.apache.hadoop.ipc.RPC$Server.call(RPC.java:1025)
	at org.apache.hadoop.ipc.Server$RpcCall.run(Server.java:876)
	at org.apache.hadoop.ipc.Server$RpcCall.run(Server.java:822)
	at java.security.AccessController.doPrivileged(Native Method)
	at javax.security.auth.Subject.doAs(Subject.java:422)
	at org.apache.hadoop.security.UserGroupInformation.doAs(UserGroupInformation.java:1730)
	at org.apache.hadoop.ipc.Server$Handler.run(Server.java:2682)
2019-09-20 08:31:31,784 [IPC Server handler 0 on 34158] INFO  block.BlockManagerImpl (BlockManagerImpl.java:allocateBlock(198)) - Could not find available pipeline of type:RATIS and factor:THREE even after retrying
2019-09-20 08:31:31,784 [IPC Server handler 0 on 34158] ERROR block.BlockManagerImpl (BlockManagerImpl.java:allocateBlock(222)) - Unable to allocate a block for the size: 4194304, type: RATIS, factor: THREE
2019-09-20 08:31:31,785 [IPC Server handler 0 on 34158] INFO  pipeline.PipelinePlacementPolicy (PipelinePlacementPolicy.java:meetCriteria(91)) - Pipeline Placement: Doesn't meet the criteria to be viable node： 0e595721-d597-45e8-8ba1-cb4ebc325b8e Heaviness: 6 limit: 5
2019-09-20 08:31:31,785 [IPC Server handler 0 on 34158] INFO  pipeline.PipelinePlacementPolicy (PipelinePlacementPolicy.java:meetCriteria(91)) - Pipeline Placement: Doesn't meet the criteria to be viable node： 7afa6414-ef24-48ad-8f55-8b19d11f4e72 Heaviness: 6 limit: 5
2019-09-20 08:31:31,785 [IPC Server handler 0 on 34158] INFO  pipeline.PipelinePlacementPolicy (PipelinePlacementPolicy.java:meetCriteria(91)) - Pipeline Placement: Doesn't meet the criteria to be viable node： 7372e003-60de-4928-9031-10c7db72eb74 Heaviness: 6 limit: 5
2019-09-20 08:31:31,785 [IPC Server handler 0 on 34158] INFO  pipeline.PipelinePlacementPolicy (PipelinePlacementPolicy.java:meetCriteria(91)) - Pipeline Placement: Doesn't meet the criteria to be viable node： f0fc55a7-6908-4f04-ad18-9919b4d1166c Heaviness: 6 limit: 5
2019-09-20 08:31:31,785 [IPC Server handler 0 on 34158] INFO  pipeline.PipelinePlacementPolicy (PipelinePlacementPolicy.java:meetCriteria(91)) - Pipeline Placement: Doesn't meet the criteria to be viable node： b1d6c399-222b-48d2-8034-ed92e0cf00a0 Heaviness: 6 limit: 5
2019-09-20 08:31:31,786 [IPC Server handler 0 on 34158] ERROR pipeline.PipelinePlacementPolicy (PipelinePlacementPolicy.java:filterViableNodes(148)) - Unable to find enough nodes that meet the criteria that cannot engage in more than 5 pipelines. Nodes required: 3 Found: 0, healthy nodes count inNodeManager: 5.
2019-09-20 08:31:31,786 [IPC Server handler 0 on 34158] ERROR pipeline.SCMPipelineManager (SCMPipelineManager.java:createPipeline(161)) - Pipeline creation failed due to exception: Unable to find enough nodes that meet the criteria that cannot engage in more than 5 pipelines. Nodes required: 3 Found: 0, healthy nodes count inNodeManager: 5.
2019-09-20 08:31:31,786 [IPC Server handler 0 on 34158] WARN  block.BlockManagerImpl (BlockManagerImpl.java:allocateBlock(192)) - Pipeline creation failed for type:RATIS factor:THREE. Retrying get pipelines call once.
org.apache.hadoop.hdds.scm.exceptions.SCMException: Unable to find enough nodes that meet the criteria that cannot engage in more than 5 pipelines. Nodes required: 3 Found: 0, healthy nodes count inNodeManager: 5.
	at org.apache.hadoop.hdds.scm.pipeline.PipelinePlacementPolicy.filterViableNodes(PipelinePlacementPolicy.java:149)
	at org.apache.hadoop.hdds.scm.pipeline.PipelinePlacementPolicy.chooseDatanodes(PipelinePlacementPolicy.java:172)
	at org.apache.hadoop.hdds.scm.pipeline.RatisPipelineProvider.create(RatisPipelineProvider.java:92)
	at org.apache.hadoop.hdds.scm.pipeline.PipelineFactory.create(PipelineFactory.java:57)
	at org.apache.hadoop.hdds.scm.pipeline.SCMPipelineManager.createPipeline(SCMPipelineManager.java:149)
	at org.apache.hadoop.hdds.scm.block.BlockManagerImpl.allocateBlock(BlockManagerImpl.java:190)
	at org.apache.hadoop.hdds.scm.server.SCMBlockProtocolServer.allocateBlock(SCMBlockProtocolServer.java:175)
	at org.apache.hadoop.ozone.protocolPB.ScmBlockLocationProtocolServerSideTranslatorPB.allocateScmBlock(ScmBlockLocationProtocolServerSideTranslatorPB.java:153)
	at org.apache.hadoop.ozone.protocolPB.ScmBlockLocationProtocolServerSideTranslatorPB.send(ScmBlockLocationProtocolServerSideTranslatorPB.java:112)
	at org.apache.hadoop.hdds.protocol.proto.ScmBlockLocationProtocolProtos$ScmBlockLocationProtocolService$2.callBlockingMethod(ScmBlockLocationProtocolProtos.java:13157)
	at org.apache.hadoop.ipc.ProtobufRpcEngine$Server$ProtoBufRpcInvoker.call(ProtobufRpcEngine.java:524)
	at org.apache.hadoop.ipc.RPC$Server.call(RPC.java:1025)
	at org.apache.hadoop.ipc.Server$RpcCall.run(Server.java:876)
	at org.apache.hadoop.ipc.Server$RpcCall.run(Server.java:822)
	at java.security.AccessController.doPrivileged(Native Method)
	at javax.security.auth.Subject.doAs(Subject.java:422)
	at org.apache.hadoop.security.UserGroupInformation.doAs(UserGroupInformation.java:1730)
	at org.apache.hadoop.ipc.Server$Handler.run(Server.java:2682)
2019-09-20 08:31:31,787 [IPC Server handler 0 on 34158] INFO  block.BlockManagerImpl (BlockManagerImpl.java:allocateBlock(198)) - Could not find available pipeline of type:RATIS and factor:THREE even after retrying
2019-09-20 08:31:31,787 [IPC Server handler 0 on 34158] ERROR block.BlockManagerImpl (BlockManagerImpl.java:allocateBlock(222)) - Unable to allocate a block for the size: 4194304, type: RATIS, factor: THREE
2019-09-20 08:31:31,787 [IPC Server handler 0 on 34158] INFO  pipeline.PipelinePlacementPolicy (PipelinePlacementPolicy.java:meetCriteria(91)) - Pipeline Placement: Doesn't meet the criteria to be viable node： 0e595721-d597-45e8-8ba1-cb4ebc325b8e Heaviness: 6 limit: 5
2019-09-20 08:31:31,787 [IPC Server handler 0 on 34158] INFO  pipeline.PipelinePlacementPolicy (PipelinePlacementPolicy.java:meetCriteria(91)) - Pipeline Placement: Doesn't meet the criteria to be viable node： 7afa6414-ef24-48ad-8f55-8b19d11f4e72 Heaviness: 6 limit: 5
2019-09-20 08:31:31,787 [IPC Server handler 0 on 34158] INFO  pipeline.PipelinePlacementPolicy (PipelinePlacementPolicy.java:meetCriteria(91)) - Pipeline Placement: Doesn't meet the criteria to be viable node： 7372e003-60de-4928-9031-10c7db72eb74 Heaviness: 6 limit: 5
2019-09-20 08:31:31,787 [IPC Server handler 0 on 34158] INFO  pipeline.PipelinePlacementPolicy (PipelinePlacementPolicy.java:meetCriteria(91)) - Pipeline Placement: Doesn't meet the criteria to be viable node： f0fc55a7-6908-4f04-ad18-9919b4d1166c Heaviness: 6 limit: 5
2019-09-20 08:31:31,788 [IPC Server handler 0 on 34158] INFO  pipeline.PipelinePlacementPolicy (PipelinePlacementPolicy.java:meetCriteria(91)) - Pipeline Placement: Doesn't meet the criteria to be viable node： b1d6c399-222b-48d2-8034-ed92e0cf00a0 Heaviness: 6 limit: 5
2019-09-20 08:31:31,788 [IPC Server handler 0 on 34158] ERROR pipeline.PipelinePlacementPolicy (PipelinePlacementPolicy.java:filterViableNodes(148)) - Unable to find enough nodes that meet the criteria that cannot engage in more than 5 pipelines. Nodes required: 3 Found: 0, healthy nodes count inNodeManager: 5.
2019-09-20 08:31:31,788 [IPC Server handler 0 on 34158] ERROR pipeline.SCMPipelineManager (SCMPipelineManager.java:createPipeline(161)) - Pipeline creation failed due to exception: Unable to find enough nodes that meet the criteria that cannot engage in more than 5 pipelines. Nodes required: 3 Found: 0, healthy nodes count inNodeManager: 5.
2019-09-20 08:31:31,788 [IPC Server handler 0 on 34158] WARN  block.BlockManagerImpl (BlockManagerImpl.java:allocateBlock(192)) - Pipeline creation failed for type:RATIS factor:THREE. Retrying get pipelines call once.
org.apache.hadoop.hdds.scm.exceptions.SCMException: Unable to find enough nodes that meet the criteria that cannot engage in more than 5 pipelines. Nodes required: 3 Found: 0, healthy nodes count inNodeManager: 5.
	at org.apache.hadoop.hdds.scm.pipeline.PipelinePlacementPolicy.filterViableNodes(PipelinePlacementPolicy.java:149)
	at org.apache.hadoop.hdds.scm.pipeline.PipelinePlacementPolicy.chooseDatanodes(PipelinePlacementPolicy.java:172)
	at org.apache.hadoop.hdds.scm.pipeline.RatisPipelineProvider.create(RatisPipelineProvider.java:92)
	at org.apache.hadoop.hdds.scm.pipeline.PipelineFactory.create(PipelineFactory.java:57)
	at org.apache.hadoop.hdds.scm.pipeline.SCMPipelineManager.createPipeline(SCMPipelineManager.java:149)
	at org.apache.hadoop.hdds.scm.block.BlockManagerImpl.allocateBlock(BlockManagerImpl.java:190)
	at org.apache.hadoop.hdds.scm.server.SCMBlockProtocolServer.allocateBlock(SCMBlockProtocolServer.java:175)
	at org.apache.hadoop.ozone.protocolPB.ScmBlockLocationProtocolServerSideTranslatorPB.allocateScmBlock(ScmBlockLocationProtocolServerSideTranslatorPB.java:153)
	at org.apache.hadoop.ozone.protocolPB.ScmBlockLocationProtocolServerSideTranslatorPB.send(ScmBlockLocationProtocolServerSideTranslatorPB.java:112)
	at org.apache.hadoop.hdds.protocol.proto.ScmBlockLocationProtocolProtos$ScmBlockLocationProtocolService$2.callBlockingMethod(ScmBlockLocationProtocolProtos.java:13157)
	at org.apache.hadoop.ipc.ProtobufRpcEngine$Server$ProtoBufRpcInvoker.call(ProtobufRpcEngine.java:524)
	at org.apache.hadoop.ipc.RPC$Server.call(RPC.java:1025)
	at org.apache.hadoop.ipc.Server$RpcCall.run(Server.java:876)
	at org.apache.hadoop.ipc.Server$RpcCall.run(Server.java:822)
	at java.security.AccessController.doPrivileged(Native Method)
	at javax.security.auth.Subject.doAs(Subject.java:422)
	at org.apache.hadoop.security.UserGroupInformation.doAs(UserGroupInformation.java:1730)
	at org.apache.hadoop.ipc.Server$Handler.run(Server.java:2682)
2019-09-20 08:31:31,789 [IPC Server handler 0 on 34158] INFO  block.BlockManagerImpl (BlockManagerImpl.java:allocateBlock(198)) - Could not find available pipeline of type:RATIS and factor:THREE even after retrying
2019-09-20 08:31:31,789 [IPC Server handler 0 on 34158] ERROR block.BlockManagerImpl (BlockManagerImpl.java:allocateBlock(222)) - Unable to allocate a block for the size: 4194304, type: RATIS, factor: THREE
2019-09-20 08:31:31,789 [IPC Server handler 0 on 34158] INFO  pipeline.PipelinePlacementPolicy (PipelinePlacementPolicy.java:meetCriteria(91)) - Pipeline Placement: Doesn't meet the criteria to be viable node： 0e595721-d597-45e8-8ba1-cb4ebc325b8e Heaviness: 6 limit: 5
2019-09-20 08:31:31,789 [IPC Server handler 0 on 34158] INFO  pipeline.PipelinePlacementPolicy (PipelinePlacementPolicy.java:meetCriteria(91)) - Pipeline Placement: Doesn't meet the criteria to be viable node： 7afa6414-ef24-48ad-8f55-8b19d11f4e72 Heaviness: 6 limit: 5
2019-09-20 08:31:31,789 [IPC Server handler 0 on 34158] INFO  pipeline.PipelinePlacementPolicy (PipelinePlacementPolicy.java:meetCriteria(91)) - Pipeline Placement: Doesn't meet the criteria to be viable node： 7372e003-60de-4928-9031-10c7db72eb74 Heaviness: 6 limit: 5
2019-09-20 08:31:31,790 [IPC Server handler 0 on 34158] INFO  pipeline.PipelinePlacementPolicy (PipelinePlacementPolicy.java:meetCriteria(91)) - Pipeline Placement: Doesn't meet the criteria to be viable node： f0fc55a7-6908-4f04-ad18-9919b4d1166c Heaviness: 6 limit: 5
2019-09-20 08:31:31,790 [IPC Server handler 0 on 34158] INFO  pipeline.PipelinePlacementPolicy (PipelinePlacementPolicy.java:meetCriteria(91)) - Pipeline Placement: Doesn't meet the criteria to be viable node： b1d6c399-222b-48d2-8034-ed92e0cf00a0 Heaviness: 6 limit: 5
2019-09-20 08:31:31,790 [IPC Server handler 0 on 34158] ERROR pipeline.PipelinePlacementPolicy (PipelinePlacementPolicy.java:filterViableNodes(148)) - Unable to find enough nodes that meet the criteria that cannot engage in more than 5 pipelines. Nodes required: 3 Found: 0, healthy nodes count inNodeManager: 5.
2019-09-20 08:31:31,790 [IPC Server handler 0 on 34158] ERROR pipeline.SCMPipelineManager (SCMPipelineManager.java:createPipeline(161)) - Pipeline creation failed due to exception: Unable to find enough nodes that meet the criteria that cannot engage in more than 5 pipelines. Nodes required: 3 Found: 0, healthy nodes count inNodeManager: 5.
2019-09-20 08:31:31,790 [IPC Server handler 0 on 34158] WARN  block.BlockManagerImpl (BlockManagerImpl.java:allocateBlock(192)) - Pipeline creation failed for type:RATIS factor:THREE. Retrying get pipelines call once.
org.apache.hadoop.hdds.scm.exceptions.SCMException: Unable to find enough nodes that meet the criteria that cannot engage in more than 5 pipelines. Nodes required: 3 Found: 0, healthy nodes count inNodeManager: 5.
	at org.apache.hadoop.hdds.scm.pipeline.PipelinePlacementPolicy.filterViableNodes(PipelinePlacementPolicy.java:149)
	at org.apache.hadoop.hdds.scm.pipeline.PipelinePlacementPolicy.chooseDatanodes(PipelinePlacementPolicy.java:172)
	at org.apache.hadoop.hdds.scm.pipeline.RatisPipelineProvider.create(RatisPipelineProvider.java:92)
	at org.apache.hadoop.hdds.scm.pipeline.PipelineFactory.create(PipelineFactory.java:57)
	at org.apache.hadoop.hdds.scm.pipeline.SCMPipelineManager.createPipeline(SCMPipelineManager.java:149)
	at org.apache.hadoop.hdds.scm.block.BlockManagerImpl.allocateBlock(BlockManagerImpl.java:190)
	at org.apache.hadoop.hdds.scm.server.SCMBlockProtocolServer.allocateBlock(SCMBlockProtocolServer.java:175)
	at org.apache.hadoop.ozone.protocolPB.ScmBlockLocationProtocolServerSideTranslatorPB.allocateScmBlock(ScmBlockLocationProtocolServerSideTranslatorPB.java:153)
	at org.apache.hadoop.ozone.protocolPB.ScmBlockLocationProtocolServerSideTranslatorPB.send(ScmBlockLocationProtocolServerSideTranslatorPB.java:112)
	at org.apache.hadoop.hdds.protocol.proto.ScmBlockLocationProtocolProtos$ScmBlockLocationProtocolService$2.callBlockingMethod(ScmBlockLocationProtocolProtos.java:13157)
	at org.apache.hadoop.ipc.ProtobufRpcEngine$Server$ProtoBufRpcInvoker.call(ProtobufRpcEngine.java:524)
	at org.apache.hadoop.ipc.RPC$Server.call(RPC.java:1025)
	at org.apache.hadoop.ipc.Server$RpcCall.run(Server.java:876)
	at org.apache.hadoop.ipc.Server$RpcCall.run(Server.java:822)
	at java.security.AccessController.doPrivileged(Native Method)
	at javax.security.auth.Subject.doAs(Subject.java:422)
	at org.apache.hadoop.security.UserGroupInformation.doAs(UserGroupInformation.java:1730)
	at org.apache.hadoop.ipc.Server$Handler.run(Server.java:2682)
2019-09-20 08:31:31,791 [IPC Server handler 0 on 34158] INFO  block.BlockManagerImpl (BlockManagerImpl.java:allocateBlock(198)) - Could not find available pipeline of type:RATIS and factor:THREE even after retrying
2019-09-20 08:31:31,791 [IPC Server handler 0 on 34158] ERROR block.BlockManagerImpl (BlockManagerImpl.java:allocateBlock(222)) - Unable to allocate a block for the size: 4194304, type: RATIS, factor: THREE
2019-09-20 08:31:31,791 | INFO  | SCMAudit | user=jenkins1000 | ip=192.168.34.27 | op=ALLOCATE_BLOCK {owner=f064f72f-d765-475a-becc-688165e5d83e, size=4194304, type=RATIS, factor=THREE} | ret=SUCCESS |  
2019-09-20 08:31:31,796 | ERROR | OMAudit | user=jenkins1000 | ip=127.0.0.1 | op=ALLOCATE_KEY {volume=vol-0-83691, bucket=bucket-0-61105, key=key-0-57532, dataSize=20971520, replicationType=RATIS, replicationFactor=THREE, keyLocationInfo=null} | ret=FAILURE | org.apache.hadoop.hdds.scm.exceptions.SCMException: Allocated 0 blocks. Requested 5 blocks
	at org.apache.hadoop.hdds.scm.protocolPB.ScmBlockLocationProtocolClientSideTranslatorPB.handleError(ScmBlockLocationProtocolClientSideTranslatorPB.java:118)
	at org.apache.hadoop.hdds.scm.protocolPB.ScmBlockLocationProtocolClientSideTranslatorPB.allocateBlock(ScmBlockLocationProtocolClientSideTranslatorPB.java:156) 
 0.00% |█                                                                                                    |  0/1 Time: 0:00:012019-09-20 08:31:31,800 [pool-78-thread-3] ERROR freon.RandomKeyGenerator (RandomKeyGenerator.java:createKey(724)) - Exception while adding key: key-0-57532 in bucket: bucket-0-61105 of volume: vol-0-83691.
INTERNAL_ERROR org.apache.hadoop.ozone.om.exceptions.OMException: Allocated 0 blocks. Requested 5 blocks
	at org.apache.hadoop.ozone.om.protocolPB.OzoneManagerProtocolClientSideTranslatorPB.handleError(OzoneManagerProtocolClientSideTranslatorPB.java:725)
	at org.apache.hadoop.ozone.om.protocolPB.OzoneManagerProtocolClientSideTranslatorPB.openKey(OzoneManagerProtocolClientSideTranslatorPB.java:716)
	at org.apache.hadoop.ozone.client.rpc.RpcClient.createKey(RpcClient.java:615)
	at org.apache.hadoop.ozone.client.OzoneBucket.createKey(OzoneBucket.java:323)
	at org.apache.hadoop.ozone.freon.RandomKeyGenerator.createKey(RandomKeyGenerator.java:686)
	at org.apache.hadoop.ozone.freon.RandomKeyGenerator.access$1100(RandomKeyGenerator.java:87)
	at org.apache.hadoop.ozone.freon.RandomKeyGenerator$ObjectCreator.run(RandomKeyGenerator.java:606)
	at java.util.concurrent.Executors$RunnableAdapter.call(Executors.java:511)
	at java.util.concurrent.FutureTask.run(FutureTask.java:266)
	at java.util.concurrent.ThreadPoolExecutor.runWorker(ThreadPoolExecutor.java:1149)
	at java.util.concurrent.ThreadPoolExecutor$Worker.run(ThreadPoolExecutor.java:624)
	at java.lang.Thread.run(Thread.java:748)
2019-09-20 08:31:32,181 | INFO  | SCMAudit | user=jenkins1000 | ip=192.168.34.27 | op=SEND_HEARTBEAT {datanodeUUID=7372e003-60de-4928-9031-10c7db72eb74, command=[]} | ret=SUCCESS |  
2019-09-20 08:31:32,181 | INFO  | SCMAudit | user=jenkins1000 | ip=192.168.34.27 | op=SEND_HEARTBEAT {datanodeUUID=0e595721-d597-45e8-8ba1-cb4ebc325b8e, command=[]} | ret=SUCCESS |  
2019-09-20 08:31:32,226 | INFO  | SCMAudit | user=jenkins1000 | ip=192.168.34.27 | op=SEND_HEARTBEAT {datanodeUUID=b1d6c399-222b-48d2-8034-ed92e0cf00a0, command=[]} | ret=SUCCESS |  
2019-09-20 08:31:32,241 | INFO  | SCMAudit | user=jenkins1000 | ip=192.168.34.27 | op=SEND_HEARTBEAT {datanodeUUID=7afa6414-ef24-48ad-8f55-8b19d11f4e72, command=[]} | ret=SUCCESS |  
2019-09-20 08:31:32,506 | INFO  | SCMAudit | user=jenkins1000 | ip=192.168.34.27 | op=SEND_HEARTBEAT {datanodeUUID=f0fc55a7-6908-4f04-ad18-9919b4d1166c, command=[]} | ret=SUCCESS |  
 0.00% |█                                                                                                    |  0/1 Time: 0:00:022019-09-20 08:31:33,182 | INFO  | SCMAudit | user=jenkins1000 | ip=192.168.34.27 | op=SEND_HEARTBEAT {datanodeUUID=0e595721-d597-45e8-8ba1-cb4ebc325b8e, command=[]} | ret=SUCCESS |  
2019-09-20 08:31:33,182 | INFO  | SCMAudit | user=jenkins1000 | ip=192.168.34.27 | op=SEND_HEARTBEAT {datanodeUUID=7372e003-60de-4928-9031-10c7db72eb74, command=[]} | ret=SUCCESS |  
2019-09-20 08:31:33,226 | INFO  | SCMAudit | user=jenkins1000 | ip=192.168.34.27 | op=SEND_HEARTBEAT {datanodeUUID=b1d6c399-222b-48d2-8034-ed92e0cf00a0, command=[]} | ret=SUCCESS |  
2019-09-20 08:31:33,241 | INFO  | SCMAudit | user=jenkins1000 | ip=192.168.34.27 | op=SEND_HEARTBEAT {datanodeUUID=7afa6414-ef24-48ad-8f55-8b19d11f4e72, command=[]} | ret=SUCCESS |  
2019-09-20 08:31:33,507 | INFO  | SCMAudit | user=jenkins1000 | ip=192.168.34.27 | op=SEND_HEARTBEAT {datanodeUUID=f0fc55a7-6908-4f04-ad18-9919b4d1166c, command=[]} | ret=SUCCESS |  
 0.00% |█                                                                                                    |  0/1 Time: 0:00:032019-09-20 08:31:34,180 | INFO  | SCMAudit | user=jenkins1000 | ip=192.168.34.27 | op=SEND_HEARTBEAT {datanodeUUID=0e595721-d597-45e8-8ba1-cb4ebc325b8e, command=[]} | ret=SUCCESS |  
2019-09-20 08:31:34,182 | INFO  | SCMAudit | user=jenkins1000 | ip=192.168.34.27 | op=SEND_HEARTBEAT {datanodeUUID=7372e003-60de-4928-9031-10c7db72eb74, command=[]} | ret=SUCCESS |  
2019-09-20 08:31:34,226 | INFO  | SCMAudit | user=jenkins1000 | ip=192.168.34.27 | op=SEND_HEARTBEAT {datanodeUUID=b1d6c399-222b-48d2-8034-ed92e0cf00a0, command=[]} | ret=SUCCESS |  
2019-09-20 08:31:34,240 | INFO  | SCMAudit | user=jenkins1000 | ip=192.168.34.27 | op=SEND_HEARTBEAT {datanodeUUID=7afa6414-ef24-48ad-8f55-8b19d11f4e72, command=[]} | ret=SUCCESS |  
2019-09-20 08:31:34,517 | INFO  | SCMAudit | user=jenkins1000 | ip=192.168.34.27 | op=SEND_HEARTBEAT {datanodeUUID=f0fc55a7-6908-4f04-ad18-9919b4d1166c, command=[]} | ret=SUCCESS |  
2019-09-20 08:31:34,783 [Thread-212] INFO  impl.FollowerState (FollowerState.java:run(106)) - b1d6c399-222b-48d2-8034-ed92e0cf00a0:group-037E5F47CD3A changes to CANDIDATE, lastRpcTime:5034, electionTimeout:5034ms
2019-09-20 08:31:34,783 [Thread-212] INFO  impl.RoleInfo (RoleInfo.java:shutdownFollowerState(121)) - b1d6c399-222b-48d2-8034-ed92e0cf00a0: shutdown FollowerState
2019-09-20 08:31:34,783 [Thread-212] INFO  impl.RaftServerImpl (RaftServerImpl.java:setRole(171)) - b1d6c399-222b-48d2-8034-ed92e0cf00a0:group-037E5F47CD3A changes role from FOLLOWER to CANDIDATE at term 0 for changeToCandidate
2019-09-20 08:31:34,791 [Thread-212] INFO  impl.RoleInfo (RoleInfo.java:updateAndGet(143)) - b1d6c399-222b-48d2-8034-ed92e0cf00a0: start LeaderElection
 0.00% |█                                                                                                    |  0/1 Time: 0:00:042019-09-20 08:31:34,813 [Thread-209] INFO  impl.FollowerState (FollowerState.java:run(106)) - b1d6c399-222b-48d2-8034-ed92e0cf00a0:group-5C8B57D92CAA changes to CANDIDATE, lastRpcTime:5191, electionTimeout:5190ms
2019-09-20 08:31:34,814 [b1d6c399-222b-48d2-8034-ed92e0cf00a0:group-037E5F47CD3A:LeaderElection1] INFO  impl.LeaderElection (LeaderElection.java:askForVotes(181)) - b1d6c399-222b-48d2-8034-ed92e0cf00a0:group-037E5F47CD3A:LeaderElection1: begin an election at term 1 for -1: [b1d6c399-222b-48d2-8034-ed92e0cf00a0:192.168.34.27:37513], old=null
2019-09-20 08:31:34,814 [Thread-209] INFO  impl.RoleInfo (RoleInfo.java:shutdownFollowerState(121)) - b1d6c399-222b-48d2-8034-ed92e0cf00a0: shutdown FollowerState
2019-09-20 08:31:34,830 [Thread-209] INFO  impl.RaftServerImpl (RaftServerImpl.java:setRole(171)) - b1d6c399-222b-48d2-8034-ed92e0cf00a0:group-5C8B57D92CAA changes role from FOLLOWER to CANDIDATE at term 0 for changeToCandidate
2019-09-20 08:31:34,830 [Thread-209] INFO  impl.RoleInfo (RoleInfo.java:updateAndGet(143)) - b1d6c399-222b-48d2-8034-ed92e0cf00a0: start LeaderElection
2019-09-20 08:31:34,835 [b1d6c399-222b-48d2-8034-ed92e0cf00a0:group-037E5F47CD3A:LeaderElection1] INFO  impl.RoleInfo (RoleInfo.java:shutdownLeaderElection(134)) - b1d6c399-222b-48d2-8034-ed92e0cf00a0: shutdown LeaderElection
2019-09-20 08:31:34,836 [b1d6c399-222b-48d2-8034-ed92e0cf00a0:group-037E5F47CD3A:LeaderElection1] INFO  impl.RaftServerImpl (RaftServerImpl.java:setRole(171)) - b1d6c399-222b-48d2-8034-ed92e0cf00a0:group-037E5F47CD3A changes role from CANDIDATE to LEADER at term 1 for changeToLeader
2019-09-20 08:31:34,837 [b1d6c399-222b-48d2-8034-ed92e0cf00a0:group-037E5F47CD3A:LeaderElection1] INFO  impl.RaftServerImpl (ServerState.java:setLeader(263)) - b1d6c399-222b-48d2-8034-ed92e0cf00a0:group-037E5F47CD3A change Leader from null to b1d6c399-222b-48d2-8034-ed92e0cf00a0 at term 1 for becomeLeader, leader elected after 5096ms
2019-09-20 08:31:34,846 [b1d6c399-222b-48d2-8034-ed92e0cf00a0:group-037E5F47CD3A:LeaderElection1] INFO  server.RaftServerConfigKeys (ConfUtils.java:logGet(43)) - raft.server.staging.catchup.gap = 1000 (default)
2019-09-20 08:31:34,846 [b1d6c399-222b-48d2-8034-ed92e0cf00a0:group-037E5F47CD3A:LeaderElection1] INFO  server.RaftServerConfigKeys (ConfUtils.java:logGet(43)) - raft.server.rpc.sleep.time = 25ms (default)
2019-09-20 08:31:34,847 [b1d6c399-222b-48d2-8034-ed92e0cf00a0:group-5C8B57D92CAA:LeaderElection2] INFO  impl.LeaderElection (LeaderElection.java:askForVotes(181)) - b1d6c399-222b-48d2-8034-ed92e0cf00a0:group-5C8B57D92CAA:LeaderElection2: begin an election at term 1 for -1: [b1d6c399-222b-48d2-8034-ed92e0cf00a0:192.168.34.27:37513], old=null
2019-09-20 08:31:34,848 [b1d6c399-222b-48d2-8034-ed92e0cf00a0:group-5C8B57D92CAA:LeaderElection2] INFO  impl.RoleInfo (RoleInfo.java:shutdownLeaderElection(134)) - b1d6c399-222b-48d2-8034-ed92e0cf00a0: shutdown LeaderElection
2019-09-20 08:31:34,848 [b1d6c399-222b-48d2-8034-ed92e0cf00a0:group-5C8B57D92CAA:LeaderElection2] INFO  impl.RaftServerImpl (RaftServerImpl.java:setRole(171)) - b1d6c399-222b-48d2-8034-ed92e0cf00a0:group-5C8B57D92CAA changes role from CANDIDATE to LEADER at term 1 for changeToLeader
2019-09-20 08:31:34,849 [b1d6c399-222b-48d2-8034-ed92e0cf00a0:group-5C8B57D92CAA:LeaderElection2] INFO  impl.RaftServerImpl (ServerState.java:setLeader(263)) - b1d6c399-222b-48d2-8034-ed92e0cf00a0:group-5C8B57D92CAA change Leader from null to b1d6c399-222b-48d2-8034-ed92e0cf00a0 at term 1 for becomeLeader, leader elected after 5328ms
2019-09-20 08:31:34,849 [b1d6c399-222b-48d2-8034-ed92e0cf00a0:group-5C8B57D92CAA:LeaderElection2] INFO  server.RaftServerConfigKeys (ConfUtils.java:logGet(43)) - raft.server.staging.catchup.gap = 1000 (default)
2019-09-20 08:31:34,849 [b1d6c399-222b-48d2-8034-ed92e0cf00a0:group-5C8B57D92CAA:LeaderElection2] INFO  server.RaftServerConfigKeys (ConfUtils.java:logGet(43)) - raft.server.rpc.sleep.time = 25ms (default)
2019-09-20 08:31:34,851 [b1d6c399-222b-48d2-8034-ed92e0cf00a0:group-037E5F47CD3A:LeaderElection1] INFO  server.RaftServerConfigKeys (ConfUtils.java:logGet(43)) - raft.server.write.element-limit = 4096 (default)
2019-09-20 08:31:34,851 [b1d6c399-222b-48d2-8034-ed92e0cf00a0:group-5C8B57D92CAA:LeaderElection2] INFO  server.RaftServerConfigKeys (ConfUtils.java:logGet(43)) - raft.server.write.element-limit = 4096 (default)
2019-09-20 08:31:34,855 [b1d6c399-222b-48d2-8034-ed92e0cf00a0:group-5C8B57D92CAA:LeaderElection2] INFO  server.RaftServerConfigKeys (ConfUtils.java:logGet(43)) - raft.server.watch.timeout = 10s (default)
2019-09-20 08:31:34,855 [b1d6c399-222b-48d2-8034-ed92e0cf00a0:group-037E5F47CD3A:LeaderElection1] INFO  server.RaftServerConfigKeys (ConfUtils.java:logGet(43)) - raft.server.watch.timeout = 10s (default)
2019-09-20 08:31:34,855 [b1d6c399-222b-48d2-8034-ed92e0cf00a0:group-5C8B57D92CAA:LeaderElection2] INFO  server.RaftServerConfigKeys (ConfUtils.java:logGet(43)) - raft.server.watch.timeout.denomination = 1s (default)
2019-09-20 08:31:34,855 [b1d6c399-222b-48d2-8034-ed92e0cf00a0:group-037E5F47CD3A:LeaderElection1] INFO  server.RaftServerConfigKeys (ConfUtils.java:logGet(43)) - raft.server.watch.timeout.denomination = 1s (default)
2019-09-20 08:31:34,856 [b1d6c399-222b-48d2-8034-ed92e0cf00a0:group-5C8B57D92CAA:LeaderElection2] INFO  server.RaftServerConfigKeys (ConfUtils.java:logGet(43)) - raft.server.watch.element-limit = 65536 (default)
2019-09-20 08:31:34,856 [b1d6c399-222b-48d2-8034-ed92e0cf00a0:group-037E5F47CD3A:LeaderElection1] INFO  server.RaftServerConfigKeys (ConfUtils.java:logGet(43)) - raft.server.watch.element-limit = 65536 (default)
2019-09-20 08:31:34,877 [b1d6c399-222b-48d2-8034-ed92e0cf00a0:group-5C8B57D92CAA:LeaderElection2] INFO  impl.RoleInfo (RoleInfo.java:updateAndGet(143)) - b1d6c399-222b-48d2-8034-ed92e0cf00a0: start LeaderState
2019-09-20 08:31:34,877 [b1d6c399-222b-48d2-8034-ed92e0cf00a0:group-037E5F47CD3A:LeaderElection1] INFO  impl.RoleInfo (RoleInfo.java:updateAndGet(143)) - b1d6c399-222b-48d2-8034-ed92e0cf00a0: start LeaderState
2019-09-20 08:31:34,910 [b1d6c399-222b-48d2-8034-ed92e0cf00a0:group-037E5F47CD3A:LeaderElection1] INFO  segmented.SegmentedRaftLogWorker (SegmentedRaftLogWorker.java:startLogSegment(380)) - b1d6c399-222b-48d2-8034-ed92e0cf00a0-SegmentedRaftLogWorker:Storage Directory /workdir/hadoop-ozone/tools/target/test-dir/MiniOzoneClusterImpl-40b1a39e-a15e-4017-a8bd-88793379a06c/datanode-0/data/ratis/d7576bde-bbf4-4e4c-a412-037e5f47cd3a: Starting segment from index:0
2019-09-20 08:31:34,910 [b1d6c399-222b-48d2-8034-ed92e0cf00a0:group-5C8B57D92CAA:LeaderElection2] INFO  segmented.SegmentedRaftLogWorker (SegmentedRaftLogWorker.java:startLogSegment(380)) - b1d6c399-222b-48d2-8034-ed92e0cf00a0-SegmentedRaftLogWorker:Storage Directory /workdir/hadoop-ozone/tools/target/test-dir/MiniOzoneClusterImpl-40b1a39e-a15e-4017-a8bd-88793379a06c/datanode-0/data/ratis/a9ddc588-b0c2-4aa7-bffc-5c8b57d92caa: Starting segment from index:0
2019-09-20 08:31:34,922 [b1d6c399-222b-48d2-8034-ed92e0cf00a0:group-037E5F47CD3A:LeaderElection1] INFO  impl.RaftServerImpl (ServerState.java:setRaftConf(361)) - b1d6c399-222b-48d2-8034-ed92e0cf00a0:group-037E5F47CD3A set configuration 0: [b1d6c399-222b-48d2-8034-ed92e0cf00a0:192.168.34.27:37513], old=null at 0
2019-09-20 08:31:34,922 [b1d6c399-222b-48d2-8034-ed92e0cf00a0:group-5C8B57D92CAA:LeaderElection2] INFO  impl.RaftServerImpl (ServerState.java:setRaftConf(361)) - b1d6c399-222b-48d2-8034-ed92e0cf00a0:group-5C8B57D92CAA set configuration 0: [b1d6c399-222b-48d2-8034-ed92e0cf00a0:192.168.34.27:37513], old=null at 0
2019-09-20 08:31:34,985 [Thread-218] INFO  impl.FollowerState (FollowerState.java:run(106)) - b1d6c399-222b-48d2-8034-ed92e0cf00a0:group-90A84F8F0A2A changes to CANDIDATE, lastRpcTime:5069, electionTimeout:5069ms
2019-09-20 08:31:34,985 [Thread-218] INFO  impl.RoleInfo (RoleInfo.java:shutdownFollowerState(121)) - b1d6c399-222b-48d2-8034-ed92e0cf00a0: shutdown FollowerState
2019-09-20 08:31:34,985 [Thread-218] INFO  impl.RaftServerImpl (RaftServerImpl.java:setRole(171)) - b1d6c399-222b-48d2-8034-ed92e0cf00a0:group-90A84F8F0A2A changes role from FOLLOWER to CANDIDATE at term 0 for changeToCandidate
2019-09-20 08:31:34,985 [Thread-218] INFO  impl.RoleInfo (RoleInfo.java:updateAndGet(143)) - b1d6c399-222b-48d2-8034-ed92e0cf00a0: start LeaderElection
2019-09-20 08:31:34,997 [Thread-221] INFO  impl.FollowerState (FollowerState.java:run(106)) - b1d6c399-222b-48d2-8034-ed92e0cf00a0:group-39374F45987F changes to CANDIDATE, lastRpcTime:5006, electionTimeout:5006ms
2019-09-20 08:31:34,997 [Thread-221] INFO  impl.RoleInfo (RoleInfo.java:shutdownFollowerState(121)) - b1d6c399-222b-48d2-8034-ed92e0cf00a0: shutdown FollowerState
2019-09-20 08:31:34,997 [Thread-221] INFO  impl.RaftServerImpl (RaftServerImpl.java:setRole(171)) - b1d6c399-222b-48d2-8034-ed92e0cf00a0:group-39374F45987F changes role from FOLLOWER to CANDIDATE at term 0 for changeToCandidate
2019-09-20 08:31:34,997 [Thread-221] INFO  impl.RoleInfo (RoleInfo.java:updateAndGet(143)) - b1d6c399-222b-48d2-8034-ed92e0cf00a0: start LeaderElection
2019-09-20 08:31:35,004 [b1d6c399-222b-48d2-8034-ed92e0cf00a0:group-90A84F8F0A2A:LeaderElection3] INFO  impl.LeaderElection (LeaderElection.java:askForVotes(181)) - b1d6c399-222b-48d2-8034-ed92e0cf00a0:group-90A84F8F0A2A:LeaderElection3: begin an election at term 1 for -1: [b1d6c399-222b-48d2-8034-ed92e0cf00a0:192.168.34.27:37513], old=null
2019-09-20 08:31:35,004 [b1d6c399-222b-48d2-8034-ed92e0cf00a0:group-90A84F8F0A2A:LeaderElection3] INFO  impl.RoleInfo (RoleInfo.java:shutdownLeaderElection(134)) - b1d6c399-222b-48d2-8034-ed92e0cf00a0: shutdown LeaderElection
2019-09-20 08:31:35,004 [b1d6c399-222b-48d2-8034-ed92e0cf00a0:group-90A84F8F0A2A:LeaderElection3] INFO  impl.RaftServerImpl (RaftServerImpl.java:setRole(171)) - b1d6c399-222b-48d2-8034-ed92e0cf00a0:group-90A84F8F0A2A changes role from CANDIDATE to LEADER at term 1 for changeToLeader
2019-09-20 08:31:35,004 [b1d6c399-222b-48d2-8034-ed92e0cf00a0:group-90A84F8F0A2A:LeaderElection3] INFO  impl.RaftServerImpl (ServerState.java:setLeader(263)) - b1d6c399-222b-48d2-8034-ed92e0cf00a0:group-90A84F8F0A2A change Leader from null to b1d6c399-222b-48d2-8034-ed92e0cf00a0 at term 1 for becomeLeader, leader elected after 5094ms
2019-09-20 08:31:35,005 [b1d6c399-222b-48d2-8034-ed92e0cf00a0:group-90A84F8F0A2A:LeaderElection3] INFO  server.RaftServerConfigKeys (ConfUtils.java:logGet(43)) - raft.server.staging.catchup.gap = 1000 (default)
2019-09-20 08:31:35,005 [b1d6c399-222b-48d2-8034-ed92e0cf00a0:group-90A84F8F0A2A:LeaderElection3] INFO  server.RaftServerConfigKeys (ConfUtils.java:logGet(43)) - raft.server.rpc.sleep.time = 25ms (default)
2019-09-20 08:31:35,005 [b1d6c399-222b-48d2-8034-ed92e0cf00a0:group-90A84F8F0A2A:LeaderElection3] INFO  server.RaftServerConfigKeys (ConfUtils.java:logGet(43)) - raft.server.write.element-limit = 4096 (default)
2019-09-20 08:31:35,005 [b1d6c399-222b-48d2-8034-ed92e0cf00a0:group-90A84F8F0A2A:LeaderElection3] INFO  server.RaftServerConfigKeys (ConfUtils.java:logGet(43)) - raft.server.watch.timeout = 10s (default)
2019-09-20 08:31:35,005 [b1d6c399-222b-48d2-8034-ed92e0cf00a0:group-90A84F8F0A2A:LeaderElection3] INFO  server.RaftServerConfigKeys (ConfUtils.java:logGet(43)) - raft.server.watch.timeout.denomination = 1s (default)
2019-09-20 08:31:35,005 [b1d6c399-222b-48d2-8034-ed92e0cf00a0:group-90A84F8F0A2A:LeaderElection3] INFO  server.RaftServerConfigKeys (ConfUtils.java:logGet(43)) - raft.server.watch.element-limit = 65536 (default)
2019-09-20 08:31:35,006 [b1d6c399-222b-48d2-8034-ed92e0cf00a0:group-90A84F8F0A2A:LeaderElection3] INFO  impl.RoleInfo (RoleInfo.java:updateAndGet(143)) - b1d6c399-222b-48d2-8034-ed92e0cf00a0: start LeaderState
2019-09-20 08:31:35,006 [b1d6c399-222b-48d2-8034-ed92e0cf00a0:group-90A84F8F0A2A:LeaderElection3] INFO  segmented.SegmentedRaftLogWorker (SegmentedRaftLogWorker.java:startLogSegment(380)) - b1d6c399-222b-48d2-8034-ed92e0cf00a0-SegmentedRaftLogWorker:Storage Directory /workdir/hadoop-ozone/tools/target/test-dir/MiniOzoneClusterImpl-40b1a39e-a15e-4017-a8bd-88793379a06c/datanode-0/data/ratis/877eb99e-e338-430d-b51f-90a84f8f0a2a: Starting segment from index:0
2019-09-20 08:31:35,006 [b1d6c399-222b-48d2-8034-ed92e0cf00a0:group-39374F45987F:LeaderElection4] INFO  impl.LeaderElection (LeaderElection.java:askForVotes(181)) - b1d6c399-222b-48d2-8034-ed92e0cf00a0:group-39374F45987F:LeaderElection4: begin an election at term 1 for -1: [b1d6c399-222b-48d2-8034-ed92e0cf00a0:192.168.34.27:37513], old=null
2019-09-20 08:31:35,006 [b1d6c399-222b-48d2-8034-ed92e0cf00a0:group-90A84F8F0A2A:LeaderElection3] INFO  impl.RaftServerImpl (ServerState.java:setRaftConf(361)) - b1d6c399-222b-48d2-8034-ed92e0cf00a0:group-90A84F8F0A2A set configuration 0: [b1d6c399-222b-48d2-8034-ed92e0cf00a0:192.168.34.27:37513], old=null at 0
2019-09-20 08:31:35,006 [b1d6c399-222b-48d2-8034-ed92e0cf00a0:group-39374F45987F:LeaderElection4] INFO  impl.RoleInfo (RoleInfo.java:shutdownLeaderElection(134)) - b1d6c399-222b-48d2-8034-ed92e0cf00a0: shutdown LeaderElection
2019-09-20 08:31:35,008 [b1d6c399-222b-48d2-8034-ed92e0cf00a0:group-39374F45987F:LeaderElection4] INFO  impl.RaftServerImpl (RaftServerImpl.java:setRole(171)) - b1d6c399-222b-48d2-8034-ed92e0cf00a0:group-39374F45987F changes role from CANDIDATE to LEADER at term 1 for changeToLeader
2019-09-20 08:31:35,008 [b1d6c399-222b-48d2-8034-ed92e0cf00a0:group-39374F45987F:LeaderElection4] INFO  impl.RaftServerImpl (ServerState.java:setLeader(263)) - b1d6c399-222b-48d2-8034-ed92e0cf00a0:group-39374F45987F change Leader from null to b1d6c399-222b-48d2-8034-ed92e0cf00a0 at term 1 for becomeLeader, leader elected after 5023ms
2019-09-20 08:31:35,009 [b1d6c399-222b-48d2-8034-ed92e0cf00a0:group-39374F45987F:LeaderElection4] INFO  server.RaftServerConfigKeys (ConfUtils.java:logGet(43)) - raft.server.staging.catchup.gap = 1000 (default)
2019-09-20 08:31:35,009 [b1d6c399-222b-48d2-8034-ed92e0cf00a0:group-39374F45987F:LeaderElection4] INFO  server.RaftServerConfigKeys (ConfUtils.java:logGet(43)) - raft.server.rpc.sleep.time = 25ms (default)
2019-09-20 08:31:35,009 [b1d6c399-222b-48d2-8034-ed92e0cf00a0:group-39374F45987F:LeaderElection4] INFO  server.RaftServerConfigKeys (ConfUtils.java:logGet(43)) - raft.server.write.element-limit = 4096 (default)
2019-09-20 08:31:35,009 [b1d6c399-222b-48d2-8034-ed92e0cf00a0:group-39374F45987F:LeaderElection4] INFO  server.RaftServerConfigKeys (ConfUtils.java:logGet(43)) - raft.server.watch.timeout = 10s (default)
2019-09-20 08:31:35,010 [b1d6c399-222b-48d2-8034-ed92e0cf00a0:group-39374F45987F:LeaderElection4] INFO  server.RaftServerConfigKeys (ConfUtils.java:logGet(43)) - raft.server.watch.timeout.denomination = 1s (default)
2019-09-20 08:31:35,010 [b1d6c399-222b-48d2-8034-ed92e0cf00a0:group-39374F45987F:LeaderElection4] INFO  server.RaftServerConfigKeys (ConfUtils.java:logGet(43)) - raft.server.watch.element-limit = 65536 (default)
2019-09-20 08:31:35,010 [b1d6c399-222b-48d2-8034-ed92e0cf00a0:group-39374F45987F:LeaderElection4] INFO  impl.RoleInfo (RoleInfo.java:updateAndGet(143)) - b1d6c399-222b-48d2-8034-ed92e0cf00a0: start LeaderState
2019-09-20 08:31:35,010 [b1d6c399-222b-48d2-8034-ed92e0cf00a0:group-39374F45987F:LeaderElection4] INFO  segmented.SegmentedRaftLogWorker (SegmentedRaftLogWorker.java:startLogSegment(380)) - b1d6c399-222b-48d2-8034-ed92e0cf00a0-SegmentedRaftLogWorker:Storage Directory /workdir/hadoop-ozone/tools/target/test-dir/MiniOzoneClusterImpl-40b1a39e-a15e-4017-a8bd-88793379a06c/datanode-0/data/ratis/cb1247ab-acc1-4c41-9c4a-39374f45987f: Starting segment from index:0
2019-09-20 08:31:35,011 [b1d6c399-222b-48d2-8034-ed92e0cf00a0:group-39374F45987F:LeaderElection4] INFO  impl.RaftServerImpl (ServerState.java:setRaftConf(361)) - b1d6c399-222b-48d2-8034-ed92e0cf00a0:group-39374F45987F set configuration 0: [b1d6c399-222b-48d2-8034-ed92e0cf00a0:192.168.34.27:37513], old=null at 0
2019-09-20 08:31:35,033 [Thread-215] INFO  impl.FollowerState (FollowerState.java:run(106)) - b1d6c399-222b-48d2-8034-ed92e0cf00a0:group-868FA3674980 changes to CANDIDATE, lastRpcTime:5190, electionTimeout:5190ms
2019-09-20 08:31:35,033 [Thread-215] INFO  impl.RoleInfo (RoleInfo.java:shutdownFollowerState(121)) - b1d6c399-222b-48d2-8034-ed92e0cf00a0: shutdown FollowerState
2019-09-20 08:31:35,033 [Thread-215] INFO  impl.RaftServerImpl (RaftServerImpl.java:setRole(171)) - b1d6c399-222b-48d2-8034-ed92e0cf00a0:group-868FA3674980 changes role from FOLLOWER to CANDIDATE at term 0 for changeToCandidate
2019-09-20 08:31:35,033 [Thread-215] INFO  impl.RoleInfo (RoleInfo.java:updateAndGet(143)) - b1d6c399-222b-48d2-8034-ed92e0cf00a0: start LeaderElection
2019-09-20 08:31:35,051 [b1d6c399-222b-48d2-8034-ed92e0cf00a0:group-868FA3674980:LeaderElection5] INFO  impl.LeaderElection (LeaderElection.java:askForVotes(181)) - b1d6c399-222b-48d2-8034-ed92e0cf00a0:group-868FA3674980:LeaderElection5: begin an election at term 1 for -1: [b1d6c399-222b-48d2-8034-ed92e0cf00a0:192.168.34.27:37513], old=null
2019-09-20 08:31:35,051 [b1d6c399-222b-48d2-8034-ed92e0cf00a0:group-868FA3674980:LeaderElection5] INFO  impl.RoleInfo (RoleInfo.java:shutdownLeaderElection(134)) - b1d6c399-222b-48d2-8034-ed92e0cf00a0: shutdown LeaderElection
2019-09-20 08:31:35,051 [b1d6c399-222b-48d2-8034-ed92e0cf00a0:group-868FA3674980:LeaderElection5] INFO  impl.RaftServerImpl (RaftServerImpl.java:setRole(171)) - b1d6c399-222b-48d2-8034-ed92e0cf00a0:group-868FA3674980 changes role from CANDIDATE to LEADER at term 1 for changeToLeader
2019-09-20 08:31:35,052 [b1d6c399-222b-48d2-8034-ed92e0cf00a0:group-868FA3674980:LeaderElection5] INFO  impl.RaftServerImpl (ServerState.java:setLeader(263)) - b1d6c399-222b-48d2-8034-ed92e0cf00a0:group-868FA3674980 change Leader from null to b1d6c399-222b-48d2-8034-ed92e0cf00a0 at term 1 for becomeLeader, leader elected after 5214ms
2019-09-20 08:31:35,052 [b1d6c399-222b-48d2-8034-ed92e0cf00a0:group-868FA3674980:LeaderElection5] INFO  server.RaftServerConfigKeys (ConfUtils.java:logGet(43)) - raft.server.staging.catchup.gap = 1000 (default)
2019-09-20 08:31:35,052 [b1d6c399-222b-48d2-8034-ed92e0cf00a0:group-868FA3674980:LeaderElection5] INFO  server.RaftServerConfigKeys (ConfUtils.java:logGet(43)) - raft.server.rpc.sleep.time = 25ms (default)
2019-09-20 08:31:35,052 [b1d6c399-222b-48d2-8034-ed92e0cf00a0:group-868FA3674980:LeaderElection5] INFO  server.RaftServerConfigKeys (ConfUtils.java:logGet(43)) - raft.server.write.element-limit = 4096 (default)
2019-09-20 08:31:35,053 [b1d6c399-222b-48d2-8034-ed92e0cf00a0:group-868FA3674980:LeaderElection5] INFO  server.RaftServerConfigKeys (ConfUtils.java:logGet(43)) - raft.server.watch.timeout = 10s (default)
2019-09-20 08:31:35,053 [b1d6c399-222b-48d2-8034-ed92e0cf00a0:group-868FA3674980:LeaderElection5] INFO  server.RaftServerConfigKeys (ConfUtils.java:logGet(43)) - raft.server.watch.timeout.denomination = 1s (default)
2019-09-20 08:31:35,053 [b1d6c399-222b-48d2-8034-ed92e0cf00a0:group-868FA3674980:LeaderElection5] INFO  server.RaftServerConfigKeys (ConfUtils.java:logGet(43)) - raft.server.watch.element-limit = 65536 (default)
2019-09-20 08:31:35,053 [b1d6c399-222b-48d2-8034-ed92e0cf00a0:group-868FA3674980:LeaderElection5] INFO  impl.RoleInfo (RoleInfo.java:updateAndGet(143)) - b1d6c399-222b-48d2-8034-ed92e0cf00a0: start LeaderState
2019-09-20 08:31:35,054 [b1d6c399-222b-48d2-8034-ed92e0cf00a0:group-868FA3674980:LeaderElection5] INFO  segmented.SegmentedRaftLogWorker (SegmentedRaftLogWorker.java:startLogSegment(380)) - b1d6c399-222b-48d2-8034-ed92e0cf00a0-SegmentedRaftLogWorker:Storage Directory /workdir/hadoop-ozone/tools/target/test-dir/MiniOzoneClusterImpl-40b1a39e-a15e-4017-a8bd-88793379a06c/datanode-0/data/ratis/4e8085fc-c502-447c-9b06-868fa3674980: Starting segment from index:0
2019-09-20 08:31:35,054 [b1d6c399-222b-48d2-8034-ed92e0cf00a0:group-868FA3674980:LeaderElection5] INFO  impl.RaftServerImpl (ServerState.java:setRaftConf(361)) - b1d6c399-222b-48d2-8034-ed92e0cf00a0:group-868FA3674980 set configuration 0: [b1d6c399-222b-48d2-8034-ed92e0cf00a0:192.168.34.27:37513], old=null at 0
2019-09-20 08:31:35,118 [b1d6c399-222b-48d2-8034-ed92e0cf00a0-SegmentedRaftLogWorker:Storage Directory /workdir/hadoop-ozone/tools/target/test-dir/MiniOzoneClusterImpl-40b1a39e-a15e-4017-a8bd-88793379a06c/datanode-0/data/ratis/877eb99e-e338-430d-b51f-90a84f8f0a2a] INFO  segmented.SegmentedRaftLogWorker (SegmentedRaftLogWorker.java:execute(569)) - b1d6c399-222b-48d2-8034-ed92e0cf00a0-SegmentedRaftLogWorker:Storage Directory /workdir/hadoop-ozone/tools/target/test-dir/MiniOzoneClusterImpl-40b1a39e-a15e-4017-a8bd-88793379a06c/datanode-0/data/ratis/877eb99e-e338-430d-b51f-90a84f8f0a2a: created new log segment /workdir/hadoop-ozone/tools/target/test-dir/MiniOzoneClusterImpl-40b1a39e-a15e-4017-a8bd-88793379a06c/datanode-0/data/ratis/877eb99e-e338-430d-b51f-90a84f8f0a2a/current/log_inprogress_0
2019-09-20 08:31:35,118 [b1d6c399-222b-48d2-8034-ed92e0cf00a0-SegmentedRaftLogWorker:Storage Directory /workdir/hadoop-ozone/tools/target/test-dir/MiniOzoneClusterImpl-40b1a39e-a15e-4017-a8bd-88793379a06c/datanode-0/data/ratis/cb1247ab-acc1-4c41-9c4a-39374f45987f] INFO  segmented.SegmentedRaftLogWorker (SegmentedRaftLogWorker.java:execute(569)) - b1d6c399-222b-48d2-8034-ed92e0cf00a0-SegmentedRaftLogWorker:Storage Directory /workdir/hadoop-ozone/tools/target/test-dir/MiniOzoneClusterImpl-40b1a39e-a15e-4017-a8bd-88793379a06c/datanode-0/data/ratis/cb1247ab-acc1-4c41-9c4a-39374f45987f: created new log segment /workdir/hadoop-ozone/tools/target/test-dir/MiniOzoneClusterImpl-40b1a39e-a15e-4017-a8bd-88793379a06c/datanode-0/data/ratis/cb1247ab-acc1-4c41-9c4a-39374f45987f/current/log_inprogress_0
2019-09-20 08:31:35,118 [b1d6c399-222b-48d2-8034-ed92e0cf00a0-SegmentedRaftLogWorker:Storage Directory /workdir/hadoop-ozone/tools/target/test-dir/MiniOzoneClusterImpl-40b1a39e-a15e-4017-a8bd-88793379a06c/datanode-0/data/ratis/d7576bde-bbf4-4e4c-a412-037e5f47cd3a] INFO  segmented.SegmentedRaftLogWorker (SegmentedRaftLogWorker.java:execute(569)) - b1d6c399-222b-48d2-8034-ed92e0cf00a0-SegmentedRaftLogWorker:Storage Directory /workdir/hadoop-ozone/tools/target/test-dir/MiniOzoneClusterImpl-40b1a39e-a15e-4017-a8bd-88793379a06c/datanode-0/data/ratis/d7576bde-bbf4-4e4c-a412-037e5f47cd3a: created new log segment /workdir/hadoop-ozone/tools/target/test-dir/MiniOzoneClusterImpl-40b1a39e-a15e-4017-a8bd-88793379a06c/datanode-0/data/ratis/d7576bde-bbf4-4e4c-a412-037e5f47cd3a/current/log_inprogress_0
2019-09-20 08:31:35,118 [b1d6c399-222b-48d2-8034-ed92e0cf00a0-SegmentedRaftLogWorker:Storage Directory /workdir/hadoop-ozone/tools/target/test-dir/MiniOzoneClusterImpl-40b1a39e-a15e-4017-a8bd-88793379a06c/datanode-0/data/ratis/a9ddc588-b0c2-4aa7-bffc-5c8b57d92caa] INFO  segmented.SegmentedRaftLogWorker (SegmentedRaftLogWorker.java:execute(569)) - b1d6c399-222b-48d2-8034-ed92e0cf00a0-SegmentedRaftLogWorker:Storage Directory /workdir/hadoop-ozone/tools/target/test-dir/MiniOzoneClusterImpl-40b1a39e-a15e-4017-a8bd-88793379a06c/datanode-0/data/ratis/a9ddc588-b0c2-4aa7-bffc-5c8b57d92caa: created new log segment /workdir/hadoop-ozone/tools/target/test-dir/MiniOzoneClusterImpl-40b1a39e-a15e-4017-a8bd-88793379a06c/datanode-0/data/ratis/a9ddc588-b0c2-4aa7-bffc-5c8b57d92caa/current/log_inprogress_0
2019-09-20 08:31:35,118 [b1d6c399-222b-48d2-8034-ed92e0cf00a0-SegmentedRaftLogWorker:Storage Directory /workdir/hadoop-ozone/tools/target/test-dir/MiniOzoneClusterImpl-40b1a39e-a15e-4017-a8bd-88793379a06c/datanode-0/data/ratis/4e8085fc-c502-447c-9b06-868fa3674980] INFO  segmented.SegmentedRaftLogWorker (SegmentedRaftLogWorker.java:execute(569)) - b1d6c399-222b-48d2-8034-ed92e0cf00a0-SegmentedRaftLogWorker:Storage Directory /workdir/hadoop-ozone/tools/target/test-dir/MiniOzoneClusterImpl-40b1a39e-a15e-4017-a8bd-88793379a06c/datanode-0/data/ratis/4e8085fc-c502-447c-9b06-868fa3674980: created new log segment /workdir/hadoop-ozone/tools/target/test-dir/MiniOzoneClusterImpl-40b1a39e-a15e-4017-a8bd-88793379a06c/datanode-0/data/ratis/4e8085fc-c502-447c-9b06-868fa3674980/current/log_inprogress_0
2019-09-20 08:31:35,178 | INFO  | SCMAudit | user=jenkins1000 | ip=192.168.34.27 | op=SEND_HEARTBEAT {datanodeUUID=0e595721-d597-45e8-8ba1-cb4ebc325b8e, command=[]} | ret=SUCCESS |  
2019-09-20 08:31:35,182 | INFO  | SCMAudit | user=jenkins1000 | ip=192.168.34.27 | op=SEND_HEARTBEAT {datanodeUUID=7372e003-60de-4928-9031-10c7db72eb74, command=[]} | ret=SUCCESS |  
2019-09-20 08:31:35,214 [Thread-224] INFO  impl.FollowerState (FollowerState.java:run(106)) - 7afa6414-ef24-48ad-8f55-8b19d11f4e72:group-E620FD1FCF6A changes to CANDIDATE, lastRpcTime:5077, electionTimeout:5075ms
2019-09-20 08:31:35,216 [Thread-224] INFO  impl.RoleInfo (RoleInfo.java:shutdownFollowerState(121)) - 7afa6414-ef24-48ad-8f55-8b19d11f4e72: shutdown FollowerState
2019-09-20 08:31:35,216 [Thread-224] INFO  impl.RaftServerImpl (RaftServerImpl.java:setRole(171)) - 7afa6414-ef24-48ad-8f55-8b19d11f4e72:group-E620FD1FCF6A changes role from FOLLOWER to CANDIDATE at term 0 for changeToCandidate
2019-09-20 08:31:35,217 [Thread-224] INFO  impl.RoleInfo (RoleInfo.java:updateAndGet(143)) - 7afa6414-ef24-48ad-8f55-8b19d11f4e72: start LeaderElection
2019-09-20 08:31:35,225 | INFO  | SCMAudit | user=jenkins1000 | ip=192.168.34.27 | op=SEND_HEARTBEAT {datanodeUUID=b1d6c399-222b-48d2-8034-ed92e0cf00a0, command=[]} | ret=SUCCESS |  
2019-09-20 08:31:35,232 [7afa6414-ef24-48ad-8f55-8b19d11f4e72:group-E620FD1FCF6A:LeaderElection6] INFO  impl.LeaderElection (LeaderElection.java:askForVotes(181)) - 7afa6414-ef24-48ad-8f55-8b19d11f4e72:group-E620FD1FCF6A:LeaderElection6: begin an election at term 1 for -1: [7afa6414-ef24-48ad-8f55-8b19d11f4e72:192.168.34.27:33260], old=null
2019-09-20 08:31:35,234 [7afa6414-ef24-48ad-8f55-8b19d11f4e72:group-E620FD1FCF6A:LeaderElection6] INFO  impl.RoleInfo (RoleInfo.java:shutdownLeaderElection(134)) - 7afa6414-ef24-48ad-8f55-8b19d11f4e72: shutdown LeaderElection
2019-09-20 08:31:35,234 [7afa6414-ef24-48ad-8f55-8b19d11f4e72:group-E620FD1FCF6A:LeaderElection6] INFO  impl.RaftServerImpl (RaftServerImpl.java:setRole(171)) - 7afa6414-ef24-48ad-8f55-8b19d11f4e72:group-E620FD1FCF6A changes role from CANDIDATE to LEADER at term 1 for changeToLeader
2019-09-20 08:31:35,234 [7afa6414-ef24-48ad-8f55-8b19d11f4e72:group-E620FD1FCF6A:LeaderElection6] INFO  impl.RaftServerImpl (ServerState.java:setLeader(263)) - 7afa6414-ef24-48ad-8f55-8b19d11f4e72:group-E620FD1FCF6A change Leader from null to 7afa6414-ef24-48ad-8f55-8b19d11f4e72 at term 1 for becomeLeader, leader elected after 5103ms
2019-09-20 08:31:35,236 [7afa6414-ef24-48ad-8f55-8b19d11f4e72:group-E620FD1FCF6A:LeaderElection6] INFO  server.RaftServerConfigKeys (ConfUtils.java:logGet(43)) - raft.server.staging.catchup.gap = 1000 (default)
2019-09-20 08:31:35,236 [7afa6414-ef24-48ad-8f55-8b19d11f4e72:group-E620FD1FCF6A:LeaderElection6] INFO  server.RaftServerConfigKeys (ConfUtils.java:logGet(43)) - raft.server.rpc.sleep.time = 25ms (default)
2019-09-20 08:31:35,236 [7afa6414-ef24-48ad-8f55-8b19d11f4e72:group-E620FD1FCF6A:LeaderElection6] INFO  server.RaftServerConfigKeys (ConfUtils.java:logGet(43)) - raft.server.write.element-limit = 4096 (default)
2019-09-20 08:31:35,236 [7afa6414-ef24-48ad-8f55-8b19d11f4e72:group-E620FD1FCF6A:LeaderElection6] INFO  server.RaftServerConfigKeys (ConfUtils.java:logGet(43)) - raft.server.watch.timeout = 10s (default)
2019-09-20 08:31:35,237 [7afa6414-ef24-48ad-8f55-8b19d11f4e72:group-E620FD1FCF6A:LeaderElection6] INFO  server.RaftServerConfigKeys (ConfUtils.java:logGet(43)) - raft.server.watch.timeout.denomination = 1s (default)
2019-09-20 08:31:35,237 [7afa6414-ef24-48ad-8f55-8b19d11f4e72:group-E620FD1FCF6A:LeaderElection6] INFO  server.RaftServerConfigKeys (ConfUtils.java:logGet(43)) - raft.server.watch.element-limit = 65536 (default)
2019-09-20 08:31:35,237 [7afa6414-ef24-48ad-8f55-8b19d11f4e72:group-E620FD1FCF6A:LeaderElection6] INFO  impl.RoleInfo (RoleInfo.java:updateAndGet(143)) - 7afa6414-ef24-48ad-8f55-8b19d11f4e72: start LeaderState
2019-09-20 08:31:35,238 [7afa6414-ef24-48ad-8f55-8b19d11f4e72:group-E620FD1FCF6A:LeaderElection6] INFO  segmented.SegmentedRaftLogWorker (SegmentedRaftLogWorker.java:startLogSegment(380)) - 7afa6414-ef24-48ad-8f55-8b19d11f4e72-SegmentedRaftLogWorker:Storage Directory /workdir/hadoop-ozone/tools/target/test-dir/MiniOzoneClusterImpl-40b1a39e-a15e-4017-a8bd-88793379a06c/datanode-4/data/ratis/68163b8f-1270-4bcd-a642-e620fd1fcf6a: Starting segment from index:0
2019-09-20 08:31:35,239 [7afa6414-ef24-48ad-8f55-8b19d11f4e72:group-E620FD1FCF6A:LeaderElection6] INFO  impl.RaftServerImpl (ServerState.java:setRaftConf(361)) - 7afa6414-ef24-48ad-8f55-8b19d11f4e72:group-E620FD1FCF6A set configuration 0: [7afa6414-ef24-48ad-8f55-8b19d11f4e72:192.168.34.27:33260], old=null at 0
2019-09-20 08:31:35,280 | INFO  | SCMAudit | user=jenkins1000 | ip=192.168.34.27 | op=SEND_HEARTBEAT {datanodeUUID=7afa6414-ef24-48ad-8f55-8b19d11f4e72, command=[]} | ret=SUCCESS |  
2019-09-20 08:31:35,303 [7afa6414-ef24-48ad-8f55-8b19d11f4e72-SegmentedRaftLogWorker:Storage Directory /workdir/hadoop-ozone/tools/target/test-dir/MiniOzoneClusterImpl-40b1a39e-a15e-4017-a8bd-88793379a06c/datanode-4/data/ratis/68163b8f-1270-4bcd-a642-e620fd1fcf6a] INFO  segmented.SegmentedRaftLogWorker (SegmentedRaftLogWorker.java:execute(569)) - 7afa6414-ef24-48ad-8f55-8b19d11f4e72-SegmentedRaftLogWorker:Storage Directory /workdir/hadoop-ozone/tools/target/test-dir/MiniOzoneClusterImpl-40b1a39e-a15e-4017-a8bd-88793379a06c/datanode-4/data/ratis/68163b8f-1270-4bcd-a642-e620fd1fcf6a: created new log segment /workdir/hadoop-ozone/tools/target/test-dir/MiniOzoneClusterImpl-40b1a39e-a15e-4017-a8bd-88793379a06c/datanode-4/data/ratis/68163b8f-1270-4bcd-a642-e620fd1fcf6a/current/log_inprogress_0
2019-09-20 08:31:35,410 [Thread-230] INFO  impl.FollowerState (FollowerState.java:run(106)) - f0fc55a7-6908-4f04-ad18-9919b4d1166c:group-9979F7C3C4B8 changes to CANDIDATE, lastRpcTime:5096, electionTimeout:5096ms
2019-09-20 08:31:35,410 [Thread-230] INFO  impl.RoleInfo (RoleInfo.java:shutdownFollowerState(121)) - f0fc55a7-6908-4f04-ad18-9919b4d1166c: shutdown FollowerState
2019-09-20 08:31:35,410 [Thread-230] INFO  impl.RaftServerImpl (RaftServerImpl.java:setRole(171)) - f0fc55a7-6908-4f04-ad18-9919b4d1166c:group-9979F7C3C4B8 changes role from FOLLOWER to CANDIDATE at term 0 for changeToCandidate
2019-09-20 08:31:35,411 [Thread-230] INFO  impl.RoleInfo (RoleInfo.java:updateAndGet(143)) - f0fc55a7-6908-4f04-ad18-9919b4d1166c: start LeaderElection
2019-09-20 08:31:35,429 [Thread-227] INFO  impl.FollowerState (FollowerState.java:run(106)) - 0e595721-d597-45e8-8ba1-cb4ebc325b8e:group-FAFC93178425 changes to CANDIDATE, lastRpcTime:5190, electionTimeout:5188ms
2019-09-20 08:31:35,431 [Thread-227] INFO  impl.RoleInfo (RoleInfo.java:shutdownFollowerState(121)) - 0e595721-d597-45e8-8ba1-cb4ebc325b8e: shutdown FollowerState
2019-09-20 08:31:35,431 [f0fc55a7-6908-4f04-ad18-9919b4d1166c:group-9979F7C3C4B8:LeaderElection7] INFO  impl.LeaderElection (LeaderElection.java:askForVotes(181)) - f0fc55a7-6908-4f04-ad18-9919b4d1166c:group-9979F7C3C4B8:LeaderElection7: begin an election at term 1 for -1: [f0fc55a7-6908-4f04-ad18-9919b4d1166c:192.168.34.27:33395], old=null
2019-09-20 08:31:35,431 [Thread-227] INFO  impl.RaftServerImpl (RaftServerImpl.java:setRole(171)) - 0e595721-d597-45e8-8ba1-cb4ebc325b8e:group-FAFC93178425 changes role from FOLLOWER to CANDIDATE at term 0 for changeToCandidate
2019-09-20 08:31:35,431 [f0fc55a7-6908-4f04-ad18-9919b4d1166c:group-9979F7C3C4B8:LeaderElection7] INFO  impl.RoleInfo (RoleInfo.java:shutdownLeaderElection(134)) - f0fc55a7-6908-4f04-ad18-9919b4d1166c: shutdown LeaderElection
2019-09-20 08:31:35,431 [Thread-227] INFO  impl.RoleInfo (RoleInfo.java:updateAndGet(143)) - 0e595721-d597-45e8-8ba1-cb4ebc325b8e: start LeaderElection
2019-09-20 08:31:35,432 [f0fc55a7-6908-4f04-ad18-9919b4d1166c:group-9979F7C3C4B8:LeaderElection7] INFO  impl.RaftServerImpl (RaftServerImpl.java:setRole(171)) - f0fc55a7-6908-4f04-ad18-9919b4d1166c:group-9979F7C3C4B8 changes role from CANDIDATE to LEADER at term 1 for changeToLeader
2019-09-20 08:31:35,432 [f0fc55a7-6908-4f04-ad18-9919b4d1166c:group-9979F7C3C4B8:LeaderElection7] INFO  impl.RaftServerImpl (ServerState.java:setLeader(263)) - f0fc55a7-6908-4f04-ad18-9919b4d1166c:group-9979F7C3C4B8 change Leader from null to f0fc55a7-6908-4f04-ad18-9919b4d1166c at term 1 for becomeLeader, leader elected after 5124ms
2019-09-20 08:31:35,437 [f0fc55a7-6908-4f04-ad18-9919b4d1166c:group-9979F7C3C4B8:LeaderElection7] INFO  server.RaftServerConfigKeys (ConfUtils.java:logGet(43)) - raft.server.staging.catchup.gap = 1000 (default)
2019-09-20 08:31:35,437 [f0fc55a7-6908-4f04-ad18-9919b4d1166c:group-9979F7C3C4B8:LeaderElection7] INFO  server.RaftServerConfigKeys (ConfUtils.java:logGet(43)) - raft.server.rpc.sleep.time = 25ms (default)
2019-09-20 08:31:35,437 [f0fc55a7-6908-4f04-ad18-9919b4d1166c:group-9979F7C3C4B8:LeaderElection7] INFO  server.RaftServerConfigKeys (ConfUtils.java:logGet(43)) - raft.server.write.element-limit = 4096 (default)
2019-09-20 08:31:35,438 [f0fc55a7-6908-4f04-ad18-9919b4d1166c:group-9979F7C3C4B8:LeaderElection7] INFO  server.RaftServerConfigKeys (ConfUtils.java:logGet(43)) - raft.server.watch.timeout = 10s (default)
2019-09-20 08:31:35,438 [f0fc55a7-6908-4f04-ad18-9919b4d1166c:group-9979F7C3C4B8:LeaderElection7] INFO  server.RaftServerConfigKeys (ConfUtils.java:logGet(43)) - raft.server.watch.timeout.denomination = 1s (default)
2019-09-20 08:31:35,438 [f0fc55a7-6908-4f04-ad18-9919b4d1166c:group-9979F7C3C4B8:LeaderElection7] INFO  server.RaftServerConfigKeys (ConfUtils.java:logGet(43)) - raft.server.watch.element-limit = 65536 (default)
2019-09-20 08:31:35,438 [f0fc55a7-6908-4f04-ad18-9919b4d1166c:group-9979F7C3C4B8:LeaderElection7] INFO  impl.RoleInfo (RoleInfo.java:updateAndGet(143)) - f0fc55a7-6908-4f04-ad18-9919b4d1166c: start LeaderState
2019-09-20 08:31:35,439 [f0fc55a7-6908-4f04-ad18-9919b4d1166c:group-9979F7C3C4B8:LeaderElection7] INFO  segmented.SegmentedRaftLogWorker (SegmentedRaftLogWorker.java:startLogSegment(380)) - f0fc55a7-6908-4f04-ad18-9919b4d1166c-SegmentedRaftLogWorker:Storage Directory /workdir/hadoop-ozone/tools/target/test-dir/MiniOzoneClusterImpl-40b1a39e-a15e-4017-a8bd-88793379a06c/datanode-1/data/ratis/a7d05144-355a-48ab-9c4a-9979f7c3c4b8: Starting segment from index:0
2019-09-20 08:31:35,439 [f0fc55a7-6908-4f04-ad18-9919b4d1166c:group-9979F7C3C4B8:LeaderElection7] INFO  impl.RaftServerImpl (ServerState.java:setRaftConf(361)) - f0fc55a7-6908-4f04-ad18-9919b4d1166c:group-9979F7C3C4B8 set configuration 0: [f0fc55a7-6908-4f04-ad18-9919b4d1166c:192.168.34.27:33395], old=null at 0
2019-09-20 08:31:35,482 [0e595721-d597-45e8-8ba1-cb4ebc325b8e:group-FAFC93178425:LeaderElection8] INFO  impl.LeaderElection (LeaderElection.java:askForVotes(181)) - 0e595721-d597-45e8-8ba1-cb4ebc325b8e:group-FAFC93178425:LeaderElection8: begin an election at term 1 for -1: [0e595721-d597-45e8-8ba1-cb4ebc325b8e:192.168.34.27:37759], old=null
2019-09-20 08:31:35,482 [Thread-234] INFO  impl.FollowerState (FollowerState.java:run(106)) - f0fc55a7-6908-4f04-ad18-9919b4d1166c:group-979FA5A6002F changes to CANDIDATE, lastRpcTime:5083, electionTimeout:5053ms
2019-09-20 08:31:35,482 [0e595721-d597-45e8-8ba1-cb4ebc325b8e:group-FAFC93178425:LeaderElection8] INFO  impl.RoleInfo (RoleInfo.java:shutdownLeaderElection(134)) - 0e595721-d597-45e8-8ba1-cb4ebc325b8e: shutdown LeaderElection
2019-09-20 08:31:35,483 [Thread-234] INFO  impl.RoleInfo (RoleInfo.java:shutdownFollowerState(121)) - f0fc55a7-6908-4f04-ad18-9919b4d1166c: shutdown FollowerState
2019-09-20 08:31:35,483 [0e595721-d597-45e8-8ba1-cb4ebc325b8e:group-FAFC93178425:LeaderElection8] INFO  impl.RaftServerImpl (RaftServerImpl.java:setRole(171)) - 0e595721-d597-45e8-8ba1-cb4ebc325b8e:group-FAFC93178425 changes role from CANDIDATE to LEADER at term 1 for changeToLeader
2019-09-20 08:31:35,483 [Thread-234] INFO  impl.RaftServerImpl (RaftServerImpl.java:setRole(171)) - f0fc55a7-6908-4f04-ad18-9919b4d1166c:group-979FA5A6002F changes role from FOLLOWER to CANDIDATE at term 0 for changeToCandidate
2019-09-20 08:31:35,483 [0e595721-d597-45e8-8ba1-cb4ebc325b8e:group-FAFC93178425:LeaderElection8] INFO  impl.RaftServerImpl (ServerState.java:setLeader(263)) - 0e595721-d597-45e8-8ba1-cb4ebc325b8e:group-FAFC93178425 change Leader from null to 0e595721-d597-45e8-8ba1-cb4ebc325b8e at term 1 for becomeLeader, leader elected after 5251ms
2019-09-20 08:31:35,483 [Thread-234] INFO  impl.RoleInfo (RoleInfo.java:updateAndGet(143)) - f0fc55a7-6908-4f04-ad18-9919b4d1166c: start LeaderElection
2019-09-20 08:31:35,485 [0e595721-d597-45e8-8ba1-cb4ebc325b8e:group-FAFC93178425:LeaderElection8] INFO  server.RaftServerConfigKeys (ConfUtils.java:logGet(43)) - raft.server.staging.catchup.gap = 1000 (default)
2019-09-20 08:31:35,486 [0e595721-d597-45e8-8ba1-cb4ebc325b8e:group-FAFC93178425:LeaderElection8] INFO  server.RaftServerConfigKeys (ConfUtils.java:logGet(43)) - raft.server.rpc.sleep.time = 25ms (default)
2019-09-20 08:31:35,491 [0e595721-d597-45e8-8ba1-cb4ebc325b8e:group-FAFC93178425:LeaderElection8] INFO  server.RaftServerConfigKeys (ConfUtils.java:logGet(43)) - raft.server.write.element-limit = 4096 (default)
2019-09-20 08:31:35,492 [0e595721-d597-45e8-8ba1-cb4ebc325b8e:group-FAFC93178425:LeaderElection8] INFO  server.RaftServerConfigKeys (ConfUtils.java:logGet(43)) - raft.server.watch.timeout = 10s (default)
2019-09-20 08:31:35,492 [0e595721-d597-45e8-8ba1-cb4ebc325b8e:group-FAFC93178425:LeaderElection8] INFO  server.RaftServerConfigKeys (ConfUtils.java:logGet(43)) - raft.server.watch.timeout.denomination = 1s (default)
2019-09-20 08:31:35,492 [0e595721-d597-45e8-8ba1-cb4ebc325b8e:group-FAFC93178425:LeaderElection8] INFO  server.RaftServerConfigKeys (ConfUtils.java:logGet(43)) - raft.server.watch.element-limit = 65536 (default)
2019-09-20 08:31:35,492 [0e595721-d597-45e8-8ba1-cb4ebc325b8e:group-FAFC93178425:LeaderElection8] INFO  impl.RoleInfo (RoleInfo.java:updateAndGet(143)) - 0e595721-d597-45e8-8ba1-cb4ebc325b8e: start LeaderState
2019-09-20 08:31:35,493 [0e595721-d597-45e8-8ba1-cb4ebc325b8e:group-FAFC93178425:LeaderElection8] INFO  segmented.SegmentedRaftLogWorker (SegmentedRaftLogWorker.java:startLogSegment(380)) - 0e595721-d597-45e8-8ba1-cb4ebc325b8e-SegmentedRaftLogWorker:Storage Directory /workdir/hadoop-ozone/tools/target/test-dir/MiniOzoneClusterImpl-40b1a39e-a15e-4017-a8bd-88793379a06c/datanode-2/data/ratis/f296d38c-415f-479d-90c6-fafc93178425: Starting segment from index:0
2019-09-20 08:31:35,494 [0e595721-d597-45e8-8ba1-cb4ebc325b8e:group-FAFC93178425:LeaderElection8] INFO  impl.RaftServerImpl (ServerState.java:setRaftConf(361)) - 0e595721-d597-45e8-8ba1-cb4ebc325b8e:group-FAFC93178425 set configuration 0: [0e595721-d597-45e8-8ba1-cb4ebc325b8e:192.168.34.27:37759], old=null at 0
2019-09-20 08:31:35,495 [f0fc55a7-6908-4f04-ad18-9919b4d1166c-SegmentedRaftLogWorker:Storage Directory /workdir/hadoop-ozone/tools/target/test-dir/MiniOzoneClusterImpl-40b1a39e-a15e-4017-a8bd-88793379a06c/datanode-1/data/ratis/a7d05144-355a-48ab-9c4a-9979f7c3c4b8] INFO  segmented.SegmentedRaftLogWorker (SegmentedRaftLogWorker.java:execute(569)) - f0fc55a7-6908-4f04-ad18-9919b4d1166c-SegmentedRaftLogWorker:Storage Directory /workdir/hadoop-ozone/tools/target/test-dir/MiniOzoneClusterImpl-40b1a39e-a15e-4017-a8bd-88793379a06c/datanode-1/data/ratis/a7d05144-355a-48ab-9c4a-9979f7c3c4b8: created new log segment /workdir/hadoop-ozone/tools/target/test-dir/MiniOzoneClusterImpl-40b1a39e-a15e-4017-a8bd-88793379a06c/datanode-1/data/ratis/a7d05144-355a-48ab-9c4a-9979f7c3c4b8/current/log_inprogress_0
2019-09-20 08:31:35,495 [f0fc55a7-6908-4f04-ad18-9919b4d1166c:group-979FA5A6002F:LeaderElection9] INFO  impl.LeaderElection (LeaderElection.java:askForVotes(181)) - f0fc55a7-6908-4f04-ad18-9919b4d1166c:group-979FA5A6002F:LeaderElection9: begin an election at term 1 for -1: [f0fc55a7-6908-4f04-ad18-9919b4d1166c:192.168.34.27:33395], old=null
2019-09-20 08:31:35,496 [f0fc55a7-6908-4f04-ad18-9919b4d1166c:group-979FA5A6002F:LeaderElection9] INFO  impl.RoleInfo (RoleInfo.java:shutdownLeaderElection(134)) - f0fc55a7-6908-4f04-ad18-9919b4d1166c: shutdown LeaderElection
2019-09-20 08:31:35,496 [f0fc55a7-6908-4f04-ad18-9919b4d1166c:group-979FA5A6002F:LeaderElection9] INFO  impl.RaftServerImpl (RaftServerImpl.java:setRole(171)) - f0fc55a7-6908-4f04-ad18-9919b4d1166c:group-979FA5A6002F changes role from CANDIDATE to LEADER at term 1 for changeToLeader
2019-09-20 08:31:35,496 [f0fc55a7-6908-4f04-ad18-9919b4d1166c:group-979FA5A6002F:LeaderElection9] INFO  impl.RaftServerImpl (ServerState.java:setLeader(263)) - f0fc55a7-6908-4f04-ad18-9919b4d1166c:group-979FA5A6002F change Leader from null to f0fc55a7-6908-4f04-ad18-9919b4d1166c at term 1 for becomeLeader, leader elected after 5102ms
2019-09-20 08:31:35,497 [f0fc55a7-6908-4f04-ad18-9919b4d1166c:group-979FA5A6002F:LeaderElection9] INFO  server.RaftServerConfigKeys (ConfUtils.java:logGet(43)) - raft.server.staging.catchup.gap = 1000 (default)
2019-09-20 08:31:35,497 [f0fc55a7-6908-4f04-ad18-9919b4d1166c:group-979FA5A6002F:LeaderElection9] INFO  server.RaftServerConfigKeys (ConfUtils.java:logGet(43)) - raft.server.rpc.sleep.time = 25ms (default)
2019-09-20 08:31:35,497 [f0fc55a7-6908-4f04-ad18-9919b4d1166c:group-979FA5A6002F:LeaderElection9] INFO  server.RaftServerConfigKeys (ConfUtils.java:logGet(43)) - raft.server.write.element-limit = 4096 (default)
2019-09-20 08:31:35,498 [f0fc55a7-6908-4f04-ad18-9919b4d1166c:group-979FA5A6002F:LeaderElection9] INFO  server.RaftServerConfigKeys (ConfUtils.java:logGet(43)) - raft.server.watch.timeout = 10s (default)
2019-09-20 08:31:35,498 [f0fc55a7-6908-4f04-ad18-9919b4d1166c:group-979FA5A6002F:LeaderElection9] INFO  server.RaftServerConfigKeys (ConfUtils.java:logGet(43)) - raft.server.watch.timeout.denomination = 1s (default)
2019-09-20 08:31:35,498 [f0fc55a7-6908-4f04-ad18-9919b4d1166c:group-979FA5A6002F:LeaderElection9] INFO  server.RaftServerConfigKeys (ConfUtils.java:logGet(43)) - raft.server.watch.element-limit = 65536 (default)
2019-09-20 08:31:35,498 [f0fc55a7-6908-4f04-ad18-9919b4d1166c:group-979FA5A6002F:LeaderElection9] INFO  impl.RoleInfo (RoleInfo.java:updateAndGet(143)) - f0fc55a7-6908-4f04-ad18-9919b4d1166c: start LeaderState
2019-09-20 08:31:35,499 [f0fc55a7-6908-4f04-ad18-9919b4d1166c:group-979FA5A6002F:LeaderElection9] INFO  segmented.SegmentedRaftLogWorker (SegmentedRaftLogWorker.java:startLogSegment(380)) - f0fc55a7-6908-4f04-ad18-9919b4d1166c-SegmentedRaftLogWorker:Storage Directory /workdir/hadoop-ozone/tools/target/test-dir/MiniOzoneClusterImpl-40b1a39e-a15e-4017-a8bd-88793379a06c/datanode-1/data/ratis/1838516f-9dfe-49b5-8abc-979fa5a6002f: Starting segment from index:0
2019-09-20 08:31:35,500 [f0fc55a7-6908-4f04-ad18-9919b4d1166c:group-979FA5A6002F:LeaderElection9] INFO  impl.RaftServerImpl (ServerState.java:setRaftConf(361)) - f0fc55a7-6908-4f04-ad18-9919b4d1166c:group-979FA5A6002F set configuration 0: [f0fc55a7-6908-4f04-ad18-9919b4d1166c:192.168.34.27:33395], old=null at 0
2019-09-20 08:31:35,544 | INFO  | SCMAudit | user=jenkins1000 | ip=192.168.34.27 | op=SEND_HEARTBEAT {datanodeUUID=f0fc55a7-6908-4f04-ad18-9919b4d1166c, command=[]} | ret=SUCCESS |  
2019-09-20 08:31:35,554 [0e595721-d597-45e8-8ba1-cb4ebc325b8e-SegmentedRaftLogWorker:Storage Directory /workdir/hadoop-ozone/tools/target/test-dir/MiniOzoneClusterImpl-40b1a39e-a15e-4017-a8bd-88793379a06c/datanode-2/data/ratis/f296d38c-415f-479d-90c6-fafc93178425] INFO  segmented.SegmentedRaftLogWorker (SegmentedRaftLogWorker.java:execute(569)) - 0e595721-d597-45e8-8ba1-cb4ebc325b8e-SegmentedRaftLogWorker:Storage Directory /workdir/hadoop-ozone/tools/target/test-dir/MiniOzoneClusterImpl-40b1a39e-a15e-4017-a8bd-88793379a06c/datanode-2/data/ratis/f296d38c-415f-479d-90c6-fafc93178425: created new log segment /workdir/hadoop-ozone/tools/target/test-dir/MiniOzoneClusterImpl-40b1a39e-a15e-4017-a8bd-88793379a06c/datanode-2/data/ratis/f296d38c-415f-479d-90c6-fafc93178425/current/log_inprogress_0
2019-09-20 08:31:35,554 [f0fc55a7-6908-4f04-ad18-9919b4d1166c-SegmentedRaftLogWorker:Storage Directory /workdir/hadoop-ozone/tools/target/test-dir/MiniOzoneClusterImpl-40b1a39e-a15e-4017-a8bd-88793379a06c/datanode-1/data/ratis/1838516f-9dfe-49b5-8abc-979fa5a6002f] INFO  segmented.SegmentedRaftLogWorker (SegmentedRaftLogWorker.java:execute(569)) - f0fc55a7-6908-4f04-ad18-9919b4d1166c-SegmentedRaftLogWorker:Storage Directory /workdir/hadoop-ozone/tools/target/test-dir/MiniOzoneClusterImpl-40b1a39e-a15e-4017-a8bd-88793379a06c/datanode-1/data/ratis/1838516f-9dfe-49b5-8abc-979fa5a6002f: created new log segment /workdir/hadoop-ozone/tools/target/test-dir/MiniOzoneClusterImpl-40b1a39e-a15e-4017-a8bd-88793379a06c/datanode-1/data/ratis/1838516f-9dfe-49b5-8abc-979fa5a6002f/current/log_inprogress_0
2019-09-20 08:31:35,560 [Thread-237] INFO  impl.FollowerState (FollowerState.java:run(106)) - f0fc55a7-6908-4f04-ad18-9919b4d1166c:group-DB8E84374FE5 changes to CANDIDATE, lastRpcTime:5075, electionTimeout:5075ms
2019-09-20 08:31:35,562 [Thread-237] INFO  impl.RoleInfo (RoleInfo.java:shutdownFollowerState(121)) - f0fc55a7-6908-4f04-ad18-9919b4d1166c: shutdown FollowerState
2019-09-20 08:31:35,562 [Thread-237] INFO  impl.RaftServerImpl (RaftServerImpl.java:setRole(171)) - f0fc55a7-6908-4f04-ad18-9919b4d1166c:group-DB8E84374FE5 changes role from FOLLOWER to CANDIDATE at term 0 for changeToCandidate
2019-09-20 08:31:35,563 [Thread-237] INFO  impl.RoleInfo (RoleInfo.java:updateAndGet(143)) - f0fc55a7-6908-4f04-ad18-9919b4d1166c: start LeaderElection
2019-09-20 08:31:35,581 [f0fc55a7-6908-4f04-ad18-9919b4d1166c:group-DB8E84374FE5:LeaderElection10] INFO  impl.LeaderElection (LeaderElection.java:askForVotes(181)) - f0fc55a7-6908-4f04-ad18-9919b4d1166c:group-DB8E84374FE5:LeaderElection10: begin an election at term 1 for -1: [f0fc55a7-6908-4f04-ad18-9919b4d1166c:192.168.34.27:33395], old=null
2019-09-20 08:31:35,587 [f0fc55a7-6908-4f04-ad18-9919b4d1166c:group-DB8E84374FE5:LeaderElection10] INFO  impl.RoleInfo (RoleInfo.java:shutdownLeaderElection(134)) - f0fc55a7-6908-4f04-ad18-9919b4d1166c: shutdown LeaderElection
2019-09-20 08:31:35,588 [f0fc55a7-6908-4f04-ad18-9919b4d1166c:group-DB8E84374FE5:LeaderElection10] INFO  impl.RaftServerImpl (RaftServerImpl.java:setRole(171)) - f0fc55a7-6908-4f04-ad18-9919b4d1166c:group-DB8E84374FE5 changes role from CANDIDATE to LEADER at term 1 for changeToLeader
2019-09-20 08:31:35,588 [f0fc55a7-6908-4f04-ad18-9919b4d1166c:group-DB8E84374FE5:LeaderElection10] INFO  impl.RaftServerImpl (ServerState.java:setLeader(263)) - f0fc55a7-6908-4f04-ad18-9919b4d1166c:group-DB8E84374FE5 change Leader from null to f0fc55a7-6908-4f04-ad18-9919b4d1166c at term 1 for becomeLeader, leader elected after 5106ms
2019-09-20 08:31:35,588 [f0fc55a7-6908-4f04-ad18-9919b4d1166c:group-DB8E84374FE5:LeaderElection10] INFO  server.RaftServerConfigKeys (ConfUtils.java:logGet(43)) - raft.server.staging.catchup.gap = 1000 (default)
2019-09-20 08:31:35,588 [f0fc55a7-6908-4f04-ad18-9919b4d1166c:group-DB8E84374FE5:LeaderElection10] INFO  server.RaftServerConfigKeys (ConfUtils.java:logGet(43)) - raft.server.rpc.sleep.time = 25ms (default)
2019-09-20 08:31:35,588 [f0fc55a7-6908-4f04-ad18-9919b4d1166c:group-DB8E84374FE5:LeaderElection10] INFO  server.RaftServerConfigKeys (ConfUtils.java:logGet(43)) - raft.server.write.element-limit = 4096 (default)
2019-09-20 08:31:35,588 [f0fc55a7-6908-4f04-ad18-9919b4d1166c:group-DB8E84374FE5:LeaderElection10] INFO  server.RaftServerConfigKeys (ConfUtils.java:logGet(43)) - raft.server.watch.timeout = 10s (default)
2019-09-20 08:31:35,589 [f0fc55a7-6908-4f04-ad18-9919b4d1166c:group-DB8E84374FE5:LeaderElection10] INFO  server.RaftServerConfigKeys (ConfUtils.java:logGet(43)) - raft.server.watch.timeout.denomination = 1s (default)
2019-09-20 08:31:35,589 [f0fc55a7-6908-4f04-ad18-9919b4d1166c:group-DB8E84374FE5:LeaderElection10] INFO  server.RaftServerConfigKeys (ConfUtils.java:logGet(43)) - raft.server.watch.element-limit = 65536 (default)
2019-09-20 08:31:35,589 [f0fc55a7-6908-4f04-ad18-9919b4d1166c:group-DB8E84374FE5:LeaderElection10] INFO  impl.RoleInfo (RoleInfo.java:updateAndGet(143)) - f0fc55a7-6908-4f04-ad18-9919b4d1166c: start LeaderState
2019-09-20 08:31:35,589 [f0fc55a7-6908-4f04-ad18-9919b4d1166c:group-DB8E84374FE5:LeaderElection10] INFO  segmented.SegmentedRaftLogWorker (SegmentedRaftLogWorker.java:startLogSegment(380)) - f0fc55a7-6908-4f04-ad18-9919b4d1166c-SegmentedRaftLogWorker:Storage Directory /workdir/hadoop-ozone/tools/target/test-dir/MiniOzoneClusterImpl-40b1a39e-a15e-4017-a8bd-88793379a06c/datanode-1/data/ratis/f9661107-3531-419a-ab84-db8e84374fe5: Starting segment from index:0
2019-09-20 08:31:35,590 [f0fc55a7-6908-4f04-ad18-9919b4d1166c:group-DB8E84374FE5:LeaderElection10] INFO  impl.RaftServerImpl (ServerState.java:setRaftConf(361)) - f0fc55a7-6908-4f04-ad18-9919b4d1166c:group-DB8E84374FE5 set configuration 0: [f0fc55a7-6908-4f04-ad18-9919b4d1166c:192.168.34.27:33395], old=null at 0
2019-09-20 08:31:35,645 [f0fc55a7-6908-4f04-ad18-9919b4d1166c-SegmentedRaftLogWorker:Storage Directory /workdir/hadoop-ozone/tools/target/test-dir/MiniOzoneClusterImpl-40b1a39e-a15e-4017-a8bd-88793379a06c/datanode-1/data/ratis/f9661107-3531-419a-ab84-db8e84374fe5] INFO  segmented.SegmentedRaftLogWorker (SegmentedRaftLogWorker.java:execute(569)) - f0fc55a7-6908-4f04-ad18-9919b4d1166c-SegmentedRaftLogWorker:Storage Directory /workdir/hadoop-ozone/tools/target/test-dir/MiniOzoneClusterImpl-40b1a39e-a15e-4017-a8bd-88793379a06c/datanode-1/data/ratis/f9661107-3531-419a-ab84-db8e84374fe5: created new log segment /workdir/hadoop-ozone/tools/target/test-dir/MiniOzoneClusterImpl-40b1a39e-a15e-4017-a8bd-88793379a06c/datanode-1/data/ratis/f9661107-3531-419a-ab84-db8e84374fe5/current/log_inprogress_0
2019-09-20 08:31:35,673 [Thread-244] INFO  impl.FollowerState (FollowerState.java:run(106)) - b1d6c399-222b-48d2-8034-ed92e0cf00a0:group-AE56196DE22A changes to CANDIDATE, lastRpcTime:5062, electionTimeout:5062ms
2019-09-20 08:31:35,674 [Thread-244] INFO  impl.RoleInfo (RoleInfo.java:shutdownFollowerState(121)) - b1d6c399-222b-48d2-8034-ed92e0cf00a0: shutdown FollowerState
2019-09-20 08:31:35,674 [Thread-244] INFO  impl.RaftServerImpl (RaftServerImpl.java:setRole(171)) - b1d6c399-222b-48d2-8034-ed92e0cf00a0:group-AE56196DE22A changes role from FOLLOWER to CANDIDATE at term 0 for changeToCandidate
2019-09-20 08:31:35,674 [Thread-244] INFO  impl.RoleInfo (RoleInfo.java:updateAndGet(143)) - b1d6c399-222b-48d2-8034-ed92e0cf00a0: start LeaderElection
2019-09-20 08:31:35,692 [b1d6c399-222b-48d2-8034-ed92e0cf00a0:group-AE56196DE22A:LeaderElection11] INFO  impl.LeaderElection (LeaderElection.java:askForVotes(181)) - b1d6c399-222b-48d2-8034-ed92e0cf00a0:group-AE56196DE22A:LeaderElection11: begin an election at term 1 for -1: [b1d6c399-222b-48d2-8034-ed92e0cf00a0:192.168.34.27:37513], old=null
2019-09-20 08:31:35,692 [b1d6c399-222b-48d2-8034-ed92e0cf00a0:group-AE56196DE22A:LeaderElection11] INFO  impl.RoleInfo (RoleInfo.java:shutdownLeaderElection(134)) - b1d6c399-222b-48d2-8034-ed92e0cf00a0: shutdown LeaderElection
2019-09-20 08:31:35,692 [b1d6c399-222b-48d2-8034-ed92e0cf00a0:group-AE56196DE22A:LeaderElection11] INFO  impl.RaftServerImpl (RaftServerImpl.java:setRole(171)) - b1d6c399-222b-48d2-8034-ed92e0cf00a0:group-AE56196DE22A changes role from CANDIDATE to LEADER at term 1 for changeToLeader
2019-09-20 08:31:35,692 [b1d6c399-222b-48d2-8034-ed92e0cf00a0:group-AE56196DE22A:LeaderElection11] INFO  impl.RaftServerImpl (ServerState.java:setLeader(263)) - b1d6c399-222b-48d2-8034-ed92e0cf00a0:group-AE56196DE22A change Leader from null to b1d6c399-222b-48d2-8034-ed92e0cf00a0 at term 1 for becomeLeader, leader elected after 5086ms
2019-09-20 08:31:35,693 [b1d6c399-222b-48d2-8034-ed92e0cf00a0:group-AE56196DE22A:LeaderElection11] INFO  server.RaftServerConfigKeys (ConfUtils.java:logGet(43)) - raft.server.staging.catchup.gap = 1000 (default)
2019-09-20 08:31:35,693 [b1d6c399-222b-48d2-8034-ed92e0cf00a0:group-AE56196DE22A:LeaderElection11] INFO  server.RaftServerConfigKeys (ConfUtils.java:logGet(43)) - raft.server.rpc.sleep.time = 25ms (default)
2019-09-20 08:31:35,693 [b1d6c399-222b-48d2-8034-ed92e0cf00a0:group-AE56196DE22A:LeaderElection11] INFO  server.RaftServerConfigKeys (ConfUtils.java:logGet(43)) - raft.server.write.element-limit = 4096 (default)
2019-09-20 08:31:35,693 [b1d6c399-222b-48d2-8034-ed92e0cf00a0:group-AE56196DE22A:LeaderElection11] INFO  server.RaftServerConfigKeys (ConfUtils.java:logGet(43)) - raft.server.watch.timeout = 10s (default)
2019-09-20 08:31:35,693 [b1d6c399-222b-48d2-8034-ed92e0cf00a0:group-AE56196DE22A:LeaderElection11] INFO  server.RaftServerConfigKeys (ConfUtils.java:logGet(43)) - raft.server.watch.timeout.denomination = 1s (default)
2019-09-20 08:31:35,694 [b1d6c399-222b-48d2-8034-ed92e0cf00a0:group-AE56196DE22A:LeaderElection11] INFO  server.RaftServerConfigKeys (ConfUtils.java:logGet(43)) - raft.server.watch.element-limit = 65536 (default)
2019-09-20 08:31:35,694 [b1d6c399-222b-48d2-8034-ed92e0cf00a0:group-AE56196DE22A:LeaderElection11] INFO  impl.RoleInfo (RoleInfo.java:updateAndGet(143)) - b1d6c399-222b-48d2-8034-ed92e0cf00a0: start LeaderState
2019-09-20 08:31:35,694 [b1d6c399-222b-48d2-8034-ed92e0cf00a0:group-AE56196DE22A:LeaderElection11] INFO  segmented.SegmentedRaftLogWorker (SegmentedRaftLogWorker.java:startLogSegment(380)) - b1d6c399-222b-48d2-8034-ed92e0cf00a0-SegmentedRaftLogWorker:Storage Directory /workdir/hadoop-ozone/tools/target/test-dir/MiniOzoneClusterImpl-40b1a39e-a15e-4017-a8bd-88793379a06c/datanode-0/data/ratis/a0de2de1-1fb6-4421-b042-ae56196de22a: Starting segment from index:0
2019-09-20 08:31:35,695 [b1d6c399-222b-48d2-8034-ed92e0cf00a0:group-AE56196DE22A:LeaderElection11] INFO  impl.RaftServerImpl (ServerState.java:setRaftConf(361)) - b1d6c399-222b-48d2-8034-ed92e0cf00a0:group-AE56196DE22A set configuration 0: [b1d6c399-222b-48d2-8034-ed92e0cf00a0:192.168.34.27:37513], old=null at 0
2019-09-20 08:31:35,732 [Thread-241] INFO  impl.FollowerState (FollowerState.java:run(106)) - 0e595721-d597-45e8-8ba1-cb4ebc325b8e:group-8BB7D914EC9A changes to CANDIDATE, lastRpcTime:5174, electionTimeout:5153ms
2019-09-20 08:31:35,733 [Thread-241] INFO  impl.RoleInfo (RoleInfo.java:shutdownFollowerState(121)) - 0e595721-d597-45e8-8ba1-cb4ebc325b8e: shutdown FollowerState
2019-09-20 08:31:35,733 [Thread-241] INFO  impl.RaftServerImpl (RaftServerImpl.java:setRole(171)) - 0e595721-d597-45e8-8ba1-cb4ebc325b8e:group-8BB7D914EC9A changes role from FOLLOWER to CANDIDATE at term 0 for changeToCandidate
2019-09-20 08:31:35,733 [Thread-241] INFO  impl.RoleInfo (RoleInfo.java:updateAndGet(143)) - 0e595721-d597-45e8-8ba1-cb4ebc325b8e: start LeaderElection
2019-09-20 08:31:35,748 [b1d6c399-222b-48d2-8034-ed92e0cf00a0-SegmentedRaftLogWorker:Storage Directory /workdir/hadoop-ozone/tools/target/test-dir/MiniOzoneClusterImpl-40b1a39e-a15e-4017-a8bd-88793379a06c/datanode-0/data/ratis/a0de2de1-1fb6-4421-b042-ae56196de22a] INFO  segmented.SegmentedRaftLogWorker (SegmentedRaftLogWorker.java:execute(569)) - b1d6c399-222b-48d2-8034-ed92e0cf00a0-SegmentedRaftLogWorker:Storage Directory /workdir/hadoop-ozone/tools/target/test-dir/MiniOzoneClusterImpl-40b1a39e-a15e-4017-a8bd-88793379a06c/datanode-0/data/ratis/a0de2de1-1fb6-4421-b042-ae56196de22a: created new log segment /workdir/hadoop-ozone/tools/target/test-dir/MiniOzoneClusterImpl-40b1a39e-a15e-4017-a8bd-88793379a06c/datanode-0/data/ratis/a0de2de1-1fb6-4421-b042-ae56196de22a/current/log_inprogress_0
2019-09-20 08:31:35,748 [0e595721-d597-45e8-8ba1-cb4ebc325b8e:group-8BB7D914EC9A:LeaderElection12] INFO  impl.LeaderElection (LeaderElection.java:askForVotes(181)) - 0e595721-d597-45e8-8ba1-cb4ebc325b8e:group-8BB7D914EC9A:LeaderElection12: begin an election at term 1 for -1: [0e595721-d597-45e8-8ba1-cb4ebc325b8e:192.168.34.27:37759], old=null
2019-09-20 08:31:35,748 [0e595721-d597-45e8-8ba1-cb4ebc325b8e:group-8BB7D914EC9A:LeaderElection12] INFO  impl.RoleInfo (RoleInfo.java:shutdownLeaderElection(134)) - 0e595721-d597-45e8-8ba1-cb4ebc325b8e: shutdown LeaderElection
2019-09-20 08:31:35,748 [0e595721-d597-45e8-8ba1-cb4ebc325b8e:group-8BB7D914EC9A:LeaderElection12] INFO  impl.RaftServerImpl (RaftServerImpl.java:setRole(171)) - 0e595721-d597-45e8-8ba1-cb4ebc325b8e:group-8BB7D914EC9A changes role from CANDIDATE to LEADER at term 1 for changeToLeader
2019-09-20 08:31:35,748 [0e595721-d597-45e8-8ba1-cb4ebc325b8e:group-8BB7D914EC9A:LeaderElection12] INFO  impl.RaftServerImpl (ServerState.java:setLeader(263)) - 0e595721-d597-45e8-8ba1-cb4ebc325b8e:group-8BB7D914EC9A change Leader from null to 0e595721-d597-45e8-8ba1-cb4ebc325b8e at term 1 for becomeLeader, leader elected after 5196ms
2019-09-20 08:31:35,748 [0e595721-d597-45e8-8ba1-cb4ebc325b8e:group-8BB7D914EC9A:LeaderElection12] INFO  server.RaftServerConfigKeys (ConfUtils.java:logGet(43)) - raft.server.staging.catchup.gap = 1000 (default)
2019-09-20 08:31:35,749 [0e595721-d597-45e8-8ba1-cb4ebc325b8e:group-8BB7D914EC9A:LeaderElection12] INFO  server.RaftServerConfigKeys (ConfUtils.java:logGet(43)) - raft.server.rpc.sleep.time = 25ms (default)
2019-09-20 08:31:35,749 [0e595721-d597-45e8-8ba1-cb4ebc325b8e:group-8BB7D914EC9A:LeaderElection12] INFO  server.RaftServerConfigKeys (ConfUtils.java:logGet(43)) - raft.server.write.element-limit = 4096 (default)
2019-09-20 08:31:35,749 [0e595721-d597-45e8-8ba1-cb4ebc325b8e:group-8BB7D914EC9A:LeaderElection12] INFO  server.RaftServerConfigKeys (ConfUtils.java:logGet(43)) - raft.server.watch.timeout = 10s (default)
2019-09-20 08:31:35,749 [0e595721-d597-45e8-8ba1-cb4ebc325b8e:group-8BB7D914EC9A:LeaderElection12] INFO  server.RaftServerConfigKeys (ConfUtils.java:logGet(43)) - raft.server.watch.timeout.denomination = 1s (default)
2019-09-20 08:31:35,749 [0e595721-d597-45e8-8ba1-cb4ebc325b8e:group-8BB7D914EC9A:LeaderElection12] INFO  server.RaftServerConfigKeys (ConfUtils.java:logGet(43)) - raft.server.watch.element-limit = 65536 (default)
2019-09-20 08:31:35,749 [0e595721-d597-45e8-8ba1-cb4ebc325b8e:group-8BB7D914EC9A:LeaderElection12] INFO  impl.RoleInfo (RoleInfo.java:updateAndGet(143)) - 0e595721-d597-45e8-8ba1-cb4ebc325b8e: start LeaderState
2019-09-20 08:31:35,750 [0e595721-d597-45e8-8ba1-cb4ebc325b8e:group-8BB7D914EC9A:LeaderElection12] INFO  segmented.SegmentedRaftLogWorker (SegmentedRaftLogWorker.java:startLogSegment(380)) - 0e595721-d597-45e8-8ba1-cb4ebc325b8e-SegmentedRaftLogWorker:Storage Directory /workdir/hadoop-ozone/tools/target/test-dir/MiniOzoneClusterImpl-40b1a39e-a15e-4017-a8bd-88793379a06c/datanode-2/data/ratis/a3c0d86b-50ad-4999-a6e5-8bb7d914ec9a: Starting segment from index:0
2019-09-20 08:31:35,750 [0e595721-d597-45e8-8ba1-cb4ebc325b8e:group-8BB7D914EC9A:LeaderElection12] INFO  impl.RaftServerImpl (ServerState.java:setRaftConf(361)) - 0e595721-d597-45e8-8ba1-cb4ebc325b8e:group-8BB7D914EC9A set configuration 0: [0e595721-d597-45e8-8ba1-cb4ebc325b8e:192.168.34.27:37759], old=null at 0
2019-09-20 08:31:35,804 [0e595721-d597-45e8-8ba1-cb4ebc325b8e-SegmentedRaftLogWorker:Storage Directory /workdir/hadoop-ozone/tools/target/test-dir/MiniOzoneClusterImpl-40b1a39e-a15e-4017-a8bd-88793379a06c/datanode-2/data/ratis/a3c0d86b-50ad-4999-a6e5-8bb7d914ec9a] INFO  segmented.SegmentedRaftLogWorker (SegmentedRaftLogWorker.java:execute(569)) - 0e595721-d597-45e8-8ba1-cb4ebc325b8e-SegmentedRaftLogWorker:Storage Directory /workdir/hadoop-ozone/tools/target/test-dir/MiniOzoneClusterImpl-40b1a39e-a15e-4017-a8bd-88793379a06c/datanode-2/data/ratis/a3c0d86b-50ad-4999-a6e5-8bb7d914ec9a: created new log segment /workdir/hadoop-ozone/tools/target/test-dir/MiniOzoneClusterImpl-40b1a39e-a15e-4017-a8bd-88793379a06c/datanode-2/data/ratis/a3c0d86b-50ad-4999-a6e5-8bb7d914ec9a/current/log_inprogress_0
 100.00% |█████████████████████████████████████████████████████████████████████████████████████████████████████|  1/1 Time: 0:00:05
2019-09-20 08:31:35,860 [Thread-247] INFO  impl.FollowerState (FollowerState.java:run(106)) - 7372e003-60de-4928-9031-10c7db72eb74:group-C0953CBD79AD changes to CANDIDATE, lastRpcTime:5186, electionTimeout:5186ms
2019-09-20 08:31:35,860 [Thread-247] INFO  impl.RoleInfo (RoleInfo.java:shutdownFollowerState(121)) - 7372e003-60de-4928-9031-10c7db72eb74: shutdown FollowerState
2019-09-20 08:31:35,860 [Thread-247] INFO  impl.RaftServerImpl (RaftServerImpl.java:setRole(171)) - 7372e003-60de-4928-9031-10c7db72eb74:group-C0953CBD79AD changes role from FOLLOWER to CANDIDATE at term 0 for changeToCandidate
2019-09-20 08:31:35,861 [Thread-247] INFO  impl.RoleInfo (RoleInfo.java:updateAndGet(143)) - 7372e003-60de-4928-9031-10c7db72eb74: start LeaderElection
2019-09-20 08:31:35,877 [7372e003-60de-4928-9031-10c7db72eb74:group-C0953CBD79AD:LeaderElection13] INFO  impl.LeaderElection (LeaderElection.java:askForVotes(181)) - 7372e003-60de-4928-9031-10c7db72eb74:group-C0953CBD79AD:LeaderElection13: begin an election at term 1 for -1: [7372e003-60de-4928-9031-10c7db72eb74:192.168.34.27:38588], old=null
2019-09-20 08:31:35,877 [7372e003-60de-4928-9031-10c7db72eb74:group-C0953CBD79AD:LeaderElection13] INFO  impl.RoleInfo (RoleInfo.java:shutdownLeaderElection(134)) - 7372e003-60de-4928-9031-10c7db72eb74: shutdown LeaderElection
2019-09-20 08:31:35,877 [7372e003-60de-4928-9031-10c7db72eb74:group-C0953CBD79AD:LeaderElection13] INFO  impl.RaftServerImpl (RaftServerImpl.java:setRole(171)) - 7372e003-60de-4928-9031-10c7db72eb74:group-C0953CBD79AD changes role from CANDIDATE to LEADER at term 1 for changeToLeader
2019-09-20 08:31:35,878 [7372e003-60de-4928-9031-10c7db72eb74:group-C0953CBD79AD:LeaderElection13] INFO  impl.RaftServerImpl (ServerState.java:setLeader(263)) - 7372e003-60de-4928-9031-10c7db72eb74:group-C0953CBD79AD change Leader from null to 7372e003-60de-4928-9031-10c7db72eb74 at term 1 for becomeLeader, leader elected after 5208ms
2019-09-20 08:31:35,879 [7372e003-60de-4928-9031-10c7db72eb74:group-C0953CBD79AD:LeaderElection13] INFO  server.RaftServerConfigKeys (ConfUtils.java:logGet(43)) - raft.server.staging.catchup.gap = 1000 (default)
2019-09-20 08:31:35,879 [7372e003-60de-4928-9031-10c7db72eb74:group-C0953CBD79AD:LeaderElection13] INFO  server.RaftServerConfigKeys (ConfUtils.java:logGet(43)) - raft.server.rpc.sleep.time = 25ms (default)
2019-09-20 08:31:35,879 [7372e003-60de-4928-9031-10c7db72eb74:group-C0953CBD79AD:LeaderElection13] INFO  server.RaftServerConfigKeys (ConfUtils.java:logGet(43)) - raft.server.write.element-limit = 4096 (default)
2019-09-20 08:31:35,879 [7372e003-60de-4928-9031-10c7db72eb74:group-C0953CBD79AD:LeaderElection13] INFO  server.RaftServerConfigKeys (ConfUtils.java:logGet(43)) - raft.server.watch.timeout = 10s (default)
2019-09-20 08:31:35,880 [7372e003-60de-4928-9031-10c7db72eb74:group-C0953CBD79AD:LeaderElection13] INFO  server.RaftServerConfigKeys (ConfUtils.java:logGet(43)) - raft.server.watch.timeout.denomination = 1s (default)
2019-09-20 08:31:35,880 [7372e003-60de-4928-9031-10c7db72eb74:group-C0953CBD79AD:LeaderElection13] INFO  server.RaftServerConfigKeys (ConfUtils.java:logGet(43)) - raft.server.watch.element-limit = 65536 (default)
2019-09-20 08:31:35,880 [7372e003-60de-4928-9031-10c7db72eb74:group-C0953CBD79AD:LeaderElection13] INFO  impl.RoleInfo (RoleInfo.java:updateAndGet(143)) - 7372e003-60de-4928-9031-10c7db72eb74: start LeaderState
2019-09-20 08:31:35,880 [7372e003-60de-4928-9031-10c7db72eb74:group-C0953CBD79AD:LeaderElection13] INFO  segmented.SegmentedRaftLogWorker (SegmentedRaftLogWorker.java:startLogSegment(380)) - 7372e003-60de-4928-9031-10c7db72eb74-SegmentedRaftLogWorker:Storage Directory /workdir/hadoop-ozone/tools/target/test-dir/MiniOzoneClusterImpl-40b1a39e-a15e-4017-a8bd-88793379a06c/datanode-3/data/ratis/0c68aeca-03c8-427e-8752-c0953cbd79ad: Starting segment from index:0
2019-09-20 08:31:35,881 [7372e003-60de-4928-9031-10c7db72eb74:group-C0953CBD79AD:LeaderElection13] INFO  impl.RaftServerImpl (ServerState.java:setRaftConf(361)) - 7372e003-60de-4928-9031-10c7db72eb74:group-C0953CBD79AD set configuration 0: [7372e003-60de-4928-9031-10c7db72eb74:192.168.34.27:38588], old=null at 0
2019-09-20 08:31:35,908 [Thread-250] INFO  impl.FollowerState (FollowerState.java:run(106)) - 7372e003-60de-4928-9031-10c7db72eb74:group-E473F81E4FCC changes to CANDIDATE, lastRpcTime:5166, electionTimeout:5145ms
2019-09-20 08:31:35,908 [Thread-250] INFO  impl.RoleInfo (RoleInfo.java:shutdownFollowerState(121)) - 7372e003-60de-4928-9031-10c7db72eb74: shutdown FollowerState
2019-09-20 08:31:35,908 [Thread-250] INFO  impl.RaftServerImpl (RaftServerImpl.java:setRole(171)) - 7372e003-60de-4928-9031-10c7db72eb74:group-E473F81E4FCC changes role from FOLLOWER to CANDIDATE at term 0 for changeToCandidate
2019-09-20 08:31:35,909 [Thread-250] INFO  impl.RoleInfo (RoleInfo.java:updateAndGet(143)) - 7372e003-60de-4928-9031-10c7db72eb74: start LeaderElection
2019-09-20 08:31:35,919 [Thread-260] INFO  impl.FollowerState (FollowerState.java:run(106)) - 7372e003-60de-4928-9031-10c7db72eb74:group-E8A5FE5431E8 changes to CANDIDATE, lastRpcTime:5002, electionTimeout:5002ms
2019-09-20 08:31:35,919 [Thread-260] INFO  impl.RoleInfo (RoleInfo.java:shutdownFollowerState(121)) - 7372e003-60de-4928-9031-10c7db72eb74: shutdown FollowerState
2019-09-20 08:31:35,919 [Thread-260] INFO  impl.RaftServerImpl (RaftServerImpl.java:setRole(171)) - 7372e003-60de-4928-9031-10c7db72eb74:group-E8A5FE5431E8 changes role from FOLLOWER to CANDIDATE at term 0 for changeToCandidate
2019-09-20 08:31:35,920 [Thread-260] INFO  impl.RoleInfo (RoleInfo.java:updateAndGet(143)) - 7372e003-60de-4928-9031-10c7db72eb74: start LeaderElection
2019-09-20 08:31:35,934 [7372e003-60de-4928-9031-10c7db72eb74-SegmentedRaftLogWorker:Storage Directory /workdir/hadoop-ozone/tools/target/test-dir/MiniOzoneClusterImpl-40b1a39e-a15e-4017-a8bd-88793379a06c/datanode-3/data/ratis/0c68aeca-03c8-427e-8752-c0953cbd79ad] INFO  segmented.SegmentedRaftLogWorker (SegmentedRaftLogWorker.java:execute(569)) - 7372e003-60de-4928-9031-10c7db72eb74-SegmentedRaftLogWorker:Storage Directory /workdir/hadoop-ozone/tools/target/test-dir/MiniOzoneClusterImpl-40b1a39e-a15e-4017-a8bd-88793379a06c/datanode-3/data/ratis/0c68aeca-03c8-427e-8752-c0953cbd79ad: created new log segment /workdir/hadoop-ozone/tools/target/test-dir/MiniOzoneClusterImpl-40b1a39e-a15e-4017-a8bd-88793379a06c/datanode-3/data/ratis/0c68aeca-03c8-427e-8752-c0953cbd79ad/current/log_inprogress_0
2019-09-20 08:31:35,934 [7372e003-60de-4928-9031-10c7db72eb74:group-E473F81E4FCC:LeaderElection14] INFO  impl.LeaderElection (LeaderElection.java:askForVotes(181)) - 7372e003-60de-4928-9031-10c7db72eb74:group-E473F81E4FCC:LeaderElection14: begin an election at term 1 for -1: [7372e003-60de-4928-9031-10c7db72eb74:192.168.34.27:38588], old=null
2019-09-20 08:31:35,934 [7372e003-60de-4928-9031-10c7db72eb74:group-E473F81E4FCC:LeaderElection14] INFO  impl.RoleInfo (RoleInfo.java:shutdownLeaderElection(134)) - 7372e003-60de-4928-9031-10c7db72eb74: shutdown LeaderElection
2019-09-20 08:31:35,934 [7372e003-60de-4928-9031-10c7db72eb74:group-E473F81E4FCC:LeaderElection14] INFO  impl.RaftServerImpl (RaftServerImpl.java:setRole(171)) - 7372e003-60de-4928-9031-10c7db72eb74:group-E473F81E4FCC changes role from CANDIDATE to LEADER at term 1 for changeToLeader
2019-09-20 08:31:35,934 [7372e003-60de-4928-9031-10c7db72eb74:group-E473F81E4FCC:LeaderElection14] INFO  impl.RaftServerImpl (ServerState.java:setLeader(263)) - 7372e003-60de-4928-9031-10c7db72eb74:group-E473F81E4FCC change Leader from null to 7372e003-60de-4928-9031-10c7db72eb74 at term 1 for becomeLeader, leader elected after 5196ms
2019-09-20 08:31:35,934 [7372e003-60de-4928-9031-10c7db72eb74:group-E473F81E4FCC:LeaderElection14] INFO  server.RaftServerConfigKeys (ConfUtils.java:logGet(43)) - raft.server.staging.catchup.gap = 1000 (default)
2019-09-20 08:31:35,934 [7372e003-60de-4928-9031-10c7db72eb74:group-E473F81E4FCC:LeaderElection14] INFO  server.RaftServerConfigKeys (ConfUtils.java:logGet(43)) - raft.server.rpc.sleep.time = 25ms (default)
2019-09-20 08:31:35,935 [7372e003-60de-4928-9031-10c7db72eb74:group-E473F81E4FCC:LeaderElection14] INFO  server.RaftServerConfigKeys (ConfUtils.java:logGet(43)) - raft.server.write.element-limit = 4096 (default)
2019-09-20 08:31:35,935 [7372e003-60de-4928-9031-10c7db72eb74:group-E473F81E4FCC:LeaderElection14] INFO  server.RaftServerConfigKeys (ConfUtils.java:logGet(43)) - raft.server.watch.timeout = 10s (default)
2019-09-20 08:31:35,935 [7372e003-60de-4928-9031-10c7db72eb74:group-E473F81E4FCC:LeaderElection14] INFO  server.RaftServerConfigKeys (ConfUtils.java:logGet(43)) - raft.server.watch.timeout.denomination = 1s (default)
2019-09-20 08:31:35,935 [7372e003-60de-4928-9031-10c7db72eb74:group-E473F81E4FCC:LeaderElection14] INFO  server.RaftServerConfigKeys (ConfUtils.java:logGet(43)) - raft.server.watch.element-limit = 65536 (default)
2019-09-20 08:31:35,935 [7372e003-60de-4928-9031-10c7db72eb74:group-E473F81E4FCC:LeaderElection14] INFO  impl.RoleInfo (RoleInfo.java:updateAndGet(143)) - 7372e003-60de-4928-9031-10c7db72eb74: start LeaderState
2019-09-20 08:31:35,936 [7372e003-60de-4928-9031-10c7db72eb74:group-E8A5FE5431E8:LeaderElection15] INFO  impl.LeaderElection (LeaderElection.java:askForVotes(181)) - 7372e003-60de-4928-9031-10c7db72eb74:group-E8A5FE5431E8:LeaderElection15: begin an election at term 1 for -1: [7372e003-60de-4928-9031-10c7db72eb74:192.168.34.27:38588], old=null
2019-09-20 08:31:35,936 [7372e003-60de-4928-9031-10c7db72eb74:group-E473F81E4FCC:LeaderElection14] INFO  segmented.SegmentedRaftLogWorker (SegmentedRaftLogWorker.java:startLogSegment(380)) - 7372e003-60de-4928-9031-10c7db72eb74-SegmentedRaftLogWorker:Storage Directory /workdir/hadoop-ozone/tools/target/test-dir/MiniOzoneClusterImpl-40b1a39e-a15e-4017-a8bd-88793379a06c/datanode-3/data/ratis/fff52cda-cd2c-45ce-86d8-e473f81e4fcc: Starting segment from index:0
2019-09-20 08:31:35,936 [7372e003-60de-4928-9031-10c7db72eb74:group-E8A5FE5431E8:LeaderElection15] INFO  impl.RoleInfo (RoleInfo.java:shutdownLeaderElection(134)) - 7372e003-60de-4928-9031-10c7db72eb74: shutdown LeaderElection
2019-09-20 08:31:35,936 [7372e003-60de-4928-9031-10c7db72eb74:group-E8A5FE5431E8:LeaderElection15] INFO  impl.RaftServerImpl (RaftServerImpl.java:setRole(171)) - 7372e003-60de-4928-9031-10c7db72eb74:group-E8A5FE5431E8 changes role from CANDIDATE to LEADER at term 1 for changeToLeader
2019-09-20 08:31:35,936 [7372e003-60de-4928-9031-10c7db72eb74:group-E8A5FE5431E8:LeaderElection15] INFO  impl.RaftServerImpl (ServerState.java:setLeader(263)) - 7372e003-60de-4928-9031-10c7db72eb74:group-E8A5FE5431E8 change Leader from null to 7372e003-60de-4928-9031-10c7db72eb74 at term 1 for becomeLeader, leader elected after 5024ms
2019-09-20 08:31:35,936 [7372e003-60de-4928-9031-10c7db72eb74:group-E8A5FE5431E8:LeaderElection15] INFO  server.RaftServerConfigKeys (ConfUtils.java:logGet(43)) - raft.server.staging.catchup.gap = 1000 (default)
2019-09-20 08:31:35,936 [7372e003-60de-4928-9031-10c7db72eb74:group-E473F81E4FCC:LeaderElection14] INFO  impl.RaftServerImpl (ServerState.java:setRaftConf(361)) - 7372e003-60de-4928-9031-10c7db72eb74:group-E473F81E4FCC set configuration 0: [7372e003-60de-4928-9031-10c7db72eb74:192.168.34.27:38588], old=null at 0
2019-09-20 08:31:35,936 [7372e003-60de-4928-9031-10c7db72eb74:group-E8A5FE5431E8:LeaderElection15] INFO  server.RaftServerConfigKeys (ConfUtils.java:logGet(43)) - raft.server.rpc.sleep.time = 25ms (default)
2019-09-20 08:31:35,970 [7372e003-60de-4928-9031-10c7db72eb74:group-E8A5FE5431E8:LeaderElection15] INFO  server.RaftServerConfigKeys (ConfUtils.java:logGet(43)) - raft.server.write.element-limit = 4096 (default)
2019-09-20 08:31:35,970 [7372e003-60de-4928-9031-10c7db72eb74:group-E8A5FE5431E8:LeaderElection15] INFO  server.RaftServerConfigKeys (ConfUtils.java:logGet(43)) - raft.server.watch.timeout = 10s (default)
2019-09-20 08:31:35,971 [7372e003-60de-4928-9031-10c7db72eb74:group-E8A5FE5431E8:LeaderElection15] INFO  server.RaftServerConfigKeys (ConfUtils.java:logGet(43)) - raft.server.watch.timeout.denomination = 1s (default)
2019-09-20 08:31:35,971 [7372e003-60de-4928-9031-10c7db72eb74:group-E8A5FE5431E8:LeaderElection15] INFO  server.RaftServerConfigKeys (ConfUtils.java:logGet(43)) - raft.server.watch.element-limit = 65536 (default)
2019-09-20 08:31:35,971 [7372e003-60de-4928-9031-10c7db72eb74:group-E8A5FE5431E8:LeaderElection15] INFO  impl.RoleInfo (RoleInfo.java:updateAndGet(143)) - 7372e003-60de-4928-9031-10c7db72eb74: start LeaderState
2019-09-20 08:31:35,972 [7372e003-60de-4928-9031-10c7db72eb74:group-E8A5FE5431E8:LeaderElection15] INFO  segmented.SegmentedRaftLogWorker (SegmentedRaftLogWorker.java:startLogSegment(380)) - 7372e003-60de-4928-9031-10c7db72eb74-SegmentedRaftLogWorker:Storage Directory /workdir/hadoop-ozone/tools/target/test-dir/MiniOzoneClusterImpl-40b1a39e-a15e-4017-a8bd-88793379a06c/datanode-3/data/ratis/0d27a219-8f71-4212-bb9f-e8a5fe5431e8: Starting segment from index:0
2019-09-20 08:31:35,972 [7372e003-60de-4928-9031-10c7db72eb74:group-E8A5FE5431E8:LeaderElection15] INFO  impl.RaftServerImpl (ServerState.java:setRaftConf(361)) - 7372e003-60de-4928-9031-10c7db72eb74:group-E8A5FE5431E8 set configuration 0: [7372e003-60de-4928-9031-10c7db72eb74:192.168.34.27:38588], old=null at 0
2019-09-20 08:31:36,007 [7372e003-60de-4928-9031-10c7db72eb74-SegmentedRaftLogWorker:Storage Directory /workdir/hadoop-ozone/tools/target/test-dir/MiniOzoneClusterImpl-40b1a39e-a15e-4017-a8bd-88793379a06c/datanode-3/data/ratis/fff52cda-cd2c-45ce-86d8-e473f81e4fcc] INFO  segmented.SegmentedRaftLogWorker (SegmentedRaftLogWorker.java:execute(569)) - 7372e003-60de-4928-9031-10c7db72eb74-SegmentedRaftLogWorker:Storage Directory /workdir/hadoop-ozone/tools/target/test-dir/MiniOzoneClusterImpl-40b1a39e-a15e-4017-a8bd-88793379a06c/datanode-3/data/ratis/fff52cda-cd2c-45ce-86d8-e473f81e4fcc: created new log segment /workdir/hadoop-ozone/tools/target/test-dir/MiniOzoneClusterImpl-40b1a39e-a15e-4017-a8bd-88793379a06c/datanode-3/data/ratis/fff52cda-cd2c-45ce-86d8-e473f81e4fcc/current/log_inprogress_0
2019-09-20 08:31:36,007 [Thread-257] INFO  impl.FollowerState (FollowerState.java:run(106)) - 7372e003-60de-4928-9031-10c7db72eb74:group-3359807B210D changes to CANDIDATE, lastRpcTime:5183, electionTimeout:5155ms
2019-09-20 08:31:36,007 [Thread-263] INFO  impl.FollowerState (FollowerState.java:run(106)) - f0fc55a7-6908-4f04-ad18-9919b4d1166c:group-FB83256DD264 changes to CANDIDATE, lastRpcTime:5033, electionTimeout:5002ms
2019-09-20 08:31:36,007 [Thread-257] INFO  impl.RoleInfo (RoleInfo.java:shutdownFollowerState(121)) - 7372e003-60de-4928-9031-10c7db72eb74: shutdown FollowerState
2019-09-20 08:31:36,008 [Thread-263] INFO  impl.RoleInfo (RoleInfo.java:shutdownFollowerState(121)) - f0fc55a7-6908-4f04-ad18-9919b4d1166c: shutdown FollowerState
2019-09-20 08:31:36,008 [Thread-257] INFO  impl.RaftServerImpl (RaftServerImpl.java:setRole(171)) - 7372e003-60de-4928-9031-10c7db72eb74:group-3359807B210D changes role from FOLLOWER to CANDIDATE at term 0 for changeToCandidate
2019-09-20 08:31:36,008 [Thread-263] INFO  impl.RaftServerImpl (RaftServerImpl.java:setRole(171)) - f0fc55a7-6908-4f04-ad18-9919b4d1166c:group-FB83256DD264 changes role from FOLLOWER to CANDIDATE at term 0 for changeToCandidate
2019-09-20 08:31:36,008 [Thread-257] INFO  impl.RoleInfo (RoleInfo.java:updateAndGet(143)) - 7372e003-60de-4928-9031-10c7db72eb74: start LeaderElection
2019-09-20 08:31:36,008 [Thread-263] INFO  impl.RoleInfo (RoleInfo.java:updateAndGet(143)) - f0fc55a7-6908-4f04-ad18-9919b4d1166c: start LeaderElection
2019-09-20 08:31:36,017 [7372e003-60de-4928-9031-10c7db72eb74-SegmentedRaftLogWorker:Storage Directory /workdir/hadoop-ozone/tools/target/test-dir/MiniOzoneClusterImpl-40b1a39e-a15e-4017-a8bd-88793379a06c/datanode-3/data/ratis/0d27a219-8f71-4212-bb9f-e8a5fe5431e8] INFO  segmented.SegmentedRaftLogWorker (SegmentedRaftLogWorker.java:execute(569)) - 7372e003-60de-4928-9031-10c7db72eb74-SegmentedRaftLogWorker:Storage Directory /workdir/hadoop-ozone/tools/target/test-dir/MiniOzoneClusterImpl-40b1a39e-a15e-4017-a8bd-88793379a06c/datanode-3/data/ratis/0d27a219-8f71-4212-bb9f-e8a5fe5431e8: created new log segment /workdir/hadoop-ozone/tools/target/test-dir/MiniOzoneClusterImpl-40b1a39e-a15e-4017-a8bd-88793379a06c/datanode-3/data/ratis/0d27a219-8f71-4212-bb9f-e8a5fe5431e8/current/log_inprogress_0
2019-09-20 08:31:36,030 [7372e003-60de-4928-9031-10c7db72eb74:group-3359807B210D:LeaderElection16] INFO  impl.LeaderElection (LeaderElection.java:askForVotes(181)) - 7372e003-60de-4928-9031-10c7db72eb74:group-3359807B210D:LeaderElection16: begin an election at term 1 for -1: [7372e003-60de-4928-9031-10c7db72eb74:192.168.34.27:38588], old=null
2019-09-20 08:31:36,030 [f0fc55a7-6908-4f04-ad18-9919b4d1166c:group-FB83256DD264:LeaderElection17] INFO  impl.LeaderElection (LeaderElection.java:askForVotes(181)) - f0fc55a7-6908-4f04-ad18-9919b4d1166c:group-FB83256DD264:LeaderElection17: begin an election at term 1 for -1: [f0fc55a7-6908-4f04-ad18-9919b4d1166c:192.168.34.27:33395], old=null
2019-09-20 08:31:36,031 [7372e003-60de-4928-9031-10c7db72eb74:group-3359807B210D:LeaderElection16] INFO  impl.RoleInfo (RoleInfo.java:shutdownLeaderElection(134)) - 7372e003-60de-4928-9031-10c7db72eb74: shutdown LeaderElection
2019-09-20 08:31:36,031 [f0fc55a7-6908-4f04-ad18-9919b4d1166c:group-FB83256DD264:LeaderElection17] INFO  impl.RoleInfo (RoleInfo.java:shutdownLeaderElection(134)) - f0fc55a7-6908-4f04-ad18-9919b4d1166c: shutdown LeaderElection
2019-09-20 08:31:36,031 [7372e003-60de-4928-9031-10c7db72eb74:group-3359807B210D:LeaderElection16] INFO  impl.RaftServerImpl (RaftServerImpl.java:setRole(171)) - 7372e003-60de-4928-9031-10c7db72eb74:group-3359807B210D changes role from CANDIDATE to LEADER at term 1 for changeToLeader
2019-09-20 08:31:36,031 [f0fc55a7-6908-4f04-ad18-9919b4d1166c:group-FB83256DD264:LeaderElection17] INFO  impl.RaftServerImpl (RaftServerImpl.java:setRole(171)) - f0fc55a7-6908-4f04-ad18-9919b4d1166c:group-FB83256DD264 changes role from CANDIDATE to LEADER at term 1 for changeToLeader
2019-09-20 08:31:36,032 [f0fc55a7-6908-4f04-ad18-9919b4d1166c:group-FB83256DD264:LeaderElection17] INFO  impl.RaftServerImpl (ServerState.java:setLeader(263)) - f0fc55a7-6908-4f04-ad18-9919b4d1166c:group-FB83256DD264 change Leader from null to f0fc55a7-6908-4f04-ad18-9919b4d1166c at term 1 for becomeLeader, leader elected after 5061ms
2019-09-20 08:31:36,032 [f0fc55a7-6908-4f04-ad18-9919b4d1166c:group-FB83256DD264:LeaderElection17] INFO  server.RaftServerConfigKeys (ConfUtils.java:logGet(43)) - raft.server.staging.catchup.gap = 1000 (default)
2019-09-20 08:31:36,032 [f0fc55a7-6908-4f04-ad18-9919b4d1166c:group-FB83256DD264:LeaderElection17] INFO  server.RaftServerConfigKeys (ConfUtils.java:logGet(43)) - raft.server.rpc.sleep.time = 25ms (default)
2019-09-20 08:31:36,032 [f0fc55a7-6908-4f04-ad18-9919b4d1166c:group-FB83256DD264:LeaderElection17] INFO  server.RaftServerConfigKeys (ConfUtils.java:logGet(43)) - raft.server.write.element-limit = 4096 (default)
2019-09-20 08:31:36,032 [f0fc55a7-6908-4f04-ad18-9919b4d1166c:group-FB83256DD264:LeaderElection17] INFO  server.RaftServerConfigKeys (ConfUtils.java:logGet(43)) - raft.server.watch.timeout = 10s (default)
2019-09-20 08:31:36,033 [f0fc55a7-6908-4f04-ad18-9919b4d1166c:group-FB83256DD264:LeaderElection17] INFO  server.RaftServerConfigKeys (ConfUtils.java:logGet(43)) - raft.server.watch.timeout.denomination = 1s (default)
2019-09-20 08:31:36,033 [f0fc55a7-6908-4f04-ad18-9919b4d1166c:group-FB83256DD264:LeaderElection17] INFO  server.RaftServerConfigKeys (ConfUtils.java:logGet(43)) - raft.server.watch.element-limit = 65536 (default)
2019-09-20 08:31:36,033 [f0fc55a7-6908-4f04-ad18-9919b4d1166c:group-FB83256DD264:LeaderElection17] INFO  impl.RoleInfo (RoleInfo.java:updateAndGet(143)) - f0fc55a7-6908-4f04-ad18-9919b4d1166c: start LeaderState
2019-09-20 08:31:36,033 [f0fc55a7-6908-4f04-ad18-9919b4d1166c:group-FB83256DD264:LeaderElection17] INFO  segmented.SegmentedRaftLogWorker (SegmentedRaftLogWorker.java:startLogSegment(380)) - f0fc55a7-6908-4f04-ad18-9919b4d1166c-SegmentedRaftLogWorker:Storage Directory /workdir/hadoop-ozone/tools/target/test-dir/MiniOzoneClusterImpl-40b1a39e-a15e-4017-a8bd-88793379a06c/datanode-1/data/ratis/d2b84d9e-ba00-4935-9978-fb83256dd264: Starting segment from index:0
2019-09-20 08:31:36,031 [7372e003-60de-4928-9031-10c7db72eb74:group-3359807B210D:LeaderElection16] INFO  impl.RaftServerImpl (ServerState.java:setLeader(263)) - 7372e003-60de-4928-9031-10c7db72eb74:group-3359807B210D change Leader from null to 7372e003-60de-4928-9031-10c7db72eb74 at term 1 for becomeLeader, leader elected after 5211ms
2019-09-20 08:31:36,034 [7372e003-60de-4928-9031-10c7db72eb74:group-3359807B210D:LeaderElection16] INFO  server.RaftServerConfigKeys (ConfUtils.java:logGet(43)) - raft.server.staging.catchup.gap = 1000 (default)
2019-09-20 08:31:36,034 [7372e003-60de-4928-9031-10c7db72eb74:group-3359807B210D:LeaderElection16] INFO  server.RaftServerConfigKeys (ConfUtils.java:logGet(43)) - raft.server.rpc.sleep.time = 25ms (default)
2019-09-20 08:31:36,034 [f0fc55a7-6908-4f04-ad18-9919b4d1166c:group-FB83256DD264:LeaderElection17] INFO  impl.RaftServerImpl (ServerState.java:setRaftConf(361)) - f0fc55a7-6908-4f04-ad18-9919b4d1166c:group-FB83256DD264 set configuration 0: [f0fc55a7-6908-4f04-ad18-9919b4d1166c:192.168.34.27:33395], old=null at 0
2019-09-20 08:31:36,034 [7372e003-60de-4928-9031-10c7db72eb74:group-3359807B210D:LeaderElection16] INFO  server.RaftServerConfigKeys (ConfUtils.java:logGet(43)) - raft.server.write.element-limit = 4096 (default)
2019-09-20 08:31:36,070 [7372e003-60de-4928-9031-10c7db72eb74:group-3359807B210D:LeaderElection16] INFO  server.RaftServerConfigKeys (ConfUtils.java:logGet(43)) - raft.server.watch.timeout = 10s (default)
2019-09-20 08:31:36,070 [7372e003-60de-4928-9031-10c7db72eb74:group-3359807B210D:LeaderElection16] INFO  server.RaftServerConfigKeys (ConfUtils.java:logGet(43)) - raft.server.watch.timeout.denomination = 1s (default)
2019-09-20 08:31:36,070 [7372e003-60de-4928-9031-10c7db72eb74:group-3359807B210D:LeaderElection16] INFO  server.RaftServerConfigKeys (ConfUtils.java:logGet(43)) - raft.server.watch.element-limit = 65536 (default)
2019-09-20 08:31:36,071 [7372e003-60de-4928-9031-10c7db72eb74:group-3359807B210D:LeaderElection16] INFO  impl.RoleInfo (RoleInfo.java:updateAndGet(143)) - 7372e003-60de-4928-9031-10c7db72eb74: start LeaderState
2019-09-20 08:31:36,071 [7372e003-60de-4928-9031-10c7db72eb74:group-3359807B210D:LeaderElection16] INFO  segmented.SegmentedRaftLogWorker (SegmentedRaftLogWorker.java:startLogSegment(380)) - 7372e003-60de-4928-9031-10c7db72eb74-SegmentedRaftLogWorker:Storage Directory /workdir/hadoop-ozone/tools/target/test-dir/MiniOzoneClusterImpl-40b1a39e-a15e-4017-a8bd-88793379a06c/datanode-3/data/ratis/53362e9a-e581-48cd-b5d6-3359807b210d: Starting segment from index:0
2019-09-20 08:31:36,072 [7372e003-60de-4928-9031-10c7db72eb74:group-3359807B210D:LeaderElection16] INFO  impl.RaftServerImpl (ServerState.java:setRaftConf(361)) - 7372e003-60de-4928-9031-10c7db72eb74:group-3359807B210D set configuration 0: [7372e003-60de-4928-9031-10c7db72eb74:192.168.34.27:38588], old=null at 0
2019-09-20 08:31:36,107 [f0fc55a7-6908-4f04-ad18-9919b4d1166c-SegmentedRaftLogWorker:Storage Directory /workdir/hadoop-ozone/tools/target/test-dir/MiniOzoneClusterImpl-40b1a39e-a15e-4017-a8bd-88793379a06c/datanode-1/data/ratis/d2b84d9e-ba00-4935-9978-fb83256dd264] INFO  segmented.SegmentedRaftLogWorker (SegmentedRaftLogWorker.java:execute(569)) - f0fc55a7-6908-4f04-ad18-9919b4d1166c-SegmentedRaftLogWorker:Storage Directory /workdir/hadoop-ozone/tools/target/test-dir/MiniOzoneClusterImpl-40b1a39e-a15e-4017-a8bd-88793379a06c/datanode-1/data/ratis/d2b84d9e-ba00-4935-9978-fb83256dd264: created new log segment /workdir/hadoop-ozone/tools/target/test-dir/MiniOzoneClusterImpl-40b1a39e-a15e-4017-a8bd-88793379a06c/datanode-1/data/ratis/d2b84d9e-ba00-4935-9978-fb83256dd264/current/log_inprogress_0
2019-09-20 08:31:36,119 [7372e003-60de-4928-9031-10c7db72eb74-SegmentedRaftLogWorker:Storage Directory /workdir/hadoop-ozone/tools/target/test-dir/MiniOzoneClusterImpl-40b1a39e-a15e-4017-a8bd-88793379a06c/datanode-3/data/ratis/53362e9a-e581-48cd-b5d6-3359807b210d] INFO  segmented.SegmentedRaftLogWorker (SegmentedRaftLogWorker.java:execute(569)) - 7372e003-60de-4928-9031-10c7db72eb74-SegmentedRaftLogWorker:Storage Directory /workdir/hadoop-ozone/tools/target/test-dir/MiniOzoneClusterImpl-40b1a39e-a15e-4017-a8bd-88793379a06c/datanode-3/data/ratis/53362e9a-e581-48cd-b5d6-3359807b210d: created new log segment /workdir/hadoop-ozone/tools/target/test-dir/MiniOzoneClusterImpl-40b1a39e-a15e-4017-a8bd-88793379a06c/datanode-3/data/ratis/53362e9a-e581-48cd-b5d6-3359807b210d/current/log_inprogress_0
2019-09-20 08:31:36,128 [Thread-267] INFO  impl.FollowerState (FollowerState.java:run(106)) - f0fc55a7-6908-4f04-ad18-9919b4d1166c:group-76421C790FFF changes to CANDIDATE, lastRpcTime:5080, electionTimeout:5080ms
2019-09-20 08:31:36,128 [Thread-267] INFO  impl.RoleInfo (RoleInfo.java:shutdownFollowerState(121)) - f0fc55a7-6908-4f04-ad18-9919b4d1166c: shutdown FollowerState
2019-09-20 08:31:36,129 [Thread-267] INFO  impl.RaftServerImpl (RaftServerImpl.java:setRole(171)) - f0fc55a7-6908-4f04-ad18-9919b4d1166c:group-76421C790FFF changes role from FOLLOWER to CANDIDATE at term 0 for changeToCandidate
2019-09-20 08:31:36,129 [Thread-267] INFO  impl.RoleInfo (RoleInfo.java:updateAndGet(143)) - f0fc55a7-6908-4f04-ad18-9919b4d1166c: start LeaderElection
2019-09-20 08:31:36,146 [f0fc55a7-6908-4f04-ad18-9919b4d1166c:group-76421C790FFF:LeaderElection18] INFO  impl.LeaderElection (LeaderElection.java:askForVotes(181)) - f0fc55a7-6908-4f04-ad18-9919b4d1166c:group-76421C790FFF:LeaderElection18: begin an election at term 1 for -1: [f0fc55a7-6908-4f04-ad18-9919b4d1166c:192.168.34.27:33395], old=null
2019-09-20 08:31:36,147 [f0fc55a7-6908-4f04-ad18-9919b4d1166c:group-76421C790FFF:LeaderElection18] INFO  impl.RoleInfo (RoleInfo.java:shutdownLeaderElection(134)) - f0fc55a7-6908-4f04-ad18-9919b4d1166c: shutdown LeaderElection
2019-09-20 08:31:36,147 [f0fc55a7-6908-4f04-ad18-9919b4d1166c:group-76421C790FFF:LeaderElection18] INFO  impl.RaftServerImpl (RaftServerImpl.java:setRole(171)) - f0fc55a7-6908-4f04-ad18-9919b4d1166c:group-76421C790FFF changes role from CANDIDATE to LEADER at term 1 for changeToLeader
2019-09-20 08:31:36,147 [f0fc55a7-6908-4f04-ad18-9919b4d1166c:group-76421C790FFF:LeaderElection18] INFO  impl.RaftServerImpl (ServerState.java:setLeader(263)) - f0fc55a7-6908-4f04-ad18-9919b4d1166c:group-76421C790FFF change Leader from null to f0fc55a7-6908-4f04-ad18-9919b4d1166c at term 1 for becomeLeader, leader elected after 5103ms
2019-09-20 08:31:36,147 [f0fc55a7-6908-4f04-ad18-9919b4d1166c:group-76421C790FFF:LeaderElection18] INFO  server.RaftServerConfigKeys (ConfUtils.java:logGet(43)) - raft.server.staging.catchup.gap = 1000 (default)
2019-09-20 08:31:36,147 [f0fc55a7-6908-4f04-ad18-9919b4d1166c:group-76421C790FFF:LeaderElection18] INFO  server.RaftServerConfigKeys (ConfUtils.java:logGet(43)) - raft.server.rpc.sleep.time = 25ms (default)
2019-09-20 08:31:36,147 [f0fc55a7-6908-4f04-ad18-9919b4d1166c:group-76421C790FFF:LeaderElection18] INFO  server.RaftServerConfigKeys (ConfUtils.java:logGet(43)) - raft.server.write.element-limit = 4096 (default)
2019-09-20 08:31:36,148 [f0fc55a7-6908-4f04-ad18-9919b4d1166c:group-76421C790FFF:LeaderElection18] INFO  server.RaftServerConfigKeys (ConfUtils.java:logGet(43)) - raft.server.watch.timeout = 10s (default)
2019-09-20 08:31:36,148 [f0fc55a7-6908-4f04-ad18-9919b4d1166c:group-76421C790FFF:LeaderElection18] INFO  server.RaftServerConfigKeys (ConfUtils.java:logGet(43)) - raft.server.watch.timeout.denomination = 1s (default)
2019-09-20 08:31:36,148 [f0fc55a7-6908-4f04-ad18-9919b4d1166c:group-76421C790FFF:LeaderElection18] INFO  server.RaftServerConfigKeys (ConfUtils.java:logGet(43)) - raft.server.watch.element-limit = 65536 (default)
2019-09-20 08:31:36,148 [f0fc55a7-6908-4f04-ad18-9919b4d1166c:group-76421C790FFF:LeaderElection18] INFO  impl.RoleInfo (RoleInfo.java:updateAndGet(143)) - f0fc55a7-6908-4f04-ad18-9919b4d1166c: start LeaderState
2019-09-20 08:31:36,148 [f0fc55a7-6908-4f04-ad18-9919b4d1166c:group-76421C790FFF:LeaderElection18] INFO  segmented.SegmentedRaftLogWorker (SegmentedRaftLogWorker.java:startLogSegment(380)) - f0fc55a7-6908-4f04-ad18-9919b4d1166c-SegmentedRaftLogWorker:Storage Directory /workdir/hadoop-ozone/tools/target/test-dir/MiniOzoneClusterImpl-40b1a39e-a15e-4017-a8bd-88793379a06c/datanode-1/data/ratis/4ee893d8-31e4-426f-a9e9-76421c790fff: Starting segment from index:0
2019-09-20 08:31:36,149 [f0fc55a7-6908-4f04-ad18-9919b4d1166c:group-76421C790FFF:LeaderElection18] INFO  impl.RaftServerImpl (ServerState.java:setRaftConf(361)) - f0fc55a7-6908-4f04-ad18-9919b4d1166c:group-76421C790FFF set configuration 0: [f0fc55a7-6908-4f04-ad18-9919b4d1166c:192.168.34.27:33395], old=null at 0
2019-09-20 08:31:36,178 | INFO  | SCMAudit | user=jenkins1000 | ip=192.168.34.27 | op=SEND_HEARTBEAT {datanodeUUID=0e595721-d597-45e8-8ba1-cb4ebc325b8e, command=[]} | ret=SUCCESS |  
2019-09-20 08:31:36,181 | INFO  | SCMAudit | user=jenkins1000 | ip=192.168.34.27 | op=SEND_HEARTBEAT {datanodeUUID=7372e003-60de-4928-9031-10c7db72eb74, command=[]} | ret=SUCCESS |  
2019-09-20 08:31:36,201 [f0fc55a7-6908-4f04-ad18-9919b4d1166c-SegmentedRaftLogWorker:Storage Directory /workdir/hadoop-ozone/tools/target/test-dir/MiniOzoneClusterImpl-40b1a39e-a15e-4017-a8bd-88793379a06c/datanode-1/data/ratis/4ee893d8-31e4-426f-a9e9-76421c790fff] INFO  segmented.SegmentedRaftLogWorker (SegmentedRaftLogWorker.java:execute(569)) - f0fc55a7-6908-4f04-ad18-9919b4d1166c-SegmentedRaftLogWorker:Storage Directory /workdir/hadoop-ozone/tools/target/test-dir/MiniOzoneClusterImpl-40b1a39e-a15e-4017-a8bd-88793379a06c/datanode-1/data/ratis/4ee893d8-31e4-426f-a9e9-76421c790fff: created new log segment /workdir/hadoop-ozone/tools/target/test-dir/MiniOzoneClusterImpl-40b1a39e-a15e-4017-a8bd-88793379a06c/datanode-1/data/ratis/4ee893d8-31e4-426f-a9e9-76421c790fff/current/log_inprogress_0
2019-09-20 08:31:36,223 [Thread-273] INFO  impl.FollowerState (FollowerState.java:run(106)) - 7372e003-60de-4928-9031-10c7db72eb74:group-F5A0E00D8C3B changes to CANDIDATE, lastRpcTime:5040, electionTimeout:5040ms
2019-09-20 08:31:36,223 [Thread-273] INFO  impl.RoleInfo (RoleInfo.java:shutdownFollowerState(121)) - 7372e003-60de-4928-9031-10c7db72eb74: shutdown FollowerState
2019-09-20 08:31:36,224 [Thread-273] INFO  impl.RaftServerImpl (RaftServerImpl.java:setRole(171)) - 7372e003-60de-4928-9031-10c7db72eb74:group-F5A0E00D8C3B changes role from FOLLOWER to CANDIDATE at term 0 for changeToCandidate
2019-09-20 08:31:36,224 [Thread-273] INFO  impl.RoleInfo (RoleInfo.java:updateAndGet(143)) - 7372e003-60de-4928-9031-10c7db72eb74: start LeaderElection
2019-09-20 08:31:36,229 | INFO  | SCMAudit | user=jenkins1000 | ip=192.168.34.27 | op=SEND_HEARTBEAT {datanodeUUID=b1d6c399-222b-48d2-8034-ed92e0cf00a0, command=[]} | ret=SUCCESS |  
2019-09-20 08:31:36,239 | INFO  | SCMAudit | user=jenkins1000 | ip=192.168.34.27 | op=SEND_HEARTBEAT {datanodeUUID=7afa6414-ef24-48ad-8f55-8b19d11f4e72, command=[]} | ret=SUCCESS |  
2019-09-20 08:31:36,242 [7372e003-60de-4928-9031-10c7db72eb74:group-F5A0E00D8C3B:LeaderElection19] INFO  impl.LeaderElection (LeaderElection.java:askForVotes(181)) - 7372e003-60de-4928-9031-10c7db72eb74:group-F5A0E00D8C3B:LeaderElection19: begin an election at term 1 for -1: [7372e003-60de-4928-9031-10c7db72eb74:192.168.34.27:38588], old=null
2019-09-20 08:31:36,242 [7372e003-60de-4928-9031-10c7db72eb74:group-F5A0E00D8C3B:LeaderElection19] INFO  impl.RoleInfo (RoleInfo.java:shutdownLeaderElection(134)) - 7372e003-60de-4928-9031-10c7db72eb74: shutdown LeaderElection
2019-09-20 08:31:36,242 [7372e003-60de-4928-9031-10c7db72eb74:group-F5A0E00D8C3B:LeaderElection19] INFO  impl.RaftServerImpl (RaftServerImpl.java:setRole(171)) - 7372e003-60de-4928-9031-10c7db72eb74:group-F5A0E00D8C3B changes role from CANDIDATE to LEADER at term 1 for changeToLeader
2019-09-20 08:31:36,242 [7372e003-60de-4928-9031-10c7db72eb74:group-F5A0E00D8C3B:LeaderElection19] INFO  impl.RaftServerImpl (ServerState.java:setLeader(263)) - 7372e003-60de-4928-9031-10c7db72eb74:group-F5A0E00D8C3B change Leader from null to 7372e003-60de-4928-9031-10c7db72eb74 at term 1 for becomeLeader, leader elected after 5069ms
2019-09-20 08:31:36,243 [7372e003-60de-4928-9031-10c7db72eb74:group-F5A0E00D8C3B:LeaderElection19] INFO  server.RaftServerConfigKeys (ConfUtils.java:logGet(43)) - raft.server.staging.catchup.gap = 1000 (default)
2019-09-20 08:31:36,243 [7372e003-60de-4928-9031-10c7db72eb74:group-F5A0E00D8C3B:LeaderElection19] INFO  server.RaftServerConfigKeys (ConfUtils.java:logGet(43)) - raft.server.rpc.sleep.time = 25ms (default)
2019-09-20 08:31:36,243 [7372e003-60de-4928-9031-10c7db72eb74:group-F5A0E00D8C3B:LeaderElection19] INFO  server.RaftServerConfigKeys (ConfUtils.java:logGet(43)) - raft.server.write.element-limit = 4096 (default)
2019-09-20 08:31:36,243 [7372e003-60de-4928-9031-10c7db72eb74:group-F5A0E00D8C3B:LeaderElection19] INFO  server.RaftServerConfigKeys (ConfUtils.java:logGet(43)) - raft.server.watch.timeout = 10s (default)
2019-09-20 08:31:36,243 [7372e003-60de-4928-9031-10c7db72eb74:group-F5A0E00D8C3B:LeaderElection19] INFO  server.RaftServerConfigKeys (ConfUtils.java:logGet(43)) - raft.server.watch.timeout.denomination = 1s (default)
2019-09-20 08:31:36,243 [7372e003-60de-4928-9031-10c7db72eb74:group-F5A0E00D8C3B:LeaderElection19] INFO  server.RaftServerConfigKeys (ConfUtils.java:logGet(43)) - raft.server.watch.element-limit = 65536 (default)
2019-09-20 08:31:36,244 [7372e003-60de-4928-9031-10c7db72eb74:group-F5A0E00D8C3B:LeaderElection19] INFO  impl.RoleInfo (RoleInfo.java:updateAndGet(143)) - 7372e003-60de-4928-9031-10c7db72eb74: start LeaderState
2019-09-20 08:31:36,244 [7372e003-60de-4928-9031-10c7db72eb74:group-F5A0E00D8C3B:LeaderElection19] INFO  segmented.SegmentedRaftLogWorker (SegmentedRaftLogWorker.java:startLogSegment(380)) - 7372e003-60de-4928-9031-10c7db72eb74-SegmentedRaftLogWorker:Storage Directory /workdir/hadoop-ozone/tools/target/test-dir/MiniOzoneClusterImpl-40b1a39e-a15e-4017-a8bd-88793379a06c/datanode-3/data/ratis/55fbcfff-6aea-45e8-8385-f5a0e00d8c3b: Starting segment from index:0
2019-09-20 08:31:36,244 [7372e003-60de-4928-9031-10c7db72eb74:group-F5A0E00D8C3B:LeaderElection19] INFO  impl.RaftServerImpl (ServerState.java:setRaftConf(361)) - 7372e003-60de-4928-9031-10c7db72eb74:group-F5A0E00D8C3B set configuration 0: [7372e003-60de-4928-9031-10c7db72eb74:192.168.34.27:38588], old=null at 0
2019-09-20 08:31:36,283 [Thread-270] INFO  impl.FollowerState (FollowerState.java:run(106)) - 7372e003-60de-4928-9031-10c7db72eb74:group-3097187CD0DC changes to CANDIDATE, lastRpcTime:5172, electionTimeout:5172ms
2019-09-20 08:31:36,283 [Thread-270] INFO  impl.RoleInfo (RoleInfo.java:shutdownFollowerState(121)) - 7372e003-60de-4928-9031-10c7db72eb74: shutdown FollowerState
2019-09-20 08:31:36,283 [Thread-270] INFO  impl.RaftServerImpl (RaftServerImpl.java:setRole(171)) - 7372e003-60de-4928-9031-10c7db72eb74:group-3097187CD0DC changes role from FOLLOWER to CANDIDATE at term 0 for changeToCandidate
2019-09-20 08:31:36,284 [Thread-270] INFO  impl.RoleInfo (RoleInfo.java:updateAndGet(143)) - 7372e003-60de-4928-9031-10c7db72eb74: start LeaderElection
2019-09-20 08:31:36,302 [7372e003-60de-4928-9031-10c7db72eb74-SegmentedRaftLogWorker:Storage Directory /workdir/hadoop-ozone/tools/target/test-dir/MiniOzoneClusterImpl-40b1a39e-a15e-4017-a8bd-88793379a06c/datanode-3/data/ratis/55fbcfff-6aea-45e8-8385-f5a0e00d8c3b] INFO  segmented.SegmentedRaftLogWorker (SegmentedRaftLogWorker.java:execute(569)) - 7372e003-60de-4928-9031-10c7db72eb74-SegmentedRaftLogWorker:Storage Directory /workdir/hadoop-ozone/tools/target/test-dir/MiniOzoneClusterImpl-40b1a39e-a15e-4017-a8bd-88793379a06c/datanode-3/data/ratis/55fbcfff-6aea-45e8-8385-f5a0e00d8c3b: created new log segment /workdir/hadoop-ozone/tools/target/test-dir/MiniOzoneClusterImpl-40b1a39e-a15e-4017-a8bd-88793379a06c/datanode-3/data/ratis/55fbcfff-6aea-45e8-8385-f5a0e00d8c3b/current/log_inprogress_0
2019-09-20 08:31:36,305 [7372e003-60de-4928-9031-10c7db72eb74:group-3097187CD0DC:LeaderElection20] INFO  impl.LeaderElection (LeaderElection.java:askForVotes(181)) - 7372e003-60de-4928-9031-10c7db72eb74:group-3097187CD0DC:LeaderElection20: begin an election at term 1 for -1: [7372e003-60de-4928-9031-10c7db72eb74:192.168.34.27:38588], old=null
2019-09-20 08:31:36,306 [7372e003-60de-4928-9031-10c7db72eb74:group-3097187CD0DC:LeaderElection20] INFO  impl.RoleInfo (RoleInfo.java:shutdownLeaderElection(134)) - 7372e003-60de-4928-9031-10c7db72eb74: shutdown LeaderElection
2019-09-20 08:31:36,306 [7372e003-60de-4928-9031-10c7db72eb74:group-3097187CD0DC:LeaderElection20] INFO  impl.RaftServerImpl (RaftServerImpl.java:setRole(171)) - 7372e003-60de-4928-9031-10c7db72eb74:group-3097187CD0DC changes role from CANDIDATE to LEADER at term 1 for changeToLeader
2019-09-20 08:31:36,306 [7372e003-60de-4928-9031-10c7db72eb74:group-3097187CD0DC:LeaderElection20] INFO  impl.RaftServerImpl (ServerState.java:setLeader(263)) - 7372e003-60de-4928-9031-10c7db72eb74:group-3097187CD0DC change Leader from null to 7372e003-60de-4928-9031-10c7db72eb74 at term 1 for becomeLeader, leader elected after 5199ms
2019-09-20 08:31:36,306 [7372e003-60de-4928-9031-10c7db72eb74:group-3097187CD0DC:LeaderElection20] INFO  server.RaftServerConfigKeys (ConfUtils.java:logGet(43)) - raft.server.staging.catchup.gap = 1000 (default)
2019-09-20 08:31:36,306 [7372e003-60de-4928-9031-10c7db72eb74:group-3097187CD0DC:LeaderElection20] INFO  server.RaftServerConfigKeys (ConfUtils.java:logGet(43)) - raft.server.rpc.sleep.time = 25ms (default)
2019-09-20 08:31:36,306 [7372e003-60de-4928-9031-10c7db72eb74:group-3097187CD0DC:LeaderElection20] INFO  server.RaftServerConfigKeys (ConfUtils.java:logGet(43)) - raft.server.write.element-limit = 4096 (default)
2019-09-20 08:31:36,307 [7372e003-60de-4928-9031-10c7db72eb74:group-3097187CD0DC:LeaderElection20] INFO  server.RaftServerConfigKeys (ConfUtils.java:logGet(43)) - raft.server.watch.timeout = 10s (default)
2019-09-20 08:31:36,307 [7372e003-60de-4928-9031-10c7db72eb74:group-3097187CD0DC:LeaderElection20] INFO  server.RaftServerConfigKeys (ConfUtils.java:logGet(43)) - raft.server.watch.timeout.denomination = 1s (default)
2019-09-20 08:31:36,307 [7372e003-60de-4928-9031-10c7db72eb74:group-3097187CD0DC:LeaderElection20] INFO  server.RaftServerConfigKeys (ConfUtils.java:logGet(43)) - raft.server.watch.element-limit = 65536 (default)
2019-09-20 08:31:36,307 [7372e003-60de-4928-9031-10c7db72eb74:group-3097187CD0DC:LeaderElection20] INFO  impl.RoleInfo (RoleInfo.java:updateAndGet(143)) - 7372e003-60de-4928-9031-10c7db72eb74: start LeaderState
2019-09-20 08:31:36,307 [7372e003-60de-4928-9031-10c7db72eb74:group-3097187CD0DC:LeaderElection20] INFO  segmented.SegmentedRaftLogWorker (SegmentedRaftLogWorker.java:startLogSegment(380)) - 7372e003-60de-4928-9031-10c7db72eb74-SegmentedRaftLogWorker:Storage Directory /workdir/hadoop-ozone/tools/target/test-dir/MiniOzoneClusterImpl-40b1a39e-a15e-4017-a8bd-88793379a06c/datanode-3/data/ratis/2c822db0-062d-494b-83eb-3097187cd0dc: Starting segment from index:0
2019-09-20 08:31:36,308 [7372e003-60de-4928-9031-10c7db72eb74:group-3097187CD0DC:LeaderElection20] INFO  impl.RaftServerImpl (ServerState.java:setRaftConf(361)) - 7372e003-60de-4928-9031-10c7db72eb74:group-3097187CD0DC set configuration 0: [7372e003-60de-4928-9031-10c7db72eb74:192.168.34.27:38588], old=null at 0
2019-09-20 08:31:36,367 [7372e003-60de-4928-9031-10c7db72eb74-SegmentedRaftLogWorker:Storage Directory /workdir/hadoop-ozone/tools/target/test-dir/MiniOzoneClusterImpl-40b1a39e-a15e-4017-a8bd-88793379a06c/datanode-3/data/ratis/2c822db0-062d-494b-83eb-3097187cd0dc] INFO  segmented.SegmentedRaftLogWorker (SegmentedRaftLogWorker.java:execute(569)) - 7372e003-60de-4928-9031-10c7db72eb74-SegmentedRaftLogWorker:Storage Directory /workdir/hadoop-ozone/tools/target/test-dir/MiniOzoneClusterImpl-40b1a39e-a15e-4017-a8bd-88793379a06c/datanode-3/data/ratis/2c822db0-062d-494b-83eb-3097187cd0dc: created new log segment /workdir/hadoop-ozone/tools/target/test-dir/MiniOzoneClusterImpl-40b1a39e-a15e-4017-a8bd-88793379a06c/datanode-3/data/ratis/2c822db0-062d-494b-83eb-3097187cd0dc/current/log_inprogress_0
2019-09-20 08:31:36,419 [Thread-283] INFO  impl.FollowerState (FollowerState.java:run(106)) - 0e595721-d597-45e8-8ba1-cb4ebc325b8e:group-68E3C6F89F56 changes to CANDIDATE, lastRpcTime:5052, electionTimeout:5052ms
2019-09-20 08:31:36,419 [Thread-283] INFO  impl.RoleInfo (RoleInfo.java:shutdownFollowerState(121)) - 0e595721-d597-45e8-8ba1-cb4ebc325b8e: shutdown FollowerState
2019-09-20 08:31:36,419 [Thread-283] INFO  impl.RaftServerImpl (RaftServerImpl.java:setRole(171)) - 0e595721-d597-45e8-8ba1-cb4ebc325b8e:group-68E3C6F89F56 changes role from FOLLOWER to CANDIDATE at term 0 for changeToCandidate
2019-09-20 08:31:36,420 [Thread-283] INFO  impl.RoleInfo (RoleInfo.java:updateAndGet(143)) - 0e595721-d597-45e8-8ba1-cb4ebc325b8e: start LeaderElection
2019-09-20 08:31:36,435 [0e595721-d597-45e8-8ba1-cb4ebc325b8e:group-68E3C6F89F56:LeaderElection21] INFO  impl.LeaderElection (LeaderElection.java:askForVotes(181)) - 0e595721-d597-45e8-8ba1-cb4ebc325b8e:group-68E3C6F89F56:LeaderElection21: begin an election at term 1 for -1: [0e595721-d597-45e8-8ba1-cb4ebc325b8e:192.168.34.27:37759], old=null
2019-09-20 08:31:36,435 [0e595721-d597-45e8-8ba1-cb4ebc325b8e:group-68E3C6F89F56:LeaderElection21] INFO  impl.RoleInfo (RoleInfo.java:shutdownLeaderElection(134)) - 0e595721-d597-45e8-8ba1-cb4ebc325b8e: shutdown LeaderElection
2019-09-20 08:31:36,435 [0e595721-d597-45e8-8ba1-cb4ebc325b8e:group-68E3C6F89F56:LeaderElection21] INFO  impl.RaftServerImpl (RaftServerImpl.java:setRole(171)) - 0e595721-d597-45e8-8ba1-cb4ebc325b8e:group-68E3C6F89F56 changes role from CANDIDATE to LEADER at term 1 for changeToLeader
2019-09-20 08:31:36,435 [0e595721-d597-45e8-8ba1-cb4ebc325b8e:group-68E3C6F89F56:LeaderElection21] INFO  impl.RaftServerImpl (ServerState.java:setLeader(263)) - 0e595721-d597-45e8-8ba1-cb4ebc325b8e:group-68E3C6F89F56 change Leader from null to 0e595721-d597-45e8-8ba1-cb4ebc325b8e at term 1 for becomeLeader, leader elected after 5072ms
2019-09-20 08:31:36,435 [0e595721-d597-45e8-8ba1-cb4ebc325b8e:group-68E3C6F89F56:LeaderElection21] INFO  server.RaftServerConfigKeys (ConfUtils.java:logGet(43)) - raft.server.staging.catchup.gap = 1000 (default)
2019-09-20 08:31:36,435 [0e595721-d597-45e8-8ba1-cb4ebc325b8e:group-68E3C6F89F56:LeaderElection21] INFO  server.RaftServerConfigKeys (ConfUtils.java:logGet(43)) - raft.server.rpc.sleep.time = 25ms (default)
2019-09-20 08:31:36,436 [0e595721-d597-45e8-8ba1-cb4ebc325b8e:group-68E3C6F89F56:LeaderElection21] INFO  server.RaftServerConfigKeys (ConfUtils.java:logGet(43)) - raft.server.write.element-limit = 4096 (default)
2019-09-20 08:31:36,436 [0e595721-d597-45e8-8ba1-cb4ebc325b8e:group-68E3C6F89F56:LeaderElection21] INFO  server.RaftServerConfigKeys (ConfUtils.java:logGet(43)) - raft.server.watch.timeout = 10s (default)
2019-09-20 08:31:36,436 [0e595721-d597-45e8-8ba1-cb4ebc325b8e:group-68E3C6F89F56:LeaderElection21] INFO  server.RaftServerConfigKeys (ConfUtils.java:logGet(43)) - raft.server.watch.timeout.denomination = 1s (default)
2019-09-20 08:31:36,436 [0e595721-d597-45e8-8ba1-cb4ebc325b8e:group-68E3C6F89F56:LeaderElection21] INFO  server.RaftServerConfigKeys (ConfUtils.java:logGet(43)) - raft.server.watch.element-limit = 65536 (default)
2019-09-20 08:31:36,436 [0e595721-d597-45e8-8ba1-cb4ebc325b8e:group-68E3C6F89F56:LeaderElection21] INFO  impl.RoleInfo (RoleInfo.java:updateAndGet(143)) - 0e595721-d597-45e8-8ba1-cb4ebc325b8e: start LeaderState
2019-09-20 08:31:36,437 [0e595721-d597-45e8-8ba1-cb4ebc325b8e:group-68E3C6F89F56:LeaderElection21] INFO  segmented.SegmentedRaftLogWorker (SegmentedRaftLogWorker.java:startLogSegment(380)) - 0e595721-d597-45e8-8ba1-cb4ebc325b8e-SegmentedRaftLogWorker:Storage Directory /workdir/hadoop-ozone/tools/target/test-dir/MiniOzoneClusterImpl-40b1a39e-a15e-4017-a8bd-88793379a06c/datanode-2/data/ratis/a823bd2f-b7d0-48c5-b2a7-68e3c6f89f56: Starting segment from index:0
2019-09-20 08:31:36,437 [0e595721-d597-45e8-8ba1-cb4ebc325b8e:group-68E3C6F89F56:LeaderElection21] INFO  impl.RaftServerImpl (ServerState.java:setRaftConf(361)) - 0e595721-d597-45e8-8ba1-cb4ebc325b8e:group-68E3C6F89F56 set configuration 0: [0e595721-d597-45e8-8ba1-cb4ebc325b8e:192.168.34.27:37759], old=null at 0
2019-09-20 08:31:36,465 [Thread-276] INFO  impl.FollowerState (FollowerState.java:run(106)) - 7afa6414-ef24-48ad-8f55-8b19d11f4e72:group-0F1CF8E17A45 changes to CANDIDATE, lastRpcTime:5208, electionTimeout:5198ms
2019-09-20 08:31:36,465 [Thread-280] INFO  impl.FollowerState (FollowerState.java:run(106)) - f0fc55a7-6908-4f04-ad18-9919b4d1166c:group-8FBBD63F3E70 changes to CANDIDATE, lastRpcTime:5149, electionTimeout:5141ms
2019-09-20 08:31:36,465 [Thread-286] INFO  impl.FollowerState (FollowerState.java:run(106)) - 7afa6414-ef24-48ad-8f55-8b19d11f4e72:group-F3D8B104D431 changes to CANDIDATE, lastRpcTime:5016, electionTimeout:5004ms
2019-09-20 08:31:36,465 [Thread-280] INFO  impl.RoleInfo (RoleInfo.java:shutdownFollowerState(121)) - f0fc55a7-6908-4f04-ad18-9919b4d1166c: shutdown FollowerState
2019-09-20 08:31:36,466 [Thread-280] INFO  impl.RaftServerImpl (RaftServerImpl.java:setRole(171)) - f0fc55a7-6908-4f04-ad18-9919b4d1166c:group-8FBBD63F3E70 changes role from FOLLOWER to CANDIDATE at term 0 for changeToCandidate
2019-09-20 08:31:36,465 [Thread-276] INFO  impl.RoleInfo (RoleInfo.java:shutdownFollowerState(121)) - 7afa6414-ef24-48ad-8f55-8b19d11f4e72: shutdown FollowerState
2019-09-20 08:31:36,466 [Thread-280] INFO  impl.RoleInfo (RoleInfo.java:updateAndGet(143)) - f0fc55a7-6908-4f04-ad18-9919b4d1166c: start LeaderElection
2019-09-20 08:31:36,465 [Thread-286] INFO  impl.RoleInfo (RoleInfo.java:shutdownFollowerState(121)) - 7afa6414-ef24-48ad-8f55-8b19d11f4e72: shutdown FollowerState
2019-09-20 08:31:36,466 [Thread-276] INFO  impl.RaftServerImpl (RaftServerImpl.java:setRole(171)) - 7afa6414-ef24-48ad-8f55-8b19d11f4e72:group-0F1CF8E17A45 changes role from FOLLOWER to CANDIDATE at term 0 for changeToCandidate
2019-09-20 08:31:36,466 [Thread-286] INFO  impl.RaftServerImpl (RaftServerImpl.java:setRole(171)) - 7afa6414-ef24-48ad-8f55-8b19d11f4e72:group-F3D8B104D431 changes role from FOLLOWER to CANDIDATE at term 0 for changeToCandidate
2019-09-20 08:31:36,466 [Thread-276] INFO  impl.RoleInfo (RoleInfo.java:updateAndGet(143)) - 7afa6414-ef24-48ad-8f55-8b19d11f4e72: start LeaderElection
2019-09-20 08:31:36,466 [Thread-286] INFO  impl.RoleInfo (RoleInfo.java:updateAndGet(143)) - 7afa6414-ef24-48ad-8f55-8b19d11f4e72: start LeaderElection
2019-09-20 08:31:36,479 [0e595721-d597-45e8-8ba1-cb4ebc325b8e-SegmentedRaftLogWorker:Storage Directory /workdir/hadoop-ozone/tools/target/test-dir/MiniOzoneClusterImpl-40b1a39e-a15e-4017-a8bd-88793379a06c/datanode-2/data/ratis/a823bd2f-b7d0-48c5-b2a7-68e3c6f89f56] INFO  segmented.SegmentedRaftLogWorker (SegmentedRaftLogWorker.java:execute(569)) - 0e595721-d597-45e8-8ba1-cb4ebc325b8e-SegmentedRaftLogWorker:Storage Directory /workdir/hadoop-ozone/tools/target/test-dir/MiniOzoneClusterImpl-40b1a39e-a15e-4017-a8bd-88793379a06c/datanode-2/data/ratis/a823bd2f-b7d0-48c5-b2a7-68e3c6f89f56: created new log segment /workdir/hadoop-ozone/tools/target/test-dir/MiniOzoneClusterImpl-40b1a39e-a15e-4017-a8bd-88793379a06c/datanode-2/data/ratis/a823bd2f-b7d0-48c5-b2a7-68e3c6f89f56/current/log_inprogress_0
2019-09-20 08:31:36,479 [7afa6414-ef24-48ad-8f55-8b19d11f4e72:group-0F1CF8E17A45:LeaderElection23] INFO  impl.LeaderElection (LeaderElection.java:askForVotes(181)) - 7afa6414-ef24-48ad-8f55-8b19d11f4e72:group-0F1CF8E17A45:LeaderElection23: begin an election at term 1 for -1: [7afa6414-ef24-48ad-8f55-8b19d11f4e72:192.168.34.27:33260], old=null
2019-09-20 08:31:36,479 [f0fc55a7-6908-4f04-ad18-9919b4d1166c:group-8FBBD63F3E70:LeaderElection22] INFO  impl.LeaderElection (LeaderElection.java:askForVotes(181)) - f0fc55a7-6908-4f04-ad18-9919b4d1166c:group-8FBBD63F3E70:LeaderElection22: begin an election at term 1 for -1: [f0fc55a7-6908-4f04-ad18-9919b4d1166c:192.168.34.27:33395], old=null
2019-09-20 08:31:36,479 [7afa6414-ef24-48ad-8f55-8b19d11f4e72:group-0F1CF8E17A45:LeaderElection23] INFO  impl.RoleInfo (RoleInfo.java:shutdownLeaderElection(134)) - 7afa6414-ef24-48ad-8f55-8b19d11f4e72: shutdown LeaderElection
2019-09-20 08:31:36,479 [7afa6414-ef24-48ad-8f55-8b19d11f4e72:group-F3D8B104D431:LeaderElection24] INFO  impl.LeaderElection (LeaderElection.java:askForVotes(181)) - 7afa6414-ef24-48ad-8f55-8b19d11f4e72:group-F3D8B104D431:LeaderElection24: begin an election at term 1 for -1: [7afa6414-ef24-48ad-8f55-8b19d11f4e72:192.168.34.27:33260], old=null
2019-09-20 08:31:36,480 [7afa6414-ef24-48ad-8f55-8b19d11f4e72:group-0F1CF8E17A45:LeaderElection23] INFO  impl.RaftServerImpl (RaftServerImpl.java:setRole(171)) - 7afa6414-ef24-48ad-8f55-8b19d11f4e72:group-0F1CF8E17A45 changes role from CANDIDATE to LEADER at term 1 for changeToLeader
2019-09-20 08:31:36,479 [f0fc55a7-6908-4f04-ad18-9919b4d1166c:group-8FBBD63F3E70:LeaderElection22] INFO  impl.RoleInfo (RoleInfo.java:shutdownLeaderElection(134)) - f0fc55a7-6908-4f04-ad18-9919b4d1166c: shutdown LeaderElection
2019-09-20 08:31:36,480 [7afa6414-ef24-48ad-8f55-8b19d11f4e72:group-0F1CF8E17A45:LeaderElection23] INFO  impl.RaftServerImpl (ServerState.java:setLeader(263)) - 7afa6414-ef24-48ad-8f55-8b19d11f4e72:group-0F1CF8E17A45 change Leader from null to 7afa6414-ef24-48ad-8f55-8b19d11f4e72 at term 1 for becomeLeader, leader elected after 5226ms
2019-09-20 08:31:36,480 [7afa6414-ef24-48ad-8f55-8b19d11f4e72:group-F3D8B104D431:LeaderElection24] INFO  impl.RoleInfo (RoleInfo.java:shutdownLeaderElection(134)) - 7afa6414-ef24-48ad-8f55-8b19d11f4e72: shutdown LeaderElection
2019-09-20 08:31:36,480 [7afa6414-ef24-48ad-8f55-8b19d11f4e72:group-0F1CF8E17A45:LeaderElection23] INFO  server.RaftServerConfigKeys (ConfUtils.java:logGet(43)) - raft.server.staging.catchup.gap = 1000 (default)
2019-09-20 08:31:36,480 [f0fc55a7-6908-4f04-ad18-9919b4d1166c:group-8FBBD63F3E70:LeaderElection22] INFO  impl.RaftServerImpl (RaftServerImpl.java:setRole(171)) - f0fc55a7-6908-4f04-ad18-9919b4d1166c:group-8FBBD63F3E70 changes role from CANDIDATE to LEADER at term 1 for changeToLeader
2019-09-20 08:31:36,480 [7afa6414-ef24-48ad-8f55-8b19d11f4e72:group-0F1CF8E17A45:LeaderElection23] INFO  server.RaftServerConfigKeys (ConfUtils.java:logGet(43)) - raft.server.rpc.sleep.time = 25ms (default)
2019-09-20 08:31:36,480 [7afa6414-ef24-48ad-8f55-8b19d11f4e72:group-F3D8B104D431:LeaderElection24] INFO  impl.RaftServerImpl (RaftServerImpl.java:setRole(171)) - 7afa6414-ef24-48ad-8f55-8b19d11f4e72:group-F3D8B104D431 changes role from CANDIDATE to LEADER at term 1 for changeToLeader
2019-09-20 08:31:36,481 [f0fc55a7-6908-4f04-ad18-9919b4d1166c:group-8FBBD63F3E70:LeaderElection22] INFO  impl.RaftServerImpl (ServerState.java:setLeader(263)) - f0fc55a7-6908-4f04-ad18-9919b4d1166c:group-8FBBD63F3E70 change Leader from null to f0fc55a7-6908-4f04-ad18-9919b4d1166c at term 1 for becomeLeader, leader elected after 5169ms
2019-09-20 08:31:36,481 [7afa6414-ef24-48ad-8f55-8b19d11f4e72:group-0F1CF8E17A45:LeaderElection23] INFO  server.RaftServerConfigKeys (ConfUtils.java:logGet(43)) - raft.server.write.element-limit = 4096 (default)
2019-09-20 08:31:36,481 [7afa6414-ef24-48ad-8f55-8b19d11f4e72:group-F3D8B104D431:LeaderElection24] INFO  impl.RaftServerImpl (ServerState.java:setLeader(263)) - 7afa6414-ef24-48ad-8f55-8b19d11f4e72:group-F3D8B104D431 change Leader from null to 7afa6414-ef24-48ad-8f55-8b19d11f4e72 at term 1 for becomeLeader, leader elected after 5037ms
2019-09-20 08:31:36,481 [7afa6414-ef24-48ad-8f55-8b19d11f4e72:group-0F1CF8E17A45:LeaderElection23] INFO  server.RaftServerConfigKeys (ConfUtils.java:logGet(43)) - raft.server.watch.timeout = 10s (default)
2019-09-20 08:31:36,481 [f0fc55a7-6908-4f04-ad18-9919b4d1166c:group-8FBBD63F3E70:LeaderElection22] INFO  server.RaftServerConfigKeys (ConfUtils.java:logGet(43)) - raft.server.staging.catchup.gap = 1000 (default)
2019-09-20 08:31:36,481 [7afa6414-ef24-48ad-8f55-8b19d11f4e72:group-0F1CF8E17A45:LeaderElection23] INFO  server.RaftServerConfigKeys (ConfUtils.java:logGet(43)) - raft.server.watch.timeout.denomination = 1s (default)
2019-09-20 08:31:36,481 [7afa6414-ef24-48ad-8f55-8b19d11f4e72:group-F3D8B104D431:LeaderElection24] INFO  server.RaftServerConfigKeys (ConfUtils.java:logGet(43)) - raft.server.staging.catchup.gap = 1000 (default)
2019-09-20 08:31:36,482 [7afa6414-ef24-48ad-8f55-8b19d11f4e72:group-0F1CF8E17A45:LeaderElection23] INFO  server.RaftServerConfigKeys (ConfUtils.java:logGet(43)) - raft.server.watch.element-limit = 65536 (default)
2019-09-20 08:31:36,482 [f0fc55a7-6908-4f04-ad18-9919b4d1166c:group-8FBBD63F3E70:LeaderElection22] INFO  server.RaftServerConfigKeys (ConfUtils.java:logGet(43)) - raft.server.rpc.sleep.time = 25ms (default)
2019-09-20 08:31:36,482 [7afa6414-ef24-48ad-8f55-8b19d11f4e72:group-F3D8B104D431:LeaderElection24] INFO  server.RaftServerConfigKeys (ConfUtils.java:logGet(43)) - raft.server.rpc.sleep.time = 25ms (default)
2019-09-20 08:31:36,482 [7afa6414-ef24-48ad-8f55-8b19d11f4e72:group-0F1CF8E17A45:LeaderElection23] INFO  impl.RoleInfo (RoleInfo.java:updateAndGet(143)) - 7afa6414-ef24-48ad-8f55-8b19d11f4e72: start LeaderState
2019-09-20 08:31:36,482 [7afa6414-ef24-48ad-8f55-8b19d11f4e72:group-F3D8B104D431:LeaderElection24] INFO  server.RaftServerConfigKeys (ConfUtils.java:logGet(43)) - raft.server.write.element-limit = 4096 (default)
2019-09-20 08:31:36,482 [f0fc55a7-6908-4f04-ad18-9919b4d1166c:group-8FBBD63F3E70:LeaderElection22] INFO  server.RaftServerConfigKeys (ConfUtils.java:logGet(43)) - raft.server.write.element-limit = 4096 (default)
2019-09-20 08:31:36,483 [7afa6414-ef24-48ad-8f55-8b19d11f4e72:group-0F1CF8E17A45:LeaderElection23] INFO  segmented.SegmentedRaftLogWorker (SegmentedRaftLogWorker.java:startLogSegment(380)) - 7afa6414-ef24-48ad-8f55-8b19d11f4e72-SegmentedRaftLogWorker:Storage Directory /workdir/hadoop-ozone/tools/target/test-dir/MiniOzoneClusterImpl-40b1a39e-a15e-4017-a8bd-88793379a06c/datanode-4/data/ratis/40e24b55-d4f5-4fe2-8bf0-0f1cf8e17a45: Starting segment from index:0
2019-09-20 08:31:36,483 [7afa6414-ef24-48ad-8f55-8b19d11f4e72:group-F3D8B104D431:LeaderElection24] INFO  server.RaftServerConfigKeys (ConfUtils.java:logGet(43)) - raft.server.watch.timeout = 10s (default)
2019-09-20 08:31:36,483 [f0fc55a7-6908-4f04-ad18-9919b4d1166c:group-8FBBD63F3E70:LeaderElection22] INFO  server.RaftServerConfigKeys (ConfUtils.java:logGet(43)) - raft.server.watch.timeout = 10s (default)
2019-09-20 08:31:36,483 [7afa6414-ef24-48ad-8f55-8b19d11f4e72:group-F3D8B104D431:LeaderElection24] INFO  server.RaftServerConfigKeys (ConfUtils.java:logGet(43)) - raft.server.watch.timeout.denomination = 1s (default)
2019-09-20 08:31:36,483 [f0fc55a7-6908-4f04-ad18-9919b4d1166c:group-8FBBD63F3E70:LeaderElection22] INFO  server.RaftServerConfigKeys (ConfUtils.java:logGet(43)) - raft.server.watch.timeout.denomination = 1s (default)
2019-09-20 08:31:36,483 [7afa6414-ef24-48ad-8f55-8b19d11f4e72:group-0F1CF8E17A45:LeaderElection23] INFO  impl.RaftServerImpl (ServerState.java:setRaftConf(361)) - 7afa6414-ef24-48ad-8f55-8b19d11f4e72:group-0F1CF8E17A45 set configuration 0: [7afa6414-ef24-48ad-8f55-8b19d11f4e72:192.168.34.27:33260], old=null at 0
2019-09-20 08:31:36,483 [7afa6414-ef24-48ad-8f55-8b19d11f4e72:group-F3D8B104D431:LeaderElection24] INFO  server.RaftServerConfigKeys (ConfUtils.java:logGet(43)) - raft.server.watch.element-limit = 65536 (default)
2019-09-20 08:31:36,483 [f0fc55a7-6908-4f04-ad18-9919b4d1166c:group-8FBBD63F3E70:LeaderElection22] INFO  server.RaftServerConfigKeys (ConfUtils.java:logGet(43)) - raft.server.watch.element-limit = 65536 (default)
2019-09-20 08:31:36,509 [7afa6414-ef24-48ad-8f55-8b19d11f4e72:group-F3D8B104D431:LeaderElection24] INFO  impl.RoleInfo (RoleInfo.java:updateAndGet(143)) - 7afa6414-ef24-48ad-8f55-8b19d11f4e72: start LeaderState
2019-09-20 08:31:36,509 [f0fc55a7-6908-4f04-ad18-9919b4d1166c:group-8FBBD63F3E70:LeaderElection22] INFO  impl.RoleInfo (RoleInfo.java:updateAndGet(143)) - f0fc55a7-6908-4f04-ad18-9919b4d1166c: start LeaderState
2019-09-20 08:31:36,510 [7afa6414-ef24-48ad-8f55-8b19d11f4e72:group-F3D8B104D431:LeaderElection24] INFO  segmented.SegmentedRaftLogWorker (SegmentedRaftLogWorker.java:startLogSegment(380)) - 7afa6414-ef24-48ad-8f55-8b19d11f4e72-SegmentedRaftLogWorker:Storage Directory /workdir/hadoop-ozone/tools/target/test-dir/MiniOzoneClusterImpl-40b1a39e-a15e-4017-a8bd-88793379a06c/datanode-4/data/ratis/990776f0-5ea3-4a46-ae60-f3d8b104d431: Starting segment from index:0
2019-09-20 08:31:36,510 [f0fc55a7-6908-4f04-ad18-9919b4d1166c:group-8FBBD63F3E70:LeaderElection22] INFO  segmented.SegmentedRaftLogWorker (SegmentedRaftLogWorker.java:startLogSegment(380)) - f0fc55a7-6908-4f04-ad18-9919b4d1166c-SegmentedRaftLogWorker:Storage Directory /workdir/hadoop-ozone/tools/target/test-dir/MiniOzoneClusterImpl-40b1a39e-a15e-4017-a8bd-88793379a06c/datanode-1/data/ratis/7b28026d-aef5-44f1-889d-8fbbd63f3e70: Starting segment from index:0
2019-09-20 08:31:36,510 [7afa6414-ef24-48ad-8f55-8b19d11f4e72:group-F3D8B104D431:LeaderElection24] INFO  impl.RaftServerImpl (ServerState.java:setRaftConf(361)) - 7afa6414-ef24-48ad-8f55-8b19d11f4e72:group-F3D8B104D431 set configuration 0: [7afa6414-ef24-48ad-8f55-8b19d11f4e72:192.168.34.27:33260], old=null at 0
2019-09-20 08:31:36,536 [f0fc55a7-6908-4f04-ad18-9919b4d1166c:group-8FBBD63F3E70:LeaderElection22] INFO  impl.RaftServerImpl (ServerState.java:setRaftConf(361)) - f0fc55a7-6908-4f04-ad18-9919b4d1166c:group-8FBBD63F3E70 set configuration 0: [f0fc55a7-6908-4f04-ad18-9919b4d1166c:192.168.34.27:33395], old=null at 0
2019-09-20 08:31:36,536 [7afa6414-ef24-48ad-8f55-8b19d11f4e72-SegmentedRaftLogWorker:Storage Directory /workdir/hadoop-ozone/tools/target/test-dir/MiniOzoneClusterImpl-40b1a39e-a15e-4017-a8bd-88793379a06c/datanode-4/data/ratis/40e24b55-d4f5-4fe2-8bf0-0f1cf8e17a45] INFO  segmented.SegmentedRaftLogWorker (SegmentedRaftLogWorker.java:execute(569)) - 7afa6414-ef24-48ad-8f55-8b19d11f4e72-SegmentedRaftLogWorker:Storage Directory /workdir/hadoop-ozone/tools/target/test-dir/MiniOzoneClusterImpl-40b1a39e-a15e-4017-a8bd-88793379a06c/datanode-4/data/ratis/40e24b55-d4f5-4fe2-8bf0-0f1cf8e17a45: created new log segment /workdir/hadoop-ozone/tools/target/test-dir/MiniOzoneClusterImpl-40b1a39e-a15e-4017-a8bd-88793379a06c/datanode-4/data/ratis/40e24b55-d4f5-4fe2-8bf0-0f1cf8e17a45/current/log_inprogress_0
2019-09-20 08:31:36,568 [7afa6414-ef24-48ad-8f55-8b19d11f4e72-SegmentedRaftLogWorker:Storage Directory /workdir/hadoop-ozone/tools/target/test-dir/MiniOzoneClusterImpl-40b1a39e-a15e-4017-a8bd-88793379a06c/datanode-4/data/ratis/990776f0-5ea3-4a46-ae60-f3d8b104d431] INFO  segmented.SegmentedRaftLogWorker (SegmentedRaftLogWorker.java:execute(569)) - 7afa6414-ef24-48ad-8f55-8b19d11f4e72-SegmentedRaftLogWorker:Storage Directory /workdir/hadoop-ozone/tools/target/test-dir/MiniOzoneClusterImpl-40b1a39e-a15e-4017-a8bd-88793379a06c/datanode-4/data/ratis/990776f0-5ea3-4a46-ae60-f3d8b104d431: created new log segment /workdir/hadoop-ozone/tools/target/test-dir/MiniOzoneClusterImpl-40b1a39e-a15e-4017-a8bd-88793379a06c/datanode-4/data/ratis/990776f0-5ea3-4a46-ae60-f3d8b104d431/current/log_inprogress_0
2019-09-20 08:31:36,570 | INFO  | SCMAudit | user=jenkins1000 | ip=192.168.34.27 | op=SEND_HEARTBEAT {datanodeUUID=f0fc55a7-6908-4f04-ad18-9919b4d1166c, command=[]} | ret=SUCCESS |  
2019-09-20 08:31:36,580 [Thread-289] INFO  impl.FollowerState (FollowerState.java:run(106)) - 0e595721-d597-45e8-8ba1-cb4ebc325b8e:group-B5F7766E7C06 changes to CANDIDATE, lastRpcTime:5074, electionTimeout:5074ms
2019-09-20 08:31:36,580 [Thread-289] INFO  impl.RoleInfo (RoleInfo.java:shutdownFollowerState(121)) - 0e595721-d597-45e8-8ba1-cb4ebc325b8e: shutdown FollowerState
2019-09-20 08:31:36,580 [f0fc55a7-6908-4f04-ad18-9919b4d1166c-SegmentedRaftLogWorker:Storage Directory /workdir/hadoop-ozone/tools/target/test-dir/MiniOzoneClusterImpl-40b1a39e-a15e-4017-a8bd-88793379a06c/datanode-1/data/ratis/7b28026d-aef5-44f1-889d-8fbbd63f3e70] INFO  segmented.SegmentedRaftLogWorker (SegmentedRaftLogWorker.java:execute(569)) - f0fc55a7-6908-4f04-ad18-9919b4d1166c-SegmentedRaftLogWorker:Storage Directory /workdir/hadoop-ozone/tools/target/test-dir/MiniOzoneClusterImpl-40b1a39e-a15e-4017-a8bd-88793379a06c/datanode-1/data/ratis/7b28026d-aef5-44f1-889d-8fbbd63f3e70: created new log segment /workdir/hadoop-ozone/tools/target/test-dir/MiniOzoneClusterImpl-40b1a39e-a15e-4017-a8bd-88793379a06c/datanode-1/data/ratis/7b28026d-aef5-44f1-889d-8fbbd63f3e70/current/log_inprogress_0
2019-09-20 08:31:36,580 [Thread-289] INFO  impl.RaftServerImpl (RaftServerImpl.java:setRole(171)) - 0e595721-d597-45e8-8ba1-cb4ebc325b8e:group-B5F7766E7C06 changes role from FOLLOWER to CANDIDATE at term 0 for changeToCandidate
2019-09-20 08:31:36,581 [Thread-289] INFO  impl.RoleInfo (RoleInfo.java:updateAndGet(143)) - 0e595721-d597-45e8-8ba1-cb4ebc325b8e: start LeaderElection
2019-09-20 08:31:36,594 [0e595721-d597-45e8-8ba1-cb4ebc325b8e:group-B5F7766E7C06:LeaderElection25] INFO  impl.LeaderElection (LeaderElection.java:askForVotes(181)) - 0e595721-d597-45e8-8ba1-cb4ebc325b8e:group-B5F7766E7C06:LeaderElection25: begin an election at term 1 for -1: [0e595721-d597-45e8-8ba1-cb4ebc325b8e:192.168.34.27:37759], old=null
2019-09-20 08:31:36,594 [0e595721-d597-45e8-8ba1-cb4ebc325b8e:group-B5F7766E7C06:LeaderElection25] INFO  impl.RoleInfo (RoleInfo.java:shutdownLeaderElection(134)) - 0e595721-d597-45e8-8ba1-cb4ebc325b8e: shutdown LeaderElection
2019-09-20 08:31:36,594 [0e595721-d597-45e8-8ba1-cb4ebc325b8e:group-B5F7766E7C06:LeaderElection25] INFO  impl.RaftServerImpl (RaftServerImpl.java:setRole(171)) - 0e595721-d597-45e8-8ba1-cb4ebc325b8e:group-B5F7766E7C06 changes role from CANDIDATE to LEADER at term 1 for changeToLeader
2019-09-20 08:31:36,594 [0e595721-d597-45e8-8ba1-cb4ebc325b8e:group-B5F7766E7C06:LeaderElection25] INFO  impl.RaftServerImpl (ServerState.java:setLeader(263)) - 0e595721-d597-45e8-8ba1-cb4ebc325b8e:group-B5F7766E7C06 change Leader from null to 0e595721-d597-45e8-8ba1-cb4ebc325b8e at term 1 for becomeLeader, leader elected after 5095ms
2019-09-20 08:31:36,595 [0e595721-d597-45e8-8ba1-cb4ebc325b8e:group-B5F7766E7C06:LeaderElection25] INFO  server.RaftServerConfigKeys (ConfUtils.java:logGet(43)) - raft.server.staging.catchup.gap = 1000 (default)
2019-09-20 08:31:36,595 [0e595721-d597-45e8-8ba1-cb4ebc325b8e:group-B5F7766E7C06:LeaderElection25] INFO  server.RaftServerConfigKeys (ConfUtils.java:logGet(43)) - raft.server.rpc.sleep.time = 25ms (default)
2019-09-20 08:31:36,595 [0e595721-d597-45e8-8ba1-cb4ebc325b8e:group-B5F7766E7C06:LeaderElection25] INFO  server.RaftServerConfigKeys (ConfUtils.java:logGet(43)) - raft.server.write.element-limit = 4096 (default)
2019-09-20 08:31:36,595 [0e595721-d597-45e8-8ba1-cb4ebc325b8e:group-B5F7766E7C06:LeaderElection25] INFO  server.RaftServerConfigKeys (ConfUtils.java:logGet(43)) - raft.server.watch.timeout = 10s (default)
2019-09-20 08:31:36,595 [0e595721-d597-45e8-8ba1-cb4ebc325b8e:group-B5F7766E7C06:LeaderElection25] INFO  server.RaftServerConfigKeys (ConfUtils.java:logGet(43)) - raft.server.watch.timeout.denomination = 1s (default)
2019-09-20 08:31:36,595 [0e595721-d597-45e8-8ba1-cb4ebc325b8e:group-B5F7766E7C06:LeaderElection25] INFO  server.RaftServerConfigKeys (ConfUtils.java:logGet(43)) - raft.server.watch.element-limit = 65536 (default)
2019-09-20 08:31:36,596 [0e595721-d597-45e8-8ba1-cb4ebc325b8e:group-B5F7766E7C06:LeaderElection25] INFO  impl.RoleInfo (RoleInfo.java:updateAndGet(143)) - 0e595721-d597-45e8-8ba1-cb4ebc325b8e: start LeaderState
2019-09-20 08:31:36,596 [0e595721-d597-45e8-8ba1-cb4ebc325b8e:group-B5F7766E7C06:LeaderElection25] INFO  segmented.SegmentedRaftLogWorker (SegmentedRaftLogWorker.java:startLogSegment(380)) - 0e595721-d597-45e8-8ba1-cb4ebc325b8e-SegmentedRaftLogWorker:Storage Directory /workdir/hadoop-ozone/tools/target/test-dir/MiniOzoneClusterImpl-40b1a39e-a15e-4017-a8bd-88793379a06c/datanode-2/data/ratis/9510dda5-b27d-4f6a-88f5-b5f7766e7c06: Starting segment from index:0
2019-09-20 08:31:36,596 [0e595721-d597-45e8-8ba1-cb4ebc325b8e:group-B5F7766E7C06:LeaderElection25] INFO  impl.RaftServerImpl (ServerState.java:setRaftConf(361)) - 0e595721-d597-45e8-8ba1-cb4ebc325b8e:group-B5F7766E7C06 set configuration 0: [0e595721-d597-45e8-8ba1-cb4ebc325b8e:192.168.34.27:37759], old=null at 0
2019-09-20 08:31:36,645 [0e595721-d597-45e8-8ba1-cb4ebc325b8e-SegmentedRaftLogWorker:Storage Directory /workdir/hadoop-ozone/tools/target/test-dir/MiniOzoneClusterImpl-40b1a39e-a15e-4017-a8bd-88793379a06c/datanode-2/data/ratis/9510dda5-b27d-4f6a-88f5-b5f7766e7c06] INFO  segmented.SegmentedRaftLogWorker (SegmentedRaftLogWorker.java:execute(569)) - 0e595721-d597-45e8-8ba1-cb4ebc325b8e-SegmentedRaftLogWorker:Storage Directory /workdir/hadoop-ozone/tools/target/test-dir/MiniOzoneClusterImpl-40b1a39e-a15e-4017-a8bd-88793379a06c/datanode-2/data/ratis/9510dda5-b27d-4f6a-88f5-b5f7766e7c06: created new log segment /workdir/hadoop-ozone/tools/target/test-dir/MiniOzoneClusterImpl-40b1a39e-a15e-4017-a8bd-88793379a06c/datanode-2/data/ratis/9510dda5-b27d-4f6a-88f5-b5f7766e7c06/current/log_inprogress_0
2019-09-20 08:31:36,666 [Thread-298] INFO  impl.FollowerState (FollowerState.java:run(106)) - 7afa6414-ef24-48ad-8f55-8b19d11f4e72:group-352C085D2B19 changes to CANDIDATE, lastRpcTime:5008, electionTimeout:5008ms
2019-09-20 08:31:36,666 [Thread-298] INFO  impl.RoleInfo (RoleInfo.java:shutdownFollowerState(121)) - 7afa6414-ef24-48ad-8f55-8b19d11f4e72: shutdown FollowerState
2019-09-20 08:31:36,666 [Thread-298] INFO  impl.RaftServerImpl (RaftServerImpl.java:setRole(171)) - 7afa6414-ef24-48ad-8f55-8b19d11f4e72:group-352C085D2B19 changes role from FOLLOWER to CANDIDATE at term 0 for changeToCandidate
2019-09-20 08:31:36,667 [Thread-298] INFO  impl.RoleInfo (RoleInfo.java:updateAndGet(143)) - 7afa6414-ef24-48ad-8f55-8b19d11f4e72: start LeaderElection
2019-09-20 08:31:36,681 [7afa6414-ef24-48ad-8f55-8b19d11f4e72:group-352C085D2B19:LeaderElection26] INFO  impl.LeaderElection (LeaderElection.java:askForVotes(181)) - 7afa6414-ef24-48ad-8f55-8b19d11f4e72:group-352C085D2B19:LeaderElection26: begin an election at term 1 for -1: [7afa6414-ef24-48ad-8f55-8b19d11f4e72:192.168.34.27:33260], old=null
2019-09-20 08:31:36,681 [7afa6414-ef24-48ad-8f55-8b19d11f4e72:group-352C085D2B19:LeaderElection26] INFO  impl.RoleInfo (RoleInfo.java:shutdownLeaderElection(134)) - 7afa6414-ef24-48ad-8f55-8b19d11f4e72: shutdown LeaderElection
2019-09-20 08:31:36,682 [7afa6414-ef24-48ad-8f55-8b19d11f4e72:group-352C085D2B19:LeaderElection26] INFO  impl.RaftServerImpl (RaftServerImpl.java:setRole(171)) - 7afa6414-ef24-48ad-8f55-8b19d11f4e72:group-352C085D2B19 changes role from CANDIDATE to LEADER at term 1 for changeToLeader
2019-09-20 08:31:36,682 [7afa6414-ef24-48ad-8f55-8b19d11f4e72:group-352C085D2B19:LeaderElection26] INFO  impl.RaftServerImpl (ServerState.java:setLeader(263)) - 7afa6414-ef24-48ad-8f55-8b19d11f4e72:group-352C085D2B19 change Leader from null to 7afa6414-ef24-48ad-8f55-8b19d11f4e72 at term 1 for becomeLeader, leader elected after 5028ms
2019-09-20 08:31:36,682 [7afa6414-ef24-48ad-8f55-8b19d11f4e72:group-352C085D2B19:LeaderElection26] INFO  server.RaftServerConfigKeys (ConfUtils.java:logGet(43)) - raft.server.staging.catchup.gap = 1000 (default)
2019-09-20 08:31:36,682 [7afa6414-ef24-48ad-8f55-8b19d11f4e72:group-352C085D2B19:LeaderElection26] INFO  server.RaftServerConfigKeys (ConfUtils.java:logGet(43)) - raft.server.rpc.sleep.time = 25ms (default)
2019-09-20 08:31:36,682 [7afa6414-ef24-48ad-8f55-8b19d11f4e72:group-352C085D2B19:LeaderElection26] INFO  server.RaftServerConfigKeys (ConfUtils.java:logGet(43)) - raft.server.write.element-limit = 4096 (default)
2019-09-20 08:31:36,682 [7afa6414-ef24-48ad-8f55-8b19d11f4e72:group-352C085D2B19:LeaderElection26] INFO  server.RaftServerConfigKeys (ConfUtils.java:logGet(43)) - raft.server.watch.timeout = 10s (default)
2019-09-20 08:31:36,682 [7afa6414-ef24-48ad-8f55-8b19d11f4e72:group-352C085D2B19:LeaderElection26] INFO  server.RaftServerConfigKeys (ConfUtils.java:logGet(43)) - raft.server.watch.timeout.denomination = 1s (default)
2019-09-20 08:31:36,683 [7afa6414-ef24-48ad-8f55-8b19d11f4e72:group-352C085D2B19:LeaderElection26] INFO  server.RaftServerConfigKeys (ConfUtils.java:logGet(43)) - raft.server.watch.element-limit = 65536 (default)
2019-09-20 08:31:36,683 [7afa6414-ef24-48ad-8f55-8b19d11f4e72:group-352C085D2B19:LeaderElection26] INFO  impl.RoleInfo (RoleInfo.java:updateAndGet(143)) - 7afa6414-ef24-48ad-8f55-8b19d11f4e72: start LeaderState
2019-09-20 08:31:36,683 [7afa6414-ef24-48ad-8f55-8b19d11f4e72:group-352C085D2B19:LeaderElection26] INFO  segmented.SegmentedRaftLogWorker (SegmentedRaftLogWorker.java:startLogSegment(380)) - 7afa6414-ef24-48ad-8f55-8b19d11f4e72-SegmentedRaftLogWorker:Storage Directory /workdir/hadoop-ozone/tools/target/test-dir/MiniOzoneClusterImpl-40b1a39e-a15e-4017-a8bd-88793379a06c/datanode-4/data/ratis/e4e6b45a-8f85-47e5-b5b4-352c085d2b19: Starting segment from index:0
2019-09-20 08:31:36,684 [7afa6414-ef24-48ad-8f55-8b19d11f4e72:group-352C085D2B19:LeaderElection26] INFO  impl.RaftServerImpl (ServerState.java:setRaftConf(361)) - 7afa6414-ef24-48ad-8f55-8b19d11f4e72:group-352C085D2B19 set configuration 0: [7afa6414-ef24-48ad-8f55-8b19d11f4e72:192.168.34.27:33260], old=null at 0
2019-09-20 08:31:36,718 [Thread-292] INFO  impl.FollowerState (FollowerState.java:run(106)) - 0e595721-d597-45e8-8ba1-cb4ebc325b8e:group-D6B7FBA3650F changes to CANDIDATE, lastRpcTime:5160, electionTimeout:5141ms
2019-09-20 08:31:36,718 [Thread-292] INFO  impl.RoleInfo (RoleInfo.java:shutdownFollowerState(121)) - 0e595721-d597-45e8-8ba1-cb4ebc325b8e: shutdown FollowerState
2019-09-20 08:31:36,718 [Thread-292] INFO  impl.RaftServerImpl (RaftServerImpl.java:setRole(171)) - 0e595721-d597-45e8-8ba1-cb4ebc325b8e:group-D6B7FBA3650F changes role from FOLLOWER to CANDIDATE at term 0 for changeToCandidate
2019-09-20 08:31:36,718 [Thread-292] INFO  impl.RoleInfo (RoleInfo.java:updateAndGet(143)) - 0e595721-d597-45e8-8ba1-cb4ebc325b8e: start LeaderElection
2019-09-20 08:31:36,732 [7afa6414-ef24-48ad-8f55-8b19d11f4e72-SegmentedRaftLogWorker:Storage Directory /workdir/hadoop-ozone/tools/target/test-dir/MiniOzoneClusterImpl-40b1a39e-a15e-4017-a8bd-88793379a06c/datanode-4/data/ratis/e4e6b45a-8f85-47e5-b5b4-352c085d2b19] INFO  segmented.SegmentedRaftLogWorker (SegmentedRaftLogWorker.java:execute(569)) - 7afa6414-ef24-48ad-8f55-8b19d11f4e72-SegmentedRaftLogWorker:Storage Directory /workdir/hadoop-ozone/tools/target/test-dir/MiniOzoneClusterImpl-40b1a39e-a15e-4017-a8bd-88793379a06c/datanode-4/data/ratis/e4e6b45a-8f85-47e5-b5b4-352c085d2b19: created new log segment /workdir/hadoop-ozone/tools/target/test-dir/MiniOzoneClusterImpl-40b1a39e-a15e-4017-a8bd-88793379a06c/datanode-4/data/ratis/e4e6b45a-8f85-47e5-b5b4-352c085d2b19/current/log_inprogress_0
2019-09-20 08:31:36,732 [0e595721-d597-45e8-8ba1-cb4ebc325b8e:group-D6B7FBA3650F:LeaderElection27] INFO  impl.LeaderElection (LeaderElection.java:askForVotes(181)) - 0e595721-d597-45e8-8ba1-cb4ebc325b8e:group-D6B7FBA3650F:LeaderElection27: begin an election at term 1 for -1: [0e595721-d597-45e8-8ba1-cb4ebc325b8e:192.168.34.27:37759], old=null
2019-09-20 08:31:36,733 [0e595721-d597-45e8-8ba1-cb4ebc325b8e:group-D6B7FBA3650F:LeaderElection27] INFO  impl.RoleInfo (RoleInfo.java:shutdownLeaderElection(134)) - 0e595721-d597-45e8-8ba1-cb4ebc325b8e: shutdown LeaderElection
2019-09-20 08:31:36,733 [0e595721-d597-45e8-8ba1-cb4ebc325b8e:group-D6B7FBA3650F:LeaderElection27] INFO  impl.RaftServerImpl (RaftServerImpl.java:setRole(171)) - 0e595721-d597-45e8-8ba1-cb4ebc325b8e:group-D6B7FBA3650F changes role from CANDIDATE to LEADER at term 1 for changeToLeader
2019-09-20 08:31:36,733 [0e595721-d597-45e8-8ba1-cb4ebc325b8e:group-D6B7FBA3650F:LeaderElection27] INFO  impl.RaftServerImpl (ServerState.java:setLeader(263)) - 0e595721-d597-45e8-8ba1-cb4ebc325b8e:group-D6B7FBA3650F change Leader from null to 0e595721-d597-45e8-8ba1-cb4ebc325b8e at term 1 for becomeLeader, leader elected after 5179ms
2019-09-20 08:31:36,733 [0e595721-d597-45e8-8ba1-cb4ebc325b8e:group-D6B7FBA3650F:LeaderElection27] INFO  server.RaftServerConfigKeys (ConfUtils.java:logGet(43)) - raft.server.staging.catchup.gap = 1000 (default)
2019-09-20 08:31:36,733 [0e595721-d597-45e8-8ba1-cb4ebc325b8e:group-D6B7FBA3650F:LeaderElection27] INFO  server.RaftServerConfigKeys (ConfUtils.java:logGet(43)) - raft.server.rpc.sleep.time = 25ms (default)
2019-09-20 08:31:36,733 [0e595721-d597-45e8-8ba1-cb4ebc325b8e:group-D6B7FBA3650F:LeaderElection27] INFO  server.RaftServerConfigKeys (ConfUtils.java:logGet(43)) - raft.server.write.element-limit = 4096 (default)
2019-09-20 08:31:36,734 [0e595721-d597-45e8-8ba1-cb4ebc325b8e:group-D6B7FBA3650F:LeaderElection27] INFO  server.RaftServerConfigKeys (ConfUtils.java:logGet(43)) - raft.server.watch.timeout = 10s (default)
2019-09-20 08:31:36,734 [0e595721-d597-45e8-8ba1-cb4ebc325b8e:group-D6B7FBA3650F:LeaderElection27] INFO  server.RaftServerConfigKeys (ConfUtils.java:logGet(43)) - raft.server.watch.timeout.denomination = 1s (default)
2019-09-20 08:31:36,734 [0e595721-d597-45e8-8ba1-cb4ebc325b8e:group-D6B7FBA3650F:LeaderElection27] INFO  server.RaftServerConfigKeys (ConfUtils.java:logGet(43)) - raft.server.watch.element-limit = 65536 (default)
2019-09-20 08:31:36,734 [0e595721-d597-45e8-8ba1-cb4ebc325b8e:group-D6B7FBA3650F:LeaderElection27] INFO  impl.RoleInfo (RoleInfo.java:updateAndGet(143)) - 0e595721-d597-45e8-8ba1-cb4ebc325b8e: start LeaderState
2019-09-20 08:31:36,734 [0e595721-d597-45e8-8ba1-cb4ebc325b8e:group-D6B7FBA3650F:LeaderElection27] INFO  segmented.SegmentedRaftLogWorker (SegmentedRaftLogWorker.java:startLogSegment(380)) - 0e595721-d597-45e8-8ba1-cb4ebc325b8e-SegmentedRaftLogWorker:Storage Directory /workdir/hadoop-ozone/tools/target/test-dir/MiniOzoneClusterImpl-40b1a39e-a15e-4017-a8bd-88793379a06c/datanode-2/data/ratis/d42172c7-252d-42a9-a1f9-d6b7fba3650f: Starting segment from index:0
2019-09-20 08:31:36,735 [0e595721-d597-45e8-8ba1-cb4ebc325b8e:group-D6B7FBA3650F:LeaderElection27] INFO  impl.RaftServerImpl (ServerState.java:setRaftConf(361)) - 0e595721-d597-45e8-8ba1-cb4ebc325b8e:group-D6B7FBA3650F set configuration 0: [0e595721-d597-45e8-8ba1-cb4ebc325b8e:192.168.34.27:37759], old=null at 0
2019-09-20 08:31:36,764 [Thread-304] INFO  impl.FollowerState (FollowerState.java:run(106)) - 7afa6414-ef24-48ad-8f55-8b19d11f4e72:group-92FE4091CD69 changes to CANDIDATE, lastRpcTime:5006, electionTimeout:5006ms
2019-09-20 08:31:36,764 [Thread-304] INFO  impl.RoleInfo (RoleInfo.java:shutdownFollowerState(121)) - 7afa6414-ef24-48ad-8f55-8b19d11f4e72: shutdown FollowerState
2019-09-20 08:31:36,764 [Thread-304] INFO  impl.RaftServerImpl (RaftServerImpl.java:setRole(171)) - 7afa6414-ef24-48ad-8f55-8b19d11f4e72:group-92FE4091CD69 changes role from FOLLOWER to CANDIDATE at term 0 for changeToCandidate
2019-09-20 08:31:36,764 [Thread-304] INFO  impl.RoleInfo (RoleInfo.java:updateAndGet(143)) - 7afa6414-ef24-48ad-8f55-8b19d11f4e72: start LeaderElection
2019-09-20 08:31:36,780 [Thread-295] INFO  impl.FollowerState (FollowerState.java:run(106)) - 0e595721-d597-45e8-8ba1-cb4ebc325b8e:group-FF8B45ACCAA0 changes to CANDIDATE, lastRpcTime:5172, electionTimeout:5172ms
2019-09-20 08:31:36,780 [Thread-295] INFO  impl.RoleInfo (RoleInfo.java:shutdownFollowerState(121)) - 0e595721-d597-45e8-8ba1-cb4ebc325b8e: shutdown FollowerState
2019-09-20 08:31:36,780 [Thread-295] INFO  impl.RaftServerImpl (RaftServerImpl.java:setRole(171)) - 0e595721-d597-45e8-8ba1-cb4ebc325b8e:group-FF8B45ACCAA0 changes role from FOLLOWER to CANDIDATE at term 0 for changeToCandidate
2019-09-20 08:31:36,781 [Thread-295] INFO  impl.RoleInfo (RoleInfo.java:updateAndGet(143)) - 0e595721-d597-45e8-8ba1-cb4ebc325b8e: start LeaderElection
2019-09-20 08:31:36,785 [0e595721-d597-45e8-8ba1-cb4ebc325b8e-SegmentedRaftLogWorker:Storage Directory /workdir/hadoop-ozone/tools/target/test-dir/MiniOzoneClusterImpl-40b1a39e-a15e-4017-a8bd-88793379a06c/datanode-2/data/ratis/d42172c7-252d-42a9-a1f9-d6b7fba3650f] INFO  segmented.SegmentedRaftLogWorker (SegmentedRaftLogWorker.java:execute(569)) - 0e595721-d597-45e8-8ba1-cb4ebc325b8e-SegmentedRaftLogWorker:Storage Directory /workdir/hadoop-ozone/tools/target/test-dir/MiniOzoneClusterImpl-40b1a39e-a15e-4017-a8bd-88793379a06c/datanode-2/data/ratis/d42172c7-252d-42a9-a1f9-d6b7fba3650f: created new log segment /workdir/hadoop-ozone/tools/target/test-dir/MiniOzoneClusterImpl-40b1a39e-a15e-4017-a8bd-88793379a06c/datanode-2/data/ratis/d42172c7-252d-42a9-a1f9-d6b7fba3650f/current/log_inprogress_0
2019-09-20 08:31:36,785 [7afa6414-ef24-48ad-8f55-8b19d11f4e72:group-92FE4091CD69:LeaderElection28] INFO  impl.LeaderElection (LeaderElection.java:askForVotes(181)) - 7afa6414-ef24-48ad-8f55-8b19d11f4e72:group-92FE4091CD69:LeaderElection28: begin an election at term 1 for -1: [7afa6414-ef24-48ad-8f55-8b19d11f4e72:192.168.34.27:33260], old=null
2019-09-20 08:31:36,786 [7afa6414-ef24-48ad-8f55-8b19d11f4e72:group-92FE4091CD69:LeaderElection28] INFO  impl.RoleInfo (RoleInfo.java:shutdownLeaderElection(134)) - 7afa6414-ef24-48ad-8f55-8b19d11f4e72: shutdown LeaderElection
2019-09-20 08:31:36,786 [7afa6414-ef24-48ad-8f55-8b19d11f4e72:group-92FE4091CD69:LeaderElection28] INFO  impl.RaftServerImpl (RaftServerImpl.java:setRole(171)) - 7afa6414-ef24-48ad-8f55-8b19d11f4e72:group-92FE4091CD69 changes role from CANDIDATE to LEADER at term 1 for changeToLeader
2019-09-20 08:31:36,786 [7afa6414-ef24-48ad-8f55-8b19d11f4e72:group-92FE4091CD69:LeaderElection28] INFO  impl.RaftServerImpl (ServerState.java:setLeader(263)) - 7afa6414-ef24-48ad-8f55-8b19d11f4e72:group-92FE4091CD69 change Leader from null to 7afa6414-ef24-48ad-8f55-8b19d11f4e72 at term 1 for becomeLeader, leader elected after 5032ms
2019-09-20 08:31:36,786 [7afa6414-ef24-48ad-8f55-8b19d11f4e72:group-92FE4091CD69:LeaderElection28] INFO  server.RaftServerConfigKeys (ConfUtils.java:logGet(43)) - raft.server.staging.catchup.gap = 1000 (default)
2019-09-20 08:31:36,786 [7afa6414-ef24-48ad-8f55-8b19d11f4e72:group-92FE4091CD69:LeaderElection28] INFO  server.RaftServerConfigKeys (ConfUtils.java:logGet(43)) - raft.server.rpc.sleep.time = 25ms (default)
2019-09-20 08:31:36,787 [7afa6414-ef24-48ad-8f55-8b19d11f4e72:group-92FE4091CD69:LeaderElection28] INFO  server.RaftServerConfigKeys (ConfUtils.java:logGet(43)) - raft.server.write.element-limit = 4096 (default)
2019-09-20 08:31:36,787 [7afa6414-ef24-48ad-8f55-8b19d11f4e72:group-92FE4091CD69:LeaderElection28] INFO  server.RaftServerConfigKeys (ConfUtils.java:logGet(43)) - raft.server.watch.timeout = 10s (default)
2019-09-20 08:31:36,787 [7afa6414-ef24-48ad-8f55-8b19d11f4e72:group-92FE4091CD69:LeaderElection28] INFO  server.RaftServerConfigKeys (ConfUtils.java:logGet(43)) - raft.server.watch.timeout.denomination = 1s (default)
2019-09-20 08:31:36,787 [7afa6414-ef24-48ad-8f55-8b19d11f4e72:group-92FE4091CD69:LeaderElection28] INFO  server.RaftServerConfigKeys (ConfUtils.java:logGet(43)) - raft.server.watch.element-limit = 65536 (default)
2019-09-20 08:31:36,787 [0e595721-d597-45e8-8ba1-cb4ebc325b8e:group-FF8B45ACCAA0:LeaderElection29] INFO  impl.LeaderElection (LeaderElection.java:askForVotes(181)) - 0e595721-d597-45e8-8ba1-cb4ebc325b8e:group-FF8B45ACCAA0:LeaderElection29: begin an election at term 1 for -1: [0e595721-d597-45e8-8ba1-cb4ebc325b8e:192.168.34.27:37759], old=null
2019-09-20 08:31:36,787 [7afa6414-ef24-48ad-8f55-8b19d11f4e72:group-92FE4091CD69:LeaderElection28] INFO  impl.RoleInfo (RoleInfo.java:updateAndGet(143)) - 7afa6414-ef24-48ad-8f55-8b19d11f4e72: start LeaderState
2019-09-20 08:31:36,787 [0e595721-d597-45e8-8ba1-cb4ebc325b8e:group-FF8B45ACCAA0:LeaderElection29] INFO  impl.RoleInfo (RoleInfo.java:shutdownLeaderElection(134)) - 0e595721-d597-45e8-8ba1-cb4ebc325b8e: shutdown LeaderElection
2019-09-20 08:31:36,788 [7afa6414-ef24-48ad-8f55-8b19d11f4e72:group-92FE4091CD69:LeaderElection28] INFO  segmented.SegmentedRaftLogWorker (SegmentedRaftLogWorker.java:startLogSegment(380)) - 7afa6414-ef24-48ad-8f55-8b19d11f4e72-SegmentedRaftLogWorker:Storage Directory /workdir/hadoop-ozone/tools/target/test-dir/MiniOzoneClusterImpl-40b1a39e-a15e-4017-a8bd-88793379a06c/datanode-4/data/ratis/ef3feb53-9aef-4eeb-b22c-92fe4091cd69: Starting segment from index:0
2019-09-20 08:31:36,788 [0e595721-d597-45e8-8ba1-cb4ebc325b8e:group-FF8B45ACCAA0:LeaderElection29] INFO  impl.RaftServerImpl (RaftServerImpl.java:setRole(171)) - 0e595721-d597-45e8-8ba1-cb4ebc325b8e:group-FF8B45ACCAA0 changes role from CANDIDATE to LEADER at term 1 for changeToLeader
2019-09-20 08:31:36,788 [0e595721-d597-45e8-8ba1-cb4ebc325b8e:group-FF8B45ACCAA0:LeaderElection29] INFO  impl.RaftServerImpl (ServerState.java:setLeader(263)) - 0e595721-d597-45e8-8ba1-cb4ebc325b8e:group-FF8B45ACCAA0 change Leader from null to 0e595721-d597-45e8-8ba1-cb4ebc325b8e at term 1 for becomeLeader, leader elected after 5185ms
2019-09-20 08:31:36,788 [0e595721-d597-45e8-8ba1-cb4ebc325b8e:group-FF8B45ACCAA0:LeaderElection29] INFO  server.RaftServerConfigKeys (ConfUtils.java:logGet(43)) - raft.server.staging.catchup.gap = 1000 (default)
2019-09-20 08:31:36,788 [7afa6414-ef24-48ad-8f55-8b19d11f4e72:group-92FE4091CD69:LeaderElection28] INFO  impl.RaftServerImpl (ServerState.java:setRaftConf(361)) - 7afa6414-ef24-48ad-8f55-8b19d11f4e72:group-92FE4091CD69 set configuration 0: [7afa6414-ef24-48ad-8f55-8b19d11f4e72:192.168.34.27:33260], old=null at 0
2019-09-20 08:31:36,788 [0e595721-d597-45e8-8ba1-cb4ebc325b8e:group-FF8B45ACCAA0:LeaderElection29] INFO  server.RaftServerConfigKeys (ConfUtils.java:logGet(43)) - raft.server.rpc.sleep.time = 25ms (default)
2019-09-20 08:31:36,823 [0e595721-d597-45e8-8ba1-cb4ebc325b8e:group-FF8B45ACCAA0:LeaderElection29] INFO  server.RaftServerConfigKeys (ConfUtils.java:logGet(43)) - raft.server.write.element-limit = 4096 (default)
2019-09-20 08:31:36,824 [0e595721-d597-45e8-8ba1-cb4ebc325b8e:group-FF8B45ACCAA0:LeaderElection29] INFO  server.RaftServerConfigKeys (ConfUtils.java:logGet(43)) - raft.server.watch.timeout = 10s (default)
2019-09-20 08:31:36,824 [0e595721-d597-45e8-8ba1-cb4ebc325b8e:group-FF8B45ACCAA0:LeaderElection29] INFO  server.RaftServerConfigKeys (ConfUtils.java:logGet(43)) - raft.server.watch.timeout.denomination = 1s (default)
2019-09-20 08:31:36,824 [0e595721-d597-45e8-8ba1-cb4ebc325b8e:group-FF8B45ACCAA0:LeaderElection29] INFO  server.RaftServerConfigKeys (ConfUtils.java:logGet(43)) - raft.server.watch.element-limit = 65536 (default)
2019-09-20 08:31:36,824 [0e595721-d597-45e8-8ba1-cb4ebc325b8e:group-FF8B45ACCAA0:LeaderElection29] INFO  impl.RoleInfo (RoleInfo.java:updateAndGet(143)) - 0e595721-d597-45e8-8ba1-cb4ebc325b8e: start LeaderState
2019-09-20 08:31:36,824 [0e595721-d597-45e8-8ba1-cb4ebc325b8e:group-FF8B45ACCAA0:LeaderElection29] INFO  segmented.SegmentedRaftLogWorker (SegmentedRaftLogWorker.java:startLogSegment(380)) - 0e595721-d597-45e8-8ba1-cb4ebc325b8e-SegmentedRaftLogWorker:Storage Directory /workdir/hadoop-ozone/tools/target/test-dir/MiniOzoneClusterImpl-40b1a39e-a15e-4017-a8bd-88793379a06c/datanode-2/data/ratis/f8df75bb-6a44-4caf-83b1-ff8b45accaa0: Starting segment from index:0
2019-09-20 08:31:36,825 [0e595721-d597-45e8-8ba1-cb4ebc325b8e:group-FF8B45ACCAA0:LeaderElection29] INFO  impl.RaftServerImpl (ServerState.java:setRaftConf(361)) - 0e595721-d597-45e8-8ba1-cb4ebc325b8e:group-FF8B45ACCAA0 set configuration 0: [0e595721-d597-45e8-8ba1-cb4ebc325b8e:192.168.34.27:37759], old=null at 0
2019-09-20 08:31:36,864 [7afa6414-ef24-48ad-8f55-8b19d11f4e72-SegmentedRaftLogWorker:Storage Directory /workdir/hadoop-ozone/tools/target/test-dir/MiniOzoneClusterImpl-40b1a39e-a15e-4017-a8bd-88793379a06c/datanode-4/data/ratis/ef3feb53-9aef-4eeb-b22c-92fe4091cd69] INFO  segmented.SegmentedRaftLogWorker (SegmentedRaftLogWorker.java:execute(569)) - 7afa6414-ef24-48ad-8f55-8b19d11f4e72-SegmentedRaftLogWorker:Storage Directory /workdir/hadoop-ozone/tools/target/test-dir/MiniOzoneClusterImpl-40b1a39e-a15e-4017-a8bd-88793379a06c/datanode-4/data/ratis/ef3feb53-9aef-4eeb-b22c-92fe4091cd69: created new log segment /workdir/hadoop-ozone/tools/target/test-dir/MiniOzoneClusterImpl-40b1a39e-a15e-4017-a8bd-88793379a06c/datanode-4/data/ratis/ef3feb53-9aef-4eeb-b22c-92fe4091cd69/current/log_inprogress_0
2019-09-20 08:31:36,888 [0e595721-d597-45e8-8ba1-cb4ebc325b8e-SegmentedRaftLogWorker:Storage Directory /workdir/hadoop-ozone/tools/target/test-dir/MiniOzoneClusterImpl-40b1a39e-a15e-4017-a8bd-88793379a06c/datanode-2/data/ratis/f8df75bb-6a44-4caf-83b1-ff8b45accaa0] INFO  segmented.SegmentedRaftLogWorker (SegmentedRaftLogWorker.java:execute(569)) - 0e595721-d597-45e8-8ba1-cb4ebc325b8e-SegmentedRaftLogWorker:Storage Directory /workdir/hadoop-ozone/tools/target/test-dir/MiniOzoneClusterImpl-40b1a39e-a15e-4017-a8bd-88793379a06c/datanode-2/data/ratis/f8df75bb-6a44-4caf-83b1-ff8b45accaa0: created new log segment /workdir/hadoop-ozone/tools/target/test-dir/MiniOzoneClusterImpl-40b1a39e-a15e-4017-a8bd-88793379a06c/datanode-2/data/ratis/f8df75bb-6a44-4caf-83b1-ff8b45accaa0/current/log_inprogress_0
2019-09-20 08:31:36,890 [Thread-301] INFO  impl.FollowerState (FollowerState.java:run(106)) - 7afa6414-ef24-48ad-8f55-8b19d11f4e72:group-BD0B0730A988 changes to CANDIDATE, lastRpcTime:5182, electionTimeout:5182ms
2019-09-20 08:31:36,890 [Thread-301] INFO  impl.RoleInfo (RoleInfo.java:shutdownFollowerState(121)) - 7afa6414-ef24-48ad-8f55-8b19d11f4e72: shutdown FollowerState
2019-09-20 08:31:36,891 [Thread-301] INFO  impl.RaftServerImpl (RaftServerImpl.java:setRole(171)) - 7afa6414-ef24-48ad-8f55-8b19d11f4e72:group-BD0B0730A988 changes role from FOLLOWER to CANDIDATE at term 0 for changeToCandidate
2019-09-20 08:31:36,891 [Thread-301] INFO  impl.RoleInfo (RoleInfo.java:updateAndGet(143)) - 7afa6414-ef24-48ad-8f55-8b19d11f4e72: start LeaderElection
2019-09-20 08:31:36,902 [7afa6414-ef24-48ad-8f55-8b19d11f4e72:group-BD0B0730A988:LeaderElection30] INFO  impl.LeaderElection (LeaderElection.java:askForVotes(181)) - 7afa6414-ef24-48ad-8f55-8b19d11f4e72:group-BD0B0730A988:LeaderElection30: begin an election at term 1 for -1: [7afa6414-ef24-48ad-8f55-8b19d11f4e72:192.168.34.27:33260], old=null
2019-09-20 08:31:36,902 [7afa6414-ef24-48ad-8f55-8b19d11f4e72:group-BD0B0730A988:LeaderElection30] INFO  impl.RoleInfo (RoleInfo.java:shutdownLeaderElection(134)) - 7afa6414-ef24-48ad-8f55-8b19d11f4e72: shutdown LeaderElection
2019-09-20 08:31:36,902 [7afa6414-ef24-48ad-8f55-8b19d11f4e72:group-BD0B0730A988:LeaderElection30] INFO  impl.RaftServerImpl (RaftServerImpl.java:setRole(171)) - 7afa6414-ef24-48ad-8f55-8b19d11f4e72:group-BD0B0730A988 changes role from CANDIDATE to LEADER at term 1 for changeToLeader
2019-09-20 08:31:36,903 [7afa6414-ef24-48ad-8f55-8b19d11f4e72:group-BD0B0730A988:LeaderElection30] INFO  impl.RaftServerImpl (ServerState.java:setLeader(263)) - 7afa6414-ef24-48ad-8f55-8b19d11f4e72:group-BD0B0730A988 change Leader from null to 7afa6414-ef24-48ad-8f55-8b19d11f4e72 at term 1 for becomeLeader, leader elected after 5199ms
2019-09-20 08:31:36,903 [7afa6414-ef24-48ad-8f55-8b19d11f4e72:group-BD0B0730A988:LeaderElection30] INFO  server.RaftServerConfigKeys (ConfUtils.java:logGet(43)) - raft.server.staging.catchup.gap = 1000 (default)
2019-09-20 08:31:36,903 [7afa6414-ef24-48ad-8f55-8b19d11f4e72:group-BD0B0730A988:LeaderElection30] INFO  server.RaftServerConfigKeys (ConfUtils.java:logGet(43)) - raft.server.rpc.sleep.time = 25ms (default)
2019-09-20 08:31:36,903 [7afa6414-ef24-48ad-8f55-8b19d11f4e72:group-BD0B0730A988:LeaderElection30] INFO  server.RaftServerConfigKeys (ConfUtils.java:logGet(43)) - raft.server.write.element-limit = 4096 (default)
2019-09-20 08:31:36,903 [7afa6414-ef24-48ad-8f55-8b19d11f4e72:group-BD0B0730A988:LeaderElection30] INFO  server.RaftServerConfigKeys (ConfUtils.java:logGet(43)) - raft.server.watch.timeout = 10s (default)
2019-09-20 08:31:36,903 [7afa6414-ef24-48ad-8f55-8b19d11f4e72:group-BD0B0730A988:LeaderElection30] INFO  server.RaftServerConfigKeys (ConfUtils.java:logGet(43)) - raft.server.watch.timeout.denomination = 1s (default)
2019-09-20 08:31:36,904 [7afa6414-ef24-48ad-8f55-8b19d11f4e72:group-BD0B0730A988:LeaderElection30] INFO  server.RaftServerConfigKeys (ConfUtils.java:logGet(43)) - raft.server.watch.element-limit = 65536 (default)
2019-09-20 08:31:36,904 [7afa6414-ef24-48ad-8f55-8b19d11f4e72:group-BD0B0730A988:LeaderElection30] INFO  impl.RoleInfo (RoleInfo.java:updateAndGet(143)) - 7afa6414-ef24-48ad-8f55-8b19d11f4e72: start LeaderState
2019-09-20 08:31:36,904 [7afa6414-ef24-48ad-8f55-8b19d11f4e72:group-BD0B0730A988:LeaderElection30] INFO  segmented.SegmentedRaftLogWorker (SegmentedRaftLogWorker.java:startLogSegment(380)) - 7afa6414-ef24-48ad-8f55-8b19d11f4e72-SegmentedRaftLogWorker:Storage Directory /workdir/hadoop-ozone/tools/target/test-dir/MiniOzoneClusterImpl-40b1a39e-a15e-4017-a8bd-88793379a06c/datanode-4/data/ratis/c0580ce8-9231-472f-83bc-bd0b0730a988: Starting segment from index:0
2019-09-20 08:31:36,905 [7afa6414-ef24-48ad-8f55-8b19d11f4e72:group-BD0B0730A988:LeaderElection30] INFO  impl.RaftServerImpl (ServerState.java:setRaftConf(361)) - 7afa6414-ef24-48ad-8f55-8b19d11f4e72:group-BD0B0730A988 set configuration 0: [7afa6414-ef24-48ad-8f55-8b19d11f4e72:192.168.34.27:33260], old=null at 0
2019-09-20 08:31:36,951 [7afa6414-ef24-48ad-8f55-8b19d11f4e72-SegmentedRaftLogWorker:Storage Directory /workdir/hadoop-ozone/tools/target/test-dir/MiniOzoneClusterImpl-40b1a39e-a15e-4017-a8bd-88793379a06c/datanode-4/data/ratis/c0580ce8-9231-472f-83bc-bd0b0730a988] INFO  segmented.SegmentedRaftLogWorker (SegmentedRaftLogWorker.java:execute(569)) - 7afa6414-ef24-48ad-8f55-8b19d11f4e72-SegmentedRaftLogWorker:Storage Directory /workdir/hadoop-ozone/tools/target/test-dir/MiniOzoneClusterImpl-40b1a39e-a15e-4017-a8bd-88793379a06c/datanode-4/data/ratis/c0580ce8-9231-472f-83bc-bd0b0730a988: created new log segment /workdir/hadoop-ozone/tools/target/test-dir/MiniOzoneClusterImpl-40b1a39e-a15e-4017-a8bd-88793379a06c/datanode-4/data/ratis/c0580ce8-9231-472f-83bc-bd0b0730a988/current/log_inprogress_0
2019-09-20 08:31:37,179 | INFO  | SCMAudit | user=jenkins1000 | ip=192.168.34.27 | op=SEND_HEARTBEAT {datanodeUUID=0e595721-d597-45e8-8ba1-cb4ebc325b8e, command=[]} | ret=SUCCESS |  
2019-09-20 08:31:37,182 | INFO  | SCMAudit | user=jenkins1000 | ip=192.168.34.27 | op=SEND_HEARTBEAT {datanodeUUID=7372e003-60de-4928-9031-10c7db72eb74, command=[]} | ret=SUCCESS |  
2019-09-20 08:31:37,225 | INFO  | SCMAudit | user=jenkins1000 | ip=192.168.34.27 | op=SEND_HEARTBEAT {datanodeUUID=b1d6c399-222b-48d2-8034-ed92e0cf00a0, command=[]} | ret=SUCCESS |  
2019-09-20 08:31:37,239 | INFO  | SCMAudit | user=jenkins1000 | ip=192.168.34.27 | op=SEND_HEARTBEAT {datanodeUUID=7afa6414-ef24-48ad-8f55-8b19d11f4e72, command=[]} | ret=SUCCESS |  
2019-09-20 08:31:37,569 | INFO  | SCMAudit | user=jenkins1000 | ip=192.168.34.27 | op=SEND_HEARTBEAT {datanodeUUID=f0fc55a7-6908-4f04-ad18-9919b4d1166c, command=[]} | ret=SUCCESS |  
2019-09-20 08:31:38,178 | INFO  | SCMAudit | user=jenkins1000 | ip=192.168.34.27 | op=SEND_HEARTBEAT {datanodeUUID=0e595721-d597-45e8-8ba1-cb4ebc325b8e, command=[]} | ret=SUCCESS |  
2019-09-20 08:31:38,182 | INFO  | SCMAudit | user=jenkins1000 | ip=192.168.34.27 | op=SEND_HEARTBEAT {datanodeUUID=7372e003-60de-4928-9031-10c7db72eb74, command=[]} | ret=SUCCESS |  
2019-09-20 08:31:38,226 | INFO  | SCMAudit | user=jenkins1000 | ip=192.168.34.27 | op=SEND_HEARTBEAT {datanodeUUID=b1d6c399-222b-48d2-8034-ed92e0cf00a0, command=[]} | ret=SUCCESS |  
2019-09-20 08:31:38,239 | INFO  | SCMAudit | user=jenkins1000 | ip=192.168.34.27 | op=SEND_HEARTBEAT {datanodeUUID=7afa6414-ef24-48ad-8f55-8b19d11f4e72, command=[]} | ret=SUCCESS |  
2019-09-20 08:31:38,569 | INFO  | SCMAudit | user=jenkins1000 | ip=192.168.34.27 | op=SEND_HEARTBEAT {datanodeUUID=f0fc55a7-6908-4f04-ad18-9919b4d1166c, command=[]} | ret=SUCCESS |  
2019-09-20 08:31:39,178 | INFO  | SCMAudit | user=jenkins1000 | ip=192.168.34.27 | op=SEND_HEARTBEAT {datanodeUUID=0e595721-d597-45e8-8ba1-cb4ebc325b8e, command=[]} | ret=SUCCESS |  
2019-09-20 08:31:39,182 | INFO  | SCMAudit | user=jenkins1000 | ip=192.168.34.27 | op=SEND_HEARTBEAT {datanodeUUID=7372e003-60de-4928-9031-10c7db72eb74, command=[]} | ret=SUCCESS |  
2019-09-20 08:31:39,226 | INFO  | SCMAudit | user=jenkins1000 | ip=192.168.34.27 | op=SEND_HEARTBEAT {datanodeUUID=b1d6c399-222b-48d2-8034-ed92e0cf00a0, command=[]} | ret=SUCCESS |  
2019-09-20 08:31:39,239 | INFO  | SCMAudit | user=jenkins1000 | ip=192.168.34.27 | op=SEND_HEARTBEAT {datanodeUUID=7afa6414-ef24-48ad-8f55-8b19d11f4e72, command=[]} | ret=SUCCESS |  
2019-09-20 08:31:39,570 | INFO  | SCMAudit | user=jenkins1000 | ip=192.168.34.27 | op=SEND_HEARTBEAT {datanodeUUID=f0fc55a7-6908-4f04-ad18-9919b4d1166c, command=[]} | ret=SUCCESS |  
2019-09-20 08:31:40,179 | INFO  | SCMAudit | user=jenkins1000 | ip=192.168.34.27 | op=SEND_HEARTBEAT {datanodeUUID=0e595721-d597-45e8-8ba1-cb4ebc325b8e, command=[]} | ret=SUCCESS |  
2019-09-20 08:31:40,182 | INFO  | SCMAudit | user=jenkins1000 | ip=192.168.34.27 | op=SEND_HEARTBEAT {datanodeUUID=7372e003-60de-4928-9031-10c7db72eb74, command=[]} | ret=SUCCESS |  
2019-09-20 08:31:40,226 | INFO  | SCMAudit | user=jenkins1000 | ip=192.168.34.27 | op=SEND_HEARTBEAT {datanodeUUID=b1d6c399-222b-48d2-8034-ed92e0cf00a0, command=[]} | ret=SUCCESS |  
2019-09-20 08:31:40,240 | INFO  | SCMAudit | user=jenkins1000 | ip=192.168.34.27 | op=SEND_HEARTBEAT {datanodeUUID=7afa6414-ef24-48ad-8f55-8b19d11f4e72, command=[]} | ret=SUCCESS |  
2019-09-20 08:31:40,570 | INFO  | SCMAudit | user=jenkins1000 | ip=192.168.34.27 | op=SEND_HEARTBEAT {datanodeUUID=f0fc55a7-6908-4f04-ad18-9919b4d1166c, command=[]} | ret=SUCCESS |  
]]></system-out>
    <system-err><![CDATA[Sep 20, 2019 8:31:23 AM com.sun.jersey.server.impl.application.WebApplicationImpl _initiate
INFO: Initiating Jersey application, version 'Jersey: 1.19 02/11/2015 03:25 AM'
Sep 20, 2019 8:31:24 AM com.sun.jersey.server.impl.application.WebApplicationImpl _initiate
INFO: Initiating Jersey application, version 'Jersey: 1.19 02/11/2015 03:25 AM'
Sep 20, 2019 8:31:24 AM com.sun.jersey.server.impl.application.WebApplicationImpl _initiate
INFO: Initiating Jersey application, version 'Jersey: 1.19 02/11/2015 03:25 AM'
Sep 20, 2019 8:31:24 AM com.sun.jersey.server.impl.application.WebApplicationImpl _initiate
INFO: Initiating Jersey application, version 'Jersey: 1.19 02/11/2015 03:25 AM'
Sep 20, 2019 8:31:25 AM com.sun.jersey.server.impl.application.WebApplicationImpl _initiate
INFO: Initiating Jersey application, version 'Jersey: 1.19 02/11/2015 03:25 AM'
]]></system-err>
  </testcase>
  <testcase name="standaloneTestLargeKey" classname="org.apache.hadoop.ozone.freon.TestDataValidateWithSafeByteOperations" time="10.135">
    <error message="Allocated 0 blocks. Requested 5 blocks" type="INTERNAL_ERROR org.apache.hadoop.ozone.om.exceptions.OMException">INTERNAL_ERROR org.apache.hadoop.ozone.om.exceptions.OMException: Allocated 0 blocks. Requested 5 blocks
	at org.apache.hadoop.ozone.om.protocolPB.OzoneManagerProtocolClientSideTranslatorPB.handleError(OzoneManagerProtocolClientSideTranslatorPB.java:725)
	at org.apache.hadoop.ozone.om.protocolPB.OzoneManagerProtocolClientSideTranslatorPB.openKey(OzoneManagerProtocolClientSideTranslatorPB.java:716)
	at org.apache.hadoop.ozone.client.rpc.RpcClient.createKey(RpcClient.java:615)
	at org.apache.hadoop.ozone.client.OzoneBucket.createKey(OzoneBucket.java:323)
	at org.apache.hadoop.ozone.freon.RandomKeyGenerator.createKey(RandomKeyGenerator.java:686)
	at org.apache.hadoop.ozone.freon.RandomKeyGenerator.access$1100(RandomKeyGenerator.java:87)
	at org.apache.hadoop.ozone.freon.RandomKeyGenerator$ObjectCreator.run(RandomKeyGenerator.java:606)
	at java.util.concurrent.Executors$RunnableAdapter.call(Executors.java:511)
	at java.util.concurrent.FutureTask.run(FutureTask.java:266)
	at java.util.concurrent.ThreadPoolExecutor.runWorker(ThreadPoolExecutor.java:1149)
	at java.util.concurrent.ThreadPoolExecutor$Worker.run(ThreadPoolExecutor.java:624)
	at java.lang.Thread.run(Thread.java:748)
</error>
    <system-out><![CDATA[2019-09-20 08:31:40,941 [main] INFO  freon.RandomKeyGenerator (RandomKeyGenerator.java:call(275)) - Number of Threads: 10
2019-09-20 08:31:40,942 [main] INFO  freon.RandomKeyGenerator (RandomKeyGenerator.java:call(280)) - Number of Volumes: 1.
2019-09-20 08:31:40,942 [main] INFO  freon.RandomKeyGenerator (RandomKeyGenerator.java:call(281)) - Number of Buckets per Volume: 1.
2019-09-20 08:31:40,942 [main] INFO  freon.RandomKeyGenerator (RandomKeyGenerator.java:call(282)) - Number of Keys per Bucket: 1.
2019-09-20 08:31:40,942 [main] INFO  freon.RandomKeyGenerator (RandomKeyGenerator.java:call(283)) - Key size: 20971520 bytes
2019-09-20 08:31:40,942 [main] INFO  freon.RandomKeyGenerator (RandomKeyGenerator.java:call(284)) - Buffer size: 4096 bytes
2019-09-20 08:31:40,944 [pool-79-thread-1] INFO  rpc.RpcClient (RpcClient.java:createVolume(293)) - Creating Volume: vol-0-35801, with jenkins1000 as owner.
2019-09-20 08:31:40,944 [main] INFO  freon.RandomKeyGenerator (RandomKeyGenerator.java:call(298)) - Data validation is enabled.
2019-09-20 08:31:40,945 [main] INFO  freon.RandomKeyGenerator (RandomKeyGenerator.java:call(304)) - Starting progress bar Thread.

 0.00% |█                                                                                                    |  0/1 Time: 0:00:002019-09-20 08:31:40,949 | INFO  | OMAudit | user=jenkins1000 | ip=127.0.0.1 | op=CREATE_VOLUME {admin=jenkins1000, owner=jenkins1000, volume=vol-0-35801, creationTime=1568968300949, quotaInBytes=1152921504606846976} | ret=SUCCESS |  
2019-09-20 08:31:40,952 | INFO  | OMAudit | user=jenkins1000 | ip=127.0.0.1 | op=READ_VOLUME {volume=vol-0-35801} | ret=SUCCESS |  
2019-09-20 08:31:40,965 [pool-79-thread-2] INFO  rpc.RpcClient (RpcClient.java:createBucket(432)) - Creating Bucket: vol-0-35801/bucket-0-15127, with Versioning false and Storage Type set to DISK and Encryption set to false 
2019-09-20 08:31:40,968 | INFO  | OMAudit | user=jenkins1000 | ip=127.0.0.1 | op=CREATE_BUCKET {volume=vol-0-35801, bucket=bucket-0-15127, acls=[user:jenkins1000:a[ACCESS], group:default:a[ACCESS]], isVersionEnabled=false, storageType=DISK, creationTime=0} | ret=SUCCESS |  
2019-09-20 08:31:40,970 | INFO  | OMAudit | user=jenkins1000 | ip=127.0.0.1 | op=READ_BUCKET {volume=vol-0-35801, bucket=bucket-0-15127} | ret=SUCCESS |  
2019-09-20 08:31:40,981 [IPC Server handler 17 on 34158] INFO  pipeline.PipelinePlacementPolicy (PipelinePlacementPolicy.java:meetCriteria(91)) - Pipeline Placement: Doesn't meet the criteria to be viable node： 0e595721-d597-45e8-8ba1-cb4ebc325b8e Heaviness: 6 limit: 5
2019-09-20 08:31:40,982 [IPC Server handler 17 on 34158] INFO  pipeline.PipelinePlacementPolicy (PipelinePlacementPolicy.java:meetCriteria(91)) - Pipeline Placement: Doesn't meet the criteria to be viable node： 7afa6414-ef24-48ad-8f55-8b19d11f4e72 Heaviness: 6 limit: 5
2019-09-20 08:31:40,982 [IPC Server handler 17 on 34158] INFO  pipeline.PipelinePlacementPolicy (PipelinePlacementPolicy.java:meetCriteria(91)) - Pipeline Placement: Doesn't meet the criteria to be viable node： 7372e003-60de-4928-9031-10c7db72eb74 Heaviness: 6 limit: 5
2019-09-20 08:31:40,982 [IPC Server handler 17 on 34158] INFO  pipeline.PipelinePlacementPolicy (PipelinePlacementPolicy.java:meetCriteria(91)) - Pipeline Placement: Doesn't meet the criteria to be viable node： f0fc55a7-6908-4f04-ad18-9919b4d1166c Heaviness: 6 limit: 5
2019-09-20 08:31:40,982 [IPC Server handler 17 on 34158] INFO  pipeline.PipelinePlacementPolicy (PipelinePlacementPolicy.java:meetCriteria(91)) - Pipeline Placement: Doesn't meet the criteria to be viable node： b1d6c399-222b-48d2-8034-ed92e0cf00a0 Heaviness: 6 limit: 5
2019-09-20 08:31:40,983 [IPC Server handler 17 on 34158] ERROR pipeline.PipelinePlacementPolicy (PipelinePlacementPolicy.java:filterViableNodes(148)) - Unable to find enough nodes that meet the criteria that cannot engage in more than 5 pipelines. Nodes required: 3 Found: 0, healthy nodes count inNodeManager: 5.
2019-09-20 08:31:40,983 [IPC Server handler 17 on 34158] ERROR pipeline.SCMPipelineManager (SCMPipelineManager.java:createPipeline(161)) - Pipeline creation failed due to exception: Unable to find enough nodes that meet the criteria that cannot engage in more than 5 pipelines. Nodes required: 3 Found: 0, healthy nodes count inNodeManager: 5.
2019-09-20 08:31:40,983 [IPC Server handler 17 on 34158] WARN  block.BlockManagerImpl (BlockManagerImpl.java:allocateBlock(192)) - Pipeline creation failed for type:RATIS factor:THREE. Retrying get pipelines call once.
org.apache.hadoop.hdds.scm.exceptions.SCMException: Unable to find enough nodes that meet the criteria that cannot engage in more than 5 pipelines. Nodes required: 3 Found: 0, healthy nodes count inNodeManager: 5.
	at org.apache.hadoop.hdds.scm.pipeline.PipelinePlacementPolicy.filterViableNodes(PipelinePlacementPolicy.java:149)
	at org.apache.hadoop.hdds.scm.pipeline.PipelinePlacementPolicy.chooseDatanodes(PipelinePlacementPolicy.java:172)
	at org.apache.hadoop.hdds.scm.pipeline.RatisPipelineProvider.create(RatisPipelineProvider.java:92)
	at org.apache.hadoop.hdds.scm.pipeline.PipelineFactory.create(PipelineFactory.java:57)
	at org.apache.hadoop.hdds.scm.pipeline.SCMPipelineManager.createPipeline(SCMPipelineManager.java:149)
	at org.apache.hadoop.hdds.scm.block.BlockManagerImpl.allocateBlock(BlockManagerImpl.java:190)
	at org.apache.hadoop.hdds.scm.server.SCMBlockProtocolServer.allocateBlock(SCMBlockProtocolServer.java:175)
	at org.apache.hadoop.ozone.protocolPB.ScmBlockLocationProtocolServerSideTranslatorPB.allocateScmBlock(ScmBlockLocationProtocolServerSideTranslatorPB.java:153)
	at org.apache.hadoop.ozone.protocolPB.ScmBlockLocationProtocolServerSideTranslatorPB.send(ScmBlockLocationProtocolServerSideTranslatorPB.java:112)
	at org.apache.hadoop.hdds.protocol.proto.ScmBlockLocationProtocolProtos$ScmBlockLocationProtocolService$2.callBlockingMethod(ScmBlockLocationProtocolProtos.java:13157)
	at org.apache.hadoop.ipc.ProtobufRpcEngine$Server$ProtoBufRpcInvoker.call(ProtobufRpcEngine.java:524)
	at org.apache.hadoop.ipc.RPC$Server.call(RPC.java:1025)
	at org.apache.hadoop.ipc.Server$RpcCall.run(Server.java:876)
	at org.apache.hadoop.ipc.Server$RpcCall.run(Server.java:822)
	at java.security.AccessController.doPrivileged(Native Method)
	at javax.security.auth.Subject.doAs(Subject.java:422)
	at org.apache.hadoop.security.UserGroupInformation.doAs(UserGroupInformation.java:1730)
	at org.apache.hadoop.ipc.Server$Handler.run(Server.java:2682)
2019-09-20 08:31:40,984 [IPC Server handler 17 on 34158] INFO  block.BlockManagerImpl (BlockManagerImpl.java:allocateBlock(198)) - Could not find available pipeline of type:RATIS and factor:THREE even after retrying
2019-09-20 08:31:40,984 [IPC Server handler 17 on 34158] ERROR block.BlockManagerImpl (BlockManagerImpl.java:allocateBlock(222)) - Unable to allocate a block for the size: 4194304, type: RATIS, factor: THREE
2019-09-20 08:31:40,984 [IPC Server handler 17 on 34158] INFO  pipeline.PipelinePlacementPolicy (PipelinePlacementPolicy.java:meetCriteria(91)) - Pipeline Placement: Doesn't meet the criteria to be viable node： 0e595721-d597-45e8-8ba1-cb4ebc325b8e Heaviness: 6 limit: 5
2019-09-20 08:31:40,985 [IPC Server handler 17 on 34158] INFO  pipeline.PipelinePlacementPolicy (PipelinePlacementPolicy.java:meetCriteria(91)) - Pipeline Placement: Doesn't meet the criteria to be viable node： 7afa6414-ef24-48ad-8f55-8b19d11f4e72 Heaviness: 6 limit: 5
2019-09-20 08:31:40,985 [IPC Server handler 17 on 34158] INFO  pipeline.PipelinePlacementPolicy (PipelinePlacementPolicy.java:meetCriteria(91)) - Pipeline Placement: Doesn't meet the criteria to be viable node： 7372e003-60de-4928-9031-10c7db72eb74 Heaviness: 6 limit: 5
2019-09-20 08:31:40,985 [IPC Server handler 17 on 34158] INFO  pipeline.PipelinePlacementPolicy (PipelinePlacementPolicy.java:meetCriteria(91)) - Pipeline Placement: Doesn't meet the criteria to be viable node： f0fc55a7-6908-4f04-ad18-9919b4d1166c Heaviness: 6 limit: 5
2019-09-20 08:31:40,985 [IPC Server handler 17 on 34158] INFO  pipeline.PipelinePlacementPolicy (PipelinePlacementPolicy.java:meetCriteria(91)) - Pipeline Placement: Doesn't meet the criteria to be viable node： b1d6c399-222b-48d2-8034-ed92e0cf00a0 Heaviness: 6 limit: 5
2019-09-20 08:31:40,986 [IPC Server handler 17 on 34158] ERROR pipeline.PipelinePlacementPolicy (PipelinePlacementPolicy.java:filterViableNodes(148)) - Unable to find enough nodes that meet the criteria that cannot engage in more than 5 pipelines. Nodes required: 3 Found: 0, healthy nodes count inNodeManager: 5.
2019-09-20 08:31:40,986 [IPC Server handler 17 on 34158] ERROR pipeline.SCMPipelineManager (SCMPipelineManager.java:createPipeline(161)) - Pipeline creation failed due to exception: Unable to find enough nodes that meet the criteria that cannot engage in more than 5 pipelines. Nodes required: 3 Found: 0, healthy nodes count inNodeManager: 5.
2019-09-20 08:31:40,986 [IPC Server handler 17 on 34158] WARN  block.BlockManagerImpl (BlockManagerImpl.java:allocateBlock(192)) - Pipeline creation failed for type:RATIS factor:THREE. Retrying get pipelines call once.
org.apache.hadoop.hdds.scm.exceptions.SCMException: Unable to find enough nodes that meet the criteria that cannot engage in more than 5 pipelines. Nodes required: 3 Found: 0, healthy nodes count inNodeManager: 5.
	at org.apache.hadoop.hdds.scm.pipeline.PipelinePlacementPolicy.filterViableNodes(PipelinePlacementPolicy.java:149)
	at org.apache.hadoop.hdds.scm.pipeline.PipelinePlacementPolicy.chooseDatanodes(PipelinePlacementPolicy.java:172)
	at org.apache.hadoop.hdds.scm.pipeline.RatisPipelineProvider.create(RatisPipelineProvider.java:92)
	at org.apache.hadoop.hdds.scm.pipeline.PipelineFactory.create(PipelineFactory.java:57)
	at org.apache.hadoop.hdds.scm.pipeline.SCMPipelineManager.createPipeline(SCMPipelineManager.java:149)
	at org.apache.hadoop.hdds.scm.block.BlockManagerImpl.allocateBlock(BlockManagerImpl.java:190)
	at org.apache.hadoop.hdds.scm.server.SCMBlockProtocolServer.allocateBlock(SCMBlockProtocolServer.java:175)
	at org.apache.hadoop.ozone.protocolPB.ScmBlockLocationProtocolServerSideTranslatorPB.allocateScmBlock(ScmBlockLocationProtocolServerSideTranslatorPB.java:153)
	at org.apache.hadoop.ozone.protocolPB.ScmBlockLocationProtocolServerSideTranslatorPB.send(ScmBlockLocationProtocolServerSideTranslatorPB.java:112)
	at org.apache.hadoop.hdds.protocol.proto.ScmBlockLocationProtocolProtos$ScmBlockLocationProtocolService$2.callBlockingMethod(ScmBlockLocationProtocolProtos.java:13157)
	at org.apache.hadoop.ipc.ProtobufRpcEngine$Server$ProtoBufRpcInvoker.call(ProtobufRpcEngine.java:524)
	at org.apache.hadoop.ipc.RPC$Server.call(RPC.java:1025)
	at org.apache.hadoop.ipc.Server$RpcCall.run(Server.java:876)
	at org.apache.hadoop.ipc.Server$RpcCall.run(Server.java:822)
	at java.security.AccessController.doPrivileged(Native Method)
	at javax.security.auth.Subject.doAs(Subject.java:422)
	at org.apache.hadoop.security.UserGroupInformation.doAs(UserGroupInformation.java:1730)
	at org.apache.hadoop.ipc.Server$Handler.run(Server.java:2682)
2019-09-20 08:31:40,987 [IPC Server handler 17 on 34158] INFO  block.BlockManagerImpl (BlockManagerImpl.java:allocateBlock(198)) - Could not find available pipeline of type:RATIS and factor:THREE even after retrying
2019-09-20 08:31:40,987 [IPC Server handler 17 on 34158] ERROR block.BlockManagerImpl (BlockManagerImpl.java:allocateBlock(222)) - Unable to allocate a block for the size: 4194304, type: RATIS, factor: THREE
2019-09-20 08:31:40,987 [IPC Server handler 17 on 34158] INFO  pipeline.PipelinePlacementPolicy (PipelinePlacementPolicy.java:meetCriteria(91)) - Pipeline Placement: Doesn't meet the criteria to be viable node： 0e595721-d597-45e8-8ba1-cb4ebc325b8e Heaviness: 6 limit: 5
2019-09-20 08:31:40,987 [IPC Server handler 17 on 34158] INFO  pipeline.PipelinePlacementPolicy (PipelinePlacementPolicy.java:meetCriteria(91)) - Pipeline Placement: Doesn't meet the criteria to be viable node： 7afa6414-ef24-48ad-8f55-8b19d11f4e72 Heaviness: 6 limit: 5
2019-09-20 08:31:40,987 [IPC Server handler 17 on 34158] INFO  pipeline.PipelinePlacementPolicy (PipelinePlacementPolicy.java:meetCriteria(91)) - Pipeline Placement: Doesn't meet the criteria to be viable node： 7372e003-60de-4928-9031-10c7db72eb74 Heaviness: 6 limit: 5
2019-09-20 08:31:40,988 [IPC Server handler 17 on 34158] INFO  pipeline.PipelinePlacementPolicy (PipelinePlacementPolicy.java:meetCriteria(91)) - Pipeline Placement: Doesn't meet the criteria to be viable node： f0fc55a7-6908-4f04-ad18-9919b4d1166c Heaviness: 6 limit: 5
2019-09-20 08:31:40,988 [IPC Server handler 17 on 34158] INFO  pipeline.PipelinePlacementPolicy (PipelinePlacementPolicy.java:meetCriteria(91)) - Pipeline Placement: Doesn't meet the criteria to be viable node： b1d6c399-222b-48d2-8034-ed92e0cf00a0 Heaviness: 6 limit: 5
2019-09-20 08:31:40,988 [IPC Server handler 17 on 34158] ERROR pipeline.PipelinePlacementPolicy (PipelinePlacementPolicy.java:filterViableNodes(148)) - Unable to find enough nodes that meet the criteria that cannot engage in more than 5 pipelines. Nodes required: 3 Found: 0, healthy nodes count inNodeManager: 5.
2019-09-20 08:31:40,988 [IPC Server handler 17 on 34158] ERROR pipeline.SCMPipelineManager (SCMPipelineManager.java:createPipeline(161)) - Pipeline creation failed due to exception: Unable to find enough nodes that meet the criteria that cannot engage in more than 5 pipelines. Nodes required: 3 Found: 0, healthy nodes count inNodeManager: 5.
2019-09-20 08:31:40,989 [IPC Server handler 17 on 34158] WARN  block.BlockManagerImpl (BlockManagerImpl.java:allocateBlock(192)) - Pipeline creation failed for type:RATIS factor:THREE. Retrying get pipelines call once.
org.apache.hadoop.hdds.scm.exceptions.SCMException: Unable to find enough nodes that meet the criteria that cannot engage in more than 5 pipelines. Nodes required: 3 Found: 0, healthy nodes count inNodeManager: 5.
	at org.apache.hadoop.hdds.scm.pipeline.PipelinePlacementPolicy.filterViableNodes(PipelinePlacementPolicy.java:149)
	at org.apache.hadoop.hdds.scm.pipeline.PipelinePlacementPolicy.chooseDatanodes(PipelinePlacementPolicy.java:172)
	at org.apache.hadoop.hdds.scm.pipeline.RatisPipelineProvider.create(RatisPipelineProvider.java:92)
	at org.apache.hadoop.hdds.scm.pipeline.PipelineFactory.create(PipelineFactory.java:57)
	at org.apache.hadoop.hdds.scm.pipeline.SCMPipelineManager.createPipeline(SCMPipelineManager.java:149)
	at org.apache.hadoop.hdds.scm.block.BlockManagerImpl.allocateBlock(BlockManagerImpl.java:190)
	at org.apache.hadoop.hdds.scm.server.SCMBlockProtocolServer.allocateBlock(SCMBlockProtocolServer.java:175)
	at org.apache.hadoop.ozone.protocolPB.ScmBlockLocationProtocolServerSideTranslatorPB.allocateScmBlock(ScmBlockLocationProtocolServerSideTranslatorPB.java:153)
	at org.apache.hadoop.ozone.protocolPB.ScmBlockLocationProtocolServerSideTranslatorPB.send(ScmBlockLocationProtocolServerSideTranslatorPB.java:112)
	at org.apache.hadoop.hdds.protocol.proto.ScmBlockLocationProtocolProtos$ScmBlockLocationProtocolService$2.callBlockingMethod(ScmBlockLocationProtocolProtos.java:13157)
	at org.apache.hadoop.ipc.ProtobufRpcEngine$Server$ProtoBufRpcInvoker.call(ProtobufRpcEngine.java:524)
	at org.apache.hadoop.ipc.RPC$Server.call(RPC.java:1025)
	at org.apache.hadoop.ipc.Server$RpcCall.run(Server.java:876)
	at org.apache.hadoop.ipc.Server$RpcCall.run(Server.java:822)
	at java.security.AccessController.doPrivileged(Native Method)
	at javax.security.auth.Subject.doAs(Subject.java:422)
	at org.apache.hadoop.security.UserGroupInformation.doAs(UserGroupInformation.java:1730)
	at org.apache.hadoop.ipc.Server$Handler.run(Server.java:2682)
2019-09-20 08:31:40,989 [IPC Server handler 17 on 34158] INFO  block.BlockManagerImpl (BlockManagerImpl.java:allocateBlock(198)) - Could not find available pipeline of type:RATIS and factor:THREE even after retrying
2019-09-20 08:31:40,989 [IPC Server handler 17 on 34158] ERROR block.BlockManagerImpl (BlockManagerImpl.java:allocateBlock(222)) - Unable to allocate a block for the size: 4194304, type: RATIS, factor: THREE
2019-09-20 08:31:40,990 [IPC Server handler 17 on 34158] INFO  pipeline.PipelinePlacementPolicy (PipelinePlacementPolicy.java:meetCriteria(91)) - Pipeline Placement: Doesn't meet the criteria to be viable node： 0e595721-d597-45e8-8ba1-cb4ebc325b8e Heaviness: 6 limit: 5
2019-09-20 08:31:40,990 [IPC Server handler 17 on 34158] INFO  pipeline.PipelinePlacementPolicy (PipelinePlacementPolicy.java:meetCriteria(91)) - Pipeline Placement: Doesn't meet the criteria to be viable node： 7afa6414-ef24-48ad-8f55-8b19d11f4e72 Heaviness: 6 limit: 5
2019-09-20 08:31:40,990 [IPC Server handler 17 on 34158] INFO  pipeline.PipelinePlacementPolicy (PipelinePlacementPolicy.java:meetCriteria(91)) - Pipeline Placement: Doesn't meet the criteria to be viable node： 7372e003-60de-4928-9031-10c7db72eb74 Heaviness: 6 limit: 5
2019-09-20 08:31:40,990 [IPC Server handler 17 on 34158] INFO  pipeline.PipelinePlacementPolicy (PipelinePlacementPolicy.java:meetCriteria(91)) - Pipeline Placement: Doesn't meet the criteria to be viable node： f0fc55a7-6908-4f04-ad18-9919b4d1166c Heaviness: 6 limit: 5
2019-09-20 08:31:40,991 [IPC Server handler 17 on 34158] INFO  pipeline.PipelinePlacementPolicy (PipelinePlacementPolicy.java:meetCriteria(91)) - Pipeline Placement: Doesn't meet the criteria to be viable node： b1d6c399-222b-48d2-8034-ed92e0cf00a0 Heaviness: 6 limit: 5
2019-09-20 08:31:40,991 [IPC Server handler 17 on 34158] ERROR pipeline.PipelinePlacementPolicy (PipelinePlacementPolicy.java:filterViableNodes(148)) - Unable to find enough nodes that meet the criteria that cannot engage in more than 5 pipelines. Nodes required: 3 Found: 0, healthy nodes count inNodeManager: 5.
2019-09-20 08:31:40,991 [IPC Server handler 17 on 34158] ERROR pipeline.SCMPipelineManager (SCMPipelineManager.java:createPipeline(161)) - Pipeline creation failed due to exception: Unable to find enough nodes that meet the criteria that cannot engage in more than 5 pipelines. Nodes required: 3 Found: 0, healthy nodes count inNodeManager: 5.
2019-09-20 08:31:40,991 [IPC Server handler 17 on 34158] WARN  block.BlockManagerImpl (BlockManagerImpl.java:allocateBlock(192)) - Pipeline creation failed for type:RATIS factor:THREE. Retrying get pipelines call once.
org.apache.hadoop.hdds.scm.exceptions.SCMException: Unable to find enough nodes that meet the criteria that cannot engage in more than 5 pipelines. Nodes required: 3 Found: 0, healthy nodes count inNodeManager: 5.
	at org.apache.hadoop.hdds.scm.pipeline.PipelinePlacementPolicy.filterViableNodes(PipelinePlacementPolicy.java:149)
	at org.apache.hadoop.hdds.scm.pipeline.PipelinePlacementPolicy.chooseDatanodes(PipelinePlacementPolicy.java:172)
	at org.apache.hadoop.hdds.scm.pipeline.RatisPipelineProvider.create(RatisPipelineProvider.java:92)
	at org.apache.hadoop.hdds.scm.pipeline.PipelineFactory.create(PipelineFactory.java:57)
	at org.apache.hadoop.hdds.scm.pipeline.SCMPipelineManager.createPipeline(SCMPipelineManager.java:149)
	at org.apache.hadoop.hdds.scm.block.BlockManagerImpl.allocateBlock(BlockManagerImpl.java:190)
	at org.apache.hadoop.hdds.scm.server.SCMBlockProtocolServer.allocateBlock(SCMBlockProtocolServer.java:175)
	at org.apache.hadoop.ozone.protocolPB.ScmBlockLocationProtocolServerSideTranslatorPB.allocateScmBlock(ScmBlockLocationProtocolServerSideTranslatorPB.java:153)
	at org.apache.hadoop.ozone.protocolPB.ScmBlockLocationProtocolServerSideTranslatorPB.send(ScmBlockLocationProtocolServerSideTranslatorPB.java:112)
	at org.apache.hadoop.hdds.protocol.proto.ScmBlockLocationProtocolProtos$ScmBlockLocationProtocolService$2.callBlockingMethod(ScmBlockLocationProtocolProtos.java:13157)
	at org.apache.hadoop.ipc.ProtobufRpcEngine$Server$ProtoBufRpcInvoker.call(ProtobufRpcEngine.java:524)
	at org.apache.hadoop.ipc.RPC$Server.call(RPC.java:1025)
	at org.apache.hadoop.ipc.Server$RpcCall.run(Server.java:876)
	at org.apache.hadoop.ipc.Server$RpcCall.run(Server.java:822)
	at java.security.AccessController.doPrivileged(Native Method)
	at javax.security.auth.Subject.doAs(Subject.java:422)
	at org.apache.hadoop.security.UserGroupInformation.doAs(UserGroupInformation.java:1730)
	at org.apache.hadoop.ipc.Server$Handler.run(Server.java:2682)
2019-09-20 08:31:40,992 [IPC Server handler 17 on 34158] INFO  block.BlockManagerImpl (BlockManagerImpl.java:allocateBlock(198)) - Could not find available pipeline of type:RATIS and factor:THREE even after retrying
2019-09-20 08:31:40,992 [IPC Server handler 17 on 34158] ERROR block.BlockManagerImpl (BlockManagerImpl.java:allocateBlock(222)) - Unable to allocate a block for the size: 4194304, type: RATIS, factor: THREE
2019-09-20 08:31:40,992 [IPC Server handler 17 on 34158] INFO  pipeline.PipelinePlacementPolicy (PipelinePlacementPolicy.java:meetCriteria(91)) - Pipeline Placement: Doesn't meet the criteria to be viable node： 0e595721-d597-45e8-8ba1-cb4ebc325b8e Heaviness: 6 limit: 5
2019-09-20 08:31:40,992 [IPC Server handler 17 on 34158] INFO  pipeline.PipelinePlacementPolicy (PipelinePlacementPolicy.java:meetCriteria(91)) - Pipeline Placement: Doesn't meet the criteria to be viable node： 7afa6414-ef24-48ad-8f55-8b19d11f4e72 Heaviness: 6 limit: 5
2019-09-20 08:31:40,993 [IPC Server handler 17 on 34158] INFO  pipeline.PipelinePlacementPolicy (PipelinePlacementPolicy.java:meetCriteria(91)) - Pipeline Placement: Doesn't meet the criteria to be viable node： 7372e003-60de-4928-9031-10c7db72eb74 Heaviness: 6 limit: 5
2019-09-20 08:31:40,993 [IPC Server handler 17 on 34158] INFO  pipeline.PipelinePlacementPolicy (PipelinePlacementPolicy.java:meetCriteria(91)) - Pipeline Placement: Doesn't meet the criteria to be viable node： f0fc55a7-6908-4f04-ad18-9919b4d1166c Heaviness: 6 limit: 5
2019-09-20 08:31:40,993 [IPC Server handler 17 on 34158] INFO  pipeline.PipelinePlacementPolicy (PipelinePlacementPolicy.java:meetCriteria(91)) - Pipeline Placement: Doesn't meet the criteria to be viable node： b1d6c399-222b-48d2-8034-ed92e0cf00a0 Heaviness: 6 limit: 5
2019-09-20 08:31:40,993 [IPC Server handler 17 on 34158] ERROR pipeline.PipelinePlacementPolicy (PipelinePlacementPolicy.java:filterViableNodes(148)) - Unable to find enough nodes that meet the criteria that cannot engage in more than 5 pipelines. Nodes required: 3 Found: 0, healthy nodes count inNodeManager: 5.
2019-09-20 08:31:40,993 [IPC Server handler 17 on 34158] ERROR pipeline.SCMPipelineManager (SCMPipelineManager.java:createPipeline(161)) - Pipeline creation failed due to exception: Unable to find enough nodes that meet the criteria that cannot engage in more than 5 pipelines. Nodes required: 3 Found: 0, healthy nodes count inNodeManager: 5.
2019-09-20 08:31:40,994 [IPC Server handler 17 on 34158] WARN  block.BlockManagerImpl (BlockManagerImpl.java:allocateBlock(192)) - Pipeline creation failed for type:RATIS factor:THREE. Retrying get pipelines call once.
org.apache.hadoop.hdds.scm.exceptions.SCMException: Unable to find enough nodes that meet the criteria that cannot engage in more than 5 pipelines. Nodes required: 3 Found: 0, healthy nodes count inNodeManager: 5.
	at org.apache.hadoop.hdds.scm.pipeline.PipelinePlacementPolicy.filterViableNodes(PipelinePlacementPolicy.java:149)
	at org.apache.hadoop.hdds.scm.pipeline.PipelinePlacementPolicy.chooseDatanodes(PipelinePlacementPolicy.java:172)
	at org.apache.hadoop.hdds.scm.pipeline.RatisPipelineProvider.create(RatisPipelineProvider.java:92)
	at org.apache.hadoop.hdds.scm.pipeline.PipelineFactory.create(PipelineFactory.java:57)
	at org.apache.hadoop.hdds.scm.pipeline.SCMPipelineManager.createPipeline(SCMPipelineManager.java:149)
	at org.apache.hadoop.hdds.scm.block.BlockManagerImpl.allocateBlock(BlockManagerImpl.java:190)
	at org.apache.hadoop.hdds.scm.server.SCMBlockProtocolServer.allocateBlock(SCMBlockProtocolServer.java:175)
	at org.apache.hadoop.ozone.protocolPB.ScmBlockLocationProtocolServerSideTranslatorPB.allocateScmBlock(ScmBlockLocationProtocolServerSideTranslatorPB.java:153)
	at org.apache.hadoop.ozone.protocolPB.ScmBlockLocationProtocolServerSideTranslatorPB.send(ScmBlockLocationProtocolServerSideTranslatorPB.java:112)
	at org.apache.hadoop.hdds.protocol.proto.ScmBlockLocationProtocolProtos$ScmBlockLocationProtocolService$2.callBlockingMethod(ScmBlockLocationProtocolProtos.java:13157)
	at org.apache.hadoop.ipc.ProtobufRpcEngine$Server$ProtoBufRpcInvoker.call(ProtobufRpcEngine.java:524)
	at org.apache.hadoop.ipc.RPC$Server.call(RPC.java:1025)
	at org.apache.hadoop.ipc.Server$RpcCall.run(Server.java:876)
	at org.apache.hadoop.ipc.Server$RpcCall.run(Server.java:822)
	at java.security.AccessController.doPrivileged(Native Method)
	at javax.security.auth.Subject.doAs(Subject.java:422)
	at org.apache.hadoop.security.UserGroupInformation.doAs(UserGroupInformation.java:1730)
	at org.apache.hadoop.ipc.Server$Handler.run(Server.java:2682)
2019-09-20 08:31:40,994 [IPC Server handler 17 on 34158] INFO  block.BlockManagerImpl (BlockManagerImpl.java:allocateBlock(198)) - Could not find available pipeline of type:RATIS and factor:THREE even after retrying
2019-09-20 08:31:40,994 [IPC Server handler 17 on 34158] ERROR block.BlockManagerImpl (BlockManagerImpl.java:allocateBlock(222)) - Unable to allocate a block for the size: 4194304, type: RATIS, factor: THREE
2019-09-20 08:31:40,995 | INFO  | SCMAudit | user=jenkins1000 | ip=192.168.34.27 | op=ALLOCATE_BLOCK {owner=f064f72f-d765-475a-becc-688165e5d83e, size=4194304, type=RATIS, factor=THREE} | ret=SUCCESS |  
2019-09-20 08:31:40,997 | ERROR | OMAudit | user=jenkins1000 | ip=127.0.0.1 | op=ALLOCATE_KEY {volume=vol-0-35801, bucket=bucket-0-15127, key=key-0-84176, dataSize=20971520, replicationType=RATIS, replicationFactor=THREE, keyLocationInfo=null} | ret=FAILURE | org.apache.hadoop.hdds.scm.exceptions.SCMException: Allocated 0 blocks. Requested 5 blocks
	at org.apache.hadoop.hdds.scm.protocolPB.ScmBlockLocationProtocolClientSideTranslatorPB.handleError(ScmBlockLocationProtocolClientSideTranslatorPB.java:118)
	at org.apache.hadoop.hdds.scm.protocolPB.ScmBlockLocationProtocolClientSideTranslatorPB.allocateBlock(ScmBlockLocationProtocolClientSideTranslatorPB.java:156) 
2019-09-20 08:31:40,999 [pool-79-thread-3] ERROR freon.RandomKeyGenerator (RandomKeyGenerator.java:createKey(724)) - Exception while adding key: key-0-84176 in bucket: bucket-0-15127 of volume: vol-0-35801.
INTERNAL_ERROR org.apache.hadoop.ozone.om.exceptions.OMException: Allocated 0 blocks. Requested 5 blocks
	at org.apache.hadoop.ozone.om.protocolPB.OzoneManagerProtocolClientSideTranslatorPB.handleError(OzoneManagerProtocolClientSideTranslatorPB.java:725)
	at org.apache.hadoop.ozone.om.protocolPB.OzoneManagerProtocolClientSideTranslatorPB.openKey(OzoneManagerProtocolClientSideTranslatorPB.java:716)
	at org.apache.hadoop.ozone.client.rpc.RpcClient.createKey(RpcClient.java:615)
	at org.apache.hadoop.ozone.client.OzoneBucket.createKey(OzoneBucket.java:323)
	at org.apache.hadoop.ozone.freon.RandomKeyGenerator.createKey(RandomKeyGenerator.java:686)
	at org.apache.hadoop.ozone.freon.RandomKeyGenerator.access$1100(RandomKeyGenerator.java:87)
	at org.apache.hadoop.ozone.freon.RandomKeyGenerator$ObjectCreator.run(RandomKeyGenerator.java:606)
	at java.util.concurrent.Executors$RunnableAdapter.call(Executors.java:511)
	at java.util.concurrent.FutureTask.run(FutureTask.java:266)
	at java.util.concurrent.ThreadPoolExecutor.runWorker(ThreadPoolExecutor.java:1149)
	at java.util.concurrent.ThreadPoolExecutor$Worker.run(ThreadPoolExecutor.java:624)
	at java.lang.Thread.run(Thread.java:748)
2019-09-20 08:31:41,179 | INFO  | SCMAudit | user=jenkins1000 | ip=192.168.34.27 | op=SEND_HEARTBEAT {datanodeUUID=0e595721-d597-45e8-8ba1-cb4ebc325b8e, command=[]} | ret=SUCCESS |  
2019-09-20 08:31:41,182 | INFO  | SCMAudit | user=jenkins1000 | ip=192.168.34.27 | op=SEND_HEARTBEAT {datanodeUUID=7372e003-60de-4928-9031-10c7db72eb74, command=[]} | ret=SUCCESS |  
2019-09-20 08:31:41,226 | INFO  | SCMAudit | user=jenkins1000 | ip=192.168.34.27 | op=SEND_HEARTBEAT {datanodeUUID=b1d6c399-222b-48d2-8034-ed92e0cf00a0, command=[]} | ret=SUCCESS |  
2019-09-20 08:31:41,240 | INFO  | SCMAudit | user=jenkins1000 | ip=192.168.34.27 | op=SEND_HEARTBEAT {datanodeUUID=7afa6414-ef24-48ad-8f55-8b19d11f4e72, command=[]} | ret=SUCCESS |  
2019-09-20 08:31:41,571 | INFO  | SCMAudit | user=jenkins1000 | ip=192.168.34.27 | op=SEND_HEARTBEAT {datanodeUUID=f0fc55a7-6908-4f04-ad18-9919b4d1166c, command=[]} | ret=SUCCESS |  
 0.00% |█                                                                                                    |  0/1 Time: 0:00:012019-09-20 08:31:42,178 | INFO  | SCMAudit | user=jenkins1000 | ip=192.168.34.27 | op=SEND_HEARTBEAT {datanodeUUID=0e595721-d597-45e8-8ba1-cb4ebc325b8e, command=[]} | ret=SUCCESS |  
2019-09-20 08:31:42,182 | INFO  | SCMAudit | user=jenkins1000 | ip=192.168.34.27 | op=SEND_HEARTBEAT {datanodeUUID=7372e003-60de-4928-9031-10c7db72eb74, command=[]} | ret=SUCCESS |  
2019-09-20 08:31:42,227 | INFO  | SCMAudit | user=jenkins1000 | ip=192.168.34.27 | op=SEND_HEARTBEAT {datanodeUUID=b1d6c399-222b-48d2-8034-ed92e0cf00a0, command=[]} | ret=SUCCESS |  
2019-09-20 08:31:42,241 | INFO  | SCMAudit | user=jenkins1000 | ip=192.168.34.27 | op=SEND_HEARTBEAT {datanodeUUID=7afa6414-ef24-48ad-8f55-8b19d11f4e72, command=[]} | ret=SUCCESS |  
2019-09-20 08:31:42,572 | INFO  | SCMAudit | user=jenkins1000 | ip=192.168.34.27 | op=SEND_HEARTBEAT {datanodeUUID=f0fc55a7-6908-4f04-ad18-9919b4d1166c, command=[]} | ret=SUCCESS |  
 0.00% |█                                                                                                    |  0/1 Time: 0:00:022019-09-20 08:31:43,179 | INFO  | SCMAudit | user=jenkins1000 | ip=192.168.34.27 | op=SEND_HEARTBEAT {datanodeUUID=0e595721-d597-45e8-8ba1-cb4ebc325b8e, command=[]} | ret=SUCCESS |  
2019-09-20 08:31:43,182 | INFO  | SCMAudit | user=jenkins1000 | ip=192.168.34.27 | op=SEND_HEARTBEAT {datanodeUUID=7372e003-60de-4928-9031-10c7db72eb74, command=[]} | ret=SUCCESS |  
2019-09-20 08:31:43,227 | INFO  | SCMAudit | user=jenkins1000 | ip=192.168.34.27 | op=SEND_HEARTBEAT {datanodeUUID=b1d6c399-222b-48d2-8034-ed92e0cf00a0, command=[]} | ret=SUCCESS |  
2019-09-20 08:31:43,241 | INFO  | SCMAudit | user=jenkins1000 | ip=192.168.34.27 | op=SEND_HEARTBEAT {datanodeUUID=7afa6414-ef24-48ad-8f55-8b19d11f4e72, command=[]} | ret=SUCCESS |  
2019-09-20 08:31:43,571 | INFO  | SCMAudit | user=jenkins1000 | ip=192.168.34.27 | op=SEND_HEARTBEAT {datanodeUUID=f0fc55a7-6908-4f04-ad18-9919b4d1166c, command=[]} | ret=SUCCESS |  
 0.00% |█                                                                                                    |  0/1 Time: 0:00:032019-09-20 08:31:44,178 | INFO  | SCMAudit | user=jenkins1000 | ip=192.168.34.27 | op=SEND_HEARTBEAT {datanodeUUID=0e595721-d597-45e8-8ba1-cb4ebc325b8e, command=[]} | ret=SUCCESS |  
2019-09-20 08:31:44,181 | INFO  | SCMAudit | user=jenkins1000 | ip=192.168.34.27 | op=SEND_HEARTBEAT {datanodeUUID=7372e003-60de-4928-9031-10c7db72eb74, command=[]} | ret=SUCCESS |  
2019-09-20 08:31:44,228 | INFO  | SCMAudit | user=jenkins1000 | ip=192.168.34.27 | op=SEND_HEARTBEAT {datanodeUUID=b1d6c399-222b-48d2-8034-ed92e0cf00a0, command=[]} | ret=SUCCESS |  
2019-09-20 08:31:44,240 | INFO  | SCMAudit | user=jenkins1000 | ip=192.168.34.27 | op=SEND_HEARTBEAT {datanodeUUID=7afa6414-ef24-48ad-8f55-8b19d11f4e72, command=[]} | ret=SUCCESS |  
2019-09-20 08:31:44,571 | INFO  | SCMAudit | user=jenkins1000 | ip=192.168.34.27 | op=SEND_HEARTBEAT {datanodeUUID=f0fc55a7-6908-4f04-ad18-9919b4d1166c, command=[]} | ret=SUCCESS |  
 0.00% |█                                                                                                    |  0/1 Time: 0:00:042019-09-20 08:31:45,178 | INFO  | SCMAudit | user=jenkins1000 | ip=192.168.34.27 | op=SEND_HEARTBEAT {datanodeUUID=0e595721-d597-45e8-8ba1-cb4ebc325b8e, command=[]} | ret=SUCCESS |  
2019-09-20 08:31:45,182 | INFO  | SCMAudit | user=jenkins1000 | ip=192.168.34.27 | op=SEND_HEARTBEAT {datanodeUUID=7372e003-60de-4928-9031-10c7db72eb74, command=[]} | ret=SUCCESS |  
2019-09-20 08:31:45,230 | INFO  | SCMAudit | user=jenkins1000 | ip=192.168.34.27 | op=SEND_HEARTBEAT {datanodeUUID=b1d6c399-222b-48d2-8034-ed92e0cf00a0, command=[]} | ret=SUCCESS |  
2019-09-20 08:31:45,241 | INFO  | SCMAudit | user=jenkins1000 | ip=192.168.34.27 | op=SEND_HEARTBEAT {datanodeUUID=7afa6414-ef24-48ad-8f55-8b19d11f4e72, command=[]} | ret=SUCCESS |  
2019-09-20 08:31:45,571 | INFO  | SCMAudit | user=jenkins1000 | ip=192.168.34.27 | op=SEND_HEARTBEAT {datanodeUUID=f0fc55a7-6908-4f04-ad18-9919b4d1166c, command=[]} | ret=SUCCESS |  
 100.00% |█████████████████████████████████████████████████████████████████████████████████████████████████████|  1/1 Time: 0:00:05
2019-09-20 08:31:46,179 | INFO  | SCMAudit | user=jenkins1000 | ip=192.168.34.27 | op=SEND_HEARTBEAT {datanodeUUID=0e595721-d597-45e8-8ba1-cb4ebc325b8e, command=[]} | ret=SUCCESS |  
2019-09-20 08:31:46,181 | INFO  | SCMAudit | user=jenkins1000 | ip=192.168.34.27 | op=SEND_HEARTBEAT {datanodeUUID=7372e003-60de-4928-9031-10c7db72eb74, command=[]} | ret=SUCCESS |  
2019-09-20 08:31:46,229 | INFO  | SCMAudit | user=jenkins1000 | ip=192.168.34.27 | op=SEND_HEARTBEAT {datanodeUUID=b1d6c399-222b-48d2-8034-ed92e0cf00a0, command=[]} | ret=SUCCESS |  
2019-09-20 08:31:46,241 | INFO  | SCMAudit | user=jenkins1000 | ip=192.168.34.27 | op=SEND_HEARTBEAT {datanodeUUID=7afa6414-ef24-48ad-8f55-8b19d11f4e72, command=[]} | ret=SUCCESS |  
2019-09-20 08:31:46,571 | INFO  | SCMAudit | user=jenkins1000 | ip=192.168.34.27 | op=SEND_HEARTBEAT {datanodeUUID=f0fc55a7-6908-4f04-ad18-9919b4d1166c, command=[]} | ret=SUCCESS |  
2019-09-20 08:31:47,180 | INFO  | SCMAudit | user=jenkins1000 | ip=192.168.34.27 | op=SEND_HEARTBEAT {datanodeUUID=0e595721-d597-45e8-8ba1-cb4ebc325b8e, command=[]} | ret=SUCCESS |  
2019-09-20 08:31:47,182 | INFO  | SCMAudit | user=jenkins1000 | ip=192.168.34.27 | op=SEND_HEARTBEAT {datanodeUUID=7372e003-60de-4928-9031-10c7db72eb74, command=[]} | ret=SUCCESS |  
2019-09-20 08:31:47,229 | INFO  | SCMAudit | user=jenkins1000 | ip=192.168.34.27 | op=SEND_HEARTBEAT {datanodeUUID=b1d6c399-222b-48d2-8034-ed92e0cf00a0, command=[]} | ret=SUCCESS |  
2019-09-20 08:31:47,241 | INFO  | SCMAudit | user=jenkins1000 | ip=192.168.34.27 | op=SEND_HEARTBEAT {datanodeUUID=7afa6414-ef24-48ad-8f55-8b19d11f4e72, command=[]} | ret=SUCCESS |  
2019-09-20 08:31:47,572 | INFO  | SCMAudit | user=jenkins1000 | ip=192.168.34.27 | op=SEND_HEARTBEAT {datanodeUUID=f0fc55a7-6908-4f04-ad18-9919b4d1166c, command=[]} | ret=SUCCESS |  
2019-09-20 08:31:48,181 | INFO  | SCMAudit | user=jenkins1000 | ip=192.168.34.27 | op=SEND_HEARTBEAT {datanodeUUID=0e595721-d597-45e8-8ba1-cb4ebc325b8e, command=[]} | ret=SUCCESS |  
2019-09-20 08:31:48,183 | INFO  | SCMAudit | user=jenkins1000 | ip=192.168.34.27 | op=SEND_HEARTBEAT {datanodeUUID=7372e003-60de-4928-9031-10c7db72eb74, command=[]} | ret=SUCCESS |  
2019-09-20 08:31:48,229 | INFO  | SCMAudit | user=jenkins1000 | ip=192.168.34.27 | op=SEND_HEARTBEAT {datanodeUUID=b1d6c399-222b-48d2-8034-ed92e0cf00a0, command=[]} | ret=SUCCESS |  
2019-09-20 08:31:48,241 | INFO  | SCMAudit | user=jenkins1000 | ip=192.168.34.27 | op=SEND_HEARTBEAT {datanodeUUID=7afa6414-ef24-48ad-8f55-8b19d11f4e72, command=[]} | ret=SUCCESS |  
2019-09-20 08:31:48,571 | INFO  | SCMAudit | user=jenkins1000 | ip=192.168.34.27 | op=SEND_HEARTBEAT {datanodeUUID=f0fc55a7-6908-4f04-ad18-9919b4d1166c, command=[]} | ret=SUCCESS |  
2019-09-20 08:31:49,180 | INFO  | SCMAudit | user=jenkins1000 | ip=192.168.34.27 | op=SEND_HEARTBEAT {datanodeUUID=0e595721-d597-45e8-8ba1-cb4ebc325b8e, command=[]} | ret=SUCCESS |  
2019-09-20 08:31:49,183 | INFO  | SCMAudit | user=jenkins1000 | ip=192.168.34.27 | op=SEND_HEARTBEAT {datanodeUUID=7372e003-60de-4928-9031-10c7db72eb74, command=[]} | ret=SUCCESS |  
2019-09-20 08:31:49,230 | INFO  | SCMAudit | user=jenkins1000 | ip=192.168.34.27 | op=SEND_HEARTBEAT {datanodeUUID=b1d6c399-222b-48d2-8034-ed92e0cf00a0, command=[]} | ret=SUCCESS |  
2019-09-20 08:31:49,242 | INFO  | SCMAudit | user=jenkins1000 | ip=192.168.34.27 | op=SEND_HEARTBEAT {datanodeUUID=7afa6414-ef24-48ad-8f55-8b19d11f4e72, command=[]} | ret=SUCCESS |  
2019-09-20 08:31:49,571 | INFO  | SCMAudit | user=jenkins1000 | ip=192.168.34.27 | op=SEND_HEARTBEAT {datanodeUUID=f0fc55a7-6908-4f04-ad18-9919b4d1166c, command=[]} | ret=SUCCESS |  
2019-09-20 08:31:50,180 | INFO  | SCMAudit | user=jenkins1000 | ip=192.168.34.27 | op=SEND_HEARTBEAT {datanodeUUID=0e595721-d597-45e8-8ba1-cb4ebc325b8e, command=[]} | ret=SUCCESS |  
2019-09-20 08:31:50,182 | INFO  | SCMAudit | user=jenkins1000 | ip=192.168.34.27 | op=SEND_HEARTBEAT {datanodeUUID=7372e003-60de-4928-9031-10c7db72eb74, command=[]} | ret=SUCCESS |  
2019-09-20 08:31:50,229 | INFO  | SCMAudit | user=jenkins1000 | ip=192.168.34.27 | op=SEND_HEARTBEAT {datanodeUUID=b1d6c399-222b-48d2-8034-ed92e0cf00a0, command=[]} | ret=SUCCESS |  
2019-09-20 08:31:50,242 | INFO  | SCMAudit | user=jenkins1000 | ip=192.168.34.27 | op=SEND_HEARTBEAT {datanodeUUID=7afa6414-ef24-48ad-8f55-8b19d11f4e72, command=[]} | ret=SUCCESS |  
2019-09-20 08:31:50,571 | INFO  | SCMAudit | user=jenkins1000 | ip=192.168.34.27 | op=SEND_HEARTBEAT {datanodeUUID=f0fc55a7-6908-4f04-ad18-9919b4d1166c, command=[]} | ret=SUCCESS |  
]]></system-out>
  </testcase>
  <testcase name="validateWriteTest" classname="org.apache.hadoop.ozone.freon.TestDataValidateWithSafeByteOperations" time="10.029">
    <error message="Allocated 0 blocks. Requested 1 blocks" type="INTERNAL_ERROR org.apache.hadoop.ozone.om.exceptions.OMException">INTERNAL_ERROR org.apache.hadoop.ozone.om.exceptions.OMException: Allocated 0 blocks. Requested 1 blocks
	at org.apache.hadoop.ozone.om.protocolPB.OzoneManagerProtocolClientSideTranslatorPB.handleError(OzoneManagerProtocolClientSideTranslatorPB.java:725)
	at org.apache.hadoop.ozone.om.protocolPB.OzoneManagerProtocolClientSideTranslatorPB.openKey(OzoneManagerProtocolClientSideTranslatorPB.java:716)
	at org.apache.hadoop.ozone.client.rpc.RpcClient.createKey(RpcClient.java:615)
	at org.apache.hadoop.ozone.client.OzoneBucket.createKey(OzoneBucket.java:323)
	at org.apache.hadoop.ozone.freon.RandomKeyGenerator.createKey(RandomKeyGenerator.java:686)
	at org.apache.hadoop.ozone.freon.RandomKeyGenerator.access$1100(RandomKeyGenerator.java:87)
	at org.apache.hadoop.ozone.freon.RandomKeyGenerator$ObjectCreator.run(RandomKeyGenerator.java:606)
	at java.util.concurrent.Executors$RunnableAdapter.call(Executors.java:511)
	at java.util.concurrent.FutureTask.run(FutureTask.java:266)
	at java.util.concurrent.ThreadPoolExecutor.runWorker(ThreadPoolExecutor.java:1149)
	at java.util.concurrent.ThreadPoolExecutor$Worker.run(ThreadPoolExecutor.java:624)
	at java.lang.Thread.run(Thread.java:748)
</error>
    <system-out><![CDATA[2019-09-20 08:31:50,970 [main] INFO  freon.RandomKeyGenerator (RandomKeyGenerator.java:call(275)) - Number of Threads: 10
2019-09-20 08:31:50,970 [main] INFO  freon.RandomKeyGenerator (RandomKeyGenerator.java:call(280)) - Number of Volumes: 2.
2019-09-20 08:31:50,970 [main] INFO  freon.RandomKeyGenerator (RandomKeyGenerator.java:call(281)) - Number of Buckets per Volume: 5.
2019-09-20 08:31:50,971 [main] INFO  freon.RandomKeyGenerator (RandomKeyGenerator.java:call(282)) - Number of Keys per Bucket: 10.
2019-09-20 08:31:50,971 [main] INFO  freon.RandomKeyGenerator (RandomKeyGenerator.java:call(283)) - Key size: 10240 bytes
2019-09-20 08:31:50,971 [main] INFO  freon.RandomKeyGenerator (RandomKeyGenerator.java:call(284)) - Buffer size: 4096 bytes
2019-09-20 08:31:50,972 [pool-80-thread-2] INFO  rpc.RpcClient (RpcClient.java:createVolume(293)) - Creating Volume: vol-1-31113, with jenkins1000 as owner.
2019-09-20 08:31:50,972 [pool-80-thread-1] INFO  rpc.RpcClient (RpcClient.java:createVolume(293)) - Creating Volume: vol-0-85101, with jenkins1000 as owner.
2019-09-20 08:31:50,973 [main] INFO  freon.RandomKeyGenerator (RandomKeyGenerator.java:call(298)) - Data validation is enabled.
2019-09-20 08:31:50,976 [main] INFO  freon.RandomKeyGenerator (RandomKeyGenerator.java:call(304)) - Starting progress bar Thread.

 0.00% |█                                                                                                    |  0/100 Time: 0:00:002019-09-20 08:31:50,980 | INFO  | OMAudit | user=jenkins1000 | ip=127.0.0.1 | op=CREATE_VOLUME {admin=jenkins1000, owner=jenkins1000, volume=vol-0-85101, creationTime=1568968310979, quotaInBytes=1152921504606846976} | ret=SUCCESS |  
2019-09-20 08:31:50,981 | INFO  | OMAudit | user=jenkins1000 | ip=127.0.0.1 | op=CREATE_VOLUME {admin=jenkins1000, owner=jenkins1000, volume=vol-1-31113, creationTime=1568968310980, quotaInBytes=1152921504606846976} | ret=SUCCESS |  
2019-09-20 08:31:50,985 | INFO  | OMAudit | user=jenkins1000 | ip=127.0.0.1 | op=READ_VOLUME {volume=vol-1-31113} | ret=SUCCESS |  
2019-09-20 08:31:50,985 | INFO  | OMAudit | user=jenkins1000 | ip=127.0.0.1 | op=READ_VOLUME {volume=vol-0-85101} | ret=SUCCESS |  
2019-09-20 08:31:50,989 [pool-80-thread-1] INFO  rpc.RpcClient (RpcClient.java:createBucket(432)) - Creating Bucket: vol-1-31113/bucket-4-62612, with Versioning false and Storage Type set to DISK and Encryption set to false 
2019-09-20 08:31:50,991 | INFO  | OMAudit | user=jenkins1000 | ip=127.0.0.1 | op=CREATE_BUCKET {volume=vol-1-31113, bucket=bucket-4-62612, acls=[user:jenkins1000:a[ACCESS], group:default:a[ACCESS]], isVersionEnabled=false, storageType=DISK, creationTime=0} | ret=SUCCESS |  
2019-09-20 08:31:50,992 [pool-80-thread-3] INFO  rpc.RpcClient (RpcClient.java:createBucket(432)) - Creating Bucket: vol-0-85101/bucket-0-43452, with Versioning false and Storage Type set to DISK and Encryption set to false 
2019-09-20 08:31:50,992 | INFO  | OMAudit | user=jenkins1000 | ip=127.0.0.1 | op=READ_BUCKET {volume=vol-1-31113, bucket=bucket-4-62612} | ret=SUCCESS |  
2019-09-20 08:31:50,992 [pool-80-thread-4] INFO  rpc.RpcClient (RpcClient.java:createBucket(432)) - Creating Bucket: vol-1-31113/bucket-0-18278, with Versioning false and Storage Type set to DISK and Encryption set to false 
2019-09-20 08:31:50,993 [pool-80-thread-6] INFO  rpc.RpcClient (RpcClient.java:createBucket(432)) - Creating Bucket: vol-1-31113/bucket-1-38643, with Versioning false and Storage Type set to DISK and Encryption set to false 
2019-09-20 08:31:50,993 [pool-80-thread-5] INFO  rpc.RpcClient (RpcClient.java:createBucket(432)) - Creating Bucket: vol-0-85101/bucket-1-57309, with Versioning false and Storage Type set to DISK and Encryption set to false 
2019-09-20 08:31:50,993 [pool-80-thread-7] INFO  rpc.RpcClient (RpcClient.java:createBucket(432)) - Creating Bucket: vol-0-85101/bucket-2-00153, with Versioning false and Storage Type set to DISK and Encryption set to false 
2019-09-20 08:31:50,993 [pool-80-thread-8] INFO  rpc.RpcClient (RpcClient.java:createBucket(432)) - Creating Bucket: vol-1-31113/bucket-2-71489, with Versioning false and Storage Type set to DISK and Encryption set to false 
2019-09-20 08:31:50,993 [pool-80-thread-9] INFO  rpc.RpcClient (RpcClient.java:createBucket(432)) - Creating Bucket: vol-0-85101/bucket-3-65183, with Versioning false and Storage Type set to DISK and Encryption set to false 
2019-09-20 08:31:50,993 [pool-80-thread-10] INFO  rpc.RpcClient (RpcClient.java:createBucket(432)) - Creating Bucket: vol-1-31113/bucket-3-23769, with Versioning false and Storage Type set to DISK and Encryption set to false 
2019-09-20 08:31:50,994 | INFO  | OMAudit | user=jenkins1000 | ip=127.0.0.1 | op=CREATE_BUCKET {volume=vol-1-31113, bucket=bucket-0-18278, acls=[user:jenkins1000:a[ACCESS], group:default:a[ACCESS]], isVersionEnabled=false, storageType=DISK, creationTime=0} | ret=SUCCESS |  
2019-09-20 08:31:50,994 | INFO  | OMAudit | user=jenkins1000 | ip=127.0.0.1 | op=CREATE_BUCKET {volume=vol-0-85101, bucket=bucket-0-43452, acls=[user:jenkins1000:a[ACCESS], group:default:a[ACCESS]], isVersionEnabled=false, storageType=DISK, creationTime=0} | ret=SUCCESS |  
2019-09-20 08:31:50,996 | INFO  | OMAudit | user=jenkins1000 | ip=127.0.0.1 | op=CREATE_BUCKET {volume=vol-0-85101, bucket=bucket-1-57309, acls=[user:jenkins1000:a[ACCESS], group:default:a[ACCESS]], isVersionEnabled=false, storageType=DISK, creationTime=0} | ret=SUCCESS |  
2019-09-20 08:31:50,996 | INFO  | OMAudit | user=jenkins1000 | ip=127.0.0.1 | op=CREATE_BUCKET {volume=vol-1-31113, bucket=bucket-1-38643, acls=[user:jenkins1000:a[ACCESS], group:default:a[ACCESS]], isVersionEnabled=false, storageType=DISK, creationTime=0} | ret=SUCCESS |  
2019-09-20 08:31:50,996 | INFO  | OMAudit | user=jenkins1000 | ip=127.0.0.1 | op=CREATE_BUCKET {volume=vol-0-85101, bucket=bucket-2-00153, acls=[user:jenkins1000:a[ACCESS], group:default:a[ACCESS]], isVersionEnabled=false, storageType=DISK, creationTime=0} | ret=SUCCESS |  
2019-09-20 08:31:50,997 | INFO  | OMAudit | user=jenkins1000 | ip=127.0.0.1 | op=CREATE_BUCKET {volume=vol-1-31113, bucket=bucket-2-71489, acls=[user:jenkins1000:a[ACCESS], group:default:a[ACCESS]], isVersionEnabled=false, storageType=DISK, creationTime=0} | ret=SUCCESS |  
2019-09-20 08:31:50,997 | INFO  | OMAudit | user=jenkins1000 | ip=127.0.0.1 | op=CREATE_BUCKET {volume=vol-0-85101, bucket=bucket-3-65183, acls=[user:jenkins1000:a[ACCESS], group:default:a[ACCESS]], isVersionEnabled=false, storageType=DISK, creationTime=0} | ret=SUCCESS |  
2019-09-20 08:31:50,997 | INFO  | OMAudit | user=jenkins1000 | ip=127.0.0.1 | op=CREATE_BUCKET {volume=vol-1-31113, bucket=bucket-3-23769, acls=[user:jenkins1000:a[ACCESS], group:default:a[ACCESS]], isVersionEnabled=false, storageType=DISK, creationTime=0} | ret=SUCCESS |  
2019-09-20 08:31:50,997 | INFO  | OMAudit | user=jenkins1000 | ip=127.0.0.1 | op=READ_BUCKET {volume=vol-1-31113, bucket=bucket-0-18278} | ret=SUCCESS |  
2019-09-20 08:31:50,997 | INFO  | OMAudit | user=jenkins1000 | ip=127.0.0.1 | op=READ_BUCKET {volume=vol-0-85101, bucket=bucket-1-57309} | ret=SUCCESS |  
2019-09-20 08:31:50,997 | INFO  | OMAudit | user=jenkins1000 | ip=127.0.0.1 | op=READ_BUCKET {volume=vol-0-85101, bucket=bucket-0-43452} | ret=SUCCESS |  
2019-09-20 08:31:50,998 | INFO  | OMAudit | user=jenkins1000 | ip=127.0.0.1 | op=READ_BUCKET {volume=vol-1-31113, bucket=bucket-1-38643} | ret=SUCCESS |  
2019-09-20 08:31:50,998 | INFO  | OMAudit | user=jenkins1000 | ip=127.0.0.1 | op=READ_BUCKET {volume=vol-1-31113, bucket=bucket-2-71489} | ret=SUCCESS |  
2019-09-20 08:31:50,998 | INFO  | OMAudit | user=jenkins1000 | ip=127.0.0.1 | op=READ_BUCKET {volume=vol-0-85101, bucket=bucket-2-00153} | ret=SUCCESS |  
2019-09-20 08:31:50,998 | INFO  | OMAudit | user=jenkins1000 | ip=127.0.0.1 | op=READ_BUCKET {volume=vol-0-85101, bucket=bucket-3-65183} | ret=SUCCESS |  
2019-09-20 08:31:50,998 [pool-80-thread-2] INFO  rpc.RpcClient (RpcClient.java:createBucket(432)) - Creating Bucket: vol-0-85101/bucket-4-41421, with Versioning false and Storage Type set to DISK and Encryption set to false 
2019-09-20 08:31:50,999 | INFO  | OMAudit | user=jenkins1000 | ip=127.0.0.1 | op=READ_BUCKET {volume=vol-1-31113, bucket=bucket-3-23769} | ret=SUCCESS |  
2019-09-20 08:31:51,001 | INFO  | OMAudit | user=jenkins1000 | ip=127.0.0.1 | op=CREATE_BUCKET {volume=vol-0-85101, bucket=bucket-4-41421, acls=[user:jenkins1000:a[ACCESS], group:default:a[ACCESS]], isVersionEnabled=false, storageType=DISK, creationTime=0} | ret=SUCCESS |  
2019-09-20 08:31:51,005 | INFO  | OMAudit | user=jenkins1000 | ip=127.0.0.1 | op=READ_BUCKET {volume=vol-0-85101, bucket=bucket-4-41421} | ret=SUCCESS |  
2019-09-20 08:31:51,008 [IPC Server handler 9 on 34158] INFO  pipeline.PipelinePlacementPolicy (PipelinePlacementPolicy.java:meetCriteria(91)) - Pipeline Placement: Doesn't meet the criteria to be viable node： 0e595721-d597-45e8-8ba1-cb4ebc325b8e Heaviness: 6 limit: 5
2019-09-20 08:31:51,009 [IPC Server handler 9 on 34158] INFO  pipeline.PipelinePlacementPolicy (PipelinePlacementPolicy.java:meetCriteria(91)) - Pipeline Placement: Doesn't meet the criteria to be viable node： 7afa6414-ef24-48ad-8f55-8b19d11f4e72 Heaviness: 6 limit: 5
2019-09-20 08:31:51,009 [IPC Server handler 9 on 34158] INFO  pipeline.PipelinePlacementPolicy (PipelinePlacementPolicy.java:meetCriteria(91)) - Pipeline Placement: Doesn't meet the criteria to be viable node： 7372e003-60de-4928-9031-10c7db72eb74 Heaviness: 6 limit: 5
2019-09-20 08:31:51,009 [IPC Server handler 9 on 34158] INFO  pipeline.PipelinePlacementPolicy (PipelinePlacementPolicy.java:meetCriteria(91)) - Pipeline Placement: Doesn't meet the criteria to be viable node： f0fc55a7-6908-4f04-ad18-9919b4d1166c Heaviness: 6 limit: 5
2019-09-20 08:31:51,009 [IPC Server handler 9 on 34158] INFO  pipeline.PipelinePlacementPolicy (PipelinePlacementPolicy.java:meetCriteria(91)) - Pipeline Placement: Doesn't meet the criteria to be viable node： b1d6c399-222b-48d2-8034-ed92e0cf00a0 Heaviness: 6 limit: 5
2019-09-20 08:31:51,009 [IPC Server handler 9 on 34158] ERROR pipeline.PipelinePlacementPolicy (PipelinePlacementPolicy.java:filterViableNodes(148)) - Unable to find enough nodes that meet the criteria that cannot engage in more than 5 pipelines. Nodes required: 3 Found: 0, healthy nodes count inNodeManager: 5.
2019-09-20 08:31:51,009 [IPC Server handler 9 on 34158] ERROR pipeline.SCMPipelineManager (SCMPipelineManager.java:createPipeline(161)) - Pipeline creation failed due to exception: Unable to find enough nodes that meet the criteria that cannot engage in more than 5 pipelines. Nodes required: 3 Found: 0, healthy nodes count inNodeManager: 5.
2019-09-20 08:31:51,009 [IPC Server handler 9 on 34158] WARN  block.BlockManagerImpl (BlockManagerImpl.java:allocateBlock(192)) - Pipeline creation failed for type:RATIS factor:THREE. Retrying get pipelines call once.
org.apache.hadoop.hdds.scm.exceptions.SCMException: Unable to find enough nodes that meet the criteria that cannot engage in more than 5 pipelines. Nodes required: 3 Found: 0, healthy nodes count inNodeManager: 5.
	at org.apache.hadoop.hdds.scm.pipeline.PipelinePlacementPolicy.filterViableNodes(PipelinePlacementPolicy.java:149)
	at org.apache.hadoop.hdds.scm.pipeline.PipelinePlacementPolicy.chooseDatanodes(PipelinePlacementPolicy.java:172)
	at org.apache.hadoop.hdds.scm.pipeline.RatisPipelineProvider.create(RatisPipelineProvider.java:92)
	at org.apache.hadoop.hdds.scm.pipeline.PipelineFactory.create(PipelineFactory.java:57)
	at org.apache.hadoop.hdds.scm.pipeline.SCMPipelineManager.createPipeline(SCMPipelineManager.java:149)
	at org.apache.hadoop.hdds.scm.block.BlockManagerImpl.allocateBlock(BlockManagerImpl.java:190)
	at org.apache.hadoop.hdds.scm.server.SCMBlockProtocolServer.allocateBlock(SCMBlockProtocolServer.java:175)
	at org.apache.hadoop.ozone.protocolPB.ScmBlockLocationProtocolServerSideTranslatorPB.allocateScmBlock(ScmBlockLocationProtocolServerSideTranslatorPB.java:153)
	at org.apache.hadoop.ozone.protocolPB.ScmBlockLocationProtocolServerSideTranslatorPB.send(ScmBlockLocationProtocolServerSideTranslatorPB.java:112)
	at org.apache.hadoop.hdds.protocol.proto.ScmBlockLocationProtocolProtos$ScmBlockLocationProtocolService$2.callBlockingMethod(ScmBlockLocationProtocolProtos.java:13157)
	at org.apache.hadoop.ipc.ProtobufRpcEngine$Server$ProtoBufRpcInvoker.call(ProtobufRpcEngine.java:524)
	at org.apache.hadoop.ipc.RPC$Server.call(RPC.java:1025)
	at org.apache.hadoop.ipc.Server$RpcCall.run(Server.java:876)
	at org.apache.hadoop.ipc.Server$RpcCall.run(Server.java:822)
	at java.security.AccessController.doPrivileged(Native Method)
	at javax.security.auth.Subject.doAs(Subject.java:422)
	at org.apache.hadoop.security.UserGroupInformation.doAs(UserGroupInformation.java:1730)
	at org.apache.hadoop.ipc.Server$Handler.run(Server.java:2682)
2019-09-20 08:31:51,010 [IPC Server handler 6 on 34158] INFO  pipeline.PipelinePlacementPolicy (PipelinePlacementPolicy.java:meetCriteria(91)) - Pipeline Placement: Doesn't meet the criteria to be viable node： 0e595721-d597-45e8-8ba1-cb4ebc325b8e Heaviness: 6 limit: 5
2019-09-20 08:31:51,010 [IPC Server handler 6 on 34158] INFO  pipeline.PipelinePlacementPolicy (PipelinePlacementPolicy.java:meetCriteria(91)) - Pipeline Placement: Doesn't meet the criteria to be viable node： 7afa6414-ef24-48ad-8f55-8b19d11f4e72 Heaviness: 6 limit: 5
2019-09-20 08:31:51,010 [IPC Server handler 6 on 34158] INFO  pipeline.PipelinePlacementPolicy (PipelinePlacementPolicy.java:meetCriteria(91)) - Pipeline Placement: Doesn't meet the criteria to be viable node： 7372e003-60de-4928-9031-10c7db72eb74 Heaviness: 6 limit: 5
2019-09-20 08:31:51,010 [IPC Server handler 6 on 34158] INFO  pipeline.PipelinePlacementPolicy (PipelinePlacementPolicy.java:meetCriteria(91)) - Pipeline Placement: Doesn't meet the criteria to be viable node： f0fc55a7-6908-4f04-ad18-9919b4d1166c Heaviness: 6 limit: 5
2019-09-20 08:31:51,011 [IPC Server handler 6 on 34158] INFO  pipeline.PipelinePlacementPolicy (PipelinePlacementPolicy.java:meetCriteria(91)) - Pipeline Placement: Doesn't meet the criteria to be viable node： b1d6c399-222b-48d2-8034-ed92e0cf00a0 Heaviness: 6 limit: 5
2019-09-20 08:31:51,011 [IPC Server handler 6 on 34158] ERROR pipeline.PipelinePlacementPolicy (PipelinePlacementPolicy.java:filterViableNodes(148)) - Unable to find enough nodes that meet the criteria that cannot engage in more than 5 pipelines. Nodes required: 3 Found: 0, healthy nodes count inNodeManager: 5.
2019-09-20 08:31:51,011 [IPC Server handler 6 on 34158] ERROR pipeline.SCMPipelineManager (SCMPipelineManager.java:createPipeline(161)) - Pipeline creation failed due to exception: Unable to find enough nodes that meet the criteria that cannot engage in more than 5 pipelines. Nodes required: 3 Found: 0, healthy nodes count inNodeManager: 5.
2019-09-20 08:31:51,011 [IPC Server handler 6 on 34158] WARN  block.BlockManagerImpl (BlockManagerImpl.java:allocateBlock(192)) - Pipeline creation failed for type:RATIS factor:THREE. Retrying get pipelines call once.
org.apache.hadoop.hdds.scm.exceptions.SCMException: Unable to find enough nodes that meet the criteria that cannot engage in more than 5 pipelines. Nodes required: 3 Found: 0, healthy nodes count inNodeManager: 5.
	at org.apache.hadoop.hdds.scm.pipeline.PipelinePlacementPolicy.filterViableNodes(PipelinePlacementPolicy.java:149)
	at org.apache.hadoop.hdds.scm.pipeline.PipelinePlacementPolicy.chooseDatanodes(PipelinePlacementPolicy.java:172)
	at org.apache.hadoop.hdds.scm.pipeline.RatisPipelineProvider.create(RatisPipelineProvider.java:92)
	at org.apache.hadoop.hdds.scm.pipeline.PipelineFactory.create(PipelineFactory.java:57)
	at org.apache.hadoop.hdds.scm.pipeline.SCMPipelineManager.createPipeline(SCMPipelineManager.java:149)
	at org.apache.hadoop.hdds.scm.block.BlockManagerImpl.allocateBlock(BlockManagerImpl.java:190)
	at org.apache.hadoop.hdds.scm.server.SCMBlockProtocolServer.allocateBlock(SCMBlockProtocolServer.java:175)
	at org.apache.hadoop.ozone.protocolPB.ScmBlockLocationProtocolServerSideTranslatorPB.allocateScmBlock(ScmBlockLocationProtocolServerSideTranslatorPB.java:153)
	at org.apache.hadoop.ozone.protocolPB.ScmBlockLocationProtocolServerSideTranslatorPB.send(ScmBlockLocationProtocolServerSideTranslatorPB.java:112)
	at org.apache.hadoop.hdds.protocol.proto.ScmBlockLocationProtocolProtos$ScmBlockLocationProtocolService$2.callBlockingMethod(ScmBlockLocationProtocolProtos.java:13157)
	at org.apache.hadoop.ipc.ProtobufRpcEngine$Server$ProtoBufRpcInvoker.call(ProtobufRpcEngine.java:524)
	at org.apache.hadoop.ipc.RPC$Server.call(RPC.java:1025)
	at org.apache.hadoop.ipc.Server$RpcCall.run(Server.java:876)
	at org.apache.hadoop.ipc.Server$RpcCall.run(Server.java:822)
	at java.security.AccessController.doPrivileged(Native Method)
	at javax.security.auth.Subject.doAs(Subject.java:422)
	at org.apache.hadoop.security.UserGroupInformation.doAs(UserGroupInformation.java:1730)
	at org.apache.hadoop.ipc.Server$Handler.run(Server.java:2682)
2019-09-20 08:31:51,011 [IPC Server handler 13 on 34158] INFO  pipeline.PipelinePlacementPolicy (PipelinePlacementPolicy.java:meetCriteria(91)) - Pipeline Placement: Doesn't meet the criteria to be viable node： 0e595721-d597-45e8-8ba1-cb4ebc325b8e Heaviness: 6 limit: 5
2019-09-20 08:31:51,011 [IPC Server handler 9 on 34158] INFO  block.BlockManagerImpl (BlockManagerImpl.java:allocateBlock(198)) - Could not find available pipeline of type:RATIS and factor:THREE even after retrying
2019-09-20 08:31:51,012 [IPC Server handler 13 on 34158] INFO  pipeline.PipelinePlacementPolicy (PipelinePlacementPolicy.java:meetCriteria(91)) - Pipeline Placement: Doesn't meet the criteria to be viable node： 7afa6414-ef24-48ad-8f55-8b19d11f4e72 Heaviness: 6 limit: 5
2019-09-20 08:31:51,012 [IPC Server handler 9 on 34158] ERROR block.BlockManagerImpl (BlockManagerImpl.java:allocateBlock(222)) - Unable to allocate a block for the size: 4194304, type: RATIS, factor: THREE
2019-09-20 08:31:51,012 | INFO  | SCMAudit | user=jenkins1000 | ip=192.168.34.27 | op=ALLOCATE_BLOCK {owner=f064f72f-d765-475a-becc-688165e5d83e, size=4194304, type=RATIS, factor=THREE} | ret=SUCCESS |  
2019-09-20 08:31:51,012 [IPC Server handler 13 on 34158] INFO  pipeline.PipelinePlacementPolicy (PipelinePlacementPolicy.java:meetCriteria(91)) - Pipeline Placement: Doesn't meet the criteria to be viable node： 7372e003-60de-4928-9031-10c7db72eb74 Heaviness: 6 limit: 5
2019-09-20 08:31:51,012 [IPC Server handler 13 on 34158] INFO  pipeline.PipelinePlacementPolicy (PipelinePlacementPolicy.java:meetCriteria(91)) - Pipeline Placement: Doesn't meet the criteria to be viable node： f0fc55a7-6908-4f04-ad18-9919b4d1166c Heaviness: 6 limit: 5
2019-09-20 08:31:51,013 [IPC Server handler 13 on 34158] INFO  pipeline.PipelinePlacementPolicy (PipelinePlacementPolicy.java:meetCriteria(91)) - Pipeline Placement: Doesn't meet the criteria to be viable node： b1d6c399-222b-48d2-8034-ed92e0cf00a0 Heaviness: 6 limit: 5
2019-09-20 08:31:51,013 [IPC Server handler 13 on 34158] ERROR pipeline.PipelinePlacementPolicy (PipelinePlacementPolicy.java:filterViableNodes(148)) - Unable to find enough nodes that meet the criteria that cannot engage in more than 5 pipelines. Nodes required: 3 Found: 0, healthy nodes count inNodeManager: 5.
2019-09-20 08:31:51,013 [IPC Server handler 13 on 34158] ERROR pipeline.SCMPipelineManager (SCMPipelineManager.java:createPipeline(161)) - Pipeline creation failed due to exception: Unable to find enough nodes that meet the criteria that cannot engage in more than 5 pipelines. Nodes required: 3 Found: 0, healthy nodes count inNodeManager: 5.
2019-09-20 08:31:51,013 | ERROR | OMAudit | user=jenkins1000 | ip=127.0.0.1 | op=ALLOCATE_KEY {volume=vol-0-85101, bucket=bucket-3-65183, key=key-0-17532, dataSize=10240, replicationType=RATIS, replicationFactor=THREE, keyLocationInfo=null} | ret=FAILURE | org.apache.hadoop.hdds.scm.exceptions.SCMException: Allocated 0 blocks. Requested 1 blocks
	at org.apache.hadoop.hdds.scm.protocolPB.ScmBlockLocationProtocolClientSideTranslatorPB.handleError(ScmBlockLocationProtocolClientSideTranslatorPB.java:118)
	at org.apache.hadoop.hdds.scm.protocolPB.ScmBlockLocationProtocolClientSideTranslatorPB.allocateBlock(ScmBlockLocationProtocolClientSideTranslatorPB.java:156) 
2019-09-20 08:31:51,013 [IPC Server handler 13 on 34158] WARN  block.BlockManagerImpl (BlockManagerImpl.java:allocateBlock(192)) - Pipeline creation failed for type:RATIS factor:THREE. Retrying get pipelines call once.
org.apache.hadoop.hdds.scm.exceptions.SCMException: Unable to find enough nodes that meet the criteria that cannot engage in more than 5 pipelines. Nodes required: 3 Found: 0, healthy nodes count inNodeManager: 5.
	at org.apache.hadoop.hdds.scm.pipeline.PipelinePlacementPolicy.filterViableNodes(PipelinePlacementPolicy.java:149)
	at org.apache.hadoop.hdds.scm.pipeline.PipelinePlacementPolicy.chooseDatanodes(PipelinePlacementPolicy.java:172)
	at org.apache.hadoop.hdds.scm.pipeline.RatisPipelineProvider.create(RatisPipelineProvider.java:92)
	at org.apache.hadoop.hdds.scm.pipeline.PipelineFactory.create(PipelineFactory.java:57)
	at org.apache.hadoop.hdds.scm.pipeline.SCMPipelineManager.createPipeline(SCMPipelineManager.java:149)
	at org.apache.hadoop.hdds.scm.block.BlockManagerImpl.allocateBlock(BlockManagerImpl.java:190)
	at org.apache.hadoop.hdds.scm.server.SCMBlockProtocolServer.allocateBlock(SCMBlockProtocolServer.java:175)
	at org.apache.hadoop.ozone.protocolPB.ScmBlockLocationProtocolServerSideTranslatorPB.allocateScmBlock(ScmBlockLocationProtocolServerSideTranslatorPB.java:153)
	at org.apache.hadoop.ozone.protocolPB.ScmBlockLocationProtocolServerSideTranslatorPB.send(ScmBlockLocationProtocolServerSideTranslatorPB.java:112)
	at org.apache.hadoop.hdds.protocol.proto.ScmBlockLocationProtocolProtos$ScmBlockLocationProtocolService$2.callBlockingMethod(ScmBlockLocationProtocolProtos.java:13157)
	at org.apache.hadoop.ipc.ProtobufRpcEngine$Server$ProtoBufRpcInvoker.call(ProtobufRpcEngine.java:524)
	at org.apache.hadoop.ipc.RPC$Server.call(RPC.java:1025)
	at org.apache.hadoop.ipc.Server$RpcCall.run(Server.java:876)
	at org.apache.hadoop.ipc.Server$RpcCall.run(Server.java:822)
	at java.security.AccessController.doPrivileged(Native Method)
	at javax.security.auth.Subject.doAs(Subject.java:422)
	at org.apache.hadoop.security.UserGroupInformation.doAs(UserGroupInformation.java:1730)
	at org.apache.hadoop.ipc.Server$Handler.run(Server.java:2682)
2019-09-20 08:31:51,013 [IPC Server handler 10 on 34158] INFO  pipeline.PipelinePlacementPolicy (PipelinePlacementPolicy.java:meetCriteria(91)) - Pipeline Placement: Doesn't meet the criteria to be viable node： 0e595721-d597-45e8-8ba1-cb4ebc325b8e Heaviness: 6 limit: 5
2019-09-20 08:31:51,014 [IPC Server handler 10 on 34158] INFO  pipeline.PipelinePlacementPolicy (PipelinePlacementPolicy.java:meetCriteria(91)) - Pipeline Placement: Doesn't meet the criteria to be viable node： 7afa6414-ef24-48ad-8f55-8b19d11f4e72 Heaviness: 6 limit: 5
2019-09-20 08:31:51,014 [IPC Server handler 10 on 34158] INFO  pipeline.PipelinePlacementPolicy (PipelinePlacementPolicy.java:meetCriteria(91)) - Pipeline Placement: Doesn't meet the criteria to be viable node： 7372e003-60de-4928-9031-10c7db72eb74 Heaviness: 6 limit: 5
2019-09-20 08:31:51,014 [pool-80-thread-9] ERROR freon.RandomKeyGenerator (RandomKeyGenerator.java:createKey(724)) - Exception while adding key: key-0-17532 in bucket: bucket-3-65183 of volume: vol-0-85101.
INTERNAL_ERROR org.apache.hadoop.ozone.om.exceptions.OMException: Allocated 0 blocks. Requested 1 blocks
	at org.apache.hadoop.ozone.om.protocolPB.OzoneManagerProtocolClientSideTranslatorPB.handleError(OzoneManagerProtocolClientSideTranslatorPB.java:725)
	at org.apache.hadoop.ozone.om.protocolPB.OzoneManagerProtocolClientSideTranslatorPB.openKey(OzoneManagerProtocolClientSideTranslatorPB.java:716)
	at org.apache.hadoop.ozone.client.rpc.RpcClient.createKey(RpcClient.java:615)
	at org.apache.hadoop.ozone.client.OzoneBucket.createKey(OzoneBucket.java:323)
	at org.apache.hadoop.ozone.freon.RandomKeyGenerator.createKey(RandomKeyGenerator.java:686)
	at org.apache.hadoop.ozone.freon.RandomKeyGenerator.access$1100(RandomKeyGenerator.java:87)
	at org.apache.hadoop.ozone.freon.RandomKeyGenerator$ObjectCreator.run(RandomKeyGenerator.java:606)
	at java.util.concurrent.Executors$RunnableAdapter.call(Executors.java:511)
	at java.util.concurrent.FutureTask.run(FutureTask.java:266)
	at java.util.concurrent.ThreadPoolExecutor.runWorker(ThreadPoolExecutor.java:1149)
	at java.util.concurrent.ThreadPoolExecutor$Worker.run(ThreadPoolExecutor.java:624)
	at java.lang.Thread.run(Thread.java:748)
2019-09-20 08:31:51,014 [IPC Server handler 10 on 34158] INFO  pipeline.PipelinePlacementPolicy (PipelinePlacementPolicy.java:meetCriteria(91)) - Pipeline Placement: Doesn't meet the criteria to be viable node： f0fc55a7-6908-4f04-ad18-9919b4d1166c Heaviness: 6 limit: 5
2019-09-20 08:31:51,015 [IPC Server handler 10 on 34158] INFO  pipeline.PipelinePlacementPolicy (PipelinePlacementPolicy.java:meetCriteria(91)) - Pipeline Placement: Doesn't meet the criteria to be viable node： b1d6c399-222b-48d2-8034-ed92e0cf00a0 Heaviness: 6 limit: 5
2019-09-20 08:31:51,015 [IPC Server handler 10 on 34158] ERROR pipeline.PipelinePlacementPolicy (PipelinePlacementPolicy.java:filterViableNodes(148)) - Unable to find enough nodes that meet the criteria that cannot engage in more than 5 pipelines. Nodes required: 3 Found: 0, healthy nodes count inNodeManager: 5.
2019-09-20 08:31:51,015 [IPC Server handler 10 on 34158] ERROR pipeline.SCMPipelineManager (SCMPipelineManager.java:createPipeline(161)) - Pipeline creation failed due to exception: Unable to find enough nodes that meet the criteria that cannot engage in more than 5 pipelines. Nodes required: 3 Found: 0, healthy nodes count inNodeManager: 5.
2019-09-20 08:31:51,015 [IPC Server handler 10 on 34158] WARN  block.BlockManagerImpl (BlockManagerImpl.java:allocateBlock(192)) - Pipeline creation failed for type:RATIS factor:THREE. Retrying get pipelines call once.
org.apache.hadoop.hdds.scm.exceptions.SCMException: Unable to find enough nodes that meet the criteria that cannot engage in more than 5 pipelines. Nodes required: 3 Found: 0, healthy nodes count inNodeManager: 5.
	at org.apache.hadoop.hdds.scm.pipeline.PipelinePlacementPolicy.filterViableNodes(PipelinePlacementPolicy.java:149)
	at org.apache.hadoop.hdds.scm.pipeline.PipelinePlacementPolicy.chooseDatanodes(PipelinePlacementPolicy.java:172)
	at org.apache.hadoop.hdds.scm.pipeline.RatisPipelineProvider.create(RatisPipelineProvider.java:92)
	at org.apache.hadoop.hdds.scm.pipeline.PipelineFactory.create(PipelineFactory.java:57)
	at org.apache.hadoop.hdds.scm.pipeline.SCMPipelineManager.createPipeline(SCMPipelineManager.java:149)
	at org.apache.hadoop.hdds.scm.block.BlockManagerImpl.allocateBlock(BlockManagerImpl.java:190)
	at org.apache.hadoop.hdds.scm.server.SCMBlockProtocolServer.allocateBlock(SCMBlockProtocolServer.java:175)
	at org.apache.hadoop.ozone.protocolPB.ScmBlockLocationProtocolServerSideTranslatorPB.allocateScmBlock(ScmBlockLocationProtocolServerSideTranslatorPB.java:153)
	at org.apache.hadoop.ozone.protocolPB.ScmBlockLocationProtocolServerSideTranslatorPB.send(ScmBlockLocationProtocolServerSideTranslatorPB.java:112)
	at org.apache.hadoop.hdds.protocol.proto.ScmBlockLocationProtocolProtos$ScmBlockLocationProtocolService$2.callBlockingMethod(ScmBlockLocationProtocolProtos.java:13157)
	at org.apache.hadoop.ipc.ProtobufRpcEngine$Server$ProtoBufRpcInvoker.call(ProtobufRpcEngine.java:524)
	at org.apache.hadoop.ipc.RPC$Server.call(RPC.java:1025)
	at org.apache.hadoop.ipc.Server$RpcCall.run(Server.java:876)
	at org.apache.hadoop.ipc.Server$RpcCall.run(Server.java:822)
	at java.security.AccessController.doPrivileged(Native Method)
	at javax.security.auth.Subject.doAs(Subject.java:422)
	at org.apache.hadoop.security.UserGroupInformation.doAs(UserGroupInformation.java:1730)
	at org.apache.hadoop.ipc.Server$Handler.run(Server.java:2682)
2019-09-20 08:31:51,015 [IPC Server handler 19 on 34158] INFO  pipeline.PipelinePlacementPolicy (PipelinePlacementPolicy.java:meetCriteria(91)) - Pipeline Placement: Doesn't meet the criteria to be viable node： 0e595721-d597-45e8-8ba1-cb4ebc325b8e Heaviness: 6 limit: 5
2019-09-20 08:31:51,016 [IPC Server handler 19 on 34158] INFO  pipeline.PipelinePlacementPolicy (PipelinePlacementPolicy.java:meetCriteria(91)) - Pipeline Placement: Doesn't meet the criteria to be viable node： 7afa6414-ef24-48ad-8f55-8b19d11f4e72 Heaviness: 6 limit: 5
2019-09-20 08:31:51,016 [IPC Server handler 19 on 34158] INFO  pipeline.PipelinePlacementPolicy (PipelinePlacementPolicy.java:meetCriteria(91)) - Pipeline Placement: Doesn't meet the criteria to be viable node： 7372e003-60de-4928-9031-10c7db72eb74 Heaviness: 6 limit: 5
2019-09-20 08:31:51,016 [IPC Server handler 19 on 34158] INFO  pipeline.PipelinePlacementPolicy (PipelinePlacementPolicy.java:meetCriteria(91)) - Pipeline Placement: Doesn't meet the criteria to be viable node： f0fc55a7-6908-4f04-ad18-9919b4d1166c Heaviness: 6 limit: 5
2019-09-20 08:31:51,016 [IPC Server handler 19 on 34158] INFO  pipeline.PipelinePlacementPolicy (PipelinePlacementPolicy.java:meetCriteria(91)) - Pipeline Placement: Doesn't meet the criteria to be viable node： b1d6c399-222b-48d2-8034-ed92e0cf00a0 Heaviness: 6 limit: 5
2019-09-20 08:31:51,016 [IPC Server handler 19 on 34158] ERROR pipeline.PipelinePlacementPolicy (PipelinePlacementPolicy.java:filterViableNodes(148)) - Unable to find enough nodes that meet the criteria that cannot engage in more than 5 pipelines. Nodes required: 3 Found: 0, healthy nodes count inNodeManager: 5.
2019-09-20 08:31:51,016 [IPC Server handler 19 on 34158] ERROR pipeline.SCMPipelineManager (SCMPipelineManager.java:createPipeline(161)) - Pipeline creation failed due to exception: Unable to find enough nodes that meet the criteria that cannot engage in more than 5 pipelines. Nodes required: 3 Found: 0, healthy nodes count inNodeManager: 5.
2019-09-20 08:31:51,017 [IPC Server handler 19 on 34158] WARN  block.BlockManagerImpl (BlockManagerImpl.java:allocateBlock(192)) - Pipeline creation failed for type:RATIS factor:THREE. Retrying get pipelines call once.
org.apache.hadoop.hdds.scm.exceptions.SCMException: Unable to find enough nodes that meet the criteria that cannot engage in more than 5 pipelines. Nodes required: 3 Found: 0, healthy nodes count inNodeManager: 5.
	at org.apache.hadoop.hdds.scm.pipeline.PipelinePlacementPolicy.filterViableNodes(PipelinePlacementPolicy.java:149)
	at org.apache.hadoop.hdds.scm.pipeline.PipelinePlacementPolicy.chooseDatanodes(PipelinePlacementPolicy.java:172)
	at org.apache.hadoop.hdds.scm.pipeline.RatisPipelineProvider.create(RatisPipelineProvider.java:92)
	at org.apache.hadoop.hdds.scm.pipeline.PipelineFactory.create(PipelineFactory.java:57)
	at org.apache.hadoop.hdds.scm.pipeline.SCMPipelineManager.createPipeline(SCMPipelineManager.java:149)
	at org.apache.hadoop.hdds.scm.block.BlockManagerImpl.allocateBlock(BlockManagerImpl.java:190)
	at org.apache.hadoop.hdds.scm.server.SCMBlockProtocolServer.allocateBlock(SCMBlockProtocolServer.java:175)
	at org.apache.hadoop.ozone.protocolPB.ScmBlockLocationProtocolServerSideTranslatorPB.allocateScmBlock(ScmBlockLocationProtocolServerSideTranslatorPB.java:153)
	at org.apache.hadoop.ozone.protocolPB.ScmBlockLocationProtocolServerSideTranslatorPB.send(ScmBlockLocationProtocolServerSideTranslatorPB.java:112)
	at org.apache.hadoop.hdds.protocol.proto.ScmBlockLocationProtocolProtos$ScmBlockLocationProtocolService$2.callBlockingMethod(ScmBlockLocationProtocolProtos.java:13157)
	at org.apache.hadoop.ipc.ProtobufRpcEngine$Server$ProtoBufRpcInvoker.call(ProtobufRpcEngine.java:524)
	at org.apache.hadoop.ipc.RPC$Server.call(RPC.java:1025)
	at org.apache.hadoop.ipc.Server$RpcCall.run(Server.java:876)
	at org.apache.hadoop.ipc.Server$RpcCall.run(Server.java:822)
	at java.security.AccessController.doPrivileged(Native Method)
	at javax.security.auth.Subject.doAs(Subject.java:422)
	at org.apache.hadoop.security.UserGroupInformation.doAs(UserGroupInformation.java:1730)
	at org.apache.hadoop.ipc.Server$Handler.run(Server.java:2682)
2019-09-20 08:31:51,017 [IPC Server handler 18 on 34158] INFO  pipeline.PipelinePlacementPolicy (PipelinePlacementPolicy.java:meetCriteria(91)) - Pipeline Placement: Doesn't meet the criteria to be viable node： 0e595721-d597-45e8-8ba1-cb4ebc325b8e Heaviness: 6 limit: 5
2019-09-20 08:31:51,030 [IPC Server handler 18 on 34158] INFO  pipeline.PipelinePlacementPolicy (PipelinePlacementPolicy.java:meetCriteria(91)) - Pipeline Placement: Doesn't meet the criteria to be viable node： 7afa6414-ef24-48ad-8f55-8b19d11f4e72 Heaviness: 6 limit: 5
2019-09-20 08:31:51,030 [IPC Server handler 18 on 34158] INFO  pipeline.PipelinePlacementPolicy (PipelinePlacementPolicy.java:meetCriteria(91)) - Pipeline Placement: Doesn't meet the criteria to be viable node： 7372e003-60de-4928-9031-10c7db72eb74 Heaviness: 6 limit: 5
2019-09-20 08:31:51,030 [IPC Server handler 18 on 34158] INFO  pipeline.PipelinePlacementPolicy (PipelinePlacementPolicy.java:meetCriteria(91)) - Pipeline Placement: Doesn't meet the criteria to be viable node： f0fc55a7-6908-4f04-ad18-9919b4d1166c Heaviness: 6 limit: 5
2019-09-20 08:31:51,030 [IPC Server handler 18 on 34158] INFO  pipeline.PipelinePlacementPolicy (PipelinePlacementPolicy.java:meetCriteria(91)) - Pipeline Placement: Doesn't meet the criteria to be viable node： b1d6c399-222b-48d2-8034-ed92e0cf00a0 Heaviness: 6 limit: 5
2019-09-20 08:31:51,031 [IPC Server handler 18 on 34158] ERROR pipeline.PipelinePlacementPolicy (PipelinePlacementPolicy.java:filterViableNodes(148)) - Unable to find enough nodes that meet the criteria that cannot engage in more than 5 pipelines. Nodes required: 3 Found: 0, healthy nodes count inNodeManager: 5.
2019-09-20 08:31:51,031 [IPC Server handler 18 on 34158] ERROR pipeline.SCMPipelineManager (SCMPipelineManager.java:createPipeline(161)) - Pipeline creation failed due to exception: Unable to find enough nodes that meet the criteria that cannot engage in more than 5 pipelines. Nodes required: 3 Found: 0, healthy nodes count inNodeManager: 5.
2019-09-20 08:31:51,031 [IPC Server handler 18 on 34158] WARN  block.BlockManagerImpl (BlockManagerImpl.java:allocateBlock(192)) - Pipeline creation failed for type:RATIS factor:THREE. Retrying get pipelines call once.
org.apache.hadoop.hdds.scm.exceptions.SCMException: Unable to find enough nodes that meet the criteria that cannot engage in more than 5 pipelines. Nodes required: 3 Found: 0, healthy nodes count inNodeManager: 5.
	at org.apache.hadoop.hdds.scm.pipeline.PipelinePlacementPolicy.filterViableNodes(PipelinePlacementPolicy.java:149)
	at org.apache.hadoop.hdds.scm.pipeline.PipelinePlacementPolicy.chooseDatanodes(PipelinePlacementPolicy.java:172)
	at org.apache.hadoop.hdds.scm.pipeline.RatisPipelineProvider.create(RatisPipelineProvider.java:92)
	at org.apache.hadoop.hdds.scm.pipeline.PipelineFactory.create(PipelineFactory.java:57)
	at org.apache.hadoop.hdds.scm.pipeline.SCMPipelineManager.createPipeline(SCMPipelineManager.java:149)
	at org.apache.hadoop.hdds.scm.block.BlockManagerImpl.allocateBlock(BlockManagerImpl.java:190)
	at org.apache.hadoop.hdds.scm.server.SCMBlockProtocolServer.allocateBlock(SCMBlockProtocolServer.java:175)
	at org.apache.hadoop.ozone.protocolPB.ScmBlockLocationProtocolServerSideTranslatorPB.allocateScmBlock(ScmBlockLocationProtocolServerSideTranslatorPB.java:153)
	at org.apache.hadoop.ozone.protocolPB.ScmBlockLocationProtocolServerSideTranslatorPB.send(ScmBlockLocationProtocolServerSideTranslatorPB.java:112)
	at org.apache.hadoop.hdds.protocol.proto.ScmBlockLocationProtocolProtos$ScmBlockLocationProtocolService$2.callBlockingMethod(ScmBlockLocationProtocolProtos.java:13157)
	at org.apache.hadoop.ipc.ProtobufRpcEngine$Server$ProtoBufRpcInvoker.call(ProtobufRpcEngine.java:524)
	at org.apache.hadoop.ipc.RPC$Server.call(RPC.java:1025)
	at org.apache.hadoop.ipc.Server$RpcCall.run(Server.java:876)
	at org.apache.hadoop.ipc.Server$RpcCall.run(Server.java:822)
	at java.security.AccessController.doPrivileged(Native Method)
	at javax.security.auth.Subject.doAs(Subject.java:422)
	at org.apache.hadoop.security.UserGroupInformation.doAs(UserGroupInformation.java:1730)
	at org.apache.hadoop.ipc.Server$Handler.run(Server.java:2682)
2019-09-20 08:31:51,031 [IPC Server handler 13 on 34158] INFO  block.BlockManagerImpl (BlockManagerImpl.java:allocateBlock(198)) - Could not find available pipeline of type:RATIS and factor:THREE even after retrying
2019-09-20 08:31:51,032 [IPC Server handler 11 on 34158] INFO  pipeline.PipelinePlacementPolicy (PipelinePlacementPolicy.java:meetCriteria(91)) - Pipeline Placement: Doesn't meet the criteria to be viable node： 0e595721-d597-45e8-8ba1-cb4ebc325b8e Heaviness: 6 limit: 5
2019-09-20 08:31:51,031 [IPC Server handler 19 on 34158] INFO  block.BlockManagerImpl (BlockManagerImpl.java:allocateBlock(198)) - Could not find available pipeline of type:RATIS and factor:THREE even after retrying
2019-09-20 08:31:51,032 [IPC Server handler 19 on 34158] ERROR block.BlockManagerImpl (BlockManagerImpl.java:allocateBlock(222)) - Unable to allocate a block for the size: 4194304, type: RATIS, factor: THREE
2019-09-20 08:31:51,031 [IPC Server handler 10 on 34158] INFO  block.BlockManagerImpl (BlockManagerImpl.java:allocateBlock(198)) - Could not find available pipeline of type:RATIS and factor:THREE even after retrying
2019-09-20 08:31:51,032 | INFO  | SCMAudit | user=jenkins1000 | ip=192.168.34.27 | op=ALLOCATE_BLOCK {owner=f064f72f-d765-475a-becc-688165e5d83e, size=4194304, type=RATIS, factor=THREE} | ret=SUCCESS |  
2019-09-20 08:31:51,031 [IPC Server handler 6 on 34158] INFO  block.BlockManagerImpl (BlockManagerImpl.java:allocateBlock(198)) - Could not find available pipeline of type:RATIS and factor:THREE even after retrying
2019-09-20 08:31:51,032 [IPC Server handler 10 on 34158] ERROR block.BlockManagerImpl (BlockManagerImpl.java:allocateBlock(222)) - Unable to allocate a block for the size: 4194304, type: RATIS, factor: THREE
2019-09-20 08:31:51,034 | INFO  | SCMAudit | user=jenkins1000 | ip=192.168.34.27 | op=ALLOCATE_BLOCK {owner=f064f72f-d765-475a-becc-688165e5d83e, size=4194304, type=RATIS, factor=THREE} | ret=SUCCESS |  
2019-09-20 08:31:51,032 [IPC Server handler 11 on 34158] INFO  pipeline.PipelinePlacementPolicy (PipelinePlacementPolicy.java:meetCriteria(91)) - Pipeline Placement: Doesn't meet the criteria to be viable node： 7afa6414-ef24-48ad-8f55-8b19d11f4e72 Heaviness: 6 limit: 5
2019-09-20 08:31:51,034 [IPC Server handler 11 on 34158] INFO  pipeline.PipelinePlacementPolicy (PipelinePlacementPolicy.java:meetCriteria(91)) - Pipeline Placement: Doesn't meet the criteria to be viable node： 7372e003-60de-4928-9031-10c7db72eb74 Heaviness: 6 limit: 5
2019-09-20 08:31:51,032 [IPC Server handler 13 on 34158] ERROR block.BlockManagerImpl (BlockManagerImpl.java:allocateBlock(222)) - Unable to allocate a block for the size: 4194304, type: RATIS, factor: THREE
2019-09-20 08:31:51,035 [IPC Server handler 11 on 34158] INFO  pipeline.PipelinePlacementPolicy (PipelinePlacementPolicy.java:meetCriteria(91)) - Pipeline Placement: Doesn't meet the criteria to be viable node： f0fc55a7-6908-4f04-ad18-9919b4d1166c Heaviness: 6 limit: 5
2019-09-20 08:31:51,035 | INFO  | SCMAudit | user=jenkins1000 | ip=192.168.34.27 | op=ALLOCATE_BLOCK {owner=f064f72f-d765-475a-becc-688165e5d83e, size=4194304, type=RATIS, factor=THREE} | ret=SUCCESS |  
2019-09-20 08:31:51,034 | ERROR | OMAudit | user=jenkins1000 | ip=127.0.0.1 | op=ALLOCATE_KEY {volume=vol-1-31113, bucket=bucket-0-18278, key=key-0-99941, dataSize=10240, replicationType=RATIS, replicationFactor=THREE, keyLocationInfo=null} | ret=FAILURE | org.apache.hadoop.hdds.scm.exceptions.SCMException: Allocated 0 blocks. Requested 1 blocks
	at org.apache.hadoop.hdds.scm.protocolPB.ScmBlockLocationProtocolClientSideTranslatorPB.handleError(ScmBlockLocationProtocolClientSideTranslatorPB.java:118)
	at org.apache.hadoop.hdds.scm.protocolPB.ScmBlockLocationProtocolClientSideTranslatorPB.allocateBlock(ScmBlockLocationProtocolClientSideTranslatorPB.java:156) 
2019-09-20 08:31:51,035 [IPC Server handler 11 on 34158] INFO  pipeline.PipelinePlacementPolicy (PipelinePlacementPolicy.java:meetCriteria(91)) - Pipeline Placement: Doesn't meet the criteria to be viable node： b1d6c399-222b-48d2-8034-ed92e0cf00a0 Heaviness: 6 limit: 5
2019-09-20 08:31:51,034 [IPC Server handler 6 on 34158] ERROR block.BlockManagerImpl (BlockManagerImpl.java:allocateBlock(222)) - Unable to allocate a block for the size: 4194304, type: RATIS, factor: THREE
2019-09-20 08:31:51,035 | ERROR | OMAudit | user=jenkins1000 | ip=127.0.0.1 | op=ALLOCATE_KEY {volume=vol-0-85101, bucket=bucket-0-43452, key=key-0-36396, dataSize=10240, replicationType=RATIS, replicationFactor=THREE, keyLocationInfo=null} | ret=FAILURE | org.apache.hadoop.hdds.scm.exceptions.SCMException: Allocated 0 blocks. Requested 1 blocks
	at org.apache.hadoop.hdds.scm.protocolPB.ScmBlockLocationProtocolClientSideTranslatorPB.handleError(ScmBlockLocationProtocolClientSideTranslatorPB.java:118)
	at org.apache.hadoop.hdds.scm.protocolPB.ScmBlockLocationProtocolClientSideTranslatorPB.allocateBlock(ScmBlockLocationProtocolClientSideTranslatorPB.java:156) 
2019-09-20 08:31:51,037 [IPC Server handler 11 on 34158] ERROR pipeline.PipelinePlacementPolicy (PipelinePlacementPolicy.java:filterViableNodes(148)) - Unable to find enough nodes that meet the criteria that cannot engage in more than 5 pipelines. Nodes required: 3 Found: 0, healthy nodes count inNodeManager: 5.
2019-09-20 08:31:51,037 | INFO  | SCMAudit | user=jenkins1000 | ip=192.168.34.27 | op=ALLOCATE_BLOCK {owner=f064f72f-d765-475a-becc-688165e5d83e, size=4194304, type=RATIS, factor=THREE} | ret=SUCCESS |  
2019-09-20 08:31:51,037 | ERROR | OMAudit | user=jenkins1000 | ip=127.0.0.1 | op=ALLOCATE_KEY {volume=vol-1-31113, bucket=bucket-1-38643, key=key-0-18218, dataSize=10240, replicationType=RATIS, replicationFactor=THREE, keyLocationInfo=null} | ret=FAILURE | org.apache.hadoop.hdds.scm.exceptions.SCMException: Allocated 0 blocks. Requested 1 blocks
	at org.apache.hadoop.hdds.scm.protocolPB.ScmBlockLocationProtocolClientSideTranslatorPB.handleError(ScmBlockLocationProtocolClientSideTranslatorPB.java:118)
	at org.apache.hadoop.hdds.scm.protocolPB.ScmBlockLocationProtocolClientSideTranslatorPB.allocateBlock(ScmBlockLocationProtocolClientSideTranslatorPB.java:156) 
2019-09-20 08:31:51,037 [pool-80-thread-4] ERROR freon.RandomKeyGenerator (RandomKeyGenerator.java:createKey(724)) - Exception while adding key: key-0-99941 in bucket: bucket-0-18278 of volume: vol-1-31113.
INTERNAL_ERROR org.apache.hadoop.ozone.om.exceptions.OMException: Allocated 0 blocks. Requested 1 blocks
	at org.apache.hadoop.ozone.om.protocolPB.OzoneManagerProtocolClientSideTranslatorPB.handleError(OzoneManagerProtocolClientSideTranslatorPB.java:725)
	at org.apache.hadoop.ozone.om.protocolPB.OzoneManagerProtocolClientSideTranslatorPB.openKey(OzoneManagerProtocolClientSideTranslatorPB.java:716)
	at org.apache.hadoop.ozone.client.rpc.RpcClient.createKey(RpcClient.java:615)
	at org.apache.hadoop.ozone.client.OzoneBucket.createKey(OzoneBucket.java:323)
	at org.apache.hadoop.ozone.freon.RandomKeyGenerator.createKey(RandomKeyGenerator.java:686)
	at org.apache.hadoop.ozone.freon.RandomKeyGenerator.access$1100(RandomKeyGenerator.java:87)
	at org.apache.hadoop.ozone.freon.RandomKeyGenerator$ObjectCreator.run(RandomKeyGenerator.java:606)
	at java.util.concurrent.Executors$RunnableAdapter.call(Executors.java:511)
	at java.util.concurrent.FutureTask.run(FutureTask.java:266)
	at java.util.concurrent.ThreadPoolExecutor.runWorker(ThreadPoolExecutor.java:1149)
	at java.util.concurrent.ThreadPoolExecutor$Worker.run(ThreadPoolExecutor.java:624)
	at java.lang.Thread.run(Thread.java:748)
2019-09-20 08:31:51,039 | ERROR | OMAudit | user=jenkins1000 | ip=127.0.0.1 | op=ALLOCATE_KEY {volume=vol-0-85101, bucket=bucket-1-57309, key=key-0-69783, dataSize=10240, replicationType=RATIS, replicationFactor=THREE, keyLocationInfo=null} | ret=FAILURE | org.apache.hadoop.hdds.scm.exceptions.SCMException: Allocated 0 blocks. Requested 1 blocks
	at org.apache.hadoop.hdds.scm.protocolPB.ScmBlockLocationProtocolClientSideTranslatorPB.handleError(ScmBlockLocationProtocolClientSideTranslatorPB.java:118)
	at org.apache.hadoop.hdds.scm.protocolPB.ScmBlockLocationProtocolClientSideTranslatorPB.allocateBlock(ScmBlockLocationProtocolClientSideTranslatorPB.java:156) 
2019-09-20 08:31:51,039 [pool-80-thread-1] ERROR freon.RandomKeyGenerator (RandomKeyGenerator.java:createKey(724)) - Exception while adding key: key-0-36396 in bucket: bucket-0-43452 of volume: vol-0-85101.
INTERNAL_ERROR org.apache.hadoop.ozone.om.exceptions.OMException: Allocated 0 blocks. Requested 1 blocks
	at org.apache.hadoop.ozone.om.protocolPB.OzoneManagerProtocolClientSideTranslatorPB.handleError(OzoneManagerProtocolClientSideTranslatorPB.java:725)
	at org.apache.hadoop.ozone.om.protocolPB.OzoneManagerProtocolClientSideTranslatorPB.openKey(OzoneManagerProtocolClientSideTranslatorPB.java:716)
	at org.apache.hadoop.ozone.client.rpc.RpcClient.createKey(RpcClient.java:615)
	at org.apache.hadoop.ozone.client.OzoneBucket.createKey(OzoneBucket.java:323)
	at org.apache.hadoop.ozone.freon.RandomKeyGenerator.createKey(RandomKeyGenerator.java:686)
	at org.apache.hadoop.ozone.freon.RandomKeyGenerator.access$1100(RandomKeyGenerator.java:87)
	at org.apache.hadoop.ozone.freon.RandomKeyGenerator$ObjectCreator.run(RandomKeyGenerator.java:606)
	at java.util.concurrent.Executors$RunnableAdapter.call(Executors.java:511)
	at java.util.concurrent.FutureTask.run(FutureTask.java:266)
	at java.util.concurrent.ThreadPoolExecutor.runWorker(ThreadPoolExecutor.java:1149)
	at java.util.concurrent.ThreadPoolExecutor$Worker.run(ThreadPoolExecutor.java:624)
	at java.lang.Thread.run(Thread.java:748)
2019-09-20 08:31:51,037 [IPC Server handler 11 on 34158] ERROR pipeline.SCMPipelineManager (SCMPipelineManager.java:createPipeline(161)) - Pipeline creation failed due to exception: Unable to find enough nodes that meet the criteria that cannot engage in more than 5 pipelines. Nodes required: 3 Found: 0, healthy nodes count inNodeManager: 5.
2019-09-20 08:31:51,041 [IPC Server handler 11 on 34158] WARN  block.BlockManagerImpl (BlockManagerImpl.java:allocateBlock(192)) - Pipeline creation failed for type:RATIS factor:THREE. Retrying get pipelines call once.
org.apache.hadoop.hdds.scm.exceptions.SCMException: Unable to find enough nodes that meet the criteria that cannot engage in more than 5 pipelines. Nodes required: 3 Found: 0, healthy nodes count inNodeManager: 5.
	at org.apache.hadoop.hdds.scm.pipeline.PipelinePlacementPolicy.filterViableNodes(PipelinePlacementPolicy.java:149)
	at org.apache.hadoop.hdds.scm.pipeline.PipelinePlacementPolicy.chooseDatanodes(PipelinePlacementPolicy.java:172)
	at org.apache.hadoop.hdds.scm.pipeline.RatisPipelineProvider.create(RatisPipelineProvider.java:92)
	at org.apache.hadoop.hdds.scm.pipeline.PipelineFactory.create(PipelineFactory.java:57)
	at org.apache.hadoop.hdds.scm.pipeline.SCMPipelineManager.createPipeline(SCMPipelineManager.java:149)
	at org.apache.hadoop.hdds.scm.block.BlockManagerImpl.allocateBlock(BlockManagerImpl.java:190)
	at org.apache.hadoop.hdds.scm.server.SCMBlockProtocolServer.allocateBlock(SCMBlockProtocolServer.java:175)
	at org.apache.hadoop.ozone.protocolPB.ScmBlockLocationProtocolServerSideTranslatorPB.allocateScmBlock(ScmBlockLocationProtocolServerSideTranslatorPB.java:153)
	at org.apache.hadoop.ozone.protocolPB.ScmBlockLocationProtocolServerSideTranslatorPB.send(ScmBlockLocationProtocolServerSideTranslatorPB.java:112)
	at org.apache.hadoop.hdds.protocol.proto.ScmBlockLocationProtocolProtos$ScmBlockLocationProtocolService$2.callBlockingMethod(ScmBlockLocationProtocolProtos.java:13157)
	at org.apache.hadoop.ipc.ProtobufRpcEngine$Server$ProtoBufRpcInvoker.call(ProtobufRpcEngine.java:524)
	at org.apache.hadoop.ipc.RPC$Server.call(RPC.java:1025)
	at org.apache.hadoop.ipc.Server$RpcCall.run(Server.java:876)
	at org.apache.hadoop.ipc.Server$RpcCall.run(Server.java:822)
	at java.security.AccessController.doPrivileged(Native Method)
	at javax.security.auth.Subject.doAs(Subject.java:422)
	at org.apache.hadoop.security.UserGroupInformation.doAs(UserGroupInformation.java:1730)
	at org.apache.hadoop.ipc.Server$Handler.run(Server.java:2682)
2019-09-20 08:31:51,040 [pool-80-thread-3] ERROR freon.RandomKeyGenerator (RandomKeyGenerator.java:createKey(724)) - Exception while adding key: key-0-18218 in bucket: bucket-1-38643 of volume: vol-1-31113.
INTERNAL_ERROR org.apache.hadoop.ozone.om.exceptions.OMException: Allocated 0 blocks. Requested 1 blocks
	at org.apache.hadoop.ozone.om.protocolPB.OzoneManagerProtocolClientSideTranslatorPB.handleError(OzoneManagerProtocolClientSideTranslatorPB.java:725)
	at org.apache.hadoop.ozone.om.protocolPB.OzoneManagerProtocolClientSideTranslatorPB.openKey(OzoneManagerProtocolClientSideTranslatorPB.java:716)
	at org.apache.hadoop.ozone.client.rpc.RpcClient.createKey(RpcClient.java:615)
	at org.apache.hadoop.ozone.client.OzoneBucket.createKey(OzoneBucket.java:323)
	at org.apache.hadoop.ozone.freon.RandomKeyGenerator.createKey(RandomKeyGenerator.java:686)
	at org.apache.hadoop.ozone.freon.RandomKeyGenerator.access$1100(RandomKeyGenerator.java:87)
	at org.apache.hadoop.ozone.freon.RandomKeyGenerator$ObjectCreator.run(RandomKeyGenerator.java:606)
	at java.util.concurrent.Executors$RunnableAdapter.call(Executors.java:511)
	at java.util.concurrent.FutureTask.run(FutureTask.java:266)
	at java.util.concurrent.ThreadPoolExecutor.runWorker(ThreadPoolExecutor.java:1149)
	at java.util.concurrent.ThreadPoolExecutor$Worker.run(ThreadPoolExecutor.java:624)
	at java.lang.Thread.run(Thread.java:748)
2019-09-20 08:31:51,041 [IPC Server handler 7 on 34158] INFO  pipeline.PipelinePlacementPolicy (PipelinePlacementPolicy.java:meetCriteria(91)) - Pipeline Placement: Doesn't meet the criteria to be viable node： 0e595721-d597-45e8-8ba1-cb4ebc325b8e Heaviness: 6 limit: 5
2019-09-20 08:31:51,042 [IPC Server handler 7 on 34158] INFO  pipeline.PipelinePlacementPolicy (PipelinePlacementPolicy.java:meetCriteria(91)) - Pipeline Placement: Doesn't meet the criteria to be viable node： 7afa6414-ef24-48ad-8f55-8b19d11f4e72 Heaviness: 6 limit: 5
2019-09-20 08:31:51,042 [IPC Server handler 7 on 34158] INFO  pipeline.PipelinePlacementPolicy (PipelinePlacementPolicy.java:meetCriteria(91)) - Pipeline Placement: Doesn't meet the criteria to be viable node： 7372e003-60de-4928-9031-10c7db72eb74 Heaviness: 6 limit: 5
2019-09-20 08:31:51,043 [IPC Server handler 7 on 34158] INFO  pipeline.PipelinePlacementPolicy (PipelinePlacementPolicy.java:meetCriteria(91)) - Pipeline Placement: Doesn't meet the criteria to be viable node： f0fc55a7-6908-4f04-ad18-9919b4d1166c Heaviness: 6 limit: 5
2019-09-20 08:31:51,041 [pool-80-thread-5] ERROR freon.RandomKeyGenerator (RandomKeyGenerator.java:createKey(724)) - Exception while adding key: key-0-69783 in bucket: bucket-1-57309 of volume: vol-0-85101.
INTERNAL_ERROR org.apache.hadoop.ozone.om.exceptions.OMException: Allocated 0 blocks. Requested 1 blocks
	at org.apache.hadoop.ozone.om.protocolPB.OzoneManagerProtocolClientSideTranslatorPB.handleError(OzoneManagerProtocolClientSideTranslatorPB.java:725)
	at org.apache.hadoop.ozone.om.protocolPB.OzoneManagerProtocolClientSideTranslatorPB.openKey(OzoneManagerProtocolClientSideTranslatorPB.java:716)
	at org.apache.hadoop.ozone.client.rpc.RpcClient.createKey(RpcClient.java:615)
	at org.apache.hadoop.ozone.client.OzoneBucket.createKey(OzoneBucket.java:323)
	at org.apache.hadoop.ozone.freon.RandomKeyGenerator.createKey(RandomKeyGenerator.java:686)
	at org.apache.hadoop.ozone.freon.RandomKeyGenerator.access$1100(RandomKeyGenerator.java:87)
	at org.apache.hadoop.ozone.freon.RandomKeyGenerator$ObjectCreator.run(RandomKeyGenerator.java:606)
	at java.util.concurrent.Executors$RunnableAdapter.call(Executors.java:511)
	at java.util.concurrent.FutureTask.run(FutureTask.java:266)
	at java.util.concurrent.ThreadPoolExecutor.runWorker(ThreadPoolExecutor.java:1149)
	at java.util.concurrent.ThreadPoolExecutor$Worker.run(ThreadPoolExecutor.java:624)
	at java.lang.Thread.run(Thread.java:748)
2019-09-20 08:31:51,043 [IPC Server handler 7 on 34158] INFO  pipeline.PipelinePlacementPolicy (PipelinePlacementPolicy.java:meetCriteria(91)) - Pipeline Placement: Doesn't meet the criteria to be viable node： b1d6c399-222b-48d2-8034-ed92e0cf00a0 Heaviness: 6 limit: 5
2019-09-20 08:31:51,044 [IPC Server handler 7 on 34158] ERROR pipeline.PipelinePlacementPolicy (PipelinePlacementPolicy.java:filterViableNodes(148)) - Unable to find enough nodes that meet the criteria that cannot engage in more than 5 pipelines. Nodes required: 3 Found: 0, healthy nodes count inNodeManager: 5.
2019-09-20 08:31:51,044 [IPC Server handler 7 on 34158] ERROR pipeline.SCMPipelineManager (SCMPipelineManager.java:createPipeline(161)) - Pipeline creation failed due to exception: Unable to find enough nodes that meet the criteria that cannot engage in more than 5 pipelines. Nodes required: 3 Found: 0, healthy nodes count inNodeManager: 5.
2019-09-20 08:31:51,044 [IPC Server handler 7 on 34158] WARN  block.BlockManagerImpl (BlockManagerImpl.java:allocateBlock(192)) - Pipeline creation failed for type:RATIS factor:THREE. Retrying get pipelines call once.
org.apache.hadoop.hdds.scm.exceptions.SCMException: Unable to find enough nodes that meet the criteria that cannot engage in more than 5 pipelines. Nodes required: 3 Found: 0, healthy nodes count inNodeManager: 5.
	at org.apache.hadoop.hdds.scm.pipeline.PipelinePlacementPolicy.filterViableNodes(PipelinePlacementPolicy.java:149)
	at org.apache.hadoop.hdds.scm.pipeline.PipelinePlacementPolicy.chooseDatanodes(PipelinePlacementPolicy.java:172)
	at org.apache.hadoop.hdds.scm.pipeline.RatisPipelineProvider.create(RatisPipelineProvider.java:92)
	at org.apache.hadoop.hdds.scm.pipeline.PipelineFactory.create(PipelineFactory.java:57)
	at org.apache.hadoop.hdds.scm.pipeline.SCMPipelineManager.createPipeline(SCMPipelineManager.java:149)
	at org.apache.hadoop.hdds.scm.block.BlockManagerImpl.allocateBlock(BlockManagerImpl.java:190)
	at org.apache.hadoop.hdds.scm.server.SCMBlockProtocolServer.allocateBlock(SCMBlockProtocolServer.java:175)
	at org.apache.hadoop.ozone.protocolPB.ScmBlockLocationProtocolServerSideTranslatorPB.allocateScmBlock(ScmBlockLocationProtocolServerSideTranslatorPB.java:153)
	at org.apache.hadoop.ozone.protocolPB.ScmBlockLocationProtocolServerSideTranslatorPB.send(ScmBlockLocationProtocolServerSideTranslatorPB.java:112)
	at org.apache.hadoop.hdds.protocol.proto.ScmBlockLocationProtocolProtos$ScmBlockLocationProtocolService$2.callBlockingMethod(ScmBlockLocationProtocolProtos.java:13157)
	at org.apache.hadoop.ipc.ProtobufRpcEngine$Server$ProtoBufRpcInvoker.call(ProtobufRpcEngine.java:524)
	at org.apache.hadoop.ipc.RPC$Server.call(RPC.java:1025)
	at org.apache.hadoop.ipc.Server$RpcCall.run(Server.java:876)
	at org.apache.hadoop.ipc.Server$RpcCall.run(Server.java:822)
	at java.security.AccessController.doPrivileged(Native Method)
	at javax.security.auth.Subject.doAs(Subject.java:422)
	at org.apache.hadoop.security.UserGroupInformation.doAs(UserGroupInformation.java:1730)
	at org.apache.hadoop.ipc.Server$Handler.run(Server.java:2682)
2019-09-20 08:31:51,044 [IPC Server handler 8 on 34158] INFO  pipeline.PipelinePlacementPolicy (PipelinePlacementPolicy.java:meetCriteria(91)) - Pipeline Placement: Doesn't meet the criteria to be viable node： 0e595721-d597-45e8-8ba1-cb4ebc325b8e Heaviness: 6 limit: 5
2019-09-20 08:31:51,044 [IPC Server handler 8 on 34158] INFO  pipeline.PipelinePlacementPolicy (PipelinePlacementPolicy.java:meetCriteria(91)) - Pipeline Placement: Doesn't meet the criteria to be viable node： 7afa6414-ef24-48ad-8f55-8b19d11f4e72 Heaviness: 6 limit: 5
2019-09-20 08:31:51,045 [IPC Server handler 8 on 34158] INFO  pipeline.PipelinePlacementPolicy (PipelinePlacementPolicy.java:meetCriteria(91)) - Pipeline Placement: Doesn't meet the criteria to be viable node： 7372e003-60de-4928-9031-10c7db72eb74 Heaviness: 6 limit: 5
2019-09-20 08:31:51,045 [IPC Server handler 8 on 34158] INFO  pipeline.PipelinePlacementPolicy (PipelinePlacementPolicy.java:meetCriteria(91)) - Pipeline Placement: Doesn't meet the criteria to be viable node： f0fc55a7-6908-4f04-ad18-9919b4d1166c Heaviness: 6 limit: 5
2019-09-20 08:31:51,045 [IPC Server handler 8 on 34158] INFO  pipeline.PipelinePlacementPolicy (PipelinePlacementPolicy.java:meetCriteria(91)) - Pipeline Placement: Doesn't meet the criteria to be viable node： b1d6c399-222b-48d2-8034-ed92e0cf00a0 Heaviness: 6 limit: 5
2019-09-20 08:31:51,045 [IPC Server handler 8 on 34158] ERROR pipeline.PipelinePlacementPolicy (PipelinePlacementPolicy.java:filterViableNodes(148)) - Unable to find enough nodes that meet the criteria that cannot engage in more than 5 pipelines. Nodes required: 3 Found: 0, healthy nodes count inNodeManager: 5.
2019-09-20 08:31:51,045 [IPC Server handler 8 on 34158] ERROR pipeline.SCMPipelineManager (SCMPipelineManager.java:createPipeline(161)) - Pipeline creation failed due to exception: Unable to find enough nodes that meet the criteria that cannot engage in more than 5 pipelines. Nodes required: 3 Found: 0, healthy nodes count inNodeManager: 5.
2019-09-20 08:31:51,046 [IPC Server handler 8 on 34158] WARN  block.BlockManagerImpl (BlockManagerImpl.java:allocateBlock(192)) - Pipeline creation failed for type:RATIS factor:THREE. Retrying get pipelines call once.
org.apache.hadoop.hdds.scm.exceptions.SCMException: Unable to find enough nodes that meet the criteria that cannot engage in more than 5 pipelines. Nodes required: 3 Found: 0, healthy nodes count inNodeManager: 5.
	at org.apache.hadoop.hdds.scm.pipeline.PipelinePlacementPolicy.filterViableNodes(PipelinePlacementPolicy.java:149)
	at org.apache.hadoop.hdds.scm.pipeline.PipelinePlacementPolicy.chooseDatanodes(PipelinePlacementPolicy.java:172)
	at org.apache.hadoop.hdds.scm.pipeline.RatisPipelineProvider.create(RatisPipelineProvider.java:92)
	at org.apache.hadoop.hdds.scm.pipeline.PipelineFactory.create(PipelineFactory.java:57)
	at org.apache.hadoop.hdds.scm.pipeline.SCMPipelineManager.createPipeline(SCMPipelineManager.java:149)
	at org.apache.hadoop.hdds.scm.block.BlockManagerImpl.allocateBlock(BlockManagerImpl.java:190)
	at org.apache.hadoop.hdds.scm.server.SCMBlockProtocolServer.allocateBlock(SCMBlockProtocolServer.java:175)
	at org.apache.hadoop.ozone.protocolPB.ScmBlockLocationProtocolServerSideTranslatorPB.allocateScmBlock(ScmBlockLocationProtocolServerSideTranslatorPB.java:153)
	at org.apache.hadoop.ozone.protocolPB.ScmBlockLocationProtocolServerSideTranslatorPB.send(ScmBlockLocationProtocolServerSideTranslatorPB.java:112)
	at org.apache.hadoop.hdds.protocol.proto.ScmBlockLocationProtocolProtos$ScmBlockLocationProtocolService$2.callBlockingMethod(ScmBlockLocationProtocolProtos.java:13157)
	at org.apache.hadoop.ipc.ProtobufRpcEngine$Server$ProtoBufRpcInvoker.call(ProtobufRpcEngine.java:524)
	at org.apache.hadoop.ipc.RPC$Server.call(RPC.java:1025)
	at org.apache.hadoop.ipc.Server$RpcCall.run(Server.java:876)
	at org.apache.hadoop.ipc.Server$RpcCall.run(Server.java:822)
	at java.security.AccessController.doPrivileged(Native Method)
	at javax.security.auth.Subject.doAs(Subject.java:422)
	at org.apache.hadoop.security.UserGroupInformation.doAs(UserGroupInformation.java:1730)
	at org.apache.hadoop.ipc.Server$Handler.run(Server.java:2682)
2019-09-20 08:31:51,046 [IPC Server handler 15 on 34158] INFO  pipeline.PipelinePlacementPolicy (PipelinePlacementPolicy.java:meetCriteria(91)) - Pipeline Placement: Doesn't meet the criteria to be viable node： 0e595721-d597-45e8-8ba1-cb4ebc325b8e Heaviness: 6 limit: 5
2019-09-20 08:31:51,046 [IPC Server handler 15 on 34158] INFO  pipeline.PipelinePlacementPolicy (PipelinePlacementPolicy.java:meetCriteria(91)) - Pipeline Placement: Doesn't meet the criteria to be viable node： 7afa6414-ef24-48ad-8f55-8b19d11f4e72 Heaviness: 6 limit: 5
2019-09-20 08:31:51,046 [IPC Server handler 15 on 34158] INFO  pipeline.PipelinePlacementPolicy (PipelinePlacementPolicy.java:meetCriteria(91)) - Pipeline Placement: Doesn't meet the criteria to be viable node： 7372e003-60de-4928-9031-10c7db72eb74 Heaviness: 6 limit: 5
2019-09-20 08:31:51,047 [IPC Server handler 15 on 34158] INFO  pipeline.PipelinePlacementPolicy (PipelinePlacementPolicy.java:meetCriteria(91)) - Pipeline Placement: Doesn't meet the criteria to be viable node： f0fc55a7-6908-4f04-ad18-9919b4d1166c Heaviness: 6 limit: 5
2019-09-20 08:31:51,047 [IPC Server handler 15 on 34158] INFO  pipeline.PipelinePlacementPolicy (PipelinePlacementPolicy.java:meetCriteria(91)) - Pipeline Placement: Doesn't meet the criteria to be viable node： b1d6c399-222b-48d2-8034-ed92e0cf00a0 Heaviness: 6 limit: 5
2019-09-20 08:31:51,047 [IPC Server handler 15 on 34158] ERROR pipeline.PipelinePlacementPolicy (PipelinePlacementPolicy.java:filterViableNodes(148)) - Unable to find enough nodes that meet the criteria that cannot engage in more than 5 pipelines. Nodes required: 3 Found: 0, healthy nodes count inNodeManager: 5.
2019-09-20 08:31:51,047 [IPC Server handler 15 on 34158] ERROR pipeline.SCMPipelineManager (SCMPipelineManager.java:createPipeline(161)) - Pipeline creation failed due to exception: Unable to find enough nodes that meet the criteria that cannot engage in more than 5 pipelines. Nodes required: 3 Found: 0, healthy nodes count inNodeManager: 5.
2019-09-20 08:31:51,047 [IPC Server handler 15 on 34158] WARN  block.BlockManagerImpl (BlockManagerImpl.java:allocateBlock(192)) - Pipeline creation failed for type:RATIS factor:THREE. Retrying get pipelines call once.
org.apache.hadoop.hdds.scm.exceptions.SCMException: Unable to find enough nodes that meet the criteria that cannot engage in more than 5 pipelines. Nodes required: 3 Found: 0, healthy nodes count inNodeManager: 5.
	at org.apache.hadoop.hdds.scm.pipeline.PipelinePlacementPolicy.filterViableNodes(PipelinePlacementPolicy.java:149)
	at org.apache.hadoop.hdds.scm.pipeline.PipelinePlacementPolicy.chooseDatanodes(PipelinePlacementPolicy.java:172)
	at org.apache.hadoop.hdds.scm.pipeline.RatisPipelineProvider.create(RatisPipelineProvider.java:92)
	at org.apache.hadoop.hdds.scm.pipeline.PipelineFactory.create(PipelineFactory.java:57)
	at org.apache.hadoop.hdds.scm.pipeline.SCMPipelineManager.createPipeline(SCMPipelineManager.java:149)
	at org.apache.hadoop.hdds.scm.block.BlockManagerImpl.allocateBlock(BlockManagerImpl.java:190)
	at org.apache.hadoop.hdds.scm.server.SCMBlockProtocolServer.allocateBlock(SCMBlockProtocolServer.java:175)
	at org.apache.hadoop.ozone.protocolPB.ScmBlockLocationProtocolServerSideTranslatorPB.allocateScmBlock(ScmBlockLocationProtocolServerSideTranslatorPB.java:153)
	at org.apache.hadoop.ozone.protocolPB.ScmBlockLocationProtocolServerSideTranslatorPB.send(ScmBlockLocationProtocolServerSideTranslatorPB.java:112)
	at org.apache.hadoop.hdds.protocol.proto.ScmBlockLocationProtocolProtos$ScmBlockLocationProtocolService$2.callBlockingMethod(ScmBlockLocationProtocolProtos.java:13157)
	at org.apache.hadoop.ipc.ProtobufRpcEngine$Server$ProtoBufRpcInvoker.call(ProtobufRpcEngine.java:524)
	at org.apache.hadoop.ipc.RPC$Server.call(RPC.java:1025)
	at org.apache.hadoop.ipc.Server$RpcCall.run(Server.java:876)
	at org.apache.hadoop.ipc.Server$RpcCall.run(Server.java:822)
	at java.security.AccessController.doPrivileged(Native Method)
	at javax.security.auth.Subject.doAs(Subject.java:422)
	at org.apache.hadoop.security.UserGroupInformation.doAs(UserGroupInformation.java:1730)
	at org.apache.hadoop.ipc.Server$Handler.run(Server.java:2682)
2019-09-20 08:31:51,048 [IPC Server handler 8 on 34158] INFO  block.BlockManagerImpl (BlockManagerImpl.java:allocateBlock(198)) - Could not find available pipeline of type:RATIS and factor:THREE even after retrying
2019-09-20 08:31:51,048 [IPC Server handler 8 on 34158] ERROR block.BlockManagerImpl (BlockManagerImpl.java:allocateBlock(222)) - Unable to allocate a block for the size: 4194304, type: RATIS, factor: THREE
2019-09-20 08:31:51,048 [IPC Server handler 7 on 34158] INFO  block.BlockManagerImpl (BlockManagerImpl.java:allocateBlock(198)) - Could not find available pipeline of type:RATIS and factor:THREE even after retrying
2019-09-20 08:31:51,048 | INFO  | SCMAudit | user=jenkins1000 | ip=192.168.34.27 | op=ALLOCATE_BLOCK {owner=f064f72f-d765-475a-becc-688165e5d83e, size=4194304, type=RATIS, factor=THREE} | ret=SUCCESS |  
2019-09-20 08:31:51,048 [IPC Server handler 11 on 34158] INFO  block.BlockManagerImpl (BlockManagerImpl.java:allocateBlock(198)) - Could not find available pipeline of type:RATIS and factor:THREE even after retrying
2019-09-20 08:31:51,049 [IPC Server handler 11 on 34158] ERROR block.BlockManagerImpl (BlockManagerImpl.java:allocateBlock(222)) - Unable to allocate a block for the size: 4194304, type: RATIS, factor: THREE
2019-09-20 08:31:51,047 [IPC Server handler 18 on 34158] INFO  block.BlockManagerImpl (BlockManagerImpl.java:allocateBlock(198)) - Could not find available pipeline of type:RATIS and factor:THREE even after retrying
2019-09-20 08:31:51,049 | INFO  | SCMAudit | user=jenkins1000 | ip=192.168.34.27 | op=ALLOCATE_BLOCK {owner=f064f72f-d765-475a-becc-688165e5d83e, size=4194304, type=RATIS, factor=THREE} | ret=SUCCESS |  
2019-09-20 08:31:51,049 [IPC Server handler 18 on 34158] ERROR block.BlockManagerImpl (BlockManagerImpl.java:allocateBlock(222)) - Unable to allocate a block for the size: 4194304, type: RATIS, factor: THREE
2019-09-20 08:31:51,049 | ERROR | OMAudit | user=jenkins1000 | ip=127.0.0.1 | op=ALLOCATE_KEY {volume=vol-1-31113, bucket=bucket-2-71489, key=key-0-60728, dataSize=10240, replicationType=RATIS, replicationFactor=THREE, keyLocationInfo=null} | ret=FAILURE | org.apache.hadoop.hdds.scm.exceptions.SCMException: Allocated 0 blocks. Requested 1 blocks
	at org.apache.hadoop.hdds.scm.protocolPB.ScmBlockLocationProtocolClientSideTranslatorPB.handleError(ScmBlockLocationProtocolClientSideTranslatorPB.java:118)
	at org.apache.hadoop.hdds.scm.protocolPB.ScmBlockLocationProtocolClientSideTranslatorPB.allocateBlock(ScmBlockLocationProtocolClientSideTranslatorPB.java:156) 
2019-09-20 08:31:51,048 [IPC Server handler 7 on 34158] ERROR block.BlockManagerImpl (BlockManagerImpl.java:allocateBlock(222)) - Unable to allocate a block for the size: 4194304, type: RATIS, factor: THREE
2019-09-20 08:31:51,049 | INFO  | SCMAudit | user=jenkins1000 | ip=192.168.34.27 | op=ALLOCATE_BLOCK {owner=f064f72f-d765-475a-becc-688165e5d83e, size=4194304, type=RATIS, factor=THREE} | ret=SUCCESS |  
2019-09-20 08:31:51,048 [IPC Server handler 15 on 34158] INFO  block.BlockManagerImpl (BlockManagerImpl.java:allocateBlock(198)) - Could not find available pipeline of type:RATIS and factor:THREE even after retrying
2019-09-20 08:31:51,050 [IPC Server handler 15 on 34158] ERROR block.BlockManagerImpl (BlockManagerImpl.java:allocateBlock(222)) - Unable to allocate a block for the size: 4194304, type: RATIS, factor: THREE
2019-09-20 08:31:51,050 | INFO  | SCMAudit | user=jenkins1000 | ip=192.168.34.27 | op=ALLOCATE_BLOCK {owner=f064f72f-d765-475a-becc-688165e5d83e, size=4194304, type=RATIS, factor=THREE} | ret=SUCCESS |  
2019-09-20 08:31:51,050 | INFO  | SCMAudit | user=jenkins1000 | ip=192.168.34.27 | op=ALLOCATE_BLOCK {owner=f064f72f-d765-475a-becc-688165e5d83e, size=4194304, type=RATIS, factor=THREE} | ret=SUCCESS |  
2019-09-20 08:31:51,050 | ERROR | OMAudit | user=jenkins1000 | ip=127.0.0.1 | op=ALLOCATE_KEY {volume=vol-0-85101, bucket=bucket-2-00153, key=key-0-98018, dataSize=10240, replicationType=RATIS, replicationFactor=THREE, keyLocationInfo=null} | ret=FAILURE | org.apache.hadoop.hdds.scm.exceptions.SCMException: Allocated 0 blocks. Requested 1 blocks
	at org.apache.hadoop.hdds.scm.protocolPB.ScmBlockLocationProtocolClientSideTranslatorPB.handleError(ScmBlockLocationProtocolClientSideTranslatorPB.java:118)
	at org.apache.hadoop.hdds.scm.protocolPB.ScmBlockLocationProtocolClientSideTranslatorPB.allocateBlock(ScmBlockLocationProtocolClientSideTranslatorPB.java:156) 
2019-09-20 08:31:51,050 [pool-80-thread-7] ERROR freon.RandomKeyGenerator (RandomKeyGenerator.java:createKey(724)) - Exception while adding key: key-0-60728 in bucket: bucket-2-71489 of volume: vol-1-31113.
INTERNAL_ERROR org.apache.hadoop.ozone.om.exceptions.OMException: Allocated 0 blocks. Requested 1 blocks
	at org.apache.hadoop.ozone.om.protocolPB.OzoneManagerProtocolClientSideTranslatorPB.handleError(OzoneManagerProtocolClientSideTranslatorPB.java:725)
	at org.apache.hadoop.ozone.om.protocolPB.OzoneManagerProtocolClientSideTranslatorPB.openKey(OzoneManagerProtocolClientSideTranslatorPB.java:716)
	at org.apache.hadoop.ozone.client.rpc.RpcClient.createKey(RpcClient.java:615)
	at org.apache.hadoop.ozone.client.OzoneBucket.createKey(OzoneBucket.java:323)
	at org.apache.hadoop.ozone.freon.RandomKeyGenerator.createKey(RandomKeyGenerator.java:686)
	at org.apache.hadoop.ozone.freon.RandomKeyGenerator.access$1100(RandomKeyGenerator.java:87)
	at org.apache.hadoop.ozone.freon.RandomKeyGenerator$ObjectCreator.run(RandomKeyGenerator.java:606)
	at java.util.concurrent.Executors$RunnableAdapter.call(Executors.java:511)
	at java.util.concurrent.FutureTask.run(FutureTask.java:266)
	at java.util.concurrent.ThreadPoolExecutor.runWorker(ThreadPoolExecutor.java:1149)
	at java.util.concurrent.ThreadPoolExecutor$Worker.run(ThreadPoolExecutor.java:624)
	at java.lang.Thread.run(Thread.java:748)
2019-09-20 08:31:51,050 | ERROR | OMAudit | user=jenkins1000 | ip=127.0.0.1 | op=ALLOCATE_KEY {volume=vol-1-31113, bucket=bucket-4-62612, key=key-0-74481, dataSize=10240, replicationType=RATIS, replicationFactor=THREE, keyLocationInfo=null} | ret=FAILURE | org.apache.hadoop.hdds.scm.exceptions.SCMException: Allocated 0 blocks. Requested 1 blocks
	at org.apache.hadoop.hdds.scm.protocolPB.ScmBlockLocationProtocolClientSideTranslatorPB.handleError(ScmBlockLocationProtocolClientSideTranslatorPB.java:118)
	at org.apache.hadoop.hdds.scm.protocolPB.ScmBlockLocationProtocolClientSideTranslatorPB.allocateBlock(ScmBlockLocationProtocolClientSideTranslatorPB.java:156) 
2019-09-20 08:31:51,050 [pool-80-thread-6] ERROR freon.RandomKeyGenerator (RandomKeyGenerator.java:createKey(724)) - Exception while adding key: key-0-98018 in bucket: bucket-2-00153 of volume: vol-0-85101.
INTERNAL_ERROR org.apache.hadoop.ozone.om.exceptions.OMException: Allocated 0 blocks. Requested 1 blocks
	at org.apache.hadoop.ozone.om.protocolPB.OzoneManagerProtocolClientSideTranslatorPB.handleError(OzoneManagerProtocolClientSideTranslatorPB.java:725)
	at org.apache.hadoop.ozone.om.protocolPB.OzoneManagerProtocolClientSideTranslatorPB.openKey(OzoneManagerProtocolClientSideTranslatorPB.java:716)
	at org.apache.hadoop.ozone.client.rpc.RpcClient.createKey(RpcClient.java:615)
	at org.apache.hadoop.ozone.client.OzoneBucket.createKey(OzoneBucket.java:323)
	at org.apache.hadoop.ozone.freon.RandomKeyGenerator.createKey(RandomKeyGenerator.java:686)
	at org.apache.hadoop.ozone.freon.RandomKeyGenerator.access$1100(RandomKeyGenerator.java:87)
	at org.apache.hadoop.ozone.freon.RandomKeyGenerator$ObjectCreator.run(RandomKeyGenerator.java:606)
	at java.util.concurrent.Executors$RunnableAdapter.call(Executors.java:511)
	at java.util.concurrent.FutureTask.run(FutureTask.java:266)
	at java.util.concurrent.ThreadPoolExecutor.runWorker(ThreadPoolExecutor.java:1149)
	at java.util.concurrent.ThreadPoolExecutor$Worker.run(ThreadPoolExecutor.java:624)
	at java.lang.Thread.run(Thread.java:748)
2019-09-20 08:31:51,050 | ERROR | OMAudit | user=jenkins1000 | ip=127.0.0.1 | op=ALLOCATE_KEY {volume=vol-0-85101, bucket=bucket-4-41421, key=key-0-09837, dataSize=10240, replicationType=RATIS, replicationFactor=THREE, keyLocationInfo=null} | ret=FAILURE | org.apache.hadoop.hdds.scm.exceptions.SCMException: Allocated 0 blocks. Requested 1 blocks
	at org.apache.hadoop.hdds.scm.protocolPB.ScmBlockLocationProtocolClientSideTranslatorPB.handleError(ScmBlockLocationProtocolClientSideTranslatorPB.java:118)
	at org.apache.hadoop.hdds.scm.protocolPB.ScmBlockLocationProtocolClientSideTranslatorPB.allocateBlock(ScmBlockLocationProtocolClientSideTranslatorPB.java:156) 
2019-09-20 08:31:51,050 | ERROR | OMAudit | user=jenkins1000 | ip=127.0.0.1 | op=ALLOCATE_KEY {volume=vol-1-31113, bucket=bucket-3-23769, key=key-0-70201, dataSize=10240, replicationType=RATIS, replicationFactor=THREE, keyLocationInfo=null} | ret=FAILURE | org.apache.hadoop.hdds.scm.exceptions.SCMException: Allocated 0 blocks. Requested 1 blocks
	at org.apache.hadoop.hdds.scm.protocolPB.ScmBlockLocationProtocolClientSideTranslatorPB.handleError(ScmBlockLocationProtocolClientSideTranslatorPB.java:118)
	at org.apache.hadoop.hdds.scm.protocolPB.ScmBlockLocationProtocolClientSideTranslatorPB.allocateBlock(ScmBlockLocationProtocolClientSideTranslatorPB.java:156) 
2019-09-20 08:31:51,051 [pool-80-thread-2] ERROR freon.RandomKeyGenerator (RandomKeyGenerator.java:createKey(724)) - Exception while adding key: key-0-74481 in bucket: bucket-4-62612 of volume: vol-1-31113.
INTERNAL_ERROR org.apache.hadoop.ozone.om.exceptions.OMException: Allocated 0 blocks. Requested 1 blocks
	at org.apache.hadoop.ozone.om.protocolPB.OzoneManagerProtocolClientSideTranslatorPB.handleError(OzoneManagerProtocolClientSideTranslatorPB.java:725)
	at org.apache.hadoop.ozone.om.protocolPB.OzoneManagerProtocolClientSideTranslatorPB.openKey(OzoneManagerProtocolClientSideTranslatorPB.java:716)
	at org.apache.hadoop.ozone.client.rpc.RpcClient.createKey(RpcClient.java:615)
	at org.apache.hadoop.ozone.client.OzoneBucket.createKey(OzoneBucket.java:323)
	at org.apache.hadoop.ozone.freon.RandomKeyGenerator.createKey(RandomKeyGenerator.java:686)
	at org.apache.hadoop.ozone.freon.RandomKeyGenerator.access$1100(RandomKeyGenerator.java:87)
	at org.apache.hadoop.ozone.freon.RandomKeyGenerator$ObjectCreator.run(RandomKeyGenerator.java:606)
	at java.util.concurrent.Executors$RunnableAdapter.call(Executors.java:511)
	at java.util.concurrent.FutureTask.run(FutureTask.java:266)
	at java.util.concurrent.ThreadPoolExecutor.runWorker(ThreadPoolExecutor.java:1149)
	at java.util.concurrent.ThreadPoolExecutor$Worker.run(ThreadPoolExecutor.java:624)
	at java.lang.Thread.run(Thread.java:748)
2019-09-20 08:31:51,051 [pool-80-thread-10] ERROR freon.RandomKeyGenerator (RandomKeyGenerator.java:createKey(724)) - Exception while adding key: key-0-09837 in bucket: bucket-4-41421 of volume: vol-0-85101.
INTERNAL_ERROR org.apache.hadoop.ozone.om.exceptions.OMException: Allocated 0 blocks. Requested 1 blocks
	at org.apache.hadoop.ozone.om.protocolPB.OzoneManagerProtocolClientSideTranslatorPB.handleError(OzoneManagerProtocolClientSideTranslatorPB.java:725)
	at org.apache.hadoop.ozone.om.protocolPB.OzoneManagerProtocolClientSideTranslatorPB.openKey(OzoneManagerProtocolClientSideTranslatorPB.java:716)
	at org.apache.hadoop.ozone.client.rpc.RpcClient.createKey(RpcClient.java:615)
	at org.apache.hadoop.ozone.client.OzoneBucket.createKey(OzoneBucket.java:323)
	at org.apache.hadoop.ozone.freon.RandomKeyGenerator.createKey(RandomKeyGenerator.java:686)
	at org.apache.hadoop.ozone.freon.RandomKeyGenerator.access$1100(RandomKeyGenerator.java:87)
	at org.apache.hadoop.ozone.freon.RandomKeyGenerator$ObjectCreator.run(RandomKeyGenerator.java:606)
	at java.util.concurrent.Executors$RunnableAdapter.call(Executors.java:511)
	at java.util.concurrent.FutureTask.run(FutureTask.java:266)
	at java.util.concurrent.ThreadPoolExecutor.runWorker(ThreadPoolExecutor.java:1149)
	at java.util.concurrent.ThreadPoolExecutor$Worker.run(ThreadPoolExecutor.java:624)
	at java.lang.Thread.run(Thread.java:748)
2019-09-20 08:31:51,051 [pool-80-thread-8] ERROR freon.RandomKeyGenerator (RandomKeyGenerator.java:createKey(724)) - Exception while adding key: key-0-70201 in bucket: bucket-3-23769 of volume: vol-1-31113.
INTERNAL_ERROR org.apache.hadoop.ozone.om.exceptions.OMException: Allocated 0 blocks. Requested 1 blocks
	at org.apache.hadoop.ozone.om.protocolPB.OzoneManagerProtocolClientSideTranslatorPB.handleError(OzoneManagerProtocolClientSideTranslatorPB.java:725)
	at org.apache.hadoop.ozone.om.protocolPB.OzoneManagerProtocolClientSideTranslatorPB.openKey(OzoneManagerProtocolClientSideTranslatorPB.java:716)
	at org.apache.hadoop.ozone.client.rpc.RpcClient.createKey(RpcClient.java:615)
	at org.apache.hadoop.ozone.client.OzoneBucket.createKey(OzoneBucket.java:323)
	at org.apache.hadoop.ozone.freon.RandomKeyGenerator.createKey(RandomKeyGenerator.java:686)
	at org.apache.hadoop.ozone.freon.RandomKeyGenerator.access$1100(RandomKeyGenerator.java:87)
	at org.apache.hadoop.ozone.freon.RandomKeyGenerator$ObjectCreator.run(RandomKeyGenerator.java:606)
	at java.util.concurrent.Executors$RunnableAdapter.call(Executors.java:511)
	at java.util.concurrent.FutureTask.run(FutureTask.java:266)
	at java.util.concurrent.ThreadPoolExecutor.runWorker(ThreadPoolExecutor.java:1149)
	at java.util.concurrent.ThreadPoolExecutor$Worker.run(ThreadPoolExecutor.java:624)
	at java.lang.Thread.run(Thread.java:748)
2019-09-20 08:31:51,180 | INFO  | SCMAudit | user=jenkins1000 | ip=192.168.34.27 | op=SEND_HEARTBEAT {datanodeUUID=0e595721-d597-45e8-8ba1-cb4ebc325b8e, command=[]} | ret=SUCCESS |  
2019-09-20 08:31:51,183 | INFO  | SCMAudit | user=jenkins1000 | ip=192.168.34.27 | op=SEND_HEARTBEAT {datanodeUUID=7372e003-60de-4928-9031-10c7db72eb74, command=[]} | ret=SUCCESS |  
2019-09-20 08:31:51,229 | INFO  | SCMAudit | user=jenkins1000 | ip=192.168.34.27 | op=SEND_HEARTBEAT {datanodeUUID=b1d6c399-222b-48d2-8034-ed92e0cf00a0, command=[]} | ret=SUCCESS |  
2019-09-20 08:31:51,242 | INFO  | SCMAudit | user=jenkins1000 | ip=192.168.34.27 | op=SEND_HEARTBEAT {datanodeUUID=7afa6414-ef24-48ad-8f55-8b19d11f4e72, command=[]} | ret=SUCCESS |  
2019-09-20 08:31:51,571 | INFO  | SCMAudit | user=jenkins1000 | ip=192.168.34.27 | op=SEND_HEARTBEAT {datanodeUUID=f0fc55a7-6908-4f04-ad18-9919b4d1166c, command=[]} | ret=SUCCESS |  
 0.00% |█                                                                                                    |  0/100 Time: 0:00:012019-09-20 08:31:52,181 | INFO  | SCMAudit | user=jenkins1000 | ip=192.168.34.27 | op=SEND_HEARTBEAT {datanodeUUID=0e595721-d597-45e8-8ba1-cb4ebc325b8e, command=[]} | ret=SUCCESS |  
2019-09-20 08:31:52,183 | INFO  | SCMAudit | user=jenkins1000 | ip=192.168.34.27 | op=SEND_HEARTBEAT {datanodeUUID=7372e003-60de-4928-9031-10c7db72eb74, command=[]} | ret=SUCCESS |  
2019-09-20 08:31:52,229 | INFO  | SCMAudit | user=jenkins1000 | ip=192.168.34.27 | op=SEND_HEARTBEAT {datanodeUUID=b1d6c399-222b-48d2-8034-ed92e0cf00a0, command=[]} | ret=SUCCESS |  
2019-09-20 08:31:52,242 | INFO  | SCMAudit | user=jenkins1000 | ip=192.168.34.27 | op=SEND_HEARTBEAT {datanodeUUID=7afa6414-ef24-48ad-8f55-8b19d11f4e72, command=[]} | ret=SUCCESS |  
2019-09-20 08:31:52,571 | INFO  | SCMAudit | user=jenkins1000 | ip=192.168.34.27 | op=SEND_HEARTBEAT {datanodeUUID=f0fc55a7-6908-4f04-ad18-9919b4d1166c, command=[]} | ret=SUCCESS |  
 0.00% |█                                                                                                    |  0/100 Time: 0:00:022019-09-20 08:31:53,181 | INFO  | SCMAudit | user=jenkins1000 | ip=192.168.34.27 | op=SEND_HEARTBEAT {datanodeUUID=0e595721-d597-45e8-8ba1-cb4ebc325b8e, command=[]} | ret=SUCCESS |  
2019-09-20 08:31:53,182 | INFO  | SCMAudit | user=jenkins1000 | ip=192.168.34.27 | op=SEND_HEARTBEAT {datanodeUUID=7372e003-60de-4928-9031-10c7db72eb74, command=[]} | ret=SUCCESS |  
2019-09-20 08:31:53,229 | INFO  | SCMAudit | user=jenkins1000 | ip=192.168.34.27 | op=SEND_HEARTBEAT {datanodeUUID=b1d6c399-222b-48d2-8034-ed92e0cf00a0, command=[]} | ret=SUCCESS |  
2019-09-20 08:31:53,242 | INFO  | SCMAudit | user=jenkins1000 | ip=192.168.34.27 | op=SEND_HEARTBEAT {datanodeUUID=7afa6414-ef24-48ad-8f55-8b19d11f4e72, command=[]} | ret=SUCCESS |  
2019-09-20 08:31:53,571 | INFO  | SCMAudit | user=jenkins1000 | ip=192.168.34.27 | op=SEND_HEARTBEAT {datanodeUUID=f0fc55a7-6908-4f04-ad18-9919b4d1166c, command=[]} | ret=SUCCESS |  
 0.00% |█                                                                                                    |  0/100 Time: 0:00:032019-09-20 08:31:54,182 | INFO  | SCMAudit | user=jenkins1000 | ip=192.168.34.27 | op=SEND_HEARTBEAT {datanodeUUID=0e595721-d597-45e8-8ba1-cb4ebc325b8e, command=[]} | ret=SUCCESS |  
2019-09-20 08:31:54,183 | INFO  | SCMAudit | user=jenkins1000 | ip=192.168.34.27 | op=SEND_HEARTBEAT {datanodeUUID=7372e003-60de-4928-9031-10c7db72eb74, command=[]} | ret=SUCCESS |  
2019-09-20 08:31:54,229 | INFO  | SCMAudit | user=jenkins1000 | ip=192.168.34.27 | op=SEND_HEARTBEAT {datanodeUUID=b1d6c399-222b-48d2-8034-ed92e0cf00a0, command=[]} | ret=SUCCESS |  
2019-09-20 08:31:54,241 | INFO  | SCMAudit | user=jenkins1000 | ip=192.168.34.27 | op=SEND_HEARTBEAT {datanodeUUID=7afa6414-ef24-48ad-8f55-8b19d11f4e72, command=[]} | ret=SUCCESS |  
2019-09-20 08:31:54,571 | INFO  | SCMAudit | user=jenkins1000 | ip=192.168.34.27 | op=SEND_HEARTBEAT {datanodeUUID=f0fc55a7-6908-4f04-ad18-9919b4d1166c, command=[]} | ret=SUCCESS |  
 0.00% |█                                                                                                    |  0/100 Time: 0:00:042019-09-20 08:31:55,181 | INFO  | SCMAudit | user=jenkins1000 | ip=192.168.34.27 | op=SEND_HEARTBEAT {datanodeUUID=0e595721-d597-45e8-8ba1-cb4ebc325b8e, command=[]} | ret=SUCCESS |  
2019-09-20 08:31:55,182 | INFO  | SCMAudit | user=jenkins1000 | ip=192.168.34.27 | op=SEND_HEARTBEAT {datanodeUUID=7372e003-60de-4928-9031-10c7db72eb74, command=[]} | ret=SUCCESS |  
2019-09-20 08:31:55,229 | INFO  | SCMAudit | user=jenkins1000 | ip=192.168.34.27 | op=SEND_HEARTBEAT {datanodeUUID=b1d6c399-222b-48d2-8034-ed92e0cf00a0, command=[]} | ret=SUCCESS |  
2019-09-20 08:31:55,243 | INFO  | SCMAudit | user=jenkins1000 | ip=192.168.34.27 | op=SEND_HEARTBEAT {datanodeUUID=7afa6414-ef24-48ad-8f55-8b19d11f4e72, command=[]} | ret=SUCCESS |  
2019-09-20 08:31:55,571 | INFO  | SCMAudit | user=jenkins1000 | ip=192.168.34.27 | op=SEND_HEARTBEAT {datanodeUUID=f0fc55a7-6908-4f04-ad18-9919b4d1166c, command=[]} | ret=SUCCESS |  
 100.00% |█████████████████████████████████████████████████████████████████████████████████████████████████████|  100/100 Time: 0:00:05
2019-09-20 08:31:56,181 | INFO  | SCMAudit | user=jenkins1000 | ip=192.168.34.27 | op=SEND_HEARTBEAT {datanodeUUID=0e595721-d597-45e8-8ba1-cb4ebc325b8e, command=[]} | ret=SUCCESS |  
2019-09-20 08:31:56,182 | INFO  | SCMAudit | user=jenkins1000 | ip=192.168.34.27 | op=SEND_HEARTBEAT {datanodeUUID=7372e003-60de-4928-9031-10c7db72eb74, command=[]} | ret=SUCCESS |  
2019-09-20 08:31:56,229 | INFO  | SCMAudit | user=jenkins1000 | ip=192.168.34.27 | op=SEND_HEARTBEAT {datanodeUUID=b1d6c399-222b-48d2-8034-ed92e0cf00a0, command=[]} | ret=SUCCESS |  
2019-09-20 08:31:56,241 | INFO  | SCMAudit | user=jenkins1000 | ip=192.168.34.27 | op=SEND_HEARTBEAT {datanodeUUID=7afa6414-ef24-48ad-8f55-8b19d11f4e72, command=[]} | ret=SUCCESS |  
2019-09-20 08:31:56,571 | INFO  | SCMAudit | user=jenkins1000 | ip=192.168.34.27 | op=SEND_HEARTBEAT {datanodeUUID=f0fc55a7-6908-4f04-ad18-9919b4d1166c, command=[]} | ret=SUCCESS |  
2019-09-20 08:31:57,181 | INFO  | SCMAudit | user=jenkins1000 | ip=192.168.34.27 | op=SEND_HEARTBEAT {datanodeUUID=0e595721-d597-45e8-8ba1-cb4ebc325b8e, command=[]} | ret=SUCCESS |  
2019-09-20 08:31:57,183 | INFO  | SCMAudit | user=jenkins1000 | ip=192.168.34.27 | op=SEND_HEARTBEAT {datanodeUUID=7372e003-60de-4928-9031-10c7db72eb74, command=[]} | ret=SUCCESS |  
2019-09-20 08:31:57,229 | INFO  | SCMAudit | user=jenkins1000 | ip=192.168.34.27 | op=SEND_HEARTBEAT {datanodeUUID=b1d6c399-222b-48d2-8034-ed92e0cf00a0, command=[]} | ret=SUCCESS |  
2019-09-20 08:31:57,242 | INFO  | SCMAudit | user=jenkins1000 | ip=192.168.34.27 | op=SEND_HEARTBEAT {datanodeUUID=7afa6414-ef24-48ad-8f55-8b19d11f4e72, command=[]} | ret=SUCCESS |  
2019-09-20 08:31:57,571 | INFO  | SCMAudit | user=jenkins1000 | ip=192.168.34.27 | op=SEND_HEARTBEAT {datanodeUUID=f0fc55a7-6908-4f04-ad18-9919b4d1166c, command=[]} | ret=SUCCESS |  
2019-09-20 08:31:58,182 | INFO  | SCMAudit | user=jenkins1000 | ip=192.168.34.27 | op=SEND_HEARTBEAT {datanodeUUID=0e595721-d597-45e8-8ba1-cb4ebc325b8e, command=[]} | ret=SUCCESS |  
2019-09-20 08:31:58,182 | INFO  | SCMAudit | user=jenkins1000 | ip=192.168.34.27 | op=SEND_HEARTBEAT {datanodeUUID=7372e003-60de-4928-9031-10c7db72eb74, command=[]} | ret=SUCCESS |  
2019-09-20 08:31:58,229 | INFO  | SCMAudit | user=jenkins1000 | ip=192.168.34.27 | op=SEND_HEARTBEAT {datanodeUUID=b1d6c399-222b-48d2-8034-ed92e0cf00a0, command=[]} | ret=SUCCESS |  
2019-09-20 08:31:58,241 | INFO  | SCMAudit | user=jenkins1000 | ip=192.168.34.27 | op=SEND_HEARTBEAT {datanodeUUID=7afa6414-ef24-48ad-8f55-8b19d11f4e72, command=[]} | ret=SUCCESS |  
2019-09-20 08:31:58,572 | INFO  | SCMAudit | user=jenkins1000 | ip=192.168.34.27 | op=SEND_HEARTBEAT {datanodeUUID=f0fc55a7-6908-4f04-ad18-9919b4d1166c, command=[]} | ret=SUCCESS |  
2019-09-20 08:31:59,182 | INFO  | SCMAudit | user=jenkins1000 | ip=192.168.34.27 | op=SEND_HEARTBEAT {datanodeUUID=0e595721-d597-45e8-8ba1-cb4ebc325b8e, command=[]} | ret=SUCCESS |  
2019-09-20 08:31:59,183 | INFO  | SCMAudit | user=jenkins1000 | ip=192.168.34.27 | op=SEND_HEARTBEAT {datanodeUUID=7372e003-60de-4928-9031-10c7db72eb74, command=[]} | ret=SUCCESS |  
2019-09-20 08:31:59,229 | INFO  | SCMAudit | user=jenkins1000 | ip=192.168.34.27 | op=SEND_HEARTBEAT {datanodeUUID=b1d6c399-222b-48d2-8034-ed92e0cf00a0, command=[]} | ret=SUCCESS |  
2019-09-20 08:31:59,241 | INFO  | SCMAudit | user=jenkins1000 | ip=192.168.34.27 | op=SEND_HEARTBEAT {datanodeUUID=7afa6414-ef24-48ad-8f55-8b19d11f4e72, command=[]} | ret=SUCCESS |  
2019-09-20 08:31:59,573 | INFO  | SCMAudit | user=jenkins1000 | ip=192.168.34.27 | op=SEND_HEARTBEAT {datanodeUUID=f0fc55a7-6908-4f04-ad18-9919b4d1166c, command=[]} | ret=SUCCESS |  
2019-09-20 08:32:00,182 | INFO  | SCMAudit | user=jenkins1000 | ip=192.168.34.27 | op=SEND_HEARTBEAT {datanodeUUID=0e595721-d597-45e8-8ba1-cb4ebc325b8e, command=[]} | ret=SUCCESS |  
2019-09-20 08:32:00,182 | INFO  | SCMAudit | user=jenkins1000 | ip=192.168.34.27 | op=SEND_HEARTBEAT {datanodeUUID=7372e003-60de-4928-9031-10c7db72eb74, command=[]} | ret=SUCCESS |  
2019-09-20 08:32:00,229 | INFO  | SCMAudit | user=jenkins1000 | ip=192.168.34.27 | op=SEND_HEARTBEAT {datanodeUUID=b1d6c399-222b-48d2-8034-ed92e0cf00a0, command=[]} | ret=SUCCESS |  
2019-09-20 08:32:00,242 | INFO  | SCMAudit | user=jenkins1000 | ip=192.168.34.27 | op=SEND_HEARTBEAT {datanodeUUID=7afa6414-ef24-48ad-8f55-8b19d11f4e72, command=[]} | ret=SUCCESS |  
2019-09-20 08:32:00,572 | INFO  | SCMAudit | user=jenkins1000 | ip=192.168.34.27 | op=SEND_HEARTBEAT {datanodeUUID=f0fc55a7-6908-4f04-ad18-9919b4d1166c, command=[]} | ret=SUCCESS |  
]]></system-out>
  </testcase>
</testsuite>