<?xml version="1.0" encoding="UTF-8"?>
<testsuite xmlns:xsi="http://www.w3.org/2001/XMLSchema-instance" xsi:noNamespaceSchemaLocation="https://maven.apache.org/surefire/maven-surefire-plugin/xsd/surefire-test-report.xsd" name="org.apache.hadoop.ozone.freon.TestDataValidateWithUnsafeByteOperations" time="58.804" tests="3" errors="3" skipped="0" failures="0">
  <properties>
    <property name="awt.toolkit" value="sun.awt.X11.XToolkit"/>
    <property name="file.encoding.pkg" value="sun.io"/>
    <property name="java.specification.version" value="1.8"/>
    <property name="sun.cpu.isalist" value=""/>
    <property name="sun.jnu.encoding" value="UTF-8"/>
    <property name="java.class.path" value="/workdir/hadoop-ozone/tools/target/test-classes:/workdir/hadoop-ozone/tools/target/classes:/home/user/.m2/repository/org/apache/hadoop/hadoop-ozone-ozone-manager/0.5.0-SNAPSHOT/hadoop-ozone-ozone-manager-0.5.0-SNAPSHOT.jar:/home/user/.m2/repository/org/apache/hadoop/hadoop-hdds-docs/0.5.0-SNAPSHOT/hadoop-hdds-docs-0.5.0-SNAPSHOT.jar:/home/user/.m2/repository/org/bouncycastle/bcprov-jdk15on/1.60/bcprov-jdk15on-1.60.jar:/home/user/.m2/repository/org/apache/hadoop/hadoop-ozone-common/0.5.0-SNAPSHOT/hadoop-ozone-common-0.5.0-SNAPSHOT.jar:/home/user/.m2/repository/org/apache/commons/commons-compress/1.4.1/commons-compress-1.4.1.jar:/home/user/.m2/repository/org/tukaani/xz/1.0/xz-1.0.jar:/home/user/.m2/repository/org/apache/hadoop/hadoop-hdfs-client/3.2.0/hadoop-hdfs-client-3.2.0.jar:/home/user/.m2/repository/com/fasterxml/jackson/core/jackson-annotations/2.9.5/jackson-annotations-2.9.5.jar:/home/user/.m2/repository/org/apache/hadoop/hadoop-hdds-common/0.5.0-SNAPSHOT/hadoop-hdds-common-0.5.0-SNAPSHOT.jar:/home/user/.m2/repository/org/apache/hadoop/hadoop-hdds-config/0.5.0-SNAPSHOT/hadoop-hdds-config-0.5.0-SNAPSHOT.jar:/home/user/.m2/repository/javax/annotation/javax.annotation-api/1.2/javax.annotation-api-1.2.jar:/home/user/.m2/repository/org/apache/ratis/ratis-server/0.4.0-2337318-SNAPSHOT/ratis-server-0.4.0-2337318-SNAPSHOT.jar:/home/user/.m2/repository/org/apache/ratis/ratis-thirdparty-misc/0.2.0/ratis-thirdparty-misc-0.2.0.jar:/home/user/.m2/repository/org/apache/ratis/ratis-proto/0.4.0-2337318-SNAPSHOT/ratis-proto-0.4.0-2337318-SNAPSHOT.jar:/home/user/.m2/repository/org/apache/ratis/ratis-common/0.4.0-2337318-SNAPSHOT/ratis-common-0.4.0-2337318-SNAPSHOT.jar:/home/user/.m2/repository/org/apache/ratis/ratis-client/0.4.0-2337318-SNAPSHOT/ratis-client-0.4.0-2337318-SNAPSHOT.jar:/home/user/.m2/repository/org/apache/ratis/ratis-metrics/0.4.0-2337318-SNAPSHOT/ratis-metrics-0.4.0-2337318-SNAPSHOT.jar:/home/user/.m2/repository/org/apache/ratis/ratis-netty/0.4.0-2337318-SNAPSHOT/ratis-netty-0.4.0-2337318-SNAPSHOT.jar:/home/user/.m2/repository/org/apache/ratis/ratis-grpc/0.4.0-2337318-SNAPSHOT/ratis-grpc-0.4.0-2337318-SNAPSHOT.jar:/home/user/.m2/repository/org/rocksdb/rocksdbjni/6.0.1/rocksdbjni-6.0.1.jar:/home/user/.m2/repository/org/apache/logging/log4j/log4j-api/2.11.0/log4j-api-2.11.0.jar:/home/user/.m2/repository/org/apache/logging/log4j/log4j-core/2.11.0/log4j-core-2.11.0.jar:/home/user/.m2/repository/com/lmax/disruptor/3.4.2/disruptor-3.4.2.jar:/home/user/.m2/repository/org/apache/commons/commons-pool2/2.6.0/commons-pool2-2.6.0.jar:/home/user/.m2/repository/org/bouncycastle/bcpkix-jdk15on/1.60/bcpkix-jdk15on-1.60.jar:/home/user/.m2/repository/commons-validator/commons-validator/1.6/commons-validator-1.6.jar:/home/user/.m2/repository/commons-digester/commons-digester/1.8.1/commons-digester-1.8.1.jar:/home/user/.m2/repository/io/jaegertracing/jaeger-client/0.33.1/jaeger-client-0.33.1.jar:/home/user/.m2/repository/io/jaegertracing/jaeger-thrift/0.33.1/jaeger-thrift-0.33.1.jar:/home/user/.m2/repository/org/apache/thrift/libthrift/0.11.0/libthrift-0.11.0.jar:/home/user/.m2/repository/com/squareup/okhttp3/okhttp/3.9.0/okhttp-3.9.0.jar:/home/user/.m2/repository/com/squareup/okio/okio/1.13.0/okio-1.13.0.jar:/home/user/.m2/repository/io/jaegertracing/jaeger-core/0.33.1/jaeger-core-0.33.1.jar:/home/user/.m2/repository/io/jaegertracing/jaeger-tracerresolver/0.33.1/jaeger-tracerresolver-0.33.1.jar:/home/user/.m2/repository/io/opentracing/contrib/opentracing-tracerresolver/0.1.5/opentracing-tracerresolver-0.1.5.jar:/home/user/.m2/repository/io/opentracing/opentracing-util/0.31.0/opentracing-util-0.31.0.jar:/home/user/.m2/repository/io/opentracing/opentracing-api/0.31.0/opentracing-api-0.31.0.jar:/home/user/.m2/repository/io/opentracing/opentracing-noop/0.31.0/opentracing-noop-0.31.0.jar:/home/user/.m2/repository/org/yaml/snakeyaml/1.16/snakeyaml-1.16.jar:/home/user/.m2/repository/org/apache/hadoop/hadoop-hdds-container-service/0.5.0-SNAPSHOT/hadoop-hdds-container-service-0.5.0-SNAPSHOT.jar:/home/user/.m2/repository/org/apache/hadoop/hadoop-hdds-client/0.5.0-SNAPSHOT/hadoop-hdds-client-0.5.0-SNAPSHOT.jar:/home/user/.m2/repository/org/apache/hadoop/hadoop-hdds-tools/0.5.0-SNAPSHOT/hadoop-hdds-tools-0.5.0-SNAPSHOT.jar:/home/user/.m2/repository/org/xerial/sqlite-jdbc/3.25.2/sqlite-jdbc-3.25.2.jar:/home/user/.m2/repository/org/apache/hadoop/hadoop-hdds-server-scm/0.5.0-SNAPSHOT/hadoop-hdds-server-scm-0.5.0-SNAPSHOT.jar:/home/user/.m2/repository/org/hamcrest/hamcrest-all/1.3/hamcrest-all-1.3.jar:/home/user/.m2/repository/info/picocli/picocli/3.9.6/picocli-3.9.6.jar:/home/user/.m2/repository/com/google/protobuf/protobuf-java/2.5.0/protobuf-java-2.5.0.jar:/home/user/.m2/repository/com/google/guava/guava/11.0.2/guava-11.0.2.jar:/home/user/.m2/repository/org/apache/hadoop/hadoop-ozone-client/0.5.0-SNAPSHOT/hadoop-ozone-client-0.5.0-SNAPSHOT.jar:/workdir/hadoop-ozone/ozonefs/target/classes:/home/user/.m2/repository/org/apache/hadoop/hadoop-hdds-server-framework/0.5.0-SNAPSHOT/hadoop-hdds-server-framework-0.5.0-SNAPSHOT.jar:/home/user/.m2/repository/org/apache/hadoop/hadoop-common/3.2.0/hadoop-common-3.2.0.jar:/home/user/.m2/repository/org/apache/hadoop/hadoop-annotations/3.2.0/hadoop-annotations-3.2.0.jar:/usr/lib/jvm/java-1.8-openjdk/jre/../lib/tools.jar:/home/user/.m2/repository/commons-cli/commons-cli/1.2/commons-cli-1.2.jar:/home/user/.m2/repository/org/apache/commons/commons-math3/3.1.1/commons-math3-3.1.1.jar:/home/user/.m2/repository/org/apache/httpcomponents/httpclient/4.5.2/httpclient-4.5.2.jar:/home/user/.m2/repository/org/apache/httpcomponents/httpcore/4.4.4/httpcore-4.4.4.jar:/home/user/.m2/repository/commons-codec/commons-codec/1.11/commons-codec-1.11.jar:/home/user/.m2/repository/commons-io/commons-io/2.5/commons-io-2.5.jar:/home/user/.m2/repository/commons-net/commons-net/3.6/commons-net-3.6.jar:/home/user/.m2/repository/commons-collections/commons-collections/3.2.2/commons-collections-3.2.2.jar:/home/user/.m2/repository/javax/servlet/javax.servlet-api/3.1.0/javax.servlet-api-3.1.0.jar:/home/user/.m2/repository/org/eclipse/jetty/jetty-server/9.3.24.v20180605/jetty-server-9.3.24.v20180605.jar:/home/user/.m2/repository/org/eclipse/jetty/jetty-http/9.3.24.v20180605/jetty-http-9.3.24.v20180605.jar:/home/user/.m2/repository/org/eclipse/jetty/jetty-io/9.3.24.v20180605/jetty-io-9.3.24.v20180605.jar:/home/user/.m2/repository/org/eclipse/jetty/jetty-util/9.3.24.v20180605/jetty-util-9.3.24.v20180605.jar:/home/user/.m2/repository/org/eclipse/jetty/jetty-servlet/9.3.24.v20180605/jetty-servlet-9.3.24.v20180605.jar:/home/user/.m2/repository/org/eclipse/jetty/jetty-security/9.3.24.v20180605/jetty-security-9.3.24.v20180605.jar:/home/user/.m2/repository/org/eclipse/jetty/jetty-webapp/9.3.24.v20180605/jetty-webapp-9.3.24.v20180605.jar:/home/user/.m2/repository/org/eclipse/jetty/jetty-xml/9.3.24.v20180605/jetty-xml-9.3.24.v20180605.jar:/home/user/.m2/repository/javax/servlet/jsp/jsp-api/2.1/jsp-api-2.1.jar:/home/user/.m2/repository/com/sun/jersey/jersey-core/1.19/jersey-core-1.19.jar:/home/user/.m2/repository/javax/ws/rs/jsr311-api/1.1.1/jsr311-api-1.1.1.jar:/home/user/.m2/repository/com/sun/jersey/jersey-servlet/1.19/jersey-servlet-1.19.jar:/home/user/.m2/repository/com/sun/jersey/jersey-json/1.19/jersey-json-1.19.jar:/home/user/.m2/repository/org/codehaus/jettison/jettison/1.1/jettison-1.1.jar:/home/user/.m2/repository/com/sun/xml/bind/jaxb-impl/2.3.0.1/jaxb-impl-2.3.0.1.jar:/home/user/.m2/repository/org/codehaus/jackson/jackson-core-asl/1.9.13/jackson-core-asl-1.9.13.jar:/home/user/.m2/repository/org/codehaus/jackson/jackson-mapper-asl/1.9.13/jackson-mapper-asl-1.9.13.jar:/home/user/.m2/repository/org/codehaus/jackson/jackson-jaxrs/1.9.13/jackson-jaxrs-1.9.13.jar:/home/user/.m2/repository/org/codehaus/jackson/jackson-xc/1.9.13/jackson-xc-1.9.13.jar:/home/user/.m2/repository/com/sun/jersey/jersey-server/1.19/jersey-server-1.19.jar:/home/user/.m2/repository/commons-logging/commons-logging/1.1.3/commons-logging-1.1.3.jar:/home/user/.m2/repository/log4j/log4j/1.2.17/log4j-1.2.17.jar:/home/user/.m2/repository/commons-beanutils/commons-beanutils/1.9.3/commons-beanutils-1.9.3.jar:/home/user/.m2/repository/org/apache/commons/commons-configuration2/2.1.1/commons-configuration2-2.1.1.jar:/home/user/.m2/repository/org/apache/commons/commons-lang3/3.7/commons-lang3-3.7.jar:/home/user/.m2/repository/org/apache/commons/commons-text/1.4/commons-text-1.4.jar:/home/user/.m2/repository/org/slf4j/slf4j-api/1.7.25/slf4j-api-1.7.25.jar:/home/user/.m2/repository/org/slf4j/slf4j-log4j12/1.7.25/slf4j-log4j12-1.7.25.jar:/home/user/.m2/repository/org/apache/avro/avro/1.7.7/avro-1.7.7.jar:/home/user/.m2/repository/com/thoughtworks/paranamer/paranamer/2.3/paranamer-2.3.jar:/home/user/.m2/repository/org/xerial/snappy/snappy-java/1.0.5/snappy-java-1.0.5.jar:/home/user/.m2/repository/com/google/re2j/re2j/1.1/re2j-1.1.jar:/home/user/.m2/repository/com/google/code/gson/gson/2.2.4/gson-2.2.4.jar:/home/user/.m2/repository/org/apache/hadoop/hadoop-auth/3.2.0/hadoop-auth-3.2.0.jar:/home/user/.m2/repository/com/nimbusds/nimbus-jose-jwt/4.41.1/nimbus-jose-jwt-4.41.1.jar:/home/user/.m2/repository/com/github/stephenc/jcip/jcip-annotations/1.0-1/jcip-annotations-1.0-1.jar:/home/user/.m2/repository/net/minidev/json-smart/2.3/json-smart-2.3.jar:/home/user/.m2/repository/net/minidev/accessors-smart/1.2/accessors-smart-1.2.jar:/home/user/.m2/repository/org/apache/curator/curator-framework/2.12.0/curator-framework-2.12.0.jar:/home/user/.m2/repository/com/jcraft/jsch/0.1.54/jsch-0.1.54.jar:/home/user/.m2/repository/org/apache/curator/curator-client/2.12.0/curator-client-2.12.0.jar:/home/user/.m2/repository/org/apache/curator/curator-recipes/2.12.0/curator-recipes-2.12.0.jar:/home/user/.m2/repository/com/google/code/findbugs/jsr305/3.0.0/jsr305-3.0.0.jar:/home/user/.m2/repository/org/apache/htrace/htrace-core4/4.1.0-incubating/htrace-core4-4.1.0-incubating.jar:/home/user/.m2/repository/org/apache/zookeeper/zookeeper/3.4.13/zookeeper-3.4.13.jar:/home/user/.m2/repository/org/apache/yetus/audience-annotations/0.5.0/audience-annotations-0.5.0.jar:/home/user/.m2/repository/org/apache/kerby/kerb-simplekdc/1.0.1/kerb-simplekdc-1.0.1.jar:/home/user/.m2/repository/org/apache/kerby/kerb-client/1.0.1/kerb-client-1.0.1.jar:/home/user/.m2/repository/org/apache/kerby/kerby-config/1.0.1/kerby-config-1.0.1.jar:/home/user/.m2/repository/org/apache/kerby/kerb-core/1.0.1/kerb-core-1.0.1.jar:/home/user/.m2/repository/org/apache/kerby/kerby-pkix/1.0.1/kerby-pkix-1.0.1.jar:/home/user/.m2/repository/org/apache/kerby/kerby-asn1/1.0.1/kerby-asn1-1.0.1.jar:/home/user/.m2/repository/org/apache/kerby/kerby-util/1.0.1/kerby-util-1.0.1.jar:/home/user/.m2/repository/org/apache/kerby/kerb-common/1.0.1/kerb-common-1.0.1.jar:/home/user/.m2/repository/org/apache/kerby/kerb-crypto/1.0.1/kerb-crypto-1.0.1.jar:/home/user/.m2/repository/org/apache/kerby/kerb-util/1.0.1/kerb-util-1.0.1.jar:/home/user/.m2/repository/org/apache/kerby/token-provider/1.0.1/token-provider-1.0.1.jar:/home/user/.m2/repository/org/apache/kerby/kerb-admin/1.0.1/kerb-admin-1.0.1.jar:/home/user/.m2/repository/org/apache/kerby/kerb-server/1.0.1/kerb-server-1.0.1.jar:/home/user/.m2/repository/org/apache/kerby/kerb-identity/1.0.1/kerb-identity-1.0.1.jar:/home/user/.m2/repository/org/apache/kerby/kerby-xdr/1.0.1/kerby-xdr-1.0.1.jar:/home/user/.m2/repository/com/fasterxml/jackson/core/jackson-databind/2.9.5/jackson-databind-2.9.5.jar:/home/user/.m2/repository/com/fasterxml/jackson/core/jackson-core/2.9.5/jackson-core-2.9.5.jar:/home/user/.m2/repository/org/codehaus/woodstox/stax2-api/3.1.4/stax2-api-3.1.4.jar:/home/user/.m2/repository/com/fasterxml/woodstox/woodstox-core/5.0.3/woodstox-core-5.0.3.jar:/home/user/.m2/repository/dnsjava/dnsjava/2.1.7/dnsjava-2.1.7.jar:/home/user/.m2/repository/org/apache/hadoop/hadoop-hdfs/3.2.0/hadoop-hdfs-3.2.0.jar:/home/user/.m2/repository/org/eclipse/jetty/jetty-util-ajax/9.3.24.v20180605/jetty-util-ajax-9.3.24.v20180605.jar:/home/user/.m2/repository/commons-daemon/commons-daemon/1.0.13/commons-daemon-1.0.13.jar:/home/user/.m2/repository/io/netty/netty/3.10.5.Final/netty-3.10.5.Final.jar:/home/user/.m2/repository/io/netty/netty-all/4.0.52.Final/netty-all-4.0.52.Final.jar:/home/user/.m2/repository/org/fusesource/leveldbjni/leveldbjni-all/1.8/leveldbjni-all-1.8.jar:/home/user/.m2/repository/com/sun/xml/bind/jaxb-core/2.3.0.1/jaxb-core-2.3.0.1.jar:/home/user/.m2/repository/javax/xml/bind/jaxb-api/2.3.0/jaxb-api-2.3.0.jar:/home/user/.m2/repository/javax/activation/activation/1.1.1/activation-1.1.1.jar:/home/user/.m2/repository/io/dropwizard/metrics/metrics-core/3.2.4/metrics-core-3.2.4.jar:/home/user/.m2/repository/org/openjdk/jmh/jmh-core/1.19/jmh-core-1.19.jar:/home/user/.m2/repository/net/sf/jopt-simple/jopt-simple/4.6/jopt-simple-4.6.jar:/home/user/.m2/repository/org/openjdk/jmh/jmh-generator-annprocess/1.19/jmh-generator-annprocess-1.19.jar:/home/user/.m2/repository/com/google/code/findbugs/findbugs/3.0.1/findbugs-3.0.1.jar:/home/user/.m2/repository/net/jcip/jcip-annotations/1.0/jcip-annotations-1.0.jar:/home/user/.m2/repository/com/google/code/findbugs/bcel-findbugs/6.0/bcel-findbugs-6.0.jar:/home/user/.m2/repository/com/google/code/findbugs/jFormatString/2.0.1/jFormatString-2.0.1.jar:/home/user/.m2/repository/dom4j/dom4j/1.6.1/dom4j-1.6.1.jar:/home/user/.m2/repository/xml-apis/xml-apis/1.0.b2/xml-apis-1.0.b2.jar:/home/user/.m2/repository/org/ow2/asm/asm-debug-all/5.0.2/asm-debug-all-5.0.2.jar:/home/user/.m2/repository/org/ow2/asm/asm-commons/5.0.2/asm-commons-5.0.2.jar:/home/user/.m2/repository/org/ow2/asm/asm-tree/5.0.2/asm-tree-5.0.2.jar:/home/user/.m2/repository/org/ow2/asm/asm/5.0.4/asm-5.0.4.jar:/home/user/.m2/repository/commons-lang/commons-lang/2.6/commons-lang-2.6.jar:/home/user/.m2/repository/com/apple/AppleJavaExtensions/1.4/AppleJavaExtensions-1.4.jar:/home/user/.m2/repository/jaxen/jaxen/1.1.6/jaxen-1.1.6.jar:/home/user/.m2/repository/junit/junit/4.11/junit-4.11.jar:/home/user/.m2/repository/org/hamcrest/hamcrest-core/1.3/hamcrest-core-1.3.jar:/home/user/.m2/repository/org/apache/hadoop/hadoop-common/3.2.0/hadoop-common-3.2.0-tests.jar:/workdir/hadoop-ozone/integration-test/target/test-classes:/home/user/.m2/repository/org/apache/hadoop/hadoop-ozone-objectstore-service/0.5.0-SNAPSHOT/hadoop-ozone-objectstore-service-0.5.0-SNAPSHOT.jar:/home/user/.m2/repository/org/apache/hadoop/hadoop-ozone-s3gateway/0.5.0-SNAPSHOT/hadoop-ozone-s3gateway-0.5.0-SNAPSHOT.jar:/home/user/.m2/repository/org/jboss/weld/servlet/weld-servlet/2.4.7.Final/weld-servlet-2.4.7.Final.jar:/home/user/.m2/repository/org/glassfish/jersey/containers/jersey-container-servlet-core/2.27/jersey-container-servlet-core-2.27.jar:/home/user/.m2/repository/org/glassfish/hk2/external/javax.inject/2.5.0-b42/javax.inject-2.5.0-b42.jar:/home/user/.m2/repository/org/glassfish/jersey/core/jersey-common/2.27/jersey-common-2.27.jar:/home/user/.m2/repository/org/glassfish/hk2/osgi-resource-locator/1.0.1/osgi-resource-locator-1.0.1.jar:/home/user/.m2/repository/javax/ws/rs/javax.ws.rs-api/2.1/javax.ws.rs-api-2.1.jar:/home/user/.m2/repository/org/glassfish/jersey/ext/cdi/jersey-cdi1x/2.27/jersey-cdi1x-2.27.jar:/home/user/.m2/repository/org/glassfish/jersey/inject/jersey-hk2/2.27/jersey-hk2-2.27.jar:/home/user/.m2/repository/org/glassfish/hk2/hk2-locator/2.5.0-b42/hk2-locator-2.5.0-b42.jar:/home/user/.m2/repository/org/javassist/javassist/3.22.0-CR2/javassist-3.22.0-CR2.jar:/home/user/.m2/repository/org/glassfish/hk2/hk2-api/2.5.0/hk2-api-2.5.0.jar:/home/user/.m2/repository/org/glassfish/hk2/external/jakarta.inject/2.5.0/jakarta.inject-2.5.0.jar:/home/user/.m2/repository/org/glassfish/hk2/hk2-utils/2.5.0/hk2-utils-2.5.0.jar:/home/user/.m2/repository/jakarta/annotation/jakarta.annotation-api/1.3.4/jakarta.annotation-api-1.3.4.jar:/home/user/.m2/repository/org/glassfish/hk2/external/aopalliance-repackaged/2.5.0/aopalliance-repackaged-2.5.0.jar:/home/user/.m2/repository/com/fasterxml/jackson/dataformat/jackson-dataformat-xml/2.9.0/jackson-dataformat-xml-2.9.0.jar:/home/user/.m2/repository/com/fasterxml/jackson/module/jackson-module-jaxb-annotations/2.9.5/jackson-module-jaxb-annotations-2.9.5.jar:/home/user/.m2/repository/javax/enterprise/cdi-api/1.2/cdi-api-1.2.jar:/home/user/.m2/repository/javax/el/javax.el-api/3.0.0/javax.el-api-3.0.0.jar:/home/user/.m2/repository/javax/interceptor/javax.interceptor-api/1.2/javax.interceptor-api-1.2.jar:/home/user/.m2/repository/javax/inject/javax.inject/1/javax.inject-1.jar:/home/user/.m2/repository/org/apache/hadoop/hadoop-ozone-csi/0.5.0-SNAPSHOT/hadoop-ozone-csi-0.5.0-SNAPSHOT.jar:/home/user/.m2/repository/com/google/protobuf/protobuf-java-util/3.5.1/protobuf-java-util-3.5.1.jar:/home/user/.m2/repository/io/grpc/grpc-netty/1.17.1/grpc-netty-1.17.1.jar:/home/user/.m2/repository/io/grpc/grpc-core/1.17.1/grpc-core-1.17.1.jar:/home/user/.m2/repository/io/grpc/grpc-context/1.17.1/grpc-context-1.17.1.jar:/home/user/.m2/repository/com/google/errorprone/error_prone_annotations/2.2.0/error_prone_annotations-2.2.0.jar:/home/user/.m2/repository/org/codehaus/mojo/animal-sniffer-annotations/1.17/animal-sniffer-annotations-1.17.jar:/home/user/.m2/repository/io/opencensus/opencensus-api/0.17.0/opencensus-api-0.17.0.jar:/home/user/.m2/repository/io/opencensus/opencensus-contrib-grpc-metrics/0.17.0/opencensus-contrib-grpc-metrics-0.17.0.jar:/home/user/.m2/repository/io/netty/netty-codec-http2/4.1.30.Final/netty-codec-http2-4.1.30.Final.jar:/home/user/.m2/repository/io/netty/netty-codec-http/4.1.30.Final/netty-codec-http-4.1.30.Final.jar:/home/user/.m2/repository/io/netty/netty-codec/4.1.30.Final/netty-codec-4.1.30.Final.jar:/home/user/.m2/repository/io/netty/netty-handler/4.1.30.Final/netty-handler-4.1.30.Final.jar:/home/user/.m2/repository/io/netty/netty-handler-proxy/4.1.30.Final/netty-handler-proxy-4.1.30.Final.jar:/home/user/.m2/repository/io/netty/netty-codec-socks/4.1.30.Final/netty-codec-socks-4.1.30.Final.jar:/home/user/.m2/repository/io/netty/netty-transport-native-epoll/4.1.30.Final/netty-transport-native-epoll-4.1.30.Final.jar:/home/user/.m2/repository/io/netty/netty-common/4.1.30.Final/netty-common-4.1.30.Final.jar:/home/user/.m2/repository/io/netty/netty-buffer/4.1.30.Final/netty-buffer-4.1.30.Final.jar:/home/user/.m2/repository/io/netty/netty-transport/4.1.30.Final/netty-transport-4.1.30.Final.jar:/home/user/.m2/repository/io/netty/netty-resolver/4.1.30.Final/netty-resolver-4.1.30.Final.jar:/home/user/.m2/repository/io/netty/netty-transport-native-unix-common/4.1.30.Final/netty-transport-native-unix-common-4.1.30.Final.jar:/home/user/.m2/repository/io/grpc/grpc-protobuf/1.17.1/grpc-protobuf-1.17.1.jar:/home/user/.m2/repository/com/google/api/grpc/proto-google-common-protos/1.0.0/proto-google-common-protos-1.0.0.jar:/home/user/.m2/repository/io/grpc/grpc-protobuf-lite/1.17.1/grpc-protobuf-lite-1.17.1.jar:/home/user/.m2/repository/io/grpc/grpc-stub/1.17.1/grpc-stub-1.17.1.jar:/home/user/.m2/repository/org/apache/hadoop/hadoop-ozone-recon/0.5.0-SNAPSHOT/hadoop-ozone-recon-0.5.0-SNAPSHOT.jar:/home/user/.m2/repository/org/apache/hadoop/hadoop-ozone-reconcodegen/0.5.0-SNAPSHOT/hadoop-ozone-reconcodegen-0.5.0-SNAPSHOT.jar:/home/user/.m2/repository/com/google/inject/extensions/guice-multibindings/4.0/guice-multibindings-4.0.jar:/home/user/.m2/repository/com/google/inject/guice/4.0/guice-4.0.jar:/home/user/.m2/repository/aopalliance/aopalliance/1.0/aopalliance-1.0.jar:/home/user/.m2/repository/com/google/inject/extensions/guice-servlet/4.0/guice-servlet-4.0.jar:/home/user/.m2/repository/org/glassfish/jersey/containers/jersey-container-servlet/2.27/jersey-container-servlet-2.27.jar:/home/user/.m2/repository/org/glassfish/hk2/guice-bridge/2.5.0/guice-bridge-2.5.0.jar:/home/user/.m2/repository/org/glassfish/jersey/core/jersey-server/2.27/jersey-server-2.27.jar:/home/user/.m2/repository/org/glassfish/jersey/core/jersey-client/2.27/jersey-client-2.27.jar:/home/user/.m2/repository/org/glassfish/jersey/media/jersey-media-jaxb/2.27/jersey-media-jaxb-2.27.jar:/home/user/.m2/repository/javax/validation/validation-api/1.1.0.Final/validation-api-1.1.0.Final.jar:/home/user/.m2/repository/org/glassfish/jersey/media/jersey-media-json-jackson/2.27/jersey-media-json-jackson-2.27.jar:/home/user/.m2/repository/org/glassfish/jersey/ext/jersey-entity-filtering/2.27/jersey-entity-filtering-2.27.jar:/home/user/.m2/repository/com/google/inject/extensions/guice-assistedinject/4.0/guice-assistedinject-4.0.jar:/home/user/.m2/repository/org/jooq/jooq/3.11.10/jooq-3.11.10.jar:/home/user/.m2/repository/org/jooq/jooq-meta/3.11.10/jooq-meta-3.11.10.jar:/home/user/.m2/repository/org/jooq/jooq-codegen/3.11.10/jooq-codegen-3.11.10.jar:/home/user/.m2/repository/com/jolbox/bonecp/0.8.0.RELEASE/bonecp-0.8.0.RELEASE.jar:/home/user/.m2/repository/org/springframework/spring-jdbc/5.1.3.RELEASE/spring-jdbc-5.1.3.RELEASE.jar:/home/user/.m2/repository/org/springframework/spring-beans/5.1.3.RELEASE/spring-beans-5.1.3.RELEASE.jar:/home/user/.m2/repository/org/springframework/spring-core/5.1.3.RELEASE/spring-core-5.1.3.RELEASE.jar:/home/user/.m2/repository/org/springframework/spring-jcl/5.1.3.RELEASE/spring-jcl-5.1.3.RELEASE.jar:/home/user/.m2/repository/org/springframework/spring-tx/5.1.3.RELEASE/spring-tx-5.1.3.RELEASE.jar:/home/user/.m2/repository/org/mockito/mockito-core/2.15.0/mockito-core-2.15.0.jar:/home/user/.m2/repository/net/bytebuddy/byte-buddy/1.7.9/byte-buddy-1.7.9.jar:/home/user/.m2/repository/net/bytebuddy/byte-buddy-agent/1.7.9/byte-buddy-agent-1.7.9.jar:/home/user/.m2/repository/org/objenesis/objenesis/1.0/objenesis-1.0.jar:"/>
    <property name="java.vm.vendor" value="IcedTea"/>
    <property name="sun.arch.data.model" value="64"/>
    <property name="test.build.dir" value="/workdir/hadoop-ozone/tools/target/test-dir"/>
    <property name="test.cache.data" value=""/>
    <property name="java.vendor.url" value="https://icedtea.classpath.org"/>
    <property name="user.timezone" value=""/>
    <property name="java.vm.specification.version" value="1.8"/>
    <property name="os.name" value="Linux"/>
    <property name="test.build.data" value="/workdir/hadoop-ozone/tools/target/test-dir"/>
    <property name="user.country" value="US"/>
    <property name="sun.java.launcher" value="SUN_STANDARD"/>
    <property name="sun.boot.library.path" value="/usr/lib/jvm/java-1.8-openjdk/jre/lib/amd64"/>
    <property name="sun.java.command" value="/workdir/hadoop-ozone/tools/target/surefire/surefirebooter9134494284655148819.jar /workdir/hadoop-ozone/tools/target/surefire 2019-09-20T03-36-44_923-jvmRun1 surefire5224379110250330709tmp surefire_119171927088403969066tmp"/>
    <property name="test" value="!TestMiniChaosOzoneCluster"/>
    <property name="surefire.test.class.path" value="/workdir/hadoop-ozone/tools/target/test-classes:/workdir/hadoop-ozone/tools/target/classes:/home/user/.m2/repository/org/apache/hadoop/hadoop-ozone-ozone-manager/0.5.0-SNAPSHOT/hadoop-ozone-ozone-manager-0.5.0-SNAPSHOT.jar:/home/user/.m2/repository/org/apache/hadoop/hadoop-hdds-docs/0.5.0-SNAPSHOT/hadoop-hdds-docs-0.5.0-SNAPSHOT.jar:/home/user/.m2/repository/org/bouncycastle/bcprov-jdk15on/1.60/bcprov-jdk15on-1.60.jar:/home/user/.m2/repository/org/apache/hadoop/hadoop-ozone-common/0.5.0-SNAPSHOT/hadoop-ozone-common-0.5.0-SNAPSHOT.jar:/home/user/.m2/repository/org/apache/commons/commons-compress/1.4.1/commons-compress-1.4.1.jar:/home/user/.m2/repository/org/tukaani/xz/1.0/xz-1.0.jar:/home/user/.m2/repository/org/apache/hadoop/hadoop-hdfs-client/3.2.0/hadoop-hdfs-client-3.2.0.jar:/home/user/.m2/repository/com/fasterxml/jackson/core/jackson-annotations/2.9.5/jackson-annotations-2.9.5.jar:/home/user/.m2/repository/org/apache/hadoop/hadoop-hdds-common/0.5.0-SNAPSHOT/hadoop-hdds-common-0.5.0-SNAPSHOT.jar:/home/user/.m2/repository/org/apache/hadoop/hadoop-hdds-config/0.5.0-SNAPSHOT/hadoop-hdds-config-0.5.0-SNAPSHOT.jar:/home/user/.m2/repository/javax/annotation/javax.annotation-api/1.2/javax.annotation-api-1.2.jar:/home/user/.m2/repository/org/apache/ratis/ratis-server/0.4.0-2337318-SNAPSHOT/ratis-server-0.4.0-2337318-SNAPSHOT.jar:/home/user/.m2/repository/org/apache/ratis/ratis-thirdparty-misc/0.2.0/ratis-thirdparty-misc-0.2.0.jar:/home/user/.m2/repository/org/apache/ratis/ratis-proto/0.4.0-2337318-SNAPSHOT/ratis-proto-0.4.0-2337318-SNAPSHOT.jar:/home/user/.m2/repository/org/apache/ratis/ratis-common/0.4.0-2337318-SNAPSHOT/ratis-common-0.4.0-2337318-SNAPSHOT.jar:/home/user/.m2/repository/org/apache/ratis/ratis-client/0.4.0-2337318-SNAPSHOT/ratis-client-0.4.0-2337318-SNAPSHOT.jar:/home/user/.m2/repository/org/apache/ratis/ratis-metrics/0.4.0-2337318-SNAPSHOT/ratis-metrics-0.4.0-2337318-SNAPSHOT.jar:/home/user/.m2/repository/org/apache/ratis/ratis-netty/0.4.0-2337318-SNAPSHOT/ratis-netty-0.4.0-2337318-SNAPSHOT.jar:/home/user/.m2/repository/org/apache/ratis/ratis-grpc/0.4.0-2337318-SNAPSHOT/ratis-grpc-0.4.0-2337318-SNAPSHOT.jar:/home/user/.m2/repository/org/rocksdb/rocksdbjni/6.0.1/rocksdbjni-6.0.1.jar:/home/user/.m2/repository/org/apache/logging/log4j/log4j-api/2.11.0/log4j-api-2.11.0.jar:/home/user/.m2/repository/org/apache/logging/log4j/log4j-core/2.11.0/log4j-core-2.11.0.jar:/home/user/.m2/repository/com/lmax/disruptor/3.4.2/disruptor-3.4.2.jar:/home/user/.m2/repository/org/apache/commons/commons-pool2/2.6.0/commons-pool2-2.6.0.jar:/home/user/.m2/repository/org/bouncycastle/bcpkix-jdk15on/1.60/bcpkix-jdk15on-1.60.jar:/home/user/.m2/repository/commons-validator/commons-validator/1.6/commons-validator-1.6.jar:/home/user/.m2/repository/commons-digester/commons-digester/1.8.1/commons-digester-1.8.1.jar:/home/user/.m2/repository/io/jaegertracing/jaeger-client/0.33.1/jaeger-client-0.33.1.jar:/home/user/.m2/repository/io/jaegertracing/jaeger-thrift/0.33.1/jaeger-thrift-0.33.1.jar:/home/user/.m2/repository/org/apache/thrift/libthrift/0.11.0/libthrift-0.11.0.jar:/home/user/.m2/repository/com/squareup/okhttp3/okhttp/3.9.0/okhttp-3.9.0.jar:/home/user/.m2/repository/com/squareup/okio/okio/1.13.0/okio-1.13.0.jar:/home/user/.m2/repository/io/jaegertracing/jaeger-core/0.33.1/jaeger-core-0.33.1.jar:/home/user/.m2/repository/io/jaegertracing/jaeger-tracerresolver/0.33.1/jaeger-tracerresolver-0.33.1.jar:/home/user/.m2/repository/io/opentracing/contrib/opentracing-tracerresolver/0.1.5/opentracing-tracerresolver-0.1.5.jar:/home/user/.m2/repository/io/opentracing/opentracing-util/0.31.0/opentracing-util-0.31.0.jar:/home/user/.m2/repository/io/opentracing/opentracing-api/0.31.0/opentracing-api-0.31.0.jar:/home/user/.m2/repository/io/opentracing/opentracing-noop/0.31.0/opentracing-noop-0.31.0.jar:/home/user/.m2/repository/org/yaml/snakeyaml/1.16/snakeyaml-1.16.jar:/home/user/.m2/repository/org/apache/hadoop/hadoop-hdds-container-service/0.5.0-SNAPSHOT/hadoop-hdds-container-service-0.5.0-SNAPSHOT.jar:/home/user/.m2/repository/org/apache/hadoop/hadoop-hdds-client/0.5.0-SNAPSHOT/hadoop-hdds-client-0.5.0-SNAPSHOT.jar:/home/user/.m2/repository/org/apache/hadoop/hadoop-hdds-tools/0.5.0-SNAPSHOT/hadoop-hdds-tools-0.5.0-SNAPSHOT.jar:/home/user/.m2/repository/org/xerial/sqlite-jdbc/3.25.2/sqlite-jdbc-3.25.2.jar:/home/user/.m2/repository/org/apache/hadoop/hadoop-hdds-server-scm/0.5.0-SNAPSHOT/hadoop-hdds-server-scm-0.5.0-SNAPSHOT.jar:/home/user/.m2/repository/org/hamcrest/hamcrest-all/1.3/hamcrest-all-1.3.jar:/home/user/.m2/repository/info/picocli/picocli/3.9.6/picocli-3.9.6.jar:/home/user/.m2/repository/com/google/protobuf/protobuf-java/2.5.0/protobuf-java-2.5.0.jar:/home/user/.m2/repository/com/google/guava/guava/11.0.2/guava-11.0.2.jar:/home/user/.m2/repository/org/apache/hadoop/hadoop-ozone-client/0.5.0-SNAPSHOT/hadoop-ozone-client-0.5.0-SNAPSHOT.jar:/workdir/hadoop-ozone/ozonefs/target/classes:/home/user/.m2/repository/org/apache/hadoop/hadoop-hdds-server-framework/0.5.0-SNAPSHOT/hadoop-hdds-server-framework-0.5.0-SNAPSHOT.jar:/home/user/.m2/repository/org/apache/hadoop/hadoop-common/3.2.0/hadoop-common-3.2.0.jar:/home/user/.m2/repository/org/apache/hadoop/hadoop-annotations/3.2.0/hadoop-annotations-3.2.0.jar:/usr/lib/jvm/java-1.8-openjdk/jre/../lib/tools.jar:/home/user/.m2/repository/commons-cli/commons-cli/1.2/commons-cli-1.2.jar:/home/user/.m2/repository/org/apache/commons/commons-math3/3.1.1/commons-math3-3.1.1.jar:/home/user/.m2/repository/org/apache/httpcomponents/httpclient/4.5.2/httpclient-4.5.2.jar:/home/user/.m2/repository/org/apache/httpcomponents/httpcore/4.4.4/httpcore-4.4.4.jar:/home/user/.m2/repository/commons-codec/commons-codec/1.11/commons-codec-1.11.jar:/home/user/.m2/repository/commons-io/commons-io/2.5/commons-io-2.5.jar:/home/user/.m2/repository/commons-net/commons-net/3.6/commons-net-3.6.jar:/home/user/.m2/repository/commons-collections/commons-collections/3.2.2/commons-collections-3.2.2.jar:/home/user/.m2/repository/javax/servlet/javax.servlet-api/3.1.0/javax.servlet-api-3.1.0.jar:/home/user/.m2/repository/org/eclipse/jetty/jetty-server/9.3.24.v20180605/jetty-server-9.3.24.v20180605.jar:/home/user/.m2/repository/org/eclipse/jetty/jetty-http/9.3.24.v20180605/jetty-http-9.3.24.v20180605.jar:/home/user/.m2/repository/org/eclipse/jetty/jetty-io/9.3.24.v20180605/jetty-io-9.3.24.v20180605.jar:/home/user/.m2/repository/org/eclipse/jetty/jetty-util/9.3.24.v20180605/jetty-util-9.3.24.v20180605.jar:/home/user/.m2/repository/org/eclipse/jetty/jetty-servlet/9.3.24.v20180605/jetty-servlet-9.3.24.v20180605.jar:/home/user/.m2/repository/org/eclipse/jetty/jetty-security/9.3.24.v20180605/jetty-security-9.3.24.v20180605.jar:/home/user/.m2/repository/org/eclipse/jetty/jetty-webapp/9.3.24.v20180605/jetty-webapp-9.3.24.v20180605.jar:/home/user/.m2/repository/org/eclipse/jetty/jetty-xml/9.3.24.v20180605/jetty-xml-9.3.24.v20180605.jar:/home/user/.m2/repository/javax/servlet/jsp/jsp-api/2.1/jsp-api-2.1.jar:/home/user/.m2/repository/com/sun/jersey/jersey-core/1.19/jersey-core-1.19.jar:/home/user/.m2/repository/javax/ws/rs/jsr311-api/1.1.1/jsr311-api-1.1.1.jar:/home/user/.m2/repository/com/sun/jersey/jersey-servlet/1.19/jersey-servlet-1.19.jar:/home/user/.m2/repository/com/sun/jersey/jersey-json/1.19/jersey-json-1.19.jar:/home/user/.m2/repository/org/codehaus/jettison/jettison/1.1/jettison-1.1.jar:/home/user/.m2/repository/com/sun/xml/bind/jaxb-impl/2.3.0.1/jaxb-impl-2.3.0.1.jar:/home/user/.m2/repository/org/codehaus/jackson/jackson-core-asl/1.9.13/jackson-core-asl-1.9.13.jar:/home/user/.m2/repository/org/codehaus/jackson/jackson-mapper-asl/1.9.13/jackson-mapper-asl-1.9.13.jar:/home/user/.m2/repository/org/codehaus/jackson/jackson-jaxrs/1.9.13/jackson-jaxrs-1.9.13.jar:/home/user/.m2/repository/org/codehaus/jackson/jackson-xc/1.9.13/jackson-xc-1.9.13.jar:/home/user/.m2/repository/com/sun/jersey/jersey-server/1.19/jersey-server-1.19.jar:/home/user/.m2/repository/commons-logging/commons-logging/1.1.3/commons-logging-1.1.3.jar:/home/user/.m2/repository/log4j/log4j/1.2.17/log4j-1.2.17.jar:/home/user/.m2/repository/commons-beanutils/commons-beanutils/1.9.3/commons-beanutils-1.9.3.jar:/home/user/.m2/repository/org/apache/commons/commons-configuration2/2.1.1/commons-configuration2-2.1.1.jar:/home/user/.m2/repository/org/apache/commons/commons-lang3/3.7/commons-lang3-3.7.jar:/home/user/.m2/repository/org/apache/commons/commons-text/1.4/commons-text-1.4.jar:/home/user/.m2/repository/org/slf4j/slf4j-api/1.7.25/slf4j-api-1.7.25.jar:/home/user/.m2/repository/org/slf4j/slf4j-log4j12/1.7.25/slf4j-log4j12-1.7.25.jar:/home/user/.m2/repository/org/apache/avro/avro/1.7.7/avro-1.7.7.jar:/home/user/.m2/repository/com/thoughtworks/paranamer/paranamer/2.3/paranamer-2.3.jar:/home/user/.m2/repository/org/xerial/snappy/snappy-java/1.0.5/snappy-java-1.0.5.jar:/home/user/.m2/repository/com/google/re2j/re2j/1.1/re2j-1.1.jar:/home/user/.m2/repository/com/google/code/gson/gson/2.2.4/gson-2.2.4.jar:/home/user/.m2/repository/org/apache/hadoop/hadoop-auth/3.2.0/hadoop-auth-3.2.0.jar:/home/user/.m2/repository/com/nimbusds/nimbus-jose-jwt/4.41.1/nimbus-jose-jwt-4.41.1.jar:/home/user/.m2/repository/com/github/stephenc/jcip/jcip-annotations/1.0-1/jcip-annotations-1.0-1.jar:/home/user/.m2/repository/net/minidev/json-smart/2.3/json-smart-2.3.jar:/home/user/.m2/repository/net/minidev/accessors-smart/1.2/accessors-smart-1.2.jar:/home/user/.m2/repository/org/apache/curator/curator-framework/2.12.0/curator-framework-2.12.0.jar:/home/user/.m2/repository/com/jcraft/jsch/0.1.54/jsch-0.1.54.jar:/home/user/.m2/repository/org/apache/curator/curator-client/2.12.0/curator-client-2.12.0.jar:/home/user/.m2/repository/org/apache/curator/curator-recipes/2.12.0/curator-recipes-2.12.0.jar:/home/user/.m2/repository/com/google/code/findbugs/jsr305/3.0.0/jsr305-3.0.0.jar:/home/user/.m2/repository/org/apache/htrace/htrace-core4/4.1.0-incubating/htrace-core4-4.1.0-incubating.jar:/home/user/.m2/repository/org/apache/zookeeper/zookeeper/3.4.13/zookeeper-3.4.13.jar:/home/user/.m2/repository/org/apache/yetus/audience-annotations/0.5.0/audience-annotations-0.5.0.jar:/home/user/.m2/repository/org/apache/kerby/kerb-simplekdc/1.0.1/kerb-simplekdc-1.0.1.jar:/home/user/.m2/repository/org/apache/kerby/kerb-client/1.0.1/kerb-client-1.0.1.jar:/home/user/.m2/repository/org/apache/kerby/kerby-config/1.0.1/kerby-config-1.0.1.jar:/home/user/.m2/repository/org/apache/kerby/kerb-core/1.0.1/kerb-core-1.0.1.jar:/home/user/.m2/repository/org/apache/kerby/kerby-pkix/1.0.1/kerby-pkix-1.0.1.jar:/home/user/.m2/repository/org/apache/kerby/kerby-asn1/1.0.1/kerby-asn1-1.0.1.jar:/home/user/.m2/repository/org/apache/kerby/kerby-util/1.0.1/kerby-util-1.0.1.jar:/home/user/.m2/repository/org/apache/kerby/kerb-common/1.0.1/kerb-common-1.0.1.jar:/home/user/.m2/repository/org/apache/kerby/kerb-crypto/1.0.1/kerb-crypto-1.0.1.jar:/home/user/.m2/repository/org/apache/kerby/kerb-util/1.0.1/kerb-util-1.0.1.jar:/home/user/.m2/repository/org/apache/kerby/token-provider/1.0.1/token-provider-1.0.1.jar:/home/user/.m2/repository/org/apache/kerby/kerb-admin/1.0.1/kerb-admin-1.0.1.jar:/home/user/.m2/repository/org/apache/kerby/kerb-server/1.0.1/kerb-server-1.0.1.jar:/home/user/.m2/repository/org/apache/kerby/kerb-identity/1.0.1/kerb-identity-1.0.1.jar:/home/user/.m2/repository/org/apache/kerby/kerby-xdr/1.0.1/kerby-xdr-1.0.1.jar:/home/user/.m2/repository/com/fasterxml/jackson/core/jackson-databind/2.9.5/jackson-databind-2.9.5.jar:/home/user/.m2/repository/com/fasterxml/jackson/core/jackson-core/2.9.5/jackson-core-2.9.5.jar:/home/user/.m2/repository/org/codehaus/woodstox/stax2-api/3.1.4/stax2-api-3.1.4.jar:/home/user/.m2/repository/com/fasterxml/woodstox/woodstox-core/5.0.3/woodstox-core-5.0.3.jar:/home/user/.m2/repository/dnsjava/dnsjava/2.1.7/dnsjava-2.1.7.jar:/home/user/.m2/repository/org/apache/hadoop/hadoop-hdfs/3.2.0/hadoop-hdfs-3.2.0.jar:/home/user/.m2/repository/org/eclipse/jetty/jetty-util-ajax/9.3.24.v20180605/jetty-util-ajax-9.3.24.v20180605.jar:/home/user/.m2/repository/commons-daemon/commons-daemon/1.0.13/commons-daemon-1.0.13.jar:/home/user/.m2/repository/io/netty/netty/3.10.5.Final/netty-3.10.5.Final.jar:/home/user/.m2/repository/io/netty/netty-all/4.0.52.Final/netty-all-4.0.52.Final.jar:/home/user/.m2/repository/org/fusesource/leveldbjni/leveldbjni-all/1.8/leveldbjni-all-1.8.jar:/home/user/.m2/repository/com/sun/xml/bind/jaxb-core/2.3.0.1/jaxb-core-2.3.0.1.jar:/home/user/.m2/repository/javax/xml/bind/jaxb-api/2.3.0/jaxb-api-2.3.0.jar:/home/user/.m2/repository/javax/activation/activation/1.1.1/activation-1.1.1.jar:/home/user/.m2/repository/io/dropwizard/metrics/metrics-core/3.2.4/metrics-core-3.2.4.jar:/home/user/.m2/repository/org/openjdk/jmh/jmh-core/1.19/jmh-core-1.19.jar:/home/user/.m2/repository/net/sf/jopt-simple/jopt-simple/4.6/jopt-simple-4.6.jar:/home/user/.m2/repository/org/openjdk/jmh/jmh-generator-annprocess/1.19/jmh-generator-annprocess-1.19.jar:/home/user/.m2/repository/com/google/code/findbugs/findbugs/3.0.1/findbugs-3.0.1.jar:/home/user/.m2/repository/net/jcip/jcip-annotations/1.0/jcip-annotations-1.0.jar:/home/user/.m2/repository/com/google/code/findbugs/bcel-findbugs/6.0/bcel-findbugs-6.0.jar:/home/user/.m2/repository/com/google/code/findbugs/jFormatString/2.0.1/jFormatString-2.0.1.jar:/home/user/.m2/repository/dom4j/dom4j/1.6.1/dom4j-1.6.1.jar:/home/user/.m2/repository/xml-apis/xml-apis/1.0.b2/xml-apis-1.0.b2.jar:/home/user/.m2/repository/org/ow2/asm/asm-debug-all/5.0.2/asm-debug-all-5.0.2.jar:/home/user/.m2/repository/org/ow2/asm/asm-commons/5.0.2/asm-commons-5.0.2.jar:/home/user/.m2/repository/org/ow2/asm/asm-tree/5.0.2/asm-tree-5.0.2.jar:/home/user/.m2/repository/org/ow2/asm/asm/5.0.4/asm-5.0.4.jar:/home/user/.m2/repository/commons-lang/commons-lang/2.6/commons-lang-2.6.jar:/home/user/.m2/repository/com/apple/AppleJavaExtensions/1.4/AppleJavaExtensions-1.4.jar:/home/user/.m2/repository/jaxen/jaxen/1.1.6/jaxen-1.1.6.jar:/home/user/.m2/repository/junit/junit/4.11/junit-4.11.jar:/home/user/.m2/repository/org/hamcrest/hamcrest-core/1.3/hamcrest-core-1.3.jar:/home/user/.m2/repository/org/apache/hadoop/hadoop-common/3.2.0/hadoop-common-3.2.0-tests.jar:/workdir/hadoop-ozone/integration-test/target/test-classes:/home/user/.m2/repository/org/apache/hadoop/hadoop-ozone-objectstore-service/0.5.0-SNAPSHOT/hadoop-ozone-objectstore-service-0.5.0-SNAPSHOT.jar:/home/user/.m2/repository/org/apache/hadoop/hadoop-ozone-s3gateway/0.5.0-SNAPSHOT/hadoop-ozone-s3gateway-0.5.0-SNAPSHOT.jar:/home/user/.m2/repository/org/jboss/weld/servlet/weld-servlet/2.4.7.Final/weld-servlet-2.4.7.Final.jar:/home/user/.m2/repository/org/glassfish/jersey/containers/jersey-container-servlet-core/2.27/jersey-container-servlet-core-2.27.jar:/home/user/.m2/repository/org/glassfish/hk2/external/javax.inject/2.5.0-b42/javax.inject-2.5.0-b42.jar:/home/user/.m2/repository/org/glassfish/jersey/core/jersey-common/2.27/jersey-common-2.27.jar:/home/user/.m2/repository/org/glassfish/hk2/osgi-resource-locator/1.0.1/osgi-resource-locator-1.0.1.jar:/home/user/.m2/repository/javax/ws/rs/javax.ws.rs-api/2.1/javax.ws.rs-api-2.1.jar:/home/user/.m2/repository/org/glassfish/jersey/ext/cdi/jersey-cdi1x/2.27/jersey-cdi1x-2.27.jar:/home/user/.m2/repository/org/glassfish/jersey/inject/jersey-hk2/2.27/jersey-hk2-2.27.jar:/home/user/.m2/repository/org/glassfish/hk2/hk2-locator/2.5.0-b42/hk2-locator-2.5.0-b42.jar:/home/user/.m2/repository/org/javassist/javassist/3.22.0-CR2/javassist-3.22.0-CR2.jar:/home/user/.m2/repository/org/glassfish/hk2/hk2-api/2.5.0/hk2-api-2.5.0.jar:/home/user/.m2/repository/org/glassfish/hk2/external/jakarta.inject/2.5.0/jakarta.inject-2.5.0.jar:/home/user/.m2/repository/org/glassfish/hk2/hk2-utils/2.5.0/hk2-utils-2.5.0.jar:/home/user/.m2/repository/jakarta/annotation/jakarta.annotation-api/1.3.4/jakarta.annotation-api-1.3.4.jar:/home/user/.m2/repository/org/glassfish/hk2/external/aopalliance-repackaged/2.5.0/aopalliance-repackaged-2.5.0.jar:/home/user/.m2/repository/com/fasterxml/jackson/dataformat/jackson-dataformat-xml/2.9.0/jackson-dataformat-xml-2.9.0.jar:/home/user/.m2/repository/com/fasterxml/jackson/module/jackson-module-jaxb-annotations/2.9.5/jackson-module-jaxb-annotations-2.9.5.jar:/home/user/.m2/repository/javax/enterprise/cdi-api/1.2/cdi-api-1.2.jar:/home/user/.m2/repository/javax/el/javax.el-api/3.0.0/javax.el-api-3.0.0.jar:/home/user/.m2/repository/javax/interceptor/javax.interceptor-api/1.2/javax.interceptor-api-1.2.jar:/home/user/.m2/repository/javax/inject/javax.inject/1/javax.inject-1.jar:/home/user/.m2/repository/org/apache/hadoop/hadoop-ozone-csi/0.5.0-SNAPSHOT/hadoop-ozone-csi-0.5.0-SNAPSHOT.jar:/home/user/.m2/repository/com/google/protobuf/protobuf-java-util/3.5.1/protobuf-java-util-3.5.1.jar:/home/user/.m2/repository/io/grpc/grpc-netty/1.17.1/grpc-netty-1.17.1.jar:/home/user/.m2/repository/io/grpc/grpc-core/1.17.1/grpc-core-1.17.1.jar:/home/user/.m2/repository/io/grpc/grpc-context/1.17.1/grpc-context-1.17.1.jar:/home/user/.m2/repository/com/google/errorprone/error_prone_annotations/2.2.0/error_prone_annotations-2.2.0.jar:/home/user/.m2/repository/org/codehaus/mojo/animal-sniffer-annotations/1.17/animal-sniffer-annotations-1.17.jar:/home/user/.m2/repository/io/opencensus/opencensus-api/0.17.0/opencensus-api-0.17.0.jar:/home/user/.m2/repository/io/opencensus/opencensus-contrib-grpc-metrics/0.17.0/opencensus-contrib-grpc-metrics-0.17.0.jar:/home/user/.m2/repository/io/netty/netty-codec-http2/4.1.30.Final/netty-codec-http2-4.1.30.Final.jar:/home/user/.m2/repository/io/netty/netty-codec-http/4.1.30.Final/netty-codec-http-4.1.30.Final.jar:/home/user/.m2/repository/io/netty/netty-codec/4.1.30.Final/netty-codec-4.1.30.Final.jar:/home/user/.m2/repository/io/netty/netty-handler/4.1.30.Final/netty-handler-4.1.30.Final.jar:/home/user/.m2/repository/io/netty/netty-handler-proxy/4.1.30.Final/netty-handler-proxy-4.1.30.Final.jar:/home/user/.m2/repository/io/netty/netty-codec-socks/4.1.30.Final/netty-codec-socks-4.1.30.Final.jar:/home/user/.m2/repository/io/netty/netty-transport-native-epoll/4.1.30.Final/netty-transport-native-epoll-4.1.30.Final.jar:/home/user/.m2/repository/io/netty/netty-common/4.1.30.Final/netty-common-4.1.30.Final.jar:/home/user/.m2/repository/io/netty/netty-buffer/4.1.30.Final/netty-buffer-4.1.30.Final.jar:/home/user/.m2/repository/io/netty/netty-transport/4.1.30.Final/netty-transport-4.1.30.Final.jar:/home/user/.m2/repository/io/netty/netty-resolver/4.1.30.Final/netty-resolver-4.1.30.Final.jar:/home/user/.m2/repository/io/netty/netty-transport-native-unix-common/4.1.30.Final/netty-transport-native-unix-common-4.1.30.Final.jar:/home/user/.m2/repository/io/grpc/grpc-protobuf/1.17.1/grpc-protobuf-1.17.1.jar:/home/user/.m2/repository/com/google/api/grpc/proto-google-common-protos/1.0.0/proto-google-common-protos-1.0.0.jar:/home/user/.m2/repository/io/grpc/grpc-protobuf-lite/1.17.1/grpc-protobuf-lite-1.17.1.jar:/home/user/.m2/repository/io/grpc/grpc-stub/1.17.1/grpc-stub-1.17.1.jar:/home/user/.m2/repository/org/apache/hadoop/hadoop-ozone-recon/0.5.0-SNAPSHOT/hadoop-ozone-recon-0.5.0-SNAPSHOT.jar:/home/user/.m2/repository/org/apache/hadoop/hadoop-ozone-reconcodegen/0.5.0-SNAPSHOT/hadoop-ozone-reconcodegen-0.5.0-SNAPSHOT.jar:/home/user/.m2/repository/com/google/inject/extensions/guice-multibindings/4.0/guice-multibindings-4.0.jar:/home/user/.m2/repository/com/google/inject/guice/4.0/guice-4.0.jar:/home/user/.m2/repository/aopalliance/aopalliance/1.0/aopalliance-1.0.jar:/home/user/.m2/repository/com/google/inject/extensions/guice-servlet/4.0/guice-servlet-4.0.jar:/home/user/.m2/repository/org/glassfish/jersey/containers/jersey-container-servlet/2.27/jersey-container-servlet-2.27.jar:/home/user/.m2/repository/org/glassfish/hk2/guice-bridge/2.5.0/guice-bridge-2.5.0.jar:/home/user/.m2/repository/org/glassfish/jersey/core/jersey-server/2.27/jersey-server-2.27.jar:/home/user/.m2/repository/org/glassfish/jersey/core/jersey-client/2.27/jersey-client-2.27.jar:/home/user/.m2/repository/org/glassfish/jersey/media/jersey-media-jaxb/2.27/jersey-media-jaxb-2.27.jar:/home/user/.m2/repository/javax/validation/validation-api/1.1.0.Final/validation-api-1.1.0.Final.jar:/home/user/.m2/repository/org/glassfish/jersey/media/jersey-media-json-jackson/2.27/jersey-media-json-jackson-2.27.jar:/home/user/.m2/repository/org/glassfish/jersey/ext/jersey-entity-filtering/2.27/jersey-entity-filtering-2.27.jar:/home/user/.m2/repository/com/google/inject/extensions/guice-assistedinject/4.0/guice-assistedinject-4.0.jar:/home/user/.m2/repository/org/jooq/jooq/3.11.10/jooq-3.11.10.jar:/home/user/.m2/repository/org/jooq/jooq-meta/3.11.10/jooq-meta-3.11.10.jar:/home/user/.m2/repository/org/jooq/jooq-codegen/3.11.10/jooq-codegen-3.11.10.jar:/home/user/.m2/repository/com/jolbox/bonecp/0.8.0.RELEASE/bonecp-0.8.0.RELEASE.jar:/home/user/.m2/repository/org/springframework/spring-jdbc/5.1.3.RELEASE/spring-jdbc-5.1.3.RELEASE.jar:/home/user/.m2/repository/org/springframework/spring-beans/5.1.3.RELEASE/spring-beans-5.1.3.RELEASE.jar:/home/user/.m2/repository/org/springframework/spring-core/5.1.3.RELEASE/spring-core-5.1.3.RELEASE.jar:/home/user/.m2/repository/org/springframework/spring-jcl/5.1.3.RELEASE/spring-jcl-5.1.3.RELEASE.jar:/home/user/.m2/repository/org/springframework/spring-tx/5.1.3.RELEASE/spring-tx-5.1.3.RELEASE.jar:/home/user/.m2/repository/org/mockito/mockito-core/2.15.0/mockito-core-2.15.0.jar:/home/user/.m2/repository/net/bytebuddy/byte-buddy/1.7.9/byte-buddy-1.7.9.jar:/home/user/.m2/repository/net/bytebuddy/byte-buddy-agent/1.7.9/byte-buddy-agent-1.7.9.jar:/home/user/.m2/repository/org/objenesis/objenesis/1.0/objenesis-1.0.jar:"/>
    <property name="sun.cpu.endian" value="little"/>
    <property name="user.home" value="/home/user"/>
    <property name="user.language" value="en"/>
    <property name="java.specification.vendor" value="Oracle Corporation"/>
    <property name="java.home" value="/usr/lib/jvm/java-1.8-openjdk/jre"/>
    <property name="java.security.krb5.conf" value="/workdir/hadoop-ozone/tools/target/test-classes/krb5.conf"/>
    <property name="basedir" value="/workdir/hadoop-ozone/tools"/>
    <property name="file.separator" value="/"/>
    <property name="line.separator" value="&#10;"/>
    <property name="java.vm.specification.vendor" value="Oracle Corporation"/>
    <property name="java.specification.name" value="Java Platform API Specification"/>
    <property name="java.awt.graphicsenv" value="sun.awt.X11GraphicsEnvironment"/>
    <property name="surefire.real.class.path" value="/workdir/hadoop-ozone/tools/target/surefire/surefirebooter9134494284655148819.jar"/>
    <property name="hadoop.log.dir" value="/workdir/hadoop-ozone/tools/target/log"/>
    <property name="sun.boot.class.path" value="/usr/lib/jvm/java-1.8-openjdk/jre/lib/resources.jar:/usr/lib/jvm/java-1.8-openjdk/jre/lib/rt.jar:/usr/lib/jvm/java-1.8-openjdk/jre/lib/sunrsasign.jar:/usr/lib/jvm/java-1.8-openjdk/jre/lib/jsse.jar:/usr/lib/jvm/java-1.8-openjdk/jre/lib/jce.jar:/usr/lib/jvm/java-1.8-openjdk/jre/lib/charsets.jar:/usr/lib/jvm/java-1.8-openjdk/jre/lib/jfr.jar:/usr/lib/jvm/java-1.8-openjdk/jre/classes"/>
    <property name="sun.management.compiler" value="HotSpot 64-Bit Tiered Compilers"/>
    <property name="java.runtime.version" value="1.8.0_212-b04"/>
    <property name="java.net.preferIPv4Stack" value="true"/>
    <property name="user.name" value="jenkins1000"/>
    <property name="path.separator" value=":"/>
    <property name="java.security.egd" value="file:///dev/urandom"/>
    <property name="os.version" value="3.10.0-957.12.2.el7.x86_64"/>
    <property name="java.endorsed.dirs" value="/usr/lib/jvm/java-1.8-openjdk/jre/lib/endorsed"/>
    <property name="java.runtime.name" value="OpenJDK Runtime Environment"/>
    <property name="file.encoding" value="UTF-8"/>
    <property name="java.vm.name" value="OpenJDK 64-Bit Server VM"/>
    <property name="test.build.webapps" value=""/>
    <property name="localRepository" value="/home/user/.m2/repository"/>
    <property name="java.vendor.url.bug" value="https://icedtea.classpath.org/bugzilla"/>
    <property name="java.io.tmpdir" value="/tmp"/>
    <property name="require.test.libhadoop" value=""/>
    <property name="java.version" value="1.8.0_212"/>
    <property name="user.dir" value="/workdir/hadoop-ozone/tools"/>
    <property name="os.arch" value="amd64"/>
    <property name="java.vm.specification.name" value="Java Virtual Machine Specification"/>
    <property name="test.build.classes" value="/workdir/hadoop-ozone/tools/target/test-classes"/>
    <property name="java.awt.printerjob" value="sun.print.PSPrinterJob"/>
    <property name="sun.os.patch.level" value="unknown"/>
    <property name="hadoop.tmp.dir" value="/workdir/hadoop-ozone/tools/target/tmp"/>
    <property name="java.library.path" value="/usr/lib/jvm/java-1.8-openjdk/jre/lib/amd64/server:/usr/lib/jvm/java-1.8-openjdk/jre/lib/amd64:/usr/lib/jvm/java-1.8-openjdk/jre/../lib/amd64:/workdir/hadoop-ozone/tools/target/native/target/usr/local/lib:/workdir/hadoop-ozone/tools/../../hadoop-common-project/hadoop-common/target/native/target/usr/local/lib:/usr/java/packages/lib/amd64:/usr/lib64:/lib64:/lib:/usr/lib"/>
    <property name="java.vm.info" value="mixed mode"/>
    <property name="java.vendor" value="IcedTea"/>
    <property name="java.vm.version" value="25.212-b04"/>
    <property name="java.ext.dirs" value="/usr/lib/jvm/java-1.8-openjdk/jre/lib/ext:/usr/java/packages/lib/ext"/>
    <property name="sun.io.unicode.encoding" value="UnicodeLittle"/>
    <property name="java.class.version" value="52.0"/>
  </properties>
  <testcase name="ratisTestLargeKey" classname="org.apache.hadoop.ozone.freon.TestDataValidateWithUnsafeByteOperations" time="10.532">
    <error message="Allocated 0 blocks. Requested 5 blocks" type="INTERNAL_ERROR org.apache.hadoop.ozone.om.exceptions.OMException">INTERNAL_ERROR org.apache.hadoop.ozone.om.exceptions.OMException: Allocated 0 blocks. Requested 5 blocks
	at org.apache.hadoop.ozone.om.protocolPB.OzoneManagerProtocolClientSideTranslatorPB.handleError(OzoneManagerProtocolClientSideTranslatorPB.java:725)
	at org.apache.hadoop.ozone.om.protocolPB.OzoneManagerProtocolClientSideTranslatorPB.openKey(OzoneManagerProtocolClientSideTranslatorPB.java:716)
	at org.apache.hadoop.ozone.client.rpc.RpcClient.createKey(RpcClient.java:615)
	at org.apache.hadoop.ozone.client.OzoneBucket.createKey(OzoneBucket.java:323)
	at org.apache.hadoop.ozone.freon.RandomKeyGenerator.createKey(RandomKeyGenerator.java:686)
	at org.apache.hadoop.ozone.freon.RandomKeyGenerator.access$1100(RandomKeyGenerator.java:87)
	at org.apache.hadoop.ozone.freon.RandomKeyGenerator$ObjectCreator.run(RandomKeyGenerator.java:606)
	at java.util.concurrent.Executors$RunnableAdapter.call(Executors.java:511)
	at java.util.concurrent.FutureTask.run(FutureTask.java:266)
	at java.util.concurrent.ThreadPoolExecutor.runWorker(ThreadPoolExecutor.java:1149)
	at java.util.concurrent.ThreadPoolExecutor$Worker.run(ThreadPoolExecutor.java:624)
	at java.lang.Thread.run(Thread.java:748)
</error>
    <system-out><![CDATA[2019-09-20 08:30:16,100 [main] WARN  server.ServerUtils (ServerUtils.java:getScmDbDir(145)) - ozone.scm.db.dirs is not configured. We recommend adding this setting. Falling back to ozone.metadata.dirs instead.
2019-09-20 08:30:16,214 [main] WARN  server.ServerUtils (ServerUtils.java:getScmDbDir(145)) - ozone.scm.db.dirs is not configured. We recommend adding this setting. Falling back to ozone.metadata.dirs instead.
2019-09-20 08:30:16,218 [main] WARN  server.ServerUtils (ServerUtils.java:getScmDbDir(145)) - ozone.scm.db.dirs is not configured. We recommend adding this setting. Falling back to ozone.metadata.dirs instead.
2019-09-20 08:30:16,235 [main] INFO  util.log (Log.java:initialized(192)) - Logging initialized @900ms
2019-09-20 08:30:16,337 [main] INFO  db.DBStoreBuilder (DBStoreBuilder.java:addTable(110)) - using custom profile for table: deletedBlocks
2019-09-20 08:30:16,337 [main] INFO  db.DBStoreBuilder (DBStoreBuilder.java:processTables(161)) - Using default column profile:DBProfile.DISK for Table:deletedBlocks
2019-09-20 08:30:16,338 [main] INFO  db.DBStoreBuilder (DBStoreBuilder.java:addTable(110)) - using custom profile for table: validCerts
2019-09-20 08:30:16,338 [main] INFO  db.DBStoreBuilder (DBStoreBuilder.java:processTables(161)) - Using default column profile:DBProfile.DISK for Table:validCerts
2019-09-20 08:30:16,338 [main] INFO  db.DBStoreBuilder (DBStoreBuilder.java:addTable(110)) - using custom profile for table: revokedCerts
2019-09-20 08:30:16,339 [main] INFO  db.DBStoreBuilder (DBStoreBuilder.java:processTables(161)) - Using default column profile:DBProfile.DISK for Table:revokedCerts
2019-09-20 08:30:16,351 [main] INFO  db.DBStoreBuilder (DBStoreBuilder.java:addTable(110)) - using custom profile for table: default
2019-09-20 08:30:16,351 [main] INFO  db.DBStoreBuilder (DBStoreBuilder.java:processTables(167)) - Using default column profile:DBProfile.DISK for Table:default
2019-09-20 08:30:16,353 [main] INFO  db.DBStoreBuilder (DBStoreBuilder.java:getDbProfile(198)) - Using default options. DBProfile.DISK
2019-09-20 08:30:16,603 [main] INFO  net.NodeSchemaLoader (NodeSchemaLoader.java:loadSchemaFromFile(125)) - Loading file from sun.misc.CompoundEnumeration@3835c46
2019-09-20 08:30:16,606 [main] INFO  net.NodeSchemaLoader (NodeSchemaLoader.java:loadSchema(171)) - Loading network topology layer schema file
2019-09-20 08:30:16,693 [main] WARN  server.ServerUtils (ServerUtils.java:sanitizeUserArgs(70)) - ozone.scm.stale.node.interval value = 300000 is larger than max = 100000 based on the key value of ozone.scm.heartbeat.thread.interval, reset to the max value 100000.
2019-09-20 08:30:16,695 [main] WARN  server.ServerUtils (ServerUtils.java:sanitizeUserArgs(70)) - ozone.scm.stale.node.interval value = 300000 is larger than max = 100000 based on the key value of ozone.scm.heartbeat.thread.interval, reset to the max value 100000.
2019-09-20 08:30:16,697 [main] INFO  node.SCMNodeManager (SCMNodeManager.java:<init>(121)) - Entering startup safe mode.
2019-09-20 08:30:16,771 [main] INFO  algorithms.ContainerPlacementPolicyFactory (ContainerPlacementPolicyFactory.java:getPolicy(56)) - Create container placement policy of type org.apache.hadoop.hdds.scm.container.placement.algorithms.SCMContainerPlacementRandom
2019-09-20 08:30:16,787 [main] WARN  server.ServerUtils (ServerUtils.java:getScmDbDir(145)) - ozone.scm.db.dirs is not configured. We recommend adding this setting. Falling back to ozone.metadata.dirs instead.
2019-09-20 08:30:16,859 [main] INFO  pipeline.SCMPipelineManager (SCMPipelineManager.java:initializePipelineState(126)) - No pipeline exists in current db
2019-09-20 08:30:16,863 [main] WARN  server.ServerUtils (ServerUtils.java:getScmDbDir(145)) - ozone.scm.db.dirs is not configured. We recommend adding this setting. Falling back to ozone.metadata.dirs instead.
2019-09-20 08:30:17,010 [main] WARN  events.EventQueue (EventQueue.java:fireEvent(175)) - No event handler registered for event TypedEvent{payloadType=SafeModeStatus, name='SafeModeStatus'}
2019-09-20 08:30:17,463 [main] INFO  ipc.CallQueueManager (CallQueueManager.java:<init>(84)) - Using callQueue: class java.util.concurrent.LinkedBlockingQueue, queueCapacity: 2000, scheduler: class org.apache.hadoop.ipc.DefaultRpcScheduler, ipcBackoff: false.
2019-09-20 08:30:17,807 [Socket Reader #1 for port 37845] INFO  ipc.Server (Server.java:run(1074)) - Starting Socket Reader #1 for port 37845
2019-09-20 08:30:17,851 [main] INFO  ipc.CallQueueManager (CallQueueManager.java:<init>(84)) - Using callQueue: class java.util.concurrent.LinkedBlockingQueue, queueCapacity: 2000, scheduler: class org.apache.hadoop.ipc.DefaultRpcScheduler, ipcBackoff: false.
2019-09-20 08:30:17,852 [Socket Reader #1 for port 40811] INFO  ipc.Server (Server.java:run(1074)) - Starting Socket Reader #1 for port 40811
2019-09-20 08:30:17,862 [main] INFO  ipc.CallQueueManager (CallQueueManager.java:<init>(84)) - Using callQueue: class java.util.concurrent.LinkedBlockingQueue, queueCapacity: 2000, scheduler: class org.apache.hadoop.ipc.DefaultRpcScheduler, ipcBackoff: false.
2019-09-20 08:30:17,863 [Socket Reader #1 for port 36012] INFO  ipc.Server (Server.java:run(1074)) - Starting Socket Reader #1 for port 36012
2019-09-20 08:30:17,892 [main] INFO  hdfs.DFSUtil (DFSUtil.java:httpServerTemplateForNNAndJN(1641)) - Starting Web-server for scm at: http://0.0.0.0:0
2019-09-20 08:30:18,053 [main] INFO  server.AuthenticationFilter (AuthenticationFilter.java:constructSecretProvider(240)) - Unable to initialize FileSignerSecretProvider, falling back to use random secrets.
2019-09-20 08:30:18,070 [main] WARN  http.HttpRequestLog (HttpRequestLog.java:getRequestLog(97)) - Jetty request log can only be enabled using Log4j
2019-09-20 08:30:18,080 [main] INFO  http.HttpServer2 (HttpServer2.java:addGlobalFilter(975)) - Added global filter 'safety' (class=org.apache.hadoop.http.HttpServer2$QuotingInputFilter)
2019-09-20 08:30:18,083 [main] INFO  http.HttpServer2 (HttpServer2.java:addFilter(948)) - Added filter static_user_filter (class=org.apache.hadoop.http.lib.StaticUserWebFilter$StaticUserFilter) to context scm
2019-09-20 08:30:18,083 [main] INFO  http.HttpServer2 (HttpServer2.java:addFilter(958)) - Added filter static_user_filter (class=org.apache.hadoop.http.lib.StaticUserWebFilter$StaticUserFilter) to context logs
2019-09-20 08:30:18,083 [main] INFO  http.HttpServer2 (HttpServer2.java:addFilter(958)) - Added filter static_user_filter (class=org.apache.hadoop.http.lib.StaticUserWebFilter$StaticUserFilter) to context static
2019-09-20 08:30:18,109 [main] INFO  server.StorageContainerManager (StorageContainerManager.java:start(759)) - StorageContainerLocationProtocol RPC server is listening at /0.0.0.0:36012
2019-09-20 08:30:18,181 [main] WARN  impl.MetricsConfig (MetricsConfig.java:loadFirst(134)) - Cannot locate configuration: tried hadoop-metrics2-storagecontainermanager.properties,hadoop-metrics2.properties
2019-09-20 08:30:18,197 [main] INFO  impl.MetricsSystemImpl (MetricsSystemImpl.java:startTimer(374)) - Scheduled Metric snapshot period at 10 second(s).
2019-09-20 08:30:18,197 [main] INFO  impl.MetricsSystemImpl (MetricsSystemImpl.java:start(191)) - StorageContainerManager metrics system started
2019-09-20 08:30:18,455 [main] INFO  server.SCMClientProtocolServer (SCMClientProtocolServer.java:start(151)) - RPC server for Client  is listening at /0.0.0.0:36012
2019-09-20 08:30:18,456 [IPC Server Responder] INFO  ipc.Server (Server.java:run(1314)) - IPC Server Responder: starting
2019-09-20 08:30:18,456 [IPC Server listener on 36012] INFO  ipc.Server (Server.java:run(1153)) - IPC Server listener on 36012: starting
2019-09-20 08:30:18,459 [main] INFO  server.StorageContainerManager (StorageContainerManager.java:start(769)) - ScmBlockLocationProtocol RPC server is listening at /0.0.0.0:40811
2019-09-20 08:30:18,459 [main] INFO  server.SCMBlockProtocolServer (SCMBlockProtocolServer.java:start(140)) - RPC server for Block Protocol is listening at /0.0.0.0:40811
2019-09-20 08:30:18,460 [IPC Server Responder] INFO  ipc.Server (Server.java:run(1314)) - IPC Server Responder: starting
2019-09-20 08:30:18,460 [IPC Server listener on 40811] INFO  ipc.Server (Server.java:run(1153)) - IPC Server listener on 40811: starting
2019-09-20 08:30:18,463 [main] INFO  server.StorageContainerManager (StorageContainerManager.java:start(773)) - ScmDatanodeProtocl RPC server is listening at /0.0.0.0:37845
2019-09-20 08:30:18,463 [main] INFO  server.SCMDatanodeProtocolServer (SCMDatanodeProtocolServer.java:start(191)) - RPC server for DataNodes is listening at /0.0.0.0:37845
2019-09-20 08:30:18,463 [IPC Server Responder] INFO  ipc.Server (Server.java:run(1314)) - IPC Server Responder: starting
2019-09-20 08:30:18,464 [IPC Server listener on 37845] INFO  ipc.Server (Server.java:run(1153)) - IPC Server listener on 37845: starting
2019-09-20 08:30:18,468 [main] INFO  http.HttpServer2 (HttpServer2.java:bindListener(1191)) - Jetty bound to port 39973
2019-09-20 08:30:18,469 [main] INFO  server.Server (Server.java:doStart(351)) - jetty-9.3.24.v20180605, build timestamp: 2018-06-05T17:11:56Z, git hash: 84205aa28f11a4f31f2a3b86d1bba2cc8ab69827
2019-09-20 08:30:18,505 [main] INFO  handler.ContextHandler (ContextHandler.java:doStart(781)) - Started o.e.j.s.ServletContextHandler@4e70a728{/logs,file:///workdir/hadoop-ozone/tools/target/log,AVAILABLE}
2019-09-20 08:30:18,505 [main] INFO  handler.ContextHandler (ContextHandler.java:doStart(781)) - Started o.e.j.s.ServletContextHandler@1c3146bc{/static,jar:file:/home/user/.m2/repository/org/apache/hadoop/hadoop-hdds-server-scm/0.5.0-SNAPSHOT/hadoop-hdds-server-scm-0.5.0-SNAPSHOT.jar!/webapps/static,AVAILABLE}
2019-09-20 08:30:18,579 [main] INFO  handler.ContextHandler (ContextHandler.java:doStart(781)) - Started o.e.j.w.WebAppContext@72efb5c1{/,file:///tmp/jetty-0.0.0.0-39973-scm-_-any-8884100337904051812.dir/webapp/,AVAILABLE}{/scm}
2019-09-20 08:30:18,584 [main] INFO  server.AbstractConnector (AbstractConnector.java:doStart(278)) - Started ServerConnector@7a0e1b5e{HTTP/1.1,[http/1.1]}{0.0.0.0:39973}
2019-09-20 08:30:18,584 [main] INFO  server.Server (Server.java:doStart(419)) - Started @3250ms
2019-09-20 08:30:18,586 [main] INFO  server.BaseHttpServer (BaseHttpServer.java:updateConnectorAddress(213)) - HTTP server of SCM is listening at http://0.0.0.0:39973
2019-09-20 08:30:18,595 [org.apache.hadoop.util.JvmPauseMonitor$Monitor@15bcf458] INFO  util.JvmPauseMonitor (JvmPauseMonitor.java:run(188)) - Starting JVM pause monitor
2019-09-20 08:30:18,600 [main] WARN  server.ServerUtils (ServerUtils.java:getDBPath(222)) - ozone.om.db.dirs is not configured. We recommend adding this setting. Falling back to ozone.metadata.dirs instead.
2019-09-20 08:30:18,723 [main] WARN  server.ServerUtils (ServerUtils.java:getDBPath(222)) - ozone.om.db.dirs is not configured. We recommend adding this setting. Falling back to ozone.metadata.dirs instead.
2019-09-20 08:30:18,724 [main] WARN  server.ServerUtils (ServerUtils.java:getDBPath(222)) - ozone.om.db.dirs is not configured. We recommend adding this setting. Falling back to ozone.metadata.dirs instead.
2019-09-20 08:30:18,725 [main] INFO  om.OzoneManager (OzoneManager.java:setOMNodeDetails(645)) - OM Service ID is not set. Setting it to the default ID: omServiceIdDefault
2019-09-20 08:30:18,725 [main] INFO  om.OzoneManager (OzoneManager.java:setOMNodeDetails(651)) - OM Node ID is not set. Setting it to the OmStorage's OmID: 044cadaa-166f-43b5-b75d-9e5e9467b032
2019-09-20 08:30:18,727 [main] INFO  om.OzoneManager (OzoneManager.java:loadOMHAConfigs(602)) - Found matching OM address with OMServiceId: null, OMNodeId: null, RPC Address: localhost:0 and Ratis port: 9872
2019-09-20 08:30:19,011 | INFO  | SCMAudit | user=jenkins1000 | ip=192.168.34.27 | op=GET_SCM_INFO null | ret=SUCCESS |  
2019-09-20 08:30:19,455 [main] WARN  server.ServerUtils (ServerUtils.java:getDBPath(222)) - ozone.om.db.dirs is not configured. We recommend adding this setting. Falling back to ozone.metadata.dirs instead.
2019-09-20 08:30:19,464 [main] INFO  db.DBStoreBuilder (DBStoreBuilder.java:addTable(110)) - using custom profile for table: userTable
2019-09-20 08:30:19,464 [main] INFO  db.DBStoreBuilder (DBStoreBuilder.java:processTables(161)) - Using default column profile:DBProfile.DISK for Table:userTable
2019-09-20 08:30:19,464 [main] INFO  db.DBStoreBuilder (DBStoreBuilder.java:addTable(110)) - using custom profile for table: volumeTable
2019-09-20 08:30:19,465 [main] INFO  db.DBStoreBuilder (DBStoreBuilder.java:processTables(161)) - Using default column profile:DBProfile.DISK for Table:volumeTable
2019-09-20 08:30:19,465 [main] INFO  db.DBStoreBuilder (DBStoreBuilder.java:addTable(110)) - using custom profile for table: bucketTable
2019-09-20 08:30:19,465 [main] INFO  db.DBStoreBuilder (DBStoreBuilder.java:processTables(161)) - Using default column profile:DBProfile.DISK for Table:bucketTable
2019-09-20 08:30:19,465 [main] INFO  db.DBStoreBuilder (DBStoreBuilder.java:addTable(110)) - using custom profile for table: keyTable
2019-09-20 08:30:19,466 [main] INFO  db.DBStoreBuilder (DBStoreBuilder.java:processTables(161)) - Using default column profile:DBProfile.DISK for Table:keyTable
2019-09-20 08:30:19,466 [main] INFO  db.DBStoreBuilder (DBStoreBuilder.java:addTable(110)) - using custom profile for table: deletedTable
2019-09-20 08:30:19,466 [main] INFO  db.DBStoreBuilder (DBStoreBuilder.java:processTables(161)) - Using default column profile:DBProfile.DISK for Table:deletedTable
2019-09-20 08:30:19,466 [main] INFO  db.DBStoreBuilder (DBStoreBuilder.java:addTable(110)) - using custom profile for table: openKeyTable
2019-09-20 08:30:19,466 [main] INFO  db.DBStoreBuilder (DBStoreBuilder.java:processTables(161)) - Using default column profile:DBProfile.DISK for Table:openKeyTable
2019-09-20 08:30:19,467 [main] INFO  db.DBStoreBuilder (DBStoreBuilder.java:addTable(110)) - using custom profile for table: s3Table
2019-09-20 08:30:19,467 [main] INFO  db.DBStoreBuilder (DBStoreBuilder.java:processTables(161)) - Using default column profile:DBProfile.DISK for Table:s3Table
2019-09-20 08:30:19,467 [main] INFO  db.DBStoreBuilder (DBStoreBuilder.java:addTable(110)) - using custom profile for table: multipartInfoTable
2019-09-20 08:30:19,467 [main] INFO  db.DBStoreBuilder (DBStoreBuilder.java:processTables(161)) - Using default column profile:DBProfile.DISK for Table:multipartInfoTable
2019-09-20 08:30:19,468 [main] INFO  db.DBStoreBuilder (DBStoreBuilder.java:addTable(110)) - using custom profile for table: dTokenTable
2019-09-20 08:30:19,468 [main] INFO  db.DBStoreBuilder (DBStoreBuilder.java:processTables(161)) - Using default column profile:DBProfile.DISK for Table:dTokenTable
2019-09-20 08:30:19,468 [main] INFO  db.DBStoreBuilder (DBStoreBuilder.java:addTable(110)) - using custom profile for table: s3SecretTable
2019-09-20 08:30:19,468 [main] INFO  db.DBStoreBuilder (DBStoreBuilder.java:processTables(161)) - Using default column profile:DBProfile.DISK for Table:s3SecretTable
2019-09-20 08:30:19,469 [main] INFO  db.DBStoreBuilder (DBStoreBuilder.java:addTable(110)) - using custom profile for table: prefixTable
2019-09-20 08:30:19,469 [main] INFO  db.DBStoreBuilder (DBStoreBuilder.java:processTables(161)) - Using default column profile:DBProfile.DISK for Table:prefixTable
2019-09-20 08:30:19,469 [main] INFO  db.DBStoreBuilder (DBStoreBuilder.java:addTable(110)) - using custom profile for table: default
2019-09-20 08:30:19,469 [main] INFO  db.DBStoreBuilder (DBStoreBuilder.java:processTables(167)) - Using default column profile:DBProfile.DISK for Table:default
2019-09-20 08:30:19,470 [main] INFO  db.DBStoreBuilder (DBStoreBuilder.java:getDbProfile(198)) - Using default options. DBProfile.DISK
2019-09-20 08:30:19,990 [main] INFO  ipc.CallQueueManager (CallQueueManager.java:<init>(84)) - Using callQueue: class java.util.concurrent.LinkedBlockingQueue, queueCapacity: 2000, scheduler: class org.apache.hadoop.ipc.DefaultRpcScheduler, ipcBackoff: false.
2019-09-20 08:30:19,991 [Socket Reader #1 for port 37752] INFO  ipc.Server (Server.java:run(1074)) - Starting Socket Reader #1 for port 37752
2019-09-20 08:30:20,013 [main] INFO  om.OzoneManager (OzoneManager.java:start(1256)) - OzoneManager RPC server is listening at localhost/127.0.0.1:37752
2019-09-20 08:30:20,013 [main] INFO  impl.MetricsSystemImpl (MetricsSystemImpl.java:init(158)) - OzoneManager metrics system started (again)
2019-09-20 08:30:20,014 [IPC Server Responder] INFO  ipc.Server (Server.java:run(1314)) - IPC Server Responder: starting
2019-09-20 08:30:20,015 [IPC Server listener on 37752] INFO  ipc.Server (Server.java:run(1153)) - IPC Server listener on 37752: starting
2019-09-20 08:30:20,022 [main] INFO  hdfs.DFSUtil (DFSUtil.java:httpServerTemplateForNNAndJN(1641)) - Starting Web-server for ozoneManager at: http://0.0.0.0:0
2019-09-20 08:30:20,024 [main] INFO  server.AuthenticationFilter (AuthenticationFilter.java:constructSecretProvider(240)) - Unable to initialize FileSignerSecretProvider, falling back to use random secrets.
2019-09-20 08:30:20,025 [main] WARN  http.HttpRequestLog (HttpRequestLog.java:getRequestLog(97)) - Jetty request log can only be enabled using Log4j
2019-09-20 08:30:20,028 [main] INFO  http.HttpServer2 (HttpServer2.java:addGlobalFilter(975)) - Added global filter 'safety' (class=org.apache.hadoop.http.HttpServer2$QuotingInputFilter)
2019-09-20 08:30:20,287 [main] INFO  http.HttpServer2 (HttpServer2.java:addFilter(948)) - Added filter static_user_filter (class=org.apache.hadoop.http.lib.StaticUserWebFilter$StaticUserFilter) to context ozoneManager
2019-09-20 08:30:20,294 [main] INFO  http.HttpServer2 (HttpServer2.java:addFilter(958)) - Added filter static_user_filter (class=org.apache.hadoop.http.lib.StaticUserWebFilter$StaticUserFilter) to context logs
2019-09-20 08:30:20,294 [main] INFO  http.HttpServer2 (HttpServer2.java:addFilter(958)) - Added filter static_user_filter (class=org.apache.hadoop.http.lib.StaticUserWebFilter$StaticUserFilter) to context static
2019-09-20 08:30:20,306 [main] INFO  http.HttpServer2 (HttpServer2.java:bindListener(1191)) - Jetty bound to port 45938
2019-09-20 08:30:20,307 [main] INFO  server.Server (Server.java:doStart(351)) - jetty-9.3.24.v20180605, build timestamp: 2018-06-05T17:11:56Z, git hash: 84205aa28f11a4f31f2a3b86d1bba2cc8ab69827
2019-09-20 08:30:20,311 [main] INFO  handler.ContextHandler (ContextHandler.java:doStart(781)) - Started o.e.j.s.ServletContextHandler@782168b7{/logs,file:///workdir/hadoop-ozone/tools/target/log,AVAILABLE}
2019-09-20 08:30:20,312 [main] INFO  handler.ContextHandler (ContextHandler.java:doStart(781)) - Started o.e.j.s.ServletContextHandler@7435a578{/static,jar:file:/home/user/.m2/repository/org/apache/hadoop/hadoop-ozone-ozone-manager/0.5.0-SNAPSHOT/hadoop-ozone-ozone-manager-0.5.0-SNAPSHOT.jar!/webapps/static,AVAILABLE}
2019-09-20 08:30:20,379 [main] INFO  handler.ContextHandler (ContextHandler.java:doStart(781)) - Started o.e.j.w.WebAppContext@10876a6{/,file:///tmp/jetty-0.0.0.0-45938-ozoneManager-_-any-2460457617351597489.dir/webapp/,AVAILABLE}{/ozoneManager}
2019-09-20 08:30:20,380 [main] INFO  server.AbstractConnector (AbstractConnector.java:doStart(278)) - Started ServerConnector@71870da7{HTTP/1.1,[http/1.1]}{0.0.0.0:45938}
2019-09-20 08:30:20,382 [main] INFO  server.Server (Server.java:doStart(419)) - Started @5047ms
2019-09-20 08:30:20,383 [main] INFO  server.BaseHttpServer (BaseHttpServer.java:updateConnectorAddress(213)) - HTTP server of OZONEMANAGER is listening at http://0.0.0.0:45938
2019-09-20 08:30:20,564 [main] INFO  impl.MetricsSystemImpl (MetricsSystemImpl.java:init(158)) - HddsDatanode metrics system started (again)
2019-09-20 08:30:20,646 [main] INFO  ozone.HddsDatanodeService (HddsDatanodeService.java:start(184)) - HddsDatanodeService host:pr-hdds-1569-6tbh6-3362816358 ip:192.168.34.27
2019-09-20 08:30:20,679 [main] INFO  volume.HddsVolume (HddsVolume.java:<init>(176)) - Creating Volume: /workdir/hadoop-ozone/tools/target/test-dir/MiniOzoneClusterImpl-27b2788d-4a5e-4768-9652-b88d14ddf2e4/datanode-0/data/containers/hdds of  storage type : DISK and capacity : 1482555576320
2019-09-20 08:30:20,681 [main] INFO  volume.VolumeSet (VolumeSet.java:initializeVolumeSet(170)) - Added Volume : /workdir/hadoop-ozone/tools/target/test-dir/MiniOzoneClusterImpl-27b2788d-4a5e-4768-9652-b88d14ddf2e4/datanode-0/data/containers/hdds to VolumeSet
2019-09-20 08:30:20,684 [main] INFO  volume.ThrottledAsyncChecker (ThrottledAsyncChecker.java:schedule(140)) - Scheduling a check for org.apache.hadoop.ozone.container.common.volume.HddsVolume@ce9b9a9
2019-09-20 08:30:20,702 [main] INFO  volume.HddsVolumeChecker (HddsVolumeChecker.java:checkAllVolumes(203)) - Scheduled health check for volume org.apache.hadoop.ozone.container.common.volume.HddsVolume@ce9b9a9
2019-09-20 08:30:20,812 [main] INFO  impl.RaftServerProxy (ConfUtils.java:logGet(43)) - raft.rpc.type = GRPC (default)
2019-09-20 08:30:20,911 [main] INFO  grpc.GrpcFactory (GrpcFactory.java:checkPooledByteBufAllocatorUseCacheForAllThreads(45)) - PERFORMANCE WARNING: useCacheForAllThreads is true that may cause Netty to create a lot garbage objects and, as a result, trigger GC.
	It is recommended to disable useCacheForAllThreads by setting -Dorg.apache.ratis.thirdparty.io.netty.allocator.useCacheForAllThreads=false in command line.
2019-09-20 08:30:20,923 [main] INFO  grpc.GrpcConfigKeys$Server (ConfUtils.java:logGet(43)) - raft.grpc.server.port = 0 (default)
2019-09-20 08:30:20,925 [main] INFO  server.GrpcService (ConfUtils.java:logGet(43)) - raft.grpc.message.size.max = 33570816 (custom)
2019-09-20 08:30:20,928 [main] INFO  server.RaftServerConfigKeys (ConfUtils.java:logGet(43)) - raft.server.log.appender.buffer.byte-limit = 33554432 (custom)
2019-09-20 08:30:20,929 [main] INFO  server.GrpcService (ConfUtils.java:logGet(43)) - raft.grpc.flow.control.window = 1MB (=1048576) (default)
2019-09-20 08:30:20,931 [main] INFO  server.RaftServerConfigKeys (ConfUtils.java:logGet(43)) - raft.server.rpc.request.timeout = 3000ms (default)
2019-09-20 08:30:21,135 [main] INFO  server.RaftServerConfigKeys (ConfUtils.java:logGet(43)) - raft.server.storage.dir = [/workdir/hadoop-ozone/tools/target/test-dir/MiniOzoneClusterImpl-27b2788d-4a5e-4768-9652-b88d14ddf2e4/datanode-0/data/ratis] (custom)
2019-09-20 08:30:21,182 [main] INFO  replication.SimpleContainerDownloader (SimpleContainerDownloader.java:<init>(72)) - Starting container downloader service to copy containers to replicate.
2019-09-20 08:30:21,200 [main] INFO  hdfs.DFSUtil (DFSUtil.java:httpServerTemplateForNNAndJN(1641)) - Starting Web-server for hddsDatanode at: http://0.0.0.0:0
2019-09-20 08:30:21,203 [main] INFO  server.AuthenticationFilter (AuthenticationFilter.java:constructSecretProvider(240)) - Unable to initialize FileSignerSecretProvider, falling back to use random secrets.
2019-09-20 08:30:21,204 [main] WARN  http.HttpRequestLog (HttpRequestLog.java:getRequestLog(97)) - Jetty request log can only be enabled using Log4j
2019-09-20 08:30:21,208 [main] INFO  http.HttpServer2 (HttpServer2.java:addGlobalFilter(975)) - Added global filter 'safety' (class=org.apache.hadoop.http.HttpServer2$QuotingInputFilter)
2019-09-20 08:30:21,210 [main] INFO  http.HttpServer2 (HttpServer2.java:addFilter(948)) - Added filter static_user_filter (class=org.apache.hadoop.http.lib.StaticUserWebFilter$StaticUserFilter) to context hddsDatanode
2019-09-20 08:30:21,210 [main] INFO  http.HttpServer2 (HttpServer2.java:addFilter(958)) - Added filter static_user_filter (class=org.apache.hadoop.http.lib.StaticUserWebFilter$StaticUserFilter) to context logs
2019-09-20 08:30:21,211 [main] INFO  http.HttpServer2 (HttpServer2.java:addFilter(958)) - Added filter static_user_filter (class=org.apache.hadoop.http.lib.StaticUserWebFilter$StaticUserFilter) to context static
2019-09-20 08:30:21,212 [main] INFO  http.HttpServer2 (HttpServer2.java:bindListener(1191)) - Jetty bound to port 35048
2019-09-20 08:30:21,212 [main] INFO  server.Server (Server.java:doStart(351)) - jetty-9.3.24.v20180605, build timestamp: 2018-06-05T17:11:56Z, git hash: 84205aa28f11a4f31f2a3b86d1bba2cc8ab69827
2019-09-20 08:30:21,216 [main] INFO  handler.ContextHandler (ContextHandler.java:doStart(781)) - Started o.e.j.s.ServletContextHandler@75d982d3{/logs,file:///workdir/hadoop-ozone/tools/target/log,AVAILABLE}
2019-09-20 08:30:21,217 [main] INFO  handler.ContextHandler (ContextHandler.java:doStart(781)) - Started o.e.j.s.ServletContextHandler@618ff5c2{/static,jar:file:/home/user/.m2/repository/org/apache/hadoop/hadoop-hdds-container-service/0.5.0-SNAPSHOT/hadoop-hdds-container-service-0.5.0-SNAPSHOT.jar!/webapps/static,AVAILABLE}
2019-09-20 08:30:21,263 [main] INFO  handler.ContextHandler (ContextHandler.java:doStart(781)) - Started o.e.j.w.WebAppContext@74ea46e2{/,file:///tmp/jetty-0.0.0.0-35048-hddsDatanode-_-any-6840953308799869432.dir/webapp/,AVAILABLE}{/hddsDatanode}
2019-09-20 08:30:21,264 [main] INFO  server.AbstractConnector (AbstractConnector.java:doStart(278)) - Started ServerConnector@6f911326{HTTP/1.1,[http/1.1]}{0.0.0.0:35048}
2019-09-20 08:30:21,266 [main] INFO  server.Server (Server.java:doStart(419)) - Started @5930ms
2019-09-20 08:30:21,267 [main] INFO  server.BaseHttpServer (BaseHttpServer.java:updateConnectorAddress(213)) - HTTP server of HDDSDATANODE is listening at http://0.0.0.0:35048
2019-09-20 08:30:22,399 | INFO  | ObjectStoreRestHttpServer | Listening HDDS REST traffic on /0.0.0.0:37684 |  
2019-09-20 08:30:22,402 [main] INFO  ozone.HddsDatanodeService (HddsDatanodeService.java:startPlugins(395)) - Started plug-in org.apache.hadoop.ozone.web.OzoneHddsDatanodeService@644d1b61
2019-09-20 08:30:22,404 [main] INFO  impl.MetricsSystemImpl (MetricsSystemImpl.java:init(158)) - HddsDatanode metrics system started (again)
2019-09-20 08:30:22,409 [main] INFO  ozone.HddsDatanodeService (HddsDatanodeService.java:start(184)) - HddsDatanodeService host:pr-hdds-1569-6tbh6-3362816358 ip:192.168.34.27
2019-09-20 08:30:22,410 [org.apache.hadoop.util.JvmPauseMonitor$Monitor@29abda3c] INFO  util.JvmPauseMonitor (JvmPauseMonitor.java:run(188)) - Starting JVM pause monitor
2019-09-20 08:30:22,420 [main] INFO  volume.HddsVolume (HddsVolume.java:<init>(176)) - Creating Volume: /workdir/hadoop-ozone/tools/target/test-dir/MiniOzoneClusterImpl-27b2788d-4a5e-4768-9652-b88d14ddf2e4/datanode-1/data/containers/hdds of  storage type : DISK and capacity : 1482555576320
2019-09-20 08:30:22,420 [main] INFO  volume.VolumeSet (VolumeSet.java:initializeVolumeSet(170)) - Added Volume : /workdir/hadoop-ozone/tools/target/test-dir/MiniOzoneClusterImpl-27b2788d-4a5e-4768-9652-b88d14ddf2e4/datanode-1/data/containers/hdds to VolumeSet
2019-09-20 08:30:22,421 [main] INFO  volume.ThrottledAsyncChecker (ThrottledAsyncChecker.java:schedule(140)) - Scheduling a check for org.apache.hadoop.ozone.container.common.volume.HddsVolume@6371cf2f
2019-09-20 08:30:22,422 [main] INFO  volume.HddsVolumeChecker (HddsVolumeChecker.java:checkAllVolumes(203)) - Scheduled health check for volume org.apache.hadoop.ozone.container.common.volume.HddsVolume@6371cf2f
2019-09-20 08:30:22,447 [main] INFO  impl.RaftServerProxy (ConfUtils.java:logGet(43)) - raft.rpc.type = GRPC (default)
2019-09-20 08:30:22,447 [main] INFO  grpc.GrpcFactory (GrpcFactory.java:checkPooledByteBufAllocatorUseCacheForAllThreads(45)) - PERFORMANCE WARNING: useCacheForAllThreads is true that may cause Netty to create a lot garbage objects and, as a result, trigger GC.
	It is recommended to disable useCacheForAllThreads by setting -Dorg.apache.ratis.thirdparty.io.netty.allocator.useCacheForAllThreads=false in command line.
2019-09-20 08:30:22,448 [main] INFO  grpc.GrpcConfigKeys$Server (ConfUtils.java:logGet(43)) - raft.grpc.server.port = 0 (default)
2019-09-20 08:30:22,448 [main] INFO  server.GrpcService (ConfUtils.java:logGet(43)) - raft.grpc.message.size.max = 33570816 (custom)
2019-09-20 08:30:22,448 [main] INFO  server.RaftServerConfigKeys (ConfUtils.java:logGet(43)) - raft.server.log.appender.buffer.byte-limit = 33554432 (custom)
2019-09-20 08:30:22,449 [main] INFO  server.GrpcService (ConfUtils.java:logGet(43)) - raft.grpc.flow.control.window = 1MB (=1048576) (default)
2019-09-20 08:30:22,449 [main] INFO  server.RaftServerConfigKeys (ConfUtils.java:logGet(43)) - raft.server.rpc.request.timeout = 3000ms (default)
2019-09-20 08:30:22,450 [main] INFO  server.RaftServerConfigKeys (ConfUtils.java:logGet(43)) - raft.server.storage.dir = [/workdir/hadoop-ozone/tools/target/test-dir/MiniOzoneClusterImpl-27b2788d-4a5e-4768-9652-b88d14ddf2e4/datanode-1/data/ratis] (custom)
2019-09-20 08:30:22,450 [main] INFO  replication.SimpleContainerDownloader (SimpleContainerDownloader.java:<init>(72)) - Starting container downloader service to copy containers to replicate.
2019-09-20 08:30:22,452 [main] INFO  hdfs.DFSUtil (DFSUtil.java:httpServerTemplateForNNAndJN(1641)) - Starting Web-server for hddsDatanode at: http://0.0.0.0:0
2019-09-20 08:30:22,454 [main] INFO  server.AuthenticationFilter (AuthenticationFilter.java:constructSecretProvider(240)) - Unable to initialize FileSignerSecretProvider, falling back to use random secrets.
2019-09-20 08:30:22,456 [main] WARN  http.HttpRequestLog (HttpRequestLog.java:getRequestLog(97)) - Jetty request log can only be enabled using Log4j
2019-09-20 08:30:22,458 [main] INFO  http.HttpServer2 (HttpServer2.java:addGlobalFilter(975)) - Added global filter 'safety' (class=org.apache.hadoop.http.HttpServer2$QuotingInputFilter)
2019-09-20 08:30:22,459 [main] INFO  http.HttpServer2 (HttpServer2.java:addFilter(948)) - Added filter static_user_filter (class=org.apache.hadoop.http.lib.StaticUserWebFilter$StaticUserFilter) to context hddsDatanode
2019-09-20 08:30:22,460 [main] INFO  http.HttpServer2 (HttpServer2.java:addFilter(958)) - Added filter static_user_filter (class=org.apache.hadoop.http.lib.StaticUserWebFilter$StaticUserFilter) to context logs
2019-09-20 08:30:22,460 [main] INFO  http.HttpServer2 (HttpServer2.java:addFilter(958)) - Added filter static_user_filter (class=org.apache.hadoop.http.lib.StaticUserWebFilter$StaticUserFilter) to context static
2019-09-20 08:30:22,461 [main] INFO  http.HttpServer2 (HttpServer2.java:bindListener(1191)) - Jetty bound to port 33728
2019-09-20 08:30:22,461 [main] INFO  server.Server (Server.java:doStart(351)) - jetty-9.3.24.v20180605, build timestamp: 2018-06-05T17:11:56Z, git hash: 84205aa28f11a4f31f2a3b86d1bba2cc8ab69827
2019-09-20 08:30:22,465 [main] INFO  handler.ContextHandler (ContextHandler.java:doStart(781)) - Started o.e.j.s.ServletContextHandler@3b97907c{/logs,file:///workdir/hadoop-ozone/tools/target/log,AVAILABLE}
2019-09-20 08:30:22,466 [main] INFO  handler.ContextHandler (ContextHandler.java:doStart(781)) - Started o.e.j.s.ServletContextHandler@631c6d11{/static,jar:file:/home/user/.m2/repository/org/apache/hadoop/hadoop-hdds-container-service/0.5.0-SNAPSHOT/hadoop-hdds-container-service-0.5.0-SNAPSHOT.jar!/webapps/static,AVAILABLE}
2019-09-20 08:30:22,507 [main] INFO  handler.ContextHandler (ContextHandler.java:doStart(781)) - Started o.e.j.w.WebAppContext@61608e1a{/,file:///tmp/jetty-0.0.0.0-33728-hddsDatanode-_-any-2418154316337939085.dir/webapp/,AVAILABLE}{/hddsDatanode}
2019-09-20 08:30:22,508 [main] INFO  server.AbstractConnector (AbstractConnector.java:doStart(278)) - Started ServerConnector@7c46c9c3{HTTP/1.1,[http/1.1]}{0.0.0.0:33728}
2019-09-20 08:30:22,508 [main] INFO  server.Server (Server.java:doStart(419)) - Started @7174ms
2019-09-20 08:30:22,510 [main] INFO  server.BaseHttpServer (BaseHttpServer.java:updateConnectorAddress(213)) - HTTP server of HDDSDATANODE is listening at http://0.0.0.0:33728
2019-09-20 08:30:22,527 [Datanode State Machine Thread - 0] INFO  datanode.InitDatanodeState (InitDatanodeState.java:persistContainerDatanodeDetails(140)) - DatanodeDetails is persisted to /workdir/hadoop-ozone/tools/target/test-dir/MiniOzoneClusterImpl-27b2788d-4a5e-4768-9652-b88d14ddf2e4/datanode-0/meta/datanode.id
2019-09-20 08:30:22,699 | INFO  | ObjectStoreRestHttpServer | Listening HDDS REST traffic on /0.0.0.0:42399 |  
2019-09-20 08:30:22,700 [main] INFO  ozone.HddsDatanodeService (HddsDatanodeService.java:startPlugins(395)) - Started plug-in org.apache.hadoop.ozone.web.OzoneHddsDatanodeService@12fcb2c3
2019-09-20 08:30:22,700 [main] INFO  impl.MetricsSystemImpl (MetricsSystemImpl.java:init(158)) - HddsDatanode metrics system started (again)
2019-09-20 08:30:22,703 [main] INFO  ozone.HddsDatanodeService (HddsDatanodeService.java:start(184)) - HddsDatanodeService host:pr-hdds-1569-6tbh6-3362816358 ip:192.168.34.27
2019-09-20 08:30:22,703 [org.apache.hadoop.util.JvmPauseMonitor$Monitor@7d733d9b] INFO  util.JvmPauseMonitor (JvmPauseMonitor.java:run(188)) - Starting JVM pause monitor
2019-09-20 08:30:22,714 [main] INFO  volume.HddsVolume (HddsVolume.java:<init>(176)) - Creating Volume: /workdir/hadoop-ozone/tools/target/test-dir/MiniOzoneClusterImpl-27b2788d-4a5e-4768-9652-b88d14ddf2e4/datanode-2/data/containers/hdds of  storage type : DISK and capacity : 1482555576320
2019-09-20 08:30:22,714 [main] INFO  volume.VolumeSet (VolumeSet.java:initializeVolumeSet(170)) - Added Volume : /workdir/hadoop-ozone/tools/target/test-dir/MiniOzoneClusterImpl-27b2788d-4a5e-4768-9652-b88d14ddf2e4/datanode-2/data/containers/hdds to VolumeSet
2019-09-20 08:30:22,715 [main] INFO  volume.ThrottledAsyncChecker (ThrottledAsyncChecker.java:schedule(140)) - Scheduling a check for org.apache.hadoop.ozone.container.common.volume.HddsVolume@474749b8
2019-09-20 08:30:22,715 [Datanode State Machine Thread - 0] INFO  datanode.InitDatanodeState (InitDatanodeState.java:persistContainerDatanodeDetails(140)) - DatanodeDetails is persisted to /workdir/hadoop-ozone/tools/target/test-dir/MiniOzoneClusterImpl-27b2788d-4a5e-4768-9652-b88d14ddf2e4/datanode-1/meta/datanode.id
2019-09-20 08:30:22,716 [main] INFO  volume.HddsVolumeChecker (HddsVolumeChecker.java:checkAllVolumes(203)) - Scheduled health check for volume org.apache.hadoop.ozone.container.common.volume.HddsVolume@474749b8
2019-09-20 08:30:22,733 [main] INFO  impl.RaftServerProxy (ConfUtils.java:logGet(43)) - raft.rpc.type = GRPC (default)
2019-09-20 08:30:22,733 [main] INFO  grpc.GrpcFactory (GrpcFactory.java:checkPooledByteBufAllocatorUseCacheForAllThreads(45)) - PERFORMANCE WARNING: useCacheForAllThreads is true that may cause Netty to create a lot garbage objects and, as a result, trigger GC.
	It is recommended to disable useCacheForAllThreads by setting -Dorg.apache.ratis.thirdparty.io.netty.allocator.useCacheForAllThreads=false in command line.
2019-09-20 08:30:22,733 [main] INFO  grpc.GrpcConfigKeys$Server (ConfUtils.java:logGet(43)) - raft.grpc.server.port = 0 (default)
2019-09-20 08:30:22,734 [main] INFO  server.GrpcService (ConfUtils.java:logGet(43)) - raft.grpc.message.size.max = 33570816 (custom)
2019-09-20 08:30:22,734 [main] INFO  server.RaftServerConfigKeys (ConfUtils.java:logGet(43)) - raft.server.log.appender.buffer.byte-limit = 33554432 (custom)
2019-09-20 08:30:22,734 [main] INFO  server.GrpcService (ConfUtils.java:logGet(43)) - raft.grpc.flow.control.window = 1MB (=1048576) (default)
2019-09-20 08:30:22,734 [main] INFO  server.RaftServerConfigKeys (ConfUtils.java:logGet(43)) - raft.server.rpc.request.timeout = 3000ms (default)
2019-09-20 08:30:22,735 [main] INFO  server.RaftServerConfigKeys (ConfUtils.java:logGet(43)) - raft.server.storage.dir = [/workdir/hadoop-ozone/tools/target/test-dir/MiniOzoneClusterImpl-27b2788d-4a5e-4768-9652-b88d14ddf2e4/datanode-2/data/ratis] (custom)
2019-09-20 08:30:22,736 [main] INFO  replication.SimpleContainerDownloader (SimpleContainerDownloader.java:<init>(72)) - Starting container downloader service to copy containers to replicate.
2019-09-20 08:30:22,737 [main] INFO  hdfs.DFSUtil (DFSUtil.java:httpServerTemplateForNNAndJN(1641)) - Starting Web-server for hddsDatanode at: http://0.0.0.0:0
2019-09-20 08:30:22,738 [main] INFO  server.AuthenticationFilter (AuthenticationFilter.java:constructSecretProvider(240)) - Unable to initialize FileSignerSecretProvider, falling back to use random secrets.
2019-09-20 08:30:22,738 [main] WARN  http.HttpRequestLog (HttpRequestLog.java:getRequestLog(97)) - Jetty request log can only be enabled using Log4j
2019-09-20 08:30:22,740 [main] INFO  http.HttpServer2 (HttpServer2.java:addGlobalFilter(975)) - Added global filter 'safety' (class=org.apache.hadoop.http.HttpServer2$QuotingInputFilter)
2019-09-20 08:30:22,740 [main] INFO  http.HttpServer2 (HttpServer2.java:addFilter(948)) - Added filter static_user_filter (class=org.apache.hadoop.http.lib.StaticUserWebFilter$StaticUserFilter) to context hddsDatanode
2019-09-20 08:30:22,741 [main] INFO  http.HttpServer2 (HttpServer2.java:addFilter(958)) - Added filter static_user_filter (class=org.apache.hadoop.http.lib.StaticUserWebFilter$StaticUserFilter) to context logs
2019-09-20 08:30:22,741 [main] INFO  http.HttpServer2 (HttpServer2.java:addFilter(958)) - Added filter static_user_filter (class=org.apache.hadoop.http.lib.StaticUserWebFilter$StaticUserFilter) to context static
2019-09-20 08:30:22,741 [main] INFO  http.HttpServer2 (HttpServer2.java:bindListener(1191)) - Jetty bound to port 33787
2019-09-20 08:30:22,742 [main] INFO  server.Server (Server.java:doStart(351)) - jetty-9.3.24.v20180605, build timestamp: 2018-06-05T17:11:56Z, git hash: 84205aa28f11a4f31f2a3b86d1bba2cc8ab69827
2019-09-20 08:30:22,744 [main] INFO  handler.ContextHandler (ContextHandler.java:doStart(781)) - Started o.e.j.s.ServletContextHandler@5db948c9{/logs,file:///workdir/hadoop-ozone/tools/target/log,AVAILABLE}
2019-09-20 08:30:22,744 [main] INFO  handler.ContextHandler (ContextHandler.java:doStart(781)) - Started o.e.j.s.ServletContextHandler@357c9bd9{/static,jar:file:/home/user/.m2/repository/org/apache/hadoop/hadoop-hdds-container-service/0.5.0-SNAPSHOT/hadoop-hdds-container-service-0.5.0-SNAPSHOT.jar!/webapps/static,AVAILABLE}
2019-09-20 08:30:22,780 [main] INFO  handler.ContextHandler (ContextHandler.java:doStart(781)) - Started o.e.j.w.WebAppContext@3a3b10f4{/,file:///tmp/jetty-0.0.0.0-33787-hddsDatanode-_-any-2646961407692667566.dir/webapp/,AVAILABLE}{/hddsDatanode}
2019-09-20 08:30:22,781 [main] INFO  server.AbstractConnector (AbstractConnector.java:doStart(278)) - Started ServerConnector@49580ca8{HTTP/1.1,[http/1.1]}{0.0.0.0:33787}
2019-09-20 08:30:22,782 [main] INFO  server.Server (Server.java:doStart(419)) - Started @7447ms
2019-09-20 08:30:22,784 [main] INFO  server.BaseHttpServer (BaseHttpServer.java:updateConnectorAddress(213)) - HTTP server of HDDSDATANODE is listening at http://0.0.0.0:33787
2019-09-20 08:30:22,932 | INFO  | ObjectStoreRestHttpServer | Listening HDDS REST traffic on /0.0.0.0:34708 |  
2019-09-20 08:30:22,933 [main] INFO  ozone.HddsDatanodeService (HddsDatanodeService.java:startPlugins(395)) - Started plug-in org.apache.hadoop.ozone.web.OzoneHddsDatanodeService@637c840d
2019-09-20 08:30:22,933 [main] INFO  impl.MetricsSystemImpl (MetricsSystemImpl.java:init(158)) - HddsDatanode metrics system started (again)
2019-09-20 08:30:22,936 [main] INFO  ozone.HddsDatanodeService (HddsDatanodeService.java:start(184)) - HddsDatanodeService host:pr-hdds-1569-6tbh6-3362816358 ip:192.168.34.27
2019-09-20 08:30:22,937 [org.apache.hadoop.util.JvmPauseMonitor$Monitor@43fa4958] INFO  util.JvmPauseMonitor (JvmPauseMonitor.java:run(188)) - Starting JVM pause monitor
2019-09-20 08:30:22,939 [Datanode State Machine Thread - 0] INFO  datanode.InitDatanodeState (InitDatanodeState.java:persistContainerDatanodeDetails(140)) - DatanodeDetails is persisted to /workdir/hadoop-ozone/tools/target/test-dir/MiniOzoneClusterImpl-27b2788d-4a5e-4768-9652-b88d14ddf2e4/datanode-2/meta/datanode.id
2019-09-20 08:30:22,943 [main] INFO  volume.HddsVolume (HddsVolume.java:<init>(176)) - Creating Volume: /workdir/hadoop-ozone/tools/target/test-dir/MiniOzoneClusterImpl-27b2788d-4a5e-4768-9652-b88d14ddf2e4/datanode-3/data/containers/hdds of  storage type : DISK and capacity : 1482555576320
2019-09-20 08:30:22,944 [main] INFO  volume.VolumeSet (VolumeSet.java:initializeVolumeSet(170)) - Added Volume : /workdir/hadoop-ozone/tools/target/test-dir/MiniOzoneClusterImpl-27b2788d-4a5e-4768-9652-b88d14ddf2e4/datanode-3/data/containers/hdds to VolumeSet
2019-09-20 08:30:22,944 [main] INFO  volume.ThrottledAsyncChecker (ThrottledAsyncChecker.java:schedule(140)) - Scheduling a check for org.apache.hadoop.ozone.container.common.volume.HddsVolume@615db358
2019-09-20 08:30:22,944 [main] INFO  volume.HddsVolumeChecker (HddsVolumeChecker.java:checkAllVolumes(203)) - Scheduled health check for volume org.apache.hadoop.ozone.container.common.volume.HddsVolume@615db358
2019-09-20 08:30:22,960 [main] INFO  impl.RaftServerProxy (ConfUtils.java:logGet(43)) - raft.rpc.type = GRPC (default)
2019-09-20 08:30:22,960 [main] INFO  grpc.GrpcFactory (GrpcFactory.java:checkPooledByteBufAllocatorUseCacheForAllThreads(45)) - PERFORMANCE WARNING: useCacheForAllThreads is true that may cause Netty to create a lot garbage objects and, as a result, trigger GC.
	It is recommended to disable useCacheForAllThreads by setting -Dorg.apache.ratis.thirdparty.io.netty.allocator.useCacheForAllThreads=false in command line.
2019-09-20 08:30:22,960 [main] INFO  grpc.GrpcConfigKeys$Server (ConfUtils.java:logGet(43)) - raft.grpc.server.port = 0 (default)
2019-09-20 08:30:22,961 [main] INFO  server.GrpcService (ConfUtils.java:logGet(43)) - raft.grpc.message.size.max = 33570816 (custom)
2019-09-20 08:30:22,961 [main] INFO  server.RaftServerConfigKeys (ConfUtils.java:logGet(43)) - raft.server.log.appender.buffer.byte-limit = 33554432 (custom)
2019-09-20 08:30:22,961 [main] INFO  server.GrpcService (ConfUtils.java:logGet(43)) - raft.grpc.flow.control.window = 1MB (=1048576) (default)
2019-09-20 08:30:22,961 [main] INFO  server.RaftServerConfigKeys (ConfUtils.java:logGet(43)) - raft.server.rpc.request.timeout = 3000ms (default)
2019-09-20 08:30:22,962 [main] INFO  server.RaftServerConfigKeys (ConfUtils.java:logGet(43)) - raft.server.storage.dir = [/workdir/hadoop-ozone/tools/target/test-dir/MiniOzoneClusterImpl-27b2788d-4a5e-4768-9652-b88d14ddf2e4/datanode-3/data/ratis] (custom)
2019-09-20 08:30:22,962 [main] INFO  replication.SimpleContainerDownloader (SimpleContainerDownloader.java:<init>(72)) - Starting container downloader service to copy containers to replicate.
2019-09-20 08:30:22,963 [main] INFO  hdfs.DFSUtil (DFSUtil.java:httpServerTemplateForNNAndJN(1641)) - Starting Web-server for hddsDatanode at: http://0.0.0.0:0
2019-09-20 08:30:22,965 [main] INFO  server.AuthenticationFilter (AuthenticationFilter.java:constructSecretProvider(240)) - Unable to initialize FileSignerSecretProvider, falling back to use random secrets.
2019-09-20 08:30:22,965 [main] WARN  http.HttpRequestLog (HttpRequestLog.java:getRequestLog(97)) - Jetty request log can only be enabled using Log4j
2019-09-20 08:30:22,967 [main] INFO  http.HttpServer2 (HttpServer2.java:addGlobalFilter(975)) - Added global filter 'safety' (class=org.apache.hadoop.http.HttpServer2$QuotingInputFilter)
2019-09-20 08:30:22,967 [main] INFO  http.HttpServer2 (HttpServer2.java:addFilter(948)) - Added filter static_user_filter (class=org.apache.hadoop.http.lib.StaticUserWebFilter$StaticUserFilter) to context hddsDatanode
2019-09-20 08:30:22,968 [main] INFO  http.HttpServer2 (HttpServer2.java:addFilter(958)) - Added filter static_user_filter (class=org.apache.hadoop.http.lib.StaticUserWebFilter$StaticUserFilter) to context logs
2019-09-20 08:30:22,968 [main] INFO  http.HttpServer2 (HttpServer2.java:addFilter(958)) - Added filter static_user_filter (class=org.apache.hadoop.http.lib.StaticUserWebFilter$StaticUserFilter) to context static
2019-09-20 08:30:22,968 [main] INFO  http.HttpServer2 (HttpServer2.java:bindListener(1191)) - Jetty bound to port 44775
2019-09-20 08:30:22,969 [main] INFO  server.Server (Server.java:doStart(351)) - jetty-9.3.24.v20180605, build timestamp: 2018-06-05T17:11:56Z, git hash: 84205aa28f11a4f31f2a3b86d1bba2cc8ab69827
2019-09-20 08:30:22,972 [main] INFO  handler.ContextHandler (ContextHandler.java:doStart(781)) - Started o.e.j.s.ServletContextHandler@de77146{/logs,file:///workdir/hadoop-ozone/tools/target/log,AVAILABLE}
2019-09-20 08:30:22,973 [main] INFO  handler.ContextHandler (ContextHandler.java:doStart(781)) - Started o.e.j.s.ServletContextHandler@5cfed0ba{/static,jar:file:/home/user/.m2/repository/org/apache/hadoop/hadoop-hdds-container-service/0.5.0-SNAPSHOT/hadoop-hdds-container-service-0.5.0-SNAPSHOT.jar!/webapps/static,AVAILABLE}
2019-09-20 08:30:23,000 [main] INFO  handler.ContextHandler (ContextHandler.java:doStart(781)) - Started o.e.j.w.WebAppContext@6de43bc1{/,file:///tmp/jetty-0.0.0.0-44775-hddsDatanode-_-any-5896111832180588855.dir/webapp/,AVAILABLE}{/hddsDatanode}
2019-09-20 08:30:23,001 [main] INFO  server.AbstractConnector (AbstractConnector.java:doStart(278)) - Started ServerConnector@27a9f025{HTTP/1.1,[http/1.1]}{0.0.0.0:44775}
2019-09-20 08:30:23,002 [main] INFO  server.Server (Server.java:doStart(419)) - Started @7667ms
2019-09-20 08:30:23,002 [main] INFO  server.BaseHttpServer (BaseHttpServer.java:updateConnectorAddress(213)) - HTTP server of HDDSDATANODE is listening at http://0.0.0.0:44775
2019-09-20 08:30:23,147 | INFO  | ObjectStoreRestHttpServer | Listening HDDS REST traffic on /0.0.0.0:37394 |  
2019-09-20 08:30:23,147 [main] INFO  ozone.HddsDatanodeService (HddsDatanodeService.java:startPlugins(395)) - Started plug-in org.apache.hadoop.ozone.web.OzoneHddsDatanodeService@50e5032c
2019-09-20 08:30:23,148 [main] INFO  impl.MetricsSystemImpl (MetricsSystemImpl.java:init(158)) - HddsDatanode metrics system started (again)
2019-09-20 08:30:23,151 [org.apache.hadoop.util.JvmPauseMonitor$Monitor@6a8b390b] INFO  util.JvmPauseMonitor (JvmPauseMonitor.java:run(188)) - Starting JVM pause monitor
2019-09-20 08:30:23,151 [main] INFO  ozone.HddsDatanodeService (HddsDatanodeService.java:start(184)) - HddsDatanodeService host:pr-hdds-1569-6tbh6-3362816358 ip:192.168.34.27
2019-09-20 08:30:23,154 [Datanode State Machine Thread - 0] INFO  datanode.InitDatanodeState (InitDatanodeState.java:persistContainerDatanodeDetails(140)) - DatanodeDetails is persisted to /workdir/hadoop-ozone/tools/target/test-dir/MiniOzoneClusterImpl-27b2788d-4a5e-4768-9652-b88d14ddf2e4/datanode-3/meta/datanode.id
2019-09-20 08:30:23,158 [main] INFO  volume.HddsVolume (HddsVolume.java:<init>(176)) - Creating Volume: /workdir/hadoop-ozone/tools/target/test-dir/MiniOzoneClusterImpl-27b2788d-4a5e-4768-9652-b88d14ddf2e4/datanode-4/data/containers/hdds of  storage type : DISK and capacity : 1482555576320
2019-09-20 08:30:23,158 [main] INFO  volume.VolumeSet (VolumeSet.java:initializeVolumeSet(170)) - Added Volume : /workdir/hadoop-ozone/tools/target/test-dir/MiniOzoneClusterImpl-27b2788d-4a5e-4768-9652-b88d14ddf2e4/datanode-4/data/containers/hdds to VolumeSet
2019-09-20 08:30:23,158 [main] INFO  volume.ThrottledAsyncChecker (ThrottledAsyncChecker.java:schedule(140)) - Scheduling a check for org.apache.hadoop.ozone.container.common.volume.HddsVolume@284990de
2019-09-20 08:30:23,159 [main] INFO  volume.HddsVolumeChecker (HddsVolumeChecker.java:checkAllVolumes(203)) - Scheduled health check for volume org.apache.hadoop.ozone.container.common.volume.HddsVolume@284990de
2019-09-20 08:30:23,174 [main] INFO  impl.RaftServerProxy (ConfUtils.java:logGet(43)) - raft.rpc.type = GRPC (default)
2019-09-20 08:30:23,175 [main] INFO  grpc.GrpcFactory (GrpcFactory.java:checkPooledByteBufAllocatorUseCacheForAllThreads(45)) - PERFORMANCE WARNING: useCacheForAllThreads is true that may cause Netty to create a lot garbage objects and, as a result, trigger GC.
	It is recommended to disable useCacheForAllThreads by setting -Dorg.apache.ratis.thirdparty.io.netty.allocator.useCacheForAllThreads=false in command line.
2019-09-20 08:30:23,175 [main] INFO  grpc.GrpcConfigKeys$Server (ConfUtils.java:logGet(43)) - raft.grpc.server.port = 0 (default)
2019-09-20 08:30:23,175 [main] INFO  server.GrpcService (ConfUtils.java:logGet(43)) - raft.grpc.message.size.max = 33570816 (custom)
2019-09-20 08:30:23,175 [main] INFO  server.RaftServerConfigKeys (ConfUtils.java:logGet(43)) - raft.server.log.appender.buffer.byte-limit = 33554432 (custom)
2019-09-20 08:30:23,175 [main] INFO  server.GrpcService (ConfUtils.java:logGet(43)) - raft.grpc.flow.control.window = 1MB (=1048576) (default)
2019-09-20 08:30:23,176 [main] INFO  server.RaftServerConfigKeys (ConfUtils.java:logGet(43)) - raft.server.rpc.request.timeout = 3000ms (default)
2019-09-20 08:30:23,176 [main] INFO  server.RaftServerConfigKeys (ConfUtils.java:logGet(43)) - raft.server.storage.dir = [/workdir/hadoop-ozone/tools/target/test-dir/MiniOzoneClusterImpl-27b2788d-4a5e-4768-9652-b88d14ddf2e4/datanode-4/data/ratis] (custom)
2019-09-20 08:30:23,177 [main] INFO  replication.SimpleContainerDownloader (SimpleContainerDownloader.java:<init>(72)) - Starting container downloader service to copy containers to replicate.
2019-09-20 08:30:23,178 [main] INFO  hdfs.DFSUtil (DFSUtil.java:httpServerTemplateForNNAndJN(1641)) - Starting Web-server for hddsDatanode at: http://0.0.0.0:0
2019-09-20 08:30:23,179 [main] INFO  server.AuthenticationFilter (AuthenticationFilter.java:constructSecretProvider(240)) - Unable to initialize FileSignerSecretProvider, falling back to use random secrets.
2019-09-20 08:30:23,180 [main] WARN  http.HttpRequestLog (HttpRequestLog.java:getRequestLog(97)) - Jetty request log can only be enabled using Log4j
2019-09-20 08:30:23,181 [main] INFO  http.HttpServer2 (HttpServer2.java:addGlobalFilter(975)) - Added global filter 'safety' (class=org.apache.hadoop.http.HttpServer2$QuotingInputFilter)
2019-09-20 08:30:23,182 [main] INFO  http.HttpServer2 (HttpServer2.java:addFilter(948)) - Added filter static_user_filter (class=org.apache.hadoop.http.lib.StaticUserWebFilter$StaticUserFilter) to context hddsDatanode
2019-09-20 08:30:23,182 [main] INFO  http.HttpServer2 (HttpServer2.java:addFilter(958)) - Added filter static_user_filter (class=org.apache.hadoop.http.lib.StaticUserWebFilter$StaticUserFilter) to context static
2019-09-20 08:30:23,182 [main] INFO  http.HttpServer2 (HttpServer2.java:addFilter(958)) - Added filter static_user_filter (class=org.apache.hadoop.http.lib.StaticUserWebFilter$StaticUserFilter) to context logs
2019-09-20 08:30:23,183 [main] INFO  http.HttpServer2 (HttpServer2.java:bindListener(1191)) - Jetty bound to port 32805
2019-09-20 08:30:23,183 [main] INFO  server.Server (Server.java:doStart(351)) - jetty-9.3.24.v20180605, build timestamp: 2018-06-05T17:11:56Z, git hash: 84205aa28f11a4f31f2a3b86d1bba2cc8ab69827
2019-09-20 08:30:23,185 [main] INFO  handler.ContextHandler (ContextHandler.java:doStart(781)) - Started o.e.j.s.ServletContextHandler@723742b2{/logs,file:///workdir/hadoop-ozone/tools/target/log,AVAILABLE}
2019-09-20 08:30:23,185 [main] INFO  handler.ContextHandler (ContextHandler.java:doStart(781)) - Started o.e.j.s.ServletContextHandler@34c76167{/static,jar:file:/home/user/.m2/repository/org/apache/hadoop/hadoop-hdds-container-service/0.5.0-SNAPSHOT/hadoop-hdds-container-service-0.5.0-SNAPSHOT.jar!/webapps/static,AVAILABLE}
2019-09-20 08:30:23,213 [main] INFO  handler.ContextHandler (ContextHandler.java:doStart(781)) - Started o.e.j.w.WebAppContext@4bc9ca97{/,file:///tmp/jetty-0.0.0.0-32805-hddsDatanode-_-any-1751407815004828385.dir/webapp/,AVAILABLE}{/hddsDatanode}
2019-09-20 08:30:23,213 [main] INFO  server.AbstractConnector (AbstractConnector.java:doStart(278)) - Started ServerConnector@3e43f049{HTTP/1.1,[http/1.1]}{0.0.0.0:32805}
2019-09-20 08:30:23,214 [main] INFO  server.Server (Server.java:doStart(419)) - Started @7880ms
2019-09-20 08:30:23,215 [main] INFO  server.BaseHttpServer (BaseHttpServer.java:updateConnectorAddress(213)) - HTTP server of HDDSDATANODE is listening at http://0.0.0.0:32805
2019-09-20 08:30:23,366 | INFO  | ObjectStoreRestHttpServer | Listening HDDS REST traffic on /0.0.0.0:33737 |  
2019-09-20 08:30:23,367 [main] INFO  ozone.HddsDatanodeService (HddsDatanodeService.java:startPlugins(395)) - Started plug-in org.apache.hadoop.ozone.web.OzoneHddsDatanodeService@7db5b890
2019-09-20 08:30:23,369 [main] INFO  ozone.MiniOzoneClusterImpl (MiniOzoneClusterImpl.java:lambda$waitForClusterToBeReady$0(142)) - Waiting for cluster to be ready. Got 0 of 5 DN Heartbeats.
2019-09-20 08:30:23,370 [org.apache.hadoop.util.JvmPauseMonitor$Monitor@1c490e8e] INFO  util.JvmPauseMonitor (JvmPauseMonitor.java:run(188)) - Starting JVM pause monitor
2019-09-20 08:30:23,372 [Datanode State Machine Thread - 0] INFO  datanode.InitDatanodeState (InitDatanodeState.java:persistContainerDatanodeDetails(140)) - DatanodeDetails is persisted to /workdir/hadoop-ozone/tools/target/test-dir/MiniOzoneClusterImpl-27b2788d-4a5e-4768-9652-b88d14ddf2e4/datanode-4/meta/datanode.id
2019-09-20 08:30:24,369 [main] INFO  ozone.MiniOzoneClusterImpl (MiniOzoneClusterImpl.java:lambda$waitForClusterToBeReady$0(142)) - Waiting for cluster to be ready. Got 0 of 5 DN Heartbeats.
2019-09-20 08:30:24,446 | INFO  | SCMAudit | user=jenkins1000 | ip=192.168.34.27 | op=GET_VERSION null | ret=SUCCESS |  
2019-09-20 08:30:24,490 [Datanode State Machine Thread - 0] INFO  ozoneimpl.OzoneContainer (OzoneContainer.java:start(186)) - Attempting to start container services.
2019-09-20 08:30:24,492 [Datanode State Machine Thread - 0] INFO  ozoneimpl.OzoneContainer (OzoneContainer.java:startContainerScrub(160)) - Background container scrubber has been disabled by hdds.containerscrub.enabled
2019-09-20 08:30:24,492 [Datanode State Machine Thread - 0] INFO  ratis.XceiverServerRatis (XceiverServerRatis.java:start(404)) - Starting XceiverServerRatis e1a187e5-d89a-47f2-b2bd-c6db4da75c05 at port 0
2019-09-20 08:30:24,517 [Datanode State Machine Thread - 0] INFO  impl.RaftServerProxy (RaftServerProxy.java:lambda$start$3(299)) - e1a187e5-d89a-47f2-b2bd-c6db4da75c05: start RPC server
2019-09-20 08:30:24,706 | INFO  | SCMAudit | user=jenkins1000 | ip=192.168.34.27 | op=GET_VERSION null | ret=SUCCESS |  
2019-09-20 08:30:24,720 [Datanode State Machine Thread - 0] INFO  ozoneimpl.OzoneContainer (OzoneContainer.java:start(186)) - Attempting to start container services.
2019-09-20 08:30:24,723 [Datanode State Machine Thread - 0] INFO  ozoneimpl.OzoneContainer (OzoneContainer.java:startContainerScrub(160)) - Background container scrubber has been disabled by hdds.containerscrub.enabled
2019-09-20 08:30:24,723 [Datanode State Machine Thread - 0] INFO  ratis.XceiverServerRatis (XceiverServerRatis.java:start(404)) - Starting XceiverServerRatis c8a425d5-130a-4202-9db9-9fe847e02d96 at port 0
2019-09-20 08:30:24,732 [Datanode State Machine Thread - 0] INFO  impl.RaftServerProxy (RaftServerProxy.java:lambda$start$3(299)) - c8a425d5-130a-4202-9db9-9fe847e02d96: start RPC server
2019-09-20 08:30:24,774 [Datanode State Machine Thread - 0] INFO  server.GrpcService (GrpcService.java:startImpl(149)) - c8a425d5-130a-4202-9db9-9fe847e02d96: GrpcService started, listening on 0.0.0.0/0.0.0.0:42231
2019-09-20 08:30:24,774 [Datanode State Machine Thread - 0] INFO  server.GrpcService (GrpcService.java:startImpl(149)) - e1a187e5-d89a-47f2-b2bd-c6db4da75c05: GrpcService started, listening on 0.0.0.0/0.0.0.0:38433
2019-09-20 08:30:24,776 [Datanode State Machine Thread - 0] INFO  ratis.XceiverServerRatis (XceiverServerRatis.java:start(414)) - XceiverServerRatis c8a425d5-130a-4202-9db9-9fe847e02d96 is started using port 42231
2019-09-20 08:30:24,776 [Datanode State Machine Thread - 0] INFO  ratis.XceiverServerRatis (XceiverServerRatis.java:start(414)) - XceiverServerRatis e1a187e5-d89a-47f2-b2bd-c6db4da75c05 is started using port 38433
2019-09-20 08:30:24,779 [Datanode State Machine Thread - 0] INFO  server.XceiverServerGrpc (XceiverServerGrpc.java:start(163)) - XceiverServerGrpc c8a425d5-130a-4202-9db9-9fe847e02d96 is started using port 44634
2019-09-20 08:30:24,779 [Datanode State Machine Thread - 0] INFO  server.XceiverServerGrpc (XceiverServerGrpc.java:start(163)) - XceiverServerGrpc e1a187e5-d89a-47f2-b2bd-c6db4da75c05 is started using port 46224
2019-09-20 08:30:24,940 | INFO  | SCMAudit | user=jenkins1000 | ip=192.168.34.27 | op=GET_VERSION null | ret=SUCCESS |  
2019-09-20 08:30:24,964 [Datanode State Machine Thread - 0] INFO  ozoneimpl.OzoneContainer (OzoneContainer.java:start(186)) - Attempting to start container services.
2019-09-20 08:30:24,966 [Datanode State Machine Thread - 0] INFO  ozoneimpl.OzoneContainer (OzoneContainer.java:startContainerScrub(160)) - Background container scrubber has been disabled by hdds.containerscrub.enabled
2019-09-20 08:30:24,966 [Datanode State Machine Thread - 0] INFO  ratis.XceiverServerRatis (XceiverServerRatis.java:start(404)) - Starting XceiverServerRatis 4e3bae72-6dec-40bd-99be-7c75f0b44aae at port 0
2019-09-20 08:30:24,974 [Datanode State Machine Thread - 0] INFO  impl.RaftServerProxy (RaftServerProxy.java:lambda$start$3(299)) - 4e3bae72-6dec-40bd-99be-7c75f0b44aae: start RPC server
2019-09-20 08:30:24,978 [Datanode State Machine Thread - 0] INFO  server.GrpcService (GrpcService.java:startImpl(149)) - 4e3bae72-6dec-40bd-99be-7c75f0b44aae: GrpcService started, listening on 0.0.0.0/0.0.0.0:33584
2019-09-20 08:30:24,978 [Datanode State Machine Thread - 0] INFO  ratis.XceiverServerRatis (XceiverServerRatis.java:start(414)) - XceiverServerRatis 4e3bae72-6dec-40bd-99be-7c75f0b44aae is started using port 33584
2019-09-20 08:30:24,981 [Datanode State Machine Thread - 0] INFO  server.XceiverServerGrpc (XceiverServerGrpc.java:start(163)) - XceiverServerGrpc 4e3bae72-6dec-40bd-99be-7c75f0b44aae is started using port 43156
2019-09-20 08:30:25,154 | INFO  | SCMAudit | user=jenkins1000 | ip=192.168.34.27 | op=GET_VERSION null | ret=SUCCESS |  
2019-09-20 08:30:25,180 [Datanode State Machine Thread - 0] INFO  ozoneimpl.OzoneContainer (OzoneContainer.java:start(186)) - Attempting to start container services.
2019-09-20 08:30:25,182 [Datanode State Machine Thread - 0] INFO  ozoneimpl.OzoneContainer (OzoneContainer.java:startContainerScrub(160)) - Background container scrubber has been disabled by hdds.containerscrub.enabled
2019-09-20 08:30:25,183 [Datanode State Machine Thread - 0] INFO  ratis.XceiverServerRatis (XceiverServerRatis.java:start(404)) - Starting XceiverServerRatis d2c36bd8-bad5-464c-8c6b-b124cc016412 at port 0
2019-09-20 08:30:25,191 [Datanode State Machine Thread - 0] INFO  impl.RaftServerProxy (RaftServerProxy.java:lambda$start$3(299)) - d2c36bd8-bad5-464c-8c6b-b124cc016412: start RPC server
2019-09-20 08:30:25,194 [Datanode State Machine Thread - 0] INFO  server.GrpcService (GrpcService.java:startImpl(149)) - d2c36bd8-bad5-464c-8c6b-b124cc016412: GrpcService started, listening on 0.0.0.0/0.0.0.0:36532
2019-09-20 08:30:25,194 [Datanode State Machine Thread - 0] INFO  ratis.XceiverServerRatis (XceiverServerRatis.java:start(414)) - XceiverServerRatis d2c36bd8-bad5-464c-8c6b-b124cc016412 is started using port 36532
2019-09-20 08:30:25,197 [Datanode State Machine Thread - 0] INFO  server.XceiverServerGrpc (XceiverServerGrpc.java:start(163)) - XceiverServerGrpc d2c36bd8-bad5-464c-8c6b-b124cc016412 is started using port 42855
2019-09-20 08:30:25,370 [main] INFO  ozone.MiniOzoneClusterImpl (MiniOzoneClusterImpl.java:lambda$waitForClusterToBeReady$0(142)) - Waiting for cluster to be ready. Got 0 of 5 DN Heartbeats.
2019-09-20 08:30:25,373 | INFO  | SCMAudit | user=jenkins1000 | ip=192.168.34.27 | op=GET_VERSION null | ret=SUCCESS |  
2019-09-20 08:30:25,389 [Datanode State Machine Thread - 0] INFO  ozoneimpl.OzoneContainer (OzoneContainer.java:start(186)) - Attempting to start container services.
2019-09-20 08:30:25,395 [Datanode State Machine Thread - 0] INFO  ozoneimpl.OzoneContainer (OzoneContainer.java:startContainerScrub(160)) - Background container scrubber has been disabled by hdds.containerscrub.enabled
2019-09-20 08:30:25,395 [Datanode State Machine Thread - 0] INFO  ratis.XceiverServerRatis (XceiverServerRatis.java:start(404)) - Starting XceiverServerRatis 6f5cd177-0d50-44f5-9dda-f28331356997 at port 0
2019-09-20 08:30:25,403 [Datanode State Machine Thread - 0] INFO  impl.RaftServerProxy (RaftServerProxy.java:lambda$start$3(299)) - 6f5cd177-0d50-44f5-9dda-f28331356997: start RPC server
2019-09-20 08:30:25,407 [Datanode State Machine Thread - 0] INFO  server.GrpcService (GrpcService.java:startImpl(149)) - 6f5cd177-0d50-44f5-9dda-f28331356997: GrpcService started, listening on 0.0.0.0/0.0.0.0:33265
2019-09-20 08:30:25,407 [Datanode State Machine Thread - 0] INFO  ratis.XceiverServerRatis (XceiverServerRatis.java:start(414)) - XceiverServerRatis 6f5cd177-0d50-44f5-9dda-f28331356997 is started using port 33265
2019-09-20 08:30:25,411 [Datanode State Machine Thread - 0] INFO  server.XceiverServerGrpc (XceiverServerGrpc.java:start(163)) - XceiverServerGrpc 6f5cd177-0d50-44f5-9dda-f28331356997 is started using port 34887
2019-09-20 08:30:26,371 [main] INFO  ozone.MiniOzoneClusterImpl (MiniOzoneClusterImpl.java:lambda$waitForClusterToBeReady$0(142)) - Waiting for cluster to be ready. Got 0 of 5 DN Heartbeats.
2019-09-20 08:30:26,457 [IPC Server handler 5 on 37845] INFO  net.NetworkTopology (NetworkTopologyImpl.java:add(110)) - Added a new node: /default-rack/e1a187e5-d89a-47f2-b2bd-c6db4da75c05
2019-09-20 08:30:26,457 [IPC Server handler 5 on 37845] INFO  node.SCMNodeManager (SCMNodeManager.java:register(273)) - Registered Data node : e1a187e5-d89a-47f2-b2bd-c6db4da75c05{ip: 192.168.34.27, host: pr-hdds-1569-6tbh6-3362816358, networkLocation: /default-rack, certSerialId: null}
2019-09-20 08:30:26,463 [EventQueue-NodeRegistrationContainerReportForDataNodeSafeModeRule] INFO  safemode.SCMSafeModeManager (DataNodeSafeModeRule.java:process(71)) - SCM in safe mode. 1 DataNodes registered, 1 required.
2019-09-20 08:30:26,464 [EventQueue-NodeRegistrationContainerReportForDataNodeSafeModeRule] INFO  safemode.SCMSafeModeManager (SCMSafeModeManager.java:validateSafeModeExitRules(177)) - ScmSafeModeManager, all rules are successfully validated
2019-09-20 08:30:26,464 [EventQueue-NodeRegistrationContainerReportForDataNodeSafeModeRule] INFO  safemode.SCMSafeModeManager (SCMSafeModeManager.java:exitSafeMode(193)) - SCM exiting safe mode.
2019-09-20 08:30:26,475 | INFO  | SCMAudit | user=jenkins1000 | ip=192.168.34.27 | op=REGISTER {datanodeDetails=e1a187e5-d89a-47f2-b2bd-c6db4da75c05{ip: 192.168.34.27, host: pr-hdds-1569-6tbh6-3362816358, networkLocation: /default-rack, certSerialId: null}} | ret=SUCCESS |  
2019-09-20 08:30:26,708 [IPC Server handler 1 on 37845] INFO  net.NetworkTopology (NetworkTopologyImpl.java:add(110)) - Added a new node: /default-rack/c8a425d5-130a-4202-9db9-9fe847e02d96
2019-09-20 08:30:26,708 [IPC Server handler 1 on 37845] INFO  node.SCMNodeManager (SCMNodeManager.java:register(273)) - Registered Data node : c8a425d5-130a-4202-9db9-9fe847e02d96{ip: 192.168.34.27, host: pr-hdds-1569-6tbh6-3362816358, networkLocation: /default-rack, certSerialId: null}
2019-09-20 08:30:26,709 | INFO  | SCMAudit | user=jenkins1000 | ip=192.168.34.27 | op=REGISTER {datanodeDetails=c8a425d5-130a-4202-9db9-9fe847e02d96{ip: 192.168.34.27, host: pr-hdds-1569-6tbh6-3362816358, networkLocation: /default-rack, certSerialId: null}} | ret=SUCCESS |  
2019-09-20 08:30:26,940 [IPC Server handler 2 on 37845] INFO  net.NetworkTopology (NetworkTopologyImpl.java:add(110)) - Added a new node: /default-rack/4e3bae72-6dec-40bd-99be-7c75f0b44aae
2019-09-20 08:30:26,941 [IPC Server handler 2 on 37845] INFO  node.SCMNodeManager (SCMNodeManager.java:register(273)) - Registered Data node : 4e3bae72-6dec-40bd-99be-7c75f0b44aae{ip: 192.168.34.27, host: pr-hdds-1569-6tbh6-3362816358, networkLocation: /default-rack, certSerialId: null}
2019-09-20 08:30:26,942 | INFO  | SCMAudit | user=jenkins1000 | ip=192.168.34.27 | op=REGISTER {datanodeDetails=4e3bae72-6dec-40bd-99be-7c75f0b44aae{ip: 192.168.34.27, host: pr-hdds-1569-6tbh6-3362816358, networkLocation: /default-rack, certSerialId: null}} | ret=SUCCESS |  
2019-09-20 08:30:27,354 [IPC Server handler 3 on 37845] INFO  net.NetworkTopology (NetworkTopologyImpl.java:add(110)) - Added a new node: /default-rack/d2c36bd8-bad5-464c-8c6b-b124cc016412
2019-09-20 08:30:27,355 [IPC Server handler 3 on 37845] INFO  node.SCMNodeManager (SCMNodeManager.java:register(273)) - Registered Data node : d2c36bd8-bad5-464c-8c6b-b124cc016412{ip: 192.168.34.27, host: pr-hdds-1569-6tbh6-3362816358, networkLocation: /default-rack, certSerialId: null}
2019-09-20 08:30:27,356 | INFO  | SCMAudit | user=jenkins1000 | ip=192.168.34.27 | op=REGISTER {datanodeDetails=d2c36bd8-bad5-464c-8c6b-b124cc016412{ip: 192.168.34.27, host: pr-hdds-1569-6tbh6-3362816358, networkLocation: /default-rack, certSerialId: null}} | ret=SUCCESS |  
2019-09-20 08:30:27,373 [main] INFO  ozone.MiniOzoneClusterImpl (MiniOzoneClusterImpl.java:lambda$waitForClusterToBeReady$0(142)) - Waiting for cluster to be ready. Got 4 of 5 DN Heartbeats.
2019-09-20 08:30:27,374 [IPC Server handler 4 on 37845] INFO  net.NetworkTopology (NetworkTopologyImpl.java:add(110)) - Added a new node: /default-rack/6f5cd177-0d50-44f5-9dda-f28331356997
2019-09-20 08:30:27,374 [IPC Server handler 4 on 37845] INFO  node.SCMNodeManager (SCMNodeManager.java:register(273)) - Registered Data node : 6f5cd177-0d50-44f5-9dda-f28331356997{ip: 192.168.34.27, host: pr-hdds-1569-6tbh6-3362816358, networkLocation: /default-rack, certSerialId: null}
2019-09-20 08:30:27,375 | INFO  | SCMAudit | user=jenkins1000 | ip=192.168.34.27 | op=REGISTER {datanodeDetails=6f5cd177-0d50-44f5-9dda-f28331356997{ip: 192.168.34.27, host: pr-hdds-1569-6tbh6-3362816358, networkLocation: /default-rack, certSerialId: null}} | ret=SUCCESS |  
2019-09-20 08:30:27,437 [grpc-default-executor-0] INFO  impl.RaftServerProxy (RaftServerProxy.java:addNew(89)) - e1a187e5-d89a-47f2-b2bd-c6db4da75c05: addNew group-8ECC33BB34B9:[e1a187e5-d89a-47f2-b2bd-c6db4da75c05:192.168.34.27:38433] returns group-8ECC33BB34B9:java.util.concurrent.CompletableFuture@62f57b5f[Not completed]
2019-09-20 08:30:27,457 [pool-27-thread-1] INFO  impl.RaftServerImpl (RaftServerImpl.java:<init>(93)) - e1a187e5-d89a-47f2-b2bd-c6db4da75c05: new RaftServerImpl for group-8ECC33BB34B9:[e1a187e5-d89a-47f2-b2bd-c6db4da75c05:192.168.34.27:38433] with ContainerStateMachine:uninitialized
2019-09-20 08:30:27,459 [pool-27-thread-1] INFO  server.RaftServerConfigKeys (ConfUtils.java:logGet(43)) - raft.server.rpc.timeout.min = 5s (custom)
2019-09-20 08:30:27,461 [pool-27-thread-1] INFO  server.RaftServerConfigKeys (ConfUtils.java:logGet(43)) - raft.server.rpc.timeout.max = 5200ms (custom)
2019-09-20 08:30:27,462 [pool-27-thread-1] INFO  server.RaftServerConfigKeys (ConfUtils.java:logGet(43)) - raft.server.rpcslowness.timeout = 120s (custom)
2019-09-20 08:30:27,463 [pool-27-thread-1] INFO  server.RaftServerConfigKeys (ConfUtils.java:logGet(43)) - raft.server.sleep.deviation.threshold = 300 (default)
2019-09-20 08:30:27,464 [pool-27-thread-1] INFO  server.RaftServerConfigKeys (ConfUtils.java:logGet(43)) - raft.server.log.appender.install.snapshot.enabled = false (custom)
2019-09-20 08:30:27,475 [pool-27-thread-1] INFO  impl.RaftServerImpl (ServerState.java:<init>(105)) - e1a187e5-d89a-47f2-b2bd-c6db4da75c05:group-8ECC33BB34B9 ConfigurationManager, init=-1: [e1a187e5-d89a-47f2-b2bd-c6db4da75c05:192.168.34.27:38433], old=null, confs=<EMPTY_MAP>
2019-09-20 08:30:27,476 [pool-27-thread-1] INFO  server.RaftServerConfigKeys (ConfUtils.java:logGet(43)) - raft.server.storage.dir = [/workdir/hadoop-ozone/tools/target/test-dir/MiniOzoneClusterImpl-27b2788d-4a5e-4768-9652-b88d14ddf2e4/datanode-0/data/ratis] (custom)
2019-09-20 08:30:27,486 [pool-27-thread-1] INFO  storage.RaftStorageDirectory (RaftStorageDirectory.java:analyzeStorage(246)) - The storage directory /workdir/hadoop-ozone/tools/target/test-dir/MiniOzoneClusterImpl-27b2788d-4a5e-4768-9652-b88d14ddf2e4/datanode-0/data/ratis/9f580a97-c067-4ebe-ab45-8ecc33bb34b9 does not exist. Creating ...
2019-09-20 08:30:27,512 [pool-27-thread-1] INFO  storage.RaftStorageDirectory (RaftStorageDirectory.java:tryLock(328)) - Lock on /workdir/hadoop-ozone/tools/target/test-dir/MiniOzoneClusterImpl-27b2788d-4a5e-4768-9652-b88d14ddf2e4/datanode-0/data/ratis/9f580a97-c067-4ebe-ab45-8ecc33bb34b9/in_use.lock acquired by nodename 3879@pr-hdds-1569-6tbh6-3362816358
2019-09-20 08:30:27,519 [pool-27-thread-1] INFO  storage.RaftStorage (RaftStorage.java:format(72)) - Storage directory /workdir/hadoop-ozone/tools/target/test-dir/MiniOzoneClusterImpl-27b2788d-4a5e-4768-9652-b88d14ddf2e4/datanode-0/data/ratis/9f580a97-c067-4ebe-ab45-8ecc33bb34b9 has been successfully formatted.
2019-09-20 08:30:27,522 [pool-27-thread-1] INFO  ratis.ContainerStateMachine (ContainerStateMachine.java:loadSnapshot(226)) - group-8ECC33BB34B9: The snapshot info is null. Setting the last applied indexto:(t:0, i:~)
2019-09-20 08:30:27,523 [pool-27-thread-1] INFO  server.RaftServerConfigKeys (ConfUtils.java:logGet(43)) - raft.server.leader.election.timeout = 120s (custom)
2019-09-20 08:30:27,525 [pool-27-thread-1] INFO  server.RaftServerConfigKeys (ConfUtils.java:logGet(43)) - raft.server.log.use.memory = false (default)
2019-09-20 08:30:27,533 [pool-27-thread-1] INFO  server.RaftServerConfigKeys (ConfUtils.java:logGet(43)) - raft.server.log.purge.gap = 1000000 (custom)
2019-09-20 08:30:27,533 [pool-27-thread-1] INFO  server.RaftServerConfigKeys (ConfUtils.java:logGet(43)) - raft.server.log.appender.buffer.byte-limit = 33554432 (custom)
2019-09-20 08:30:27,535 [pool-27-thread-1] INFO  server.RaftServerConfigKeys (ConfUtils.java:logGet(43)) - raft.server.log.segment.size.max = 1048576 (custom)
2019-09-20 08:30:27,541 [pool-27-thread-1] INFO  server.RaftServerConfigKeys (ConfUtils.java:logGet(43)) - raft.server.log.segment.cache.num.max = 2 (custom)
2019-09-20 08:30:27,548 [pool-27-thread-1] INFO  segmented.SegmentedRaftLogWorker (SegmentedRaftLogWorker.java:<init>(172)) - new e1a187e5-d89a-47f2-b2bd-c6db4da75c05-SegmentedRaftLogWorker:Storage Directory /workdir/hadoop-ozone/tools/target/test-dir/MiniOzoneClusterImpl-27b2788d-4a5e-4768-9652-b88d14ddf2e4/datanode-0/data/ratis/9f580a97-c067-4ebe-ab45-8ecc33bb34b9 for RaftStorage:Storage Directory /workdir/hadoop-ozone/tools/target/test-dir/MiniOzoneClusterImpl-27b2788d-4a5e-4768-9652-b88d14ddf2e4/datanode-0/data/ratis/9f580a97-c067-4ebe-ab45-8ecc33bb34b9
2019-09-20 08:30:27,564 [pool-27-thread-1] INFO  server.RaftServerConfigKeys (ConfUtils.java:logGet(43)) - raft.server.log.queue.byte-limit = 2147483647 (custom)
2019-09-20 08:30:27,564 [pool-27-thread-1] INFO  server.RaftServerConfigKeys (ConfUtils.java:logGet(43)) - raft.server.log.queue.element-limit = 1024 (custom)
2019-09-20 08:30:27,571 [pool-27-thread-1] INFO  server.RaftServerConfigKeys (ConfUtils.java:logGet(43)) - raft.server.log.segment.size.max = 1048576 (custom)
2019-09-20 08:30:27,571 [pool-27-thread-1] INFO  server.RaftServerConfigKeys (ConfUtils.java:logGet(43)) - raft.server.log.preallocated.size = 16384 (custom)
2019-09-20 08:30:27,572 [pool-27-thread-1] INFO  server.RaftServerConfigKeys (ConfUtils.java:logGet(43)) - raft.server.log.write.buffer.size = 33554432 (custom)
2019-09-20 08:30:27,572 [pool-27-thread-1] INFO  server.RaftServerConfigKeys (ConfUtils.java:logGet(43)) - raft.server.log.force.sync.num = 128 (default)
2019-09-20 08:30:27,573 [pool-27-thread-1] INFO  server.RaftServerConfigKeys (ConfUtils.java:logGet(43)) - raft.server.log.statemachine.data.sync = true (default)
2019-09-20 08:30:27,574 [pool-27-thread-1] INFO  server.RaftServerConfigKeys (ConfUtils.java:logGet(43)) - raft.server.log.statemachine.data.sync.timeout = 10s (default)
2019-09-20 08:30:27,574 [pool-27-thread-1] INFO  server.RaftServerConfigKeys (ConfUtils.java:logGet(43)) - raft.server.log.statemachine.data.sync.timeout.retry = -1 (default)
2019-09-20 08:30:27,586 [pool-27-thread-1] INFO  server.RaftServerConfigKeys (ConfUtils.java:logGet(43)) - raft.server.log.statemachine.data.caching.enabled = true (custom)
2019-09-20 08:30:27,591 [pool-27-thread-1] INFO  segmented.SegmentedRaftLogWorker (SegmentedRaftLogWorker.java:lambda$new$0(132)) - e1a187e5-d89a-47f2-b2bd-c6db4da75c05-SegmentedRaftLogWorker:Storage Directory /workdir/hadoop-ozone/tools/target/test-dir/MiniOzoneClusterImpl-27b2788d-4a5e-4768-9652-b88d14ddf2e4/datanode-0/data/ratis/9f580a97-c067-4ebe-ab45-8ecc33bb34b9: flushIndex: setUnconditionally 0 -> -1
2019-09-20 08:30:27,596 [pool-27-thread-1] INFO  server.RaftServerConfigKeys (ConfUtils.java:logGet(43)) - raft.server.snapshot.auto.trigger.enabled = true (custom)
2019-09-20 08:30:27,596 [pool-27-thread-1] INFO  server.RaftServerConfigKeys (ConfUtils.java:logGet(43)) - raft.server.snapshot.auto.trigger.threshold = 10000 (custom)
2019-09-20 08:30:27,597 [pool-27-thread-1] INFO  server.RaftServerConfigKeys (ConfUtils.java:logGet(43)) - raft.server.retrycache.expirytime = 600000ms (custom)
2019-09-20 08:30:27,618 [pool-27-thread-1] INFO  impl.RaftServerImpl (RaftServerImpl.java:start(180)) - e1a187e5-d89a-47f2-b2bd-c6db4da75c05: start group-8ECC33BB34B9
2019-09-20 08:30:27,619 [pool-27-thread-1] INFO  impl.RaftServerImpl (RaftServerImpl.java:setRole(171)) - e1a187e5-d89a-47f2-b2bd-c6db4da75c05:group-8ECC33BB34B9 changes role from null to FOLLOWER at term 0 for startAsFollower
2019-09-20 08:30:27,620 [pool-27-thread-1] INFO  impl.RoleInfo (RoleInfo.java:updateAndGet(143)) - e1a187e5-d89a-47f2-b2bd-c6db4da75c05: start FollowerState
2019-09-20 08:30:27,621 [pool-27-thread-1] INFO  util.JmxRegister (JmxRegister.java:tryRegister(44)) - Successfully registered JMX Bean with object name Ratis:service=RaftServer,group=group-8ECC33BB34B9,id=e1a187e5-d89a-47f2-b2bd-c6db4da75c05
2019-09-20 08:30:27,683 [RatisPipelineUtilsThread] INFO  pipeline.PipelineStateManager (PipelineStateManager.java:addPipeline(56)) - Created pipeline Pipeline[ Id: 9f580a97-c067-4ebe-ab45-8ecc33bb34b9, Nodes: e1a187e5-d89a-47f2-b2bd-c6db4da75c05{ip: 192.168.34.27, host: pr-hdds-1569-6tbh6-3362816358, networkLocation: /default-rack, certSerialId: null}, Type:RATIS, Factor:ONE, State:OPEN]
2019-09-20 08:30:27,707 [grpc-default-executor-0] INFO  impl.RaftServerProxy (RaftServerProxy.java:addNew(89)) - c8a425d5-130a-4202-9db9-9fe847e02d96: addNew group-CA6A0B9F90E7:[c8a425d5-130a-4202-9db9-9fe847e02d96:192.168.34.27:42231] returns group-CA6A0B9F90E7:java.util.concurrent.CompletableFuture@40c249a9[Not completed]
2019-09-20 08:30:27,741 [pool-38-thread-1] INFO  impl.RaftServerImpl (RaftServerImpl.java:<init>(93)) - c8a425d5-130a-4202-9db9-9fe847e02d96: new RaftServerImpl for group-CA6A0B9F90E7:[c8a425d5-130a-4202-9db9-9fe847e02d96:192.168.34.27:42231] with ContainerStateMachine:uninitialized
2019-09-20 08:30:27,742 [pool-38-thread-1] INFO  server.RaftServerConfigKeys (ConfUtils.java:logGet(43)) - raft.server.rpc.timeout.min = 5s (custom)
2019-09-20 08:30:27,743 [pool-38-thread-1] INFO  server.RaftServerConfigKeys (ConfUtils.java:logGet(43)) - raft.server.rpc.timeout.max = 5200ms (custom)
2019-09-20 08:30:27,743 [pool-38-thread-1] INFO  server.RaftServerConfigKeys (ConfUtils.java:logGet(43)) - raft.server.rpcslowness.timeout = 120s (custom)
2019-09-20 08:30:27,743 [pool-38-thread-1] INFO  server.RaftServerConfigKeys (ConfUtils.java:logGet(43)) - raft.server.sleep.deviation.threshold = 300 (default)
2019-09-20 08:30:27,743 [pool-38-thread-1] INFO  server.RaftServerConfigKeys (ConfUtils.java:logGet(43)) - raft.server.log.appender.install.snapshot.enabled = false (custom)
2019-09-20 08:30:27,743 [pool-38-thread-1] INFO  impl.RaftServerImpl (ServerState.java:<init>(105)) - c8a425d5-130a-4202-9db9-9fe847e02d96:group-CA6A0B9F90E7 ConfigurationManager, init=-1: [c8a425d5-130a-4202-9db9-9fe847e02d96:192.168.34.27:42231], old=null, confs=<EMPTY_MAP>
2019-09-20 08:30:27,744 [pool-38-thread-1] INFO  server.RaftServerConfigKeys (ConfUtils.java:logGet(43)) - raft.server.storage.dir = [/workdir/hadoop-ozone/tools/target/test-dir/MiniOzoneClusterImpl-27b2788d-4a5e-4768-9652-b88d14ddf2e4/datanode-1/data/ratis] (custom)
2019-09-20 08:30:27,744 [pool-38-thread-1] INFO  storage.RaftStorageDirectory (RaftStorageDirectory.java:analyzeStorage(246)) - The storage directory /workdir/hadoop-ozone/tools/target/test-dir/MiniOzoneClusterImpl-27b2788d-4a5e-4768-9652-b88d14ddf2e4/datanode-1/data/ratis/d0df160a-0382-4266-985f-ca6a0b9f90e7 does not exist. Creating ...
2019-09-20 08:30:27,757 [pool-38-thread-1] INFO  storage.RaftStorageDirectory (RaftStorageDirectory.java:tryLock(328)) - Lock on /workdir/hadoop-ozone/tools/target/test-dir/MiniOzoneClusterImpl-27b2788d-4a5e-4768-9652-b88d14ddf2e4/datanode-1/data/ratis/d0df160a-0382-4266-985f-ca6a0b9f90e7/in_use.lock acquired by nodename 3879@pr-hdds-1569-6tbh6-3362816358
2019-09-20 08:30:27,760 [pool-38-thread-1] INFO  storage.RaftStorage (RaftStorage.java:format(72)) - Storage directory /workdir/hadoop-ozone/tools/target/test-dir/MiniOzoneClusterImpl-27b2788d-4a5e-4768-9652-b88d14ddf2e4/datanode-1/data/ratis/d0df160a-0382-4266-985f-ca6a0b9f90e7 has been successfully formatted.
2019-09-20 08:30:27,762 [pool-38-thread-1] INFO  ratis.ContainerStateMachine (ContainerStateMachine.java:loadSnapshot(226)) - group-CA6A0B9F90E7: The snapshot info is null. Setting the last applied indexto:(t:0, i:~)
2019-09-20 08:30:27,763 [pool-38-thread-1] INFO  server.RaftServerConfigKeys (ConfUtils.java:logGet(43)) - raft.server.leader.election.timeout = 120s (custom)
2019-09-20 08:30:27,763 [pool-38-thread-1] INFO  server.RaftServerConfigKeys (ConfUtils.java:logGet(43)) - raft.server.log.use.memory = false (default)
2019-09-20 08:30:27,763 [pool-38-thread-1] INFO  server.RaftServerConfigKeys (ConfUtils.java:logGet(43)) - raft.server.log.purge.gap = 1000000 (custom)
2019-09-20 08:30:27,763 [pool-38-thread-1] INFO  server.RaftServerConfigKeys (ConfUtils.java:logGet(43)) - raft.server.log.appender.buffer.byte-limit = 33554432 (custom)
2019-09-20 08:30:27,764 [pool-38-thread-1] INFO  server.RaftServerConfigKeys (ConfUtils.java:logGet(43)) - raft.server.log.segment.size.max = 1048576 (custom)
2019-09-20 08:30:27,764 [pool-38-thread-1] INFO  server.RaftServerConfigKeys (ConfUtils.java:logGet(43)) - raft.server.log.segment.cache.num.max = 2 (custom)
2019-09-20 08:30:27,764 [pool-38-thread-1] INFO  segmented.SegmentedRaftLogWorker (SegmentedRaftLogWorker.java:<init>(172)) - new c8a425d5-130a-4202-9db9-9fe847e02d96-SegmentedRaftLogWorker:Storage Directory /workdir/hadoop-ozone/tools/target/test-dir/MiniOzoneClusterImpl-27b2788d-4a5e-4768-9652-b88d14ddf2e4/datanode-1/data/ratis/d0df160a-0382-4266-985f-ca6a0b9f90e7 for RaftStorage:Storage Directory /workdir/hadoop-ozone/tools/target/test-dir/MiniOzoneClusterImpl-27b2788d-4a5e-4768-9652-b88d14ddf2e4/datanode-1/data/ratis/d0df160a-0382-4266-985f-ca6a0b9f90e7
2019-09-20 08:30:27,765 [pool-38-thread-1] INFO  server.RaftServerConfigKeys (ConfUtils.java:logGet(43)) - raft.server.log.queue.byte-limit = 2147483647 (custom)
2019-09-20 08:30:27,765 [pool-38-thread-1] INFO  server.RaftServerConfigKeys (ConfUtils.java:logGet(43)) - raft.server.log.queue.element-limit = 1024 (custom)
2019-09-20 08:30:27,766 [pool-38-thread-1] INFO  server.RaftServerConfigKeys (ConfUtils.java:logGet(43)) - raft.server.log.segment.size.max = 1048576 (custom)
2019-09-20 08:30:27,766 [pool-38-thread-1] INFO  server.RaftServerConfigKeys (ConfUtils.java:logGet(43)) - raft.server.log.preallocated.size = 16384 (custom)
2019-09-20 08:30:27,766 [pool-38-thread-1] INFO  server.RaftServerConfigKeys (ConfUtils.java:logGet(43)) - raft.server.log.write.buffer.size = 33554432 (custom)
2019-09-20 08:30:27,767 [pool-38-thread-1] INFO  server.RaftServerConfigKeys (ConfUtils.java:logGet(43)) - raft.server.log.force.sync.num = 128 (default)
2019-09-20 08:30:27,767 [pool-38-thread-1] INFO  server.RaftServerConfigKeys (ConfUtils.java:logGet(43)) - raft.server.log.statemachine.data.sync = true (default)
2019-09-20 08:30:27,767 [pool-38-thread-1] INFO  server.RaftServerConfigKeys (ConfUtils.java:logGet(43)) - raft.server.log.statemachine.data.sync.timeout = 10s (default)
2019-09-20 08:30:27,767 [pool-38-thread-1] INFO  server.RaftServerConfigKeys (ConfUtils.java:logGet(43)) - raft.server.log.statemachine.data.sync.timeout.retry = -1 (default)
2019-09-20 08:30:27,768 [pool-38-thread-1] INFO  server.RaftServerConfigKeys (ConfUtils.java:logGet(43)) - raft.server.log.statemachine.data.caching.enabled = true (custom)
2019-09-20 08:30:27,768 [pool-38-thread-1] INFO  segmented.SegmentedRaftLogWorker (SegmentedRaftLogWorker.java:lambda$new$0(132)) - c8a425d5-130a-4202-9db9-9fe847e02d96-SegmentedRaftLogWorker:Storage Directory /workdir/hadoop-ozone/tools/target/test-dir/MiniOzoneClusterImpl-27b2788d-4a5e-4768-9652-b88d14ddf2e4/datanode-1/data/ratis/d0df160a-0382-4266-985f-ca6a0b9f90e7: flushIndex: setUnconditionally 0 -> -1
2019-09-20 08:30:27,769 [pool-38-thread-1] INFO  server.RaftServerConfigKeys (ConfUtils.java:logGet(43)) - raft.server.snapshot.auto.trigger.enabled = true (custom)
2019-09-20 08:30:27,769 [pool-38-thread-1] INFO  server.RaftServerConfigKeys (ConfUtils.java:logGet(43)) - raft.server.snapshot.auto.trigger.threshold = 10000 (custom)
2019-09-20 08:30:27,770 [pool-38-thread-1] INFO  server.RaftServerConfigKeys (ConfUtils.java:logGet(43)) - raft.server.retrycache.expirytime = 600000ms (custom)
2019-09-20 08:30:27,770 [pool-38-thread-1] INFO  impl.RaftServerImpl (RaftServerImpl.java:start(180)) - c8a425d5-130a-4202-9db9-9fe847e02d96: start group-CA6A0B9F90E7
2019-09-20 08:30:27,770 [pool-38-thread-1] INFO  impl.RaftServerImpl (RaftServerImpl.java:setRole(171)) - c8a425d5-130a-4202-9db9-9fe847e02d96:group-CA6A0B9F90E7 changes role from null to FOLLOWER at term 0 for startAsFollower
2019-09-20 08:30:27,770 [pool-38-thread-1] INFO  impl.RoleInfo (RoleInfo.java:updateAndGet(143)) - c8a425d5-130a-4202-9db9-9fe847e02d96: start FollowerState
2019-09-20 08:30:27,772 [pool-38-thread-1] INFO  util.JmxRegister (JmxRegister.java:tryRegister(44)) - Successfully registered JMX Bean with object name Ratis:service=RaftServer,group=group-CA6A0B9F90E7,id=c8a425d5-130a-4202-9db9-9fe847e02d96
2019-09-20 08:30:27,785 [RatisPipelineUtilsThread] INFO  pipeline.PipelineStateManager (PipelineStateManager.java:addPipeline(56)) - Created pipeline Pipeline[ Id: d0df160a-0382-4266-985f-ca6a0b9f90e7, Nodes: c8a425d5-130a-4202-9db9-9fe847e02d96{ip: 192.168.34.27, host: pr-hdds-1569-6tbh6-3362816358, networkLocation: /default-rack, certSerialId: null}, Type:RATIS, Factor:ONE, State:OPEN]
2019-09-20 08:30:27,800 [grpc-default-executor-0] INFO  impl.RaftServerProxy (RaftServerProxy.java:addNew(89)) - e1a187e5-d89a-47f2-b2bd-c6db4da75c05: addNew group-7AD7E57DBA9A:[e1a187e5-d89a-47f2-b2bd-c6db4da75c05:192.168.34.27:38433] returns group-7AD7E57DBA9A:java.util.concurrent.CompletableFuture@2cbaddea[Not completed]
2019-09-20 08:30:27,812 [pool-27-thread-1] INFO  impl.RaftServerImpl (RaftServerImpl.java:<init>(93)) - e1a187e5-d89a-47f2-b2bd-c6db4da75c05: new RaftServerImpl for group-7AD7E57DBA9A:[e1a187e5-d89a-47f2-b2bd-c6db4da75c05:192.168.34.27:38433] with ContainerStateMachine:uninitialized
2019-09-20 08:30:27,812 [pool-27-thread-1] INFO  server.RaftServerConfigKeys (ConfUtils.java:logGet(43)) - raft.server.rpc.timeout.min = 5s (custom)
2019-09-20 08:30:27,812 [pool-27-thread-1] INFO  server.RaftServerConfigKeys (ConfUtils.java:logGet(43)) - raft.server.rpc.timeout.max = 5200ms (custom)
2019-09-20 08:30:27,813 [pool-27-thread-1] INFO  server.RaftServerConfigKeys (ConfUtils.java:logGet(43)) - raft.server.rpcslowness.timeout = 120s (custom)
2019-09-20 08:30:27,813 [pool-27-thread-1] INFO  server.RaftServerConfigKeys (ConfUtils.java:logGet(43)) - raft.server.sleep.deviation.threshold = 300 (default)
2019-09-20 08:30:27,813 [pool-27-thread-1] INFO  server.RaftServerConfigKeys (ConfUtils.java:logGet(43)) - raft.server.log.appender.install.snapshot.enabled = false (custom)
2019-09-20 08:30:27,813 [pool-27-thread-1] INFO  impl.RaftServerImpl (ServerState.java:<init>(105)) - e1a187e5-d89a-47f2-b2bd-c6db4da75c05:group-7AD7E57DBA9A ConfigurationManager, init=-1: [e1a187e5-d89a-47f2-b2bd-c6db4da75c05:192.168.34.27:38433], old=null, confs=<EMPTY_MAP>
2019-09-20 08:30:27,813 [pool-27-thread-1] INFO  server.RaftServerConfigKeys (ConfUtils.java:logGet(43)) - raft.server.storage.dir = [/workdir/hadoop-ozone/tools/target/test-dir/MiniOzoneClusterImpl-27b2788d-4a5e-4768-9652-b88d14ddf2e4/datanode-0/data/ratis] (custom)
2019-09-20 08:30:27,813 [pool-27-thread-1] INFO  storage.RaftStorageDirectory (RaftStorageDirectory.java:analyzeStorage(246)) - The storage directory /workdir/hadoop-ozone/tools/target/test-dir/MiniOzoneClusterImpl-27b2788d-4a5e-4768-9652-b88d14ddf2e4/datanode-0/data/ratis/af8ab69c-b8b4-4b82-a304-7ad7e57dba9a does not exist. Creating ...
2019-09-20 08:30:27,843 [pool-27-thread-1] INFO  storage.RaftStorageDirectory (RaftStorageDirectory.java:tryLock(328)) - Lock on /workdir/hadoop-ozone/tools/target/test-dir/MiniOzoneClusterImpl-27b2788d-4a5e-4768-9652-b88d14ddf2e4/datanode-0/data/ratis/af8ab69c-b8b4-4b82-a304-7ad7e57dba9a/in_use.lock acquired by nodename 3879@pr-hdds-1569-6tbh6-3362816358
2019-09-20 08:30:27,858 [pool-27-thread-1] INFO  storage.RaftStorage (RaftStorage.java:format(72)) - Storage directory /workdir/hadoop-ozone/tools/target/test-dir/MiniOzoneClusterImpl-27b2788d-4a5e-4768-9652-b88d14ddf2e4/datanode-0/data/ratis/af8ab69c-b8b4-4b82-a304-7ad7e57dba9a has been successfully formatted.
2019-09-20 08:30:27,858 [pool-27-thread-1] INFO  ratis.ContainerStateMachine (ContainerStateMachine.java:loadSnapshot(226)) - group-7AD7E57DBA9A: The snapshot info is null. Setting the last applied indexto:(t:0, i:~)
2019-09-20 08:30:27,859 [pool-27-thread-1] INFO  server.RaftServerConfigKeys (ConfUtils.java:logGet(43)) - raft.server.leader.election.timeout = 120s (custom)
2019-09-20 08:30:27,859 [pool-27-thread-1] INFO  server.RaftServerConfigKeys (ConfUtils.java:logGet(43)) - raft.server.log.use.memory = false (default)
2019-09-20 08:30:27,859 [pool-27-thread-1] INFO  server.RaftServerConfigKeys (ConfUtils.java:logGet(43)) - raft.server.log.purge.gap = 1000000 (custom)
2019-09-20 08:30:27,859 [pool-27-thread-1] INFO  server.RaftServerConfigKeys (ConfUtils.java:logGet(43)) - raft.server.log.appender.buffer.byte-limit = 33554432 (custom)
2019-09-20 08:30:27,859 [pool-27-thread-1] INFO  server.RaftServerConfigKeys (ConfUtils.java:logGet(43)) - raft.server.log.segment.size.max = 1048576 (custom)
2019-09-20 08:30:27,860 [pool-27-thread-1] INFO  server.RaftServerConfigKeys (ConfUtils.java:logGet(43)) - raft.server.log.segment.cache.num.max = 2 (custom)
2019-09-20 08:30:27,860 [pool-27-thread-1] INFO  segmented.SegmentedRaftLogWorker (SegmentedRaftLogWorker.java:<init>(172)) - new e1a187e5-d89a-47f2-b2bd-c6db4da75c05-SegmentedRaftLogWorker:Storage Directory /workdir/hadoop-ozone/tools/target/test-dir/MiniOzoneClusterImpl-27b2788d-4a5e-4768-9652-b88d14ddf2e4/datanode-0/data/ratis/af8ab69c-b8b4-4b82-a304-7ad7e57dba9a for RaftStorage:Storage Directory /workdir/hadoop-ozone/tools/target/test-dir/MiniOzoneClusterImpl-27b2788d-4a5e-4768-9652-b88d14ddf2e4/datanode-0/data/ratis/af8ab69c-b8b4-4b82-a304-7ad7e57dba9a
2019-09-20 08:30:27,860 [pool-27-thread-1] INFO  server.RaftServerConfigKeys (ConfUtils.java:logGet(43)) - raft.server.log.queue.byte-limit = 2147483647 (custom)
2019-09-20 08:30:27,860 [pool-27-thread-1] INFO  server.RaftServerConfigKeys (ConfUtils.java:logGet(43)) - raft.server.log.queue.element-limit = 1024 (custom)
2019-09-20 08:30:27,861 [pool-27-thread-1] INFO  server.RaftServerConfigKeys (ConfUtils.java:logGet(43)) - raft.server.log.segment.size.max = 1048576 (custom)
2019-09-20 08:30:27,861 [pool-27-thread-1] INFO  server.RaftServerConfigKeys (ConfUtils.java:logGet(43)) - raft.server.log.preallocated.size = 16384 (custom)
2019-09-20 08:30:27,861 [pool-27-thread-1] INFO  server.RaftServerConfigKeys (ConfUtils.java:logGet(43)) - raft.server.log.write.buffer.size = 33554432 (custom)
2019-09-20 08:30:27,861 [pool-27-thread-1] INFO  server.RaftServerConfigKeys (ConfUtils.java:logGet(43)) - raft.server.log.force.sync.num = 128 (default)
2019-09-20 08:30:27,861 [pool-27-thread-1] INFO  server.RaftServerConfigKeys (ConfUtils.java:logGet(43)) - raft.server.log.statemachine.data.sync = true (default)
2019-09-20 08:30:27,862 [pool-27-thread-1] INFO  server.RaftServerConfigKeys (ConfUtils.java:logGet(43)) - raft.server.log.statemachine.data.sync.timeout = 10s (default)
2019-09-20 08:30:27,862 [pool-27-thread-1] INFO  server.RaftServerConfigKeys (ConfUtils.java:logGet(43)) - raft.server.log.statemachine.data.sync.timeout.retry = -1 (default)
2019-09-20 08:30:27,862 [pool-27-thread-1] INFO  server.RaftServerConfigKeys (ConfUtils.java:logGet(43)) - raft.server.log.statemachine.data.caching.enabled = true (custom)
2019-09-20 08:30:27,862 [pool-27-thread-1] INFO  segmented.SegmentedRaftLogWorker (SegmentedRaftLogWorker.java:lambda$new$0(132)) - e1a187e5-d89a-47f2-b2bd-c6db4da75c05-SegmentedRaftLogWorker:Storage Directory /workdir/hadoop-ozone/tools/target/test-dir/MiniOzoneClusterImpl-27b2788d-4a5e-4768-9652-b88d14ddf2e4/datanode-0/data/ratis/af8ab69c-b8b4-4b82-a304-7ad7e57dba9a: flushIndex: setUnconditionally 0 -> -1
2019-09-20 08:30:27,863 [pool-27-thread-1] INFO  server.RaftServerConfigKeys (ConfUtils.java:logGet(43)) - raft.server.snapshot.auto.trigger.enabled = true (custom)
2019-09-20 08:30:27,863 [pool-27-thread-1] INFO  server.RaftServerConfigKeys (ConfUtils.java:logGet(43)) - raft.server.snapshot.auto.trigger.threshold = 10000 (custom)
2019-09-20 08:30:27,863 [pool-27-thread-1] INFO  server.RaftServerConfigKeys (ConfUtils.java:logGet(43)) - raft.server.retrycache.expirytime = 600000ms (custom)
2019-09-20 08:30:27,864 [pool-27-thread-1] INFO  impl.RaftServerImpl (RaftServerImpl.java:start(180)) - e1a187e5-d89a-47f2-b2bd-c6db4da75c05: start group-7AD7E57DBA9A
2019-09-20 08:30:27,864 [pool-27-thread-1] INFO  impl.RaftServerImpl (RaftServerImpl.java:setRole(171)) - e1a187e5-d89a-47f2-b2bd-c6db4da75c05:group-7AD7E57DBA9A changes role from null to FOLLOWER at term 0 for startAsFollower
2019-09-20 08:30:27,864 [pool-27-thread-1] INFO  impl.RoleInfo (RoleInfo.java:updateAndGet(143)) - e1a187e5-d89a-47f2-b2bd-c6db4da75c05: start FollowerState
2019-09-20 08:30:27,865 [pool-27-thread-1] INFO  util.JmxRegister (JmxRegister.java:tryRegister(44)) - Successfully registered JMX Bean with object name Ratis:service=RaftServer,group=group-7AD7E57DBA9A,id=e1a187e5-d89a-47f2-b2bd-c6db4da75c05
2019-09-20 08:30:27,877 [RatisPipelineUtilsThread] INFO  pipeline.PipelineStateManager (PipelineStateManager.java:addPipeline(56)) - Created pipeline Pipeline[ Id: af8ab69c-b8b4-4b82-a304-7ad7e57dba9a, Nodes: e1a187e5-d89a-47f2-b2bd-c6db4da75c05{ip: 192.168.34.27, host: pr-hdds-1569-6tbh6-3362816358, networkLocation: /default-rack, certSerialId: null}, Type:RATIS, Factor:ONE, State:OPEN]
2019-09-20 08:30:27,903 [grpc-default-executor-0] INFO  impl.RaftServerProxy (RaftServerProxy.java:addNew(89)) - d2c36bd8-bad5-464c-8c6b-b124cc016412: addNew group-EE781FF56F6E:[d2c36bd8-bad5-464c-8c6b-b124cc016412:192.168.34.27:36532] returns group-EE781FF56F6E:java.util.concurrent.CompletableFuture@6a44dc36[Not completed]
2019-09-20 08:30:27,906 [pool-60-thread-1] INFO  impl.RaftServerImpl (RaftServerImpl.java:<init>(93)) - d2c36bd8-bad5-464c-8c6b-b124cc016412: new RaftServerImpl for group-EE781FF56F6E:[d2c36bd8-bad5-464c-8c6b-b124cc016412:192.168.34.27:36532] with ContainerStateMachine:uninitialized
2019-09-20 08:30:27,906 [pool-60-thread-1] INFO  server.RaftServerConfigKeys (ConfUtils.java:logGet(43)) - raft.server.rpc.timeout.min = 5s (custom)
2019-09-20 08:30:27,906 [pool-60-thread-1] INFO  server.RaftServerConfigKeys (ConfUtils.java:logGet(43)) - raft.server.rpc.timeout.max = 5200ms (custom)
2019-09-20 08:30:27,907 [pool-60-thread-1] INFO  server.RaftServerConfigKeys (ConfUtils.java:logGet(43)) - raft.server.rpcslowness.timeout = 120s (custom)
2019-09-20 08:30:27,907 [pool-60-thread-1] INFO  server.RaftServerConfigKeys (ConfUtils.java:logGet(43)) - raft.server.sleep.deviation.threshold = 300 (default)
2019-09-20 08:30:27,907 [pool-60-thread-1] INFO  server.RaftServerConfigKeys (ConfUtils.java:logGet(43)) - raft.server.log.appender.install.snapshot.enabled = false (custom)
2019-09-20 08:30:27,907 [pool-60-thread-1] INFO  impl.RaftServerImpl (ServerState.java:<init>(105)) - d2c36bd8-bad5-464c-8c6b-b124cc016412:group-EE781FF56F6E ConfigurationManager, init=-1: [d2c36bd8-bad5-464c-8c6b-b124cc016412:192.168.34.27:36532], old=null, confs=<EMPTY_MAP>
2019-09-20 08:30:27,907 [pool-60-thread-1] INFO  server.RaftServerConfigKeys (ConfUtils.java:logGet(43)) - raft.server.storage.dir = [/workdir/hadoop-ozone/tools/target/test-dir/MiniOzoneClusterImpl-27b2788d-4a5e-4768-9652-b88d14ddf2e4/datanode-3/data/ratis] (custom)
2019-09-20 08:30:27,908 [pool-60-thread-1] INFO  storage.RaftStorageDirectory (RaftStorageDirectory.java:analyzeStorage(246)) - The storage directory /workdir/hadoop-ozone/tools/target/test-dir/MiniOzoneClusterImpl-27b2788d-4a5e-4768-9652-b88d14ddf2e4/datanode-3/data/ratis/3a8607fb-ecd8-43c7-9629-ee781ff56f6e does not exist. Creating ...
2019-09-20 08:30:27,922 [pool-60-thread-1] INFO  storage.RaftStorageDirectory (RaftStorageDirectory.java:tryLock(328)) - Lock on /workdir/hadoop-ozone/tools/target/test-dir/MiniOzoneClusterImpl-27b2788d-4a5e-4768-9652-b88d14ddf2e4/datanode-3/data/ratis/3a8607fb-ecd8-43c7-9629-ee781ff56f6e/in_use.lock acquired by nodename 3879@pr-hdds-1569-6tbh6-3362816358
2019-09-20 08:30:27,935 [pool-60-thread-1] INFO  storage.RaftStorage (RaftStorage.java:format(72)) - Storage directory /workdir/hadoop-ozone/tools/target/test-dir/MiniOzoneClusterImpl-27b2788d-4a5e-4768-9652-b88d14ddf2e4/datanode-3/data/ratis/3a8607fb-ecd8-43c7-9629-ee781ff56f6e has been successfully formatted.
2019-09-20 08:30:27,935 [pool-60-thread-1] INFO  ratis.ContainerStateMachine (ContainerStateMachine.java:loadSnapshot(226)) - group-EE781FF56F6E: The snapshot info is null. Setting the last applied indexto:(t:0, i:~)
2019-09-20 08:30:27,935 [pool-60-thread-1] INFO  server.RaftServerConfigKeys (ConfUtils.java:logGet(43)) - raft.server.leader.election.timeout = 120s (custom)
2019-09-20 08:30:27,936 [pool-60-thread-1] INFO  server.RaftServerConfigKeys (ConfUtils.java:logGet(43)) - raft.server.log.use.memory = false (default)
2019-09-20 08:30:27,936 [pool-60-thread-1] INFO  server.RaftServerConfigKeys (ConfUtils.java:logGet(43)) - raft.server.log.purge.gap = 1000000 (custom)
2019-09-20 08:30:27,936 [pool-60-thread-1] INFO  server.RaftServerConfigKeys (ConfUtils.java:logGet(43)) - raft.server.log.appender.buffer.byte-limit = 33554432 (custom)
2019-09-20 08:30:27,936 [pool-60-thread-1] INFO  server.RaftServerConfigKeys (ConfUtils.java:logGet(43)) - raft.server.log.segment.size.max = 1048576 (custom)
2019-09-20 08:30:27,936 [pool-60-thread-1] INFO  server.RaftServerConfigKeys (ConfUtils.java:logGet(43)) - raft.server.log.segment.cache.num.max = 2 (custom)
2019-09-20 08:30:27,937 [pool-60-thread-1] INFO  segmented.SegmentedRaftLogWorker (SegmentedRaftLogWorker.java:<init>(172)) - new d2c36bd8-bad5-464c-8c6b-b124cc016412-SegmentedRaftLogWorker:Storage Directory /workdir/hadoop-ozone/tools/target/test-dir/MiniOzoneClusterImpl-27b2788d-4a5e-4768-9652-b88d14ddf2e4/datanode-3/data/ratis/3a8607fb-ecd8-43c7-9629-ee781ff56f6e for RaftStorage:Storage Directory /workdir/hadoop-ozone/tools/target/test-dir/MiniOzoneClusterImpl-27b2788d-4a5e-4768-9652-b88d14ddf2e4/datanode-3/data/ratis/3a8607fb-ecd8-43c7-9629-ee781ff56f6e
2019-09-20 08:30:27,937 [pool-60-thread-1] INFO  server.RaftServerConfigKeys (ConfUtils.java:logGet(43)) - raft.server.log.queue.byte-limit = 2147483647 (custom)
2019-09-20 08:30:27,937 [pool-60-thread-1] INFO  server.RaftServerConfigKeys (ConfUtils.java:logGet(43)) - raft.server.log.queue.element-limit = 1024 (custom)
2019-09-20 08:30:27,938 [pool-60-thread-1] INFO  server.RaftServerConfigKeys (ConfUtils.java:logGet(43)) - raft.server.log.segment.size.max = 1048576 (custom)
2019-09-20 08:30:27,938 [pool-60-thread-1] INFO  server.RaftServerConfigKeys (ConfUtils.java:logGet(43)) - raft.server.log.preallocated.size = 16384 (custom)
2019-09-20 08:30:27,938 [pool-60-thread-1] INFO  server.RaftServerConfigKeys (ConfUtils.java:logGet(43)) - raft.server.log.write.buffer.size = 33554432 (custom)
2019-09-20 08:30:27,938 [pool-60-thread-1] INFO  server.RaftServerConfigKeys (ConfUtils.java:logGet(43)) - raft.server.log.force.sync.num = 128 (default)
2019-09-20 08:30:27,938 [pool-60-thread-1] INFO  server.RaftServerConfigKeys (ConfUtils.java:logGet(43)) - raft.server.log.statemachine.data.sync = true (default)
2019-09-20 08:30:27,938 [pool-60-thread-1] INFO  server.RaftServerConfigKeys (ConfUtils.java:logGet(43)) - raft.server.log.statemachine.data.sync.timeout = 10s (default)
2019-09-20 08:30:27,939 [pool-60-thread-1] INFO  server.RaftServerConfigKeys (ConfUtils.java:logGet(43)) - raft.server.log.statemachine.data.sync.timeout.retry = -1 (default)
2019-09-20 08:30:27,939 [pool-60-thread-1] INFO  server.RaftServerConfigKeys (ConfUtils.java:logGet(43)) - raft.server.log.statemachine.data.caching.enabled = true (custom)
2019-09-20 08:30:27,939 [pool-60-thread-1] INFO  segmented.SegmentedRaftLogWorker (SegmentedRaftLogWorker.java:lambda$new$0(132)) - d2c36bd8-bad5-464c-8c6b-b124cc016412-SegmentedRaftLogWorker:Storage Directory /workdir/hadoop-ozone/tools/target/test-dir/MiniOzoneClusterImpl-27b2788d-4a5e-4768-9652-b88d14ddf2e4/datanode-3/data/ratis/3a8607fb-ecd8-43c7-9629-ee781ff56f6e: flushIndex: setUnconditionally 0 -> -1
2019-09-20 08:30:27,940 [pool-60-thread-1] INFO  server.RaftServerConfigKeys (ConfUtils.java:logGet(43)) - raft.server.snapshot.auto.trigger.enabled = true (custom)
2019-09-20 08:30:27,940 [pool-60-thread-1] INFO  server.RaftServerConfigKeys (ConfUtils.java:logGet(43)) - raft.server.snapshot.auto.trigger.threshold = 10000 (custom)
2019-09-20 08:30:27,940 [pool-60-thread-1] INFO  server.RaftServerConfigKeys (ConfUtils.java:logGet(43)) - raft.server.retrycache.expirytime = 600000ms (custom)
2019-09-20 08:30:27,941 [pool-60-thread-1] INFO  impl.RaftServerImpl (RaftServerImpl.java:start(180)) - d2c36bd8-bad5-464c-8c6b-b124cc016412: start group-EE781FF56F6E
2019-09-20 08:30:27,941 [pool-60-thread-1] INFO  impl.RaftServerImpl (RaftServerImpl.java:setRole(171)) - d2c36bd8-bad5-464c-8c6b-b124cc016412:group-EE781FF56F6E changes role from null to FOLLOWER at term 0 for startAsFollower
2019-09-20 08:30:27,941 [pool-60-thread-1] INFO  impl.RoleInfo (RoleInfo.java:updateAndGet(143)) - d2c36bd8-bad5-464c-8c6b-b124cc016412: start FollowerState
2019-09-20 08:30:27,941 [pool-60-thread-1] INFO  util.JmxRegister (JmxRegister.java:tryRegister(44)) - Successfully registered JMX Bean with object name Ratis:service=RaftServer,group=group-EE781FF56F6E,id=d2c36bd8-bad5-464c-8c6b-b124cc016412
2019-09-20 08:30:27,954 [RatisPipelineUtilsThread] INFO  pipeline.PipelineStateManager (PipelineStateManager.java:addPipeline(56)) - Created pipeline Pipeline[ Id: 3a8607fb-ecd8-43c7-9629-ee781ff56f6e, Nodes: d2c36bd8-bad5-464c-8c6b-b124cc016412{ip: 192.168.34.27, host: pr-hdds-1569-6tbh6-3362816358, networkLocation: /default-rack, certSerialId: null}, Type:RATIS, Factor:ONE, State:OPEN]
2019-09-20 08:30:27,978 [grpc-default-executor-0] INFO  impl.RaftServerProxy (RaftServerProxy.java:addNew(89)) - d2c36bd8-bad5-464c-8c6b-b124cc016412: addNew group-4AF0F5603768:[d2c36bd8-bad5-464c-8c6b-b124cc016412:192.168.34.27:36532] returns group-4AF0F5603768:java.util.concurrent.CompletableFuture@11d42033[Not completed]
2019-09-20 08:30:27,980 [pool-60-thread-1] INFO  impl.RaftServerImpl (RaftServerImpl.java:<init>(93)) - d2c36bd8-bad5-464c-8c6b-b124cc016412: new RaftServerImpl for group-4AF0F5603768:[d2c36bd8-bad5-464c-8c6b-b124cc016412:192.168.34.27:36532] with ContainerStateMachine:uninitialized
2019-09-20 08:30:27,980 [pool-60-thread-1] INFO  server.RaftServerConfigKeys (ConfUtils.java:logGet(43)) - raft.server.rpc.timeout.min = 5s (custom)
2019-09-20 08:30:27,980 [pool-60-thread-1] INFO  server.RaftServerConfigKeys (ConfUtils.java:logGet(43)) - raft.server.rpc.timeout.max = 5200ms (custom)
2019-09-20 08:30:27,980 [pool-60-thread-1] INFO  server.RaftServerConfigKeys (ConfUtils.java:logGet(43)) - raft.server.rpcslowness.timeout = 120s (custom)
2019-09-20 08:30:27,981 [pool-60-thread-1] INFO  server.RaftServerConfigKeys (ConfUtils.java:logGet(43)) - raft.server.sleep.deviation.threshold = 300 (default)
2019-09-20 08:30:27,981 [pool-60-thread-1] INFO  server.RaftServerConfigKeys (ConfUtils.java:logGet(43)) - raft.server.log.appender.install.snapshot.enabled = false (custom)
2019-09-20 08:30:27,981 [pool-60-thread-1] INFO  impl.RaftServerImpl (ServerState.java:<init>(105)) - d2c36bd8-bad5-464c-8c6b-b124cc016412:group-4AF0F5603768 ConfigurationManager, init=-1: [d2c36bd8-bad5-464c-8c6b-b124cc016412:192.168.34.27:36532], old=null, confs=<EMPTY_MAP>
2019-09-20 08:30:27,981 [pool-60-thread-1] INFO  server.RaftServerConfigKeys (ConfUtils.java:logGet(43)) - raft.server.storage.dir = [/workdir/hadoop-ozone/tools/target/test-dir/MiniOzoneClusterImpl-27b2788d-4a5e-4768-9652-b88d14ddf2e4/datanode-3/data/ratis] (custom)
2019-09-20 08:30:27,982 [pool-60-thread-1] INFO  storage.RaftStorageDirectory (RaftStorageDirectory.java:analyzeStorage(246)) - The storage directory /workdir/hadoop-ozone/tools/target/test-dir/MiniOzoneClusterImpl-27b2788d-4a5e-4768-9652-b88d14ddf2e4/datanode-3/data/ratis/5df79001-db14-4511-8dc3-4af0f5603768 does not exist. Creating ...
2019-09-20 08:30:27,994 [pool-60-thread-1] INFO  storage.RaftStorageDirectory (RaftStorageDirectory.java:tryLock(328)) - Lock on /workdir/hadoop-ozone/tools/target/test-dir/MiniOzoneClusterImpl-27b2788d-4a5e-4768-9652-b88d14ddf2e4/datanode-3/data/ratis/5df79001-db14-4511-8dc3-4af0f5603768/in_use.lock acquired by nodename 3879@pr-hdds-1569-6tbh6-3362816358
2019-09-20 08:30:28,007 [pool-60-thread-1] INFO  storage.RaftStorage (RaftStorage.java:format(72)) - Storage directory /workdir/hadoop-ozone/tools/target/test-dir/MiniOzoneClusterImpl-27b2788d-4a5e-4768-9652-b88d14ddf2e4/datanode-3/data/ratis/5df79001-db14-4511-8dc3-4af0f5603768 has been successfully formatted.
2019-09-20 08:30:28,008 [pool-60-thread-1] INFO  ratis.ContainerStateMachine (ContainerStateMachine.java:loadSnapshot(226)) - group-4AF0F5603768: The snapshot info is null. Setting the last applied indexto:(t:0, i:~)
2019-09-20 08:30:28,008 [pool-60-thread-1] INFO  server.RaftServerConfigKeys (ConfUtils.java:logGet(43)) - raft.server.leader.election.timeout = 120s (custom)
2019-09-20 08:30:28,008 [pool-60-thread-1] INFO  server.RaftServerConfigKeys (ConfUtils.java:logGet(43)) - raft.server.log.use.memory = false (default)
2019-09-20 08:30:28,008 [pool-60-thread-1] INFO  server.RaftServerConfigKeys (ConfUtils.java:logGet(43)) - raft.server.log.purge.gap = 1000000 (custom)
2019-09-20 08:30:28,009 [pool-60-thread-1] INFO  server.RaftServerConfigKeys (ConfUtils.java:logGet(43)) - raft.server.log.appender.buffer.byte-limit = 33554432 (custom)
2019-09-20 08:30:28,009 [pool-60-thread-1] INFO  server.RaftServerConfigKeys (ConfUtils.java:logGet(43)) - raft.server.log.segment.size.max = 1048576 (custom)
2019-09-20 08:30:28,009 [pool-60-thread-1] INFO  server.RaftServerConfigKeys (ConfUtils.java:logGet(43)) - raft.server.log.segment.cache.num.max = 2 (custom)
2019-09-20 08:30:28,009 [pool-60-thread-1] INFO  segmented.SegmentedRaftLogWorker (SegmentedRaftLogWorker.java:<init>(172)) - new d2c36bd8-bad5-464c-8c6b-b124cc016412-SegmentedRaftLogWorker:Storage Directory /workdir/hadoop-ozone/tools/target/test-dir/MiniOzoneClusterImpl-27b2788d-4a5e-4768-9652-b88d14ddf2e4/datanode-3/data/ratis/5df79001-db14-4511-8dc3-4af0f5603768 for RaftStorage:Storage Directory /workdir/hadoop-ozone/tools/target/test-dir/MiniOzoneClusterImpl-27b2788d-4a5e-4768-9652-b88d14ddf2e4/datanode-3/data/ratis/5df79001-db14-4511-8dc3-4af0f5603768
2019-09-20 08:30:28,010 [pool-60-thread-1] INFO  server.RaftServerConfigKeys (ConfUtils.java:logGet(43)) - raft.server.log.queue.byte-limit = 2147483647 (custom)
2019-09-20 08:30:28,010 [pool-60-thread-1] INFO  server.RaftServerConfigKeys (ConfUtils.java:logGet(43)) - raft.server.log.queue.element-limit = 1024 (custom)
2019-09-20 08:30:28,010 [pool-60-thread-1] INFO  server.RaftServerConfigKeys (ConfUtils.java:logGet(43)) - raft.server.log.segment.size.max = 1048576 (custom)
2019-09-20 08:30:28,010 [pool-60-thread-1] INFO  server.RaftServerConfigKeys (ConfUtils.java:logGet(43)) - raft.server.log.preallocated.size = 16384 (custom)
2019-09-20 08:30:28,010 [pool-60-thread-1] INFO  server.RaftServerConfigKeys (ConfUtils.java:logGet(43)) - raft.server.log.write.buffer.size = 33554432 (custom)
2019-09-20 08:30:28,011 [pool-60-thread-1] INFO  server.RaftServerConfigKeys (ConfUtils.java:logGet(43)) - raft.server.log.force.sync.num = 128 (default)
2019-09-20 08:30:28,011 [pool-60-thread-1] INFO  server.RaftServerConfigKeys (ConfUtils.java:logGet(43)) - raft.server.log.statemachine.data.sync = true (default)
2019-09-20 08:30:28,011 [pool-60-thread-1] INFO  server.RaftServerConfigKeys (ConfUtils.java:logGet(43)) - raft.server.log.statemachine.data.sync.timeout = 10s (default)
2019-09-20 08:30:28,011 [pool-60-thread-1] INFO  server.RaftServerConfigKeys (ConfUtils.java:logGet(43)) - raft.server.log.statemachine.data.sync.timeout.retry = -1 (default)
2019-09-20 08:30:28,012 [pool-60-thread-1] INFO  server.RaftServerConfigKeys (ConfUtils.java:logGet(43)) - raft.server.log.statemachine.data.caching.enabled = true (custom)
2019-09-20 08:30:28,012 [pool-60-thread-1] INFO  segmented.SegmentedRaftLogWorker (SegmentedRaftLogWorker.java:lambda$new$0(132)) - d2c36bd8-bad5-464c-8c6b-b124cc016412-SegmentedRaftLogWorker:Storage Directory /workdir/hadoop-ozone/tools/target/test-dir/MiniOzoneClusterImpl-27b2788d-4a5e-4768-9652-b88d14ddf2e4/datanode-3/data/ratis/5df79001-db14-4511-8dc3-4af0f5603768: flushIndex: setUnconditionally 0 -> -1
2019-09-20 08:30:28,013 [pool-60-thread-1] INFO  server.RaftServerConfigKeys (ConfUtils.java:logGet(43)) - raft.server.snapshot.auto.trigger.enabled = true (custom)
2019-09-20 08:30:28,013 [pool-60-thread-1] INFO  server.RaftServerConfigKeys (ConfUtils.java:logGet(43)) - raft.server.snapshot.auto.trigger.threshold = 10000 (custom)
2019-09-20 08:30:28,013 [pool-60-thread-1] INFO  server.RaftServerConfigKeys (ConfUtils.java:logGet(43)) - raft.server.retrycache.expirytime = 600000ms (custom)
2019-09-20 08:30:28,013 [pool-60-thread-1] INFO  impl.RaftServerImpl (RaftServerImpl.java:start(180)) - d2c36bd8-bad5-464c-8c6b-b124cc016412: start group-4AF0F5603768
2019-09-20 08:30:28,014 [pool-60-thread-1] INFO  impl.RaftServerImpl (RaftServerImpl.java:setRole(171)) - d2c36bd8-bad5-464c-8c6b-b124cc016412:group-4AF0F5603768 changes role from null to FOLLOWER at term 0 for startAsFollower
2019-09-20 08:30:28,014 [pool-60-thread-1] INFO  impl.RoleInfo (RoleInfo.java:updateAndGet(143)) - d2c36bd8-bad5-464c-8c6b-b124cc016412: start FollowerState
2019-09-20 08:30:28,014 [pool-60-thread-1] INFO  util.JmxRegister (JmxRegister.java:tryRegister(44)) - Successfully registered JMX Bean with object name Ratis:service=RaftServer,group=group-4AF0F5603768,id=d2c36bd8-bad5-464c-8c6b-b124cc016412
2019-09-20 08:30:28,027 [RatisPipelineUtilsThread] INFO  pipeline.PipelineStateManager (PipelineStateManager.java:addPipeline(56)) - Created pipeline Pipeline[ Id: 5df79001-db14-4511-8dc3-4af0f5603768, Nodes: d2c36bd8-bad5-464c-8c6b-b124cc016412{ip: 192.168.34.27, host: pr-hdds-1569-6tbh6-3362816358, networkLocation: /default-rack, certSerialId: null}, Type:RATIS, Factor:ONE, State:OPEN]
2019-09-20 08:30:28,047 [grpc-default-executor-0] INFO  impl.RaftServerProxy (RaftServerProxy.java:addNew(89)) - e1a187e5-d89a-47f2-b2bd-c6db4da75c05: addNew group-B8A0DB7C408F:[e1a187e5-d89a-47f2-b2bd-c6db4da75c05:192.168.34.27:38433] returns group-B8A0DB7C408F:java.util.concurrent.CompletableFuture@628d397f[Not completed]
2019-09-20 08:30:28,049 [pool-27-thread-1] INFO  impl.RaftServerImpl (RaftServerImpl.java:<init>(93)) - e1a187e5-d89a-47f2-b2bd-c6db4da75c05: new RaftServerImpl for group-B8A0DB7C408F:[e1a187e5-d89a-47f2-b2bd-c6db4da75c05:192.168.34.27:38433] with ContainerStateMachine:uninitialized
2019-09-20 08:30:28,049 [pool-27-thread-1] INFO  server.RaftServerConfigKeys (ConfUtils.java:logGet(43)) - raft.server.rpc.timeout.min = 5s (custom)
2019-09-20 08:30:28,049 [pool-27-thread-1] INFO  server.RaftServerConfigKeys (ConfUtils.java:logGet(43)) - raft.server.rpc.timeout.max = 5200ms (custom)
2019-09-20 08:30:28,050 [pool-27-thread-1] INFO  server.RaftServerConfigKeys (ConfUtils.java:logGet(43)) - raft.server.rpcslowness.timeout = 120s (custom)
2019-09-20 08:30:28,050 [pool-27-thread-1] INFO  server.RaftServerConfigKeys (ConfUtils.java:logGet(43)) - raft.server.sleep.deviation.threshold = 300 (default)
2019-09-20 08:30:28,050 [pool-27-thread-1] INFO  server.RaftServerConfigKeys (ConfUtils.java:logGet(43)) - raft.server.log.appender.install.snapshot.enabled = false (custom)
2019-09-20 08:30:28,050 [pool-27-thread-1] INFO  impl.RaftServerImpl (ServerState.java:<init>(105)) - e1a187e5-d89a-47f2-b2bd-c6db4da75c05:group-B8A0DB7C408F ConfigurationManager, init=-1: [e1a187e5-d89a-47f2-b2bd-c6db4da75c05:192.168.34.27:38433], old=null, confs=<EMPTY_MAP>
2019-09-20 08:30:28,050 [pool-27-thread-1] INFO  server.RaftServerConfigKeys (ConfUtils.java:logGet(43)) - raft.server.storage.dir = [/workdir/hadoop-ozone/tools/target/test-dir/MiniOzoneClusterImpl-27b2788d-4a5e-4768-9652-b88d14ddf2e4/datanode-0/data/ratis] (custom)
2019-09-20 08:30:28,051 [pool-27-thread-1] INFO  storage.RaftStorageDirectory (RaftStorageDirectory.java:analyzeStorage(246)) - The storage directory /workdir/hadoop-ozone/tools/target/test-dir/MiniOzoneClusterImpl-27b2788d-4a5e-4768-9652-b88d14ddf2e4/datanode-0/data/ratis/e43afac2-79f4-4840-ba19-b8a0db7c408f does not exist. Creating ...
2019-09-20 08:30:28,063 [pool-27-thread-1] INFO  storage.RaftStorageDirectory (RaftStorageDirectory.java:tryLock(328)) - Lock on /workdir/hadoop-ozone/tools/target/test-dir/MiniOzoneClusterImpl-27b2788d-4a5e-4768-9652-b88d14ddf2e4/datanode-0/data/ratis/e43afac2-79f4-4840-ba19-b8a0db7c408f/in_use.lock acquired by nodename 3879@pr-hdds-1569-6tbh6-3362816358
2019-09-20 08:30:28,085 [pool-27-thread-1] INFO  storage.RaftStorage (RaftStorage.java:format(72)) - Storage directory /workdir/hadoop-ozone/tools/target/test-dir/MiniOzoneClusterImpl-27b2788d-4a5e-4768-9652-b88d14ddf2e4/datanode-0/data/ratis/e43afac2-79f4-4840-ba19-b8a0db7c408f has been successfully formatted.
2019-09-20 08:30:28,086 [pool-27-thread-1] INFO  ratis.ContainerStateMachine (ContainerStateMachine.java:loadSnapshot(226)) - group-B8A0DB7C408F: The snapshot info is null. Setting the last applied indexto:(t:0, i:~)
2019-09-20 08:30:28,086 [pool-27-thread-1] INFO  server.RaftServerConfigKeys (ConfUtils.java:logGet(43)) - raft.server.leader.election.timeout = 120s (custom)
2019-09-20 08:30:28,086 [pool-27-thread-1] INFO  server.RaftServerConfigKeys (ConfUtils.java:logGet(43)) - raft.server.log.use.memory = false (default)
2019-09-20 08:30:28,086 [pool-27-thread-1] INFO  server.RaftServerConfigKeys (ConfUtils.java:logGet(43)) - raft.server.log.purge.gap = 1000000 (custom)
2019-09-20 08:30:28,087 [pool-27-thread-1] INFO  server.RaftServerConfigKeys (ConfUtils.java:logGet(43)) - raft.server.log.appender.buffer.byte-limit = 33554432 (custom)
2019-09-20 08:30:28,087 [pool-27-thread-1] INFO  server.RaftServerConfigKeys (ConfUtils.java:logGet(43)) - raft.server.log.segment.size.max = 1048576 (custom)
2019-09-20 08:30:28,087 [pool-27-thread-1] INFO  server.RaftServerConfigKeys (ConfUtils.java:logGet(43)) - raft.server.log.segment.cache.num.max = 2 (custom)
2019-09-20 08:30:28,087 [pool-27-thread-1] INFO  segmented.SegmentedRaftLogWorker (SegmentedRaftLogWorker.java:<init>(172)) - new e1a187e5-d89a-47f2-b2bd-c6db4da75c05-SegmentedRaftLogWorker:Storage Directory /workdir/hadoop-ozone/tools/target/test-dir/MiniOzoneClusterImpl-27b2788d-4a5e-4768-9652-b88d14ddf2e4/datanode-0/data/ratis/e43afac2-79f4-4840-ba19-b8a0db7c408f for RaftStorage:Storage Directory /workdir/hadoop-ozone/tools/target/test-dir/MiniOzoneClusterImpl-27b2788d-4a5e-4768-9652-b88d14ddf2e4/datanode-0/data/ratis/e43afac2-79f4-4840-ba19-b8a0db7c408f
2019-09-20 08:30:28,087 [pool-27-thread-1] INFO  server.RaftServerConfigKeys (ConfUtils.java:logGet(43)) - raft.server.log.queue.byte-limit = 2147483647 (custom)
2019-09-20 08:30:28,088 [pool-27-thread-1] INFO  server.RaftServerConfigKeys (ConfUtils.java:logGet(43)) - raft.server.log.queue.element-limit = 1024 (custom)
2019-09-20 08:30:28,088 [pool-27-thread-1] INFO  server.RaftServerConfigKeys (ConfUtils.java:logGet(43)) - raft.server.log.segment.size.max = 1048576 (custom)
2019-09-20 08:30:28,088 [pool-27-thread-1] INFO  server.RaftServerConfigKeys (ConfUtils.java:logGet(43)) - raft.server.log.preallocated.size = 16384 (custom)
2019-09-20 08:30:28,088 [pool-27-thread-1] INFO  server.RaftServerConfigKeys (ConfUtils.java:logGet(43)) - raft.server.log.write.buffer.size = 33554432 (custom)
2019-09-20 08:30:28,088 [pool-27-thread-1] INFO  server.RaftServerConfigKeys (ConfUtils.java:logGet(43)) - raft.server.log.force.sync.num = 128 (default)
2019-09-20 08:30:28,088 [pool-27-thread-1] INFO  server.RaftServerConfigKeys (ConfUtils.java:logGet(43)) - raft.server.log.statemachine.data.sync = true (default)
2019-09-20 08:30:28,089 [pool-27-thread-1] INFO  server.RaftServerConfigKeys (ConfUtils.java:logGet(43)) - raft.server.log.statemachine.data.sync.timeout = 10s (default)
2019-09-20 08:30:28,089 [pool-27-thread-1] INFO  server.RaftServerConfigKeys (ConfUtils.java:logGet(43)) - raft.server.log.statemachine.data.sync.timeout.retry = -1 (default)
2019-09-20 08:30:28,089 [pool-27-thread-1] INFO  server.RaftServerConfigKeys (ConfUtils.java:logGet(43)) - raft.server.log.statemachine.data.caching.enabled = true (custom)
2019-09-20 08:30:28,089 [pool-27-thread-1] INFO  segmented.SegmentedRaftLogWorker (SegmentedRaftLogWorker.java:lambda$new$0(132)) - e1a187e5-d89a-47f2-b2bd-c6db4da75c05-SegmentedRaftLogWorker:Storage Directory /workdir/hadoop-ozone/tools/target/test-dir/MiniOzoneClusterImpl-27b2788d-4a5e-4768-9652-b88d14ddf2e4/datanode-0/data/ratis/e43afac2-79f4-4840-ba19-b8a0db7c408f: flushIndex: setUnconditionally 0 -> -1
2019-09-20 08:30:28,090 [pool-27-thread-1] INFO  server.RaftServerConfigKeys (ConfUtils.java:logGet(43)) - raft.server.snapshot.auto.trigger.enabled = true (custom)
2019-09-20 08:30:28,090 [pool-27-thread-1] INFO  server.RaftServerConfigKeys (ConfUtils.java:logGet(43)) - raft.server.snapshot.auto.trigger.threshold = 10000 (custom)
2019-09-20 08:30:28,090 [pool-27-thread-1] INFO  server.RaftServerConfigKeys (ConfUtils.java:logGet(43)) - raft.server.retrycache.expirytime = 600000ms (custom)
2019-09-20 08:30:28,091 [pool-27-thread-1] INFO  impl.RaftServerImpl (RaftServerImpl.java:start(180)) - e1a187e5-d89a-47f2-b2bd-c6db4da75c05: start group-B8A0DB7C408F
2019-09-20 08:30:28,091 [pool-27-thread-1] INFO  impl.RaftServerImpl (RaftServerImpl.java:setRole(171)) - e1a187e5-d89a-47f2-b2bd-c6db4da75c05:group-B8A0DB7C408F changes role from null to FOLLOWER at term 0 for startAsFollower
2019-09-20 08:30:28,091 [pool-27-thread-1] INFO  impl.RoleInfo (RoleInfo.java:updateAndGet(143)) - e1a187e5-d89a-47f2-b2bd-c6db4da75c05: start FollowerState
2019-09-20 08:30:28,092 [pool-27-thread-1] INFO  util.JmxRegister (JmxRegister.java:tryRegister(44)) - Successfully registered JMX Bean with object name Ratis:service=RaftServer,group=group-B8A0DB7C408F,id=e1a187e5-d89a-47f2-b2bd-c6db4da75c05
2019-09-20 08:30:28,110 [RatisPipelineUtilsThread] INFO  pipeline.PipelineStateManager (PipelineStateManager.java:addPipeline(56)) - Created pipeline Pipeline[ Id: e43afac2-79f4-4840-ba19-b8a0db7c408f, Nodes: e1a187e5-d89a-47f2-b2bd-c6db4da75c05{ip: 192.168.34.27, host: pr-hdds-1569-6tbh6-3362816358, networkLocation: /default-rack, certSerialId: null}, Type:RATIS, Factor:ONE, State:OPEN]
2019-09-20 08:30:28,126 [grpc-default-executor-0] INFO  impl.RaftServerProxy (RaftServerProxy.java:addNew(89)) - d2c36bd8-bad5-464c-8c6b-b124cc016412: addNew group-A705C8F27CCE:[d2c36bd8-bad5-464c-8c6b-b124cc016412:192.168.34.27:36532] returns group-A705C8F27CCE:java.util.concurrent.CompletableFuture@1a033f31[Not completed]
2019-09-20 08:30:28,129 [pool-60-thread-1] INFO  impl.RaftServerImpl (RaftServerImpl.java:<init>(93)) - d2c36bd8-bad5-464c-8c6b-b124cc016412: new RaftServerImpl for group-A705C8F27CCE:[d2c36bd8-bad5-464c-8c6b-b124cc016412:192.168.34.27:36532] with ContainerStateMachine:uninitialized
2019-09-20 08:30:28,129 [pool-60-thread-1] INFO  server.RaftServerConfigKeys (ConfUtils.java:logGet(43)) - raft.server.rpc.timeout.min = 5s (custom)
2019-09-20 08:30:28,129 [pool-60-thread-1] INFO  server.RaftServerConfigKeys (ConfUtils.java:logGet(43)) - raft.server.rpc.timeout.max = 5200ms (custom)
2019-09-20 08:30:28,130 [pool-60-thread-1] INFO  server.RaftServerConfigKeys (ConfUtils.java:logGet(43)) - raft.server.rpcslowness.timeout = 120s (custom)
2019-09-20 08:30:28,130 [pool-60-thread-1] INFO  server.RaftServerConfigKeys (ConfUtils.java:logGet(43)) - raft.server.sleep.deviation.threshold = 300 (default)
2019-09-20 08:30:28,130 [pool-60-thread-1] INFO  server.RaftServerConfigKeys (ConfUtils.java:logGet(43)) - raft.server.log.appender.install.snapshot.enabled = false (custom)
2019-09-20 08:30:28,130 [pool-60-thread-1] INFO  impl.RaftServerImpl (ServerState.java:<init>(105)) - d2c36bd8-bad5-464c-8c6b-b124cc016412:group-A705C8F27CCE ConfigurationManager, init=-1: [d2c36bd8-bad5-464c-8c6b-b124cc016412:192.168.34.27:36532], old=null, confs=<EMPTY_MAP>
2019-09-20 08:30:28,130 [pool-60-thread-1] INFO  server.RaftServerConfigKeys (ConfUtils.java:logGet(43)) - raft.server.storage.dir = [/workdir/hadoop-ozone/tools/target/test-dir/MiniOzoneClusterImpl-27b2788d-4a5e-4768-9652-b88d14ddf2e4/datanode-3/data/ratis] (custom)
2019-09-20 08:30:28,131 [pool-60-thread-1] INFO  storage.RaftStorageDirectory (RaftStorageDirectory.java:analyzeStorage(246)) - The storage directory /workdir/hadoop-ozone/tools/target/test-dir/MiniOzoneClusterImpl-27b2788d-4a5e-4768-9652-b88d14ddf2e4/datanode-3/data/ratis/6f16687c-a42a-4d84-959c-a705c8f27cce does not exist. Creating ...
2019-09-20 08:30:28,144 [pool-60-thread-1] INFO  storage.RaftStorageDirectory (RaftStorageDirectory.java:tryLock(328)) - Lock on /workdir/hadoop-ozone/tools/target/test-dir/MiniOzoneClusterImpl-27b2788d-4a5e-4768-9652-b88d14ddf2e4/datanode-3/data/ratis/6f16687c-a42a-4d84-959c-a705c8f27cce/in_use.lock acquired by nodename 3879@pr-hdds-1569-6tbh6-3362816358
2019-09-20 08:30:28,165 [pool-60-thread-1] INFO  storage.RaftStorage (RaftStorage.java:format(72)) - Storage directory /workdir/hadoop-ozone/tools/target/test-dir/MiniOzoneClusterImpl-27b2788d-4a5e-4768-9652-b88d14ddf2e4/datanode-3/data/ratis/6f16687c-a42a-4d84-959c-a705c8f27cce has been successfully formatted.
2019-09-20 08:30:28,166 [pool-60-thread-1] INFO  ratis.ContainerStateMachine (ContainerStateMachine.java:loadSnapshot(226)) - group-A705C8F27CCE: The snapshot info is null. Setting the last applied indexto:(t:0, i:~)
2019-09-20 08:30:28,166 [pool-60-thread-1] INFO  server.RaftServerConfigKeys (ConfUtils.java:logGet(43)) - raft.server.leader.election.timeout = 120s (custom)
2019-09-20 08:30:28,166 [pool-60-thread-1] INFO  server.RaftServerConfigKeys (ConfUtils.java:logGet(43)) - raft.server.log.use.memory = false (default)
2019-09-20 08:30:28,166 [pool-60-thread-1] INFO  server.RaftServerConfigKeys (ConfUtils.java:logGet(43)) - raft.server.log.purge.gap = 1000000 (custom)
2019-09-20 08:30:28,167 [pool-60-thread-1] INFO  server.RaftServerConfigKeys (ConfUtils.java:logGet(43)) - raft.server.log.appender.buffer.byte-limit = 33554432 (custom)
2019-09-20 08:30:28,167 [pool-60-thread-1] INFO  server.RaftServerConfigKeys (ConfUtils.java:logGet(43)) - raft.server.log.segment.size.max = 1048576 (custom)
2019-09-20 08:30:28,167 [pool-60-thread-1] INFO  server.RaftServerConfigKeys (ConfUtils.java:logGet(43)) - raft.server.log.segment.cache.num.max = 2 (custom)
2019-09-20 08:30:28,167 [pool-60-thread-1] INFO  segmented.SegmentedRaftLogWorker (SegmentedRaftLogWorker.java:<init>(172)) - new d2c36bd8-bad5-464c-8c6b-b124cc016412-SegmentedRaftLogWorker:Storage Directory /workdir/hadoop-ozone/tools/target/test-dir/MiniOzoneClusterImpl-27b2788d-4a5e-4768-9652-b88d14ddf2e4/datanode-3/data/ratis/6f16687c-a42a-4d84-959c-a705c8f27cce for RaftStorage:Storage Directory /workdir/hadoop-ozone/tools/target/test-dir/MiniOzoneClusterImpl-27b2788d-4a5e-4768-9652-b88d14ddf2e4/datanode-3/data/ratis/6f16687c-a42a-4d84-959c-a705c8f27cce
2019-09-20 08:30:28,167 [pool-60-thread-1] INFO  server.RaftServerConfigKeys (ConfUtils.java:logGet(43)) - raft.server.log.queue.byte-limit = 2147483647 (custom)
2019-09-20 08:30:28,168 [pool-60-thread-1] INFO  server.RaftServerConfigKeys (ConfUtils.java:logGet(43)) - raft.server.log.queue.element-limit = 1024 (custom)
2019-09-20 08:30:28,168 [pool-60-thread-1] INFO  server.RaftServerConfigKeys (ConfUtils.java:logGet(43)) - raft.server.log.segment.size.max = 1048576 (custom)
2019-09-20 08:30:28,168 [pool-60-thread-1] INFO  server.RaftServerConfigKeys (ConfUtils.java:logGet(43)) - raft.server.log.preallocated.size = 16384 (custom)
2019-09-20 08:30:28,168 [pool-60-thread-1] INFO  server.RaftServerConfigKeys (ConfUtils.java:logGet(43)) - raft.server.log.write.buffer.size = 33554432 (custom)
2019-09-20 08:30:28,168 [pool-60-thread-1] INFO  server.RaftServerConfigKeys (ConfUtils.java:logGet(43)) - raft.server.log.force.sync.num = 128 (default)
2019-09-20 08:30:28,169 [pool-60-thread-1] INFO  server.RaftServerConfigKeys (ConfUtils.java:logGet(43)) - raft.server.log.statemachine.data.sync = true (default)
2019-09-20 08:30:28,169 [pool-60-thread-1] INFO  server.RaftServerConfigKeys (ConfUtils.java:logGet(43)) - raft.server.log.statemachine.data.sync.timeout = 10s (default)
2019-09-20 08:30:28,169 [pool-60-thread-1] INFO  server.RaftServerConfigKeys (ConfUtils.java:logGet(43)) - raft.server.log.statemachine.data.sync.timeout.retry = -1 (default)
2019-09-20 08:30:28,169 [pool-60-thread-1] INFO  server.RaftServerConfigKeys (ConfUtils.java:logGet(43)) - raft.server.log.statemachine.data.caching.enabled = true (custom)
2019-09-20 08:30:28,170 [pool-60-thread-1] INFO  segmented.SegmentedRaftLogWorker (SegmentedRaftLogWorker.java:lambda$new$0(132)) - d2c36bd8-bad5-464c-8c6b-b124cc016412-SegmentedRaftLogWorker:Storage Directory /workdir/hadoop-ozone/tools/target/test-dir/MiniOzoneClusterImpl-27b2788d-4a5e-4768-9652-b88d14ddf2e4/datanode-3/data/ratis/6f16687c-a42a-4d84-959c-a705c8f27cce: flushIndex: setUnconditionally 0 -> -1
2019-09-20 08:30:28,170 [pool-60-thread-1] INFO  server.RaftServerConfigKeys (ConfUtils.java:logGet(43)) - raft.server.snapshot.auto.trigger.enabled = true (custom)
2019-09-20 08:30:28,170 [pool-60-thread-1] INFO  server.RaftServerConfigKeys (ConfUtils.java:logGet(43)) - raft.server.snapshot.auto.trigger.threshold = 10000 (custom)
2019-09-20 08:30:28,171 [pool-60-thread-1] INFO  server.RaftServerConfigKeys (ConfUtils.java:logGet(43)) - raft.server.retrycache.expirytime = 600000ms (custom)
2019-09-20 08:30:28,171 [pool-60-thread-1] INFO  impl.RaftServerImpl (RaftServerImpl.java:start(180)) - d2c36bd8-bad5-464c-8c6b-b124cc016412: start group-A705C8F27CCE
2019-09-20 08:30:28,171 [pool-60-thread-1] INFO  impl.RaftServerImpl (RaftServerImpl.java:setRole(171)) - d2c36bd8-bad5-464c-8c6b-b124cc016412:group-A705C8F27CCE changes role from null to FOLLOWER at term 0 for startAsFollower
2019-09-20 08:30:28,171 [pool-60-thread-1] INFO  impl.RoleInfo (RoleInfo.java:updateAndGet(143)) - d2c36bd8-bad5-464c-8c6b-b124cc016412: start FollowerState
2019-09-20 08:30:28,172 [pool-60-thread-1] INFO  util.JmxRegister (JmxRegister.java:tryRegister(44)) - Successfully registered JMX Bean with object name Ratis:service=RaftServer,group=group-A705C8F27CCE,id=d2c36bd8-bad5-464c-8c6b-b124cc016412
2019-09-20 08:30:28,188 [RatisPipelineUtilsThread] INFO  pipeline.PipelineStateManager (PipelineStateManager.java:addPipeline(56)) - Created pipeline Pipeline[ Id: 6f16687c-a42a-4d84-959c-a705c8f27cce, Nodes: d2c36bd8-bad5-464c-8c6b-b124cc016412{ip: 192.168.34.27, host: pr-hdds-1569-6tbh6-3362816358, networkLocation: /default-rack, certSerialId: null}, Type:RATIS, Factor:ONE, State:OPEN]
2019-09-20 08:30:28,204 [grpc-default-executor-0] INFO  impl.RaftServerProxy (RaftServerProxy.java:addNew(89)) - 4e3bae72-6dec-40bd-99be-7c75f0b44aae: addNew group-EC1057B35330:[4e3bae72-6dec-40bd-99be-7c75f0b44aae:192.168.34.27:33584] returns group-EC1057B35330:java.util.concurrent.CompletableFuture@4de2e3[Not completed]
2019-09-20 08:30:28,207 [pool-49-thread-1] INFO  impl.RaftServerImpl (RaftServerImpl.java:<init>(93)) - 4e3bae72-6dec-40bd-99be-7c75f0b44aae: new RaftServerImpl for group-EC1057B35330:[4e3bae72-6dec-40bd-99be-7c75f0b44aae:192.168.34.27:33584] with ContainerStateMachine:uninitialized
2019-09-20 08:30:28,207 [pool-49-thread-1] INFO  server.RaftServerConfigKeys (ConfUtils.java:logGet(43)) - raft.server.rpc.timeout.min = 5s (custom)
2019-09-20 08:30:28,207 [pool-49-thread-1] INFO  server.RaftServerConfigKeys (ConfUtils.java:logGet(43)) - raft.server.rpc.timeout.max = 5200ms (custom)
2019-09-20 08:30:28,208 [pool-49-thread-1] INFO  server.RaftServerConfigKeys (ConfUtils.java:logGet(43)) - raft.server.rpcslowness.timeout = 120s (custom)
2019-09-20 08:30:28,208 [pool-49-thread-1] INFO  server.RaftServerConfigKeys (ConfUtils.java:logGet(43)) - raft.server.sleep.deviation.threshold = 300 (default)
2019-09-20 08:30:28,208 [pool-49-thread-1] INFO  server.RaftServerConfigKeys (ConfUtils.java:logGet(43)) - raft.server.log.appender.install.snapshot.enabled = false (custom)
2019-09-20 08:30:28,208 [pool-49-thread-1] INFO  impl.RaftServerImpl (ServerState.java:<init>(105)) - 4e3bae72-6dec-40bd-99be-7c75f0b44aae:group-EC1057B35330 ConfigurationManager, init=-1: [4e3bae72-6dec-40bd-99be-7c75f0b44aae:192.168.34.27:33584], old=null, confs=<EMPTY_MAP>
2019-09-20 08:30:28,209 [pool-49-thread-1] INFO  server.RaftServerConfigKeys (ConfUtils.java:logGet(43)) - raft.server.storage.dir = [/workdir/hadoop-ozone/tools/target/test-dir/MiniOzoneClusterImpl-27b2788d-4a5e-4768-9652-b88d14ddf2e4/datanode-2/data/ratis] (custom)
2019-09-20 08:30:28,209 [pool-49-thread-1] INFO  storage.RaftStorageDirectory (RaftStorageDirectory.java:analyzeStorage(246)) - The storage directory /workdir/hadoop-ozone/tools/target/test-dir/MiniOzoneClusterImpl-27b2788d-4a5e-4768-9652-b88d14ddf2e4/datanode-2/data/ratis/17bb7a53-d274-45ca-8f20-ec1057b35330 does not exist. Creating ...
2019-09-20 08:30:28,223 [pool-49-thread-1] INFO  storage.RaftStorageDirectory (RaftStorageDirectory.java:tryLock(328)) - Lock on /workdir/hadoop-ozone/tools/target/test-dir/MiniOzoneClusterImpl-27b2788d-4a5e-4768-9652-b88d14ddf2e4/datanode-2/data/ratis/17bb7a53-d274-45ca-8f20-ec1057b35330/in_use.lock acquired by nodename 3879@pr-hdds-1569-6tbh6-3362816358
2019-09-20 08:30:28,236 [pool-49-thread-1] INFO  storage.RaftStorage (RaftStorage.java:format(72)) - Storage directory /workdir/hadoop-ozone/tools/target/test-dir/MiniOzoneClusterImpl-27b2788d-4a5e-4768-9652-b88d14ddf2e4/datanode-2/data/ratis/17bb7a53-d274-45ca-8f20-ec1057b35330 has been successfully formatted.
2019-09-20 08:30:28,236 [pool-49-thread-1] INFO  ratis.ContainerStateMachine (ContainerStateMachine.java:loadSnapshot(226)) - group-EC1057B35330: The snapshot info is null. Setting the last applied indexto:(t:0, i:~)
2019-09-20 08:30:28,236 [pool-49-thread-1] INFO  server.RaftServerConfigKeys (ConfUtils.java:logGet(43)) - raft.server.leader.election.timeout = 120s (custom)
2019-09-20 08:30:28,236 [pool-49-thread-1] INFO  server.RaftServerConfigKeys (ConfUtils.java:logGet(43)) - raft.server.log.use.memory = false (default)
2019-09-20 08:30:28,237 [pool-49-thread-1] INFO  server.RaftServerConfigKeys (ConfUtils.java:logGet(43)) - raft.server.log.purge.gap = 1000000 (custom)
2019-09-20 08:30:28,237 [pool-49-thread-1] INFO  server.RaftServerConfigKeys (ConfUtils.java:logGet(43)) - raft.server.log.appender.buffer.byte-limit = 33554432 (custom)
2019-09-20 08:30:28,237 [pool-49-thread-1] INFO  server.RaftServerConfigKeys (ConfUtils.java:logGet(43)) - raft.server.log.segment.size.max = 1048576 (custom)
2019-09-20 08:30:28,237 [pool-49-thread-1] INFO  server.RaftServerConfigKeys (ConfUtils.java:logGet(43)) - raft.server.log.segment.cache.num.max = 2 (custom)
2019-09-20 08:30:28,237 [pool-49-thread-1] INFO  segmented.SegmentedRaftLogWorker (SegmentedRaftLogWorker.java:<init>(172)) - new 4e3bae72-6dec-40bd-99be-7c75f0b44aae-SegmentedRaftLogWorker:Storage Directory /workdir/hadoop-ozone/tools/target/test-dir/MiniOzoneClusterImpl-27b2788d-4a5e-4768-9652-b88d14ddf2e4/datanode-2/data/ratis/17bb7a53-d274-45ca-8f20-ec1057b35330 for RaftStorage:Storage Directory /workdir/hadoop-ozone/tools/target/test-dir/MiniOzoneClusterImpl-27b2788d-4a5e-4768-9652-b88d14ddf2e4/datanode-2/data/ratis/17bb7a53-d274-45ca-8f20-ec1057b35330
2019-09-20 08:30:28,238 [pool-49-thread-1] INFO  server.RaftServerConfigKeys (ConfUtils.java:logGet(43)) - raft.server.log.queue.byte-limit = 2147483647 (custom)
2019-09-20 08:30:28,238 [pool-49-thread-1] INFO  server.RaftServerConfigKeys (ConfUtils.java:logGet(43)) - raft.server.log.queue.element-limit = 1024 (custom)
2019-09-20 08:30:28,238 [pool-49-thread-1] INFO  server.RaftServerConfigKeys (ConfUtils.java:logGet(43)) - raft.server.log.segment.size.max = 1048576 (custom)
2019-09-20 08:30:28,239 [pool-49-thread-1] INFO  server.RaftServerConfigKeys (ConfUtils.java:logGet(43)) - raft.server.log.preallocated.size = 16384 (custom)
2019-09-20 08:30:28,239 [pool-49-thread-1] INFO  server.RaftServerConfigKeys (ConfUtils.java:logGet(43)) - raft.server.log.write.buffer.size = 33554432 (custom)
2019-09-20 08:30:28,239 [pool-49-thread-1] INFO  server.RaftServerConfigKeys (ConfUtils.java:logGet(43)) - raft.server.log.force.sync.num = 128 (default)
2019-09-20 08:30:28,239 [pool-49-thread-1] INFO  server.RaftServerConfigKeys (ConfUtils.java:logGet(43)) - raft.server.log.statemachine.data.sync = true (default)
2019-09-20 08:30:28,239 [pool-49-thread-1] INFO  server.RaftServerConfigKeys (ConfUtils.java:logGet(43)) - raft.server.log.statemachine.data.sync.timeout = 10s (default)
2019-09-20 08:30:28,239 [pool-49-thread-1] INFO  server.RaftServerConfigKeys (ConfUtils.java:logGet(43)) - raft.server.log.statemachine.data.sync.timeout.retry = -1 (default)
2019-09-20 08:30:28,240 [pool-49-thread-1] INFO  server.RaftServerConfigKeys (ConfUtils.java:logGet(43)) - raft.server.log.statemachine.data.caching.enabled = true (custom)
2019-09-20 08:30:28,240 [pool-49-thread-1] INFO  segmented.SegmentedRaftLogWorker (SegmentedRaftLogWorker.java:lambda$new$0(132)) - 4e3bae72-6dec-40bd-99be-7c75f0b44aae-SegmentedRaftLogWorker:Storage Directory /workdir/hadoop-ozone/tools/target/test-dir/MiniOzoneClusterImpl-27b2788d-4a5e-4768-9652-b88d14ddf2e4/datanode-2/data/ratis/17bb7a53-d274-45ca-8f20-ec1057b35330: flushIndex: setUnconditionally 0 -> -1
2019-09-20 08:30:28,241 [pool-49-thread-1] INFO  server.RaftServerConfigKeys (ConfUtils.java:logGet(43)) - raft.server.snapshot.auto.trigger.enabled = true (custom)
2019-09-20 08:30:28,241 [pool-49-thread-1] INFO  server.RaftServerConfigKeys (ConfUtils.java:logGet(43)) - raft.server.snapshot.auto.trigger.threshold = 10000 (custom)
2019-09-20 08:30:28,241 [pool-49-thread-1] INFO  server.RaftServerConfigKeys (ConfUtils.java:logGet(43)) - raft.server.retrycache.expirytime = 600000ms (custom)
2019-09-20 08:30:28,241 [pool-49-thread-1] INFO  impl.RaftServerImpl (RaftServerImpl.java:start(180)) - 4e3bae72-6dec-40bd-99be-7c75f0b44aae: start group-EC1057B35330
2019-09-20 08:30:28,242 [pool-49-thread-1] INFO  impl.RaftServerImpl (RaftServerImpl.java:setRole(171)) - 4e3bae72-6dec-40bd-99be-7c75f0b44aae:group-EC1057B35330 changes role from null to FOLLOWER at term 0 for startAsFollower
2019-09-20 08:30:28,242 [pool-49-thread-1] INFO  impl.RoleInfo (RoleInfo.java:updateAndGet(143)) - 4e3bae72-6dec-40bd-99be-7c75f0b44aae: start FollowerState
2019-09-20 08:30:28,242 [pool-49-thread-1] INFO  util.JmxRegister (JmxRegister.java:tryRegister(44)) - Successfully registered JMX Bean with object name Ratis:service=RaftServer,group=group-EC1057B35330,id=4e3bae72-6dec-40bd-99be-7c75f0b44aae
2019-09-20 08:30:28,254 [RatisPipelineUtilsThread] INFO  pipeline.PipelineStateManager (PipelineStateManager.java:addPipeline(56)) - Created pipeline Pipeline[ Id: 17bb7a53-d274-45ca-8f20-ec1057b35330, Nodes: 4e3bae72-6dec-40bd-99be-7c75f0b44aae{ip: 192.168.34.27, host: pr-hdds-1569-6tbh6-3362816358, networkLocation: /default-rack, certSerialId: null}, Type:RATIS, Factor:ONE, State:OPEN]
2019-09-20 08:30:28,269 [grpc-default-executor-0] INFO  impl.RaftServerProxy (RaftServerProxy.java:addNew(89)) - e1a187e5-d89a-47f2-b2bd-c6db4da75c05: addNew group-6A0CDE0089E7:[e1a187e5-d89a-47f2-b2bd-c6db4da75c05:192.168.34.27:38433] returns group-6A0CDE0089E7:java.util.concurrent.CompletableFuture@1e3d494d[Not completed]
2019-09-20 08:30:28,271 [pool-27-thread-1] INFO  impl.RaftServerImpl (RaftServerImpl.java:<init>(93)) - e1a187e5-d89a-47f2-b2bd-c6db4da75c05: new RaftServerImpl for group-6A0CDE0089E7:[e1a187e5-d89a-47f2-b2bd-c6db4da75c05:192.168.34.27:38433] with ContainerStateMachine:uninitialized
2019-09-20 08:30:28,271 [pool-27-thread-1] INFO  server.RaftServerConfigKeys (ConfUtils.java:logGet(43)) - raft.server.rpc.timeout.min = 5s (custom)
2019-09-20 08:30:28,272 [pool-27-thread-1] INFO  server.RaftServerConfigKeys (ConfUtils.java:logGet(43)) - raft.server.rpc.timeout.max = 5200ms (custom)
2019-09-20 08:30:28,272 [pool-27-thread-1] INFO  server.RaftServerConfigKeys (ConfUtils.java:logGet(43)) - raft.server.rpcslowness.timeout = 120s (custom)
2019-09-20 08:30:28,272 [pool-27-thread-1] INFO  server.RaftServerConfigKeys (ConfUtils.java:logGet(43)) - raft.server.sleep.deviation.threshold = 300 (default)
2019-09-20 08:30:28,272 [pool-27-thread-1] INFO  server.RaftServerConfigKeys (ConfUtils.java:logGet(43)) - raft.server.log.appender.install.snapshot.enabled = false (custom)
2019-09-20 08:30:28,272 [pool-27-thread-1] INFO  impl.RaftServerImpl (ServerState.java:<init>(105)) - e1a187e5-d89a-47f2-b2bd-c6db4da75c05:group-6A0CDE0089E7 ConfigurationManager, init=-1: [e1a187e5-d89a-47f2-b2bd-c6db4da75c05:192.168.34.27:38433], old=null, confs=<EMPTY_MAP>
2019-09-20 08:30:28,273 [pool-27-thread-1] INFO  server.RaftServerConfigKeys (ConfUtils.java:logGet(43)) - raft.server.storage.dir = [/workdir/hadoop-ozone/tools/target/test-dir/MiniOzoneClusterImpl-27b2788d-4a5e-4768-9652-b88d14ddf2e4/datanode-0/data/ratis] (custom)
2019-09-20 08:30:28,273 [pool-27-thread-1] INFO  storage.RaftStorageDirectory (RaftStorageDirectory.java:analyzeStorage(246)) - The storage directory /workdir/hadoop-ozone/tools/target/test-dir/MiniOzoneClusterImpl-27b2788d-4a5e-4768-9652-b88d14ddf2e4/datanode-0/data/ratis/70e28a07-8fd9-4661-98e9-6a0cde0089e7 does not exist. Creating ...
2019-09-20 08:30:28,286 [pool-27-thread-1] INFO  storage.RaftStorageDirectory (RaftStorageDirectory.java:tryLock(328)) - Lock on /workdir/hadoop-ozone/tools/target/test-dir/MiniOzoneClusterImpl-27b2788d-4a5e-4768-9652-b88d14ddf2e4/datanode-0/data/ratis/70e28a07-8fd9-4661-98e9-6a0cde0089e7/in_use.lock acquired by nodename 3879@pr-hdds-1569-6tbh6-3362816358
2019-09-20 08:30:28,298 [pool-27-thread-1] INFO  storage.RaftStorage (RaftStorage.java:format(72)) - Storage directory /workdir/hadoop-ozone/tools/target/test-dir/MiniOzoneClusterImpl-27b2788d-4a5e-4768-9652-b88d14ddf2e4/datanode-0/data/ratis/70e28a07-8fd9-4661-98e9-6a0cde0089e7 has been successfully formatted.
2019-09-20 08:30:28,299 [pool-27-thread-1] INFO  ratis.ContainerStateMachine (ContainerStateMachine.java:loadSnapshot(226)) - group-6A0CDE0089E7: The snapshot info is null. Setting the last applied indexto:(t:0, i:~)
2019-09-20 08:30:28,299 [pool-27-thread-1] INFO  server.RaftServerConfigKeys (ConfUtils.java:logGet(43)) - raft.server.leader.election.timeout = 120s (custom)
2019-09-20 08:30:28,299 [pool-27-thread-1] INFO  server.RaftServerConfigKeys (ConfUtils.java:logGet(43)) - raft.server.log.use.memory = false (default)
2019-09-20 08:30:28,299 [pool-27-thread-1] INFO  server.RaftServerConfigKeys (ConfUtils.java:logGet(43)) - raft.server.log.purge.gap = 1000000 (custom)
2019-09-20 08:30:28,300 [pool-27-thread-1] INFO  server.RaftServerConfigKeys (ConfUtils.java:logGet(43)) - raft.server.log.appender.buffer.byte-limit = 33554432 (custom)
2019-09-20 08:30:28,300 [pool-27-thread-1] INFO  server.RaftServerConfigKeys (ConfUtils.java:logGet(43)) - raft.server.log.segment.size.max = 1048576 (custom)
2019-09-20 08:30:28,300 [pool-27-thread-1] INFO  server.RaftServerConfigKeys (ConfUtils.java:logGet(43)) - raft.server.log.segment.cache.num.max = 2 (custom)
2019-09-20 08:30:28,300 [pool-27-thread-1] INFO  segmented.SegmentedRaftLogWorker (SegmentedRaftLogWorker.java:<init>(172)) - new e1a187e5-d89a-47f2-b2bd-c6db4da75c05-SegmentedRaftLogWorker:Storage Directory /workdir/hadoop-ozone/tools/target/test-dir/MiniOzoneClusterImpl-27b2788d-4a5e-4768-9652-b88d14ddf2e4/datanode-0/data/ratis/70e28a07-8fd9-4661-98e9-6a0cde0089e7 for RaftStorage:Storage Directory /workdir/hadoop-ozone/tools/target/test-dir/MiniOzoneClusterImpl-27b2788d-4a5e-4768-9652-b88d14ddf2e4/datanode-0/data/ratis/70e28a07-8fd9-4661-98e9-6a0cde0089e7
2019-09-20 08:30:28,300 [pool-27-thread-1] INFO  server.RaftServerConfigKeys (ConfUtils.java:logGet(43)) - raft.server.log.queue.byte-limit = 2147483647 (custom)
2019-09-20 08:30:28,301 [pool-27-thread-1] INFO  server.RaftServerConfigKeys (ConfUtils.java:logGet(43)) - raft.server.log.queue.element-limit = 1024 (custom)
2019-09-20 08:30:28,301 [pool-27-thread-1] INFO  server.RaftServerConfigKeys (ConfUtils.java:logGet(43)) - raft.server.log.segment.size.max = 1048576 (custom)
2019-09-20 08:30:28,301 [pool-27-thread-1] INFO  server.RaftServerConfigKeys (ConfUtils.java:logGet(43)) - raft.server.log.preallocated.size = 16384 (custom)
2019-09-20 08:30:28,301 [pool-27-thread-1] INFO  server.RaftServerConfigKeys (ConfUtils.java:logGet(43)) - raft.server.log.write.buffer.size = 33554432 (custom)
2019-09-20 08:30:28,301 [pool-27-thread-1] INFO  server.RaftServerConfigKeys (ConfUtils.java:logGet(43)) - raft.server.log.force.sync.num = 128 (default)
2019-09-20 08:30:28,301 [pool-27-thread-1] INFO  server.RaftServerConfigKeys (ConfUtils.java:logGet(43)) - raft.server.log.statemachine.data.sync = true (default)
2019-09-20 08:30:28,302 [pool-27-thread-1] INFO  server.RaftServerConfigKeys (ConfUtils.java:logGet(43)) - raft.server.log.statemachine.data.sync.timeout = 10s (default)
2019-09-20 08:30:28,302 [pool-27-thread-1] INFO  server.RaftServerConfigKeys (ConfUtils.java:logGet(43)) - raft.server.log.statemachine.data.sync.timeout.retry = -1 (default)
2019-09-20 08:30:28,302 [pool-27-thread-1] INFO  server.RaftServerConfigKeys (ConfUtils.java:logGet(43)) - raft.server.log.statemachine.data.caching.enabled = true (custom)
2019-09-20 08:30:28,303 [pool-27-thread-1] INFO  segmented.SegmentedRaftLogWorker (SegmentedRaftLogWorker.java:lambda$new$0(132)) - e1a187e5-d89a-47f2-b2bd-c6db4da75c05-SegmentedRaftLogWorker:Storage Directory /workdir/hadoop-ozone/tools/target/test-dir/MiniOzoneClusterImpl-27b2788d-4a5e-4768-9652-b88d14ddf2e4/datanode-0/data/ratis/70e28a07-8fd9-4661-98e9-6a0cde0089e7: flushIndex: setUnconditionally 0 -> -1
2019-09-20 08:30:28,303 [pool-27-thread-1] INFO  server.RaftServerConfigKeys (ConfUtils.java:logGet(43)) - raft.server.snapshot.auto.trigger.enabled = true (custom)
2019-09-20 08:30:28,303 [pool-27-thread-1] INFO  server.RaftServerConfigKeys (ConfUtils.java:logGet(43)) - raft.server.snapshot.auto.trigger.threshold = 10000 (custom)
2019-09-20 08:30:28,304 [pool-27-thread-1] INFO  server.RaftServerConfigKeys (ConfUtils.java:logGet(43)) - raft.server.retrycache.expirytime = 600000ms (custom)
2019-09-20 08:30:28,304 [pool-27-thread-1] INFO  impl.RaftServerImpl (RaftServerImpl.java:start(180)) - e1a187e5-d89a-47f2-b2bd-c6db4da75c05: start group-6A0CDE0089E7
2019-09-20 08:30:28,304 [pool-27-thread-1] INFO  impl.RaftServerImpl (RaftServerImpl.java:setRole(171)) - e1a187e5-d89a-47f2-b2bd-c6db4da75c05:group-6A0CDE0089E7 changes role from null to FOLLOWER at term 0 for startAsFollower
2019-09-20 08:30:28,304 [pool-27-thread-1] INFO  impl.RoleInfo (RoleInfo.java:updateAndGet(143)) - e1a187e5-d89a-47f2-b2bd-c6db4da75c05: start FollowerState
2019-09-20 08:30:28,305 [pool-27-thread-1] INFO  util.JmxRegister (JmxRegister.java:tryRegister(44)) - Successfully registered JMX Bean with object name Ratis:service=RaftServer,group=group-6A0CDE0089E7,id=e1a187e5-d89a-47f2-b2bd-c6db4da75c05
2019-09-20 08:30:28,317 [RatisPipelineUtilsThread] INFO  pipeline.PipelineStateManager (PipelineStateManager.java:addPipeline(56)) - Created pipeline Pipeline[ Id: 70e28a07-8fd9-4661-98e9-6a0cde0089e7, Nodes: e1a187e5-d89a-47f2-b2bd-c6db4da75c05{ip: 192.168.34.27, host: pr-hdds-1569-6tbh6-3362816358, networkLocation: /default-rack, certSerialId: null}, Type:RATIS, Factor:ONE, State:OPEN]
2019-09-20 08:30:28,332 [grpc-default-executor-0] INFO  impl.RaftServerProxy (RaftServerProxy.java:addNew(89)) - d2c36bd8-bad5-464c-8c6b-b124cc016412: addNew group-F6A4C4C7B6D6:[d2c36bd8-bad5-464c-8c6b-b124cc016412:192.168.34.27:36532] returns group-F6A4C4C7B6D6:java.util.concurrent.CompletableFuture@b8546b1[Not completed]
2019-09-20 08:30:28,334 [pool-60-thread-1] INFO  impl.RaftServerImpl (RaftServerImpl.java:<init>(93)) - d2c36bd8-bad5-464c-8c6b-b124cc016412: new RaftServerImpl for group-F6A4C4C7B6D6:[d2c36bd8-bad5-464c-8c6b-b124cc016412:192.168.34.27:36532] with ContainerStateMachine:uninitialized
2019-09-20 08:30:28,334 [pool-60-thread-1] INFO  server.RaftServerConfigKeys (ConfUtils.java:logGet(43)) - raft.server.rpc.timeout.min = 5s (custom)
2019-09-20 08:30:28,334 [pool-60-thread-1] INFO  server.RaftServerConfigKeys (ConfUtils.java:logGet(43)) - raft.server.rpc.timeout.max = 5200ms (custom)
2019-09-20 08:30:28,335 [pool-60-thread-1] INFO  server.RaftServerConfigKeys (ConfUtils.java:logGet(43)) - raft.server.rpcslowness.timeout = 120s (custom)
2019-09-20 08:30:28,335 [pool-60-thread-1] INFO  server.RaftServerConfigKeys (ConfUtils.java:logGet(43)) - raft.server.sleep.deviation.threshold = 300 (default)
2019-09-20 08:30:28,335 [pool-60-thread-1] INFO  server.RaftServerConfigKeys (ConfUtils.java:logGet(43)) - raft.server.log.appender.install.snapshot.enabled = false (custom)
2019-09-20 08:30:28,335 [pool-60-thread-1] INFO  impl.RaftServerImpl (ServerState.java:<init>(105)) - d2c36bd8-bad5-464c-8c6b-b124cc016412:group-F6A4C4C7B6D6 ConfigurationManager, init=-1: [d2c36bd8-bad5-464c-8c6b-b124cc016412:192.168.34.27:36532], old=null, confs=<EMPTY_MAP>
2019-09-20 08:30:28,336 [pool-60-thread-1] INFO  server.RaftServerConfigKeys (ConfUtils.java:logGet(43)) - raft.server.storage.dir = [/workdir/hadoop-ozone/tools/target/test-dir/MiniOzoneClusterImpl-27b2788d-4a5e-4768-9652-b88d14ddf2e4/datanode-3/data/ratis] (custom)
2019-09-20 08:30:28,336 [pool-60-thread-1] INFO  storage.RaftStorageDirectory (RaftStorageDirectory.java:analyzeStorage(246)) - The storage directory /workdir/hadoop-ozone/tools/target/test-dir/MiniOzoneClusterImpl-27b2788d-4a5e-4768-9652-b88d14ddf2e4/datanode-3/data/ratis/2577b900-869b-46a9-b654-f6a4c4c7b6d6 does not exist. Creating ...
2019-09-20 08:30:28,349 [pool-60-thread-1] INFO  storage.RaftStorageDirectory (RaftStorageDirectory.java:tryLock(328)) - Lock on /workdir/hadoop-ozone/tools/target/test-dir/MiniOzoneClusterImpl-27b2788d-4a5e-4768-9652-b88d14ddf2e4/datanode-3/data/ratis/2577b900-869b-46a9-b654-f6a4c4c7b6d6/in_use.lock acquired by nodename 3879@pr-hdds-1569-6tbh6-3362816358
2019-09-20 08:30:28,374 [main] INFO  ozone.MiniOzoneClusterImpl (MiniOzoneClusterImpl.java:lambda$waitForClusterToBeReady$0(142)) - Cluster is ready. Got 5 of 5 DN Heartbeats.
2019-09-20 08:30:28,377 [pool-60-thread-1] INFO  storage.RaftStorage (RaftStorage.java:format(72)) - Storage directory /workdir/hadoop-ozone/tools/target/test-dir/MiniOzoneClusterImpl-27b2788d-4a5e-4768-9652-b88d14ddf2e4/datanode-3/data/ratis/2577b900-869b-46a9-b654-f6a4c4c7b6d6 has been successfully formatted.
2019-09-20 08:30:28,378 [pool-60-thread-1] INFO  ratis.ContainerStateMachine (ContainerStateMachine.java:loadSnapshot(226)) - group-F6A4C4C7B6D6: The snapshot info is null. Setting the last applied indexto:(t:0, i:~)
2019-09-20 08:30:28,378 [pool-60-thread-1] INFO  server.RaftServerConfigKeys (ConfUtils.java:logGet(43)) - raft.server.leader.election.timeout = 120s (custom)
2019-09-20 08:30:28,378 [pool-60-thread-1] INFO  server.RaftServerConfigKeys (ConfUtils.java:logGet(43)) - raft.server.log.use.memory = false (default)
2019-09-20 08:30:28,379 [pool-60-thread-1] INFO  server.RaftServerConfigKeys (ConfUtils.java:logGet(43)) - raft.server.log.purge.gap = 1000000 (custom)
2019-09-20 08:30:28,379 [pool-60-thread-1] INFO  server.RaftServerConfigKeys (ConfUtils.java:logGet(43)) - raft.server.log.appender.buffer.byte-limit = 33554432 (custom)
2019-09-20 08:30:28,379 [pool-60-thread-1] INFO  server.RaftServerConfigKeys (ConfUtils.java:logGet(43)) - raft.server.log.segment.size.max = 1048576 (custom)
2019-09-20 08:30:28,379 [pool-60-thread-1] INFO  server.RaftServerConfigKeys (ConfUtils.java:logGet(43)) - raft.server.log.segment.cache.num.max = 2 (custom)
2019-09-20 08:30:28,379 [pool-60-thread-1] INFO  segmented.SegmentedRaftLogWorker (SegmentedRaftLogWorker.java:<init>(172)) - new d2c36bd8-bad5-464c-8c6b-b124cc016412-SegmentedRaftLogWorker:Storage Directory /workdir/hadoop-ozone/tools/target/test-dir/MiniOzoneClusterImpl-27b2788d-4a5e-4768-9652-b88d14ddf2e4/datanode-3/data/ratis/2577b900-869b-46a9-b654-f6a4c4c7b6d6 for RaftStorage:Storage Directory /workdir/hadoop-ozone/tools/target/test-dir/MiniOzoneClusterImpl-27b2788d-4a5e-4768-9652-b88d14ddf2e4/datanode-3/data/ratis/2577b900-869b-46a9-b654-f6a4c4c7b6d6
2019-09-20 08:30:28,380 [pool-60-thread-1] INFO  server.RaftServerConfigKeys (ConfUtils.java:logGet(43)) - raft.server.log.queue.byte-limit = 2147483647 (custom)
2019-09-20 08:30:28,380 [pool-60-thread-1] INFO  server.RaftServerConfigKeys (ConfUtils.java:logGet(43)) - raft.server.log.queue.element-limit = 1024 (custom)
2019-09-20 08:30:28,380 [pool-60-thread-1] INFO  server.RaftServerConfigKeys (ConfUtils.java:logGet(43)) - raft.server.log.segment.size.max = 1048576 (custom)
2019-09-20 08:30:28,380 [pool-60-thread-1] INFO  server.RaftServerConfigKeys (ConfUtils.java:logGet(43)) - raft.server.log.preallocated.size = 16384 (custom)
2019-09-20 08:30:28,380 [pool-60-thread-1] INFO  server.RaftServerConfigKeys (ConfUtils.java:logGet(43)) - raft.server.log.write.buffer.size = 33554432 (custom)
2019-09-20 08:30:28,380 [pool-60-thread-1] INFO  server.RaftServerConfigKeys (ConfUtils.java:logGet(43)) - raft.server.log.force.sync.num = 128 (default)
2019-09-20 08:30:28,381 [pool-60-thread-1] INFO  server.RaftServerConfigKeys (ConfUtils.java:logGet(43)) - raft.server.log.statemachine.data.sync = true (default)
2019-09-20 08:30:28,381 [pool-60-thread-1] INFO  server.RaftServerConfigKeys (ConfUtils.java:logGet(43)) - raft.server.log.statemachine.data.sync.timeout = 10s (default)
2019-09-20 08:30:28,381 [pool-60-thread-1] INFO  server.RaftServerConfigKeys (ConfUtils.java:logGet(43)) - raft.server.log.statemachine.data.sync.timeout.retry = -1 (default)
2019-09-20 08:30:28,381 [pool-60-thread-1] INFO  server.RaftServerConfigKeys (ConfUtils.java:logGet(43)) - raft.server.log.statemachine.data.caching.enabled = true (custom)
2019-09-20 08:30:28,382 [pool-60-thread-1] INFO  segmented.SegmentedRaftLogWorker (SegmentedRaftLogWorker.java:lambda$new$0(132)) - d2c36bd8-bad5-464c-8c6b-b124cc016412-SegmentedRaftLogWorker:Storage Directory /workdir/hadoop-ozone/tools/target/test-dir/MiniOzoneClusterImpl-27b2788d-4a5e-4768-9652-b88d14ddf2e4/datanode-3/data/ratis/2577b900-869b-46a9-b654-f6a4c4c7b6d6: flushIndex: setUnconditionally 0 -> -1
2019-09-20 08:30:28,382 [pool-60-thread-1] INFO  server.RaftServerConfigKeys (ConfUtils.java:logGet(43)) - raft.server.snapshot.auto.trigger.enabled = true (custom)
2019-09-20 08:30:28,382 [pool-60-thread-1] INFO  server.RaftServerConfigKeys (ConfUtils.java:logGet(43)) - raft.server.snapshot.auto.trigger.threshold = 10000 (custom)
2019-09-20 08:30:28,383 [pool-60-thread-1] INFO  server.RaftServerConfigKeys (ConfUtils.java:logGet(43)) - raft.server.retrycache.expirytime = 600000ms (custom)
2019-09-20 08:30:28,383 [pool-60-thread-1] INFO  impl.RaftServerImpl (RaftServerImpl.java:start(180)) - d2c36bd8-bad5-464c-8c6b-b124cc016412: start group-F6A4C4C7B6D6
2019-09-20 08:30:28,383 [pool-60-thread-1] INFO  impl.RaftServerImpl (RaftServerImpl.java:setRole(171)) - d2c36bd8-bad5-464c-8c6b-b124cc016412:group-F6A4C4C7B6D6 changes role from null to FOLLOWER at term 0 for startAsFollower
2019-09-20 08:30:28,383 [pool-60-thread-1] INFO  impl.RoleInfo (RoleInfo.java:updateAndGet(143)) - d2c36bd8-bad5-464c-8c6b-b124cc016412: start FollowerState
2019-09-20 08:30:28,384 [pool-60-thread-1] INFO  util.JmxRegister (JmxRegister.java:tryRegister(44)) - Successfully registered JMX Bean with object name Ratis:service=RaftServer,group=group-F6A4C4C7B6D6,id=d2c36bd8-bad5-464c-8c6b-b124cc016412
2019-09-20 08:30:28,396 [RatisPipelineUtilsThread] INFO  pipeline.PipelineStateManager (PipelineStateManager.java:addPipeline(56)) - Created pipeline Pipeline[ Id: 2577b900-869b-46a9-b654-f6a4c4c7b6d6, Nodes: d2c36bd8-bad5-464c-8c6b-b124cc016412{ip: 192.168.34.27, host: pr-hdds-1569-6tbh6-3362816358, networkLocation: /default-rack, certSerialId: null}, Type:RATIS, Factor:ONE, State:OPEN]
2019-09-20 08:30:28,411 [grpc-default-executor-0] INFO  impl.RaftServerProxy (RaftServerProxy.java:addNew(89)) - d2c36bd8-bad5-464c-8c6b-b124cc016412: addNew group-AB23BA93EB1D:[d2c36bd8-bad5-464c-8c6b-b124cc016412:192.168.34.27:36532] returns group-AB23BA93EB1D:java.util.concurrent.CompletableFuture@596f14a3[Not completed]
2019-09-20 08:30:28,414 [pool-60-thread-1] INFO  impl.RaftServerImpl (RaftServerImpl.java:<init>(93)) - d2c36bd8-bad5-464c-8c6b-b124cc016412: new RaftServerImpl for group-AB23BA93EB1D:[d2c36bd8-bad5-464c-8c6b-b124cc016412:192.168.34.27:36532] with ContainerStateMachine:uninitialized
2019-09-20 08:30:28,414 [pool-60-thread-1] INFO  server.RaftServerConfigKeys (ConfUtils.java:logGet(43)) - raft.server.rpc.timeout.min = 5s (custom)
2019-09-20 08:30:28,415 [pool-60-thread-1] INFO  server.RaftServerConfigKeys (ConfUtils.java:logGet(43)) - raft.server.rpc.timeout.max = 5200ms (custom)
2019-09-20 08:30:28,415 [pool-60-thread-1] INFO  server.RaftServerConfigKeys (ConfUtils.java:logGet(43)) - raft.server.rpcslowness.timeout = 120s (custom)
2019-09-20 08:30:28,415 [pool-60-thread-1] INFO  server.RaftServerConfigKeys (ConfUtils.java:logGet(43)) - raft.server.sleep.deviation.threshold = 300 (default)
2019-09-20 08:30:28,415 [pool-60-thread-1] INFO  server.RaftServerConfigKeys (ConfUtils.java:logGet(43)) - raft.server.log.appender.install.snapshot.enabled = false (custom)
2019-09-20 08:30:28,415 [pool-60-thread-1] INFO  impl.RaftServerImpl (ServerState.java:<init>(105)) - d2c36bd8-bad5-464c-8c6b-b124cc016412:group-AB23BA93EB1D ConfigurationManager, init=-1: [d2c36bd8-bad5-464c-8c6b-b124cc016412:192.168.34.27:36532], old=null, confs=<EMPTY_MAP>
2019-09-20 08:30:28,416 [pool-60-thread-1] INFO  server.RaftServerConfigKeys (ConfUtils.java:logGet(43)) - raft.server.storage.dir = [/workdir/hadoop-ozone/tools/target/test-dir/MiniOzoneClusterImpl-27b2788d-4a5e-4768-9652-b88d14ddf2e4/datanode-3/data/ratis] (custom)
2019-09-20 08:30:28,416 [pool-60-thread-1] INFO  storage.RaftStorageDirectory (RaftStorageDirectory.java:analyzeStorage(246)) - The storage directory /workdir/hadoop-ozone/tools/target/test-dir/MiniOzoneClusterImpl-27b2788d-4a5e-4768-9652-b88d14ddf2e4/datanode-3/data/ratis/50fc9a94-be0b-4b7e-8928-ab23ba93eb1d does not exist. Creating ...
2019-09-20 08:30:28,434 [pool-60-thread-1] INFO  storage.RaftStorageDirectory (RaftStorageDirectory.java:tryLock(328)) - Lock on /workdir/hadoop-ozone/tools/target/test-dir/MiniOzoneClusterImpl-27b2788d-4a5e-4768-9652-b88d14ddf2e4/datanode-3/data/ratis/50fc9a94-be0b-4b7e-8928-ab23ba93eb1d/in_use.lock acquired by nodename 3879@pr-hdds-1569-6tbh6-3362816358
2019-09-20 08:30:28,443 | INFO  | SCMAudit | user=jenkins1000 | ip=192.168.34.27 | op=SEND_HEARTBEAT {datanodeUUID=e1a187e5-d89a-47f2-b2bd-c6db4da75c05, command=[]} | ret=SUCCESS |  
2019-09-20 08:30:28,449 [pool-60-thread-1] INFO  storage.RaftStorage (RaftStorage.java:format(72)) - Storage directory /workdir/hadoop-ozone/tools/target/test-dir/MiniOzoneClusterImpl-27b2788d-4a5e-4768-9652-b88d14ddf2e4/datanode-3/data/ratis/50fc9a94-be0b-4b7e-8928-ab23ba93eb1d has been successfully formatted.
2019-09-20 08:30:28,452 [pool-60-thread-1] INFO  ratis.ContainerStateMachine (ContainerStateMachine.java:loadSnapshot(226)) - group-AB23BA93EB1D: The snapshot info is null. Setting the last applied indexto:(t:0, i:~)
2019-09-20 08:30:28,453 [pool-60-thread-1] INFO  server.RaftServerConfigKeys (ConfUtils.java:logGet(43)) - raft.server.leader.election.timeout = 120s (custom)
2019-09-20 08:30:28,453 [pool-60-thread-1] INFO  server.RaftServerConfigKeys (ConfUtils.java:logGet(43)) - raft.server.log.use.memory = false (default)
2019-09-20 08:30:28,453 [pool-60-thread-1] INFO  server.RaftServerConfigKeys (ConfUtils.java:logGet(43)) - raft.server.log.purge.gap = 1000000 (custom)
2019-09-20 08:30:28,453 [pool-60-thread-1] INFO  server.RaftServerConfigKeys (ConfUtils.java:logGet(43)) - raft.server.log.appender.buffer.byte-limit = 33554432 (custom)
2019-09-20 08:30:28,453 [pool-60-thread-1] INFO  server.RaftServerConfigKeys (ConfUtils.java:logGet(43)) - raft.server.log.segment.size.max = 1048576 (custom)
2019-09-20 08:30:28,454 [pool-60-thread-1] INFO  server.RaftServerConfigKeys (ConfUtils.java:logGet(43)) - raft.server.log.segment.cache.num.max = 2 (custom)
2019-09-20 08:30:28,454 [pool-60-thread-1] INFO  segmented.SegmentedRaftLogWorker (SegmentedRaftLogWorker.java:<init>(172)) - new d2c36bd8-bad5-464c-8c6b-b124cc016412-SegmentedRaftLogWorker:Storage Directory /workdir/hadoop-ozone/tools/target/test-dir/MiniOzoneClusterImpl-27b2788d-4a5e-4768-9652-b88d14ddf2e4/datanode-3/data/ratis/50fc9a94-be0b-4b7e-8928-ab23ba93eb1d for RaftStorage:Storage Directory /workdir/hadoop-ozone/tools/target/test-dir/MiniOzoneClusterImpl-27b2788d-4a5e-4768-9652-b88d14ddf2e4/datanode-3/data/ratis/50fc9a94-be0b-4b7e-8928-ab23ba93eb1d
2019-09-20 08:30:28,454 [pool-60-thread-1] INFO  server.RaftServerConfigKeys (ConfUtils.java:logGet(43)) - raft.server.log.queue.byte-limit = 2147483647 (custom)
2019-09-20 08:30:28,454 [pool-60-thread-1] INFO  server.RaftServerConfigKeys (ConfUtils.java:logGet(43)) - raft.server.log.queue.element-limit = 1024 (custom)
2019-09-20 08:30:28,454 [pool-60-thread-1] INFO  server.RaftServerConfigKeys (ConfUtils.java:logGet(43)) - raft.server.log.segment.size.max = 1048576 (custom)
2019-09-20 08:30:28,454 [pool-60-thread-1] INFO  server.RaftServerConfigKeys (ConfUtils.java:logGet(43)) - raft.server.log.preallocated.size = 16384 (custom)
2019-09-20 08:30:28,455 [pool-60-thread-1] INFO  server.RaftServerConfigKeys (ConfUtils.java:logGet(43)) - raft.server.log.write.buffer.size = 33554432 (custom)
2019-09-20 08:30:28,455 [pool-60-thread-1] INFO  server.RaftServerConfigKeys (ConfUtils.java:logGet(43)) - raft.server.log.force.sync.num = 128 (default)
2019-09-20 08:30:28,455 [pool-60-thread-1] INFO  server.RaftServerConfigKeys (ConfUtils.java:logGet(43)) - raft.server.log.statemachine.data.sync = true (default)
2019-09-20 08:30:28,455 [pool-60-thread-1] INFO  server.RaftServerConfigKeys (ConfUtils.java:logGet(43)) - raft.server.log.statemachine.data.sync.timeout = 10s (default)
2019-09-20 08:30:28,455 [pool-60-thread-1] INFO  server.RaftServerConfigKeys (ConfUtils.java:logGet(43)) - raft.server.log.statemachine.data.sync.timeout.retry = -1 (default)
2019-09-20 08:30:28,455 [pool-60-thread-1] INFO  server.RaftServerConfigKeys (ConfUtils.java:logGet(43)) - raft.server.log.statemachine.data.caching.enabled = true (custom)
2019-09-20 08:30:28,456 [pool-60-thread-1] INFO  segmented.SegmentedRaftLogWorker (SegmentedRaftLogWorker.java:lambda$new$0(132)) - d2c36bd8-bad5-464c-8c6b-b124cc016412-SegmentedRaftLogWorker:Storage Directory /workdir/hadoop-ozone/tools/target/test-dir/MiniOzoneClusterImpl-27b2788d-4a5e-4768-9652-b88d14ddf2e4/datanode-3/data/ratis/50fc9a94-be0b-4b7e-8928-ab23ba93eb1d: flushIndex: setUnconditionally 0 -> -1
2019-09-20 08:30:28,456 [pool-60-thread-1] INFO  server.RaftServerConfigKeys (ConfUtils.java:logGet(43)) - raft.server.snapshot.auto.trigger.enabled = true (custom)
2019-09-20 08:30:28,456 [pool-60-thread-1] INFO  server.RaftServerConfigKeys (ConfUtils.java:logGet(43)) - raft.server.snapshot.auto.trigger.threshold = 10000 (custom)
2019-09-20 08:30:28,457 [pool-60-thread-1] INFO  server.RaftServerConfigKeys (ConfUtils.java:logGet(43)) - raft.server.retrycache.expirytime = 600000ms (custom)
2019-09-20 08:30:28,457 [pool-60-thread-1] INFO  impl.RaftServerImpl (RaftServerImpl.java:start(180)) - d2c36bd8-bad5-464c-8c6b-b124cc016412: start group-AB23BA93EB1D
2019-09-20 08:30:28,457 [pool-60-thread-1] INFO  impl.RaftServerImpl (RaftServerImpl.java:setRole(171)) - d2c36bd8-bad5-464c-8c6b-b124cc016412:group-AB23BA93EB1D changes role from null to FOLLOWER at term 0 for startAsFollower
2019-09-20 08:30:28,457 [pool-60-thread-1] INFO  impl.RoleInfo (RoleInfo.java:updateAndGet(143)) - d2c36bd8-bad5-464c-8c6b-b124cc016412: start FollowerState
2019-09-20 08:30:28,458 [pool-60-thread-1] INFO  util.JmxRegister (JmxRegister.java:tryRegister(44)) - Successfully registered JMX Bean with object name Ratis:service=RaftServer,group=group-AB23BA93EB1D,id=d2c36bd8-bad5-464c-8c6b-b124cc016412
2019-09-20 08:30:28,472 [RatisPipelineUtilsThread] INFO  pipeline.PipelineStateManager (PipelineStateManager.java:addPipeline(56)) - Created pipeline Pipeline[ Id: 50fc9a94-be0b-4b7e-8928-ab23ba93eb1d, Nodes: d2c36bd8-bad5-464c-8c6b-b124cc016412{ip: 192.168.34.27, host: pr-hdds-1569-6tbh6-3362816358, networkLocation: /default-rack, certSerialId: null}, Type:RATIS, Factor:ONE, State:OPEN]
2019-09-20 08:30:28,487 [grpc-default-executor-0] INFO  impl.RaftServerProxy (RaftServerProxy.java:addNew(89)) - e1a187e5-d89a-47f2-b2bd-c6db4da75c05: addNew group-4107DF31FB70:[e1a187e5-d89a-47f2-b2bd-c6db4da75c05:192.168.34.27:38433] returns group-4107DF31FB70:java.util.concurrent.CompletableFuture@1bfc8d18[Not completed]
2019-09-20 08:30:28,489 [pool-27-thread-1] INFO  impl.RaftServerImpl (RaftServerImpl.java:<init>(93)) - e1a187e5-d89a-47f2-b2bd-c6db4da75c05: new RaftServerImpl for group-4107DF31FB70:[e1a187e5-d89a-47f2-b2bd-c6db4da75c05:192.168.34.27:38433] with ContainerStateMachine:uninitialized
2019-09-20 08:30:28,490 [pool-27-thread-1] INFO  server.RaftServerConfigKeys (ConfUtils.java:logGet(43)) - raft.server.rpc.timeout.min = 5s (custom)
2019-09-20 08:30:28,490 [pool-27-thread-1] INFO  server.RaftServerConfigKeys (ConfUtils.java:logGet(43)) - raft.server.rpc.timeout.max = 5200ms (custom)
2019-09-20 08:30:28,490 [pool-27-thread-1] INFO  server.RaftServerConfigKeys (ConfUtils.java:logGet(43)) - raft.server.rpcslowness.timeout = 120s (custom)
2019-09-20 08:30:28,490 [pool-27-thread-1] INFO  server.RaftServerConfigKeys (ConfUtils.java:logGet(43)) - raft.server.sleep.deviation.threshold = 300 (default)
2019-09-20 08:30:28,490 [pool-27-thread-1] INFO  server.RaftServerConfigKeys (ConfUtils.java:logGet(43)) - raft.server.log.appender.install.snapshot.enabled = false (custom)
2019-09-20 08:30:28,491 [pool-27-thread-1] INFO  impl.RaftServerImpl (ServerState.java:<init>(105)) - e1a187e5-d89a-47f2-b2bd-c6db4da75c05:group-4107DF31FB70 ConfigurationManager, init=-1: [e1a187e5-d89a-47f2-b2bd-c6db4da75c05:192.168.34.27:38433], old=null, confs=<EMPTY_MAP>
2019-09-20 08:30:28,491 [pool-27-thread-1] INFO  server.RaftServerConfigKeys (ConfUtils.java:logGet(43)) - raft.server.storage.dir = [/workdir/hadoop-ozone/tools/target/test-dir/MiniOzoneClusterImpl-27b2788d-4a5e-4768-9652-b88d14ddf2e4/datanode-0/data/ratis] (custom)
2019-09-20 08:30:28,491 [pool-27-thread-1] INFO  storage.RaftStorageDirectory (RaftStorageDirectory.java:analyzeStorage(246)) - The storage directory /workdir/hadoop-ozone/tools/target/test-dir/MiniOzoneClusterImpl-27b2788d-4a5e-4768-9652-b88d14ddf2e4/datanode-0/data/ratis/35a03c51-552d-4698-910e-4107df31fb70 does not exist. Creating ...
2019-09-20 08:30:28,504 [pool-27-thread-1] INFO  storage.RaftStorageDirectory (RaftStorageDirectory.java:tryLock(328)) - Lock on /workdir/hadoop-ozone/tools/target/test-dir/MiniOzoneClusterImpl-27b2788d-4a5e-4768-9652-b88d14ddf2e4/datanode-0/data/ratis/35a03c51-552d-4698-910e-4107df31fb70/in_use.lock acquired by nodename 3879@pr-hdds-1569-6tbh6-3362816358
2019-09-20 08:30:28,518 [pool-27-thread-1] INFO  storage.RaftStorage (RaftStorage.java:format(72)) - Storage directory /workdir/hadoop-ozone/tools/target/test-dir/MiniOzoneClusterImpl-27b2788d-4a5e-4768-9652-b88d14ddf2e4/datanode-0/data/ratis/35a03c51-552d-4698-910e-4107df31fb70 has been successfully formatted.
2019-09-20 08:30:28,518 [pool-27-thread-1] INFO  ratis.ContainerStateMachine (ContainerStateMachine.java:loadSnapshot(226)) - group-4107DF31FB70: The snapshot info is null. Setting the last applied indexto:(t:0, i:~)
2019-09-20 08:30:28,518 [pool-27-thread-1] INFO  server.RaftServerConfigKeys (ConfUtils.java:logGet(43)) - raft.server.leader.election.timeout = 120s (custom)
2019-09-20 08:30:28,519 [pool-27-thread-1] INFO  server.RaftServerConfigKeys (ConfUtils.java:logGet(43)) - raft.server.log.use.memory = false (default)
2019-09-20 08:30:28,519 [pool-27-thread-1] INFO  server.RaftServerConfigKeys (ConfUtils.java:logGet(43)) - raft.server.log.purge.gap = 1000000 (custom)
2019-09-20 08:30:28,519 [pool-27-thread-1] INFO  server.RaftServerConfigKeys (ConfUtils.java:logGet(43)) - raft.server.log.appender.buffer.byte-limit = 33554432 (custom)
2019-09-20 08:30:28,519 [pool-27-thread-1] INFO  server.RaftServerConfigKeys (ConfUtils.java:logGet(43)) - raft.server.log.segment.size.max = 1048576 (custom)
2019-09-20 08:30:28,519 [pool-27-thread-1] INFO  server.RaftServerConfigKeys (ConfUtils.java:logGet(43)) - raft.server.log.segment.cache.num.max = 2 (custom)
2019-09-20 08:30:28,519 [pool-27-thread-1] INFO  segmented.SegmentedRaftLogWorker (SegmentedRaftLogWorker.java:<init>(172)) - new e1a187e5-d89a-47f2-b2bd-c6db4da75c05-SegmentedRaftLogWorker:Storage Directory /workdir/hadoop-ozone/tools/target/test-dir/MiniOzoneClusterImpl-27b2788d-4a5e-4768-9652-b88d14ddf2e4/datanode-0/data/ratis/35a03c51-552d-4698-910e-4107df31fb70 for RaftStorage:Storage Directory /workdir/hadoop-ozone/tools/target/test-dir/MiniOzoneClusterImpl-27b2788d-4a5e-4768-9652-b88d14ddf2e4/datanode-0/data/ratis/35a03c51-552d-4698-910e-4107df31fb70
2019-09-20 08:30:28,520 [pool-27-thread-1] INFO  server.RaftServerConfigKeys (ConfUtils.java:logGet(43)) - raft.server.log.queue.byte-limit = 2147483647 (custom)
2019-09-20 08:30:28,520 [pool-27-thread-1] INFO  server.RaftServerConfigKeys (ConfUtils.java:logGet(43)) - raft.server.log.queue.element-limit = 1024 (custom)
2019-09-20 08:30:28,520 [pool-27-thread-1] INFO  server.RaftServerConfigKeys (ConfUtils.java:logGet(43)) - raft.server.log.segment.size.max = 1048576 (custom)
2019-09-20 08:30:28,520 [pool-27-thread-1] INFO  server.RaftServerConfigKeys (ConfUtils.java:logGet(43)) - raft.server.log.preallocated.size = 16384 (custom)
2019-09-20 08:30:28,520 [pool-27-thread-1] INFO  server.RaftServerConfigKeys (ConfUtils.java:logGet(43)) - raft.server.log.write.buffer.size = 33554432 (custom)
2019-09-20 08:30:28,521 [pool-27-thread-1] INFO  server.RaftServerConfigKeys (ConfUtils.java:logGet(43)) - raft.server.log.force.sync.num = 128 (default)
2019-09-20 08:30:28,521 [pool-27-thread-1] INFO  server.RaftServerConfigKeys (ConfUtils.java:logGet(43)) - raft.server.log.statemachine.data.sync = true (default)
2019-09-20 08:30:28,521 [pool-27-thread-1] INFO  server.RaftServerConfigKeys (ConfUtils.java:logGet(43)) - raft.server.log.statemachine.data.sync.timeout = 10s (default)
2019-09-20 08:30:28,521 [pool-27-thread-1] INFO  server.RaftServerConfigKeys (ConfUtils.java:logGet(43)) - raft.server.log.statemachine.data.sync.timeout.retry = -1 (default)
2019-09-20 08:30:28,522 [pool-27-thread-1] INFO  server.RaftServerConfigKeys (ConfUtils.java:logGet(43)) - raft.server.log.statemachine.data.caching.enabled = true (custom)
2019-09-20 08:30:28,522 [pool-27-thread-1] INFO  segmented.SegmentedRaftLogWorker (SegmentedRaftLogWorker.java:lambda$new$0(132)) - e1a187e5-d89a-47f2-b2bd-c6db4da75c05-SegmentedRaftLogWorker:Storage Directory /workdir/hadoop-ozone/tools/target/test-dir/MiniOzoneClusterImpl-27b2788d-4a5e-4768-9652-b88d14ddf2e4/datanode-0/data/ratis/35a03c51-552d-4698-910e-4107df31fb70: flushIndex: setUnconditionally 0 -> -1
2019-09-20 08:30:28,522 [pool-27-thread-1] INFO  server.RaftServerConfigKeys (ConfUtils.java:logGet(43)) - raft.server.snapshot.auto.trigger.enabled = true (custom)
2019-09-20 08:30:28,523 [pool-27-thread-1] INFO  server.RaftServerConfigKeys (ConfUtils.java:logGet(43)) - raft.server.snapshot.auto.trigger.threshold = 10000 (custom)
2019-09-20 08:30:28,523 [pool-27-thread-1] INFO  server.RaftServerConfigKeys (ConfUtils.java:logGet(43)) - raft.server.retrycache.expirytime = 600000ms (custom)
2019-09-20 08:30:28,523 [pool-27-thread-1] INFO  impl.RaftServerImpl (RaftServerImpl.java:start(180)) - e1a187e5-d89a-47f2-b2bd-c6db4da75c05: start group-4107DF31FB70
2019-09-20 08:30:28,523 [pool-27-thread-1] INFO  impl.RaftServerImpl (RaftServerImpl.java:setRole(171)) - e1a187e5-d89a-47f2-b2bd-c6db4da75c05:group-4107DF31FB70 changes role from null to FOLLOWER at term 0 for startAsFollower
2019-09-20 08:30:28,523 [pool-27-thread-1] INFO  impl.RoleInfo (RoleInfo.java:updateAndGet(143)) - e1a187e5-d89a-47f2-b2bd-c6db4da75c05: start FollowerState
2019-09-20 08:30:28,524 [pool-27-thread-1] INFO  util.JmxRegister (JmxRegister.java:tryRegister(44)) - Successfully registered JMX Bean with object name Ratis:service=RaftServer,group=group-4107DF31FB70,id=e1a187e5-d89a-47f2-b2bd-c6db4da75c05
2019-09-20 08:30:28,535 [RatisPipelineUtilsThread] INFO  pipeline.PipelineStateManager (PipelineStateManager.java:addPipeline(56)) - Created pipeline Pipeline[ Id: 35a03c51-552d-4698-910e-4107df31fb70, Nodes: e1a187e5-d89a-47f2-b2bd-c6db4da75c05{ip: 192.168.34.27, host: pr-hdds-1569-6tbh6-3362816358, networkLocation: /default-rack, certSerialId: null}, Type:RATIS, Factor:ONE, State:OPEN]
2019-09-20 08:30:28,562 [grpc-default-executor-0] INFO  impl.RaftServerProxy (RaftServerProxy.java:addNew(89)) - 4e3bae72-6dec-40bd-99be-7c75f0b44aae: addNew group-D7B3BF2F3BC3:[4e3bae72-6dec-40bd-99be-7c75f0b44aae:192.168.34.27:33584] returns group-D7B3BF2F3BC3:java.util.concurrent.CompletableFuture@750f42e1[Not completed]
2019-09-20 08:30:28,566 [pool-49-thread-1] INFO  impl.RaftServerImpl (RaftServerImpl.java:<init>(93)) - 4e3bae72-6dec-40bd-99be-7c75f0b44aae: new RaftServerImpl for group-D7B3BF2F3BC3:[4e3bae72-6dec-40bd-99be-7c75f0b44aae:192.168.34.27:33584] with ContainerStateMachine:uninitialized
2019-09-20 08:30:28,567 [pool-49-thread-1] INFO  server.RaftServerConfigKeys (ConfUtils.java:logGet(43)) - raft.server.rpc.timeout.min = 5s (custom)
2019-09-20 08:30:28,567 [pool-49-thread-1] INFO  server.RaftServerConfigKeys (ConfUtils.java:logGet(43)) - raft.server.rpc.timeout.max = 5200ms (custom)
2019-09-20 08:30:28,567 [pool-49-thread-1] INFO  server.RaftServerConfigKeys (ConfUtils.java:logGet(43)) - raft.server.rpcslowness.timeout = 120s (custom)
2019-09-20 08:30:28,567 [pool-49-thread-1] INFO  server.RaftServerConfigKeys (ConfUtils.java:logGet(43)) - raft.server.sleep.deviation.threshold = 300 (default)
2019-09-20 08:30:28,568 [pool-49-thread-1] INFO  server.RaftServerConfigKeys (ConfUtils.java:logGet(43)) - raft.server.log.appender.install.snapshot.enabled = false (custom)
2019-09-20 08:30:28,568 [pool-49-thread-1] INFO  impl.RaftServerImpl (ServerState.java:<init>(105)) - 4e3bae72-6dec-40bd-99be-7c75f0b44aae:group-D7B3BF2F3BC3 ConfigurationManager, init=-1: [4e3bae72-6dec-40bd-99be-7c75f0b44aae:192.168.34.27:33584], old=null, confs=<EMPTY_MAP>
2019-09-20 08:30:28,568 [pool-49-thread-1] INFO  server.RaftServerConfigKeys (ConfUtils.java:logGet(43)) - raft.server.storage.dir = [/workdir/hadoop-ozone/tools/target/test-dir/MiniOzoneClusterImpl-27b2788d-4a5e-4768-9652-b88d14ddf2e4/datanode-2/data/ratis] (custom)
2019-09-20 08:30:28,569 [pool-49-thread-1] INFO  storage.RaftStorageDirectory (RaftStorageDirectory.java:analyzeStorage(246)) - The storage directory /workdir/hadoop-ozone/tools/target/test-dir/MiniOzoneClusterImpl-27b2788d-4a5e-4768-9652-b88d14ddf2e4/datanode-2/data/ratis/f533675c-6cee-4b7c-ab86-d7b3bf2f3bc3 does not exist. Creating ...
2019-09-20 08:30:28,583 [pool-49-thread-1] INFO  storage.RaftStorageDirectory (RaftStorageDirectory.java:tryLock(328)) - Lock on /workdir/hadoop-ozone/tools/target/test-dir/MiniOzoneClusterImpl-27b2788d-4a5e-4768-9652-b88d14ddf2e4/datanode-2/data/ratis/f533675c-6cee-4b7c-ab86-d7b3bf2f3bc3/in_use.lock acquired by nodename 3879@pr-hdds-1569-6tbh6-3362816358
2019-09-20 08:30:28,597 [pool-49-thread-1] INFO  storage.RaftStorage (RaftStorage.java:format(72)) - Storage directory /workdir/hadoop-ozone/tools/target/test-dir/MiniOzoneClusterImpl-27b2788d-4a5e-4768-9652-b88d14ddf2e4/datanode-2/data/ratis/f533675c-6cee-4b7c-ab86-d7b3bf2f3bc3 has been successfully formatted.
2019-09-20 08:30:28,597 [pool-49-thread-1] INFO  ratis.ContainerStateMachine (ContainerStateMachine.java:loadSnapshot(226)) - group-D7B3BF2F3BC3: The snapshot info is null. Setting the last applied indexto:(t:0, i:~)
2019-09-20 08:30:28,598 [pool-49-thread-1] INFO  server.RaftServerConfigKeys (ConfUtils.java:logGet(43)) - raft.server.leader.election.timeout = 120s (custom)
2019-09-20 08:30:28,598 [pool-49-thread-1] INFO  server.RaftServerConfigKeys (ConfUtils.java:logGet(43)) - raft.server.log.use.memory = false (default)
2019-09-20 08:30:28,598 [pool-49-thread-1] INFO  server.RaftServerConfigKeys (ConfUtils.java:logGet(43)) - raft.server.log.purge.gap = 1000000 (custom)
2019-09-20 08:30:28,598 [pool-49-thread-1] INFO  server.RaftServerConfigKeys (ConfUtils.java:logGet(43)) - raft.server.log.appender.buffer.byte-limit = 33554432 (custom)
2019-09-20 08:30:28,599 [pool-49-thread-1] INFO  server.RaftServerConfigKeys (ConfUtils.java:logGet(43)) - raft.server.log.segment.size.max = 1048576 (custom)
2019-09-20 08:30:28,599 [pool-49-thread-1] INFO  server.RaftServerConfigKeys (ConfUtils.java:logGet(43)) - raft.server.log.segment.cache.num.max = 2 (custom)
2019-09-20 08:30:28,599 [pool-49-thread-1] INFO  segmented.SegmentedRaftLogWorker (SegmentedRaftLogWorker.java:<init>(172)) - new 4e3bae72-6dec-40bd-99be-7c75f0b44aae-SegmentedRaftLogWorker:Storage Directory /workdir/hadoop-ozone/tools/target/test-dir/MiniOzoneClusterImpl-27b2788d-4a5e-4768-9652-b88d14ddf2e4/datanode-2/data/ratis/f533675c-6cee-4b7c-ab86-d7b3bf2f3bc3 for RaftStorage:Storage Directory /workdir/hadoop-ozone/tools/target/test-dir/MiniOzoneClusterImpl-27b2788d-4a5e-4768-9652-b88d14ddf2e4/datanode-2/data/ratis/f533675c-6cee-4b7c-ab86-d7b3bf2f3bc3
2019-09-20 08:30:28,600 [pool-49-thread-1] INFO  server.RaftServerConfigKeys (ConfUtils.java:logGet(43)) - raft.server.log.queue.byte-limit = 2147483647 (custom)
2019-09-20 08:30:28,600 [pool-49-thread-1] INFO  server.RaftServerConfigKeys (ConfUtils.java:logGet(43)) - raft.server.log.queue.element-limit = 1024 (custom)
2019-09-20 08:30:28,600 [pool-49-thread-1] INFO  server.RaftServerConfigKeys (ConfUtils.java:logGet(43)) - raft.server.log.segment.size.max = 1048576 (custom)
2019-09-20 08:30:28,600 [pool-49-thread-1] INFO  server.RaftServerConfigKeys (ConfUtils.java:logGet(43)) - raft.server.log.preallocated.size = 16384 (custom)
2019-09-20 08:30:28,601 [pool-49-thread-1] INFO  server.RaftServerConfigKeys (ConfUtils.java:logGet(43)) - raft.server.log.write.buffer.size = 33554432 (custom)
2019-09-20 08:30:28,601 [pool-49-thread-1] INFO  server.RaftServerConfigKeys (ConfUtils.java:logGet(43)) - raft.server.log.force.sync.num = 128 (default)
2019-09-20 08:30:28,601 [pool-49-thread-1] INFO  server.RaftServerConfigKeys (ConfUtils.java:logGet(43)) - raft.server.log.statemachine.data.sync = true (default)
2019-09-20 08:30:28,601 [pool-49-thread-1] INFO  server.RaftServerConfigKeys (ConfUtils.java:logGet(43)) - raft.server.log.statemachine.data.sync.timeout = 10s (default)
2019-09-20 08:30:28,602 [pool-49-thread-1] INFO  server.RaftServerConfigKeys (ConfUtils.java:logGet(43)) - raft.server.log.statemachine.data.sync.timeout.retry = -1 (default)
2019-09-20 08:30:28,602 [pool-49-thread-1] INFO  server.RaftServerConfigKeys (ConfUtils.java:logGet(43)) - raft.server.log.statemachine.data.caching.enabled = true (custom)
2019-09-20 08:30:28,602 [pool-49-thread-1] INFO  segmented.SegmentedRaftLogWorker (SegmentedRaftLogWorker.java:lambda$new$0(132)) - 4e3bae72-6dec-40bd-99be-7c75f0b44aae-SegmentedRaftLogWorker:Storage Directory /workdir/hadoop-ozone/tools/target/test-dir/MiniOzoneClusterImpl-27b2788d-4a5e-4768-9652-b88d14ddf2e4/datanode-2/data/ratis/f533675c-6cee-4b7c-ab86-d7b3bf2f3bc3: flushIndex: setUnconditionally 0 -> -1
2019-09-20 08:30:28,603 [pool-49-thread-1] INFO  server.RaftServerConfigKeys (ConfUtils.java:logGet(43)) - raft.server.snapshot.auto.trigger.enabled = true (custom)
2019-09-20 08:30:28,603 [pool-49-thread-1] INFO  server.RaftServerConfigKeys (ConfUtils.java:logGet(43)) - raft.server.snapshot.auto.trigger.threshold = 10000 (custom)
2019-09-20 08:30:28,603 [pool-49-thread-1] INFO  server.RaftServerConfigKeys (ConfUtils.java:logGet(43)) - raft.server.retrycache.expirytime = 600000ms (custom)
2019-09-20 08:30:28,604 [pool-49-thread-1] INFO  impl.RaftServerImpl (RaftServerImpl.java:start(180)) - 4e3bae72-6dec-40bd-99be-7c75f0b44aae: start group-D7B3BF2F3BC3
2019-09-20 08:30:28,604 [pool-49-thread-1] INFO  impl.RaftServerImpl (RaftServerImpl.java:setRole(171)) - 4e3bae72-6dec-40bd-99be-7c75f0b44aae:group-D7B3BF2F3BC3 changes role from null to FOLLOWER at term 0 for startAsFollower
2019-09-20 08:30:28,604 [pool-49-thread-1] INFO  impl.RoleInfo (RoleInfo.java:updateAndGet(143)) - 4e3bae72-6dec-40bd-99be-7c75f0b44aae: start FollowerState
2019-09-20 08:30:28,604 [pool-49-thread-1] INFO  util.JmxRegister (JmxRegister.java:tryRegister(44)) - Successfully registered JMX Bean with object name Ratis:service=RaftServer,group=group-D7B3BF2F3BC3,id=4e3bae72-6dec-40bd-99be-7c75f0b44aae
2019-09-20 08:30:28,614 [RatisPipelineUtilsThread] INFO  pipeline.PipelineStateManager (PipelineStateManager.java:addPipeline(56)) - Created pipeline Pipeline[ Id: f533675c-6cee-4b7c-ab86-d7b3bf2f3bc3, Nodes: 4e3bae72-6dec-40bd-99be-7c75f0b44aae{ip: 192.168.34.27, host: pr-hdds-1569-6tbh6-3362816358, networkLocation: /default-rack, certSerialId: null}, Type:RATIS, Factor:ONE, State:OPEN]
2019-09-20 08:30:28,636 [grpc-default-executor-0] INFO  impl.RaftServerProxy (RaftServerProxy.java:addNew(89)) - d2c36bd8-bad5-464c-8c6b-b124cc016412: addNew group-8C64D6F07188:[d2c36bd8-bad5-464c-8c6b-b124cc016412:192.168.34.27:36532] returns group-8C64D6F07188:java.util.concurrent.CompletableFuture@5ffdf909[Not completed]
2019-09-20 08:30:28,637 [pool-60-thread-1] INFO  impl.RaftServerImpl (RaftServerImpl.java:<init>(93)) - d2c36bd8-bad5-464c-8c6b-b124cc016412: new RaftServerImpl for group-8C64D6F07188:[d2c36bd8-bad5-464c-8c6b-b124cc016412:192.168.34.27:36532] with ContainerStateMachine:uninitialized
2019-09-20 08:30:28,637 [pool-60-thread-1] INFO  server.RaftServerConfigKeys (ConfUtils.java:logGet(43)) - raft.server.rpc.timeout.min = 5s (custom)
2019-09-20 08:30:28,637 [pool-60-thread-1] INFO  server.RaftServerConfigKeys (ConfUtils.java:logGet(43)) - raft.server.rpc.timeout.max = 5200ms (custom)
2019-09-20 08:30:28,638 [pool-60-thread-1] INFO  server.RaftServerConfigKeys (ConfUtils.java:logGet(43)) - raft.server.rpcslowness.timeout = 120s (custom)
2019-09-20 08:30:28,638 [pool-60-thread-1] INFO  server.RaftServerConfigKeys (ConfUtils.java:logGet(43)) - raft.server.sleep.deviation.threshold = 300 (default)
2019-09-20 08:30:28,638 [pool-60-thread-1] INFO  server.RaftServerConfigKeys (ConfUtils.java:logGet(43)) - raft.server.log.appender.install.snapshot.enabled = false (custom)
2019-09-20 08:30:28,638 [pool-60-thread-1] INFO  impl.RaftServerImpl (ServerState.java:<init>(105)) - d2c36bd8-bad5-464c-8c6b-b124cc016412:group-8C64D6F07188 ConfigurationManager, init=-1: [d2c36bd8-bad5-464c-8c6b-b124cc016412:192.168.34.27:36532], old=null, confs=<EMPTY_MAP>
2019-09-20 08:30:28,638 [pool-60-thread-1] INFO  server.RaftServerConfigKeys (ConfUtils.java:logGet(43)) - raft.server.storage.dir = [/workdir/hadoop-ozone/tools/target/test-dir/MiniOzoneClusterImpl-27b2788d-4a5e-4768-9652-b88d14ddf2e4/datanode-3/data/ratis] (custom)
2019-09-20 08:30:28,638 [pool-60-thread-1] INFO  storage.RaftStorageDirectory (RaftStorageDirectory.java:analyzeStorage(246)) - The storage directory /workdir/hadoop-ozone/tools/target/test-dir/MiniOzoneClusterImpl-27b2788d-4a5e-4768-9652-b88d14ddf2e4/datanode-3/data/ratis/42e8afee-7aae-441e-8f09-8c64d6f07188 does not exist. Creating ...
2019-09-20 08:30:28,652 [pool-60-thread-1] INFO  storage.RaftStorageDirectory (RaftStorageDirectory.java:tryLock(328)) - Lock on /workdir/hadoop-ozone/tools/target/test-dir/MiniOzoneClusterImpl-27b2788d-4a5e-4768-9652-b88d14ddf2e4/datanode-3/data/ratis/42e8afee-7aae-441e-8f09-8c64d6f07188/in_use.lock acquired by nodename 3879@pr-hdds-1569-6tbh6-3362816358
2019-09-20 08:30:28,665 [pool-60-thread-1] INFO  storage.RaftStorage (RaftStorage.java:format(72)) - Storage directory /workdir/hadoop-ozone/tools/target/test-dir/MiniOzoneClusterImpl-27b2788d-4a5e-4768-9652-b88d14ddf2e4/datanode-3/data/ratis/42e8afee-7aae-441e-8f09-8c64d6f07188 has been successfully formatted.
2019-09-20 08:30:28,665 [pool-60-thread-1] INFO  ratis.ContainerStateMachine (ContainerStateMachine.java:loadSnapshot(226)) - group-8C64D6F07188: The snapshot info is null. Setting the last applied indexto:(t:0, i:~)
2019-09-20 08:30:28,665 [pool-60-thread-1] INFO  server.RaftServerConfigKeys (ConfUtils.java:logGet(43)) - raft.server.leader.election.timeout = 120s (custom)
2019-09-20 08:30:28,666 [pool-60-thread-1] INFO  server.RaftServerConfigKeys (ConfUtils.java:logGet(43)) - raft.server.log.use.memory = false (default)
2019-09-20 08:30:28,666 [pool-60-thread-1] INFO  server.RaftServerConfigKeys (ConfUtils.java:logGet(43)) - raft.server.log.purge.gap = 1000000 (custom)
2019-09-20 08:30:28,666 [pool-60-thread-1] INFO  server.RaftServerConfigKeys (ConfUtils.java:logGet(43)) - raft.server.log.appender.buffer.byte-limit = 33554432 (custom)
2019-09-20 08:30:28,666 [pool-60-thread-1] INFO  server.RaftServerConfigKeys (ConfUtils.java:logGet(43)) - raft.server.log.segment.size.max = 1048576 (custom)
2019-09-20 08:30:28,666 [pool-60-thread-1] INFO  server.RaftServerConfigKeys (ConfUtils.java:logGet(43)) - raft.server.log.segment.cache.num.max = 2 (custom)
2019-09-20 08:30:28,666 [pool-60-thread-1] INFO  segmented.SegmentedRaftLogWorker (SegmentedRaftLogWorker.java:<init>(172)) - new d2c36bd8-bad5-464c-8c6b-b124cc016412-SegmentedRaftLogWorker:Storage Directory /workdir/hadoop-ozone/tools/target/test-dir/MiniOzoneClusterImpl-27b2788d-4a5e-4768-9652-b88d14ddf2e4/datanode-3/data/ratis/42e8afee-7aae-441e-8f09-8c64d6f07188 for RaftStorage:Storage Directory /workdir/hadoop-ozone/tools/target/test-dir/MiniOzoneClusterImpl-27b2788d-4a5e-4768-9652-b88d14ddf2e4/datanode-3/data/ratis/42e8afee-7aae-441e-8f09-8c64d6f07188
2019-09-20 08:30:28,666 [pool-60-thread-1] INFO  server.RaftServerConfigKeys (ConfUtils.java:logGet(43)) - raft.server.log.queue.byte-limit = 2147483647 (custom)
2019-09-20 08:30:28,667 [pool-60-thread-1] INFO  server.RaftServerConfigKeys (ConfUtils.java:logGet(43)) - raft.server.log.queue.element-limit = 1024 (custom)
2019-09-20 08:30:28,667 [pool-60-thread-1] INFO  server.RaftServerConfigKeys (ConfUtils.java:logGet(43)) - raft.server.log.segment.size.max = 1048576 (custom)
2019-09-20 08:30:28,667 [pool-60-thread-1] INFO  server.RaftServerConfigKeys (ConfUtils.java:logGet(43)) - raft.server.log.preallocated.size = 16384 (custom)
2019-09-20 08:30:28,667 [pool-60-thread-1] INFO  server.RaftServerConfigKeys (ConfUtils.java:logGet(43)) - raft.server.log.write.buffer.size = 33554432 (custom)
2019-09-20 08:30:28,667 [pool-60-thread-1] INFO  server.RaftServerConfigKeys (ConfUtils.java:logGet(43)) - raft.server.log.force.sync.num = 128 (default)
2019-09-20 08:30:28,667 [pool-60-thread-1] INFO  server.RaftServerConfigKeys (ConfUtils.java:logGet(43)) - raft.server.log.statemachine.data.sync = true (default)
2019-09-20 08:30:28,667 [pool-60-thread-1] INFO  server.RaftServerConfigKeys (ConfUtils.java:logGet(43)) - raft.server.log.statemachine.data.sync.timeout = 10s (default)
2019-09-20 08:30:28,667 [pool-60-thread-1] INFO  server.RaftServerConfigKeys (ConfUtils.java:logGet(43)) - raft.server.log.statemachine.data.sync.timeout.retry = -1 (default)
2019-09-20 08:30:28,668 [pool-60-thread-1] INFO  server.RaftServerConfigKeys (ConfUtils.java:logGet(43)) - raft.server.log.statemachine.data.caching.enabled = true (custom)
2019-09-20 08:30:28,668 [pool-60-thread-1] INFO  segmented.SegmentedRaftLogWorker (SegmentedRaftLogWorker.java:lambda$new$0(132)) - d2c36bd8-bad5-464c-8c6b-b124cc016412-SegmentedRaftLogWorker:Storage Directory /workdir/hadoop-ozone/tools/target/test-dir/MiniOzoneClusterImpl-27b2788d-4a5e-4768-9652-b88d14ddf2e4/datanode-3/data/ratis/42e8afee-7aae-441e-8f09-8c64d6f07188: flushIndex: setUnconditionally 0 -> -1
2019-09-20 08:30:28,670 [pool-60-thread-1] INFO  server.RaftServerConfigKeys (ConfUtils.java:logGet(43)) - raft.server.snapshot.auto.trigger.enabled = true (custom)
2019-09-20 08:30:28,670 [pool-60-thread-1] INFO  server.RaftServerConfigKeys (ConfUtils.java:logGet(43)) - raft.server.snapshot.auto.trigger.threshold = 10000 (custom)
2019-09-20 08:30:28,670 [pool-60-thread-1] INFO  server.RaftServerConfigKeys (ConfUtils.java:logGet(43)) - raft.server.retrycache.expirytime = 600000ms (custom)
2019-09-20 08:30:28,670 [pool-60-thread-1] INFO  impl.RaftServerImpl (RaftServerImpl.java:start(180)) - d2c36bd8-bad5-464c-8c6b-b124cc016412: start group-8C64D6F07188
2019-09-20 08:30:28,670 [pool-60-thread-1] INFO  impl.RaftServerImpl (RaftServerImpl.java:setRole(171)) - d2c36bd8-bad5-464c-8c6b-b124cc016412:group-8C64D6F07188 changes role from null to FOLLOWER at term 0 for startAsFollower
2019-09-20 08:30:28,671 [pool-60-thread-1] INFO  impl.RoleInfo (RoleInfo.java:updateAndGet(143)) - d2c36bd8-bad5-464c-8c6b-b124cc016412: start FollowerState
2019-09-20 08:30:28,671 [pool-60-thread-1] INFO  util.JmxRegister (JmxRegister.java:tryRegister(44)) - Successfully registered JMX Bean with object name Ratis:service=RaftServer,group=group-8C64D6F07188,id=d2c36bd8-bad5-464c-8c6b-b124cc016412
2019-09-20 08:30:28,693 [RatisPipelineUtilsThread] INFO  pipeline.PipelineStateManager (PipelineStateManager.java:addPipeline(56)) - Created pipeline Pipeline[ Id: 42e8afee-7aae-441e-8f09-8c64d6f07188, Nodes: d2c36bd8-bad5-464c-8c6b-b124cc016412{ip: 192.168.34.27, host: pr-hdds-1569-6tbh6-3362816358, networkLocation: /default-rack, certSerialId: null}, Type:RATIS, Factor:ONE, State:OPEN]
2019-09-20 08:30:28,694 [RatisPipelineUtilsThread] INFO  pipeline.PipelinePlacementPolicy (PipelinePlacementPolicy.java:meetCriteria(91)) - Pipeline Placement: Doesn't meet the criteria to be viable node： d2c36bd8-bad5-464c-8c6b-b124cc016412 Heaviness: 6 limit: 5
2019-09-20 08:30:28,709 | INFO  | SCMAudit | user=jenkins1000 | ip=192.168.34.27 | op=SEND_HEARTBEAT {datanodeUUID=c8a425d5-130a-4202-9db9-9fe847e02d96, command=[]} | ret=SUCCESS |  
2019-09-20 08:30:28,715 [grpc-default-executor-0] INFO  impl.RaftServerProxy (RaftServerProxy.java:addNew(89)) - 6f5cd177-0d50-44f5-9dda-f28331356997: addNew group-B0E4517FD051:[6f5cd177-0d50-44f5-9dda-f28331356997:192.168.34.27:33265] returns group-B0E4517FD051:java.util.concurrent.CompletableFuture@312d5d79[Not completed]
2019-09-20 08:30:28,719 [pool-71-thread-1] INFO  impl.RaftServerImpl (RaftServerImpl.java:<init>(93)) - 6f5cd177-0d50-44f5-9dda-f28331356997: new RaftServerImpl for group-B0E4517FD051:[6f5cd177-0d50-44f5-9dda-f28331356997:192.168.34.27:33265] with ContainerStateMachine:uninitialized
2019-09-20 08:30:28,719 [pool-71-thread-1] INFO  server.RaftServerConfigKeys (ConfUtils.java:logGet(43)) - raft.server.rpc.timeout.min = 5s (custom)
2019-09-20 08:30:28,720 [pool-71-thread-1] INFO  server.RaftServerConfigKeys (ConfUtils.java:logGet(43)) - raft.server.rpc.timeout.max = 5200ms (custom)
2019-09-20 08:30:28,720 [pool-71-thread-1] INFO  server.RaftServerConfigKeys (ConfUtils.java:logGet(43)) - raft.server.rpcslowness.timeout = 120s (custom)
2019-09-20 08:30:28,720 [pool-71-thread-1] INFO  server.RaftServerConfigKeys (ConfUtils.java:logGet(43)) - raft.server.sleep.deviation.threshold = 300 (default)
2019-09-20 08:30:28,720 [pool-71-thread-1] INFO  server.RaftServerConfigKeys (ConfUtils.java:logGet(43)) - raft.server.log.appender.install.snapshot.enabled = false (custom)
2019-09-20 08:30:28,720 [pool-71-thread-1] INFO  impl.RaftServerImpl (ServerState.java:<init>(105)) - 6f5cd177-0d50-44f5-9dda-f28331356997:group-B0E4517FD051 ConfigurationManager, init=-1: [6f5cd177-0d50-44f5-9dda-f28331356997:192.168.34.27:33265], old=null, confs=<EMPTY_MAP>
2019-09-20 08:30:28,721 [pool-71-thread-1] INFO  server.RaftServerConfigKeys (ConfUtils.java:logGet(43)) - raft.server.storage.dir = [/workdir/hadoop-ozone/tools/target/test-dir/MiniOzoneClusterImpl-27b2788d-4a5e-4768-9652-b88d14ddf2e4/datanode-4/data/ratis] (custom)
2019-09-20 08:30:28,721 [pool-71-thread-1] INFO  storage.RaftStorageDirectory (RaftStorageDirectory.java:analyzeStorage(246)) - The storage directory /workdir/hadoop-ozone/tools/target/test-dir/MiniOzoneClusterImpl-27b2788d-4a5e-4768-9652-b88d14ddf2e4/datanode-4/data/ratis/d3be3788-13d8-43c0-ae76-b0e4517fd051 does not exist. Creating ...
2019-09-20 08:30:28,734 [pool-71-thread-1] INFO  storage.RaftStorageDirectory (RaftStorageDirectory.java:tryLock(328)) - Lock on /workdir/hadoop-ozone/tools/target/test-dir/MiniOzoneClusterImpl-27b2788d-4a5e-4768-9652-b88d14ddf2e4/datanode-4/data/ratis/d3be3788-13d8-43c0-ae76-b0e4517fd051/in_use.lock acquired by nodename 3879@pr-hdds-1569-6tbh6-3362816358
2019-09-20 08:30:28,747 [pool-71-thread-1] INFO  storage.RaftStorage (RaftStorage.java:format(72)) - Storage directory /workdir/hadoop-ozone/tools/target/test-dir/MiniOzoneClusterImpl-27b2788d-4a5e-4768-9652-b88d14ddf2e4/datanode-4/data/ratis/d3be3788-13d8-43c0-ae76-b0e4517fd051 has been successfully formatted.
2019-09-20 08:30:28,748 [pool-71-thread-1] INFO  ratis.ContainerStateMachine (ContainerStateMachine.java:loadSnapshot(226)) - group-B0E4517FD051: The snapshot info is null. Setting the last applied indexto:(t:0, i:~)
2019-09-20 08:30:28,748 [pool-71-thread-1] INFO  server.RaftServerConfigKeys (ConfUtils.java:logGet(43)) - raft.server.leader.election.timeout = 120s (custom)
2019-09-20 08:30:28,748 [pool-71-thread-1] INFO  server.RaftServerConfigKeys (ConfUtils.java:logGet(43)) - raft.server.log.use.memory = false (default)
2019-09-20 08:30:28,748 [pool-71-thread-1] INFO  server.RaftServerConfigKeys (ConfUtils.java:logGet(43)) - raft.server.log.purge.gap = 1000000 (custom)
2019-09-20 08:30:28,748 [pool-71-thread-1] INFO  server.RaftServerConfigKeys (ConfUtils.java:logGet(43)) - raft.server.log.appender.buffer.byte-limit = 33554432 (custom)
2019-09-20 08:30:28,749 [pool-71-thread-1] INFO  server.RaftServerConfigKeys (ConfUtils.java:logGet(43)) - raft.server.log.segment.size.max = 1048576 (custom)
2019-09-20 08:30:28,749 [pool-71-thread-1] INFO  server.RaftServerConfigKeys (ConfUtils.java:logGet(43)) - raft.server.log.segment.cache.num.max = 2 (custom)
2019-09-20 08:30:28,749 [pool-71-thread-1] INFO  segmented.SegmentedRaftLogWorker (SegmentedRaftLogWorker.java:<init>(172)) - new 6f5cd177-0d50-44f5-9dda-f28331356997-SegmentedRaftLogWorker:Storage Directory /workdir/hadoop-ozone/tools/target/test-dir/MiniOzoneClusterImpl-27b2788d-4a5e-4768-9652-b88d14ddf2e4/datanode-4/data/ratis/d3be3788-13d8-43c0-ae76-b0e4517fd051 for RaftStorage:Storage Directory /workdir/hadoop-ozone/tools/target/test-dir/MiniOzoneClusterImpl-27b2788d-4a5e-4768-9652-b88d14ddf2e4/datanode-4/data/ratis/d3be3788-13d8-43c0-ae76-b0e4517fd051
2019-09-20 08:30:28,749 [pool-71-thread-1] INFO  server.RaftServerConfigKeys (ConfUtils.java:logGet(43)) - raft.server.log.queue.byte-limit = 2147483647 (custom)
2019-09-20 08:30:28,749 [pool-71-thread-1] INFO  server.RaftServerConfigKeys (ConfUtils.java:logGet(43)) - raft.server.log.queue.element-limit = 1024 (custom)
2019-09-20 08:30:28,750 [pool-71-thread-1] INFO  server.RaftServerConfigKeys (ConfUtils.java:logGet(43)) - raft.server.log.segment.size.max = 1048576 (custom)
2019-09-20 08:30:28,750 [pool-71-thread-1] INFO  server.RaftServerConfigKeys (ConfUtils.java:logGet(43)) - raft.server.log.preallocated.size = 16384 (custom)
2019-09-20 08:30:28,750 [pool-71-thread-1] INFO  server.RaftServerConfigKeys (ConfUtils.java:logGet(43)) - raft.server.log.write.buffer.size = 33554432 (custom)
2019-09-20 08:30:28,750 [pool-71-thread-1] INFO  server.RaftServerConfigKeys (ConfUtils.java:logGet(43)) - raft.server.log.force.sync.num = 128 (default)
2019-09-20 08:30:28,751 [pool-71-thread-1] INFO  server.RaftServerConfigKeys (ConfUtils.java:logGet(43)) - raft.server.log.statemachine.data.sync = true (default)
2019-09-20 08:30:28,751 [pool-71-thread-1] INFO  server.RaftServerConfigKeys (ConfUtils.java:logGet(43)) - raft.server.log.statemachine.data.sync.timeout = 10s (default)
2019-09-20 08:30:28,751 [pool-71-thread-1] INFO  server.RaftServerConfigKeys (ConfUtils.java:logGet(43)) - raft.server.log.statemachine.data.sync.timeout.retry = -1 (default)
2019-09-20 08:30:28,753 [pool-71-thread-1] INFO  server.RaftServerConfigKeys (ConfUtils.java:logGet(43)) - raft.server.log.statemachine.data.caching.enabled = true (custom)
2019-09-20 08:30:28,754 [pool-71-thread-1] INFO  segmented.SegmentedRaftLogWorker (SegmentedRaftLogWorker.java:lambda$new$0(132)) - 6f5cd177-0d50-44f5-9dda-f28331356997-SegmentedRaftLogWorker:Storage Directory /workdir/hadoop-ozone/tools/target/test-dir/MiniOzoneClusterImpl-27b2788d-4a5e-4768-9652-b88d14ddf2e4/datanode-4/data/ratis/d3be3788-13d8-43c0-ae76-b0e4517fd051: flushIndex: setUnconditionally 0 -> -1
2019-09-20 08:30:28,754 [pool-71-thread-1] INFO  server.RaftServerConfigKeys (ConfUtils.java:logGet(43)) - raft.server.snapshot.auto.trigger.enabled = true (custom)
2019-09-20 08:30:28,754 [pool-71-thread-1] INFO  server.RaftServerConfigKeys (ConfUtils.java:logGet(43)) - raft.server.snapshot.auto.trigger.threshold = 10000 (custom)
2019-09-20 08:30:28,754 [pool-71-thread-1] INFO  server.RaftServerConfigKeys (ConfUtils.java:logGet(43)) - raft.server.retrycache.expirytime = 600000ms (custom)
2019-09-20 08:30:28,755 [pool-71-thread-1] INFO  impl.RaftServerImpl (RaftServerImpl.java:start(180)) - 6f5cd177-0d50-44f5-9dda-f28331356997: start group-B0E4517FD051
2019-09-20 08:30:28,755 [pool-71-thread-1] INFO  impl.RaftServerImpl (RaftServerImpl.java:setRole(171)) - 6f5cd177-0d50-44f5-9dda-f28331356997:group-B0E4517FD051 changes role from null to FOLLOWER at term 0 for startAsFollower
2019-09-20 08:30:28,755 [pool-71-thread-1] INFO  impl.RoleInfo (RoleInfo.java:updateAndGet(143)) - 6f5cd177-0d50-44f5-9dda-f28331356997: start FollowerState
2019-09-20 08:30:28,756 [pool-71-thread-1] INFO  util.JmxRegister (JmxRegister.java:tryRegister(44)) - Successfully registered JMX Bean with object name Ratis:service=RaftServer,group=group-B0E4517FD051,id=6f5cd177-0d50-44f5-9dda-f28331356997
2019-09-20 08:30:28,761 [RatisPipelineUtilsThread] INFO  pipeline.PipelineStateManager (PipelineStateManager.java:addPipeline(56)) - Created pipeline Pipeline[ Id: d3be3788-13d8-43c0-ae76-b0e4517fd051, Nodes: 6f5cd177-0d50-44f5-9dda-f28331356997{ip: 192.168.34.27, host: pr-hdds-1569-6tbh6-3362816358, networkLocation: /default-rack, certSerialId: null}, Type:RATIS, Factor:ONE, State:OPEN]
2019-09-20 08:30:28,763 [RatisPipelineUtilsThread] INFO  pipeline.PipelinePlacementPolicy (PipelinePlacementPolicy.java:meetCriteria(91)) - Pipeline Placement: Doesn't meet the criteria to be viable node： d2c36bd8-bad5-464c-8c6b-b124cc016412 Heaviness: 6 limit: 5
2019-09-20 08:30:28,774 [grpc-default-executor-0] INFO  impl.RaftServerProxy (RaftServerProxy.java:addNew(89)) - 4e3bae72-6dec-40bd-99be-7c75f0b44aae: addNew group-35BC536B9B47:[4e3bae72-6dec-40bd-99be-7c75f0b44aae:192.168.34.27:33584] returns group-35BC536B9B47:java.util.concurrent.CompletableFuture@6fad2a46[Not completed]
2019-09-20 08:30:28,776 [pool-49-thread-1] INFO  impl.RaftServerImpl (RaftServerImpl.java:<init>(93)) - 4e3bae72-6dec-40bd-99be-7c75f0b44aae: new RaftServerImpl for group-35BC536B9B47:[4e3bae72-6dec-40bd-99be-7c75f0b44aae:192.168.34.27:33584] with ContainerStateMachine:uninitialized
2019-09-20 08:30:28,776 [pool-49-thread-1] INFO  server.RaftServerConfigKeys (ConfUtils.java:logGet(43)) - raft.server.rpc.timeout.min = 5s (custom)
2019-09-20 08:30:28,777 [pool-49-thread-1] INFO  server.RaftServerConfigKeys (ConfUtils.java:logGet(43)) - raft.server.rpc.timeout.max = 5200ms (custom)
2019-09-20 08:30:28,777 [pool-49-thread-1] INFO  server.RaftServerConfigKeys (ConfUtils.java:logGet(43)) - raft.server.rpcslowness.timeout = 120s (custom)
2019-09-20 08:30:28,777 [pool-49-thread-1] INFO  server.RaftServerConfigKeys (ConfUtils.java:logGet(43)) - raft.server.sleep.deviation.threshold = 300 (default)
2019-09-20 08:30:28,777 [pool-49-thread-1] INFO  server.RaftServerConfigKeys (ConfUtils.java:logGet(43)) - raft.server.log.appender.install.snapshot.enabled = false (custom)
2019-09-20 08:30:28,777 [pool-49-thread-1] INFO  impl.RaftServerImpl (ServerState.java:<init>(105)) - 4e3bae72-6dec-40bd-99be-7c75f0b44aae:group-35BC536B9B47 ConfigurationManager, init=-1: [4e3bae72-6dec-40bd-99be-7c75f0b44aae:192.168.34.27:33584], old=null, confs=<EMPTY_MAP>
2019-09-20 08:30:28,777 [pool-49-thread-1] INFO  server.RaftServerConfigKeys (ConfUtils.java:logGet(43)) - raft.server.storage.dir = [/workdir/hadoop-ozone/tools/target/test-dir/MiniOzoneClusterImpl-27b2788d-4a5e-4768-9652-b88d14ddf2e4/datanode-2/data/ratis] (custom)
2019-09-20 08:30:28,778 [pool-49-thread-1] INFO  storage.RaftStorageDirectory (RaftStorageDirectory.java:analyzeStorage(246)) - The storage directory /workdir/hadoop-ozone/tools/target/test-dir/MiniOzoneClusterImpl-27b2788d-4a5e-4768-9652-b88d14ddf2e4/datanode-2/data/ratis/6e7887b5-4453-4aec-a91f-35bc536b9b47 does not exist. Creating ...
2019-09-20 08:30:28,792 [pool-49-thread-1] INFO  storage.RaftStorageDirectory (RaftStorageDirectory.java:tryLock(328)) - Lock on /workdir/hadoop-ozone/tools/target/test-dir/MiniOzoneClusterImpl-27b2788d-4a5e-4768-9652-b88d14ddf2e4/datanode-2/data/ratis/6e7887b5-4453-4aec-a91f-35bc536b9b47/in_use.lock acquired by nodename 3879@pr-hdds-1569-6tbh6-3362816358
2019-09-20 08:30:28,805 [pool-49-thread-1] INFO  storage.RaftStorage (RaftStorage.java:format(72)) - Storage directory /workdir/hadoop-ozone/tools/target/test-dir/MiniOzoneClusterImpl-27b2788d-4a5e-4768-9652-b88d14ddf2e4/datanode-2/data/ratis/6e7887b5-4453-4aec-a91f-35bc536b9b47 has been successfully formatted.
2019-09-20 08:30:28,805 [pool-49-thread-1] INFO  ratis.ContainerStateMachine (ContainerStateMachine.java:loadSnapshot(226)) - group-35BC536B9B47: The snapshot info is null. Setting the last applied indexto:(t:0, i:~)
2019-09-20 08:30:28,805 [pool-49-thread-1] INFO  server.RaftServerConfigKeys (ConfUtils.java:logGet(43)) - raft.server.leader.election.timeout = 120s (custom)
2019-09-20 08:30:28,805 [pool-49-thread-1] INFO  server.RaftServerConfigKeys (ConfUtils.java:logGet(43)) - raft.server.log.use.memory = false (default)
2019-09-20 08:30:28,805 [pool-49-thread-1] INFO  server.RaftServerConfigKeys (ConfUtils.java:logGet(43)) - raft.server.log.purge.gap = 1000000 (custom)
2019-09-20 08:30:28,806 [pool-49-thread-1] INFO  server.RaftServerConfigKeys (ConfUtils.java:logGet(43)) - raft.server.log.appender.buffer.byte-limit = 33554432 (custom)
2019-09-20 08:30:28,806 [pool-49-thread-1] INFO  server.RaftServerConfigKeys (ConfUtils.java:logGet(43)) - raft.server.log.segment.size.max = 1048576 (custom)
2019-09-20 08:30:28,806 [pool-49-thread-1] INFO  server.RaftServerConfigKeys (ConfUtils.java:logGet(43)) - raft.server.log.segment.cache.num.max = 2 (custom)
2019-09-20 08:30:28,806 [pool-49-thread-1] INFO  segmented.SegmentedRaftLogWorker (SegmentedRaftLogWorker.java:<init>(172)) - new 4e3bae72-6dec-40bd-99be-7c75f0b44aae-SegmentedRaftLogWorker:Storage Directory /workdir/hadoop-ozone/tools/target/test-dir/MiniOzoneClusterImpl-27b2788d-4a5e-4768-9652-b88d14ddf2e4/datanode-2/data/ratis/6e7887b5-4453-4aec-a91f-35bc536b9b47 for RaftStorage:Storage Directory /workdir/hadoop-ozone/tools/target/test-dir/MiniOzoneClusterImpl-27b2788d-4a5e-4768-9652-b88d14ddf2e4/datanode-2/data/ratis/6e7887b5-4453-4aec-a91f-35bc536b9b47
2019-09-20 08:30:28,806 [pool-49-thread-1] INFO  server.RaftServerConfigKeys (ConfUtils.java:logGet(43)) - raft.server.log.queue.byte-limit = 2147483647 (custom)
2019-09-20 08:30:28,806 [pool-49-thread-1] INFO  server.RaftServerConfigKeys (ConfUtils.java:logGet(43)) - raft.server.log.queue.element-limit = 1024 (custom)
2019-09-20 08:30:28,807 [pool-49-thread-1] INFO  server.RaftServerConfigKeys (ConfUtils.java:logGet(43)) - raft.server.log.segment.size.max = 1048576 (custom)
2019-09-20 08:30:28,807 [pool-49-thread-1] INFO  server.RaftServerConfigKeys (ConfUtils.java:logGet(43)) - raft.server.log.preallocated.size = 16384 (custom)
2019-09-20 08:30:28,807 [pool-49-thread-1] INFO  server.RaftServerConfigKeys (ConfUtils.java:logGet(43)) - raft.server.log.write.buffer.size = 33554432 (custom)
2019-09-20 08:30:28,807 [pool-49-thread-1] INFO  server.RaftServerConfigKeys (ConfUtils.java:logGet(43)) - raft.server.log.force.sync.num = 128 (default)
2019-09-20 08:30:28,807 [pool-49-thread-1] INFO  server.RaftServerConfigKeys (ConfUtils.java:logGet(43)) - raft.server.log.statemachine.data.sync = true (default)
2019-09-20 08:30:28,807 [pool-49-thread-1] INFO  server.RaftServerConfigKeys (ConfUtils.java:logGet(43)) - raft.server.log.statemachine.data.sync.timeout = 10s (default)
2019-09-20 08:30:28,807 [pool-49-thread-1] INFO  server.RaftServerConfigKeys (ConfUtils.java:logGet(43)) - raft.server.log.statemachine.data.sync.timeout.retry = -1 (default)
2019-09-20 08:30:28,808 [pool-49-thread-1] INFO  server.RaftServerConfigKeys (ConfUtils.java:logGet(43)) - raft.server.log.statemachine.data.caching.enabled = true (custom)
2019-09-20 08:30:28,808 [pool-49-thread-1] INFO  segmented.SegmentedRaftLogWorker (SegmentedRaftLogWorker.java:lambda$new$0(132)) - 4e3bae72-6dec-40bd-99be-7c75f0b44aae-SegmentedRaftLogWorker:Storage Directory /workdir/hadoop-ozone/tools/target/test-dir/MiniOzoneClusterImpl-27b2788d-4a5e-4768-9652-b88d14ddf2e4/datanode-2/data/ratis/6e7887b5-4453-4aec-a91f-35bc536b9b47: flushIndex: setUnconditionally 0 -> -1
2019-09-20 08:30:28,808 [pool-49-thread-1] INFO  server.RaftServerConfigKeys (ConfUtils.java:logGet(43)) - raft.server.snapshot.auto.trigger.enabled = true (custom)
2019-09-20 08:30:28,808 [pool-49-thread-1] INFO  server.RaftServerConfigKeys (ConfUtils.java:logGet(43)) - raft.server.snapshot.auto.trigger.threshold = 10000 (custom)
2019-09-20 08:30:28,808 [pool-49-thread-1] INFO  server.RaftServerConfigKeys (ConfUtils.java:logGet(43)) - raft.server.retrycache.expirytime = 600000ms (custom)
2019-09-20 08:30:28,809 [pool-49-thread-1] INFO  impl.RaftServerImpl (RaftServerImpl.java:start(180)) - 4e3bae72-6dec-40bd-99be-7c75f0b44aae: start group-35BC536B9B47
2019-09-20 08:30:28,809 [pool-49-thread-1] INFO  impl.RaftServerImpl (RaftServerImpl.java:setRole(171)) - 4e3bae72-6dec-40bd-99be-7c75f0b44aae:group-35BC536B9B47 changes role from null to FOLLOWER at term 0 for startAsFollower
2019-09-20 08:30:28,809 [pool-49-thread-1] INFO  impl.RoleInfo (RoleInfo.java:updateAndGet(143)) - 4e3bae72-6dec-40bd-99be-7c75f0b44aae: start FollowerState
2019-09-20 08:30:28,809 [pool-49-thread-1] INFO  util.JmxRegister (JmxRegister.java:tryRegister(44)) - Successfully registered JMX Bean with object name Ratis:service=RaftServer,group=group-35BC536B9B47,id=4e3bae72-6dec-40bd-99be-7c75f0b44aae
2019-09-20 08:30:28,816 [RatisPipelineUtilsThread] INFO  pipeline.PipelineStateManager (PipelineStateManager.java:addPipeline(56)) - Created pipeline Pipeline[ Id: 6e7887b5-4453-4aec-a91f-35bc536b9b47, Nodes: 4e3bae72-6dec-40bd-99be-7c75f0b44aae{ip: 192.168.34.27, host: pr-hdds-1569-6tbh6-3362816358, networkLocation: /default-rack, certSerialId: null}, Type:RATIS, Factor:ONE, State:OPEN]
2019-09-20 08:30:28,818 [RatisPipelineUtilsThread] INFO  pipeline.PipelinePlacementPolicy (PipelinePlacementPolicy.java:meetCriteria(91)) - Pipeline Placement: Doesn't meet the criteria to be viable node： d2c36bd8-bad5-464c-8c6b-b124cc016412 Heaviness: 6 limit: 5
2019-09-20 08:30:28,829 [grpc-default-executor-0] INFO  impl.RaftServerProxy (RaftServerProxy.java:addNew(89)) - e1a187e5-d89a-47f2-b2bd-c6db4da75c05: addNew group-3D275EA8944F:[e1a187e5-d89a-47f2-b2bd-c6db4da75c05:192.168.34.27:38433] returns group-3D275EA8944F:java.util.concurrent.CompletableFuture@69b4e149[Not completed]
2019-09-20 08:30:28,831 [pool-27-thread-1] INFO  impl.RaftServerImpl (RaftServerImpl.java:<init>(93)) - e1a187e5-d89a-47f2-b2bd-c6db4da75c05: new RaftServerImpl for group-3D275EA8944F:[e1a187e5-d89a-47f2-b2bd-c6db4da75c05:192.168.34.27:38433] with ContainerStateMachine:uninitialized
2019-09-20 08:30:28,831 [pool-27-thread-1] INFO  server.RaftServerConfigKeys (ConfUtils.java:logGet(43)) - raft.server.rpc.timeout.min = 5s (custom)
2019-09-20 08:30:28,831 [pool-27-thread-1] INFO  server.RaftServerConfigKeys (ConfUtils.java:logGet(43)) - raft.server.rpc.timeout.max = 5200ms (custom)
2019-09-20 08:30:28,831 [pool-27-thread-1] INFO  server.RaftServerConfigKeys (ConfUtils.java:logGet(43)) - raft.server.rpcslowness.timeout = 120s (custom)
2019-09-20 08:30:28,831 [pool-27-thread-1] INFO  server.RaftServerConfigKeys (ConfUtils.java:logGet(43)) - raft.server.sleep.deviation.threshold = 300 (default)
2019-09-20 08:30:28,832 [pool-27-thread-1] INFO  server.RaftServerConfigKeys (ConfUtils.java:logGet(43)) - raft.server.log.appender.install.snapshot.enabled = false (custom)
2019-09-20 08:30:28,832 [pool-27-thread-1] INFO  impl.RaftServerImpl (ServerState.java:<init>(105)) - e1a187e5-d89a-47f2-b2bd-c6db4da75c05:group-3D275EA8944F ConfigurationManager, init=-1: [e1a187e5-d89a-47f2-b2bd-c6db4da75c05:192.168.34.27:38433], old=null, confs=<EMPTY_MAP>
2019-09-20 08:30:28,832 [pool-27-thread-1] INFO  server.RaftServerConfigKeys (ConfUtils.java:logGet(43)) - raft.server.storage.dir = [/workdir/hadoop-ozone/tools/target/test-dir/MiniOzoneClusterImpl-27b2788d-4a5e-4768-9652-b88d14ddf2e4/datanode-0/data/ratis] (custom)
2019-09-20 08:30:28,832 [pool-27-thread-1] INFO  storage.RaftStorageDirectory (RaftStorageDirectory.java:analyzeStorage(246)) - The storage directory /workdir/hadoop-ozone/tools/target/test-dir/MiniOzoneClusterImpl-27b2788d-4a5e-4768-9652-b88d14ddf2e4/datanode-0/data/ratis/167b7f3b-aceb-431b-bf5f-3d275ea8944f does not exist. Creating ...
2019-09-20 08:30:28,845 [pool-27-thread-1] INFO  storage.RaftStorageDirectory (RaftStorageDirectory.java:tryLock(328)) - Lock on /workdir/hadoop-ozone/tools/target/test-dir/MiniOzoneClusterImpl-27b2788d-4a5e-4768-9652-b88d14ddf2e4/datanode-0/data/ratis/167b7f3b-aceb-431b-bf5f-3d275ea8944f/in_use.lock acquired by nodename 3879@pr-hdds-1569-6tbh6-3362816358
2019-09-20 08:30:28,868 [pool-27-thread-1] INFO  storage.RaftStorage (RaftStorage.java:format(72)) - Storage directory /workdir/hadoop-ozone/tools/target/test-dir/MiniOzoneClusterImpl-27b2788d-4a5e-4768-9652-b88d14ddf2e4/datanode-0/data/ratis/167b7f3b-aceb-431b-bf5f-3d275ea8944f has been successfully formatted.
2019-09-20 08:30:28,868 [pool-27-thread-1] INFO  ratis.ContainerStateMachine (ContainerStateMachine.java:loadSnapshot(226)) - group-3D275EA8944F: The snapshot info is null. Setting the last applied indexto:(t:0, i:~)
2019-09-20 08:30:28,869 [pool-27-thread-1] INFO  server.RaftServerConfigKeys (ConfUtils.java:logGet(43)) - raft.server.leader.election.timeout = 120s (custom)
2019-09-20 08:30:28,869 [pool-27-thread-1] INFO  server.RaftServerConfigKeys (ConfUtils.java:logGet(43)) - raft.server.log.use.memory = false (default)
2019-09-20 08:30:28,869 [pool-27-thread-1] INFO  server.RaftServerConfigKeys (ConfUtils.java:logGet(43)) - raft.server.log.purge.gap = 1000000 (custom)
2019-09-20 08:30:28,869 [pool-27-thread-1] INFO  server.RaftServerConfigKeys (ConfUtils.java:logGet(43)) - raft.server.log.appender.buffer.byte-limit = 33554432 (custom)
2019-09-20 08:30:28,870 [pool-27-thread-1] INFO  server.RaftServerConfigKeys (ConfUtils.java:logGet(43)) - raft.server.log.segment.size.max = 1048576 (custom)
2019-09-20 08:30:28,870 [pool-27-thread-1] INFO  server.RaftServerConfigKeys (ConfUtils.java:logGet(43)) - raft.server.log.segment.cache.num.max = 2 (custom)
2019-09-20 08:30:28,870 [pool-27-thread-1] INFO  segmented.SegmentedRaftLogWorker (SegmentedRaftLogWorker.java:<init>(172)) - new e1a187e5-d89a-47f2-b2bd-c6db4da75c05-SegmentedRaftLogWorker:Storage Directory /workdir/hadoop-ozone/tools/target/test-dir/MiniOzoneClusterImpl-27b2788d-4a5e-4768-9652-b88d14ddf2e4/datanode-0/data/ratis/167b7f3b-aceb-431b-bf5f-3d275ea8944f for RaftStorage:Storage Directory /workdir/hadoop-ozone/tools/target/test-dir/MiniOzoneClusterImpl-27b2788d-4a5e-4768-9652-b88d14ddf2e4/datanode-0/data/ratis/167b7f3b-aceb-431b-bf5f-3d275ea8944f
2019-09-20 08:30:28,870 [pool-27-thread-1] INFO  server.RaftServerConfigKeys (ConfUtils.java:logGet(43)) - raft.server.log.queue.byte-limit = 2147483647 (custom)
2019-09-20 08:30:28,870 [pool-27-thread-1] INFO  server.RaftServerConfigKeys (ConfUtils.java:logGet(43)) - raft.server.log.queue.element-limit = 1024 (custom)
2019-09-20 08:30:28,870 [pool-27-thread-1] INFO  server.RaftServerConfigKeys (ConfUtils.java:logGet(43)) - raft.server.log.segment.size.max = 1048576 (custom)
2019-09-20 08:30:28,871 [pool-27-thread-1] INFO  server.RaftServerConfigKeys (ConfUtils.java:logGet(43)) - raft.server.log.preallocated.size = 16384 (custom)
2019-09-20 08:30:28,871 [pool-27-thread-1] INFO  server.RaftServerConfigKeys (ConfUtils.java:logGet(43)) - raft.server.log.write.buffer.size = 33554432 (custom)
2019-09-20 08:30:28,871 [pool-27-thread-1] INFO  server.RaftServerConfigKeys (ConfUtils.java:logGet(43)) - raft.server.log.force.sync.num = 128 (default)
2019-09-20 08:30:28,871 [pool-27-thread-1] INFO  server.RaftServerConfigKeys (ConfUtils.java:logGet(43)) - raft.server.log.statemachine.data.sync = true (default)
2019-09-20 08:30:28,871 [pool-27-thread-1] INFO  server.RaftServerConfigKeys (ConfUtils.java:logGet(43)) - raft.server.log.statemachine.data.sync.timeout = 10s (default)
2019-09-20 08:30:28,871 [pool-27-thread-1] INFO  server.RaftServerConfigKeys (ConfUtils.java:logGet(43)) - raft.server.log.statemachine.data.sync.timeout.retry = -1 (default)
2019-09-20 08:30:28,872 [pool-27-thread-1] INFO  server.RaftServerConfigKeys (ConfUtils.java:logGet(43)) - raft.server.log.statemachine.data.caching.enabled = true (custom)
2019-09-20 08:30:28,872 [pool-27-thread-1] INFO  segmented.SegmentedRaftLogWorker (SegmentedRaftLogWorker.java:lambda$new$0(132)) - e1a187e5-d89a-47f2-b2bd-c6db4da75c05-SegmentedRaftLogWorker:Storage Directory /workdir/hadoop-ozone/tools/target/test-dir/MiniOzoneClusterImpl-27b2788d-4a5e-4768-9652-b88d14ddf2e4/datanode-0/data/ratis/167b7f3b-aceb-431b-bf5f-3d275ea8944f: flushIndex: setUnconditionally 0 -> -1
2019-09-20 08:30:28,873 [pool-27-thread-1] INFO  server.RaftServerConfigKeys (ConfUtils.java:logGet(43)) - raft.server.snapshot.auto.trigger.enabled = true (custom)
2019-09-20 08:30:28,873 [pool-27-thread-1] INFO  server.RaftServerConfigKeys (ConfUtils.java:logGet(43)) - raft.server.snapshot.auto.trigger.threshold = 10000 (custom)
2019-09-20 08:30:28,874 [pool-27-thread-1] INFO  server.RaftServerConfigKeys (ConfUtils.java:logGet(43)) - raft.server.retrycache.expirytime = 600000ms (custom)
2019-09-20 08:30:28,874 [pool-27-thread-1] INFO  impl.RaftServerImpl (RaftServerImpl.java:start(180)) - e1a187e5-d89a-47f2-b2bd-c6db4da75c05: start group-3D275EA8944F
2019-09-20 08:30:28,874 [pool-27-thread-1] INFO  impl.RaftServerImpl (RaftServerImpl.java:setRole(171)) - e1a187e5-d89a-47f2-b2bd-c6db4da75c05:group-3D275EA8944F changes role from null to FOLLOWER at term 0 for startAsFollower
2019-09-20 08:30:28,875 [pool-27-thread-1] INFO  impl.RoleInfo (RoleInfo.java:updateAndGet(143)) - e1a187e5-d89a-47f2-b2bd-c6db4da75c05: start FollowerState
2019-09-20 08:30:28,875 [pool-27-thread-1] INFO  util.JmxRegister (JmxRegister.java:tryRegister(44)) - Successfully registered JMX Bean with object name Ratis:service=RaftServer,group=group-3D275EA8944F,id=e1a187e5-d89a-47f2-b2bd-c6db4da75c05
2019-09-20 08:30:28,881 [main] INFO  freon.RandomKeyGenerator (RandomKeyGenerator.java:call(275)) - Number of Threads: 10
2019-09-20 08:30:28,883 [main] INFO  freon.RandomKeyGenerator (RandomKeyGenerator.java:call(280)) - Number of Volumes: 1.
2019-09-20 08:30:28,883 [main] INFO  freon.RandomKeyGenerator (RandomKeyGenerator.java:call(281)) - Number of Buckets per Volume: 1.
2019-09-20 08:30:28,883 [main] INFO  freon.RandomKeyGenerator (RandomKeyGenerator.java:call(282)) - Number of Keys per Bucket: 1.
2019-09-20 08:30:28,883 [main] INFO  freon.RandomKeyGenerator (RandomKeyGenerator.java:call(283)) - Key size: 20971520 bytes
2019-09-20 08:30:28,884 [main] INFO  freon.RandomKeyGenerator (RandomKeyGenerator.java:call(284)) - Buffer size: 4096 bytes
2019-09-20 08:30:28,884 [RatisPipelineUtilsThread] INFO  pipeline.PipelineStateManager (PipelineStateManager.java:addPipeline(56)) - Created pipeline Pipeline[ Id: 167b7f3b-aceb-431b-bf5f-3d275ea8944f, Nodes: e1a187e5-d89a-47f2-b2bd-c6db4da75c05{ip: 192.168.34.27, host: pr-hdds-1569-6tbh6-3362816358, networkLocation: /default-rack, certSerialId: null}, Type:RATIS, Factor:ONE, State:OPEN]
2019-09-20 08:30:28,885 [RatisPipelineUtilsThread] INFO  pipeline.PipelinePlacementPolicy (PipelinePlacementPolicy.java:meetCriteria(91)) - Pipeline Placement: Doesn't meet the criteria to be viable node： e1a187e5-d89a-47f2-b2bd-c6db4da75c05 Heaviness: 6 limit: 5
2019-09-20 08:30:28,885 [RatisPipelineUtilsThread] INFO  pipeline.PipelinePlacementPolicy (PipelinePlacementPolicy.java:meetCriteria(91)) - Pipeline Placement: Doesn't meet the criteria to be viable node： d2c36bd8-bad5-464c-8c6b-b124cc016412 Heaviness: 6 limit: 5
2019-09-20 08:30:28,889 [main] INFO  freon.RandomKeyGenerator (RandomKeyGenerator.java:call(298)) - Data validation is enabled.
2019-09-20 08:30:28,904 [main] INFO  freon.RandomKeyGenerator (RandomKeyGenerator.java:call(304)) - Starting progress bar Thread.

 0.00% |█                                                                                                    |  0/1 Time: 0:00:002019-09-20 08:30:28,909 [grpc-default-executor-0] INFO  impl.RaftServerProxy (RaftServerProxy.java:addNew(89)) - c8a425d5-130a-4202-9db9-9fe847e02d96: addNew group-CFBA5CFD0260:[c8a425d5-130a-4202-9db9-9fe847e02d96:192.168.34.27:42231] returns group-CFBA5CFD0260:java.util.concurrent.CompletableFuture@5833c4c9[Not completed]
2019-09-20 08:30:28,912 [pool-38-thread-1] INFO  impl.RaftServerImpl (RaftServerImpl.java:<init>(93)) - c8a425d5-130a-4202-9db9-9fe847e02d96: new RaftServerImpl for group-CFBA5CFD0260:[c8a425d5-130a-4202-9db9-9fe847e02d96:192.168.34.27:42231] with ContainerStateMachine:uninitialized
2019-09-20 08:30:28,913 [pool-38-thread-1] INFO  server.RaftServerConfigKeys (ConfUtils.java:logGet(43)) - raft.server.rpc.timeout.min = 5s (custom)
2019-09-20 08:30:28,913 [pool-38-thread-1] INFO  server.RaftServerConfigKeys (ConfUtils.java:logGet(43)) - raft.server.rpc.timeout.max = 5200ms (custom)
2019-09-20 08:30:28,913 [pool-38-thread-1] INFO  server.RaftServerConfigKeys (ConfUtils.java:logGet(43)) - raft.server.rpcslowness.timeout = 120s (custom)
2019-09-20 08:30:28,913 [pool-38-thread-1] INFO  server.RaftServerConfigKeys (ConfUtils.java:logGet(43)) - raft.server.sleep.deviation.threshold = 300 (default)
2019-09-20 08:30:28,914 [pool-38-thread-1] INFO  server.RaftServerConfigKeys (ConfUtils.java:logGet(43)) - raft.server.log.appender.install.snapshot.enabled = false (custom)
2019-09-20 08:30:28,914 [pool-38-thread-1] INFO  impl.RaftServerImpl (ServerState.java:<init>(105)) - c8a425d5-130a-4202-9db9-9fe847e02d96:group-CFBA5CFD0260 ConfigurationManager, init=-1: [c8a425d5-130a-4202-9db9-9fe847e02d96:192.168.34.27:42231], old=null, confs=<EMPTY_MAP>
2019-09-20 08:30:28,914 [pool-38-thread-1] INFO  server.RaftServerConfigKeys (ConfUtils.java:logGet(43)) - raft.server.storage.dir = [/workdir/hadoop-ozone/tools/target/test-dir/MiniOzoneClusterImpl-27b2788d-4a5e-4768-9652-b88d14ddf2e4/datanode-1/data/ratis] (custom)
2019-09-20 08:30:28,915 [pool-38-thread-1] INFO  storage.RaftStorageDirectory (RaftStorageDirectory.java:analyzeStorage(246)) - The storage directory /workdir/hadoop-ozone/tools/target/test-dir/MiniOzoneClusterImpl-27b2788d-4a5e-4768-9652-b88d14ddf2e4/datanode-1/data/ratis/a60f5843-ec28-463d-b1b6-cfba5cfd0260 does not exist. Creating ...
2019-09-20 08:30:28,937 [pool-38-thread-1] INFO  storage.RaftStorageDirectory (RaftStorageDirectory.java:tryLock(328)) - Lock on /workdir/hadoop-ozone/tools/target/test-dir/MiniOzoneClusterImpl-27b2788d-4a5e-4768-9652-b88d14ddf2e4/datanode-1/data/ratis/a60f5843-ec28-463d-b1b6-cfba5cfd0260/in_use.lock acquired by nodename 3879@pr-hdds-1569-6tbh6-3362816358
2019-09-20 08:30:28,937 [pool-78-thread-1] INFO  rpc.RpcClient (RpcClient.java:createVolume(293)) - Creating Volume: vol-0-51601, with jenkins1000 as owner.
2019-09-20 08:30:28,940 | INFO  | SCMAudit | user=jenkins1000 | ip=192.168.34.27 | op=SEND_HEARTBEAT {datanodeUUID=4e3bae72-6dec-40bd-99be-7c75f0b44aae, command=[]} | ret=SUCCESS |  
2019-09-20 08:30:28,951 [pool-38-thread-1] INFO  storage.RaftStorage (RaftStorage.java:format(72)) - Storage directory /workdir/hadoop-ozone/tools/target/test-dir/MiniOzoneClusterImpl-27b2788d-4a5e-4768-9652-b88d14ddf2e4/datanode-1/data/ratis/a60f5843-ec28-463d-b1b6-cfba5cfd0260 has been successfully formatted.
2019-09-20 08:30:28,952 [pool-38-thread-1] INFO  ratis.ContainerStateMachine (ContainerStateMachine.java:loadSnapshot(226)) - group-CFBA5CFD0260: The snapshot info is null. Setting the last applied indexto:(t:0, i:~)
2019-09-20 08:30:28,952 [pool-38-thread-1] INFO  server.RaftServerConfigKeys (ConfUtils.java:logGet(43)) - raft.server.leader.election.timeout = 120s (custom)
2019-09-20 08:30:28,952 [pool-38-thread-1] INFO  server.RaftServerConfigKeys (ConfUtils.java:logGet(43)) - raft.server.log.use.memory = false (default)
2019-09-20 08:30:28,952 [pool-38-thread-1] INFO  server.RaftServerConfigKeys (ConfUtils.java:logGet(43)) - raft.server.log.purge.gap = 1000000 (custom)
2019-09-20 08:30:28,952 [pool-38-thread-1] INFO  server.RaftServerConfigKeys (ConfUtils.java:logGet(43)) - raft.server.log.appender.buffer.byte-limit = 33554432 (custom)
2019-09-20 08:30:28,953 [pool-38-thread-1] INFO  server.RaftServerConfigKeys (ConfUtils.java:logGet(43)) - raft.server.log.segment.size.max = 1048576 (custom)
2019-09-20 08:30:28,953 [pool-38-thread-1] INFO  server.RaftServerConfigKeys (ConfUtils.java:logGet(43)) - raft.server.log.segment.cache.num.max = 2 (custom)
2019-09-20 08:30:28,953 [pool-38-thread-1] INFO  segmented.SegmentedRaftLogWorker (SegmentedRaftLogWorker.java:<init>(172)) - new c8a425d5-130a-4202-9db9-9fe847e02d96-SegmentedRaftLogWorker:Storage Directory /workdir/hadoop-ozone/tools/target/test-dir/MiniOzoneClusterImpl-27b2788d-4a5e-4768-9652-b88d14ddf2e4/datanode-1/data/ratis/a60f5843-ec28-463d-b1b6-cfba5cfd0260 for RaftStorage:Storage Directory /workdir/hadoop-ozone/tools/target/test-dir/MiniOzoneClusterImpl-27b2788d-4a5e-4768-9652-b88d14ddf2e4/datanode-1/data/ratis/a60f5843-ec28-463d-b1b6-cfba5cfd0260
2019-09-20 08:30:28,953 [pool-38-thread-1] INFO  server.RaftServerConfigKeys (ConfUtils.java:logGet(43)) - raft.server.log.queue.byte-limit = 2147483647 (custom)
2019-09-20 08:30:28,954 [pool-38-thread-1] INFO  server.RaftServerConfigKeys (ConfUtils.java:logGet(43)) - raft.server.log.queue.element-limit = 1024 (custom)
2019-09-20 08:30:28,954 [pool-38-thread-1] INFO  server.RaftServerConfigKeys (ConfUtils.java:logGet(43)) - raft.server.log.segment.size.max = 1048576 (custom)
2019-09-20 08:30:28,954 [pool-38-thread-1] INFO  server.RaftServerConfigKeys (ConfUtils.java:logGet(43)) - raft.server.log.preallocated.size = 16384 (custom)
2019-09-20 08:30:28,954 [pool-38-thread-1] INFO  server.RaftServerConfigKeys (ConfUtils.java:logGet(43)) - raft.server.log.write.buffer.size = 33554432 (custom)
2019-09-20 08:30:28,954 [pool-38-thread-1] INFO  server.RaftServerConfigKeys (ConfUtils.java:logGet(43)) - raft.server.log.force.sync.num = 128 (default)
2019-09-20 08:30:28,955 [pool-38-thread-1] INFO  server.RaftServerConfigKeys (ConfUtils.java:logGet(43)) - raft.server.log.statemachine.data.sync = true (default)
2019-09-20 08:30:28,955 [pool-38-thread-1] INFO  server.RaftServerConfigKeys (ConfUtils.java:logGet(43)) - raft.server.log.statemachine.data.sync.timeout = 10s (default)
2019-09-20 08:30:28,955 [pool-38-thread-1] INFO  server.RaftServerConfigKeys (ConfUtils.java:logGet(43)) - raft.server.log.statemachine.data.sync.timeout.retry = -1 (default)
2019-09-20 08:30:28,955 [pool-38-thread-1] INFO  server.RaftServerConfigKeys (ConfUtils.java:logGet(43)) - raft.server.log.statemachine.data.caching.enabled = true (custom)
2019-09-20 08:30:28,956 [pool-38-thread-1] INFO  segmented.SegmentedRaftLogWorker (SegmentedRaftLogWorker.java:lambda$new$0(132)) - c8a425d5-130a-4202-9db9-9fe847e02d96-SegmentedRaftLogWorker:Storage Directory /workdir/hadoop-ozone/tools/target/test-dir/MiniOzoneClusterImpl-27b2788d-4a5e-4768-9652-b88d14ddf2e4/datanode-1/data/ratis/a60f5843-ec28-463d-b1b6-cfba5cfd0260: flushIndex: setUnconditionally 0 -> -1
2019-09-20 08:30:28,956 [pool-38-thread-1] INFO  server.RaftServerConfigKeys (ConfUtils.java:logGet(43)) - raft.server.snapshot.auto.trigger.enabled = true (custom)
2019-09-20 08:30:28,956 [pool-38-thread-1] INFO  server.RaftServerConfigKeys (ConfUtils.java:logGet(43)) - raft.server.snapshot.auto.trigger.threshold = 10000 (custom)
2019-09-20 08:30:28,957 [pool-38-thread-1] INFO  server.RaftServerConfigKeys (ConfUtils.java:logGet(43)) - raft.server.retrycache.expirytime = 600000ms (custom)
2019-09-20 08:30:28,957 [pool-38-thread-1] INFO  impl.RaftServerImpl (RaftServerImpl.java:start(180)) - c8a425d5-130a-4202-9db9-9fe847e02d96: start group-CFBA5CFD0260
2019-09-20 08:30:28,957 [pool-38-thread-1] INFO  impl.RaftServerImpl (RaftServerImpl.java:setRole(171)) - c8a425d5-130a-4202-9db9-9fe847e02d96:group-CFBA5CFD0260 changes role from null to FOLLOWER at term 0 for startAsFollower
2019-09-20 08:30:28,957 [pool-38-thread-1] INFO  impl.RoleInfo (RoleInfo.java:updateAndGet(143)) - c8a425d5-130a-4202-9db9-9fe847e02d96: start FollowerState
2019-09-20 08:30:28,958 [pool-38-thread-1] INFO  util.JmxRegister (JmxRegister.java:tryRegister(44)) - Successfully registered JMX Bean with object name Ratis:service=RaftServer,group=group-CFBA5CFD0260,id=c8a425d5-130a-4202-9db9-9fe847e02d96
2019-09-20 08:30:28,963 [RatisPipelineUtilsThread] INFO  pipeline.PipelineStateManager (PipelineStateManager.java:addPipeline(56)) - Created pipeline Pipeline[ Id: a60f5843-ec28-463d-b1b6-cfba5cfd0260, Nodes: c8a425d5-130a-4202-9db9-9fe847e02d96{ip: 192.168.34.27, host: pr-hdds-1569-6tbh6-3362816358, networkLocation: /default-rack, certSerialId: null}, Type:RATIS, Factor:ONE, State:OPEN]
2019-09-20 08:30:28,965 [RatisPipelineUtilsThread] INFO  pipeline.PipelinePlacementPolicy (PipelinePlacementPolicy.java:meetCriteria(91)) - Pipeline Placement: Doesn't meet the criteria to be viable node： e1a187e5-d89a-47f2-b2bd-c6db4da75c05 Heaviness: 6 limit: 5
2019-09-20 08:30:28,965 [RatisPipelineUtilsThread] INFO  pipeline.PipelinePlacementPolicy (PipelinePlacementPolicy.java:meetCriteria(91)) - Pipeline Placement: Doesn't meet the criteria to be viable node： d2c36bd8-bad5-464c-8c6b-b124cc016412 Heaviness: 6 limit: 5
2019-09-20 08:30:28,966 | INFO  | OMAudit | user=jenkins1000 | ip=127.0.0.1 | op=CREATE_VOLUME {admin=jenkins1000, owner=jenkins1000, volume=vol-0-51601, creationTime=1568968228959, quotaInBytes=1152921504606846976} | ret=SUCCESS |  
2019-09-20 08:30:28,977 [grpc-default-executor-0] INFO  impl.RaftServerProxy (RaftServerProxy.java:addNew(89)) - c8a425d5-130a-4202-9db9-9fe847e02d96: addNew group-4D18C895BBCC:[c8a425d5-130a-4202-9db9-9fe847e02d96:192.168.34.27:42231] returns group-4D18C895BBCC:java.util.concurrent.CompletableFuture@52c754ce[Not completed]
2019-09-20 08:30:28,981 [pool-38-thread-1] INFO  impl.RaftServerImpl (RaftServerImpl.java:<init>(93)) - c8a425d5-130a-4202-9db9-9fe847e02d96: new RaftServerImpl for group-4D18C895BBCC:[c8a425d5-130a-4202-9db9-9fe847e02d96:192.168.34.27:42231] with ContainerStateMachine:uninitialized
2019-09-20 08:30:28,982 | INFO  | OMAudit | user=jenkins1000 | ip=127.0.0.1 | op=READ_VOLUME {volume=vol-0-51601} | ret=SUCCESS |  
2019-09-20 08:30:28,982 [pool-38-thread-1] INFO  server.RaftServerConfigKeys (ConfUtils.java:logGet(43)) - raft.server.rpc.timeout.min = 5s (custom)
2019-09-20 08:30:28,982 [pool-38-thread-1] INFO  server.RaftServerConfigKeys (ConfUtils.java:logGet(43)) - raft.server.rpc.timeout.max = 5200ms (custom)
2019-09-20 08:30:28,982 [pool-38-thread-1] INFO  server.RaftServerConfigKeys (ConfUtils.java:logGet(43)) - raft.server.rpcslowness.timeout = 120s (custom)
2019-09-20 08:30:28,982 [pool-38-thread-1] INFO  server.RaftServerConfigKeys (ConfUtils.java:logGet(43)) - raft.server.sleep.deviation.threshold = 300 (default)
2019-09-20 08:30:28,982 [pool-38-thread-1] INFO  server.RaftServerConfigKeys (ConfUtils.java:logGet(43)) - raft.server.log.appender.install.snapshot.enabled = false (custom)
2019-09-20 08:30:28,983 [pool-38-thread-1] INFO  impl.RaftServerImpl (ServerState.java:<init>(105)) - c8a425d5-130a-4202-9db9-9fe847e02d96:group-4D18C895BBCC ConfigurationManager, init=-1: [c8a425d5-130a-4202-9db9-9fe847e02d96:192.168.34.27:42231], old=null, confs=<EMPTY_MAP>
2019-09-20 08:30:28,983 [pool-38-thread-1] INFO  server.RaftServerConfigKeys (ConfUtils.java:logGet(43)) - raft.server.storage.dir = [/workdir/hadoop-ozone/tools/target/test-dir/MiniOzoneClusterImpl-27b2788d-4a5e-4768-9652-b88d14ddf2e4/datanode-1/data/ratis] (custom)
2019-09-20 08:30:28,983 [pool-38-thread-1] INFO  storage.RaftStorageDirectory (RaftStorageDirectory.java:analyzeStorage(246)) - The storage directory /workdir/hadoop-ozone/tools/target/test-dir/MiniOzoneClusterImpl-27b2788d-4a5e-4768-9652-b88d14ddf2e4/datanode-1/data/ratis/804c9c34-edf5-49b5-8b99-4d18c895bbcc does not exist. Creating ...
2019-09-20 08:30:28,991 [pool-78-thread-2] INFO  rpc.RpcClient (RpcClient.java:createBucket(432)) - Creating Bucket: vol-0-51601/bucket-0-82911, with Versioning false and Storage Type set to DISK and Encryption set to false 
2019-09-20 08:30:28,997 [pool-38-thread-1] INFO  storage.RaftStorageDirectory (RaftStorageDirectory.java:tryLock(328)) - Lock on /workdir/hadoop-ozone/tools/target/test-dir/MiniOzoneClusterImpl-27b2788d-4a5e-4768-9652-b88d14ddf2e4/datanode-1/data/ratis/804c9c34-edf5-49b5-8b99-4d18c895bbcc/in_use.lock acquired by nodename 3879@pr-hdds-1569-6tbh6-3362816358
2019-09-20 08:30:29,010 [pool-38-thread-1] INFO  storage.RaftStorage (RaftStorage.java:format(72)) - Storage directory /workdir/hadoop-ozone/tools/target/test-dir/MiniOzoneClusterImpl-27b2788d-4a5e-4768-9652-b88d14ddf2e4/datanode-1/data/ratis/804c9c34-edf5-49b5-8b99-4d18c895bbcc has been successfully formatted.
2019-09-20 08:30:29,010 [pool-38-thread-1] INFO  ratis.ContainerStateMachine (ContainerStateMachine.java:loadSnapshot(226)) - group-4D18C895BBCC: The snapshot info is null. Setting the last applied indexto:(t:0, i:~)
2019-09-20 08:30:29,011 [pool-38-thread-1] INFO  server.RaftServerConfigKeys (ConfUtils.java:logGet(43)) - raft.server.leader.election.timeout = 120s (custom)
2019-09-20 08:30:29,011 [pool-38-thread-1] INFO  server.RaftServerConfigKeys (ConfUtils.java:logGet(43)) - raft.server.log.use.memory = false (default)
2019-09-20 08:30:29,011 [pool-38-thread-1] INFO  server.RaftServerConfigKeys (ConfUtils.java:logGet(43)) - raft.server.log.purge.gap = 1000000 (custom)
2019-09-20 08:30:29,011 [pool-38-thread-1] INFO  server.RaftServerConfigKeys (ConfUtils.java:logGet(43)) - raft.server.log.appender.buffer.byte-limit = 33554432 (custom)
2019-09-20 08:30:29,011 [pool-38-thread-1] INFO  server.RaftServerConfigKeys (ConfUtils.java:logGet(43)) - raft.server.log.segment.size.max = 1048576 (custom)
2019-09-20 08:30:29,012 [pool-38-thread-1] INFO  server.RaftServerConfigKeys (ConfUtils.java:logGet(43)) - raft.server.log.segment.cache.num.max = 2 (custom)
2019-09-20 08:30:29,012 [pool-38-thread-1] INFO  segmented.SegmentedRaftLogWorker (SegmentedRaftLogWorker.java:<init>(172)) - new c8a425d5-130a-4202-9db9-9fe847e02d96-SegmentedRaftLogWorker:Storage Directory /workdir/hadoop-ozone/tools/target/test-dir/MiniOzoneClusterImpl-27b2788d-4a5e-4768-9652-b88d14ddf2e4/datanode-1/data/ratis/804c9c34-edf5-49b5-8b99-4d18c895bbcc for RaftStorage:Storage Directory /workdir/hadoop-ozone/tools/target/test-dir/MiniOzoneClusterImpl-27b2788d-4a5e-4768-9652-b88d14ddf2e4/datanode-1/data/ratis/804c9c34-edf5-49b5-8b99-4d18c895bbcc
2019-09-20 08:30:29,012 [pool-38-thread-1] INFO  server.RaftServerConfigKeys (ConfUtils.java:logGet(43)) - raft.server.log.queue.byte-limit = 2147483647 (custom)
2019-09-20 08:30:29,012 [pool-38-thread-1] INFO  server.RaftServerConfigKeys (ConfUtils.java:logGet(43)) - raft.server.log.queue.element-limit = 1024 (custom)
2019-09-20 08:30:29,012 [pool-38-thread-1] INFO  server.RaftServerConfigKeys (ConfUtils.java:logGet(43)) - raft.server.log.segment.size.max = 1048576 (custom)
2019-09-20 08:30:29,012 [pool-38-thread-1] INFO  server.RaftServerConfigKeys (ConfUtils.java:logGet(43)) - raft.server.log.preallocated.size = 16384 (custom)
2019-09-20 08:30:29,013 [pool-38-thread-1] INFO  server.RaftServerConfigKeys (ConfUtils.java:logGet(43)) - raft.server.log.write.buffer.size = 33554432 (custom)
2019-09-20 08:30:29,013 [pool-38-thread-1] INFO  server.RaftServerConfigKeys (ConfUtils.java:logGet(43)) - raft.server.log.force.sync.num = 128 (default)
2019-09-20 08:30:29,013 [pool-38-thread-1] INFO  server.RaftServerConfigKeys (ConfUtils.java:logGet(43)) - raft.server.log.statemachine.data.sync = true (default)
2019-09-20 08:30:29,013 [pool-38-thread-1] INFO  server.RaftServerConfigKeys (ConfUtils.java:logGet(43)) - raft.server.log.statemachine.data.sync.timeout = 10s (default)
2019-09-20 08:30:29,013 [pool-38-thread-1] INFO  server.RaftServerConfigKeys (ConfUtils.java:logGet(43)) - raft.server.log.statemachine.data.sync.timeout.retry = -1 (default)
2019-09-20 08:30:29,014 | INFO  | OMAudit | user=jenkins1000 | ip=127.0.0.1 | op=CREATE_BUCKET {volume=vol-0-51601, bucket=bucket-0-82911, acls=[user:jenkins1000:a[ACCESS], group:default:a[ACCESS]], isVersionEnabled=false, storageType=DISK, creationTime=0} | ret=SUCCESS |  
2019-09-20 08:30:29,014 [pool-38-thread-1] INFO  server.RaftServerConfigKeys (ConfUtils.java:logGet(43)) - raft.server.log.statemachine.data.caching.enabled = true (custom)
2019-09-20 08:30:29,014 [pool-38-thread-1] INFO  segmented.SegmentedRaftLogWorker (SegmentedRaftLogWorker.java:lambda$new$0(132)) - c8a425d5-130a-4202-9db9-9fe847e02d96-SegmentedRaftLogWorker:Storage Directory /workdir/hadoop-ozone/tools/target/test-dir/MiniOzoneClusterImpl-27b2788d-4a5e-4768-9652-b88d14ddf2e4/datanode-1/data/ratis/804c9c34-edf5-49b5-8b99-4d18c895bbcc: flushIndex: setUnconditionally 0 -> -1
2019-09-20 08:30:29,014 [pool-38-thread-1] INFO  server.RaftServerConfigKeys (ConfUtils.java:logGet(43)) - raft.server.snapshot.auto.trigger.enabled = true (custom)
2019-09-20 08:30:29,015 [pool-38-thread-1] INFO  server.RaftServerConfigKeys (ConfUtils.java:logGet(43)) - raft.server.snapshot.auto.trigger.threshold = 10000 (custom)
2019-09-20 08:30:29,015 [pool-38-thread-1] INFO  server.RaftServerConfigKeys (ConfUtils.java:logGet(43)) - raft.server.retrycache.expirytime = 600000ms (custom)
2019-09-20 08:30:29,015 [pool-38-thread-1] INFO  impl.RaftServerImpl (RaftServerImpl.java:start(180)) - c8a425d5-130a-4202-9db9-9fe847e02d96: start group-4D18C895BBCC
2019-09-20 08:30:29,015 [pool-38-thread-1] INFO  impl.RaftServerImpl (RaftServerImpl.java:setRole(171)) - c8a425d5-130a-4202-9db9-9fe847e02d96:group-4D18C895BBCC changes role from null to FOLLOWER at term 0 for startAsFollower
2019-09-20 08:30:29,015 [pool-38-thread-1] INFO  impl.RoleInfo (RoleInfo.java:updateAndGet(143)) - c8a425d5-130a-4202-9db9-9fe847e02d96: start FollowerState
2019-09-20 08:30:29,016 [pool-38-thread-1] INFO  util.JmxRegister (JmxRegister.java:tryRegister(44)) - Successfully registered JMX Bean with object name Ratis:service=RaftServer,group=group-4D18C895BBCC,id=c8a425d5-130a-4202-9db9-9fe847e02d96
2019-09-20 08:30:29,023 [RatisPipelineUtilsThread] INFO  pipeline.PipelineStateManager (PipelineStateManager.java:addPipeline(56)) - Created pipeline Pipeline[ Id: 804c9c34-edf5-49b5-8b99-4d18c895bbcc, Nodes: c8a425d5-130a-4202-9db9-9fe847e02d96{ip: 192.168.34.27, host: pr-hdds-1569-6tbh6-3362816358, networkLocation: /default-rack, certSerialId: null}, Type:RATIS, Factor:ONE, State:OPEN]
2019-09-20 08:30:29,024 [RatisPipelineUtilsThread] INFO  pipeline.PipelinePlacementPolicy (PipelinePlacementPolicy.java:meetCriteria(91)) - Pipeline Placement: Doesn't meet the criteria to be viable node： e1a187e5-d89a-47f2-b2bd-c6db4da75c05 Heaviness: 6 limit: 5
2019-09-20 08:30:29,024 | INFO  | OMAudit | user=jenkins1000 | ip=127.0.0.1 | op=READ_BUCKET {volume=vol-0-51601, bucket=bucket-0-82911} | ret=SUCCESS |  
2019-09-20 08:30:29,025 [RatisPipelineUtilsThread] INFO  pipeline.PipelinePlacementPolicy (PipelinePlacementPolicy.java:meetCriteria(91)) - Pipeline Placement: Doesn't meet the criteria to be viable node： d2c36bd8-bad5-464c-8c6b-b124cc016412 Heaviness: 6 limit: 5
2019-09-20 08:30:29,046 [grpc-default-executor-0] INFO  impl.RaftServerProxy (RaftServerProxy.java:addNew(89)) - 4e3bae72-6dec-40bd-99be-7c75f0b44aae: addNew group-C567B9868611:[4e3bae72-6dec-40bd-99be-7c75f0b44aae:192.168.34.27:33584] returns group-C567B9868611:java.util.concurrent.CompletableFuture@1b831e7f[Not completed]
2019-09-20 08:30:29,048 [pool-49-thread-1] INFO  impl.RaftServerImpl (RaftServerImpl.java:<init>(93)) - 4e3bae72-6dec-40bd-99be-7c75f0b44aae: new RaftServerImpl for group-C567B9868611:[4e3bae72-6dec-40bd-99be-7c75f0b44aae:192.168.34.27:33584] with ContainerStateMachine:uninitialized
2019-09-20 08:30:29,049 [pool-49-thread-1] INFO  server.RaftServerConfigKeys (ConfUtils.java:logGet(43)) - raft.server.rpc.timeout.min = 5s (custom)
2019-09-20 08:30:29,049 [pool-49-thread-1] INFO  server.RaftServerConfigKeys (ConfUtils.java:logGet(43)) - raft.server.rpc.timeout.max = 5200ms (custom)
2019-09-20 08:30:29,049 [pool-49-thread-1] INFO  server.RaftServerConfigKeys (ConfUtils.java:logGet(43)) - raft.server.rpcslowness.timeout = 120s (custom)
2019-09-20 08:30:29,049 [pool-49-thread-1] INFO  server.RaftServerConfigKeys (ConfUtils.java:logGet(43)) - raft.server.sleep.deviation.threshold = 300 (default)
2019-09-20 08:30:29,049 [pool-49-thread-1] INFO  server.RaftServerConfigKeys (ConfUtils.java:logGet(43)) - raft.server.log.appender.install.snapshot.enabled = false (custom)
2019-09-20 08:30:29,051 [pool-49-thread-1] INFO  impl.RaftServerImpl (ServerState.java:<init>(105)) - 4e3bae72-6dec-40bd-99be-7c75f0b44aae:group-C567B9868611 ConfigurationManager, init=-1: [4e3bae72-6dec-40bd-99be-7c75f0b44aae:192.168.34.27:33584], old=null, confs=<EMPTY_MAP>
2019-09-20 08:30:29,052 [pool-49-thread-1] INFO  server.RaftServerConfigKeys (ConfUtils.java:logGet(43)) - raft.server.storage.dir = [/workdir/hadoop-ozone/tools/target/test-dir/MiniOzoneClusterImpl-27b2788d-4a5e-4768-9652-b88d14ddf2e4/datanode-2/data/ratis] (custom)
2019-09-20 08:30:29,052 [pool-49-thread-1] INFO  storage.RaftStorageDirectory (RaftStorageDirectory.java:analyzeStorage(246)) - The storage directory /workdir/hadoop-ozone/tools/target/test-dir/MiniOzoneClusterImpl-27b2788d-4a5e-4768-9652-b88d14ddf2e4/datanode-2/data/ratis/5f8a207c-0137-45b6-ba97-c567b9868611 does not exist. Creating ...
2019-09-20 08:30:29,066 [pool-49-thread-1] INFO  storage.RaftStorageDirectory (RaftStorageDirectory.java:tryLock(328)) - Lock on /workdir/hadoop-ozone/tools/target/test-dir/MiniOzoneClusterImpl-27b2788d-4a5e-4768-9652-b88d14ddf2e4/datanode-2/data/ratis/5f8a207c-0137-45b6-ba97-c567b9868611/in_use.lock acquired by nodename 3879@pr-hdds-1569-6tbh6-3362816358
2019-09-20 08:30:29,079 [pool-49-thread-1] INFO  storage.RaftStorage (RaftStorage.java:format(72)) - Storage directory /workdir/hadoop-ozone/tools/target/test-dir/MiniOzoneClusterImpl-27b2788d-4a5e-4768-9652-b88d14ddf2e4/datanode-2/data/ratis/5f8a207c-0137-45b6-ba97-c567b9868611 has been successfully formatted.
2019-09-20 08:30:29,080 [pool-49-thread-1] INFO  ratis.ContainerStateMachine (ContainerStateMachine.java:loadSnapshot(226)) - group-C567B9868611: The snapshot info is null. Setting the last applied indexto:(t:0, i:~)
2019-09-20 08:30:29,080 [pool-49-thread-1] INFO  server.RaftServerConfigKeys (ConfUtils.java:logGet(43)) - raft.server.leader.election.timeout = 120s (custom)
2019-09-20 08:30:29,080 [pool-49-thread-1] INFO  server.RaftServerConfigKeys (ConfUtils.java:logGet(43)) - raft.server.log.use.memory = false (default)
2019-09-20 08:30:29,080 [pool-49-thread-1] INFO  server.RaftServerConfigKeys (ConfUtils.java:logGet(43)) - raft.server.log.purge.gap = 1000000 (custom)
2019-09-20 08:30:29,080 [pool-49-thread-1] INFO  server.RaftServerConfigKeys (ConfUtils.java:logGet(43)) - raft.server.log.appender.buffer.byte-limit = 33554432 (custom)
2019-09-20 08:30:29,081 [pool-49-thread-1] INFO  server.RaftServerConfigKeys (ConfUtils.java:logGet(43)) - raft.server.log.segment.size.max = 1048576 (custom)
2019-09-20 08:30:29,081 [pool-49-thread-1] INFO  server.RaftServerConfigKeys (ConfUtils.java:logGet(43)) - raft.server.log.segment.cache.num.max = 2 (custom)
2019-09-20 08:30:29,081 [pool-49-thread-1] INFO  segmented.SegmentedRaftLogWorker (SegmentedRaftLogWorker.java:<init>(172)) - new 4e3bae72-6dec-40bd-99be-7c75f0b44aae-SegmentedRaftLogWorker:Storage Directory /workdir/hadoop-ozone/tools/target/test-dir/MiniOzoneClusterImpl-27b2788d-4a5e-4768-9652-b88d14ddf2e4/datanode-2/data/ratis/5f8a207c-0137-45b6-ba97-c567b9868611 for RaftStorage:Storage Directory /workdir/hadoop-ozone/tools/target/test-dir/MiniOzoneClusterImpl-27b2788d-4a5e-4768-9652-b88d14ddf2e4/datanode-2/data/ratis/5f8a207c-0137-45b6-ba97-c567b9868611
2019-09-20 08:30:29,081 [pool-49-thread-1] INFO  server.RaftServerConfigKeys (ConfUtils.java:logGet(43)) - raft.server.log.queue.byte-limit = 2147483647 (custom)
2019-09-20 08:30:29,081 [pool-49-thread-1] INFO  server.RaftServerConfigKeys (ConfUtils.java:logGet(43)) - raft.server.log.queue.element-limit = 1024 (custom)
2019-09-20 08:30:29,081 [pool-49-thread-1] INFO  server.RaftServerConfigKeys (ConfUtils.java:logGet(43)) - raft.server.log.segment.size.max = 1048576 (custom)
2019-09-20 08:30:29,082 [pool-49-thread-1] INFO  server.RaftServerConfigKeys (ConfUtils.java:logGet(43)) - raft.server.log.preallocated.size = 16384 (custom)
2019-09-20 08:30:29,082 [pool-49-thread-1] INFO  server.RaftServerConfigKeys (ConfUtils.java:logGet(43)) - raft.server.log.write.buffer.size = 33554432 (custom)
2019-09-20 08:30:29,082 [pool-49-thread-1] INFO  server.RaftServerConfigKeys (ConfUtils.java:logGet(43)) - raft.server.log.force.sync.num = 128 (default)
2019-09-20 08:30:29,082 [pool-49-thread-1] INFO  server.RaftServerConfigKeys (ConfUtils.java:logGet(43)) - raft.server.log.statemachine.data.sync = true (default)
2019-09-20 08:30:29,082 [pool-49-thread-1] INFO  server.RaftServerConfigKeys (ConfUtils.java:logGet(43)) - raft.server.log.statemachine.data.sync.timeout = 10s (default)
2019-09-20 08:30:29,082 [pool-49-thread-1] INFO  server.RaftServerConfigKeys (ConfUtils.java:logGet(43)) - raft.server.log.statemachine.data.sync.timeout.retry = -1 (default)
2019-09-20 08:30:29,083 [pool-49-thread-1] INFO  server.RaftServerConfigKeys (ConfUtils.java:logGet(43)) - raft.server.log.statemachine.data.caching.enabled = true (custom)
2019-09-20 08:30:29,083 [pool-49-thread-1] INFO  segmented.SegmentedRaftLogWorker (SegmentedRaftLogWorker.java:lambda$new$0(132)) - 4e3bae72-6dec-40bd-99be-7c75f0b44aae-SegmentedRaftLogWorker:Storage Directory /workdir/hadoop-ozone/tools/target/test-dir/MiniOzoneClusterImpl-27b2788d-4a5e-4768-9652-b88d14ddf2e4/datanode-2/data/ratis/5f8a207c-0137-45b6-ba97-c567b9868611: flushIndex: setUnconditionally 0 -> -1
2019-09-20 08:30:29,083 [pool-49-thread-1] INFO  server.RaftServerConfigKeys (ConfUtils.java:logGet(43)) - raft.server.snapshot.auto.trigger.enabled = true (custom)
2019-09-20 08:30:29,084 [pool-49-thread-1] INFO  server.RaftServerConfigKeys (ConfUtils.java:logGet(43)) - raft.server.snapshot.auto.trigger.threshold = 10000 (custom)
2019-09-20 08:30:29,084 [pool-49-thread-1] INFO  server.RaftServerConfigKeys (ConfUtils.java:logGet(43)) - raft.server.retrycache.expirytime = 600000ms (custom)
2019-09-20 08:30:29,084 [pool-49-thread-1] INFO  impl.RaftServerImpl (RaftServerImpl.java:start(180)) - 4e3bae72-6dec-40bd-99be-7c75f0b44aae: start group-C567B9868611
2019-09-20 08:30:29,084 [pool-49-thread-1] INFO  impl.RaftServerImpl (RaftServerImpl.java:setRole(171)) - 4e3bae72-6dec-40bd-99be-7c75f0b44aae:group-C567B9868611 changes role from null to FOLLOWER at term 0 for startAsFollower
2019-09-20 08:30:29,084 [pool-49-thread-1] INFO  impl.RoleInfo (RoleInfo.java:updateAndGet(143)) - 4e3bae72-6dec-40bd-99be-7c75f0b44aae: start FollowerState
2019-09-20 08:30:29,091 [pool-49-thread-1] INFO  util.JmxRegister (JmxRegister.java:tryRegister(44)) - Successfully registered JMX Bean with object name Ratis:service=RaftServer,group=group-C567B9868611,id=4e3bae72-6dec-40bd-99be-7c75f0b44aae
2019-09-20 08:30:29,112 [RatisPipelineUtilsThread] INFO  pipeline.PipelineStateManager (PipelineStateManager.java:addPipeline(56)) - Created pipeline Pipeline[ Id: 5f8a207c-0137-45b6-ba97-c567b9868611, Nodes: 4e3bae72-6dec-40bd-99be-7c75f0b44aae{ip: 192.168.34.27, host: pr-hdds-1569-6tbh6-3362816358, networkLocation: /default-rack, certSerialId: null}, Type:RATIS, Factor:ONE, State:OPEN]
2019-09-20 08:30:29,117 [RatisPipelineUtilsThread] INFO  pipeline.PipelinePlacementPolicy (PipelinePlacementPolicy.java:meetCriteria(91)) - Pipeline Placement: Doesn't meet the criteria to be viable node： e1a187e5-d89a-47f2-b2bd-c6db4da75c05 Heaviness: 6 limit: 5
2019-09-20 08:30:29,117 [RatisPipelineUtilsThread] INFO  pipeline.PipelinePlacementPolicy (PipelinePlacementPolicy.java:meetCriteria(91)) - Pipeline Placement: Doesn't meet the criteria to be viable node： d2c36bd8-bad5-464c-8c6b-b124cc016412 Heaviness: 6 limit: 5
2019-09-20 08:30:29,129 [grpc-default-executor-0] INFO  impl.RaftServerProxy (RaftServerProxy.java:addNew(89)) - c8a425d5-130a-4202-9db9-9fe847e02d96: addNew group-E11F40E4F613:[c8a425d5-130a-4202-9db9-9fe847e02d96:192.168.34.27:42231] returns group-E11F40E4F613:java.util.concurrent.CompletableFuture@551e7def[Not completed]
2019-09-20 08:30:29,133 [pool-38-thread-1] INFO  impl.RaftServerImpl (RaftServerImpl.java:<init>(93)) - c8a425d5-130a-4202-9db9-9fe847e02d96: new RaftServerImpl for group-E11F40E4F613:[c8a425d5-130a-4202-9db9-9fe847e02d96:192.168.34.27:42231] with ContainerStateMachine:uninitialized
2019-09-20 08:30:29,133 [pool-38-thread-1] INFO  server.RaftServerConfigKeys (ConfUtils.java:logGet(43)) - raft.server.rpc.timeout.min = 5s (custom)
2019-09-20 08:30:29,133 [pool-38-thread-1] INFO  server.RaftServerConfigKeys (ConfUtils.java:logGet(43)) - raft.server.rpc.timeout.max = 5200ms (custom)
2019-09-20 08:30:29,133 [pool-38-thread-1] INFO  server.RaftServerConfigKeys (ConfUtils.java:logGet(43)) - raft.server.rpcslowness.timeout = 120s (custom)
2019-09-20 08:30:29,134 [pool-38-thread-1] INFO  server.RaftServerConfigKeys (ConfUtils.java:logGet(43)) - raft.server.sleep.deviation.threshold = 300 (default)
2019-09-20 08:30:29,134 [pool-38-thread-1] INFO  server.RaftServerConfigKeys (ConfUtils.java:logGet(43)) - raft.server.log.appender.install.snapshot.enabled = false (custom)
2019-09-20 08:30:29,134 [pool-38-thread-1] INFO  impl.RaftServerImpl (ServerState.java:<init>(105)) - c8a425d5-130a-4202-9db9-9fe847e02d96:group-E11F40E4F613 ConfigurationManager, init=-1: [c8a425d5-130a-4202-9db9-9fe847e02d96:192.168.34.27:42231], old=null, confs=<EMPTY_MAP>
2019-09-20 08:30:29,134 [pool-38-thread-1] INFO  server.RaftServerConfigKeys (ConfUtils.java:logGet(43)) - raft.server.storage.dir = [/workdir/hadoop-ozone/tools/target/test-dir/MiniOzoneClusterImpl-27b2788d-4a5e-4768-9652-b88d14ddf2e4/datanode-1/data/ratis] (custom)
2019-09-20 08:30:29,135 [pool-38-thread-1] INFO  storage.RaftStorageDirectory (RaftStorageDirectory.java:analyzeStorage(246)) - The storage directory /workdir/hadoop-ozone/tools/target/test-dir/MiniOzoneClusterImpl-27b2788d-4a5e-4768-9652-b88d14ddf2e4/datanode-1/data/ratis/425c877e-bbe6-44f7-8d37-e11f40e4f613 does not exist. Creating ...
2019-09-20 08:30:29,148 [pool-38-thread-1] INFO  storage.RaftStorageDirectory (RaftStorageDirectory.java:tryLock(328)) - Lock on /workdir/hadoop-ozone/tools/target/test-dir/MiniOzoneClusterImpl-27b2788d-4a5e-4768-9652-b88d14ddf2e4/datanode-1/data/ratis/425c877e-bbe6-44f7-8d37-e11f40e4f613/in_use.lock acquired by nodename 3879@pr-hdds-1569-6tbh6-3362816358
2019-09-20 08:30:29,190 [pool-38-thread-1] INFO  storage.RaftStorage (RaftStorage.java:format(72)) - Storage directory /workdir/hadoop-ozone/tools/target/test-dir/MiniOzoneClusterImpl-27b2788d-4a5e-4768-9652-b88d14ddf2e4/datanode-1/data/ratis/425c877e-bbe6-44f7-8d37-e11f40e4f613 has been successfully formatted.
2019-09-20 08:30:29,190 [pool-38-thread-1] INFO  ratis.ContainerStateMachine (ContainerStateMachine.java:loadSnapshot(226)) - group-E11F40E4F613: The snapshot info is null. Setting the last applied indexto:(t:0, i:~)
2019-09-20 08:30:29,190 [pool-38-thread-1] INFO  server.RaftServerConfigKeys (ConfUtils.java:logGet(43)) - raft.server.leader.election.timeout = 120s (custom)
2019-09-20 08:30:29,191 [pool-38-thread-1] INFO  server.RaftServerConfigKeys (ConfUtils.java:logGet(43)) - raft.server.log.use.memory = false (default)
2019-09-20 08:30:29,191 [pool-38-thread-1] INFO  server.RaftServerConfigKeys (ConfUtils.java:logGet(43)) - raft.server.log.purge.gap = 1000000 (custom)
2019-09-20 08:30:29,191 [pool-38-thread-1] INFO  server.RaftServerConfigKeys (ConfUtils.java:logGet(43)) - raft.server.log.appender.buffer.byte-limit = 33554432 (custom)
2019-09-20 08:30:29,191 [pool-38-thread-1] INFO  server.RaftServerConfigKeys (ConfUtils.java:logGet(43)) - raft.server.log.segment.size.max = 1048576 (custom)
2019-09-20 08:30:29,192 [pool-38-thread-1] INFO  server.RaftServerConfigKeys (ConfUtils.java:logGet(43)) - raft.server.log.segment.cache.num.max = 2 (custom)
2019-09-20 08:30:29,192 [pool-38-thread-1] INFO  segmented.SegmentedRaftLogWorker (SegmentedRaftLogWorker.java:<init>(172)) - new c8a425d5-130a-4202-9db9-9fe847e02d96-SegmentedRaftLogWorker:Storage Directory /workdir/hadoop-ozone/tools/target/test-dir/MiniOzoneClusterImpl-27b2788d-4a5e-4768-9652-b88d14ddf2e4/datanode-1/data/ratis/425c877e-bbe6-44f7-8d37-e11f40e4f613 for RaftStorage:Storage Directory /workdir/hadoop-ozone/tools/target/test-dir/MiniOzoneClusterImpl-27b2788d-4a5e-4768-9652-b88d14ddf2e4/datanode-1/data/ratis/425c877e-bbe6-44f7-8d37-e11f40e4f613
2019-09-20 08:30:29,192 [pool-38-thread-1] INFO  server.RaftServerConfigKeys (ConfUtils.java:logGet(43)) - raft.server.log.queue.byte-limit = 2147483647 (custom)
2019-09-20 08:30:29,192 [pool-38-thread-1] INFO  server.RaftServerConfigKeys (ConfUtils.java:logGet(43)) - raft.server.log.queue.element-limit = 1024 (custom)
2019-09-20 08:30:29,193 [pool-38-thread-1] INFO  server.RaftServerConfigKeys (ConfUtils.java:logGet(43)) - raft.server.log.segment.size.max = 1048576 (custom)
2019-09-20 08:30:29,193 [pool-38-thread-1] INFO  server.RaftServerConfigKeys (ConfUtils.java:logGet(43)) - raft.server.log.preallocated.size = 16384 (custom)
2019-09-20 08:30:29,193 [pool-38-thread-1] INFO  server.RaftServerConfigKeys (ConfUtils.java:logGet(43)) - raft.server.log.write.buffer.size = 33554432 (custom)
2019-09-20 08:30:29,193 [pool-38-thread-1] INFO  server.RaftServerConfigKeys (ConfUtils.java:logGet(43)) - raft.server.log.force.sync.num = 128 (default)
2019-09-20 08:30:29,193 [pool-38-thread-1] INFO  server.RaftServerConfigKeys (ConfUtils.java:logGet(43)) - raft.server.log.statemachine.data.sync = true (default)
2019-09-20 08:30:29,194 [pool-38-thread-1] INFO  server.RaftServerConfigKeys (ConfUtils.java:logGet(43)) - raft.server.log.statemachine.data.sync.timeout = 10s (default)
2019-09-20 08:30:29,194 [pool-38-thread-1] INFO  server.RaftServerConfigKeys (ConfUtils.java:logGet(43)) - raft.server.log.statemachine.data.sync.timeout.retry = -1 (default)
2019-09-20 08:30:29,194 [pool-38-thread-1] INFO  server.RaftServerConfigKeys (ConfUtils.java:logGet(43)) - raft.server.log.statemachine.data.caching.enabled = true (custom)
2019-09-20 08:30:29,195 [pool-38-thread-1] INFO  segmented.SegmentedRaftLogWorker (SegmentedRaftLogWorker.java:lambda$new$0(132)) - c8a425d5-130a-4202-9db9-9fe847e02d96-SegmentedRaftLogWorker:Storage Directory /workdir/hadoop-ozone/tools/target/test-dir/MiniOzoneClusterImpl-27b2788d-4a5e-4768-9652-b88d14ddf2e4/datanode-1/data/ratis/425c877e-bbe6-44f7-8d37-e11f40e4f613: flushIndex: setUnconditionally 0 -> -1
2019-09-20 08:30:29,195 [pool-38-thread-1] INFO  server.RaftServerConfigKeys (ConfUtils.java:logGet(43)) - raft.server.snapshot.auto.trigger.enabled = true (custom)
2019-09-20 08:30:29,195 [pool-38-thread-1] INFO  server.RaftServerConfigKeys (ConfUtils.java:logGet(43)) - raft.server.snapshot.auto.trigger.threshold = 10000 (custom)
2019-09-20 08:30:29,196 [pool-38-thread-1] INFO  server.RaftServerConfigKeys (ConfUtils.java:logGet(43)) - raft.server.retrycache.expirytime = 600000ms (custom)
2019-09-20 08:30:29,196 [pool-38-thread-1] INFO  impl.RaftServerImpl (RaftServerImpl.java:start(180)) - c8a425d5-130a-4202-9db9-9fe847e02d96: start group-E11F40E4F613
2019-09-20 08:30:29,196 [pool-38-thread-1] INFO  impl.RaftServerImpl (RaftServerImpl.java:setRole(171)) - c8a425d5-130a-4202-9db9-9fe847e02d96:group-E11F40E4F613 changes role from null to FOLLOWER at term 0 for startAsFollower
2019-09-20 08:30:29,196 [pool-38-thread-1] INFO  impl.RoleInfo (RoleInfo.java:updateAndGet(143)) - c8a425d5-130a-4202-9db9-9fe847e02d96: start FollowerState
2019-09-20 08:30:29,197 [pool-38-thread-1] INFO  util.JmxRegister (JmxRegister.java:tryRegister(44)) - Successfully registered JMX Bean with object name Ratis:service=RaftServer,group=group-E11F40E4F613,id=c8a425d5-130a-4202-9db9-9fe847e02d96
2019-09-20 08:30:29,203 [RatisPipelineUtilsThread] INFO  pipeline.PipelineStateManager (PipelineStateManager.java:addPipeline(56)) - Created pipeline Pipeline[ Id: 425c877e-bbe6-44f7-8d37-e11f40e4f613, Nodes: c8a425d5-130a-4202-9db9-9fe847e02d96{ip: 192.168.34.27, host: pr-hdds-1569-6tbh6-3362816358, networkLocation: /default-rack, certSerialId: null}, Type:RATIS, Factor:ONE, State:OPEN]
2019-09-20 08:30:29,205 [RatisPipelineUtilsThread] INFO  pipeline.PipelinePlacementPolicy (PipelinePlacementPolicy.java:meetCriteria(91)) - Pipeline Placement: Doesn't meet the criteria to be viable node： e1a187e5-d89a-47f2-b2bd-c6db4da75c05 Heaviness: 6 limit: 5
2019-09-20 08:30:29,206 [RatisPipelineUtilsThread] INFO  pipeline.PipelinePlacementPolicy (PipelinePlacementPolicy.java:meetCriteria(91)) - Pipeline Placement: Doesn't meet the criteria to be viable node： d2c36bd8-bad5-464c-8c6b-b124cc016412 Heaviness: 6 limit: 5
2019-09-20 08:30:29,218 [grpc-default-executor-0] INFO  impl.RaftServerProxy (RaftServerProxy.java:addNew(89)) - c8a425d5-130a-4202-9db9-9fe847e02d96: addNew group-B6D75F9266ED:[c8a425d5-130a-4202-9db9-9fe847e02d96:192.168.34.27:42231] returns group-B6D75F9266ED:java.util.concurrent.CompletableFuture@f00c8d7[Not completed]
2019-09-20 08:30:29,220 [pool-38-thread-1] INFO  impl.RaftServerImpl (RaftServerImpl.java:<init>(93)) - c8a425d5-130a-4202-9db9-9fe847e02d96: new RaftServerImpl for group-B6D75F9266ED:[c8a425d5-130a-4202-9db9-9fe847e02d96:192.168.34.27:42231] with ContainerStateMachine:uninitialized
2019-09-20 08:30:29,221 [pool-38-thread-1] INFO  server.RaftServerConfigKeys (ConfUtils.java:logGet(43)) - raft.server.rpc.timeout.min = 5s (custom)
2019-09-20 08:30:29,221 [pool-38-thread-1] INFO  server.RaftServerConfigKeys (ConfUtils.java:logGet(43)) - raft.server.rpc.timeout.max = 5200ms (custom)
2019-09-20 08:30:29,221 [pool-38-thread-1] INFO  server.RaftServerConfigKeys (ConfUtils.java:logGet(43)) - raft.server.rpcslowness.timeout = 120s (custom)
2019-09-20 08:30:29,221 [pool-38-thread-1] INFO  server.RaftServerConfigKeys (ConfUtils.java:logGet(43)) - raft.server.sleep.deviation.threshold = 300 (default)
2019-09-20 08:30:29,221 [pool-38-thread-1] INFO  server.RaftServerConfigKeys (ConfUtils.java:logGet(43)) - raft.server.log.appender.install.snapshot.enabled = false (custom)
2019-09-20 08:30:29,222 [pool-38-thread-1] INFO  impl.RaftServerImpl (ServerState.java:<init>(105)) - c8a425d5-130a-4202-9db9-9fe847e02d96:group-B6D75F9266ED ConfigurationManager, init=-1: [c8a425d5-130a-4202-9db9-9fe847e02d96:192.168.34.27:42231], old=null, confs=<EMPTY_MAP>
2019-09-20 08:30:29,222 [pool-38-thread-1] INFO  server.RaftServerConfigKeys (ConfUtils.java:logGet(43)) - raft.server.storage.dir = [/workdir/hadoop-ozone/tools/target/test-dir/MiniOzoneClusterImpl-27b2788d-4a5e-4768-9652-b88d14ddf2e4/datanode-1/data/ratis] (custom)
2019-09-20 08:30:29,222 [pool-38-thread-1] INFO  storage.RaftStorageDirectory (RaftStorageDirectory.java:analyzeStorage(246)) - The storage directory /workdir/hadoop-ozone/tools/target/test-dir/MiniOzoneClusterImpl-27b2788d-4a5e-4768-9652-b88d14ddf2e4/datanode-1/data/ratis/265a3c77-691a-4a5c-b672-b6d75f9266ed does not exist. Creating ...
2019-09-20 08:30:29,236 [pool-38-thread-1] INFO  storage.RaftStorageDirectory (RaftStorageDirectory.java:tryLock(328)) - Lock on /workdir/hadoop-ozone/tools/target/test-dir/MiniOzoneClusterImpl-27b2788d-4a5e-4768-9652-b88d14ddf2e4/datanode-1/data/ratis/265a3c77-691a-4a5c-b672-b6d75f9266ed/in_use.lock acquired by nodename 3879@pr-hdds-1569-6tbh6-3362816358
2019-09-20 08:30:29,249 [pool-38-thread-1] INFO  storage.RaftStorage (RaftStorage.java:format(72)) - Storage directory /workdir/hadoop-ozone/tools/target/test-dir/MiniOzoneClusterImpl-27b2788d-4a5e-4768-9652-b88d14ddf2e4/datanode-1/data/ratis/265a3c77-691a-4a5c-b672-b6d75f9266ed has been successfully formatted.
2019-09-20 08:30:29,250 [pool-38-thread-1] INFO  ratis.ContainerStateMachine (ContainerStateMachine.java:loadSnapshot(226)) - group-B6D75F9266ED: The snapshot info is null. Setting the last applied indexto:(t:0, i:~)
2019-09-20 08:30:29,250 [pool-38-thread-1] INFO  server.RaftServerConfigKeys (ConfUtils.java:logGet(43)) - raft.server.leader.election.timeout = 120s (custom)
2019-09-20 08:30:29,251 [pool-38-thread-1] INFO  server.RaftServerConfigKeys (ConfUtils.java:logGet(43)) - raft.server.log.use.memory = false (default)
2019-09-20 08:30:29,251 [pool-38-thread-1] INFO  server.RaftServerConfigKeys (ConfUtils.java:logGet(43)) - raft.server.log.purge.gap = 1000000 (custom)
2019-09-20 08:30:29,251 [pool-38-thread-1] INFO  server.RaftServerConfigKeys (ConfUtils.java:logGet(43)) - raft.server.log.appender.buffer.byte-limit = 33554432 (custom)
2019-09-20 08:30:29,251 [pool-38-thread-1] INFO  server.RaftServerConfigKeys (ConfUtils.java:logGet(43)) - raft.server.log.segment.size.max = 1048576 (custom)
2019-09-20 08:30:29,251 [pool-38-thread-1] INFO  server.RaftServerConfigKeys (ConfUtils.java:logGet(43)) - raft.server.log.segment.cache.num.max = 2 (custom)
2019-09-20 08:30:29,252 [pool-38-thread-1] INFO  segmented.SegmentedRaftLogWorker (SegmentedRaftLogWorker.java:<init>(172)) - new c8a425d5-130a-4202-9db9-9fe847e02d96-SegmentedRaftLogWorker:Storage Directory /workdir/hadoop-ozone/tools/target/test-dir/MiniOzoneClusterImpl-27b2788d-4a5e-4768-9652-b88d14ddf2e4/datanode-1/data/ratis/265a3c77-691a-4a5c-b672-b6d75f9266ed for RaftStorage:Storage Directory /workdir/hadoop-ozone/tools/target/test-dir/MiniOzoneClusterImpl-27b2788d-4a5e-4768-9652-b88d14ddf2e4/datanode-1/data/ratis/265a3c77-691a-4a5c-b672-b6d75f9266ed
2019-09-20 08:30:29,252 [pool-38-thread-1] INFO  server.RaftServerConfigKeys (ConfUtils.java:logGet(43)) - raft.server.log.queue.byte-limit = 2147483647 (custom)
2019-09-20 08:30:29,252 [pool-38-thread-1] INFO  server.RaftServerConfigKeys (ConfUtils.java:logGet(43)) - raft.server.log.queue.element-limit = 1024 (custom)
2019-09-20 08:30:29,252 [pool-38-thread-1] INFO  server.RaftServerConfigKeys (ConfUtils.java:logGet(43)) - raft.server.log.segment.size.max = 1048576 (custom)
2019-09-20 08:30:29,252 [pool-38-thread-1] INFO  server.RaftServerConfigKeys (ConfUtils.java:logGet(43)) - raft.server.log.preallocated.size = 16384 (custom)
2019-09-20 08:30:29,252 [pool-38-thread-1] INFO  server.RaftServerConfigKeys (ConfUtils.java:logGet(43)) - raft.server.log.write.buffer.size = 33554432 (custom)
2019-09-20 08:30:29,253 [pool-38-thread-1] INFO  server.RaftServerConfigKeys (ConfUtils.java:logGet(43)) - raft.server.log.force.sync.num = 128 (default)
2019-09-20 08:30:29,253 [pool-38-thread-1] INFO  server.RaftServerConfigKeys (ConfUtils.java:logGet(43)) - raft.server.log.statemachine.data.sync = true (default)
2019-09-20 08:30:29,253 [pool-38-thread-1] INFO  server.RaftServerConfigKeys (ConfUtils.java:logGet(43)) - raft.server.log.statemachine.data.sync.timeout = 10s (default)
2019-09-20 08:30:29,253 [pool-38-thread-1] INFO  server.RaftServerConfigKeys (ConfUtils.java:logGet(43)) - raft.server.log.statemachine.data.sync.timeout.retry = -1 (default)
2019-09-20 08:30:29,253 [pool-38-thread-1] INFO  server.RaftServerConfigKeys (ConfUtils.java:logGet(43)) - raft.server.log.statemachine.data.caching.enabled = true (custom)
2019-09-20 08:30:29,254 [pool-38-thread-1] INFO  segmented.SegmentedRaftLogWorker (SegmentedRaftLogWorker.java:lambda$new$0(132)) - c8a425d5-130a-4202-9db9-9fe847e02d96-SegmentedRaftLogWorker:Storage Directory /workdir/hadoop-ozone/tools/target/test-dir/MiniOzoneClusterImpl-27b2788d-4a5e-4768-9652-b88d14ddf2e4/datanode-1/data/ratis/265a3c77-691a-4a5c-b672-b6d75f9266ed: flushIndex: setUnconditionally 0 -> -1
2019-09-20 08:30:29,254 [pool-38-thread-1] INFO  server.RaftServerConfigKeys (ConfUtils.java:logGet(43)) - raft.server.snapshot.auto.trigger.enabled = true (custom)
2019-09-20 08:30:29,254 [pool-38-thread-1] INFO  server.RaftServerConfigKeys (ConfUtils.java:logGet(43)) - raft.server.snapshot.auto.trigger.threshold = 10000 (custom)
2019-09-20 08:30:29,255 [pool-38-thread-1] INFO  server.RaftServerConfigKeys (ConfUtils.java:logGet(43)) - raft.server.retrycache.expirytime = 600000ms (custom)
2019-09-20 08:30:29,255 [pool-38-thread-1] INFO  impl.RaftServerImpl (RaftServerImpl.java:start(180)) - c8a425d5-130a-4202-9db9-9fe847e02d96: start group-B6D75F9266ED
2019-09-20 08:30:29,255 [pool-38-thread-1] INFO  impl.RaftServerImpl (RaftServerImpl.java:setRole(171)) - c8a425d5-130a-4202-9db9-9fe847e02d96:group-B6D75F9266ED changes role from null to FOLLOWER at term 0 for startAsFollower
2019-09-20 08:30:29,255 [pool-38-thread-1] INFO  impl.RoleInfo (RoleInfo.java:updateAndGet(143)) - c8a425d5-130a-4202-9db9-9fe847e02d96: start FollowerState
2019-09-20 08:30:29,256 [pool-38-thread-1] INFO  util.JmxRegister (JmxRegister.java:tryRegister(44)) - Successfully registered JMX Bean with object name Ratis:service=RaftServer,group=group-B6D75F9266ED,id=c8a425d5-130a-4202-9db9-9fe847e02d96
2019-09-20 08:30:29,262 [RatisPipelineUtilsThread] INFO  pipeline.PipelineStateManager (PipelineStateManager.java:addPipeline(56)) - Created pipeline Pipeline[ Id: 265a3c77-691a-4a5c-b672-b6d75f9266ed, Nodes: c8a425d5-130a-4202-9db9-9fe847e02d96{ip: 192.168.34.27, host: pr-hdds-1569-6tbh6-3362816358, networkLocation: /default-rack, certSerialId: null}, Type:RATIS, Factor:ONE, State:OPEN]
2019-09-20 08:30:29,264 [RatisPipelineUtilsThread] INFO  pipeline.PipelinePlacementPolicy (PipelinePlacementPolicy.java:meetCriteria(91)) - Pipeline Placement: Doesn't meet the criteria to be viable node： e1a187e5-d89a-47f2-b2bd-c6db4da75c05 Heaviness: 6 limit: 5
2019-09-20 08:30:29,264 [RatisPipelineUtilsThread] INFO  pipeline.PipelinePlacementPolicy (PipelinePlacementPolicy.java:meetCriteria(91)) - Pipeline Placement: Doesn't meet the criteria to be viable node： d2c36bd8-bad5-464c-8c6b-b124cc016412 Heaviness: 6 limit: 5
2019-09-20 08:30:29,276 [grpc-default-executor-0] INFO  impl.RaftServerProxy (RaftServerProxy.java:addNew(89)) - 4e3bae72-6dec-40bd-99be-7c75f0b44aae: addNew group-71C449976774:[4e3bae72-6dec-40bd-99be-7c75f0b44aae:192.168.34.27:33584] returns group-71C449976774:java.util.concurrent.CompletableFuture@2d39c110[Not completed]
2019-09-20 08:30:29,279 [pool-49-thread-1] INFO  impl.RaftServerImpl (RaftServerImpl.java:<init>(93)) - 4e3bae72-6dec-40bd-99be-7c75f0b44aae: new RaftServerImpl for group-71C449976774:[4e3bae72-6dec-40bd-99be-7c75f0b44aae:192.168.34.27:33584] with ContainerStateMachine:uninitialized
2019-09-20 08:30:29,280 [pool-49-thread-1] INFO  server.RaftServerConfigKeys (ConfUtils.java:logGet(43)) - raft.server.rpc.timeout.min = 5s (custom)
2019-09-20 08:30:29,280 [pool-49-thread-1] INFO  server.RaftServerConfigKeys (ConfUtils.java:logGet(43)) - raft.server.rpc.timeout.max = 5200ms (custom)
2019-09-20 08:30:29,280 [pool-49-thread-1] INFO  server.RaftServerConfigKeys (ConfUtils.java:logGet(43)) - raft.server.rpcslowness.timeout = 120s (custom)
2019-09-20 08:30:29,280 [pool-49-thread-1] INFO  server.RaftServerConfigKeys (ConfUtils.java:logGet(43)) - raft.server.sleep.deviation.threshold = 300 (default)
2019-09-20 08:30:29,280 [pool-49-thread-1] INFO  server.RaftServerConfigKeys (ConfUtils.java:logGet(43)) - raft.server.log.appender.install.snapshot.enabled = false (custom)
2019-09-20 08:30:29,280 [pool-49-thread-1] INFO  impl.RaftServerImpl (ServerState.java:<init>(105)) - 4e3bae72-6dec-40bd-99be-7c75f0b44aae:group-71C449976774 ConfigurationManager, init=-1: [4e3bae72-6dec-40bd-99be-7c75f0b44aae:192.168.34.27:33584], old=null, confs=<EMPTY_MAP>
2019-09-20 08:30:29,281 [pool-49-thread-1] INFO  server.RaftServerConfigKeys (ConfUtils.java:logGet(43)) - raft.server.storage.dir = [/workdir/hadoop-ozone/tools/target/test-dir/MiniOzoneClusterImpl-27b2788d-4a5e-4768-9652-b88d14ddf2e4/datanode-2/data/ratis] (custom)
2019-09-20 08:30:29,281 [pool-49-thread-1] INFO  storage.RaftStorageDirectory (RaftStorageDirectory.java:analyzeStorage(246)) - The storage directory /workdir/hadoop-ozone/tools/target/test-dir/MiniOzoneClusterImpl-27b2788d-4a5e-4768-9652-b88d14ddf2e4/datanode-2/data/ratis/0a143d7d-4d65-4627-b38d-71c449976774 does not exist. Creating ...
2019-09-20 08:30:29,294 [pool-49-thread-1] INFO  storage.RaftStorageDirectory (RaftStorageDirectory.java:tryLock(328)) - Lock on /workdir/hadoop-ozone/tools/target/test-dir/MiniOzoneClusterImpl-27b2788d-4a5e-4768-9652-b88d14ddf2e4/datanode-2/data/ratis/0a143d7d-4d65-4627-b38d-71c449976774/in_use.lock acquired by nodename 3879@pr-hdds-1569-6tbh6-3362816358
2019-09-20 08:30:29,307 [pool-49-thread-1] INFO  storage.RaftStorage (RaftStorage.java:format(72)) - Storage directory /workdir/hadoop-ozone/tools/target/test-dir/MiniOzoneClusterImpl-27b2788d-4a5e-4768-9652-b88d14ddf2e4/datanode-2/data/ratis/0a143d7d-4d65-4627-b38d-71c449976774 has been successfully formatted.
2019-09-20 08:30:29,307 [pool-49-thread-1] INFO  ratis.ContainerStateMachine (ContainerStateMachine.java:loadSnapshot(226)) - group-71C449976774: The snapshot info is null. Setting the last applied indexto:(t:0, i:~)
2019-09-20 08:30:29,307 [pool-49-thread-1] INFO  server.RaftServerConfigKeys (ConfUtils.java:logGet(43)) - raft.server.leader.election.timeout = 120s (custom)
2019-09-20 08:30:29,307 [pool-49-thread-1] INFO  server.RaftServerConfigKeys (ConfUtils.java:logGet(43)) - raft.server.log.use.memory = false (default)
2019-09-20 08:30:29,308 [pool-49-thread-1] INFO  server.RaftServerConfigKeys (ConfUtils.java:logGet(43)) - raft.server.log.purge.gap = 1000000 (custom)
2019-09-20 08:30:29,308 [pool-49-thread-1] INFO  server.RaftServerConfigKeys (ConfUtils.java:logGet(43)) - raft.server.log.appender.buffer.byte-limit = 33554432 (custom)
2019-09-20 08:30:29,308 [pool-49-thread-1] INFO  server.RaftServerConfigKeys (ConfUtils.java:logGet(43)) - raft.server.log.segment.size.max = 1048576 (custom)
2019-09-20 08:30:29,308 [pool-49-thread-1] INFO  server.RaftServerConfigKeys (ConfUtils.java:logGet(43)) - raft.server.log.segment.cache.num.max = 2 (custom)
2019-09-20 08:30:29,308 [pool-49-thread-1] INFO  segmented.SegmentedRaftLogWorker (SegmentedRaftLogWorker.java:<init>(172)) - new 4e3bae72-6dec-40bd-99be-7c75f0b44aae-SegmentedRaftLogWorker:Storage Directory /workdir/hadoop-ozone/tools/target/test-dir/MiniOzoneClusterImpl-27b2788d-4a5e-4768-9652-b88d14ddf2e4/datanode-2/data/ratis/0a143d7d-4d65-4627-b38d-71c449976774 for RaftStorage:Storage Directory /workdir/hadoop-ozone/tools/target/test-dir/MiniOzoneClusterImpl-27b2788d-4a5e-4768-9652-b88d14ddf2e4/datanode-2/data/ratis/0a143d7d-4d65-4627-b38d-71c449976774
2019-09-20 08:30:29,309 [pool-49-thread-1] INFO  server.RaftServerConfigKeys (ConfUtils.java:logGet(43)) - raft.server.log.queue.byte-limit = 2147483647 (custom)
2019-09-20 08:30:29,309 [pool-49-thread-1] INFO  server.RaftServerConfigKeys (ConfUtils.java:logGet(43)) - raft.server.log.queue.element-limit = 1024 (custom)
2019-09-20 08:30:29,309 [pool-49-thread-1] INFO  server.RaftServerConfigKeys (ConfUtils.java:logGet(43)) - raft.server.log.segment.size.max = 1048576 (custom)
2019-09-20 08:30:29,309 [pool-49-thread-1] INFO  server.RaftServerConfigKeys (ConfUtils.java:logGet(43)) - raft.server.log.preallocated.size = 16384 (custom)
2019-09-20 08:30:29,309 [pool-49-thread-1] INFO  server.RaftServerConfigKeys (ConfUtils.java:logGet(43)) - raft.server.log.write.buffer.size = 33554432 (custom)
2019-09-20 08:30:29,309 [pool-49-thread-1] INFO  server.RaftServerConfigKeys (ConfUtils.java:logGet(43)) - raft.server.log.force.sync.num = 128 (default)
2019-09-20 08:30:29,309 [pool-49-thread-1] INFO  server.RaftServerConfigKeys (ConfUtils.java:logGet(43)) - raft.server.log.statemachine.data.sync = true (default)
2019-09-20 08:30:29,310 [pool-49-thread-1] INFO  server.RaftServerConfigKeys (ConfUtils.java:logGet(43)) - raft.server.log.statemachine.data.sync.timeout = 10s (default)
2019-09-20 08:30:29,310 [pool-49-thread-1] INFO  server.RaftServerConfigKeys (ConfUtils.java:logGet(43)) - raft.server.log.statemachine.data.sync.timeout.retry = -1 (default)
2019-09-20 08:30:29,310 [pool-49-thread-1] INFO  server.RaftServerConfigKeys (ConfUtils.java:logGet(43)) - raft.server.log.statemachine.data.caching.enabled = true (custom)
2019-09-20 08:30:29,310 [pool-49-thread-1] INFO  segmented.SegmentedRaftLogWorker (SegmentedRaftLogWorker.java:lambda$new$0(132)) - 4e3bae72-6dec-40bd-99be-7c75f0b44aae-SegmentedRaftLogWorker:Storage Directory /workdir/hadoop-ozone/tools/target/test-dir/MiniOzoneClusterImpl-27b2788d-4a5e-4768-9652-b88d14ddf2e4/datanode-2/data/ratis/0a143d7d-4d65-4627-b38d-71c449976774: flushIndex: setUnconditionally 0 -> -1
2019-09-20 08:30:29,311 [pool-49-thread-1] INFO  server.RaftServerConfigKeys (ConfUtils.java:logGet(43)) - raft.server.snapshot.auto.trigger.enabled = true (custom)
2019-09-20 08:30:29,311 [pool-49-thread-1] INFO  server.RaftServerConfigKeys (ConfUtils.java:logGet(43)) - raft.server.snapshot.auto.trigger.threshold = 10000 (custom)
2019-09-20 08:30:29,311 [pool-49-thread-1] INFO  server.RaftServerConfigKeys (ConfUtils.java:logGet(43)) - raft.server.retrycache.expirytime = 600000ms (custom)
2019-09-20 08:30:29,311 [pool-49-thread-1] INFO  impl.RaftServerImpl (RaftServerImpl.java:start(180)) - 4e3bae72-6dec-40bd-99be-7c75f0b44aae: start group-71C449976774
2019-09-20 08:30:29,311 [pool-49-thread-1] INFO  impl.RaftServerImpl (RaftServerImpl.java:setRole(171)) - 4e3bae72-6dec-40bd-99be-7c75f0b44aae:group-71C449976774 changes role from null to FOLLOWER at term 0 for startAsFollower
2019-09-20 08:30:29,312 [pool-49-thread-1] INFO  impl.RoleInfo (RoleInfo.java:updateAndGet(143)) - 4e3bae72-6dec-40bd-99be-7c75f0b44aae: start FollowerState
2019-09-20 08:30:29,312 [pool-49-thread-1] INFO  util.JmxRegister (JmxRegister.java:tryRegister(44)) - Successfully registered JMX Bean with object name Ratis:service=RaftServer,group=group-71C449976774,id=4e3bae72-6dec-40bd-99be-7c75f0b44aae
2019-09-20 08:30:29,317 [RatisPipelineUtilsThread] INFO  pipeline.PipelineStateManager (PipelineStateManager.java:addPipeline(56)) - Created pipeline Pipeline[ Id: 0a143d7d-4d65-4627-b38d-71c449976774, Nodes: 4e3bae72-6dec-40bd-99be-7c75f0b44aae{ip: 192.168.34.27, host: pr-hdds-1569-6tbh6-3362816358, networkLocation: /default-rack, certSerialId: null}, Type:RATIS, Factor:ONE, State:OPEN]
2019-09-20 08:30:29,320 [RatisPipelineUtilsThread] INFO  pipeline.PipelinePlacementPolicy (PipelinePlacementPolicy.java:meetCriteria(91)) - Pipeline Placement: Doesn't meet the criteria to be viable node： e1a187e5-d89a-47f2-b2bd-c6db4da75c05 Heaviness: 6 limit: 5
2019-09-20 08:30:29,320 [RatisPipelineUtilsThread] INFO  pipeline.PipelinePlacementPolicy (PipelinePlacementPolicy.java:meetCriteria(91)) - Pipeline Placement: Doesn't meet the criteria to be viable node： d2c36bd8-bad5-464c-8c6b-b124cc016412 Heaviness: 6 limit: 5
2019-09-20 08:30:29,331 [grpc-default-executor-0] INFO  impl.RaftServerProxy (RaftServerProxy.java:addNew(89)) - c8a425d5-130a-4202-9db9-9fe847e02d96: addNew group-6CCE70C216A3:[c8a425d5-130a-4202-9db9-9fe847e02d96:192.168.34.27:42231] returns group-6CCE70C216A3:java.util.concurrent.CompletableFuture@32edb77b[Not completed]
2019-09-20 08:30:29,333 [pool-38-thread-1] INFO  impl.RaftServerImpl (RaftServerImpl.java:<init>(93)) - c8a425d5-130a-4202-9db9-9fe847e02d96: new RaftServerImpl for group-6CCE70C216A3:[c8a425d5-130a-4202-9db9-9fe847e02d96:192.168.34.27:42231] with ContainerStateMachine:uninitialized
2019-09-20 08:30:29,334 [pool-38-thread-1] INFO  server.RaftServerConfigKeys (ConfUtils.java:logGet(43)) - raft.server.rpc.timeout.min = 5s (custom)
2019-09-20 08:30:29,334 [pool-38-thread-1] INFO  server.RaftServerConfigKeys (ConfUtils.java:logGet(43)) - raft.server.rpc.timeout.max = 5200ms (custom)
2019-09-20 08:30:29,334 [pool-38-thread-1] INFO  server.RaftServerConfigKeys (ConfUtils.java:logGet(43)) - raft.server.rpcslowness.timeout = 120s (custom)
2019-09-20 08:30:29,334 [pool-38-thread-1] INFO  server.RaftServerConfigKeys (ConfUtils.java:logGet(43)) - raft.server.sleep.deviation.threshold = 300 (default)
2019-09-20 08:30:29,334 [pool-38-thread-1] INFO  server.RaftServerConfigKeys (ConfUtils.java:logGet(43)) - raft.server.log.appender.install.snapshot.enabled = false (custom)
2019-09-20 08:30:29,335 [pool-38-thread-1] INFO  impl.RaftServerImpl (ServerState.java:<init>(105)) - c8a425d5-130a-4202-9db9-9fe847e02d96:group-6CCE70C216A3 ConfigurationManager, init=-1: [c8a425d5-130a-4202-9db9-9fe847e02d96:192.168.34.27:42231], old=null, confs=<EMPTY_MAP>
2019-09-20 08:30:29,335 [pool-38-thread-1] INFO  server.RaftServerConfigKeys (ConfUtils.java:logGet(43)) - raft.server.storage.dir = [/workdir/hadoop-ozone/tools/target/test-dir/MiniOzoneClusterImpl-27b2788d-4a5e-4768-9652-b88d14ddf2e4/datanode-1/data/ratis] (custom)
2019-09-20 08:30:29,335 [pool-38-thread-1] INFO  storage.RaftStorageDirectory (RaftStorageDirectory.java:analyzeStorage(246)) - The storage directory /workdir/hadoop-ozone/tools/target/test-dir/MiniOzoneClusterImpl-27b2788d-4a5e-4768-9652-b88d14ddf2e4/datanode-1/data/ratis/d5dfde74-b69c-430b-a013-6cce70c216a3 does not exist. Creating ...
2019-09-20 08:30:29,349 [pool-38-thread-1] INFO  storage.RaftStorageDirectory (RaftStorageDirectory.java:tryLock(328)) - Lock on /workdir/hadoop-ozone/tools/target/test-dir/MiniOzoneClusterImpl-27b2788d-4a5e-4768-9652-b88d14ddf2e4/datanode-1/data/ratis/d5dfde74-b69c-430b-a013-6cce70c216a3/in_use.lock acquired by nodename 3879@pr-hdds-1569-6tbh6-3362816358
2019-09-20 08:30:29,353 | INFO  | SCMAudit | user=jenkins1000 | ip=192.168.34.27 | op=SEND_HEARTBEAT {datanodeUUID=d2c36bd8-bad5-464c-8c6b-b124cc016412, command=[]} | ret=SUCCESS |  
2019-09-20 08:30:29,362 [pool-38-thread-1] INFO  storage.RaftStorage (RaftStorage.java:format(72)) - Storage directory /workdir/hadoop-ozone/tools/target/test-dir/MiniOzoneClusterImpl-27b2788d-4a5e-4768-9652-b88d14ddf2e4/datanode-1/data/ratis/d5dfde74-b69c-430b-a013-6cce70c216a3 has been successfully formatted.
2019-09-20 08:30:29,363 [pool-38-thread-1] INFO  ratis.ContainerStateMachine (ContainerStateMachine.java:loadSnapshot(226)) - group-6CCE70C216A3: The snapshot info is null. Setting the last applied indexto:(t:0, i:~)
2019-09-20 08:30:29,363 [pool-38-thread-1] INFO  server.RaftServerConfigKeys (ConfUtils.java:logGet(43)) - raft.server.leader.election.timeout = 120s (custom)
2019-09-20 08:30:29,363 [pool-38-thread-1] INFO  server.RaftServerConfigKeys (ConfUtils.java:logGet(43)) - raft.server.log.use.memory = false (default)
2019-09-20 08:30:29,363 [pool-38-thread-1] INFO  server.RaftServerConfigKeys (ConfUtils.java:logGet(43)) - raft.server.log.purge.gap = 1000000 (custom)
2019-09-20 08:30:29,363 [pool-38-thread-1] INFO  server.RaftServerConfigKeys (ConfUtils.java:logGet(43)) - raft.server.log.appender.buffer.byte-limit = 33554432 (custom)
2019-09-20 08:30:29,364 [pool-38-thread-1] INFO  server.RaftServerConfigKeys (ConfUtils.java:logGet(43)) - raft.server.log.segment.size.max = 1048576 (custom)
2019-09-20 08:30:29,364 [pool-38-thread-1] INFO  server.RaftServerConfigKeys (ConfUtils.java:logGet(43)) - raft.server.log.segment.cache.num.max = 2 (custom)
2019-09-20 08:30:29,364 [pool-38-thread-1] INFO  segmented.SegmentedRaftLogWorker (SegmentedRaftLogWorker.java:<init>(172)) - new c8a425d5-130a-4202-9db9-9fe847e02d96-SegmentedRaftLogWorker:Storage Directory /workdir/hadoop-ozone/tools/target/test-dir/MiniOzoneClusterImpl-27b2788d-4a5e-4768-9652-b88d14ddf2e4/datanode-1/data/ratis/d5dfde74-b69c-430b-a013-6cce70c216a3 for RaftStorage:Storage Directory /workdir/hadoop-ozone/tools/target/test-dir/MiniOzoneClusterImpl-27b2788d-4a5e-4768-9652-b88d14ddf2e4/datanode-1/data/ratis/d5dfde74-b69c-430b-a013-6cce70c216a3
2019-09-20 08:30:29,364 [pool-38-thread-1] INFO  server.RaftServerConfigKeys (ConfUtils.java:logGet(43)) - raft.server.log.queue.byte-limit = 2147483647 (custom)
2019-09-20 08:30:29,364 [pool-38-thread-1] INFO  server.RaftServerConfigKeys (ConfUtils.java:logGet(43)) - raft.server.log.queue.element-limit = 1024 (custom)
2019-09-20 08:30:29,365 [pool-38-thread-1] INFO  server.RaftServerConfigKeys (ConfUtils.java:logGet(43)) - raft.server.log.segment.size.max = 1048576 (custom)
2019-09-20 08:30:29,365 [pool-38-thread-1] INFO  server.RaftServerConfigKeys (ConfUtils.java:logGet(43)) - raft.server.log.preallocated.size = 16384 (custom)
2019-09-20 08:30:29,365 [pool-38-thread-1] INFO  server.RaftServerConfigKeys (ConfUtils.java:logGet(43)) - raft.server.log.write.buffer.size = 33554432 (custom)
2019-09-20 08:30:29,365 [pool-38-thread-1] INFO  server.RaftServerConfigKeys (ConfUtils.java:logGet(43)) - raft.server.log.force.sync.num = 128 (default)
2019-09-20 08:30:29,365 [pool-38-thread-1] INFO  server.RaftServerConfigKeys (ConfUtils.java:logGet(43)) - raft.server.log.statemachine.data.sync = true (default)
2019-09-20 08:30:29,366 [pool-38-thread-1] INFO  server.RaftServerConfigKeys (ConfUtils.java:logGet(43)) - raft.server.log.statemachine.data.sync.timeout = 10s (default)
2019-09-20 08:30:29,366 [pool-38-thread-1] INFO  server.RaftServerConfigKeys (ConfUtils.java:logGet(43)) - raft.server.log.statemachine.data.sync.timeout.retry = -1 (default)
2019-09-20 08:30:29,366 [pool-38-thread-1] INFO  server.RaftServerConfigKeys (ConfUtils.java:logGet(43)) - raft.server.log.statemachine.data.caching.enabled = true (custom)
2019-09-20 08:30:29,367 [pool-38-thread-1] INFO  segmented.SegmentedRaftLogWorker (SegmentedRaftLogWorker.java:lambda$new$0(132)) - c8a425d5-130a-4202-9db9-9fe847e02d96-SegmentedRaftLogWorker:Storage Directory /workdir/hadoop-ozone/tools/target/test-dir/MiniOzoneClusterImpl-27b2788d-4a5e-4768-9652-b88d14ddf2e4/datanode-1/data/ratis/d5dfde74-b69c-430b-a013-6cce70c216a3: flushIndex: setUnconditionally 0 -> -1
2019-09-20 08:30:29,367 [pool-38-thread-1] INFO  server.RaftServerConfigKeys (ConfUtils.java:logGet(43)) - raft.server.snapshot.auto.trigger.enabled = true (custom)
2019-09-20 08:30:29,367 [pool-38-thread-1] INFO  server.RaftServerConfigKeys (ConfUtils.java:logGet(43)) - raft.server.snapshot.auto.trigger.threshold = 10000 (custom)
2019-09-20 08:30:29,367 [pool-38-thread-1] INFO  server.RaftServerConfigKeys (ConfUtils.java:logGet(43)) - raft.server.retrycache.expirytime = 600000ms (custom)
2019-09-20 08:30:29,368 [pool-38-thread-1] INFO  impl.RaftServerImpl (RaftServerImpl.java:start(180)) - c8a425d5-130a-4202-9db9-9fe847e02d96: start group-6CCE70C216A3
2019-09-20 08:30:29,368 [pool-38-thread-1] INFO  impl.RaftServerImpl (RaftServerImpl.java:setRole(171)) - c8a425d5-130a-4202-9db9-9fe847e02d96:group-6CCE70C216A3 changes role from null to FOLLOWER at term 0 for startAsFollower
2019-09-20 08:30:29,368 [pool-38-thread-1] INFO  impl.RoleInfo (RoleInfo.java:updateAndGet(143)) - c8a425d5-130a-4202-9db9-9fe847e02d96: start FollowerState
2019-09-20 08:30:29,369 [pool-38-thread-1] INFO  util.JmxRegister (JmxRegister.java:tryRegister(44)) - Successfully registered JMX Bean with object name Ratis:service=RaftServer,group=group-6CCE70C216A3,id=c8a425d5-130a-4202-9db9-9fe847e02d96
2019-09-20 08:30:29,374 | INFO  | SCMAudit | user=jenkins1000 | ip=192.168.34.27 | op=SEND_HEARTBEAT {datanodeUUID=6f5cd177-0d50-44f5-9dda-f28331356997, command=[]} | ret=SUCCESS |  
2019-09-20 08:30:29,376 [RatisPipelineUtilsThread] INFO  pipeline.PipelineStateManager (PipelineStateManager.java:addPipeline(56)) - Created pipeline Pipeline[ Id: d5dfde74-b69c-430b-a013-6cce70c216a3, Nodes: c8a425d5-130a-4202-9db9-9fe847e02d96{ip: 192.168.34.27, host: pr-hdds-1569-6tbh6-3362816358, networkLocation: /default-rack, certSerialId: null}, Type:RATIS, Factor:ONE, State:OPEN]
2019-09-20 08:30:29,378 [RatisPipelineUtilsThread] INFO  pipeline.PipelinePlacementPolicy (PipelinePlacementPolicy.java:meetCriteria(91)) - Pipeline Placement: Doesn't meet the criteria to be viable node： e1a187e5-d89a-47f2-b2bd-c6db4da75c05 Heaviness: 6 limit: 5
2019-09-20 08:30:29,378 [RatisPipelineUtilsThread] INFO  pipeline.PipelinePlacementPolicy (PipelinePlacementPolicy.java:meetCriteria(91)) - Pipeline Placement: Doesn't meet the criteria to be viable node： c8a425d5-130a-4202-9db9-9fe847e02d96 Heaviness: 6 limit: 5
2019-09-20 08:30:29,378 [RatisPipelineUtilsThread] INFO  pipeline.PipelinePlacementPolicy (PipelinePlacementPolicy.java:meetCriteria(91)) - Pipeline Placement: Doesn't meet the criteria to be viable node： d2c36bd8-bad5-464c-8c6b-b124cc016412 Heaviness: 6 limit: 5
2019-09-20 08:30:29,389 [grpc-default-executor-0] INFO  impl.RaftServerProxy (RaftServerProxy.java:addNew(89)) - 6f5cd177-0d50-44f5-9dda-f28331356997: addNew group-BDCE7B19B2CC:[6f5cd177-0d50-44f5-9dda-f28331356997:192.168.34.27:33265] returns group-BDCE7B19B2CC:java.util.concurrent.CompletableFuture@2b8f0e77[Not completed]
2019-09-20 08:30:29,391 [pool-71-thread-1] INFO  impl.RaftServerImpl (RaftServerImpl.java:<init>(93)) - 6f5cd177-0d50-44f5-9dda-f28331356997: new RaftServerImpl for group-BDCE7B19B2CC:[6f5cd177-0d50-44f5-9dda-f28331356997:192.168.34.27:33265] with ContainerStateMachine:uninitialized
2019-09-20 08:30:29,391 [pool-71-thread-1] INFO  server.RaftServerConfigKeys (ConfUtils.java:logGet(43)) - raft.server.rpc.timeout.min = 5s (custom)
2019-09-20 08:30:29,391 [pool-71-thread-1] INFO  server.RaftServerConfigKeys (ConfUtils.java:logGet(43)) - raft.server.rpc.timeout.max = 5200ms (custom)
2019-09-20 08:30:29,392 [pool-71-thread-1] INFO  server.RaftServerConfigKeys (ConfUtils.java:logGet(43)) - raft.server.rpcslowness.timeout = 120s (custom)
2019-09-20 08:30:29,392 [pool-71-thread-1] INFO  server.RaftServerConfigKeys (ConfUtils.java:logGet(43)) - raft.server.sleep.deviation.threshold = 300 (default)
2019-09-20 08:30:29,392 [pool-71-thread-1] INFO  server.RaftServerConfigKeys (ConfUtils.java:logGet(43)) - raft.server.log.appender.install.snapshot.enabled = false (custom)
2019-09-20 08:30:29,392 [pool-71-thread-1] INFO  impl.RaftServerImpl (ServerState.java:<init>(105)) - 6f5cd177-0d50-44f5-9dda-f28331356997:group-BDCE7B19B2CC ConfigurationManager, init=-1: [6f5cd177-0d50-44f5-9dda-f28331356997:192.168.34.27:33265], old=null, confs=<EMPTY_MAP>
2019-09-20 08:30:29,392 [pool-71-thread-1] INFO  server.RaftServerConfigKeys (ConfUtils.java:logGet(43)) - raft.server.storage.dir = [/workdir/hadoop-ozone/tools/target/test-dir/MiniOzoneClusterImpl-27b2788d-4a5e-4768-9652-b88d14ddf2e4/datanode-4/data/ratis] (custom)
2019-09-20 08:30:29,393 [pool-71-thread-1] INFO  storage.RaftStorageDirectory (RaftStorageDirectory.java:analyzeStorage(246)) - The storage directory /workdir/hadoop-ozone/tools/target/test-dir/MiniOzoneClusterImpl-27b2788d-4a5e-4768-9652-b88d14ddf2e4/datanode-4/data/ratis/44ccbe14-93bd-4bb6-8f24-bdce7b19b2cc does not exist. Creating ...
2019-09-20 08:30:29,406 [pool-71-thread-1] INFO  storage.RaftStorageDirectory (RaftStorageDirectory.java:tryLock(328)) - Lock on /workdir/hadoop-ozone/tools/target/test-dir/MiniOzoneClusterImpl-27b2788d-4a5e-4768-9652-b88d14ddf2e4/datanode-4/data/ratis/44ccbe14-93bd-4bb6-8f24-bdce7b19b2cc/in_use.lock acquired by nodename 3879@pr-hdds-1569-6tbh6-3362816358
2019-09-20 08:30:29,414 | INFO  | SCMAudit | user=jenkins1000 | ip=192.168.34.27 | op=SEND_HEARTBEAT {datanodeUUID=e1a187e5-d89a-47f2-b2bd-c6db4da75c05, command=[]} | ret=SUCCESS |  
2019-09-20 08:30:29,427 [pool-71-thread-1] INFO  storage.RaftStorage (RaftStorage.java:format(72)) - Storage directory /workdir/hadoop-ozone/tools/target/test-dir/MiniOzoneClusterImpl-27b2788d-4a5e-4768-9652-b88d14ddf2e4/datanode-4/data/ratis/44ccbe14-93bd-4bb6-8f24-bdce7b19b2cc has been successfully formatted.
2019-09-20 08:30:29,427 [pool-71-thread-1] INFO  ratis.ContainerStateMachine (ContainerStateMachine.java:loadSnapshot(226)) - group-BDCE7B19B2CC: The snapshot info is null. Setting the last applied indexto:(t:0, i:~)
2019-09-20 08:30:29,427 [pool-71-thread-1] INFO  server.RaftServerConfigKeys (ConfUtils.java:logGet(43)) - raft.server.leader.election.timeout = 120s (custom)
2019-09-20 08:30:29,428 [pool-71-thread-1] INFO  server.RaftServerConfigKeys (ConfUtils.java:logGet(43)) - raft.server.log.use.memory = false (default)
2019-09-20 08:30:29,428 [pool-71-thread-1] INFO  server.RaftServerConfigKeys (ConfUtils.java:logGet(43)) - raft.server.log.purge.gap = 1000000 (custom)
2019-09-20 08:30:29,428 [pool-71-thread-1] INFO  server.RaftServerConfigKeys (ConfUtils.java:logGet(43)) - raft.server.log.appender.buffer.byte-limit = 33554432 (custom)
2019-09-20 08:30:29,428 [pool-71-thread-1] INFO  server.RaftServerConfigKeys (ConfUtils.java:logGet(43)) - raft.server.log.segment.size.max = 1048576 (custom)
2019-09-20 08:30:29,428 [pool-71-thread-1] INFO  server.RaftServerConfigKeys (ConfUtils.java:logGet(43)) - raft.server.log.segment.cache.num.max = 2 (custom)
2019-09-20 08:30:29,429 [pool-71-thread-1] INFO  segmented.SegmentedRaftLogWorker (SegmentedRaftLogWorker.java:<init>(172)) - new 6f5cd177-0d50-44f5-9dda-f28331356997-SegmentedRaftLogWorker:Storage Directory /workdir/hadoop-ozone/tools/target/test-dir/MiniOzoneClusterImpl-27b2788d-4a5e-4768-9652-b88d14ddf2e4/datanode-4/data/ratis/44ccbe14-93bd-4bb6-8f24-bdce7b19b2cc for RaftStorage:Storage Directory /workdir/hadoop-ozone/tools/target/test-dir/MiniOzoneClusterImpl-27b2788d-4a5e-4768-9652-b88d14ddf2e4/datanode-4/data/ratis/44ccbe14-93bd-4bb6-8f24-bdce7b19b2cc
2019-09-20 08:30:29,429 [pool-71-thread-1] INFO  server.RaftServerConfigKeys (ConfUtils.java:logGet(43)) - raft.server.log.queue.byte-limit = 2147483647 (custom)
2019-09-20 08:30:29,429 [pool-71-thread-1] INFO  server.RaftServerConfigKeys (ConfUtils.java:logGet(43)) - raft.server.log.queue.element-limit = 1024 (custom)
2019-09-20 08:30:29,429 [pool-71-thread-1] INFO  server.RaftServerConfigKeys (ConfUtils.java:logGet(43)) - raft.server.log.segment.size.max = 1048576 (custom)
2019-09-20 08:30:29,430 [pool-71-thread-1] INFO  server.RaftServerConfigKeys (ConfUtils.java:logGet(43)) - raft.server.log.preallocated.size = 16384 (custom)
2019-09-20 08:30:29,430 [pool-71-thread-1] INFO  server.RaftServerConfigKeys (ConfUtils.java:logGet(43)) - raft.server.log.write.buffer.size = 33554432 (custom)
2019-09-20 08:30:29,430 [pool-71-thread-1] INFO  server.RaftServerConfigKeys (ConfUtils.java:logGet(43)) - raft.server.log.force.sync.num = 128 (default)
2019-09-20 08:30:29,430 [pool-71-thread-1] INFO  server.RaftServerConfigKeys (ConfUtils.java:logGet(43)) - raft.server.log.statemachine.data.sync = true (default)
2019-09-20 08:30:29,430 [pool-71-thread-1] INFO  server.RaftServerConfigKeys (ConfUtils.java:logGet(43)) - raft.server.log.statemachine.data.sync.timeout = 10s (default)
2019-09-20 08:30:29,431 [pool-71-thread-1] INFO  server.RaftServerConfigKeys (ConfUtils.java:logGet(43)) - raft.server.log.statemachine.data.sync.timeout.retry = -1 (default)
2019-09-20 08:30:29,431 [pool-71-thread-1] INFO  server.RaftServerConfigKeys (ConfUtils.java:logGet(43)) - raft.server.log.statemachine.data.caching.enabled = true (custom)
2019-09-20 08:30:29,431 [pool-71-thread-1] INFO  segmented.SegmentedRaftLogWorker (SegmentedRaftLogWorker.java:lambda$new$0(132)) - 6f5cd177-0d50-44f5-9dda-f28331356997-SegmentedRaftLogWorker:Storage Directory /workdir/hadoop-ozone/tools/target/test-dir/MiniOzoneClusterImpl-27b2788d-4a5e-4768-9652-b88d14ddf2e4/datanode-4/data/ratis/44ccbe14-93bd-4bb6-8f24-bdce7b19b2cc: flushIndex: setUnconditionally 0 -> -1
2019-09-20 08:30:29,432 [pool-71-thread-1] INFO  server.RaftServerConfigKeys (ConfUtils.java:logGet(43)) - raft.server.snapshot.auto.trigger.enabled = true (custom)
2019-09-20 08:30:29,432 [pool-71-thread-1] INFO  server.RaftServerConfigKeys (ConfUtils.java:logGet(43)) - raft.server.snapshot.auto.trigger.threshold = 10000 (custom)
2019-09-20 08:30:29,432 [pool-71-thread-1] INFO  server.RaftServerConfigKeys (ConfUtils.java:logGet(43)) - raft.server.retrycache.expirytime = 600000ms (custom)
2019-09-20 08:30:29,432 [pool-71-thread-1] INFO  impl.RaftServerImpl (RaftServerImpl.java:start(180)) - 6f5cd177-0d50-44f5-9dda-f28331356997: start group-BDCE7B19B2CC
2019-09-20 08:30:29,433 [pool-71-thread-1] INFO  impl.RaftServerImpl (RaftServerImpl.java:setRole(171)) - 6f5cd177-0d50-44f5-9dda-f28331356997:group-BDCE7B19B2CC changes role from null to FOLLOWER at term 0 for startAsFollower
2019-09-20 08:30:29,433 [pool-71-thread-1] INFO  impl.RoleInfo (RoleInfo.java:updateAndGet(143)) - 6f5cd177-0d50-44f5-9dda-f28331356997: start FollowerState
2019-09-20 08:30:29,433 [pool-71-thread-1] INFO  util.JmxRegister (JmxRegister.java:tryRegister(44)) - Successfully registered JMX Bean with object name Ratis:service=RaftServer,group=group-BDCE7B19B2CC,id=6f5cd177-0d50-44f5-9dda-f28331356997
2019-09-20 08:30:29,439 [RatisPipelineUtilsThread] INFO  pipeline.PipelineStateManager (PipelineStateManager.java:addPipeline(56)) - Created pipeline Pipeline[ Id: 44ccbe14-93bd-4bb6-8f24-bdce7b19b2cc, Nodes: 6f5cd177-0d50-44f5-9dda-f28331356997{ip: 192.168.34.27, host: pr-hdds-1569-6tbh6-3362816358, networkLocation: /default-rack, certSerialId: null}, Type:RATIS, Factor:ONE, State:OPEN]
2019-09-20 08:30:29,441 [RatisPipelineUtilsThread] INFO  pipeline.PipelinePlacementPolicy (PipelinePlacementPolicy.java:meetCriteria(91)) - Pipeline Placement: Doesn't meet the criteria to be viable node： e1a187e5-d89a-47f2-b2bd-c6db4da75c05 Heaviness: 6 limit: 5
2019-09-20 08:30:29,442 [RatisPipelineUtilsThread] INFO  pipeline.PipelinePlacementPolicy (PipelinePlacementPolicy.java:meetCriteria(91)) - Pipeline Placement: Doesn't meet the criteria to be viable node： c8a425d5-130a-4202-9db9-9fe847e02d96 Heaviness: 6 limit: 5
2019-09-20 08:30:29,442 [RatisPipelineUtilsThread] INFO  pipeline.PipelinePlacementPolicy (PipelinePlacementPolicy.java:meetCriteria(91)) - Pipeline Placement: Doesn't meet the criteria to be viable node： d2c36bd8-bad5-464c-8c6b-b124cc016412 Heaviness: 6 limit: 5
2019-09-20 08:30:29,452 [grpc-default-executor-0] INFO  impl.RaftServerProxy (RaftServerProxy.java:addNew(89)) - 6f5cd177-0d50-44f5-9dda-f28331356997: addNew group-51FB114C3803:[6f5cd177-0d50-44f5-9dda-f28331356997:192.168.34.27:33265] returns group-51FB114C3803:java.util.concurrent.CompletableFuture@5b3e63fa[Not completed]
2019-09-20 08:30:29,454 [pool-71-thread-1] INFO  impl.RaftServerImpl (RaftServerImpl.java:<init>(93)) - 6f5cd177-0d50-44f5-9dda-f28331356997: new RaftServerImpl for group-51FB114C3803:[6f5cd177-0d50-44f5-9dda-f28331356997:192.168.34.27:33265] with ContainerStateMachine:uninitialized
2019-09-20 08:30:29,454 [pool-71-thread-1] INFO  server.RaftServerConfigKeys (ConfUtils.java:logGet(43)) - raft.server.rpc.timeout.min = 5s (custom)
2019-09-20 08:30:29,454 [pool-71-thread-1] INFO  server.RaftServerConfigKeys (ConfUtils.java:logGet(43)) - raft.server.rpc.timeout.max = 5200ms (custom)
2019-09-20 08:30:29,454 [pool-71-thread-1] INFO  server.RaftServerConfigKeys (ConfUtils.java:logGet(43)) - raft.server.rpcslowness.timeout = 120s (custom)
2019-09-20 08:30:29,455 [pool-71-thread-1] INFO  server.RaftServerConfigKeys (ConfUtils.java:logGet(43)) - raft.server.sleep.deviation.threshold = 300 (default)
2019-09-20 08:30:29,455 [pool-71-thread-1] INFO  server.RaftServerConfigKeys (ConfUtils.java:logGet(43)) - raft.server.log.appender.install.snapshot.enabled = false (custom)
2019-09-20 08:30:29,455 [pool-71-thread-1] INFO  impl.RaftServerImpl (ServerState.java:<init>(105)) - 6f5cd177-0d50-44f5-9dda-f28331356997:group-51FB114C3803 ConfigurationManager, init=-1: [6f5cd177-0d50-44f5-9dda-f28331356997:192.168.34.27:33265], old=null, confs=<EMPTY_MAP>
2019-09-20 08:30:29,455 [pool-71-thread-1] INFO  server.RaftServerConfigKeys (ConfUtils.java:logGet(43)) - raft.server.storage.dir = [/workdir/hadoop-ozone/tools/target/test-dir/MiniOzoneClusterImpl-27b2788d-4a5e-4768-9652-b88d14ddf2e4/datanode-4/data/ratis] (custom)
2019-09-20 08:30:29,455 [pool-71-thread-1] INFO  storage.RaftStorageDirectory (RaftStorageDirectory.java:analyzeStorage(246)) - The storage directory /workdir/hadoop-ozone/tools/target/test-dir/MiniOzoneClusterImpl-27b2788d-4a5e-4768-9652-b88d14ddf2e4/datanode-4/data/ratis/6c57a929-1226-4b73-8d42-51fb114c3803 does not exist. Creating ...
2019-09-20 08:30:29,466 [Thread-207] INFO  container.ReplicationManager (ReplicationManager.java:start(151)) - Starting Replication Monitor Thread.
2019-09-20 08:30:29,468 [pool-71-thread-1] INFO  storage.RaftStorageDirectory (RaftStorageDirectory.java:tryLock(328)) - Lock on /workdir/hadoop-ozone/tools/target/test-dir/MiniOzoneClusterImpl-27b2788d-4a5e-4768-9652-b88d14ddf2e4/datanode-4/data/ratis/6c57a929-1226-4b73-8d42-51fb114c3803/in_use.lock acquired by nodename 3879@pr-hdds-1569-6tbh6-3362816358
2019-09-20 08:30:29,469 [ReplicationMonitor] INFO  container.ReplicationManager (ReplicationManager.java:run(214)) - Replication Monitor Thread took 1 milliseconds for processing 0 containers.
2019-09-20 08:30:29,481 [pool-71-thread-1] INFO  storage.RaftStorage (RaftStorage.java:format(72)) - Storage directory /workdir/hadoop-ozone/tools/target/test-dir/MiniOzoneClusterImpl-27b2788d-4a5e-4768-9652-b88d14ddf2e4/datanode-4/data/ratis/6c57a929-1226-4b73-8d42-51fb114c3803 has been successfully formatted.
2019-09-20 08:30:29,481 [pool-71-thread-1] INFO  ratis.ContainerStateMachine (ContainerStateMachine.java:loadSnapshot(226)) - group-51FB114C3803: The snapshot info is null. Setting the last applied indexto:(t:0, i:~)
2019-09-20 08:30:29,481 [pool-71-thread-1] INFO  server.RaftServerConfigKeys (ConfUtils.java:logGet(43)) - raft.server.leader.election.timeout = 120s (custom)
2019-09-20 08:30:29,481 [pool-71-thread-1] INFO  server.RaftServerConfigKeys (ConfUtils.java:logGet(43)) - raft.server.log.use.memory = false (default)
2019-09-20 08:30:29,482 [pool-71-thread-1] INFO  server.RaftServerConfigKeys (ConfUtils.java:logGet(43)) - raft.server.log.purge.gap = 1000000 (custom)
2019-09-20 08:30:29,482 [pool-71-thread-1] INFO  server.RaftServerConfigKeys (ConfUtils.java:logGet(43)) - raft.server.log.appender.buffer.byte-limit = 33554432 (custom)
2019-09-20 08:30:29,482 [pool-71-thread-1] INFO  server.RaftServerConfigKeys (ConfUtils.java:logGet(43)) - raft.server.log.segment.size.max = 1048576 (custom)
2019-09-20 08:30:29,482 [pool-71-thread-1] INFO  server.RaftServerConfigKeys (ConfUtils.java:logGet(43)) - raft.server.log.segment.cache.num.max = 2 (custom)
2019-09-20 08:30:29,482 [pool-71-thread-1] INFO  segmented.SegmentedRaftLogWorker (SegmentedRaftLogWorker.java:<init>(172)) - new 6f5cd177-0d50-44f5-9dda-f28331356997-SegmentedRaftLogWorker:Storage Directory /workdir/hadoop-ozone/tools/target/test-dir/MiniOzoneClusterImpl-27b2788d-4a5e-4768-9652-b88d14ddf2e4/datanode-4/data/ratis/6c57a929-1226-4b73-8d42-51fb114c3803 for RaftStorage:Storage Directory /workdir/hadoop-ozone/tools/target/test-dir/MiniOzoneClusterImpl-27b2788d-4a5e-4768-9652-b88d14ddf2e4/datanode-4/data/ratis/6c57a929-1226-4b73-8d42-51fb114c3803
2019-09-20 08:30:29,483 [pool-71-thread-1] INFO  server.RaftServerConfigKeys (ConfUtils.java:logGet(43)) - raft.server.log.queue.byte-limit = 2147483647 (custom)
2019-09-20 08:30:29,483 [pool-71-thread-1] INFO  server.RaftServerConfigKeys (ConfUtils.java:logGet(43)) - raft.server.log.queue.element-limit = 1024 (custom)
2019-09-20 08:30:29,483 [pool-71-thread-1] INFO  server.RaftServerConfigKeys (ConfUtils.java:logGet(43)) - raft.server.log.segment.size.max = 1048576 (custom)
2019-09-20 08:30:29,483 [pool-71-thread-1] INFO  server.RaftServerConfigKeys (ConfUtils.java:logGet(43)) - raft.server.log.preallocated.size = 16384 (custom)
2019-09-20 08:30:29,483 [pool-71-thread-1] INFO  server.RaftServerConfigKeys (ConfUtils.java:logGet(43)) - raft.server.log.write.buffer.size = 33554432 (custom)
2019-09-20 08:30:29,483 [pool-71-thread-1] INFO  server.RaftServerConfigKeys (ConfUtils.java:logGet(43)) - raft.server.log.force.sync.num = 128 (default)
2019-09-20 08:30:29,484 [pool-71-thread-1] INFO  server.RaftServerConfigKeys (ConfUtils.java:logGet(43)) - raft.server.log.statemachine.data.sync = true (default)
2019-09-20 08:30:29,484 [pool-71-thread-1] INFO  server.RaftServerConfigKeys (ConfUtils.java:logGet(43)) - raft.server.log.statemachine.data.sync.timeout = 10s (default)
2019-09-20 08:30:29,484 [pool-71-thread-1] INFO  server.RaftServerConfigKeys (ConfUtils.java:logGet(43)) - raft.server.log.statemachine.data.sync.timeout.retry = -1 (default)
2019-09-20 08:30:29,484 [pool-71-thread-1] INFO  server.RaftServerConfigKeys (ConfUtils.java:logGet(43)) - raft.server.log.statemachine.data.caching.enabled = true (custom)
2019-09-20 08:30:29,485 [pool-71-thread-1] INFO  segmented.SegmentedRaftLogWorker (SegmentedRaftLogWorker.java:lambda$new$0(132)) - 6f5cd177-0d50-44f5-9dda-f28331356997-SegmentedRaftLogWorker:Storage Directory /workdir/hadoop-ozone/tools/target/test-dir/MiniOzoneClusterImpl-27b2788d-4a5e-4768-9652-b88d14ddf2e4/datanode-4/data/ratis/6c57a929-1226-4b73-8d42-51fb114c3803: flushIndex: setUnconditionally 0 -> -1
2019-09-20 08:30:29,485 [pool-71-thread-1] INFO  server.RaftServerConfigKeys (ConfUtils.java:logGet(43)) - raft.server.snapshot.auto.trigger.enabled = true (custom)
2019-09-20 08:30:29,485 [pool-71-thread-1] INFO  server.RaftServerConfigKeys (ConfUtils.java:logGet(43)) - raft.server.snapshot.auto.trigger.threshold = 10000 (custom)
2019-09-20 08:30:29,485 [pool-71-thread-1] INFO  server.RaftServerConfigKeys (ConfUtils.java:logGet(43)) - raft.server.retrycache.expirytime = 600000ms (custom)
2019-09-20 08:30:29,486 [pool-71-thread-1] INFO  impl.RaftServerImpl (RaftServerImpl.java:start(180)) - 6f5cd177-0d50-44f5-9dda-f28331356997: start group-51FB114C3803
2019-09-20 08:30:29,486 [pool-71-thread-1] INFO  impl.RaftServerImpl (RaftServerImpl.java:setRole(171)) - 6f5cd177-0d50-44f5-9dda-f28331356997:group-51FB114C3803 changes role from null to FOLLOWER at term 0 for startAsFollower
2019-09-20 08:30:29,486 [pool-71-thread-1] INFO  impl.RoleInfo (RoleInfo.java:updateAndGet(143)) - 6f5cd177-0d50-44f5-9dda-f28331356997: start FollowerState
2019-09-20 08:30:29,487 [pool-71-thread-1] INFO  util.JmxRegister (JmxRegister.java:tryRegister(44)) - Successfully registered JMX Bean with object name Ratis:service=RaftServer,group=group-51FB114C3803,id=6f5cd177-0d50-44f5-9dda-f28331356997
2019-09-20 08:30:29,492 [RatisPipelineUtilsThread] INFO  pipeline.PipelineStateManager (PipelineStateManager.java:addPipeline(56)) - Created pipeline Pipeline[ Id: 6c57a929-1226-4b73-8d42-51fb114c3803, Nodes: 6f5cd177-0d50-44f5-9dda-f28331356997{ip: 192.168.34.27, host: pr-hdds-1569-6tbh6-3362816358, networkLocation: /default-rack, certSerialId: null}, Type:RATIS, Factor:ONE, State:OPEN]
2019-09-20 08:30:29,494 [RatisPipelineUtilsThread] INFO  pipeline.PipelinePlacementPolicy (PipelinePlacementPolicy.java:meetCriteria(91)) - Pipeline Placement: Doesn't meet the criteria to be viable node： e1a187e5-d89a-47f2-b2bd-c6db4da75c05 Heaviness: 6 limit: 5
2019-09-20 08:30:29,494 [RatisPipelineUtilsThread] INFO  pipeline.PipelinePlacementPolicy (PipelinePlacementPolicy.java:meetCriteria(91)) - Pipeline Placement: Doesn't meet the criteria to be viable node： c8a425d5-130a-4202-9db9-9fe847e02d96 Heaviness: 6 limit: 5
2019-09-20 08:30:29,494 [RatisPipelineUtilsThread] INFO  pipeline.PipelinePlacementPolicy (PipelinePlacementPolicy.java:meetCriteria(91)) - Pipeline Placement: Doesn't meet the criteria to be viable node： d2c36bd8-bad5-464c-8c6b-b124cc016412 Heaviness: 6 limit: 5
2019-09-20 08:30:29,505 [grpc-default-executor-0] INFO  impl.RaftServerProxy (RaftServerProxy.java:addNew(89)) - 4e3bae72-6dec-40bd-99be-7c75f0b44aae: addNew group-DE213B00C824:[4e3bae72-6dec-40bd-99be-7c75f0b44aae:192.168.34.27:33584] returns group-DE213B00C824:java.util.concurrent.CompletableFuture@2bd64671[Not completed]
2019-09-20 08:30:29,508 [pool-49-thread-1] INFO  impl.RaftServerImpl (RaftServerImpl.java:<init>(93)) - 4e3bae72-6dec-40bd-99be-7c75f0b44aae: new RaftServerImpl for group-DE213B00C824:[4e3bae72-6dec-40bd-99be-7c75f0b44aae:192.168.34.27:33584] with ContainerStateMachine:uninitialized
2019-09-20 08:30:29,508 [pool-49-thread-1] INFO  server.RaftServerConfigKeys (ConfUtils.java:logGet(43)) - raft.server.rpc.timeout.min = 5s (custom)
2019-09-20 08:30:29,508 [pool-49-thread-1] INFO  server.RaftServerConfigKeys (ConfUtils.java:logGet(43)) - raft.server.rpc.timeout.max = 5200ms (custom)
2019-09-20 08:30:29,508 [pool-49-thread-1] INFO  server.RaftServerConfigKeys (ConfUtils.java:logGet(43)) - raft.server.rpcslowness.timeout = 120s (custom)
2019-09-20 08:30:29,508 [pool-49-thread-1] INFO  server.RaftServerConfigKeys (ConfUtils.java:logGet(43)) - raft.server.sleep.deviation.threshold = 300 (default)
2019-09-20 08:30:29,509 [pool-49-thread-1] INFO  server.RaftServerConfigKeys (ConfUtils.java:logGet(43)) - raft.server.log.appender.install.snapshot.enabled = false (custom)
2019-09-20 08:30:29,509 [pool-49-thread-1] INFO  impl.RaftServerImpl (ServerState.java:<init>(105)) - 4e3bae72-6dec-40bd-99be-7c75f0b44aae:group-DE213B00C824 ConfigurationManager, init=-1: [4e3bae72-6dec-40bd-99be-7c75f0b44aae:192.168.34.27:33584], old=null, confs=<EMPTY_MAP>
2019-09-20 08:30:29,509 [pool-49-thread-1] INFO  server.RaftServerConfigKeys (ConfUtils.java:logGet(43)) - raft.server.storage.dir = [/workdir/hadoop-ozone/tools/target/test-dir/MiniOzoneClusterImpl-27b2788d-4a5e-4768-9652-b88d14ddf2e4/datanode-2/data/ratis] (custom)
2019-09-20 08:30:29,510 [pool-49-thread-1] INFO  storage.RaftStorageDirectory (RaftStorageDirectory.java:analyzeStorage(246)) - The storage directory /workdir/hadoop-ozone/tools/target/test-dir/MiniOzoneClusterImpl-27b2788d-4a5e-4768-9652-b88d14ddf2e4/datanode-2/data/ratis/f25cf091-23f6-4bac-ac9d-de213b00c824 does not exist. Creating ...
2019-09-20 08:30:29,525 [pool-49-thread-1] INFO  storage.RaftStorageDirectory (RaftStorageDirectory.java:tryLock(328)) - Lock on /workdir/hadoop-ozone/tools/target/test-dir/MiniOzoneClusterImpl-27b2788d-4a5e-4768-9652-b88d14ddf2e4/datanode-2/data/ratis/f25cf091-23f6-4bac-ac9d-de213b00c824/in_use.lock acquired by nodename 3879@pr-hdds-1569-6tbh6-3362816358
2019-09-20 08:30:29,538 [pool-49-thread-1] INFO  storage.RaftStorage (RaftStorage.java:format(72)) - Storage directory /workdir/hadoop-ozone/tools/target/test-dir/MiniOzoneClusterImpl-27b2788d-4a5e-4768-9652-b88d14ddf2e4/datanode-2/data/ratis/f25cf091-23f6-4bac-ac9d-de213b00c824 has been successfully formatted.
2019-09-20 08:30:29,538 [pool-49-thread-1] INFO  ratis.ContainerStateMachine (ContainerStateMachine.java:loadSnapshot(226)) - group-DE213B00C824: The snapshot info is null. Setting the last applied indexto:(t:0, i:~)
2019-09-20 08:30:29,539 [pool-49-thread-1] INFO  server.RaftServerConfigKeys (ConfUtils.java:logGet(43)) - raft.server.leader.election.timeout = 120s (custom)
2019-09-20 08:30:29,539 [pool-49-thread-1] INFO  server.RaftServerConfigKeys (ConfUtils.java:logGet(43)) - raft.server.log.use.memory = false (default)
2019-09-20 08:30:29,539 [pool-49-thread-1] INFO  server.RaftServerConfigKeys (ConfUtils.java:logGet(43)) - raft.server.log.purge.gap = 1000000 (custom)
2019-09-20 08:30:29,539 [pool-49-thread-1] INFO  server.RaftServerConfigKeys (ConfUtils.java:logGet(43)) - raft.server.log.appender.buffer.byte-limit = 33554432 (custom)
2019-09-20 08:30:29,539 [pool-49-thread-1] INFO  server.RaftServerConfigKeys (ConfUtils.java:logGet(43)) - raft.server.log.segment.size.max = 1048576 (custom)
2019-09-20 08:30:29,540 [pool-49-thread-1] INFO  server.RaftServerConfigKeys (ConfUtils.java:logGet(43)) - raft.server.log.segment.cache.num.max = 2 (custom)
2019-09-20 08:30:29,540 [pool-49-thread-1] INFO  segmented.SegmentedRaftLogWorker (SegmentedRaftLogWorker.java:<init>(172)) - new 4e3bae72-6dec-40bd-99be-7c75f0b44aae-SegmentedRaftLogWorker:Storage Directory /workdir/hadoop-ozone/tools/target/test-dir/MiniOzoneClusterImpl-27b2788d-4a5e-4768-9652-b88d14ddf2e4/datanode-2/data/ratis/f25cf091-23f6-4bac-ac9d-de213b00c824 for RaftStorage:Storage Directory /workdir/hadoop-ozone/tools/target/test-dir/MiniOzoneClusterImpl-27b2788d-4a5e-4768-9652-b88d14ddf2e4/datanode-2/data/ratis/f25cf091-23f6-4bac-ac9d-de213b00c824
2019-09-20 08:30:29,540 [pool-49-thread-1] INFO  server.RaftServerConfigKeys (ConfUtils.java:logGet(43)) - raft.server.log.queue.byte-limit = 2147483647 (custom)
2019-09-20 08:30:29,540 [pool-49-thread-1] INFO  server.RaftServerConfigKeys (ConfUtils.java:logGet(43)) - raft.server.log.queue.element-limit = 1024 (custom)
2019-09-20 08:30:29,541 [pool-49-thread-1] INFO  server.RaftServerConfigKeys (ConfUtils.java:logGet(43)) - raft.server.log.segment.size.max = 1048576 (custom)
2019-09-20 08:30:29,541 [pool-49-thread-1] INFO  server.RaftServerConfigKeys (ConfUtils.java:logGet(43)) - raft.server.log.preallocated.size = 16384 (custom)
2019-09-20 08:30:29,541 [pool-49-thread-1] INFO  server.RaftServerConfigKeys (ConfUtils.java:logGet(43)) - raft.server.log.write.buffer.size = 33554432 (custom)
2019-09-20 08:30:29,541 [pool-49-thread-1] INFO  server.RaftServerConfigKeys (ConfUtils.java:logGet(43)) - raft.server.log.force.sync.num = 128 (default)
2019-09-20 08:30:29,541 [pool-49-thread-1] INFO  server.RaftServerConfigKeys (ConfUtils.java:logGet(43)) - raft.server.log.statemachine.data.sync = true (default)
2019-09-20 08:30:29,542 [pool-49-thread-1] INFO  server.RaftServerConfigKeys (ConfUtils.java:logGet(43)) - raft.server.log.statemachine.data.sync.timeout = 10s (default)
2019-09-20 08:30:29,542 [pool-49-thread-1] INFO  server.RaftServerConfigKeys (ConfUtils.java:logGet(43)) - raft.server.log.statemachine.data.sync.timeout.retry = -1 (default)
2019-09-20 08:30:29,542 [pool-49-thread-1] INFO  server.RaftServerConfigKeys (ConfUtils.java:logGet(43)) - raft.server.log.statemachine.data.caching.enabled = true (custom)
2019-09-20 08:30:29,543 [pool-49-thread-1] INFO  segmented.SegmentedRaftLogWorker (SegmentedRaftLogWorker.java:lambda$new$0(132)) - 4e3bae72-6dec-40bd-99be-7c75f0b44aae-SegmentedRaftLogWorker:Storage Directory /workdir/hadoop-ozone/tools/target/test-dir/MiniOzoneClusterImpl-27b2788d-4a5e-4768-9652-b88d14ddf2e4/datanode-2/data/ratis/f25cf091-23f6-4bac-ac9d-de213b00c824: flushIndex: setUnconditionally 0 -> -1
2019-09-20 08:30:29,544 [pool-49-thread-1] INFO  server.RaftServerConfigKeys (ConfUtils.java:logGet(43)) - raft.server.snapshot.auto.trigger.enabled = true (custom)
2019-09-20 08:30:29,544 [pool-49-thread-1] INFO  server.RaftServerConfigKeys (ConfUtils.java:logGet(43)) - raft.server.snapshot.auto.trigger.threshold = 10000 (custom)
2019-09-20 08:30:29,544 [pool-49-thread-1] INFO  server.RaftServerConfigKeys (ConfUtils.java:logGet(43)) - raft.server.retrycache.expirytime = 600000ms (custom)
2019-09-20 08:30:29,544 [pool-49-thread-1] INFO  impl.RaftServerImpl (RaftServerImpl.java:start(180)) - 4e3bae72-6dec-40bd-99be-7c75f0b44aae: start group-DE213B00C824
2019-09-20 08:30:29,545 [pool-49-thread-1] INFO  impl.RaftServerImpl (RaftServerImpl.java:setRole(171)) - 4e3bae72-6dec-40bd-99be-7c75f0b44aae:group-DE213B00C824 changes role from null to FOLLOWER at term 0 for startAsFollower
2019-09-20 08:30:29,545 [pool-49-thread-1] INFO  impl.RoleInfo (RoleInfo.java:updateAndGet(143)) - 4e3bae72-6dec-40bd-99be-7c75f0b44aae: start FollowerState
2019-09-20 08:30:29,545 [pool-49-thread-1] INFO  util.JmxRegister (JmxRegister.java:tryRegister(44)) - Successfully registered JMX Bean with object name Ratis:service=RaftServer,group=group-DE213B00C824,id=4e3bae72-6dec-40bd-99be-7c75f0b44aae
2019-09-20 08:30:29,552 [RatisPipelineUtilsThread] INFO  pipeline.PipelineStateManager (PipelineStateManager.java:addPipeline(56)) - Created pipeline Pipeline[ Id: f25cf091-23f6-4bac-ac9d-de213b00c824, Nodes: 4e3bae72-6dec-40bd-99be-7c75f0b44aae{ip: 192.168.34.27, host: pr-hdds-1569-6tbh6-3362816358, networkLocation: /default-rack, certSerialId: null}, Type:RATIS, Factor:ONE, State:OPEN]
2019-09-20 08:30:29,554 [RatisPipelineUtilsThread] INFO  pipeline.PipelinePlacementPolicy (PipelinePlacementPolicy.java:meetCriteria(91)) - Pipeline Placement: Doesn't meet the criteria to be viable node： e1a187e5-d89a-47f2-b2bd-c6db4da75c05 Heaviness: 6 limit: 5
2019-09-20 08:30:29,554 [RatisPipelineUtilsThread] INFO  pipeline.PipelinePlacementPolicy (PipelinePlacementPolicy.java:meetCriteria(91)) - Pipeline Placement: Doesn't meet the criteria to be viable node： 4e3bae72-6dec-40bd-99be-7c75f0b44aae Heaviness: 6 limit: 5
2019-09-20 08:30:29,555 [RatisPipelineUtilsThread] INFO  pipeline.PipelinePlacementPolicy (PipelinePlacementPolicy.java:meetCriteria(91)) - Pipeline Placement: Doesn't meet the criteria to be viable node： c8a425d5-130a-4202-9db9-9fe847e02d96 Heaviness: 6 limit: 5
2019-09-20 08:30:29,555 [RatisPipelineUtilsThread] INFO  pipeline.PipelinePlacementPolicy (PipelinePlacementPolicy.java:meetCriteria(91)) - Pipeline Placement: Doesn't meet the criteria to be viable node： d2c36bd8-bad5-464c-8c6b-b124cc016412 Heaviness: 6 limit: 5
2019-09-20 08:30:29,566 [grpc-default-executor-0] INFO  impl.RaftServerProxy (RaftServerProxy.java:addNew(89)) - 6f5cd177-0d50-44f5-9dda-f28331356997: addNew group-AF6AFDC78924:[6f5cd177-0d50-44f5-9dda-f28331356997:192.168.34.27:33265] returns group-AF6AFDC78924:java.util.concurrent.CompletableFuture@3d053d81[Not completed]
2019-09-20 08:30:29,568 [pool-71-thread-1] INFO  impl.RaftServerImpl (RaftServerImpl.java:<init>(93)) - 6f5cd177-0d50-44f5-9dda-f28331356997: new RaftServerImpl for group-AF6AFDC78924:[6f5cd177-0d50-44f5-9dda-f28331356997:192.168.34.27:33265] with ContainerStateMachine:uninitialized
2019-09-20 08:30:29,568 [pool-71-thread-1] INFO  server.RaftServerConfigKeys (ConfUtils.java:logGet(43)) - raft.server.rpc.timeout.min = 5s (custom)
2019-09-20 08:30:29,568 [pool-71-thread-1] INFO  server.RaftServerConfigKeys (ConfUtils.java:logGet(43)) - raft.server.rpc.timeout.max = 5200ms (custom)
2019-09-20 08:30:29,568 [pool-71-thread-1] INFO  server.RaftServerConfigKeys (ConfUtils.java:logGet(43)) - raft.server.rpcslowness.timeout = 120s (custom)
2019-09-20 08:30:29,568 [pool-71-thread-1] INFO  server.RaftServerConfigKeys (ConfUtils.java:logGet(43)) - raft.server.sleep.deviation.threshold = 300 (default)
2019-09-20 08:30:29,568 [pool-71-thread-1] INFO  server.RaftServerConfigKeys (ConfUtils.java:logGet(43)) - raft.server.log.appender.install.snapshot.enabled = false (custom)
2019-09-20 08:30:29,569 [pool-71-thread-1] INFO  impl.RaftServerImpl (ServerState.java:<init>(105)) - 6f5cd177-0d50-44f5-9dda-f28331356997:group-AF6AFDC78924 ConfigurationManager, init=-1: [6f5cd177-0d50-44f5-9dda-f28331356997:192.168.34.27:33265], old=null, confs=<EMPTY_MAP>
2019-09-20 08:30:29,569 [pool-71-thread-1] INFO  server.RaftServerConfigKeys (ConfUtils.java:logGet(43)) - raft.server.storage.dir = [/workdir/hadoop-ozone/tools/target/test-dir/MiniOzoneClusterImpl-27b2788d-4a5e-4768-9652-b88d14ddf2e4/datanode-4/data/ratis] (custom)
2019-09-20 08:30:29,569 [pool-71-thread-1] INFO  storage.RaftStorageDirectory (RaftStorageDirectory.java:analyzeStorage(246)) - The storage directory /workdir/hadoop-ozone/tools/target/test-dir/MiniOzoneClusterImpl-27b2788d-4a5e-4768-9652-b88d14ddf2e4/datanode-4/data/ratis/1dbe19fe-77ce-4cb1-9b3f-af6afdc78924 does not exist. Creating ...
2019-09-20 08:30:29,582 [pool-71-thread-1] INFO  storage.RaftStorageDirectory (RaftStorageDirectory.java:tryLock(328)) - Lock on /workdir/hadoop-ozone/tools/target/test-dir/MiniOzoneClusterImpl-27b2788d-4a5e-4768-9652-b88d14ddf2e4/datanode-4/data/ratis/1dbe19fe-77ce-4cb1-9b3f-af6afdc78924/in_use.lock acquired by nodename 3879@pr-hdds-1569-6tbh6-3362816358
2019-09-20 08:30:29,595 [pool-71-thread-1] INFO  storage.RaftStorage (RaftStorage.java:format(72)) - Storage directory /workdir/hadoop-ozone/tools/target/test-dir/MiniOzoneClusterImpl-27b2788d-4a5e-4768-9652-b88d14ddf2e4/datanode-4/data/ratis/1dbe19fe-77ce-4cb1-9b3f-af6afdc78924 has been successfully formatted.
2019-09-20 08:30:29,595 [pool-71-thread-1] INFO  ratis.ContainerStateMachine (ContainerStateMachine.java:loadSnapshot(226)) - group-AF6AFDC78924: The snapshot info is null. Setting the last applied indexto:(t:0, i:~)
2019-09-20 08:30:29,595 [pool-71-thread-1] INFO  server.RaftServerConfigKeys (ConfUtils.java:logGet(43)) - raft.server.leader.election.timeout = 120s (custom)
2019-09-20 08:30:29,595 [pool-71-thread-1] INFO  server.RaftServerConfigKeys (ConfUtils.java:logGet(43)) - raft.server.log.use.memory = false (default)
2019-09-20 08:30:29,596 [pool-71-thread-1] INFO  server.RaftServerConfigKeys (ConfUtils.java:logGet(43)) - raft.server.log.purge.gap = 1000000 (custom)
2019-09-20 08:30:29,596 [pool-71-thread-1] INFO  server.RaftServerConfigKeys (ConfUtils.java:logGet(43)) - raft.server.log.appender.buffer.byte-limit = 33554432 (custom)
2019-09-20 08:30:29,596 [pool-71-thread-1] INFO  server.RaftServerConfigKeys (ConfUtils.java:logGet(43)) - raft.server.log.segment.size.max = 1048576 (custom)
2019-09-20 08:30:29,596 [pool-71-thread-1] INFO  server.RaftServerConfigKeys (ConfUtils.java:logGet(43)) - raft.server.log.segment.cache.num.max = 2 (custom)
2019-09-20 08:30:29,596 [pool-71-thread-1] INFO  segmented.SegmentedRaftLogWorker (SegmentedRaftLogWorker.java:<init>(172)) - new 6f5cd177-0d50-44f5-9dda-f28331356997-SegmentedRaftLogWorker:Storage Directory /workdir/hadoop-ozone/tools/target/test-dir/MiniOzoneClusterImpl-27b2788d-4a5e-4768-9652-b88d14ddf2e4/datanode-4/data/ratis/1dbe19fe-77ce-4cb1-9b3f-af6afdc78924 for RaftStorage:Storage Directory /workdir/hadoop-ozone/tools/target/test-dir/MiniOzoneClusterImpl-27b2788d-4a5e-4768-9652-b88d14ddf2e4/datanode-4/data/ratis/1dbe19fe-77ce-4cb1-9b3f-af6afdc78924
2019-09-20 08:30:29,596 [pool-71-thread-1] INFO  server.RaftServerConfigKeys (ConfUtils.java:logGet(43)) - raft.server.log.queue.byte-limit = 2147483647 (custom)
2019-09-20 08:30:29,597 [pool-71-thread-1] INFO  server.RaftServerConfigKeys (ConfUtils.java:logGet(43)) - raft.server.log.queue.element-limit = 1024 (custom)
2019-09-20 08:30:29,597 [pool-71-thread-1] INFO  server.RaftServerConfigKeys (ConfUtils.java:logGet(43)) - raft.server.log.segment.size.max = 1048576 (custom)
2019-09-20 08:30:29,597 [pool-71-thread-1] INFO  server.RaftServerConfigKeys (ConfUtils.java:logGet(43)) - raft.server.log.preallocated.size = 16384 (custom)
2019-09-20 08:30:29,597 [pool-71-thread-1] INFO  server.RaftServerConfigKeys (ConfUtils.java:logGet(43)) - raft.server.log.write.buffer.size = 33554432 (custom)
2019-09-20 08:30:29,597 [pool-71-thread-1] INFO  server.RaftServerConfigKeys (ConfUtils.java:logGet(43)) - raft.server.log.force.sync.num = 128 (default)
2019-09-20 08:30:29,597 [pool-71-thread-1] INFO  server.RaftServerConfigKeys (ConfUtils.java:logGet(43)) - raft.server.log.statemachine.data.sync = true (default)
2019-09-20 08:30:29,598 [pool-71-thread-1] INFO  server.RaftServerConfigKeys (ConfUtils.java:logGet(43)) - raft.server.log.statemachine.data.sync.timeout = 10s (default)
2019-09-20 08:30:29,598 [pool-71-thread-1] INFO  server.RaftServerConfigKeys (ConfUtils.java:logGet(43)) - raft.server.log.statemachine.data.sync.timeout.retry = -1 (default)
2019-09-20 08:30:29,598 [pool-71-thread-1] INFO  server.RaftServerConfigKeys (ConfUtils.java:logGet(43)) - raft.server.log.statemachine.data.caching.enabled = true (custom)
2019-09-20 08:30:29,598 [pool-71-thread-1] INFO  segmented.SegmentedRaftLogWorker (SegmentedRaftLogWorker.java:lambda$new$0(132)) - 6f5cd177-0d50-44f5-9dda-f28331356997-SegmentedRaftLogWorker:Storage Directory /workdir/hadoop-ozone/tools/target/test-dir/MiniOzoneClusterImpl-27b2788d-4a5e-4768-9652-b88d14ddf2e4/datanode-4/data/ratis/1dbe19fe-77ce-4cb1-9b3f-af6afdc78924: flushIndex: setUnconditionally 0 -> -1
2019-09-20 08:30:29,599 [pool-71-thread-1] INFO  server.RaftServerConfigKeys (ConfUtils.java:logGet(43)) - raft.server.snapshot.auto.trigger.enabled = true (custom)
2019-09-20 08:30:29,599 [pool-71-thread-1] INFO  server.RaftServerConfigKeys (ConfUtils.java:logGet(43)) - raft.server.snapshot.auto.trigger.threshold = 10000 (custom)
2019-09-20 08:30:29,599 [pool-71-thread-1] INFO  server.RaftServerConfigKeys (ConfUtils.java:logGet(43)) - raft.server.retrycache.expirytime = 600000ms (custom)
2019-09-20 08:30:29,599 [pool-71-thread-1] INFO  impl.RaftServerImpl (RaftServerImpl.java:start(180)) - 6f5cd177-0d50-44f5-9dda-f28331356997: start group-AF6AFDC78924
2019-09-20 08:30:29,599 [pool-71-thread-1] INFO  impl.RaftServerImpl (RaftServerImpl.java:setRole(171)) - 6f5cd177-0d50-44f5-9dda-f28331356997:group-AF6AFDC78924 changes role from null to FOLLOWER at term 0 for startAsFollower
2019-09-20 08:30:29,600 [pool-71-thread-1] INFO  impl.RoleInfo (RoleInfo.java:updateAndGet(143)) - 6f5cd177-0d50-44f5-9dda-f28331356997: start FollowerState
2019-09-20 08:30:29,600 [pool-71-thread-1] INFO  util.JmxRegister (JmxRegister.java:tryRegister(44)) - Successfully registered JMX Bean with object name Ratis:service=RaftServer,group=group-AF6AFDC78924,id=6f5cd177-0d50-44f5-9dda-f28331356997
2019-09-20 08:30:29,605 [RatisPipelineUtilsThread] INFO  pipeline.PipelineStateManager (PipelineStateManager.java:addPipeline(56)) - Created pipeline Pipeline[ Id: 1dbe19fe-77ce-4cb1-9b3f-af6afdc78924, Nodes: 6f5cd177-0d50-44f5-9dda-f28331356997{ip: 192.168.34.27, host: pr-hdds-1569-6tbh6-3362816358, networkLocation: /default-rack, certSerialId: null}, Type:RATIS, Factor:ONE, State:OPEN]
2019-09-20 08:30:29,607 [RatisPipelineUtilsThread] INFO  pipeline.PipelinePlacementPolicy (PipelinePlacementPolicy.java:meetCriteria(91)) - Pipeline Placement: Doesn't meet the criteria to be viable node： e1a187e5-d89a-47f2-b2bd-c6db4da75c05 Heaviness: 6 limit: 5
2019-09-20 08:30:29,608 [RatisPipelineUtilsThread] INFO  pipeline.PipelinePlacementPolicy (PipelinePlacementPolicy.java:meetCriteria(91)) - Pipeline Placement: Doesn't meet the criteria to be viable node： 4e3bae72-6dec-40bd-99be-7c75f0b44aae Heaviness: 6 limit: 5
2019-09-20 08:30:29,608 [RatisPipelineUtilsThread] INFO  pipeline.PipelinePlacementPolicy (PipelinePlacementPolicy.java:meetCriteria(91)) - Pipeline Placement: Doesn't meet the criteria to be viable node： c8a425d5-130a-4202-9db9-9fe847e02d96 Heaviness: 6 limit: 5
2019-09-20 08:30:29,608 [RatisPipelineUtilsThread] INFO  pipeline.PipelinePlacementPolicy (PipelinePlacementPolicy.java:meetCriteria(91)) - Pipeline Placement: Doesn't meet the criteria to be viable node： d2c36bd8-bad5-464c-8c6b-b124cc016412 Heaviness: 6 limit: 5
2019-09-20 08:30:29,619 [grpc-default-executor-0] INFO  impl.RaftServerProxy (RaftServerProxy.java:addNew(89)) - 6f5cd177-0d50-44f5-9dda-f28331356997: addNew group-443BB6A07B0D:[6f5cd177-0d50-44f5-9dda-f28331356997:192.168.34.27:33265] returns group-443BB6A07B0D:java.util.concurrent.CompletableFuture@14ad9f60[Not completed]
2019-09-20 08:30:29,620 [pool-71-thread-1] INFO  impl.RaftServerImpl (RaftServerImpl.java:<init>(93)) - 6f5cd177-0d50-44f5-9dda-f28331356997: new RaftServerImpl for group-443BB6A07B0D:[6f5cd177-0d50-44f5-9dda-f28331356997:192.168.34.27:33265] with ContainerStateMachine:uninitialized
2019-09-20 08:30:29,620 [pool-71-thread-1] INFO  server.RaftServerConfigKeys (ConfUtils.java:logGet(43)) - raft.server.rpc.timeout.min = 5s (custom)
2019-09-20 08:30:29,621 [pool-71-thread-1] INFO  server.RaftServerConfigKeys (ConfUtils.java:logGet(43)) - raft.server.rpc.timeout.max = 5200ms (custom)
2019-09-20 08:30:29,621 [pool-71-thread-1] INFO  server.RaftServerConfigKeys (ConfUtils.java:logGet(43)) - raft.server.rpcslowness.timeout = 120s (custom)
2019-09-20 08:30:29,621 [pool-71-thread-1] INFO  server.RaftServerConfigKeys (ConfUtils.java:logGet(43)) - raft.server.sleep.deviation.threshold = 300 (default)
2019-09-20 08:30:29,621 [pool-71-thread-1] INFO  server.RaftServerConfigKeys (ConfUtils.java:logGet(43)) - raft.server.log.appender.install.snapshot.enabled = false (custom)
2019-09-20 08:30:29,621 [pool-71-thread-1] INFO  impl.RaftServerImpl (ServerState.java:<init>(105)) - 6f5cd177-0d50-44f5-9dda-f28331356997:group-443BB6A07B0D ConfigurationManager, init=-1: [6f5cd177-0d50-44f5-9dda-f28331356997:192.168.34.27:33265], old=null, confs=<EMPTY_MAP>
2019-09-20 08:30:29,621 [pool-71-thread-1] INFO  server.RaftServerConfigKeys (ConfUtils.java:logGet(43)) - raft.server.storage.dir = [/workdir/hadoop-ozone/tools/target/test-dir/MiniOzoneClusterImpl-27b2788d-4a5e-4768-9652-b88d14ddf2e4/datanode-4/data/ratis] (custom)
2019-09-20 08:30:29,622 [pool-71-thread-1] INFO  storage.RaftStorageDirectory (RaftStorageDirectory.java:analyzeStorage(246)) - The storage directory /workdir/hadoop-ozone/tools/target/test-dir/MiniOzoneClusterImpl-27b2788d-4a5e-4768-9652-b88d14ddf2e4/datanode-4/data/ratis/258d0bb3-be32-44d0-a952-443bb6a07b0d does not exist. Creating ...
2019-09-20 08:30:29,642 [pool-71-thread-1] INFO  storage.RaftStorageDirectory (RaftStorageDirectory.java:tryLock(328)) - Lock on /workdir/hadoop-ozone/tools/target/test-dir/MiniOzoneClusterImpl-27b2788d-4a5e-4768-9652-b88d14ddf2e4/datanode-4/data/ratis/258d0bb3-be32-44d0-a952-443bb6a07b0d/in_use.lock acquired by nodename 3879@pr-hdds-1569-6tbh6-3362816358
2019-09-20 08:30:29,655 [pool-71-thread-1] INFO  storage.RaftStorage (RaftStorage.java:format(72)) - Storage directory /workdir/hadoop-ozone/tools/target/test-dir/MiniOzoneClusterImpl-27b2788d-4a5e-4768-9652-b88d14ddf2e4/datanode-4/data/ratis/258d0bb3-be32-44d0-a952-443bb6a07b0d has been successfully formatted.
2019-09-20 08:30:29,655 [pool-71-thread-1] INFO  ratis.ContainerStateMachine (ContainerStateMachine.java:loadSnapshot(226)) - group-443BB6A07B0D: The snapshot info is null. Setting the last applied indexto:(t:0, i:~)
2019-09-20 08:30:29,656 [pool-71-thread-1] INFO  server.RaftServerConfigKeys (ConfUtils.java:logGet(43)) - raft.server.leader.election.timeout = 120s (custom)
2019-09-20 08:30:29,656 [pool-71-thread-1] INFO  server.RaftServerConfigKeys (ConfUtils.java:logGet(43)) - raft.server.log.use.memory = false (default)
2019-09-20 08:30:29,656 [pool-71-thread-1] INFO  server.RaftServerConfigKeys (ConfUtils.java:logGet(43)) - raft.server.log.purge.gap = 1000000 (custom)
2019-09-20 08:30:29,656 [pool-71-thread-1] INFO  server.RaftServerConfigKeys (ConfUtils.java:logGet(43)) - raft.server.log.appender.buffer.byte-limit = 33554432 (custom)
2019-09-20 08:30:29,656 [pool-71-thread-1] INFO  server.RaftServerConfigKeys (ConfUtils.java:logGet(43)) - raft.server.log.segment.size.max = 1048576 (custom)
2019-09-20 08:30:29,656 [pool-71-thread-1] INFO  server.RaftServerConfigKeys (ConfUtils.java:logGet(43)) - raft.server.log.segment.cache.num.max = 2 (custom)
2019-09-20 08:30:29,657 [pool-71-thread-1] INFO  segmented.SegmentedRaftLogWorker (SegmentedRaftLogWorker.java:<init>(172)) - new 6f5cd177-0d50-44f5-9dda-f28331356997-SegmentedRaftLogWorker:Storage Directory /workdir/hadoop-ozone/tools/target/test-dir/MiniOzoneClusterImpl-27b2788d-4a5e-4768-9652-b88d14ddf2e4/datanode-4/data/ratis/258d0bb3-be32-44d0-a952-443bb6a07b0d for RaftStorage:Storage Directory /workdir/hadoop-ozone/tools/target/test-dir/MiniOzoneClusterImpl-27b2788d-4a5e-4768-9652-b88d14ddf2e4/datanode-4/data/ratis/258d0bb3-be32-44d0-a952-443bb6a07b0d
2019-09-20 08:30:29,657 [pool-71-thread-1] INFO  server.RaftServerConfigKeys (ConfUtils.java:logGet(43)) - raft.server.log.queue.byte-limit = 2147483647 (custom)
2019-09-20 08:30:29,657 [pool-71-thread-1] INFO  server.RaftServerConfigKeys (ConfUtils.java:logGet(43)) - raft.server.log.queue.element-limit = 1024 (custom)
2019-09-20 08:30:29,657 [pool-71-thread-1] INFO  server.RaftServerConfigKeys (ConfUtils.java:logGet(43)) - raft.server.log.segment.size.max = 1048576 (custom)
2019-09-20 08:30:29,657 [pool-71-thread-1] INFO  server.RaftServerConfigKeys (ConfUtils.java:logGet(43)) - raft.server.log.preallocated.size = 16384 (custom)
2019-09-20 08:30:29,658 [pool-71-thread-1] INFO  server.RaftServerConfigKeys (ConfUtils.java:logGet(43)) - raft.server.log.write.buffer.size = 33554432 (custom)
2019-09-20 08:30:29,658 [pool-71-thread-1] INFO  server.RaftServerConfigKeys (ConfUtils.java:logGet(43)) - raft.server.log.force.sync.num = 128 (default)
2019-09-20 08:30:29,658 [pool-71-thread-1] INFO  server.RaftServerConfigKeys (ConfUtils.java:logGet(43)) - raft.server.log.statemachine.data.sync = true (default)
2019-09-20 08:30:29,658 [pool-71-thread-1] INFO  server.RaftServerConfigKeys (ConfUtils.java:logGet(43)) - raft.server.log.statemachine.data.sync.timeout = 10s (default)
2019-09-20 08:30:29,658 [pool-71-thread-1] INFO  server.RaftServerConfigKeys (ConfUtils.java:logGet(43)) - raft.server.log.statemachine.data.sync.timeout.retry = -1 (default)
2019-09-20 08:30:29,658 [pool-71-thread-1] INFO  server.RaftServerConfigKeys (ConfUtils.java:logGet(43)) - raft.server.log.statemachine.data.caching.enabled = true (custom)
2019-09-20 08:30:29,659 [pool-71-thread-1] INFO  segmented.SegmentedRaftLogWorker (SegmentedRaftLogWorker.java:lambda$new$0(132)) - 6f5cd177-0d50-44f5-9dda-f28331356997-SegmentedRaftLogWorker:Storage Directory /workdir/hadoop-ozone/tools/target/test-dir/MiniOzoneClusterImpl-27b2788d-4a5e-4768-9652-b88d14ddf2e4/datanode-4/data/ratis/258d0bb3-be32-44d0-a952-443bb6a07b0d: flushIndex: setUnconditionally 0 -> -1
2019-09-20 08:30:29,659 [pool-71-thread-1] INFO  server.RaftServerConfigKeys (ConfUtils.java:logGet(43)) - raft.server.snapshot.auto.trigger.enabled = true (custom)
2019-09-20 08:30:29,659 [pool-71-thread-1] INFO  server.RaftServerConfigKeys (ConfUtils.java:logGet(43)) - raft.server.snapshot.auto.trigger.threshold = 10000 (custom)
2019-09-20 08:30:29,660 [pool-71-thread-1] INFO  server.RaftServerConfigKeys (ConfUtils.java:logGet(43)) - raft.server.retrycache.expirytime = 600000ms (custom)
2019-09-20 08:30:29,660 [pool-71-thread-1] INFO  impl.RaftServerImpl (RaftServerImpl.java:start(180)) - 6f5cd177-0d50-44f5-9dda-f28331356997: start group-443BB6A07B0D
2019-09-20 08:30:29,660 [pool-71-thread-1] INFO  impl.RaftServerImpl (RaftServerImpl.java:setRole(171)) - 6f5cd177-0d50-44f5-9dda-f28331356997:group-443BB6A07B0D changes role from null to FOLLOWER at term 0 for startAsFollower
2019-09-20 08:30:29,660 [pool-71-thread-1] INFO  impl.RoleInfo (RoleInfo.java:updateAndGet(143)) - 6f5cd177-0d50-44f5-9dda-f28331356997: start FollowerState
2019-09-20 08:30:29,661 [pool-71-thread-1] INFO  util.JmxRegister (JmxRegister.java:tryRegister(44)) - Successfully registered JMX Bean with object name Ratis:service=RaftServer,group=group-443BB6A07B0D,id=6f5cd177-0d50-44f5-9dda-f28331356997
2019-09-20 08:30:29,667 [RatisPipelineUtilsThread] INFO  pipeline.PipelineStateManager (PipelineStateManager.java:addPipeline(56)) - Created pipeline Pipeline[ Id: 258d0bb3-be32-44d0-a952-443bb6a07b0d, Nodes: 6f5cd177-0d50-44f5-9dda-f28331356997{ip: 192.168.34.27, host: pr-hdds-1569-6tbh6-3362816358, networkLocation: /default-rack, certSerialId: null}, Type:RATIS, Factor:ONE, State:OPEN]
2019-09-20 08:30:29,669 [RatisPipelineUtilsThread] INFO  pipeline.PipelinePlacementPolicy (PipelinePlacementPolicy.java:meetCriteria(91)) - Pipeline Placement: Doesn't meet the criteria to be viable node： e1a187e5-d89a-47f2-b2bd-c6db4da75c05 Heaviness: 6 limit: 5
2019-09-20 08:30:29,669 [RatisPipelineUtilsThread] INFO  pipeline.PipelinePlacementPolicy (PipelinePlacementPolicy.java:meetCriteria(91)) - Pipeline Placement: Doesn't meet the criteria to be viable node： 4e3bae72-6dec-40bd-99be-7c75f0b44aae Heaviness: 6 limit: 5
2019-09-20 08:30:29,669 [RatisPipelineUtilsThread] INFO  pipeline.PipelinePlacementPolicy (PipelinePlacementPolicy.java:meetCriteria(91)) - Pipeline Placement: Doesn't meet the criteria to be viable node： c8a425d5-130a-4202-9db9-9fe847e02d96 Heaviness: 6 limit: 5
2019-09-20 08:30:29,669 [RatisPipelineUtilsThread] INFO  pipeline.PipelinePlacementPolicy (PipelinePlacementPolicy.java:meetCriteria(91)) - Pipeline Placement: Doesn't meet the criteria to be viable node： d2c36bd8-bad5-464c-8c6b-b124cc016412 Heaviness: 6 limit: 5
2019-09-20 08:30:29,681 [grpc-default-executor-0] INFO  impl.RaftServerProxy (RaftServerProxy.java:addNew(89)) - 6f5cd177-0d50-44f5-9dda-f28331356997: addNew group-E8FD25B966C5:[6f5cd177-0d50-44f5-9dda-f28331356997:192.168.34.27:33265] returns group-E8FD25B966C5:java.util.concurrent.CompletableFuture@70c74fca[Not completed]
2019-09-20 08:30:29,683 [pool-71-thread-1] INFO  impl.RaftServerImpl (RaftServerImpl.java:<init>(93)) - 6f5cd177-0d50-44f5-9dda-f28331356997: new RaftServerImpl for group-E8FD25B966C5:[6f5cd177-0d50-44f5-9dda-f28331356997:192.168.34.27:33265] with ContainerStateMachine:uninitialized
2019-09-20 08:30:29,683 [pool-71-thread-1] INFO  server.RaftServerConfigKeys (ConfUtils.java:logGet(43)) - raft.server.rpc.timeout.min = 5s (custom)
2019-09-20 08:30:29,683 [pool-71-thread-1] INFO  server.RaftServerConfigKeys (ConfUtils.java:logGet(43)) - raft.server.rpc.timeout.max = 5200ms (custom)
2019-09-20 08:30:29,683 [pool-71-thread-1] INFO  server.RaftServerConfigKeys (ConfUtils.java:logGet(43)) - raft.server.rpcslowness.timeout = 120s (custom)
2019-09-20 08:30:29,684 [pool-71-thread-1] INFO  server.RaftServerConfigKeys (ConfUtils.java:logGet(43)) - raft.server.sleep.deviation.threshold = 300 (default)
2019-09-20 08:30:29,684 [pool-71-thread-1] INFO  server.RaftServerConfigKeys (ConfUtils.java:logGet(43)) - raft.server.log.appender.install.snapshot.enabled = false (custom)
2019-09-20 08:30:29,684 [pool-71-thread-1] INFO  impl.RaftServerImpl (ServerState.java:<init>(105)) - 6f5cd177-0d50-44f5-9dda-f28331356997:group-E8FD25B966C5 ConfigurationManager, init=-1: [6f5cd177-0d50-44f5-9dda-f28331356997:192.168.34.27:33265], old=null, confs=<EMPTY_MAP>
2019-09-20 08:30:29,684 [pool-71-thread-1] INFO  server.RaftServerConfigKeys (ConfUtils.java:logGet(43)) - raft.server.storage.dir = [/workdir/hadoop-ozone/tools/target/test-dir/MiniOzoneClusterImpl-27b2788d-4a5e-4768-9652-b88d14ddf2e4/datanode-4/data/ratis] (custom)
2019-09-20 08:30:29,684 [pool-71-thread-1] INFO  storage.RaftStorageDirectory (RaftStorageDirectory.java:analyzeStorage(246)) - The storage directory /workdir/hadoop-ozone/tools/target/test-dir/MiniOzoneClusterImpl-27b2788d-4a5e-4768-9652-b88d14ddf2e4/datanode-4/data/ratis/920b1e54-d359-4e52-b530-e8fd25b966c5 does not exist. Creating ...
2019-09-20 08:30:29,710 | INFO  | SCMAudit | user=jenkins1000 | ip=192.168.34.27 | op=SEND_HEARTBEAT {datanodeUUID=c8a425d5-130a-4202-9db9-9fe847e02d96, command=[]} | ret=SUCCESS |  
2019-09-20 08:30:29,715 [pool-71-thread-1] INFO  storage.RaftStorageDirectory (RaftStorageDirectory.java:tryLock(328)) - Lock on /workdir/hadoop-ozone/tools/target/test-dir/MiniOzoneClusterImpl-27b2788d-4a5e-4768-9652-b88d14ddf2e4/datanode-4/data/ratis/920b1e54-d359-4e52-b530-e8fd25b966c5/in_use.lock acquired by nodename 3879@pr-hdds-1569-6tbh6-3362816358
2019-09-20 08:30:29,730 [pool-71-thread-1] INFO  storage.RaftStorage (RaftStorage.java:format(72)) - Storage directory /workdir/hadoop-ozone/tools/target/test-dir/MiniOzoneClusterImpl-27b2788d-4a5e-4768-9652-b88d14ddf2e4/datanode-4/data/ratis/920b1e54-d359-4e52-b530-e8fd25b966c5 has been successfully formatted.
2019-09-20 08:30:29,730 [pool-71-thread-1] INFO  ratis.ContainerStateMachine (ContainerStateMachine.java:loadSnapshot(226)) - group-E8FD25B966C5: The snapshot info is null. Setting the last applied indexto:(t:0, i:~)
2019-09-20 08:30:29,730 [pool-71-thread-1] INFO  server.RaftServerConfigKeys (ConfUtils.java:logGet(43)) - raft.server.leader.election.timeout = 120s (custom)
2019-09-20 08:30:29,730 [pool-71-thread-1] INFO  server.RaftServerConfigKeys (ConfUtils.java:logGet(43)) - raft.server.log.use.memory = false (default)
2019-09-20 08:30:29,731 [pool-71-thread-1] INFO  server.RaftServerConfigKeys (ConfUtils.java:logGet(43)) - raft.server.log.purge.gap = 1000000 (custom)
2019-09-20 08:30:29,731 [pool-71-thread-1] INFO  server.RaftServerConfigKeys (ConfUtils.java:logGet(43)) - raft.server.log.appender.buffer.byte-limit = 33554432 (custom)
2019-09-20 08:30:29,731 [pool-71-thread-1] INFO  server.RaftServerConfigKeys (ConfUtils.java:logGet(43)) - raft.server.log.segment.size.max = 1048576 (custom)
2019-09-20 08:30:29,731 [pool-71-thread-1] INFO  server.RaftServerConfigKeys (ConfUtils.java:logGet(43)) - raft.server.log.segment.cache.num.max = 2 (custom)
2019-09-20 08:30:29,731 [pool-71-thread-1] INFO  segmented.SegmentedRaftLogWorker (SegmentedRaftLogWorker.java:<init>(172)) - new 6f5cd177-0d50-44f5-9dda-f28331356997-SegmentedRaftLogWorker:Storage Directory /workdir/hadoop-ozone/tools/target/test-dir/MiniOzoneClusterImpl-27b2788d-4a5e-4768-9652-b88d14ddf2e4/datanode-4/data/ratis/920b1e54-d359-4e52-b530-e8fd25b966c5 for RaftStorage:Storage Directory /workdir/hadoop-ozone/tools/target/test-dir/MiniOzoneClusterImpl-27b2788d-4a5e-4768-9652-b88d14ddf2e4/datanode-4/data/ratis/920b1e54-d359-4e52-b530-e8fd25b966c5
2019-09-20 08:30:29,732 [pool-71-thread-1] INFO  server.RaftServerConfigKeys (ConfUtils.java:logGet(43)) - raft.server.log.queue.byte-limit = 2147483647 (custom)
2019-09-20 08:30:29,732 [pool-71-thread-1] INFO  server.RaftServerConfigKeys (ConfUtils.java:logGet(43)) - raft.server.log.queue.element-limit = 1024 (custom)
2019-09-20 08:30:29,732 [pool-71-thread-1] INFO  server.RaftServerConfigKeys (ConfUtils.java:logGet(43)) - raft.server.log.segment.size.max = 1048576 (custom)
2019-09-20 08:30:29,732 [pool-71-thread-1] INFO  server.RaftServerConfigKeys (ConfUtils.java:logGet(43)) - raft.server.log.preallocated.size = 16384 (custom)
2019-09-20 08:30:29,732 [pool-71-thread-1] INFO  server.RaftServerConfigKeys (ConfUtils.java:logGet(43)) - raft.server.log.write.buffer.size = 33554432 (custom)
2019-09-20 08:30:29,732 [pool-71-thread-1] INFO  server.RaftServerConfigKeys (ConfUtils.java:logGet(43)) - raft.server.log.force.sync.num = 128 (default)
2019-09-20 08:30:29,733 [pool-71-thread-1] INFO  server.RaftServerConfigKeys (ConfUtils.java:logGet(43)) - raft.server.log.statemachine.data.sync = true (default)
2019-09-20 08:30:29,733 [pool-71-thread-1] INFO  server.RaftServerConfigKeys (ConfUtils.java:logGet(43)) - raft.server.log.statemachine.data.sync.timeout = 10s (default)
2019-09-20 08:30:29,733 [pool-71-thread-1] INFO  server.RaftServerConfigKeys (ConfUtils.java:logGet(43)) - raft.server.log.statemachine.data.sync.timeout.retry = -1 (default)
2019-09-20 08:30:29,733 [pool-71-thread-1] INFO  server.RaftServerConfigKeys (ConfUtils.java:logGet(43)) - raft.server.log.statemachine.data.caching.enabled = true (custom)
2019-09-20 08:30:29,733 [pool-71-thread-1] INFO  segmented.SegmentedRaftLogWorker (SegmentedRaftLogWorker.java:lambda$new$0(132)) - 6f5cd177-0d50-44f5-9dda-f28331356997-SegmentedRaftLogWorker:Storage Directory /workdir/hadoop-ozone/tools/target/test-dir/MiniOzoneClusterImpl-27b2788d-4a5e-4768-9652-b88d14ddf2e4/datanode-4/data/ratis/920b1e54-d359-4e52-b530-e8fd25b966c5: flushIndex: setUnconditionally 0 -> -1
2019-09-20 08:30:29,734 [pool-71-thread-1] INFO  server.RaftServerConfigKeys (ConfUtils.java:logGet(43)) - raft.server.snapshot.auto.trigger.enabled = true (custom)
2019-09-20 08:30:29,734 [pool-71-thread-1] INFO  server.RaftServerConfigKeys (ConfUtils.java:logGet(43)) - raft.server.snapshot.auto.trigger.threshold = 10000 (custom)
2019-09-20 08:30:29,734 [pool-71-thread-1] INFO  server.RaftServerConfigKeys (ConfUtils.java:logGet(43)) - raft.server.retrycache.expirytime = 600000ms (custom)
2019-09-20 08:30:29,734 [pool-71-thread-1] INFO  impl.RaftServerImpl (RaftServerImpl.java:start(180)) - 6f5cd177-0d50-44f5-9dda-f28331356997: start group-E8FD25B966C5
2019-09-20 08:30:29,735 [pool-71-thread-1] INFO  impl.RaftServerImpl (RaftServerImpl.java:setRole(171)) - 6f5cd177-0d50-44f5-9dda-f28331356997:group-E8FD25B966C5 changes role from null to FOLLOWER at term 0 for startAsFollower
2019-09-20 08:30:29,735 [pool-71-thread-1] INFO  impl.RoleInfo (RoleInfo.java:updateAndGet(143)) - 6f5cd177-0d50-44f5-9dda-f28331356997: start FollowerState
2019-09-20 08:30:29,735 [pool-71-thread-1] INFO  util.JmxRegister (JmxRegister.java:tryRegister(44)) - Successfully registered JMX Bean with object name Ratis:service=RaftServer,group=group-E8FD25B966C5,id=6f5cd177-0d50-44f5-9dda-f28331356997
2019-09-20 08:30:29,741 [RatisPipelineUtilsThread] INFO  pipeline.PipelineStateManager (PipelineStateManager.java:addPipeline(56)) - Created pipeline Pipeline[ Id: 920b1e54-d359-4e52-b530-e8fd25b966c5, Nodes: 6f5cd177-0d50-44f5-9dda-f28331356997{ip: 192.168.34.27, host: pr-hdds-1569-6tbh6-3362816358, networkLocation: /default-rack, certSerialId: null}, Type:RATIS, Factor:ONE, State:OPEN]
2019-09-20 08:30:29,743 [RatisPipelineUtilsThread] INFO  pipeline.PipelinePlacementPolicy (PipelinePlacementPolicy.java:meetCriteria(91)) - Pipeline Placement: Doesn't meet the criteria to be viable node： 6f5cd177-0d50-44f5-9dda-f28331356997 Heaviness: 6 limit: 5
2019-09-20 08:30:29,743 [RatisPipelineUtilsThread] INFO  pipeline.PipelinePlacementPolicy (PipelinePlacementPolicy.java:meetCriteria(91)) - Pipeline Placement: Doesn't meet the criteria to be viable node： e1a187e5-d89a-47f2-b2bd-c6db4da75c05 Heaviness: 6 limit: 5
2019-09-20 08:30:29,744 [RatisPipelineUtilsThread] INFO  pipeline.PipelinePlacementPolicy (PipelinePlacementPolicy.java:meetCriteria(91)) - Pipeline Placement: Doesn't meet the criteria to be viable node： 4e3bae72-6dec-40bd-99be-7c75f0b44aae Heaviness: 6 limit: 5
2019-09-20 08:30:29,744 [RatisPipelineUtilsThread] INFO  pipeline.PipelinePlacementPolicy (PipelinePlacementPolicy.java:meetCriteria(91)) - Pipeline Placement: Doesn't meet the criteria to be viable node： c8a425d5-130a-4202-9db9-9fe847e02d96 Heaviness: 6 limit: 5
2019-09-20 08:30:29,744 [RatisPipelineUtilsThread] INFO  pipeline.PipelinePlacementPolicy (PipelinePlacementPolicy.java:meetCriteria(91)) - Pipeline Placement: Doesn't meet the criteria to be viable node： d2c36bd8-bad5-464c-8c6b-b124cc016412 Heaviness: 6 limit: 5
2019-09-20 08:30:29,744 [RatisPipelineUtilsThread] ERROR pipeline.PipelinePlacementPolicy (PipelinePlacementPolicy.java:filterViableNodes(148)) - Unable to find enough nodes that meet the criteria that cannot engage in more than 5 pipelines. Nodes required: 1 Found: 0, healthy nodes count inNodeManager: 5.
2019-09-20 08:30:29,746 [RatisPipelineUtilsThread] ERROR pipeline.SCMPipelineManager (SCMPipelineManager.java:createPipeline(161)) - Pipeline creation failed due to exception: Unable to find enough nodes that meet the criteria that cannot engage in more than 5 pipelines. Nodes required: 1 Found: 0, healthy nodes count inNodeManager: 5.
2019-09-20 08:30:29,746 [RatisPipelineUtilsThread] INFO  pipeline.PipelinePlacementPolicy (PipelinePlacementPolicy.java:meetCriteria(91)) - Pipeline Placement: Doesn't meet the criteria to be viable node： 6f5cd177-0d50-44f5-9dda-f28331356997 Heaviness: 6 limit: 5
2019-09-20 08:30:29,746 [RatisPipelineUtilsThread] INFO  pipeline.PipelinePlacementPolicy (PipelinePlacementPolicy.java:meetCriteria(91)) - Pipeline Placement: Doesn't meet the criteria to be viable node： e1a187e5-d89a-47f2-b2bd-c6db4da75c05 Heaviness: 6 limit: 5
2019-09-20 08:30:29,746 [RatisPipelineUtilsThread] INFO  pipeline.PipelinePlacementPolicy (PipelinePlacementPolicy.java:meetCriteria(91)) - Pipeline Placement: Doesn't meet the criteria to be viable node： 4e3bae72-6dec-40bd-99be-7c75f0b44aae Heaviness: 6 limit: 5
2019-09-20 08:30:29,746 [RatisPipelineUtilsThread] INFO  pipeline.PipelinePlacementPolicy (PipelinePlacementPolicy.java:meetCriteria(91)) - Pipeline Placement: Doesn't meet the criteria to be viable node： c8a425d5-130a-4202-9db9-9fe847e02d96 Heaviness: 6 limit: 5
2019-09-20 08:30:29,747 [RatisPipelineUtilsThread] INFO  pipeline.PipelinePlacementPolicy (PipelinePlacementPolicy.java:meetCriteria(91)) - Pipeline Placement: Doesn't meet the criteria to be viable node： d2c36bd8-bad5-464c-8c6b-b124cc016412 Heaviness: 6 limit: 5
2019-09-20 08:30:29,747 [RatisPipelineUtilsThread] ERROR pipeline.PipelinePlacementPolicy (PipelinePlacementPolicy.java:filterViableNodes(148)) - Unable to find enough nodes that meet the criteria that cannot engage in more than 5 pipelines. Nodes required: 3 Found: 0, healthy nodes count inNodeManager: 5.
2019-09-20 08:30:29,747 [RatisPipelineUtilsThread] ERROR pipeline.SCMPipelineManager (SCMPipelineManager.java:createPipeline(161)) - Pipeline creation failed due to exception: Unable to find enough nodes that meet the criteria that cannot engage in more than 5 pipelines. Nodes required: 3 Found: 0, healthy nodes count inNodeManager: 5.
2019-09-20 08:30:29,749 [RatisPipelineUtilsThread] INFO  pipeline.PipelinePlacementPolicy (PipelinePlacementPolicy.java:meetCriteria(91)) - Pipeline Placement: Doesn't meet the criteria to be viable node： 6f5cd177-0d50-44f5-9dda-f28331356997 Heaviness: 6 limit: 5
2019-09-20 08:30:29,749 [RatisPipelineUtilsThread] INFO  pipeline.PipelinePlacementPolicy (PipelinePlacementPolicy.java:meetCriteria(91)) - Pipeline Placement: Doesn't meet the criteria to be viable node： e1a187e5-d89a-47f2-b2bd-c6db4da75c05 Heaviness: 6 limit: 5
2019-09-20 08:30:29,750 [RatisPipelineUtilsThread] INFO  pipeline.PipelinePlacementPolicy (PipelinePlacementPolicy.java:meetCriteria(91)) - Pipeline Placement: Doesn't meet the criteria to be viable node： 4e3bae72-6dec-40bd-99be-7c75f0b44aae Heaviness: 6 limit: 5
2019-09-20 08:30:29,750 [RatisPipelineUtilsThread] INFO  pipeline.PipelinePlacementPolicy (PipelinePlacementPolicy.java:meetCriteria(91)) - Pipeline Placement: Doesn't meet the criteria to be viable node： c8a425d5-130a-4202-9db9-9fe847e02d96 Heaviness: 6 limit: 5
2019-09-20 08:30:29,750 [RatisPipelineUtilsThread] INFO  pipeline.PipelinePlacementPolicy (PipelinePlacementPolicy.java:meetCriteria(91)) - Pipeline Placement: Doesn't meet the criteria to be viable node： d2c36bd8-bad5-464c-8c6b-b124cc016412 Heaviness: 6 limit: 5
2019-09-20 08:30:29,750 [RatisPipelineUtilsThread] ERROR pipeline.PipelinePlacementPolicy (PipelinePlacementPolicy.java:filterViableNodes(148)) - Unable to find enough nodes that meet the criteria that cannot engage in more than 5 pipelines. Nodes required: 1 Found: 0, healthy nodes count inNodeManager: 5.
2019-09-20 08:30:29,750 [RatisPipelineUtilsThread] ERROR pipeline.SCMPipelineManager (SCMPipelineManager.java:createPipeline(161)) - Pipeline creation failed due to exception: Unable to find enough nodes that meet the criteria that cannot engage in more than 5 pipelines. Nodes required: 1 Found: 0, healthy nodes count inNodeManager: 5.
2019-09-20 08:30:29,751 [RatisPipelineUtilsThread] INFO  pipeline.PipelinePlacementPolicy (PipelinePlacementPolicy.java:meetCriteria(91)) - Pipeline Placement: Doesn't meet the criteria to be viable node： 6f5cd177-0d50-44f5-9dda-f28331356997 Heaviness: 6 limit: 5
2019-09-20 08:30:29,751 [RatisPipelineUtilsThread] INFO  pipeline.PipelinePlacementPolicy (PipelinePlacementPolicy.java:meetCriteria(91)) - Pipeline Placement: Doesn't meet the criteria to be viable node： e1a187e5-d89a-47f2-b2bd-c6db4da75c05 Heaviness: 6 limit: 5
2019-09-20 08:30:29,751 [RatisPipelineUtilsThread] INFO  pipeline.PipelinePlacementPolicy (PipelinePlacementPolicy.java:meetCriteria(91)) - Pipeline Placement: Doesn't meet the criteria to be viable node： 4e3bae72-6dec-40bd-99be-7c75f0b44aae Heaviness: 6 limit: 5
2019-09-20 08:30:29,751 [RatisPipelineUtilsThread] INFO  pipeline.PipelinePlacementPolicy (PipelinePlacementPolicy.java:meetCriteria(91)) - Pipeline Placement: Doesn't meet the criteria to be viable node： c8a425d5-130a-4202-9db9-9fe847e02d96 Heaviness: 6 limit: 5
2019-09-20 08:30:29,751 [RatisPipelineUtilsThread] INFO  pipeline.PipelinePlacementPolicy (PipelinePlacementPolicy.java:meetCriteria(91)) - Pipeline Placement: Doesn't meet the criteria to be viable node： d2c36bd8-bad5-464c-8c6b-b124cc016412 Heaviness: 6 limit: 5
2019-09-20 08:30:29,751 [RatisPipelineUtilsThread] ERROR pipeline.PipelinePlacementPolicy (PipelinePlacementPolicy.java:filterViableNodes(148)) - Unable to find enough nodes that meet the criteria that cannot engage in more than 5 pipelines. Nodes required: 3 Found: 0, healthy nodes count inNodeManager: 5.
2019-09-20 08:30:29,751 [RatisPipelineUtilsThread] ERROR pipeline.SCMPipelineManager (SCMPipelineManager.java:createPipeline(161)) - Pipeline creation failed due to exception: Unable to find enough nodes that meet the criteria that cannot engage in more than 5 pipelines. Nodes required: 3 Found: 0, healthy nodes count inNodeManager: 5.
2019-09-20 08:30:29,752 [IPC Server handler 0 on 40811] INFO  pipeline.PipelinePlacementPolicy (PipelinePlacementPolicy.java:meetCriteria(91)) - Pipeline Placement: Doesn't meet the criteria to be viable node： 6f5cd177-0d50-44f5-9dda-f28331356997 Heaviness: 6 limit: 5
2019-09-20 08:30:29,752 [IPC Server handler 0 on 40811] INFO  pipeline.PipelinePlacementPolicy (PipelinePlacementPolicy.java:meetCriteria(91)) - Pipeline Placement: Doesn't meet the criteria to be viable node： e1a187e5-d89a-47f2-b2bd-c6db4da75c05 Heaviness: 6 limit: 5
2019-09-20 08:30:29,752 [IPC Server handler 0 on 40811] INFO  pipeline.PipelinePlacementPolicy (PipelinePlacementPolicy.java:meetCriteria(91)) - Pipeline Placement: Doesn't meet the criteria to be viable node： 4e3bae72-6dec-40bd-99be-7c75f0b44aae Heaviness: 6 limit: 5
2019-09-20 08:30:29,753 [IPC Server handler 0 on 40811] INFO  pipeline.PipelinePlacementPolicy (PipelinePlacementPolicy.java:meetCriteria(91)) - Pipeline Placement: Doesn't meet the criteria to be viable node： c8a425d5-130a-4202-9db9-9fe847e02d96 Heaviness: 6 limit: 5
2019-09-20 08:30:29,753 [IPC Server handler 0 on 40811] INFO  pipeline.PipelinePlacementPolicy (PipelinePlacementPolicy.java:meetCriteria(91)) - Pipeline Placement: Doesn't meet the criteria to be viable node： d2c36bd8-bad5-464c-8c6b-b124cc016412 Heaviness: 6 limit: 5
2019-09-20 08:30:29,753 [IPC Server handler 0 on 40811] ERROR pipeline.PipelinePlacementPolicy (PipelinePlacementPolicy.java:filterViableNodes(148)) - Unable to find enough nodes that meet the criteria that cannot engage in more than 5 pipelines. Nodes required: 3 Found: 0, healthy nodes count inNodeManager: 5.
2019-09-20 08:30:29,753 [IPC Server handler 0 on 40811] ERROR pipeline.SCMPipelineManager (SCMPipelineManager.java:createPipeline(161)) - Pipeline creation failed due to exception: Unable to find enough nodes that meet the criteria that cannot engage in more than 5 pipelines. Nodes required: 3 Found: 0, healthy nodes count inNodeManager: 5.
2019-09-20 08:30:29,755 [IPC Server handler 0 on 40811] WARN  block.BlockManagerImpl (BlockManagerImpl.java:allocateBlock(192)) - Pipeline creation failed for type:RATIS factor:THREE. Retrying get pipelines call once.
org.apache.hadoop.hdds.scm.exceptions.SCMException: Unable to find enough nodes that meet the criteria that cannot engage in more than 5 pipelines. Nodes required: 3 Found: 0, healthy nodes count inNodeManager: 5.
	at org.apache.hadoop.hdds.scm.pipeline.PipelinePlacementPolicy.filterViableNodes(PipelinePlacementPolicy.java:149)
	at org.apache.hadoop.hdds.scm.pipeline.PipelinePlacementPolicy.chooseDatanodes(PipelinePlacementPolicy.java:172)
	at org.apache.hadoop.hdds.scm.pipeline.RatisPipelineProvider.create(RatisPipelineProvider.java:92)
	at org.apache.hadoop.hdds.scm.pipeline.PipelineFactory.create(PipelineFactory.java:57)
	at org.apache.hadoop.hdds.scm.pipeline.SCMPipelineManager.createPipeline(SCMPipelineManager.java:149)
	at org.apache.hadoop.hdds.scm.block.BlockManagerImpl.allocateBlock(BlockManagerImpl.java:190)
	at org.apache.hadoop.hdds.scm.server.SCMBlockProtocolServer.allocateBlock(SCMBlockProtocolServer.java:175)
	at org.apache.hadoop.ozone.protocolPB.ScmBlockLocationProtocolServerSideTranslatorPB.allocateScmBlock(ScmBlockLocationProtocolServerSideTranslatorPB.java:153)
	at org.apache.hadoop.ozone.protocolPB.ScmBlockLocationProtocolServerSideTranslatorPB.send(ScmBlockLocationProtocolServerSideTranslatorPB.java:112)
	at org.apache.hadoop.hdds.protocol.proto.ScmBlockLocationProtocolProtos$ScmBlockLocationProtocolService$2.callBlockingMethod(ScmBlockLocationProtocolProtos.java:13157)
	at org.apache.hadoop.ipc.ProtobufRpcEngine$Server$ProtoBufRpcInvoker.call(ProtobufRpcEngine.java:524)
	at org.apache.hadoop.ipc.RPC$Server.call(RPC.java:1025)
	at org.apache.hadoop.ipc.Server$RpcCall.run(Server.java:876)
	at org.apache.hadoop.ipc.Server$RpcCall.run(Server.java:822)
	at java.security.AccessController.doPrivileged(Native Method)
	at javax.security.auth.Subject.doAs(Subject.java:422)
	at org.apache.hadoop.security.UserGroupInformation.doAs(UserGroupInformation.java:1730)
	at org.apache.hadoop.ipc.Server$Handler.run(Server.java:2682)
2019-09-20 08:30:29,757 [IPC Server handler 0 on 40811] INFO  block.BlockManagerImpl (BlockManagerImpl.java:allocateBlock(198)) - Could not find available pipeline of type:RATIS and factor:THREE even after retrying
2019-09-20 08:30:29,757 [IPC Server handler 0 on 40811] ERROR block.BlockManagerImpl (BlockManagerImpl.java:allocateBlock(222)) - Unable to allocate a block for the size: 4194304, type: RATIS, factor: THREE
2019-09-20 08:30:29,758 [IPC Server handler 0 on 40811] INFO  pipeline.PipelinePlacementPolicy (PipelinePlacementPolicy.java:meetCriteria(91)) - Pipeline Placement: Doesn't meet the criteria to be viable node： 6f5cd177-0d50-44f5-9dda-f28331356997 Heaviness: 6 limit: 5
2019-09-20 08:30:29,758 [IPC Server handler 0 on 40811] INFO  pipeline.PipelinePlacementPolicy (PipelinePlacementPolicy.java:meetCriteria(91)) - Pipeline Placement: Doesn't meet the criteria to be viable node： e1a187e5-d89a-47f2-b2bd-c6db4da75c05 Heaviness: 6 limit: 5
2019-09-20 08:30:29,758 [IPC Server handler 0 on 40811] INFO  pipeline.PipelinePlacementPolicy (PipelinePlacementPolicy.java:meetCriteria(91)) - Pipeline Placement: Doesn't meet the criteria to be viable node： 4e3bae72-6dec-40bd-99be-7c75f0b44aae Heaviness: 6 limit: 5
2019-09-20 08:30:29,759 [IPC Server handler 0 on 40811] INFO  pipeline.PipelinePlacementPolicy (PipelinePlacementPolicy.java:meetCriteria(91)) - Pipeline Placement: Doesn't meet the criteria to be viable node： c8a425d5-130a-4202-9db9-9fe847e02d96 Heaviness: 6 limit: 5
2019-09-20 08:30:29,759 [IPC Server handler 0 on 40811] INFO  pipeline.PipelinePlacementPolicy (PipelinePlacementPolicy.java:meetCriteria(91)) - Pipeline Placement: Doesn't meet the criteria to be viable node： d2c36bd8-bad5-464c-8c6b-b124cc016412 Heaviness: 6 limit: 5
2019-09-20 08:30:29,759 [IPC Server handler 0 on 40811] ERROR pipeline.PipelinePlacementPolicy (PipelinePlacementPolicy.java:filterViableNodes(148)) - Unable to find enough nodes that meet the criteria that cannot engage in more than 5 pipelines. Nodes required: 3 Found: 0, healthy nodes count inNodeManager: 5.
2019-09-20 08:30:29,759 [IPC Server handler 0 on 40811] ERROR pipeline.SCMPipelineManager (SCMPipelineManager.java:createPipeline(161)) - Pipeline creation failed due to exception: Unable to find enough nodes that meet the criteria that cannot engage in more than 5 pipelines. Nodes required: 3 Found: 0, healthy nodes count inNodeManager: 5.
2019-09-20 08:30:29,759 [IPC Server handler 0 on 40811] WARN  block.BlockManagerImpl (BlockManagerImpl.java:allocateBlock(192)) - Pipeline creation failed for type:RATIS factor:THREE. Retrying get pipelines call once.
org.apache.hadoop.hdds.scm.exceptions.SCMException: Unable to find enough nodes that meet the criteria that cannot engage in more than 5 pipelines. Nodes required: 3 Found: 0, healthy nodes count inNodeManager: 5.
	at org.apache.hadoop.hdds.scm.pipeline.PipelinePlacementPolicy.filterViableNodes(PipelinePlacementPolicy.java:149)
	at org.apache.hadoop.hdds.scm.pipeline.PipelinePlacementPolicy.chooseDatanodes(PipelinePlacementPolicy.java:172)
	at org.apache.hadoop.hdds.scm.pipeline.RatisPipelineProvider.create(RatisPipelineProvider.java:92)
	at org.apache.hadoop.hdds.scm.pipeline.PipelineFactory.create(PipelineFactory.java:57)
	at org.apache.hadoop.hdds.scm.pipeline.SCMPipelineManager.createPipeline(SCMPipelineManager.java:149)
	at org.apache.hadoop.hdds.scm.block.BlockManagerImpl.allocateBlock(BlockManagerImpl.java:190)
	at org.apache.hadoop.hdds.scm.server.SCMBlockProtocolServer.allocateBlock(SCMBlockProtocolServer.java:175)
	at org.apache.hadoop.ozone.protocolPB.ScmBlockLocationProtocolServerSideTranslatorPB.allocateScmBlock(ScmBlockLocationProtocolServerSideTranslatorPB.java:153)
	at org.apache.hadoop.ozone.protocolPB.ScmBlockLocationProtocolServerSideTranslatorPB.send(ScmBlockLocationProtocolServerSideTranslatorPB.java:112)
	at org.apache.hadoop.hdds.protocol.proto.ScmBlockLocationProtocolProtos$ScmBlockLocationProtocolService$2.callBlockingMethod(ScmBlockLocationProtocolProtos.java:13157)
	at org.apache.hadoop.ipc.ProtobufRpcEngine$Server$ProtoBufRpcInvoker.call(ProtobufRpcEngine.java:524)
	at org.apache.hadoop.ipc.RPC$Server.call(RPC.java:1025)
	at org.apache.hadoop.ipc.Server$RpcCall.run(Server.java:876)
	at org.apache.hadoop.ipc.Server$RpcCall.run(Server.java:822)
	at java.security.AccessController.doPrivileged(Native Method)
	at javax.security.auth.Subject.doAs(Subject.java:422)
	at org.apache.hadoop.security.UserGroupInformation.doAs(UserGroupInformation.java:1730)
	at org.apache.hadoop.ipc.Server$Handler.run(Server.java:2682)
2019-09-20 08:30:29,760 [IPC Server handler 0 on 40811] INFO  block.BlockManagerImpl (BlockManagerImpl.java:allocateBlock(198)) - Could not find available pipeline of type:RATIS and factor:THREE even after retrying
2019-09-20 08:30:29,760 [IPC Server handler 0 on 40811] ERROR block.BlockManagerImpl (BlockManagerImpl.java:allocateBlock(222)) - Unable to allocate a block for the size: 4194304, type: RATIS, factor: THREE
2019-09-20 08:30:29,761 [IPC Server handler 0 on 40811] INFO  pipeline.PipelinePlacementPolicy (PipelinePlacementPolicy.java:meetCriteria(91)) - Pipeline Placement: Doesn't meet the criteria to be viable node： 6f5cd177-0d50-44f5-9dda-f28331356997 Heaviness: 6 limit: 5
2019-09-20 08:30:29,761 [IPC Server handler 0 on 40811] INFO  pipeline.PipelinePlacementPolicy (PipelinePlacementPolicy.java:meetCriteria(91)) - Pipeline Placement: Doesn't meet the criteria to be viable node： e1a187e5-d89a-47f2-b2bd-c6db4da75c05 Heaviness: 6 limit: 5
2019-09-20 08:30:29,761 [IPC Server handler 0 on 40811] INFO  pipeline.PipelinePlacementPolicy (PipelinePlacementPolicy.java:meetCriteria(91)) - Pipeline Placement: Doesn't meet the criteria to be viable node： 4e3bae72-6dec-40bd-99be-7c75f0b44aae Heaviness: 6 limit: 5
2019-09-20 08:30:29,762 [IPC Server handler 0 on 40811] INFO  pipeline.PipelinePlacementPolicy (PipelinePlacementPolicy.java:meetCriteria(91)) - Pipeline Placement: Doesn't meet the criteria to be viable node： c8a425d5-130a-4202-9db9-9fe847e02d96 Heaviness: 6 limit: 5
2019-09-20 08:30:29,762 [IPC Server handler 0 on 40811] INFO  pipeline.PipelinePlacementPolicy (PipelinePlacementPolicy.java:meetCriteria(91)) - Pipeline Placement: Doesn't meet the criteria to be viable node： d2c36bd8-bad5-464c-8c6b-b124cc016412 Heaviness: 6 limit: 5
2019-09-20 08:30:29,762 [IPC Server handler 0 on 40811] ERROR pipeline.PipelinePlacementPolicy (PipelinePlacementPolicy.java:filterViableNodes(148)) - Unable to find enough nodes that meet the criteria that cannot engage in more than 5 pipelines. Nodes required: 3 Found: 0, healthy nodes count inNodeManager: 5.
2019-09-20 08:30:29,762 [IPC Server handler 0 on 40811] ERROR pipeline.SCMPipelineManager (SCMPipelineManager.java:createPipeline(161)) - Pipeline creation failed due to exception: Unable to find enough nodes that meet the criteria that cannot engage in more than 5 pipelines. Nodes required: 3 Found: 0, healthy nodes count inNodeManager: 5.
2019-09-20 08:30:29,762 [IPC Server handler 0 on 40811] WARN  block.BlockManagerImpl (BlockManagerImpl.java:allocateBlock(192)) - Pipeline creation failed for type:RATIS factor:THREE. Retrying get pipelines call once.
org.apache.hadoop.hdds.scm.exceptions.SCMException: Unable to find enough nodes that meet the criteria that cannot engage in more than 5 pipelines. Nodes required: 3 Found: 0, healthy nodes count inNodeManager: 5.
	at org.apache.hadoop.hdds.scm.pipeline.PipelinePlacementPolicy.filterViableNodes(PipelinePlacementPolicy.java:149)
	at org.apache.hadoop.hdds.scm.pipeline.PipelinePlacementPolicy.chooseDatanodes(PipelinePlacementPolicy.java:172)
	at org.apache.hadoop.hdds.scm.pipeline.RatisPipelineProvider.create(RatisPipelineProvider.java:92)
	at org.apache.hadoop.hdds.scm.pipeline.PipelineFactory.create(PipelineFactory.java:57)
	at org.apache.hadoop.hdds.scm.pipeline.SCMPipelineManager.createPipeline(SCMPipelineManager.java:149)
	at org.apache.hadoop.hdds.scm.block.BlockManagerImpl.allocateBlock(BlockManagerImpl.java:190)
	at org.apache.hadoop.hdds.scm.server.SCMBlockProtocolServer.allocateBlock(SCMBlockProtocolServer.java:175)
	at org.apache.hadoop.ozone.protocolPB.ScmBlockLocationProtocolServerSideTranslatorPB.allocateScmBlock(ScmBlockLocationProtocolServerSideTranslatorPB.java:153)
	at org.apache.hadoop.ozone.protocolPB.ScmBlockLocationProtocolServerSideTranslatorPB.send(ScmBlockLocationProtocolServerSideTranslatorPB.java:112)
	at org.apache.hadoop.hdds.protocol.proto.ScmBlockLocationProtocolProtos$ScmBlockLocationProtocolService$2.callBlockingMethod(ScmBlockLocationProtocolProtos.java:13157)
	at org.apache.hadoop.ipc.ProtobufRpcEngine$Server$ProtoBufRpcInvoker.call(ProtobufRpcEngine.java:524)
	at org.apache.hadoop.ipc.RPC$Server.call(RPC.java:1025)
	at org.apache.hadoop.ipc.Server$RpcCall.run(Server.java:876)
	at org.apache.hadoop.ipc.Server$RpcCall.run(Server.java:822)
	at java.security.AccessController.doPrivileged(Native Method)
	at javax.security.auth.Subject.doAs(Subject.java:422)
	at org.apache.hadoop.security.UserGroupInformation.doAs(UserGroupInformation.java:1730)
	at org.apache.hadoop.ipc.Server$Handler.run(Server.java:2682)
2019-09-20 08:30:29,763 [IPC Server handler 0 on 40811] INFO  block.BlockManagerImpl (BlockManagerImpl.java:allocateBlock(198)) - Could not find available pipeline of type:RATIS and factor:THREE even after retrying
2019-09-20 08:30:29,763 [IPC Server handler 0 on 40811] ERROR block.BlockManagerImpl (BlockManagerImpl.java:allocateBlock(222)) - Unable to allocate a block for the size: 4194304, type: RATIS, factor: THREE
2019-09-20 08:30:29,764 [IPC Server handler 0 on 40811] INFO  pipeline.PipelinePlacementPolicy (PipelinePlacementPolicy.java:meetCriteria(91)) - Pipeline Placement: Doesn't meet the criteria to be viable node： 6f5cd177-0d50-44f5-9dda-f28331356997 Heaviness: 6 limit: 5
2019-09-20 08:30:29,764 [IPC Server handler 0 on 40811] INFO  pipeline.PipelinePlacementPolicy (PipelinePlacementPolicy.java:meetCriteria(91)) - Pipeline Placement: Doesn't meet the criteria to be viable node： e1a187e5-d89a-47f2-b2bd-c6db4da75c05 Heaviness: 6 limit: 5
2019-09-20 08:30:29,764 [IPC Server handler 0 on 40811] INFO  pipeline.PipelinePlacementPolicy (PipelinePlacementPolicy.java:meetCriteria(91)) - Pipeline Placement: Doesn't meet the criteria to be viable node： 4e3bae72-6dec-40bd-99be-7c75f0b44aae Heaviness: 6 limit: 5
2019-09-20 08:30:29,764 [IPC Server handler 0 on 40811] INFO  pipeline.PipelinePlacementPolicy (PipelinePlacementPolicy.java:meetCriteria(91)) - Pipeline Placement: Doesn't meet the criteria to be viable node： c8a425d5-130a-4202-9db9-9fe847e02d96 Heaviness: 6 limit: 5
2019-09-20 08:30:29,765 [IPC Server handler 0 on 40811] INFO  pipeline.PipelinePlacementPolicy (PipelinePlacementPolicy.java:meetCriteria(91)) - Pipeline Placement: Doesn't meet the criteria to be viable node： d2c36bd8-bad5-464c-8c6b-b124cc016412 Heaviness: 6 limit: 5
2019-09-20 08:30:29,765 [IPC Server handler 0 on 40811] ERROR pipeline.PipelinePlacementPolicy (PipelinePlacementPolicy.java:filterViableNodes(148)) - Unable to find enough nodes that meet the criteria that cannot engage in more than 5 pipelines. Nodes required: 3 Found: 0, healthy nodes count inNodeManager: 5.
2019-09-20 08:30:29,765 [IPC Server handler 0 on 40811] ERROR pipeline.SCMPipelineManager (SCMPipelineManager.java:createPipeline(161)) - Pipeline creation failed due to exception: Unable to find enough nodes that meet the criteria that cannot engage in more than 5 pipelines. Nodes required: 3 Found: 0, healthy nodes count inNodeManager: 5.
2019-09-20 08:30:29,765 [IPC Server handler 0 on 40811] WARN  block.BlockManagerImpl (BlockManagerImpl.java:allocateBlock(192)) - Pipeline creation failed for type:RATIS factor:THREE. Retrying get pipelines call once.
org.apache.hadoop.hdds.scm.exceptions.SCMException: Unable to find enough nodes that meet the criteria that cannot engage in more than 5 pipelines. Nodes required: 3 Found: 0, healthy nodes count inNodeManager: 5.
	at org.apache.hadoop.hdds.scm.pipeline.PipelinePlacementPolicy.filterViableNodes(PipelinePlacementPolicy.java:149)
	at org.apache.hadoop.hdds.scm.pipeline.PipelinePlacementPolicy.chooseDatanodes(PipelinePlacementPolicy.java:172)
	at org.apache.hadoop.hdds.scm.pipeline.RatisPipelineProvider.create(RatisPipelineProvider.java:92)
	at org.apache.hadoop.hdds.scm.pipeline.PipelineFactory.create(PipelineFactory.java:57)
	at org.apache.hadoop.hdds.scm.pipeline.SCMPipelineManager.createPipeline(SCMPipelineManager.java:149)
	at org.apache.hadoop.hdds.scm.block.BlockManagerImpl.allocateBlock(BlockManagerImpl.java:190)
	at org.apache.hadoop.hdds.scm.server.SCMBlockProtocolServer.allocateBlock(SCMBlockProtocolServer.java:175)
	at org.apache.hadoop.ozone.protocolPB.ScmBlockLocationProtocolServerSideTranslatorPB.allocateScmBlock(ScmBlockLocationProtocolServerSideTranslatorPB.java:153)
	at org.apache.hadoop.ozone.protocolPB.ScmBlockLocationProtocolServerSideTranslatorPB.send(ScmBlockLocationProtocolServerSideTranslatorPB.java:112)
	at org.apache.hadoop.hdds.protocol.proto.ScmBlockLocationProtocolProtos$ScmBlockLocationProtocolService$2.callBlockingMethod(ScmBlockLocationProtocolProtos.java:13157)
	at org.apache.hadoop.ipc.ProtobufRpcEngine$Server$ProtoBufRpcInvoker.call(ProtobufRpcEngine.java:524)
	at org.apache.hadoop.ipc.RPC$Server.call(RPC.java:1025)
	at org.apache.hadoop.ipc.Server$RpcCall.run(Server.java:876)
	at org.apache.hadoop.ipc.Server$RpcCall.run(Server.java:822)
	at java.security.AccessController.doPrivileged(Native Method)
	at javax.security.auth.Subject.doAs(Subject.java:422)
	at org.apache.hadoop.security.UserGroupInformation.doAs(UserGroupInformation.java:1730)
	at org.apache.hadoop.ipc.Server$Handler.run(Server.java:2682)
2019-09-20 08:30:29,766 [IPC Server handler 0 on 40811] INFO  block.BlockManagerImpl (BlockManagerImpl.java:allocateBlock(198)) - Could not find available pipeline of type:RATIS and factor:THREE even after retrying
2019-09-20 08:30:29,766 [IPC Server handler 0 on 40811] ERROR block.BlockManagerImpl (BlockManagerImpl.java:allocateBlock(222)) - Unable to allocate a block for the size: 4194304, type: RATIS, factor: THREE
2019-09-20 08:30:29,767 [IPC Server handler 0 on 40811] INFO  pipeline.PipelinePlacementPolicy (PipelinePlacementPolicy.java:meetCriteria(91)) - Pipeline Placement: Doesn't meet the criteria to be viable node： 6f5cd177-0d50-44f5-9dda-f28331356997 Heaviness: 6 limit: 5
2019-09-20 08:30:29,767 [IPC Server handler 0 on 40811] INFO  pipeline.PipelinePlacementPolicy (PipelinePlacementPolicy.java:meetCriteria(91)) - Pipeline Placement: Doesn't meet the criteria to be viable node： e1a187e5-d89a-47f2-b2bd-c6db4da75c05 Heaviness: 6 limit: 5
2019-09-20 08:30:29,767 [IPC Server handler 0 on 40811] INFO  pipeline.PipelinePlacementPolicy (PipelinePlacementPolicy.java:meetCriteria(91)) - Pipeline Placement: Doesn't meet the criteria to be viable node： 4e3bae72-6dec-40bd-99be-7c75f0b44aae Heaviness: 6 limit: 5
2019-09-20 08:30:29,767 [IPC Server handler 0 on 40811] INFO  pipeline.PipelinePlacementPolicy (PipelinePlacementPolicy.java:meetCriteria(91)) - Pipeline Placement: Doesn't meet the criteria to be viable node： c8a425d5-130a-4202-9db9-9fe847e02d96 Heaviness: 6 limit: 5
2019-09-20 08:30:29,768 [IPC Server handler 0 on 40811] INFO  pipeline.PipelinePlacementPolicy (PipelinePlacementPolicy.java:meetCriteria(91)) - Pipeline Placement: Doesn't meet the criteria to be viable node： d2c36bd8-bad5-464c-8c6b-b124cc016412 Heaviness: 6 limit: 5
2019-09-20 08:30:29,768 [IPC Server handler 0 on 40811] ERROR pipeline.PipelinePlacementPolicy (PipelinePlacementPolicy.java:filterViableNodes(148)) - Unable to find enough nodes that meet the criteria that cannot engage in more than 5 pipelines. Nodes required: 3 Found: 0, healthy nodes count inNodeManager: 5.
2019-09-20 08:30:29,768 [IPC Server handler 0 on 40811] ERROR pipeline.SCMPipelineManager (SCMPipelineManager.java:createPipeline(161)) - Pipeline creation failed due to exception: Unable to find enough nodes that meet the criteria that cannot engage in more than 5 pipelines. Nodes required: 3 Found: 0, healthy nodes count inNodeManager: 5.
2019-09-20 08:30:29,768 [IPC Server handler 0 on 40811] WARN  block.BlockManagerImpl (BlockManagerImpl.java:allocateBlock(192)) - Pipeline creation failed for type:RATIS factor:THREE. Retrying get pipelines call once.
org.apache.hadoop.hdds.scm.exceptions.SCMException: Unable to find enough nodes that meet the criteria that cannot engage in more than 5 pipelines. Nodes required: 3 Found: 0, healthy nodes count inNodeManager: 5.
	at org.apache.hadoop.hdds.scm.pipeline.PipelinePlacementPolicy.filterViableNodes(PipelinePlacementPolicy.java:149)
	at org.apache.hadoop.hdds.scm.pipeline.PipelinePlacementPolicy.chooseDatanodes(PipelinePlacementPolicy.java:172)
	at org.apache.hadoop.hdds.scm.pipeline.RatisPipelineProvider.create(RatisPipelineProvider.java:92)
	at org.apache.hadoop.hdds.scm.pipeline.PipelineFactory.create(PipelineFactory.java:57)
	at org.apache.hadoop.hdds.scm.pipeline.SCMPipelineManager.createPipeline(SCMPipelineManager.java:149)
	at org.apache.hadoop.hdds.scm.block.BlockManagerImpl.allocateBlock(BlockManagerImpl.java:190)
	at org.apache.hadoop.hdds.scm.server.SCMBlockProtocolServer.allocateBlock(SCMBlockProtocolServer.java:175)
	at org.apache.hadoop.ozone.protocolPB.ScmBlockLocationProtocolServerSideTranslatorPB.allocateScmBlock(ScmBlockLocationProtocolServerSideTranslatorPB.java:153)
	at org.apache.hadoop.ozone.protocolPB.ScmBlockLocationProtocolServerSideTranslatorPB.send(ScmBlockLocationProtocolServerSideTranslatorPB.java:112)
	at org.apache.hadoop.hdds.protocol.proto.ScmBlockLocationProtocolProtos$ScmBlockLocationProtocolService$2.callBlockingMethod(ScmBlockLocationProtocolProtos.java:13157)
	at org.apache.hadoop.ipc.ProtobufRpcEngine$Server$ProtoBufRpcInvoker.call(ProtobufRpcEngine.java:524)
	at org.apache.hadoop.ipc.RPC$Server.call(RPC.java:1025)
	at org.apache.hadoop.ipc.Server$RpcCall.run(Server.java:876)
	at org.apache.hadoop.ipc.Server$RpcCall.run(Server.java:822)
	at java.security.AccessController.doPrivileged(Native Method)
	at javax.security.auth.Subject.doAs(Subject.java:422)
	at org.apache.hadoop.security.UserGroupInformation.doAs(UserGroupInformation.java:1730)
	at org.apache.hadoop.ipc.Server$Handler.run(Server.java:2682)
2019-09-20 08:30:29,769 [IPC Server handler 0 on 40811] INFO  block.BlockManagerImpl (BlockManagerImpl.java:allocateBlock(198)) - Could not find available pipeline of type:RATIS and factor:THREE even after retrying
2019-09-20 08:30:29,769 [IPC Server handler 0 on 40811] ERROR block.BlockManagerImpl (BlockManagerImpl.java:allocateBlock(222)) - Unable to allocate a block for the size: 4194304, type: RATIS, factor: THREE
2019-09-20 08:30:29,770 | INFO  | SCMAudit | user=jenkins1000 | ip=192.168.34.27 | op=ALLOCATE_BLOCK {owner=044cadaa-166f-43b5-b75d-9e5e9467b032, size=4194304, type=RATIS, factor=THREE} | ret=SUCCESS |  
2019-09-20 08:30:29,776 | ERROR | OMAudit | user=jenkins1000 | ip=127.0.0.1 | op=ALLOCATE_KEY {volume=vol-0-51601, bucket=bucket-0-82911, key=key-0-41322, dataSize=20971520, replicationType=RATIS, replicationFactor=THREE, keyLocationInfo=null} | ret=FAILURE | org.apache.hadoop.hdds.scm.exceptions.SCMException: Allocated 0 blocks. Requested 5 blocks
	at org.apache.hadoop.hdds.scm.protocolPB.ScmBlockLocationProtocolClientSideTranslatorPB.handleError(ScmBlockLocationProtocolClientSideTranslatorPB.java:118)
	at org.apache.hadoop.hdds.scm.protocolPB.ScmBlockLocationProtocolClientSideTranslatorPB.allocateBlock(ScmBlockLocationProtocolClientSideTranslatorPB.java:156) 
2019-09-20 08:30:29,779 [pool-78-thread-4] ERROR freon.RandomKeyGenerator (RandomKeyGenerator.java:createKey(724)) - Exception while adding key: key-0-41322 in bucket: bucket-0-82911 of volume: vol-0-51601.
INTERNAL_ERROR org.apache.hadoop.ozone.om.exceptions.OMException: Allocated 0 blocks. Requested 5 blocks
	at org.apache.hadoop.ozone.om.protocolPB.OzoneManagerProtocolClientSideTranslatorPB.handleError(OzoneManagerProtocolClientSideTranslatorPB.java:725)
	at org.apache.hadoop.ozone.om.protocolPB.OzoneManagerProtocolClientSideTranslatorPB.openKey(OzoneManagerProtocolClientSideTranslatorPB.java:716)
	at org.apache.hadoop.ozone.client.rpc.RpcClient.createKey(RpcClient.java:615)
	at org.apache.hadoop.ozone.client.OzoneBucket.createKey(OzoneBucket.java:323)
	at org.apache.hadoop.ozone.freon.RandomKeyGenerator.createKey(RandomKeyGenerator.java:686)
	at org.apache.hadoop.ozone.freon.RandomKeyGenerator.access$1100(RandomKeyGenerator.java:87)
	at org.apache.hadoop.ozone.freon.RandomKeyGenerator$ObjectCreator.run(RandomKeyGenerator.java:606)
	at java.util.concurrent.Executors$RunnableAdapter.call(Executors.java:511)
	at java.util.concurrent.FutureTask.run(FutureTask.java:266)
	at java.util.concurrent.ThreadPoolExecutor.runWorker(ThreadPoolExecutor.java:1149)
	at java.util.concurrent.ThreadPoolExecutor$Worker.run(ThreadPoolExecutor.java:624)
	at java.lang.Thread.run(Thread.java:748)
 0.00% |█                                                                                                    |  0/1 Time: 0:00:012019-09-20 08:30:29,940 | INFO  | SCMAudit | user=jenkins1000 | ip=192.168.34.27 | op=SEND_HEARTBEAT {datanodeUUID=4e3bae72-6dec-40bd-99be-7c75f0b44aae, command=[]} | ret=SUCCESS |  
2019-09-20 08:30:30,354 | INFO  | SCMAudit | user=jenkins1000 | ip=192.168.34.27 | op=SEND_HEARTBEAT {datanodeUUID=d2c36bd8-bad5-464c-8c6b-b124cc016412, command=[]} | ret=SUCCESS |  
2019-09-20 08:30:30,373 | INFO  | SCMAudit | user=jenkins1000 | ip=192.168.34.27 | op=SEND_HEARTBEAT {datanodeUUID=6f5cd177-0d50-44f5-9dda-f28331356997, command=[]} | ret=SUCCESS |  
2019-09-20 08:30:30,415 | INFO  | SCMAudit | user=jenkins1000 | ip=192.168.34.27 | op=SEND_HEARTBEAT {datanodeUUID=e1a187e5-d89a-47f2-b2bd-c6db4da75c05, command=[]} | ret=SUCCESS |  
2019-09-20 08:30:30,711 | INFO  | SCMAudit | user=jenkins1000 | ip=192.168.34.27 | op=SEND_HEARTBEAT {datanodeUUID=c8a425d5-130a-4202-9db9-9fe847e02d96, command=[]} | ret=SUCCESS |  
 0.00% |█                                                                                                    |  0/1 Time: 0:00:022019-09-20 08:30:30,941 | INFO  | SCMAudit | user=jenkins1000 | ip=192.168.34.27 | op=SEND_HEARTBEAT {datanodeUUID=4e3bae72-6dec-40bd-99be-7c75f0b44aae, command=[]} | ret=SUCCESS |  
2019-09-20 08:30:31,355 | INFO  | SCMAudit | user=jenkins1000 | ip=192.168.34.27 | op=SEND_HEARTBEAT {datanodeUUID=d2c36bd8-bad5-464c-8c6b-b124cc016412, command=[]} | ret=SUCCESS |  
2019-09-20 08:30:31,374 | INFO  | SCMAudit | user=jenkins1000 | ip=192.168.34.27 | op=SEND_HEARTBEAT {datanodeUUID=6f5cd177-0d50-44f5-9dda-f28331356997, command=[]} | ret=SUCCESS |  
2019-09-20 08:30:31,415 | INFO  | SCMAudit | user=jenkins1000 | ip=192.168.34.27 | op=SEND_HEARTBEAT {datanodeUUID=e1a187e5-d89a-47f2-b2bd-c6db4da75c05, command=[]} | ret=SUCCESS |  
2019-09-20 08:30:31,712 | INFO  | SCMAudit | user=jenkins1000 | ip=192.168.34.27 | op=SEND_HEARTBEAT {datanodeUUID=c8a425d5-130a-4202-9db9-9fe847e02d96, command=[]} | ret=SUCCESS |  
 0.00% |█                                                                                                    |  0/1 Time: 0:00:032019-09-20 08:30:31,941 | INFO  | SCMAudit | user=jenkins1000 | ip=192.168.34.27 | op=SEND_HEARTBEAT {datanodeUUID=4e3bae72-6dec-40bd-99be-7c75f0b44aae, command=[]} | ret=SUCCESS |  
2019-09-20 08:30:32,354 | INFO  | SCMAudit | user=jenkins1000 | ip=192.168.34.27 | op=SEND_HEARTBEAT {datanodeUUID=d2c36bd8-bad5-464c-8c6b-b124cc016412, command=[]} | ret=SUCCESS |  
2019-09-20 08:30:32,373 | INFO  | SCMAudit | user=jenkins1000 | ip=192.168.34.27 | op=SEND_HEARTBEAT {datanodeUUID=6f5cd177-0d50-44f5-9dda-f28331356997, command=[]} | ret=SUCCESS |  
2019-09-20 08:30:32,414 | INFO  | SCMAudit | user=jenkins1000 | ip=192.168.34.27 | op=SEND_HEARTBEAT {datanodeUUID=e1a187e5-d89a-47f2-b2bd-c6db4da75c05, command=[]} | ret=SUCCESS |  
2019-09-20 08:30:32,688 [Thread-209] INFO  impl.FollowerState (FollowerState.java:run(106)) - e1a187e5-d89a-47f2-b2bd-c6db4da75c05:group-8ECC33BB34B9 changes to CANDIDATE, lastRpcTime:5068, electionTimeout:5067ms
2019-09-20 08:30:32,688 [Thread-209] INFO  impl.RoleInfo (RoleInfo.java:shutdownFollowerState(121)) - e1a187e5-d89a-47f2-b2bd-c6db4da75c05: shutdown FollowerState
2019-09-20 08:30:32,688 [Thread-209] INFO  impl.RaftServerImpl (RaftServerImpl.java:setRole(171)) - e1a187e5-d89a-47f2-b2bd-c6db4da75c05:group-8ECC33BB34B9 changes role from FOLLOWER to CANDIDATE at term 0 for changeToCandidate
2019-09-20 08:30:32,695 [Thread-209] INFO  impl.RoleInfo (RoleInfo.java:updateAndGet(143)) - e1a187e5-d89a-47f2-b2bd-c6db4da75c05: start LeaderElection
2019-09-20 08:30:32,722 [e1a187e5-d89a-47f2-b2bd-c6db4da75c05:group-8ECC33BB34B9:LeaderElection1] INFO  impl.LeaderElection (LeaderElection.java:askForVotes(181)) - e1a187e5-d89a-47f2-b2bd-c6db4da75c05:group-8ECC33BB34B9:LeaderElection1: begin an election at term 1 for -1: [e1a187e5-d89a-47f2-b2bd-c6db4da75c05:192.168.34.27:38433], old=null
2019-09-20 08:30:32,723 | INFO  | SCMAudit | user=jenkins1000 | ip=192.168.34.27 | op=SEND_HEARTBEAT {datanodeUUID=c8a425d5-130a-4202-9db9-9fe847e02d96, command=[]} | ret=SUCCESS |  
2019-09-20 08:30:32,724 [e1a187e5-d89a-47f2-b2bd-c6db4da75c05:group-8ECC33BB34B9:LeaderElection1] INFO  impl.RoleInfo (RoleInfo.java:shutdownLeaderElection(134)) - e1a187e5-d89a-47f2-b2bd-c6db4da75c05: shutdown LeaderElection
2019-09-20 08:30:32,725 [e1a187e5-d89a-47f2-b2bd-c6db4da75c05:group-8ECC33BB34B9:LeaderElection1] INFO  impl.RaftServerImpl (RaftServerImpl.java:setRole(171)) - e1a187e5-d89a-47f2-b2bd-c6db4da75c05:group-8ECC33BB34B9 changes role from CANDIDATE to LEADER at term 1 for changeToLeader
2019-09-20 08:30:32,725 [e1a187e5-d89a-47f2-b2bd-c6db4da75c05:group-8ECC33BB34B9:LeaderElection1] INFO  impl.RaftServerImpl (ServerState.java:setLeader(263)) - e1a187e5-d89a-47f2-b2bd-c6db4da75c05:group-8ECC33BB34B9 change Leader from null to e1a187e5-d89a-47f2-b2bd-c6db4da75c05 at term 1 for becomeLeader, leader elected after 5202ms
2019-09-20 08:30:32,736 [e1a187e5-d89a-47f2-b2bd-c6db4da75c05:group-8ECC33BB34B9:LeaderElection1] INFO  server.RaftServerConfigKeys (ConfUtils.java:logGet(43)) - raft.server.staging.catchup.gap = 1000 (default)
2019-09-20 08:30:32,737 [e1a187e5-d89a-47f2-b2bd-c6db4da75c05:group-8ECC33BB34B9:LeaderElection1] INFO  server.RaftServerConfigKeys (ConfUtils.java:logGet(43)) - raft.server.rpc.sleep.time = 25ms (default)
2019-09-20 08:30:32,742 [e1a187e5-d89a-47f2-b2bd-c6db4da75c05:group-8ECC33BB34B9:LeaderElection1] INFO  server.RaftServerConfigKeys (ConfUtils.java:logGet(43)) - raft.server.write.element-limit = 4096 (default)
2019-09-20 08:30:32,746 [e1a187e5-d89a-47f2-b2bd-c6db4da75c05:group-8ECC33BB34B9:LeaderElection1] INFO  server.RaftServerConfigKeys (ConfUtils.java:logGet(43)) - raft.server.watch.timeout = 10s (default)
2019-09-20 08:30:32,747 [e1a187e5-d89a-47f2-b2bd-c6db4da75c05:group-8ECC33BB34B9:LeaderElection1] INFO  server.RaftServerConfigKeys (ConfUtils.java:logGet(43)) - raft.server.watch.timeout.denomination = 1s (default)
2019-09-20 08:30:32,748 [e1a187e5-d89a-47f2-b2bd-c6db4da75c05:group-8ECC33BB34B9:LeaderElection1] INFO  server.RaftServerConfigKeys (ConfUtils.java:logGet(43)) - raft.server.watch.element-limit = 65536 (default)
2019-09-20 08:30:32,759 [e1a187e5-d89a-47f2-b2bd-c6db4da75c05:group-8ECC33BB34B9:LeaderElection1] INFO  impl.RoleInfo (RoleInfo.java:updateAndGet(143)) - e1a187e5-d89a-47f2-b2bd-c6db4da75c05: start LeaderState
2019-09-20 08:30:32,781 [e1a187e5-d89a-47f2-b2bd-c6db4da75c05:group-8ECC33BB34B9:LeaderElection1] INFO  segmented.SegmentedRaftLogWorker (SegmentedRaftLogWorker.java:startLogSegment(380)) - e1a187e5-d89a-47f2-b2bd-c6db4da75c05-SegmentedRaftLogWorker:Storage Directory /workdir/hadoop-ozone/tools/target/test-dir/MiniOzoneClusterImpl-27b2788d-4a5e-4768-9652-b88d14ddf2e4/datanode-0/data/ratis/9f580a97-c067-4ebe-ab45-8ecc33bb34b9: Starting segment from index:0
2019-09-20 08:30:32,789 [e1a187e5-d89a-47f2-b2bd-c6db4da75c05:group-8ECC33BB34B9:LeaderElection1] INFO  impl.RaftServerImpl (ServerState.java:setRaftConf(361)) - e1a187e5-d89a-47f2-b2bd-c6db4da75c05:group-8ECC33BB34B9 set configuration 0: [e1a187e5-d89a-47f2-b2bd-c6db4da75c05:192.168.34.27:38433], old=null at 0
2019-09-20 08:30:32,902 [Thread-215] INFO  impl.FollowerState (FollowerState.java:run(106)) - e1a187e5-d89a-47f2-b2bd-c6db4da75c05:group-7AD7E57DBA9A changes to CANDIDATE, lastRpcTime:5037, electionTimeout:5037ms
2019-09-20 08:30:32,904 [Thread-215] INFO  impl.RoleInfo (RoleInfo.java:shutdownFollowerState(121)) - e1a187e5-d89a-47f2-b2bd-c6db4da75c05: shutdown FollowerState
2019-09-20 08:30:32,904 [Thread-215] INFO  impl.RaftServerImpl (RaftServerImpl.java:setRole(171)) - e1a187e5-d89a-47f2-b2bd-c6db4da75c05:group-7AD7E57DBA9A changes role from FOLLOWER to CANDIDATE at term 0 for changeToCandidate
2019-09-20 08:30:32,904 [Thread-215] INFO  impl.RoleInfo (RoleInfo.java:updateAndGet(143)) - e1a187e5-d89a-47f2-b2bd-c6db4da75c05: start LeaderElection
 0.00% |█                                                                                                    |  0/1 Time: 0:00:042019-09-20 08:30:32,923 [e1a187e5-d89a-47f2-b2bd-c6db4da75c05:group-7AD7E57DBA9A:LeaderElection2] INFO  impl.LeaderElection (LeaderElection.java:askForVotes(181)) - e1a187e5-d89a-47f2-b2bd-c6db4da75c05:group-7AD7E57DBA9A:LeaderElection2: begin an election at term 1 for -1: [e1a187e5-d89a-47f2-b2bd-c6db4da75c05:192.168.34.27:38433], old=null
2019-09-20 08:30:32,925 [e1a187e5-d89a-47f2-b2bd-c6db4da75c05:group-7AD7E57DBA9A:LeaderElection2] INFO  impl.RoleInfo (RoleInfo.java:shutdownLeaderElection(134)) - e1a187e5-d89a-47f2-b2bd-c6db4da75c05: shutdown LeaderElection
2019-09-20 08:30:32,925 [e1a187e5-d89a-47f2-b2bd-c6db4da75c05:group-7AD7E57DBA9A:LeaderElection2] INFO  impl.RaftServerImpl (RaftServerImpl.java:setRole(171)) - e1a187e5-d89a-47f2-b2bd-c6db4da75c05:group-7AD7E57DBA9A changes role from CANDIDATE to LEADER at term 1 for changeToLeader
2019-09-20 08:30:32,925 [e1a187e5-d89a-47f2-b2bd-c6db4da75c05:group-7AD7E57DBA9A:LeaderElection2] INFO  impl.RaftServerImpl (ServerState.java:setLeader(263)) - e1a187e5-d89a-47f2-b2bd-c6db4da75c05:group-7AD7E57DBA9A change Leader from null to e1a187e5-d89a-47f2-b2bd-c6db4da75c05 at term 1 for becomeLeader, leader elected after 5066ms
2019-09-20 08:30:32,925 [e1a187e5-d89a-47f2-b2bd-c6db4da75c05:group-7AD7E57DBA9A:LeaderElection2] INFO  server.RaftServerConfigKeys (ConfUtils.java:logGet(43)) - raft.server.staging.catchup.gap = 1000 (default)
2019-09-20 08:30:32,926 [e1a187e5-d89a-47f2-b2bd-c6db4da75c05:group-7AD7E57DBA9A:LeaderElection2] INFO  server.RaftServerConfigKeys (ConfUtils.java:logGet(43)) - raft.server.rpc.sleep.time = 25ms (default)
2019-09-20 08:30:32,926 [e1a187e5-d89a-47f2-b2bd-c6db4da75c05:group-7AD7E57DBA9A:LeaderElection2] INFO  server.RaftServerConfigKeys (ConfUtils.java:logGet(43)) - raft.server.write.element-limit = 4096 (default)
2019-09-20 08:30:32,926 [e1a187e5-d89a-47f2-b2bd-c6db4da75c05:group-7AD7E57DBA9A:LeaderElection2] INFO  server.RaftServerConfigKeys (ConfUtils.java:logGet(43)) - raft.server.watch.timeout = 10s (default)
2019-09-20 08:30:32,926 [e1a187e5-d89a-47f2-b2bd-c6db4da75c05:group-7AD7E57DBA9A:LeaderElection2] INFO  server.RaftServerConfigKeys (ConfUtils.java:logGet(43)) - raft.server.watch.timeout.denomination = 1s (default)
2019-09-20 08:30:32,926 [e1a187e5-d89a-47f2-b2bd-c6db4da75c05:group-7AD7E57DBA9A:LeaderElection2] INFO  server.RaftServerConfigKeys (ConfUtils.java:logGet(43)) - raft.server.watch.element-limit = 65536 (default)
2019-09-20 08:30:32,927 [e1a187e5-d89a-47f2-b2bd-c6db4da75c05:group-7AD7E57DBA9A:LeaderElection2] INFO  impl.RoleInfo (RoleInfo.java:updateAndGet(143)) - e1a187e5-d89a-47f2-b2bd-c6db4da75c05: start LeaderState
2019-09-20 08:30:32,927 [e1a187e5-d89a-47f2-b2bd-c6db4da75c05:group-7AD7E57DBA9A:LeaderElection2] INFO  segmented.SegmentedRaftLogWorker (SegmentedRaftLogWorker.java:startLogSegment(380)) - e1a187e5-d89a-47f2-b2bd-c6db4da75c05-SegmentedRaftLogWorker:Storage Directory /workdir/hadoop-ozone/tools/target/test-dir/MiniOzoneClusterImpl-27b2788d-4a5e-4768-9652-b88d14ddf2e4/datanode-0/data/ratis/af8ab69c-b8b4-4b82-a304-7ad7e57dba9a: Starting segment from index:0
2019-09-20 08:30:32,928 [e1a187e5-d89a-47f2-b2bd-c6db4da75c05:group-7AD7E57DBA9A:LeaderElection2] INFO  impl.RaftServerImpl (ServerState.java:setRaftConf(361)) - e1a187e5-d89a-47f2-b2bd-c6db4da75c05:group-7AD7E57DBA9A set configuration 0: [e1a187e5-d89a-47f2-b2bd-c6db4da75c05:192.168.34.27:38433], old=null at 0
2019-09-20 08:30:32,938 | INFO  | SCMAudit | user=jenkins1000 | ip=192.168.34.27 | op=SEND_HEARTBEAT {datanodeUUID=4e3bae72-6dec-40bd-99be-7c75f0b44aae, command=[]} | ret=SUCCESS |  
2019-09-20 08:30:32,953 [Thread-212] INFO  impl.FollowerState (FollowerState.java:run(106)) - c8a425d5-130a-4202-9db9-9fe847e02d96:group-CA6A0B9F90E7 changes to CANDIDATE, lastRpcTime:5182, electionTimeout:5181ms
2019-09-20 08:30:32,953 [Thread-212] INFO  impl.RoleInfo (RoleInfo.java:shutdownFollowerState(121)) - c8a425d5-130a-4202-9db9-9fe847e02d96: shutdown FollowerState
2019-09-20 08:30:32,953 [Thread-212] INFO  impl.RaftServerImpl (RaftServerImpl.java:setRole(171)) - c8a425d5-130a-4202-9db9-9fe847e02d96:group-CA6A0B9F90E7 changes role from FOLLOWER to CANDIDATE at term 0 for changeToCandidate
2019-09-20 08:30:32,953 [Thread-212] INFO  impl.RoleInfo (RoleInfo.java:updateAndGet(143)) - c8a425d5-130a-4202-9db9-9fe847e02d96: start LeaderElection
2019-09-20 08:30:33,040 [e1a187e5-d89a-47f2-b2bd-c6db4da75c05-SegmentedRaftLogWorker:Storage Directory /workdir/hadoop-ozone/tools/target/test-dir/MiniOzoneClusterImpl-27b2788d-4a5e-4768-9652-b88d14ddf2e4/datanode-0/data/ratis/af8ab69c-b8b4-4b82-a304-7ad7e57dba9a] INFO  segmented.SegmentedRaftLogWorker (SegmentedRaftLogWorker.java:execute(569)) - e1a187e5-d89a-47f2-b2bd-c6db4da75c05-SegmentedRaftLogWorker:Storage Directory /workdir/hadoop-ozone/tools/target/test-dir/MiniOzoneClusterImpl-27b2788d-4a5e-4768-9652-b88d14ddf2e4/datanode-0/data/ratis/af8ab69c-b8b4-4b82-a304-7ad7e57dba9a: created new log segment /workdir/hadoop-ozone/tools/target/test-dir/MiniOzoneClusterImpl-27b2788d-4a5e-4768-9652-b88d14ddf2e4/datanode-0/data/ratis/af8ab69c-b8b4-4b82-a304-7ad7e57dba9a/current/log_inprogress_0
2019-09-20 08:30:33,040 [c8a425d5-130a-4202-9db9-9fe847e02d96:group-CA6A0B9F90E7:LeaderElection3] INFO  impl.LeaderElection (LeaderElection.java:askForVotes(181)) - c8a425d5-130a-4202-9db9-9fe847e02d96:group-CA6A0B9F90E7:LeaderElection3: begin an election at term 1 for -1: [c8a425d5-130a-4202-9db9-9fe847e02d96:192.168.34.27:42231], old=null
2019-09-20 08:30:33,040 [e1a187e5-d89a-47f2-b2bd-c6db4da75c05-SegmentedRaftLogWorker:Storage Directory /workdir/hadoop-ozone/tools/target/test-dir/MiniOzoneClusterImpl-27b2788d-4a5e-4768-9652-b88d14ddf2e4/datanode-0/data/ratis/9f580a97-c067-4ebe-ab45-8ecc33bb34b9] INFO  segmented.SegmentedRaftLogWorker (SegmentedRaftLogWorker.java:execute(569)) - e1a187e5-d89a-47f2-b2bd-c6db4da75c05-SegmentedRaftLogWorker:Storage Directory /workdir/hadoop-ozone/tools/target/test-dir/MiniOzoneClusterImpl-27b2788d-4a5e-4768-9652-b88d14ddf2e4/datanode-0/data/ratis/9f580a97-c067-4ebe-ab45-8ecc33bb34b9: created new log segment /workdir/hadoop-ozone/tools/target/test-dir/MiniOzoneClusterImpl-27b2788d-4a5e-4768-9652-b88d14ddf2e4/datanode-0/data/ratis/9f580a97-c067-4ebe-ab45-8ecc33bb34b9/current/log_inprogress_0
2019-09-20 08:30:33,042 [c8a425d5-130a-4202-9db9-9fe847e02d96:group-CA6A0B9F90E7:LeaderElection3] INFO  impl.RoleInfo (RoleInfo.java:shutdownLeaderElection(134)) - c8a425d5-130a-4202-9db9-9fe847e02d96: shutdown LeaderElection
2019-09-20 08:30:33,043 [c8a425d5-130a-4202-9db9-9fe847e02d96:group-CA6A0B9F90E7:LeaderElection3] INFO  impl.RaftServerImpl (RaftServerImpl.java:setRole(171)) - c8a425d5-130a-4202-9db9-9fe847e02d96:group-CA6A0B9F90E7 changes role from CANDIDATE to LEADER at term 1 for changeToLeader
2019-09-20 08:30:33,043 [c8a425d5-130a-4202-9db9-9fe847e02d96:group-CA6A0B9F90E7:LeaderElection3] INFO  impl.RaftServerImpl (ServerState.java:setLeader(263)) - c8a425d5-130a-4202-9db9-9fe847e02d96:group-CA6A0B9F90E7 change Leader from null to c8a425d5-130a-4202-9db9-9fe847e02d96 at term 1 for becomeLeader, leader elected after 5280ms
2019-09-20 08:30:33,045 [c8a425d5-130a-4202-9db9-9fe847e02d96:group-CA6A0B9F90E7:LeaderElection3] INFO  server.RaftServerConfigKeys (ConfUtils.java:logGet(43)) - raft.server.staging.catchup.gap = 1000 (default)
2019-09-20 08:30:33,045 [c8a425d5-130a-4202-9db9-9fe847e02d96:group-CA6A0B9F90E7:LeaderElection3] INFO  server.RaftServerConfigKeys (ConfUtils.java:logGet(43)) - raft.server.rpc.sleep.time = 25ms (default)
2019-09-20 08:30:33,046 [c8a425d5-130a-4202-9db9-9fe847e02d96:group-CA6A0B9F90E7:LeaderElection3] INFO  server.RaftServerConfigKeys (ConfUtils.java:logGet(43)) - raft.server.write.element-limit = 4096 (default)
2019-09-20 08:30:33,046 [c8a425d5-130a-4202-9db9-9fe847e02d96:group-CA6A0B9F90E7:LeaderElection3] INFO  server.RaftServerConfigKeys (ConfUtils.java:logGet(43)) - raft.server.watch.timeout = 10s (default)
2019-09-20 08:30:33,046 [c8a425d5-130a-4202-9db9-9fe847e02d96:group-CA6A0B9F90E7:LeaderElection3] INFO  server.RaftServerConfigKeys (ConfUtils.java:logGet(43)) - raft.server.watch.timeout.denomination = 1s (default)
2019-09-20 08:30:33,046 [c8a425d5-130a-4202-9db9-9fe847e02d96:group-CA6A0B9F90E7:LeaderElection3] INFO  server.RaftServerConfigKeys (ConfUtils.java:logGet(43)) - raft.server.watch.element-limit = 65536 (default)
2019-09-20 08:30:33,046 [Thread-218] INFO  impl.FollowerState (FollowerState.java:run(106)) - d2c36bd8-bad5-464c-8c6b-b124cc016412:group-EE781FF56F6E changes to CANDIDATE, lastRpcTime:5105, electionTimeout:5105ms
2019-09-20 08:30:33,048 [Thread-218] INFO  impl.RoleInfo (RoleInfo.java:shutdownFollowerState(121)) - d2c36bd8-bad5-464c-8c6b-b124cc016412: shutdown FollowerState
2019-09-20 08:30:33,048 [Thread-218] INFO  impl.RaftServerImpl (RaftServerImpl.java:setRole(171)) - d2c36bd8-bad5-464c-8c6b-b124cc016412:group-EE781FF56F6E changes role from FOLLOWER to CANDIDATE at term 0 for changeToCandidate
2019-09-20 08:30:33,048 [c8a425d5-130a-4202-9db9-9fe847e02d96:group-CA6A0B9F90E7:LeaderElection3] INFO  impl.RoleInfo (RoleInfo.java:updateAndGet(143)) - c8a425d5-130a-4202-9db9-9fe847e02d96: start LeaderState
2019-09-20 08:30:33,049 [Thread-218] INFO  impl.RoleInfo (RoleInfo.java:updateAndGet(143)) - d2c36bd8-bad5-464c-8c6b-b124cc016412: start LeaderElection
2019-09-20 08:30:33,049 [c8a425d5-130a-4202-9db9-9fe847e02d96:group-CA6A0B9F90E7:LeaderElection3] INFO  segmented.SegmentedRaftLogWorker (SegmentedRaftLogWorker.java:startLogSegment(380)) - c8a425d5-130a-4202-9db9-9fe847e02d96-SegmentedRaftLogWorker:Storage Directory /workdir/hadoop-ozone/tools/target/test-dir/MiniOzoneClusterImpl-27b2788d-4a5e-4768-9652-b88d14ddf2e4/datanode-1/data/ratis/d0df160a-0382-4266-985f-ca6a0b9f90e7: Starting segment from index:0
2019-09-20 08:30:33,054 [c8a425d5-130a-4202-9db9-9fe847e02d96:group-CA6A0B9F90E7:LeaderElection3] INFO  impl.RaftServerImpl (ServerState.java:setRaftConf(361)) - c8a425d5-130a-4202-9db9-9fe847e02d96:group-CA6A0B9F90E7 set configuration 0: [c8a425d5-130a-4202-9db9-9fe847e02d96:192.168.34.27:42231], old=null at 0
2019-09-20 08:30:33,094 [d2c36bd8-bad5-464c-8c6b-b124cc016412:group-EE781FF56F6E:LeaderElection4] INFO  impl.LeaderElection (LeaderElection.java:askForVotes(181)) - d2c36bd8-bad5-464c-8c6b-b124cc016412:group-EE781FF56F6E:LeaderElection4: begin an election at term 1 for -1: [d2c36bd8-bad5-464c-8c6b-b124cc016412:192.168.34.27:36532], old=null
2019-09-20 08:30:33,095 [d2c36bd8-bad5-464c-8c6b-b124cc016412:group-EE781FF56F6E:LeaderElection4] INFO  impl.RoleInfo (RoleInfo.java:shutdownLeaderElection(134)) - d2c36bd8-bad5-464c-8c6b-b124cc016412: shutdown LeaderElection
2019-09-20 08:30:33,095 [d2c36bd8-bad5-464c-8c6b-b124cc016412:group-EE781FF56F6E:LeaderElection4] INFO  impl.RaftServerImpl (RaftServerImpl.java:setRole(171)) - d2c36bd8-bad5-464c-8c6b-b124cc016412:group-EE781FF56F6E changes role from CANDIDATE to LEADER at term 1 for changeToLeader
2019-09-20 08:30:33,095 [d2c36bd8-bad5-464c-8c6b-b124cc016412:group-EE781FF56F6E:LeaderElection4] INFO  impl.RaftServerImpl (ServerState.java:setLeader(263)) - d2c36bd8-bad5-464c-8c6b-b124cc016412:group-EE781FF56F6E change Leader from null to d2c36bd8-bad5-464c-8c6b-b124cc016412 at term 1 for becomeLeader, leader elected after 5159ms
2019-09-20 08:30:33,099 [d2c36bd8-bad5-464c-8c6b-b124cc016412:group-EE781FF56F6E:LeaderElection4] INFO  server.RaftServerConfigKeys (ConfUtils.java:logGet(43)) - raft.server.staging.catchup.gap = 1000 (default)
2019-09-20 08:30:33,099 [d2c36bd8-bad5-464c-8c6b-b124cc016412:group-EE781FF56F6E:LeaderElection4] INFO  server.RaftServerConfigKeys (ConfUtils.java:logGet(43)) - raft.server.rpc.sleep.time = 25ms (default)
2019-09-20 08:30:33,100 [d2c36bd8-bad5-464c-8c6b-b124cc016412:group-EE781FF56F6E:LeaderElection4] INFO  server.RaftServerConfigKeys (ConfUtils.java:logGet(43)) - raft.server.write.element-limit = 4096 (default)
2019-09-20 08:30:33,100 [d2c36bd8-bad5-464c-8c6b-b124cc016412:group-EE781FF56F6E:LeaderElection4] INFO  server.RaftServerConfigKeys (ConfUtils.java:logGet(43)) - raft.server.watch.timeout = 10s (default)
2019-09-20 08:30:33,100 [d2c36bd8-bad5-464c-8c6b-b124cc016412:group-EE781FF56F6E:LeaderElection4] INFO  server.RaftServerConfigKeys (ConfUtils.java:logGet(43)) - raft.server.watch.timeout.denomination = 1s (default)
2019-09-20 08:30:33,101 [d2c36bd8-bad5-464c-8c6b-b124cc016412:group-EE781FF56F6E:LeaderElection4] INFO  server.RaftServerConfigKeys (ConfUtils.java:logGet(43)) - raft.server.watch.element-limit = 65536 (default)
2019-09-20 08:30:33,101 [d2c36bd8-bad5-464c-8c6b-b124cc016412:group-EE781FF56F6E:LeaderElection4] INFO  impl.RoleInfo (RoleInfo.java:updateAndGet(143)) - d2c36bd8-bad5-464c-8c6b-b124cc016412: start LeaderState
2019-09-20 08:30:33,102 [d2c36bd8-bad5-464c-8c6b-b124cc016412:group-EE781FF56F6E:LeaderElection4] INFO  segmented.SegmentedRaftLogWorker (SegmentedRaftLogWorker.java:startLogSegment(380)) - d2c36bd8-bad5-464c-8c6b-b124cc016412-SegmentedRaftLogWorker:Storage Directory /workdir/hadoop-ozone/tools/target/test-dir/MiniOzoneClusterImpl-27b2788d-4a5e-4768-9652-b88d14ddf2e4/datanode-3/data/ratis/3a8607fb-ecd8-43c7-9629-ee781ff56f6e: Starting segment from index:0
2019-09-20 08:30:33,102 [d2c36bd8-bad5-464c-8c6b-b124cc016412:group-EE781FF56F6E:LeaderElection4] INFO  impl.RaftServerImpl (ServerState.java:setRaftConf(361)) - d2c36bd8-bad5-464c-8c6b-b124cc016412:group-EE781FF56F6E set configuration 0: [d2c36bd8-bad5-464c-8c6b-b124cc016412:192.168.34.27:36532], old=null at 0
2019-09-20 08:30:33,134 [c8a425d5-130a-4202-9db9-9fe847e02d96-SegmentedRaftLogWorker:Storage Directory /workdir/hadoop-ozone/tools/target/test-dir/MiniOzoneClusterImpl-27b2788d-4a5e-4768-9652-b88d14ddf2e4/datanode-1/data/ratis/d0df160a-0382-4266-985f-ca6a0b9f90e7] INFO  segmented.SegmentedRaftLogWorker (SegmentedRaftLogWorker.java:execute(569)) - c8a425d5-130a-4202-9db9-9fe847e02d96-SegmentedRaftLogWorker:Storage Directory /workdir/hadoop-ozone/tools/target/test-dir/MiniOzoneClusterImpl-27b2788d-4a5e-4768-9652-b88d14ddf2e4/datanode-1/data/ratis/d0df160a-0382-4266-985f-ca6a0b9f90e7: created new log segment /workdir/hadoop-ozone/tools/target/test-dir/MiniOzoneClusterImpl-27b2788d-4a5e-4768-9652-b88d14ddf2e4/datanode-1/data/ratis/d0df160a-0382-4266-985f-ca6a0b9f90e7/current/log_inprogress_0
2019-09-20 08:30:33,158 [d2c36bd8-bad5-464c-8c6b-b124cc016412-SegmentedRaftLogWorker:Storage Directory /workdir/hadoop-ozone/tools/target/test-dir/MiniOzoneClusterImpl-27b2788d-4a5e-4768-9652-b88d14ddf2e4/datanode-3/data/ratis/3a8607fb-ecd8-43c7-9629-ee781ff56f6e] INFO  segmented.SegmentedRaftLogWorker (SegmentedRaftLogWorker.java:execute(569)) - d2c36bd8-bad5-464c-8c6b-b124cc016412-SegmentedRaftLogWorker:Storage Directory /workdir/hadoop-ozone/tools/target/test-dir/MiniOzoneClusterImpl-27b2788d-4a5e-4768-9652-b88d14ddf2e4/datanode-3/data/ratis/3a8607fb-ecd8-43c7-9629-ee781ff56f6e: created new log segment /workdir/hadoop-ozone/tools/target/test-dir/MiniOzoneClusterImpl-27b2788d-4a5e-4768-9652-b88d14ddf2e4/datanode-3/data/ratis/3a8607fb-ecd8-43c7-9629-ee781ff56f6e/current/log_inprogress_0
2019-09-20 08:30:33,170 [Thread-221] INFO  impl.FollowerState (FollowerState.java:run(106)) - d2c36bd8-bad5-464c-8c6b-b124cc016412:group-4AF0F5603768 changes to CANDIDATE, lastRpcTime:5156, electionTimeout:5156ms
2019-09-20 08:30:33,173 [Thread-221] INFO  impl.RoleInfo (RoleInfo.java:shutdownFollowerState(121)) - d2c36bd8-bad5-464c-8c6b-b124cc016412: shutdown FollowerState
2019-09-20 08:30:33,173 [Thread-221] INFO  impl.RaftServerImpl (RaftServerImpl.java:setRole(171)) - d2c36bd8-bad5-464c-8c6b-b124cc016412:group-4AF0F5603768 changes role from FOLLOWER to CANDIDATE at term 0 for changeToCandidate
2019-09-20 08:30:33,173 [Thread-221] INFO  impl.RoleInfo (RoleInfo.java:updateAndGet(143)) - d2c36bd8-bad5-464c-8c6b-b124cc016412: start LeaderElection
2019-09-20 08:30:33,190 [d2c36bd8-bad5-464c-8c6b-b124cc016412:group-4AF0F5603768:LeaderElection5] INFO  impl.LeaderElection (LeaderElection.java:askForVotes(181)) - d2c36bd8-bad5-464c-8c6b-b124cc016412:group-4AF0F5603768:LeaderElection5: begin an election at term 1 for -1: [d2c36bd8-bad5-464c-8c6b-b124cc016412:192.168.34.27:36532], old=null
2019-09-20 08:30:33,191 [d2c36bd8-bad5-464c-8c6b-b124cc016412:group-4AF0F5603768:LeaderElection5] INFO  impl.RoleInfo (RoleInfo.java:shutdownLeaderElection(134)) - d2c36bd8-bad5-464c-8c6b-b124cc016412: shutdown LeaderElection
2019-09-20 08:30:33,191 [d2c36bd8-bad5-464c-8c6b-b124cc016412:group-4AF0F5603768:LeaderElection5] INFO  impl.RaftServerImpl (RaftServerImpl.java:setRole(171)) - d2c36bd8-bad5-464c-8c6b-b124cc016412:group-4AF0F5603768 changes role from CANDIDATE to LEADER at term 1 for changeToLeader
2019-09-20 08:30:33,191 [d2c36bd8-bad5-464c-8c6b-b124cc016412:group-4AF0F5603768:LeaderElection5] INFO  impl.RaftServerImpl (ServerState.java:setLeader(263)) - d2c36bd8-bad5-464c-8c6b-b124cc016412:group-4AF0F5603768 change Leader from null to d2c36bd8-bad5-464c-8c6b-b124cc016412 at term 1 for becomeLeader, leader elected after 5183ms
2019-09-20 08:30:33,191 [d2c36bd8-bad5-464c-8c6b-b124cc016412:group-4AF0F5603768:LeaderElection5] INFO  server.RaftServerConfigKeys (ConfUtils.java:logGet(43)) - raft.server.staging.catchup.gap = 1000 (default)
2019-09-20 08:30:33,191 [d2c36bd8-bad5-464c-8c6b-b124cc016412:group-4AF0F5603768:LeaderElection5] INFO  server.RaftServerConfigKeys (ConfUtils.java:logGet(43)) - raft.server.rpc.sleep.time = 25ms (default)
2019-09-20 08:30:33,192 [d2c36bd8-bad5-464c-8c6b-b124cc016412:group-4AF0F5603768:LeaderElection5] INFO  server.RaftServerConfigKeys (ConfUtils.java:logGet(43)) - raft.server.write.element-limit = 4096 (default)
2019-09-20 08:30:33,192 [d2c36bd8-bad5-464c-8c6b-b124cc016412:group-4AF0F5603768:LeaderElection5] INFO  server.RaftServerConfigKeys (ConfUtils.java:logGet(43)) - raft.server.watch.timeout = 10s (default)
2019-09-20 08:30:33,192 [d2c36bd8-bad5-464c-8c6b-b124cc016412:group-4AF0F5603768:LeaderElection5] INFO  server.RaftServerConfigKeys (ConfUtils.java:logGet(43)) - raft.server.watch.timeout.denomination = 1s (default)
2019-09-20 08:30:33,192 [d2c36bd8-bad5-464c-8c6b-b124cc016412:group-4AF0F5603768:LeaderElection5] INFO  server.RaftServerConfigKeys (ConfUtils.java:logGet(43)) - raft.server.watch.element-limit = 65536 (default)
2019-09-20 08:30:33,192 [d2c36bd8-bad5-464c-8c6b-b124cc016412:group-4AF0F5603768:LeaderElection5] INFO  impl.RoleInfo (RoleInfo.java:updateAndGet(143)) - d2c36bd8-bad5-464c-8c6b-b124cc016412: start LeaderState
2019-09-20 08:30:33,193 [d2c36bd8-bad5-464c-8c6b-b124cc016412:group-4AF0F5603768:LeaderElection5] INFO  segmented.SegmentedRaftLogWorker (SegmentedRaftLogWorker.java:startLogSegment(380)) - d2c36bd8-bad5-464c-8c6b-b124cc016412-SegmentedRaftLogWorker:Storage Directory /workdir/hadoop-ozone/tools/target/test-dir/MiniOzoneClusterImpl-27b2788d-4a5e-4768-9652-b88d14ddf2e4/datanode-3/data/ratis/5df79001-db14-4511-8dc3-4af0f5603768: Starting segment from index:0
2019-09-20 08:30:33,193 [d2c36bd8-bad5-464c-8c6b-b124cc016412:group-4AF0F5603768:LeaderElection5] INFO  impl.RaftServerImpl (ServerState.java:setRaftConf(361)) - d2c36bd8-bad5-464c-8c6b-b124cc016412:group-4AF0F5603768 set configuration 0: [d2c36bd8-bad5-464c-8c6b-b124cc016412:192.168.34.27:36532], old=null at 0
2019-09-20 08:30:33,224 [d2c36bd8-bad5-464c-8c6b-b124cc016412-SegmentedRaftLogWorker:Storage Directory /workdir/hadoop-ozone/tools/target/test-dir/MiniOzoneClusterImpl-27b2788d-4a5e-4768-9652-b88d14ddf2e4/datanode-3/data/ratis/5df79001-db14-4511-8dc3-4af0f5603768] INFO  segmented.SegmentedRaftLogWorker (SegmentedRaftLogWorker.java:execute(569)) - d2c36bd8-bad5-464c-8c6b-b124cc016412-SegmentedRaftLogWorker:Storage Directory /workdir/hadoop-ozone/tools/target/test-dir/MiniOzoneClusterImpl-27b2788d-4a5e-4768-9652-b88d14ddf2e4/datanode-3/data/ratis/5df79001-db14-4511-8dc3-4af0f5603768: created new log segment /workdir/hadoop-ozone/tools/target/test-dir/MiniOzoneClusterImpl-27b2788d-4a5e-4768-9652-b88d14ddf2e4/datanode-3/data/ratis/5df79001-db14-4511-8dc3-4af0f5603768/current/log_inprogress_0
2019-09-20 08:30:33,230 [Thread-224] INFO  impl.FollowerState (FollowerState.java:run(106)) - e1a187e5-d89a-47f2-b2bd-c6db4da75c05:group-B8A0DB7C408F changes to CANDIDATE, lastRpcTime:5138, electionTimeout:5138ms
2019-09-20 08:30:33,230 [Thread-224] INFO  impl.RoleInfo (RoleInfo.java:shutdownFollowerState(121)) - e1a187e5-d89a-47f2-b2bd-c6db4da75c05: shutdown FollowerState
2019-09-20 08:30:33,230 [Thread-224] INFO  impl.RaftServerImpl (RaftServerImpl.java:setRole(171)) - e1a187e5-d89a-47f2-b2bd-c6db4da75c05:group-B8A0DB7C408F changes role from FOLLOWER to CANDIDATE at term 0 for changeToCandidate
2019-09-20 08:30:33,230 [Thread-224] INFO  impl.RoleInfo (RoleInfo.java:updateAndGet(143)) - e1a187e5-d89a-47f2-b2bd-c6db4da75c05: start LeaderElection
2019-09-20 08:30:33,246 [e1a187e5-d89a-47f2-b2bd-c6db4da75c05:group-B8A0DB7C408F:LeaderElection6] INFO  impl.LeaderElection (LeaderElection.java:askForVotes(181)) - e1a187e5-d89a-47f2-b2bd-c6db4da75c05:group-B8A0DB7C408F:LeaderElection6: begin an election at term 1 for -1: [e1a187e5-d89a-47f2-b2bd-c6db4da75c05:192.168.34.27:38433], old=null
2019-09-20 08:30:33,247 [e1a187e5-d89a-47f2-b2bd-c6db4da75c05:group-B8A0DB7C408F:LeaderElection6] INFO  impl.RoleInfo (RoleInfo.java:shutdownLeaderElection(134)) - e1a187e5-d89a-47f2-b2bd-c6db4da75c05: shutdown LeaderElection
2019-09-20 08:30:33,247 [e1a187e5-d89a-47f2-b2bd-c6db4da75c05:group-B8A0DB7C408F:LeaderElection6] INFO  impl.RaftServerImpl (RaftServerImpl.java:setRole(171)) - e1a187e5-d89a-47f2-b2bd-c6db4da75c05:group-B8A0DB7C408F changes role from CANDIDATE to LEADER at term 1 for changeToLeader
2019-09-20 08:30:33,247 [e1a187e5-d89a-47f2-b2bd-c6db4da75c05:group-B8A0DB7C408F:LeaderElection6] INFO  impl.RaftServerImpl (ServerState.java:setLeader(263)) - e1a187e5-d89a-47f2-b2bd-c6db4da75c05:group-B8A0DB7C408F change Leader from null to e1a187e5-d89a-47f2-b2bd-c6db4da75c05 at term 1 for becomeLeader, leader elected after 5161ms
2019-09-20 08:30:33,247 [e1a187e5-d89a-47f2-b2bd-c6db4da75c05:group-B8A0DB7C408F:LeaderElection6] INFO  server.RaftServerConfigKeys (ConfUtils.java:logGet(43)) - raft.server.staging.catchup.gap = 1000 (default)
2019-09-20 08:30:33,247 [e1a187e5-d89a-47f2-b2bd-c6db4da75c05:group-B8A0DB7C408F:LeaderElection6] INFO  server.RaftServerConfigKeys (ConfUtils.java:logGet(43)) - raft.server.rpc.sleep.time = 25ms (default)
2019-09-20 08:30:33,247 [e1a187e5-d89a-47f2-b2bd-c6db4da75c05:group-B8A0DB7C408F:LeaderElection6] INFO  server.RaftServerConfigKeys (ConfUtils.java:logGet(43)) - raft.server.write.element-limit = 4096 (default)
2019-09-20 08:30:33,248 [e1a187e5-d89a-47f2-b2bd-c6db4da75c05:group-B8A0DB7C408F:LeaderElection6] INFO  server.RaftServerConfigKeys (ConfUtils.java:logGet(43)) - raft.server.watch.timeout = 10s (default)
2019-09-20 08:30:33,248 [e1a187e5-d89a-47f2-b2bd-c6db4da75c05:group-B8A0DB7C408F:LeaderElection6] INFO  server.RaftServerConfigKeys (ConfUtils.java:logGet(43)) - raft.server.watch.timeout.denomination = 1s (default)
2019-09-20 08:30:33,248 [e1a187e5-d89a-47f2-b2bd-c6db4da75c05:group-B8A0DB7C408F:LeaderElection6] INFO  server.RaftServerConfigKeys (ConfUtils.java:logGet(43)) - raft.server.watch.element-limit = 65536 (default)
2019-09-20 08:30:33,248 [e1a187e5-d89a-47f2-b2bd-c6db4da75c05:group-B8A0DB7C408F:LeaderElection6] INFO  impl.RoleInfo (RoleInfo.java:updateAndGet(143)) - e1a187e5-d89a-47f2-b2bd-c6db4da75c05: start LeaderState
2019-09-20 08:30:33,248 [e1a187e5-d89a-47f2-b2bd-c6db4da75c05:group-B8A0DB7C408F:LeaderElection6] INFO  segmented.SegmentedRaftLogWorker (SegmentedRaftLogWorker.java:startLogSegment(380)) - e1a187e5-d89a-47f2-b2bd-c6db4da75c05-SegmentedRaftLogWorker:Storage Directory /workdir/hadoop-ozone/tools/target/test-dir/MiniOzoneClusterImpl-27b2788d-4a5e-4768-9652-b88d14ddf2e4/datanode-0/data/ratis/e43afac2-79f4-4840-ba19-b8a0db7c408f: Starting segment from index:0
2019-09-20 08:30:33,249 [e1a187e5-d89a-47f2-b2bd-c6db4da75c05:group-B8A0DB7C408F:LeaderElection6] INFO  impl.RaftServerImpl (ServerState.java:setRaftConf(361)) - e1a187e5-d89a-47f2-b2bd-c6db4da75c05:group-B8A0DB7C408F set configuration 0: [e1a187e5-d89a-47f2-b2bd-c6db4da75c05:192.168.34.27:38433], old=null at 0
2019-09-20 08:30:33,284 [Thread-230] INFO  impl.FollowerState (FollowerState.java:run(106)) - 4e3bae72-6dec-40bd-99be-7c75f0b44aae:group-EC1057B35330 changes to CANDIDATE, lastRpcTime:5042, electionTimeout:5016ms
2019-09-20 08:30:33,284 [Thread-227] INFO  impl.FollowerState (FollowerState.java:run(106)) - d2c36bd8-bad5-464c-8c6b-b124cc016412:group-A705C8F27CCE changes to CANDIDATE, lastRpcTime:5112, electionTimeout:5107ms
2019-09-20 08:30:33,284 [Thread-230] INFO  impl.RoleInfo (RoleInfo.java:shutdownFollowerState(121)) - 4e3bae72-6dec-40bd-99be-7c75f0b44aae: shutdown FollowerState
2019-09-20 08:30:33,284 [Thread-227] INFO  impl.RoleInfo (RoleInfo.java:shutdownFollowerState(121)) - d2c36bd8-bad5-464c-8c6b-b124cc016412: shutdown FollowerState
2019-09-20 08:30:33,285 [Thread-230] INFO  impl.RaftServerImpl (RaftServerImpl.java:setRole(171)) - 4e3bae72-6dec-40bd-99be-7c75f0b44aae:group-EC1057B35330 changes role from FOLLOWER to CANDIDATE at term 0 for changeToCandidate
2019-09-20 08:30:33,285 [Thread-227] INFO  impl.RaftServerImpl (RaftServerImpl.java:setRole(171)) - d2c36bd8-bad5-464c-8c6b-b124cc016412:group-A705C8F27CCE changes role from FOLLOWER to CANDIDATE at term 0 for changeToCandidate
2019-09-20 08:30:33,285 [Thread-230] INFO  impl.RoleInfo (RoleInfo.java:updateAndGet(143)) - 4e3bae72-6dec-40bd-99be-7c75f0b44aae: start LeaderElection
2019-09-20 08:30:33,285 [Thread-227] INFO  impl.RoleInfo (RoleInfo.java:updateAndGet(143)) - d2c36bd8-bad5-464c-8c6b-b124cc016412: start LeaderElection
2019-09-20 08:30:33,297 [e1a187e5-d89a-47f2-b2bd-c6db4da75c05-SegmentedRaftLogWorker:Storage Directory /workdir/hadoop-ozone/tools/target/test-dir/MiniOzoneClusterImpl-27b2788d-4a5e-4768-9652-b88d14ddf2e4/datanode-0/data/ratis/e43afac2-79f4-4840-ba19-b8a0db7c408f] INFO  segmented.SegmentedRaftLogWorker (SegmentedRaftLogWorker.java:execute(569)) - e1a187e5-d89a-47f2-b2bd-c6db4da75c05-SegmentedRaftLogWorker:Storage Directory /workdir/hadoop-ozone/tools/target/test-dir/MiniOzoneClusterImpl-27b2788d-4a5e-4768-9652-b88d14ddf2e4/datanode-0/data/ratis/e43afac2-79f4-4840-ba19-b8a0db7c408f: created new log segment /workdir/hadoop-ozone/tools/target/test-dir/MiniOzoneClusterImpl-27b2788d-4a5e-4768-9652-b88d14ddf2e4/datanode-0/data/ratis/e43afac2-79f4-4840-ba19-b8a0db7c408f/current/log_inprogress_0
2019-09-20 08:30:33,297 [d2c36bd8-bad5-464c-8c6b-b124cc016412:group-A705C8F27CCE:LeaderElection8] INFO  impl.LeaderElection (LeaderElection.java:askForVotes(181)) - d2c36bd8-bad5-464c-8c6b-b124cc016412:group-A705C8F27CCE:LeaderElection8: begin an election at term 1 for -1: [d2c36bd8-bad5-464c-8c6b-b124cc016412:192.168.34.27:36532], old=null
2019-09-20 08:30:33,297 [4e3bae72-6dec-40bd-99be-7c75f0b44aae:group-EC1057B35330:LeaderElection7] INFO  impl.LeaderElection (LeaderElection.java:askForVotes(181)) - 4e3bae72-6dec-40bd-99be-7c75f0b44aae:group-EC1057B35330:LeaderElection7: begin an election at term 1 for -1: [4e3bae72-6dec-40bd-99be-7c75f0b44aae:192.168.34.27:33584], old=null
2019-09-20 08:30:33,299 [d2c36bd8-bad5-464c-8c6b-b124cc016412:group-A705C8F27CCE:LeaderElection8] INFO  impl.RoleInfo (RoleInfo.java:shutdownLeaderElection(134)) - d2c36bd8-bad5-464c-8c6b-b124cc016412: shutdown LeaderElection
2019-09-20 08:30:33,299 [4e3bae72-6dec-40bd-99be-7c75f0b44aae:group-EC1057B35330:LeaderElection7] INFO  impl.RoleInfo (RoleInfo.java:shutdownLeaderElection(134)) - 4e3bae72-6dec-40bd-99be-7c75f0b44aae: shutdown LeaderElection
2019-09-20 08:30:33,299 [d2c36bd8-bad5-464c-8c6b-b124cc016412:group-A705C8F27CCE:LeaderElection8] INFO  impl.RaftServerImpl (RaftServerImpl.java:setRole(171)) - d2c36bd8-bad5-464c-8c6b-b124cc016412:group-A705C8F27CCE changes role from CANDIDATE to LEADER at term 1 for changeToLeader
2019-09-20 08:30:33,299 [4e3bae72-6dec-40bd-99be-7c75f0b44aae:group-EC1057B35330:LeaderElection7] INFO  impl.RaftServerImpl (RaftServerImpl.java:setRole(171)) - 4e3bae72-6dec-40bd-99be-7c75f0b44aae:group-EC1057B35330 changes role from CANDIDATE to LEADER at term 1 for changeToLeader
2019-09-20 08:30:33,299 [d2c36bd8-bad5-464c-8c6b-b124cc016412:group-A705C8F27CCE:LeaderElection8] INFO  impl.RaftServerImpl (ServerState.java:setLeader(263)) - d2c36bd8-bad5-464c-8c6b-b124cc016412:group-A705C8F27CCE change Leader from null to d2c36bd8-bad5-464c-8c6b-b124cc016412 at term 1 for becomeLeader, leader elected after 5133ms
2019-09-20 08:30:33,299 [4e3bae72-6dec-40bd-99be-7c75f0b44aae:group-EC1057B35330:LeaderElection7] INFO  impl.RaftServerImpl (ServerState.java:setLeader(263)) - 4e3bae72-6dec-40bd-99be-7c75f0b44aae:group-EC1057B35330 change Leader from null to 4e3bae72-6dec-40bd-99be-7c75f0b44aae at term 1 for becomeLeader, leader elected after 5063ms
2019-09-20 08:30:33,300 [d2c36bd8-bad5-464c-8c6b-b124cc016412:group-A705C8F27CCE:LeaderElection8] INFO  server.RaftServerConfigKeys (ConfUtils.java:logGet(43)) - raft.server.staging.catchup.gap = 1000 (default)
2019-09-20 08:30:33,301 [4e3bae72-6dec-40bd-99be-7c75f0b44aae:group-EC1057B35330:LeaderElection7] INFO  server.RaftServerConfigKeys (ConfUtils.java:logGet(43)) - raft.server.staging.catchup.gap = 1000 (default)
2019-09-20 08:30:33,301 [d2c36bd8-bad5-464c-8c6b-b124cc016412:group-A705C8F27CCE:LeaderElection8] INFO  server.RaftServerConfigKeys (ConfUtils.java:logGet(43)) - raft.server.rpc.sleep.time = 25ms (default)
2019-09-20 08:30:33,301 [4e3bae72-6dec-40bd-99be-7c75f0b44aae:group-EC1057B35330:LeaderElection7] INFO  server.RaftServerConfigKeys (ConfUtils.java:logGet(43)) - raft.server.rpc.sleep.time = 25ms (default)
2019-09-20 08:30:33,301 [d2c36bd8-bad5-464c-8c6b-b124cc016412:group-A705C8F27CCE:LeaderElection8] INFO  server.RaftServerConfigKeys (ConfUtils.java:logGet(43)) - raft.server.write.element-limit = 4096 (default)
2019-09-20 08:30:33,301 [4e3bae72-6dec-40bd-99be-7c75f0b44aae:group-EC1057B35330:LeaderElection7] INFO  server.RaftServerConfigKeys (ConfUtils.java:logGet(43)) - raft.server.write.element-limit = 4096 (default)
2019-09-20 08:30:33,301 [d2c36bd8-bad5-464c-8c6b-b124cc016412:group-A705C8F27CCE:LeaderElection8] INFO  server.RaftServerConfigKeys (ConfUtils.java:logGet(43)) - raft.server.watch.timeout = 10s (default)
2019-09-20 08:30:33,302 [4e3bae72-6dec-40bd-99be-7c75f0b44aae:group-EC1057B35330:LeaderElection7] INFO  server.RaftServerConfigKeys (ConfUtils.java:logGet(43)) - raft.server.watch.timeout = 10s (default)
2019-09-20 08:30:33,302 [d2c36bd8-bad5-464c-8c6b-b124cc016412:group-A705C8F27CCE:LeaderElection8] INFO  server.RaftServerConfigKeys (ConfUtils.java:logGet(43)) - raft.server.watch.timeout.denomination = 1s (default)
2019-09-20 08:30:33,302 [4e3bae72-6dec-40bd-99be-7c75f0b44aae:group-EC1057B35330:LeaderElection7] INFO  server.RaftServerConfigKeys (ConfUtils.java:logGet(43)) - raft.server.watch.timeout.denomination = 1s (default)
2019-09-20 08:30:33,302 [d2c36bd8-bad5-464c-8c6b-b124cc016412:group-A705C8F27CCE:LeaderElection8] INFO  server.RaftServerConfigKeys (ConfUtils.java:logGet(43)) - raft.server.watch.element-limit = 65536 (default)
2019-09-20 08:30:33,302 [4e3bae72-6dec-40bd-99be-7c75f0b44aae:group-EC1057B35330:LeaderElection7] INFO  server.RaftServerConfigKeys (ConfUtils.java:logGet(43)) - raft.server.watch.element-limit = 65536 (default)
2019-09-20 08:30:33,303 [d2c36bd8-bad5-464c-8c6b-b124cc016412:group-A705C8F27CCE:LeaderElection8] INFO  impl.RoleInfo (RoleInfo.java:updateAndGet(143)) - d2c36bd8-bad5-464c-8c6b-b124cc016412: start LeaderState
2019-09-20 08:30:33,303 [4e3bae72-6dec-40bd-99be-7c75f0b44aae:group-EC1057B35330:LeaderElection7] INFO  impl.RoleInfo (RoleInfo.java:updateAndGet(143)) - 4e3bae72-6dec-40bd-99be-7c75f0b44aae: start LeaderState
2019-09-20 08:30:33,303 [d2c36bd8-bad5-464c-8c6b-b124cc016412:group-A705C8F27CCE:LeaderElection8] INFO  segmented.SegmentedRaftLogWorker (SegmentedRaftLogWorker.java:startLogSegment(380)) - d2c36bd8-bad5-464c-8c6b-b124cc016412-SegmentedRaftLogWorker:Storage Directory /workdir/hadoop-ozone/tools/target/test-dir/MiniOzoneClusterImpl-27b2788d-4a5e-4768-9652-b88d14ddf2e4/datanode-3/data/ratis/6f16687c-a42a-4d84-959c-a705c8f27cce: Starting segment from index:0
2019-09-20 08:30:33,303 [4e3bae72-6dec-40bd-99be-7c75f0b44aae:group-EC1057B35330:LeaderElection7] INFO  segmented.SegmentedRaftLogWorker (SegmentedRaftLogWorker.java:startLogSegment(380)) - 4e3bae72-6dec-40bd-99be-7c75f0b44aae-SegmentedRaftLogWorker:Storage Directory /workdir/hadoop-ozone/tools/target/test-dir/MiniOzoneClusterImpl-27b2788d-4a5e-4768-9652-b88d14ddf2e4/datanode-2/data/ratis/17bb7a53-d274-45ca-8f20-ec1057b35330: Starting segment from index:0
2019-09-20 08:30:33,304 [d2c36bd8-bad5-464c-8c6b-b124cc016412:group-A705C8F27CCE:LeaderElection8] INFO  impl.RaftServerImpl (ServerState.java:setRaftConf(361)) - d2c36bd8-bad5-464c-8c6b-b124cc016412:group-A705C8F27CCE set configuration 0: [d2c36bd8-bad5-464c-8c6b-b124cc016412:192.168.34.27:36532], old=null at 0
2019-09-20 08:30:33,304 [4e3bae72-6dec-40bd-99be-7c75f0b44aae:group-EC1057B35330:LeaderElection7] INFO  impl.RaftServerImpl (ServerState.java:setRaftConf(361)) - 4e3bae72-6dec-40bd-99be-7c75f0b44aae:group-EC1057B35330 set configuration 0: [4e3bae72-6dec-40bd-99be-7c75f0b44aae:192.168.34.27:33584], old=null at 0
2019-09-20 08:30:33,341 [Thread-233] INFO  impl.FollowerState (FollowerState.java:run(106)) - e1a187e5-d89a-47f2-b2bd-c6db4da75c05:group-6A0CDE0089E7 changes to CANDIDATE, lastRpcTime:5036, electionTimeout:5005ms
2019-09-20 08:30:33,343 [Thread-233] INFO  impl.RoleInfo (RoleInfo.java:shutdownFollowerState(121)) - e1a187e5-d89a-47f2-b2bd-c6db4da75c05: shutdown FollowerState
2019-09-20 08:30:33,343 [Thread-233] INFO  impl.RaftServerImpl (RaftServerImpl.java:setRole(171)) - e1a187e5-d89a-47f2-b2bd-c6db4da75c05:group-6A0CDE0089E7 changes role from FOLLOWER to CANDIDATE at term 0 for changeToCandidate
2019-09-20 08:30:33,344 [Thread-233] INFO  impl.RoleInfo (RoleInfo.java:updateAndGet(143)) - e1a187e5-d89a-47f2-b2bd-c6db4da75c05: start LeaderElection
2019-09-20 08:30:33,353 | INFO  | SCMAudit | user=jenkins1000 | ip=192.168.34.27 | op=SEND_HEARTBEAT {datanodeUUID=d2c36bd8-bad5-464c-8c6b-b124cc016412, command=[]} | ret=SUCCESS |  
2019-09-20 08:30:33,365 [d2c36bd8-bad5-464c-8c6b-b124cc016412-SegmentedRaftLogWorker:Storage Directory /workdir/hadoop-ozone/tools/target/test-dir/MiniOzoneClusterImpl-27b2788d-4a5e-4768-9652-b88d14ddf2e4/datanode-3/data/ratis/6f16687c-a42a-4d84-959c-a705c8f27cce] INFO  segmented.SegmentedRaftLogWorker (SegmentedRaftLogWorker.java:execute(569)) - d2c36bd8-bad5-464c-8c6b-b124cc016412-SegmentedRaftLogWorker:Storage Directory /workdir/hadoop-ozone/tools/target/test-dir/MiniOzoneClusterImpl-27b2788d-4a5e-4768-9652-b88d14ddf2e4/datanode-3/data/ratis/6f16687c-a42a-4d84-959c-a705c8f27cce: created new log segment /workdir/hadoop-ozone/tools/target/test-dir/MiniOzoneClusterImpl-27b2788d-4a5e-4768-9652-b88d14ddf2e4/datanode-3/data/ratis/6f16687c-a42a-4d84-959c-a705c8f27cce/current/log_inprogress_0
2019-09-20 08:30:33,365 [4e3bae72-6dec-40bd-99be-7c75f0b44aae-SegmentedRaftLogWorker:Storage Directory /workdir/hadoop-ozone/tools/target/test-dir/MiniOzoneClusterImpl-27b2788d-4a5e-4768-9652-b88d14ddf2e4/datanode-2/data/ratis/17bb7a53-d274-45ca-8f20-ec1057b35330] INFO  segmented.SegmentedRaftLogWorker (SegmentedRaftLogWorker.java:execute(569)) - 4e3bae72-6dec-40bd-99be-7c75f0b44aae-SegmentedRaftLogWorker:Storage Directory /workdir/hadoop-ozone/tools/target/test-dir/MiniOzoneClusterImpl-27b2788d-4a5e-4768-9652-b88d14ddf2e4/datanode-2/data/ratis/17bb7a53-d274-45ca-8f20-ec1057b35330: created new log segment /workdir/hadoop-ozone/tools/target/test-dir/MiniOzoneClusterImpl-27b2788d-4a5e-4768-9652-b88d14ddf2e4/datanode-2/data/ratis/17bb7a53-d274-45ca-8f20-ec1057b35330/current/log_inprogress_0
2019-09-20 08:30:33,365 [e1a187e5-d89a-47f2-b2bd-c6db4da75c05:group-6A0CDE0089E7:LeaderElection9] INFO  impl.LeaderElection (LeaderElection.java:askForVotes(181)) - e1a187e5-d89a-47f2-b2bd-c6db4da75c05:group-6A0CDE0089E7:LeaderElection9: begin an election at term 1 for -1: [e1a187e5-d89a-47f2-b2bd-c6db4da75c05:192.168.34.27:38433], old=null
2019-09-20 08:30:33,367 [e1a187e5-d89a-47f2-b2bd-c6db4da75c05:group-6A0CDE0089E7:LeaderElection9] INFO  impl.RoleInfo (RoleInfo.java:shutdownLeaderElection(134)) - e1a187e5-d89a-47f2-b2bd-c6db4da75c05: shutdown LeaderElection
2019-09-20 08:30:33,368 [e1a187e5-d89a-47f2-b2bd-c6db4da75c05:group-6A0CDE0089E7:LeaderElection9] INFO  impl.RaftServerImpl (RaftServerImpl.java:setRole(171)) - e1a187e5-d89a-47f2-b2bd-c6db4da75c05:group-6A0CDE0089E7 changes role from CANDIDATE to LEADER at term 1 for changeToLeader
2019-09-20 08:30:33,368 [e1a187e5-d89a-47f2-b2bd-c6db4da75c05:group-6A0CDE0089E7:LeaderElection9] INFO  impl.RaftServerImpl (ServerState.java:setLeader(263)) - e1a187e5-d89a-47f2-b2bd-c6db4da75c05:group-6A0CDE0089E7 change Leader from null to e1a187e5-d89a-47f2-b2bd-c6db4da75c05 at term 1 for becomeLeader, leader elected after 5068ms
2019-09-20 08:30:33,368 [e1a187e5-d89a-47f2-b2bd-c6db4da75c05:group-6A0CDE0089E7:LeaderElection9] INFO  server.RaftServerConfigKeys (ConfUtils.java:logGet(43)) - raft.server.staging.catchup.gap = 1000 (default)
2019-09-20 08:30:33,368 [e1a187e5-d89a-47f2-b2bd-c6db4da75c05:group-6A0CDE0089E7:LeaderElection9] INFO  server.RaftServerConfigKeys (ConfUtils.java:logGet(43)) - raft.server.rpc.sleep.time = 25ms (default)
2019-09-20 08:30:33,369 [e1a187e5-d89a-47f2-b2bd-c6db4da75c05:group-6A0CDE0089E7:LeaderElection9] INFO  server.RaftServerConfigKeys (ConfUtils.java:logGet(43)) - raft.server.write.element-limit = 4096 (default)
2019-09-20 08:30:33,369 [e1a187e5-d89a-47f2-b2bd-c6db4da75c05:group-6A0CDE0089E7:LeaderElection9] INFO  server.RaftServerConfigKeys (ConfUtils.java:logGet(43)) - raft.server.watch.timeout = 10s (default)
2019-09-20 08:30:33,369 [e1a187e5-d89a-47f2-b2bd-c6db4da75c05:group-6A0CDE0089E7:LeaderElection9] INFO  server.RaftServerConfigKeys (ConfUtils.java:logGet(43)) - raft.server.watch.timeout.denomination = 1s (default)
2019-09-20 08:30:33,369 [e1a187e5-d89a-47f2-b2bd-c6db4da75c05:group-6A0CDE0089E7:LeaderElection9] INFO  server.RaftServerConfigKeys (ConfUtils.java:logGet(43)) - raft.server.watch.element-limit = 65536 (default)
2019-09-20 08:30:33,369 [e1a187e5-d89a-47f2-b2bd-c6db4da75c05:group-6A0CDE0089E7:LeaderElection9] INFO  impl.RoleInfo (RoleInfo.java:updateAndGet(143)) - e1a187e5-d89a-47f2-b2bd-c6db4da75c05: start LeaderState
2019-09-20 08:30:33,370 [e1a187e5-d89a-47f2-b2bd-c6db4da75c05:group-6A0CDE0089E7:LeaderElection9] INFO  segmented.SegmentedRaftLogWorker (SegmentedRaftLogWorker.java:startLogSegment(380)) - e1a187e5-d89a-47f2-b2bd-c6db4da75c05-SegmentedRaftLogWorker:Storage Directory /workdir/hadoop-ozone/tools/target/test-dir/MiniOzoneClusterImpl-27b2788d-4a5e-4768-9652-b88d14ddf2e4/datanode-0/data/ratis/70e28a07-8fd9-4661-98e9-6a0cde0089e7: Starting segment from index:0
2019-09-20 08:30:33,370 [e1a187e5-d89a-47f2-b2bd-c6db4da75c05:group-6A0CDE0089E7:LeaderElection9] INFO  impl.RaftServerImpl (ServerState.java:setRaftConf(361)) - e1a187e5-d89a-47f2-b2bd-c6db4da75c05:group-6A0CDE0089E7 set configuration 0: [e1a187e5-d89a-47f2-b2bd-c6db4da75c05:192.168.34.27:38433], old=null at 0
2019-09-20 08:30:33,407 | INFO  | SCMAudit | user=jenkins1000 | ip=192.168.34.27 | op=SEND_HEARTBEAT {datanodeUUID=6f5cd177-0d50-44f5-9dda-f28331356997, command=[]} | ret=SUCCESS |  
2019-09-20 08:30:33,413 | INFO  | SCMAudit | user=jenkins1000 | ip=192.168.34.27 | op=SEND_HEARTBEAT {datanodeUUID=e1a187e5-d89a-47f2-b2bd-c6db4da75c05, command=[]} | ret=SUCCESS |  
2019-09-20 08:30:33,430 [e1a187e5-d89a-47f2-b2bd-c6db4da75c05-SegmentedRaftLogWorker:Storage Directory /workdir/hadoop-ozone/tools/target/test-dir/MiniOzoneClusterImpl-27b2788d-4a5e-4768-9652-b88d14ddf2e4/datanode-0/data/ratis/70e28a07-8fd9-4661-98e9-6a0cde0089e7] INFO  segmented.SegmentedRaftLogWorker (SegmentedRaftLogWorker.java:execute(569)) - e1a187e5-d89a-47f2-b2bd-c6db4da75c05-SegmentedRaftLogWorker:Storage Directory /workdir/hadoop-ozone/tools/target/test-dir/MiniOzoneClusterImpl-27b2788d-4a5e-4768-9652-b88d14ddf2e4/datanode-0/data/ratis/70e28a07-8fd9-4661-98e9-6a0cde0089e7: created new log segment /workdir/hadoop-ozone/tools/target/test-dir/MiniOzoneClusterImpl-27b2788d-4a5e-4768-9652-b88d14ddf2e4/datanode-0/data/ratis/70e28a07-8fd9-4661-98e9-6a0cde0089e7/current/log_inprogress_0
2019-09-20 08:30:33,514 [Thread-240] INFO  impl.FollowerState (FollowerState.java:run(106)) - d2c36bd8-bad5-464c-8c6b-b124cc016412:group-AB23BA93EB1D changes to CANDIDATE, lastRpcTime:5056, electionTimeout:5056ms
2019-09-20 08:30:33,514 [Thread-240] INFO  impl.RoleInfo (RoleInfo.java:shutdownFollowerState(121)) - d2c36bd8-bad5-464c-8c6b-b124cc016412: shutdown FollowerState
2019-09-20 08:30:33,515 [Thread-240] INFO  impl.RaftServerImpl (RaftServerImpl.java:setRole(171)) - d2c36bd8-bad5-464c-8c6b-b124cc016412:group-AB23BA93EB1D changes role from FOLLOWER to CANDIDATE at term 0 for changeToCandidate
2019-09-20 08:30:33,515 [Thread-240] INFO  impl.RoleInfo (RoleInfo.java:updateAndGet(143)) - d2c36bd8-bad5-464c-8c6b-b124cc016412: start LeaderElection
2019-09-20 08:30:33,523 [Thread-236] INFO  impl.FollowerState (FollowerState.java:run(106)) - d2c36bd8-bad5-464c-8c6b-b124cc016412:group-F6A4C4C7B6D6 changes to CANDIDATE, lastRpcTime:5139, electionTimeout:5139ms
2019-09-20 08:30:33,529 [Thread-236] INFO  impl.RoleInfo (RoleInfo.java:shutdownFollowerState(121)) - d2c36bd8-bad5-464c-8c6b-b124cc016412: shutdown FollowerState
2019-09-20 08:30:33,529 [Thread-236] INFO  impl.RaftServerImpl (RaftServerImpl.java:setRole(171)) - d2c36bd8-bad5-464c-8c6b-b124cc016412:group-F6A4C4C7B6D6 changes role from FOLLOWER to CANDIDATE at term 0 for changeToCandidate
2019-09-20 08:30:33,530 [Thread-236] INFO  impl.RoleInfo (RoleInfo.java:updateAndGet(143)) - d2c36bd8-bad5-464c-8c6b-b124cc016412: start LeaderElection
2019-09-20 08:30:33,540 [d2c36bd8-bad5-464c-8c6b-b124cc016412:group-AB23BA93EB1D:LeaderElection10] INFO  impl.LeaderElection (LeaderElection.java:askForVotes(181)) - d2c36bd8-bad5-464c-8c6b-b124cc016412:group-AB23BA93EB1D:LeaderElection10: begin an election at term 1 for -1: [d2c36bd8-bad5-464c-8c6b-b124cc016412:192.168.34.27:36532], old=null
2019-09-20 08:30:33,540 [d2c36bd8-bad5-464c-8c6b-b124cc016412:group-F6A4C4C7B6D6:LeaderElection11] INFO  impl.LeaderElection (LeaderElection.java:askForVotes(181)) - d2c36bd8-bad5-464c-8c6b-b124cc016412:group-F6A4C4C7B6D6:LeaderElection11: begin an election at term 1 for -1: [d2c36bd8-bad5-464c-8c6b-b124cc016412:192.168.34.27:36532], old=null
2019-09-20 08:30:33,540 [d2c36bd8-bad5-464c-8c6b-b124cc016412:group-AB23BA93EB1D:LeaderElection10] INFO  impl.RoleInfo (RoleInfo.java:shutdownLeaderElection(134)) - d2c36bd8-bad5-464c-8c6b-b124cc016412: shutdown LeaderElection
2019-09-20 08:30:33,540 [d2c36bd8-bad5-464c-8c6b-b124cc016412:group-F6A4C4C7B6D6:LeaderElection11] INFO  impl.RoleInfo (RoleInfo.java:shutdownLeaderElection(134)) - d2c36bd8-bad5-464c-8c6b-b124cc016412: shutdown LeaderElection
2019-09-20 08:30:33,540 [d2c36bd8-bad5-464c-8c6b-b124cc016412:group-AB23BA93EB1D:LeaderElection10] INFO  impl.RaftServerImpl (RaftServerImpl.java:setRole(171)) - d2c36bd8-bad5-464c-8c6b-b124cc016412:group-AB23BA93EB1D changes role from CANDIDATE to LEADER at term 1 for changeToLeader
2019-09-20 08:30:33,541 [d2c36bd8-bad5-464c-8c6b-b124cc016412:group-F6A4C4C7B6D6:LeaderElection11] INFO  impl.RaftServerImpl (RaftServerImpl.java:setRole(171)) - d2c36bd8-bad5-464c-8c6b-b124cc016412:group-F6A4C4C7B6D6 changes role from CANDIDATE to LEADER at term 1 for changeToLeader
2019-09-20 08:30:33,541 [d2c36bd8-bad5-464c-8c6b-b124cc016412:group-AB23BA93EB1D:LeaderElection10] INFO  impl.RaftServerImpl (ServerState.java:setLeader(263)) - d2c36bd8-bad5-464c-8c6b-b124cc016412:group-AB23BA93EB1D change Leader from null to d2c36bd8-bad5-464c-8c6b-b124cc016412 at term 1 for becomeLeader, leader elected after 5088ms
2019-09-20 08:30:33,541 [d2c36bd8-bad5-464c-8c6b-b124cc016412:group-F6A4C4C7B6D6:LeaderElection11] INFO  impl.RaftServerImpl (ServerState.java:setLeader(263)) - d2c36bd8-bad5-464c-8c6b-b124cc016412:group-F6A4C4C7B6D6 change Leader from null to d2c36bd8-bad5-464c-8c6b-b124cc016412 at term 1 for becomeLeader, leader elected after 5162ms
2019-09-20 08:30:33,541 [d2c36bd8-bad5-464c-8c6b-b124cc016412:group-AB23BA93EB1D:LeaderElection10] INFO  server.RaftServerConfigKeys (ConfUtils.java:logGet(43)) - raft.server.staging.catchup.gap = 1000 (default)
2019-09-20 08:30:33,541 [d2c36bd8-bad5-464c-8c6b-b124cc016412:group-F6A4C4C7B6D6:LeaderElection11] INFO  server.RaftServerConfigKeys (ConfUtils.java:logGet(43)) - raft.server.staging.catchup.gap = 1000 (default)
2019-09-20 08:30:33,541 [d2c36bd8-bad5-464c-8c6b-b124cc016412:group-AB23BA93EB1D:LeaderElection10] INFO  server.RaftServerConfigKeys (ConfUtils.java:logGet(43)) - raft.server.rpc.sleep.time = 25ms (default)
2019-09-20 08:30:33,541 [d2c36bd8-bad5-464c-8c6b-b124cc016412:group-F6A4C4C7B6D6:LeaderElection11] INFO  server.RaftServerConfigKeys (ConfUtils.java:logGet(43)) - raft.server.rpc.sleep.time = 25ms (default)
2019-09-20 08:30:33,542 [d2c36bd8-bad5-464c-8c6b-b124cc016412:group-AB23BA93EB1D:LeaderElection10] INFO  server.RaftServerConfigKeys (ConfUtils.java:logGet(43)) - raft.server.write.element-limit = 4096 (default)
2019-09-20 08:30:33,542 [d2c36bd8-bad5-464c-8c6b-b124cc016412:group-F6A4C4C7B6D6:LeaderElection11] INFO  server.RaftServerConfigKeys (ConfUtils.java:logGet(43)) - raft.server.write.element-limit = 4096 (default)
2019-09-20 08:30:33,542 [d2c36bd8-bad5-464c-8c6b-b124cc016412:group-AB23BA93EB1D:LeaderElection10] INFO  server.RaftServerConfigKeys (ConfUtils.java:logGet(43)) - raft.server.watch.timeout = 10s (default)
2019-09-20 08:30:33,542 [d2c36bd8-bad5-464c-8c6b-b124cc016412:group-F6A4C4C7B6D6:LeaderElection11] INFO  server.RaftServerConfigKeys (ConfUtils.java:logGet(43)) - raft.server.watch.timeout = 10s (default)
2019-09-20 08:30:33,542 [d2c36bd8-bad5-464c-8c6b-b124cc016412:group-AB23BA93EB1D:LeaderElection10] INFO  server.RaftServerConfigKeys (ConfUtils.java:logGet(43)) - raft.server.watch.timeout.denomination = 1s (default)
2019-09-20 08:30:33,542 [d2c36bd8-bad5-464c-8c6b-b124cc016412:group-F6A4C4C7B6D6:LeaderElection11] INFO  server.RaftServerConfigKeys (ConfUtils.java:logGet(43)) - raft.server.watch.timeout.denomination = 1s (default)
2019-09-20 08:30:33,543 [d2c36bd8-bad5-464c-8c6b-b124cc016412:group-AB23BA93EB1D:LeaderElection10] INFO  server.RaftServerConfigKeys (ConfUtils.java:logGet(43)) - raft.server.watch.element-limit = 65536 (default)
2019-09-20 08:30:33,543 [d2c36bd8-bad5-464c-8c6b-b124cc016412:group-F6A4C4C7B6D6:LeaderElection11] INFO  server.RaftServerConfigKeys (ConfUtils.java:logGet(43)) - raft.server.watch.element-limit = 65536 (default)
2019-09-20 08:30:33,543 [d2c36bd8-bad5-464c-8c6b-b124cc016412:group-AB23BA93EB1D:LeaderElection10] INFO  impl.RoleInfo (RoleInfo.java:updateAndGet(143)) - d2c36bd8-bad5-464c-8c6b-b124cc016412: start LeaderState
2019-09-20 08:30:33,543 [d2c36bd8-bad5-464c-8c6b-b124cc016412:group-F6A4C4C7B6D6:LeaderElection11] INFO  impl.RoleInfo (RoleInfo.java:updateAndGet(143)) - d2c36bd8-bad5-464c-8c6b-b124cc016412: start LeaderState
2019-09-20 08:30:33,543 [d2c36bd8-bad5-464c-8c6b-b124cc016412:group-AB23BA93EB1D:LeaderElection10] INFO  segmented.SegmentedRaftLogWorker (SegmentedRaftLogWorker.java:startLogSegment(380)) - d2c36bd8-bad5-464c-8c6b-b124cc016412-SegmentedRaftLogWorker:Storage Directory /workdir/hadoop-ozone/tools/target/test-dir/MiniOzoneClusterImpl-27b2788d-4a5e-4768-9652-b88d14ddf2e4/datanode-3/data/ratis/50fc9a94-be0b-4b7e-8928-ab23ba93eb1d: Starting segment from index:0
2019-09-20 08:30:33,544 [d2c36bd8-bad5-464c-8c6b-b124cc016412:group-F6A4C4C7B6D6:LeaderElection11] INFO  segmented.SegmentedRaftLogWorker (SegmentedRaftLogWorker.java:startLogSegment(380)) - d2c36bd8-bad5-464c-8c6b-b124cc016412-SegmentedRaftLogWorker:Storage Directory /workdir/hadoop-ozone/tools/target/test-dir/MiniOzoneClusterImpl-27b2788d-4a5e-4768-9652-b88d14ddf2e4/datanode-3/data/ratis/2577b900-869b-46a9-b654-f6a4c4c7b6d6: Starting segment from index:0
2019-09-20 08:30:33,544 [d2c36bd8-bad5-464c-8c6b-b124cc016412:group-AB23BA93EB1D:LeaderElection10] INFO  impl.RaftServerImpl (ServerState.java:setRaftConf(361)) - d2c36bd8-bad5-464c-8c6b-b124cc016412:group-AB23BA93EB1D set configuration 0: [d2c36bd8-bad5-464c-8c6b-b124cc016412:192.168.34.27:36532], old=null at 0
2019-09-20 08:30:33,593 [d2c36bd8-bad5-464c-8c6b-b124cc016412:group-F6A4C4C7B6D6:LeaderElection11] INFO  impl.RaftServerImpl (ServerState.java:setRaftConf(361)) - d2c36bd8-bad5-464c-8c6b-b124cc016412:group-F6A4C4C7B6D6 set configuration 0: [d2c36bd8-bad5-464c-8c6b-b124cc016412:192.168.34.27:36532], old=null at 0
2019-09-20 08:30:33,605 [d2c36bd8-bad5-464c-8c6b-b124cc016412-SegmentedRaftLogWorker:Storage Directory /workdir/hadoop-ozone/tools/target/test-dir/MiniOzoneClusterImpl-27b2788d-4a5e-4768-9652-b88d14ddf2e4/datanode-3/data/ratis/2577b900-869b-46a9-b654-f6a4c4c7b6d6] INFO  segmented.SegmentedRaftLogWorker (SegmentedRaftLogWorker.java:execute(569)) - d2c36bd8-bad5-464c-8c6b-b124cc016412-SegmentedRaftLogWorker:Storage Directory /workdir/hadoop-ozone/tools/target/test-dir/MiniOzoneClusterImpl-27b2788d-4a5e-4768-9652-b88d14ddf2e4/datanode-3/data/ratis/2577b900-869b-46a9-b654-f6a4c4c7b6d6: created new log segment /workdir/hadoop-ozone/tools/target/test-dir/MiniOzoneClusterImpl-27b2788d-4a5e-4768-9652-b88d14ddf2e4/datanode-3/data/ratis/2577b900-869b-46a9-b654-f6a4c4c7b6d6/current/log_inprogress_0
2019-09-20 08:30:33,605 [d2c36bd8-bad5-464c-8c6b-b124cc016412-SegmentedRaftLogWorker:Storage Directory /workdir/hadoop-ozone/tools/target/test-dir/MiniOzoneClusterImpl-27b2788d-4a5e-4768-9652-b88d14ddf2e4/datanode-3/data/ratis/50fc9a94-be0b-4b7e-8928-ab23ba93eb1d] INFO  segmented.SegmentedRaftLogWorker (SegmentedRaftLogWorker.java:execute(569)) - d2c36bd8-bad5-464c-8c6b-b124cc016412-SegmentedRaftLogWorker:Storage Directory /workdir/hadoop-ozone/tools/target/test-dir/MiniOzoneClusterImpl-27b2788d-4a5e-4768-9652-b88d14ddf2e4/datanode-3/data/ratis/50fc9a94-be0b-4b7e-8928-ab23ba93eb1d: created new log segment /workdir/hadoop-ozone/tools/target/test-dir/MiniOzoneClusterImpl-27b2788d-4a5e-4768-9652-b88d14ddf2e4/datanode-3/data/ratis/50fc9a94-be0b-4b7e-8928-ab23ba93eb1d/current/log_inprogress_0
2019-09-20 08:30:33,645 [Thread-243] INFO  impl.FollowerState (FollowerState.java:run(106)) - e1a187e5-d89a-47f2-b2bd-c6db4da75c05:group-4107DF31FB70 changes to CANDIDATE, lastRpcTime:5121, electionTimeout:5121ms
2019-09-20 08:30:33,645 [Thread-243] INFO  impl.RoleInfo (RoleInfo.java:shutdownFollowerState(121)) - e1a187e5-d89a-47f2-b2bd-c6db4da75c05: shutdown FollowerState
2019-09-20 08:30:33,646 [Thread-243] INFO  impl.RaftServerImpl (RaftServerImpl.java:setRole(171)) - e1a187e5-d89a-47f2-b2bd-c6db4da75c05:group-4107DF31FB70 changes role from FOLLOWER to CANDIDATE at term 0 for changeToCandidate
2019-09-20 08:30:33,646 [Thread-243] INFO  impl.RoleInfo (RoleInfo.java:updateAndGet(143)) - e1a187e5-d89a-47f2-b2bd-c6db4da75c05: start LeaderElection
2019-09-20 08:30:33,662 [e1a187e5-d89a-47f2-b2bd-c6db4da75c05:group-4107DF31FB70:LeaderElection12] INFO  impl.LeaderElection (LeaderElection.java:askForVotes(181)) - e1a187e5-d89a-47f2-b2bd-c6db4da75c05:group-4107DF31FB70:LeaderElection12: begin an election at term 1 for -1: [e1a187e5-d89a-47f2-b2bd-c6db4da75c05:192.168.34.27:38433], old=null
2019-09-20 08:30:33,662 [e1a187e5-d89a-47f2-b2bd-c6db4da75c05:group-4107DF31FB70:LeaderElection12] INFO  impl.RoleInfo (RoleInfo.java:shutdownLeaderElection(134)) - e1a187e5-d89a-47f2-b2bd-c6db4da75c05: shutdown LeaderElection
2019-09-20 08:30:33,662 [e1a187e5-d89a-47f2-b2bd-c6db4da75c05:group-4107DF31FB70:LeaderElection12] INFO  impl.RaftServerImpl (RaftServerImpl.java:setRole(171)) - e1a187e5-d89a-47f2-b2bd-c6db4da75c05:group-4107DF31FB70 changes role from CANDIDATE to LEADER at term 1 for changeToLeader
2019-09-20 08:30:33,663 [e1a187e5-d89a-47f2-b2bd-c6db4da75c05:group-4107DF31FB70:LeaderElection12] INFO  impl.RaftServerImpl (ServerState.java:setLeader(263)) - e1a187e5-d89a-47f2-b2bd-c6db4da75c05:group-4107DF31FB70 change Leader from null to e1a187e5-d89a-47f2-b2bd-c6db4da75c05 at term 1 for becomeLeader, leader elected after 5144ms
2019-09-20 08:30:33,663 [e1a187e5-d89a-47f2-b2bd-c6db4da75c05:group-4107DF31FB70:LeaderElection12] INFO  server.RaftServerConfigKeys (ConfUtils.java:logGet(43)) - raft.server.staging.catchup.gap = 1000 (default)
2019-09-20 08:30:33,663 [e1a187e5-d89a-47f2-b2bd-c6db4da75c05:group-4107DF31FB70:LeaderElection12] INFO  server.RaftServerConfigKeys (ConfUtils.java:logGet(43)) - raft.server.rpc.sleep.time = 25ms (default)
2019-09-20 08:30:33,663 [e1a187e5-d89a-47f2-b2bd-c6db4da75c05:group-4107DF31FB70:LeaderElection12] INFO  server.RaftServerConfigKeys (ConfUtils.java:logGet(43)) - raft.server.write.element-limit = 4096 (default)
2019-09-20 08:30:33,663 [e1a187e5-d89a-47f2-b2bd-c6db4da75c05:group-4107DF31FB70:LeaderElection12] INFO  server.RaftServerConfigKeys (ConfUtils.java:logGet(43)) - raft.server.watch.timeout = 10s (default)
2019-09-20 08:30:33,664 [e1a187e5-d89a-47f2-b2bd-c6db4da75c05:group-4107DF31FB70:LeaderElection12] INFO  server.RaftServerConfigKeys (ConfUtils.java:logGet(43)) - raft.server.watch.timeout.denomination = 1s (default)
2019-09-20 08:30:33,664 [e1a187e5-d89a-47f2-b2bd-c6db4da75c05:group-4107DF31FB70:LeaderElection12] INFO  server.RaftServerConfigKeys (ConfUtils.java:logGet(43)) - raft.server.watch.element-limit = 65536 (default)
2019-09-20 08:30:33,664 [e1a187e5-d89a-47f2-b2bd-c6db4da75c05:group-4107DF31FB70:LeaderElection12] INFO  impl.RoleInfo (RoleInfo.java:updateAndGet(143)) - e1a187e5-d89a-47f2-b2bd-c6db4da75c05: start LeaderState
2019-09-20 08:30:33,665 [e1a187e5-d89a-47f2-b2bd-c6db4da75c05:group-4107DF31FB70:LeaderElection12] INFO  segmented.SegmentedRaftLogWorker (SegmentedRaftLogWorker.java:startLogSegment(380)) - e1a187e5-d89a-47f2-b2bd-c6db4da75c05-SegmentedRaftLogWorker:Storage Directory /workdir/hadoop-ozone/tools/target/test-dir/MiniOzoneClusterImpl-27b2788d-4a5e-4768-9652-b88d14ddf2e4/datanode-0/data/ratis/35a03c51-552d-4698-910e-4107df31fb70: Starting segment from index:0
2019-09-20 08:30:33,665 [e1a187e5-d89a-47f2-b2bd-c6db4da75c05:group-4107DF31FB70:LeaderElection12] INFO  impl.RaftServerImpl (ServerState.java:setRaftConf(361)) - e1a187e5-d89a-47f2-b2bd-c6db4da75c05:group-4107DF31FB70 set configuration 0: [e1a187e5-d89a-47f2-b2bd-c6db4da75c05:192.168.34.27:38433], old=null at 0
2019-09-20 08:30:33,705 [Thread-250] INFO  impl.FollowerState (FollowerState.java:run(106)) - d2c36bd8-bad5-464c-8c6b-b124cc016412:group-8C64D6F07188 changes to CANDIDATE, lastRpcTime:5034, electionTimeout:5034ms
2019-09-20 08:30:33,705 [Thread-250] INFO  impl.RoleInfo (RoleInfo.java:shutdownFollowerState(121)) - d2c36bd8-bad5-464c-8c6b-b124cc016412: shutdown FollowerState
2019-09-20 08:30:33,706 [Thread-250] INFO  impl.RaftServerImpl (RaftServerImpl.java:setRole(171)) - d2c36bd8-bad5-464c-8c6b-b124cc016412:group-8C64D6F07188 changes role from FOLLOWER to CANDIDATE at term 0 for changeToCandidate
2019-09-20 08:30:33,706 [Thread-250] INFO  impl.RoleInfo (RoleInfo.java:updateAndGet(143)) - d2c36bd8-bad5-464c-8c6b-b124cc016412: start LeaderElection
2019-09-20 08:30:33,712 | INFO  | SCMAudit | user=jenkins1000 | ip=192.168.34.27 | op=SEND_HEARTBEAT {datanodeUUID=c8a425d5-130a-4202-9db9-9fe847e02d96, command=[]} | ret=SUCCESS |  
2019-09-20 08:30:33,727 [e1a187e5-d89a-47f2-b2bd-c6db4da75c05-SegmentedRaftLogWorker:Storage Directory /workdir/hadoop-ozone/tools/target/test-dir/MiniOzoneClusterImpl-27b2788d-4a5e-4768-9652-b88d14ddf2e4/datanode-0/data/ratis/35a03c51-552d-4698-910e-4107df31fb70] INFO  segmented.SegmentedRaftLogWorker (SegmentedRaftLogWorker.java:execute(569)) - e1a187e5-d89a-47f2-b2bd-c6db4da75c05-SegmentedRaftLogWorker:Storage Directory /workdir/hadoop-ozone/tools/target/test-dir/MiniOzoneClusterImpl-27b2788d-4a5e-4768-9652-b88d14ddf2e4/datanode-0/data/ratis/35a03c51-552d-4698-910e-4107df31fb70: created new log segment /workdir/hadoop-ozone/tools/target/test-dir/MiniOzoneClusterImpl-27b2788d-4a5e-4768-9652-b88d14ddf2e4/datanode-0/data/ratis/35a03c51-552d-4698-910e-4107df31fb70/current/log_inprogress_0
2019-09-20 08:30:33,727 [d2c36bd8-bad5-464c-8c6b-b124cc016412:group-8C64D6F07188:LeaderElection13] INFO  impl.LeaderElection (LeaderElection.java:askForVotes(181)) - d2c36bd8-bad5-464c-8c6b-b124cc016412:group-8C64D6F07188:LeaderElection13: begin an election at term 1 for -1: [d2c36bd8-bad5-464c-8c6b-b124cc016412:192.168.34.27:36532], old=null
2019-09-20 08:30:33,727 [d2c36bd8-bad5-464c-8c6b-b124cc016412:group-8C64D6F07188:LeaderElection13] INFO  impl.RoleInfo (RoleInfo.java:shutdownLeaderElection(134)) - d2c36bd8-bad5-464c-8c6b-b124cc016412: shutdown LeaderElection
2019-09-20 08:30:33,727 [d2c36bd8-bad5-464c-8c6b-b124cc016412:group-8C64D6F07188:LeaderElection13] INFO  impl.RaftServerImpl (RaftServerImpl.java:setRole(171)) - d2c36bd8-bad5-464c-8c6b-b124cc016412:group-8C64D6F07188 changes role from CANDIDATE to LEADER at term 1 for changeToLeader
2019-09-20 08:30:33,727 [d2c36bd8-bad5-464c-8c6b-b124cc016412:group-8C64D6F07188:LeaderElection13] INFO  impl.RaftServerImpl (ServerState.java:setLeader(263)) - d2c36bd8-bad5-464c-8c6b-b124cc016412:group-8C64D6F07188 change Leader from null to d2c36bd8-bad5-464c-8c6b-b124cc016412 at term 1 for becomeLeader, leader elected after 5061ms
2019-09-20 08:30:33,727 [d2c36bd8-bad5-464c-8c6b-b124cc016412:group-8C64D6F07188:LeaderElection13] INFO  server.RaftServerConfigKeys (ConfUtils.java:logGet(43)) - raft.server.staging.catchup.gap = 1000 (default)
2019-09-20 08:30:33,728 [d2c36bd8-bad5-464c-8c6b-b124cc016412:group-8C64D6F07188:LeaderElection13] INFO  server.RaftServerConfigKeys (ConfUtils.java:logGet(43)) - raft.server.rpc.sleep.time = 25ms (default)
2019-09-20 08:30:33,728 [d2c36bd8-bad5-464c-8c6b-b124cc016412:group-8C64D6F07188:LeaderElection13] INFO  server.RaftServerConfigKeys (ConfUtils.java:logGet(43)) - raft.server.write.element-limit = 4096 (default)
2019-09-20 08:30:33,728 [d2c36bd8-bad5-464c-8c6b-b124cc016412:group-8C64D6F07188:LeaderElection13] INFO  server.RaftServerConfigKeys (ConfUtils.java:logGet(43)) - raft.server.watch.timeout = 10s (default)
2019-09-20 08:30:33,728 [d2c36bd8-bad5-464c-8c6b-b124cc016412:group-8C64D6F07188:LeaderElection13] INFO  server.RaftServerConfigKeys (ConfUtils.java:logGet(43)) - raft.server.watch.timeout.denomination = 1s (default)
2019-09-20 08:30:33,728 [d2c36bd8-bad5-464c-8c6b-b124cc016412:group-8C64D6F07188:LeaderElection13] INFO  server.RaftServerConfigKeys (ConfUtils.java:logGet(43)) - raft.server.watch.element-limit = 65536 (default)
2019-09-20 08:30:33,728 [d2c36bd8-bad5-464c-8c6b-b124cc016412:group-8C64D6F07188:LeaderElection13] INFO  impl.RoleInfo (RoleInfo.java:updateAndGet(143)) - d2c36bd8-bad5-464c-8c6b-b124cc016412: start LeaderState
2019-09-20 08:30:33,729 [d2c36bd8-bad5-464c-8c6b-b124cc016412:group-8C64D6F07188:LeaderElection13] INFO  segmented.SegmentedRaftLogWorker (SegmentedRaftLogWorker.java:startLogSegment(380)) - d2c36bd8-bad5-464c-8c6b-b124cc016412-SegmentedRaftLogWorker:Storage Directory /workdir/hadoop-ozone/tools/target/test-dir/MiniOzoneClusterImpl-27b2788d-4a5e-4768-9652-b88d14ddf2e4/datanode-3/data/ratis/42e8afee-7aae-441e-8f09-8c64d6f07188: Starting segment from index:0
2019-09-20 08:30:33,729 [d2c36bd8-bad5-464c-8c6b-b124cc016412:group-8C64D6F07188:LeaderElection13] INFO  impl.RaftServerImpl (ServerState.java:setRaftConf(361)) - d2c36bd8-bad5-464c-8c6b-b124cc016412:group-8C64D6F07188 set configuration 0: [d2c36bd8-bad5-464c-8c6b-b124cc016412:192.168.34.27:36532], old=null at 0
2019-09-20 08:30:33,776 [Thread-246] INFO  impl.FollowerState (FollowerState.java:run(106)) - 4e3bae72-6dec-40bd-99be-7c75f0b44aae:group-D7B3BF2F3BC3 changes to CANDIDATE, lastRpcTime:5172, electionTimeout:5172ms
2019-09-20 08:30:33,777 [Thread-246] INFO  impl.RoleInfo (RoleInfo.java:shutdownFollowerState(121)) - 4e3bae72-6dec-40bd-99be-7c75f0b44aae: shutdown FollowerState
2019-09-20 08:30:33,777 [Thread-246] INFO  impl.RaftServerImpl (RaftServerImpl.java:setRole(171)) - 4e3bae72-6dec-40bd-99be-7c75f0b44aae:group-D7B3BF2F3BC3 changes role from FOLLOWER to CANDIDATE at term 0 for changeToCandidate
2019-09-20 08:30:33,777 [d2c36bd8-bad5-464c-8c6b-b124cc016412-SegmentedRaftLogWorker:Storage Directory /workdir/hadoop-ozone/tools/target/test-dir/MiniOzoneClusterImpl-27b2788d-4a5e-4768-9652-b88d14ddf2e4/datanode-3/data/ratis/42e8afee-7aae-441e-8f09-8c64d6f07188] INFO  segmented.SegmentedRaftLogWorker (SegmentedRaftLogWorker.java:execute(569)) - d2c36bd8-bad5-464c-8c6b-b124cc016412-SegmentedRaftLogWorker:Storage Directory /workdir/hadoop-ozone/tools/target/test-dir/MiniOzoneClusterImpl-27b2788d-4a5e-4768-9652-b88d14ddf2e4/datanode-3/data/ratis/42e8afee-7aae-441e-8f09-8c64d6f07188: created new log segment /workdir/hadoop-ozone/tools/target/test-dir/MiniOzoneClusterImpl-27b2788d-4a5e-4768-9652-b88d14ddf2e4/datanode-3/data/ratis/42e8afee-7aae-441e-8f09-8c64d6f07188/current/log_inprogress_0
2019-09-20 08:30:33,777 [Thread-246] INFO  impl.RoleInfo (RoleInfo.java:updateAndGet(143)) - 4e3bae72-6dec-40bd-99be-7c75f0b44aae: start LeaderElection
2019-09-20 08:30:33,790 [4e3bae72-6dec-40bd-99be-7c75f0b44aae:group-D7B3BF2F3BC3:LeaderElection14] INFO  impl.LeaderElection (LeaderElection.java:askForVotes(181)) - 4e3bae72-6dec-40bd-99be-7c75f0b44aae:group-D7B3BF2F3BC3:LeaderElection14: begin an election at term 1 for -1: [4e3bae72-6dec-40bd-99be-7c75f0b44aae:192.168.34.27:33584], old=null
2019-09-20 08:30:33,790 [4e3bae72-6dec-40bd-99be-7c75f0b44aae:group-D7B3BF2F3BC3:LeaderElection14] INFO  impl.RoleInfo (RoleInfo.java:shutdownLeaderElection(134)) - 4e3bae72-6dec-40bd-99be-7c75f0b44aae: shutdown LeaderElection
2019-09-20 08:30:33,790 [4e3bae72-6dec-40bd-99be-7c75f0b44aae:group-D7B3BF2F3BC3:LeaderElection14] INFO  impl.RaftServerImpl (RaftServerImpl.java:setRole(171)) - 4e3bae72-6dec-40bd-99be-7c75f0b44aae:group-D7B3BF2F3BC3 changes role from CANDIDATE to LEADER at term 1 for changeToLeader
2019-09-20 08:30:33,790 [4e3bae72-6dec-40bd-99be-7c75f0b44aae:group-D7B3BF2F3BC3:LeaderElection14] INFO  impl.RaftServerImpl (ServerState.java:setLeader(263)) - 4e3bae72-6dec-40bd-99be-7c75f0b44aae:group-D7B3BF2F3BC3 change Leader from null to 4e3bae72-6dec-40bd-99be-7c75f0b44aae at term 1 for becomeLeader, leader elected after 5192ms
2019-09-20 08:30:33,790 [4e3bae72-6dec-40bd-99be-7c75f0b44aae:group-D7B3BF2F3BC3:LeaderElection14] INFO  server.RaftServerConfigKeys (ConfUtils.java:logGet(43)) - raft.server.staging.catchup.gap = 1000 (default)
2019-09-20 08:30:33,791 [4e3bae72-6dec-40bd-99be-7c75f0b44aae:group-D7B3BF2F3BC3:LeaderElection14] INFO  server.RaftServerConfigKeys (ConfUtils.java:logGet(43)) - raft.server.rpc.sleep.time = 25ms (default)
2019-09-20 08:30:33,791 [4e3bae72-6dec-40bd-99be-7c75f0b44aae:group-D7B3BF2F3BC3:LeaderElection14] INFO  server.RaftServerConfigKeys (ConfUtils.java:logGet(43)) - raft.server.write.element-limit = 4096 (default)
2019-09-20 08:30:33,791 [4e3bae72-6dec-40bd-99be-7c75f0b44aae:group-D7B3BF2F3BC3:LeaderElection14] INFO  server.RaftServerConfigKeys (ConfUtils.java:logGet(43)) - raft.server.watch.timeout = 10s (default)
2019-09-20 08:30:33,791 [4e3bae72-6dec-40bd-99be-7c75f0b44aae:group-D7B3BF2F3BC3:LeaderElection14] INFO  server.RaftServerConfigKeys (ConfUtils.java:logGet(43)) - raft.server.watch.timeout.denomination = 1s (default)
2019-09-20 08:30:33,791 [4e3bae72-6dec-40bd-99be-7c75f0b44aae:group-D7B3BF2F3BC3:LeaderElection14] INFO  server.RaftServerConfigKeys (ConfUtils.java:logGet(43)) - raft.server.watch.element-limit = 65536 (default)
2019-09-20 08:30:33,792 [4e3bae72-6dec-40bd-99be-7c75f0b44aae:group-D7B3BF2F3BC3:LeaderElection14] INFO  impl.RoleInfo (RoleInfo.java:updateAndGet(143)) - 4e3bae72-6dec-40bd-99be-7c75f0b44aae: start LeaderState
2019-09-20 08:30:33,792 [4e3bae72-6dec-40bd-99be-7c75f0b44aae:group-D7B3BF2F3BC3:LeaderElection14] INFO  segmented.SegmentedRaftLogWorker (SegmentedRaftLogWorker.java:startLogSegment(380)) - 4e3bae72-6dec-40bd-99be-7c75f0b44aae-SegmentedRaftLogWorker:Storage Directory /workdir/hadoop-ozone/tools/target/test-dir/MiniOzoneClusterImpl-27b2788d-4a5e-4768-9652-b88d14ddf2e4/datanode-2/data/ratis/f533675c-6cee-4b7c-ab86-d7b3bf2f3bc3: Starting segment from index:0
2019-09-20 08:30:33,792 [4e3bae72-6dec-40bd-99be-7c75f0b44aae:group-D7B3BF2F3BC3:LeaderElection14] INFO  impl.RaftServerImpl (ServerState.java:setRaftConf(361)) - 4e3bae72-6dec-40bd-99be-7c75f0b44aae:group-D7B3BF2F3BC3 set configuration 0: [4e3bae72-6dec-40bd-99be-7c75f0b44aae:192.168.34.27:33584], old=null at 0
2019-09-20 08:30:33,840 [4e3bae72-6dec-40bd-99be-7c75f0b44aae-SegmentedRaftLogWorker:Storage Directory /workdir/hadoop-ozone/tools/target/test-dir/MiniOzoneClusterImpl-27b2788d-4a5e-4768-9652-b88d14ddf2e4/datanode-2/data/ratis/f533675c-6cee-4b7c-ab86-d7b3bf2f3bc3] INFO  segmented.SegmentedRaftLogWorker (SegmentedRaftLogWorker.java:execute(569)) - 4e3bae72-6dec-40bd-99be-7c75f0b44aae-SegmentedRaftLogWorker:Storage Directory /workdir/hadoop-ozone/tools/target/test-dir/MiniOzoneClusterImpl-27b2788d-4a5e-4768-9652-b88d14ddf2e4/datanode-2/data/ratis/f533675c-6cee-4b7c-ab86-d7b3bf2f3bc3: created new log segment /workdir/hadoop-ozone/tools/target/test-dir/MiniOzoneClusterImpl-27b2788d-4a5e-4768-9652-b88d14ddf2e4/datanode-2/data/ratis/f533675c-6cee-4b7c-ab86-d7b3bf2f3bc3/current/log_inprogress_0
2019-09-20 08:30:33,875 [Thread-253] INFO  impl.FollowerState (FollowerState.java:run(106)) - 6f5cd177-0d50-44f5-9dda-f28331356997:group-B0E4517FD051 changes to CANDIDATE, lastRpcTime:5119, electionTimeout:5119ms
2019-09-20 08:30:33,875 [Thread-253] INFO  impl.RoleInfo (RoleInfo.java:shutdownFollowerState(121)) - 6f5cd177-0d50-44f5-9dda-f28331356997: shutdown FollowerState
2019-09-20 08:30:33,875 [Thread-253] INFO  impl.RaftServerImpl (RaftServerImpl.java:setRole(171)) - 6f5cd177-0d50-44f5-9dda-f28331356997:group-B0E4517FD051 changes role from FOLLOWER to CANDIDATE at term 0 for changeToCandidate
2019-09-20 08:30:33,875 [Thread-253] INFO  impl.RoleInfo (RoleInfo.java:updateAndGet(143)) - 6f5cd177-0d50-44f5-9dda-f28331356997: start LeaderElection
2019-09-20 08:30:33,893 [6f5cd177-0d50-44f5-9dda-f28331356997:group-B0E4517FD051:LeaderElection15] INFO  impl.LeaderElection (LeaderElection.java:askForVotes(181)) - 6f5cd177-0d50-44f5-9dda-f28331356997:group-B0E4517FD051:LeaderElection15: begin an election at term 1 for -1: [6f5cd177-0d50-44f5-9dda-f28331356997:192.168.34.27:33265], old=null
2019-09-20 08:30:33,893 [6f5cd177-0d50-44f5-9dda-f28331356997:group-B0E4517FD051:LeaderElection15] INFO  impl.RoleInfo (RoleInfo.java:shutdownLeaderElection(134)) - 6f5cd177-0d50-44f5-9dda-f28331356997: shutdown LeaderElection
2019-09-20 08:30:33,893 [6f5cd177-0d50-44f5-9dda-f28331356997:group-B0E4517FD051:LeaderElection15] INFO  impl.RaftServerImpl (RaftServerImpl.java:setRole(171)) - 6f5cd177-0d50-44f5-9dda-f28331356997:group-B0E4517FD051 changes role from CANDIDATE to LEADER at term 1 for changeToLeader
2019-09-20 08:30:33,893 [6f5cd177-0d50-44f5-9dda-f28331356997:group-B0E4517FD051:LeaderElection15] INFO  impl.RaftServerImpl (ServerState.java:setLeader(263)) - 6f5cd177-0d50-44f5-9dda-f28331356997:group-B0E4517FD051 change Leader from null to 6f5cd177-0d50-44f5-9dda-f28331356997 at term 1 for becomeLeader, leader elected after 5145ms
2019-09-20 08:30:33,895 [6f5cd177-0d50-44f5-9dda-f28331356997:group-B0E4517FD051:LeaderElection15] INFO  server.RaftServerConfigKeys (ConfUtils.java:logGet(43)) - raft.server.staging.catchup.gap = 1000 (default)
2019-09-20 08:30:33,895 [6f5cd177-0d50-44f5-9dda-f28331356997:group-B0E4517FD051:LeaderElection15] INFO  server.RaftServerConfigKeys (ConfUtils.java:logGet(43)) - raft.server.rpc.sleep.time = 25ms (default)
2019-09-20 08:30:33,895 [6f5cd177-0d50-44f5-9dda-f28331356997:group-B0E4517FD051:LeaderElection15] INFO  server.RaftServerConfigKeys (ConfUtils.java:logGet(43)) - raft.server.write.element-limit = 4096 (default)
2019-09-20 08:30:33,895 [6f5cd177-0d50-44f5-9dda-f28331356997:group-B0E4517FD051:LeaderElection15] INFO  server.RaftServerConfigKeys (ConfUtils.java:logGet(43)) - raft.server.watch.timeout = 10s (default)
2019-09-20 08:30:33,896 [6f5cd177-0d50-44f5-9dda-f28331356997:group-B0E4517FD051:LeaderElection15] INFO  server.RaftServerConfigKeys (ConfUtils.java:logGet(43)) - raft.server.watch.timeout.denomination = 1s (default)
2019-09-20 08:30:33,896 [6f5cd177-0d50-44f5-9dda-f28331356997:group-B0E4517FD051:LeaderElection15] INFO  server.RaftServerConfigKeys (ConfUtils.java:logGet(43)) - raft.server.watch.element-limit = 65536 (default)
2019-09-20 08:30:33,896 [6f5cd177-0d50-44f5-9dda-f28331356997:group-B0E4517FD051:LeaderElection15] INFO  impl.RoleInfo (RoleInfo.java:updateAndGet(143)) - 6f5cd177-0d50-44f5-9dda-f28331356997: start LeaderState
2019-09-20 08:30:33,896 [6f5cd177-0d50-44f5-9dda-f28331356997:group-B0E4517FD051:LeaderElection15] INFO  segmented.SegmentedRaftLogWorker (SegmentedRaftLogWorker.java:startLogSegment(380)) - 6f5cd177-0d50-44f5-9dda-f28331356997-SegmentedRaftLogWorker:Storage Directory /workdir/hadoop-ozone/tools/target/test-dir/MiniOzoneClusterImpl-27b2788d-4a5e-4768-9652-b88d14ddf2e4/datanode-4/data/ratis/d3be3788-13d8-43c0-ae76-b0e4517fd051: Starting segment from index:0
2019-09-20 08:30:33,897 [6f5cd177-0d50-44f5-9dda-f28331356997:group-B0E4517FD051:LeaderElection15] INFO  impl.RaftServerImpl (ServerState.java:setRaftConf(361)) - 6f5cd177-0d50-44f5-9dda-f28331356997:group-B0E4517FD051 set configuration 0: [6f5cd177-0d50-44f5-9dda-f28331356997:192.168.34.27:33265], old=null at 0
 0.00% |█                                                                                                    |  0/1 Time: 0:00:052019-09-20 08:30:33,939 | INFO  | SCMAudit | user=jenkins1000 | ip=192.168.34.27 | op=SEND_HEARTBEAT {datanodeUUID=4e3bae72-6dec-40bd-99be-7c75f0b44aae, command=[]} | ret=SUCCESS |  
2019-09-20 08:30:33,943 [6f5cd177-0d50-44f5-9dda-f28331356997-SegmentedRaftLogWorker:Storage Directory /workdir/hadoop-ozone/tools/target/test-dir/MiniOzoneClusterImpl-27b2788d-4a5e-4768-9652-b88d14ddf2e4/datanode-4/data/ratis/d3be3788-13d8-43c0-ae76-b0e4517fd051] INFO  segmented.SegmentedRaftLogWorker (SegmentedRaftLogWorker.java:execute(569)) - 6f5cd177-0d50-44f5-9dda-f28331356997-SegmentedRaftLogWorker:Storage Directory /workdir/hadoop-ozone/tools/target/test-dir/MiniOzoneClusterImpl-27b2788d-4a5e-4768-9652-b88d14ddf2e4/datanode-4/data/ratis/d3be3788-13d8-43c0-ae76-b0e4517fd051: created new log segment /workdir/hadoop-ozone/tools/target/test-dir/MiniOzoneClusterImpl-27b2788d-4a5e-4768-9652-b88d14ddf2e4/datanode-4/data/ratis/d3be3788-13d8-43c0-ae76-b0e4517fd051/current/log_inprogress_0
2019-09-20 08:30:33,989 [Thread-256] INFO  impl.FollowerState (FollowerState.java:run(106)) - 4e3bae72-6dec-40bd-99be-7c75f0b44aae:group-35BC536B9B47 changes to CANDIDATE, lastRpcTime:5179, electionTimeout:5179ms
2019-09-20 08:30:33,989 [Thread-256] INFO  impl.RoleInfo (RoleInfo.java:shutdownFollowerState(121)) - 4e3bae72-6dec-40bd-99be-7c75f0b44aae: shutdown FollowerState
2019-09-20 08:30:33,989 [Thread-256] INFO  impl.RaftServerImpl (RaftServerImpl.java:setRole(171)) - 4e3bae72-6dec-40bd-99be-7c75f0b44aae:group-35BC536B9B47 changes role from FOLLOWER to CANDIDATE at term 0 for changeToCandidate
2019-09-20 08:30:33,989 [Thread-256] INFO  impl.RoleInfo (RoleInfo.java:updateAndGet(143)) - 4e3bae72-6dec-40bd-99be-7c75f0b44aae: start LeaderElection
2019-09-20 08:30:34,006 [4e3bae72-6dec-40bd-99be-7c75f0b44aae:group-35BC536B9B47:LeaderElection16] INFO  impl.LeaderElection (LeaderElection.java:askForVotes(181)) - 4e3bae72-6dec-40bd-99be-7c75f0b44aae:group-35BC536B9B47:LeaderElection16: begin an election at term 1 for -1: [4e3bae72-6dec-40bd-99be-7c75f0b44aae:192.168.34.27:33584], old=null
2019-09-20 08:30:34,007 [4e3bae72-6dec-40bd-99be-7c75f0b44aae:group-35BC536B9B47:LeaderElection16] INFO  impl.RoleInfo (RoleInfo.java:shutdownLeaderElection(134)) - 4e3bae72-6dec-40bd-99be-7c75f0b44aae: shutdown LeaderElection
2019-09-20 08:30:34,007 [4e3bae72-6dec-40bd-99be-7c75f0b44aae:group-35BC536B9B47:LeaderElection16] INFO  impl.RaftServerImpl (RaftServerImpl.java:setRole(171)) - 4e3bae72-6dec-40bd-99be-7c75f0b44aae:group-35BC536B9B47 changes role from CANDIDATE to LEADER at term 1 for changeToLeader
2019-09-20 08:30:34,007 [4e3bae72-6dec-40bd-99be-7c75f0b44aae:group-35BC536B9B47:LeaderElection16] INFO  impl.RaftServerImpl (ServerState.java:setLeader(263)) - 4e3bae72-6dec-40bd-99be-7c75f0b44aae:group-35BC536B9B47 change Leader from null to 4e3bae72-6dec-40bd-99be-7c75f0b44aae at term 1 for becomeLeader, leader elected after 5201ms
2019-09-20 08:30:34,007 [4e3bae72-6dec-40bd-99be-7c75f0b44aae:group-35BC536B9B47:LeaderElection16] INFO  server.RaftServerConfigKeys (ConfUtils.java:logGet(43)) - raft.server.staging.catchup.gap = 1000 (default)
2019-09-20 08:30:34,007 [4e3bae72-6dec-40bd-99be-7c75f0b44aae:group-35BC536B9B47:LeaderElection16] INFO  server.RaftServerConfigKeys (ConfUtils.java:logGet(43)) - raft.server.rpc.sleep.time = 25ms (default)
2019-09-20 08:30:34,008 [4e3bae72-6dec-40bd-99be-7c75f0b44aae:group-35BC536B9B47:LeaderElection16] INFO  server.RaftServerConfigKeys (ConfUtils.java:logGet(43)) - raft.server.write.element-limit = 4096 (default)
2019-09-20 08:30:34,008 [4e3bae72-6dec-40bd-99be-7c75f0b44aae:group-35BC536B9B47:LeaderElection16] INFO  server.RaftServerConfigKeys (ConfUtils.java:logGet(43)) - raft.server.watch.timeout = 10s (default)
2019-09-20 08:30:34,008 [4e3bae72-6dec-40bd-99be-7c75f0b44aae:group-35BC536B9B47:LeaderElection16] INFO  server.RaftServerConfigKeys (ConfUtils.java:logGet(43)) - raft.server.watch.timeout.denomination = 1s (default)
2019-09-20 08:30:34,008 [4e3bae72-6dec-40bd-99be-7c75f0b44aae:group-35BC536B9B47:LeaderElection16] INFO  server.RaftServerConfigKeys (ConfUtils.java:logGet(43)) - raft.server.watch.element-limit = 65536 (default)
2019-09-20 08:30:34,008 [4e3bae72-6dec-40bd-99be-7c75f0b44aae:group-35BC536B9B47:LeaderElection16] INFO  impl.RoleInfo (RoleInfo.java:updateAndGet(143)) - 4e3bae72-6dec-40bd-99be-7c75f0b44aae: start LeaderState
2019-09-20 08:30:34,008 [4e3bae72-6dec-40bd-99be-7c75f0b44aae:group-35BC536B9B47:LeaderElection16] INFO  segmented.SegmentedRaftLogWorker (SegmentedRaftLogWorker.java:startLogSegment(380)) - 4e3bae72-6dec-40bd-99be-7c75f0b44aae-SegmentedRaftLogWorker:Storage Directory /workdir/hadoop-ozone/tools/target/test-dir/MiniOzoneClusterImpl-27b2788d-4a5e-4768-9652-b88d14ddf2e4/datanode-2/data/ratis/6e7887b5-4453-4aec-a91f-35bc536b9b47: Starting segment from index:0
2019-09-20 08:30:34,009 [4e3bae72-6dec-40bd-99be-7c75f0b44aae:group-35BC536B9B47:LeaderElection16] INFO  impl.RaftServerImpl (ServerState.java:setRaftConf(361)) - 4e3bae72-6dec-40bd-99be-7c75f0b44aae:group-35BC536B9B47 set configuration 0: [4e3bae72-6dec-40bd-99be-7c75f0b44aae:192.168.34.27:33584], old=null at 0
2019-09-20 08:30:34,068 [Thread-259] INFO  impl.FollowerState (FollowerState.java:run(106)) - e1a187e5-d89a-47f2-b2bd-c6db4da75c05:group-3D275EA8944F changes to CANDIDATE, lastRpcTime:5193, electionTimeout:5193ms
2019-09-20 08:30:34,068 [Thread-259] INFO  impl.RoleInfo (RoleInfo.java:shutdownFollowerState(121)) - e1a187e5-d89a-47f2-b2bd-c6db4da75c05: shutdown FollowerState
2019-09-20 08:30:34,069 [Thread-259] INFO  impl.RaftServerImpl (RaftServerImpl.java:setRole(171)) - e1a187e5-d89a-47f2-b2bd-c6db4da75c05:group-3D275EA8944F changes role from FOLLOWER to CANDIDATE at term 0 for changeToCandidate
2019-09-20 08:30:34,069 [Thread-259] INFO  impl.RoleInfo (RoleInfo.java:updateAndGet(143)) - e1a187e5-d89a-47f2-b2bd-c6db4da75c05: start LeaderElection
2019-09-20 08:30:34,073 [4e3bae72-6dec-40bd-99be-7c75f0b44aae-SegmentedRaftLogWorker:Storage Directory /workdir/hadoop-ozone/tools/target/test-dir/MiniOzoneClusterImpl-27b2788d-4a5e-4768-9652-b88d14ddf2e4/datanode-2/data/ratis/6e7887b5-4453-4aec-a91f-35bc536b9b47] INFO  segmented.SegmentedRaftLogWorker (SegmentedRaftLogWorker.java:execute(569)) - 4e3bae72-6dec-40bd-99be-7c75f0b44aae-SegmentedRaftLogWorker:Storage Directory /workdir/hadoop-ozone/tools/target/test-dir/MiniOzoneClusterImpl-27b2788d-4a5e-4768-9652-b88d14ddf2e4/datanode-2/data/ratis/6e7887b5-4453-4aec-a91f-35bc536b9b47: created new log segment /workdir/hadoop-ozone/tools/target/test-dir/MiniOzoneClusterImpl-27b2788d-4a5e-4768-9652-b88d14ddf2e4/datanode-2/data/ratis/6e7887b5-4453-4aec-a91f-35bc536b9b47/current/log_inprogress_0
2019-09-20 08:30:34,089 [Thread-269] INFO  impl.FollowerState (FollowerState.java:run(106)) - c8a425d5-130a-4202-9db9-9fe847e02d96:group-4D18C895BBCC changes to CANDIDATE, lastRpcTime:5073, electionTimeout:5073ms
2019-09-20 08:30:34,089 [Thread-269] INFO  impl.RoleInfo (RoleInfo.java:shutdownFollowerState(121)) - c8a425d5-130a-4202-9db9-9fe847e02d96: shutdown FollowerState
2019-09-20 08:30:34,089 [Thread-269] INFO  impl.RaftServerImpl (RaftServerImpl.java:setRole(171)) - c8a425d5-130a-4202-9db9-9fe847e02d96:group-4D18C895BBCC changes role from FOLLOWER to CANDIDATE at term 0 for changeToCandidate
2019-09-20 08:30:34,090 [Thread-269] INFO  impl.RoleInfo (RoleInfo.java:updateAndGet(143)) - c8a425d5-130a-4202-9db9-9fe847e02d96: start LeaderElection
2019-09-20 08:30:34,091 [e1a187e5-d89a-47f2-b2bd-c6db4da75c05:group-3D275EA8944F:LeaderElection17] INFO  impl.LeaderElection (LeaderElection.java:askForVotes(181)) - e1a187e5-d89a-47f2-b2bd-c6db4da75c05:group-3D275EA8944F:LeaderElection17: begin an election at term 1 for -1: [e1a187e5-d89a-47f2-b2bd-c6db4da75c05:192.168.34.27:38433], old=null
2019-09-20 08:30:34,094 [e1a187e5-d89a-47f2-b2bd-c6db4da75c05:group-3D275EA8944F:LeaderElection17] INFO  impl.RoleInfo (RoleInfo.java:shutdownLeaderElection(134)) - e1a187e5-d89a-47f2-b2bd-c6db4da75c05: shutdown LeaderElection
2019-09-20 08:30:34,094 [e1a187e5-d89a-47f2-b2bd-c6db4da75c05:group-3D275EA8944F:LeaderElection17] INFO  impl.RaftServerImpl (RaftServerImpl.java:setRole(171)) - e1a187e5-d89a-47f2-b2bd-c6db4da75c05:group-3D275EA8944F changes role from CANDIDATE to LEADER at term 1 for changeToLeader
2019-09-20 08:30:34,094 [e1a187e5-d89a-47f2-b2bd-c6db4da75c05:group-3D275EA8944F:LeaderElection17] INFO  impl.RaftServerImpl (ServerState.java:setLeader(263)) - e1a187e5-d89a-47f2-b2bd-c6db4da75c05:group-3D275EA8944F change Leader from null to e1a187e5-d89a-47f2-b2bd-c6db4da75c05 at term 1 for becomeLeader, leader elected after 5225ms
2019-09-20 08:30:34,095 [e1a187e5-d89a-47f2-b2bd-c6db4da75c05:group-3D275EA8944F:LeaderElection17] INFO  server.RaftServerConfigKeys (ConfUtils.java:logGet(43)) - raft.server.staging.catchup.gap = 1000 (default)
2019-09-20 08:30:34,095 [e1a187e5-d89a-47f2-b2bd-c6db4da75c05:group-3D275EA8944F:LeaderElection17] INFO  server.RaftServerConfigKeys (ConfUtils.java:logGet(43)) - raft.server.rpc.sleep.time = 25ms (default)
2019-09-20 08:30:34,095 [e1a187e5-d89a-47f2-b2bd-c6db4da75c05:group-3D275EA8944F:LeaderElection17] INFO  server.RaftServerConfigKeys (ConfUtils.java:logGet(43)) - raft.server.write.element-limit = 4096 (default)
2019-09-20 08:30:34,095 [e1a187e5-d89a-47f2-b2bd-c6db4da75c05:group-3D275EA8944F:LeaderElection17] INFO  server.RaftServerConfigKeys (ConfUtils.java:logGet(43)) - raft.server.watch.timeout = 10s (default)
2019-09-20 08:30:34,096 [e1a187e5-d89a-47f2-b2bd-c6db4da75c05:group-3D275EA8944F:LeaderElection17] INFO  server.RaftServerConfigKeys (ConfUtils.java:logGet(43)) - raft.server.watch.timeout.denomination = 1s (default)
2019-09-20 08:30:34,096 [e1a187e5-d89a-47f2-b2bd-c6db4da75c05:group-3D275EA8944F:LeaderElection17] INFO  server.RaftServerConfigKeys (ConfUtils.java:logGet(43)) - raft.server.watch.element-limit = 65536 (default)
2019-09-20 08:30:34,096 [e1a187e5-d89a-47f2-b2bd-c6db4da75c05:group-3D275EA8944F:LeaderElection17] INFO  impl.RoleInfo (RoleInfo.java:updateAndGet(143)) - e1a187e5-d89a-47f2-b2bd-c6db4da75c05: start LeaderState
2019-09-20 08:30:34,096 [e1a187e5-d89a-47f2-b2bd-c6db4da75c05:group-3D275EA8944F:LeaderElection17] INFO  segmented.SegmentedRaftLogWorker (SegmentedRaftLogWorker.java:startLogSegment(380)) - e1a187e5-d89a-47f2-b2bd-c6db4da75c05-SegmentedRaftLogWorker:Storage Directory /workdir/hadoop-ozone/tools/target/test-dir/MiniOzoneClusterImpl-27b2788d-4a5e-4768-9652-b88d14ddf2e4/datanode-0/data/ratis/167b7f3b-aceb-431b-bf5f-3d275ea8944f: Starting segment from index:0
2019-09-20 08:30:34,097 [e1a187e5-d89a-47f2-b2bd-c6db4da75c05:group-3D275EA8944F:LeaderElection17] INFO  impl.RaftServerImpl (ServerState.java:setRaftConf(361)) - e1a187e5-d89a-47f2-b2bd-c6db4da75c05:group-3D275EA8944F set configuration 0: [e1a187e5-d89a-47f2-b2bd-c6db4da75c05:192.168.34.27:38433], old=null at 0
2019-09-20 08:30:34,136 [c8a425d5-130a-4202-9db9-9fe847e02d96:group-4D18C895BBCC:LeaderElection18] INFO  impl.LeaderElection (LeaderElection.java:askForVotes(181)) - c8a425d5-130a-4202-9db9-9fe847e02d96:group-4D18C895BBCC:LeaderElection18: begin an election at term 1 for -1: [c8a425d5-130a-4202-9db9-9fe847e02d96:192.168.34.27:42231], old=null
2019-09-20 08:30:34,136 [c8a425d5-130a-4202-9db9-9fe847e02d96:group-4D18C895BBCC:LeaderElection18] INFO  impl.RoleInfo (RoleInfo.java:shutdownLeaderElection(134)) - c8a425d5-130a-4202-9db9-9fe847e02d96: shutdown LeaderElection
2019-09-20 08:30:34,136 [c8a425d5-130a-4202-9db9-9fe847e02d96:group-4D18C895BBCC:LeaderElection18] INFO  impl.RaftServerImpl (RaftServerImpl.java:setRole(171)) - c8a425d5-130a-4202-9db9-9fe847e02d96:group-4D18C895BBCC changes role from CANDIDATE to LEADER at term 1 for changeToLeader
2019-09-20 08:30:34,136 [c8a425d5-130a-4202-9db9-9fe847e02d96:group-4D18C895BBCC:LeaderElection18] INFO  impl.RaftServerImpl (ServerState.java:setLeader(263)) - c8a425d5-130a-4202-9db9-9fe847e02d96:group-4D18C895BBCC change Leader from null to c8a425d5-130a-4202-9db9-9fe847e02d96 at term 1 for becomeLeader, leader elected after 5125ms
2019-09-20 08:30:34,136 [c8a425d5-130a-4202-9db9-9fe847e02d96:group-4D18C895BBCC:LeaderElection18] INFO  server.RaftServerConfigKeys (ConfUtils.java:logGet(43)) - raft.server.staging.catchup.gap = 1000 (default)
2019-09-20 08:30:34,136 [c8a425d5-130a-4202-9db9-9fe847e02d96:group-4D18C895BBCC:LeaderElection18] INFO  server.RaftServerConfigKeys (ConfUtils.java:logGet(43)) - raft.server.rpc.sleep.time = 25ms (default)
2019-09-20 08:30:34,137 [c8a425d5-130a-4202-9db9-9fe847e02d96:group-4D18C895BBCC:LeaderElection18] INFO  server.RaftServerConfigKeys (ConfUtils.java:logGet(43)) - raft.server.write.element-limit = 4096 (default)
2019-09-20 08:30:34,137 [c8a425d5-130a-4202-9db9-9fe847e02d96:group-4D18C895BBCC:LeaderElection18] INFO  server.RaftServerConfigKeys (ConfUtils.java:logGet(43)) - raft.server.watch.timeout = 10s (default)
2019-09-20 08:30:34,137 [c8a425d5-130a-4202-9db9-9fe847e02d96:group-4D18C895BBCC:LeaderElection18] INFO  server.RaftServerConfigKeys (ConfUtils.java:logGet(43)) - raft.server.watch.timeout.denomination = 1s (default)
2019-09-20 08:30:34,137 [c8a425d5-130a-4202-9db9-9fe847e02d96:group-4D18C895BBCC:LeaderElection18] INFO  server.RaftServerConfigKeys (ConfUtils.java:logGet(43)) - raft.server.watch.element-limit = 65536 (default)
2019-09-20 08:30:34,137 [c8a425d5-130a-4202-9db9-9fe847e02d96:group-4D18C895BBCC:LeaderElection18] INFO  impl.RoleInfo (RoleInfo.java:updateAndGet(143)) - c8a425d5-130a-4202-9db9-9fe847e02d96: start LeaderState
2019-09-20 08:30:34,137 [c8a425d5-130a-4202-9db9-9fe847e02d96:group-4D18C895BBCC:LeaderElection18] INFO  segmented.SegmentedRaftLogWorker (SegmentedRaftLogWorker.java:startLogSegment(380)) - c8a425d5-130a-4202-9db9-9fe847e02d96-SegmentedRaftLogWorker:Storage Directory /workdir/hadoop-ozone/tools/target/test-dir/MiniOzoneClusterImpl-27b2788d-4a5e-4768-9652-b88d14ddf2e4/datanode-1/data/ratis/804c9c34-edf5-49b5-8b99-4d18c895bbcc: Starting segment from index:0
2019-09-20 08:30:34,138 [c8a425d5-130a-4202-9db9-9fe847e02d96:group-4D18C895BBCC:LeaderElection18] INFO  impl.RaftServerImpl (ServerState.java:setRaftConf(361)) - c8a425d5-130a-4202-9db9-9fe847e02d96:group-4D18C895BBCC set configuration 0: [c8a425d5-130a-4202-9db9-9fe847e02d96:192.168.34.27:42231], old=null at 0
2019-09-20 08:30:34,173 [e1a187e5-d89a-47f2-b2bd-c6db4da75c05-SegmentedRaftLogWorker:Storage Directory /workdir/hadoop-ozone/tools/target/test-dir/MiniOzoneClusterImpl-27b2788d-4a5e-4768-9652-b88d14ddf2e4/datanode-0/data/ratis/167b7f3b-aceb-431b-bf5f-3d275ea8944f] INFO  segmented.SegmentedRaftLogWorker (SegmentedRaftLogWorker.java:execute(569)) - e1a187e5-d89a-47f2-b2bd-c6db4da75c05-SegmentedRaftLogWorker:Storage Directory /workdir/hadoop-ozone/tools/target/test-dir/MiniOzoneClusterImpl-27b2788d-4a5e-4768-9652-b88d14ddf2e4/datanode-0/data/ratis/167b7f3b-aceb-431b-bf5f-3d275ea8944f: created new log segment /workdir/hadoop-ozone/tools/target/test-dir/MiniOzoneClusterImpl-27b2788d-4a5e-4768-9652-b88d14ddf2e4/datanode-0/data/ratis/167b7f3b-aceb-431b-bf5f-3d275ea8944f/current/log_inprogress_0
2019-09-20 08:30:34,173 [Thread-266] INFO  impl.FollowerState (FollowerState.java:run(106)) - c8a425d5-130a-4202-9db9-9fe847e02d96:group-CFBA5CFD0260 changes to CANDIDATE, lastRpcTime:5215, electionTimeout:5190ms
2019-09-20 08:30:34,173 [Thread-266] INFO  impl.RoleInfo (RoleInfo.java:shutdownFollowerState(121)) - c8a425d5-130a-4202-9db9-9fe847e02d96: shutdown FollowerState
2019-09-20 08:30:34,173 [Thread-266] INFO  impl.RaftServerImpl (RaftServerImpl.java:setRole(171)) - c8a425d5-130a-4202-9db9-9fe847e02d96:group-CFBA5CFD0260 changes role from FOLLOWER to CANDIDATE at term 0 for changeToCandidate
2019-09-20 08:30:34,174 [Thread-266] INFO  impl.RoleInfo (RoleInfo.java:updateAndGet(143)) - c8a425d5-130a-4202-9db9-9fe847e02d96: start LeaderElection
2019-09-20 08:30:34,185 [c8a425d5-130a-4202-9db9-9fe847e02d96-SegmentedRaftLogWorker:Storage Directory /workdir/hadoop-ozone/tools/target/test-dir/MiniOzoneClusterImpl-27b2788d-4a5e-4768-9652-b88d14ddf2e4/datanode-1/data/ratis/804c9c34-edf5-49b5-8b99-4d18c895bbcc] INFO  segmented.SegmentedRaftLogWorker (SegmentedRaftLogWorker.java:execute(569)) - c8a425d5-130a-4202-9db9-9fe847e02d96-SegmentedRaftLogWorker:Storage Directory /workdir/hadoop-ozone/tools/target/test-dir/MiniOzoneClusterImpl-27b2788d-4a5e-4768-9652-b88d14ddf2e4/datanode-1/data/ratis/804c9c34-edf5-49b5-8b99-4d18c895bbcc: created new log segment /workdir/hadoop-ozone/tools/target/test-dir/MiniOzoneClusterImpl-27b2788d-4a5e-4768-9652-b88d14ddf2e4/datanode-1/data/ratis/804c9c34-edf5-49b5-8b99-4d18c895bbcc/current/log_inprogress_0
2019-09-20 08:30:34,185 [c8a425d5-130a-4202-9db9-9fe847e02d96:group-CFBA5CFD0260:LeaderElection19] INFO  impl.LeaderElection (LeaderElection.java:askForVotes(181)) - c8a425d5-130a-4202-9db9-9fe847e02d96:group-CFBA5CFD0260:LeaderElection19: begin an election at term 1 for -1: [c8a425d5-130a-4202-9db9-9fe847e02d96:192.168.34.27:42231], old=null
2019-09-20 08:30:34,185 [c8a425d5-130a-4202-9db9-9fe847e02d96:group-CFBA5CFD0260:LeaderElection19] INFO  impl.RoleInfo (RoleInfo.java:shutdownLeaderElection(134)) - c8a425d5-130a-4202-9db9-9fe847e02d96: shutdown LeaderElection
2019-09-20 08:30:34,186 [c8a425d5-130a-4202-9db9-9fe847e02d96:group-CFBA5CFD0260:LeaderElection19] INFO  impl.RaftServerImpl (RaftServerImpl.java:setRole(171)) - c8a425d5-130a-4202-9db9-9fe847e02d96:group-CFBA5CFD0260 changes role from CANDIDATE to LEADER at term 1 for changeToLeader
2019-09-20 08:30:34,186 [c8a425d5-130a-4202-9db9-9fe847e02d96:group-CFBA5CFD0260:LeaderElection19] INFO  impl.RaftServerImpl (ServerState.java:setLeader(263)) - c8a425d5-130a-4202-9db9-9fe847e02d96:group-CFBA5CFD0260 change Leader from null to c8a425d5-130a-4202-9db9-9fe847e02d96 at term 1 for becomeLeader, leader elected after 5233ms
2019-09-20 08:30:34,186 [c8a425d5-130a-4202-9db9-9fe847e02d96:group-CFBA5CFD0260:LeaderElection19] INFO  server.RaftServerConfigKeys (ConfUtils.java:logGet(43)) - raft.server.staging.catchup.gap = 1000 (default)
2019-09-20 08:30:34,186 [c8a425d5-130a-4202-9db9-9fe847e02d96:group-CFBA5CFD0260:LeaderElection19] INFO  server.RaftServerConfigKeys (ConfUtils.java:logGet(43)) - raft.server.rpc.sleep.time = 25ms (default)
2019-09-20 08:30:34,186 [c8a425d5-130a-4202-9db9-9fe847e02d96:group-CFBA5CFD0260:LeaderElection19] INFO  server.RaftServerConfigKeys (ConfUtils.java:logGet(43)) - raft.server.write.element-limit = 4096 (default)
2019-09-20 08:30:34,187 [c8a425d5-130a-4202-9db9-9fe847e02d96:group-CFBA5CFD0260:LeaderElection19] INFO  server.RaftServerConfigKeys (ConfUtils.java:logGet(43)) - raft.server.watch.timeout = 10s (default)
2019-09-20 08:30:34,187 [c8a425d5-130a-4202-9db9-9fe847e02d96:group-CFBA5CFD0260:LeaderElection19] INFO  server.RaftServerConfigKeys (ConfUtils.java:logGet(43)) - raft.server.watch.timeout.denomination = 1s (default)
2019-09-20 08:30:34,187 [c8a425d5-130a-4202-9db9-9fe847e02d96:group-CFBA5CFD0260:LeaderElection19] INFO  server.RaftServerConfigKeys (ConfUtils.java:logGet(43)) - raft.server.watch.element-limit = 65536 (default)
2019-09-20 08:30:34,187 [c8a425d5-130a-4202-9db9-9fe847e02d96:group-CFBA5CFD0260:LeaderElection19] INFO  impl.RoleInfo (RoleInfo.java:updateAndGet(143)) - c8a425d5-130a-4202-9db9-9fe847e02d96: start LeaderState
2019-09-20 08:30:34,187 [c8a425d5-130a-4202-9db9-9fe847e02d96:group-CFBA5CFD0260:LeaderElection19] INFO  segmented.SegmentedRaftLogWorker (SegmentedRaftLogWorker.java:startLogSegment(380)) - c8a425d5-130a-4202-9db9-9fe847e02d96-SegmentedRaftLogWorker:Storage Directory /workdir/hadoop-ozone/tools/target/test-dir/MiniOzoneClusterImpl-27b2788d-4a5e-4768-9652-b88d14ddf2e4/datanode-1/data/ratis/a60f5843-ec28-463d-b1b6-cfba5cfd0260: Starting segment from index:0
2019-09-20 08:30:34,188 [c8a425d5-130a-4202-9db9-9fe847e02d96:group-CFBA5CFD0260:LeaderElection19] INFO  impl.RaftServerImpl (ServerState.java:setRaftConf(361)) - c8a425d5-130a-4202-9db9-9fe847e02d96:group-CFBA5CFD0260 set configuration 0: [c8a425d5-130a-4202-9db9-9fe847e02d96:192.168.34.27:42231], old=null at 0
2019-09-20 08:30:34,222 [Thread-273] INFO  impl.FollowerState (FollowerState.java:run(106)) - 4e3bae72-6dec-40bd-99be-7c75f0b44aae:group-C567B9868611 changes to CANDIDATE, lastRpcTime:5137, electionTimeout:5137ms
2019-09-20 08:30:34,222 [Thread-273] INFO  impl.RoleInfo (RoleInfo.java:shutdownFollowerState(121)) - 4e3bae72-6dec-40bd-99be-7c75f0b44aae: shutdown FollowerState
2019-09-20 08:30:34,222 [Thread-273] INFO  impl.RaftServerImpl (RaftServerImpl.java:setRole(171)) - 4e3bae72-6dec-40bd-99be-7c75f0b44aae:group-C567B9868611 changes role from FOLLOWER to CANDIDATE at term 0 for changeToCandidate
2019-09-20 08:30:34,223 [Thread-273] INFO  impl.RoleInfo (RoleInfo.java:updateAndGet(143)) - 4e3bae72-6dec-40bd-99be-7c75f0b44aae: start LeaderElection
2019-09-20 08:30:34,246 [c8a425d5-130a-4202-9db9-9fe847e02d96-SegmentedRaftLogWorker:Storage Directory /workdir/hadoop-ozone/tools/target/test-dir/MiniOzoneClusterImpl-27b2788d-4a5e-4768-9652-b88d14ddf2e4/datanode-1/data/ratis/a60f5843-ec28-463d-b1b6-cfba5cfd0260] INFO  segmented.SegmentedRaftLogWorker (SegmentedRaftLogWorker.java:execute(569)) - c8a425d5-130a-4202-9db9-9fe847e02d96-SegmentedRaftLogWorker:Storage Directory /workdir/hadoop-ozone/tools/target/test-dir/MiniOzoneClusterImpl-27b2788d-4a5e-4768-9652-b88d14ddf2e4/datanode-1/data/ratis/a60f5843-ec28-463d-b1b6-cfba5cfd0260: created new log segment /workdir/hadoop-ozone/tools/target/test-dir/MiniOzoneClusterImpl-27b2788d-4a5e-4768-9652-b88d14ddf2e4/datanode-1/data/ratis/a60f5843-ec28-463d-b1b6-cfba5cfd0260/current/log_inprogress_0
2019-09-20 08:30:34,248 [4e3bae72-6dec-40bd-99be-7c75f0b44aae:group-C567B9868611:LeaderElection20] INFO  impl.LeaderElection (LeaderElection.java:askForVotes(181)) - 4e3bae72-6dec-40bd-99be-7c75f0b44aae:group-C567B9868611:LeaderElection20: begin an election at term 1 for -1: [4e3bae72-6dec-40bd-99be-7c75f0b44aae:192.168.34.27:33584], old=null
2019-09-20 08:30:34,248 [4e3bae72-6dec-40bd-99be-7c75f0b44aae:group-C567B9868611:LeaderElection20] INFO  impl.RoleInfo (RoleInfo.java:shutdownLeaderElection(134)) - 4e3bae72-6dec-40bd-99be-7c75f0b44aae: shutdown LeaderElection
2019-09-20 08:30:34,248 [4e3bae72-6dec-40bd-99be-7c75f0b44aae:group-C567B9868611:LeaderElection20] INFO  impl.RaftServerImpl (RaftServerImpl.java:setRole(171)) - 4e3bae72-6dec-40bd-99be-7c75f0b44aae:group-C567B9868611 changes role from CANDIDATE to LEADER at term 1 for changeToLeader
2019-09-20 08:30:34,248 [4e3bae72-6dec-40bd-99be-7c75f0b44aae:group-C567B9868611:LeaderElection20] INFO  impl.RaftServerImpl (ServerState.java:setLeader(263)) - 4e3bae72-6dec-40bd-99be-7c75f0b44aae:group-C567B9868611 change Leader from null to 4e3bae72-6dec-40bd-99be-7c75f0b44aae at term 1 for becomeLeader, leader elected after 5168ms
2019-09-20 08:30:34,248 [4e3bae72-6dec-40bd-99be-7c75f0b44aae:group-C567B9868611:LeaderElection20] INFO  server.RaftServerConfigKeys (ConfUtils.java:logGet(43)) - raft.server.staging.catchup.gap = 1000 (default)
2019-09-20 08:30:34,249 [4e3bae72-6dec-40bd-99be-7c75f0b44aae:group-C567B9868611:LeaderElection20] INFO  server.RaftServerConfigKeys (ConfUtils.java:logGet(43)) - raft.server.rpc.sleep.time = 25ms (default)
2019-09-20 08:30:34,249 [4e3bae72-6dec-40bd-99be-7c75f0b44aae:group-C567B9868611:LeaderElection20] INFO  server.RaftServerConfigKeys (ConfUtils.java:logGet(43)) - raft.server.write.element-limit = 4096 (default)
2019-09-20 08:30:34,249 [4e3bae72-6dec-40bd-99be-7c75f0b44aae:group-C567B9868611:LeaderElection20] INFO  server.RaftServerConfigKeys (ConfUtils.java:logGet(43)) - raft.server.watch.timeout = 10s (default)
2019-09-20 08:30:34,249 [4e3bae72-6dec-40bd-99be-7c75f0b44aae:group-C567B9868611:LeaderElection20] INFO  server.RaftServerConfigKeys (ConfUtils.java:logGet(43)) - raft.server.watch.timeout.denomination = 1s (default)
2019-09-20 08:30:34,249 [4e3bae72-6dec-40bd-99be-7c75f0b44aae:group-C567B9868611:LeaderElection20] INFO  server.RaftServerConfigKeys (ConfUtils.java:logGet(43)) - raft.server.watch.element-limit = 65536 (default)
2019-09-20 08:30:34,250 [4e3bae72-6dec-40bd-99be-7c75f0b44aae:group-C567B9868611:LeaderElection20] INFO  impl.RoleInfo (RoleInfo.java:updateAndGet(143)) - 4e3bae72-6dec-40bd-99be-7c75f0b44aae: start LeaderState
2019-09-20 08:30:34,250 [4e3bae72-6dec-40bd-99be-7c75f0b44aae:group-C567B9868611:LeaderElection20] INFO  segmented.SegmentedRaftLogWorker (SegmentedRaftLogWorker.java:startLogSegment(380)) - 4e3bae72-6dec-40bd-99be-7c75f0b44aae-SegmentedRaftLogWorker:Storage Directory /workdir/hadoop-ozone/tools/target/test-dir/MiniOzoneClusterImpl-27b2788d-4a5e-4768-9652-b88d14ddf2e4/datanode-2/data/ratis/5f8a207c-0137-45b6-ba97-c567b9868611: Starting segment from index:0
2019-09-20 08:30:34,251 [4e3bae72-6dec-40bd-99be-7c75f0b44aae:group-C567B9868611:LeaderElection20] INFO  impl.RaftServerImpl (ServerState.java:setRaftConf(361)) - 4e3bae72-6dec-40bd-99be-7c75f0b44aae:group-C567B9868611 set configuration 0: [4e3bae72-6dec-40bd-99be-7c75f0b44aae:192.168.34.27:33584], old=null at 0
2019-09-20 08:30:34,287 [Thread-279] INFO  impl.FollowerState (FollowerState.java:run(106)) - c8a425d5-130a-4202-9db9-9fe847e02d96:group-B6D75F9266ED changes to CANDIDATE, lastRpcTime:5032, electionTimeout:5004ms
2019-09-20 08:30:34,294 [Thread-279] INFO  impl.RoleInfo (RoleInfo.java:shutdownFollowerState(121)) - c8a425d5-130a-4202-9db9-9fe847e02d96: shutdown FollowerState
2019-09-20 08:30:34,294 [Thread-279] INFO  impl.RaftServerImpl (RaftServerImpl.java:setRole(171)) - c8a425d5-130a-4202-9db9-9fe847e02d96:group-B6D75F9266ED changes role from FOLLOWER to CANDIDATE at term 0 for changeToCandidate
2019-09-20 08:30:34,294 [Thread-279] INFO  impl.RoleInfo (RoleInfo.java:updateAndGet(143)) - c8a425d5-130a-4202-9db9-9fe847e02d96: start LeaderElection
2019-09-20 08:30:34,312 [4e3bae72-6dec-40bd-99be-7c75f0b44aae-SegmentedRaftLogWorker:Storage Directory /workdir/hadoop-ozone/tools/target/test-dir/MiniOzoneClusterImpl-27b2788d-4a5e-4768-9652-b88d14ddf2e4/datanode-2/data/ratis/5f8a207c-0137-45b6-ba97-c567b9868611] INFO  segmented.SegmentedRaftLogWorker (SegmentedRaftLogWorker.java:execute(569)) - 4e3bae72-6dec-40bd-99be-7c75f0b44aae-SegmentedRaftLogWorker:Storage Directory /workdir/hadoop-ozone/tools/target/test-dir/MiniOzoneClusterImpl-27b2788d-4a5e-4768-9652-b88d14ddf2e4/datanode-2/data/ratis/5f8a207c-0137-45b6-ba97-c567b9868611: created new log segment /workdir/hadoop-ozone/tools/target/test-dir/MiniOzoneClusterImpl-27b2788d-4a5e-4768-9652-b88d14ddf2e4/datanode-2/data/ratis/5f8a207c-0137-45b6-ba97-c567b9868611/current/log_inprogress_0
2019-09-20 08:30:34,312 [c8a425d5-130a-4202-9db9-9fe847e02d96:group-B6D75F9266ED:LeaderElection21] INFO  impl.LeaderElection (LeaderElection.java:askForVotes(181)) - c8a425d5-130a-4202-9db9-9fe847e02d96:group-B6D75F9266ED:LeaderElection21: begin an election at term 1 for -1: [c8a425d5-130a-4202-9db9-9fe847e02d96:192.168.34.27:42231], old=null
2019-09-20 08:30:34,312 [c8a425d5-130a-4202-9db9-9fe847e02d96:group-B6D75F9266ED:LeaderElection21] INFO  impl.RoleInfo (RoleInfo.java:shutdownLeaderElection(134)) - c8a425d5-130a-4202-9db9-9fe847e02d96: shutdown LeaderElection
2019-09-20 08:30:34,312 [c8a425d5-130a-4202-9db9-9fe847e02d96:group-B6D75F9266ED:LeaderElection21] INFO  impl.RaftServerImpl (RaftServerImpl.java:setRole(171)) - c8a425d5-130a-4202-9db9-9fe847e02d96:group-B6D75F9266ED changes role from CANDIDATE to LEADER at term 1 for changeToLeader
2019-09-20 08:30:34,312 [c8a425d5-130a-4202-9db9-9fe847e02d96:group-B6D75F9266ED:LeaderElection21] INFO  impl.RaftServerImpl (ServerState.java:setLeader(263)) - c8a425d5-130a-4202-9db9-9fe847e02d96:group-B6D75F9266ED change Leader from null to c8a425d5-130a-4202-9db9-9fe847e02d96 at term 1 for becomeLeader, leader elected after 5062ms
2019-09-20 08:30:34,313 [c8a425d5-130a-4202-9db9-9fe847e02d96:group-B6D75F9266ED:LeaderElection21] INFO  server.RaftServerConfigKeys (ConfUtils.java:logGet(43)) - raft.server.staging.catchup.gap = 1000 (default)
2019-09-20 08:30:34,313 [c8a425d5-130a-4202-9db9-9fe847e02d96:group-B6D75F9266ED:LeaderElection21] INFO  server.RaftServerConfigKeys (ConfUtils.java:logGet(43)) - raft.server.rpc.sleep.time = 25ms (default)
2019-09-20 08:30:34,313 [c8a425d5-130a-4202-9db9-9fe847e02d96:group-B6D75F9266ED:LeaderElection21] INFO  server.RaftServerConfigKeys (ConfUtils.java:logGet(43)) - raft.server.write.element-limit = 4096 (default)
2019-09-20 08:30:34,313 [c8a425d5-130a-4202-9db9-9fe847e02d96:group-B6D75F9266ED:LeaderElection21] INFO  server.RaftServerConfigKeys (ConfUtils.java:logGet(43)) - raft.server.watch.timeout = 10s (default)
2019-09-20 08:30:34,313 [c8a425d5-130a-4202-9db9-9fe847e02d96:group-B6D75F9266ED:LeaderElection21] INFO  server.RaftServerConfigKeys (ConfUtils.java:logGet(43)) - raft.server.watch.timeout.denomination = 1s (default)
2019-09-20 08:30:34,313 [c8a425d5-130a-4202-9db9-9fe847e02d96:group-B6D75F9266ED:LeaderElection21] INFO  server.RaftServerConfigKeys (ConfUtils.java:logGet(43)) - raft.server.watch.element-limit = 65536 (default)
2019-09-20 08:30:34,314 [c8a425d5-130a-4202-9db9-9fe847e02d96:group-B6D75F9266ED:LeaderElection21] INFO  impl.RoleInfo (RoleInfo.java:updateAndGet(143)) - c8a425d5-130a-4202-9db9-9fe847e02d96: start LeaderState
2019-09-20 08:30:34,314 [c8a425d5-130a-4202-9db9-9fe847e02d96:group-B6D75F9266ED:LeaderElection21] INFO  segmented.SegmentedRaftLogWorker (SegmentedRaftLogWorker.java:startLogSegment(380)) - c8a425d5-130a-4202-9db9-9fe847e02d96-SegmentedRaftLogWorker:Storage Directory /workdir/hadoop-ozone/tools/target/test-dir/MiniOzoneClusterImpl-27b2788d-4a5e-4768-9652-b88d14ddf2e4/datanode-1/data/ratis/265a3c77-691a-4a5c-b672-b6d75f9266ed: Starting segment from index:0
2019-09-20 08:30:34,314 [c8a425d5-130a-4202-9db9-9fe847e02d96:group-B6D75F9266ED:LeaderElection21] INFO  impl.RaftServerImpl (ServerState.java:setRaftConf(361)) - c8a425d5-130a-4202-9db9-9fe847e02d96:group-B6D75F9266ED set configuration 0: [c8a425d5-130a-4202-9db9-9fe847e02d96:192.168.34.27:42231], old=null at 0
2019-09-20 08:30:34,352 | INFO  | SCMAudit | user=jenkins1000 | ip=192.168.34.27 | op=SEND_HEARTBEAT {datanodeUUID=d2c36bd8-bad5-464c-8c6b-b124cc016412, command=[]} | ret=SUCCESS |  
2019-09-20 08:30:34,364 [c8a425d5-130a-4202-9db9-9fe847e02d96-SegmentedRaftLogWorker:Storage Directory /workdir/hadoop-ozone/tools/target/test-dir/MiniOzoneClusterImpl-27b2788d-4a5e-4768-9652-b88d14ddf2e4/datanode-1/data/ratis/265a3c77-691a-4a5c-b672-b6d75f9266ed] INFO  segmented.SegmentedRaftLogWorker (SegmentedRaftLogWorker.java:execute(569)) - c8a425d5-130a-4202-9db9-9fe847e02d96-SegmentedRaftLogWorker:Storage Directory /workdir/hadoop-ozone/tools/target/test-dir/MiniOzoneClusterImpl-27b2788d-4a5e-4768-9652-b88d14ddf2e4/datanode-1/data/ratis/265a3c77-691a-4a5c-b672-b6d75f9266ed: created new log segment /workdir/hadoop-ozone/tools/target/test-dir/MiniOzoneClusterImpl-27b2788d-4a5e-4768-9652-b88d14ddf2e4/datanode-1/data/ratis/265a3c77-691a-4a5c-b672-b6d75f9266ed/current/log_inprogress_0
2019-09-20 08:30:34,380 [Thread-276] INFO  impl.FollowerState (FollowerState.java:run(106)) - c8a425d5-130a-4202-9db9-9fe847e02d96:group-E11F40E4F613 changes to CANDIDATE, lastRpcTime:5183, electionTimeout:5183ms
2019-09-20 08:30:34,380 [Thread-276] INFO  impl.RoleInfo (RoleInfo.java:shutdownFollowerState(121)) - c8a425d5-130a-4202-9db9-9fe847e02d96: shutdown FollowerState
2019-09-20 08:30:34,380 [Thread-276] INFO  impl.RaftServerImpl (RaftServerImpl.java:setRole(171)) - c8a425d5-130a-4202-9db9-9fe847e02d96:group-E11F40E4F613 changes role from FOLLOWER to CANDIDATE at term 0 for changeToCandidate
2019-09-20 08:30:34,380 [Thread-276] INFO  impl.RoleInfo (RoleInfo.java:updateAndGet(143)) - c8a425d5-130a-4202-9db9-9fe847e02d96: start LeaderElection
2019-09-20 08:30:34,395 [c8a425d5-130a-4202-9db9-9fe847e02d96:group-E11F40E4F613:LeaderElection22] INFO  impl.LeaderElection (LeaderElection.java:askForVotes(181)) - c8a425d5-130a-4202-9db9-9fe847e02d96:group-E11F40E4F613:LeaderElection22: begin an election at term 1 for -1: [c8a425d5-130a-4202-9db9-9fe847e02d96:192.168.34.27:42231], old=null
2019-09-20 08:30:34,395 [c8a425d5-130a-4202-9db9-9fe847e02d96:group-E11F40E4F613:LeaderElection22] INFO  impl.RoleInfo (RoleInfo.java:shutdownLeaderElection(134)) - c8a425d5-130a-4202-9db9-9fe847e02d96: shutdown LeaderElection
2019-09-20 08:30:34,395 [c8a425d5-130a-4202-9db9-9fe847e02d96:group-E11F40E4F613:LeaderElection22] INFO  impl.RaftServerImpl (RaftServerImpl.java:setRole(171)) - c8a425d5-130a-4202-9db9-9fe847e02d96:group-E11F40E4F613 changes role from CANDIDATE to LEADER at term 1 for changeToLeader
2019-09-20 08:30:34,396 [c8a425d5-130a-4202-9db9-9fe847e02d96:group-E11F40E4F613:LeaderElection22] INFO  impl.RaftServerImpl (ServerState.java:setLeader(263)) - c8a425d5-130a-4202-9db9-9fe847e02d96:group-E11F40E4F613 change Leader from null to c8a425d5-130a-4202-9db9-9fe847e02d96 at term 1 for becomeLeader, leader elected after 5205ms
2019-09-20 08:30:34,396 [c8a425d5-130a-4202-9db9-9fe847e02d96:group-E11F40E4F613:LeaderElection22] INFO  server.RaftServerConfigKeys (ConfUtils.java:logGet(43)) - raft.server.staging.catchup.gap = 1000 (default)
2019-09-20 08:30:34,396 [c8a425d5-130a-4202-9db9-9fe847e02d96:group-E11F40E4F613:LeaderElection22] INFO  server.RaftServerConfigKeys (ConfUtils.java:logGet(43)) - raft.server.rpc.sleep.time = 25ms (default)
2019-09-20 08:30:34,396 [c8a425d5-130a-4202-9db9-9fe847e02d96:group-E11F40E4F613:LeaderElection22] INFO  server.RaftServerConfigKeys (ConfUtils.java:logGet(43)) - raft.server.write.element-limit = 4096 (default)
2019-09-20 08:30:34,396 [c8a425d5-130a-4202-9db9-9fe847e02d96:group-E11F40E4F613:LeaderElection22] INFO  server.RaftServerConfigKeys (ConfUtils.java:logGet(43)) - raft.server.watch.timeout = 10s (default)
2019-09-20 08:30:34,396 [c8a425d5-130a-4202-9db9-9fe847e02d96:group-E11F40E4F613:LeaderElection22] INFO  server.RaftServerConfigKeys (ConfUtils.java:logGet(43)) - raft.server.watch.timeout.denomination = 1s (default)
2019-09-20 08:30:34,397 [c8a425d5-130a-4202-9db9-9fe847e02d96:group-E11F40E4F613:LeaderElection22] INFO  server.RaftServerConfigKeys (ConfUtils.java:logGet(43)) - raft.server.watch.element-limit = 65536 (default)
2019-09-20 08:30:34,397 [c8a425d5-130a-4202-9db9-9fe847e02d96:group-E11F40E4F613:LeaderElection22] INFO  impl.RoleInfo (RoleInfo.java:updateAndGet(143)) - c8a425d5-130a-4202-9db9-9fe847e02d96: start LeaderState
2019-09-20 08:30:34,397 [c8a425d5-130a-4202-9db9-9fe847e02d96:group-E11F40E4F613:LeaderElection22] INFO  segmented.SegmentedRaftLogWorker (SegmentedRaftLogWorker.java:startLogSegment(380)) - c8a425d5-130a-4202-9db9-9fe847e02d96-SegmentedRaftLogWorker:Storage Directory /workdir/hadoop-ozone/tools/target/test-dir/MiniOzoneClusterImpl-27b2788d-4a5e-4768-9652-b88d14ddf2e4/datanode-1/data/ratis/425c877e-bbe6-44f7-8d37-e11f40e4f613: Starting segment from index:0
2019-09-20 08:30:34,398 [c8a425d5-130a-4202-9db9-9fe847e02d96:group-E11F40E4F613:LeaderElection22] INFO  impl.RaftServerImpl (ServerState.java:setRaftConf(361)) - c8a425d5-130a-4202-9db9-9fe847e02d96:group-E11F40E4F613 set configuration 0: [c8a425d5-130a-4202-9db9-9fe847e02d96:192.168.34.27:42231], old=null at 0
2019-09-20 08:30:34,433 [Thread-282] INFO  impl.FollowerState (FollowerState.java:run(106)) - 4e3bae72-6dec-40bd-99be-7c75f0b44aae:group-71C449976774 changes to CANDIDATE, lastRpcTime:5121, electionTimeout:5105ms
2019-09-20 08:30:34,433 [Thread-282] INFO  impl.RoleInfo (RoleInfo.java:shutdownFollowerState(121)) - 4e3bae72-6dec-40bd-99be-7c75f0b44aae: shutdown FollowerState
2019-09-20 08:30:34,434 [Thread-282] INFO  impl.RaftServerImpl (RaftServerImpl.java:setRole(171)) - 4e3bae72-6dec-40bd-99be-7c75f0b44aae:group-71C449976774 changes role from FOLLOWER to CANDIDATE at term 0 for changeToCandidate
2019-09-20 08:30:34,434 [Thread-282] INFO  impl.RoleInfo (RoleInfo.java:updateAndGet(143)) - 4e3bae72-6dec-40bd-99be-7c75f0b44aae: start LeaderElection
2019-09-20 08:30:34,437 | INFO  | SCMAudit | user=jenkins1000 | ip=192.168.34.27 | op=SEND_HEARTBEAT {datanodeUUID=e1a187e5-d89a-47f2-b2bd-c6db4da75c05, command=[]} | ret=SUCCESS |  
2019-09-20 08:30:34,437 | INFO  | SCMAudit | user=jenkins1000 | ip=192.168.34.27 | op=SEND_HEARTBEAT {datanodeUUID=6f5cd177-0d50-44f5-9dda-f28331356997, command=[]} | ret=SUCCESS |  
2019-09-20 08:30:34,458 [c8a425d5-130a-4202-9db9-9fe847e02d96-SegmentedRaftLogWorker:Storage Directory /workdir/hadoop-ozone/tools/target/test-dir/MiniOzoneClusterImpl-27b2788d-4a5e-4768-9652-b88d14ddf2e4/datanode-1/data/ratis/425c877e-bbe6-44f7-8d37-e11f40e4f613] INFO  segmented.SegmentedRaftLogWorker (SegmentedRaftLogWorker.java:execute(569)) - c8a425d5-130a-4202-9db9-9fe847e02d96-SegmentedRaftLogWorker:Storage Directory /workdir/hadoop-ozone/tools/target/test-dir/MiniOzoneClusterImpl-27b2788d-4a5e-4768-9652-b88d14ddf2e4/datanode-1/data/ratis/425c877e-bbe6-44f7-8d37-e11f40e4f613: created new log segment /workdir/hadoop-ozone/tools/target/test-dir/MiniOzoneClusterImpl-27b2788d-4a5e-4768-9652-b88d14ddf2e4/datanode-1/data/ratis/425c877e-bbe6-44f7-8d37-e11f40e4f613/current/log_inprogress_0
2019-09-20 08:30:34,458 [4e3bae72-6dec-40bd-99be-7c75f0b44aae:group-71C449976774:LeaderElection23] INFO  impl.LeaderElection (LeaderElection.java:askForVotes(181)) - 4e3bae72-6dec-40bd-99be-7c75f0b44aae:group-71C449976774:LeaderElection23: begin an election at term 1 for -1: [4e3bae72-6dec-40bd-99be-7c75f0b44aae:192.168.34.27:33584], old=null
2019-09-20 08:30:34,458 [4e3bae72-6dec-40bd-99be-7c75f0b44aae:group-71C449976774:LeaderElection23] INFO  impl.RoleInfo (RoleInfo.java:shutdownLeaderElection(134)) - 4e3bae72-6dec-40bd-99be-7c75f0b44aae: shutdown LeaderElection
2019-09-20 08:30:34,458 [4e3bae72-6dec-40bd-99be-7c75f0b44aae:group-71C449976774:LeaderElection23] INFO  impl.RaftServerImpl (RaftServerImpl.java:setRole(171)) - 4e3bae72-6dec-40bd-99be-7c75f0b44aae:group-71C449976774 changes role from CANDIDATE to LEADER at term 1 for changeToLeader
2019-09-20 08:30:34,459 [4e3bae72-6dec-40bd-99be-7c75f0b44aae:group-71C449976774:LeaderElection23] INFO  impl.RaftServerImpl (ServerState.java:setLeader(263)) - 4e3bae72-6dec-40bd-99be-7c75f0b44aae:group-71C449976774 change Leader from null to 4e3bae72-6dec-40bd-99be-7c75f0b44aae at term 1 for becomeLeader, leader elected after 5151ms
2019-09-20 08:30:34,459 [4e3bae72-6dec-40bd-99be-7c75f0b44aae:group-71C449976774:LeaderElection23] INFO  server.RaftServerConfigKeys (ConfUtils.java:logGet(43)) - raft.server.staging.catchup.gap = 1000 (default)
2019-09-20 08:30:34,459 [4e3bae72-6dec-40bd-99be-7c75f0b44aae:group-71C449976774:LeaderElection23] INFO  server.RaftServerConfigKeys (ConfUtils.java:logGet(43)) - raft.server.rpc.sleep.time = 25ms (default)
2019-09-20 08:30:34,459 [4e3bae72-6dec-40bd-99be-7c75f0b44aae:group-71C449976774:LeaderElection23] INFO  server.RaftServerConfigKeys (ConfUtils.java:logGet(43)) - raft.server.write.element-limit = 4096 (default)
2019-09-20 08:30:34,460 [4e3bae72-6dec-40bd-99be-7c75f0b44aae:group-71C449976774:LeaderElection23] INFO  server.RaftServerConfigKeys (ConfUtils.java:logGet(43)) - raft.server.watch.timeout = 10s (default)
2019-09-20 08:30:34,460 [4e3bae72-6dec-40bd-99be-7c75f0b44aae:group-71C449976774:LeaderElection23] INFO  server.RaftServerConfigKeys (ConfUtils.java:logGet(43)) - raft.server.watch.timeout.denomination = 1s (default)
2019-09-20 08:30:34,460 [4e3bae72-6dec-40bd-99be-7c75f0b44aae:group-71C449976774:LeaderElection23] INFO  server.RaftServerConfigKeys (ConfUtils.java:logGet(43)) - raft.server.watch.element-limit = 65536 (default)
2019-09-20 08:30:34,460 [4e3bae72-6dec-40bd-99be-7c75f0b44aae:group-71C449976774:LeaderElection23] INFO  impl.RoleInfo (RoleInfo.java:updateAndGet(143)) - 4e3bae72-6dec-40bd-99be-7c75f0b44aae: start LeaderState
2019-09-20 08:30:34,460 [Thread-288] INFO  impl.FollowerState (FollowerState.java:run(106)) - 6f5cd177-0d50-44f5-9dda-f28331356997:group-BDCE7B19B2CC changes to CANDIDATE, lastRpcTime:5027, electionTimeout:5027ms
2019-09-20 08:30:34,461 [Thread-288] INFO  impl.RoleInfo (RoleInfo.java:shutdownFollowerState(121)) - 6f5cd177-0d50-44f5-9dda-f28331356997: shutdown FollowerState
2019-09-20 08:30:34,461 [4e3bae72-6dec-40bd-99be-7c75f0b44aae:group-71C449976774:LeaderElection23] INFO  segmented.SegmentedRaftLogWorker (SegmentedRaftLogWorker.java:startLogSegment(380)) - 4e3bae72-6dec-40bd-99be-7c75f0b44aae-SegmentedRaftLogWorker:Storage Directory /workdir/hadoop-ozone/tools/target/test-dir/MiniOzoneClusterImpl-27b2788d-4a5e-4768-9652-b88d14ddf2e4/datanode-2/data/ratis/0a143d7d-4d65-4627-b38d-71c449976774: Starting segment from index:0
2019-09-20 08:30:34,461 [Thread-288] INFO  impl.RaftServerImpl (RaftServerImpl.java:setRole(171)) - 6f5cd177-0d50-44f5-9dda-f28331356997:group-BDCE7B19B2CC changes role from FOLLOWER to CANDIDATE at term 0 for changeToCandidate
2019-09-20 08:30:34,461 [Thread-288] INFO  impl.RoleInfo (RoleInfo.java:updateAndGet(143)) - 6f5cd177-0d50-44f5-9dda-f28331356997: start LeaderElection
2019-09-20 08:30:34,461 [4e3bae72-6dec-40bd-99be-7c75f0b44aae:group-71C449976774:LeaderElection23] INFO  impl.RaftServerImpl (ServerState.java:setRaftConf(361)) - 4e3bae72-6dec-40bd-99be-7c75f0b44aae:group-71C449976774 set configuration 0: [4e3bae72-6dec-40bd-99be-7c75f0b44aae:192.168.34.27:33584], old=null at 0
2019-09-20 08:30:34,518 [4e3bae72-6dec-40bd-99be-7c75f0b44aae-SegmentedRaftLogWorker:Storage Directory /workdir/hadoop-ozone/tools/target/test-dir/MiniOzoneClusterImpl-27b2788d-4a5e-4768-9652-b88d14ddf2e4/datanode-2/data/ratis/0a143d7d-4d65-4627-b38d-71c449976774] INFO  segmented.SegmentedRaftLogWorker (SegmentedRaftLogWorker.java:execute(569)) - 4e3bae72-6dec-40bd-99be-7c75f0b44aae-SegmentedRaftLogWorker:Storage Directory /workdir/hadoop-ozone/tools/target/test-dir/MiniOzoneClusterImpl-27b2788d-4a5e-4768-9652-b88d14ddf2e4/datanode-2/data/ratis/0a143d7d-4d65-4627-b38d-71c449976774: created new log segment /workdir/hadoop-ozone/tools/target/test-dir/MiniOzoneClusterImpl-27b2788d-4a5e-4768-9652-b88d14ddf2e4/datanode-2/data/ratis/0a143d7d-4d65-4627-b38d-71c449976774/current/log_inprogress_0
2019-09-20 08:30:34,518 [6f5cd177-0d50-44f5-9dda-f28331356997:group-BDCE7B19B2CC:LeaderElection24] INFO  impl.LeaderElection (LeaderElection.java:askForVotes(181)) - 6f5cd177-0d50-44f5-9dda-f28331356997:group-BDCE7B19B2CC:LeaderElection24: begin an election at term 1 for -1: [6f5cd177-0d50-44f5-9dda-f28331356997:192.168.34.27:33265], old=null
2019-09-20 08:30:34,519 [6f5cd177-0d50-44f5-9dda-f28331356997:group-BDCE7B19B2CC:LeaderElection24] INFO  impl.RoleInfo (RoleInfo.java:shutdownLeaderElection(134)) - 6f5cd177-0d50-44f5-9dda-f28331356997: shutdown LeaderElection
2019-09-20 08:30:34,519 [6f5cd177-0d50-44f5-9dda-f28331356997:group-BDCE7B19B2CC:LeaderElection24] INFO  impl.RaftServerImpl (RaftServerImpl.java:setRole(171)) - 6f5cd177-0d50-44f5-9dda-f28331356997:group-BDCE7B19B2CC changes role from CANDIDATE to LEADER at term 1 for changeToLeader
2019-09-20 08:30:34,519 [6f5cd177-0d50-44f5-9dda-f28331356997:group-BDCE7B19B2CC:LeaderElection24] INFO  impl.RaftServerImpl (ServerState.java:setLeader(263)) - 6f5cd177-0d50-44f5-9dda-f28331356997:group-BDCE7B19B2CC change Leader from null to 6f5cd177-0d50-44f5-9dda-f28331356997 at term 1 for becomeLeader, leader elected after 5091ms
2019-09-20 08:30:34,520 [6f5cd177-0d50-44f5-9dda-f28331356997:group-BDCE7B19B2CC:LeaderElection24] INFO  server.RaftServerConfigKeys (ConfUtils.java:logGet(43)) - raft.server.staging.catchup.gap = 1000 (default)
2019-09-20 08:30:34,520 [6f5cd177-0d50-44f5-9dda-f28331356997:group-BDCE7B19B2CC:LeaderElection24] INFO  server.RaftServerConfigKeys (ConfUtils.java:logGet(43)) - raft.server.rpc.sleep.time = 25ms (default)
2019-09-20 08:30:34,520 [6f5cd177-0d50-44f5-9dda-f28331356997:group-BDCE7B19B2CC:LeaderElection24] INFO  server.RaftServerConfigKeys (ConfUtils.java:logGet(43)) - raft.server.write.element-limit = 4096 (default)
2019-09-20 08:30:34,520 [6f5cd177-0d50-44f5-9dda-f28331356997:group-BDCE7B19B2CC:LeaderElection24] INFO  server.RaftServerConfigKeys (ConfUtils.java:logGet(43)) - raft.server.watch.timeout = 10s (default)
2019-09-20 08:30:34,520 [6f5cd177-0d50-44f5-9dda-f28331356997:group-BDCE7B19B2CC:LeaderElection24] INFO  server.RaftServerConfigKeys (ConfUtils.java:logGet(43)) - raft.server.watch.timeout.denomination = 1s (default)
2019-09-20 08:30:34,521 [6f5cd177-0d50-44f5-9dda-f28331356997:group-BDCE7B19B2CC:LeaderElection24] INFO  server.RaftServerConfigKeys (ConfUtils.java:logGet(43)) - raft.server.watch.element-limit = 65536 (default)
2019-09-20 08:30:34,521 [6f5cd177-0d50-44f5-9dda-f28331356997:group-BDCE7B19B2CC:LeaderElection24] INFO  impl.RoleInfo (RoleInfo.java:updateAndGet(143)) - 6f5cd177-0d50-44f5-9dda-f28331356997: start LeaderState
2019-09-20 08:30:34,521 [6f5cd177-0d50-44f5-9dda-f28331356997:group-BDCE7B19B2CC:LeaderElection24] INFO  segmented.SegmentedRaftLogWorker (SegmentedRaftLogWorker.java:startLogSegment(380)) - 6f5cd177-0d50-44f5-9dda-f28331356997-SegmentedRaftLogWorker:Storage Directory /workdir/hadoop-ozone/tools/target/test-dir/MiniOzoneClusterImpl-27b2788d-4a5e-4768-9652-b88d14ddf2e4/datanode-4/data/ratis/44ccbe14-93bd-4bb6-8f24-bdce7b19b2cc: Starting segment from index:0
2019-09-20 08:30:34,522 [6f5cd177-0d50-44f5-9dda-f28331356997:group-BDCE7B19B2CC:LeaderElection24] INFO  impl.RaftServerImpl (ServerState.java:setRaftConf(361)) - 6f5cd177-0d50-44f5-9dda-f28331356997:group-BDCE7B19B2CC set configuration 0: [6f5cd177-0d50-44f5-9dda-f28331356997:192.168.34.27:33265], old=null at 0
2019-09-20 08:30:34,562 [Thread-295] INFO  impl.FollowerState (FollowerState.java:run(106)) - 4e3bae72-6dec-40bd-99be-7c75f0b44aae:group-DE213B00C824 changes to CANDIDATE, lastRpcTime:5017, electionTimeout:5010ms
2019-09-20 08:30:34,562 [Thread-285] INFO  impl.FollowerState (FollowerState.java:run(106)) - c8a425d5-130a-4202-9db9-9fe847e02d96:group-6CCE70C216A3 changes to CANDIDATE, lastRpcTime:5194, electionTimeout:5165ms
2019-09-20 08:30:34,562 [Thread-295] INFO  impl.RoleInfo (RoleInfo.java:shutdownFollowerState(121)) - 4e3bae72-6dec-40bd-99be-7c75f0b44aae: shutdown FollowerState
2019-09-20 08:30:34,563 [Thread-285] INFO  impl.RoleInfo (RoleInfo.java:shutdownFollowerState(121)) - c8a425d5-130a-4202-9db9-9fe847e02d96: shutdown FollowerState
2019-09-20 08:30:34,563 [Thread-295] INFO  impl.RaftServerImpl (RaftServerImpl.java:setRole(171)) - 4e3bae72-6dec-40bd-99be-7c75f0b44aae:group-DE213B00C824 changes role from FOLLOWER to CANDIDATE at term 0 for changeToCandidate
2019-09-20 08:30:34,563 [Thread-285] INFO  impl.RaftServerImpl (RaftServerImpl.java:setRole(171)) - c8a425d5-130a-4202-9db9-9fe847e02d96:group-6CCE70C216A3 changes role from FOLLOWER to CANDIDATE at term 0 for changeToCandidate
2019-09-20 08:30:34,563 [Thread-295] INFO  impl.RoleInfo (RoleInfo.java:updateAndGet(143)) - 4e3bae72-6dec-40bd-99be-7c75f0b44aae: start LeaderElection
2019-09-20 08:30:34,563 [Thread-285] INFO  impl.RoleInfo (RoleInfo.java:updateAndGet(143)) - c8a425d5-130a-4202-9db9-9fe847e02d96: start LeaderElection
2019-09-20 08:30:34,587 [6f5cd177-0d50-44f5-9dda-f28331356997-SegmentedRaftLogWorker:Storage Directory /workdir/hadoop-ozone/tools/target/test-dir/MiniOzoneClusterImpl-27b2788d-4a5e-4768-9652-b88d14ddf2e4/datanode-4/data/ratis/44ccbe14-93bd-4bb6-8f24-bdce7b19b2cc] INFO  segmented.SegmentedRaftLogWorker (SegmentedRaftLogWorker.java:execute(569)) - 6f5cd177-0d50-44f5-9dda-f28331356997-SegmentedRaftLogWorker:Storage Directory /workdir/hadoop-ozone/tools/target/test-dir/MiniOzoneClusterImpl-27b2788d-4a5e-4768-9652-b88d14ddf2e4/datanode-4/data/ratis/44ccbe14-93bd-4bb6-8f24-bdce7b19b2cc: created new log segment /workdir/hadoop-ozone/tools/target/test-dir/MiniOzoneClusterImpl-27b2788d-4a5e-4768-9652-b88d14ddf2e4/datanode-4/data/ratis/44ccbe14-93bd-4bb6-8f24-bdce7b19b2cc/current/log_inprogress_0
2019-09-20 08:30:34,587 [4e3bae72-6dec-40bd-99be-7c75f0b44aae:group-DE213B00C824:LeaderElection25] INFO  impl.LeaderElection (LeaderElection.java:askForVotes(181)) - 4e3bae72-6dec-40bd-99be-7c75f0b44aae:group-DE213B00C824:LeaderElection25: begin an election at term 1 for -1: [4e3bae72-6dec-40bd-99be-7c75f0b44aae:192.168.34.27:33584], old=null
2019-09-20 08:30:34,587 [c8a425d5-130a-4202-9db9-9fe847e02d96:group-6CCE70C216A3:LeaderElection26] INFO  impl.LeaderElection (LeaderElection.java:askForVotes(181)) - c8a425d5-130a-4202-9db9-9fe847e02d96:group-6CCE70C216A3:LeaderElection26: begin an election at term 1 for -1: [c8a425d5-130a-4202-9db9-9fe847e02d96:192.168.34.27:42231], old=null
2019-09-20 08:30:34,587 [4e3bae72-6dec-40bd-99be-7c75f0b44aae:group-DE213B00C824:LeaderElection25] INFO  impl.RoleInfo (RoleInfo.java:shutdownLeaderElection(134)) - 4e3bae72-6dec-40bd-99be-7c75f0b44aae: shutdown LeaderElection
2019-09-20 08:30:34,587 [c8a425d5-130a-4202-9db9-9fe847e02d96:group-6CCE70C216A3:LeaderElection26] INFO  impl.RoleInfo (RoleInfo.java:shutdownLeaderElection(134)) - c8a425d5-130a-4202-9db9-9fe847e02d96: shutdown LeaderElection
2019-09-20 08:30:34,588 [4e3bae72-6dec-40bd-99be-7c75f0b44aae:group-DE213B00C824:LeaderElection25] INFO  impl.RaftServerImpl (RaftServerImpl.java:setRole(171)) - 4e3bae72-6dec-40bd-99be-7c75f0b44aae:group-DE213B00C824 changes role from CANDIDATE to LEADER at term 1 for changeToLeader
2019-09-20 08:30:34,588 [c8a425d5-130a-4202-9db9-9fe847e02d96:group-6CCE70C216A3:LeaderElection26] INFO  impl.RaftServerImpl (RaftServerImpl.java:setRole(171)) - c8a425d5-130a-4202-9db9-9fe847e02d96:group-6CCE70C216A3 changes role from CANDIDATE to LEADER at term 1 for changeToLeader
2019-09-20 08:30:34,588 [4e3bae72-6dec-40bd-99be-7c75f0b44aae:group-DE213B00C824:LeaderElection25] INFO  impl.RaftServerImpl (ServerState.java:setLeader(263)) - 4e3bae72-6dec-40bd-99be-7c75f0b44aae:group-DE213B00C824 change Leader from null to 4e3bae72-6dec-40bd-99be-7c75f0b44aae at term 1 for becomeLeader, leader elected after 5049ms
2019-09-20 08:30:34,588 [c8a425d5-130a-4202-9db9-9fe847e02d96:group-6CCE70C216A3:LeaderElection26] INFO  impl.RaftServerImpl (ServerState.java:setLeader(263)) - c8a425d5-130a-4202-9db9-9fe847e02d96:group-6CCE70C216A3 change Leader from null to c8a425d5-130a-4202-9db9-9fe847e02d96 at term 1 for becomeLeader, leader elected after 5225ms
2019-09-20 08:30:34,588 [4e3bae72-6dec-40bd-99be-7c75f0b44aae:group-DE213B00C824:LeaderElection25] INFO  server.RaftServerConfigKeys (ConfUtils.java:logGet(43)) - raft.server.staging.catchup.gap = 1000 (default)
2019-09-20 08:30:34,588 [c8a425d5-130a-4202-9db9-9fe847e02d96:group-6CCE70C216A3:LeaderElection26] INFO  server.RaftServerConfigKeys (ConfUtils.java:logGet(43)) - raft.server.staging.catchup.gap = 1000 (default)
2019-09-20 08:30:34,588 [4e3bae72-6dec-40bd-99be-7c75f0b44aae:group-DE213B00C824:LeaderElection25] INFO  server.RaftServerConfigKeys (ConfUtils.java:logGet(43)) - raft.server.rpc.sleep.time = 25ms (default)
2019-09-20 08:30:34,589 [c8a425d5-130a-4202-9db9-9fe847e02d96:group-6CCE70C216A3:LeaderElection26] INFO  server.RaftServerConfigKeys (ConfUtils.java:logGet(43)) - raft.server.rpc.sleep.time = 25ms (default)
2019-09-20 08:30:34,589 [4e3bae72-6dec-40bd-99be-7c75f0b44aae:group-DE213B00C824:LeaderElection25] INFO  server.RaftServerConfigKeys (ConfUtils.java:logGet(43)) - raft.server.write.element-limit = 4096 (default)
2019-09-20 08:30:34,589 [c8a425d5-130a-4202-9db9-9fe847e02d96:group-6CCE70C216A3:LeaderElection26] INFO  server.RaftServerConfigKeys (ConfUtils.java:logGet(43)) - raft.server.write.element-limit = 4096 (default)
2019-09-20 08:30:34,589 [4e3bae72-6dec-40bd-99be-7c75f0b44aae:group-DE213B00C824:LeaderElection25] INFO  server.RaftServerConfigKeys (ConfUtils.java:logGet(43)) - raft.server.watch.timeout = 10s (default)
2019-09-20 08:30:34,589 [c8a425d5-130a-4202-9db9-9fe847e02d96:group-6CCE70C216A3:LeaderElection26] INFO  server.RaftServerConfigKeys (ConfUtils.java:logGet(43)) - raft.server.watch.timeout = 10s (default)
2019-09-20 08:30:34,589 [4e3bae72-6dec-40bd-99be-7c75f0b44aae:group-DE213B00C824:LeaderElection25] INFO  server.RaftServerConfigKeys (ConfUtils.java:logGet(43)) - raft.server.watch.timeout.denomination = 1s (default)
2019-09-20 08:30:34,590 [c8a425d5-130a-4202-9db9-9fe847e02d96:group-6CCE70C216A3:LeaderElection26] INFO  server.RaftServerConfigKeys (ConfUtils.java:logGet(43)) - raft.server.watch.timeout.denomination = 1s (default)
2019-09-20 08:30:34,590 [4e3bae72-6dec-40bd-99be-7c75f0b44aae:group-DE213B00C824:LeaderElection25] INFO  server.RaftServerConfigKeys (ConfUtils.java:logGet(43)) - raft.server.watch.element-limit = 65536 (default)
2019-09-20 08:30:34,590 [c8a425d5-130a-4202-9db9-9fe847e02d96:group-6CCE70C216A3:LeaderElection26] INFO  server.RaftServerConfigKeys (ConfUtils.java:logGet(43)) - raft.server.watch.element-limit = 65536 (default)
2019-09-20 08:30:34,590 [4e3bae72-6dec-40bd-99be-7c75f0b44aae:group-DE213B00C824:LeaderElection25] INFO  impl.RoleInfo (RoleInfo.java:updateAndGet(143)) - 4e3bae72-6dec-40bd-99be-7c75f0b44aae: start LeaderState
2019-09-20 08:30:34,590 [c8a425d5-130a-4202-9db9-9fe847e02d96:group-6CCE70C216A3:LeaderElection26] INFO  impl.RoleInfo (RoleInfo.java:updateAndGet(143)) - c8a425d5-130a-4202-9db9-9fe847e02d96: start LeaderState
2019-09-20 08:30:34,590 [4e3bae72-6dec-40bd-99be-7c75f0b44aae:group-DE213B00C824:LeaderElection25] INFO  segmented.SegmentedRaftLogWorker (SegmentedRaftLogWorker.java:startLogSegment(380)) - 4e3bae72-6dec-40bd-99be-7c75f0b44aae-SegmentedRaftLogWorker:Storage Directory /workdir/hadoop-ozone/tools/target/test-dir/MiniOzoneClusterImpl-27b2788d-4a5e-4768-9652-b88d14ddf2e4/datanode-2/data/ratis/f25cf091-23f6-4bac-ac9d-de213b00c824: Starting segment from index:0
2019-09-20 08:30:34,591 [c8a425d5-130a-4202-9db9-9fe847e02d96:group-6CCE70C216A3:LeaderElection26] INFO  segmented.SegmentedRaftLogWorker (SegmentedRaftLogWorker.java:startLogSegment(380)) - c8a425d5-130a-4202-9db9-9fe847e02d96-SegmentedRaftLogWorker:Storage Directory /workdir/hadoop-ozone/tools/target/test-dir/MiniOzoneClusterImpl-27b2788d-4a5e-4768-9652-b88d14ddf2e4/datanode-1/data/ratis/d5dfde74-b69c-430b-a013-6cce70c216a3: Starting segment from index:0
2019-09-20 08:30:34,591 [4e3bae72-6dec-40bd-99be-7c75f0b44aae:group-DE213B00C824:LeaderElection25] INFO  impl.RaftServerImpl (ServerState.java:setRaftConf(361)) - 4e3bae72-6dec-40bd-99be-7c75f0b44aae:group-DE213B00C824 set configuration 0: [4e3bae72-6dec-40bd-99be-7c75f0b44aae:192.168.34.27:33584], old=null at 0
2019-09-20 08:30:34,633 [c8a425d5-130a-4202-9db9-9fe847e02d96:group-6CCE70C216A3:LeaderElection26] INFO  impl.RaftServerImpl (ServerState.java:setRaftConf(361)) - c8a425d5-130a-4202-9db9-9fe847e02d96:group-6CCE70C216A3 set configuration 0: [c8a425d5-130a-4202-9db9-9fe847e02d96:192.168.34.27:42231], old=null at 0
2019-09-20 08:30:34,676 [Thread-292] INFO  impl.FollowerState (FollowerState.java:run(106)) - 6f5cd177-0d50-44f5-9dda-f28331356997:group-51FB114C3803 changes to CANDIDATE, lastRpcTime:5189, electionTimeout:5167ms
2019-09-20 08:30:34,676 [4e3bae72-6dec-40bd-99be-7c75f0b44aae-SegmentedRaftLogWorker:Storage Directory /workdir/hadoop-ozone/tools/target/test-dir/MiniOzoneClusterImpl-27b2788d-4a5e-4768-9652-b88d14ddf2e4/datanode-2/data/ratis/f25cf091-23f6-4bac-ac9d-de213b00c824] INFO  segmented.SegmentedRaftLogWorker (SegmentedRaftLogWorker.java:execute(569)) - 4e3bae72-6dec-40bd-99be-7c75f0b44aae-SegmentedRaftLogWorker:Storage Directory /workdir/hadoop-ozone/tools/target/test-dir/MiniOzoneClusterImpl-27b2788d-4a5e-4768-9652-b88d14ddf2e4/datanode-2/data/ratis/f25cf091-23f6-4bac-ac9d-de213b00c824: created new log segment /workdir/hadoop-ozone/tools/target/test-dir/MiniOzoneClusterImpl-27b2788d-4a5e-4768-9652-b88d14ddf2e4/datanode-2/data/ratis/f25cf091-23f6-4bac-ac9d-de213b00c824/current/log_inprogress_0
2019-09-20 08:30:34,676 [Thread-298] INFO  impl.FollowerState (FollowerState.java:run(106)) - 6f5cd177-0d50-44f5-9dda-f28331356997:group-AF6AFDC78924 changes to CANDIDATE, lastRpcTime:5076, electionTimeout:5046ms
2019-09-20 08:30:34,676 [Thread-292] INFO  impl.RoleInfo (RoleInfo.java:shutdownFollowerState(121)) - 6f5cd177-0d50-44f5-9dda-f28331356997: shutdown FollowerState
2019-09-20 08:30:34,677 [Thread-298] INFO  impl.RoleInfo (RoleInfo.java:shutdownFollowerState(121)) - 6f5cd177-0d50-44f5-9dda-f28331356997: shutdown FollowerState
2019-09-20 08:30:34,677 [Thread-292] INFO  impl.RaftServerImpl (RaftServerImpl.java:setRole(171)) - 6f5cd177-0d50-44f5-9dda-f28331356997:group-51FB114C3803 changes role from FOLLOWER to CANDIDATE at term 0 for changeToCandidate
2019-09-20 08:30:34,677 [Thread-298] INFO  impl.RaftServerImpl (RaftServerImpl.java:setRole(171)) - 6f5cd177-0d50-44f5-9dda-f28331356997:group-AF6AFDC78924 changes role from FOLLOWER to CANDIDATE at term 0 for changeToCandidate
2019-09-20 08:30:34,677 [Thread-292] INFO  impl.RoleInfo (RoleInfo.java:updateAndGet(143)) - 6f5cd177-0d50-44f5-9dda-f28331356997: start LeaderElection
2019-09-20 08:30:34,677 [Thread-298] INFO  impl.RoleInfo (RoleInfo.java:updateAndGet(143)) - 6f5cd177-0d50-44f5-9dda-f28331356997: start LeaderElection
2019-09-20 08:30:34,690 [c8a425d5-130a-4202-9db9-9fe847e02d96-SegmentedRaftLogWorker:Storage Directory /workdir/hadoop-ozone/tools/target/test-dir/MiniOzoneClusterImpl-27b2788d-4a5e-4768-9652-b88d14ddf2e4/datanode-1/data/ratis/d5dfde74-b69c-430b-a013-6cce70c216a3] INFO  segmented.SegmentedRaftLogWorker (SegmentedRaftLogWorker.java:execute(569)) - c8a425d5-130a-4202-9db9-9fe847e02d96-SegmentedRaftLogWorker:Storage Directory /workdir/hadoop-ozone/tools/target/test-dir/MiniOzoneClusterImpl-27b2788d-4a5e-4768-9652-b88d14ddf2e4/datanode-1/data/ratis/d5dfde74-b69c-430b-a013-6cce70c216a3: created new log segment /workdir/hadoop-ozone/tools/target/test-dir/MiniOzoneClusterImpl-27b2788d-4a5e-4768-9652-b88d14ddf2e4/datanode-1/data/ratis/d5dfde74-b69c-430b-a013-6cce70c216a3/current/log_inprogress_0
2019-09-20 08:30:34,690 [6f5cd177-0d50-44f5-9dda-f28331356997:group-51FB114C3803:LeaderElection27] INFO  impl.LeaderElection (LeaderElection.java:askForVotes(181)) - 6f5cd177-0d50-44f5-9dda-f28331356997:group-51FB114C3803:LeaderElection27: begin an election at term 1 for -1: [6f5cd177-0d50-44f5-9dda-f28331356997:192.168.34.27:33265], old=null
2019-09-20 08:30:34,690 [6f5cd177-0d50-44f5-9dda-f28331356997:group-AF6AFDC78924:LeaderElection28] INFO  impl.LeaderElection (LeaderElection.java:askForVotes(181)) - 6f5cd177-0d50-44f5-9dda-f28331356997:group-AF6AFDC78924:LeaderElection28: begin an election at term 1 for -1: [6f5cd177-0d50-44f5-9dda-f28331356997:192.168.34.27:33265], old=null
2019-09-20 08:30:34,690 [6f5cd177-0d50-44f5-9dda-f28331356997:group-51FB114C3803:LeaderElection27] INFO  impl.RoleInfo (RoleInfo.java:shutdownLeaderElection(134)) - 6f5cd177-0d50-44f5-9dda-f28331356997: shutdown LeaderElection
2019-09-20 08:30:34,690 [6f5cd177-0d50-44f5-9dda-f28331356997:group-AF6AFDC78924:LeaderElection28] INFO  impl.RoleInfo (RoleInfo.java:shutdownLeaderElection(134)) - 6f5cd177-0d50-44f5-9dda-f28331356997: shutdown LeaderElection
2019-09-20 08:30:34,690 [6f5cd177-0d50-44f5-9dda-f28331356997:group-51FB114C3803:LeaderElection27] INFO  impl.RaftServerImpl (RaftServerImpl.java:setRole(171)) - 6f5cd177-0d50-44f5-9dda-f28331356997:group-51FB114C3803 changes role from CANDIDATE to LEADER at term 1 for changeToLeader
2019-09-20 08:30:34,691 [6f5cd177-0d50-44f5-9dda-f28331356997:group-AF6AFDC78924:LeaderElection28] INFO  impl.RaftServerImpl (RaftServerImpl.java:setRole(171)) - 6f5cd177-0d50-44f5-9dda-f28331356997:group-AF6AFDC78924 changes role from CANDIDATE to LEADER at term 1 for changeToLeader
2019-09-20 08:30:34,691 [6f5cd177-0d50-44f5-9dda-f28331356997:group-51FB114C3803:LeaderElection27] INFO  impl.RaftServerImpl (ServerState.java:setLeader(263)) - 6f5cd177-0d50-44f5-9dda-f28331356997:group-51FB114C3803 change Leader from null to 6f5cd177-0d50-44f5-9dda-f28331356997 at term 1 for becomeLeader, leader elected after 5209ms
2019-09-20 08:30:34,691 [6f5cd177-0d50-44f5-9dda-f28331356997:group-AF6AFDC78924:LeaderElection28] INFO  impl.RaftServerImpl (ServerState.java:setLeader(263)) - 6f5cd177-0d50-44f5-9dda-f28331356997:group-AF6AFDC78924 change Leader from null to 6f5cd177-0d50-44f5-9dda-f28331356997 at term 1 for becomeLeader, leader elected after 5095ms
2019-09-20 08:30:34,691 [6f5cd177-0d50-44f5-9dda-f28331356997:group-51FB114C3803:LeaderElection27] INFO  server.RaftServerConfigKeys (ConfUtils.java:logGet(43)) - raft.server.staging.catchup.gap = 1000 (default)
2019-09-20 08:30:34,691 [6f5cd177-0d50-44f5-9dda-f28331356997:group-AF6AFDC78924:LeaderElection28] INFO  server.RaftServerConfigKeys (ConfUtils.java:logGet(43)) - raft.server.staging.catchup.gap = 1000 (default)
2019-09-20 08:30:34,691 [6f5cd177-0d50-44f5-9dda-f28331356997:group-51FB114C3803:LeaderElection27] INFO  server.RaftServerConfigKeys (ConfUtils.java:logGet(43)) - raft.server.rpc.sleep.time = 25ms (default)
2019-09-20 08:30:34,691 [6f5cd177-0d50-44f5-9dda-f28331356997:group-AF6AFDC78924:LeaderElection28] INFO  server.RaftServerConfigKeys (ConfUtils.java:logGet(43)) - raft.server.rpc.sleep.time = 25ms (default)
2019-09-20 08:30:34,692 [6f5cd177-0d50-44f5-9dda-f28331356997:group-51FB114C3803:LeaderElection27] INFO  server.RaftServerConfigKeys (ConfUtils.java:logGet(43)) - raft.server.write.element-limit = 4096 (default)
2019-09-20 08:30:34,692 [6f5cd177-0d50-44f5-9dda-f28331356997:group-AF6AFDC78924:LeaderElection28] INFO  server.RaftServerConfigKeys (ConfUtils.java:logGet(43)) - raft.server.write.element-limit = 4096 (default)
2019-09-20 08:30:34,692 [6f5cd177-0d50-44f5-9dda-f28331356997:group-51FB114C3803:LeaderElection27] INFO  server.RaftServerConfigKeys (ConfUtils.java:logGet(43)) - raft.server.watch.timeout = 10s (default)
2019-09-20 08:30:34,692 [6f5cd177-0d50-44f5-9dda-f28331356997:group-AF6AFDC78924:LeaderElection28] INFO  server.RaftServerConfigKeys (ConfUtils.java:logGet(43)) - raft.server.watch.timeout = 10s (default)
2019-09-20 08:30:34,692 [6f5cd177-0d50-44f5-9dda-f28331356997:group-51FB114C3803:LeaderElection27] INFO  server.RaftServerConfigKeys (ConfUtils.java:logGet(43)) - raft.server.watch.timeout.denomination = 1s (default)
2019-09-20 08:30:34,692 [6f5cd177-0d50-44f5-9dda-f28331356997:group-AF6AFDC78924:LeaderElection28] INFO  server.RaftServerConfigKeys (ConfUtils.java:logGet(43)) - raft.server.watch.timeout.denomination = 1s (default)
2019-09-20 08:30:34,693 [6f5cd177-0d50-44f5-9dda-f28331356997:group-51FB114C3803:LeaderElection27] INFO  server.RaftServerConfigKeys (ConfUtils.java:logGet(43)) - raft.server.watch.element-limit = 65536 (default)
2019-09-20 08:30:34,693 [6f5cd177-0d50-44f5-9dda-f28331356997:group-AF6AFDC78924:LeaderElection28] INFO  server.RaftServerConfigKeys (ConfUtils.java:logGet(43)) - raft.server.watch.element-limit = 65536 (default)
2019-09-20 08:30:34,693 [6f5cd177-0d50-44f5-9dda-f28331356997:group-51FB114C3803:LeaderElection27] INFO  impl.RoleInfo (RoleInfo.java:updateAndGet(143)) - 6f5cd177-0d50-44f5-9dda-f28331356997: start LeaderState
2019-09-20 08:30:34,693 [6f5cd177-0d50-44f5-9dda-f28331356997:group-AF6AFDC78924:LeaderElection28] INFO  impl.RoleInfo (RoleInfo.java:updateAndGet(143)) - 6f5cd177-0d50-44f5-9dda-f28331356997: start LeaderState
2019-09-20 08:30:34,694 [6f5cd177-0d50-44f5-9dda-f28331356997:group-51FB114C3803:LeaderElection27] INFO  segmented.SegmentedRaftLogWorker (SegmentedRaftLogWorker.java:startLogSegment(380)) - 6f5cd177-0d50-44f5-9dda-f28331356997-SegmentedRaftLogWorker:Storage Directory /workdir/hadoop-ozone/tools/target/test-dir/MiniOzoneClusterImpl-27b2788d-4a5e-4768-9652-b88d14ddf2e4/datanode-4/data/ratis/6c57a929-1226-4b73-8d42-51fb114c3803: Starting segment from index:0
2019-09-20 08:30:34,694 [6f5cd177-0d50-44f5-9dda-f28331356997:group-AF6AFDC78924:LeaderElection28] INFO  segmented.SegmentedRaftLogWorker (SegmentedRaftLogWorker.java:startLogSegment(380)) - 6f5cd177-0d50-44f5-9dda-f28331356997-SegmentedRaftLogWorker:Storage Directory /workdir/hadoop-ozone/tools/target/test-dir/MiniOzoneClusterImpl-27b2788d-4a5e-4768-9652-b88d14ddf2e4/datanode-4/data/ratis/1dbe19fe-77ce-4cb1-9b3f-af6afdc78924: Starting segment from index:0
2019-09-20 08:30:34,700 [6f5cd177-0d50-44f5-9dda-f28331356997:group-51FB114C3803:LeaderElection27] INFO  impl.RaftServerImpl (ServerState.java:setRaftConf(361)) - 6f5cd177-0d50-44f5-9dda-f28331356997:group-51FB114C3803 set configuration 0: [6f5cd177-0d50-44f5-9dda-f28331356997:192.168.34.27:33265], old=null at 0
2019-09-20 08:30:34,700 [6f5cd177-0d50-44f5-9dda-f28331356997:group-AF6AFDC78924:LeaderElection28] INFO  impl.RaftServerImpl (ServerState.java:setRaftConf(361)) - 6f5cd177-0d50-44f5-9dda-f28331356997:group-AF6AFDC78924 set configuration 0: [6f5cd177-0d50-44f5-9dda-f28331356997:192.168.34.27:33265], old=null at 0
2019-09-20 08:30:34,752 | INFO  | SCMAudit | user=jenkins1000 | ip=192.168.34.27 | op=SEND_HEARTBEAT {datanodeUUID=c8a425d5-130a-4202-9db9-9fe847e02d96, command=[]} | ret=SUCCESS |  
2019-09-20 08:30:34,758 [6f5cd177-0d50-44f5-9dda-f28331356997-SegmentedRaftLogWorker:Storage Directory /workdir/hadoop-ozone/tools/target/test-dir/MiniOzoneClusterImpl-27b2788d-4a5e-4768-9652-b88d14ddf2e4/datanode-4/data/ratis/6c57a929-1226-4b73-8d42-51fb114c3803] INFO  segmented.SegmentedRaftLogWorker (SegmentedRaftLogWorker.java:execute(569)) - 6f5cd177-0d50-44f5-9dda-f28331356997-SegmentedRaftLogWorker:Storage Directory /workdir/hadoop-ozone/tools/target/test-dir/MiniOzoneClusterImpl-27b2788d-4a5e-4768-9652-b88d14ddf2e4/datanode-4/data/ratis/6c57a929-1226-4b73-8d42-51fb114c3803: created new log segment /workdir/hadoop-ozone/tools/target/test-dir/MiniOzoneClusterImpl-27b2788d-4a5e-4768-9652-b88d14ddf2e4/datanode-4/data/ratis/6c57a929-1226-4b73-8d42-51fb114c3803/current/log_inprogress_0
2019-09-20 08:30:34,758 [6f5cd177-0d50-44f5-9dda-f28331356997-SegmentedRaftLogWorker:Storage Directory /workdir/hadoop-ozone/tools/target/test-dir/MiniOzoneClusterImpl-27b2788d-4a5e-4768-9652-b88d14ddf2e4/datanode-4/data/ratis/1dbe19fe-77ce-4cb1-9b3f-af6afdc78924] INFO  segmented.SegmentedRaftLogWorker (SegmentedRaftLogWorker.java:execute(569)) - 6f5cd177-0d50-44f5-9dda-f28331356997-SegmentedRaftLogWorker:Storage Directory /workdir/hadoop-ozone/tools/target/test-dir/MiniOzoneClusterImpl-27b2788d-4a5e-4768-9652-b88d14ddf2e4/datanode-4/data/ratis/1dbe19fe-77ce-4cb1-9b3f-af6afdc78924: created new log segment /workdir/hadoop-ozone/tools/target/test-dir/MiniOzoneClusterImpl-27b2788d-4a5e-4768-9652-b88d14ddf2e4/datanode-4/data/ratis/1dbe19fe-77ce-4cb1-9b3f-af6afdc78924/current/log_inprogress_0
2019-09-20 08:30:34,775 [Thread-301] INFO  impl.FollowerState (FollowerState.java:run(106)) - 6f5cd177-0d50-44f5-9dda-f28331356997:group-443BB6A07B0D changes to CANDIDATE, lastRpcTime:5114, electionTimeout:5114ms
2019-09-20 08:30:34,775 [Thread-301] INFO  impl.RoleInfo (RoleInfo.java:shutdownFollowerState(121)) - 6f5cd177-0d50-44f5-9dda-f28331356997: shutdown FollowerState
2019-09-20 08:30:34,775 [Thread-301] INFO  impl.RaftServerImpl (RaftServerImpl.java:setRole(171)) - 6f5cd177-0d50-44f5-9dda-f28331356997:group-443BB6A07B0D changes role from FOLLOWER to CANDIDATE at term 0 for changeToCandidate
2019-09-20 08:30:34,776 [Thread-301] INFO  impl.RoleInfo (RoleInfo.java:updateAndGet(143)) - 6f5cd177-0d50-44f5-9dda-f28331356997: start LeaderElection
2019-09-20 08:30:34,794 [6f5cd177-0d50-44f5-9dda-f28331356997:group-443BB6A07B0D:LeaderElection29] INFO  impl.LeaderElection (LeaderElection.java:askForVotes(181)) - 6f5cd177-0d50-44f5-9dda-f28331356997:group-443BB6A07B0D:LeaderElection29: begin an election at term 1 for -1: [6f5cd177-0d50-44f5-9dda-f28331356997:192.168.34.27:33265], old=null
2019-09-20 08:30:34,794 [6f5cd177-0d50-44f5-9dda-f28331356997:group-443BB6A07B0D:LeaderElection29] INFO  impl.RoleInfo (RoleInfo.java:shutdownLeaderElection(134)) - 6f5cd177-0d50-44f5-9dda-f28331356997: shutdown LeaderElection
2019-09-20 08:30:34,794 [6f5cd177-0d50-44f5-9dda-f28331356997:group-443BB6A07B0D:LeaderElection29] INFO  impl.RaftServerImpl (RaftServerImpl.java:setRole(171)) - 6f5cd177-0d50-44f5-9dda-f28331356997:group-443BB6A07B0D changes role from CANDIDATE to LEADER at term 1 for changeToLeader
2019-09-20 08:30:34,794 [6f5cd177-0d50-44f5-9dda-f28331356997:group-443BB6A07B0D:LeaderElection29] INFO  impl.RaftServerImpl (ServerState.java:setLeader(263)) - 6f5cd177-0d50-44f5-9dda-f28331356997:group-443BB6A07B0D change Leader from null to 6f5cd177-0d50-44f5-9dda-f28331356997 at term 1 for becomeLeader, leader elected after 5138ms
2019-09-20 08:30:34,794 [Thread-304] INFO  impl.FollowerState (FollowerState.java:run(106)) - 6f5cd177-0d50-44f5-9dda-f28331356997:group-E8FD25B966C5 changes to CANDIDATE, lastRpcTime:5059, electionTimeout:5059ms
2019-09-20 08:30:34,795 [Thread-304] INFO  impl.RoleInfo (RoleInfo.java:shutdownFollowerState(121)) - 6f5cd177-0d50-44f5-9dda-f28331356997: shutdown FollowerState
2019-09-20 08:30:34,795 [6f5cd177-0d50-44f5-9dda-f28331356997:group-443BB6A07B0D:LeaderElection29] INFO  server.RaftServerConfigKeys (ConfUtils.java:logGet(43)) - raft.server.staging.catchup.gap = 1000 (default)
2019-09-20 08:30:34,795 [Thread-304] INFO  impl.RaftServerImpl (RaftServerImpl.java:setRole(171)) - 6f5cd177-0d50-44f5-9dda-f28331356997:group-E8FD25B966C5 changes role from FOLLOWER to CANDIDATE at term 0 for changeToCandidate
2019-09-20 08:30:34,795 [6f5cd177-0d50-44f5-9dda-f28331356997:group-443BB6A07B0D:LeaderElection29] INFO  server.RaftServerConfigKeys (ConfUtils.java:logGet(43)) - raft.server.rpc.sleep.time = 25ms (default)
2019-09-20 08:30:34,795 [Thread-304] INFO  impl.RoleInfo (RoleInfo.java:updateAndGet(143)) - 6f5cd177-0d50-44f5-9dda-f28331356997: start LeaderElection
2019-09-20 08:30:34,795 [6f5cd177-0d50-44f5-9dda-f28331356997:group-443BB6A07B0D:LeaderElection29] INFO  server.RaftServerConfigKeys (ConfUtils.java:logGet(43)) - raft.server.write.element-limit = 4096 (default)
2019-09-20 08:30:34,796 [6f5cd177-0d50-44f5-9dda-f28331356997:group-443BB6A07B0D:LeaderElection29] INFO  server.RaftServerConfigKeys (ConfUtils.java:logGet(43)) - raft.server.watch.timeout = 10s (default)
2019-09-20 08:30:34,798 [6f5cd177-0d50-44f5-9dda-f28331356997:group-443BB6A07B0D:LeaderElection29] INFO  server.RaftServerConfigKeys (ConfUtils.java:logGet(43)) - raft.server.watch.timeout.denomination = 1s (default)
2019-09-20 08:30:34,798 [6f5cd177-0d50-44f5-9dda-f28331356997:group-443BB6A07B0D:LeaderElection29] INFO  server.RaftServerConfigKeys (ConfUtils.java:logGet(43)) - raft.server.watch.element-limit = 65536 (default)
2019-09-20 08:30:34,798 [6f5cd177-0d50-44f5-9dda-f28331356997:group-443BB6A07B0D:LeaderElection29] INFO  impl.RoleInfo (RoleInfo.java:updateAndGet(143)) - 6f5cd177-0d50-44f5-9dda-f28331356997: start LeaderState
2019-09-20 08:30:34,799 [6f5cd177-0d50-44f5-9dda-f28331356997:group-443BB6A07B0D:LeaderElection29] INFO  segmented.SegmentedRaftLogWorker (SegmentedRaftLogWorker.java:startLogSegment(380)) - 6f5cd177-0d50-44f5-9dda-f28331356997-SegmentedRaftLogWorker:Storage Directory /workdir/hadoop-ozone/tools/target/test-dir/MiniOzoneClusterImpl-27b2788d-4a5e-4768-9652-b88d14ddf2e4/datanode-4/data/ratis/258d0bb3-be32-44d0-a952-443bb6a07b0d: Starting segment from index:0
2019-09-20 08:30:34,800 [6f5cd177-0d50-44f5-9dda-f28331356997:group-443BB6A07B0D:LeaderElection29] INFO  impl.RaftServerImpl (ServerState.java:setRaftConf(361)) - 6f5cd177-0d50-44f5-9dda-f28331356997:group-443BB6A07B0D set configuration 0: [6f5cd177-0d50-44f5-9dda-f28331356997:192.168.34.27:33265], old=null at 0
2019-09-20 08:30:34,837 [6f5cd177-0d50-44f5-9dda-f28331356997:group-E8FD25B966C5:LeaderElection30] INFO  impl.LeaderElection (LeaderElection.java:askForVotes(181)) - 6f5cd177-0d50-44f5-9dda-f28331356997:group-E8FD25B966C5:LeaderElection30: begin an election at term 1 for -1: [6f5cd177-0d50-44f5-9dda-f28331356997:192.168.34.27:33265], old=null
2019-09-20 08:30:34,837 [6f5cd177-0d50-44f5-9dda-f28331356997:group-E8FD25B966C5:LeaderElection30] INFO  impl.RoleInfo (RoleInfo.java:shutdownLeaderElection(134)) - 6f5cd177-0d50-44f5-9dda-f28331356997: shutdown LeaderElection
2019-09-20 08:30:34,838 [6f5cd177-0d50-44f5-9dda-f28331356997:group-E8FD25B966C5:LeaderElection30] INFO  impl.RaftServerImpl (RaftServerImpl.java:setRole(171)) - 6f5cd177-0d50-44f5-9dda-f28331356997:group-E8FD25B966C5 changes role from CANDIDATE to LEADER at term 1 for changeToLeader
2019-09-20 08:30:34,838 [6f5cd177-0d50-44f5-9dda-f28331356997:group-E8FD25B966C5:LeaderElection30] INFO  impl.RaftServerImpl (ServerState.java:setLeader(263)) - 6f5cd177-0d50-44f5-9dda-f28331356997:group-E8FD25B966C5 change Leader from null to 6f5cd177-0d50-44f5-9dda-f28331356997 at term 1 for becomeLeader, leader elected after 5107ms
2019-09-20 08:30:34,838 [6f5cd177-0d50-44f5-9dda-f28331356997:group-E8FD25B966C5:LeaderElection30] INFO  server.RaftServerConfigKeys (ConfUtils.java:logGet(43)) - raft.server.staging.catchup.gap = 1000 (default)
2019-09-20 08:30:34,838 [6f5cd177-0d50-44f5-9dda-f28331356997:group-E8FD25B966C5:LeaderElection30] INFO  server.RaftServerConfigKeys (ConfUtils.java:logGet(43)) - raft.server.rpc.sleep.time = 25ms (default)
2019-09-20 08:30:34,838 [6f5cd177-0d50-44f5-9dda-f28331356997:group-E8FD25B966C5:LeaderElection30] INFO  server.RaftServerConfigKeys (ConfUtils.java:logGet(43)) - raft.server.write.element-limit = 4096 (default)
2019-09-20 08:30:34,838 [6f5cd177-0d50-44f5-9dda-f28331356997:group-E8FD25B966C5:LeaderElection30] INFO  server.RaftServerConfigKeys (ConfUtils.java:logGet(43)) - raft.server.watch.timeout = 10s (default)
2019-09-20 08:30:34,839 [6f5cd177-0d50-44f5-9dda-f28331356997:group-E8FD25B966C5:LeaderElection30] INFO  server.RaftServerConfigKeys (ConfUtils.java:logGet(43)) - raft.server.watch.timeout.denomination = 1s (default)
2019-09-20 08:30:34,839 [6f5cd177-0d50-44f5-9dda-f28331356997:group-E8FD25B966C5:LeaderElection30] INFO  server.RaftServerConfigKeys (ConfUtils.java:logGet(43)) - raft.server.watch.element-limit = 65536 (default)
2019-09-20 08:30:34,839 [6f5cd177-0d50-44f5-9dda-f28331356997:group-E8FD25B966C5:LeaderElection30] INFO  impl.RoleInfo (RoleInfo.java:updateAndGet(143)) - 6f5cd177-0d50-44f5-9dda-f28331356997: start LeaderState
2019-09-20 08:30:34,839 [6f5cd177-0d50-44f5-9dda-f28331356997:group-E8FD25B966C5:LeaderElection30] INFO  segmented.SegmentedRaftLogWorker (SegmentedRaftLogWorker.java:startLogSegment(380)) - 6f5cd177-0d50-44f5-9dda-f28331356997-SegmentedRaftLogWorker:Storage Directory /workdir/hadoop-ozone/tools/target/test-dir/MiniOzoneClusterImpl-27b2788d-4a5e-4768-9652-b88d14ddf2e4/datanode-4/data/ratis/920b1e54-d359-4e52-b530-e8fd25b966c5: Starting segment from index:0
2019-09-20 08:30:34,840 [6f5cd177-0d50-44f5-9dda-f28331356997:group-E8FD25B966C5:LeaderElection30] INFO  impl.RaftServerImpl (ServerState.java:setRaftConf(361)) - 6f5cd177-0d50-44f5-9dda-f28331356997:group-E8FD25B966C5 set configuration 0: [6f5cd177-0d50-44f5-9dda-f28331356997:192.168.34.27:33265], old=null at 0
2019-09-20 08:30:34,842 [6f5cd177-0d50-44f5-9dda-f28331356997-SegmentedRaftLogWorker:Storage Directory /workdir/hadoop-ozone/tools/target/test-dir/MiniOzoneClusterImpl-27b2788d-4a5e-4768-9652-b88d14ddf2e4/datanode-4/data/ratis/258d0bb3-be32-44d0-a952-443bb6a07b0d] INFO  segmented.SegmentedRaftLogWorker (SegmentedRaftLogWorker.java:execute(569)) - 6f5cd177-0d50-44f5-9dda-f28331356997-SegmentedRaftLogWorker:Storage Directory /workdir/hadoop-ozone/tools/target/test-dir/MiniOzoneClusterImpl-27b2788d-4a5e-4768-9652-b88d14ddf2e4/datanode-4/data/ratis/258d0bb3-be32-44d0-a952-443bb6a07b0d: created new log segment /workdir/hadoop-ozone/tools/target/test-dir/MiniOzoneClusterImpl-27b2788d-4a5e-4768-9652-b88d14ddf2e4/datanode-4/data/ratis/258d0bb3-be32-44d0-a952-443bb6a07b0d/current/log_inprogress_0
2019-09-20 08:30:34,904 [6f5cd177-0d50-44f5-9dda-f28331356997-SegmentedRaftLogWorker:Storage Directory /workdir/hadoop-ozone/tools/target/test-dir/MiniOzoneClusterImpl-27b2788d-4a5e-4768-9652-b88d14ddf2e4/datanode-4/data/ratis/920b1e54-d359-4e52-b530-e8fd25b966c5] INFO  segmented.SegmentedRaftLogWorker (SegmentedRaftLogWorker.java:execute(569)) - 6f5cd177-0d50-44f5-9dda-f28331356997-SegmentedRaftLogWorker:Storage Directory /workdir/hadoop-ozone/tools/target/test-dir/MiniOzoneClusterImpl-27b2788d-4a5e-4768-9652-b88d14ddf2e4/datanode-4/data/ratis/920b1e54-d359-4e52-b530-e8fd25b966c5: created new log segment /workdir/hadoop-ozone/tools/target/test-dir/MiniOzoneClusterImpl-27b2788d-4a5e-4768-9652-b88d14ddf2e4/datanode-4/data/ratis/920b1e54-d359-4e52-b530-e8fd25b966c5/current/log_inprogress_0
 100.00% |█████████████████████████████████████████████████████████████████████████████████████████████████████|  1/1 Time: 0:00:06
2019-09-20 08:30:34,940 | INFO  | SCMAudit | user=jenkins1000 | ip=192.168.34.27 | op=SEND_HEARTBEAT {datanodeUUID=4e3bae72-6dec-40bd-99be-7c75f0b44aae, command=[]} | ret=SUCCESS |  
2019-09-20 08:30:35,353 | INFO  | SCMAudit | user=jenkins1000 | ip=192.168.34.27 | op=SEND_HEARTBEAT {datanodeUUID=d2c36bd8-bad5-464c-8c6b-b124cc016412, command=[]} | ret=SUCCESS |  
2019-09-20 08:30:35,436 | INFO  | SCMAudit | user=jenkins1000 | ip=192.168.34.27 | op=SEND_HEARTBEAT {datanodeUUID=6f5cd177-0d50-44f5-9dda-f28331356997, command=[]} | ret=SUCCESS |  
2019-09-20 08:30:35,436 | INFO  | SCMAudit | user=jenkins1000 | ip=192.168.34.27 | op=SEND_HEARTBEAT {datanodeUUID=e1a187e5-d89a-47f2-b2bd-c6db4da75c05, command=[]} | ret=SUCCESS |  
2019-09-20 08:30:35,747 | INFO  | SCMAudit | user=jenkins1000 | ip=192.168.34.27 | op=SEND_HEARTBEAT {datanodeUUID=c8a425d5-130a-4202-9db9-9fe847e02d96, command=[]} | ret=SUCCESS |  
2019-09-20 08:30:35,939 | INFO  | SCMAudit | user=jenkins1000 | ip=192.168.34.27 | op=SEND_HEARTBEAT {datanodeUUID=4e3bae72-6dec-40bd-99be-7c75f0b44aae, command=[]} | ret=SUCCESS |  
2019-09-20 08:30:36,353 | INFO  | SCMAudit | user=jenkins1000 | ip=192.168.34.27 | op=SEND_HEARTBEAT {datanodeUUID=d2c36bd8-bad5-464c-8c6b-b124cc016412, command=[]} | ret=SUCCESS |  
2019-09-20 08:30:36,435 | INFO  | SCMAudit | user=jenkins1000 | ip=192.168.34.27 | op=SEND_HEARTBEAT {datanodeUUID=6f5cd177-0d50-44f5-9dda-f28331356997, command=[]} | ret=SUCCESS |  
2019-09-20 08:30:36,435 | INFO  | SCMAudit | user=jenkins1000 | ip=192.168.34.27 | op=SEND_HEARTBEAT {datanodeUUID=e1a187e5-d89a-47f2-b2bd-c6db4da75c05, command=[]} | ret=SUCCESS |  
2019-09-20 08:30:36,747 | INFO  | SCMAudit | user=jenkins1000 | ip=192.168.34.27 | op=SEND_HEARTBEAT {datanodeUUID=c8a425d5-130a-4202-9db9-9fe847e02d96, command=[]} | ret=SUCCESS |  
2019-09-20 08:30:36,939 | INFO  | SCMAudit | user=jenkins1000 | ip=192.168.34.27 | op=SEND_HEARTBEAT {datanodeUUID=4e3bae72-6dec-40bd-99be-7c75f0b44aae, command=[]} | ret=SUCCESS |  
2019-09-20 08:30:37,353 | INFO  | SCMAudit | user=jenkins1000 | ip=192.168.34.27 | op=SEND_HEARTBEAT {datanodeUUID=d2c36bd8-bad5-464c-8c6b-b124cc016412, command=[]} | ret=SUCCESS |  
2019-09-20 08:30:37,436 | INFO  | SCMAudit | user=jenkins1000 | ip=192.168.34.27 | op=SEND_HEARTBEAT {datanodeUUID=e1a187e5-d89a-47f2-b2bd-c6db4da75c05, command=[]} | ret=SUCCESS |  
2019-09-20 08:30:37,436 | INFO  | SCMAudit | user=jenkins1000 | ip=192.168.34.27 | op=SEND_HEARTBEAT {datanodeUUID=6f5cd177-0d50-44f5-9dda-f28331356997, command=[]} | ret=SUCCESS |  
2019-09-20 08:30:37,748 | INFO  | SCMAudit | user=jenkins1000 | ip=192.168.34.27 | op=SEND_HEARTBEAT {datanodeUUID=c8a425d5-130a-4202-9db9-9fe847e02d96, command=[]} | ret=SUCCESS |  
2019-09-20 08:30:37,939 | INFO  | SCMAudit | user=jenkins1000 | ip=192.168.34.27 | op=SEND_HEARTBEAT {datanodeUUID=4e3bae72-6dec-40bd-99be-7c75f0b44aae, command=[]} | ret=SUCCESS |  
2019-09-20 08:30:38,352 | INFO  | SCMAudit | user=jenkins1000 | ip=192.168.34.27 | op=SEND_HEARTBEAT {datanodeUUID=d2c36bd8-bad5-464c-8c6b-b124cc016412, command=[]} | ret=SUCCESS |  
2019-09-20 08:30:38,435 | INFO  | SCMAudit | user=jenkins1000 | ip=192.168.34.27 | op=SEND_HEARTBEAT {datanodeUUID=e1a187e5-d89a-47f2-b2bd-c6db4da75c05, command=[]} | ret=SUCCESS |  
2019-09-20 08:30:38,435 | INFO  | SCMAudit | user=jenkins1000 | ip=192.168.34.27 | op=SEND_HEARTBEAT {datanodeUUID=6f5cd177-0d50-44f5-9dda-f28331356997, command=[]} | ret=SUCCESS |  
2019-09-20 08:30:38,747 | INFO  | SCMAudit | user=jenkins1000 | ip=192.168.34.27 | op=SEND_HEARTBEAT {datanodeUUID=c8a425d5-130a-4202-9db9-9fe847e02d96, command=[]} | ret=SUCCESS |  
]]></system-out>
    <system-err><![CDATA[Sep 20, 2019 8:30:21 AM com.sun.jersey.server.impl.application.WebApplicationImpl _initiate
INFO: Initiating Jersey application, version 'Jersey: 1.19 02/11/2015 03:25 AM'
Sep 20, 2019 8:30:22 AM com.sun.jersey.server.impl.application.WebApplicationImpl _initiate
INFO: Initiating Jersey application, version 'Jersey: 1.19 02/11/2015 03:25 AM'
Sep 20, 2019 8:30:22 AM com.sun.jersey.server.impl.application.WebApplicationImpl _initiate
INFO: Initiating Jersey application, version 'Jersey: 1.19 02/11/2015 03:25 AM'
Sep 20, 2019 8:30:23 AM com.sun.jersey.server.impl.application.WebApplicationImpl _initiate
INFO: Initiating Jersey application, version 'Jersey: 1.19 02/11/2015 03:25 AM'
Sep 20, 2019 8:30:23 AM com.sun.jersey.server.impl.application.WebApplicationImpl _initiate
INFO: Initiating Jersey application, version 'Jersey: 1.19 02/11/2015 03:25 AM'
]]></system-err>
  </testcase>
  <testcase name="standaloneTestLargeKey" classname="org.apache.hadoop.ozone.freon.TestDataValidateWithUnsafeByteOperations" time="10.127">
    <error message="Allocated 0 blocks. Requested 5 blocks" type="INTERNAL_ERROR org.apache.hadoop.ozone.om.exceptions.OMException">INTERNAL_ERROR org.apache.hadoop.ozone.om.exceptions.OMException: Allocated 0 blocks. Requested 5 blocks
	at org.apache.hadoop.ozone.om.protocolPB.OzoneManagerProtocolClientSideTranslatorPB.handleError(OzoneManagerProtocolClientSideTranslatorPB.java:725)
	at org.apache.hadoop.ozone.om.protocolPB.OzoneManagerProtocolClientSideTranslatorPB.openKey(OzoneManagerProtocolClientSideTranslatorPB.java:716)
	at org.apache.hadoop.ozone.client.rpc.RpcClient.createKey(RpcClient.java:615)
	at org.apache.hadoop.ozone.client.OzoneBucket.createKey(OzoneBucket.java:323)
	at org.apache.hadoop.ozone.freon.RandomKeyGenerator.createKey(RandomKeyGenerator.java:686)
	at org.apache.hadoop.ozone.freon.RandomKeyGenerator.access$1100(RandomKeyGenerator.java:87)
	at org.apache.hadoop.ozone.freon.RandomKeyGenerator$ObjectCreator.run(RandomKeyGenerator.java:606)
	at java.util.concurrent.Executors$RunnableAdapter.call(Executors.java:511)
	at java.util.concurrent.FutureTask.run(FutureTask.java:266)
	at java.util.concurrent.ThreadPoolExecutor.runWorker(ThreadPoolExecutor.java:1149)
	at java.util.concurrent.ThreadPoolExecutor$Worker.run(ThreadPoolExecutor.java:624)
	at java.lang.Thread.run(Thread.java:748)
</error>
    <system-out><![CDATA[2019-09-20 08:30:38,939 | INFO  | SCMAudit | user=jenkins1000 | ip=192.168.34.27 | op=SEND_HEARTBEAT {datanodeUUID=4e3bae72-6dec-40bd-99be-7c75f0b44aae, command=[]} | ret=SUCCESS |  
2019-09-20 08:30:39,034 [main] INFO  freon.RandomKeyGenerator (RandomKeyGenerator.java:call(275)) - Number of Threads: 10
2019-09-20 08:30:39,035 [main] INFO  freon.RandomKeyGenerator (RandomKeyGenerator.java:call(280)) - Number of Volumes: 1.
2019-09-20 08:30:39,035 [main] INFO  freon.RandomKeyGenerator (RandomKeyGenerator.java:call(281)) - Number of Buckets per Volume: 1.
2019-09-20 08:30:39,035 [main] INFO  freon.RandomKeyGenerator (RandomKeyGenerator.java:call(282)) - Number of Keys per Bucket: 1.
2019-09-20 08:30:39,035 [main] INFO  freon.RandomKeyGenerator (RandomKeyGenerator.java:call(283)) - Key size: 20971520 bytes
2019-09-20 08:30:39,035 [main] INFO  freon.RandomKeyGenerator (RandomKeyGenerator.java:call(284)) - Buffer size: 4096 bytes
2019-09-20 08:30:39,037 [pool-79-thread-1] INFO  rpc.RpcClient (RpcClient.java:createVolume(293)) - Creating Volume: vol-0-33883, with jenkins1000 as owner.
2019-09-20 08:30:39,037 [main] INFO  freon.RandomKeyGenerator (RandomKeyGenerator.java:call(298)) - Data validation is enabled.
2019-09-20 08:30:39,037 [main] INFO  freon.RandomKeyGenerator (RandomKeyGenerator.java:call(304)) - Starting progress bar Thread.

 0.00% |█                                                                                                    |  0/1 Time: 0:00:002019-09-20 08:30:39,043 | INFO  | OMAudit | user=jenkins1000 | ip=127.0.0.1 | op=CREATE_VOLUME {admin=jenkins1000, owner=jenkins1000, volume=vol-0-33883, creationTime=1568968239043, quotaInBytes=1152921504606846976} | ret=SUCCESS |  
2019-09-20 08:30:39,045 | INFO  | OMAudit | user=jenkins1000 | ip=127.0.0.1 | op=READ_VOLUME {volume=vol-0-33883} | ret=SUCCESS |  
2019-09-20 08:30:39,056 [pool-79-thread-2] INFO  rpc.RpcClient (RpcClient.java:createBucket(432)) - Creating Bucket: vol-0-33883/bucket-0-82904, with Versioning false and Storage Type set to DISK and Encryption set to false 
2019-09-20 08:30:39,059 | INFO  | OMAudit | user=jenkins1000 | ip=127.0.0.1 | op=CREATE_BUCKET {volume=vol-0-33883, bucket=bucket-0-82904, acls=[user:jenkins1000:a[ACCESS], group:default:a[ACCESS]], isVersionEnabled=false, storageType=DISK, creationTime=0} | ret=SUCCESS |  
2019-09-20 08:30:39,061 | INFO  | OMAudit | user=jenkins1000 | ip=127.0.0.1 | op=READ_BUCKET {volume=vol-0-33883, bucket=bucket-0-82904} | ret=SUCCESS |  
2019-09-20 08:30:39,072 [IPC Server handler 19 on 40811] INFO  pipeline.PipelinePlacementPolicy (PipelinePlacementPolicy.java:meetCriteria(91)) - Pipeline Placement: Doesn't meet the criteria to be viable node： 6f5cd177-0d50-44f5-9dda-f28331356997 Heaviness: 6 limit: 5
2019-09-20 08:30:39,073 [IPC Server handler 19 on 40811] INFO  pipeline.PipelinePlacementPolicy (PipelinePlacementPolicy.java:meetCriteria(91)) - Pipeline Placement: Doesn't meet the criteria to be viable node： e1a187e5-d89a-47f2-b2bd-c6db4da75c05 Heaviness: 6 limit: 5
2019-09-20 08:30:39,073 [IPC Server handler 19 on 40811] INFO  pipeline.PipelinePlacementPolicy (PipelinePlacementPolicy.java:meetCriteria(91)) - Pipeline Placement: Doesn't meet the criteria to be viable node： 4e3bae72-6dec-40bd-99be-7c75f0b44aae Heaviness: 6 limit: 5
2019-09-20 08:30:39,073 [IPC Server handler 19 on 40811] INFO  pipeline.PipelinePlacementPolicy (PipelinePlacementPolicy.java:meetCriteria(91)) - Pipeline Placement: Doesn't meet the criteria to be viable node： c8a425d5-130a-4202-9db9-9fe847e02d96 Heaviness: 6 limit: 5
2019-09-20 08:30:39,073 [IPC Server handler 19 on 40811] INFO  pipeline.PipelinePlacementPolicy (PipelinePlacementPolicy.java:meetCriteria(91)) - Pipeline Placement: Doesn't meet the criteria to be viable node： d2c36bd8-bad5-464c-8c6b-b124cc016412 Heaviness: 6 limit: 5
2019-09-20 08:30:39,074 [IPC Server handler 19 on 40811] ERROR pipeline.PipelinePlacementPolicy (PipelinePlacementPolicy.java:filterViableNodes(148)) - Unable to find enough nodes that meet the criteria that cannot engage in more than 5 pipelines. Nodes required: 3 Found: 0, healthy nodes count inNodeManager: 5.
2019-09-20 08:30:39,074 [IPC Server handler 19 on 40811] ERROR pipeline.SCMPipelineManager (SCMPipelineManager.java:createPipeline(161)) - Pipeline creation failed due to exception: Unable to find enough nodes that meet the criteria that cannot engage in more than 5 pipelines. Nodes required: 3 Found: 0, healthy nodes count inNodeManager: 5.
2019-09-20 08:30:39,074 [IPC Server handler 19 on 40811] WARN  block.BlockManagerImpl (BlockManagerImpl.java:allocateBlock(192)) - Pipeline creation failed for type:RATIS factor:THREE. Retrying get pipelines call once.
org.apache.hadoop.hdds.scm.exceptions.SCMException: Unable to find enough nodes that meet the criteria that cannot engage in more than 5 pipelines. Nodes required: 3 Found: 0, healthy nodes count inNodeManager: 5.
	at org.apache.hadoop.hdds.scm.pipeline.PipelinePlacementPolicy.filterViableNodes(PipelinePlacementPolicy.java:149)
	at org.apache.hadoop.hdds.scm.pipeline.PipelinePlacementPolicy.chooseDatanodes(PipelinePlacementPolicy.java:172)
	at org.apache.hadoop.hdds.scm.pipeline.RatisPipelineProvider.create(RatisPipelineProvider.java:92)
	at org.apache.hadoop.hdds.scm.pipeline.PipelineFactory.create(PipelineFactory.java:57)
	at org.apache.hadoop.hdds.scm.pipeline.SCMPipelineManager.createPipeline(SCMPipelineManager.java:149)
	at org.apache.hadoop.hdds.scm.block.BlockManagerImpl.allocateBlock(BlockManagerImpl.java:190)
	at org.apache.hadoop.hdds.scm.server.SCMBlockProtocolServer.allocateBlock(SCMBlockProtocolServer.java:175)
	at org.apache.hadoop.ozone.protocolPB.ScmBlockLocationProtocolServerSideTranslatorPB.allocateScmBlock(ScmBlockLocationProtocolServerSideTranslatorPB.java:153)
	at org.apache.hadoop.ozone.protocolPB.ScmBlockLocationProtocolServerSideTranslatorPB.send(ScmBlockLocationProtocolServerSideTranslatorPB.java:112)
	at org.apache.hadoop.hdds.protocol.proto.ScmBlockLocationProtocolProtos$ScmBlockLocationProtocolService$2.callBlockingMethod(ScmBlockLocationProtocolProtos.java:13157)
	at org.apache.hadoop.ipc.ProtobufRpcEngine$Server$ProtoBufRpcInvoker.call(ProtobufRpcEngine.java:524)
	at org.apache.hadoop.ipc.RPC$Server.call(RPC.java:1025)
	at org.apache.hadoop.ipc.Server$RpcCall.run(Server.java:876)
	at org.apache.hadoop.ipc.Server$RpcCall.run(Server.java:822)
	at java.security.AccessController.doPrivileged(Native Method)
	at javax.security.auth.Subject.doAs(Subject.java:422)
	at org.apache.hadoop.security.UserGroupInformation.doAs(UserGroupInformation.java:1730)
	at org.apache.hadoop.ipc.Server$Handler.run(Server.java:2682)
2019-09-20 08:30:39,075 [IPC Server handler 19 on 40811] INFO  block.BlockManagerImpl (BlockManagerImpl.java:allocateBlock(198)) - Could not find available pipeline of type:RATIS and factor:THREE even after retrying
2019-09-20 08:30:39,075 [IPC Server handler 19 on 40811] ERROR block.BlockManagerImpl (BlockManagerImpl.java:allocateBlock(222)) - Unable to allocate a block for the size: 4194304, type: RATIS, factor: THREE
2019-09-20 08:30:39,075 [IPC Server handler 19 on 40811] INFO  pipeline.PipelinePlacementPolicy (PipelinePlacementPolicy.java:meetCriteria(91)) - Pipeline Placement: Doesn't meet the criteria to be viable node： 6f5cd177-0d50-44f5-9dda-f28331356997 Heaviness: 6 limit: 5
2019-09-20 08:30:39,076 [IPC Server handler 19 on 40811] INFO  pipeline.PipelinePlacementPolicy (PipelinePlacementPolicy.java:meetCriteria(91)) - Pipeline Placement: Doesn't meet the criteria to be viable node： e1a187e5-d89a-47f2-b2bd-c6db4da75c05 Heaviness: 6 limit: 5
2019-09-20 08:30:39,076 [IPC Server handler 19 on 40811] INFO  pipeline.PipelinePlacementPolicy (PipelinePlacementPolicy.java:meetCriteria(91)) - Pipeline Placement: Doesn't meet the criteria to be viable node： 4e3bae72-6dec-40bd-99be-7c75f0b44aae Heaviness: 6 limit: 5
2019-09-20 08:30:39,076 [IPC Server handler 19 on 40811] INFO  pipeline.PipelinePlacementPolicy (PipelinePlacementPolicy.java:meetCriteria(91)) - Pipeline Placement: Doesn't meet the criteria to be viable node： c8a425d5-130a-4202-9db9-9fe847e02d96 Heaviness: 6 limit: 5
2019-09-20 08:30:39,076 [IPC Server handler 19 on 40811] INFO  pipeline.PipelinePlacementPolicy (PipelinePlacementPolicy.java:meetCriteria(91)) - Pipeline Placement: Doesn't meet the criteria to be viable node： d2c36bd8-bad5-464c-8c6b-b124cc016412 Heaviness: 6 limit: 5
2019-09-20 08:30:39,077 [IPC Server handler 19 on 40811] ERROR pipeline.PipelinePlacementPolicy (PipelinePlacementPolicy.java:filterViableNodes(148)) - Unable to find enough nodes that meet the criteria that cannot engage in more than 5 pipelines. Nodes required: 3 Found: 0, healthy nodes count inNodeManager: 5.
2019-09-20 08:30:39,077 [IPC Server handler 19 on 40811] ERROR pipeline.SCMPipelineManager (SCMPipelineManager.java:createPipeline(161)) - Pipeline creation failed due to exception: Unable to find enough nodes that meet the criteria that cannot engage in more than 5 pipelines. Nodes required: 3 Found: 0, healthy nodes count inNodeManager: 5.
2019-09-20 08:30:39,077 [IPC Server handler 19 on 40811] WARN  block.BlockManagerImpl (BlockManagerImpl.java:allocateBlock(192)) - Pipeline creation failed for type:RATIS factor:THREE. Retrying get pipelines call once.
org.apache.hadoop.hdds.scm.exceptions.SCMException: Unable to find enough nodes that meet the criteria that cannot engage in more than 5 pipelines. Nodes required: 3 Found: 0, healthy nodes count inNodeManager: 5.
	at org.apache.hadoop.hdds.scm.pipeline.PipelinePlacementPolicy.filterViableNodes(PipelinePlacementPolicy.java:149)
	at org.apache.hadoop.hdds.scm.pipeline.PipelinePlacementPolicy.chooseDatanodes(PipelinePlacementPolicy.java:172)
	at org.apache.hadoop.hdds.scm.pipeline.RatisPipelineProvider.create(RatisPipelineProvider.java:92)
	at org.apache.hadoop.hdds.scm.pipeline.PipelineFactory.create(PipelineFactory.java:57)
	at org.apache.hadoop.hdds.scm.pipeline.SCMPipelineManager.createPipeline(SCMPipelineManager.java:149)
	at org.apache.hadoop.hdds.scm.block.BlockManagerImpl.allocateBlock(BlockManagerImpl.java:190)
	at org.apache.hadoop.hdds.scm.server.SCMBlockProtocolServer.allocateBlock(SCMBlockProtocolServer.java:175)
	at org.apache.hadoop.ozone.protocolPB.ScmBlockLocationProtocolServerSideTranslatorPB.allocateScmBlock(ScmBlockLocationProtocolServerSideTranslatorPB.java:153)
	at org.apache.hadoop.ozone.protocolPB.ScmBlockLocationProtocolServerSideTranslatorPB.send(ScmBlockLocationProtocolServerSideTranslatorPB.java:112)
	at org.apache.hadoop.hdds.protocol.proto.ScmBlockLocationProtocolProtos$ScmBlockLocationProtocolService$2.callBlockingMethod(ScmBlockLocationProtocolProtos.java:13157)
	at org.apache.hadoop.ipc.ProtobufRpcEngine$Server$ProtoBufRpcInvoker.call(ProtobufRpcEngine.java:524)
	at org.apache.hadoop.ipc.RPC$Server.call(RPC.java:1025)
	at org.apache.hadoop.ipc.Server$RpcCall.run(Server.java:876)
	at org.apache.hadoop.ipc.Server$RpcCall.run(Server.java:822)
	at java.security.AccessController.doPrivileged(Native Method)
	at javax.security.auth.Subject.doAs(Subject.java:422)
	at org.apache.hadoop.security.UserGroupInformation.doAs(UserGroupInformation.java:1730)
	at org.apache.hadoop.ipc.Server$Handler.run(Server.java:2682)
2019-09-20 08:30:39,080 [IPC Server handler 19 on 40811] INFO  block.BlockManagerImpl (BlockManagerImpl.java:allocateBlock(198)) - Could not find available pipeline of type:RATIS and factor:THREE even after retrying
2019-09-20 08:30:39,080 [IPC Server handler 19 on 40811] ERROR block.BlockManagerImpl (BlockManagerImpl.java:allocateBlock(222)) - Unable to allocate a block for the size: 4194304, type: RATIS, factor: THREE
2019-09-20 08:30:39,080 [IPC Server handler 19 on 40811] INFO  pipeline.PipelinePlacementPolicy (PipelinePlacementPolicy.java:meetCriteria(91)) - Pipeline Placement: Doesn't meet the criteria to be viable node： 6f5cd177-0d50-44f5-9dda-f28331356997 Heaviness: 6 limit: 5
2019-09-20 08:30:39,081 [IPC Server handler 19 on 40811] INFO  pipeline.PipelinePlacementPolicy (PipelinePlacementPolicy.java:meetCriteria(91)) - Pipeline Placement: Doesn't meet the criteria to be viable node： e1a187e5-d89a-47f2-b2bd-c6db4da75c05 Heaviness: 6 limit: 5
2019-09-20 08:30:39,081 [IPC Server handler 19 on 40811] INFO  pipeline.PipelinePlacementPolicy (PipelinePlacementPolicy.java:meetCriteria(91)) - Pipeline Placement: Doesn't meet the criteria to be viable node： 4e3bae72-6dec-40bd-99be-7c75f0b44aae Heaviness: 6 limit: 5
2019-09-20 08:30:39,081 [IPC Server handler 19 on 40811] INFO  pipeline.PipelinePlacementPolicy (PipelinePlacementPolicy.java:meetCriteria(91)) - Pipeline Placement: Doesn't meet the criteria to be viable node： c8a425d5-130a-4202-9db9-9fe847e02d96 Heaviness: 6 limit: 5
2019-09-20 08:30:39,081 [IPC Server handler 19 on 40811] INFO  pipeline.PipelinePlacementPolicy (PipelinePlacementPolicy.java:meetCriteria(91)) - Pipeline Placement: Doesn't meet the criteria to be viable node： d2c36bd8-bad5-464c-8c6b-b124cc016412 Heaviness: 6 limit: 5
2019-09-20 08:30:39,082 [IPC Server handler 19 on 40811] ERROR pipeline.PipelinePlacementPolicy (PipelinePlacementPolicy.java:filterViableNodes(148)) - Unable to find enough nodes that meet the criteria that cannot engage in more than 5 pipelines. Nodes required: 3 Found: 0, healthy nodes count inNodeManager: 5.
2019-09-20 08:30:39,082 [IPC Server handler 19 on 40811] ERROR pipeline.SCMPipelineManager (SCMPipelineManager.java:createPipeline(161)) - Pipeline creation failed due to exception: Unable to find enough nodes that meet the criteria that cannot engage in more than 5 pipelines. Nodes required: 3 Found: 0, healthy nodes count inNodeManager: 5.
2019-09-20 08:30:39,082 [IPC Server handler 19 on 40811] WARN  block.BlockManagerImpl (BlockManagerImpl.java:allocateBlock(192)) - Pipeline creation failed for type:RATIS factor:THREE. Retrying get pipelines call once.
org.apache.hadoop.hdds.scm.exceptions.SCMException: Unable to find enough nodes that meet the criteria that cannot engage in more than 5 pipelines. Nodes required: 3 Found: 0, healthy nodes count inNodeManager: 5.
	at org.apache.hadoop.hdds.scm.pipeline.PipelinePlacementPolicy.filterViableNodes(PipelinePlacementPolicy.java:149)
	at org.apache.hadoop.hdds.scm.pipeline.PipelinePlacementPolicy.chooseDatanodes(PipelinePlacementPolicy.java:172)
	at org.apache.hadoop.hdds.scm.pipeline.RatisPipelineProvider.create(RatisPipelineProvider.java:92)
	at org.apache.hadoop.hdds.scm.pipeline.PipelineFactory.create(PipelineFactory.java:57)
	at org.apache.hadoop.hdds.scm.pipeline.SCMPipelineManager.createPipeline(SCMPipelineManager.java:149)
	at org.apache.hadoop.hdds.scm.block.BlockManagerImpl.allocateBlock(BlockManagerImpl.java:190)
	at org.apache.hadoop.hdds.scm.server.SCMBlockProtocolServer.allocateBlock(SCMBlockProtocolServer.java:175)
	at org.apache.hadoop.ozone.protocolPB.ScmBlockLocationProtocolServerSideTranslatorPB.allocateScmBlock(ScmBlockLocationProtocolServerSideTranslatorPB.java:153)
	at org.apache.hadoop.ozone.protocolPB.ScmBlockLocationProtocolServerSideTranslatorPB.send(ScmBlockLocationProtocolServerSideTranslatorPB.java:112)
	at org.apache.hadoop.hdds.protocol.proto.ScmBlockLocationProtocolProtos$ScmBlockLocationProtocolService$2.callBlockingMethod(ScmBlockLocationProtocolProtos.java:13157)
	at org.apache.hadoop.ipc.ProtobufRpcEngine$Server$ProtoBufRpcInvoker.call(ProtobufRpcEngine.java:524)
	at org.apache.hadoop.ipc.RPC$Server.call(RPC.java:1025)
	at org.apache.hadoop.ipc.Server$RpcCall.run(Server.java:876)
	at org.apache.hadoop.ipc.Server$RpcCall.run(Server.java:822)
	at java.security.AccessController.doPrivileged(Native Method)
	at javax.security.auth.Subject.doAs(Subject.java:422)
	at org.apache.hadoop.security.UserGroupInformation.doAs(UserGroupInformation.java:1730)
	at org.apache.hadoop.ipc.Server$Handler.run(Server.java:2682)
2019-09-20 08:30:39,083 [IPC Server handler 19 on 40811] INFO  block.BlockManagerImpl (BlockManagerImpl.java:allocateBlock(198)) - Could not find available pipeline of type:RATIS and factor:THREE even after retrying
2019-09-20 08:30:39,083 [IPC Server handler 19 on 40811] ERROR block.BlockManagerImpl (BlockManagerImpl.java:allocateBlock(222)) - Unable to allocate a block for the size: 4194304, type: RATIS, factor: THREE
2019-09-20 08:30:39,083 [IPC Server handler 19 on 40811] INFO  pipeline.PipelinePlacementPolicy (PipelinePlacementPolicy.java:meetCriteria(91)) - Pipeline Placement: Doesn't meet the criteria to be viable node： 6f5cd177-0d50-44f5-9dda-f28331356997 Heaviness: 6 limit: 5
2019-09-20 08:30:39,084 [IPC Server handler 19 on 40811] INFO  pipeline.PipelinePlacementPolicy (PipelinePlacementPolicy.java:meetCriteria(91)) - Pipeline Placement: Doesn't meet the criteria to be viable node： e1a187e5-d89a-47f2-b2bd-c6db4da75c05 Heaviness: 6 limit: 5
2019-09-20 08:30:39,084 [IPC Server handler 19 on 40811] INFO  pipeline.PipelinePlacementPolicy (PipelinePlacementPolicy.java:meetCriteria(91)) - Pipeline Placement: Doesn't meet the criteria to be viable node： 4e3bae72-6dec-40bd-99be-7c75f0b44aae Heaviness: 6 limit: 5
2019-09-20 08:30:39,084 [IPC Server handler 19 on 40811] INFO  pipeline.PipelinePlacementPolicy (PipelinePlacementPolicy.java:meetCriteria(91)) - Pipeline Placement: Doesn't meet the criteria to be viable node： c8a425d5-130a-4202-9db9-9fe847e02d96 Heaviness: 6 limit: 5
2019-09-20 08:30:39,084 [IPC Server handler 19 on 40811] INFO  pipeline.PipelinePlacementPolicy (PipelinePlacementPolicy.java:meetCriteria(91)) - Pipeline Placement: Doesn't meet the criteria to be viable node： d2c36bd8-bad5-464c-8c6b-b124cc016412 Heaviness: 6 limit: 5
2019-09-20 08:30:39,085 [IPC Server handler 19 on 40811] ERROR pipeline.PipelinePlacementPolicy (PipelinePlacementPolicy.java:filterViableNodes(148)) - Unable to find enough nodes that meet the criteria that cannot engage in more than 5 pipelines. Nodes required: 3 Found: 0, healthy nodes count inNodeManager: 5.
2019-09-20 08:30:39,085 [IPC Server handler 19 on 40811] ERROR pipeline.SCMPipelineManager (SCMPipelineManager.java:createPipeline(161)) - Pipeline creation failed due to exception: Unable to find enough nodes that meet the criteria that cannot engage in more than 5 pipelines. Nodes required: 3 Found: 0, healthy nodes count inNodeManager: 5.
2019-09-20 08:30:39,085 [IPC Server handler 19 on 40811] WARN  block.BlockManagerImpl (BlockManagerImpl.java:allocateBlock(192)) - Pipeline creation failed for type:RATIS factor:THREE. Retrying get pipelines call once.
org.apache.hadoop.hdds.scm.exceptions.SCMException: Unable to find enough nodes that meet the criteria that cannot engage in more than 5 pipelines. Nodes required: 3 Found: 0, healthy nodes count inNodeManager: 5.
	at org.apache.hadoop.hdds.scm.pipeline.PipelinePlacementPolicy.filterViableNodes(PipelinePlacementPolicy.java:149)
	at org.apache.hadoop.hdds.scm.pipeline.PipelinePlacementPolicy.chooseDatanodes(PipelinePlacementPolicy.java:172)
	at org.apache.hadoop.hdds.scm.pipeline.RatisPipelineProvider.create(RatisPipelineProvider.java:92)
	at org.apache.hadoop.hdds.scm.pipeline.PipelineFactory.create(PipelineFactory.java:57)
	at org.apache.hadoop.hdds.scm.pipeline.SCMPipelineManager.createPipeline(SCMPipelineManager.java:149)
	at org.apache.hadoop.hdds.scm.block.BlockManagerImpl.allocateBlock(BlockManagerImpl.java:190)
	at org.apache.hadoop.hdds.scm.server.SCMBlockProtocolServer.allocateBlock(SCMBlockProtocolServer.java:175)
	at org.apache.hadoop.ozone.protocolPB.ScmBlockLocationProtocolServerSideTranslatorPB.allocateScmBlock(ScmBlockLocationProtocolServerSideTranslatorPB.java:153)
	at org.apache.hadoop.ozone.protocolPB.ScmBlockLocationProtocolServerSideTranslatorPB.send(ScmBlockLocationProtocolServerSideTranslatorPB.java:112)
	at org.apache.hadoop.hdds.protocol.proto.ScmBlockLocationProtocolProtos$ScmBlockLocationProtocolService$2.callBlockingMethod(ScmBlockLocationProtocolProtos.java:13157)
	at org.apache.hadoop.ipc.ProtobufRpcEngine$Server$ProtoBufRpcInvoker.call(ProtobufRpcEngine.java:524)
	at org.apache.hadoop.ipc.RPC$Server.call(RPC.java:1025)
	at org.apache.hadoop.ipc.Server$RpcCall.run(Server.java:876)
	at org.apache.hadoop.ipc.Server$RpcCall.run(Server.java:822)
	at java.security.AccessController.doPrivileged(Native Method)
	at javax.security.auth.Subject.doAs(Subject.java:422)
	at org.apache.hadoop.security.UserGroupInformation.doAs(UserGroupInformation.java:1730)
	at org.apache.hadoop.ipc.Server$Handler.run(Server.java:2682)
2019-09-20 08:30:39,086 [IPC Server handler 19 on 40811] INFO  block.BlockManagerImpl (BlockManagerImpl.java:allocateBlock(198)) - Could not find available pipeline of type:RATIS and factor:THREE even after retrying
2019-09-20 08:30:39,086 [IPC Server handler 19 on 40811] ERROR block.BlockManagerImpl (BlockManagerImpl.java:allocateBlock(222)) - Unable to allocate a block for the size: 4194304, type: RATIS, factor: THREE
2019-09-20 08:30:39,086 [IPC Server handler 19 on 40811] INFO  pipeline.PipelinePlacementPolicy (PipelinePlacementPolicy.java:meetCriteria(91)) - Pipeline Placement: Doesn't meet the criteria to be viable node： 6f5cd177-0d50-44f5-9dda-f28331356997 Heaviness: 6 limit: 5
2019-09-20 08:30:39,086 [IPC Server handler 19 on 40811] INFO  pipeline.PipelinePlacementPolicy (PipelinePlacementPolicy.java:meetCriteria(91)) - Pipeline Placement: Doesn't meet the criteria to be viable node： e1a187e5-d89a-47f2-b2bd-c6db4da75c05 Heaviness: 6 limit: 5
2019-09-20 08:30:39,087 [IPC Server handler 19 on 40811] INFO  pipeline.PipelinePlacementPolicy (PipelinePlacementPolicy.java:meetCriteria(91)) - Pipeline Placement: Doesn't meet the criteria to be viable node： 4e3bae72-6dec-40bd-99be-7c75f0b44aae Heaviness: 6 limit: 5
2019-09-20 08:30:39,087 [IPC Server handler 19 on 40811] INFO  pipeline.PipelinePlacementPolicy (PipelinePlacementPolicy.java:meetCriteria(91)) - Pipeline Placement: Doesn't meet the criteria to be viable node： c8a425d5-130a-4202-9db9-9fe847e02d96 Heaviness: 6 limit: 5
2019-09-20 08:30:39,087 [IPC Server handler 19 on 40811] INFO  pipeline.PipelinePlacementPolicy (PipelinePlacementPolicy.java:meetCriteria(91)) - Pipeline Placement: Doesn't meet the criteria to be viable node： d2c36bd8-bad5-464c-8c6b-b124cc016412 Heaviness: 6 limit: 5
2019-09-20 08:30:39,087 [IPC Server handler 19 on 40811] ERROR pipeline.PipelinePlacementPolicy (PipelinePlacementPolicy.java:filterViableNodes(148)) - Unable to find enough nodes that meet the criteria that cannot engage in more than 5 pipelines. Nodes required: 3 Found: 0, healthy nodes count inNodeManager: 5.
2019-09-20 08:30:39,088 [IPC Server handler 19 on 40811] ERROR pipeline.SCMPipelineManager (SCMPipelineManager.java:createPipeline(161)) - Pipeline creation failed due to exception: Unable to find enough nodes that meet the criteria that cannot engage in more than 5 pipelines. Nodes required: 3 Found: 0, healthy nodes count inNodeManager: 5.
2019-09-20 08:30:39,088 [IPC Server handler 19 on 40811] WARN  block.BlockManagerImpl (BlockManagerImpl.java:allocateBlock(192)) - Pipeline creation failed for type:RATIS factor:THREE. Retrying get pipelines call once.
org.apache.hadoop.hdds.scm.exceptions.SCMException: Unable to find enough nodes that meet the criteria that cannot engage in more than 5 pipelines. Nodes required: 3 Found: 0, healthy nodes count inNodeManager: 5.
	at org.apache.hadoop.hdds.scm.pipeline.PipelinePlacementPolicy.filterViableNodes(PipelinePlacementPolicy.java:149)
	at org.apache.hadoop.hdds.scm.pipeline.PipelinePlacementPolicy.chooseDatanodes(PipelinePlacementPolicy.java:172)
	at org.apache.hadoop.hdds.scm.pipeline.RatisPipelineProvider.create(RatisPipelineProvider.java:92)
	at org.apache.hadoop.hdds.scm.pipeline.PipelineFactory.create(PipelineFactory.java:57)
	at org.apache.hadoop.hdds.scm.pipeline.SCMPipelineManager.createPipeline(SCMPipelineManager.java:149)
	at org.apache.hadoop.hdds.scm.block.BlockManagerImpl.allocateBlock(BlockManagerImpl.java:190)
	at org.apache.hadoop.hdds.scm.server.SCMBlockProtocolServer.allocateBlock(SCMBlockProtocolServer.java:175)
	at org.apache.hadoop.ozone.protocolPB.ScmBlockLocationProtocolServerSideTranslatorPB.allocateScmBlock(ScmBlockLocationProtocolServerSideTranslatorPB.java:153)
	at org.apache.hadoop.ozone.protocolPB.ScmBlockLocationProtocolServerSideTranslatorPB.send(ScmBlockLocationProtocolServerSideTranslatorPB.java:112)
	at org.apache.hadoop.hdds.protocol.proto.ScmBlockLocationProtocolProtos$ScmBlockLocationProtocolService$2.callBlockingMethod(ScmBlockLocationProtocolProtos.java:13157)
	at org.apache.hadoop.ipc.ProtobufRpcEngine$Server$ProtoBufRpcInvoker.call(ProtobufRpcEngine.java:524)
	at org.apache.hadoop.ipc.RPC$Server.call(RPC.java:1025)
	at org.apache.hadoop.ipc.Server$RpcCall.run(Server.java:876)
	at org.apache.hadoop.ipc.Server$RpcCall.run(Server.java:822)
	at java.security.AccessController.doPrivileged(Native Method)
	at javax.security.auth.Subject.doAs(Subject.java:422)
	at org.apache.hadoop.security.UserGroupInformation.doAs(UserGroupInformation.java:1730)
	at org.apache.hadoop.ipc.Server$Handler.run(Server.java:2682)
2019-09-20 08:30:39,088 [IPC Server handler 19 on 40811] INFO  block.BlockManagerImpl (BlockManagerImpl.java:allocateBlock(198)) - Could not find available pipeline of type:RATIS and factor:THREE even after retrying
2019-09-20 08:30:39,088 [IPC Server handler 19 on 40811] ERROR block.BlockManagerImpl (BlockManagerImpl.java:allocateBlock(222)) - Unable to allocate a block for the size: 4194304, type: RATIS, factor: THREE
2019-09-20 08:30:39,089 | INFO  | SCMAudit | user=jenkins1000 | ip=192.168.34.27 | op=ALLOCATE_BLOCK {owner=044cadaa-166f-43b5-b75d-9e5e9467b032, size=4194304, type=RATIS, factor=THREE} | ret=SUCCESS |  
2019-09-20 08:30:39,092 | ERROR | OMAudit | user=jenkins1000 | ip=127.0.0.1 | op=ALLOCATE_KEY {volume=vol-0-33883, bucket=bucket-0-82904, key=key-0-19182, dataSize=20971520, replicationType=RATIS, replicationFactor=THREE, keyLocationInfo=null} | ret=FAILURE | org.apache.hadoop.hdds.scm.exceptions.SCMException: Allocated 0 blocks. Requested 5 blocks
	at org.apache.hadoop.hdds.scm.protocolPB.ScmBlockLocationProtocolClientSideTranslatorPB.handleError(ScmBlockLocationProtocolClientSideTranslatorPB.java:118)
	at org.apache.hadoop.hdds.scm.protocolPB.ScmBlockLocationProtocolClientSideTranslatorPB.allocateBlock(ScmBlockLocationProtocolClientSideTranslatorPB.java:156) 
2019-09-20 08:30:39,095 [pool-79-thread-3] ERROR freon.RandomKeyGenerator (RandomKeyGenerator.java:createKey(724)) - Exception while adding key: key-0-19182 in bucket: bucket-0-82904 of volume: vol-0-33883.
INTERNAL_ERROR org.apache.hadoop.ozone.om.exceptions.OMException: Allocated 0 blocks. Requested 5 blocks
	at org.apache.hadoop.ozone.om.protocolPB.OzoneManagerProtocolClientSideTranslatorPB.handleError(OzoneManagerProtocolClientSideTranslatorPB.java:725)
	at org.apache.hadoop.ozone.om.protocolPB.OzoneManagerProtocolClientSideTranslatorPB.openKey(OzoneManagerProtocolClientSideTranslatorPB.java:716)
	at org.apache.hadoop.ozone.client.rpc.RpcClient.createKey(RpcClient.java:615)
	at org.apache.hadoop.ozone.client.OzoneBucket.createKey(OzoneBucket.java:323)
	at org.apache.hadoop.ozone.freon.RandomKeyGenerator.createKey(RandomKeyGenerator.java:686)
	at org.apache.hadoop.ozone.freon.RandomKeyGenerator.access$1100(RandomKeyGenerator.java:87)
	at org.apache.hadoop.ozone.freon.RandomKeyGenerator$ObjectCreator.run(RandomKeyGenerator.java:606)
	at java.util.concurrent.Executors$RunnableAdapter.call(Executors.java:511)
	at java.util.concurrent.FutureTask.run(FutureTask.java:266)
	at java.util.concurrent.ThreadPoolExecutor.runWorker(ThreadPoolExecutor.java:1149)
	at java.util.concurrent.ThreadPoolExecutor$Worker.run(ThreadPoolExecutor.java:624)
	at java.lang.Thread.run(Thread.java:748)
2019-09-20 08:30:39,353 | INFO  | SCMAudit | user=jenkins1000 | ip=192.168.34.27 | op=SEND_HEARTBEAT {datanodeUUID=d2c36bd8-bad5-464c-8c6b-b124cc016412, command=[]} | ret=SUCCESS |  
2019-09-20 08:30:39,435 | INFO  | SCMAudit | user=jenkins1000 | ip=192.168.34.27 | op=SEND_HEARTBEAT {datanodeUUID=e1a187e5-d89a-47f2-b2bd-c6db4da75c05, command=[]} | ret=SUCCESS |  
2019-09-20 08:30:39,435 | INFO  | SCMAudit | user=jenkins1000 | ip=192.168.34.27 | op=SEND_HEARTBEAT {datanodeUUID=6f5cd177-0d50-44f5-9dda-f28331356997, command=[]} | ret=SUCCESS |  
2019-09-20 08:30:39,747 | INFO  | SCMAudit | user=jenkins1000 | ip=192.168.34.27 | op=SEND_HEARTBEAT {datanodeUUID=c8a425d5-130a-4202-9db9-9fe847e02d96, command=[]} | ret=SUCCESS |  
2019-09-20 08:30:39,939 | INFO  | SCMAudit | user=jenkins1000 | ip=192.168.34.27 | op=SEND_HEARTBEAT {datanodeUUID=4e3bae72-6dec-40bd-99be-7c75f0b44aae, command=[]} | ret=SUCCESS |  
 0.00% |█                                                                                                    |  0/1 Time: 0:00:012019-09-20 08:30:40,353 | INFO  | SCMAudit | user=jenkins1000 | ip=192.168.34.27 | op=SEND_HEARTBEAT {datanodeUUID=d2c36bd8-bad5-464c-8c6b-b124cc016412, command=[]} | ret=SUCCESS |  
2019-09-20 08:30:40,435 | INFO  | SCMAudit | user=jenkins1000 | ip=192.168.34.27 | op=SEND_HEARTBEAT {datanodeUUID=e1a187e5-d89a-47f2-b2bd-c6db4da75c05, command=[]} | ret=SUCCESS |  
2019-09-20 08:30:40,435 | INFO  | SCMAudit | user=jenkins1000 | ip=192.168.34.27 | op=SEND_HEARTBEAT {datanodeUUID=6f5cd177-0d50-44f5-9dda-f28331356997, command=[]} | ret=SUCCESS |  
2019-09-20 08:30:40,747 | INFO  | SCMAudit | user=jenkins1000 | ip=192.168.34.27 | op=SEND_HEARTBEAT {datanodeUUID=c8a425d5-130a-4202-9db9-9fe847e02d96, command=[]} | ret=SUCCESS |  
2019-09-20 08:30:40,939 | INFO  | SCMAudit | user=jenkins1000 | ip=192.168.34.27 | op=SEND_HEARTBEAT {datanodeUUID=4e3bae72-6dec-40bd-99be-7c75f0b44aae, command=[]} | ret=SUCCESS |  
 0.00% |█                                                                                                    |  0/1 Time: 0:00:022019-09-20 08:30:41,353 | INFO  | SCMAudit | user=jenkins1000 | ip=192.168.34.27 | op=SEND_HEARTBEAT {datanodeUUID=d2c36bd8-bad5-464c-8c6b-b124cc016412, command=[]} | ret=SUCCESS |  
2019-09-20 08:30:41,436 | INFO  | SCMAudit | user=jenkins1000 | ip=192.168.34.27 | op=SEND_HEARTBEAT {datanodeUUID=e1a187e5-d89a-47f2-b2bd-c6db4da75c05, command=[]} | ret=SUCCESS |  
2019-09-20 08:30:41,436 | INFO  | SCMAudit | user=jenkins1000 | ip=192.168.34.27 | op=SEND_HEARTBEAT {datanodeUUID=6f5cd177-0d50-44f5-9dda-f28331356997, command=[]} | ret=SUCCESS |  
2019-09-20 08:30:41,748 | INFO  | SCMAudit | user=jenkins1000 | ip=192.168.34.27 | op=SEND_HEARTBEAT {datanodeUUID=c8a425d5-130a-4202-9db9-9fe847e02d96, command=[]} | ret=SUCCESS |  
2019-09-20 08:30:41,940 | INFO  | SCMAudit | user=jenkins1000 | ip=192.168.34.27 | op=SEND_HEARTBEAT {datanodeUUID=4e3bae72-6dec-40bd-99be-7c75f0b44aae, command=[]} | ret=SUCCESS |  
 0.00% |█                                                                                                    |  0/1 Time: 0:00:032019-09-20 08:30:42,352 | INFO  | SCMAudit | user=jenkins1000 | ip=192.168.34.27 | op=SEND_HEARTBEAT {datanodeUUID=d2c36bd8-bad5-464c-8c6b-b124cc016412, command=[]} | ret=SUCCESS |  
2019-09-20 08:30:42,437 | INFO  | SCMAudit | user=jenkins1000 | ip=192.168.34.27 | op=SEND_HEARTBEAT {datanodeUUID=6f5cd177-0d50-44f5-9dda-f28331356997, command=[]} | ret=SUCCESS |  
2019-09-20 08:30:42,437 | INFO  | SCMAudit | user=jenkins1000 | ip=192.168.34.27 | op=SEND_HEARTBEAT {datanodeUUID=e1a187e5-d89a-47f2-b2bd-c6db4da75c05, command=[]} | ret=SUCCESS |  
2019-09-20 08:30:42,748 | INFO  | SCMAudit | user=jenkins1000 | ip=192.168.34.27 | op=SEND_HEARTBEAT {datanodeUUID=c8a425d5-130a-4202-9db9-9fe847e02d96, command=[]} | ret=SUCCESS |  
2019-09-20 08:30:42,940 | INFO  | SCMAudit | user=jenkins1000 | ip=192.168.34.27 | op=SEND_HEARTBEAT {datanodeUUID=4e3bae72-6dec-40bd-99be-7c75f0b44aae, command=[]} | ret=SUCCESS |  
 0.00% |█                                                                                                    |  0/1 Time: 0:00:042019-09-20 08:30:43,353 | INFO  | SCMAudit | user=jenkins1000 | ip=192.168.34.27 | op=SEND_HEARTBEAT {datanodeUUID=d2c36bd8-bad5-464c-8c6b-b124cc016412, command=[]} | ret=SUCCESS |  
2019-09-20 08:30:43,436 | INFO  | SCMAudit | user=jenkins1000 | ip=192.168.34.27 | op=SEND_HEARTBEAT {datanodeUUID=e1a187e5-d89a-47f2-b2bd-c6db4da75c05, command=[]} | ret=SUCCESS |  
2019-09-20 08:30:43,436 | INFO  | SCMAudit | user=jenkins1000 | ip=192.168.34.27 | op=SEND_HEARTBEAT {datanodeUUID=6f5cd177-0d50-44f5-9dda-f28331356997, command=[]} | ret=SUCCESS |  
2019-09-20 08:30:43,749 | INFO  | SCMAudit | user=jenkins1000 | ip=192.168.34.27 | op=SEND_HEARTBEAT {datanodeUUID=c8a425d5-130a-4202-9db9-9fe847e02d96, command=[]} | ret=SUCCESS |  
2019-09-20 08:30:43,940 | INFO  | SCMAudit | user=jenkins1000 | ip=192.168.34.27 | op=SEND_HEARTBEAT {datanodeUUID=4e3bae72-6dec-40bd-99be-7c75f0b44aae, command=[]} | ret=SUCCESS |  
 100.00% |█████████████████████████████████████████████████████████████████████████████████████████████████████|  1/1 Time: 0:00:05
2019-09-20 08:30:44,354 | INFO  | SCMAudit | user=jenkins1000 | ip=192.168.34.27 | op=SEND_HEARTBEAT {datanodeUUID=d2c36bd8-bad5-464c-8c6b-b124cc016412, command=[]} | ret=SUCCESS |  
2019-09-20 08:30:44,436 | INFO  | SCMAudit | user=jenkins1000 | ip=192.168.34.27 | op=SEND_HEARTBEAT {datanodeUUID=6f5cd177-0d50-44f5-9dda-f28331356997, command=[]} | ret=SUCCESS |  
2019-09-20 08:30:44,436 | INFO  | SCMAudit | user=jenkins1000 | ip=192.168.34.27 | op=SEND_HEARTBEAT {datanodeUUID=e1a187e5-d89a-47f2-b2bd-c6db4da75c05, command=[]} | ret=SUCCESS |  
2019-09-20 08:30:44,748 | INFO  | SCMAudit | user=jenkins1000 | ip=192.168.34.27 | op=SEND_HEARTBEAT {datanodeUUID=c8a425d5-130a-4202-9db9-9fe847e02d96, command=[]} | ret=SUCCESS |  
2019-09-20 08:30:44,940 | INFO  | SCMAudit | user=jenkins1000 | ip=192.168.34.27 | op=SEND_HEARTBEAT {datanodeUUID=4e3bae72-6dec-40bd-99be-7c75f0b44aae, command=[]} | ret=SUCCESS |  
2019-09-20 08:30:45,353 | INFO  | SCMAudit | user=jenkins1000 | ip=192.168.34.27 | op=SEND_HEARTBEAT {datanodeUUID=d2c36bd8-bad5-464c-8c6b-b124cc016412, command=[]} | ret=SUCCESS |  
2019-09-20 08:30:45,437 | INFO  | SCMAudit | user=jenkins1000 | ip=192.168.34.27 | op=SEND_HEARTBEAT {datanodeUUID=e1a187e5-d89a-47f2-b2bd-c6db4da75c05, command=[]} | ret=SUCCESS |  
2019-09-20 08:30:45,437 | INFO  | SCMAudit | user=jenkins1000 | ip=192.168.34.27 | op=SEND_HEARTBEAT {datanodeUUID=6f5cd177-0d50-44f5-9dda-f28331356997, command=[]} | ret=SUCCESS |  
2019-09-20 08:30:45,748 | INFO  | SCMAudit | user=jenkins1000 | ip=192.168.34.27 | op=SEND_HEARTBEAT {datanodeUUID=c8a425d5-130a-4202-9db9-9fe847e02d96, command=[]} | ret=SUCCESS |  
2019-09-20 08:30:45,941 | INFO  | SCMAudit | user=jenkins1000 | ip=192.168.34.27 | op=SEND_HEARTBEAT {datanodeUUID=4e3bae72-6dec-40bd-99be-7c75f0b44aae, command=[]} | ret=SUCCESS |  
2019-09-20 08:30:46,353 | INFO  | SCMAudit | user=jenkins1000 | ip=192.168.34.27 | op=SEND_HEARTBEAT {datanodeUUID=d2c36bd8-bad5-464c-8c6b-b124cc016412, command=[]} | ret=SUCCESS |  
2019-09-20 08:30:46,436 | INFO  | SCMAudit | user=jenkins1000 | ip=192.168.34.27 | op=SEND_HEARTBEAT {datanodeUUID=e1a187e5-d89a-47f2-b2bd-c6db4da75c05, command=[]} | ret=SUCCESS |  
2019-09-20 08:30:46,436 | INFO  | SCMAudit | user=jenkins1000 | ip=192.168.34.27 | op=SEND_HEARTBEAT {datanodeUUID=6f5cd177-0d50-44f5-9dda-f28331356997, command=[]} | ret=SUCCESS |  
2019-09-20 08:30:46,749 | INFO  | SCMAudit | user=jenkins1000 | ip=192.168.34.27 | op=SEND_HEARTBEAT {datanodeUUID=c8a425d5-130a-4202-9db9-9fe847e02d96, command=[]} | ret=SUCCESS |  
2019-09-20 08:30:46,940 | INFO  | SCMAudit | user=jenkins1000 | ip=192.168.34.27 | op=SEND_HEARTBEAT {datanodeUUID=4e3bae72-6dec-40bd-99be-7c75f0b44aae, command=[]} | ret=SUCCESS |  
2019-09-20 08:30:47,353 | INFO  | SCMAudit | user=jenkins1000 | ip=192.168.34.27 | op=SEND_HEARTBEAT {datanodeUUID=d2c36bd8-bad5-464c-8c6b-b124cc016412, command=[]} | ret=SUCCESS |  
2019-09-20 08:30:47,436 | INFO  | SCMAudit | user=jenkins1000 | ip=192.168.34.27 | op=SEND_HEARTBEAT {datanodeUUID=6f5cd177-0d50-44f5-9dda-f28331356997, command=[]} | ret=SUCCESS |  
2019-09-20 08:30:47,436 | INFO  | SCMAudit | user=jenkins1000 | ip=192.168.34.27 | op=SEND_HEARTBEAT {datanodeUUID=e1a187e5-d89a-47f2-b2bd-c6db4da75c05, command=[]} | ret=SUCCESS |  
2019-09-20 08:30:47,750 | INFO  | SCMAudit | user=jenkins1000 | ip=192.168.34.27 | op=SEND_HEARTBEAT {datanodeUUID=c8a425d5-130a-4202-9db9-9fe847e02d96, command=[]} | ret=SUCCESS |  
2019-09-20 08:30:47,940 | INFO  | SCMAudit | user=jenkins1000 | ip=192.168.34.27 | op=SEND_HEARTBEAT {datanodeUUID=4e3bae72-6dec-40bd-99be-7c75f0b44aae, command=[]} | ret=SUCCESS |  
2019-09-20 08:30:48,353 | INFO  | SCMAudit | user=jenkins1000 | ip=192.168.34.27 | op=SEND_HEARTBEAT {datanodeUUID=d2c36bd8-bad5-464c-8c6b-b124cc016412, command=[]} | ret=SUCCESS |  
2019-09-20 08:30:48,436 | INFO  | SCMAudit | user=jenkins1000 | ip=192.168.34.27 | op=SEND_HEARTBEAT {datanodeUUID=6f5cd177-0d50-44f5-9dda-f28331356997, command=[]} | ret=SUCCESS |  
2019-09-20 08:30:48,437 | INFO  | SCMAudit | user=jenkins1000 | ip=192.168.34.27 | op=SEND_HEARTBEAT {datanodeUUID=e1a187e5-d89a-47f2-b2bd-c6db4da75c05, command=[]} | ret=SUCCESS |  
2019-09-20 08:30:48,749 | INFO  | SCMAudit | user=jenkins1000 | ip=192.168.34.27 | op=SEND_HEARTBEAT {datanodeUUID=c8a425d5-130a-4202-9db9-9fe847e02d96, command=[]} | ret=SUCCESS |  
2019-09-20 08:30:48,940 | INFO  | SCMAudit | user=jenkins1000 | ip=192.168.34.27 | op=SEND_HEARTBEAT {datanodeUUID=4e3bae72-6dec-40bd-99be-7c75f0b44aae, command=[]} | ret=SUCCESS |  
]]></system-out>
  </testcase>
  <testcase name="validateWriteTest" classname="org.apache.hadoop.ozone.freon.TestDataValidateWithUnsafeByteOperations" time="10.021">
    <error message="Allocated 0 blocks. Requested 1 blocks" type="INTERNAL_ERROR org.apache.hadoop.ozone.om.exceptions.OMException">INTERNAL_ERROR org.apache.hadoop.ozone.om.exceptions.OMException: Allocated 0 blocks. Requested 1 blocks
	at org.apache.hadoop.ozone.om.protocolPB.OzoneManagerProtocolClientSideTranslatorPB.handleError(OzoneManagerProtocolClientSideTranslatorPB.java:725)
	at org.apache.hadoop.ozone.om.protocolPB.OzoneManagerProtocolClientSideTranslatorPB.openKey(OzoneManagerProtocolClientSideTranslatorPB.java:716)
	at org.apache.hadoop.ozone.client.rpc.RpcClient.createKey(RpcClient.java:615)
	at org.apache.hadoop.ozone.client.OzoneBucket.createKey(OzoneBucket.java:323)
	at org.apache.hadoop.ozone.freon.RandomKeyGenerator.createKey(RandomKeyGenerator.java:686)
	at org.apache.hadoop.ozone.freon.RandomKeyGenerator.access$1100(RandomKeyGenerator.java:87)
	at org.apache.hadoop.ozone.freon.RandomKeyGenerator$ObjectCreator.run(RandomKeyGenerator.java:606)
	at java.util.concurrent.Executors$RunnableAdapter.call(Executors.java:511)
	at java.util.concurrent.FutureTask.run(FutureTask.java:266)
	at java.util.concurrent.ThreadPoolExecutor.runWorker(ThreadPoolExecutor.java:1149)
	at java.util.concurrent.ThreadPoolExecutor$Worker.run(ThreadPoolExecutor.java:624)
	at java.lang.Thread.run(Thread.java:748)
</error>
    <system-out><![CDATA[2019-09-20 08:30:49,053 [main] INFO  freon.RandomKeyGenerator (RandomKeyGenerator.java:call(275)) - Number of Threads: 10
2019-09-20 08:30:49,053 [main] INFO  freon.RandomKeyGenerator (RandomKeyGenerator.java:call(280)) - Number of Volumes: 2.
2019-09-20 08:30:49,054 [main] INFO  freon.RandomKeyGenerator (RandomKeyGenerator.java:call(281)) - Number of Buckets per Volume: 5.
2019-09-20 08:30:49,054 [main] INFO  freon.RandomKeyGenerator (RandomKeyGenerator.java:call(282)) - Number of Keys per Bucket: 10.
2019-09-20 08:30:49,054 [main] INFO  freon.RandomKeyGenerator (RandomKeyGenerator.java:call(283)) - Key size: 10240 bytes
2019-09-20 08:30:49,054 [main] INFO  freon.RandomKeyGenerator (RandomKeyGenerator.java:call(284)) - Buffer size: 4096 bytes
2019-09-20 08:30:49,055 [pool-80-thread-1] INFO  rpc.RpcClient (RpcClient.java:createVolume(293)) - Creating Volume: vol-0-24544, with jenkins1000 as owner.
2019-09-20 08:30:49,055 [pool-80-thread-2] INFO  rpc.RpcClient (RpcClient.java:createVolume(293)) - Creating Volume: vol-1-48354, with jenkins1000 as owner.
2019-09-20 08:30:49,056 [main] INFO  freon.RandomKeyGenerator (RandomKeyGenerator.java:call(298)) - Data validation is enabled.
2019-09-20 08:30:49,057 [main] INFO  freon.RandomKeyGenerator (RandomKeyGenerator.java:call(304)) - Starting progress bar Thread.

 0.00% |█                                                                                                    |  0/100 Time: 0:00:002019-09-20 08:30:49,059 | INFO  | OMAudit | user=jenkins1000 | ip=127.0.0.1 | op=CREATE_VOLUME {admin=jenkins1000, owner=jenkins1000, volume=vol-0-24544, creationTime=1568968249058, quotaInBytes=1152921504606846976} | ret=SUCCESS |  
2019-09-20 08:30:49,059 | INFO  | OMAudit | user=jenkins1000 | ip=127.0.0.1 | op=CREATE_VOLUME {admin=jenkins1000, owner=jenkins1000, volume=vol-1-48354, creationTime=1568968249059, quotaInBytes=1152921504606846976} | ret=SUCCESS |  
2019-09-20 08:30:49,063 | INFO  | OMAudit | user=jenkins1000 | ip=127.0.0.1 | op=READ_VOLUME {volume=vol-0-24544} | ret=SUCCESS |  
2019-09-20 08:30:49,063 | INFO  | OMAudit | user=jenkins1000 | ip=127.0.0.1 | op=READ_VOLUME {volume=vol-1-48354} | ret=SUCCESS |  
2019-09-20 08:30:49,066 [pool-80-thread-2] INFO  rpc.RpcClient (RpcClient.java:createBucket(432)) - Creating Bucket: vol-0-24544/bucket-4-42121, with Versioning false and Storage Type set to DISK and Encryption set to false 
2019-09-20 08:30:49,066 [pool-80-thread-1] INFO  rpc.RpcClient (RpcClient.java:createBucket(432)) - Creating Bucket: vol-1-48354/bucket-4-89912, with Versioning false and Storage Type set to DISK and Encryption set to false 
2019-09-20 08:30:49,066 [pool-80-thread-8] INFO  rpc.RpcClient (RpcClient.java:createBucket(432)) - Creating Bucket: vol-1-48354/bucket-2-74077, with Versioning false and Storage Type set to DISK and Encryption set to false 
2019-09-20 08:30:49,068 [pool-80-thread-10] INFO  rpc.RpcClient (RpcClient.java:createBucket(432)) - Creating Bucket: vol-1-48354/bucket-3-99569, with Versioning false and Storage Type set to DISK and Encryption set to false 
2019-09-20 08:30:49,069 | INFO  | OMAudit | user=jenkins1000 | ip=127.0.0.1 | op=CREATE_BUCKET {volume=vol-1-48354, bucket=bucket-4-89912, acls=[user:jenkins1000:a[ACCESS], group:default:a[ACCESS]], isVersionEnabled=false, storageType=DISK, creationTime=0} | ret=SUCCESS |  
2019-09-20 08:30:49,068 [pool-80-thread-9] INFO  rpc.RpcClient (RpcClient.java:createBucket(432)) - Creating Bucket: vol-0-24544/bucket-3-59066, with Versioning false and Storage Type set to DISK and Encryption set to false 
2019-09-20 08:30:49,069 | INFO  | OMAudit | user=jenkins1000 | ip=127.0.0.1 | op=CREATE_BUCKET {volume=vol-0-24544, bucket=bucket-4-42121, acls=[user:jenkins1000:a[ACCESS], group:default:a[ACCESS]], isVersionEnabled=false, storageType=DISK, creationTime=0} | ret=SUCCESS |  
2019-09-20 08:30:49,071 | INFO  | OMAudit | user=jenkins1000 | ip=127.0.0.1 | op=CREATE_BUCKET {volume=vol-1-48354, bucket=bucket-2-74077, acls=[user:jenkins1000:a[ACCESS], group:default:a[ACCESS]], isVersionEnabled=false, storageType=DISK, creationTime=0} | ret=SUCCESS |  
2019-09-20 08:30:49,072 | INFO  | OMAudit | user=jenkins1000 | ip=127.0.0.1 | op=CREATE_BUCKET {volume=vol-0-24544, bucket=bucket-3-59066, acls=[user:jenkins1000:a[ACCESS], group:default:a[ACCESS]], isVersionEnabled=false, storageType=DISK, creationTime=0} | ret=SUCCESS |  
2019-09-20 08:30:49,072 | INFO  | OMAudit | user=jenkins1000 | ip=127.0.0.1 | op=READ_BUCKET {volume=vol-1-48354, bucket=bucket-4-89912} | ret=SUCCESS |  
2019-09-20 08:30:49,072 | INFO  | OMAudit | user=jenkins1000 | ip=127.0.0.1 | op=CREATE_BUCKET {volume=vol-1-48354, bucket=bucket-3-99569, acls=[user:jenkins1000:a[ACCESS], group:default:a[ACCESS]], isVersionEnabled=false, storageType=DISK, creationTime=0} | ret=SUCCESS |  
2019-09-20 08:30:49,072 | INFO  | OMAudit | user=jenkins1000 | ip=127.0.0.1 | op=READ_BUCKET {volume=vol-0-24544, bucket=bucket-4-42121} | ret=SUCCESS |  
2019-09-20 08:30:49,072 | INFO  | OMAudit | user=jenkins1000 | ip=127.0.0.1 | op=READ_BUCKET {volume=vol-1-48354, bucket=bucket-2-74077} | ret=SUCCESS |  
2019-09-20 08:30:49,073 | INFO  | OMAudit | user=jenkins1000 | ip=127.0.0.1 | op=READ_BUCKET {volume=vol-0-24544, bucket=bucket-3-59066} | ret=SUCCESS |  
2019-09-20 08:30:49,074 | INFO  | OMAudit | user=jenkins1000 | ip=127.0.0.1 | op=READ_BUCKET {volume=vol-1-48354, bucket=bucket-3-99569} | ret=SUCCESS |  
2019-09-20 08:30:49,076 [pool-80-thread-6] INFO  rpc.RpcClient (RpcClient.java:createBucket(432)) - Creating Bucket: vol-1-48354/bucket-1-91404, with Versioning false and Storage Type set to DISK and Encryption set to false 
2019-09-20 08:30:49,076 [pool-80-thread-4] INFO  rpc.RpcClient (RpcClient.java:createBucket(432)) - Creating Bucket: vol-1-48354/bucket-0-59985, with Versioning false and Storage Type set to DISK and Encryption set to false 
2019-09-20 08:30:49,076 [pool-80-thread-7] INFO  rpc.RpcClient (RpcClient.java:createBucket(432)) - Creating Bucket: vol-0-24544/bucket-2-32903, with Versioning false and Storage Type set to DISK and Encryption set to false 
2019-09-20 08:30:49,076 [pool-80-thread-3] INFO  rpc.RpcClient (RpcClient.java:createBucket(432)) - Creating Bucket: vol-0-24544/bucket-0-96334, with Versioning false and Storage Type set to DISK and Encryption set to false 
2019-09-20 08:30:49,076 [pool-80-thread-5] INFO  rpc.RpcClient (RpcClient.java:createBucket(432)) - Creating Bucket: vol-0-24544/bucket-1-65025, with Versioning false and Storage Type set to DISK and Encryption set to false 
2019-09-20 08:30:49,079 | INFO  | OMAudit | user=jenkins1000 | ip=127.0.0.1 | op=CREATE_BUCKET {volume=vol-1-48354, bucket=bucket-1-91404, acls=[user:jenkins1000:a[ACCESS], group:default:a[ACCESS]], isVersionEnabled=false, storageType=DISK, creationTime=0} | ret=SUCCESS |  
2019-09-20 08:30:49,080 | INFO  | OMAudit | user=jenkins1000 | ip=127.0.0.1 | op=CREATE_BUCKET {volume=vol-0-24544, bucket=bucket-2-32903, acls=[user:jenkins1000:a[ACCESS], group:default:a[ACCESS]], isVersionEnabled=false, storageType=DISK, creationTime=0} | ret=SUCCESS |  
2019-09-20 08:30:49,080 | INFO  | OMAudit | user=jenkins1000 | ip=127.0.0.1 | op=CREATE_BUCKET {volume=vol-0-24544, bucket=bucket-0-96334, acls=[user:jenkins1000:a[ACCESS], group:default:a[ACCESS]], isVersionEnabled=false, storageType=DISK, creationTime=0} | ret=SUCCESS |  
2019-09-20 08:30:49,080 | INFO  | OMAudit | user=jenkins1000 | ip=127.0.0.1 | op=CREATE_BUCKET {volume=vol-1-48354, bucket=bucket-0-59985, acls=[user:jenkins1000:a[ACCESS], group:default:a[ACCESS]], isVersionEnabled=false, storageType=DISK, creationTime=0} | ret=SUCCESS |  
2019-09-20 08:30:49,081 | INFO  | OMAudit | user=jenkins1000 | ip=127.0.0.1 | op=CREATE_BUCKET {volume=vol-0-24544, bucket=bucket-1-65025, acls=[user:jenkins1000:a[ACCESS], group:default:a[ACCESS]], isVersionEnabled=false, storageType=DISK, creationTime=0} | ret=SUCCESS |  
2019-09-20 08:30:49,081 | INFO  | OMAudit | user=jenkins1000 | ip=127.0.0.1 | op=READ_BUCKET {volume=vol-1-48354, bucket=bucket-1-91404} | ret=SUCCESS |  
2019-09-20 08:30:49,081 | INFO  | OMAudit | user=jenkins1000 | ip=127.0.0.1 | op=READ_BUCKET {volume=vol-0-24544, bucket=bucket-2-32903} | ret=SUCCESS |  
2019-09-20 08:30:49,082 | INFO  | OMAudit | user=jenkins1000 | ip=127.0.0.1 | op=READ_BUCKET {volume=vol-0-24544, bucket=bucket-0-96334} | ret=SUCCESS |  
2019-09-20 08:30:49,082 | INFO  | OMAudit | user=jenkins1000 | ip=127.0.0.1 | op=READ_BUCKET {volume=vol-1-48354, bucket=bucket-0-59985} | ret=SUCCESS |  
2019-09-20 08:30:49,082 | INFO  | OMAudit | user=jenkins1000 | ip=127.0.0.1 | op=READ_BUCKET {volume=vol-0-24544, bucket=bucket-1-65025} | ret=SUCCESS |  
2019-09-20 08:30:49,090 [IPC Server handler 19 on 40811] INFO  pipeline.PipelinePlacementPolicy (PipelinePlacementPolicy.java:meetCriteria(91)) - Pipeline Placement: Doesn't meet the criteria to be viable node： 6f5cd177-0d50-44f5-9dda-f28331356997 Heaviness: 6 limit: 5
2019-09-20 08:30:49,090 [IPC Server handler 19 on 40811] INFO  pipeline.PipelinePlacementPolicy (PipelinePlacementPolicy.java:meetCriteria(91)) - Pipeline Placement: Doesn't meet the criteria to be viable node： e1a187e5-d89a-47f2-b2bd-c6db4da75c05 Heaviness: 6 limit: 5
2019-09-20 08:30:49,091 [IPC Server handler 19 on 40811] INFO  pipeline.PipelinePlacementPolicy (PipelinePlacementPolicy.java:meetCriteria(91)) - Pipeline Placement: Doesn't meet the criteria to be viable node： 4e3bae72-6dec-40bd-99be-7c75f0b44aae Heaviness: 6 limit: 5
2019-09-20 08:30:49,091 [IPC Server handler 19 on 40811] INFO  pipeline.PipelinePlacementPolicy (PipelinePlacementPolicy.java:meetCriteria(91)) - Pipeline Placement: Doesn't meet the criteria to be viable node： c8a425d5-130a-4202-9db9-9fe847e02d96 Heaviness: 6 limit: 5
2019-09-20 08:30:49,091 [IPC Server handler 19 on 40811] INFO  pipeline.PipelinePlacementPolicy (PipelinePlacementPolicy.java:meetCriteria(91)) - Pipeline Placement: Doesn't meet the criteria to be viable node： d2c36bd8-bad5-464c-8c6b-b124cc016412 Heaviness: 6 limit: 5
2019-09-20 08:30:49,091 [IPC Server handler 19 on 40811] ERROR pipeline.PipelinePlacementPolicy (PipelinePlacementPolicy.java:filterViableNodes(148)) - Unable to find enough nodes that meet the criteria that cannot engage in more than 5 pipelines. Nodes required: 3 Found: 0, healthy nodes count inNodeManager: 5.
2019-09-20 08:30:49,091 [IPC Server handler 19 on 40811] ERROR pipeline.SCMPipelineManager (SCMPipelineManager.java:createPipeline(161)) - Pipeline creation failed due to exception: Unable to find enough nodes that meet the criteria that cannot engage in more than 5 pipelines. Nodes required: 3 Found: 0, healthy nodes count inNodeManager: 5.
2019-09-20 08:30:49,091 [IPC Server handler 19 on 40811] WARN  block.BlockManagerImpl (BlockManagerImpl.java:allocateBlock(192)) - Pipeline creation failed for type:RATIS factor:THREE. Retrying get pipelines call once.
org.apache.hadoop.hdds.scm.exceptions.SCMException: Unable to find enough nodes that meet the criteria that cannot engage in more than 5 pipelines. Nodes required: 3 Found: 0, healthy nodes count inNodeManager: 5.
	at org.apache.hadoop.hdds.scm.pipeline.PipelinePlacementPolicy.filterViableNodes(PipelinePlacementPolicy.java:149)
	at org.apache.hadoop.hdds.scm.pipeline.PipelinePlacementPolicy.chooseDatanodes(PipelinePlacementPolicy.java:172)
	at org.apache.hadoop.hdds.scm.pipeline.RatisPipelineProvider.create(RatisPipelineProvider.java:92)
	at org.apache.hadoop.hdds.scm.pipeline.PipelineFactory.create(PipelineFactory.java:57)
	at org.apache.hadoop.hdds.scm.pipeline.SCMPipelineManager.createPipeline(SCMPipelineManager.java:149)
	at org.apache.hadoop.hdds.scm.block.BlockManagerImpl.allocateBlock(BlockManagerImpl.java:190)
	at org.apache.hadoop.hdds.scm.server.SCMBlockProtocolServer.allocateBlock(SCMBlockProtocolServer.java:175)
	at org.apache.hadoop.ozone.protocolPB.ScmBlockLocationProtocolServerSideTranslatorPB.allocateScmBlock(ScmBlockLocationProtocolServerSideTranslatorPB.java:153)
	at org.apache.hadoop.ozone.protocolPB.ScmBlockLocationProtocolServerSideTranslatorPB.send(ScmBlockLocationProtocolServerSideTranslatorPB.java:112)
	at org.apache.hadoop.hdds.protocol.proto.ScmBlockLocationProtocolProtos$ScmBlockLocationProtocolService$2.callBlockingMethod(ScmBlockLocationProtocolProtos.java:13157)
	at org.apache.hadoop.ipc.ProtobufRpcEngine$Server$ProtoBufRpcInvoker.call(ProtobufRpcEngine.java:524)
	at org.apache.hadoop.ipc.RPC$Server.call(RPC.java:1025)
	at org.apache.hadoop.ipc.Server$RpcCall.run(Server.java:876)
	at org.apache.hadoop.ipc.Server$RpcCall.run(Server.java:822)
	at java.security.AccessController.doPrivileged(Native Method)
	at javax.security.auth.Subject.doAs(Subject.java:422)
	at org.apache.hadoop.security.UserGroupInformation.doAs(UserGroupInformation.java:1730)
	at org.apache.hadoop.ipc.Server$Handler.run(Server.java:2682)
2019-09-20 08:30:49,091 [IPC Server handler 16 on 40811] INFO  pipeline.PipelinePlacementPolicy (PipelinePlacementPolicy.java:meetCriteria(91)) - Pipeline Placement: Doesn't meet the criteria to be viable node： 6f5cd177-0d50-44f5-9dda-f28331356997 Heaviness: 6 limit: 5
2019-09-20 08:30:49,092 [IPC Server handler 16 on 40811] INFO  pipeline.PipelinePlacementPolicy (PipelinePlacementPolicy.java:meetCriteria(91)) - Pipeline Placement: Doesn't meet the criteria to be viable node： e1a187e5-d89a-47f2-b2bd-c6db4da75c05 Heaviness: 6 limit: 5
2019-09-20 08:30:49,092 [IPC Server handler 16 on 40811] INFO  pipeline.PipelinePlacementPolicy (PipelinePlacementPolicy.java:meetCriteria(91)) - Pipeline Placement: Doesn't meet the criteria to be viable node： 4e3bae72-6dec-40bd-99be-7c75f0b44aae Heaviness: 6 limit: 5
2019-09-20 08:30:49,092 [IPC Server handler 16 on 40811] INFO  pipeline.PipelinePlacementPolicy (PipelinePlacementPolicy.java:meetCriteria(91)) - Pipeline Placement: Doesn't meet the criteria to be viable node： c8a425d5-130a-4202-9db9-9fe847e02d96 Heaviness: 6 limit: 5
2019-09-20 08:30:49,092 [IPC Server handler 16 on 40811] INFO  pipeline.PipelinePlacementPolicy (PipelinePlacementPolicy.java:meetCriteria(91)) - Pipeline Placement: Doesn't meet the criteria to be viable node： d2c36bd8-bad5-464c-8c6b-b124cc016412 Heaviness: 6 limit: 5
2019-09-20 08:30:49,093 [IPC Server handler 16 on 40811] ERROR pipeline.PipelinePlacementPolicy (PipelinePlacementPolicy.java:filterViableNodes(148)) - Unable to find enough nodes that meet the criteria that cannot engage in more than 5 pipelines. Nodes required: 3 Found: 0, healthy nodes count inNodeManager: 5.
2019-09-20 08:30:49,093 [IPC Server handler 16 on 40811] ERROR pipeline.SCMPipelineManager (SCMPipelineManager.java:createPipeline(161)) - Pipeline creation failed due to exception: Unable to find enough nodes that meet the criteria that cannot engage in more than 5 pipelines. Nodes required: 3 Found: 0, healthy nodes count inNodeManager: 5.
2019-09-20 08:30:49,093 [IPC Server handler 16 on 40811] WARN  block.BlockManagerImpl (BlockManagerImpl.java:allocateBlock(192)) - Pipeline creation failed for type:RATIS factor:THREE. Retrying get pipelines call once.
org.apache.hadoop.hdds.scm.exceptions.SCMException: Unable to find enough nodes that meet the criteria that cannot engage in more than 5 pipelines. Nodes required: 3 Found: 0, healthy nodes count inNodeManager: 5.
	at org.apache.hadoop.hdds.scm.pipeline.PipelinePlacementPolicy.filterViableNodes(PipelinePlacementPolicy.java:149)
	at org.apache.hadoop.hdds.scm.pipeline.PipelinePlacementPolicy.chooseDatanodes(PipelinePlacementPolicy.java:172)
	at org.apache.hadoop.hdds.scm.pipeline.RatisPipelineProvider.create(RatisPipelineProvider.java:92)
	at org.apache.hadoop.hdds.scm.pipeline.PipelineFactory.create(PipelineFactory.java:57)
	at org.apache.hadoop.hdds.scm.pipeline.SCMPipelineManager.createPipeline(SCMPipelineManager.java:149)
	at org.apache.hadoop.hdds.scm.block.BlockManagerImpl.allocateBlock(BlockManagerImpl.java:190)
	at org.apache.hadoop.hdds.scm.server.SCMBlockProtocolServer.allocateBlock(SCMBlockProtocolServer.java:175)
	at org.apache.hadoop.ozone.protocolPB.ScmBlockLocationProtocolServerSideTranslatorPB.allocateScmBlock(ScmBlockLocationProtocolServerSideTranslatorPB.java:153)
	at org.apache.hadoop.ozone.protocolPB.ScmBlockLocationProtocolServerSideTranslatorPB.send(ScmBlockLocationProtocolServerSideTranslatorPB.java:112)
	at org.apache.hadoop.hdds.protocol.proto.ScmBlockLocationProtocolProtos$ScmBlockLocationProtocolService$2.callBlockingMethod(ScmBlockLocationProtocolProtos.java:13157)
	at org.apache.hadoop.ipc.ProtobufRpcEngine$Server$ProtoBufRpcInvoker.call(ProtobufRpcEngine.java:524)
	at org.apache.hadoop.ipc.RPC$Server.call(RPC.java:1025)
	at org.apache.hadoop.ipc.Server$RpcCall.run(Server.java:876)
	at org.apache.hadoop.ipc.Server$RpcCall.run(Server.java:822)
	at java.security.AccessController.doPrivileged(Native Method)
	at javax.security.auth.Subject.doAs(Subject.java:422)
	at org.apache.hadoop.security.UserGroupInformation.doAs(UserGroupInformation.java:1730)
	at org.apache.hadoop.ipc.Server$Handler.run(Server.java:2682)
2019-09-20 08:30:49,093 [IPC Server handler 17 on 40811] INFO  pipeline.PipelinePlacementPolicy (PipelinePlacementPolicy.java:meetCriteria(91)) - Pipeline Placement: Doesn't meet the criteria to be viable node： 6f5cd177-0d50-44f5-9dda-f28331356997 Heaviness: 6 limit: 5
2019-09-20 08:30:49,093 [IPC Server handler 17 on 40811] INFO  pipeline.PipelinePlacementPolicy (PipelinePlacementPolicy.java:meetCriteria(91)) - Pipeline Placement: Doesn't meet the criteria to be viable node： e1a187e5-d89a-47f2-b2bd-c6db4da75c05 Heaviness: 6 limit: 5
2019-09-20 08:30:49,094 [IPC Server handler 17 on 40811] INFO  pipeline.PipelinePlacementPolicy (PipelinePlacementPolicy.java:meetCriteria(91)) - Pipeline Placement: Doesn't meet the criteria to be viable node： 4e3bae72-6dec-40bd-99be-7c75f0b44aae Heaviness: 6 limit: 5
2019-09-20 08:30:49,094 [IPC Server handler 17 on 40811] INFO  pipeline.PipelinePlacementPolicy (PipelinePlacementPolicy.java:meetCriteria(91)) - Pipeline Placement: Doesn't meet the criteria to be viable node： c8a425d5-130a-4202-9db9-9fe847e02d96 Heaviness: 6 limit: 5
2019-09-20 08:30:49,094 [IPC Server handler 17 on 40811] INFO  pipeline.PipelinePlacementPolicy (PipelinePlacementPolicy.java:meetCriteria(91)) - Pipeline Placement: Doesn't meet the criteria to be viable node： d2c36bd8-bad5-464c-8c6b-b124cc016412 Heaviness: 6 limit: 5
2019-09-20 08:30:49,094 [IPC Server handler 17 on 40811] ERROR pipeline.PipelinePlacementPolicy (PipelinePlacementPolicy.java:filterViableNodes(148)) - Unable to find enough nodes that meet the criteria that cannot engage in more than 5 pipelines. Nodes required: 3 Found: 0, healthy nodes count inNodeManager: 5.
2019-09-20 08:30:49,094 [IPC Server handler 17 on 40811] ERROR pipeline.SCMPipelineManager (SCMPipelineManager.java:createPipeline(161)) - Pipeline creation failed due to exception: Unable to find enough nodes that meet the criteria that cannot engage in more than 5 pipelines. Nodes required: 3 Found: 0, healthy nodes count inNodeManager: 5.
2019-09-20 08:30:49,095 [IPC Server handler 17 on 40811] WARN  block.BlockManagerImpl (BlockManagerImpl.java:allocateBlock(192)) - Pipeline creation failed for type:RATIS factor:THREE. Retrying get pipelines call once.
org.apache.hadoop.hdds.scm.exceptions.SCMException: Unable to find enough nodes that meet the criteria that cannot engage in more than 5 pipelines. Nodes required: 3 Found: 0, healthy nodes count inNodeManager: 5.
	at org.apache.hadoop.hdds.scm.pipeline.PipelinePlacementPolicy.filterViableNodes(PipelinePlacementPolicy.java:149)
	at org.apache.hadoop.hdds.scm.pipeline.PipelinePlacementPolicy.chooseDatanodes(PipelinePlacementPolicy.java:172)
	at org.apache.hadoop.hdds.scm.pipeline.RatisPipelineProvider.create(RatisPipelineProvider.java:92)
	at org.apache.hadoop.hdds.scm.pipeline.PipelineFactory.create(PipelineFactory.java:57)
	at org.apache.hadoop.hdds.scm.pipeline.SCMPipelineManager.createPipeline(SCMPipelineManager.java:149)
	at org.apache.hadoop.hdds.scm.block.BlockManagerImpl.allocateBlock(BlockManagerImpl.java:190)
	at org.apache.hadoop.hdds.scm.server.SCMBlockProtocolServer.allocateBlock(SCMBlockProtocolServer.java:175)
	at org.apache.hadoop.ozone.protocolPB.ScmBlockLocationProtocolServerSideTranslatorPB.allocateScmBlock(ScmBlockLocationProtocolServerSideTranslatorPB.java:153)
	at org.apache.hadoop.ozone.protocolPB.ScmBlockLocationProtocolServerSideTranslatorPB.send(ScmBlockLocationProtocolServerSideTranslatorPB.java:112)
	at org.apache.hadoop.hdds.protocol.proto.ScmBlockLocationProtocolProtos$ScmBlockLocationProtocolService$2.callBlockingMethod(ScmBlockLocationProtocolProtos.java:13157)
	at org.apache.hadoop.ipc.ProtobufRpcEngine$Server$ProtoBufRpcInvoker.call(ProtobufRpcEngine.java:524)
	at org.apache.hadoop.ipc.RPC$Server.call(RPC.java:1025)
	at org.apache.hadoop.ipc.Server$RpcCall.run(Server.java:876)
	at org.apache.hadoop.ipc.Server$RpcCall.run(Server.java:822)
	at java.security.AccessController.doPrivileged(Native Method)
	at javax.security.auth.Subject.doAs(Subject.java:422)
	at org.apache.hadoop.security.UserGroupInformation.doAs(UserGroupInformation.java:1730)
	at org.apache.hadoop.ipc.Server$Handler.run(Server.java:2682)
2019-09-20 08:30:49,095 [IPC Server handler 19 on 40811] INFO  block.BlockManagerImpl (BlockManagerImpl.java:allocateBlock(198)) - Could not find available pipeline of type:RATIS and factor:THREE even after retrying
2019-09-20 08:30:49,095 [IPC Server handler 16 on 40811] INFO  block.BlockManagerImpl (BlockManagerImpl.java:allocateBlock(198)) - Could not find available pipeline of type:RATIS and factor:THREE even after retrying
2019-09-20 08:30:49,095 [IPC Server handler 17 on 40811] INFO  block.BlockManagerImpl (BlockManagerImpl.java:allocateBlock(198)) - Could not find available pipeline of type:RATIS and factor:THREE even after retrying
2019-09-20 08:30:49,095 [IPC Server handler 16 on 40811] ERROR block.BlockManagerImpl (BlockManagerImpl.java:allocateBlock(222)) - Unable to allocate a block for the size: 4194304, type: RATIS, factor: THREE
2019-09-20 08:30:49,096 | INFO  | SCMAudit | user=jenkins1000 | ip=192.168.34.27 | op=ALLOCATE_BLOCK {owner=044cadaa-166f-43b5-b75d-9e5e9467b032, size=4194304, type=RATIS, factor=THREE} | ret=SUCCESS |  
2019-09-20 08:30:49,095 [IPC Server handler 12 on 40811] INFO  pipeline.PipelinePlacementPolicy (PipelinePlacementPolicy.java:meetCriteria(91)) - Pipeline Placement: Doesn't meet the criteria to be viable node： 6f5cd177-0d50-44f5-9dda-f28331356997 Heaviness: 6 limit: 5
2019-09-20 08:30:49,095 [IPC Server handler 19 on 40811] ERROR block.BlockManagerImpl (BlockManagerImpl.java:allocateBlock(222)) - Unable to allocate a block for the size: 4194304, type: RATIS, factor: THREE
2019-09-20 08:30:49,096 | INFO  | SCMAudit | user=jenkins1000 | ip=192.168.34.27 | op=ALLOCATE_BLOCK {owner=044cadaa-166f-43b5-b75d-9e5e9467b032, size=4194304, type=RATIS, factor=THREE} | ret=SUCCESS |  
2019-09-20 08:30:49,096 [IPC Server handler 12 on 40811] INFO  pipeline.PipelinePlacementPolicy (PipelinePlacementPolicy.java:meetCriteria(91)) - Pipeline Placement: Doesn't meet the criteria to be viable node： e1a187e5-d89a-47f2-b2bd-c6db4da75c05 Heaviness: 6 limit: 5
2019-09-20 08:30:49,096 [IPC Server handler 12 on 40811] INFO  pipeline.PipelinePlacementPolicy (PipelinePlacementPolicy.java:meetCriteria(91)) - Pipeline Placement: Doesn't meet the criteria to be viable node： 4e3bae72-6dec-40bd-99be-7c75f0b44aae Heaviness: 6 limit: 5
2019-09-20 08:30:49,095 [IPC Server handler 17 on 40811] ERROR block.BlockManagerImpl (BlockManagerImpl.java:allocateBlock(222)) - Unable to allocate a block for the size: 4194304, type: RATIS, factor: THREE
2019-09-20 08:30:49,098 [IPC Server handler 12 on 40811] INFO  pipeline.PipelinePlacementPolicy (PipelinePlacementPolicy.java:meetCriteria(91)) - Pipeline Placement: Doesn't meet the criteria to be viable node： c8a425d5-130a-4202-9db9-9fe847e02d96 Heaviness: 6 limit: 5
2019-09-20 08:30:49,098 | INFO  | SCMAudit | user=jenkins1000 | ip=192.168.34.27 | op=ALLOCATE_BLOCK {owner=044cadaa-166f-43b5-b75d-9e5e9467b032, size=4194304, type=RATIS, factor=THREE} | ret=SUCCESS |  
2019-09-20 08:30:49,098 | ERROR | OMAudit | user=jenkins1000 | ip=127.0.0.1 | op=ALLOCATE_KEY {volume=vol-1-48354, bucket=bucket-2-74077, key=key-0-83403, dataSize=10240, replicationType=RATIS, replicationFactor=THREE, keyLocationInfo=null} | ret=FAILURE | org.apache.hadoop.hdds.scm.exceptions.SCMException: Allocated 0 blocks. Requested 1 blocks
	at org.apache.hadoop.hdds.scm.protocolPB.ScmBlockLocationProtocolClientSideTranslatorPB.handleError(ScmBlockLocationProtocolClientSideTranslatorPB.java:118)
	at org.apache.hadoop.hdds.scm.protocolPB.ScmBlockLocationProtocolClientSideTranslatorPB.allocateBlock(ScmBlockLocationProtocolClientSideTranslatorPB.java:156) 
2019-09-20 08:30:49,098 | ERROR | OMAudit | user=jenkins1000 | ip=127.0.0.1 | op=ALLOCATE_KEY {volume=vol-1-48354, bucket=bucket-0-59985, key=key-0-59746, dataSize=10240, replicationType=RATIS, replicationFactor=THREE, keyLocationInfo=null} | ret=FAILURE | org.apache.hadoop.hdds.scm.exceptions.SCMException: Allocated 0 blocks. Requested 1 blocks
	at org.apache.hadoop.hdds.scm.protocolPB.ScmBlockLocationProtocolClientSideTranslatorPB.handleError(ScmBlockLocationProtocolClientSideTranslatorPB.java:118)
	at org.apache.hadoop.hdds.scm.protocolPB.ScmBlockLocationProtocolClientSideTranslatorPB.allocateBlock(ScmBlockLocationProtocolClientSideTranslatorPB.java:156) 
2019-09-20 08:30:49,098 [IPC Server handler 12 on 40811] INFO  pipeline.PipelinePlacementPolicy (PipelinePlacementPolicy.java:meetCriteria(91)) - Pipeline Placement: Doesn't meet the criteria to be viable node： d2c36bd8-bad5-464c-8c6b-b124cc016412 Heaviness: 6 limit: 5
2019-09-20 08:30:49,099 [IPC Server handler 12 on 40811] ERROR pipeline.PipelinePlacementPolicy (PipelinePlacementPolicy.java:filterViableNodes(148)) - Unable to find enough nodes that meet the criteria that cannot engage in more than 5 pipelines. Nodes required: 3 Found: 0, healthy nodes count inNodeManager: 5.
2019-09-20 08:30:49,099 [IPC Server handler 12 on 40811] ERROR pipeline.SCMPipelineManager (SCMPipelineManager.java:createPipeline(161)) - Pipeline creation failed due to exception: Unable to find enough nodes that meet the criteria that cannot engage in more than 5 pipelines. Nodes required: 3 Found: 0, healthy nodes count inNodeManager: 5.
2019-09-20 08:30:49,099 [pool-80-thread-2] ERROR freon.RandomKeyGenerator (RandomKeyGenerator.java:createKey(724)) - Exception while adding key: key-0-59746 in bucket: bucket-0-59985 of volume: vol-1-48354.
INTERNAL_ERROR org.apache.hadoop.ozone.om.exceptions.OMException: Allocated 0 blocks. Requested 1 blocks
	at org.apache.hadoop.ozone.om.protocolPB.OzoneManagerProtocolClientSideTranslatorPB.handleError(OzoneManagerProtocolClientSideTranslatorPB.java:725)
	at org.apache.hadoop.ozone.om.protocolPB.OzoneManagerProtocolClientSideTranslatorPB.openKey(OzoneManagerProtocolClientSideTranslatorPB.java:716)
	at org.apache.hadoop.ozone.client.rpc.RpcClient.createKey(RpcClient.java:615)
	at org.apache.hadoop.ozone.client.OzoneBucket.createKey(OzoneBucket.java:323)
	at org.apache.hadoop.ozone.freon.RandomKeyGenerator.createKey(RandomKeyGenerator.java:686)
	at org.apache.hadoop.ozone.freon.RandomKeyGenerator.access$1100(RandomKeyGenerator.java:87)
	at org.apache.hadoop.ozone.freon.RandomKeyGenerator$ObjectCreator.run(RandomKeyGenerator.java:606)
	at java.util.concurrent.Executors$RunnableAdapter.call(Executors.java:511)
	at java.util.concurrent.FutureTask.run(FutureTask.java:266)
	at java.util.concurrent.ThreadPoolExecutor.runWorker(ThreadPoolExecutor.java:1149)
	at java.util.concurrent.ThreadPoolExecutor$Worker.run(ThreadPoolExecutor.java:624)
	at java.lang.Thread.run(Thread.java:748)
2019-09-20 08:30:49,099 | ERROR | OMAudit | user=jenkins1000 | ip=127.0.0.1 | op=ALLOCATE_KEY {volume=vol-0-24544, bucket=bucket-0-96334, key=key-0-20365, dataSize=10240, replicationType=RATIS, replicationFactor=THREE, keyLocationInfo=null} | ret=FAILURE | org.apache.hadoop.hdds.scm.exceptions.SCMException: Allocated 0 blocks. Requested 1 blocks
	at org.apache.hadoop.hdds.scm.protocolPB.ScmBlockLocationProtocolClientSideTranslatorPB.handleError(ScmBlockLocationProtocolClientSideTranslatorPB.java:118)
	at org.apache.hadoop.hdds.scm.protocolPB.ScmBlockLocationProtocolClientSideTranslatorPB.allocateBlock(ScmBlockLocationProtocolClientSideTranslatorPB.java:156) 
2019-09-20 08:30:49,107 [IPC Server handler 8 on 40811] INFO  pipeline.PipelinePlacementPolicy (PipelinePlacementPolicy.java:meetCriteria(91)) - Pipeline Placement: Doesn't meet the criteria to be viable node： 6f5cd177-0d50-44f5-9dda-f28331356997 Heaviness: 6 limit: 5
2019-09-20 08:30:49,099 [IPC Server handler 12 on 40811] WARN  block.BlockManagerImpl (BlockManagerImpl.java:allocateBlock(192)) - Pipeline creation failed for type:RATIS factor:THREE. Retrying get pipelines call once.
org.apache.hadoop.hdds.scm.exceptions.SCMException: Unable to find enough nodes that meet the criteria that cannot engage in more than 5 pipelines. Nodes required: 3 Found: 0, healthy nodes count inNodeManager: 5.
	at org.apache.hadoop.hdds.scm.pipeline.PipelinePlacementPolicy.filterViableNodes(PipelinePlacementPolicy.java:149)
	at org.apache.hadoop.hdds.scm.pipeline.PipelinePlacementPolicy.chooseDatanodes(PipelinePlacementPolicy.java:172)
	at org.apache.hadoop.hdds.scm.pipeline.RatisPipelineProvider.create(RatisPipelineProvider.java:92)
	at org.apache.hadoop.hdds.scm.pipeline.PipelineFactory.create(PipelineFactory.java:57)
	at org.apache.hadoop.hdds.scm.pipeline.SCMPipelineManager.createPipeline(SCMPipelineManager.java:149)
	at org.apache.hadoop.hdds.scm.block.BlockManagerImpl.allocateBlock(BlockManagerImpl.java:190)
	at org.apache.hadoop.hdds.scm.server.SCMBlockProtocolServer.allocateBlock(SCMBlockProtocolServer.java:175)
	at org.apache.hadoop.ozone.protocolPB.ScmBlockLocationProtocolServerSideTranslatorPB.allocateScmBlock(ScmBlockLocationProtocolServerSideTranslatorPB.java:153)
	at org.apache.hadoop.ozone.protocolPB.ScmBlockLocationProtocolServerSideTranslatorPB.send(ScmBlockLocationProtocolServerSideTranslatorPB.java:112)
	at org.apache.hadoop.hdds.protocol.proto.ScmBlockLocationProtocolProtos$ScmBlockLocationProtocolService$2.callBlockingMethod(ScmBlockLocationProtocolProtos.java:13157)
	at org.apache.hadoop.ipc.ProtobufRpcEngine$Server$ProtoBufRpcInvoker.call(ProtobufRpcEngine.java:524)
	at org.apache.hadoop.ipc.RPC$Server.call(RPC.java:1025)
	at org.apache.hadoop.ipc.Server$RpcCall.run(Server.java:876)
	at org.apache.hadoop.ipc.Server$RpcCall.run(Server.java:822)
	at java.security.AccessController.doPrivileged(Native Method)
	at javax.security.auth.Subject.doAs(Subject.java:422)
	at org.apache.hadoop.security.UserGroupInformation.doAs(UserGroupInformation.java:1730)
	at org.apache.hadoop.ipc.Server$Handler.run(Server.java:2682)
2019-09-20 08:30:49,099 [pool-80-thread-6] ERROR freon.RandomKeyGenerator (RandomKeyGenerator.java:createKey(724)) - Exception while adding key: key-0-83403 in bucket: bucket-2-74077 of volume: vol-1-48354.
INTERNAL_ERROR org.apache.hadoop.ozone.om.exceptions.OMException: Allocated 0 blocks. Requested 1 blocks
	at org.apache.hadoop.ozone.om.protocolPB.OzoneManagerProtocolClientSideTranslatorPB.handleError(OzoneManagerProtocolClientSideTranslatorPB.java:725)
	at org.apache.hadoop.ozone.om.protocolPB.OzoneManagerProtocolClientSideTranslatorPB.openKey(OzoneManagerProtocolClientSideTranslatorPB.java:716)
	at org.apache.hadoop.ozone.client.rpc.RpcClient.createKey(RpcClient.java:615)
	at org.apache.hadoop.ozone.client.OzoneBucket.createKey(OzoneBucket.java:323)
	at org.apache.hadoop.ozone.freon.RandomKeyGenerator.createKey(RandomKeyGenerator.java:686)
	at org.apache.hadoop.ozone.freon.RandomKeyGenerator.access$1100(RandomKeyGenerator.java:87)
	at org.apache.hadoop.ozone.freon.RandomKeyGenerator$ObjectCreator.run(RandomKeyGenerator.java:606)
	at java.util.concurrent.Executors$RunnableAdapter.call(Executors.java:511)
	at java.util.concurrent.FutureTask.run(FutureTask.java:266)
	at java.util.concurrent.ThreadPoolExecutor.runWorker(ThreadPoolExecutor.java:1149)
	at java.util.concurrent.ThreadPoolExecutor$Worker.run(ThreadPoolExecutor.java:624)
	at java.lang.Thread.run(Thread.java:748)
2019-09-20 08:30:49,107 [pool-80-thread-1] ERROR freon.RandomKeyGenerator (RandomKeyGenerator.java:createKey(724)) - Exception while adding key: key-0-20365 in bucket: bucket-0-96334 of volume: vol-0-24544.
INTERNAL_ERROR org.apache.hadoop.ozone.om.exceptions.OMException: Allocated 0 blocks. Requested 1 blocks
	at org.apache.hadoop.ozone.om.protocolPB.OzoneManagerProtocolClientSideTranslatorPB.handleError(OzoneManagerProtocolClientSideTranslatorPB.java:725)
	at org.apache.hadoop.ozone.om.protocolPB.OzoneManagerProtocolClientSideTranslatorPB.openKey(OzoneManagerProtocolClientSideTranslatorPB.java:716)
	at org.apache.hadoop.ozone.client.rpc.RpcClient.createKey(RpcClient.java:615)
	at org.apache.hadoop.ozone.client.OzoneBucket.createKey(OzoneBucket.java:323)
	at org.apache.hadoop.ozone.freon.RandomKeyGenerator.createKey(RandomKeyGenerator.java:686)
	at org.apache.hadoop.ozone.freon.RandomKeyGenerator.access$1100(RandomKeyGenerator.java:87)
	at org.apache.hadoop.ozone.freon.RandomKeyGenerator$ObjectCreator.run(RandomKeyGenerator.java:606)
	at java.util.concurrent.Executors$RunnableAdapter.call(Executors.java:511)
	at java.util.concurrent.FutureTask.run(FutureTask.java:266)
	at java.util.concurrent.ThreadPoolExecutor.runWorker(ThreadPoolExecutor.java:1149)
	at java.util.concurrent.ThreadPoolExecutor$Worker.run(ThreadPoolExecutor.java:624)
	at java.lang.Thread.run(Thread.java:748)
2019-09-20 08:30:49,107 [IPC Server handler 8 on 40811] INFO  pipeline.PipelinePlacementPolicy (PipelinePlacementPolicy.java:meetCriteria(91)) - Pipeline Placement: Doesn't meet the criteria to be viable node： e1a187e5-d89a-47f2-b2bd-c6db4da75c05 Heaviness: 6 limit: 5
2019-09-20 08:30:49,109 [IPC Server handler 8 on 40811] INFO  pipeline.PipelinePlacementPolicy (PipelinePlacementPolicy.java:meetCriteria(91)) - Pipeline Placement: Doesn't meet the criteria to be viable node： 4e3bae72-6dec-40bd-99be-7c75f0b44aae Heaviness: 6 limit: 5
2019-09-20 08:30:49,109 [IPC Server handler 8 on 40811] INFO  pipeline.PipelinePlacementPolicy (PipelinePlacementPolicy.java:meetCriteria(91)) - Pipeline Placement: Doesn't meet the criteria to be viable node： c8a425d5-130a-4202-9db9-9fe847e02d96 Heaviness: 6 limit: 5
2019-09-20 08:30:49,109 [IPC Server handler 8 on 40811] INFO  pipeline.PipelinePlacementPolicy (PipelinePlacementPolicy.java:meetCriteria(91)) - Pipeline Placement: Doesn't meet the criteria to be viable node： d2c36bd8-bad5-464c-8c6b-b124cc016412 Heaviness: 6 limit: 5
2019-09-20 08:30:49,110 [IPC Server handler 8 on 40811] ERROR pipeline.PipelinePlacementPolicy (PipelinePlacementPolicy.java:filterViableNodes(148)) - Unable to find enough nodes that meet the criteria that cannot engage in more than 5 pipelines. Nodes required: 3 Found: 0, healthy nodes count inNodeManager: 5.
2019-09-20 08:30:49,110 [IPC Server handler 8 on 40811] ERROR pipeline.SCMPipelineManager (SCMPipelineManager.java:createPipeline(161)) - Pipeline creation failed due to exception: Unable to find enough nodes that meet the criteria that cannot engage in more than 5 pipelines. Nodes required: 3 Found: 0, healthy nodes count inNodeManager: 5.
2019-09-20 08:30:49,110 [IPC Server handler 8 on 40811] WARN  block.BlockManagerImpl (BlockManagerImpl.java:allocateBlock(192)) - Pipeline creation failed for type:RATIS factor:THREE. Retrying get pipelines call once.
org.apache.hadoop.hdds.scm.exceptions.SCMException: Unable to find enough nodes that meet the criteria that cannot engage in more than 5 pipelines. Nodes required: 3 Found: 0, healthy nodes count inNodeManager: 5.
	at org.apache.hadoop.hdds.scm.pipeline.PipelinePlacementPolicy.filterViableNodes(PipelinePlacementPolicy.java:149)
	at org.apache.hadoop.hdds.scm.pipeline.PipelinePlacementPolicy.chooseDatanodes(PipelinePlacementPolicy.java:172)
	at org.apache.hadoop.hdds.scm.pipeline.RatisPipelineProvider.create(RatisPipelineProvider.java:92)
	at org.apache.hadoop.hdds.scm.pipeline.PipelineFactory.create(PipelineFactory.java:57)
	at org.apache.hadoop.hdds.scm.pipeline.SCMPipelineManager.createPipeline(SCMPipelineManager.java:149)
	at org.apache.hadoop.hdds.scm.block.BlockManagerImpl.allocateBlock(BlockManagerImpl.java:190)
	at org.apache.hadoop.hdds.scm.server.SCMBlockProtocolServer.allocateBlock(SCMBlockProtocolServer.java:175)
	at org.apache.hadoop.ozone.protocolPB.ScmBlockLocationProtocolServerSideTranslatorPB.allocateScmBlock(ScmBlockLocationProtocolServerSideTranslatorPB.java:153)
	at org.apache.hadoop.ozone.protocolPB.ScmBlockLocationProtocolServerSideTranslatorPB.send(ScmBlockLocationProtocolServerSideTranslatorPB.java:112)
	at org.apache.hadoop.hdds.protocol.proto.ScmBlockLocationProtocolProtos$ScmBlockLocationProtocolService$2.callBlockingMethod(ScmBlockLocationProtocolProtos.java:13157)
	at org.apache.hadoop.ipc.ProtobufRpcEngine$Server$ProtoBufRpcInvoker.call(ProtobufRpcEngine.java:524)
	at org.apache.hadoop.ipc.RPC$Server.call(RPC.java:1025)
	at org.apache.hadoop.ipc.Server$RpcCall.run(Server.java:876)
	at org.apache.hadoop.ipc.Server$RpcCall.run(Server.java:822)
	at java.security.AccessController.doPrivileged(Native Method)
	at javax.security.auth.Subject.doAs(Subject.java:422)
	at org.apache.hadoop.security.UserGroupInformation.doAs(UserGroupInformation.java:1730)
	at org.apache.hadoop.ipc.Server$Handler.run(Server.java:2682)
2019-09-20 08:30:49,110 [IPC Server handler 11 on 40811] INFO  pipeline.PipelinePlacementPolicy (PipelinePlacementPolicy.java:meetCriteria(91)) - Pipeline Placement: Doesn't meet the criteria to be viable node： 6f5cd177-0d50-44f5-9dda-f28331356997 Heaviness: 6 limit: 5
2019-09-20 08:30:49,110 [IPC Server handler 11 on 40811] INFO  pipeline.PipelinePlacementPolicy (PipelinePlacementPolicy.java:meetCriteria(91)) - Pipeline Placement: Doesn't meet the criteria to be viable node： e1a187e5-d89a-47f2-b2bd-c6db4da75c05 Heaviness: 6 limit: 5
2019-09-20 08:30:49,110 [IPC Server handler 12 on 40811] INFO  block.BlockManagerImpl (BlockManagerImpl.java:allocateBlock(198)) - Could not find available pipeline of type:RATIS and factor:THREE even after retrying
2019-09-20 08:30:49,111 [IPC Server handler 11 on 40811] INFO  pipeline.PipelinePlacementPolicy (PipelinePlacementPolicy.java:meetCriteria(91)) - Pipeline Placement: Doesn't meet the criteria to be viable node： 4e3bae72-6dec-40bd-99be-7c75f0b44aae Heaviness: 6 limit: 5
2019-09-20 08:30:49,111 [IPC Server handler 12 on 40811] ERROR block.BlockManagerImpl (BlockManagerImpl.java:allocateBlock(222)) - Unable to allocate a block for the size: 4194304, type: RATIS, factor: THREE
2019-09-20 08:30:49,111 [IPC Server handler 11 on 40811] INFO  pipeline.PipelinePlacementPolicy (PipelinePlacementPolicy.java:meetCriteria(91)) - Pipeline Placement: Doesn't meet the criteria to be viable node： c8a425d5-130a-4202-9db9-9fe847e02d96 Heaviness: 6 limit: 5
2019-09-20 08:30:49,111 | INFO  | SCMAudit | user=jenkins1000 | ip=192.168.34.27 | op=ALLOCATE_BLOCK {owner=044cadaa-166f-43b5-b75d-9e5e9467b032, size=4194304, type=RATIS, factor=THREE} | ret=SUCCESS |  
2019-09-20 08:30:49,111 [IPC Server handler 11 on 40811] INFO  pipeline.PipelinePlacementPolicy (PipelinePlacementPolicy.java:meetCriteria(91)) - Pipeline Placement: Doesn't meet the criteria to be viable node： d2c36bd8-bad5-464c-8c6b-b124cc016412 Heaviness: 6 limit: 5
2019-09-20 08:30:49,111 [IPC Server handler 11 on 40811] ERROR pipeline.PipelinePlacementPolicy (PipelinePlacementPolicy.java:filterViableNodes(148)) - Unable to find enough nodes that meet the criteria that cannot engage in more than 5 pipelines. Nodes required: 3 Found: 0, healthy nodes count inNodeManager: 5.
2019-09-20 08:30:49,112 [IPC Server handler 11 on 40811] ERROR pipeline.SCMPipelineManager (SCMPipelineManager.java:createPipeline(161)) - Pipeline creation failed due to exception: Unable to find enough nodes that meet the criteria that cannot engage in more than 5 pipelines. Nodes required: 3 Found: 0, healthy nodes count inNodeManager: 5.
2019-09-20 08:30:49,112 [IPC Server handler 11 on 40811] WARN  block.BlockManagerImpl (BlockManagerImpl.java:allocateBlock(192)) - Pipeline creation failed for type:RATIS factor:THREE. Retrying get pipelines call once.
org.apache.hadoop.hdds.scm.exceptions.SCMException: Unable to find enough nodes that meet the criteria that cannot engage in more than 5 pipelines. Nodes required: 3 Found: 0, healthy nodes count inNodeManager: 5.
	at org.apache.hadoop.hdds.scm.pipeline.PipelinePlacementPolicy.filterViableNodes(PipelinePlacementPolicy.java:149)
	at org.apache.hadoop.hdds.scm.pipeline.PipelinePlacementPolicy.chooseDatanodes(PipelinePlacementPolicy.java:172)
	at org.apache.hadoop.hdds.scm.pipeline.RatisPipelineProvider.create(RatisPipelineProvider.java:92)
	at org.apache.hadoop.hdds.scm.pipeline.PipelineFactory.create(PipelineFactory.java:57)
	at org.apache.hadoop.hdds.scm.pipeline.SCMPipelineManager.createPipeline(SCMPipelineManager.java:149)
	at org.apache.hadoop.hdds.scm.block.BlockManagerImpl.allocateBlock(BlockManagerImpl.java:190)
	at org.apache.hadoop.hdds.scm.server.SCMBlockProtocolServer.allocateBlock(SCMBlockProtocolServer.java:175)
	at org.apache.hadoop.ozone.protocolPB.ScmBlockLocationProtocolServerSideTranslatorPB.allocateScmBlock(ScmBlockLocationProtocolServerSideTranslatorPB.java:153)
	at org.apache.hadoop.ozone.protocolPB.ScmBlockLocationProtocolServerSideTranslatorPB.send(ScmBlockLocationProtocolServerSideTranslatorPB.java:112)
	at org.apache.hadoop.hdds.protocol.proto.ScmBlockLocationProtocolProtos$ScmBlockLocationProtocolService$2.callBlockingMethod(ScmBlockLocationProtocolProtos.java:13157)
	at org.apache.hadoop.ipc.ProtobufRpcEngine$Server$ProtoBufRpcInvoker.call(ProtobufRpcEngine.java:524)
	at org.apache.hadoop.ipc.RPC$Server.call(RPC.java:1025)
	at org.apache.hadoop.ipc.Server$RpcCall.run(Server.java:876)
	at org.apache.hadoop.ipc.Server$RpcCall.run(Server.java:822)
	at java.security.AccessController.doPrivileged(Native Method)
	at javax.security.auth.Subject.doAs(Subject.java:422)
	at org.apache.hadoop.security.UserGroupInformation.doAs(UserGroupInformation.java:1730)
	at org.apache.hadoop.ipc.Server$Handler.run(Server.java:2682)
2019-09-20 08:30:49,112 [IPC Server handler 6 on 40811] INFO  pipeline.PipelinePlacementPolicy (PipelinePlacementPolicy.java:meetCriteria(91)) - Pipeline Placement: Doesn't meet the criteria to be viable node： 6f5cd177-0d50-44f5-9dda-f28331356997 Heaviness: 6 limit: 5
2019-09-20 08:30:49,112 | ERROR | OMAudit | user=jenkins1000 | ip=127.0.0.1 | op=ALLOCATE_KEY {volume=vol-1-48354, bucket=bucket-3-99569, key=key-0-70569, dataSize=10240, replicationType=RATIS, replicationFactor=THREE, keyLocationInfo=null} | ret=FAILURE | org.apache.hadoop.hdds.scm.exceptions.SCMException: Allocated 0 blocks. Requested 1 blocks
	at org.apache.hadoop.hdds.scm.protocolPB.ScmBlockLocationProtocolClientSideTranslatorPB.handleError(ScmBlockLocationProtocolClientSideTranslatorPB.java:118)
	at org.apache.hadoop.hdds.scm.protocolPB.ScmBlockLocationProtocolClientSideTranslatorPB.allocateBlock(ScmBlockLocationProtocolClientSideTranslatorPB.java:156) 
2019-09-20 08:30:49,112 [IPC Server handler 8 on 40811] INFO  block.BlockManagerImpl (BlockManagerImpl.java:allocateBlock(198)) - Could not find available pipeline of type:RATIS and factor:THREE even after retrying
2019-09-20 08:30:49,115 [IPC Server handler 6 on 40811] INFO  pipeline.PipelinePlacementPolicy (PipelinePlacementPolicy.java:meetCriteria(91)) - Pipeline Placement: Doesn't meet the criteria to be viable node： e1a187e5-d89a-47f2-b2bd-c6db4da75c05 Heaviness: 6 limit: 5
2019-09-20 08:30:49,115 [IPC Server handler 8 on 40811] ERROR block.BlockManagerImpl (BlockManagerImpl.java:allocateBlock(222)) - Unable to allocate a block for the size: 4194304, type: RATIS, factor: THREE
2019-09-20 08:30:49,115 | INFO  | SCMAudit | user=jenkins1000 | ip=192.168.34.27 | op=ALLOCATE_BLOCK {owner=044cadaa-166f-43b5-b75d-9e5e9467b032, size=4194304, type=RATIS, factor=THREE} | ret=SUCCESS |  
2019-09-20 08:30:49,115 [IPC Server handler 6 on 40811] INFO  pipeline.PipelinePlacementPolicy (PipelinePlacementPolicy.java:meetCriteria(91)) - Pipeline Placement: Doesn't meet the criteria to be viable node： 4e3bae72-6dec-40bd-99be-7c75f0b44aae Heaviness: 6 limit: 5
2019-09-20 08:30:49,115 [pool-80-thread-4] ERROR freon.RandomKeyGenerator (RandomKeyGenerator.java:createKey(724)) - Exception while adding key: key-0-70569 in bucket: bucket-3-99569 of volume: vol-1-48354.
INTERNAL_ERROR org.apache.hadoop.ozone.om.exceptions.OMException: Allocated 0 blocks. Requested 1 blocks
	at org.apache.hadoop.ozone.om.protocolPB.OzoneManagerProtocolClientSideTranslatorPB.handleError(OzoneManagerProtocolClientSideTranslatorPB.java:725)
	at org.apache.hadoop.ozone.om.protocolPB.OzoneManagerProtocolClientSideTranslatorPB.openKey(OzoneManagerProtocolClientSideTranslatorPB.java:716)
	at org.apache.hadoop.ozone.client.rpc.RpcClient.createKey(RpcClient.java:615)
	at org.apache.hadoop.ozone.client.OzoneBucket.createKey(OzoneBucket.java:323)
	at org.apache.hadoop.ozone.freon.RandomKeyGenerator.createKey(RandomKeyGenerator.java:686)
	at org.apache.hadoop.ozone.freon.RandomKeyGenerator.access$1100(RandomKeyGenerator.java:87)
	at org.apache.hadoop.ozone.freon.RandomKeyGenerator$ObjectCreator.run(RandomKeyGenerator.java:606)
	at java.util.concurrent.Executors$RunnableAdapter.call(Executors.java:511)
	at java.util.concurrent.FutureTask.run(FutureTask.java:266)
	at java.util.concurrent.ThreadPoolExecutor.runWorker(ThreadPoolExecutor.java:1149)
	at java.util.concurrent.ThreadPoolExecutor$Worker.run(ThreadPoolExecutor.java:624)
	at java.lang.Thread.run(Thread.java:748)
2019-09-20 08:30:49,115 [IPC Server handler 6 on 40811] INFO  pipeline.PipelinePlacementPolicy (PipelinePlacementPolicy.java:meetCriteria(91)) - Pipeline Placement: Doesn't meet the criteria to be viable node： c8a425d5-130a-4202-9db9-9fe847e02d96 Heaviness: 6 limit: 5
2019-09-20 08:30:49,116 | ERROR | OMAudit | user=jenkins1000 | ip=127.0.0.1 | op=ALLOCATE_KEY {volume=vol-0-24544, bucket=bucket-2-32903, key=key-0-83920, dataSize=10240, replicationType=RATIS, replicationFactor=THREE, keyLocationInfo=null} | ret=FAILURE | org.apache.hadoop.hdds.scm.exceptions.SCMException: Allocated 0 blocks. Requested 1 blocks
	at org.apache.hadoop.hdds.scm.protocolPB.ScmBlockLocationProtocolClientSideTranslatorPB.handleError(ScmBlockLocationProtocolClientSideTranslatorPB.java:118)
	at org.apache.hadoop.hdds.scm.protocolPB.ScmBlockLocationProtocolClientSideTranslatorPB.allocateBlock(ScmBlockLocationProtocolClientSideTranslatorPB.java:156) 
2019-09-20 08:30:49,116 [IPC Server handler 6 on 40811] INFO  pipeline.PipelinePlacementPolicy (PipelinePlacementPolicy.java:meetCriteria(91)) - Pipeline Placement: Doesn't meet the criteria to be viable node： d2c36bd8-bad5-464c-8c6b-b124cc016412 Heaviness: 6 limit: 5
2019-09-20 08:30:49,116 [IPC Server handler 6 on 40811] ERROR pipeline.PipelinePlacementPolicy (PipelinePlacementPolicy.java:filterViableNodes(148)) - Unable to find enough nodes that meet the criteria that cannot engage in more than 5 pipelines. Nodes required: 3 Found: 0, healthy nodes count inNodeManager: 5.
2019-09-20 08:30:49,117 [IPC Server handler 6 on 40811] ERROR pipeline.SCMPipelineManager (SCMPipelineManager.java:createPipeline(161)) - Pipeline creation failed due to exception: Unable to find enough nodes that meet the criteria that cannot engage in more than 5 pipelines. Nodes required: 3 Found: 0, healthy nodes count inNodeManager: 5.
2019-09-20 08:30:49,117 [pool-80-thread-10] ERROR freon.RandomKeyGenerator (RandomKeyGenerator.java:createKey(724)) - Exception while adding key: key-0-83920 in bucket: bucket-2-32903 of volume: vol-0-24544.
INTERNAL_ERROR org.apache.hadoop.ozone.om.exceptions.OMException: Allocated 0 blocks. Requested 1 blocks
	at org.apache.hadoop.ozone.om.protocolPB.OzoneManagerProtocolClientSideTranslatorPB.handleError(OzoneManagerProtocolClientSideTranslatorPB.java:725)
	at org.apache.hadoop.ozone.om.protocolPB.OzoneManagerProtocolClientSideTranslatorPB.openKey(OzoneManagerProtocolClientSideTranslatorPB.java:716)
	at org.apache.hadoop.ozone.client.rpc.RpcClient.createKey(RpcClient.java:615)
	at org.apache.hadoop.ozone.client.OzoneBucket.createKey(OzoneBucket.java:323)
	at org.apache.hadoop.ozone.freon.RandomKeyGenerator.createKey(RandomKeyGenerator.java:686)
	at org.apache.hadoop.ozone.freon.RandomKeyGenerator.access$1100(RandomKeyGenerator.java:87)
	at org.apache.hadoop.ozone.freon.RandomKeyGenerator$ObjectCreator.run(RandomKeyGenerator.java:606)
	at java.util.concurrent.Executors$RunnableAdapter.call(Executors.java:511)
	at java.util.concurrent.FutureTask.run(FutureTask.java:266)
	at java.util.concurrent.ThreadPoolExecutor.runWorker(ThreadPoolExecutor.java:1149)
	at java.util.concurrent.ThreadPoolExecutor$Worker.run(ThreadPoolExecutor.java:624)
	at java.lang.Thread.run(Thread.java:748)
2019-09-20 08:30:49,117 [IPC Server handler 9 on 40811] INFO  pipeline.PipelinePlacementPolicy (PipelinePlacementPolicy.java:meetCriteria(91)) - Pipeline Placement: Doesn't meet the criteria to be viable node： 6f5cd177-0d50-44f5-9dda-f28331356997 Heaviness: 6 limit: 5
2019-09-20 08:30:49,117 [IPC Server handler 9 on 40811] INFO  pipeline.PipelinePlacementPolicy (PipelinePlacementPolicy.java:meetCriteria(91)) - Pipeline Placement: Doesn't meet the criteria to be viable node： e1a187e5-d89a-47f2-b2bd-c6db4da75c05 Heaviness: 6 limit: 5
2019-09-20 08:30:49,117 [IPC Server handler 11 on 40811] INFO  block.BlockManagerImpl (BlockManagerImpl.java:allocateBlock(198)) - Could not find available pipeline of type:RATIS and factor:THREE even after retrying
2019-09-20 08:30:49,118 [IPC Server handler 11 on 40811] ERROR block.BlockManagerImpl (BlockManagerImpl.java:allocateBlock(222)) - Unable to allocate a block for the size: 4194304, type: RATIS, factor: THREE
2019-09-20 08:30:49,118 | INFO  | SCMAudit | user=jenkins1000 | ip=192.168.34.27 | op=ALLOCATE_BLOCK {owner=044cadaa-166f-43b5-b75d-9e5e9467b032, size=4194304, type=RATIS, factor=THREE} | ret=SUCCESS |  
2019-09-20 08:30:49,117 [IPC Server handler 6 on 40811] WARN  block.BlockManagerImpl (BlockManagerImpl.java:allocateBlock(192)) - Pipeline creation failed for type:RATIS factor:THREE. Retrying get pipelines call once.
org.apache.hadoop.hdds.scm.exceptions.SCMException: Unable to find enough nodes that meet the criteria that cannot engage in more than 5 pipelines. Nodes required: 3 Found: 0, healthy nodes count inNodeManager: 5.
	at org.apache.hadoop.hdds.scm.pipeline.PipelinePlacementPolicy.filterViableNodes(PipelinePlacementPolicy.java:149)
	at org.apache.hadoop.hdds.scm.pipeline.PipelinePlacementPolicy.chooseDatanodes(PipelinePlacementPolicy.java:172)
	at org.apache.hadoop.hdds.scm.pipeline.RatisPipelineProvider.create(RatisPipelineProvider.java:92)
	at org.apache.hadoop.hdds.scm.pipeline.PipelineFactory.create(PipelineFactory.java:57)
	at org.apache.hadoop.hdds.scm.pipeline.SCMPipelineManager.createPipeline(SCMPipelineManager.java:149)
	at org.apache.hadoop.hdds.scm.block.BlockManagerImpl.allocateBlock(BlockManagerImpl.java:190)
	at org.apache.hadoop.hdds.scm.server.SCMBlockProtocolServer.allocateBlock(SCMBlockProtocolServer.java:175)
	at org.apache.hadoop.ozone.protocolPB.ScmBlockLocationProtocolServerSideTranslatorPB.allocateScmBlock(ScmBlockLocationProtocolServerSideTranslatorPB.java:153)
	at org.apache.hadoop.ozone.protocolPB.ScmBlockLocationProtocolServerSideTranslatorPB.send(ScmBlockLocationProtocolServerSideTranslatorPB.java:112)
	at org.apache.hadoop.hdds.protocol.proto.ScmBlockLocationProtocolProtos$ScmBlockLocationProtocolService$2.callBlockingMethod(ScmBlockLocationProtocolProtos.java:13157)
	at org.apache.hadoop.ipc.ProtobufRpcEngine$Server$ProtoBufRpcInvoker.call(ProtobufRpcEngine.java:524)
	at org.apache.hadoop.ipc.RPC$Server.call(RPC.java:1025)
	at org.apache.hadoop.ipc.Server$RpcCall.run(Server.java:876)
	at org.apache.hadoop.ipc.Server$RpcCall.run(Server.java:822)
	at java.security.AccessController.doPrivileged(Native Method)
	at javax.security.auth.Subject.doAs(Subject.java:422)
	at org.apache.hadoop.security.UserGroupInformation.doAs(UserGroupInformation.java:1730)
	at org.apache.hadoop.ipc.Server$Handler.run(Server.java:2682)
2019-09-20 08:30:49,118 [IPC Server handler 9 on 40811] INFO  pipeline.PipelinePlacementPolicy (PipelinePlacementPolicy.java:meetCriteria(91)) - Pipeline Placement: Doesn't meet the criteria to be viable node： 4e3bae72-6dec-40bd-99be-7c75f0b44aae Heaviness: 6 limit: 5
2019-09-20 08:30:49,118 | ERROR | OMAudit | user=jenkins1000 | ip=127.0.0.1 | op=ALLOCATE_KEY {volume=vol-1-48354, bucket=bucket-1-91404, key=key-0-91849, dataSize=10240, replicationType=RATIS, replicationFactor=THREE, keyLocationInfo=null} | ret=FAILURE | org.apache.hadoop.hdds.scm.exceptions.SCMException: Allocated 0 blocks. Requested 1 blocks
	at org.apache.hadoop.hdds.scm.protocolPB.ScmBlockLocationProtocolClientSideTranslatorPB.handleError(ScmBlockLocationProtocolClientSideTranslatorPB.java:118)
	at org.apache.hadoop.hdds.scm.protocolPB.ScmBlockLocationProtocolClientSideTranslatorPB.allocateBlock(ScmBlockLocationProtocolClientSideTranslatorPB.java:156) 
2019-09-20 08:30:49,119 [IPC Server handler 9 on 40811] INFO  pipeline.PipelinePlacementPolicy (PipelinePlacementPolicy.java:meetCriteria(91)) - Pipeline Placement: Doesn't meet the criteria to be viable node： c8a425d5-130a-4202-9db9-9fe847e02d96 Heaviness: 6 limit: 5
2019-09-20 08:30:49,119 [IPC Server handler 9 on 40811] INFO  pipeline.PipelinePlacementPolicy (PipelinePlacementPolicy.java:meetCriteria(91)) - Pipeline Placement: Doesn't meet the criteria to be viable node： d2c36bd8-bad5-464c-8c6b-b124cc016412 Heaviness: 6 limit: 5
2019-09-20 08:30:49,119 [IPC Server handler 9 on 40811] ERROR pipeline.PipelinePlacementPolicy (PipelinePlacementPolicy.java:filterViableNodes(148)) - Unable to find enough nodes that meet the criteria that cannot engage in more than 5 pipelines. Nodes required: 3 Found: 0, healthy nodes count inNodeManager: 5.
2019-09-20 08:30:49,119 [pool-80-thread-9] ERROR freon.RandomKeyGenerator (RandomKeyGenerator.java:createKey(724)) - Exception while adding key: key-0-91849 in bucket: bucket-1-91404 of volume: vol-1-48354.
INTERNAL_ERROR org.apache.hadoop.ozone.om.exceptions.OMException: Allocated 0 blocks. Requested 1 blocks
	at org.apache.hadoop.ozone.om.protocolPB.OzoneManagerProtocolClientSideTranslatorPB.handleError(OzoneManagerProtocolClientSideTranslatorPB.java:725)
	at org.apache.hadoop.ozone.om.protocolPB.OzoneManagerProtocolClientSideTranslatorPB.openKey(OzoneManagerProtocolClientSideTranslatorPB.java:716)
	at org.apache.hadoop.ozone.client.rpc.RpcClient.createKey(RpcClient.java:615)
	at org.apache.hadoop.ozone.client.OzoneBucket.createKey(OzoneBucket.java:323)
	at org.apache.hadoop.ozone.freon.RandomKeyGenerator.createKey(RandomKeyGenerator.java:686)
	at org.apache.hadoop.ozone.freon.RandomKeyGenerator.access$1100(RandomKeyGenerator.java:87)
	at org.apache.hadoop.ozone.freon.RandomKeyGenerator$ObjectCreator.run(RandomKeyGenerator.java:606)
	at java.util.concurrent.Executors$RunnableAdapter.call(Executors.java:511)
	at java.util.concurrent.FutureTask.run(FutureTask.java:266)
	at java.util.concurrent.ThreadPoolExecutor.runWorker(ThreadPoolExecutor.java:1149)
	at java.util.concurrent.ThreadPoolExecutor$Worker.run(ThreadPoolExecutor.java:624)
	at java.lang.Thread.run(Thread.java:748)
2019-09-20 08:30:49,119 [IPC Server handler 9 on 40811] ERROR pipeline.SCMPipelineManager (SCMPipelineManager.java:createPipeline(161)) - Pipeline creation failed due to exception: Unable to find enough nodes that meet the criteria that cannot engage in more than 5 pipelines. Nodes required: 3 Found: 0, healthy nodes count inNodeManager: 5.
2019-09-20 08:30:49,120 [IPC Server handler 9 on 40811] WARN  block.BlockManagerImpl (BlockManagerImpl.java:allocateBlock(192)) - Pipeline creation failed for type:RATIS factor:THREE. Retrying get pipelines call once.
org.apache.hadoop.hdds.scm.exceptions.SCMException: Unable to find enough nodes that meet the criteria that cannot engage in more than 5 pipelines. Nodes required: 3 Found: 0, healthy nodes count inNodeManager: 5.
	at org.apache.hadoop.hdds.scm.pipeline.PipelinePlacementPolicy.filterViableNodes(PipelinePlacementPolicy.java:149)
	at org.apache.hadoop.hdds.scm.pipeline.PipelinePlacementPolicy.chooseDatanodes(PipelinePlacementPolicy.java:172)
	at org.apache.hadoop.hdds.scm.pipeline.RatisPipelineProvider.create(RatisPipelineProvider.java:92)
	at org.apache.hadoop.hdds.scm.pipeline.PipelineFactory.create(PipelineFactory.java:57)
	at org.apache.hadoop.hdds.scm.pipeline.SCMPipelineManager.createPipeline(SCMPipelineManager.java:149)
	at org.apache.hadoop.hdds.scm.block.BlockManagerImpl.allocateBlock(BlockManagerImpl.java:190)
	at org.apache.hadoop.hdds.scm.server.SCMBlockProtocolServer.allocateBlock(SCMBlockProtocolServer.java:175)
	at org.apache.hadoop.ozone.protocolPB.ScmBlockLocationProtocolServerSideTranslatorPB.allocateScmBlock(ScmBlockLocationProtocolServerSideTranslatorPB.java:153)
	at org.apache.hadoop.ozone.protocolPB.ScmBlockLocationProtocolServerSideTranslatorPB.send(ScmBlockLocationProtocolServerSideTranslatorPB.java:112)
	at org.apache.hadoop.hdds.protocol.proto.ScmBlockLocationProtocolProtos$ScmBlockLocationProtocolService$2.callBlockingMethod(ScmBlockLocationProtocolProtos.java:13157)
	at org.apache.hadoop.ipc.ProtobufRpcEngine$Server$ProtoBufRpcInvoker.call(ProtobufRpcEngine.java:524)
	at org.apache.hadoop.ipc.RPC$Server.call(RPC.java:1025)
	at org.apache.hadoop.ipc.Server$RpcCall.run(Server.java:876)
	at org.apache.hadoop.ipc.Server$RpcCall.run(Server.java:822)
	at java.security.AccessController.doPrivileged(Native Method)
	at javax.security.auth.Subject.doAs(Subject.java:422)
	at org.apache.hadoop.security.UserGroupInformation.doAs(UserGroupInformation.java:1730)
	at org.apache.hadoop.ipc.Server$Handler.run(Server.java:2682)
2019-09-20 08:30:49,120 [IPC Server handler 18 on 40811] INFO  pipeline.PipelinePlacementPolicy (PipelinePlacementPolicy.java:meetCriteria(91)) - Pipeline Placement: Doesn't meet the criteria to be viable node： 6f5cd177-0d50-44f5-9dda-f28331356997 Heaviness: 6 limit: 5
2019-09-20 08:30:49,120 [IPC Server handler 6 on 40811] INFO  block.BlockManagerImpl (BlockManagerImpl.java:allocateBlock(198)) - Could not find available pipeline of type:RATIS and factor:THREE even after retrying
2019-09-20 08:30:49,121 [IPC Server handler 18 on 40811] INFO  pipeline.PipelinePlacementPolicy (PipelinePlacementPolicy.java:meetCriteria(91)) - Pipeline Placement: Doesn't meet the criteria to be viable node： e1a187e5-d89a-47f2-b2bd-c6db4da75c05 Heaviness: 6 limit: 5
2019-09-20 08:30:49,121 [IPC Server handler 6 on 40811] ERROR block.BlockManagerImpl (BlockManagerImpl.java:allocateBlock(222)) - Unable to allocate a block for the size: 4194304, type: RATIS, factor: THREE
2019-09-20 08:30:49,121 [IPC Server handler 18 on 40811] INFO  pipeline.PipelinePlacementPolicy (PipelinePlacementPolicy.java:meetCriteria(91)) - Pipeline Placement: Doesn't meet the criteria to be viable node： 4e3bae72-6dec-40bd-99be-7c75f0b44aae Heaviness: 6 limit: 5
2019-09-20 08:30:49,121 | INFO  | SCMAudit | user=jenkins1000 | ip=192.168.34.27 | op=ALLOCATE_BLOCK {owner=044cadaa-166f-43b5-b75d-9e5e9467b032, size=4194304, type=RATIS, factor=THREE} | ret=SUCCESS |  
2019-09-20 08:30:49,121 [IPC Server handler 18 on 40811] INFO  pipeline.PipelinePlacementPolicy (PipelinePlacementPolicy.java:meetCriteria(91)) - Pipeline Placement: Doesn't meet the criteria to be viable node： c8a425d5-130a-4202-9db9-9fe847e02d96 Heaviness: 6 limit: 5
2019-09-20 08:30:49,122 [IPC Server handler 18 on 40811] INFO  pipeline.PipelinePlacementPolicy (PipelinePlacementPolicy.java:meetCriteria(91)) - Pipeline Placement: Doesn't meet the criteria to be viable node： d2c36bd8-bad5-464c-8c6b-b124cc016412 Heaviness: 6 limit: 5
2019-09-20 08:30:49,122 [IPC Server handler 18 on 40811] ERROR pipeline.PipelinePlacementPolicy (PipelinePlacementPolicy.java:filterViableNodes(148)) - Unable to find enough nodes that meet the criteria that cannot engage in more than 5 pipelines. Nodes required: 3 Found: 0, healthy nodes count inNodeManager: 5.
2019-09-20 08:30:49,122 [IPC Server handler 18 on 40811] ERROR pipeline.SCMPipelineManager (SCMPipelineManager.java:createPipeline(161)) - Pipeline creation failed due to exception: Unable to find enough nodes that meet the criteria that cannot engage in more than 5 pipelines. Nodes required: 3 Found: 0, healthy nodes count inNodeManager: 5.
2019-09-20 08:30:49,122 | ERROR | OMAudit | user=jenkins1000 | ip=127.0.0.1 | op=ALLOCATE_KEY {volume=vol-0-24544, bucket=bucket-4-42121, key=key-0-44416, dataSize=10240, replicationType=RATIS, replicationFactor=THREE, keyLocationInfo=null} | ret=FAILURE | org.apache.hadoop.hdds.scm.exceptions.SCMException: Allocated 0 blocks. Requested 1 blocks
	at org.apache.hadoop.hdds.scm.protocolPB.ScmBlockLocationProtocolClientSideTranslatorPB.handleError(ScmBlockLocationProtocolClientSideTranslatorPB.java:118)
	at org.apache.hadoop.hdds.scm.protocolPB.ScmBlockLocationProtocolClientSideTranslatorPB.allocateBlock(ScmBlockLocationProtocolClientSideTranslatorPB.java:156) 
2019-09-20 08:30:49,122 [IPC Server handler 18 on 40811] WARN  block.BlockManagerImpl (BlockManagerImpl.java:allocateBlock(192)) - Pipeline creation failed for type:RATIS factor:THREE. Retrying get pipelines call once.
org.apache.hadoop.hdds.scm.exceptions.SCMException: Unable to find enough nodes that meet the criteria that cannot engage in more than 5 pipelines. Nodes required: 3 Found: 0, healthy nodes count inNodeManager: 5.
	at org.apache.hadoop.hdds.scm.pipeline.PipelinePlacementPolicy.filterViableNodes(PipelinePlacementPolicy.java:149)
	at org.apache.hadoop.hdds.scm.pipeline.PipelinePlacementPolicy.chooseDatanodes(PipelinePlacementPolicy.java:172)
	at org.apache.hadoop.hdds.scm.pipeline.RatisPipelineProvider.create(RatisPipelineProvider.java:92)
	at org.apache.hadoop.hdds.scm.pipeline.PipelineFactory.create(PipelineFactory.java:57)
	at org.apache.hadoop.hdds.scm.pipeline.SCMPipelineManager.createPipeline(SCMPipelineManager.java:149)
	at org.apache.hadoop.hdds.scm.block.BlockManagerImpl.allocateBlock(BlockManagerImpl.java:190)
	at org.apache.hadoop.hdds.scm.server.SCMBlockProtocolServer.allocateBlock(SCMBlockProtocolServer.java:175)
	at org.apache.hadoop.ozone.protocolPB.ScmBlockLocationProtocolServerSideTranslatorPB.allocateScmBlock(ScmBlockLocationProtocolServerSideTranslatorPB.java:153)
	at org.apache.hadoop.ozone.protocolPB.ScmBlockLocationProtocolServerSideTranslatorPB.send(ScmBlockLocationProtocolServerSideTranslatorPB.java:112)
	at org.apache.hadoop.hdds.protocol.proto.ScmBlockLocationProtocolProtos$ScmBlockLocationProtocolService$2.callBlockingMethod(ScmBlockLocationProtocolProtos.java:13157)
	at org.apache.hadoop.ipc.ProtobufRpcEngine$Server$ProtoBufRpcInvoker.call(ProtobufRpcEngine.java:524)
	at org.apache.hadoop.ipc.RPC$Server.call(RPC.java:1025)
	at org.apache.hadoop.ipc.Server$RpcCall.run(Server.java:876)
	at org.apache.hadoop.ipc.Server$RpcCall.run(Server.java:822)
	at java.security.AccessController.doPrivileged(Native Method)
	at javax.security.auth.Subject.doAs(Subject.java:422)
	at org.apache.hadoop.security.UserGroupInformation.doAs(UserGroupInformation.java:1730)
	at org.apache.hadoop.ipc.Server$Handler.run(Server.java:2682)
2019-09-20 08:30:49,122 [IPC Server handler 5 on 40811] INFO  pipeline.PipelinePlacementPolicy (PipelinePlacementPolicy.java:meetCriteria(91)) - Pipeline Placement: Doesn't meet the criteria to be viable node： 6f5cd177-0d50-44f5-9dda-f28331356997 Heaviness: 6 limit: 5
2019-09-20 08:30:49,122 [IPC Server handler 9 on 40811] INFO  block.BlockManagerImpl (BlockManagerImpl.java:allocateBlock(198)) - Could not find available pipeline of type:RATIS and factor:THREE even after retrying
2019-09-20 08:30:49,123 [pool-80-thread-3] ERROR freon.RandomKeyGenerator (RandomKeyGenerator.java:createKey(724)) - Exception while adding key: key-0-44416 in bucket: bucket-4-42121 of volume: vol-0-24544.
INTERNAL_ERROR org.apache.hadoop.ozone.om.exceptions.OMException: Allocated 0 blocks. Requested 1 blocks
	at org.apache.hadoop.ozone.om.protocolPB.OzoneManagerProtocolClientSideTranslatorPB.handleError(OzoneManagerProtocolClientSideTranslatorPB.java:725)
	at org.apache.hadoop.ozone.om.protocolPB.OzoneManagerProtocolClientSideTranslatorPB.openKey(OzoneManagerProtocolClientSideTranslatorPB.java:716)
	at org.apache.hadoop.ozone.client.rpc.RpcClient.createKey(RpcClient.java:615)
	at org.apache.hadoop.ozone.client.OzoneBucket.createKey(OzoneBucket.java:323)
	at org.apache.hadoop.ozone.freon.RandomKeyGenerator.createKey(RandomKeyGenerator.java:686)
	at org.apache.hadoop.ozone.freon.RandomKeyGenerator.access$1100(RandomKeyGenerator.java:87)
	at org.apache.hadoop.ozone.freon.RandomKeyGenerator$ObjectCreator.run(RandomKeyGenerator.java:606)
	at java.util.concurrent.Executors$RunnableAdapter.call(Executors.java:511)
	at java.util.concurrent.FutureTask.run(FutureTask.java:266)
	at java.util.concurrent.ThreadPoolExecutor.runWorker(ThreadPoolExecutor.java:1149)
	at java.util.concurrent.ThreadPoolExecutor$Worker.run(ThreadPoolExecutor.java:624)
	at java.lang.Thread.run(Thread.java:748)
2019-09-20 08:30:49,123 [IPC Server handler 5 on 40811] INFO  pipeline.PipelinePlacementPolicy (PipelinePlacementPolicy.java:meetCriteria(91)) - Pipeline Placement: Doesn't meet the criteria to be viable node： e1a187e5-d89a-47f2-b2bd-c6db4da75c05 Heaviness: 6 limit: 5
2019-09-20 08:30:49,123 [IPC Server handler 9 on 40811] ERROR block.BlockManagerImpl (BlockManagerImpl.java:allocateBlock(222)) - Unable to allocate a block for the size: 4194304, type: RATIS, factor: THREE
2019-09-20 08:30:49,124 [IPC Server handler 5 on 40811] INFO  pipeline.PipelinePlacementPolicy (PipelinePlacementPolicy.java:meetCriteria(91)) - Pipeline Placement: Doesn't meet the criteria to be viable node： 4e3bae72-6dec-40bd-99be-7c75f0b44aae Heaviness: 6 limit: 5
2019-09-20 08:30:49,124 | INFO  | SCMAudit | user=jenkins1000 | ip=192.168.34.27 | op=ALLOCATE_BLOCK {owner=044cadaa-166f-43b5-b75d-9e5e9467b032, size=4194304, type=RATIS, factor=THREE} | ret=SUCCESS |  
2019-09-20 08:30:49,124 [IPC Server handler 5 on 40811] INFO  pipeline.PipelinePlacementPolicy (PipelinePlacementPolicy.java:meetCriteria(91)) - Pipeline Placement: Doesn't meet the criteria to be viable node： c8a425d5-130a-4202-9db9-9fe847e02d96 Heaviness: 6 limit: 5
2019-09-20 08:30:49,124 [IPC Server handler 5 on 40811] INFO  pipeline.PipelinePlacementPolicy (PipelinePlacementPolicy.java:meetCriteria(91)) - Pipeline Placement: Doesn't meet the criteria to be viable node： d2c36bd8-bad5-464c-8c6b-b124cc016412 Heaviness: 6 limit: 5
2019-09-20 08:30:49,124 [IPC Server handler 5 on 40811] ERROR pipeline.PipelinePlacementPolicy (PipelinePlacementPolicy.java:filterViableNodes(148)) - Unable to find enough nodes that meet the criteria that cannot engage in more than 5 pipelines. Nodes required: 3 Found: 0, healthy nodes count inNodeManager: 5.
2019-09-20 08:30:49,125 [IPC Server handler 5 on 40811] ERROR pipeline.SCMPipelineManager (SCMPipelineManager.java:createPipeline(161)) - Pipeline creation failed due to exception: Unable to find enough nodes that meet the criteria that cannot engage in more than 5 pipelines. Nodes required: 3 Found: 0, healthy nodes count inNodeManager: 5.
2019-09-20 08:30:49,125 [IPC Server handler 5 on 40811] WARN  block.BlockManagerImpl (BlockManagerImpl.java:allocateBlock(192)) - Pipeline creation failed for type:RATIS factor:THREE. Retrying get pipelines call once.
org.apache.hadoop.hdds.scm.exceptions.SCMException: Unable to find enough nodes that meet the criteria that cannot engage in more than 5 pipelines. Nodes required: 3 Found: 0, healthy nodes count inNodeManager: 5.
	at org.apache.hadoop.hdds.scm.pipeline.PipelinePlacementPolicy.filterViableNodes(PipelinePlacementPolicy.java:149)
	at org.apache.hadoop.hdds.scm.pipeline.PipelinePlacementPolicy.chooseDatanodes(PipelinePlacementPolicy.java:172)
	at org.apache.hadoop.hdds.scm.pipeline.RatisPipelineProvider.create(RatisPipelineProvider.java:92)
	at org.apache.hadoop.hdds.scm.pipeline.PipelineFactory.create(PipelineFactory.java:57)
	at org.apache.hadoop.hdds.scm.pipeline.SCMPipelineManager.createPipeline(SCMPipelineManager.java:149)
	at org.apache.hadoop.hdds.scm.block.BlockManagerImpl.allocateBlock(BlockManagerImpl.java:190)
	at org.apache.hadoop.hdds.scm.server.SCMBlockProtocolServer.allocateBlock(SCMBlockProtocolServer.java:175)
	at org.apache.hadoop.ozone.protocolPB.ScmBlockLocationProtocolServerSideTranslatorPB.allocateScmBlock(ScmBlockLocationProtocolServerSideTranslatorPB.java:153)
	at org.apache.hadoop.ozone.protocolPB.ScmBlockLocationProtocolServerSideTranslatorPB.send(ScmBlockLocationProtocolServerSideTranslatorPB.java:112)
	at org.apache.hadoop.hdds.protocol.proto.ScmBlockLocationProtocolProtos$ScmBlockLocationProtocolService$2.callBlockingMethod(ScmBlockLocationProtocolProtos.java:13157)
	at org.apache.hadoop.ipc.ProtobufRpcEngine$Server$ProtoBufRpcInvoker.call(ProtobufRpcEngine.java:524)
	at org.apache.hadoop.ipc.RPC$Server.call(RPC.java:1025)
	at org.apache.hadoop.ipc.Server$RpcCall.run(Server.java:876)
	at org.apache.hadoop.ipc.Server$RpcCall.run(Server.java:822)
	at java.security.AccessController.doPrivileged(Native Method)
	at javax.security.auth.Subject.doAs(Subject.java:422)
	at org.apache.hadoop.security.UserGroupInformation.doAs(UserGroupInformation.java:1730)
	at org.apache.hadoop.ipc.Server$Handler.run(Server.java:2682)
2019-09-20 08:30:49,125 | ERROR | OMAudit | user=jenkins1000 | ip=127.0.0.1 | op=ALLOCATE_KEY {volume=vol-0-24544, bucket=bucket-3-59066, key=key-0-50238, dataSize=10240, replicationType=RATIS, replicationFactor=THREE, keyLocationInfo=null} | ret=FAILURE | org.apache.hadoop.hdds.scm.exceptions.SCMException: Allocated 0 blocks. Requested 1 blocks
	at org.apache.hadoop.hdds.scm.protocolPB.ScmBlockLocationProtocolClientSideTranslatorPB.handleError(ScmBlockLocationProtocolClientSideTranslatorPB.java:118)
	at org.apache.hadoop.hdds.scm.protocolPB.ScmBlockLocationProtocolClientSideTranslatorPB.allocateBlock(ScmBlockLocationProtocolClientSideTranslatorPB.java:156) 
2019-09-20 08:30:49,125 [IPC Server handler 18 on 40811] INFO  block.BlockManagerImpl (BlockManagerImpl.java:allocateBlock(198)) - Could not find available pipeline of type:RATIS and factor:THREE even after retrying
2019-09-20 08:30:49,125 [IPC Server handler 5 on 40811] INFO  block.BlockManagerImpl (BlockManagerImpl.java:allocateBlock(198)) - Could not find available pipeline of type:RATIS and factor:THREE even after retrying
2019-09-20 08:30:49,125 [IPC Server handler 18 on 40811] ERROR block.BlockManagerImpl (BlockManagerImpl.java:allocateBlock(222)) - Unable to allocate a block for the size: 4194304, type: RATIS, factor: THREE
2019-09-20 08:30:49,125 [IPC Server handler 5 on 40811] ERROR block.BlockManagerImpl (BlockManagerImpl.java:allocateBlock(222)) - Unable to allocate a block for the size: 4194304, type: RATIS, factor: THREE
2019-09-20 08:30:49,126 | INFO  | SCMAudit | user=jenkins1000 | ip=192.168.34.27 | op=ALLOCATE_BLOCK {owner=044cadaa-166f-43b5-b75d-9e5e9467b032, size=4194304, type=RATIS, factor=THREE} | ret=SUCCESS |  
2019-09-20 08:30:49,126 | INFO  | SCMAudit | user=jenkins1000 | ip=192.168.34.27 | op=ALLOCATE_BLOCK {owner=044cadaa-166f-43b5-b75d-9e5e9467b032, size=4194304, type=RATIS, factor=THREE} | ret=SUCCESS |  
2019-09-20 08:30:49,126 [pool-80-thread-7] ERROR freon.RandomKeyGenerator (RandomKeyGenerator.java:createKey(724)) - Exception while adding key: key-0-50238 in bucket: bucket-3-59066 of volume: vol-0-24544.
INTERNAL_ERROR org.apache.hadoop.ozone.om.exceptions.OMException: Allocated 0 blocks. Requested 1 blocks
	at org.apache.hadoop.ozone.om.protocolPB.OzoneManagerProtocolClientSideTranslatorPB.handleError(OzoneManagerProtocolClientSideTranslatorPB.java:725)
	at org.apache.hadoop.ozone.om.protocolPB.OzoneManagerProtocolClientSideTranslatorPB.openKey(OzoneManagerProtocolClientSideTranslatorPB.java:716)
	at org.apache.hadoop.ozone.client.rpc.RpcClient.createKey(RpcClient.java:615)
	at org.apache.hadoop.ozone.client.OzoneBucket.createKey(OzoneBucket.java:323)
	at org.apache.hadoop.ozone.freon.RandomKeyGenerator.createKey(RandomKeyGenerator.java:686)
	at org.apache.hadoop.ozone.freon.RandomKeyGenerator.access$1100(RandomKeyGenerator.java:87)
	at org.apache.hadoop.ozone.freon.RandomKeyGenerator$ObjectCreator.run(RandomKeyGenerator.java:606)
	at java.util.concurrent.Executors$RunnableAdapter.call(Executors.java:511)
	at java.util.concurrent.FutureTask.run(FutureTask.java:266)
	at java.util.concurrent.ThreadPoolExecutor.runWorker(ThreadPoolExecutor.java:1149)
	at java.util.concurrent.ThreadPoolExecutor$Worker.run(ThreadPoolExecutor.java:624)
	at java.lang.Thread.run(Thread.java:748)
2019-09-20 08:30:49,126 | ERROR | OMAudit | user=jenkins1000 | ip=127.0.0.1 | op=ALLOCATE_KEY {volume=vol-1-48354, bucket=bucket-4-89912, key=key-0-17222, dataSize=10240, replicationType=RATIS, replicationFactor=THREE, keyLocationInfo=null} | ret=FAILURE | org.apache.hadoop.hdds.scm.exceptions.SCMException: Allocated 0 blocks. Requested 1 blocks
	at org.apache.hadoop.hdds.scm.protocolPB.ScmBlockLocationProtocolClientSideTranslatorPB.handleError(ScmBlockLocationProtocolClientSideTranslatorPB.java:118)
	at org.apache.hadoop.hdds.scm.protocolPB.ScmBlockLocationProtocolClientSideTranslatorPB.allocateBlock(ScmBlockLocationProtocolClientSideTranslatorPB.java:156) 
2019-09-20 08:30:49,126 | ERROR | OMAudit | user=jenkins1000 | ip=127.0.0.1 | op=ALLOCATE_KEY {volume=vol-0-24544, bucket=bucket-1-65025, key=key-0-34502, dataSize=10240, replicationType=RATIS, replicationFactor=THREE, keyLocationInfo=null} | ret=FAILURE | org.apache.hadoop.hdds.scm.exceptions.SCMException: Allocated 0 blocks. Requested 1 blocks
	at org.apache.hadoop.hdds.scm.protocolPB.ScmBlockLocationProtocolClientSideTranslatorPB.handleError(ScmBlockLocationProtocolClientSideTranslatorPB.java:118)
	at org.apache.hadoop.hdds.scm.protocolPB.ScmBlockLocationProtocolClientSideTranslatorPB.allocateBlock(ScmBlockLocationProtocolClientSideTranslatorPB.java:156) 
2019-09-20 08:30:49,127 [pool-80-thread-5] ERROR freon.RandomKeyGenerator (RandomKeyGenerator.java:createKey(724)) - Exception while adding key: key-0-17222 in bucket: bucket-4-89912 of volume: vol-1-48354.
INTERNAL_ERROR org.apache.hadoop.ozone.om.exceptions.OMException: Allocated 0 blocks. Requested 1 blocks
	at org.apache.hadoop.ozone.om.protocolPB.OzoneManagerProtocolClientSideTranslatorPB.handleError(OzoneManagerProtocolClientSideTranslatorPB.java:725)
	at org.apache.hadoop.ozone.om.protocolPB.OzoneManagerProtocolClientSideTranslatorPB.openKey(OzoneManagerProtocolClientSideTranslatorPB.java:716)
	at org.apache.hadoop.ozone.client.rpc.RpcClient.createKey(RpcClient.java:615)
	at org.apache.hadoop.ozone.client.OzoneBucket.createKey(OzoneBucket.java:323)
	at org.apache.hadoop.ozone.freon.RandomKeyGenerator.createKey(RandomKeyGenerator.java:686)
	at org.apache.hadoop.ozone.freon.RandomKeyGenerator.access$1100(RandomKeyGenerator.java:87)
	at org.apache.hadoop.ozone.freon.RandomKeyGenerator$ObjectCreator.run(RandomKeyGenerator.java:606)
	at java.util.concurrent.Executors$RunnableAdapter.call(Executors.java:511)
	at java.util.concurrent.FutureTask.run(FutureTask.java:266)
	at java.util.concurrent.ThreadPoolExecutor.runWorker(ThreadPoolExecutor.java:1149)
	at java.util.concurrent.ThreadPoolExecutor$Worker.run(ThreadPoolExecutor.java:624)
	at java.lang.Thread.run(Thread.java:748)
2019-09-20 08:30:49,127 [pool-80-thread-8] ERROR freon.RandomKeyGenerator (RandomKeyGenerator.java:createKey(724)) - Exception while adding key: key-0-34502 in bucket: bucket-1-65025 of volume: vol-0-24544.
INTERNAL_ERROR org.apache.hadoop.ozone.om.exceptions.OMException: Allocated 0 blocks. Requested 1 blocks
	at org.apache.hadoop.ozone.om.protocolPB.OzoneManagerProtocolClientSideTranslatorPB.handleError(OzoneManagerProtocolClientSideTranslatorPB.java:725)
	at org.apache.hadoop.ozone.om.protocolPB.OzoneManagerProtocolClientSideTranslatorPB.openKey(OzoneManagerProtocolClientSideTranslatorPB.java:716)
	at org.apache.hadoop.ozone.client.rpc.RpcClient.createKey(RpcClient.java:615)
	at org.apache.hadoop.ozone.client.OzoneBucket.createKey(OzoneBucket.java:323)
	at org.apache.hadoop.ozone.freon.RandomKeyGenerator.createKey(RandomKeyGenerator.java:686)
	at org.apache.hadoop.ozone.freon.RandomKeyGenerator.access$1100(RandomKeyGenerator.java:87)
	at org.apache.hadoop.ozone.freon.RandomKeyGenerator$ObjectCreator.run(RandomKeyGenerator.java:606)
	at java.util.concurrent.Executors$RunnableAdapter.call(Executors.java:511)
	at java.util.concurrent.FutureTask.run(FutureTask.java:266)
	at java.util.concurrent.ThreadPoolExecutor.runWorker(ThreadPoolExecutor.java:1149)
	at java.util.concurrent.ThreadPoolExecutor$Worker.run(ThreadPoolExecutor.java:624)
	at java.lang.Thread.run(Thread.java:748)
2019-09-20 08:30:49,353 | INFO  | SCMAudit | user=jenkins1000 | ip=192.168.34.27 | op=SEND_HEARTBEAT {datanodeUUID=d2c36bd8-bad5-464c-8c6b-b124cc016412, command=[]} | ret=SUCCESS |  
2019-09-20 08:30:49,438 | INFO  | SCMAudit | user=jenkins1000 | ip=192.168.34.27 | op=SEND_HEARTBEAT {datanodeUUID=e1a187e5-d89a-47f2-b2bd-c6db4da75c05, command=[]} | ret=SUCCESS |  
2019-09-20 08:30:49,438 | INFO  | SCMAudit | user=jenkins1000 | ip=192.168.34.27 | op=SEND_HEARTBEAT {datanodeUUID=6f5cd177-0d50-44f5-9dda-f28331356997, command=[]} | ret=SUCCESS |  
2019-09-20 08:30:49,749 | INFO  | SCMAudit | user=jenkins1000 | ip=192.168.34.27 | op=SEND_HEARTBEAT {datanodeUUID=c8a425d5-130a-4202-9db9-9fe847e02d96, command=[]} | ret=SUCCESS |  
2019-09-20 08:30:49,940 | INFO  | SCMAudit | user=jenkins1000 | ip=192.168.34.27 | op=SEND_HEARTBEAT {datanodeUUID=4e3bae72-6dec-40bd-99be-7c75f0b44aae, command=[]} | ret=SUCCESS |  
 0.00% |█                                                                                                    |  0/100 Time: 0:00:012019-09-20 08:30:50,353 | INFO  | SCMAudit | user=jenkins1000 | ip=192.168.34.27 | op=SEND_HEARTBEAT {datanodeUUID=d2c36bd8-bad5-464c-8c6b-b124cc016412, command=[]} | ret=SUCCESS |  
2019-09-20 08:30:50,438 | INFO  | SCMAudit | user=jenkins1000 | ip=192.168.34.27 | op=SEND_HEARTBEAT {datanodeUUID=6f5cd177-0d50-44f5-9dda-f28331356997, command=[]} | ret=SUCCESS |  
2019-09-20 08:30:50,438 | INFO  | SCMAudit | user=jenkins1000 | ip=192.168.34.27 | op=SEND_HEARTBEAT {datanodeUUID=e1a187e5-d89a-47f2-b2bd-c6db4da75c05, command=[]} | ret=SUCCESS |  
2019-09-20 08:30:50,749 | INFO  | SCMAudit | user=jenkins1000 | ip=192.168.34.27 | op=SEND_HEARTBEAT {datanodeUUID=c8a425d5-130a-4202-9db9-9fe847e02d96, command=[]} | ret=SUCCESS |  
2019-09-20 08:30:50,941 | INFO  | SCMAudit | user=jenkins1000 | ip=192.168.34.27 | op=SEND_HEARTBEAT {datanodeUUID=4e3bae72-6dec-40bd-99be-7c75f0b44aae, command=[]} | ret=SUCCESS |  
 0.00% |█                                                                                                    |  0/100 Time: 0:00:022019-09-20 08:30:51,354 | INFO  | SCMAudit | user=jenkins1000 | ip=192.168.34.27 | op=SEND_HEARTBEAT {datanodeUUID=d2c36bd8-bad5-464c-8c6b-b124cc016412, command=[]} | ret=SUCCESS |  
2019-09-20 08:30:51,438 | INFO  | SCMAudit | user=jenkins1000 | ip=192.168.34.27 | op=SEND_HEARTBEAT {datanodeUUID=e1a187e5-d89a-47f2-b2bd-c6db4da75c05, command=[]} | ret=SUCCESS |  
2019-09-20 08:30:51,438 | INFO  | SCMAudit | user=jenkins1000 | ip=192.168.34.27 | op=SEND_HEARTBEAT {datanodeUUID=6f5cd177-0d50-44f5-9dda-f28331356997, command=[]} | ret=SUCCESS |  
2019-09-20 08:30:51,749 | INFO  | SCMAudit | user=jenkins1000 | ip=192.168.34.27 | op=SEND_HEARTBEAT {datanodeUUID=c8a425d5-130a-4202-9db9-9fe847e02d96, command=[]} | ret=SUCCESS |  
2019-09-20 08:30:51,941 | INFO  | SCMAudit | user=jenkins1000 | ip=192.168.34.27 | op=SEND_HEARTBEAT {datanodeUUID=4e3bae72-6dec-40bd-99be-7c75f0b44aae, command=[]} | ret=SUCCESS |  
 0.00% |█                                                                                                    |  0/100 Time: 0:00:032019-09-20 08:30:52,353 | INFO  | SCMAudit | user=jenkins1000 | ip=192.168.34.27 | op=SEND_HEARTBEAT {datanodeUUID=d2c36bd8-bad5-464c-8c6b-b124cc016412, command=[]} | ret=SUCCESS |  
2019-09-20 08:30:52,439 | INFO  | SCMAudit | user=jenkins1000 | ip=192.168.34.27 | op=SEND_HEARTBEAT {datanodeUUID=6f5cd177-0d50-44f5-9dda-f28331356997, command=[]} | ret=SUCCESS |  
2019-09-20 08:30:52,439 | INFO  | SCMAudit | user=jenkins1000 | ip=192.168.34.27 | op=SEND_HEARTBEAT {datanodeUUID=e1a187e5-d89a-47f2-b2bd-c6db4da75c05, command=[]} | ret=SUCCESS |  
2019-09-20 08:30:52,749 | INFO  | SCMAudit | user=jenkins1000 | ip=192.168.34.27 | op=SEND_HEARTBEAT {datanodeUUID=c8a425d5-130a-4202-9db9-9fe847e02d96, command=[]} | ret=SUCCESS |  
2019-09-20 08:30:52,942 | INFO  | SCMAudit | user=jenkins1000 | ip=192.168.34.27 | op=SEND_HEARTBEAT {datanodeUUID=4e3bae72-6dec-40bd-99be-7c75f0b44aae, command=[]} | ret=SUCCESS |  
 0.00% |█                                                                                                    |  0/100 Time: 0:00:042019-09-20 08:30:53,353 | INFO  | SCMAudit | user=jenkins1000 | ip=192.168.34.27 | op=SEND_HEARTBEAT {datanodeUUID=d2c36bd8-bad5-464c-8c6b-b124cc016412, command=[]} | ret=SUCCESS |  
2019-09-20 08:30:53,438 | INFO  | SCMAudit | user=jenkins1000 | ip=192.168.34.27 | op=SEND_HEARTBEAT {datanodeUUID=e1a187e5-d89a-47f2-b2bd-c6db4da75c05, command=[]} | ret=SUCCESS |  
2019-09-20 08:30:53,438 | INFO  | SCMAudit | user=jenkins1000 | ip=192.168.34.27 | op=SEND_HEARTBEAT {datanodeUUID=6f5cd177-0d50-44f5-9dda-f28331356997, command=[]} | ret=SUCCESS |  
2019-09-20 08:30:53,750 | INFO  | SCMAudit | user=jenkins1000 | ip=192.168.34.27 | op=SEND_HEARTBEAT {datanodeUUID=c8a425d5-130a-4202-9db9-9fe847e02d96, command=[]} | ret=SUCCESS |  
2019-09-20 08:30:53,943 | INFO  | SCMAudit | user=jenkins1000 | ip=192.168.34.27 | op=SEND_HEARTBEAT {datanodeUUID=4e3bae72-6dec-40bd-99be-7c75f0b44aae, command=[]} | ret=SUCCESS |  
 100.00% |█████████████████████████████████████████████████████████████████████████████████████████████████████|  100/100 Time: 0:00:05
2019-09-20 08:30:54,354 | INFO  | SCMAudit | user=jenkins1000 | ip=192.168.34.27 | op=SEND_HEARTBEAT {datanodeUUID=d2c36bd8-bad5-464c-8c6b-b124cc016412, command=[]} | ret=SUCCESS |  
2019-09-20 08:30:54,438 | INFO  | SCMAudit | user=jenkins1000 | ip=192.168.34.27 | op=SEND_HEARTBEAT {datanodeUUID=e1a187e5-d89a-47f2-b2bd-c6db4da75c05, command=[]} | ret=SUCCESS |  
2019-09-20 08:30:54,438 | INFO  | SCMAudit | user=jenkins1000 | ip=192.168.34.27 | op=SEND_HEARTBEAT {datanodeUUID=6f5cd177-0d50-44f5-9dda-f28331356997, command=[]} | ret=SUCCESS |  
2019-09-20 08:30:54,749 | INFO  | SCMAudit | user=jenkins1000 | ip=192.168.34.27 | op=SEND_HEARTBEAT {datanodeUUID=c8a425d5-130a-4202-9db9-9fe847e02d96, command=[]} | ret=SUCCESS |  
2019-09-20 08:30:54,942 | INFO  | SCMAudit | user=jenkins1000 | ip=192.168.34.27 | op=SEND_HEARTBEAT {datanodeUUID=4e3bae72-6dec-40bd-99be-7c75f0b44aae, command=[]} | ret=SUCCESS |  
2019-09-20 08:30:55,353 | INFO  | SCMAudit | user=jenkins1000 | ip=192.168.34.27 | op=SEND_HEARTBEAT {datanodeUUID=d2c36bd8-bad5-464c-8c6b-b124cc016412, command=[]} | ret=SUCCESS |  
2019-09-20 08:30:55,438 | INFO  | SCMAudit | user=jenkins1000 | ip=192.168.34.27 | op=SEND_HEARTBEAT {datanodeUUID=6f5cd177-0d50-44f5-9dda-f28331356997, command=[]} | ret=SUCCESS |  
2019-09-20 08:30:55,438 | INFO  | SCMAudit | user=jenkins1000 | ip=192.168.34.27 | op=SEND_HEARTBEAT {datanodeUUID=e1a187e5-d89a-47f2-b2bd-c6db4da75c05, command=[]} | ret=SUCCESS |  
2019-09-20 08:30:55,749 | INFO  | SCMAudit | user=jenkins1000 | ip=192.168.34.27 | op=SEND_HEARTBEAT {datanodeUUID=c8a425d5-130a-4202-9db9-9fe847e02d96, command=[]} | ret=SUCCESS |  
2019-09-20 08:30:55,943 | INFO  | SCMAudit | user=jenkins1000 | ip=192.168.34.27 | op=SEND_HEARTBEAT {datanodeUUID=4e3bae72-6dec-40bd-99be-7c75f0b44aae, command=[]} | ret=SUCCESS |  
2019-09-20 08:30:56,353 | INFO  | SCMAudit | user=jenkins1000 | ip=192.168.34.27 | op=SEND_HEARTBEAT {datanodeUUID=d2c36bd8-bad5-464c-8c6b-b124cc016412, command=[]} | ret=SUCCESS |  
2019-09-20 08:30:56,438 | INFO  | SCMAudit | user=jenkins1000 | ip=192.168.34.27 | op=SEND_HEARTBEAT {datanodeUUID=6f5cd177-0d50-44f5-9dda-f28331356997, command=[]} | ret=SUCCESS |  
2019-09-20 08:30:56,439 | INFO  | SCMAudit | user=jenkins1000 | ip=192.168.34.27 | op=SEND_HEARTBEAT {datanodeUUID=e1a187e5-d89a-47f2-b2bd-c6db4da75c05, command=[]} | ret=SUCCESS |  
2019-09-20 08:30:56,749 | INFO  | SCMAudit | user=jenkins1000 | ip=192.168.34.27 | op=SEND_HEARTBEAT {datanodeUUID=c8a425d5-130a-4202-9db9-9fe847e02d96, command=[]} | ret=SUCCESS |  
2019-09-20 08:30:56,943 | INFO  | SCMAudit | user=jenkins1000 | ip=192.168.34.27 | op=SEND_HEARTBEAT {datanodeUUID=4e3bae72-6dec-40bd-99be-7c75f0b44aae, command=[]} | ret=SUCCESS |  
2019-09-20 08:30:57,353 | INFO  | SCMAudit | user=jenkins1000 | ip=192.168.34.27 | op=SEND_HEARTBEAT {datanodeUUID=d2c36bd8-bad5-464c-8c6b-b124cc016412, command=[]} | ret=SUCCESS |  
2019-09-20 08:30:57,438 | INFO  | SCMAudit | user=jenkins1000 | ip=192.168.34.27 | op=SEND_HEARTBEAT {datanodeUUID=6f5cd177-0d50-44f5-9dda-f28331356997, command=[]} | ret=SUCCESS |  
2019-09-20 08:30:57,439 | INFO  | SCMAudit | user=jenkins1000 | ip=192.168.34.27 | op=SEND_HEARTBEAT {datanodeUUID=e1a187e5-d89a-47f2-b2bd-c6db4da75c05, command=[]} | ret=SUCCESS |  
2019-09-20 08:30:57,749 | INFO  | SCMAudit | user=jenkins1000 | ip=192.168.34.27 | op=SEND_HEARTBEAT {datanodeUUID=c8a425d5-130a-4202-9db9-9fe847e02d96, command=[]} | ret=SUCCESS |  
2019-09-20 08:30:57,943 | INFO  | SCMAudit | user=jenkins1000 | ip=192.168.34.27 | op=SEND_HEARTBEAT {datanodeUUID=4e3bae72-6dec-40bd-99be-7c75f0b44aae, command=[]} | ret=SUCCESS |  
2019-09-20 08:30:58,353 | INFO  | SCMAudit | user=jenkins1000 | ip=192.168.34.27 | op=SEND_HEARTBEAT {datanodeUUID=d2c36bd8-bad5-464c-8c6b-b124cc016412, command=[]} | ret=SUCCESS |  
2019-09-20 08:30:58,438 | INFO  | SCMAudit | user=jenkins1000 | ip=192.168.34.27 | op=SEND_HEARTBEAT {datanodeUUID=6f5cd177-0d50-44f5-9dda-f28331356997, command=[]} | ret=SUCCESS |  
2019-09-20 08:30:58,439 | INFO  | SCMAudit | user=jenkins1000 | ip=192.168.34.27 | op=SEND_HEARTBEAT {datanodeUUID=e1a187e5-d89a-47f2-b2bd-c6db4da75c05, command=[]} | ret=SUCCESS |  
2019-09-20 08:30:58,749 | INFO  | SCMAudit | user=jenkins1000 | ip=192.168.34.27 | op=SEND_HEARTBEAT {datanodeUUID=c8a425d5-130a-4202-9db9-9fe847e02d96, command=[]} | ret=SUCCESS |  
2019-09-20 08:30:58,944 | INFO  | SCMAudit | user=jenkins1000 | ip=192.168.34.27 | op=SEND_HEARTBEAT {datanodeUUID=4e3bae72-6dec-40bd-99be-7c75f0b44aae, command=[]} | ret=SUCCESS |  
]]></system-out>
  </testcase>
</testsuite>